<?xml version="1.0" encoding="UTF-8"?>
<testsuite xmlns:xsi="http://www.w3.org/2001/XMLSchema-instance" xsi:noNamespaceSchemaLocation="https://maven.apache.org/surefire/maven-surefire-plugin/xsd/surefire-test-report.xsd" name="org.apache.hadoop.ozone.client.rpc.TestWatchForCommit" time="222.849" tests="5" errors="1" skipped="0" failures="1">
  <properties>
    <property name="awt.toolkit" value="sun.awt.X11.XToolkit"/>
    <property name="file.encoding.pkg" value="sun.io"/>
    <property name="java.specification.version" value="1.8"/>
    <property name="sun.cpu.isalist" value=""/>
    <property name="sun.jnu.encoding" value="UTF-8"/>
    <property name="java.class.path" value="/workdir/hadoop-ozone/integration-test/target/test-classes:/workdir/hadoop-ozone/integration-test/target/classes:/home/user/.m2/repository/org/apache/hadoop/hadoop-ozone-common/0.5.0-SNAPSHOT/hadoop-ozone-common-0.5.0-SNAPSHOT.jar:/home/user/.m2/repository/org/apache/commons/commons-compress/1.4.1/commons-compress-1.4.1.jar:/home/user/.m2/repository/org/tukaani/xz/1.0/xz-1.0.jar:/home/user/.m2/repository/org/apache/hadoop/hadoop-common/3.2.0/hadoop-common-3.2.0.jar:/home/user/.m2/repository/org/apache/hadoop/hadoop-hdfs/3.2.0/hadoop-hdfs-3.2.0.jar:/home/user/.m2/repository/org/apache/hadoop/hadoop-hdfs-client/3.2.0/hadoop-hdfs-client-3.2.0.jar:/home/user/.m2/repository/com/fasterxml/jackson/core/jackson-annotations/2.9.9/jackson-annotations-2.9.9.jar:/home/user/.m2/repository/org/apache/hadoop/hadoop-hdds-common/0.5.0-SNAPSHOT/hadoop-hdds-common-0.5.0-SNAPSHOT.jar:/home/user/.m2/repository/javax/annotation/javax.annotation-api/1.2/javax.annotation-api-1.2.jar:/home/user/.m2/repository/org/apache/ratis/ratis-server/0.5.0-201fc85-SNAPSHOT/ratis-server-0.5.0-201fc85-SNAPSHOT.jar:/home/user/.m2/repository/org/apache/ratis/ratis-thirdparty-misc/0.2.0/ratis-thirdparty-misc-0.2.0.jar:/home/user/.m2/repository/org/apache/ratis/ratis-proto/0.5.0-201fc85-SNAPSHOT/ratis-proto-0.5.0-201fc85-SNAPSHOT.jar:/home/user/.m2/repository/org/apache/ratis/ratis-common/0.5.0-201fc85-SNAPSHOT/ratis-common-0.5.0-201fc85-SNAPSHOT.jar:/home/user/.m2/repository/org/apache/ratis/ratis-client/0.5.0-201fc85-SNAPSHOT/ratis-client-0.5.0-201fc85-SNAPSHOT.jar:/home/user/.m2/repository/org/apache/ratis/ratis-metrics/0.5.0-201fc85-SNAPSHOT/ratis-metrics-0.5.0-201fc85-SNAPSHOT.jar:/home/user/.m2/repository/com/github/joshelser/dropwizard-metrics-hadoop-metrics2-reporter/0.1.2/dropwizard-metrics-hadoop-metrics2-reporter-0.1.2.jar:/home/user/.m2/repository/io/dropwizard/metrics/metrics-jvm/3.2.5/metrics-jvm-3.2.5.jar:/home/user/.m2/repository/io/dropwizard/metrics/metrics-ganglia/3.2.5/metrics-ganglia-3.2.5.jar:/home/user/.m2/repository/info/ganglia/gmetric4j/gmetric4j/1.0.7/gmetric4j-1.0.7.jar:/home/user/.m2/repository/org/apache/ratis/ratis-netty/0.5.0-201fc85-SNAPSHOT/ratis-netty-0.5.0-201fc85-SNAPSHOT.jar:/home/user/.m2/repository/org/apache/ratis/ratis-grpc/0.5.0-201fc85-SNAPSHOT/ratis-grpc-0.5.0-201fc85-SNAPSHOT.jar:/home/user/.m2/repository/org/rocksdb/rocksdbjni/6.0.1/rocksdbjni-6.0.1.jar:/home/user/.m2/repository/org/apache/logging/log4j/log4j-api/2.11.0/log4j-api-2.11.0.jar:/home/user/.m2/repository/org/apache/logging/log4j/log4j-core/2.11.0/log4j-core-2.11.0.jar:/home/user/.m2/repository/com/lmax/disruptor/3.4.2/disruptor-3.4.2.jar:/home/user/.m2/repository/org/apache/commons/commons-pool2/2.6.0/commons-pool2-2.6.0.jar:/home/user/.m2/repository/org/bouncycastle/bcpkix-jdk15on/1.60/bcpkix-jdk15on-1.60.jar:/home/user/.m2/repository/commons-validator/commons-validator/1.6/commons-validator-1.6.jar:/home/user/.m2/repository/commons-digester/commons-digester/1.8.1/commons-digester-1.8.1.jar:/home/user/.m2/repository/io/jaegertracing/jaeger-client/0.34.0/jaeger-client-0.34.0.jar:/home/user/.m2/repository/io/jaegertracing/jaeger-thrift/0.34.0/jaeger-thrift-0.34.0.jar:/home/user/.m2/repository/org/apache/thrift/libthrift/0.12.0/libthrift-0.12.0.jar:/home/user/.m2/repository/com/squareup/okhttp3/okhttp/3.9.0/okhttp-3.9.0.jar:/home/user/.m2/repository/com/squareup/okio/okio/1.13.0/okio-1.13.0.jar:/home/user/.m2/repository/io/jaegertracing/jaeger-core/0.34.0/jaeger-core-0.34.0.jar:/home/user/.m2/repository/io/jaegertracing/jaeger-tracerresolver/0.34.0/jaeger-tracerresolver-0.34.0.jar:/home/user/.m2/repository/io/opentracing/contrib/opentracing-tracerresolver/0.1.5/opentracing-tracerresolver-0.1.5.jar:/home/user/.m2/repository/io/opentracing/opentracing-util/0.31.0/opentracing-util-0.31.0.jar:/home/user/.m2/repository/io/opentracing/opentracing-api/0.31.0/opentracing-api-0.31.0.jar:/home/user/.m2/repository/io/opentracing/opentracing-noop/0.31.0/opentracing-noop-0.31.0.jar:/home/user/.m2/repository/org/apache/hadoop/hadoop-hdds-server-framework/0.5.0-SNAPSHOT/hadoop-hdds-server-framework-0.5.0-SNAPSHOT.jar:/home/user/.m2/repository/org/apache/hadoop/hadoop-hdds-container-service/0.5.0-SNAPSHOT/hadoop-hdds-container-service-0.5.0-SNAPSHOT.jar:/home/user/.m2/repository/org/apache/hadoop/hadoop-hdds-client/0.5.0-SNAPSHOT/hadoop-hdds-client-0.5.0-SNAPSHOT.jar:/home/user/.m2/repository/org/apache/hadoop/hadoop-hdds-tools/0.5.0-SNAPSHOT/hadoop-hdds-tools-0.5.0-SNAPSHOT.jar:/home/user/.m2/repository/org/apache/hadoop/hadoop-hdds-server-scm/0.5.0-SNAPSHOT/hadoop-hdds-server-scm-0.5.0-SNAPSHOT.jar:/home/user/.m2/repository/org/apache/hadoop/hadoop-hdds-docs/0.5.0-SNAPSHOT/hadoop-hdds-docs-0.5.0-SNAPSHOT.jar:/home/user/.m2/repository/io/dropwizard/metrics/metrics-core/3.2.4/metrics-core-3.2.4.jar:/home/user/.m2/repository/org/hamcrest/hamcrest-all/1.3/hamcrest-all-1.3.jar:/home/user/.m2/repository/org/bouncycastle/bcprov-jdk15on/1.60/bcprov-jdk15on-1.60.jar:/home/user/.m2/repository/info/picocli/picocli/3.9.6/picocli-3.9.6.jar:/home/user/.m2/repository/com/google/protobuf/protobuf-java/2.5.0/protobuf-java-2.5.0.jar:/home/user/.m2/repository/com/google/guava/guava/11.0.2/guava-11.0.2.jar:/home/user/.m2/repository/org/apache/hadoop/hadoop-ozone-ozone-manager/0.5.0-SNAPSHOT/hadoop-ozone-ozone-manager-0.5.0-SNAPSHOT.jar:/home/user/.m2/repository/org/apache/hadoop/hadoop-minikdc/3.2.0/hadoop-minikdc-3.2.0.jar:/home/user/.m2/repository/commons-io/commons-io/2.5/commons-io-2.5.jar:/home/user/.m2/repository/org/apache/kerby/kerb-simplekdc/1.0.1/kerb-simplekdc-1.0.1.jar:/home/user/.m2/repository/org/apache/kerby/kerb-client/1.0.1/kerb-client-1.0.1.jar:/home/user/.m2/repository/org/apache/kerby/kerby-config/1.0.1/kerby-config-1.0.1.jar:/home/user/.m2/repository/org/apache/kerby/kerb-core/1.0.1/kerb-core-1.0.1.jar:/home/user/.m2/repository/org/apache/kerby/kerby-pkix/1.0.1/kerby-pkix-1.0.1.jar:/home/user/.m2/repository/org/apache/kerby/kerby-asn1/1.0.1/kerby-asn1-1.0.1.jar:/home/user/.m2/repository/org/apache/kerby/kerby-util/1.0.1/kerby-util-1.0.1.jar:/home/user/.m2/repository/org/apache/kerby/kerb-common/1.0.1/kerb-common-1.0.1.jar:/home/user/.m2/repository/org/apache/kerby/kerb-crypto/1.0.1/kerb-crypto-1.0.1.jar:/home/user/.m2/repository/org/apache/kerby/kerb-util/1.0.1/kerb-util-1.0.1.jar:/home/user/.m2/repository/org/apache/kerby/token-provider/1.0.1/token-provider-1.0.1.jar:/home/user/.m2/repository/org/apache/kerby/kerb-admin/1.0.1/kerb-admin-1.0.1.jar:/home/user/.m2/repository/org/apache/kerby/kerb-server/1.0.1/kerb-server-1.0.1.jar:/home/user/.m2/repository/org/apache/kerby/kerb-identity/1.0.1/kerb-identity-1.0.1.jar:/home/user/.m2/repository/org/apache/kerby/kerby-xdr/1.0.1/kerby-xdr-1.0.1.jar:/home/user/.m2/repository/org/slf4j/slf4j-log4j12/1.7.25/slf4j-log4j12-1.7.25.jar:/home/user/.m2/repository/org/apache/hadoop/hadoop-ozone-s3gateway/0.5.0-SNAPSHOT/hadoop-ozone-s3gateway-0.5.0-SNAPSHOT.jar:/home/user/.m2/repository/org/jboss/weld/servlet/weld-servlet/2.4.7.Final/weld-servlet-2.4.7.Final.jar:/home/user/.m2/repository/org/glassfish/jersey/containers/jersey-container-servlet-core/2.27/jersey-container-servlet-core-2.27.jar:/home/user/.m2/repository/org/glassfish/hk2/external/javax.inject/2.5.0-b42/javax.inject-2.5.0-b42.jar:/home/user/.m2/repository/org/glassfish/jersey/core/jersey-common/2.27/jersey-common-2.27.jar:/home/user/.m2/repository/org/glassfish/hk2/osgi-resource-locator/1.0.1/osgi-resource-locator-1.0.1.jar:/home/user/.m2/repository/javax/ws/rs/javax.ws.rs-api/2.1/javax.ws.rs-api-2.1.jar:/home/user/.m2/repository/org/glassfish/jersey/ext/cdi/jersey-cdi1x/2.27/jersey-cdi1x-2.27.jar:/home/user/.m2/repository/org/glassfish/jersey/inject/jersey-hk2/2.27/jersey-hk2-2.27.jar:/home/user/.m2/repository/org/glassfish/hk2/hk2-locator/2.5.0-b42/hk2-locator-2.5.0-b42.jar:/home/user/.m2/repository/org/javassist/javassist/3.22.0-CR2/javassist-3.22.0-CR2.jar:/home/user/.m2/repository/org/glassfish/hk2/hk2-api/2.5.0/hk2-api-2.5.0.jar:/home/user/.m2/repository/org/glassfish/hk2/external/jakarta.inject/2.5.0/jakarta.inject-2.5.0.jar:/home/user/.m2/repository/org/glassfish/hk2/hk2-utils/2.5.0/hk2-utils-2.5.0.jar:/home/user/.m2/repository/jakarta/annotation/jakarta.annotation-api/1.3.4/jakarta.annotation-api-1.3.4.jar:/home/user/.m2/repository/org/glassfish/hk2/external/aopalliance-repackaged/2.5.0/aopalliance-repackaged-2.5.0.jar:/home/user/.m2/repository/com/fasterxml/jackson/dataformat/jackson-dataformat-xml/2.9.0/jackson-dataformat-xml-2.9.0.jar:/home/user/.m2/repository/com/fasterxml/jackson/core/jackson-core/2.9.9/jackson-core-2.9.9.jar:/home/user/.m2/repository/com/fasterxml/jackson/module/jackson-module-jaxb-annotations/2.9.9/jackson-module-jaxb-annotations-2.9.9.jar:/home/user/.m2/repository/javax/enterprise/cdi-api/1.2/cdi-api-1.2.jar:/home/user/.m2/repository/javax/el/javax.el-api/3.0.0/javax.el-api-3.0.0.jar:/home/user/.m2/repository/javax/interceptor/javax.interceptor-api/1.2/javax.interceptor-api-1.2.jar:/home/user/.m2/repository/javax/inject/javax.inject/1/javax.inject-1.jar:/home/user/.m2/repository/com/sun/xml/bind/jaxb-impl/2.3.0.1/jaxb-impl-2.3.0.1.jar:/home/user/.m2/repository/com/sun/xml/bind/jaxb-core/2.3.0.1/jaxb-core-2.3.0.1.jar:/home/user/.m2/repository/javax/xml/bind/jaxb-api/2.3.0/jaxb-api-2.3.0.jar:/home/user/.m2/repository/javax/activation/activation/1.1.1/activation-1.1.1.jar:/home/user/.m2/repository/org/apache/hadoop/hadoop-ozone-csi/0.5.0-SNAPSHOT/hadoop-ozone-csi-0.5.0-SNAPSHOT.jar:/home/user/.m2/repository/com/google/protobuf/protobuf-java-util/3.5.1/protobuf-java-util-3.5.1.jar:/home/user/.m2/repository/org/apache/hadoop/hadoop-hdds-config/0.5.0-SNAPSHOT/hadoop-hdds-config-0.5.0-SNAPSHOT.jar:/home/user/.m2/repository/io/grpc/grpc-netty/1.17.1/grpc-netty-1.17.1.jar:/home/user/.m2/repository/io/grpc/grpc-core/1.17.1/grpc-core-1.17.1.jar:/home/user/.m2/repository/io/grpc/grpc-context/1.17.1/grpc-context-1.17.1.jar:/home/user/.m2/repository/com/google/errorprone/error_prone_annotations/2.2.0/error_prone_annotations-2.2.0.jar:/home/user/.m2/repository/org/codehaus/mojo/animal-sniffer-annotations/1.17/animal-sniffer-annotations-1.17.jar:/home/user/.m2/repository/io/opencensus/opencensus-api/0.17.0/opencensus-api-0.17.0.jar:/home/user/.m2/repository/io/opencensus/opencensus-contrib-grpc-metrics/0.17.0/opencensus-contrib-grpc-metrics-0.17.0.jar:/home/user/.m2/repository/io/netty/netty-codec-http2/4.1.30.Final/netty-codec-http2-4.1.30.Final.jar:/home/user/.m2/repository/io/netty/netty-codec-http/4.1.30.Final/netty-codec-http-4.1.30.Final.jar:/home/user/.m2/repository/io/netty/netty-codec/4.1.30.Final/netty-codec-4.1.30.Final.jar:/home/user/.m2/repository/io/netty/netty-handler/4.1.30.Final/netty-handler-4.1.30.Final.jar:/home/user/.m2/repository/io/netty/netty-handler-proxy/4.1.30.Final/netty-handler-proxy-4.1.30.Final.jar:/home/user/.m2/repository/io/netty/netty-codec-socks/4.1.30.Final/netty-codec-socks-4.1.30.Final.jar:/home/user/.m2/repository/io/netty/netty-transport-native-epoll/4.1.30.Final/netty-transport-native-epoll-4.1.30.Final.jar:/home/user/.m2/repository/io/netty/netty-common/4.1.30.Final/netty-common-4.1.30.Final.jar:/home/user/.m2/repository/io/netty/netty-buffer/4.1.30.Final/netty-buffer-4.1.30.Final.jar:/home/user/.m2/repository/io/netty/netty-transport/4.1.30.Final/netty-transport-4.1.30.Final.jar:/home/user/.m2/repository/io/netty/netty-resolver/4.1.30.Final/netty-resolver-4.1.30.Final.jar:/home/user/.m2/repository/io/netty/netty-transport-native-unix-common/4.1.30.Final/netty-transport-native-unix-common-4.1.30.Final.jar:/home/user/.m2/repository/io/grpc/grpc-protobuf/1.17.1/grpc-protobuf-1.17.1.jar:/home/user/.m2/repository/com/google/api/grpc/proto-google-common-protos/1.0.0/proto-google-common-protos-1.0.0.jar:/home/user/.m2/repository/io/grpc/grpc-protobuf-lite/1.17.1/grpc-protobuf-lite-1.17.1.jar:/home/user/.m2/repository/io/grpc/grpc-stub/1.17.1/grpc-stub-1.17.1.jar:/home/user/.m2/repository/org/apache/hadoop/hadoop-ozone-recon/0.5.0-SNAPSHOT/hadoop-ozone-recon-0.5.0-SNAPSHOT.jar:/home/user/.m2/repository/org/apache/hadoop/hadoop-ozone-reconcodegen/0.5.0-SNAPSHOT/hadoop-ozone-reconcodegen-0.5.0-SNAPSHOT.jar:/home/user/.m2/repository/com/google/inject/extensions/guice-multibindings/4.0/guice-multibindings-4.0.jar:/home/user/.m2/repository/com/google/inject/guice/4.0/guice-4.0.jar:/home/user/.m2/repository/aopalliance/aopalliance/1.0/aopalliance-1.0.jar:/home/user/.m2/repository/com/google/inject/extensions/guice-servlet/4.0/guice-servlet-4.0.jar:/home/user/.m2/repository/org/glassfish/jersey/containers/jersey-container-servlet/2.27/jersey-container-servlet-2.27.jar:/home/user/.m2/repository/org/glassfish/hk2/guice-bridge/2.5.0/guice-bridge-2.5.0.jar:/home/user/.m2/repository/org/glassfish/jersey/core/jersey-server/2.27/jersey-server-2.27.jar:/home/user/.m2/repository/org/glassfish/jersey/core/jersey-client/2.27/jersey-client-2.27.jar:/home/user/.m2/repository/org/glassfish/jersey/media/jersey-media-jaxb/2.27/jersey-media-jaxb-2.27.jar:/home/user/.m2/repository/javax/validation/validation-api/1.1.0.Final/validation-api-1.1.0.Final.jar:/home/user/.m2/repository/org/glassfish/jersey/media/jersey-media-json-jackson/2.27/jersey-media-json-jackson-2.27.jar:/home/user/.m2/repository/org/glassfish/jersey/ext/jersey-entity-filtering/2.27/jersey-entity-filtering-2.27.jar:/home/user/.m2/repository/com/google/inject/extensions/guice-assistedinject/4.0/guice-assistedinject-4.0.jar:/home/user/.m2/repository/org/jooq/jooq/3.11.10/jooq-3.11.10.jar:/home/user/.m2/repository/org/jooq/jooq-meta/3.11.10/jooq-meta-3.11.10.jar:/home/user/.m2/repository/org/jooq/jooq-codegen/3.11.10/jooq-codegen-3.11.10.jar:/home/user/.m2/repository/com/jolbox/bonecp/0.8.0.RELEASE/bonecp-0.8.0.RELEASE.jar:/home/user/.m2/repository/org/xerial/sqlite-jdbc/3.25.2/sqlite-jdbc-3.25.2.jar:/home/user/.m2/repository/org/springframework/spring-jdbc/5.1.3.RELEASE/spring-jdbc-5.1.3.RELEASE.jar:/home/user/.m2/repository/org/springframework/spring-beans/5.1.3.RELEASE/spring-beans-5.1.3.RELEASE.jar:/home/user/.m2/repository/org/springframework/spring-core/5.1.3.RELEASE/spring-core-5.1.3.RELEASE.jar:/home/user/.m2/repository/org/springframework/spring-jcl/5.1.3.RELEASE/spring-jcl-5.1.3.RELEASE.jar:/home/user/.m2/repository/org/springframework/spring-tx/5.1.3.RELEASE/spring-tx-5.1.3.RELEASE.jar:/home/user/.m2/repository/org/apache/hadoop/hadoop-ozone-client/0.5.0-SNAPSHOT/hadoop-ozone-client-0.5.0-SNAPSHOT.jar:/home/user/.m2/repository/commons-lang/commons-lang/2.6/commons-lang-2.6.jar:/home/user/.m2/repository/org/apache/hadoop/hadoop-ozone-ozone-manager/0.5.0-SNAPSHOT/hadoop-ozone-ozone-manager-0.5.0-SNAPSHOT-tests.jar:/home/user/.m2/repository/junit/junit/4.11/junit-4.11.jar:/home/user/.m2/repository/org/hamcrest/hamcrest-core/1.3/hamcrest-core-1.3.jar:/home/user/.m2/repository/org/openjdk/jmh/jmh-core/1.19/jmh-core-1.19.jar:/home/user/.m2/repository/net/sf/jopt-simple/jopt-simple/4.6/jopt-simple-4.6.jar:/home/user/.m2/repository/org/apache/commons/commons-math3/3.1.1/commons-math3-3.1.1.jar:/home/user/.m2/repository/org/openjdk/jmh/jmh-generator-annprocess/1.19/jmh-generator-annprocess-1.19.jar:/home/user/.m2/repository/org/mockito/mockito-all/1.8.5/mockito-all-1.8.5.jar:/home/user/.m2/repository/org/apache/hadoop/hadoop-kms/3.2.0/hadoop-kms-3.2.0.jar:/home/user/.m2/repository/org/apache/hadoop/hadoop-auth/3.2.0/hadoop-auth-3.2.0.jar:/home/user/.m2/repository/com/nimbusds/nimbus-jose-jwt/4.41.1/nimbus-jose-jwt-4.41.1.jar:/home/user/.m2/repository/com/github/stephenc/jcip/jcip-annotations/1.0-1/jcip-annotations-1.0-1.jar:/home/user/.m2/repository/net/minidev/json-smart/2.3/json-smart-2.3.jar:/home/user/.m2/repository/net/minidev/accessors-smart/1.2/accessors-smart-1.2.jar:/home/user/.m2/repository/org/ow2/asm/asm/5.0.4/asm-5.0.4.jar:/home/user/.m2/repository/org/apache/curator/curator-framework/2.12.0/curator-framework-2.12.0.jar:/home/user/.m2/repository/com/sun/jersey/jersey-core/1.19/jersey-core-1.19.jar:/home/user/.m2/repository/javax/ws/rs/jsr311-api/1.1.1/jsr311-api-1.1.1.jar:/home/user/.m2/repository/com/sun/jersey/jersey-server/1.19/jersey-server-1.19.jar:/home/user/.m2/repository/javax/servlet/javax.servlet-api/3.1.0/javax.servlet-api-3.1.0.jar:/home/user/.m2/repository/org/eclipse/jetty/jetty-server/9.3.25.v20180904/jetty-server-9.3.25.v20180904.jar:/home/user/.m2/repository/org/eclipse/jetty/jetty-http/9.3.25.v20180904/jetty-http-9.3.25.v20180904.jar:/home/user/.m2/repository/org/eclipse/jetty/jetty-io/9.3.25.v20180904/jetty-io-9.3.25.v20180904.jar:/home/user/.m2/repository/org/eclipse/jetty/jetty-webapp/9.3.25.v20180904/jetty-webapp-9.3.25.v20180904.jar:/home/user/.m2/repository/org/eclipse/jetty/jetty-xml/9.3.25.v20180904/jetty-xml-9.3.25.v20180904.jar:/home/user/.m2/repository/log4j/log4j/1.2.17/log4j-1.2.17.jar:/home/user/.m2/repository/org/slf4j/slf4j-api/1.7.25/slf4j-api-1.7.25.jar:/home/user/.m2/repository/org/slf4j/jul-to-slf4j/1.7.25/jul-to-slf4j-1.7.25.jar:/home/user/.m2/repository/org/eclipse/jetty/jetty-util/9.3.25.v20180904/jetty-util-9.3.25.v20180904.jar:/home/user/.m2/repository/com/fasterxml/jackson/core/jackson-databind/2.9.9/jackson-databind-2.9.9.jar:/home/user/.m2/repository/org/apache/hadoop/hadoop-kms/3.2.0/hadoop-kms-3.2.0-tests.jar:/home/user/.m2/repository/org/apache/hadoop/hadoop-hdds-server-scm/0.5.0-SNAPSHOT/hadoop-hdds-server-scm-0.5.0-SNAPSHOT-tests.jar:/home/user/.m2/repository/org/apache/hadoop/hadoop-hdds-container-service/0.5.0-SNAPSHOT/hadoop-hdds-container-service-0.5.0-SNAPSHOT-tests.jar:/home/user/.m2/repository/org/yaml/snakeyaml/1.16/snakeyaml-1.16.jar:/home/user/.m2/repository/org/apache/hadoop/hadoop-common/3.2.0/hadoop-common-3.2.0-tests.jar:/home/user/.m2/repository/org/apache/hadoop/hadoop-annotations/3.2.0/hadoop-annotations-3.2.0.jar:/usr/lib/jvm/java-1.8-openjdk/jre/../lib/tools.jar:/home/user/.m2/repository/commons-cli/commons-cli/1.2/commons-cli-1.2.jar:/home/user/.m2/repository/org/apache/httpcomponents/httpclient/4.5.2/httpclient-4.5.2.jar:/home/user/.m2/repository/org/apache/httpcomponents/httpcore/4.4.4/httpcore-4.4.4.jar:/home/user/.m2/repository/commons-codec/commons-codec/1.11/commons-codec-1.11.jar:/home/user/.m2/repository/commons-net/commons-net/3.6/commons-net-3.6.jar:/home/user/.m2/repository/commons-collections/commons-collections/3.2.2/commons-collections-3.2.2.jar:/home/user/.m2/repository/org/eclipse/jetty/jetty-servlet/9.3.25.v20180904/jetty-servlet-9.3.25.v20180904.jar:/home/user/.m2/repository/org/eclipse/jetty/jetty-security/9.3.25.v20180904/jetty-security-9.3.25.v20180904.jar:/home/user/.m2/repository/javax/servlet/jsp/jsp-api/2.1/jsp-api-2.1.jar:/home/user/.m2/repository/com/sun/jersey/jersey-servlet/1.19/jersey-servlet-1.19.jar:/home/user/.m2/repository/com/sun/jersey/jersey-json/1.19/jersey-json-1.19.jar:/home/user/.m2/repository/org/codehaus/jettison/jettison/1.1/jettison-1.1.jar:/home/user/.m2/repository/org/codehaus/jackson/jackson-core-asl/1.9.13/jackson-core-asl-1.9.13.jar:/home/user/.m2/repository/org/codehaus/jackson/jackson-mapper-asl/1.9.13/jackson-mapper-asl-1.9.13.jar:/home/user/.m2/repository/org/codehaus/jackson/jackson-jaxrs/1.9.13/jackson-jaxrs-1.9.13.jar:/home/user/.m2/repository/org/codehaus/jackson/jackson-xc/1.9.13/jackson-xc-1.9.13.jar:/home/user/.m2/repository/commons-logging/commons-logging/1.1.3/commons-logging-1.1.3.jar:/home/user/.m2/repository/commons-beanutils/commons-beanutils/1.9.4/commons-beanutils-1.9.4.jar:/home/user/.m2/repository/org/apache/commons/commons-configuration2/2.1.1/commons-configuration2-2.1.1.jar:/home/user/.m2/repository/org/apache/commons/commons-lang3/3.7/commons-lang3-3.7.jar:/home/user/.m2/repository/org/apache/commons/commons-text/1.4/commons-text-1.4.jar:/home/user/.m2/repository/org/apache/avro/avro/1.7.7/avro-1.7.7.jar:/home/user/.m2/repository/com/thoughtworks/paranamer/paranamer/2.3/paranamer-2.3.jar:/home/user/.m2/repository/org/xerial/snappy/snappy-java/1.0.5/snappy-java-1.0.5.jar:/home/user/.m2/repository/com/google/re2j/re2j/1.1/re2j-1.1.jar:/home/user/.m2/repository/com/google/code/gson/gson/2.2.4/gson-2.2.4.jar:/home/user/.m2/repository/com/jcraft/jsch/0.1.54/jsch-0.1.54.jar:/home/user/.m2/repository/org/apache/curator/curator-client/2.12.0/curator-client-2.12.0.jar:/home/user/.m2/repository/org/apache/curator/curator-recipes/2.12.0/curator-recipes-2.12.0.jar:/home/user/.m2/repository/com/google/code/findbugs/jsr305/3.0.0/jsr305-3.0.0.jar:/home/user/.m2/repository/org/apache/htrace/htrace-core4/4.1.0-incubating/htrace-core4-4.1.0-incubating.jar:/home/user/.m2/repository/org/apache/zookeeper/zookeeper/3.4.13/zookeeper-3.4.13.jar:/home/user/.m2/repository/jline/jline/0.9.94/jline-0.9.94.jar:/home/user/.m2/repository/org/apache/yetus/audience-annotations/0.5.0/audience-annotations-0.5.0.jar:/home/user/.m2/repository/org/codehaus/woodstox/stax2-api/3.1.4/stax2-api-3.1.4.jar:/home/user/.m2/repository/com/fasterxml/woodstox/woodstox-core/5.0.3/woodstox-core-5.0.3.jar:/home/user/.m2/repository/dnsjava/dnsjava/2.1.7/dnsjava-2.1.7.jar:/home/user/.m2/repository/org/apache/hadoop/hadoop-hdfs/3.2.0/hadoop-hdfs-3.2.0-tests.jar:/home/user/.m2/repository/org/eclipse/jetty/jetty-util-ajax/9.3.25.v20180904/jetty-util-ajax-9.3.25.v20180904.jar:/home/user/.m2/repository/commons-daemon/commons-daemon/1.0.13/commons-daemon-1.0.13.jar:/home/user/.m2/repository/io/netty/netty/3.10.5.Final/netty-3.10.5.Final.jar:/home/user/.m2/repository/io/netty/netty-all/4.0.52.Final/netty-all-4.0.52.Final.jar:/home/user/.m2/repository/org/fusesource/leveldbjni/leveldbjni-all/1.8/leveldbjni-all-1.8.jar:"/>
    <property name="java.vm.vendor" value="IcedTea"/>
    <property name="sun.arch.data.model" value="64"/>
    <property name="test.build.dir" value="/workdir/hadoop-ozone/integration-test/target/test-dir"/>
    <property name="test.cache.data" value=""/>
    <property name="java.vendor.url" value="https://icedtea.classpath.org"/>
    <property name="user.timezone" value=""/>
    <property name="java.vm.specification.version" value="1.8"/>
    <property name="os.name" value="Linux"/>
    <property name="test.build.data" value="/workdir/hadoop-ozone/integration-test/target/test-dir"/>
    <property name="user.country" value="US"/>
    <property name="sun.java.launcher" value="SUN_STANDARD"/>
    <property name="sun.boot.library.path" value="/usr/lib/jvm/java-1.8-openjdk/jre/lib/amd64"/>
    <property name="sun.java.command" value="/workdir/hadoop-ozone/integration-test/target/surefire/surefirebooter5217105091703706025.jar /workdir/hadoop-ozone/integration-test/target/surefire 2019-10-08T21-14-12_089-jvmRun1 surefire2262566285879909330tmp surefire_626257422440671807703tmp"/>
    <property name="test" value="!TestMiniChaosOzoneCluster"/>
    <property name="surefire.test.class.path" value="/workdir/hadoop-ozone/integration-test/target/test-classes:/workdir/hadoop-ozone/integration-test/target/classes:/home/user/.m2/repository/org/apache/hadoop/hadoop-ozone-common/0.5.0-SNAPSHOT/hadoop-ozone-common-0.5.0-SNAPSHOT.jar:/home/user/.m2/repository/org/apache/commons/commons-compress/1.4.1/commons-compress-1.4.1.jar:/home/user/.m2/repository/org/tukaani/xz/1.0/xz-1.0.jar:/home/user/.m2/repository/org/apache/hadoop/hadoop-common/3.2.0/hadoop-common-3.2.0.jar:/home/user/.m2/repository/org/apache/hadoop/hadoop-hdfs/3.2.0/hadoop-hdfs-3.2.0.jar:/home/user/.m2/repository/org/apache/hadoop/hadoop-hdfs-client/3.2.0/hadoop-hdfs-client-3.2.0.jar:/home/user/.m2/repository/com/fasterxml/jackson/core/jackson-annotations/2.9.9/jackson-annotations-2.9.9.jar:/home/user/.m2/repository/org/apache/hadoop/hadoop-hdds-common/0.5.0-SNAPSHOT/hadoop-hdds-common-0.5.0-SNAPSHOT.jar:/home/user/.m2/repository/javax/annotation/javax.annotation-api/1.2/javax.annotation-api-1.2.jar:/home/user/.m2/repository/org/apache/ratis/ratis-server/0.5.0-201fc85-SNAPSHOT/ratis-server-0.5.0-201fc85-SNAPSHOT.jar:/home/user/.m2/repository/org/apache/ratis/ratis-thirdparty-misc/0.2.0/ratis-thirdparty-misc-0.2.0.jar:/home/user/.m2/repository/org/apache/ratis/ratis-proto/0.5.0-201fc85-SNAPSHOT/ratis-proto-0.5.0-201fc85-SNAPSHOT.jar:/home/user/.m2/repository/org/apache/ratis/ratis-common/0.5.0-201fc85-SNAPSHOT/ratis-common-0.5.0-201fc85-SNAPSHOT.jar:/home/user/.m2/repository/org/apache/ratis/ratis-client/0.5.0-201fc85-SNAPSHOT/ratis-client-0.5.0-201fc85-SNAPSHOT.jar:/home/user/.m2/repository/org/apache/ratis/ratis-metrics/0.5.0-201fc85-SNAPSHOT/ratis-metrics-0.5.0-201fc85-SNAPSHOT.jar:/home/user/.m2/repository/com/github/joshelser/dropwizard-metrics-hadoop-metrics2-reporter/0.1.2/dropwizard-metrics-hadoop-metrics2-reporter-0.1.2.jar:/home/user/.m2/repository/io/dropwizard/metrics/metrics-jvm/3.2.5/metrics-jvm-3.2.5.jar:/home/user/.m2/repository/io/dropwizard/metrics/metrics-ganglia/3.2.5/metrics-ganglia-3.2.5.jar:/home/user/.m2/repository/info/ganglia/gmetric4j/gmetric4j/1.0.7/gmetric4j-1.0.7.jar:/home/user/.m2/repository/org/apache/ratis/ratis-netty/0.5.0-201fc85-SNAPSHOT/ratis-netty-0.5.0-201fc85-SNAPSHOT.jar:/home/user/.m2/repository/org/apache/ratis/ratis-grpc/0.5.0-201fc85-SNAPSHOT/ratis-grpc-0.5.0-201fc85-SNAPSHOT.jar:/home/user/.m2/repository/org/rocksdb/rocksdbjni/6.0.1/rocksdbjni-6.0.1.jar:/home/user/.m2/repository/org/apache/logging/log4j/log4j-api/2.11.0/log4j-api-2.11.0.jar:/home/user/.m2/repository/org/apache/logging/log4j/log4j-core/2.11.0/log4j-core-2.11.0.jar:/home/user/.m2/repository/com/lmax/disruptor/3.4.2/disruptor-3.4.2.jar:/home/user/.m2/repository/org/apache/commons/commons-pool2/2.6.0/commons-pool2-2.6.0.jar:/home/user/.m2/repository/org/bouncycastle/bcpkix-jdk15on/1.60/bcpkix-jdk15on-1.60.jar:/home/user/.m2/repository/commons-validator/commons-validator/1.6/commons-validator-1.6.jar:/home/user/.m2/repository/commons-digester/commons-digester/1.8.1/commons-digester-1.8.1.jar:/home/user/.m2/repository/io/jaegertracing/jaeger-client/0.34.0/jaeger-client-0.34.0.jar:/home/user/.m2/repository/io/jaegertracing/jaeger-thrift/0.34.0/jaeger-thrift-0.34.0.jar:/home/user/.m2/repository/org/apache/thrift/libthrift/0.12.0/libthrift-0.12.0.jar:/home/user/.m2/repository/com/squareup/okhttp3/okhttp/3.9.0/okhttp-3.9.0.jar:/home/user/.m2/repository/com/squareup/okio/okio/1.13.0/okio-1.13.0.jar:/home/user/.m2/repository/io/jaegertracing/jaeger-core/0.34.0/jaeger-core-0.34.0.jar:/home/user/.m2/repository/io/jaegertracing/jaeger-tracerresolver/0.34.0/jaeger-tracerresolver-0.34.0.jar:/home/user/.m2/repository/io/opentracing/contrib/opentracing-tracerresolver/0.1.5/opentracing-tracerresolver-0.1.5.jar:/home/user/.m2/repository/io/opentracing/opentracing-util/0.31.0/opentracing-util-0.31.0.jar:/home/user/.m2/repository/io/opentracing/opentracing-api/0.31.0/opentracing-api-0.31.0.jar:/home/user/.m2/repository/io/opentracing/opentracing-noop/0.31.0/opentracing-noop-0.31.0.jar:/home/user/.m2/repository/org/apache/hadoop/hadoop-hdds-server-framework/0.5.0-SNAPSHOT/hadoop-hdds-server-framework-0.5.0-SNAPSHOT.jar:/home/user/.m2/repository/org/apache/hadoop/hadoop-hdds-container-service/0.5.0-SNAPSHOT/hadoop-hdds-container-service-0.5.0-SNAPSHOT.jar:/home/user/.m2/repository/org/apache/hadoop/hadoop-hdds-client/0.5.0-SNAPSHOT/hadoop-hdds-client-0.5.0-SNAPSHOT.jar:/home/user/.m2/repository/org/apache/hadoop/hadoop-hdds-tools/0.5.0-SNAPSHOT/hadoop-hdds-tools-0.5.0-SNAPSHOT.jar:/home/user/.m2/repository/org/apache/hadoop/hadoop-hdds-server-scm/0.5.0-SNAPSHOT/hadoop-hdds-server-scm-0.5.0-SNAPSHOT.jar:/home/user/.m2/repository/org/apache/hadoop/hadoop-hdds-docs/0.5.0-SNAPSHOT/hadoop-hdds-docs-0.5.0-SNAPSHOT.jar:/home/user/.m2/repository/io/dropwizard/metrics/metrics-core/3.2.4/metrics-core-3.2.4.jar:/home/user/.m2/repository/org/hamcrest/hamcrest-all/1.3/hamcrest-all-1.3.jar:/home/user/.m2/repository/org/bouncycastle/bcprov-jdk15on/1.60/bcprov-jdk15on-1.60.jar:/home/user/.m2/repository/info/picocli/picocli/3.9.6/picocli-3.9.6.jar:/home/user/.m2/repository/com/google/protobuf/protobuf-java/2.5.0/protobuf-java-2.5.0.jar:/home/user/.m2/repository/com/google/guava/guava/11.0.2/guava-11.0.2.jar:/home/user/.m2/repository/org/apache/hadoop/hadoop-ozone-ozone-manager/0.5.0-SNAPSHOT/hadoop-ozone-ozone-manager-0.5.0-SNAPSHOT.jar:/home/user/.m2/repository/org/apache/hadoop/hadoop-minikdc/3.2.0/hadoop-minikdc-3.2.0.jar:/home/user/.m2/repository/commons-io/commons-io/2.5/commons-io-2.5.jar:/home/user/.m2/repository/org/apache/kerby/kerb-simplekdc/1.0.1/kerb-simplekdc-1.0.1.jar:/home/user/.m2/repository/org/apache/kerby/kerb-client/1.0.1/kerb-client-1.0.1.jar:/home/user/.m2/repository/org/apache/kerby/kerby-config/1.0.1/kerby-config-1.0.1.jar:/home/user/.m2/repository/org/apache/kerby/kerb-core/1.0.1/kerb-core-1.0.1.jar:/home/user/.m2/repository/org/apache/kerby/kerby-pkix/1.0.1/kerby-pkix-1.0.1.jar:/home/user/.m2/repository/org/apache/kerby/kerby-asn1/1.0.1/kerby-asn1-1.0.1.jar:/home/user/.m2/repository/org/apache/kerby/kerby-util/1.0.1/kerby-util-1.0.1.jar:/home/user/.m2/repository/org/apache/kerby/kerb-common/1.0.1/kerb-common-1.0.1.jar:/home/user/.m2/repository/org/apache/kerby/kerb-crypto/1.0.1/kerb-crypto-1.0.1.jar:/home/user/.m2/repository/org/apache/kerby/kerb-util/1.0.1/kerb-util-1.0.1.jar:/home/user/.m2/repository/org/apache/kerby/token-provider/1.0.1/token-provider-1.0.1.jar:/home/user/.m2/repository/org/apache/kerby/kerb-admin/1.0.1/kerb-admin-1.0.1.jar:/home/user/.m2/repository/org/apache/kerby/kerb-server/1.0.1/kerb-server-1.0.1.jar:/home/user/.m2/repository/org/apache/kerby/kerb-identity/1.0.1/kerb-identity-1.0.1.jar:/home/user/.m2/repository/org/apache/kerby/kerby-xdr/1.0.1/kerby-xdr-1.0.1.jar:/home/user/.m2/repository/org/slf4j/slf4j-log4j12/1.7.25/slf4j-log4j12-1.7.25.jar:/home/user/.m2/repository/org/apache/hadoop/hadoop-ozone-s3gateway/0.5.0-SNAPSHOT/hadoop-ozone-s3gateway-0.5.0-SNAPSHOT.jar:/home/user/.m2/repository/org/jboss/weld/servlet/weld-servlet/2.4.7.Final/weld-servlet-2.4.7.Final.jar:/home/user/.m2/repository/org/glassfish/jersey/containers/jersey-container-servlet-core/2.27/jersey-container-servlet-core-2.27.jar:/home/user/.m2/repository/org/glassfish/hk2/external/javax.inject/2.5.0-b42/javax.inject-2.5.0-b42.jar:/home/user/.m2/repository/org/glassfish/jersey/core/jersey-common/2.27/jersey-common-2.27.jar:/home/user/.m2/repository/org/glassfish/hk2/osgi-resource-locator/1.0.1/osgi-resource-locator-1.0.1.jar:/home/user/.m2/repository/javax/ws/rs/javax.ws.rs-api/2.1/javax.ws.rs-api-2.1.jar:/home/user/.m2/repository/org/glassfish/jersey/ext/cdi/jersey-cdi1x/2.27/jersey-cdi1x-2.27.jar:/home/user/.m2/repository/org/glassfish/jersey/inject/jersey-hk2/2.27/jersey-hk2-2.27.jar:/home/user/.m2/repository/org/glassfish/hk2/hk2-locator/2.5.0-b42/hk2-locator-2.5.0-b42.jar:/home/user/.m2/repository/org/javassist/javassist/3.22.0-CR2/javassist-3.22.0-CR2.jar:/home/user/.m2/repository/org/glassfish/hk2/hk2-api/2.5.0/hk2-api-2.5.0.jar:/home/user/.m2/repository/org/glassfish/hk2/external/jakarta.inject/2.5.0/jakarta.inject-2.5.0.jar:/home/user/.m2/repository/org/glassfish/hk2/hk2-utils/2.5.0/hk2-utils-2.5.0.jar:/home/user/.m2/repository/jakarta/annotation/jakarta.annotation-api/1.3.4/jakarta.annotation-api-1.3.4.jar:/home/user/.m2/repository/org/glassfish/hk2/external/aopalliance-repackaged/2.5.0/aopalliance-repackaged-2.5.0.jar:/home/user/.m2/repository/com/fasterxml/jackson/dataformat/jackson-dataformat-xml/2.9.0/jackson-dataformat-xml-2.9.0.jar:/home/user/.m2/repository/com/fasterxml/jackson/core/jackson-core/2.9.9/jackson-core-2.9.9.jar:/home/user/.m2/repository/com/fasterxml/jackson/module/jackson-module-jaxb-annotations/2.9.9/jackson-module-jaxb-annotations-2.9.9.jar:/home/user/.m2/repository/javax/enterprise/cdi-api/1.2/cdi-api-1.2.jar:/home/user/.m2/repository/javax/el/javax.el-api/3.0.0/javax.el-api-3.0.0.jar:/home/user/.m2/repository/javax/interceptor/javax.interceptor-api/1.2/javax.interceptor-api-1.2.jar:/home/user/.m2/repository/javax/inject/javax.inject/1/javax.inject-1.jar:/home/user/.m2/repository/com/sun/xml/bind/jaxb-impl/2.3.0.1/jaxb-impl-2.3.0.1.jar:/home/user/.m2/repository/com/sun/xml/bind/jaxb-core/2.3.0.1/jaxb-core-2.3.0.1.jar:/home/user/.m2/repository/javax/xml/bind/jaxb-api/2.3.0/jaxb-api-2.3.0.jar:/home/user/.m2/repository/javax/activation/activation/1.1.1/activation-1.1.1.jar:/home/user/.m2/repository/org/apache/hadoop/hadoop-ozone-csi/0.5.0-SNAPSHOT/hadoop-ozone-csi-0.5.0-SNAPSHOT.jar:/home/user/.m2/repository/com/google/protobuf/protobuf-java-util/3.5.1/protobuf-java-util-3.5.1.jar:/home/user/.m2/repository/org/apache/hadoop/hadoop-hdds-config/0.5.0-SNAPSHOT/hadoop-hdds-config-0.5.0-SNAPSHOT.jar:/home/user/.m2/repository/io/grpc/grpc-netty/1.17.1/grpc-netty-1.17.1.jar:/home/user/.m2/repository/io/grpc/grpc-core/1.17.1/grpc-core-1.17.1.jar:/home/user/.m2/repository/io/grpc/grpc-context/1.17.1/grpc-context-1.17.1.jar:/home/user/.m2/repository/com/google/errorprone/error_prone_annotations/2.2.0/error_prone_annotations-2.2.0.jar:/home/user/.m2/repository/org/codehaus/mojo/animal-sniffer-annotations/1.17/animal-sniffer-annotations-1.17.jar:/home/user/.m2/repository/io/opencensus/opencensus-api/0.17.0/opencensus-api-0.17.0.jar:/home/user/.m2/repository/io/opencensus/opencensus-contrib-grpc-metrics/0.17.0/opencensus-contrib-grpc-metrics-0.17.0.jar:/home/user/.m2/repository/io/netty/netty-codec-http2/4.1.30.Final/netty-codec-http2-4.1.30.Final.jar:/home/user/.m2/repository/io/netty/netty-codec-http/4.1.30.Final/netty-codec-http-4.1.30.Final.jar:/home/user/.m2/repository/io/netty/netty-codec/4.1.30.Final/netty-codec-4.1.30.Final.jar:/home/user/.m2/repository/io/netty/netty-handler/4.1.30.Final/netty-handler-4.1.30.Final.jar:/home/user/.m2/repository/io/netty/netty-handler-proxy/4.1.30.Final/netty-handler-proxy-4.1.30.Final.jar:/home/user/.m2/repository/io/netty/netty-codec-socks/4.1.30.Final/netty-codec-socks-4.1.30.Final.jar:/home/user/.m2/repository/io/netty/netty-transport-native-epoll/4.1.30.Final/netty-transport-native-epoll-4.1.30.Final.jar:/home/user/.m2/repository/io/netty/netty-common/4.1.30.Final/netty-common-4.1.30.Final.jar:/home/user/.m2/repository/io/netty/netty-buffer/4.1.30.Final/netty-buffer-4.1.30.Final.jar:/home/user/.m2/repository/io/netty/netty-transport/4.1.30.Final/netty-transport-4.1.30.Final.jar:/home/user/.m2/repository/io/netty/netty-resolver/4.1.30.Final/netty-resolver-4.1.30.Final.jar:/home/user/.m2/repository/io/netty/netty-transport-native-unix-common/4.1.30.Final/netty-transport-native-unix-common-4.1.30.Final.jar:/home/user/.m2/repository/io/grpc/grpc-protobuf/1.17.1/grpc-protobuf-1.17.1.jar:/home/user/.m2/repository/com/google/api/grpc/proto-google-common-protos/1.0.0/proto-google-common-protos-1.0.0.jar:/home/user/.m2/repository/io/grpc/grpc-protobuf-lite/1.17.1/grpc-protobuf-lite-1.17.1.jar:/home/user/.m2/repository/io/grpc/grpc-stub/1.17.1/grpc-stub-1.17.1.jar:/home/user/.m2/repository/org/apache/hadoop/hadoop-ozone-recon/0.5.0-SNAPSHOT/hadoop-ozone-recon-0.5.0-SNAPSHOT.jar:/home/user/.m2/repository/org/apache/hadoop/hadoop-ozone-reconcodegen/0.5.0-SNAPSHOT/hadoop-ozone-reconcodegen-0.5.0-SNAPSHOT.jar:/home/user/.m2/repository/com/google/inject/extensions/guice-multibindings/4.0/guice-multibindings-4.0.jar:/home/user/.m2/repository/com/google/inject/guice/4.0/guice-4.0.jar:/home/user/.m2/repository/aopalliance/aopalliance/1.0/aopalliance-1.0.jar:/home/user/.m2/repository/com/google/inject/extensions/guice-servlet/4.0/guice-servlet-4.0.jar:/home/user/.m2/repository/org/glassfish/jersey/containers/jersey-container-servlet/2.27/jersey-container-servlet-2.27.jar:/home/user/.m2/repository/org/glassfish/hk2/guice-bridge/2.5.0/guice-bridge-2.5.0.jar:/home/user/.m2/repository/org/glassfish/jersey/core/jersey-server/2.27/jersey-server-2.27.jar:/home/user/.m2/repository/org/glassfish/jersey/core/jersey-client/2.27/jersey-client-2.27.jar:/home/user/.m2/repository/org/glassfish/jersey/media/jersey-media-jaxb/2.27/jersey-media-jaxb-2.27.jar:/home/user/.m2/repository/javax/validation/validation-api/1.1.0.Final/validation-api-1.1.0.Final.jar:/home/user/.m2/repository/org/glassfish/jersey/media/jersey-media-json-jackson/2.27/jersey-media-json-jackson-2.27.jar:/home/user/.m2/repository/org/glassfish/jersey/ext/jersey-entity-filtering/2.27/jersey-entity-filtering-2.27.jar:/home/user/.m2/repository/com/google/inject/extensions/guice-assistedinject/4.0/guice-assistedinject-4.0.jar:/home/user/.m2/repository/org/jooq/jooq/3.11.10/jooq-3.11.10.jar:/home/user/.m2/repository/org/jooq/jooq-meta/3.11.10/jooq-meta-3.11.10.jar:/home/user/.m2/repository/org/jooq/jooq-codegen/3.11.10/jooq-codegen-3.11.10.jar:/home/user/.m2/repository/com/jolbox/bonecp/0.8.0.RELEASE/bonecp-0.8.0.RELEASE.jar:/home/user/.m2/repository/org/xerial/sqlite-jdbc/3.25.2/sqlite-jdbc-3.25.2.jar:/home/user/.m2/repository/org/springframework/spring-jdbc/5.1.3.RELEASE/spring-jdbc-5.1.3.RELEASE.jar:/home/user/.m2/repository/org/springframework/spring-beans/5.1.3.RELEASE/spring-beans-5.1.3.RELEASE.jar:/home/user/.m2/repository/org/springframework/spring-core/5.1.3.RELEASE/spring-core-5.1.3.RELEASE.jar:/home/user/.m2/repository/org/springframework/spring-jcl/5.1.3.RELEASE/spring-jcl-5.1.3.RELEASE.jar:/home/user/.m2/repository/org/springframework/spring-tx/5.1.3.RELEASE/spring-tx-5.1.3.RELEASE.jar:/home/user/.m2/repository/org/apache/hadoop/hadoop-ozone-client/0.5.0-SNAPSHOT/hadoop-ozone-client-0.5.0-SNAPSHOT.jar:/home/user/.m2/repository/commons-lang/commons-lang/2.6/commons-lang-2.6.jar:/home/user/.m2/repository/org/apache/hadoop/hadoop-ozone-ozone-manager/0.5.0-SNAPSHOT/hadoop-ozone-ozone-manager-0.5.0-SNAPSHOT-tests.jar:/home/user/.m2/repository/junit/junit/4.11/junit-4.11.jar:/home/user/.m2/repository/org/hamcrest/hamcrest-core/1.3/hamcrest-core-1.3.jar:/home/user/.m2/repository/org/openjdk/jmh/jmh-core/1.19/jmh-core-1.19.jar:/home/user/.m2/repository/net/sf/jopt-simple/jopt-simple/4.6/jopt-simple-4.6.jar:/home/user/.m2/repository/org/apache/commons/commons-math3/3.1.1/commons-math3-3.1.1.jar:/home/user/.m2/repository/org/openjdk/jmh/jmh-generator-annprocess/1.19/jmh-generator-annprocess-1.19.jar:/home/user/.m2/repository/org/mockito/mockito-all/1.8.5/mockito-all-1.8.5.jar:/home/user/.m2/repository/org/apache/hadoop/hadoop-kms/3.2.0/hadoop-kms-3.2.0.jar:/home/user/.m2/repository/org/apache/hadoop/hadoop-auth/3.2.0/hadoop-auth-3.2.0.jar:/home/user/.m2/repository/com/nimbusds/nimbus-jose-jwt/4.41.1/nimbus-jose-jwt-4.41.1.jar:/home/user/.m2/repository/com/github/stephenc/jcip/jcip-annotations/1.0-1/jcip-annotations-1.0-1.jar:/home/user/.m2/repository/net/minidev/json-smart/2.3/json-smart-2.3.jar:/home/user/.m2/repository/net/minidev/accessors-smart/1.2/accessors-smart-1.2.jar:/home/user/.m2/repository/org/ow2/asm/asm/5.0.4/asm-5.0.4.jar:/home/user/.m2/repository/org/apache/curator/curator-framework/2.12.0/curator-framework-2.12.0.jar:/home/user/.m2/repository/com/sun/jersey/jersey-core/1.19/jersey-core-1.19.jar:/home/user/.m2/repository/javax/ws/rs/jsr311-api/1.1.1/jsr311-api-1.1.1.jar:/home/user/.m2/repository/com/sun/jersey/jersey-server/1.19/jersey-server-1.19.jar:/home/user/.m2/repository/javax/servlet/javax.servlet-api/3.1.0/javax.servlet-api-3.1.0.jar:/home/user/.m2/repository/org/eclipse/jetty/jetty-server/9.3.25.v20180904/jetty-server-9.3.25.v20180904.jar:/home/user/.m2/repository/org/eclipse/jetty/jetty-http/9.3.25.v20180904/jetty-http-9.3.25.v20180904.jar:/home/user/.m2/repository/org/eclipse/jetty/jetty-io/9.3.25.v20180904/jetty-io-9.3.25.v20180904.jar:/home/user/.m2/repository/org/eclipse/jetty/jetty-webapp/9.3.25.v20180904/jetty-webapp-9.3.25.v20180904.jar:/home/user/.m2/repository/org/eclipse/jetty/jetty-xml/9.3.25.v20180904/jetty-xml-9.3.25.v20180904.jar:/home/user/.m2/repository/log4j/log4j/1.2.17/log4j-1.2.17.jar:/home/user/.m2/repository/org/slf4j/slf4j-api/1.7.25/slf4j-api-1.7.25.jar:/home/user/.m2/repository/org/slf4j/jul-to-slf4j/1.7.25/jul-to-slf4j-1.7.25.jar:/home/user/.m2/repository/org/eclipse/jetty/jetty-util/9.3.25.v20180904/jetty-util-9.3.25.v20180904.jar:/home/user/.m2/repository/com/fasterxml/jackson/core/jackson-databind/2.9.9/jackson-databind-2.9.9.jar:/home/user/.m2/repository/org/apache/hadoop/hadoop-kms/3.2.0/hadoop-kms-3.2.0-tests.jar:/home/user/.m2/repository/org/apache/hadoop/hadoop-hdds-server-scm/0.5.0-SNAPSHOT/hadoop-hdds-server-scm-0.5.0-SNAPSHOT-tests.jar:/home/user/.m2/repository/org/apache/hadoop/hadoop-hdds-container-service/0.5.0-SNAPSHOT/hadoop-hdds-container-service-0.5.0-SNAPSHOT-tests.jar:/home/user/.m2/repository/org/yaml/snakeyaml/1.16/snakeyaml-1.16.jar:/home/user/.m2/repository/org/apache/hadoop/hadoop-common/3.2.0/hadoop-common-3.2.0-tests.jar:/home/user/.m2/repository/org/apache/hadoop/hadoop-annotations/3.2.0/hadoop-annotations-3.2.0.jar:/usr/lib/jvm/java-1.8-openjdk/jre/../lib/tools.jar:/home/user/.m2/repository/commons-cli/commons-cli/1.2/commons-cli-1.2.jar:/home/user/.m2/repository/org/apache/httpcomponents/httpclient/4.5.2/httpclient-4.5.2.jar:/home/user/.m2/repository/org/apache/httpcomponents/httpcore/4.4.4/httpcore-4.4.4.jar:/home/user/.m2/repository/commons-codec/commons-codec/1.11/commons-codec-1.11.jar:/home/user/.m2/repository/commons-net/commons-net/3.6/commons-net-3.6.jar:/home/user/.m2/repository/commons-collections/commons-collections/3.2.2/commons-collections-3.2.2.jar:/home/user/.m2/repository/org/eclipse/jetty/jetty-servlet/9.3.25.v20180904/jetty-servlet-9.3.25.v20180904.jar:/home/user/.m2/repository/org/eclipse/jetty/jetty-security/9.3.25.v20180904/jetty-security-9.3.25.v20180904.jar:/home/user/.m2/repository/javax/servlet/jsp/jsp-api/2.1/jsp-api-2.1.jar:/home/user/.m2/repository/com/sun/jersey/jersey-servlet/1.19/jersey-servlet-1.19.jar:/home/user/.m2/repository/com/sun/jersey/jersey-json/1.19/jersey-json-1.19.jar:/home/user/.m2/repository/org/codehaus/jettison/jettison/1.1/jettison-1.1.jar:/home/user/.m2/repository/org/codehaus/jackson/jackson-core-asl/1.9.13/jackson-core-asl-1.9.13.jar:/home/user/.m2/repository/org/codehaus/jackson/jackson-mapper-asl/1.9.13/jackson-mapper-asl-1.9.13.jar:/home/user/.m2/repository/org/codehaus/jackson/jackson-jaxrs/1.9.13/jackson-jaxrs-1.9.13.jar:/home/user/.m2/repository/org/codehaus/jackson/jackson-xc/1.9.13/jackson-xc-1.9.13.jar:/home/user/.m2/repository/commons-logging/commons-logging/1.1.3/commons-logging-1.1.3.jar:/home/user/.m2/repository/commons-beanutils/commons-beanutils/1.9.4/commons-beanutils-1.9.4.jar:/home/user/.m2/repository/org/apache/commons/commons-configuration2/2.1.1/commons-configuration2-2.1.1.jar:/home/user/.m2/repository/org/apache/commons/commons-lang3/3.7/commons-lang3-3.7.jar:/home/user/.m2/repository/org/apache/commons/commons-text/1.4/commons-text-1.4.jar:/home/user/.m2/repository/org/apache/avro/avro/1.7.7/avro-1.7.7.jar:/home/user/.m2/repository/com/thoughtworks/paranamer/paranamer/2.3/paranamer-2.3.jar:/home/user/.m2/repository/org/xerial/snappy/snappy-java/1.0.5/snappy-java-1.0.5.jar:/home/user/.m2/repository/com/google/re2j/re2j/1.1/re2j-1.1.jar:/home/user/.m2/repository/com/google/code/gson/gson/2.2.4/gson-2.2.4.jar:/home/user/.m2/repository/com/jcraft/jsch/0.1.54/jsch-0.1.54.jar:/home/user/.m2/repository/org/apache/curator/curator-client/2.12.0/curator-client-2.12.0.jar:/home/user/.m2/repository/org/apache/curator/curator-recipes/2.12.0/curator-recipes-2.12.0.jar:/home/user/.m2/repository/com/google/code/findbugs/jsr305/3.0.0/jsr305-3.0.0.jar:/home/user/.m2/repository/org/apache/htrace/htrace-core4/4.1.0-incubating/htrace-core4-4.1.0-incubating.jar:/home/user/.m2/repository/org/apache/zookeeper/zookeeper/3.4.13/zookeeper-3.4.13.jar:/home/user/.m2/repository/jline/jline/0.9.94/jline-0.9.94.jar:/home/user/.m2/repository/org/apache/yetus/audience-annotations/0.5.0/audience-annotations-0.5.0.jar:/home/user/.m2/repository/org/codehaus/woodstox/stax2-api/3.1.4/stax2-api-3.1.4.jar:/home/user/.m2/repository/com/fasterxml/woodstox/woodstox-core/5.0.3/woodstox-core-5.0.3.jar:/home/user/.m2/repository/dnsjava/dnsjava/2.1.7/dnsjava-2.1.7.jar:/home/user/.m2/repository/org/apache/hadoop/hadoop-hdfs/3.2.0/hadoop-hdfs-3.2.0-tests.jar:/home/user/.m2/repository/org/eclipse/jetty/jetty-util-ajax/9.3.25.v20180904/jetty-util-ajax-9.3.25.v20180904.jar:/home/user/.m2/repository/commons-daemon/commons-daemon/1.0.13/commons-daemon-1.0.13.jar:/home/user/.m2/repository/io/netty/netty/3.10.5.Final/netty-3.10.5.Final.jar:/home/user/.m2/repository/io/netty/netty-all/4.0.52.Final/netty-all-4.0.52.Final.jar:/home/user/.m2/repository/org/fusesource/leveldbjni/leveldbjni-all/1.8/leveldbjni-all-1.8.jar:"/>
    <property name="sun.cpu.endian" value="little"/>
    <property name="user.home" value="/home/user"/>
    <property name="user.language" value="en"/>
    <property name="java.specification.vendor" value="Oracle Corporation"/>
    <property name="java.home" value="/usr/lib/jvm/java-1.8-openjdk/jre"/>
    <property name="java.security.krb5.conf" value="/workdir/hadoop-ozone/integration-test/target/test-classes/krb5.conf"/>
    <property name="basedir" value="/workdir/hadoop-ozone/integration-test"/>
    <property name="file.separator" value="/"/>
    <property name="line.separator" value="&#10;"/>
    <property name="java.vm.specification.vendor" value="Oracle Corporation"/>
    <property name="java.specification.name" value="Java Platform API Specification"/>
    <property name="java.awt.graphicsenv" value="sun.awt.X11GraphicsEnvironment"/>
    <property name="surefire.real.class.path" value="/workdir/hadoop-ozone/integration-test/target/surefire/surefirebooter5217105091703706025.jar"/>
    <property name="hadoop.log.dir" value="/workdir/hadoop-ozone/integration-test/target/log"/>
    <property name="sun.boot.class.path" value="/usr/lib/jvm/java-1.8-openjdk/jre/lib/resources.jar:/usr/lib/jvm/java-1.8-openjdk/jre/lib/rt.jar:/usr/lib/jvm/java-1.8-openjdk/jre/lib/sunrsasign.jar:/usr/lib/jvm/java-1.8-openjdk/jre/lib/jsse.jar:/usr/lib/jvm/java-1.8-openjdk/jre/lib/jce.jar:/usr/lib/jvm/java-1.8-openjdk/jre/lib/charsets.jar:/usr/lib/jvm/java-1.8-openjdk/jre/lib/jfr.jar:/usr/lib/jvm/java-1.8-openjdk/jre/classes"/>
    <property name="sun.management.compiler" value="HotSpot 64-Bit Tiered Compilers"/>
    <property name="java.runtime.version" value="1.8.0_212-b04"/>
    <property name="java.net.preferIPv4Stack" value="true"/>
    <property name="user.name" value="jenkins1000"/>
    <property name="path.separator" value=":"/>
    <property name="java.security.egd" value="file:///dev/urandom"/>
    <property name="os.version" value="3.10.0-957.12.2.el7.x86_64"/>
    <property name="java.endorsed.dirs" value="/usr/lib/jvm/java-1.8-openjdk/jre/lib/endorsed"/>
    <property name="java.runtime.name" value="OpenJDK Runtime Environment"/>
    <property name="file.encoding" value="UTF-8"/>
    <property name="java.vm.name" value="OpenJDK 64-Bit Server VM"/>
    <property name="test.build.webapps" value=""/>
    <property name="localRepository" value="/home/user/.m2/repository"/>
    <property name="java.vendor.url.bug" value="https://icedtea.classpath.org/bugzilla"/>
    <property name="java.io.tmpdir" value="/tmp"/>
    <property name="require.test.libhadoop" value=""/>
    <property name="java.version" value="1.8.0_212"/>
    <property name="user.dir" value="/workdir/hadoop-ozone/integration-test"/>
    <property name="os.arch" value="amd64"/>
    <property name="java.vm.specification.name" value="Java Virtual Machine Specification"/>
    <property name="test.build.classes" value="/workdir/hadoop-ozone/integration-test/target/test-classes"/>
    <property name="java.awt.printerjob" value="sun.print.PSPrinterJob"/>
    <property name="sun.os.patch.level" value="unknown"/>
    <property name="hadoop.tmp.dir" value="/workdir/hadoop-ozone/integration-test/target/tmp"/>
    <property name="java.library.path" value="/usr/lib/jvm/java-1.8-openjdk/jre/lib/amd64/server:/usr/lib/jvm/java-1.8-openjdk/jre/lib/amd64:/usr/lib/jvm/java-1.8-openjdk/jre/../lib/amd64:/workdir/hadoop-ozone/integration-test/target/native/target/usr/local/lib:/workdir/hadoop-ozone/integration-test/../../hadoop-common-project/hadoop-common/target/native/target/usr/local/lib:/usr/java/packages/lib/amd64:/usr/lib64:/lib64:/lib:/usr/lib"/>
    <property name="java.vm.info" value="mixed mode"/>
    <property name="java.vendor" value="IcedTea"/>
    <property name="java.vm.version" value="25.212-b04"/>
    <property name="java.ext.dirs" value="/usr/lib/jvm/java-1.8-openjdk/jre/lib/ext:/usr/java/packages/lib/ext"/>
    <property name="sun.io.unicode.encoding" value="UnicodeLittle"/>
    <property name="java.class.version" value="52.0"/>
  </properties>
  <testcase name="testWatchForCommitWithKeyWrite" classname="org.apache.hadoop.ozone.client.rpc.TestWatchForCommit" time="59.194"/>
  <testcase name="testWatchForCommitWithSmallerTimeoutValue" classname="org.apache.hadoop.ozone.client.rpc.TestWatchForCommit" time="42.786"/>
  <testcase name="testWatchForCommitForRetryfailure" classname="org.apache.hadoop.ozone.client.rpc.TestWatchForCommit" time="60.906">
    <failure type="java.lang.AssertionError">java.lang.AssertionError
	at org.junit.Assert.fail(Assert.java:86)
	at org.junit.Assert.assertTrue(Assert.java:41)
	at org.junit.Assert.assertTrue(Assert.java:52)
	at org.apache.hadoop.ozone.client.rpc.TestWatchForCommit.testWatchForCommitForRetryfailure(TestWatchForCommit.java:348)
	at sun.reflect.NativeMethodAccessorImpl.invoke0(Native Method)
	at sun.reflect.NativeMethodAccessorImpl.invoke(NativeMethodAccessorImpl.java:62)
	at sun.reflect.DelegatingMethodAccessorImpl.invoke(DelegatingMethodAccessorImpl.java:43)
	at java.lang.reflect.Method.invoke(Method.java:498)
	at org.junit.runners.model.FrameworkMethod$1.runReflectiveCall(FrameworkMethod.java:47)
	at org.junit.internal.runners.model.ReflectiveCallable.run(ReflectiveCallable.java:12)
	at org.junit.runners.model.FrameworkMethod.invokeExplosively(FrameworkMethod.java:44)
	at org.junit.internal.runners.statements.InvokeMethod.evaluate(InvokeMethod.java:17)
	at org.junit.runners.ParentRunner.runLeaf(ParentRunner.java:271)
	at org.junit.runners.BlockJUnit4ClassRunner.runChild(BlockJUnit4ClassRunner.java:70)
	at org.junit.runners.BlockJUnit4ClassRunner.runChild(BlockJUnit4ClassRunner.java:50)
	at org.junit.runners.ParentRunner$3.run(ParentRunner.java:238)
	at org.junit.runners.ParentRunner$1.schedule(ParentRunner.java:63)
	at org.junit.runners.ParentRunner.runChildren(ParentRunner.java:236)
	at org.junit.runners.ParentRunner.access$000(ParentRunner.java:53)
	at org.junit.runners.ParentRunner$2.evaluate(ParentRunner.java:229)
	at org.junit.runners.ParentRunner.run(ParentRunner.java:309)
	at org.apache.maven.surefire.junit4.JUnit4Provider.execute(JUnit4Provider.java:365)
	at org.apache.maven.surefire.junit4.JUnit4Provider.executeWithRerun(JUnit4Provider.java:273)
	at org.apache.maven.surefire.junit4.JUnit4Provider.executeTestSet(JUnit4Provider.java:238)
	at org.apache.maven.surefire.junit4.JUnit4Provider.invoke(JUnit4Provider.java:159)
	at org.apache.maven.surefire.booter.ForkedBooter.invokeProviderInSameClassLoader(ForkedBooter.java:384)
	at org.apache.maven.surefire.booter.ForkedBooter.runSuitesInProcess(ForkedBooter.java:345)
	at org.apache.maven.surefire.booter.ForkedBooter.execute(ForkedBooter.java:126)
	at org.apache.maven.surefire.booter.ForkedBooter.main(ForkedBooter.java:418)
</failure>
    <system-out><![CDATA[2019-10-08 22:20:46,000 [main] WARN  server.ServerUtils (ServerUtils.java:getScmDbDir(145)) - ozone.scm.db.dirs is not configured. We recommend adding this setting. Falling back to ozone.metadata.dirs instead.
2019-10-08 22:20:46,015 [main] WARN  server.ServerUtils (ServerUtils.java:getScmDbDir(145)) - ozone.scm.db.dirs is not configured. We recommend adding this setting. Falling back to ozone.metadata.dirs instead.
2019-10-08 22:20:46,015 [main] WARN  server.ServerUtils (ServerUtils.java:getScmDbDir(145)) - ozone.scm.db.dirs is not configured. We recommend adding this setting. Falling back to ozone.metadata.dirs instead.
2019-10-08 22:20:46,016 [main] INFO  db.DBStoreBuilder (DBStoreBuilder.java:addTable(117)) - using custom profile for table: deletedBlocks
2019-10-08 22:20:46,016 [main] INFO  db.DBStoreBuilder (DBStoreBuilder.java:processTables(168)) - Using default column profile:DBProfile.DISK for Table:deletedBlocks
2019-10-08 22:20:46,016 [main] INFO  db.DBStoreBuilder (DBStoreBuilder.java:addTable(117)) - using custom profile for table: validCerts
2019-10-08 22:20:46,017 [main] INFO  db.DBStoreBuilder (DBStoreBuilder.java:processTables(168)) - Using default column profile:DBProfile.DISK for Table:validCerts
2019-10-08 22:20:46,017 [main] INFO  db.DBStoreBuilder (DBStoreBuilder.java:addTable(117)) - using custom profile for table: revokedCerts
2019-10-08 22:20:46,017 [main] INFO  db.DBStoreBuilder (DBStoreBuilder.java:processTables(168)) - Using default column profile:DBProfile.DISK for Table:revokedCerts
2019-10-08 22:20:46,017 [main] INFO  db.DBStoreBuilder (DBStoreBuilder.java:addTable(117)) - using custom profile for table: default
2019-10-08 22:20:46,017 [main] INFO  db.DBStoreBuilder (DBStoreBuilder.java:processTables(174)) - Using default column profile:DBProfile.DISK for Table:default
2019-10-08 22:20:46,017 [main] INFO  db.DBStoreBuilder (DBStoreBuilder.java:getDbProfile(205)) - Using default options. DBProfile.DISK
2019-10-08 22:20:46,087 [main] INFO  net.NodeSchemaLoader (NodeSchemaLoader.java:loadSchemaFromFile(125)) - Loading file from sun.misc.CompoundEnumeration@106b014e
2019-10-08 22:20:46,087 [main] INFO  net.NodeSchemaLoader (NodeSchemaLoader.java:loadSchema(171)) - Loading network topology layer schema file
2019-10-08 22:20:46,091 [main] WARN  server.ServerUtils (ServerUtils.java:sanitizeUserArgs(70)) - ozone.scm.stale.node.interval value = 300000 is larger than max = 100000 based on the key value of ozone.scm.heartbeat.thread.interval, reset to the max value 100000.
2019-10-08 22:20:46,092 [main] WARN  server.ServerUtils (ServerUtils.java:sanitizeUserArgs(70)) - ozone.scm.stale.node.interval value = 300000 is larger than max = 100000 based on the key value of ozone.scm.heartbeat.thread.interval, reset to the max value 100000.
2019-10-08 22:20:46,092 [main] INFO  node.SCMNodeManager (SCMNodeManager.java:<init>(116)) - Entering startup safe mode.
2019-10-08 22:20:46,093 [main] INFO  algorithms.ContainerPlacementPolicyFactory (ContainerPlacementPolicyFactory.java:getPolicy(57)) - Create container placement policy of type org.apache.hadoop.hdds.scm.container.placement.algorithms.SCMContainerPlacementRandom
2019-10-08 22:20:46,093 [main] WARN  server.ServerUtils (ServerUtils.java:getScmDbDir(145)) - ozone.scm.db.dirs is not configured. We recommend adding this setting. Falling back to ozone.metadata.dirs instead.
2019-10-08 22:20:46,120 [main] INFO  pipeline.SCMPipelineManager (SCMPipelineManager.java:initializePipelineState(132)) - No pipeline exists in current db
2019-10-08 22:20:46,120 [main] WARN  server.ServerUtils (ServerUtils.java:getScmDbDir(145)) - ozone.scm.db.dirs is not configured. We recommend adding this setting. Falling back to ozone.metadata.dirs instead.
2019-10-08 22:20:46,140 [main] WARN  events.EventQueue (EventQueue.java:fireEvent(183)) - No event handler registered for event TypedEvent{payloadType=SafeModeStatus, name='SafeModeStatus'}
2019-10-08 22:20:46,141 [main] INFO  ipc.CallQueueManager (CallQueueManager.java:<init>(84)) - Using callQueue: class java.util.concurrent.LinkedBlockingQueue, queueCapacity: 2000, scheduler: class org.apache.hadoop.ipc.DefaultRpcScheduler, ipcBackoff: false.
2019-10-08 22:20:46,142 [Socket Reader #1 for port 45851] INFO  ipc.Server (Server.java:run(1074)) - Starting Socket Reader #1 for port 45851
2019-10-08 22:20:46,143 [main] INFO  ipc.CallQueueManager (CallQueueManager.java:<init>(84)) - Using callQueue: class java.util.concurrent.LinkedBlockingQueue, queueCapacity: 2000, scheduler: class org.apache.hadoop.ipc.DefaultRpcScheduler, ipcBackoff: false.
2019-10-08 22:20:46,144 [Socket Reader #1 for port 38659] INFO  ipc.Server (Server.java:run(1074)) - Starting Socket Reader #1 for port 38659
2019-10-08 22:20:46,145 [main] INFO  ipc.CallQueueManager (CallQueueManager.java:<init>(84)) - Using callQueue: class java.util.concurrent.LinkedBlockingQueue, queueCapacity: 2000, scheduler: class org.apache.hadoop.ipc.DefaultRpcScheduler, ipcBackoff: false.
2019-10-08 22:20:46,145 [Socket Reader #1 for port 42738] INFO  ipc.Server (Server.java:run(1074)) - Starting Socket Reader #1 for port 42738
2019-10-08 22:20:46,148 [main] INFO  hdfs.DFSUtil (DFSUtil.java:httpServerTemplateForNNAndJN(1641)) - Starting Web-server for scm at: http://0.0.0.0:0
2019-10-08 22:20:46,150 [main] INFO  server.AuthenticationFilter (AuthenticationFilter.java:constructSecretProvider(240)) - Unable to initialize FileSignerSecretProvider, falling back to use random secrets.
2019-10-08 22:20:46,151 [main] WARN  http.HttpRequestLog (HttpRequestLog.java:getRequestLog(97)) - Jetty request log can only be enabled using Log4j
2019-10-08 22:20:46,154 [main] INFO  http.HttpServer2 (HttpServer2.java:addGlobalFilter(975)) - Added global filter 'safety' (class=org.apache.hadoop.http.HttpServer2$QuotingInputFilter)
2019-10-08 22:20:46,155 [main] INFO  http.HttpServer2 (HttpServer2.java:addFilter(948)) - Added filter static_user_filter (class=org.apache.hadoop.http.lib.StaticUserWebFilter$StaticUserFilter) to context scm
2019-10-08 22:20:46,155 [main] INFO  http.HttpServer2 (HttpServer2.java:addFilter(958)) - Added filter static_user_filter (class=org.apache.hadoop.http.lib.StaticUserWebFilter$StaticUserFilter) to context static
2019-10-08 22:20:46,156 [main] INFO  http.HttpServer2 (HttpServer2.java:addFilter(958)) - Added filter static_user_filter (class=org.apache.hadoop.http.lib.StaticUserWebFilter$StaticUserFilter) to context logs
2019-10-08 22:20:46,159 [main] INFO  server.StorageContainerManager (StorageContainerManager.java:start(772)) - StorageContainerLocationProtocol RPC server is listening at /0.0.0.0:42738
2019-10-08 22:20:46,162 [main] WARN  impl.MetricsConfig (MetricsConfig.java:loadFirst(134)) - Cannot locate configuration: tried hadoop-metrics2-storagecontainermanager.properties,hadoop-metrics2.properties
2019-10-08 22:20:46,163 [main] INFO  impl.MetricsSystemImpl (MetricsSystemImpl.java:startTimer(374)) - Scheduled Metric snapshot period at 10 second(s).
2019-10-08 22:20:46,164 [main] INFO  impl.MetricsSystemImpl (MetricsSystemImpl.java:start(191)) - StorageContainerManager metrics system started
2019-10-08 22:20:46,204 [main] INFO  lib.Interns (Interns.java:removeEldestEntry(50)) - Metrics intern cache overflow at 2011 for MetricsSystem={MetricsSystem=MetricsInfoImpl{name=MetricsSystem, description=MetricsSystem}, MetricsSystem record=MetricsInfoImpl{name=MetricsSystem, description=MetricsSystem record}}
2019-10-08 22:20:46,216 [main] WARN  impl.MetricsSystemImpl (MetricsSystemImpl.java:register(276)) - Sink prometheus already exists!
2019-10-08 22:20:46,271 [main] INFO  server.SCMClientProtocolServer (SCMClientProtocolServer.java:start(159)) - RPC server for Client  is listening at /0.0.0.0:42738
2019-10-08 22:20:46,272 [IPC Server Responder] INFO  ipc.Server (Server.java:run(1314)) - IPC Server Responder: starting
2019-10-08 22:20:46,272 [IPC Server listener on 42738] INFO  ipc.Server (Server.java:run(1153)) - IPC Server listener on 42738: starting
2019-10-08 22:20:46,275 [main] INFO  server.StorageContainerManager (StorageContainerManager.java:start(782)) - ScmBlockLocationProtocol RPC server is listening at /0.0.0.0:38659
2019-10-08 22:20:46,276 [main] INFO  server.SCMBlockProtocolServer (SCMBlockProtocolServer.java:start(146)) - RPC server for Block Protocol is listening at /0.0.0.0:38659
2019-10-08 22:20:46,276 [IPC Server Responder] INFO  ipc.Server (Server.java:run(1314)) - IPC Server Responder: starting
2019-10-08 22:20:46,277 [IPC Server listener on 38659] INFO  ipc.Server (Server.java:run(1153)) - IPC Server listener on 38659: starting
2019-10-08 22:20:46,281 [main] INFO  server.StorageContainerManager (StorageContainerManager.java:start(786)) - ScmDatanodeProtocl RPC server is listening at /0.0.0.0:45851
2019-10-08 22:20:46,281 [main] INFO  server.SCMDatanodeProtocolServer (SCMDatanodeProtocolServer.java:start(169)) - RPC server for DataNodes is listening at /0.0.0.0:45851
2019-10-08 22:20:46,282 [IPC Server Responder] INFO  ipc.Server (Server.java:run(1314)) - IPC Server Responder: starting
2019-10-08 22:20:46,283 [IPC Server listener on 45851] INFO  ipc.Server (Server.java:run(1153)) - IPC Server listener on 45851: starting
2019-10-08 22:20:46,287 [main] INFO  http.HttpServer2 (HttpServer2.java:bindListener(1191)) - Jetty bound to port 45768
2019-10-08 22:20:46,287 [main] INFO  server.Server (Server.java:doStart(351)) - jetty-9.3.25.v20180904, build timestamp: 2018-09-04T21:11:46Z, git hash: 3ce520221d0240229c862b122d2b06c12a625732
2019-10-08 22:20:46,288 [main] INFO  handler.ContextHandler (ContextHandler.java:doStart(781)) - Started o.e.j.s.ServletContextHandler@32faa16c{/logs,file:///workdir/hadoop-ozone/integration-test/target/log,AVAILABLE}
2019-10-08 22:20:46,289 [main] INFO  handler.ContextHandler (ContextHandler.java:doStart(781)) - Started o.e.j.s.ServletContextHandler@2bbb44da{/static,file:///workdir/hadoop-ozone/integration-test/target/test-classes/webapps/static,AVAILABLE}
2019-10-08 22:20:46,293 [main] INFO  handler.ContextHandler (ContextHandler.java:doStart(781)) - Started o.e.j.w.WebAppContext@66522ead{/,file:///workdir/hadoop-ozone/integration-test/target/test-classes/webapps/scm/,AVAILABLE}{/scm}
2019-10-08 22:20:46,294 [main] INFO  server.AbstractConnector (AbstractConnector.java:doStart(278)) - Started ServerConnector@5a484ce1{HTTP/1.1,[http/1.1]}{0.0.0.0:45768}
2019-10-08 22:20:46,295 [main] INFO  server.Server (Server.java:doStart(419)) - Started @102693ms
2019-10-08 22:20:46,295 [main] WARN  impl.MetricsSystemImpl (MetricsSystemImpl.java:register(276)) - Sink prometheus already exists!
2019-10-08 22:20:46,296 [main] INFO  server.BaseHttpServer (BaseHttpServer.java:updateConnectorAddress(215)) - HTTP server of SCM is listening at http://0.0.0.0:45768
2019-10-08 22:20:46,298 [main] WARN  server.ServerUtils (ServerUtils.java:getDBPath(222)) - ozone.om.db.dirs is not configured. We recommend adding this setting. Falling back to ozone.metadata.dirs instead.
2019-10-08 22:20:46,298 [org.apache.hadoop.util.JvmPauseMonitor$Monitor@2ffe243f] INFO  util.JvmPauseMonitor (JvmPauseMonitor.java:run(188)) - Starting JVM pause monitor
2019-10-08 22:20:46,310 [main] INFO  ha.OMHANodeDetails (OMHANodeDetails.java:loadOMHAConfig(190)) - Configuration either no ozone.om.address set. Falling back to the default OM address /127.0.0.1:0
2019-10-08 22:20:46,310 [main] INFO  ha.OMHANodeDetails (OMHANodeDetails.java:getOMNodeDetails(220)) - OM Service ID is not set. Setting it to the default ID: omServiceIdDefault
2019-10-08 22:20:46,311 [main] WARN  server.ServerUtils (ServerUtils.java:getDBPath(222)) - ozone.om.db.dirs is not configured. We recommend adding this setting. Falling back to ozone.metadata.dirs instead.
2019-10-08 22:20:46,311 [main] WARN  server.ServerUtils (ServerUtils.java:getDBPath(222)) - ozone.om.db.dirs is not configured. We recommend adding this setting. Falling back to ozone.metadata.dirs instead.
2019-10-08 22:20:46,319 [main] WARN  server.ServerUtils (ServerUtils.java:getDBPath(222)) - ozone.om.db.dirs is not configured. We recommend adding this setting. Falling back to ozone.metadata.dirs instead.
2019-10-08 22:20:46,320 [main] INFO  db.DBStoreBuilder (DBStoreBuilder.java:addTable(117)) - using custom profile for table: userTable
2019-10-08 22:20:46,320 [main] INFO  db.DBStoreBuilder (DBStoreBuilder.java:processTables(168)) - Using default column profile:DBProfile.DISK for Table:userTable
2019-10-08 22:20:46,320 [main] INFO  db.DBStoreBuilder (DBStoreBuilder.java:addTable(117)) - using custom profile for table: volumeTable
2019-10-08 22:20:46,320 [main] INFO  db.DBStoreBuilder (DBStoreBuilder.java:processTables(168)) - Using default column profile:DBProfile.DISK for Table:volumeTable
2019-10-08 22:20:46,321 [main] INFO  db.DBStoreBuilder (DBStoreBuilder.java:addTable(117)) - using custom profile for table: bucketTable
2019-10-08 22:20:46,321 [main] INFO  db.DBStoreBuilder (DBStoreBuilder.java:processTables(168)) - Using default column profile:DBProfile.DISK for Table:bucketTable
2019-10-08 22:20:46,321 [main] INFO  db.DBStoreBuilder (DBStoreBuilder.java:addTable(117)) - using custom profile for table: keyTable
2019-10-08 22:20:46,321 [main] INFO  db.DBStoreBuilder (DBStoreBuilder.java:processTables(168)) - Using default column profile:DBProfile.DISK for Table:keyTable
2019-10-08 22:20:46,321 [main] INFO  db.DBStoreBuilder (DBStoreBuilder.java:addTable(117)) - using custom profile for table: deletedTable
2019-10-08 22:20:46,321 [main] INFO  db.DBStoreBuilder (DBStoreBuilder.java:processTables(168)) - Using default column profile:DBProfile.DISK for Table:deletedTable
2019-10-08 22:20:46,322 [main] INFO  db.DBStoreBuilder (DBStoreBuilder.java:addTable(117)) - using custom profile for table: openKeyTable
2019-10-08 22:20:46,322 [main] INFO  db.DBStoreBuilder (DBStoreBuilder.java:processTables(168)) - Using default column profile:DBProfile.DISK for Table:openKeyTable
2019-10-08 22:20:46,322 [main] INFO  db.DBStoreBuilder (DBStoreBuilder.java:addTable(117)) - using custom profile for table: s3Table
2019-10-08 22:20:46,322 [main] INFO  db.DBStoreBuilder (DBStoreBuilder.java:processTables(168)) - Using default column profile:DBProfile.DISK for Table:s3Table
2019-10-08 22:20:46,322 [main] INFO  db.DBStoreBuilder (DBStoreBuilder.java:addTable(117)) - using custom profile for table: multipartInfoTable
2019-10-08 22:20:46,323 [main] INFO  db.DBStoreBuilder (DBStoreBuilder.java:processTables(168)) - Using default column profile:DBProfile.DISK for Table:multipartInfoTable
2019-10-08 22:20:46,323 [main] INFO  db.DBStoreBuilder (DBStoreBuilder.java:addTable(117)) - using custom profile for table: dTokenTable
2019-10-08 22:20:46,323 [main] INFO  db.DBStoreBuilder (DBStoreBuilder.java:processTables(168)) - Using default column profile:DBProfile.DISK for Table:dTokenTable
2019-10-08 22:20:46,323 [main] INFO  db.DBStoreBuilder (DBStoreBuilder.java:addTable(117)) - using custom profile for table: s3SecretTable
2019-10-08 22:20:46,323 [main] INFO  db.DBStoreBuilder (DBStoreBuilder.java:processTables(168)) - Using default column profile:DBProfile.DISK for Table:s3SecretTable
2019-10-08 22:20:46,324 [main] INFO  db.DBStoreBuilder (DBStoreBuilder.java:addTable(117)) - using custom profile for table: prefixTable
2019-10-08 22:20:46,324 [main] INFO  db.DBStoreBuilder (DBStoreBuilder.java:processTables(168)) - Using default column profile:DBProfile.DISK for Table:prefixTable
2019-10-08 22:20:46,324 [main] INFO  db.DBStoreBuilder (DBStoreBuilder.java:addTable(117)) - using custom profile for table: default
2019-10-08 22:20:46,324 [main] INFO  db.DBStoreBuilder (DBStoreBuilder.java:processTables(174)) - Using default column profile:DBProfile.DISK for Table:default
2019-10-08 22:20:46,324 [main] INFO  db.DBStoreBuilder (DBStoreBuilder.java:getDbProfile(205)) - Using default options. DBProfile.DISK
2019-10-08 22:20:46,795 [main] INFO  ipc.CallQueueManager (CallQueueManager.java:<init>(84)) - Using callQueue: class java.util.concurrent.LinkedBlockingQueue, queueCapacity: 2000, scheduler: class org.apache.hadoop.ipc.DefaultRpcScheduler, ipcBackoff: false.
2019-10-08 22:20:46,796 [Socket Reader #1 for port 43902] INFO  ipc.Server (Server.java:run(1074)) - Starting Socket Reader #1 for port 43902
2019-10-08 22:20:46,811 [main] INFO  om.OzoneManager (OzoneManager.java:start(1069)) - OzoneManager RPC server is listening at localhost/127.0.0.1:43902
2019-10-08 22:20:46,811 [main] INFO  impl.MetricsSystemImpl (MetricsSystemImpl.java:init(158)) - OzoneManager metrics system started (again)
2019-10-08 22:20:46,812 [IPC Server Responder] INFO  ipc.Server (Server.java:run(1314)) - IPC Server Responder: starting
2019-10-08 22:20:46,814 [IPC Server listener on 43902] INFO  ipc.Server (Server.java:run(1153)) - IPC Server listener on 43902: starting
2019-10-08 22:20:46,819 [main] INFO  hdfs.DFSUtil (DFSUtil.java:httpServerTemplateForNNAndJN(1641)) - Starting Web-server for ozoneManager at: http://0.0.0.0:0
2019-10-08 22:20:46,820 [main] INFO  server.AuthenticationFilter (AuthenticationFilter.java:constructSecretProvider(240)) - Unable to initialize FileSignerSecretProvider, falling back to use random secrets.
2019-10-08 22:20:46,821 [main] WARN  http.HttpRequestLog (HttpRequestLog.java:getRequestLog(97)) - Jetty request log can only be enabled using Log4j
2019-10-08 22:20:46,822 [main] INFO  http.HttpServer2 (HttpServer2.java:addGlobalFilter(975)) - Added global filter 'safety' (class=org.apache.hadoop.http.HttpServer2$QuotingInputFilter)
2019-10-08 22:20:46,823 [main] INFO  http.HttpServer2 (HttpServer2.java:addFilter(948)) - Added filter static_user_filter (class=org.apache.hadoop.http.lib.StaticUserWebFilter$StaticUserFilter) to context ozoneManager
2019-10-08 22:20:46,823 [main] INFO  http.HttpServer2 (HttpServer2.java:addFilter(958)) - Added filter static_user_filter (class=org.apache.hadoop.http.lib.StaticUserWebFilter$StaticUserFilter) to context static
2019-10-08 22:20:46,823 [main] INFO  http.HttpServer2 (HttpServer2.java:addFilter(958)) - Added filter static_user_filter (class=org.apache.hadoop.http.lib.StaticUserWebFilter$StaticUserFilter) to context logs
2019-10-08 22:20:46,824 [main] INFO  http.HttpServer2 (HttpServer2.java:bindListener(1191)) - Jetty bound to port 41948
2019-10-08 22:20:46,824 [main] INFO  server.Server (Server.java:doStart(351)) - jetty-9.3.25.v20180904, build timestamp: 2018-09-04T21:11:46Z, git hash: 3ce520221d0240229c862b122d2b06c12a625732
2019-10-08 22:20:46,826 [main] INFO  handler.ContextHandler (ContextHandler.java:doStart(781)) - Started o.e.j.s.ServletContextHandler@716185fe{/logs,file:///workdir/hadoop-ozone/integration-test/target/log,AVAILABLE}
2019-10-08 22:20:46,826 [main] INFO  handler.ContextHandler (ContextHandler.java:doStart(781)) - Started o.e.j.s.ServletContextHandler@478b0739{/static,file:///workdir/hadoop-ozone/integration-test/target/test-classes/webapps/static,AVAILABLE}
2019-10-08 22:20:46,830 [main] INFO  handler.ContextHandler (ContextHandler.java:doStart(781)) - Started o.e.j.w.WebAppContext@d7bbf12{/,file:///workdir/hadoop-ozone/integration-test/target/test-classes/webapps/ozoneManager/,AVAILABLE}{/ozoneManager}
2019-10-08 22:20:46,831 [main] INFO  server.AbstractConnector (AbstractConnector.java:doStart(278)) - Started ServerConnector@1450131a{HTTP/1.1,[http/1.1]}{0.0.0.0:41948}
2019-10-08 22:20:46,832 [main] INFO  server.Server (Server.java:doStart(419)) - Started @103230ms
2019-10-08 22:20:46,832 [main] WARN  impl.MetricsSystemImpl (MetricsSystemImpl.java:register(276)) - Sink prometheus already exists!
2019-10-08 22:20:46,833 [main] INFO  server.BaseHttpServer (BaseHttpServer.java:updateConnectorAddress(215)) - HTTP server of OZONEMANAGER is listening at http://0.0.0.0:41948
2019-10-08 22:20:46,849 [main] INFO  impl.MetricsSystemImpl (MetricsSystemImpl.java:init(158)) - HddsDatanode metrics system started (again)
2019-10-08 22:20:46,852 [main] INFO  ozone.HddsDatanodeService (HddsDatanodeService.java:start(184)) - HddsDatanodeService host:pr-hdds-1228-jbbql-2974301341 ip:192.168.30.45
2019-10-08 22:20:46,859 [main] INFO  volume.HddsVolume (HddsVolume.java:<init>(176)) - Creating Volume: /workdir/hadoop-ozone/integration-test/target/test-dir/MiniOzoneClusterImpl-8907c697-5eed-41c0-85e5-15ab21fae644/datanode-0/data/containers/hdds of  storage type : DISK and capacity : 1482555576320
2019-10-08 22:20:46,859 [main] INFO  volume.VolumeSet (VolumeSet.java:initializeVolumeSet(170)) - Added Volume : /workdir/hadoop-ozone/integration-test/target/test-dir/MiniOzoneClusterImpl-8907c697-5eed-41c0-85e5-15ab21fae644/datanode-0/data/containers/hdds to VolumeSet
2019-10-08 22:20:46,860 [main] INFO  volume.ThrottledAsyncChecker (ThrottledAsyncChecker.java:schedule(141)) - Scheduling a check for org.apache.hadoop.ozone.container.common.volume.HddsVolume@6b9fdbc6
2019-10-08 22:20:46,860 [main] INFO  volume.HddsVolumeChecker (HddsVolumeChecker.java:checkAllVolumes(204)) - Scheduled health check for volume org.apache.hadoop.ozone.container.common.volume.HddsVolume@6b9fdbc6
2019-10-08 22:20:46,874 [main] INFO  impl.RaftServerProxy (ConfUtils.java:logGet(43)) - raft.rpc.type = GRPC (default)
2019-10-08 22:20:46,874 [main] INFO  grpc.GrpcFactory (GrpcFactory.java:checkPooledByteBufAllocatorUseCacheForAllThreads(45)) - PERFORMANCE WARNING: useCacheForAllThreads is true that may cause Netty to create a lot garbage objects and, as a result, trigger GC.
	It is recommended to disable useCacheForAllThreads by setting -Dorg.apache.ratis.thirdparty.io.netty.allocator.useCacheForAllThreads=false in command line.
2019-10-08 22:20:46,874 [main] INFO  grpc.GrpcConfigKeys$Server (ConfUtils.java:logGet(43)) - raft.grpc.server.port = 0 (default)
2019-10-08 22:20:46,874 [main] INFO  server.GrpcService (ConfUtils.java:logGet(43)) - raft.grpc.message.size.max = 33570816 (custom)
2019-10-08 22:20:46,874 [main] INFO  server.RaftServerConfigKeys (ConfUtils.java:logGet(43)) - raft.server.log.appender.buffer.byte-limit = 33554432 (custom)
2019-10-08 22:20:46,875 [main] INFO  server.GrpcService (ConfUtils.java:logGet(43)) - raft.grpc.flow.control.window = 1MB (=1048576) (default)
2019-10-08 22:20:46,875 [main] INFO  server.RaftServerConfigKeys (ConfUtils.java:logGet(43)) - raft.server.rpc.request.timeout = 3000ms (default)
2019-10-08 22:20:46,875 [main] INFO  server.RaftServerConfigKeys (ConfUtils.java:logGet(43)) - raft.server.storage.dir = [/workdir/hadoop-ozone/integration-test/target/test-dir/MiniOzoneClusterImpl-8907c697-5eed-41c0-85e5-15ab21fae644/datanode-0/data/ratis] (custom)
2019-10-08 22:20:46,877 [main] INFO  hdfs.DFSUtil (DFSUtil.java:httpServerTemplateForNNAndJN(1641)) - Starting Web-server for hddsDatanode at: http://0.0.0.0:0
2019-10-08 22:20:46,884 [main] INFO  server.AuthenticationFilter (AuthenticationFilter.java:constructSecretProvider(240)) - Unable to initialize FileSignerSecretProvider, falling back to use random secrets.
2019-10-08 22:20:46,885 [main] WARN  http.HttpRequestLog (HttpRequestLog.java:getRequestLog(97)) - Jetty request log can only be enabled using Log4j
2019-10-08 22:20:46,888 [main] INFO  http.HttpServer2 (HttpServer2.java:addGlobalFilter(975)) - Added global filter 'safety' (class=org.apache.hadoop.http.HttpServer2$QuotingInputFilter)
2019-10-08 22:20:46,891 [main] INFO  http.HttpServer2 (HttpServer2.java:addFilter(948)) - Added filter static_user_filter (class=org.apache.hadoop.http.lib.StaticUserWebFilter$StaticUserFilter) to context hddsDatanode
2019-10-08 22:20:46,892 [main] INFO  http.HttpServer2 (HttpServer2.java:addFilter(958)) - Added filter static_user_filter (class=org.apache.hadoop.http.lib.StaticUserWebFilter$StaticUserFilter) to context logs
2019-10-08 22:20:46,892 [main] INFO  http.HttpServer2 (HttpServer2.java:addFilter(958)) - Added filter static_user_filter (class=org.apache.hadoop.http.lib.StaticUserWebFilter$StaticUserFilter) to context static
2019-10-08 22:20:46,892 [main] INFO  http.HttpServer2 (HttpServer2.java:bindListener(1191)) - Jetty bound to port 32996
2019-10-08 22:20:46,893 [main] INFO  server.Server (Server.java:doStart(351)) - jetty-9.3.25.v20180904, build timestamp: 2018-09-04T21:11:46Z, git hash: 3ce520221d0240229c862b122d2b06c12a625732
2019-10-08 22:20:46,894 [main] INFO  handler.ContextHandler (ContextHandler.java:doStart(781)) - Started o.e.j.s.ServletContextHandler@4da1f38a{/logs,file:///workdir/hadoop-ozone/integration-test/target/log,AVAILABLE}
2019-10-08 22:20:46,895 [main] INFO  handler.ContextHandler (ContextHandler.java:doStart(781)) - Started o.e.j.s.ServletContextHandler@4dadd690{/static,jar:file:/home/user/.m2/repository/org/apache/hadoop/hadoop-hdds-container-service/0.5.0-SNAPSHOT/hadoop-hdds-container-service-0.5.0-SNAPSHOT.jar!/webapps/static,AVAILABLE}
2019-10-08 22:20:46,924 [main] INFO  handler.ContextHandler (ContextHandler.java:doStart(781)) - Started o.e.j.w.WebAppContext@574059d5{/,file:///tmp/jetty-0.0.0.0-32996-hddsDatanode-_-any-8015931710026928554.dir/webapp/,AVAILABLE}{/hddsDatanode}
2019-10-08 22:20:46,924 [main] INFO  server.AbstractConnector (AbstractConnector.java:doStart(278)) - Started ServerConnector@6d672bd4{HTTP/1.1,[http/1.1]}{0.0.0.0:32996}
2019-10-08 22:20:46,928 [main] INFO  server.Server (Server.java:doStart(419)) - Started @103325ms
2019-10-08 22:20:46,928 [main] WARN  impl.MetricsSystemImpl (MetricsSystemImpl.java:register(276)) - Sink prometheus already exists!
2019-10-08 22:20:46,928 [main] INFO  server.BaseHttpServer (BaseHttpServer.java:updateConnectorAddress(215)) - HTTP server of HDDSDATANODE is listening at http://0.0.0.0:32996
2019-10-08 22:20:46,929 [main] INFO  impl.MetricsSystemImpl (MetricsSystemImpl.java:init(158)) - HddsDatanode metrics system started (again)
2019-10-08 22:20:46,932 [main] INFO  ozone.HddsDatanodeService (HddsDatanodeService.java:start(184)) - HddsDatanodeService host:pr-hdds-1228-jbbql-2974301341 ip:192.168.30.45
2019-10-08 22:20:46,932 [org.apache.hadoop.util.JvmPauseMonitor$Monitor@3c1b3751] INFO  util.JvmPauseMonitor (JvmPauseMonitor.java:run(188)) - Starting JVM pause monitor
2019-10-08 22:20:46,936 [Datanode State Machine Thread - 0] INFO  datanode.InitDatanodeState (InitDatanodeState.java:persistContainerDatanodeDetails(140)) - DatanodeDetails is persisted to /workdir/hadoop-ozone/integration-test/target/test-dir/MiniOzoneClusterImpl-8907c697-5eed-41c0-85e5-15ab21fae644/datanode-0/meta/datanode.id
2019-10-08 22:20:46,939 [main] INFO  volume.HddsVolume (HddsVolume.java:<init>(176)) - Creating Volume: /workdir/hadoop-ozone/integration-test/target/test-dir/MiniOzoneClusterImpl-8907c697-5eed-41c0-85e5-15ab21fae644/datanode-1/data/containers/hdds of  storage type : DISK and capacity : 1482555576320
2019-10-08 22:20:46,939 [main] INFO  volume.VolumeSet (VolumeSet.java:initializeVolumeSet(170)) - Added Volume : /workdir/hadoop-ozone/integration-test/target/test-dir/MiniOzoneClusterImpl-8907c697-5eed-41c0-85e5-15ab21fae644/datanode-1/data/containers/hdds to VolumeSet
2019-10-08 22:20:46,939 [main] INFO  volume.ThrottledAsyncChecker (ThrottledAsyncChecker.java:schedule(141)) - Scheduling a check for org.apache.hadoop.ozone.container.common.volume.HddsVolume@4d7a64ca
2019-10-08 22:20:46,939 [main] INFO  volume.HddsVolumeChecker (HddsVolumeChecker.java:checkAllVolumes(204)) - Scheduled health check for volume org.apache.hadoop.ozone.container.common.volume.HddsVolume@4d7a64ca
2019-10-08 22:20:46,954 [main] INFO  impl.RaftServerProxy (ConfUtils.java:logGet(43)) - raft.rpc.type = GRPC (default)
2019-10-08 22:20:46,954 [main] INFO  grpc.GrpcFactory (GrpcFactory.java:checkPooledByteBufAllocatorUseCacheForAllThreads(45)) - PERFORMANCE WARNING: useCacheForAllThreads is true that may cause Netty to create a lot garbage objects and, as a result, trigger GC.
	It is recommended to disable useCacheForAllThreads by setting -Dorg.apache.ratis.thirdparty.io.netty.allocator.useCacheForAllThreads=false in command line.
2019-10-08 22:20:46,954 [main] INFO  grpc.GrpcConfigKeys$Server (ConfUtils.java:logGet(43)) - raft.grpc.server.port = 0 (default)
2019-10-08 22:20:46,955 [main] INFO  server.GrpcService (ConfUtils.java:logGet(43)) - raft.grpc.message.size.max = 33570816 (custom)
2019-10-08 22:20:46,955 [main] INFO  server.RaftServerConfigKeys (ConfUtils.java:logGet(43)) - raft.server.log.appender.buffer.byte-limit = 33554432 (custom)
2019-10-08 22:20:46,955 [main] INFO  server.GrpcService (ConfUtils.java:logGet(43)) - raft.grpc.flow.control.window = 1MB (=1048576) (default)
2019-10-08 22:20:46,955 [main] INFO  server.RaftServerConfigKeys (ConfUtils.java:logGet(43)) - raft.server.rpc.request.timeout = 3000ms (default)
2019-10-08 22:20:46,956 [main] INFO  server.RaftServerConfigKeys (ConfUtils.java:logGet(43)) - raft.server.storage.dir = [/workdir/hadoop-ozone/integration-test/target/test-dir/MiniOzoneClusterImpl-8907c697-5eed-41c0-85e5-15ab21fae644/datanode-1/data/ratis] (custom)
2019-10-08 22:20:46,958 [main] INFO  hdfs.DFSUtil (DFSUtil.java:httpServerTemplateForNNAndJN(1641)) - Starting Web-server for hddsDatanode at: http://0.0.0.0:0
2019-10-08 22:20:46,959 [main] INFO  server.AuthenticationFilter (AuthenticationFilter.java:constructSecretProvider(240)) - Unable to initialize FileSignerSecretProvider, falling back to use random secrets.
2019-10-08 22:20:46,959 [main] WARN  http.HttpRequestLog (HttpRequestLog.java:getRequestLog(97)) - Jetty request log can only be enabled using Log4j
2019-10-08 22:20:46,960 [main] INFO  http.HttpServer2 (HttpServer2.java:addGlobalFilter(975)) - Added global filter 'safety' (class=org.apache.hadoop.http.HttpServer2$QuotingInputFilter)
2019-10-08 22:20:46,961 [main] INFO  http.HttpServer2 (HttpServer2.java:addFilter(948)) - Added filter static_user_filter (class=org.apache.hadoop.http.lib.StaticUserWebFilter$StaticUserFilter) to context hddsDatanode
2019-10-08 22:20:46,961 [main] INFO  http.HttpServer2 (HttpServer2.java:addFilter(958)) - Added filter static_user_filter (class=org.apache.hadoop.http.lib.StaticUserWebFilter$StaticUserFilter) to context logs
2019-10-08 22:20:46,961 [main] INFO  http.HttpServer2 (HttpServer2.java:addFilter(958)) - Added filter static_user_filter (class=org.apache.hadoop.http.lib.StaticUserWebFilter$StaticUserFilter) to context static
2019-10-08 22:20:46,962 [main] INFO  http.HttpServer2 (HttpServer2.java:bindListener(1191)) - Jetty bound to port 37817
2019-10-08 22:20:46,962 [main] INFO  server.Server (Server.java:doStart(351)) - jetty-9.3.25.v20180904, build timestamp: 2018-09-04T21:11:46Z, git hash: 3ce520221d0240229c862b122d2b06c12a625732
2019-10-08 22:20:46,964 [main] INFO  handler.ContextHandler (ContextHandler.java:doStart(781)) - Started o.e.j.s.ServletContextHandler@500051c5{/logs,file:///workdir/hadoop-ozone/integration-test/target/log,AVAILABLE}
2019-10-08 22:20:46,964 [main] INFO  handler.ContextHandler (ContextHandler.java:doStart(781)) - Started o.e.j.s.ServletContextHandler@4c19d42e{/static,jar:file:/home/user/.m2/repository/org/apache/hadoop/hadoop-hdds-container-service/0.5.0-SNAPSHOT/hadoop-hdds-container-service-0.5.0-SNAPSHOT.jar!/webapps/static,AVAILABLE}
2019-10-08 22:20:46,992 [main] INFO  handler.ContextHandler (ContextHandler.java:doStart(781)) - Started o.e.j.w.WebAppContext@c02670f{/,file:///tmp/jetty-0.0.0.0-37817-hddsDatanode-_-any-8614437974015160500.dir/webapp/,AVAILABLE}{/hddsDatanode}
2019-10-08 22:20:46,993 [main] INFO  server.AbstractConnector (AbstractConnector.java:doStart(278)) - Started ServerConnector@71179b6f{HTTP/1.1,[http/1.1]}{0.0.0.0:37817}
2019-10-08 22:20:46,994 [main] INFO  server.Server (Server.java:doStart(419)) - Started @103392ms
2019-10-08 22:20:46,994 [main] WARN  impl.MetricsSystemImpl (MetricsSystemImpl.java:register(276)) - Sink prometheus already exists!
2019-10-08 22:20:46,995 [main] INFO  server.BaseHttpServer (BaseHttpServer.java:updateConnectorAddress(215)) - HTTP server of HDDSDATANODE is listening at http://0.0.0.0:37817
2019-10-08 22:20:46,995 [main] INFO  impl.MetricsSystemImpl (MetricsSystemImpl.java:init(158)) - HddsDatanode metrics system started (again)
2019-10-08 22:20:46,998 [org.apache.hadoop.util.JvmPauseMonitor$Monitor@2802c1db] INFO  util.JvmPauseMonitor (JvmPauseMonitor.java:run(188)) - Starting JVM pause monitor
2019-10-08 22:20:46,998 [main] INFO  ozone.HddsDatanodeService (HddsDatanodeService.java:start(184)) - HddsDatanodeService host:pr-hdds-1228-jbbql-2974301341 ip:192.168.30.45
2019-10-08 22:20:47,002 [Datanode State Machine Thread - 0] INFO  datanode.InitDatanodeState (InitDatanodeState.java:persistContainerDatanodeDetails(140)) - DatanodeDetails is persisted to /workdir/hadoop-ozone/integration-test/target/test-dir/MiniOzoneClusterImpl-8907c697-5eed-41c0-85e5-15ab21fae644/datanode-1/meta/datanode.id
2019-10-08 22:20:47,003 [main] INFO  volume.HddsVolume (HddsVolume.java:<init>(176)) - Creating Volume: /workdir/hadoop-ozone/integration-test/target/test-dir/MiniOzoneClusterImpl-8907c697-5eed-41c0-85e5-15ab21fae644/datanode-2/data/containers/hdds of  storage type : DISK and capacity : 1482555576320
2019-10-08 22:20:47,004 [main] INFO  volume.VolumeSet (VolumeSet.java:initializeVolumeSet(170)) - Added Volume : /workdir/hadoop-ozone/integration-test/target/test-dir/MiniOzoneClusterImpl-8907c697-5eed-41c0-85e5-15ab21fae644/datanode-2/data/containers/hdds to VolumeSet
2019-10-08 22:20:47,004 [main] INFO  volume.ThrottledAsyncChecker (ThrottledAsyncChecker.java:schedule(141)) - Scheduling a check for org.apache.hadoop.ozone.container.common.volume.HddsVolume@62b57479
2019-10-08 22:20:47,004 [main] INFO  volume.HddsVolumeChecker (HddsVolumeChecker.java:checkAllVolumes(204)) - Scheduled health check for volume org.apache.hadoop.ozone.container.common.volume.HddsVolume@62b57479
2019-10-08 22:20:47,017 [main] INFO  impl.RaftServerProxy (ConfUtils.java:logGet(43)) - raft.rpc.type = GRPC (default)
2019-10-08 22:20:47,017 [main] INFO  grpc.GrpcFactory (GrpcFactory.java:checkPooledByteBufAllocatorUseCacheForAllThreads(45)) - PERFORMANCE WARNING: useCacheForAllThreads is true that may cause Netty to create a lot garbage objects and, as a result, trigger GC.
	It is recommended to disable useCacheForAllThreads by setting -Dorg.apache.ratis.thirdparty.io.netty.allocator.useCacheForAllThreads=false in command line.
2019-10-08 22:20:47,018 [main] INFO  grpc.GrpcConfigKeys$Server (ConfUtils.java:logGet(43)) - raft.grpc.server.port = 0 (default)
2019-10-08 22:20:47,018 [main] INFO  server.GrpcService (ConfUtils.java:logGet(43)) - raft.grpc.message.size.max = 33570816 (custom)
2019-10-08 22:20:47,018 [main] INFO  server.RaftServerConfigKeys (ConfUtils.java:logGet(43)) - raft.server.log.appender.buffer.byte-limit = 33554432 (custom)
2019-10-08 22:20:47,018 [main] INFO  server.GrpcService (ConfUtils.java:logGet(43)) - raft.grpc.flow.control.window = 1MB (=1048576) (default)
2019-10-08 22:20:47,018 [main] INFO  server.RaftServerConfigKeys (ConfUtils.java:logGet(43)) - raft.server.rpc.request.timeout = 3000ms (default)
2019-10-08 22:20:47,019 [main] INFO  server.RaftServerConfigKeys (ConfUtils.java:logGet(43)) - raft.server.storage.dir = [/workdir/hadoop-ozone/integration-test/target/test-dir/MiniOzoneClusterImpl-8907c697-5eed-41c0-85e5-15ab21fae644/datanode-2/data/ratis] (custom)
2019-10-08 22:20:47,020 [main] INFO  hdfs.DFSUtil (DFSUtil.java:httpServerTemplateForNNAndJN(1641)) - Starting Web-server for hddsDatanode at: http://0.0.0.0:0
2019-10-08 22:20:47,021 [main] INFO  server.AuthenticationFilter (AuthenticationFilter.java:constructSecretProvider(240)) - Unable to initialize FileSignerSecretProvider, falling back to use random secrets.
2019-10-08 22:20:47,021 [main] WARN  http.HttpRequestLog (HttpRequestLog.java:getRequestLog(97)) - Jetty request log can only be enabled using Log4j
2019-10-08 22:20:47,022 [main] INFO  http.HttpServer2 (HttpServer2.java:addGlobalFilter(975)) - Added global filter 'safety' (class=org.apache.hadoop.http.HttpServer2$QuotingInputFilter)
2019-10-08 22:20:47,023 [main] INFO  http.HttpServer2 (HttpServer2.java:addFilter(948)) - Added filter static_user_filter (class=org.apache.hadoop.http.lib.StaticUserWebFilter$StaticUserFilter) to context hddsDatanode
2019-10-08 22:20:47,023 [main] INFO  http.HttpServer2 (HttpServer2.java:addFilter(958)) - Added filter static_user_filter (class=org.apache.hadoop.http.lib.StaticUserWebFilter$StaticUserFilter) to context logs
2019-10-08 22:20:47,023 [main] INFO  http.HttpServer2 (HttpServer2.java:addFilter(958)) - Added filter static_user_filter (class=org.apache.hadoop.http.lib.StaticUserWebFilter$StaticUserFilter) to context static
2019-10-08 22:20:47,024 [main] INFO  http.HttpServer2 (HttpServer2.java:bindListener(1191)) - Jetty bound to port 39733
2019-10-08 22:20:47,024 [main] INFO  server.Server (Server.java:doStart(351)) - jetty-9.3.25.v20180904, build timestamp: 2018-09-04T21:11:46Z, git hash: 3ce520221d0240229c862b122d2b06c12a625732
2019-10-08 22:20:47,025 [main] INFO  handler.ContextHandler (ContextHandler.java:doStart(781)) - Started o.e.j.s.ServletContextHandler@36068727{/logs,file:///workdir/hadoop-ozone/integration-test/target/log,AVAILABLE}
2019-10-08 22:20:47,026 [main] INFO  handler.ContextHandler (ContextHandler.java:doStart(781)) - Started o.e.j.s.ServletContextHandler@3d88e6b9{/static,jar:file:/home/user/.m2/repository/org/apache/hadoop/hadoop-hdds-container-service/0.5.0-SNAPSHOT/hadoop-hdds-container-service-0.5.0-SNAPSHOT.jar!/webapps/static,AVAILABLE}
2019-10-08 22:20:47,054 [main] INFO  handler.ContextHandler (ContextHandler.java:doStart(781)) - Started o.e.j.w.WebAppContext@31973858{/,file:///tmp/jetty-0.0.0.0-39733-hddsDatanode-_-any-4506878539946274316.dir/webapp/,AVAILABLE}{/hddsDatanode}
2019-10-08 22:20:47,054 [main] INFO  server.AbstractConnector (AbstractConnector.java:doStart(278)) - Started ServerConnector@65514add{HTTP/1.1,[http/1.1]}{0.0.0.0:39733}
2019-10-08 22:20:47,056 [main] INFO  server.Server (Server.java:doStart(419)) - Started @103453ms
2019-10-08 22:20:47,056 [main] WARN  impl.MetricsSystemImpl (MetricsSystemImpl.java:register(276)) - Sink prometheus already exists!
2019-10-08 22:20:47,056 [main] INFO  server.BaseHttpServer (BaseHttpServer.java:updateConnectorAddress(215)) - HTTP server of HDDSDATANODE is listening at http://0.0.0.0:39733
2019-10-08 22:20:47,057 [main] INFO  impl.MetricsSystemImpl (MetricsSystemImpl.java:init(158)) - HddsDatanode metrics system started (again)
2019-10-08 22:20:47,060 [org.apache.hadoop.util.JvmPauseMonitor$Monitor@f6e3ca2] INFO  util.JvmPauseMonitor (JvmPauseMonitor.java:run(188)) - Starting JVM pause monitor
2019-10-08 22:20:47,060 [main] INFO  ozone.HddsDatanodeService (HddsDatanodeService.java:start(184)) - HddsDatanodeService host:pr-hdds-1228-jbbql-2974301341 ip:192.168.30.45
2019-10-08 22:20:47,062 [Datanode State Machine Thread - 0] INFO  datanode.InitDatanodeState (InitDatanodeState.java:persistContainerDatanodeDetails(140)) - DatanodeDetails is persisted to /workdir/hadoop-ozone/integration-test/target/test-dir/MiniOzoneClusterImpl-8907c697-5eed-41c0-85e5-15ab21fae644/datanode-2/meta/datanode.id
2019-10-08 22:20:47,066 [main] INFO  volume.HddsVolume (HddsVolume.java:<init>(176)) - Creating Volume: /workdir/hadoop-ozone/integration-test/target/test-dir/MiniOzoneClusterImpl-8907c697-5eed-41c0-85e5-15ab21fae644/datanode-3/data/containers/hdds of  storage type : DISK and capacity : 1482555576320
2019-10-08 22:20:47,067 [main] INFO  volume.VolumeSet (VolumeSet.java:initializeVolumeSet(170)) - Added Volume : /workdir/hadoop-ozone/integration-test/target/test-dir/MiniOzoneClusterImpl-8907c697-5eed-41c0-85e5-15ab21fae644/datanode-3/data/containers/hdds to VolumeSet
2019-10-08 22:20:47,067 [main] INFO  volume.ThrottledAsyncChecker (ThrottledAsyncChecker.java:schedule(141)) - Scheduling a check for org.apache.hadoop.ozone.container.common.volume.HddsVolume@270a620
2019-10-08 22:20:47,068 [main] INFO  volume.HddsVolumeChecker (HddsVolumeChecker.java:checkAllVolumes(204)) - Scheduled health check for volume org.apache.hadoop.ozone.container.common.volume.HddsVolume@270a620
2019-10-08 22:20:47,081 [main] INFO  impl.RaftServerProxy (ConfUtils.java:logGet(43)) - raft.rpc.type = GRPC (default)
2019-10-08 22:20:47,081 [main] INFO  grpc.GrpcFactory (GrpcFactory.java:checkPooledByteBufAllocatorUseCacheForAllThreads(45)) - PERFORMANCE WARNING: useCacheForAllThreads is true that may cause Netty to create a lot garbage objects and, as a result, trigger GC.
	It is recommended to disable useCacheForAllThreads by setting -Dorg.apache.ratis.thirdparty.io.netty.allocator.useCacheForAllThreads=false in command line.
2019-10-08 22:20:47,081 [main] INFO  grpc.GrpcConfigKeys$Server (ConfUtils.java:logGet(43)) - raft.grpc.server.port = 0 (default)
2019-10-08 22:20:47,081 [main] INFO  server.GrpcService (ConfUtils.java:logGet(43)) - raft.grpc.message.size.max = 33570816 (custom)
2019-10-08 22:20:47,081 [main] INFO  server.RaftServerConfigKeys (ConfUtils.java:logGet(43)) - raft.server.log.appender.buffer.byte-limit = 33554432 (custom)
2019-10-08 22:20:47,082 [main] INFO  server.GrpcService (ConfUtils.java:logGet(43)) - raft.grpc.flow.control.window = 1MB (=1048576) (default)
2019-10-08 22:20:47,082 [main] INFO  server.RaftServerConfigKeys (ConfUtils.java:logGet(43)) - raft.server.rpc.request.timeout = 3000ms (default)
2019-10-08 22:20:47,082 [main] INFO  server.RaftServerConfigKeys (ConfUtils.java:logGet(43)) - raft.server.storage.dir = [/workdir/hadoop-ozone/integration-test/target/test-dir/MiniOzoneClusterImpl-8907c697-5eed-41c0-85e5-15ab21fae644/datanode-3/data/ratis] (custom)
2019-10-08 22:20:47,083 [main] INFO  hdfs.DFSUtil (DFSUtil.java:httpServerTemplateForNNAndJN(1641)) - Starting Web-server for hddsDatanode at: http://0.0.0.0:0
2019-10-08 22:20:47,084 [main] INFO  server.AuthenticationFilter (AuthenticationFilter.java:constructSecretProvider(240)) - Unable to initialize FileSignerSecretProvider, falling back to use random secrets.
2019-10-08 22:20:47,084 [main] WARN  http.HttpRequestLog (HttpRequestLog.java:getRequestLog(97)) - Jetty request log can only be enabled using Log4j
2019-10-08 22:20:47,086 [main] INFO  http.HttpServer2 (HttpServer2.java:addGlobalFilter(975)) - Added global filter 'safety' (class=org.apache.hadoop.http.HttpServer2$QuotingInputFilter)
2019-10-08 22:20:47,086 [main] INFO  http.HttpServer2 (HttpServer2.java:addFilter(948)) - Added filter static_user_filter (class=org.apache.hadoop.http.lib.StaticUserWebFilter$StaticUserFilter) to context hddsDatanode
2019-10-08 22:20:47,086 [main] INFO  http.HttpServer2 (HttpServer2.java:addFilter(958)) - Added filter static_user_filter (class=org.apache.hadoop.http.lib.StaticUserWebFilter$StaticUserFilter) to context static
2019-10-08 22:20:47,086 [main] INFO  http.HttpServer2 (HttpServer2.java:addFilter(958)) - Added filter static_user_filter (class=org.apache.hadoop.http.lib.StaticUserWebFilter$StaticUserFilter) to context logs
2019-10-08 22:20:47,087 [main] INFO  http.HttpServer2 (HttpServer2.java:bindListener(1191)) - Jetty bound to port 39722
2019-10-08 22:20:47,087 [main] INFO  server.Server (Server.java:doStart(351)) - jetty-9.3.25.v20180904, build timestamp: 2018-09-04T21:11:46Z, git hash: 3ce520221d0240229c862b122d2b06c12a625732
2019-10-08 22:20:47,089 [main] INFO  handler.ContextHandler (ContextHandler.java:doStart(781)) - Started o.e.j.s.ServletContextHandler@45117dd{/logs,file:///workdir/hadoop-ozone/integration-test/target/log,AVAILABLE}
2019-10-08 22:20:47,089 [main] INFO  handler.ContextHandler (ContextHandler.java:doStart(781)) - Started o.e.j.s.ServletContextHandler@834e986{/static,jar:file:/home/user/.m2/repository/org/apache/hadoop/hadoop-hdds-container-service/0.5.0-SNAPSHOT/hadoop-hdds-container-service-0.5.0-SNAPSHOT.jar!/webapps/static,AVAILABLE}
2019-10-08 22:20:47,118 [main] INFO  handler.ContextHandler (ContextHandler.java:doStart(781)) - Started o.e.j.w.WebAppContext@162c1dfb{/,file:///tmp/jetty-0.0.0.0-39722-hddsDatanode-_-any-1102844592088238424.dir/webapp/,AVAILABLE}{/hddsDatanode}
2019-10-08 22:20:47,118 [main] INFO  server.AbstractConnector (AbstractConnector.java:doStart(278)) - Started ServerConnector@21ae657b{HTTP/1.1,[http/1.1]}{0.0.0.0:39722}
2019-10-08 22:20:47,119 [main] INFO  server.Server (Server.java:doStart(419)) - Started @103517ms
2019-10-08 22:20:47,120 [main] WARN  impl.MetricsSystemImpl (MetricsSystemImpl.java:register(276)) - Sink prometheus already exists!
2019-10-08 22:20:47,120 [main] INFO  server.BaseHttpServer (BaseHttpServer.java:updateConnectorAddress(215)) - HTTP server of HDDSDATANODE is listening at http://0.0.0.0:39722
2019-10-08 22:20:47,121 [main] INFO  impl.MetricsSystemImpl (MetricsSystemImpl.java:init(158)) - HddsDatanode metrics system started (again)
2019-10-08 22:20:47,124 [org.apache.hadoop.util.JvmPauseMonitor$Monitor@601543ba] INFO  util.JvmPauseMonitor (JvmPauseMonitor.java:run(188)) - Starting JVM pause monitor
2019-10-08 22:20:47,125 [main] INFO  ozone.HddsDatanodeService (HddsDatanodeService.java:start(184)) - HddsDatanodeService host:pr-hdds-1228-jbbql-2974301341 ip:192.168.30.45
2019-10-08 22:20:47,126 [Datanode State Machine Thread - 0] INFO  datanode.InitDatanodeState (InitDatanodeState.java:persistContainerDatanodeDetails(140)) - DatanodeDetails is persisted to /workdir/hadoop-ozone/integration-test/target/test-dir/MiniOzoneClusterImpl-8907c697-5eed-41c0-85e5-15ab21fae644/datanode-3/meta/datanode.id
2019-10-08 22:20:47,134 [main] INFO  volume.HddsVolume (HddsVolume.java:<init>(176)) - Creating Volume: /workdir/hadoop-ozone/integration-test/target/test-dir/MiniOzoneClusterImpl-8907c697-5eed-41c0-85e5-15ab21fae644/datanode-4/data/containers/hdds of  storage type : DISK and capacity : 1482555576320
2019-10-08 22:20:47,134 [main] INFO  volume.VolumeSet (VolumeSet.java:initializeVolumeSet(170)) - Added Volume : /workdir/hadoop-ozone/integration-test/target/test-dir/MiniOzoneClusterImpl-8907c697-5eed-41c0-85e5-15ab21fae644/datanode-4/data/containers/hdds to VolumeSet
2019-10-08 22:20:47,134 [main] INFO  volume.ThrottledAsyncChecker (ThrottledAsyncChecker.java:schedule(141)) - Scheduling a check for org.apache.hadoop.ozone.container.common.volume.HddsVolume@4130a648
2019-10-08 22:20:47,135 [main] INFO  volume.HddsVolumeChecker (HddsVolumeChecker.java:checkAllVolumes(204)) - Scheduled health check for volume org.apache.hadoop.ozone.container.common.volume.HddsVolume@4130a648
2019-10-08 22:20:47,149 [main] INFO  impl.RaftServerProxy (ConfUtils.java:logGet(43)) - raft.rpc.type = GRPC (default)
2019-10-08 22:20:47,149 [main] INFO  grpc.GrpcFactory (GrpcFactory.java:checkPooledByteBufAllocatorUseCacheForAllThreads(45)) - PERFORMANCE WARNING: useCacheForAllThreads is true that may cause Netty to create a lot garbage objects and, as a result, trigger GC.
	It is recommended to disable useCacheForAllThreads by setting -Dorg.apache.ratis.thirdparty.io.netty.allocator.useCacheForAllThreads=false in command line.
2019-10-08 22:20:47,149 [main] INFO  grpc.GrpcConfigKeys$Server (ConfUtils.java:logGet(43)) - raft.grpc.server.port = 0 (default)
2019-10-08 22:20:47,149 [main] INFO  server.GrpcService (ConfUtils.java:logGet(43)) - raft.grpc.message.size.max = 33570816 (custom)
2019-10-08 22:20:47,150 [main] INFO  server.RaftServerConfigKeys (ConfUtils.java:logGet(43)) - raft.server.log.appender.buffer.byte-limit = 33554432 (custom)
2019-10-08 22:20:47,150 [main] INFO  server.GrpcService (ConfUtils.java:logGet(43)) - raft.grpc.flow.control.window = 1MB (=1048576) (default)
2019-10-08 22:20:47,150 [main] INFO  server.RaftServerConfigKeys (ConfUtils.java:logGet(43)) - raft.server.rpc.request.timeout = 3000ms (default)
2019-10-08 22:20:47,150 [main] INFO  server.RaftServerConfigKeys (ConfUtils.java:logGet(43)) - raft.server.storage.dir = [/workdir/hadoop-ozone/integration-test/target/test-dir/MiniOzoneClusterImpl-8907c697-5eed-41c0-85e5-15ab21fae644/datanode-4/data/ratis] (custom)
2019-10-08 22:20:47,152 [main] INFO  hdfs.DFSUtil (DFSUtil.java:httpServerTemplateForNNAndJN(1641)) - Starting Web-server for hddsDatanode at: http://0.0.0.0:0
2019-10-08 22:20:47,153 [main] INFO  server.AuthenticationFilter (AuthenticationFilter.java:constructSecretProvider(240)) - Unable to initialize FileSignerSecretProvider, falling back to use random secrets.
2019-10-08 22:20:47,153 [main] WARN  http.HttpRequestLog (HttpRequestLog.java:getRequestLog(97)) - Jetty request log can only be enabled using Log4j
2019-10-08 22:20:47,154 [main] INFO  http.HttpServer2 (HttpServer2.java:addGlobalFilter(975)) - Added global filter 'safety' (class=org.apache.hadoop.http.HttpServer2$QuotingInputFilter)
2019-10-08 22:20:47,155 [main] INFO  http.HttpServer2 (HttpServer2.java:addFilter(948)) - Added filter static_user_filter (class=org.apache.hadoop.http.lib.StaticUserWebFilter$StaticUserFilter) to context hddsDatanode
2019-10-08 22:20:47,155 [main] INFO  http.HttpServer2 (HttpServer2.java:addFilter(958)) - Added filter static_user_filter (class=org.apache.hadoop.http.lib.StaticUserWebFilter$StaticUserFilter) to context static
2019-10-08 22:20:47,155 [main] INFO  http.HttpServer2 (HttpServer2.java:addFilter(958)) - Added filter static_user_filter (class=org.apache.hadoop.http.lib.StaticUserWebFilter$StaticUserFilter) to context logs
2019-10-08 22:20:47,156 [main] INFO  http.HttpServer2 (HttpServer2.java:bindListener(1191)) - Jetty bound to port 37029
2019-10-08 22:20:47,156 [main] INFO  server.Server (Server.java:doStart(351)) - jetty-9.3.25.v20180904, build timestamp: 2018-09-04T21:11:46Z, git hash: 3ce520221d0240229c862b122d2b06c12a625732
2019-10-08 22:20:47,158 [main] INFO  handler.ContextHandler (ContextHandler.java:doStart(781)) - Started o.e.j.s.ServletContextHandler@16134476{/logs,file:///workdir/hadoop-ozone/integration-test/target/log,AVAILABLE}
2019-10-08 22:20:47,158 [main] INFO  handler.ContextHandler (ContextHandler.java:doStart(781)) - Started o.e.j.s.ServletContextHandler@3e214105{/static,jar:file:/home/user/.m2/repository/org/apache/hadoop/hadoop-hdds-container-service/0.5.0-SNAPSHOT/hadoop-hdds-container-service-0.5.0-SNAPSHOT.jar!/webapps/static,AVAILABLE}
2019-10-08 22:20:47,186 [main] INFO  handler.ContextHandler (ContextHandler.java:doStart(781)) - Started o.e.j.w.WebAppContext@2921199d{/,file:///tmp/jetty-0.0.0.0-37029-hddsDatanode-_-any-7207239660889999867.dir/webapp/,AVAILABLE}{/hddsDatanode}
2019-10-08 22:20:47,186 [main] INFO  server.AbstractConnector (AbstractConnector.java:doStart(278)) - Started ServerConnector@3d40a3b4{HTTP/1.1,[http/1.1]}{0.0.0.0:37029}
2019-10-08 22:20:47,188 [main] INFO  server.Server (Server.java:doStart(419)) - Started @103585ms
2019-10-08 22:20:47,188 [main] WARN  impl.MetricsSystemImpl (MetricsSystemImpl.java:register(276)) - Sink prometheus already exists!
2019-10-08 22:20:47,188 [main] INFO  server.BaseHttpServer (BaseHttpServer.java:updateConnectorAddress(215)) - HTTP server of HDDSDATANODE is listening at http://0.0.0.0:37029
2019-10-08 22:20:47,189 [main] INFO  impl.MetricsSystemImpl (MetricsSystemImpl.java:init(158)) - HddsDatanode metrics system started (again)
2019-10-08 22:20:47,193 [org.apache.hadoop.util.JvmPauseMonitor$Monitor@41e17bb] INFO  util.JvmPauseMonitor (JvmPauseMonitor.java:run(188)) - Starting JVM pause monitor
2019-10-08 22:20:47,193 [main] INFO  ozone.HddsDatanodeService (HddsDatanodeService.java:start(184)) - HddsDatanodeService host:pr-hdds-1228-jbbql-2974301341 ip:192.168.30.45
2019-10-08 22:20:47,194 [Datanode State Machine Thread - 0] INFO  datanode.InitDatanodeState (InitDatanodeState.java:persistContainerDatanodeDetails(140)) - DatanodeDetails is persisted to /workdir/hadoop-ozone/integration-test/target/test-dir/MiniOzoneClusterImpl-8907c697-5eed-41c0-85e5-15ab21fae644/datanode-4/meta/datanode.id
2019-10-08 22:20:47,200 [main] INFO  volume.HddsVolume (HddsVolume.java:<init>(176)) - Creating Volume: /workdir/hadoop-ozone/integration-test/target/test-dir/MiniOzoneClusterImpl-8907c697-5eed-41c0-85e5-15ab21fae644/datanode-5/data/containers/hdds of  storage type : DISK and capacity : 1482555576320
2019-10-08 22:20:47,200 [main] INFO  volume.VolumeSet (VolumeSet.java:initializeVolumeSet(170)) - Added Volume : /workdir/hadoop-ozone/integration-test/target/test-dir/MiniOzoneClusterImpl-8907c697-5eed-41c0-85e5-15ab21fae644/datanode-5/data/containers/hdds to VolumeSet
2019-10-08 22:20:47,200 [main] INFO  volume.ThrottledAsyncChecker (ThrottledAsyncChecker.java:schedule(141)) - Scheduling a check for org.apache.hadoop.ozone.container.common.volume.HddsVolume@1e3df614
2019-10-08 22:20:47,201 [main] INFO  volume.HddsVolumeChecker (HddsVolumeChecker.java:checkAllVolumes(204)) - Scheduled health check for volume org.apache.hadoop.ozone.container.common.volume.HddsVolume@1e3df614
2019-10-08 22:20:47,216 [main] INFO  impl.RaftServerProxy (ConfUtils.java:logGet(43)) - raft.rpc.type = GRPC (default)
2019-10-08 22:20:47,216 [main] INFO  grpc.GrpcFactory (GrpcFactory.java:checkPooledByteBufAllocatorUseCacheForAllThreads(45)) - PERFORMANCE WARNING: useCacheForAllThreads is true that may cause Netty to create a lot garbage objects and, as a result, trigger GC.
	It is recommended to disable useCacheForAllThreads by setting -Dorg.apache.ratis.thirdparty.io.netty.allocator.useCacheForAllThreads=false in command line.
2019-10-08 22:20:47,216 [main] INFO  grpc.GrpcConfigKeys$Server (ConfUtils.java:logGet(43)) - raft.grpc.server.port = 0 (default)
2019-10-08 22:20:47,216 [main] INFO  server.GrpcService (ConfUtils.java:logGet(43)) - raft.grpc.message.size.max = 33570816 (custom)
2019-10-08 22:20:47,217 [main] INFO  server.RaftServerConfigKeys (ConfUtils.java:logGet(43)) - raft.server.log.appender.buffer.byte-limit = 33554432 (custom)
2019-10-08 22:20:47,217 [main] INFO  server.GrpcService (ConfUtils.java:logGet(43)) - raft.grpc.flow.control.window = 1MB (=1048576) (default)
2019-10-08 22:20:47,217 [main] INFO  server.RaftServerConfigKeys (ConfUtils.java:logGet(43)) - raft.server.rpc.request.timeout = 3000ms (default)
2019-10-08 22:20:47,218 [main] INFO  server.RaftServerConfigKeys (ConfUtils.java:logGet(43)) - raft.server.storage.dir = [/workdir/hadoop-ozone/integration-test/target/test-dir/MiniOzoneClusterImpl-8907c697-5eed-41c0-85e5-15ab21fae644/datanode-5/data/ratis] (custom)
2019-10-08 22:20:47,219 [main] INFO  hdfs.DFSUtil (DFSUtil.java:httpServerTemplateForNNAndJN(1641)) - Starting Web-server for hddsDatanode at: http://0.0.0.0:0
2019-10-08 22:20:47,220 [main] INFO  server.AuthenticationFilter (AuthenticationFilter.java:constructSecretProvider(240)) - Unable to initialize FileSignerSecretProvider, falling back to use random secrets.
2019-10-08 22:20:47,220 [main] WARN  http.HttpRequestLog (HttpRequestLog.java:getRequestLog(97)) - Jetty request log can only be enabled using Log4j
2019-10-08 22:20:47,221 [main] INFO  http.HttpServer2 (HttpServer2.java:addGlobalFilter(975)) - Added global filter 'safety' (class=org.apache.hadoop.http.HttpServer2$QuotingInputFilter)
2019-10-08 22:20:47,222 [main] INFO  http.HttpServer2 (HttpServer2.java:addFilter(948)) - Added filter static_user_filter (class=org.apache.hadoop.http.lib.StaticUserWebFilter$StaticUserFilter) to context hddsDatanode
2019-10-08 22:20:47,222 [main] INFO  http.HttpServer2 (HttpServer2.java:addFilter(958)) - Added filter static_user_filter (class=org.apache.hadoop.http.lib.StaticUserWebFilter$StaticUserFilter) to context static
2019-10-08 22:20:47,222 [main] INFO  http.HttpServer2 (HttpServer2.java:addFilter(958)) - Added filter static_user_filter (class=org.apache.hadoop.http.lib.StaticUserWebFilter$StaticUserFilter) to context logs
2019-10-08 22:20:47,223 [main] INFO  http.HttpServer2 (HttpServer2.java:bindListener(1191)) - Jetty bound to port 33982
2019-10-08 22:20:47,223 [main] INFO  server.Server (Server.java:doStart(351)) - jetty-9.3.25.v20180904, build timestamp: 2018-09-04T21:11:46Z, git hash: 3ce520221d0240229c862b122d2b06c12a625732
2019-10-08 22:20:47,224 [main] INFO  handler.ContextHandler (ContextHandler.java:doStart(781)) - Started o.e.j.s.ServletContextHandler@52c9d3d0{/logs,file:///workdir/hadoop-ozone/integration-test/target/log,AVAILABLE}
2019-10-08 22:20:47,225 [main] INFO  handler.ContextHandler (ContextHandler.java:doStart(781)) - Started o.e.j.s.ServletContextHandler@373052b5{/static,jar:file:/home/user/.m2/repository/org/apache/hadoop/hadoop-hdds-container-service/0.5.0-SNAPSHOT/hadoop-hdds-container-service-0.5.0-SNAPSHOT.jar!/webapps/static,AVAILABLE}
2019-10-08 22:20:47,253 [main] INFO  handler.ContextHandler (ContextHandler.java:doStart(781)) - Started o.e.j.w.WebAppContext@28279a49{/,file:///tmp/jetty-0.0.0.0-33982-hddsDatanode-_-any-4249181673906873480.dir/webapp/,AVAILABLE}{/hddsDatanode}
2019-10-08 22:20:47,253 [main] INFO  server.AbstractConnector (AbstractConnector.java:doStart(278)) - Started ServerConnector@384fda47{HTTP/1.1,[http/1.1]}{0.0.0.0:33982}
2019-10-08 22:20:47,255 [main] INFO  server.Server (Server.java:doStart(419)) - Started @103653ms
2019-10-08 22:20:47,255 [main] WARN  impl.MetricsSystemImpl (MetricsSystemImpl.java:register(276)) - Sink prometheus already exists!
2019-10-08 22:20:47,255 [main] INFO  server.BaseHttpServer (BaseHttpServer.java:updateConnectorAddress(215)) - HTTP server of HDDSDATANODE is listening at http://0.0.0.0:33982
2019-10-08 22:20:47,256 [main] INFO  impl.MetricsSystemImpl (MetricsSystemImpl.java:init(158)) - HddsDatanode metrics system started (again)
2019-10-08 22:20:47,260 [org.apache.hadoop.util.JvmPauseMonitor$Monitor@194e4d3d] INFO  util.JvmPauseMonitor (JvmPauseMonitor.java:run(188)) - Starting JVM pause monitor
2019-10-08 22:20:47,261 [main] INFO  ozone.HddsDatanodeService (HddsDatanodeService.java:start(184)) - HddsDatanodeService host:pr-hdds-1228-jbbql-2974301341 ip:192.168.30.45
2019-10-08 22:20:47,262 [Datanode State Machine Thread - 0] INFO  datanode.InitDatanodeState (InitDatanodeState.java:persistContainerDatanodeDetails(140)) - DatanodeDetails is persisted to /workdir/hadoop-ozone/integration-test/target/test-dir/MiniOzoneClusterImpl-8907c697-5eed-41c0-85e5-15ab21fae644/datanode-5/meta/datanode.id
2019-10-08 22:20:47,267 [main] INFO  volume.HddsVolume (HddsVolume.java:<init>(176)) - Creating Volume: /workdir/hadoop-ozone/integration-test/target/test-dir/MiniOzoneClusterImpl-8907c697-5eed-41c0-85e5-15ab21fae644/datanode-6/data/containers/hdds of  storage type : DISK and capacity : 1482555576320
2019-10-08 22:20:47,268 [main] INFO  volume.VolumeSet (VolumeSet.java:initializeVolumeSet(170)) - Added Volume : /workdir/hadoop-ozone/integration-test/target/test-dir/MiniOzoneClusterImpl-8907c697-5eed-41c0-85e5-15ab21fae644/datanode-6/data/containers/hdds to VolumeSet
2019-10-08 22:20:47,268 [main] INFO  volume.ThrottledAsyncChecker (ThrottledAsyncChecker.java:schedule(141)) - Scheduling a check for org.apache.hadoop.ozone.container.common.volume.HddsVolume@78a8978a
2019-10-08 22:20:47,270 [main] INFO  volume.HddsVolumeChecker (HddsVolumeChecker.java:checkAllVolumes(204)) - Scheduled health check for volume org.apache.hadoop.ozone.container.common.volume.HddsVolume@78a8978a
2019-10-08 22:20:47,290 [main] INFO  impl.RaftServerProxy (ConfUtils.java:logGet(43)) - raft.rpc.type = GRPC (default)
2019-10-08 22:20:47,290 [main] INFO  grpc.GrpcFactory (GrpcFactory.java:checkPooledByteBufAllocatorUseCacheForAllThreads(45)) - PERFORMANCE WARNING: useCacheForAllThreads is true that may cause Netty to create a lot garbage objects and, as a result, trigger GC.
	It is recommended to disable useCacheForAllThreads by setting -Dorg.apache.ratis.thirdparty.io.netty.allocator.useCacheForAllThreads=false in command line.
2019-10-08 22:20:47,291 [main] INFO  grpc.GrpcConfigKeys$Server (ConfUtils.java:logGet(43)) - raft.grpc.server.port = 0 (default)
2019-10-08 22:20:47,291 [main] INFO  server.GrpcService (ConfUtils.java:logGet(43)) - raft.grpc.message.size.max = 33570816 (custom)
2019-10-08 22:20:47,291 [main] INFO  server.RaftServerConfigKeys (ConfUtils.java:logGet(43)) - raft.server.log.appender.buffer.byte-limit = 33554432 (custom)
2019-10-08 22:20:47,292 [main] INFO  server.GrpcService (ConfUtils.java:logGet(43)) - raft.grpc.flow.control.window = 1MB (=1048576) (default)
2019-10-08 22:20:47,292 [main] INFO  server.RaftServerConfigKeys (ConfUtils.java:logGet(43)) - raft.server.rpc.request.timeout = 3000ms (default)
2019-10-08 22:20:47,293 [main] INFO  server.RaftServerConfigKeys (ConfUtils.java:logGet(43)) - raft.server.storage.dir = [/workdir/hadoop-ozone/integration-test/target/test-dir/MiniOzoneClusterImpl-8907c697-5eed-41c0-85e5-15ab21fae644/datanode-6/data/ratis] (custom)
2019-10-08 22:20:47,295 [main] INFO  hdfs.DFSUtil (DFSUtil.java:httpServerTemplateForNNAndJN(1641)) - Starting Web-server for hddsDatanode at: http://0.0.0.0:0
2019-10-08 22:20:47,297 [main] INFO  server.AuthenticationFilter (AuthenticationFilter.java:constructSecretProvider(240)) - Unable to initialize FileSignerSecretProvider, falling back to use random secrets.
2019-10-08 22:20:47,297 [main] WARN  http.HttpRequestLog (HttpRequestLog.java:getRequestLog(97)) - Jetty request log can only be enabled using Log4j
2019-10-08 22:20:47,302 [main] INFO  http.HttpServer2 (HttpServer2.java:addGlobalFilter(975)) - Added global filter 'safety' (class=org.apache.hadoop.http.HttpServer2$QuotingInputFilter)
2019-10-08 22:20:47,303 [main] INFO  http.HttpServer2 (HttpServer2.java:addFilter(948)) - Added filter static_user_filter (class=org.apache.hadoop.http.lib.StaticUserWebFilter$StaticUserFilter) to context hddsDatanode
2019-10-08 22:20:47,303 [main] INFO  http.HttpServer2 (HttpServer2.java:addFilter(958)) - Added filter static_user_filter (class=org.apache.hadoop.http.lib.StaticUserWebFilter$StaticUserFilter) to context static
2019-10-08 22:20:47,304 [main] INFO  http.HttpServer2 (HttpServer2.java:addFilter(958)) - Added filter static_user_filter (class=org.apache.hadoop.http.lib.StaticUserWebFilter$StaticUserFilter) to context logs
2019-10-08 22:20:47,304 [main] INFO  http.HttpServer2 (HttpServer2.java:bindListener(1191)) - Jetty bound to port 35698
2019-10-08 22:20:47,305 [main] INFO  server.Server (Server.java:doStart(351)) - jetty-9.3.25.v20180904, build timestamp: 2018-09-04T21:11:46Z, git hash: 3ce520221d0240229c862b122d2b06c12a625732
2019-10-08 22:20:47,307 [main] INFO  handler.ContextHandler (ContextHandler.java:doStart(781)) - Started o.e.j.s.ServletContextHandler@3b0c3951{/logs,file:///workdir/hadoop-ozone/integration-test/target/log,AVAILABLE}
2019-10-08 22:20:47,307 [main] INFO  handler.ContextHandler (ContextHandler.java:doStart(781)) - Started o.e.j.s.ServletContextHandler@2574a9e3{/static,jar:file:/home/user/.m2/repository/org/apache/hadoop/hadoop-hdds-container-service/0.5.0-SNAPSHOT/hadoop-hdds-container-service-0.5.0-SNAPSHOT.jar!/webapps/static,AVAILABLE}
2019-10-08 22:20:47,342 [main] INFO  handler.ContextHandler (ContextHandler.java:doStart(781)) - Started o.e.j.w.WebAppContext@78da899f{/,file:///tmp/jetty-0.0.0.0-35698-hddsDatanode-_-any-2451384718838495840.dir/webapp/,AVAILABLE}{/hddsDatanode}
2019-10-08 22:20:47,342 [main] INFO  server.AbstractConnector (AbstractConnector.java:doStart(278)) - Started ServerConnector@e7b265e{HTTP/1.1,[http/1.1]}{0.0.0.0:35698}
2019-10-08 22:20:47,345 [main] INFO  server.Server (Server.java:doStart(419)) - Started @103742ms
2019-10-08 22:20:47,345 [main] WARN  impl.MetricsSystemImpl (MetricsSystemImpl.java:register(276)) - Sink prometheus already exists!
2019-10-08 22:20:47,345 [main] INFO  server.BaseHttpServer (BaseHttpServer.java:updateConnectorAddress(215)) - HTTP server of HDDSDATANODE is listening at http://0.0.0.0:35698
2019-10-08 22:20:47,346 [main] INFO  ozone.MiniOzoneClusterImpl (MiniOzoneClusterImpl.java:lambda$waitForClusterToBeReady$0(147)) - Waiting for cluster to be ready. Got 0 of 7 DN Heartbeats.
2019-10-08 22:20:47,347 [org.apache.hadoop.util.JvmPauseMonitor$Monitor@27e698ed] INFO  util.JvmPauseMonitor (JvmPauseMonitor.java:run(188)) - Starting JVM pause monitor
2019-10-08 22:20:47,348 [Datanode State Machine Thread - 0] INFO  datanode.InitDatanodeState (InitDatanodeState.java:persistContainerDatanodeDetails(140)) - DatanodeDetails is persisted to /workdir/hadoop-ozone/integration-test/target/test-dir/MiniOzoneClusterImpl-8907c697-5eed-41c0-85e5-15ab21fae644/datanode-6/meta/datanode.id
2019-10-08 22:20:48,346 [main] INFO  ozone.MiniOzoneClusterImpl (MiniOzoneClusterImpl.java:lambda$waitForClusterToBeReady$0(147)) - Waiting for cluster to be ready. Got 0 of 7 DN Heartbeats.
2019-10-08 22:20:48,957 [Datanode State Machine Thread - 0] INFO  ozoneimpl.OzoneContainer (OzoneContainer.java:start(213)) - Attempting to start container services.
2019-10-08 22:20:48,957 [Datanode State Machine Thread - 0] INFO  ozoneimpl.OzoneContainer (OzoneContainer.java:startContainerScrub(177)) - Background container scanner has been disabled.
2019-10-08 22:20:48,957 [Datanode State Machine Thread - 0] INFO  ratis.XceiverServerRatis (XceiverServerRatis.java:start(418)) - Starting XceiverServerRatis 3161767e-c286-4df4-9de4-b5ad5e977375 at port 0
2019-10-08 22:20:48,964 [Datanode State Machine Thread - 0] INFO  impl.RaftServerProxy (RaftServerProxy.java:lambda$start$3(299)) - 3161767e-c286-4df4-9de4-b5ad5e977375: start RPC server
2019-10-08 22:20:48,966 [Datanode State Machine Thread - 0] INFO  server.GrpcService (GrpcService.java:startImpl(158)) - 3161767e-c286-4df4-9de4-b5ad5e977375: GrpcService started, listening on 0.0.0.0/0.0.0.0:46455
2019-10-08 22:20:48,966 [Datanode State Machine Thread - 0] INFO  ratis.XceiverServerRatis (XceiverServerRatis.java:start(428)) - XceiverServerRatis 3161767e-c286-4df4-9de4-b5ad5e977375 is started using port 46455
2019-10-08 22:20:48,968 [Datanode State Machine Thread - 0] INFO  server.XceiverServerGrpc (XceiverServerGrpc.java:start(149)) - XceiverServerGrpc 3161767e-c286-4df4-9de4-b5ad5e977375 is started using port 46472
2019-10-08 22:20:49,015 [Datanode State Machine Thread - 0] INFO  ozoneimpl.OzoneContainer (OzoneContainer.java:start(213)) - Attempting to start container services.
2019-10-08 22:20:49,017 [Datanode State Machine Thread - 0] INFO  ozoneimpl.OzoneContainer (OzoneContainer.java:startContainerScrub(177)) - Background container scanner has been disabled.
2019-10-08 22:20:49,017 [Datanode State Machine Thread - 0] INFO  ratis.XceiverServerRatis (XceiverServerRatis.java:start(418)) - Starting XceiverServerRatis ef68bf2f-14be-4d5f-8c8b-17dd79c852c2 at port 0
2019-10-08 22:20:49,024 [Datanode State Machine Thread - 0] INFO  impl.RaftServerProxy (RaftServerProxy.java:lambda$start$3(299)) - ef68bf2f-14be-4d5f-8c8b-17dd79c852c2: start RPC server
2019-10-08 22:20:49,025 [Datanode State Machine Thread - 0] INFO  server.GrpcService (GrpcService.java:startImpl(158)) - ef68bf2f-14be-4d5f-8c8b-17dd79c852c2: GrpcService started, listening on 0.0.0.0/0.0.0.0:44613
2019-10-08 22:20:49,025 [Datanode State Machine Thread - 0] INFO  ratis.XceiverServerRatis (XceiverServerRatis.java:start(428)) - XceiverServerRatis ef68bf2f-14be-4d5f-8c8b-17dd79c852c2 is started using port 44613
2019-10-08 22:20:49,025 [Datanode State Machine Thread - 0] INFO  server.XceiverServerGrpc (XceiverServerGrpc.java:start(149)) - XceiverServerGrpc ef68bf2f-14be-4d5f-8c8b-17dd79c852c2 is started using port 32887
2019-10-08 22:20:49,074 [Datanode State Machine Thread - 0] INFO  ozoneimpl.OzoneContainer (OzoneContainer.java:start(213)) - Attempting to start container services.
2019-10-08 22:20:49,074 [Datanode State Machine Thread - 0] INFO  ozoneimpl.OzoneContainer (OzoneContainer.java:startContainerScrub(177)) - Background container scanner has been disabled.
2019-10-08 22:20:49,074 [Datanode State Machine Thread - 0] INFO  ratis.XceiverServerRatis (XceiverServerRatis.java:start(418)) - Starting XceiverServerRatis baae7a36-5fe0-4b63-85b5-441d2538a079 at port 0
2019-10-08 22:20:49,080 [Datanode State Machine Thread - 0] INFO  impl.RaftServerProxy (RaftServerProxy.java:lambda$start$3(299)) - baae7a36-5fe0-4b63-85b5-441d2538a079: start RPC server
2019-10-08 22:20:49,083 [Datanode State Machine Thread - 0] INFO  server.GrpcService (GrpcService.java:startImpl(158)) - baae7a36-5fe0-4b63-85b5-441d2538a079: GrpcService started, listening on 0.0.0.0/0.0.0.0:43657
2019-10-08 22:20:49,083 [Datanode State Machine Thread - 0] INFO  ratis.XceiverServerRatis (XceiverServerRatis.java:start(428)) - XceiverServerRatis baae7a36-5fe0-4b63-85b5-441d2538a079 is started using port 43657
2019-10-08 22:20:49,084 [Datanode State Machine Thread - 0] INFO  server.XceiverServerGrpc (XceiverServerGrpc.java:start(149)) - XceiverServerGrpc baae7a36-5fe0-4b63-85b5-441d2538a079 is started using port 41775
2019-10-08 22:20:49,137 [Datanode State Machine Thread - 0] INFO  ozoneimpl.OzoneContainer (OzoneContainer.java:start(213)) - Attempting to start container services.
2019-10-08 22:20:49,137 [Datanode State Machine Thread - 0] INFO  ozoneimpl.OzoneContainer (OzoneContainer.java:startContainerScrub(177)) - Background container scanner has been disabled.
2019-10-08 22:20:49,137 [Datanode State Machine Thread - 0] INFO  ratis.XceiverServerRatis (XceiverServerRatis.java:start(418)) - Starting XceiverServerRatis 18cd53ba-448e-4f42-b2ac-e0b2d1d043c9 at port 0
2019-10-08 22:20:49,145 [Datanode State Machine Thread - 0] INFO  impl.RaftServerProxy (RaftServerProxy.java:lambda$start$3(299)) - 18cd53ba-448e-4f42-b2ac-e0b2d1d043c9: start RPC server
2019-10-08 22:20:49,147 [Datanode State Machine Thread - 0] INFO  server.GrpcService (GrpcService.java:startImpl(158)) - 18cd53ba-448e-4f42-b2ac-e0b2d1d043c9: GrpcService started, listening on 0.0.0.0/0.0.0.0:36503
2019-10-08 22:20:49,148 [Datanode State Machine Thread - 0] INFO  ratis.XceiverServerRatis (XceiverServerRatis.java:start(428)) - XceiverServerRatis 18cd53ba-448e-4f42-b2ac-e0b2d1d043c9 is started using port 36503
2019-10-08 22:20:49,150 [Datanode State Machine Thread - 0] INFO  server.XceiverServerGrpc (XceiverServerGrpc.java:start(149)) - XceiverServerGrpc 18cd53ba-448e-4f42-b2ac-e0b2d1d043c9 is started using port 43770
2019-10-08 22:20:49,204 [Datanode State Machine Thread - 0] INFO  ozoneimpl.OzoneContainer (OzoneContainer.java:start(213)) - Attempting to start container services.
2019-10-08 22:20:49,205 [Datanode State Machine Thread - 0] INFO  ozoneimpl.OzoneContainer (OzoneContainer.java:startContainerScrub(177)) - Background container scanner has been disabled.
2019-10-08 22:20:49,205 [Datanode State Machine Thread - 0] INFO  ratis.XceiverServerRatis (XceiverServerRatis.java:start(418)) - Starting XceiverServerRatis 3ce8c319-af4e-4cc7-9ac4-c0d99b1b4aa8 at port 0
2019-10-08 22:20:49,212 [Datanode State Machine Thread - 0] INFO  impl.RaftServerProxy (RaftServerProxy.java:lambda$start$3(299)) - 3ce8c319-af4e-4cc7-9ac4-c0d99b1b4aa8: start RPC server
2019-10-08 22:20:49,215 [Datanode State Machine Thread - 0] INFO  server.GrpcService (GrpcService.java:startImpl(158)) - 3ce8c319-af4e-4cc7-9ac4-c0d99b1b4aa8: GrpcService started, listening on 0.0.0.0/0.0.0.0:41807
2019-10-08 22:20:49,215 [Datanode State Machine Thread - 0] INFO  ratis.XceiverServerRatis (XceiverServerRatis.java:start(428)) - XceiverServerRatis 3ce8c319-af4e-4cc7-9ac4-c0d99b1b4aa8 is started using port 41807
2019-10-08 22:20:49,215 [Datanode State Machine Thread - 0] INFO  server.XceiverServerGrpc (XceiverServerGrpc.java:start(149)) - XceiverServerGrpc 3ce8c319-af4e-4cc7-9ac4-c0d99b1b4aa8 is started using port 33764
2019-10-08 22:20:49,284 [Datanode State Machine Thread - 0] INFO  ozoneimpl.OzoneContainer (OzoneContainer.java:start(213)) - Attempting to start container services.
2019-10-08 22:20:49,284 [Datanode State Machine Thread - 0] INFO  ozoneimpl.OzoneContainer (OzoneContainer.java:startContainerScrub(177)) - Background container scanner has been disabled.
2019-10-08 22:20:49,284 [Datanode State Machine Thread - 0] INFO  ratis.XceiverServerRatis (XceiverServerRatis.java:start(418)) - Starting XceiverServerRatis 860f75cf-5125-4417-ba70-7e36ca1f2517 at port 0
2019-10-08 22:20:49,292 [Datanode State Machine Thread - 0] INFO  impl.RaftServerProxy (RaftServerProxy.java:lambda$start$3(299)) - 860f75cf-5125-4417-ba70-7e36ca1f2517: start RPC server
2019-10-08 22:20:49,295 [Datanode State Machine Thread - 0] INFO  server.GrpcService (GrpcService.java:startImpl(158)) - 860f75cf-5125-4417-ba70-7e36ca1f2517: GrpcService started, listening on 0.0.0.0/0.0.0.0:39003
2019-10-08 22:20:49,295 [Datanode State Machine Thread - 0] INFO  ratis.XceiverServerRatis (XceiverServerRatis.java:start(428)) - XceiverServerRatis 860f75cf-5125-4417-ba70-7e36ca1f2517 is started using port 39003
2019-10-08 22:20:49,298 [Datanode State Machine Thread - 0] INFO  server.XceiverServerGrpc (XceiverServerGrpc.java:start(149)) - XceiverServerGrpc 860f75cf-5125-4417-ba70-7e36ca1f2517 is started using port 43693
2019-10-08 22:20:49,347 [main] INFO  ozone.MiniOzoneClusterImpl (MiniOzoneClusterImpl.java:lambda$waitForClusterToBeReady$0(147)) - Waiting for cluster to be ready. Got 0 of 7 DN Heartbeats.
2019-10-08 22:20:49,363 [Datanode State Machine Thread - 0] INFO  ozoneimpl.OzoneContainer (OzoneContainer.java:start(213)) - Attempting to start container services.
2019-10-08 22:20:49,363 [Datanode State Machine Thread - 0] INFO  ozoneimpl.OzoneContainer (OzoneContainer.java:startContainerScrub(177)) - Background container scanner has been disabled.
2019-10-08 22:20:49,363 [Datanode State Machine Thread - 0] INFO  ratis.XceiverServerRatis (XceiverServerRatis.java:start(418)) - Starting XceiverServerRatis 099ff116-f4e8-4616-8f77-05d2177bfae7 at port 0
2019-10-08 22:20:49,369 [Datanode State Machine Thread - 0] INFO  impl.RaftServerProxy (RaftServerProxy.java:lambda$start$3(299)) - 099ff116-f4e8-4616-8f77-05d2177bfae7: start RPC server
2019-10-08 22:20:49,384 [Datanode State Machine Thread - 0] INFO  server.GrpcService (GrpcService.java:startImpl(158)) - 099ff116-f4e8-4616-8f77-05d2177bfae7: GrpcService started, listening on 0.0.0.0/0.0.0.0:42629
2019-10-08 22:20:49,384 [Datanode State Machine Thread - 0] INFO  ratis.XceiverServerRatis (XceiverServerRatis.java:start(428)) - XceiverServerRatis 099ff116-f4e8-4616-8f77-05d2177bfae7 is started using port 42629
2019-10-08 22:20:49,385 [Datanode State Machine Thread - 0] INFO  server.XceiverServerGrpc (XceiverServerGrpc.java:start(149)) - XceiverServerGrpc 099ff116-f4e8-4616-8f77-05d2177bfae7 is started using port 36816
2019-10-08 22:20:50,347 [main] INFO  ozone.MiniOzoneClusterImpl (MiniOzoneClusterImpl.java:lambda$waitForClusterToBeReady$0(147)) - Waiting for cluster to be ready. Got 0 of 7 DN Heartbeats.
2019-10-08 22:20:50,937 [IPC Server handler 0 on 45851] INFO  net.NetworkTopology (NetworkTopologyImpl.java:add(111)) - Added a new node: /default-rack/3161767e-c286-4df4-9de4-b5ad5e977375
2019-10-08 22:20:50,937 [IPC Server handler 0 on 45851] INFO  node.SCMNodeManager (SCMNodeManager.java:register(268)) - Registered Data node : 3161767e-c286-4df4-9de4-b5ad5e977375{ip: 192.168.30.45, host: pr-hdds-1228-jbbql-2974301341, networkLocation: /default-rack, certSerialId: null}
2019-10-08 22:20:50,940 [EventQueue-NodeRegistrationContainerReportForDataNodeSafeModeRule] INFO  safemode.SCMSafeModeManager (DataNodeSafeModeRule.java:process(71)) - SCM in safe mode. 1 DataNodes registered, 1 required.
2019-10-08 22:20:50,943 [EventQueue-NodeRegistrationContainerReportForDataNodeSafeModeRule] INFO  safemode.SCMSafeModeManager (SCMSafeModeManager.java:validateSafeModeExitRules(177)) - ScmSafeModeManager, all rules are successfully validated
2019-10-08 22:20:50,943 [EventQueue-NodeRegistrationContainerReportForDataNodeSafeModeRule] INFO  safemode.SCMSafeModeManager (SCMSafeModeManager.java:exitSafeMode(193)) - SCM exiting safe mode.
2019-10-08 22:20:50,953 [grpc-default-executor-5] INFO  impl.RaftServerProxy (RaftServerProxy.java:addNew(89)) - 3161767e-c286-4df4-9de4-b5ad5e977375: addNew group-942CED79220E:[3161767e-c286-4df4-9de4-b5ad5e977375:192.168.30.45:46455] returns group-942CED79220E:java.util.concurrent.CompletableFuture@7d00c01e[Not completed]
2019-10-08 22:20:50,954 [pool-207-thread-1] INFO  impl.RaftServerImpl (RaftServerImpl.java:<init>(95)) - 3161767e-c286-4df4-9de4-b5ad5e977375: new RaftServerImpl for group-942CED79220E:[3161767e-c286-4df4-9de4-b5ad5e977375:192.168.30.45:46455] with ContainerStateMachine:uninitialized
2019-10-08 22:20:50,954 [pool-207-thread-1] INFO  server.RaftServerConfigKeys (ConfUtils.java:logGet(43)) - raft.server.rpc.timeout.min = 5s (custom)
2019-10-08 22:20:50,954 [pool-207-thread-1] INFO  server.RaftServerConfigKeys (ConfUtils.java:logGet(43)) - raft.server.rpc.timeout.max = 5200ms (custom)
2019-10-08 22:20:50,954 [pool-207-thread-1] INFO  server.RaftServerConfigKeys (ConfUtils.java:logGet(43)) - raft.server.rpcslowness.timeout = 120s (custom)
2019-10-08 22:20:50,955 [pool-207-thread-1] INFO  server.RaftServerConfigKeys (ConfUtils.java:logGet(43)) - raft.server.sleep.deviation.threshold = 300 (default)
2019-10-08 22:20:50,955 [pool-207-thread-1] INFO  server.RaftServerConfigKeys (ConfUtils.java:logGet(43)) - raft.server.log.appender.install.snapshot.enabled = false (custom)
2019-10-08 22:20:50,955 [pool-207-thread-1] INFO  impl.RaftServerImpl (ServerState.java:<init>(103)) - 3161767e-c286-4df4-9de4-b5ad5e977375@group-942CED79220E: ConfigurationManager, init=-1: [3161767e-c286-4df4-9de4-b5ad5e977375:192.168.30.45:46455], old=null, confs=<EMPTY_MAP>
2019-10-08 22:20:50,955 [pool-207-thread-1] INFO  server.RaftServerConfigKeys (ConfUtils.java:logGet(43)) - raft.server.storage.dir = [/workdir/hadoop-ozone/integration-test/target/test-dir/MiniOzoneClusterImpl-8907c697-5eed-41c0-85e5-15ab21fae644/datanode-0/data/ratis] (custom)
2019-10-08 22:20:50,955 [pool-207-thread-1] INFO  server.RaftServerConfigKeys (ConfUtils.java:logGet(43)) - raft.server.log.corruption.policy = EXCEPTION (default)
2019-10-08 22:20:50,956 [pool-207-thread-1] INFO  storage.RaftStorageDirectory (RaftStorageDirectory.java:analyzeStorage(246)) - The storage directory /workdir/hadoop-ozone/integration-test/target/test-dir/MiniOzoneClusterImpl-8907c697-5eed-41c0-85e5-15ab21fae644/datanode-0/data/ratis/a419390e-7cfa-46b2-9c65-942ced79220e does not exist. Creating ...
2019-10-08 22:20:50,968 [pool-207-thread-1] INFO  storage.RaftStorageDirectory (RaftStorageDirectory.java:tryLock(328)) - Lock on /workdir/hadoop-ozone/integration-test/target/test-dir/MiniOzoneClusterImpl-8907c697-5eed-41c0-85e5-15ab21fae644/datanode-0/data/ratis/a419390e-7cfa-46b2-9c65-942ced79220e/in_use.lock acquired by nodename 10512@pr-hdds-1228-jbbql-2974301341
2019-10-08 22:20:50,981 [pool-207-thread-1] INFO  storage.RaftStorage (RaftStorage.java:format(84)) - Storage directory /workdir/hadoop-ozone/integration-test/target/test-dir/MiniOzoneClusterImpl-8907c697-5eed-41c0-85e5-15ab21fae644/datanode-0/data/ratis/a419390e-7cfa-46b2-9c65-942ced79220e has been successfully formatted.
2019-10-08 22:20:50,982 [pool-207-thread-1] INFO  ratis.ContainerStateMachine (ContainerStateMachine.java:loadSnapshot(231)) - group-942CED79220E: The snapshot info is null. Setting the last applied indexto:(t:0, i:~)
2019-10-08 22:20:50,982 [pool-207-thread-1] INFO  server.RaftServerConfigKeys (ConfUtils.java:logGet(43)) - raft.server.notification.no-leader.timeout = 120s (custom)
2019-10-08 22:20:50,982 [pool-207-thread-1] INFO  server.RaftServerConfigKeys (ConfUtils.java:logGet(43)) - raft.server.log.use.memory = false (default)
2019-10-08 22:20:50,982 [pool-207-thread-1] INFO  server.RaftServerConfigKeys (ConfUtils.java:logGet(43)) - raft.server.log.purge.gap = 1000000 (custom)
2019-10-08 22:20:50,982 [pool-207-thread-1] INFO  server.RaftServerConfigKeys (ConfUtils.java:logGet(43)) - raft.server.log.appender.buffer.byte-limit = 33554432 (custom)
2019-10-08 22:20:50,982 [pool-207-thread-1] INFO  server.RaftServerConfigKeys (ConfUtils.java:logGet(43)) - raft.server.log.segment.size.max = 1048576 (custom)
2019-10-08 22:20:50,984 [pool-207-thread-1] INFO  server.RaftServerConfigKeys (ConfUtils.java:logGet(43)) - raft.server.log.segment.cache.num.max = 2 (custom)
2019-10-08 22:20:50,984 [pool-207-thread-1] INFO  segmented.SegmentedRaftLogWorker (SegmentedRaftLogWorker.java:<init>(173)) - new 3161767e-c286-4df4-9de4-b5ad5e977375@group-942CED79220E-SegmentedRaftLogWorker for RaftStorage:Storage Directory /workdir/hadoop-ozone/integration-test/target/test-dir/MiniOzoneClusterImpl-8907c697-5eed-41c0-85e5-15ab21fae644/datanode-0/data/ratis/a419390e-7cfa-46b2-9c65-942ced79220e
2019-10-08 22:20:50,984 [pool-207-thread-1] INFO  server.RaftServerConfigKeys (ConfUtils.java:logGet(43)) - raft.server.log.queue.byte-limit = 2147483647 (custom)
2019-10-08 22:20:50,984 [pool-207-thread-1] INFO  server.RaftServerConfigKeys (ConfUtils.java:logGet(43)) - raft.server.log.queue.element-limit = 1024 (custom)
2019-10-08 22:20:50,985 [pool-207-thread-1] INFO  server.RaftServerConfigKeys (ConfUtils.java:logGet(43)) - raft.server.log.segment.size.max = 1048576 (custom)
2019-10-08 22:20:50,985 [pool-207-thread-1] INFO  server.RaftServerConfigKeys (ConfUtils.java:logGet(43)) - raft.server.log.preallocated.size = 16384 (custom)
2019-10-08 22:20:50,985 [pool-207-thread-1] INFO  server.RaftServerConfigKeys (ConfUtils.java:logGet(43)) - raft.server.log.write.buffer.size = 33554432 (custom)
2019-10-08 22:20:50,985 [pool-207-thread-1] INFO  server.RaftServerConfigKeys (ConfUtils.java:logGet(43)) - raft.server.log.force.sync.num = 128 (default)
2019-10-08 22:20:50,985 [pool-207-thread-1] INFO  server.RaftServerConfigKeys (ConfUtils.java:logGet(43)) - raft.server.log.statemachine.data.sync = true (default)
2019-10-08 22:20:50,985 [pool-207-thread-1] INFO  server.RaftServerConfigKeys (ConfUtils.java:logGet(43)) - raft.server.log.statemachine.data.sync.timeout = 10s (default)
2019-10-08 22:20:50,985 [pool-207-thread-1] INFO  server.RaftServerConfigKeys (ConfUtils.java:logGet(43)) - raft.server.log.statemachine.data.sync.timeout.retry = -1 (default)
2019-10-08 22:20:50,986 [pool-207-thread-1] INFO  server.RaftServerConfigKeys (ConfUtils.java:logGet(43)) - raft.server.log.statemachine.data.caching.enabled = true (custom)
2019-10-08 22:20:50,986 [pool-207-thread-1] INFO  segmented.SegmentedRaftLogWorker (SegmentedRaftLogWorker.java:lambda$new$0(128)) - 3161767e-c286-4df4-9de4-b5ad5e977375@group-942CED79220E-SegmentedRaftLogWorker: flushIndex: setUnconditionally 0 -> -1
2019-10-08 22:20:50,986 [pool-207-thread-1] INFO  server.RaftServerConfigKeys (ConfUtils.java:logGet(43)) - raft.server.snapshot.auto.trigger.enabled = true (custom)
2019-10-08 22:20:50,986 [pool-207-thread-1] INFO  server.RaftServerConfigKeys (ConfUtils.java:logGet(43)) - raft.server.snapshot.auto.trigger.threshold = 10000 (custom)
2019-10-08 22:20:50,987 [pool-207-thread-1] INFO  server.RaftServerConfigKeys (ConfUtils.java:logGet(43)) - raft.server.snapshot.retention.file.num = 5 (custom)
2019-10-08 22:20:50,987 [pool-207-thread-1] INFO  server.RaftServerConfigKeys (ConfUtils.java:logGet(43)) - raft.server.retrycache.expirytime = 600000ms (custom)
2019-10-08 22:20:50,988 [pool-207-thread-1] INFO  impl.RaftServerImpl (RaftServerImpl.java:start(181)) - 3161767e-c286-4df4-9de4-b5ad5e977375@group-942CED79220E: start as a follower, conf=-1: [3161767e-c286-4df4-9de4-b5ad5e977375:192.168.30.45:46455], old=null
2019-10-08 22:20:50,988 [pool-207-thread-1] INFO  impl.RaftServerImpl (RaftServerImpl.java:setRole(170)) - 3161767e-c286-4df4-9de4-b5ad5e977375@group-942CED79220E: changes role from      null to FOLLOWER at term 0 for startAsFollower
2019-10-08 22:20:50,989 [pool-207-thread-1] INFO  impl.RoleInfo (RoleInfo.java:updateAndGet(143)) - 3161767e-c286-4df4-9de4-b5ad5e977375: start FollowerState
2019-10-08 22:20:50,989 [pool-207-thread-1] INFO  util.JmxRegister (JmxRegister.java:tryRegister(44)) - Successfully registered JMX Bean with object name Ratis:service=RaftServer,group=group-942CED79220E,id=3161767e-c286-4df4-9de4-b5ad5e977375
2019-10-08 22:20:50,997 [RatisPipelineUtilsThread] INFO  pipeline.PipelineStateManager (PipelineStateManager.java:addPipeline(56)) - Created pipeline Pipeline[ Id: a419390e-7cfa-46b2-9c65-942ced79220e, Nodes: 3161767e-c286-4df4-9de4-b5ad5e977375{ip: 192.168.30.45, host: pr-hdds-1228-jbbql-2974301341, networkLocation: /default-rack, certSerialId: null}, Type:RATIS, Factor:ONE, State:OPEN]
2019-10-08 22:20:51,000 [IPC Server handler 1 on 45851] INFO  net.NetworkTopology (NetworkTopologyImpl.java:add(111)) - Added a new node: /default-rack/ef68bf2f-14be-4d5f-8c8b-17dd79c852c2
2019-10-08 22:20:51,000 [IPC Server handler 1 on 45851] INFO  node.SCMNodeManager (SCMNodeManager.java:register(268)) - Registered Data node : ef68bf2f-14be-4d5f-8c8b-17dd79c852c2{ip: 192.168.30.45, host: pr-hdds-1228-jbbql-2974301341, networkLocation: /default-rack, certSerialId: null}
2019-10-08 22:20:51,019 [grpc-default-executor-5] INFO  impl.RaftServerProxy (RaftServerProxy.java:addNew(89)) - ef68bf2f-14be-4d5f-8c8b-17dd79c852c2: addNew group-1AC053BB6215:[ef68bf2f-14be-4d5f-8c8b-17dd79c852c2:192.168.30.45:44613] returns group-1AC053BB6215:java.util.concurrent.CompletableFuture@184dc806[Not completed]
2019-10-08 22:20:51,021 [pool-217-thread-1] INFO  impl.RaftServerImpl (RaftServerImpl.java:<init>(95)) - ef68bf2f-14be-4d5f-8c8b-17dd79c852c2: new RaftServerImpl for group-1AC053BB6215:[ef68bf2f-14be-4d5f-8c8b-17dd79c852c2:192.168.30.45:44613] with ContainerStateMachine:uninitialized
2019-10-08 22:20:51,021 [pool-217-thread-1] INFO  server.RaftServerConfigKeys (ConfUtils.java:logGet(43)) - raft.server.rpc.timeout.min = 5s (custom)
2019-10-08 22:20:51,021 [pool-217-thread-1] INFO  server.RaftServerConfigKeys (ConfUtils.java:logGet(43)) - raft.server.rpc.timeout.max = 5200ms (custom)
2019-10-08 22:20:51,022 [pool-217-thread-1] INFO  server.RaftServerConfigKeys (ConfUtils.java:logGet(43)) - raft.server.rpcslowness.timeout = 120s (custom)
2019-10-08 22:20:51,022 [pool-217-thread-1] INFO  server.RaftServerConfigKeys (ConfUtils.java:logGet(43)) - raft.server.sleep.deviation.threshold = 300 (default)
2019-10-08 22:20:51,022 [pool-217-thread-1] INFO  server.RaftServerConfigKeys (ConfUtils.java:logGet(43)) - raft.server.log.appender.install.snapshot.enabled = false (custom)
2019-10-08 22:20:51,022 [pool-217-thread-1] INFO  impl.RaftServerImpl (ServerState.java:<init>(103)) - ef68bf2f-14be-4d5f-8c8b-17dd79c852c2@group-1AC053BB6215: ConfigurationManager, init=-1: [ef68bf2f-14be-4d5f-8c8b-17dd79c852c2:192.168.30.45:44613], old=null, confs=<EMPTY_MAP>
2019-10-08 22:20:51,022 [pool-217-thread-1] INFO  server.RaftServerConfigKeys (ConfUtils.java:logGet(43)) - raft.server.storage.dir = [/workdir/hadoop-ozone/integration-test/target/test-dir/MiniOzoneClusterImpl-8907c697-5eed-41c0-85e5-15ab21fae644/datanode-1/data/ratis] (custom)
2019-10-08 22:20:51,023 [pool-217-thread-1] INFO  server.RaftServerConfigKeys (ConfUtils.java:logGet(43)) - raft.server.log.corruption.policy = EXCEPTION (default)
2019-10-08 22:20:51,023 [pool-217-thread-1] INFO  storage.RaftStorageDirectory (RaftStorageDirectory.java:analyzeStorage(246)) - The storage directory /workdir/hadoop-ozone/integration-test/target/test-dir/MiniOzoneClusterImpl-8907c697-5eed-41c0-85e5-15ab21fae644/datanode-1/data/ratis/c38f55d5-3dc1-46c3-8a66-1ac053bb6215 does not exist. Creating ...
2019-10-08 22:20:51,036 [pool-217-thread-1] INFO  storage.RaftStorageDirectory (RaftStorageDirectory.java:tryLock(328)) - Lock on /workdir/hadoop-ozone/integration-test/target/test-dir/MiniOzoneClusterImpl-8907c697-5eed-41c0-85e5-15ab21fae644/datanode-1/data/ratis/c38f55d5-3dc1-46c3-8a66-1ac053bb6215/in_use.lock acquired by nodename 10512@pr-hdds-1228-jbbql-2974301341
2019-10-08 22:20:51,049 [pool-217-thread-1] INFO  storage.RaftStorage (RaftStorage.java:format(84)) - Storage directory /workdir/hadoop-ozone/integration-test/target/test-dir/MiniOzoneClusterImpl-8907c697-5eed-41c0-85e5-15ab21fae644/datanode-1/data/ratis/c38f55d5-3dc1-46c3-8a66-1ac053bb6215 has been successfully formatted.
2019-10-08 22:20:51,049 [pool-217-thread-1] INFO  ratis.ContainerStateMachine (ContainerStateMachine.java:loadSnapshot(231)) - group-1AC053BB6215: The snapshot info is null. Setting the last applied indexto:(t:0, i:~)
2019-10-08 22:20:51,050 [pool-217-thread-1] INFO  server.RaftServerConfigKeys (ConfUtils.java:logGet(43)) - raft.server.notification.no-leader.timeout = 120s (custom)
2019-10-08 22:20:51,050 [pool-217-thread-1] INFO  server.RaftServerConfigKeys (ConfUtils.java:logGet(43)) - raft.server.log.use.memory = false (default)
2019-10-08 22:20:51,050 [pool-217-thread-1] INFO  server.RaftServerConfigKeys (ConfUtils.java:logGet(43)) - raft.server.log.purge.gap = 1000000 (custom)
2019-10-08 22:20:51,050 [pool-217-thread-1] INFO  server.RaftServerConfigKeys (ConfUtils.java:logGet(43)) - raft.server.log.appender.buffer.byte-limit = 33554432 (custom)
2019-10-08 22:20:51,050 [pool-217-thread-1] INFO  server.RaftServerConfigKeys (ConfUtils.java:logGet(43)) - raft.server.log.segment.size.max = 1048576 (custom)
2019-10-08 22:20:51,053 [pool-217-thread-1] INFO  server.RaftServerConfigKeys (ConfUtils.java:logGet(43)) - raft.server.log.segment.cache.num.max = 2 (custom)
2019-10-08 22:20:51,053 [pool-217-thread-1] INFO  segmented.SegmentedRaftLogWorker (SegmentedRaftLogWorker.java:<init>(173)) - new ef68bf2f-14be-4d5f-8c8b-17dd79c852c2@group-1AC053BB6215-SegmentedRaftLogWorker for RaftStorage:Storage Directory /workdir/hadoop-ozone/integration-test/target/test-dir/MiniOzoneClusterImpl-8907c697-5eed-41c0-85e5-15ab21fae644/datanode-1/data/ratis/c38f55d5-3dc1-46c3-8a66-1ac053bb6215
2019-10-08 22:20:51,053 [pool-217-thread-1] INFO  server.RaftServerConfigKeys (ConfUtils.java:logGet(43)) - raft.server.log.queue.byte-limit = 2147483647 (custom)
2019-10-08 22:20:51,053 [pool-217-thread-1] INFO  server.RaftServerConfigKeys (ConfUtils.java:logGet(43)) - raft.server.log.queue.element-limit = 1024 (custom)
2019-10-08 22:20:51,054 [pool-217-thread-1] INFO  server.RaftServerConfigKeys (ConfUtils.java:logGet(43)) - raft.server.log.segment.size.max = 1048576 (custom)
2019-10-08 22:20:51,054 [pool-217-thread-1] INFO  server.RaftServerConfigKeys (ConfUtils.java:logGet(43)) - raft.server.log.preallocated.size = 16384 (custom)
2019-10-08 22:20:51,054 [pool-217-thread-1] INFO  server.RaftServerConfigKeys (ConfUtils.java:logGet(43)) - raft.server.log.write.buffer.size = 33554432 (custom)
2019-10-08 22:20:51,054 [pool-217-thread-1] INFO  server.RaftServerConfigKeys (ConfUtils.java:logGet(43)) - raft.server.log.force.sync.num = 128 (default)
2019-10-08 22:20:51,055 [pool-217-thread-1] INFO  server.RaftServerConfigKeys (ConfUtils.java:logGet(43)) - raft.server.log.statemachine.data.sync = true (default)
2019-10-08 22:20:51,055 [pool-217-thread-1] INFO  server.RaftServerConfigKeys (ConfUtils.java:logGet(43)) - raft.server.log.statemachine.data.sync.timeout = 10s (default)
2019-10-08 22:20:51,055 [pool-217-thread-1] INFO  server.RaftServerConfigKeys (ConfUtils.java:logGet(43)) - raft.server.log.statemachine.data.sync.timeout.retry = -1 (default)
2019-10-08 22:20:51,056 [pool-217-thread-1] INFO  server.RaftServerConfigKeys (ConfUtils.java:logGet(43)) - raft.server.log.statemachine.data.caching.enabled = true (custom)
2019-10-08 22:20:51,056 [pool-217-thread-1] INFO  segmented.SegmentedRaftLogWorker (SegmentedRaftLogWorker.java:lambda$new$0(128)) - ef68bf2f-14be-4d5f-8c8b-17dd79c852c2@group-1AC053BB6215-SegmentedRaftLogWorker: flushIndex: setUnconditionally 0 -> -1
2019-10-08 22:20:51,057 [pool-217-thread-1] INFO  server.RaftServerConfigKeys (ConfUtils.java:logGet(43)) - raft.server.snapshot.auto.trigger.enabled = true (custom)
2019-10-08 22:20:51,057 [pool-217-thread-1] INFO  server.RaftServerConfigKeys (ConfUtils.java:logGet(43)) - raft.server.snapshot.auto.trigger.threshold = 10000 (custom)
2019-10-08 22:20:51,057 [pool-217-thread-1] INFO  server.RaftServerConfigKeys (ConfUtils.java:logGet(43)) - raft.server.snapshot.retention.file.num = 5 (custom)
2019-10-08 22:20:51,057 [pool-217-thread-1] INFO  server.RaftServerConfigKeys (ConfUtils.java:logGet(43)) - raft.server.retrycache.expirytime = 600000ms (custom)
2019-10-08 22:20:51,059 [pool-217-thread-1] INFO  impl.RaftServerImpl (RaftServerImpl.java:start(181)) - ef68bf2f-14be-4d5f-8c8b-17dd79c852c2@group-1AC053BB6215: start as a follower, conf=-1: [ef68bf2f-14be-4d5f-8c8b-17dd79c852c2:192.168.30.45:44613], old=null
2019-10-08 22:20:51,059 [pool-217-thread-1] INFO  impl.RaftServerImpl (RaftServerImpl.java:setRole(170)) - ef68bf2f-14be-4d5f-8c8b-17dd79c852c2@group-1AC053BB6215: changes role from      null to FOLLOWER at term 0 for startAsFollower
2019-10-08 22:20:51,059 [pool-217-thread-1] INFO  impl.RoleInfo (RoleInfo.java:updateAndGet(143)) - ef68bf2f-14be-4d5f-8c8b-17dd79c852c2: start FollowerState
2019-10-08 22:20:51,060 [pool-217-thread-1] INFO  util.JmxRegister (JmxRegister.java:tryRegister(44)) - Successfully registered JMX Bean with object name Ratis:service=RaftServer,group=group-1AC053BB6215,id=ef68bf2f-14be-4d5f-8c8b-17dd79c852c2
2019-10-08 22:20:51,062 [IPC Server handler 5 on 45851] INFO  net.NetworkTopology (NetworkTopologyImpl.java:add(111)) - Added a new node: /default-rack/baae7a36-5fe0-4b63-85b5-441d2538a079
2019-10-08 22:20:51,062 [IPC Server handler 5 on 45851] INFO  node.SCMNodeManager (SCMNodeManager.java:register(268)) - Registered Data node : baae7a36-5fe0-4b63-85b5-441d2538a079{ip: 192.168.30.45, host: pr-hdds-1228-jbbql-2974301341, networkLocation: /default-rack, certSerialId: null}
2019-10-08 22:20:51,067 [RatisPipelineUtilsThread] INFO  pipeline.PipelineStateManager (PipelineStateManager.java:addPipeline(56)) - Created pipeline Pipeline[ Id: c38f55d5-3dc1-46c3-8a66-1ac053bb6215, Nodes: ef68bf2f-14be-4d5f-8c8b-17dd79c852c2{ip: 192.168.30.45, host: pr-hdds-1228-jbbql-2974301341, networkLocation: /default-rack, certSerialId: null}, Type:RATIS, Factor:ONE, State:OPEN]
2019-10-08 22:20:51,076 [grpc-default-executor-5] INFO  impl.RaftServerProxy (RaftServerProxy.java:addNew(89)) - baae7a36-5fe0-4b63-85b5-441d2538a079: addNew group-1A07D4280A72:[baae7a36-5fe0-4b63-85b5-441d2538a079:192.168.30.45:43657] returns group-1A07D4280A72:java.util.concurrent.CompletableFuture@37e9ab58[Not completed]
2019-10-08 22:20:51,077 [pool-227-thread-1] INFO  impl.RaftServerImpl (RaftServerImpl.java:<init>(95)) - baae7a36-5fe0-4b63-85b5-441d2538a079: new RaftServerImpl for group-1A07D4280A72:[baae7a36-5fe0-4b63-85b5-441d2538a079:192.168.30.45:43657] with ContainerStateMachine:uninitialized
2019-10-08 22:20:51,077 [pool-227-thread-1] INFO  server.RaftServerConfigKeys (ConfUtils.java:logGet(43)) - raft.server.rpc.timeout.min = 5s (custom)
2019-10-08 22:20:51,077 [pool-227-thread-1] INFO  server.RaftServerConfigKeys (ConfUtils.java:logGet(43)) - raft.server.rpc.timeout.max = 5200ms (custom)
2019-10-08 22:20:51,078 [pool-227-thread-1] INFO  server.RaftServerConfigKeys (ConfUtils.java:logGet(43)) - raft.server.rpcslowness.timeout = 120s (custom)
2019-10-08 22:20:51,078 [pool-227-thread-1] INFO  server.RaftServerConfigKeys (ConfUtils.java:logGet(43)) - raft.server.sleep.deviation.threshold = 300 (default)
2019-10-08 22:20:51,078 [pool-227-thread-1] INFO  server.RaftServerConfigKeys (ConfUtils.java:logGet(43)) - raft.server.log.appender.install.snapshot.enabled = false (custom)
2019-10-08 22:20:51,078 [pool-227-thread-1] INFO  impl.RaftServerImpl (ServerState.java:<init>(103)) - baae7a36-5fe0-4b63-85b5-441d2538a079@group-1A07D4280A72: ConfigurationManager, init=-1: [baae7a36-5fe0-4b63-85b5-441d2538a079:192.168.30.45:43657], old=null, confs=<EMPTY_MAP>
2019-10-08 22:20:51,078 [pool-227-thread-1] INFO  server.RaftServerConfigKeys (ConfUtils.java:logGet(43)) - raft.server.storage.dir = [/workdir/hadoop-ozone/integration-test/target/test-dir/MiniOzoneClusterImpl-8907c697-5eed-41c0-85e5-15ab21fae644/datanode-2/data/ratis] (custom)
2019-10-08 22:20:51,078 [pool-227-thread-1] INFO  server.RaftServerConfigKeys (ConfUtils.java:logGet(43)) - raft.server.log.corruption.policy = EXCEPTION (default)
2019-10-08 22:20:51,079 [pool-227-thread-1] INFO  storage.RaftStorageDirectory (RaftStorageDirectory.java:analyzeStorage(246)) - The storage directory /workdir/hadoop-ozone/integration-test/target/test-dir/MiniOzoneClusterImpl-8907c697-5eed-41c0-85e5-15ab21fae644/datanode-2/data/ratis/9b51e7a0-9d80-4ce5-81d8-1a07d4280a72 does not exist. Creating ...
2019-10-08 22:20:51,092 [pool-227-thread-1] INFO  storage.RaftStorageDirectory (RaftStorageDirectory.java:tryLock(328)) - Lock on /workdir/hadoop-ozone/integration-test/target/test-dir/MiniOzoneClusterImpl-8907c697-5eed-41c0-85e5-15ab21fae644/datanode-2/data/ratis/9b51e7a0-9d80-4ce5-81d8-1a07d4280a72/in_use.lock acquired by nodename 10512@pr-hdds-1228-jbbql-2974301341
2019-10-08 22:20:51,104 [pool-227-thread-1] INFO  storage.RaftStorage (RaftStorage.java:format(84)) - Storage directory /workdir/hadoop-ozone/integration-test/target/test-dir/MiniOzoneClusterImpl-8907c697-5eed-41c0-85e5-15ab21fae644/datanode-2/data/ratis/9b51e7a0-9d80-4ce5-81d8-1a07d4280a72 has been successfully formatted.
2019-10-08 22:20:51,105 [pool-227-thread-1] INFO  ratis.ContainerStateMachine (ContainerStateMachine.java:loadSnapshot(231)) - group-1A07D4280A72: The snapshot info is null. Setting the last applied indexto:(t:0, i:~)
2019-10-08 22:20:51,105 [pool-227-thread-1] INFO  server.RaftServerConfigKeys (ConfUtils.java:logGet(43)) - raft.server.notification.no-leader.timeout = 120s (custom)
2019-10-08 22:20:51,105 [pool-227-thread-1] INFO  server.RaftServerConfigKeys (ConfUtils.java:logGet(43)) - raft.server.log.use.memory = false (default)
2019-10-08 22:20:51,105 [pool-227-thread-1] INFO  server.RaftServerConfigKeys (ConfUtils.java:logGet(43)) - raft.server.log.purge.gap = 1000000 (custom)
2019-10-08 22:20:51,105 [pool-227-thread-1] INFO  server.RaftServerConfigKeys (ConfUtils.java:logGet(43)) - raft.server.log.appender.buffer.byte-limit = 33554432 (custom)
2019-10-08 22:20:51,105 [pool-227-thread-1] INFO  server.RaftServerConfigKeys (ConfUtils.java:logGet(43)) - raft.server.log.segment.size.max = 1048576 (custom)
2019-10-08 22:20:51,107 [pool-227-thread-1] INFO  server.RaftServerConfigKeys (ConfUtils.java:logGet(43)) - raft.server.log.segment.cache.num.max = 2 (custom)
2019-10-08 22:20:51,107 [pool-227-thread-1] INFO  segmented.SegmentedRaftLogWorker (SegmentedRaftLogWorker.java:<init>(173)) - new baae7a36-5fe0-4b63-85b5-441d2538a079@group-1A07D4280A72-SegmentedRaftLogWorker for RaftStorage:Storage Directory /workdir/hadoop-ozone/integration-test/target/test-dir/MiniOzoneClusterImpl-8907c697-5eed-41c0-85e5-15ab21fae644/datanode-2/data/ratis/9b51e7a0-9d80-4ce5-81d8-1a07d4280a72
2019-10-08 22:20:51,107 [pool-227-thread-1] INFO  server.RaftServerConfigKeys (ConfUtils.java:logGet(43)) - raft.server.log.queue.byte-limit = 2147483647 (custom)
2019-10-08 22:20:51,108 [pool-227-thread-1] INFO  server.RaftServerConfigKeys (ConfUtils.java:logGet(43)) - raft.server.log.queue.element-limit = 1024 (custom)
2019-10-08 22:20:51,108 [pool-227-thread-1] INFO  server.RaftServerConfigKeys (ConfUtils.java:logGet(43)) - raft.server.log.segment.size.max = 1048576 (custom)
2019-10-08 22:20:51,108 [pool-227-thread-1] INFO  server.RaftServerConfigKeys (ConfUtils.java:logGet(43)) - raft.server.log.preallocated.size = 16384 (custom)
2019-10-08 22:20:51,108 [pool-227-thread-1] INFO  server.RaftServerConfigKeys (ConfUtils.java:logGet(43)) - raft.server.log.write.buffer.size = 33554432 (custom)
2019-10-08 22:20:51,108 [pool-227-thread-1] INFO  server.RaftServerConfigKeys (ConfUtils.java:logGet(43)) - raft.server.log.force.sync.num = 128 (default)
2019-10-08 22:20:51,108 [pool-227-thread-1] INFO  server.RaftServerConfigKeys (ConfUtils.java:logGet(43)) - raft.server.log.statemachine.data.sync = true (default)
2019-10-08 22:20:51,108 [pool-227-thread-1] INFO  server.RaftServerConfigKeys (ConfUtils.java:logGet(43)) - raft.server.log.statemachine.data.sync.timeout = 10s (default)
2019-10-08 22:20:51,108 [pool-227-thread-1] INFO  server.RaftServerConfigKeys (ConfUtils.java:logGet(43)) - raft.server.log.statemachine.data.sync.timeout.retry = -1 (default)
2019-10-08 22:20:51,109 [pool-227-thread-1] INFO  server.RaftServerConfigKeys (ConfUtils.java:logGet(43)) - raft.server.log.statemachine.data.caching.enabled = true (custom)
2019-10-08 22:20:51,109 [pool-227-thread-1] INFO  segmented.SegmentedRaftLogWorker (SegmentedRaftLogWorker.java:lambda$new$0(128)) - baae7a36-5fe0-4b63-85b5-441d2538a079@group-1A07D4280A72-SegmentedRaftLogWorker: flushIndex: setUnconditionally 0 -> -1
2019-10-08 22:20:51,109 [pool-227-thread-1] INFO  server.RaftServerConfigKeys (ConfUtils.java:logGet(43)) - raft.server.snapshot.auto.trigger.enabled = true (custom)
2019-10-08 22:20:51,109 [pool-227-thread-1] INFO  server.RaftServerConfigKeys (ConfUtils.java:logGet(43)) - raft.server.snapshot.auto.trigger.threshold = 10000 (custom)
2019-10-08 22:20:51,110 [pool-227-thread-1] INFO  server.RaftServerConfigKeys (ConfUtils.java:logGet(43)) - raft.server.snapshot.retention.file.num = 5 (custom)
2019-10-08 22:20:51,110 [pool-227-thread-1] INFO  server.RaftServerConfigKeys (ConfUtils.java:logGet(43)) - raft.server.retrycache.expirytime = 600000ms (custom)
2019-10-08 22:20:51,111 [pool-227-thread-1] INFO  impl.RaftServerImpl (RaftServerImpl.java:start(181)) - baae7a36-5fe0-4b63-85b5-441d2538a079@group-1A07D4280A72: start as a follower, conf=-1: [baae7a36-5fe0-4b63-85b5-441d2538a079:192.168.30.45:43657], old=null
2019-10-08 22:20:51,112 [pool-227-thread-1] INFO  impl.RaftServerImpl (RaftServerImpl.java:setRole(170)) - baae7a36-5fe0-4b63-85b5-441d2538a079@group-1A07D4280A72: changes role from      null to FOLLOWER at term 0 for startAsFollower
2019-10-08 22:20:51,112 [pool-227-thread-1] INFO  impl.RoleInfo (RoleInfo.java:updateAndGet(143)) - baae7a36-5fe0-4b63-85b5-441d2538a079: start FollowerState
2019-10-08 22:20:51,112 [pool-227-thread-1] INFO  util.JmxRegister (JmxRegister.java:tryRegister(44)) - Successfully registered JMX Bean with object name Ratis:service=RaftServer,group=group-1A07D4280A72,id=baae7a36-5fe0-4b63-85b5-441d2538a079
2019-10-08 22:20:51,119 [RatisPipelineUtilsThread] INFO  pipeline.PipelineStateManager (PipelineStateManager.java:addPipeline(56)) - Created pipeline Pipeline[ Id: 9b51e7a0-9d80-4ce5-81d8-1a07d4280a72, Nodes: baae7a36-5fe0-4b63-85b5-441d2538a079{ip: 192.168.30.45, host: pr-hdds-1228-jbbql-2974301341, networkLocation: /default-rack, certSerialId: null}, Type:RATIS, Factor:ONE, State:OPEN]
2019-10-08 22:20:51,125 [IPC Server handler 6 on 45851] INFO  net.NetworkTopology (NetworkTopologyImpl.java:add(111)) - Added a new node: /default-rack/18cd53ba-448e-4f42-b2ac-e0b2d1d043c9
2019-10-08 22:20:51,125 [IPC Server handler 6 on 45851] INFO  node.SCMNodeManager (SCMNodeManager.java:register(268)) - Registered Data node : 18cd53ba-448e-4f42-b2ac-e0b2d1d043c9{ip: 192.168.30.45, host: pr-hdds-1228-jbbql-2974301341, networkLocation: /default-rack, certSerialId: null}
2019-10-08 22:20:51,133 [grpc-default-executor-2] INFO  impl.RaftServerProxy (RaftServerProxy.java:addNew(89)) - 3161767e-c286-4df4-9de4-b5ad5e977375: addNew group-AEC151EC4700:[3161767e-c286-4df4-9de4-b5ad5e977375:192.168.30.45:46455, baae7a36-5fe0-4b63-85b5-441d2538a079:192.168.30.45:43657, ef68bf2f-14be-4d5f-8c8b-17dd79c852c2:192.168.30.45:44613] returns group-AEC151EC4700:java.util.concurrent.CompletableFuture@2155b03e[Not completed]
2019-10-08 22:20:51,133 [grpc-default-executor-5] INFO  impl.RaftServerProxy (RaftServerProxy.java:addNew(89)) - baae7a36-5fe0-4b63-85b5-441d2538a079: addNew group-AEC151EC4700:[3161767e-c286-4df4-9de4-b5ad5e977375:192.168.30.45:46455, baae7a36-5fe0-4b63-85b5-441d2538a079:192.168.30.45:43657, ef68bf2f-14be-4d5f-8c8b-17dd79c852c2:192.168.30.45:44613] returns group-AEC151EC4700:java.util.concurrent.CompletableFuture@15a94cbb[Not completed]
2019-10-08 22:20:51,133 [grpc-default-executor-0] INFO  impl.RaftServerProxy (RaftServerProxy.java:addNew(89)) - ef68bf2f-14be-4d5f-8c8b-17dd79c852c2: addNew group-AEC151EC4700:[3161767e-c286-4df4-9de4-b5ad5e977375:192.168.30.45:46455, baae7a36-5fe0-4b63-85b5-441d2538a079:192.168.30.45:43657, ef68bf2f-14be-4d5f-8c8b-17dd79c852c2:192.168.30.45:44613] returns group-AEC151EC4700:java.util.concurrent.CompletableFuture@26271c40[Not completed]
2019-10-08 22:20:51,134 [pool-217-thread-1] INFO  impl.RaftServerImpl (RaftServerImpl.java:<init>(95)) - ef68bf2f-14be-4d5f-8c8b-17dd79c852c2: new RaftServerImpl for group-AEC151EC4700:[3161767e-c286-4df4-9de4-b5ad5e977375:192.168.30.45:46455, baae7a36-5fe0-4b63-85b5-441d2538a079:192.168.30.45:43657, ef68bf2f-14be-4d5f-8c8b-17dd79c852c2:192.168.30.45:44613] with ContainerStateMachine:uninitialized
2019-10-08 22:20:51,134 [pool-217-thread-1] INFO  server.RaftServerConfigKeys (ConfUtils.java:logGet(43)) - raft.server.rpc.timeout.min = 5s (custom)
2019-10-08 22:20:51,134 [pool-217-thread-1] INFO  server.RaftServerConfigKeys (ConfUtils.java:logGet(43)) - raft.server.rpc.timeout.max = 5200ms (custom)
2019-10-08 22:20:51,135 [pool-217-thread-1] INFO  server.RaftServerConfigKeys (ConfUtils.java:logGet(43)) - raft.server.rpcslowness.timeout = 120s (custom)
2019-10-08 22:20:51,135 [pool-217-thread-1] INFO  server.RaftServerConfigKeys (ConfUtils.java:logGet(43)) - raft.server.sleep.deviation.threshold = 300 (default)
2019-10-08 22:20:51,135 [pool-217-thread-1] INFO  server.RaftServerConfigKeys (ConfUtils.java:logGet(43)) - raft.server.log.appender.install.snapshot.enabled = false (custom)
2019-10-08 22:20:51,135 [pool-227-thread-1] INFO  impl.RaftServerImpl (RaftServerImpl.java:<init>(95)) - baae7a36-5fe0-4b63-85b5-441d2538a079: new RaftServerImpl for group-AEC151EC4700:[3161767e-c286-4df4-9de4-b5ad5e977375:192.168.30.45:46455, baae7a36-5fe0-4b63-85b5-441d2538a079:192.168.30.45:43657, ef68bf2f-14be-4d5f-8c8b-17dd79c852c2:192.168.30.45:44613] with ContainerStateMachine:uninitialized
2019-10-08 22:20:51,135 [pool-217-thread-1] INFO  impl.RaftServerImpl (ServerState.java:<init>(103)) - ef68bf2f-14be-4d5f-8c8b-17dd79c852c2@group-AEC151EC4700: ConfigurationManager, init=-1: [3161767e-c286-4df4-9de4-b5ad5e977375:192.168.30.45:46455, baae7a36-5fe0-4b63-85b5-441d2538a079:192.168.30.45:43657, ef68bf2f-14be-4d5f-8c8b-17dd79c852c2:192.168.30.45:44613], old=null, confs=<EMPTY_MAP>
2019-10-08 22:20:51,135 [pool-227-thread-1] INFO  server.RaftServerConfigKeys (ConfUtils.java:logGet(43)) - raft.server.rpc.timeout.min = 5s (custom)
2019-10-08 22:20:51,135 [pool-217-thread-1] INFO  server.RaftServerConfigKeys (ConfUtils.java:logGet(43)) - raft.server.storage.dir = [/workdir/hadoop-ozone/integration-test/target/test-dir/MiniOzoneClusterImpl-8907c697-5eed-41c0-85e5-15ab21fae644/datanode-1/data/ratis] (custom)
2019-10-08 22:20:51,135 [pool-227-thread-1] INFO  server.RaftServerConfigKeys (ConfUtils.java:logGet(43)) - raft.server.rpc.timeout.max = 5200ms (custom)
2019-10-08 22:20:51,135 [pool-207-thread-1] INFO  impl.RaftServerImpl (RaftServerImpl.java:<init>(95)) - 3161767e-c286-4df4-9de4-b5ad5e977375: new RaftServerImpl for group-AEC151EC4700:[3161767e-c286-4df4-9de4-b5ad5e977375:192.168.30.45:46455, baae7a36-5fe0-4b63-85b5-441d2538a079:192.168.30.45:43657, ef68bf2f-14be-4d5f-8c8b-17dd79c852c2:192.168.30.45:44613] with ContainerStateMachine:uninitialized
2019-10-08 22:20:51,135 [pool-217-thread-1] INFO  server.RaftServerConfigKeys (ConfUtils.java:logGet(43)) - raft.server.log.corruption.policy = EXCEPTION (default)
2019-10-08 22:20:51,135 [pool-227-thread-1] INFO  server.RaftServerConfigKeys (ConfUtils.java:logGet(43)) - raft.server.rpcslowness.timeout = 120s (custom)
2019-10-08 22:20:51,136 [pool-217-thread-1] INFO  storage.RaftStorageDirectory (RaftStorageDirectory.java:analyzeStorage(246)) - The storage directory /workdir/hadoop-ozone/integration-test/target/test-dir/MiniOzoneClusterImpl-8907c697-5eed-41c0-85e5-15ab21fae644/datanode-1/data/ratis/22d1e6f5-c83e-4e3b-a92a-aec151ec4700 does not exist. Creating ...
2019-10-08 22:20:51,136 [pool-207-thread-1] INFO  server.RaftServerConfigKeys (ConfUtils.java:logGet(43)) - raft.server.rpc.timeout.min = 5s (custom)
2019-10-08 22:20:51,136 [pool-227-thread-1] INFO  server.RaftServerConfigKeys (ConfUtils.java:logGet(43)) - raft.server.sleep.deviation.threshold = 300 (default)
2019-10-08 22:20:51,136 [pool-207-thread-1] INFO  server.RaftServerConfigKeys (ConfUtils.java:logGet(43)) - raft.server.rpc.timeout.max = 5200ms (custom)
2019-10-08 22:20:51,136 [pool-227-thread-1] INFO  server.RaftServerConfigKeys (ConfUtils.java:logGet(43)) - raft.server.log.appender.install.snapshot.enabled = false (custom)
2019-10-08 22:20:51,136 [pool-207-thread-1] INFO  server.RaftServerConfigKeys (ConfUtils.java:logGet(43)) - raft.server.rpcslowness.timeout = 120s (custom)
2019-10-08 22:20:51,136 [pool-227-thread-1] INFO  impl.RaftServerImpl (ServerState.java:<init>(103)) - baae7a36-5fe0-4b63-85b5-441d2538a079@group-AEC151EC4700: ConfigurationManager, init=-1: [3161767e-c286-4df4-9de4-b5ad5e977375:192.168.30.45:46455, baae7a36-5fe0-4b63-85b5-441d2538a079:192.168.30.45:43657, ef68bf2f-14be-4d5f-8c8b-17dd79c852c2:192.168.30.45:44613], old=null, confs=<EMPTY_MAP>
2019-10-08 22:20:51,136 [pool-207-thread-1] INFO  server.RaftServerConfigKeys (ConfUtils.java:logGet(43)) - raft.server.sleep.deviation.threshold = 300 (default)
2019-10-08 22:20:51,137 [pool-227-thread-1] INFO  server.RaftServerConfigKeys (ConfUtils.java:logGet(43)) - raft.server.storage.dir = [/workdir/hadoop-ozone/integration-test/target/test-dir/MiniOzoneClusterImpl-8907c697-5eed-41c0-85e5-15ab21fae644/datanode-2/data/ratis] (custom)
2019-10-08 22:20:51,137 [pool-207-thread-1] INFO  server.RaftServerConfigKeys (ConfUtils.java:logGet(43)) - raft.server.log.appender.install.snapshot.enabled = false (custom)
2019-10-08 22:20:51,137 [pool-227-thread-1] INFO  server.RaftServerConfigKeys (ConfUtils.java:logGet(43)) - raft.server.log.corruption.policy = EXCEPTION (default)
2019-10-08 22:20:51,137 [pool-207-thread-1] INFO  impl.RaftServerImpl (ServerState.java:<init>(103)) - 3161767e-c286-4df4-9de4-b5ad5e977375@group-AEC151EC4700: ConfigurationManager, init=-1: [3161767e-c286-4df4-9de4-b5ad5e977375:192.168.30.45:46455, baae7a36-5fe0-4b63-85b5-441d2538a079:192.168.30.45:43657, ef68bf2f-14be-4d5f-8c8b-17dd79c852c2:192.168.30.45:44613], old=null, confs=<EMPTY_MAP>
2019-10-08 22:20:51,137 [pool-227-thread-1] INFO  storage.RaftStorageDirectory (RaftStorageDirectory.java:analyzeStorage(246)) - The storage directory /workdir/hadoop-ozone/integration-test/target/test-dir/MiniOzoneClusterImpl-8907c697-5eed-41c0-85e5-15ab21fae644/datanode-2/data/ratis/22d1e6f5-c83e-4e3b-a92a-aec151ec4700 does not exist. Creating ...
2019-10-08 22:20:51,137 [pool-207-thread-1] INFO  server.RaftServerConfigKeys (ConfUtils.java:logGet(43)) - raft.server.storage.dir = [/workdir/hadoop-ozone/integration-test/target/test-dir/MiniOzoneClusterImpl-8907c697-5eed-41c0-85e5-15ab21fae644/datanode-0/data/ratis] (custom)
2019-10-08 22:20:51,138 [pool-207-thread-1] INFO  server.RaftServerConfigKeys (ConfUtils.java:logGet(43)) - raft.server.log.corruption.policy = EXCEPTION (default)
2019-10-08 22:20:51,138 [pool-207-thread-1] INFO  storage.RaftStorageDirectory (RaftStorageDirectory.java:analyzeStorage(246)) - The storage directory /workdir/hadoop-ozone/integration-test/target/test-dir/MiniOzoneClusterImpl-8907c697-5eed-41c0-85e5-15ab21fae644/datanode-0/data/ratis/22d1e6f5-c83e-4e3b-a92a-aec151ec4700 does not exist. Creating ...
2019-10-08 22:20:51,149 [pool-217-thread-1] INFO  storage.RaftStorageDirectory (RaftStorageDirectory.java:tryLock(328)) - Lock on /workdir/hadoop-ozone/integration-test/target/test-dir/MiniOzoneClusterImpl-8907c697-5eed-41c0-85e5-15ab21fae644/datanode-1/data/ratis/22d1e6f5-c83e-4e3b-a92a-aec151ec4700/in_use.lock acquired by nodename 10512@pr-hdds-1228-jbbql-2974301341
2019-10-08 22:20:51,149 [pool-227-thread-1] INFO  storage.RaftStorageDirectory (RaftStorageDirectory.java:tryLock(328)) - Lock on /workdir/hadoop-ozone/integration-test/target/test-dir/MiniOzoneClusterImpl-8907c697-5eed-41c0-85e5-15ab21fae644/datanode-2/data/ratis/22d1e6f5-c83e-4e3b-a92a-aec151ec4700/in_use.lock acquired by nodename 10512@pr-hdds-1228-jbbql-2974301341
2019-10-08 22:20:51,149 [pool-207-thread-1] INFO  storage.RaftStorageDirectory (RaftStorageDirectory.java:tryLock(328)) - Lock on /workdir/hadoop-ozone/integration-test/target/test-dir/MiniOzoneClusterImpl-8907c697-5eed-41c0-85e5-15ab21fae644/datanode-0/data/ratis/22d1e6f5-c83e-4e3b-a92a-aec151ec4700/in_use.lock acquired by nodename 10512@pr-hdds-1228-jbbql-2974301341
2019-10-08 22:20:51,153 [pool-207-thread-1] INFO  storage.RaftStorage (RaftStorage.java:format(84)) - Storage directory /workdir/hadoop-ozone/integration-test/target/test-dir/MiniOzoneClusterImpl-8907c697-5eed-41c0-85e5-15ab21fae644/datanode-0/data/ratis/22d1e6f5-c83e-4e3b-a92a-aec151ec4700 has been successfully formatted.
2019-10-08 22:20:51,153 [pool-217-thread-1] INFO  storage.RaftStorage (RaftStorage.java:format(84)) - Storage directory /workdir/hadoop-ozone/integration-test/target/test-dir/MiniOzoneClusterImpl-8907c697-5eed-41c0-85e5-15ab21fae644/datanode-1/data/ratis/22d1e6f5-c83e-4e3b-a92a-aec151ec4700 has been successfully formatted.
2019-10-08 22:20:51,153 [pool-227-thread-1] INFO  storage.RaftStorage (RaftStorage.java:format(84)) - Storage directory /workdir/hadoop-ozone/integration-test/target/test-dir/MiniOzoneClusterImpl-8907c697-5eed-41c0-85e5-15ab21fae644/datanode-2/data/ratis/22d1e6f5-c83e-4e3b-a92a-aec151ec4700 has been successfully formatted.
2019-10-08 22:20:51,154 [pool-217-thread-1] INFO  ratis.ContainerStateMachine (ContainerStateMachine.java:loadSnapshot(231)) - group-AEC151EC4700: The snapshot info is null. Setting the last applied indexto:(t:0, i:~)
2019-10-08 22:20:51,154 [pool-207-thread-1] INFO  ratis.ContainerStateMachine (ContainerStateMachine.java:loadSnapshot(231)) - group-AEC151EC4700: The snapshot info is null. Setting the last applied indexto:(t:0, i:~)
2019-10-08 22:20:51,154 [pool-217-thread-1] INFO  server.RaftServerConfigKeys (ConfUtils.java:logGet(43)) - raft.server.notification.no-leader.timeout = 120s (custom)
2019-10-08 22:20:51,154 [pool-217-thread-1] INFO  server.RaftServerConfigKeys (ConfUtils.java:logGet(43)) - raft.server.log.use.memory = false (default)
2019-10-08 22:20:51,154 [pool-227-thread-1] INFO  ratis.ContainerStateMachine (ContainerStateMachine.java:loadSnapshot(231)) - group-AEC151EC4700: The snapshot info is null. Setting the last applied indexto:(t:0, i:~)
2019-10-08 22:20:51,154 [pool-217-thread-1] INFO  server.RaftServerConfigKeys (ConfUtils.java:logGet(43)) - raft.server.log.purge.gap = 1000000 (custom)
2019-10-08 22:20:51,154 [pool-207-thread-1] INFO  server.RaftServerConfigKeys (ConfUtils.java:logGet(43)) - raft.server.notification.no-leader.timeout = 120s (custom)
2019-10-08 22:20:51,155 [pool-217-thread-1] INFO  server.RaftServerConfigKeys (ConfUtils.java:logGet(43)) - raft.server.log.appender.buffer.byte-limit = 33554432 (custom)
2019-10-08 22:20:51,154 [pool-227-thread-1] INFO  server.RaftServerConfigKeys (ConfUtils.java:logGet(43)) - raft.server.notification.no-leader.timeout = 120s (custom)
2019-10-08 22:20:51,155 [pool-217-thread-1] INFO  server.RaftServerConfigKeys (ConfUtils.java:logGet(43)) - raft.server.log.segment.size.max = 1048576 (custom)
2019-10-08 22:20:51,155 [pool-207-thread-1] INFO  server.RaftServerConfigKeys (ConfUtils.java:logGet(43)) - raft.server.log.use.memory = false (default)
2019-10-08 22:20:51,155 [pool-217-thread-1] INFO  server.RaftServerConfigKeys (ConfUtils.java:logGet(43)) - raft.server.log.segment.cache.num.max = 2 (custom)
2019-10-08 22:20:51,155 [pool-227-thread-1] INFO  server.RaftServerConfigKeys (ConfUtils.java:logGet(43)) - raft.server.log.use.memory = false (default)
2019-10-08 22:20:51,155 [pool-217-thread-1] INFO  segmented.SegmentedRaftLogWorker (SegmentedRaftLogWorker.java:<init>(173)) - new ef68bf2f-14be-4d5f-8c8b-17dd79c852c2@group-AEC151EC4700-SegmentedRaftLogWorker for RaftStorage:Storage Directory /workdir/hadoop-ozone/integration-test/target/test-dir/MiniOzoneClusterImpl-8907c697-5eed-41c0-85e5-15ab21fae644/datanode-1/data/ratis/22d1e6f5-c83e-4e3b-a92a-aec151ec4700
2019-10-08 22:20:51,155 [pool-207-thread-1] INFO  server.RaftServerConfigKeys (ConfUtils.java:logGet(43)) - raft.server.log.purge.gap = 1000000 (custom)
2019-10-08 22:20:51,156 [pool-217-thread-1] INFO  server.RaftServerConfigKeys (ConfUtils.java:logGet(43)) - raft.server.log.queue.byte-limit = 2147483647 (custom)
2019-10-08 22:20:51,156 [pool-217-thread-1] INFO  server.RaftServerConfigKeys (ConfUtils.java:logGet(43)) - raft.server.log.queue.element-limit = 1024 (custom)
2019-10-08 22:20:51,155 [pool-227-thread-1] INFO  server.RaftServerConfigKeys (ConfUtils.java:logGet(43)) - raft.server.log.purge.gap = 1000000 (custom)
2019-10-08 22:20:51,156 [pool-217-thread-1] INFO  server.RaftServerConfigKeys (ConfUtils.java:logGet(43)) - raft.server.log.segment.size.max = 1048576 (custom)
2019-10-08 22:20:51,156 [pool-217-thread-1] INFO  server.RaftServerConfigKeys (ConfUtils.java:logGet(43)) - raft.server.log.preallocated.size = 16384 (custom)
2019-10-08 22:20:51,156 [pool-207-thread-1] INFO  server.RaftServerConfigKeys (ConfUtils.java:logGet(43)) - raft.server.log.appender.buffer.byte-limit = 33554432 (custom)
2019-10-08 22:20:51,156 [pool-217-thread-1] INFO  server.RaftServerConfigKeys (ConfUtils.java:logGet(43)) - raft.server.log.write.buffer.size = 33554432 (custom)
2019-10-08 22:20:51,156 [pool-227-thread-1] INFO  server.RaftServerConfigKeys (ConfUtils.java:logGet(43)) - raft.server.log.appender.buffer.byte-limit = 33554432 (custom)
2019-10-08 22:20:51,157 [pool-217-thread-1] INFO  server.RaftServerConfigKeys (ConfUtils.java:logGet(43)) - raft.server.log.force.sync.num = 128 (default)
2019-10-08 22:20:51,156 [pool-207-thread-1] INFO  server.RaftServerConfigKeys (ConfUtils.java:logGet(43)) - raft.server.log.segment.size.max = 1048576 (custom)
2019-10-08 22:20:51,157 [pool-217-thread-1] INFO  server.RaftServerConfigKeys (ConfUtils.java:logGet(43)) - raft.server.log.statemachine.data.sync = true (default)
2019-10-08 22:20:51,157 [pool-227-thread-1] INFO  server.RaftServerConfigKeys (ConfUtils.java:logGet(43)) - raft.server.log.segment.size.max = 1048576 (custom)
2019-10-08 22:20:51,157 [pool-217-thread-1] INFO  server.RaftServerConfigKeys (ConfUtils.java:logGet(43)) - raft.server.log.statemachine.data.sync.timeout = 10s (default)
2019-10-08 22:20:51,157 [pool-207-thread-1] INFO  server.RaftServerConfigKeys (ConfUtils.java:logGet(43)) - raft.server.log.segment.cache.num.max = 2 (custom)
2019-10-08 22:20:51,157 [pool-217-thread-1] INFO  server.RaftServerConfigKeys (ConfUtils.java:logGet(43)) - raft.server.log.statemachine.data.sync.timeout.retry = -1 (default)
2019-10-08 22:20:51,157 [pool-227-thread-1] INFO  server.RaftServerConfigKeys (ConfUtils.java:logGet(43)) - raft.server.log.segment.cache.num.max = 2 (custom)
2019-10-08 22:20:51,158 [pool-217-thread-1] INFO  server.RaftServerConfigKeys (ConfUtils.java:logGet(43)) - raft.server.log.statemachine.data.caching.enabled = true (custom)
2019-10-08 22:20:51,158 [pool-207-thread-1] INFO  segmented.SegmentedRaftLogWorker (SegmentedRaftLogWorker.java:<init>(173)) - new 3161767e-c286-4df4-9de4-b5ad5e977375@group-AEC151EC4700-SegmentedRaftLogWorker for RaftStorage:Storage Directory /workdir/hadoop-ozone/integration-test/target/test-dir/MiniOzoneClusterImpl-8907c697-5eed-41c0-85e5-15ab21fae644/datanode-0/data/ratis/22d1e6f5-c83e-4e3b-a92a-aec151ec4700
2019-10-08 22:20:51,158 [pool-217-thread-1] INFO  segmented.SegmentedRaftLogWorker (SegmentedRaftLogWorker.java:lambda$new$0(128)) - ef68bf2f-14be-4d5f-8c8b-17dd79c852c2@group-AEC151EC4700-SegmentedRaftLogWorker: flushIndex: setUnconditionally 0 -> -1
2019-10-08 22:20:51,158 [pool-227-thread-1] INFO  segmented.SegmentedRaftLogWorker (SegmentedRaftLogWorker.java:<init>(173)) - new baae7a36-5fe0-4b63-85b5-441d2538a079@group-AEC151EC4700-SegmentedRaftLogWorker for RaftStorage:Storage Directory /workdir/hadoop-ozone/integration-test/target/test-dir/MiniOzoneClusterImpl-8907c697-5eed-41c0-85e5-15ab21fae644/datanode-2/data/ratis/22d1e6f5-c83e-4e3b-a92a-aec151ec4700
2019-10-08 22:20:51,158 [pool-207-thread-1] INFO  server.RaftServerConfigKeys (ConfUtils.java:logGet(43)) - raft.server.log.queue.byte-limit = 2147483647 (custom)
2019-10-08 22:20:51,158 [pool-227-thread-1] INFO  server.RaftServerConfigKeys (ConfUtils.java:logGet(43)) - raft.server.log.queue.byte-limit = 2147483647 (custom)
2019-10-08 22:20:51,158 [pool-217-thread-1] INFO  server.RaftServerConfigKeys (ConfUtils.java:logGet(43)) - raft.server.snapshot.auto.trigger.enabled = true (custom)
2019-10-08 22:20:51,159 [pool-227-thread-1] INFO  server.RaftServerConfigKeys (ConfUtils.java:logGet(43)) - raft.server.log.queue.element-limit = 1024 (custom)
2019-10-08 22:20:51,158 [pool-207-thread-1] INFO  server.RaftServerConfigKeys (ConfUtils.java:logGet(43)) - raft.server.log.queue.element-limit = 1024 (custom)
2019-10-08 22:20:51,159 [pool-227-thread-1] INFO  server.RaftServerConfigKeys (ConfUtils.java:logGet(43)) - raft.server.log.segment.size.max = 1048576 (custom)
2019-10-08 22:20:51,159 [pool-217-thread-1] INFO  server.RaftServerConfigKeys (ConfUtils.java:logGet(43)) - raft.server.snapshot.auto.trigger.threshold = 10000 (custom)
2019-10-08 22:20:51,159 [pool-227-thread-1] INFO  server.RaftServerConfigKeys (ConfUtils.java:logGet(43)) - raft.server.log.preallocated.size = 16384 (custom)
2019-10-08 22:20:51,159 [pool-207-thread-1] INFO  server.RaftServerConfigKeys (ConfUtils.java:logGet(43)) - raft.server.log.segment.size.max = 1048576 (custom)
2019-10-08 22:20:51,159 [pool-227-thread-1] INFO  server.RaftServerConfigKeys (ConfUtils.java:logGet(43)) - raft.server.log.write.buffer.size = 33554432 (custom)
2019-10-08 22:20:51,159 [pool-217-thread-1] INFO  server.RaftServerConfigKeys (ConfUtils.java:logGet(43)) - raft.server.snapshot.retention.file.num = 5 (custom)
2019-10-08 22:20:51,160 [pool-227-thread-1] INFO  server.RaftServerConfigKeys (ConfUtils.java:logGet(43)) - raft.server.log.force.sync.num = 128 (default)
2019-10-08 22:20:51,159 [pool-207-thread-1] INFO  server.RaftServerConfigKeys (ConfUtils.java:logGet(43)) - raft.server.log.preallocated.size = 16384 (custom)
2019-10-08 22:20:51,160 [pool-227-thread-1] INFO  server.RaftServerConfigKeys (ConfUtils.java:logGet(43)) - raft.server.log.statemachine.data.sync = true (default)
2019-10-08 22:20:51,160 [pool-217-thread-1] INFO  server.RaftServerConfigKeys (ConfUtils.java:logGet(43)) - raft.server.retrycache.expirytime = 600000ms (custom)
2019-10-08 22:20:51,160 [pool-227-thread-1] INFO  server.RaftServerConfigKeys (ConfUtils.java:logGet(43)) - raft.server.log.statemachine.data.sync.timeout = 10s (default)
2019-10-08 22:20:51,160 [pool-207-thread-1] INFO  server.RaftServerConfigKeys (ConfUtils.java:logGet(43)) - raft.server.log.write.buffer.size = 33554432 (custom)
2019-10-08 22:20:51,160 [pool-207-thread-1] INFO  server.RaftServerConfigKeys (ConfUtils.java:logGet(43)) - raft.server.log.force.sync.num = 128 (default)
2019-10-08 22:20:51,160 [pool-227-thread-1] INFO  server.RaftServerConfigKeys (ConfUtils.java:logGet(43)) - raft.server.log.statemachine.data.sync.timeout.retry = -1 (default)
2019-10-08 22:20:51,160 [pool-207-thread-1] INFO  server.RaftServerConfigKeys (ConfUtils.java:logGet(43)) - raft.server.log.statemachine.data.sync = true (default)
2019-10-08 22:20:51,161 [pool-227-thread-1] INFO  server.RaftServerConfigKeys (ConfUtils.java:logGet(43)) - raft.server.log.statemachine.data.caching.enabled = true (custom)
2019-10-08 22:20:51,161 [pool-207-thread-1] INFO  server.RaftServerConfigKeys (ConfUtils.java:logGet(43)) - raft.server.log.statemachine.data.sync.timeout = 10s (default)
2019-10-08 22:20:51,161 [pool-227-thread-1] INFO  segmented.SegmentedRaftLogWorker (SegmentedRaftLogWorker.java:lambda$new$0(128)) - baae7a36-5fe0-4b63-85b5-441d2538a079@group-AEC151EC4700-SegmentedRaftLogWorker: flushIndex: setUnconditionally 0 -> -1
2019-10-08 22:20:51,161 [pool-207-thread-1] INFO  server.RaftServerConfigKeys (ConfUtils.java:logGet(43)) - raft.server.log.statemachine.data.sync.timeout.retry = -1 (default)
2019-10-08 22:20:51,161 [pool-227-thread-1] INFO  server.RaftServerConfigKeys (ConfUtils.java:logGet(43)) - raft.server.snapshot.auto.trigger.enabled = true (custom)
2019-10-08 22:20:51,161 [pool-207-thread-1] INFO  server.RaftServerConfigKeys (ConfUtils.java:logGet(43)) - raft.server.log.statemachine.data.caching.enabled = true (custom)
2019-10-08 22:20:51,161 [pool-227-thread-1] INFO  server.RaftServerConfigKeys (ConfUtils.java:logGet(43)) - raft.server.snapshot.auto.trigger.threshold = 10000 (custom)
2019-10-08 22:20:51,162 [pool-227-thread-1] INFO  server.RaftServerConfigKeys (ConfUtils.java:logGet(43)) - raft.server.snapshot.retention.file.num = 5 (custom)
2019-10-08 22:20:51,162 [pool-217-thread-1] INFO  impl.RaftServerImpl (RaftServerImpl.java:start(181)) - ef68bf2f-14be-4d5f-8c8b-17dd79c852c2@group-AEC151EC4700: start as a follower, conf=-1: [3161767e-c286-4df4-9de4-b5ad5e977375:192.168.30.45:46455, baae7a36-5fe0-4b63-85b5-441d2538a079:192.168.30.45:43657, ef68bf2f-14be-4d5f-8c8b-17dd79c852c2:192.168.30.45:44613], old=null
2019-10-08 22:20:51,162 [pool-207-thread-1] INFO  segmented.SegmentedRaftLogWorker (SegmentedRaftLogWorker.java:lambda$new$0(128)) - 3161767e-c286-4df4-9de4-b5ad5e977375@group-AEC151EC4700-SegmentedRaftLogWorker: flushIndex: setUnconditionally 0 -> -1
2019-10-08 22:20:51,162 [pool-217-thread-1] INFO  impl.RaftServerImpl (RaftServerImpl.java:setRole(170)) - ef68bf2f-14be-4d5f-8c8b-17dd79c852c2@group-AEC151EC4700: changes role from      null to FOLLOWER at term 0 for startAsFollower
2019-10-08 22:20:51,162 [pool-227-thread-1] INFO  server.RaftServerConfigKeys (ConfUtils.java:logGet(43)) - raft.server.retrycache.expirytime = 600000ms (custom)
2019-10-08 22:20:51,162 [pool-207-thread-1] INFO  server.RaftServerConfigKeys (ConfUtils.java:logGet(43)) - raft.server.snapshot.auto.trigger.enabled = true (custom)
2019-10-08 22:20:51,162 [pool-217-thread-1] INFO  impl.RoleInfo (RoleInfo.java:updateAndGet(143)) - ef68bf2f-14be-4d5f-8c8b-17dd79c852c2: start FollowerState
2019-10-08 22:20:51,162 [pool-207-thread-1] INFO  server.RaftServerConfigKeys (ConfUtils.java:logGet(43)) - raft.server.snapshot.auto.trigger.threshold = 10000 (custom)
2019-10-08 22:20:51,163 [pool-207-thread-1] INFO  server.RaftServerConfigKeys (ConfUtils.java:logGet(43)) - raft.server.snapshot.retention.file.num = 5 (custom)
2019-10-08 22:20:51,163 [pool-217-thread-1] INFO  util.JmxRegister (JmxRegister.java:tryRegister(44)) - Successfully registered JMX Bean with object name Ratis:service=RaftServer,group=group-AEC151EC4700,id=ef68bf2f-14be-4d5f-8c8b-17dd79c852c2
2019-10-08 22:20:51,163 [pool-207-thread-1] INFO  server.RaftServerConfigKeys (ConfUtils.java:logGet(43)) - raft.server.retrycache.expirytime = 600000ms (custom)
2019-10-08 22:20:51,165 [pool-227-thread-1] INFO  impl.RaftServerImpl (RaftServerImpl.java:start(181)) - baae7a36-5fe0-4b63-85b5-441d2538a079@group-AEC151EC4700: start as a follower, conf=-1: [3161767e-c286-4df4-9de4-b5ad5e977375:192.168.30.45:46455, baae7a36-5fe0-4b63-85b5-441d2538a079:192.168.30.45:43657, ef68bf2f-14be-4d5f-8c8b-17dd79c852c2:192.168.30.45:44613], old=null
2019-10-08 22:20:51,166 [pool-227-thread-1] INFO  impl.RaftServerImpl (RaftServerImpl.java:setRole(170)) - baae7a36-5fe0-4b63-85b5-441d2538a079@group-AEC151EC4700: changes role from      null to FOLLOWER at term 0 for startAsFollower
2019-10-08 22:20:51,166 [pool-227-thread-1] INFO  impl.RoleInfo (RoleInfo.java:updateAndGet(143)) - baae7a36-5fe0-4b63-85b5-441d2538a079: start FollowerState
2019-10-08 22:20:51,166 [pool-227-thread-1] INFO  util.JmxRegister (JmxRegister.java:tryRegister(44)) - Successfully registered JMX Bean with object name Ratis:service=RaftServer,group=group-AEC151EC4700,id=baae7a36-5fe0-4b63-85b5-441d2538a079
2019-10-08 22:20:51,167 [pool-207-thread-1] INFO  impl.RaftServerImpl (RaftServerImpl.java:start(181)) - 3161767e-c286-4df4-9de4-b5ad5e977375@group-AEC151EC4700: start as a follower, conf=-1: [3161767e-c286-4df4-9de4-b5ad5e977375:192.168.30.45:46455, baae7a36-5fe0-4b63-85b5-441d2538a079:192.168.30.45:43657, ef68bf2f-14be-4d5f-8c8b-17dd79c852c2:192.168.30.45:44613], old=null
2019-10-08 22:20:51,167 [pool-207-thread-1] INFO  impl.RaftServerImpl (RaftServerImpl.java:setRole(170)) - 3161767e-c286-4df4-9de4-b5ad5e977375@group-AEC151EC4700: changes role from      null to FOLLOWER at term 0 for startAsFollower
2019-10-08 22:20:51,167 [pool-207-thread-1] INFO  impl.RoleInfo (RoleInfo.java:updateAndGet(143)) - 3161767e-c286-4df4-9de4-b5ad5e977375: start FollowerState
2019-10-08 22:20:51,167 [pool-207-thread-1] INFO  util.JmxRegister (JmxRegister.java:tryRegister(44)) - Successfully registered JMX Bean with object name Ratis:service=RaftServer,group=group-AEC151EC4700,id=3161767e-c286-4df4-9de4-b5ad5e977375
2019-10-08 22:20:51,180 [RatisPipelineUtilsThread] INFO  pipeline.PipelineStateManager (PipelineStateManager.java:addPipeline(56)) - Created pipeline Pipeline[ Id: 22d1e6f5-c83e-4e3b-a92a-aec151ec4700, Nodes: baae7a36-5fe0-4b63-85b5-441d2538a079{ip: 192.168.30.45, host: pr-hdds-1228-jbbql-2974301341, networkLocation: /default-rack, certSerialId: null}3161767e-c286-4df4-9de4-b5ad5e977375{ip: 192.168.30.45, host: pr-hdds-1228-jbbql-2974301341, networkLocation: /default-rack, certSerialId: null}ef68bf2f-14be-4d5f-8c8b-17dd79c852c2{ip: 192.168.30.45, host: pr-hdds-1228-jbbql-2974301341, networkLocation: /default-rack, certSerialId: null}, Type:RATIS, Factor:THREE, State:OPEN]
2019-10-08 22:20:51,193 [IPC Server handler 7 on 45851] INFO  net.NetworkTopology (NetworkTopologyImpl.java:add(111)) - Added a new node: /default-rack/3ce8c319-af4e-4cc7-9ac4-c0d99b1b4aa8
2019-10-08 22:20:51,193 [IPC Server handler 7 on 45851] INFO  node.SCMNodeManager (SCMNodeManager.java:register(268)) - Registered Data node : 3ce8c319-af4e-4cc7-9ac4-c0d99b1b4aa8{ip: 192.168.30.45, host: pr-hdds-1228-jbbql-2974301341, networkLocation: /default-rack, certSerialId: null}
2019-10-08 22:20:51,200 [grpc-default-executor-0] INFO  impl.RaftServerProxy (RaftServerProxy.java:addNew(89)) - 3ce8c319-af4e-4cc7-9ac4-c0d99b1b4aa8: addNew group-EBC1B447C4D4:[3ce8c319-af4e-4cc7-9ac4-c0d99b1b4aa8:192.168.30.45:41807] returns group-EBC1B447C4D4:java.util.concurrent.CompletableFuture@612b9251[Not completed]
2019-10-08 22:20:51,201 [pool-247-thread-1] INFO  impl.RaftServerImpl (RaftServerImpl.java:<init>(95)) - 3ce8c319-af4e-4cc7-9ac4-c0d99b1b4aa8: new RaftServerImpl for group-EBC1B447C4D4:[3ce8c319-af4e-4cc7-9ac4-c0d99b1b4aa8:192.168.30.45:41807] with ContainerStateMachine:uninitialized
2019-10-08 22:20:51,201 [pool-247-thread-1] INFO  server.RaftServerConfigKeys (ConfUtils.java:logGet(43)) - raft.server.rpc.timeout.min = 5s (custom)
2019-10-08 22:20:51,201 [pool-247-thread-1] INFO  server.RaftServerConfigKeys (ConfUtils.java:logGet(43)) - raft.server.rpc.timeout.max = 5200ms (custom)
2019-10-08 22:20:51,201 [pool-247-thread-1] INFO  server.RaftServerConfigKeys (ConfUtils.java:logGet(43)) - raft.server.rpcslowness.timeout = 120s (custom)
2019-10-08 22:20:51,201 [pool-247-thread-1] INFO  server.RaftServerConfigKeys (ConfUtils.java:logGet(43)) - raft.server.sleep.deviation.threshold = 300 (default)
2019-10-08 22:20:51,202 [pool-247-thread-1] INFO  server.RaftServerConfigKeys (ConfUtils.java:logGet(43)) - raft.server.log.appender.install.snapshot.enabled = false (custom)
2019-10-08 22:20:51,202 [pool-247-thread-1] INFO  impl.RaftServerImpl (ServerState.java:<init>(103)) - 3ce8c319-af4e-4cc7-9ac4-c0d99b1b4aa8@group-EBC1B447C4D4: ConfigurationManager, init=-1: [3ce8c319-af4e-4cc7-9ac4-c0d99b1b4aa8:192.168.30.45:41807], old=null, confs=<EMPTY_MAP>
2019-10-08 22:20:51,202 [pool-247-thread-1] INFO  server.RaftServerConfigKeys (ConfUtils.java:logGet(43)) - raft.server.storage.dir = [/workdir/hadoop-ozone/integration-test/target/test-dir/MiniOzoneClusterImpl-8907c697-5eed-41c0-85e5-15ab21fae644/datanode-4/data/ratis] (custom)
2019-10-08 22:20:51,202 [pool-247-thread-1] INFO  server.RaftServerConfigKeys (ConfUtils.java:logGet(43)) - raft.server.log.corruption.policy = EXCEPTION (default)
2019-10-08 22:20:51,202 [pool-247-thread-1] INFO  storage.RaftStorageDirectory (RaftStorageDirectory.java:analyzeStorage(246)) - The storage directory /workdir/hadoop-ozone/integration-test/target/test-dir/MiniOzoneClusterImpl-8907c697-5eed-41c0-85e5-15ab21fae644/datanode-4/data/ratis/e9abec37-b26d-42ad-aaa4-ebc1b447c4d4 does not exist. Creating ...
2019-10-08 22:20:51,214 [pool-247-thread-1] INFO  storage.RaftStorageDirectory (RaftStorageDirectory.java:tryLock(328)) - Lock on /workdir/hadoop-ozone/integration-test/target/test-dir/MiniOzoneClusterImpl-8907c697-5eed-41c0-85e5-15ab21fae644/datanode-4/data/ratis/e9abec37-b26d-42ad-aaa4-ebc1b447c4d4/in_use.lock acquired by nodename 10512@pr-hdds-1228-jbbql-2974301341
2019-10-08 22:20:51,217 [pool-247-thread-1] INFO  storage.RaftStorage (RaftStorage.java:format(84)) - Storage directory /workdir/hadoop-ozone/integration-test/target/test-dir/MiniOzoneClusterImpl-8907c697-5eed-41c0-85e5-15ab21fae644/datanode-4/data/ratis/e9abec37-b26d-42ad-aaa4-ebc1b447c4d4 has been successfully formatted.
2019-10-08 22:20:51,217 [pool-247-thread-1] INFO  ratis.ContainerStateMachine (ContainerStateMachine.java:loadSnapshot(231)) - group-EBC1B447C4D4: The snapshot info is null. Setting the last applied indexto:(t:0, i:~)
2019-10-08 22:20:51,217 [pool-247-thread-1] INFO  server.RaftServerConfigKeys (ConfUtils.java:logGet(43)) - raft.server.notification.no-leader.timeout = 120s (custom)
2019-10-08 22:20:51,217 [pool-247-thread-1] INFO  server.RaftServerConfigKeys (ConfUtils.java:logGet(43)) - raft.server.log.use.memory = false (default)
2019-10-08 22:20:51,218 [pool-247-thread-1] INFO  server.RaftServerConfigKeys (ConfUtils.java:logGet(43)) - raft.server.log.purge.gap = 1000000 (custom)
2019-10-08 22:20:51,218 [pool-247-thread-1] INFO  server.RaftServerConfigKeys (ConfUtils.java:logGet(43)) - raft.server.log.appender.buffer.byte-limit = 33554432 (custom)
2019-10-08 22:20:51,218 [pool-247-thread-1] INFO  server.RaftServerConfigKeys (ConfUtils.java:logGet(43)) - raft.server.log.segment.size.max = 1048576 (custom)
2019-10-08 22:20:51,220 [pool-247-thread-1] INFO  server.RaftServerConfigKeys (ConfUtils.java:logGet(43)) - raft.server.log.segment.cache.num.max = 2 (custom)
2019-10-08 22:20:51,220 [pool-247-thread-1] INFO  segmented.SegmentedRaftLogWorker (SegmentedRaftLogWorker.java:<init>(173)) - new 3ce8c319-af4e-4cc7-9ac4-c0d99b1b4aa8@group-EBC1B447C4D4-SegmentedRaftLogWorker for RaftStorage:Storage Directory /workdir/hadoop-ozone/integration-test/target/test-dir/MiniOzoneClusterImpl-8907c697-5eed-41c0-85e5-15ab21fae644/datanode-4/data/ratis/e9abec37-b26d-42ad-aaa4-ebc1b447c4d4
2019-10-08 22:20:51,220 [pool-247-thread-1] INFO  server.RaftServerConfigKeys (ConfUtils.java:logGet(43)) - raft.server.log.queue.byte-limit = 2147483647 (custom)
2019-10-08 22:20:51,220 [pool-247-thread-1] INFO  server.RaftServerConfigKeys (ConfUtils.java:logGet(43)) - raft.server.log.queue.element-limit = 1024 (custom)
2019-10-08 22:20:51,220 [pool-247-thread-1] INFO  server.RaftServerConfigKeys (ConfUtils.java:logGet(43)) - raft.server.log.segment.size.max = 1048576 (custom)
2019-10-08 22:20:51,220 [pool-247-thread-1] INFO  server.RaftServerConfigKeys (ConfUtils.java:logGet(43)) - raft.server.log.preallocated.size = 16384 (custom)
2019-10-08 22:20:51,220 [pool-247-thread-1] INFO  server.RaftServerConfigKeys (ConfUtils.java:logGet(43)) - raft.server.log.write.buffer.size = 33554432 (custom)
2019-10-08 22:20:51,220 [pool-247-thread-1] INFO  server.RaftServerConfigKeys (ConfUtils.java:logGet(43)) - raft.server.log.force.sync.num = 128 (default)
2019-10-08 22:20:51,220 [pool-247-thread-1] INFO  server.RaftServerConfigKeys (ConfUtils.java:logGet(43)) - raft.server.log.statemachine.data.sync = true (default)
2019-10-08 22:20:51,221 [pool-247-thread-1] INFO  server.RaftServerConfigKeys (ConfUtils.java:logGet(43)) - raft.server.log.statemachine.data.sync.timeout = 10s (default)
2019-10-08 22:20:51,221 [pool-247-thread-1] INFO  server.RaftServerConfigKeys (ConfUtils.java:logGet(43)) - raft.server.log.statemachine.data.sync.timeout.retry = -1 (default)
2019-10-08 22:20:51,221 [pool-247-thread-1] INFO  server.RaftServerConfigKeys (ConfUtils.java:logGet(43)) - raft.server.log.statemachine.data.caching.enabled = true (custom)
2019-10-08 22:20:51,221 [pool-247-thread-1] INFO  segmented.SegmentedRaftLogWorker (SegmentedRaftLogWorker.java:lambda$new$0(128)) - 3ce8c319-af4e-4cc7-9ac4-c0d99b1b4aa8@group-EBC1B447C4D4-SegmentedRaftLogWorker: flushIndex: setUnconditionally 0 -> -1
2019-10-08 22:20:51,222 [pool-247-thread-1] INFO  server.RaftServerConfigKeys (ConfUtils.java:logGet(43)) - raft.server.snapshot.auto.trigger.enabled = true (custom)
2019-10-08 22:20:51,222 [pool-247-thread-1] INFO  server.RaftServerConfigKeys (ConfUtils.java:logGet(43)) - raft.server.snapshot.auto.trigger.threshold = 10000 (custom)
2019-10-08 22:20:51,222 [pool-247-thread-1] INFO  server.RaftServerConfigKeys (ConfUtils.java:logGet(43)) - raft.server.snapshot.retention.file.num = 5 (custom)
2019-10-08 22:20:51,222 [pool-247-thread-1] INFO  server.RaftServerConfigKeys (ConfUtils.java:logGet(43)) - raft.server.retrycache.expirytime = 600000ms (custom)
2019-10-08 22:20:51,224 [pool-247-thread-1] INFO  impl.RaftServerImpl (RaftServerImpl.java:start(181)) - 3ce8c319-af4e-4cc7-9ac4-c0d99b1b4aa8@group-EBC1B447C4D4: start as a follower, conf=-1: [3ce8c319-af4e-4cc7-9ac4-c0d99b1b4aa8:192.168.30.45:41807], old=null
2019-10-08 22:20:51,224 [pool-247-thread-1] INFO  impl.RaftServerImpl (RaftServerImpl.java:setRole(170)) - 3ce8c319-af4e-4cc7-9ac4-c0d99b1b4aa8@group-EBC1B447C4D4: changes role from      null to FOLLOWER at term 0 for startAsFollower
2019-10-08 22:20:51,224 [pool-247-thread-1] INFO  impl.RoleInfo (RoleInfo.java:updateAndGet(143)) - 3ce8c319-af4e-4cc7-9ac4-c0d99b1b4aa8: start FollowerState
2019-10-08 22:20:51,224 [pool-247-thread-1] INFO  util.JmxRegister (JmxRegister.java:tryRegister(44)) - Successfully registered JMX Bean with object name Ratis:service=RaftServer,group=group-EBC1B447C4D4,id=3ce8c319-af4e-4cc7-9ac4-c0d99b1b4aa8
2019-10-08 22:20:51,230 [RatisPipelineUtilsThread] INFO  pipeline.PipelineStateManager (PipelineStateManager.java:addPipeline(56)) - Created pipeline Pipeline[ Id: e9abec37-b26d-42ad-aaa4-ebc1b447c4d4, Nodes: 3ce8c319-af4e-4cc7-9ac4-c0d99b1b4aa8{ip: 192.168.30.45, host: pr-hdds-1228-jbbql-2974301341, networkLocation: /default-rack, certSerialId: null}, Type:RATIS, Factor:ONE, State:OPEN]
2019-10-08 22:20:51,237 [grpc-default-executor-0] INFO  impl.RaftServerProxy (RaftServerProxy.java:addNew(89)) - 18cd53ba-448e-4f42-b2ac-e0b2d1d043c9: addNew group-9953457DDC9D:[18cd53ba-448e-4f42-b2ac-e0b2d1d043c9:192.168.30.45:36503] returns group-9953457DDC9D:java.util.concurrent.CompletableFuture@3efd979c[Not completed]
2019-10-08 22:20:51,238 [pool-237-thread-1] INFO  impl.RaftServerImpl (RaftServerImpl.java:<init>(95)) - 18cd53ba-448e-4f42-b2ac-e0b2d1d043c9: new RaftServerImpl for group-9953457DDC9D:[18cd53ba-448e-4f42-b2ac-e0b2d1d043c9:192.168.30.45:36503] with ContainerStateMachine:uninitialized
2019-10-08 22:20:51,239 [pool-237-thread-1] INFO  server.RaftServerConfigKeys (ConfUtils.java:logGet(43)) - raft.server.rpc.timeout.min = 5s (custom)
2019-10-08 22:20:51,239 [pool-237-thread-1] INFO  server.RaftServerConfigKeys (ConfUtils.java:logGet(43)) - raft.server.rpc.timeout.max = 5200ms (custom)
2019-10-08 22:20:51,239 [pool-237-thread-1] INFO  server.RaftServerConfigKeys (ConfUtils.java:logGet(43)) - raft.server.rpcslowness.timeout = 120s (custom)
2019-10-08 22:20:51,239 [pool-237-thread-1] INFO  server.RaftServerConfigKeys (ConfUtils.java:logGet(43)) - raft.server.sleep.deviation.threshold = 300 (default)
2019-10-08 22:20:51,239 [pool-237-thread-1] INFO  server.RaftServerConfigKeys (ConfUtils.java:logGet(43)) - raft.server.log.appender.install.snapshot.enabled = false (custom)
2019-10-08 22:20:51,240 [pool-237-thread-1] INFO  impl.RaftServerImpl (ServerState.java:<init>(103)) - 18cd53ba-448e-4f42-b2ac-e0b2d1d043c9@group-9953457DDC9D: ConfigurationManager, init=-1: [18cd53ba-448e-4f42-b2ac-e0b2d1d043c9:192.168.30.45:36503], old=null, confs=<EMPTY_MAP>
2019-10-08 22:20:51,240 [pool-237-thread-1] INFO  server.RaftServerConfigKeys (ConfUtils.java:logGet(43)) - raft.server.storage.dir = [/workdir/hadoop-ozone/integration-test/target/test-dir/MiniOzoneClusterImpl-8907c697-5eed-41c0-85e5-15ab21fae644/datanode-3/data/ratis] (custom)
2019-10-08 22:20:51,240 [pool-237-thread-1] INFO  server.RaftServerConfigKeys (ConfUtils.java:logGet(43)) - raft.server.log.corruption.policy = EXCEPTION (default)
2019-10-08 22:20:51,240 [pool-237-thread-1] INFO  storage.RaftStorageDirectory (RaftStorageDirectory.java:analyzeStorage(246)) - The storage directory /workdir/hadoop-ozone/integration-test/target/test-dir/MiniOzoneClusterImpl-8907c697-5eed-41c0-85e5-15ab21fae644/datanode-3/data/ratis/46fbdbff-1f2c-4e71-8fd7-9953457ddc9d does not exist. Creating ...
2019-10-08 22:20:51,245 [pool-237-thread-1] INFO  storage.RaftStorageDirectory (RaftStorageDirectory.java:tryLock(328)) - Lock on /workdir/hadoop-ozone/integration-test/target/test-dir/MiniOzoneClusterImpl-8907c697-5eed-41c0-85e5-15ab21fae644/datanode-3/data/ratis/46fbdbff-1f2c-4e71-8fd7-9953457ddc9d/in_use.lock acquired by nodename 10512@pr-hdds-1228-jbbql-2974301341
2019-10-08 22:20:51,261 [IPC Server handler 3 on 45851] INFO  net.NetworkTopology (NetworkTopologyImpl.java:add(111)) - Added a new node: /default-rack/860f75cf-5125-4417-ba70-7e36ca1f2517
2019-10-08 22:20:51,262 [IPC Server handler 3 on 45851] INFO  node.SCMNodeManager (SCMNodeManager.java:register(268)) - Registered Data node : 860f75cf-5125-4417-ba70-7e36ca1f2517{ip: 192.168.30.45, host: pr-hdds-1228-jbbql-2974301341, networkLocation: /default-rack, certSerialId: null}
2019-10-08 22:20:51,263 [pool-237-thread-1] INFO  storage.RaftStorage (RaftStorage.java:format(84)) - Storage directory /workdir/hadoop-ozone/integration-test/target/test-dir/MiniOzoneClusterImpl-8907c697-5eed-41c0-85e5-15ab21fae644/datanode-3/data/ratis/46fbdbff-1f2c-4e71-8fd7-9953457ddc9d has been successfully formatted.
2019-10-08 22:20:51,263 [pool-237-thread-1] INFO  ratis.ContainerStateMachine (ContainerStateMachine.java:loadSnapshot(231)) - group-9953457DDC9D: The snapshot info is null. Setting the last applied indexto:(t:0, i:~)
2019-10-08 22:20:51,264 [pool-237-thread-1] INFO  server.RaftServerConfigKeys (ConfUtils.java:logGet(43)) - raft.server.notification.no-leader.timeout = 120s (custom)
2019-10-08 22:20:51,264 [pool-237-thread-1] INFO  server.RaftServerConfigKeys (ConfUtils.java:logGet(43)) - raft.server.log.use.memory = false (default)
2019-10-08 22:20:51,264 [pool-237-thread-1] INFO  server.RaftServerConfigKeys (ConfUtils.java:logGet(43)) - raft.server.log.purge.gap = 1000000 (custom)
2019-10-08 22:20:51,264 [pool-237-thread-1] INFO  server.RaftServerConfigKeys (ConfUtils.java:logGet(43)) - raft.server.log.appender.buffer.byte-limit = 33554432 (custom)
2019-10-08 22:20:51,264 [pool-237-thread-1] INFO  server.RaftServerConfigKeys (ConfUtils.java:logGet(43)) - raft.server.log.segment.size.max = 1048576 (custom)
2019-10-08 22:20:51,267 [pool-237-thread-1] INFO  server.RaftServerConfigKeys (ConfUtils.java:logGet(43)) - raft.server.log.segment.cache.num.max = 2 (custom)
2019-10-08 22:20:51,267 [pool-237-thread-1] INFO  segmented.SegmentedRaftLogWorker (SegmentedRaftLogWorker.java:<init>(173)) - new 18cd53ba-448e-4f42-b2ac-e0b2d1d043c9@group-9953457DDC9D-SegmentedRaftLogWorker for RaftStorage:Storage Directory /workdir/hadoop-ozone/integration-test/target/test-dir/MiniOzoneClusterImpl-8907c697-5eed-41c0-85e5-15ab21fae644/datanode-3/data/ratis/46fbdbff-1f2c-4e71-8fd7-9953457ddc9d
2019-10-08 22:20:51,268 [pool-237-thread-1] INFO  server.RaftServerConfigKeys (ConfUtils.java:logGet(43)) - raft.server.log.queue.byte-limit = 2147483647 (custom)
2019-10-08 22:20:51,268 [pool-237-thread-1] INFO  server.RaftServerConfigKeys (ConfUtils.java:logGet(43)) - raft.server.log.queue.element-limit = 1024 (custom)
2019-10-08 22:20:51,268 [pool-237-thread-1] INFO  server.RaftServerConfigKeys (ConfUtils.java:logGet(43)) - raft.server.log.segment.size.max = 1048576 (custom)
2019-10-08 22:20:51,268 [pool-237-thread-1] INFO  server.RaftServerConfigKeys (ConfUtils.java:logGet(43)) - raft.server.log.preallocated.size = 16384 (custom)
2019-10-08 22:20:51,268 [pool-237-thread-1] INFO  server.RaftServerConfigKeys (ConfUtils.java:logGet(43)) - raft.server.log.write.buffer.size = 33554432 (custom)
2019-10-08 22:20:51,268 [pool-237-thread-1] INFO  server.RaftServerConfigKeys (ConfUtils.java:logGet(43)) - raft.server.log.force.sync.num = 128 (default)
2019-10-08 22:20:51,269 [pool-237-thread-1] INFO  server.RaftServerConfigKeys (ConfUtils.java:logGet(43)) - raft.server.log.statemachine.data.sync = true (default)
2019-10-08 22:20:51,269 [pool-237-thread-1] INFO  server.RaftServerConfigKeys (ConfUtils.java:logGet(43)) - raft.server.log.statemachine.data.sync.timeout = 10s (default)
2019-10-08 22:20:51,269 [pool-237-thread-1] INFO  server.RaftServerConfigKeys (ConfUtils.java:logGet(43)) - raft.server.log.statemachine.data.sync.timeout.retry = -1 (default)
2019-10-08 22:20:51,270 [pool-237-thread-1] INFO  server.RaftServerConfigKeys (ConfUtils.java:logGet(43)) - raft.server.log.statemachine.data.caching.enabled = true (custom)
2019-10-08 22:20:51,270 [pool-237-thread-1] INFO  segmented.SegmentedRaftLogWorker (SegmentedRaftLogWorker.java:lambda$new$0(128)) - 18cd53ba-448e-4f42-b2ac-e0b2d1d043c9@group-9953457DDC9D-SegmentedRaftLogWorker: flushIndex: setUnconditionally 0 -> -1
2019-10-08 22:20:51,271 [pool-237-thread-1] INFO  server.RaftServerConfigKeys (ConfUtils.java:logGet(43)) - raft.server.snapshot.auto.trigger.enabled = true (custom)
2019-10-08 22:20:51,271 [pool-237-thread-1] INFO  server.RaftServerConfigKeys (ConfUtils.java:logGet(43)) - raft.server.snapshot.auto.trigger.threshold = 10000 (custom)
2019-10-08 22:20:51,271 [pool-237-thread-1] INFO  server.RaftServerConfigKeys (ConfUtils.java:logGet(43)) - raft.server.snapshot.retention.file.num = 5 (custom)
2019-10-08 22:20:51,271 [pool-237-thread-1] INFO  server.RaftServerConfigKeys (ConfUtils.java:logGet(43)) - raft.server.retrycache.expirytime = 600000ms (custom)
2019-10-08 22:20:51,274 [pool-237-thread-1] INFO  impl.RaftServerImpl (RaftServerImpl.java:start(181)) - 18cd53ba-448e-4f42-b2ac-e0b2d1d043c9@group-9953457DDC9D: start as a follower, conf=-1: [18cd53ba-448e-4f42-b2ac-e0b2d1d043c9:192.168.30.45:36503], old=null
2019-10-08 22:20:51,274 [pool-237-thread-1] INFO  impl.RaftServerImpl (RaftServerImpl.java:setRole(170)) - 18cd53ba-448e-4f42-b2ac-e0b2d1d043c9@group-9953457DDC9D: changes role from      null to FOLLOWER at term 0 for startAsFollower
2019-10-08 22:20:51,274 [pool-237-thread-1] INFO  impl.RoleInfo (RoleInfo.java:updateAndGet(143)) - 18cd53ba-448e-4f42-b2ac-e0b2d1d043c9: start FollowerState
2019-10-08 22:20:51,274 [pool-237-thread-1] INFO  util.JmxRegister (JmxRegister.java:tryRegister(44)) - Successfully registered JMX Bean with object name Ratis:service=RaftServer,group=group-9953457DDC9D,id=18cd53ba-448e-4f42-b2ac-e0b2d1d043c9
2019-10-08 22:20:51,282 [RatisPipelineUtilsThread] INFO  pipeline.PipelineStateManager (PipelineStateManager.java:addPipeline(56)) - Created pipeline Pipeline[ Id: 46fbdbff-1f2c-4e71-8fd7-9953457ddc9d, Nodes: 18cd53ba-448e-4f42-b2ac-e0b2d1d043c9{ip: 192.168.30.45, host: pr-hdds-1228-jbbql-2974301341, networkLocation: /default-rack, certSerialId: null}, Type:RATIS, Factor:ONE, State:OPEN]
2019-10-08 22:20:51,297 [grpc-default-executor-0] INFO  impl.RaftServerProxy (RaftServerProxy.java:addNew(89)) - 860f75cf-5125-4417-ba70-7e36ca1f2517: addNew group-B3DF866C563E:[860f75cf-5125-4417-ba70-7e36ca1f2517:192.168.30.45:39003] returns group-B3DF866C563E:java.util.concurrent.CompletableFuture@3c6e4f24[Not completed]
2019-10-08 22:20:51,299 [pool-257-thread-1] INFO  impl.RaftServerImpl (RaftServerImpl.java:<init>(95)) - 860f75cf-5125-4417-ba70-7e36ca1f2517: new RaftServerImpl for group-B3DF866C563E:[860f75cf-5125-4417-ba70-7e36ca1f2517:192.168.30.45:39003] with ContainerStateMachine:uninitialized
2019-10-08 22:20:51,299 [pool-257-thread-1] INFO  server.RaftServerConfigKeys (ConfUtils.java:logGet(43)) - raft.server.rpc.timeout.min = 5s (custom)
2019-10-08 22:20:51,299 [pool-257-thread-1] INFO  server.RaftServerConfigKeys (ConfUtils.java:logGet(43)) - raft.server.rpc.timeout.max = 5200ms (custom)
2019-10-08 22:20:51,300 [pool-257-thread-1] INFO  server.RaftServerConfigKeys (ConfUtils.java:logGet(43)) - raft.server.rpcslowness.timeout = 120s (custom)
2019-10-08 22:20:51,300 [pool-257-thread-1] INFO  server.RaftServerConfigKeys (ConfUtils.java:logGet(43)) - raft.server.sleep.deviation.threshold = 300 (default)
2019-10-08 22:20:51,300 [pool-257-thread-1] INFO  server.RaftServerConfigKeys (ConfUtils.java:logGet(43)) - raft.server.log.appender.install.snapshot.enabled = false (custom)
2019-10-08 22:20:51,300 [pool-257-thread-1] INFO  impl.RaftServerImpl (ServerState.java:<init>(103)) - 860f75cf-5125-4417-ba70-7e36ca1f2517@group-B3DF866C563E: ConfigurationManager, init=-1: [860f75cf-5125-4417-ba70-7e36ca1f2517:192.168.30.45:39003], old=null, confs=<EMPTY_MAP>
2019-10-08 22:20:51,300 [pool-257-thread-1] INFO  server.RaftServerConfigKeys (ConfUtils.java:logGet(43)) - raft.server.storage.dir = [/workdir/hadoop-ozone/integration-test/target/test-dir/MiniOzoneClusterImpl-8907c697-5eed-41c0-85e5-15ab21fae644/datanode-5/data/ratis] (custom)
2019-10-08 22:20:51,301 [pool-257-thread-1] INFO  server.RaftServerConfigKeys (ConfUtils.java:logGet(43)) - raft.server.log.corruption.policy = EXCEPTION (default)
2019-10-08 22:20:51,301 [pool-257-thread-1] INFO  storage.RaftStorageDirectory (RaftStorageDirectory.java:analyzeStorage(246)) - The storage directory /workdir/hadoop-ozone/integration-test/target/test-dir/MiniOzoneClusterImpl-8907c697-5eed-41c0-85e5-15ab21fae644/datanode-5/data/ratis/c99af21c-9b66-45d2-a03b-b3df866c563e does not exist. Creating ...
2019-10-08 22:20:51,314 [pool-257-thread-1] INFO  storage.RaftStorageDirectory (RaftStorageDirectory.java:tryLock(328)) - Lock on /workdir/hadoop-ozone/integration-test/target/test-dir/MiniOzoneClusterImpl-8907c697-5eed-41c0-85e5-15ab21fae644/datanode-5/data/ratis/c99af21c-9b66-45d2-a03b-b3df866c563e/in_use.lock acquired by nodename 10512@pr-hdds-1228-jbbql-2974301341
2019-10-08 22:20:51,327 [pool-257-thread-1] INFO  storage.RaftStorage (RaftStorage.java:format(84)) - Storage directory /workdir/hadoop-ozone/integration-test/target/test-dir/MiniOzoneClusterImpl-8907c697-5eed-41c0-85e5-15ab21fae644/datanode-5/data/ratis/c99af21c-9b66-45d2-a03b-b3df866c563e has been successfully formatted.
2019-10-08 22:20:51,328 [pool-257-thread-1] INFO  ratis.ContainerStateMachine (ContainerStateMachine.java:loadSnapshot(231)) - group-B3DF866C563E: The snapshot info is null. Setting the last applied indexto:(t:0, i:~)
2019-10-08 22:20:51,328 [pool-257-thread-1] INFO  server.RaftServerConfigKeys (ConfUtils.java:logGet(43)) - raft.server.notification.no-leader.timeout = 120s (custom)
2019-10-08 22:20:51,328 [pool-257-thread-1] INFO  server.RaftServerConfigKeys (ConfUtils.java:logGet(43)) - raft.server.log.use.memory = false (default)
2019-10-08 22:20:51,328 [pool-257-thread-1] INFO  server.RaftServerConfigKeys (ConfUtils.java:logGet(43)) - raft.server.log.purge.gap = 1000000 (custom)
2019-10-08 22:20:51,329 [pool-257-thread-1] INFO  server.RaftServerConfigKeys (ConfUtils.java:logGet(43)) - raft.server.log.appender.buffer.byte-limit = 33554432 (custom)
2019-10-08 22:20:51,329 [pool-257-thread-1] INFO  server.RaftServerConfigKeys (ConfUtils.java:logGet(43)) - raft.server.log.segment.size.max = 1048576 (custom)
2019-10-08 22:20:51,331 [pool-257-thread-1] INFO  server.RaftServerConfigKeys (ConfUtils.java:logGet(43)) - raft.server.log.segment.cache.num.max = 2 (custom)
2019-10-08 22:20:51,331 [pool-257-thread-1] INFO  segmented.SegmentedRaftLogWorker (SegmentedRaftLogWorker.java:<init>(173)) - new 860f75cf-5125-4417-ba70-7e36ca1f2517@group-B3DF866C563E-SegmentedRaftLogWorker for RaftStorage:Storage Directory /workdir/hadoop-ozone/integration-test/target/test-dir/MiniOzoneClusterImpl-8907c697-5eed-41c0-85e5-15ab21fae644/datanode-5/data/ratis/c99af21c-9b66-45d2-a03b-b3df866c563e
2019-10-08 22:20:51,331 [pool-257-thread-1] INFO  server.RaftServerConfigKeys (ConfUtils.java:logGet(43)) - raft.server.log.queue.byte-limit = 2147483647 (custom)
2019-10-08 22:20:51,331 [pool-257-thread-1] INFO  server.RaftServerConfigKeys (ConfUtils.java:logGet(43)) - raft.server.log.queue.element-limit = 1024 (custom)
2019-10-08 22:20:51,332 [pool-257-thread-1] INFO  server.RaftServerConfigKeys (ConfUtils.java:logGet(43)) - raft.server.log.segment.size.max = 1048576 (custom)
2019-10-08 22:20:51,332 [pool-257-thread-1] INFO  server.RaftServerConfigKeys (ConfUtils.java:logGet(43)) - raft.server.log.preallocated.size = 16384 (custom)
2019-10-08 22:20:51,332 [pool-257-thread-1] INFO  server.RaftServerConfigKeys (ConfUtils.java:logGet(43)) - raft.server.log.write.buffer.size = 33554432 (custom)
2019-10-08 22:20:51,332 [pool-257-thread-1] INFO  server.RaftServerConfigKeys (ConfUtils.java:logGet(43)) - raft.server.log.force.sync.num = 128 (default)
2019-10-08 22:20:51,332 [pool-257-thread-1] INFO  server.RaftServerConfigKeys (ConfUtils.java:logGet(43)) - raft.server.log.statemachine.data.sync = true (default)
2019-10-08 22:20:51,332 [pool-257-thread-1] INFO  server.RaftServerConfigKeys (ConfUtils.java:logGet(43)) - raft.server.log.statemachine.data.sync.timeout = 10s (default)
2019-10-08 22:20:51,333 [pool-257-thread-1] INFO  server.RaftServerConfigKeys (ConfUtils.java:logGet(43)) - raft.server.log.statemachine.data.sync.timeout.retry = -1 (default)
2019-10-08 22:20:51,333 [pool-257-thread-1] INFO  server.RaftServerConfigKeys (ConfUtils.java:logGet(43)) - raft.server.log.statemachine.data.caching.enabled = true (custom)
2019-10-08 22:20:51,333 [pool-257-thread-1] INFO  segmented.SegmentedRaftLogWorker (SegmentedRaftLogWorker.java:lambda$new$0(128)) - 860f75cf-5125-4417-ba70-7e36ca1f2517@group-B3DF866C563E-SegmentedRaftLogWorker: flushIndex: setUnconditionally 0 -> -1
2019-10-08 22:20:51,334 [pool-257-thread-1] INFO  server.RaftServerConfigKeys (ConfUtils.java:logGet(43)) - raft.server.snapshot.auto.trigger.enabled = true (custom)
2019-10-08 22:20:51,334 [pool-257-thread-1] INFO  server.RaftServerConfigKeys (ConfUtils.java:logGet(43)) - raft.server.snapshot.auto.trigger.threshold = 10000 (custom)
2019-10-08 22:20:51,334 [pool-257-thread-1] INFO  server.RaftServerConfigKeys (ConfUtils.java:logGet(43)) - raft.server.snapshot.retention.file.num = 5 (custom)
2019-10-08 22:20:51,334 [pool-257-thread-1] INFO  server.RaftServerConfigKeys (ConfUtils.java:logGet(43)) - raft.server.retrycache.expirytime = 600000ms (custom)
2019-10-08 22:20:51,337 [pool-257-thread-1] INFO  impl.RaftServerImpl (RaftServerImpl.java:start(181)) - 860f75cf-5125-4417-ba70-7e36ca1f2517@group-B3DF866C563E: start as a follower, conf=-1: [860f75cf-5125-4417-ba70-7e36ca1f2517:192.168.30.45:39003], old=null
2019-10-08 22:20:51,337 [pool-257-thread-1] INFO  impl.RaftServerImpl (RaftServerImpl.java:setRole(170)) - 860f75cf-5125-4417-ba70-7e36ca1f2517@group-B3DF866C563E: changes role from      null to FOLLOWER at term 0 for startAsFollower
2019-10-08 22:20:51,337 [pool-257-thread-1] INFO  impl.RoleInfo (RoleInfo.java:updateAndGet(143)) - 860f75cf-5125-4417-ba70-7e36ca1f2517: start FollowerState
2019-10-08 22:20:51,338 [pool-257-thread-1] INFO  util.JmxRegister (JmxRegister.java:tryRegister(44)) - Successfully registered JMX Bean with object name Ratis:service=RaftServer,group=group-B3DF866C563E,id=860f75cf-5125-4417-ba70-7e36ca1f2517
2019-10-08 22:20:51,348 [RatisPipelineUtilsThread] INFO  pipeline.PipelineStateManager (PipelineStateManager.java:addPipeline(56)) - Created pipeline Pipeline[ Id: c99af21c-9b66-45d2-a03b-b3df866c563e, Nodes: 860f75cf-5125-4417-ba70-7e36ca1f2517{ip: 192.168.30.45, host: pr-hdds-1228-jbbql-2974301341, networkLocation: /default-rack, certSerialId: null}, Type:RATIS, Factor:ONE, State:OPEN]
2019-10-08 22:20:51,348 [main] INFO  ozone.MiniOzoneClusterImpl (MiniOzoneClusterImpl.java:lambda$waitForClusterToBeReady$0(147)) - Waiting for cluster to be ready. Got 6 of 7 DN Heartbeats.
2019-10-08 22:20:51,356 [IPC Server handler 0 on 45851] INFO  net.NetworkTopology (NetworkTopologyImpl.java:add(111)) - Added a new node: /default-rack/099ff116-f4e8-4616-8f77-05d2177bfae7
2019-10-08 22:20:51,356 [IPC Server handler 0 on 45851] INFO  node.SCMNodeManager (SCMNodeManager.java:register(268)) - Registered Data node : 099ff116-f4e8-4616-8f77-05d2177bfae7{ip: 192.168.30.45, host: pr-hdds-1228-jbbql-2974301341, networkLocation: /default-rack, certSerialId: null}
2019-10-08 22:20:51,377 [grpc-default-executor-2] INFO  impl.RaftServerProxy (RaftServerProxy.java:addNew(89)) - 18cd53ba-448e-4f42-b2ac-e0b2d1d043c9: addNew group-F1D3CFA4205F:[860f75cf-5125-4417-ba70-7e36ca1f2517:192.168.30.45:39003, 18cd53ba-448e-4f42-b2ac-e0b2d1d043c9:192.168.30.45:36503, 3ce8c319-af4e-4cc7-9ac4-c0d99b1b4aa8:192.168.30.45:41807] returns group-F1D3CFA4205F:java.util.concurrent.CompletableFuture@5e760a61[Not completed]
2019-10-08 22:20:51,377 [grpc-default-executor-0] INFO  impl.RaftServerProxy (RaftServerProxy.java:addNew(89)) - 860f75cf-5125-4417-ba70-7e36ca1f2517: addNew group-F1D3CFA4205F:[860f75cf-5125-4417-ba70-7e36ca1f2517:192.168.30.45:39003, 18cd53ba-448e-4f42-b2ac-e0b2d1d043c9:192.168.30.45:36503, 3ce8c319-af4e-4cc7-9ac4-c0d99b1b4aa8:192.168.30.45:41807] returns group-F1D3CFA4205F:java.util.concurrent.CompletableFuture@2456f1e6[Not completed]
2019-10-08 22:20:51,377 [grpc-default-executor-5] INFO  impl.RaftServerProxy (RaftServerProxy.java:addNew(89)) - 3ce8c319-af4e-4cc7-9ac4-c0d99b1b4aa8: addNew group-F1D3CFA4205F:[860f75cf-5125-4417-ba70-7e36ca1f2517:192.168.30.45:39003, 18cd53ba-448e-4f42-b2ac-e0b2d1d043c9:192.168.30.45:36503, 3ce8c319-af4e-4cc7-9ac4-c0d99b1b4aa8:192.168.30.45:41807] returns group-F1D3CFA4205F:java.util.concurrent.CompletableFuture@51070c2b[Not completed]
2019-10-08 22:20:51,378 [pool-237-thread-1] INFO  impl.RaftServerImpl (RaftServerImpl.java:<init>(95)) - 18cd53ba-448e-4f42-b2ac-e0b2d1d043c9: new RaftServerImpl for group-F1D3CFA4205F:[860f75cf-5125-4417-ba70-7e36ca1f2517:192.168.30.45:39003, 18cd53ba-448e-4f42-b2ac-e0b2d1d043c9:192.168.30.45:36503, 3ce8c319-af4e-4cc7-9ac4-c0d99b1b4aa8:192.168.30.45:41807] with ContainerStateMachine:uninitialized
2019-10-08 22:20:51,378 [pool-237-thread-1] INFO  server.RaftServerConfigKeys (ConfUtils.java:logGet(43)) - raft.server.rpc.timeout.min = 5s (custom)
2019-10-08 22:20:51,378 [pool-237-thread-1] INFO  server.RaftServerConfigKeys (ConfUtils.java:logGet(43)) - raft.server.rpc.timeout.max = 5200ms (custom)
2019-10-08 22:20:51,378 [pool-237-thread-1] INFO  server.RaftServerConfigKeys (ConfUtils.java:logGet(43)) - raft.server.rpcslowness.timeout = 120s (custom)
2019-10-08 22:20:51,379 [pool-247-thread-1] INFO  impl.RaftServerImpl (RaftServerImpl.java:<init>(95)) - 3ce8c319-af4e-4cc7-9ac4-c0d99b1b4aa8: new RaftServerImpl for group-F1D3CFA4205F:[860f75cf-5125-4417-ba70-7e36ca1f2517:192.168.30.45:39003, 18cd53ba-448e-4f42-b2ac-e0b2d1d043c9:192.168.30.45:36503, 3ce8c319-af4e-4cc7-9ac4-c0d99b1b4aa8:192.168.30.45:41807] with ContainerStateMachine:uninitialized
2019-10-08 22:20:51,379 [pool-237-thread-1] INFO  server.RaftServerConfigKeys (ConfUtils.java:logGet(43)) - raft.server.sleep.deviation.threshold = 300 (default)
2019-10-08 22:20:51,379 [pool-247-thread-1] INFO  server.RaftServerConfigKeys (ConfUtils.java:logGet(43)) - raft.server.rpc.timeout.min = 5s (custom)
2019-10-08 22:20:51,379 [pool-237-thread-1] INFO  server.RaftServerConfigKeys (ConfUtils.java:logGet(43)) - raft.server.log.appender.install.snapshot.enabled = false (custom)
2019-10-08 22:20:51,379 [pool-247-thread-1] INFO  server.RaftServerConfigKeys (ConfUtils.java:logGet(43)) - raft.server.rpc.timeout.max = 5200ms (custom)
2019-10-08 22:20:51,379 [pool-237-thread-1] INFO  impl.RaftServerImpl (ServerState.java:<init>(103)) - 18cd53ba-448e-4f42-b2ac-e0b2d1d043c9@group-F1D3CFA4205F: ConfigurationManager, init=-1: [860f75cf-5125-4417-ba70-7e36ca1f2517:192.168.30.45:39003, 18cd53ba-448e-4f42-b2ac-e0b2d1d043c9:192.168.30.45:36503, 3ce8c319-af4e-4cc7-9ac4-c0d99b1b4aa8:192.168.30.45:41807], old=null, confs=<EMPTY_MAP>
2019-10-08 22:20:51,379 [pool-247-thread-1] INFO  server.RaftServerConfigKeys (ConfUtils.java:logGet(43)) - raft.server.rpcslowness.timeout = 120s (custom)
2019-10-08 22:20:51,379 [pool-237-thread-1] INFO  server.RaftServerConfigKeys (ConfUtils.java:logGet(43)) - raft.server.storage.dir = [/workdir/hadoop-ozone/integration-test/target/test-dir/MiniOzoneClusterImpl-8907c697-5eed-41c0-85e5-15ab21fae644/datanode-3/data/ratis] (custom)
2019-10-08 22:20:51,380 [pool-257-thread-1] INFO  impl.RaftServerImpl (RaftServerImpl.java:<init>(95)) - 860f75cf-5125-4417-ba70-7e36ca1f2517: new RaftServerImpl for group-F1D3CFA4205F:[860f75cf-5125-4417-ba70-7e36ca1f2517:192.168.30.45:39003, 18cd53ba-448e-4f42-b2ac-e0b2d1d043c9:192.168.30.45:36503, 3ce8c319-af4e-4cc7-9ac4-c0d99b1b4aa8:192.168.30.45:41807] with ContainerStateMachine:uninitialized
2019-10-08 22:20:51,380 [pool-247-thread-1] INFO  server.RaftServerConfigKeys (ConfUtils.java:logGet(43)) - raft.server.sleep.deviation.threshold = 300 (default)
2019-10-08 22:20:51,380 [pool-257-thread-1] INFO  server.RaftServerConfigKeys (ConfUtils.java:logGet(43)) - raft.server.rpc.timeout.min = 5s (custom)
2019-10-08 22:20:51,380 [pool-237-thread-1] INFO  server.RaftServerConfigKeys (ConfUtils.java:logGet(43)) - raft.server.log.corruption.policy = EXCEPTION (default)
2019-10-08 22:20:51,380 [pool-257-thread-1] INFO  server.RaftServerConfigKeys (ConfUtils.java:logGet(43)) - raft.server.rpc.timeout.max = 5200ms (custom)
2019-10-08 22:20:51,380 [pool-247-thread-1] INFO  server.RaftServerConfigKeys (ConfUtils.java:logGet(43)) - raft.server.log.appender.install.snapshot.enabled = false (custom)
2019-10-08 22:20:51,380 [pool-257-thread-1] INFO  server.RaftServerConfigKeys (ConfUtils.java:logGet(43)) - raft.server.rpcslowness.timeout = 120s (custom)
2019-10-08 22:20:51,380 [pool-237-thread-1] INFO  storage.RaftStorageDirectory (RaftStorageDirectory.java:analyzeStorage(246)) - The storage directory /workdir/hadoop-ozone/integration-test/target/test-dir/MiniOzoneClusterImpl-8907c697-5eed-41c0-85e5-15ab21fae644/datanode-3/data/ratis/db66c6bb-165c-4336-a3dc-f1d3cfa4205f does not exist. Creating ...
2019-10-08 22:20:51,381 [pool-257-thread-1] INFO  server.RaftServerConfigKeys (ConfUtils.java:logGet(43)) - raft.server.sleep.deviation.threshold = 300 (default)
2019-10-08 22:20:51,381 [pool-247-thread-1] INFO  impl.RaftServerImpl (ServerState.java:<init>(103)) - 3ce8c319-af4e-4cc7-9ac4-c0d99b1b4aa8@group-F1D3CFA4205F: ConfigurationManager, init=-1: [860f75cf-5125-4417-ba70-7e36ca1f2517:192.168.30.45:39003, 18cd53ba-448e-4f42-b2ac-e0b2d1d043c9:192.168.30.45:36503, 3ce8c319-af4e-4cc7-9ac4-c0d99b1b4aa8:192.168.30.45:41807], old=null, confs=<EMPTY_MAP>
2019-10-08 22:20:51,381 [pool-257-thread-1] INFO  server.RaftServerConfigKeys (ConfUtils.java:logGet(43)) - raft.server.log.appender.install.snapshot.enabled = false (custom)
2019-10-08 22:20:51,381 [pool-247-thread-1] INFO  server.RaftServerConfigKeys (ConfUtils.java:logGet(43)) - raft.server.storage.dir = [/workdir/hadoop-ozone/integration-test/target/test-dir/MiniOzoneClusterImpl-8907c697-5eed-41c0-85e5-15ab21fae644/datanode-4/data/ratis] (custom)
2019-10-08 22:20:51,381 [pool-257-thread-1] INFO  impl.RaftServerImpl (ServerState.java:<init>(103)) - 860f75cf-5125-4417-ba70-7e36ca1f2517@group-F1D3CFA4205F: ConfigurationManager, init=-1: [860f75cf-5125-4417-ba70-7e36ca1f2517:192.168.30.45:39003, 18cd53ba-448e-4f42-b2ac-e0b2d1d043c9:192.168.30.45:36503, 3ce8c319-af4e-4cc7-9ac4-c0d99b1b4aa8:192.168.30.45:41807], old=null, confs=<EMPTY_MAP>
2019-10-08 22:20:51,382 [pool-247-thread-1] INFO  server.RaftServerConfigKeys (ConfUtils.java:logGet(43)) - raft.server.log.corruption.policy = EXCEPTION (default)
2019-10-08 22:20:51,382 [pool-257-thread-1] INFO  server.RaftServerConfigKeys (ConfUtils.java:logGet(43)) - raft.server.storage.dir = [/workdir/hadoop-ozone/integration-test/target/test-dir/MiniOzoneClusterImpl-8907c697-5eed-41c0-85e5-15ab21fae644/datanode-5/data/ratis] (custom)
2019-10-08 22:20:51,382 [pool-247-thread-1] INFO  storage.RaftStorageDirectory (RaftStorageDirectory.java:analyzeStorage(246)) - The storage directory /workdir/hadoop-ozone/integration-test/target/test-dir/MiniOzoneClusterImpl-8907c697-5eed-41c0-85e5-15ab21fae644/datanode-4/data/ratis/db66c6bb-165c-4336-a3dc-f1d3cfa4205f does not exist. Creating ...
2019-10-08 22:20:51,382 [pool-257-thread-1] INFO  server.RaftServerConfigKeys (ConfUtils.java:logGet(43)) - raft.server.log.corruption.policy = EXCEPTION (default)
2019-10-08 22:20:51,382 [pool-257-thread-1] INFO  storage.RaftStorageDirectory (RaftStorageDirectory.java:analyzeStorage(246)) - The storage directory /workdir/hadoop-ozone/integration-test/target/test-dir/MiniOzoneClusterImpl-8907c697-5eed-41c0-85e5-15ab21fae644/datanode-5/data/ratis/db66c6bb-165c-4336-a3dc-f1d3cfa4205f does not exist. Creating ...
2019-10-08 22:20:51,394 [pool-257-thread-1] INFO  storage.RaftStorageDirectory (RaftStorageDirectory.java:tryLock(328)) - Lock on /workdir/hadoop-ozone/integration-test/target/test-dir/MiniOzoneClusterImpl-8907c697-5eed-41c0-85e5-15ab21fae644/datanode-5/data/ratis/db66c6bb-165c-4336-a3dc-f1d3cfa4205f/in_use.lock acquired by nodename 10512@pr-hdds-1228-jbbql-2974301341
2019-10-08 22:20:51,394 [pool-237-thread-1] INFO  storage.RaftStorageDirectory (RaftStorageDirectory.java:tryLock(328)) - Lock on /workdir/hadoop-ozone/integration-test/target/test-dir/MiniOzoneClusterImpl-8907c697-5eed-41c0-85e5-15ab21fae644/datanode-3/data/ratis/db66c6bb-165c-4336-a3dc-f1d3cfa4205f/in_use.lock acquired by nodename 10512@pr-hdds-1228-jbbql-2974301341
2019-10-08 22:20:51,394 [pool-247-thread-1] INFO  storage.RaftStorageDirectory (RaftStorageDirectory.java:tryLock(328)) - Lock on /workdir/hadoop-ozone/integration-test/target/test-dir/MiniOzoneClusterImpl-8907c697-5eed-41c0-85e5-15ab21fae644/datanode-4/data/ratis/db66c6bb-165c-4336-a3dc-f1d3cfa4205f/in_use.lock acquired by nodename 10512@pr-hdds-1228-jbbql-2974301341
2019-10-08 22:20:51,408 [pool-257-thread-1] INFO  storage.RaftStorage (RaftStorage.java:format(84)) - Storage directory /workdir/hadoop-ozone/integration-test/target/test-dir/MiniOzoneClusterImpl-8907c697-5eed-41c0-85e5-15ab21fae644/datanode-5/data/ratis/db66c6bb-165c-4336-a3dc-f1d3cfa4205f has been successfully formatted.
2019-10-08 22:20:51,408 [pool-237-thread-1] INFO  storage.RaftStorage (RaftStorage.java:format(84)) - Storage directory /workdir/hadoop-ozone/integration-test/target/test-dir/MiniOzoneClusterImpl-8907c697-5eed-41c0-85e5-15ab21fae644/datanode-3/data/ratis/db66c6bb-165c-4336-a3dc-f1d3cfa4205f has been successfully formatted.
2019-10-08 22:20:51,408 [pool-247-thread-1] INFO  storage.RaftStorage (RaftStorage.java:format(84)) - Storage directory /workdir/hadoop-ozone/integration-test/target/test-dir/MiniOzoneClusterImpl-8907c697-5eed-41c0-85e5-15ab21fae644/datanode-4/data/ratis/db66c6bb-165c-4336-a3dc-f1d3cfa4205f has been successfully formatted.
2019-10-08 22:20:51,408 [pool-257-thread-1] INFO  ratis.ContainerStateMachine (ContainerStateMachine.java:loadSnapshot(231)) - group-F1D3CFA4205F: The snapshot info is null. Setting the last applied indexto:(t:0, i:~)
2019-10-08 22:20:51,408 [pool-247-thread-1] INFO  ratis.ContainerStateMachine (ContainerStateMachine.java:loadSnapshot(231)) - group-F1D3CFA4205F: The snapshot info is null. Setting the last applied indexto:(t:0, i:~)
2019-10-08 22:20:51,408 [pool-237-thread-1] INFO  ratis.ContainerStateMachine (ContainerStateMachine.java:loadSnapshot(231)) - group-F1D3CFA4205F: The snapshot info is null. Setting the last applied indexto:(t:0, i:~)
2019-10-08 22:20:51,409 [pool-247-thread-1] INFO  server.RaftServerConfigKeys (ConfUtils.java:logGet(43)) - raft.server.notification.no-leader.timeout = 120s (custom)
2019-10-08 22:20:51,408 [pool-257-thread-1] INFO  server.RaftServerConfigKeys (ConfUtils.java:logGet(43)) - raft.server.notification.no-leader.timeout = 120s (custom)
2019-10-08 22:20:51,409 [pool-247-thread-1] INFO  server.RaftServerConfigKeys (ConfUtils.java:logGet(43)) - raft.server.log.use.memory = false (default)
2019-10-08 22:20:51,409 [pool-237-thread-1] INFO  server.RaftServerConfigKeys (ConfUtils.java:logGet(43)) - raft.server.notification.no-leader.timeout = 120s (custom)
2019-10-08 22:20:51,409 [pool-247-thread-1] INFO  server.RaftServerConfigKeys (ConfUtils.java:logGet(43)) - raft.server.log.purge.gap = 1000000 (custom)
2019-10-08 22:20:51,409 [pool-257-thread-1] INFO  server.RaftServerConfigKeys (ConfUtils.java:logGet(43)) - raft.server.log.use.memory = false (default)
2019-10-08 22:20:51,409 [pool-247-thread-1] INFO  server.RaftServerConfigKeys (ConfUtils.java:logGet(43)) - raft.server.log.appender.buffer.byte-limit = 33554432 (custom)
2019-10-08 22:20:51,409 [pool-237-thread-1] INFO  server.RaftServerConfigKeys (ConfUtils.java:logGet(43)) - raft.server.log.use.memory = false (default)
2019-10-08 22:20:51,409 [pool-247-thread-1] INFO  server.RaftServerConfigKeys (ConfUtils.java:logGet(43)) - raft.server.log.segment.size.max = 1048576 (custom)
2019-10-08 22:20:51,409 [pool-257-thread-1] INFO  server.RaftServerConfigKeys (ConfUtils.java:logGet(43)) - raft.server.log.purge.gap = 1000000 (custom)
2019-10-08 22:20:51,410 [pool-247-thread-1] INFO  server.RaftServerConfigKeys (ConfUtils.java:logGet(43)) - raft.server.log.segment.cache.num.max = 2 (custom)
2019-10-08 22:20:51,410 [pool-237-thread-1] INFO  server.RaftServerConfigKeys (ConfUtils.java:logGet(43)) - raft.server.log.purge.gap = 1000000 (custom)
2019-10-08 22:20:51,410 [pool-247-thread-1] INFO  segmented.SegmentedRaftLogWorker (SegmentedRaftLogWorker.java:<init>(173)) - new 3ce8c319-af4e-4cc7-9ac4-c0d99b1b4aa8@group-F1D3CFA4205F-SegmentedRaftLogWorker for RaftStorage:Storage Directory /workdir/hadoop-ozone/integration-test/target/test-dir/MiniOzoneClusterImpl-8907c697-5eed-41c0-85e5-15ab21fae644/datanode-4/data/ratis/db66c6bb-165c-4336-a3dc-f1d3cfa4205f
2019-10-08 22:20:51,410 [pool-257-thread-1] INFO  server.RaftServerConfigKeys (ConfUtils.java:logGet(43)) - raft.server.log.appender.buffer.byte-limit = 33554432 (custom)
2019-10-08 22:20:51,410 [pool-247-thread-1] INFO  server.RaftServerConfigKeys (ConfUtils.java:logGet(43)) - raft.server.log.queue.byte-limit = 2147483647 (custom)
2019-10-08 22:20:51,410 [pool-237-thread-1] INFO  server.RaftServerConfigKeys (ConfUtils.java:logGet(43)) - raft.server.log.appender.buffer.byte-limit = 33554432 (custom)
2019-10-08 22:20:51,410 [pool-247-thread-1] INFO  server.RaftServerConfigKeys (ConfUtils.java:logGet(43)) - raft.server.log.queue.element-limit = 1024 (custom)
2019-10-08 22:20:51,410 [pool-257-thread-1] INFO  server.RaftServerConfigKeys (ConfUtils.java:logGet(43)) - raft.server.log.segment.size.max = 1048576 (custom)
2019-10-08 22:20:51,411 [pool-247-thread-1] INFO  server.RaftServerConfigKeys (ConfUtils.java:logGet(43)) - raft.server.log.segment.size.max = 1048576 (custom)
2019-10-08 22:20:51,411 [pool-237-thread-1] INFO  server.RaftServerConfigKeys (ConfUtils.java:logGet(43)) - raft.server.log.segment.size.max = 1048576 (custom)
2019-10-08 22:20:51,411 [pool-247-thread-1] INFO  server.RaftServerConfigKeys (ConfUtils.java:logGet(43)) - raft.server.log.preallocated.size = 16384 (custom)
2019-10-08 22:20:51,411 [pool-257-thread-1] INFO  server.RaftServerConfigKeys (ConfUtils.java:logGet(43)) - raft.server.log.segment.cache.num.max = 2 (custom)
2019-10-08 22:20:51,411 [pool-247-thread-1] INFO  server.RaftServerConfigKeys (ConfUtils.java:logGet(43)) - raft.server.log.write.buffer.size = 33554432 (custom)
2019-10-08 22:20:51,411 [pool-237-thread-1] INFO  server.RaftServerConfigKeys (ConfUtils.java:logGet(43)) - raft.server.log.segment.cache.num.max = 2 (custom)
2019-10-08 22:20:51,411 [pool-247-thread-1] INFO  server.RaftServerConfigKeys (ConfUtils.java:logGet(43)) - raft.server.log.force.sync.num = 128 (default)
2019-10-08 22:20:51,411 [pool-257-thread-1] INFO  segmented.SegmentedRaftLogWorker (SegmentedRaftLogWorker.java:<init>(173)) - new 860f75cf-5125-4417-ba70-7e36ca1f2517@group-F1D3CFA4205F-SegmentedRaftLogWorker for RaftStorage:Storage Directory /workdir/hadoop-ozone/integration-test/target/test-dir/MiniOzoneClusterImpl-8907c697-5eed-41c0-85e5-15ab21fae644/datanode-5/data/ratis/db66c6bb-165c-4336-a3dc-f1d3cfa4205f
2019-10-08 22:20:51,412 [pool-247-thread-1] INFO  server.RaftServerConfigKeys (ConfUtils.java:logGet(43)) - raft.server.log.statemachine.data.sync = true (default)
2019-10-08 22:20:51,412 [pool-237-thread-1] INFO  segmented.SegmentedRaftLogWorker (SegmentedRaftLogWorker.java:<init>(173)) - new 18cd53ba-448e-4f42-b2ac-e0b2d1d043c9@group-F1D3CFA4205F-SegmentedRaftLogWorker for RaftStorage:Storage Directory /workdir/hadoop-ozone/integration-test/target/test-dir/MiniOzoneClusterImpl-8907c697-5eed-41c0-85e5-15ab21fae644/datanode-3/data/ratis/db66c6bb-165c-4336-a3dc-f1d3cfa4205f
2019-10-08 22:20:51,412 [pool-247-thread-1] INFO  server.RaftServerConfigKeys (ConfUtils.java:logGet(43)) - raft.server.log.statemachine.data.sync.timeout = 10s (default)
2019-10-08 22:20:51,412 [pool-257-thread-1] INFO  server.RaftServerConfigKeys (ConfUtils.java:logGet(43)) - raft.server.log.queue.byte-limit = 2147483647 (custom)
2019-10-08 22:20:51,412 [pool-247-thread-1] INFO  server.RaftServerConfigKeys (ConfUtils.java:logGet(43)) - raft.server.log.statemachine.data.sync.timeout.retry = -1 (default)
2019-10-08 22:20:51,412 [pool-237-thread-1] INFO  server.RaftServerConfigKeys (ConfUtils.java:logGet(43)) - raft.server.log.queue.byte-limit = 2147483647 (custom)
2019-10-08 22:20:51,412 [pool-247-thread-1] INFO  server.RaftServerConfigKeys (ConfUtils.java:logGet(43)) - raft.server.log.statemachine.data.caching.enabled = true (custom)
2019-10-08 22:20:51,412 [pool-257-thread-1] INFO  server.RaftServerConfigKeys (ConfUtils.java:logGet(43)) - raft.server.log.queue.element-limit = 1024 (custom)
2019-10-08 22:20:51,413 [pool-237-thread-1] INFO  server.RaftServerConfigKeys (ConfUtils.java:logGet(43)) - raft.server.log.queue.element-limit = 1024 (custom)
2019-10-08 22:20:51,413 [pool-247-thread-1] INFO  segmented.SegmentedRaftLogWorker (SegmentedRaftLogWorker.java:lambda$new$0(128)) - 3ce8c319-af4e-4cc7-9ac4-c0d99b1b4aa8@group-F1D3CFA4205F-SegmentedRaftLogWorker: flushIndex: setUnconditionally 0 -> -1
2019-10-08 22:20:51,413 [pool-257-thread-1] INFO  server.RaftServerConfigKeys (ConfUtils.java:logGet(43)) - raft.server.log.segment.size.max = 1048576 (custom)
2019-10-08 22:20:51,413 [pool-237-thread-1] INFO  server.RaftServerConfigKeys (ConfUtils.java:logGet(43)) - raft.server.log.segment.size.max = 1048576 (custom)
2019-10-08 22:20:51,413 [pool-247-thread-1] INFO  server.RaftServerConfigKeys (ConfUtils.java:logGet(43)) - raft.server.snapshot.auto.trigger.enabled = true (custom)
2019-10-08 22:20:51,413 [pool-257-thread-1] INFO  server.RaftServerConfigKeys (ConfUtils.java:logGet(43)) - raft.server.log.preallocated.size = 16384 (custom)
2019-10-08 22:20:51,413 [pool-247-thread-1] INFO  server.RaftServerConfigKeys (ConfUtils.java:logGet(43)) - raft.server.snapshot.auto.trigger.threshold = 10000 (custom)
2019-10-08 22:20:51,413 [pool-237-thread-1] INFO  server.RaftServerConfigKeys (ConfUtils.java:logGet(43)) - raft.server.log.preallocated.size = 16384 (custom)
2019-10-08 22:20:51,414 [pool-247-thread-1] INFO  server.RaftServerConfigKeys (ConfUtils.java:logGet(43)) - raft.server.snapshot.retention.file.num = 5 (custom)
2019-10-08 22:20:51,413 [pool-257-thread-1] INFO  server.RaftServerConfigKeys (ConfUtils.java:logGet(43)) - raft.server.log.write.buffer.size = 33554432 (custom)
2019-10-08 22:20:51,414 [pool-247-thread-1] INFO  server.RaftServerConfigKeys (ConfUtils.java:logGet(43)) - raft.server.retrycache.expirytime = 600000ms (custom)
2019-10-08 22:20:51,414 [pool-237-thread-1] INFO  server.RaftServerConfigKeys (ConfUtils.java:logGet(43)) - raft.server.log.write.buffer.size = 33554432 (custom)
2019-10-08 22:20:51,414 [pool-257-thread-1] INFO  server.RaftServerConfigKeys (ConfUtils.java:logGet(43)) - raft.server.log.force.sync.num = 128 (default)
2019-10-08 22:20:51,414 [pool-237-thread-1] INFO  server.RaftServerConfigKeys (ConfUtils.java:logGet(43)) - raft.server.log.force.sync.num = 128 (default)
2019-10-08 22:20:51,414 [pool-257-thread-1] INFO  server.RaftServerConfigKeys (ConfUtils.java:logGet(43)) - raft.server.log.statemachine.data.sync = true (default)
2019-10-08 22:20:51,414 [pool-237-thread-1] INFO  server.RaftServerConfigKeys (ConfUtils.java:logGet(43)) - raft.server.log.statemachine.data.sync = true (default)
2019-10-08 22:20:51,414 [pool-257-thread-1] INFO  server.RaftServerConfigKeys (ConfUtils.java:logGet(43)) - raft.server.log.statemachine.data.sync.timeout = 10s (default)
2019-10-08 22:20:51,415 [pool-237-thread-1] INFO  server.RaftServerConfigKeys (ConfUtils.java:logGet(43)) - raft.server.log.statemachine.data.sync.timeout = 10s (default)
2019-10-08 22:20:51,415 [pool-257-thread-1] INFO  server.RaftServerConfigKeys (ConfUtils.java:logGet(43)) - raft.server.log.statemachine.data.sync.timeout.retry = -1 (default)
2019-10-08 22:20:51,415 [pool-237-thread-1] INFO  server.RaftServerConfigKeys (ConfUtils.java:logGet(43)) - raft.server.log.statemachine.data.sync.timeout.retry = -1 (default)
2019-10-08 22:20:51,415 [pool-257-thread-1] INFO  server.RaftServerConfigKeys (ConfUtils.java:logGet(43)) - raft.server.log.statemachine.data.caching.enabled = true (custom)
2019-10-08 22:20:51,415 [pool-237-thread-1] INFO  server.RaftServerConfigKeys (ConfUtils.java:logGet(43)) - raft.server.log.statemachine.data.caching.enabled = true (custom)
2019-10-08 22:20:51,415 [pool-257-thread-1] INFO  segmented.SegmentedRaftLogWorker (SegmentedRaftLogWorker.java:lambda$new$0(128)) - 860f75cf-5125-4417-ba70-7e36ca1f2517@group-F1D3CFA4205F-SegmentedRaftLogWorker: flushIndex: setUnconditionally 0 -> -1
2019-10-08 22:20:51,415 [pool-247-thread-1] INFO  impl.RaftServerImpl (RaftServerImpl.java:start(181)) - 3ce8c319-af4e-4cc7-9ac4-c0d99b1b4aa8@group-F1D3CFA4205F: start as a follower, conf=-1: [860f75cf-5125-4417-ba70-7e36ca1f2517:192.168.30.45:39003, 18cd53ba-448e-4f42-b2ac-e0b2d1d043c9:192.168.30.45:36503, 3ce8c319-af4e-4cc7-9ac4-c0d99b1b4aa8:192.168.30.45:41807], old=null
2019-10-08 22:20:51,415 [pool-247-thread-1] INFO  impl.RaftServerImpl (RaftServerImpl.java:setRole(170)) - 3ce8c319-af4e-4cc7-9ac4-c0d99b1b4aa8@group-F1D3CFA4205F: changes role from      null to FOLLOWER at term 0 for startAsFollower
2019-10-08 22:20:51,415 [pool-237-thread-1] INFO  segmented.SegmentedRaftLogWorker (SegmentedRaftLogWorker.java:lambda$new$0(128)) - 18cd53ba-448e-4f42-b2ac-e0b2d1d043c9@group-F1D3CFA4205F-SegmentedRaftLogWorker: flushIndex: setUnconditionally 0 -> -1
2019-10-08 22:20:51,415 [pool-257-thread-1] INFO  server.RaftServerConfigKeys (ConfUtils.java:logGet(43)) - raft.server.snapshot.auto.trigger.enabled = true (custom)
2019-10-08 22:20:51,416 [pool-247-thread-1] INFO  impl.RoleInfo (RoleInfo.java:updateAndGet(143)) - 3ce8c319-af4e-4cc7-9ac4-c0d99b1b4aa8: start FollowerState
2019-10-08 22:20:51,416 [pool-237-thread-1] INFO  server.RaftServerConfigKeys (ConfUtils.java:logGet(43)) - raft.server.snapshot.auto.trigger.enabled = true (custom)
2019-10-08 22:20:51,416 [pool-257-thread-1] INFO  server.RaftServerConfigKeys (ConfUtils.java:logGet(43)) - raft.server.snapshot.auto.trigger.threshold = 10000 (custom)
2019-10-08 22:20:51,416 [pool-237-thread-1] INFO  server.RaftServerConfigKeys (ConfUtils.java:logGet(43)) - raft.server.snapshot.auto.trigger.threshold = 10000 (custom)
2019-10-08 22:20:51,416 [pool-247-thread-1] INFO  util.JmxRegister (JmxRegister.java:tryRegister(44)) - Successfully registered JMX Bean with object name Ratis:service=RaftServer,group=group-F1D3CFA4205F,id=3ce8c319-af4e-4cc7-9ac4-c0d99b1b4aa8
2019-10-08 22:20:51,416 [pool-257-thread-1] INFO  server.RaftServerConfigKeys (ConfUtils.java:logGet(43)) - raft.server.snapshot.retention.file.num = 5 (custom)
2019-10-08 22:20:51,416 [pool-237-thread-1] INFO  server.RaftServerConfigKeys (ConfUtils.java:logGet(43)) - raft.server.snapshot.retention.file.num = 5 (custom)
2019-10-08 22:20:51,416 [pool-257-thread-1] INFO  server.RaftServerConfigKeys (ConfUtils.java:logGet(43)) - raft.server.retrycache.expirytime = 600000ms (custom)
2019-10-08 22:20:51,417 [pool-237-thread-1] INFO  server.RaftServerConfigKeys (ConfUtils.java:logGet(43)) - raft.server.retrycache.expirytime = 600000ms (custom)
2019-10-08 22:20:51,419 [pool-257-thread-1] INFO  impl.RaftServerImpl (RaftServerImpl.java:start(181)) - 860f75cf-5125-4417-ba70-7e36ca1f2517@group-F1D3CFA4205F: start as a follower, conf=-1: [860f75cf-5125-4417-ba70-7e36ca1f2517:192.168.30.45:39003, 18cd53ba-448e-4f42-b2ac-e0b2d1d043c9:192.168.30.45:36503, 3ce8c319-af4e-4cc7-9ac4-c0d99b1b4aa8:192.168.30.45:41807], old=null
2019-10-08 22:20:51,419 [pool-257-thread-1] INFO  impl.RaftServerImpl (RaftServerImpl.java:setRole(170)) - 860f75cf-5125-4417-ba70-7e36ca1f2517@group-F1D3CFA4205F: changes role from      null to FOLLOWER at term 0 for startAsFollower
2019-10-08 22:20:51,419 [pool-237-thread-1] INFO  impl.RaftServerImpl (RaftServerImpl.java:start(181)) - 18cd53ba-448e-4f42-b2ac-e0b2d1d043c9@group-F1D3CFA4205F: start as a follower, conf=-1: [860f75cf-5125-4417-ba70-7e36ca1f2517:192.168.30.45:39003, 18cd53ba-448e-4f42-b2ac-e0b2d1d043c9:192.168.30.45:36503, 3ce8c319-af4e-4cc7-9ac4-c0d99b1b4aa8:192.168.30.45:41807], old=null
2019-10-08 22:20:51,420 [pool-257-thread-1] INFO  impl.RoleInfo (RoleInfo.java:updateAndGet(143)) - 860f75cf-5125-4417-ba70-7e36ca1f2517: start FollowerState
2019-10-08 22:20:51,420 [pool-237-thread-1] INFO  impl.RaftServerImpl (RaftServerImpl.java:setRole(170)) - 18cd53ba-448e-4f42-b2ac-e0b2d1d043c9@group-F1D3CFA4205F: changes role from      null to FOLLOWER at term 0 for startAsFollower
2019-10-08 22:20:51,420 [pool-237-thread-1] INFO  impl.RoleInfo (RoleInfo.java:updateAndGet(143)) - 18cd53ba-448e-4f42-b2ac-e0b2d1d043c9: start FollowerState
2019-10-08 22:20:51,420 [pool-257-thread-1] INFO  util.JmxRegister (JmxRegister.java:tryRegister(44)) - Successfully registered JMX Bean with object name Ratis:service=RaftServer,group=group-F1D3CFA4205F,id=860f75cf-5125-4417-ba70-7e36ca1f2517
2019-10-08 22:20:51,425 [pool-237-thread-1] INFO  util.JmxRegister (JmxRegister.java:tryRegister(44)) - Successfully registered JMX Bean with object name Ratis:service=RaftServer,group=group-F1D3CFA4205F,id=18cd53ba-448e-4f42-b2ac-e0b2d1d043c9
2019-10-08 22:20:51,436 [RatisPipelineUtilsThread] INFO  pipeline.PipelineStateManager (PipelineStateManager.java:addPipeline(56)) - Created pipeline Pipeline[ Id: db66c6bb-165c-4336-a3dc-f1d3cfa4205f, Nodes: 3ce8c319-af4e-4cc7-9ac4-c0d99b1b4aa8{ip: 192.168.30.45, host: pr-hdds-1228-jbbql-2974301341, networkLocation: /default-rack, certSerialId: null}18cd53ba-448e-4f42-b2ac-e0b2d1d043c9{ip: 192.168.30.45, host: pr-hdds-1228-jbbql-2974301341, networkLocation: /default-rack, certSerialId: null}860f75cf-5125-4417-ba70-7e36ca1f2517{ip: 192.168.30.45, host: pr-hdds-1228-jbbql-2974301341, networkLocation: /default-rack, certSerialId: null}, Type:RATIS, Factor:THREE, State:OPEN]
2019-10-08 22:20:52,349 [main] INFO  ozone.MiniOzoneClusterImpl (MiniOzoneClusterImpl.java:lambda$waitForClusterToBeReady$0(147)) - Cluster is ready. Got 7 of 7 DN Heartbeats.
2019-10-08 22:20:52,392 [main] INFO  rpc.RpcClient (RpcClient.java:createVolume(277)) - Creating Volume: watchforcommithandlingtest, with jenkins1000 as owner.
2019-10-08 22:20:52,395 [IPC Server handler 2 on 43902] INFO  volume.OMVolumeCreateRequest (OMVolumeCreateRequest.java:validateAndUpdateCache(193)) - created volume:watchforcommithandlingtest for user:jenkins1000
2019-10-08 22:20:52,411 [main] INFO  rpc.RpcClient (RpcClient.java:createBucket(416)) - Creating Bucket: watchforcommithandlingtest/watchforcommithandlingtest, with Versioning false and Storage Type set to DISK and Encryption set to false 
2019-10-08 22:20:52,416 [main] INFO  ozone.MiniOzoneClusterImpl (MiniOzoneClusterImpl.java:getStorageContainerLocationClient(234)) - Creating StorageContainerLocationProtocol RPC client with address /0.0.0.0:42738
2019-10-08 22:20:53,944 [Thread-1453] INFO  container.ReplicationManager (ReplicationManager.java:start(162)) - Starting Replication Monitor Thread.
2019-10-08 22:20:53,949 [ReplicationMonitor] INFO  container.ReplicationManager (ReplicationManager.java:run(225)) - Replication Monitor Thread took 0 milliseconds for processing 1 containers.
2019-10-08 22:20:56,067 [Thread-1458] INFO  impl.FollowerState (FollowerState.java:run(108)) - ef68bf2f-14be-4d5f-8c8b-17dd79c852c2@group-1AC053BB6215-FollowerState: change to CANDIDATE, lastRpcTime:5007ms, electionTimeout:5007ms
2019-10-08 22:20:56,068 [Thread-1458] INFO  impl.RoleInfo (RoleInfo.java:shutdownFollowerState(121)) - ef68bf2f-14be-4d5f-8c8b-17dd79c852c2: shutdown FollowerState
2019-10-08 22:20:56,068 [Thread-1458] INFO  impl.RaftServerImpl (RaftServerImpl.java:setRole(170)) - ef68bf2f-14be-4d5f-8c8b-17dd79c852c2@group-1AC053BB6215: changes role from  FOLLOWER to CANDIDATE at term 0 for changeToCandidate
2019-10-08 22:20:56,068 [Thread-1458] INFO  impl.RoleInfo (RoleInfo.java:updateAndGet(143)) - ef68bf2f-14be-4d5f-8c8b-17dd79c852c2: start LeaderElection
2019-10-08 22:20:56,082 [Thread-1455] INFO  impl.FollowerState (FollowerState.java:run(108)) - 3161767e-c286-4df4-9de4-b5ad5e977375@group-942CED79220E-FollowerState: change to CANDIDATE, lastRpcTime:5093ms, electionTimeout:5093ms
2019-10-08 22:20:56,082 [Thread-1455] INFO  impl.RoleInfo (RoleInfo.java:shutdownFollowerState(121)) - 3161767e-c286-4df4-9de4-b5ad5e977375: shutdown FollowerState
2019-10-08 22:20:56,082 [Thread-1455] INFO  impl.RaftServerImpl (RaftServerImpl.java:setRole(170)) - 3161767e-c286-4df4-9de4-b5ad5e977375@group-942CED79220E: changes role from  FOLLOWER to CANDIDATE at term 0 for changeToCandidate
2019-10-08 22:20:56,082 [Thread-1455] INFO  impl.RoleInfo (RoleInfo.java:updateAndGet(143)) - 3161767e-c286-4df4-9de4-b5ad5e977375: start LeaderElection
2019-10-08 22:20:56,106 [3161767e-c286-4df4-9de4-b5ad5e977375@group-942CED79220E-LeaderElection61] INFO  impl.LeaderElection (LeaderElection.java:askForVotes(178)) - 3161767e-c286-4df4-9de4-b5ad5e977375@group-942CED79220E-LeaderElection61: begin an election at term 1 for -1: [3161767e-c286-4df4-9de4-b5ad5e977375:192.168.30.45:46455], old=null
2019-10-08 22:20:56,106 [ef68bf2f-14be-4d5f-8c8b-17dd79c852c2@group-1AC053BB6215-LeaderElection60] INFO  impl.LeaderElection (LeaderElection.java:askForVotes(178)) - ef68bf2f-14be-4d5f-8c8b-17dd79c852c2@group-1AC053BB6215-LeaderElection60: begin an election at term 1 for -1: [ef68bf2f-14be-4d5f-8c8b-17dd79c852c2:192.168.30.45:44613], old=null
2019-10-08 22:20:56,106 [3161767e-c286-4df4-9de4-b5ad5e977375@group-942CED79220E-LeaderElection61] INFO  impl.RoleInfo (RoleInfo.java:shutdownLeaderElection(134)) - 3161767e-c286-4df4-9de4-b5ad5e977375: shutdown LeaderElection
2019-10-08 22:20:56,107 [ef68bf2f-14be-4d5f-8c8b-17dd79c852c2@group-1AC053BB6215-LeaderElection60] INFO  impl.RoleInfo (RoleInfo.java:shutdownLeaderElection(134)) - ef68bf2f-14be-4d5f-8c8b-17dd79c852c2: shutdown LeaderElection
2019-10-08 22:20:56,107 [3161767e-c286-4df4-9de4-b5ad5e977375@group-942CED79220E-LeaderElection61] INFO  impl.RaftServerImpl (RaftServerImpl.java:setRole(170)) - 3161767e-c286-4df4-9de4-b5ad5e977375@group-942CED79220E: changes role from CANDIDATE to LEADER at term 1 for changeToLeader
2019-10-08 22:20:56,107 [ef68bf2f-14be-4d5f-8c8b-17dd79c852c2@group-1AC053BB6215-LeaderElection60] INFO  impl.RaftServerImpl (RaftServerImpl.java:setRole(170)) - ef68bf2f-14be-4d5f-8c8b-17dd79c852c2@group-1AC053BB6215: changes role from CANDIDATE to LEADER at term 1 for changeToLeader
2019-10-08 22:20:56,107 [3161767e-c286-4df4-9de4-b5ad5e977375@group-942CED79220E-LeaderElection61] INFO  impl.RaftServerImpl (ServerState.java:setLeader(255)) - 3161767e-c286-4df4-9de4-b5ad5e977375@group-942CED79220E: change Leader from null to 3161767e-c286-4df4-9de4-b5ad5e977375 at term 1 for becomeLeader, leader elected after 5125ms
2019-10-08 22:20:56,107 [ef68bf2f-14be-4d5f-8c8b-17dd79c852c2@group-1AC053BB6215-LeaderElection60] INFO  impl.RaftServerImpl (ServerState.java:setLeader(255)) - ef68bf2f-14be-4d5f-8c8b-17dd79c852c2@group-1AC053BB6215: change Leader from null to ef68bf2f-14be-4d5f-8c8b-17dd79c852c2 at term 1 for becomeLeader, leader elected after 5057ms
2019-10-08 22:20:56,107 [3161767e-c286-4df4-9de4-b5ad5e977375@group-942CED79220E-LeaderElection61] INFO  server.RaftServerConfigKeys (ConfUtils.java:logGet(43)) - raft.server.staging.catchup.gap = 1000 (default)
2019-10-08 22:20:56,107 [ef68bf2f-14be-4d5f-8c8b-17dd79c852c2@group-1AC053BB6215-LeaderElection60] INFO  server.RaftServerConfigKeys (ConfUtils.java:logGet(43)) - raft.server.staging.catchup.gap = 1000 (default)
2019-10-08 22:20:56,108 [3161767e-c286-4df4-9de4-b5ad5e977375@group-942CED79220E-LeaderElection61] INFO  server.RaftServerConfigKeys (ConfUtils.java:logGet(43)) - raft.server.rpc.sleep.time = 25ms (default)
2019-10-08 22:20:56,108 [ef68bf2f-14be-4d5f-8c8b-17dd79c852c2@group-1AC053BB6215-LeaderElection60] INFO  server.RaftServerConfigKeys (ConfUtils.java:logGet(43)) - raft.server.rpc.sleep.time = 25ms (default)
2019-10-08 22:20:56,108 [3161767e-c286-4df4-9de4-b5ad5e977375@group-942CED79220E-LeaderElection61] INFO  server.RaftServerConfigKeys (ConfUtils.java:logGet(43)) - raft.server.write.element-limit = 4096 (default)
2019-10-08 22:20:56,108 [ef68bf2f-14be-4d5f-8c8b-17dd79c852c2@group-1AC053BB6215-LeaderElection60] INFO  server.RaftServerConfigKeys (ConfUtils.java:logGet(43)) - raft.server.write.element-limit = 4096 (default)
2019-10-08 22:20:56,108 [3161767e-c286-4df4-9de4-b5ad5e977375@group-942CED79220E-LeaderElection61] INFO  server.RaftServerConfigKeys (ConfUtils.java:logGet(43)) - raft.server.watch.timeout = 10s (default)
2019-10-08 22:20:56,109 [ef68bf2f-14be-4d5f-8c8b-17dd79c852c2@group-1AC053BB6215-LeaderElection60] INFO  server.RaftServerConfigKeys (ConfUtils.java:logGet(43)) - raft.server.watch.timeout = 10s (default)
2019-10-08 22:20:56,109 [3161767e-c286-4df4-9de4-b5ad5e977375@group-942CED79220E-LeaderElection61] INFO  server.RaftServerConfigKeys (ConfUtils.java:logGet(43)) - raft.server.watch.timeout.denomination = 1s (default)
2019-10-08 22:20:56,109 [ef68bf2f-14be-4d5f-8c8b-17dd79c852c2@group-1AC053BB6215-LeaderElection60] INFO  server.RaftServerConfigKeys (ConfUtils.java:logGet(43)) - raft.server.watch.timeout.denomination = 1s (default)
2019-10-08 22:20:56,109 [3161767e-c286-4df4-9de4-b5ad5e977375@group-942CED79220E-LeaderElection61] INFO  server.RaftServerConfigKeys (ConfUtils.java:logGet(43)) - raft.server.watch.element-limit = 65536 (default)
2019-10-08 22:20:56,109 [ef68bf2f-14be-4d5f-8c8b-17dd79c852c2@group-1AC053BB6215-LeaderElection60] INFO  server.RaftServerConfigKeys (ConfUtils.java:logGet(43)) - raft.server.watch.element-limit = 65536 (default)
2019-10-08 22:20:56,113 [3161767e-c286-4df4-9de4-b5ad5e977375@group-942CED79220E-LeaderElection61] INFO  impl.RoleInfo (RoleInfo.java:updateAndGet(143)) - 3161767e-c286-4df4-9de4-b5ad5e977375: start LeaderState
2019-10-08 22:20:56,113 [ef68bf2f-14be-4d5f-8c8b-17dd79c852c2@group-1AC053BB6215-LeaderElection60] INFO  impl.RoleInfo (RoleInfo.java:updateAndGet(143)) - ef68bf2f-14be-4d5f-8c8b-17dd79c852c2: start LeaderState
2019-10-08 22:20:56,114 [ef68bf2f-14be-4d5f-8c8b-17dd79c852c2@group-1AC053BB6215-LeaderElection60] INFO  segmented.SegmentedRaftLogWorker (SegmentedRaftLogWorker.java:startLogSegment(385)) - ef68bf2f-14be-4d5f-8c8b-17dd79c852c2@group-1AC053BB6215-SegmentedRaftLogWorker: Starting segment from index:0
2019-10-08 22:20:56,114 [3161767e-c286-4df4-9de4-b5ad5e977375@group-942CED79220E-LeaderElection61] INFO  segmented.SegmentedRaftLogWorker (SegmentedRaftLogWorker.java:startLogSegment(385)) - 3161767e-c286-4df4-9de4-b5ad5e977375@group-942CED79220E-SegmentedRaftLogWorker: Starting segment from index:0
2019-10-08 22:20:56,115 [ef68bf2f-14be-4d5f-8c8b-17dd79c852c2@group-1AC053BB6215-LeaderElection60] INFO  impl.RaftServerImpl (ServerState.java:setRaftConf(356)) - ef68bf2f-14be-4d5f-8c8b-17dd79c852c2@group-1AC053BB6215: set configuration 0: [ef68bf2f-14be-4d5f-8c8b-17dd79c852c2:192.168.30.45:44613], old=null at 0
2019-10-08 22:20:56,115 [3161767e-c286-4df4-9de4-b5ad5e977375@group-942CED79220E-LeaderElection61] INFO  impl.RaftServerImpl (ServerState.java:setRaftConf(356)) - 3161767e-c286-4df4-9de4-b5ad5e977375@group-942CED79220E: set configuration 0: [3161767e-c286-4df4-9de4-b5ad5e977375:192.168.30.45:46455], old=null at 0
2019-10-08 22:20:56,165 [ef68bf2f-14be-4d5f-8c8b-17dd79c852c2@group-1AC053BB6215-SegmentedRaftLogWorker] INFO  segmented.SegmentedRaftLogWorker (SegmentedRaftLogWorker.java:execute(574)) - ef68bf2f-14be-4d5f-8c8b-17dd79c852c2@group-1AC053BB6215-SegmentedRaftLogWorker: created new log segment /workdir/hadoop-ozone/integration-test/target/test-dir/MiniOzoneClusterImpl-8907c697-5eed-41c0-85e5-15ab21fae644/datanode-1/data/ratis/c38f55d5-3dc1-46c3-8a66-1ac053bb6215/current/log_inprogress_0
2019-10-08 22:20:56,165 [3161767e-c286-4df4-9de4-b5ad5e977375@group-942CED79220E-SegmentedRaftLogWorker] INFO  segmented.SegmentedRaftLogWorker (SegmentedRaftLogWorker.java:execute(574)) - 3161767e-c286-4df4-9de4-b5ad5e977375@group-942CED79220E-SegmentedRaftLogWorker: created new log segment /workdir/hadoop-ozone/integration-test/target/test-dir/MiniOzoneClusterImpl-8907c697-5eed-41c0-85e5-15ab21fae644/datanode-0/data/ratis/a419390e-7cfa-46b2-9c65-942ced79220e/current/log_inprogress_0
2019-10-08 22:20:56,233 [Thread-1473] INFO  impl.FollowerState (FollowerState.java:run(108)) - 3ce8c319-af4e-4cc7-9ac4-c0d99b1b4aa8@group-EBC1B447C4D4-FollowerState: change to CANDIDATE, lastRpcTime:5009ms, electionTimeout:5009ms
2019-10-08 22:20:56,234 [Thread-1473] INFO  impl.RoleInfo (RoleInfo.java:shutdownFollowerState(121)) - 3ce8c319-af4e-4cc7-9ac4-c0d99b1b4aa8: shutdown FollowerState
2019-10-08 22:20:56,234 [Thread-1473] INFO  impl.RaftServerImpl (RaftServerImpl.java:setRole(170)) - 3ce8c319-af4e-4cc7-9ac4-c0d99b1b4aa8@group-EBC1B447C4D4: changes role from  FOLLOWER to CANDIDATE at term 0 for changeToCandidate
2019-10-08 22:20:56,234 [Thread-1473] INFO  impl.RoleInfo (RoleInfo.java:updateAndGet(143)) - 3ce8c319-af4e-4cc7-9ac4-c0d99b1b4aa8: start LeaderElection
2019-10-08 22:20:56,244 [Thread-1465] INFO  impl.FollowerState (FollowerState.java:run(108)) - ef68bf2f-14be-4d5f-8c8b-17dd79c852c2@group-AEC151EC4700-FollowerState: change to CANDIDATE, lastRpcTime:5082ms, electionTimeout:5073ms
2019-10-08 22:20:56,245 [Thread-1465] INFO  impl.RoleInfo (RoleInfo.java:shutdownFollowerState(121)) - ef68bf2f-14be-4d5f-8c8b-17dd79c852c2: shutdown FollowerState
2019-10-08 22:20:56,245 [Thread-1465] INFO  impl.RaftServerImpl (RaftServerImpl.java:setRole(170)) - ef68bf2f-14be-4d5f-8c8b-17dd79c852c2@group-AEC151EC4700: changes role from  FOLLOWER to CANDIDATE at term 0 for changeToCandidate
2019-10-08 22:20:56,245 [Thread-1465] INFO  impl.RoleInfo (RoleInfo.java:updateAndGet(143)) - ef68bf2f-14be-4d5f-8c8b-17dd79c852c2: start LeaderElection
2019-10-08 22:20:56,256 [3ce8c319-af4e-4cc7-9ac4-c0d99b1b4aa8@group-EBC1B447C4D4-LeaderElection62] INFO  impl.LeaderElection (LeaderElection.java:askForVotes(178)) - 3ce8c319-af4e-4cc7-9ac4-c0d99b1b4aa8@group-EBC1B447C4D4-LeaderElection62: begin an election at term 1 for -1: [3ce8c319-af4e-4cc7-9ac4-c0d99b1b4aa8:192.168.30.45:41807], old=null
2019-10-08 22:20:56,256 [3ce8c319-af4e-4cc7-9ac4-c0d99b1b4aa8@group-EBC1B447C4D4-LeaderElection62] INFO  impl.RoleInfo (RoleInfo.java:shutdownLeaderElection(134)) - 3ce8c319-af4e-4cc7-9ac4-c0d99b1b4aa8: shutdown LeaderElection
2019-10-08 22:20:56,256 [3ce8c319-af4e-4cc7-9ac4-c0d99b1b4aa8@group-EBC1B447C4D4-LeaderElection62] INFO  impl.RaftServerImpl (RaftServerImpl.java:setRole(170)) - 3ce8c319-af4e-4cc7-9ac4-c0d99b1b4aa8@group-EBC1B447C4D4: changes role from CANDIDATE to LEADER at term 1 for changeToLeader
2019-10-08 22:20:56,256 [3ce8c319-af4e-4cc7-9ac4-c0d99b1b4aa8@group-EBC1B447C4D4-LeaderElection62] INFO  impl.RaftServerImpl (ServerState.java:setLeader(255)) - 3ce8c319-af4e-4cc7-9ac4-c0d99b1b4aa8@group-EBC1B447C4D4: change Leader from null to 3ce8c319-af4e-4cc7-9ac4-c0d99b1b4aa8 at term 1 for becomeLeader, leader elected after 5039ms
2019-10-08 22:20:56,257 [3ce8c319-af4e-4cc7-9ac4-c0d99b1b4aa8@group-EBC1B447C4D4-LeaderElection62] INFO  server.RaftServerConfigKeys (ConfUtils.java:logGet(43)) - raft.server.staging.catchup.gap = 1000 (default)
2019-10-08 22:20:56,257 [3ce8c319-af4e-4cc7-9ac4-c0d99b1b4aa8@group-EBC1B447C4D4-LeaderElection62] INFO  server.RaftServerConfigKeys (ConfUtils.java:logGet(43)) - raft.server.rpc.sleep.time = 25ms (default)
2019-10-08 22:20:56,257 [3ce8c319-af4e-4cc7-9ac4-c0d99b1b4aa8@group-EBC1B447C4D4-LeaderElection62] INFO  server.RaftServerConfigKeys (ConfUtils.java:logGet(43)) - raft.server.write.element-limit = 4096 (default)
2019-10-08 22:20:56,257 [3ce8c319-af4e-4cc7-9ac4-c0d99b1b4aa8@group-EBC1B447C4D4-LeaderElection62] INFO  server.RaftServerConfigKeys (ConfUtils.java:logGet(43)) - raft.server.watch.timeout = 10s (default)
2019-10-08 22:20:56,257 [3ce8c319-af4e-4cc7-9ac4-c0d99b1b4aa8@group-EBC1B447C4D4-LeaderElection62] INFO  server.RaftServerConfigKeys (ConfUtils.java:logGet(43)) - raft.server.watch.timeout.denomination = 1s (default)
2019-10-08 22:20:56,257 [3ce8c319-af4e-4cc7-9ac4-c0d99b1b4aa8@group-EBC1B447C4D4-LeaderElection62] INFO  server.RaftServerConfigKeys (ConfUtils.java:logGet(43)) - raft.server.watch.element-limit = 65536 (default)
2019-10-08 22:20:56,258 [ef68bf2f-14be-4d5f-8c8b-17dd79c852c2@group-AEC151EC4700-LeaderElection63] INFO  impl.LeaderElection (LeaderElection.java:askForVotes(178)) - ef68bf2f-14be-4d5f-8c8b-17dd79c852c2@group-AEC151EC4700-LeaderElection63: begin an election at term 1 for -1: [3161767e-c286-4df4-9de4-b5ad5e977375:192.168.30.45:46455, baae7a36-5fe0-4b63-85b5-441d2538a079:192.168.30.45:43657, ef68bf2f-14be-4d5f-8c8b-17dd79c852c2:192.168.30.45:44613], old=null
2019-10-08 22:20:56,260 [3ce8c319-af4e-4cc7-9ac4-c0d99b1b4aa8@group-EBC1B447C4D4-LeaderElection62] INFO  impl.RoleInfo (RoleInfo.java:updateAndGet(143)) - 3ce8c319-af4e-4cc7-9ac4-c0d99b1b4aa8: start LeaderState
2019-10-08 22:20:56,260 [3ce8c319-af4e-4cc7-9ac4-c0d99b1b4aa8@group-EBC1B447C4D4-LeaderElection62] INFO  segmented.SegmentedRaftLogWorker (SegmentedRaftLogWorker.java:startLogSegment(385)) - 3ce8c319-af4e-4cc7-9ac4-c0d99b1b4aa8@group-EBC1B447C4D4-SegmentedRaftLogWorker: Starting segment from index:0
2019-10-08 22:20:56,261 [3ce8c319-af4e-4cc7-9ac4-c0d99b1b4aa8@group-EBC1B447C4D4-LeaderElection62] INFO  impl.RaftServerImpl (ServerState.java:setRaftConf(356)) - 3ce8c319-af4e-4cc7-9ac4-c0d99b1b4aa8@group-EBC1B447C4D4: set configuration 0: [3ce8c319-af4e-4cc7-9ac4-c0d99b1b4aa8:192.168.30.45:41807], old=null at 0
2019-10-08 22:20:56,264 [grpc-default-executor-2] INFO  impl.RaftServerImpl (RaftServerImpl.java:setRole(170)) - baae7a36-5fe0-4b63-85b5-441d2538a079@group-AEC151EC4700: changes role from  FOLLOWER to FOLLOWER at term 1 for recognizeCandidate:ef68bf2f-14be-4d5f-8c8b-17dd79c852c2
2019-10-08 22:20:56,264 [grpc-default-executor-0] INFO  impl.RaftServerImpl (RaftServerImpl.java:setRole(170)) - 3161767e-c286-4df4-9de4-b5ad5e977375@group-AEC151EC4700: changes role from  FOLLOWER to FOLLOWER at term 1 for recognizeCandidate:ef68bf2f-14be-4d5f-8c8b-17dd79c852c2
2019-10-08 22:20:56,264 [grpc-default-executor-2] INFO  impl.RoleInfo (RoleInfo.java:shutdownFollowerState(121)) - baae7a36-5fe0-4b63-85b5-441d2538a079: shutdown FollowerState
2019-10-08 22:20:56,264 [grpc-default-executor-0] INFO  impl.RoleInfo (RoleInfo.java:shutdownFollowerState(121)) - 3161767e-c286-4df4-9de4-b5ad5e977375: shutdown FollowerState
2019-10-08 22:20:56,265 [Thread-1467] INFO  impl.FollowerState (FollowerState.java:run(117)) - baae7a36-5fe0-4b63-85b5-441d2538a079@group-AEC151EC4700-FollowerState was interrupted: java.lang.InterruptedException: sleep interrupted
2019-10-08 22:20:56,265 [grpc-default-executor-0] INFO  impl.RoleInfo (RoleInfo.java:updateAndGet(143)) - 3161767e-c286-4df4-9de4-b5ad5e977375: start FollowerState
2019-10-08 22:20:56,265 [grpc-default-executor-2] INFO  impl.RoleInfo (RoleInfo.java:updateAndGet(143)) - baae7a36-5fe0-4b63-85b5-441d2538a079: start FollowerState
2019-10-08 22:20:56,299 [Thread-1469] INFO  impl.FollowerState (FollowerState.java:run(117)) - 3161767e-c286-4df4-9de4-b5ad5e977375@group-AEC151EC4700-FollowerState was interrupted: java.lang.InterruptedException: sleep interrupted
2019-10-08 22:20:56,309 [3ce8c319-af4e-4cc7-9ac4-c0d99b1b4aa8@group-EBC1B447C4D4-SegmentedRaftLogWorker] INFO  segmented.SegmentedRaftLogWorker (SegmentedRaftLogWorker.java:execute(574)) - 3ce8c319-af4e-4cc7-9ac4-c0d99b1b4aa8@group-EBC1B447C4D4-SegmentedRaftLogWorker: created new log segment /workdir/hadoop-ozone/integration-test/target/test-dir/MiniOzoneClusterImpl-8907c697-5eed-41c0-85e5-15ab21fae644/datanode-4/data/ratis/e9abec37-b26d-42ad-aaa4-ebc1b447c4d4/current/log_inprogress_0
2019-10-08 22:20:56,322 [ef68bf2f-14be-4d5f-8c8b-17dd79c852c2@group-AEC151EC4700-LeaderElection63] INFO  impl.LeaderElection (LeaderElection.java:logAndReturn(56)) - ef68bf2f-14be-4d5f-8c8b-17dd79c852c2@group-AEC151EC4700-LeaderElection63: Election PASSED; received 1 response(s) [ef68bf2f-14be-4d5f-8c8b-17dd79c852c2<-baae7a36-5fe0-4b63-85b5-441d2538a079#0:OK-t1] and 0 exception(s); ef68bf2f-14be-4d5f-8c8b-17dd79c852c2@group-AEC151EC4700:t1, leader=null, voted=ef68bf2f-14be-4d5f-8c8b-17dd79c852c2, raftlog=ef68bf2f-14be-4d5f-8c8b-17dd79c852c2@group-AEC151EC4700-SegmentedRaftLog:OPENED:c-1,f-1,i0, conf=-1: [3161767e-c286-4df4-9de4-b5ad5e977375:192.168.30.45:46455, baae7a36-5fe0-4b63-85b5-441d2538a079:192.168.30.45:43657, ef68bf2f-14be-4d5f-8c8b-17dd79c852c2:192.168.30.45:44613], old=null
2019-10-08 22:20:56,322 [Thread-1461] INFO  impl.FollowerState (FollowerState.java:run(108)) - baae7a36-5fe0-4b63-85b5-441d2538a079@group-1A07D4280A72-FollowerState: change to CANDIDATE, lastRpcTime:5209ms, electionTimeout:5199ms
2019-10-08 22:20:56,322 [ef68bf2f-14be-4d5f-8c8b-17dd79c852c2@group-AEC151EC4700-LeaderElection63] INFO  impl.RoleInfo (RoleInfo.java:shutdownLeaderElection(134)) - ef68bf2f-14be-4d5f-8c8b-17dd79c852c2: shutdown LeaderElection
2019-10-08 22:20:56,322 [Thread-1461] INFO  impl.RoleInfo (RoleInfo.java:shutdownFollowerState(121)) - baae7a36-5fe0-4b63-85b5-441d2538a079: shutdown FollowerState
2019-10-08 22:20:56,322 [ef68bf2f-14be-4d5f-8c8b-17dd79c852c2@group-AEC151EC4700-LeaderElection63] INFO  impl.RaftServerImpl (RaftServerImpl.java:setRole(170)) - ef68bf2f-14be-4d5f-8c8b-17dd79c852c2@group-AEC151EC4700: changes role from CANDIDATE to LEADER at term 1 for changeToLeader
2019-10-08 22:20:56,322 [Thread-1461] INFO  impl.RaftServerImpl (RaftServerImpl.java:setRole(170)) - baae7a36-5fe0-4b63-85b5-441d2538a079@group-1A07D4280A72: changes role from  FOLLOWER to CANDIDATE at term 0 for changeToCandidate
2019-10-08 22:20:56,323 [ef68bf2f-14be-4d5f-8c8b-17dd79c852c2@group-AEC151EC4700-LeaderElection63] INFO  impl.RaftServerImpl (ServerState.java:setLeader(255)) - ef68bf2f-14be-4d5f-8c8b-17dd79c852c2@group-AEC151EC4700: change Leader from null to ef68bf2f-14be-4d5f-8c8b-17dd79c852c2 at term 1 for becomeLeader, leader elected after 5168ms
2019-10-08 22:20:56,323 [Thread-1461] INFO  impl.RoleInfo (RoleInfo.java:updateAndGet(143)) - baae7a36-5fe0-4b63-85b5-441d2538a079: start LeaderElection
2019-10-08 22:20:56,323 [ef68bf2f-14be-4d5f-8c8b-17dd79c852c2@group-AEC151EC4700-LeaderElection63] INFO  server.RaftServerConfigKeys (ConfUtils.java:logGet(43)) - raft.server.staging.catchup.gap = 1000 (default)
2019-10-08 22:20:56,323 [ef68bf2f-14be-4d5f-8c8b-17dd79c852c2@group-AEC151EC4700-LeaderElection63] INFO  server.RaftServerConfigKeys (ConfUtils.java:logGet(43)) - raft.server.rpc.sleep.time = 25ms (default)
2019-10-08 22:20:56,330 [ef68bf2f-14be-4d5f-8c8b-17dd79c852c2@group-AEC151EC4700-LeaderElection63] INFO  server.RaftServerConfigKeys (ConfUtils.java:logGet(43)) - raft.server.write.element-limit = 4096 (default)
2019-10-08 22:20:56,330 [ef68bf2f-14be-4d5f-8c8b-17dd79c852c2@group-AEC151EC4700-LeaderElection63] INFO  server.RaftServerConfigKeys (ConfUtils.java:logGet(43)) - raft.server.watch.timeout = 10s (default)
2019-10-08 22:20:56,330 [ef68bf2f-14be-4d5f-8c8b-17dd79c852c2@group-AEC151EC4700-LeaderElection63] INFO  server.RaftServerConfigKeys (ConfUtils.java:logGet(43)) - raft.server.watch.timeout.denomination = 1s (default)
2019-10-08 22:20:56,330 [ef68bf2f-14be-4d5f-8c8b-17dd79c852c2@group-AEC151EC4700-LeaderElection63] INFO  server.RaftServerConfigKeys (ConfUtils.java:logGet(43)) - raft.server.watch.element-limit = 65536 (default)
2019-10-08 22:20:56,332 [ef68bf2f-14be-4d5f-8c8b-17dd79c852c2@group-AEC151EC4700-LeaderElection63] INFO  server.RaftServerConfigKeys (ConfUtils.java:logGet(43)) - raft.server.log.appender.snapshot.chunk.size.max = 16MB (=16777216) (default)
2019-10-08 22:20:56,333 [ef68bf2f-14be-4d5f-8c8b-17dd79c852c2@group-AEC151EC4700-LeaderElection63] INFO  server.RaftServerConfigKeys (ConfUtils.java:logGet(43)) - raft.server.log.appender.buffer.byte-limit = 33554432 (custom)
2019-10-08 22:20:56,333 [ef68bf2f-14be-4d5f-8c8b-17dd79c852c2@group-AEC151EC4700-LeaderElection63] INFO  server.RaftServerConfigKeys (ConfUtils.java:logGet(43)) - raft.server.log.appender.buffer.element-limit = 1 (custom)
2019-10-08 22:20:56,333 [ef68bf2f-14be-4d5f-8c8b-17dd79c852c2@group-AEC151EC4700-LeaderElection63] INFO  grpc.GrpcConfigKeys$Server (ConfUtils.java:logGet(43)) - raft.grpc.server.leader.outstanding.appends.max = 128 (default)
2019-10-08 22:20:56,333 [ef68bf2f-14be-4d5f-8c8b-17dd79c852c2@group-AEC151EC4700-LeaderElection63] INFO  server.RaftServerConfigKeys (ConfUtils.java:logGet(43)) - raft.server.rpc.request.timeout = 3000ms (default)
2019-10-08 22:20:56,333 [ef68bf2f-14be-4d5f-8c8b-17dd79c852c2@group-AEC151EC4700-LeaderElection63] INFO  server.RaftServerConfigKeys (ConfUtils.java:logGet(43)) - raft.server.log.appender.install.snapshot.enabled = false (custom)
2019-10-08 22:20:56,334 [ef68bf2f-14be-4d5f-8c8b-17dd79c852c2@group-AEC151EC4700-LeaderElection63] INFO  server.RaftServerConfigKeys (ConfUtils.java:logGet(43)) - raft.server.log.appender.snapshot.chunk.size.max = 16MB (=16777216) (default)
2019-10-08 22:20:56,334 [ef68bf2f-14be-4d5f-8c8b-17dd79c852c2@group-AEC151EC4700-LeaderElection63] INFO  server.RaftServerConfigKeys (ConfUtils.java:logGet(43)) - raft.server.log.appender.buffer.byte-limit = 33554432 (custom)
2019-10-08 22:20:56,334 [ef68bf2f-14be-4d5f-8c8b-17dd79c852c2@group-AEC151EC4700-LeaderElection63] INFO  server.RaftServerConfigKeys (ConfUtils.java:logGet(43)) - raft.server.log.appender.buffer.element-limit = 1 (custom)
2019-10-08 22:20:56,334 [baae7a36-5fe0-4b63-85b5-441d2538a079@group-1A07D4280A72-LeaderElection64] INFO  impl.LeaderElection (LeaderElection.java:askForVotes(178)) - baae7a36-5fe0-4b63-85b5-441d2538a079@group-1A07D4280A72-LeaderElection64: begin an election at term 1 for -1: [baae7a36-5fe0-4b63-85b5-441d2538a079:192.168.30.45:43657], old=null
2019-10-08 22:20:56,334 [ef68bf2f-14be-4d5f-8c8b-17dd79c852c2@group-AEC151EC4700-LeaderElection63] INFO  grpc.GrpcConfigKeys$Server (ConfUtils.java:logGet(43)) - raft.grpc.server.leader.outstanding.appends.max = 128 (default)
2019-10-08 22:20:56,334 [ef68bf2f-14be-4d5f-8c8b-17dd79c852c2@group-AEC151EC4700-LeaderElection63] INFO  server.RaftServerConfigKeys (ConfUtils.java:logGet(43)) - raft.server.rpc.request.timeout = 3000ms (default)
2019-10-08 22:20:56,334 [baae7a36-5fe0-4b63-85b5-441d2538a079@group-1A07D4280A72-LeaderElection64] INFO  impl.RoleInfo (RoleInfo.java:shutdownLeaderElection(134)) - baae7a36-5fe0-4b63-85b5-441d2538a079: shutdown LeaderElection
2019-10-08 22:20:56,335 [ef68bf2f-14be-4d5f-8c8b-17dd79c852c2@group-AEC151EC4700-LeaderElection63] INFO  server.RaftServerConfigKeys (ConfUtils.java:logGet(43)) - raft.server.log.appender.install.snapshot.enabled = false (custom)
2019-10-08 22:20:56,335 [baae7a36-5fe0-4b63-85b5-441d2538a079@group-1A07D4280A72-LeaderElection64] INFO  impl.RaftServerImpl (RaftServerImpl.java:setRole(170)) - baae7a36-5fe0-4b63-85b5-441d2538a079@group-1A07D4280A72: changes role from CANDIDATE to LEADER at term 1 for changeToLeader
2019-10-08 22:20:56,335 [ef68bf2f-14be-4d5f-8c8b-17dd79c852c2@group-AEC151EC4700-LeaderElection63] INFO  impl.RoleInfo (RoleInfo.java:updateAndGet(143)) - ef68bf2f-14be-4d5f-8c8b-17dd79c852c2: start LeaderState
2019-10-08 22:20:56,335 [baae7a36-5fe0-4b63-85b5-441d2538a079@group-1A07D4280A72-LeaderElection64] INFO  impl.RaftServerImpl (ServerState.java:setLeader(255)) - baae7a36-5fe0-4b63-85b5-441d2538a079@group-1A07D4280A72: change Leader from null to baae7a36-5fe0-4b63-85b5-441d2538a079 at term 1 for becomeLeader, leader elected after 5230ms
2019-10-08 22:20:56,335 [ef68bf2f-14be-4d5f-8c8b-17dd79c852c2@group-AEC151EC4700-LeaderElection63] INFO  segmented.SegmentedRaftLogWorker (SegmentedRaftLogWorker.java:startLogSegment(385)) - ef68bf2f-14be-4d5f-8c8b-17dd79c852c2@group-AEC151EC4700-SegmentedRaftLogWorker: Starting segment from index:0
2019-10-08 22:20:56,335 [baae7a36-5fe0-4b63-85b5-441d2538a079@group-1A07D4280A72-LeaderElection64] INFO  server.RaftServerConfigKeys (ConfUtils.java:logGet(43)) - raft.server.staging.catchup.gap = 1000 (default)
2019-10-08 22:20:56,336 [baae7a36-5fe0-4b63-85b5-441d2538a079@group-1A07D4280A72-LeaderElection64] INFO  server.RaftServerConfigKeys (ConfUtils.java:logGet(43)) - raft.server.rpc.sleep.time = 25ms (default)
2019-10-08 22:20:56,336 [baae7a36-5fe0-4b63-85b5-441d2538a079@group-1A07D4280A72-LeaderElection64] INFO  server.RaftServerConfigKeys (ConfUtils.java:logGet(43)) - raft.server.write.element-limit = 4096 (default)
2019-10-08 22:20:56,336 [ef68bf2f-14be-4d5f-8c8b-17dd79c852c2@group-AEC151EC4700-LeaderElection63] INFO  impl.RaftServerImpl (ServerState.java:setRaftConf(356)) - ef68bf2f-14be-4d5f-8c8b-17dd79c852c2@group-AEC151EC4700: set configuration 0: [3161767e-c286-4df4-9de4-b5ad5e977375:192.168.30.45:46455, baae7a36-5fe0-4b63-85b5-441d2538a079:192.168.30.45:43657, ef68bf2f-14be-4d5f-8c8b-17dd79c852c2:192.168.30.45:44613], old=null at 0
2019-10-08 22:20:56,336 [baae7a36-5fe0-4b63-85b5-441d2538a079@group-1A07D4280A72-LeaderElection64] INFO  server.RaftServerConfigKeys (ConfUtils.java:logGet(43)) - raft.server.watch.timeout = 10s (default)
2019-10-08 22:20:56,337 [baae7a36-5fe0-4b63-85b5-441d2538a079@group-1A07D4280A72-LeaderElection64] INFO  server.RaftServerConfigKeys (ConfUtils.java:logGet(43)) - raft.server.watch.timeout.denomination = 1s (default)
2019-10-08 22:20:56,337 [baae7a36-5fe0-4b63-85b5-441d2538a079@group-1A07D4280A72-LeaderElection64] INFO  server.RaftServerConfigKeys (ConfUtils.java:logGet(43)) - raft.server.watch.element-limit = 65536 (default)
2019-10-08 22:20:56,338 [grpc-default-executor-0] INFO  impl.RaftServerImpl (ServerState.java:setLeader(255)) - 3161767e-c286-4df4-9de4-b5ad5e977375@group-AEC151EC4700: change Leader from null to ef68bf2f-14be-4d5f-8c8b-17dd79c852c2 at term 1 for appendEntries, leader elected after 5184ms
2019-10-08 22:20:56,338 [grpc-default-executor-2] INFO  impl.RaftServerImpl (ServerState.java:setLeader(255)) - baae7a36-5fe0-4b63-85b5-441d2538a079@group-AEC151EC4700: change Leader from null to ef68bf2f-14be-4d5f-8c8b-17dd79c852c2 at term 1 for appendEntries, leader elected after 5183ms
2019-10-08 22:20:56,375 [baae7a36-5fe0-4b63-85b5-441d2538a079@group-1A07D4280A72-LeaderElection64] INFO  impl.RoleInfo (RoleInfo.java:updateAndGet(143)) - baae7a36-5fe0-4b63-85b5-441d2538a079: start LeaderState
2019-10-08 22:20:56,380 [baae7a36-5fe0-4b63-85b5-441d2538a079@group-1A07D4280A72-LeaderElection64] INFO  segmented.SegmentedRaftLogWorker (SegmentedRaftLogWorker.java:startLogSegment(385)) - baae7a36-5fe0-4b63-85b5-441d2538a079@group-1A07D4280A72-SegmentedRaftLogWorker: Starting segment from index:0
2019-10-08 22:20:56,380 [baae7a36-5fe0-4b63-85b5-441d2538a079@group-1A07D4280A72-LeaderElection64] INFO  impl.RaftServerImpl (ServerState.java:setRaftConf(356)) - baae7a36-5fe0-4b63-85b5-441d2538a079@group-1A07D4280A72: set configuration 0: [baae7a36-5fe0-4b63-85b5-441d2538a079:192.168.30.45:43657], old=null at 0
2019-10-08 22:20:56,381 [ef68bf2f-14be-4d5f-8c8b-17dd79c852c2@group-AEC151EC4700-SegmentedRaftLogWorker] INFO  segmented.SegmentedRaftLogWorker (SegmentedRaftLogWorker.java:execute(574)) - ef68bf2f-14be-4d5f-8c8b-17dd79c852c2@group-AEC151EC4700-SegmentedRaftLogWorker: created new log segment /workdir/hadoop-ozone/integration-test/target/test-dir/MiniOzoneClusterImpl-8907c697-5eed-41c0-85e5-15ab21fae644/datanode-1/data/ratis/22d1e6f5-c83e-4e3b-a92a-aec151ec4700/current/log_inprogress_0
2019-10-08 22:20:56,381 [grpc-default-executor-2] INFO  impl.RaftServerImpl (ServerState.java:setRaftConf(356)) - 3161767e-c286-4df4-9de4-b5ad5e977375@group-AEC151EC4700: set configuration 0: [3161767e-c286-4df4-9de4-b5ad5e977375:192.168.30.45:46455, baae7a36-5fe0-4b63-85b5-441d2538a079:192.168.30.45:43657, ef68bf2f-14be-4d5f-8c8b-17dd79c852c2:192.168.30.45:44613], old=null at 0
2019-10-08 22:20:56,381 [grpc-default-executor-2] INFO  segmented.SegmentedRaftLogWorker (SegmentedRaftLogWorker.java:startLogSegment(385)) - 3161767e-c286-4df4-9de4-b5ad5e977375@group-AEC151EC4700-SegmentedRaftLogWorker: Starting segment from index:0
2019-10-08 22:20:56,381 [grpc-default-executor-0] INFO  impl.RaftServerImpl (ServerState.java:setRaftConf(356)) - baae7a36-5fe0-4b63-85b5-441d2538a079@group-AEC151EC4700: set configuration 0: [3161767e-c286-4df4-9de4-b5ad5e977375:192.168.30.45:46455, baae7a36-5fe0-4b63-85b5-441d2538a079:192.168.30.45:43657, ef68bf2f-14be-4d5f-8c8b-17dd79c852c2:192.168.30.45:44613], old=null at 0
2019-10-08 22:20:56,382 [grpc-default-executor-0] INFO  segmented.SegmentedRaftLogWorker (SegmentedRaftLogWorker.java:startLogSegment(385)) - baae7a36-5fe0-4b63-85b5-441d2538a079@group-AEC151EC4700-SegmentedRaftLogWorker: Starting segment from index:0
2019-10-08 22:20:56,412 [Thread-1476] INFO  impl.FollowerState (FollowerState.java:run(108)) - 18cd53ba-448e-4f42-b2ac-e0b2d1d043c9@group-9953457DDC9D-FollowerState: change to CANDIDATE, lastRpcTime:5137ms, electionTimeout:5137ms
2019-10-08 22:20:56,412 [Thread-1476] INFO  impl.RoleInfo (RoleInfo.java:shutdownFollowerState(121)) - 18cd53ba-448e-4f42-b2ac-e0b2d1d043c9: shutdown FollowerState
2019-10-08 22:20:56,412 [Thread-1476] INFO  impl.RaftServerImpl (RaftServerImpl.java:setRole(170)) - 18cd53ba-448e-4f42-b2ac-e0b2d1d043c9@group-9953457DDC9D: changes role from  FOLLOWER to CANDIDATE at term 0 for changeToCandidate
2019-10-08 22:20:56,412 [Thread-1476] INFO  impl.RoleInfo (RoleInfo.java:updateAndGet(143)) - 18cd53ba-448e-4f42-b2ac-e0b2d1d043c9: start LeaderElection
2019-10-08 22:20:56,438 [3161767e-c286-4df4-9de4-b5ad5e977375@group-AEC151EC4700-SegmentedRaftLogWorker] INFO  segmented.SegmentedRaftLogWorker (SegmentedRaftLogWorker.java:execute(574)) - 3161767e-c286-4df4-9de4-b5ad5e977375@group-AEC151EC4700-SegmentedRaftLogWorker: created new log segment /workdir/hadoop-ozone/integration-test/target/test-dir/MiniOzoneClusterImpl-8907c697-5eed-41c0-85e5-15ab21fae644/datanode-0/data/ratis/22d1e6f5-c83e-4e3b-a92a-aec151ec4700/current/log_inprogress_0
2019-10-08 22:20:56,438 [baae7a36-5fe0-4b63-85b5-441d2538a079@group-AEC151EC4700-SegmentedRaftLogWorker] INFO  segmented.SegmentedRaftLogWorker (SegmentedRaftLogWorker.java:execute(574)) - baae7a36-5fe0-4b63-85b5-441d2538a079@group-AEC151EC4700-SegmentedRaftLogWorker: created new log segment /workdir/hadoop-ozone/integration-test/target/test-dir/MiniOzoneClusterImpl-8907c697-5eed-41c0-85e5-15ab21fae644/datanode-2/data/ratis/22d1e6f5-c83e-4e3b-a92a-aec151ec4700/current/log_inprogress_0
2019-10-08 22:20:56,438 [18cd53ba-448e-4f42-b2ac-e0b2d1d043c9@group-9953457DDC9D-LeaderElection65] INFO  impl.LeaderElection (LeaderElection.java:askForVotes(178)) - 18cd53ba-448e-4f42-b2ac-e0b2d1d043c9@group-9953457DDC9D-LeaderElection65: begin an election at term 1 for -1: [18cd53ba-448e-4f42-b2ac-e0b2d1d043c9:192.168.30.45:36503], old=null
2019-10-08 22:20:56,438 [baae7a36-5fe0-4b63-85b5-441d2538a079@group-1A07D4280A72-SegmentedRaftLogWorker] INFO  segmented.SegmentedRaftLogWorker (SegmentedRaftLogWorker.java:execute(574)) - baae7a36-5fe0-4b63-85b5-441d2538a079@group-1A07D4280A72-SegmentedRaftLogWorker: created new log segment /workdir/hadoop-ozone/integration-test/target/test-dir/MiniOzoneClusterImpl-8907c697-5eed-41c0-85e5-15ab21fae644/datanode-2/data/ratis/9b51e7a0-9d80-4ce5-81d8-1a07d4280a72/current/log_inprogress_0
2019-10-08 22:20:56,438 [18cd53ba-448e-4f42-b2ac-e0b2d1d043c9@group-9953457DDC9D-LeaderElection65] INFO  impl.RoleInfo (RoleInfo.java:shutdownLeaderElection(134)) - 18cd53ba-448e-4f42-b2ac-e0b2d1d043c9: shutdown LeaderElection
2019-10-08 22:20:56,439 [18cd53ba-448e-4f42-b2ac-e0b2d1d043c9@group-9953457DDC9D-LeaderElection65] INFO  impl.RaftServerImpl (RaftServerImpl.java:setRole(170)) - 18cd53ba-448e-4f42-b2ac-e0b2d1d043c9@group-9953457DDC9D: changes role from CANDIDATE to LEADER at term 1 for changeToLeader
2019-10-08 22:20:56,439 [18cd53ba-448e-4f42-b2ac-e0b2d1d043c9@group-9953457DDC9D-LeaderElection65] INFO  impl.RaftServerImpl (ServerState.java:setLeader(255)) - 18cd53ba-448e-4f42-b2ac-e0b2d1d043c9@group-9953457DDC9D: change Leader from null to 18cd53ba-448e-4f42-b2ac-e0b2d1d043c9 at term 1 for becomeLeader, leader elected after 5175ms
2019-10-08 22:20:56,439 [18cd53ba-448e-4f42-b2ac-e0b2d1d043c9@group-9953457DDC9D-LeaderElection65] INFO  server.RaftServerConfigKeys (ConfUtils.java:logGet(43)) - raft.server.staging.catchup.gap = 1000 (default)
2019-10-08 22:20:56,439 [18cd53ba-448e-4f42-b2ac-e0b2d1d043c9@group-9953457DDC9D-LeaderElection65] INFO  server.RaftServerConfigKeys (ConfUtils.java:logGet(43)) - raft.server.rpc.sleep.time = 25ms (default)
2019-10-08 22:20:56,440 [18cd53ba-448e-4f42-b2ac-e0b2d1d043c9@group-9953457DDC9D-LeaderElection65] INFO  server.RaftServerConfigKeys (ConfUtils.java:logGet(43)) - raft.server.write.element-limit = 4096 (default)
2019-10-08 22:20:56,440 [18cd53ba-448e-4f42-b2ac-e0b2d1d043c9@group-9953457DDC9D-LeaderElection65] INFO  server.RaftServerConfigKeys (ConfUtils.java:logGet(43)) - raft.server.watch.timeout = 10s (default)
2019-10-08 22:20:56,440 [18cd53ba-448e-4f42-b2ac-e0b2d1d043c9@group-9953457DDC9D-LeaderElection65] INFO  server.RaftServerConfigKeys (ConfUtils.java:logGet(43)) - raft.server.watch.timeout.denomination = 1s (default)
2019-10-08 22:20:56,440 [18cd53ba-448e-4f42-b2ac-e0b2d1d043c9@group-9953457DDC9D-LeaderElection65] INFO  server.RaftServerConfigKeys (ConfUtils.java:logGet(43)) - raft.server.watch.element-limit = 65536 (default)
2019-10-08 22:20:56,442 [18cd53ba-448e-4f42-b2ac-e0b2d1d043c9@group-9953457DDC9D-LeaderElection65] INFO  impl.RoleInfo (RoleInfo.java:updateAndGet(143)) - 18cd53ba-448e-4f42-b2ac-e0b2d1d043c9: start LeaderState
2019-10-08 22:20:56,443 [18cd53ba-448e-4f42-b2ac-e0b2d1d043c9@group-9953457DDC9D-LeaderElection65] INFO  segmented.SegmentedRaftLogWorker (SegmentedRaftLogWorker.java:startLogSegment(385)) - 18cd53ba-448e-4f42-b2ac-e0b2d1d043c9@group-9953457DDC9D-SegmentedRaftLogWorker: Starting segment from index:0
2019-10-08 22:20:56,443 [18cd53ba-448e-4f42-b2ac-e0b2d1d043c9@group-9953457DDC9D-LeaderElection65] INFO  impl.RaftServerImpl (ServerState.java:setRaftConf(356)) - 18cd53ba-448e-4f42-b2ac-e0b2d1d043c9@group-9953457DDC9D: set configuration 0: [18cd53ba-448e-4f42-b2ac-e0b2d1d043c9:192.168.30.45:36503], old=null at 0
2019-10-08 22:20:56,446 [Thread-1479] INFO  impl.FollowerState (FollowerState.java:run(108)) - 860f75cf-5125-4417-ba70-7e36ca1f2517@group-B3DF866C563E-FollowerState: change to CANDIDATE, lastRpcTime:5108ms, electionTimeout:5108ms
2019-10-08 22:20:56,446 [Thread-1479] INFO  impl.RoleInfo (RoleInfo.java:shutdownFollowerState(121)) - 860f75cf-5125-4417-ba70-7e36ca1f2517: shutdown FollowerState
2019-10-08 22:20:56,446 [Thread-1479] INFO  impl.RaftServerImpl (RaftServerImpl.java:setRole(170)) - 860f75cf-5125-4417-ba70-7e36ca1f2517@group-B3DF866C563E: changes role from  FOLLOWER to CANDIDATE at term 0 for changeToCandidate
2019-10-08 22:20:56,446 [Thread-1479] INFO  impl.RoleInfo (RoleInfo.java:updateAndGet(143)) - 860f75cf-5125-4417-ba70-7e36ca1f2517: start LeaderElection
2019-10-08 22:20:56,484 [Thread-1482] INFO  impl.FollowerState (FollowerState.java:run(108)) - 3ce8c319-af4e-4cc7-9ac4-c0d99b1b4aa8@group-F1D3CFA4205F-FollowerState: change to CANDIDATE, lastRpcTime:5068ms, electionTimeout:5050ms
2019-10-08 22:20:56,484 [Thread-1487] INFO  impl.FollowerState (FollowerState.java:run(108)) - 18cd53ba-448e-4f42-b2ac-e0b2d1d043c9@group-F1D3CFA4205F-FollowerState: change to CANDIDATE, lastRpcTime:5064ms, electionTimeout:5028ms
2019-10-08 22:20:56,485 [Thread-1482] INFO  impl.RoleInfo (RoleInfo.java:shutdownFollowerState(121)) - 3ce8c319-af4e-4cc7-9ac4-c0d99b1b4aa8: shutdown FollowerState
2019-10-08 22:20:56,485 [Thread-1487] INFO  impl.RoleInfo (RoleInfo.java:shutdownFollowerState(121)) - 18cd53ba-448e-4f42-b2ac-e0b2d1d043c9: shutdown FollowerState
2019-10-08 22:20:56,485 [Thread-1482] INFO  impl.RaftServerImpl (RaftServerImpl.java:setRole(170)) - 3ce8c319-af4e-4cc7-9ac4-c0d99b1b4aa8@group-F1D3CFA4205F: changes role from  FOLLOWER to CANDIDATE at term 0 for changeToCandidate
2019-10-08 22:20:56,491 [Thread-1487] INFO  impl.RaftServerImpl (RaftServerImpl.java:setRole(170)) - 18cd53ba-448e-4f42-b2ac-e0b2d1d043c9@group-F1D3CFA4205F: changes role from  FOLLOWER to CANDIDATE at term 0 for changeToCandidate
2019-10-08 22:20:56,491 [Thread-1482] INFO  impl.RoleInfo (RoleInfo.java:updateAndGet(143)) - 3ce8c319-af4e-4cc7-9ac4-c0d99b1b4aa8: start LeaderElection
2019-10-08 22:20:56,491 [Thread-1487] INFO  impl.RoleInfo (RoleInfo.java:updateAndGet(143)) - 18cd53ba-448e-4f42-b2ac-e0b2d1d043c9: start LeaderElection
2019-10-08 22:20:56,502 [18cd53ba-448e-4f42-b2ac-e0b2d1d043c9@group-9953457DDC9D-SegmentedRaftLogWorker] INFO  segmented.SegmentedRaftLogWorker (SegmentedRaftLogWorker.java:execute(574)) - 18cd53ba-448e-4f42-b2ac-e0b2d1d043c9@group-9953457DDC9D-SegmentedRaftLogWorker: created new log segment /workdir/hadoop-ozone/integration-test/target/test-dir/MiniOzoneClusterImpl-8907c697-5eed-41c0-85e5-15ab21fae644/datanode-3/data/ratis/46fbdbff-1f2c-4e71-8fd7-9953457ddc9d/current/log_inprogress_0
2019-10-08 22:20:56,506 [860f75cf-5125-4417-ba70-7e36ca1f2517@group-B3DF866C563E-LeaderElection66] INFO  impl.LeaderElection (LeaderElection.java:askForVotes(178)) - 860f75cf-5125-4417-ba70-7e36ca1f2517@group-B3DF866C563E-LeaderElection66: begin an election at term 1 for -1: [860f75cf-5125-4417-ba70-7e36ca1f2517:192.168.30.45:39003], old=null
2019-10-08 22:20:56,507 [860f75cf-5125-4417-ba70-7e36ca1f2517@group-B3DF866C563E-LeaderElection66] INFO  impl.RoleInfo (RoleInfo.java:shutdownLeaderElection(134)) - 860f75cf-5125-4417-ba70-7e36ca1f2517: shutdown LeaderElection
2019-10-08 22:20:56,507 [860f75cf-5125-4417-ba70-7e36ca1f2517@group-B3DF866C563E-LeaderElection66] INFO  impl.RaftServerImpl (RaftServerImpl.java:setRole(170)) - 860f75cf-5125-4417-ba70-7e36ca1f2517@group-B3DF866C563E: changes role from CANDIDATE to LEADER at term 1 for changeToLeader
2019-10-08 22:20:56,507 [860f75cf-5125-4417-ba70-7e36ca1f2517@group-B3DF866C563E-LeaderElection66] INFO  impl.RaftServerImpl (ServerState.java:setLeader(255)) - 860f75cf-5125-4417-ba70-7e36ca1f2517@group-B3DF866C563E: change Leader from null to 860f75cf-5125-4417-ba70-7e36ca1f2517 at term 1 for becomeLeader, leader elected after 5179ms
2019-10-08 22:20:56,507 [860f75cf-5125-4417-ba70-7e36ca1f2517@group-B3DF866C563E-LeaderElection66] INFO  server.RaftServerConfigKeys (ConfUtils.java:logGet(43)) - raft.server.staging.catchup.gap = 1000 (default)
2019-10-08 22:20:56,507 [860f75cf-5125-4417-ba70-7e36ca1f2517@group-B3DF866C563E-LeaderElection66] INFO  server.RaftServerConfigKeys (ConfUtils.java:logGet(43)) - raft.server.rpc.sleep.time = 25ms (default)
2019-10-08 22:20:56,508 [860f75cf-5125-4417-ba70-7e36ca1f2517@group-B3DF866C563E-LeaderElection66] INFO  server.RaftServerConfigKeys (ConfUtils.java:logGet(43)) - raft.server.write.element-limit = 4096 (default)
2019-10-08 22:20:56,508 [860f75cf-5125-4417-ba70-7e36ca1f2517@group-B3DF866C563E-LeaderElection66] INFO  server.RaftServerConfigKeys (ConfUtils.java:logGet(43)) - raft.server.watch.timeout = 10s (default)
2019-10-08 22:20:56,508 [860f75cf-5125-4417-ba70-7e36ca1f2517@group-B3DF866C563E-LeaderElection66] INFO  server.RaftServerConfigKeys (ConfUtils.java:logGet(43)) - raft.server.watch.timeout.denomination = 1s (default)
2019-10-08 22:20:56,508 [860f75cf-5125-4417-ba70-7e36ca1f2517@group-B3DF866C563E-LeaderElection66] INFO  server.RaftServerConfigKeys (ConfUtils.java:logGet(43)) - raft.server.watch.element-limit = 65536 (default)
2019-10-08 22:20:56,510 [860f75cf-5125-4417-ba70-7e36ca1f2517@group-B3DF866C563E-LeaderElection66] INFO  impl.RoleInfo (RoleInfo.java:updateAndGet(143)) - 860f75cf-5125-4417-ba70-7e36ca1f2517: start LeaderState
2019-10-08 22:20:56,510 [860f75cf-5125-4417-ba70-7e36ca1f2517@group-B3DF866C563E-LeaderElection66] INFO  segmented.SegmentedRaftLogWorker (SegmentedRaftLogWorker.java:startLogSegment(385)) - 860f75cf-5125-4417-ba70-7e36ca1f2517@group-B3DF866C563E-SegmentedRaftLogWorker: Starting segment from index:0
2019-10-08 22:20:56,511 [860f75cf-5125-4417-ba70-7e36ca1f2517@group-B3DF866C563E-LeaderElection66] INFO  impl.RaftServerImpl (ServerState.java:setRaftConf(356)) - 860f75cf-5125-4417-ba70-7e36ca1f2517@group-B3DF866C563E: set configuration 0: [860f75cf-5125-4417-ba70-7e36ca1f2517:192.168.30.45:39003], old=null at 0
2019-10-08 22:20:56,520 [3ce8c319-af4e-4cc7-9ac4-c0d99b1b4aa8@group-F1D3CFA4205F-LeaderElection67] INFO  impl.LeaderElection (LeaderElection.java:askForVotes(178)) - 3ce8c319-af4e-4cc7-9ac4-c0d99b1b4aa8@group-F1D3CFA4205F-LeaderElection67: begin an election at term 1 for -1: [860f75cf-5125-4417-ba70-7e36ca1f2517:192.168.30.45:39003, 18cd53ba-448e-4f42-b2ac-e0b2d1d043c9:192.168.30.45:36503, 3ce8c319-af4e-4cc7-9ac4-c0d99b1b4aa8:192.168.30.45:41807], old=null
2019-10-08 22:20:56,520 [18cd53ba-448e-4f42-b2ac-e0b2d1d043c9@group-F1D3CFA4205F-LeaderElection68] INFO  impl.LeaderElection (LeaderElection.java:askForVotes(178)) - 18cd53ba-448e-4f42-b2ac-e0b2d1d043c9@group-F1D3CFA4205F-LeaderElection68: begin an election at term 1 for -1: [860f75cf-5125-4417-ba70-7e36ca1f2517:192.168.30.45:39003, 18cd53ba-448e-4f42-b2ac-e0b2d1d043c9:192.168.30.45:36503, 3ce8c319-af4e-4cc7-9ac4-c0d99b1b4aa8:192.168.30.45:41807], old=null
2019-10-08 22:20:56,544 [grpc-default-executor-2] INFO  impl.RaftServerImpl (RaftServerImpl.java:setRole(170)) - 860f75cf-5125-4417-ba70-7e36ca1f2517@group-F1D3CFA4205F: changes role from  FOLLOWER to FOLLOWER at term 1 for recognizeCandidate:3ce8c319-af4e-4cc7-9ac4-c0d99b1b4aa8
2019-10-08 22:20:56,544 [grpc-default-executor-2] INFO  impl.RoleInfo (RoleInfo.java:shutdownFollowerState(121)) - 860f75cf-5125-4417-ba70-7e36ca1f2517: shutdown FollowerState
2019-10-08 22:20:56,544 [grpc-default-executor-2] INFO  impl.RoleInfo (RoleInfo.java:updateAndGet(143)) - 860f75cf-5125-4417-ba70-7e36ca1f2517: start FollowerState
2019-10-08 22:20:56,544 [Thread-1486] INFO  impl.FollowerState (FollowerState.java:run(117)) - 860f75cf-5125-4417-ba70-7e36ca1f2517@group-F1D3CFA4205F-FollowerState was interrupted: java.lang.InterruptedException: sleep interrupted
2019-10-08 22:20:56,557 [860f75cf-5125-4417-ba70-7e36ca1f2517@group-B3DF866C563E-SegmentedRaftLogWorker] INFO  segmented.SegmentedRaftLogWorker (SegmentedRaftLogWorker.java:execute(574)) - 860f75cf-5125-4417-ba70-7e36ca1f2517@group-B3DF866C563E-SegmentedRaftLogWorker: created new log segment /workdir/hadoop-ozone/integration-test/target/test-dir/MiniOzoneClusterImpl-8907c697-5eed-41c0-85e5-15ab21fae644/datanode-5/data/ratis/c99af21c-9b66-45d2-a03b-b3df866c563e/current/log_inprogress_0
2019-10-08 22:20:56,563 [18cd53ba-448e-4f42-b2ac-e0b2d1d043c9@group-F1D3CFA4205F-LeaderElection68] INFO  impl.LeaderElection (LeaderElection.java:logAndReturn(56)) - 18cd53ba-448e-4f42-b2ac-e0b2d1d043c9@group-F1D3CFA4205F-LeaderElection68: Election REJECTED; received 2 response(s) [18cd53ba-448e-4f42-b2ac-e0b2d1d043c9<-860f75cf-5125-4417-ba70-7e36ca1f2517#0:FAIL-t1, 18cd53ba-448e-4f42-b2ac-e0b2d1d043c9<-3ce8c319-af4e-4cc7-9ac4-c0d99b1b4aa8#0:FAIL-t1] and 0 exception(s); 18cd53ba-448e-4f42-b2ac-e0b2d1d043c9@group-F1D3CFA4205F:t1, leader=null, voted=18cd53ba-448e-4f42-b2ac-e0b2d1d043c9, raftlog=18cd53ba-448e-4f42-b2ac-e0b2d1d043c9@group-F1D3CFA4205F-SegmentedRaftLog:OPENED:c-1,f-1,i0, conf=-1: [860f75cf-5125-4417-ba70-7e36ca1f2517:192.168.30.45:39003, 18cd53ba-448e-4f42-b2ac-e0b2d1d043c9:192.168.30.45:36503, 3ce8c319-af4e-4cc7-9ac4-c0d99b1b4aa8:192.168.30.45:41807], old=null
2019-10-08 22:20:56,563 [3ce8c319-af4e-4cc7-9ac4-c0d99b1b4aa8@group-F1D3CFA4205F-LeaderElection67] INFO  impl.LeaderElection (LeaderElection.java:logAndReturn(56)) - 3ce8c319-af4e-4cc7-9ac4-c0d99b1b4aa8@group-F1D3CFA4205F-LeaderElection67: Election PASSED; received 2 response(s) [3ce8c319-af4e-4cc7-9ac4-c0d99b1b4aa8<-860f75cf-5125-4417-ba70-7e36ca1f2517#0:OK-t1, 3ce8c319-af4e-4cc7-9ac4-c0d99b1b4aa8<-18cd53ba-448e-4f42-b2ac-e0b2d1d043c9#0:FAIL-t1] and 0 exception(s); 3ce8c319-af4e-4cc7-9ac4-c0d99b1b4aa8@group-F1D3CFA4205F:t1, leader=null, voted=3ce8c319-af4e-4cc7-9ac4-c0d99b1b4aa8, raftlog=3ce8c319-af4e-4cc7-9ac4-c0d99b1b4aa8@group-F1D3CFA4205F-SegmentedRaftLog:OPENED:c-1,f-1,i0, conf=-1: [860f75cf-5125-4417-ba70-7e36ca1f2517:192.168.30.45:39003, 18cd53ba-448e-4f42-b2ac-e0b2d1d043c9:192.168.30.45:36503, 3ce8c319-af4e-4cc7-9ac4-c0d99b1b4aa8:192.168.30.45:41807], old=null
2019-10-08 22:20:56,563 [18cd53ba-448e-4f42-b2ac-e0b2d1d043c9@group-F1D3CFA4205F-LeaderElection68] INFO  impl.RaftServerImpl (RaftServerImpl.java:setRole(170)) - 18cd53ba-448e-4f42-b2ac-e0b2d1d043c9@group-F1D3CFA4205F: changes role from CANDIDATE to FOLLOWER at term 1 for DISCOVERED_A_NEW_TERM
2019-10-08 22:20:56,563 [3ce8c319-af4e-4cc7-9ac4-c0d99b1b4aa8@group-F1D3CFA4205F-LeaderElection67] INFO  impl.RoleInfo (RoleInfo.java:shutdownLeaderElection(134)) - 3ce8c319-af4e-4cc7-9ac4-c0d99b1b4aa8: shutdown LeaderElection
2019-10-08 22:20:56,564 [18cd53ba-448e-4f42-b2ac-e0b2d1d043c9@group-F1D3CFA4205F-LeaderElection68] INFO  impl.RoleInfo (RoleInfo.java:shutdownLeaderElection(134)) - 18cd53ba-448e-4f42-b2ac-e0b2d1d043c9: shutdown LeaderElection
2019-10-08 22:20:56,564 [3ce8c319-af4e-4cc7-9ac4-c0d99b1b4aa8@group-F1D3CFA4205F-LeaderElection67] INFO  impl.RaftServerImpl (RaftServerImpl.java:setRole(170)) - 3ce8c319-af4e-4cc7-9ac4-c0d99b1b4aa8@group-F1D3CFA4205F: changes role from CANDIDATE to LEADER at term 1 for changeToLeader
2019-10-08 22:20:56,564 [18cd53ba-448e-4f42-b2ac-e0b2d1d043c9@group-F1D3CFA4205F-LeaderElection68] INFO  impl.RoleInfo (RoleInfo.java:updateAndGet(143)) - 18cd53ba-448e-4f42-b2ac-e0b2d1d043c9: start FollowerState
2019-10-08 22:20:56,564 [3ce8c319-af4e-4cc7-9ac4-c0d99b1b4aa8@group-F1D3CFA4205F-LeaderElection67] INFO  impl.RaftServerImpl (ServerState.java:setLeader(255)) - 3ce8c319-af4e-4cc7-9ac4-c0d99b1b4aa8@group-F1D3CFA4205F: change Leader from null to 3ce8c319-af4e-4cc7-9ac4-c0d99b1b4aa8 at term 1 for becomeLeader, leader elected after 5155ms
2019-10-08 22:20:56,565 [3ce8c319-af4e-4cc7-9ac4-c0d99b1b4aa8@group-F1D3CFA4205F-LeaderElection67] INFO  server.RaftServerConfigKeys (ConfUtils.java:logGet(43)) - raft.server.staging.catchup.gap = 1000 (default)
2019-10-08 22:20:56,565 [3ce8c319-af4e-4cc7-9ac4-c0d99b1b4aa8@group-F1D3CFA4205F-LeaderElection67] INFO  server.RaftServerConfigKeys (ConfUtils.java:logGet(43)) - raft.server.rpc.sleep.time = 25ms (default)
2019-10-08 22:20:56,565 [3ce8c319-af4e-4cc7-9ac4-c0d99b1b4aa8@group-F1D3CFA4205F-LeaderElection67] INFO  server.RaftServerConfigKeys (ConfUtils.java:logGet(43)) - raft.server.write.element-limit = 4096 (default)
2019-10-08 22:20:56,565 [3ce8c319-af4e-4cc7-9ac4-c0d99b1b4aa8@group-F1D3CFA4205F-LeaderElection67] INFO  server.RaftServerConfigKeys (ConfUtils.java:logGet(43)) - raft.server.watch.timeout = 10s (default)
2019-10-08 22:20:56,565 [3ce8c319-af4e-4cc7-9ac4-c0d99b1b4aa8@group-F1D3CFA4205F-LeaderElection67] INFO  server.RaftServerConfigKeys (ConfUtils.java:logGet(43)) - raft.server.watch.timeout.denomination = 1s (default)
2019-10-08 22:20:56,565 [3ce8c319-af4e-4cc7-9ac4-c0d99b1b4aa8@group-F1D3CFA4205F-LeaderElection67] INFO  server.RaftServerConfigKeys (ConfUtils.java:logGet(43)) - raft.server.watch.element-limit = 65536 (default)
2019-10-08 22:20:56,568 [3ce8c319-af4e-4cc7-9ac4-c0d99b1b4aa8@group-F1D3CFA4205F-LeaderElection67] INFO  server.RaftServerConfigKeys (ConfUtils.java:logGet(43)) - raft.server.log.appender.snapshot.chunk.size.max = 16MB (=16777216) (default)
2019-10-08 22:20:56,568 [3ce8c319-af4e-4cc7-9ac4-c0d99b1b4aa8@group-F1D3CFA4205F-LeaderElection67] INFO  server.RaftServerConfigKeys (ConfUtils.java:logGet(43)) - raft.server.log.appender.buffer.byte-limit = 33554432 (custom)
2019-10-08 22:20:56,568 [3ce8c319-af4e-4cc7-9ac4-c0d99b1b4aa8@group-F1D3CFA4205F-LeaderElection67] INFO  server.RaftServerConfigKeys (ConfUtils.java:logGet(43)) - raft.server.log.appender.buffer.element-limit = 1 (custom)
2019-10-08 22:20:56,568 [3ce8c319-af4e-4cc7-9ac4-c0d99b1b4aa8@group-F1D3CFA4205F-LeaderElection67] INFO  grpc.GrpcConfigKeys$Server (ConfUtils.java:logGet(43)) - raft.grpc.server.leader.outstanding.appends.max = 128 (default)
2019-10-08 22:20:56,568 [3ce8c319-af4e-4cc7-9ac4-c0d99b1b4aa8@group-F1D3CFA4205F-LeaderElection67] INFO  server.RaftServerConfigKeys (ConfUtils.java:logGet(43)) - raft.server.rpc.request.timeout = 3000ms (default)
2019-10-08 22:20:56,569 [3ce8c319-af4e-4cc7-9ac4-c0d99b1b4aa8@group-F1D3CFA4205F-LeaderElection67] INFO  server.RaftServerConfigKeys (ConfUtils.java:logGet(43)) - raft.server.log.appender.install.snapshot.enabled = false (custom)
2019-10-08 22:20:56,569 [3ce8c319-af4e-4cc7-9ac4-c0d99b1b4aa8@group-F1D3CFA4205F-LeaderElection67] INFO  server.RaftServerConfigKeys (ConfUtils.java:logGet(43)) - raft.server.log.appender.snapshot.chunk.size.max = 16MB (=16777216) (default)
2019-10-08 22:20:56,569 [3ce8c319-af4e-4cc7-9ac4-c0d99b1b4aa8@group-F1D3CFA4205F-LeaderElection67] INFO  server.RaftServerConfigKeys (ConfUtils.java:logGet(43)) - raft.server.log.appender.buffer.byte-limit = 33554432 (custom)
2019-10-08 22:20:56,569 [3ce8c319-af4e-4cc7-9ac4-c0d99b1b4aa8@group-F1D3CFA4205F-LeaderElection67] INFO  server.RaftServerConfigKeys (ConfUtils.java:logGet(43)) - raft.server.log.appender.buffer.element-limit = 1 (custom)
2019-10-08 22:20:56,570 [3ce8c319-af4e-4cc7-9ac4-c0d99b1b4aa8@group-F1D3CFA4205F-LeaderElection67] INFO  grpc.GrpcConfigKeys$Server (ConfUtils.java:logGet(43)) - raft.grpc.server.leader.outstanding.appends.max = 128 (default)
2019-10-08 22:20:56,570 [3ce8c319-af4e-4cc7-9ac4-c0d99b1b4aa8@group-F1D3CFA4205F-LeaderElection67] INFO  server.RaftServerConfigKeys (ConfUtils.java:logGet(43)) - raft.server.rpc.request.timeout = 3000ms (default)
2019-10-08 22:20:56,570 [3ce8c319-af4e-4cc7-9ac4-c0d99b1b4aa8@group-F1D3CFA4205F-LeaderElection67] INFO  server.RaftServerConfigKeys (ConfUtils.java:logGet(43)) - raft.server.log.appender.install.snapshot.enabled = false (custom)
2019-10-08 22:20:56,570 [3ce8c319-af4e-4cc7-9ac4-c0d99b1b4aa8@group-F1D3CFA4205F-LeaderElection67] INFO  impl.RoleInfo (RoleInfo.java:updateAndGet(143)) - 3ce8c319-af4e-4cc7-9ac4-c0d99b1b4aa8: start LeaderState
2019-10-08 22:20:56,571 [3ce8c319-af4e-4cc7-9ac4-c0d99b1b4aa8@group-F1D3CFA4205F-LeaderElection67] INFO  segmented.SegmentedRaftLogWorker (SegmentedRaftLogWorker.java:startLogSegment(385)) - 3ce8c319-af4e-4cc7-9ac4-c0d99b1b4aa8@group-F1D3CFA4205F-SegmentedRaftLogWorker: Starting segment from index:0
2019-10-08 22:20:56,572 [3ce8c319-af4e-4cc7-9ac4-c0d99b1b4aa8@group-F1D3CFA4205F-LeaderElection67] INFO  impl.RaftServerImpl (ServerState.java:setRaftConf(356)) - 3ce8c319-af4e-4cc7-9ac4-c0d99b1b4aa8@group-F1D3CFA4205F: set configuration 0: [860f75cf-5125-4417-ba70-7e36ca1f2517:192.168.30.45:39003, 18cd53ba-448e-4f42-b2ac-e0b2d1d043c9:192.168.30.45:36503, 3ce8c319-af4e-4cc7-9ac4-c0d99b1b4aa8:192.168.30.45:41807], old=null at 0
2019-10-08 22:20:56,573 [grpc-default-executor-2] INFO  impl.RaftServerImpl (ServerState.java:setLeader(255)) - 860f75cf-5125-4417-ba70-7e36ca1f2517@group-F1D3CFA4205F: change Leader from null to 3ce8c319-af4e-4cc7-9ac4-c0d99b1b4aa8 at term 1 for appendEntries, leader elected after 5164ms
2019-10-08 22:20:56,573 [grpc-default-executor-6] INFO  impl.RaftServerImpl (ServerState.java:setLeader(255)) - 18cd53ba-448e-4f42-b2ac-e0b2d1d043c9@group-F1D3CFA4205F: change Leader from null to 3ce8c319-af4e-4cc7-9ac4-c0d99b1b4aa8 at term 1 for appendEntries, leader elected after 5164ms
2019-10-08 22:20:56,576 [grpc-default-executor-6] INFO  impl.RaftServerImpl (ServerState.java:setRaftConf(356)) - 860f75cf-5125-4417-ba70-7e36ca1f2517@group-F1D3CFA4205F: set configuration 0: [860f75cf-5125-4417-ba70-7e36ca1f2517:192.168.30.45:39003, 18cd53ba-448e-4f42-b2ac-e0b2d1d043c9:192.168.30.45:36503, 3ce8c319-af4e-4cc7-9ac4-c0d99b1b4aa8:192.168.30.45:41807], old=null at 0
2019-10-08 22:20:56,576 [grpc-default-executor-6] INFO  segmented.SegmentedRaftLogWorker (SegmentedRaftLogWorker.java:startLogSegment(385)) - 860f75cf-5125-4417-ba70-7e36ca1f2517@group-F1D3CFA4205F-SegmentedRaftLogWorker: Starting segment from index:0
2019-10-08 22:20:56,576 [grpc-default-executor-2] INFO  impl.RaftServerImpl (ServerState.java:setRaftConf(356)) - 18cd53ba-448e-4f42-b2ac-e0b2d1d043c9@group-F1D3CFA4205F: set configuration 0: [860f75cf-5125-4417-ba70-7e36ca1f2517:192.168.30.45:39003, 18cd53ba-448e-4f42-b2ac-e0b2d1d043c9:192.168.30.45:36503, 3ce8c319-af4e-4cc7-9ac4-c0d99b1b4aa8:192.168.30.45:41807], old=null at 0
2019-10-08 22:20:56,576 [grpc-default-executor-2] INFO  segmented.SegmentedRaftLogWorker (SegmentedRaftLogWorker.java:startLogSegment(385)) - 18cd53ba-448e-4f42-b2ac-e0b2d1d043c9@group-F1D3CFA4205F-SegmentedRaftLogWorker: Starting segment from index:0
2019-10-08 22:20:56,612 [3ce8c319-af4e-4cc7-9ac4-c0d99b1b4aa8@group-F1D3CFA4205F-SegmentedRaftLogWorker] INFO  segmented.SegmentedRaftLogWorker (SegmentedRaftLogWorker.java:execute(574)) - 3ce8c319-af4e-4cc7-9ac4-c0d99b1b4aa8@group-F1D3CFA4205F-SegmentedRaftLogWorker: created new log segment /workdir/hadoop-ozone/integration-test/target/test-dir/MiniOzoneClusterImpl-8907c697-5eed-41c0-85e5-15ab21fae644/datanode-4/data/ratis/db66c6bb-165c-4336-a3dc-f1d3cfa4205f/current/log_inprogress_0
2019-10-08 22:20:56,614 [18cd53ba-448e-4f42-b2ac-e0b2d1d043c9@group-F1D3CFA4205F-SegmentedRaftLogWorker] INFO  segmented.SegmentedRaftLogWorker (SegmentedRaftLogWorker.java:execute(574)) - 18cd53ba-448e-4f42-b2ac-e0b2d1d043c9@group-F1D3CFA4205F-SegmentedRaftLogWorker: created new log segment /workdir/hadoop-ozone/integration-test/target/test-dir/MiniOzoneClusterImpl-8907c697-5eed-41c0-85e5-15ab21fae644/datanode-3/data/ratis/db66c6bb-165c-4336-a3dc-f1d3cfa4205f/current/log_inprogress_0
2019-10-08 22:20:56,614 [860f75cf-5125-4417-ba70-7e36ca1f2517@group-F1D3CFA4205F-SegmentedRaftLogWorker] INFO  segmented.SegmentedRaftLogWorker (SegmentedRaftLogWorker.java:execute(574)) - 860f75cf-5125-4417-ba70-7e36ca1f2517@group-F1D3CFA4205F-SegmentedRaftLogWorker: created new log segment /workdir/hadoop-ozone/integration-test/target/test-dir/MiniOzoneClusterImpl-8907c697-5eed-41c0-85e5-15ab21fae644/datanode-5/data/ratis/db66c6bb-165c-4336-a3dc-f1d3cfa4205f/current/log_inprogress_0
2019-10-08 22:20:56,678 [Datanode State Machine Thread - 0] INFO  statemachine.DatanodeStateMachine (DatanodeStateMachine.java:lambda$startDaemon$0(350)) - Ozone container server started.
2019-10-08 22:21:01,664 [main] INFO  ozoneimpl.OzoneContainer (OzoneContainer.java:stop(227)) - Attempting to stop container services.
2019-10-08 22:21:01,666 [main] INFO  impl.RaftServerProxy (RaftServerProxy.java:lambda$close$4(314)) - baae7a36-5fe0-4b63-85b5-441d2538a079: close
2019-10-08 22:21:01,667 [main] INFO  impl.RaftServerImpl (RaftServerImpl.java:lambda$shutdown$3(247)) - baae7a36-5fe0-4b63-85b5-441d2538a079@group-1A07D4280A72: shutdown
2019-10-08 22:21:01,668 [main] INFO  util.JmxRegister (JmxRegister.java:unregister(73)) - Successfully un-registered JMX Bean with object name Ratis:service=RaftServer,group=group-1A07D4280A72,id=baae7a36-5fe0-4b63-85b5-441d2538a079
2019-10-08 22:21:01,668 [main] INFO  impl.RoleInfo (RoleInfo.java:shutdownLeaderState(104)) - baae7a36-5fe0-4b63-85b5-441d2538a079: shutdown LeaderState
2019-10-08 22:21:01,669 [main] INFO  impl.PendingRequests (PendingRequests.java:sendNotLeaderResponses(202)) - baae7a36-5fe0-4b63-85b5-441d2538a079@group-1A07D4280A72-PendingRequests: sendNotLeaderResponses
2019-10-08 22:21:01,670 [main] INFO  impl.StateMachineUpdater (StateMachineUpdater.java:stopAndJoin(136)) - baae7a36-5fe0-4b63-85b5-441d2538a079@group-1A07D4280A72-StateMachineUpdater: set stopIndex = 0
2019-10-08 22:21:01,670 [main] INFO  impl.RaftServerImpl (ServerState.java:close(387)) - baae7a36-5fe0-4b63-85b5-441d2538a079@group-1A07D4280A72: closes. applyIndex: 0
2019-10-08 22:21:01,671 [baae7a36-5fe0-4b63-85b5-441d2538a079@group-1A07D4280A72-SegmentedRaftLogWorker] INFO  segmented.SegmentedRaftLogWorker (SegmentedRaftLogWorker.java:run(316)) - baae7a36-5fe0-4b63-85b5-441d2538a079@group-1A07D4280A72-SegmentedRaftLogWorker was interrupted, exiting. There are 0 tasks remaining in the queue.
2019-10-08 22:21:01,689 [main] INFO  segmented.SegmentedRaftLogWorker (SegmentedRaftLogWorker.java:close(224)) - baae7a36-5fe0-4b63-85b5-441d2538a079@group-1A07D4280A72-SegmentedRaftLogWorker close()
2019-10-08 22:21:01,694 [main] INFO  impl.RaftServerImpl (RaftServerImpl.java:lambda$shutdown$3(247)) - baae7a36-5fe0-4b63-85b5-441d2538a079@group-AEC151EC4700: shutdown
2019-10-08 22:21:01,695 [main] INFO  util.JmxRegister (JmxRegister.java:unregister(73)) - Successfully un-registered JMX Bean with object name Ratis:service=RaftServer,group=group-AEC151EC4700,id=baae7a36-5fe0-4b63-85b5-441d2538a079
2019-10-08 22:21:01,695 [main] INFO  impl.RoleInfo (RoleInfo.java:shutdownFollowerState(121)) - baae7a36-5fe0-4b63-85b5-441d2538a079: shutdown FollowerState
2019-10-08 22:21:01,695 [main] INFO  impl.StateMachineUpdater (StateMachineUpdater.java:stopAndJoin(136)) - baae7a36-5fe0-4b63-85b5-441d2538a079@group-AEC151EC4700-StateMachineUpdater: set stopIndex = 2
2019-10-08 22:21:01,696 [baae7a36-5fe0-4b63-85b5-441d2538a079@group-AEC151EC4700-StateMachineUpdater] INFO  ratis.ContainerStateMachine (ContainerStateMachine.java:takeSnapshot(294)) - group-AEC151EC4700: Taking a snapshot at:(t:1, i:1) file /workdir/hadoop-ozone/integration-test/target/test-dir/MiniOzoneClusterImpl-8907c697-5eed-41c0-85e5-15ab21fae644/datanode-2/data/ratis/22d1e6f5-c83e-4e3b-a92a-aec151ec4700/sm/snapshot.1_1
2019-10-08 22:21:01,695 [Thread-1517] INFO  impl.FollowerState (FollowerState.java:run(117)) - baae7a36-5fe0-4b63-85b5-441d2538a079@group-AEC151EC4700-FollowerState was interrupted: java.lang.InterruptedException: sleep interrupted
2019-10-08 22:21:01,712 [baae7a36-5fe0-4b63-85b5-441d2538a079@group-AEC151EC4700-StateMachineUpdater] INFO  ratis.ContainerStateMachine (ContainerStateMachine.java:takeSnapshot(305)) - group-AEC151EC4700: Finished taking a snapshot at:(t:1, i:1) file:/workdir/hadoop-ozone/integration-test/target/test-dir/MiniOzoneClusterImpl-8907c697-5eed-41c0-85e5-15ab21fae644/datanode-2/data/ratis/22d1e6f5-c83e-4e3b-a92a-aec151ec4700/sm/snapshot.1_1 time:17
2019-10-08 22:21:01,712 [baae7a36-5fe0-4b63-85b5-441d2538a079@group-AEC151EC4700-StateMachineUpdater] INFO  impl.StateMachineUpdater (StateMachineUpdater.java:takeSnapshot(269)) - baae7a36-5fe0-4b63-85b5-441d2538a079@group-AEC151EC4700-StateMachineUpdater: Took a snapshot at index 1
2019-10-08 22:21:01,712 [baae7a36-5fe0-4b63-85b5-441d2538a079@group-AEC151EC4700-StateMachineUpdater] INFO  impl.StateMachineUpdater (StateMachineUpdater.java:lambda$new$0(84)) - baae7a36-5fe0-4b63-85b5-441d2538a079@group-AEC151EC4700-StateMachineUpdater: snapshotIndex: updateIncreasingly -1 -> 1
2019-10-08 22:21:01,713 [baae7a36-5fe0-4b63-85b5-441d2538a079@group-AEC151EC4700-StateMachineUpdater] INFO  ratis.ContainerStateMachine (ContainerStateMachine.java:takeSnapshot(294)) - group-AEC151EC4700: Taking a snapshot at:(t:1, i:1) file /workdir/hadoop-ozone/integration-test/target/test-dir/MiniOzoneClusterImpl-8907c697-5eed-41c0-85e5-15ab21fae644/datanode-2/data/ratis/22d1e6f5-c83e-4e3b-a92a-aec151ec4700/sm/snapshot.1_1
2019-10-08 22:21:01,725 [baae7a36-5fe0-4b63-85b5-441d2538a079@group-AEC151EC4700-StateMachineUpdater] INFO  ratis.ContainerStateMachine (ContainerStateMachine.java:takeSnapshot(305)) - group-AEC151EC4700: Finished taking a snapshot at:(t:1, i:1) file:/workdir/hadoop-ozone/integration-test/target/test-dir/MiniOzoneClusterImpl-8907c697-5eed-41c0-85e5-15ab21fae644/datanode-2/data/ratis/22d1e6f5-c83e-4e3b-a92a-aec151ec4700/sm/snapshot.1_1 time:12
2019-10-08 22:21:01,726 [baae7a36-5fe0-4b63-85b5-441d2538a079@group-AEC151EC4700-StateMachineUpdater] INFO  impl.StateMachineUpdater (StateMachineUpdater.java:takeSnapshot(269)) - baae7a36-5fe0-4b63-85b5-441d2538a079@group-AEC151EC4700-StateMachineUpdater: Took a snapshot at index 1
2019-10-08 22:21:01,726 [baae7a36-5fe0-4b63-85b5-441d2538a079@group-AEC151EC4700-StateMachineUpdater] INFO  impl.StateMachineUpdater (StateMachineUpdater.java:lambda$new$0(84)) - baae7a36-5fe0-4b63-85b5-441d2538a079@group-AEC151EC4700-StateMachineUpdater: snapshotIndex: updateIncreasingly 1 -> 1
2019-10-08 22:21:01,726 [main] INFO  impl.RaftServerImpl (ServerState.java:close(387)) - baae7a36-5fe0-4b63-85b5-441d2538a079@group-AEC151EC4700: closes. applyIndex: 2
2019-10-08 22:21:01,727 [baae7a36-5fe0-4b63-85b5-441d2538a079@group-AEC151EC4700-SegmentedRaftLogWorker] INFO  segmented.SegmentedRaftLogWorker (SegmentedRaftLogWorker.java:run(316)) - baae7a36-5fe0-4b63-85b5-441d2538a079@group-AEC151EC4700-SegmentedRaftLogWorker was interrupted, exiting. There are 0 tasks remaining in the queue.
2019-10-08 22:21:01,730 [main] INFO  segmented.SegmentedRaftLogWorker (SegmentedRaftLogWorker.java:close(224)) - baae7a36-5fe0-4b63-85b5-441d2538a079@group-AEC151EC4700-SegmentedRaftLogWorker close()
2019-10-08 22:21:01,734 [main] INFO  server.GrpcService (GrpcService.java:closeImpl(164)) - baae7a36-5fe0-4b63-85b5-441d2538a079: shutdown server with port 43657 now
2019-10-08 22:21:01,737 [grpc-default-executor-2] WARN  server.GrpcServerProtocolService (LogUtils.java:warn(134)) - baae7a36-5fe0-4b63-85b5-441d2538a079: installSnapshot onError, lastRequest: ef68bf2f-14be-4d5f-8c8b-17dd79c852c2->baae7a36-5fe0-4b63-85b5-441d2538a079#5-t1, previous=(t:1, i:2), leaderCommit=2, initializing? false, entries: <empty>: org.apache.ratis.thirdparty.io.grpc.StatusRuntimeException: CANCELLED: cancelled before receiving half close
2019-10-08 22:21:01,737 [main] INFO  server.GrpcService (GrpcService.java:closeImpl(172)) - baae7a36-5fe0-4b63-85b5-441d2538a079: shutdown server with port 43657 successfully
2019-10-08 22:21:01,737 [grpc-default-executor-5] WARN  server.GrpcLogAppender (LogUtils.java:warn(134)) - ef68bf2f-14be-4d5f-8c8b-17dd79c852c2@group-AEC151EC4700->baae7a36-5fe0-4b63-85b5-441d2538a079-AppendLogResponseHandler: Failed appendEntries: org.apache.ratis.thirdparty.io.grpc.StatusRuntimeException: CANCELLED: HTTP/2 error code: CANCEL
Received Rst Stream
2019-10-08 22:21:01,739 [grpc-default-executor-5] INFO  impl.FollowerInfo (FollowerInfo.java:lambda$new$0(51)) - ef68bf2f-14be-4d5f-8c8b-17dd79c852c2@group-AEC151EC4700->baae7a36-5fe0-4b63-85b5-441d2538a079: nextIndex: updateUnconditionally 3 -> 2
2019-10-08 22:21:01,740 [refreshUsed-/workdir/hadoop-ozone/integration-test/target/test-dir/MiniOzoneClusterImpl-8907c697-5eed-41c0-85e5-15ab21fae644/datanode-2/data/containers] WARN  fs.CachingGetSpaceUsed (CachingGetSpaceUsed.java:run(183)) - Thread Interrupted waiting to refresh disk information: sleep interrupted
2019-10-08 22:21:01,758 [main] INFO  utils.BackgroundService (BackgroundService.java:shutdown(151)) - Shutting down service BlockDeletingService
2019-10-08 22:21:01,764 [main] INFO  statemachine.DatanodeStateMachine (DatanodeStateMachine.java:stopDaemon(395)) - Ozone container server stopped.
2019-10-08 22:21:01,767 [main] INFO  handler.ContextHandler (ContextHandler.java:doStop(910)) - Stopped o.e.j.w.WebAppContext@31973858{/,null,UNAVAILABLE}{/hddsDatanode}
2019-10-08 22:21:01,768 [main] INFO  server.AbstractConnector (AbstractConnector.java:doStop(318)) - Stopped ServerConnector@65514add{HTTP/1.1,[http/1.1]}{0.0.0.0:0}
2019-10-08 22:21:01,768 [main] INFO  handler.ContextHandler (ContextHandler.java:doStop(910)) - Stopped o.e.j.s.ServletContextHandler@3d88e6b9{/static,jar:file:/home/user/.m2/repository/org/apache/hadoop/hadoop-hdds-container-service/0.5.0-SNAPSHOT/hadoop-hdds-container-service-0.5.0-SNAPSHOT.jar!/webapps/static,UNAVAILABLE}
2019-10-08 22:21:01,769 [main] INFO  handler.ContextHandler (ContextHandler.java:doStop(910)) - Stopped o.e.j.s.ServletContextHandler@36068727{/logs,file:///workdir/hadoop-ozone/integration-test/target/log,UNAVAILABLE}
2019-10-08 22:21:02,679 [Datanode State Machine Thread - 0] INFO  statemachine.DatanodeStateMachine (DatanodeStateMachine.java:lambda$startDaemon$0(350)) - Ozone container server started.
2019-10-08 22:21:04,103 [grpc-default-executor-5] WARN  server.GrpcLogAppender (LogUtils.java:warn(134)) - ef68bf2f-14be-4d5f-8c8b-17dd79c852c2@group-AEC151EC4700->baae7a36-5fe0-4b63-85b5-441d2538a079-AppendLogResponseHandler: Failed appendEntries: org.apache.ratis.thirdparty.io.grpc.StatusRuntimeException: UNAVAILABLE: io exception
2019-10-08 22:21:04,104 [grpc-default-executor-5] INFO  impl.FollowerInfo (FollowerInfo.java:lambda$new$0(51)) - ef68bf2f-14be-4d5f-8c8b-17dd79c852c2@group-AEC151EC4700->baae7a36-5fe0-4b63-85b5-441d2538a079: nextIndex: updateUnconditionally 2 -> 1
2019-10-08 22:21:06,610 [grpc-default-executor-2] WARN  server.GrpcLogAppender (LogUtils.java:warn(134)) - ef68bf2f-14be-4d5f-8c8b-17dd79c852c2@group-AEC151EC4700->baae7a36-5fe0-4b63-85b5-441d2538a079-AppendLogResponseHandler: Failed appendEntries: org.apache.ratis.thirdparty.io.grpc.StatusRuntimeException: UNAVAILABLE: io exception
2019-10-08 22:21:06,612 [grpc-default-executor-2] INFO  impl.FollowerInfo (FollowerInfo.java:lambda$new$0(51)) - ef68bf2f-14be-4d5f-8c8b-17dd79c852c2@group-AEC151EC4700->baae7a36-5fe0-4b63-85b5-441d2538a079: nextIndex: updateUnconditionally 1 -> 0
2019-10-08 22:21:06,771 [main] INFO  ozoneimpl.OzoneContainer (OzoneContainer.java:stop(227)) - Attempting to stop container services.
2019-10-08 22:21:06,772 [main] INFO  impl.RaftServerProxy (RaftServerProxy.java:lambda$close$4(314)) - 3161767e-c286-4df4-9de4-b5ad5e977375: close
2019-10-08 22:21:06,773 [main] INFO  impl.RaftServerImpl (RaftServerImpl.java:lambda$shutdown$3(247)) - 3161767e-c286-4df4-9de4-b5ad5e977375@group-942CED79220E: shutdown
2019-10-08 22:21:06,774 [main] INFO  util.JmxRegister (JmxRegister.java:unregister(73)) - Successfully un-registered JMX Bean with object name Ratis:service=RaftServer,group=group-942CED79220E,id=3161767e-c286-4df4-9de4-b5ad5e977375
2019-10-08 22:21:06,774 [main] INFO  impl.RoleInfo (RoleInfo.java:shutdownLeaderState(104)) - 3161767e-c286-4df4-9de4-b5ad5e977375: shutdown LeaderState
2019-10-08 22:21:06,774 [main] INFO  impl.PendingRequests (PendingRequests.java:sendNotLeaderResponses(202)) - 3161767e-c286-4df4-9de4-b5ad5e977375@group-942CED79220E-PendingRequests: sendNotLeaderResponses
2019-10-08 22:21:06,775 [main] INFO  impl.StateMachineUpdater (StateMachineUpdater.java:stopAndJoin(136)) - 3161767e-c286-4df4-9de4-b5ad5e977375@group-942CED79220E-StateMachineUpdater: set stopIndex = 0
2019-10-08 22:21:06,776 [main] INFO  impl.RaftServerImpl (ServerState.java:close(387)) - 3161767e-c286-4df4-9de4-b5ad5e977375@group-942CED79220E: closes. applyIndex: 0
2019-10-08 22:21:06,777 [3161767e-c286-4df4-9de4-b5ad5e977375@group-942CED79220E-SegmentedRaftLogWorker] INFO  segmented.SegmentedRaftLogWorker (SegmentedRaftLogWorker.java:run(316)) - 3161767e-c286-4df4-9de4-b5ad5e977375@group-942CED79220E-SegmentedRaftLogWorker was interrupted, exiting. There are 0 tasks remaining in the queue.
2019-10-08 22:21:06,785 [main] INFO  segmented.SegmentedRaftLogWorker (SegmentedRaftLogWorker.java:close(224)) - 3161767e-c286-4df4-9de4-b5ad5e977375@group-942CED79220E-SegmentedRaftLogWorker close()
2019-10-08 22:21:06,790 [main] INFO  impl.RaftServerImpl (RaftServerImpl.java:lambda$shutdown$3(247)) - 3161767e-c286-4df4-9de4-b5ad5e977375@group-AEC151EC4700: shutdown
2019-10-08 22:21:06,790 [main] INFO  util.JmxRegister (JmxRegister.java:unregister(73)) - Successfully un-registered JMX Bean with object name Ratis:service=RaftServer,group=group-AEC151EC4700,id=3161767e-c286-4df4-9de4-b5ad5e977375
2019-10-08 22:21:06,791 [main] INFO  impl.RoleInfo (RoleInfo.java:shutdownFollowerState(121)) - 3161767e-c286-4df4-9de4-b5ad5e977375: shutdown FollowerState
2019-10-08 22:21:06,791 [main] INFO  impl.StateMachineUpdater (StateMachineUpdater.java:stopAndJoin(136)) - 3161767e-c286-4df4-9de4-b5ad5e977375@group-AEC151EC4700-StateMachineUpdater: set stopIndex = 2
2019-10-08 22:21:06,791 [Thread-1518] INFO  impl.FollowerState (FollowerState.java:run(117)) - 3161767e-c286-4df4-9de4-b5ad5e977375@group-AEC151EC4700-FollowerState was interrupted: java.lang.InterruptedException: sleep interrupted
2019-10-08 22:21:06,791 [3161767e-c286-4df4-9de4-b5ad5e977375@group-AEC151EC4700-StateMachineUpdater] INFO  ratis.ContainerStateMachine (ContainerStateMachine.java:takeSnapshot(294)) - group-AEC151EC4700: Taking a snapshot at:(t:1, i:1) file /workdir/hadoop-ozone/integration-test/target/test-dir/MiniOzoneClusterImpl-8907c697-5eed-41c0-85e5-15ab21fae644/datanode-0/data/ratis/22d1e6f5-c83e-4e3b-a92a-aec151ec4700/sm/snapshot.1_1
2019-10-08 22:21:06,799 [3161767e-c286-4df4-9de4-b5ad5e977375@group-AEC151EC4700-StateMachineUpdater] INFO  ratis.ContainerStateMachine (ContainerStateMachine.java:takeSnapshot(305)) - group-AEC151EC4700: Finished taking a snapshot at:(t:1, i:1) file:/workdir/hadoop-ozone/integration-test/target/test-dir/MiniOzoneClusterImpl-8907c697-5eed-41c0-85e5-15ab21fae644/datanode-0/data/ratis/22d1e6f5-c83e-4e3b-a92a-aec151ec4700/sm/snapshot.1_1 time:8
2019-10-08 22:21:06,799 [3161767e-c286-4df4-9de4-b5ad5e977375@group-AEC151EC4700-StateMachineUpdater] INFO  impl.StateMachineUpdater (StateMachineUpdater.java:takeSnapshot(269)) - 3161767e-c286-4df4-9de4-b5ad5e977375@group-AEC151EC4700-StateMachineUpdater: Took a snapshot at index 1
2019-10-08 22:21:06,800 [3161767e-c286-4df4-9de4-b5ad5e977375@group-AEC151EC4700-StateMachineUpdater] INFO  impl.StateMachineUpdater (StateMachineUpdater.java:lambda$new$0(84)) - 3161767e-c286-4df4-9de4-b5ad5e977375@group-AEC151EC4700-StateMachineUpdater: snapshotIndex: updateIncreasingly -1 -> 1
2019-10-08 22:21:06,800 [3161767e-c286-4df4-9de4-b5ad5e977375@group-AEC151EC4700-StateMachineUpdater] INFO  ratis.ContainerStateMachine (ContainerStateMachine.java:takeSnapshot(294)) - group-AEC151EC4700: Taking a snapshot at:(t:1, i:1) file /workdir/hadoop-ozone/integration-test/target/test-dir/MiniOzoneClusterImpl-8907c697-5eed-41c0-85e5-15ab21fae644/datanode-0/data/ratis/22d1e6f5-c83e-4e3b-a92a-aec151ec4700/sm/snapshot.1_1
2019-10-08 22:21:06,809 [3161767e-c286-4df4-9de4-b5ad5e977375@group-AEC151EC4700-StateMachineUpdater] INFO  ratis.ContainerStateMachine (ContainerStateMachine.java:takeSnapshot(305)) - group-AEC151EC4700: Finished taking a snapshot at:(t:1, i:1) file:/workdir/hadoop-ozone/integration-test/target/test-dir/MiniOzoneClusterImpl-8907c697-5eed-41c0-85e5-15ab21fae644/datanode-0/data/ratis/22d1e6f5-c83e-4e3b-a92a-aec151ec4700/sm/snapshot.1_1 time:9
2019-10-08 22:21:06,810 [3161767e-c286-4df4-9de4-b5ad5e977375@group-AEC151EC4700-StateMachineUpdater] INFO  impl.StateMachineUpdater (StateMachineUpdater.java:takeSnapshot(269)) - 3161767e-c286-4df4-9de4-b5ad5e977375@group-AEC151EC4700-StateMachineUpdater: Took a snapshot at index 1
2019-10-08 22:21:06,810 [3161767e-c286-4df4-9de4-b5ad5e977375@group-AEC151EC4700-StateMachineUpdater] INFO  impl.StateMachineUpdater (StateMachineUpdater.java:lambda$new$0(84)) - 3161767e-c286-4df4-9de4-b5ad5e977375@group-AEC151EC4700-StateMachineUpdater: snapshotIndex: updateIncreasingly 1 -> 1
2019-10-08 22:21:06,810 [main] INFO  impl.RaftServerImpl (ServerState.java:close(387)) - 3161767e-c286-4df4-9de4-b5ad5e977375@group-AEC151EC4700: closes. applyIndex: 2
2019-10-08 22:21:06,811 [3161767e-c286-4df4-9de4-b5ad5e977375@group-AEC151EC4700-SegmentedRaftLogWorker] INFO  segmented.SegmentedRaftLogWorker (SegmentedRaftLogWorker.java:run(316)) - 3161767e-c286-4df4-9de4-b5ad5e977375@group-AEC151EC4700-SegmentedRaftLogWorker was interrupted, exiting. There are 0 tasks remaining in the queue.
2019-10-08 22:21:06,814 [main] INFO  segmented.SegmentedRaftLogWorker (SegmentedRaftLogWorker.java:close(224)) - 3161767e-c286-4df4-9de4-b5ad5e977375@group-AEC151EC4700-SegmentedRaftLogWorker close()
2019-10-08 22:21:06,820 [main] INFO  server.GrpcService (GrpcService.java:closeImpl(164)) - 3161767e-c286-4df4-9de4-b5ad5e977375: shutdown server with port 46455 now
2019-10-08 22:21:06,825 [grpc-default-executor-2] WARN  server.GrpcServerProtocolService (LogUtils.java:warn(134)) - 3161767e-c286-4df4-9de4-b5ad5e977375: installSnapshot onError, lastRequest: ef68bf2f-14be-4d5f-8c8b-17dd79c852c2->3161767e-c286-4df4-9de4-b5ad5e977375#7-t1, previous=(t:1, i:2), leaderCommit=2, initializing? false, entries: <empty>: org.apache.ratis.thirdparty.io.grpc.StatusRuntimeException: CANCELLED: cancelled before receiving half close
2019-10-08 22:21:06,825 [main] INFO  server.GrpcService (GrpcService.java:closeImpl(172)) - 3161767e-c286-4df4-9de4-b5ad5e977375: shutdown server with port 46455 successfully
2019-10-08 22:21:06,825 [grpc-default-executor-5] WARN  server.GrpcLogAppender (LogUtils.java:warn(134)) - ef68bf2f-14be-4d5f-8c8b-17dd79c852c2@group-AEC151EC4700->3161767e-c286-4df4-9de4-b5ad5e977375-AppendLogResponseHandler: Failed appendEntries: org.apache.ratis.thirdparty.io.grpc.StatusRuntimeException: CANCELLED: HTTP/2 error code: CANCEL
Received Rst Stream
2019-10-08 22:21:06,826 [grpc-default-executor-5] INFO  impl.FollowerInfo (FollowerInfo.java:lambda$new$0(51)) - ef68bf2f-14be-4d5f-8c8b-17dd79c852c2@group-AEC151EC4700->3161767e-c286-4df4-9de4-b5ad5e977375: nextIndex: updateUnconditionally 3 -> 2
2019-10-08 22:21:06,828 [refreshUsed-/workdir/hadoop-ozone/integration-test/target/test-dir/MiniOzoneClusterImpl-8907c697-5eed-41c0-85e5-15ab21fae644/datanode-0/data/containers] WARN  fs.CachingGetSpaceUsed (CachingGetSpaceUsed.java:run(183)) - Thread Interrupted waiting to refresh disk information: sleep interrupted
2019-10-08 22:21:06,851 [main] INFO  utils.BackgroundService (BackgroundService.java:shutdown(151)) - Shutting down service BlockDeletingService
2019-10-08 22:21:06,861 [main] INFO  statemachine.DatanodeStateMachine (DatanodeStateMachine.java:stopDaemon(395)) - Ozone container server stopped.
2019-10-08 22:21:06,863 [main] INFO  handler.ContextHandler (ContextHandler.java:doStop(910)) - Stopped o.e.j.w.WebAppContext@574059d5{/,null,UNAVAILABLE}{/hddsDatanode}
2019-10-08 22:21:06,866 [main] INFO  server.AbstractConnector (AbstractConnector.java:doStop(318)) - Stopped ServerConnector@6d672bd4{HTTP/1.1,[http/1.1]}{0.0.0.0:0}
2019-10-08 22:21:06,867 [main] INFO  handler.ContextHandler (ContextHandler.java:doStop(910)) - Stopped o.e.j.s.ServletContextHandler@4dadd690{/static,jar:file:/home/user/.m2/repository/org/apache/hadoop/hadoop-hdds-container-service/0.5.0-SNAPSHOT/hadoop-hdds-container-service-0.5.0-SNAPSHOT.jar!/webapps/static,UNAVAILABLE}
2019-10-08 22:21:06,867 [main] INFO  handler.ContextHandler (ContextHandler.java:doStop(910)) - Stopped o.e.j.s.ServletContextHandler@4da1f38a{/logs,file:///workdir/hadoop-ozone/integration-test/target/log,UNAVAILABLE}
2019-10-08 22:21:09,111 [grpc-default-executor-2] WARN  server.GrpcLogAppender (LogUtils.java:warn(134)) - ef68bf2f-14be-4d5f-8c8b-17dd79c852c2@group-AEC151EC4700->baae7a36-5fe0-4b63-85b5-441d2538a079-AppendLogResponseHandler: Failed appendEntries: org.apache.ratis.thirdparty.io.grpc.StatusRuntimeException: UNAVAILABLE: io exception
2019-10-08 22:21:09,112 [grpc-default-executor-2] INFO  impl.FollowerInfo (FollowerInfo.java:lambda$new$0(51)) - ef68bf2f-14be-4d5f-8c8b-17dd79c852c2@group-AEC151EC4700->baae7a36-5fe0-4b63-85b5-441d2538a079: nextIndex: updateUnconditionally 0 -> 0
2019-10-08 22:21:09,114 [grpc-default-executor-2] WARN  server.GrpcLogAppender (LogUtils.java:warn(134)) - ef68bf2f-14be-4d5f-8c8b-17dd79c852c2@group-AEC151EC4700->3161767e-c286-4df4-9de4-b5ad5e977375-AppendLogResponseHandler: Failed appendEntries: org.apache.ratis.thirdparty.io.grpc.StatusRuntimeException: UNAVAILABLE: io exception
2019-10-08 22:21:09,114 [grpc-default-executor-2] INFO  impl.FollowerInfo (FollowerInfo.java:lambda$new$0(51)) - ef68bf2f-14be-4d5f-8c8b-17dd79c852c2@group-AEC151EC4700->3161767e-c286-4df4-9de4-b5ad5e977375: nextIndex: updateUnconditionally 2 -> 1
2019-10-08 22:21:11,616 [grpc-default-executor-2] WARN  server.GrpcLogAppender (LogUtils.java:warn(134)) - ef68bf2f-14be-4d5f-8c8b-17dd79c852c2@group-AEC151EC4700->3161767e-c286-4df4-9de4-b5ad5e977375-AppendLogResponseHandler: Failed appendEntries: org.apache.ratis.thirdparty.io.grpc.StatusRuntimeException: UNAVAILABLE: io exception
2019-10-08 22:21:11,616 [grpc-default-executor-6] WARN  server.GrpcLogAppender (LogUtils.java:warn(134)) - ef68bf2f-14be-4d5f-8c8b-17dd79c852c2@group-AEC151EC4700->baae7a36-5fe0-4b63-85b5-441d2538a079-AppendLogResponseHandler: Failed appendEntries: org.apache.ratis.thirdparty.io.grpc.StatusRuntimeException: UNAVAILABLE: io exception
2019-10-08 22:21:11,617 [grpc-default-executor-2] INFO  impl.FollowerInfo (FollowerInfo.java:lambda$new$0(51)) - ef68bf2f-14be-4d5f-8c8b-17dd79c852c2@group-AEC151EC4700->3161767e-c286-4df4-9de4-b5ad5e977375: nextIndex: updateUnconditionally 1 -> 0
2019-10-08 22:21:11,617 [grpc-default-executor-6] INFO  impl.FollowerInfo (FollowerInfo.java:lambda$new$0(51)) - ef68bf2f-14be-4d5f-8c8b-17dd79c852c2@group-AEC151EC4700->baae7a36-5fe0-4b63-85b5-441d2538a079: nextIndex: updateUnconditionally 0 -> 0
2019-10-08 22:21:14,121 [grpc-default-executor-6] WARN  server.GrpcLogAppender (LogUtils.java:warn(134)) - ef68bf2f-14be-4d5f-8c8b-17dd79c852c2@group-AEC151EC4700->3161767e-c286-4df4-9de4-b5ad5e977375-AppendLogResponseHandler: Failed appendEntries: org.apache.ratis.thirdparty.io.grpc.StatusRuntimeException: UNAVAILABLE: io exception
2019-10-08 22:21:14,121 [grpc-default-executor-2] WARN  server.GrpcLogAppender (LogUtils.java:warn(134)) - ef68bf2f-14be-4d5f-8c8b-17dd79c852c2@group-AEC151EC4700->baae7a36-5fe0-4b63-85b5-441d2538a079-AppendLogResponseHandler: Failed appendEntries: org.apache.ratis.thirdparty.io.grpc.StatusRuntimeException: UNAVAILABLE: io exception
2019-10-08 22:21:14,122 [grpc-default-executor-2] INFO  impl.FollowerInfo (FollowerInfo.java:lambda$new$0(51)) - ef68bf2f-14be-4d5f-8c8b-17dd79c852c2@group-AEC151EC4700->baae7a36-5fe0-4b63-85b5-441d2538a079: nextIndex: updateUnconditionally 0 -> 0
2019-10-08 22:21:14,122 [grpc-default-executor-6] INFO  impl.FollowerInfo (FollowerInfo.java:lambda$new$0(51)) - ef68bf2f-14be-4d5f-8c8b-17dd79c852c2@group-AEC151EC4700->3161767e-c286-4df4-9de4-b5ad5e977375: nextIndex: updateUnconditionally 0 -> 0
2019-10-08 22:21:16,620 [grpc-default-executor-2] WARN  server.GrpcLogAppender (LogUtils.java:warn(134)) - ef68bf2f-14be-4d5f-8c8b-17dd79c852c2@group-AEC151EC4700->3161767e-c286-4df4-9de4-b5ad5e977375-AppendLogResponseHandler: Failed appendEntries: org.apache.ratis.thirdparty.io.grpc.StatusRuntimeException: UNAVAILABLE: io exception
2019-10-08 22:21:16,620 [grpc-default-executor-5] WARN  server.GrpcLogAppender (LogUtils.java:warn(134)) - ef68bf2f-14be-4d5f-8c8b-17dd79c852c2@group-AEC151EC4700->baae7a36-5fe0-4b63-85b5-441d2538a079-AppendLogResponseHandler: Failed appendEntries: org.apache.ratis.thirdparty.io.grpc.StatusRuntimeException: UNAVAILABLE: io exception
2019-10-08 22:21:16,621 [grpc-default-executor-2] INFO  impl.FollowerInfo (FollowerInfo.java:lambda$new$0(51)) - ef68bf2f-14be-4d5f-8c8b-17dd79c852c2@group-AEC151EC4700->3161767e-c286-4df4-9de4-b5ad5e977375: nextIndex: updateUnconditionally 0 -> 0
2019-10-08 22:21:16,621 [grpc-default-executor-5] INFO  impl.FollowerInfo (FollowerInfo.java:lambda$new$0(51)) - ef68bf2f-14be-4d5f-8c8b-17dd79c852c2@group-AEC151EC4700->baae7a36-5fe0-4b63-85b5-441d2538a079: nextIndex: updateUnconditionally 0 -> 0
2019-10-08 22:21:17,567 [Thread-1589] INFO  client.GrpcClientProtocolService (GrpcClientProtocolService.java:lambda$processClientRequest$0(278)) - Failed RaftClientRequest:client-0F8EB6598FEA->ef68bf2f-14be-4d5f-8c8b-17dd79c852c2@group-AEC151EC4700, cid=66, seq=0, Watch-ALL_COMMITTED(30), Message:<EMPTY>, reply=RaftClientReply:client-0F8EB6598FEA->ef68bf2f-14be-4d5f-8c8b-17dd79c852c2@group-AEC151EC4700, cid=66, FAILED org.apache.ratis.protocol.NotReplicatedException: Request with call Id 66 and log index 30 is not yet replicated to ALL_COMMITTED, logIndex=30, commits[ef68bf2f-14be-4d5f-8c8b-17dd79c852c2:c2, 3161767e-c286-4df4-9de4-b5ad5e977375:c2, baae7a36-5fe0-4b63-85b5-441d2538a079:c2]
2019-10-08 22:21:19,120 [grpc-default-executor-2] WARN  server.GrpcLogAppender (LogUtils.java:warn(134)) - ef68bf2f-14be-4d5f-8c8b-17dd79c852c2@group-AEC151EC4700->3161767e-c286-4df4-9de4-b5ad5e977375-AppendLogResponseHandler: Failed appendEntries: org.apache.ratis.thirdparty.io.grpc.StatusRuntimeException: UNAVAILABLE: io exception
2019-10-08 22:21:19,121 [grpc-default-executor-2] INFO  impl.FollowerInfo (FollowerInfo.java:lambda$new$0(51)) - ef68bf2f-14be-4d5f-8c8b-17dd79c852c2@group-AEC151EC4700->3161767e-c286-4df4-9de4-b5ad5e977375: nextIndex: updateUnconditionally 0 -> 0
2019-10-08 22:21:19,121 [grpc-default-executor-4] WARN  server.GrpcLogAppender (LogUtils.java:warn(134)) - ef68bf2f-14be-4d5f-8c8b-17dd79c852c2@group-AEC151EC4700->baae7a36-5fe0-4b63-85b5-441d2538a079-AppendLogResponseHandler: Failed appendEntries: org.apache.ratis.thirdparty.io.grpc.StatusRuntimeException: UNAVAILABLE: io exception
2019-10-08 22:21:19,121 [grpc-default-executor-4] INFO  impl.FollowerInfo (FollowerInfo.java:lambda$new$0(51)) - ef68bf2f-14be-4d5f-8c8b-17dd79c852c2@group-AEC151EC4700->baae7a36-5fe0-4b63-85b5-441d2538a079: nextIndex: updateUnconditionally 0 -> 0
2019-10-08 22:21:21,627 [grpc-default-executor-4] WARN  server.GrpcLogAppender (LogUtils.java:warn(134)) - ef68bf2f-14be-4d5f-8c8b-17dd79c852c2@group-AEC151EC4700->3161767e-c286-4df4-9de4-b5ad5e977375-AppendLogResponseHandler: Failed appendEntries: org.apache.ratis.thirdparty.io.grpc.StatusRuntimeException: UNAVAILABLE: io exception
2019-10-08 22:21:21,627 [grpc-default-executor-2] WARN  server.GrpcLogAppender (LogUtils.java:warn(134)) - ef68bf2f-14be-4d5f-8c8b-17dd79c852c2@group-AEC151EC4700->baae7a36-5fe0-4b63-85b5-441d2538a079-AppendLogResponseHandler: Failed appendEntries: org.apache.ratis.thirdparty.io.grpc.StatusRuntimeException: UNAVAILABLE: io exception
2019-10-08 22:21:21,629 [grpc-default-executor-2] INFO  impl.FollowerInfo (FollowerInfo.java:lambda$new$0(51)) - ef68bf2f-14be-4d5f-8c8b-17dd79c852c2@group-AEC151EC4700->baae7a36-5fe0-4b63-85b5-441d2538a079: nextIndex: updateUnconditionally 0 -> 0
2019-10-08 22:21:21,629 [grpc-default-executor-4] INFO  impl.FollowerInfo (FollowerInfo.java:lambda$new$0(51)) - ef68bf2f-14be-4d5f-8c8b-17dd79c852c2@group-AEC151EC4700->3161767e-c286-4df4-9de4-b5ad5e977375: nextIndex: updateUnconditionally 0 -> 0
2019-10-08 22:21:24,131 [grpc-default-executor-0] WARN  server.GrpcLogAppender (LogUtils.java:warn(134)) - ef68bf2f-14be-4d5f-8c8b-17dd79c852c2@group-AEC151EC4700->baae7a36-5fe0-4b63-85b5-441d2538a079-AppendLogResponseHandler: Failed appendEntries: org.apache.ratis.thirdparty.io.grpc.StatusRuntimeException: UNAVAILABLE: io exception
2019-10-08 22:21:24,132 [grpc-default-executor-5] WARN  server.GrpcLogAppender (LogUtils.java:warn(134)) - ef68bf2f-14be-4d5f-8c8b-17dd79c852c2@group-AEC151EC4700->3161767e-c286-4df4-9de4-b5ad5e977375-AppendLogResponseHandler: Failed appendEntries: org.apache.ratis.thirdparty.io.grpc.StatusRuntimeException: UNAVAILABLE: io exception
2019-10-08 22:21:24,133 [grpc-default-executor-0] INFO  impl.FollowerInfo (FollowerInfo.java:lambda$new$0(51)) - ef68bf2f-14be-4d5f-8c8b-17dd79c852c2@group-AEC151EC4700->baae7a36-5fe0-4b63-85b5-441d2538a079: nextIndex: updateUnconditionally 0 -> 0
2019-10-08 22:21:24,133 [grpc-default-executor-5] INFO  impl.FollowerInfo (FollowerInfo.java:lambda$new$0(51)) - ef68bf2f-14be-4d5f-8c8b-17dd79c852c2@group-AEC151EC4700->3161767e-c286-4df4-9de4-b5ad5e977375: nextIndex: updateUnconditionally 0 -> 0
2019-10-08 22:21:26,633 [grpc-default-executor-1] WARN  server.GrpcLogAppender (LogUtils.java:warn(134)) - ef68bf2f-14be-4d5f-8c8b-17dd79c852c2@group-AEC151EC4700->baae7a36-5fe0-4b63-85b5-441d2538a079-AppendLogResponseHandler: Failed appendEntries: org.apache.ratis.thirdparty.io.grpc.StatusRuntimeException: UNAVAILABLE: io exception
2019-10-08 22:21:26,633 [grpc-default-executor-6] WARN  server.GrpcLogAppender (LogUtils.java:warn(134)) - ef68bf2f-14be-4d5f-8c8b-17dd79c852c2@group-AEC151EC4700->3161767e-c286-4df4-9de4-b5ad5e977375-AppendLogResponseHandler: Failed appendEntries: org.apache.ratis.thirdparty.io.grpc.StatusRuntimeException: UNAVAILABLE: io exception
2019-10-08 22:21:26,634 [grpc-default-executor-1] INFO  impl.FollowerInfo (FollowerInfo.java:lambda$new$0(51)) - ef68bf2f-14be-4d5f-8c8b-17dd79c852c2@group-AEC151EC4700->baae7a36-5fe0-4b63-85b5-441d2538a079: nextIndex: updateUnconditionally 0 -> 0
2019-10-08 22:21:26,634 [grpc-default-executor-6] INFO  impl.FollowerInfo (FollowerInfo.java:lambda$new$0(51)) - ef68bf2f-14be-4d5f-8c8b-17dd79c852c2@group-AEC151EC4700->3161767e-c286-4df4-9de4-b5ad5e977375: nextIndex: updateUnconditionally 0 -> 0
2019-10-08 22:21:26,872 [main] WARN  scm.XceiverClientRatis (XceiverClientRatis.java:watchForCommit(277)) - 3 way commit failed on pipeline Pipeline[ Id: 22d1e6f5-c83e-4e3b-a92a-aec151ec4700, Nodes: baae7a36-5fe0-4b63-85b5-441d2538a079{ip: 192.168.30.45, host: pr-hdds-1228-jbbql-2974301341, networkLocation: /default-rack, certSerialId: null}3161767e-c286-4df4-9de4-b5ad5e977375{ip: 192.168.30.45, host: pr-hdds-1228-jbbql-2974301341, networkLocation: /default-rack, certSerialId: null}ef68bf2f-14be-4d5f-8c8b-17dd79c852c2{ip: 192.168.30.45, host: pr-hdds-1228-jbbql-2974301341, networkLocation: /default-rack, certSerialId: null}, Type:RATIS, Factor:THREE, State:OPEN]
java.util.concurrent.TimeoutException
	at java.util.concurrent.CompletableFuture.timedGet(CompletableFuture.java:1771)
	at java.util.concurrent.CompletableFuture.get(CompletableFuture.java:1915)
	at org.apache.hadoop.hdds.scm.XceiverClientRatis.watchForCommit(XceiverClientRatis.java:274)
	at org.apache.hadoop.ozone.client.rpc.TestWatchForCommit.testWatchForCommitForRetryfailure(TestWatchForCommit.java:345)
	at sun.reflect.NativeMethodAccessorImpl.invoke0(Native Method)
	at sun.reflect.NativeMethodAccessorImpl.invoke(NativeMethodAccessorImpl.java:62)
	at sun.reflect.DelegatingMethodAccessorImpl.invoke(DelegatingMethodAccessorImpl.java:43)
	at java.lang.reflect.Method.invoke(Method.java:498)
	at org.junit.runners.model.FrameworkMethod$1.runReflectiveCall(FrameworkMethod.java:47)
	at org.junit.internal.runners.model.ReflectiveCallable.run(ReflectiveCallable.java:12)
	at org.junit.runners.model.FrameworkMethod.invokeExplosively(FrameworkMethod.java:44)
	at org.junit.internal.runners.statements.InvokeMethod.evaluate(InvokeMethod.java:17)
	at org.junit.runners.ParentRunner.runLeaf(ParentRunner.java:271)
	at org.junit.runners.BlockJUnit4ClassRunner.runChild(BlockJUnit4ClassRunner.java:70)
	at org.junit.runners.BlockJUnit4ClassRunner.runChild(BlockJUnit4ClassRunner.java:50)
	at org.junit.runners.ParentRunner$3.run(ParentRunner.java:238)
	at org.junit.runners.ParentRunner$1.schedule(ParentRunner.java:63)
	at org.junit.runners.ParentRunner.runChildren(ParentRunner.java:236)
	at org.junit.runners.ParentRunner.access$000(ParentRunner.java:53)
	at org.junit.runners.ParentRunner$2.evaluate(ParentRunner.java:229)
	at org.junit.runners.ParentRunner.run(ParentRunner.java:309)
	at org.apache.maven.surefire.junit4.JUnit4Provider.execute(JUnit4Provider.java:365)
	at org.apache.maven.surefire.junit4.JUnit4Provider.executeWithRerun(JUnit4Provider.java:273)
	at org.apache.maven.surefire.junit4.JUnit4Provider.executeTestSet(JUnit4Provider.java:238)
	at org.apache.maven.surefire.junit4.JUnit4Provider.invoke(JUnit4Provider.java:159)
	at org.apache.maven.surefire.booter.ForkedBooter.invokeProviderInSameClassLoader(ForkedBooter.java:384)
	at org.apache.maven.surefire.booter.ForkedBooter.runSuitesInProcess(ForkedBooter.java:345)
	at org.apache.maven.surefire.booter.ForkedBooter.execute(ForkedBooter.java:126)
	at org.apache.maven.surefire.booter.ForkedBooter.main(ForkedBooter.java:418)
2019-10-08 22:21:29,136 [grpc-default-executor-1] WARN  server.GrpcLogAppender (LogUtils.java:warn(134)) - ef68bf2f-14be-4d5f-8c8b-17dd79c852c2@group-AEC151EC4700->baae7a36-5fe0-4b63-85b5-441d2538a079-AppendLogResponseHandler: Failed appendEntries: org.apache.ratis.thirdparty.io.grpc.StatusRuntimeException: UNAVAILABLE: io exception
2019-10-08 22:21:29,136 [grpc-default-executor-6] WARN  server.GrpcLogAppender (LogUtils.java:warn(134)) - ef68bf2f-14be-4d5f-8c8b-17dd79c852c2@group-AEC151EC4700->3161767e-c286-4df4-9de4-b5ad5e977375-AppendLogResponseHandler: Failed appendEntries: org.apache.ratis.thirdparty.io.grpc.StatusRuntimeException: UNAVAILABLE: io exception
2019-10-08 22:21:29,137 [grpc-default-executor-6] INFO  impl.FollowerInfo (FollowerInfo.java:lambda$new$0(51)) - ef68bf2f-14be-4d5f-8c8b-17dd79c852c2@group-AEC151EC4700->3161767e-c286-4df4-9de4-b5ad5e977375: nextIndex: updateUnconditionally 0 -> 0
2019-10-08 22:21:29,137 [grpc-default-executor-1] INFO  impl.FollowerInfo (FollowerInfo.java:lambda$new$0(51)) - ef68bf2f-14be-4d5f-8c8b-17dd79c852c2@group-AEC151EC4700->baae7a36-5fe0-4b63-85b5-441d2538a079: nextIndex: updateUnconditionally 0 -> 0
2019-10-08 22:21:29,564 [Thread-1607] INFO  client.GrpcClientProtocolService (GrpcClientProtocolService.java:lambda$processClientRequest$0(278)) - Failed RaftClientRequest:client-0F8EB6598FEA->ef68bf2f-14be-4d5f-8c8b-17dd79c852c2@group-AEC151EC4700, cid=66, seq=0, Watch-ALL_COMMITTED(30), Message:<EMPTY>, reply=RaftClientReply:client-0F8EB6598FEA->ef68bf2f-14be-4d5f-8c8b-17dd79c852c2@group-AEC151EC4700, cid=66, FAILED org.apache.ratis.protocol.NotReplicatedException: Request with call Id 66 and log index 30 is not yet replicated to ALL_COMMITTED, logIndex=30, commits[ef68bf2f-14be-4d5f-8c8b-17dd79c852c2:c2, 3161767e-c286-4df4-9de4-b5ad5e977375:c2, baae7a36-5fe0-4b63-85b5-441d2538a079:c2]
2019-10-08 22:21:31,637 [grpc-default-executor-1] WARN  server.GrpcLogAppender (LogUtils.java:warn(134)) - ef68bf2f-14be-4d5f-8c8b-17dd79c852c2@group-AEC151EC4700->3161767e-c286-4df4-9de4-b5ad5e977375-AppendLogResponseHandler: Failed appendEntries: org.apache.ratis.thirdparty.io.grpc.StatusRuntimeException: UNAVAILABLE: io exception
2019-10-08 22:21:31,637 [grpc-default-executor-5] WARN  server.GrpcLogAppender (LogUtils.java:warn(134)) - ef68bf2f-14be-4d5f-8c8b-17dd79c852c2@group-AEC151EC4700->baae7a36-5fe0-4b63-85b5-441d2538a079-AppendLogResponseHandler: Failed appendEntries: org.apache.ratis.thirdparty.io.grpc.StatusRuntimeException: UNAVAILABLE: io exception
2019-10-08 22:21:31,638 [grpc-default-executor-1] INFO  impl.FollowerInfo (FollowerInfo.java:lambda$new$0(51)) - ef68bf2f-14be-4d5f-8c8b-17dd79c852c2@group-AEC151EC4700->3161767e-c286-4df4-9de4-b5ad5e977375: nextIndex: updateUnconditionally 0 -> 0
2019-10-08 22:21:31,638 [grpc-default-executor-5] INFO  impl.FollowerInfo (FollowerInfo.java:lambda$new$0(51)) - ef68bf2f-14be-4d5f-8c8b-17dd79c852c2@group-AEC151EC4700->baae7a36-5fe0-4b63-85b5-441d2538a079: nextIndex: updateUnconditionally 0 -> 0
2019-10-08 22:21:34,144 [grpc-default-executor-1] WARN  server.GrpcLogAppender (LogUtils.java:warn(134)) - ef68bf2f-14be-4d5f-8c8b-17dd79c852c2@group-AEC151EC4700->baae7a36-5fe0-4b63-85b5-441d2538a079-AppendLogResponseHandler: Failed appendEntries: org.apache.ratis.thirdparty.io.grpc.StatusRuntimeException: UNAVAILABLE: io exception
2019-10-08 22:21:34,144 [grpc-default-executor-5] WARN  server.GrpcLogAppender (LogUtils.java:warn(134)) - ef68bf2f-14be-4d5f-8c8b-17dd79c852c2@group-AEC151EC4700->3161767e-c286-4df4-9de4-b5ad5e977375-AppendLogResponseHandler: Failed appendEntries: org.apache.ratis.thirdparty.io.grpc.StatusRuntimeException: UNAVAILABLE: io exception
2019-10-08 22:21:34,146 [grpc-default-executor-1] INFO  impl.FollowerInfo (FollowerInfo.java:lambda$new$0(51)) - ef68bf2f-14be-4d5f-8c8b-17dd79c852c2@group-AEC151EC4700->baae7a36-5fe0-4b63-85b5-441d2538a079: nextIndex: updateUnconditionally 0 -> 0
2019-10-08 22:21:34,146 [grpc-default-executor-5] INFO  impl.FollowerInfo (FollowerInfo.java:lambda$new$0(51)) - ef68bf2f-14be-4d5f-8c8b-17dd79c852c2@group-AEC151EC4700->3161767e-c286-4df4-9de4-b5ad5e977375: nextIndex: updateUnconditionally 0 -> 0
2019-10-08 22:21:36,643 [grpc-default-executor-5] WARN  server.GrpcLogAppender (LogUtils.java:warn(134)) - ef68bf2f-14be-4d5f-8c8b-17dd79c852c2@group-AEC151EC4700->baae7a36-5fe0-4b63-85b5-441d2538a079-AppendLogResponseHandler: Failed appendEntries: org.apache.ratis.thirdparty.io.grpc.StatusRuntimeException: UNAVAILABLE: io exception
2019-10-08 22:21:36,643 [grpc-default-executor-1] WARN  server.GrpcLogAppender (LogUtils.java:warn(134)) - ef68bf2f-14be-4d5f-8c8b-17dd79c852c2@group-AEC151EC4700->3161767e-c286-4df4-9de4-b5ad5e977375-AppendLogResponseHandler: Failed appendEntries: org.apache.ratis.thirdparty.io.grpc.StatusRuntimeException: UNAVAILABLE: io exception
2019-10-08 22:21:36,644 [grpc-default-executor-5] INFO  impl.FollowerInfo (FollowerInfo.java:lambda$new$0(51)) - ef68bf2f-14be-4d5f-8c8b-17dd79c852c2@group-AEC151EC4700->baae7a36-5fe0-4b63-85b5-441d2538a079: nextIndex: updateUnconditionally 0 -> 0
2019-10-08 22:21:36,644 [grpc-default-executor-1] INFO  impl.FollowerInfo (FollowerInfo.java:lambda$new$0(51)) - ef68bf2f-14be-4d5f-8c8b-17dd79c852c2@group-AEC151EC4700->3161767e-c286-4df4-9de4-b5ad5e977375: nextIndex: updateUnconditionally 0 -> 0
2019-10-08 22:21:38,563 [Thread-1622] INFO  client.GrpcClientProtocolService (GrpcClientProtocolService.java:lambda$processClientRequest$0(278)) - Failed RaftClientRequest:client-0F8EB6598FEA->ef68bf2f-14be-4d5f-8c8b-17dd79c852c2@group-AEC151EC4700, cid=67, seq=0, Watch-MAJORITY_COMMITTED(30), Message:<EMPTY>, reply=RaftClientReply:client-0F8EB6598FEA->ef68bf2f-14be-4d5f-8c8b-17dd79c852c2@group-AEC151EC4700, cid=67, FAILED org.apache.ratis.protocol.NotReplicatedException: Request with call Id 67 and log index 30 is not yet replicated to MAJORITY_COMMITTED, logIndex=30, commits[ef68bf2f-14be-4d5f-8c8b-17dd79c852c2:c2, 3161767e-c286-4df4-9de4-b5ad5e977375:c2, baae7a36-5fe0-4b63-85b5-441d2538a079:c2]
2019-10-08 22:21:38,563 [Thread-1623] INFO  client.GrpcClientProtocolService (GrpcClientProtocolService.java:lambda$processClientRequest$0(278)) - Failed RaftClientRequest:client-0F8EB6598FEA->ef68bf2f-14be-4d5f-8c8b-17dd79c852c2@group-AEC151EC4700, cid=66, seq=0, Watch-ALL_COMMITTED(30), Message:<EMPTY>, reply=RaftClientReply:client-0F8EB6598FEA->ef68bf2f-14be-4d5f-8c8b-17dd79c852c2@group-AEC151EC4700, cid=66, FAILED org.apache.ratis.protocol.NotReplicatedException: Request with call Id 66 and log index 30 is not yet replicated to ALL_COMMITTED, logIndex=30, commits[ef68bf2f-14be-4d5f-8c8b-17dd79c852c2:c2, 3161767e-c286-4df4-9de4-b5ad5e977375:c2, baae7a36-5fe0-4b63-85b5-441d2538a079:c2]
2019-10-08 22:21:39,144 [grpc-default-executor-4] WARN  server.GrpcLogAppender (LogUtils.java:warn(134)) - ef68bf2f-14be-4d5f-8c8b-17dd79c852c2@group-AEC151EC4700->3161767e-c286-4df4-9de4-b5ad5e977375-AppendLogResponseHandler: Failed appendEntries: org.apache.ratis.thirdparty.io.grpc.StatusRuntimeException: UNAVAILABLE: io exception
2019-10-08 22:21:39,144 [grpc-default-executor-5] WARN  server.GrpcLogAppender (LogUtils.java:warn(134)) - ef68bf2f-14be-4d5f-8c8b-17dd79c852c2@group-AEC151EC4700->baae7a36-5fe0-4b63-85b5-441d2538a079-AppendLogResponseHandler: Failed appendEntries: org.apache.ratis.thirdparty.io.grpc.StatusRuntimeException: UNAVAILABLE: io exception
2019-10-08 22:21:39,144 [grpc-default-executor-4] INFO  impl.FollowerInfo (FollowerInfo.java:lambda$new$0(51)) - ef68bf2f-14be-4d5f-8c8b-17dd79c852c2@group-AEC151EC4700->3161767e-c286-4df4-9de4-b5ad5e977375: nextIndex: updateUnconditionally 0 -> 0
2019-10-08 22:21:39,144 [grpc-default-executor-5] INFO  impl.FollowerInfo (FollowerInfo.java:lambda$new$0(51)) - ef68bf2f-14be-4d5f-8c8b-17dd79c852c2@group-AEC151EC4700->baae7a36-5fe0-4b63-85b5-441d2538a079: nextIndex: updateUnconditionally 0 -> 0
2019-10-08 22:21:41,650 [grpc-default-executor-5] WARN  server.GrpcLogAppender (LogUtils.java:warn(134)) - ef68bf2f-14be-4d5f-8c8b-17dd79c852c2@group-AEC151EC4700->baae7a36-5fe0-4b63-85b5-441d2538a079-AppendLogResponseHandler: Failed appendEntries: org.apache.ratis.thirdparty.io.grpc.StatusRuntimeException: UNAVAILABLE: io exception
2019-10-08 22:21:41,650 [grpc-default-executor-4] WARN  server.GrpcLogAppender (LogUtils.java:warn(134)) - ef68bf2f-14be-4d5f-8c8b-17dd79c852c2@group-AEC151EC4700->3161767e-c286-4df4-9de4-b5ad5e977375-AppendLogResponseHandler: Failed appendEntries: org.apache.ratis.thirdparty.io.grpc.StatusRuntimeException: UNAVAILABLE: io exception
2019-10-08 22:21:41,651 [grpc-default-executor-4] INFO  impl.FollowerInfo (FollowerInfo.java:lambda$new$0(51)) - ef68bf2f-14be-4d5f-8c8b-17dd79c852c2@group-AEC151EC4700->3161767e-c286-4df4-9de4-b5ad5e977375: nextIndex: updateUnconditionally 0 -> 0
2019-10-08 22:21:41,651 [grpc-default-executor-5] INFO  impl.FollowerInfo (FollowerInfo.java:lambda$new$0(51)) - ef68bf2f-14be-4d5f-8c8b-17dd79c852c2@group-AEC151EC4700->baae7a36-5fe0-4b63-85b5-441d2538a079: nextIndex: updateUnconditionally 0 -> 0
2019-10-08 22:21:44,153 [grpc-default-executor-5] WARN  server.GrpcLogAppender (LogUtils.java:warn(134)) - ef68bf2f-14be-4d5f-8c8b-17dd79c852c2@group-AEC151EC4700->baae7a36-5fe0-4b63-85b5-441d2538a079-AppendLogResponseHandler: Failed appendEntries: org.apache.ratis.thirdparty.io.grpc.StatusRuntimeException: UNAVAILABLE: io exception
2019-10-08 22:21:44,153 [grpc-default-executor-1] WARN  server.GrpcLogAppender (LogUtils.java:warn(134)) - ef68bf2f-14be-4d5f-8c8b-17dd79c852c2@group-AEC151EC4700->3161767e-c286-4df4-9de4-b5ad5e977375-AppendLogResponseHandler: Failed appendEntries: org.apache.ratis.thirdparty.io.grpc.StatusRuntimeException: UNAVAILABLE: io exception
2019-10-08 22:21:44,155 [grpc-default-executor-1] INFO  impl.FollowerInfo (FollowerInfo.java:lambda$new$0(51)) - ef68bf2f-14be-4d5f-8c8b-17dd79c852c2@group-AEC151EC4700->3161767e-c286-4df4-9de4-b5ad5e977375: nextIndex: updateUnconditionally 0 -> 0
2019-10-08 22:21:44,155 [grpc-default-executor-5] INFO  impl.FollowerInfo (FollowerInfo.java:lambda$new$0(51)) - ef68bf2f-14be-4d5f-8c8b-17dd79c852c2@group-AEC151EC4700->baae7a36-5fe0-4b63-85b5-441d2538a079: nextIndex: updateUnconditionally 0 -> 0
2019-10-08 22:21:46,657 [grpc-default-executor-1] WARN  server.GrpcLogAppender (LogUtils.java:warn(134)) - ef68bf2f-14be-4d5f-8c8b-17dd79c852c2@group-AEC151EC4700->baae7a36-5fe0-4b63-85b5-441d2538a079-AppendLogResponseHandler: Failed appendEntries: org.apache.ratis.thirdparty.io.grpc.StatusRuntimeException: UNAVAILABLE: io exception
2019-10-08 22:21:46,657 [grpc-default-executor-5] WARN  server.GrpcLogAppender (LogUtils.java:warn(134)) - ef68bf2f-14be-4d5f-8c8b-17dd79c852c2@group-AEC151EC4700->3161767e-c286-4df4-9de4-b5ad5e977375-AppendLogResponseHandler: Failed appendEntries: org.apache.ratis.thirdparty.io.grpc.StatusRuntimeException: UNAVAILABLE: io exception
2019-10-08 22:21:46,658 [grpc-default-executor-5] INFO  impl.FollowerInfo (FollowerInfo.java:lambda$new$0(51)) - ef68bf2f-14be-4d5f-8c8b-17dd79c852c2@group-AEC151EC4700->3161767e-c286-4df4-9de4-b5ad5e977375: nextIndex: updateUnconditionally 0 -> 0
2019-10-08 22:21:46,658 [grpc-default-executor-1] INFO  impl.FollowerInfo (FollowerInfo.java:lambda$new$0(51)) - ef68bf2f-14be-4d5f-8c8b-17dd79c852c2@group-AEC151EC4700->baae7a36-5fe0-4b63-85b5-441d2538a079: nextIndex: updateUnconditionally 0 -> 0
]]></system-out>
    <system-err><![CDATA[Oct 08, 2019 10:21:01 PM org.apache.ratis.thirdparty.io.grpc.internal.SerializingExecutor run
SEVERE: Exception while executing runnable org.apache.ratis.thirdparty.io.grpc.internal.ServerImpl$JumpToApplicationThreadServerStreamListener$1Closed@6207460d
org.apache.ratis.thirdparty.io.grpc.StatusRuntimeException: CANCELLED: call already cancelled
	at org.apache.ratis.thirdparty.io.grpc.Status.asRuntimeException(Status.java:517)
	at org.apache.ratis.thirdparty.io.grpc.stub.ServerCalls$ServerCallStreamObserverImpl.onCompleted(ServerCalls.java:356)
	at org.apache.ratis.grpc.server.GrpcServerProtocolService$ServerRequestStreamObserver.onError(GrpcServerProtocolService.java:121)
	at org.apache.ratis.thirdparty.io.grpc.stub.ServerCalls$StreamingServerCallHandler$StreamingServerCallListener.onCancel(ServerCalls.java:269)
	at org.apache.ratis.thirdparty.io.grpc.internal.ServerCallImpl$ServerStreamListenerImpl.closed(ServerCallImpl.java:293)
	at org.apache.ratis.thirdparty.io.grpc.internal.ServerImpl$JumpToApplicationThreadServerStreamListener$1Closed.runInContext(ServerImpl.java:741)
	at org.apache.ratis.thirdparty.io.grpc.internal.ContextRunnable.run(ContextRunnable.java:37)
	at org.apache.ratis.thirdparty.io.grpc.internal.SerializingExecutor.run(SerializingExecutor.java:123)
	at java.util.concurrent.ThreadPoolExecutor.runWorker(ThreadPoolExecutor.java:1149)
	at java.util.concurrent.ThreadPoolExecutor$Worker.run(ThreadPoolExecutor.java:624)
	at java.lang.Thread.run(Thread.java:748)

Oct 08, 2019 10:21:06 PM org.apache.ratis.thirdparty.io.grpc.internal.SerializingExecutor run
SEVERE: Exception while executing runnable org.apache.ratis.thirdparty.io.grpc.internal.ServerImpl$JumpToApplicationThreadServerStreamListener$1Closed@634f0bdb
org.apache.ratis.thirdparty.io.grpc.StatusRuntimeException: CANCELLED: call already cancelled
	at org.apache.ratis.thirdparty.io.grpc.Status.asRuntimeException(Status.java:517)
	at org.apache.ratis.thirdparty.io.grpc.stub.ServerCalls$ServerCallStreamObserverImpl.onCompleted(ServerCalls.java:356)
	at org.apache.ratis.grpc.server.GrpcServerProtocolService$ServerRequestStreamObserver.onError(GrpcServerProtocolService.java:121)
	at org.apache.ratis.thirdparty.io.grpc.stub.ServerCalls$StreamingServerCallHandler$StreamingServerCallListener.onCancel(ServerCalls.java:269)
	at org.apache.ratis.thirdparty.io.grpc.internal.ServerCallImpl$ServerStreamListenerImpl.closed(ServerCallImpl.java:293)
	at org.apache.ratis.thirdparty.io.grpc.internal.ServerImpl$JumpToApplicationThreadServerStreamListener$1Closed.runInContext(ServerImpl.java:741)
	at org.apache.ratis.thirdparty.io.grpc.internal.ContextRunnable.run(ContextRunnable.java:37)
	at org.apache.ratis.thirdparty.io.grpc.internal.SerializingExecutor.run(SerializingExecutor.java:123)
	at java.util.concurrent.ThreadPoolExecutor.runWorker(ThreadPoolExecutor.java:1149)
	at java.util.concurrent.ThreadPoolExecutor$Worker.run(ThreadPoolExecutor.java:624)
	at java.lang.Thread.run(Thread.java:748)

]]></system-err>
  </testcase>
  <testcase name="testWatchForCommitForGroupMismatchException" classname="org.apache.hadoop.ozone.client.rpc.TestWatchForCommit" time="32.756"/>
  <testcase name="test2WayCommitForTimeoutException" classname="org.apache.hadoop.ozone.client.rpc.TestWatchForCommit" time="27.137">
    <error message="org.apache.ratis.protocol.RaftRetryFailureException: Failed RaftClientRequest:client-7184ECD42418-&gt;52c37ae0-fdd6-4f6c-852f-7383ab78a9c4@group-1A2D5620F3E3, cid=102, seq=2*, RW, cmdType: CloseContainer&#10;traceID: &quot;92857366be72305c:92857366be72305c:0:0&quot;&#10;containerID: 1&#10;datanodeUuid: &quot;25dc1725-276f-49a7-88a4-178b55aa4ec4&quot;&#10;closeContainer {&#10;}&#10;, data.size=0 for 20 attempts with RetryLimited(maxAttempts=20, sleepTime=1000ms)" type="java.util.concurrent.ExecutionException">java.util.concurrent.ExecutionException: 
org.apache.ratis.protocol.RaftRetryFailureException: Failed RaftClientRequest:client-7184ECD42418->52c37ae0-fdd6-4f6c-852f-7383ab78a9c4@group-1A2D5620F3E3, cid=102, seq=2*, RW, cmdType: CloseContainer
traceID: "92857366be72305c:92857366be72305c:0:0"
containerID: 1
datanodeUuid: "25dc1725-276f-49a7-88a4-178b55aa4ec4"
closeContainer {
}
, data.size=0 for 20 attempts with RetryLimited(maxAttempts=20, sleepTime=1000ms)
	at java.util.concurrent.CompletableFuture.reportGet(CompletableFuture.java:357)
	at java.util.concurrent.CompletableFuture.get(CompletableFuture.java:1895)
	at org.apache.hadoop.ozone.client.rpc.TestWatchForCommit.test2WayCommitForTimeoutException(TestWatchForCommit.java:390)
	at sun.reflect.NativeMethodAccessorImpl.invoke0(Native Method)
	at sun.reflect.NativeMethodAccessorImpl.invoke(NativeMethodAccessorImpl.java:62)
	at sun.reflect.DelegatingMethodAccessorImpl.invoke(DelegatingMethodAccessorImpl.java:43)
	at java.lang.reflect.Method.invoke(Method.java:498)
	at org.junit.runners.model.FrameworkMethod$1.runReflectiveCall(FrameworkMethod.java:47)
	at org.junit.internal.runners.model.ReflectiveCallable.run(ReflectiveCallable.java:12)
	at org.junit.runners.model.FrameworkMethod.invokeExplosively(FrameworkMethod.java:44)
	at org.junit.internal.runners.statements.InvokeMethod.evaluate(InvokeMethod.java:17)
	at org.junit.runners.ParentRunner.runLeaf(ParentRunner.java:271)
	at org.junit.runners.BlockJUnit4ClassRunner.runChild(BlockJUnit4ClassRunner.java:70)
	at org.junit.runners.BlockJUnit4ClassRunner.runChild(BlockJUnit4ClassRunner.java:50)
	at org.junit.runners.ParentRunner$3.run(ParentRunner.java:238)
	at org.junit.runners.ParentRunner$1.schedule(ParentRunner.java:63)
	at org.junit.runners.ParentRunner.runChildren(ParentRunner.java:236)
	at org.junit.runners.ParentRunner.access$000(ParentRunner.java:53)
	at org.junit.runners.ParentRunner$2.evaluate(ParentRunner.java:229)
	at org.junit.runners.ParentRunner.run(ParentRunner.java:309)
	at org.apache.maven.surefire.junit4.JUnit4Provider.execute(JUnit4Provider.java:365)
	at org.apache.maven.surefire.junit4.JUnit4Provider.executeWithRerun(JUnit4Provider.java:273)
	at org.apache.maven.surefire.junit4.JUnit4Provider.executeTestSet(JUnit4Provider.java:238)
	at org.apache.maven.surefire.junit4.JUnit4Provider.invoke(JUnit4Provider.java:159)
	at org.apache.maven.surefire.booter.ForkedBooter.invokeProviderInSameClassLoader(ForkedBooter.java:384)
	at org.apache.maven.surefire.booter.ForkedBooter.runSuitesInProcess(ForkedBooter.java:345)
	at org.apache.maven.surefire.booter.ForkedBooter.execute(ForkedBooter.java:126)
	at org.apache.maven.surefire.booter.ForkedBooter.main(ForkedBooter.java:418)
Caused by: org.apache.ratis.protocol.RaftRetryFailureException: Failed RaftClientRequest:client-7184ECD42418->52c37ae0-fdd6-4f6c-852f-7383ab78a9c4@group-1A2D5620F3E3, cid=102, seq=2*, RW, cmdType: CloseContainer
traceID: "92857366be72305c:92857366be72305c:0:0"
containerID: 1
datanodeUuid: "25dc1725-276f-49a7-88a4-178b55aa4ec4"
closeContainer {
}
, data.size=0 for 20 attempts with RetryLimited(maxAttempts=20, sleepTime=1000ms)
	at org.apache.ratis.client.impl.RaftClientImpl.noMoreRetries(RaftClientImpl.java:271)
	at org.apache.ratis.client.impl.OrderedAsync.handleAsyncRetryFailure(OrderedAsync.java:138)
	at org.apache.ratis.client.impl.OrderedAsync.lambda$sendRequest$10(OrderedAsync.java:230)
	at java.util.concurrent.CompletableFuture.uniExceptionally(CompletableFuture.java:870)
	at java.util.concurrent.CompletableFuture$UniExceptionally.tryFire(CompletableFuture.java:852)
	at java.util.concurrent.CompletableFuture.postComplete(CompletableFuture.java:474)
	at java.util.concurrent.CompletableFuture.completeExceptionally(CompletableFuture.java:1977)
	at org.apache.ratis.grpc.client.GrpcClientProtocolClient$AsyncStreamObservers.completeReplyExceptionally(GrpcClientProtocolClient.java:345)
	at org.apache.ratis.grpc.client.GrpcClientProtocolClient$AsyncStreamObservers.access$000(GrpcClientProtocolClient.java:261)
	at org.apache.ratis.grpc.client.GrpcClientProtocolClient$AsyncStreamObservers$1.onNext(GrpcClientProtocolClient.java:273)
	at org.apache.ratis.grpc.client.GrpcClientProtocolClient$AsyncStreamObservers$1.onNext(GrpcClientProtocolClient.java:264)
	at org.apache.ratis.thirdparty.io.grpc.stub.ClientCalls$StreamObserverToCallListenerAdapter.onMessage(ClientCalls.java:421)
	at org.apache.ratis.thirdparty.io.grpc.ForwardingClientCallListener.onMessage(ForwardingClientCallListener.java:33)
	at org.apache.ratis.thirdparty.io.grpc.ForwardingClientCallListener.onMessage(ForwardingClientCallListener.java:33)
	at org.apache.ratis.thirdparty.io.grpc.internal.ClientCallImpl$ClientStreamListenerImpl$1MessagesAvailable.runInContext(ClientCallImpl.java:519)
	at org.apache.ratis.thirdparty.io.grpc.internal.ContextRunnable.run(ContextRunnable.java:37)
	at org.apache.ratis.thirdparty.io.grpc.internal.SerializingExecutor.run(SerializingExecutor.java:123)
	at java.util.concurrent.ThreadPoolExecutor.runWorker(ThreadPoolExecutor.java:1149)
	at java.util.concurrent.ThreadPoolExecutor$Worker.run(ThreadPoolExecutor.java:624)
	at java.lang.Thread.run(Thread.java:748)
Caused by: org.apache.ratis.protocol.NotLeaderException: Server 52c37ae0-fdd6-4f6c-852f-7383ab78a9c4@group-1A2D5620F3E3 is not the leader
	at org.apache.ratis.client.impl.ClientProtoUtils.toRaftClientReply(ClientProtoUtils.java:243)
	at org.apache.ratis.grpc.client.GrpcClientProtocolClient$AsyncStreamObservers$1.onNext(GrpcClientProtocolClient.java:269)
	... 10 more
</error>
    <system-out><![CDATA[2019-10-08 22:22:19,668 [main] WARN  server.ServerUtils (ServerUtils.java:getScmDbDir(145)) - ozone.scm.db.dirs is not configured. We recommend adding this setting. Falling back to ozone.metadata.dirs instead.
2019-10-08 22:22:19,682 [main] WARN  server.ServerUtils (ServerUtils.java:getScmDbDir(145)) - ozone.scm.db.dirs is not configured. We recommend adding this setting. Falling back to ozone.metadata.dirs instead.
2019-10-08 22:22:19,682 [main] WARN  server.ServerUtils (ServerUtils.java:getScmDbDir(145)) - ozone.scm.db.dirs is not configured. We recommend adding this setting. Falling back to ozone.metadata.dirs instead.
2019-10-08 22:22:19,683 [main] INFO  db.DBStoreBuilder (DBStoreBuilder.java:addTable(117)) - using custom profile for table: deletedBlocks
2019-10-08 22:22:19,683 [main] INFO  db.DBStoreBuilder (DBStoreBuilder.java:processTables(168)) - Using default column profile:DBProfile.DISK for Table:deletedBlocks
2019-10-08 22:22:19,683 [main] INFO  db.DBStoreBuilder (DBStoreBuilder.java:addTable(117)) - using custom profile for table: validCerts
2019-10-08 22:22:19,683 [main] INFO  db.DBStoreBuilder (DBStoreBuilder.java:processTables(168)) - Using default column profile:DBProfile.DISK for Table:validCerts
2019-10-08 22:22:19,683 [main] INFO  db.DBStoreBuilder (DBStoreBuilder.java:addTable(117)) - using custom profile for table: revokedCerts
2019-10-08 22:22:19,683 [main] INFO  db.DBStoreBuilder (DBStoreBuilder.java:processTables(168)) - Using default column profile:DBProfile.DISK for Table:revokedCerts
2019-10-08 22:22:19,684 [main] INFO  db.DBStoreBuilder (DBStoreBuilder.java:addTable(117)) - using custom profile for table: default
2019-10-08 22:22:19,684 [main] INFO  db.DBStoreBuilder (DBStoreBuilder.java:processTables(174)) - Using default column profile:DBProfile.DISK for Table:default
2019-10-08 22:22:19,684 [main] INFO  db.DBStoreBuilder (DBStoreBuilder.java:getDbProfile(205)) - Using default options. DBProfile.DISK
2019-10-08 22:22:19,754 [main] INFO  net.NodeSchemaLoader (NodeSchemaLoader.java:loadSchemaFromFile(125)) - Loading file from sun.misc.CompoundEnumeration@6c075e9d
2019-10-08 22:22:19,755 [main] INFO  net.NodeSchemaLoader (NodeSchemaLoader.java:loadSchema(171)) - Loading network topology layer schema file
2019-10-08 22:22:19,758 [main] WARN  server.ServerUtils (ServerUtils.java:sanitizeUserArgs(70)) - ozone.scm.stale.node.interval value = 300000 is larger than max = 100000 based on the key value of ozone.scm.heartbeat.thread.interval, reset to the max value 100000.
2019-10-08 22:22:19,758 [main] WARN  server.ServerUtils (ServerUtils.java:sanitizeUserArgs(70)) - ozone.scm.stale.node.interval value = 300000 is larger than max = 100000 based on the key value of ozone.scm.heartbeat.thread.interval, reset to the max value 100000.
2019-10-08 22:22:19,758 [main] INFO  node.SCMNodeManager (SCMNodeManager.java:<init>(116)) - Entering startup safe mode.
2019-10-08 22:22:19,759 [main] INFO  algorithms.ContainerPlacementPolicyFactory (ContainerPlacementPolicyFactory.java:getPolicy(57)) - Create container placement policy of type org.apache.hadoop.hdds.scm.container.placement.algorithms.SCMContainerPlacementRandom
2019-10-08 22:22:19,759 [main] WARN  server.ServerUtils (ServerUtils.java:getScmDbDir(145)) - ozone.scm.db.dirs is not configured. We recommend adding this setting. Falling back to ozone.metadata.dirs instead.
2019-10-08 22:22:19,786 [main] INFO  pipeline.SCMPipelineManager (SCMPipelineManager.java:initializePipelineState(132)) - No pipeline exists in current db
2019-10-08 22:22:19,786 [main] WARN  server.ServerUtils (ServerUtils.java:getScmDbDir(145)) - ozone.scm.db.dirs is not configured. We recommend adding this setting. Falling back to ozone.metadata.dirs instead.
2019-10-08 22:22:19,812 [main] WARN  events.EventQueue (EventQueue.java:fireEvent(183)) - No event handler registered for event TypedEvent{payloadType=SafeModeStatus, name='SafeModeStatus'}
2019-10-08 22:22:19,813 [main] INFO  ipc.CallQueueManager (CallQueueManager.java:<init>(84)) - Using callQueue: class java.util.concurrent.LinkedBlockingQueue, queueCapacity: 2000, scheduler: class org.apache.hadoop.ipc.DefaultRpcScheduler, ipcBackoff: false.
2019-10-08 22:22:19,814 [Socket Reader #1 for port 43575] INFO  ipc.Server (Server.java:run(1074)) - Starting Socket Reader #1 for port 43575
2019-10-08 22:22:19,818 [main] INFO  ipc.CallQueueManager (CallQueueManager.java:<init>(84)) - Using callQueue: class java.util.concurrent.LinkedBlockingQueue, queueCapacity: 2000, scheduler: class org.apache.hadoop.ipc.DefaultRpcScheduler, ipcBackoff: false.
2019-10-08 22:22:19,819 [Socket Reader #1 for port 37144] INFO  ipc.Server (Server.java:run(1074)) - Starting Socket Reader #1 for port 37144
2019-10-08 22:22:19,822 [main] INFO  ipc.CallQueueManager (CallQueueManager.java:<init>(84)) - Using callQueue: class java.util.concurrent.LinkedBlockingQueue, queueCapacity: 2000, scheduler: class org.apache.hadoop.ipc.DefaultRpcScheduler, ipcBackoff: false.
2019-10-08 22:22:19,823 [Socket Reader #1 for port 34202] INFO  ipc.Server (Server.java:run(1074)) - Starting Socket Reader #1 for port 34202
2019-10-08 22:22:19,827 [main] INFO  hdfs.DFSUtil (DFSUtil.java:httpServerTemplateForNNAndJN(1641)) - Starting Web-server for scm at: http://0.0.0.0:0
2019-10-08 22:22:19,830 [main] INFO  server.AuthenticationFilter (AuthenticationFilter.java:constructSecretProvider(240)) - Unable to initialize FileSignerSecretProvider, falling back to use random secrets.
2019-10-08 22:22:19,830 [main] WARN  http.HttpRequestLog (HttpRequestLog.java:getRequestLog(97)) - Jetty request log can only be enabled using Log4j
2019-10-08 22:22:19,832 [main] INFO  http.HttpServer2 (HttpServer2.java:addGlobalFilter(975)) - Added global filter 'safety' (class=org.apache.hadoop.http.HttpServer2$QuotingInputFilter)
2019-10-08 22:22:19,833 [main] INFO  http.HttpServer2 (HttpServer2.java:addFilter(948)) - Added filter static_user_filter (class=org.apache.hadoop.http.lib.StaticUserWebFilter$StaticUserFilter) to context scm
2019-10-08 22:22:19,833 [main] INFO  http.HttpServer2 (HttpServer2.java:addFilter(958)) - Added filter static_user_filter (class=org.apache.hadoop.http.lib.StaticUserWebFilter$StaticUserFilter) to context logs
2019-10-08 22:22:19,833 [main] INFO  http.HttpServer2 (HttpServer2.java:addFilter(958)) - Added filter static_user_filter (class=org.apache.hadoop.http.lib.StaticUserWebFilter$StaticUserFilter) to context static
2019-10-08 22:22:19,836 [main] INFO  server.StorageContainerManager (StorageContainerManager.java:start(772)) - StorageContainerLocationProtocol RPC server is listening at /0.0.0.0:34202
2019-10-08 22:22:19,838 [main] WARN  impl.MetricsConfig (MetricsConfig.java:loadFirst(134)) - Cannot locate configuration: tried hadoop-metrics2-storagecontainermanager.properties,hadoop-metrics2.properties
2019-10-08 22:22:19,839 [main] INFO  impl.MetricsSystemImpl (MetricsSystemImpl.java:startTimer(374)) - Scheduled Metric snapshot period at 10 second(s).
2019-10-08 22:22:19,839 [main] INFO  impl.MetricsSystemImpl (MetricsSystemImpl.java:start(191)) - StorageContainerManager metrics system started
2019-10-08 22:22:20,171 [main] WARN  impl.MetricsSystemImpl (MetricsSystemImpl.java:register(276)) - Sink prometheus already exists!
2019-10-08 22:22:20,433 [main] INFO  server.SCMClientProtocolServer (SCMClientProtocolServer.java:start(159)) - RPC server for Client  is listening at /0.0.0.0:34202
2019-10-08 22:22:20,434 [IPC Server Responder] INFO  ipc.Server (Server.java:run(1314)) - IPC Server Responder: starting
2019-10-08 22:22:20,434 [IPC Server listener on 34202] INFO  ipc.Server (Server.java:run(1153)) - IPC Server listener on 34202: starting
2019-10-08 22:22:20,444 [main] INFO  server.StorageContainerManager (StorageContainerManager.java:start(782)) - ScmBlockLocationProtocol RPC server is listening at /0.0.0.0:37144
2019-10-08 22:22:20,444 [main] INFO  server.SCMBlockProtocolServer (SCMBlockProtocolServer.java:start(146)) - RPC server for Block Protocol is listening at /0.0.0.0:37144
2019-10-08 22:22:20,445 [IPC Server Responder] INFO  ipc.Server (Server.java:run(1314)) - IPC Server Responder: starting
2019-10-08 22:22:20,445 [IPC Server listener on 37144] INFO  ipc.Server (Server.java:run(1153)) - IPC Server listener on 37144: starting
2019-10-08 22:22:20,460 [main] INFO  server.StorageContainerManager (StorageContainerManager.java:start(786)) - ScmDatanodeProtocl RPC server is listening at /0.0.0.0:43575
2019-10-08 22:22:20,461 [main] INFO  server.SCMDatanodeProtocolServer (SCMDatanodeProtocolServer.java:start(169)) - RPC server for DataNodes is listening at /0.0.0.0:43575
2019-10-08 22:22:20,461 [IPC Server Responder] INFO  ipc.Server (Server.java:run(1314)) - IPC Server Responder: starting
2019-10-08 22:22:20,461 [IPC Server listener on 43575] INFO  ipc.Server (Server.java:run(1153)) - IPC Server listener on 43575: starting
2019-10-08 22:22:20,468 [main] INFO  http.HttpServer2 (HttpServer2.java:bindListener(1191)) - Jetty bound to port 44405
2019-10-08 22:22:20,468 [main] INFO  server.Server (Server.java:doStart(351)) - jetty-9.3.25.v20180904, build timestamp: 2018-09-04T21:11:46Z, git hash: 3ce520221d0240229c862b122d2b06c12a625732
2019-10-08 22:22:20,470 [main] INFO  handler.ContextHandler (ContextHandler.java:doStart(781)) - Started o.e.j.s.ServletContextHandler@40d848f9{/logs,file:///workdir/hadoop-ozone/integration-test/target/log,AVAILABLE}
2019-10-08 22:22:20,470 [main] INFO  handler.ContextHandler (ContextHandler.java:doStart(781)) - Started o.e.j.s.ServletContextHandler@7d3691e1{/static,file:///workdir/hadoop-ozone/integration-test/target/test-classes/webapps/static,AVAILABLE}
2019-10-08 22:22:20,474 [main] INFO  handler.ContextHandler (ContextHandler.java:doStart(781)) - Started o.e.j.w.WebAppContext@62b6c045{/,file:///workdir/hadoop-ozone/integration-test/target/test-classes/webapps/scm/,AVAILABLE}{/scm}
2019-10-08 22:22:20,475 [main] INFO  server.AbstractConnector (AbstractConnector.java:doStart(278)) - Started ServerConnector@58f254b1{HTTP/1.1,[http/1.1]}{0.0.0.0:44405}
2019-10-08 22:22:20,477 [main] INFO  server.Server (Server.java:doStart(419)) - Started @196875ms
2019-10-08 22:22:20,477 [main] WARN  impl.MetricsSystemImpl (MetricsSystemImpl.java:register(276)) - Sink prometheus already exists!
2019-10-08 22:22:20,478 [main] INFO  server.BaseHttpServer (BaseHttpServer.java:updateConnectorAddress(215)) - HTTP server of SCM is listening at http://0.0.0.0:44405
2019-10-08 22:22:20,481 [main] WARN  server.ServerUtils (ServerUtils.java:getDBPath(222)) - ozone.om.db.dirs is not configured. We recommend adding this setting. Falling back to ozone.metadata.dirs instead.
2019-10-08 22:22:20,481 [org.apache.hadoop.util.JvmPauseMonitor$Monitor@240f350a] INFO  util.JvmPauseMonitor (JvmPauseMonitor.java:run(188)) - Starting JVM pause monitor
2019-10-08 22:22:20,495 [main] INFO  ha.OMHANodeDetails (OMHANodeDetails.java:loadOMHAConfig(190)) - Configuration either no ozone.om.address set. Falling back to the default OM address /127.0.0.1:0
2019-10-08 22:22:20,495 [main] INFO  ha.OMHANodeDetails (OMHANodeDetails.java:getOMNodeDetails(220)) - OM Service ID is not set. Setting it to the default ID: omServiceIdDefault
2019-10-08 22:22:20,496 [main] WARN  server.ServerUtils (ServerUtils.java:getDBPath(222)) - ozone.om.db.dirs is not configured. We recommend adding this setting. Falling back to ozone.metadata.dirs instead.
2019-10-08 22:22:20,496 [main] WARN  server.ServerUtils (ServerUtils.java:getDBPath(222)) - ozone.om.db.dirs is not configured. We recommend adding this setting. Falling back to ozone.metadata.dirs instead.
2019-10-08 22:22:20,507 [main] WARN  server.ServerUtils (ServerUtils.java:getDBPath(222)) - ozone.om.db.dirs is not configured. We recommend adding this setting. Falling back to ozone.metadata.dirs instead.
2019-10-08 22:22:20,508 [main] INFO  db.DBStoreBuilder (DBStoreBuilder.java:addTable(117)) - using custom profile for table: userTable
2019-10-08 22:22:20,508 [main] INFO  db.DBStoreBuilder (DBStoreBuilder.java:processTables(168)) - Using default column profile:DBProfile.DISK for Table:userTable
2019-10-08 22:22:20,508 [main] INFO  db.DBStoreBuilder (DBStoreBuilder.java:addTable(117)) - using custom profile for table: volumeTable
2019-10-08 22:22:20,509 [main] INFO  db.DBStoreBuilder (DBStoreBuilder.java:processTables(168)) - Using default column profile:DBProfile.DISK for Table:volumeTable
2019-10-08 22:22:20,509 [main] INFO  db.DBStoreBuilder (DBStoreBuilder.java:addTable(117)) - using custom profile for table: bucketTable
2019-10-08 22:22:20,509 [main] INFO  db.DBStoreBuilder (DBStoreBuilder.java:processTables(168)) - Using default column profile:DBProfile.DISK for Table:bucketTable
2019-10-08 22:22:20,509 [main] INFO  db.DBStoreBuilder (DBStoreBuilder.java:addTable(117)) - using custom profile for table: keyTable
2019-10-08 22:22:20,509 [main] INFO  db.DBStoreBuilder (DBStoreBuilder.java:processTables(168)) - Using default column profile:DBProfile.DISK for Table:keyTable
2019-10-08 22:22:20,510 [main] INFO  db.DBStoreBuilder (DBStoreBuilder.java:addTable(117)) - using custom profile for table: deletedTable
2019-10-08 22:22:20,510 [main] INFO  db.DBStoreBuilder (DBStoreBuilder.java:processTables(168)) - Using default column profile:DBProfile.DISK for Table:deletedTable
2019-10-08 22:22:20,510 [main] INFO  db.DBStoreBuilder (DBStoreBuilder.java:addTable(117)) - using custom profile for table: openKeyTable
2019-10-08 22:22:20,510 [main] INFO  db.DBStoreBuilder (DBStoreBuilder.java:processTables(168)) - Using default column profile:DBProfile.DISK for Table:openKeyTable
2019-10-08 22:22:20,511 [main] INFO  db.DBStoreBuilder (DBStoreBuilder.java:addTable(117)) - using custom profile for table: s3Table
2019-10-08 22:22:20,511 [main] INFO  db.DBStoreBuilder (DBStoreBuilder.java:processTables(168)) - Using default column profile:DBProfile.DISK for Table:s3Table
2019-10-08 22:22:20,511 [main] INFO  db.DBStoreBuilder (DBStoreBuilder.java:addTable(117)) - using custom profile for table: multipartInfoTable
2019-10-08 22:22:20,511 [main] INFO  db.DBStoreBuilder (DBStoreBuilder.java:processTables(168)) - Using default column profile:DBProfile.DISK for Table:multipartInfoTable
2019-10-08 22:22:20,511 [main] INFO  db.DBStoreBuilder (DBStoreBuilder.java:addTable(117)) - using custom profile for table: dTokenTable
2019-10-08 22:22:20,512 [main] INFO  db.DBStoreBuilder (DBStoreBuilder.java:processTables(168)) - Using default column profile:DBProfile.DISK for Table:dTokenTable
2019-10-08 22:22:20,512 [main] INFO  db.DBStoreBuilder (DBStoreBuilder.java:addTable(117)) - using custom profile for table: s3SecretTable
2019-10-08 22:22:20,512 [main] INFO  db.DBStoreBuilder (DBStoreBuilder.java:processTables(168)) - Using default column profile:DBProfile.DISK for Table:s3SecretTable
2019-10-08 22:22:20,512 [main] INFO  db.DBStoreBuilder (DBStoreBuilder.java:addTable(117)) - using custom profile for table: prefixTable
2019-10-08 22:22:20,512 [main] INFO  db.DBStoreBuilder (DBStoreBuilder.java:processTables(168)) - Using default column profile:DBProfile.DISK for Table:prefixTable
2019-10-08 22:22:20,513 [main] INFO  db.DBStoreBuilder (DBStoreBuilder.java:addTable(117)) - using custom profile for table: default
2019-10-08 22:22:20,513 [main] INFO  db.DBStoreBuilder (DBStoreBuilder.java:processTables(174)) - Using default column profile:DBProfile.DISK for Table:default
2019-10-08 22:22:20,513 [main] INFO  db.DBStoreBuilder (DBStoreBuilder.java:getDbProfile(205)) - Using default options. DBProfile.DISK
2019-10-08 22:22:20,562 [Thread-2167] INFO  client.GrpcClientProtocolService (GrpcClientProtocolService.java:lambda$processClientRequest$0(278)) - Failed RaftClientRequest:client-0F8EB6598FEA->ef68bf2f-14be-4d5f-8c8b-17dd79c852c2@group-AEC151EC4700, cid=66, seq=0, Watch-ALL_COMMITTED(30), Message:<EMPTY>, reply=RaftClientReply:client-0F8EB6598FEA->ef68bf2f-14be-4d5f-8c8b-17dd79c852c2@group-AEC151EC4700, cid=66, FAILED org.apache.ratis.protocol.NotReplicatedException: Request with call Id 66 and log index 30 is not yet replicated to ALL_COMMITTED, logIndex=30, commits[ef68bf2f-14be-4d5f-8c8b-17dd79c852c2:c2, 3161767e-c286-4df4-9de4-b5ad5e977375:c2, baae7a36-5fe0-4b63-85b5-441d2538a079:c2]
2019-10-08 22:22:20,563 [Thread-2168] INFO  client.GrpcClientProtocolService (GrpcClientProtocolService.java:lambda$processClientRequest$0(278)) - Failed RaftClientRequest:client-0F8EB6598FEA->ef68bf2f-14be-4d5f-8c8b-17dd79c852c2@group-AEC151EC4700, cid=67, seq=0, Watch-MAJORITY_COMMITTED(30), Message:<EMPTY>, reply=RaftClientReply:client-0F8EB6598FEA->ef68bf2f-14be-4d5f-8c8b-17dd79c852c2@group-AEC151EC4700, cid=67, FAILED org.apache.ratis.protocol.NotReplicatedException: Request with call Id 67 and log index 30 is not yet replicated to MAJORITY_COMMITTED, logIndex=30, commits[ef68bf2f-14be-4d5f-8c8b-17dd79c852c2:c2, 3161767e-c286-4df4-9de4-b5ad5e977375:c2, baae7a36-5fe0-4b63-85b5-441d2538a079:c2]
2019-10-08 22:22:20,970 [main] INFO  ipc.CallQueueManager (CallQueueManager.java:<init>(84)) - Using callQueue: class java.util.concurrent.LinkedBlockingQueue, queueCapacity: 2000, scheduler: class org.apache.hadoop.ipc.DefaultRpcScheduler, ipcBackoff: false.
2019-10-08 22:22:20,971 [Socket Reader #1 for port 40780] INFO  ipc.Server (Server.java:run(1074)) - Starting Socket Reader #1 for port 40780
2019-10-08 22:22:20,986 [main] INFO  om.OzoneManager (OzoneManager.java:start(1069)) - OzoneManager RPC server is listening at localhost/127.0.0.1:40780
2019-10-08 22:22:20,986 [main] INFO  impl.MetricsSystemImpl (MetricsSystemImpl.java:init(158)) - OzoneManager metrics system started (again)
2019-10-08 22:22:20,987 [IPC Server Responder] INFO  ipc.Server (Server.java:run(1314)) - IPC Server Responder: starting
2019-10-08 22:22:20,991 [IPC Server listener on 40780] INFO  ipc.Server (Server.java:run(1153)) - IPC Server listener on 40780: starting
2019-10-08 22:22:20,997 [main] INFO  hdfs.DFSUtil (DFSUtil.java:httpServerTemplateForNNAndJN(1641)) - Starting Web-server for ozoneManager at: http://0.0.0.0:0
2019-10-08 22:22:20,999 [main] INFO  server.AuthenticationFilter (AuthenticationFilter.java:constructSecretProvider(240)) - Unable to initialize FileSignerSecretProvider, falling back to use random secrets.
2019-10-08 22:22:20,999 [main] WARN  http.HttpRequestLog (HttpRequestLog.java:getRequestLog(97)) - Jetty request log can only be enabled using Log4j
2019-10-08 22:22:21,000 [main] INFO  http.HttpServer2 (HttpServer2.java:addGlobalFilter(975)) - Added global filter 'safety' (class=org.apache.hadoop.http.HttpServer2$QuotingInputFilter)
2019-10-08 22:22:21,000 [main] INFO  http.HttpServer2 (HttpServer2.java:addFilter(948)) - Added filter static_user_filter (class=org.apache.hadoop.http.lib.StaticUserWebFilter$StaticUserFilter) to context ozoneManager
2019-10-08 22:22:21,001 [main] INFO  http.HttpServer2 (HttpServer2.java:addFilter(958)) - Added filter static_user_filter (class=org.apache.hadoop.http.lib.StaticUserWebFilter$StaticUserFilter) to context static
2019-10-08 22:22:21,001 [main] INFO  http.HttpServer2 (HttpServer2.java:addFilter(958)) - Added filter static_user_filter (class=org.apache.hadoop.http.lib.StaticUserWebFilter$StaticUserFilter) to context logs
2019-10-08 22:22:21,001 [main] INFO  http.HttpServer2 (HttpServer2.java:bindListener(1191)) - Jetty bound to port 42530
2019-10-08 22:22:21,001 [main] INFO  server.Server (Server.java:doStart(351)) - jetty-9.3.25.v20180904, build timestamp: 2018-09-04T21:11:46Z, git hash: 3ce520221d0240229c862b122d2b06c12a625732
2019-10-08 22:22:21,003 [main] INFO  handler.ContextHandler (ContextHandler.java:doStart(781)) - Started o.e.j.s.ServletContextHandler@24fba488{/logs,file:///workdir/hadoop-ozone/integration-test/target/log,AVAILABLE}
2019-10-08 22:22:21,003 [main] INFO  handler.ContextHandler (ContextHandler.java:doStart(781)) - Started o.e.j.s.ServletContextHandler@5a4d4f9c{/static,file:///workdir/hadoop-ozone/integration-test/target/test-classes/webapps/static,AVAILABLE}
2019-10-08 22:22:21,006 [main] INFO  handler.ContextHandler (ContextHandler.java:doStart(781)) - Started o.e.j.w.WebAppContext@1a1f79ce{/,file:///workdir/hadoop-ozone/integration-test/target/test-classes/webapps/ozoneManager/,AVAILABLE}{/ozoneManager}
2019-10-08 22:22:21,006 [main] INFO  server.AbstractConnector (AbstractConnector.java:doStart(278)) - Started ServerConnector@6aa7e176{HTTP/1.1,[http/1.1]}{0.0.0.0:42530}
2019-10-08 22:22:21,009 [main] INFO  server.Server (Server.java:doStart(419)) - Started @197407ms
2019-10-08 22:22:21,009 [main] WARN  impl.MetricsSystemImpl (MetricsSystemImpl.java:register(276)) - Sink prometheus already exists!
2019-10-08 22:22:21,009 [main] INFO  server.BaseHttpServer (BaseHttpServer.java:updateConnectorAddress(215)) - HTTP server of OZONEMANAGER is listening at http://0.0.0.0:42530
2019-10-08 22:22:21,021 [main] INFO  impl.MetricsSystemImpl (MetricsSystemImpl.java:init(158)) - HddsDatanode metrics system started (again)
2019-10-08 22:22:21,038 [main] INFO  ozone.HddsDatanodeService (HddsDatanodeService.java:start(184)) - HddsDatanodeService host:pr-hdds-1228-jbbql-2974301341 ip:192.168.30.45
2019-10-08 22:22:21,048 [main] INFO  volume.HddsVolume (HddsVolume.java:<init>(176)) - Creating Volume: /workdir/hadoop-ozone/integration-test/target/test-dir/MiniOzoneClusterImpl-73be8c55-0359-4a05-973c-f572fa968d6f/datanode-0/data/containers/hdds of  storage type : DISK and capacity : 1482555576320
2019-10-08 22:22:21,048 [main] INFO  volume.VolumeSet (VolumeSet.java:initializeVolumeSet(170)) - Added Volume : /workdir/hadoop-ozone/integration-test/target/test-dir/MiniOzoneClusterImpl-73be8c55-0359-4a05-973c-f572fa968d6f/datanode-0/data/containers/hdds to VolumeSet
2019-10-08 22:22:21,048 [main] INFO  volume.ThrottledAsyncChecker (ThrottledAsyncChecker.java:schedule(141)) - Scheduling a check for org.apache.hadoop.ozone.container.common.volume.HddsVolume@48cd319d
2019-10-08 22:22:21,049 [main] INFO  volume.HddsVolumeChecker (HddsVolumeChecker.java:checkAllVolumes(204)) - Scheduled health check for volume org.apache.hadoop.ozone.container.common.volume.HddsVolume@48cd319d
2019-10-08 22:22:21,062 [main] INFO  impl.RaftServerProxy (ConfUtils.java:logGet(43)) - raft.rpc.type = GRPC (default)
2019-10-08 22:22:21,062 [main] INFO  grpc.GrpcFactory (GrpcFactory.java:checkPooledByteBufAllocatorUseCacheForAllThreads(45)) - PERFORMANCE WARNING: useCacheForAllThreads is true that may cause Netty to create a lot garbage objects and, as a result, trigger GC.
	It is recommended to disable useCacheForAllThreads by setting -Dorg.apache.ratis.thirdparty.io.netty.allocator.useCacheForAllThreads=false in command line.
2019-10-08 22:22:21,063 [main] INFO  grpc.GrpcConfigKeys$Server (ConfUtils.java:logGet(43)) - raft.grpc.server.port = 0 (default)
2019-10-08 22:22:21,063 [main] INFO  server.GrpcService (ConfUtils.java:logGet(43)) - raft.grpc.message.size.max = 33570816 (custom)
2019-10-08 22:22:21,063 [main] INFO  server.RaftServerConfigKeys (ConfUtils.java:logGet(43)) - raft.server.log.appender.buffer.byte-limit = 33554432 (custom)
2019-10-08 22:22:21,063 [main] INFO  server.GrpcService (ConfUtils.java:logGet(43)) - raft.grpc.flow.control.window = 1MB (=1048576) (default)
2019-10-08 22:22:21,063 [main] INFO  server.RaftServerConfigKeys (ConfUtils.java:logGet(43)) - raft.server.rpc.request.timeout = 3000ms (default)
2019-10-08 22:22:21,064 [main] INFO  server.RaftServerConfigKeys (ConfUtils.java:logGet(43)) - raft.server.storage.dir = [/workdir/hadoop-ozone/integration-test/target/test-dir/MiniOzoneClusterImpl-73be8c55-0359-4a05-973c-f572fa968d6f/datanode-0/data/ratis] (custom)
2019-10-08 22:22:21,065 [main] INFO  hdfs.DFSUtil (DFSUtil.java:httpServerTemplateForNNAndJN(1641)) - Starting Web-server for hddsDatanode at: http://0.0.0.0:0
2019-10-08 22:22:21,067 [main] INFO  server.AuthenticationFilter (AuthenticationFilter.java:constructSecretProvider(240)) - Unable to initialize FileSignerSecretProvider, falling back to use random secrets.
2019-10-08 22:22:21,067 [main] WARN  http.HttpRequestLog (HttpRequestLog.java:getRequestLog(97)) - Jetty request log can only be enabled using Log4j
2019-10-08 22:22:21,068 [main] INFO  http.HttpServer2 (HttpServer2.java:addGlobalFilter(975)) - Added global filter 'safety' (class=org.apache.hadoop.http.HttpServer2$QuotingInputFilter)
2019-10-08 22:22:21,069 [main] INFO  http.HttpServer2 (HttpServer2.java:addFilter(948)) - Added filter static_user_filter (class=org.apache.hadoop.http.lib.StaticUserWebFilter$StaticUserFilter) to context hddsDatanode
2019-10-08 22:22:21,069 [main] INFO  http.HttpServer2 (HttpServer2.java:addFilter(958)) - Added filter static_user_filter (class=org.apache.hadoop.http.lib.StaticUserWebFilter$StaticUserFilter) to context logs
2019-10-08 22:22:21,069 [main] INFO  http.HttpServer2 (HttpServer2.java:addFilter(958)) - Added filter static_user_filter (class=org.apache.hadoop.http.lib.StaticUserWebFilter$StaticUserFilter) to context static
2019-10-08 22:22:21,069 [main] INFO  http.HttpServer2 (HttpServer2.java:bindListener(1191)) - Jetty bound to port 33369
2019-10-08 22:22:21,070 [main] INFO  server.Server (Server.java:doStart(351)) - jetty-9.3.25.v20180904, build timestamp: 2018-09-04T21:11:46Z, git hash: 3ce520221d0240229c862b122d2b06c12a625732
2019-10-08 22:22:21,071 [main] INFO  handler.ContextHandler (ContextHandler.java:doStart(781)) - Started o.e.j.s.ServletContextHandler@2a0b901c{/logs,file:///workdir/hadoop-ozone/integration-test/target/log,AVAILABLE}
2019-10-08 22:22:21,072 [main] INFO  handler.ContextHandler (ContextHandler.java:doStart(781)) - Started o.e.j.s.ServletContextHandler@6544899b{/static,jar:file:/home/user/.m2/repository/org/apache/hadoop/hadoop-hdds-container-service/0.5.0-SNAPSHOT/hadoop-hdds-container-service-0.5.0-SNAPSHOT.jar!/webapps/static,AVAILABLE}
2019-10-08 22:22:21,098 [main] INFO  handler.ContextHandler (ContextHandler.java:doStart(781)) - Started o.e.j.w.WebAppContext@7e61e25c{/,file:///tmp/jetty-0.0.0.0-33369-hddsDatanode-_-any-2284379477364562035.dir/webapp/,AVAILABLE}{/hddsDatanode}
2019-10-08 22:22:21,099 [main] INFO  server.AbstractConnector (AbstractConnector.java:doStart(278)) - Started ServerConnector@615db358{HTTP/1.1,[http/1.1]}{0.0.0.0:33369}
2019-10-08 22:22:21,102 [main] INFO  server.Server (Server.java:doStart(419)) - Started @197500ms
2019-10-08 22:22:21,102 [main] WARN  impl.MetricsSystemImpl (MetricsSystemImpl.java:register(276)) - Sink prometheus already exists!
2019-10-08 22:22:21,103 [main] INFO  server.BaseHttpServer (BaseHttpServer.java:updateConnectorAddress(215)) - HTTP server of HDDSDATANODE is listening at http://0.0.0.0:33369
2019-10-08 22:22:21,103 [main] INFO  impl.MetricsSystemImpl (MetricsSystemImpl.java:init(158)) - HddsDatanode metrics system started (again)
2019-10-08 22:22:21,123 [org.apache.hadoop.util.JvmPauseMonitor$Monitor@772515f5] INFO  util.JvmPauseMonitor (JvmPauseMonitor.java:run(188)) - Starting JVM pause monitor
2019-10-08 22:22:21,124 [Datanode State Machine Thread - 0] INFO  datanode.InitDatanodeState (InitDatanodeState.java:persistContainerDatanodeDetails(140)) - DatanodeDetails is persisted to /workdir/hadoop-ozone/integration-test/target/test-dir/MiniOzoneClusterImpl-73be8c55-0359-4a05-973c-f572fa968d6f/datanode-0/meta/datanode.id
2019-10-08 22:22:21,125 [main] INFO  ozone.HddsDatanodeService (HddsDatanodeService.java:start(184)) - HddsDatanodeService host:pr-hdds-1228-jbbql-2974301341 ip:192.168.30.45
2019-10-08 22:22:21,135 [main] INFO  volume.HddsVolume (HddsVolume.java:<init>(176)) - Creating Volume: /workdir/hadoop-ozone/integration-test/target/test-dir/MiniOzoneClusterImpl-73be8c55-0359-4a05-973c-f572fa968d6f/datanode-1/data/containers/hdds of  storage type : DISK and capacity : 1482555576320
2019-10-08 22:22:21,135 [main] INFO  volume.VolumeSet (VolumeSet.java:initializeVolumeSet(170)) - Added Volume : /workdir/hadoop-ozone/integration-test/target/test-dir/MiniOzoneClusterImpl-73be8c55-0359-4a05-973c-f572fa968d6f/datanode-1/data/containers/hdds to VolumeSet
2019-10-08 22:22:21,135 [main] INFO  volume.ThrottledAsyncChecker (ThrottledAsyncChecker.java:schedule(141)) - Scheduling a check for org.apache.hadoop.ozone.container.common.volume.HddsVolume@6c951ada
2019-10-08 22:22:21,136 [main] INFO  volume.HddsVolumeChecker (HddsVolumeChecker.java:checkAllVolumes(204)) - Scheduled health check for volume org.apache.hadoop.ozone.container.common.volume.HddsVolume@6c951ada
2019-10-08 22:22:21,163 [main] INFO  impl.RaftServerProxy (ConfUtils.java:logGet(43)) - raft.rpc.type = GRPC (default)
2019-10-08 22:22:21,163 [main] INFO  grpc.GrpcFactory (GrpcFactory.java:checkPooledByteBufAllocatorUseCacheForAllThreads(45)) - PERFORMANCE WARNING: useCacheForAllThreads is true that may cause Netty to create a lot garbage objects and, as a result, trigger GC.
	It is recommended to disable useCacheForAllThreads by setting -Dorg.apache.ratis.thirdparty.io.netty.allocator.useCacheForAllThreads=false in command line.
2019-10-08 22:22:21,163 [main] INFO  grpc.GrpcConfigKeys$Server (ConfUtils.java:logGet(43)) - raft.grpc.server.port = 0 (default)
2019-10-08 22:22:21,164 [main] INFO  server.GrpcService (ConfUtils.java:logGet(43)) - raft.grpc.message.size.max = 33570816 (custom)
2019-10-08 22:22:21,164 [main] INFO  server.RaftServerConfigKeys (ConfUtils.java:logGet(43)) - raft.server.log.appender.buffer.byte-limit = 33554432 (custom)
2019-10-08 22:22:21,164 [main] INFO  server.GrpcService (ConfUtils.java:logGet(43)) - raft.grpc.flow.control.window = 1MB (=1048576) (default)
2019-10-08 22:22:21,165 [main] INFO  server.RaftServerConfigKeys (ConfUtils.java:logGet(43)) - raft.server.rpc.request.timeout = 3000ms (default)
2019-10-08 22:22:21,165 [main] INFO  server.RaftServerConfigKeys (ConfUtils.java:logGet(43)) - raft.server.storage.dir = [/workdir/hadoop-ozone/integration-test/target/test-dir/MiniOzoneClusterImpl-73be8c55-0359-4a05-973c-f572fa968d6f/datanode-1/data/ratis] (custom)
2019-10-08 22:22:21,166 [main] INFO  hdfs.DFSUtil (DFSUtil.java:httpServerTemplateForNNAndJN(1641)) - Starting Web-server for hddsDatanode at: http://0.0.0.0:0
2019-10-08 22:22:21,168 [main] INFO  server.AuthenticationFilter (AuthenticationFilter.java:constructSecretProvider(240)) - Unable to initialize FileSignerSecretProvider, falling back to use random secrets.
2019-10-08 22:22:21,169 [main] WARN  http.HttpRequestLog (HttpRequestLog.java:getRequestLog(97)) - Jetty request log can only be enabled using Log4j
2019-10-08 22:22:21,171 [main] INFO  http.HttpServer2 (HttpServer2.java:addGlobalFilter(975)) - Added global filter 'safety' (class=org.apache.hadoop.http.HttpServer2$QuotingInputFilter)
2019-10-08 22:22:21,172 [main] INFO  http.HttpServer2 (HttpServer2.java:addFilter(948)) - Added filter static_user_filter (class=org.apache.hadoop.http.lib.StaticUserWebFilter$StaticUserFilter) to context hddsDatanode
2019-10-08 22:22:21,172 [main] INFO  http.HttpServer2 (HttpServer2.java:addFilter(958)) - Added filter static_user_filter (class=org.apache.hadoop.http.lib.StaticUserWebFilter$StaticUserFilter) to context static
2019-10-08 22:22:21,172 [main] INFO  http.HttpServer2 (HttpServer2.java:addFilter(958)) - Added filter static_user_filter (class=org.apache.hadoop.http.lib.StaticUserWebFilter$StaticUserFilter) to context logs
2019-10-08 22:22:21,173 [main] INFO  http.HttpServer2 (HttpServer2.java:bindListener(1191)) - Jetty bound to port 41722
2019-10-08 22:22:21,173 [main] INFO  server.Server (Server.java:doStart(351)) - jetty-9.3.25.v20180904, build timestamp: 2018-09-04T21:11:46Z, git hash: 3ce520221d0240229c862b122d2b06c12a625732
2019-10-08 22:22:21,175 [main] INFO  handler.ContextHandler (ContextHandler.java:doStart(781)) - Started o.e.j.s.ServletContextHandler@6a09484c{/logs,file:///workdir/hadoop-ozone/integration-test/target/log,AVAILABLE}
2019-10-08 22:22:21,176 [main] INFO  handler.ContextHandler (ContextHandler.java:doStart(781)) - Started o.e.j.s.ServletContextHandler@50ec4bfc{/static,jar:file:/home/user/.m2/repository/org/apache/hadoop/hadoop-hdds-container-service/0.5.0-SNAPSHOT/hadoop-hdds-container-service-0.5.0-SNAPSHOT.jar!/webapps/static,AVAILABLE}
2019-10-08 22:22:21,213 [main] INFO  handler.ContextHandler (ContextHandler.java:doStart(781)) - Started o.e.j.w.WebAppContext@2fd9fb34{/,file:///tmp/jetty-0.0.0.0-41722-hddsDatanode-_-any-8272147499719823609.dir/webapp/,AVAILABLE}{/hddsDatanode}
2019-10-08 22:22:21,213 [main] INFO  server.AbstractConnector (AbstractConnector.java:doStart(278)) - Started ServerConnector@1595d2b2{HTTP/1.1,[http/1.1]}{0.0.0.0:41722}
2019-10-08 22:22:21,217 [main] INFO  server.Server (Server.java:doStart(419)) - Started @197615ms
2019-10-08 22:22:21,217 [main] WARN  impl.MetricsSystemImpl (MetricsSystemImpl.java:register(276)) - Sink prometheus already exists!
2019-10-08 22:22:21,218 [main] INFO  server.BaseHttpServer (BaseHttpServer.java:updateConnectorAddress(215)) - HTTP server of HDDSDATANODE is listening at http://0.0.0.0:41722
2019-10-08 22:22:21,218 [main] INFO  impl.MetricsSystemImpl (MetricsSystemImpl.java:init(158)) - HddsDatanode metrics system started (again)
2019-10-08 22:22:21,237 [org.apache.hadoop.util.JvmPauseMonitor$Monitor@3545ffb7] INFO  util.JvmPauseMonitor (JvmPauseMonitor.java:run(188)) - Starting JVM pause monitor
2019-10-08 22:22:21,238 [Datanode State Machine Thread - 0] INFO  datanode.InitDatanodeState (InitDatanodeState.java:persistContainerDatanodeDetails(140)) - DatanodeDetails is persisted to /workdir/hadoop-ozone/integration-test/target/test-dir/MiniOzoneClusterImpl-73be8c55-0359-4a05-973c-f572fa968d6f/datanode-1/meta/datanode.id
2019-10-08 22:22:21,238 [main] INFO  ozone.HddsDatanodeService (HddsDatanodeService.java:start(184)) - HddsDatanodeService host:pr-hdds-1228-jbbql-2974301341 ip:192.168.30.45
2019-10-08 22:22:21,249 [main] INFO  volume.HddsVolume (HddsVolume.java:<init>(176)) - Creating Volume: /workdir/hadoop-ozone/integration-test/target/test-dir/MiniOzoneClusterImpl-73be8c55-0359-4a05-973c-f572fa968d6f/datanode-2/data/containers/hdds of  storage type : DISK and capacity : 1482555576320
2019-10-08 22:22:21,250 [main] INFO  volume.VolumeSet (VolumeSet.java:initializeVolumeSet(170)) - Added Volume : /workdir/hadoop-ozone/integration-test/target/test-dir/MiniOzoneClusterImpl-73be8c55-0359-4a05-973c-f572fa968d6f/datanode-2/data/containers/hdds to VolumeSet
2019-10-08 22:22:21,250 [main] INFO  volume.ThrottledAsyncChecker (ThrottledAsyncChecker.java:schedule(141)) - Scheduling a check for org.apache.hadoop.ozone.container.common.volume.HddsVolume@11e9ac24
2019-10-08 22:22:21,251 [main] INFO  volume.HddsVolumeChecker (HddsVolumeChecker.java:checkAllVolumes(204)) - Scheduled health check for volume org.apache.hadoop.ozone.container.common.volume.HddsVolume@11e9ac24
2019-10-08 22:22:21,272 [main] INFO  impl.RaftServerProxy (ConfUtils.java:logGet(43)) - raft.rpc.type = GRPC (default)
2019-10-08 22:22:21,273 [main] INFO  grpc.GrpcFactory (GrpcFactory.java:checkPooledByteBufAllocatorUseCacheForAllThreads(45)) - PERFORMANCE WARNING: useCacheForAllThreads is true that may cause Netty to create a lot garbage objects and, as a result, trigger GC.
	It is recommended to disable useCacheForAllThreads by setting -Dorg.apache.ratis.thirdparty.io.netty.allocator.useCacheForAllThreads=false in command line.
2019-10-08 22:22:21,273 [main] INFO  grpc.GrpcConfigKeys$Server (ConfUtils.java:logGet(43)) - raft.grpc.server.port = 0 (default)
2019-10-08 22:22:21,273 [main] INFO  server.GrpcService (ConfUtils.java:logGet(43)) - raft.grpc.message.size.max = 33570816 (custom)
2019-10-08 22:22:21,274 [main] INFO  server.RaftServerConfigKeys (ConfUtils.java:logGet(43)) - raft.server.log.appender.buffer.byte-limit = 33554432 (custom)
2019-10-08 22:22:21,274 [main] INFO  server.GrpcService (ConfUtils.java:logGet(43)) - raft.grpc.flow.control.window = 1MB (=1048576) (default)
2019-10-08 22:22:21,274 [main] INFO  server.RaftServerConfigKeys (ConfUtils.java:logGet(43)) - raft.server.rpc.request.timeout = 3000ms (default)
2019-10-08 22:22:21,275 [main] INFO  server.RaftServerConfigKeys (ConfUtils.java:logGet(43)) - raft.server.storage.dir = [/workdir/hadoop-ozone/integration-test/target/test-dir/MiniOzoneClusterImpl-73be8c55-0359-4a05-973c-f572fa968d6f/datanode-2/data/ratis] (custom)
2019-10-08 22:22:21,276 [main] INFO  hdfs.DFSUtil (DFSUtil.java:httpServerTemplateForNNAndJN(1641)) - Starting Web-server for hddsDatanode at: http://0.0.0.0:0
2019-10-08 22:22:21,280 [main] INFO  server.AuthenticationFilter (AuthenticationFilter.java:constructSecretProvider(240)) - Unable to initialize FileSignerSecretProvider, falling back to use random secrets.
2019-10-08 22:22:21,280 [main] WARN  http.HttpRequestLog (HttpRequestLog.java:getRequestLog(97)) - Jetty request log can only be enabled using Log4j
2019-10-08 22:22:21,282 [main] INFO  http.HttpServer2 (HttpServer2.java:addGlobalFilter(975)) - Added global filter 'safety' (class=org.apache.hadoop.http.HttpServer2$QuotingInputFilter)
2019-10-08 22:22:21,283 [main] INFO  http.HttpServer2 (HttpServer2.java:addFilter(948)) - Added filter static_user_filter (class=org.apache.hadoop.http.lib.StaticUserWebFilter$StaticUserFilter) to context hddsDatanode
2019-10-08 22:22:21,283 [main] INFO  http.HttpServer2 (HttpServer2.java:addFilter(958)) - Added filter static_user_filter (class=org.apache.hadoop.http.lib.StaticUserWebFilter$StaticUserFilter) to context logs
2019-10-08 22:22:21,283 [main] INFO  http.HttpServer2 (HttpServer2.java:addFilter(958)) - Added filter static_user_filter (class=org.apache.hadoop.http.lib.StaticUserWebFilter$StaticUserFilter) to context static
2019-10-08 22:22:21,284 [main] INFO  http.HttpServer2 (HttpServer2.java:bindListener(1191)) - Jetty bound to port 38613
2019-10-08 22:22:21,284 [main] INFO  server.Server (Server.java:doStart(351)) - jetty-9.3.25.v20180904, build timestamp: 2018-09-04T21:11:46Z, git hash: 3ce520221d0240229c862b122d2b06c12a625732
2019-10-08 22:22:21,286 [main] INFO  handler.ContextHandler (ContextHandler.java:doStart(781)) - Started o.e.j.s.ServletContextHandler@681061d6{/logs,file:///workdir/hadoop-ozone/integration-test/target/log,AVAILABLE}
2019-10-08 22:22:21,286 [main] INFO  handler.ContextHandler (ContextHandler.java:doStart(781)) - Started o.e.j.s.ServletContextHandler@3caee3a8{/static,jar:file:/home/user/.m2/repository/org/apache/hadoop/hadoop-hdds-container-service/0.5.0-SNAPSHOT/hadoop-hdds-container-service-0.5.0-SNAPSHOT.jar!/webapps/static,AVAILABLE}
2019-10-08 22:22:21,325 [main] INFO  handler.ContextHandler (ContextHandler.java:doStart(781)) - Started o.e.j.w.WebAppContext@5e905f2c{/,file:///tmp/jetty-0.0.0.0-38613-hddsDatanode-_-any-2226535742691817333.dir/webapp/,AVAILABLE}{/hddsDatanode}
2019-10-08 22:22:21,326 [main] INFO  server.AbstractConnector (AbstractConnector.java:doStart(278)) - Started ServerConnector@fddd7ae{HTTP/1.1,[http/1.1]}{0.0.0.0:38613}
2019-10-08 22:22:21,329 [main] INFO  server.Server (Server.java:doStart(419)) - Started @197727ms
2019-10-08 22:22:21,330 [main] WARN  impl.MetricsSystemImpl (MetricsSystemImpl.java:register(276)) - Sink prometheus already exists!
2019-10-08 22:22:21,331 [main] INFO  server.BaseHttpServer (BaseHttpServer.java:updateConnectorAddress(215)) - HTTP server of HDDSDATANODE is listening at http://0.0.0.0:38613
2019-10-08 22:22:21,331 [main] INFO  impl.MetricsSystemImpl (MetricsSystemImpl.java:init(158)) - HddsDatanode metrics system started (again)
2019-10-08 22:22:21,357 [org.apache.hadoop.util.JvmPauseMonitor$Monitor@aa371fd] INFO  util.JvmPauseMonitor (JvmPauseMonitor.java:run(188)) - Starting JVM pause monitor
2019-10-08 22:22:21,359 [Datanode State Machine Thread - 0] INFO  datanode.InitDatanodeState (InitDatanodeState.java:persistContainerDatanodeDetails(140)) - DatanodeDetails is persisted to /workdir/hadoop-ozone/integration-test/target/test-dir/MiniOzoneClusterImpl-73be8c55-0359-4a05-973c-f572fa968d6f/datanode-2/meta/datanode.id
2019-10-08 22:22:21,359 [main] INFO  ozone.HddsDatanodeService (HddsDatanodeService.java:start(184)) - HddsDatanodeService host:pr-hdds-1228-jbbql-2974301341 ip:192.168.30.45
2019-10-08 22:22:21,370 [main] INFO  volume.HddsVolume (HddsVolume.java:<init>(176)) - Creating Volume: /workdir/hadoop-ozone/integration-test/target/test-dir/MiniOzoneClusterImpl-73be8c55-0359-4a05-973c-f572fa968d6f/datanode-3/data/containers/hdds of  storage type : DISK and capacity : 1482555576320
2019-10-08 22:22:21,371 [main] INFO  volume.VolumeSet (VolumeSet.java:initializeVolumeSet(170)) - Added Volume : /workdir/hadoop-ozone/integration-test/target/test-dir/MiniOzoneClusterImpl-73be8c55-0359-4a05-973c-f572fa968d6f/datanode-3/data/containers/hdds to VolumeSet
2019-10-08 22:22:21,371 [main] INFO  volume.ThrottledAsyncChecker (ThrottledAsyncChecker.java:schedule(141)) - Scheduling a check for org.apache.hadoop.ozone.container.common.volume.HddsVolume@52354202
2019-10-08 22:22:21,372 [main] INFO  volume.HddsVolumeChecker (HddsVolumeChecker.java:checkAllVolumes(204)) - Scheduled health check for volume org.apache.hadoop.ozone.container.common.volume.HddsVolume@52354202
2019-10-08 22:22:21,394 [main] INFO  impl.RaftServerProxy (ConfUtils.java:logGet(43)) - raft.rpc.type = GRPC (default)
2019-10-08 22:22:21,394 [main] INFO  grpc.GrpcFactory (GrpcFactory.java:checkPooledByteBufAllocatorUseCacheForAllThreads(45)) - PERFORMANCE WARNING: useCacheForAllThreads is true that may cause Netty to create a lot garbage objects and, as a result, trigger GC.
	It is recommended to disable useCacheForAllThreads by setting -Dorg.apache.ratis.thirdparty.io.netty.allocator.useCacheForAllThreads=false in command line.
2019-10-08 22:22:21,394 [main] INFO  grpc.GrpcConfigKeys$Server (ConfUtils.java:logGet(43)) - raft.grpc.server.port = 0 (default)
2019-10-08 22:22:21,394 [main] INFO  server.GrpcService (ConfUtils.java:logGet(43)) - raft.grpc.message.size.max = 33570816 (custom)
2019-10-08 22:22:21,395 [main] INFO  server.RaftServerConfigKeys (ConfUtils.java:logGet(43)) - raft.server.log.appender.buffer.byte-limit = 33554432 (custom)
2019-10-08 22:22:21,395 [main] INFO  server.GrpcService (ConfUtils.java:logGet(43)) - raft.grpc.flow.control.window = 1MB (=1048576) (default)
2019-10-08 22:22:21,395 [main] INFO  server.RaftServerConfigKeys (ConfUtils.java:logGet(43)) - raft.server.rpc.request.timeout = 3000ms (default)
2019-10-08 22:22:21,396 [main] INFO  server.RaftServerConfigKeys (ConfUtils.java:logGet(43)) - raft.server.storage.dir = [/workdir/hadoop-ozone/integration-test/target/test-dir/MiniOzoneClusterImpl-73be8c55-0359-4a05-973c-f572fa968d6f/datanode-3/data/ratis] (custom)
2019-10-08 22:22:21,397 [main] INFO  hdfs.DFSUtil (DFSUtil.java:httpServerTemplateForNNAndJN(1641)) - Starting Web-server for hddsDatanode at: http://0.0.0.0:0
2019-10-08 22:22:21,399 [main] INFO  server.AuthenticationFilter (AuthenticationFilter.java:constructSecretProvider(240)) - Unable to initialize FileSignerSecretProvider, falling back to use random secrets.
2019-10-08 22:22:21,399 [main] WARN  http.HttpRequestLog (HttpRequestLog.java:getRequestLog(97)) - Jetty request log can only be enabled using Log4j
2019-10-08 22:22:21,401 [main] INFO  http.HttpServer2 (HttpServer2.java:addGlobalFilter(975)) - Added global filter 'safety' (class=org.apache.hadoop.http.HttpServer2$QuotingInputFilter)
2019-10-08 22:22:21,401 [main] INFO  http.HttpServer2 (HttpServer2.java:addFilter(948)) - Added filter static_user_filter (class=org.apache.hadoop.http.lib.StaticUserWebFilter$StaticUserFilter) to context hddsDatanode
2019-10-08 22:22:21,401 [main] INFO  http.HttpServer2 (HttpServer2.java:addFilter(958)) - Added filter static_user_filter (class=org.apache.hadoop.http.lib.StaticUserWebFilter$StaticUserFilter) to context static
2019-10-08 22:22:21,402 [main] INFO  http.HttpServer2 (HttpServer2.java:addFilter(958)) - Added filter static_user_filter (class=org.apache.hadoop.http.lib.StaticUserWebFilter$StaticUserFilter) to context logs
2019-10-08 22:22:21,402 [main] INFO  http.HttpServer2 (HttpServer2.java:bindListener(1191)) - Jetty bound to port 41364
2019-10-08 22:22:21,403 [main] INFO  server.Server (Server.java:doStart(351)) - jetty-9.3.25.v20180904, build timestamp: 2018-09-04T21:11:46Z, git hash: 3ce520221d0240229c862b122d2b06c12a625732
2019-10-08 22:22:21,405 [main] INFO  handler.ContextHandler (ContextHandler.java:doStart(781)) - Started o.e.j.s.ServletContextHandler@2eb0cefe{/logs,file:///workdir/hadoop-ozone/integration-test/target/log,AVAILABLE}
2019-10-08 22:22:21,405 [main] INFO  handler.ContextHandler (ContextHandler.java:doStart(781)) - Started o.e.j.s.ServletContextHandler@2bec068b{/static,jar:file:/home/user/.m2/repository/org/apache/hadoop/hadoop-hdds-container-service/0.5.0-SNAPSHOT/hadoop-hdds-container-service-0.5.0-SNAPSHOT.jar!/webapps/static,AVAILABLE}
2019-10-08 22:22:21,440 [main] INFO  handler.ContextHandler (ContextHandler.java:doStart(781)) - Started o.e.j.w.WebAppContext@3820cfe{/,file:///tmp/jetty-0.0.0.0-41364-hddsDatanode-_-any-1312268602920622020.dir/webapp/,AVAILABLE}{/hddsDatanode}
2019-10-08 22:22:21,440 [main] INFO  server.AbstractConnector (AbstractConnector.java:doStart(278)) - Started ServerConnector@2407a36c{HTTP/1.1,[http/1.1]}{0.0.0.0:41364}
2019-10-08 22:22:21,445 [main] INFO  server.Server (Server.java:doStart(419)) - Started @197843ms
2019-10-08 22:22:21,445 [main] WARN  impl.MetricsSystemImpl (MetricsSystemImpl.java:register(276)) - Sink prometheus already exists!
2019-10-08 22:22:21,446 [main] INFO  server.BaseHttpServer (BaseHttpServer.java:updateConnectorAddress(215)) - HTTP server of HDDSDATANODE is listening at http://0.0.0.0:41364
2019-10-08 22:22:21,446 [main] INFO  impl.MetricsSystemImpl (MetricsSystemImpl.java:init(158)) - HddsDatanode metrics system started (again)
2019-10-08 22:22:21,466 [org.apache.hadoop.util.JvmPauseMonitor$Monitor@3e69ec23] INFO  util.JvmPauseMonitor (JvmPauseMonitor.java:run(188)) - Starting JVM pause monitor
2019-10-08 22:22:21,467 [main] INFO  ozone.HddsDatanodeService (HddsDatanodeService.java:start(184)) - HddsDatanodeService host:pr-hdds-1228-jbbql-2974301341 ip:192.168.30.45
2019-10-08 22:22:21,468 [Datanode State Machine Thread - 0] INFO  datanode.InitDatanodeState (InitDatanodeState.java:persistContainerDatanodeDetails(140)) - DatanodeDetails is persisted to /workdir/hadoop-ozone/integration-test/target/test-dir/MiniOzoneClusterImpl-73be8c55-0359-4a05-973c-f572fa968d6f/datanode-3/meta/datanode.id
2019-10-08 22:22:21,481 [main] INFO  volume.HddsVolume (HddsVolume.java:<init>(176)) - Creating Volume: /workdir/hadoop-ozone/integration-test/target/test-dir/MiniOzoneClusterImpl-73be8c55-0359-4a05-973c-f572fa968d6f/datanode-4/data/containers/hdds of  storage type : DISK and capacity : 1482555576320
2019-10-08 22:22:21,481 [main] INFO  volume.VolumeSet (VolumeSet.java:initializeVolumeSet(170)) - Added Volume : /workdir/hadoop-ozone/integration-test/target/test-dir/MiniOzoneClusterImpl-73be8c55-0359-4a05-973c-f572fa968d6f/datanode-4/data/containers/hdds to VolumeSet
2019-10-08 22:22:21,481 [main] INFO  volume.ThrottledAsyncChecker (ThrottledAsyncChecker.java:schedule(141)) - Scheduling a check for org.apache.hadoop.ozone.container.common.volume.HddsVolume@5d850a25
2019-10-08 22:22:21,482 [main] INFO  volume.HddsVolumeChecker (HddsVolumeChecker.java:checkAllVolumes(204)) - Scheduled health check for volume org.apache.hadoop.ozone.container.common.volume.HddsVolume@5d850a25
2019-10-08 22:22:21,496 [main] INFO  impl.RaftServerProxy (ConfUtils.java:logGet(43)) - raft.rpc.type = GRPC (default)
2019-10-08 22:22:21,496 [main] INFO  grpc.GrpcFactory (GrpcFactory.java:checkPooledByteBufAllocatorUseCacheForAllThreads(45)) - PERFORMANCE WARNING: useCacheForAllThreads is true that may cause Netty to create a lot garbage objects and, as a result, trigger GC.
	It is recommended to disable useCacheForAllThreads by setting -Dorg.apache.ratis.thirdparty.io.netty.allocator.useCacheForAllThreads=false in command line.
2019-10-08 22:22:21,496 [main] INFO  grpc.GrpcConfigKeys$Server (ConfUtils.java:logGet(43)) - raft.grpc.server.port = 0 (default)
2019-10-08 22:22:21,496 [main] INFO  server.GrpcService (ConfUtils.java:logGet(43)) - raft.grpc.message.size.max = 33570816 (custom)
2019-10-08 22:22:21,496 [main] INFO  server.RaftServerConfigKeys (ConfUtils.java:logGet(43)) - raft.server.log.appender.buffer.byte-limit = 33554432 (custom)
2019-10-08 22:22:21,497 [main] INFO  server.GrpcService (ConfUtils.java:logGet(43)) - raft.grpc.flow.control.window = 1MB (=1048576) (default)
2019-10-08 22:22:21,497 [main] INFO  server.RaftServerConfigKeys (ConfUtils.java:logGet(43)) - raft.server.rpc.request.timeout = 3000ms (default)
2019-10-08 22:22:21,497 [main] INFO  server.RaftServerConfigKeys (ConfUtils.java:logGet(43)) - raft.server.storage.dir = [/workdir/hadoop-ozone/integration-test/target/test-dir/MiniOzoneClusterImpl-73be8c55-0359-4a05-973c-f572fa968d6f/datanode-4/data/ratis] (custom)
2019-10-08 22:22:21,498 [main] INFO  hdfs.DFSUtil (DFSUtil.java:httpServerTemplateForNNAndJN(1641)) - Starting Web-server for hddsDatanode at: http://0.0.0.0:0
2019-10-08 22:22:21,500 [main] INFO  server.AuthenticationFilter (AuthenticationFilter.java:constructSecretProvider(240)) - Unable to initialize FileSignerSecretProvider, falling back to use random secrets.
2019-10-08 22:22:21,501 [main] WARN  http.HttpRequestLog (HttpRequestLog.java:getRequestLog(97)) - Jetty request log can only be enabled using Log4j
2019-10-08 22:22:21,503 [main] INFO  http.HttpServer2 (HttpServer2.java:addGlobalFilter(975)) - Added global filter 'safety' (class=org.apache.hadoop.http.HttpServer2$QuotingInputFilter)
2019-10-08 22:22:21,504 [main] INFO  http.HttpServer2 (HttpServer2.java:addFilter(948)) - Added filter static_user_filter (class=org.apache.hadoop.http.lib.StaticUserWebFilter$StaticUserFilter) to context hddsDatanode
2019-10-08 22:22:21,504 [main] INFO  http.HttpServer2 (HttpServer2.java:addFilter(958)) - Added filter static_user_filter (class=org.apache.hadoop.http.lib.StaticUserWebFilter$StaticUserFilter) to context logs
2019-10-08 22:22:21,504 [main] INFO  http.HttpServer2 (HttpServer2.java:addFilter(958)) - Added filter static_user_filter (class=org.apache.hadoop.http.lib.StaticUserWebFilter$StaticUserFilter) to context static
2019-10-08 22:22:21,505 [main] INFO  http.HttpServer2 (HttpServer2.java:bindListener(1191)) - Jetty bound to port 37250
2019-10-08 22:22:21,506 [main] INFO  server.Server (Server.java:doStart(351)) - jetty-9.3.25.v20180904, build timestamp: 2018-09-04T21:11:46Z, git hash: 3ce520221d0240229c862b122d2b06c12a625732
2019-10-08 22:22:21,508 [main] INFO  handler.ContextHandler (ContextHandler.java:doStart(781)) - Started o.e.j.s.ServletContextHandler@4fea840f{/logs,file:///workdir/hadoop-ozone/integration-test/target/log,AVAILABLE}
2019-10-08 22:22:21,508 [main] INFO  handler.ContextHandler (ContextHandler.java:doStart(781)) - Started o.e.j.s.ServletContextHandler@75e80a97{/static,jar:file:/home/user/.m2/repository/org/apache/hadoop/hadoop-hdds-container-service/0.5.0-SNAPSHOT/hadoop-hdds-container-service-0.5.0-SNAPSHOT.jar!/webapps/static,AVAILABLE}
2019-10-08 22:22:21,554 [main] INFO  handler.ContextHandler (ContextHandler.java:doStart(781)) - Started o.e.j.w.WebAppContext@656842bc{/,file:///tmp/jetty-0.0.0.0-37250-hddsDatanode-_-any-6032399760184264130.dir/webapp/,AVAILABLE}{/hddsDatanode}
2019-10-08 22:22:21,554 [main] INFO  server.AbstractConnector (AbstractConnector.java:doStart(278)) - Started ServerConnector@6b867ee7{HTTP/1.1,[http/1.1]}{0.0.0.0:37250}
2019-10-08 22:22:21,562 [main] INFO  server.Server (Server.java:doStart(419)) - Started @197959ms
2019-10-08 22:22:21,562 [main] WARN  impl.MetricsSystemImpl (MetricsSystemImpl.java:register(276)) - Sink prometheus already exists!
2019-10-08 22:22:21,563 [main] INFO  server.BaseHttpServer (BaseHttpServer.java:updateConnectorAddress(215)) - HTTP server of HDDSDATANODE is listening at http://0.0.0.0:37250
2019-10-08 22:22:21,563 [main] INFO  impl.MetricsSystemImpl (MetricsSystemImpl.java:init(158)) - HddsDatanode metrics system started (again)
2019-10-08 22:22:21,588 [org.apache.hadoop.util.JvmPauseMonitor$Monitor@67b92289] INFO  util.JvmPauseMonitor (JvmPauseMonitor.java:run(188)) - Starting JVM pause monitor
2019-10-08 22:22:21,590 [Datanode State Machine Thread - 0] INFO  datanode.InitDatanodeState (InitDatanodeState.java:persistContainerDatanodeDetails(140)) - DatanodeDetails is persisted to /workdir/hadoop-ozone/integration-test/target/test-dir/MiniOzoneClusterImpl-73be8c55-0359-4a05-973c-f572fa968d6f/datanode-4/meta/datanode.id
2019-10-08 22:22:21,590 [main] INFO  ozone.HddsDatanodeService (HddsDatanodeService.java:start(184)) - HddsDatanodeService host:pr-hdds-1228-jbbql-2974301341 ip:192.168.30.45
2019-10-08 22:22:21,602 [main] INFO  volume.HddsVolume (HddsVolume.java:<init>(176)) - Creating Volume: /workdir/hadoop-ozone/integration-test/target/test-dir/MiniOzoneClusterImpl-73be8c55-0359-4a05-973c-f572fa968d6f/datanode-5/data/containers/hdds of  storage type : DISK and capacity : 1482555576320
2019-10-08 22:22:21,602 [main] INFO  volume.VolumeSet (VolumeSet.java:initializeVolumeSet(170)) - Added Volume : /workdir/hadoop-ozone/integration-test/target/test-dir/MiniOzoneClusterImpl-73be8c55-0359-4a05-973c-f572fa968d6f/datanode-5/data/containers/hdds to VolumeSet
2019-10-08 22:22:21,602 [main] INFO  volume.ThrottledAsyncChecker (ThrottledAsyncChecker.java:schedule(141)) - Scheduling a check for org.apache.hadoop.ozone.container.common.volume.HddsVolume@52f8a6f4
2019-10-08 22:22:21,603 [main] INFO  volume.HddsVolumeChecker (HddsVolumeChecker.java:checkAllVolumes(204)) - Scheduled health check for volume org.apache.hadoop.ozone.container.common.volume.HddsVolume@52f8a6f4
2019-10-08 22:22:21,619 [main] INFO  impl.RaftServerProxy (ConfUtils.java:logGet(43)) - raft.rpc.type = GRPC (default)
2019-10-08 22:22:21,619 [main] INFO  grpc.GrpcFactory (GrpcFactory.java:checkPooledByteBufAllocatorUseCacheForAllThreads(45)) - PERFORMANCE WARNING: useCacheForAllThreads is true that may cause Netty to create a lot garbage objects and, as a result, trigger GC.
	It is recommended to disable useCacheForAllThreads by setting -Dorg.apache.ratis.thirdparty.io.netty.allocator.useCacheForAllThreads=false in command line.
2019-10-08 22:22:21,619 [main] INFO  grpc.GrpcConfigKeys$Server (ConfUtils.java:logGet(43)) - raft.grpc.server.port = 0 (default)
2019-10-08 22:22:21,620 [main] INFO  server.GrpcService (ConfUtils.java:logGet(43)) - raft.grpc.message.size.max = 33570816 (custom)
2019-10-08 22:22:21,620 [main] INFO  server.RaftServerConfigKeys (ConfUtils.java:logGet(43)) - raft.server.log.appender.buffer.byte-limit = 33554432 (custom)
2019-10-08 22:22:21,620 [main] INFO  server.GrpcService (ConfUtils.java:logGet(43)) - raft.grpc.flow.control.window = 1MB (=1048576) (default)
2019-10-08 22:22:21,620 [main] INFO  server.RaftServerConfigKeys (ConfUtils.java:logGet(43)) - raft.server.rpc.request.timeout = 3000ms (default)
2019-10-08 22:22:21,621 [main] INFO  server.RaftServerConfigKeys (ConfUtils.java:logGet(43)) - raft.server.storage.dir = [/workdir/hadoop-ozone/integration-test/target/test-dir/MiniOzoneClusterImpl-73be8c55-0359-4a05-973c-f572fa968d6f/datanode-5/data/ratis] (custom)
2019-10-08 22:22:21,622 [main] INFO  hdfs.DFSUtil (DFSUtil.java:httpServerTemplateForNNAndJN(1641)) - Starting Web-server for hddsDatanode at: http://0.0.0.0:0
2019-10-08 22:22:21,624 [main] INFO  server.AuthenticationFilter (AuthenticationFilter.java:constructSecretProvider(240)) - Unable to initialize FileSignerSecretProvider, falling back to use random secrets.
2019-10-08 22:22:21,625 [main] WARN  http.HttpRequestLog (HttpRequestLog.java:getRequestLog(97)) - Jetty request log can only be enabled using Log4j
2019-10-08 22:22:21,627 [main] INFO  http.HttpServer2 (HttpServer2.java:addGlobalFilter(975)) - Added global filter 'safety' (class=org.apache.hadoop.http.HttpServer2$QuotingInputFilter)
2019-10-08 22:22:21,627 [main] INFO  http.HttpServer2 (HttpServer2.java:addFilter(948)) - Added filter static_user_filter (class=org.apache.hadoop.http.lib.StaticUserWebFilter$StaticUserFilter) to context hddsDatanode
2019-10-08 22:22:21,628 [main] INFO  http.HttpServer2 (HttpServer2.java:addFilter(958)) - Added filter static_user_filter (class=org.apache.hadoop.http.lib.StaticUserWebFilter$StaticUserFilter) to context static
2019-10-08 22:22:21,628 [main] INFO  http.HttpServer2 (HttpServer2.java:addFilter(958)) - Added filter static_user_filter (class=org.apache.hadoop.http.lib.StaticUserWebFilter$StaticUserFilter) to context logs
2019-10-08 22:22:21,629 [main] INFO  http.HttpServer2 (HttpServer2.java:bindListener(1191)) - Jetty bound to port 41910
2019-10-08 22:22:21,629 [main] INFO  server.Server (Server.java:doStart(351)) - jetty-9.3.25.v20180904, build timestamp: 2018-09-04T21:11:46Z, git hash: 3ce520221d0240229c862b122d2b06c12a625732
2019-10-08 22:22:21,631 [main] INFO  handler.ContextHandler (ContextHandler.java:doStart(781)) - Started o.e.j.s.ServletContextHandler@44dfdd58{/logs,file:///workdir/hadoop-ozone/integration-test/target/log,AVAILABLE}
2019-10-08 22:22:21,631 [main] INFO  handler.ContextHandler (ContextHandler.java:doStart(781)) - Started o.e.j.s.ServletContextHandler@72a8361b{/static,jar:file:/home/user/.m2/repository/org/apache/hadoop/hadoop-hdds-container-service/0.5.0-SNAPSHOT/hadoop-hdds-container-service-0.5.0-SNAPSHOT.jar!/webapps/static,AVAILABLE}
2019-10-08 22:22:21,666 [main] INFO  handler.ContextHandler (ContextHandler.java:doStart(781)) - Started o.e.j.w.WebAppContext@3f5dfe69{/,file:///tmp/jetty-0.0.0.0-41910-hddsDatanode-_-any-1527508262443999453.dir/webapp/,AVAILABLE}{/hddsDatanode}
2019-10-08 22:22:21,666 [main] INFO  server.AbstractConnector (AbstractConnector.java:doStart(278)) - Started ServerConnector@571a663c{HTTP/1.1,[http/1.1]}{0.0.0.0:41910}
2019-10-08 22:22:21,670 [main] INFO  server.Server (Server.java:doStart(419)) - Started @198068ms
2019-10-08 22:22:21,670 [main] WARN  impl.MetricsSystemImpl (MetricsSystemImpl.java:register(276)) - Sink prometheus already exists!
2019-10-08 22:22:21,671 [main] INFO  server.BaseHttpServer (BaseHttpServer.java:updateConnectorAddress(215)) - HTTP server of HDDSDATANODE is listening at http://0.0.0.0:41910
2019-10-08 22:22:21,671 [main] INFO  impl.MetricsSystemImpl (MetricsSystemImpl.java:init(158)) - HddsDatanode metrics system started (again)
2019-10-08 22:22:21,694 [org.apache.hadoop.util.JvmPauseMonitor$Monitor@ac480f5] INFO  util.JvmPauseMonitor (JvmPauseMonitor.java:run(188)) - Starting JVM pause monitor
2019-10-08 22:22:21,695 [Datanode State Machine Thread - 0] INFO  datanode.InitDatanodeState (InitDatanodeState.java:persistContainerDatanodeDetails(140)) - DatanodeDetails is persisted to /workdir/hadoop-ozone/integration-test/target/test-dir/MiniOzoneClusterImpl-73be8c55-0359-4a05-973c-f572fa968d6f/datanode-5/meta/datanode.id
2019-10-08 22:22:21,696 [main] INFO  ozone.HddsDatanodeService (HddsDatanodeService.java:start(184)) - HddsDatanodeService host:pr-hdds-1228-jbbql-2974301341 ip:192.168.30.45
2019-10-08 22:22:21,705 [main] INFO  volume.HddsVolume (HddsVolume.java:<init>(176)) - Creating Volume: /workdir/hadoop-ozone/integration-test/target/test-dir/MiniOzoneClusterImpl-73be8c55-0359-4a05-973c-f572fa968d6f/datanode-6/data/containers/hdds of  storage type : DISK and capacity : 1482555576320
2019-10-08 22:22:21,706 [main] INFO  volume.VolumeSet (VolumeSet.java:initializeVolumeSet(170)) - Added Volume : /workdir/hadoop-ozone/integration-test/target/test-dir/MiniOzoneClusterImpl-73be8c55-0359-4a05-973c-f572fa968d6f/datanode-6/data/containers/hdds to VolumeSet
2019-10-08 22:22:21,706 [main] INFO  volume.ThrottledAsyncChecker (ThrottledAsyncChecker.java:schedule(141)) - Scheduling a check for org.apache.hadoop.ozone.container.common.volume.HddsVolume@2d130ac4
2019-10-08 22:22:21,706 [main] INFO  volume.HddsVolumeChecker (HddsVolumeChecker.java:checkAllVolumes(204)) - Scheduled health check for volume org.apache.hadoop.ozone.container.common.volume.HddsVolume@2d130ac4
2019-10-08 22:22:21,720 [main] INFO  impl.RaftServerProxy (ConfUtils.java:logGet(43)) - raft.rpc.type = GRPC (default)
2019-10-08 22:22:21,720 [main] INFO  grpc.GrpcFactory (GrpcFactory.java:checkPooledByteBufAllocatorUseCacheForAllThreads(45)) - PERFORMANCE WARNING: useCacheForAllThreads is true that may cause Netty to create a lot garbage objects and, as a result, trigger GC.
	It is recommended to disable useCacheForAllThreads by setting -Dorg.apache.ratis.thirdparty.io.netty.allocator.useCacheForAllThreads=false in command line.
2019-10-08 22:22:21,720 [main] INFO  grpc.GrpcConfigKeys$Server (ConfUtils.java:logGet(43)) - raft.grpc.server.port = 0 (default)
2019-10-08 22:22:21,720 [main] INFO  server.GrpcService (ConfUtils.java:logGet(43)) - raft.grpc.message.size.max = 33570816 (custom)
2019-10-08 22:22:21,721 [main] INFO  server.RaftServerConfigKeys (ConfUtils.java:logGet(43)) - raft.server.log.appender.buffer.byte-limit = 33554432 (custom)
2019-10-08 22:22:21,721 [main] INFO  server.GrpcService (ConfUtils.java:logGet(43)) - raft.grpc.flow.control.window = 1MB (=1048576) (default)
2019-10-08 22:22:21,721 [main] INFO  server.RaftServerConfigKeys (ConfUtils.java:logGet(43)) - raft.server.rpc.request.timeout = 3000ms (default)
2019-10-08 22:22:21,721 [main] INFO  server.RaftServerConfigKeys (ConfUtils.java:logGet(43)) - raft.server.storage.dir = [/workdir/hadoop-ozone/integration-test/target/test-dir/MiniOzoneClusterImpl-73be8c55-0359-4a05-973c-f572fa968d6f/datanode-6/data/ratis] (custom)
2019-10-08 22:22:21,723 [main] INFO  hdfs.DFSUtil (DFSUtil.java:httpServerTemplateForNNAndJN(1641)) - Starting Web-server for hddsDatanode at: http://0.0.0.0:0
2019-10-08 22:22:21,724 [main] INFO  server.AuthenticationFilter (AuthenticationFilter.java:constructSecretProvider(240)) - Unable to initialize FileSignerSecretProvider, falling back to use random secrets.
2019-10-08 22:22:21,724 [main] WARN  http.HttpRequestLog (HttpRequestLog.java:getRequestLog(97)) - Jetty request log can only be enabled using Log4j
2019-10-08 22:22:21,725 [main] INFO  http.HttpServer2 (HttpServer2.java:addGlobalFilter(975)) - Added global filter 'safety' (class=org.apache.hadoop.http.HttpServer2$QuotingInputFilter)
2019-10-08 22:22:21,726 [main] INFO  http.HttpServer2 (HttpServer2.java:addFilter(948)) - Added filter static_user_filter (class=org.apache.hadoop.http.lib.StaticUserWebFilter$StaticUserFilter) to context hddsDatanode
2019-10-08 22:22:21,726 [main] INFO  http.HttpServer2 (HttpServer2.java:addFilter(958)) - Added filter static_user_filter (class=org.apache.hadoop.http.lib.StaticUserWebFilter$StaticUserFilter) to context logs
2019-10-08 22:22:21,726 [main] INFO  http.HttpServer2 (HttpServer2.java:addFilter(958)) - Added filter static_user_filter (class=org.apache.hadoop.http.lib.StaticUserWebFilter$StaticUserFilter) to context static
2019-10-08 22:22:21,726 [main] INFO  http.HttpServer2 (HttpServer2.java:bindListener(1191)) - Jetty bound to port 46682
2019-10-08 22:22:21,727 [main] INFO  server.Server (Server.java:doStart(351)) - jetty-9.3.25.v20180904, build timestamp: 2018-09-04T21:11:46Z, git hash: 3ce520221d0240229c862b122d2b06c12a625732
2019-10-08 22:22:21,728 [main] INFO  handler.ContextHandler (ContextHandler.java:doStart(781)) - Started o.e.j.s.ServletContextHandler@4f5f474c{/logs,file:///workdir/hadoop-ozone/integration-test/target/log,AVAILABLE}
2019-10-08 22:22:21,729 [main] INFO  handler.ContextHandler (ContextHandler.java:doStart(781)) - Started o.e.j.s.ServletContextHandler@14d8e132{/static,jar:file:/home/user/.m2/repository/org/apache/hadoop/hadoop-hdds-container-service/0.5.0-SNAPSHOT/hadoop-hdds-container-service-0.5.0-SNAPSHOT.jar!/webapps/static,AVAILABLE}
2019-10-08 22:22:21,736 [grpc-default-executor-1] WARN  server.GrpcLogAppender (LogUtils.java:warn(134)) - ef68bf2f-14be-4d5f-8c8b-17dd79c852c2@group-AEC151EC4700->3161767e-c286-4df4-9de4-b5ad5e977375-AppendLogResponseHandler: Failed appendEntries: org.apache.ratis.thirdparty.io.grpc.StatusRuntimeException: UNAVAILABLE: io exception
2019-10-08 22:22:21,736 [grpc-default-executor-5] WARN  server.GrpcLogAppender (LogUtils.java:warn(134)) - ef68bf2f-14be-4d5f-8c8b-17dd79c852c2@group-AEC151EC4700->baae7a36-5fe0-4b63-85b5-441d2538a079-AppendLogResponseHandler: Failed appendEntries: org.apache.ratis.thirdparty.io.grpc.StatusRuntimeException: UNAVAILABLE: io exception
2019-10-08 22:22:21,737 [grpc-default-executor-1] INFO  impl.FollowerInfo (FollowerInfo.java:lambda$new$0(51)) - ef68bf2f-14be-4d5f-8c8b-17dd79c852c2@group-AEC151EC4700->3161767e-c286-4df4-9de4-b5ad5e977375: nextIndex: updateUnconditionally 0 -> 0
2019-10-08 22:22:21,737 [grpc-default-executor-5] INFO  impl.FollowerInfo (FollowerInfo.java:lambda$new$0(51)) - ef68bf2f-14be-4d5f-8c8b-17dd79c852c2@group-AEC151EC4700->baae7a36-5fe0-4b63-85b5-441d2538a079: nextIndex: updateUnconditionally 0 -> 0
2019-10-08 22:22:21,756 [main] INFO  handler.ContextHandler (ContextHandler.java:doStart(781)) - Started o.e.j.w.WebAppContext@584ca390{/,file:///tmp/jetty-0.0.0.0-46682-hddsDatanode-_-any-3747801207030247475.dir/webapp/,AVAILABLE}{/hddsDatanode}
2019-10-08 22:22:21,757 [main] INFO  server.AbstractConnector (AbstractConnector.java:doStart(278)) - Started ServerConnector@33324c05{HTTP/1.1,[http/1.1]}{0.0.0.0:46682}
2019-10-08 22:22:21,761 [main] INFO  server.Server (Server.java:doStart(419)) - Started @198159ms
2019-10-08 22:22:21,761 [main] WARN  impl.MetricsSystemImpl (MetricsSystemImpl.java:register(276)) - Sink prometheus already exists!
2019-10-08 22:22:21,762 [main] INFO  server.BaseHttpServer (BaseHttpServer.java:updateConnectorAddress(215)) - HTTP server of HDDSDATANODE is listening at http://0.0.0.0:46682
2019-10-08 22:22:21,762 [main] INFO  ozone.MiniOzoneClusterImpl (MiniOzoneClusterImpl.java:lambda$waitForClusterToBeReady$0(147)) - Waiting for cluster to be ready. Got 0 of 7 DN Heartbeats.
2019-10-08 22:22:21,763 [org.apache.hadoop.util.JvmPauseMonitor$Monitor@65cee28a] INFO  util.JvmPauseMonitor (JvmPauseMonitor.java:run(188)) - Starting JVM pause monitor
2019-10-08 22:22:21,764 [Datanode State Machine Thread - 0] INFO  datanode.InitDatanodeState (InitDatanodeState.java:persistContainerDatanodeDetails(140)) - DatanodeDetails is persisted to /workdir/hadoop-ozone/integration-test/target/test-dir/MiniOzoneClusterImpl-73be8c55-0359-4a05-973c-f572fa968d6f/datanode-6/meta/datanode.id
2019-10-08 22:22:22,762 [main] INFO  ozone.MiniOzoneClusterImpl (MiniOzoneClusterImpl.java:lambda$waitForClusterToBeReady$0(147)) - Waiting for cluster to be ready. Got 0 of 7 DN Heartbeats.
2019-10-08 22:22:23,187 [Datanode State Machine Thread - 0] INFO  ozoneimpl.OzoneContainer (OzoneContainer.java:start(213)) - Attempting to start container services.
2019-10-08 22:22:23,187 [Datanode State Machine Thread - 0] INFO  ozoneimpl.OzoneContainer (OzoneContainer.java:startContainerScrub(177)) - Background container scanner has been disabled.
2019-10-08 22:22:23,188 [Datanode State Machine Thread - 0] INFO  ratis.XceiverServerRatis (XceiverServerRatis.java:start(418)) - Starting XceiverServerRatis 52c37ae0-fdd6-4f6c-852f-7383ab78a9c4 at port 0
2019-10-08 22:22:23,196 [Datanode State Machine Thread - 0] INFO  impl.RaftServerProxy (RaftServerProxy.java:lambda$start$3(299)) - 52c37ae0-fdd6-4f6c-852f-7383ab78a9c4: start RPC server
2019-10-08 22:22:23,197 [Datanode State Machine Thread - 0] INFO  server.GrpcService (GrpcService.java:startImpl(158)) - 52c37ae0-fdd6-4f6c-852f-7383ab78a9c4: GrpcService started, listening on 0.0.0.0/0.0.0.0:34618
2019-10-08 22:22:23,197 [Datanode State Machine Thread - 0] INFO  ratis.XceiverServerRatis (XceiverServerRatis.java:start(428)) - XceiverServerRatis 52c37ae0-fdd6-4f6c-852f-7383ab78a9c4 is started using port 34618
2019-10-08 22:22:23,198 [Datanode State Machine Thread - 0] INFO  server.XceiverServerGrpc (XceiverServerGrpc.java:start(149)) - XceiverServerGrpc 52c37ae0-fdd6-4f6c-852f-7383ab78a9c4 is started using port 36945
2019-10-08 22:22:23,256 [Datanode State Machine Thread - 0] INFO  ozoneimpl.OzoneContainer (OzoneContainer.java:start(213)) - Attempting to start container services.
2019-10-08 22:22:23,257 [Datanode State Machine Thread - 0] INFO  ozoneimpl.OzoneContainer (OzoneContainer.java:startContainerScrub(177)) - Background container scanner has been disabled.
2019-10-08 22:22:23,257 [Datanode State Machine Thread - 0] INFO  ratis.XceiverServerRatis (XceiverServerRatis.java:start(418)) - Starting XceiverServerRatis c9e29d54-6f88-4644-84f1-61bf3054ef05 at port 0
2019-10-08 22:22:23,264 [Datanode State Machine Thread - 0] INFO  impl.RaftServerProxy (RaftServerProxy.java:lambda$start$3(299)) - c9e29d54-6f88-4644-84f1-61bf3054ef05: start RPC server
2019-10-08 22:22:23,265 [Datanode State Machine Thread - 0] INFO  server.GrpcService (GrpcService.java:startImpl(158)) - c9e29d54-6f88-4644-84f1-61bf3054ef05: GrpcService started, listening on 0.0.0.0/0.0.0.0:36547
2019-10-08 22:22:23,265 [Datanode State Machine Thread - 0] INFO  ratis.XceiverServerRatis (XceiverServerRatis.java:start(428)) - XceiverServerRatis c9e29d54-6f88-4644-84f1-61bf3054ef05 is started using port 36547
2019-10-08 22:22:23,266 [Datanode State Machine Thread - 0] INFO  server.XceiverServerGrpc (XceiverServerGrpc.java:start(149)) - XceiverServerGrpc c9e29d54-6f88-4644-84f1-61bf3054ef05 is started using port 32813
2019-10-08 22:22:23,372 [Datanode State Machine Thread - 0] INFO  ozoneimpl.OzoneContainer (OzoneContainer.java:start(213)) - Attempting to start container services.
2019-10-08 22:22:23,372 [Datanode State Machine Thread - 0] INFO  ozoneimpl.OzoneContainer (OzoneContainer.java:startContainerScrub(177)) - Background container scanner has been disabled.
2019-10-08 22:22:23,372 [Datanode State Machine Thread - 0] INFO  ratis.XceiverServerRatis (XceiverServerRatis.java:start(418)) - Starting XceiverServerRatis 25dc1725-276f-49a7-88a4-178b55aa4ec4 at port 0
2019-10-08 22:22:23,379 [Datanode State Machine Thread - 0] INFO  impl.RaftServerProxy (RaftServerProxy.java:lambda$start$3(299)) - 25dc1725-276f-49a7-88a4-178b55aa4ec4: start RPC server
2019-10-08 22:22:23,380 [Datanode State Machine Thread - 0] INFO  server.GrpcService (GrpcService.java:startImpl(158)) - 25dc1725-276f-49a7-88a4-178b55aa4ec4: GrpcService started, listening on 0.0.0.0/0.0.0.0:46701
2019-10-08 22:22:23,380 [Datanode State Machine Thread - 0] INFO  ratis.XceiverServerRatis (XceiverServerRatis.java:start(428)) - XceiverServerRatis 25dc1725-276f-49a7-88a4-178b55aa4ec4 is started using port 46701
2019-10-08 22:22:23,384 [Datanode State Machine Thread - 0] INFO  server.XceiverServerGrpc (XceiverServerGrpc.java:start(149)) - XceiverServerGrpc 25dc1725-276f-49a7-88a4-178b55aa4ec4 is started using port 35869
2019-10-08 22:22:23,478 [Datanode State Machine Thread - 0] INFO  ozoneimpl.OzoneContainer (OzoneContainer.java:start(213)) - Attempting to start container services.
2019-10-08 22:22:23,478 [Datanode State Machine Thread - 0] INFO  ozoneimpl.OzoneContainer (OzoneContainer.java:startContainerScrub(177)) - Background container scanner has been disabled.
2019-10-08 22:22:23,478 [Datanode State Machine Thread - 0] INFO  ratis.XceiverServerRatis (XceiverServerRatis.java:start(418)) - Starting XceiverServerRatis a01aebe6-4037-4f46-a32f-4c27a8882ae8 at port 0
2019-10-08 22:22:23,485 [Datanode State Machine Thread - 0] INFO  impl.RaftServerProxy (RaftServerProxy.java:lambda$start$3(299)) - a01aebe6-4037-4f46-a32f-4c27a8882ae8: start RPC server
2019-10-08 22:22:23,485 [Datanode State Machine Thread - 0] INFO  server.GrpcService (GrpcService.java:startImpl(158)) - a01aebe6-4037-4f46-a32f-4c27a8882ae8: GrpcService started, listening on 0.0.0.0/0.0.0.0:35917
2019-10-08 22:22:23,486 [Datanode State Machine Thread - 0] INFO  ratis.XceiverServerRatis (XceiverServerRatis.java:start(428)) - XceiverServerRatis a01aebe6-4037-4f46-a32f-4c27a8882ae8 is started using port 35917
2019-10-08 22:22:23,486 [Datanode State Machine Thread - 0] INFO  server.XceiverServerGrpc (XceiverServerGrpc.java:start(149)) - XceiverServerGrpc a01aebe6-4037-4f46-a32f-4c27a8882ae8 is started using port 44678
2019-10-08 22:22:23,602 [Datanode State Machine Thread - 0] INFO  ozoneimpl.OzoneContainer (OzoneContainer.java:start(213)) - Attempting to start container services.
2019-10-08 22:22:23,603 [Datanode State Machine Thread - 0] INFO  ozoneimpl.OzoneContainer (OzoneContainer.java:startContainerScrub(177)) - Background container scanner has been disabled.
2019-10-08 22:22:23,603 [Datanode State Machine Thread - 0] INFO  ratis.XceiverServerRatis (XceiverServerRatis.java:start(418)) - Starting XceiverServerRatis dad677e0-3c16-4b25-8ae5-5b39f18dff15 at port 0
2019-10-08 22:22:23,611 [Datanode State Machine Thread - 0] INFO  impl.RaftServerProxy (RaftServerProxy.java:lambda$start$3(299)) - dad677e0-3c16-4b25-8ae5-5b39f18dff15: start RPC server
2019-10-08 22:22:23,612 [Datanode State Machine Thread - 0] INFO  server.GrpcService (GrpcService.java:startImpl(158)) - dad677e0-3c16-4b25-8ae5-5b39f18dff15: GrpcService started, listening on 0.0.0.0/0.0.0.0:41494
2019-10-08 22:22:23,612 [Datanode State Machine Thread - 0] INFO  ratis.XceiverServerRatis (XceiverServerRatis.java:start(428)) - XceiverServerRatis dad677e0-3c16-4b25-8ae5-5b39f18dff15 is started using port 41494
2019-10-08 22:22:23,613 [Datanode State Machine Thread - 0] INFO  server.XceiverServerGrpc (XceiverServerGrpc.java:start(149)) - XceiverServerGrpc dad677e0-3c16-4b25-8ae5-5b39f18dff15 is started using port 36015
2019-10-08 22:22:23,708 [Datanode State Machine Thread - 0] INFO  ozoneimpl.OzoneContainer (OzoneContainer.java:start(213)) - Attempting to start container services.
2019-10-08 22:22:23,708 [Datanode State Machine Thread - 0] INFO  ozoneimpl.OzoneContainer (OzoneContainer.java:startContainerScrub(177)) - Background container scanner has been disabled.
2019-10-08 22:22:23,708 [Datanode State Machine Thread - 0] INFO  ratis.XceiverServerRatis (XceiverServerRatis.java:start(418)) - Starting XceiverServerRatis 119e3add-9ce0-41a1-bdb3-8c9d3e342e8b at port 0
2019-10-08 22:22:23,716 [Datanode State Machine Thread - 0] INFO  impl.RaftServerProxy (RaftServerProxy.java:lambda$start$3(299)) - 119e3add-9ce0-41a1-bdb3-8c9d3e342e8b: start RPC server
2019-10-08 22:22:23,717 [Datanode State Machine Thread - 0] INFO  server.GrpcService (GrpcService.java:startImpl(158)) - 119e3add-9ce0-41a1-bdb3-8c9d3e342e8b: GrpcService started, listening on 0.0.0.0/0.0.0.0:42124
2019-10-08 22:22:23,717 [Datanode State Machine Thread - 0] INFO  ratis.XceiverServerRatis (XceiverServerRatis.java:start(428)) - XceiverServerRatis 119e3add-9ce0-41a1-bdb3-8c9d3e342e8b is started using port 42124
2019-10-08 22:22:23,722 [Datanode State Machine Thread - 0] INFO  server.XceiverServerGrpc (XceiverServerGrpc.java:start(149)) - XceiverServerGrpc 119e3add-9ce0-41a1-bdb3-8c9d3e342e8b is started using port 44946
2019-10-08 22:22:23,763 [main] INFO  ozone.MiniOzoneClusterImpl (MiniOzoneClusterImpl.java:lambda$waitForClusterToBeReady$0(147)) - Waiting for cluster to be ready. Got 0 of 7 DN Heartbeats.
2019-10-08 22:22:23,778 [Datanode State Machine Thread - 0] INFO  ozoneimpl.OzoneContainer (OzoneContainer.java:start(213)) - Attempting to start container services.
2019-10-08 22:22:23,779 [Datanode State Machine Thread - 0] INFO  ozoneimpl.OzoneContainer (OzoneContainer.java:startContainerScrub(177)) - Background container scanner has been disabled.
2019-10-08 22:22:23,779 [Datanode State Machine Thread - 0] INFO  ratis.XceiverServerRatis (XceiverServerRatis.java:start(418)) - Starting XceiverServerRatis 5527b411-67ae-4485-8ebf-0e04173083c3 at port 0
2019-10-08 22:22:23,786 [Datanode State Machine Thread - 0] INFO  impl.RaftServerProxy (RaftServerProxy.java:lambda$start$3(299)) - 5527b411-67ae-4485-8ebf-0e04173083c3: start RPC server
2019-10-08 22:22:23,791 [Datanode State Machine Thread - 0] INFO  server.GrpcService (GrpcService.java:startImpl(158)) - 5527b411-67ae-4485-8ebf-0e04173083c3: GrpcService started, listening on 0.0.0.0/0.0.0.0:46564
2019-10-08 22:22:23,792 [Datanode State Machine Thread - 0] INFO  ratis.XceiverServerRatis (XceiverServerRatis.java:start(428)) - XceiverServerRatis 5527b411-67ae-4485-8ebf-0e04173083c3 is started using port 46564
2019-10-08 22:22:23,792 [Datanode State Machine Thread - 0] INFO  server.XceiverServerGrpc (XceiverServerGrpc.java:start(149)) - XceiverServerGrpc 5527b411-67ae-4485-8ebf-0e04173083c3 is started using port 36997
2019-10-08 22:22:24,241 [grpc-default-executor-5] WARN  server.GrpcLogAppender (LogUtils.java:warn(134)) - ef68bf2f-14be-4d5f-8c8b-17dd79c852c2@group-AEC151EC4700->baae7a36-5fe0-4b63-85b5-441d2538a079-AppendLogResponseHandler: Failed appendEntries: org.apache.ratis.thirdparty.io.grpc.StatusRuntimeException: UNAVAILABLE: io exception
2019-10-08 22:22:24,241 [grpc-default-executor-1] WARN  server.GrpcLogAppender (LogUtils.java:warn(134)) - ef68bf2f-14be-4d5f-8c8b-17dd79c852c2@group-AEC151EC4700->3161767e-c286-4df4-9de4-b5ad5e977375-AppendLogResponseHandler: Failed appendEntries: org.apache.ratis.thirdparty.io.grpc.StatusRuntimeException: UNAVAILABLE: io exception
2019-10-08 22:22:24,242 [grpc-default-executor-5] INFO  impl.FollowerInfo (FollowerInfo.java:lambda$new$0(51)) - ef68bf2f-14be-4d5f-8c8b-17dd79c852c2@group-AEC151EC4700->baae7a36-5fe0-4b63-85b5-441d2538a079: nextIndex: updateUnconditionally 0 -> 0
2019-10-08 22:22:24,242 [grpc-default-executor-1] INFO  impl.FollowerInfo (FollowerInfo.java:lambda$new$0(51)) - ef68bf2f-14be-4d5f-8c8b-17dd79c852c2@group-AEC151EC4700->3161767e-c286-4df4-9de4-b5ad5e977375: nextIndex: updateUnconditionally 0 -> 0
2019-10-08 22:22:24,763 [main] INFO  ozone.MiniOzoneClusterImpl (MiniOzoneClusterImpl.java:lambda$waitForClusterToBeReady$0(147)) - Waiting for cluster to be ready. Got 0 of 7 DN Heartbeats.
2019-10-08 22:22:25,131 [IPC Server handler 3 on 43575] INFO  net.NetworkTopology (NetworkTopologyImpl.java:add(111)) - Added a new node: /default-rack/52c37ae0-fdd6-4f6c-852f-7383ab78a9c4
2019-10-08 22:22:25,136 [IPC Server handler 3 on 43575] INFO  node.SCMNodeManager (SCMNodeManager.java:register(268)) - Registered Data node : 52c37ae0-fdd6-4f6c-852f-7383ab78a9c4{ip: 192.168.30.45, host: pr-hdds-1228-jbbql-2974301341, networkLocation: /default-rack, certSerialId: null}
2019-10-08 22:22:25,137 [EventQueue-NodeRegistrationContainerReportForDataNodeSafeModeRule] INFO  safemode.SCMSafeModeManager (DataNodeSafeModeRule.java:process(71)) - SCM in safe mode. 1 DataNodes registered, 1 required.
2019-10-08 22:22:25,141 [EventQueue-NodeRegistrationContainerReportForDataNodeSafeModeRule] INFO  safemode.SCMSafeModeManager (SCMSafeModeManager.java:validateSafeModeExitRules(177)) - ScmSafeModeManager, all rules are successfully validated
2019-10-08 22:22:25,141 [EventQueue-NodeRegistrationContainerReportForDataNodeSafeModeRule] INFO  safemode.SCMSafeModeManager (SCMSafeModeManager.java:exitSafeMode(193)) - SCM exiting safe mode.
2019-10-08 22:22:25,171 [grpc-default-executor-1] INFO  impl.RaftServerProxy (RaftServerProxy.java:addNew(89)) - 52c37ae0-fdd6-4f6c-852f-7383ab78a9c4: addNew group-EFD6CC44C3A7:[52c37ae0-fdd6-4f6c-852f-7383ab78a9c4:192.168.30.45:34618] returns group-EFD6CC44C3A7:java.util.concurrent.CompletableFuture@5a64f830[Not completed]
2019-10-08 22:22:25,173 [pool-383-thread-1] INFO  impl.RaftServerImpl (RaftServerImpl.java:<init>(95)) - 52c37ae0-fdd6-4f6c-852f-7383ab78a9c4: new RaftServerImpl for group-EFD6CC44C3A7:[52c37ae0-fdd6-4f6c-852f-7383ab78a9c4:192.168.30.45:34618] with ContainerStateMachine:uninitialized
2019-10-08 22:22:25,174 [pool-383-thread-1] INFO  server.RaftServerConfigKeys (ConfUtils.java:logGet(43)) - raft.server.rpc.timeout.min = 5s (custom)
2019-10-08 22:22:25,174 [pool-383-thread-1] INFO  server.RaftServerConfigKeys (ConfUtils.java:logGet(43)) - raft.server.rpc.timeout.max = 5200ms (custom)
2019-10-08 22:22:25,174 [pool-383-thread-1] INFO  server.RaftServerConfigKeys (ConfUtils.java:logGet(43)) - raft.server.rpcslowness.timeout = 120s (custom)
2019-10-08 22:22:25,174 [pool-383-thread-1] INFO  server.RaftServerConfigKeys (ConfUtils.java:logGet(43)) - raft.server.sleep.deviation.threshold = 300 (default)
2019-10-08 22:22:25,174 [pool-383-thread-1] INFO  server.RaftServerConfigKeys (ConfUtils.java:logGet(43)) - raft.server.log.appender.install.snapshot.enabled = false (custom)
2019-10-08 22:22:25,174 [pool-383-thread-1] INFO  impl.RaftServerImpl (ServerState.java:<init>(103)) - 52c37ae0-fdd6-4f6c-852f-7383ab78a9c4@group-EFD6CC44C3A7: ConfigurationManager, init=-1: [52c37ae0-fdd6-4f6c-852f-7383ab78a9c4:192.168.30.45:34618], old=null, confs=<EMPTY_MAP>
2019-10-08 22:22:25,175 [pool-383-thread-1] INFO  server.RaftServerConfigKeys (ConfUtils.java:logGet(43)) - raft.server.storage.dir = [/workdir/hadoop-ozone/integration-test/target/test-dir/MiniOzoneClusterImpl-73be8c55-0359-4a05-973c-f572fa968d6f/datanode-0/data/ratis] (custom)
2019-10-08 22:22:25,175 [pool-383-thread-1] INFO  server.RaftServerConfigKeys (ConfUtils.java:logGet(43)) - raft.server.log.corruption.policy = EXCEPTION (default)
2019-10-08 22:22:25,175 [pool-383-thread-1] INFO  storage.RaftStorageDirectory (RaftStorageDirectory.java:analyzeStorage(246)) - The storage directory /workdir/hadoop-ozone/integration-test/target/test-dir/MiniOzoneClusterImpl-73be8c55-0359-4a05-973c-f572fa968d6f/datanode-0/data/ratis/68681d87-4d7f-4e39-89ca-efd6cc44c3a7 does not exist. Creating ...
2019-10-08 22:22:25,189 [pool-383-thread-1] INFO  storage.RaftStorageDirectory (RaftStorageDirectory.java:tryLock(328)) - Lock on /workdir/hadoop-ozone/integration-test/target/test-dir/MiniOzoneClusterImpl-73be8c55-0359-4a05-973c-f572fa968d6f/datanode-0/data/ratis/68681d87-4d7f-4e39-89ca-efd6cc44c3a7/in_use.lock acquired by nodename 10512@pr-hdds-1228-jbbql-2974301341
2019-10-08 22:22:25,201 [pool-383-thread-1] INFO  storage.RaftStorage (RaftStorage.java:format(84)) - Storage directory /workdir/hadoop-ozone/integration-test/target/test-dir/MiniOzoneClusterImpl-73be8c55-0359-4a05-973c-f572fa968d6f/datanode-0/data/ratis/68681d87-4d7f-4e39-89ca-efd6cc44c3a7 has been successfully formatted.
2019-10-08 22:22:25,201 [pool-383-thread-1] INFO  ratis.ContainerStateMachine (ContainerStateMachine.java:loadSnapshot(231)) - group-EFD6CC44C3A7: The snapshot info is null. Setting the last applied indexto:(t:0, i:~)
2019-10-08 22:22:25,202 [pool-383-thread-1] INFO  server.RaftServerConfigKeys (ConfUtils.java:logGet(43)) - raft.server.notification.no-leader.timeout = 120s (custom)
2019-10-08 22:22:25,202 [pool-383-thread-1] INFO  server.RaftServerConfigKeys (ConfUtils.java:logGet(43)) - raft.server.log.use.memory = false (default)
2019-10-08 22:22:25,202 [pool-383-thread-1] INFO  server.RaftServerConfigKeys (ConfUtils.java:logGet(43)) - raft.server.log.purge.gap = 1000000 (custom)
2019-10-08 22:22:25,202 [pool-383-thread-1] INFO  server.RaftServerConfigKeys (ConfUtils.java:logGet(43)) - raft.server.log.appender.buffer.byte-limit = 33554432 (custom)
2019-10-08 22:22:25,202 [pool-383-thread-1] INFO  server.RaftServerConfigKeys (ConfUtils.java:logGet(43)) - raft.server.log.segment.size.max = 1048576 (custom)
2019-10-08 22:22:25,204 [pool-383-thread-1] INFO  server.RaftServerConfigKeys (ConfUtils.java:logGet(43)) - raft.server.log.segment.cache.num.max = 2 (custom)
2019-10-08 22:22:25,204 [pool-383-thread-1] INFO  segmented.SegmentedRaftLogWorker (SegmentedRaftLogWorker.java:<init>(173)) - new 52c37ae0-fdd6-4f6c-852f-7383ab78a9c4@group-EFD6CC44C3A7-SegmentedRaftLogWorker for RaftStorage:Storage Directory /workdir/hadoop-ozone/integration-test/target/test-dir/MiniOzoneClusterImpl-73be8c55-0359-4a05-973c-f572fa968d6f/datanode-0/data/ratis/68681d87-4d7f-4e39-89ca-efd6cc44c3a7
2019-10-08 22:22:25,204 [pool-383-thread-1] INFO  server.RaftServerConfigKeys (ConfUtils.java:logGet(43)) - raft.server.log.queue.byte-limit = 2147483647 (custom)
2019-10-08 22:22:25,204 [pool-383-thread-1] INFO  server.RaftServerConfigKeys (ConfUtils.java:logGet(43)) - raft.server.log.queue.element-limit = 1024 (custom)
2019-10-08 22:22:25,204 [pool-383-thread-1] INFO  server.RaftServerConfigKeys (ConfUtils.java:logGet(43)) - raft.server.log.segment.size.max = 1048576 (custom)
2019-10-08 22:22:25,205 [pool-383-thread-1] INFO  server.RaftServerConfigKeys (ConfUtils.java:logGet(43)) - raft.server.log.preallocated.size = 16384 (custom)
2019-10-08 22:22:25,205 [pool-383-thread-1] INFO  server.RaftServerConfigKeys (ConfUtils.java:logGet(43)) - raft.server.log.write.buffer.size = 33554432 (custom)
2019-10-08 22:22:25,205 [pool-383-thread-1] INFO  server.RaftServerConfigKeys (ConfUtils.java:logGet(43)) - raft.server.log.force.sync.num = 128 (default)
2019-10-08 22:22:25,205 [pool-383-thread-1] INFO  server.RaftServerConfigKeys (ConfUtils.java:logGet(43)) - raft.server.log.statemachine.data.sync = true (default)
2019-10-08 22:22:25,205 [pool-383-thread-1] INFO  server.RaftServerConfigKeys (ConfUtils.java:logGet(43)) - raft.server.log.statemachine.data.sync.timeout = 10s (default)
2019-10-08 22:22:25,205 [pool-383-thread-1] INFO  server.RaftServerConfigKeys (ConfUtils.java:logGet(43)) - raft.server.log.statemachine.data.sync.timeout.retry = -1 (default)
2019-10-08 22:22:25,206 [pool-383-thread-1] INFO  server.RaftServerConfigKeys (ConfUtils.java:logGet(43)) - raft.server.log.statemachine.data.caching.enabled = true (custom)
2019-10-08 22:22:25,206 [pool-383-thread-1] INFO  segmented.SegmentedRaftLogWorker (SegmentedRaftLogWorker.java:lambda$new$0(128)) - 52c37ae0-fdd6-4f6c-852f-7383ab78a9c4@group-EFD6CC44C3A7-SegmentedRaftLogWorker: flushIndex: setUnconditionally 0 -> -1
2019-10-08 22:22:25,206 [pool-383-thread-1] INFO  server.RaftServerConfigKeys (ConfUtils.java:logGet(43)) - raft.server.snapshot.auto.trigger.enabled = true (custom)
2019-10-08 22:22:25,206 [pool-383-thread-1] INFO  server.RaftServerConfigKeys (ConfUtils.java:logGet(43)) - raft.server.snapshot.auto.trigger.threshold = 10000 (custom)
2019-10-08 22:22:25,207 [pool-383-thread-1] INFO  server.RaftServerConfigKeys (ConfUtils.java:logGet(43)) - raft.server.snapshot.retention.file.num = 5 (custom)
2019-10-08 22:22:25,207 [pool-383-thread-1] INFO  server.RaftServerConfigKeys (ConfUtils.java:logGet(43)) - raft.server.retrycache.expirytime = 600000ms (custom)
2019-10-08 22:22:25,208 [pool-383-thread-1] INFO  impl.RaftServerImpl (RaftServerImpl.java:start(181)) - 52c37ae0-fdd6-4f6c-852f-7383ab78a9c4@group-EFD6CC44C3A7: start as a follower, conf=-1: [52c37ae0-fdd6-4f6c-852f-7383ab78a9c4:192.168.30.45:34618], old=null
2019-10-08 22:22:25,208 [pool-383-thread-1] INFO  impl.RaftServerImpl (RaftServerImpl.java:setRole(170)) - 52c37ae0-fdd6-4f6c-852f-7383ab78a9c4@group-EFD6CC44C3A7: changes role from      null to FOLLOWER at term 0 for startAsFollower
2019-10-08 22:22:25,208 [pool-383-thread-1] INFO  impl.RoleInfo (RoleInfo.java:updateAndGet(143)) - 52c37ae0-fdd6-4f6c-852f-7383ab78a9c4: start FollowerState
2019-10-08 22:22:25,209 [pool-383-thread-1] INFO  util.JmxRegister (JmxRegister.java:tryRegister(44)) - Successfully registered JMX Bean with object name Ratis:service=RaftServer,group=group-EFD6CC44C3A7,id=52c37ae0-fdd6-4f6c-852f-7383ab78a9c4
2019-10-08 22:22:25,218 [RatisPipelineUtilsThread] INFO  pipeline.PipelineStateManager (PipelineStateManager.java:addPipeline(56)) - Created pipeline Pipeline[ Id: 68681d87-4d7f-4e39-89ca-efd6cc44c3a7, Nodes: 52c37ae0-fdd6-4f6c-852f-7383ab78a9c4{ip: 192.168.30.45, host: pr-hdds-1228-jbbql-2974301341, networkLocation: /default-rack, certSerialId: null}, Type:RATIS, Factor:ONE, State:OPEN]
2019-10-08 22:22:25,237 [IPC Server handler 5 on 43575] INFO  net.NetworkTopology (NetworkTopologyImpl.java:add(111)) - Added a new node: /default-rack/c9e29d54-6f88-4644-84f1-61bf3054ef05
2019-10-08 22:22:25,237 [IPC Server handler 5 on 43575] INFO  node.SCMNodeManager (SCMNodeManager.java:register(268)) - Registered Data node : c9e29d54-6f88-4644-84f1-61bf3054ef05{ip: 192.168.30.45, host: pr-hdds-1228-jbbql-2974301341, networkLocation: /default-rack, certSerialId: null}
2019-10-08 22:22:25,246 [grpc-default-executor-1] INFO  impl.RaftServerProxy (RaftServerProxy.java:addNew(89)) - c9e29d54-6f88-4644-84f1-61bf3054ef05: addNew group-4CB62691FFE2:[c9e29d54-6f88-4644-84f1-61bf3054ef05:192.168.30.45:36547] returns group-4CB62691FFE2:java.util.concurrent.CompletableFuture@5a541fdd[Not completed]
2019-10-08 22:22:25,248 [pool-393-thread-1] INFO  impl.RaftServerImpl (RaftServerImpl.java:<init>(95)) - c9e29d54-6f88-4644-84f1-61bf3054ef05: new RaftServerImpl for group-4CB62691FFE2:[c9e29d54-6f88-4644-84f1-61bf3054ef05:192.168.30.45:36547] with ContainerStateMachine:uninitialized
2019-10-08 22:22:25,248 [pool-393-thread-1] INFO  server.RaftServerConfigKeys (ConfUtils.java:logGet(43)) - raft.server.rpc.timeout.min = 5s (custom)
2019-10-08 22:22:25,248 [pool-393-thread-1] INFO  server.RaftServerConfigKeys (ConfUtils.java:logGet(43)) - raft.server.rpc.timeout.max = 5200ms (custom)
2019-10-08 22:22:25,249 [pool-393-thread-1] INFO  server.RaftServerConfigKeys (ConfUtils.java:logGet(43)) - raft.server.rpcslowness.timeout = 120s (custom)
2019-10-08 22:22:25,249 [pool-393-thread-1] INFO  server.RaftServerConfigKeys (ConfUtils.java:logGet(43)) - raft.server.sleep.deviation.threshold = 300 (default)
2019-10-08 22:22:25,249 [pool-393-thread-1] INFO  server.RaftServerConfigKeys (ConfUtils.java:logGet(43)) - raft.server.log.appender.install.snapshot.enabled = false (custom)
2019-10-08 22:22:25,249 [pool-393-thread-1] INFO  impl.RaftServerImpl (ServerState.java:<init>(103)) - c9e29d54-6f88-4644-84f1-61bf3054ef05@group-4CB62691FFE2: ConfigurationManager, init=-1: [c9e29d54-6f88-4644-84f1-61bf3054ef05:192.168.30.45:36547], old=null, confs=<EMPTY_MAP>
2019-10-08 22:22:25,249 [pool-393-thread-1] INFO  server.RaftServerConfigKeys (ConfUtils.java:logGet(43)) - raft.server.storage.dir = [/workdir/hadoop-ozone/integration-test/target/test-dir/MiniOzoneClusterImpl-73be8c55-0359-4a05-973c-f572fa968d6f/datanode-1/data/ratis] (custom)
2019-10-08 22:22:25,250 [pool-393-thread-1] INFO  server.RaftServerConfigKeys (ConfUtils.java:logGet(43)) - raft.server.log.corruption.policy = EXCEPTION (default)
2019-10-08 22:22:25,250 [pool-393-thread-1] INFO  storage.RaftStorageDirectory (RaftStorageDirectory.java:analyzeStorage(246)) - The storage directory /workdir/hadoop-ozone/integration-test/target/test-dir/MiniOzoneClusterImpl-73be8c55-0359-4a05-973c-f572fa968d6f/datanode-1/data/ratis/d6043444-3e78-44b5-a5e0-4cb62691ffe2 does not exist. Creating ...
2019-10-08 22:22:25,263 [pool-393-thread-1] INFO  storage.RaftStorageDirectory (RaftStorageDirectory.java:tryLock(328)) - Lock on /workdir/hadoop-ozone/integration-test/target/test-dir/MiniOzoneClusterImpl-73be8c55-0359-4a05-973c-f572fa968d6f/datanode-1/data/ratis/d6043444-3e78-44b5-a5e0-4cb62691ffe2/in_use.lock acquired by nodename 10512@pr-hdds-1228-jbbql-2974301341
2019-10-08 22:22:25,266 [pool-393-thread-1] INFO  storage.RaftStorage (RaftStorage.java:format(84)) - Storage directory /workdir/hadoop-ozone/integration-test/target/test-dir/MiniOzoneClusterImpl-73be8c55-0359-4a05-973c-f572fa968d6f/datanode-1/data/ratis/d6043444-3e78-44b5-a5e0-4cb62691ffe2 has been successfully formatted.
2019-10-08 22:22:25,267 [pool-393-thread-1] INFO  ratis.ContainerStateMachine (ContainerStateMachine.java:loadSnapshot(231)) - group-4CB62691FFE2: The snapshot info is null. Setting the last applied indexto:(t:0, i:~)
2019-10-08 22:22:25,267 [pool-393-thread-1] INFO  server.RaftServerConfigKeys (ConfUtils.java:logGet(43)) - raft.server.notification.no-leader.timeout = 120s (custom)
2019-10-08 22:22:25,267 [pool-393-thread-1] INFO  server.RaftServerConfigKeys (ConfUtils.java:logGet(43)) - raft.server.log.use.memory = false (default)
2019-10-08 22:22:25,267 [pool-393-thread-1] INFO  server.RaftServerConfigKeys (ConfUtils.java:logGet(43)) - raft.server.log.purge.gap = 1000000 (custom)
2019-10-08 22:22:25,267 [pool-393-thread-1] INFO  server.RaftServerConfigKeys (ConfUtils.java:logGet(43)) - raft.server.log.appender.buffer.byte-limit = 33554432 (custom)
2019-10-08 22:22:25,267 [pool-393-thread-1] INFO  server.RaftServerConfigKeys (ConfUtils.java:logGet(43)) - raft.server.log.segment.size.max = 1048576 (custom)
2019-10-08 22:22:25,269 [pool-393-thread-1] INFO  server.RaftServerConfigKeys (ConfUtils.java:logGet(43)) - raft.server.log.segment.cache.num.max = 2 (custom)
2019-10-08 22:22:25,269 [pool-393-thread-1] INFO  segmented.SegmentedRaftLogWorker (SegmentedRaftLogWorker.java:<init>(173)) - new c9e29d54-6f88-4644-84f1-61bf3054ef05@group-4CB62691FFE2-SegmentedRaftLogWorker for RaftStorage:Storage Directory /workdir/hadoop-ozone/integration-test/target/test-dir/MiniOzoneClusterImpl-73be8c55-0359-4a05-973c-f572fa968d6f/datanode-1/data/ratis/d6043444-3e78-44b5-a5e0-4cb62691ffe2
2019-10-08 22:22:25,270 [pool-393-thread-1] INFO  server.RaftServerConfigKeys (ConfUtils.java:logGet(43)) - raft.server.log.queue.byte-limit = 2147483647 (custom)
2019-10-08 22:22:25,270 [pool-393-thread-1] INFO  server.RaftServerConfigKeys (ConfUtils.java:logGet(43)) - raft.server.log.queue.element-limit = 1024 (custom)
2019-10-08 22:22:25,270 [pool-393-thread-1] INFO  server.RaftServerConfigKeys (ConfUtils.java:logGet(43)) - raft.server.log.segment.size.max = 1048576 (custom)
2019-10-08 22:22:25,270 [pool-393-thread-1] INFO  server.RaftServerConfigKeys (ConfUtils.java:logGet(43)) - raft.server.log.preallocated.size = 16384 (custom)
2019-10-08 22:22:25,270 [pool-393-thread-1] INFO  server.RaftServerConfigKeys (ConfUtils.java:logGet(43)) - raft.server.log.write.buffer.size = 33554432 (custom)
2019-10-08 22:22:25,270 [pool-393-thread-1] INFO  server.RaftServerConfigKeys (ConfUtils.java:logGet(43)) - raft.server.log.force.sync.num = 128 (default)
2019-10-08 22:22:25,270 [pool-393-thread-1] INFO  server.RaftServerConfigKeys (ConfUtils.java:logGet(43)) - raft.server.log.statemachine.data.sync = true (default)
2019-10-08 22:22:25,271 [pool-393-thread-1] INFO  server.RaftServerConfigKeys (ConfUtils.java:logGet(43)) - raft.server.log.statemachine.data.sync.timeout = 10s (default)
2019-10-08 22:22:25,271 [pool-393-thread-1] INFO  server.RaftServerConfigKeys (ConfUtils.java:logGet(43)) - raft.server.log.statemachine.data.sync.timeout.retry = -1 (default)
2019-10-08 22:22:25,271 [pool-393-thread-1] INFO  server.RaftServerConfigKeys (ConfUtils.java:logGet(43)) - raft.server.log.statemachine.data.caching.enabled = true (custom)
2019-10-08 22:22:25,272 [pool-393-thread-1] INFO  segmented.SegmentedRaftLogWorker (SegmentedRaftLogWorker.java:lambda$new$0(128)) - c9e29d54-6f88-4644-84f1-61bf3054ef05@group-4CB62691FFE2-SegmentedRaftLogWorker: flushIndex: setUnconditionally 0 -> -1
2019-10-08 22:22:25,272 [pool-393-thread-1] INFO  server.RaftServerConfigKeys (ConfUtils.java:logGet(43)) - raft.server.snapshot.auto.trigger.enabled = true (custom)
2019-10-08 22:22:25,272 [pool-393-thread-1] INFO  server.RaftServerConfigKeys (ConfUtils.java:logGet(43)) - raft.server.snapshot.auto.trigger.threshold = 10000 (custom)
2019-10-08 22:22:25,272 [pool-393-thread-1] INFO  server.RaftServerConfigKeys (ConfUtils.java:logGet(43)) - raft.server.snapshot.retention.file.num = 5 (custom)
2019-10-08 22:22:25,272 [pool-393-thread-1] INFO  server.RaftServerConfigKeys (ConfUtils.java:logGet(43)) - raft.server.retrycache.expirytime = 600000ms (custom)
2019-10-08 22:22:25,274 [pool-393-thread-1] INFO  impl.RaftServerImpl (RaftServerImpl.java:start(181)) - c9e29d54-6f88-4644-84f1-61bf3054ef05@group-4CB62691FFE2: start as a follower, conf=-1: [c9e29d54-6f88-4644-84f1-61bf3054ef05:192.168.30.45:36547], old=null
2019-10-08 22:22:25,274 [pool-393-thread-1] INFO  impl.RaftServerImpl (RaftServerImpl.java:setRole(170)) - c9e29d54-6f88-4644-84f1-61bf3054ef05@group-4CB62691FFE2: changes role from      null to FOLLOWER at term 0 for startAsFollower
2019-10-08 22:22:25,274 [pool-393-thread-1] INFO  impl.RoleInfo (RoleInfo.java:updateAndGet(143)) - c9e29d54-6f88-4644-84f1-61bf3054ef05: start FollowerState
2019-10-08 22:22:25,275 [pool-393-thread-1] INFO  util.JmxRegister (JmxRegister.java:tryRegister(44)) - Successfully registered JMX Bean with object name Ratis:service=RaftServer,group=group-4CB62691FFE2,id=c9e29d54-6f88-4644-84f1-61bf3054ef05
2019-10-08 22:22:25,284 [RatisPipelineUtilsThread] INFO  pipeline.PipelineStateManager (PipelineStateManager.java:addPipeline(56)) - Created pipeline Pipeline[ Id: d6043444-3e78-44b5-a5e0-4cb62691ffe2, Nodes: c9e29d54-6f88-4644-84f1-61bf3054ef05{ip: 192.168.30.45, host: pr-hdds-1228-jbbql-2974301341, networkLocation: /default-rack, certSerialId: null}, Type:RATIS, Factor:ONE, State:OPEN]
2019-10-08 22:22:25,358 [IPC Server handler 1 on 43575] INFO  net.NetworkTopology (NetworkTopologyImpl.java:add(111)) - Added a new node: /default-rack/25dc1725-276f-49a7-88a4-178b55aa4ec4
2019-10-08 22:22:25,358 [IPC Server handler 1 on 43575] INFO  node.SCMNodeManager (SCMNodeManager.java:register(268)) - Registered Data node : 25dc1725-276f-49a7-88a4-178b55aa4ec4{ip: 192.168.30.45, host: pr-hdds-1228-jbbql-2974301341, networkLocation: /default-rack, certSerialId: null}
2019-10-08 22:22:25,371 [grpc-default-executor-1] INFO  impl.RaftServerProxy (RaftServerProxy.java:addNew(89)) - 25dc1725-276f-49a7-88a4-178b55aa4ec4: addNew group-D19A75241F41:[25dc1725-276f-49a7-88a4-178b55aa4ec4:192.168.30.45:46701] returns group-D19A75241F41:java.util.concurrent.CompletableFuture@6ae34183[Not completed]
2019-10-08 22:22:25,373 [pool-403-thread-1] INFO  impl.RaftServerImpl (RaftServerImpl.java:<init>(95)) - 25dc1725-276f-49a7-88a4-178b55aa4ec4: new RaftServerImpl for group-D19A75241F41:[25dc1725-276f-49a7-88a4-178b55aa4ec4:192.168.30.45:46701] with ContainerStateMachine:uninitialized
2019-10-08 22:22:25,373 [pool-403-thread-1] INFO  server.RaftServerConfigKeys (ConfUtils.java:logGet(43)) - raft.server.rpc.timeout.min = 5s (custom)
2019-10-08 22:22:25,373 [pool-403-thread-1] INFO  server.RaftServerConfigKeys (ConfUtils.java:logGet(43)) - raft.server.rpc.timeout.max = 5200ms (custom)
2019-10-08 22:22:25,373 [pool-403-thread-1] INFO  server.RaftServerConfigKeys (ConfUtils.java:logGet(43)) - raft.server.rpcslowness.timeout = 120s (custom)
2019-10-08 22:22:25,373 [pool-403-thread-1] INFO  server.RaftServerConfigKeys (ConfUtils.java:logGet(43)) - raft.server.sleep.deviation.threshold = 300 (default)
2019-10-08 22:22:25,373 [pool-403-thread-1] INFO  server.RaftServerConfigKeys (ConfUtils.java:logGet(43)) - raft.server.log.appender.install.snapshot.enabled = false (custom)
2019-10-08 22:22:25,373 [pool-403-thread-1] INFO  impl.RaftServerImpl (ServerState.java:<init>(103)) - 25dc1725-276f-49a7-88a4-178b55aa4ec4@group-D19A75241F41: ConfigurationManager, init=-1: [25dc1725-276f-49a7-88a4-178b55aa4ec4:192.168.30.45:46701], old=null, confs=<EMPTY_MAP>
2019-10-08 22:22:25,374 [pool-403-thread-1] INFO  server.RaftServerConfigKeys (ConfUtils.java:logGet(43)) - raft.server.storage.dir = [/workdir/hadoop-ozone/integration-test/target/test-dir/MiniOzoneClusterImpl-73be8c55-0359-4a05-973c-f572fa968d6f/datanode-2/data/ratis] (custom)
2019-10-08 22:22:25,374 [pool-403-thread-1] INFO  server.RaftServerConfigKeys (ConfUtils.java:logGet(43)) - raft.server.log.corruption.policy = EXCEPTION (default)
2019-10-08 22:22:25,374 [pool-403-thread-1] INFO  storage.RaftStorageDirectory (RaftStorageDirectory.java:analyzeStorage(246)) - The storage directory /workdir/hadoop-ozone/integration-test/target/test-dir/MiniOzoneClusterImpl-73be8c55-0359-4a05-973c-f572fa968d6f/datanode-2/data/ratis/dd7cf62a-c0aa-4ffb-9c4f-d19a75241f41 does not exist. Creating ...
2019-10-08 22:22:25,385 [pool-403-thread-1] INFO  storage.RaftStorageDirectory (RaftStorageDirectory.java:tryLock(328)) - Lock on /workdir/hadoop-ozone/integration-test/target/test-dir/MiniOzoneClusterImpl-73be8c55-0359-4a05-973c-f572fa968d6f/datanode-2/data/ratis/dd7cf62a-c0aa-4ffb-9c4f-d19a75241f41/in_use.lock acquired by nodename 10512@pr-hdds-1228-jbbql-2974301341
2019-10-08 22:22:25,389 [pool-403-thread-1] INFO  storage.RaftStorage (RaftStorage.java:format(84)) - Storage directory /workdir/hadoop-ozone/integration-test/target/test-dir/MiniOzoneClusterImpl-73be8c55-0359-4a05-973c-f572fa968d6f/datanode-2/data/ratis/dd7cf62a-c0aa-4ffb-9c4f-d19a75241f41 has been successfully formatted.
2019-10-08 22:22:25,390 [pool-403-thread-1] INFO  ratis.ContainerStateMachine (ContainerStateMachine.java:loadSnapshot(231)) - group-D19A75241F41: The snapshot info is null. Setting the last applied indexto:(t:0, i:~)
2019-10-08 22:22:25,390 [pool-403-thread-1] INFO  server.RaftServerConfigKeys (ConfUtils.java:logGet(43)) - raft.server.notification.no-leader.timeout = 120s (custom)
2019-10-08 22:22:25,390 [pool-403-thread-1] INFO  server.RaftServerConfigKeys (ConfUtils.java:logGet(43)) - raft.server.log.use.memory = false (default)
2019-10-08 22:22:25,390 [pool-403-thread-1] INFO  server.RaftServerConfigKeys (ConfUtils.java:logGet(43)) - raft.server.log.purge.gap = 1000000 (custom)
2019-10-08 22:22:25,390 [pool-403-thread-1] INFO  server.RaftServerConfigKeys (ConfUtils.java:logGet(43)) - raft.server.log.appender.buffer.byte-limit = 33554432 (custom)
2019-10-08 22:22:25,390 [pool-403-thread-1] INFO  server.RaftServerConfigKeys (ConfUtils.java:logGet(43)) - raft.server.log.segment.size.max = 1048576 (custom)
2019-10-08 22:22:25,393 [pool-403-thread-1] INFO  server.RaftServerConfigKeys (ConfUtils.java:logGet(43)) - raft.server.log.segment.cache.num.max = 2 (custom)
2019-10-08 22:22:25,393 [pool-403-thread-1] INFO  segmented.SegmentedRaftLogWorker (SegmentedRaftLogWorker.java:<init>(173)) - new 25dc1725-276f-49a7-88a4-178b55aa4ec4@group-D19A75241F41-SegmentedRaftLogWorker for RaftStorage:Storage Directory /workdir/hadoop-ozone/integration-test/target/test-dir/MiniOzoneClusterImpl-73be8c55-0359-4a05-973c-f572fa968d6f/datanode-2/data/ratis/dd7cf62a-c0aa-4ffb-9c4f-d19a75241f41
2019-10-08 22:22:25,393 [pool-403-thread-1] INFO  server.RaftServerConfigKeys (ConfUtils.java:logGet(43)) - raft.server.log.queue.byte-limit = 2147483647 (custom)
2019-10-08 22:22:25,393 [pool-403-thread-1] INFO  server.RaftServerConfigKeys (ConfUtils.java:logGet(43)) - raft.server.log.queue.element-limit = 1024 (custom)
2019-10-08 22:22:25,393 [pool-403-thread-1] INFO  server.RaftServerConfigKeys (ConfUtils.java:logGet(43)) - raft.server.log.segment.size.max = 1048576 (custom)
2019-10-08 22:22:25,393 [pool-403-thread-1] INFO  server.RaftServerConfigKeys (ConfUtils.java:logGet(43)) - raft.server.log.preallocated.size = 16384 (custom)
2019-10-08 22:22:25,394 [pool-403-thread-1] INFO  server.RaftServerConfigKeys (ConfUtils.java:logGet(43)) - raft.server.log.write.buffer.size = 33554432 (custom)
2019-10-08 22:22:25,394 [pool-403-thread-1] INFO  server.RaftServerConfigKeys (ConfUtils.java:logGet(43)) - raft.server.log.force.sync.num = 128 (default)
2019-10-08 22:22:25,394 [pool-403-thread-1] INFO  server.RaftServerConfigKeys (ConfUtils.java:logGet(43)) - raft.server.log.statemachine.data.sync = true (default)
2019-10-08 22:22:25,394 [pool-403-thread-1] INFO  server.RaftServerConfigKeys (ConfUtils.java:logGet(43)) - raft.server.log.statemachine.data.sync.timeout = 10s (default)
2019-10-08 22:22:25,394 [pool-403-thread-1] INFO  server.RaftServerConfigKeys (ConfUtils.java:logGet(43)) - raft.server.log.statemachine.data.sync.timeout.retry = -1 (default)
2019-10-08 22:22:25,395 [pool-403-thread-1] INFO  server.RaftServerConfigKeys (ConfUtils.java:logGet(43)) - raft.server.log.statemachine.data.caching.enabled = true (custom)
2019-10-08 22:22:25,395 [pool-403-thread-1] INFO  segmented.SegmentedRaftLogWorker (SegmentedRaftLogWorker.java:lambda$new$0(128)) - 25dc1725-276f-49a7-88a4-178b55aa4ec4@group-D19A75241F41-SegmentedRaftLogWorker: flushIndex: setUnconditionally 0 -> -1
2019-10-08 22:22:25,395 [pool-403-thread-1] INFO  server.RaftServerConfigKeys (ConfUtils.java:logGet(43)) - raft.server.snapshot.auto.trigger.enabled = true (custom)
2019-10-08 22:22:25,395 [pool-403-thread-1] INFO  server.RaftServerConfigKeys (ConfUtils.java:logGet(43)) - raft.server.snapshot.auto.trigger.threshold = 10000 (custom)
2019-10-08 22:22:25,396 [pool-403-thread-1] INFO  server.RaftServerConfigKeys (ConfUtils.java:logGet(43)) - raft.server.snapshot.retention.file.num = 5 (custom)
2019-10-08 22:22:25,396 [pool-403-thread-1] INFO  server.RaftServerConfigKeys (ConfUtils.java:logGet(43)) - raft.server.retrycache.expirytime = 600000ms (custom)
2019-10-08 22:22:25,398 [pool-403-thread-1] INFO  impl.RaftServerImpl (RaftServerImpl.java:start(181)) - 25dc1725-276f-49a7-88a4-178b55aa4ec4@group-D19A75241F41: start as a follower, conf=-1: [25dc1725-276f-49a7-88a4-178b55aa4ec4:192.168.30.45:46701], old=null
2019-10-08 22:22:25,398 [pool-403-thread-1] INFO  impl.RaftServerImpl (RaftServerImpl.java:setRole(170)) - 25dc1725-276f-49a7-88a4-178b55aa4ec4@group-D19A75241F41: changes role from      null to FOLLOWER at term 0 for startAsFollower
2019-10-08 22:22:25,398 [pool-403-thread-1] INFO  impl.RoleInfo (RoleInfo.java:updateAndGet(143)) - 25dc1725-276f-49a7-88a4-178b55aa4ec4: start FollowerState
2019-10-08 22:22:25,398 [pool-403-thread-1] INFO  util.JmxRegister (JmxRegister.java:tryRegister(44)) - Successfully registered JMX Bean with object name Ratis:service=RaftServer,group=group-D19A75241F41,id=25dc1725-276f-49a7-88a4-178b55aa4ec4
2019-10-08 22:22:25,406 [RatisPipelineUtilsThread] INFO  pipeline.PipelineStateManager (PipelineStateManager.java:addPipeline(56)) - Created pipeline Pipeline[ Id: dd7cf62a-c0aa-4ffb-9c4f-d19a75241f41, Nodes: 25dc1725-276f-49a7-88a4-178b55aa4ec4{ip: 192.168.30.45, host: pr-hdds-1228-jbbql-2974301341, networkLocation: /default-rack, certSerialId: null}, Type:RATIS, Factor:ONE, State:OPEN]
2019-10-08 22:22:25,417 [grpc-default-executor-0] INFO  impl.RaftServerProxy (RaftServerProxy.java:addNew(89)) - c9e29d54-6f88-4644-84f1-61bf3054ef05: addNew group-1A2D5620F3E3:[c9e29d54-6f88-4644-84f1-61bf3054ef05:192.168.30.45:36547, 52c37ae0-fdd6-4f6c-852f-7383ab78a9c4:192.168.30.45:34618, 25dc1725-276f-49a7-88a4-178b55aa4ec4:192.168.30.45:46701] returns group-1A2D5620F3E3:java.util.concurrent.CompletableFuture@4ed8d748[Not completed]
2019-10-08 22:22:25,417 [grpc-default-executor-1] INFO  impl.RaftServerProxy (RaftServerProxy.java:addNew(89)) - 25dc1725-276f-49a7-88a4-178b55aa4ec4: addNew group-1A2D5620F3E3:[c9e29d54-6f88-4644-84f1-61bf3054ef05:192.168.30.45:36547, 52c37ae0-fdd6-4f6c-852f-7383ab78a9c4:192.168.30.45:34618, 25dc1725-276f-49a7-88a4-178b55aa4ec4:192.168.30.45:46701] returns group-1A2D5620F3E3:java.util.concurrent.CompletableFuture@51b0f00d[Not completed]
2019-10-08 22:22:25,417 [grpc-default-executor-0] INFO  impl.RaftServerProxy (RaftServerProxy.java:addNew(89)) - 52c37ae0-fdd6-4f6c-852f-7383ab78a9c4: addNew group-1A2D5620F3E3:[c9e29d54-6f88-4644-84f1-61bf3054ef05:192.168.30.45:36547, 52c37ae0-fdd6-4f6c-852f-7383ab78a9c4:192.168.30.45:34618, 25dc1725-276f-49a7-88a4-178b55aa4ec4:192.168.30.45:46701] returns group-1A2D5620F3E3:java.util.concurrent.CompletableFuture@66834324[Not completed]
2019-10-08 22:22:25,418 [pool-393-thread-1] INFO  impl.RaftServerImpl (RaftServerImpl.java:<init>(95)) - c9e29d54-6f88-4644-84f1-61bf3054ef05: new RaftServerImpl for group-1A2D5620F3E3:[c9e29d54-6f88-4644-84f1-61bf3054ef05:192.168.30.45:36547, 52c37ae0-fdd6-4f6c-852f-7383ab78a9c4:192.168.30.45:34618, 25dc1725-276f-49a7-88a4-178b55aa4ec4:192.168.30.45:46701] with ContainerStateMachine:uninitialized
2019-10-08 22:22:25,418 [pool-393-thread-1] INFO  server.RaftServerConfigKeys (ConfUtils.java:logGet(43)) - raft.server.rpc.timeout.min = 5s (custom)
2019-10-08 22:22:25,418 [pool-393-thread-1] INFO  server.RaftServerConfigKeys (ConfUtils.java:logGet(43)) - raft.server.rpc.timeout.max = 5200ms (custom)
2019-10-08 22:22:25,418 [pool-383-thread-1] INFO  impl.RaftServerImpl (RaftServerImpl.java:<init>(95)) - 52c37ae0-fdd6-4f6c-852f-7383ab78a9c4: new RaftServerImpl for group-1A2D5620F3E3:[c9e29d54-6f88-4644-84f1-61bf3054ef05:192.168.30.45:36547, 52c37ae0-fdd6-4f6c-852f-7383ab78a9c4:192.168.30.45:34618, 25dc1725-276f-49a7-88a4-178b55aa4ec4:192.168.30.45:46701] with ContainerStateMachine:uninitialized
2019-10-08 22:22:25,418 [pool-393-thread-1] INFO  server.RaftServerConfigKeys (ConfUtils.java:logGet(43)) - raft.server.rpcslowness.timeout = 120s (custom)
2019-10-08 22:22:25,418 [pool-383-thread-1] INFO  server.RaftServerConfigKeys (ConfUtils.java:logGet(43)) - raft.server.rpc.timeout.min = 5s (custom)
2019-10-08 22:22:25,418 [pool-393-thread-1] INFO  server.RaftServerConfigKeys (ConfUtils.java:logGet(43)) - raft.server.sleep.deviation.threshold = 300 (default)
2019-10-08 22:22:25,419 [pool-383-thread-1] INFO  server.RaftServerConfigKeys (ConfUtils.java:logGet(43)) - raft.server.rpc.timeout.max = 5200ms (custom)
2019-10-08 22:22:25,419 [pool-393-thread-1] INFO  server.RaftServerConfigKeys (ConfUtils.java:logGet(43)) - raft.server.log.appender.install.snapshot.enabled = false (custom)
2019-10-08 22:22:25,419 [pool-403-thread-1] INFO  impl.RaftServerImpl (RaftServerImpl.java:<init>(95)) - 25dc1725-276f-49a7-88a4-178b55aa4ec4: new RaftServerImpl for group-1A2D5620F3E3:[c9e29d54-6f88-4644-84f1-61bf3054ef05:192.168.30.45:36547, 52c37ae0-fdd6-4f6c-852f-7383ab78a9c4:192.168.30.45:34618, 25dc1725-276f-49a7-88a4-178b55aa4ec4:192.168.30.45:46701] with ContainerStateMachine:uninitialized
2019-10-08 22:22:25,419 [pool-383-thread-1] INFO  server.RaftServerConfigKeys (ConfUtils.java:logGet(43)) - raft.server.rpcslowness.timeout = 120s (custom)
2019-10-08 22:22:25,419 [pool-403-thread-1] INFO  server.RaftServerConfigKeys (ConfUtils.java:logGet(43)) - raft.server.rpc.timeout.min = 5s (custom)
2019-10-08 22:22:25,419 [pool-393-thread-1] INFO  impl.RaftServerImpl (ServerState.java:<init>(103)) - c9e29d54-6f88-4644-84f1-61bf3054ef05@group-1A2D5620F3E3: ConfigurationManager, init=-1: [c9e29d54-6f88-4644-84f1-61bf3054ef05:192.168.30.45:36547, 52c37ae0-fdd6-4f6c-852f-7383ab78a9c4:192.168.30.45:34618, 25dc1725-276f-49a7-88a4-178b55aa4ec4:192.168.30.45:46701], old=null, confs=<EMPTY_MAP>
2019-10-08 22:22:25,419 [pool-403-thread-1] INFO  server.RaftServerConfigKeys (ConfUtils.java:logGet(43)) - raft.server.rpc.timeout.max = 5200ms (custom)
2019-10-08 22:22:25,419 [pool-383-thread-1] INFO  server.RaftServerConfigKeys (ConfUtils.java:logGet(43)) - raft.server.sleep.deviation.threshold = 300 (default)
2019-10-08 22:22:25,419 [pool-393-thread-1] INFO  server.RaftServerConfigKeys (ConfUtils.java:logGet(43)) - raft.server.storage.dir = [/workdir/hadoop-ozone/integration-test/target/test-dir/MiniOzoneClusterImpl-73be8c55-0359-4a05-973c-f572fa968d6f/datanode-1/data/ratis] (custom)
2019-10-08 22:22:25,419 [pool-403-thread-1] INFO  server.RaftServerConfigKeys (ConfUtils.java:logGet(43)) - raft.server.rpcslowness.timeout = 120s (custom)
2019-10-08 22:22:25,420 [pool-383-thread-1] INFO  server.RaftServerConfigKeys (ConfUtils.java:logGet(43)) - raft.server.log.appender.install.snapshot.enabled = false (custom)
2019-10-08 22:22:25,420 [pool-403-thread-1] INFO  server.RaftServerConfigKeys (ConfUtils.java:logGet(43)) - raft.server.sleep.deviation.threshold = 300 (default)
2019-10-08 22:22:25,420 [pool-383-thread-1] INFO  impl.RaftServerImpl (ServerState.java:<init>(103)) - 52c37ae0-fdd6-4f6c-852f-7383ab78a9c4@group-1A2D5620F3E3: ConfigurationManager, init=-1: [c9e29d54-6f88-4644-84f1-61bf3054ef05:192.168.30.45:36547, 52c37ae0-fdd6-4f6c-852f-7383ab78a9c4:192.168.30.45:34618, 25dc1725-276f-49a7-88a4-178b55aa4ec4:192.168.30.45:46701], old=null, confs=<EMPTY_MAP>
2019-10-08 22:22:25,420 [pool-403-thread-1] INFO  server.RaftServerConfigKeys (ConfUtils.java:logGet(43)) - raft.server.log.appender.install.snapshot.enabled = false (custom)
2019-10-08 22:22:25,420 [pool-393-thread-1] INFO  server.RaftServerConfigKeys (ConfUtils.java:logGet(43)) - raft.server.log.corruption.policy = EXCEPTION (default)
2019-10-08 22:22:25,420 [pool-403-thread-1] INFO  impl.RaftServerImpl (ServerState.java:<init>(103)) - 25dc1725-276f-49a7-88a4-178b55aa4ec4@group-1A2D5620F3E3: ConfigurationManager, init=-1: [c9e29d54-6f88-4644-84f1-61bf3054ef05:192.168.30.45:36547, 52c37ae0-fdd6-4f6c-852f-7383ab78a9c4:192.168.30.45:34618, 25dc1725-276f-49a7-88a4-178b55aa4ec4:192.168.30.45:46701], old=null, confs=<EMPTY_MAP>
2019-10-08 22:22:25,420 [pool-383-thread-1] INFO  server.RaftServerConfigKeys (ConfUtils.java:logGet(43)) - raft.server.storage.dir = [/workdir/hadoop-ozone/integration-test/target/test-dir/MiniOzoneClusterImpl-73be8c55-0359-4a05-973c-f572fa968d6f/datanode-0/data/ratis] (custom)
2019-10-08 22:22:25,420 [pool-403-thread-1] INFO  server.RaftServerConfigKeys (ConfUtils.java:logGet(43)) - raft.server.storage.dir = [/workdir/hadoop-ozone/integration-test/target/test-dir/MiniOzoneClusterImpl-73be8c55-0359-4a05-973c-f572fa968d6f/datanode-2/data/ratis] (custom)
2019-10-08 22:22:25,420 [pool-393-thread-1] INFO  storage.RaftStorageDirectory (RaftStorageDirectory.java:analyzeStorage(246)) - The storage directory /workdir/hadoop-ozone/integration-test/target/test-dir/MiniOzoneClusterImpl-73be8c55-0359-4a05-973c-f572fa968d6f/datanode-1/data/ratis/377ae66b-eba6-439e-ad88-1a2d5620f3e3 does not exist. Creating ...
2019-10-08 22:22:25,421 [pool-403-thread-1] INFO  server.RaftServerConfigKeys (ConfUtils.java:logGet(43)) - raft.server.log.corruption.policy = EXCEPTION (default)
2019-10-08 22:22:25,420 [pool-383-thread-1] INFO  server.RaftServerConfigKeys (ConfUtils.java:logGet(43)) - raft.server.log.corruption.policy = EXCEPTION (default)
2019-10-08 22:22:25,421 [pool-403-thread-1] INFO  storage.RaftStorageDirectory (RaftStorageDirectory.java:analyzeStorage(246)) - The storage directory /workdir/hadoop-ozone/integration-test/target/test-dir/MiniOzoneClusterImpl-73be8c55-0359-4a05-973c-f572fa968d6f/datanode-2/data/ratis/377ae66b-eba6-439e-ad88-1a2d5620f3e3 does not exist. Creating ...
2019-10-08 22:22:25,421 [pool-383-thread-1] INFO  storage.RaftStorageDirectory (RaftStorageDirectory.java:analyzeStorage(246)) - The storage directory /workdir/hadoop-ozone/integration-test/target/test-dir/MiniOzoneClusterImpl-73be8c55-0359-4a05-973c-f572fa968d6f/datanode-0/data/ratis/377ae66b-eba6-439e-ad88-1a2d5620f3e3 does not exist. Creating ...
2019-10-08 22:22:25,433 [pool-383-thread-1] INFO  storage.RaftStorageDirectory (RaftStorageDirectory.java:tryLock(328)) - Lock on /workdir/hadoop-ozone/integration-test/target/test-dir/MiniOzoneClusterImpl-73be8c55-0359-4a05-973c-f572fa968d6f/datanode-0/data/ratis/377ae66b-eba6-439e-ad88-1a2d5620f3e3/in_use.lock acquired by nodename 10512@pr-hdds-1228-jbbql-2974301341
2019-10-08 22:22:25,433 [pool-393-thread-1] INFO  storage.RaftStorageDirectory (RaftStorageDirectory.java:tryLock(328)) - Lock on /workdir/hadoop-ozone/integration-test/target/test-dir/MiniOzoneClusterImpl-73be8c55-0359-4a05-973c-f572fa968d6f/datanode-1/data/ratis/377ae66b-eba6-439e-ad88-1a2d5620f3e3/in_use.lock acquired by nodename 10512@pr-hdds-1228-jbbql-2974301341
2019-10-08 22:22:25,433 [pool-403-thread-1] INFO  storage.RaftStorageDirectory (RaftStorageDirectory.java:tryLock(328)) - Lock on /workdir/hadoop-ozone/integration-test/target/test-dir/MiniOzoneClusterImpl-73be8c55-0359-4a05-973c-f572fa968d6f/datanode-2/data/ratis/377ae66b-eba6-439e-ad88-1a2d5620f3e3/in_use.lock acquired by nodename 10512@pr-hdds-1228-jbbql-2974301341
2019-10-08 22:22:25,438 [pool-403-thread-1] INFO  storage.RaftStorage (RaftStorage.java:format(84)) - Storage directory /workdir/hadoop-ozone/integration-test/target/test-dir/MiniOzoneClusterImpl-73be8c55-0359-4a05-973c-f572fa968d6f/datanode-2/data/ratis/377ae66b-eba6-439e-ad88-1a2d5620f3e3 has been successfully formatted.
2019-10-08 22:22:25,438 [pool-393-thread-1] INFO  storage.RaftStorage (RaftStorage.java:format(84)) - Storage directory /workdir/hadoop-ozone/integration-test/target/test-dir/MiniOzoneClusterImpl-73be8c55-0359-4a05-973c-f572fa968d6f/datanode-1/data/ratis/377ae66b-eba6-439e-ad88-1a2d5620f3e3 has been successfully formatted.
2019-10-08 22:22:25,438 [pool-383-thread-1] INFO  storage.RaftStorage (RaftStorage.java:format(84)) - Storage directory /workdir/hadoop-ozone/integration-test/target/test-dir/MiniOzoneClusterImpl-73be8c55-0359-4a05-973c-f572fa968d6f/datanode-0/data/ratis/377ae66b-eba6-439e-ad88-1a2d5620f3e3 has been successfully formatted.
2019-10-08 22:22:25,438 [pool-403-thread-1] INFO  ratis.ContainerStateMachine (ContainerStateMachine.java:loadSnapshot(231)) - group-1A2D5620F3E3: The snapshot info is null. Setting the last applied indexto:(t:0, i:~)
2019-10-08 22:22:25,439 [pool-393-thread-1] INFO  ratis.ContainerStateMachine (ContainerStateMachine.java:loadSnapshot(231)) - group-1A2D5620F3E3: The snapshot info is null. Setting the last applied indexto:(t:0, i:~)
2019-10-08 22:22:25,439 [pool-403-thread-1] INFO  server.RaftServerConfigKeys (ConfUtils.java:logGet(43)) - raft.server.notification.no-leader.timeout = 120s (custom)
2019-10-08 22:22:25,439 [pool-383-thread-1] INFO  ratis.ContainerStateMachine (ContainerStateMachine.java:loadSnapshot(231)) - group-1A2D5620F3E3: The snapshot info is null. Setting the last applied indexto:(t:0, i:~)
2019-10-08 22:22:25,439 [pool-403-thread-1] INFO  server.RaftServerConfigKeys (ConfUtils.java:logGet(43)) - raft.server.log.use.memory = false (default)
2019-10-08 22:22:25,439 [pool-393-thread-1] INFO  server.RaftServerConfigKeys (ConfUtils.java:logGet(43)) - raft.server.notification.no-leader.timeout = 120s (custom)
2019-10-08 22:22:25,439 [pool-403-thread-1] INFO  server.RaftServerConfigKeys (ConfUtils.java:logGet(43)) - raft.server.log.purge.gap = 1000000 (custom)
2019-10-08 22:22:25,439 [pool-383-thread-1] INFO  server.RaftServerConfigKeys (ConfUtils.java:logGet(43)) - raft.server.notification.no-leader.timeout = 120s (custom)
2019-10-08 22:22:25,439 [pool-403-thread-1] INFO  server.RaftServerConfigKeys (ConfUtils.java:logGet(43)) - raft.server.log.appender.buffer.byte-limit = 33554432 (custom)
2019-10-08 22:22:25,439 [pool-393-thread-1] INFO  server.RaftServerConfigKeys (ConfUtils.java:logGet(43)) - raft.server.log.use.memory = false (default)
2019-10-08 22:22:25,439 [pool-403-thread-1] INFO  server.RaftServerConfigKeys (ConfUtils.java:logGet(43)) - raft.server.log.segment.size.max = 1048576 (custom)
2019-10-08 22:22:25,439 [pool-383-thread-1] INFO  server.RaftServerConfigKeys (ConfUtils.java:logGet(43)) - raft.server.log.use.memory = false (default)
2019-10-08 22:22:25,440 [pool-403-thread-1] INFO  server.RaftServerConfigKeys (ConfUtils.java:logGet(43)) - raft.server.log.segment.cache.num.max = 2 (custom)
2019-10-08 22:22:25,440 [pool-393-thread-1] INFO  server.RaftServerConfigKeys (ConfUtils.java:logGet(43)) - raft.server.log.purge.gap = 1000000 (custom)
2019-10-08 22:22:25,440 [pool-403-thread-1] INFO  segmented.SegmentedRaftLogWorker (SegmentedRaftLogWorker.java:<init>(173)) - new 25dc1725-276f-49a7-88a4-178b55aa4ec4@group-1A2D5620F3E3-SegmentedRaftLogWorker for RaftStorage:Storage Directory /workdir/hadoop-ozone/integration-test/target/test-dir/MiniOzoneClusterImpl-73be8c55-0359-4a05-973c-f572fa968d6f/datanode-2/data/ratis/377ae66b-eba6-439e-ad88-1a2d5620f3e3
2019-10-08 22:22:25,440 [pool-383-thread-1] INFO  server.RaftServerConfigKeys (ConfUtils.java:logGet(43)) - raft.server.log.purge.gap = 1000000 (custom)
2019-10-08 22:22:25,440 [pool-403-thread-1] INFO  server.RaftServerConfigKeys (ConfUtils.java:logGet(43)) - raft.server.log.queue.byte-limit = 2147483647 (custom)
2019-10-08 22:22:25,440 [pool-393-thread-1] INFO  server.RaftServerConfigKeys (ConfUtils.java:logGet(43)) - raft.server.log.appender.buffer.byte-limit = 33554432 (custom)
2019-10-08 22:22:25,440 [pool-403-thread-1] INFO  server.RaftServerConfigKeys (ConfUtils.java:logGet(43)) - raft.server.log.queue.element-limit = 1024 (custom)
2019-10-08 22:22:25,440 [pool-383-thread-1] INFO  server.RaftServerConfigKeys (ConfUtils.java:logGet(43)) - raft.server.log.appender.buffer.byte-limit = 33554432 (custom)
2019-10-08 22:22:25,440 [pool-403-thread-1] INFO  server.RaftServerConfigKeys (ConfUtils.java:logGet(43)) - raft.server.log.segment.size.max = 1048576 (custom)
2019-10-08 22:22:25,440 [pool-393-thread-1] INFO  server.RaftServerConfigKeys (ConfUtils.java:logGet(43)) - raft.server.log.segment.size.max = 1048576 (custom)
2019-10-08 22:22:25,441 [pool-403-thread-1] INFO  server.RaftServerConfigKeys (ConfUtils.java:logGet(43)) - raft.server.log.preallocated.size = 16384 (custom)
2019-10-08 22:22:25,441 [pool-383-thread-1] INFO  server.RaftServerConfigKeys (ConfUtils.java:logGet(43)) - raft.server.log.segment.size.max = 1048576 (custom)
2019-10-08 22:22:25,441 [pool-403-thread-1] INFO  server.RaftServerConfigKeys (ConfUtils.java:logGet(43)) - raft.server.log.write.buffer.size = 33554432 (custom)
2019-10-08 22:22:25,441 [pool-393-thread-1] INFO  server.RaftServerConfigKeys (ConfUtils.java:logGet(43)) - raft.server.log.segment.cache.num.max = 2 (custom)
2019-10-08 22:22:25,441 [pool-403-thread-1] INFO  server.RaftServerConfigKeys (ConfUtils.java:logGet(43)) - raft.server.log.force.sync.num = 128 (default)
2019-10-08 22:22:25,441 [pool-383-thread-1] INFO  server.RaftServerConfigKeys (ConfUtils.java:logGet(43)) - raft.server.log.segment.cache.num.max = 2 (custom)
2019-10-08 22:22:25,441 [pool-403-thread-1] INFO  server.RaftServerConfigKeys (ConfUtils.java:logGet(43)) - raft.server.log.statemachine.data.sync = true (default)
2019-10-08 22:22:25,441 [pool-393-thread-1] INFO  segmented.SegmentedRaftLogWorker (SegmentedRaftLogWorker.java:<init>(173)) - new c9e29d54-6f88-4644-84f1-61bf3054ef05@group-1A2D5620F3E3-SegmentedRaftLogWorker for RaftStorage:Storage Directory /workdir/hadoop-ozone/integration-test/target/test-dir/MiniOzoneClusterImpl-73be8c55-0359-4a05-973c-f572fa968d6f/datanode-1/data/ratis/377ae66b-eba6-439e-ad88-1a2d5620f3e3
2019-10-08 22:22:25,441 [pool-403-thread-1] INFO  server.RaftServerConfigKeys (ConfUtils.java:logGet(43)) - raft.server.log.statemachine.data.sync.timeout = 10s (default)
2019-10-08 22:22:25,441 [pool-383-thread-1] INFO  segmented.SegmentedRaftLogWorker (SegmentedRaftLogWorker.java:<init>(173)) - new 52c37ae0-fdd6-4f6c-852f-7383ab78a9c4@group-1A2D5620F3E3-SegmentedRaftLogWorker for RaftStorage:Storage Directory /workdir/hadoop-ozone/integration-test/target/test-dir/MiniOzoneClusterImpl-73be8c55-0359-4a05-973c-f572fa968d6f/datanode-0/data/ratis/377ae66b-eba6-439e-ad88-1a2d5620f3e3
2019-10-08 22:22:25,442 [pool-403-thread-1] INFO  server.RaftServerConfigKeys (ConfUtils.java:logGet(43)) - raft.server.log.statemachine.data.sync.timeout.retry = -1 (default)
2019-10-08 22:22:25,442 [pool-393-thread-1] INFO  server.RaftServerConfigKeys (ConfUtils.java:logGet(43)) - raft.server.log.queue.byte-limit = 2147483647 (custom)
2019-10-08 22:22:25,442 [pool-403-thread-1] INFO  server.RaftServerConfigKeys (ConfUtils.java:logGet(43)) - raft.server.log.statemachine.data.caching.enabled = true (custom)
2019-10-08 22:22:25,442 [pool-383-thread-1] INFO  server.RaftServerConfigKeys (ConfUtils.java:logGet(43)) - raft.server.log.queue.byte-limit = 2147483647 (custom)
2019-10-08 22:22:25,442 [pool-393-thread-1] INFO  server.RaftServerConfigKeys (ConfUtils.java:logGet(43)) - raft.server.log.queue.element-limit = 1024 (custom)
2019-10-08 22:22:25,442 [pool-403-thread-1] INFO  segmented.SegmentedRaftLogWorker (SegmentedRaftLogWorker.java:lambda$new$0(128)) - 25dc1725-276f-49a7-88a4-178b55aa4ec4@group-1A2D5620F3E3-SegmentedRaftLogWorker: flushIndex: setUnconditionally 0 -> -1
2019-10-08 22:22:25,442 [pool-383-thread-1] INFO  server.RaftServerConfigKeys (ConfUtils.java:logGet(43)) - raft.server.log.queue.element-limit = 1024 (custom)
2019-10-08 22:22:25,442 [pool-393-thread-1] INFO  server.RaftServerConfigKeys (ConfUtils.java:logGet(43)) - raft.server.log.segment.size.max = 1048576 (custom)
2019-10-08 22:22:25,443 [pool-403-thread-1] INFO  server.RaftServerConfigKeys (ConfUtils.java:logGet(43)) - raft.server.snapshot.auto.trigger.enabled = true (custom)
2019-10-08 22:22:25,443 [pool-383-thread-1] INFO  server.RaftServerConfigKeys (ConfUtils.java:logGet(43)) - raft.server.log.segment.size.max = 1048576 (custom)
2019-10-08 22:22:25,443 [pool-403-thread-1] INFO  server.RaftServerConfigKeys (ConfUtils.java:logGet(43)) - raft.server.snapshot.auto.trigger.threshold = 10000 (custom)
2019-10-08 22:22:25,443 [pool-393-thread-1] INFO  server.RaftServerConfigKeys (ConfUtils.java:logGet(43)) - raft.server.log.preallocated.size = 16384 (custom)
2019-10-08 22:22:25,443 [pool-403-thread-1] INFO  server.RaftServerConfigKeys (ConfUtils.java:logGet(43)) - raft.server.snapshot.retention.file.num = 5 (custom)
2019-10-08 22:22:25,443 [pool-383-thread-1] INFO  server.RaftServerConfigKeys (ConfUtils.java:logGet(43)) - raft.server.log.preallocated.size = 16384 (custom)
2019-10-08 22:22:25,443 [pool-403-thread-1] INFO  server.RaftServerConfigKeys (ConfUtils.java:logGet(43)) - raft.server.retrycache.expirytime = 600000ms (custom)
2019-10-08 22:22:25,443 [pool-393-thread-1] INFO  server.RaftServerConfigKeys (ConfUtils.java:logGet(43)) - raft.server.log.write.buffer.size = 33554432 (custom)
2019-10-08 22:22:25,443 [pool-383-thread-1] INFO  server.RaftServerConfigKeys (ConfUtils.java:logGet(43)) - raft.server.log.write.buffer.size = 33554432 (custom)
2019-10-08 22:22:25,444 [pool-393-thread-1] INFO  server.RaftServerConfigKeys (ConfUtils.java:logGet(43)) - raft.server.log.force.sync.num = 128 (default)
2019-10-08 22:22:25,444 [pool-383-thread-1] INFO  server.RaftServerConfigKeys (ConfUtils.java:logGet(43)) - raft.server.log.force.sync.num = 128 (default)
2019-10-08 22:22:25,444 [pool-393-thread-1] INFO  server.RaftServerConfigKeys (ConfUtils.java:logGet(43)) - raft.server.log.statemachine.data.sync = true (default)
2019-10-08 22:22:25,444 [pool-383-thread-1] INFO  server.RaftServerConfigKeys (ConfUtils.java:logGet(43)) - raft.server.log.statemachine.data.sync = true (default)
2019-10-08 22:22:25,444 [pool-393-thread-1] INFO  server.RaftServerConfigKeys (ConfUtils.java:logGet(43)) - raft.server.log.statemachine.data.sync.timeout = 10s (default)
2019-10-08 22:22:25,444 [pool-383-thread-1] INFO  server.RaftServerConfigKeys (ConfUtils.java:logGet(43)) - raft.server.log.statemachine.data.sync.timeout = 10s (default)
2019-10-08 22:22:25,444 [pool-393-thread-1] INFO  server.RaftServerConfigKeys (ConfUtils.java:logGet(43)) - raft.server.log.statemachine.data.sync.timeout.retry = -1 (default)
2019-10-08 22:22:25,444 [pool-383-thread-1] INFO  server.RaftServerConfigKeys (ConfUtils.java:logGet(43)) - raft.server.log.statemachine.data.sync.timeout.retry = -1 (default)
2019-10-08 22:22:25,444 [pool-403-thread-1] INFO  impl.RaftServerImpl (RaftServerImpl.java:start(181)) - 25dc1725-276f-49a7-88a4-178b55aa4ec4@group-1A2D5620F3E3: start as a follower, conf=-1: [c9e29d54-6f88-4644-84f1-61bf3054ef05:192.168.30.45:36547, 52c37ae0-fdd6-4f6c-852f-7383ab78a9c4:192.168.30.45:34618, 25dc1725-276f-49a7-88a4-178b55aa4ec4:192.168.30.45:46701], old=null
2019-10-08 22:22:25,445 [pool-383-thread-1] INFO  server.RaftServerConfigKeys (ConfUtils.java:logGet(43)) - raft.server.log.statemachine.data.caching.enabled = true (custom)
2019-10-08 22:22:25,445 [pool-393-thread-1] INFO  server.RaftServerConfigKeys (ConfUtils.java:logGet(43)) - raft.server.log.statemachine.data.caching.enabled = true (custom)
2019-10-08 22:22:25,445 [pool-383-thread-1] INFO  segmented.SegmentedRaftLogWorker (SegmentedRaftLogWorker.java:lambda$new$0(128)) - 52c37ae0-fdd6-4f6c-852f-7383ab78a9c4@group-1A2D5620F3E3-SegmentedRaftLogWorker: flushIndex: setUnconditionally 0 -> -1
2019-10-08 22:22:25,445 [pool-403-thread-1] INFO  impl.RaftServerImpl (RaftServerImpl.java:setRole(170)) - 25dc1725-276f-49a7-88a4-178b55aa4ec4@group-1A2D5620F3E3: changes role from      null to FOLLOWER at term 0 for startAsFollower
2019-10-08 22:22:25,445 [pool-393-thread-1] INFO  segmented.SegmentedRaftLogWorker (SegmentedRaftLogWorker.java:lambda$new$0(128)) - c9e29d54-6f88-4644-84f1-61bf3054ef05@group-1A2D5620F3E3-SegmentedRaftLogWorker: flushIndex: setUnconditionally 0 -> -1
2019-10-08 22:22:25,445 [pool-383-thread-1] INFO  server.RaftServerConfigKeys (ConfUtils.java:logGet(43)) - raft.server.snapshot.auto.trigger.enabled = true (custom)
2019-10-08 22:22:25,445 [pool-403-thread-1] INFO  impl.RoleInfo (RoleInfo.java:updateAndGet(143)) - 25dc1725-276f-49a7-88a4-178b55aa4ec4: start FollowerState
2019-10-08 22:22:25,445 [pool-383-thread-1] INFO  server.RaftServerConfigKeys (ConfUtils.java:logGet(43)) - raft.server.snapshot.auto.trigger.threshold = 10000 (custom)
2019-10-08 22:22:25,445 [pool-393-thread-1] INFO  server.RaftServerConfigKeys (ConfUtils.java:logGet(43)) - raft.server.snapshot.auto.trigger.enabled = true (custom)
2019-10-08 22:22:25,446 [pool-383-thread-1] INFO  server.RaftServerConfigKeys (ConfUtils.java:logGet(43)) - raft.server.snapshot.retention.file.num = 5 (custom)
2019-10-08 22:22:25,446 [pool-393-thread-1] INFO  server.RaftServerConfigKeys (ConfUtils.java:logGet(43)) - raft.server.snapshot.auto.trigger.threshold = 10000 (custom)
2019-10-08 22:22:25,446 [pool-403-thread-1] INFO  util.JmxRegister (JmxRegister.java:tryRegister(44)) - Successfully registered JMX Bean with object name Ratis:service=RaftServer,group=group-1A2D5620F3E3,id=25dc1725-276f-49a7-88a4-178b55aa4ec4
2019-10-08 22:22:25,446 [pool-393-thread-1] INFO  server.RaftServerConfigKeys (ConfUtils.java:logGet(43)) - raft.server.snapshot.retention.file.num = 5 (custom)
2019-10-08 22:22:25,446 [pool-383-thread-1] INFO  server.RaftServerConfigKeys (ConfUtils.java:logGet(43)) - raft.server.retrycache.expirytime = 600000ms (custom)
2019-10-08 22:22:25,446 [pool-393-thread-1] INFO  server.RaftServerConfigKeys (ConfUtils.java:logGet(43)) - raft.server.retrycache.expirytime = 600000ms (custom)
2019-10-08 22:22:25,449 [pool-383-thread-1] INFO  impl.RaftServerImpl (RaftServerImpl.java:start(181)) - 52c37ae0-fdd6-4f6c-852f-7383ab78a9c4@group-1A2D5620F3E3: start as a follower, conf=-1: [c9e29d54-6f88-4644-84f1-61bf3054ef05:192.168.30.45:36547, 52c37ae0-fdd6-4f6c-852f-7383ab78a9c4:192.168.30.45:34618, 25dc1725-276f-49a7-88a4-178b55aa4ec4:192.168.30.45:46701], old=null
2019-10-08 22:22:25,449 [pool-383-thread-1] INFO  impl.RaftServerImpl (RaftServerImpl.java:setRole(170)) - 52c37ae0-fdd6-4f6c-852f-7383ab78a9c4@group-1A2D5620F3E3: changes role from      null to FOLLOWER at term 0 for startAsFollower
2019-10-08 22:22:25,449 [pool-393-thread-1] INFO  impl.RaftServerImpl (RaftServerImpl.java:start(181)) - c9e29d54-6f88-4644-84f1-61bf3054ef05@group-1A2D5620F3E3: start as a follower, conf=-1: [c9e29d54-6f88-4644-84f1-61bf3054ef05:192.168.30.45:36547, 52c37ae0-fdd6-4f6c-852f-7383ab78a9c4:192.168.30.45:34618, 25dc1725-276f-49a7-88a4-178b55aa4ec4:192.168.30.45:46701], old=null
2019-10-08 22:22:25,449 [pool-383-thread-1] INFO  impl.RoleInfo (RoleInfo.java:updateAndGet(143)) - 52c37ae0-fdd6-4f6c-852f-7383ab78a9c4: start FollowerState
2019-10-08 22:22:25,449 [pool-393-thread-1] INFO  impl.RaftServerImpl (RaftServerImpl.java:setRole(170)) - c9e29d54-6f88-4644-84f1-61bf3054ef05@group-1A2D5620F3E3: changes role from      null to FOLLOWER at term 0 for startAsFollower
2019-10-08 22:22:25,453 [pool-393-thread-1] INFO  impl.RoleInfo (RoleInfo.java:updateAndGet(143)) - c9e29d54-6f88-4644-84f1-61bf3054ef05: start FollowerState
2019-10-08 22:22:25,453 [pool-383-thread-1] INFO  util.JmxRegister (JmxRegister.java:tryRegister(44)) - Successfully registered JMX Bean with object name Ratis:service=RaftServer,group=group-1A2D5620F3E3,id=52c37ae0-fdd6-4f6c-852f-7383ab78a9c4
2019-10-08 22:22:25,453 [pool-393-thread-1] INFO  util.JmxRegister (JmxRegister.java:tryRegister(44)) - Successfully registered JMX Bean with object name Ratis:service=RaftServer,group=group-1A2D5620F3E3,id=c9e29d54-6f88-4644-84f1-61bf3054ef05
2019-10-08 22:22:25,462 [RatisPipelineUtilsThread] INFO  pipeline.PipelineStateManager (PipelineStateManager.java:addPipeline(56)) - Created pipeline Pipeline[ Id: 377ae66b-eba6-439e-ad88-1a2d5620f3e3, Nodes: 25dc1725-276f-49a7-88a4-178b55aa4ec4{ip: 192.168.30.45, host: pr-hdds-1228-jbbql-2974301341, networkLocation: /default-rack, certSerialId: null}c9e29d54-6f88-4644-84f1-61bf3054ef05{ip: 192.168.30.45, host: pr-hdds-1228-jbbql-2974301341, networkLocation: /default-rack, certSerialId: null}52c37ae0-fdd6-4f6c-852f-7383ab78a9c4{ip: 192.168.30.45, host: pr-hdds-1228-jbbql-2974301341, networkLocation: /default-rack, certSerialId: null}, Type:RATIS, Factor:THREE, State:OPEN]
2019-10-08 22:22:25,468 [IPC Server handler 12 on 43575] INFO  net.NetworkTopology (NetworkTopologyImpl.java:add(111)) - Added a new node: /default-rack/a01aebe6-4037-4f46-a32f-4c27a8882ae8
2019-10-08 22:22:25,468 [IPC Server handler 12 on 43575] INFO  node.SCMNodeManager (SCMNodeManager.java:register(268)) - Registered Data node : a01aebe6-4037-4f46-a32f-4c27a8882ae8{ip: 192.168.30.45, host: pr-hdds-1228-jbbql-2974301341, networkLocation: /default-rack, certSerialId: null}
2019-10-08 22:22:25,475 [grpc-default-executor-0] INFO  impl.RaftServerProxy (RaftServerProxy.java:addNew(89)) - a01aebe6-4037-4f46-a32f-4c27a8882ae8: addNew group-77B6600626C8:[a01aebe6-4037-4f46-a32f-4c27a8882ae8:192.168.30.45:35917] returns group-77B6600626C8:java.util.concurrent.CompletableFuture@648092e2[Not completed]
2019-10-08 22:22:25,476 [pool-413-thread-1] INFO  impl.RaftServerImpl (RaftServerImpl.java:<init>(95)) - a01aebe6-4037-4f46-a32f-4c27a8882ae8: new RaftServerImpl for group-77B6600626C8:[a01aebe6-4037-4f46-a32f-4c27a8882ae8:192.168.30.45:35917] with ContainerStateMachine:uninitialized
2019-10-08 22:22:25,476 [pool-413-thread-1] INFO  server.RaftServerConfigKeys (ConfUtils.java:logGet(43)) - raft.server.rpc.timeout.min = 5s (custom)
2019-10-08 22:22:25,476 [pool-413-thread-1] INFO  server.RaftServerConfigKeys (ConfUtils.java:logGet(43)) - raft.server.rpc.timeout.max = 5200ms (custom)
2019-10-08 22:22:25,476 [pool-413-thread-1] INFO  server.RaftServerConfigKeys (ConfUtils.java:logGet(43)) - raft.server.rpcslowness.timeout = 120s (custom)
2019-10-08 22:22:25,476 [pool-413-thread-1] INFO  server.RaftServerConfigKeys (ConfUtils.java:logGet(43)) - raft.server.sleep.deviation.threshold = 300 (default)
2019-10-08 22:22:25,476 [pool-413-thread-1] INFO  server.RaftServerConfigKeys (ConfUtils.java:logGet(43)) - raft.server.log.appender.install.snapshot.enabled = false (custom)
2019-10-08 22:22:25,476 [pool-413-thread-1] INFO  impl.RaftServerImpl (ServerState.java:<init>(103)) - a01aebe6-4037-4f46-a32f-4c27a8882ae8@group-77B6600626C8: ConfigurationManager, init=-1: [a01aebe6-4037-4f46-a32f-4c27a8882ae8:192.168.30.45:35917], old=null, confs=<EMPTY_MAP>
2019-10-08 22:22:25,476 [pool-413-thread-1] INFO  server.RaftServerConfigKeys (ConfUtils.java:logGet(43)) - raft.server.storage.dir = [/workdir/hadoop-ozone/integration-test/target/test-dir/MiniOzoneClusterImpl-73be8c55-0359-4a05-973c-f572fa968d6f/datanode-3/data/ratis] (custom)
2019-10-08 22:22:25,477 [pool-413-thread-1] INFO  server.RaftServerConfigKeys (ConfUtils.java:logGet(43)) - raft.server.log.corruption.policy = EXCEPTION (default)
2019-10-08 22:22:25,477 [pool-413-thread-1] INFO  storage.RaftStorageDirectory (RaftStorageDirectory.java:analyzeStorage(246)) - The storage directory /workdir/hadoop-ozone/integration-test/target/test-dir/MiniOzoneClusterImpl-73be8c55-0359-4a05-973c-f572fa968d6f/datanode-3/data/ratis/2af1ae13-4003-47a5-afd0-77b6600626c8 does not exist. Creating ...
2019-10-08 22:22:25,490 [pool-413-thread-1] INFO  storage.RaftStorageDirectory (RaftStorageDirectory.java:tryLock(328)) - Lock on /workdir/hadoop-ozone/integration-test/target/test-dir/MiniOzoneClusterImpl-73be8c55-0359-4a05-973c-f572fa968d6f/datanode-3/data/ratis/2af1ae13-4003-47a5-afd0-77b6600626c8/in_use.lock acquired by nodename 10512@pr-hdds-1228-jbbql-2974301341
2019-10-08 22:22:25,502 [pool-413-thread-1] INFO  storage.RaftStorage (RaftStorage.java:format(84)) - Storage directory /workdir/hadoop-ozone/integration-test/target/test-dir/MiniOzoneClusterImpl-73be8c55-0359-4a05-973c-f572fa968d6f/datanode-3/data/ratis/2af1ae13-4003-47a5-afd0-77b6600626c8 has been successfully formatted.
2019-10-08 22:22:25,503 [pool-413-thread-1] INFO  ratis.ContainerStateMachine (ContainerStateMachine.java:loadSnapshot(231)) - group-77B6600626C8: The snapshot info is null. Setting the last applied indexto:(t:0, i:~)
2019-10-08 22:22:25,503 [pool-413-thread-1] INFO  server.RaftServerConfigKeys (ConfUtils.java:logGet(43)) - raft.server.notification.no-leader.timeout = 120s (custom)
2019-10-08 22:22:25,503 [pool-413-thread-1] INFO  server.RaftServerConfigKeys (ConfUtils.java:logGet(43)) - raft.server.log.use.memory = false (default)
2019-10-08 22:22:25,503 [pool-413-thread-1] INFO  server.RaftServerConfigKeys (ConfUtils.java:logGet(43)) - raft.server.log.purge.gap = 1000000 (custom)
2019-10-08 22:22:25,503 [pool-413-thread-1] INFO  server.RaftServerConfigKeys (ConfUtils.java:logGet(43)) - raft.server.log.appender.buffer.byte-limit = 33554432 (custom)
2019-10-08 22:22:25,503 [pool-413-thread-1] INFO  server.RaftServerConfigKeys (ConfUtils.java:logGet(43)) - raft.server.log.segment.size.max = 1048576 (custom)
2019-10-08 22:22:25,505 [pool-413-thread-1] INFO  server.RaftServerConfigKeys (ConfUtils.java:logGet(43)) - raft.server.log.segment.cache.num.max = 2 (custom)
2019-10-08 22:22:25,506 [pool-413-thread-1] INFO  segmented.SegmentedRaftLogWorker (SegmentedRaftLogWorker.java:<init>(173)) - new a01aebe6-4037-4f46-a32f-4c27a8882ae8@group-77B6600626C8-SegmentedRaftLogWorker for RaftStorage:Storage Directory /workdir/hadoop-ozone/integration-test/target/test-dir/MiniOzoneClusterImpl-73be8c55-0359-4a05-973c-f572fa968d6f/datanode-3/data/ratis/2af1ae13-4003-47a5-afd0-77b6600626c8
2019-10-08 22:22:25,506 [pool-413-thread-1] INFO  server.RaftServerConfigKeys (ConfUtils.java:logGet(43)) - raft.server.log.queue.byte-limit = 2147483647 (custom)
2019-10-08 22:22:25,506 [pool-413-thread-1] INFO  server.RaftServerConfigKeys (ConfUtils.java:logGet(43)) - raft.server.log.queue.element-limit = 1024 (custom)
2019-10-08 22:22:25,506 [pool-413-thread-1] INFO  server.RaftServerConfigKeys (ConfUtils.java:logGet(43)) - raft.server.log.segment.size.max = 1048576 (custom)
2019-10-08 22:22:25,506 [pool-413-thread-1] INFO  server.RaftServerConfigKeys (ConfUtils.java:logGet(43)) - raft.server.log.preallocated.size = 16384 (custom)
2019-10-08 22:22:25,506 [pool-413-thread-1] INFO  server.RaftServerConfigKeys (ConfUtils.java:logGet(43)) - raft.server.log.write.buffer.size = 33554432 (custom)
2019-10-08 22:22:25,507 [pool-413-thread-1] INFO  server.RaftServerConfigKeys (ConfUtils.java:logGet(43)) - raft.server.log.force.sync.num = 128 (default)
2019-10-08 22:22:25,507 [pool-413-thread-1] INFO  server.RaftServerConfigKeys (ConfUtils.java:logGet(43)) - raft.server.log.statemachine.data.sync = true (default)
2019-10-08 22:22:25,507 [pool-413-thread-1] INFO  server.RaftServerConfigKeys (ConfUtils.java:logGet(43)) - raft.server.log.statemachine.data.sync.timeout = 10s (default)
2019-10-08 22:22:25,507 [pool-413-thread-1] INFO  server.RaftServerConfigKeys (ConfUtils.java:logGet(43)) - raft.server.log.statemachine.data.sync.timeout.retry = -1 (default)
2019-10-08 22:22:25,507 [pool-413-thread-1] INFO  server.RaftServerConfigKeys (ConfUtils.java:logGet(43)) - raft.server.log.statemachine.data.caching.enabled = true (custom)
2019-10-08 22:22:25,508 [pool-413-thread-1] INFO  segmented.SegmentedRaftLogWorker (SegmentedRaftLogWorker.java:lambda$new$0(128)) - a01aebe6-4037-4f46-a32f-4c27a8882ae8@group-77B6600626C8-SegmentedRaftLogWorker: flushIndex: setUnconditionally 0 -> -1
2019-10-08 22:22:25,508 [pool-413-thread-1] INFO  server.RaftServerConfigKeys (ConfUtils.java:logGet(43)) - raft.server.snapshot.auto.trigger.enabled = true (custom)
2019-10-08 22:22:25,508 [pool-413-thread-1] INFO  server.RaftServerConfigKeys (ConfUtils.java:logGet(43)) - raft.server.snapshot.auto.trigger.threshold = 10000 (custom)
2019-10-08 22:22:25,508 [pool-413-thread-1] INFO  server.RaftServerConfigKeys (ConfUtils.java:logGet(43)) - raft.server.snapshot.retention.file.num = 5 (custom)
2019-10-08 22:22:25,509 [pool-413-thread-1] INFO  server.RaftServerConfigKeys (ConfUtils.java:logGet(43)) - raft.server.retrycache.expirytime = 600000ms (custom)
2019-10-08 22:22:25,510 [pool-413-thread-1] INFO  impl.RaftServerImpl (RaftServerImpl.java:start(181)) - a01aebe6-4037-4f46-a32f-4c27a8882ae8@group-77B6600626C8: start as a follower, conf=-1: [a01aebe6-4037-4f46-a32f-4c27a8882ae8:192.168.30.45:35917], old=null
2019-10-08 22:22:25,511 [pool-413-thread-1] INFO  impl.RaftServerImpl (RaftServerImpl.java:setRole(170)) - a01aebe6-4037-4f46-a32f-4c27a8882ae8@group-77B6600626C8: changes role from      null to FOLLOWER at term 0 for startAsFollower
2019-10-08 22:22:25,511 [pool-413-thread-1] INFO  impl.RoleInfo (RoleInfo.java:updateAndGet(143)) - a01aebe6-4037-4f46-a32f-4c27a8882ae8: start FollowerState
2019-10-08 22:22:25,511 [pool-413-thread-1] INFO  util.JmxRegister (JmxRegister.java:tryRegister(44)) - Successfully registered JMX Bean with object name Ratis:service=RaftServer,group=group-77B6600626C8,id=a01aebe6-4037-4f46-a32f-4c27a8882ae8
2019-10-08 22:22:25,519 [RatisPipelineUtilsThread] INFO  pipeline.PipelineStateManager (PipelineStateManager.java:addPipeline(56)) - Created pipeline Pipeline[ Id: 2af1ae13-4003-47a5-afd0-77b6600626c8, Nodes: a01aebe6-4037-4f46-a32f-4c27a8882ae8{ip: 192.168.30.45, host: pr-hdds-1228-jbbql-2974301341, networkLocation: /default-rack, certSerialId: null}, Type:RATIS, Factor:ONE, State:OPEN]
2019-10-08 22:22:25,590 [IPC Server handler 2 on 43575] INFO  net.NetworkTopology (NetworkTopologyImpl.java:add(111)) - Added a new node: /default-rack/dad677e0-3c16-4b25-8ae5-5b39f18dff15
2019-10-08 22:22:25,590 [IPC Server handler 2 on 43575] INFO  node.SCMNodeManager (SCMNodeManager.java:register(268)) - Registered Data node : dad677e0-3c16-4b25-8ae5-5b39f18dff15{ip: 192.168.30.45, host: pr-hdds-1228-jbbql-2974301341, networkLocation: /default-rack, certSerialId: null}
2019-10-08 22:22:25,602 [grpc-default-executor-0] INFO  impl.RaftServerProxy (RaftServerProxy.java:addNew(89)) - dad677e0-3c16-4b25-8ae5-5b39f18dff15: addNew group-3DC913F51496:[dad677e0-3c16-4b25-8ae5-5b39f18dff15:192.168.30.45:41494] returns group-3DC913F51496:java.util.concurrent.CompletableFuture@520759e[Not completed]
2019-10-08 22:22:25,603 [pool-423-thread-1] INFO  impl.RaftServerImpl (RaftServerImpl.java:<init>(95)) - dad677e0-3c16-4b25-8ae5-5b39f18dff15: new RaftServerImpl for group-3DC913F51496:[dad677e0-3c16-4b25-8ae5-5b39f18dff15:192.168.30.45:41494] with ContainerStateMachine:uninitialized
2019-10-08 22:22:25,603 [pool-423-thread-1] INFO  server.RaftServerConfigKeys (ConfUtils.java:logGet(43)) - raft.server.rpc.timeout.min = 5s (custom)
2019-10-08 22:22:25,604 [pool-423-thread-1] INFO  server.RaftServerConfigKeys (ConfUtils.java:logGet(43)) - raft.server.rpc.timeout.max = 5200ms (custom)
2019-10-08 22:22:25,604 [pool-423-thread-1] INFO  server.RaftServerConfigKeys (ConfUtils.java:logGet(43)) - raft.server.rpcslowness.timeout = 120s (custom)
2019-10-08 22:22:25,604 [pool-423-thread-1] INFO  server.RaftServerConfigKeys (ConfUtils.java:logGet(43)) - raft.server.sleep.deviation.threshold = 300 (default)
2019-10-08 22:22:25,604 [pool-423-thread-1] INFO  server.RaftServerConfigKeys (ConfUtils.java:logGet(43)) - raft.server.log.appender.install.snapshot.enabled = false (custom)
2019-10-08 22:22:25,604 [pool-423-thread-1] INFO  impl.RaftServerImpl (ServerState.java:<init>(103)) - dad677e0-3c16-4b25-8ae5-5b39f18dff15@group-3DC913F51496: ConfigurationManager, init=-1: [dad677e0-3c16-4b25-8ae5-5b39f18dff15:192.168.30.45:41494], old=null, confs=<EMPTY_MAP>
2019-10-08 22:22:25,604 [pool-423-thread-1] INFO  server.RaftServerConfigKeys (ConfUtils.java:logGet(43)) - raft.server.storage.dir = [/workdir/hadoop-ozone/integration-test/target/test-dir/MiniOzoneClusterImpl-73be8c55-0359-4a05-973c-f572fa968d6f/datanode-4/data/ratis] (custom)
2019-10-08 22:22:25,605 [pool-423-thread-1] INFO  server.RaftServerConfigKeys (ConfUtils.java:logGet(43)) - raft.server.log.corruption.policy = EXCEPTION (default)
2019-10-08 22:22:25,605 [pool-423-thread-1] INFO  storage.RaftStorageDirectory (RaftStorageDirectory.java:analyzeStorage(246)) - The storage directory /workdir/hadoop-ozone/integration-test/target/test-dir/MiniOzoneClusterImpl-73be8c55-0359-4a05-973c-f572fa968d6f/datanode-4/data/ratis/7019172b-0493-4d35-8faf-3dc913f51496 does not exist. Creating ...
2019-10-08 22:22:25,618 [pool-423-thread-1] INFO  storage.RaftStorageDirectory (RaftStorageDirectory.java:tryLock(328)) - Lock on /workdir/hadoop-ozone/integration-test/target/test-dir/MiniOzoneClusterImpl-73be8c55-0359-4a05-973c-f572fa968d6f/datanode-4/data/ratis/7019172b-0493-4d35-8faf-3dc913f51496/in_use.lock acquired by nodename 10512@pr-hdds-1228-jbbql-2974301341
2019-10-08 22:22:25,632 [pool-423-thread-1] INFO  storage.RaftStorage (RaftStorage.java:format(84)) - Storage directory /workdir/hadoop-ozone/integration-test/target/test-dir/MiniOzoneClusterImpl-73be8c55-0359-4a05-973c-f572fa968d6f/datanode-4/data/ratis/7019172b-0493-4d35-8faf-3dc913f51496 has been successfully formatted.
2019-10-08 22:22:25,633 [pool-423-thread-1] INFO  ratis.ContainerStateMachine (ContainerStateMachine.java:loadSnapshot(231)) - group-3DC913F51496: The snapshot info is null. Setting the last applied indexto:(t:0, i:~)
2019-10-08 22:22:25,633 [pool-423-thread-1] INFO  server.RaftServerConfigKeys (ConfUtils.java:logGet(43)) - raft.server.notification.no-leader.timeout = 120s (custom)
2019-10-08 22:22:25,633 [pool-423-thread-1] INFO  server.RaftServerConfigKeys (ConfUtils.java:logGet(43)) - raft.server.log.use.memory = false (default)
2019-10-08 22:22:25,633 [pool-423-thread-1] INFO  server.RaftServerConfigKeys (ConfUtils.java:logGet(43)) - raft.server.log.purge.gap = 1000000 (custom)
2019-10-08 22:22:25,633 [pool-423-thread-1] INFO  server.RaftServerConfigKeys (ConfUtils.java:logGet(43)) - raft.server.log.appender.buffer.byte-limit = 33554432 (custom)
2019-10-08 22:22:25,633 [pool-423-thread-1] INFO  server.RaftServerConfigKeys (ConfUtils.java:logGet(43)) - raft.server.log.segment.size.max = 1048576 (custom)
2019-10-08 22:22:25,635 [pool-423-thread-1] INFO  server.RaftServerConfigKeys (ConfUtils.java:logGet(43)) - raft.server.log.segment.cache.num.max = 2 (custom)
2019-10-08 22:22:25,635 [pool-423-thread-1] INFO  segmented.SegmentedRaftLogWorker (SegmentedRaftLogWorker.java:<init>(173)) - new dad677e0-3c16-4b25-8ae5-5b39f18dff15@group-3DC913F51496-SegmentedRaftLogWorker for RaftStorage:Storage Directory /workdir/hadoop-ozone/integration-test/target/test-dir/MiniOzoneClusterImpl-73be8c55-0359-4a05-973c-f572fa968d6f/datanode-4/data/ratis/7019172b-0493-4d35-8faf-3dc913f51496
2019-10-08 22:22:25,635 [pool-423-thread-1] INFO  server.RaftServerConfigKeys (ConfUtils.java:logGet(43)) - raft.server.log.queue.byte-limit = 2147483647 (custom)
2019-10-08 22:22:25,636 [pool-423-thread-1] INFO  server.RaftServerConfigKeys (ConfUtils.java:logGet(43)) - raft.server.log.queue.element-limit = 1024 (custom)
2019-10-08 22:22:25,636 [pool-423-thread-1] INFO  server.RaftServerConfigKeys (ConfUtils.java:logGet(43)) - raft.server.log.segment.size.max = 1048576 (custom)
2019-10-08 22:22:25,636 [pool-423-thread-1] INFO  server.RaftServerConfigKeys (ConfUtils.java:logGet(43)) - raft.server.log.preallocated.size = 16384 (custom)
2019-10-08 22:22:25,636 [pool-423-thread-1] INFO  server.RaftServerConfigKeys (ConfUtils.java:logGet(43)) - raft.server.log.write.buffer.size = 33554432 (custom)
2019-10-08 22:22:25,636 [pool-423-thread-1] INFO  server.RaftServerConfigKeys (ConfUtils.java:logGet(43)) - raft.server.log.force.sync.num = 128 (default)
2019-10-08 22:22:25,636 [pool-423-thread-1] INFO  server.RaftServerConfigKeys (ConfUtils.java:logGet(43)) - raft.server.log.statemachine.data.sync = true (default)
2019-10-08 22:22:25,636 [pool-423-thread-1] INFO  server.RaftServerConfigKeys (ConfUtils.java:logGet(43)) - raft.server.log.statemachine.data.sync.timeout = 10s (default)
2019-10-08 22:22:25,637 [pool-423-thread-1] INFO  server.RaftServerConfigKeys (ConfUtils.java:logGet(43)) - raft.server.log.statemachine.data.sync.timeout.retry = -1 (default)
2019-10-08 22:22:25,637 [pool-423-thread-1] INFO  server.RaftServerConfigKeys (ConfUtils.java:logGet(43)) - raft.server.log.statemachine.data.caching.enabled = true (custom)
2019-10-08 22:22:25,637 [pool-423-thread-1] INFO  segmented.SegmentedRaftLogWorker (SegmentedRaftLogWorker.java:lambda$new$0(128)) - dad677e0-3c16-4b25-8ae5-5b39f18dff15@group-3DC913F51496-SegmentedRaftLogWorker: flushIndex: setUnconditionally 0 -> -1
2019-10-08 22:22:25,638 [pool-423-thread-1] INFO  server.RaftServerConfigKeys (ConfUtils.java:logGet(43)) - raft.server.snapshot.auto.trigger.enabled = true (custom)
2019-10-08 22:22:25,638 [pool-423-thread-1] INFO  server.RaftServerConfigKeys (ConfUtils.java:logGet(43)) - raft.server.snapshot.auto.trigger.threshold = 10000 (custom)
2019-10-08 22:22:25,638 [pool-423-thread-1] INFO  server.RaftServerConfigKeys (ConfUtils.java:logGet(43)) - raft.server.snapshot.retention.file.num = 5 (custom)
2019-10-08 22:22:25,638 [pool-423-thread-1] INFO  server.RaftServerConfigKeys (ConfUtils.java:logGet(43)) - raft.server.retrycache.expirytime = 600000ms (custom)
2019-10-08 22:22:25,640 [pool-423-thread-1] INFO  impl.RaftServerImpl (RaftServerImpl.java:start(181)) - dad677e0-3c16-4b25-8ae5-5b39f18dff15@group-3DC913F51496: start as a follower, conf=-1: [dad677e0-3c16-4b25-8ae5-5b39f18dff15:192.168.30.45:41494], old=null
2019-10-08 22:22:25,640 [pool-423-thread-1] INFO  impl.RaftServerImpl (RaftServerImpl.java:setRole(170)) - dad677e0-3c16-4b25-8ae5-5b39f18dff15@group-3DC913F51496: changes role from      null to FOLLOWER at term 0 for startAsFollower
2019-10-08 22:22:25,640 [pool-423-thread-1] INFO  impl.RoleInfo (RoleInfo.java:updateAndGet(143)) - dad677e0-3c16-4b25-8ae5-5b39f18dff15: start FollowerState
2019-10-08 22:22:25,640 [pool-423-thread-1] INFO  util.JmxRegister (JmxRegister.java:tryRegister(44)) - Successfully registered JMX Bean with object name Ratis:service=RaftServer,group=group-3DC913F51496,id=dad677e0-3c16-4b25-8ae5-5b39f18dff15
2019-10-08 22:22:25,650 [RatisPipelineUtilsThread] INFO  pipeline.PipelineStateManager (PipelineStateManager.java:addPipeline(56)) - Created pipeline Pipeline[ Id: 7019172b-0493-4d35-8faf-3dc913f51496, Nodes: dad677e0-3c16-4b25-8ae5-5b39f18dff15{ip: 192.168.30.45, host: pr-hdds-1228-jbbql-2974301341, networkLocation: /default-rack, certSerialId: null}, Type:RATIS, Factor:ONE, State:OPEN]
2019-10-08 22:22:25,696 [IPC Server handler 4 on 43575] INFO  net.NetworkTopology (NetworkTopologyImpl.java:add(111)) - Added a new node: /default-rack/119e3add-9ce0-41a1-bdb3-8c9d3e342e8b
2019-10-08 22:22:25,696 [IPC Server handler 4 on 43575] INFO  node.SCMNodeManager (SCMNodeManager.java:register(268)) - Registered Data node : 119e3add-9ce0-41a1-bdb3-8c9d3e342e8b{ip: 192.168.30.45, host: pr-hdds-1228-jbbql-2974301341, networkLocation: /default-rack, certSerialId: null}
2019-10-08 22:22:25,709 [grpc-default-executor-0] INFO  impl.RaftServerProxy (RaftServerProxy.java:addNew(89)) - 119e3add-9ce0-41a1-bdb3-8c9d3e342e8b: addNew group-F52C0CE873B0:[119e3add-9ce0-41a1-bdb3-8c9d3e342e8b:192.168.30.45:42124] returns group-F52C0CE873B0:java.util.concurrent.CompletableFuture@7580da79[Not completed]
2019-10-08 22:22:25,710 [pool-433-thread-1] INFO  impl.RaftServerImpl (RaftServerImpl.java:<init>(95)) - 119e3add-9ce0-41a1-bdb3-8c9d3e342e8b: new RaftServerImpl for group-F52C0CE873B0:[119e3add-9ce0-41a1-bdb3-8c9d3e342e8b:192.168.30.45:42124] with ContainerStateMachine:uninitialized
2019-10-08 22:22:25,710 [pool-433-thread-1] INFO  server.RaftServerConfigKeys (ConfUtils.java:logGet(43)) - raft.server.rpc.timeout.min = 5s (custom)
2019-10-08 22:22:25,710 [pool-433-thread-1] INFO  server.RaftServerConfigKeys (ConfUtils.java:logGet(43)) - raft.server.rpc.timeout.max = 5200ms (custom)
2019-10-08 22:22:25,710 [pool-433-thread-1] INFO  server.RaftServerConfigKeys (ConfUtils.java:logGet(43)) - raft.server.rpcslowness.timeout = 120s (custom)
2019-10-08 22:22:25,710 [pool-433-thread-1] INFO  server.RaftServerConfigKeys (ConfUtils.java:logGet(43)) - raft.server.sleep.deviation.threshold = 300 (default)
2019-10-08 22:22:25,711 [pool-433-thread-1] INFO  server.RaftServerConfigKeys (ConfUtils.java:logGet(43)) - raft.server.log.appender.install.snapshot.enabled = false (custom)
2019-10-08 22:22:25,711 [pool-433-thread-1] INFO  impl.RaftServerImpl (ServerState.java:<init>(103)) - 119e3add-9ce0-41a1-bdb3-8c9d3e342e8b@group-F52C0CE873B0: ConfigurationManager, init=-1: [119e3add-9ce0-41a1-bdb3-8c9d3e342e8b:192.168.30.45:42124], old=null, confs=<EMPTY_MAP>
2019-10-08 22:22:25,711 [pool-433-thread-1] INFO  server.RaftServerConfigKeys (ConfUtils.java:logGet(43)) - raft.server.storage.dir = [/workdir/hadoop-ozone/integration-test/target/test-dir/MiniOzoneClusterImpl-73be8c55-0359-4a05-973c-f572fa968d6f/datanode-5/data/ratis] (custom)
2019-10-08 22:22:25,711 [pool-433-thread-1] INFO  server.RaftServerConfigKeys (ConfUtils.java:logGet(43)) - raft.server.log.corruption.policy = EXCEPTION (default)
2019-10-08 22:22:25,711 [pool-433-thread-1] INFO  storage.RaftStorageDirectory (RaftStorageDirectory.java:analyzeStorage(246)) - The storage directory /workdir/hadoop-ozone/integration-test/target/test-dir/MiniOzoneClusterImpl-73be8c55-0359-4a05-973c-f572fa968d6f/datanode-5/data/ratis/1a3e5ac4-aab1-4592-83e4-f52c0ce873b0 does not exist. Creating ...
2019-10-08 22:22:25,725 [pool-433-thread-1] INFO  storage.RaftStorageDirectory (RaftStorageDirectory.java:tryLock(328)) - Lock on /workdir/hadoop-ozone/integration-test/target/test-dir/MiniOzoneClusterImpl-73be8c55-0359-4a05-973c-f572fa968d6f/datanode-5/data/ratis/1a3e5ac4-aab1-4592-83e4-f52c0ce873b0/in_use.lock acquired by nodename 10512@pr-hdds-1228-jbbql-2974301341
2019-10-08 22:22:25,742 [pool-433-thread-1] INFO  storage.RaftStorage (RaftStorage.java:format(84)) - Storage directory /workdir/hadoop-ozone/integration-test/target/test-dir/MiniOzoneClusterImpl-73be8c55-0359-4a05-973c-f572fa968d6f/datanode-5/data/ratis/1a3e5ac4-aab1-4592-83e4-f52c0ce873b0 has been successfully formatted.
2019-10-08 22:22:25,742 [pool-433-thread-1] INFO  ratis.ContainerStateMachine (ContainerStateMachine.java:loadSnapshot(231)) - group-F52C0CE873B0: The snapshot info is null. Setting the last applied indexto:(t:0, i:~)
2019-10-08 22:22:25,742 [pool-433-thread-1] INFO  server.RaftServerConfigKeys (ConfUtils.java:logGet(43)) - raft.server.notification.no-leader.timeout = 120s (custom)
2019-10-08 22:22:25,742 [pool-433-thread-1] INFO  server.RaftServerConfigKeys (ConfUtils.java:logGet(43)) - raft.server.log.use.memory = false (default)
2019-10-08 22:22:25,743 [pool-433-thread-1] INFO  server.RaftServerConfigKeys (ConfUtils.java:logGet(43)) - raft.server.log.purge.gap = 1000000 (custom)
2019-10-08 22:22:25,743 [pool-433-thread-1] INFO  server.RaftServerConfigKeys (ConfUtils.java:logGet(43)) - raft.server.log.appender.buffer.byte-limit = 33554432 (custom)
2019-10-08 22:22:25,743 [pool-433-thread-1] INFO  server.RaftServerConfigKeys (ConfUtils.java:logGet(43)) - raft.server.log.segment.size.max = 1048576 (custom)
2019-10-08 22:22:25,744 [pool-433-thread-1] INFO  server.RaftServerConfigKeys (ConfUtils.java:logGet(43)) - raft.server.log.segment.cache.num.max = 2 (custom)
2019-10-08 22:22:25,745 [pool-433-thread-1] INFO  segmented.SegmentedRaftLogWorker (SegmentedRaftLogWorker.java:<init>(173)) - new 119e3add-9ce0-41a1-bdb3-8c9d3e342e8b@group-F52C0CE873B0-SegmentedRaftLogWorker for RaftStorage:Storage Directory /workdir/hadoop-ozone/integration-test/target/test-dir/MiniOzoneClusterImpl-73be8c55-0359-4a05-973c-f572fa968d6f/datanode-5/data/ratis/1a3e5ac4-aab1-4592-83e4-f52c0ce873b0
2019-10-08 22:22:25,745 [pool-433-thread-1] INFO  server.RaftServerConfigKeys (ConfUtils.java:logGet(43)) - raft.server.log.queue.byte-limit = 2147483647 (custom)
2019-10-08 22:22:25,745 [pool-433-thread-1] INFO  server.RaftServerConfigKeys (ConfUtils.java:logGet(43)) - raft.server.log.queue.element-limit = 1024 (custom)
2019-10-08 22:22:25,745 [pool-433-thread-1] INFO  server.RaftServerConfigKeys (ConfUtils.java:logGet(43)) - raft.server.log.segment.size.max = 1048576 (custom)
2019-10-08 22:22:25,745 [pool-433-thread-1] INFO  server.RaftServerConfigKeys (ConfUtils.java:logGet(43)) - raft.server.log.preallocated.size = 16384 (custom)
2019-10-08 22:22:25,745 [pool-433-thread-1] INFO  server.RaftServerConfigKeys (ConfUtils.java:logGet(43)) - raft.server.log.write.buffer.size = 33554432 (custom)
2019-10-08 22:22:25,745 [pool-433-thread-1] INFO  server.RaftServerConfigKeys (ConfUtils.java:logGet(43)) - raft.server.log.force.sync.num = 128 (default)
2019-10-08 22:22:25,745 [pool-433-thread-1] INFO  server.RaftServerConfigKeys (ConfUtils.java:logGet(43)) - raft.server.log.statemachine.data.sync = true (default)
2019-10-08 22:22:25,746 [pool-433-thread-1] INFO  server.RaftServerConfigKeys (ConfUtils.java:logGet(43)) - raft.server.log.statemachine.data.sync.timeout = 10s (default)
2019-10-08 22:22:25,746 [pool-433-thread-1] INFO  server.RaftServerConfigKeys (ConfUtils.java:logGet(43)) - raft.server.log.statemachine.data.sync.timeout.retry = -1 (default)
2019-10-08 22:22:25,746 [pool-433-thread-1] INFO  server.RaftServerConfigKeys (ConfUtils.java:logGet(43)) - raft.server.log.statemachine.data.caching.enabled = true (custom)
2019-10-08 22:22:25,746 [pool-433-thread-1] INFO  segmented.SegmentedRaftLogWorker (SegmentedRaftLogWorker.java:lambda$new$0(128)) - 119e3add-9ce0-41a1-bdb3-8c9d3e342e8b@group-F52C0CE873B0-SegmentedRaftLogWorker: flushIndex: setUnconditionally 0 -> -1
2019-10-08 22:22:25,747 [pool-433-thread-1] INFO  server.RaftServerConfigKeys (ConfUtils.java:logGet(43)) - raft.server.snapshot.auto.trigger.enabled = true (custom)
2019-10-08 22:22:25,747 [pool-433-thread-1] INFO  server.RaftServerConfigKeys (ConfUtils.java:logGet(43)) - raft.server.snapshot.auto.trigger.threshold = 10000 (custom)
2019-10-08 22:22:25,747 [pool-433-thread-1] INFO  server.RaftServerConfigKeys (ConfUtils.java:logGet(43)) - raft.server.snapshot.retention.file.num = 5 (custom)
2019-10-08 22:22:25,747 [pool-433-thread-1] INFO  server.RaftServerConfigKeys (ConfUtils.java:logGet(43)) - raft.server.retrycache.expirytime = 600000ms (custom)
2019-10-08 22:22:25,749 [pool-433-thread-1] INFO  impl.RaftServerImpl (RaftServerImpl.java:start(181)) - 119e3add-9ce0-41a1-bdb3-8c9d3e342e8b@group-F52C0CE873B0: start as a follower, conf=-1: [119e3add-9ce0-41a1-bdb3-8c9d3e342e8b:192.168.30.45:42124], old=null
2019-10-08 22:22:25,749 [pool-433-thread-1] INFO  impl.RaftServerImpl (RaftServerImpl.java:setRole(170)) - 119e3add-9ce0-41a1-bdb3-8c9d3e342e8b@group-F52C0CE873B0: changes role from      null to FOLLOWER at term 0 for startAsFollower
2019-10-08 22:22:25,749 [pool-433-thread-1] INFO  impl.RoleInfo (RoleInfo.java:updateAndGet(143)) - 119e3add-9ce0-41a1-bdb3-8c9d3e342e8b: start FollowerState
2019-10-08 22:22:25,749 [pool-433-thread-1] INFO  util.JmxRegister (JmxRegister.java:tryRegister(44)) - Successfully registered JMX Bean with object name Ratis:service=RaftServer,group=group-F52C0CE873B0,id=119e3add-9ce0-41a1-bdb3-8c9d3e342e8b
2019-10-08 22:22:25,758 [RatisPipelineUtilsThread] INFO  pipeline.PipelineStateManager (PipelineStateManager.java:addPipeline(56)) - Created pipeline Pipeline[ Id: 1a3e5ac4-aab1-4592-83e4-f52c0ce873b0, Nodes: 119e3add-9ce0-41a1-bdb3-8c9d3e342e8b{ip: 192.168.30.45, host: pr-hdds-1228-jbbql-2974301341, networkLocation: /default-rack, certSerialId: null}, Type:RATIS, Factor:ONE, State:OPEN]
2019-10-08 22:22:25,767 [main] INFO  ozone.MiniOzoneClusterImpl (MiniOzoneClusterImpl.java:lambda$waitForClusterToBeReady$0(147)) - Waiting for cluster to be ready. Got 6 of 7 DN Heartbeats.
2019-10-08 22:22:25,768 [IPC Server handler 3 on 43575] INFO  net.NetworkTopology (NetworkTopologyImpl.java:add(111)) - Added a new node: /default-rack/5527b411-67ae-4485-8ebf-0e04173083c3
2019-10-08 22:22:25,768 [IPC Server handler 3 on 43575] INFO  node.SCMNodeManager (SCMNodeManager.java:register(268)) - Registered Data node : 5527b411-67ae-4485-8ebf-0e04173083c3{ip: 192.168.30.45, host: pr-hdds-1228-jbbql-2974301341, networkLocation: /default-rack, certSerialId: null}
2019-10-08 22:22:25,780 [grpc-default-executor-1] INFO  impl.RaftServerProxy (RaftServerProxy.java:addNew(89)) - dad677e0-3c16-4b25-8ae5-5b39f18dff15: addNew group-2D39B9FCA144:[a01aebe6-4037-4f46-a32f-4c27a8882ae8:192.168.30.45:35917, dad677e0-3c16-4b25-8ae5-5b39f18dff15:192.168.30.45:41494, 119e3add-9ce0-41a1-bdb3-8c9d3e342e8b:192.168.30.45:42124] returns group-2D39B9FCA144:java.util.concurrent.CompletableFuture@5f581e3d[Not completed]
2019-10-08 22:22:25,780 [grpc-default-executor-5] INFO  impl.RaftServerProxy (RaftServerProxy.java:addNew(89)) - a01aebe6-4037-4f46-a32f-4c27a8882ae8: addNew group-2D39B9FCA144:[a01aebe6-4037-4f46-a32f-4c27a8882ae8:192.168.30.45:35917, dad677e0-3c16-4b25-8ae5-5b39f18dff15:192.168.30.45:41494, 119e3add-9ce0-41a1-bdb3-8c9d3e342e8b:192.168.30.45:42124] returns group-2D39B9FCA144:java.util.concurrent.CompletableFuture@145ee06e[Not completed]
2019-10-08 22:22:25,780 [grpc-default-executor-0] INFO  impl.RaftServerProxy (RaftServerProxy.java:addNew(89)) - 119e3add-9ce0-41a1-bdb3-8c9d3e342e8b: addNew group-2D39B9FCA144:[a01aebe6-4037-4f46-a32f-4c27a8882ae8:192.168.30.45:35917, dad677e0-3c16-4b25-8ae5-5b39f18dff15:192.168.30.45:41494, 119e3add-9ce0-41a1-bdb3-8c9d3e342e8b:192.168.30.45:42124] returns group-2D39B9FCA144:java.util.concurrent.CompletableFuture@2905b6d9[Not completed]
2019-10-08 22:22:25,781 [pool-433-thread-1] INFO  impl.RaftServerImpl (RaftServerImpl.java:<init>(95)) - 119e3add-9ce0-41a1-bdb3-8c9d3e342e8b: new RaftServerImpl for group-2D39B9FCA144:[a01aebe6-4037-4f46-a32f-4c27a8882ae8:192.168.30.45:35917, dad677e0-3c16-4b25-8ae5-5b39f18dff15:192.168.30.45:41494, 119e3add-9ce0-41a1-bdb3-8c9d3e342e8b:192.168.30.45:42124] with ContainerStateMachine:uninitialized
2019-10-08 22:22:25,782 [pool-433-thread-1] INFO  server.RaftServerConfigKeys (ConfUtils.java:logGet(43)) - raft.server.rpc.timeout.min = 5s (custom)
2019-10-08 22:22:25,782 [pool-433-thread-1] INFO  server.RaftServerConfigKeys (ConfUtils.java:logGet(43)) - raft.server.rpc.timeout.max = 5200ms (custom)
2019-10-08 22:22:25,782 [pool-433-thread-1] INFO  server.RaftServerConfigKeys (ConfUtils.java:logGet(43)) - raft.server.rpcslowness.timeout = 120s (custom)
2019-10-08 22:22:25,782 [pool-433-thread-1] INFO  server.RaftServerConfigKeys (ConfUtils.java:logGet(43)) - raft.server.sleep.deviation.threshold = 300 (default)
2019-10-08 22:22:25,782 [pool-433-thread-1] INFO  server.RaftServerConfigKeys (ConfUtils.java:logGet(43)) - raft.server.log.appender.install.snapshot.enabled = false (custom)
2019-10-08 22:22:25,782 [pool-433-thread-1] INFO  impl.RaftServerImpl (ServerState.java:<init>(103)) - 119e3add-9ce0-41a1-bdb3-8c9d3e342e8b@group-2D39B9FCA144: ConfigurationManager, init=-1: [a01aebe6-4037-4f46-a32f-4c27a8882ae8:192.168.30.45:35917, dad677e0-3c16-4b25-8ae5-5b39f18dff15:192.168.30.45:41494, 119e3add-9ce0-41a1-bdb3-8c9d3e342e8b:192.168.30.45:42124], old=null, confs=<EMPTY_MAP>
2019-10-08 22:22:25,782 [pool-423-thread-1] INFO  impl.RaftServerImpl (RaftServerImpl.java:<init>(95)) - dad677e0-3c16-4b25-8ae5-5b39f18dff15: new RaftServerImpl for group-2D39B9FCA144:[a01aebe6-4037-4f46-a32f-4c27a8882ae8:192.168.30.45:35917, dad677e0-3c16-4b25-8ae5-5b39f18dff15:192.168.30.45:41494, 119e3add-9ce0-41a1-bdb3-8c9d3e342e8b:192.168.30.45:42124] with ContainerStateMachine:uninitialized
2019-10-08 22:22:25,782 [pool-433-thread-1] INFO  server.RaftServerConfigKeys (ConfUtils.java:logGet(43)) - raft.server.storage.dir = [/workdir/hadoop-ozone/integration-test/target/test-dir/MiniOzoneClusterImpl-73be8c55-0359-4a05-973c-f572fa968d6f/datanode-5/data/ratis] (custom)
2019-10-08 22:22:25,782 [pool-423-thread-1] INFO  server.RaftServerConfigKeys (ConfUtils.java:logGet(43)) - raft.server.rpc.timeout.min = 5s (custom)
2019-10-08 22:22:25,783 [pool-433-thread-1] INFO  server.RaftServerConfigKeys (ConfUtils.java:logGet(43)) - raft.server.log.corruption.policy = EXCEPTION (default)
2019-10-08 22:22:25,783 [pool-423-thread-1] INFO  server.RaftServerConfigKeys (ConfUtils.java:logGet(43)) - raft.server.rpc.timeout.max = 5200ms (custom)
2019-10-08 22:22:25,783 [pool-413-thread-1] INFO  impl.RaftServerImpl (RaftServerImpl.java:<init>(95)) - a01aebe6-4037-4f46-a32f-4c27a8882ae8: new RaftServerImpl for group-2D39B9FCA144:[a01aebe6-4037-4f46-a32f-4c27a8882ae8:192.168.30.45:35917, dad677e0-3c16-4b25-8ae5-5b39f18dff15:192.168.30.45:41494, 119e3add-9ce0-41a1-bdb3-8c9d3e342e8b:192.168.30.45:42124] with ContainerStateMachine:uninitialized
2019-10-08 22:22:25,783 [pool-423-thread-1] INFO  server.RaftServerConfigKeys (ConfUtils.java:logGet(43)) - raft.server.rpcslowness.timeout = 120s (custom)
2019-10-08 22:22:25,783 [pool-433-thread-1] INFO  storage.RaftStorageDirectory (RaftStorageDirectory.java:analyzeStorage(246)) - The storage directory /workdir/hadoop-ozone/integration-test/target/test-dir/MiniOzoneClusterImpl-73be8c55-0359-4a05-973c-f572fa968d6f/datanode-5/data/ratis/649fa7ca-5698-4f67-a8bc-2d39b9fca144 does not exist. Creating ...
2019-10-08 22:22:25,783 [pool-423-thread-1] INFO  server.RaftServerConfigKeys (ConfUtils.java:logGet(43)) - raft.server.sleep.deviation.threshold = 300 (default)
2019-10-08 22:22:25,783 [pool-413-thread-1] INFO  server.RaftServerConfigKeys (ConfUtils.java:logGet(43)) - raft.server.rpc.timeout.min = 5s (custom)
2019-10-08 22:22:25,784 [pool-423-thread-1] INFO  server.RaftServerConfigKeys (ConfUtils.java:logGet(43)) - raft.server.log.appender.install.snapshot.enabled = false (custom)
2019-10-08 22:22:25,784 [pool-413-thread-1] INFO  server.RaftServerConfigKeys (ConfUtils.java:logGet(43)) - raft.server.rpc.timeout.max = 5200ms (custom)
2019-10-08 22:22:25,784 [pool-423-thread-1] INFO  impl.RaftServerImpl (ServerState.java:<init>(103)) - dad677e0-3c16-4b25-8ae5-5b39f18dff15@group-2D39B9FCA144: ConfigurationManager, init=-1: [a01aebe6-4037-4f46-a32f-4c27a8882ae8:192.168.30.45:35917, dad677e0-3c16-4b25-8ae5-5b39f18dff15:192.168.30.45:41494, 119e3add-9ce0-41a1-bdb3-8c9d3e342e8b:192.168.30.45:42124], old=null, confs=<EMPTY_MAP>
2019-10-08 22:22:25,784 [pool-413-thread-1] INFO  server.RaftServerConfigKeys (ConfUtils.java:logGet(43)) - raft.server.rpcslowness.timeout = 120s (custom)
2019-10-08 22:22:25,784 [pool-423-thread-1] INFO  server.RaftServerConfigKeys (ConfUtils.java:logGet(43)) - raft.server.storage.dir = [/workdir/hadoop-ozone/integration-test/target/test-dir/MiniOzoneClusterImpl-73be8c55-0359-4a05-973c-f572fa968d6f/datanode-4/data/ratis] (custom)
2019-10-08 22:22:25,784 [pool-413-thread-1] INFO  server.RaftServerConfigKeys (ConfUtils.java:logGet(43)) - raft.server.sleep.deviation.threshold = 300 (default)
2019-10-08 22:22:25,785 [pool-413-thread-1] INFO  server.RaftServerConfigKeys (ConfUtils.java:logGet(43)) - raft.server.log.appender.install.snapshot.enabled = false (custom)
2019-10-08 22:22:25,785 [pool-423-thread-1] INFO  server.RaftServerConfigKeys (ConfUtils.java:logGet(43)) - raft.server.log.corruption.policy = EXCEPTION (default)
2019-10-08 22:22:25,785 [pool-413-thread-1] INFO  impl.RaftServerImpl (ServerState.java:<init>(103)) - a01aebe6-4037-4f46-a32f-4c27a8882ae8@group-2D39B9FCA144: ConfigurationManager, init=-1: [a01aebe6-4037-4f46-a32f-4c27a8882ae8:192.168.30.45:35917, dad677e0-3c16-4b25-8ae5-5b39f18dff15:192.168.30.45:41494, 119e3add-9ce0-41a1-bdb3-8c9d3e342e8b:192.168.30.45:42124], old=null, confs=<EMPTY_MAP>
2019-10-08 22:22:25,785 [pool-423-thread-1] INFO  storage.RaftStorageDirectory (RaftStorageDirectory.java:analyzeStorage(246)) - The storage directory /workdir/hadoop-ozone/integration-test/target/test-dir/MiniOzoneClusterImpl-73be8c55-0359-4a05-973c-f572fa968d6f/datanode-4/data/ratis/649fa7ca-5698-4f67-a8bc-2d39b9fca144 does not exist. Creating ...
2019-10-08 22:22:25,785 [pool-413-thread-1] INFO  server.RaftServerConfigKeys (ConfUtils.java:logGet(43)) - raft.server.storage.dir = [/workdir/hadoop-ozone/integration-test/target/test-dir/MiniOzoneClusterImpl-73be8c55-0359-4a05-973c-f572fa968d6f/datanode-3/data/ratis] (custom)
2019-10-08 22:22:25,786 [pool-413-thread-1] INFO  server.RaftServerConfigKeys (ConfUtils.java:logGet(43)) - raft.server.log.corruption.policy = EXCEPTION (default)
2019-10-08 22:22:25,786 [pool-413-thread-1] INFO  storage.RaftStorageDirectory (RaftStorageDirectory.java:analyzeStorage(246)) - The storage directory /workdir/hadoop-ozone/integration-test/target/test-dir/MiniOzoneClusterImpl-73be8c55-0359-4a05-973c-f572fa968d6f/datanode-3/data/ratis/649fa7ca-5698-4f67-a8bc-2d39b9fca144 does not exist. Creating ...
2019-10-08 22:22:25,797 [pool-433-thread-1] INFO  storage.RaftStorageDirectory (RaftStorageDirectory.java:tryLock(328)) - Lock on /workdir/hadoop-ozone/integration-test/target/test-dir/MiniOzoneClusterImpl-73be8c55-0359-4a05-973c-f572fa968d6f/datanode-5/data/ratis/649fa7ca-5698-4f67-a8bc-2d39b9fca144/in_use.lock acquired by nodename 10512@pr-hdds-1228-jbbql-2974301341
2019-10-08 22:22:25,797 [pool-413-thread-1] INFO  storage.RaftStorageDirectory (RaftStorageDirectory.java:tryLock(328)) - Lock on /workdir/hadoop-ozone/integration-test/target/test-dir/MiniOzoneClusterImpl-73be8c55-0359-4a05-973c-f572fa968d6f/datanode-3/data/ratis/649fa7ca-5698-4f67-a8bc-2d39b9fca144/in_use.lock acquired by nodename 10512@pr-hdds-1228-jbbql-2974301341
2019-10-08 22:22:25,797 [pool-423-thread-1] INFO  storage.RaftStorageDirectory (RaftStorageDirectory.java:tryLock(328)) - Lock on /workdir/hadoop-ozone/integration-test/target/test-dir/MiniOzoneClusterImpl-73be8c55-0359-4a05-973c-f572fa968d6f/datanode-4/data/ratis/649fa7ca-5698-4f67-a8bc-2d39b9fca144/in_use.lock acquired by nodename 10512@pr-hdds-1228-jbbql-2974301341
2019-10-08 22:22:25,810 [pool-433-thread-1] INFO  storage.RaftStorage (RaftStorage.java:format(84)) - Storage directory /workdir/hadoop-ozone/integration-test/target/test-dir/MiniOzoneClusterImpl-73be8c55-0359-4a05-973c-f572fa968d6f/datanode-5/data/ratis/649fa7ca-5698-4f67-a8bc-2d39b9fca144 has been successfully formatted.
2019-10-08 22:22:25,811 [pool-423-thread-1] INFO  storage.RaftStorage (RaftStorage.java:format(84)) - Storage directory /workdir/hadoop-ozone/integration-test/target/test-dir/MiniOzoneClusterImpl-73be8c55-0359-4a05-973c-f572fa968d6f/datanode-4/data/ratis/649fa7ca-5698-4f67-a8bc-2d39b9fca144 has been successfully formatted.
2019-10-08 22:22:25,811 [pool-413-thread-1] INFO  storage.RaftStorage (RaftStorage.java:format(84)) - Storage directory /workdir/hadoop-ozone/integration-test/target/test-dir/MiniOzoneClusterImpl-73be8c55-0359-4a05-973c-f572fa968d6f/datanode-3/data/ratis/649fa7ca-5698-4f67-a8bc-2d39b9fca144 has been successfully formatted.
2019-10-08 22:22:25,811 [pool-423-thread-1] INFO  ratis.ContainerStateMachine (ContainerStateMachine.java:loadSnapshot(231)) - group-2D39B9FCA144: The snapshot info is null. Setting the last applied indexto:(t:0, i:~)
2019-10-08 22:22:25,811 [pool-433-thread-1] INFO  ratis.ContainerStateMachine (ContainerStateMachine.java:loadSnapshot(231)) - group-2D39B9FCA144: The snapshot info is null. Setting the last applied indexto:(t:0, i:~)
2019-10-08 22:22:25,811 [pool-423-thread-1] INFO  server.RaftServerConfigKeys (ConfUtils.java:logGet(43)) - raft.server.notification.no-leader.timeout = 120s (custom)
2019-10-08 22:22:25,811 [pool-413-thread-1] INFO  ratis.ContainerStateMachine (ContainerStateMachine.java:loadSnapshot(231)) - group-2D39B9FCA144: The snapshot info is null. Setting the last applied indexto:(t:0, i:~)
2019-10-08 22:22:25,811 [pool-423-thread-1] INFO  server.RaftServerConfigKeys (ConfUtils.java:logGet(43)) - raft.server.log.use.memory = false (default)
2019-10-08 22:22:25,811 [pool-433-thread-1] INFO  server.RaftServerConfigKeys (ConfUtils.java:logGet(43)) - raft.server.notification.no-leader.timeout = 120s (custom)
2019-10-08 22:22:25,812 [pool-423-thread-1] INFO  server.RaftServerConfigKeys (ConfUtils.java:logGet(43)) - raft.server.log.purge.gap = 1000000 (custom)
2019-10-08 22:22:25,812 [pool-413-thread-1] INFO  server.RaftServerConfigKeys (ConfUtils.java:logGet(43)) - raft.server.notification.no-leader.timeout = 120s (custom)
2019-10-08 22:22:25,812 [pool-423-thread-1] INFO  server.RaftServerConfigKeys (ConfUtils.java:logGet(43)) - raft.server.log.appender.buffer.byte-limit = 33554432 (custom)
2019-10-08 22:22:25,812 [pool-433-thread-1] INFO  server.RaftServerConfigKeys (ConfUtils.java:logGet(43)) - raft.server.log.use.memory = false (default)
2019-10-08 22:22:25,812 [pool-423-thread-1] INFO  server.RaftServerConfigKeys (ConfUtils.java:logGet(43)) - raft.server.log.segment.size.max = 1048576 (custom)
2019-10-08 22:22:25,812 [pool-413-thread-1] INFO  server.RaftServerConfigKeys (ConfUtils.java:logGet(43)) - raft.server.log.use.memory = false (default)
2019-10-08 22:22:25,813 [pool-423-thread-1] INFO  server.RaftServerConfigKeys (ConfUtils.java:logGet(43)) - raft.server.log.segment.cache.num.max = 2 (custom)
2019-10-08 22:22:25,812 [pool-433-thread-1] INFO  server.RaftServerConfigKeys (ConfUtils.java:logGet(43)) - raft.server.log.purge.gap = 1000000 (custom)
2019-10-08 22:22:25,813 [pool-423-thread-1] INFO  segmented.SegmentedRaftLogWorker (SegmentedRaftLogWorker.java:<init>(173)) - new dad677e0-3c16-4b25-8ae5-5b39f18dff15@group-2D39B9FCA144-SegmentedRaftLogWorker for RaftStorage:Storage Directory /workdir/hadoop-ozone/integration-test/target/test-dir/MiniOzoneClusterImpl-73be8c55-0359-4a05-973c-f572fa968d6f/datanode-4/data/ratis/649fa7ca-5698-4f67-a8bc-2d39b9fca144
2019-10-08 22:22:25,813 [pool-413-thread-1] INFO  server.RaftServerConfigKeys (ConfUtils.java:logGet(43)) - raft.server.log.purge.gap = 1000000 (custom)
2019-10-08 22:22:25,813 [pool-423-thread-1] INFO  server.RaftServerConfigKeys (ConfUtils.java:logGet(43)) - raft.server.log.queue.byte-limit = 2147483647 (custom)
2019-10-08 22:22:25,813 [pool-433-thread-1] INFO  server.RaftServerConfigKeys (ConfUtils.java:logGet(43)) - raft.server.log.appender.buffer.byte-limit = 33554432 (custom)
2019-10-08 22:22:25,813 [pool-423-thread-1] INFO  server.RaftServerConfigKeys (ConfUtils.java:logGet(43)) - raft.server.log.queue.element-limit = 1024 (custom)
2019-10-08 22:22:25,813 [pool-413-thread-1] INFO  server.RaftServerConfigKeys (ConfUtils.java:logGet(43)) - raft.server.log.appender.buffer.byte-limit = 33554432 (custom)
2019-10-08 22:22:25,814 [pool-423-thread-1] INFO  server.RaftServerConfigKeys (ConfUtils.java:logGet(43)) - raft.server.log.segment.size.max = 1048576 (custom)
2019-10-08 22:22:25,814 [pool-433-thread-1] INFO  server.RaftServerConfigKeys (ConfUtils.java:logGet(43)) - raft.server.log.segment.size.max = 1048576 (custom)
2019-10-08 22:22:25,814 [pool-423-thread-1] INFO  server.RaftServerConfigKeys (ConfUtils.java:logGet(43)) - raft.server.log.preallocated.size = 16384 (custom)
2019-10-08 22:22:25,814 [pool-413-thread-1] INFO  server.RaftServerConfigKeys (ConfUtils.java:logGet(43)) - raft.server.log.segment.size.max = 1048576 (custom)
2019-10-08 22:22:25,814 [pool-423-thread-1] INFO  server.RaftServerConfigKeys (ConfUtils.java:logGet(43)) - raft.server.log.write.buffer.size = 33554432 (custom)
2019-10-08 22:22:25,814 [pool-433-thread-1] INFO  server.RaftServerConfigKeys (ConfUtils.java:logGet(43)) - raft.server.log.segment.cache.num.max = 2 (custom)
2019-10-08 22:22:25,815 [pool-423-thread-1] INFO  server.RaftServerConfigKeys (ConfUtils.java:logGet(43)) - raft.server.log.force.sync.num = 128 (default)
2019-10-08 22:22:25,814 [pool-413-thread-1] INFO  server.RaftServerConfigKeys (ConfUtils.java:logGet(43)) - raft.server.log.segment.cache.num.max = 2 (custom)
2019-10-08 22:22:25,815 [pool-423-thread-1] INFO  server.RaftServerConfigKeys (ConfUtils.java:logGet(43)) - raft.server.log.statemachine.data.sync = true (default)
2019-10-08 22:22:25,815 [pool-433-thread-1] INFO  segmented.SegmentedRaftLogWorker (SegmentedRaftLogWorker.java:<init>(173)) - new 119e3add-9ce0-41a1-bdb3-8c9d3e342e8b@group-2D39B9FCA144-SegmentedRaftLogWorker for RaftStorage:Storage Directory /workdir/hadoop-ozone/integration-test/target/test-dir/MiniOzoneClusterImpl-73be8c55-0359-4a05-973c-f572fa968d6f/datanode-5/data/ratis/649fa7ca-5698-4f67-a8bc-2d39b9fca144
2019-10-08 22:22:25,815 [pool-423-thread-1] INFO  server.RaftServerConfigKeys (ConfUtils.java:logGet(43)) - raft.server.log.statemachine.data.sync.timeout = 10s (default)
2019-10-08 22:22:25,815 [pool-413-thread-1] INFO  segmented.SegmentedRaftLogWorker (SegmentedRaftLogWorker.java:<init>(173)) - new a01aebe6-4037-4f46-a32f-4c27a8882ae8@group-2D39B9FCA144-SegmentedRaftLogWorker for RaftStorage:Storage Directory /workdir/hadoop-ozone/integration-test/target/test-dir/MiniOzoneClusterImpl-73be8c55-0359-4a05-973c-f572fa968d6f/datanode-3/data/ratis/649fa7ca-5698-4f67-a8bc-2d39b9fca144
2019-10-08 22:22:25,816 [pool-423-thread-1] INFO  server.RaftServerConfigKeys (ConfUtils.java:logGet(43)) - raft.server.log.statemachine.data.sync.timeout.retry = -1 (default)
2019-10-08 22:22:25,815 [pool-433-thread-1] INFO  server.RaftServerConfigKeys (ConfUtils.java:logGet(43)) - raft.server.log.queue.byte-limit = 2147483647 (custom)
2019-10-08 22:22:25,816 [pool-423-thread-1] INFO  server.RaftServerConfigKeys (ConfUtils.java:logGet(43)) - raft.server.log.statemachine.data.caching.enabled = true (custom)
2019-10-08 22:22:25,816 [pool-413-thread-1] INFO  server.RaftServerConfigKeys (ConfUtils.java:logGet(43)) - raft.server.log.queue.byte-limit = 2147483647 (custom)
2019-10-08 22:22:25,816 [pool-413-thread-1] INFO  server.RaftServerConfigKeys (ConfUtils.java:logGet(43)) - raft.server.log.queue.element-limit = 1024 (custom)
2019-10-08 22:22:25,816 [pool-433-thread-1] INFO  server.RaftServerConfigKeys (ConfUtils.java:logGet(43)) - raft.server.log.queue.element-limit = 1024 (custom)
2019-10-08 22:22:25,816 [pool-413-thread-1] INFO  server.RaftServerConfigKeys (ConfUtils.java:logGet(43)) - raft.server.log.segment.size.max = 1048576 (custom)
2019-10-08 22:22:25,816 [pool-423-thread-1] INFO  segmented.SegmentedRaftLogWorker (SegmentedRaftLogWorker.java:lambda$new$0(128)) - dad677e0-3c16-4b25-8ae5-5b39f18dff15@group-2D39B9FCA144-SegmentedRaftLogWorker: flushIndex: setUnconditionally 0 -> -1
2019-10-08 22:22:25,817 [pool-413-thread-1] INFO  server.RaftServerConfigKeys (ConfUtils.java:logGet(43)) - raft.server.log.preallocated.size = 16384 (custom)
2019-10-08 22:22:25,817 [pool-433-thread-1] INFO  server.RaftServerConfigKeys (ConfUtils.java:logGet(43)) - raft.server.log.segment.size.max = 1048576 (custom)
2019-10-08 22:22:25,817 [pool-423-thread-1] INFO  server.RaftServerConfigKeys (ConfUtils.java:logGet(43)) - raft.server.snapshot.auto.trigger.enabled = true (custom)
2019-10-08 22:22:25,817 [pool-413-thread-1] INFO  server.RaftServerConfigKeys (ConfUtils.java:logGet(43)) - raft.server.log.write.buffer.size = 33554432 (custom)
2019-10-08 22:22:25,817 [pool-423-thread-1] INFO  server.RaftServerConfigKeys (ConfUtils.java:logGet(43)) - raft.server.snapshot.auto.trigger.threshold = 10000 (custom)
2019-10-08 22:22:25,817 [pool-433-thread-1] INFO  server.RaftServerConfigKeys (ConfUtils.java:logGet(43)) - raft.server.log.preallocated.size = 16384 (custom)
2019-10-08 22:22:25,818 [pool-423-thread-1] INFO  server.RaftServerConfigKeys (ConfUtils.java:logGet(43)) - raft.server.snapshot.retention.file.num = 5 (custom)
2019-10-08 22:22:25,817 [pool-413-thread-1] INFO  server.RaftServerConfigKeys (ConfUtils.java:logGet(43)) - raft.server.log.force.sync.num = 128 (default)
2019-10-08 22:22:25,818 [pool-423-thread-1] INFO  server.RaftServerConfigKeys (ConfUtils.java:logGet(43)) - raft.server.retrycache.expirytime = 600000ms (custom)
2019-10-08 22:22:25,818 [pool-433-thread-1] INFO  server.RaftServerConfigKeys (ConfUtils.java:logGet(43)) - raft.server.log.write.buffer.size = 33554432 (custom)
2019-10-08 22:22:25,818 [pool-413-thread-1] INFO  server.RaftServerConfigKeys (ConfUtils.java:logGet(43)) - raft.server.log.statemachine.data.sync = true (default)
2019-10-08 22:22:25,818 [pool-433-thread-1] INFO  server.RaftServerConfigKeys (ConfUtils.java:logGet(43)) - raft.server.log.force.sync.num = 128 (default)
2019-10-08 22:22:25,818 [pool-413-thread-1] INFO  server.RaftServerConfigKeys (ConfUtils.java:logGet(43)) - raft.server.log.statemachine.data.sync.timeout = 10s (default)
2019-10-08 22:22:25,819 [pool-433-thread-1] INFO  server.RaftServerConfigKeys (ConfUtils.java:logGet(43)) - raft.server.log.statemachine.data.sync = true (default)
2019-10-08 22:22:25,819 [pool-413-thread-1] INFO  server.RaftServerConfigKeys (ConfUtils.java:logGet(43)) - raft.server.log.statemachine.data.sync.timeout.retry = -1 (default)
2019-10-08 22:22:25,819 [pool-433-thread-1] INFO  server.RaftServerConfigKeys (ConfUtils.java:logGet(43)) - raft.server.log.statemachine.data.sync.timeout = 10s (default)
2019-10-08 22:22:25,819 [pool-413-thread-1] INFO  server.RaftServerConfigKeys (ConfUtils.java:logGet(43)) - raft.server.log.statemachine.data.caching.enabled = true (custom)
2019-10-08 22:22:25,819 [pool-433-thread-1] INFO  server.RaftServerConfigKeys (ConfUtils.java:logGet(43)) - raft.server.log.statemachine.data.sync.timeout.retry = -1 (default)
2019-10-08 22:22:25,819 [pool-433-thread-1] INFO  server.RaftServerConfigKeys (ConfUtils.java:logGet(43)) - raft.server.log.statemachine.data.caching.enabled = true (custom)
2019-10-08 22:22:25,819 [pool-413-thread-1] INFO  segmented.SegmentedRaftLogWorker (SegmentedRaftLogWorker.java:lambda$new$0(128)) - a01aebe6-4037-4f46-a32f-4c27a8882ae8@group-2D39B9FCA144-SegmentedRaftLogWorker: flushIndex: setUnconditionally 0 -> -1
2019-10-08 22:22:25,820 [pool-433-thread-1] INFO  segmented.SegmentedRaftLogWorker (SegmentedRaftLogWorker.java:lambda$new$0(128)) - 119e3add-9ce0-41a1-bdb3-8c9d3e342e8b@group-2D39B9FCA144-SegmentedRaftLogWorker: flushIndex: setUnconditionally 0 -> -1
2019-10-08 22:22:25,820 [pool-413-thread-1] INFO  server.RaftServerConfigKeys (ConfUtils.java:logGet(43)) - raft.server.snapshot.auto.trigger.enabled = true (custom)
2019-10-08 22:22:25,820 [pool-433-thread-1] INFO  server.RaftServerConfigKeys (ConfUtils.java:logGet(43)) - raft.server.snapshot.auto.trigger.enabled = true (custom)
2019-10-08 22:22:25,820 [pool-423-thread-1] INFO  impl.RaftServerImpl (RaftServerImpl.java:start(181)) - dad677e0-3c16-4b25-8ae5-5b39f18dff15@group-2D39B9FCA144: start as a follower, conf=-1: [a01aebe6-4037-4f46-a32f-4c27a8882ae8:192.168.30.45:35917, dad677e0-3c16-4b25-8ae5-5b39f18dff15:192.168.30.45:41494, 119e3add-9ce0-41a1-bdb3-8c9d3e342e8b:192.168.30.45:42124], old=null
2019-10-08 22:22:25,820 [pool-433-thread-1] INFO  server.RaftServerConfigKeys (ConfUtils.java:logGet(43)) - raft.server.snapshot.auto.trigger.threshold = 10000 (custom)
2019-10-08 22:22:25,820 [pool-413-thread-1] INFO  server.RaftServerConfigKeys (ConfUtils.java:logGet(43)) - raft.server.snapshot.auto.trigger.threshold = 10000 (custom)
2019-10-08 22:22:25,820 [pool-433-thread-1] INFO  server.RaftServerConfigKeys (ConfUtils.java:logGet(43)) - raft.server.snapshot.retention.file.num = 5 (custom)
2019-10-08 22:22:25,820 [pool-423-thread-1] INFO  impl.RaftServerImpl (RaftServerImpl.java:setRole(170)) - dad677e0-3c16-4b25-8ae5-5b39f18dff15@group-2D39B9FCA144: changes role from      null to FOLLOWER at term 0 for startAsFollower
2019-10-08 22:22:25,821 [pool-433-thread-1] INFO  server.RaftServerConfigKeys (ConfUtils.java:logGet(43)) - raft.server.retrycache.expirytime = 600000ms (custom)
2019-10-08 22:22:25,821 [pool-413-thread-1] INFO  server.RaftServerConfigKeys (ConfUtils.java:logGet(43)) - raft.server.snapshot.retention.file.num = 5 (custom)
2019-10-08 22:22:25,821 [pool-423-thread-1] INFO  impl.RoleInfo (RoleInfo.java:updateAndGet(143)) - dad677e0-3c16-4b25-8ae5-5b39f18dff15: start FollowerState
2019-10-08 22:22:25,821 [pool-413-thread-1] INFO  server.RaftServerConfigKeys (ConfUtils.java:logGet(43)) - raft.server.retrycache.expirytime = 600000ms (custom)
2019-10-08 22:22:25,822 [pool-423-thread-1] INFO  util.JmxRegister (JmxRegister.java:tryRegister(44)) - Successfully registered JMX Bean with object name Ratis:service=RaftServer,group=group-2D39B9FCA144,id=dad677e0-3c16-4b25-8ae5-5b39f18dff15
2019-10-08 22:22:25,824 [pool-433-thread-1] INFO  impl.RaftServerImpl (RaftServerImpl.java:start(181)) - 119e3add-9ce0-41a1-bdb3-8c9d3e342e8b@group-2D39B9FCA144: start as a follower, conf=-1: [a01aebe6-4037-4f46-a32f-4c27a8882ae8:192.168.30.45:35917, dad677e0-3c16-4b25-8ae5-5b39f18dff15:192.168.30.45:41494, 119e3add-9ce0-41a1-bdb3-8c9d3e342e8b:192.168.30.45:42124], old=null
2019-10-08 22:22:25,824 [pool-433-thread-1] INFO  impl.RaftServerImpl (RaftServerImpl.java:setRole(170)) - 119e3add-9ce0-41a1-bdb3-8c9d3e342e8b@group-2D39B9FCA144: changes role from      null to FOLLOWER at term 0 for startAsFollower
2019-10-08 22:22:25,824 [pool-433-thread-1] INFO  impl.RoleInfo (RoleInfo.java:updateAndGet(143)) - 119e3add-9ce0-41a1-bdb3-8c9d3e342e8b: start FollowerState
2019-10-08 22:22:25,825 [pool-413-thread-1] INFO  impl.RaftServerImpl (RaftServerImpl.java:start(181)) - a01aebe6-4037-4f46-a32f-4c27a8882ae8@group-2D39B9FCA144: start as a follower, conf=-1: [a01aebe6-4037-4f46-a32f-4c27a8882ae8:192.168.30.45:35917, dad677e0-3c16-4b25-8ae5-5b39f18dff15:192.168.30.45:41494, 119e3add-9ce0-41a1-bdb3-8c9d3e342e8b:192.168.30.45:42124], old=null
2019-10-08 22:22:25,825 [pool-433-thread-1] INFO  util.JmxRegister (JmxRegister.java:tryRegister(44)) - Successfully registered JMX Bean with object name Ratis:service=RaftServer,group=group-2D39B9FCA144,id=119e3add-9ce0-41a1-bdb3-8c9d3e342e8b
2019-10-08 22:22:25,825 [pool-413-thread-1] INFO  impl.RaftServerImpl (RaftServerImpl.java:setRole(170)) - a01aebe6-4037-4f46-a32f-4c27a8882ae8@group-2D39B9FCA144: changes role from      null to FOLLOWER at term 0 for startAsFollower
2019-10-08 22:22:25,825 [pool-413-thread-1] INFO  impl.RoleInfo (RoleInfo.java:updateAndGet(143)) - a01aebe6-4037-4f46-a32f-4c27a8882ae8: start FollowerState
2019-10-08 22:22:25,826 [pool-413-thread-1] INFO  util.JmxRegister (JmxRegister.java:tryRegister(44)) - Successfully registered JMX Bean with object name Ratis:service=RaftServer,group=group-2D39B9FCA144,id=a01aebe6-4037-4f46-a32f-4c27a8882ae8
2019-10-08 22:22:25,844 [RatisPipelineUtilsThread] INFO  pipeline.PipelineStateManager (PipelineStateManager.java:addPipeline(56)) - Created pipeline Pipeline[ Id: 649fa7ca-5698-4f67-a8bc-2d39b9fca144, Nodes: dad677e0-3c16-4b25-8ae5-5b39f18dff15{ip: 192.168.30.45, host: pr-hdds-1228-jbbql-2974301341, networkLocation: /default-rack, certSerialId: null}119e3add-9ce0-41a1-bdb3-8c9d3e342e8b{ip: 192.168.30.45, host: pr-hdds-1228-jbbql-2974301341, networkLocation: /default-rack, certSerialId: null}a01aebe6-4037-4f46-a32f-4c27a8882ae8{ip: 192.168.30.45, host: pr-hdds-1228-jbbql-2974301341, networkLocation: /default-rack, certSerialId: null}, Type:RATIS, Factor:THREE, State:OPEN]
2019-10-08 22:22:26,739 [grpc-default-executor-1] WARN  server.GrpcLogAppender (LogUtils.java:warn(134)) - ef68bf2f-14be-4d5f-8c8b-17dd79c852c2@group-AEC151EC4700->baae7a36-5fe0-4b63-85b5-441d2538a079-AppendLogResponseHandler: Failed appendEntries: org.apache.ratis.thirdparty.io.grpc.StatusRuntimeException: UNAVAILABLE: io exception
2019-10-08 22:22:26,739 [grpc-default-executor-0] WARN  server.GrpcLogAppender (LogUtils.java:warn(134)) - ef68bf2f-14be-4d5f-8c8b-17dd79c852c2@group-AEC151EC4700->3161767e-c286-4df4-9de4-b5ad5e977375-AppendLogResponseHandler: Failed appendEntries: org.apache.ratis.thirdparty.io.grpc.StatusRuntimeException: UNAVAILABLE: io exception
2019-10-08 22:22:26,740 [grpc-default-executor-1] INFO  impl.FollowerInfo (FollowerInfo.java:lambda$new$0(51)) - ef68bf2f-14be-4d5f-8c8b-17dd79c852c2@group-AEC151EC4700->baae7a36-5fe0-4b63-85b5-441d2538a079: nextIndex: updateUnconditionally 0 -> 0
2019-10-08 22:22:26,740 [grpc-default-executor-0] INFO  impl.FollowerInfo (FollowerInfo.java:lambda$new$0(51)) - ef68bf2f-14be-4d5f-8c8b-17dd79c852c2@group-AEC151EC4700->3161767e-c286-4df4-9de4-b5ad5e977375: nextIndex: updateUnconditionally 0 -> 0
2019-10-08 22:22:26,768 [main] INFO  ozone.MiniOzoneClusterImpl (MiniOzoneClusterImpl.java:lambda$waitForClusterToBeReady$0(147)) - Cluster is ready. Got 7 of 7 DN Heartbeats.
2019-10-08 22:22:26,827 [main] INFO  rpc.RpcClient (RpcClient.java:createVolume(277)) - Creating Volume: watchforcommithandlingtest, with jenkins1000 as owner.
2019-10-08 22:22:26,832 [IPC Server handler 0 on 40780] INFO  volume.OMVolumeCreateRequest (OMVolumeCreateRequest.java:validateAndUpdateCache(193)) - created volume:watchforcommithandlingtest for user:jenkins1000
2019-10-08 22:22:26,853 [main] INFO  rpc.RpcClient (RpcClient.java:createBucket(416)) - Creating Bucket: watchforcommithandlingtest/watchforcommithandlingtest, with Versioning false and Storage Type set to DISK and Encryption set to false 
2019-10-08 22:22:26,859 [main] INFO  ozone.MiniOzoneClusterImpl (MiniOzoneClusterImpl.java:getStorageContainerLocationClient(234)) - Creating StorageContainerLocationProtocol RPC client with address /0.0.0.0:34202
2019-10-08 22:22:28,143 [Thread-2325] INFO  container.ReplicationManager (ReplicationManager.java:start(162)) - Starting Replication Monitor Thread.
2019-10-08 22:22:28,149 [ReplicationMonitor] INFO  container.ReplicationManager (ReplicationManager.java:run(225)) - Replication Monitor Thread took 1 milliseconds for processing 1 containers.
2019-10-08 22:22:29,240 [grpc-default-executor-1] WARN  server.GrpcLogAppender (LogUtils.java:warn(134)) - ef68bf2f-14be-4d5f-8c8b-17dd79c852c2@group-AEC151EC4700->3161767e-c286-4df4-9de4-b5ad5e977375-AppendLogResponseHandler: Failed appendEntries: org.apache.ratis.thirdparty.io.grpc.StatusRuntimeException: UNAVAILABLE: io exception
2019-10-08 22:22:29,240 [grpc-default-executor-4] WARN  server.GrpcLogAppender (LogUtils.java:warn(134)) - ef68bf2f-14be-4d5f-8c8b-17dd79c852c2@group-AEC151EC4700->baae7a36-5fe0-4b63-85b5-441d2538a079-AppendLogResponseHandler: Failed appendEntries: org.apache.ratis.thirdparty.io.grpc.StatusRuntimeException: UNAVAILABLE: io exception
2019-10-08 22:22:29,241 [grpc-default-executor-1] INFO  impl.FollowerInfo (FollowerInfo.java:lambda$new$0(51)) - ef68bf2f-14be-4d5f-8c8b-17dd79c852c2@group-AEC151EC4700->3161767e-c286-4df4-9de4-b5ad5e977375: nextIndex: updateUnconditionally 0 -> 0
2019-10-08 22:22:29,241 [grpc-default-executor-4] INFO  impl.FollowerInfo (FollowerInfo.java:lambda$new$0(51)) - ef68bf2f-14be-4d5f-8c8b-17dd79c852c2@group-AEC151EC4700->baae7a36-5fe0-4b63-85b5-441d2538a079: nextIndex: updateUnconditionally 0 -> 0
2019-10-08 22:22:30,396 [Thread-2329] INFO  impl.FollowerState (FollowerState.java:run(108)) - 52c37ae0-fdd6-4f6c-852f-7383ab78a9c4@group-EFD6CC44C3A7-FollowerState: change to CANDIDATE, lastRpcTime:5187ms, electionTimeout:5187ms
2019-10-08 22:22:30,396 [Thread-2329] INFO  impl.RoleInfo (RoleInfo.java:shutdownFollowerState(121)) - 52c37ae0-fdd6-4f6c-852f-7383ab78a9c4: shutdown FollowerState
2019-10-08 22:22:30,396 [Thread-2329] INFO  impl.RaftServerImpl (RaftServerImpl.java:setRole(170)) - 52c37ae0-fdd6-4f6c-852f-7383ab78a9c4@group-EFD6CC44C3A7: changes role from  FOLLOWER to CANDIDATE at term 0 for changeToCandidate
2019-10-08 22:22:30,397 [Thread-2329] INFO  impl.RoleInfo (RoleInfo.java:updateAndGet(143)) - 52c37ae0-fdd6-4f6c-852f-7383ab78a9c4: start LeaderElection
2019-10-08 22:22:30,403 [Thread-2332] INFO  impl.FollowerState (FollowerState.java:run(108)) - c9e29d54-6f88-4644-84f1-61bf3054ef05@group-4CB62691FFE2-FollowerState: change to CANDIDATE, lastRpcTime:5128ms, electionTimeout:5123ms
2019-10-08 22:22:30,411 [Thread-2332] INFO  impl.RoleInfo (RoleInfo.java:shutdownFollowerState(121)) - c9e29d54-6f88-4644-84f1-61bf3054ef05: shutdown FollowerState
2019-10-08 22:22:30,412 [Thread-2332] INFO  impl.RaftServerImpl (RaftServerImpl.java:setRole(170)) - c9e29d54-6f88-4644-84f1-61bf3054ef05@group-4CB62691FFE2: changes role from  FOLLOWER to CANDIDATE at term 0 for changeToCandidate
2019-10-08 22:22:30,412 [Thread-2332] INFO  impl.RoleInfo (RoleInfo.java:updateAndGet(143)) - c9e29d54-6f88-4644-84f1-61bf3054ef05: start LeaderElection
2019-10-08 22:22:30,425 [52c37ae0-fdd6-4f6c-852f-7383ab78a9c4@group-EFD6CC44C3A7-LeaderElection82] INFO  impl.LeaderElection (LeaderElection.java:askForVotes(178)) - 52c37ae0-fdd6-4f6c-852f-7383ab78a9c4@group-EFD6CC44C3A7-LeaderElection82: begin an election at term 1 for -1: [52c37ae0-fdd6-4f6c-852f-7383ab78a9c4:192.168.30.45:34618], old=null
2019-10-08 22:22:30,425 [52c37ae0-fdd6-4f6c-852f-7383ab78a9c4@group-EFD6CC44C3A7-LeaderElection82] INFO  impl.RoleInfo (RoleInfo.java:shutdownLeaderElection(134)) - 52c37ae0-fdd6-4f6c-852f-7383ab78a9c4: shutdown LeaderElection
2019-10-08 22:22:30,425 [52c37ae0-fdd6-4f6c-852f-7383ab78a9c4@group-EFD6CC44C3A7-LeaderElection82] INFO  impl.RaftServerImpl (RaftServerImpl.java:setRole(170)) - 52c37ae0-fdd6-4f6c-852f-7383ab78a9c4@group-EFD6CC44C3A7: changes role from CANDIDATE to LEADER at term 1 for changeToLeader
2019-10-08 22:22:30,425 [52c37ae0-fdd6-4f6c-852f-7383ab78a9c4@group-EFD6CC44C3A7-LeaderElection82] INFO  impl.RaftServerImpl (ServerState.java:setLeader(255)) - 52c37ae0-fdd6-4f6c-852f-7383ab78a9c4@group-EFD6CC44C3A7: change Leader from null to 52c37ae0-fdd6-4f6c-852f-7383ab78a9c4 at term 1 for becomeLeader, leader elected after 5223ms
2019-10-08 22:22:30,425 [52c37ae0-fdd6-4f6c-852f-7383ab78a9c4@group-EFD6CC44C3A7-LeaderElection82] INFO  server.RaftServerConfigKeys (ConfUtils.java:logGet(43)) - raft.server.staging.catchup.gap = 1000 (default)
2019-10-08 22:22:30,426 [52c37ae0-fdd6-4f6c-852f-7383ab78a9c4@group-EFD6CC44C3A7-LeaderElection82] INFO  server.RaftServerConfigKeys (ConfUtils.java:logGet(43)) - raft.server.rpc.sleep.time = 25ms (default)
2019-10-08 22:22:30,426 [52c37ae0-fdd6-4f6c-852f-7383ab78a9c4@group-EFD6CC44C3A7-LeaderElection82] INFO  server.RaftServerConfigKeys (ConfUtils.java:logGet(43)) - raft.server.write.element-limit = 4096 (default)
2019-10-08 22:22:30,426 [52c37ae0-fdd6-4f6c-852f-7383ab78a9c4@group-EFD6CC44C3A7-LeaderElection82] INFO  server.RaftServerConfigKeys (ConfUtils.java:logGet(43)) - raft.server.watch.timeout = 10s (default)
2019-10-08 22:22:30,426 [52c37ae0-fdd6-4f6c-852f-7383ab78a9c4@group-EFD6CC44C3A7-LeaderElection82] INFO  server.RaftServerConfigKeys (ConfUtils.java:logGet(43)) - raft.server.watch.timeout.denomination = 1s (default)
2019-10-08 22:22:30,426 [52c37ae0-fdd6-4f6c-852f-7383ab78a9c4@group-EFD6CC44C3A7-LeaderElection82] INFO  server.RaftServerConfigKeys (ConfUtils.java:logGet(43)) - raft.server.watch.element-limit = 65536 (default)
2019-10-08 22:22:30,429 [52c37ae0-fdd6-4f6c-852f-7383ab78a9c4@group-EFD6CC44C3A7-LeaderElection82] INFO  impl.RoleInfo (RoleInfo.java:updateAndGet(143)) - 52c37ae0-fdd6-4f6c-852f-7383ab78a9c4: start LeaderState
2019-10-08 22:22:30,430 [52c37ae0-fdd6-4f6c-852f-7383ab78a9c4@group-EFD6CC44C3A7-LeaderElection82] INFO  segmented.SegmentedRaftLogWorker (SegmentedRaftLogWorker.java:startLogSegment(385)) - 52c37ae0-fdd6-4f6c-852f-7383ab78a9c4@group-EFD6CC44C3A7-SegmentedRaftLogWorker: Starting segment from index:0
2019-10-08 22:22:30,430 [52c37ae0-fdd6-4f6c-852f-7383ab78a9c4@group-EFD6CC44C3A7-LeaderElection82] INFO  impl.RaftServerImpl (ServerState.java:setRaftConf(356)) - 52c37ae0-fdd6-4f6c-852f-7383ab78a9c4@group-EFD6CC44C3A7: set configuration 0: [52c37ae0-fdd6-4f6c-852f-7383ab78a9c4:192.168.30.45:34618], old=null at 0
2019-10-08 22:22:30,437 [c9e29d54-6f88-4644-84f1-61bf3054ef05@group-4CB62691FFE2-LeaderElection83] INFO  impl.LeaderElection (LeaderElection.java:askForVotes(178)) - c9e29d54-6f88-4644-84f1-61bf3054ef05@group-4CB62691FFE2-LeaderElection83: begin an election at term 1 for -1: [c9e29d54-6f88-4644-84f1-61bf3054ef05:192.168.30.45:36547], old=null
2019-10-08 22:22:30,437 [c9e29d54-6f88-4644-84f1-61bf3054ef05@group-4CB62691FFE2-LeaderElection83] INFO  impl.RoleInfo (RoleInfo.java:shutdownLeaderElection(134)) - c9e29d54-6f88-4644-84f1-61bf3054ef05: shutdown LeaderElection
2019-10-08 22:22:30,437 [c9e29d54-6f88-4644-84f1-61bf3054ef05@group-4CB62691FFE2-LeaderElection83] INFO  impl.RaftServerImpl (RaftServerImpl.java:setRole(170)) - c9e29d54-6f88-4644-84f1-61bf3054ef05@group-4CB62691FFE2: changes role from CANDIDATE to LEADER at term 1 for changeToLeader
2019-10-08 22:22:30,438 [c9e29d54-6f88-4644-84f1-61bf3054ef05@group-4CB62691FFE2-LeaderElection83] INFO  impl.RaftServerImpl (ServerState.java:setLeader(255)) - c9e29d54-6f88-4644-84f1-61bf3054ef05@group-4CB62691FFE2: change Leader from null to c9e29d54-6f88-4644-84f1-61bf3054ef05 at term 1 for becomeLeader, leader elected after 5170ms
2019-10-08 22:22:30,438 [c9e29d54-6f88-4644-84f1-61bf3054ef05@group-4CB62691FFE2-LeaderElection83] INFO  server.RaftServerConfigKeys (ConfUtils.java:logGet(43)) - raft.server.staging.catchup.gap = 1000 (default)
2019-10-08 22:22:30,438 [c9e29d54-6f88-4644-84f1-61bf3054ef05@group-4CB62691FFE2-LeaderElection83] INFO  server.RaftServerConfigKeys (ConfUtils.java:logGet(43)) - raft.server.rpc.sleep.time = 25ms (default)
2019-10-08 22:22:30,438 [c9e29d54-6f88-4644-84f1-61bf3054ef05@group-4CB62691FFE2-LeaderElection83] INFO  server.RaftServerConfigKeys (ConfUtils.java:logGet(43)) - raft.server.write.element-limit = 4096 (default)
2019-10-08 22:22:30,438 [c9e29d54-6f88-4644-84f1-61bf3054ef05@group-4CB62691FFE2-LeaderElection83] INFO  server.RaftServerConfigKeys (ConfUtils.java:logGet(43)) - raft.server.watch.timeout = 10s (default)
2019-10-08 22:22:30,439 [c9e29d54-6f88-4644-84f1-61bf3054ef05@group-4CB62691FFE2-LeaderElection83] INFO  server.RaftServerConfigKeys (ConfUtils.java:logGet(43)) - raft.server.watch.timeout.denomination = 1s (default)
2019-10-08 22:22:30,439 [c9e29d54-6f88-4644-84f1-61bf3054ef05@group-4CB62691FFE2-LeaderElection83] INFO  server.RaftServerConfigKeys (ConfUtils.java:logGet(43)) - raft.server.watch.element-limit = 65536 (default)
2019-10-08 22:22:30,441 [c9e29d54-6f88-4644-84f1-61bf3054ef05@group-4CB62691FFE2-LeaderElection83] INFO  impl.RoleInfo (RoleInfo.java:updateAndGet(143)) - c9e29d54-6f88-4644-84f1-61bf3054ef05: start LeaderState
2019-10-08 22:22:30,442 [c9e29d54-6f88-4644-84f1-61bf3054ef05@group-4CB62691FFE2-LeaderElection83] INFO  segmented.SegmentedRaftLogWorker (SegmentedRaftLogWorker.java:startLogSegment(385)) - c9e29d54-6f88-4644-84f1-61bf3054ef05@group-4CB62691FFE2-SegmentedRaftLogWorker: Starting segment from index:0
2019-10-08 22:22:30,442 [c9e29d54-6f88-4644-84f1-61bf3054ef05@group-4CB62691FFE2-LeaderElection83] INFO  impl.RaftServerImpl (ServerState.java:setRaftConf(356)) - c9e29d54-6f88-4644-84f1-61bf3054ef05@group-4CB62691FFE2: set configuration 0: [c9e29d54-6f88-4644-84f1-61bf3054ef05:192.168.30.45:36547], old=null at 0
2019-10-08 22:22:30,478 [52c37ae0-fdd6-4f6c-852f-7383ab78a9c4@group-EFD6CC44C3A7-SegmentedRaftLogWorker] INFO  segmented.SegmentedRaftLogWorker (SegmentedRaftLogWorker.java:execute(574)) - 52c37ae0-fdd6-4f6c-852f-7383ab78a9c4@group-EFD6CC44C3A7-SegmentedRaftLogWorker: created new log segment /workdir/hadoop-ozone/integration-test/target/test-dir/MiniOzoneClusterImpl-73be8c55-0359-4a05-973c-f572fa968d6f/datanode-0/data/ratis/68681d87-4d7f-4e39-89ca-efd6cc44c3a7/current/log_inprogress_0
2019-10-08 22:22:30,478 [c9e29d54-6f88-4644-84f1-61bf3054ef05@group-4CB62691FFE2-SegmentedRaftLogWorker] INFO  segmented.SegmentedRaftLogWorker (SegmentedRaftLogWorker.java:execute(574)) - c9e29d54-6f88-4644-84f1-61bf3054ef05@group-4CB62691FFE2-SegmentedRaftLogWorker: created new log segment /workdir/hadoop-ozone/integration-test/target/test-dir/MiniOzoneClusterImpl-73be8c55-0359-4a05-973c-f572fa968d6f/datanode-1/data/ratis/d6043444-3e78-44b5-a5e0-4cb62691ffe2/current/log_inprogress_0
2019-10-08 22:22:30,541 [Thread-2342] INFO  impl.FollowerState (FollowerState.java:run(108)) - 52c37ae0-fdd6-4f6c-852f-7383ab78a9c4@group-1A2D5620F3E3-FollowerState: change to CANDIDATE, lastRpcTime:5092ms, electionTimeout:5088ms
2019-10-08 22:22:30,541 [Thread-2342] INFO  impl.RoleInfo (RoleInfo.java:shutdownFollowerState(121)) - 52c37ae0-fdd6-4f6c-852f-7383ab78a9c4: shutdown FollowerState
2019-10-08 22:22:30,541 [Thread-2342] INFO  impl.RaftServerImpl (RaftServerImpl.java:setRole(170)) - 52c37ae0-fdd6-4f6c-852f-7383ab78a9c4@group-1A2D5620F3E3: changes role from  FOLLOWER to CANDIDATE at term 0 for changeToCandidate
2019-10-08 22:22:30,541 [Thread-2342] INFO  impl.RoleInfo (RoleInfo.java:updateAndGet(143)) - 52c37ae0-fdd6-4f6c-852f-7383ab78a9c4: start LeaderElection
2019-10-08 22:22:30,551 [Thread-2338] INFO  impl.FollowerState (FollowerState.java:run(108)) - 25dc1725-276f-49a7-88a4-178b55aa4ec4@group-1A2D5620F3E3-FollowerState: change to CANDIDATE, lastRpcTime:5105ms, electionTimeout:5104ms
2019-10-08 22:22:30,551 [Thread-2338] INFO  impl.RoleInfo (RoleInfo.java:shutdownFollowerState(121)) - 25dc1725-276f-49a7-88a4-178b55aa4ec4: shutdown FollowerState
2019-10-08 22:22:30,551 [Thread-2338] INFO  impl.RaftServerImpl (RaftServerImpl.java:setRole(170)) - 25dc1725-276f-49a7-88a4-178b55aa4ec4@group-1A2D5620F3E3: changes role from  FOLLOWER to CANDIDATE at term 0 for changeToCandidate
2019-10-08 22:22:30,552 [Thread-2338] INFO  impl.RoleInfo (RoleInfo.java:updateAndGet(143)) - 25dc1725-276f-49a7-88a4-178b55aa4ec4: start LeaderElection
2019-10-08 22:22:30,562 [Thread-2347] INFO  impl.FollowerState (FollowerState.java:run(108)) - a01aebe6-4037-4f46-a32f-4c27a8882ae8@group-77B6600626C8-FollowerState: change to CANDIDATE, lastRpcTime:5051ms, electionTimeout:5051ms
2019-10-08 22:22:30,563 [Thread-2347] INFO  impl.RoleInfo (RoleInfo.java:shutdownFollowerState(121)) - a01aebe6-4037-4f46-a32f-4c27a8882ae8: shutdown FollowerState
2019-10-08 22:22:30,563 [Thread-2347] INFO  impl.RaftServerImpl (RaftServerImpl.java:setRole(170)) - a01aebe6-4037-4f46-a32f-4c27a8882ae8@group-77B6600626C8: changes role from  FOLLOWER to CANDIDATE at term 0 for changeToCandidate
2019-10-08 22:22:30,563 [Thread-2347] INFO  impl.RoleInfo (RoleInfo.java:updateAndGet(143)) - a01aebe6-4037-4f46-a32f-4c27a8882ae8: start LeaderElection
2019-10-08 22:22:30,567 [Thread-2335] INFO  impl.FollowerState (FollowerState.java:run(108)) - 25dc1725-276f-49a7-88a4-178b55aa4ec4@group-D19A75241F41-FollowerState: change to CANDIDATE, lastRpcTime:5169ms, electionTimeout:5169ms
2019-10-08 22:22:30,567 [25dc1725-276f-49a7-88a4-178b55aa4ec4@group-1A2D5620F3E3-LeaderElection85] INFO  impl.LeaderElection (LeaderElection.java:askForVotes(178)) - 25dc1725-276f-49a7-88a4-178b55aa4ec4@group-1A2D5620F3E3-LeaderElection85: begin an election at term 1 for -1: [c9e29d54-6f88-4644-84f1-61bf3054ef05:192.168.30.45:36547, 52c37ae0-fdd6-4f6c-852f-7383ab78a9c4:192.168.30.45:34618, 25dc1725-276f-49a7-88a4-178b55aa4ec4:192.168.30.45:46701], old=null
2019-10-08 22:22:30,567 [52c37ae0-fdd6-4f6c-852f-7383ab78a9c4@group-1A2D5620F3E3-LeaderElection84] INFO  impl.LeaderElection (LeaderElection.java:askForVotes(178)) - 52c37ae0-fdd6-4f6c-852f-7383ab78a9c4@group-1A2D5620F3E3-LeaderElection84: begin an election at term 1 for -1: [c9e29d54-6f88-4644-84f1-61bf3054ef05:192.168.30.45:36547, 52c37ae0-fdd6-4f6c-852f-7383ab78a9c4:192.168.30.45:34618, 25dc1725-276f-49a7-88a4-178b55aa4ec4:192.168.30.45:46701], old=null
2019-10-08 22:22:30,576 [Thread-2335] INFO  impl.RoleInfo (RoleInfo.java:shutdownFollowerState(121)) - 25dc1725-276f-49a7-88a4-178b55aa4ec4: shutdown FollowerState
2019-10-08 22:22:30,576 [Thread-2335] INFO  impl.RaftServerImpl (RaftServerImpl.java:setRole(170)) - 25dc1725-276f-49a7-88a4-178b55aa4ec4@group-D19A75241F41: changes role from  FOLLOWER to CANDIDATE at term 0 for changeToCandidate
2019-10-08 22:22:30,577 [Thread-2335] INFO  impl.RoleInfo (RoleInfo.java:updateAndGet(143)) - 25dc1725-276f-49a7-88a4-178b55aa4ec4: start LeaderElection
2019-10-08 22:22:30,586 [a01aebe6-4037-4f46-a32f-4c27a8882ae8@group-77B6600626C8-LeaderElection86] INFO  impl.LeaderElection (LeaderElection.java:askForVotes(178)) - a01aebe6-4037-4f46-a32f-4c27a8882ae8@group-77B6600626C8-LeaderElection86: begin an election at term 1 for -1: [a01aebe6-4037-4f46-a32f-4c27a8882ae8:192.168.30.45:35917], old=null
2019-10-08 22:22:30,586 [a01aebe6-4037-4f46-a32f-4c27a8882ae8@group-77B6600626C8-LeaderElection86] INFO  impl.RoleInfo (RoleInfo.java:shutdownLeaderElection(134)) - a01aebe6-4037-4f46-a32f-4c27a8882ae8: shutdown LeaderElection
2019-10-08 22:22:30,586 [a01aebe6-4037-4f46-a32f-4c27a8882ae8@group-77B6600626C8-LeaderElection86] INFO  impl.RaftServerImpl (RaftServerImpl.java:setRole(170)) - a01aebe6-4037-4f46-a32f-4c27a8882ae8@group-77B6600626C8: changes role from CANDIDATE to LEADER at term 1 for changeToLeader
2019-10-08 22:22:30,586 [a01aebe6-4037-4f46-a32f-4c27a8882ae8@group-77B6600626C8-LeaderElection86] INFO  impl.RaftServerImpl (ServerState.java:setLeader(255)) - a01aebe6-4037-4f46-a32f-4c27a8882ae8@group-77B6600626C8: change Leader from null to a01aebe6-4037-4f46-a32f-4c27a8882ae8 at term 1 for becomeLeader, leader elected after 5083ms
2019-10-08 22:22:30,587 [a01aebe6-4037-4f46-a32f-4c27a8882ae8@group-77B6600626C8-LeaderElection86] INFO  server.RaftServerConfigKeys (ConfUtils.java:logGet(43)) - raft.server.staging.catchup.gap = 1000 (default)
2019-10-08 22:22:30,587 [a01aebe6-4037-4f46-a32f-4c27a8882ae8@group-77B6600626C8-LeaderElection86] INFO  server.RaftServerConfigKeys (ConfUtils.java:logGet(43)) - raft.server.rpc.sleep.time = 25ms (default)
2019-10-08 22:22:30,587 [a01aebe6-4037-4f46-a32f-4c27a8882ae8@group-77B6600626C8-LeaderElection86] INFO  server.RaftServerConfigKeys (ConfUtils.java:logGet(43)) - raft.server.write.element-limit = 4096 (default)
2019-10-08 22:22:30,587 [a01aebe6-4037-4f46-a32f-4c27a8882ae8@group-77B6600626C8-LeaderElection86] INFO  server.RaftServerConfigKeys (ConfUtils.java:logGet(43)) - raft.server.watch.timeout = 10s (default)
2019-10-08 22:22:30,587 [a01aebe6-4037-4f46-a32f-4c27a8882ae8@group-77B6600626C8-LeaderElection86] INFO  server.RaftServerConfigKeys (ConfUtils.java:logGet(43)) - raft.server.watch.timeout.denomination = 1s (default)
2019-10-08 22:22:30,587 [a01aebe6-4037-4f46-a32f-4c27a8882ae8@group-77B6600626C8-LeaderElection86] INFO  server.RaftServerConfigKeys (ConfUtils.java:logGet(43)) - raft.server.watch.element-limit = 65536 (default)
2019-10-08 22:22:30,590 [a01aebe6-4037-4f46-a32f-4c27a8882ae8@group-77B6600626C8-LeaderElection86] INFO  impl.RoleInfo (RoleInfo.java:updateAndGet(143)) - a01aebe6-4037-4f46-a32f-4c27a8882ae8: start LeaderState
2019-10-08 22:22:30,590 [25dc1725-276f-49a7-88a4-178b55aa4ec4@group-D19A75241F41-LeaderElection87] INFO  impl.LeaderElection (LeaderElection.java:askForVotes(178)) - 25dc1725-276f-49a7-88a4-178b55aa4ec4@group-D19A75241F41-LeaderElection87: begin an election at term 1 for -1: [25dc1725-276f-49a7-88a4-178b55aa4ec4:192.168.30.45:46701], old=null
2019-10-08 22:22:30,590 [a01aebe6-4037-4f46-a32f-4c27a8882ae8@group-77B6600626C8-LeaderElection86] INFO  segmented.SegmentedRaftLogWorker (SegmentedRaftLogWorker.java:startLogSegment(385)) - a01aebe6-4037-4f46-a32f-4c27a8882ae8@group-77B6600626C8-SegmentedRaftLogWorker: Starting segment from index:0
2019-10-08 22:22:30,590 [25dc1725-276f-49a7-88a4-178b55aa4ec4@group-D19A75241F41-LeaderElection87] INFO  impl.RoleInfo (RoleInfo.java:shutdownLeaderElection(134)) - 25dc1725-276f-49a7-88a4-178b55aa4ec4: shutdown LeaderElection
2019-10-08 22:22:30,590 [25dc1725-276f-49a7-88a4-178b55aa4ec4@group-D19A75241F41-LeaderElection87] INFO  impl.RaftServerImpl (RaftServerImpl.java:setRole(170)) - 25dc1725-276f-49a7-88a4-178b55aa4ec4@group-D19A75241F41: changes role from CANDIDATE to LEADER at term 1 for changeToLeader
2019-10-08 22:22:30,590 [25dc1725-276f-49a7-88a4-178b55aa4ec4@group-D19A75241F41-LeaderElection87] INFO  impl.RaftServerImpl (ServerState.java:setLeader(255)) - 25dc1725-276f-49a7-88a4-178b55aa4ec4@group-D19A75241F41: change Leader from null to 25dc1725-276f-49a7-88a4-178b55aa4ec4 at term 1 for becomeLeader, leader elected after 5200ms
2019-10-08 22:22:30,596 [a01aebe6-4037-4f46-a32f-4c27a8882ae8@group-77B6600626C8-LeaderElection86] INFO  impl.RaftServerImpl (ServerState.java:setRaftConf(356)) - a01aebe6-4037-4f46-a32f-4c27a8882ae8@group-77B6600626C8: set configuration 0: [a01aebe6-4037-4f46-a32f-4c27a8882ae8:192.168.30.45:35917], old=null at 0
2019-10-08 22:22:30,597 [25dc1725-276f-49a7-88a4-178b55aa4ec4@group-D19A75241F41-LeaderElection87] INFO  server.RaftServerConfigKeys (ConfUtils.java:logGet(43)) - raft.server.staging.catchup.gap = 1000 (default)
2019-10-08 22:22:30,597 [grpc-default-executor-0] INFO  impl.RaftServerImpl (RaftServerImpl.java:setRole(170)) - c9e29d54-6f88-4644-84f1-61bf3054ef05@group-1A2D5620F3E3: changes role from  FOLLOWER to FOLLOWER at term 1 for recognizeCandidate:25dc1725-276f-49a7-88a4-178b55aa4ec4
2019-10-08 22:22:30,597 [25dc1725-276f-49a7-88a4-178b55aa4ec4@group-D19A75241F41-LeaderElection87] INFO  server.RaftServerConfigKeys (ConfUtils.java:logGet(43)) - raft.server.rpc.sleep.time = 25ms (default)
2019-10-08 22:22:30,597 [grpc-default-executor-0] INFO  impl.RoleInfo (RoleInfo.java:shutdownFollowerState(121)) - c9e29d54-6f88-4644-84f1-61bf3054ef05: shutdown FollowerState
2019-10-08 22:22:30,634 [grpc-default-executor-0] INFO  impl.RoleInfo (RoleInfo.java:updateAndGet(143)) - c9e29d54-6f88-4644-84f1-61bf3054ef05: start FollowerState
2019-10-08 22:22:30,634 [25dc1725-276f-49a7-88a4-178b55aa4ec4@group-D19A75241F41-LeaderElection87] INFO  server.RaftServerConfigKeys (ConfUtils.java:logGet(43)) - raft.server.write.element-limit = 4096 (default)
2019-10-08 22:22:30,633 [a01aebe6-4037-4f46-a32f-4c27a8882ae8@group-77B6600626C8-SegmentedRaftLogWorker] INFO  segmented.SegmentedRaftLogWorker (SegmentedRaftLogWorker.java:execute(574)) - a01aebe6-4037-4f46-a32f-4c27a8882ae8@group-77B6600626C8-SegmentedRaftLogWorker: created new log segment /workdir/hadoop-ozone/integration-test/target/test-dir/MiniOzoneClusterImpl-73be8c55-0359-4a05-973c-f572fa968d6f/datanode-3/data/ratis/2af1ae13-4003-47a5-afd0-77b6600626c8/current/log_inprogress_0
2019-10-08 22:22:30,634 [25dc1725-276f-49a7-88a4-178b55aa4ec4@group-D19A75241F41-LeaderElection87] INFO  server.RaftServerConfigKeys (ConfUtils.java:logGet(43)) - raft.server.watch.timeout = 10s (default)
2019-10-08 22:22:30,635 [25dc1725-276f-49a7-88a4-178b55aa4ec4@group-D19A75241F41-LeaderElection87] INFO  server.RaftServerConfigKeys (ConfUtils.java:logGet(43)) - raft.server.watch.timeout.denomination = 1s (default)
2019-10-08 22:22:30,635 [25dc1725-276f-49a7-88a4-178b55aa4ec4@group-D19A75241F41-LeaderElection87] INFO  server.RaftServerConfigKeys (ConfUtils.java:logGet(43)) - raft.server.watch.element-limit = 65536 (default)
2019-10-08 22:22:30,637 [25dc1725-276f-49a7-88a4-178b55aa4ec4@group-D19A75241F41-LeaderElection87] INFO  impl.RoleInfo (RoleInfo.java:updateAndGet(143)) - 25dc1725-276f-49a7-88a4-178b55aa4ec4: start LeaderState
2019-10-08 22:22:30,637 [25dc1725-276f-49a7-88a4-178b55aa4ec4@group-D19A75241F41-LeaderElection87] INFO  segmented.SegmentedRaftLogWorker (SegmentedRaftLogWorker.java:startLogSegment(385)) - 25dc1725-276f-49a7-88a4-178b55aa4ec4@group-D19A75241F41-SegmentedRaftLogWorker: Starting segment from index:0
2019-10-08 22:22:30,638 [25dc1725-276f-49a7-88a4-178b55aa4ec4@group-D19A75241F41-LeaderElection87] INFO  impl.RaftServerImpl (ServerState.java:setRaftConf(356)) - 25dc1725-276f-49a7-88a4-178b55aa4ec4@group-D19A75241F41: set configuration 0: [25dc1725-276f-49a7-88a4-178b55aa4ec4:192.168.30.45:46701], old=null at 0
2019-10-08 22:22:30,669 [Thread-2350] INFO  impl.FollowerState (FollowerState.java:run(108)) - dad677e0-3c16-4b25-8ae5-5b39f18dff15@group-3DC913F51496-FollowerState: change to CANDIDATE, lastRpcTime:5028ms, electionTimeout:5004ms
2019-10-08 22:22:30,669 [Thread-2350] INFO  impl.RoleInfo (RoleInfo.java:shutdownFollowerState(121)) - dad677e0-3c16-4b25-8ae5-5b39f18dff15: shutdown FollowerState
2019-10-08 22:22:30,669 [Thread-2350] INFO  impl.RaftServerImpl (RaftServerImpl.java:setRole(170)) - dad677e0-3c16-4b25-8ae5-5b39f18dff15@group-3DC913F51496: changes role from  FOLLOWER to CANDIDATE at term 0 for changeToCandidate
2019-10-08 22:22:30,669 [Thread-2350] INFO  impl.RoleInfo (RoleInfo.java:updateAndGet(143)) - dad677e0-3c16-4b25-8ae5-5b39f18dff15: start LeaderElection
2019-10-08 22:22:30,684 [25dc1725-276f-49a7-88a4-178b55aa4ec4@group-D19A75241F41-SegmentedRaftLogWorker] INFO  segmented.SegmentedRaftLogWorker (SegmentedRaftLogWorker.java:execute(574)) - 25dc1725-276f-49a7-88a4-178b55aa4ec4@group-D19A75241F41-SegmentedRaftLogWorker: created new log segment /workdir/hadoop-ozone/integration-test/target/test-dir/MiniOzoneClusterImpl-73be8c55-0359-4a05-973c-f572fa968d6f/datanode-2/data/ratis/dd7cf62a-c0aa-4ffb-9c4f-d19a75241f41/current/log_inprogress_0
2019-10-08 22:22:30,684 [52c37ae0-fdd6-4f6c-852f-7383ab78a9c4@group-1A2D5620F3E3-LeaderElection84] INFO  impl.LeaderElection (LeaderElection.java:logAndReturn(56)) - 52c37ae0-fdd6-4f6c-852f-7383ab78a9c4@group-1A2D5620F3E3-LeaderElection84: Election REJECTED; received 2 response(s) [52c37ae0-fdd6-4f6c-852f-7383ab78a9c4<-c9e29d54-6f88-4644-84f1-61bf3054ef05#0:FAIL-t1, 52c37ae0-fdd6-4f6c-852f-7383ab78a9c4<-25dc1725-276f-49a7-88a4-178b55aa4ec4#0:FAIL-t1] and 0 exception(s); 52c37ae0-fdd6-4f6c-852f-7383ab78a9c4@group-1A2D5620F3E3:t1, leader=null, voted=52c37ae0-fdd6-4f6c-852f-7383ab78a9c4, raftlog=52c37ae0-fdd6-4f6c-852f-7383ab78a9c4@group-1A2D5620F3E3-SegmentedRaftLog:OPENED:c-1,f-1,i0, conf=-1: [c9e29d54-6f88-4644-84f1-61bf3054ef05:192.168.30.45:36547, 52c37ae0-fdd6-4f6c-852f-7383ab78a9c4:192.168.30.45:34618, 25dc1725-276f-49a7-88a4-178b55aa4ec4:192.168.30.45:46701], old=null
2019-10-08 22:22:30,712 [25dc1725-276f-49a7-88a4-178b55aa4ec4@group-1A2D5620F3E3-LeaderElection85] INFO  impl.LeaderElection (LeaderElection.java:logAndReturn(56)) - 25dc1725-276f-49a7-88a4-178b55aa4ec4@group-1A2D5620F3E3-LeaderElection85: Election PASSED; received 2 response(s) [25dc1725-276f-49a7-88a4-178b55aa4ec4<-c9e29d54-6f88-4644-84f1-61bf3054ef05#0:OK-t1, 25dc1725-276f-49a7-88a4-178b55aa4ec4<-52c37ae0-fdd6-4f6c-852f-7383ab78a9c4#0:FAIL-t1] and 0 exception(s); 25dc1725-276f-49a7-88a4-178b55aa4ec4@group-1A2D5620F3E3:t1, leader=null, voted=25dc1725-276f-49a7-88a4-178b55aa4ec4, raftlog=25dc1725-276f-49a7-88a4-178b55aa4ec4@group-1A2D5620F3E3-SegmentedRaftLog:OPENED:c-1,f-1,i0, conf=-1: [c9e29d54-6f88-4644-84f1-61bf3054ef05:192.168.30.45:36547, 52c37ae0-fdd6-4f6c-852f-7383ab78a9c4:192.168.30.45:34618, 25dc1725-276f-49a7-88a4-178b55aa4ec4:192.168.30.45:46701], old=null
2019-10-08 22:22:30,712 [52c37ae0-fdd6-4f6c-852f-7383ab78a9c4@group-1A2D5620F3E3-LeaderElection84] INFO  impl.RaftServerImpl (RaftServerImpl.java:setRole(170)) - 52c37ae0-fdd6-4f6c-852f-7383ab78a9c4@group-1A2D5620F3E3: changes role from CANDIDATE to FOLLOWER at term 1 for DISCOVERED_A_NEW_TERM
2019-10-08 22:22:30,712 [dad677e0-3c16-4b25-8ae5-5b39f18dff15@group-3DC913F51496-LeaderElection88] INFO  impl.LeaderElection (LeaderElection.java:askForVotes(178)) - dad677e0-3c16-4b25-8ae5-5b39f18dff15@group-3DC913F51496-LeaderElection88: begin an election at term 1 for -1: [dad677e0-3c16-4b25-8ae5-5b39f18dff15:192.168.30.45:41494], old=null
2019-10-08 22:22:30,712 [52c37ae0-fdd6-4f6c-852f-7383ab78a9c4@group-1A2D5620F3E3-LeaderElection84] INFO  impl.RoleInfo (RoleInfo.java:shutdownLeaderElection(134)) - 52c37ae0-fdd6-4f6c-852f-7383ab78a9c4: shutdown LeaderElection
2019-10-08 22:22:30,712 [25dc1725-276f-49a7-88a4-178b55aa4ec4@group-1A2D5620F3E3-LeaderElection85] INFO  impl.RoleInfo (RoleInfo.java:shutdownLeaderElection(134)) - 25dc1725-276f-49a7-88a4-178b55aa4ec4: shutdown LeaderElection
2019-10-08 22:22:30,713 [52c37ae0-fdd6-4f6c-852f-7383ab78a9c4@group-1A2D5620F3E3-LeaderElection84] INFO  impl.RoleInfo (RoleInfo.java:updateAndGet(143)) - 52c37ae0-fdd6-4f6c-852f-7383ab78a9c4: start FollowerState
2019-10-08 22:22:30,713 [dad677e0-3c16-4b25-8ae5-5b39f18dff15@group-3DC913F51496-LeaderElection88] INFO  impl.RoleInfo (RoleInfo.java:shutdownLeaderElection(134)) - dad677e0-3c16-4b25-8ae5-5b39f18dff15: shutdown LeaderElection
2019-10-08 22:22:30,713 [25dc1725-276f-49a7-88a4-178b55aa4ec4@group-1A2D5620F3E3-LeaderElection85] INFO  impl.RaftServerImpl (RaftServerImpl.java:setRole(170)) - 25dc1725-276f-49a7-88a4-178b55aa4ec4@group-1A2D5620F3E3: changes role from CANDIDATE to LEADER at term 1 for changeToLeader
2019-10-08 22:22:30,713 [dad677e0-3c16-4b25-8ae5-5b39f18dff15@group-3DC913F51496-LeaderElection88] INFO  impl.RaftServerImpl (RaftServerImpl.java:setRole(170)) - dad677e0-3c16-4b25-8ae5-5b39f18dff15@group-3DC913F51496: changes role from CANDIDATE to LEADER at term 1 for changeToLeader
2019-10-08 22:22:30,713 [25dc1725-276f-49a7-88a4-178b55aa4ec4@group-1A2D5620F3E3-LeaderElection85] INFO  impl.RaftServerImpl (ServerState.java:setLeader(255)) - 25dc1725-276f-49a7-88a4-178b55aa4ec4@group-1A2D5620F3E3: change Leader from null to 25dc1725-276f-49a7-88a4-178b55aa4ec4 at term 1 for becomeLeader, leader elected after 5274ms
2019-10-08 22:22:30,713 [dad677e0-3c16-4b25-8ae5-5b39f18dff15@group-3DC913F51496-LeaderElection88] INFO  impl.RaftServerImpl (ServerState.java:setLeader(255)) - dad677e0-3c16-4b25-8ae5-5b39f18dff15@group-3DC913F51496: change Leader from null to dad677e0-3c16-4b25-8ae5-5b39f18dff15 at term 1 for becomeLeader, leader elected after 5080ms
2019-10-08 22:22:30,713 [25dc1725-276f-49a7-88a4-178b55aa4ec4@group-1A2D5620F3E3-LeaderElection85] INFO  server.RaftServerConfigKeys (ConfUtils.java:logGet(43)) - raft.server.staging.catchup.gap = 1000 (default)
2019-10-08 22:22:30,714 [dad677e0-3c16-4b25-8ae5-5b39f18dff15@group-3DC913F51496-LeaderElection88] INFO  server.RaftServerConfigKeys (ConfUtils.java:logGet(43)) - raft.server.staging.catchup.gap = 1000 (default)
2019-10-08 22:22:30,714 [25dc1725-276f-49a7-88a4-178b55aa4ec4@group-1A2D5620F3E3-LeaderElection85] INFO  server.RaftServerConfigKeys (ConfUtils.java:logGet(43)) - raft.server.rpc.sleep.time = 25ms (default)
2019-10-08 22:22:30,714 [dad677e0-3c16-4b25-8ae5-5b39f18dff15@group-3DC913F51496-LeaderElection88] INFO  server.RaftServerConfigKeys (ConfUtils.java:logGet(43)) - raft.server.rpc.sleep.time = 25ms (default)
2019-10-08 22:22:30,714 [25dc1725-276f-49a7-88a4-178b55aa4ec4@group-1A2D5620F3E3-LeaderElection85] INFO  server.RaftServerConfigKeys (ConfUtils.java:logGet(43)) - raft.server.write.element-limit = 4096 (default)
2019-10-08 22:22:30,714 [dad677e0-3c16-4b25-8ae5-5b39f18dff15@group-3DC913F51496-LeaderElection88] INFO  server.RaftServerConfigKeys (ConfUtils.java:logGet(43)) - raft.server.write.element-limit = 4096 (default)
2019-10-08 22:22:30,714 [25dc1725-276f-49a7-88a4-178b55aa4ec4@group-1A2D5620F3E3-LeaderElection85] INFO  server.RaftServerConfigKeys (ConfUtils.java:logGet(43)) - raft.server.watch.timeout = 10s (default)
2019-10-08 22:22:30,714 [dad677e0-3c16-4b25-8ae5-5b39f18dff15@group-3DC913F51496-LeaderElection88] INFO  server.RaftServerConfigKeys (ConfUtils.java:logGet(43)) - raft.server.watch.timeout = 10s (default)
2019-10-08 22:22:30,714 [25dc1725-276f-49a7-88a4-178b55aa4ec4@group-1A2D5620F3E3-LeaderElection85] INFO  server.RaftServerConfigKeys (ConfUtils.java:logGet(43)) - raft.server.watch.timeout.denomination = 1s (default)
2019-10-08 22:22:30,714 [dad677e0-3c16-4b25-8ae5-5b39f18dff15@group-3DC913F51496-LeaderElection88] INFO  server.RaftServerConfigKeys (ConfUtils.java:logGet(43)) - raft.server.watch.timeout.denomination = 1s (default)
2019-10-08 22:22:30,715 [25dc1725-276f-49a7-88a4-178b55aa4ec4@group-1A2D5620F3E3-LeaderElection85] INFO  server.RaftServerConfigKeys (ConfUtils.java:logGet(43)) - raft.server.watch.element-limit = 65536 (default)
2019-10-08 22:22:30,715 [dad677e0-3c16-4b25-8ae5-5b39f18dff15@group-3DC913F51496-LeaderElection88] INFO  server.RaftServerConfigKeys (ConfUtils.java:logGet(43)) - raft.server.watch.element-limit = 65536 (default)
2019-10-08 22:22:30,718 [25dc1725-276f-49a7-88a4-178b55aa4ec4@group-1A2D5620F3E3-LeaderElection85] INFO  server.RaftServerConfigKeys (ConfUtils.java:logGet(43)) - raft.server.log.appender.snapshot.chunk.size.max = 16MB (=16777216) (default)
2019-10-08 22:22:30,718 [dad677e0-3c16-4b25-8ae5-5b39f18dff15@group-3DC913F51496-LeaderElection88] INFO  impl.RoleInfo (RoleInfo.java:updateAndGet(143)) - dad677e0-3c16-4b25-8ae5-5b39f18dff15: start LeaderState
2019-10-08 22:22:30,718 [25dc1725-276f-49a7-88a4-178b55aa4ec4@group-1A2D5620F3E3-LeaderElection85] INFO  server.RaftServerConfigKeys (ConfUtils.java:logGet(43)) - raft.server.log.appender.buffer.byte-limit = 33554432 (custom)
2019-10-08 22:22:30,718 [25dc1725-276f-49a7-88a4-178b55aa4ec4@group-1A2D5620F3E3-LeaderElection85] INFO  server.RaftServerConfigKeys (ConfUtils.java:logGet(43)) - raft.server.log.appender.buffer.element-limit = 1 (custom)
2019-10-08 22:22:30,718 [dad677e0-3c16-4b25-8ae5-5b39f18dff15@group-3DC913F51496-LeaderElection88] INFO  segmented.SegmentedRaftLogWorker (SegmentedRaftLogWorker.java:startLogSegment(385)) - dad677e0-3c16-4b25-8ae5-5b39f18dff15@group-3DC913F51496-SegmentedRaftLogWorker: Starting segment from index:0
2019-10-08 22:22:30,719 [25dc1725-276f-49a7-88a4-178b55aa4ec4@group-1A2D5620F3E3-LeaderElection85] INFO  grpc.GrpcConfigKeys$Server (ConfUtils.java:logGet(43)) - raft.grpc.server.leader.outstanding.appends.max = 128 (default)
2019-10-08 22:22:30,719 [25dc1725-276f-49a7-88a4-178b55aa4ec4@group-1A2D5620F3E3-LeaderElection85] INFO  server.RaftServerConfigKeys (ConfUtils.java:logGet(43)) - raft.server.rpc.request.timeout = 3000ms (default)
2019-10-08 22:22:30,719 [dad677e0-3c16-4b25-8ae5-5b39f18dff15@group-3DC913F51496-LeaderElection88] INFO  impl.RaftServerImpl (ServerState.java:setRaftConf(356)) - dad677e0-3c16-4b25-8ae5-5b39f18dff15@group-3DC913F51496: set configuration 0: [dad677e0-3c16-4b25-8ae5-5b39f18dff15:192.168.30.45:41494], old=null at 0
2019-10-08 22:22:30,719 [25dc1725-276f-49a7-88a4-178b55aa4ec4@group-1A2D5620F3E3-LeaderElection85] INFO  server.RaftServerConfigKeys (ConfUtils.java:logGet(43)) - raft.server.log.appender.install.snapshot.enabled = false (custom)
2019-10-08 22:22:30,719 [25dc1725-276f-49a7-88a4-178b55aa4ec4@group-1A2D5620F3E3-LeaderElection85] INFO  server.RaftServerConfigKeys (ConfUtils.java:logGet(43)) - raft.server.log.appender.snapshot.chunk.size.max = 16MB (=16777216) (default)
2019-10-08 22:22:30,720 [25dc1725-276f-49a7-88a4-178b55aa4ec4@group-1A2D5620F3E3-LeaderElection85] INFO  server.RaftServerConfigKeys (ConfUtils.java:logGet(43)) - raft.server.log.appender.buffer.byte-limit = 33554432 (custom)
2019-10-08 22:22:30,720 [25dc1725-276f-49a7-88a4-178b55aa4ec4@group-1A2D5620F3E3-LeaderElection85] INFO  server.RaftServerConfigKeys (ConfUtils.java:logGet(43)) - raft.server.log.appender.buffer.element-limit = 1 (custom)
2019-10-08 22:22:30,720 [25dc1725-276f-49a7-88a4-178b55aa4ec4@group-1A2D5620F3E3-LeaderElection85] INFO  grpc.GrpcConfigKeys$Server (ConfUtils.java:logGet(43)) - raft.grpc.server.leader.outstanding.appends.max = 128 (default)
2019-10-08 22:22:30,720 [25dc1725-276f-49a7-88a4-178b55aa4ec4@group-1A2D5620F3E3-LeaderElection85] INFO  server.RaftServerConfigKeys (ConfUtils.java:logGet(43)) - raft.server.rpc.request.timeout = 3000ms (default)
2019-10-08 22:22:30,720 [25dc1725-276f-49a7-88a4-178b55aa4ec4@group-1A2D5620F3E3-LeaderElection85] INFO  server.RaftServerConfigKeys (ConfUtils.java:logGet(43)) - raft.server.log.appender.install.snapshot.enabled = false (custom)
2019-10-08 22:22:30,721 [25dc1725-276f-49a7-88a4-178b55aa4ec4@group-1A2D5620F3E3-LeaderElection85] INFO  impl.RoleInfo (RoleInfo.java:updateAndGet(143)) - 25dc1725-276f-49a7-88a4-178b55aa4ec4: start LeaderState
2019-10-08 22:22:30,721 [25dc1725-276f-49a7-88a4-178b55aa4ec4@group-1A2D5620F3E3-LeaderElection85] INFO  segmented.SegmentedRaftLogWorker (SegmentedRaftLogWorker.java:startLogSegment(385)) - 25dc1725-276f-49a7-88a4-178b55aa4ec4@group-1A2D5620F3E3-SegmentedRaftLogWorker: Starting segment from index:0
2019-10-08 22:22:30,722 [25dc1725-276f-49a7-88a4-178b55aa4ec4@group-1A2D5620F3E3-LeaderElection85] INFO  impl.RaftServerImpl (ServerState.java:setRaftConf(356)) - 25dc1725-276f-49a7-88a4-178b55aa4ec4@group-1A2D5620F3E3: set configuration 0: [c9e29d54-6f88-4644-84f1-61bf3054ef05:192.168.30.45:36547, 52c37ae0-fdd6-4f6c-852f-7383ab78a9c4:192.168.30.45:34618, 25dc1725-276f-49a7-88a4-178b55aa4ec4:192.168.30.45:46701], old=null at 0
2019-10-08 22:22:30,723 [grpc-default-executor-5] INFO  impl.RaftServerImpl (ServerState.java:setLeader(255)) - c9e29d54-6f88-4644-84f1-61bf3054ef05@group-1A2D5620F3E3: change Leader from null to 25dc1725-276f-49a7-88a4-178b55aa4ec4 at term 1 for appendEntries, leader elected after 5284ms
2019-10-08 22:22:30,723 [grpc-default-executor-0] INFO  impl.RaftServerImpl (ServerState.java:setLeader(255)) - 52c37ae0-fdd6-4f6c-852f-7383ab78a9c4@group-1A2D5620F3E3: change Leader from null to 25dc1725-276f-49a7-88a4-178b55aa4ec4 at term 1 for appendEntries, leader elected after 5284ms
2019-10-08 22:22:30,726 [grpc-default-executor-0] INFO  impl.RaftServerImpl (ServerState.java:setRaftConf(356)) - 52c37ae0-fdd6-4f6c-852f-7383ab78a9c4@group-1A2D5620F3E3: set configuration 0: [c9e29d54-6f88-4644-84f1-61bf3054ef05:192.168.30.45:36547, 52c37ae0-fdd6-4f6c-852f-7383ab78a9c4:192.168.30.45:34618, 25dc1725-276f-49a7-88a4-178b55aa4ec4:192.168.30.45:46701], old=null at 0
2019-10-08 22:22:30,726 [grpc-default-executor-5] INFO  impl.RaftServerImpl (ServerState.java:setRaftConf(356)) - c9e29d54-6f88-4644-84f1-61bf3054ef05@group-1A2D5620F3E3: set configuration 0: [c9e29d54-6f88-4644-84f1-61bf3054ef05:192.168.30.45:36547, 52c37ae0-fdd6-4f6c-852f-7383ab78a9c4:192.168.30.45:34618, 25dc1725-276f-49a7-88a4-178b55aa4ec4:192.168.30.45:46701], old=null at 0
2019-10-08 22:22:30,726 [grpc-default-executor-0] INFO  segmented.SegmentedRaftLogWorker (SegmentedRaftLogWorker.java:startLogSegment(385)) - 52c37ae0-fdd6-4f6c-852f-7383ab78a9c4@group-1A2D5620F3E3-SegmentedRaftLogWorker: Starting segment from index:0
2019-10-08 22:22:30,726 [grpc-default-executor-5] INFO  segmented.SegmentedRaftLogWorker (SegmentedRaftLogWorker.java:startLogSegment(385)) - c9e29d54-6f88-4644-84f1-61bf3054ef05@group-1A2D5620F3E3-SegmentedRaftLogWorker: Starting segment from index:0
2019-10-08 22:22:30,761 [52c37ae0-fdd6-4f6c-852f-7383ab78a9c4@group-1A2D5620F3E3-SegmentedRaftLogWorker] INFO  segmented.SegmentedRaftLogWorker (SegmentedRaftLogWorker.java:execute(574)) - 52c37ae0-fdd6-4f6c-852f-7383ab78a9c4@group-1A2D5620F3E3-SegmentedRaftLogWorker: created new log segment /workdir/hadoop-ozone/integration-test/target/test-dir/MiniOzoneClusterImpl-73be8c55-0359-4a05-973c-f572fa968d6f/datanode-0/data/ratis/377ae66b-eba6-439e-ad88-1a2d5620f3e3/current/log_inprogress_0
2019-10-08 22:22:30,761 [25dc1725-276f-49a7-88a4-178b55aa4ec4@group-1A2D5620F3E3-SegmentedRaftLogWorker] INFO  segmented.SegmentedRaftLogWorker (SegmentedRaftLogWorker.java:execute(574)) - 25dc1725-276f-49a7-88a4-178b55aa4ec4@group-1A2D5620F3E3-SegmentedRaftLogWorker: created new log segment /workdir/hadoop-ozone/integration-test/target/test-dir/MiniOzoneClusterImpl-73be8c55-0359-4a05-973c-f572fa968d6f/datanode-2/data/ratis/377ae66b-eba6-439e-ad88-1a2d5620f3e3/current/log_inprogress_0
2019-10-08 22:22:30,761 [c9e29d54-6f88-4644-84f1-61bf3054ef05@group-1A2D5620F3E3-SegmentedRaftLogWorker] INFO  segmented.SegmentedRaftLogWorker (SegmentedRaftLogWorker.java:execute(574)) - c9e29d54-6f88-4644-84f1-61bf3054ef05@group-1A2D5620F3E3-SegmentedRaftLogWorker: created new log segment /workdir/hadoop-ozone/integration-test/target/test-dir/MiniOzoneClusterImpl-73be8c55-0359-4a05-973c-f572fa968d6f/datanode-1/data/ratis/377ae66b-eba6-439e-ad88-1a2d5620f3e3/current/log_inprogress_0
2019-10-08 22:22:30,761 [dad677e0-3c16-4b25-8ae5-5b39f18dff15@group-3DC913F51496-SegmentedRaftLogWorker] INFO  segmented.SegmentedRaftLogWorker (SegmentedRaftLogWorker.java:execute(574)) - dad677e0-3c16-4b25-8ae5-5b39f18dff15@group-3DC913F51496-SegmentedRaftLogWorker: created new log segment /workdir/hadoop-ozone/integration-test/target/test-dir/MiniOzoneClusterImpl-73be8c55-0359-4a05-973c-f572fa968d6f/datanode-4/data/ratis/7019172b-0493-4d35-8faf-3dc913f51496/current/log_inprogress_0
2019-10-08 22:22:30,844 [Thread-2353] INFO  impl.FollowerState (FollowerState.java:run(108)) - 119e3add-9ce0-41a1-bdb3-8c9d3e342e8b@group-F52C0CE873B0-FollowerState: change to CANDIDATE, lastRpcTime:5095ms, electionTimeout:5095ms
2019-10-08 22:22:30,845 [Thread-2353] INFO  impl.RoleInfo (RoleInfo.java:shutdownFollowerState(121)) - 119e3add-9ce0-41a1-bdb3-8c9d3e342e8b: shutdown FollowerState
2019-10-08 22:22:30,845 [Thread-2353] INFO  impl.RaftServerImpl (RaftServerImpl.java:setRole(170)) - 119e3add-9ce0-41a1-bdb3-8c9d3e342e8b@group-F52C0CE873B0: changes role from  FOLLOWER to CANDIDATE at term 0 for changeToCandidate
2019-10-08 22:22:30,845 [Thread-2353] INFO  impl.RoleInfo (RoleInfo.java:updateAndGet(143)) - 119e3add-9ce0-41a1-bdb3-8c9d3e342e8b: start LeaderElection
2019-10-08 22:22:30,864 [Thread-2361] INFO  impl.FollowerState (FollowerState.java:run(108)) - a01aebe6-4037-4f46-a32f-4c27a8882ae8@group-2D39B9FCA144-FollowerState: change to CANDIDATE, lastRpcTime:5038ms, electionTimeout:5038ms
2019-10-08 22:22:30,864 [Thread-2361] INFO  impl.RoleInfo (RoleInfo.java:shutdownFollowerState(121)) - a01aebe6-4037-4f46-a32f-4c27a8882ae8: shutdown FollowerState
2019-10-08 22:22:30,864 [Thread-2361] INFO  impl.RaftServerImpl (RaftServerImpl.java:setRole(170)) - a01aebe6-4037-4f46-a32f-4c27a8882ae8@group-2D39B9FCA144: changes role from  FOLLOWER to CANDIDATE at term 0 for changeToCandidate
2019-10-08 22:22:30,864 [Thread-2361] INFO  impl.RoleInfo (RoleInfo.java:updateAndGet(143)) - a01aebe6-4037-4f46-a32f-4c27a8882ae8: start LeaderElection
2019-10-08 22:22:30,871 [119e3add-9ce0-41a1-bdb3-8c9d3e342e8b@group-F52C0CE873B0-LeaderElection89] INFO  impl.LeaderElection (LeaderElection.java:askForVotes(178)) - 119e3add-9ce0-41a1-bdb3-8c9d3e342e8b@group-F52C0CE873B0-LeaderElection89: begin an election at term 1 for -1: [119e3add-9ce0-41a1-bdb3-8c9d3e342e8b:192.168.30.45:42124], old=null
2019-10-08 22:22:30,883 [119e3add-9ce0-41a1-bdb3-8c9d3e342e8b@group-F52C0CE873B0-LeaderElection89] INFO  impl.RoleInfo (RoleInfo.java:shutdownLeaderElection(134)) - 119e3add-9ce0-41a1-bdb3-8c9d3e342e8b: shutdown LeaderElection
2019-10-08 22:22:30,883 [119e3add-9ce0-41a1-bdb3-8c9d3e342e8b@group-F52C0CE873B0-LeaderElection89] INFO  impl.RaftServerImpl (RaftServerImpl.java:setRole(170)) - 119e3add-9ce0-41a1-bdb3-8c9d3e342e8b@group-F52C0CE873B0: changes role from CANDIDATE to LEADER at term 1 for changeToLeader
2019-10-08 22:22:30,883 [119e3add-9ce0-41a1-bdb3-8c9d3e342e8b@group-F52C0CE873B0-LeaderElection89] INFO  impl.RaftServerImpl (ServerState.java:setLeader(255)) - 119e3add-9ce0-41a1-bdb3-8c9d3e342e8b@group-F52C0CE873B0: change Leader from null to 119e3add-9ce0-41a1-bdb3-8c9d3e342e8b at term 1 for becomeLeader, leader elected after 5140ms
2019-10-08 22:22:30,883 [119e3add-9ce0-41a1-bdb3-8c9d3e342e8b@group-F52C0CE873B0-LeaderElection89] INFO  server.RaftServerConfigKeys (ConfUtils.java:logGet(43)) - raft.server.staging.catchup.gap = 1000 (default)
2019-10-08 22:22:30,883 [119e3add-9ce0-41a1-bdb3-8c9d3e342e8b@group-F52C0CE873B0-LeaderElection89] INFO  server.RaftServerConfigKeys (ConfUtils.java:logGet(43)) - raft.server.rpc.sleep.time = 25ms (default)
2019-10-08 22:22:30,883 [119e3add-9ce0-41a1-bdb3-8c9d3e342e8b@group-F52C0CE873B0-LeaderElection89] INFO  server.RaftServerConfigKeys (ConfUtils.java:logGet(43)) - raft.server.write.element-limit = 4096 (default)
2019-10-08 22:22:30,883 [119e3add-9ce0-41a1-bdb3-8c9d3e342e8b@group-F52C0CE873B0-LeaderElection89] INFO  server.RaftServerConfigKeys (ConfUtils.java:logGet(43)) - raft.server.watch.timeout = 10s (default)
2019-10-08 22:22:30,883 [119e3add-9ce0-41a1-bdb3-8c9d3e342e8b@group-F52C0CE873B0-LeaderElection89] INFO  server.RaftServerConfigKeys (ConfUtils.java:logGet(43)) - raft.server.watch.timeout.denomination = 1s (default)
2019-10-08 22:22:30,884 [119e3add-9ce0-41a1-bdb3-8c9d3e342e8b@group-F52C0CE873B0-LeaderElection89] INFO  server.RaftServerConfigKeys (ConfUtils.java:logGet(43)) - raft.server.watch.element-limit = 65536 (default)
2019-10-08 22:22:30,885 [119e3add-9ce0-41a1-bdb3-8c9d3e342e8b@group-F52C0CE873B0-LeaderElection89] INFO  impl.RoleInfo (RoleInfo.java:updateAndGet(143)) - 119e3add-9ce0-41a1-bdb3-8c9d3e342e8b: start LeaderState
2019-10-08 22:22:30,885 [119e3add-9ce0-41a1-bdb3-8c9d3e342e8b@group-F52C0CE873B0-LeaderElection89] INFO  segmented.SegmentedRaftLogWorker (SegmentedRaftLogWorker.java:startLogSegment(385)) - 119e3add-9ce0-41a1-bdb3-8c9d3e342e8b@group-F52C0CE873B0-SegmentedRaftLogWorker: Starting segment from index:0
2019-10-08 22:22:30,886 [119e3add-9ce0-41a1-bdb3-8c9d3e342e8b@group-F52C0CE873B0-LeaderElection89] INFO  impl.RaftServerImpl (ServerState.java:setRaftConf(356)) - 119e3add-9ce0-41a1-bdb3-8c9d3e342e8b@group-F52C0CE873B0: set configuration 0: [119e3add-9ce0-41a1-bdb3-8c9d3e342e8b:192.168.30.45:42124], old=null at 0
2019-10-08 22:22:30,895 [a01aebe6-4037-4f46-a32f-4c27a8882ae8@group-2D39B9FCA144-LeaderElection90] INFO  impl.LeaderElection (LeaderElection.java:askForVotes(178)) - a01aebe6-4037-4f46-a32f-4c27a8882ae8@group-2D39B9FCA144-LeaderElection90: begin an election at term 1 for -1: [a01aebe6-4037-4f46-a32f-4c27a8882ae8:192.168.30.45:35917, dad677e0-3c16-4b25-8ae5-5b39f18dff15:192.168.30.45:41494, 119e3add-9ce0-41a1-bdb3-8c9d3e342e8b:192.168.30.45:42124], old=null
2019-10-08 22:22:30,896 [Thread-2357] INFO  impl.FollowerState (FollowerState.java:run(108)) - dad677e0-3c16-4b25-8ae5-5b39f18dff15@group-2D39B9FCA144-FollowerState: change to CANDIDATE, lastRpcTime:5074ms, electionTimeout:5074ms
2019-10-08 22:22:30,896 [Thread-2357] INFO  impl.RoleInfo (RoleInfo.java:shutdownFollowerState(121)) - dad677e0-3c16-4b25-8ae5-5b39f18dff15: shutdown FollowerState
2019-10-08 22:22:30,896 [Thread-2357] INFO  impl.RaftServerImpl (RaftServerImpl.java:setRole(170)) - dad677e0-3c16-4b25-8ae5-5b39f18dff15@group-2D39B9FCA144: changes role from  FOLLOWER to CANDIDATE at term 0 for changeToCandidate
2019-10-08 22:22:30,896 [Thread-2357] INFO  impl.RoleInfo (RoleInfo.java:updateAndGet(143)) - dad677e0-3c16-4b25-8ae5-5b39f18dff15: start LeaderElection
2019-10-08 22:22:30,927 [grpc-default-executor-5] INFO  impl.RaftServerImpl (RaftServerImpl.java:setRole(170)) - 119e3add-9ce0-41a1-bdb3-8c9d3e342e8b@group-2D39B9FCA144: changes role from  FOLLOWER to FOLLOWER at term 1 for recognizeCandidate:a01aebe6-4037-4f46-a32f-4c27a8882ae8
2019-10-08 22:22:30,927 [grpc-default-executor-5] INFO  impl.RoleInfo (RoleInfo.java:shutdownFollowerState(121)) - 119e3add-9ce0-41a1-bdb3-8c9d3e342e8b: shutdown FollowerState
2019-10-08 22:22:30,928 [grpc-default-executor-5] INFO  impl.RoleInfo (RoleInfo.java:updateAndGet(143)) - 119e3add-9ce0-41a1-bdb3-8c9d3e342e8b: start FollowerState
2019-10-08 22:22:30,928 [Thread-2359] INFO  impl.FollowerState (FollowerState.java:run(117)) - 119e3add-9ce0-41a1-bdb3-8c9d3e342e8b@group-2D39B9FCA144-FollowerState was interrupted: java.lang.InterruptedException: sleep interrupted
2019-10-08 22:22:30,932 [119e3add-9ce0-41a1-bdb3-8c9d3e342e8b@group-F52C0CE873B0-SegmentedRaftLogWorker] INFO  segmented.SegmentedRaftLogWorker (SegmentedRaftLogWorker.java:execute(574)) - 119e3add-9ce0-41a1-bdb3-8c9d3e342e8b@group-F52C0CE873B0-SegmentedRaftLogWorker: created new log segment /workdir/hadoop-ozone/integration-test/target/test-dir/MiniOzoneClusterImpl-73be8c55-0359-4a05-973c-f572fa968d6f/datanode-5/data/ratis/1a3e5ac4-aab1-4592-83e4-f52c0ce873b0/current/log_inprogress_0
2019-10-08 22:22:30,932 [dad677e0-3c16-4b25-8ae5-5b39f18dff15@group-2D39B9FCA144-LeaderElection91] INFO  impl.LeaderElection (LeaderElection.java:askForVotes(178)) - dad677e0-3c16-4b25-8ae5-5b39f18dff15@group-2D39B9FCA144-LeaderElection91: begin an election at term 1 for -1: [a01aebe6-4037-4f46-a32f-4c27a8882ae8:192.168.30.45:35917, dad677e0-3c16-4b25-8ae5-5b39f18dff15:192.168.30.45:41494, 119e3add-9ce0-41a1-bdb3-8c9d3e342e8b:192.168.30.45:42124], old=null
2019-10-08 22:22:30,938 [a01aebe6-4037-4f46-a32f-4c27a8882ae8@group-2D39B9FCA144-LeaderElection90] INFO  impl.LeaderElection (LeaderElection.java:logAndReturn(56)) - a01aebe6-4037-4f46-a32f-4c27a8882ae8@group-2D39B9FCA144-LeaderElection90: Election PASSED; received 2 response(s) [a01aebe6-4037-4f46-a32f-4c27a8882ae8<-dad677e0-3c16-4b25-8ae5-5b39f18dff15#0:FAIL-t1, a01aebe6-4037-4f46-a32f-4c27a8882ae8<-119e3add-9ce0-41a1-bdb3-8c9d3e342e8b#0:OK-t1] and 0 exception(s); a01aebe6-4037-4f46-a32f-4c27a8882ae8@group-2D39B9FCA144:t1, leader=null, voted=a01aebe6-4037-4f46-a32f-4c27a8882ae8, raftlog=a01aebe6-4037-4f46-a32f-4c27a8882ae8@group-2D39B9FCA144-SegmentedRaftLog:OPENED:c-1,f-1,i0, conf=-1: [a01aebe6-4037-4f46-a32f-4c27a8882ae8:192.168.30.45:35917, dad677e0-3c16-4b25-8ae5-5b39f18dff15:192.168.30.45:41494, 119e3add-9ce0-41a1-bdb3-8c9d3e342e8b:192.168.30.45:42124], old=null
2019-10-08 22:22:30,938 [a01aebe6-4037-4f46-a32f-4c27a8882ae8@group-2D39B9FCA144-LeaderElection90] INFO  impl.RoleInfo (RoleInfo.java:shutdownLeaderElection(134)) - a01aebe6-4037-4f46-a32f-4c27a8882ae8: shutdown LeaderElection
2019-10-08 22:22:30,938 [a01aebe6-4037-4f46-a32f-4c27a8882ae8@group-2D39B9FCA144-LeaderElection90] INFO  impl.RaftServerImpl (RaftServerImpl.java:setRole(170)) - a01aebe6-4037-4f46-a32f-4c27a8882ae8@group-2D39B9FCA144: changes role from CANDIDATE to LEADER at term 1 for changeToLeader
2019-10-08 22:22:30,938 [a01aebe6-4037-4f46-a32f-4c27a8882ae8@group-2D39B9FCA144-LeaderElection90] INFO  impl.RaftServerImpl (ServerState.java:setLeader(255)) - a01aebe6-4037-4f46-a32f-4c27a8882ae8@group-2D39B9FCA144: change Leader from null to a01aebe6-4037-4f46-a32f-4c27a8882ae8 at term 1 for becomeLeader, leader elected after 5126ms
2019-10-08 22:22:30,938 [a01aebe6-4037-4f46-a32f-4c27a8882ae8@group-2D39B9FCA144-LeaderElection90] INFO  server.RaftServerConfigKeys (ConfUtils.java:logGet(43)) - raft.server.staging.catchup.gap = 1000 (default)
2019-10-08 22:22:30,939 [a01aebe6-4037-4f46-a32f-4c27a8882ae8@group-2D39B9FCA144-LeaderElection90] INFO  server.RaftServerConfigKeys (ConfUtils.java:logGet(43)) - raft.server.rpc.sleep.time = 25ms (default)
2019-10-08 22:22:30,939 [a01aebe6-4037-4f46-a32f-4c27a8882ae8@group-2D39B9FCA144-LeaderElection90] INFO  server.RaftServerConfigKeys (ConfUtils.java:logGet(43)) - raft.server.write.element-limit = 4096 (default)
2019-10-08 22:22:30,939 [a01aebe6-4037-4f46-a32f-4c27a8882ae8@group-2D39B9FCA144-LeaderElection90] INFO  server.RaftServerConfigKeys (ConfUtils.java:logGet(43)) - raft.server.watch.timeout = 10s (default)
2019-10-08 22:22:30,939 [a01aebe6-4037-4f46-a32f-4c27a8882ae8@group-2D39B9FCA144-LeaderElection90] INFO  server.RaftServerConfigKeys (ConfUtils.java:logGet(43)) - raft.server.watch.timeout.denomination = 1s (default)
2019-10-08 22:22:30,939 [a01aebe6-4037-4f46-a32f-4c27a8882ae8@group-2D39B9FCA144-LeaderElection90] INFO  server.RaftServerConfigKeys (ConfUtils.java:logGet(43)) - raft.server.watch.element-limit = 65536 (default)
2019-10-08 22:22:30,946 [a01aebe6-4037-4f46-a32f-4c27a8882ae8@group-2D39B9FCA144-LeaderElection90] INFO  server.RaftServerConfigKeys (ConfUtils.java:logGet(43)) - raft.server.log.appender.snapshot.chunk.size.max = 16MB (=16777216) (default)
2019-10-08 22:22:30,946 [a01aebe6-4037-4f46-a32f-4c27a8882ae8@group-2D39B9FCA144-LeaderElection90] INFO  server.RaftServerConfigKeys (ConfUtils.java:logGet(43)) - raft.server.log.appender.buffer.byte-limit = 33554432 (custom)
2019-10-08 22:22:30,946 [a01aebe6-4037-4f46-a32f-4c27a8882ae8@group-2D39B9FCA144-LeaderElection90] INFO  server.RaftServerConfigKeys (ConfUtils.java:logGet(43)) - raft.server.log.appender.buffer.element-limit = 1 (custom)
2019-10-08 22:22:30,946 [a01aebe6-4037-4f46-a32f-4c27a8882ae8@group-2D39B9FCA144-LeaderElection90] INFO  grpc.GrpcConfigKeys$Server (ConfUtils.java:logGet(43)) - raft.grpc.server.leader.outstanding.appends.max = 128 (default)
2019-10-08 22:22:30,946 [a01aebe6-4037-4f46-a32f-4c27a8882ae8@group-2D39B9FCA144-LeaderElection90] INFO  server.RaftServerConfigKeys (ConfUtils.java:logGet(43)) - raft.server.rpc.request.timeout = 3000ms (default)
2019-10-08 22:22:30,947 [a01aebe6-4037-4f46-a32f-4c27a8882ae8@group-2D39B9FCA144-LeaderElection90] INFO  server.RaftServerConfigKeys (ConfUtils.java:logGet(43)) - raft.server.log.appender.install.snapshot.enabled = false (custom)
2019-10-08 22:22:30,947 [a01aebe6-4037-4f46-a32f-4c27a8882ae8@group-2D39B9FCA144-LeaderElection90] INFO  server.RaftServerConfigKeys (ConfUtils.java:logGet(43)) - raft.server.log.appender.snapshot.chunk.size.max = 16MB (=16777216) (default)
2019-10-08 22:22:30,947 [a01aebe6-4037-4f46-a32f-4c27a8882ae8@group-2D39B9FCA144-LeaderElection90] INFO  server.RaftServerConfigKeys (ConfUtils.java:logGet(43)) - raft.server.log.appender.buffer.byte-limit = 33554432 (custom)
2019-10-08 22:22:30,947 [a01aebe6-4037-4f46-a32f-4c27a8882ae8@group-2D39B9FCA144-LeaderElection90] INFO  server.RaftServerConfigKeys (ConfUtils.java:logGet(43)) - raft.server.log.appender.buffer.element-limit = 1 (custom)
2019-10-08 22:22:30,947 [a01aebe6-4037-4f46-a32f-4c27a8882ae8@group-2D39B9FCA144-LeaderElection90] INFO  grpc.GrpcConfigKeys$Server (ConfUtils.java:logGet(43)) - raft.grpc.server.leader.outstanding.appends.max = 128 (default)
2019-10-08 22:22:30,947 [a01aebe6-4037-4f46-a32f-4c27a8882ae8@group-2D39B9FCA144-LeaderElection90] INFO  server.RaftServerConfigKeys (ConfUtils.java:logGet(43)) - raft.server.rpc.request.timeout = 3000ms (default)
2019-10-08 22:22:30,947 [a01aebe6-4037-4f46-a32f-4c27a8882ae8@group-2D39B9FCA144-LeaderElection90] INFO  server.RaftServerConfigKeys (ConfUtils.java:logGet(43)) - raft.server.log.appender.install.snapshot.enabled = false (custom)
2019-10-08 22:22:30,948 [a01aebe6-4037-4f46-a32f-4c27a8882ae8@group-2D39B9FCA144-LeaderElection90] INFO  impl.RoleInfo (RoleInfo.java:updateAndGet(143)) - a01aebe6-4037-4f46-a32f-4c27a8882ae8: start LeaderState
2019-10-08 22:22:30,948 [a01aebe6-4037-4f46-a32f-4c27a8882ae8@group-2D39B9FCA144-LeaderElection90] INFO  segmented.SegmentedRaftLogWorker (SegmentedRaftLogWorker.java:startLogSegment(385)) - a01aebe6-4037-4f46-a32f-4c27a8882ae8@group-2D39B9FCA144-SegmentedRaftLogWorker: Starting segment from index:0
2019-10-08 22:22:30,948 [a01aebe6-4037-4f46-a32f-4c27a8882ae8@group-2D39B9FCA144-LeaderElection90] INFO  impl.RaftServerImpl (ServerState.java:setRaftConf(356)) - a01aebe6-4037-4f46-a32f-4c27a8882ae8@group-2D39B9FCA144: set configuration 0: [a01aebe6-4037-4f46-a32f-4c27a8882ae8:192.168.30.45:35917, dad677e0-3c16-4b25-8ae5-5b39f18dff15:192.168.30.45:41494, 119e3add-9ce0-41a1-bdb3-8c9d3e342e8b:192.168.30.45:42124], old=null at 0
2019-10-08 22:22:30,948 [grpc-default-executor-5] INFO  impl.RaftServerImpl (RaftServerImpl.java:requestVote(754)) - a01aebe6-4037-4f46-a32f-4c27a8882ae8@group-2D39B9FCA144-   LEADER: Withhold vote from candidate dad677e0-3c16-4b25-8ae5-5b39f18dff15 with term 1. State: leader=a01aebe6-4037-4f46-a32f-4c27a8882ae8, term=1, lastRpcElapsed=null
2019-10-08 22:22:30,973 [dad677e0-3c16-4b25-8ae5-5b39f18dff15@group-2D39B9FCA144-LeaderElection91] INFO  impl.LeaderElection (LeaderElection.java:logAndReturn(56)) - dad677e0-3c16-4b25-8ae5-5b39f18dff15@group-2D39B9FCA144-LeaderElection91: Election REJECTED; received 2 response(s) [dad677e0-3c16-4b25-8ae5-5b39f18dff15<-a01aebe6-4037-4f46-a32f-4c27a8882ae8#0:FAIL-t1, dad677e0-3c16-4b25-8ae5-5b39f18dff15<-119e3add-9ce0-41a1-bdb3-8c9d3e342e8b#0:FAIL-t1] and 0 exception(s); dad677e0-3c16-4b25-8ae5-5b39f18dff15@group-2D39B9FCA144:t1, leader=null, voted=dad677e0-3c16-4b25-8ae5-5b39f18dff15, raftlog=dad677e0-3c16-4b25-8ae5-5b39f18dff15@group-2D39B9FCA144-SegmentedRaftLog:OPENED:c-1,f-1,i0, conf=-1: [a01aebe6-4037-4f46-a32f-4c27a8882ae8:192.168.30.45:35917, dad677e0-3c16-4b25-8ae5-5b39f18dff15:192.168.30.45:41494, 119e3add-9ce0-41a1-bdb3-8c9d3e342e8b:192.168.30.45:42124], old=null
2019-10-08 22:22:30,973 [dad677e0-3c16-4b25-8ae5-5b39f18dff15@group-2D39B9FCA144-LeaderElection91] INFO  impl.RaftServerImpl (RaftServerImpl.java:setRole(170)) - dad677e0-3c16-4b25-8ae5-5b39f18dff15@group-2D39B9FCA144: changes role from CANDIDATE to FOLLOWER at term 1 for DISCOVERED_A_NEW_TERM
2019-10-08 22:22:30,973 [dad677e0-3c16-4b25-8ae5-5b39f18dff15@group-2D39B9FCA144-LeaderElection91] INFO  impl.RoleInfo (RoleInfo.java:shutdownLeaderElection(134)) - dad677e0-3c16-4b25-8ae5-5b39f18dff15: shutdown LeaderElection
2019-10-08 22:22:30,974 [dad677e0-3c16-4b25-8ae5-5b39f18dff15@group-2D39B9FCA144-LeaderElection91] INFO  impl.RoleInfo (RoleInfo.java:updateAndGet(143)) - dad677e0-3c16-4b25-8ae5-5b39f18dff15: start FollowerState
2019-10-08 22:22:30,976 [grpc-default-executor-0] INFO  impl.RaftServerImpl (ServerState.java:setLeader(255)) - 119e3add-9ce0-41a1-bdb3-8c9d3e342e8b@group-2D39B9FCA144: change Leader from null to a01aebe6-4037-4f46-a32f-4c27a8882ae8 at term 1 for appendEntries, leader elected after 5165ms
2019-10-08 22:22:30,977 [grpc-default-executor-5] INFO  impl.RaftServerImpl (ServerState.java:setLeader(255)) - dad677e0-3c16-4b25-8ae5-5b39f18dff15@group-2D39B9FCA144: change Leader from null to a01aebe6-4037-4f46-a32f-4c27a8882ae8 at term 1 for appendEntries, leader elected after 5165ms
2019-10-08 22:22:30,978 [grpc-default-executor-5] INFO  impl.RaftServerImpl (ServerState.java:setRaftConf(356)) - 119e3add-9ce0-41a1-bdb3-8c9d3e342e8b@group-2D39B9FCA144: set configuration 0: [a01aebe6-4037-4f46-a32f-4c27a8882ae8:192.168.30.45:35917, dad677e0-3c16-4b25-8ae5-5b39f18dff15:192.168.30.45:41494, 119e3add-9ce0-41a1-bdb3-8c9d3e342e8b:192.168.30.45:42124], old=null at 0
2019-10-08 22:22:30,979 [grpc-default-executor-5] INFO  segmented.SegmentedRaftLogWorker (SegmentedRaftLogWorker.java:startLogSegment(385)) - 119e3add-9ce0-41a1-bdb3-8c9d3e342e8b@group-2D39B9FCA144-SegmentedRaftLogWorker: Starting segment from index:0
2019-10-08 22:22:30,979 [grpc-default-executor-0] INFO  impl.RaftServerImpl (ServerState.java:setRaftConf(356)) - dad677e0-3c16-4b25-8ae5-5b39f18dff15@group-2D39B9FCA144: set configuration 0: [a01aebe6-4037-4f46-a32f-4c27a8882ae8:192.168.30.45:35917, dad677e0-3c16-4b25-8ae5-5b39f18dff15:192.168.30.45:41494, 119e3add-9ce0-41a1-bdb3-8c9d3e342e8b:192.168.30.45:42124], old=null at 0
2019-10-08 22:22:30,979 [grpc-default-executor-0] INFO  segmented.SegmentedRaftLogWorker (SegmentedRaftLogWorker.java:startLogSegment(385)) - dad677e0-3c16-4b25-8ae5-5b39f18dff15@group-2D39B9FCA144-SegmentedRaftLogWorker: Starting segment from index:0
2019-10-08 22:22:30,985 [a01aebe6-4037-4f46-a32f-4c27a8882ae8@group-2D39B9FCA144-SegmentedRaftLogWorker] INFO  segmented.SegmentedRaftLogWorker (SegmentedRaftLogWorker.java:execute(574)) - a01aebe6-4037-4f46-a32f-4c27a8882ae8@group-2D39B9FCA144-SegmentedRaftLogWorker: created new log segment /workdir/hadoop-ozone/integration-test/target/test-dir/MiniOzoneClusterImpl-73be8c55-0359-4a05-973c-f572fa968d6f/datanode-3/data/ratis/649fa7ca-5698-4f67-a8bc-2d39b9fca144/current/log_inprogress_0
2019-10-08 22:22:31,016 [119e3add-9ce0-41a1-bdb3-8c9d3e342e8b@group-2D39B9FCA144-SegmentedRaftLogWorker] INFO  segmented.SegmentedRaftLogWorker (SegmentedRaftLogWorker.java:execute(574)) - 119e3add-9ce0-41a1-bdb3-8c9d3e342e8b@group-2D39B9FCA144-SegmentedRaftLogWorker: created new log segment /workdir/hadoop-ozone/integration-test/target/test-dir/MiniOzoneClusterImpl-73be8c55-0359-4a05-973c-f572fa968d6f/datanode-5/data/ratis/649fa7ca-5698-4f67-a8bc-2d39b9fca144/current/log_inprogress_0
2019-10-08 22:22:31,016 [dad677e0-3c16-4b25-8ae5-5b39f18dff15@group-2D39B9FCA144-SegmentedRaftLogWorker] INFO  segmented.SegmentedRaftLogWorker (SegmentedRaftLogWorker.java:execute(574)) - dad677e0-3c16-4b25-8ae5-5b39f18dff15@group-2D39B9FCA144-SegmentedRaftLogWorker: created new log segment /workdir/hadoop-ozone/integration-test/target/test-dir/MiniOzoneClusterImpl-73be8c55-0359-4a05-973c-f572fa968d6f/datanode-4/data/ratis/649fa7ca-5698-4f67-a8bc-2d39b9fca144/current/log_inprogress_0
2019-10-08 22:22:31,741 [grpc-default-executor-0] WARN  server.GrpcLogAppender (LogUtils.java:warn(134)) - ef68bf2f-14be-4d5f-8c8b-17dd79c852c2@group-AEC151EC4700->baae7a36-5fe0-4b63-85b5-441d2538a079-AppendLogResponseHandler: Failed appendEntries: org.apache.ratis.thirdparty.io.grpc.StatusRuntimeException: UNAVAILABLE: io exception
2019-10-08 22:22:31,741 [grpc-default-executor-1] WARN  server.GrpcLogAppender (LogUtils.java:warn(134)) - ef68bf2f-14be-4d5f-8c8b-17dd79c852c2@group-AEC151EC4700->3161767e-c286-4df4-9de4-b5ad5e977375-AppendLogResponseHandler: Failed appendEntries: org.apache.ratis.thirdparty.io.grpc.StatusRuntimeException: UNAVAILABLE: io exception
2019-10-08 22:22:31,741 [grpc-default-executor-0] INFO  impl.FollowerInfo (FollowerInfo.java:lambda$new$0(51)) - ef68bf2f-14be-4d5f-8c8b-17dd79c852c2@group-AEC151EC4700->baae7a36-5fe0-4b63-85b5-441d2538a079: nextIndex: updateUnconditionally 0 -> 0
2019-10-08 22:22:31,741 [grpc-default-executor-1] INFO  impl.FollowerInfo (FollowerInfo.java:lambda$new$0(51)) - ef68bf2f-14be-4d5f-8c8b-17dd79c852c2@group-AEC151EC4700->3161767e-c286-4df4-9de4-b5ad5e977375: nextIndex: updateUnconditionally 0 -> 0
2019-10-08 22:22:32,114 [Datanode State Machine Thread - 0] INFO  statemachine.DatanodeStateMachine (DatanodeStateMachine.java:lambda$startDaemon$0(350)) - Ozone container server started.
2019-10-08 22:22:32,563 [Thread-2444] INFO  client.GrpcClientProtocolService (GrpcClientProtocolService.java:lambda$processClientRequest$0(278)) - Failed RaftClientRequest:client-0F8EB6598FEA->ef68bf2f-14be-4d5f-8c8b-17dd79c852c2@group-AEC151EC4700, cid=67, seq=0, Watch-MAJORITY_COMMITTED(30), Message:<EMPTY>, reply=RaftClientReply:client-0F8EB6598FEA->ef68bf2f-14be-4d5f-8c8b-17dd79c852c2@group-AEC151EC4700, cid=67, FAILED org.apache.ratis.protocol.NotReplicatedException: Request with call Id 67 and log index 30 is not yet replicated to MAJORITY_COMMITTED, logIndex=30, commits[ef68bf2f-14be-4d5f-8c8b-17dd79c852c2:c2, 3161767e-c286-4df4-9de4-b5ad5e977375:c2, baae7a36-5fe0-4b63-85b5-441d2538a079:c2]
2019-10-08 22:22:32,563 [Thread-2445] INFO  client.GrpcClientProtocolService (GrpcClientProtocolService.java:lambda$processClientRequest$0(278)) - Failed RaftClientRequest:client-0F8EB6598FEA->ef68bf2f-14be-4d5f-8c8b-17dd79c852c2@group-AEC151EC4700, cid=66, seq=0, Watch-ALL_COMMITTED(30), Message:<EMPTY>, reply=RaftClientReply:client-0F8EB6598FEA->ef68bf2f-14be-4d5f-8c8b-17dd79c852c2@group-AEC151EC4700, cid=66, FAILED org.apache.ratis.protocol.NotReplicatedException: Request with call Id 66 and log index 30 is not yet replicated to ALL_COMMITTED, logIndex=30, commits[ef68bf2f-14be-4d5f-8c8b-17dd79c852c2:c2, 3161767e-c286-4df4-9de4-b5ad5e977375:c2, baae7a36-5fe0-4b63-85b5-441d2538a079:c2]
2019-10-08 22:22:34,242 [grpc-default-executor-4] WARN  server.GrpcLogAppender (LogUtils.java:warn(134)) - ef68bf2f-14be-4d5f-8c8b-17dd79c852c2@group-AEC151EC4700->3161767e-c286-4df4-9de4-b5ad5e977375-AppendLogResponseHandler: Failed appendEntries: org.apache.ratis.thirdparty.io.grpc.StatusRuntimeException: UNAVAILABLE: io exception
2019-10-08 22:22:34,242 [grpc-default-executor-1] WARN  server.GrpcLogAppender (LogUtils.java:warn(134)) - ef68bf2f-14be-4d5f-8c8b-17dd79c852c2@group-AEC151EC4700->baae7a36-5fe0-4b63-85b5-441d2538a079-AppendLogResponseHandler: Failed appendEntries: org.apache.ratis.thirdparty.io.grpc.StatusRuntimeException: UNAVAILABLE: io exception
2019-10-08 22:22:34,243 [grpc-default-executor-4] INFO  impl.FollowerInfo (FollowerInfo.java:lambda$new$0(51)) - ef68bf2f-14be-4d5f-8c8b-17dd79c852c2@group-AEC151EC4700->3161767e-c286-4df4-9de4-b5ad5e977375: nextIndex: updateUnconditionally 0 -> 0
2019-10-08 22:22:34,243 [grpc-default-executor-1] INFO  impl.FollowerInfo (FollowerInfo.java:lambda$new$0(51)) - ef68bf2f-14be-4d5f-8c8b-17dd79c852c2@group-AEC151EC4700->baae7a36-5fe0-4b63-85b5-441d2538a079: nextIndex: updateUnconditionally 0 -> 0
2019-10-08 22:22:36,123 [main] INFO  ozoneimpl.OzoneContainer (OzoneContainer.java:stop(227)) - Attempting to stop container services.
2019-10-08 22:22:36,125 [main] INFO  impl.RaftServerProxy (RaftServerProxy.java:lambda$close$4(314)) - 25dc1725-276f-49a7-88a4-178b55aa4ec4: close
2019-10-08 22:22:36,126 [main] INFO  impl.RaftServerImpl (RaftServerImpl.java:lambda$shutdown$3(247)) - 25dc1725-276f-49a7-88a4-178b55aa4ec4@group-D19A75241F41: shutdown
2019-10-08 22:22:36,126 [ForkJoinPool.commonPool-worker-0] INFO  impl.RaftServerImpl (RaftServerImpl.java:lambda$shutdown$3(247)) - 25dc1725-276f-49a7-88a4-178b55aa4ec4@group-1A2D5620F3E3: shutdown
2019-10-08 22:22:36,127 [main] INFO  util.JmxRegister (JmxRegister.java:unregister(73)) - Successfully un-registered JMX Bean with object name Ratis:service=RaftServer,group=group-D19A75241F41,id=25dc1725-276f-49a7-88a4-178b55aa4ec4
2019-10-08 22:22:36,127 [ForkJoinPool.commonPool-worker-0] INFO  util.JmxRegister (JmxRegister.java:unregister(73)) - Successfully un-registered JMX Bean with object name Ratis:service=RaftServer,group=group-1A2D5620F3E3,id=25dc1725-276f-49a7-88a4-178b55aa4ec4
2019-10-08 22:22:36,127 [main] INFO  impl.RoleInfo (RoleInfo.java:shutdownLeaderState(104)) - 25dc1725-276f-49a7-88a4-178b55aa4ec4: shutdown LeaderState
2019-10-08 22:22:36,128 [ForkJoinPool.commonPool-worker-0] INFO  impl.RoleInfo (RoleInfo.java:shutdownLeaderState(104)) - 25dc1725-276f-49a7-88a4-178b55aa4ec4: shutdown LeaderState
2019-10-08 22:22:36,128 [main] INFO  impl.PendingRequests (PendingRequests.java:sendNotLeaderResponses(202)) - 25dc1725-276f-49a7-88a4-178b55aa4ec4@group-D19A75241F41-PendingRequests: sendNotLeaderResponses
2019-10-08 22:22:36,160 [ForkJoinPool.commonPool-worker-0] INFO  impl.PendingRequests (PendingRequests.java:sendNotLeaderResponses(202)) - 25dc1725-276f-49a7-88a4-178b55aa4ec4@group-1A2D5620F3E3-PendingRequests: sendNotLeaderResponses
2019-10-08 22:22:36,160 [org.apache.ratis.server.impl.LogAppender$AppenderDaemon$$Lambda$546/1261447730@5078f73e] WARN  server.GrpcLogAppender (GrpcLogAppender.java:mayWait(143)) - 25dc1725-276f-49a7-88a4-178b55aa4ec4@group-1A2D5620F3E3->52c37ae0-fdd6-4f6c-852f-7383ab78a9c4-GrpcLogAppender: Wait interrupted by java.lang.InterruptedException
2019-10-08 22:22:36,186 [ForkJoinPool.commonPool-worker-0] INFO  impl.StateMachineUpdater (StateMachineUpdater.java:stopAndJoin(136)) - 25dc1725-276f-49a7-88a4-178b55aa4ec4@group-1A2D5620F3E3-StateMachineUpdater: set stopIndex = 2
2019-10-08 22:22:36,186 [main] INFO  impl.StateMachineUpdater (StateMachineUpdater.java:stopAndJoin(136)) - 25dc1725-276f-49a7-88a4-178b55aa4ec4@group-D19A75241F41-StateMachineUpdater: set stopIndex = 0
2019-10-08 22:22:36,186 [org.apache.ratis.server.impl.LogAppender$AppenderDaemon$$Lambda$546/1261447730@439907ea] WARN  server.GrpcLogAppender (GrpcLogAppender.java:mayWait(143)) - 25dc1725-276f-49a7-88a4-178b55aa4ec4@group-1A2D5620F3E3->c9e29d54-6f88-4644-84f1-61bf3054ef05-GrpcLogAppender: Wait interrupted by java.lang.InterruptedException
2019-10-08 22:22:36,186 [25dc1725-276f-49a7-88a4-178b55aa4ec4@group-1A2D5620F3E3-StateMachineUpdater] INFO  ratis.ContainerStateMachine (ContainerStateMachine.java:takeSnapshot(294)) - group-1A2D5620F3E3: Taking a snapshot at:(t:1, i:2) file /workdir/hadoop-ozone/integration-test/target/test-dir/MiniOzoneClusterImpl-73be8c55-0359-4a05-973c-f572fa968d6f/datanode-2/data/ratis/377ae66b-eba6-439e-ad88-1a2d5620f3e3/sm/snapshot.1_2
2019-10-08 22:22:36,187 [main] INFO  impl.RaftServerImpl (ServerState.java:close(387)) - 25dc1725-276f-49a7-88a4-178b55aa4ec4@group-D19A75241F41: closes. applyIndex: 0
2019-10-08 22:22:36,195 [grpc-default-executor-1] INFO  server.GrpcServerProtocolService (GrpcServerProtocolService.java:onCompleted(113)) - 52c37ae0-fdd6-4f6c-852f-7383ab78a9c4: Completed APPEND_ENTRIES, lastRequest: 25dc1725-276f-49a7-88a4-178b55aa4ec4->52c37ae0-fdd6-4f6c-852f-7383ab78a9c4#5-t1, previous=(t:1, i:2), leaderCommit=2, initializing? false, entries: <empty>
2019-10-08 22:22:36,199 [grpc-default-executor-4] INFO  server.GrpcServerProtocolService (GrpcServerProtocolService.java:onCompleted(113)) - c9e29d54-6f88-4644-84f1-61bf3054ef05: Completed APPEND_ENTRIES, lastRequest: 25dc1725-276f-49a7-88a4-178b55aa4ec4->c9e29d54-6f88-4644-84f1-61bf3054ef05#5-t1, previous=(t:1, i:2), leaderCommit=2, initializing? false, entries: <empty>
2019-10-08 22:22:36,199 [EventQueue-StaleNodeForStaleNodeHandler] INFO  node.StaleNodeHandler (StaleNodeHandler.java:onMessage(58)) - Datanode baae7a36-5fe0-4b63-85b5-441d2538a079{ip: 192.168.30.45, host: pr-hdds-1228-jbbql-2974301341, networkLocation: /default-rack, certSerialId: null} moved to stale state. Finalizing its pipelines [PipelineID=9b51e7a0-9d80-4ce5-81d8-1a07d4280a72, PipelineID=22d1e6f5-c83e-4e3b-a92a-aec151ec4700]
2019-10-08 22:22:36,199 [25dc1725-276f-49a7-88a4-178b55aa4ec4@group-D19A75241F41-SegmentedRaftLogWorker] INFO  segmented.SegmentedRaftLogWorker (SegmentedRaftLogWorker.java:run(316)) - 25dc1725-276f-49a7-88a4-178b55aa4ec4@group-D19A75241F41-SegmentedRaftLogWorker was interrupted, exiting. There are 0 tasks remaining in the queue.
2019-10-08 22:22:36,200 [grpc-default-executor-1] INFO  server.GrpcLogAppender (GrpcLogAppender.java:onCompleted(293)) - 25dc1725-276f-49a7-88a4-178b55aa4ec4@group-1A2D5620F3E3->52c37ae0-fdd6-4f6c-852f-7383ab78a9c4-AppendLogResponseHandler: follower responses appendEntries COMPLETED
2019-10-08 22:22:36,203 [grpc-default-executor-4] INFO  server.GrpcLogAppender (GrpcLogAppender.java:onCompleted(293)) - 25dc1725-276f-49a7-88a4-178b55aa4ec4@group-1A2D5620F3E3->c9e29d54-6f88-4644-84f1-61bf3054ef05-AppendLogResponseHandler: follower responses appendEntries COMPLETED
2019-10-08 22:22:36,203 [EventQueue-StaleNodeForStaleNodeHandler] INFO  pipeline.SCMPipelineManager (SCMPipelineManager.java:finalizeAndDestroyPipeline(315)) - destroying pipeline:Pipeline[ Id: 9b51e7a0-9d80-4ce5-81d8-1a07d4280a72, Nodes: baae7a36-5fe0-4b63-85b5-441d2538a079{ip: 192.168.30.45, host: pr-hdds-1228-jbbql-2974301341, networkLocation: /default-rack, certSerialId: null}, Type:RATIS, Factor:ONE, State:OPEN]
2019-10-08 22:22:36,203 [main] INFO  segmented.SegmentedRaftLogWorker (SegmentedRaftLogWorker.java:close(224)) - 25dc1725-276f-49a7-88a4-178b55aa4ec4@group-D19A75241F41-SegmentedRaftLogWorker close()
2019-10-08 22:22:36,204 [grpc-default-executor-1] INFO  impl.FollowerInfo (FollowerInfo.java:lambda$new$0(51)) - 25dc1725-276f-49a7-88a4-178b55aa4ec4@group-1A2D5620F3E3->52c37ae0-fdd6-4f6c-852f-7383ab78a9c4: nextIndex: updateUnconditionally 3 -> 2
2019-10-08 22:22:36,212 [grpc-default-executor-4] INFO  impl.FollowerInfo (FollowerInfo.java:lambda$new$0(51)) - 25dc1725-276f-49a7-88a4-178b55aa4ec4@group-1A2D5620F3E3->c9e29d54-6f88-4644-84f1-61bf3054ef05: nextIndex: updateUnconditionally 3 -> 2
2019-10-08 22:22:36,204 [EventQueue-StaleNodeForStaleNodeHandler] INFO  pipeline.PipelineStateManager (PipelineStateManager.java:finalizePipeline(123)) - Pipeline Pipeline[ Id: 9b51e7a0-9d80-4ce5-81d8-1a07d4280a72, Nodes: baae7a36-5fe0-4b63-85b5-441d2538a079{ip: 192.168.30.45, host: pr-hdds-1228-jbbql-2974301341, networkLocation: /default-rack, certSerialId: null}, Type:RATIS, Factor:ONE, State:CLOSED] moved to CLOSED state
2019-10-08 22:22:36,214 [EventQueue-StaleNodeForStaleNodeHandler] INFO  pipeline.SCMPipelineManager (SCMPipelineManager.java:finalizeAndDestroyPipeline(315)) - destroying pipeline:Pipeline[ Id: 22d1e6f5-c83e-4e3b-a92a-aec151ec4700, Nodes: baae7a36-5fe0-4b63-85b5-441d2538a079{ip: 192.168.30.45, host: pr-hdds-1228-jbbql-2974301341, networkLocation: /default-rack, certSerialId: null}3161767e-c286-4df4-9de4-b5ad5e977375{ip: 192.168.30.45, host: pr-hdds-1228-jbbql-2974301341, networkLocation: /default-rack, certSerialId: null}ef68bf2f-14be-4d5f-8c8b-17dd79c852c2{ip: 192.168.30.45, host: pr-hdds-1228-jbbql-2974301341, networkLocation: /default-rack, certSerialId: null}, Type:RATIS, Factor:THREE, State:OPEN]
2019-10-08 22:22:36,214 [EventQueue-StaleNodeForStaleNodeHandler] INFO  pipeline.PipelineStateManager (PipelineStateManager.java:finalizePipeline(123)) - Pipeline Pipeline[ Id: 22d1e6f5-c83e-4e3b-a92a-aec151ec4700, Nodes: baae7a36-5fe0-4b63-85b5-441d2538a079{ip: 192.168.30.45, host: pr-hdds-1228-jbbql-2974301341, networkLocation: /default-rack, certSerialId: null}3161767e-c286-4df4-9de4-b5ad5e977375{ip: 192.168.30.45, host: pr-hdds-1228-jbbql-2974301341, networkLocation: /default-rack, certSerialId: null}ef68bf2f-14be-4d5f-8c8b-17dd79c852c2{ip: 192.168.30.45, host: pr-hdds-1228-jbbql-2974301341, networkLocation: /default-rack, certSerialId: null}, Type:RATIS, Factor:THREE, State:CLOSED] moved to CLOSED state
2019-10-08 22:22:36,215 [EventQueue-CloseContainerForCloseContainerEventHandler] INFO  container.CloseContainerEventHandler (CloseContainerEventHandler.java:onMessage(61)) - Close container Event triggered for container : #1
2019-10-08 22:22:36,225 [25dc1725-276f-49a7-88a4-178b55aa4ec4@group-1A2D5620F3E3-StateMachineUpdater] INFO  ratis.ContainerStateMachine (ContainerStateMachine.java:takeSnapshot(305)) - group-1A2D5620F3E3: Finished taking a snapshot at:(t:1, i:2) file:/workdir/hadoop-ozone/integration-test/target/test-dir/MiniOzoneClusterImpl-73be8c55-0359-4a05-973c-f572fa968d6f/datanode-2/data/ratis/377ae66b-eba6-439e-ad88-1a2d5620f3e3/sm/snapshot.1_2 time:39
2019-10-08 22:22:36,225 [25dc1725-276f-49a7-88a4-178b55aa4ec4@group-1A2D5620F3E3-StateMachineUpdater] INFO  impl.StateMachineUpdater (StateMachineUpdater.java:takeSnapshot(269)) - 25dc1725-276f-49a7-88a4-178b55aa4ec4@group-1A2D5620F3E3-StateMachineUpdater: Took a snapshot at index 2
2019-10-08 22:22:36,225 [25dc1725-276f-49a7-88a4-178b55aa4ec4@group-1A2D5620F3E3-StateMachineUpdater] INFO  impl.StateMachineUpdater (StateMachineUpdater.java:lambda$new$0(84)) - 25dc1725-276f-49a7-88a4-178b55aa4ec4@group-1A2D5620F3E3-StateMachineUpdater: snapshotIndex: updateIncreasingly -1 -> 2
2019-10-08 22:22:36,226 [ForkJoinPool.commonPool-worker-0] INFO  impl.RaftServerImpl (ServerState.java:close(387)) - 25dc1725-276f-49a7-88a4-178b55aa4ec4@group-1A2D5620F3E3: closes. applyIndex: 2
2019-10-08 22:22:36,226 [25dc1725-276f-49a7-88a4-178b55aa4ec4@group-1A2D5620F3E3-SegmentedRaftLogWorker] INFO  segmented.SegmentedRaftLogWorker (SegmentedRaftLogWorker.java:run(316)) - 25dc1725-276f-49a7-88a4-178b55aa4ec4@group-1A2D5620F3E3-SegmentedRaftLogWorker was interrupted, exiting. There are 0 tasks remaining in the queue.
2019-10-08 22:22:36,231 [ForkJoinPool.commonPool-worker-0] INFO  segmented.SegmentedRaftLogWorker (SegmentedRaftLogWorker.java:close(224)) - 25dc1725-276f-49a7-88a4-178b55aa4ec4@group-1A2D5620F3E3-SegmentedRaftLogWorker close()
2019-10-08 22:22:36,237 [main] INFO  server.GrpcService (GrpcService.java:closeImpl(164)) - 25dc1725-276f-49a7-88a4-178b55aa4ec4: shutdown server with port 46701 now
2019-10-08 22:22:36,238 [main] INFO  server.GrpcService (GrpcService.java:closeImpl(172)) - 25dc1725-276f-49a7-88a4-178b55aa4ec4: shutdown server with port 46701 successfully
2019-10-08 22:22:36,240 [refreshUsed-/workdir/hadoop-ozone/integration-test/target/test-dir/MiniOzoneClusterImpl-73be8c55-0359-4a05-973c-f572fa968d6f/datanode-2/data/containers] WARN  fs.CachingGetSpaceUsed (CachingGetSpaceUsed.java:run(183)) - Thread Interrupted waiting to refresh disk information: sleep interrupted
2019-10-08 22:22:36,267 [main] INFO  utils.BackgroundService (BackgroundService.java:shutdown(151)) - Shutting down service BlockDeletingService
2019-10-08 22:22:36,278 [main] INFO  statemachine.DatanodeStateMachine (DatanodeStateMachine.java:stopDaemon(395)) - Ozone container server stopped.
2019-10-08 22:22:36,280 [main] INFO  handler.ContextHandler (ContextHandler.java:doStop(910)) - Stopped o.e.j.w.WebAppContext@5e905f2c{/,null,UNAVAILABLE}{/hddsDatanode}
2019-10-08 22:22:36,281 [main] INFO  server.AbstractConnector (AbstractConnector.java:doStop(318)) - Stopped ServerConnector@fddd7ae{HTTP/1.1,[http/1.1]}{0.0.0.0:0}
2019-10-08 22:22:36,281 [main] INFO  handler.ContextHandler (ContextHandler.java:doStop(910)) - Stopped o.e.j.s.ServletContextHandler@3caee3a8{/static,jar:file:/home/user/.m2/repository/org/apache/hadoop/hadoop-hdds-container-service/0.5.0-SNAPSHOT/hadoop-hdds-container-service-0.5.0-SNAPSHOT.jar!/webapps/static,UNAVAILABLE}
2019-10-08 22:22:36,282 [main] INFO  handler.ContextHandler (ContextHandler.java:doStop(910)) - Stopped o.e.j.s.ServletContextHandler@681061d6{/logs,file:///workdir/hadoop-ozone/integration-test/target/log,UNAVAILABLE}
2019-10-08 22:22:36,743 [grpc-default-executor-6] WARN  server.GrpcLogAppender (LogUtils.java:warn(134)) - ef68bf2f-14be-4d5f-8c8b-17dd79c852c2@group-AEC151EC4700->3161767e-c286-4df4-9de4-b5ad5e977375-AppendLogResponseHandler: Failed appendEntries: org.apache.ratis.thirdparty.io.grpc.StatusRuntimeException: UNAVAILABLE: io exception
2019-10-08 22:22:36,743 [grpc-default-executor-2] WARN  server.GrpcLogAppender (LogUtils.java:warn(134)) - ef68bf2f-14be-4d5f-8c8b-17dd79c852c2@group-AEC151EC4700->baae7a36-5fe0-4b63-85b5-441d2538a079-AppendLogResponseHandler: Failed appendEntries: org.apache.ratis.thirdparty.io.grpc.StatusRuntimeException: UNAVAILABLE: io exception
2019-10-08 22:22:36,743 [grpc-default-executor-6] INFO  impl.FollowerInfo (FollowerInfo.java:lambda$new$0(51)) - ef68bf2f-14be-4d5f-8c8b-17dd79c852c2@group-AEC151EC4700->3161767e-c286-4df4-9de4-b5ad5e977375: nextIndex: updateUnconditionally 0 -> 0
2019-10-08 22:22:36,743 [grpc-default-executor-2] INFO  impl.FollowerInfo (FollowerInfo.java:lambda$new$0(51)) - ef68bf2f-14be-4d5f-8c8b-17dd79c852c2@group-AEC151EC4700->baae7a36-5fe0-4b63-85b5-441d2538a079: nextIndex: updateUnconditionally 0 -> 0
2019-10-08 22:22:38,704 [grpc-default-executor-0] WARN  server.GrpcLogAppender (LogUtils.java:warn(134)) - ef68bf2f-14be-4d5f-8c8b-17dd79c852c2@group-AEC151EC4700->3161767e-c286-4df4-9de4-b5ad5e977375-AppendLogResponseHandler: Failed appendEntries: org.apache.ratis.thirdparty.io.grpc.StatusRuntimeException: UNAVAILABLE: io exception
2019-10-08 22:22:38,704 [grpc-default-executor-5] WARN  server.GrpcLogAppender (LogUtils.java:warn(134)) - ef68bf2f-14be-4d5f-8c8b-17dd79c852c2@group-AEC151EC4700->baae7a36-5fe0-4b63-85b5-441d2538a079-AppendLogResponseHandler: Failed appendEntries: org.apache.ratis.thirdparty.io.grpc.StatusRuntimeException: UNAVAILABLE: io exception
2019-10-08 22:22:38,705 [grpc-default-executor-0] INFO  impl.FollowerInfo (FollowerInfo.java:lambda$new$0(51)) - ef68bf2f-14be-4d5f-8c8b-17dd79c852c2@group-AEC151EC4700->3161767e-c286-4df4-9de4-b5ad5e977375: nextIndex: updateUnconditionally 1 -> 0
2019-10-08 22:22:38,706 [grpc-default-executor-5] INFO  impl.FollowerInfo (FollowerInfo.java:lambda$new$0(51)) - ef68bf2f-14be-4d5f-8c8b-17dd79c852c2@group-AEC151EC4700->baae7a36-5fe0-4b63-85b5-441d2538a079: nextIndex: updateUnconditionally 1 -> 0
2019-10-08 22:22:41,204 [grpc-default-executor-0] WARN  server.GrpcLogAppender (LogUtils.java:warn(134)) - ef68bf2f-14be-4d5f-8c8b-17dd79c852c2@group-AEC151EC4700->3161767e-c286-4df4-9de4-b5ad5e977375-AppendLogResponseHandler: Failed appendEntries: org.apache.ratis.thirdparty.io.grpc.StatusRuntimeException: UNAVAILABLE: io exception
2019-10-08 22:22:41,204 [grpc-default-executor-5] WARN  server.GrpcLogAppender (LogUtils.java:warn(134)) - ef68bf2f-14be-4d5f-8c8b-17dd79c852c2@group-AEC151EC4700->baae7a36-5fe0-4b63-85b5-441d2538a079-AppendLogResponseHandler: Failed appendEntries: org.apache.ratis.thirdparty.io.grpc.StatusRuntimeException: UNAVAILABLE: io exception
2019-10-08 22:22:41,205 [grpc-default-executor-0] INFO  impl.FollowerInfo (FollowerInfo.java:lambda$new$0(51)) - ef68bf2f-14be-4d5f-8c8b-17dd79c852c2@group-AEC151EC4700->3161767e-c286-4df4-9de4-b5ad5e977375: nextIndex: updateUnconditionally 0 -> 0
2019-10-08 22:22:41,205 [grpc-default-executor-5] INFO  impl.FollowerInfo (FollowerInfo.java:lambda$new$0(51)) - ef68bf2f-14be-4d5f-8c8b-17dd79c852c2@group-AEC151EC4700->baae7a36-5fe0-4b63-85b5-441d2538a079: nextIndex: updateUnconditionally 0 -> 0
2019-10-08 22:22:41,711 [EventQueue-StaleNodeForStaleNodeHandler] INFO  node.StaleNodeHandler (StaleNodeHandler.java:onMessage(58)) - Datanode 3161767e-c286-4df4-9de4-b5ad5e977375{ip: 192.168.30.45, host: pr-hdds-1228-jbbql-2974301341, networkLocation: /default-rack, certSerialId: null} moved to stale state. Finalizing its pipelines [PipelineID=a419390e-7cfa-46b2-9c65-942ced79220e, PipelineID=22d1e6f5-c83e-4e3b-a92a-aec151ec4700]
2019-10-08 22:22:41,712 [EventQueue-StaleNodeForStaleNodeHandler] INFO  pipeline.SCMPipelineManager (SCMPipelineManager.java:finalizeAndDestroyPipeline(315)) - destroying pipeline:Pipeline[ Id: a419390e-7cfa-46b2-9c65-942ced79220e, Nodes: 3161767e-c286-4df4-9de4-b5ad5e977375{ip: 192.168.30.45, host: pr-hdds-1228-jbbql-2974301341, networkLocation: /default-rack, certSerialId: null}, Type:RATIS, Factor:ONE, State:OPEN]
2019-10-08 22:22:41,712 [EventQueue-StaleNodeForStaleNodeHandler] INFO  pipeline.PipelineStateManager (PipelineStateManager.java:finalizePipeline(123)) - Pipeline Pipeline[ Id: a419390e-7cfa-46b2-9c65-942ced79220e, Nodes: 3161767e-c286-4df4-9de4-b5ad5e977375{ip: 192.168.30.45, host: pr-hdds-1228-jbbql-2974301341, networkLocation: /default-rack, certSerialId: null}, Type:RATIS, Factor:ONE, State:CLOSED] moved to CLOSED state
2019-10-08 22:22:41,713 [EventQueue-StaleNodeForStaleNodeHandler] INFO  pipeline.SCMPipelineManager (SCMPipelineManager.java:finalizeAndDestroyPipeline(315)) - destroying pipeline:Pipeline[ Id: 22d1e6f5-c83e-4e3b-a92a-aec151ec4700, Nodes: baae7a36-5fe0-4b63-85b5-441d2538a079{ip: 192.168.30.45, host: pr-hdds-1228-jbbql-2974301341, networkLocation: /default-rack, certSerialId: null}3161767e-c286-4df4-9de4-b5ad5e977375{ip: 192.168.30.45, host: pr-hdds-1228-jbbql-2974301341, networkLocation: /default-rack, certSerialId: null}ef68bf2f-14be-4d5f-8c8b-17dd79c852c2{ip: 192.168.30.45, host: pr-hdds-1228-jbbql-2974301341, networkLocation: /default-rack, certSerialId: null}, Type:RATIS, Factor:THREE, State:CLOSED]
2019-10-08 22:22:43,705 [grpc-default-executor-0] WARN  server.GrpcLogAppender (LogUtils.java:warn(134)) - ef68bf2f-14be-4d5f-8c8b-17dd79c852c2@group-AEC151EC4700->3161767e-c286-4df4-9de4-b5ad5e977375-AppendLogResponseHandler: Failed appendEntries: org.apache.ratis.thirdparty.io.grpc.StatusRuntimeException: UNAVAILABLE: io exception
2019-10-08 22:22:43,705 [grpc-default-executor-1] WARN  server.GrpcLogAppender (LogUtils.java:warn(134)) - ef68bf2f-14be-4d5f-8c8b-17dd79c852c2@group-AEC151EC4700->baae7a36-5fe0-4b63-85b5-441d2538a079-AppendLogResponseHandler: Failed appendEntries: org.apache.ratis.thirdparty.io.grpc.StatusRuntimeException: UNAVAILABLE: io exception
2019-10-08 22:22:43,705 [grpc-default-executor-0] INFO  impl.FollowerInfo (FollowerInfo.java:lambda$new$0(51)) - ef68bf2f-14be-4d5f-8c8b-17dd79c852c2@group-AEC151EC4700->3161767e-c286-4df4-9de4-b5ad5e977375: nextIndex: updateUnconditionally 0 -> 0
2019-10-08 22:22:43,705 [grpc-default-executor-1] INFO  impl.FollowerInfo (FollowerInfo.java:lambda$new$0(51)) - ef68bf2f-14be-4d5f-8c8b-17dd79c852c2@group-AEC151EC4700->baae7a36-5fe0-4b63-85b5-441d2538a079: nextIndex: updateUnconditionally 0 -> 0
2019-10-08 22:22:46,027 [Thread-2394] INFO  impl.FollowerState (FollowerState.java:run(108)) - c9e29d54-6f88-4644-84f1-61bf3054ef05@group-1A2D5620F3E3-FollowerState: change to CANDIDATE, lastRpcTime:9964ms, electionTimeout:5104ms
2019-10-08 22:22:46,028 [Thread-2394] INFO  impl.RoleInfo (RoleInfo.java:shutdownFollowerState(121)) - c9e29d54-6f88-4644-84f1-61bf3054ef05: shutdown FollowerState
2019-10-08 22:22:46,028 [Thread-2394] INFO  impl.RaftServerImpl (RaftServerImpl.java:setRole(170)) - c9e29d54-6f88-4644-84f1-61bf3054ef05@group-1A2D5620F3E3: changes role from  FOLLOWER to CANDIDATE at term 1 for changeToCandidate
2019-10-08 22:22:46,029 [Thread-2394] INFO  impl.RoleInfo (RoleInfo.java:updateAndGet(143)) - c9e29d54-6f88-4644-84f1-61bf3054ef05: start LeaderElection
2019-10-08 22:22:46,030 [c9e29d54-6f88-4644-84f1-61bf3054ef05@group-1A2D5620F3E3-LeaderElection92] INFO  impl.RaftServerImpl (ServerState.java:setLeader(255)) - c9e29d54-6f88-4644-84f1-61bf3054ef05@group-1A2D5620F3E3: change Leader from 25dc1725-276f-49a7-88a4-178b55aa4ec4 to null at term 1 for initElection
2019-10-08 22:22:46,036 [Thread-2396] INFO  impl.FollowerState (FollowerState.java:run(108)) - 52c37ae0-fdd6-4f6c-852f-7383ab78a9c4@group-1A2D5620F3E3-FollowerState: change to CANDIDATE, lastRpcTime:9972ms, electionTimeout:5097ms
2019-10-08 22:22:46,036 [Thread-2396] INFO  impl.RoleInfo (RoleInfo.java:shutdownFollowerState(121)) - 52c37ae0-fdd6-4f6c-852f-7383ab78a9c4: shutdown FollowerState
2019-10-08 22:22:46,036 [Thread-2396] INFO  impl.RaftServerImpl (RaftServerImpl.java:setRole(170)) - 52c37ae0-fdd6-4f6c-852f-7383ab78a9c4@group-1A2D5620F3E3: changes role from  FOLLOWER to CANDIDATE at term 1 for changeToCandidate
2019-10-08 22:22:46,036 [Thread-2396] INFO  impl.RoleInfo (RoleInfo.java:updateAndGet(143)) - 52c37ae0-fdd6-4f6c-852f-7383ab78a9c4: start LeaderElection
2019-10-08 22:22:46,040 [52c37ae0-fdd6-4f6c-852f-7383ab78a9c4@group-1A2D5620F3E3-LeaderElection93] INFO  impl.RaftServerImpl (ServerState.java:setLeader(255)) - 52c37ae0-fdd6-4f6c-852f-7383ab78a9c4@group-1A2D5620F3E3: change Leader from 25dc1725-276f-49a7-88a4-178b55aa4ec4 to null at term 1 for initElection
2019-10-08 22:22:46,054 [c9e29d54-6f88-4644-84f1-61bf3054ef05@group-1A2D5620F3E3-LeaderElection92] INFO  impl.LeaderElection (LeaderElection.java:askForVotes(178)) - c9e29d54-6f88-4644-84f1-61bf3054ef05@group-1A2D5620F3E3-LeaderElection92: begin an election at term 2 for 0: [c9e29d54-6f88-4644-84f1-61bf3054ef05:192.168.30.45:36547, 52c37ae0-fdd6-4f6c-852f-7383ab78a9c4:192.168.30.45:34618, 25dc1725-276f-49a7-88a4-178b55aa4ec4:192.168.30.45:46701], old=null
2019-10-08 22:22:46,054 [52c37ae0-fdd6-4f6c-852f-7383ab78a9c4@group-1A2D5620F3E3-LeaderElection93] INFO  impl.LeaderElection (LeaderElection.java:askForVotes(178)) - 52c37ae0-fdd6-4f6c-852f-7383ab78a9c4@group-1A2D5620F3E3-LeaderElection93: begin an election at term 2 for 0: [c9e29d54-6f88-4644-84f1-61bf3054ef05:192.168.30.45:36547, 52c37ae0-fdd6-4f6c-852f-7383ab78a9c4:192.168.30.45:34618, 25dc1725-276f-49a7-88a4-178b55aa4ec4:192.168.30.45:46701], old=null
2019-10-08 22:22:46,057 [52c37ae0-fdd6-4f6c-852f-7383ab78a9c4@group-1A2D5620F3E3-LeaderElection93] INFO  impl.LeaderElection (LogUtils.java:infoOrTrace(149)) - 52c37ae0-fdd6-4f6c-852f-7383ab78a9c4@group-1A2D5620F3E3-LeaderElection93 got exception when requesting votes: {}
java.util.concurrent.ExecutionException: org.apache.ratis.thirdparty.io.grpc.StatusRuntimeException: UNAVAILABLE: io exception
	at java.util.concurrent.FutureTask.report(FutureTask.java:122)
	at java.util.concurrent.FutureTask.get(FutureTask.java:192)
	at org.apache.ratis.server.impl.LeaderElection.waitForResults(LeaderElection.java:259)
	at org.apache.ratis.server.impl.LeaderElection.askForVotes(LeaderElection.java:197)
	at org.apache.ratis.server.impl.LeaderElection.run(LeaderElection.java:133)
	at java.lang.Thread.run(Thread.java:748)
Caused by: org.apache.ratis.thirdparty.io.grpc.StatusRuntimeException: UNAVAILABLE: io exception
	at org.apache.ratis.thirdparty.io.grpc.stub.ClientCalls.toStatusRuntimeException(ClientCalls.java:233)
	at org.apache.ratis.thirdparty.io.grpc.stub.ClientCalls.getUnchecked(ClientCalls.java:214)
	at org.apache.ratis.thirdparty.io.grpc.stub.ClientCalls.blockingUnaryCall(ClientCalls.java:139)
	at org.apache.ratis.proto.grpc.RaftServerProtocolServiceGrpc$RaftServerProtocolServiceBlockingStub.requestVote(RaftServerProtocolServiceGrpc.java:265)
	at org.apache.ratis.grpc.server.GrpcServerProtocolClient.requestVote(GrpcServerProtocolClient.java:99)
	at org.apache.ratis.grpc.server.GrpcService.requestVote(GrpcService.java:204)
	at org.apache.ratis.server.impl.LeaderElection.lambda$submitRequests$1(LeaderElection.java:234)
	at java.util.concurrent.FutureTask.run(FutureTask.java:266)
	at java.util.concurrent.Executors$RunnableAdapter.call(Executors.java:511)
	at java.util.concurrent.FutureTask.run(FutureTask.java:266)
	at java.util.concurrent.ThreadPoolExecutor.runWorker(ThreadPoolExecutor.java:1149)
	at java.util.concurrent.ThreadPoolExecutor$Worker.run(ThreadPoolExecutor.java:624)
	... 1 more
Caused by: org.apache.ratis.thirdparty.io.netty.channel.AbstractChannel$AnnotatedConnectException: Connection refused: /192.168.30.45:46701
	at sun.nio.ch.SocketChannelImpl.checkConnect(Native Method)
	at sun.nio.ch.SocketChannelImpl.finishConnect(SocketChannelImpl.java:717)
	at org.apache.ratis.thirdparty.io.netty.channel.socket.nio.NioSocketChannel.doFinishConnect(NioSocketChannel.java:327)
	at org.apache.ratis.thirdparty.io.netty.channel.nio.AbstractNioChannel$AbstractNioUnsafe.finishConnect(AbstractNioChannel.java:340)
	at org.apache.ratis.thirdparty.io.netty.channel.nio.NioEventLoop.processSelectedKey(NioEventLoop.java:632)
	at org.apache.ratis.thirdparty.io.netty.channel.nio.NioEventLoop.processSelectedKeysOptimized(NioEventLoop.java:579)
	at org.apache.ratis.thirdparty.io.netty.channel.nio.NioEventLoop.processSelectedKeys(NioEventLoop.java:496)
	at org.apache.ratis.thirdparty.io.netty.channel.nio.NioEventLoop.run(NioEventLoop.java:458)
	at org.apache.ratis.thirdparty.io.netty.util.concurrent.SingleThreadEventExecutor$5.run(SingleThreadEventExecutor.java:897)
	at org.apache.ratis.thirdparty.io.netty.util.concurrent.FastThreadLocalRunnable.run(FastThreadLocalRunnable.java:30)
	... 1 more
Caused by: java.net.ConnectException: Connection refused
	... 11 more
2019-10-08 22:22:46,057 [c9e29d54-6f88-4644-84f1-61bf3054ef05@group-1A2D5620F3E3-LeaderElection92] INFO  impl.LeaderElection (LogUtils.java:infoOrTrace(149)) - c9e29d54-6f88-4644-84f1-61bf3054ef05@group-1A2D5620F3E3-LeaderElection92 got exception when requesting votes: {}
java.util.concurrent.ExecutionException: org.apache.ratis.thirdparty.io.grpc.StatusRuntimeException: UNAVAILABLE: io exception
	at java.util.concurrent.FutureTask.report(FutureTask.java:122)
	at java.util.concurrent.FutureTask.get(FutureTask.java:192)
	at org.apache.ratis.server.impl.LeaderElection.waitForResults(LeaderElection.java:259)
	at org.apache.ratis.server.impl.LeaderElection.askForVotes(LeaderElection.java:197)
	at org.apache.ratis.server.impl.LeaderElection.run(LeaderElection.java:133)
	at java.lang.Thread.run(Thread.java:748)
Caused by: org.apache.ratis.thirdparty.io.grpc.StatusRuntimeException: UNAVAILABLE: io exception
	at org.apache.ratis.thirdparty.io.grpc.stub.ClientCalls.toStatusRuntimeException(ClientCalls.java:233)
	at org.apache.ratis.thirdparty.io.grpc.stub.ClientCalls.getUnchecked(ClientCalls.java:214)
	at org.apache.ratis.thirdparty.io.grpc.stub.ClientCalls.blockingUnaryCall(ClientCalls.java:139)
	at org.apache.ratis.proto.grpc.RaftServerProtocolServiceGrpc$RaftServerProtocolServiceBlockingStub.requestVote(RaftServerProtocolServiceGrpc.java:265)
	at org.apache.ratis.grpc.server.GrpcServerProtocolClient.requestVote(GrpcServerProtocolClient.java:99)
	at org.apache.ratis.grpc.server.GrpcService.requestVote(GrpcService.java:204)
	at org.apache.ratis.server.impl.LeaderElection.lambda$submitRequests$1(LeaderElection.java:234)
	at java.util.concurrent.FutureTask.run(FutureTask.java:266)
	at java.util.concurrent.Executors$RunnableAdapter.call(Executors.java:511)
	at java.util.concurrent.FutureTask.run(FutureTask.java:266)
	at java.util.concurrent.ThreadPoolExecutor.runWorker(ThreadPoolExecutor.java:1149)
	at java.util.concurrent.ThreadPoolExecutor$Worker.run(ThreadPoolExecutor.java:624)
	... 1 more
Caused by: org.apache.ratis.thirdparty.io.netty.channel.AbstractChannel$AnnotatedConnectException: Connection refused: /192.168.30.45:46701
	at sun.nio.ch.SocketChannelImpl.checkConnect(Native Method)
	at sun.nio.ch.SocketChannelImpl.finishConnect(SocketChannelImpl.java:717)
	at org.apache.ratis.thirdparty.io.netty.channel.socket.nio.NioSocketChannel.doFinishConnect(NioSocketChannel.java:327)
	at org.apache.ratis.thirdparty.io.netty.channel.nio.AbstractNioChannel$AbstractNioUnsafe.finishConnect(AbstractNioChannel.java:340)
	at org.apache.ratis.thirdparty.io.netty.channel.nio.NioEventLoop.processSelectedKey(NioEventLoop.java:632)
	at org.apache.ratis.thirdparty.io.netty.channel.nio.NioEventLoop.processSelectedKeysOptimized(NioEventLoop.java:579)
	at org.apache.ratis.thirdparty.io.netty.channel.nio.NioEventLoop.processSelectedKeys(NioEventLoop.java:496)
	at org.apache.ratis.thirdparty.io.netty.channel.nio.NioEventLoop.run(NioEventLoop.java:458)
	at org.apache.ratis.thirdparty.io.netty.util.concurrent.SingleThreadEventExecutor$5.run(SingleThreadEventExecutor.java:897)
	at org.apache.ratis.thirdparty.io.netty.util.concurrent.FastThreadLocalRunnable.run(FastThreadLocalRunnable.java:30)
	... 1 more
Caused by: java.net.ConnectException: Connection refused
	... 11 more
2019-10-08 22:22:46,058 [52c37ae0-fdd6-4f6c-852f-7383ab78a9c4@group-1A2D5620F3E3-LeaderElection93] INFO  impl.LeaderElection (LeaderElection.java:logAndReturn(56)) - 52c37ae0-fdd6-4f6c-852f-7383ab78a9c4@group-1A2D5620F3E3-LeaderElection93: Election REJECTED; received 1 response(s) [52c37ae0-fdd6-4f6c-852f-7383ab78a9c4<-c9e29d54-6f88-4644-84f1-61bf3054ef05#0:FAIL-t2] and 1 exception(s); 52c37ae0-fdd6-4f6c-852f-7383ab78a9c4@group-1A2D5620F3E3:t2, leader=null, voted=52c37ae0-fdd6-4f6c-852f-7383ab78a9c4, raftlog=52c37ae0-fdd6-4f6c-852f-7383ab78a9c4@group-1A2D5620F3E3-SegmentedRaftLog:OPENED:c2,f2,i2, conf=0: [c9e29d54-6f88-4644-84f1-61bf3054ef05:192.168.30.45:36547, 52c37ae0-fdd6-4f6c-852f-7383ab78a9c4:192.168.30.45:34618, 25dc1725-276f-49a7-88a4-178b55aa4ec4:192.168.30.45:46701], old=null
2019-10-08 22:22:46,059 [52c37ae0-fdd6-4f6c-852f-7383ab78a9c4@group-1A2D5620F3E3-LeaderElection93] INFO  impl.LeaderElection (LogUtils.java:infoOrTrace(149)) -   Exception 0: {}
java.util.concurrent.ExecutionException: org.apache.ratis.thirdparty.io.grpc.StatusRuntimeException: UNAVAILABLE: io exception
	at java.util.concurrent.FutureTask.report(FutureTask.java:122)
	at java.util.concurrent.FutureTask.get(FutureTask.java:192)
	at org.apache.ratis.server.impl.LeaderElection.waitForResults(LeaderElection.java:259)
	at org.apache.ratis.server.impl.LeaderElection.askForVotes(LeaderElection.java:197)
	at org.apache.ratis.server.impl.LeaderElection.run(LeaderElection.java:133)
	at java.lang.Thread.run(Thread.java:748)
Caused by: org.apache.ratis.thirdparty.io.grpc.StatusRuntimeException: UNAVAILABLE: io exception
	at org.apache.ratis.thirdparty.io.grpc.stub.ClientCalls.toStatusRuntimeException(ClientCalls.java:233)
	at org.apache.ratis.thirdparty.io.grpc.stub.ClientCalls.getUnchecked(ClientCalls.java:214)
	at org.apache.ratis.thirdparty.io.grpc.stub.ClientCalls.blockingUnaryCall(ClientCalls.java:139)
	at org.apache.ratis.proto.grpc.RaftServerProtocolServiceGrpc$RaftServerProtocolServiceBlockingStub.requestVote(RaftServerProtocolServiceGrpc.java:265)
	at org.apache.ratis.grpc.server.GrpcServerProtocolClient.requestVote(GrpcServerProtocolClient.java:99)
	at org.apache.ratis.grpc.server.GrpcService.requestVote(GrpcService.java:204)
	at org.apache.ratis.server.impl.LeaderElection.lambda$submitRequests$1(LeaderElection.java:234)
	at java.util.concurrent.FutureTask.run(FutureTask.java:266)
	at java.util.concurrent.Executors$RunnableAdapter.call(Executors.java:511)
	at java.util.concurrent.FutureTask.run(FutureTask.java:266)
	at java.util.concurrent.ThreadPoolExecutor.runWorker(ThreadPoolExecutor.java:1149)
	at java.util.concurrent.ThreadPoolExecutor$Worker.run(ThreadPoolExecutor.java:624)
	... 1 more
Caused by: org.apache.ratis.thirdparty.io.netty.channel.AbstractChannel$AnnotatedConnectException: Connection refused: /192.168.30.45:46701
	at sun.nio.ch.SocketChannelImpl.checkConnect(Native Method)
	at sun.nio.ch.SocketChannelImpl.finishConnect(SocketChannelImpl.java:717)
	at org.apache.ratis.thirdparty.io.netty.channel.socket.nio.NioSocketChannel.doFinishConnect(NioSocketChannel.java:327)
	at org.apache.ratis.thirdparty.io.netty.channel.nio.AbstractNioChannel$AbstractNioUnsafe.finishConnect(AbstractNioChannel.java:340)
	at org.apache.ratis.thirdparty.io.netty.channel.nio.NioEventLoop.processSelectedKey(NioEventLoop.java:632)
	at org.apache.ratis.thirdparty.io.netty.channel.nio.NioEventLoop.processSelectedKeysOptimized(NioEventLoop.java:579)
	at org.apache.ratis.thirdparty.io.netty.channel.nio.NioEventLoop.processSelectedKeys(NioEventLoop.java:496)
	at org.apache.ratis.thirdparty.io.netty.channel.nio.NioEventLoop.run(NioEventLoop.java:458)
	at org.apache.ratis.thirdparty.io.netty.util.concurrent.SingleThreadEventExecutor$5.run(SingleThreadEventExecutor.java:897)
	at org.apache.ratis.thirdparty.io.netty.util.concurrent.FastThreadLocalRunnable.run(FastThreadLocalRunnable.java:30)
	... 1 more
Caused by: java.net.ConnectException: Connection refused
	... 11 more
2019-10-08 22:22:46,064 [c9e29d54-6f88-4644-84f1-61bf3054ef05@group-1A2D5620F3E3-LeaderElection92] INFO  impl.LeaderElection (LeaderElection.java:logAndReturn(56)) - c9e29d54-6f88-4644-84f1-61bf3054ef05@group-1A2D5620F3E3-LeaderElection92: Election REJECTED; received 1 response(s) [c9e29d54-6f88-4644-84f1-61bf3054ef05<-52c37ae0-fdd6-4f6c-852f-7383ab78a9c4#0:FAIL-t2] and 1 exception(s); c9e29d54-6f88-4644-84f1-61bf3054ef05@group-1A2D5620F3E3:t2, leader=null, voted=c9e29d54-6f88-4644-84f1-61bf3054ef05, raftlog=c9e29d54-6f88-4644-84f1-61bf3054ef05@group-1A2D5620F3E3-SegmentedRaftLog:OPENED:c2,f2,i2, conf=0: [c9e29d54-6f88-4644-84f1-61bf3054ef05:192.168.30.45:36547, 52c37ae0-fdd6-4f6c-852f-7383ab78a9c4:192.168.30.45:34618, 25dc1725-276f-49a7-88a4-178b55aa4ec4:192.168.30.45:46701], old=null
2019-10-08 22:22:46,064 [52c37ae0-fdd6-4f6c-852f-7383ab78a9c4@group-1A2D5620F3E3-LeaderElection93] INFO  impl.RaftServerImpl (RaftServerImpl.java:setRole(170)) - 52c37ae0-fdd6-4f6c-852f-7383ab78a9c4@group-1A2D5620F3E3: changes role from CANDIDATE to FOLLOWER at term 2 for DISCOVERED_A_NEW_TERM
2019-10-08 22:22:46,064 [c9e29d54-6f88-4644-84f1-61bf3054ef05@group-1A2D5620F3E3-LeaderElection92] INFO  impl.LeaderElection (LogUtils.java:infoOrTrace(149)) -   Exception 0: {}
java.util.concurrent.ExecutionException: org.apache.ratis.thirdparty.io.grpc.StatusRuntimeException: UNAVAILABLE: io exception
	at java.util.concurrent.FutureTask.report(FutureTask.java:122)
	at java.util.concurrent.FutureTask.get(FutureTask.java:192)
	at org.apache.ratis.server.impl.LeaderElection.waitForResults(LeaderElection.java:259)
	at org.apache.ratis.server.impl.LeaderElection.askForVotes(LeaderElection.java:197)
	at org.apache.ratis.server.impl.LeaderElection.run(LeaderElection.java:133)
	at java.lang.Thread.run(Thread.java:748)
Caused by: org.apache.ratis.thirdparty.io.grpc.StatusRuntimeException: UNAVAILABLE: io exception
	at org.apache.ratis.thirdparty.io.grpc.stub.ClientCalls.toStatusRuntimeException(ClientCalls.java:233)
	at org.apache.ratis.thirdparty.io.grpc.stub.ClientCalls.getUnchecked(ClientCalls.java:214)
	at org.apache.ratis.thirdparty.io.grpc.stub.ClientCalls.blockingUnaryCall(ClientCalls.java:139)
	at org.apache.ratis.proto.grpc.RaftServerProtocolServiceGrpc$RaftServerProtocolServiceBlockingStub.requestVote(RaftServerProtocolServiceGrpc.java:265)
	at org.apache.ratis.grpc.server.GrpcServerProtocolClient.requestVote(GrpcServerProtocolClient.java:99)
	at org.apache.ratis.grpc.server.GrpcService.requestVote(GrpcService.java:204)
	at org.apache.ratis.server.impl.LeaderElection.lambda$submitRequests$1(LeaderElection.java:234)
	at java.util.concurrent.FutureTask.run(FutureTask.java:266)
	at java.util.concurrent.Executors$RunnableAdapter.call(Executors.java:511)
	at java.util.concurrent.FutureTask.run(FutureTask.java:266)
	at java.util.concurrent.ThreadPoolExecutor.runWorker(ThreadPoolExecutor.java:1149)
	at java.util.concurrent.ThreadPoolExecutor$Worker.run(ThreadPoolExecutor.java:624)
	... 1 more
Caused by: org.apache.ratis.thirdparty.io.netty.channel.AbstractChannel$AnnotatedConnectException: Connection refused: /192.168.30.45:46701
	at sun.nio.ch.SocketChannelImpl.checkConnect(Native Method)
	at sun.nio.ch.SocketChannelImpl.finishConnect(SocketChannelImpl.java:717)
	at org.apache.ratis.thirdparty.io.netty.channel.socket.nio.NioSocketChannel.doFinishConnect(NioSocketChannel.java:327)
	at org.apache.ratis.thirdparty.io.netty.channel.nio.AbstractNioChannel$AbstractNioUnsafe.finishConnect(AbstractNioChannel.java:340)
	at org.apache.ratis.thirdparty.io.netty.channel.nio.NioEventLoop.processSelectedKey(NioEventLoop.java:632)
	at org.apache.ratis.thirdparty.io.netty.channel.nio.NioEventLoop.processSelectedKeysOptimized(NioEventLoop.java:579)
	at org.apache.ratis.thirdparty.io.netty.channel.nio.NioEventLoop.processSelectedKeys(NioEventLoop.java:496)
	at org.apache.ratis.thirdparty.io.netty.channel.nio.NioEventLoop.run(NioEventLoop.java:458)
	at org.apache.ratis.thirdparty.io.netty.util.concurrent.SingleThreadEventExecutor$5.run(SingleThreadEventExecutor.java:897)
	at org.apache.ratis.thirdparty.io.netty.util.concurrent.FastThreadLocalRunnable.run(FastThreadLocalRunnable.java:30)
	... 1 more
Caused by: java.net.ConnectException: Connection refused
	... 11 more
2019-10-08 22:22:46,065 [52c37ae0-fdd6-4f6c-852f-7383ab78a9c4@group-1A2D5620F3E3-LeaderElection93] INFO  impl.RoleInfo (RoleInfo.java:shutdownLeaderElection(134)) - 52c37ae0-fdd6-4f6c-852f-7383ab78a9c4: shutdown LeaderElection
2019-10-08 22:22:46,065 [c9e29d54-6f88-4644-84f1-61bf3054ef05@group-1A2D5620F3E3-LeaderElection92] INFO  impl.RaftServerImpl (RaftServerImpl.java:setRole(170)) - c9e29d54-6f88-4644-84f1-61bf3054ef05@group-1A2D5620F3E3: changes role from CANDIDATE to FOLLOWER at term 2 for DISCOVERED_A_NEW_TERM
2019-10-08 22:22:46,066 [52c37ae0-fdd6-4f6c-852f-7383ab78a9c4@group-1A2D5620F3E3-LeaderElection93] INFO  impl.RoleInfo (RoleInfo.java:updateAndGet(143)) - 52c37ae0-fdd6-4f6c-852f-7383ab78a9c4: start FollowerState
2019-10-08 22:22:46,066 [c9e29d54-6f88-4644-84f1-61bf3054ef05@group-1A2D5620F3E3-LeaderElection92] INFO  impl.RoleInfo (RoleInfo.java:shutdownLeaderElection(134)) - c9e29d54-6f88-4644-84f1-61bf3054ef05: shutdown LeaderElection
2019-10-08 22:22:46,066 [c9e29d54-6f88-4644-84f1-61bf3054ef05@group-1A2D5620F3E3-LeaderElection92] INFO  impl.RoleInfo (RoleInfo.java:updateAndGet(143)) - c9e29d54-6f88-4644-84f1-61bf3054ef05: start FollowerState
2019-10-08 22:22:46,205 [grpc-default-executor-1] WARN  server.GrpcLogAppender (LogUtils.java:warn(134)) - ef68bf2f-14be-4d5f-8c8b-17dd79c852c2@group-AEC151EC4700->baae7a36-5fe0-4b63-85b5-441d2538a079-AppendLogResponseHandler: Failed appendEntries: org.apache.ratis.thirdparty.io.grpc.StatusRuntimeException: UNAVAILABLE: io exception
2019-10-08 22:22:46,205 [grpc-default-executor-6] WARN  server.GrpcLogAppender (LogUtils.java:warn(134)) - ef68bf2f-14be-4d5f-8c8b-17dd79c852c2@group-AEC151EC4700->3161767e-c286-4df4-9de4-b5ad5e977375-AppendLogResponseHandler: Failed appendEntries: org.apache.ratis.thirdparty.io.grpc.StatusRuntimeException: UNAVAILABLE: io exception
2019-10-08 22:22:46,205 [grpc-default-executor-1] INFO  impl.FollowerInfo (FollowerInfo.java:lambda$new$0(51)) - ef68bf2f-14be-4d5f-8c8b-17dd79c852c2@group-AEC151EC4700->baae7a36-5fe0-4b63-85b5-441d2538a079: nextIndex: updateUnconditionally 0 -> 0
2019-10-08 22:22:46,205 [grpc-default-executor-6] INFO  impl.FollowerInfo (FollowerInfo.java:lambda$new$0(51)) - ef68bf2f-14be-4d5f-8c8b-17dd79c852c2@group-AEC151EC4700->3161767e-c286-4df4-9de4-b5ad5e977375: nextIndex: updateUnconditionally 0 -> 0
]]></system-out>
  </testcase>
</testsuite>