<?xml version="1.0" encoding="UTF-8"?>
<testsuite xmlns:xsi="http://www.w3.org/2001/XMLSchema-instance" xsi:noNamespaceSchemaLocation="https://maven.apache.org/surefire/maven-surefire-plugin/xsd/surefire-test-report.xsd" name="org.apache.hadoop.ozone.client.rpc.TestDeleteWithSlowFollower" time="140.236" tests="1" errors="0" skipped="0" failures="1">
  <properties>
    <property name="awt.toolkit" value="sun.awt.X11.XToolkit"/>
    <property name="file.encoding.pkg" value="sun.io"/>
    <property name="java.specification.version" value="1.8"/>
    <property name="sun.cpu.isalist" value=""/>
    <property name="sun.jnu.encoding" value="ANSI_X3.4-1968"/>
    <property name="java.class.path" value="/workdir/hadoop-ozone/integration-test/target/test-classes:/workdir/hadoop-ozone/integration-test/target/classes:/home/user/.m2/repository/org/apache/hadoop/hadoop-ozone-common/0.5.0-SNAPSHOT/hadoop-ozone-common-0.5.0-SNAPSHOT.jar:/home/user/.m2/repository/org/apache/commons/commons-compress/1.4.1/commons-compress-1.4.1.jar:/home/user/.m2/repository/org/tukaani/xz/1.0/xz-1.0.jar:/home/user/.m2/repository/org/apache/hadoop/hadoop-common/3.2.0/hadoop-common-3.2.0.jar:/home/user/.m2/repository/org/apache/hadoop/hadoop-hdfs/3.2.0/hadoop-hdfs-3.2.0.jar:/home/user/.m2/repository/org/apache/hadoop/hadoop-hdfs-client/3.2.0/hadoop-hdfs-client-3.2.0.jar:/home/user/.m2/repository/com/fasterxml/jackson/core/jackson-annotations/2.9.9/jackson-annotations-2.9.9.jar:/home/user/.m2/repository/org/apache/hadoop/hadoop-hdds-common/0.5.0-SNAPSHOT/hadoop-hdds-common-0.5.0-SNAPSHOT.jar:/home/user/.m2/repository/javax/annotation/javax.annotation-api/1.2/javax.annotation-api-1.2.jar:/home/user/.m2/repository/org/apache/ratis/ratis-server/0.5.0-3f446aa-SNAPSHOT/ratis-server-0.5.0-3f446aa-SNAPSHOT.jar:/home/user/.m2/repository/org/apache/ratis/ratis-thirdparty-misc/0.2.0/ratis-thirdparty-misc-0.2.0.jar:/home/user/.m2/repository/org/apache/ratis/ratis-proto/0.5.0-3f446aa-SNAPSHOT/ratis-proto-0.5.0-3f446aa-SNAPSHOT.jar:/home/user/.m2/repository/org/apache/ratis/ratis-common/0.5.0-3f446aa-SNAPSHOT/ratis-common-0.5.0-3f446aa-SNAPSHOT.jar:/home/user/.m2/repository/org/apache/ratis/ratis-client/0.5.0-3f446aa-SNAPSHOT/ratis-client-0.5.0-3f446aa-SNAPSHOT.jar:/home/user/.m2/repository/org/apache/ratis/ratis-metrics/0.5.0-3f446aa-SNAPSHOT/ratis-metrics-0.5.0-3f446aa-SNAPSHOT.jar:/home/user/.m2/repository/com/github/joshelser/dropwizard-metrics-hadoop-metrics2-reporter/0.1.2/dropwizard-metrics-hadoop-metrics2-reporter-0.1.2.jar:/home/user/.m2/repository/io/dropwizard/metrics/metrics-jvm/3.2.5/metrics-jvm-3.2.5.jar:/home/user/.m2/repository/io/dropwizard/metrics/metrics-ganglia/3.2.5/metrics-ganglia-3.2.5.jar:/home/user/.m2/repository/info/ganglia/gmetric4j/gmetric4j/1.0.7/gmetric4j-1.0.7.jar:/home/user/.m2/repository/org/apache/ratis/ratis-netty/0.5.0-3f446aa-SNAPSHOT/ratis-netty-0.5.0-3f446aa-SNAPSHOT.jar:/home/user/.m2/repository/org/apache/ratis/ratis-grpc/0.5.0-3f446aa-SNAPSHOT/ratis-grpc-0.5.0-3f446aa-SNAPSHOT.jar:/home/user/.m2/repository/org/rocksdb/rocksdbjni/6.0.1/rocksdbjni-6.0.1.jar:/home/user/.m2/repository/org/apache/logging/log4j/log4j-api/2.11.0/log4j-api-2.11.0.jar:/home/user/.m2/repository/org/apache/logging/log4j/log4j-core/2.11.0/log4j-core-2.11.0.jar:/home/user/.m2/repository/com/lmax/disruptor/3.4.2/disruptor-3.4.2.jar:/home/user/.m2/repository/org/apache/commons/commons-pool2/2.6.0/commons-pool2-2.6.0.jar:/home/user/.m2/repository/org/bouncycastle/bcpkix-jdk15on/1.60/bcpkix-jdk15on-1.60.jar:/home/user/.m2/repository/commons-validator/commons-validator/1.6/commons-validator-1.6.jar:/home/user/.m2/repository/commons-digester/commons-digester/1.8.1/commons-digester-1.8.1.jar:/home/user/.m2/repository/io/jaegertracing/jaeger-client/0.34.0/jaeger-client-0.34.0.jar:/home/user/.m2/repository/io/jaegertracing/jaeger-thrift/0.34.0/jaeger-thrift-0.34.0.jar:/home/user/.m2/repository/org/apache/thrift/libthrift/0.12.0/libthrift-0.12.0.jar:/home/user/.m2/repository/com/squareup/okhttp3/okhttp/3.9.0/okhttp-3.9.0.jar:/home/user/.m2/repository/com/squareup/okio/okio/1.13.0/okio-1.13.0.jar:/home/user/.m2/repository/io/jaegertracing/jaeger-core/0.34.0/jaeger-core-0.34.0.jar:/home/user/.m2/repository/io/jaegertracing/jaeger-tracerresolver/0.34.0/jaeger-tracerresolver-0.34.0.jar:/home/user/.m2/repository/io/opentracing/contrib/opentracing-tracerresolver/0.1.5/opentracing-tracerresolver-0.1.5.jar:/home/user/.m2/repository/io/opentracing/opentracing-util/0.31.0/opentracing-util-0.31.0.jar:/home/user/.m2/repository/io/opentracing/opentracing-api/0.31.0/opentracing-api-0.31.0.jar:/home/user/.m2/repository/io/opentracing/opentracing-noop/0.31.0/opentracing-noop-0.31.0.jar:/home/user/.m2/repository/org/apache/hadoop/hadoop-hdds-server-framework/0.5.0-SNAPSHOT/hadoop-hdds-server-framework-0.5.0-SNAPSHOT.jar:/home/user/.m2/repository/org/apache/hadoop/hadoop-hdds-container-service/0.5.0-SNAPSHOT/hadoop-hdds-container-service-0.5.0-SNAPSHOT.jar:/home/user/.m2/repository/org/apache/hadoop/hadoop-hdds-client/0.5.0-SNAPSHOT/hadoop-hdds-client-0.5.0-SNAPSHOT.jar:/home/user/.m2/repository/org/apache/hadoop/hadoop-hdds-tools/0.5.0-SNAPSHOT/hadoop-hdds-tools-0.5.0-SNAPSHOT.jar:/home/user/.m2/repository/org/apache/hadoop/hadoop-hdds-server-scm/0.5.0-SNAPSHOT/hadoop-hdds-server-scm-0.5.0-SNAPSHOT.jar:/home/user/.m2/repository/org/apache/hadoop/hadoop-hdds-docs/0.5.0-SNAPSHOT/hadoop-hdds-docs-0.5.0-SNAPSHOT.jar:/home/user/.m2/repository/io/dropwizard/metrics/metrics-core/3.2.4/metrics-core-3.2.4.jar:/home/user/.m2/repository/org/hamcrest/hamcrest-all/1.3/hamcrest-all-1.3.jar:/home/user/.m2/repository/org/bouncycastle/bcprov-jdk15on/1.60/bcprov-jdk15on-1.60.jar:/home/user/.m2/repository/info/picocli/picocli/3.9.6/picocli-3.9.6.jar:/home/user/.m2/repository/com/google/protobuf/protobuf-java/2.5.0/protobuf-java-2.5.0.jar:/home/user/.m2/repository/com/google/guava/guava/11.0.2/guava-11.0.2.jar:/home/user/.m2/repository/org/apache/hadoop/hadoop-ozone-ozone-manager/0.5.0-SNAPSHOT/hadoop-ozone-ozone-manager-0.5.0-SNAPSHOT.jar:/home/user/.m2/repository/org/apache/hadoop/hadoop-minikdc/3.2.0/hadoop-minikdc-3.2.0.jar:/home/user/.m2/repository/commons-io/commons-io/2.5/commons-io-2.5.jar:/home/user/.m2/repository/org/apache/kerby/kerb-simplekdc/1.0.1/kerb-simplekdc-1.0.1.jar:/home/user/.m2/repository/org/apache/kerby/kerb-client/1.0.1/kerb-client-1.0.1.jar:/home/user/.m2/repository/org/apache/kerby/kerby-config/1.0.1/kerby-config-1.0.1.jar:/home/user/.m2/repository/org/apache/kerby/kerb-core/1.0.1/kerb-core-1.0.1.jar:/home/user/.m2/repository/org/apache/kerby/kerby-pkix/1.0.1/kerby-pkix-1.0.1.jar:/home/user/.m2/repository/org/apache/kerby/kerby-asn1/1.0.1/kerby-asn1-1.0.1.jar:/home/user/.m2/repository/org/apache/kerby/kerby-util/1.0.1/kerby-util-1.0.1.jar:/home/user/.m2/repository/org/apache/kerby/kerb-common/1.0.1/kerb-common-1.0.1.jar:/home/user/.m2/repository/org/apache/kerby/kerb-crypto/1.0.1/kerb-crypto-1.0.1.jar:/home/user/.m2/repository/org/apache/kerby/kerb-util/1.0.1/kerb-util-1.0.1.jar:/home/user/.m2/repository/org/apache/kerby/token-provider/1.0.1/token-provider-1.0.1.jar:/home/user/.m2/repository/org/apache/kerby/kerb-admin/1.0.1/kerb-admin-1.0.1.jar:/home/user/.m2/repository/org/apache/kerby/kerb-server/1.0.1/kerb-server-1.0.1.jar:/home/user/.m2/repository/org/apache/kerby/kerb-identity/1.0.1/kerb-identity-1.0.1.jar:/home/user/.m2/repository/org/apache/kerby/kerby-xdr/1.0.1/kerby-xdr-1.0.1.jar:/home/user/.m2/repository/org/slf4j/slf4j-log4j12/1.7.25/slf4j-log4j12-1.7.25.jar:/home/user/.m2/repository/org/apache/hadoop/hadoop-ozone-s3gateway/0.5.0-SNAPSHOT/hadoop-ozone-s3gateway-0.5.0-SNAPSHOT.jar:/home/user/.m2/repository/org/jboss/weld/servlet/weld-servlet/2.4.7.Final/weld-servlet-2.4.7.Final.jar:/home/user/.m2/repository/org/glassfish/jersey/containers/jersey-container-servlet-core/2.27/jersey-container-servlet-core-2.27.jar:/home/user/.m2/repository/org/glassfish/hk2/external/javax.inject/2.5.0-b42/javax.inject-2.5.0-b42.jar:/home/user/.m2/repository/org/glassfish/jersey/core/jersey-common/2.27/jersey-common-2.27.jar:/home/user/.m2/repository/org/glassfish/hk2/osgi-resource-locator/1.0.1/osgi-resource-locator-1.0.1.jar:/home/user/.m2/repository/javax/ws/rs/javax.ws.rs-api/2.1/javax.ws.rs-api-2.1.jar:/home/user/.m2/repository/org/glassfish/jersey/ext/cdi/jersey-cdi1x/2.27/jersey-cdi1x-2.27.jar:/home/user/.m2/repository/org/glassfish/jersey/inject/jersey-hk2/2.27/jersey-hk2-2.27.jar:/home/user/.m2/repository/org/glassfish/hk2/hk2-locator/2.5.0-b42/hk2-locator-2.5.0-b42.jar:/home/user/.m2/repository/org/javassist/javassist/3.22.0-CR2/javassist-3.22.0-CR2.jar:/home/user/.m2/repository/org/glassfish/hk2/hk2-api/2.5.0/hk2-api-2.5.0.jar:/home/user/.m2/repository/org/glassfish/hk2/external/jakarta.inject/2.5.0/jakarta.inject-2.5.0.jar:/home/user/.m2/repository/org/glassfish/hk2/hk2-utils/2.5.0/hk2-utils-2.5.0.jar:/home/user/.m2/repository/jakarta/annotation/jakarta.annotation-api/1.3.4/jakarta.annotation-api-1.3.4.jar:/home/user/.m2/repository/org/glassfish/hk2/external/aopalliance-repackaged/2.5.0/aopalliance-repackaged-2.5.0.jar:/home/user/.m2/repository/com/fasterxml/jackson/dataformat/jackson-dataformat-xml/2.9.0/jackson-dataformat-xml-2.9.0.jar:/home/user/.m2/repository/com/fasterxml/jackson/core/jackson-core/2.9.9/jackson-core-2.9.9.jar:/home/user/.m2/repository/com/fasterxml/jackson/module/jackson-module-jaxb-annotations/2.9.9/jackson-module-jaxb-annotations-2.9.9.jar:/home/user/.m2/repository/javax/enterprise/cdi-api/1.2/cdi-api-1.2.jar:/home/user/.m2/repository/javax/el/javax.el-api/3.0.0/javax.el-api-3.0.0.jar:/home/user/.m2/repository/javax/interceptor/javax.interceptor-api/1.2/javax.interceptor-api-1.2.jar:/home/user/.m2/repository/javax/inject/javax.inject/1/javax.inject-1.jar:/home/user/.m2/repository/com/sun/xml/bind/jaxb-impl/2.3.0.1/jaxb-impl-2.3.0.1.jar:/home/user/.m2/repository/com/sun/xml/bind/jaxb-core/2.3.0.1/jaxb-core-2.3.0.1.jar:/home/user/.m2/repository/javax/xml/bind/jaxb-api/2.3.0/jaxb-api-2.3.0.jar:/home/user/.m2/repository/javax/activation/activation/1.1.1/activation-1.1.1.jar:/home/user/.m2/repository/org/apache/hadoop/hadoop-ozone-csi/0.5.0-SNAPSHOT/hadoop-ozone-csi-0.5.0-SNAPSHOT.jar:/home/user/.m2/repository/com/google/protobuf/protobuf-java-util/3.5.1/protobuf-java-util-3.5.1.jar:/home/user/.m2/repository/org/apache/hadoop/hadoop-hdds-config/0.5.0-SNAPSHOT/hadoop-hdds-config-0.5.0-SNAPSHOT.jar:/home/user/.m2/repository/io/grpc/grpc-netty/1.17.1/grpc-netty-1.17.1.jar:/home/user/.m2/repository/io/grpc/grpc-core/1.17.1/grpc-core-1.17.1.jar:/home/user/.m2/repository/io/grpc/grpc-context/1.17.1/grpc-context-1.17.1.jar:/home/user/.m2/repository/com/google/errorprone/error_prone_annotations/2.2.0/error_prone_annotations-2.2.0.jar:/home/user/.m2/repository/org/codehaus/mojo/animal-sniffer-annotations/1.17/animal-sniffer-annotations-1.17.jar:/home/user/.m2/repository/io/opencensus/opencensus-api/0.17.0/opencensus-api-0.17.0.jar:/home/user/.m2/repository/io/opencensus/opencensus-contrib-grpc-metrics/0.17.0/opencensus-contrib-grpc-metrics-0.17.0.jar:/home/user/.m2/repository/io/netty/netty-codec-http2/4.1.30.Final/netty-codec-http2-4.1.30.Final.jar:/home/user/.m2/repository/io/netty/netty-codec-http/4.1.30.Final/netty-codec-http-4.1.30.Final.jar:/home/user/.m2/repository/io/netty/netty-codec/4.1.30.Final/netty-codec-4.1.30.Final.jar:/home/user/.m2/repository/io/netty/netty-handler/4.1.30.Final/netty-handler-4.1.30.Final.jar:/home/user/.m2/repository/io/netty/netty-handler-proxy/4.1.30.Final/netty-handler-proxy-4.1.30.Final.jar:/home/user/.m2/repository/io/netty/netty-codec-socks/4.1.30.Final/netty-codec-socks-4.1.30.Final.jar:/home/user/.m2/repository/io/netty/netty-transport-native-epoll/4.1.30.Final/netty-transport-native-epoll-4.1.30.Final.jar:/home/user/.m2/repository/io/netty/netty-common/4.1.30.Final/netty-common-4.1.30.Final.jar:/home/user/.m2/repository/io/netty/netty-buffer/4.1.30.Final/netty-buffer-4.1.30.Final.jar:/home/user/.m2/repository/io/netty/netty-transport/4.1.30.Final/netty-transport-4.1.30.Final.jar:/home/user/.m2/repository/io/netty/netty-resolver/4.1.30.Final/netty-resolver-4.1.30.Final.jar:/home/user/.m2/repository/io/netty/netty-transport-native-unix-common/4.1.30.Final/netty-transport-native-unix-common-4.1.30.Final.jar:/home/user/.m2/repository/io/grpc/grpc-protobuf/1.17.1/grpc-protobuf-1.17.1.jar:/home/user/.m2/repository/com/google/api/grpc/proto-google-common-protos/1.0.0/proto-google-common-protos-1.0.0.jar:/home/user/.m2/repository/io/grpc/grpc-protobuf-lite/1.17.1/grpc-protobuf-lite-1.17.1.jar:/home/user/.m2/repository/io/grpc/grpc-stub/1.17.1/grpc-stub-1.17.1.jar:/home/user/.m2/repository/org/apache/hadoop/hadoop-ozone-recon/0.5.0-SNAPSHOT/hadoop-ozone-recon-0.5.0-SNAPSHOT.jar:/home/user/.m2/repository/org/apache/hadoop/hadoop-ozone-reconcodegen/0.5.0-SNAPSHOT/hadoop-ozone-reconcodegen-0.5.0-SNAPSHOT.jar:/home/user/.m2/repository/com/google/inject/extensions/guice-multibindings/4.0/guice-multibindings-4.0.jar:/home/user/.m2/repository/com/google/inject/guice/4.0/guice-4.0.jar:/home/user/.m2/repository/aopalliance/aopalliance/1.0/aopalliance-1.0.jar:/home/user/.m2/repository/com/google/inject/extensions/guice-servlet/4.0/guice-servlet-4.0.jar:/home/user/.m2/repository/org/glassfish/jersey/containers/jersey-container-servlet/2.27/jersey-container-servlet-2.27.jar:/home/user/.m2/repository/org/glassfish/hk2/guice-bridge/2.5.0/guice-bridge-2.5.0.jar:/home/user/.m2/repository/org/glassfish/jersey/core/jersey-server/2.27/jersey-server-2.27.jar:/home/user/.m2/repository/org/glassfish/jersey/core/jersey-client/2.27/jersey-client-2.27.jar:/home/user/.m2/repository/org/glassfish/jersey/media/jersey-media-jaxb/2.27/jersey-media-jaxb-2.27.jar:/home/user/.m2/repository/javax/validation/validation-api/1.1.0.Final/validation-api-1.1.0.Final.jar:/home/user/.m2/repository/org/glassfish/jersey/media/jersey-media-json-jackson/2.27/jersey-media-json-jackson-2.27.jar:/home/user/.m2/repository/org/glassfish/jersey/ext/jersey-entity-filtering/2.27/jersey-entity-filtering-2.27.jar:/home/user/.m2/repository/com/google/inject/extensions/guice-assistedinject/4.0/guice-assistedinject-4.0.jar:/home/user/.m2/repository/org/jooq/jooq/3.11.10/jooq-3.11.10.jar:/home/user/.m2/repository/org/jooq/jooq-meta/3.11.10/jooq-meta-3.11.10.jar:/home/user/.m2/repository/org/jooq/jooq-codegen/3.11.10/jooq-codegen-3.11.10.jar:/home/user/.m2/repository/com/jolbox/bonecp/0.8.0.RELEASE/bonecp-0.8.0.RELEASE.jar:/home/user/.m2/repository/org/xerial/sqlite-jdbc/3.25.2/sqlite-jdbc-3.25.2.jar:/home/user/.m2/repository/org/springframework/spring-jdbc/5.1.3.RELEASE/spring-jdbc-5.1.3.RELEASE.jar:/home/user/.m2/repository/org/springframework/spring-beans/5.1.3.RELEASE/spring-beans-5.1.3.RELEASE.jar:/home/user/.m2/repository/org/springframework/spring-core/5.1.3.RELEASE/spring-core-5.1.3.RELEASE.jar:/home/user/.m2/repository/org/springframework/spring-jcl/5.1.3.RELEASE/spring-jcl-5.1.3.RELEASE.jar:/home/user/.m2/repository/org/springframework/spring-tx/5.1.3.RELEASE/spring-tx-5.1.3.RELEASE.jar:/home/user/.m2/repository/org/apache/hadoop/hadoop-ozone-client/0.5.0-SNAPSHOT/hadoop-ozone-client-0.5.0-SNAPSHOT.jar:/home/user/.m2/repository/commons-lang/commons-lang/2.6/commons-lang-2.6.jar:/home/user/.m2/repository/org/apache/hadoop/hadoop-ozone-ozone-manager/0.5.0-SNAPSHOT/hadoop-ozone-ozone-manager-0.5.0-SNAPSHOT-tests.jar:/home/user/.m2/repository/junit/junit/4.11/junit-4.11.jar:/home/user/.m2/repository/org/hamcrest/hamcrest-core/1.3/hamcrest-core-1.3.jar:/home/user/.m2/repository/org/openjdk/jmh/jmh-core/1.19/jmh-core-1.19.jar:/home/user/.m2/repository/net/sf/jopt-simple/jopt-simple/4.6/jopt-simple-4.6.jar:/home/user/.m2/repository/org/apache/commons/commons-math3/3.1.1/commons-math3-3.1.1.jar:/home/user/.m2/repository/org/openjdk/jmh/jmh-generator-annprocess/1.19/jmh-generator-annprocess-1.19.jar:/home/user/.m2/repository/org/mockito/mockito-all/1.8.5/mockito-all-1.8.5.jar:/home/user/.m2/repository/org/apache/hadoop/hadoop-kms/3.2.0/hadoop-kms-3.2.0.jar:/home/user/.m2/repository/org/apache/hadoop/hadoop-auth/3.2.0/hadoop-auth-3.2.0.jar:/home/user/.m2/repository/com/nimbusds/nimbus-jose-jwt/4.41.1/nimbus-jose-jwt-4.41.1.jar:/home/user/.m2/repository/com/github/stephenc/jcip/jcip-annotations/1.0-1/jcip-annotations-1.0-1.jar:/home/user/.m2/repository/net/minidev/json-smart/2.3/json-smart-2.3.jar:/home/user/.m2/repository/net/minidev/accessors-smart/1.2/accessors-smart-1.2.jar:/home/user/.m2/repository/org/ow2/asm/asm/5.0.4/asm-5.0.4.jar:/home/user/.m2/repository/org/apache/curator/curator-framework/2.12.0/curator-framework-2.12.0.jar:/home/user/.m2/repository/com/sun/jersey/jersey-core/1.19/jersey-core-1.19.jar:/home/user/.m2/repository/javax/ws/rs/jsr311-api/1.1.1/jsr311-api-1.1.1.jar:/home/user/.m2/repository/com/sun/jersey/jersey-server/1.19/jersey-server-1.19.jar:/home/user/.m2/repository/javax/servlet/javax.servlet-api/3.1.0/javax.servlet-api-3.1.0.jar:/home/user/.m2/repository/org/eclipse/jetty/jetty-server/9.3.25.v20180904/jetty-server-9.3.25.v20180904.jar:/home/user/.m2/repository/org/eclipse/jetty/jetty-http/9.3.25.v20180904/jetty-http-9.3.25.v20180904.jar:/home/user/.m2/repository/org/eclipse/jetty/jetty-io/9.3.25.v20180904/jetty-io-9.3.25.v20180904.jar:/home/user/.m2/repository/org/eclipse/jetty/jetty-webapp/9.3.25.v20180904/jetty-webapp-9.3.25.v20180904.jar:/home/user/.m2/repository/org/eclipse/jetty/jetty-xml/9.3.25.v20180904/jetty-xml-9.3.25.v20180904.jar:/home/user/.m2/repository/log4j/log4j/1.2.17/log4j-1.2.17.jar:/home/user/.m2/repository/org/slf4j/slf4j-api/1.7.25/slf4j-api-1.7.25.jar:/home/user/.m2/repository/org/slf4j/jul-to-slf4j/1.7.25/jul-to-slf4j-1.7.25.jar:/home/user/.m2/repository/org/eclipse/jetty/jetty-util/9.3.25.v20180904/jetty-util-9.3.25.v20180904.jar:/home/user/.m2/repository/com/fasterxml/jackson/core/jackson-databind/2.9.9/jackson-databind-2.9.9.jar:/home/user/.m2/repository/org/apache/hadoop/hadoop-kms/3.2.0/hadoop-kms-3.2.0-tests.jar:/home/user/.m2/repository/org/apache/hadoop/hadoop-hdds-server-scm/0.5.0-SNAPSHOT/hadoop-hdds-server-scm-0.5.0-SNAPSHOT-tests.jar:/home/user/.m2/repository/org/apache/hadoop/hadoop-hdds-container-service/0.5.0-SNAPSHOT/hadoop-hdds-container-service-0.5.0-SNAPSHOT-tests.jar:/home/user/.m2/repository/org/yaml/snakeyaml/1.16/snakeyaml-1.16.jar:/home/user/.m2/repository/org/apache/hadoop/hadoop-common/3.2.0/hadoop-common-3.2.0-tests.jar:/home/user/.m2/repository/org/apache/hadoop/hadoop-annotations/3.2.0/hadoop-annotations-3.2.0.jar:/usr/lib/jvm/java-1.8.0-openjdk-1.8.0.222.b10-1.el7_7.x86_64/jre/../lib/tools.jar:/home/user/.m2/repository/commons-cli/commons-cli/1.2/commons-cli-1.2.jar:/home/user/.m2/repository/org/apache/httpcomponents/httpclient/4.5.2/httpclient-4.5.2.jar:/home/user/.m2/repository/org/apache/httpcomponents/httpcore/4.4.4/httpcore-4.4.4.jar:/home/user/.m2/repository/commons-codec/commons-codec/1.11/commons-codec-1.11.jar:/home/user/.m2/repository/commons-net/commons-net/3.6/commons-net-3.6.jar:/home/user/.m2/repository/commons-collections/commons-collections/3.2.2/commons-collections-3.2.2.jar:/home/user/.m2/repository/org/eclipse/jetty/jetty-servlet/9.3.25.v20180904/jetty-servlet-9.3.25.v20180904.jar:/home/user/.m2/repository/org/eclipse/jetty/jetty-security/9.3.25.v20180904/jetty-security-9.3.25.v20180904.jar:/home/user/.m2/repository/javax/servlet/jsp/jsp-api/2.1/jsp-api-2.1.jar:/home/user/.m2/repository/com/sun/jersey/jersey-servlet/1.19/jersey-servlet-1.19.jar:/home/user/.m2/repository/com/sun/jersey/jersey-json/1.19/jersey-json-1.19.jar:/home/user/.m2/repository/org/codehaus/jettison/jettison/1.1/jettison-1.1.jar:/home/user/.m2/repository/org/codehaus/jackson/jackson-core-asl/1.9.13/jackson-core-asl-1.9.13.jar:/home/user/.m2/repository/org/codehaus/jackson/jackson-mapper-asl/1.9.13/jackson-mapper-asl-1.9.13.jar:/home/user/.m2/repository/org/codehaus/jackson/jackson-jaxrs/1.9.13/jackson-jaxrs-1.9.13.jar:/home/user/.m2/repository/org/codehaus/jackson/jackson-xc/1.9.13/jackson-xc-1.9.13.jar:/home/user/.m2/repository/commons-logging/commons-logging/1.1.3/commons-logging-1.1.3.jar:/home/user/.m2/repository/commons-beanutils/commons-beanutils/1.9.4/commons-beanutils-1.9.4.jar:/home/user/.m2/repository/org/apache/commons/commons-configuration2/2.1.1/commons-configuration2-2.1.1.jar:/home/user/.m2/repository/org/apache/commons/commons-lang3/3.7/commons-lang3-3.7.jar:/home/user/.m2/repository/org/apache/commons/commons-text/1.4/commons-text-1.4.jar:/home/user/.m2/repository/org/apache/avro/avro/1.7.7/avro-1.7.7.jar:/home/user/.m2/repository/com/thoughtworks/paranamer/paranamer/2.3/paranamer-2.3.jar:/home/user/.m2/repository/org/xerial/snappy/snappy-java/1.0.5/snappy-java-1.0.5.jar:/home/user/.m2/repository/com/google/re2j/re2j/1.1/re2j-1.1.jar:/home/user/.m2/repository/com/google/code/gson/gson/2.2.4/gson-2.2.4.jar:/home/user/.m2/repository/com/jcraft/jsch/0.1.54/jsch-0.1.54.jar:/home/user/.m2/repository/org/apache/curator/curator-client/2.12.0/curator-client-2.12.0.jar:/home/user/.m2/repository/org/apache/curator/curator-recipes/2.12.0/curator-recipes-2.12.0.jar:/home/user/.m2/repository/com/google/code/findbugs/jsr305/3.0.0/jsr305-3.0.0.jar:/home/user/.m2/repository/org/apache/htrace/htrace-core4/4.1.0-incubating/htrace-core4-4.1.0-incubating.jar:/home/user/.m2/repository/org/apache/zookeeper/zookeeper/3.4.13/zookeeper-3.4.13.jar:/home/user/.m2/repository/jline/jline/0.9.94/jline-0.9.94.jar:/home/user/.m2/repository/org/apache/yetus/audience-annotations/0.5.0/audience-annotations-0.5.0.jar:/home/user/.m2/repository/org/codehaus/woodstox/stax2-api/3.1.4/stax2-api-3.1.4.jar:/home/user/.m2/repository/com/fasterxml/woodstox/woodstox-core/5.0.3/woodstox-core-5.0.3.jar:/home/user/.m2/repository/dnsjava/dnsjava/2.1.7/dnsjava-2.1.7.jar:/home/user/.m2/repository/org/apache/hadoop/hadoop-hdfs/3.2.0/hadoop-hdfs-3.2.0-tests.jar:/home/user/.m2/repository/org/eclipse/jetty/jetty-util-ajax/9.3.25.v20180904/jetty-util-ajax-9.3.25.v20180904.jar:/home/user/.m2/repository/commons-daemon/commons-daemon/1.0.13/commons-daemon-1.0.13.jar:/home/user/.m2/repository/io/netty/netty/3.10.5.Final/netty-3.10.5.Final.jar:/home/user/.m2/repository/io/netty/netty-all/4.0.52.Final/netty-all-4.0.52.Final.jar:/home/user/.m2/repository/org/fusesource/leveldbjni/leveldbjni-all/1.8/leveldbjni-all-1.8.jar:"/>
    <property name="java.vm.vendor" value="Oracle Corporation"/>
    <property name="sun.arch.data.model" value="64"/>
    <property name="test.build.dir" value="/workdir/hadoop-ozone/integration-test/target/test-dir"/>
    <property name="test.cache.data" value=""/>
    <property name="java.vendor.url" value="http://java.oracle.com/"/>
    <property name="user.timezone" value=""/>
    <property name="java.vm.specification.version" value="1.8"/>
    <property name="os.name" value="Linux"/>
    <property name="test.build.data" value="/workdir/hadoop-ozone/integration-test/target/test-dir"/>
    <property name="user.country" value="US"/>
    <property name="sun.java.launcher" value="SUN_STANDARD"/>
    <property name="sun.boot.library.path" value="/usr/lib/jvm/java-1.8.0-openjdk-1.8.0.222.b10-1.el7_7.x86_64/jre/lib/amd64"/>
    <property name="sun.java.command" value="/workdir/hadoop-ozone/integration-test/target/surefire/surefirebooter8463780496083838668.jar /workdir/hadoop-ozone/integration-test/target/surefire 2019-10-21T07-17-19_984-jvmRun1 surefire8112035793974076023tmp surefire_427259718439262295655tmp"/>
    <property name="surefire.test.class.path" value="/workdir/hadoop-ozone/integration-test/target/test-classes:/workdir/hadoop-ozone/integration-test/target/classes:/home/user/.m2/repository/org/apache/hadoop/hadoop-ozone-common/0.5.0-SNAPSHOT/hadoop-ozone-common-0.5.0-SNAPSHOT.jar:/home/user/.m2/repository/org/apache/commons/commons-compress/1.4.1/commons-compress-1.4.1.jar:/home/user/.m2/repository/org/tukaani/xz/1.0/xz-1.0.jar:/home/user/.m2/repository/org/apache/hadoop/hadoop-common/3.2.0/hadoop-common-3.2.0.jar:/home/user/.m2/repository/org/apache/hadoop/hadoop-hdfs/3.2.0/hadoop-hdfs-3.2.0.jar:/home/user/.m2/repository/org/apache/hadoop/hadoop-hdfs-client/3.2.0/hadoop-hdfs-client-3.2.0.jar:/home/user/.m2/repository/com/fasterxml/jackson/core/jackson-annotations/2.9.9/jackson-annotations-2.9.9.jar:/home/user/.m2/repository/org/apache/hadoop/hadoop-hdds-common/0.5.0-SNAPSHOT/hadoop-hdds-common-0.5.0-SNAPSHOT.jar:/home/user/.m2/repository/javax/annotation/javax.annotation-api/1.2/javax.annotation-api-1.2.jar:/home/user/.m2/repository/org/apache/ratis/ratis-server/0.5.0-3f446aa-SNAPSHOT/ratis-server-0.5.0-3f446aa-SNAPSHOT.jar:/home/user/.m2/repository/org/apache/ratis/ratis-thirdparty-misc/0.2.0/ratis-thirdparty-misc-0.2.0.jar:/home/user/.m2/repository/org/apache/ratis/ratis-proto/0.5.0-3f446aa-SNAPSHOT/ratis-proto-0.5.0-3f446aa-SNAPSHOT.jar:/home/user/.m2/repository/org/apache/ratis/ratis-common/0.5.0-3f446aa-SNAPSHOT/ratis-common-0.5.0-3f446aa-SNAPSHOT.jar:/home/user/.m2/repository/org/apache/ratis/ratis-client/0.5.0-3f446aa-SNAPSHOT/ratis-client-0.5.0-3f446aa-SNAPSHOT.jar:/home/user/.m2/repository/org/apache/ratis/ratis-metrics/0.5.0-3f446aa-SNAPSHOT/ratis-metrics-0.5.0-3f446aa-SNAPSHOT.jar:/home/user/.m2/repository/com/github/joshelser/dropwizard-metrics-hadoop-metrics2-reporter/0.1.2/dropwizard-metrics-hadoop-metrics2-reporter-0.1.2.jar:/home/user/.m2/repository/io/dropwizard/metrics/metrics-jvm/3.2.5/metrics-jvm-3.2.5.jar:/home/user/.m2/repository/io/dropwizard/metrics/metrics-ganglia/3.2.5/metrics-ganglia-3.2.5.jar:/home/user/.m2/repository/info/ganglia/gmetric4j/gmetric4j/1.0.7/gmetric4j-1.0.7.jar:/home/user/.m2/repository/org/apache/ratis/ratis-netty/0.5.0-3f446aa-SNAPSHOT/ratis-netty-0.5.0-3f446aa-SNAPSHOT.jar:/home/user/.m2/repository/org/apache/ratis/ratis-grpc/0.5.0-3f446aa-SNAPSHOT/ratis-grpc-0.5.0-3f446aa-SNAPSHOT.jar:/home/user/.m2/repository/org/rocksdb/rocksdbjni/6.0.1/rocksdbjni-6.0.1.jar:/home/user/.m2/repository/org/apache/logging/log4j/log4j-api/2.11.0/log4j-api-2.11.0.jar:/home/user/.m2/repository/org/apache/logging/log4j/log4j-core/2.11.0/log4j-core-2.11.0.jar:/home/user/.m2/repository/com/lmax/disruptor/3.4.2/disruptor-3.4.2.jar:/home/user/.m2/repository/org/apache/commons/commons-pool2/2.6.0/commons-pool2-2.6.0.jar:/home/user/.m2/repository/org/bouncycastle/bcpkix-jdk15on/1.60/bcpkix-jdk15on-1.60.jar:/home/user/.m2/repository/commons-validator/commons-validator/1.6/commons-validator-1.6.jar:/home/user/.m2/repository/commons-digester/commons-digester/1.8.1/commons-digester-1.8.1.jar:/home/user/.m2/repository/io/jaegertracing/jaeger-client/0.34.0/jaeger-client-0.34.0.jar:/home/user/.m2/repository/io/jaegertracing/jaeger-thrift/0.34.0/jaeger-thrift-0.34.0.jar:/home/user/.m2/repository/org/apache/thrift/libthrift/0.12.0/libthrift-0.12.0.jar:/home/user/.m2/repository/com/squareup/okhttp3/okhttp/3.9.0/okhttp-3.9.0.jar:/home/user/.m2/repository/com/squareup/okio/okio/1.13.0/okio-1.13.0.jar:/home/user/.m2/repository/io/jaegertracing/jaeger-core/0.34.0/jaeger-core-0.34.0.jar:/home/user/.m2/repository/io/jaegertracing/jaeger-tracerresolver/0.34.0/jaeger-tracerresolver-0.34.0.jar:/home/user/.m2/repository/io/opentracing/contrib/opentracing-tracerresolver/0.1.5/opentracing-tracerresolver-0.1.5.jar:/home/user/.m2/repository/io/opentracing/opentracing-util/0.31.0/opentracing-util-0.31.0.jar:/home/user/.m2/repository/io/opentracing/opentracing-api/0.31.0/opentracing-api-0.31.0.jar:/home/user/.m2/repository/io/opentracing/opentracing-noop/0.31.0/opentracing-noop-0.31.0.jar:/home/user/.m2/repository/org/apache/hadoop/hadoop-hdds-server-framework/0.5.0-SNAPSHOT/hadoop-hdds-server-framework-0.5.0-SNAPSHOT.jar:/home/user/.m2/repository/org/apache/hadoop/hadoop-hdds-container-service/0.5.0-SNAPSHOT/hadoop-hdds-container-service-0.5.0-SNAPSHOT.jar:/home/user/.m2/repository/org/apache/hadoop/hadoop-hdds-client/0.5.0-SNAPSHOT/hadoop-hdds-client-0.5.0-SNAPSHOT.jar:/home/user/.m2/repository/org/apache/hadoop/hadoop-hdds-tools/0.5.0-SNAPSHOT/hadoop-hdds-tools-0.5.0-SNAPSHOT.jar:/home/user/.m2/repository/org/apache/hadoop/hadoop-hdds-server-scm/0.5.0-SNAPSHOT/hadoop-hdds-server-scm-0.5.0-SNAPSHOT.jar:/home/user/.m2/repository/org/apache/hadoop/hadoop-hdds-docs/0.5.0-SNAPSHOT/hadoop-hdds-docs-0.5.0-SNAPSHOT.jar:/home/user/.m2/repository/io/dropwizard/metrics/metrics-core/3.2.4/metrics-core-3.2.4.jar:/home/user/.m2/repository/org/hamcrest/hamcrest-all/1.3/hamcrest-all-1.3.jar:/home/user/.m2/repository/org/bouncycastle/bcprov-jdk15on/1.60/bcprov-jdk15on-1.60.jar:/home/user/.m2/repository/info/picocli/picocli/3.9.6/picocli-3.9.6.jar:/home/user/.m2/repository/com/google/protobuf/protobuf-java/2.5.0/protobuf-java-2.5.0.jar:/home/user/.m2/repository/com/google/guava/guava/11.0.2/guava-11.0.2.jar:/home/user/.m2/repository/org/apache/hadoop/hadoop-ozone-ozone-manager/0.5.0-SNAPSHOT/hadoop-ozone-ozone-manager-0.5.0-SNAPSHOT.jar:/home/user/.m2/repository/org/apache/hadoop/hadoop-minikdc/3.2.0/hadoop-minikdc-3.2.0.jar:/home/user/.m2/repository/commons-io/commons-io/2.5/commons-io-2.5.jar:/home/user/.m2/repository/org/apache/kerby/kerb-simplekdc/1.0.1/kerb-simplekdc-1.0.1.jar:/home/user/.m2/repository/org/apache/kerby/kerb-client/1.0.1/kerb-client-1.0.1.jar:/home/user/.m2/repository/org/apache/kerby/kerby-config/1.0.1/kerby-config-1.0.1.jar:/home/user/.m2/repository/org/apache/kerby/kerb-core/1.0.1/kerb-core-1.0.1.jar:/home/user/.m2/repository/org/apache/kerby/kerby-pkix/1.0.1/kerby-pkix-1.0.1.jar:/home/user/.m2/repository/org/apache/kerby/kerby-asn1/1.0.1/kerby-asn1-1.0.1.jar:/home/user/.m2/repository/org/apache/kerby/kerby-util/1.0.1/kerby-util-1.0.1.jar:/home/user/.m2/repository/org/apache/kerby/kerb-common/1.0.1/kerb-common-1.0.1.jar:/home/user/.m2/repository/org/apache/kerby/kerb-crypto/1.0.1/kerb-crypto-1.0.1.jar:/home/user/.m2/repository/org/apache/kerby/kerb-util/1.0.1/kerb-util-1.0.1.jar:/home/user/.m2/repository/org/apache/kerby/token-provider/1.0.1/token-provider-1.0.1.jar:/home/user/.m2/repository/org/apache/kerby/kerb-admin/1.0.1/kerb-admin-1.0.1.jar:/home/user/.m2/repository/org/apache/kerby/kerb-server/1.0.1/kerb-server-1.0.1.jar:/home/user/.m2/repository/org/apache/kerby/kerb-identity/1.0.1/kerb-identity-1.0.1.jar:/home/user/.m2/repository/org/apache/kerby/kerby-xdr/1.0.1/kerby-xdr-1.0.1.jar:/home/user/.m2/repository/org/slf4j/slf4j-log4j12/1.7.25/slf4j-log4j12-1.7.25.jar:/home/user/.m2/repository/org/apache/hadoop/hadoop-ozone-s3gateway/0.5.0-SNAPSHOT/hadoop-ozone-s3gateway-0.5.0-SNAPSHOT.jar:/home/user/.m2/repository/org/jboss/weld/servlet/weld-servlet/2.4.7.Final/weld-servlet-2.4.7.Final.jar:/home/user/.m2/repository/org/glassfish/jersey/containers/jersey-container-servlet-core/2.27/jersey-container-servlet-core-2.27.jar:/home/user/.m2/repository/org/glassfish/hk2/external/javax.inject/2.5.0-b42/javax.inject-2.5.0-b42.jar:/home/user/.m2/repository/org/glassfish/jersey/core/jersey-common/2.27/jersey-common-2.27.jar:/home/user/.m2/repository/org/glassfish/hk2/osgi-resource-locator/1.0.1/osgi-resource-locator-1.0.1.jar:/home/user/.m2/repository/javax/ws/rs/javax.ws.rs-api/2.1/javax.ws.rs-api-2.1.jar:/home/user/.m2/repository/org/glassfish/jersey/ext/cdi/jersey-cdi1x/2.27/jersey-cdi1x-2.27.jar:/home/user/.m2/repository/org/glassfish/jersey/inject/jersey-hk2/2.27/jersey-hk2-2.27.jar:/home/user/.m2/repository/org/glassfish/hk2/hk2-locator/2.5.0-b42/hk2-locator-2.5.0-b42.jar:/home/user/.m2/repository/org/javassist/javassist/3.22.0-CR2/javassist-3.22.0-CR2.jar:/home/user/.m2/repository/org/glassfish/hk2/hk2-api/2.5.0/hk2-api-2.5.0.jar:/home/user/.m2/repository/org/glassfish/hk2/external/jakarta.inject/2.5.0/jakarta.inject-2.5.0.jar:/home/user/.m2/repository/org/glassfish/hk2/hk2-utils/2.5.0/hk2-utils-2.5.0.jar:/home/user/.m2/repository/jakarta/annotation/jakarta.annotation-api/1.3.4/jakarta.annotation-api-1.3.4.jar:/home/user/.m2/repository/org/glassfish/hk2/external/aopalliance-repackaged/2.5.0/aopalliance-repackaged-2.5.0.jar:/home/user/.m2/repository/com/fasterxml/jackson/dataformat/jackson-dataformat-xml/2.9.0/jackson-dataformat-xml-2.9.0.jar:/home/user/.m2/repository/com/fasterxml/jackson/core/jackson-core/2.9.9/jackson-core-2.9.9.jar:/home/user/.m2/repository/com/fasterxml/jackson/module/jackson-module-jaxb-annotations/2.9.9/jackson-module-jaxb-annotations-2.9.9.jar:/home/user/.m2/repository/javax/enterprise/cdi-api/1.2/cdi-api-1.2.jar:/home/user/.m2/repository/javax/el/javax.el-api/3.0.0/javax.el-api-3.0.0.jar:/home/user/.m2/repository/javax/interceptor/javax.interceptor-api/1.2/javax.interceptor-api-1.2.jar:/home/user/.m2/repository/javax/inject/javax.inject/1/javax.inject-1.jar:/home/user/.m2/repository/com/sun/xml/bind/jaxb-impl/2.3.0.1/jaxb-impl-2.3.0.1.jar:/home/user/.m2/repository/com/sun/xml/bind/jaxb-core/2.3.0.1/jaxb-core-2.3.0.1.jar:/home/user/.m2/repository/javax/xml/bind/jaxb-api/2.3.0/jaxb-api-2.3.0.jar:/home/user/.m2/repository/javax/activation/activation/1.1.1/activation-1.1.1.jar:/home/user/.m2/repository/org/apache/hadoop/hadoop-ozone-csi/0.5.0-SNAPSHOT/hadoop-ozone-csi-0.5.0-SNAPSHOT.jar:/home/user/.m2/repository/com/google/protobuf/protobuf-java-util/3.5.1/protobuf-java-util-3.5.1.jar:/home/user/.m2/repository/org/apache/hadoop/hadoop-hdds-config/0.5.0-SNAPSHOT/hadoop-hdds-config-0.5.0-SNAPSHOT.jar:/home/user/.m2/repository/io/grpc/grpc-netty/1.17.1/grpc-netty-1.17.1.jar:/home/user/.m2/repository/io/grpc/grpc-core/1.17.1/grpc-core-1.17.1.jar:/home/user/.m2/repository/io/grpc/grpc-context/1.17.1/grpc-context-1.17.1.jar:/home/user/.m2/repository/com/google/errorprone/error_prone_annotations/2.2.0/error_prone_annotations-2.2.0.jar:/home/user/.m2/repository/org/codehaus/mojo/animal-sniffer-annotations/1.17/animal-sniffer-annotations-1.17.jar:/home/user/.m2/repository/io/opencensus/opencensus-api/0.17.0/opencensus-api-0.17.0.jar:/home/user/.m2/repository/io/opencensus/opencensus-contrib-grpc-metrics/0.17.0/opencensus-contrib-grpc-metrics-0.17.0.jar:/home/user/.m2/repository/io/netty/netty-codec-http2/4.1.30.Final/netty-codec-http2-4.1.30.Final.jar:/home/user/.m2/repository/io/netty/netty-codec-http/4.1.30.Final/netty-codec-http-4.1.30.Final.jar:/home/user/.m2/repository/io/netty/netty-codec/4.1.30.Final/netty-codec-4.1.30.Final.jar:/home/user/.m2/repository/io/netty/netty-handler/4.1.30.Final/netty-handler-4.1.30.Final.jar:/home/user/.m2/repository/io/netty/netty-handler-proxy/4.1.30.Final/netty-handler-proxy-4.1.30.Final.jar:/home/user/.m2/repository/io/netty/netty-codec-socks/4.1.30.Final/netty-codec-socks-4.1.30.Final.jar:/home/user/.m2/repository/io/netty/netty-transport-native-epoll/4.1.30.Final/netty-transport-native-epoll-4.1.30.Final.jar:/home/user/.m2/repository/io/netty/netty-common/4.1.30.Final/netty-common-4.1.30.Final.jar:/home/user/.m2/repository/io/netty/netty-buffer/4.1.30.Final/netty-buffer-4.1.30.Final.jar:/home/user/.m2/repository/io/netty/netty-transport/4.1.30.Final/netty-transport-4.1.30.Final.jar:/home/user/.m2/repository/io/netty/netty-resolver/4.1.30.Final/netty-resolver-4.1.30.Final.jar:/home/user/.m2/repository/io/netty/netty-transport-native-unix-common/4.1.30.Final/netty-transport-native-unix-common-4.1.30.Final.jar:/home/user/.m2/repository/io/grpc/grpc-protobuf/1.17.1/grpc-protobuf-1.17.1.jar:/home/user/.m2/repository/com/google/api/grpc/proto-google-common-protos/1.0.0/proto-google-common-protos-1.0.0.jar:/home/user/.m2/repository/io/grpc/grpc-protobuf-lite/1.17.1/grpc-protobuf-lite-1.17.1.jar:/home/user/.m2/repository/io/grpc/grpc-stub/1.17.1/grpc-stub-1.17.1.jar:/home/user/.m2/repository/org/apache/hadoop/hadoop-ozone-recon/0.5.0-SNAPSHOT/hadoop-ozone-recon-0.5.0-SNAPSHOT.jar:/home/user/.m2/repository/org/apache/hadoop/hadoop-ozone-reconcodegen/0.5.0-SNAPSHOT/hadoop-ozone-reconcodegen-0.5.0-SNAPSHOT.jar:/home/user/.m2/repository/com/google/inject/extensions/guice-multibindings/4.0/guice-multibindings-4.0.jar:/home/user/.m2/repository/com/google/inject/guice/4.0/guice-4.0.jar:/home/user/.m2/repository/aopalliance/aopalliance/1.0/aopalliance-1.0.jar:/home/user/.m2/repository/com/google/inject/extensions/guice-servlet/4.0/guice-servlet-4.0.jar:/home/user/.m2/repository/org/glassfish/jersey/containers/jersey-container-servlet/2.27/jersey-container-servlet-2.27.jar:/home/user/.m2/repository/org/glassfish/hk2/guice-bridge/2.5.0/guice-bridge-2.5.0.jar:/home/user/.m2/repository/org/glassfish/jersey/core/jersey-server/2.27/jersey-server-2.27.jar:/home/user/.m2/repository/org/glassfish/jersey/core/jersey-client/2.27/jersey-client-2.27.jar:/home/user/.m2/repository/org/glassfish/jersey/media/jersey-media-jaxb/2.27/jersey-media-jaxb-2.27.jar:/home/user/.m2/repository/javax/validation/validation-api/1.1.0.Final/validation-api-1.1.0.Final.jar:/home/user/.m2/repository/org/glassfish/jersey/media/jersey-media-json-jackson/2.27/jersey-media-json-jackson-2.27.jar:/home/user/.m2/repository/org/glassfish/jersey/ext/jersey-entity-filtering/2.27/jersey-entity-filtering-2.27.jar:/home/user/.m2/repository/com/google/inject/extensions/guice-assistedinject/4.0/guice-assistedinject-4.0.jar:/home/user/.m2/repository/org/jooq/jooq/3.11.10/jooq-3.11.10.jar:/home/user/.m2/repository/org/jooq/jooq-meta/3.11.10/jooq-meta-3.11.10.jar:/home/user/.m2/repository/org/jooq/jooq-codegen/3.11.10/jooq-codegen-3.11.10.jar:/home/user/.m2/repository/com/jolbox/bonecp/0.8.0.RELEASE/bonecp-0.8.0.RELEASE.jar:/home/user/.m2/repository/org/xerial/sqlite-jdbc/3.25.2/sqlite-jdbc-3.25.2.jar:/home/user/.m2/repository/org/springframework/spring-jdbc/5.1.3.RELEASE/spring-jdbc-5.1.3.RELEASE.jar:/home/user/.m2/repository/org/springframework/spring-beans/5.1.3.RELEASE/spring-beans-5.1.3.RELEASE.jar:/home/user/.m2/repository/org/springframework/spring-core/5.1.3.RELEASE/spring-core-5.1.3.RELEASE.jar:/home/user/.m2/repository/org/springframework/spring-jcl/5.1.3.RELEASE/spring-jcl-5.1.3.RELEASE.jar:/home/user/.m2/repository/org/springframework/spring-tx/5.1.3.RELEASE/spring-tx-5.1.3.RELEASE.jar:/home/user/.m2/repository/org/apache/hadoop/hadoop-ozone-client/0.5.0-SNAPSHOT/hadoop-ozone-client-0.5.0-SNAPSHOT.jar:/home/user/.m2/repository/commons-lang/commons-lang/2.6/commons-lang-2.6.jar:/home/user/.m2/repository/org/apache/hadoop/hadoop-ozone-ozone-manager/0.5.0-SNAPSHOT/hadoop-ozone-ozone-manager-0.5.0-SNAPSHOT-tests.jar:/home/user/.m2/repository/junit/junit/4.11/junit-4.11.jar:/home/user/.m2/repository/org/hamcrest/hamcrest-core/1.3/hamcrest-core-1.3.jar:/home/user/.m2/repository/org/openjdk/jmh/jmh-core/1.19/jmh-core-1.19.jar:/home/user/.m2/repository/net/sf/jopt-simple/jopt-simple/4.6/jopt-simple-4.6.jar:/home/user/.m2/repository/org/apache/commons/commons-math3/3.1.1/commons-math3-3.1.1.jar:/home/user/.m2/repository/org/openjdk/jmh/jmh-generator-annprocess/1.19/jmh-generator-annprocess-1.19.jar:/home/user/.m2/repository/org/mockito/mockito-all/1.8.5/mockito-all-1.8.5.jar:/home/user/.m2/repository/org/apache/hadoop/hadoop-kms/3.2.0/hadoop-kms-3.2.0.jar:/home/user/.m2/repository/org/apache/hadoop/hadoop-auth/3.2.0/hadoop-auth-3.2.0.jar:/home/user/.m2/repository/com/nimbusds/nimbus-jose-jwt/4.41.1/nimbus-jose-jwt-4.41.1.jar:/home/user/.m2/repository/com/github/stephenc/jcip/jcip-annotations/1.0-1/jcip-annotations-1.0-1.jar:/home/user/.m2/repository/net/minidev/json-smart/2.3/json-smart-2.3.jar:/home/user/.m2/repository/net/minidev/accessors-smart/1.2/accessors-smart-1.2.jar:/home/user/.m2/repository/org/ow2/asm/asm/5.0.4/asm-5.0.4.jar:/home/user/.m2/repository/org/apache/curator/curator-framework/2.12.0/curator-framework-2.12.0.jar:/home/user/.m2/repository/com/sun/jersey/jersey-core/1.19/jersey-core-1.19.jar:/home/user/.m2/repository/javax/ws/rs/jsr311-api/1.1.1/jsr311-api-1.1.1.jar:/home/user/.m2/repository/com/sun/jersey/jersey-server/1.19/jersey-server-1.19.jar:/home/user/.m2/repository/javax/servlet/javax.servlet-api/3.1.0/javax.servlet-api-3.1.0.jar:/home/user/.m2/repository/org/eclipse/jetty/jetty-server/9.3.25.v20180904/jetty-server-9.3.25.v20180904.jar:/home/user/.m2/repository/org/eclipse/jetty/jetty-http/9.3.25.v20180904/jetty-http-9.3.25.v20180904.jar:/home/user/.m2/repository/org/eclipse/jetty/jetty-io/9.3.25.v20180904/jetty-io-9.3.25.v20180904.jar:/home/user/.m2/repository/org/eclipse/jetty/jetty-webapp/9.3.25.v20180904/jetty-webapp-9.3.25.v20180904.jar:/home/user/.m2/repository/org/eclipse/jetty/jetty-xml/9.3.25.v20180904/jetty-xml-9.3.25.v20180904.jar:/home/user/.m2/repository/log4j/log4j/1.2.17/log4j-1.2.17.jar:/home/user/.m2/repository/org/slf4j/slf4j-api/1.7.25/slf4j-api-1.7.25.jar:/home/user/.m2/repository/org/slf4j/jul-to-slf4j/1.7.25/jul-to-slf4j-1.7.25.jar:/home/user/.m2/repository/org/eclipse/jetty/jetty-util/9.3.25.v20180904/jetty-util-9.3.25.v20180904.jar:/home/user/.m2/repository/com/fasterxml/jackson/core/jackson-databind/2.9.9/jackson-databind-2.9.9.jar:/home/user/.m2/repository/org/apache/hadoop/hadoop-kms/3.2.0/hadoop-kms-3.2.0-tests.jar:/home/user/.m2/repository/org/apache/hadoop/hadoop-hdds-server-scm/0.5.0-SNAPSHOT/hadoop-hdds-server-scm-0.5.0-SNAPSHOT-tests.jar:/home/user/.m2/repository/org/apache/hadoop/hadoop-hdds-container-service/0.5.0-SNAPSHOT/hadoop-hdds-container-service-0.5.0-SNAPSHOT-tests.jar:/home/user/.m2/repository/org/yaml/snakeyaml/1.16/snakeyaml-1.16.jar:/home/user/.m2/repository/org/apache/hadoop/hadoop-common/3.2.0/hadoop-common-3.2.0-tests.jar:/home/user/.m2/repository/org/apache/hadoop/hadoop-annotations/3.2.0/hadoop-annotations-3.2.0.jar:/usr/lib/jvm/java-1.8.0-openjdk-1.8.0.222.b10-1.el7_7.x86_64/jre/../lib/tools.jar:/home/user/.m2/repository/commons-cli/commons-cli/1.2/commons-cli-1.2.jar:/home/user/.m2/repository/org/apache/httpcomponents/httpclient/4.5.2/httpclient-4.5.2.jar:/home/user/.m2/repository/org/apache/httpcomponents/httpcore/4.4.4/httpcore-4.4.4.jar:/home/user/.m2/repository/commons-codec/commons-codec/1.11/commons-codec-1.11.jar:/home/user/.m2/repository/commons-net/commons-net/3.6/commons-net-3.6.jar:/home/user/.m2/repository/commons-collections/commons-collections/3.2.2/commons-collections-3.2.2.jar:/home/user/.m2/repository/org/eclipse/jetty/jetty-servlet/9.3.25.v20180904/jetty-servlet-9.3.25.v20180904.jar:/home/user/.m2/repository/org/eclipse/jetty/jetty-security/9.3.25.v20180904/jetty-security-9.3.25.v20180904.jar:/home/user/.m2/repository/javax/servlet/jsp/jsp-api/2.1/jsp-api-2.1.jar:/home/user/.m2/repository/com/sun/jersey/jersey-servlet/1.19/jersey-servlet-1.19.jar:/home/user/.m2/repository/com/sun/jersey/jersey-json/1.19/jersey-json-1.19.jar:/home/user/.m2/repository/org/codehaus/jettison/jettison/1.1/jettison-1.1.jar:/home/user/.m2/repository/org/codehaus/jackson/jackson-core-asl/1.9.13/jackson-core-asl-1.9.13.jar:/home/user/.m2/repository/org/codehaus/jackson/jackson-mapper-asl/1.9.13/jackson-mapper-asl-1.9.13.jar:/home/user/.m2/repository/org/codehaus/jackson/jackson-jaxrs/1.9.13/jackson-jaxrs-1.9.13.jar:/home/user/.m2/repository/org/codehaus/jackson/jackson-xc/1.9.13/jackson-xc-1.9.13.jar:/home/user/.m2/repository/commons-logging/commons-logging/1.1.3/commons-logging-1.1.3.jar:/home/user/.m2/repository/commons-beanutils/commons-beanutils/1.9.4/commons-beanutils-1.9.4.jar:/home/user/.m2/repository/org/apache/commons/commons-configuration2/2.1.1/commons-configuration2-2.1.1.jar:/home/user/.m2/repository/org/apache/commons/commons-lang3/3.7/commons-lang3-3.7.jar:/home/user/.m2/repository/org/apache/commons/commons-text/1.4/commons-text-1.4.jar:/home/user/.m2/repository/org/apache/avro/avro/1.7.7/avro-1.7.7.jar:/home/user/.m2/repository/com/thoughtworks/paranamer/paranamer/2.3/paranamer-2.3.jar:/home/user/.m2/repository/org/xerial/snappy/snappy-java/1.0.5/snappy-java-1.0.5.jar:/home/user/.m2/repository/com/google/re2j/re2j/1.1/re2j-1.1.jar:/home/user/.m2/repository/com/google/code/gson/gson/2.2.4/gson-2.2.4.jar:/home/user/.m2/repository/com/jcraft/jsch/0.1.54/jsch-0.1.54.jar:/home/user/.m2/repository/org/apache/curator/curator-client/2.12.0/curator-client-2.12.0.jar:/home/user/.m2/repository/org/apache/curator/curator-recipes/2.12.0/curator-recipes-2.12.0.jar:/home/user/.m2/repository/com/google/code/findbugs/jsr305/3.0.0/jsr305-3.0.0.jar:/home/user/.m2/repository/org/apache/htrace/htrace-core4/4.1.0-incubating/htrace-core4-4.1.0-incubating.jar:/home/user/.m2/repository/org/apache/zookeeper/zookeeper/3.4.13/zookeeper-3.4.13.jar:/home/user/.m2/repository/jline/jline/0.9.94/jline-0.9.94.jar:/home/user/.m2/repository/org/apache/yetus/audience-annotations/0.5.0/audience-annotations-0.5.0.jar:/home/user/.m2/repository/org/codehaus/woodstox/stax2-api/3.1.4/stax2-api-3.1.4.jar:/home/user/.m2/repository/com/fasterxml/woodstox/woodstox-core/5.0.3/woodstox-core-5.0.3.jar:/home/user/.m2/repository/dnsjava/dnsjava/2.1.7/dnsjava-2.1.7.jar:/home/user/.m2/repository/org/apache/hadoop/hadoop-hdfs/3.2.0/hadoop-hdfs-3.2.0-tests.jar:/home/user/.m2/repository/org/eclipse/jetty/jetty-util-ajax/9.3.25.v20180904/jetty-util-ajax-9.3.25.v20180904.jar:/home/user/.m2/repository/commons-daemon/commons-daemon/1.0.13/commons-daemon-1.0.13.jar:/home/user/.m2/repository/io/netty/netty/3.10.5.Final/netty-3.10.5.Final.jar:/home/user/.m2/repository/io/netty/netty-all/4.0.52.Final/netty-all-4.0.52.Final.jar:/home/user/.m2/repository/org/fusesource/leveldbjni/leveldbjni-all/1.8/leveldbjni-all-1.8.jar:"/>
    <property name="sun.cpu.endian" value="little"/>
    <property name="user.home" value="/home/user"/>
    <property name="user.language" value="en"/>
    <property name="java.specification.vendor" value="Oracle Corporation"/>
    <property name="java.home" value="/usr/lib/jvm/java-1.8.0-openjdk-1.8.0.222.b10-1.el7_7.x86_64/jre"/>
    <property name="surefire.excludesFile" value="/tools/ozone-bad-unit-tests"/>
    <property name="java.security.krb5.conf" value="/workdir/hadoop-ozone/integration-test/target/test-classes/krb5.conf"/>
    <property name="basedir" value="/workdir/hadoop-ozone/integration-test"/>
    <property name="file.separator" value="/"/>
    <property name="line.separator" value="&#10;"/>
    <property name="java.vm.specification.vendor" value="Oracle Corporation"/>
    <property name="java.specification.name" value="Java Platform API Specification"/>
    <property name="java.awt.graphicsenv" value="sun.awt.X11GraphicsEnvironment"/>
    <property name="surefire.real.class.path" value="/workdir/hadoop-ozone/integration-test/target/surefire/surefirebooter8463780496083838668.jar"/>
    <property name="hadoop.log.dir" value="/workdir/hadoop-ozone/integration-test/target/log"/>
    <property name="sun.boot.class.path" value="/usr/lib/jvm/java-1.8.0-openjdk-1.8.0.222.b10-1.el7_7.x86_64/jre/lib/resources.jar:/usr/lib/jvm/java-1.8.0-openjdk-1.8.0.222.b10-1.el7_7.x86_64/jre/lib/rt.jar:/usr/lib/jvm/java-1.8.0-openjdk-1.8.0.222.b10-1.el7_7.x86_64/jre/lib/sunrsasign.jar:/usr/lib/jvm/java-1.8.0-openjdk-1.8.0.222.b10-1.el7_7.x86_64/jre/lib/jsse.jar:/usr/lib/jvm/java-1.8.0-openjdk-1.8.0.222.b10-1.el7_7.x86_64/jre/lib/jce.jar:/usr/lib/jvm/java-1.8.0-openjdk-1.8.0.222.b10-1.el7_7.x86_64/jre/lib/charsets.jar:/usr/lib/jvm/java-1.8.0-openjdk-1.8.0.222.b10-1.el7_7.x86_64/jre/lib/jfr.jar:/usr/lib/jvm/java-1.8.0-openjdk-1.8.0.222.b10-1.el7_7.x86_64/jre/classes"/>
    <property name="sun.management.compiler" value="HotSpot 64-Bit Tiered Compilers"/>
    <property name="java.runtime.version" value="1.8.0_222-b10"/>
    <property name="java.net.preferIPv4Stack" value="true"/>
    <property name="user.name" value="jenkins1000"/>
    <property name="path.separator" value=":"/>
    <property name="java.security.egd" value="file:///dev/urandom"/>
    <property name="os.version" value="3.10.0-957.12.2.el7.x86_64"/>
    <property name="java.endorsed.dirs" value="/usr/lib/jvm/java-1.8.0-openjdk-1.8.0.222.b10-1.el7_7.x86_64/jre/lib/endorsed"/>
    <property name="java.runtime.name" value="OpenJDK Runtime Environment"/>
    <property name="file.encoding" value="ANSI_X3.4-1968"/>
    <property name="java.vm.name" value="OpenJDK 64-Bit Server VM"/>
    <property name="test.build.webapps" value=""/>
    <property name="localRepository" value="/home/user/.m2/repository"/>
    <property name="java.vendor.url.bug" value="http://bugreport.sun.com/bugreport/"/>
    <property name="java.io.tmpdir" value="/tmp"/>
    <property name="require.test.libhadoop" value=""/>
    <property name="java.version" value="1.8.0_222"/>
    <property name="user.dir" value="/workdir/hadoop-ozone/integration-test"/>
    <property name="os.arch" value="amd64"/>
    <property name="java.vm.specification.name" value="Java Virtual Machine Specification"/>
    <property name="test.build.classes" value="/workdir/hadoop-ozone/integration-test/target/test-classes"/>
    <property name="java.awt.printerjob" value="sun.print.PSPrinterJob"/>
    <property name="sun.os.patch.level" value="unknown"/>
    <property name="hadoop.tmp.dir" value="/workdir/hadoop-ozone/integration-test/target/tmp"/>
    <property name="java.library.path" value="/usr/lib:/workdir/hadoop-ozone/integration-test/target/native/target/usr/local/lib:/workdir/hadoop-ozone/integration-test/../../hadoop-common-project/hadoop-common/target/native/target/usr/local/lib:/usr/java/packages/lib/amd64:/usr/lib64:/lib64:/lib:/usr/lib"/>
    <property name="java.vm.info" value="mixed mode"/>
    <property name="java.vendor" value="Oracle Corporation"/>
    <property name="java.vm.version" value="25.222-b10"/>
    <property name="java.ext.dirs" value="/usr/lib/jvm/java-1.8.0-openjdk-1.8.0.222.b10-1.el7_7.x86_64/jre/lib/ext:/usr/java/packages/lib/ext"/>
    <property name="sun.io.unicode.encoding" value="UnicodeLittle"/>
    <property name="java.class.version" value="52.0"/>
  </properties>
  <testcase name="testDeleteKeyWithSlowFollower" classname="org.apache.hadoop.ozone.client.rpc.TestDeleteWithSlowFollower" time="118.175">
    <failure type="java.lang.AssertionError">java.lang.AssertionError
	at org.junit.Assert.fail(Assert.java:86)
	at org.junit.Assert.assertTrue(Assert.java:41)
	at org.junit.Assert.assertTrue(Assert.java:52)
	at org.apache.hadoop.ozone.client.rpc.TestDeleteWithSlowFollower.testDeleteKeyWithSlowFollower(TestDeleteWithSlowFollower.java:265)
	at sun.reflect.NativeMethodAccessorImpl.invoke0(Native Method)
	at sun.reflect.NativeMethodAccessorImpl.invoke(NativeMethodAccessorImpl.java:62)
	at sun.reflect.DelegatingMethodAccessorImpl.invoke(DelegatingMethodAccessorImpl.java:43)
	at java.lang.reflect.Method.invoke(Method.java:498)
	at org.junit.runners.model.FrameworkMethod$1.runReflectiveCall(FrameworkMethod.java:47)
	at org.junit.internal.runners.model.ReflectiveCallable.run(ReflectiveCallable.java:12)
	at org.junit.runners.model.FrameworkMethod.invokeExplosively(FrameworkMethod.java:44)
	at org.junit.internal.runners.statements.InvokeMethod.evaluate(InvokeMethod.java:17)
	at org.junit.runners.ParentRunner.runLeaf(ParentRunner.java:271)
	at org.junit.runners.BlockJUnit4ClassRunner.runChild(BlockJUnit4ClassRunner.java:70)
	at org.junit.runners.BlockJUnit4ClassRunner.runChild(BlockJUnit4ClassRunner.java:50)
	at org.junit.runners.ParentRunner$3.run(ParentRunner.java:238)
	at org.junit.runners.ParentRunner$1.schedule(ParentRunner.java:63)
	at org.junit.runners.ParentRunner.runChildren(ParentRunner.java:236)
	at org.junit.runners.ParentRunner.access$000(ParentRunner.java:53)
	at org.junit.runners.ParentRunner$2.evaluate(ParentRunner.java:229)
	at org.junit.internal.runners.statements.RunBefores.evaluate(RunBefores.java:26)
	at org.junit.internal.runners.statements.RunAfters.evaluate(RunAfters.java:27)
	at org.junit.runners.ParentRunner.run(ParentRunner.java:309)
	at org.apache.maven.surefire.junit4.JUnit4Provider.execute(JUnit4Provider.java:365)
	at org.apache.maven.surefire.junit4.JUnit4Provider.executeWithRerun(JUnit4Provider.java:273)
	at org.apache.maven.surefire.junit4.JUnit4Provider.executeTestSet(JUnit4Provider.java:238)
	at org.apache.maven.surefire.junit4.JUnit4Provider.invoke(JUnit4Provider.java:159)
	at org.apache.maven.surefire.booter.ForkedBooter.invokeProviderInSameClassLoader(ForkedBooter.java:384)
	at org.apache.maven.surefire.booter.ForkedBooter.runSuitesInProcess(ForkedBooter.java:345)
	at org.apache.maven.surefire.booter.ForkedBooter.execute(ForkedBooter.java:126)
	at org.apache.maven.surefire.booter.ForkedBooter.main(ForkedBooter.java:418)
</failure>
    <system-out><![CDATA[2019-10-21 08:05:10,435 [main] WARN  server.ServerUtils (ServerUtils.java:getScmDbDir(145)) - ozone.scm.db.dirs is not configured. We recommend adding this setting. Falling back to ozone.metadata.dirs instead.
2019-10-21 08:05:10,609 [main] WARN  server.ServerUtils (ServerUtils.java:getScmDbDir(145)) - ozone.scm.db.dirs is not configured. We recommend adding this setting. Falling back to ozone.metadata.dirs instead.
2019-10-21 08:05:10,613 [main] WARN  server.ServerUtils (ServerUtils.java:getScmDbDir(145)) - ozone.scm.db.dirs is not configured. We recommend adding this setting. Falling back to ozone.metadata.dirs instead.
2019-10-21 08:05:10,644 [main] INFO  util.log (Log.java:initialized(192)) - Logging initialized @898ms
2019-10-21 08:05:10,742 [main] INFO  db.DBStoreBuilder (DBStoreBuilder.java:addTable(117)) - using custom profile for table: deletedBlocks
2019-10-21 08:05:10,742 [main] INFO  db.DBStoreBuilder (DBStoreBuilder.java:processTables(168)) - Using default column profile:DBProfile.DISK for Table:deletedBlocks
2019-10-21 08:05:10,742 [main] INFO  db.DBStoreBuilder (DBStoreBuilder.java:addTable(117)) - using custom profile for table: validCerts
2019-10-21 08:05:10,743 [main] INFO  db.DBStoreBuilder (DBStoreBuilder.java:processTables(168)) - Using default column profile:DBProfile.DISK for Table:validCerts
2019-10-21 08:05:10,743 [main] INFO  db.DBStoreBuilder (DBStoreBuilder.java:addTable(117)) - using custom profile for table: revokedCerts
2019-10-21 08:05:10,743 [main] INFO  db.DBStoreBuilder (DBStoreBuilder.java:processTables(168)) - Using default column profile:DBProfile.DISK for Table:revokedCerts
2019-10-21 08:05:10,755 [main] INFO  db.DBStoreBuilder (DBStoreBuilder.java:addTable(117)) - using custom profile for table: default
2019-10-21 08:05:10,756 [main] INFO  db.DBStoreBuilder (DBStoreBuilder.java:processTables(174)) - Using default column profile:DBProfile.DISK for Table:default
2019-10-21 08:05:10,757 [main] INFO  db.DBStoreBuilder (DBStoreBuilder.java:getDbProfile(205)) - Using default options. DBProfile.DISK
2019-10-21 08:05:11,093 [main] INFO  net.NodeSchemaLoader (NodeSchemaLoader.java:loadSchemaFromFile(125)) - Loading file from sun.misc.CompoundEnumeration@74235045
2019-10-21 08:05:11,095 [main] INFO  net.NodeSchemaLoader (NodeSchemaLoader.java:loadSchema(171)) - Loading network topology layer schema file
2019-10-21 08:05:11,153 [main] WARN  server.ServerUtils (ServerUtils.java:sanitizeUserArgs(70)) - ozone.scm.stale.node.interval value = 1000000 is larger than max = 100000 based on the key value of ozone.scm.heartbeat.thread.interval, reset to the max value 100000.
2019-10-21 08:05:11,155 [main] WARN  server.ServerUtils (ServerUtils.java:sanitizeUserArgs(70)) - ozone.scm.stale.node.interval value = 1000000 is larger than max = 100000 based on the key value of ozone.scm.heartbeat.thread.interval, reset to the max value 100000.
2019-10-21 08:05:11,158 [main] INFO  node.SCMNodeManager (SCMNodeManager.java:<init>(116)) - Entering startup safe mode.
2019-10-21 08:05:11,220 [main] INFO  algorithms.ContainerPlacementPolicyFactory (ContainerPlacementPolicyFactory.java:getPolicy(57)) - Create container placement policy of type org.apache.hadoop.hdds.scm.container.placement.algorithms.SCMContainerPlacementRandom
2019-10-21 08:05:11,233 [main] WARN  server.ServerUtils (ServerUtils.java:getScmDbDir(145)) - ozone.scm.db.dirs is not configured. We recommend adding this setting. Falling back to ozone.metadata.dirs instead.
2019-10-21 08:05:11,397 [main] INFO  pipeline.SCMPipelineManager (SCMPipelineManager.java:initializePipelineState(132)) - No pipeline exists in current db
2019-10-21 08:05:11,400 [main] WARN  server.ServerUtils (ServerUtils.java:getScmDbDir(145)) - ozone.scm.db.dirs is not configured. We recommend adding this setting. Falling back to ozone.metadata.dirs instead.
2019-10-21 08:05:11,569 [main] WARN  events.EventQueue (EventQueue.java:fireEvent(183)) - No event handler registered for event TypedEvent{payloadType=SafeModeStatus, name='SafeModeStatus'}
2019-10-21 08:05:11,915 [main] INFO  ipc.CallQueueManager (CallQueueManager.java:<init>(84)) - Using callQueue: class java.util.concurrent.LinkedBlockingQueue, queueCapacity: 2000, scheduler: class org.apache.hadoop.ipc.DefaultRpcScheduler, ipcBackoff: false.
2019-10-21 08:05:12,029 [Socket Reader #1 for port 35133] INFO  ipc.Server (Server.java:run(1074)) - Starting Socket Reader #1 for port 35133
2019-10-21 08:05:12,056 [main] INFO  ipc.CallQueueManager (CallQueueManager.java:<init>(84)) - Using callQueue: class java.util.concurrent.LinkedBlockingQueue, queueCapacity: 2000, scheduler: class org.apache.hadoop.ipc.DefaultRpcScheduler, ipcBackoff: false.
2019-10-21 08:05:12,057 [Socket Reader #1 for port 44309] INFO  ipc.Server (Server.java:run(1074)) - Starting Socket Reader #1 for port 44309
2019-10-21 08:05:12,066 [main] INFO  ipc.CallQueueManager (CallQueueManager.java:<init>(84)) - Using callQueue: class java.util.concurrent.LinkedBlockingQueue, queueCapacity: 2000, scheduler: class org.apache.hadoop.ipc.DefaultRpcScheduler, ipcBackoff: false.
2019-10-21 08:05:12,067 [Socket Reader #1 for port 42426] INFO  ipc.Server (Server.java:run(1074)) - Starting Socket Reader #1 for port 42426
2019-10-21 08:05:12,093 [main] INFO  hdfs.DFSUtil (DFSUtil.java:httpServerTemplateForNNAndJN(1641)) - Starting Web-server for scm at: http://0.0.0.0:0
2019-10-21 08:05:12,280 [main] INFO  server.AuthenticationFilter (AuthenticationFilter.java:constructSecretProvider(240)) - Unable to initialize FileSignerSecretProvider, falling back to use random secrets.
2019-10-21 08:05:12,288 [main] WARN  http.HttpRequestLog (HttpRequestLog.java:getRequestLog(97)) - Jetty request log can only be enabled using Log4j
2019-10-21 08:05:12,296 [main] INFO  http.HttpServer2 (HttpServer2.java:addGlobalFilter(975)) - Added global filter 'safety' (class=org.apache.hadoop.http.HttpServer2$QuotingInputFilter)
2019-10-21 08:05:12,299 [main] INFO  http.HttpServer2 (HttpServer2.java:addFilter(948)) - Added filter static_user_filter (class=org.apache.hadoop.http.lib.StaticUserWebFilter$StaticUserFilter) to context scm
2019-10-21 08:05:12,299 [main] INFO  http.HttpServer2 (HttpServer2.java:addFilter(958)) - Added filter static_user_filter (class=org.apache.hadoop.http.lib.StaticUserWebFilter$StaticUserFilter) to context static
2019-10-21 08:05:12,299 [main] INFO  http.HttpServer2 (HttpServer2.java:addFilter(958)) - Added filter static_user_filter (class=org.apache.hadoop.http.lib.StaticUserWebFilter$StaticUserFilter) to context logs
2019-10-21 08:05:12,327 [main] INFO  server.StorageContainerManager (StorageContainerManager.java:start(772)) - StorageContainerLocationProtocol RPC server is listening at /0.0.0.0:42426
2019-10-21 08:05:12,384 [main] WARN  impl.MetricsConfig (MetricsConfig.java:loadFirst(134)) - Cannot locate configuration: tried hadoop-metrics2-storagecontainermanager.properties,hadoop-metrics2.properties
2019-10-21 08:05:12,396 [main] INFO  impl.MetricsSystemImpl (MetricsSystemImpl.java:startTimer(374)) - Scheduled Metric snapshot period at 10 second(s).
2019-10-21 08:05:12,396 [main] INFO  impl.MetricsSystemImpl (MetricsSystemImpl.java:start(191)) - StorageContainerManager metrics system started
2019-10-21 08:05:12,653 [main] INFO  server.SCMClientProtocolServer (SCMClientProtocolServer.java:start(159)) - RPC server for Client  is listening at /0.0.0.0:42426
2019-10-21 08:05:12,654 [IPC Server Responder] INFO  ipc.Server (Server.java:run(1314)) - IPC Server Responder: starting
2019-10-21 08:05:12,654 [IPC Server listener on 42426] INFO  ipc.Server (Server.java:run(1153)) - IPC Server listener on 42426: starting
2019-10-21 08:05:12,657 [main] INFO  server.StorageContainerManager (StorageContainerManager.java:start(782)) - ScmBlockLocationProtocol RPC server is listening at /0.0.0.0:44309
2019-10-21 08:05:12,657 [main] INFO  server.SCMBlockProtocolServer (SCMBlockProtocolServer.java:start(146)) - RPC server for Block Protocol is listening at /0.0.0.0:44309
2019-10-21 08:05:12,658 [IPC Server Responder] INFO  ipc.Server (Server.java:run(1314)) - IPC Server Responder: starting
2019-10-21 08:05:12,658 [IPC Server listener on 44309] INFO  ipc.Server (Server.java:run(1153)) - IPC Server listener on 44309: starting
2019-10-21 08:05:12,660 [main] INFO  server.StorageContainerManager (StorageContainerManager.java:start(786)) - ScmDatanodeProtocl RPC server is listening at /0.0.0.0:35133
2019-10-21 08:05:12,660 [main] INFO  server.SCMDatanodeProtocolServer (SCMDatanodeProtocolServer.java:start(169)) - RPC server for DataNodes is listening at /0.0.0.0:35133
2019-10-21 08:05:12,661 [IPC Server listener on 35133] INFO  ipc.Server (Server.java:run(1153)) - IPC Server listener on 35133: starting
2019-10-21 08:05:12,661 [IPC Server Responder] INFO  ipc.Server (Server.java:run(1314)) - IPC Server Responder: starting
2019-10-21 08:05:12,664 [main] INFO  http.HttpServer2 (HttpServer2.java:bindListener(1191)) - Jetty bound to port 45703
2019-10-21 08:05:12,666 [main] INFO  server.Server (Server.java:doStart(351)) - jetty-9.3.25.v20180904, build timestamp: 2018-09-04T21:11:46Z, git hash: 3ce520221d0240229c862b122d2b06c12a625732
2019-10-21 08:05:12,704 [main] INFO  handler.ContextHandler (ContextHandler.java:doStart(781)) - Started o.e.j.s.ServletContextHandler@65fe9e33{/logs,file:///workdir/hadoop-ozone/integration-test/target/log,AVAILABLE}
2019-10-21 08:05:12,705 [main] INFO  handler.ContextHandler (ContextHandler.java:doStart(781)) - Started o.e.j.s.ServletContextHandler@42f8285e{/static,file:///workdir/hadoop-ozone/integration-test/target/test-classes/webapps/static,AVAILABLE}
2019-10-21 08:05:12,739 [main] INFO  handler.ContextHandler (ContextHandler.java:doStart(781)) - Started o.e.j.w.WebAppContext@3d6300e8{/,file:///workdir/hadoop-ozone/integration-test/target/test-classes/webapps/scm/,AVAILABLE}{/scm}
2019-10-21 08:05:12,745 [main] INFO  server.AbstractConnector (AbstractConnector.java:doStart(278)) - Started ServerConnector@3af4e0bf{HTTP/1.1,[http/1.1]}{0.0.0.0:45703}
2019-10-21 08:05:12,745 [main] INFO  server.Server (Server.java:doStart(419)) - Started @3000ms
2019-10-21 08:05:12,747 [main] INFO  impl.MetricsSinkAdapter (MetricsSinkAdapter.java:start(204)) - Sink prometheus started
2019-10-21 08:05:12,748 [main] INFO  impl.MetricsSystemImpl (MetricsSystemImpl.java:registerSink(301)) - Registered sink prometheus
2019-10-21 08:05:12,750 [main] INFO  server.BaseHttpServer (BaseHttpServer.java:updateConnectorAddress(215)) - HTTP server of SCM is listening at http://0.0.0.0:45703
2019-10-21 08:05:12,758 [org.apache.hadoop.util.JvmPauseMonitor$Monitor@1a2e2935] INFO  util.JvmPauseMonitor (JvmPauseMonitor.java:run(188)) - Starting JVM pause monitor
2019-10-21 08:05:12,762 [main] WARN  server.ServerUtils (ServerUtils.java:getDBPath(222)) - ozone.om.db.dirs is not configured. We recommend adding this setting. Falling back to ozone.metadata.dirs instead.
2019-10-21 08:05:12,879 [main] INFO  ha.OMHANodeDetails (OMHANodeDetails.java:loadOMHAConfig(190)) - Configuration either no ozone.om.address set. Falling back to the default OM address /127.0.0.1:0
2019-10-21 08:05:12,879 [main] INFO  ha.OMHANodeDetails (OMHANodeDetails.java:getOMNodeDetails(220)) - OM Service ID is not set. Setting it to the default ID: omServiceIdDefault
2019-10-21 08:05:12,881 [main] WARN  server.ServerUtils (ServerUtils.java:getDBPath(222)) - ozone.om.db.dirs is not configured. We recommend adding this setting. Falling back to ozone.metadata.dirs instead.
2019-10-21 08:05:12,881 [main] WARN  server.ServerUtils (ServerUtils.java:getDBPath(222)) - ozone.om.db.dirs is not configured. We recommend adding this setting. Falling back to ozone.metadata.dirs instead.
2019-10-21 08:05:13,575 [main] WARN  server.ServerUtils (ServerUtils.java:getDBPath(222)) - ozone.om.db.dirs is not configured. We recommend adding this setting. Falling back to ozone.metadata.dirs instead.
2019-10-21 08:05:13,583 [main] INFO  db.DBStoreBuilder (DBStoreBuilder.java:addTable(117)) - using custom profile for table: userTable
2019-10-21 08:05:13,583 [main] INFO  db.DBStoreBuilder (DBStoreBuilder.java:processTables(168)) - Using default column profile:DBProfile.DISK for Table:userTable
2019-10-21 08:05:13,583 [main] INFO  db.DBStoreBuilder (DBStoreBuilder.java:addTable(117)) - using custom profile for table: volumeTable
2019-10-21 08:05:13,583 [main] INFO  db.DBStoreBuilder (DBStoreBuilder.java:processTables(168)) - Using default column profile:DBProfile.DISK for Table:volumeTable
2019-10-21 08:05:13,583 [main] INFO  db.DBStoreBuilder (DBStoreBuilder.java:addTable(117)) - using custom profile for table: bucketTable
2019-10-21 08:05:13,584 [main] INFO  db.DBStoreBuilder (DBStoreBuilder.java:processTables(168)) - Using default column profile:DBProfile.DISK for Table:bucketTable
2019-10-21 08:05:13,584 [main] INFO  db.DBStoreBuilder (DBStoreBuilder.java:addTable(117)) - using custom profile for table: keyTable
2019-10-21 08:05:13,584 [main] INFO  db.DBStoreBuilder (DBStoreBuilder.java:processTables(168)) - Using default column profile:DBProfile.DISK for Table:keyTable
2019-10-21 08:05:13,584 [main] INFO  db.DBStoreBuilder (DBStoreBuilder.java:addTable(117)) - using custom profile for table: deletedTable
2019-10-21 08:05:13,584 [main] INFO  db.DBStoreBuilder (DBStoreBuilder.java:processTables(168)) - Using default column profile:DBProfile.DISK for Table:deletedTable
2019-10-21 08:05:13,585 [main] INFO  db.DBStoreBuilder (DBStoreBuilder.java:addTable(117)) - using custom profile for table: openKeyTable
2019-10-21 08:05:13,585 [main] INFO  db.DBStoreBuilder (DBStoreBuilder.java:processTables(168)) - Using default column profile:DBProfile.DISK for Table:openKeyTable
2019-10-21 08:05:13,585 [main] INFO  db.DBStoreBuilder (DBStoreBuilder.java:addTable(117)) - using custom profile for table: s3Table
2019-10-21 08:05:13,585 [main] INFO  db.DBStoreBuilder (DBStoreBuilder.java:processTables(168)) - Using default column profile:DBProfile.DISK for Table:s3Table
2019-10-21 08:05:13,586 [main] INFO  db.DBStoreBuilder (DBStoreBuilder.java:addTable(117)) - using custom profile for table: multipartInfoTable
2019-10-21 08:05:13,586 [main] INFO  db.DBStoreBuilder (DBStoreBuilder.java:processTables(168)) - Using default column profile:DBProfile.DISK for Table:multipartInfoTable
2019-10-21 08:05:13,586 [main] INFO  db.DBStoreBuilder (DBStoreBuilder.java:addTable(117)) - using custom profile for table: dTokenTable
2019-10-21 08:05:13,586 [main] INFO  db.DBStoreBuilder (DBStoreBuilder.java:processTables(168)) - Using default column profile:DBProfile.DISK for Table:dTokenTable
2019-10-21 08:05:13,587 [main] INFO  db.DBStoreBuilder (DBStoreBuilder.java:addTable(117)) - using custom profile for table: s3SecretTable
2019-10-21 08:05:13,587 [main] INFO  db.DBStoreBuilder (DBStoreBuilder.java:processTables(168)) - Using default column profile:DBProfile.DISK for Table:s3SecretTable
2019-10-21 08:05:13,587 [main] INFO  db.DBStoreBuilder (DBStoreBuilder.java:addTable(117)) - using custom profile for table: prefixTable
2019-10-21 08:05:13,587 [main] INFO  db.DBStoreBuilder (DBStoreBuilder.java:processTables(168)) - Using default column profile:DBProfile.DISK for Table:prefixTable
2019-10-21 08:05:13,587 [main] INFO  db.DBStoreBuilder (DBStoreBuilder.java:addTable(117)) - using custom profile for table: default
2019-10-21 08:05:13,588 [main] INFO  db.DBStoreBuilder (DBStoreBuilder.java:processTables(174)) - Using default column profile:DBProfile.DISK for Table:default
2019-10-21 08:05:13,588 [main] INFO  db.DBStoreBuilder (DBStoreBuilder.java:getDbProfile(205)) - Using default options. DBProfile.DISK
2019-10-21 08:05:14,250 [main] INFO  ipc.CallQueueManager (CallQueueManager.java:<init>(84)) - Using callQueue: class java.util.concurrent.LinkedBlockingQueue, queueCapacity: 2000, scheduler: class org.apache.hadoop.ipc.DefaultRpcScheduler, ipcBackoff: false.
2019-10-21 08:05:14,251 [Socket Reader #1 for port 34814] INFO  ipc.Server (Server.java:run(1074)) - Starting Socket Reader #1 for port 34814
2019-10-21 08:05:14,284 [main] INFO  om.OzoneManager (OzoneManager.java:start(1074)) - OzoneManager RPC server is listening at localhost/127.0.0.1:34814
2019-10-21 08:05:14,284 [main] INFO  impl.MetricsSystemImpl (MetricsSystemImpl.java:init(158)) - OzoneManager metrics system started (again)
2019-10-21 08:05:14,295 [IPC Server Responder] INFO  ipc.Server (Server.java:run(1314)) - IPC Server Responder: starting
2019-10-21 08:05:14,295 [IPC Server listener on 34814] INFO  ipc.Server (Server.java:run(1153)) - IPC Server listener on 34814: starting
2019-10-21 08:05:14,302 [main] INFO  hdfs.DFSUtil (DFSUtil.java:httpServerTemplateForNNAndJN(1641)) - Starting Web-server for ozoneManager at: http://0.0.0.0:0
2019-10-21 08:05:14,305 [main] INFO  server.AuthenticationFilter (AuthenticationFilter.java:constructSecretProvider(240)) - Unable to initialize FileSignerSecretProvider, falling back to use random secrets.
2019-10-21 08:05:14,306 [main] WARN  http.HttpRequestLog (HttpRequestLog.java:getRequestLog(97)) - Jetty request log can only be enabled using Log4j
2019-10-21 08:05:14,309 [main] INFO  http.HttpServer2 (HttpServer2.java:addGlobalFilter(975)) - Added global filter 'safety' (class=org.apache.hadoop.http.HttpServer2$QuotingInputFilter)
2019-10-21 08:05:14,310 [main] INFO  http.HttpServer2 (HttpServer2.java:addFilter(948)) - Added filter static_user_filter (class=org.apache.hadoop.http.lib.StaticUserWebFilter$StaticUserFilter) to context ozoneManager
2019-10-21 08:05:14,310 [main] INFO  http.HttpServer2 (HttpServer2.java:addFilter(958)) - Added filter static_user_filter (class=org.apache.hadoop.http.lib.StaticUserWebFilter$StaticUserFilter) to context static
2019-10-21 08:05:14,310 [main] INFO  http.HttpServer2 (HttpServer2.java:addFilter(958)) - Added filter static_user_filter (class=org.apache.hadoop.http.lib.StaticUserWebFilter$StaticUserFilter) to context logs
2019-10-21 08:05:14,314 [main] INFO  http.HttpServer2 (HttpServer2.java:bindListener(1191)) - Jetty bound to port 33314
2019-10-21 08:05:14,314 [main] INFO  server.Server (Server.java:doStart(351)) - jetty-9.3.25.v20180904, build timestamp: 2018-09-04T21:11:46Z, git hash: 3ce520221d0240229c862b122d2b06c12a625732
2019-10-21 08:05:14,316 [main] INFO  handler.ContextHandler (ContextHandler.java:doStart(781)) - Started o.e.j.s.ServletContextHandler@368d5c00{/logs,file:///workdir/hadoop-ozone/integration-test/target/log,AVAILABLE}
2019-10-21 08:05:14,317 [main] INFO  handler.ContextHandler (ContextHandler.java:doStart(781)) - Started o.e.j.s.ServletContextHandler@aa10649{/static,file:///workdir/hadoop-ozone/integration-test/target/test-classes/webapps/static,AVAILABLE}
2019-10-21 08:05:14,324 [main] INFO  handler.ContextHandler (ContextHandler.java:doStart(781)) - Started o.e.j.w.WebAppContext@41aaedaa{/,file:///workdir/hadoop-ozone/integration-test/target/test-classes/webapps/ozoneManager/,AVAILABLE}{/ozoneManager}
2019-10-21 08:05:14,325 [main] INFO  server.AbstractConnector (AbstractConnector.java:doStart(278)) - Started ServerConnector@303a5119{HTTP/1.1,[http/1.1]}{0.0.0.0:33314}
2019-10-21 08:05:14,325 [main] INFO  server.Server (Server.java:doStart(419)) - Started @4580ms
2019-10-21 08:05:14,326 [main] WARN  impl.MetricsSystemImpl (MetricsSystemImpl.java:register(276)) - Sink prometheus already exists!
2019-10-21 08:05:14,327 [main] INFO  server.BaseHttpServer (BaseHttpServer.java:updateConnectorAddress(215)) - HTTP server of OZONEMANAGER is listening at http://0.0.0.0:33314
2019-10-21 08:05:14,626 [main] INFO  impl.MetricsSystemImpl (MetricsSystemImpl.java:init(158)) - HddsDatanode metrics system started (again)
2019-10-21 08:05:14,671 [main] INFO  ozone.HddsDatanodeService (HddsDatanodeService.java:start(184)) - HddsDatanodeService host:pr-hdds-2334-ff2f7-1487717562 ip:192.168.34.35
2019-10-21 08:05:14,704 [main] INFO  volume.HddsVolume (HddsVolume.java:<init>(176)) - Creating Volume: /workdir/hadoop-ozone/integration-test/target/test-dir/MiniOzoneClusterImpl-4ab24f66-bd6b-4106-b39e-8a9e797e32b6/datanode-0/data/containers/hdds of  storage type : DISK and capacity : 1482555576320
2019-10-21 08:05:14,706 [main] INFO  volume.VolumeSet (VolumeSet.java:initializeVolumeSet(170)) - Added Volume : /workdir/hadoop-ozone/integration-test/target/test-dir/MiniOzoneClusterImpl-4ab24f66-bd6b-4106-b39e-8a9e797e32b6/datanode-0/data/containers/hdds to VolumeSet
2019-10-21 08:05:14,708 [main] INFO  volume.ThrottledAsyncChecker (ThrottledAsyncChecker.java:schedule(141)) - Scheduling a check for /workdir/hadoop-ozone/integration-test/target/test-dir/MiniOzoneClusterImpl-4ab24f66-bd6b-4106-b39e-8a9e797e32b6/datanode-0/data/containers/hdds
2019-10-21 08:05:14,725 [main] INFO  volume.HddsVolumeChecker (HddsVolumeChecker.java:checkAllVolumes(204)) - Scheduled health check for volume /workdir/hadoop-ozone/integration-test/target/test-dir/MiniOzoneClusterImpl-4ab24f66-bd6b-4106-b39e-8a9e797e32b6/datanode-0/data/containers/hdds
2019-10-21 08:05:14,834 [main] INFO  impl.RaftServerProxy (ConfUtils.java:logGet(43)) - raft.rpc.type = GRPC (default)
2019-10-21 08:05:14,898 [main] INFO  grpc.GrpcFactory (GrpcFactory.java:checkPooledByteBufAllocatorUseCacheForAllThreads(45)) - PERFORMANCE WARNING: useCacheForAllThreads is true that may cause Netty to create a lot garbage objects and, as a result, trigger GC.
	It is recommended to disable useCacheForAllThreads by setting -Dorg.apache.ratis.thirdparty.io.netty.allocator.useCacheForAllThreads=false in command line.
2019-10-21 08:05:14,903 [main] INFO  grpc.GrpcConfigKeys$Server (ConfUtils.java:logGet(43)) - raft.grpc.server.port = 0 (default)
2019-10-21 08:05:14,904 [main] INFO  server.GrpcService (ConfUtils.java:logGet(43)) - raft.grpc.message.size.max = 33570816 (custom)
2019-10-21 08:05:14,906 [main] INFO  server.RaftServerConfigKeys (ConfUtils.java:logGet(43)) - raft.server.log.appender.buffer.byte-limit = 33554432 (custom)
2019-10-21 08:05:14,907 [main] INFO  server.GrpcService (ConfUtils.java:logGet(43)) - raft.grpc.flow.control.window = 1MB (=1048576) (default)
2019-10-21 08:05:14,907 [main] INFO  server.RaftServerConfigKeys (ConfUtils.java:logGet(43)) - raft.server.rpc.request.timeout = 3000ms (default)
2019-10-21 08:05:15,061 [main] INFO  server.RaftServerConfigKeys (ConfUtils.java:logGet(43)) - raft.server.storage.dir = [/workdir/hadoop-ozone/integration-test/target/test-dir/MiniOzoneClusterImpl-4ab24f66-bd6b-4106-b39e-8a9e797e32b6/datanode-0/data/ratis] (custom)
2019-10-21 08:05:15,106 [main] INFO  hdfs.DFSUtil (DFSUtil.java:httpServerTemplateForNNAndJN(1641)) - Starting Web-server for hddsDatanode at: http://0.0.0.0:0
2019-10-21 08:05:15,109 [main] INFO  server.AuthenticationFilter (AuthenticationFilter.java:constructSecretProvider(240)) - Unable to initialize FileSignerSecretProvider, falling back to use random secrets.
2019-10-21 08:05:15,111 [main] WARN  http.HttpRequestLog (HttpRequestLog.java:getRequestLog(97)) - Jetty request log can only be enabled using Log4j
2019-10-21 08:05:15,114 [main] INFO  http.HttpServer2 (HttpServer2.java:addGlobalFilter(975)) - Added global filter 'safety' (class=org.apache.hadoop.http.HttpServer2$QuotingInputFilter)
2019-10-21 08:05:15,115 [main] INFO  http.HttpServer2 (HttpServer2.java:addFilter(948)) - Added filter static_user_filter (class=org.apache.hadoop.http.lib.StaticUserWebFilter$StaticUserFilter) to context hddsDatanode
2019-10-21 08:05:15,115 [main] INFO  http.HttpServer2 (HttpServer2.java:addFilter(958)) - Added filter static_user_filter (class=org.apache.hadoop.http.lib.StaticUserWebFilter$StaticUserFilter) to context static
2019-10-21 08:05:15,115 [main] INFO  http.HttpServer2 (HttpServer2.java:addFilter(958)) - Added filter static_user_filter (class=org.apache.hadoop.http.lib.StaticUserWebFilter$StaticUserFilter) to context logs
2019-10-21 08:05:15,117 [main] INFO  http.HttpServer2 (HttpServer2.java:bindListener(1191)) - Jetty bound to port 44134
2019-10-21 08:05:15,117 [main] INFO  server.Server (Server.java:doStart(351)) - jetty-9.3.25.v20180904, build timestamp: 2018-09-04T21:11:46Z, git hash: 3ce520221d0240229c862b122d2b06c12a625732
2019-10-21 08:05:15,185 [main] INFO  handler.ContextHandler (ContextHandler.java:doStart(781)) - Started o.e.j.s.ServletContextHandler@46185a1b{/logs,file:///workdir/hadoop-ozone/integration-test/target/log,AVAILABLE}
2019-10-21 08:05:15,186 [main] INFO  handler.ContextHandler (ContextHandler.java:doStart(781)) - Started o.e.j.s.ServletContextHandler@60cf62ad{/static,jar:file:/home/user/.m2/repository/org/apache/hadoop/hadoop-hdds-container-service/0.5.0-SNAPSHOT/hadoop-hdds-container-service-0.5.0-SNAPSHOT.jar!/webapps/static,AVAILABLE}
2019-10-21 08:05:15,240 [main] INFO  handler.ContextHandler (ContextHandler.java:doStart(781)) - Started o.e.j.w.WebAppContext@1aabf50d{/,file:///tmp/jetty-0.0.0.0-44134-hddsDatanode-_-any-3282313723609207470.dir/webapp/,AVAILABLE}{/hddsDatanode}
2019-10-21 08:05:15,241 [main] INFO  server.AbstractConnector (AbstractConnector.java:doStart(278)) - Started ServerConnector@73c9e8e8{HTTP/1.1,[http/1.1]}{0.0.0.0:44134}
2019-10-21 08:05:15,242 [main] INFO  server.Server (Server.java:doStart(419)) - Started @5497ms
2019-10-21 08:05:15,242 [main] WARN  impl.MetricsSystemImpl (MetricsSystemImpl.java:register(276)) - Sink prometheus already exists!
2019-10-21 08:05:15,244 [main] INFO  server.BaseHttpServer (BaseHttpServer.java:updateConnectorAddress(215)) - HTTP server of HDDSDATANODE is listening at http://0.0.0.0:44134
2019-10-21 08:05:15,316 [main] INFO  impl.MetricsSystemImpl (MetricsSystemImpl.java:init(158)) - HddsDatanode metrics system started (again)
2019-10-21 08:05:15,320 [main] INFO  ozone.HddsDatanodeService (HddsDatanodeService.java:start(184)) - HddsDatanodeService host:pr-hdds-2334-ff2f7-1487717562 ip:192.168.34.35
2019-10-21 08:05:15,323 [org.apache.hadoop.util.JvmPauseMonitor$Monitor@483233a0] INFO  util.JvmPauseMonitor (JvmPauseMonitor.java:run(188)) - Starting JVM pause monitor
2019-10-21 08:05:15,328 [main] INFO  volume.HddsVolume (HddsVolume.java:<init>(176)) - Creating Volume: /workdir/hadoop-ozone/integration-test/target/test-dir/MiniOzoneClusterImpl-4ab24f66-bd6b-4106-b39e-8a9e797e32b6/datanode-1/data/containers/hdds of  storage type : DISK and capacity : 1482555576320
2019-10-21 08:05:15,329 [main] INFO  volume.VolumeSet (VolumeSet.java:initializeVolumeSet(170)) - Added Volume : /workdir/hadoop-ozone/integration-test/target/test-dir/MiniOzoneClusterImpl-4ab24f66-bd6b-4106-b39e-8a9e797e32b6/datanode-1/data/containers/hdds to VolumeSet
2019-10-21 08:05:15,330 [main] INFO  volume.ThrottledAsyncChecker (ThrottledAsyncChecker.java:schedule(141)) - Scheduling a check for /workdir/hadoop-ozone/integration-test/target/test-dir/MiniOzoneClusterImpl-4ab24f66-bd6b-4106-b39e-8a9e797e32b6/datanode-1/data/containers/hdds
2019-10-21 08:05:15,330 [main] INFO  volume.HddsVolumeChecker (HddsVolumeChecker.java:checkAllVolumes(204)) - Scheduled health check for volume /workdir/hadoop-ozone/integration-test/target/test-dir/MiniOzoneClusterImpl-4ab24f66-bd6b-4106-b39e-8a9e797e32b6/datanode-1/data/containers/hdds
2019-10-21 08:05:15,345 [main] INFO  impl.RaftServerProxy (ConfUtils.java:logGet(43)) - raft.rpc.type = GRPC (default)
2019-10-21 08:05:15,345 [main] INFO  grpc.GrpcFactory (GrpcFactory.java:checkPooledByteBufAllocatorUseCacheForAllThreads(45)) - PERFORMANCE WARNING: useCacheForAllThreads is true that may cause Netty to create a lot garbage objects and, as a result, trigger GC.
	It is recommended to disable useCacheForAllThreads by setting -Dorg.apache.ratis.thirdparty.io.netty.allocator.useCacheForAllThreads=false in command line.
2019-10-21 08:05:15,345 [main] INFO  grpc.GrpcConfigKeys$Server (ConfUtils.java:logGet(43)) - raft.grpc.server.port = 0 (default)
2019-10-21 08:05:15,346 [main] INFO  server.GrpcService (ConfUtils.java:logGet(43)) - raft.grpc.message.size.max = 33570816 (custom)
2019-10-21 08:05:15,346 [main] INFO  server.RaftServerConfigKeys (ConfUtils.java:logGet(43)) - raft.server.log.appender.buffer.byte-limit = 33554432 (custom)
2019-10-21 08:05:15,346 [main] INFO  server.GrpcService (ConfUtils.java:logGet(43)) - raft.grpc.flow.control.window = 1MB (=1048576) (default)
2019-10-21 08:05:15,346 [main] INFO  server.RaftServerConfigKeys (ConfUtils.java:logGet(43)) - raft.server.rpc.request.timeout = 3000ms (default)
2019-10-21 08:05:15,347 [main] INFO  server.RaftServerConfigKeys (ConfUtils.java:logGet(43)) - raft.server.storage.dir = [/workdir/hadoop-ozone/integration-test/target/test-dir/MiniOzoneClusterImpl-4ab24f66-bd6b-4106-b39e-8a9e797e32b6/datanode-1/data/ratis] (custom)
2019-10-21 08:05:15,349 [main] INFO  hdfs.DFSUtil (DFSUtil.java:httpServerTemplateForNNAndJN(1641)) - Starting Web-server for hddsDatanode at: http://0.0.0.0:0
2019-10-21 08:05:15,352 [main] INFO  server.AuthenticationFilter (AuthenticationFilter.java:constructSecretProvider(240)) - Unable to initialize FileSignerSecretProvider, falling back to use random secrets.
2019-10-21 08:05:15,353 [main] WARN  http.HttpRequestLog (HttpRequestLog.java:getRequestLog(97)) - Jetty request log can only be enabled using Log4j
2019-10-21 08:05:15,356 [main] INFO  http.HttpServer2 (HttpServer2.java:addGlobalFilter(975)) - Added global filter 'safety' (class=org.apache.hadoop.http.HttpServer2$QuotingInputFilter)
2019-10-21 08:05:15,358 [main] INFO  http.HttpServer2 (HttpServer2.java:addFilter(948)) - Added filter static_user_filter (class=org.apache.hadoop.http.lib.StaticUserWebFilter$StaticUserFilter) to context hddsDatanode
2019-10-21 08:05:15,358 [main] INFO  http.HttpServer2 (HttpServer2.java:addFilter(958)) - Added filter static_user_filter (class=org.apache.hadoop.http.lib.StaticUserWebFilter$StaticUserFilter) to context logs
2019-10-21 08:05:15,359 [main] INFO  http.HttpServer2 (HttpServer2.java:addFilter(958)) - Added filter static_user_filter (class=org.apache.hadoop.http.lib.StaticUserWebFilter$StaticUserFilter) to context static
2019-10-21 08:05:15,360 [main] INFO  http.HttpServer2 (HttpServer2.java:bindListener(1191)) - Jetty bound to port 40225
2019-10-21 08:05:15,361 [main] INFO  server.Server (Server.java:doStart(351)) - jetty-9.3.25.v20180904, build timestamp: 2018-09-04T21:11:46Z, git hash: 3ce520221d0240229c862b122d2b06c12a625732
2019-10-21 08:05:15,368 [main] INFO  handler.ContextHandler (ContextHandler.java:doStart(781)) - Started o.e.j.s.ServletContextHandler@761e788f{/logs,file:///workdir/hadoop-ozone/integration-test/target/log,AVAILABLE}
2019-10-21 08:05:15,369 [main] INFO  handler.ContextHandler (ContextHandler.java:doStart(781)) - Started o.e.j.s.ServletContextHandler@1907874b{/static,jar:file:/home/user/.m2/repository/org/apache/hadoop/hadoop-hdds-container-service/0.5.0-SNAPSHOT/hadoop-hdds-container-service-0.5.0-SNAPSHOT.jar!/webapps/static,AVAILABLE}
2019-10-21 08:05:15,415 [main] INFO  handler.ContextHandler (ContextHandler.java:doStart(781)) - Started o.e.j.w.WebAppContext@22587507{/,file:///tmp/jetty-0.0.0.0-40225-hddsDatanode-_-any-5949426616579124028.dir/webapp/,AVAILABLE}{/hddsDatanode}
2019-10-21 08:05:15,416 [main] INFO  server.AbstractConnector (AbstractConnector.java:doStart(278)) - Started ServerConnector@5c77ba8f{HTTP/1.1,[http/1.1]}{0.0.0.0:40225}
2019-10-21 08:05:15,417 [main] INFO  server.Server (Server.java:doStart(419)) - Started @5671ms
2019-10-21 08:05:15,417 [main] WARN  impl.MetricsSystemImpl (MetricsSystemImpl.java:register(276)) - Sink prometheus already exists!
2019-10-21 08:05:15,418 [main] INFO  server.BaseHttpServer (BaseHttpServer.java:updateConnectorAddress(215)) - HTTP server of HDDSDATANODE is listening at http://0.0.0.0:40225
2019-10-21 08:05:15,419 [main] INFO  impl.MetricsSystemImpl (MetricsSystemImpl.java:init(158)) - HddsDatanode metrics system started (again)
2019-10-21 08:05:15,422 [main] INFO  ozone.HddsDatanodeService (HddsDatanodeService.java:start(184)) - HddsDatanodeService host:pr-hdds-2334-ff2f7-1487717562 ip:192.168.34.35
2019-10-21 08:05:15,422 [org.apache.hadoop.util.JvmPauseMonitor$Monitor@387c544c] INFO  util.JvmPauseMonitor (JvmPauseMonitor.java:run(188)) - Starting JVM pause monitor
2019-10-21 08:05:15,432 [main] INFO  volume.HddsVolume (HddsVolume.java:<init>(176)) - Creating Volume: /workdir/hadoop-ozone/integration-test/target/test-dir/MiniOzoneClusterImpl-4ab24f66-bd6b-4106-b39e-8a9e797e32b6/datanode-2/data/containers/hdds of  storage type : DISK and capacity : 1482555576320
2019-10-21 08:05:15,432 [main] INFO  volume.VolumeSet (VolumeSet.java:initializeVolumeSet(170)) - Added Volume : /workdir/hadoop-ozone/integration-test/target/test-dir/MiniOzoneClusterImpl-4ab24f66-bd6b-4106-b39e-8a9e797e32b6/datanode-2/data/containers/hdds to VolumeSet
2019-10-21 08:05:15,432 [main] INFO  volume.ThrottledAsyncChecker (ThrottledAsyncChecker.java:schedule(141)) - Scheduling a check for /workdir/hadoop-ozone/integration-test/target/test-dir/MiniOzoneClusterImpl-4ab24f66-bd6b-4106-b39e-8a9e797e32b6/datanode-2/data/containers/hdds
2019-10-21 08:05:15,433 [main] INFO  volume.HddsVolumeChecker (HddsVolumeChecker.java:checkAllVolumes(204)) - Scheduled health check for volume /workdir/hadoop-ozone/integration-test/target/test-dir/MiniOzoneClusterImpl-4ab24f66-bd6b-4106-b39e-8a9e797e32b6/datanode-2/data/containers/hdds
2019-10-21 08:05:15,447 [main] INFO  impl.RaftServerProxy (ConfUtils.java:logGet(43)) - raft.rpc.type = GRPC (default)
2019-10-21 08:05:15,447 [main] INFO  grpc.GrpcFactory (GrpcFactory.java:checkPooledByteBufAllocatorUseCacheForAllThreads(45)) - PERFORMANCE WARNING: useCacheForAllThreads is true that may cause Netty to create a lot garbage objects and, as a result, trigger GC.
	It is recommended to disable useCacheForAllThreads by setting -Dorg.apache.ratis.thirdparty.io.netty.allocator.useCacheForAllThreads=false in command line.
2019-10-21 08:05:15,447 [main] INFO  grpc.GrpcConfigKeys$Server (ConfUtils.java:logGet(43)) - raft.grpc.server.port = 0 (default)
2019-10-21 08:05:15,447 [main] INFO  server.GrpcService (ConfUtils.java:logGet(43)) - raft.grpc.message.size.max = 33570816 (custom)
2019-10-21 08:05:15,448 [main] INFO  server.RaftServerConfigKeys (ConfUtils.java:logGet(43)) - raft.server.log.appender.buffer.byte-limit = 33554432 (custom)
2019-10-21 08:05:15,448 [main] INFO  server.GrpcService (ConfUtils.java:logGet(43)) - raft.grpc.flow.control.window = 1MB (=1048576) (default)
2019-10-21 08:05:15,448 [main] INFO  server.RaftServerConfigKeys (ConfUtils.java:logGet(43)) - raft.server.rpc.request.timeout = 3000ms (default)
2019-10-21 08:05:15,449 [main] INFO  server.RaftServerConfigKeys (ConfUtils.java:logGet(43)) - raft.server.storage.dir = [/workdir/hadoop-ozone/integration-test/target/test-dir/MiniOzoneClusterImpl-4ab24f66-bd6b-4106-b39e-8a9e797e32b6/datanode-2/data/ratis] (custom)
2019-10-21 08:05:15,451 [main] INFO  hdfs.DFSUtil (DFSUtil.java:httpServerTemplateForNNAndJN(1641)) - Starting Web-server for hddsDatanode at: http://0.0.0.0:0
2019-10-21 08:05:15,452 [main] INFO  server.AuthenticationFilter (AuthenticationFilter.java:constructSecretProvider(240)) - Unable to initialize FileSignerSecretProvider, falling back to use random secrets.
2019-10-21 08:05:15,452 [main] WARN  http.HttpRequestLog (HttpRequestLog.java:getRequestLog(97)) - Jetty request log can only be enabled using Log4j
2019-10-21 08:05:15,454 [main] INFO  http.HttpServer2 (HttpServer2.java:addGlobalFilter(975)) - Added global filter 'safety' (class=org.apache.hadoop.http.HttpServer2$QuotingInputFilter)
2019-10-21 08:05:15,454 [main] INFO  http.HttpServer2 (HttpServer2.java:addFilter(948)) - Added filter static_user_filter (class=org.apache.hadoop.http.lib.StaticUserWebFilter$StaticUserFilter) to context hddsDatanode
2019-10-21 08:05:15,455 [main] INFO  http.HttpServer2 (HttpServer2.java:addFilter(958)) - Added filter static_user_filter (class=org.apache.hadoop.http.lib.StaticUserWebFilter$StaticUserFilter) to context static
2019-10-21 08:05:15,455 [main] INFO  http.HttpServer2 (HttpServer2.java:addFilter(958)) - Added filter static_user_filter (class=org.apache.hadoop.http.lib.StaticUserWebFilter$StaticUserFilter) to context logs
2019-10-21 08:05:15,455 [main] INFO  http.HttpServer2 (HttpServer2.java:bindListener(1191)) - Jetty bound to port 37980
2019-10-21 08:05:15,456 [main] INFO  server.Server (Server.java:doStart(351)) - jetty-9.3.25.v20180904, build timestamp: 2018-09-04T21:11:46Z, git hash: 3ce520221d0240229c862b122d2b06c12a625732
2019-10-21 08:05:15,458 [main] INFO  handler.ContextHandler (ContextHandler.java:doStart(781)) - Started o.e.j.s.ServletContextHandler@46c269e0{/logs,file:///workdir/hadoop-ozone/integration-test/target/log,AVAILABLE}
2019-10-21 08:05:15,458 [main] INFO  handler.ContextHandler (ContextHandler.java:doStart(781)) - Started o.e.j.s.ServletContextHandler@6069dd38{/static,jar:file:/home/user/.m2/repository/org/apache/hadoop/hadoop-hdds-container-service/0.5.0-SNAPSHOT/hadoop-hdds-container-service-0.5.0-SNAPSHOT.jar!/webapps/static,AVAILABLE}
2019-10-21 08:05:15,484 [Datanode State Machine Thread - 0] INFO  datanode.InitDatanodeState (InitDatanodeState.java:persistContainerDatanodeDetails(140)) - DatanodeDetails is persisted to /workdir/hadoop-ozone/integration-test/target/test-dir/MiniOzoneClusterImpl-4ab24f66-bd6b-4106-b39e-8a9e797e32b6/datanode-0/meta/datanode.id
2019-10-21 08:05:15,488 [Datanode State Machine Thread - 0] INFO  datanode.InitDatanodeState (InitDatanodeState.java:persistContainerDatanodeDetails(140)) - DatanodeDetails is persisted to /workdir/hadoop-ozone/integration-test/target/test-dir/MiniOzoneClusterImpl-4ab24f66-bd6b-4106-b39e-8a9e797e32b6/datanode-1/meta/datanode.id
2019-10-21 08:05:15,490 [main] INFO  handler.ContextHandler (ContextHandler.java:doStart(781)) - Started o.e.j.w.WebAppContext@476fe690{/,file:///tmp/jetty-0.0.0.0-37980-hddsDatanode-_-any-3274874396850142810.dir/webapp/,AVAILABLE}{/hddsDatanode}
2019-10-21 08:05:15,490 [main] INFO  server.AbstractConnector (AbstractConnector.java:doStart(278)) - Started ServerConnector@7a0e7ecd{HTTP/1.1,[http/1.1]}{0.0.0.0:37980}
2019-10-21 08:05:15,491 [main] INFO  server.Server (Server.java:doStart(419)) - Started @5746ms
2019-10-21 08:05:15,491 [main] WARN  impl.MetricsSystemImpl (MetricsSystemImpl.java:register(276)) - Sink prometheus already exists!
2019-10-21 08:05:15,493 [main] INFO  server.BaseHttpServer (BaseHttpServer.java:updateConnectorAddress(215)) - HTTP server of HDDSDATANODE is listening at http://0.0.0.0:37980
2019-10-21 08:05:15,496 [main] INFO  ozone.MiniOzoneClusterImpl (MiniOzoneClusterImpl.java:lambda$waitForClusterToBeReady$0(147)) - Waiting for cluster to be ready. Got 0 of 3 DN Heartbeats.
2019-10-21 08:05:15,497 [org.apache.hadoop.util.JvmPauseMonitor$Monitor@7710cab0] INFO  util.JvmPauseMonitor (JvmPauseMonitor.java:run(188)) - Starting JVM pause monitor
2019-10-21 08:05:15,501 [Datanode State Machine Thread - 0] INFO  datanode.InitDatanodeState (InitDatanodeState.java:persistContainerDatanodeDetails(140)) - DatanodeDetails is persisted to /workdir/hadoop-ozone/integration-test/target/test-dir/MiniOzoneClusterImpl-4ab24f66-bd6b-4106-b39e-8a9e797e32b6/datanode-2/meta/datanode.id
2019-10-21 08:05:16,496 [main] INFO  ozone.MiniOzoneClusterImpl (MiniOzoneClusterImpl.java:lambda$waitForClusterToBeReady$0(147)) - Waiting for cluster to be ready. Got 0 of 3 DN Heartbeats.
2019-10-21 08:05:17,415 [Datanode State Machine Thread - 0] INFO  ozoneimpl.OzoneContainer (OzoneContainer.java:start(213)) - Attempting to start container services.
2019-10-21 08:05:17,419 [Datanode State Machine Thread - 0] INFO  ozoneimpl.OzoneContainer (OzoneContainer.java:startContainerScrub(177)) - Background container scanner has been disabled.
2019-10-21 08:05:17,419 [Datanode State Machine Thread - 0] INFO  ratis.XceiverServerRatis (XceiverServerRatis.java:start(418)) - Starting XceiverServerRatis 2f6ec408-7fd3-48a9-91b7-234721c6dbd9 at port 0
2019-10-21 08:05:17,441 [Datanode State Machine Thread - 0] INFO  ozoneimpl.OzoneContainer (OzoneContainer.java:start(213)) - Attempting to start container services.
2019-10-21 08:05:17,443 [Datanode State Machine Thread - 0] INFO  impl.RaftServerProxy (RaftServerProxy.java:lambda$start$3(299)) - 2f6ec408-7fd3-48a9-91b7-234721c6dbd9: start RPC server
2019-10-21 08:05:17,445 [Datanode State Machine Thread - 0] INFO  ozoneimpl.OzoneContainer (OzoneContainer.java:startContainerScrub(177)) - Background container scanner has been disabled.
2019-10-21 08:05:17,446 [Datanode State Machine Thread - 0] INFO  ratis.XceiverServerRatis (XceiverServerRatis.java:start(418)) - Starting XceiverServerRatis 65d24b39-69ca-4c04-8db2-5f56e7503c5d at port 0
2019-10-21 08:05:17,456 [Datanode State Machine Thread - 0] INFO  impl.RaftServerProxy (RaftServerProxy.java:lambda$start$3(299)) - 65d24b39-69ca-4c04-8db2-5f56e7503c5d: start RPC server
2019-10-21 08:05:17,497 [main] INFO  ozone.MiniOzoneClusterImpl (MiniOzoneClusterImpl.java:lambda$waitForClusterToBeReady$0(147)) - Waiting for cluster to be ready. Got 0 of 3 DN Heartbeats.
2019-10-21 08:05:17,514 [Datanode State Machine Thread - 0] INFO  ozoneimpl.OzoneContainer (OzoneContainer.java:start(213)) - Attempting to start container services.
2019-10-21 08:05:17,515 [Datanode State Machine Thread - 0] INFO  ozoneimpl.OzoneContainer (OzoneContainer.java:startContainerScrub(177)) - Background container scanner has been disabled.
2019-10-21 08:05:17,515 [Datanode State Machine Thread - 0] INFO  ratis.XceiverServerRatis (XceiverServerRatis.java:start(418)) - Starting XceiverServerRatis b166f5f1-a6ad-4c66-9d3e-7e796ecacb8a at port 0
2019-10-21 08:05:17,525 [Datanode State Machine Thread - 0] INFO  impl.RaftServerProxy (RaftServerProxy.java:lambda$start$3(299)) - b166f5f1-a6ad-4c66-9d3e-7e796ecacb8a: start RPC server
2019-10-21 08:05:17,572 [Datanode State Machine Thread - 0] INFO  server.GrpcService (GrpcService.java:startImpl(158)) - 65d24b39-69ca-4c04-8db2-5f56e7503c5d: GrpcService started, listening on 0.0.0.0/0.0.0.0:45259
2019-10-21 08:05:17,572 [Datanode State Machine Thread - 0] INFO  server.GrpcService (GrpcService.java:startImpl(158)) - b166f5f1-a6ad-4c66-9d3e-7e796ecacb8a: GrpcService started, listening on 0.0.0.0/0.0.0.0:39693
2019-10-21 08:05:17,572 [Datanode State Machine Thread - 0] INFO  server.GrpcService (GrpcService.java:startImpl(158)) - 2f6ec408-7fd3-48a9-91b7-234721c6dbd9: GrpcService started, listening on 0.0.0.0/0.0.0.0:41673
2019-10-21 08:05:17,573 [Datanode State Machine Thread - 0] INFO  ratis.XceiverServerRatis (XceiverServerRatis.java:start(428)) - XceiverServerRatis b166f5f1-a6ad-4c66-9d3e-7e796ecacb8a is started using port 39693
2019-10-21 08:05:17,573 [Datanode State Machine Thread - 0] INFO  ratis.XceiverServerRatis (XceiverServerRatis.java:start(428)) - XceiverServerRatis 65d24b39-69ca-4c04-8db2-5f56e7503c5d is started using port 45259
2019-10-21 08:05:17,573 [Datanode State Machine Thread - 0] INFO  ratis.XceiverServerRatis (XceiverServerRatis.java:start(428)) - XceiverServerRatis 2f6ec408-7fd3-48a9-91b7-234721c6dbd9 is started using port 41673
2019-10-21 08:05:17,578 [Datanode State Machine Thread - 0] INFO  server.XceiverServerGrpc (XceiverServerGrpc.java:start(149)) - XceiverServerGrpc 65d24b39-69ca-4c04-8db2-5f56e7503c5d is started using port 36706
2019-10-21 08:05:17,578 [Datanode State Machine Thread - 0] INFO  server.XceiverServerGrpc (XceiverServerGrpc.java:start(149)) - XceiverServerGrpc 2f6ec408-7fd3-48a9-91b7-234721c6dbd9 is started using port 36653
2019-10-21 08:05:17,578 [Datanode State Machine Thread - 0] INFO  server.XceiverServerGrpc (XceiverServerGrpc.java:start(149)) - XceiverServerGrpc b166f5f1-a6ad-4c66-9d3e-7e796ecacb8a is started using port 41808
2019-10-21 08:05:18,497 [main] INFO  ozone.MiniOzoneClusterImpl (MiniOzoneClusterImpl.java:lambda$waitForClusterToBeReady$0(147)) - Waiting for cluster to be ready. Got 0 of 3 DN Heartbeats.
2019-10-21 08:05:19,362 [IPC Server handler 0 on 35133] INFO  net.NetworkTopology (NetworkTopologyImpl.java:add(111)) - Added a new node: /default-rack/2f6ec408-7fd3-48a9-91b7-234721c6dbd9
2019-10-21 08:05:19,363 [IPC Server handler 0 on 35133] INFO  node.SCMNodeManager (SCMNodeManager.java:register(268)) - Registered Data node : 2f6ec408-7fd3-48a9-91b7-234721c6dbd9{ip: 192.168.34.35, host: pr-hdds-2334-ff2f7-1487717562, networkLocation: /default-rack, certSerialId: null}
2019-10-21 08:05:19,366 [EventQueue-NodeRegistrationContainerReportForDataNodeSafeModeRule] INFO  safemode.SCMSafeModeManager (DataNodeSafeModeRule.java:process(71)) - SCM in safe mode. 1 DataNodes registered, 1 required.
2019-10-21 08:05:19,366 [EventQueue-NodeRegistrationContainerReportForDataNodeSafeModeRule] INFO  safemode.SCMSafeModeManager (SCMSafeModeManager.java:validateSafeModeExitRules(177)) - ScmSafeModeManager, all rules are successfully validated
2019-10-21 08:05:19,367 [EventQueue-NodeRegistrationContainerReportForDataNodeSafeModeRule] INFO  safemode.SCMSafeModeManager (SCMSafeModeManager.java:exitSafeMode(193)) - SCM exiting safe mode.
2019-10-21 08:05:19,426 [IPC Server handler 2 on 35133] INFO  net.NetworkTopology (NetworkTopologyImpl.java:add(111)) - Added a new node: /default-rack/65d24b39-69ca-4c04-8db2-5f56e7503c5d
2019-10-21 08:05:19,426 [IPC Server handler 2 on 35133] INFO  node.SCMNodeManager (SCMNodeManager.java:register(268)) - Registered Data node : 65d24b39-69ca-4c04-8db2-5f56e7503c5d{ip: 192.168.34.35, host: pr-hdds-2334-ff2f7-1487717562, networkLocation: /default-rack, certSerialId: null}
2019-10-21 08:05:19,499 [main] INFO  ozone.MiniOzoneClusterImpl (MiniOzoneClusterImpl.java:lambda$waitForClusterToBeReady$0(147)) - Waiting for cluster to be ready. Got 2 of 3 DN Heartbeats.
2019-10-21 08:05:19,500 [IPC Server handler 3 on 35133] INFO  net.NetworkTopology (NetworkTopologyImpl.java:add(111)) - Added a new node: /default-rack/b166f5f1-a6ad-4c66-9d3e-7e796ecacb8a
2019-10-21 08:05:19,500 [IPC Server handler 3 on 35133] INFO  node.SCMNodeManager (SCMNodeManager.java:register(268)) - Registered Data node : b166f5f1-a6ad-4c66-9d3e-7e796ecacb8a{ip: 192.168.34.35, host: pr-hdds-2334-ff2f7-1487717562, networkLocation: /default-rack, certSerialId: null}
2019-10-21 08:05:19,864 [grpc-default-executor-0] INFO  impl.RaftServerProxy (RaftServerProxy.java:addNew(89)) - 2f6ec408-7fd3-48a9-91b7-234721c6dbd9: addNew group-1DF19F906E6F:[2f6ec408-7fd3-48a9-91b7-234721c6dbd9:192.168.34.35:41673] returns group-1DF19F906E6F:java.util.concurrent.CompletableFuture@22102005[Not completed]
2019-10-21 08:05:19,879 [pool-27-thread-1] INFO  impl.RaftServerImpl (RaftServerImpl.java:<init>(104)) - 2f6ec408-7fd3-48a9-91b7-234721c6dbd9: new RaftServerImpl for group-1DF19F906E6F:[2f6ec408-7fd3-48a9-91b7-234721c6dbd9:192.168.34.35:41673] with ContainerStateMachine:uninitialized
2019-10-21 08:05:19,882 [pool-27-thread-1] INFO  server.RaftServerConfigKeys (ConfUtils.java:logGet(43)) - raft.server.rpc.timeout.min = 5s (custom)
2019-10-21 08:05:19,883 [pool-27-thread-1] INFO  server.RaftServerConfigKeys (ConfUtils.java:logGet(43)) - raft.server.rpc.timeout.max = 5200ms (custom)
2019-10-21 08:05:19,883 [pool-27-thread-1] INFO  server.RaftServerConfigKeys (ConfUtils.java:logGet(43)) - raft.server.rpcslowness.timeout = 1000s (custom)
2019-10-21 08:05:19,884 [pool-27-thread-1] INFO  server.RaftServerConfigKeys (ConfUtils.java:logGet(43)) - raft.server.sleep.deviation.threshold = 300 (default)
2019-10-21 08:05:19,885 [pool-27-thread-1] INFO  server.RaftServerConfigKeys (ConfUtils.java:logGet(43)) - raft.server.log.appender.install.snapshot.enabled = false (custom)
2019-10-21 08:05:19,894 [pool-27-thread-1] INFO  impl.RaftServerImpl (ServerState.java:<init>(103)) - 2f6ec408-7fd3-48a9-91b7-234721c6dbd9@group-1DF19F906E6F: ConfigurationManager, init=-1: [2f6ec408-7fd3-48a9-91b7-234721c6dbd9:192.168.34.35:41673], old=null, confs=<EMPTY_MAP>
2019-10-21 08:05:19,895 [pool-27-thread-1] INFO  server.RaftServerConfigKeys (ConfUtils.java:logGet(43)) - raft.server.storage.dir = [/workdir/hadoop-ozone/integration-test/target/test-dir/MiniOzoneClusterImpl-4ab24f66-bd6b-4106-b39e-8a9e797e32b6/datanode-0/data/ratis] (custom)
2019-10-21 08:05:19,902 [pool-27-thread-1] INFO  server.RaftServerConfigKeys (ConfUtils.java:logGet(43)) - raft.server.log.corruption.policy = EXCEPTION (default)
2019-10-21 08:05:19,904 [pool-27-thread-1] INFO  storage.RaftStorageDirectory (RaftStorageDirectory.java:analyzeStorage(246)) - The storage directory /workdir/hadoop-ozone/integration-test/target/test-dir/MiniOzoneClusterImpl-4ab24f66-bd6b-4106-b39e-8a9e797e32b6/datanode-0/data/ratis/a1cbd42b-928f-4133-9b82-1df19f906e6f does not exist. Creating ...
2019-10-21 08:05:19,921 [pool-27-thread-1] INFO  storage.RaftStorageDirectory (RaftStorageDirectory.java:tryLock(328)) - Lock on /workdir/hadoop-ozone/integration-test/target/test-dir/MiniOzoneClusterImpl-4ab24f66-bd6b-4106-b39e-8a9e797e32b6/datanode-0/data/ratis/a1cbd42b-928f-4133-9b82-1df19f906e6f/in_use.lock acquired by nodename 15866@pr-hdds-2334-ff2f7-1487717562
2019-10-21 08:05:19,936 [pool-27-thread-1] INFO  storage.RaftStorage (RaftStorage.java:format(84)) - Storage directory /workdir/hadoop-ozone/integration-test/target/test-dir/MiniOzoneClusterImpl-4ab24f66-bd6b-4106-b39e-8a9e797e32b6/datanode-0/data/ratis/a1cbd42b-928f-4133-9b82-1df19f906e6f has been successfully formatted.
2019-10-21 08:05:19,939 [pool-27-thread-1] INFO  ratis.ContainerStateMachine (ContainerStateMachine.java:loadSnapshot(231)) - group-1DF19F906E6F: The snapshot info is null. Setting the last applied indexto:(t:0, i:~)
2019-10-21 08:05:19,939 [pool-27-thread-1] INFO  server.RaftServerConfigKeys (ConfUtils.java:logGet(43)) - raft.server.notification.no-leader.timeout = 1000s (custom)
2019-10-21 08:05:19,942 [pool-27-thread-1] INFO  server.RaftServerConfigKeys (ConfUtils.java:logGet(43)) - raft.server.log.use.memory = false (default)
2019-10-21 08:05:19,948 [pool-27-thread-1] INFO  server.RaftServerConfigKeys (ConfUtils.java:logGet(43)) - raft.server.log.purge.gap = 1000000 (custom)
2019-10-21 08:05:19,948 [pool-27-thread-1] INFO  server.RaftServerConfigKeys (ConfUtils.java:logGet(43)) - raft.server.log.appender.buffer.byte-limit = 33554432 (custom)
2019-10-21 08:05:19,950 [pool-27-thread-1] INFO  server.RaftServerConfigKeys (ConfUtils.java:logGet(43)) - raft.server.log.segment.size.max = 1048576 (custom)
2019-10-21 08:05:19,952 [pool-27-thread-1] INFO  impl.MetricsSystemImpl (MetricsSystemImpl.java:init(158)) - ratis metrics system started (again)
2019-10-21 08:05:19,956 [pool-27-thread-1] INFO  metrics.MetricRegistries (MetricRegistriesLoader.java:load(64)) - Loaded MetricRegistries class org.apache.ratis.metrics.impl.MetricRegistriesImpl
2019-10-21 08:05:19,993 [pool-27-thread-1] INFO  server.RaftServerConfigKeys (ConfUtils.java:logGet(43)) - raft.server.log.segment.cache.num.max = 2 (custom)
2019-10-21 08:05:19,999 [pool-27-thread-1] INFO  segmented.SegmentedRaftLogWorker (SegmentedRaftLogWorker.java:<init>(173)) - new 2f6ec408-7fd3-48a9-91b7-234721c6dbd9@group-1DF19F906E6F-SegmentedRaftLogWorker for RaftStorage:Storage Directory /workdir/hadoop-ozone/integration-test/target/test-dir/MiniOzoneClusterImpl-4ab24f66-bd6b-4106-b39e-8a9e797e32b6/datanode-0/data/ratis/a1cbd42b-928f-4133-9b82-1df19f906e6f
2019-10-21 08:05:19,999 [pool-27-thread-1] INFO  server.RaftServerConfigKeys (ConfUtils.java:logGet(43)) - raft.server.log.queue.byte-limit = 2147483647 (custom)
2019-10-21 08:05:20,000 [pool-27-thread-1] INFO  server.RaftServerConfigKeys (ConfUtils.java:logGet(43)) - raft.server.log.queue.element-limit = 1024 (custom)
2019-10-21 08:05:20,001 [pool-27-thread-1] INFO  server.RaftServerConfigKeys (ConfUtils.java:logGet(43)) - raft.server.log.segment.size.max = 1048576 (custom)
2019-10-21 08:05:20,002 [pool-27-thread-1] INFO  server.RaftServerConfigKeys (ConfUtils.java:logGet(43)) - raft.server.log.preallocated.size = 16384 (custom)
2019-10-21 08:05:20,002 [pool-27-thread-1] INFO  server.RaftServerConfigKeys (ConfUtils.java:logGet(43)) - raft.server.log.write.buffer.size = 33554432 (custom)
2019-10-21 08:05:20,003 [pool-27-thread-1] INFO  server.RaftServerConfigKeys (ConfUtils.java:logGet(43)) - raft.server.log.force.sync.num = 128 (default)
2019-10-21 08:05:20,004 [pool-27-thread-1] INFO  server.RaftServerConfigKeys (ConfUtils.java:logGet(43)) - raft.server.log.statemachine.data.sync = true (default)
2019-10-21 08:05:20,004 [pool-27-thread-1] INFO  server.RaftServerConfigKeys (ConfUtils.java:logGet(43)) - raft.server.log.statemachine.data.sync.timeout = 10s (default)
2019-10-21 08:05:20,004 [pool-27-thread-1] INFO  server.RaftServerConfigKeys (ConfUtils.java:logGet(43)) - raft.server.log.statemachine.data.sync.timeout.retry = -1 (default)
2019-10-21 08:05:20,015 [pool-27-thread-1] INFO  server.RaftServerConfigKeys (ConfUtils.java:logGet(43)) - raft.server.log.statemachine.data.caching.enabled = true (custom)
2019-10-21 08:05:20,020 [pool-27-thread-1] INFO  segmented.SegmentedRaftLogWorker (SegmentedRaftLogWorker.java:lambda$new$0(128)) - 2f6ec408-7fd3-48a9-91b7-234721c6dbd9@group-1DF19F906E6F-SegmentedRaftLogWorker: flushIndex: setUnconditionally 0 -> -1
2019-10-21 08:05:20,024 [pool-27-thread-1] INFO  server.RaftServerConfigKeys (ConfUtils.java:logGet(43)) - raft.server.snapshot.auto.trigger.enabled = true (custom)
2019-10-21 08:05:20,025 [pool-27-thread-1] INFO  server.RaftServerConfigKeys (ConfUtils.java:logGet(43)) - raft.server.snapshot.auto.trigger.threshold = 10000 (custom)
2019-10-21 08:05:20,025 [pool-27-thread-1] INFO  server.RaftServerConfigKeys (ConfUtils.java:logGet(43)) - raft.server.snapshot.retention.file.num = 5 (custom)
2019-10-21 08:05:20,026 [pool-27-thread-1] INFO  server.RaftServerConfigKeys (ConfUtils.java:logGet(43)) - raft.server.retrycache.expirytime = 600000ms (custom)
2019-10-21 08:05:20,064 [pool-27-thread-1] INFO  impl.RaftServerImpl (RaftServerImpl.java:start(195)) - 2f6ec408-7fd3-48a9-91b7-234721c6dbd9@group-1DF19F906E6F: start as a follower, conf=-1: [2f6ec408-7fd3-48a9-91b7-234721c6dbd9:192.168.34.35:41673], old=null
2019-10-21 08:05:20,065 [pool-27-thread-1] INFO  impl.RaftServerImpl (RaftServerImpl.java:setRole(184)) - 2f6ec408-7fd3-48a9-91b7-234721c6dbd9@group-1DF19F906E6F: changes role from      null to FOLLOWER at term 0 for startAsFollower
2019-10-21 08:05:20,066 [pool-27-thread-1] INFO  impl.RoleInfo (RoleInfo.java:updateAndGet(143)) - 2f6ec408-7fd3-48a9-91b7-234721c6dbd9: start FollowerState
2019-10-21 08:05:20,067 [pool-27-thread-1] INFO  util.JmxRegister (JmxRegister.java:tryRegister(44)) - Successfully registered JMX Bean with object name Ratis:service=RaftServer,group=group-1DF19F906E6F,id=2f6ec408-7fd3-48a9-91b7-234721c6dbd9
2019-10-21 08:05:20,141 [RatisPipelineUtilsThread] INFO  pipeline.PipelineStateManager (PipelineStateManager.java:addPipeline(56)) - Created pipeline Pipeline[ Id: a1cbd42b-928f-4133-9b82-1df19f906e6f, Nodes: 2f6ec408-7fd3-48a9-91b7-234721c6dbd9{ip: 192.168.34.35, host: pr-hdds-2334-ff2f7-1487717562, networkLocation: /default-rack, certSerialId: null}, Type:RATIS, Factor:ONE, State:OPEN]
2019-10-21 08:05:20,161 [grpc-default-executor-0] INFO  impl.RaftServerProxy (RaftServerProxy.java:addNew(89)) - b166f5f1-a6ad-4c66-9d3e-7e796ecacb8a: addNew group-F10666905C5B:[b166f5f1-a6ad-4c66-9d3e-7e796ecacb8a:192.168.34.35:39693] returns group-F10666905C5B:java.util.concurrent.CompletableFuture@6c2d9010[Not completed]
2019-10-21 08:05:20,185 [pool-47-thread-1] INFO  impl.RaftServerImpl (RaftServerImpl.java:<init>(104)) - b166f5f1-a6ad-4c66-9d3e-7e796ecacb8a: new RaftServerImpl for group-F10666905C5B:[b166f5f1-a6ad-4c66-9d3e-7e796ecacb8a:192.168.34.35:39693] with ContainerStateMachine:uninitialized
2019-10-21 08:05:20,187 [pool-47-thread-1] INFO  server.RaftServerConfigKeys (ConfUtils.java:logGet(43)) - raft.server.rpc.timeout.min = 5s (custom)
2019-10-21 08:05:20,187 [pool-47-thread-1] INFO  server.RaftServerConfigKeys (ConfUtils.java:logGet(43)) - raft.server.rpc.timeout.max = 5200ms (custom)
2019-10-21 08:05:20,187 [pool-47-thread-1] INFO  server.RaftServerConfigKeys (ConfUtils.java:logGet(43)) - raft.server.rpcslowness.timeout = 1000s (custom)
2019-10-21 08:05:20,188 [pool-47-thread-1] INFO  server.RaftServerConfigKeys (ConfUtils.java:logGet(43)) - raft.server.sleep.deviation.threshold = 300 (default)
2019-10-21 08:05:20,188 [pool-47-thread-1] INFO  server.RaftServerConfigKeys (ConfUtils.java:logGet(43)) - raft.server.log.appender.install.snapshot.enabled = false (custom)
2019-10-21 08:05:20,188 [pool-47-thread-1] INFO  impl.RaftServerImpl (ServerState.java:<init>(103)) - b166f5f1-a6ad-4c66-9d3e-7e796ecacb8a@group-F10666905C5B: ConfigurationManager, init=-1: [b166f5f1-a6ad-4c66-9d3e-7e796ecacb8a:192.168.34.35:39693], old=null, confs=<EMPTY_MAP>
2019-10-21 08:05:20,188 [pool-47-thread-1] INFO  server.RaftServerConfigKeys (ConfUtils.java:logGet(43)) - raft.server.storage.dir = [/workdir/hadoop-ozone/integration-test/target/test-dir/MiniOzoneClusterImpl-4ab24f66-bd6b-4106-b39e-8a9e797e32b6/datanode-2/data/ratis] (custom)
2019-10-21 08:05:20,189 [pool-47-thread-1] INFO  server.RaftServerConfigKeys (ConfUtils.java:logGet(43)) - raft.server.log.corruption.policy = EXCEPTION (default)
2019-10-21 08:05:20,189 [pool-47-thread-1] INFO  storage.RaftStorageDirectory (RaftStorageDirectory.java:analyzeStorage(246)) - The storage directory /workdir/hadoop-ozone/integration-test/target/test-dir/MiniOzoneClusterImpl-4ab24f66-bd6b-4106-b39e-8a9e797e32b6/datanode-2/data/ratis/e9424d83-3f1e-4b56-b972-f10666905c5b does not exist. Creating ...
2019-10-21 08:05:20,205 [Thread-186] INFO  impl.FollowerState (FollowerState.java:run(108)) - 2f6ec408-7fd3-48a9-91b7-234721c6dbd9@group-1DF19F906E6F-FollowerState: change to CANDIDATE, lastRpcTime:139ms, electionTimeout:138ms
2019-10-21 08:05:20,208 [Thread-186] INFO  impl.RoleInfo (RoleInfo.java:shutdownFollowerState(121)) - 2f6ec408-7fd3-48a9-91b7-234721c6dbd9: shutdown FollowerState
2019-10-21 08:05:20,209 [Thread-186] INFO  impl.RaftServerImpl (RaftServerImpl.java:setRole(184)) - 2f6ec408-7fd3-48a9-91b7-234721c6dbd9@group-1DF19F906E6F: changes role from  FOLLOWER to CANDIDATE at term 0 for changeToCandidate
2019-10-21 08:05:20,214 [Thread-186] INFO  impl.RoleInfo (RoleInfo.java:updateAndGet(143)) - 2f6ec408-7fd3-48a9-91b7-234721c6dbd9: start LeaderElection
2019-10-21 08:05:20,215 [pool-47-thread-1] INFO  storage.RaftStorageDirectory (RaftStorageDirectory.java:tryLock(328)) - Lock on /workdir/hadoop-ozone/integration-test/target/test-dir/MiniOzoneClusterImpl-4ab24f66-bd6b-4106-b39e-8a9e797e32b6/datanode-2/data/ratis/e9424d83-3f1e-4b56-b972-f10666905c5b/in_use.lock acquired by nodename 15866@pr-hdds-2334-ff2f7-1487717562
2019-10-21 08:05:20,236 [pool-47-thread-1] INFO  storage.RaftStorage (RaftStorage.java:format(84)) - Storage directory /workdir/hadoop-ozone/integration-test/target/test-dir/MiniOzoneClusterImpl-4ab24f66-bd6b-4106-b39e-8a9e797e32b6/datanode-2/data/ratis/e9424d83-3f1e-4b56-b972-f10666905c5b has been successfully formatted.
2019-10-21 08:05:20,237 [2f6ec408-7fd3-48a9-91b7-234721c6dbd9@group-1DF19F906E6F-LeaderElection1] INFO  impl.LeaderElection (LeaderElection.java:askForVotes(178)) - 2f6ec408-7fd3-48a9-91b7-234721c6dbd9@group-1DF19F906E6F-LeaderElection1: begin an election at term 1 for -1: [2f6ec408-7fd3-48a9-91b7-234721c6dbd9:192.168.34.35:41673], old=null
2019-10-21 08:05:20,238 [pool-47-thread-1] INFO  ratis.ContainerStateMachine (ContainerStateMachine.java:loadSnapshot(231)) - group-F10666905C5B: The snapshot info is null. Setting the last applied indexto:(t:0, i:~)
2019-10-21 08:05:20,239 [pool-47-thread-1] INFO  server.RaftServerConfigKeys (ConfUtils.java:logGet(43)) - raft.server.notification.no-leader.timeout = 1000s (custom)
2019-10-21 08:05:20,239 [pool-47-thread-1] INFO  server.RaftServerConfigKeys (ConfUtils.java:logGet(43)) - raft.server.log.use.memory = false (default)
2019-10-21 08:05:20,240 [pool-47-thread-1] INFO  server.RaftServerConfigKeys (ConfUtils.java:logGet(43)) - raft.server.log.purge.gap = 1000000 (custom)
2019-10-21 08:05:20,240 [pool-47-thread-1] INFO  server.RaftServerConfigKeys (ConfUtils.java:logGet(43)) - raft.server.log.appender.buffer.byte-limit = 33554432 (custom)
2019-10-21 08:05:20,240 [pool-47-thread-1] INFO  server.RaftServerConfigKeys (ConfUtils.java:logGet(43)) - raft.server.log.segment.size.max = 1048576 (custom)
2019-10-21 08:05:20,240 [2f6ec408-7fd3-48a9-91b7-234721c6dbd9@group-1DF19F906E6F-LeaderElection1] INFO  impl.RoleInfo (RoleInfo.java:shutdownLeaderElection(134)) - 2f6ec408-7fd3-48a9-91b7-234721c6dbd9: shutdown LeaderElection
2019-10-21 08:05:20,241 [2f6ec408-7fd3-48a9-91b7-234721c6dbd9@group-1DF19F906E6F-LeaderElection1] INFO  impl.RaftServerImpl (RaftServerImpl.java:setRole(184)) - 2f6ec408-7fd3-48a9-91b7-234721c6dbd9@group-1DF19F906E6F: changes role from CANDIDATE to LEADER at term 1 for changeToLeader
2019-10-21 08:05:20,241 [2f6ec408-7fd3-48a9-91b7-234721c6dbd9@group-1DF19F906E6F-LeaderElection1] INFO  impl.RaftServerImpl (ServerState.java:setLeader(256)) - 2f6ec408-7fd3-48a9-91b7-234721c6dbd9@group-1DF19F906E6F: change Leader from null to 2f6ec408-7fd3-48a9-91b7-234721c6dbd9 at term 1 for becomeLeader, leader elected after 302ms
2019-10-21 08:05:20,246 [pool-47-thread-1] INFO  server.RaftServerConfigKeys (ConfUtils.java:logGet(43)) - raft.server.log.segment.cache.num.max = 2 (custom)
2019-10-21 08:05:20,247 [pool-47-thread-1] INFO  segmented.SegmentedRaftLogWorker (SegmentedRaftLogWorker.java:<init>(173)) - new b166f5f1-a6ad-4c66-9d3e-7e796ecacb8a@group-F10666905C5B-SegmentedRaftLogWorker for RaftStorage:Storage Directory /workdir/hadoop-ozone/integration-test/target/test-dir/MiniOzoneClusterImpl-4ab24f66-bd6b-4106-b39e-8a9e797e32b6/datanode-2/data/ratis/e9424d83-3f1e-4b56-b972-f10666905c5b
2019-10-21 08:05:20,248 [pool-47-thread-1] INFO  server.RaftServerConfigKeys (ConfUtils.java:logGet(43)) - raft.server.log.queue.byte-limit = 2147483647 (custom)
2019-10-21 08:05:20,248 [pool-47-thread-1] INFO  server.RaftServerConfigKeys (ConfUtils.java:logGet(43)) - raft.server.log.queue.element-limit = 1024 (custom)
2019-10-21 08:05:20,248 [2f6ec408-7fd3-48a9-91b7-234721c6dbd9@group-1DF19F906E6F-LeaderElection1] INFO  server.RaftServerConfigKeys (ConfUtils.java:logGet(43)) - raft.server.staging.catchup.gap = 1000 (default)
2019-10-21 08:05:20,248 [pool-47-thread-1] INFO  server.RaftServerConfigKeys (ConfUtils.java:logGet(43)) - raft.server.log.segment.size.max = 1048576 (custom)
2019-10-21 08:05:20,248 [2f6ec408-7fd3-48a9-91b7-234721c6dbd9@group-1DF19F906E6F-LeaderElection1] INFO  server.RaftServerConfigKeys (ConfUtils.java:logGet(43)) - raft.server.rpc.sleep.time = 25ms (default)
2019-10-21 08:05:20,248 [pool-47-thread-1] INFO  server.RaftServerConfigKeys (ConfUtils.java:logGet(43)) - raft.server.log.preallocated.size = 16384 (custom)
2019-10-21 08:05:20,249 [pool-47-thread-1] INFO  server.RaftServerConfigKeys (ConfUtils.java:logGet(43)) - raft.server.log.write.buffer.size = 33554432 (custom)
2019-10-21 08:05:20,249 [pool-47-thread-1] INFO  server.RaftServerConfigKeys (ConfUtils.java:logGet(43)) - raft.server.log.force.sync.num = 128 (default)
2019-10-21 08:05:20,249 [pool-47-thread-1] INFO  server.RaftServerConfigKeys (ConfUtils.java:logGet(43)) - raft.server.log.statemachine.data.sync = true (default)
2019-10-21 08:05:20,249 [pool-47-thread-1] INFO  server.RaftServerConfigKeys (ConfUtils.java:logGet(43)) - raft.server.log.statemachine.data.sync.timeout = 10s (default)
2019-10-21 08:05:20,250 [pool-47-thread-1] INFO  server.RaftServerConfigKeys (ConfUtils.java:logGet(43)) - raft.server.log.statemachine.data.sync.timeout.retry = -1 (default)
2019-10-21 08:05:20,251 [pool-47-thread-1] INFO  server.RaftServerConfigKeys (ConfUtils.java:logGet(43)) - raft.server.log.statemachine.data.caching.enabled = true (custom)
2019-10-21 08:05:20,251 [pool-47-thread-1] INFO  segmented.SegmentedRaftLogWorker (SegmentedRaftLogWorker.java:lambda$new$0(128)) - b166f5f1-a6ad-4c66-9d3e-7e796ecacb8a@group-F10666905C5B-SegmentedRaftLogWorker: flushIndex: setUnconditionally 0 -> -1
2019-10-21 08:05:20,252 [pool-47-thread-1] INFO  server.RaftServerConfigKeys (ConfUtils.java:logGet(43)) - raft.server.snapshot.auto.trigger.enabled = true (custom)
2019-10-21 08:05:20,252 [pool-47-thread-1] INFO  server.RaftServerConfigKeys (ConfUtils.java:logGet(43)) - raft.server.snapshot.auto.trigger.threshold = 10000 (custom)
2019-10-21 08:05:20,252 [pool-47-thread-1] INFO  server.RaftServerConfigKeys (ConfUtils.java:logGet(43)) - raft.server.snapshot.retention.file.num = 5 (custom)
2019-10-21 08:05:20,252 [pool-47-thread-1] INFO  server.RaftServerConfigKeys (ConfUtils.java:logGet(43)) - raft.server.retrycache.expirytime = 600000ms (custom)
2019-10-21 08:05:20,253 [2f6ec408-7fd3-48a9-91b7-234721c6dbd9@group-1DF19F906E6F-LeaderElection1] INFO  server.RaftServerConfigKeys (ConfUtils.java:logGet(43)) - raft.server.write.element-limit = 4096 (default)
2019-10-21 08:05:20,255 [2f6ec408-7fd3-48a9-91b7-234721c6dbd9@group-1DF19F906E6F-LeaderElection1] INFO  server.RaftServerConfigKeys (ConfUtils.java:logGet(43)) - raft.server.watch.timeout = 10s (default)
2019-10-21 08:05:20,255 [2f6ec408-7fd3-48a9-91b7-234721c6dbd9@group-1DF19F906E6F-LeaderElection1] INFO  server.RaftServerConfigKeys (ConfUtils.java:logGet(43)) - raft.server.watch.timeout.denomination = 1s (default)
2019-10-21 08:05:20,256 [2f6ec408-7fd3-48a9-91b7-234721c6dbd9@group-1DF19F906E6F-LeaderElection1] INFO  server.RaftServerConfigKeys (ConfUtils.java:logGet(43)) - raft.server.watch.element-limit = 65536 (default)
2019-10-21 08:05:20,289 [pool-47-thread-1] INFO  impl.RaftServerImpl (RaftServerImpl.java:start(195)) - b166f5f1-a6ad-4c66-9d3e-7e796ecacb8a@group-F10666905C5B: start as a follower, conf=-1: [b166f5f1-a6ad-4c66-9d3e-7e796ecacb8a:192.168.34.35:39693], old=null
2019-10-21 08:05:20,290 [pool-47-thread-1] INFO  impl.RaftServerImpl (RaftServerImpl.java:setRole(184)) - b166f5f1-a6ad-4c66-9d3e-7e796ecacb8a@group-F10666905C5B: changes role from      null to FOLLOWER at term 0 for startAsFollower
2019-10-21 08:05:20,290 [pool-47-thread-1] INFO  impl.RoleInfo (RoleInfo.java:updateAndGet(143)) - b166f5f1-a6ad-4c66-9d3e-7e796ecacb8a: start FollowerState
2019-10-21 08:05:20,291 [pool-47-thread-1] INFO  util.JmxRegister (JmxRegister.java:tryRegister(44)) - Successfully registered JMX Bean with object name Ratis:service=RaftServer,group=group-F10666905C5B,id=b166f5f1-a6ad-4c66-9d3e-7e796ecacb8a
2019-10-21 08:05:20,300 [2f6ec408-7fd3-48a9-91b7-234721c6dbd9@group-1DF19F906E6F-LeaderElection1] INFO  impl.RoleInfo (RoleInfo.java:updateAndGet(143)) - 2f6ec408-7fd3-48a9-91b7-234721c6dbd9: start LeaderState
2019-10-21 08:05:20,308 [RatisPipelineUtilsThread] INFO  pipeline.PipelineStateManager (PipelineStateManager.java:addPipeline(56)) - Created pipeline Pipeline[ Id: e9424d83-3f1e-4b56-b972-f10666905c5b, Nodes: b166f5f1-a6ad-4c66-9d3e-7e796ecacb8a{ip: 192.168.34.35, host: pr-hdds-2334-ff2f7-1487717562, networkLocation: /default-rack, certSerialId: null}, Type:RATIS, Factor:ONE, State:OPEN]
2019-10-21 08:05:20,324 [2f6ec408-7fd3-48a9-91b7-234721c6dbd9@group-1DF19F906E6F-LeaderElection1] INFO  segmented.SegmentedRaftLogWorker (SegmentedRaftLogWorker.java:startLogSegment(385)) - 2f6ec408-7fd3-48a9-91b7-234721c6dbd9@group-1DF19F906E6F-SegmentedRaftLogWorker: Starting segment from index:0
2019-10-21 08:05:20,331 [grpc-default-executor-0] INFO  impl.RaftServerProxy (RaftServerProxy.java:addNew(89)) - 65d24b39-69ca-4c04-8db2-5f56e7503c5d: addNew group-21946FCFD0C6:[65d24b39-69ca-4c04-8db2-5f56e7503c5d:192.168.34.35:45259] returns group-21946FCFD0C6:java.util.concurrent.CompletableFuture@6fe62ab7[Not completed]
2019-10-21 08:05:20,333 [pool-37-thread-1] INFO  impl.RaftServerImpl (RaftServerImpl.java:<init>(104)) - 65d24b39-69ca-4c04-8db2-5f56e7503c5d: new RaftServerImpl for group-21946FCFD0C6:[65d24b39-69ca-4c04-8db2-5f56e7503c5d:192.168.34.35:45259] with ContainerStateMachine:uninitialized
2019-10-21 08:05:20,334 [pool-37-thread-1] INFO  server.RaftServerConfigKeys (ConfUtils.java:logGet(43)) - raft.server.rpc.timeout.min = 5s (custom)
2019-10-21 08:05:20,334 [pool-37-thread-1] INFO  server.RaftServerConfigKeys (ConfUtils.java:logGet(43)) - raft.server.rpc.timeout.max = 5200ms (custom)
2019-10-21 08:05:20,334 [pool-37-thread-1] INFO  server.RaftServerConfigKeys (ConfUtils.java:logGet(43)) - raft.server.rpcslowness.timeout = 1000s (custom)
2019-10-21 08:05:20,335 [pool-37-thread-1] INFO  server.RaftServerConfigKeys (ConfUtils.java:logGet(43)) - raft.server.sleep.deviation.threshold = 300 (default)
2019-10-21 08:05:20,335 [pool-37-thread-1] INFO  server.RaftServerConfigKeys (ConfUtils.java:logGet(43)) - raft.server.log.appender.install.snapshot.enabled = false (custom)
2019-10-21 08:05:20,335 [pool-37-thread-1] INFO  impl.RaftServerImpl (ServerState.java:<init>(103)) - 65d24b39-69ca-4c04-8db2-5f56e7503c5d@group-21946FCFD0C6: ConfigurationManager, init=-1: [65d24b39-69ca-4c04-8db2-5f56e7503c5d:192.168.34.35:45259], old=null, confs=<EMPTY_MAP>
2019-10-21 08:05:20,335 [pool-37-thread-1] INFO  server.RaftServerConfigKeys (ConfUtils.java:logGet(43)) - raft.server.storage.dir = [/workdir/hadoop-ozone/integration-test/target/test-dir/MiniOzoneClusterImpl-4ab24f66-bd6b-4106-b39e-8a9e797e32b6/datanode-1/data/ratis] (custom)
2019-10-21 08:05:20,336 [pool-37-thread-1] INFO  server.RaftServerConfigKeys (ConfUtils.java:logGet(43)) - raft.server.log.corruption.policy = EXCEPTION (default)
2019-10-21 08:05:20,336 [pool-37-thread-1] INFO  storage.RaftStorageDirectory (RaftStorageDirectory.java:analyzeStorage(246)) - The storage directory /workdir/hadoop-ozone/integration-test/target/test-dir/MiniOzoneClusterImpl-4ab24f66-bd6b-4106-b39e-8a9e797e32b6/datanode-1/data/ratis/7f519a81-54c7-40ee-88d7-21946fcfd0c6 does not exist. Creating ...
2019-10-21 08:05:20,339 [2f6ec408-7fd3-48a9-91b7-234721c6dbd9@group-1DF19F906E6F-LeaderElection1] INFO  impl.RaftServerImpl (ServerState.java:setRaftConf(357)) - 2f6ec408-7fd3-48a9-91b7-234721c6dbd9@group-1DF19F906E6F: set configuration 0: [2f6ec408-7fd3-48a9-91b7-234721c6dbd9:192.168.34.35:41673], old=null at 0
2019-10-21 08:05:20,357 [pool-37-thread-1] INFO  storage.RaftStorageDirectory (RaftStorageDirectory.java:tryLock(328)) - Lock on /workdir/hadoop-ozone/integration-test/target/test-dir/MiniOzoneClusterImpl-4ab24f66-bd6b-4106-b39e-8a9e797e32b6/datanode-1/data/ratis/7f519a81-54c7-40ee-88d7-21946fcfd0c6/in_use.lock acquired by nodename 15866@pr-hdds-2334-ff2f7-1487717562
2019-10-21 08:05:20,380 [pool-37-thread-1] INFO  storage.RaftStorage (RaftStorage.java:format(84)) - Storage directory /workdir/hadoop-ozone/integration-test/target/test-dir/MiniOzoneClusterImpl-4ab24f66-bd6b-4106-b39e-8a9e797e32b6/datanode-1/data/ratis/7f519a81-54c7-40ee-88d7-21946fcfd0c6 has been successfully formatted.
2019-10-21 08:05:20,380 [pool-37-thread-1] INFO  ratis.ContainerStateMachine (ContainerStateMachine.java:loadSnapshot(231)) - group-21946FCFD0C6: The snapshot info is null. Setting the last applied indexto:(t:0, i:~)
2019-10-21 08:05:20,380 [pool-37-thread-1] INFO  server.RaftServerConfigKeys (ConfUtils.java:logGet(43)) - raft.server.notification.no-leader.timeout = 1000s (custom)
2019-10-21 08:05:20,381 [pool-37-thread-1] INFO  server.RaftServerConfigKeys (ConfUtils.java:logGet(43)) - raft.server.log.use.memory = false (default)
2019-10-21 08:05:20,381 [pool-37-thread-1] INFO  server.RaftServerConfigKeys (ConfUtils.java:logGet(43)) - raft.server.log.purge.gap = 1000000 (custom)
2019-10-21 08:05:20,381 [pool-37-thread-1] INFO  server.RaftServerConfigKeys (ConfUtils.java:logGet(43)) - raft.server.log.appender.buffer.byte-limit = 33554432 (custom)
2019-10-21 08:05:20,381 [pool-37-thread-1] INFO  server.RaftServerConfigKeys (ConfUtils.java:logGet(43)) - raft.server.log.segment.size.max = 1048576 (custom)
2019-10-21 08:05:20,385 [pool-37-thread-1] INFO  server.RaftServerConfigKeys (ConfUtils.java:logGet(43)) - raft.server.log.segment.cache.num.max = 2 (custom)
2019-10-21 08:05:20,385 [pool-37-thread-1] INFO  segmented.SegmentedRaftLogWorker (SegmentedRaftLogWorker.java:<init>(173)) - new 65d24b39-69ca-4c04-8db2-5f56e7503c5d@group-21946FCFD0C6-SegmentedRaftLogWorker for RaftStorage:Storage Directory /workdir/hadoop-ozone/integration-test/target/test-dir/MiniOzoneClusterImpl-4ab24f66-bd6b-4106-b39e-8a9e797e32b6/datanode-1/data/ratis/7f519a81-54c7-40ee-88d7-21946fcfd0c6
2019-10-21 08:05:20,385 [pool-37-thread-1] INFO  server.RaftServerConfigKeys (ConfUtils.java:logGet(43)) - raft.server.log.queue.byte-limit = 2147483647 (custom)
2019-10-21 08:05:20,385 [pool-37-thread-1] INFO  server.RaftServerConfigKeys (ConfUtils.java:logGet(43)) - raft.server.log.queue.element-limit = 1024 (custom)
2019-10-21 08:05:20,385 [pool-37-thread-1] INFO  server.RaftServerConfigKeys (ConfUtils.java:logGet(43)) - raft.server.log.segment.size.max = 1048576 (custom)
2019-10-21 08:05:20,385 [pool-37-thread-1] INFO  server.RaftServerConfigKeys (ConfUtils.java:logGet(43)) - raft.server.log.preallocated.size = 16384 (custom)
2019-10-21 08:05:20,386 [pool-37-thread-1] INFO  server.RaftServerConfigKeys (ConfUtils.java:logGet(43)) - raft.server.log.write.buffer.size = 33554432 (custom)
2019-10-21 08:05:20,386 [pool-37-thread-1] INFO  server.RaftServerConfigKeys (ConfUtils.java:logGet(43)) - raft.server.log.force.sync.num = 128 (default)
2019-10-21 08:05:20,386 [pool-37-thread-1] INFO  server.RaftServerConfigKeys (ConfUtils.java:logGet(43)) - raft.server.log.statemachine.data.sync = true (default)
2019-10-21 08:05:20,386 [pool-37-thread-1] INFO  server.RaftServerConfigKeys (ConfUtils.java:logGet(43)) - raft.server.log.statemachine.data.sync.timeout = 10s (default)
2019-10-21 08:05:20,386 [pool-37-thread-1] INFO  server.RaftServerConfigKeys (ConfUtils.java:logGet(43)) - raft.server.log.statemachine.data.sync.timeout.retry = -1 (default)
2019-10-21 08:05:20,387 [pool-37-thread-1] INFO  server.RaftServerConfigKeys (ConfUtils.java:logGet(43)) - raft.server.log.statemachine.data.caching.enabled = true (custom)
2019-10-21 08:05:20,387 [pool-37-thread-1] INFO  segmented.SegmentedRaftLogWorker (SegmentedRaftLogWorker.java:lambda$new$0(128)) - 65d24b39-69ca-4c04-8db2-5f56e7503c5d@group-21946FCFD0C6-SegmentedRaftLogWorker: flushIndex: setUnconditionally 0 -> -1
2019-10-21 08:05:20,388 [pool-37-thread-1] INFO  server.RaftServerConfigKeys (ConfUtils.java:logGet(43)) - raft.server.snapshot.auto.trigger.enabled = true (custom)
2019-10-21 08:05:20,388 [pool-37-thread-1] INFO  server.RaftServerConfigKeys (ConfUtils.java:logGet(43)) - raft.server.snapshot.auto.trigger.threshold = 10000 (custom)
2019-10-21 08:05:20,388 [pool-37-thread-1] INFO  server.RaftServerConfigKeys (ConfUtils.java:logGet(43)) - raft.server.snapshot.retention.file.num = 5 (custom)
2019-10-21 08:05:20,388 [pool-37-thread-1] INFO  server.RaftServerConfigKeys (ConfUtils.java:logGet(43)) - raft.server.retrycache.expirytime = 600000ms (custom)
2019-10-21 08:05:20,394 [pool-37-thread-1] INFO  impl.RaftServerImpl (RaftServerImpl.java:start(195)) - 65d24b39-69ca-4c04-8db2-5f56e7503c5d@group-21946FCFD0C6: start as a follower, conf=-1: [65d24b39-69ca-4c04-8db2-5f56e7503c5d:192.168.34.35:45259], old=null
2019-10-21 08:05:20,394 [pool-37-thread-1] INFO  impl.RaftServerImpl (RaftServerImpl.java:setRole(184)) - 65d24b39-69ca-4c04-8db2-5f56e7503c5d@group-21946FCFD0C6: changes role from      null to FOLLOWER at term 0 for startAsFollower
2019-10-21 08:05:20,394 [pool-37-thread-1] INFO  impl.RoleInfo (RoleInfo.java:updateAndGet(143)) - 65d24b39-69ca-4c04-8db2-5f56e7503c5d: start FollowerState
2019-10-21 08:05:20,395 [pool-37-thread-1] INFO  util.JmxRegister (JmxRegister.java:tryRegister(44)) - Successfully registered JMX Bean with object name Ratis:service=RaftServer,group=group-21946FCFD0C6,id=65d24b39-69ca-4c04-8db2-5f56e7503c5d
2019-10-21 08:05:20,407 [RatisPipelineUtilsThread] INFO  pipeline.PipelineStateManager (PipelineStateManager.java:addPipeline(56)) - Created pipeline Pipeline[ Id: 7f519a81-54c7-40ee-88d7-21946fcfd0c6, Nodes: 65d24b39-69ca-4c04-8db2-5f56e7503c5d{ip: 192.168.34.35, host: pr-hdds-2334-ff2f7-1487717562, networkLocation: /default-rack, certSerialId: null}, Type:RATIS, Factor:ONE, State:OPEN]
2019-10-21 08:05:20,436 [grpc-default-executor-2] INFO  impl.RaftServerProxy (RaftServerProxy.java:addNew(89)) - b166f5f1-a6ad-4c66-9d3e-7e796ecacb8a: addNew group-139D7988E68A:[b166f5f1-a6ad-4c66-9d3e-7e796ecacb8a:192.168.34.35:39693, 65d24b39-69ca-4c04-8db2-5f56e7503c5d:192.168.34.35:45259, 2f6ec408-7fd3-48a9-91b7-234721c6dbd9:192.168.34.35:41673] returns group-139D7988E68A:java.util.concurrent.CompletableFuture@83e8163[Not completed]
2019-10-21 08:05:20,439 [grpc-default-executor-2] INFO  impl.RaftServerProxy (RaftServerProxy.java:addNew(89)) - 65d24b39-69ca-4c04-8db2-5f56e7503c5d: addNew group-139D7988E68A:[b166f5f1-a6ad-4c66-9d3e-7e796ecacb8a:192.168.34.35:39693, 65d24b39-69ca-4c04-8db2-5f56e7503c5d:192.168.34.35:45259, 2f6ec408-7fd3-48a9-91b7-234721c6dbd9:192.168.34.35:41673] returns group-139D7988E68A:java.util.concurrent.CompletableFuture@789fe3c6[Not completed]
2019-10-21 08:05:20,440 [pool-47-thread-1] INFO  impl.RaftServerImpl (RaftServerImpl.java:<init>(104)) - b166f5f1-a6ad-4c66-9d3e-7e796ecacb8a: new RaftServerImpl for group-139D7988E68A:[b166f5f1-a6ad-4c66-9d3e-7e796ecacb8a:192.168.34.35:39693, 65d24b39-69ca-4c04-8db2-5f56e7503c5d:192.168.34.35:45259, 2f6ec408-7fd3-48a9-91b7-234721c6dbd9:192.168.34.35:41673] with ContainerStateMachine:uninitialized
2019-10-21 08:05:20,441 [pool-47-thread-1] INFO  server.RaftServerConfigKeys (ConfUtils.java:logGet(43)) - raft.server.rpc.timeout.min = 5s (custom)
2019-10-21 08:05:20,441 [pool-47-thread-1] INFO  server.RaftServerConfigKeys (ConfUtils.java:logGet(43)) - raft.server.rpc.timeout.max = 5200ms (custom)
2019-10-21 08:05:20,441 [pool-47-thread-1] INFO  server.RaftServerConfigKeys (ConfUtils.java:logGet(43)) - raft.server.rpcslowness.timeout = 1000s (custom)
2019-10-21 08:05:20,441 [pool-37-thread-1] INFO  impl.RaftServerImpl (RaftServerImpl.java:<init>(104)) - 65d24b39-69ca-4c04-8db2-5f56e7503c5d: new RaftServerImpl for group-139D7988E68A:[b166f5f1-a6ad-4c66-9d3e-7e796ecacb8a:192.168.34.35:39693, 65d24b39-69ca-4c04-8db2-5f56e7503c5d:192.168.34.35:45259, 2f6ec408-7fd3-48a9-91b7-234721c6dbd9:192.168.34.35:41673] with ContainerStateMachine:uninitialized
2019-10-21 08:05:20,441 [pool-47-thread-1] INFO  server.RaftServerConfigKeys (ConfUtils.java:logGet(43)) - raft.server.sleep.deviation.threshold = 300 (default)
2019-10-21 08:05:20,441 [grpc-default-executor-2] INFO  impl.RaftServerProxy (RaftServerProxy.java:addNew(89)) - 2f6ec408-7fd3-48a9-91b7-234721c6dbd9: addNew group-139D7988E68A:[b166f5f1-a6ad-4c66-9d3e-7e796ecacb8a:192.168.34.35:39693, 65d24b39-69ca-4c04-8db2-5f56e7503c5d:192.168.34.35:45259, 2f6ec408-7fd3-48a9-91b7-234721c6dbd9:192.168.34.35:41673] returns group-139D7988E68A:java.util.concurrent.CompletableFuture@7cbb9022[Not completed]
2019-10-21 08:05:20,441 [pool-37-thread-1] INFO  server.RaftServerConfigKeys (ConfUtils.java:logGet(43)) - raft.server.rpc.timeout.min = 5s (custom)
2019-10-21 08:05:20,441 [pool-47-thread-1] INFO  server.RaftServerConfigKeys (ConfUtils.java:logGet(43)) - raft.server.log.appender.install.snapshot.enabled = false (custom)
2019-10-21 08:05:20,442 [pool-37-thread-1] INFO  server.RaftServerConfigKeys (ConfUtils.java:logGet(43)) - raft.server.rpc.timeout.max = 5200ms (custom)
2019-10-21 08:05:20,442 [pool-47-thread-1] INFO  impl.RaftServerImpl (ServerState.java:<init>(103)) - b166f5f1-a6ad-4c66-9d3e-7e796ecacb8a@group-139D7988E68A: ConfigurationManager, init=-1: [b166f5f1-a6ad-4c66-9d3e-7e796ecacb8a:192.168.34.35:39693, 65d24b39-69ca-4c04-8db2-5f56e7503c5d:192.168.34.35:45259, 2f6ec408-7fd3-48a9-91b7-234721c6dbd9:192.168.34.35:41673], old=null, confs=<EMPTY_MAP>
2019-10-21 08:05:20,442 [pool-37-thread-1] INFO  server.RaftServerConfigKeys (ConfUtils.java:logGet(43)) - raft.server.rpcslowness.timeout = 1000s (custom)
2019-10-21 08:05:20,442 [pool-37-thread-1] INFO  server.RaftServerConfigKeys (ConfUtils.java:logGet(43)) - raft.server.sleep.deviation.threshold = 300 (default)
2019-10-21 08:05:20,442 [pool-47-thread-1] INFO  server.RaftServerConfigKeys (ConfUtils.java:logGet(43)) - raft.server.storage.dir = [/workdir/hadoop-ozone/integration-test/target/test-dir/MiniOzoneClusterImpl-4ab24f66-bd6b-4106-b39e-8a9e797e32b6/datanode-2/data/ratis] (custom)
2019-10-21 08:05:20,442 [pool-37-thread-1] INFO  server.RaftServerConfigKeys (ConfUtils.java:logGet(43)) - raft.server.log.appender.install.snapshot.enabled = false (custom)
2019-10-21 08:05:20,442 [pool-37-thread-1] INFO  impl.RaftServerImpl (ServerState.java:<init>(103)) - 65d24b39-69ca-4c04-8db2-5f56e7503c5d@group-139D7988E68A: ConfigurationManager, init=-1: [b166f5f1-a6ad-4c66-9d3e-7e796ecacb8a:192.168.34.35:39693, 65d24b39-69ca-4c04-8db2-5f56e7503c5d:192.168.34.35:45259, 2f6ec408-7fd3-48a9-91b7-234721c6dbd9:192.168.34.35:41673], old=null, confs=<EMPTY_MAP>
2019-10-21 08:05:20,443 [pool-37-thread-1] INFO  server.RaftServerConfigKeys (ConfUtils.java:logGet(43)) - raft.server.storage.dir = [/workdir/hadoop-ozone/integration-test/target/test-dir/MiniOzoneClusterImpl-4ab24f66-bd6b-4106-b39e-8a9e797e32b6/datanode-1/data/ratis] (custom)
2019-10-21 08:05:20,443 [pool-47-thread-1] INFO  server.RaftServerConfigKeys (ConfUtils.java:logGet(43)) - raft.server.log.corruption.policy = EXCEPTION (default)
2019-10-21 08:05:20,443 [pool-37-thread-1] INFO  server.RaftServerConfigKeys (ConfUtils.java:logGet(43)) - raft.server.log.corruption.policy = EXCEPTION (default)
2019-10-21 08:05:20,443 [pool-27-thread-1] INFO  impl.RaftServerImpl (RaftServerImpl.java:<init>(104)) - 2f6ec408-7fd3-48a9-91b7-234721c6dbd9: new RaftServerImpl for group-139D7988E68A:[b166f5f1-a6ad-4c66-9d3e-7e796ecacb8a:192.168.34.35:39693, 65d24b39-69ca-4c04-8db2-5f56e7503c5d:192.168.34.35:45259, 2f6ec408-7fd3-48a9-91b7-234721c6dbd9:192.168.34.35:41673] with ContainerStateMachine:uninitialized
2019-10-21 08:05:20,443 [pool-37-thread-1] INFO  storage.RaftStorageDirectory (RaftStorageDirectory.java:analyzeStorage(246)) - The storage directory /workdir/hadoop-ozone/integration-test/target/test-dir/MiniOzoneClusterImpl-4ab24f66-bd6b-4106-b39e-8a9e797e32b6/datanode-1/data/ratis/43b28a2a-1a81-4de9-bdfa-139d7988e68a does not exist. Creating ...
2019-10-21 08:05:20,443 [pool-47-thread-1] INFO  storage.RaftStorageDirectory (RaftStorageDirectory.java:analyzeStorage(246)) - The storage directory /workdir/hadoop-ozone/integration-test/target/test-dir/MiniOzoneClusterImpl-4ab24f66-bd6b-4106-b39e-8a9e797e32b6/datanode-2/data/ratis/43b28a2a-1a81-4de9-bdfa-139d7988e68a does not exist. Creating ...
2019-10-21 08:05:20,443 [pool-27-thread-1] INFO  server.RaftServerConfigKeys (ConfUtils.java:logGet(43)) - raft.server.rpc.timeout.min = 5s (custom)
2019-10-21 08:05:20,444 [pool-27-thread-1] INFO  server.RaftServerConfigKeys (ConfUtils.java:logGet(43)) - raft.server.rpc.timeout.max = 5200ms (custom)
2019-10-21 08:05:20,444 [pool-27-thread-1] INFO  server.RaftServerConfigKeys (ConfUtils.java:logGet(43)) - raft.server.rpcslowness.timeout = 1000s (custom)
2019-10-21 08:05:20,444 [pool-27-thread-1] INFO  server.RaftServerConfigKeys (ConfUtils.java:logGet(43)) - raft.server.sleep.deviation.threshold = 300 (default)
2019-10-21 08:05:20,444 [pool-27-thread-1] INFO  server.RaftServerConfigKeys (ConfUtils.java:logGet(43)) - raft.server.log.appender.install.snapshot.enabled = false (custom)
2019-10-21 08:05:20,444 [pool-27-thread-1] INFO  impl.RaftServerImpl (ServerState.java:<init>(103)) - 2f6ec408-7fd3-48a9-91b7-234721c6dbd9@group-139D7988E68A: ConfigurationManager, init=-1: [b166f5f1-a6ad-4c66-9d3e-7e796ecacb8a:192.168.34.35:39693, 65d24b39-69ca-4c04-8db2-5f56e7503c5d:192.168.34.35:45259, 2f6ec408-7fd3-48a9-91b7-234721c6dbd9:192.168.34.35:41673], old=null, confs=<EMPTY_MAP>
2019-10-21 08:05:20,444 [pool-27-thread-1] INFO  server.RaftServerConfigKeys (ConfUtils.java:logGet(43)) - raft.server.storage.dir = [/workdir/hadoop-ozone/integration-test/target/test-dir/MiniOzoneClusterImpl-4ab24f66-bd6b-4106-b39e-8a9e797e32b6/datanode-0/data/ratis] (custom)
2019-10-21 08:05:20,445 [pool-27-thread-1] INFO  server.RaftServerConfigKeys (ConfUtils.java:logGet(43)) - raft.server.log.corruption.policy = EXCEPTION (default)
2019-10-21 08:05:20,445 [pool-27-thread-1] INFO  storage.RaftStorageDirectory (RaftStorageDirectory.java:analyzeStorage(246)) - The storage directory /workdir/hadoop-ozone/integration-test/target/test-dir/MiniOzoneClusterImpl-4ab24f66-bd6b-4106-b39e-8a9e797e32b6/datanode-0/data/ratis/43b28a2a-1a81-4de9-bdfa-139d7988e68a does not exist. Creating ...
2019-10-21 08:05:20,468 [pool-27-thread-1] INFO  storage.RaftStorageDirectory (RaftStorageDirectory.java:tryLock(328)) - Lock on /workdir/hadoop-ozone/integration-test/target/test-dir/MiniOzoneClusterImpl-4ab24f66-bd6b-4106-b39e-8a9e797e32b6/datanode-0/data/ratis/43b28a2a-1a81-4de9-bdfa-139d7988e68a/in_use.lock acquired by nodename 15866@pr-hdds-2334-ff2f7-1487717562
2019-10-21 08:05:20,468 [pool-47-thread-1] INFO  storage.RaftStorageDirectory (RaftStorageDirectory.java:tryLock(328)) - Lock on /workdir/hadoop-ozone/integration-test/target/test-dir/MiniOzoneClusterImpl-4ab24f66-bd6b-4106-b39e-8a9e797e32b6/datanode-2/data/ratis/43b28a2a-1a81-4de9-bdfa-139d7988e68a/in_use.lock acquired by nodename 15866@pr-hdds-2334-ff2f7-1487717562
2019-10-21 08:05:20,468 [pool-37-thread-1] INFO  storage.RaftStorageDirectory (RaftStorageDirectory.java:tryLock(328)) - Lock on /workdir/hadoop-ozone/integration-test/target/test-dir/MiniOzoneClusterImpl-4ab24f66-bd6b-4106-b39e-8a9e797e32b6/datanode-1/data/ratis/43b28a2a-1a81-4de9-bdfa-139d7988e68a/in_use.lock acquired by nodename 15866@pr-hdds-2334-ff2f7-1487717562
2019-10-21 08:05:20,472 [Thread-191] INFO  impl.FollowerState (FollowerState.java:run(108)) - b166f5f1-a6ad-4c66-9d3e-7e796ecacb8a@group-F10666905C5B-FollowerState: change to CANDIDATE, lastRpcTime:181ms, electionTimeout:181ms
2019-10-21 08:05:20,475 [Thread-191] INFO  impl.RoleInfo (RoleInfo.java:shutdownFollowerState(121)) - b166f5f1-a6ad-4c66-9d3e-7e796ecacb8a: shutdown FollowerState
2019-10-21 08:05:20,476 [Thread-191] INFO  impl.RaftServerImpl (RaftServerImpl.java:setRole(184)) - b166f5f1-a6ad-4c66-9d3e-7e796ecacb8a@group-F10666905C5B: changes role from  FOLLOWER to CANDIDATE at term 0 for changeToCandidate
2019-10-21 08:05:20,477 [Thread-191] INFO  impl.RoleInfo (RoleInfo.java:updateAndGet(143)) - b166f5f1-a6ad-4c66-9d3e-7e796ecacb8a: start LeaderElection
2019-10-21 08:05:20,495 [pool-47-thread-1] INFO  storage.RaftStorage (RaftStorage.java:format(84)) - Storage directory /workdir/hadoop-ozone/integration-test/target/test-dir/MiniOzoneClusterImpl-4ab24f66-bd6b-4106-b39e-8a9e797e32b6/datanode-2/data/ratis/43b28a2a-1a81-4de9-bdfa-139d7988e68a has been successfully formatted.
2019-10-21 08:05:20,495 [b166f5f1-a6ad-4c66-9d3e-7e796ecacb8a@group-F10666905C5B-LeaderElection2] INFO  impl.LeaderElection (LeaderElection.java:askForVotes(178)) - b166f5f1-a6ad-4c66-9d3e-7e796ecacb8a@group-F10666905C5B-LeaderElection2: begin an election at term 1 for -1: [b166f5f1-a6ad-4c66-9d3e-7e796ecacb8a:192.168.34.35:39693], old=null
2019-10-21 08:05:20,495 [pool-27-thread-1] INFO  storage.RaftStorage (RaftStorage.java:format(84)) - Storage directory /workdir/hadoop-ozone/integration-test/target/test-dir/MiniOzoneClusterImpl-4ab24f66-bd6b-4106-b39e-8a9e797e32b6/datanode-0/data/ratis/43b28a2a-1a81-4de9-bdfa-139d7988e68a has been successfully formatted.
2019-10-21 08:05:20,495 [pool-37-thread-1] INFO  storage.RaftStorage (RaftStorage.java:format(84)) - Storage directory /workdir/hadoop-ozone/integration-test/target/test-dir/MiniOzoneClusterImpl-4ab24f66-bd6b-4106-b39e-8a9e797e32b6/datanode-1/data/ratis/43b28a2a-1a81-4de9-bdfa-139d7988e68a has been successfully formatted.
2019-10-21 08:05:20,497 [pool-47-thread-1] INFO  ratis.ContainerStateMachine (ContainerStateMachine.java:loadSnapshot(231)) - group-139D7988E68A: The snapshot info is null. Setting the last applied indexto:(t:0, i:~)
2019-10-21 08:05:20,497 [b166f5f1-a6ad-4c66-9d3e-7e796ecacb8a@group-F10666905C5B-LeaderElection2] INFO  impl.RoleInfo (RoleInfo.java:shutdownLeaderElection(134)) - b166f5f1-a6ad-4c66-9d3e-7e796ecacb8a: shutdown LeaderElection
2019-10-21 08:05:20,497 [pool-47-thread-1] INFO  server.RaftServerConfigKeys (ConfUtils.java:logGet(43)) - raft.server.notification.no-leader.timeout = 1000s (custom)
2019-10-21 08:05:20,497 [pool-37-thread-1] INFO  ratis.ContainerStateMachine (ContainerStateMachine.java:loadSnapshot(231)) - group-139D7988E68A: The snapshot info is null. Setting the last applied indexto:(t:0, i:~)
2019-10-21 08:05:20,498 [pool-47-thread-1] INFO  server.RaftServerConfigKeys (ConfUtils.java:logGet(43)) - raft.server.log.use.memory = false (default)
2019-10-21 08:05:20,497 [pool-27-thread-1] INFO  ratis.ContainerStateMachine (ContainerStateMachine.java:loadSnapshot(231)) - group-139D7988E68A: The snapshot info is null. Setting the last applied indexto:(t:0, i:~)
2019-10-21 08:05:20,498 [pool-47-thread-1] INFO  server.RaftServerConfigKeys (ConfUtils.java:logGet(43)) - raft.server.log.purge.gap = 1000000 (custom)
2019-10-21 08:05:20,498 [pool-37-thread-1] INFO  server.RaftServerConfigKeys (ConfUtils.java:logGet(43)) - raft.server.notification.no-leader.timeout = 1000s (custom)
2019-10-21 08:05:20,498 [b166f5f1-a6ad-4c66-9d3e-7e796ecacb8a@group-F10666905C5B-LeaderElection2] INFO  impl.RaftServerImpl (RaftServerImpl.java:setRole(184)) - b166f5f1-a6ad-4c66-9d3e-7e796ecacb8a@group-F10666905C5B: changes role from CANDIDATE to LEADER at term 1 for changeToLeader
2019-10-21 08:05:20,499 [pool-37-thread-1] INFO  server.RaftServerConfigKeys (ConfUtils.java:logGet(43)) - raft.server.log.use.memory = false (default)
2019-10-21 08:05:20,499 [pool-47-thread-1] INFO  server.RaftServerConfigKeys (ConfUtils.java:logGet(43)) - raft.server.log.appender.buffer.byte-limit = 33554432 (custom)
2019-10-21 08:05:20,498 [pool-27-thread-1] INFO  server.RaftServerConfigKeys (ConfUtils.java:logGet(43)) - raft.server.notification.no-leader.timeout = 1000s (custom)
2019-10-21 08:05:20,499 [pool-47-thread-1] INFO  server.RaftServerConfigKeys (ConfUtils.java:logGet(43)) - raft.server.log.segment.size.max = 1048576 (custom)
2019-10-21 08:05:20,499 [pool-37-thread-1] INFO  server.RaftServerConfigKeys (ConfUtils.java:logGet(43)) - raft.server.log.purge.gap = 1000000 (custom)
2019-10-21 08:05:20,499 [b166f5f1-a6ad-4c66-9d3e-7e796ecacb8a@group-F10666905C5B-LeaderElection2] INFO  impl.RaftServerImpl (ServerState.java:setLeader(256)) - b166f5f1-a6ad-4c66-9d3e-7e796ecacb8a@group-F10666905C5B: change Leader from null to b166f5f1-a6ad-4c66-9d3e-7e796ecacb8a at term 1 for becomeLeader, leader elected after 260ms
2019-10-21 08:05:20,500 [pool-37-thread-1] INFO  server.RaftServerConfigKeys (ConfUtils.java:logGet(43)) - raft.server.log.appender.buffer.byte-limit = 33554432 (custom)
2019-10-21 08:05:20,500 [pool-47-thread-1] INFO  server.RaftServerConfigKeys (ConfUtils.java:logGet(43)) - raft.server.log.segment.cache.num.max = 2 (custom)
2019-10-21 08:05:20,499 [pool-27-thread-1] INFO  server.RaftServerConfigKeys (ConfUtils.java:logGet(43)) - raft.server.log.use.memory = false (default)
2019-10-21 08:05:20,499 [main] INFO  ozone.MiniOzoneClusterImpl (MiniOzoneClusterImpl.java:lambda$waitForClusterToBeReady$0(147)) - Cluster is ready. Got 3 of 3 DN Heartbeats.
2019-10-21 08:05:20,500 [pool-27-thread-1] INFO  server.RaftServerConfigKeys (ConfUtils.java:logGet(43)) - raft.server.log.purge.gap = 1000000 (custom)
2019-10-21 08:05:20,500 [pool-47-thread-1] INFO  segmented.SegmentedRaftLogWorker (SegmentedRaftLogWorker.java:<init>(173)) - new b166f5f1-a6ad-4c66-9d3e-7e796ecacb8a@group-139D7988E68A-SegmentedRaftLogWorker for RaftStorage:Storage Directory /workdir/hadoop-ozone/integration-test/target/test-dir/MiniOzoneClusterImpl-4ab24f66-bd6b-4106-b39e-8a9e797e32b6/datanode-2/data/ratis/43b28a2a-1a81-4de9-bdfa-139d7988e68a
2019-10-21 08:05:20,500 [pool-37-thread-1] INFO  server.RaftServerConfigKeys (ConfUtils.java:logGet(43)) - raft.server.log.segment.size.max = 1048576 (custom)
2019-10-21 08:05:20,500 [b166f5f1-a6ad-4c66-9d3e-7e796ecacb8a@group-F10666905C5B-LeaderElection2] INFO  server.RaftServerConfigKeys (ConfUtils.java:logGet(43)) - raft.server.staging.catchup.gap = 1000 (default)
2019-10-21 08:05:20,501 [pool-37-thread-1] INFO  server.RaftServerConfigKeys (ConfUtils.java:logGet(43)) - raft.server.log.segment.cache.num.max = 2 (custom)
2019-10-21 08:05:20,501 [pool-47-thread-1] INFO  server.RaftServerConfigKeys (ConfUtils.java:logGet(43)) - raft.server.log.queue.byte-limit = 2147483647 (custom)
2019-10-21 08:05:20,501 [pool-27-thread-1] INFO  server.RaftServerConfigKeys (ConfUtils.java:logGet(43)) - raft.server.log.appender.buffer.byte-limit = 33554432 (custom)
2019-10-21 08:05:20,502 [pool-47-thread-1] INFO  server.RaftServerConfigKeys (ConfUtils.java:logGet(43)) - raft.server.log.queue.element-limit = 1024 (custom)
2019-10-21 08:05:20,502 [pool-37-thread-1] INFO  segmented.SegmentedRaftLogWorker (SegmentedRaftLogWorker.java:<init>(173)) - new 65d24b39-69ca-4c04-8db2-5f56e7503c5d@group-139D7988E68A-SegmentedRaftLogWorker for RaftStorage:Storage Directory /workdir/hadoop-ozone/integration-test/target/test-dir/MiniOzoneClusterImpl-4ab24f66-bd6b-4106-b39e-8a9e797e32b6/datanode-1/data/ratis/43b28a2a-1a81-4de9-bdfa-139d7988e68a
2019-10-21 08:05:20,501 [b166f5f1-a6ad-4c66-9d3e-7e796ecacb8a@group-F10666905C5B-LeaderElection2] INFO  server.RaftServerConfigKeys (ConfUtils.java:logGet(43)) - raft.server.rpc.sleep.time = 25ms (default)
2019-10-21 08:05:20,502 [pool-37-thread-1] INFO  server.RaftServerConfigKeys (ConfUtils.java:logGet(43)) - raft.server.log.queue.byte-limit = 2147483647 (custom)
2019-10-21 08:05:20,502 [pool-47-thread-1] INFO  server.RaftServerConfigKeys (ConfUtils.java:logGet(43)) - raft.server.log.segment.size.max = 1048576 (custom)
2019-10-21 08:05:20,503 [b166f5f1-a6ad-4c66-9d3e-7e796ecacb8a@group-F10666905C5B-LeaderElection2] INFO  server.RaftServerConfigKeys (ConfUtils.java:logGet(43)) - raft.server.write.element-limit = 4096 (default)
2019-10-21 08:05:20,502 [pool-27-thread-1] INFO  server.RaftServerConfigKeys (ConfUtils.java:logGet(43)) - raft.server.log.segment.size.max = 1048576 (custom)
2019-10-21 08:05:20,503 [b166f5f1-a6ad-4c66-9d3e-7e796ecacb8a@group-F10666905C5B-LeaderElection2] INFO  server.RaftServerConfigKeys (ConfUtils.java:logGet(43)) - raft.server.watch.timeout = 10s (default)
2019-10-21 08:05:20,503 [pool-47-thread-1] INFO  server.RaftServerConfigKeys (ConfUtils.java:logGet(43)) - raft.server.log.preallocated.size = 16384 (custom)
2019-10-21 08:05:20,503 [pool-37-thread-1] INFO  server.RaftServerConfigKeys (ConfUtils.java:logGet(43)) - raft.server.log.queue.element-limit = 1024 (custom)
2019-10-21 08:05:20,503 [pool-47-thread-1] INFO  server.RaftServerConfigKeys (ConfUtils.java:logGet(43)) - raft.server.log.write.buffer.size = 33554432 (custom)
2019-10-21 08:05:20,503 [b166f5f1-a6ad-4c66-9d3e-7e796ecacb8a@group-F10666905C5B-LeaderElection2] INFO  server.RaftServerConfigKeys (ConfUtils.java:logGet(43)) - raft.server.watch.timeout.denomination = 1s (default)
2019-10-21 08:05:20,503 [pool-27-thread-1] INFO  server.RaftServerConfigKeys (ConfUtils.java:logGet(43)) - raft.server.log.segment.cache.num.max = 2 (custom)
2019-10-21 08:05:20,504 [b166f5f1-a6ad-4c66-9d3e-7e796ecacb8a@group-F10666905C5B-LeaderElection2] INFO  server.RaftServerConfigKeys (ConfUtils.java:logGet(43)) - raft.server.watch.element-limit = 65536 (default)
2019-10-21 08:05:20,504 [pool-47-thread-1] INFO  server.RaftServerConfigKeys (ConfUtils.java:logGet(43)) - raft.server.log.force.sync.num = 128 (default)
2019-10-21 08:05:20,503 [pool-37-thread-1] INFO  server.RaftServerConfigKeys (ConfUtils.java:logGet(43)) - raft.server.log.segment.size.max = 1048576 (custom)
2019-10-21 08:05:20,504 [pool-47-thread-1] INFO  server.RaftServerConfigKeys (ConfUtils.java:logGet(43)) - raft.server.log.statemachine.data.sync = true (default)
2019-10-21 08:05:20,504 [pool-27-thread-1] INFO  segmented.SegmentedRaftLogWorker (SegmentedRaftLogWorker.java:<init>(173)) - new 2f6ec408-7fd3-48a9-91b7-234721c6dbd9@group-139D7988E68A-SegmentedRaftLogWorker for RaftStorage:Storage Directory /workdir/hadoop-ozone/integration-test/target/test-dir/MiniOzoneClusterImpl-4ab24f66-bd6b-4106-b39e-8a9e797e32b6/datanode-0/data/ratis/43b28a2a-1a81-4de9-bdfa-139d7988e68a
2019-10-21 08:05:20,504 [pool-47-thread-1] INFO  server.RaftServerConfigKeys (ConfUtils.java:logGet(43)) - raft.server.log.statemachine.data.sync.timeout = 10s (default)
2019-10-21 08:05:20,504 [pool-37-thread-1] INFO  server.RaftServerConfigKeys (ConfUtils.java:logGet(43)) - raft.server.log.preallocated.size = 16384 (custom)
2019-10-21 08:05:20,505 [pool-47-thread-1] INFO  server.RaftServerConfigKeys (ConfUtils.java:logGet(43)) - raft.server.log.statemachine.data.sync.timeout.retry = -1 (default)
2019-10-21 08:05:20,505 [pool-27-thread-1] INFO  server.RaftServerConfigKeys (ConfUtils.java:logGet(43)) - raft.server.log.queue.byte-limit = 2147483647 (custom)
2019-10-21 08:05:20,505 [pool-37-thread-1] INFO  server.RaftServerConfigKeys (ConfUtils.java:logGet(43)) - raft.server.log.write.buffer.size = 33554432 (custom)
2019-10-21 08:05:20,505 [pool-27-thread-1] INFO  server.RaftServerConfigKeys (ConfUtils.java:logGet(43)) - raft.server.log.queue.element-limit = 1024 (custom)
2019-10-21 08:05:20,505 [pool-47-thread-1] INFO  server.RaftServerConfigKeys (ConfUtils.java:logGet(43)) - raft.server.log.statemachine.data.caching.enabled = true (custom)
2019-10-21 08:05:20,506 [pool-27-thread-1] INFO  server.RaftServerConfigKeys (ConfUtils.java:logGet(43)) - raft.server.log.segment.size.max = 1048576 (custom)
2019-10-21 08:05:20,505 [pool-37-thread-1] INFO  server.RaftServerConfigKeys (ConfUtils.java:logGet(43)) - raft.server.log.force.sync.num = 128 (default)
2019-10-21 08:05:20,506 [pool-47-thread-1] INFO  segmented.SegmentedRaftLogWorker (SegmentedRaftLogWorker.java:lambda$new$0(128)) - b166f5f1-a6ad-4c66-9d3e-7e796ecacb8a@group-139D7988E68A-SegmentedRaftLogWorker: flushIndex: setUnconditionally 0 -> -1
2019-10-21 08:05:20,506 [pool-27-thread-1] INFO  server.RaftServerConfigKeys (ConfUtils.java:logGet(43)) - raft.server.log.preallocated.size = 16384 (custom)
2019-10-21 08:05:20,506 [pool-37-thread-1] INFO  server.RaftServerConfigKeys (ConfUtils.java:logGet(43)) - raft.server.log.statemachine.data.sync = true (default)
2019-10-21 08:05:20,506 [pool-27-thread-1] INFO  server.RaftServerConfigKeys (ConfUtils.java:logGet(43)) - raft.server.log.write.buffer.size = 33554432 (custom)
2019-10-21 08:05:20,506 [pool-47-thread-1] INFO  server.RaftServerConfigKeys (ConfUtils.java:logGet(43)) - raft.server.snapshot.auto.trigger.enabled = true (custom)
2019-10-21 08:05:20,507 [pool-27-thread-1] INFO  server.RaftServerConfigKeys (ConfUtils.java:logGet(43)) - raft.server.log.force.sync.num = 128 (default)
2019-10-21 08:05:20,507 [pool-37-thread-1] INFO  server.RaftServerConfigKeys (ConfUtils.java:logGet(43)) - raft.server.log.statemachine.data.sync.timeout = 10s (default)
2019-10-21 08:05:20,507 [pool-27-thread-1] INFO  server.RaftServerConfigKeys (ConfUtils.java:logGet(43)) - raft.server.log.statemachine.data.sync = true (default)
2019-10-21 08:05:20,507 [pool-47-thread-1] INFO  server.RaftServerConfigKeys (ConfUtils.java:logGet(43)) - raft.server.snapshot.auto.trigger.threshold = 10000 (custom)
2019-10-21 08:05:20,507 [pool-27-thread-1] INFO  server.RaftServerConfigKeys (ConfUtils.java:logGet(43)) - raft.server.log.statemachine.data.sync.timeout = 10s (default)
2019-10-21 08:05:20,507 [pool-37-thread-1] INFO  server.RaftServerConfigKeys (ConfUtils.java:logGet(43)) - raft.server.log.statemachine.data.sync.timeout.retry = -1 (default)
2019-10-21 08:05:20,508 [pool-27-thread-1] INFO  server.RaftServerConfigKeys (ConfUtils.java:logGet(43)) - raft.server.log.statemachine.data.sync.timeout.retry = -1 (default)
2019-10-21 08:05:20,507 [pool-47-thread-1] INFO  server.RaftServerConfigKeys (ConfUtils.java:logGet(43)) - raft.server.snapshot.retention.file.num = 5 (custom)
2019-10-21 08:05:20,508 [pool-37-thread-1] INFO  server.RaftServerConfigKeys (ConfUtils.java:logGet(43)) - raft.server.log.statemachine.data.caching.enabled = true (custom)
2019-10-21 08:05:20,508 [pool-47-thread-1] INFO  server.RaftServerConfigKeys (ConfUtils.java:logGet(43)) - raft.server.retrycache.expirytime = 600000ms (custom)
2019-10-21 08:05:20,508 [pool-27-thread-1] INFO  server.RaftServerConfigKeys (ConfUtils.java:logGet(43)) - raft.server.log.statemachine.data.caching.enabled = true (custom)
2019-10-21 08:05:20,509 [pool-37-thread-1] INFO  segmented.SegmentedRaftLogWorker (SegmentedRaftLogWorker.java:lambda$new$0(128)) - 65d24b39-69ca-4c04-8db2-5f56e7503c5d@group-139D7988E68A-SegmentedRaftLogWorker: flushIndex: setUnconditionally 0 -> -1
2019-10-21 08:05:20,509 [pool-27-thread-1] INFO  segmented.SegmentedRaftLogWorker (SegmentedRaftLogWorker.java:lambda$new$0(128)) - 2f6ec408-7fd3-48a9-91b7-234721c6dbd9@group-139D7988E68A-SegmentedRaftLogWorker: flushIndex: setUnconditionally 0 -> -1
2019-10-21 08:05:20,509 [pool-37-thread-1] INFO  server.RaftServerConfigKeys (ConfUtils.java:logGet(43)) - raft.server.snapshot.auto.trigger.enabled = true (custom)
2019-10-21 08:05:20,509 [pool-37-thread-1] INFO  server.RaftServerConfigKeys (ConfUtils.java:logGet(43)) - raft.server.snapshot.auto.trigger.threshold = 10000 (custom)
2019-10-21 08:05:20,510 [pool-27-thread-1] INFO  server.RaftServerConfigKeys (ConfUtils.java:logGet(43)) - raft.server.snapshot.auto.trigger.enabled = true (custom)
2019-10-21 08:05:20,510 [b166f5f1-a6ad-4c66-9d3e-7e796ecacb8a@group-F10666905C5B-LeaderElection2] INFO  impl.RoleInfo (RoleInfo.java:updateAndGet(143)) - b166f5f1-a6ad-4c66-9d3e-7e796ecacb8a: start LeaderState
2019-10-21 08:05:20,510 [pool-37-thread-1] INFO  server.RaftServerConfigKeys (ConfUtils.java:logGet(43)) - raft.server.snapshot.retention.file.num = 5 (custom)
2019-10-21 08:05:20,510 [pool-27-thread-1] INFO  server.RaftServerConfigKeys (ConfUtils.java:logGet(43)) - raft.server.snapshot.auto.trigger.threshold = 10000 (custom)
2019-10-21 08:05:20,510 [b166f5f1-a6ad-4c66-9d3e-7e796ecacb8a@group-F10666905C5B-LeaderElection2] INFO  segmented.SegmentedRaftLogWorker (SegmentedRaftLogWorker.java:startLogSegment(385)) - b166f5f1-a6ad-4c66-9d3e-7e796ecacb8a@group-F10666905C5B-SegmentedRaftLogWorker: Starting segment from index:0
2019-10-21 08:05:20,510 [pool-37-thread-1] INFO  server.RaftServerConfigKeys (ConfUtils.java:logGet(43)) - raft.server.retrycache.expirytime = 600000ms (custom)
2019-10-21 08:05:20,510 [pool-27-thread-1] INFO  server.RaftServerConfigKeys (ConfUtils.java:logGet(43)) - raft.server.snapshot.retention.file.num = 5 (custom)
2019-10-21 08:05:20,511 [b166f5f1-a6ad-4c66-9d3e-7e796ecacb8a@group-F10666905C5B-LeaderElection2] INFO  impl.RaftServerImpl (ServerState.java:setRaftConf(357)) - b166f5f1-a6ad-4c66-9d3e-7e796ecacb8a@group-F10666905C5B: set configuration 0: [b166f5f1-a6ad-4c66-9d3e-7e796ecacb8a:192.168.34.35:39693], old=null at 0
2019-10-21 08:05:20,511 [pool-27-thread-1] INFO  server.RaftServerConfigKeys (ConfUtils.java:logGet(43)) - raft.server.retrycache.expirytime = 600000ms (custom)
2019-10-21 08:05:20,550 [pool-47-thread-1] INFO  impl.RaftServerImpl (RaftServerImpl.java:start(195)) - b166f5f1-a6ad-4c66-9d3e-7e796ecacb8a@group-139D7988E68A: start as a follower, conf=-1: [b166f5f1-a6ad-4c66-9d3e-7e796ecacb8a:192.168.34.35:39693, 65d24b39-69ca-4c04-8db2-5f56e7503c5d:192.168.34.35:45259, 2f6ec408-7fd3-48a9-91b7-234721c6dbd9:192.168.34.35:41673], old=null
2019-10-21 08:05:20,550 [pool-47-thread-1] INFO  impl.RaftServerImpl (RaftServerImpl.java:setRole(184)) - b166f5f1-a6ad-4c66-9d3e-7e796ecacb8a@group-139D7988E68A: changes role from      null to FOLLOWER at term 0 for startAsFollower
2019-10-21 08:05:20,567 [2f6ec408-7fd3-48a9-91b7-234721c6dbd9@group-1DF19F906E6F-SegmentedRaftLogWorker] INFO  segmented.SegmentedRaftLogWorker (SegmentedRaftLogWorker.java:execute(576)) - 2f6ec408-7fd3-48a9-91b7-234721c6dbd9@group-1DF19F906E6F-SegmentedRaftLogWorker: created new log segment /workdir/hadoop-ozone/integration-test/target/test-dir/MiniOzoneClusterImpl-4ab24f66-bd6b-4106-b39e-8a9e797e32b6/datanode-0/data/ratis/a1cbd42b-928f-4133-9b82-1df19f906e6f/current/log_inprogress_0
2019-10-21 08:05:20,567 [b166f5f1-a6ad-4c66-9d3e-7e796ecacb8a@group-F10666905C5B-SegmentedRaftLogWorker] INFO  segmented.SegmentedRaftLogWorker (SegmentedRaftLogWorker.java:execute(576)) - b166f5f1-a6ad-4c66-9d3e-7e796ecacb8a@group-F10666905C5B-SegmentedRaftLogWorker: created new log segment /workdir/hadoop-ozone/integration-test/target/test-dir/MiniOzoneClusterImpl-4ab24f66-bd6b-4106-b39e-8a9e797e32b6/datanode-2/data/ratis/e9424d83-3f1e-4b56-b972-f10666905c5b/current/log_inprogress_0
2019-10-21 08:05:20,572 [Thread-194] INFO  impl.FollowerState (FollowerState.java:run(108)) - 65d24b39-69ca-4c04-8db2-5f56e7503c5d@group-21946FCFD0C6-FollowerState: change to CANDIDATE, lastRpcTime:177ms, electionTimeout:177ms
2019-10-21 08:05:20,572 [Thread-194] INFO  impl.RoleInfo (RoleInfo.java:shutdownFollowerState(121)) - 65d24b39-69ca-4c04-8db2-5f56e7503c5d: shutdown FollowerState
2019-10-21 08:05:20,572 [Thread-194] INFO  impl.RaftServerImpl (RaftServerImpl.java:setRole(184)) - 65d24b39-69ca-4c04-8db2-5f56e7503c5d@group-21946FCFD0C6: changes role from  FOLLOWER to CANDIDATE at term 0 for changeToCandidate
2019-10-21 08:05:20,698 [pool-47-thread-1] INFO  impl.RoleInfo (RoleInfo.java:updateAndGet(143)) - b166f5f1-a6ad-4c66-9d3e-7e796ecacb8a: start FollowerState
2019-10-21 08:05:20,698 [Thread-194] INFO  impl.RoleInfo (RoleInfo.java:updateAndGet(143)) - 65d24b39-69ca-4c04-8db2-5f56e7503c5d: start LeaderElection
2019-10-21 08:05:20,699 [pool-47-thread-1] INFO  util.JmxRegister (JmxRegister.java:tryRegister(44)) - Successfully registered JMX Bean with object name Ratis:service=RaftServer,group=group-139D7988E68A,id=b166f5f1-a6ad-4c66-9d3e-7e796ecacb8a
2019-10-21 08:05:20,703 [pool-37-thread-1] INFO  impl.RaftServerImpl (RaftServerImpl.java:start(195)) - 65d24b39-69ca-4c04-8db2-5f56e7503c5d@group-139D7988E68A: start as a follower, conf=-1: [b166f5f1-a6ad-4c66-9d3e-7e796ecacb8a:192.168.34.35:39693, 65d24b39-69ca-4c04-8db2-5f56e7503c5d:192.168.34.35:45259, 2f6ec408-7fd3-48a9-91b7-234721c6dbd9:192.168.34.35:41673], old=null
2019-10-21 08:05:20,703 [pool-37-thread-1] INFO  impl.RaftServerImpl (RaftServerImpl.java:setRole(184)) - 65d24b39-69ca-4c04-8db2-5f56e7503c5d@group-139D7988E68A: changes role from      null to FOLLOWER at term 0 for startAsFollower
2019-10-21 08:05:20,704 [pool-37-thread-1] INFO  impl.RoleInfo (RoleInfo.java:updateAndGet(143)) - 65d24b39-69ca-4c04-8db2-5f56e7503c5d: start FollowerState
2019-10-21 08:05:20,704 [pool-37-thread-1] INFO  util.JmxRegister (JmxRegister.java:tryRegister(44)) - Successfully registered JMX Bean with object name Ratis:service=RaftServer,group=group-139D7988E68A,id=65d24b39-69ca-4c04-8db2-5f56e7503c5d
2019-10-21 08:05:20,705 [pool-27-thread-1] INFO  impl.RaftServerImpl (RaftServerImpl.java:start(195)) - 2f6ec408-7fd3-48a9-91b7-234721c6dbd9@group-139D7988E68A: start as a follower, conf=-1: [b166f5f1-a6ad-4c66-9d3e-7e796ecacb8a:192.168.34.35:39693, 65d24b39-69ca-4c04-8db2-5f56e7503c5d:192.168.34.35:45259, 2f6ec408-7fd3-48a9-91b7-234721c6dbd9:192.168.34.35:41673], old=null
2019-10-21 08:05:20,705 [pool-27-thread-1] INFO  impl.RaftServerImpl (RaftServerImpl.java:setRole(184)) - 2f6ec408-7fd3-48a9-91b7-234721c6dbd9@group-139D7988E68A: changes role from      null to FOLLOWER at term 0 for startAsFollower
2019-10-21 08:05:20,706 [pool-27-thread-1] INFO  impl.RoleInfo (RoleInfo.java:updateAndGet(143)) - 2f6ec408-7fd3-48a9-91b7-234721c6dbd9: start FollowerState
2019-10-21 08:05:20,706 [pool-27-thread-1] INFO  util.JmxRegister (JmxRegister.java:tryRegister(44)) - Successfully registered JMX Bean with object name Ratis:service=RaftServer,group=group-139D7988E68A,id=2f6ec408-7fd3-48a9-91b7-234721c6dbd9
2019-10-21 08:05:20,720 [65d24b39-69ca-4c04-8db2-5f56e7503c5d@group-21946FCFD0C6-LeaderElection3] INFO  impl.LeaderElection (LeaderElection.java:askForVotes(178)) - 65d24b39-69ca-4c04-8db2-5f56e7503c5d@group-21946FCFD0C6-LeaderElection3: begin an election at term 1 for -1: [65d24b39-69ca-4c04-8db2-5f56e7503c5d:192.168.34.35:45259], old=null
2019-10-21 08:05:20,721 [65d24b39-69ca-4c04-8db2-5f56e7503c5d@group-21946FCFD0C6-LeaderElection3] INFO  impl.RoleInfo (RoleInfo.java:shutdownLeaderElection(134)) - 65d24b39-69ca-4c04-8db2-5f56e7503c5d: shutdown LeaderElection
2019-10-21 08:05:20,721 [65d24b39-69ca-4c04-8db2-5f56e7503c5d@group-21946FCFD0C6-LeaderElection3] INFO  impl.RaftServerImpl (RaftServerImpl.java:setRole(184)) - 65d24b39-69ca-4c04-8db2-5f56e7503c5d@group-21946FCFD0C6: changes role from CANDIDATE to LEADER at term 1 for changeToLeader
2019-10-21 08:05:20,721 [65d24b39-69ca-4c04-8db2-5f56e7503c5d@group-21946FCFD0C6-LeaderElection3] INFO  impl.RaftServerImpl (ServerState.java:setLeader(256)) - 65d24b39-69ca-4c04-8db2-5f56e7503c5d@group-21946FCFD0C6: change Leader from null to 65d24b39-69ca-4c04-8db2-5f56e7503c5d at term 1 for becomeLeader, leader elected after 340ms
2019-10-21 08:05:20,721 [65d24b39-69ca-4c04-8db2-5f56e7503c5d@group-21946FCFD0C6-LeaderElection3] INFO  server.RaftServerConfigKeys (ConfUtils.java:logGet(43)) - raft.server.staging.catchup.gap = 1000 (default)
2019-10-21 08:05:20,721 [65d24b39-69ca-4c04-8db2-5f56e7503c5d@group-21946FCFD0C6-LeaderElection3] INFO  server.RaftServerConfigKeys (ConfUtils.java:logGet(43)) - raft.server.rpc.sleep.time = 25ms (default)
2019-10-21 08:05:20,724 [65d24b39-69ca-4c04-8db2-5f56e7503c5d@group-21946FCFD0C6-LeaderElection3] INFO  server.RaftServerConfigKeys (ConfUtils.java:logGet(43)) - raft.server.write.element-limit = 4096 (default)
2019-10-21 08:05:20,726 [65d24b39-69ca-4c04-8db2-5f56e7503c5d@group-21946FCFD0C6-LeaderElection3] INFO  server.RaftServerConfigKeys (ConfUtils.java:logGet(43)) - raft.server.watch.timeout = 10s (default)
2019-10-21 08:05:20,727 [65d24b39-69ca-4c04-8db2-5f56e7503c5d@group-21946FCFD0C6-LeaderElection3] INFO  server.RaftServerConfigKeys (ConfUtils.java:logGet(43)) - raft.server.watch.timeout.denomination = 1s (default)
2019-10-21 08:05:20,728 [65d24b39-69ca-4c04-8db2-5f56e7503c5d@group-21946FCFD0C6-LeaderElection3] INFO  server.RaftServerConfigKeys (ConfUtils.java:logGet(43)) - raft.server.watch.element-limit = 65536 (default)
2019-10-21 08:05:20,730 [Thread-207] INFO  impl.FollowerState (FollowerState.java:run(108)) - 2f6ec408-7fd3-48a9-91b7-234721c6dbd9@group-139D7988E68A-FollowerState: change to CANDIDATE, lastRpcTime:24ms, electionTimeout:23ms
2019-10-21 08:05:20,731 [Thread-207] INFO  impl.RoleInfo (RoleInfo.java:shutdownFollowerState(121)) - 2f6ec408-7fd3-48a9-91b7-234721c6dbd9: shutdown FollowerState
2019-10-21 08:05:20,731 [Thread-207] INFO  impl.RaftServerImpl (RaftServerImpl.java:setRole(184)) - 2f6ec408-7fd3-48a9-91b7-234721c6dbd9@group-139D7988E68A: changes role from  FOLLOWER to CANDIDATE at term 0 for changeToCandidate
2019-10-21 08:05:20,731 [Thread-207] INFO  impl.RoleInfo (RoleInfo.java:updateAndGet(143)) - 2f6ec408-7fd3-48a9-91b7-234721c6dbd9: start LeaderElection
2019-10-21 08:05:20,740 [65d24b39-69ca-4c04-8db2-5f56e7503c5d@group-21946FCFD0C6-LeaderElection3] INFO  impl.RoleInfo (RoleInfo.java:updateAndGet(143)) - 65d24b39-69ca-4c04-8db2-5f56e7503c5d: start LeaderState
2019-10-21 08:05:20,740 [65d24b39-69ca-4c04-8db2-5f56e7503c5d@group-21946FCFD0C6-LeaderElection3] INFO  segmented.SegmentedRaftLogWorker (SegmentedRaftLogWorker.java:startLogSegment(385)) - 65d24b39-69ca-4c04-8db2-5f56e7503c5d@group-21946FCFD0C6-SegmentedRaftLogWorker: Starting segment from index:0
2019-10-21 08:05:20,741 [65d24b39-69ca-4c04-8db2-5f56e7503c5d@group-21946FCFD0C6-LeaderElection3] INFO  impl.RaftServerImpl (ServerState.java:setRaftConf(357)) - 65d24b39-69ca-4c04-8db2-5f56e7503c5d@group-21946FCFD0C6: set configuration 0: [65d24b39-69ca-4c04-8db2-5f56e7503c5d:192.168.34.35:45259], old=null at 0
2019-10-21 08:05:20,776 [RatisPipelineUtilsThread] INFO  pipeline.PipelineStateManager (PipelineStateManager.java:addPipeline(56)) - Created pipeline Pipeline[ Id: 43b28a2a-1a81-4de9-bdfa-139d7988e68a, Nodes: 2f6ec408-7fd3-48a9-91b7-234721c6dbd9{ip: 192.168.34.35, host: pr-hdds-2334-ff2f7-1487717562, networkLocation: /default-rack, certSerialId: null}b166f5f1-a6ad-4c66-9d3e-7e796ecacb8a{ip: 192.168.34.35, host: pr-hdds-2334-ff2f7-1487717562, networkLocation: /default-rack, certSerialId: null}65d24b39-69ca-4c04-8db2-5f56e7503c5d{ip: 192.168.34.35, host: pr-hdds-2334-ff2f7-1487717562, networkLocation: /default-rack, certSerialId: null}, Type:RATIS, Factor:THREE, State:OPEN]
2019-10-21 08:05:20,777 [2f6ec408-7fd3-48a9-91b7-234721c6dbd9@group-139D7988E68A-LeaderElection4] INFO  impl.LeaderElection (LeaderElection.java:askForVotes(178)) - 2f6ec408-7fd3-48a9-91b7-234721c6dbd9@group-139D7988E68A-LeaderElection4: begin an election at term 1 for -1: [b166f5f1-a6ad-4c66-9d3e-7e796ecacb8a:192.168.34.35:39693, 65d24b39-69ca-4c04-8db2-5f56e7503c5d:192.168.34.35:45259, 2f6ec408-7fd3-48a9-91b7-234721c6dbd9:192.168.34.35:41673], old=null
2019-10-21 08:05:20,781 [65d24b39-69ca-4c04-8db2-5f56e7503c5d@group-21946FCFD0C6-SegmentedRaftLogWorker] INFO  segmented.SegmentedRaftLogWorker (SegmentedRaftLogWorker.java:execute(576)) - 65d24b39-69ca-4c04-8db2-5f56e7503c5d@group-21946FCFD0C6-SegmentedRaftLogWorker: created new log segment /workdir/hadoop-ozone/integration-test/target/test-dir/MiniOzoneClusterImpl-4ab24f66-bd6b-4106-b39e-8a9e797e32b6/datanode-1/data/ratis/7f519a81-54c7-40ee-88d7-21946fcfd0c6/current/log_inprogress_0
2019-10-21 08:05:20,801 [Thread-201] INFO  impl.FollowerState (FollowerState.java:run(108)) - b166f5f1-a6ad-4c66-9d3e-7e796ecacb8a@group-139D7988E68A-FollowerState: change to CANDIDATE, lastRpcTime:103ms, electionTimeout:101ms
2019-10-21 08:05:20,801 [Thread-201] INFO  impl.RoleInfo (RoleInfo.java:shutdownFollowerState(121)) - b166f5f1-a6ad-4c66-9d3e-7e796ecacb8a: shutdown FollowerState
2019-10-21 08:05:20,802 [Thread-201] INFO  impl.RaftServerImpl (RaftServerImpl.java:setRole(184)) - b166f5f1-a6ad-4c66-9d3e-7e796ecacb8a@group-139D7988E68A: changes role from  FOLLOWER to CANDIDATE at term 0 for changeToCandidate
2019-10-21 08:05:20,802 [Thread-201] INFO  impl.RoleInfo (RoleInfo.java:updateAndGet(143)) - b166f5f1-a6ad-4c66-9d3e-7e796ecacb8a: start LeaderElection
2019-10-21 08:05:20,815 [2f6ec408-7fd3-48a9-91b7-234721c6dbd9@group-139D7988E68A-LeaderElection4] INFO  impl.LeaderElection (LeaderElection.java:logAndReturn(56)) - 2f6ec408-7fd3-48a9-91b7-234721c6dbd9@group-139D7988E68A-LeaderElection4: Election TIMEOUT; received 0 response(s) [] and 0 exception(s); 2f6ec408-7fd3-48a9-91b7-234721c6dbd9@group-139D7988E68A:t1, leader=null, voted=2f6ec408-7fd3-48a9-91b7-234721c6dbd9, raftlog=2f6ec408-7fd3-48a9-91b7-234721c6dbd9@group-139D7988E68A-SegmentedRaftLog:OPENED:c-1,f-1,i0, conf=-1: [b166f5f1-a6ad-4c66-9d3e-7e796ecacb8a:192.168.34.35:39693, 65d24b39-69ca-4c04-8db2-5f56e7503c5d:192.168.34.35:45259, 2f6ec408-7fd3-48a9-91b7-234721c6dbd9:192.168.34.35:41673], old=null
2019-10-21 08:05:20,822 [2f6ec408-7fd3-48a9-91b7-234721c6dbd9@group-139D7988E68A-LeaderElection4] INFO  impl.LeaderElection (LeaderElection.java:askForVotes(178)) - 2f6ec408-7fd3-48a9-91b7-234721c6dbd9@group-139D7988E68A-LeaderElection4: begin an election at term 2 for -1: [b166f5f1-a6ad-4c66-9d3e-7e796ecacb8a:192.168.34.35:39693, 65d24b39-69ca-4c04-8db2-5f56e7503c5d:192.168.34.35:45259, 2f6ec408-7fd3-48a9-91b7-234721c6dbd9:192.168.34.35:41673], old=null
2019-10-21 08:05:20,822 [b166f5f1-a6ad-4c66-9d3e-7e796ecacb8a@group-139D7988E68A-LeaderElection5] INFO  impl.LeaderElection (LeaderElection.java:askForVotes(178)) - b166f5f1-a6ad-4c66-9d3e-7e796ecacb8a@group-139D7988E68A-LeaderElection5: begin an election at term 1 for -1: [b166f5f1-a6ad-4c66-9d3e-7e796ecacb8a:192.168.34.35:39693, 65d24b39-69ca-4c04-8db2-5f56e7503c5d:192.168.34.35:45259, 2f6ec408-7fd3-48a9-91b7-234721c6dbd9:192.168.34.35:41673], old=null
2019-10-21 08:05:20,827 [grpc-default-executor-2] INFO  impl.RaftServerImpl (RaftServerImpl.java:setRole(184)) - 65d24b39-69ca-4c04-8db2-5f56e7503c5d@group-139D7988E68A: changes role from  FOLLOWER to FOLLOWER at term 1 for recognizeCandidate:2f6ec408-7fd3-48a9-91b7-234721c6dbd9
2019-10-21 08:05:20,827 [grpc-default-executor-2] INFO  impl.RoleInfo (RoleInfo.java:shutdownFollowerState(121)) - 65d24b39-69ca-4c04-8db2-5f56e7503c5d: shutdown FollowerState
2019-10-21 08:05:20,829 [Thread-206] INFO  impl.FollowerState (FollowerState.java:run(117)) - 65d24b39-69ca-4c04-8db2-5f56e7503c5d@group-139D7988E68A-FollowerState was interrupted: java.lang.InterruptedException: sleep interrupted
2019-10-21 08:05:20,829 [grpc-default-executor-2] INFO  impl.RoleInfo (RoleInfo.java:updateAndGet(143)) - 65d24b39-69ca-4c04-8db2-5f56e7503c5d: start FollowerState
2019-10-21 08:05:20,840 [grpc-default-executor-0] INFO  impl.RaftServerImpl (RaftServerImpl.java:setRole(184)) - b166f5f1-a6ad-4c66-9d3e-7e796ecacb8a@group-139D7988E68A: changes role from CANDIDATE to FOLLOWER at term 2 for recognizeCandidate:2f6ec408-7fd3-48a9-91b7-234721c6dbd9
2019-10-21 08:05:20,841 [grpc-default-executor-0] INFO  impl.RoleInfo (RoleInfo.java:shutdownLeaderElection(134)) - b166f5f1-a6ad-4c66-9d3e-7e796ecacb8a: shutdown LeaderElection
2019-10-21 08:05:20,842 [grpc-default-executor-0] INFO  impl.RoleInfo (RoleInfo.java:updateAndGet(143)) - b166f5f1-a6ad-4c66-9d3e-7e796ecacb8a: start FollowerState
2019-10-21 08:05:20,857 [grpc-default-executor-3] INFO  impl.RaftServerImpl (RaftServerImpl.java:setRole(184)) - 65d24b39-69ca-4c04-8db2-5f56e7503c5d@group-139D7988E68A: changes role from  FOLLOWER to FOLLOWER at term 2 for recognizeCandidate:2f6ec408-7fd3-48a9-91b7-234721c6dbd9
2019-10-21 08:05:20,857 [grpc-default-executor-3] INFO  impl.RoleInfo (RoleInfo.java:shutdownFollowerState(121)) - 65d24b39-69ca-4c04-8db2-5f56e7503c5d: shutdown FollowerState
2019-10-21 08:05:20,858 [Thread-221] INFO  impl.FollowerState (FollowerState.java:run(117)) - 65d24b39-69ca-4c04-8db2-5f56e7503c5d@group-139D7988E68A-FollowerState was interrupted: java.lang.InterruptedException: sleep interrupted
2019-10-21 08:05:20,858 [grpc-default-executor-3] INFO  impl.RoleInfo (RoleInfo.java:updateAndGet(143)) - 65d24b39-69ca-4c04-8db2-5f56e7503c5d: start FollowerState
2019-10-21 08:05:20,858 [b166f5f1-a6ad-4c66-9d3e-7e796ecacb8a@group-139D7988E68A-LeaderElection5] INFO  impl.LeaderElection (LeaderElection.java:logAndReturn(56)) - b166f5f1-a6ad-4c66-9d3e-7e796ecacb8a@group-139D7988E68A-LeaderElection5: Election DISCOVERED_A_NEW_TERM; received 1 response(s) [b166f5f1-a6ad-4c66-9d3e-7e796ecacb8a<-2f6ec408-7fd3-48a9-91b7-234721c6dbd9#0:FAIL-t2] and 0 exception(s); b166f5f1-a6ad-4c66-9d3e-7e796ecacb8a@group-139D7988E68A:t2, leader=null, voted=null, raftlog=b166f5f1-a6ad-4c66-9d3e-7e796ecacb8a@group-139D7988E68A-SegmentedRaftLog:OPENED:c-1,f-1,i0, conf=-1: [b166f5f1-a6ad-4c66-9d3e-7e796ecacb8a:192.168.34.35:39693, 65d24b39-69ca-4c04-8db2-5f56e7503c5d:192.168.34.35:45259, 2f6ec408-7fd3-48a9-91b7-234721c6dbd9:192.168.34.35:41673], old=null
2019-10-21 08:05:20,872 [2f6ec408-7fd3-48a9-91b7-234721c6dbd9@group-139D7988E68A-LeaderElection4] INFO  impl.LeaderElection (LeaderElection.java:logAndReturn(56)) - 2f6ec408-7fd3-48a9-91b7-234721c6dbd9@group-139D7988E68A-LeaderElection4: Election PASSED; received 2 response(s) [2f6ec408-7fd3-48a9-91b7-234721c6dbd9<-b166f5f1-a6ad-4c66-9d3e-7e796ecacb8a#0:FAIL-t2, 2f6ec408-7fd3-48a9-91b7-234721c6dbd9<-65d24b39-69ca-4c04-8db2-5f56e7503c5d#0:OK-t2] and 0 exception(s); 2f6ec408-7fd3-48a9-91b7-234721c6dbd9@group-139D7988E68A:t2, leader=null, voted=2f6ec408-7fd3-48a9-91b7-234721c6dbd9, raftlog=2f6ec408-7fd3-48a9-91b7-234721c6dbd9@group-139D7988E68A-SegmentedRaftLog:OPENED:c-1,f-1,i0, conf=-1: [b166f5f1-a6ad-4c66-9d3e-7e796ecacb8a:192.168.34.35:39693, 65d24b39-69ca-4c04-8db2-5f56e7503c5d:192.168.34.35:45259, 2f6ec408-7fd3-48a9-91b7-234721c6dbd9:192.168.34.35:41673], old=null
2019-10-21 08:05:20,872 [2f6ec408-7fd3-48a9-91b7-234721c6dbd9@group-139D7988E68A-LeaderElection4] INFO  impl.RoleInfo (RoleInfo.java:shutdownLeaderElection(134)) - 2f6ec408-7fd3-48a9-91b7-234721c6dbd9: shutdown LeaderElection
2019-10-21 08:05:20,872 [2f6ec408-7fd3-48a9-91b7-234721c6dbd9@group-139D7988E68A-LeaderElection4] INFO  impl.RaftServerImpl (RaftServerImpl.java:setRole(184)) - 2f6ec408-7fd3-48a9-91b7-234721c6dbd9@group-139D7988E68A: changes role from CANDIDATE to LEADER at term 2 for changeToLeader
2019-10-21 08:05:20,873 [2f6ec408-7fd3-48a9-91b7-234721c6dbd9@group-139D7988E68A-LeaderElection4] INFO  impl.RaftServerImpl (ServerState.java:setLeader(256)) - 2f6ec408-7fd3-48a9-91b7-234721c6dbd9@group-139D7988E68A: change Leader from null to 2f6ec408-7fd3-48a9-91b7-234721c6dbd9 at term 2 for becomeLeader, leader elected after 374ms
2019-10-21 08:05:20,873 [2f6ec408-7fd3-48a9-91b7-234721c6dbd9@group-139D7988E68A-LeaderElection4] INFO  server.RaftServerConfigKeys (ConfUtils.java:logGet(43)) - raft.server.staging.catchup.gap = 1000 (default)
2019-10-21 08:05:20,873 [2f6ec408-7fd3-48a9-91b7-234721c6dbd9@group-139D7988E68A-LeaderElection4] INFO  server.RaftServerConfigKeys (ConfUtils.java:logGet(43)) - raft.server.rpc.sleep.time = 25ms (default)
2019-10-21 08:05:20,873 [2f6ec408-7fd3-48a9-91b7-234721c6dbd9@group-139D7988E68A-LeaderElection4] INFO  server.RaftServerConfigKeys (ConfUtils.java:logGet(43)) - raft.server.write.element-limit = 4096 (default)
2019-10-21 08:05:20,873 [2f6ec408-7fd3-48a9-91b7-234721c6dbd9@group-139D7988E68A-LeaderElection4] INFO  server.RaftServerConfigKeys (ConfUtils.java:logGet(43)) - raft.server.watch.timeout = 10s (default)
2019-10-21 08:05:20,874 [2f6ec408-7fd3-48a9-91b7-234721c6dbd9@group-139D7988E68A-LeaderElection4] INFO  server.RaftServerConfigKeys (ConfUtils.java:logGet(43)) - raft.server.watch.timeout.denomination = 1s (default)
2019-10-21 08:05:20,874 [2f6ec408-7fd3-48a9-91b7-234721c6dbd9@group-139D7988E68A-LeaderElection4] INFO  server.RaftServerConfigKeys (ConfUtils.java:logGet(43)) - raft.server.watch.element-limit = 65536 (default)
2019-10-21 08:05:20,879 [2f6ec408-7fd3-48a9-91b7-234721c6dbd9@group-139D7988E68A-LeaderElection4] INFO  server.RaftServerConfigKeys (ConfUtils.java:logGet(43)) - raft.server.log.appender.snapshot.chunk.size.max = 16MB (=16777216) (default)
2019-10-21 08:05:20,880 [2f6ec408-7fd3-48a9-91b7-234721c6dbd9@group-139D7988E68A-LeaderElection4] INFO  server.RaftServerConfigKeys (ConfUtils.java:logGet(43)) - raft.server.log.appender.buffer.byte-limit = 33554432 (custom)
2019-10-21 08:05:20,880 [2f6ec408-7fd3-48a9-91b7-234721c6dbd9@group-139D7988E68A-LeaderElection4] INFO  server.RaftServerConfigKeys (ConfUtils.java:logGet(43)) - raft.server.log.appender.buffer.element-limit = 1 (custom)
2019-10-21 08:05:20,884 [2f6ec408-7fd3-48a9-91b7-234721c6dbd9@group-139D7988E68A-LeaderElection4] INFO  grpc.GrpcConfigKeys$Server (ConfUtils.java:logGet(43)) - raft.grpc.server.leader.outstanding.appends.max = 128 (default)
2019-10-21 08:05:20,888 [2f6ec408-7fd3-48a9-91b7-234721c6dbd9@group-139D7988E68A-LeaderElection4] INFO  server.RaftServerConfigKeys (ConfUtils.java:logGet(43)) - raft.server.rpc.request.timeout = 3000ms (default)
2019-10-21 08:05:20,888 [2f6ec408-7fd3-48a9-91b7-234721c6dbd9@group-139D7988E68A-LeaderElection4] INFO  server.RaftServerConfigKeys (ConfUtils.java:logGet(43)) - raft.server.log.appender.install.snapshot.enabled = false (custom)
2019-10-21 08:05:20,898 [2f6ec408-7fd3-48a9-91b7-234721c6dbd9@group-139D7988E68A-LeaderElection4] INFO  server.RaftServerConfigKeys (ConfUtils.java:logGet(43)) - raft.server.log.appender.snapshot.chunk.size.max = 16MB (=16777216) (default)
2019-10-21 08:05:20,898 [2f6ec408-7fd3-48a9-91b7-234721c6dbd9@group-139D7988E68A-LeaderElection4] INFO  server.RaftServerConfigKeys (ConfUtils.java:logGet(43)) - raft.server.log.appender.buffer.byte-limit = 33554432 (custom)
2019-10-21 08:05:20,898 [2f6ec408-7fd3-48a9-91b7-234721c6dbd9@group-139D7988E68A-LeaderElection4] INFO  server.RaftServerConfigKeys (ConfUtils.java:logGet(43)) - raft.server.log.appender.buffer.element-limit = 1 (custom)
2019-10-21 08:05:20,898 [2f6ec408-7fd3-48a9-91b7-234721c6dbd9@group-139D7988E68A-LeaderElection4] INFO  grpc.GrpcConfigKeys$Server (ConfUtils.java:logGet(43)) - raft.grpc.server.leader.outstanding.appends.max = 128 (default)
2019-10-21 08:05:20,898 [2f6ec408-7fd3-48a9-91b7-234721c6dbd9@group-139D7988E68A-LeaderElection4] INFO  server.RaftServerConfigKeys (ConfUtils.java:logGet(43)) - raft.server.rpc.request.timeout = 3000ms (default)
2019-10-21 08:05:20,899 [2f6ec408-7fd3-48a9-91b7-234721c6dbd9@group-139D7988E68A-LeaderElection4] INFO  server.RaftServerConfigKeys (ConfUtils.java:logGet(43)) - raft.server.log.appender.install.snapshot.enabled = false (custom)
2019-10-21 08:05:20,903 [2f6ec408-7fd3-48a9-91b7-234721c6dbd9@group-139D7988E68A-LeaderElection4] INFO  impl.RoleInfo (RoleInfo.java:updateAndGet(143)) - 2f6ec408-7fd3-48a9-91b7-234721c6dbd9: start LeaderState
2019-10-21 08:05:20,904 [2f6ec408-7fd3-48a9-91b7-234721c6dbd9@group-139D7988E68A-LeaderElection4] INFO  segmented.SegmentedRaftLogWorker (SegmentedRaftLogWorker.java:startLogSegment(385)) - 2f6ec408-7fd3-48a9-91b7-234721c6dbd9@group-139D7988E68A-SegmentedRaftLogWorker: Starting segment from index:0
2019-10-21 08:05:20,905 [2f6ec408-7fd3-48a9-91b7-234721c6dbd9@group-139D7988E68A-LeaderElection4] INFO  impl.RaftServerImpl (ServerState.java:setRaftConf(357)) - 2f6ec408-7fd3-48a9-91b7-234721c6dbd9@group-139D7988E68A: set configuration 0: [b166f5f1-a6ad-4c66-9d3e-7e796ecacb8a:192.168.34.35:39693, 65d24b39-69ca-4c04-8db2-5f56e7503c5d:192.168.34.35:45259, 2f6ec408-7fd3-48a9-91b7-234721c6dbd9:192.168.34.35:41673], old=null at 0
2019-10-21 08:05:20,951 [2f6ec408-7fd3-48a9-91b7-234721c6dbd9@group-139D7988E68A-SegmentedRaftLogWorker] INFO  segmented.SegmentedRaftLogWorker (SegmentedRaftLogWorker.java:execute(576)) - 2f6ec408-7fd3-48a9-91b7-234721c6dbd9@group-139D7988E68A-SegmentedRaftLogWorker: created new log segment /workdir/hadoop-ozone/integration-test/target/test-dir/MiniOzoneClusterImpl-4ab24f66-bd6b-4106-b39e-8a9e797e32b6/datanode-0/data/ratis/43b28a2a-1a81-4de9-bdfa-139d7988e68a/current/log_inprogress_0
2019-10-21 08:05:20,962 [grpc-default-executor-3] INFO  impl.RaftServerImpl (ServerState.java:setLeader(256)) - 65d24b39-69ca-4c04-8db2-5f56e7503c5d@group-139D7988E68A: change Leader from null to 2f6ec408-7fd3-48a9-91b7-234721c6dbd9 at term 2 for appendEntries, leader elected after 463ms
2019-10-21 08:05:20,970 [Thread-222] INFO  impl.FollowerState (FollowerState.java:run(108)) - b166f5f1-a6ad-4c66-9d3e-7e796ecacb8a@group-139D7988E68A-FollowerState: change to CANDIDATE, lastRpcTime:128ms, electionTimeout:127ms
2019-10-21 08:05:20,971 [Thread-222] INFO  impl.RoleInfo (RoleInfo.java:shutdownFollowerState(121)) - b166f5f1-a6ad-4c66-9d3e-7e796ecacb8a: shutdown FollowerState
2019-10-21 08:05:20,971 [Thread-222] INFO  impl.RaftServerImpl (RaftServerImpl.java:setRole(184)) - b166f5f1-a6ad-4c66-9d3e-7e796ecacb8a@group-139D7988E68A: changes role from  FOLLOWER to CANDIDATE at term 2 for changeToCandidate
2019-10-21 08:05:20,971 [Thread-222] INFO  impl.RoleInfo (RoleInfo.java:updateAndGet(143)) - b166f5f1-a6ad-4c66-9d3e-7e796ecacb8a: start LeaderElection
2019-10-21 08:05:20,973 [grpc-default-executor-2] INFO  impl.RaftServerImpl (RaftServerImpl.java:setRole(184)) - b166f5f1-a6ad-4c66-9d3e-7e796ecacb8a@group-139D7988E68A: changes role from CANDIDATE to FOLLOWER at term 2 for appendEntries
2019-10-21 08:05:20,974 [grpc-default-executor-2] INFO  impl.RoleInfo (RoleInfo.java:shutdownLeaderElection(134)) - b166f5f1-a6ad-4c66-9d3e-7e796ecacb8a: shutdown LeaderElection
2019-10-21 08:05:20,974 [grpc-default-executor-2] INFO  impl.RoleInfo (RoleInfo.java:updateAndGet(143)) - b166f5f1-a6ad-4c66-9d3e-7e796ecacb8a: start FollowerState
2019-10-21 08:05:20,974 [grpc-default-executor-2] INFO  impl.RaftServerImpl (ServerState.java:setLeader(256)) - b166f5f1-a6ad-4c66-9d3e-7e796ecacb8a@group-139D7988E68A: change Leader from null to 2f6ec408-7fd3-48a9-91b7-234721c6dbd9 at term 2 for appendEntries, leader elected after 476ms
2019-10-21 08:05:20,975 [b166f5f1-a6ad-4c66-9d3e-7e796ecacb8a@group-139D7988E68A-LeaderElection6] INFO  impl.RaftServerImpl (ServerState.java:setLeader(256)) - b166f5f1-a6ad-4c66-9d3e-7e796ecacb8a@group-139D7988E68A: change Leader from 2f6ec408-7fd3-48a9-91b7-234721c6dbd9 to null at term 2 for initElection
2019-10-21 08:05:20,988 [b166f5f1-a6ad-4c66-9d3e-7e796ecacb8a@group-139D7988E68A-LeaderElection6] INFO  impl.LeaderElection (LeaderElection.java:askForVotes(178)) - b166f5f1-a6ad-4c66-9d3e-7e796ecacb8a@group-139D7988E68A-LeaderElection6: begin an election at term 3 for -1: [b166f5f1-a6ad-4c66-9d3e-7e796ecacb8a:192.168.34.35:39693, 65d24b39-69ca-4c04-8db2-5f56e7503c5d:192.168.34.35:45259, 2f6ec408-7fd3-48a9-91b7-234721c6dbd9:192.168.34.35:41673], old=null
2019-10-21 08:05:20,989 [b166f5f1-a6ad-4c66-9d3e-7e796ecacb8a@group-139D7988E68A-LeaderElection6] INFO  impl.LeaderElection (LeaderElection.java:logAndReturn(56)) - b166f5f1-a6ad-4c66-9d3e-7e796ecacb8a@group-139D7988E68A-LeaderElection6: Election REJECTED; received 0 response(s) [] and 0 exception(s); b166f5f1-a6ad-4c66-9d3e-7e796ecacb8a@group-139D7988E68A:t3, leader=null, voted=b166f5f1-a6ad-4c66-9d3e-7e796ecacb8a, raftlog=b166f5f1-a6ad-4c66-9d3e-7e796ecacb8a@group-139D7988E68A-SegmentedRaftLog:OPENED:c-1,f-1,i0, conf=-1: [b166f5f1-a6ad-4c66-9d3e-7e796ecacb8a:192.168.34.35:39693, 65d24b39-69ca-4c04-8db2-5f56e7503c5d:192.168.34.35:45259, 2f6ec408-7fd3-48a9-91b7-234721c6dbd9:192.168.34.35:41673], old=null
2019-10-21 08:05:20,997 [grpc-default-executor-0] INFO  impl.RaftServerImpl (ServerState.java:setLeader(256)) - 65d24b39-69ca-4c04-8db2-5f56e7503c5d@group-139D7988E68A: change Leader from 2f6ec408-7fd3-48a9-91b7-234721c6dbd9 to null at term 3 for updateCurrentTerm
2019-10-21 08:05:20,997 [grpc-default-executor-1] INFO  impl.RaftServerImpl (ServerState.java:setLeader(256)) - 2f6ec408-7fd3-48a9-91b7-234721c6dbd9@group-139D7988E68A: change Leader from 2f6ec408-7fd3-48a9-91b7-234721c6dbd9 to null at term 3 for updateCurrentTerm
2019-10-21 08:05:20,997 [grpc-default-executor-0] INFO  impl.RaftServerImpl (RaftServerImpl.java:setRole(184)) - 65d24b39-69ca-4c04-8db2-5f56e7503c5d@group-139D7988E68A: changes role from  FOLLOWER to FOLLOWER at term 3 for recognizeCandidate:b166f5f1-a6ad-4c66-9d3e-7e796ecacb8a
2019-10-21 08:05:20,998 [grpc-default-executor-1] INFO  impl.RaftServerImpl (RaftServerImpl.java:setRole(184)) - 2f6ec408-7fd3-48a9-91b7-234721c6dbd9@group-139D7988E68A: changes role from    LEADER to FOLLOWER at term 3 for recognizeCandidate:b166f5f1-a6ad-4c66-9d3e-7e796ecacb8a
2019-10-21 08:05:20,999 [grpc-default-executor-0] INFO  impl.RoleInfo (RoleInfo.java:shutdownFollowerState(121)) - 65d24b39-69ca-4c04-8db2-5f56e7503c5d: shutdown FollowerState
2019-10-21 08:05:21,000 [grpc-default-executor-1] INFO  impl.RoleInfo (RoleInfo.java:shutdownLeaderState(104)) - 2f6ec408-7fd3-48a9-91b7-234721c6dbd9: shutdown LeaderState
2019-10-21 08:05:21,000 [grpc-default-executor-0] INFO  impl.RoleInfo (RoleInfo.java:updateAndGet(143)) - 65d24b39-69ca-4c04-8db2-5f56e7503c5d: start FollowerState
2019-10-21 08:05:21,000 [Thread-223] INFO  impl.FollowerState (FollowerState.java:run(117)) - 65d24b39-69ca-4c04-8db2-5f56e7503c5d@group-139D7988E68A-FollowerState was interrupted: java.lang.InterruptedException: sleep interrupted
2019-10-21 08:05:21,005 [grpc-default-executor-1] INFO  impl.PendingRequests (PendingRequests.java:sendNotLeaderResponses(202)) - 2f6ec408-7fd3-48a9-91b7-234721c6dbd9@group-139D7988E68A-PendingRequests: sendNotLeaderResponses
2019-10-21 08:05:21,006 [org.apache.ratis.server.impl.LogAppender$AppenderDaemon$$Lambda$412/2100133860@6f62b7b9] WARN  server.GrpcLogAppender (GrpcLogAppender.java:mayWait(149)) - 2f6ec408-7fd3-48a9-91b7-234721c6dbd9@group-139D7988E68A->65d24b39-69ca-4c04-8db2-5f56e7503c5d-GrpcLogAppender: Wait interrupted by java.lang.InterruptedException
2019-10-21 08:05:21,006 [org.apache.ratis.server.impl.LogAppender$AppenderDaemon$$Lambda$412/2100133860@1899e69e] WARN  server.GrpcLogAppender (GrpcLogAppender.java:mayWait(149)) - 2f6ec408-7fd3-48a9-91b7-234721c6dbd9@group-139D7988E68A->b166f5f1-a6ad-4c66-9d3e-7e796ecacb8a-GrpcLogAppender: Wait interrupted by java.lang.InterruptedException
2019-10-21 08:05:21,010 [grpc-default-executor-1] INFO  impl.RoleInfo (RoleInfo.java:updateAndGet(143)) - 2f6ec408-7fd3-48a9-91b7-234721c6dbd9: start FollowerState
2019-10-21 08:05:21,012 [grpc-default-executor-3] INFO  server.GrpcServerProtocolService (GrpcServerProtocolService.java:onCompleted(113)) - 65d24b39-69ca-4c04-8db2-5f56e7503c5d: Completed APPEND_ENTRIES, lastRequest: 2f6ec408-7fd3-48a9-91b7-234721c6dbd9->65d24b39-69ca-4c04-8db2-5f56e7503c5d#0-t2, previous=(t:0, i:0), leaderCommit=-1, initializing? false, entries: <empty>
2019-10-21 08:05:21,012 [grpc-default-executor-2] INFO  server.GrpcServerProtocolService (GrpcServerProtocolService.java:onCompleted(113)) - b166f5f1-a6ad-4c66-9d3e-7e796ecacb8a: Completed APPEND_ENTRIES, lastRequest: 2f6ec408-7fd3-48a9-91b7-234721c6dbd9->b166f5f1-a6ad-4c66-9d3e-7e796ecacb8a#0-t2, previous=(t:0, i:0), leaderCommit=-1, initializing? false, entries: <empty>
2019-10-21 08:05:21,015 [grpc-default-executor-2] INFO  server.GrpcLogAppender (GrpcLogAppender.java:onCompleted(308)) - 2f6ec408-7fd3-48a9-91b7-234721c6dbd9@group-139D7988E68A->65d24b39-69ca-4c04-8db2-5f56e7503c5d-AppendLogResponseHandler: follower responses appendEntries COMPLETED
2019-10-21 08:05:21,015 [grpc-default-executor-3] INFO  server.GrpcLogAppender (GrpcLogAppender.java:onCompleted(308)) - 2f6ec408-7fd3-48a9-91b7-234721c6dbd9@group-139D7988E68A->b166f5f1-a6ad-4c66-9d3e-7e796ecacb8a-AppendLogResponseHandler: follower responses appendEntries COMPLETED
2019-10-21 08:05:21,021 [grpc-default-executor-2] INFO  impl.FollowerInfo (FollowerInfo.java:lambda$new$0(51)) - 2f6ec408-7fd3-48a9-91b7-234721c6dbd9@group-139D7988E68A->65d24b39-69ca-4c04-8db2-5f56e7503c5d: nextIndex: updateUnconditionally 1 -> 0
2019-10-21 08:05:21,022 [grpc-default-executor-3] INFO  impl.FollowerInfo (FollowerInfo.java:lambda$new$0(51)) - 2f6ec408-7fd3-48a9-91b7-234721c6dbd9@group-139D7988E68A->b166f5f1-a6ad-4c66-9d3e-7e796ecacb8a: nextIndex: updateUnconditionally 1 -> 0
2019-10-21 08:05:21,525 [main] INFO  rpc.RpcClient (RpcClient.java:createVolume(272)) - Creating Volume: testcontainerstatemachinefailures, with jenkins1000 as owner.
2019-10-21 08:05:21,629 [IPC Server handler 9 on 34814] INFO  volume.OMVolumeCreateRequest (OMVolumeCreateRequest.java:validateAndUpdateCache(193)) - created volume:testcontainerstatemachinefailures for user:jenkins1000
2019-10-21 08:05:21,654 [main] INFO  rpc.RpcClient (RpcClient.java:createBucket(411)) - Creating Bucket: testcontainerstatemachinefailures/testcontainerstatemachinefailures, with Versioning false and Storage Type set to DISK and Encryption set to false 
2019-10-21 08:05:21,730 [IPC Server handler 1 on 44309] INFO  server.SCMBlockProtocolServer (SCMBlockProtocolServer.java:allocateBlock(179)) - Allocating 1 blocks of size 4194304, with ExcludeList {datanodes = [], containerIds = [], pipelineIds = []}
2019-10-21 08:05:21,830 [main] INFO  impl.MetricsSystemImpl (MetricsSystemImpl.java:init(158)) - XceiverClientMetrics metrics system started (again)
2019-10-21 08:05:22,372 [Thread-181] INFO  container.ReplicationManager (ReplicationManager.java:start(162)) - Starting Replication Monitor Thread.
2019-10-21 08:05:22,377 [ReplicationMonitor] INFO  container.ReplicationManager (ReplicationManager.java:run(225)) - Replication Monitor Thread took 4 milliseconds for processing 1 containers.
2019-10-21 08:05:26,076 [Thread-235] INFO  impl.FollowerState (FollowerState.java:run(108)) - 65d24b39-69ca-4c04-8db2-5f56e7503c5d@group-139D7988E68A-FollowerState: change to CANDIDATE, lastRpcTime:5075ms, electionTimeout:5074ms
2019-10-21 08:05:26,077 [Thread-235] INFO  impl.RoleInfo (RoleInfo.java:shutdownFollowerState(121)) - 65d24b39-69ca-4c04-8db2-5f56e7503c5d: shutdown FollowerState
2019-10-21 08:05:26,077 [Thread-235] INFO  impl.RaftServerImpl (RaftServerImpl.java:setRole(184)) - 65d24b39-69ca-4c04-8db2-5f56e7503c5d@group-139D7988E68A: changes role from  FOLLOWER to CANDIDATE at term 3 for changeToCandidate
2019-10-21 08:05:26,077 [Thread-235] INFO  impl.RoleInfo (RoleInfo.java:updateAndGet(143)) - 65d24b39-69ca-4c04-8db2-5f56e7503c5d: start LeaderElection
2019-10-21 08:05:26,103 [Thread-236] INFO  impl.FollowerState (FollowerState.java:run(108)) - 2f6ec408-7fd3-48a9-91b7-234721c6dbd9@group-139D7988E68A-FollowerState: change to CANDIDATE, lastRpcTime:5092ms, electionTimeout:5092ms
2019-10-21 08:05:26,103 [Thread-236] INFO  impl.RoleInfo (RoleInfo.java:shutdownFollowerState(121)) - 2f6ec408-7fd3-48a9-91b7-234721c6dbd9: shutdown FollowerState
2019-10-21 08:05:26,104 [Thread-236] INFO  impl.RaftServerImpl (RaftServerImpl.java:setRole(184)) - 2f6ec408-7fd3-48a9-91b7-234721c6dbd9@group-139D7988E68A: changes role from  FOLLOWER to CANDIDATE at term 3 for changeToCandidate
2019-10-21 08:05:26,104 [Thread-236] INFO  impl.RoleInfo (RoleInfo.java:updateAndGet(143)) - 2f6ec408-7fd3-48a9-91b7-234721c6dbd9: start LeaderElection
2019-10-21 08:05:26,106 [65d24b39-69ca-4c04-8db2-5f56e7503c5d@group-139D7988E68A-LeaderElection7] INFO  impl.LeaderElection (LeaderElection.java:askForVotes(178)) - 65d24b39-69ca-4c04-8db2-5f56e7503c5d@group-139D7988E68A-LeaderElection7: begin an election at term 4 for -1: [b166f5f1-a6ad-4c66-9d3e-7e796ecacb8a:192.168.34.35:39693, 65d24b39-69ca-4c04-8db2-5f56e7503c5d:192.168.34.35:45259, 2f6ec408-7fd3-48a9-91b7-234721c6dbd9:192.168.34.35:41673], old=null
2019-10-21 08:05:26,121 [2f6ec408-7fd3-48a9-91b7-234721c6dbd9@group-139D7988E68A-LeaderElection8] INFO  impl.LeaderElection (LeaderElection.java:askForVotes(178)) - 2f6ec408-7fd3-48a9-91b7-234721c6dbd9@group-139D7988E68A-LeaderElection8: begin an election at term 4 for 0: [b166f5f1-a6ad-4c66-9d3e-7e796ecacb8a:192.168.34.35:39693, 65d24b39-69ca-4c04-8db2-5f56e7503c5d:192.168.34.35:45259, 2f6ec408-7fd3-48a9-91b7-234721c6dbd9:192.168.34.35:41673], old=null
2019-10-21 08:05:26,121 [grpc-default-executor-1] INFO  impl.RaftServerImpl (RaftServerImpl.java:setRole(184)) - b166f5f1-a6ad-4c66-9d3e-7e796ecacb8a@group-139D7988E68A: changes role from  FOLLOWER to FOLLOWER at term 4 for recognizeCandidate:65d24b39-69ca-4c04-8db2-5f56e7503c5d
2019-10-21 08:05:26,122 [grpc-default-executor-1] INFO  impl.RoleInfo (RoleInfo.java:shutdownFollowerState(121)) - b166f5f1-a6ad-4c66-9d3e-7e796ecacb8a: shutdown FollowerState
2019-10-21 08:05:26,122 [grpc-default-executor-1] INFO  impl.RoleInfo (RoleInfo.java:updateAndGet(143)) - b166f5f1-a6ad-4c66-9d3e-7e796ecacb8a: start FollowerState
2019-10-21 08:05:26,122 [Thread-231] INFO  impl.FollowerState (FollowerState.java:run(117)) - b166f5f1-a6ad-4c66-9d3e-7e796ecacb8a@group-139D7988E68A-FollowerState was interrupted: java.lang.InterruptedException: sleep interrupted
2019-10-21 08:05:26,142 [65d24b39-69ca-4c04-8db2-5f56e7503c5d@group-139D7988E68A-LeaderElection7] INFO  impl.LeaderElection (LeaderElection.java:logAndReturn(56)) - 65d24b39-69ca-4c04-8db2-5f56e7503c5d@group-139D7988E68A-LeaderElection7: Election PASSED; received 2 response(s) [65d24b39-69ca-4c04-8db2-5f56e7503c5d<-b166f5f1-a6ad-4c66-9d3e-7e796ecacb8a#0:OK-t4, 65d24b39-69ca-4c04-8db2-5f56e7503c5d<-2f6ec408-7fd3-48a9-91b7-234721c6dbd9#0:FAIL-t4] and 0 exception(s); 65d24b39-69ca-4c04-8db2-5f56e7503c5d@group-139D7988E68A:t4, leader=null, voted=65d24b39-69ca-4c04-8db2-5f56e7503c5d, raftlog=65d24b39-69ca-4c04-8db2-5f56e7503c5d@group-139D7988E68A-SegmentedRaftLog:OPENED:c-1,f-1,i0, conf=-1: [b166f5f1-a6ad-4c66-9d3e-7e796ecacb8a:192.168.34.35:39693, 65d24b39-69ca-4c04-8db2-5f56e7503c5d:192.168.34.35:45259, 2f6ec408-7fd3-48a9-91b7-234721c6dbd9:192.168.34.35:41673], old=null
2019-10-21 08:05:26,143 [65d24b39-69ca-4c04-8db2-5f56e7503c5d@group-139D7988E68A-LeaderElection7] INFO  impl.RoleInfo (RoleInfo.java:shutdownLeaderElection(134)) - 65d24b39-69ca-4c04-8db2-5f56e7503c5d: shutdown LeaderElection
2019-10-21 08:05:26,144 [65d24b39-69ca-4c04-8db2-5f56e7503c5d@group-139D7988E68A-LeaderElection7] INFO  impl.RaftServerImpl (RaftServerImpl.java:setRole(184)) - 65d24b39-69ca-4c04-8db2-5f56e7503c5d@group-139D7988E68A: changes role from CANDIDATE to LEADER at term 4 for changeToLeader
2019-10-21 08:05:26,145 [65d24b39-69ca-4c04-8db2-5f56e7503c5d@group-139D7988E68A-LeaderElection7] INFO  impl.RaftServerImpl (ServerState.java:setLeader(256)) - 65d24b39-69ca-4c04-8db2-5f56e7503c5d@group-139D7988E68A: change Leader from null to 65d24b39-69ca-4c04-8db2-5f56e7503c5d at term 4 for becomeLeader, leader elected after 5147ms
2019-10-21 08:05:26,146 [65d24b39-69ca-4c04-8db2-5f56e7503c5d@group-139D7988E68A-LeaderElection7] INFO  server.RaftServerConfigKeys (ConfUtils.java:logGet(43)) - raft.server.staging.catchup.gap = 1000 (default)
2019-10-21 08:05:26,146 [65d24b39-69ca-4c04-8db2-5f56e7503c5d@group-139D7988E68A-LeaderElection7] INFO  server.RaftServerConfigKeys (ConfUtils.java:logGet(43)) - raft.server.rpc.sleep.time = 25ms (default)
2019-10-21 08:05:26,146 [65d24b39-69ca-4c04-8db2-5f56e7503c5d@group-139D7988E68A-LeaderElection7] INFO  server.RaftServerConfigKeys (ConfUtils.java:logGet(43)) - raft.server.write.element-limit = 4096 (default)
2019-10-21 08:05:26,147 [65d24b39-69ca-4c04-8db2-5f56e7503c5d@group-139D7988E68A-LeaderElection7] INFO  server.RaftServerConfigKeys (ConfUtils.java:logGet(43)) - raft.server.watch.timeout = 10s (default)
2019-10-21 08:05:26,147 [65d24b39-69ca-4c04-8db2-5f56e7503c5d@group-139D7988E68A-LeaderElection7] INFO  server.RaftServerConfigKeys (ConfUtils.java:logGet(43)) - raft.server.watch.timeout.denomination = 1s (default)
2019-10-21 08:05:26,147 [65d24b39-69ca-4c04-8db2-5f56e7503c5d@group-139D7988E68A-LeaderElection7] INFO  server.RaftServerConfigKeys (ConfUtils.java:logGet(43)) - raft.server.watch.element-limit = 65536 (default)
2019-10-21 08:05:26,148 [2f6ec408-7fd3-48a9-91b7-234721c6dbd9@group-139D7988E68A-LeaderElection8] INFO  impl.LeaderElection (LeaderElection.java:logAndReturn(56)) - 2f6ec408-7fd3-48a9-91b7-234721c6dbd9@group-139D7988E68A-LeaderElection8: Election REJECTED; received 2 response(s) [2f6ec408-7fd3-48a9-91b7-234721c6dbd9<-b166f5f1-a6ad-4c66-9d3e-7e796ecacb8a#0:FAIL-t4, 2f6ec408-7fd3-48a9-91b7-234721c6dbd9<-65d24b39-69ca-4c04-8db2-5f56e7503c5d#0:FAIL-t4] and 0 exception(s); 2f6ec408-7fd3-48a9-91b7-234721c6dbd9@group-139D7988E68A:t4, leader=null, voted=2f6ec408-7fd3-48a9-91b7-234721c6dbd9, raftlog=2f6ec408-7fd3-48a9-91b7-234721c6dbd9@group-139D7988E68A-SegmentedRaftLog:OPENED:c0,f0,i0, conf=0: [b166f5f1-a6ad-4c66-9d3e-7e796ecacb8a:192.168.34.35:39693, 65d24b39-69ca-4c04-8db2-5f56e7503c5d:192.168.34.35:45259, 2f6ec408-7fd3-48a9-91b7-234721c6dbd9:192.168.34.35:41673], old=null
2019-10-21 08:05:26,149 [2f6ec408-7fd3-48a9-91b7-234721c6dbd9@group-139D7988E68A-LeaderElection8] INFO  impl.RaftServerImpl (RaftServerImpl.java:setRole(184)) - 2f6ec408-7fd3-48a9-91b7-234721c6dbd9@group-139D7988E68A: changes role from CANDIDATE to FOLLOWER at term 4 for DISCOVERED_A_NEW_TERM
2019-10-21 08:05:26,150 [2f6ec408-7fd3-48a9-91b7-234721c6dbd9@group-139D7988E68A-LeaderElection8] INFO  impl.RoleInfo (RoleInfo.java:shutdownLeaderElection(134)) - 2f6ec408-7fd3-48a9-91b7-234721c6dbd9: shutdown LeaderElection
2019-10-21 08:05:26,151 [2f6ec408-7fd3-48a9-91b7-234721c6dbd9@group-139D7988E68A-LeaderElection8] INFO  impl.RoleInfo (RoleInfo.java:updateAndGet(143)) - 2f6ec408-7fd3-48a9-91b7-234721c6dbd9: start FollowerState
2019-10-21 08:05:26,153 [65d24b39-69ca-4c04-8db2-5f56e7503c5d@group-139D7988E68A-LeaderElection7] INFO  server.RaftServerConfigKeys (ConfUtils.java:logGet(43)) - raft.server.log.appender.snapshot.chunk.size.max = 16MB (=16777216) (default)
2019-10-21 08:05:26,154 [65d24b39-69ca-4c04-8db2-5f56e7503c5d@group-139D7988E68A-LeaderElection7] INFO  server.RaftServerConfigKeys (ConfUtils.java:logGet(43)) - raft.server.log.appender.buffer.byte-limit = 33554432 (custom)
2019-10-21 08:05:26,154 [65d24b39-69ca-4c04-8db2-5f56e7503c5d@group-139D7988E68A-LeaderElection7] INFO  server.RaftServerConfigKeys (ConfUtils.java:logGet(43)) - raft.server.log.appender.buffer.element-limit = 1 (custom)
2019-10-21 08:05:26,154 [65d24b39-69ca-4c04-8db2-5f56e7503c5d@group-139D7988E68A-LeaderElection7] INFO  grpc.GrpcConfigKeys$Server (ConfUtils.java:logGet(43)) - raft.grpc.server.leader.outstanding.appends.max = 128 (default)
2019-10-21 08:05:26,155 [65d24b39-69ca-4c04-8db2-5f56e7503c5d@group-139D7988E68A-LeaderElection7] INFO  server.RaftServerConfigKeys (ConfUtils.java:logGet(43)) - raft.server.rpc.request.timeout = 3000ms (default)
2019-10-21 08:05:26,155 [65d24b39-69ca-4c04-8db2-5f56e7503c5d@group-139D7988E68A-LeaderElection7] INFO  server.RaftServerConfigKeys (ConfUtils.java:logGet(43)) - raft.server.log.appender.install.snapshot.enabled = false (custom)
2019-10-21 08:05:26,158 [65d24b39-69ca-4c04-8db2-5f56e7503c5d@group-139D7988E68A-LeaderElection7] INFO  server.RaftServerConfigKeys (ConfUtils.java:logGet(43)) - raft.server.log.appender.snapshot.chunk.size.max = 16MB (=16777216) (default)
2019-10-21 08:05:26,158 [65d24b39-69ca-4c04-8db2-5f56e7503c5d@group-139D7988E68A-LeaderElection7] INFO  server.RaftServerConfigKeys (ConfUtils.java:logGet(43)) - raft.server.log.appender.buffer.byte-limit = 33554432 (custom)
2019-10-21 08:05:26,158 [65d24b39-69ca-4c04-8db2-5f56e7503c5d@group-139D7988E68A-LeaderElection7] INFO  server.RaftServerConfigKeys (ConfUtils.java:logGet(43)) - raft.server.log.appender.buffer.element-limit = 1 (custom)
2019-10-21 08:05:26,159 [65d24b39-69ca-4c04-8db2-5f56e7503c5d@group-139D7988E68A-LeaderElection7] INFO  grpc.GrpcConfigKeys$Server (ConfUtils.java:logGet(43)) - raft.grpc.server.leader.outstanding.appends.max = 128 (default)
2019-10-21 08:05:26,159 [65d24b39-69ca-4c04-8db2-5f56e7503c5d@group-139D7988E68A-LeaderElection7] INFO  server.RaftServerConfigKeys (ConfUtils.java:logGet(43)) - raft.server.rpc.request.timeout = 3000ms (default)
2019-10-21 08:05:26,159 [65d24b39-69ca-4c04-8db2-5f56e7503c5d@group-139D7988E68A-LeaderElection7] INFO  server.RaftServerConfigKeys (ConfUtils.java:logGet(43)) - raft.server.log.appender.install.snapshot.enabled = false (custom)
2019-10-21 08:05:26,161 [65d24b39-69ca-4c04-8db2-5f56e7503c5d@group-139D7988E68A-LeaderElection7] INFO  impl.RoleInfo (RoleInfo.java:updateAndGet(143)) - 65d24b39-69ca-4c04-8db2-5f56e7503c5d: start LeaderState
2019-10-21 08:05:26,162 [65d24b39-69ca-4c04-8db2-5f56e7503c5d@group-139D7988E68A-LeaderElection7] INFO  segmented.SegmentedRaftLogWorker (SegmentedRaftLogWorker.java:startLogSegment(385)) - 65d24b39-69ca-4c04-8db2-5f56e7503c5d@group-139D7988E68A-SegmentedRaftLogWorker: Starting segment from index:0
2019-10-21 08:05:26,163 [65d24b39-69ca-4c04-8db2-5f56e7503c5d@group-139D7988E68A-LeaderElection7] INFO  impl.RaftServerImpl (ServerState.java:setRaftConf(357)) - 65d24b39-69ca-4c04-8db2-5f56e7503c5d@group-139D7988E68A: set configuration 0: [b166f5f1-a6ad-4c66-9d3e-7e796ecacb8a:192.168.34.35:39693, 65d24b39-69ca-4c04-8db2-5f56e7503c5d:192.168.34.35:45259, 2f6ec408-7fd3-48a9-91b7-234721c6dbd9:192.168.34.35:41673], old=null at 0
2019-10-21 08:05:26,195 [grpc-default-executor-1] INFO  impl.RaftServerImpl (ServerState.java:setLeader(256)) - 2f6ec408-7fd3-48a9-91b7-234721c6dbd9@group-139D7988E68A: change Leader from null to 65d24b39-69ca-4c04-8db2-5f56e7503c5d at term 4 for appendEntries, leader elected after 5198ms
2019-10-21 08:05:26,195 [grpc-default-executor-0] INFO  impl.RaftServerImpl (ServerState.java:setLeader(256)) - b166f5f1-a6ad-4c66-9d3e-7e796ecacb8a@group-139D7988E68A: change Leader from null to 65d24b39-69ca-4c04-8db2-5f56e7503c5d at term 4 for appendEntries, leader elected after 5220ms
2019-10-21 08:05:26,204 [grpc-default-executor-0] INFO  impl.RaftServerImpl (ServerState.java:setRaftConf(357)) - 2f6ec408-7fd3-48a9-91b7-234721c6dbd9@group-139D7988E68A: set configuration 0: [b166f5f1-a6ad-4c66-9d3e-7e796ecacb8a:192.168.34.35:39693, 65d24b39-69ca-4c04-8db2-5f56e7503c5d:192.168.34.35:45259, 2f6ec408-7fd3-48a9-91b7-234721c6dbd9:192.168.34.35:41673], old=null at 0
2019-10-21 08:05:26,204 [grpc-default-executor-1] INFO  impl.RaftServerImpl (ServerState.java:setRaftConf(357)) - b166f5f1-a6ad-4c66-9d3e-7e796ecacb8a@group-139D7988E68A: set configuration 0: [b166f5f1-a6ad-4c66-9d3e-7e796ecacb8a:192.168.34.35:39693, 65d24b39-69ca-4c04-8db2-5f56e7503c5d:192.168.34.35:45259, 2f6ec408-7fd3-48a9-91b7-234721c6dbd9:192.168.34.35:41673], old=null at 0
2019-10-21 08:05:26,204 [grpc-default-executor-1] INFO  segmented.SegmentedRaftLogWorker (SegmentedRaftLogWorker.java:startLogSegment(385)) - b166f5f1-a6ad-4c66-9d3e-7e796ecacb8a@group-139D7988E68A-SegmentedRaftLogWorker: Starting segment from index:0
2019-10-21 08:05:26,207 [grpc-default-executor-0] INFO  segmented.SegmentedRaftLogWorker (SegmentedRaftLogWorker.java:truncate(401)) - 2f6ec408-7fd3-48a9-91b7-234721c6dbd9@group-139D7988E68A-SegmentedRaftLogWorker: Truncating segments toTruncate: null
  toDelete: [(0, 0) isOpen? true, length=0, newEndIndex=-1], start index 0
2019-10-21 08:05:26,208 [grpc-default-executor-0] INFO  segmented.SegmentedRaftLogWorker (SegmentedRaftLogWorker.java:startLogSegment(385)) - 2f6ec408-7fd3-48a9-91b7-234721c6dbd9@group-139D7988E68A-SegmentedRaftLogWorker: Starting segment from index:0
2019-10-21 08:05:26,210 [2f6ec408-7fd3-48a9-91b7-234721c6dbd9@group-139D7988E68A-SegmentedRaftLogWorker] INFO  segmented.SegmentedRaftLogWorker (SegmentedRaftLogWorker.java:execute(640)) - 2f6ec408-7fd3-48a9-91b7-234721c6dbd9@group-139D7988E68A-SegmentedRaftLogWorker: Deleted log file /workdir/hadoop-ozone/integration-test/target/test-dir/MiniOzoneClusterImpl-4ab24f66-bd6b-4106-b39e-8a9e797e32b6/datanode-0/data/ratis/43b28a2a-1a81-4de9-bdfa-139d7988e68a/current/log_inprogress_0
2019-10-21 08:05:26,210 [2f6ec408-7fd3-48a9-91b7-234721c6dbd9@group-139D7988E68A-SegmentedRaftLogWorker] INFO  segmented.SegmentedRaftLogWorker (SegmentedRaftLogWorker.java:lambda$new$0(128)) - 2f6ec408-7fd3-48a9-91b7-234721c6dbd9@group-139D7988E68A-SegmentedRaftLogWorker: flushIndex: setUnconditionally 0 -> -1
2019-10-21 08:05:26,214 [65d24b39-69ca-4c04-8db2-5f56e7503c5d@group-139D7988E68A-SegmentedRaftLogWorker] INFO  segmented.SegmentedRaftLogWorker (SegmentedRaftLogWorker.java:execute(576)) - 65d24b39-69ca-4c04-8db2-5f56e7503c5d@group-139D7988E68A-SegmentedRaftLogWorker: created new log segment /workdir/hadoop-ozone/integration-test/target/test-dir/MiniOzoneClusterImpl-4ab24f66-bd6b-4106-b39e-8a9e797e32b6/datanode-1/data/ratis/43b28a2a-1a81-4de9-bdfa-139d7988e68a/current/log_inprogress_0
2019-10-21 08:05:26,264 [2f6ec408-7fd3-48a9-91b7-234721c6dbd9@group-139D7988E68A-SegmentedRaftLogWorker] INFO  segmented.SegmentedRaftLogWorker (SegmentedRaftLogWorker.java:execute(576)) - 2f6ec408-7fd3-48a9-91b7-234721c6dbd9@group-139D7988E68A-SegmentedRaftLogWorker: created new log segment /workdir/hadoop-ozone/integration-test/target/test-dir/MiniOzoneClusterImpl-4ab24f66-bd6b-4106-b39e-8a9e797e32b6/datanode-0/data/ratis/43b28a2a-1a81-4de9-bdfa-139d7988e68a/current/log_inprogress_0
2019-10-21 08:05:26,264 [b166f5f1-a6ad-4c66-9d3e-7e796ecacb8a@group-139D7988E68A-SegmentedRaftLogWorker] INFO  segmented.SegmentedRaftLogWorker (SegmentedRaftLogWorker.java:execute(576)) - b166f5f1-a6ad-4c66-9d3e-7e796ecacb8a@group-139D7988E68A-SegmentedRaftLogWorker: created new log segment /workdir/hadoop-ozone/integration-test/target/test-dir/MiniOzoneClusterImpl-4ab24f66-bd6b-4106-b39e-8a9e797e32b6/datanode-2/data/ratis/43b28a2a-1a81-4de9-bdfa-139d7988e68a/current/log_inprogress_0
2019-10-21 08:05:26,700 [Datanode State Machine Thread - 0] INFO  statemachine.DatanodeStateMachine (DatanodeStateMachine.java:lambda$startDaemon$0(350)) - Ozone container server started.
2019-10-21 08:05:31,701 [main] INFO  ozoneimpl.OzoneContainer (OzoneContainer.java:stop(227)) - Attempting to stop container services.
2019-10-21 08:05:31,702 [main] INFO  impl.RaftServerProxy (RaftServerProxy.java:lambda$close$4(314)) - b166f5f1-a6ad-4c66-9d3e-7e796ecacb8a: close
2019-10-21 08:05:31,708 [main] INFO  impl.RaftServerImpl (RaftServerImpl.java:lambda$shutdown$3(261)) - b166f5f1-a6ad-4c66-9d3e-7e796ecacb8a@group-139D7988E68A: shutdown
2019-10-21 08:05:31,709 [main] INFO  util.JmxRegister (JmxRegister.java:unregister(73)) - Successfully un-registered JMX Bean with object name Ratis:service=RaftServer,group=group-139D7988E68A,id=b166f5f1-a6ad-4c66-9d3e-7e796ecacb8a
2019-10-21 08:05:31,709 [main] INFO  impl.RoleInfo (RoleInfo.java:shutdownFollowerState(121)) - b166f5f1-a6ad-4c66-9d3e-7e796ecacb8a: shutdown FollowerState
2019-10-21 08:05:31,710 [Thread-268] INFO  impl.FollowerState (FollowerState.java:run(117)) - b166f5f1-a6ad-4c66-9d3e-7e796ecacb8a@group-139D7988E68A-FollowerState was interrupted: java.lang.InterruptedException: sleep interrupted
2019-10-21 08:05:31,710 [main] INFO  impl.StateMachineUpdater (StateMachineUpdater.java:stopAndJoin(136)) - b166f5f1-a6ad-4c66-9d3e-7e796ecacb8a@group-139D7988E68A-StateMachineUpdater: set stopIndex = 4
2019-10-21 08:05:31,715 [b166f5f1-a6ad-4c66-9d3e-7e796ecacb8a@group-139D7988E68A-StateMachineUpdater] INFO  ratis.ContainerStateMachine (ContainerStateMachine.java:takeSnapshot(294)) - group-139D7988E68A: Taking a snapshot at:(t:4, i:3) file /workdir/hadoop-ozone/integration-test/target/test-dir/MiniOzoneClusterImpl-4ab24f66-bd6b-4106-b39e-8a9e797e32b6/datanode-2/data/ratis/43b28a2a-1a81-4de9-bdfa-139d7988e68a/sm/snapshot.4_3
2019-10-21 08:05:31,808 [b166f5f1-a6ad-4c66-9d3e-7e796ecacb8a@group-139D7988E68A-StateMachineUpdater] INFO  ratis.ContainerStateMachine (ContainerStateMachine.java:takeSnapshot(305)) - group-139D7988E68A: Finished taking a snapshot at:(t:4, i:3) file:/workdir/hadoop-ozone/integration-test/target/test-dir/MiniOzoneClusterImpl-4ab24f66-bd6b-4106-b39e-8a9e797e32b6/datanode-2/data/ratis/43b28a2a-1a81-4de9-bdfa-139d7988e68a/sm/snapshot.4_3 time:98
2019-10-21 08:05:31,810 [b166f5f1-a6ad-4c66-9d3e-7e796ecacb8a@group-139D7988E68A-StateMachineUpdater] INFO  impl.StateMachineUpdater (StateMachineUpdater.java:takeSnapshot(269)) - b166f5f1-a6ad-4c66-9d3e-7e796ecacb8a@group-139D7988E68A-StateMachineUpdater: Took a snapshot at index 3
2019-10-21 08:05:31,812 [b166f5f1-a6ad-4c66-9d3e-7e796ecacb8a@group-139D7988E68A-StateMachineUpdater] INFO  impl.StateMachineUpdater (StateMachineUpdater.java:lambda$new$0(84)) - b166f5f1-a6ad-4c66-9d3e-7e796ecacb8a@group-139D7988E68A-StateMachineUpdater: snapshotIndex: updateIncreasingly -1 -> 3
2019-10-21 08:05:31,817 [b166f5f1-a6ad-4c66-9d3e-7e796ecacb8a@group-139D7988E68A-StateMachineUpdater] INFO  ratis.ContainerStateMachine (ContainerStateMachine.java:takeSnapshot(294)) - group-139D7988E68A: Taking a snapshot at:(t:4, i:3) file /workdir/hadoop-ozone/integration-test/target/test-dir/MiniOzoneClusterImpl-4ab24f66-bd6b-4106-b39e-8a9e797e32b6/datanode-2/data/ratis/43b28a2a-1a81-4de9-bdfa-139d7988e68a/sm/snapshot.4_3
2019-10-21 08:05:31,829 [b166f5f1-a6ad-4c66-9d3e-7e796ecacb8a@group-139D7988E68A-StateMachineUpdater] INFO  ratis.ContainerStateMachine (ContainerStateMachine.java:takeSnapshot(305)) - group-139D7988E68A: Finished taking a snapshot at:(t:4, i:3) file:/workdir/hadoop-ozone/integration-test/target/test-dir/MiniOzoneClusterImpl-4ab24f66-bd6b-4106-b39e-8a9e797e32b6/datanode-2/data/ratis/43b28a2a-1a81-4de9-bdfa-139d7988e68a/sm/snapshot.4_3 time:12
2019-10-21 08:05:31,829 [b166f5f1-a6ad-4c66-9d3e-7e796ecacb8a@group-139D7988E68A-StateMachineUpdater] INFO  impl.StateMachineUpdater (StateMachineUpdater.java:takeSnapshot(269)) - b166f5f1-a6ad-4c66-9d3e-7e796ecacb8a@group-139D7988E68A-StateMachineUpdater: Took a snapshot at index 3
2019-10-21 08:05:31,829 [b166f5f1-a6ad-4c66-9d3e-7e796ecacb8a@group-139D7988E68A-StateMachineUpdater] INFO  impl.StateMachineUpdater (StateMachineUpdater.java:lambda$new$0(84)) - b166f5f1-a6ad-4c66-9d3e-7e796ecacb8a@group-139D7988E68A-StateMachineUpdater: snapshotIndex: updateIncreasingly 3 -> 3
2019-10-21 08:05:31,830 [main] INFO  impl.RaftServerImpl (ServerState.java:close(388)) - b166f5f1-a6ad-4c66-9d3e-7e796ecacb8a@group-139D7988E68A: closes. applyIndex: 4
2019-10-21 08:05:31,832 [b166f5f1-a6ad-4c66-9d3e-7e796ecacb8a@group-139D7988E68A-SegmentedRaftLogWorker] INFO  segmented.SegmentedRaftLogWorker (SegmentedRaftLogWorker.java:run(316)) - b166f5f1-a6ad-4c66-9d3e-7e796ecacb8a@group-139D7988E68A-SegmentedRaftLogWorker was interrupted, exiting. There are 0 tasks remaining in the queue.
2019-10-21 08:05:31,835 [main] INFO  segmented.SegmentedRaftLogWorker (SegmentedRaftLogWorker.java:close(224)) - b166f5f1-a6ad-4c66-9d3e-7e796ecacb8a@group-139D7988E68A-SegmentedRaftLogWorker close()
2019-10-21 08:05:31,837 [main] INFO  impl.RaftServerImpl (RaftServerImpl.java:lambda$shutdown$3(261)) - b166f5f1-a6ad-4c66-9d3e-7e796ecacb8a@group-F10666905C5B: shutdown
2019-10-21 08:05:31,837 [main] INFO  util.JmxRegister (JmxRegister.java:unregister(73)) - Successfully un-registered JMX Bean with object name Ratis:service=RaftServer,group=group-F10666905C5B,id=b166f5f1-a6ad-4c66-9d3e-7e796ecacb8a
2019-10-21 08:05:31,837 [main] INFO  impl.RoleInfo (RoleInfo.java:shutdownLeaderState(104)) - b166f5f1-a6ad-4c66-9d3e-7e796ecacb8a: shutdown LeaderState
2019-10-21 08:05:31,838 [main] INFO  impl.PendingRequests (PendingRequests.java:sendNotLeaderResponses(202)) - b166f5f1-a6ad-4c66-9d3e-7e796ecacb8a@group-F10666905C5B-PendingRequests: sendNotLeaderResponses
2019-10-21 08:05:31,839 [main] INFO  impl.StateMachineUpdater (StateMachineUpdater.java:stopAndJoin(136)) - b166f5f1-a6ad-4c66-9d3e-7e796ecacb8a@group-F10666905C5B-StateMachineUpdater: set stopIndex = 0
2019-10-21 08:05:31,839 [main] INFO  impl.RaftServerImpl (ServerState.java:close(388)) - b166f5f1-a6ad-4c66-9d3e-7e796ecacb8a@group-F10666905C5B: closes. applyIndex: 0
2019-10-21 08:05:31,840 [b166f5f1-a6ad-4c66-9d3e-7e796ecacb8a@group-F10666905C5B-SegmentedRaftLogWorker] INFO  segmented.SegmentedRaftLogWorker (SegmentedRaftLogWorker.java:run(316)) - b166f5f1-a6ad-4c66-9d3e-7e796ecacb8a@group-F10666905C5B-SegmentedRaftLogWorker was interrupted, exiting. There are 0 tasks remaining in the queue.
2019-10-21 08:05:31,841 [main] INFO  segmented.SegmentedRaftLogWorker (SegmentedRaftLogWorker.java:close(224)) - b166f5f1-a6ad-4c66-9d3e-7e796ecacb8a@group-F10666905C5B-SegmentedRaftLogWorker close()
2019-10-21 08:05:31,844 [main] INFO  server.GrpcService (GrpcService.java:closeImpl(164)) - b166f5f1-a6ad-4c66-9d3e-7e796ecacb8a: shutdown server with port 39693 now
2019-10-21 08:05:31,852 [grpc-default-executor-3] WARN  server.GrpcServerProtocolService (LogUtils.java:warn(134)) - b166f5f1-a6ad-4c66-9d3e-7e796ecacb8a: installSnapshot onError, lastRequest: 65d24b39-69ca-4c04-8db2-5f56e7503c5d->b166f5f1-a6ad-4c66-9d3e-7e796ecacb8a#7-t4, previous=(t:4, i:4), leaderCommit=4, initializing? false, entries: <empty>: org.apache.ratis.thirdparty.io.grpc.StatusRuntimeException: CANCELLED: cancelled before receiving half close
2019-10-21 08:05:31,854 [main] INFO  server.GrpcService (GrpcService.java:closeImpl(172)) - b166f5f1-a6ad-4c66-9d3e-7e796ecacb8a: shutdown server with port 39693 successfully
2019-10-21 08:05:31,855 [grpc-default-executor-0] WARN  server.GrpcLogAppender (LogUtils.java:warn(134)) - 65d24b39-69ca-4c04-8db2-5f56e7503c5d@group-139D7988E68A->b166f5f1-a6ad-4c66-9d3e-7e796ecacb8a-AppendLogResponseHandler: Failed appendEntries: org.apache.ratis.thirdparty.io.grpc.StatusRuntimeException: CANCELLED: HTTP/2 error code: CANCEL
Received Rst Stream
2019-10-21 08:05:31,861 [refreshUsed-/workdir/hadoop-ozone/integration-test/target/test-dir/MiniOzoneClusterImpl-4ab24f66-bd6b-4106-b39e-8a9e797e32b6/datanode-2/data/containers] WARN  fs.CachingGetSpaceUsed (CachingGetSpaceUsed.java:run(183)) - Thread Interrupted waiting to refresh disk information: sleep interrupted
2019-10-21 08:05:31,879 [main] INFO  utils.BackgroundService (BackgroundService.java:shutdown(151)) - Shutting down service BlockDeletingService
2019-10-21 08:05:31,883 [main] INFO  statemachine.DatanodeStateMachine (DatanodeStateMachine.java:stopDaemon(395)) - Ozone container server stopped.
2019-10-21 08:05:31,888 [main] INFO  handler.ContextHandler (ContextHandler.java:doStop(910)) - Stopped o.e.j.w.WebAppContext@476fe690{/,null,UNAVAILABLE}{/hddsDatanode}
2019-10-21 08:05:31,893 [main] INFO  server.AbstractConnector (AbstractConnector.java:doStop(318)) - Stopped ServerConnector@7a0e7ecd{HTTP/1.1,[http/1.1]}{0.0.0.0:0}
2019-10-21 08:05:31,894 [main] INFO  handler.ContextHandler (ContextHandler.java:doStop(910)) - Stopped o.e.j.s.ServletContextHandler@6069dd38{/static,jar:file:/home/user/.m2/repository/org/apache/hadoop/hadoop-hdds-container-service/0.5.0-SNAPSHOT/hadoop-hdds-container-service-0.5.0-SNAPSHOT.jar!/webapps/static,UNAVAILABLE}
2019-10-21 08:05:31,894 [main] INFO  handler.ContextHandler (ContextHandler.java:doStop(910)) - Stopped o.e.j.s.ServletContextHandler@46c269e0{/logs,file:///workdir/hadoop-ozone/integration-test/target/log,UNAVAILABLE}
2019-10-21 08:05:34,715 [java.util.concurrent.ThreadPoolExecutor$Worker@226f36e5[State = -1, empty queue]] WARN  server.GrpcLogAppender (GrpcLogAppender.java:timeoutAppendRequest(209)) - 65d24b39-69ca-4c04-8db2-5f56e7503c5d@group-139D7988E68A->b166f5f1-a6ad-4c66-9d3e-7e796ecacb8a-GrpcLogAppender: appendEntries Timeout, request=65d24b39-69ca-4c04-8db2-5f56e7503c5d->b166f5f1-a6ad-4c66-9d3e-7e796ecacb8a#7-t4, previous=(t:4, i:4), leaderCommit=4, initializing? false, entries: <empty>
2019-10-21 08:05:34,901 [java.util.concurrent.ThreadPoolExecutor$Worker@226f36e5[State = -1, empty queue]] WARN  server.GrpcLogAppender (GrpcLogAppender.java:timeoutAppendRequest(209)) - 65d24b39-69ca-4c04-8db2-5f56e7503c5d@group-139D7988E68A->b166f5f1-a6ad-4c66-9d3e-7e796ecacb8a-GrpcLogAppender: appendEntries Timeout, request=65d24b39-69ca-4c04-8db2-5f56e7503c5d->b166f5f1-a6ad-4c66-9d3e-7e796ecacb8a#8-t4, previous=(t:4, i:4), leaderCommit=4, initializing? false, entries: size=1, first=(t:4, i:5), STATEMACHINELOGENTRY, client-771575C6CFE7, cid=8
2019-10-21 08:05:34,901 [java.util.concurrent.ThreadPoolExecutor$Worker@226f36e5[State = -1, empty queue]] WARN  server.GrpcLogAppender (GrpcLogAppender.java:timeoutAppendRequest(209)) - 65d24b39-69ca-4c04-8db2-5f56e7503c5d@group-139D7988E68A->b166f5f1-a6ad-4c66-9d3e-7e796ecacb8a-GrpcLogAppender: appendEntries Timeout, request=65d24b39-69ca-4c04-8db2-5f56e7503c5d->b166f5f1-a6ad-4c66-9d3e-7e796ecacb8a#9-t4, previous=(t:4, i:5), leaderCommit=4, initializing? false, entries: size=1, first=(t:4, i:6), STATEMACHINELOGENTRY, client-771575C6CFE7, cid=9
2019-10-21 08:05:34,920 [java.util.concurrent.ThreadPoolExecutor$Worker@226f36e5[State = -1, empty queue]] WARN  server.GrpcLogAppender (GrpcLogAppender.java:timeoutAppendRequest(209)) - 65d24b39-69ca-4c04-8db2-5f56e7503c5d@group-139D7988E68A->b166f5f1-a6ad-4c66-9d3e-7e796ecacb8a-GrpcLogAppender: appendEntries Timeout, request=65d24b39-69ca-4c04-8db2-5f56e7503c5d->b166f5f1-a6ad-4c66-9d3e-7e796ecacb8a#10-t4, previous=(t:4, i:6), leaderCommit=6, initializing? false, entries: size=1, first=(t:4, i:7), METADATAENTRY(c5)
2019-10-21 08:05:34,922 [java.util.concurrent.ThreadPoolExecutor$Worker@226f36e5[State = -1, empty queue]] WARN  server.GrpcLogAppender (GrpcLogAppender.java:timeoutAppendRequest(209)) - 65d24b39-69ca-4c04-8db2-5f56e7503c5d@group-139D7988E68A->b166f5f1-a6ad-4c66-9d3e-7e796ecacb8a-GrpcLogAppender: appendEntries Timeout, request=65d24b39-69ca-4c04-8db2-5f56e7503c5d->b166f5f1-a6ad-4c66-9d3e-7e796ecacb8a#11-t4, previous=(t:4, i:7), leaderCommit=6, initializing? false, entries: size=1, first=(t:4, i:8), METADATAENTRY(c6)
2019-10-21 08:05:37,424 [java.util.concurrent.ThreadPoolExecutor$Worker@226f36e5[State = -1, empty queue]] WARN  server.GrpcLogAppender (GrpcLogAppender.java:timeoutAppendRequest(209)) - 65d24b39-69ca-4c04-8db2-5f56e7503c5d@group-139D7988E68A->b166f5f1-a6ad-4c66-9d3e-7e796ecacb8a-GrpcLogAppender: appendEntries Timeout, request=65d24b39-69ca-4c04-8db2-5f56e7503c5d->b166f5f1-a6ad-4c66-9d3e-7e796ecacb8a#12-t4, previous=(t:4, i:8), leaderCommit=8, initializing? false, entries: <empty>
2019-10-21 08:05:39,926 [java.util.concurrent.ThreadPoolExecutor$Worker@226f36e5[State = -1, empty queue]] WARN  server.GrpcLogAppender (GrpcLogAppender.java:timeoutAppendRequest(209)) - 65d24b39-69ca-4c04-8db2-5f56e7503c5d@group-139D7988E68A->b166f5f1-a6ad-4c66-9d3e-7e796ecacb8a-GrpcLogAppender: appendEntries Timeout, request=65d24b39-69ca-4c04-8db2-5f56e7503c5d->b166f5f1-a6ad-4c66-9d3e-7e796ecacb8a#13-t4, previous=(t:4, i:8), leaderCommit=8, initializing? false, entries: <empty>
2019-10-21 08:05:41,975 [Thread-315] INFO  client.GrpcClientProtocolService (GrpcClientProtocolService.java:lambda$processClientRequest$0(278)) - Failed RaftClientRequest:client-771575C6CFE7->2f6ec408-7fd3-48a9-91b7-234721c6dbd9@group-139D7988E68A, cid=10, seq=0, Watch-ALL_COMMITTED(6), Message:<EMPTY>, reply=RaftClientReply:client-771575C6CFE7->2f6ec408-7fd3-48a9-91b7-234721c6dbd9@group-139D7988E68A, cid=10, FAILED org.apache.ratis.protocol.NotLeaderException: Server 2f6ec408-7fd3-48a9-91b7-234721c6dbd9@group-139D7988E68A is not the leader 65d24b39-69ca-4c04-8db2-5f56e7503c5d:192.168.34.35:45259, logIndex=0, commits[2f6ec408-7fd3-48a9-91b7-234721c6dbd9:c8, b166f5f1-a6ad-4c66-9d3e-7e796ecacb8a:c4, 65d24b39-69ca-4c04-8db2-5f56e7503c5d:c8]
2019-10-21 08:05:42,429 [java.util.concurrent.ThreadPoolExecutor$Worker@226f36e5[State = -1, empty queue]] WARN  server.GrpcLogAppender (GrpcLogAppender.java:timeoutAppendRequest(209)) - 65d24b39-69ca-4c04-8db2-5f56e7503c5d@group-139D7988E68A->b166f5f1-a6ad-4c66-9d3e-7e796ecacb8a-GrpcLogAppender: appendEntries Timeout, request=65d24b39-69ca-4c04-8db2-5f56e7503c5d->b166f5f1-a6ad-4c66-9d3e-7e796ecacb8a#14-t4, previous=(t:4, i:8), leaderCommit=8, initializing? false, entries: <empty>
2019-10-21 08:05:42,762 [Thread-319] INFO  client.GrpcClientProtocolService (GrpcClientProtocolService.java:lambda$processClientRequest$0(278)) - Failed RaftClientRequest:client-771575C6CFE7->65d24b39-69ca-4c04-8db2-5f56e7503c5d@group-139D7988E68A, cid=10, seq=0, Watch-ALL_COMMITTED(6), Message:<EMPTY>, reply=RaftClientReply:client-771575C6CFE7->65d24b39-69ca-4c04-8db2-5f56e7503c5d@group-139D7988E68A, cid=10, FAILED org.apache.ratis.protocol.NotReplicatedException: Request with call Id 10 and log index 6 is not yet replicated to ALL_COMMITTED, logIndex=6, commits[65d24b39-69ca-4c04-8db2-5f56e7503c5d:c8, b166f5f1-a6ad-4c66-9d3e-7e796ecacb8a:c4, 2f6ec408-7fd3-48a9-91b7-234721c6dbd9:c8]
2019-10-21 08:05:44,930 [java.util.concurrent.ThreadPoolExecutor$Worker@226f36e5[State = -1, empty queue]] WARN  server.GrpcLogAppender (GrpcLogAppender.java:timeoutAppendRequest(209)) - 65d24b39-69ca-4c04-8db2-5f56e7503c5d@group-139D7988E68A->b166f5f1-a6ad-4c66-9d3e-7e796ecacb8a-GrpcLogAppender: appendEntries Timeout, request=65d24b39-69ca-4c04-8db2-5f56e7503c5d->b166f5f1-a6ad-4c66-9d3e-7e796ecacb8a#15-t4, previous=(t:4, i:8), leaderCommit=8, initializing? false, entries: <empty>
2019-10-21 08:05:47,431 [java.util.concurrent.ThreadPoolExecutor$Worker@226f36e5[State = -1, empty queue]] WARN  server.GrpcLogAppender (GrpcLogAppender.java:timeoutAppendRequest(209)) - 65d24b39-69ca-4c04-8db2-5f56e7503c5d@group-139D7988E68A->b166f5f1-a6ad-4c66-9d3e-7e796ecacb8a-GrpcLogAppender: appendEntries Timeout, request=65d24b39-69ca-4c04-8db2-5f56e7503c5d->b166f5f1-a6ad-4c66-9d3e-7e796ecacb8a#16-t4, previous=(t:4, i:8), leaderCommit=8, initializing? false, entries: <empty>
2019-10-21 08:05:49,932 [java.util.concurrent.ThreadPoolExecutor$Worker@226f36e5[State = -1, empty queue]] WARN  server.GrpcLogAppender (GrpcLogAppender.java:timeoutAppendRequest(209)) - 65d24b39-69ca-4c04-8db2-5f56e7503c5d@group-139D7988E68A->b166f5f1-a6ad-4c66-9d3e-7e796ecacb8a-GrpcLogAppender: appendEntries Timeout, request=65d24b39-69ca-4c04-8db2-5f56e7503c5d->b166f5f1-a6ad-4c66-9d3e-7e796ecacb8a#17-t4, previous=(t:4, i:8), leaderCommit=8, initializing? false, entries: <empty>
2019-10-21 08:05:51,010 [Thread-325] INFO  client.GrpcClientProtocolService (GrpcClientProtocolService.java:lambda$processClientRequest$0(278)) - Failed RaftClientRequest:client-771575C6CFE7->2f6ec408-7fd3-48a9-91b7-234721c6dbd9@group-139D7988E68A, cid=10, seq=0, Watch-ALL_COMMITTED(6), Message:<EMPTY>, reply=RaftClientReply:client-771575C6CFE7->2f6ec408-7fd3-48a9-91b7-234721c6dbd9@group-139D7988E68A, cid=10, FAILED org.apache.ratis.protocol.NotLeaderException: Server 2f6ec408-7fd3-48a9-91b7-234721c6dbd9@group-139D7988E68A is not the leader 65d24b39-69ca-4c04-8db2-5f56e7503c5d:192.168.34.35:45259, logIndex=0, commits[2f6ec408-7fd3-48a9-91b7-234721c6dbd9:c8, b166f5f1-a6ad-4c66-9d3e-7e796ecacb8a:c4, 65d24b39-69ca-4c04-8db2-5f56e7503c5d:c8]
2019-10-21 08:05:52,436 [java.util.concurrent.ThreadPoolExecutor$Worker@226f36e5[State = -1, empty queue]] WARN  server.GrpcLogAppender (GrpcLogAppender.java:timeoutAppendRequest(209)) - 65d24b39-69ca-4c04-8db2-5f56e7503c5d@group-139D7988E68A->b166f5f1-a6ad-4c66-9d3e-7e796ecacb8a-GrpcLogAppender: appendEntries Timeout, request=65d24b39-69ca-4c04-8db2-5f56e7503c5d->b166f5f1-a6ad-4c66-9d3e-7e796ecacb8a#18-t4, previous=(t:4, i:8), leaderCommit=8, initializing? false, entries: <empty>
2019-10-21 08:05:52,756 [Thread-329] INFO  client.GrpcClientProtocolService (GrpcClientProtocolService.java:lambda$processClientRequest$0(278)) - Failed RaftClientRequest:client-771575C6CFE7->65d24b39-69ca-4c04-8db2-5f56e7503c5d@group-139D7988E68A, cid=10, seq=0, Watch-ALL_COMMITTED(6), Message:<EMPTY>, reply=RaftClientReply:client-771575C6CFE7->65d24b39-69ca-4c04-8db2-5f56e7503c5d@group-139D7988E68A, cid=10, FAILED org.apache.ratis.protocol.NotReplicatedException: Request with call Id 10 and log index 6 is not yet replicated to ALL_COMMITTED, logIndex=6, commits[65d24b39-69ca-4c04-8db2-5f56e7503c5d:c8, b166f5f1-a6ad-4c66-9d3e-7e796ecacb8a:c4, 2f6ec408-7fd3-48a9-91b7-234721c6dbd9:c8]
2019-10-21 08:05:54,938 [java.util.concurrent.ThreadPoolExecutor$Worker@226f36e5[State = -1, empty queue]] WARN  server.GrpcLogAppender (GrpcLogAppender.java:timeoutAppendRequest(209)) - 65d24b39-69ca-4c04-8db2-5f56e7503c5d@group-139D7988E68A->b166f5f1-a6ad-4c66-9d3e-7e796ecacb8a-GrpcLogAppender: appendEntries Timeout, request=65d24b39-69ca-4c04-8db2-5f56e7503c5d->b166f5f1-a6ad-4c66-9d3e-7e796ecacb8a#19-t4, previous=(t:4, i:8), leaderCommit=8, initializing? false, entries: <empty>
2019-10-21 08:05:57,440 [java.util.concurrent.ThreadPoolExecutor$Worker@226f36e5[State = -1, empty queue]] WARN  server.GrpcLogAppender (GrpcLogAppender.java:timeoutAppendRequest(209)) - 65d24b39-69ca-4c04-8db2-5f56e7503c5d@group-139D7988E68A->b166f5f1-a6ad-4c66-9d3e-7e796ecacb8a-GrpcLogAppender: appendEntries Timeout, request=65d24b39-69ca-4c04-8db2-5f56e7503c5d->b166f5f1-a6ad-4c66-9d3e-7e796ecacb8a#20-t4, previous=(t:4, i:8), leaderCommit=8, initializing? false, entries: <empty>
2019-10-21 08:05:59,941 [java.util.concurrent.ThreadPoolExecutor$Worker@226f36e5[State = -1, empty queue]] WARN  server.GrpcLogAppender (GrpcLogAppender.java:timeoutAppendRequest(209)) - 65d24b39-69ca-4c04-8db2-5f56e7503c5d@group-139D7988E68A->b166f5f1-a6ad-4c66-9d3e-7e796ecacb8a-GrpcLogAppender: appendEntries Timeout, request=65d24b39-69ca-4c04-8db2-5f56e7503c5d->b166f5f1-a6ad-4c66-9d3e-7e796ecacb8a#21-t4, previous=(t:4, i:8), leaderCommit=8, initializing? false, entries: <empty>
2019-10-21 08:06:01,058 [Thread-337] INFO  client.GrpcClientProtocolService (GrpcClientProtocolService.java:lambda$processClientRequest$0(278)) - Failed RaftClientRequest:client-771575C6CFE7->2f6ec408-7fd3-48a9-91b7-234721c6dbd9@group-139D7988E68A, cid=10, seq=0, Watch-ALL_COMMITTED(6), Message:<EMPTY>, reply=RaftClientReply:client-771575C6CFE7->2f6ec408-7fd3-48a9-91b7-234721c6dbd9@group-139D7988E68A, cid=10, FAILED org.apache.ratis.protocol.NotLeaderException: Server 2f6ec408-7fd3-48a9-91b7-234721c6dbd9@group-139D7988E68A is not the leader 65d24b39-69ca-4c04-8db2-5f56e7503c5d:192.168.34.35:45259, logIndex=0, commits[2f6ec408-7fd3-48a9-91b7-234721c6dbd9:c8, b166f5f1-a6ad-4c66-9d3e-7e796ecacb8a:c4, 65d24b39-69ca-4c04-8db2-5f56e7503c5d:c8]
2019-10-21 08:06:01,755 [Thread-340] INFO  client.GrpcClientProtocolService (GrpcClientProtocolService.java:lambda$processClientRequest$0(278)) - Failed RaftClientRequest:client-771575C6CFE7->65d24b39-69ca-4c04-8db2-5f56e7503c5d@group-139D7988E68A, cid=10, seq=0, Watch-ALL_COMMITTED(6), Message:<EMPTY>, reply=RaftClientReply:client-771575C6CFE7->65d24b39-69ca-4c04-8db2-5f56e7503c5d@group-139D7988E68A, cid=10, FAILED org.apache.ratis.protocol.NotReplicatedException: Request with call Id 10 and log index 6 is not yet replicated to ALL_COMMITTED, logIndex=6, commits[65d24b39-69ca-4c04-8db2-5f56e7503c5d:c8, b166f5f1-a6ad-4c66-9d3e-7e796ecacb8a:c4, 2f6ec408-7fd3-48a9-91b7-234721c6dbd9:c8]
2019-10-21 08:06:01,936 [main] WARN  scm.XceiverClientRatis (XceiverClientRatis.java:watchForCommit(277)) - 3 way commit failed on pipeline Pipeline[ Id: 43b28a2a-1a81-4de9-bdfa-139d7988e68a, Nodes: 2f6ec408-7fd3-48a9-91b7-234721c6dbd9{ip: 192.168.34.35, host: pr-hdds-2334-ff2f7-1487717562, networkLocation: /default-rack, certSerialId: null}b166f5f1-a6ad-4c66-9d3e-7e796ecacb8a{ip: 192.168.34.35, host: pr-hdds-2334-ff2f7-1487717562, networkLocation: /default-rack, certSerialId: null}65d24b39-69ca-4c04-8db2-5f56e7503c5d{ip: 192.168.34.35, host: pr-hdds-2334-ff2f7-1487717562, networkLocation: /default-rack, certSerialId: null}, Type:RATIS, Factor:THREE, State:OPEN]
java.util.concurrent.TimeoutException
	at java.util.concurrent.CompletableFuture.timedGet(CompletableFuture.java:1771)
	at java.util.concurrent.CompletableFuture.get(CompletableFuture.java:1915)
	at org.apache.hadoop.hdds.scm.XceiverClientRatis.watchForCommit(XceiverClientRatis.java:274)
	at org.apache.hadoop.hdds.scm.storage.CommitWatcher.watchForCommit(CommitWatcher.java:198)
	at org.apache.hadoop.hdds.scm.storage.CommitWatcher.watchOnLastIndex(CommitWatcher.java:161)
	at org.apache.hadoop.hdds.scm.storage.BlockOutputStream.watchForCommit(BlockOutputStream.java:346)
	at org.apache.hadoop.hdds.scm.storage.BlockOutputStream.handleFlush(BlockOutputStream.java:482)
	at org.apache.hadoop.hdds.scm.storage.BlockOutputStream.close(BlockOutputStream.java:496)
	at org.apache.hadoop.ozone.client.io.BlockOutputStreamEntry.close(BlockOutputStreamEntry.java:143)
	at org.apache.hadoop.ozone.client.io.KeyOutputStream.handleFlushOrClose(KeyOutputStream.java:435)
	at org.apache.hadoop.ozone.client.io.KeyOutputStream.close(KeyOutputStream.java:473)
	at org.apache.hadoop.ozone.client.io.OzoneOutputStream.close(OzoneOutputStream.java:60)
	at org.apache.hadoop.ozone.client.rpc.TestDeleteWithSlowFollower.testDeleteKeyWithSlowFollower(TestDeleteWithSlowFollower.java:193)
	at sun.reflect.NativeMethodAccessorImpl.invoke0(Native Method)
	at sun.reflect.NativeMethodAccessorImpl.invoke(NativeMethodAccessorImpl.java:62)
	at sun.reflect.DelegatingMethodAccessorImpl.invoke(DelegatingMethodAccessorImpl.java:43)
	at java.lang.reflect.Method.invoke(Method.java:498)
	at org.junit.runners.model.FrameworkMethod$1.runReflectiveCall(FrameworkMethod.java:47)
	at org.junit.internal.runners.model.ReflectiveCallable.run(ReflectiveCallable.java:12)
	at org.junit.runners.model.FrameworkMethod.invokeExplosively(FrameworkMethod.java:44)
	at org.junit.internal.runners.statements.InvokeMethod.evaluate(InvokeMethod.java:17)
	at org.junit.runners.ParentRunner.runLeaf(ParentRunner.java:271)
	at org.junit.runners.BlockJUnit4ClassRunner.runChild(BlockJUnit4ClassRunner.java:70)
	at org.junit.runners.BlockJUnit4ClassRunner.runChild(BlockJUnit4ClassRunner.java:50)
	at org.junit.runners.ParentRunner$3.run(ParentRunner.java:238)
	at org.junit.runners.ParentRunner$1.schedule(ParentRunner.java:63)
	at org.junit.runners.ParentRunner.runChildren(ParentRunner.java:236)
	at org.junit.runners.ParentRunner.access$000(ParentRunner.java:53)
	at org.junit.runners.ParentRunner$2.evaluate(ParentRunner.java:229)
	at org.junit.internal.runners.statements.RunBefores.evaluate(RunBefores.java:26)
	at org.junit.internal.runners.statements.RunAfters.evaluate(RunAfters.java:27)
	at org.junit.runners.ParentRunner.run(ParentRunner.java:309)
	at org.apache.maven.surefire.junit4.JUnit4Provider.execute(JUnit4Provider.java:365)
	at org.apache.maven.surefire.junit4.JUnit4Provider.executeWithRerun(JUnit4Provider.java:273)
	at org.apache.maven.surefire.junit4.JUnit4Provider.executeTestSet(JUnit4Provider.java:238)
	at org.apache.maven.surefire.junit4.JUnit4Provider.invoke(JUnit4Provider.java:159)
	at org.apache.maven.surefire.booter.ForkedBooter.invokeProviderInSameClassLoader(ForkedBooter.java:384)
	at org.apache.maven.surefire.booter.ForkedBooter.runSuitesInProcess(ForkedBooter.java:345)
	at org.apache.maven.surefire.booter.ForkedBooter.execute(ForkedBooter.java:126)
	at org.apache.maven.surefire.booter.ForkedBooter.main(ForkedBooter.java:418)
2019-10-21 08:06:01,958 [main] INFO  scm.XceiverClientRatis (XceiverClientRatis.java:lambda$watchForCommit$5(295)) - Could not commit index 6 on pipeline Pipeline[ Id: 43b28a2a-1a81-4de9-bdfa-139d7988e68a, Nodes: 2f6ec408-7fd3-48a9-91b7-234721c6dbd9{ip: 192.168.34.35, host: pr-hdds-2334-ff2f7-1487717562, networkLocation: /default-rack, certSerialId: null}b166f5f1-a6ad-4c66-9d3e-7e796ecacb8a{ip: 192.168.34.35, host: pr-hdds-2334-ff2f7-1487717562, networkLocation: /default-rack, certSerialId: null}65d24b39-69ca-4c04-8db2-5f56e7503c5d{ip: 192.168.34.35, host: pr-hdds-2334-ff2f7-1487717562, networkLocation: /default-rack, certSerialId: null}, Type:RATIS, Factor:THREE, State:OPEN] to all the nodes. Server b166f5f1-a6ad-4c66-9d3e-7e796ecacb8a has failed. Committed by majority.
2019-10-21 08:06:01,959 [main] WARN  storage.BlockOutputStream (BlockOutputStream.java:watchForCommit(352)) - Failed to commit BlockId conID: 1 locID: 102999334698680320 bcsId: 6 on Pipeline[ Id: 43b28a2a-1a81-4de9-bdfa-139d7988e68a, Nodes: 2f6ec408-7fd3-48a9-91b7-234721c6dbd9{ip: 192.168.34.35, host: pr-hdds-2334-ff2f7-1487717562, networkLocation: /default-rack, certSerialId: null}b166f5f1-a6ad-4c66-9d3e-7e796ecacb8a{ip: 192.168.34.35, host: pr-hdds-2334-ff2f7-1487717562, networkLocation: /default-rack, certSerialId: null}65d24b39-69ca-4c04-8db2-5f56e7503c5d{ip: 192.168.34.35, host: pr-hdds-2334-ff2f7-1487717562, networkLocation: /default-rack, certSerialId: null}, Type:RATIS, Factor:THREE, State:OPEN]. Failed nodes: [b166f5f1-a6ad-4c66-9d3e-7e796ecacb8a{ip: null, host: null, networkLocation: /default-rack, certSerialId: null}]
2019-10-21 08:06:02,045 [EventQueue-IncrementalContainerReportForIncrementalContainerReportHandler] WARN  container.IncrementalContainerReportHandler (AbstractContainerReportHandler.java:updateContainerState(145)) - Container #1 is in OPEN state, but the datanode 65d24b39-69ca-4c04-8db2-5f56e7503c5d{ip: 192.168.34.35, host: pr-hdds-2334-ff2f7-1487717562, networkLocation: /default-rack, certSerialId: null} reports an CLOSING replica.
2019-10-21 08:06:02,055 [RatisApplyTransactionExecutor 1] INFO  interfaces.Container (KeyValueContainer.java:flushAndSyncDB(386)) - Container 1 is synced with bcsId 6.
2019-10-21 08:06:02,057 [RatisApplyTransactionExecutor 1] INFO  interfaces.Container (KeyValueContainer.java:flushAndSyncDB(386)) - Container 1 is synced with bcsId 6.
2019-10-21 08:06:02,082 [RatisApplyTransactionExecutor 1] INFO  interfaces.Container (KeyValueContainer.java:close(335)) - Container 1 is closed with bcsId 6.
2019-10-21 08:06:02,085 [EventQueue-IncrementalContainerReportForIncrementalContainerReportHandler] WARN  container.IncrementalContainerReportHandler (AbstractContainerReportHandler.java:updateContainerState(145)) - Container #1 is in OPEN state, but the datanode 2f6ec408-7fd3-48a9-91b7-234721c6dbd9{ip: 192.168.34.35, host: pr-hdds-2334-ff2f7-1487717562, networkLocation: /default-rack, certSerialId: null} reports an CLOSING replica.
2019-10-21 08:06:02,087 [EventQueue-ContainerReportForContainerReportHandler] WARN  container.ContainerReportHandler (AbstractContainerReportHandler.java:updateContainerState(145)) - Container #1 is in OPEN state, but the datanode 2f6ec408-7fd3-48a9-91b7-234721c6dbd9{ip: 192.168.34.35, host: pr-hdds-2334-ff2f7-1487717562, networkLocation: /default-rack, certSerialId: null} reports an CLOSING replica.
2019-10-21 08:06:02,087 [EventQueue-IncrementalContainerReportForIncrementalContainerReportHandler] WARN  container.IncrementalContainerReportHandler (AbstractContainerReportHandler.java:updateContainerState(145)) - Container #1 is in OPEN state, but the datanode 65d24b39-69ca-4c04-8db2-5f56e7503c5d{ip: 192.168.34.35, host: pr-hdds-2334-ff2f7-1487717562, networkLocation: /default-rack, certSerialId: null} reports an CLOSED replica.
2019-10-21 08:06:02,094 [RatisApplyTransactionExecutor 1] INFO  interfaces.Container (KeyValueContainer.java:flushAndSyncDB(386)) - Container 1 is synced with bcsId 6.
2019-10-21 08:06:02,095 [RatisApplyTransactionExecutor 1] INFO  interfaces.Container (KeyValueContainer.java:flushAndSyncDB(386)) - Container 1 is synced with bcsId 6.
2019-10-21 08:06:02,111 [RatisApplyTransactionExecutor 1] INFO  interfaces.Container (KeyValueContainer.java:close(335)) - Container 1 is closed with bcsId 6.
2019-10-21 08:06:02,113 [EventQueue-IncrementalContainerReportForIncrementalContainerReportHandler] WARN  container.IncrementalContainerReportHandler (AbstractContainerReportHandler.java:updateContainerState(145)) - Container #1 is in OPEN state, but the datanode 2f6ec408-7fd3-48a9-91b7-234721c6dbd9{ip: 192.168.34.35, host: pr-hdds-2334-ff2f7-1487717562, networkLocation: /default-rack, certSerialId: null} reports an CLOSED replica.
2019-10-21 08:06:02,384 [EventQueue-ContainerReportForContainerReportHandler] WARN  container.ContainerReportHandler (AbstractContainerReportHandler.java:updateContainerState(145)) - Container #1 is in OPEN state, but the datanode 65d24b39-69ca-4c04-8db2-5f56e7503c5d{ip: 192.168.34.35, host: pr-hdds-2334-ff2f7-1487717562, networkLocation: /default-rack, certSerialId: null} reports an CLOSED replica.
2019-10-21 08:06:02,443 [java.util.concurrent.ThreadPoolExecutor$Worker@226f36e5[State = -1, empty queue]] WARN  server.GrpcLogAppender (GrpcLogAppender.java:timeoutAppendRequest(209)) - 65d24b39-69ca-4c04-8db2-5f56e7503c5d@group-139D7988E68A->b166f5f1-a6ad-4c66-9d3e-7e796ecacb8a-GrpcLogAppender: appendEntries Timeout, request=65d24b39-69ca-4c04-8db2-5f56e7503c5d->b166f5f1-a6ad-4c66-9d3e-7e796ecacb8a#22-t4, previous=(t:4, i:8), leaderCommit=8, initializing? false, entries: <empty>
2019-10-21 08:06:02,513 [EventQueue-ContainerReportForContainerReportHandler] WARN  container.ContainerReportHandler (AbstractContainerReportHandler.java:updateContainerState(145)) - Container #1 is in OPEN state, but the datanode 2f6ec408-7fd3-48a9-91b7-234721c6dbd9{ip: 192.168.34.35, host: pr-hdds-2334-ff2f7-1487717562, networkLocation: /default-rack, certSerialId: null} reports an CLOSED replica.
2019-10-21 08:06:02,674 [IPC Server handler 3 on 44309] INFO  server.SCMBlockProtocolServer (SCMBlockProtocolServer.java:deleteKeyBlocks(214)) - SCM is informed by OM to delete 1 blocks
2019-10-21 08:06:02,674 [IPC Server handler 3 on 44309] INFO  block.BlockManagerImpl (BlockManagerImpl.java:deleteBlocks(285)) - Deleting blocks conID: 1 locID: 102999334698680320 bcsId: 0
2019-10-21 08:06:02,684 [EventQueue-ContainerReportForContainerReportHandler] WARN  container.ContainerReportHandler (AbstractContainerReportHandler.java:updateContainerState(145)) - Container #1 is in OPEN state, but the datanode 65d24b39-69ca-4c04-8db2-5f56e7503c5d{ip: 192.168.34.35, host: pr-hdds-2334-ff2f7-1487717562, networkLocation: /default-rack, certSerialId: null} reports an CLOSED replica.
2019-10-21 08:06:02,689 [BlockDeletingService#2] WARN  background.BlockDeletingService (BlockDeletingService.java:isDeletionAllowed(187)) - Close Container log Index 6 is not replicated across allthe servers in the pipeline 43b28a2a-1a81-4de9-bdfa-139d7988e68a as the min replicated index is 4. Deletion is not allowed in this container yet.
2019-10-21 08:06:02,690 [BlockDeletingService#2] WARN  background.BlockDeletingService (BlockDeletingService.java:isDeletionAllowed(187)) - Close Container log Index 6 is not replicated across allthe servers in the pipeline 43b28a2a-1a81-4de9-bdfa-139d7988e68a as the min replicated index is 4. Deletion is not allowed in this container yet.
2019-10-21 08:06:02,813 [EventQueue-ContainerReportForContainerReportHandler] WARN  container.ContainerReportHandler (AbstractContainerReportHandler.java:updateContainerState(145)) - Container #1 is in OPEN state, but the datanode 2f6ec408-7fd3-48a9-91b7-234721c6dbd9{ip: 192.168.34.35, host: pr-hdds-2334-ff2f7-1487717562, networkLocation: /default-rack, certSerialId: null} reports an CLOSED replica.
2019-10-21 08:06:02,984 [EventQueue-ContainerReportForContainerReportHandler] WARN  container.ContainerReportHandler (AbstractContainerReportHandler.java:updateContainerState(145)) - Container #1 is in OPEN state, but the datanode 65d24b39-69ca-4c04-8db2-5f56e7503c5d{ip: 192.168.34.35, host: pr-hdds-2334-ff2f7-1487717562, networkLocation: /default-rack, certSerialId: null} reports an CLOSED replica.
2019-10-21 08:06:03,114 [EventQueue-ContainerReportForContainerReportHandler] WARN  container.ContainerReportHandler (AbstractContainerReportHandler.java:updateContainerState(145)) - Container #1 is in OPEN state, but the datanode 2f6ec408-7fd3-48a9-91b7-234721c6dbd9{ip: 192.168.34.35, host: pr-hdds-2334-ff2f7-1487717562, networkLocation: /default-rack, certSerialId: null} reports an CLOSED replica.
2019-10-21 08:06:03,183 [EventQueue-ContainerReportForContainerReportHandler] WARN  container.ContainerReportHandler (AbstractContainerReportHandler.java:updateContainerState(145)) - Container #1 is in OPEN state, but the datanode 65d24b39-69ca-4c04-8db2-5f56e7503c5d{ip: 192.168.34.35, host: pr-hdds-2334-ff2f7-1487717562, networkLocation: /default-rack, certSerialId: null} reports an CLOSED replica.
2019-10-21 08:06:03,414 [EventQueue-ContainerReportForContainerReportHandler] WARN  container.ContainerReportHandler (AbstractContainerReportHandler.java:updateContainerState(145)) - Container #1 is in OPEN state, but the datanode 2f6ec408-7fd3-48a9-91b7-234721c6dbd9{ip: 192.168.34.35, host: pr-hdds-2334-ff2f7-1487717562, networkLocation: /default-rack, certSerialId: null} reports an CLOSED replica.
2019-10-21 08:06:03,484 [EventQueue-ContainerReportForContainerReportHandler] WARN  container.ContainerReportHandler (AbstractContainerReportHandler.java:updateContainerState(145)) - Container #1 is in OPEN state, but the datanode 65d24b39-69ca-4c04-8db2-5f56e7503c5d{ip: 192.168.34.35, host: pr-hdds-2334-ff2f7-1487717562, networkLocation: /default-rack, certSerialId: null} reports an CLOSED replica.
2019-10-21 08:06:03,691 [BlockDeletingService#2] WARN  background.BlockDeletingService (BlockDeletingService.java:isDeletionAllowed(187)) - Close Container log Index 6 is not replicated across allthe servers in the pipeline 43b28a2a-1a81-4de9-bdfa-139d7988e68a as the min replicated index is 4. Deletion is not allowed in this container yet.
2019-10-21 08:06:03,693 [BlockDeletingService#2] WARN  background.BlockDeletingService (BlockDeletingService.java:isDeletionAllowed(187)) - Close Container log Index 6 is not replicated across allthe servers in the pipeline 43b28a2a-1a81-4de9-bdfa-139d7988e68a as the min replicated index is 4. Deletion is not allowed in this container yet.
2019-10-21 08:06:03,715 [EventQueue-ContainerReportForContainerReportHandler] WARN  container.ContainerReportHandler (AbstractContainerReportHandler.java:updateContainerState(145)) - Container #1 is in OPEN state, but the datanode 2f6ec408-7fd3-48a9-91b7-234721c6dbd9{ip: 192.168.34.35, host: pr-hdds-2334-ff2f7-1487717562, networkLocation: /default-rack, certSerialId: null} reports an CLOSED replica.
2019-10-21 08:06:03,884 [EventQueue-ContainerReportForContainerReportHandler] WARN  container.ContainerReportHandler (AbstractContainerReportHandler.java:updateContainerState(145)) - Container #1 is in OPEN state, but the datanode 65d24b39-69ca-4c04-8db2-5f56e7503c5d{ip: 192.168.34.35, host: pr-hdds-2334-ff2f7-1487717562, networkLocation: /default-rack, certSerialId: null} reports an CLOSED replica.
2019-10-21 08:06:03,915 [EventQueue-ContainerReportForContainerReportHandler] WARN  container.ContainerReportHandler (AbstractContainerReportHandler.java:updateContainerState(145)) - Container #1 is in OPEN state, but the datanode 2f6ec408-7fd3-48a9-91b7-234721c6dbd9{ip: 192.168.34.35, host: pr-hdds-2334-ff2f7-1487717562, networkLocation: /default-rack, certSerialId: null} reports an CLOSED replica.
2019-10-21 08:06:04,215 [EventQueue-ContainerReportForContainerReportHandler] WARN  container.ContainerReportHandler (AbstractContainerReportHandler.java:updateContainerState(145)) - Container #1 is in OPEN state, but the datanode 2f6ec408-7fd3-48a9-91b7-234721c6dbd9{ip: 192.168.34.35, host: pr-hdds-2334-ff2f7-1487717562, networkLocation: /default-rack, certSerialId: null} reports an CLOSED replica.
2019-10-21 08:06:04,284 [EventQueue-ContainerReportForContainerReportHandler] WARN  container.ContainerReportHandler (AbstractContainerReportHandler.java:updateContainerState(145)) - Container #1 is in OPEN state, but the datanode 65d24b39-69ca-4c04-8db2-5f56e7503c5d{ip: 192.168.34.35, host: pr-hdds-2334-ff2f7-1487717562, networkLocation: /default-rack, certSerialId: null} reports an CLOSED replica.
2019-10-21 08:06:04,485 [EventQueue-ContainerReportForContainerReportHandler] WARN  container.ContainerReportHandler (AbstractContainerReportHandler.java:updateContainerState(145)) - Container #1 is in OPEN state, but the datanode 65d24b39-69ca-4c04-8db2-5f56e7503c5d{ip: 192.168.34.35, host: pr-hdds-2334-ff2f7-1487717562, networkLocation: /default-rack, certSerialId: null} reports an CLOSED replica.
2019-10-21 08:06:04,516 [EventQueue-ContainerReportForContainerReportHandler] WARN  container.ContainerReportHandler (AbstractContainerReportHandler.java:updateContainerState(145)) - Container #1 is in OPEN state, but the datanode 2f6ec408-7fd3-48a9-91b7-234721c6dbd9{ip: 192.168.34.35, host: pr-hdds-2334-ff2f7-1487717562, networkLocation: /default-rack, certSerialId: null} reports an CLOSED replica.
2019-10-21 08:06:04,693 [BlockDeletingService#2] WARN  background.BlockDeletingService (BlockDeletingService.java:isDeletionAllowed(187)) - Close Container log Index 6 is not replicated across allthe servers in the pipeline 43b28a2a-1a81-4de9-bdfa-139d7988e68a as the min replicated index is 4. Deletion is not allowed in this container yet.
2019-10-21 08:06:04,694 [BlockDeletingService#2] WARN  background.BlockDeletingService (BlockDeletingService.java:isDeletionAllowed(187)) - Close Container log Index 6 is not replicated across allthe servers in the pipeline 43b28a2a-1a81-4de9-bdfa-139d7988e68a as the min replicated index is 4. Deletion is not allowed in this container yet.
2019-10-21 08:06:04,716 [EventQueue-ContainerReportForContainerReportHandler] WARN  container.ContainerReportHandler (AbstractContainerReportHandler.java:updateContainerState(145)) - Container #1 is in OPEN state, but the datanode 2f6ec408-7fd3-48a9-91b7-234721c6dbd9{ip: 192.168.34.35, host: pr-hdds-2334-ff2f7-1487717562, networkLocation: /default-rack, certSerialId: null} reports an CLOSED replica.
2019-10-21 08:06:04,886 [EventQueue-ContainerReportForContainerReportHandler] WARN  container.ContainerReportHandler (AbstractContainerReportHandler.java:updateContainerState(145)) - Container #1 is in OPEN state, but the datanode 65d24b39-69ca-4c04-8db2-5f56e7503c5d{ip: 192.168.34.35, host: pr-hdds-2334-ff2f7-1487717562, networkLocation: /default-rack, certSerialId: null} reports an CLOSED replica.
2019-10-21 08:06:04,949 [java.util.concurrent.ThreadPoolExecutor$Worker@226f36e5[State = -1, empty queue]] WARN  server.GrpcLogAppender (GrpcLogAppender.java:timeoutAppendRequest(209)) - 65d24b39-69ca-4c04-8db2-5f56e7503c5d@group-139D7988E68A->b166f5f1-a6ad-4c66-9d3e-7e796ecacb8a-GrpcLogAppender: appendEntries Timeout, request=65d24b39-69ca-4c04-8db2-5f56e7503c5d->b166f5f1-a6ad-4c66-9d3e-7e796ecacb8a#23-t4, previous=(t:4, i:8), leaderCommit=8, initializing? false, entries: <empty>
2019-10-21 08:06:05,016 [java.util.concurrent.ThreadPoolExecutor$Worker@226f36e5[State = -1, empty queue]] WARN  server.GrpcLogAppender (GrpcLogAppender.java:timeoutAppendRequest(209)) - 65d24b39-69ca-4c04-8db2-5f56e7503c5d@group-139D7988E68A->b166f5f1-a6ad-4c66-9d3e-7e796ecacb8a-GrpcLogAppender: appendEntries Timeout, request=65d24b39-69ca-4c04-8db2-5f56e7503c5d->b166f5f1-a6ad-4c66-9d3e-7e796ecacb8a#24-t4, previous=(t:4, i:8), leaderCommit=8, initializing? false, entries: size=1, first=(t:4, i:9), STATEMACHINELOGENTRY, client-BAA4D4E3BE84, cid=12
2019-10-21 08:06:05,030 [java.util.concurrent.ThreadPoolExecutor$Worker@226f36e5[State = -1, empty queue]] WARN  server.GrpcLogAppender (GrpcLogAppender.java:timeoutAppendRequest(209)) - 65d24b39-69ca-4c04-8db2-5f56e7503c5d@group-139D7988E68A->b166f5f1-a6ad-4c66-9d3e-7e796ecacb8a-GrpcLogAppender: appendEntries Timeout, request=65d24b39-69ca-4c04-8db2-5f56e7503c5d->b166f5f1-a6ad-4c66-9d3e-7e796ecacb8a#25-t4, previous=(t:4, i:9), leaderCommit=9, initializing? false, entries: size=1, first=(t:4, i:10), METADATAENTRY(c9)
2019-10-21 08:06:05,087 [EventQueue-ContainerReportForContainerReportHandler] WARN  container.ContainerReportHandler (AbstractContainerReportHandler.java:updateContainerState(145)) - Container #1 is in OPEN state, but the datanode 65d24b39-69ca-4c04-8db2-5f56e7503c5d{ip: 192.168.34.35, host: pr-hdds-2334-ff2f7-1487717562, networkLocation: /default-rack, certSerialId: null} reports an CLOSED replica.
2019-10-21 08:06:05,116 [EventQueue-ContainerReportForContainerReportHandler] WARN  container.ContainerReportHandler (AbstractContainerReportHandler.java:updateContainerState(145)) - Container #1 is in OPEN state, but the datanode 2f6ec408-7fd3-48a9-91b7-234721c6dbd9{ip: 192.168.34.35, host: pr-hdds-2334-ff2f7-1487717562, networkLocation: /default-rack, certSerialId: null} reports an CLOSED replica.
2019-10-21 08:06:05,286 [EventQueue-ContainerReportForContainerReportHandler] WARN  container.ContainerReportHandler (AbstractContainerReportHandler.java:updateContainerState(145)) - Container #1 is in OPEN state, but the datanode 65d24b39-69ca-4c04-8db2-5f56e7503c5d{ip: 192.168.34.35, host: pr-hdds-2334-ff2f7-1487717562, networkLocation: /default-rack, certSerialId: null} reports an CLOSED replica.
2019-10-21 08:06:05,416 [EventQueue-ContainerReportForContainerReportHandler] WARN  container.ContainerReportHandler (AbstractContainerReportHandler.java:updateContainerState(145)) - Container #1 is in OPEN state, but the datanode 2f6ec408-7fd3-48a9-91b7-234721c6dbd9{ip: 192.168.34.35, host: pr-hdds-2334-ff2f7-1487717562, networkLocation: /default-rack, certSerialId: null} reports an CLOSED replica.
2019-10-21 08:06:05,587 [EventQueue-ContainerReportForContainerReportHandler] WARN  container.ContainerReportHandler (AbstractContainerReportHandler.java:updateContainerState(145)) - Container #1 is in OPEN state, but the datanode 65d24b39-69ca-4c04-8db2-5f56e7503c5d{ip: 192.168.34.35, host: pr-hdds-2334-ff2f7-1487717562, networkLocation: /default-rack, certSerialId: null} reports an CLOSED replica.
2019-10-21 08:06:05,717 [EventQueue-ContainerReportForContainerReportHandler] WARN  container.ContainerReportHandler (AbstractContainerReportHandler.java:updateContainerState(145)) - Container #1 is in OPEN state, but the datanode 2f6ec408-7fd3-48a9-91b7-234721c6dbd9{ip: 192.168.34.35, host: pr-hdds-2334-ff2f7-1487717562, networkLocation: /default-rack, certSerialId: null} reports an CLOSED replica.
2019-10-21 08:06:05,787 [EventQueue-ContainerReportForContainerReportHandler] WARN  container.ContainerReportHandler (AbstractContainerReportHandler.java:updateContainerState(145)) - Container #1 is in OPEN state, but the datanode 65d24b39-69ca-4c04-8db2-5f56e7503c5d{ip: 192.168.34.35, host: pr-hdds-2334-ff2f7-1487717562, networkLocation: /default-rack, certSerialId: null} reports an CLOSED replica.
2019-10-21 08:06:05,854 [BlockDeletingService#2] WARN  background.BlockDeletingService (BlockDeletingService.java:isDeletionAllowed(187)) - Close Container log Index 6 is not replicated across allthe servers in the pipeline 43b28a2a-1a81-4de9-bdfa-139d7988e68a as the min replicated index is 4. Deletion is not allowed in this container yet.
2019-10-21 08:06:05,854 [BlockDeletingService#2] WARN  background.BlockDeletingService (BlockDeletingService.java:isDeletionAllowed(187)) - Close Container log Index 6 is not replicated across allthe servers in the pipeline 43b28a2a-1a81-4de9-bdfa-139d7988e68a as the min replicated index is 4. Deletion is not allowed in this container yet.
2019-10-21 08:06:06,088 [EventQueue-ContainerReportForContainerReportHandler] WARN  container.ContainerReportHandler (AbstractContainerReportHandler.java:updateContainerState(145)) - Container #1 is in OPEN state, but the datanode 65d24b39-69ca-4c04-8db2-5f56e7503c5d{ip: 192.168.34.35, host: pr-hdds-2334-ff2f7-1487717562, networkLocation: /default-rack, certSerialId: null} reports an CLOSED replica.
2019-10-21 08:06:06,117 [EventQueue-ContainerReportForContainerReportHandler] WARN  container.ContainerReportHandler (AbstractContainerReportHandler.java:updateContainerState(145)) - Container #1 is in OPEN state, but the datanode 2f6ec408-7fd3-48a9-91b7-234721c6dbd9{ip: 192.168.34.35, host: pr-hdds-2334-ff2f7-1487717562, networkLocation: /default-rack, certSerialId: null} reports an CLOSED replica.
2019-10-21 08:06:06,317 [EventQueue-ContainerReportForContainerReportHandler] WARN  container.ContainerReportHandler (AbstractContainerReportHandler.java:updateContainerState(145)) - Container #1 is in OPEN state, but the datanode 2f6ec408-7fd3-48a9-91b7-234721c6dbd9{ip: 192.168.34.35, host: pr-hdds-2334-ff2f7-1487717562, networkLocation: /default-rack, certSerialId: null} reports an CLOSED replica.
2019-10-21 08:06:06,389 [EventQueue-ContainerReportForContainerReportHandler] WARN  container.ContainerReportHandler (AbstractContainerReportHandler.java:updateContainerState(145)) - Container #1 is in OPEN state, but the datanode 65d24b39-69ca-4c04-8db2-5f56e7503c5d{ip: 192.168.34.35, host: pr-hdds-2334-ff2f7-1487717562, networkLocation: /default-rack, certSerialId: null} reports an CLOSED replica.
2019-10-21 08:06:06,689 [EventQueue-ContainerReportForContainerReportHandler] WARN  container.ContainerReportHandler (AbstractContainerReportHandler.java:updateContainerState(145)) - Container #1 is in OPEN state, but the datanode 65d24b39-69ca-4c04-8db2-5f56e7503c5d{ip: 192.168.34.35, host: pr-hdds-2334-ff2f7-1487717562, networkLocation: /default-rack, certSerialId: null} reports an CLOSED replica.
2019-10-21 08:06:06,717 [EventQueue-ContainerReportForContainerReportHandler] WARN  container.ContainerReportHandler (AbstractContainerReportHandler.java:updateContainerState(145)) - Container #1 is in OPEN state, but the datanode 2f6ec408-7fd3-48a9-91b7-234721c6dbd9{ip: 192.168.34.35, host: pr-hdds-2334-ff2f7-1487717562, networkLocation: /default-rack, certSerialId: null} reports an CLOSED replica.
2019-10-21 08:06:06,861 [BlockDeletingService#2] WARN  background.BlockDeletingService (BlockDeletingService.java:isDeletionAllowed(187)) - Close Container log Index 6 is not replicated across allthe servers in the pipeline 43b28a2a-1a81-4de9-bdfa-139d7988e68a as the min replicated index is 4. Deletion is not allowed in this container yet.
2019-10-21 08:06:06,861 [BlockDeletingService#2] WARN  background.BlockDeletingService (BlockDeletingService.java:isDeletionAllowed(187)) - Close Container log Index 6 is not replicated across allthe servers in the pipeline 43b28a2a-1a81-4de9-bdfa-139d7988e68a as the min replicated index is 4. Deletion is not allowed in this container yet.
2019-10-21 08:06:06,916 [EventQueue-ContainerReportForContainerReportHandler] WARN  container.ContainerReportHandler (AbstractContainerReportHandler.java:updateContainerState(145)) - Container #1 is in OPEN state, but the datanode 2f6ec408-7fd3-48a9-91b7-234721c6dbd9{ip: 192.168.34.35, host: pr-hdds-2334-ff2f7-1487717562, networkLocation: /default-rack, certSerialId: null} reports an CLOSED replica.
2019-10-21 08:06:06,989 [EventQueue-ContainerReportForContainerReportHandler] WARN  container.ContainerReportHandler (AbstractContainerReportHandler.java:updateContainerState(145)) - Container #1 is in OPEN state, but the datanode 65d24b39-69ca-4c04-8db2-5f56e7503c5d{ip: 192.168.34.35, host: pr-hdds-2334-ff2f7-1487717562, networkLocation: /default-rack, certSerialId: null} reports an CLOSED replica.
2019-10-21 08:06:07,218 [EventQueue-ContainerReportForContainerReportHandler] WARN  container.ContainerReportHandler (AbstractContainerReportHandler.java:updateContainerState(145)) - Container #1 is in OPEN state, but the datanode 2f6ec408-7fd3-48a9-91b7-234721c6dbd9{ip: 192.168.34.35, host: pr-hdds-2334-ff2f7-1487717562, networkLocation: /default-rack, certSerialId: null} reports an CLOSED replica.
2019-10-21 08:06:07,394 [EventQueue-ContainerReportForContainerReportHandler] WARN  container.ContainerReportHandler (AbstractContainerReportHandler.java:updateContainerState(145)) - Container #1 is in OPEN state, but the datanode 65d24b39-69ca-4c04-8db2-5f56e7503c5d{ip: 192.168.34.35, host: pr-hdds-2334-ff2f7-1487717562, networkLocation: /default-rack, certSerialId: null} reports an CLOSED replica.
2019-10-21 08:06:07,517 [EventQueue-ContainerReportForContainerReportHandler] WARN  container.ContainerReportHandler (AbstractContainerReportHandler.java:updateContainerState(145)) - Container #1 is in OPEN state, but the datanode 2f6ec408-7fd3-48a9-91b7-234721c6dbd9{ip: 192.168.34.35, host: pr-hdds-2334-ff2f7-1487717562, networkLocation: /default-rack, certSerialId: null} reports an CLOSED replica.
2019-10-21 08:06:07,531 [java.util.concurrent.ThreadPoolExecutor$Worker@226f36e5[State = -1, empty queue]] WARN  server.GrpcLogAppender (GrpcLogAppender.java:timeoutAppendRequest(209)) - 65d24b39-69ca-4c04-8db2-5f56e7503c5d@group-139D7988E68A->b166f5f1-a6ad-4c66-9d3e-7e796ecacb8a-GrpcLogAppender: appendEntries Timeout, request=65d24b39-69ca-4c04-8db2-5f56e7503c5d->b166f5f1-a6ad-4c66-9d3e-7e796ecacb8a#26-t4, previous=(t:4, i:10), leaderCommit=10, initializing? false, entries: <empty>
2019-10-21 08:06:07,691 [EventQueue-ContainerReportForContainerReportHandler] WARN  container.ContainerReportHandler (AbstractContainerReportHandler.java:updateContainerState(145)) - Container #1 is in OPEN state, but the datanode 65d24b39-69ca-4c04-8db2-5f56e7503c5d{ip: 192.168.34.35, host: pr-hdds-2334-ff2f7-1487717562, networkLocation: /default-rack, certSerialId: null} reports an CLOSED replica.
2019-10-21 08:06:07,818 [EventQueue-ContainerReportForContainerReportHandler] WARN  container.ContainerReportHandler (AbstractContainerReportHandler.java:updateContainerState(145)) - Container #1 is in OPEN state, but the datanode 2f6ec408-7fd3-48a9-91b7-234721c6dbd9{ip: 192.168.34.35, host: pr-hdds-2334-ff2f7-1487717562, networkLocation: /default-rack, certSerialId: null} reports an CLOSED replica.
2019-10-21 08:06:07,864 [BlockDeletingService#2] WARN  background.BlockDeletingService (BlockDeletingService.java:isDeletionAllowed(187)) - Close Container log Index 6 is not replicated across allthe servers in the pipeline 43b28a2a-1a81-4de9-bdfa-139d7988e68a as the min replicated index is 4. Deletion is not allowed in this container yet.
2019-10-21 08:06:07,864 [BlockDeletingService#2] WARN  background.BlockDeletingService (BlockDeletingService.java:isDeletionAllowed(187)) - Close Container log Index 6 is not replicated across allthe servers in the pipeline 43b28a2a-1a81-4de9-bdfa-139d7988e68a as the min replicated index is 4. Deletion is not allowed in this container yet.
2019-10-21 08:06:08,090 [EventQueue-ContainerReportForContainerReportHandler] WARN  container.ContainerReportHandler (AbstractContainerReportHandler.java:updateContainerState(145)) - Container #1 is in OPEN state, but the datanode 65d24b39-69ca-4c04-8db2-5f56e7503c5d{ip: 192.168.34.35, host: pr-hdds-2334-ff2f7-1487717562, networkLocation: /default-rack, certSerialId: null} reports an CLOSED replica.
2019-10-21 08:06:08,118 [EventQueue-ContainerReportForContainerReportHandler] WARN  container.ContainerReportHandler (AbstractContainerReportHandler.java:updateContainerState(145)) - Container #1 is in OPEN state, but the datanode 2f6ec408-7fd3-48a9-91b7-234721c6dbd9{ip: 192.168.34.35, host: pr-hdds-2334-ff2f7-1487717562, networkLocation: /default-rack, certSerialId: null} reports an CLOSED replica.
2019-10-21 08:06:08,317 [EventQueue-ContainerReportForContainerReportHandler] WARN  container.ContainerReportHandler (AbstractContainerReportHandler.java:updateContainerState(145)) - Container #1 is in OPEN state, but the datanode 2f6ec408-7fd3-48a9-91b7-234721c6dbd9{ip: 192.168.34.35, host: pr-hdds-2334-ff2f7-1487717562, networkLocation: /default-rack, certSerialId: null} reports an CLOSED replica.
2019-10-21 08:06:08,390 [EventQueue-ContainerReportForContainerReportHandler] WARN  container.ContainerReportHandler (AbstractContainerReportHandler.java:updateContainerState(145)) - Container #1 is in OPEN state, but the datanode 65d24b39-69ca-4c04-8db2-5f56e7503c5d{ip: 192.168.34.35, host: pr-hdds-2334-ff2f7-1487717562, networkLocation: /default-rack, certSerialId: null} reports an CLOSED replica.
2019-10-21 08:06:08,718 [EventQueue-ContainerReportForContainerReportHandler] WARN  container.ContainerReportHandler (AbstractContainerReportHandler.java:updateContainerState(145)) - Container #1 is in OPEN state, but the datanode 2f6ec408-7fd3-48a9-91b7-234721c6dbd9{ip: 192.168.34.35, host: pr-hdds-2334-ff2f7-1487717562, networkLocation: /default-rack, certSerialId: null} reports an CLOSED replica.
2019-10-21 08:06:08,791 [EventQueue-ContainerReportForContainerReportHandler] WARN  container.ContainerReportHandler (AbstractContainerReportHandler.java:updateContainerState(145)) - Container #1 is in OPEN state, but the datanode 65d24b39-69ca-4c04-8db2-5f56e7503c5d{ip: 192.168.34.35, host: pr-hdds-2334-ff2f7-1487717562, networkLocation: /default-rack, certSerialId: null} reports an CLOSED replica.
2019-10-21 08:06:08,867 [BlockDeletingService#2] WARN  background.BlockDeletingService (BlockDeletingService.java:isDeletionAllowed(187)) - Close Container log Index 6 is not replicated across allthe servers in the pipeline 43b28a2a-1a81-4de9-bdfa-139d7988e68a as the min replicated index is 4. Deletion is not allowed in this container yet.
2019-10-21 08:06:08,867 [BlockDeletingService#2] WARN  background.BlockDeletingService (BlockDeletingService.java:isDeletionAllowed(187)) - Close Container log Index 6 is not replicated across allthe servers in the pipeline 43b28a2a-1a81-4de9-bdfa-139d7988e68a as the min replicated index is 4. Deletion is not allowed in this container yet.
2019-10-21 08:06:08,992 [EventQueue-ContainerReportForContainerReportHandler] WARN  container.ContainerReportHandler (AbstractContainerReportHandler.java:updateContainerState(145)) - Container #1 is in OPEN state, but the datanode 65d24b39-69ca-4c04-8db2-5f56e7503c5d{ip: 192.168.34.35, host: pr-hdds-2334-ff2f7-1487717562, networkLocation: /default-rack, certSerialId: null} reports an CLOSED replica.
2019-10-21 08:06:09,018 [EventQueue-ContainerReportForContainerReportHandler] WARN  container.ContainerReportHandler (AbstractContainerReportHandler.java:updateContainerState(145)) - Container #1 is in OPEN state, but the datanode 2f6ec408-7fd3-48a9-91b7-234721c6dbd9{ip: 192.168.34.35, host: pr-hdds-2334-ff2f7-1487717562, networkLocation: /default-rack, certSerialId: null} reports an CLOSED replica.
2019-10-21 08:06:09,292 [EventQueue-ContainerReportForContainerReportHandler] WARN  container.ContainerReportHandler (AbstractContainerReportHandler.java:updateContainerState(145)) - Container #1 is in OPEN state, but the datanode 65d24b39-69ca-4c04-8db2-5f56e7503c5d{ip: 192.168.34.35, host: pr-hdds-2334-ff2f7-1487717562, networkLocation: /default-rack, certSerialId: null} reports an CLOSED replica.
2019-10-21 08:06:09,318 [EventQueue-ContainerReportForContainerReportHandler] WARN  container.ContainerReportHandler (AbstractContainerReportHandler.java:updateContainerState(145)) - Container #1 is in OPEN state, but the datanode 2f6ec408-7fd3-48a9-91b7-234721c6dbd9{ip: 192.168.34.35, host: pr-hdds-2334-ff2f7-1487717562, networkLocation: /default-rack, certSerialId: null} reports an CLOSED replica.
2019-10-21 08:06:09,693 [EventQueue-ContainerReportForContainerReportHandler] WARN  container.ContainerReportHandler (AbstractContainerReportHandler.java:updateContainerState(145)) - Container #1 is in OPEN state, but the datanode 65d24b39-69ca-4c04-8db2-5f56e7503c5d{ip: 192.168.34.35, host: pr-hdds-2334-ff2f7-1487717562, networkLocation: /default-rack, certSerialId: null} reports an CLOSED replica.
2019-10-21 08:06:09,717 [EventQueue-ContainerReportForContainerReportHandler] WARN  container.ContainerReportHandler (AbstractContainerReportHandler.java:updateContainerState(145)) - Container #1 is in OPEN state, but the datanode 2f6ec408-7fd3-48a9-91b7-234721c6dbd9{ip: 192.168.34.35, host: pr-hdds-2334-ff2f7-1487717562, networkLocation: /default-rack, certSerialId: null} reports an CLOSED replica.
2019-10-21 08:06:09,868 [BlockDeletingService#2] WARN  background.BlockDeletingService (BlockDeletingService.java:isDeletionAllowed(187)) - Close Container log Index 6 is not replicated across allthe servers in the pipeline 43b28a2a-1a81-4de9-bdfa-139d7988e68a as the min replicated index is 4. Deletion is not allowed in this container yet.
2019-10-21 08:06:09,868 [BlockDeletingService#2] WARN  background.BlockDeletingService (BlockDeletingService.java:isDeletionAllowed(187)) - Close Container log Index 6 is not replicated across allthe servers in the pipeline 43b28a2a-1a81-4de9-bdfa-139d7988e68a as the min replicated index is 4. Deletion is not allowed in this container yet.
2019-10-21 08:06:09,918 [EventQueue-ContainerReportForContainerReportHandler] WARN  container.ContainerReportHandler (AbstractContainerReportHandler.java:updateContainerState(145)) - Container #1 is in OPEN state, but the datanode 2f6ec408-7fd3-48a9-91b7-234721c6dbd9{ip: 192.168.34.35, host: pr-hdds-2334-ff2f7-1487717562, networkLocation: /default-rack, certSerialId: null} reports an CLOSED replica.
2019-10-21 08:06:10,032 [java.util.concurrent.ThreadPoolExecutor$Worker@226f36e5[State = -1, empty queue]] WARN  server.GrpcLogAppender (GrpcLogAppender.java:timeoutAppendRequest(209)) - 65d24b39-69ca-4c04-8db2-5f56e7503c5d@group-139D7988E68A->b166f5f1-a6ad-4c66-9d3e-7e796ecacb8a-GrpcLogAppender: appendEntries Timeout, request=65d24b39-69ca-4c04-8db2-5f56e7503c5d->b166f5f1-a6ad-4c66-9d3e-7e796ecacb8a#27-t4, previous=(t:4, i:10), leaderCommit=10, initializing? false, entries: <empty>
2019-10-21 08:06:10,088 [Thread-373] INFO  client.GrpcClientProtocolService (GrpcClientProtocolService.java:lambda$processClientRequest$0(278)) - Failed RaftClientRequest:client-771575C6CFE7->2f6ec408-7fd3-48a9-91b7-234721c6dbd9@group-139D7988E68A, cid=10, seq=0, Watch-ALL_COMMITTED(6), Message:<EMPTY>, reply=RaftClientReply:client-771575C6CFE7->2f6ec408-7fd3-48a9-91b7-234721c6dbd9@group-139D7988E68A, cid=10, FAILED org.apache.ratis.protocol.NotLeaderException: Server 2f6ec408-7fd3-48a9-91b7-234721c6dbd9@group-139D7988E68A is not the leader 65d24b39-69ca-4c04-8db2-5f56e7503c5d:192.168.34.35:45259, logIndex=0, commits[2f6ec408-7fd3-48a9-91b7-234721c6dbd9:c10, b166f5f1-a6ad-4c66-9d3e-7e796ecacb8a:c4, 65d24b39-69ca-4c04-8db2-5f56e7503c5d:c10]
2019-10-21 08:06:10,093 [EventQueue-ContainerReportForContainerReportHandler] WARN  container.ContainerReportHandler (AbstractContainerReportHandler.java:updateContainerState(145)) - Container #1 is in OPEN state, but the datanode 65d24b39-69ca-4c04-8db2-5f56e7503c5d{ip: 192.168.34.35, host: pr-hdds-2334-ff2f7-1487717562, networkLocation: /default-rack, certSerialId: null} reports an CLOSED replica.
2019-10-21 08:06:10,118 [EventQueue-ContainerReportForContainerReportHandler] WARN  container.ContainerReportHandler (AbstractContainerReportHandler.java:updateContainerState(145)) - Container #1 is in OPEN state, but the datanode 2f6ec408-7fd3-48a9-91b7-234721c6dbd9{ip: 192.168.34.35, host: pr-hdds-2334-ff2f7-1487717562, networkLocation: /default-rack, certSerialId: null} reports an CLOSED replica.
2019-10-21 08:06:10,393 [EventQueue-ContainerReportForContainerReportHandler] WARN  container.ContainerReportHandler (AbstractContainerReportHandler.java:updateContainerState(145)) - Container #1 is in OPEN state, but the datanode 65d24b39-69ca-4c04-8db2-5f56e7503c5d{ip: 192.168.34.35, host: pr-hdds-2334-ff2f7-1487717562, networkLocation: /default-rack, certSerialId: null} reports an CLOSED replica.
2019-10-21 08:06:10,519 [EventQueue-ContainerReportForContainerReportHandler] WARN  container.ContainerReportHandler (AbstractContainerReportHandler.java:updateContainerState(145)) - Container #1 is in OPEN state, but the datanode 2f6ec408-7fd3-48a9-91b7-234721c6dbd9{ip: 192.168.34.35, host: pr-hdds-2334-ff2f7-1487717562, networkLocation: /default-rack, certSerialId: null} reports an CLOSED replica.
2019-10-21 08:06:10,793 [EventQueue-ContainerReportForContainerReportHandler] WARN  container.ContainerReportHandler (AbstractContainerReportHandler.java:updateContainerState(145)) - Container #1 is in OPEN state, but the datanode 65d24b39-69ca-4c04-8db2-5f56e7503c5d{ip: 192.168.34.35, host: pr-hdds-2334-ff2f7-1487717562, networkLocation: /default-rack, certSerialId: null} reports an CLOSED replica.
2019-10-21 08:06:10,819 [EventQueue-ContainerReportForContainerReportHandler] WARN  container.ContainerReportHandler (AbstractContainerReportHandler.java:updateContainerState(145)) - Container #1 is in OPEN state, but the datanode 2f6ec408-7fd3-48a9-91b7-234721c6dbd9{ip: 192.168.34.35, host: pr-hdds-2334-ff2f7-1487717562, networkLocation: /default-rack, certSerialId: null} reports an CLOSED replica.
2019-10-21 08:06:10,870 [BlockDeletingService#2] WARN  background.BlockDeletingService (BlockDeletingService.java:isDeletionAllowed(187)) - Close Container log Index 6 is not replicated across allthe servers in the pipeline 43b28a2a-1a81-4de9-bdfa-139d7988e68a as the min replicated index is 4. Deletion is not allowed in this container yet.
2019-10-21 08:06:10,872 [BlockDeletingService#2] WARN  background.BlockDeletingService (BlockDeletingService.java:isDeletionAllowed(187)) - Close Container log Index 6 is not replicated across allthe servers in the pipeline 43b28a2a-1a81-4de9-bdfa-139d7988e68a as the min replicated index is 4. Deletion is not allowed in this container yet.
2019-10-21 08:06:11,092 [EventQueue-ContainerReportForContainerReportHandler] WARN  container.ContainerReportHandler (AbstractContainerReportHandler.java:updateContainerState(145)) - Container #1 is in OPEN state, but the datanode 65d24b39-69ca-4c04-8db2-5f56e7503c5d{ip: 192.168.34.35, host: pr-hdds-2334-ff2f7-1487717562, networkLocation: /default-rack, certSerialId: null} reports an CLOSED replica.
2019-10-21 08:06:11,121 [EventQueue-ContainerReportForContainerReportHandler] WARN  container.ContainerReportHandler (AbstractContainerReportHandler.java:updateContainerState(145)) - Container #1 is in OPEN state, but the datanode 2f6ec408-7fd3-48a9-91b7-234721c6dbd9{ip: 192.168.34.35, host: pr-hdds-2334-ff2f7-1487717562, networkLocation: /default-rack, certSerialId: null} reports an CLOSED replica.
2019-10-21 08:06:11,495 [EventQueue-ContainerReportForContainerReportHandler] WARN  container.ContainerReportHandler (AbstractContainerReportHandler.java:updateContainerState(145)) - Container #1 is in OPEN state, but the datanode 65d24b39-69ca-4c04-8db2-5f56e7503c5d{ip: 192.168.34.35, host: pr-hdds-2334-ff2f7-1487717562, networkLocation: /default-rack, certSerialId: null} reports an CLOSED replica.
2019-10-21 08:06:11,521 [EventQueue-ContainerReportForContainerReportHandler] WARN  container.ContainerReportHandler (AbstractContainerReportHandler.java:updateContainerState(145)) - Container #1 is in OPEN state, but the datanode 2f6ec408-7fd3-48a9-91b7-234721c6dbd9{ip: 192.168.34.35, host: pr-hdds-2334-ff2f7-1487717562, networkLocation: /default-rack, certSerialId: null} reports an CLOSED replica.
2019-10-21 08:06:11,757 [Thread-378] INFO  client.GrpcClientProtocolService (GrpcClientProtocolService.java:lambda$processClientRequest$0(278)) - Failed RaftClientRequest:client-771575C6CFE7->65d24b39-69ca-4c04-8db2-5f56e7503c5d@group-139D7988E68A, cid=10, seq=0, Watch-ALL_COMMITTED(6), Message:<EMPTY>, reply=RaftClientReply:client-771575C6CFE7->65d24b39-69ca-4c04-8db2-5f56e7503c5d@group-139D7988E68A, cid=10, FAILED org.apache.ratis.protocol.NotReplicatedException: Request with call Id 10 and log index 6 is not yet replicated to ALL_COMMITTED, logIndex=6, commits[65d24b39-69ca-4c04-8db2-5f56e7503c5d:c10, b166f5f1-a6ad-4c66-9d3e-7e796ecacb8a:c4, 2f6ec408-7fd3-48a9-91b7-234721c6dbd9:c10]
2019-10-21 08:06:11,822 [EventQueue-ContainerReportForContainerReportHandler] WARN  container.ContainerReportHandler (AbstractContainerReportHandler.java:updateContainerState(145)) - Container #1 is in OPEN state, but the datanode 2f6ec408-7fd3-48a9-91b7-234721c6dbd9{ip: 192.168.34.35, host: pr-hdds-2334-ff2f7-1487717562, networkLocation: /default-rack, certSerialId: null} reports an CLOSED replica.
2019-10-21 08:06:11,875 [BlockDeletingService#2] WARN  background.BlockDeletingService (BlockDeletingService.java:isDeletionAllowed(187)) - Close Container log Index 6 is not replicated across allthe servers in the pipeline 43b28a2a-1a81-4de9-bdfa-139d7988e68a as the min replicated index is 4. Deletion is not allowed in this container yet.
2019-10-21 08:06:11,875 [BlockDeletingService#2] WARN  background.BlockDeletingService (BlockDeletingService.java:isDeletionAllowed(187)) - Close Container log Index 6 is not replicated across allthe servers in the pipeline 43b28a2a-1a81-4de9-bdfa-139d7988e68a as the min replicated index is 4. Deletion is not allowed in this container yet.
2019-10-21 08:06:11,893 [EventQueue-ContainerReportForContainerReportHandler] WARN  container.ContainerReportHandler (AbstractContainerReportHandler.java:updateContainerState(145)) - Container #1 is in OPEN state, but the datanode 65d24b39-69ca-4c04-8db2-5f56e7503c5d{ip: 192.168.34.35, host: pr-hdds-2334-ff2f7-1487717562, networkLocation: /default-rack, certSerialId: null} reports an CLOSED replica.
2019-10-21 08:06:12,122 [EventQueue-ContainerReportForContainerReportHandler] WARN  container.ContainerReportHandler (AbstractContainerReportHandler.java:updateContainerState(145)) - Container #1 is in OPEN state, but the datanode 2f6ec408-7fd3-48a9-91b7-234721c6dbd9{ip: 192.168.34.35, host: pr-hdds-2334-ff2f7-1487717562, networkLocation: /default-rack, certSerialId: null} reports an CLOSED replica.
2019-10-21 08:06:12,194 [EventQueue-ContainerReportForContainerReportHandler] WARN  container.ContainerReportHandler (AbstractContainerReportHandler.java:updateContainerState(145)) - Container #1 is in OPEN state, but the datanode 65d24b39-69ca-4c04-8db2-5f56e7503c5d{ip: 192.168.34.35, host: pr-hdds-2334-ff2f7-1487717562, networkLocation: /default-rack, certSerialId: null} reports an CLOSED replica.
2019-10-21 08:06:12,322 [EventQueue-ContainerReportForContainerReportHandler] WARN  container.ContainerReportHandler (AbstractContainerReportHandler.java:updateContainerState(145)) - Container #1 is in OPEN state, but the datanode 2f6ec408-7fd3-48a9-91b7-234721c6dbd9{ip: 192.168.34.35, host: pr-hdds-2334-ff2f7-1487717562, networkLocation: /default-rack, certSerialId: null} reports an CLOSED replica.
2019-10-21 08:06:12,393 [EventQueue-ContainerReportForContainerReportHandler] WARN  container.ContainerReportHandler (AbstractContainerReportHandler.java:updateContainerState(145)) - Container #1 is in OPEN state, but the datanode 65d24b39-69ca-4c04-8db2-5f56e7503c5d{ip: 192.168.34.35, host: pr-hdds-2334-ff2f7-1487717562, networkLocation: /default-rack, certSerialId: null} reports an CLOSED replica.
2019-10-21 08:06:12,535 [java.util.concurrent.ThreadPoolExecutor$Worker@226f36e5[State = -1, empty queue]] WARN  server.GrpcLogAppender (GrpcLogAppender.java:timeoutAppendRequest(209)) - 65d24b39-69ca-4c04-8db2-5f56e7503c5d@group-139D7988E68A->b166f5f1-a6ad-4c66-9d3e-7e796ecacb8a-GrpcLogAppender: appendEntries Timeout, request=65d24b39-69ca-4c04-8db2-5f56e7503c5d->b166f5f1-a6ad-4c66-9d3e-7e796ecacb8a#28-t4, previous=(t:4, i:10), leaderCommit=10, initializing? false, entries: <empty>
2019-10-21 08:06:12,694 [EventQueue-ContainerReportForContainerReportHandler] WARN  container.ContainerReportHandler (AbstractContainerReportHandler.java:updateContainerState(145)) - Container #1 is in OPEN state, but the datanode 65d24b39-69ca-4c04-8db2-5f56e7503c5d{ip: 192.168.34.35, host: pr-hdds-2334-ff2f7-1487717562, networkLocation: /default-rack, certSerialId: null} reports an CLOSED replica.
2019-10-21 08:06:12,721 [EventQueue-ContainerReportForContainerReportHandler] WARN  container.ContainerReportHandler (AbstractContainerReportHandler.java:updateContainerState(145)) - Container #1 is in OPEN state, but the datanode 2f6ec408-7fd3-48a9-91b7-234721c6dbd9{ip: 192.168.34.35, host: pr-hdds-2334-ff2f7-1487717562, networkLocation: /default-rack, certSerialId: null} reports an CLOSED replica.
2019-10-21 08:06:12,879 [BlockDeletingService#2] WARN  background.BlockDeletingService (BlockDeletingService.java:isDeletionAllowed(187)) - Close Container log Index 6 is not replicated across allthe servers in the pipeline 43b28a2a-1a81-4de9-bdfa-139d7988e68a as the min replicated index is 4. Deletion is not allowed in this container yet.
2019-10-21 08:06:12,879 [BlockDeletingService#2] WARN  background.BlockDeletingService (BlockDeletingService.java:isDeletionAllowed(187)) - Close Container log Index 6 is not replicated across allthe servers in the pipeline 43b28a2a-1a81-4de9-bdfa-139d7988e68a as the min replicated index is 4. Deletion is not allowed in this container yet.
2019-10-21 08:06:12,894 [EventQueue-ContainerReportForContainerReportHandler] WARN  container.ContainerReportHandler (AbstractContainerReportHandler.java:updateContainerState(145)) - Container #1 is in OPEN state, but the datanode 65d24b39-69ca-4c04-8db2-5f56e7503c5d{ip: 192.168.34.35, host: pr-hdds-2334-ff2f7-1487717562, networkLocation: /default-rack, certSerialId: null} reports an CLOSED replica.
2019-10-21 08:06:12,922 [EventQueue-ContainerReportForContainerReportHandler] WARN  container.ContainerReportHandler (AbstractContainerReportHandler.java:updateContainerState(145)) - Container #1 is in OPEN state, but the datanode 2f6ec408-7fd3-48a9-91b7-234721c6dbd9{ip: 192.168.34.35, host: pr-hdds-2334-ff2f7-1487717562, networkLocation: /default-rack, certSerialId: null} reports an CLOSED replica.
2019-10-21 08:06:13,121 [EventQueue-ContainerReportForContainerReportHandler] WARN  container.ContainerReportHandler (AbstractContainerReportHandler.java:updateContainerState(145)) - Container #1 is in OPEN state, but the datanode 2f6ec408-7fd3-48a9-91b7-234721c6dbd9{ip: 192.168.34.35, host: pr-hdds-2334-ff2f7-1487717562, networkLocation: /default-rack, certSerialId: null} reports an CLOSED replica.
2019-10-21 08:06:13,194 [EventQueue-ContainerReportForContainerReportHandler] WARN  container.ContainerReportHandler (AbstractContainerReportHandler.java:updateContainerState(145)) - Container #1 is in OPEN state, but the datanode 65d24b39-69ca-4c04-8db2-5f56e7503c5d{ip: 192.168.34.35, host: pr-hdds-2334-ff2f7-1487717562, networkLocation: /default-rack, certSerialId: null} reports an CLOSED replica.
2019-10-21 08:06:13,395 [EventQueue-ContainerReportForContainerReportHandler] WARN  container.ContainerReportHandler (AbstractContainerReportHandler.java:updateContainerState(145)) - Container #1 is in OPEN state, but the datanode 65d24b39-69ca-4c04-8db2-5f56e7503c5d{ip: 192.168.34.35, host: pr-hdds-2334-ff2f7-1487717562, networkLocation: /default-rack, certSerialId: null} reports an CLOSED replica.
2019-10-21 08:06:13,522 [EventQueue-ContainerReportForContainerReportHandler] WARN  container.ContainerReportHandler (AbstractContainerReportHandler.java:updateContainerState(145)) - Container #1 is in OPEN state, but the datanode 2f6ec408-7fd3-48a9-91b7-234721c6dbd9{ip: 192.168.34.35, host: pr-hdds-2334-ff2f7-1487717562, networkLocation: /default-rack, certSerialId: null} reports an CLOSED replica.
2019-10-21 08:06:13,595 [EventQueue-ContainerReportForContainerReportHandler] WARN  container.ContainerReportHandler (AbstractContainerReportHandler.java:updateContainerState(145)) - Container #1 is in OPEN state, but the datanode 65d24b39-69ca-4c04-8db2-5f56e7503c5d{ip: 192.168.34.35, host: pr-hdds-2334-ff2f7-1487717562, networkLocation: /default-rack, certSerialId: null} reports an CLOSED replica.
2019-10-21 08:06:13,880 [BlockDeletingService#2] WARN  background.BlockDeletingService (BlockDeletingService.java:isDeletionAllowed(187)) - Close Container log Index 6 is not replicated across allthe servers in the pipeline 43b28a2a-1a81-4de9-bdfa-139d7988e68a as the min replicated index is 4. Deletion is not allowed in this container yet.
2019-10-21 08:06:13,880 [BlockDeletingService#2] WARN  background.BlockDeletingService (BlockDeletingService.java:isDeletionAllowed(187)) - Close Container log Index 6 is not replicated across allthe servers in the pipeline 43b28a2a-1a81-4de9-bdfa-139d7988e68a as the min replicated index is 4. Deletion is not allowed in this container yet.
2019-10-21 08:06:13,896 [EventQueue-ContainerReportForContainerReportHandler] WARN  container.ContainerReportHandler (AbstractContainerReportHandler.java:updateContainerState(145)) - Container #1 is in OPEN state, but the datanode 65d24b39-69ca-4c04-8db2-5f56e7503c5d{ip: 192.168.34.35, host: pr-hdds-2334-ff2f7-1487717562, networkLocation: /default-rack, certSerialId: null} reports an CLOSED replica.
2019-10-21 08:06:13,923 [EventQueue-ContainerReportForContainerReportHandler] WARN  container.ContainerReportHandler (AbstractContainerReportHandler.java:updateContainerState(145)) - Container #1 is in OPEN state, but the datanode 2f6ec408-7fd3-48a9-91b7-234721c6dbd9{ip: 192.168.34.35, host: pr-hdds-2334-ff2f7-1487717562, networkLocation: /default-rack, certSerialId: null} reports an CLOSED replica.
2019-10-21 08:06:14,096 [EventQueue-ContainerReportForContainerReportHandler] WARN  container.ContainerReportHandler (AbstractContainerReportHandler.java:updateContainerState(145)) - Container #1 is in OPEN state, but the datanode 65d24b39-69ca-4c04-8db2-5f56e7503c5d{ip: 192.168.34.35, host: pr-hdds-2334-ff2f7-1487717562, networkLocation: /default-rack, certSerialId: null} reports an CLOSED replica.
2019-10-21 08:06:14,124 [EventQueue-ContainerReportForContainerReportHandler] WARN  container.ContainerReportHandler (AbstractContainerReportHandler.java:updateContainerState(145)) - Container #1 is in OPEN state, but the datanode 2f6ec408-7fd3-48a9-91b7-234721c6dbd9{ip: 192.168.34.35, host: pr-hdds-2334-ff2f7-1487717562, networkLocation: /default-rack, certSerialId: null} reports an CLOSED replica.
2019-10-21 08:06:14,497 [EventQueue-ContainerReportForContainerReportHandler] WARN  container.ContainerReportHandler (AbstractContainerReportHandler.java:updateContainerState(145)) - Container #1 is in OPEN state, but the datanode 65d24b39-69ca-4c04-8db2-5f56e7503c5d{ip: 192.168.34.35, host: pr-hdds-2334-ff2f7-1487717562, networkLocation: /default-rack, certSerialId: null} reports an CLOSED replica.
2019-10-21 08:06:14,525 [EventQueue-ContainerReportForContainerReportHandler] WARN  container.ContainerReportHandler (AbstractContainerReportHandler.java:updateContainerState(145)) - Container #1 is in OPEN state, but the datanode 2f6ec408-7fd3-48a9-91b7-234721c6dbd9{ip: 192.168.34.35, host: pr-hdds-2334-ff2f7-1487717562, networkLocation: /default-rack, certSerialId: null} reports an CLOSED replica.
2019-10-21 08:06:14,798 [EventQueue-ContainerReportForContainerReportHandler] WARN  container.ContainerReportHandler (AbstractContainerReportHandler.java:updateContainerState(145)) - Container #1 is in OPEN state, but the datanode 65d24b39-69ca-4c04-8db2-5f56e7503c5d{ip: 192.168.34.35, host: pr-hdds-2334-ff2f7-1487717562, networkLocation: /default-rack, certSerialId: null} reports an CLOSED replica.
2019-10-21 08:06:14,882 [BlockDeletingService#2] WARN  background.BlockDeletingService (BlockDeletingService.java:isDeletionAllowed(187)) - Close Container log Index 6 is not replicated across allthe servers in the pipeline 43b28a2a-1a81-4de9-bdfa-139d7988e68a as the min replicated index is 4. Deletion is not allowed in this container yet.
2019-10-21 08:06:14,882 [BlockDeletingService#2] WARN  background.BlockDeletingService (BlockDeletingService.java:isDeletionAllowed(187)) - Close Container log Index 6 is not replicated across allthe servers in the pipeline 43b28a2a-1a81-4de9-bdfa-139d7988e68a as the min replicated index is 4. Deletion is not allowed in this container yet.
2019-10-21 08:06:14,925 [EventQueue-ContainerReportForContainerReportHandler] WARN  container.ContainerReportHandler (AbstractContainerReportHandler.java:updateContainerState(145)) - Container #1 is in OPEN state, but the datanode 2f6ec408-7fd3-48a9-91b7-234721c6dbd9{ip: 192.168.34.35, host: pr-hdds-2334-ff2f7-1487717562, networkLocation: /default-rack, certSerialId: null} reports an CLOSED replica.
2019-10-21 08:06:15,036 [java.util.concurrent.ThreadPoolExecutor$Worker@226f36e5[State = -1, empty queue]] WARN  server.GrpcLogAppender (GrpcLogAppender.java:timeoutAppendRequest(209)) - 65d24b39-69ca-4c04-8db2-5f56e7503c5d@group-139D7988E68A->b166f5f1-a6ad-4c66-9d3e-7e796ecacb8a-GrpcLogAppender: appendEntries Timeout, request=65d24b39-69ca-4c04-8db2-5f56e7503c5d->b166f5f1-a6ad-4c66-9d3e-7e796ecacb8a#29-t4, previous=(t:4, i:10), leaderCommit=10, initializing? false, entries: <empty>
2019-10-21 08:06:15,097 [EventQueue-ContainerReportForContainerReportHandler] WARN  container.ContainerReportHandler (AbstractContainerReportHandler.java:updateContainerState(145)) - Container #1 is in OPEN state, but the datanode 65d24b39-69ca-4c04-8db2-5f56e7503c5d{ip: 192.168.34.35, host: pr-hdds-2334-ff2f7-1487717562, networkLocation: /default-rack, certSerialId: null} reports an CLOSED replica.
2019-10-21 08:06:15,125 [EventQueue-ContainerReportForContainerReportHandler] WARN  container.ContainerReportHandler (AbstractContainerReportHandler.java:updateContainerState(145)) - Container #1 is in OPEN state, but the datanode 2f6ec408-7fd3-48a9-91b7-234721c6dbd9{ip: 192.168.34.35, host: pr-hdds-2334-ff2f7-1487717562, networkLocation: /default-rack, certSerialId: null} reports an CLOSED replica.
2019-10-21 08:06:15,397 [EventQueue-ContainerReportForContainerReportHandler] WARN  container.ContainerReportHandler (AbstractContainerReportHandler.java:updateContainerState(145)) - Container #1 is in OPEN state, but the datanode 65d24b39-69ca-4c04-8db2-5f56e7503c5d{ip: 192.168.34.35, host: pr-hdds-2334-ff2f7-1487717562, networkLocation: /default-rack, certSerialId: null} reports an CLOSED replica.
2019-10-21 08:06:15,425 [EventQueue-ContainerReportForContainerReportHandler] WARN  container.ContainerReportHandler (AbstractContainerReportHandler.java:updateContainerState(145)) - Container #1 is in OPEN state, but the datanode 2f6ec408-7fd3-48a9-91b7-234721c6dbd9{ip: 192.168.34.35, host: pr-hdds-2334-ff2f7-1487717562, networkLocation: /default-rack, certSerialId: null} reports an CLOSED replica.
2019-10-21 08:06:15,699 [EventQueue-ContainerReportForContainerReportHandler] WARN  container.ContainerReportHandler (AbstractContainerReportHandler.java:updateContainerState(145)) - Container #1 is in OPEN state, but the datanode 65d24b39-69ca-4c04-8db2-5f56e7503c5d{ip: 192.168.34.35, host: pr-hdds-2334-ff2f7-1487717562, networkLocation: /default-rack, certSerialId: null} reports an CLOSED replica.
2019-10-21 08:06:15,726 [EventQueue-ContainerReportForContainerReportHandler] WARN  container.ContainerReportHandler (AbstractContainerReportHandler.java:updateContainerState(145)) - Container #1 is in OPEN state, but the datanode 2f6ec408-7fd3-48a9-91b7-234721c6dbd9{ip: 192.168.34.35, host: pr-hdds-2334-ff2f7-1487717562, networkLocation: /default-rack, certSerialId: null} reports an CLOSED replica.
2019-10-21 08:06:15,884 [BlockDeletingService#2] WARN  background.BlockDeletingService (BlockDeletingService.java:isDeletionAllowed(187)) - Close Container log Index 6 is not replicated across allthe servers in the pipeline 43b28a2a-1a81-4de9-bdfa-139d7988e68a as the min replicated index is 4. Deletion is not allowed in this container yet.
2019-10-21 08:06:15,884 [BlockDeletingService#2] WARN  background.BlockDeletingService (BlockDeletingService.java:isDeletionAllowed(187)) - Close Container log Index 6 is not replicated across allthe servers in the pipeline 43b28a2a-1a81-4de9-bdfa-139d7988e68a as the min replicated index is 4. Deletion is not allowed in this container yet.
2019-10-21 08:06:16,000 [EventQueue-ContainerReportForContainerReportHandler] WARN  container.ContainerReportHandler (AbstractContainerReportHandler.java:updateContainerState(145)) - Container #1 is in OPEN state, but the datanode 65d24b39-69ca-4c04-8db2-5f56e7503c5d{ip: 192.168.34.35, host: pr-hdds-2334-ff2f7-1487717562, networkLocation: /default-rack, certSerialId: null} reports an CLOSED replica.
2019-10-21 08:06:16,026 [EventQueue-ContainerReportForContainerReportHandler] WARN  container.ContainerReportHandler (AbstractContainerReportHandler.java:updateContainerState(145)) - Container #1 is in OPEN state, but the datanode 2f6ec408-7fd3-48a9-91b7-234721c6dbd9{ip: 192.168.34.35, host: pr-hdds-2334-ff2f7-1487717562, networkLocation: /default-rack, certSerialId: null} reports an CLOSED replica.
2019-10-21 08:06:16,328 [EventQueue-ContainerReportForContainerReportHandler] WARN  container.ContainerReportHandler (AbstractContainerReportHandler.java:updateContainerState(145)) - Container #1 is in OPEN state, but the datanode 2f6ec408-7fd3-48a9-91b7-234721c6dbd9{ip: 192.168.34.35, host: pr-hdds-2334-ff2f7-1487717562, networkLocation: /default-rack, certSerialId: null} reports an CLOSED replica.
2019-10-21 08:06:16,400 [EventQueue-ContainerReportForContainerReportHandler] WARN  container.ContainerReportHandler (AbstractContainerReportHandler.java:updateContainerState(145)) - Container #1 is in OPEN state, but the datanode 65d24b39-69ca-4c04-8db2-5f56e7503c5d{ip: 192.168.34.35, host: pr-hdds-2334-ff2f7-1487717562, networkLocation: /default-rack, certSerialId: null} reports an CLOSED replica.
2019-10-21 08:06:16,701 [EventQueue-ContainerReportForContainerReportHandler] WARN  container.ContainerReportHandler (AbstractContainerReportHandler.java:updateContainerState(145)) - Container #1 is in OPEN state, but the datanode 65d24b39-69ca-4c04-8db2-5f56e7503c5d{ip: 192.168.34.35, host: pr-hdds-2334-ff2f7-1487717562, networkLocation: /default-rack, certSerialId: null} reports an CLOSED replica.
2019-10-21 08:06:16,728 [EventQueue-ContainerReportForContainerReportHandler] WARN  container.ContainerReportHandler (AbstractContainerReportHandler.java:updateContainerState(145)) - Container #1 is in OPEN state, but the datanode 2f6ec408-7fd3-48a9-91b7-234721c6dbd9{ip: 192.168.34.35, host: pr-hdds-2334-ff2f7-1487717562, networkLocation: /default-rack, certSerialId: null} reports an CLOSED replica.
2019-10-21 08:06:16,886 [BlockDeletingService#2] WARN  background.BlockDeletingService (BlockDeletingService.java:isDeletionAllowed(187)) - Close Container log Index 6 is not replicated across allthe servers in the pipeline 43b28a2a-1a81-4de9-bdfa-139d7988e68a as the min replicated index is 4. Deletion is not allowed in this container yet.
2019-10-21 08:06:16,886 [BlockDeletingService#2] WARN  background.BlockDeletingService (BlockDeletingService.java:isDeletionAllowed(187)) - Close Container log Index 6 is not replicated across allthe servers in the pipeline 43b28a2a-1a81-4de9-bdfa-139d7988e68a as the min replicated index is 4. Deletion is not allowed in this container yet.
2019-10-21 08:06:16,927 [EventQueue-ContainerReportForContainerReportHandler] WARN  container.ContainerReportHandler (AbstractContainerReportHandler.java:updateContainerState(145)) - Container #1 is in OPEN state, but the datanode 2f6ec408-7fd3-48a9-91b7-234721c6dbd9{ip: 192.168.34.35, host: pr-hdds-2334-ff2f7-1487717562, networkLocation: /default-rack, certSerialId: null} reports an CLOSED replica.
2019-10-21 08:06:17,002 [EventQueue-ContainerReportForContainerReportHandler] WARN  container.ContainerReportHandler (AbstractContainerReportHandler.java:updateContainerState(145)) - Container #1 is in OPEN state, but the datanode 65d24b39-69ca-4c04-8db2-5f56e7503c5d{ip: 192.168.34.35, host: pr-hdds-2334-ff2f7-1487717562, networkLocation: /default-rack, certSerialId: null} reports an CLOSED replica.
2019-10-21 08:06:17,201 [EventQueue-ContainerReportForContainerReportHandler] WARN  container.ContainerReportHandler (AbstractContainerReportHandler.java:updateContainerState(145)) - Container #1 is in OPEN state, but the datanode 65d24b39-69ca-4c04-8db2-5f56e7503c5d{ip: 192.168.34.35, host: pr-hdds-2334-ff2f7-1487717562, networkLocation: /default-rack, certSerialId: null} reports an CLOSED replica.
2019-10-21 08:06:17,328 [EventQueue-ContainerReportForContainerReportHandler] WARN  container.ContainerReportHandler (AbstractContainerReportHandler.java:updateContainerState(145)) - Container #1 is in OPEN state, but the datanode 2f6ec408-7fd3-48a9-91b7-234721c6dbd9{ip: 192.168.34.35, host: pr-hdds-2334-ff2f7-1487717562, networkLocation: /default-rack, certSerialId: null} reports an CLOSED replica.
2019-10-21 08:06:17,501 [EventQueue-ContainerReportForContainerReportHandler] WARN  container.ContainerReportHandler (AbstractContainerReportHandler.java:updateContainerState(145)) - Container #1 is in OPEN state, but the datanode 65d24b39-69ca-4c04-8db2-5f56e7503c5d{ip: 192.168.34.35, host: pr-hdds-2334-ff2f7-1487717562, networkLocation: /default-rack, certSerialId: null} reports an CLOSED replica.
2019-10-21 08:06:17,537 [java.util.concurrent.ThreadPoolExecutor$Worker@226f36e5[State = -1, empty queue]] WARN  server.GrpcLogAppender (GrpcLogAppender.java:timeoutAppendRequest(209)) - 65d24b39-69ca-4c04-8db2-5f56e7503c5d@group-139D7988E68A->b166f5f1-a6ad-4c66-9d3e-7e796ecacb8a-GrpcLogAppender: appendEntries Timeout, request=65d24b39-69ca-4c04-8db2-5f56e7503c5d->b166f5f1-a6ad-4c66-9d3e-7e796ecacb8a#30-t4, previous=(t:4, i:10), leaderCommit=10, initializing? false, entries: <empty>
2019-10-21 08:06:17,628 [EventQueue-ContainerReportForContainerReportHandler] WARN  container.ContainerReportHandler (AbstractContainerReportHandler.java:updateContainerState(145)) - Container #1 is in OPEN state, but the datanode 2f6ec408-7fd3-48a9-91b7-234721c6dbd9{ip: 192.168.34.35, host: pr-hdds-2334-ff2f7-1487717562, networkLocation: /default-rack, certSerialId: null} reports an CLOSED replica.
2019-10-21 08:06:17,888 [BlockDeletingService#2] WARN  background.BlockDeletingService (BlockDeletingService.java:isDeletionAllowed(187)) - Close Container log Index 6 is not replicated across allthe servers in the pipeline 43b28a2a-1a81-4de9-bdfa-139d7988e68a as the min replicated index is 4. Deletion is not allowed in this container yet.
2019-10-21 08:06:17,888 [BlockDeletingService#2] WARN  background.BlockDeletingService (BlockDeletingService.java:isDeletionAllowed(187)) - Close Container log Index 6 is not replicated across allthe servers in the pipeline 43b28a2a-1a81-4de9-bdfa-139d7988e68a as the min replicated index is 4. Deletion is not allowed in this container yet.
2019-10-21 08:06:17,903 [EventQueue-ContainerReportForContainerReportHandler] WARN  container.ContainerReportHandler (AbstractContainerReportHandler.java:updateContainerState(145)) - Container #1 is in OPEN state, but the datanode 65d24b39-69ca-4c04-8db2-5f56e7503c5d{ip: 192.168.34.35, host: pr-hdds-2334-ff2f7-1487717562, networkLocation: /default-rack, certSerialId: null} reports an CLOSED replica.
2019-10-21 08:06:17,927 [EventQueue-ContainerReportForContainerReportHandler] WARN  container.ContainerReportHandler (AbstractContainerReportHandler.java:updateContainerState(145)) - Container #1 is in OPEN state, but the datanode 2f6ec408-7fd3-48a9-91b7-234721c6dbd9{ip: 192.168.34.35, host: pr-hdds-2334-ff2f7-1487717562, networkLocation: /default-rack, certSerialId: null} reports an CLOSED replica.
2019-10-21 08:06:18,104 [EventQueue-ContainerReportForContainerReportHandler] WARN  container.ContainerReportHandler (AbstractContainerReportHandler.java:updateContainerState(145)) - Container #1 is in OPEN state, but the datanode 65d24b39-69ca-4c04-8db2-5f56e7503c5d{ip: 192.168.34.35, host: pr-hdds-2334-ff2f7-1487717562, networkLocation: /default-rack, certSerialId: null} reports an CLOSED replica.
2019-10-21 08:06:18,128 [EventQueue-ContainerReportForContainerReportHandler] WARN  container.ContainerReportHandler (AbstractContainerReportHandler.java:updateContainerState(145)) - Container #1 is in OPEN state, but the datanode 2f6ec408-7fd3-48a9-91b7-234721c6dbd9{ip: 192.168.34.35, host: pr-hdds-2334-ff2f7-1487717562, networkLocation: /default-rack, certSerialId: null} reports an CLOSED replica.
2019-10-21 08:06:18,428 [EventQueue-ContainerReportForContainerReportHandler] WARN  container.ContainerReportHandler (AbstractContainerReportHandler.java:updateContainerState(145)) - Container #1 is in OPEN state, but the datanode 2f6ec408-7fd3-48a9-91b7-234721c6dbd9{ip: 192.168.34.35, host: pr-hdds-2334-ff2f7-1487717562, networkLocation: /default-rack, certSerialId: null} reports an CLOSED replica.
2019-10-21 08:06:18,505 [EventQueue-ContainerReportForContainerReportHandler] WARN  container.ContainerReportHandler (AbstractContainerReportHandler.java:updateContainerState(145)) - Container #1 is in OPEN state, but the datanode 65d24b39-69ca-4c04-8db2-5f56e7503c5d{ip: 192.168.34.35, host: pr-hdds-2334-ff2f7-1487717562, networkLocation: /default-rack, certSerialId: null} reports an CLOSED replica.
2019-10-21 08:06:18,727 [EventQueue-ContainerReportForContainerReportHandler] WARN  container.ContainerReportHandler (AbstractContainerReportHandler.java:updateContainerState(145)) - Container #1 is in OPEN state, but the datanode 2f6ec408-7fd3-48a9-91b7-234721c6dbd9{ip: 192.168.34.35, host: pr-hdds-2334-ff2f7-1487717562, networkLocation: /default-rack, certSerialId: null} reports an CLOSED replica.
2019-10-21 08:06:18,805 [EventQueue-ContainerReportForContainerReportHandler] WARN  container.ContainerReportHandler (AbstractContainerReportHandler.java:updateContainerState(145)) - Container #1 is in OPEN state, but the datanode 65d24b39-69ca-4c04-8db2-5f56e7503c5d{ip: 192.168.34.35, host: pr-hdds-2334-ff2f7-1487717562, networkLocation: /default-rack, certSerialId: null} reports an CLOSED replica.
2019-10-21 08:06:18,889 [BlockDeletingService#2] WARN  background.BlockDeletingService (BlockDeletingService.java:isDeletionAllowed(187)) - Close Container log Index 6 is not replicated across allthe servers in the pipeline 43b28a2a-1a81-4de9-bdfa-139d7988e68a as the min replicated index is 4. Deletion is not allowed in this container yet.
2019-10-21 08:06:18,889 [BlockDeletingService#2] WARN  background.BlockDeletingService (BlockDeletingService.java:isDeletionAllowed(187)) - Close Container log Index 6 is not replicated across allthe servers in the pipeline 43b28a2a-1a81-4de9-bdfa-139d7988e68a as the min replicated index is 4. Deletion is not allowed in this container yet.
2019-10-21 08:06:19,029 [EventQueue-ContainerReportForContainerReportHandler] WARN  container.ContainerReportHandler (AbstractContainerReportHandler.java:updateContainerState(145)) - Container #1 is in OPEN state, but the datanode 2f6ec408-7fd3-48a9-91b7-234721c6dbd9{ip: 192.168.34.35, host: pr-hdds-2334-ff2f7-1487717562, networkLocation: /default-rack, certSerialId: null} reports an CLOSED replica.
2019-10-21 08:06:19,205 [EventQueue-ContainerReportForContainerReportHandler] WARN  container.ContainerReportHandler (AbstractContainerReportHandler.java:updateContainerState(145)) - Container #1 is in OPEN state, but the datanode 65d24b39-69ca-4c04-8db2-5f56e7503c5d{ip: 192.168.34.35, host: pr-hdds-2334-ff2f7-1487717562, networkLocation: /default-rack, certSerialId: null} reports an CLOSED replica.
2019-10-21 08:06:19,430 [EventQueue-ContainerReportForContainerReportHandler] WARN  container.ContainerReportHandler (AbstractContainerReportHandler.java:updateContainerState(145)) - Container #1 is in OPEN state, but the datanode 2f6ec408-7fd3-48a9-91b7-234721c6dbd9{ip: 192.168.34.35, host: pr-hdds-2334-ff2f7-1487717562, networkLocation: /default-rack, certSerialId: null} reports an CLOSED replica.
2019-10-21 08:06:19,606 [EventQueue-ContainerReportForContainerReportHandler] WARN  container.ContainerReportHandler (AbstractContainerReportHandler.java:updateContainerState(145)) - Container #1 is in OPEN state, but the datanode 65d24b39-69ca-4c04-8db2-5f56e7503c5d{ip: 192.168.34.35, host: pr-hdds-2334-ff2f7-1487717562, networkLocation: /default-rack, certSerialId: null} reports an CLOSED replica.
2019-10-21 08:06:19,830 [EventQueue-ContainerReportForContainerReportHandler] WARN  container.ContainerReportHandler (AbstractContainerReportHandler.java:updateContainerState(145)) - Container #1 is in OPEN state, but the datanode 2f6ec408-7fd3-48a9-91b7-234721c6dbd9{ip: 192.168.34.35, host: pr-hdds-2334-ff2f7-1487717562, networkLocation: /default-rack, certSerialId: null} reports an CLOSED replica.
2019-10-21 08:06:19,892 [BlockDeletingService#2] WARN  background.BlockDeletingService (BlockDeletingService.java:isDeletionAllowed(187)) - Close Container log Index 6 is not replicated across allthe servers in the pipeline 43b28a2a-1a81-4de9-bdfa-139d7988e68a as the min replicated index is 4. Deletion is not allowed in this container yet.
2019-10-21 08:06:19,892 [BlockDeletingService#2] WARN  background.BlockDeletingService (BlockDeletingService.java:isDeletionAllowed(187)) - Close Container log Index 6 is not replicated across allthe servers in the pipeline 43b28a2a-1a81-4de9-bdfa-139d7988e68a as the min replicated index is 4. Deletion is not allowed in this container yet.
2019-10-21 08:06:19,906 [EventQueue-ContainerReportForContainerReportHandler] WARN  container.ContainerReportHandler (AbstractContainerReportHandler.java:updateContainerState(145)) - Container #1 is in OPEN state, but the datanode 65d24b39-69ca-4c04-8db2-5f56e7503c5d{ip: 192.168.34.35, host: pr-hdds-2334-ff2f7-1487717562, networkLocation: /default-rack, certSerialId: null} reports an CLOSED replica.
2019-10-21 08:06:20,038 [java.util.concurrent.ThreadPoolExecutor$Worker@226f36e5[State = -1, empty queue]] WARN  server.GrpcLogAppender (GrpcLogAppender.java:timeoutAppendRequest(209)) - 65d24b39-69ca-4c04-8db2-5f56e7503c5d@group-139D7988E68A->b166f5f1-a6ad-4c66-9d3e-7e796ecacb8a-GrpcLogAppender: appendEntries Timeout, request=65d24b39-69ca-4c04-8db2-5f56e7503c5d->b166f5f1-a6ad-4c66-9d3e-7e796ecacb8a#31-t4, previous=(t:4, i:10), leaderCommit=10, initializing? false, entries: <empty>
2019-10-21 08:06:20,132 [EventQueue-ContainerReportForContainerReportHandler] WARN  container.ContainerReportHandler (AbstractContainerReportHandler.java:updateContainerState(145)) - Container #1 is in OPEN state, but the datanode 2f6ec408-7fd3-48a9-91b7-234721c6dbd9{ip: 192.168.34.35, host: pr-hdds-2334-ff2f7-1487717562, networkLocation: /default-rack, certSerialId: null} reports an CLOSED replica.
2019-10-21 08:06:20,307 [EventQueue-ContainerReportForContainerReportHandler] WARN  container.ContainerReportHandler (AbstractContainerReportHandler.java:updateContainerState(145)) - Container #1 is in OPEN state, but the datanode 65d24b39-69ca-4c04-8db2-5f56e7503c5d{ip: 192.168.34.35, host: pr-hdds-2334-ff2f7-1487717562, networkLocation: /default-rack, certSerialId: null} reports an CLOSED replica.
2019-10-21 08:06:20,530 [EventQueue-ContainerReportForContainerReportHandler] WARN  container.ContainerReportHandler (AbstractContainerReportHandler.java:updateContainerState(145)) - Container #1 is in OPEN state, but the datanode 2f6ec408-7fd3-48a9-91b7-234721c6dbd9{ip: 192.168.34.35, host: pr-hdds-2334-ff2f7-1487717562, networkLocation: /default-rack, certSerialId: null} reports an CLOSED replica.
2019-10-21 08:06:20,607 [EventQueue-ContainerReportForContainerReportHandler] WARN  container.ContainerReportHandler (AbstractContainerReportHandler.java:updateContainerState(145)) - Container #1 is in OPEN state, but the datanode 65d24b39-69ca-4c04-8db2-5f56e7503c5d{ip: 192.168.34.35, host: pr-hdds-2334-ff2f7-1487717562, networkLocation: /default-rack, certSerialId: null} reports an CLOSED replica.
2019-10-21 08:06:20,756 [Thread-406] INFO  client.GrpcClientProtocolService (GrpcClientProtocolService.java:lambda$processClientRequest$0(278)) - Failed RaftClientRequest:client-771575C6CFE7->65d24b39-69ca-4c04-8db2-5f56e7503c5d@group-139D7988E68A, cid=10, seq=0, Watch-ALL_COMMITTED(6), Message:<EMPTY>, reply=RaftClientReply:client-771575C6CFE7->65d24b39-69ca-4c04-8db2-5f56e7503c5d@group-139D7988E68A, cid=10, FAILED org.apache.ratis.protocol.NotReplicatedException: Request with call Id 10 and log index 6 is not yet replicated to ALL_COMMITTED, logIndex=6, commits[65d24b39-69ca-4c04-8db2-5f56e7503c5d:c10, b166f5f1-a6ad-4c66-9d3e-7e796ecacb8a:c4, 2f6ec408-7fd3-48a9-91b7-234721c6dbd9:c10]
2019-10-21 08:06:20,894 [BlockDeletingService#2] WARN  background.BlockDeletingService (BlockDeletingService.java:isDeletionAllowed(187)) - Close Container log Index 6 is not replicated across allthe servers in the pipeline 43b28a2a-1a81-4de9-bdfa-139d7988e68a as the min replicated index is 4. Deletion is not allowed in this container yet.
2019-10-21 08:06:20,894 [BlockDeletingService#2] WARN  background.BlockDeletingService (BlockDeletingService.java:isDeletionAllowed(187)) - Close Container log Index 6 is not replicated across allthe servers in the pipeline 43b28a2a-1a81-4de9-bdfa-139d7988e68a as the min replicated index is 4. Deletion is not allowed in this container yet.
2019-10-21 08:06:20,908 [EventQueue-ContainerReportForContainerReportHandler] WARN  container.ContainerReportHandler (AbstractContainerReportHandler.java:updateContainerState(145)) - Container #1 is in OPEN state, but the datanode 65d24b39-69ca-4c04-8db2-5f56e7503c5d{ip: 192.168.34.35, host: pr-hdds-2334-ff2f7-1487717562, networkLocation: /default-rack, certSerialId: null} reports an CLOSED replica.
2019-10-21 08:06:20,930 [EventQueue-ContainerReportForContainerReportHandler] WARN  container.ContainerReportHandler (AbstractContainerReportHandler.java:updateContainerState(145)) - Container #1 is in OPEN state, but the datanode 2f6ec408-7fd3-48a9-91b7-234721c6dbd9{ip: 192.168.34.35, host: pr-hdds-2334-ff2f7-1487717562, networkLocation: /default-rack, certSerialId: null} reports an CLOSED replica.
2019-10-21 08:06:21,109 [EventQueue-ContainerReportForContainerReportHandler] WARN  container.ContainerReportHandler (AbstractContainerReportHandler.java:updateContainerState(145)) - Container #1 is in OPEN state, but the datanode 65d24b39-69ca-4c04-8db2-5f56e7503c5d{ip: 192.168.34.35, host: pr-hdds-2334-ff2f7-1487717562, networkLocation: /default-rack, certSerialId: null} reports an CLOSED replica.
2019-10-21 08:06:21,130 [EventQueue-ContainerReportForContainerReportHandler] WARN  container.ContainerReportHandler (AbstractContainerReportHandler.java:updateContainerState(145)) - Container #1 is in OPEN state, but the datanode 2f6ec408-7fd3-48a9-91b7-234721c6dbd9{ip: 192.168.34.35, host: pr-hdds-2334-ff2f7-1487717562, networkLocation: /default-rack, certSerialId: null} reports an CLOSED replica.
2019-10-21 08:06:21,309 [EventQueue-ContainerReportForContainerReportHandler] WARN  container.ContainerReportHandler (AbstractContainerReportHandler.java:updateContainerState(145)) - Container #1 is in OPEN state, but the datanode 65d24b39-69ca-4c04-8db2-5f56e7503c5d{ip: 192.168.34.35, host: pr-hdds-2334-ff2f7-1487717562, networkLocation: /default-rack, certSerialId: null} reports an CLOSED replica.
2019-10-21 08:06:21,331 [EventQueue-ContainerReportForContainerReportHandler] WARN  container.ContainerReportHandler (AbstractContainerReportHandler.java:updateContainerState(145)) - Container #1 is in OPEN state, but the datanode 2f6ec408-7fd3-48a9-91b7-234721c6dbd9{ip: 192.168.34.35, host: pr-hdds-2334-ff2f7-1487717562, networkLocation: /default-rack, certSerialId: null} reports an CLOSED replica.
2019-10-21 08:06:21,630 [EventQueue-ContainerReportForContainerReportHandler] WARN  container.ContainerReportHandler (AbstractContainerReportHandler.java:updateContainerState(145)) - Container #1 is in OPEN state, but the datanode 2f6ec408-7fd3-48a9-91b7-234721c6dbd9{ip: 192.168.34.35, host: pr-hdds-2334-ff2f7-1487717562, networkLocation: /default-rack, certSerialId: null} reports an CLOSED replica.
2019-10-21 08:06:21,709 [EventQueue-ContainerReportForContainerReportHandler] WARN  container.ContainerReportHandler (AbstractContainerReportHandler.java:updateContainerState(145)) - Container #1 is in OPEN state, but the datanode 65d24b39-69ca-4c04-8db2-5f56e7503c5d{ip: 192.168.34.35, host: pr-hdds-2334-ff2f7-1487717562, networkLocation: /default-rack, certSerialId: null} reports an CLOSED replica.
2019-10-21 08:06:21,898 [BlockDeletingService#2] WARN  background.BlockDeletingService (BlockDeletingService.java:isDeletionAllowed(187)) - Close Container log Index 6 is not replicated across allthe servers in the pipeline 43b28a2a-1a81-4de9-bdfa-139d7988e68a as the min replicated index is 4. Deletion is not allowed in this container yet.
2019-10-21 08:06:21,995 [BlockDeletingService#2] WARN  background.BlockDeletingService (BlockDeletingService.java:isDeletionAllowed(187)) - Close Container log Index 6 is not replicated across allthe servers in the pipeline 43b28a2a-1a81-4de9-bdfa-139d7988e68a as the min replicated index is 4. Deletion is not allowed in this container yet.
2019-10-21 08:06:22,010 [EventQueue-ContainerReportForContainerReportHandler] WARN  container.ContainerReportHandler (AbstractContainerReportHandler.java:updateContainerState(145)) - Container #1 is in OPEN state, but the datanode 65d24b39-69ca-4c04-8db2-5f56e7503c5d{ip: 192.168.34.35, host: pr-hdds-2334-ff2f7-1487717562, networkLocation: /default-rack, certSerialId: null} reports an CLOSED replica.
2019-10-21 08:06:22,031 [EventQueue-ContainerReportForContainerReportHandler] WARN  container.ContainerReportHandler (AbstractContainerReportHandler.java:updateContainerState(145)) - Container #1 is in OPEN state, but the datanode 2f6ec408-7fd3-48a9-91b7-234721c6dbd9{ip: 192.168.34.35, host: pr-hdds-2334-ff2f7-1487717562, networkLocation: /default-rack, certSerialId: null} reports an CLOSED replica.
2019-10-21 08:06:22,310 [EventQueue-ContainerReportForContainerReportHandler] WARN  container.ContainerReportHandler (AbstractContainerReportHandler.java:updateContainerState(145)) - Container #1 is in OPEN state, but the datanode 65d24b39-69ca-4c04-8db2-5f56e7503c5d{ip: 192.168.34.35, host: pr-hdds-2334-ff2f7-1487717562, networkLocation: /default-rack, certSerialId: null} reports an CLOSED replica.
2019-10-21 08:06:22,332 [EventQueue-ContainerReportForContainerReportHandler] WARN  container.ContainerReportHandler (AbstractContainerReportHandler.java:updateContainerState(145)) - Container #1 is in OPEN state, but the datanode 2f6ec408-7fd3-48a9-91b7-234721c6dbd9{ip: 192.168.34.35, host: pr-hdds-2334-ff2f7-1487717562, networkLocation: /default-rack, certSerialId: null} reports an CLOSED replica.
2019-10-21 08:06:22,533 [EventQueue-ContainerReportForContainerReportHandler] WARN  container.ContainerReportHandler (AbstractContainerReportHandler.java:updateContainerState(145)) - Container #1 is in OPEN state, but the datanode 2f6ec408-7fd3-48a9-91b7-234721c6dbd9{ip: 192.168.34.35, host: pr-hdds-2334-ff2f7-1487717562, networkLocation: /default-rack, certSerialId: null} reports an CLOSED replica.
2019-10-21 08:06:22,539 [java.util.concurrent.ThreadPoolExecutor$Worker@226f36e5[State = -1, empty queue]] WARN  server.GrpcLogAppender (GrpcLogAppender.java:timeoutAppendRequest(209)) - 65d24b39-69ca-4c04-8db2-5f56e7503c5d@group-139D7988E68A->b166f5f1-a6ad-4c66-9d3e-7e796ecacb8a-GrpcLogAppender: appendEntries Timeout, request=65d24b39-69ca-4c04-8db2-5f56e7503c5d->b166f5f1-a6ad-4c66-9d3e-7e796ecacb8a#32-t4, previous=(t:4, i:10), leaderCommit=10, initializing? false, entries: <empty>
2019-10-21 08:06:22,710 [EventQueue-ContainerReportForContainerReportHandler] WARN  container.ContainerReportHandler (AbstractContainerReportHandler.java:updateContainerState(145)) - Container #1 is in OPEN state, but the datanode 65d24b39-69ca-4c04-8db2-5f56e7503c5d{ip: 192.168.34.35, host: pr-hdds-2334-ff2f7-1487717562, networkLocation: /default-rack, certSerialId: null} reports an CLOSED replica.
2019-10-21 08:06:22,833 [EventQueue-ContainerReportForContainerReportHandler] WARN  container.ContainerReportHandler (AbstractContainerReportHandler.java:updateContainerState(145)) - Container #1 is in OPEN state, but the datanode 2f6ec408-7fd3-48a9-91b7-234721c6dbd9{ip: 192.168.34.35, host: pr-hdds-2334-ff2f7-1487717562, networkLocation: /default-rack, certSerialId: null} reports an CLOSED replica.
2019-10-21 08:06:22,899 [BlockDeletingService#2] WARN  background.BlockDeletingService (BlockDeletingService.java:isDeletionAllowed(187)) - Close Container log Index 6 is not replicated across allthe servers in the pipeline 43b28a2a-1a81-4de9-bdfa-139d7988e68a as the min replicated index is 4. Deletion is not allowed in this container yet.
2019-10-21 08:06:22,911 [EventQueue-ContainerReportForContainerReportHandler] WARN  container.ContainerReportHandler (AbstractContainerReportHandler.java:updateContainerState(145)) - Container #1 is in OPEN state, but the datanode 65d24b39-69ca-4c04-8db2-5f56e7503c5d{ip: 192.168.34.35, host: pr-hdds-2334-ff2f7-1487717562, networkLocation: /default-rack, certSerialId: null} reports an CLOSED replica.
2019-10-21 08:06:22,997 [BlockDeletingService#2] WARN  background.BlockDeletingService (BlockDeletingService.java:isDeletionAllowed(187)) - Close Container log Index 6 is not replicated across allthe servers in the pipeline 43b28a2a-1a81-4de9-bdfa-139d7988e68a as the min replicated index is 4. Deletion is not allowed in this container yet.
2019-10-21 08:06:23,035 [EventQueue-ContainerReportForContainerReportHandler] WARN  container.ContainerReportHandler (AbstractContainerReportHandler.java:updateContainerState(145)) - Container #1 is in OPEN state, but the datanode 2f6ec408-7fd3-48a9-91b7-234721c6dbd9{ip: 192.168.34.35, host: pr-hdds-2334-ff2f7-1487717562, networkLocation: /default-rack, certSerialId: null} reports an CLOSED replica.
2019-10-21 08:06:23,211 [EventQueue-ContainerReportForContainerReportHandler] WARN  container.ContainerReportHandler (AbstractContainerReportHandler.java:updateContainerState(145)) - Container #1 is in OPEN state, but the datanode 65d24b39-69ca-4c04-8db2-5f56e7503c5d{ip: 192.168.34.35, host: pr-hdds-2334-ff2f7-1487717562, networkLocation: /default-rack, certSerialId: null} reports an CLOSED replica.
2019-10-21 08:06:23,411 [EventQueue-ContainerReportForContainerReportHandler] WARN  container.ContainerReportHandler (AbstractContainerReportHandler.java:updateContainerState(145)) - Container #1 is in OPEN state, but the datanode 65d24b39-69ca-4c04-8db2-5f56e7503c5d{ip: 192.168.34.35, host: pr-hdds-2334-ff2f7-1487717562, networkLocation: /default-rack, certSerialId: null} reports an CLOSED replica.
2019-10-21 08:06:23,435 [EventQueue-ContainerReportForContainerReportHandler] WARN  container.ContainerReportHandler (AbstractContainerReportHandler.java:updateContainerState(145)) - Container #1 is in OPEN state, but the datanode 2f6ec408-7fd3-48a9-91b7-234721c6dbd9{ip: 192.168.34.35, host: pr-hdds-2334-ff2f7-1487717562, networkLocation: /default-rack, certSerialId: null} reports an CLOSED replica.
2019-10-21 08:06:23,635 [EventQueue-ContainerReportForContainerReportHandler] WARN  container.ContainerReportHandler (AbstractContainerReportHandler.java:updateContainerState(145)) - Container #1 is in OPEN state, but the datanode 2f6ec408-7fd3-48a9-91b7-234721c6dbd9{ip: 192.168.34.35, host: pr-hdds-2334-ff2f7-1487717562, networkLocation: /default-rack, certSerialId: null} reports an CLOSED replica.
2019-10-21 08:06:23,711 [EventQueue-ContainerReportForContainerReportHandler] WARN  container.ContainerReportHandler (AbstractContainerReportHandler.java:updateContainerState(145)) - Container #1 is in OPEN state, but the datanode 65d24b39-69ca-4c04-8db2-5f56e7503c5d{ip: 192.168.34.35, host: pr-hdds-2334-ff2f7-1487717562, networkLocation: /default-rack, certSerialId: null} reports an CLOSED replica.
2019-10-21 08:06:23,902 [BlockDeletingService#2] WARN  background.BlockDeletingService (BlockDeletingService.java:isDeletionAllowed(187)) - Close Container log Index 6 is not replicated across allthe servers in the pipeline 43b28a2a-1a81-4de9-bdfa-139d7988e68a as the min replicated index is 4. Deletion is not allowed in this container yet.
2019-10-21 08:06:23,911 [EventQueue-ContainerReportForContainerReportHandler] WARN  container.ContainerReportHandler (AbstractContainerReportHandler.java:updateContainerState(145)) - Container #1 is in OPEN state, but the datanode 65d24b39-69ca-4c04-8db2-5f56e7503c5d{ip: 192.168.34.35, host: pr-hdds-2334-ff2f7-1487717562, networkLocation: /default-rack, certSerialId: null} reports an CLOSED replica.
2019-10-21 08:06:23,935 [EventQueue-ContainerReportForContainerReportHandler] WARN  container.ContainerReportHandler (AbstractContainerReportHandler.java:updateContainerState(145)) - Container #1 is in OPEN state, but the datanode 2f6ec408-7fd3-48a9-91b7-234721c6dbd9{ip: 192.168.34.35, host: pr-hdds-2334-ff2f7-1487717562, networkLocation: /default-rack, certSerialId: null} reports an CLOSED replica.
2019-10-21 08:06:23,998 [BlockDeletingService#2] WARN  background.BlockDeletingService (BlockDeletingService.java:isDeletionAllowed(187)) - Close Container log Index 6 is not replicated across allthe servers in the pipeline 43b28a2a-1a81-4de9-bdfa-139d7988e68a as the min replicated index is 4. Deletion is not allowed in this container yet.
2019-10-21 08:06:24,211 [EventQueue-ContainerReportForContainerReportHandler] WARN  container.ContainerReportHandler (AbstractContainerReportHandler.java:updateContainerState(145)) - Container #1 is in OPEN state, but the datanode 65d24b39-69ca-4c04-8db2-5f56e7503c5d{ip: 192.168.34.35, host: pr-hdds-2334-ff2f7-1487717562, networkLocation: /default-rack, certSerialId: null} reports an CLOSED replica.
2019-10-21 08:06:24,335 [EventQueue-ContainerReportForContainerReportHandler] WARN  container.ContainerReportHandler (AbstractContainerReportHandler.java:updateContainerState(145)) - Container #1 is in OPEN state, but the datanode 2f6ec408-7fd3-48a9-91b7-234721c6dbd9{ip: 192.168.34.35, host: pr-hdds-2334-ff2f7-1487717562, networkLocation: /default-rack, certSerialId: null} reports an CLOSED replica.
2019-10-21 08:06:24,512 [EventQueue-ContainerReportForContainerReportHandler] WARN  container.ContainerReportHandler (AbstractContainerReportHandler.java:updateContainerState(145)) - Container #1 is in OPEN state, but the datanode 65d24b39-69ca-4c04-8db2-5f56e7503c5d{ip: 192.168.34.35, host: pr-hdds-2334-ff2f7-1487717562, networkLocation: /default-rack, certSerialId: null} reports an CLOSED replica.
2019-10-21 08:06:24,635 [EventQueue-ContainerReportForContainerReportHandler] WARN  container.ContainerReportHandler (AbstractContainerReportHandler.java:updateContainerState(145)) - Container #1 is in OPEN state, but the datanode 2f6ec408-7fd3-48a9-91b7-234721c6dbd9{ip: 192.168.34.35, host: pr-hdds-2334-ff2f7-1487717562, networkLocation: /default-rack, certSerialId: null} reports an CLOSED replica.
2019-10-21 08:06:24,812 [EventQueue-ContainerReportForContainerReportHandler] WARN  container.ContainerReportHandler (AbstractContainerReportHandler.java:updateContainerState(145)) - Container #1 is in OPEN state, but the datanode 65d24b39-69ca-4c04-8db2-5f56e7503c5d{ip: 192.168.34.35, host: pr-hdds-2334-ff2f7-1487717562, networkLocation: /default-rack, certSerialId: null} reports an CLOSED replica.
2019-10-21 08:06:24,904 [BlockDeletingService#2] WARN  background.BlockDeletingService (BlockDeletingService.java:isDeletionAllowed(187)) - Close Container log Index 6 is not replicated across allthe servers in the pipeline 43b28a2a-1a81-4de9-bdfa-139d7988e68a as the min replicated index is 4. Deletion is not allowed in this container yet.
2019-10-21 08:06:24,936 [EventQueue-ContainerReportForContainerReportHandler] WARN  container.ContainerReportHandler (AbstractContainerReportHandler.java:updateContainerState(145)) - Container #1 is in OPEN state, but the datanode 2f6ec408-7fd3-48a9-91b7-234721c6dbd9{ip: 192.168.34.35, host: pr-hdds-2334-ff2f7-1487717562, networkLocation: /default-rack, certSerialId: null} reports an CLOSED replica.
2019-10-21 08:06:24,999 [BlockDeletingService#2] WARN  background.BlockDeletingService (BlockDeletingService.java:isDeletionAllowed(187)) - Close Container log Index 6 is not replicated across allthe servers in the pipeline 43b28a2a-1a81-4de9-bdfa-139d7988e68a as the min replicated index is 4. Deletion is not allowed in this container yet.
2019-10-21 08:06:25,040 [java.util.concurrent.ThreadPoolExecutor$Worker@226f36e5[State = -1, empty queue]] WARN  server.GrpcLogAppender (GrpcLogAppender.java:timeoutAppendRequest(209)) - 65d24b39-69ca-4c04-8db2-5f56e7503c5d@group-139D7988E68A->b166f5f1-a6ad-4c66-9d3e-7e796ecacb8a-GrpcLogAppender: appendEntries Timeout, request=65d24b39-69ca-4c04-8db2-5f56e7503c5d->b166f5f1-a6ad-4c66-9d3e-7e796ecacb8a#33-t4, previous=(t:4, i:10), leaderCommit=10, initializing? false, entries: <empty>
2019-10-21 08:06:25,112 [EventQueue-ContainerReportForContainerReportHandler] WARN  container.ContainerReportHandler (AbstractContainerReportHandler.java:updateContainerState(145)) - Container #1 is in OPEN state, but the datanode 65d24b39-69ca-4c04-8db2-5f56e7503c5d{ip: 192.168.34.35, host: pr-hdds-2334-ff2f7-1487717562, networkLocation: /default-rack, certSerialId: null} reports an CLOSED replica.
2019-10-21 08:06:25,236 [EventQueue-ContainerReportForContainerReportHandler] WARN  container.ContainerReportHandler (AbstractContainerReportHandler.java:updateContainerState(145)) - Container #1 is in OPEN state, but the datanode 2f6ec408-7fd3-48a9-91b7-234721c6dbd9{ip: 192.168.34.35, host: pr-hdds-2334-ff2f7-1487717562, networkLocation: /default-rack, certSerialId: null} reports an CLOSED replica.
2019-10-21 08:06:25,512 [EventQueue-ContainerReportForContainerReportHandler] WARN  container.ContainerReportHandler (AbstractContainerReportHandler.java:updateContainerState(145)) - Container #1 is in OPEN state, but the datanode 65d24b39-69ca-4c04-8db2-5f56e7503c5d{ip: 192.168.34.35, host: pr-hdds-2334-ff2f7-1487717562, networkLocation: /default-rack, certSerialId: null} reports an CLOSED replica.
2019-10-21 08:06:25,535 [EventQueue-ContainerReportForContainerReportHandler] WARN  container.ContainerReportHandler (AbstractContainerReportHandler.java:updateContainerState(145)) - Container #1 is in OPEN state, but the datanode 2f6ec408-7fd3-48a9-91b7-234721c6dbd9{ip: 192.168.34.35, host: pr-hdds-2334-ff2f7-1487717562, networkLocation: /default-rack, certSerialId: null} reports an CLOSED replica.
2019-10-21 08:06:25,812 [EventQueue-ContainerReportForContainerReportHandler] WARN  container.ContainerReportHandler (AbstractContainerReportHandler.java:updateContainerState(145)) - Container #1 is in OPEN state, but the datanode 65d24b39-69ca-4c04-8db2-5f56e7503c5d{ip: 192.168.34.35, host: pr-hdds-2334-ff2f7-1487717562, networkLocation: /default-rack, certSerialId: null} reports an CLOSED replica.
2019-10-21 08:06:25,835 [EventQueue-ContainerReportForContainerReportHandler] WARN  container.ContainerReportHandler (AbstractContainerReportHandler.java:updateContainerState(145)) - Container #1 is in OPEN state, but the datanode 2f6ec408-7fd3-48a9-91b7-234721c6dbd9{ip: 192.168.34.35, host: pr-hdds-2334-ff2f7-1487717562, networkLocation: /default-rack, certSerialId: null} reports an CLOSED replica.
2019-10-21 08:06:25,905 [BlockDeletingService#2] WARN  background.BlockDeletingService (BlockDeletingService.java:isDeletionAllowed(187)) - Close Container log Index 6 is not replicated across allthe servers in the pipeline 43b28a2a-1a81-4de9-bdfa-139d7988e68a as the min replicated index is 4. Deletion is not allowed in this container yet.
2019-10-21 08:06:26,001 [BlockDeletingService#2] WARN  background.BlockDeletingService (BlockDeletingService.java:isDeletionAllowed(187)) - Close Container log Index 6 is not replicated across allthe servers in the pipeline 43b28a2a-1a81-4de9-bdfa-139d7988e68a as the min replicated index is 4. Deletion is not allowed in this container yet.
2019-10-21 08:06:26,113 [EventQueue-ContainerReportForContainerReportHandler] WARN  container.ContainerReportHandler (AbstractContainerReportHandler.java:updateContainerState(145)) - Container #1 is in OPEN state, but the datanode 65d24b39-69ca-4c04-8db2-5f56e7503c5d{ip: 192.168.34.35, host: pr-hdds-2334-ff2f7-1487717562, networkLocation: /default-rack, certSerialId: null} reports an CLOSED replica.
2019-10-21 08:06:26,135 [EventQueue-ContainerReportForContainerReportHandler] WARN  container.ContainerReportHandler (AbstractContainerReportHandler.java:updateContainerState(145)) - Container #1 is in OPEN state, but the datanode 2f6ec408-7fd3-48a9-91b7-234721c6dbd9{ip: 192.168.34.35, host: pr-hdds-2334-ff2f7-1487717562, networkLocation: /default-rack, certSerialId: null} reports an CLOSED replica.
2019-10-21 08:06:26,514 [EventQueue-ContainerReportForContainerReportHandler] WARN  container.ContainerReportHandler (AbstractContainerReportHandler.java:updateContainerState(145)) - Container #1 is in OPEN state, but the datanode 65d24b39-69ca-4c04-8db2-5f56e7503c5d{ip: 192.168.34.35, host: pr-hdds-2334-ff2f7-1487717562, networkLocation: /default-rack, certSerialId: null} reports an CLOSED replica.
2019-10-21 08:06:26,537 [EventQueue-ContainerReportForContainerReportHandler] WARN  container.ContainerReportHandler (AbstractContainerReportHandler.java:updateContainerState(145)) - Container #1 is in OPEN state, but the datanode 2f6ec408-7fd3-48a9-91b7-234721c6dbd9{ip: 192.168.34.35, host: pr-hdds-2334-ff2f7-1487717562, networkLocation: /default-rack, certSerialId: null} reports an CLOSED replica.
2019-10-21 08:06:26,837 [EventQueue-ContainerReportForContainerReportHandler] WARN  container.ContainerReportHandler (AbstractContainerReportHandler.java:updateContainerState(145)) - Container #1 is in OPEN state, but the datanode 2f6ec408-7fd3-48a9-91b7-234721c6dbd9{ip: 192.168.34.35, host: pr-hdds-2334-ff2f7-1487717562, networkLocation: /default-rack, certSerialId: null} reports an CLOSED replica.
2019-10-21 08:06:26,907 [BlockDeletingService#2] WARN  background.BlockDeletingService (BlockDeletingService.java:isDeletionAllowed(187)) - Close Container log Index 6 is not replicated across allthe servers in the pipeline 43b28a2a-1a81-4de9-bdfa-139d7988e68a as the min replicated index is 4. Deletion is not allowed in this container yet.
2019-10-21 08:06:26,914 [EventQueue-ContainerReportForContainerReportHandler] WARN  container.ContainerReportHandler (AbstractContainerReportHandler.java:updateContainerState(145)) - Container #1 is in OPEN state, but the datanode 65d24b39-69ca-4c04-8db2-5f56e7503c5d{ip: 192.168.34.35, host: pr-hdds-2334-ff2f7-1487717562, networkLocation: /default-rack, certSerialId: null} reports an CLOSED replica.
2019-10-21 08:06:27,003 [BlockDeletingService#2] WARN  background.BlockDeletingService (BlockDeletingService.java:isDeletionAllowed(187)) - Close Container log Index 6 is not replicated across allthe servers in the pipeline 43b28a2a-1a81-4de9-bdfa-139d7988e68a as the min replicated index is 4. Deletion is not allowed in this container yet.
2019-10-21 08:06:27,037 [EventQueue-ContainerReportForContainerReportHandler] WARN  container.ContainerReportHandler (AbstractContainerReportHandler.java:updateContainerState(145)) - Container #1 is in OPEN state, but the datanode 2f6ec408-7fd3-48a9-91b7-234721c6dbd9{ip: 192.168.34.35, host: pr-hdds-2334-ff2f7-1487717562, networkLocation: /default-rack, certSerialId: null} reports an CLOSED replica.
2019-10-21 08:06:27,115 [EventQueue-ContainerReportForContainerReportHandler] WARN  container.ContainerReportHandler (AbstractContainerReportHandler.java:updateContainerState(145)) - Container #1 is in OPEN state, but the datanode 65d24b39-69ca-4c04-8db2-5f56e7503c5d{ip: 192.168.34.35, host: pr-hdds-2334-ff2f7-1487717562, networkLocation: /default-rack, certSerialId: null} reports an CLOSED replica.
2019-10-21 08:06:27,414 [EventQueue-ContainerReportForContainerReportHandler] WARN  container.ContainerReportHandler (AbstractContainerReportHandler.java:updateContainerState(145)) - Container #1 is in OPEN state, but the datanode 65d24b39-69ca-4c04-8db2-5f56e7503c5d{ip: 192.168.34.35, host: pr-hdds-2334-ff2f7-1487717562, networkLocation: /default-rack, certSerialId: null} reports an CLOSED replica.
2019-10-21 08:06:27,438 [EventQueue-ContainerReportForContainerReportHandler] WARN  container.ContainerReportHandler (AbstractContainerReportHandler.java:updateContainerState(145)) - Container #1 is in OPEN state, but the datanode 2f6ec408-7fd3-48a9-91b7-234721c6dbd9{ip: 192.168.34.35, host: pr-hdds-2334-ff2f7-1487717562, networkLocation: /default-rack, certSerialId: null} reports an CLOSED replica.
2019-10-21 08:06:27,541 [java.util.concurrent.ThreadPoolExecutor$Worker@226f36e5[State = -1, empty queue]] WARN  server.GrpcLogAppender (GrpcLogAppender.java:timeoutAppendRequest(209)) - 65d24b39-69ca-4c04-8db2-5f56e7503c5d@group-139D7988E68A->b166f5f1-a6ad-4c66-9d3e-7e796ecacb8a-GrpcLogAppender: appendEntries Timeout, request=65d24b39-69ca-4c04-8db2-5f56e7503c5d->b166f5f1-a6ad-4c66-9d3e-7e796ecacb8a#34-t4, previous=(t:4, i:10), leaderCommit=10, initializing? false, entries: <empty>
2019-10-21 08:06:27,715 [EventQueue-ContainerReportForContainerReportHandler] WARN  container.ContainerReportHandler (AbstractContainerReportHandler.java:updateContainerState(145)) - Container #1 is in OPEN state, but the datanode 65d24b39-69ca-4c04-8db2-5f56e7503c5d{ip: 192.168.34.35, host: pr-hdds-2334-ff2f7-1487717562, networkLocation: /default-rack, certSerialId: null} reports an CLOSED replica.
2019-10-21 08:06:27,738 [EventQueue-ContainerReportForContainerReportHandler] WARN  container.ContainerReportHandler (AbstractContainerReportHandler.java:updateContainerState(145)) - Container #1 is in OPEN state, but the datanode 2f6ec408-7fd3-48a9-91b7-234721c6dbd9{ip: 192.168.34.35, host: pr-hdds-2334-ff2f7-1487717562, networkLocation: /default-rack, certSerialId: null} reports an CLOSED replica.
2019-10-21 08:06:27,914 [EventQueue-ContainerReportForContainerReportHandler] WARN  container.ContainerReportHandler (AbstractContainerReportHandler.java:updateContainerState(145)) - Container #1 is in OPEN state, but the datanode 65d24b39-69ca-4c04-8db2-5f56e7503c5d{ip: 192.168.34.35, host: pr-hdds-2334-ff2f7-1487717562, networkLocation: /default-rack, certSerialId: null} reports an CLOSED replica.
2019-10-21 08:06:27,945 [BlockDeletingService#2] WARN  background.BlockDeletingService (BlockDeletingService.java:isDeletionAllowed(187)) - Close Container log Index 6 is not replicated across allthe servers in the pipeline 43b28a2a-1a81-4de9-bdfa-139d7988e68a as the min replicated index is 4. Deletion is not allowed in this container yet.
2019-10-21 08:06:28,007 [BlockDeletingService#2] WARN  background.BlockDeletingService (BlockDeletingService.java:isDeletionAllowed(187)) - Close Container log Index 6 is not replicated across allthe servers in the pipeline 43b28a2a-1a81-4de9-bdfa-139d7988e68a as the min replicated index is 4. Deletion is not allowed in this container yet.
2019-10-21 08:06:28,139 [EventQueue-ContainerReportForContainerReportHandler] WARN  container.ContainerReportHandler (AbstractContainerReportHandler.java:updateContainerState(145)) - Container #1 is in OPEN state, but the datanode 2f6ec408-7fd3-48a9-91b7-234721c6dbd9{ip: 192.168.34.35, host: pr-hdds-2334-ff2f7-1487717562, networkLocation: /default-rack, certSerialId: null} reports an CLOSED replica.
2019-10-21 08:06:28,215 [EventQueue-ContainerReportForContainerReportHandler] WARN  container.ContainerReportHandler (AbstractContainerReportHandler.java:updateContainerState(145)) - Container #1 is in OPEN state, but the datanode 65d24b39-69ca-4c04-8db2-5f56e7503c5d{ip: 192.168.34.35, host: pr-hdds-2334-ff2f7-1487717562, networkLocation: /default-rack, certSerialId: null} reports an CLOSED replica.
2019-10-21 08:06:28,439 [EventQueue-ContainerReportForContainerReportHandler] WARN  container.ContainerReportHandler (AbstractContainerReportHandler.java:updateContainerState(145)) - Container #1 is in OPEN state, but the datanode 2f6ec408-7fd3-48a9-91b7-234721c6dbd9{ip: 192.168.34.35, host: pr-hdds-2334-ff2f7-1487717562, networkLocation: /default-rack, certSerialId: null} reports an CLOSED replica.
2019-10-21 08:06:28,516 [EventQueue-ContainerReportForContainerReportHandler] WARN  container.ContainerReportHandler (AbstractContainerReportHandler.java:updateContainerState(145)) - Container #1 is in OPEN state, but the datanode 65d24b39-69ca-4c04-8db2-5f56e7503c5d{ip: 192.168.34.35, host: pr-hdds-2334-ff2f7-1487717562, networkLocation: /default-rack, certSerialId: null} reports an CLOSED replica.
2019-10-21 08:06:28,640 [EventQueue-ContainerReportForContainerReportHandler] WARN  container.ContainerReportHandler (AbstractContainerReportHandler.java:updateContainerState(145)) - Container #1 is in OPEN state, but the datanode 2f6ec408-7fd3-48a9-91b7-234721c6dbd9{ip: 192.168.34.35, host: pr-hdds-2334-ff2f7-1487717562, networkLocation: /default-rack, certSerialId: null} reports an CLOSED replica.
2019-10-21 08:06:28,816 [EventQueue-ContainerReportForContainerReportHandler] WARN  container.ContainerReportHandler (AbstractContainerReportHandler.java:updateContainerState(145)) - Container #1 is in OPEN state, but the datanode 65d24b39-69ca-4c04-8db2-5f56e7503c5d{ip: 192.168.34.35, host: pr-hdds-2334-ff2f7-1487717562, networkLocation: /default-rack, certSerialId: null} reports an CLOSED replica.
2019-10-21 08:06:28,939 [EventQueue-ContainerReportForContainerReportHandler] WARN  container.ContainerReportHandler (AbstractContainerReportHandler.java:updateContainerState(145)) - Container #1 is in OPEN state, but the datanode 2f6ec408-7fd3-48a9-91b7-234721c6dbd9{ip: 192.168.34.35, host: pr-hdds-2334-ff2f7-1487717562, networkLocation: /default-rack, certSerialId: null} reports an CLOSED replica.
2019-10-21 08:06:28,947 [BlockDeletingService#2] WARN  background.BlockDeletingService (BlockDeletingService.java:isDeletionAllowed(187)) - Close Container log Index 6 is not replicated across allthe servers in the pipeline 43b28a2a-1a81-4de9-bdfa-139d7988e68a as the min replicated index is 4. Deletion is not allowed in this container yet.
2019-10-21 08:06:29,009 [BlockDeletingService#2] WARN  background.BlockDeletingService (BlockDeletingService.java:isDeletionAllowed(187)) - Close Container log Index 6 is not replicated across allthe servers in the pipeline 43b28a2a-1a81-4de9-bdfa-139d7988e68a as the min replicated index is 4. Deletion is not allowed in this container yet.
2019-10-21 08:06:29,117 [EventQueue-ContainerReportForContainerReportHandler] WARN  container.ContainerReportHandler (AbstractContainerReportHandler.java:updateContainerState(145)) - Container #1 is in OPEN state, but the datanode 65d24b39-69ca-4c04-8db2-5f56e7503c5d{ip: 192.168.34.35, host: pr-hdds-2334-ff2f7-1487717562, networkLocation: /default-rack, certSerialId: null} reports an CLOSED replica.
2019-10-21 08:06:29,170 [Thread-430] INFO  client.GrpcClientProtocolService (GrpcClientProtocolService.java:lambda$processClientRequest$0(278)) - Failed RaftClientRequest:client-771575C6CFE7->2f6ec408-7fd3-48a9-91b7-234721c6dbd9@group-139D7988E68A, cid=10, seq=0, Watch-ALL_COMMITTED(6), Message:<EMPTY>, reply=RaftClientReply:client-771575C6CFE7->2f6ec408-7fd3-48a9-91b7-234721c6dbd9@group-139D7988E68A, cid=10, FAILED org.apache.ratis.protocol.NotLeaderException: Server 2f6ec408-7fd3-48a9-91b7-234721c6dbd9@group-139D7988E68A is not the leader 65d24b39-69ca-4c04-8db2-5f56e7503c5d:192.168.34.35:45259, logIndex=0, commits[2f6ec408-7fd3-48a9-91b7-234721c6dbd9:c10, b166f5f1-a6ad-4c66-9d3e-7e796ecacb8a:c4, 65d24b39-69ca-4c04-8db2-5f56e7503c5d:c10]
2019-10-21 08:06:29,240 [EventQueue-ContainerReportForContainerReportHandler] WARN  container.ContainerReportHandler (AbstractContainerReportHandler.java:updateContainerState(145)) - Container #1 is in OPEN state, but the datanode 2f6ec408-7fd3-48a9-91b7-234721c6dbd9{ip: 192.168.34.35, host: pr-hdds-2334-ff2f7-1487717562, networkLocation: /default-rack, certSerialId: null} reports an CLOSED replica.
2019-10-21 08:06:29,417 [EventQueue-ContainerReportForContainerReportHandler] WARN  container.ContainerReportHandler (AbstractContainerReportHandler.java:updateContainerState(145)) - Container #1 is in OPEN state, but the datanode 65d24b39-69ca-4c04-8db2-5f56e7503c5d{ip: 192.168.34.35, host: pr-hdds-2334-ff2f7-1487717562, networkLocation: /default-rack, certSerialId: null} reports an CLOSED replica.
2019-10-21 08:06:29,540 [EventQueue-ContainerReportForContainerReportHandler] WARN  container.ContainerReportHandler (AbstractContainerReportHandler.java:updateContainerState(145)) - Container #1 is in OPEN state, but the datanode 2f6ec408-7fd3-48a9-91b7-234721c6dbd9{ip: 192.168.34.35, host: pr-hdds-2334-ff2f7-1487717562, networkLocation: /default-rack, certSerialId: null} reports an CLOSED replica.
2019-10-21 08:06:29,617 [EventQueue-ContainerReportForContainerReportHandler] WARN  container.ContainerReportHandler (AbstractContainerReportHandler.java:updateContainerState(145)) - Container #1 is in OPEN state, but the datanode 65d24b39-69ca-4c04-8db2-5f56e7503c5d{ip: 192.168.34.35, host: pr-hdds-2334-ff2f7-1487717562, networkLocation: /default-rack, certSerialId: null} reports an CLOSED replica.
2019-10-21 08:06:29,740 [EventQueue-ContainerReportForContainerReportHandler] WARN  container.ContainerReportHandler (AbstractContainerReportHandler.java:updateContainerState(145)) - Container #1 is in OPEN state, but the datanode 2f6ec408-7fd3-48a9-91b7-234721c6dbd9{ip: 192.168.34.35, host: pr-hdds-2334-ff2f7-1487717562, networkLocation: /default-rack, certSerialId: null} reports an CLOSED replica.
2019-10-21 08:06:29,949 [BlockDeletingService#2] WARN  background.BlockDeletingService (BlockDeletingService.java:isDeletionAllowed(187)) - Close Container log Index 6 is not replicated across allthe servers in the pipeline 43b28a2a-1a81-4de9-bdfa-139d7988e68a as the min replicated index is 4. Deletion is not allowed in this container yet.
2019-10-21 08:06:30,011 [BlockDeletingService#2] WARN  background.BlockDeletingService (BlockDeletingService.java:isDeletionAllowed(187)) - Close Container log Index 6 is not replicated across allthe servers in the pipeline 43b28a2a-1a81-4de9-bdfa-139d7988e68a as the min replicated index is 4. Deletion is not allowed in this container yet.
2019-10-21 08:06:30,017 [EventQueue-ContainerReportForContainerReportHandler] WARN  container.ContainerReportHandler (AbstractContainerReportHandler.java:updateContainerState(145)) - Container #1 is in OPEN state, but the datanode 65d24b39-69ca-4c04-8db2-5f56e7503c5d{ip: 192.168.34.35, host: pr-hdds-2334-ff2f7-1487717562, networkLocation: /default-rack, certSerialId: null} reports an CLOSED replica.
2019-10-21 08:06:30,040 [EventQueue-ContainerReportForContainerReportHandler] WARN  container.ContainerReportHandler (AbstractContainerReportHandler.java:updateContainerState(145)) - Container #1 is in OPEN state, but the datanode 2f6ec408-7fd3-48a9-91b7-234721c6dbd9{ip: 192.168.34.35, host: pr-hdds-2334-ff2f7-1487717562, networkLocation: /default-rack, certSerialId: null} reports an CLOSED replica.
2019-10-21 08:06:30,042 [java.util.concurrent.ThreadPoolExecutor$Worker@226f36e5[State = -1, empty queue]] WARN  server.GrpcLogAppender (GrpcLogAppender.java:timeoutAppendRequest(209)) - 65d24b39-69ca-4c04-8db2-5f56e7503c5d@group-139D7988E68A->b166f5f1-a6ad-4c66-9d3e-7e796ecacb8a-GrpcLogAppender: appendEntries Timeout, request=65d24b39-69ca-4c04-8db2-5f56e7503c5d->b166f5f1-a6ad-4c66-9d3e-7e796ecacb8a#35-t4, previous=(t:4, i:10), leaderCommit=10, initializing? false, entries: <empty>
2019-10-21 08:06:30,318 [EventQueue-ContainerReportForContainerReportHandler] WARN  container.ContainerReportHandler (AbstractContainerReportHandler.java:updateContainerState(145)) - Container #1 is in OPEN state, but the datanode 65d24b39-69ca-4c04-8db2-5f56e7503c5d{ip: 192.168.34.35, host: pr-hdds-2334-ff2f7-1487717562, networkLocation: /default-rack, certSerialId: null} reports an CLOSED replica.
2019-10-21 08:06:30,340 [EventQueue-ContainerReportForContainerReportHandler] WARN  container.ContainerReportHandler (AbstractContainerReportHandler.java:updateContainerState(145)) - Container #1 is in OPEN state, but the datanode 2f6ec408-7fd3-48a9-91b7-234721c6dbd9{ip: 192.168.34.35, host: pr-hdds-2334-ff2f7-1487717562, networkLocation: /default-rack, certSerialId: null} reports an CLOSED replica.
2019-10-21 08:06:30,541 [EventQueue-ContainerReportForContainerReportHandler] WARN  container.ContainerReportHandler (AbstractContainerReportHandler.java:updateContainerState(145)) - Container #1 is in OPEN state, but the datanode 2f6ec408-7fd3-48a9-91b7-234721c6dbd9{ip: 192.168.34.35, host: pr-hdds-2334-ff2f7-1487717562, networkLocation: /default-rack, certSerialId: null} reports an CLOSED replica.
2019-10-21 08:06:30,718 [EventQueue-ContainerReportForContainerReportHandler] WARN  container.ContainerReportHandler (AbstractContainerReportHandler.java:updateContainerState(145)) - Container #1 is in OPEN state, but the datanode 65d24b39-69ca-4c04-8db2-5f56e7503c5d{ip: 192.168.34.35, host: pr-hdds-2334-ff2f7-1487717562, networkLocation: /default-rack, certSerialId: null} reports an CLOSED replica.
2019-10-21 08:06:30,744 [EventQueue-ContainerReportForContainerReportHandler] WARN  container.ContainerReportHandler (AbstractContainerReportHandler.java:updateContainerState(145)) - Container #1 is in OPEN state, but the datanode 2f6ec408-7fd3-48a9-91b7-234721c6dbd9{ip: 192.168.34.35, host: pr-hdds-2334-ff2f7-1487717562, networkLocation: /default-rack, certSerialId: null} reports an CLOSED replica.
2019-10-21 08:06:30,757 [Thread-436] INFO  client.GrpcClientProtocolService (GrpcClientProtocolService.java:lambda$processClientRequest$0(278)) - Failed RaftClientRequest:client-771575C6CFE7->65d24b39-69ca-4c04-8db2-5f56e7503c5d@group-139D7988E68A, cid=10, seq=0, Watch-ALL_COMMITTED(6), Message:<EMPTY>, reply=RaftClientReply:client-771575C6CFE7->65d24b39-69ca-4c04-8db2-5f56e7503c5d@group-139D7988E68A, cid=10, FAILED org.apache.ratis.protocol.NotReplicatedException: Request with call Id 10 and log index 6 is not yet replicated to ALL_COMMITTED, logIndex=6, commits[65d24b39-69ca-4c04-8db2-5f56e7503c5d:c10, b166f5f1-a6ad-4c66-9d3e-7e796ecacb8a:c4, 2f6ec408-7fd3-48a9-91b7-234721c6dbd9:c10]
2019-10-21 08:06:30,961 [BlockDeletingService#2] WARN  background.BlockDeletingService (BlockDeletingService.java:isDeletionAllowed(187)) - Close Container log Index 6 is not replicated across allthe servers in the pipeline 43b28a2a-1a81-4de9-bdfa-139d7988e68a as the min replicated index is 4. Deletion is not allowed in this container yet.
2019-10-21 08:06:31,014 [BlockDeletingService#2] WARN  background.BlockDeletingService (BlockDeletingService.java:isDeletionAllowed(187)) - Close Container log Index 6 is not replicated across allthe servers in the pipeline 43b28a2a-1a81-4de9-bdfa-139d7988e68a as the min replicated index is 4. Deletion is not allowed in this container yet.
2019-10-21 08:06:31,019 [EventQueue-ContainerReportForContainerReportHandler] WARN  container.ContainerReportHandler (AbstractContainerReportHandler.java:updateContainerState(145)) - Container #1 is in OPEN state, but the datanode 65d24b39-69ca-4c04-8db2-5f56e7503c5d{ip: 192.168.34.35, host: pr-hdds-2334-ff2f7-1487717562, networkLocation: /default-rack, certSerialId: null} reports an CLOSED replica.
2019-10-21 08:06:31,142 [EventQueue-ContainerReportForContainerReportHandler] WARN  container.ContainerReportHandler (AbstractContainerReportHandler.java:updateContainerState(145)) - Container #1 is in OPEN state, but the datanode 2f6ec408-7fd3-48a9-91b7-234721c6dbd9{ip: 192.168.34.35, host: pr-hdds-2334-ff2f7-1487717562, networkLocation: /default-rack, certSerialId: null} reports an CLOSED replica.
2019-10-21 08:06:31,220 [EventQueue-ContainerReportForContainerReportHandler] WARN  container.ContainerReportHandler (AbstractContainerReportHandler.java:updateContainerState(145)) - Container #1 is in OPEN state, but the datanode 65d24b39-69ca-4c04-8db2-5f56e7503c5d{ip: 192.168.34.35, host: pr-hdds-2334-ff2f7-1487717562, networkLocation: /default-rack, certSerialId: null} reports an CLOSED replica.
2019-10-21 08:06:31,443 [EventQueue-ContainerReportForContainerReportHandler] WARN  container.ContainerReportHandler (AbstractContainerReportHandler.java:updateContainerState(145)) - Container #1 is in OPEN state, but the datanode 2f6ec408-7fd3-48a9-91b7-234721c6dbd9{ip: 192.168.34.35, host: pr-hdds-2334-ff2f7-1487717562, networkLocation: /default-rack, certSerialId: null} reports an CLOSED replica.
2019-10-21 08:06:31,520 [EventQueue-ContainerReportForContainerReportHandler] WARN  container.ContainerReportHandler (AbstractContainerReportHandler.java:updateContainerState(145)) - Container #1 is in OPEN state, but the datanode 65d24b39-69ca-4c04-8db2-5f56e7503c5d{ip: 192.168.34.35, host: pr-hdds-2334-ff2f7-1487717562, networkLocation: /default-rack, certSerialId: null} reports an CLOSED replica.
2019-10-21 08:06:31,721 [EventQueue-ContainerReportForContainerReportHandler] WARN  container.ContainerReportHandler (AbstractContainerReportHandler.java:updateContainerState(145)) - Container #1 is in OPEN state, but the datanode 65d24b39-69ca-4c04-8db2-5f56e7503c5d{ip: 192.168.34.35, host: pr-hdds-2334-ff2f7-1487717562, networkLocation: /default-rack, certSerialId: null} reports an CLOSED replica.
2019-10-21 08:06:31,743 [EventQueue-ContainerReportForContainerReportHandler] WARN  container.ContainerReportHandler (AbstractContainerReportHandler.java:updateContainerState(145)) - Container #1 is in OPEN state, but the datanode 2f6ec408-7fd3-48a9-91b7-234721c6dbd9{ip: 192.168.34.35, host: pr-hdds-2334-ff2f7-1487717562, networkLocation: /default-rack, certSerialId: null} reports an CLOSED replica.
2019-10-21 08:06:31,963 [BlockDeletingService#2] WARN  background.BlockDeletingService (BlockDeletingService.java:isDeletionAllowed(187)) - Close Container log Index 6 is not replicated across allthe servers in the pipeline 43b28a2a-1a81-4de9-bdfa-139d7988e68a as the min replicated index is 4. Deletion is not allowed in this container yet.
2019-10-21 08:06:32,017 [BlockDeletingService#2] WARN  background.BlockDeletingService (BlockDeletingService.java:isDeletionAllowed(187)) - Close Container log Index 6 is not replicated across allthe servers in the pipeline 43b28a2a-1a81-4de9-bdfa-139d7988e68a as the min replicated index is 4. Deletion is not allowed in this container yet.
2019-10-21 08:06:32,021 [EventQueue-ContainerReportForContainerReportHandler] WARN  container.ContainerReportHandler (AbstractContainerReportHandler.java:updateContainerState(145)) - Container #1 is in OPEN state, but the datanode 65d24b39-69ca-4c04-8db2-5f56e7503c5d{ip: 192.168.34.35, host: pr-hdds-2334-ff2f7-1487717562, networkLocation: /default-rack, certSerialId: null} reports an CLOSED replica.
2019-10-21 08:06:32,043 [EventQueue-ContainerReportForContainerReportHandler] WARN  container.ContainerReportHandler (AbstractContainerReportHandler.java:updateContainerState(145)) - Container #1 is in OPEN state, but the datanode 2f6ec408-7fd3-48a9-91b7-234721c6dbd9{ip: 192.168.34.35, host: pr-hdds-2334-ff2f7-1487717562, networkLocation: /default-rack, certSerialId: null} reports an CLOSED replica.
2019-10-21 08:06:32,343 [EventQueue-ContainerReportForContainerReportHandler] WARN  container.ContainerReportHandler (AbstractContainerReportHandler.java:updateContainerState(145)) - Container #1 is in OPEN state, but the datanode 2f6ec408-7fd3-48a9-91b7-234721c6dbd9{ip: 192.168.34.35, host: pr-hdds-2334-ff2f7-1487717562, networkLocation: /default-rack, certSerialId: null} reports an CLOSED replica.
2019-10-21 08:06:32,421 [EventQueue-ContainerReportForContainerReportHandler] WARN  container.ContainerReportHandler (AbstractContainerReportHandler.java:updateContainerState(145)) - Container #1 is in OPEN state, but the datanode 65d24b39-69ca-4c04-8db2-5f56e7503c5d{ip: 192.168.34.35, host: pr-hdds-2334-ff2f7-1487717562, networkLocation: /default-rack, certSerialId: null} reports an CLOSED replica.
2019-10-21 08:06:32,543 [java.util.concurrent.ThreadPoolExecutor$Worker@226f36e5[State = -1, empty queue]] WARN  server.GrpcLogAppender (GrpcLogAppender.java:timeoutAppendRequest(209)) - 65d24b39-69ca-4c04-8db2-5f56e7503c5d@group-139D7988E68A->b166f5f1-a6ad-4c66-9d3e-7e796ecacb8a-GrpcLogAppender: appendEntries Timeout, request=65d24b39-69ca-4c04-8db2-5f56e7503c5d->b166f5f1-a6ad-4c66-9d3e-7e796ecacb8a#36-t4, previous=(t:4, i:10), leaderCommit=10, initializing? false, entries: <empty>
2019-10-21 08:06:32,544 [EventQueue-ContainerReportForContainerReportHandler] WARN  container.ContainerReportHandler (AbstractContainerReportHandler.java:updateContainerState(145)) - Container #1 is in OPEN state, but the datanode 2f6ec408-7fd3-48a9-91b7-234721c6dbd9{ip: 192.168.34.35, host: pr-hdds-2334-ff2f7-1487717562, networkLocation: /default-rack, certSerialId: null} reports an CLOSED replica.
2019-10-21 08:06:32,620 [EventQueue-ContainerReportForContainerReportHandler] WARN  container.ContainerReportHandler (AbstractContainerReportHandler.java:updateContainerState(145)) - Container #1 is in OPEN state, but the datanode 65d24b39-69ca-4c04-8db2-5f56e7503c5d{ip: 192.168.34.35, host: pr-hdds-2334-ff2f7-1487717562, networkLocation: /default-rack, certSerialId: null} reports an CLOSED replica.
2019-10-21 08:06:32,921 [EventQueue-ContainerReportForContainerReportHandler] WARN  container.ContainerReportHandler (AbstractContainerReportHandler.java:updateContainerState(145)) - Container #1 is in OPEN state, but the datanode 65d24b39-69ca-4c04-8db2-5f56e7503c5d{ip: 192.168.34.35, host: pr-hdds-2334-ff2f7-1487717562, networkLocation: /default-rack, certSerialId: null} reports an CLOSED replica.
2019-10-21 08:06:32,949 [EventQueue-ContainerReportForContainerReportHandler] WARN  container.ContainerReportHandler (AbstractContainerReportHandler.java:updateContainerState(145)) - Container #1 is in OPEN state, but the datanode 2f6ec408-7fd3-48a9-91b7-234721c6dbd9{ip: 192.168.34.35, host: pr-hdds-2334-ff2f7-1487717562, networkLocation: /default-rack, certSerialId: null} reports an CLOSED replica.
2019-10-21 08:06:32,967 [BlockDeletingService#2] WARN  background.BlockDeletingService (BlockDeletingService.java:isDeletionAllowed(187)) - Close Container log Index 6 is not replicated across allthe servers in the pipeline 43b28a2a-1a81-4de9-bdfa-139d7988e68a as the min replicated index is 4. Deletion is not allowed in this container yet.
2019-10-21 08:06:33,019 [BlockDeletingService#2] WARN  background.BlockDeletingService (BlockDeletingService.java:isDeletionAllowed(187)) - Close Container log Index 6 is not replicated across allthe servers in the pipeline 43b28a2a-1a81-4de9-bdfa-139d7988e68a as the min replicated index is 4. Deletion is not allowed in this container yet.
2019-10-21 08:06:33,121 [EventQueue-ContainerReportForContainerReportHandler] WARN  container.ContainerReportHandler (AbstractContainerReportHandler.java:updateContainerState(145)) - Container #1 is in OPEN state, but the datanode 65d24b39-69ca-4c04-8db2-5f56e7503c5d{ip: 192.168.34.35, host: pr-hdds-2334-ff2f7-1487717562, networkLocation: /default-rack, certSerialId: null} reports an CLOSED replica.
2019-10-21 08:06:33,344 [EventQueue-ContainerReportForContainerReportHandler] WARN  container.ContainerReportHandler (AbstractContainerReportHandler.java:updateContainerState(145)) - Container #1 is in OPEN state, but the datanode 2f6ec408-7fd3-48a9-91b7-234721c6dbd9{ip: 192.168.34.35, host: pr-hdds-2334-ff2f7-1487717562, networkLocation: /default-rack, certSerialId: null} reports an CLOSED replica.
2019-10-21 08:06:33,421 [EventQueue-ContainerReportForContainerReportHandler] WARN  container.ContainerReportHandler (AbstractContainerReportHandler.java:updateContainerState(145)) - Container #1 is in OPEN state, but the datanode 65d24b39-69ca-4c04-8db2-5f56e7503c5d{ip: 192.168.34.35, host: pr-hdds-2334-ff2f7-1487717562, networkLocation: /default-rack, certSerialId: null} reports an CLOSED replica.
2019-10-21 08:06:33,545 [EventQueue-ContainerReportForContainerReportHandler] WARN  container.ContainerReportHandler (AbstractContainerReportHandler.java:updateContainerState(145)) - Container #1 is in OPEN state, but the datanode 2f6ec408-7fd3-48a9-91b7-234721c6dbd9{ip: 192.168.34.35, host: pr-hdds-2334-ff2f7-1487717562, networkLocation: /default-rack, certSerialId: null} reports an CLOSED replica.
2019-10-21 08:06:33,720 [EventQueue-ContainerReportForContainerReportHandler] WARN  container.ContainerReportHandler (AbstractContainerReportHandler.java:updateContainerState(145)) - Container #1 is in OPEN state, but the datanode 65d24b39-69ca-4c04-8db2-5f56e7503c5d{ip: 192.168.34.35, host: pr-hdds-2334-ff2f7-1487717562, networkLocation: /default-rack, certSerialId: null} reports an CLOSED replica.
2019-10-21 08:06:33,920 [EventQueue-ContainerReportForContainerReportHandler] WARN  container.ContainerReportHandler (AbstractContainerReportHandler.java:updateContainerState(145)) - Container #1 is in OPEN state, but the datanode 65d24b39-69ca-4c04-8db2-5f56e7503c5d{ip: 192.168.34.35, host: pr-hdds-2334-ff2f7-1487717562, networkLocation: /default-rack, certSerialId: null} reports an CLOSED replica.
2019-10-21 08:06:33,945 [EventQueue-ContainerReportForContainerReportHandler] WARN  container.ContainerReportHandler (AbstractContainerReportHandler.java:updateContainerState(145)) - Container #1 is in OPEN state, but the datanode 2f6ec408-7fd3-48a9-91b7-234721c6dbd9{ip: 192.168.34.35, host: pr-hdds-2334-ff2f7-1487717562, networkLocation: /default-rack, certSerialId: null} reports an CLOSED replica.
2019-10-21 08:06:33,968 [BlockDeletingService#2] WARN  background.BlockDeletingService (BlockDeletingService.java:isDeletionAllowed(187)) - Close Container log Index 6 is not replicated across allthe servers in the pipeline 43b28a2a-1a81-4de9-bdfa-139d7988e68a as the min replicated index is 4. Deletion is not allowed in this container yet.
2019-10-21 08:06:34,020 [BlockDeletingService#2] WARN  background.BlockDeletingService (BlockDeletingService.java:isDeletionAllowed(187)) - Close Container log Index 6 is not replicated across allthe servers in the pipeline 43b28a2a-1a81-4de9-bdfa-139d7988e68a as the min replicated index is 4. Deletion is not allowed in this container yet.
2019-10-21 08:06:34,121 [EventQueue-ContainerReportForContainerReportHandler] WARN  container.ContainerReportHandler (AbstractContainerReportHandler.java:updateContainerState(145)) - Container #1 is in OPEN state, but the datanode 65d24b39-69ca-4c04-8db2-5f56e7503c5d{ip: 192.168.34.35, host: pr-hdds-2334-ff2f7-1487717562, networkLocation: /default-rack, certSerialId: null} reports an CLOSED replica.
2019-10-21 08:06:34,344 [EventQueue-ContainerReportForContainerReportHandler] WARN  container.ContainerReportHandler (AbstractContainerReportHandler.java:updateContainerState(145)) - Container #1 is in OPEN state, but the datanode 2f6ec408-7fd3-48a9-91b7-234721c6dbd9{ip: 192.168.34.35, host: pr-hdds-2334-ff2f7-1487717562, networkLocation: /default-rack, certSerialId: null} reports an CLOSED replica.
2019-10-21 08:06:34,421 [EventQueue-ContainerReportForContainerReportHandler] WARN  container.ContainerReportHandler (AbstractContainerReportHandler.java:updateContainerState(145)) - Container #1 is in OPEN state, but the datanode 65d24b39-69ca-4c04-8db2-5f56e7503c5d{ip: 192.168.34.35, host: pr-hdds-2334-ff2f7-1487717562, networkLocation: /default-rack, certSerialId: null} reports an CLOSED replica.
2019-10-21 08:06:34,545 [EventQueue-ContainerReportForContainerReportHandler] WARN  container.ContainerReportHandler (AbstractContainerReportHandler.java:updateContainerState(145)) - Container #1 is in OPEN state, but the datanode 2f6ec408-7fd3-48a9-91b7-234721c6dbd9{ip: 192.168.34.35, host: pr-hdds-2334-ff2f7-1487717562, networkLocation: /default-rack, certSerialId: null} reports an CLOSED replica.
2019-10-21 08:06:34,821 [EventQueue-ContainerReportForContainerReportHandler] WARN  container.ContainerReportHandler (AbstractContainerReportHandler.java:updateContainerState(145)) - Container #1 is in OPEN state, but the datanode 65d24b39-69ca-4c04-8db2-5f56e7503c5d{ip: 192.168.34.35, host: pr-hdds-2334-ff2f7-1487717562, networkLocation: /default-rack, certSerialId: null} reports an CLOSED replica.
2019-10-21 08:06:34,845 [EventQueue-ContainerReportForContainerReportHandler] WARN  container.ContainerReportHandler (AbstractContainerReportHandler.java:updateContainerState(145)) - Container #1 is in OPEN state, but the datanode 2f6ec408-7fd3-48a9-91b7-234721c6dbd9{ip: 192.168.34.35, host: pr-hdds-2334-ff2f7-1487717562, networkLocation: /default-rack, certSerialId: null} reports an CLOSED replica.
2019-10-21 08:06:34,970 [BlockDeletingService#2] WARN  background.BlockDeletingService (BlockDeletingService.java:isDeletionAllowed(187)) - Close Container log Index 6 is not replicated across allthe servers in the pipeline 43b28a2a-1a81-4de9-bdfa-139d7988e68a as the min replicated index is 4. Deletion is not allowed in this container yet.
2019-10-21 08:06:35,022 [BlockDeletingService#2] WARN  background.BlockDeletingService (BlockDeletingService.java:isDeletionAllowed(187)) - Close Container log Index 6 is not replicated across allthe servers in the pipeline 43b28a2a-1a81-4de9-bdfa-139d7988e68a as the min replicated index is 4. Deletion is not allowed in this container yet.
2019-10-21 08:06:35,045 [java.util.concurrent.ThreadPoolExecutor$Worker@226f36e5[State = -1, empty queue]] WARN  server.GrpcLogAppender (GrpcLogAppender.java:timeoutAppendRequest(209)) - 65d24b39-69ca-4c04-8db2-5f56e7503c5d@group-139D7988E68A->b166f5f1-a6ad-4c66-9d3e-7e796ecacb8a-GrpcLogAppender: appendEntries Timeout, request=65d24b39-69ca-4c04-8db2-5f56e7503c5d->b166f5f1-a6ad-4c66-9d3e-7e796ecacb8a#37-t4, previous=(t:4, i:10), leaderCommit=10, initializing? false, entries: <empty>
2019-10-21 08:06:35,122 [EventQueue-ContainerReportForContainerReportHandler] WARN  container.ContainerReportHandler (AbstractContainerReportHandler.java:updateContainerState(145)) - Container #1 is in OPEN state, but the datanode 65d24b39-69ca-4c04-8db2-5f56e7503c5d{ip: 192.168.34.35, host: pr-hdds-2334-ff2f7-1487717562, networkLocation: /default-rack, certSerialId: null} reports an CLOSED replica.
2019-10-21 08:06:35,247 [EventQueue-ContainerReportForContainerReportHandler] WARN  container.ContainerReportHandler (AbstractContainerReportHandler.java:updateContainerState(145)) - Container #1 is in OPEN state, but the datanode 2f6ec408-7fd3-48a9-91b7-234721c6dbd9{ip: 192.168.34.35, host: pr-hdds-2334-ff2f7-1487717562, networkLocation: /default-rack, certSerialId: null} reports an CLOSED replica.
2019-10-21 08:06:35,422 [EventQueue-ContainerReportForContainerReportHandler] WARN  container.ContainerReportHandler (AbstractContainerReportHandler.java:updateContainerState(145)) - Container #1 is in OPEN state, but the datanode 65d24b39-69ca-4c04-8db2-5f56e7503c5d{ip: 192.168.34.35, host: pr-hdds-2334-ff2f7-1487717562, networkLocation: /default-rack, certSerialId: null} reports an CLOSED replica.
2019-10-21 08:06:35,547 [EventQueue-ContainerReportForContainerReportHandler] WARN  container.ContainerReportHandler (AbstractContainerReportHandler.java:updateContainerState(145)) - Container #1 is in OPEN state, but the datanode 2f6ec408-7fd3-48a9-91b7-234721c6dbd9{ip: 192.168.34.35, host: pr-hdds-2334-ff2f7-1487717562, networkLocation: /default-rack, certSerialId: null} reports an CLOSED replica.
2019-10-21 08:06:35,721 [EventQueue-ContainerReportForContainerReportHandler] WARN  container.ContainerReportHandler (AbstractContainerReportHandler.java:updateContainerState(145)) - Container #1 is in OPEN state, but the datanode 65d24b39-69ca-4c04-8db2-5f56e7503c5d{ip: 192.168.34.35, host: pr-hdds-2334-ff2f7-1487717562, networkLocation: /default-rack, certSerialId: null} reports an CLOSED replica.
2019-10-21 08:06:35,922 [EventQueue-ContainerReportForContainerReportHandler] WARN  container.ContainerReportHandler (AbstractContainerReportHandler.java:updateContainerState(145)) - Container #1 is in OPEN state, but the datanode 65d24b39-69ca-4c04-8db2-5f56e7503c5d{ip: 192.168.34.35, host: pr-hdds-2334-ff2f7-1487717562, networkLocation: /default-rack, certSerialId: null} reports an CLOSED replica.
2019-10-21 08:06:35,946 [EventQueue-ContainerReportForContainerReportHandler] WARN  container.ContainerReportHandler (AbstractContainerReportHandler.java:updateContainerState(145)) - Container #1 is in OPEN state, but the datanode 2f6ec408-7fd3-48a9-91b7-234721c6dbd9{ip: 192.168.34.35, host: pr-hdds-2334-ff2f7-1487717562, networkLocation: /default-rack, certSerialId: null} reports an CLOSED replica.
2019-10-21 08:06:35,973 [BlockDeletingService#2] WARN  background.BlockDeletingService (BlockDeletingService.java:isDeletionAllowed(187)) - Close Container log Index 6 is not replicated across allthe servers in the pipeline 43b28a2a-1a81-4de9-bdfa-139d7988e68a as the min replicated index is 4. Deletion is not allowed in this container yet.
2019-10-21 08:06:36,024 [BlockDeletingService#2] WARN  background.BlockDeletingService (BlockDeletingService.java:isDeletionAllowed(187)) - Close Container log Index 6 is not replicated across allthe servers in the pipeline 43b28a2a-1a81-4de9-bdfa-139d7988e68a as the min replicated index is 4. Deletion is not allowed in this container yet.
2019-10-21 08:06:36,221 [EventQueue-ContainerReportForContainerReportHandler] WARN  container.ContainerReportHandler (AbstractContainerReportHandler.java:updateContainerState(145)) - Container #1 is in OPEN state, but the datanode 65d24b39-69ca-4c04-8db2-5f56e7503c5d{ip: 192.168.34.35, host: pr-hdds-2334-ff2f7-1487717562, networkLocation: /default-rack, certSerialId: null} reports an CLOSED replica.
2019-10-21 08:06:36,246 [EventQueue-ContainerReportForContainerReportHandler] WARN  container.ContainerReportHandler (AbstractContainerReportHandler.java:updateContainerState(145)) - Container #1 is in OPEN state, but the datanode 2f6ec408-7fd3-48a9-91b7-234721c6dbd9{ip: 192.168.34.35, host: pr-hdds-2334-ff2f7-1487717562, networkLocation: /default-rack, certSerialId: null} reports an CLOSED replica.
2019-10-21 08:06:36,623 [EventQueue-ContainerReportForContainerReportHandler] WARN  container.ContainerReportHandler (AbstractContainerReportHandler.java:updateContainerState(145)) - Container #1 is in OPEN state, but the datanode 65d24b39-69ca-4c04-8db2-5f56e7503c5d{ip: 192.168.34.35, host: pr-hdds-2334-ff2f7-1487717562, networkLocation: /default-rack, certSerialId: null} reports an CLOSED replica.
2019-10-21 08:06:36,647 [EventQueue-ContainerReportForContainerReportHandler] WARN  container.ContainerReportHandler (AbstractContainerReportHandler.java:updateContainerState(145)) - Container #1 is in OPEN state, but the datanode 2f6ec408-7fd3-48a9-91b7-234721c6dbd9{ip: 192.168.34.35, host: pr-hdds-2334-ff2f7-1487717562, networkLocation: /default-rack, certSerialId: null} reports an CLOSED replica.
2019-10-21 08:06:36,824 [EventQueue-ContainerReportForContainerReportHandler] WARN  container.ContainerReportHandler (AbstractContainerReportHandler.java:updateContainerState(145)) - Container #1 is in OPEN state, but the datanode 65d24b39-69ca-4c04-8db2-5f56e7503c5d{ip: 192.168.34.35, host: pr-hdds-2334-ff2f7-1487717562, networkLocation: /default-rack, certSerialId: null} reports an CLOSED replica.
2019-10-21 08:06:36,947 [EventQueue-ContainerReportForContainerReportHandler] WARN  container.ContainerReportHandler (AbstractContainerReportHandler.java:updateContainerState(145)) - Container #1 is in OPEN state, but the datanode 2f6ec408-7fd3-48a9-91b7-234721c6dbd9{ip: 192.168.34.35, host: pr-hdds-2334-ff2f7-1487717562, networkLocation: /default-rack, certSerialId: null} reports an CLOSED replica.
2019-10-21 08:06:36,979 [BlockDeletingService#2] WARN  background.BlockDeletingService (BlockDeletingService.java:isDeletionAllowed(187)) - Close Container log Index 6 is not replicated across allthe servers in the pipeline 43b28a2a-1a81-4de9-bdfa-139d7988e68a as the min replicated index is 4. Deletion is not allowed in this container yet.
2019-10-21 08:06:37,025 [BlockDeletingService#2] WARN  background.BlockDeletingService (BlockDeletingService.java:isDeletionAllowed(187)) - Close Container log Index 6 is not replicated across allthe servers in the pipeline 43b28a2a-1a81-4de9-bdfa-139d7988e68a as the min replicated index is 4. Deletion is not allowed in this container yet.
2019-10-21 08:06:37,124 [EventQueue-ContainerReportForContainerReportHandler] WARN  container.ContainerReportHandler (AbstractContainerReportHandler.java:updateContainerState(145)) - Container #1 is in OPEN state, but the datanode 65d24b39-69ca-4c04-8db2-5f56e7503c5d{ip: 192.168.34.35, host: pr-hdds-2334-ff2f7-1487717562, networkLocation: /default-rack, certSerialId: null} reports an CLOSED replica.
2019-10-21 08:06:37,248 [EventQueue-ContainerReportForContainerReportHandler] WARN  container.ContainerReportHandler (AbstractContainerReportHandler.java:updateContainerState(145)) - Container #1 is in OPEN state, but the datanode 2f6ec408-7fd3-48a9-91b7-234721c6dbd9{ip: 192.168.34.35, host: pr-hdds-2334-ff2f7-1487717562, networkLocation: /default-rack, certSerialId: null} reports an CLOSED replica.
2019-10-21 08:06:37,425 [EventQueue-ContainerReportForContainerReportHandler] WARN  container.ContainerReportHandler (AbstractContainerReportHandler.java:updateContainerState(145)) - Container #1 is in OPEN state, but the datanode 65d24b39-69ca-4c04-8db2-5f56e7503c5d{ip: 192.168.34.35, host: pr-hdds-2334-ff2f7-1487717562, networkLocation: /default-rack, certSerialId: null} reports an CLOSED replica.
2019-10-21 08:06:37,547 [java.util.concurrent.ThreadPoolExecutor$Worker@226f36e5[State = -1, empty queue]] WARN  server.GrpcLogAppender (GrpcLogAppender.java:timeoutAppendRequest(209)) - 65d24b39-69ca-4c04-8db2-5f56e7503c5d@group-139D7988E68A->b166f5f1-a6ad-4c66-9d3e-7e796ecacb8a-GrpcLogAppender: appendEntries Timeout, request=65d24b39-69ca-4c04-8db2-5f56e7503c5d->b166f5f1-a6ad-4c66-9d3e-7e796ecacb8a#38-t4, previous=(t:4, i:10), leaderCommit=10, initializing? false, entries: <empty>
2019-10-21 08:06:37,550 [EventQueue-ContainerReportForContainerReportHandler] WARN  container.ContainerReportHandler (AbstractContainerReportHandler.java:updateContainerState(145)) - Container #1 is in OPEN state, but the datanode 2f6ec408-7fd3-48a9-91b7-234721c6dbd9{ip: 192.168.34.35, host: pr-hdds-2334-ff2f7-1487717562, networkLocation: /default-rack, certSerialId: null} reports an CLOSED replica.
2019-10-21 08:06:37,625 [EventQueue-ContainerReportForContainerReportHandler] WARN  container.ContainerReportHandler (AbstractContainerReportHandler.java:updateContainerState(145)) - Container #1 is in OPEN state, but the datanode 65d24b39-69ca-4c04-8db2-5f56e7503c5d{ip: 192.168.34.35, host: pr-hdds-2334-ff2f7-1487717562, networkLocation: /default-rack, certSerialId: null} reports an CLOSED replica.
2019-10-21 08:06:37,925 [EventQueue-ContainerReportForContainerReportHandler] WARN  container.ContainerReportHandler (AbstractContainerReportHandler.java:updateContainerState(145)) - Container #1 is in OPEN state, but the datanode 65d24b39-69ca-4c04-8db2-5f56e7503c5d{ip: 192.168.34.35, host: pr-hdds-2334-ff2f7-1487717562, networkLocation: /default-rack, certSerialId: null} reports an CLOSED replica.
2019-10-21 08:06:37,950 [EventQueue-ContainerReportForContainerReportHandler] WARN  container.ContainerReportHandler (AbstractContainerReportHandler.java:updateContainerState(145)) - Container #1 is in OPEN state, but the datanode 2f6ec408-7fd3-48a9-91b7-234721c6dbd9{ip: 192.168.34.35, host: pr-hdds-2334-ff2f7-1487717562, networkLocation: /default-rack, certSerialId: null} reports an CLOSED replica.
2019-10-21 08:06:37,981 [BlockDeletingService#2] WARN  background.BlockDeletingService (BlockDeletingService.java:isDeletionAllowed(187)) - Close Container log Index 6 is not replicated across allthe servers in the pipeline 43b28a2a-1a81-4de9-bdfa-139d7988e68a as the min replicated index is 4. Deletion is not allowed in this container yet.
2019-10-21 08:06:38,027 [BlockDeletingService#2] WARN  background.BlockDeletingService (BlockDeletingService.java:isDeletionAllowed(187)) - Close Container log Index 6 is not replicated across allthe servers in the pipeline 43b28a2a-1a81-4de9-bdfa-139d7988e68a as the min replicated index is 4. Deletion is not allowed in this container yet.
2019-10-21 08:06:38,125 [EventQueue-ContainerReportForContainerReportHandler] WARN  container.ContainerReportHandler (AbstractContainerReportHandler.java:updateContainerState(145)) - Container #1 is in OPEN state, but the datanode 65d24b39-69ca-4c04-8db2-5f56e7503c5d{ip: 192.168.34.35, host: pr-hdds-2334-ff2f7-1487717562, networkLocation: /default-rack, certSerialId: null} reports an CLOSED replica.
2019-10-21 08:06:38,201 [Thread-458] INFO  client.GrpcClientProtocolService (GrpcClientProtocolService.java:lambda$processClientRequest$0(278)) - Failed RaftClientRequest:client-771575C6CFE7->2f6ec408-7fd3-48a9-91b7-234721c6dbd9@group-139D7988E68A, cid=10, seq=0, Watch-ALL_COMMITTED(6), Message:<EMPTY>, reply=RaftClientReply:client-771575C6CFE7->2f6ec408-7fd3-48a9-91b7-234721c6dbd9@group-139D7988E68A, cid=10, FAILED org.apache.ratis.protocol.NotLeaderException: Server 2f6ec408-7fd3-48a9-91b7-234721c6dbd9@group-139D7988E68A is not the leader 65d24b39-69ca-4c04-8db2-5f56e7503c5d:192.168.34.35:45259, logIndex=0, commits[2f6ec408-7fd3-48a9-91b7-234721c6dbd9:c10, b166f5f1-a6ad-4c66-9d3e-7e796ecacb8a:c4, 65d24b39-69ca-4c04-8db2-5f56e7503c5d:c10]
2019-10-21 08:06:38,250 [EventQueue-ContainerReportForContainerReportHandler] WARN  container.ContainerReportHandler (AbstractContainerReportHandler.java:updateContainerState(145)) - Container #1 is in OPEN state, but the datanode 2f6ec408-7fd3-48a9-91b7-234721c6dbd9{ip: 192.168.34.35, host: pr-hdds-2334-ff2f7-1487717562, networkLocation: /default-rack, certSerialId: null} reports an CLOSED replica.
2019-10-21 08:06:38,325 [EventQueue-ContainerReportForContainerReportHandler] WARN  container.ContainerReportHandler (AbstractContainerReportHandler.java:updateContainerState(145)) - Container #1 is in OPEN state, but the datanode 65d24b39-69ca-4c04-8db2-5f56e7503c5d{ip: 192.168.34.35, host: pr-hdds-2334-ff2f7-1487717562, networkLocation: /default-rack, certSerialId: null} reports an CLOSED replica.
2019-10-21 08:06:38,551 [EventQueue-ContainerReportForContainerReportHandler] WARN  container.ContainerReportHandler (AbstractContainerReportHandler.java:updateContainerState(145)) - Container #1 is in OPEN state, but the datanode 2f6ec408-7fd3-48a9-91b7-234721c6dbd9{ip: 192.168.34.35, host: pr-hdds-2334-ff2f7-1487717562, networkLocation: /default-rack, certSerialId: null} reports an CLOSED replica.
2019-10-21 08:06:38,626 [EventQueue-ContainerReportForContainerReportHandler] WARN  container.ContainerReportHandler (AbstractContainerReportHandler.java:updateContainerState(145)) - Container #1 is in OPEN state, but the datanode 65d24b39-69ca-4c04-8db2-5f56e7503c5d{ip: 192.168.34.35, host: pr-hdds-2334-ff2f7-1487717562, networkLocation: /default-rack, certSerialId: null} reports an CLOSED replica.
2019-10-21 08:06:38,751 [EventQueue-ContainerReportForContainerReportHandler] WARN  container.ContainerReportHandler (AbstractContainerReportHandler.java:updateContainerState(145)) - Container #1 is in OPEN state, but the datanode 2f6ec408-7fd3-48a9-91b7-234721c6dbd9{ip: 192.168.34.35, host: pr-hdds-2334-ff2f7-1487717562, networkLocation: /default-rack, certSerialId: null} reports an CLOSED replica.
2019-10-21 08:06:38,983 [BlockDeletingService#2] WARN  background.BlockDeletingService (BlockDeletingService.java:isDeletionAllowed(187)) - Close Container log Index 6 is not replicated across allthe servers in the pipeline 43b28a2a-1a81-4de9-bdfa-139d7988e68a as the min replicated index is 4. Deletion is not allowed in this container yet.
2019-10-21 08:06:39,027 [EventQueue-ContainerReportForContainerReportHandler] WARN  container.ContainerReportHandler (AbstractContainerReportHandler.java:updateContainerState(145)) - Container #1 is in OPEN state, but the datanode 65d24b39-69ca-4c04-8db2-5f56e7503c5d{ip: 192.168.34.35, host: pr-hdds-2334-ff2f7-1487717562, networkLocation: /default-rack, certSerialId: null} reports an CLOSED replica.
2019-10-21 08:06:39,028 [BlockDeletingService#2] WARN  background.BlockDeletingService (BlockDeletingService.java:isDeletionAllowed(187)) - Close Container log Index 6 is not replicated across allthe servers in the pipeline 43b28a2a-1a81-4de9-bdfa-139d7988e68a as the min replicated index is 4. Deletion is not allowed in this container yet.
2019-10-21 08:06:39,051 [EventQueue-ContainerReportForContainerReportHandler] WARN  container.ContainerReportHandler (AbstractContainerReportHandler.java:updateContainerState(145)) - Container #1 is in OPEN state, but the datanode 2f6ec408-7fd3-48a9-91b7-234721c6dbd9{ip: 192.168.34.35, host: pr-hdds-2334-ff2f7-1487717562, networkLocation: /default-rack, certSerialId: null} reports an CLOSED replica.
2019-10-21 08:06:39,227 [EventQueue-ContainerReportForContainerReportHandler] WARN  container.ContainerReportHandler (AbstractContainerReportHandler.java:updateContainerState(145)) - Container #1 is in OPEN state, but the datanode 65d24b39-69ca-4c04-8db2-5f56e7503c5d{ip: 192.168.34.35, host: pr-hdds-2334-ff2f7-1487717562, networkLocation: /default-rack, certSerialId: null} reports an CLOSED replica.
2019-10-21 08:06:39,450 [EventQueue-ContainerReportForContainerReportHandler] WARN  container.ContainerReportHandler (AbstractContainerReportHandler.java:updateContainerState(145)) - Container #1 is in OPEN state, but the datanode 2f6ec408-7fd3-48a9-91b7-234721c6dbd9{ip: 192.168.34.35, host: pr-hdds-2334-ff2f7-1487717562, networkLocation: /default-rack, certSerialId: null} reports an CLOSED replica.
2019-10-21 08:06:39,528 [EventQueue-ContainerReportForContainerReportHandler] WARN  container.ContainerReportHandler (AbstractContainerReportHandler.java:updateContainerState(145)) - Container #1 is in OPEN state, but the datanode 65d24b39-69ca-4c04-8db2-5f56e7503c5d{ip: 192.168.34.35, host: pr-hdds-2334-ff2f7-1487717562, networkLocation: /default-rack, certSerialId: null} reports an CLOSED replica.
2019-10-21 08:06:39,650 [EventQueue-ContainerReportForContainerReportHandler] WARN  container.ContainerReportHandler (AbstractContainerReportHandler.java:updateContainerState(145)) - Container #1 is in OPEN state, but the datanode 2f6ec408-7fd3-48a9-91b7-234721c6dbd9{ip: 192.168.34.35, host: pr-hdds-2334-ff2f7-1487717562, networkLocation: /default-rack, certSerialId: null} reports an CLOSED replica.
2019-10-21 08:06:39,729 [EventQueue-ContainerReportForContainerReportHandler] WARN  container.ContainerReportHandler (AbstractContainerReportHandler.java:updateContainerState(145)) - Container #1 is in OPEN state, but the datanode 65d24b39-69ca-4c04-8db2-5f56e7503c5d{ip: 192.168.34.35, host: pr-hdds-2334-ff2f7-1487717562, networkLocation: /default-rack, certSerialId: null} reports an CLOSED replica.
2019-10-21 08:06:39,755 [Thread-464] INFO  client.GrpcClientProtocolService (GrpcClientProtocolService.java:lambda$processClientRequest$0(278)) - Failed RaftClientRequest:client-771575C6CFE7->65d24b39-69ca-4c04-8db2-5f56e7503c5d@group-139D7988E68A, cid=10, seq=0, Watch-ALL_COMMITTED(6), Message:<EMPTY>, reply=RaftClientReply:client-771575C6CFE7->65d24b39-69ca-4c04-8db2-5f56e7503c5d@group-139D7988E68A, cid=10, FAILED org.apache.ratis.protocol.NotReplicatedException: Request with call Id 10 and log index 6 is not yet replicated to ALL_COMMITTED, logIndex=6, commits[65d24b39-69ca-4c04-8db2-5f56e7503c5d:c10, b166f5f1-a6ad-4c66-9d3e-7e796ecacb8a:c4, 2f6ec408-7fd3-48a9-91b7-234721c6dbd9:c10]
2019-10-21 08:06:39,951 [EventQueue-ContainerReportForContainerReportHandler] WARN  container.ContainerReportHandler (AbstractContainerReportHandler.java:updateContainerState(145)) - Container #1 is in OPEN state, but the datanode 2f6ec408-7fd3-48a9-91b7-234721c6dbd9{ip: 192.168.34.35, host: pr-hdds-2334-ff2f7-1487717562, networkLocation: /default-rack, certSerialId: null} reports an CLOSED replica.
2019-10-21 08:06:39,987 [BlockDeletingService#2] WARN  background.BlockDeletingService (BlockDeletingService.java:isDeletionAllowed(187)) - Close Container log Index 6 is not replicated across allthe servers in the pipeline 43b28a2a-1a81-4de9-bdfa-139d7988e68a as the min replicated index is 4. Deletion is not allowed in this container yet.
2019-10-21 08:06:40,028 [EventQueue-ContainerReportForContainerReportHandler] WARN  container.ContainerReportHandler (AbstractContainerReportHandler.java:updateContainerState(145)) - Container #1 is in OPEN state, but the datanode 65d24b39-69ca-4c04-8db2-5f56e7503c5d{ip: 192.168.34.35, host: pr-hdds-2334-ff2f7-1487717562, networkLocation: /default-rack, certSerialId: null} reports an CLOSED replica.
2019-10-21 08:06:40,030 [BlockDeletingService#2] WARN  background.BlockDeletingService (BlockDeletingService.java:isDeletionAllowed(187)) - Close Container log Index 6 is not replicated across allthe servers in the pipeline 43b28a2a-1a81-4de9-bdfa-139d7988e68a as the min replicated index is 4. Deletion is not allowed in this container yet.
2019-10-21 08:06:40,049 [java.util.concurrent.ThreadPoolExecutor$Worker@226f36e5[State = -1, empty queue]] WARN  server.GrpcLogAppender (GrpcLogAppender.java:timeoutAppendRequest(209)) - 65d24b39-69ca-4c04-8db2-5f56e7503c5d@group-139D7988E68A->b166f5f1-a6ad-4c66-9d3e-7e796ecacb8a-GrpcLogAppender: appendEntries Timeout, request=65d24b39-69ca-4c04-8db2-5f56e7503c5d->b166f5f1-a6ad-4c66-9d3e-7e796ecacb8a#39-t4, previous=(t:4, i:10), leaderCommit=10, initializing? false, entries: <empty>
2019-10-21 08:06:40,252 [EventQueue-ContainerReportForContainerReportHandler] WARN  container.ContainerReportHandler (AbstractContainerReportHandler.java:updateContainerState(145)) - Container #1 is in OPEN state, but the datanode 2f6ec408-7fd3-48a9-91b7-234721c6dbd9{ip: 192.168.34.35, host: pr-hdds-2334-ff2f7-1487717562, networkLocation: /default-rack, certSerialId: null} reports an CLOSED replica.
2019-10-21 08:06:40,330 [EventQueue-ContainerReportForContainerReportHandler] WARN  container.ContainerReportHandler (AbstractContainerReportHandler.java:updateContainerState(145)) - Container #1 is in OPEN state, but the datanode 65d24b39-69ca-4c04-8db2-5f56e7503c5d{ip: 192.168.34.35, host: pr-hdds-2334-ff2f7-1487717562, networkLocation: /default-rack, certSerialId: null} reports an CLOSED replica.
2019-10-21 08:06:40,552 [EventQueue-ContainerReportForContainerReportHandler] WARN  container.ContainerReportHandler (AbstractContainerReportHandler.java:updateContainerState(145)) - Container #1 is in OPEN state, but the datanode 2f6ec408-7fd3-48a9-91b7-234721c6dbd9{ip: 192.168.34.35, host: pr-hdds-2334-ff2f7-1487717562, networkLocation: /default-rack, certSerialId: null} reports an CLOSED replica.
2019-10-21 08:06:40,730 [EventQueue-ContainerReportForContainerReportHandler] WARN  container.ContainerReportHandler (AbstractContainerReportHandler.java:updateContainerState(145)) - Container #1 is in OPEN state, but the datanode 65d24b39-69ca-4c04-8db2-5f56e7503c5d{ip: 192.168.34.35, host: pr-hdds-2334-ff2f7-1487717562, networkLocation: /default-rack, certSerialId: null} reports an CLOSED replica.
2019-10-21 08:06:40,930 [EventQueue-ContainerReportForContainerReportHandler] WARN  container.ContainerReportHandler (AbstractContainerReportHandler.java:updateContainerState(145)) - Container #1 is in OPEN state, but the datanode 65d24b39-69ca-4c04-8db2-5f56e7503c5d{ip: 192.168.34.35, host: pr-hdds-2334-ff2f7-1487717562, networkLocation: /default-rack, certSerialId: null} reports an CLOSED replica.
2019-10-21 08:06:40,952 [EventQueue-ContainerReportForContainerReportHandler] WARN  container.ContainerReportHandler (AbstractContainerReportHandler.java:updateContainerState(145)) - Container #1 is in OPEN state, but the datanode 2f6ec408-7fd3-48a9-91b7-234721c6dbd9{ip: 192.168.34.35, host: pr-hdds-2334-ff2f7-1487717562, networkLocation: /default-rack, certSerialId: null} reports an CLOSED replica.
2019-10-21 08:06:40,990 [BlockDeletingService#2] WARN  background.BlockDeletingService (BlockDeletingService.java:isDeletionAllowed(187)) - Close Container log Index 6 is not replicated across allthe servers in the pipeline 43b28a2a-1a81-4de9-bdfa-139d7988e68a as the min replicated index is 4. Deletion is not allowed in this container yet.
2019-10-21 08:06:41,031 [BlockDeletingService#2] WARN  background.BlockDeletingService (BlockDeletingService.java:isDeletionAllowed(187)) - Close Container log Index 6 is not replicated across allthe servers in the pipeline 43b28a2a-1a81-4de9-bdfa-139d7988e68a as the min replicated index is 4. Deletion is not allowed in this container yet.
2019-10-21 08:06:41,152 [EventQueue-ContainerReportForContainerReportHandler] WARN  container.ContainerReportHandler (AbstractContainerReportHandler.java:updateContainerState(145)) - Container #1 is in OPEN state, but the datanode 2f6ec408-7fd3-48a9-91b7-234721c6dbd9{ip: 192.168.34.35, host: pr-hdds-2334-ff2f7-1487717562, networkLocation: /default-rack, certSerialId: null} reports an CLOSED replica.
2019-10-21 08:06:41,230 [EventQueue-ContainerReportForContainerReportHandler] WARN  container.ContainerReportHandler (AbstractContainerReportHandler.java:updateContainerState(145)) - Container #1 is in OPEN state, but the datanode 65d24b39-69ca-4c04-8db2-5f56e7503c5d{ip: 192.168.34.35, host: pr-hdds-2334-ff2f7-1487717562, networkLocation: /default-rack, certSerialId: null} reports an CLOSED replica.
2019-10-21 08:06:41,452 [EventQueue-ContainerReportForContainerReportHandler] WARN  container.ContainerReportHandler (AbstractContainerReportHandler.java:updateContainerState(145)) - Container #1 is in OPEN state, but the datanode 2f6ec408-7fd3-48a9-91b7-234721c6dbd9{ip: 192.168.34.35, host: pr-hdds-2334-ff2f7-1487717562, networkLocation: /default-rack, certSerialId: null} reports an CLOSED replica.
2019-10-21 08:06:41,531 [EventQueue-ContainerReportForContainerReportHandler] WARN  container.ContainerReportHandler (AbstractContainerReportHandler.java:updateContainerState(145)) - Container #1 is in OPEN state, but the datanode 65d24b39-69ca-4c04-8db2-5f56e7503c5d{ip: 192.168.34.35, host: pr-hdds-2334-ff2f7-1487717562, networkLocation: /default-rack, certSerialId: null} reports an CLOSED replica.
2019-10-21 08:06:41,831 [EventQueue-ContainerReportForContainerReportHandler] WARN  container.ContainerReportHandler (AbstractContainerReportHandler.java:updateContainerState(145)) - Container #1 is in OPEN state, but the datanode 65d24b39-69ca-4c04-8db2-5f56e7503c5d{ip: 192.168.34.35, host: pr-hdds-2334-ff2f7-1487717562, networkLocation: /default-rack, certSerialId: null} reports an CLOSED replica.
2019-10-21 08:06:41,852 [EventQueue-ContainerReportForContainerReportHandler] WARN  container.ContainerReportHandler (AbstractContainerReportHandler.java:updateContainerState(145)) - Container #1 is in OPEN state, but the datanode 2f6ec408-7fd3-48a9-91b7-234721c6dbd9{ip: 192.168.34.35, host: pr-hdds-2334-ff2f7-1487717562, networkLocation: /default-rack, certSerialId: null} reports an CLOSED replica.
2019-10-21 08:06:41,992 [BlockDeletingService#2] WARN  background.BlockDeletingService (BlockDeletingService.java:isDeletionAllowed(187)) - Close Container log Index 6 is not replicated across allthe servers in the pipeline 43b28a2a-1a81-4de9-bdfa-139d7988e68a as the min replicated index is 4. Deletion is not allowed in this container yet.
2019-10-21 08:06:42,033 [BlockDeletingService#2] WARN  background.BlockDeletingService (BlockDeletingService.java:isDeletionAllowed(187)) - Close Container log Index 6 is not replicated across allthe servers in the pipeline 43b28a2a-1a81-4de9-bdfa-139d7988e68a as the min replicated index is 4. Deletion is not allowed in this container yet.
2019-10-21 08:06:42,153 [EventQueue-ContainerReportForContainerReportHandler] WARN  container.ContainerReportHandler (AbstractContainerReportHandler.java:updateContainerState(145)) - Container #1 is in OPEN state, but the datanode 2f6ec408-7fd3-48a9-91b7-234721c6dbd9{ip: 192.168.34.35, host: pr-hdds-2334-ff2f7-1487717562, networkLocation: /default-rack, certSerialId: null} reports an CLOSED replica.
2019-10-21 08:06:42,233 [EventQueue-ContainerReportForContainerReportHandler] WARN  container.ContainerReportHandler (AbstractContainerReportHandler.java:updateContainerState(145)) - Container #1 is in OPEN state, but the datanode 65d24b39-69ca-4c04-8db2-5f56e7503c5d{ip: 192.168.34.35, host: pr-hdds-2334-ff2f7-1487717562, networkLocation: /default-rack, certSerialId: null} reports an CLOSED replica.
2019-10-21 08:06:42,534 [EventQueue-ContainerReportForContainerReportHandler] WARN  container.ContainerReportHandler (AbstractContainerReportHandler.java:updateContainerState(145)) - Container #1 is in OPEN state, but the datanode 65d24b39-69ca-4c04-8db2-5f56e7503c5d{ip: 192.168.34.35, host: pr-hdds-2334-ff2f7-1487717562, networkLocation: /default-rack, certSerialId: null} reports an CLOSED replica.
2019-10-21 08:06:42,550 [java.util.concurrent.ThreadPoolExecutor$Worker@226f36e5[State = -1, empty queue]] WARN  server.GrpcLogAppender (GrpcLogAppender.java:timeoutAppendRequest(209)) - 65d24b39-69ca-4c04-8db2-5f56e7503c5d@group-139D7988E68A->b166f5f1-a6ad-4c66-9d3e-7e796ecacb8a-GrpcLogAppender: appendEntries Timeout, request=65d24b39-69ca-4c04-8db2-5f56e7503c5d->b166f5f1-a6ad-4c66-9d3e-7e796ecacb8a#40-t4, previous=(t:4, i:10), leaderCommit=10, initializing? false, entries: <empty>
2019-10-21 08:06:42,554 [EventQueue-ContainerReportForContainerReportHandler] WARN  container.ContainerReportHandler (AbstractContainerReportHandler.java:updateContainerState(145)) - Container #1 is in OPEN state, but the datanode 2f6ec408-7fd3-48a9-91b7-234721c6dbd9{ip: 192.168.34.35, host: pr-hdds-2334-ff2f7-1487717562, networkLocation: /default-rack, certSerialId: null} reports an CLOSED replica.
2019-10-21 08:06:42,833 [EventQueue-ContainerReportForContainerReportHandler] WARN  container.ContainerReportHandler (AbstractContainerReportHandler.java:updateContainerState(145)) - Container #1 is in OPEN state, but the datanode 65d24b39-69ca-4c04-8db2-5f56e7503c5d{ip: 192.168.34.35, host: pr-hdds-2334-ff2f7-1487717562, networkLocation: /default-rack, certSerialId: null} reports an CLOSED replica.
2019-10-21 08:06:42,854 [EventQueue-ContainerReportForContainerReportHandler] WARN  container.ContainerReportHandler (AbstractContainerReportHandler.java:updateContainerState(145)) - Container #1 is in OPEN state, but the datanode 2f6ec408-7fd3-48a9-91b7-234721c6dbd9{ip: 192.168.34.35, host: pr-hdds-2334-ff2f7-1487717562, networkLocation: /default-rack, certSerialId: null} reports an CLOSED replica.
2019-10-21 08:06:42,993 [BlockDeletingService#2] WARN  background.BlockDeletingService (BlockDeletingService.java:isDeletionAllowed(187)) - Close Container log Index 6 is not replicated across allthe servers in the pipeline 43b28a2a-1a81-4de9-bdfa-139d7988e68a as the min replicated index is 4. Deletion is not allowed in this container yet.
2019-10-21 08:06:43,034 [BlockDeletingService#2] WARN  background.BlockDeletingService (BlockDeletingService.java:isDeletionAllowed(187)) - Close Container log Index 6 is not replicated across allthe servers in the pipeline 43b28a2a-1a81-4de9-bdfa-139d7988e68a as the min replicated index is 4. Deletion is not allowed in this container yet.
2019-10-21 08:06:43,135 [EventQueue-ContainerReportForContainerReportHandler] WARN  container.ContainerReportHandler (AbstractContainerReportHandler.java:updateContainerState(145)) - Container #1 is in OPEN state, but the datanode 65d24b39-69ca-4c04-8db2-5f56e7503c5d{ip: 192.168.34.35, host: pr-hdds-2334-ff2f7-1487717562, networkLocation: /default-rack, certSerialId: null} reports an CLOSED replica.
2019-10-21 08:06:43,155 [EventQueue-ContainerReportForContainerReportHandler] WARN  container.ContainerReportHandler (AbstractContainerReportHandler.java:updateContainerState(145)) - Container #1 is in OPEN state, but the datanode 2f6ec408-7fd3-48a9-91b7-234721c6dbd9{ip: 192.168.34.35, host: pr-hdds-2334-ff2f7-1487717562, networkLocation: /default-rack, certSerialId: null} reports an CLOSED replica.
2019-10-21 08:06:43,456 [EventQueue-ContainerReportForContainerReportHandler] WARN  container.ContainerReportHandler (AbstractContainerReportHandler.java:updateContainerState(145)) - Container #1 is in OPEN state, but the datanode 2f6ec408-7fd3-48a9-91b7-234721c6dbd9{ip: 192.168.34.35, host: pr-hdds-2334-ff2f7-1487717562, networkLocation: /default-rack, certSerialId: null} reports an CLOSED replica.
2019-10-21 08:06:43,535 [EventQueue-ContainerReportForContainerReportHandler] WARN  container.ContainerReportHandler (AbstractContainerReportHandler.java:updateContainerState(145)) - Container #1 is in OPEN state, but the datanode 65d24b39-69ca-4c04-8db2-5f56e7503c5d{ip: 192.168.34.35, host: pr-hdds-2334-ff2f7-1487717562, networkLocation: /default-rack, certSerialId: null} reports an CLOSED replica.
2019-10-21 08:06:43,757 [EventQueue-ContainerReportForContainerReportHandler] WARN  container.ContainerReportHandler (AbstractContainerReportHandler.java:updateContainerState(145)) - Container #1 is in OPEN state, but the datanode 2f6ec408-7fd3-48a9-91b7-234721c6dbd9{ip: 192.168.34.35, host: pr-hdds-2334-ff2f7-1487717562, networkLocation: /default-rack, certSerialId: null} reports an CLOSED replica.
2019-10-21 08:06:43,835 [EventQueue-ContainerReportForContainerReportHandler] WARN  container.ContainerReportHandler (AbstractContainerReportHandler.java:updateContainerState(145)) - Container #1 is in OPEN state, but the datanode 65d24b39-69ca-4c04-8db2-5f56e7503c5d{ip: 192.168.34.35, host: pr-hdds-2334-ff2f7-1487717562, networkLocation: /default-rack, certSerialId: null} reports an CLOSED replica.
2019-10-21 08:06:43,995 [BlockDeletingService#2] WARN  background.BlockDeletingService (BlockDeletingService.java:isDeletionAllowed(187)) - Close Container log Index 6 is not replicated across allthe servers in the pipeline 43b28a2a-1a81-4de9-bdfa-139d7988e68a as the min replicated index is 4. Deletion is not allowed in this container yet.
2019-10-21 08:06:44,035 [BlockDeletingService#2] WARN  background.BlockDeletingService (BlockDeletingService.java:isDeletionAllowed(187)) - Close Container log Index 6 is not replicated across allthe servers in the pipeline 43b28a2a-1a81-4de9-bdfa-139d7988e68a as the min replicated index is 4. Deletion is not allowed in this container yet.
2019-10-21 08:06:44,057 [EventQueue-ContainerReportForContainerReportHandler] WARN  container.ContainerReportHandler (AbstractContainerReportHandler.java:updateContainerState(145)) - Container #1 is in OPEN state, but the datanode 2f6ec408-7fd3-48a9-91b7-234721c6dbd9{ip: 192.168.34.35, host: pr-hdds-2334-ff2f7-1487717562, networkLocation: /default-rack, certSerialId: null} reports an CLOSED replica.
2019-10-21 08:06:44,236 [EventQueue-ContainerReportForContainerReportHandler] WARN  container.ContainerReportHandler (AbstractContainerReportHandler.java:updateContainerState(145)) - Container #1 is in OPEN state, but the datanode 65d24b39-69ca-4c04-8db2-5f56e7503c5d{ip: 192.168.34.35, host: pr-hdds-2334-ff2f7-1487717562, networkLocation: /default-rack, certSerialId: null} reports an CLOSED replica.
2019-10-21 08:06:44,258 [EventQueue-ContainerReportForContainerReportHandler] WARN  container.ContainerReportHandler (AbstractContainerReportHandler.java:updateContainerState(145)) - Container #1 is in OPEN state, but the datanode 2f6ec408-7fd3-48a9-91b7-234721c6dbd9{ip: 192.168.34.35, host: pr-hdds-2334-ff2f7-1487717562, networkLocation: /default-rack, certSerialId: null} reports an CLOSED replica.
2019-10-21 08:06:44,436 [EventQueue-ContainerReportForContainerReportHandler] WARN  container.ContainerReportHandler (AbstractContainerReportHandler.java:updateContainerState(145)) - Container #1 is in OPEN state, but the datanode 65d24b39-69ca-4c04-8db2-5f56e7503c5d{ip: 192.168.34.35, host: pr-hdds-2334-ff2f7-1487717562, networkLocation: /default-rack, certSerialId: null} reports an CLOSED replica.
2019-10-21 08:06:44,659 [EventQueue-ContainerReportForContainerReportHandler] WARN  container.ContainerReportHandler (AbstractContainerReportHandler.java:updateContainerState(145)) - Container #1 is in OPEN state, but the datanode 2f6ec408-7fd3-48a9-91b7-234721c6dbd9{ip: 192.168.34.35, host: pr-hdds-2334-ff2f7-1487717562, networkLocation: /default-rack, certSerialId: null} reports an CLOSED replica.
2019-10-21 08:06:44,736 [EventQueue-ContainerReportForContainerReportHandler] WARN  container.ContainerReportHandler (AbstractContainerReportHandler.java:updateContainerState(145)) - Container #1 is in OPEN state, but the datanode 65d24b39-69ca-4c04-8db2-5f56e7503c5d{ip: 192.168.34.35, host: pr-hdds-2334-ff2f7-1487717562, networkLocation: /default-rack, certSerialId: null} reports an CLOSED replica.
2019-10-21 08:06:44,859 [EventQueue-ContainerReportForContainerReportHandler] WARN  container.ContainerReportHandler (AbstractContainerReportHandler.java:updateContainerState(145)) - Container #1 is in OPEN state, but the datanode 2f6ec408-7fd3-48a9-91b7-234721c6dbd9{ip: 192.168.34.35, host: pr-hdds-2334-ff2f7-1487717562, networkLocation: /default-rack, certSerialId: null} reports an CLOSED replica.
2019-10-21 08:06:44,997 [BlockDeletingService#0] WARN  background.BlockDeletingService (BlockDeletingService.java:isDeletionAllowed(187)) - Close Container log Index 6 is not replicated across allthe servers in the pipeline 43b28a2a-1a81-4de9-bdfa-139d7988e68a as the min replicated index is 4. Deletion is not allowed in this container yet.
2019-10-21 08:06:45,036 [EventQueue-ContainerReportForContainerReportHandler] WARN  container.ContainerReportHandler (AbstractContainerReportHandler.java:updateContainerState(145)) - Container #1 is in OPEN state, but the datanode 65d24b39-69ca-4c04-8db2-5f56e7503c5d{ip: 192.168.34.35, host: pr-hdds-2334-ff2f7-1487717562, networkLocation: /default-rack, certSerialId: null} reports an CLOSED replica.
2019-10-21 08:06:45,037 [BlockDeletingService#2] WARN  background.BlockDeletingService (BlockDeletingService.java:isDeletionAllowed(187)) - Close Container log Index 6 is not replicated across allthe servers in the pipeline 43b28a2a-1a81-4de9-bdfa-139d7988e68a as the min replicated index is 4. Deletion is not allowed in this container yet.
2019-10-21 08:06:45,051 [java.util.concurrent.ThreadPoolExecutor$Worker@226f36e5[State = -1, empty queue]] WARN  server.GrpcLogAppender (GrpcLogAppender.java:timeoutAppendRequest(209)) - 65d24b39-69ca-4c04-8db2-5f56e7503c5d@group-139D7988E68A->b166f5f1-a6ad-4c66-9d3e-7e796ecacb8a-GrpcLogAppender: appendEntries Timeout, request=65d24b39-69ca-4c04-8db2-5f56e7503c5d->b166f5f1-a6ad-4c66-9d3e-7e796ecacb8a#41-t4, previous=(t:4, i:10), leaderCommit=10, initializing? false, entries: <empty>
2019-10-21 08:06:45,159 [EventQueue-ContainerReportForContainerReportHandler] WARN  container.ContainerReportHandler (AbstractContainerReportHandler.java:updateContainerState(145)) - Container #1 is in OPEN state, but the datanode 2f6ec408-7fd3-48a9-91b7-234721c6dbd9{ip: 192.168.34.35, host: pr-hdds-2334-ff2f7-1487717562, networkLocation: /default-rack, certSerialId: null} reports an CLOSED replica.
2019-10-21 08:06:45,338 [EventQueue-ContainerReportForContainerReportHandler] WARN  container.ContainerReportHandler (AbstractContainerReportHandler.java:updateContainerState(145)) - Container #1 is in OPEN state, but the datanode 65d24b39-69ca-4c04-8db2-5f56e7503c5d{ip: 192.168.34.35, host: pr-hdds-2334-ff2f7-1487717562, networkLocation: /default-rack, certSerialId: null} reports an CLOSED replica.
2019-10-21 08:06:45,459 [EventQueue-ContainerReportForContainerReportHandler] WARN  container.ContainerReportHandler (AbstractContainerReportHandler.java:updateContainerState(145)) - Container #1 is in OPEN state, but the datanode 2f6ec408-7fd3-48a9-91b7-234721c6dbd9{ip: 192.168.34.35, host: pr-hdds-2334-ff2f7-1487717562, networkLocation: /default-rack, certSerialId: null} reports an CLOSED replica.
2019-10-21 08:06:45,638 [EventQueue-ContainerReportForContainerReportHandler] WARN  container.ContainerReportHandler (AbstractContainerReportHandler.java:updateContainerState(145)) - Container #1 is in OPEN state, but the datanode 65d24b39-69ca-4c04-8db2-5f56e7503c5d{ip: 192.168.34.35, host: pr-hdds-2334-ff2f7-1487717562, networkLocation: /default-rack, certSerialId: null} reports an CLOSED replica.
2019-10-21 08:06:45,838 [EventQueue-ContainerReportForContainerReportHandler] WARN  container.ContainerReportHandler (AbstractContainerReportHandler.java:updateContainerState(145)) - Container #1 is in OPEN state, but the datanode 65d24b39-69ca-4c04-8db2-5f56e7503c5d{ip: 192.168.34.35, host: pr-hdds-2334-ff2f7-1487717562, networkLocation: /default-rack, certSerialId: null} reports an CLOSED replica.
2019-10-21 08:06:45,859 [EventQueue-ContainerReportForContainerReportHandler] WARN  container.ContainerReportHandler (AbstractContainerReportHandler.java:updateContainerState(145)) - Container #1 is in OPEN state, but the datanode 2f6ec408-7fd3-48a9-91b7-234721c6dbd9{ip: 192.168.34.35, host: pr-hdds-2334-ff2f7-1487717562, networkLocation: /default-rack, certSerialId: null} reports an CLOSED replica.
2019-10-21 08:06:45,998 [BlockDeletingService#0] WARN  background.BlockDeletingService (BlockDeletingService.java:isDeletionAllowed(187)) - Close Container log Index 6 is not replicated across allthe servers in the pipeline 43b28a2a-1a81-4de9-bdfa-139d7988e68a as the min replicated index is 4. Deletion is not allowed in this container yet.
2019-10-21 08:06:46,038 [BlockDeletingService#2] WARN  background.BlockDeletingService (BlockDeletingService.java:isDeletionAllowed(187)) - Close Container log Index 6 is not replicated across allthe servers in the pipeline 43b28a2a-1a81-4de9-bdfa-139d7988e68a as the min replicated index is 4. Deletion is not allowed in this container yet.
2019-10-21 08:06:46,160 [EventQueue-ContainerReportForContainerReportHandler] WARN  container.ContainerReportHandler (AbstractContainerReportHandler.java:updateContainerState(145)) - Container #1 is in OPEN state, but the datanode 2f6ec408-7fd3-48a9-91b7-234721c6dbd9{ip: 192.168.34.35, host: pr-hdds-2334-ff2f7-1487717562, networkLocation: /default-rack, certSerialId: null} reports an CLOSED replica.
2019-10-21 08:06:46,237 [EventQueue-ContainerReportForContainerReportHandler] WARN  container.ContainerReportHandler (AbstractContainerReportHandler.java:updateContainerState(145)) - Container #1 is in OPEN state, but the datanode 65d24b39-69ca-4c04-8db2-5f56e7503c5d{ip: 192.168.34.35, host: pr-hdds-2334-ff2f7-1487717562, networkLocation: /default-rack, certSerialId: null} reports an CLOSED replica.
2019-10-21 08:06:46,440 [EventQueue-ContainerReportForContainerReportHandler] WARN  container.ContainerReportHandler (AbstractContainerReportHandler.java:updateContainerState(145)) - Container #1 is in OPEN state, but the datanode 65d24b39-69ca-4c04-8db2-5f56e7503c5d{ip: 192.168.34.35, host: pr-hdds-2334-ff2f7-1487717562, networkLocation: /default-rack, certSerialId: null} reports an CLOSED replica.
2019-10-21 08:06:46,460 [EventQueue-ContainerReportForContainerReportHandler] WARN  container.ContainerReportHandler (AbstractContainerReportHandler.java:updateContainerState(145)) - Container #1 is in OPEN state, but the datanode 2f6ec408-7fd3-48a9-91b7-234721c6dbd9{ip: 192.168.34.35, host: pr-hdds-2334-ff2f7-1487717562, networkLocation: /default-rack, certSerialId: null} reports an CLOSED replica.
2019-10-21 08:06:46,761 [EventQueue-ContainerReportForContainerReportHandler] WARN  container.ContainerReportHandler (AbstractContainerReportHandler.java:updateContainerState(145)) - Container #1 is in OPEN state, but the datanode 2f6ec408-7fd3-48a9-91b7-234721c6dbd9{ip: 192.168.34.35, host: pr-hdds-2334-ff2f7-1487717562, networkLocation: /default-rack, certSerialId: null} reports an CLOSED replica.
2019-10-21 08:06:46,839 [EventQueue-ContainerReportForContainerReportHandler] WARN  container.ContainerReportHandler (AbstractContainerReportHandler.java:updateContainerState(145)) - Container #1 is in OPEN state, but the datanode 65d24b39-69ca-4c04-8db2-5f56e7503c5d{ip: 192.168.34.35, host: pr-hdds-2334-ff2f7-1487717562, networkLocation: /default-rack, certSerialId: null} reports an CLOSED replica.
2019-10-21 08:06:47,001 [BlockDeletingService#0] WARN  background.BlockDeletingService (BlockDeletingService.java:isDeletionAllowed(187)) - Close Container log Index 6 is not replicated across allthe servers in the pipeline 43b28a2a-1a81-4de9-bdfa-139d7988e68a as the min replicated index is 4. Deletion is not allowed in this container yet.
2019-10-21 08:06:47,039 [EventQueue-ContainerReportForContainerReportHandler] WARN  container.ContainerReportHandler (AbstractContainerReportHandler.java:updateContainerState(145)) - Container #1 is in OPEN state, but the datanode 65d24b39-69ca-4c04-8db2-5f56e7503c5d{ip: 192.168.34.35, host: pr-hdds-2334-ff2f7-1487717562, networkLocation: /default-rack, certSerialId: null} reports an CLOSED replica.
2019-10-21 08:06:47,040 [BlockDeletingService#2] WARN  background.BlockDeletingService (BlockDeletingService.java:isDeletionAllowed(187)) - Close Container log Index 6 is not replicated across allthe servers in the pipeline 43b28a2a-1a81-4de9-bdfa-139d7988e68a as the min replicated index is 4. Deletion is not allowed in this container yet.
2019-10-21 08:06:47,061 [EventQueue-ContainerReportForContainerReportHandler] WARN  container.ContainerReportHandler (AbstractContainerReportHandler.java:updateContainerState(145)) - Container #1 is in OPEN state, but the datanode 2f6ec408-7fd3-48a9-91b7-234721c6dbd9{ip: 192.168.34.35, host: pr-hdds-2334-ff2f7-1487717562, networkLocation: /default-rack, certSerialId: null} reports an CLOSED replica.
2019-10-21 08:06:47,239 [EventQueue-ContainerReportForContainerReportHandler] WARN  container.ContainerReportHandler (AbstractContainerReportHandler.java:updateContainerState(145)) - Container #1 is in OPEN state, but the datanode 65d24b39-69ca-4c04-8db2-5f56e7503c5d{ip: 192.168.34.35, host: pr-hdds-2334-ff2f7-1487717562, networkLocation: /default-rack, certSerialId: null} reports an CLOSED replica.
2019-10-21 08:06:47,260 [EventQueue-ContainerReportForContainerReportHandler] WARN  container.ContainerReportHandler (AbstractContainerReportHandler.java:updateContainerState(145)) - Container #1 is in OPEN state, but the datanode 2f6ec408-7fd3-48a9-91b7-234721c6dbd9{ip: 192.168.34.35, host: pr-hdds-2334-ff2f7-1487717562, networkLocation: /default-rack, certSerialId: null} reports an CLOSED replica.
2019-10-21 08:06:47,552 [java.util.concurrent.ThreadPoolExecutor$Worker@226f36e5[State = -1, empty queue]] WARN  server.GrpcLogAppender (GrpcLogAppender.java:timeoutAppendRequest(209)) - 65d24b39-69ca-4c04-8db2-5f56e7503c5d@group-139D7988E68A->b166f5f1-a6ad-4c66-9d3e-7e796ecacb8a-GrpcLogAppender: appendEntries Timeout, request=65d24b39-69ca-4c04-8db2-5f56e7503c5d->b166f5f1-a6ad-4c66-9d3e-7e796ecacb8a#42-t4, previous=(t:4, i:10), leaderCommit=10, initializing? false, entries: <empty>
2019-10-21 08:06:47,640 [EventQueue-ContainerReportForContainerReportHandler] WARN  container.ContainerReportHandler (AbstractContainerReportHandler.java:updateContainerState(145)) - Container #1 is in OPEN state, but the datanode 65d24b39-69ca-4c04-8db2-5f56e7503c5d{ip: 192.168.34.35, host: pr-hdds-2334-ff2f7-1487717562, networkLocation: /default-rack, certSerialId: null} reports an CLOSED replica.
2019-10-21 08:06:47,661 [EventQueue-ContainerReportForContainerReportHandler] WARN  container.ContainerReportHandler (AbstractContainerReportHandler.java:updateContainerState(145)) - Container #1 is in OPEN state, but the datanode 2f6ec408-7fd3-48a9-91b7-234721c6dbd9{ip: 192.168.34.35, host: pr-hdds-2334-ff2f7-1487717562, networkLocation: /default-rack, certSerialId: null} reports an CLOSED replica.
2019-10-21 08:06:47,861 [EventQueue-ContainerReportForContainerReportHandler] WARN  container.ContainerReportHandler (AbstractContainerReportHandler.java:updateContainerState(145)) - Container #1 is in OPEN state, but the datanode 2f6ec408-7fd3-48a9-91b7-234721c6dbd9{ip: 192.168.34.35, host: pr-hdds-2334-ff2f7-1487717562, networkLocation: /default-rack, certSerialId: null} reports an CLOSED replica.
2019-10-21 08:06:48,003 [BlockDeletingService#0] WARN  background.BlockDeletingService (BlockDeletingService.java:isDeletionAllowed(187)) - Close Container log Index 6 is not replicated across allthe servers in the pipeline 43b28a2a-1a81-4de9-bdfa-139d7988e68a as the min replicated index is 4. Deletion is not allowed in this container yet.
2019-10-21 08:06:48,041 [EventQueue-ContainerReportForContainerReportHandler] WARN  container.ContainerReportHandler (AbstractContainerReportHandler.java:updateContainerState(145)) - Container #1 is in OPEN state, but the datanode 65d24b39-69ca-4c04-8db2-5f56e7503c5d{ip: 192.168.34.35, host: pr-hdds-2334-ff2f7-1487717562, networkLocation: /default-rack, certSerialId: null} reports an CLOSED replica.
2019-10-21 08:06:48,041 [BlockDeletingService#2] WARN  background.BlockDeletingService (BlockDeletingService.java:isDeletionAllowed(187)) - Close Container log Index 6 is not replicated across allthe servers in the pipeline 43b28a2a-1a81-4de9-bdfa-139d7988e68a as the min replicated index is 4. Deletion is not allowed in this container yet.
2019-10-21 08:06:48,242 [EventQueue-ContainerReportForContainerReportHandler] WARN  container.ContainerReportHandler (AbstractContainerReportHandler.java:updateContainerState(145)) - Container #1 is in OPEN state, but the datanode 65d24b39-69ca-4c04-8db2-5f56e7503c5d{ip: 192.168.34.35, host: pr-hdds-2334-ff2f7-1487717562, networkLocation: /default-rack, certSerialId: null} reports an CLOSED replica.
2019-10-21 08:06:48,261 [EventQueue-ContainerReportForContainerReportHandler] WARN  container.ContainerReportHandler (AbstractContainerReportHandler.java:updateContainerState(145)) - Container #1 is in OPEN state, but the datanode 2f6ec408-7fd3-48a9-91b7-234721c6dbd9{ip: 192.168.34.35, host: pr-hdds-2334-ff2f7-1487717562, networkLocation: /default-rack, certSerialId: null} reports an CLOSED replica.
2019-10-21 08:06:48,541 [EventQueue-ContainerReportForContainerReportHandler] WARN  container.ContainerReportHandler (AbstractContainerReportHandler.java:updateContainerState(145)) - Container #1 is in OPEN state, but the datanode 65d24b39-69ca-4c04-8db2-5f56e7503c5d{ip: 192.168.34.35, host: pr-hdds-2334-ff2f7-1487717562, networkLocation: /default-rack, certSerialId: null} reports an CLOSED replica.
2019-10-21 08:06:48,562 [EventQueue-ContainerReportForContainerReportHandler] WARN  container.ContainerReportHandler (AbstractContainerReportHandler.java:updateContainerState(145)) - Container #1 is in OPEN state, but the datanode 2f6ec408-7fd3-48a9-91b7-234721c6dbd9{ip: 192.168.34.35, host: pr-hdds-2334-ff2f7-1487717562, networkLocation: /default-rack, certSerialId: null} reports an CLOSED replica.
2019-10-21 08:06:48,755 [Thread-490] INFO  client.GrpcClientProtocolService (GrpcClientProtocolService.java:lambda$processClientRequest$0(278)) - Failed RaftClientRequest:client-771575C6CFE7->65d24b39-69ca-4c04-8db2-5f56e7503c5d@group-139D7988E68A, cid=10, seq=0, Watch-ALL_COMMITTED(6), Message:<EMPTY>, reply=RaftClientReply:client-771575C6CFE7->65d24b39-69ca-4c04-8db2-5f56e7503c5d@group-139D7988E68A, cid=10, FAILED org.apache.ratis.protocol.NotReplicatedException: Request with call Id 10 and log index 6 is not yet replicated to ALL_COMMITTED, logIndex=6, commits[65d24b39-69ca-4c04-8db2-5f56e7503c5d:c10, b166f5f1-a6ad-4c66-9d3e-7e796ecacb8a:c4, 2f6ec408-7fd3-48a9-91b7-234721c6dbd9:c10]
2019-10-21 08:06:48,941 [EventQueue-ContainerReportForContainerReportHandler] WARN  container.ContainerReportHandler (AbstractContainerReportHandler.java:updateContainerState(145)) - Container #1 is in OPEN state, but the datanode 65d24b39-69ca-4c04-8db2-5f56e7503c5d{ip: 192.168.34.35, host: pr-hdds-2334-ff2f7-1487717562, networkLocation: /default-rack, certSerialId: null} reports an CLOSED replica.
2019-10-21 08:06:48,962 [EventQueue-ContainerReportForContainerReportHandler] WARN  container.ContainerReportHandler (AbstractContainerReportHandler.java:updateContainerState(145)) - Container #1 is in OPEN state, but the datanode 2f6ec408-7fd3-48a9-91b7-234721c6dbd9{ip: 192.168.34.35, host: pr-hdds-2334-ff2f7-1487717562, networkLocation: /default-rack, certSerialId: null} reports an CLOSED replica.
2019-10-21 08:06:49,004 [BlockDeletingService#0] WARN  background.BlockDeletingService (BlockDeletingService.java:isDeletionAllowed(187)) - Close Container log Index 6 is not replicated across allthe servers in the pipeline 43b28a2a-1a81-4de9-bdfa-139d7988e68a as the min replicated index is 4. Deletion is not allowed in this container yet.
2019-10-21 08:06:49,043 [BlockDeletingService#2] WARN  background.BlockDeletingService (BlockDeletingService.java:isDeletionAllowed(187)) - Close Container log Index 6 is not replicated across allthe servers in the pipeline 43b28a2a-1a81-4de9-bdfa-139d7988e68a as the min replicated index is 4. Deletion is not allowed in this container yet.
2019-10-21 08:06:49,141 [EventQueue-ContainerReportForContainerReportHandler] WARN  container.ContainerReportHandler (AbstractContainerReportHandler.java:updateContainerState(145)) - Container #1 is in OPEN state, but the datanode 65d24b39-69ca-4c04-8db2-5f56e7503c5d{ip: 192.168.34.35, host: pr-hdds-2334-ff2f7-1487717562, networkLocation: /default-rack, certSerialId: null} reports an CLOSED replica.
2019-10-21 08:06:49,262 [EventQueue-ContainerReportForContainerReportHandler] WARN  container.ContainerReportHandler (AbstractContainerReportHandler.java:updateContainerState(145)) - Container #1 is in OPEN state, but the datanode 2f6ec408-7fd3-48a9-91b7-234721c6dbd9{ip: 192.168.34.35, host: pr-hdds-2334-ff2f7-1487717562, networkLocation: /default-rack, certSerialId: null} reports an CLOSED replica.
2019-10-21 08:06:49,341 [EventQueue-ContainerReportForContainerReportHandler] WARN  container.ContainerReportHandler (AbstractContainerReportHandler.java:updateContainerState(145)) - Container #1 is in OPEN state, but the datanode 65d24b39-69ca-4c04-8db2-5f56e7503c5d{ip: 192.168.34.35, host: pr-hdds-2334-ff2f7-1487717562, networkLocation: /default-rack, certSerialId: null} reports an CLOSED replica.
2019-10-21 08:06:49,562 [EventQueue-ContainerReportForContainerReportHandler] WARN  container.ContainerReportHandler (AbstractContainerReportHandler.java:updateContainerState(145)) - Container #1 is in OPEN state, but the datanode 2f6ec408-7fd3-48a9-91b7-234721c6dbd9{ip: 192.168.34.35, host: pr-hdds-2334-ff2f7-1487717562, networkLocation: /default-rack, certSerialId: null} reports an CLOSED replica.
2019-10-21 08:06:49,741 [EventQueue-ContainerReportForContainerReportHandler] WARN  container.ContainerReportHandler (AbstractContainerReportHandler.java:updateContainerState(145)) - Container #1 is in OPEN state, but the datanode 65d24b39-69ca-4c04-8db2-5f56e7503c5d{ip: 192.168.34.35, host: pr-hdds-2334-ff2f7-1487717562, networkLocation: /default-rack, certSerialId: null} reports an CLOSED replica.
2019-10-21 08:06:49,963 [EventQueue-ContainerReportForContainerReportHandler] WARN  container.ContainerReportHandler (AbstractContainerReportHandler.java:updateContainerState(145)) - Container #1 is in OPEN state, but the datanode 2f6ec408-7fd3-48a9-91b7-234721c6dbd9{ip: 192.168.34.35, host: pr-hdds-2334-ff2f7-1487717562, networkLocation: /default-rack, certSerialId: null} reports an CLOSED replica.
2019-10-21 08:06:50,008 [BlockDeletingService#0] WARN  background.BlockDeletingService (BlockDeletingService.java:isDeletionAllowed(187)) - Close Container log Index 6 is not replicated across allthe servers in the pipeline 43b28a2a-1a81-4de9-bdfa-139d7988e68a as the min replicated index is 4. Deletion is not allowed in this container yet.
2019-10-21 08:06:50,042 [EventQueue-ContainerReportForContainerReportHandler] WARN  container.ContainerReportHandler (AbstractContainerReportHandler.java:updateContainerState(145)) - Container #1 is in OPEN state, but the datanode 65d24b39-69ca-4c04-8db2-5f56e7503c5d{ip: 192.168.34.35, host: pr-hdds-2334-ff2f7-1487717562, networkLocation: /default-rack, certSerialId: null} reports an CLOSED replica.
2019-10-21 08:06:50,045 [BlockDeletingService#2] WARN  background.BlockDeletingService (BlockDeletingService.java:isDeletionAllowed(187)) - Close Container log Index 6 is not replicated across allthe servers in the pipeline 43b28a2a-1a81-4de9-bdfa-139d7988e68a as the min replicated index is 4. Deletion is not allowed in this container yet.
2019-10-21 08:06:50,054 [java.util.concurrent.ThreadPoolExecutor$Worker@226f36e5[State = -1, empty queue]] WARN  server.GrpcLogAppender (GrpcLogAppender.java:timeoutAppendRequest(209)) - 65d24b39-69ca-4c04-8db2-5f56e7503c5d@group-139D7988E68A->b166f5f1-a6ad-4c66-9d3e-7e796ecacb8a-GrpcLogAppender: appendEntries Timeout, request=65d24b39-69ca-4c04-8db2-5f56e7503c5d->b166f5f1-a6ad-4c66-9d3e-7e796ecacb8a#43-t4, previous=(t:4, i:10), leaderCommit=10, initializing? false, entries: <empty>
2019-10-21 08:06:50,263 [EventQueue-ContainerReportForContainerReportHandler] WARN  container.ContainerReportHandler (AbstractContainerReportHandler.java:updateContainerState(145)) - Container #1 is in OPEN state, but the datanode 2f6ec408-7fd3-48a9-91b7-234721c6dbd9{ip: 192.168.34.35, host: pr-hdds-2334-ff2f7-1487717562, networkLocation: /default-rack, certSerialId: null} reports an CLOSED replica.
2019-10-21 08:06:50,342 [EventQueue-ContainerReportForContainerReportHandler] WARN  container.ContainerReportHandler (AbstractContainerReportHandler.java:updateContainerState(145)) - Container #1 is in OPEN state, but the datanode 65d24b39-69ca-4c04-8db2-5f56e7503c5d{ip: 192.168.34.35, host: pr-hdds-2334-ff2f7-1487717562, networkLocation: /default-rack, certSerialId: null} reports an CLOSED replica.
2019-10-21 08:06:50,663 [EventQueue-ContainerReportForContainerReportHandler] WARN  container.ContainerReportHandler (AbstractContainerReportHandler.java:updateContainerState(145)) - Container #1 is in OPEN state, but the datanode 2f6ec408-7fd3-48a9-91b7-234721c6dbd9{ip: 192.168.34.35, host: pr-hdds-2334-ff2f7-1487717562, networkLocation: /default-rack, certSerialId: null} reports an CLOSED replica.
2019-10-21 08:06:50,742 [EventQueue-ContainerReportForContainerReportHandler] WARN  container.ContainerReportHandler (AbstractContainerReportHandler.java:updateContainerState(145)) - Container #1 is in OPEN state, but the datanode 65d24b39-69ca-4c04-8db2-5f56e7503c5d{ip: 192.168.34.35, host: pr-hdds-2334-ff2f7-1487717562, networkLocation: /default-rack, certSerialId: null} reports an CLOSED replica.
2019-10-21 08:06:50,864 [EventQueue-ContainerReportForContainerReportHandler] WARN  container.ContainerReportHandler (AbstractContainerReportHandler.java:updateContainerState(145)) - Container #1 is in OPEN state, but the datanode 2f6ec408-7fd3-48a9-91b7-234721c6dbd9{ip: 192.168.34.35, host: pr-hdds-2334-ff2f7-1487717562, networkLocation: /default-rack, certSerialId: null} reports an CLOSED replica.
2019-10-21 08:06:51,009 [BlockDeletingService#0] WARN  background.BlockDeletingService (BlockDeletingService.java:isDeletionAllowed(187)) - Close Container log Index 6 is not replicated across allthe servers in the pipeline 43b28a2a-1a81-4de9-bdfa-139d7988e68a as the min replicated index is 4. Deletion is not allowed in this container yet.
2019-10-21 08:06:51,046 [BlockDeletingService#2] WARN  background.BlockDeletingService (BlockDeletingService.java:isDeletionAllowed(187)) - Close Container log Index 6 is not replicated across allthe servers in the pipeline 43b28a2a-1a81-4de9-bdfa-139d7988e68a as the min replicated index is 4. Deletion is not allowed in this container yet.
2019-10-21 08:06:51,064 [EventQueue-ContainerReportForContainerReportHandler] WARN  container.ContainerReportHandler (AbstractContainerReportHandler.java:updateContainerState(145)) - Container #1 is in OPEN state, but the datanode 2f6ec408-7fd3-48a9-91b7-234721c6dbd9{ip: 192.168.34.35, host: pr-hdds-2334-ff2f7-1487717562, networkLocation: /default-rack, certSerialId: null} reports an CLOSED replica.
2019-10-21 08:06:51,142 [EventQueue-ContainerReportForContainerReportHandler] WARN  container.ContainerReportHandler (AbstractContainerReportHandler.java:updateContainerState(145)) - Container #1 is in OPEN state, but the datanode 65d24b39-69ca-4c04-8db2-5f56e7503c5d{ip: 192.168.34.35, host: pr-hdds-2334-ff2f7-1487717562, networkLocation: /default-rack, certSerialId: null} reports an CLOSED replica.
2019-10-21 08:06:51,342 [EventQueue-ContainerReportForContainerReportHandler] WARN  container.ContainerReportHandler (AbstractContainerReportHandler.java:updateContainerState(145)) - Container #1 is in OPEN state, but the datanode 65d24b39-69ca-4c04-8db2-5f56e7503c5d{ip: 192.168.34.35, host: pr-hdds-2334-ff2f7-1487717562, networkLocation: /default-rack, certSerialId: null} reports an CLOSED replica.
2019-10-21 08:06:51,365 [EventQueue-ContainerReportForContainerReportHandler] WARN  container.ContainerReportHandler (AbstractContainerReportHandler.java:updateContainerState(145)) - Container #1 is in OPEN state, but the datanode 2f6ec408-7fd3-48a9-91b7-234721c6dbd9{ip: 192.168.34.35, host: pr-hdds-2334-ff2f7-1487717562, networkLocation: /default-rack, certSerialId: null} reports an CLOSED replica.
2019-10-21 08:06:51,665 [EventQueue-ContainerReportForContainerReportHandler] WARN  container.ContainerReportHandler (AbstractContainerReportHandler.java:updateContainerState(145)) - Container #1 is in OPEN state, but the datanode 2f6ec408-7fd3-48a9-91b7-234721c6dbd9{ip: 192.168.34.35, host: pr-hdds-2334-ff2f7-1487717562, networkLocation: /default-rack, certSerialId: null} reports an CLOSED replica.
2019-10-21 08:06:51,744 [EventQueue-ContainerReportForContainerReportHandler] WARN  container.ContainerReportHandler (AbstractContainerReportHandler.java:updateContainerState(145)) - Container #1 is in OPEN state, but the datanode 65d24b39-69ca-4c04-8db2-5f56e7503c5d{ip: 192.168.34.35, host: pr-hdds-2334-ff2f7-1487717562, networkLocation: /default-rack, certSerialId: null} reports an CLOSED replica.
2019-10-21 08:06:51,966 [EventQueue-ContainerReportForContainerReportHandler] WARN  container.ContainerReportHandler (AbstractContainerReportHandler.java:updateContainerState(145)) - Container #1 is in OPEN state, but the datanode 2f6ec408-7fd3-48a9-91b7-234721c6dbd9{ip: 192.168.34.35, host: pr-hdds-2334-ff2f7-1487717562, networkLocation: /default-rack, certSerialId: null} reports an CLOSED replica.
2019-10-21 08:06:52,011 [BlockDeletingService#0] WARN  background.BlockDeletingService (BlockDeletingService.java:isDeletionAllowed(187)) - Close Container log Index 6 is not replicated across allthe servers in the pipeline 43b28a2a-1a81-4de9-bdfa-139d7988e68a as the min replicated index is 4. Deletion is not allowed in this container yet.
2019-10-21 08:06:52,044 [EventQueue-ContainerReportForContainerReportHandler] WARN  container.ContainerReportHandler (AbstractContainerReportHandler.java:updateContainerState(145)) - Container #1 is in OPEN state, but the datanode 65d24b39-69ca-4c04-8db2-5f56e7503c5d{ip: 192.168.34.35, host: pr-hdds-2334-ff2f7-1487717562, networkLocation: /default-rack, certSerialId: null} reports an CLOSED replica.
2019-10-21 08:06:52,047 [BlockDeletingService#2] WARN  background.BlockDeletingService (BlockDeletingService.java:isDeletionAllowed(187)) - Close Container log Index 6 is not replicated across allthe servers in the pipeline 43b28a2a-1a81-4de9-bdfa-139d7988e68a as the min replicated index is 4. Deletion is not allowed in this container yet.
2019-10-21 08:06:52,344 [EventQueue-ContainerReportForContainerReportHandler] WARN  container.ContainerReportHandler (AbstractContainerReportHandler.java:updateContainerState(145)) - Container #1 is in OPEN state, but the datanode 65d24b39-69ca-4c04-8db2-5f56e7503c5d{ip: 192.168.34.35, host: pr-hdds-2334-ff2f7-1487717562, networkLocation: /default-rack, certSerialId: null} reports an CLOSED replica.
2019-10-21 08:06:52,366 [EventQueue-ContainerReportForContainerReportHandler] WARN  container.ContainerReportHandler (AbstractContainerReportHandler.java:updateContainerState(145)) - Container #1 is in OPEN state, but the datanode 2f6ec408-7fd3-48a9-91b7-234721c6dbd9{ip: 192.168.34.35, host: pr-hdds-2334-ff2f7-1487717562, networkLocation: /default-rack, certSerialId: null} reports an CLOSED replica.
2019-10-21 08:06:52,557 [java.util.concurrent.ThreadPoolExecutor$Worker@226f36e5[State = -1, empty queue]] WARN  server.GrpcLogAppender (GrpcLogAppender.java:timeoutAppendRequest(209)) - 65d24b39-69ca-4c04-8db2-5f56e7503c5d@group-139D7988E68A->b166f5f1-a6ad-4c66-9d3e-7e796ecacb8a-GrpcLogAppender: appendEntries Timeout, request=65d24b39-69ca-4c04-8db2-5f56e7503c5d->b166f5f1-a6ad-4c66-9d3e-7e796ecacb8a#44-t4, previous=(t:4, i:10), leaderCommit=10, initializing? false, entries: <empty>
2019-10-21 08:06:52,645 [EventQueue-ContainerReportForContainerReportHandler] WARN  container.ContainerReportHandler (AbstractContainerReportHandler.java:updateContainerState(145)) - Container #1 is in OPEN state, but the datanode 65d24b39-69ca-4c04-8db2-5f56e7503c5d{ip: 192.168.34.35, host: pr-hdds-2334-ff2f7-1487717562, networkLocation: /default-rack, certSerialId: null} reports an CLOSED replica.
2019-10-21 08:06:52,667 [EventQueue-ContainerReportForContainerReportHandler] WARN  container.ContainerReportHandler (AbstractContainerReportHandler.java:updateContainerState(145)) - Container #1 is in OPEN state, but the datanode 2f6ec408-7fd3-48a9-91b7-234721c6dbd9{ip: 192.168.34.35, host: pr-hdds-2334-ff2f7-1487717562, networkLocation: /default-rack, certSerialId: null} reports an CLOSED replica.
2019-10-21 08:06:52,867 [EventQueue-ContainerReportForContainerReportHandler] WARN  container.ContainerReportHandler (AbstractContainerReportHandler.java:updateContainerState(145)) - Container #1 is in OPEN state, but the datanode 2f6ec408-7fd3-48a9-91b7-234721c6dbd9{ip: 192.168.34.35, host: pr-hdds-2334-ff2f7-1487717562, networkLocation: /default-rack, certSerialId: null} reports an CLOSED replica.
2019-10-21 08:06:52,945 [EventQueue-ContainerReportForContainerReportHandler] WARN  container.ContainerReportHandler (AbstractContainerReportHandler.java:updateContainerState(145)) - Container #1 is in OPEN state, but the datanode 65d24b39-69ca-4c04-8db2-5f56e7503c5d{ip: 192.168.34.35, host: pr-hdds-2334-ff2f7-1487717562, networkLocation: /default-rack, certSerialId: null} reports an CLOSED replica.
2019-10-21 08:06:53,013 [BlockDeletingService#0] WARN  background.BlockDeletingService (BlockDeletingService.java:isDeletionAllowed(187)) - Close Container log Index 6 is not replicated across allthe servers in the pipeline 43b28a2a-1a81-4de9-bdfa-139d7988e68a as the min replicated index is 4. Deletion is not allowed in this container yet.
2019-10-21 08:06:53,049 [BlockDeletingService#2] WARN  background.BlockDeletingService (BlockDeletingService.java:isDeletionAllowed(187)) - Close Container log Index 6 is not replicated across allthe servers in the pipeline 43b28a2a-1a81-4de9-bdfa-139d7988e68a as the min replicated index is 4. Deletion is not allowed in this container yet.
2019-10-21 08:06:53,245 [EventQueue-ContainerReportForContainerReportHandler] WARN  container.ContainerReportHandler (AbstractContainerReportHandler.java:updateContainerState(145)) - Container #1 is in OPEN state, but the datanode 65d24b39-69ca-4c04-8db2-5f56e7503c5d{ip: 192.168.34.35, host: pr-hdds-2334-ff2f7-1487717562, networkLocation: /default-rack, certSerialId: null} reports an CLOSED replica.
2019-10-21 08:06:53,267 [EventQueue-ContainerReportForContainerReportHandler] WARN  container.ContainerReportHandler (AbstractContainerReportHandler.java:updateContainerState(145)) - Container #1 is in OPEN state, but the datanode 2f6ec408-7fd3-48a9-91b7-234721c6dbd9{ip: 192.168.34.35, host: pr-hdds-2334-ff2f7-1487717562, networkLocation: /default-rack, certSerialId: null} reports an CLOSED replica.
2019-10-21 08:06:53,466 [EventQueue-ContainerReportForContainerReportHandler] WARN  container.ContainerReportHandler (AbstractContainerReportHandler.java:updateContainerState(145)) - Container #1 is in OPEN state, but the datanode 2f6ec408-7fd3-48a9-91b7-234721c6dbd9{ip: 192.168.34.35, host: pr-hdds-2334-ff2f7-1487717562, networkLocation: /default-rack, certSerialId: null} reports an CLOSED replica.
2019-10-21 08:06:53,545 [EventQueue-ContainerReportForContainerReportHandler] WARN  container.ContainerReportHandler (AbstractContainerReportHandler.java:updateContainerState(145)) - Container #1 is in OPEN state, but the datanode 65d24b39-69ca-4c04-8db2-5f56e7503c5d{ip: 192.168.34.35, host: pr-hdds-2334-ff2f7-1487717562, networkLocation: /default-rack, certSerialId: null} reports an CLOSED replica.
2019-10-21 08:06:53,767 [EventQueue-ContainerReportForContainerReportHandler] WARN  container.ContainerReportHandler (AbstractContainerReportHandler.java:updateContainerState(145)) - Container #1 is in OPEN state, but the datanode 2f6ec408-7fd3-48a9-91b7-234721c6dbd9{ip: 192.168.34.35, host: pr-hdds-2334-ff2f7-1487717562, networkLocation: /default-rack, certSerialId: null} reports an CLOSED replica.
2019-10-21 08:06:53,846 [EventQueue-ContainerReportForContainerReportHandler] WARN  container.ContainerReportHandler (AbstractContainerReportHandler.java:updateContainerState(145)) - Container #1 is in OPEN state, but the datanode 65d24b39-69ca-4c04-8db2-5f56e7503c5d{ip: 192.168.34.35, host: pr-hdds-2334-ff2f7-1487717562, networkLocation: /default-rack, certSerialId: null} reports an CLOSED replica.
2019-10-21 08:06:54,016 [BlockDeletingService#0] WARN  background.BlockDeletingService (BlockDeletingService.java:isDeletionAllowed(187)) - Close Container log Index 6 is not replicated across allthe servers in the pipeline 43b28a2a-1a81-4de9-bdfa-139d7988e68a as the min replicated index is 4. Deletion is not allowed in this container yet.
2019-10-21 08:06:54,050 [BlockDeletingService#2] WARN  background.BlockDeletingService (BlockDeletingService.java:isDeletionAllowed(187)) - Close Container log Index 6 is not replicated across allthe servers in the pipeline 43b28a2a-1a81-4de9-bdfa-139d7988e68a as the min replicated index is 4. Deletion is not allowed in this container yet.
2019-10-21 08:06:54,068 [EventQueue-ContainerReportForContainerReportHandler] WARN  container.ContainerReportHandler (AbstractContainerReportHandler.java:updateContainerState(145)) - Container #1 is in OPEN state, but the datanode 2f6ec408-7fd3-48a9-91b7-234721c6dbd9{ip: 192.168.34.35, host: pr-hdds-2334-ff2f7-1487717562, networkLocation: /default-rack, certSerialId: null} reports an CLOSED replica.
2019-10-21 08:06:54,146 [EventQueue-ContainerReportForContainerReportHandler] WARN  container.ContainerReportHandler (AbstractContainerReportHandler.java:updateContainerState(145)) - Container #1 is in OPEN state, but the datanode 65d24b39-69ca-4c04-8db2-5f56e7503c5d{ip: 192.168.34.35, host: pr-hdds-2334-ff2f7-1487717562, networkLocation: /default-rack, certSerialId: null} reports an CLOSED replica.
2019-10-21 08:06:54,369 [EventQueue-ContainerReportForContainerReportHandler] WARN  container.ContainerReportHandler (AbstractContainerReportHandler.java:updateContainerState(145)) - Container #1 is in OPEN state, but the datanode 2f6ec408-7fd3-48a9-91b7-234721c6dbd9{ip: 192.168.34.35, host: pr-hdds-2334-ff2f7-1487717562, networkLocation: /default-rack, certSerialId: null} reports an CLOSED replica.
2019-10-21 08:06:54,547 [EventQueue-ContainerReportForContainerReportHandler] WARN  container.ContainerReportHandler (AbstractContainerReportHandler.java:updateContainerState(145)) - Container #1 is in OPEN state, but the datanode 65d24b39-69ca-4c04-8db2-5f56e7503c5d{ip: 192.168.34.35, host: pr-hdds-2334-ff2f7-1487717562, networkLocation: /default-rack, certSerialId: null} reports an CLOSED replica.
2019-10-21 08:06:54,769 [EventQueue-ContainerReportForContainerReportHandler] WARN  container.ContainerReportHandler (AbstractContainerReportHandler.java:updateContainerState(145)) - Container #1 is in OPEN state, but the datanode 2f6ec408-7fd3-48a9-91b7-234721c6dbd9{ip: 192.168.34.35, host: pr-hdds-2334-ff2f7-1487717562, networkLocation: /default-rack, certSerialId: null} reports an CLOSED replica.
2019-10-21 08:06:54,848 [EventQueue-ContainerReportForContainerReportHandler] WARN  container.ContainerReportHandler (AbstractContainerReportHandler.java:updateContainerState(145)) - Container #1 is in OPEN state, but the datanode 65d24b39-69ca-4c04-8db2-5f56e7503c5d{ip: 192.168.34.35, host: pr-hdds-2334-ff2f7-1487717562, networkLocation: /default-rack, certSerialId: null} reports an CLOSED replica.
2019-10-21 08:06:55,018 [BlockDeletingService#0] WARN  background.BlockDeletingService (BlockDeletingService.java:isDeletionAllowed(187)) - Close Container log Index 6 is not replicated across allthe servers in the pipeline 43b28a2a-1a81-4de9-bdfa-139d7988e68a as the min replicated index is 4. Deletion is not allowed in this container yet.
2019-10-21 08:06:55,052 [BlockDeletingService#2] WARN  background.BlockDeletingService (BlockDeletingService.java:isDeletionAllowed(187)) - Close Container log Index 6 is not replicated across allthe servers in the pipeline 43b28a2a-1a81-4de9-bdfa-139d7988e68a as the min replicated index is 4. Deletion is not allowed in this container yet.
2019-10-21 08:06:55,058 [java.util.concurrent.ThreadPoolExecutor$Worker@226f36e5[State = -1, empty queue]] WARN  server.GrpcLogAppender (GrpcLogAppender.java:timeoutAppendRequest(209)) - 65d24b39-69ca-4c04-8db2-5f56e7503c5d@group-139D7988E68A->b166f5f1-a6ad-4c66-9d3e-7e796ecacb8a-GrpcLogAppender: appendEntries Timeout, request=65d24b39-69ca-4c04-8db2-5f56e7503c5d->b166f5f1-a6ad-4c66-9d3e-7e796ecacb8a#45-t4, previous=(t:4, i:10), leaderCommit=10, initializing? false, entries: <empty>
2019-10-21 08:06:55,070 [EventQueue-ContainerReportForContainerReportHandler] WARN  container.ContainerReportHandler (AbstractContainerReportHandler.java:updateContainerState(145)) - Container #1 is in OPEN state, but the datanode 2f6ec408-7fd3-48a9-91b7-234721c6dbd9{ip: 192.168.34.35, host: pr-hdds-2334-ff2f7-1487717562, networkLocation: /default-rack, certSerialId: null} reports an CLOSED replica.
2019-10-21 08:06:55,148 [EventQueue-ContainerReportForContainerReportHandler] WARN  container.ContainerReportHandler (AbstractContainerReportHandler.java:updateContainerState(145)) - Container #1 is in OPEN state, but the datanode 65d24b39-69ca-4c04-8db2-5f56e7503c5d{ip: 192.168.34.35, host: pr-hdds-2334-ff2f7-1487717562, networkLocation: /default-rack, certSerialId: null} reports an CLOSED replica.
2019-10-21 08:06:55,470 [EventQueue-ContainerReportForContainerReportHandler] WARN  container.ContainerReportHandler (AbstractContainerReportHandler.java:updateContainerState(145)) - Container #1 is in OPEN state, but the datanode 2f6ec408-7fd3-48a9-91b7-234721c6dbd9{ip: 192.168.34.35, host: pr-hdds-2334-ff2f7-1487717562, networkLocation: /default-rack, certSerialId: null} reports an CLOSED replica.
2019-10-21 08:06:55,549 [EventQueue-ContainerReportForContainerReportHandler] WARN  container.ContainerReportHandler (AbstractContainerReportHandler.java:updateContainerState(145)) - Container #1 is in OPEN state, but the datanode 65d24b39-69ca-4c04-8db2-5f56e7503c5d{ip: 192.168.34.35, host: pr-hdds-2334-ff2f7-1487717562, networkLocation: /default-rack, certSerialId: null} reports an CLOSED replica.
2019-10-21 08:06:55,770 [EventQueue-ContainerReportForContainerReportHandler] WARN  container.ContainerReportHandler (AbstractContainerReportHandler.java:updateContainerState(145)) - Container #1 is in OPEN state, but the datanode 2f6ec408-7fd3-48a9-91b7-234721c6dbd9{ip: 192.168.34.35, host: pr-hdds-2334-ff2f7-1487717562, networkLocation: /default-rack, certSerialId: null} reports an CLOSED replica.
2019-10-21 08:06:55,850 [EventQueue-ContainerReportForContainerReportHandler] WARN  container.ContainerReportHandler (AbstractContainerReportHandler.java:updateContainerState(145)) - Container #1 is in OPEN state, but the datanode 65d24b39-69ca-4c04-8db2-5f56e7503c5d{ip: 192.168.34.35, host: pr-hdds-2334-ff2f7-1487717562, networkLocation: /default-rack, certSerialId: null} reports an CLOSED replica.
2019-10-21 08:06:56,020 [BlockDeletingService#0] WARN  background.BlockDeletingService (BlockDeletingService.java:isDeletionAllowed(187)) - Close Container log Index 6 is not replicated across allthe servers in the pipeline 43b28a2a-1a81-4de9-bdfa-139d7988e68a as the min replicated index is 4. Deletion is not allowed in this container yet.
2019-10-21 08:06:56,050 [EventQueue-ContainerReportForContainerReportHandler] WARN  container.ContainerReportHandler (AbstractContainerReportHandler.java:updateContainerState(145)) - Container #1 is in OPEN state, but the datanode 65d24b39-69ca-4c04-8db2-5f56e7503c5d{ip: 192.168.34.35, host: pr-hdds-2334-ff2f7-1487717562, networkLocation: /default-rack, certSerialId: null} reports an CLOSED replica.
2019-10-21 08:06:56,053 [BlockDeletingService#2] WARN  background.BlockDeletingService (BlockDeletingService.java:isDeletionAllowed(187)) - Close Container log Index 6 is not replicated across allthe servers in the pipeline 43b28a2a-1a81-4de9-bdfa-139d7988e68a as the min replicated index is 4. Deletion is not allowed in this container yet.
2019-10-21 08:06:56,171 [EventQueue-ContainerReportForContainerReportHandler] WARN  container.ContainerReportHandler (AbstractContainerReportHandler.java:updateContainerState(145)) - Container #1 is in OPEN state, but the datanode 2f6ec408-7fd3-48a9-91b7-234721c6dbd9{ip: 192.168.34.35, host: pr-hdds-2334-ff2f7-1487717562, networkLocation: /default-rack, certSerialId: null} reports an CLOSED replica.
2019-10-21 08:06:56,351 [EventQueue-ContainerReportForContainerReportHandler] WARN  container.ContainerReportHandler (AbstractContainerReportHandler.java:updateContainerState(145)) - Container #1 is in OPEN state, but the datanode 65d24b39-69ca-4c04-8db2-5f56e7503c5d{ip: 192.168.34.35, host: pr-hdds-2334-ff2f7-1487717562, networkLocation: /default-rack, certSerialId: null} reports an CLOSED replica.
2019-10-21 08:06:56,471 [EventQueue-ContainerReportForContainerReportHandler] WARN  container.ContainerReportHandler (AbstractContainerReportHandler.java:updateContainerState(145)) - Container #1 is in OPEN state, but the datanode 2f6ec408-7fd3-48a9-91b7-234721c6dbd9{ip: 192.168.34.35, host: pr-hdds-2334-ff2f7-1487717562, networkLocation: /default-rack, certSerialId: null} reports an CLOSED replica.
2019-10-21 08:06:56,672 [EventQueue-ContainerReportForContainerReportHandler] WARN  container.ContainerReportHandler (AbstractContainerReportHandler.java:updateContainerState(145)) - Container #1 is in OPEN state, but the datanode 2f6ec408-7fd3-48a9-91b7-234721c6dbd9{ip: 192.168.34.35, host: pr-hdds-2334-ff2f7-1487717562, networkLocation: /default-rack, certSerialId: null} reports an CLOSED replica.
2019-10-21 08:06:56,750 [EventQueue-ContainerReportForContainerReportHandler] WARN  container.ContainerReportHandler (AbstractContainerReportHandler.java:updateContainerState(145)) - Container #1 is in OPEN state, but the datanode 65d24b39-69ca-4c04-8db2-5f56e7503c5d{ip: 192.168.34.35, host: pr-hdds-2334-ff2f7-1487717562, networkLocation: /default-rack, certSerialId: null} reports an CLOSED replica.
2019-10-21 08:06:57,023 [BlockDeletingService#0] WARN  background.BlockDeletingService (BlockDeletingService.java:isDeletionAllowed(187)) - Close Container log Index 6 is not replicated across allthe servers in the pipeline 43b28a2a-1a81-4de9-bdfa-139d7988e68a as the min replicated index is 4. Deletion is not allowed in this container yet.
2019-10-21 08:06:57,055 [BlockDeletingService#2] WARN  background.BlockDeletingService (BlockDeletingService.java:isDeletionAllowed(187)) - Close Container log Index 6 is not replicated across allthe servers in the pipeline 43b28a2a-1a81-4de9-bdfa-139d7988e68a as the min replicated index is 4. Deletion is not allowed in this container yet.
2019-10-21 08:06:57,074 [EventQueue-ContainerReportForContainerReportHandler] WARN  container.ContainerReportHandler (AbstractContainerReportHandler.java:updateContainerState(145)) - Container #1 is in OPEN state, but the datanode 2f6ec408-7fd3-48a9-91b7-234721c6dbd9{ip: 192.168.34.35, host: pr-hdds-2334-ff2f7-1487717562, networkLocation: /default-rack, certSerialId: null} reports an CLOSED replica.
2019-10-21 08:06:57,151 [EventQueue-ContainerReportForContainerReportHandler] WARN  container.ContainerReportHandler (AbstractContainerReportHandler.java:updateContainerState(145)) - Container #1 is in OPEN state, but the datanode 65d24b39-69ca-4c04-8db2-5f56e7503c5d{ip: 192.168.34.35, host: pr-hdds-2334-ff2f7-1487717562, networkLocation: /default-rack, certSerialId: null} reports an CLOSED replica.
2019-10-21 08:06:57,262 [Thread-515] INFO  client.GrpcClientProtocolService (GrpcClientProtocolService.java:lambda$processClientRequest$0(278)) - Failed RaftClientRequest:client-771575C6CFE7->2f6ec408-7fd3-48a9-91b7-234721c6dbd9@group-139D7988E68A, cid=10, seq=0, Watch-ALL_COMMITTED(6), Message:<EMPTY>, reply=RaftClientReply:client-771575C6CFE7->2f6ec408-7fd3-48a9-91b7-234721c6dbd9@group-139D7988E68A, cid=10, FAILED org.apache.ratis.protocol.NotLeaderException: Server 2f6ec408-7fd3-48a9-91b7-234721c6dbd9@group-139D7988E68A is not the leader 65d24b39-69ca-4c04-8db2-5f56e7503c5d:192.168.34.35:45259, logIndex=0, commits[2f6ec408-7fd3-48a9-91b7-234721c6dbd9:c10, b166f5f1-a6ad-4c66-9d3e-7e796ecacb8a:c4, 65d24b39-69ca-4c04-8db2-5f56e7503c5d:c10]
2019-10-21 08:06:57,351 [EventQueue-ContainerReportForContainerReportHandler] WARN  container.ContainerReportHandler (AbstractContainerReportHandler.java:updateContainerState(145)) - Container #1 is in OPEN state, but the datanode 65d24b39-69ca-4c04-8db2-5f56e7503c5d{ip: 192.168.34.35, host: pr-hdds-2334-ff2f7-1487717562, networkLocation: /default-rack, certSerialId: null} reports an CLOSED replica.
2019-10-21 08:06:57,375 [EventQueue-ContainerReportForContainerReportHandler] WARN  container.ContainerReportHandler (AbstractContainerReportHandler.java:updateContainerState(145)) - Container #1 is in OPEN state, but the datanode 2f6ec408-7fd3-48a9-91b7-234721c6dbd9{ip: 192.168.34.35, host: pr-hdds-2334-ff2f7-1487717562, networkLocation: /default-rack, certSerialId: null} reports an CLOSED replica.
2019-10-21 08:06:57,561 [java.util.concurrent.ThreadPoolExecutor$Worker@226f36e5[State = -1, empty queue]] WARN  server.GrpcLogAppender (GrpcLogAppender.java:timeoutAppendRequest(209)) - 65d24b39-69ca-4c04-8db2-5f56e7503c5d@group-139D7988E68A->b166f5f1-a6ad-4c66-9d3e-7e796ecacb8a-GrpcLogAppender: appendEntries Timeout, request=65d24b39-69ca-4c04-8db2-5f56e7503c5d->b166f5f1-a6ad-4c66-9d3e-7e796ecacb8a#46-t4, previous=(t:4, i:10), leaderCommit=10, initializing? false, entries: <empty>
2019-10-21 08:06:57,675 [EventQueue-ContainerReportForContainerReportHandler] WARN  container.ContainerReportHandler (AbstractContainerReportHandler.java:updateContainerState(145)) - Container #1 is in OPEN state, but the datanode 2f6ec408-7fd3-48a9-91b7-234721c6dbd9{ip: 192.168.34.35, host: pr-hdds-2334-ff2f7-1487717562, networkLocation: /default-rack, certSerialId: null} reports an CLOSED replica.
2019-10-21 08:06:57,751 [EventQueue-ContainerReportForContainerReportHandler] WARN  container.ContainerReportHandler (AbstractContainerReportHandler.java:updateContainerState(145)) - Container #1 is in OPEN state, but the datanode 65d24b39-69ca-4c04-8db2-5f56e7503c5d{ip: 192.168.34.35, host: pr-hdds-2334-ff2f7-1487717562, networkLocation: /default-rack, certSerialId: null} reports an CLOSED replica.
2019-10-21 08:06:57,952 [EventQueue-ContainerReportForContainerReportHandler] WARN  container.ContainerReportHandler (AbstractContainerReportHandler.java:updateContainerState(145)) - Container #1 is in OPEN state, but the datanode 65d24b39-69ca-4c04-8db2-5f56e7503c5d{ip: 192.168.34.35, host: pr-hdds-2334-ff2f7-1487717562, networkLocation: /default-rack, certSerialId: null} reports an CLOSED replica.
2019-10-21 08:06:57,975 [EventQueue-ContainerReportForContainerReportHandler] WARN  container.ContainerReportHandler (AbstractContainerReportHandler.java:updateContainerState(145)) - Container #1 is in OPEN state, but the datanode 2f6ec408-7fd3-48a9-91b7-234721c6dbd9{ip: 192.168.34.35, host: pr-hdds-2334-ff2f7-1487717562, networkLocation: /default-rack, certSerialId: null} reports an CLOSED replica.
2019-10-21 08:06:58,024 [BlockDeletingService#0] WARN  background.BlockDeletingService (BlockDeletingService.java:isDeletionAllowed(187)) - Close Container log Index 6 is not replicated across allthe servers in the pipeline 43b28a2a-1a81-4de9-bdfa-139d7988e68a as the min replicated index is 4. Deletion is not allowed in this container yet.
2019-10-21 08:06:58,056 [BlockDeletingService#2] WARN  background.BlockDeletingService (BlockDeletingService.java:isDeletionAllowed(187)) - Close Container log Index 6 is not replicated across allthe servers in the pipeline 43b28a2a-1a81-4de9-bdfa-139d7988e68a as the min replicated index is 4. Deletion is not allowed in this container yet.
2019-10-21 08:06:58,252 [EventQueue-ContainerReportForContainerReportHandler] WARN  container.ContainerReportHandler (AbstractContainerReportHandler.java:updateContainerState(145)) - Container #1 is in OPEN state, but the datanode 65d24b39-69ca-4c04-8db2-5f56e7503c5d{ip: 192.168.34.35, host: pr-hdds-2334-ff2f7-1487717562, networkLocation: /default-rack, certSerialId: null} reports an CLOSED replica.
2019-10-21 08:06:58,376 [EventQueue-ContainerReportForContainerReportHandler] WARN  container.ContainerReportHandler (AbstractContainerReportHandler.java:updateContainerState(145)) - Container #1 is in OPEN state, but the datanode 2f6ec408-7fd3-48a9-91b7-234721c6dbd9{ip: 192.168.34.35, host: pr-hdds-2334-ff2f7-1487717562, networkLocation: /default-rack, certSerialId: null} reports an CLOSED replica.
2019-10-21 08:06:58,552 [EventQueue-ContainerReportForContainerReportHandler] WARN  container.ContainerReportHandler (AbstractContainerReportHandler.java:updateContainerState(145)) - Container #1 is in OPEN state, but the datanode 65d24b39-69ca-4c04-8db2-5f56e7503c5d{ip: 192.168.34.35, host: pr-hdds-2334-ff2f7-1487717562, networkLocation: /default-rack, certSerialId: null} reports an CLOSED replica.
2019-10-21 08:06:58,676 [EventQueue-ContainerReportForContainerReportHandler] WARN  container.ContainerReportHandler (AbstractContainerReportHandler.java:updateContainerState(145)) - Container #1 is in OPEN state, but the datanode 2f6ec408-7fd3-48a9-91b7-234721c6dbd9{ip: 192.168.34.35, host: pr-hdds-2334-ff2f7-1487717562, networkLocation: /default-rack, certSerialId: null} reports an CLOSED replica.
2019-10-21 08:06:58,756 [Thread-520] INFO  client.GrpcClientProtocolService (GrpcClientProtocolService.java:lambda$processClientRequest$0(278)) - Failed RaftClientRequest:client-771575C6CFE7->65d24b39-69ca-4c04-8db2-5f56e7503c5d@group-139D7988E68A, cid=10, seq=0, Watch-ALL_COMMITTED(6), Message:<EMPTY>, reply=RaftClientReply:client-771575C6CFE7->65d24b39-69ca-4c04-8db2-5f56e7503c5d@group-139D7988E68A, cid=10, FAILED org.apache.ratis.protocol.NotReplicatedException: Request with call Id 10 and log index 6 is not yet replicated to ALL_COMMITTED, logIndex=6, commits[65d24b39-69ca-4c04-8db2-5f56e7503c5d:c10, b166f5f1-a6ad-4c66-9d3e-7e796ecacb8a:c4, 2f6ec408-7fd3-48a9-91b7-234721c6dbd9:c10]
2019-10-21 08:06:58,877 [EventQueue-ContainerReportForContainerReportHandler] WARN  container.ContainerReportHandler (AbstractContainerReportHandler.java:updateContainerState(145)) - Container #1 is in OPEN state, but the datanode 2f6ec408-7fd3-48a9-91b7-234721c6dbd9{ip: 192.168.34.35, host: pr-hdds-2334-ff2f7-1487717562, networkLocation: /default-rack, certSerialId: null} reports an CLOSED replica.
2019-10-21 08:06:58,953 [EventQueue-ContainerReportForContainerReportHandler] WARN  container.ContainerReportHandler (AbstractContainerReportHandler.java:updateContainerState(145)) - Container #1 is in OPEN state, but the datanode 65d24b39-69ca-4c04-8db2-5f56e7503c5d{ip: 192.168.34.35, host: pr-hdds-2334-ff2f7-1487717562, networkLocation: /default-rack, certSerialId: null} reports an CLOSED replica.
2019-10-21 08:06:59,026 [BlockDeletingService#0] WARN  background.BlockDeletingService (BlockDeletingService.java:isDeletionAllowed(187)) - Close Container log Index 6 is not replicated across allthe servers in the pipeline 43b28a2a-1a81-4de9-bdfa-139d7988e68a as the min replicated index is 4. Deletion is not allowed in this container yet.
2019-10-21 08:06:59,058 [BlockDeletingService#2] WARN  background.BlockDeletingService (BlockDeletingService.java:isDeletionAllowed(187)) - Close Container log Index 6 is not replicated across allthe servers in the pipeline 43b28a2a-1a81-4de9-bdfa-139d7988e68a as the min replicated index is 4. Deletion is not allowed in this container yet.
2019-10-21 08:06:59,154 [EventQueue-ContainerReportForContainerReportHandler] WARN  container.ContainerReportHandler (AbstractContainerReportHandler.java:updateContainerState(145)) - Container #1 is in OPEN state, but the datanode 65d24b39-69ca-4c04-8db2-5f56e7503c5d{ip: 192.168.34.35, host: pr-hdds-2334-ff2f7-1487717562, networkLocation: /default-rack, certSerialId: null} reports an CLOSED replica.
2019-10-21 08:06:59,177 [EventQueue-ContainerReportForContainerReportHandler] WARN  container.ContainerReportHandler (AbstractContainerReportHandler.java:updateContainerState(145)) - Container #1 is in OPEN state, but the datanode 2f6ec408-7fd3-48a9-91b7-234721c6dbd9{ip: 192.168.34.35, host: pr-hdds-2334-ff2f7-1487717562, networkLocation: /default-rack, certSerialId: null} reports an CLOSED replica.
2019-10-21 08:06:59,453 [EventQueue-ContainerReportForContainerReportHandler] WARN  container.ContainerReportHandler (AbstractContainerReportHandler.java:updateContainerState(145)) - Container #1 is in OPEN state, but the datanode 65d24b39-69ca-4c04-8db2-5f56e7503c5d{ip: 192.168.34.35, host: pr-hdds-2334-ff2f7-1487717562, networkLocation: /default-rack, certSerialId: null} reports an CLOSED replica.
2019-10-21 08:06:59,479 [EventQueue-ContainerReportForContainerReportHandler] WARN  container.ContainerReportHandler (AbstractContainerReportHandler.java:updateContainerState(145)) - Container #1 is in OPEN state, but the datanode 2f6ec408-7fd3-48a9-91b7-234721c6dbd9{ip: 192.168.34.35, host: pr-hdds-2334-ff2f7-1487717562, networkLocation: /default-rack, certSerialId: null} reports an CLOSED replica.
2019-10-21 08:06:59,780 [EventQueue-ContainerReportForContainerReportHandler] WARN  container.ContainerReportHandler (AbstractContainerReportHandler.java:updateContainerState(145)) - Container #1 is in OPEN state, but the datanode 2f6ec408-7fd3-48a9-91b7-234721c6dbd9{ip: 192.168.34.35, host: pr-hdds-2334-ff2f7-1487717562, networkLocation: /default-rack, certSerialId: null} reports an CLOSED replica.
2019-10-21 08:06:59,855 [EventQueue-ContainerReportForContainerReportHandler] WARN  container.ContainerReportHandler (AbstractContainerReportHandler.java:updateContainerState(145)) - Container #1 is in OPEN state, but the datanode 65d24b39-69ca-4c04-8db2-5f56e7503c5d{ip: 192.168.34.35, host: pr-hdds-2334-ff2f7-1487717562, networkLocation: /default-rack, certSerialId: null} reports an CLOSED replica.
2019-10-21 08:07:00,062 [java.util.concurrent.ThreadPoolExecutor$Worker@226f36e5[State = -1, empty queue]] WARN  server.GrpcLogAppender (GrpcLogAppender.java:timeoutAppendRequest(209)) - 65d24b39-69ca-4c04-8db2-5f56e7503c5d@group-139D7988E68A->b166f5f1-a6ad-4c66-9d3e-7e796ecacb8a-GrpcLogAppender: appendEntries Timeout, request=65d24b39-69ca-4c04-8db2-5f56e7503c5d->b166f5f1-a6ad-4c66-9d3e-7e796ecacb8a#47-t4, previous=(t:4, i:10), leaderCommit=10, initializing? false, entries: <empty>
2019-10-21 08:07:00,073 [BlockDeletingService#0] WARN  background.BlockDeletingService (BlockDeletingService.java:isDeletionAllowed(187)) - Close Container log Index 6 is not replicated across allthe servers in the pipeline 43b28a2a-1a81-4de9-bdfa-139d7988e68a as the min replicated index is 4. Deletion is not allowed in this container yet.
2019-10-21 08:07:00,073 [BlockDeletingService#2] WARN  background.BlockDeletingService (BlockDeletingService.java:isDeletionAllowed(187)) - Close Container log Index 6 is not replicated across allthe servers in the pipeline 43b28a2a-1a81-4de9-bdfa-139d7988e68a as the min replicated index is 4. Deletion is not allowed in this container yet.
2019-10-21 08:07:00,154 [EventQueue-ContainerReportForContainerReportHandler] WARN  container.ContainerReportHandler (AbstractContainerReportHandler.java:updateContainerState(145)) - Container #1 is in OPEN state, but the datanode 65d24b39-69ca-4c04-8db2-5f56e7503c5d{ip: 192.168.34.35, host: pr-hdds-2334-ff2f7-1487717562, networkLocation: /default-rack, certSerialId: null} reports an CLOSED replica.
2019-10-21 08:07:00,180 [EventQueue-ContainerReportForContainerReportHandler] WARN  container.ContainerReportHandler (AbstractContainerReportHandler.java:updateContainerState(145)) - Container #1 is in OPEN state, but the datanode 2f6ec408-7fd3-48a9-91b7-234721c6dbd9{ip: 192.168.34.35, host: pr-hdds-2334-ff2f7-1487717562, networkLocation: /default-rack, certSerialId: null} reports an CLOSED replica.
2019-10-21 08:07:00,453 [EventQueue-ContainerReportForContainerReportHandler] WARN  container.ContainerReportHandler (AbstractContainerReportHandler.java:updateContainerState(145)) - Container #1 is in OPEN state, but the datanode 65d24b39-69ca-4c04-8db2-5f56e7503c5d{ip: 192.168.34.35, host: pr-hdds-2334-ff2f7-1487717562, networkLocation: /default-rack, certSerialId: null} reports an CLOSED replica.
2019-10-21 08:07:00,582 [EventQueue-ContainerReportForContainerReportHandler] WARN  container.ContainerReportHandler (AbstractContainerReportHandler.java:updateContainerState(145)) - Container #1 is in OPEN state, but the datanode 2f6ec408-7fd3-48a9-91b7-234721c6dbd9{ip: 192.168.34.35, host: pr-hdds-2334-ff2f7-1487717562, networkLocation: /default-rack, certSerialId: null} reports an CLOSED replica.
2019-10-21 08:07:00,754 [EventQueue-ContainerReportForContainerReportHandler] WARN  container.ContainerReportHandler (AbstractContainerReportHandler.java:updateContainerState(145)) - Container #1 is in OPEN state, but the datanode 65d24b39-69ca-4c04-8db2-5f56e7503c5d{ip: 192.168.34.35, host: pr-hdds-2334-ff2f7-1487717562, networkLocation: /default-rack, certSerialId: null} reports an CLOSED replica.
2019-10-21 08:07:00,882 [EventQueue-ContainerReportForContainerReportHandler] WARN  container.ContainerReportHandler (AbstractContainerReportHandler.java:updateContainerState(145)) - Container #1 is in OPEN state, but the datanode 2f6ec408-7fd3-48a9-91b7-234721c6dbd9{ip: 192.168.34.35, host: pr-hdds-2334-ff2f7-1487717562, networkLocation: /default-rack, certSerialId: null} reports an CLOSED replica.
2019-10-21 08:07:01,055 [EventQueue-ContainerReportForContainerReportHandler] WARN  container.ContainerReportHandler (AbstractContainerReportHandler.java:updateContainerState(145)) - Container #1 is in OPEN state, but the datanode 65d24b39-69ca-4c04-8db2-5f56e7503c5d{ip: 192.168.34.35, host: pr-hdds-2334-ff2f7-1487717562, networkLocation: /default-rack, certSerialId: null} reports an CLOSED replica.
2019-10-21 08:07:01,076 [BlockDeletingService#0] WARN  background.BlockDeletingService (BlockDeletingService.java:isDeletionAllowed(187)) - Close Container log Index 6 is not replicated across allthe servers in the pipeline 43b28a2a-1a81-4de9-bdfa-139d7988e68a as the min replicated index is 4. Deletion is not allowed in this container yet.
2019-10-21 08:07:01,076 [BlockDeletingService#2] WARN  background.BlockDeletingService (BlockDeletingService.java:isDeletionAllowed(187)) - Close Container log Index 6 is not replicated across allthe servers in the pipeline 43b28a2a-1a81-4de9-bdfa-139d7988e68a as the min replicated index is 4. Deletion is not allowed in this container yet.
2019-10-21 08:07:01,183 [EventQueue-ContainerReportForContainerReportHandler] WARN  container.ContainerReportHandler (AbstractContainerReportHandler.java:updateContainerState(145)) - Container #1 is in OPEN state, but the datanode 2f6ec408-7fd3-48a9-91b7-234721c6dbd9{ip: 192.168.34.35, host: pr-hdds-2334-ff2f7-1487717562, networkLocation: /default-rack, certSerialId: null} reports an CLOSED replica.
2019-10-21 08:07:01,354 [EventQueue-ContainerReportForContainerReportHandler] WARN  container.ContainerReportHandler (AbstractContainerReportHandler.java:updateContainerState(145)) - Container #1 is in OPEN state, but the datanode 65d24b39-69ca-4c04-8db2-5f56e7503c5d{ip: 192.168.34.35, host: pr-hdds-2334-ff2f7-1487717562, networkLocation: /default-rack, certSerialId: null} reports an CLOSED replica.
2019-10-21 08:07:01,584 [EventQueue-ContainerReportForContainerReportHandler] WARN  container.ContainerReportHandler (AbstractContainerReportHandler.java:updateContainerState(145)) - Container #1 is in OPEN state, but the datanode 2f6ec408-7fd3-48a9-91b7-234721c6dbd9{ip: 192.168.34.35, host: pr-hdds-2334-ff2f7-1487717562, networkLocation: /default-rack, certSerialId: null} reports an CLOSED replica.
2019-10-21 08:07:01,655 [EventQueue-ContainerReportForContainerReportHandler] WARN  container.ContainerReportHandler (AbstractContainerReportHandler.java:updateContainerState(145)) - Container #1 is in OPEN state, but the datanode 65d24b39-69ca-4c04-8db2-5f56e7503c5d{ip: 192.168.34.35, host: pr-hdds-2334-ff2f7-1487717562, networkLocation: /default-rack, certSerialId: null} reports an CLOSED replica.
2019-10-21 08:07:01,956 [EventQueue-ContainerReportForContainerReportHandler] WARN  container.ContainerReportHandler (AbstractContainerReportHandler.java:updateContainerState(145)) - Container #1 is in OPEN state, but the datanode 65d24b39-69ca-4c04-8db2-5f56e7503c5d{ip: 192.168.34.35, host: pr-hdds-2334-ff2f7-1487717562, networkLocation: /default-rack, certSerialId: null} reports an CLOSED replica.
2019-10-21 08:07:01,984 [EventQueue-ContainerReportForContainerReportHandler] WARN  container.ContainerReportHandler (AbstractContainerReportHandler.java:updateContainerState(145)) - Container #1 is in OPEN state, but the datanode 2f6ec408-7fd3-48a9-91b7-234721c6dbd9{ip: 192.168.34.35, host: pr-hdds-2334-ff2f7-1487717562, networkLocation: /default-rack, certSerialId: null} reports an CLOSED replica.
2019-10-21 08:07:02,077 [BlockDeletingService#0] WARN  background.BlockDeletingService (BlockDeletingService.java:isDeletionAllowed(187)) - Close Container log Index 6 is not replicated across allthe servers in the pipeline 43b28a2a-1a81-4de9-bdfa-139d7988e68a as the min replicated index is 4. Deletion is not allowed in this container yet.
2019-10-21 08:07:02,077 [BlockDeletingService#2] WARN  background.BlockDeletingService (BlockDeletingService.java:isDeletionAllowed(187)) - Close Container log Index 6 is not replicated across allthe servers in the pipeline 43b28a2a-1a81-4de9-bdfa-139d7988e68a as the min replicated index is 4. Deletion is not allowed in this container yet.
2019-10-21 08:07:02,184 [EventQueue-ContainerReportForContainerReportHandler] WARN  container.ContainerReportHandler (AbstractContainerReportHandler.java:updateContainerState(145)) - Container #1 is in OPEN state, but the datanode 2f6ec408-7fd3-48a9-91b7-234721c6dbd9{ip: 192.168.34.35, host: pr-hdds-2334-ff2f7-1487717562, networkLocation: /default-rack, certSerialId: null} reports an CLOSED replica.
2019-10-21 08:07:02,256 [EventQueue-ContainerReportForContainerReportHandler] WARN  container.ContainerReportHandler (AbstractContainerReportHandler.java:updateContainerState(145)) - Container #1 is in OPEN state, but the datanode 65d24b39-69ca-4c04-8db2-5f56e7503c5d{ip: 192.168.34.35, host: pr-hdds-2334-ff2f7-1487717562, networkLocation: /default-rack, certSerialId: null} reports an CLOSED replica.
2019-10-21 08:07:02,457 [EventQueue-ContainerReportForContainerReportHandler] WARN  container.ContainerReportHandler (AbstractContainerReportHandler.java:updateContainerState(145)) - Container #1 is in OPEN state, but the datanode 65d24b39-69ca-4c04-8db2-5f56e7503c5d{ip: 192.168.34.35, host: pr-hdds-2334-ff2f7-1487717562, networkLocation: /default-rack, certSerialId: null} reports an CLOSED replica.
2019-10-21 08:07:02,564 [java.util.concurrent.ThreadPoolExecutor$Worker@226f36e5[State = -1, empty queue]] WARN  server.GrpcLogAppender (GrpcLogAppender.java:timeoutAppendRequest(209)) - 65d24b39-69ca-4c04-8db2-5f56e7503c5d@group-139D7988E68A->b166f5f1-a6ad-4c66-9d3e-7e796ecacb8a-GrpcLogAppender: appendEntries Timeout, request=65d24b39-69ca-4c04-8db2-5f56e7503c5d->b166f5f1-a6ad-4c66-9d3e-7e796ecacb8a#48-t4, previous=(t:4, i:10), leaderCommit=10, initializing? false, entries: <empty>
2019-10-21 08:07:02,586 [EventQueue-ContainerReportForContainerReportHandler] WARN  container.ContainerReportHandler (AbstractContainerReportHandler.java:updateContainerState(145)) - Container #1 is in OPEN state, but the datanode 2f6ec408-7fd3-48a9-91b7-234721c6dbd9{ip: 192.168.34.35, host: pr-hdds-2334-ff2f7-1487717562, networkLocation: /default-rack, certSerialId: null} reports an CLOSED replica.
2019-10-21 08:07:02,858 [EventQueue-ContainerReportForContainerReportHandler] WARN  container.ContainerReportHandler (AbstractContainerReportHandler.java:updateContainerState(145)) - Container #1 is in OPEN state, but the datanode 65d24b39-69ca-4c04-8db2-5f56e7503c5d{ip: 192.168.34.35, host: pr-hdds-2334-ff2f7-1487717562, networkLocation: /default-rack, certSerialId: null} reports an CLOSED replica.
2019-10-21 08:07:02,887 [EventQueue-ContainerReportForContainerReportHandler] WARN  container.ContainerReportHandler (AbstractContainerReportHandler.java:updateContainerState(145)) - Container #1 is in OPEN state, but the datanode 2f6ec408-7fd3-48a9-91b7-234721c6dbd9{ip: 192.168.34.35, host: pr-hdds-2334-ff2f7-1487717562, networkLocation: /default-rack, certSerialId: null} reports an CLOSED replica.
2019-10-21 08:07:03,058 [EventQueue-ContainerReportForContainerReportHandler] WARN  container.ContainerReportHandler (AbstractContainerReportHandler.java:updateContainerState(145)) - Container #1 is in OPEN state, but the datanode 65d24b39-69ca-4c04-8db2-5f56e7503c5d{ip: 192.168.34.35, host: pr-hdds-2334-ff2f7-1487717562, networkLocation: /default-rack, certSerialId: null} reports an CLOSED replica.
2019-10-21 08:07:03,138 [BlockDeletingService#0] WARN  background.BlockDeletingService (BlockDeletingService.java:isDeletionAllowed(187)) - Close Container log Index 6 is not replicated across allthe servers in the pipeline 43b28a2a-1a81-4de9-bdfa-139d7988e68a as the min replicated index is 4. Deletion is not allowed in this container yet.
2019-10-21 08:07:03,138 [BlockDeletingService#2] WARN  background.BlockDeletingService (BlockDeletingService.java:isDeletionAllowed(187)) - Close Container log Index 6 is not replicated across allthe servers in the pipeline 43b28a2a-1a81-4de9-bdfa-139d7988e68a as the min replicated index is 4. Deletion is not allowed in this container yet.
2019-10-21 08:07:03,187 [EventQueue-ContainerReportForContainerReportHandler] WARN  container.ContainerReportHandler (AbstractContainerReportHandler.java:updateContainerState(145)) - Container #1 is in OPEN state, but the datanode 2f6ec408-7fd3-48a9-91b7-234721c6dbd9{ip: 192.168.34.35, host: pr-hdds-2334-ff2f7-1487717562, networkLocation: /default-rack, certSerialId: null} reports an CLOSED replica.
2019-10-21 08:07:03,357 [EventQueue-ContainerReportForContainerReportHandler] WARN  container.ContainerReportHandler (AbstractContainerReportHandler.java:updateContainerState(145)) - Container #1 is in OPEN state, but the datanode 65d24b39-69ca-4c04-8db2-5f56e7503c5d{ip: 192.168.34.35, host: pr-hdds-2334-ff2f7-1487717562, networkLocation: /default-rack, certSerialId: null} reports an CLOSED replica.
2019-10-21 08:07:03,387 [EventQueue-ContainerReportForContainerReportHandler] WARN  container.ContainerReportHandler (AbstractContainerReportHandler.java:updateContainerState(145)) - Container #1 is in OPEN state, but the datanode 2f6ec408-7fd3-48a9-91b7-234721c6dbd9{ip: 192.168.34.35, host: pr-hdds-2334-ff2f7-1487717562, networkLocation: /default-rack, certSerialId: null} reports an CLOSED replica.
2019-10-21 08:07:03,587 [EventQueue-ContainerReportForContainerReportHandler] WARN  container.ContainerReportHandler (AbstractContainerReportHandler.java:updateContainerState(145)) - Container #1 is in OPEN state, but the datanode 2f6ec408-7fd3-48a9-91b7-234721c6dbd9{ip: 192.168.34.35, host: pr-hdds-2334-ff2f7-1487717562, networkLocation: /default-rack, certSerialId: null} reports an CLOSED replica.
2019-10-21 08:07:03,757 [EventQueue-ContainerReportForContainerReportHandler] WARN  container.ContainerReportHandler (AbstractContainerReportHandler.java:updateContainerState(145)) - Container #1 is in OPEN state, but the datanode 65d24b39-69ca-4c04-8db2-5f56e7503c5d{ip: 192.168.34.35, host: pr-hdds-2334-ff2f7-1487717562, networkLocation: /default-rack, certSerialId: null} reports an CLOSED replica.
2019-10-21 08:07:03,786 [EventQueue-ContainerReportForContainerReportHandler] WARN  container.ContainerReportHandler (AbstractContainerReportHandler.java:updateContainerState(145)) - Container #1 is in OPEN state, but the datanode 2f6ec408-7fd3-48a9-91b7-234721c6dbd9{ip: 192.168.34.35, host: pr-hdds-2334-ff2f7-1487717562, networkLocation: /default-rack, certSerialId: null} reports an CLOSED replica.
2019-10-21 08:07:03,959 [EventQueue-ContainerReportForContainerReportHandler] WARN  container.ContainerReportHandler (AbstractContainerReportHandler.java:updateContainerState(145)) - Container #1 is in OPEN state, but the datanode 65d24b39-69ca-4c04-8db2-5f56e7503c5d{ip: 192.168.34.35, host: pr-hdds-2334-ff2f7-1487717562, networkLocation: /default-rack, certSerialId: null} reports an CLOSED replica.
2019-10-21 08:07:04,139 [BlockDeletingService#0] WARN  background.BlockDeletingService (BlockDeletingService.java:isDeletionAllowed(187)) - Close Container log Index 6 is not replicated across allthe servers in the pipeline 43b28a2a-1a81-4de9-bdfa-139d7988e68a as the min replicated index is 4. Deletion is not allowed in this container yet.
2019-10-21 08:07:04,139 [BlockDeletingService#2] WARN  background.BlockDeletingService (BlockDeletingService.java:isDeletionAllowed(187)) - Close Container log Index 6 is not replicated across allthe servers in the pipeline 43b28a2a-1a81-4de9-bdfa-139d7988e68a as the min replicated index is 4. Deletion is not allowed in this container yet.
2019-10-21 08:07:04,188 [EventQueue-ContainerReportForContainerReportHandler] WARN  container.ContainerReportHandler (AbstractContainerReportHandler.java:updateContainerState(145)) - Container #1 is in OPEN state, but the datanode 2f6ec408-7fd3-48a9-91b7-234721c6dbd9{ip: 192.168.34.35, host: pr-hdds-2334-ff2f7-1487717562, networkLocation: /default-rack, certSerialId: null} reports an CLOSED replica.
2019-10-21 08:07:04,362 [EventQueue-ContainerReportForContainerReportHandler] WARN  container.ContainerReportHandler (AbstractContainerReportHandler.java:updateContainerState(145)) - Container #1 is in OPEN state, but the datanode 65d24b39-69ca-4c04-8db2-5f56e7503c5d{ip: 192.168.34.35, host: pr-hdds-2334-ff2f7-1487717562, networkLocation: /default-rack, certSerialId: null} reports an CLOSED replica.
2019-10-21 08:07:04,388 [EventQueue-ContainerReportForContainerReportHandler] WARN  container.ContainerReportHandler (AbstractContainerReportHandler.java:updateContainerState(145)) - Container #1 is in OPEN state, but the datanode 2f6ec408-7fd3-48a9-91b7-234721c6dbd9{ip: 192.168.34.35, host: pr-hdds-2334-ff2f7-1487717562, networkLocation: /default-rack, certSerialId: null} reports an CLOSED replica.
2019-10-21 08:07:04,662 [EventQueue-ContainerReportForContainerReportHandler] WARN  container.ContainerReportHandler (AbstractContainerReportHandler.java:updateContainerState(145)) - Container #1 is in OPEN state, but the datanode 65d24b39-69ca-4c04-8db2-5f56e7503c5d{ip: 192.168.34.35, host: pr-hdds-2334-ff2f7-1487717562, networkLocation: /default-rack, certSerialId: null} reports an CLOSED replica.
2019-10-21 08:07:04,690 [EventQueue-ContainerReportForContainerReportHandler] WARN  container.ContainerReportHandler (AbstractContainerReportHandler.java:updateContainerState(145)) - Container #1 is in OPEN state, but the datanode 2f6ec408-7fd3-48a9-91b7-234721c6dbd9{ip: 192.168.34.35, host: pr-hdds-2334-ff2f7-1487717562, networkLocation: /default-rack, certSerialId: null} reports an CLOSED replica.
2019-10-21 08:07:04,963 [EventQueue-ContainerReportForContainerReportHandler] WARN  container.ContainerReportHandler (AbstractContainerReportHandler.java:updateContainerState(145)) - Container #1 is in OPEN state, but the datanode 65d24b39-69ca-4c04-8db2-5f56e7503c5d{ip: 192.168.34.35, host: pr-hdds-2334-ff2f7-1487717562, networkLocation: /default-rack, certSerialId: null} reports an CLOSED replica.
2019-10-21 08:07:04,995 [EventQueue-ContainerReportForContainerReportHandler] WARN  container.ContainerReportHandler (AbstractContainerReportHandler.java:updateContainerState(145)) - Container #1 is in OPEN state, but the datanode 2f6ec408-7fd3-48a9-91b7-234721c6dbd9{ip: 192.168.34.35, host: pr-hdds-2334-ff2f7-1487717562, networkLocation: /default-rack, certSerialId: null} reports an CLOSED replica.
2019-10-21 08:07:05,065 [java.util.concurrent.ThreadPoolExecutor$Worker@226f36e5[State = -1, empty queue]] WARN  server.GrpcLogAppender (GrpcLogAppender.java:timeoutAppendRequest(209)) - 65d24b39-69ca-4c04-8db2-5f56e7503c5d@group-139D7988E68A->b166f5f1-a6ad-4c66-9d3e-7e796ecacb8a-GrpcLogAppender: appendEntries Timeout, request=65d24b39-69ca-4c04-8db2-5f56e7503c5d->b166f5f1-a6ad-4c66-9d3e-7e796ecacb8a#49-t4, previous=(t:4, i:10), leaderCommit=10, initializing? false, entries: <empty>
2019-10-21 08:07:05,141 [BlockDeletingService#0] WARN  background.BlockDeletingService (BlockDeletingService.java:isDeletionAllowed(187)) - Close Container log Index 6 is not replicated across allthe servers in the pipeline 43b28a2a-1a81-4de9-bdfa-139d7988e68a as the min replicated index is 4. Deletion is not allowed in this container yet.
2019-10-21 08:07:05,141 [BlockDeletingService#2] WARN  background.BlockDeletingService (BlockDeletingService.java:isDeletionAllowed(187)) - Close Container log Index 6 is not replicated across allthe servers in the pipeline 43b28a2a-1a81-4de9-bdfa-139d7988e68a as the min replicated index is 4. Deletion is not allowed in this container yet.
2019-10-21 08:07:05,292 [EventQueue-ContainerReportForContainerReportHandler] WARN  container.ContainerReportHandler (AbstractContainerReportHandler.java:updateContainerState(145)) - Container #1 is in OPEN state, but the datanode 2f6ec408-7fd3-48a9-91b7-234721c6dbd9{ip: 192.168.34.35, host: pr-hdds-2334-ff2f7-1487717562, networkLocation: /default-rack, certSerialId: null} reports an CLOSED replica.
2019-10-21 08:07:05,362 [EventQueue-ContainerReportForContainerReportHandler] WARN  container.ContainerReportHandler (AbstractContainerReportHandler.java:updateContainerState(145)) - Container #1 is in OPEN state, but the datanode 65d24b39-69ca-4c04-8db2-5f56e7503c5d{ip: 192.168.34.35, host: pr-hdds-2334-ff2f7-1487717562, networkLocation: /default-rack, certSerialId: null} reports an CLOSED replica.
2019-10-21 08:07:05,694 [EventQueue-ContainerReportForContainerReportHandler] WARN  container.ContainerReportHandler (AbstractContainerReportHandler.java:updateContainerState(145)) - Container #1 is in OPEN state, but the datanode 2f6ec408-7fd3-48a9-91b7-234721c6dbd9{ip: 192.168.34.35, host: pr-hdds-2334-ff2f7-1487717562, networkLocation: /default-rack, certSerialId: null} reports an CLOSED replica.
2019-10-21 08:07:05,762 [EventQueue-ContainerReportForContainerReportHandler] WARN  container.ContainerReportHandler (AbstractContainerReportHandler.java:updateContainerState(145)) - Container #1 is in OPEN state, but the datanode 65d24b39-69ca-4c04-8db2-5f56e7503c5d{ip: 192.168.34.35, host: pr-hdds-2334-ff2f7-1487717562, networkLocation: /default-rack, certSerialId: null} reports an CLOSED replica.
2019-10-21 08:07:05,995 [EventQueue-ContainerReportForContainerReportHandler] WARN  container.ContainerReportHandler (AbstractContainerReportHandler.java:updateContainerState(145)) - Container #1 is in OPEN state, but the datanode 2f6ec408-7fd3-48a9-91b7-234721c6dbd9{ip: 192.168.34.35, host: pr-hdds-2334-ff2f7-1487717562, networkLocation: /default-rack, certSerialId: null} reports an CLOSED replica.
2019-10-21 08:07:06,063 [EventQueue-ContainerReportForContainerReportHandler] WARN  container.ContainerReportHandler (AbstractContainerReportHandler.java:updateContainerState(145)) - Container #1 is in OPEN state, but the datanode 65d24b39-69ca-4c04-8db2-5f56e7503c5d{ip: 192.168.34.35, host: pr-hdds-2334-ff2f7-1487717562, networkLocation: /default-rack, certSerialId: null} reports an CLOSED replica.
2019-10-21 08:07:06,144 [BlockDeletingService#0] WARN  background.BlockDeletingService (BlockDeletingService.java:isDeletionAllowed(187)) - Close Container log Index 6 is not replicated across allthe servers in the pipeline 43b28a2a-1a81-4de9-bdfa-139d7988e68a as the min replicated index is 4. Deletion is not allowed in this container yet.
2019-10-21 08:07:06,144 [BlockDeletingService#2] WARN  background.BlockDeletingService (BlockDeletingService.java:isDeletionAllowed(187)) - Close Container log Index 6 is not replicated across allthe servers in the pipeline 43b28a2a-1a81-4de9-bdfa-139d7988e68a as the min replicated index is 4. Deletion is not allowed in this container yet.
2019-10-21 08:07:06,295 [EventQueue-ContainerReportForContainerReportHandler] WARN  container.ContainerReportHandler (AbstractContainerReportHandler.java:updateContainerState(145)) - Container #1 is in OPEN state, but the datanode 2f6ec408-7fd3-48a9-91b7-234721c6dbd9{ip: 192.168.34.35, host: pr-hdds-2334-ff2f7-1487717562, networkLocation: /default-rack, certSerialId: null} reports an CLOSED replica.
2019-10-21 08:07:06,364 [EventQueue-ContainerReportForContainerReportHandler] WARN  container.ContainerReportHandler (AbstractContainerReportHandler.java:updateContainerState(145)) - Container #1 is in OPEN state, but the datanode 65d24b39-69ca-4c04-8db2-5f56e7503c5d{ip: 192.168.34.35, host: pr-hdds-2334-ff2f7-1487717562, networkLocation: /default-rack, certSerialId: null} reports an CLOSED replica.
2019-10-21 08:07:06,495 [EventQueue-ContainerReportForContainerReportHandler] WARN  container.ContainerReportHandler (AbstractContainerReportHandler.java:updateContainerState(145)) - Container #1 is in OPEN state, but the datanode 2f6ec408-7fd3-48a9-91b7-234721c6dbd9{ip: 192.168.34.35, host: pr-hdds-2334-ff2f7-1487717562, networkLocation: /default-rack, certSerialId: null} reports an CLOSED replica.
2019-10-21 08:07:06,655 [EventQueue-StaleNodeForStaleNodeHandler] INFO  node.StaleNodeHandler (StaleNodeHandler.java:onMessage(58)) - Datanode b166f5f1-a6ad-4c66-9d3e-7e796ecacb8a{ip: 192.168.34.35, host: pr-hdds-2334-ff2f7-1487717562, networkLocation: /default-rack, certSerialId: null} moved to stale state. Finalizing its pipelines [PipelineID=43b28a2a-1a81-4de9-bdfa-139d7988e68a, PipelineID=e9424d83-3f1e-4b56-b972-f10666905c5b]
2019-10-21 08:07:06,656 [EventQueue-StaleNodeForStaleNodeHandler] INFO  pipeline.SCMPipelineManager (SCMPipelineManager.java:finalizeAndDestroyPipeline(315)) - destroying pipeline:Pipeline[ Id: 43b28a2a-1a81-4de9-bdfa-139d7988e68a, Nodes: 2f6ec408-7fd3-48a9-91b7-234721c6dbd9{ip: 192.168.34.35, host: pr-hdds-2334-ff2f7-1487717562, networkLocation: /default-rack, certSerialId: null}b166f5f1-a6ad-4c66-9d3e-7e796ecacb8a{ip: 192.168.34.35, host: pr-hdds-2334-ff2f7-1487717562, networkLocation: /default-rack, certSerialId: null}65d24b39-69ca-4c04-8db2-5f56e7503c5d{ip: 192.168.34.35, host: pr-hdds-2334-ff2f7-1487717562, networkLocation: /default-rack, certSerialId: null}, Type:RATIS, Factor:THREE, State:OPEN]
2019-10-21 08:07:06,658 [EventQueue-StaleNodeForStaleNodeHandler] INFO  pipeline.PipelineStateManager (PipelineStateManager.java:finalizePipeline(123)) - Pipeline Pipeline[ Id: 43b28a2a-1a81-4de9-bdfa-139d7988e68a, Nodes: 2f6ec408-7fd3-48a9-91b7-234721c6dbd9{ip: 192.168.34.35, host: pr-hdds-2334-ff2f7-1487717562, networkLocation: /default-rack, certSerialId: null}b166f5f1-a6ad-4c66-9d3e-7e796ecacb8a{ip: 192.168.34.35, host: pr-hdds-2334-ff2f7-1487717562, networkLocation: /default-rack, certSerialId: null}65d24b39-69ca-4c04-8db2-5f56e7503c5d{ip: 192.168.34.35, host: pr-hdds-2334-ff2f7-1487717562, networkLocation: /default-rack, certSerialId: null}, Type:RATIS, Factor:THREE, State:CLOSED] moved to CLOSED state
2019-10-21 08:07:06,659 [EventQueue-CloseContainerForCloseContainerEventHandler] INFO  container.CloseContainerEventHandler (CloseContainerEventHandler.java:onMessage(61)) - Close container Event triggered for container : #1
2019-10-21 08:07:06,662 [EventQueue-StaleNodeForStaleNodeHandler] INFO  pipeline.SCMPipelineManager (SCMPipelineManager.java:finalizeAndDestroyPipeline(315)) - destroying pipeline:Pipeline[ Id: e9424d83-3f1e-4b56-b972-f10666905c5b, Nodes: b166f5f1-a6ad-4c66-9d3e-7e796ecacb8a{ip: 192.168.34.35, host: pr-hdds-2334-ff2f7-1487717562, networkLocation: /default-rack, certSerialId: null}, Type:RATIS, Factor:ONE, State:OPEN]
2019-10-21 08:07:06,663 [EventQueue-StaleNodeForStaleNodeHandler] INFO  pipeline.PipelineStateManager (PipelineStateManager.java:finalizePipeline(123)) - Pipeline Pipeline[ Id: e9424d83-3f1e-4b56-b972-f10666905c5b, Nodes: b166f5f1-a6ad-4c66-9d3e-7e796ecacb8a{ip: 192.168.34.35, host: pr-hdds-2334-ff2f7-1487717562, networkLocation: /default-rack, certSerialId: null}, Type:RATIS, Factor:ONE, State:CLOSED] moved to CLOSED state
2019-10-21 08:07:06,664 [EventQueue-ContainerReportForContainerReportHandler] INFO  container.ContainerReportHandler (AbstractContainerReportHandler.java:updateContainerState(178)) - Moving container #1 to CLOSED state, datanode 65d24b39-69ca-4c04-8db2-5f56e7503c5d{ip: 192.168.34.35, host: pr-hdds-2334-ff2f7-1487717562, networkLocation: /default-rack, certSerialId: null} reported CLOSED replica.
2019-10-21 08:07:06,847 [SCMBlockDeletingService#1] INFO  block.SCMBlockDeletingService (SCMBlockDeletingService.java:call(184)) - Totally added 3 delete blocks command for 3 datanodes, task elapsed time: 6ms
2019-10-21 08:07:06,898 [EventQueue-PendingDeleteStatusForPendingDeleteHandler] INFO  block.SCMBlockDeletingService (SCMBlockDeletingService.java:handlePendingDeletes(115)) - Block deletion txnID mismatch in datanode 2f6ec408-7fd3-48a9-91b7-234721c6dbd9 for containerID 1. Datanode delete txnID: 0, SCM txnID: 1
2019-10-21 08:07:07,065 [EventQueue-PendingDeleteStatusForPendingDeleteHandler] INFO  block.SCMBlockDeletingService (SCMBlockDeletingService.java:handlePendingDeletes(115)) - Block deletion txnID mismatch in datanode 65d24b39-69ca-4c04-8db2-5f56e7503c5d for containerID 1. Datanode delete txnID: 0, SCM txnID: 1
2019-10-21 08:07:07,096 [EventQueue-PendingDeleteStatusForPendingDeleteHandler] INFO  block.SCMBlockDeletingService (SCMBlockDeletingService.java:handlePendingDeletes(115)) - Block deletion txnID mismatch in datanode 2f6ec408-7fd3-48a9-91b7-234721c6dbd9 for containerID 1. Datanode delete txnID: 0, SCM txnID: 1
2019-10-21 08:07:07,145 [BlockDeletingService#0] WARN  background.BlockDeletingService (BlockDeletingService.java:isDeletionAllowed(187)) - Close Container log Index 6 is not replicated across allthe servers in the pipeline 43b28a2a-1a81-4de9-bdfa-139d7988e68a as the min replicated index is 4. Deletion is not allowed in this container yet.
2019-10-21 08:07:07,145 [BlockDeletingService#2] WARN  background.BlockDeletingService (BlockDeletingService.java:isDeletionAllowed(187)) - Close Container log Index 6 is not replicated across allthe servers in the pipeline 43b28a2a-1a81-4de9-bdfa-139d7988e68a as the min replicated index is 4. Deletion is not allowed in this container yet.
2019-10-21 08:07:07,167 [Command processor thread] INFO  commandhandler.DeleteBlocksCommandHandler (DeleteBlocksCommandHandler.java:handle(106)) - Start to delete container blocks, TXIDs=[1(0)], numOfContainers=1, numOfBlocks=1
2019-10-21 08:07:07,396 [EventQueue-PendingDeleteStatusForPendingDeleteHandler] INFO  block.SCMBlockDeletingService (SCMBlockDeletingService.java:handlePendingDeletes(115)) - Block deletion txnID mismatch in datanode 2f6ec408-7fd3-48a9-91b7-234721c6dbd9 for containerID 1. Datanode delete txnID: 0, SCM txnID: 1
2019-10-21 08:07:07,566 [java.util.concurrent.ThreadPoolExecutor$Worker@226f36e5[State = -1, empty queue]] WARN  server.GrpcLogAppender (GrpcLogAppender.java:timeoutAppendRequest(209)) - 65d24b39-69ca-4c04-8db2-5f56e7503c5d@group-139D7988E68A->b166f5f1-a6ad-4c66-9d3e-7e796ecacb8a-GrpcLogAppender: appendEntries Timeout, request=65d24b39-69ca-4c04-8db2-5f56e7503c5d->b166f5f1-a6ad-4c66-9d3e-7e796ecacb8a#50-t4, previous=(t:4, i:10), leaderCommit=10, initializing? false, entries: <empty>
2019-10-21 08:07:07,596 [EventQueue-PendingDeleteStatusForPendingDeleteHandler] INFO  block.SCMBlockDeletingService (SCMBlockDeletingService.java:handlePendingDeletes(115)) - Block deletion txnID mismatch in datanode 2f6ec408-7fd3-48a9-91b7-234721c6dbd9 for containerID 1. Datanode delete txnID: 0, SCM txnID: 1
2019-10-21 08:07:07,632 [main] INFO  impl.MetricsSystemImpl (MetricsSystemImpl.java:init(158)) - HddsDatanode metrics system started (again)
2019-10-21 08:07:07,684 [main] INFO  ozone.HddsDatanodeService (HddsDatanodeService.java:start(184)) - HddsDatanodeService host:pr-hdds-2334-ff2f7-1487717562 ip:192.168.34.35
2019-10-21 08:07:07,687 [main] INFO  volume.VolumeUsage (VolumeUsage.java:loadScmUsed(144)) - Cached ScmUsed found for /workdir/hadoop-ozone/integration-test/target/test-dir/MiniOzoneClusterImpl-4ab24f66-bd6b-4106-b39e-8a9e797e32b6/datanode-2/data/containers : 4096 
2019-10-21 08:07:07,688 [main] INFO  volume.HddsVolume (HddsVolume.java:<init>(176)) - Creating Volume: /workdir/hadoop-ozone/integration-test/target/test-dir/MiniOzoneClusterImpl-4ab24f66-bd6b-4106-b39e-8a9e797e32b6/datanode-2/data/containers/hdds of  storage type : DISK and capacity : 1482555576320
2019-10-21 08:07:07,688 [main] INFO  volume.VolumeSet (VolumeSet.java:initializeVolumeSet(170)) - Added Volume : /workdir/hadoop-ozone/integration-test/target/test-dir/MiniOzoneClusterImpl-4ab24f66-bd6b-4106-b39e-8a9e797e32b6/datanode-2/data/containers/hdds to VolumeSet
2019-10-21 08:07:07,689 [main] INFO  volume.ThrottledAsyncChecker (ThrottledAsyncChecker.java:schedule(141)) - Scheduling a check for /workdir/hadoop-ozone/integration-test/target/test-dir/MiniOzoneClusterImpl-4ab24f66-bd6b-4106-b39e-8a9e797e32b6/datanode-2/data/containers/hdds
2019-10-21 08:07:07,689 [main] INFO  volume.HddsVolumeChecker (HddsVolumeChecker.java:checkAllVolumes(204)) - Scheduled health check for volume /workdir/hadoop-ozone/integration-test/target/test-dir/MiniOzoneClusterImpl-4ab24f66-bd6b-4106-b39e-8a9e797e32b6/datanode-2/data/containers/hdds
2019-10-21 08:07:07,695 [Command processor thread] INFO  commandhandler.DeleteBlocksCommandHandler (DeleteBlocksCommandHandler.java:handle(106)) - Start to delete container blocks, TXIDs=[1(0)], numOfContainers=1, numOfBlocks=1
2019-10-21 08:07:07,736 [main] INFO  impl.RaftServerProxy (ConfUtils.java:logGet(43)) - raft.rpc.type = GRPC (default)
2019-10-21 08:07:07,737 [main] INFO  grpc.GrpcFactory (GrpcFactory.java:checkPooledByteBufAllocatorUseCacheForAllThreads(45)) - PERFORMANCE WARNING: useCacheForAllThreads is true that may cause Netty to create a lot garbage objects and, as a result, trigger GC.
	It is recommended to disable useCacheForAllThreads by setting -Dorg.apache.ratis.thirdparty.io.netty.allocator.useCacheForAllThreads=false in command line.
2019-10-21 08:07:07,737 [main] INFO  grpc.GrpcConfigKeys$Server (ConfUtils.java:logGet(43)) - raft.grpc.server.port = 39693 (custom)
2019-10-21 08:07:07,737 [main] INFO  server.GrpcService (ConfUtils.java:logGet(43)) - raft.grpc.message.size.max = 33570816 (custom)
2019-10-21 08:07:07,737 [main] INFO  server.RaftServerConfigKeys (ConfUtils.java:logGet(43)) - raft.server.log.appender.buffer.byte-limit = 33554432 (custom)
2019-10-21 08:07:07,738 [main] INFO  server.GrpcService (ConfUtils.java:logGet(43)) - raft.grpc.flow.control.window = 1MB (=1048576) (default)
2019-10-21 08:07:07,738 [main] INFO  server.RaftServerConfigKeys (ConfUtils.java:logGet(43)) - raft.server.rpc.request.timeout = 3000ms (default)
2019-10-21 08:07:07,739 [main] INFO  server.RaftServerConfigKeys (ConfUtils.java:logGet(43)) - raft.server.storage.dir = [/workdir/hadoop-ozone/integration-test/target/test-dir/MiniOzoneClusterImpl-4ab24f66-bd6b-4106-b39e-8a9e797e32b6/datanode-2/data/ratis] (custom)
2019-10-21 08:07:07,739 [main] INFO  impl.RaftServerProxy (RaftServerProxy.java:lambda$null$0(191)) - b166f5f1-a6ad-4c66-9d3e-7e796ecacb8a: found a subdirectory /workdir/hadoop-ozone/integration-test/target/test-dir/MiniOzoneClusterImpl-4ab24f66-bd6b-4106-b39e-8a9e797e32b6/datanode-2/data/ratis/e9424d83-3f1e-4b56-b972-f10666905c5b
2019-10-21 08:07:07,740 [main] INFO  impl.RaftServerProxy (RaftServerProxy.java:addNew(89)) - b166f5f1-a6ad-4c66-9d3e-7e796ecacb8a: addNew group-F10666905C5B:[] returns group-F10666905C5B:java.util.concurrent.CompletableFuture@69f0b0f4[Not completed]
2019-10-21 08:07:07,740 [main] INFO  impl.RaftServerProxy (RaftServerProxy.java:lambda$null$0(191)) - b166f5f1-a6ad-4c66-9d3e-7e796ecacb8a: found a subdirectory /workdir/hadoop-ozone/integration-test/target/test-dir/MiniOzoneClusterImpl-4ab24f66-bd6b-4106-b39e-8a9e797e32b6/datanode-2/data/ratis/43b28a2a-1a81-4de9-bdfa-139d7988e68a
2019-10-21 08:07:07,741 [main] INFO  impl.RaftServerProxy (RaftServerProxy.java:addNew(89)) - b166f5f1-a6ad-4c66-9d3e-7e796ecacb8a: addNew group-139D7988E68A:[] returns group-139D7988E68A:java.util.concurrent.CompletableFuture@66933239[Not completed]
2019-10-21 08:07:07,747 [main] INFO  hdfs.DFSUtil (DFSUtil.java:httpServerTemplateForNNAndJN(1641)) - Starting Web-server for hddsDatanode at: http://0.0.0.0:37980
2019-10-21 08:07:07,747 [pool-59-thread-1] INFO  impl.RaftServerImpl (RaftServerImpl.java:<init>(104)) - b166f5f1-a6ad-4c66-9d3e-7e796ecacb8a: new RaftServerImpl for group-F10666905C5B:[] with ContainerStateMachine:uninitialized
2019-10-21 08:07:07,747 [pool-59-thread-1] INFO  server.RaftServerConfigKeys (ConfUtils.java:logGet(43)) - raft.server.rpc.timeout.min = 5s (custom)
2019-10-21 08:07:07,747 [pool-59-thread-1] INFO  server.RaftServerConfigKeys (ConfUtils.java:logGet(43)) - raft.server.rpc.timeout.max = 5200ms (custom)
2019-10-21 08:07:07,747 [pool-59-thread-1] INFO  server.RaftServerConfigKeys (ConfUtils.java:logGet(43)) - raft.server.rpcslowness.timeout = 1000s (custom)
2019-10-21 08:07:07,747 [pool-59-thread-1] INFO  server.RaftServerConfigKeys (ConfUtils.java:logGet(43)) - raft.server.sleep.deviation.threshold = 300 (default)
2019-10-21 08:07:07,748 [pool-59-thread-1] INFO  server.RaftServerConfigKeys (ConfUtils.java:logGet(43)) - raft.server.log.appender.install.snapshot.enabled = false (custom)
2019-10-21 08:07:07,748 [pool-59-thread-1] INFO  impl.RaftServerImpl (ServerState.java:<init>(103)) - b166f5f1-a6ad-4c66-9d3e-7e796ecacb8a@group-F10666905C5B: ConfigurationManager, init=-1: [], old=null, confs=<EMPTY_MAP>
2019-10-21 08:07:07,748 [pool-59-thread-1] INFO  server.RaftServerConfigKeys (ConfUtils.java:logGet(43)) - raft.server.storage.dir = [/workdir/hadoop-ozone/integration-test/target/test-dir/MiniOzoneClusterImpl-4ab24f66-bd6b-4106-b39e-8a9e797e32b6/datanode-2/data/ratis] (custom)
2019-10-21 08:07:07,748 [pool-59-thread-1] INFO  server.RaftServerConfigKeys (ConfUtils.java:logGet(43)) - raft.server.log.corruption.policy = EXCEPTION (default)
2019-10-21 08:07:07,749 [main] INFO  server.AuthenticationFilter (AuthenticationFilter.java:constructSecretProvider(240)) - Unable to initialize FileSignerSecretProvider, falling back to use random secrets.
2019-10-21 08:07:07,750 [main] WARN  http.HttpRequestLog (HttpRequestLog.java:getRequestLog(97)) - Jetty request log can only be enabled using Log4j
2019-10-21 08:07:07,753 [main] INFO  http.HttpServer2 (HttpServer2.java:addGlobalFilter(975)) - Added global filter 'safety' (class=org.apache.hadoop.http.HttpServer2$QuotingInputFilter)
2019-10-21 08:07:07,754 [main] INFO  http.HttpServer2 (HttpServer2.java:addFilter(948)) - Added filter static_user_filter (class=org.apache.hadoop.http.lib.StaticUserWebFilter$StaticUserFilter) to context hddsDatanode
2019-10-21 08:07:07,754 [main] INFO  http.HttpServer2 (HttpServer2.java:addFilter(958)) - Added filter static_user_filter (class=org.apache.hadoop.http.lib.StaticUserWebFilter$StaticUserFilter) to context logs
2019-10-21 08:07:07,754 [main] INFO  http.HttpServer2 (HttpServer2.java:addFilter(958)) - Added filter static_user_filter (class=org.apache.hadoop.http.lib.StaticUserWebFilter$StaticUserFilter) to context static
2019-10-21 08:07:07,755 [Thread-558] INFO  client.GrpcClientProtocolService (GrpcClientProtocolService.java:lambda$processClientRequest$0(278)) - Failed RaftClientRequest:client-771575C6CFE7->65d24b39-69ca-4c04-8db2-5f56e7503c5d@group-139D7988E68A, cid=10, seq=0, Watch-ALL_COMMITTED(6), Message:<EMPTY>, reply=RaftClientReply:client-771575C6CFE7->65d24b39-69ca-4c04-8db2-5f56e7503c5d@group-139D7988E68A, cid=10, FAILED org.apache.ratis.protocol.NotReplicatedException: Request with call Id 10 and log index 6 is not yet replicated to ALL_COMMITTED, logIndex=6, commits[65d24b39-69ca-4c04-8db2-5f56e7503c5d:c10, b166f5f1-a6ad-4c66-9d3e-7e796ecacb8a:c4, 2f6ec408-7fd3-48a9-91b7-234721c6dbd9:c10]
2019-10-21 08:07:07,756 [main] INFO  http.HttpServer2 (HttpServer2.java:bindListener(1191)) - Jetty bound to port 37980
2019-10-21 08:07:07,756 [main] INFO  server.Server (Server.java:doStart(351)) - jetty-9.3.25.v20180904, build timestamp: 2018-09-04T21:11:46Z, git hash: 3ce520221d0240229c862b122d2b06c12a625732
2019-10-21 08:07:07,760 [main] INFO  handler.ContextHandler (ContextHandler.java:doStart(781)) - Started o.e.j.s.ServletContextHandler@1d61a348{/logs,file:///workdir/hadoop-ozone/integration-test/target/log,AVAILABLE}
2019-10-21 08:07:07,761 [main] INFO  handler.ContextHandler (ContextHandler.java:doStart(781)) - Started o.e.j.s.ServletContextHandler@d2291de{/static,jar:file:/home/user/.m2/repository/org/apache/hadoop/hadoop-hdds-container-service/0.5.0-SNAPSHOT/hadoop-hdds-container-service-0.5.0-SNAPSHOT.jar!/webapps/static,AVAILABLE}
2019-10-21 08:07:07,761 [pool-59-thread-1] INFO  storage.RaftStorageDirectory (RaftStorageDirectory.java:tryLock(328)) - Lock on /workdir/hadoop-ozone/integration-test/target/test-dir/MiniOzoneClusterImpl-4ab24f66-bd6b-4106-b39e-8a9e797e32b6/datanode-2/data/ratis/e9424d83-3f1e-4b56-b972-f10666905c5b/in_use.lock acquired by nodename 15866@pr-hdds-2334-ff2f7-1487717562
2019-10-21 08:07:07,764 [pool-59-thread-1] INFO  ratis.ContainerStateMachine (ContainerStateMachine.java:loadSnapshot(231)) - group-F10666905C5B: The snapshot info is null. Setting the last applied indexto:(t:0, i:~)
2019-10-21 08:07:07,764 [pool-59-thread-1] INFO  server.RaftServerConfigKeys (ConfUtils.java:logGet(43)) - raft.server.notification.no-leader.timeout = 1000s (custom)
2019-10-21 08:07:07,764 [pool-59-thread-1] INFO  server.RaftServerConfigKeys (ConfUtils.java:logGet(43)) - raft.server.log.use.memory = false (default)
2019-10-21 08:07:07,764 [pool-59-thread-1] INFO  server.RaftServerConfigKeys (ConfUtils.java:logGet(43)) - raft.server.log.purge.gap = 1000000 (custom)
2019-10-21 08:07:07,764 [pool-59-thread-1] INFO  server.RaftServerConfigKeys (ConfUtils.java:logGet(43)) - raft.server.log.appender.buffer.byte-limit = 33554432 (custom)
2019-10-21 08:07:07,765 [pool-59-thread-1] INFO  server.RaftServerConfigKeys (ConfUtils.java:logGet(43)) - raft.server.log.segment.size.max = 1048576 (custom)
2019-10-21 08:07:07,765 [pool-59-thread-1] INFO  server.RaftServerConfigKeys (ConfUtils.java:logGet(43)) - raft.server.log.segment.cache.num.max = 2 (custom)
2019-10-21 08:07:07,765 [pool-59-thread-1] INFO  segmented.SegmentedRaftLogWorker (SegmentedRaftLogWorker.java:<init>(173)) - new b166f5f1-a6ad-4c66-9d3e-7e796ecacb8a@group-F10666905C5B-SegmentedRaftLogWorker for RaftStorage:Storage Directory /workdir/hadoop-ozone/integration-test/target/test-dir/MiniOzoneClusterImpl-4ab24f66-bd6b-4106-b39e-8a9e797e32b6/datanode-2/data/ratis/e9424d83-3f1e-4b56-b972-f10666905c5b
2019-10-21 08:07:07,765 [pool-59-thread-1] INFO  server.RaftServerConfigKeys (ConfUtils.java:logGet(43)) - raft.server.log.queue.byte-limit = 2147483647 (custom)
2019-10-21 08:07:07,765 [pool-59-thread-1] INFO  server.RaftServerConfigKeys (ConfUtils.java:logGet(43)) - raft.server.log.queue.element-limit = 1024 (custom)
2019-10-21 08:07:07,766 [pool-59-thread-1] INFO  server.RaftServerConfigKeys (ConfUtils.java:logGet(43)) - raft.server.log.segment.size.max = 1048576 (custom)
2019-10-21 08:07:07,766 [pool-59-thread-1] INFO  server.RaftServerConfigKeys (ConfUtils.java:logGet(43)) - raft.server.log.preallocated.size = 16384 (custom)
2019-10-21 08:07:07,766 [pool-59-thread-1] INFO  server.RaftServerConfigKeys (ConfUtils.java:logGet(43)) - raft.server.log.write.buffer.size = 33554432 (custom)
2019-10-21 08:07:07,766 [pool-59-thread-1] INFO  server.RaftServerConfigKeys (ConfUtils.java:logGet(43)) - raft.server.log.force.sync.num = 128 (default)
2019-10-21 08:07:07,766 [pool-59-thread-1] INFO  server.RaftServerConfigKeys (ConfUtils.java:logGet(43)) - raft.server.log.statemachine.data.sync = true (default)
2019-10-21 08:07:07,766 [pool-59-thread-1] INFO  server.RaftServerConfigKeys (ConfUtils.java:logGet(43)) - raft.server.log.statemachine.data.sync.timeout = 10s (default)
2019-10-21 08:07:07,766 [pool-59-thread-1] INFO  server.RaftServerConfigKeys (ConfUtils.java:logGet(43)) - raft.server.log.statemachine.data.sync.timeout.retry = -1 (default)
2019-10-21 08:07:07,767 [pool-59-thread-1] INFO  server.RaftServerConfigKeys (ConfUtils.java:logGet(43)) - raft.server.log.statemachine.data.caching.enabled = true (custom)
2019-10-21 08:07:07,774 [pool-59-thread-1] INFO  impl.RaftServerImpl (ServerState.java:setRaftConf(357)) - b166f5f1-a6ad-4c66-9d3e-7e796ecacb8a@group-F10666905C5B: set configuration 0: [b166f5f1-a6ad-4c66-9d3e-7e796ecacb8a:192.168.34.35:39693], old=null at 0
2019-10-21 08:07:07,774 [pool-59-thread-1] INFO  segmented.LogSegment (LogSegment.java:loadSegment(140)) - Successfully read 1 entries from segment file /workdir/hadoop-ozone/integration-test/target/test-dir/MiniOzoneClusterImpl-4ab24f66-bd6b-4106-b39e-8a9e797e32b6/datanode-2/data/ratis/e9424d83-3f1e-4b56-b972-f10666905c5b/current/log_inprogress_0
2019-10-21 08:07:07,774 [pool-59-thread-1] INFO  segmented.SegmentedRaftLogWorker (SegmentedRaftLogWorker.java:lambda$new$0(128)) - b166f5f1-a6ad-4c66-9d3e-7e796ecacb8a@group-F10666905C5B-SegmentedRaftLogWorker: flushIndex: setUnconditionally 0 -> 0
2019-10-21 08:07:07,800 [pool-59-thread-1] INFO  server.RaftServerConfigKeys (ConfUtils.java:logGet(43)) - raft.server.snapshot.auto.trigger.enabled = true (custom)
2019-10-21 08:07:07,800 [pool-59-thread-1] INFO  server.RaftServerConfigKeys (ConfUtils.java:logGet(43)) - raft.server.snapshot.auto.trigger.threshold = 10000 (custom)
2019-10-21 08:07:07,800 [pool-59-thread-1] INFO  server.RaftServerConfigKeys (ConfUtils.java:logGet(43)) - raft.server.snapshot.retention.file.num = 5 (custom)
2019-10-21 08:07:07,801 [pool-59-thread-1] INFO  server.RaftServerConfigKeys (ConfUtils.java:logGet(43)) - raft.server.retrycache.expirytime = 600000ms (custom)
2019-10-21 08:07:07,803 [pool-59-thread-1] INFO  impl.RaftServerImpl (RaftServerImpl.java:<init>(104)) - b166f5f1-a6ad-4c66-9d3e-7e796ecacb8a: new RaftServerImpl for group-139D7988E68A:[] with ContainerStateMachine:uninitialized
2019-10-21 08:07:07,803 [pool-59-thread-1] INFO  server.RaftServerConfigKeys (ConfUtils.java:logGet(43)) - raft.server.rpc.timeout.min = 5s (custom)
2019-10-21 08:07:07,803 [pool-59-thread-1] INFO  server.RaftServerConfigKeys (ConfUtils.java:logGet(43)) - raft.server.rpc.timeout.max = 5200ms (custom)
2019-10-21 08:07:07,803 [pool-59-thread-1] INFO  server.RaftServerConfigKeys (ConfUtils.java:logGet(43)) - raft.server.rpcslowness.timeout = 1000s (custom)
2019-10-21 08:07:07,803 [pool-59-thread-1] INFO  server.RaftServerConfigKeys (ConfUtils.java:logGet(43)) - raft.server.sleep.deviation.threshold = 300 (default)
2019-10-21 08:07:07,803 [pool-59-thread-1] INFO  server.RaftServerConfigKeys (ConfUtils.java:logGet(43)) - raft.server.log.appender.install.snapshot.enabled = false (custom)
2019-10-21 08:07:07,803 [pool-59-thread-1] INFO  impl.RaftServerImpl (ServerState.java:<init>(103)) - b166f5f1-a6ad-4c66-9d3e-7e796ecacb8a@group-139D7988E68A: ConfigurationManager, init=-1: [], old=null, confs=<EMPTY_MAP>
2019-10-21 08:07:07,803 [pool-59-thread-1] INFO  server.RaftServerConfigKeys (ConfUtils.java:logGet(43)) - raft.server.storage.dir = [/workdir/hadoop-ozone/integration-test/target/test-dir/MiniOzoneClusterImpl-4ab24f66-bd6b-4106-b39e-8a9e797e32b6/datanode-2/data/ratis] (custom)
2019-10-21 08:07:07,804 [pool-59-thread-1] INFO  server.RaftServerConfigKeys (ConfUtils.java:logGet(43)) - raft.server.log.corruption.policy = EXCEPTION (default)
2019-10-21 08:07:07,816 [pool-59-thread-1] INFO  storage.RaftStorageDirectory (RaftStorageDirectory.java:tryLock(328)) - Lock on /workdir/hadoop-ozone/integration-test/target/test-dir/MiniOzoneClusterImpl-4ab24f66-bd6b-4106-b39e-8a9e797e32b6/datanode-2/data/ratis/43b28a2a-1a81-4de9-bdfa-139d7988e68a/in_use.lock acquired by nodename 15866@pr-hdds-2334-ff2f7-1487717562
2019-10-21 08:07:07,818 [pool-59-thread-1] INFO  ratis.ContainerStateMachine (ContainerStateMachine.java:loadSnapshot(240)) - group-139D7988E68A: Setting the last applied index to (t:4, i:3)
2019-10-21 08:07:07,822 [pool-59-thread-1] INFO  impl.RaftServerImpl (ServerState.java:setRaftConf(357)) - b166f5f1-a6ad-4c66-9d3e-7e796ecacb8a@group-139D7988E68A: set configuration 0: [b166f5f1-a6ad-4c66-9d3e-7e796ecacb8a:192.168.34.35:39693, 65d24b39-69ca-4c04-8db2-5f56e7503c5d:192.168.34.35:45259, 2f6ec408-7fd3-48a9-91b7-234721c6dbd9:192.168.34.35:41673], old=null at 0
2019-10-21 08:07:07,822 [pool-59-thread-1] INFO  server.RaftServerConfigKeys (ConfUtils.java:logGet(43)) - raft.server.notification.no-leader.timeout = 1000s (custom)
2019-10-21 08:07:07,823 [pool-59-thread-1] INFO  server.RaftServerConfigKeys (ConfUtils.java:logGet(43)) - raft.server.log.use.memory = false (default)
2019-10-21 08:07:07,823 [pool-59-thread-1] INFO  server.RaftServerConfigKeys (ConfUtils.java:logGet(43)) - raft.server.log.purge.gap = 1000000 (custom)
2019-10-21 08:07:07,823 [pool-59-thread-1] INFO  server.RaftServerConfigKeys (ConfUtils.java:logGet(43)) - raft.server.log.appender.buffer.byte-limit = 33554432 (custom)
2019-10-21 08:07:07,823 [pool-59-thread-1] INFO  server.RaftServerConfigKeys (ConfUtils.java:logGet(43)) - raft.server.log.segment.size.max = 1048576 (custom)
2019-10-21 08:07:07,823 [pool-59-thread-1] INFO  server.RaftServerConfigKeys (ConfUtils.java:logGet(43)) - raft.server.log.segment.cache.num.max = 2 (custom)
2019-10-21 08:07:07,823 [pool-59-thread-1] INFO  segmented.SegmentedRaftLogWorker (SegmentedRaftLogWorker.java:<init>(173)) - new b166f5f1-a6ad-4c66-9d3e-7e796ecacb8a@group-139D7988E68A-SegmentedRaftLogWorker for RaftStorage:Storage Directory /workdir/hadoop-ozone/integration-test/target/test-dir/MiniOzoneClusterImpl-4ab24f66-bd6b-4106-b39e-8a9e797e32b6/datanode-2/data/ratis/43b28a2a-1a81-4de9-bdfa-139d7988e68a
2019-10-21 08:07:07,823 [pool-59-thread-1] INFO  server.RaftServerConfigKeys (ConfUtils.java:logGet(43)) - raft.server.log.queue.byte-limit = 2147483647 (custom)
2019-10-21 08:07:07,823 [pool-59-thread-1] INFO  server.RaftServerConfigKeys (ConfUtils.java:logGet(43)) - raft.server.log.queue.element-limit = 1024 (custom)
2019-10-21 08:07:07,823 [pool-59-thread-1] INFO  server.RaftServerConfigKeys (ConfUtils.java:logGet(43)) - raft.server.log.segment.size.max = 1048576 (custom)
2019-10-21 08:07:07,823 [pool-59-thread-1] INFO  server.RaftServerConfigKeys (ConfUtils.java:logGet(43)) - raft.server.log.preallocated.size = 16384 (custom)
2019-10-21 08:07:07,824 [pool-59-thread-1] INFO  server.RaftServerConfigKeys (ConfUtils.java:logGet(43)) - raft.server.log.write.buffer.size = 33554432 (custom)
2019-10-21 08:07:07,824 [pool-59-thread-1] INFO  server.RaftServerConfigKeys (ConfUtils.java:logGet(43)) - raft.server.log.force.sync.num = 128 (default)
2019-10-21 08:07:07,824 [pool-59-thread-1] INFO  server.RaftServerConfigKeys (ConfUtils.java:logGet(43)) - raft.server.log.statemachine.data.sync = true (default)
2019-10-21 08:07:07,824 [pool-59-thread-1] INFO  server.RaftServerConfigKeys (ConfUtils.java:logGet(43)) - raft.server.log.statemachine.data.sync.timeout = 10s (default)
2019-10-21 08:07:07,824 [pool-59-thread-1] INFO  server.RaftServerConfigKeys (ConfUtils.java:logGet(43)) - raft.server.log.statemachine.data.sync.timeout.retry = -1 (default)
2019-10-21 08:07:07,824 [pool-59-thread-1] INFO  server.RaftServerConfigKeys (ConfUtils.java:logGet(43)) - raft.server.log.statemachine.data.caching.enabled = true (custom)
2019-10-21 08:07:07,825 [pool-59-thread-1] INFO  impl.RaftServerImpl (ServerState.java:setRaftConf(357)) - b166f5f1-a6ad-4c66-9d3e-7e796ecacb8a@group-139D7988E68A: set configuration 0: [b166f5f1-a6ad-4c66-9d3e-7e796ecacb8a:192.168.34.35:39693, 65d24b39-69ca-4c04-8db2-5f56e7503c5d:192.168.34.35:45259, 2f6ec408-7fd3-48a9-91b7-234721c6dbd9:192.168.34.35:41673], old=null at 0
2019-10-21 08:07:07,825 [pool-59-thread-1] INFO  segmented.LogSegment (LogSegment.java:loadSegment(140)) - Successfully read 5 entries from segment file /workdir/hadoop-ozone/integration-test/target/test-dir/MiniOzoneClusterImpl-4ab24f66-bd6b-4106-b39e-8a9e797e32b6/datanode-2/data/ratis/43b28a2a-1a81-4de9-bdfa-139d7988e68a/current/log_inprogress_0
2019-10-21 08:07:07,825 [pool-59-thread-1] INFO  segmented.SegmentedRaftLogWorker (SegmentedRaftLogWorker.java:lambda$new$0(128)) - b166f5f1-a6ad-4c66-9d3e-7e796ecacb8a@group-139D7988E68A-SegmentedRaftLogWorker: flushIndex: setUnconditionally 0 -> 4
2019-10-21 08:07:07,847 [pool-59-thread-1] INFO  raftlog.RaftLog (RaftLog.java:lambda$new$0(61)) - b166f5f1-a6ad-4c66-9d3e-7e796ecacb8a@group-139D7988E68A-SegmentedRaftLog: commitIndex: updateToMax old=3, new=3, updated? false
2019-10-21 08:07:07,848 [pool-59-thread-1] INFO  server.RaftServerConfigKeys (ConfUtils.java:logGet(43)) - raft.server.snapshot.auto.trigger.enabled = true (custom)
2019-10-21 08:07:07,848 [pool-59-thread-1] INFO  server.RaftServerConfigKeys (ConfUtils.java:logGet(43)) - raft.server.snapshot.auto.trigger.threshold = 10000 (custom)
2019-10-21 08:07:07,848 [pool-59-thread-1] INFO  server.RaftServerConfigKeys (ConfUtils.java:logGet(43)) - raft.server.snapshot.retention.file.num = 5 (custom)
2019-10-21 08:07:07,848 [pool-59-thread-1] INFO  server.RaftServerConfigKeys (ConfUtils.java:logGet(43)) - raft.server.retrycache.expirytime = 600000ms (custom)
2019-10-21 08:07:07,848 [SCMBlockDeletingService#1] INFO  block.SCMBlockDeletingService (SCMBlockDeletingService.java:call(184)) - Totally added 1 delete blocks command for 1 datanodes, task elapsed time: 1ms
2019-10-21 08:07:07,849 [pool-7-thread-1] INFO  commands.RetriableDatanodeEventWatcher (RetriableDatanodeEventWatcher.java:onTimeout(47)) - RetriableDatanodeCommand type=deleteBlocksCommand with id=1571645226848 timed out. Retrying.
2019-10-21 08:07:08,147 [BlockDeletingService#0] WARN  background.BlockDeletingService (BlockDeletingService.java:isDeletionAllowed(187)) - Close Container log Index 6 is not replicated across allthe servers in the pipeline 43b28a2a-1a81-4de9-bdfa-139d7988e68a as the min replicated index is 4. Deletion is not allowed in this container yet.
2019-10-21 08:07:08,147 [BlockDeletingService#2] WARN  background.BlockDeletingService (BlockDeletingService.java:isDeletionAllowed(187)) - Close Container log Index 6 is not replicated across allthe servers in the pipeline 43b28a2a-1a81-4de9-bdfa-139d7988e68a as the min replicated index is 4. Deletion is not allowed in this container yet.
2019-10-21 08:07:08,849 [pool-7-thread-1] INFO  commands.RetriableDatanodeEventWatcher (RetriableDatanodeEventWatcher.java:onTimeout(47)) - RetriableDatanodeCommand type=deleteBlocksCommand with id=1571645226850 timed out. Retrying.
2019-10-21 08:07:08,850 [pool-7-thread-1] INFO  commands.RetriableDatanodeEventWatcher (RetriableDatanodeEventWatcher.java:onTimeout(47)) - RetriableDatanodeCommand type=deleteBlocksCommand with id=1571645226848 timed out. Retrying.
2019-10-21 08:07:08,850 [SCMBlockDeletingService#1] INFO  block.SCMBlockDeletingService (SCMBlockDeletingService.java:call(184)) - Totally added 1 delete blocks command for 1 datanodes, task elapsed time: 1ms
2019-10-21 08:07:09,149 [BlockDeletingService#0] WARN  background.BlockDeletingService (BlockDeletingService.java:isDeletionAllowed(187)) - Close Container log Index 6 is not replicated across allthe servers in the pipeline 43b28a2a-1a81-4de9-bdfa-139d7988e68a as the min replicated index is 4. Deletion is not allowed in this container yet.
2019-10-21 08:07:09,149 [BlockDeletingService#2] WARN  background.BlockDeletingService (BlockDeletingService.java:isDeletionAllowed(187)) - Close Container log Index 6 is not replicated across allthe servers in the pipeline 43b28a2a-1a81-4de9-bdfa-139d7988e68a as the min replicated index is 4. Deletion is not allowed in this container yet.
2019-10-21 08:07:09,845 [main] INFO  handler.ContextHandler (ContextHandler.java:doStart(781)) - Started o.e.j.w.WebAppContext@7d70638{/,file:///tmp/jetty-0.0.0.0-37980-hddsDatanode-_-any-420332917850384516.dir/webapp/,AVAILABLE}{/hddsDatanode}
2019-10-21 08:07:09,845 [main] INFO  server.AbstractConnector (AbstractConnector.java:doStart(278)) - Started ServerConnector@732f6050{HTTP/1.1,[http/1.1]}{0.0.0.0:37980}
2019-10-21 08:07:09,847 [main] INFO  server.Server (Server.java:doStart(419)) - Started @120102ms
2019-10-21 08:07:09,847 [main] WARN  impl.MetricsSystemImpl (MetricsSystemImpl.java:register(276)) - Sink prometheus already exists!
2019-10-21 08:07:09,848 [main] INFO  server.BaseHttpServer (BaseHttpServer.java:updateConnectorAddress(215)) - HTTP server of HDDSDATANODE is listening at http://0.0.0.0:37980
2019-10-21 08:07:09,850 [pool-7-thread-1] INFO  commands.RetriableDatanodeEventWatcher (RetriableDatanodeEventWatcher.java:onTimeout(47)) - RetriableDatanodeCommand type=deleteBlocksCommand with id=1571645226851 timed out. Retrying.
2019-10-21 08:07:09,850 [pool-7-thread-2] INFO  commands.RetriableDatanodeEventWatcher (RetriableDatanodeEventWatcher.java:onTimeout(47)) - RetriableDatanodeCommand type=deleteBlocksCommand with id=1571645226850 timed out. Retrying.
2019-10-21 08:07:09,851 [pool-7-thread-3] INFO  commands.RetriableDatanodeEventWatcher (RetriableDatanodeEventWatcher.java:onTimeout(47)) - RetriableDatanodeCommand type=deleteBlocksCommand with id=1571645226848 timed out. Retrying.
2019-10-21 08:07:09,851 [org.apache.hadoop.util.JvmPauseMonitor$Monitor@3afc331c] INFO  util.JvmPauseMonitor (JvmPauseMonitor.java:run(188)) - Starting JVM pause monitor
2019-10-21 08:07:09,851 [SCMBlockDeletingService#1] INFO  block.SCMBlockDeletingService (SCMBlockDeletingService.java:call(184)) - Totally added 1 delete blocks command for 1 datanodes, task elapsed time: 0ms
2019-10-21 08:07:10,067 [java.util.concurrent.ThreadPoolExecutor$Worker@226f36e5[State = -1, empty queue]] WARN  server.GrpcLogAppender (GrpcLogAppender.java:timeoutAppendRequest(209)) - 65d24b39-69ca-4c04-8db2-5f56e7503c5d@group-139D7988E68A->b166f5f1-a6ad-4c66-9d3e-7e796ecacb8a-GrpcLogAppender: appendEntries Timeout, request=65d24b39-69ca-4c04-8db2-5f56e7503c5d->b166f5f1-a6ad-4c66-9d3e-7e796ecacb8a#51-t4, previous=(t:4, i:10), leaderCommit=10, initializing? false, entries: <empty>
2019-10-21 08:07:10,151 [BlockDeletingService#0] WARN  background.BlockDeletingService (BlockDeletingService.java:isDeletionAllowed(187)) - Close Container log Index 6 is not replicated across allthe servers in the pipeline 43b28a2a-1a81-4de9-bdfa-139d7988e68a as the min replicated index is 4. Deletion is not allowed in this container yet.
2019-10-21 08:07:10,151 [BlockDeletingService#2] WARN  background.BlockDeletingService (BlockDeletingService.java:isDeletionAllowed(187)) - Close Container log Index 6 is not replicated across allthe servers in the pipeline 43b28a2a-1a81-4de9-bdfa-139d7988e68a as the min replicated index is 4. Deletion is not allowed in this container yet.
2019-10-21 08:07:10,851 [pool-7-thread-2] INFO  commands.RetriableDatanodeEventWatcher (RetriableDatanodeEventWatcher.java:onTimeout(47)) - RetriableDatanodeCommand type=deleteBlocksCommand with id=1571645226851 timed out. Retrying.
2019-10-21 08:07:10,852 [pool-7-thread-4] INFO  commands.RetriableDatanodeEventWatcher (RetriableDatanodeEventWatcher.java:onTimeout(47)) - RetriableDatanodeCommand type=deleteBlocksCommand with id=1571645226848 timed out. Retrying.
2019-10-21 08:07:10,853 [pool-7-thread-3] INFO  commands.RetriableDatanodeEventWatcher (RetriableDatanodeEventWatcher.java:onTimeout(47)) - RetriableDatanodeCommand type=deleteBlocksCommand with id=1571645226852 timed out. Retrying.
2019-10-21 08:07:10,853 [pool-7-thread-1] INFO  commands.RetriableDatanodeEventWatcher (RetriableDatanodeEventWatcher.java:onTimeout(47)) - RetriableDatanodeCommand type=deleteBlocksCommand with id=1571645226850 timed out. Retrying.
2019-10-21 08:07:10,853 [SCMBlockDeletingService#1] INFO  block.SCMBlockDeletingService (SCMBlockDeletingService.java:call(184)) - Totally added 1 delete blocks command for 1 datanodes, task elapsed time: 2ms
2019-10-21 08:07:11,154 [BlockDeletingService#2] WARN  background.BlockDeletingService (BlockDeletingService.java:isDeletionAllowed(187)) - Close Container log Index 6 is not replicated across allthe servers in the pipeline 43b28a2a-1a81-4de9-bdfa-139d7988e68a as the min replicated index is 4. Deletion is not allowed in this container yet.
2019-10-21 08:07:11,154 [BlockDeletingService#0] WARN  background.BlockDeletingService (BlockDeletingService.java:isDeletionAllowed(187)) - Close Container log Index 6 is not replicated across allthe servers in the pipeline 43b28a2a-1a81-4de9-bdfa-139d7988e68a as the min replicated index is 4. Deletion is not allowed in this container yet.
2019-10-21 08:07:11,852 [pool-7-thread-1] INFO  commands.RetriableDatanodeEventWatcher (RetriableDatanodeEventWatcher.java:onTimeout(47)) - RetriableDatanodeCommand type=deleteBlocksCommand with id=1571645226851 timed out. Retrying.
2019-10-21 08:07:11,853 [pool-7-thread-1] INFO  commands.RetriableDatanodeEventWatcher (RetriableDatanodeEventWatcher.java:onTimeout(47)) - RetriableDatanodeCommand type=deleteBlocksCommand with id=1571645226853 timed out. Retrying.
2019-10-21 08:07:11,853 [pool-7-thread-3] INFO  commands.RetriableDatanodeEventWatcher (RetriableDatanodeEventWatcher.java:onTimeout(47)) - RetriableDatanodeCommand type=deleteBlocksCommand with id=1571645226852 timed out. Retrying.
2019-10-21 08:07:11,853 [pool-7-thread-4] INFO  commands.RetriableDatanodeEventWatcher (RetriableDatanodeEventWatcher.java:onTimeout(47)) - RetriableDatanodeCommand type=deleteBlocksCommand with id=1571645226848 timed out. Retrying.
2019-10-21 08:07:11,853 [pool-7-thread-3] INFO  commands.RetriableDatanodeEventWatcher (RetriableDatanodeEventWatcher.java:onTimeout(47)) - RetriableDatanodeCommand type=deleteBlocksCommand with id=1571645226850 timed out. Retrying.
2019-10-21 08:07:11,855 [SCMBlockDeletingService#1] INFO  block.SCMBlockDeletingService (SCMBlockDeletingService.java:call(184)) - Totally added 1 delete blocks command for 1 datanodes, task elapsed time: 1ms
2019-10-21 08:07:11,855 [Datanode State Machine Thread - 0] INFO  ozoneimpl.OzoneContainer (OzoneContainer.java:start(213)) - Attempting to start container services.
2019-10-21 08:07:11,860 [Datanode State Machine Thread - 0] INFO  ozoneimpl.OzoneContainer (OzoneContainer.java:startContainerScrub(177)) - Background container scanner has been disabled.
2019-10-21 08:07:11,860 [Datanode State Machine Thread - 0] INFO  ratis.XceiverServerRatis (XceiverServerRatis.java:start(418)) - Starting XceiverServerRatis b166f5f1-a6ad-4c66-9d3e-7e796ecacb8a at port 39693
2019-10-21 08:07:11,982 [Datanode State Machine Thread - 0] INFO  impl.RaftServerImpl (RaftServerImpl.java:start(195)) - b166f5f1-a6ad-4c66-9d3e-7e796ecacb8a@group-F10666905C5B: start as a follower, conf=0: [b166f5f1-a6ad-4c66-9d3e-7e796ecacb8a:192.168.34.35:39693], old=null
2019-10-21 08:07:11,983 [ForkJoinPool.commonPool-worker-1] INFO  impl.RaftServerImpl (RaftServerImpl.java:start(195)) - b166f5f1-a6ad-4c66-9d3e-7e796ecacb8a@group-139D7988E68A: start as a follower, conf=0: [b166f5f1-a6ad-4c66-9d3e-7e796ecacb8a:192.168.34.35:39693, 65d24b39-69ca-4c04-8db2-5f56e7503c5d:192.168.34.35:45259, 2f6ec408-7fd3-48a9-91b7-234721c6dbd9:192.168.34.35:41673], old=null
2019-10-21 08:07:11,984 [Datanode State Machine Thread - 0] INFO  impl.RaftServerImpl (RaftServerImpl.java:setRole(184)) - b166f5f1-a6ad-4c66-9d3e-7e796ecacb8a@group-F10666905C5B: changes role from      null to FOLLOWER at term 1 for startAsFollower
2019-10-21 08:07:11,984 [ForkJoinPool.commonPool-worker-1] INFO  impl.RaftServerImpl (RaftServerImpl.java:setRole(184)) - b166f5f1-a6ad-4c66-9d3e-7e796ecacb8a@group-139D7988E68A: changes role from      null to FOLLOWER at term 4 for startAsFollower
2019-10-21 08:07:11,984 [Datanode State Machine Thread - 0] INFO  impl.RoleInfo (RoleInfo.java:updateAndGet(143)) - b166f5f1-a6ad-4c66-9d3e-7e796ecacb8a: start FollowerState
2019-10-21 08:07:11,984 [ForkJoinPool.commonPool-worker-1] INFO  impl.RoleInfo (RoleInfo.java:updateAndGet(143)) - b166f5f1-a6ad-4c66-9d3e-7e796ecacb8a: start FollowerState
2019-10-21 08:07:11,985 [ForkJoinPool.commonPool-worker-1] INFO  util.JmxRegister (JmxRegister.java:tryRegister(44)) - Successfully registered JMX Bean with object name Ratis:service=RaftServer,group=group-139D7988E68A,id=b166f5f1-a6ad-4c66-9d3e-7e796ecacb8a
2019-10-21 08:07:11,985 [Datanode State Machine Thread - 0] INFO  util.JmxRegister (JmxRegister.java:tryRegister(44)) - Successfully registered JMX Bean with object name Ratis:service=RaftServer,group=group-F10666905C5B,id=b166f5f1-a6ad-4c66-9d3e-7e796ecacb8a
2019-10-21 08:07:11,988 [Datanode State Machine Thread - 0] INFO  impl.RaftServerProxy (RaftServerProxy.java:lambda$start$3(299)) - b166f5f1-a6ad-4c66-9d3e-7e796ecacb8a: start RPC server
2019-10-21 08:07:11,990 [Datanode State Machine Thread - 0] INFO  server.GrpcService (GrpcService.java:startImpl(158)) - b166f5f1-a6ad-4c66-9d3e-7e796ecacb8a: GrpcService started, listening on 0.0.0.0/0.0.0.0:39693
2019-10-21 08:07:12,064 [Thread-582] INFO  impl.FollowerState (FollowerState.java:run(108)) - b166f5f1-a6ad-4c66-9d3e-7e796ecacb8a@group-139D7988E68A-FollowerState: change to CANDIDATE, lastRpcTime:79ms, electionTimeout:79ms
2019-10-21 08:07:12,065 [Thread-582] INFO  impl.RoleInfo (RoleInfo.java:shutdownFollowerState(121)) - b166f5f1-a6ad-4c66-9d3e-7e796ecacb8a: shutdown FollowerState
2019-10-21 08:07:12,065 [Thread-582] INFO  impl.RaftServerImpl (RaftServerImpl.java:setRole(184)) - b166f5f1-a6ad-4c66-9d3e-7e796ecacb8a@group-139D7988E68A: changes role from  FOLLOWER to CANDIDATE at term 4 for changeToCandidate
2019-10-21 08:07:12,065 [Thread-582] INFO  impl.RoleInfo (RoleInfo.java:updateAndGet(143)) - b166f5f1-a6ad-4c66-9d3e-7e796ecacb8a: start LeaderElection
2019-10-21 08:07:12,093 [b166f5f1-a6ad-4c66-9d3e-7e796ecacb8a@group-139D7988E68A-LeaderElection9] INFO  impl.LeaderElection (LeaderElection.java:askForVotes(178)) - b166f5f1-a6ad-4c66-9d3e-7e796ecacb8a@group-139D7988E68A-LeaderElection9: begin an election at term 5 for 0: [b166f5f1-a6ad-4c66-9d3e-7e796ecacb8a:192.168.34.35:39693, 65d24b39-69ca-4c04-8db2-5f56e7503c5d:192.168.34.35:45259, 2f6ec408-7fd3-48a9-91b7-234721c6dbd9:192.168.34.35:41673], old=null
2019-10-21 08:07:12,109 [grpc-default-executor-3] INFO  impl.RaftServerImpl (ServerState.java:setLeader(256)) - 65d24b39-69ca-4c04-8db2-5f56e7503c5d@group-139D7988E68A: change Leader from 65d24b39-69ca-4c04-8db2-5f56e7503c5d to null at term 5 for updateCurrentTerm
2019-10-21 08:07:12,109 [grpc-default-executor-1] INFO  impl.RaftServerImpl (ServerState.java:setLeader(256)) - 2f6ec408-7fd3-48a9-91b7-234721c6dbd9@group-139D7988E68A: change Leader from 65d24b39-69ca-4c04-8db2-5f56e7503c5d to null at term 5 for updateCurrentTerm
2019-10-21 08:07:12,109 [grpc-default-executor-3] INFO  impl.RaftServerImpl (RaftServerImpl.java:setRole(184)) - 65d24b39-69ca-4c04-8db2-5f56e7503c5d@group-139D7988E68A: changes role from    LEADER to FOLLOWER at term 5 for recognizeCandidate:b166f5f1-a6ad-4c66-9d3e-7e796ecacb8a
2019-10-21 08:07:12,109 [grpc-default-executor-1] INFO  impl.RaftServerImpl (RaftServerImpl.java:setRole(184)) - 2f6ec408-7fd3-48a9-91b7-234721c6dbd9@group-139D7988E68A: changes role from  FOLLOWER to FOLLOWER at term 5 for recognizeCandidate:b166f5f1-a6ad-4c66-9d3e-7e796ecacb8a
2019-10-21 08:07:12,110 [grpc-default-executor-3] INFO  impl.RoleInfo (RoleInfo.java:shutdownLeaderState(104)) - 65d24b39-69ca-4c04-8db2-5f56e7503c5d: shutdown LeaderState
2019-10-21 08:07:12,110 [grpc-default-executor-1] INFO  impl.RoleInfo (RoleInfo.java:shutdownFollowerState(121)) - 2f6ec408-7fd3-48a9-91b7-234721c6dbd9: shutdown FollowerState
2019-10-21 08:07:12,112 [grpc-default-executor-3] INFO  impl.PendingRequests (PendingRequests.java:sendNotLeaderResponses(202)) - 65d24b39-69ca-4c04-8db2-5f56e7503c5d@group-139D7988E68A-PendingRequests: sendNotLeaderResponses
2019-10-21 08:07:12,112 [Thread-272] INFO  impl.FollowerState (FollowerState.java:run(117)) - 2f6ec408-7fd3-48a9-91b7-234721c6dbd9@group-139D7988E68A-FollowerState was interrupted: java.lang.InterruptedException: sleep interrupted
2019-10-21 08:07:12,112 [grpc-default-executor-1] INFO  impl.RoleInfo (RoleInfo.java:updateAndGet(143)) - 2f6ec408-7fd3-48a9-91b7-234721c6dbd9: start FollowerState
2019-10-21 08:07:12,112 [org.apache.ratis.server.impl.LogAppender$AppenderDaemon$$Lambda$412/2100133860@1ea68a2] WARN  server.GrpcLogAppender (GrpcLogAppender.java:mayWait(149)) - 65d24b39-69ca-4c04-8db2-5f56e7503c5d@group-139D7988E68A->b166f5f1-a6ad-4c66-9d3e-7e796ecacb8a-GrpcLogAppender: Wait interrupted by java.lang.InterruptedException
2019-10-21 08:07:12,112 [org.apache.ratis.server.impl.LogAppender$AppenderDaemon$$Lambda$412/2100133860@30a1ec29] WARN  server.GrpcLogAppender (GrpcLogAppender.java:mayWait(149)) - 65d24b39-69ca-4c04-8db2-5f56e7503c5d@group-139D7988E68A->2f6ec408-7fd3-48a9-91b7-234721c6dbd9-GrpcLogAppender: Wait interrupted by java.lang.InterruptedException
2019-10-21 08:07:12,116 [grpc-default-executor-3] INFO  impl.RoleInfo (RoleInfo.java:updateAndGet(143)) - 65d24b39-69ca-4c04-8db2-5f56e7503c5d: start FollowerState
2019-10-21 08:07:12,116 [Thread-589] INFO  client.GrpcClientProtocolService (GrpcClientProtocolService.java:lambda$processClientRequest$0(278)) - Failed RaftClientRequest:client-771575C6CFE7->65d24b39-69ca-4c04-8db2-5f56e7503c5d@group-139D7988E68A, cid=10, seq=0, Watch-ALL_COMMITTED(6), Message:<EMPTY>, reply=RaftClientReply:client-771575C6CFE7->65d24b39-69ca-4c04-8db2-5f56e7503c5d@group-139D7988E68A, cid=10, FAILED org.apache.ratis.protocol.NotLeaderException: Server 65d24b39-69ca-4c04-8db2-5f56e7503c5d@group-139D7988E68A is not the leader, logIndex=0, commits[65d24b39-69ca-4c04-8db2-5f56e7503c5d:c10, b166f5f1-a6ad-4c66-9d3e-7e796ecacb8a:c4, 2f6ec408-7fd3-48a9-91b7-234721c6dbd9:c10]
2019-10-21 08:07:12,116 [grpc-default-executor-0] INFO  server.GrpcServerProtocolService (GrpcServerProtocolService.java:onCompleted(113)) - 2f6ec408-7fd3-48a9-91b7-234721c6dbd9: Completed APPEND_ENTRIES, lastRequest: 65d24b39-69ca-4c04-8db2-5f56e7503c5d->2f6ec408-7fd3-48a9-91b7-234721c6dbd9#51-t4, previous=(t:4, i:10), leaderCommit=10, initializing? false, entries: <empty>
2019-10-21 08:07:12,119 [grpc-default-executor-0] INFO  server.GrpcLogAppender (GrpcLogAppender.java:onCompleted(308)) - 65d24b39-69ca-4c04-8db2-5f56e7503c5d@group-139D7988E68A->2f6ec408-7fd3-48a9-91b7-234721c6dbd9-AppendLogResponseHandler: follower responses appendEntries COMPLETED
2019-10-21 08:07:12,122 [grpc-default-executor-0] INFO  impl.FollowerInfo (FollowerInfo.java:lambda$new$0(51)) - 65d24b39-69ca-4c04-8db2-5f56e7503c5d@group-139D7988E68A->2f6ec408-7fd3-48a9-91b7-234721c6dbd9: nextIndex: updateUnconditionally 11 -> 10
2019-10-21 08:07:12,131 [b166f5f1-a6ad-4c66-9d3e-7e796ecacb8a@group-139D7988E68A-LeaderElection9] INFO  impl.LeaderElection (LeaderElection.java:logAndReturn(56)) - b166f5f1-a6ad-4c66-9d3e-7e796ecacb8a@group-139D7988E68A-LeaderElection9: Election REJECTED; received 2 response(s) [b166f5f1-a6ad-4c66-9d3e-7e796ecacb8a<-65d24b39-69ca-4c04-8db2-5f56e7503c5d#0:FAIL-t5, b166f5f1-a6ad-4c66-9d3e-7e796ecacb8a<-2f6ec408-7fd3-48a9-91b7-234721c6dbd9#0:FAIL-t5] and 0 exception(s); b166f5f1-a6ad-4c66-9d3e-7e796ecacb8a@group-139D7988E68A:t5, leader=null, voted=b166f5f1-a6ad-4c66-9d3e-7e796ecacb8a, raftlog=b166f5f1-a6ad-4c66-9d3e-7e796ecacb8a@group-139D7988E68A-SegmentedRaftLog:OPENED:c3,f4,i4, conf=0: [b166f5f1-a6ad-4c66-9d3e-7e796ecacb8a:192.168.34.35:39693, 65d24b39-69ca-4c04-8db2-5f56e7503c5d:192.168.34.35:45259, 2f6ec408-7fd3-48a9-91b7-234721c6dbd9:192.168.34.35:41673], old=null
2019-10-21 08:07:12,132 [b166f5f1-a6ad-4c66-9d3e-7e796ecacb8a@group-139D7988E68A-LeaderElection9] INFO  impl.RaftServerImpl (RaftServerImpl.java:setRole(184)) - b166f5f1-a6ad-4c66-9d3e-7e796ecacb8a@group-139D7988E68A: changes role from CANDIDATE to FOLLOWER at term 5 for DISCOVERED_A_NEW_TERM
2019-10-21 08:07:12,133 [b166f5f1-a6ad-4c66-9d3e-7e796ecacb8a@group-139D7988E68A-LeaderElection9] INFO  impl.RoleInfo (RoleInfo.java:shutdownLeaderElection(134)) - b166f5f1-a6ad-4c66-9d3e-7e796ecacb8a: shutdown LeaderElection
2019-10-21 08:07:12,133 [b166f5f1-a6ad-4c66-9d3e-7e796ecacb8a@group-139D7988E68A-LeaderElection9] INFO  impl.RoleInfo (RoleInfo.java:updateAndGet(143)) - b166f5f1-a6ad-4c66-9d3e-7e796ecacb8a: start FollowerState
2019-10-21 08:07:12,153 [Thread-581] INFO  impl.FollowerState (FollowerState.java:run(108)) - b166f5f1-a6ad-4c66-9d3e-7e796ecacb8a@group-F10666905C5B-FollowerState: change to CANDIDATE, lastRpcTime:168ms, electionTimeout:168ms
2019-10-21 08:07:12,154 [Thread-581] INFO  impl.RoleInfo (RoleInfo.java:shutdownFollowerState(121)) - b166f5f1-a6ad-4c66-9d3e-7e796ecacb8a: shutdown FollowerState
2019-10-21 08:07:12,155 [Thread-581] INFO  impl.RaftServerImpl (RaftServerImpl.java:setRole(184)) - b166f5f1-a6ad-4c66-9d3e-7e796ecacb8a@group-F10666905C5B: changes role from  FOLLOWER to CANDIDATE at term 1 for changeToCandidate
2019-10-21 08:07:12,155 [Thread-581] INFO  impl.RoleInfo (RoleInfo.java:updateAndGet(143)) - b166f5f1-a6ad-4c66-9d3e-7e796ecacb8a: start LeaderElection
2019-10-21 08:07:12,158 [BlockDeletingService#0] WARN  background.BlockDeletingService (BlockDeletingService.java:isDeletionAllowed(187)) - Close Container log Index 6 is not replicated across allthe servers in the pipeline 43b28a2a-1a81-4de9-bdfa-139d7988e68a as the min replicated index is 4. Deletion is not allowed in this container yet.
2019-10-21 08:07:12,158 [BlockDeletingService#2] WARN  background.BlockDeletingService (BlockDeletingService.java:isDeletionAllowed(187)) - Close Container log Index 6 is not replicated across allthe servers in the pipeline 43b28a2a-1a81-4de9-bdfa-139d7988e68a as the min replicated index is 4. Deletion is not allowed in this container yet.
2019-10-21 08:07:12,182 [b166f5f1-a6ad-4c66-9d3e-7e796ecacb8a@group-F10666905C5B-LeaderElection10] INFO  impl.LeaderElection (LeaderElection.java:askForVotes(178)) - b166f5f1-a6ad-4c66-9d3e-7e796ecacb8a@group-F10666905C5B-LeaderElection10: begin an election at term 2 for 0: [b166f5f1-a6ad-4c66-9d3e-7e796ecacb8a:192.168.34.35:39693], old=null
2019-10-21 08:07:12,182 [b166f5f1-a6ad-4c66-9d3e-7e796ecacb8a@group-F10666905C5B-LeaderElection10] INFO  impl.RoleInfo (RoleInfo.java:shutdownLeaderElection(134)) - b166f5f1-a6ad-4c66-9d3e-7e796ecacb8a: shutdown LeaderElection
2019-10-21 08:07:12,182 [b166f5f1-a6ad-4c66-9d3e-7e796ecacb8a@group-F10666905C5B-LeaderElection10] INFO  impl.RaftServerImpl (RaftServerImpl.java:setRole(184)) - b166f5f1-a6ad-4c66-9d3e-7e796ecacb8a@group-F10666905C5B: changes role from CANDIDATE to LEADER at term 2 for changeToLeader
2019-10-21 08:07:12,183 [b166f5f1-a6ad-4c66-9d3e-7e796ecacb8a@group-F10666905C5B-LeaderElection10] INFO  impl.RaftServerImpl (ServerState.java:setLeader(256)) - b166f5f1-a6ad-4c66-9d3e-7e796ecacb8a@group-F10666905C5B: change Leader from null to b166f5f1-a6ad-4c66-9d3e-7e796ecacb8a at term 2 for becomeLeader, leader elected after 4418ms
2019-10-21 08:07:12,184 [b166f5f1-a6ad-4c66-9d3e-7e796ecacb8a@group-F10666905C5B-LeaderElection10] INFO  server.RaftServerConfigKeys (ConfUtils.java:logGet(43)) - raft.server.staging.catchup.gap = 1000 (default)
2019-10-21 08:07:12,184 [b166f5f1-a6ad-4c66-9d3e-7e796ecacb8a@group-F10666905C5B-LeaderElection10] INFO  server.RaftServerConfigKeys (ConfUtils.java:logGet(43)) - raft.server.rpc.sleep.time = 25ms (default)
2019-10-21 08:07:12,185 [b166f5f1-a6ad-4c66-9d3e-7e796ecacb8a@group-F10666905C5B-LeaderElection10] INFO  server.RaftServerConfigKeys (ConfUtils.java:logGet(43)) - raft.server.write.element-limit = 4096 (default)
2019-10-21 08:07:12,185 [b166f5f1-a6ad-4c66-9d3e-7e796ecacb8a@group-F10666905C5B-LeaderElection10] INFO  server.RaftServerConfigKeys (ConfUtils.java:logGet(43)) - raft.server.watch.timeout = 10s (default)
2019-10-21 08:07:12,185 [b166f5f1-a6ad-4c66-9d3e-7e796ecacb8a@group-F10666905C5B-LeaderElection10] INFO  server.RaftServerConfigKeys (ConfUtils.java:logGet(43)) - raft.server.watch.timeout.denomination = 1s (default)
2019-10-21 08:07:12,185 [b166f5f1-a6ad-4c66-9d3e-7e796ecacb8a@group-F10666905C5B-LeaderElection10] INFO  server.RaftServerConfigKeys (ConfUtils.java:logGet(43)) - raft.server.watch.element-limit = 65536 (default)
2019-10-21 08:07:12,185 [b166f5f1-a6ad-4c66-9d3e-7e796ecacb8a@group-F10666905C5B-LeaderElection10] INFO  impl.RoleInfo (RoleInfo.java:updateAndGet(143)) - b166f5f1-a6ad-4c66-9d3e-7e796ecacb8a: start LeaderState
2019-10-21 08:07:12,186 [b166f5f1-a6ad-4c66-9d3e-7e796ecacb8a@group-F10666905C5B-LeaderElection10] INFO  segmented.SegmentedRaftLogWorker (SegmentedRaftLogWorker.java:rollLogSegment(390)) - b166f5f1-a6ad-4c66-9d3e-7e796ecacb8a@group-F10666905C5B-SegmentedRaftLogWorker: Rolling segment log-0_0 to index:0
2019-10-21 08:07:12,189 [b166f5f1-a6ad-4c66-9d3e-7e796ecacb8a@group-F10666905C5B-LeaderElection10] INFO  impl.RaftServerImpl (ServerState.java:setRaftConf(357)) - b166f5f1-a6ad-4c66-9d3e-7e796ecacb8a@group-F10666905C5B: set configuration 1: [b166f5f1-a6ad-4c66-9d3e-7e796ecacb8a:192.168.34.35:39693], old=null at 1
2019-10-21 08:07:12,191 [b166f5f1-a6ad-4c66-9d3e-7e796ecacb8a@group-F10666905C5B-SegmentedRaftLogWorker] INFO  segmented.SegmentedRaftLogWorker (SegmentedRaftLogWorker.java:execute(533)) - b166f5f1-a6ad-4c66-9d3e-7e796ecacb8a@group-F10666905C5B-SegmentedRaftLogWorker: Rolled log segment from /workdir/hadoop-ozone/integration-test/target/test-dir/MiniOzoneClusterImpl-4ab24f66-bd6b-4106-b39e-8a9e797e32b6/datanode-2/data/ratis/e9424d83-3f1e-4b56-b972-f10666905c5b/current/log_inprogress_0 to /workdir/hadoop-ozone/integration-test/target/test-dir/MiniOzoneClusterImpl-4ab24f66-bd6b-4106-b39e-8a9e797e32b6/datanode-2/data/ratis/e9424d83-3f1e-4b56-b972-f10666905c5b/current/log_0-0
2019-10-21 08:07:12,231 [b166f5f1-a6ad-4c66-9d3e-7e796ecacb8a@group-F10666905C5B-SegmentedRaftLogWorker] INFO  segmented.SegmentedRaftLogWorker (SegmentedRaftLogWorker.java:execute(576)) - b166f5f1-a6ad-4c66-9d3e-7e796ecacb8a@group-F10666905C5B-SegmentedRaftLogWorker: created new log segment /workdir/hadoop-ozone/integration-test/target/test-dir/MiniOzoneClusterImpl-4ab24f66-bd6b-4106-b39e-8a9e797e32b6/datanode-2/data/ratis/e9424d83-3f1e-4b56-b972-f10666905c5b/current/log_inprogress_1
2019-10-21 08:07:12,286 [Thread-591] INFO  impl.FollowerState (FollowerState.java:run(108)) - b166f5f1-a6ad-4c66-9d3e-7e796ecacb8a@group-139D7988E68A-FollowerState: change to CANDIDATE, lastRpcTime:152ms, electionTimeout:151ms
2019-10-21 08:07:12,287 [Thread-591] INFO  impl.RoleInfo (RoleInfo.java:shutdownFollowerState(121)) - b166f5f1-a6ad-4c66-9d3e-7e796ecacb8a: shutdown FollowerState
2019-10-21 08:07:12,288 [Thread-591] INFO  impl.RaftServerImpl (RaftServerImpl.java:setRole(184)) - b166f5f1-a6ad-4c66-9d3e-7e796ecacb8a@group-139D7988E68A: changes role from  FOLLOWER to CANDIDATE at term 5 for changeToCandidate
2019-10-21 08:07:12,288 [Thread-591] INFO  impl.RoleInfo (RoleInfo.java:updateAndGet(143)) - b166f5f1-a6ad-4c66-9d3e-7e796ecacb8a: start LeaderElection
2019-10-21 08:07:12,302 [b166f5f1-a6ad-4c66-9d3e-7e796ecacb8a@group-139D7988E68A-LeaderElection11] INFO  impl.LeaderElection (LeaderElection.java:askForVotes(178)) - b166f5f1-a6ad-4c66-9d3e-7e796ecacb8a@group-139D7988E68A-LeaderElection11: begin an election at term 6 for 0: [b166f5f1-a6ad-4c66-9d3e-7e796ecacb8a:192.168.34.35:39693, 65d24b39-69ca-4c04-8db2-5f56e7503c5d:192.168.34.35:45259, 2f6ec408-7fd3-48a9-91b7-234721c6dbd9:192.168.34.35:41673], old=null
2019-10-21 08:07:12,307 [grpc-default-executor-1] INFO  impl.RaftServerImpl (RaftServerImpl.java:setRole(184)) - 2f6ec408-7fd3-48a9-91b7-234721c6dbd9@group-139D7988E68A: changes role from  FOLLOWER to FOLLOWER at term 6 for recognizeCandidate:b166f5f1-a6ad-4c66-9d3e-7e796ecacb8a
2019-10-21 08:07:12,307 [grpc-default-executor-3] INFO  impl.RaftServerImpl (RaftServerImpl.java:setRole(184)) - 65d24b39-69ca-4c04-8db2-5f56e7503c5d@group-139D7988E68A: changes role from  FOLLOWER to FOLLOWER at term 6 for recognizeCandidate:b166f5f1-a6ad-4c66-9d3e-7e796ecacb8a
2019-10-21 08:07:12,307 [grpc-default-executor-1] INFO  impl.RoleInfo (RoleInfo.java:shutdownFollowerState(121)) - 2f6ec408-7fd3-48a9-91b7-234721c6dbd9: shutdown FollowerState
2019-10-21 08:07:12,307 [grpc-default-executor-3] INFO  impl.RoleInfo (RoleInfo.java:shutdownFollowerState(121)) - 65d24b39-69ca-4c04-8db2-5f56e7503c5d: shutdown FollowerState
2019-10-21 08:07:12,307 [Thread-588] INFO  impl.FollowerState (FollowerState.java:run(117)) - 2f6ec408-7fd3-48a9-91b7-234721c6dbd9@group-139D7988E68A-FollowerState was interrupted: java.lang.InterruptedException: sleep interrupted
2019-10-21 08:07:12,307 [grpc-default-executor-1] INFO  impl.RoleInfo (RoleInfo.java:updateAndGet(143)) - 2f6ec408-7fd3-48a9-91b7-234721c6dbd9: start FollowerState
2019-10-21 08:07:12,307 [Thread-590] INFO  impl.FollowerState (FollowerState.java:run(117)) - 65d24b39-69ca-4c04-8db2-5f56e7503c5d@group-139D7988E68A-FollowerState was interrupted: java.lang.InterruptedException: sleep interrupted
2019-10-21 08:07:12,307 [grpc-default-executor-3] INFO  impl.RoleInfo (RoleInfo.java:updateAndGet(143)) - 65d24b39-69ca-4c04-8db2-5f56e7503c5d: start FollowerState
2019-10-21 08:07:12,337 [b166f5f1-a6ad-4c66-9d3e-7e796ecacb8a@group-139D7988E68A-LeaderElection11] INFO  impl.LeaderElection (LeaderElection.java:logAndReturn(56)) - b166f5f1-a6ad-4c66-9d3e-7e796ecacb8a@group-139D7988E68A-LeaderElection11: Election REJECTED; received 2 response(s) [b166f5f1-a6ad-4c66-9d3e-7e796ecacb8a<-65d24b39-69ca-4c04-8db2-5f56e7503c5d#0:FAIL-t6, b166f5f1-a6ad-4c66-9d3e-7e796ecacb8a<-2f6ec408-7fd3-48a9-91b7-234721c6dbd9#0:FAIL-t6] and 0 exception(s); b166f5f1-a6ad-4c66-9d3e-7e796ecacb8a@group-139D7988E68A:t6, leader=null, voted=b166f5f1-a6ad-4c66-9d3e-7e796ecacb8a, raftlog=b166f5f1-a6ad-4c66-9d3e-7e796ecacb8a@group-139D7988E68A-SegmentedRaftLog:OPENED:c3,f4,i4, conf=0: [b166f5f1-a6ad-4c66-9d3e-7e796ecacb8a:192.168.34.35:39693, 65d24b39-69ca-4c04-8db2-5f56e7503c5d:192.168.34.35:45259, 2f6ec408-7fd3-48a9-91b7-234721c6dbd9:192.168.34.35:41673], old=null
2019-10-21 08:07:12,338 [b166f5f1-a6ad-4c66-9d3e-7e796ecacb8a@group-139D7988E68A-LeaderElection11] INFO  impl.RaftServerImpl (RaftServerImpl.java:setRole(184)) - b166f5f1-a6ad-4c66-9d3e-7e796ecacb8a@group-139D7988E68A: changes role from CANDIDATE to FOLLOWER at term 6 for DISCOVERED_A_NEW_TERM
2019-10-21 08:07:12,339 [b166f5f1-a6ad-4c66-9d3e-7e796ecacb8a@group-139D7988E68A-LeaderElection11] INFO  impl.RoleInfo (RoleInfo.java:shutdownLeaderElection(134)) - b166f5f1-a6ad-4c66-9d3e-7e796ecacb8a: shutdown LeaderElection
2019-10-21 08:07:12,340 [b166f5f1-a6ad-4c66-9d3e-7e796ecacb8a@group-139D7988E68A-LeaderElection11] INFO  impl.RoleInfo (RoleInfo.java:updateAndGet(143)) - b166f5f1-a6ad-4c66-9d3e-7e796ecacb8a: start FollowerState
2019-10-21 08:07:12,394 [Thread-601] INFO  impl.FollowerState (FollowerState.java:run(108)) - b166f5f1-a6ad-4c66-9d3e-7e796ecacb8a@group-139D7988E68A-FollowerState: change to CANDIDATE, lastRpcTime:54ms, electionTimeout:53ms
2019-10-21 08:07:12,396 [Thread-601] INFO  impl.RoleInfo (RoleInfo.java:shutdownFollowerState(121)) - b166f5f1-a6ad-4c66-9d3e-7e796ecacb8a: shutdown FollowerState
2019-10-21 08:07:12,396 [Thread-601] INFO  impl.RaftServerImpl (RaftServerImpl.java:setRole(184)) - b166f5f1-a6ad-4c66-9d3e-7e796ecacb8a@group-139D7988E68A: changes role from  FOLLOWER to CANDIDATE at term 6 for changeToCandidate
2019-10-21 08:07:12,396 [Thread-601] INFO  impl.RoleInfo (RoleInfo.java:updateAndGet(143)) - b166f5f1-a6ad-4c66-9d3e-7e796ecacb8a: start LeaderElection
2019-10-21 08:07:12,426 [b166f5f1-a6ad-4c66-9d3e-7e796ecacb8a@group-139D7988E68A-LeaderElection12] INFO  impl.LeaderElection (LeaderElection.java:askForVotes(178)) - b166f5f1-a6ad-4c66-9d3e-7e796ecacb8a@group-139D7988E68A-LeaderElection12: begin an election at term 7 for 0: [b166f5f1-a6ad-4c66-9d3e-7e796ecacb8a:192.168.34.35:39693, 65d24b39-69ca-4c04-8db2-5f56e7503c5d:192.168.34.35:45259, 2f6ec408-7fd3-48a9-91b7-234721c6dbd9:192.168.34.35:41673], old=null
2019-10-21 08:07:12,431 [grpc-default-executor-3] INFO  impl.RaftServerImpl (RaftServerImpl.java:setRole(184)) - 65d24b39-69ca-4c04-8db2-5f56e7503c5d@group-139D7988E68A: changes role from  FOLLOWER to FOLLOWER at term 7 for recognizeCandidate:b166f5f1-a6ad-4c66-9d3e-7e796ecacb8a
2019-10-21 08:07:12,431 [grpc-default-executor-1] INFO  impl.RaftServerImpl (RaftServerImpl.java:setRole(184)) - 2f6ec408-7fd3-48a9-91b7-234721c6dbd9@group-139D7988E68A: changes role from  FOLLOWER to FOLLOWER at term 7 for recognizeCandidate:b166f5f1-a6ad-4c66-9d3e-7e796ecacb8a
2019-10-21 08:07:12,431 [grpc-default-executor-3] INFO  impl.RoleInfo (RoleInfo.java:shutdownFollowerState(121)) - 65d24b39-69ca-4c04-8db2-5f56e7503c5d: shutdown FollowerState
2019-10-21 08:07:12,432 [grpc-default-executor-1] INFO  impl.RoleInfo (RoleInfo.java:shutdownFollowerState(121)) - 2f6ec408-7fd3-48a9-91b7-234721c6dbd9: shutdown FollowerState
2019-10-21 08:07:12,432 [Thread-600] INFO  impl.FollowerState (FollowerState.java:run(117)) - 65d24b39-69ca-4c04-8db2-5f56e7503c5d@group-139D7988E68A-FollowerState was interrupted: java.lang.InterruptedException: sleep interrupted
2019-10-21 08:07:12,432 [Thread-599] INFO  impl.FollowerState (FollowerState.java:run(117)) - 2f6ec408-7fd3-48a9-91b7-234721c6dbd9@group-139D7988E68A-FollowerState was interrupted: java.lang.InterruptedException: sleep interrupted
2019-10-21 08:07:12,432 [grpc-default-executor-1] INFO  impl.RoleInfo (RoleInfo.java:updateAndGet(143)) - 2f6ec408-7fd3-48a9-91b7-234721c6dbd9: start FollowerState
2019-10-21 08:07:12,432 [grpc-default-executor-3] INFO  impl.RoleInfo (RoleInfo.java:updateAndGet(143)) - 65d24b39-69ca-4c04-8db2-5f56e7503c5d: start FollowerState
2019-10-21 08:07:12,462 [b166f5f1-a6ad-4c66-9d3e-7e796ecacb8a@group-139D7988E68A-LeaderElection12] INFO  impl.LeaderElection (LeaderElection.java:logAndReturn(56)) - b166f5f1-a6ad-4c66-9d3e-7e796ecacb8a@group-139D7988E68A-LeaderElection12: Election REJECTED; received 2 response(s) [b166f5f1-a6ad-4c66-9d3e-7e796ecacb8a<-65d24b39-69ca-4c04-8db2-5f56e7503c5d#0:FAIL-t7, b166f5f1-a6ad-4c66-9d3e-7e796ecacb8a<-2f6ec408-7fd3-48a9-91b7-234721c6dbd9#0:FAIL-t7] and 0 exception(s); b166f5f1-a6ad-4c66-9d3e-7e796ecacb8a@group-139D7988E68A:t7, leader=null, voted=b166f5f1-a6ad-4c66-9d3e-7e796ecacb8a, raftlog=b166f5f1-a6ad-4c66-9d3e-7e796ecacb8a@group-139D7988E68A-SegmentedRaftLog:OPENED:c3,f4,i4, conf=0: [b166f5f1-a6ad-4c66-9d3e-7e796ecacb8a:192.168.34.35:39693, 65d24b39-69ca-4c04-8db2-5f56e7503c5d:192.168.34.35:45259, 2f6ec408-7fd3-48a9-91b7-234721c6dbd9:192.168.34.35:41673], old=null
2019-10-21 08:07:12,463 [b166f5f1-a6ad-4c66-9d3e-7e796ecacb8a@group-139D7988E68A-LeaderElection12] INFO  impl.RaftServerImpl (RaftServerImpl.java:setRole(184)) - b166f5f1-a6ad-4c66-9d3e-7e796ecacb8a@group-139D7988E68A: changes role from CANDIDATE to FOLLOWER at term 7 for DISCOVERED_A_NEW_TERM
2019-10-21 08:07:12,464 [b166f5f1-a6ad-4c66-9d3e-7e796ecacb8a@group-139D7988E68A-LeaderElection12] INFO  impl.RoleInfo (RoleInfo.java:shutdownLeaderElection(134)) - b166f5f1-a6ad-4c66-9d3e-7e796ecacb8a: shutdown LeaderElection
2019-10-21 08:07:12,464 [b166f5f1-a6ad-4c66-9d3e-7e796ecacb8a@group-139D7988E68A-LeaderElection12] INFO  impl.RoleInfo (RoleInfo.java:updateAndGet(143)) - b166f5f1-a6ad-4c66-9d3e-7e796ecacb8a: start FollowerState
2019-10-21 08:07:12,567 [java.util.concurrent.ThreadPoolExecutor$Worker@226f36e5[State = -1, empty queue]] WARN  server.GrpcLogAppender (GrpcLogAppender.java:timeoutAppendRequest(209)) - 65d24b39-69ca-4c04-8db2-5f56e7503c5d@group-139D7988E68A->b166f5f1-a6ad-4c66-9d3e-7e796ecacb8a-GrpcLogAppender: appendEntries Timeout, request=65d24b39-69ca-4c04-8db2-5f56e7503c5d->b166f5f1-a6ad-4c66-9d3e-7e796ecacb8a#52-t4, previous=(t:4, i:10), leaderCommit=10, initializing? false, entries: <empty>
2019-10-21 08:07:12,574 [Thread-607] INFO  impl.FollowerState (FollowerState.java:run(108)) - b166f5f1-a6ad-4c66-9d3e-7e796ecacb8a@group-139D7988E68A-FollowerState: change to CANDIDATE, lastRpcTime:110ms, electionTimeout:109ms
2019-10-21 08:07:12,575 [Thread-607] INFO  impl.RoleInfo (RoleInfo.java:shutdownFollowerState(121)) - b166f5f1-a6ad-4c66-9d3e-7e796ecacb8a: shutdown FollowerState
2019-10-21 08:07:12,575 [Thread-607] INFO  impl.RaftServerImpl (RaftServerImpl.java:setRole(184)) - b166f5f1-a6ad-4c66-9d3e-7e796ecacb8a@group-139D7988E68A: changes role from  FOLLOWER to CANDIDATE at term 7 for changeToCandidate
2019-10-21 08:07:12,575 [Thread-607] INFO  impl.RoleInfo (RoleInfo.java:updateAndGet(143)) - b166f5f1-a6ad-4c66-9d3e-7e796ecacb8a: start LeaderElection
2019-10-21 08:07:12,590 [b166f5f1-a6ad-4c66-9d3e-7e796ecacb8a@group-139D7988E68A-LeaderElection13] INFO  impl.LeaderElection (LeaderElection.java:askForVotes(178)) - b166f5f1-a6ad-4c66-9d3e-7e796ecacb8a@group-139D7988E68A-LeaderElection13: begin an election at term 8 for 0: [b166f5f1-a6ad-4c66-9d3e-7e796ecacb8a:192.168.34.35:39693, 65d24b39-69ca-4c04-8db2-5f56e7503c5d:192.168.34.35:45259, 2f6ec408-7fd3-48a9-91b7-234721c6dbd9:192.168.34.35:41673], old=null
2019-10-21 08:07:12,595 [grpc-default-executor-3] INFO  impl.RaftServerImpl (RaftServerImpl.java:setRole(184)) - 65d24b39-69ca-4c04-8db2-5f56e7503c5d@group-139D7988E68A: changes role from  FOLLOWER to FOLLOWER at term 8 for recognizeCandidate:b166f5f1-a6ad-4c66-9d3e-7e796ecacb8a
2019-10-21 08:07:12,595 [grpc-default-executor-1] INFO  impl.RaftServerImpl (RaftServerImpl.java:setRole(184)) - 2f6ec408-7fd3-48a9-91b7-234721c6dbd9@group-139D7988E68A: changes role from  FOLLOWER to FOLLOWER at term 8 for recognizeCandidate:b166f5f1-a6ad-4c66-9d3e-7e796ecacb8a
2019-10-21 08:07:12,596 [grpc-default-executor-3] INFO  impl.RoleInfo (RoleInfo.java:shutdownFollowerState(121)) - 65d24b39-69ca-4c04-8db2-5f56e7503c5d: shutdown FollowerState
2019-10-21 08:07:12,596 [grpc-default-executor-1] INFO  impl.RoleInfo (RoleInfo.java:shutdownFollowerState(121)) - 2f6ec408-7fd3-48a9-91b7-234721c6dbd9: shutdown FollowerState
2019-10-21 08:07:12,596 [Thread-605] INFO  impl.FollowerState (FollowerState.java:run(117)) - 65d24b39-69ca-4c04-8db2-5f56e7503c5d@group-139D7988E68A-FollowerState was interrupted: java.lang.InterruptedException: sleep interrupted
2019-10-21 08:07:12,596 [grpc-default-executor-3] INFO  impl.RoleInfo (RoleInfo.java:updateAndGet(143)) - 65d24b39-69ca-4c04-8db2-5f56e7503c5d: start FollowerState
2019-10-21 08:07:12,596 [Thread-606] INFO  impl.FollowerState (FollowerState.java:run(117)) - 2f6ec408-7fd3-48a9-91b7-234721c6dbd9@group-139D7988E68A-FollowerState was interrupted: java.lang.InterruptedException: sleep interrupted
2019-10-21 08:07:12,596 [grpc-default-executor-1] INFO  impl.RoleInfo (RoleInfo.java:updateAndGet(143)) - 2f6ec408-7fd3-48a9-91b7-234721c6dbd9: start FollowerState
2019-10-21 08:07:12,616 [b166f5f1-a6ad-4c66-9d3e-7e796ecacb8a@group-139D7988E68A-LeaderElection13] INFO  impl.LeaderElection (LeaderElection.java:logAndReturn(56)) - b166f5f1-a6ad-4c66-9d3e-7e796ecacb8a@group-139D7988E68A-LeaderElection13: Election REJECTED; received 2 response(s) [b166f5f1-a6ad-4c66-9d3e-7e796ecacb8a<-65d24b39-69ca-4c04-8db2-5f56e7503c5d#0:FAIL-t8, b166f5f1-a6ad-4c66-9d3e-7e796ecacb8a<-2f6ec408-7fd3-48a9-91b7-234721c6dbd9#0:FAIL-t8] and 0 exception(s); b166f5f1-a6ad-4c66-9d3e-7e796ecacb8a@group-139D7988E68A:t8, leader=null, voted=b166f5f1-a6ad-4c66-9d3e-7e796ecacb8a, raftlog=b166f5f1-a6ad-4c66-9d3e-7e796ecacb8a@group-139D7988E68A-SegmentedRaftLog:OPENED:c3,f4,i4, conf=0: [b166f5f1-a6ad-4c66-9d3e-7e796ecacb8a:192.168.34.35:39693, 65d24b39-69ca-4c04-8db2-5f56e7503c5d:192.168.34.35:45259, 2f6ec408-7fd3-48a9-91b7-234721c6dbd9:192.168.34.35:41673], old=null
2019-10-21 08:07:12,616 [b166f5f1-a6ad-4c66-9d3e-7e796ecacb8a@group-139D7988E68A-LeaderElection13] INFO  impl.RaftServerImpl (RaftServerImpl.java:setRole(184)) - b166f5f1-a6ad-4c66-9d3e-7e796ecacb8a@group-139D7988E68A: changes role from CANDIDATE to FOLLOWER at term 8 for DISCOVERED_A_NEW_TERM
2019-10-21 08:07:12,618 [b166f5f1-a6ad-4c66-9d3e-7e796ecacb8a@group-139D7988E68A-LeaderElection13] INFO  impl.RoleInfo (RoleInfo.java:shutdownLeaderElection(134)) - b166f5f1-a6ad-4c66-9d3e-7e796ecacb8a: shutdown LeaderElection
2019-10-21 08:07:12,618 [b166f5f1-a6ad-4c66-9d3e-7e796ecacb8a@group-139D7988E68A-LeaderElection13] INFO  impl.RoleInfo (RoleInfo.java:updateAndGet(143)) - b166f5f1-a6ad-4c66-9d3e-7e796ecacb8a: start FollowerState
2019-10-21 08:07:12,665 [Thread-613] INFO  impl.FollowerState (FollowerState.java:run(108)) - b166f5f1-a6ad-4c66-9d3e-7e796ecacb8a@group-139D7988E68A-FollowerState: change to CANDIDATE, lastRpcTime:47ms, electionTimeout:46ms
2019-10-21 08:07:12,667 [Thread-613] INFO  impl.RoleInfo (RoleInfo.java:shutdownFollowerState(121)) - b166f5f1-a6ad-4c66-9d3e-7e796ecacb8a: shutdown FollowerState
2019-10-21 08:07:12,667 [Thread-613] INFO  impl.RaftServerImpl (RaftServerImpl.java:setRole(184)) - b166f5f1-a6ad-4c66-9d3e-7e796ecacb8a@group-139D7988E68A: changes role from  FOLLOWER to CANDIDATE at term 8 for changeToCandidate
2019-10-21 08:07:12,667 [Thread-613] INFO  impl.RoleInfo (RoleInfo.java:updateAndGet(143)) - b166f5f1-a6ad-4c66-9d3e-7e796ecacb8a: start LeaderElection
2019-10-21 08:07:12,698 [b166f5f1-a6ad-4c66-9d3e-7e796ecacb8a@group-139D7988E68A-LeaderElection14] INFO  impl.LeaderElection (LeaderElection.java:askForVotes(178)) - b166f5f1-a6ad-4c66-9d3e-7e796ecacb8a@group-139D7988E68A-LeaderElection14: begin an election at term 9 for 0: [b166f5f1-a6ad-4c66-9d3e-7e796ecacb8a:192.168.34.35:39693, 65d24b39-69ca-4c04-8db2-5f56e7503c5d:192.168.34.35:45259, 2f6ec408-7fd3-48a9-91b7-234721c6dbd9:192.168.34.35:41673], old=null
2019-10-21 08:07:12,704 [grpc-default-executor-3] INFO  impl.RaftServerImpl (RaftServerImpl.java:setRole(184)) - 65d24b39-69ca-4c04-8db2-5f56e7503c5d@group-139D7988E68A: changes role from  FOLLOWER to FOLLOWER at term 9 for recognizeCandidate:b166f5f1-a6ad-4c66-9d3e-7e796ecacb8a
2019-10-21 08:07:12,705 [grpc-default-executor-1] INFO  impl.RaftServerImpl (RaftServerImpl.java:setRole(184)) - 2f6ec408-7fd3-48a9-91b7-234721c6dbd9@group-139D7988E68A: changes role from  FOLLOWER to FOLLOWER at term 9 for recognizeCandidate:b166f5f1-a6ad-4c66-9d3e-7e796ecacb8a
2019-10-21 08:07:12,705 [grpc-default-executor-3] INFO  impl.RoleInfo (RoleInfo.java:shutdownFollowerState(121)) - 65d24b39-69ca-4c04-8db2-5f56e7503c5d: shutdown FollowerState
2019-10-21 08:07:12,705 [grpc-default-executor-1] INFO  impl.RoleInfo (RoleInfo.java:shutdownFollowerState(121)) - 2f6ec408-7fd3-48a9-91b7-234721c6dbd9: shutdown FollowerState
2019-10-21 08:07:12,705 [Thread-611] INFO  impl.FollowerState (FollowerState.java:run(117)) - 65d24b39-69ca-4c04-8db2-5f56e7503c5d@group-139D7988E68A-FollowerState was interrupted: java.lang.InterruptedException: sleep interrupted
2019-10-21 08:07:12,705 [grpc-default-executor-3] INFO  impl.RoleInfo (RoleInfo.java:updateAndGet(143)) - 65d24b39-69ca-4c04-8db2-5f56e7503c5d: start FollowerState
2019-10-21 08:07:12,705 [Thread-612] INFO  impl.FollowerState (FollowerState.java:run(117)) - 2f6ec408-7fd3-48a9-91b7-234721c6dbd9@group-139D7988E68A-FollowerState was interrupted: java.lang.InterruptedException: sleep interrupted
2019-10-21 08:07:12,705 [grpc-default-executor-1] INFO  impl.RoleInfo (RoleInfo.java:updateAndGet(143)) - 2f6ec408-7fd3-48a9-91b7-234721c6dbd9: start FollowerState
2019-10-21 08:07:12,718 [b166f5f1-a6ad-4c66-9d3e-7e796ecacb8a@group-139D7988E68A-LeaderElection14] INFO  impl.LeaderElection (LeaderElection.java:logAndReturn(56)) - b166f5f1-a6ad-4c66-9d3e-7e796ecacb8a@group-139D7988E68A-LeaderElection14: Election REJECTED; received 2 response(s) [b166f5f1-a6ad-4c66-9d3e-7e796ecacb8a<-65d24b39-69ca-4c04-8db2-5f56e7503c5d#0:FAIL-t9, b166f5f1-a6ad-4c66-9d3e-7e796ecacb8a<-2f6ec408-7fd3-48a9-91b7-234721c6dbd9#0:FAIL-t9] and 0 exception(s); b166f5f1-a6ad-4c66-9d3e-7e796ecacb8a@group-139D7988E68A:t9, leader=null, voted=b166f5f1-a6ad-4c66-9d3e-7e796ecacb8a, raftlog=b166f5f1-a6ad-4c66-9d3e-7e796ecacb8a@group-139D7988E68A-SegmentedRaftLog:OPENED:c3,f4,i4, conf=0: [b166f5f1-a6ad-4c66-9d3e-7e796ecacb8a:192.168.34.35:39693, 65d24b39-69ca-4c04-8db2-5f56e7503c5d:192.168.34.35:45259, 2f6ec408-7fd3-48a9-91b7-234721c6dbd9:192.168.34.35:41673], old=null
2019-10-21 08:07:12,718 [b166f5f1-a6ad-4c66-9d3e-7e796ecacb8a@group-139D7988E68A-LeaderElection14] INFO  impl.RaftServerImpl (RaftServerImpl.java:setRole(184)) - b166f5f1-a6ad-4c66-9d3e-7e796ecacb8a@group-139D7988E68A: changes role from CANDIDATE to FOLLOWER at term 9 for DISCOVERED_A_NEW_TERM
2019-10-21 08:07:12,719 [b166f5f1-a6ad-4c66-9d3e-7e796ecacb8a@group-139D7988E68A-LeaderElection14] INFO  impl.RoleInfo (RoleInfo.java:shutdownLeaderElection(134)) - b166f5f1-a6ad-4c66-9d3e-7e796ecacb8a: shutdown LeaderElection
2019-10-21 08:07:12,719 [b166f5f1-a6ad-4c66-9d3e-7e796ecacb8a@group-139D7988E68A-LeaderElection14] INFO  impl.RoleInfo (RoleInfo.java:updateAndGet(143)) - b166f5f1-a6ad-4c66-9d3e-7e796ecacb8a: start FollowerState
2019-10-21 08:07:12,818 [Thread-619] INFO  impl.FollowerState (FollowerState.java:run(108)) - b166f5f1-a6ad-4c66-9d3e-7e796ecacb8a@group-139D7988E68A-FollowerState: change to CANDIDATE, lastRpcTime:98ms, electionTimeout:93ms
2019-10-21 08:07:12,820 [Thread-619] INFO  impl.RoleInfo (RoleInfo.java:shutdownFollowerState(121)) - b166f5f1-a6ad-4c66-9d3e-7e796ecacb8a: shutdown FollowerState
2019-10-21 08:07:12,820 [Thread-619] INFO  impl.RaftServerImpl (RaftServerImpl.java:setRole(184)) - b166f5f1-a6ad-4c66-9d3e-7e796ecacb8a@group-139D7988E68A: changes role from  FOLLOWER to CANDIDATE at term 9 for changeToCandidate
2019-10-21 08:07:12,820 [Thread-619] INFO  impl.RoleInfo (RoleInfo.java:updateAndGet(143)) - b166f5f1-a6ad-4c66-9d3e-7e796ecacb8a: start LeaderElection
2019-10-21 08:07:12,836 [b166f5f1-a6ad-4c66-9d3e-7e796ecacb8a@group-139D7988E68A-LeaderElection15] INFO  impl.LeaderElection (LeaderElection.java:askForVotes(178)) - b166f5f1-a6ad-4c66-9d3e-7e796ecacb8a@group-139D7988E68A-LeaderElection15: begin an election at term 10 for 0: [b166f5f1-a6ad-4c66-9d3e-7e796ecacb8a:192.168.34.35:39693, 65d24b39-69ca-4c04-8db2-5f56e7503c5d:192.168.34.35:45259, 2f6ec408-7fd3-48a9-91b7-234721c6dbd9:192.168.34.35:41673], old=null
2019-10-21 08:07:12,840 [grpc-default-executor-1] INFO  impl.RaftServerImpl (RaftServerImpl.java:setRole(184)) - 65d24b39-69ca-4c04-8db2-5f56e7503c5d@group-139D7988E68A: changes role from  FOLLOWER to FOLLOWER at term 10 for recognizeCandidate:b166f5f1-a6ad-4c66-9d3e-7e796ecacb8a
2019-10-21 08:07:12,840 [grpc-default-executor-3] INFO  impl.RaftServerImpl (RaftServerImpl.java:setRole(184)) - 2f6ec408-7fd3-48a9-91b7-234721c6dbd9@group-139D7988E68A: changes role from  FOLLOWER to FOLLOWER at term 10 for recognizeCandidate:b166f5f1-a6ad-4c66-9d3e-7e796ecacb8a
2019-10-21 08:07:12,841 [grpc-default-executor-1] INFO  impl.RoleInfo (RoleInfo.java:shutdownFollowerState(121)) - 65d24b39-69ca-4c04-8db2-5f56e7503c5d: shutdown FollowerState
2019-10-21 08:07:12,841 [grpc-default-executor-3] INFO  impl.RoleInfo (RoleInfo.java:shutdownFollowerState(121)) - 2f6ec408-7fd3-48a9-91b7-234721c6dbd9: shutdown FollowerState
2019-10-21 08:07:12,841 [grpc-default-executor-3] INFO  impl.RoleInfo (RoleInfo.java:updateAndGet(143)) - 2f6ec408-7fd3-48a9-91b7-234721c6dbd9: start FollowerState
2019-10-21 08:07:12,841 [Thread-617] INFO  impl.FollowerState (FollowerState.java:run(117)) - 65d24b39-69ca-4c04-8db2-5f56e7503c5d@group-139D7988E68A-FollowerState was interrupted: java.lang.InterruptedException: sleep interrupted
2019-10-21 08:07:12,841 [grpc-default-executor-1] INFO  impl.RoleInfo (RoleInfo.java:updateAndGet(143)) - 65d24b39-69ca-4c04-8db2-5f56e7503c5d: start FollowerState
2019-10-21 08:07:12,841 [Thread-618] INFO  impl.FollowerState (FollowerState.java:run(117)) - 2f6ec408-7fd3-48a9-91b7-234721c6dbd9@group-139D7988E68A-FollowerState was interrupted: java.lang.InterruptedException: sleep interrupted
2019-10-21 08:07:12,852 [pool-7-thread-3] INFO  commands.RetriableDatanodeEventWatcher (RetriableDatanodeEventWatcher.java:onTimeout(47)) - RetriableDatanodeCommand type=deleteBlocksCommand with id=1571645226853 timed out. Retrying.
2019-10-21 08:07:12,853 [pool-7-thread-1] INFO  commands.RetriableDatanodeEventWatcher (RetriableDatanodeEventWatcher.java:onTimeout(47)) - RetriableDatanodeCommand type=deleteBlocksCommand with id=1571645226851 timed out. Retrying.
2019-10-21 08:07:12,853 [pool-7-thread-4] INFO  commands.RetriableDatanodeEventWatcher (RetriableDatanodeEventWatcher.java:onTimeout(47)) - RetriableDatanodeCommand type=deleteBlocksCommand with id=1571645226852 timed out. Retrying.
2019-10-21 08:07:12,853 [pool-7-thread-4] INFO  commands.RetriableDatanodeEventWatcher (RetriableDatanodeEventWatcher.java:onTimeout(47)) - RetriableDatanodeCommand type=deleteBlocksCommand with id=1571645226850 timed out. Retrying.
2019-10-21 08:07:12,853 [pool-7-thread-1] INFO  commands.RetriableDatanodeEventWatcher (RetriableDatanodeEventWatcher.java:onTimeout(47)) - RetriableDatanodeCommand type=deleteBlocksCommand with id=1571645226848 timed out. Retrying.
2019-10-21 08:07:12,855 [pool-7-thread-1] INFO  commands.RetriableDatanodeEventWatcher (RetriableDatanodeEventWatcher.java:onTimeout(47)) - RetriableDatanodeCommand type=deleteBlocksCommand with id=1571645226854 timed out. Retrying.
2019-10-21 08:07:12,855 [SCMBlockDeletingService#1] INFO  block.SCMBlockDeletingService (SCMBlockDeletingService.java:call(184)) - Totally added 1 delete blocks command for 1 datanodes, task elapsed time: 1ms
2019-10-21 08:07:12,858 [b166f5f1-a6ad-4c66-9d3e-7e796ecacb8a@group-139D7988E68A-LeaderElection15] INFO  impl.LeaderElection (LeaderElection.java:logAndReturn(56)) - b166f5f1-a6ad-4c66-9d3e-7e796ecacb8a@group-139D7988E68A-LeaderElection15: Election REJECTED; received 2 response(s) [b166f5f1-a6ad-4c66-9d3e-7e796ecacb8a<-65d24b39-69ca-4c04-8db2-5f56e7503c5d#0:FAIL-t10, b166f5f1-a6ad-4c66-9d3e-7e796ecacb8a<-2f6ec408-7fd3-48a9-91b7-234721c6dbd9#0:FAIL-t10] and 0 exception(s); b166f5f1-a6ad-4c66-9d3e-7e796ecacb8a@group-139D7988E68A:t10, leader=null, voted=b166f5f1-a6ad-4c66-9d3e-7e796ecacb8a, raftlog=b166f5f1-a6ad-4c66-9d3e-7e796ecacb8a@group-139D7988E68A-SegmentedRaftLog:OPENED:c3,f4,i4, conf=0: [b166f5f1-a6ad-4c66-9d3e-7e796ecacb8a:192.168.34.35:39693, 65d24b39-69ca-4c04-8db2-5f56e7503c5d:192.168.34.35:45259, 2f6ec408-7fd3-48a9-91b7-234721c6dbd9:192.168.34.35:41673], old=null
2019-10-21 08:07:12,859 [b166f5f1-a6ad-4c66-9d3e-7e796ecacb8a@group-139D7988E68A-LeaderElection15] INFO  impl.RaftServerImpl (RaftServerImpl.java:setRole(184)) - b166f5f1-a6ad-4c66-9d3e-7e796ecacb8a@group-139D7988E68A: changes role from CANDIDATE to FOLLOWER at term 10 for DISCOVERED_A_NEW_TERM
2019-10-21 08:07:12,859 [b166f5f1-a6ad-4c66-9d3e-7e796ecacb8a@group-139D7988E68A-LeaderElection15] INFO  impl.RoleInfo (RoleInfo.java:shutdownLeaderElection(134)) - b166f5f1-a6ad-4c66-9d3e-7e796ecacb8a: shutdown LeaderElection
2019-10-21 08:07:12,859 [b166f5f1-a6ad-4c66-9d3e-7e796ecacb8a@group-139D7988E68A-LeaderElection15] INFO  impl.RoleInfo (RoleInfo.java:updateAndGet(143)) - b166f5f1-a6ad-4c66-9d3e-7e796ecacb8a: start FollowerState
2019-10-21 08:07:12,898 [Thread-625] INFO  impl.FollowerState (FollowerState.java:run(108)) - b166f5f1-a6ad-4c66-9d3e-7e796ecacb8a@group-139D7988E68A-FollowerState: change to CANDIDATE, lastRpcTime:39ms, electionTimeout:39ms
2019-10-21 08:07:12,900 [Thread-625] INFO  impl.RoleInfo (RoleInfo.java:shutdownFollowerState(121)) - b166f5f1-a6ad-4c66-9d3e-7e796ecacb8a: shutdown FollowerState
2019-10-21 08:07:12,900 [Thread-625] INFO  impl.RaftServerImpl (RaftServerImpl.java:setRole(184)) - b166f5f1-a6ad-4c66-9d3e-7e796ecacb8a@group-139D7988E68A: changes role from  FOLLOWER to CANDIDATE at term 10 for changeToCandidate
2019-10-21 08:07:12,900 [Thread-625] INFO  impl.RoleInfo (RoleInfo.java:updateAndGet(143)) - b166f5f1-a6ad-4c66-9d3e-7e796ecacb8a: start LeaderElection
2019-10-21 08:07:12,915 [b166f5f1-a6ad-4c66-9d3e-7e796ecacb8a@group-139D7988E68A-LeaderElection16] INFO  impl.LeaderElection (LeaderElection.java:askForVotes(178)) - b166f5f1-a6ad-4c66-9d3e-7e796ecacb8a@group-139D7988E68A-LeaderElection16: begin an election at term 11 for 0: [b166f5f1-a6ad-4c66-9d3e-7e796ecacb8a:192.168.34.35:39693, 65d24b39-69ca-4c04-8db2-5f56e7503c5d:192.168.34.35:45259, 2f6ec408-7fd3-48a9-91b7-234721c6dbd9:192.168.34.35:41673], old=null
2019-10-21 08:07:12,922 [grpc-default-executor-1] INFO  impl.RaftServerImpl (RaftServerImpl.java:setRole(184)) - 2f6ec408-7fd3-48a9-91b7-234721c6dbd9@group-139D7988E68A: changes role from  FOLLOWER to FOLLOWER at term 11 for recognizeCandidate:b166f5f1-a6ad-4c66-9d3e-7e796ecacb8a
2019-10-21 08:07:12,922 [grpc-default-executor-3] INFO  impl.RaftServerImpl (RaftServerImpl.java:setRole(184)) - 65d24b39-69ca-4c04-8db2-5f56e7503c5d@group-139D7988E68A: changes role from  FOLLOWER to FOLLOWER at term 11 for recognizeCandidate:b166f5f1-a6ad-4c66-9d3e-7e796ecacb8a
2019-10-21 08:07:12,922 [grpc-default-executor-1] INFO  impl.RoleInfo (RoleInfo.java:shutdownFollowerState(121)) - 2f6ec408-7fd3-48a9-91b7-234721c6dbd9: shutdown FollowerState
2019-10-21 08:07:12,923 [grpc-default-executor-3] INFO  impl.RoleInfo (RoleInfo.java:shutdownFollowerState(121)) - 65d24b39-69ca-4c04-8db2-5f56e7503c5d: shutdown FollowerState
2019-10-21 08:07:12,923 [Thread-624] INFO  impl.FollowerState (FollowerState.java:run(117)) - 2f6ec408-7fd3-48a9-91b7-234721c6dbd9@group-139D7988E68A-FollowerState was interrupted: java.lang.InterruptedException: sleep interrupted
2019-10-21 08:07:12,923 [grpc-default-executor-1] INFO  impl.RoleInfo (RoleInfo.java:updateAndGet(143)) - 2f6ec408-7fd3-48a9-91b7-234721c6dbd9: start FollowerState
2019-10-21 08:07:12,923 [grpc-default-executor-3] INFO  impl.RoleInfo (RoleInfo.java:updateAndGet(143)) - 65d24b39-69ca-4c04-8db2-5f56e7503c5d: start FollowerState
2019-10-21 08:07:12,923 [Thread-623] INFO  impl.FollowerState (FollowerState.java:run(117)) - 65d24b39-69ca-4c04-8db2-5f56e7503c5d@group-139D7988E68A-FollowerState was interrupted: java.lang.InterruptedException: sleep interrupted
2019-10-21 08:07:12,942 [b166f5f1-a6ad-4c66-9d3e-7e796ecacb8a@group-139D7988E68A-LeaderElection16] INFO  impl.LeaderElection (LeaderElection.java:logAndReturn(56)) - b166f5f1-a6ad-4c66-9d3e-7e796ecacb8a@group-139D7988E68A-LeaderElection16: Election REJECTED; received 2 response(s) [b166f5f1-a6ad-4c66-9d3e-7e796ecacb8a<-65d24b39-69ca-4c04-8db2-5f56e7503c5d#0:FAIL-t11, b166f5f1-a6ad-4c66-9d3e-7e796ecacb8a<-2f6ec408-7fd3-48a9-91b7-234721c6dbd9#0:FAIL-t11] and 0 exception(s); b166f5f1-a6ad-4c66-9d3e-7e796ecacb8a@group-139D7988E68A:t11, leader=null, voted=b166f5f1-a6ad-4c66-9d3e-7e796ecacb8a, raftlog=b166f5f1-a6ad-4c66-9d3e-7e796ecacb8a@group-139D7988E68A-SegmentedRaftLog:OPENED:c3,f4,i4, conf=0: [b166f5f1-a6ad-4c66-9d3e-7e796ecacb8a:192.168.34.35:39693, 65d24b39-69ca-4c04-8db2-5f56e7503c5d:192.168.34.35:45259, 2f6ec408-7fd3-48a9-91b7-234721c6dbd9:192.168.34.35:41673], old=null
2019-10-21 08:07:12,942 [b166f5f1-a6ad-4c66-9d3e-7e796ecacb8a@group-139D7988E68A-LeaderElection16] INFO  impl.RaftServerImpl (RaftServerImpl.java:setRole(184)) - b166f5f1-a6ad-4c66-9d3e-7e796ecacb8a@group-139D7988E68A: changes role from CANDIDATE to FOLLOWER at term 11 for DISCOVERED_A_NEW_TERM
2019-10-21 08:07:12,943 [b166f5f1-a6ad-4c66-9d3e-7e796ecacb8a@group-139D7988E68A-LeaderElection16] INFO  impl.RoleInfo (RoleInfo.java:shutdownLeaderElection(134)) - b166f5f1-a6ad-4c66-9d3e-7e796ecacb8a: shutdown LeaderElection
2019-10-21 08:07:12,943 [b166f5f1-a6ad-4c66-9d3e-7e796ecacb8a@group-139D7988E68A-LeaderElection16] INFO  impl.RoleInfo (RoleInfo.java:updateAndGet(143)) - b166f5f1-a6ad-4c66-9d3e-7e796ecacb8a: start FollowerState
2019-10-21 08:07:12,991 [Thread-631] INFO  impl.FollowerState (FollowerState.java:run(108)) - b166f5f1-a6ad-4c66-9d3e-7e796ecacb8a@group-139D7988E68A-FollowerState: change to CANDIDATE, lastRpcTime:48ms, electionTimeout:48ms
2019-10-21 08:07:12,993 [Thread-631] INFO  impl.RoleInfo (RoleInfo.java:shutdownFollowerState(121)) - b166f5f1-a6ad-4c66-9d3e-7e796ecacb8a: shutdown FollowerState
2019-10-21 08:07:12,993 [Thread-631] INFO  impl.RaftServerImpl (RaftServerImpl.java:setRole(184)) - b166f5f1-a6ad-4c66-9d3e-7e796ecacb8a@group-139D7988E68A: changes role from  FOLLOWER to CANDIDATE at term 11 for changeToCandidate
2019-10-21 08:07:12,993 [Thread-631] INFO  impl.RoleInfo (RoleInfo.java:updateAndGet(143)) - b166f5f1-a6ad-4c66-9d3e-7e796ecacb8a: start LeaderElection
2019-10-21 08:07:13,018 [b166f5f1-a6ad-4c66-9d3e-7e796ecacb8a@group-139D7988E68A-LeaderElection17] INFO  impl.LeaderElection (LeaderElection.java:askForVotes(178)) - b166f5f1-a6ad-4c66-9d3e-7e796ecacb8a@group-139D7988E68A-LeaderElection17: begin an election at term 12 for 0: [b166f5f1-a6ad-4c66-9d3e-7e796ecacb8a:192.168.34.35:39693, 65d24b39-69ca-4c04-8db2-5f56e7503c5d:192.168.34.35:45259, 2f6ec408-7fd3-48a9-91b7-234721c6dbd9:192.168.34.35:41673], old=null
2019-10-21 08:07:13,023 [grpc-default-executor-3] INFO  impl.RaftServerImpl (RaftServerImpl.java:setRole(184)) - 65d24b39-69ca-4c04-8db2-5f56e7503c5d@group-139D7988E68A: changes role from  FOLLOWER to FOLLOWER at term 12 for recognizeCandidate:b166f5f1-a6ad-4c66-9d3e-7e796ecacb8a
2019-10-21 08:07:13,023 [grpc-default-executor-0] INFO  impl.RaftServerImpl (RaftServerImpl.java:setRole(184)) - 2f6ec408-7fd3-48a9-91b7-234721c6dbd9@group-139D7988E68A: changes role from  FOLLOWER to FOLLOWER at term 12 for recognizeCandidate:b166f5f1-a6ad-4c66-9d3e-7e796ecacb8a
2019-10-21 08:07:13,023 [grpc-default-executor-3] INFO  impl.RoleInfo (RoleInfo.java:shutdownFollowerState(121)) - 65d24b39-69ca-4c04-8db2-5f56e7503c5d: shutdown FollowerState
2019-10-21 08:07:13,023 [grpc-default-executor-0] INFO  impl.RoleInfo (RoleInfo.java:shutdownFollowerState(121)) - 2f6ec408-7fd3-48a9-91b7-234721c6dbd9: shutdown FollowerState
2019-10-21 08:07:13,024 [Thread-630] INFO  impl.FollowerState (FollowerState.java:run(117)) - 65d24b39-69ca-4c04-8db2-5f56e7503c5d@group-139D7988E68A-FollowerState was interrupted: java.lang.InterruptedException: sleep interrupted
2019-10-21 08:07:13,024 [grpc-default-executor-3] INFO  impl.RoleInfo (RoleInfo.java:updateAndGet(143)) - 65d24b39-69ca-4c04-8db2-5f56e7503c5d: start FollowerState
2019-10-21 08:07:13,024 [Thread-629] INFO  impl.FollowerState (FollowerState.java:run(117)) - 2f6ec408-7fd3-48a9-91b7-234721c6dbd9@group-139D7988E68A-FollowerState was interrupted: java.lang.InterruptedException: sleep interrupted
2019-10-21 08:07:13,024 [grpc-default-executor-0] INFO  impl.RoleInfo (RoleInfo.java:updateAndGet(143)) - 2f6ec408-7fd3-48a9-91b7-234721c6dbd9: start FollowerState
2019-10-21 08:07:13,046 [b166f5f1-a6ad-4c66-9d3e-7e796ecacb8a@group-139D7988E68A-LeaderElection17] INFO  impl.LeaderElection (LeaderElection.java:logAndReturn(56)) - b166f5f1-a6ad-4c66-9d3e-7e796ecacb8a@group-139D7988E68A-LeaderElection17: Election TIMEOUT; received 0 response(s) [] and 0 exception(s); b166f5f1-a6ad-4c66-9d3e-7e796ecacb8a@group-139D7988E68A:t12, leader=null, voted=b166f5f1-a6ad-4c66-9d3e-7e796ecacb8a, raftlog=b166f5f1-a6ad-4c66-9d3e-7e796ecacb8a@group-139D7988E68A-SegmentedRaftLog:OPENED:c3,f4,i4, conf=0: [b166f5f1-a6ad-4c66-9d3e-7e796ecacb8a:192.168.34.35:39693, 65d24b39-69ca-4c04-8db2-5f56e7503c5d:192.168.34.35:45259, 2f6ec408-7fd3-48a9-91b7-234721c6dbd9:192.168.34.35:41673], old=null
2019-10-21 08:07:13,054 [b166f5f1-a6ad-4c66-9d3e-7e796ecacb8a@group-139D7988E68A-LeaderElection17] INFO  impl.LeaderElection (LeaderElection.java:askForVotes(178)) - b166f5f1-a6ad-4c66-9d3e-7e796ecacb8a@group-139D7988E68A-LeaderElection17: begin an election at term 13 for 0: [b166f5f1-a6ad-4c66-9d3e-7e796ecacb8a:192.168.34.35:39693, 65d24b39-69ca-4c04-8db2-5f56e7503c5d:192.168.34.35:45259, 2f6ec408-7fd3-48a9-91b7-234721c6dbd9:192.168.34.35:41673], old=null
2019-10-21 08:07:13,059 [grpc-default-executor-3] INFO  impl.RaftServerImpl (RaftServerImpl.java:setRole(184)) - 2f6ec408-7fd3-48a9-91b7-234721c6dbd9@group-139D7988E68A: changes role from  FOLLOWER to FOLLOWER at term 13 for recognizeCandidate:b166f5f1-a6ad-4c66-9d3e-7e796ecacb8a
2019-10-21 08:07:13,059 [grpc-default-executor-0] INFO  impl.RaftServerImpl (RaftServerImpl.java:setRole(184)) - 65d24b39-69ca-4c04-8db2-5f56e7503c5d@group-139D7988E68A: changes role from  FOLLOWER to FOLLOWER at term 13 for recognizeCandidate:b166f5f1-a6ad-4c66-9d3e-7e796ecacb8a
2019-10-21 08:07:13,060 [grpc-default-executor-0] INFO  impl.RoleInfo (RoleInfo.java:shutdownFollowerState(121)) - 65d24b39-69ca-4c04-8db2-5f56e7503c5d: shutdown FollowerState
2019-10-21 08:07:13,060 [grpc-default-executor-3] INFO  impl.RoleInfo (RoleInfo.java:shutdownFollowerState(121)) - 2f6ec408-7fd3-48a9-91b7-234721c6dbd9: shutdown FollowerState
2019-10-21 08:07:13,060 [grpc-default-executor-0] INFO  impl.RoleInfo (RoleInfo.java:updateAndGet(143)) - 65d24b39-69ca-4c04-8db2-5f56e7503c5d: start FollowerState
2019-10-21 08:07:13,060 [Thread-637] INFO  impl.FollowerState (FollowerState.java:run(117)) - 2f6ec408-7fd3-48a9-91b7-234721c6dbd9@group-139D7988E68A-FollowerState was interrupted: java.lang.InterruptedException: sleep interrupted
2019-10-21 08:07:13,060 [Thread-636] INFO  impl.FollowerState (FollowerState.java:run(117)) - 65d24b39-69ca-4c04-8db2-5f56e7503c5d@group-139D7988E68A-FollowerState was interrupted: java.lang.InterruptedException: sleep interrupted
2019-10-21 08:07:13,060 [grpc-default-executor-3] INFO  impl.RoleInfo (RoleInfo.java:updateAndGet(143)) - 2f6ec408-7fd3-48a9-91b7-234721c6dbd9: start FollowerState
2019-10-21 08:07:13,089 [b166f5f1-a6ad-4c66-9d3e-7e796ecacb8a@group-139D7988E68A-LeaderElection17] INFO  impl.LeaderElection (LeaderElection.java:logAndReturn(56)) - b166f5f1-a6ad-4c66-9d3e-7e796ecacb8a@group-139D7988E68A-LeaderElection17: Election REJECTED; received 2 response(s) [b166f5f1-a6ad-4c66-9d3e-7e796ecacb8a<-65d24b39-69ca-4c04-8db2-5f56e7503c5d#0:FAIL-t13, b166f5f1-a6ad-4c66-9d3e-7e796ecacb8a<-2f6ec408-7fd3-48a9-91b7-234721c6dbd9#0:FAIL-t13] and 0 exception(s); b166f5f1-a6ad-4c66-9d3e-7e796ecacb8a@group-139D7988E68A:t13, leader=null, voted=b166f5f1-a6ad-4c66-9d3e-7e796ecacb8a, raftlog=b166f5f1-a6ad-4c66-9d3e-7e796ecacb8a@group-139D7988E68A-SegmentedRaftLog:OPENED:c3,f4,i4, conf=0: [b166f5f1-a6ad-4c66-9d3e-7e796ecacb8a:192.168.34.35:39693, 65d24b39-69ca-4c04-8db2-5f56e7503c5d:192.168.34.35:45259, 2f6ec408-7fd3-48a9-91b7-234721c6dbd9:192.168.34.35:41673], old=null
2019-10-21 08:07:13,089 [b166f5f1-a6ad-4c66-9d3e-7e796ecacb8a@group-139D7988E68A-LeaderElection17] INFO  impl.RaftServerImpl (RaftServerImpl.java:setRole(184)) - b166f5f1-a6ad-4c66-9d3e-7e796ecacb8a@group-139D7988E68A: changes role from CANDIDATE to FOLLOWER at term 13 for DISCOVERED_A_NEW_TERM
2019-10-21 08:07:13,090 [b166f5f1-a6ad-4c66-9d3e-7e796ecacb8a@group-139D7988E68A-LeaderElection17] INFO  impl.RoleInfo (RoleInfo.java:shutdownLeaderElection(134)) - b166f5f1-a6ad-4c66-9d3e-7e796ecacb8a: shutdown LeaderElection
2019-10-21 08:07:13,090 [b166f5f1-a6ad-4c66-9d3e-7e796ecacb8a@group-139D7988E68A-LeaderElection17] INFO  impl.RoleInfo (RoleInfo.java:updateAndGet(143)) - b166f5f1-a6ad-4c66-9d3e-7e796ecacb8a: start FollowerState
2019-10-21 08:07:13,131 [Thread-644] INFO  client.GrpcClientProtocolService (GrpcClientProtocolService.java:lambda$processClientRequest$0(278)) - Failed RaftClientRequest:client-771575C6CFE7->b166f5f1-a6ad-4c66-9d3e-7e796ecacb8a@group-139D7988E68A, cid=10, seq=0, Watch-ALL_COMMITTED(6), Message:<EMPTY>, reply=RaftClientReply:client-771575C6CFE7->b166f5f1-a6ad-4c66-9d3e-7e796ecacb8a@group-139D7988E68A, cid=10, FAILED org.apache.ratis.protocol.NotLeaderException: Server b166f5f1-a6ad-4c66-9d3e-7e796ecacb8a@group-139D7988E68A is not the leader, logIndex=0, commits[b166f5f1-a6ad-4c66-9d3e-7e796ecacb8a:c3]
2019-10-21 08:07:13,159 [BlockDeletingService#0] WARN  background.BlockDeletingService (BlockDeletingService.java:isDeletionAllowed(187)) - Close Container log Index 6 is not replicated across allthe servers in the pipeline 43b28a2a-1a81-4de9-bdfa-139d7988e68a as the min replicated index is 4. Deletion is not allowed in this container yet.
2019-10-21 08:07:13,159 [BlockDeletingService#2] WARN  background.BlockDeletingService (BlockDeletingService.java:isDeletionAllowed(187)) - Close Container log Index 6 is not replicated across allthe servers in the pipeline 43b28a2a-1a81-4de9-bdfa-139d7988e68a as the min replicated index is 4. Deletion is not allowed in this container yet.
2019-10-21 08:07:13,267 [Thread-642] INFO  impl.FollowerState (FollowerState.java:run(108)) - b166f5f1-a6ad-4c66-9d3e-7e796ecacb8a@group-139D7988E68A-FollowerState: change to CANDIDATE, lastRpcTime:177ms, electionTimeout:177ms
2019-10-21 08:07:13,268 [Thread-642] INFO  impl.RoleInfo (RoleInfo.java:shutdownFollowerState(121)) - b166f5f1-a6ad-4c66-9d3e-7e796ecacb8a: shutdown FollowerState
2019-10-21 08:07:13,268 [Thread-642] INFO  impl.RaftServerImpl (RaftServerImpl.java:setRole(184)) - b166f5f1-a6ad-4c66-9d3e-7e796ecacb8a@group-139D7988E68A: changes role from  FOLLOWER to CANDIDATE at term 13 for changeToCandidate
2019-10-21 08:07:13,268 [Thread-642] INFO  impl.RoleInfo (RoleInfo.java:updateAndGet(143)) - b166f5f1-a6ad-4c66-9d3e-7e796ecacb8a: start LeaderElection
2019-10-21 08:07:13,294 [b166f5f1-a6ad-4c66-9d3e-7e796ecacb8a@group-139D7988E68A-LeaderElection18] INFO  impl.LeaderElection (LeaderElection.java:askForVotes(178)) - b166f5f1-a6ad-4c66-9d3e-7e796ecacb8a@group-139D7988E68A-LeaderElection18: begin an election at term 14 for 0: [b166f5f1-a6ad-4c66-9d3e-7e796ecacb8a:192.168.34.35:39693, 65d24b39-69ca-4c04-8db2-5f56e7503c5d:192.168.34.35:45259, 2f6ec408-7fd3-48a9-91b7-234721c6dbd9:192.168.34.35:41673], old=null
2019-10-21 08:07:13,298 [grpc-default-executor-3] INFO  impl.RaftServerImpl (RaftServerImpl.java:setRole(184)) - 65d24b39-69ca-4c04-8db2-5f56e7503c5d@group-139D7988E68A: changes role from  FOLLOWER to FOLLOWER at term 14 for recognizeCandidate:b166f5f1-a6ad-4c66-9d3e-7e796ecacb8a
2019-10-21 08:07:13,298 [grpc-default-executor-0] INFO  impl.RaftServerImpl (RaftServerImpl.java:setRole(184)) - 2f6ec408-7fd3-48a9-91b7-234721c6dbd9@group-139D7988E68A: changes role from  FOLLOWER to FOLLOWER at term 14 for recognizeCandidate:b166f5f1-a6ad-4c66-9d3e-7e796ecacb8a
2019-10-21 08:07:13,298 [grpc-default-executor-3] INFO  impl.RoleInfo (RoleInfo.java:shutdownFollowerState(121)) - 65d24b39-69ca-4c04-8db2-5f56e7503c5d: shutdown FollowerState
2019-10-21 08:07:13,298 [grpc-default-executor-0] INFO  impl.RoleInfo (RoleInfo.java:shutdownFollowerState(121)) - 2f6ec408-7fd3-48a9-91b7-234721c6dbd9: shutdown FollowerState
2019-10-21 08:07:13,299 [Thread-640] INFO  impl.FollowerState (FollowerState.java:run(117)) - 65d24b39-69ca-4c04-8db2-5f56e7503c5d@group-139D7988E68A-FollowerState was interrupted: java.lang.InterruptedException: sleep interrupted
2019-10-21 08:07:13,299 [grpc-default-executor-3] INFO  impl.RoleInfo (RoleInfo.java:updateAndGet(143)) - 65d24b39-69ca-4c04-8db2-5f56e7503c5d: start FollowerState
2019-10-21 08:07:13,299 [Thread-641] INFO  impl.FollowerState (FollowerState.java:run(117)) - 2f6ec408-7fd3-48a9-91b7-234721c6dbd9@group-139D7988E68A-FollowerState was interrupted: java.lang.InterruptedException: sleep interrupted
2019-10-21 08:07:13,299 [grpc-default-executor-0] INFO  impl.RoleInfo (RoleInfo.java:updateAndGet(143)) - 2f6ec408-7fd3-48a9-91b7-234721c6dbd9: start FollowerState
2019-10-21 08:07:13,330 [b166f5f1-a6ad-4c66-9d3e-7e796ecacb8a@group-139D7988E68A-LeaderElection18] INFO  impl.LeaderElection (LeaderElection.java:logAndReturn(56)) - b166f5f1-a6ad-4c66-9d3e-7e796ecacb8a@group-139D7988E68A-LeaderElection18: Election REJECTED; received 2 response(s) [b166f5f1-a6ad-4c66-9d3e-7e796ecacb8a<-65d24b39-69ca-4c04-8db2-5f56e7503c5d#0:FAIL-t14, b166f5f1-a6ad-4c66-9d3e-7e796ecacb8a<-2f6ec408-7fd3-48a9-91b7-234721c6dbd9#0:FAIL-t14] and 0 exception(s); b166f5f1-a6ad-4c66-9d3e-7e796ecacb8a@group-139D7988E68A:t14, leader=null, voted=b166f5f1-a6ad-4c66-9d3e-7e796ecacb8a, raftlog=b166f5f1-a6ad-4c66-9d3e-7e796ecacb8a@group-139D7988E68A-SegmentedRaftLog:OPENED:c3,f4,i4, conf=0: [b166f5f1-a6ad-4c66-9d3e-7e796ecacb8a:192.168.34.35:39693, 65d24b39-69ca-4c04-8db2-5f56e7503c5d:192.168.34.35:45259, 2f6ec408-7fd3-48a9-91b7-234721c6dbd9:192.168.34.35:41673], old=null
2019-10-21 08:07:13,331 [b166f5f1-a6ad-4c66-9d3e-7e796ecacb8a@group-139D7988E68A-LeaderElection18] INFO  impl.RaftServerImpl (RaftServerImpl.java:setRole(184)) - b166f5f1-a6ad-4c66-9d3e-7e796ecacb8a@group-139D7988E68A: changes role from CANDIDATE to FOLLOWER at term 14 for DISCOVERED_A_NEW_TERM
2019-10-21 08:07:13,331 [b166f5f1-a6ad-4c66-9d3e-7e796ecacb8a@group-139D7988E68A-LeaderElection18] INFO  impl.RoleInfo (RoleInfo.java:shutdownLeaderElection(134)) - b166f5f1-a6ad-4c66-9d3e-7e796ecacb8a: shutdown LeaderElection
2019-10-21 08:07:13,331 [b166f5f1-a6ad-4c66-9d3e-7e796ecacb8a@group-139D7988E68A-LeaderElection18] INFO  impl.RoleInfo (RoleInfo.java:updateAndGet(143)) - b166f5f1-a6ad-4c66-9d3e-7e796ecacb8a: start FollowerState
2019-10-21 08:07:13,517 [Thread-653] INFO  impl.FollowerState (FollowerState.java:run(108)) - b166f5f1-a6ad-4c66-9d3e-7e796ecacb8a@group-139D7988E68A-FollowerState: change to CANDIDATE, lastRpcTime:186ms, electionTimeout:186ms
2019-10-21 08:07:13,518 [Thread-653] INFO  impl.RoleInfo (RoleInfo.java:shutdownFollowerState(121)) - b166f5f1-a6ad-4c66-9d3e-7e796ecacb8a: shutdown FollowerState
2019-10-21 08:07:13,519 [Thread-653] INFO  impl.RaftServerImpl (RaftServerImpl.java:setRole(184)) - b166f5f1-a6ad-4c66-9d3e-7e796ecacb8a@group-139D7988E68A: changes role from  FOLLOWER to CANDIDATE at term 14 for changeToCandidate
2019-10-21 08:07:13,519 [Thread-653] INFO  impl.RoleInfo (RoleInfo.java:updateAndGet(143)) - b166f5f1-a6ad-4c66-9d3e-7e796ecacb8a: start LeaderElection
2019-10-21 08:07:13,559 [b166f5f1-a6ad-4c66-9d3e-7e796ecacb8a@group-139D7988E68A-LeaderElection19] INFO  impl.LeaderElection (LeaderElection.java:askForVotes(178)) - b166f5f1-a6ad-4c66-9d3e-7e796ecacb8a@group-139D7988E68A-LeaderElection19: begin an election at term 15 for 0: [b166f5f1-a6ad-4c66-9d3e-7e796ecacb8a:192.168.34.35:39693, 65d24b39-69ca-4c04-8db2-5f56e7503c5d:192.168.34.35:45259, 2f6ec408-7fd3-48a9-91b7-234721c6dbd9:192.168.34.35:41673], old=null
2019-10-21 08:07:13,563 [grpc-default-executor-0] INFO  impl.RaftServerImpl (RaftServerImpl.java:setRole(184)) - 2f6ec408-7fd3-48a9-91b7-234721c6dbd9@group-139D7988E68A: changes role from  FOLLOWER to FOLLOWER at term 15 for recognizeCandidate:b166f5f1-a6ad-4c66-9d3e-7e796ecacb8a
2019-10-21 08:07:13,563 [grpc-default-executor-3] INFO  impl.RaftServerImpl (RaftServerImpl.java:setRole(184)) - 65d24b39-69ca-4c04-8db2-5f56e7503c5d@group-139D7988E68A: changes role from  FOLLOWER to FOLLOWER at term 15 for recognizeCandidate:b166f5f1-a6ad-4c66-9d3e-7e796ecacb8a
2019-10-21 08:07:13,563 [grpc-default-executor-0] INFO  impl.RoleInfo (RoleInfo.java:shutdownFollowerState(121)) - 2f6ec408-7fd3-48a9-91b7-234721c6dbd9: shutdown FollowerState
2019-10-21 08:07:13,563 [grpc-default-executor-3] INFO  impl.RoleInfo (RoleInfo.java:shutdownFollowerState(121)) - 65d24b39-69ca-4c04-8db2-5f56e7503c5d: shutdown FollowerState
2019-10-21 08:07:13,564 [Thread-651] INFO  impl.FollowerState (FollowerState.java:run(117)) - 65d24b39-69ca-4c04-8db2-5f56e7503c5d@group-139D7988E68A-FollowerState was interrupted: java.lang.InterruptedException: sleep interrupted
2019-10-21 08:07:13,564 [Thread-652] INFO  impl.FollowerState (FollowerState.java:run(117)) - 2f6ec408-7fd3-48a9-91b7-234721c6dbd9@group-139D7988E68A-FollowerState was interrupted: java.lang.InterruptedException: sleep interrupted
2019-10-21 08:07:13,564 [grpc-default-executor-0] INFO  impl.RoleInfo (RoleInfo.java:updateAndGet(143)) - 2f6ec408-7fd3-48a9-91b7-234721c6dbd9: start FollowerState
2019-10-21 08:07:13,564 [grpc-default-executor-3] INFO  impl.RoleInfo (RoleInfo.java:updateAndGet(143)) - 65d24b39-69ca-4c04-8db2-5f56e7503c5d: start FollowerState
2019-10-21 08:07:13,579 [b166f5f1-a6ad-4c66-9d3e-7e796ecacb8a@group-139D7988E68A-LeaderElection19] INFO  impl.LeaderElection (LeaderElection.java:logAndReturn(56)) - b166f5f1-a6ad-4c66-9d3e-7e796ecacb8a@group-139D7988E68A-LeaderElection19: Election REJECTED; received 2 response(s) [b166f5f1-a6ad-4c66-9d3e-7e796ecacb8a<-65d24b39-69ca-4c04-8db2-5f56e7503c5d#0:FAIL-t15, b166f5f1-a6ad-4c66-9d3e-7e796ecacb8a<-2f6ec408-7fd3-48a9-91b7-234721c6dbd9#0:FAIL-t15] and 0 exception(s); b166f5f1-a6ad-4c66-9d3e-7e796ecacb8a@group-139D7988E68A:t15, leader=null, voted=b166f5f1-a6ad-4c66-9d3e-7e796ecacb8a, raftlog=b166f5f1-a6ad-4c66-9d3e-7e796ecacb8a@group-139D7988E68A-SegmentedRaftLog:OPENED:c3,f4,i4, conf=0: [b166f5f1-a6ad-4c66-9d3e-7e796ecacb8a:192.168.34.35:39693, 65d24b39-69ca-4c04-8db2-5f56e7503c5d:192.168.34.35:45259, 2f6ec408-7fd3-48a9-91b7-234721c6dbd9:192.168.34.35:41673], old=null
2019-10-21 08:07:13,579 [b166f5f1-a6ad-4c66-9d3e-7e796ecacb8a@group-139D7988E68A-LeaderElection19] INFO  impl.RaftServerImpl (RaftServerImpl.java:setRole(184)) - b166f5f1-a6ad-4c66-9d3e-7e796ecacb8a@group-139D7988E68A: changes role from CANDIDATE to FOLLOWER at term 15 for DISCOVERED_A_NEW_TERM
2019-10-21 08:07:13,580 [b166f5f1-a6ad-4c66-9d3e-7e796ecacb8a@group-139D7988E68A-LeaderElection19] INFO  impl.RoleInfo (RoleInfo.java:shutdownLeaderElection(134)) - b166f5f1-a6ad-4c66-9d3e-7e796ecacb8a: shutdown LeaderElection
2019-10-21 08:07:13,580 [b166f5f1-a6ad-4c66-9d3e-7e796ecacb8a@group-139D7988E68A-LeaderElection19] INFO  impl.RoleInfo (RoleInfo.java:updateAndGet(143)) - b166f5f1-a6ad-4c66-9d3e-7e796ecacb8a: start FollowerState
2019-10-21 08:07:13,684 [Thread-659] INFO  impl.FollowerState (FollowerState.java:run(108)) - b166f5f1-a6ad-4c66-9d3e-7e796ecacb8a@group-139D7988E68A-FollowerState: change to CANDIDATE, lastRpcTime:104ms, electionTimeout:104ms
2019-10-21 08:07:13,686 [Thread-659] INFO  impl.RoleInfo (RoleInfo.java:shutdownFollowerState(121)) - b166f5f1-a6ad-4c66-9d3e-7e796ecacb8a: shutdown FollowerState
2019-10-21 08:07:13,686 [Thread-659] INFO  impl.RaftServerImpl (RaftServerImpl.java:setRole(184)) - b166f5f1-a6ad-4c66-9d3e-7e796ecacb8a@group-139D7988E68A: changes role from  FOLLOWER to CANDIDATE at term 15 for changeToCandidate
2019-10-21 08:07:13,686 [Thread-659] INFO  impl.RoleInfo (RoleInfo.java:updateAndGet(143)) - b166f5f1-a6ad-4c66-9d3e-7e796ecacb8a: start LeaderElection
2019-10-21 08:07:13,700 [b166f5f1-a6ad-4c66-9d3e-7e796ecacb8a@group-139D7988E68A-LeaderElection20] INFO  impl.LeaderElection (LeaderElection.java:askForVotes(178)) - b166f5f1-a6ad-4c66-9d3e-7e796ecacb8a@group-139D7988E68A-LeaderElection20: begin an election at term 16 for 0: [b166f5f1-a6ad-4c66-9d3e-7e796ecacb8a:192.168.34.35:39693, 65d24b39-69ca-4c04-8db2-5f56e7503c5d:192.168.34.35:45259, 2f6ec408-7fd3-48a9-91b7-234721c6dbd9:192.168.34.35:41673], old=null
2019-10-21 08:07:13,706 [grpc-default-executor-0] INFO  impl.RaftServerImpl (RaftServerImpl.java:setRole(184)) - 65d24b39-69ca-4c04-8db2-5f56e7503c5d@group-139D7988E68A: changes role from  FOLLOWER to FOLLOWER at term 16 for recognizeCandidate:b166f5f1-a6ad-4c66-9d3e-7e796ecacb8a
2019-10-21 08:07:13,706 [grpc-default-executor-3] INFO  impl.RaftServerImpl (RaftServerImpl.java:setRole(184)) - 2f6ec408-7fd3-48a9-91b7-234721c6dbd9@group-139D7988E68A: changes role from  FOLLOWER to FOLLOWER at term 16 for recognizeCandidate:b166f5f1-a6ad-4c66-9d3e-7e796ecacb8a
2019-10-21 08:07:13,706 [grpc-default-executor-3] INFO  impl.RoleInfo (RoleInfo.java:shutdownFollowerState(121)) - 2f6ec408-7fd3-48a9-91b7-234721c6dbd9: shutdown FollowerState
2019-10-21 08:07:13,706 [grpc-default-executor-0] INFO  impl.RoleInfo (RoleInfo.java:shutdownFollowerState(121)) - 65d24b39-69ca-4c04-8db2-5f56e7503c5d: shutdown FollowerState
2019-10-21 08:07:13,706 [Thread-657] INFO  impl.FollowerState (FollowerState.java:run(117)) - 2f6ec408-7fd3-48a9-91b7-234721c6dbd9@group-139D7988E68A-FollowerState was interrupted: java.lang.InterruptedException: sleep interrupted
2019-10-21 08:07:13,706 [grpc-default-executor-3] INFO  impl.RoleInfo (RoleInfo.java:updateAndGet(143)) - 2f6ec408-7fd3-48a9-91b7-234721c6dbd9: start FollowerState
2019-10-21 08:07:13,707 [Thread-658] INFO  impl.FollowerState (FollowerState.java:run(117)) - 65d24b39-69ca-4c04-8db2-5f56e7503c5d@group-139D7988E68A-FollowerState was interrupted: java.lang.InterruptedException: sleep interrupted
2019-10-21 08:07:13,707 [grpc-default-executor-0] INFO  impl.RoleInfo (RoleInfo.java:updateAndGet(143)) - 65d24b39-69ca-4c04-8db2-5f56e7503c5d: start FollowerState
2019-10-21 08:07:13,722 [b166f5f1-a6ad-4c66-9d3e-7e796ecacb8a@group-139D7988E68A-LeaderElection20] INFO  impl.LeaderElection (LeaderElection.java:logAndReturn(56)) - b166f5f1-a6ad-4c66-9d3e-7e796ecacb8a@group-139D7988E68A-LeaderElection20: Election REJECTED; received 2 response(s) [b166f5f1-a6ad-4c66-9d3e-7e796ecacb8a<-65d24b39-69ca-4c04-8db2-5f56e7503c5d#0:FAIL-t16, b166f5f1-a6ad-4c66-9d3e-7e796ecacb8a<-2f6ec408-7fd3-48a9-91b7-234721c6dbd9#0:FAIL-t16] and 0 exception(s); b166f5f1-a6ad-4c66-9d3e-7e796ecacb8a@group-139D7988E68A:t16, leader=null, voted=b166f5f1-a6ad-4c66-9d3e-7e796ecacb8a, raftlog=b166f5f1-a6ad-4c66-9d3e-7e796ecacb8a@group-139D7988E68A-SegmentedRaftLog:OPENED:c3,f4,i4, conf=0: [b166f5f1-a6ad-4c66-9d3e-7e796ecacb8a:192.168.34.35:39693, 65d24b39-69ca-4c04-8db2-5f56e7503c5d:192.168.34.35:45259, 2f6ec408-7fd3-48a9-91b7-234721c6dbd9:192.168.34.35:41673], old=null
2019-10-21 08:07:13,722 [b166f5f1-a6ad-4c66-9d3e-7e796ecacb8a@group-139D7988E68A-LeaderElection20] INFO  impl.RaftServerImpl (RaftServerImpl.java:setRole(184)) - b166f5f1-a6ad-4c66-9d3e-7e796ecacb8a@group-139D7988E68A: changes role from CANDIDATE to FOLLOWER at term 16 for DISCOVERED_A_NEW_TERM
2019-10-21 08:07:13,722 [b166f5f1-a6ad-4c66-9d3e-7e796ecacb8a@group-139D7988E68A-LeaderElection20] INFO  impl.RoleInfo (RoleInfo.java:shutdownLeaderElection(134)) - b166f5f1-a6ad-4c66-9d3e-7e796ecacb8a: shutdown LeaderElection
2019-10-21 08:07:13,723 [b166f5f1-a6ad-4c66-9d3e-7e796ecacb8a@group-139D7988E68A-LeaderElection20] INFO  impl.RoleInfo (RoleInfo.java:updateAndGet(143)) - b166f5f1-a6ad-4c66-9d3e-7e796ecacb8a: start FollowerState
2019-10-21 08:07:13,760 [Thread-665] INFO  impl.FollowerState (FollowerState.java:run(108)) - b166f5f1-a6ad-4c66-9d3e-7e796ecacb8a@group-139D7988E68A-FollowerState: change to CANDIDATE, lastRpcTime:37ms, electionTimeout:37ms
2019-10-21 08:07:13,765 [Thread-665] INFO  impl.RoleInfo (RoleInfo.java:shutdownFollowerState(121)) - b166f5f1-a6ad-4c66-9d3e-7e796ecacb8a: shutdown FollowerState
2019-10-21 08:07:13,765 [Thread-665] INFO  impl.RaftServerImpl (RaftServerImpl.java:setRole(184)) - b166f5f1-a6ad-4c66-9d3e-7e796ecacb8a@group-139D7988E68A: changes role from  FOLLOWER to CANDIDATE at term 16 for changeToCandidate
2019-10-21 08:07:13,765 [Thread-665] INFO  impl.RoleInfo (RoleInfo.java:updateAndGet(143)) - b166f5f1-a6ad-4c66-9d3e-7e796ecacb8a: start LeaderElection
2019-10-21 08:07:13,779 [b166f5f1-a6ad-4c66-9d3e-7e796ecacb8a@group-139D7988E68A-LeaderElection21] INFO  impl.LeaderElection (LeaderElection.java:askForVotes(178)) - b166f5f1-a6ad-4c66-9d3e-7e796ecacb8a@group-139D7988E68A-LeaderElection21: begin an election at term 17 for 0: [b166f5f1-a6ad-4c66-9d3e-7e796ecacb8a:192.168.34.35:39693, 65d24b39-69ca-4c04-8db2-5f56e7503c5d:192.168.34.35:45259, 2f6ec408-7fd3-48a9-91b7-234721c6dbd9:192.168.34.35:41673], old=null
2019-10-21 08:07:13,785 [grpc-default-executor-3] INFO  impl.RaftServerImpl (RaftServerImpl.java:setRole(184)) - 2f6ec408-7fd3-48a9-91b7-234721c6dbd9@group-139D7988E68A: changes role from  FOLLOWER to FOLLOWER at term 17 for recognizeCandidate:b166f5f1-a6ad-4c66-9d3e-7e796ecacb8a
2019-10-21 08:07:13,785 [grpc-default-executor-0] INFO  impl.RaftServerImpl (RaftServerImpl.java:setRole(184)) - 65d24b39-69ca-4c04-8db2-5f56e7503c5d@group-139D7988E68A: changes role from  FOLLOWER to FOLLOWER at term 17 for recognizeCandidate:b166f5f1-a6ad-4c66-9d3e-7e796ecacb8a
2019-10-21 08:07:13,785 [grpc-default-executor-3] INFO  impl.RoleInfo (RoleInfo.java:shutdownFollowerState(121)) - 2f6ec408-7fd3-48a9-91b7-234721c6dbd9: shutdown FollowerState
2019-10-21 08:07:13,785 [grpc-default-executor-0] INFO  impl.RoleInfo (RoleInfo.java:shutdownFollowerState(121)) - 65d24b39-69ca-4c04-8db2-5f56e7503c5d: shutdown FollowerState
2019-10-21 08:07:13,786 [Thread-663] INFO  impl.FollowerState (FollowerState.java:run(117)) - 2f6ec408-7fd3-48a9-91b7-234721c6dbd9@group-139D7988E68A-FollowerState was interrupted: java.lang.InterruptedException: sleep interrupted
2019-10-21 08:07:13,786 [grpc-default-executor-3] INFO  impl.RoleInfo (RoleInfo.java:updateAndGet(143)) - 2f6ec408-7fd3-48a9-91b7-234721c6dbd9: start FollowerState
2019-10-21 08:07:13,786 [Thread-664] INFO  impl.FollowerState (FollowerState.java:run(117)) - 65d24b39-69ca-4c04-8db2-5f56e7503c5d@group-139D7988E68A-FollowerState was interrupted: java.lang.InterruptedException: sleep interrupted
2019-10-21 08:07:13,786 [grpc-default-executor-0] INFO  impl.RoleInfo (RoleInfo.java:updateAndGet(143)) - 65d24b39-69ca-4c04-8db2-5f56e7503c5d: start FollowerState
2019-10-21 08:07:13,810 [b166f5f1-a6ad-4c66-9d3e-7e796ecacb8a@group-139D7988E68A-LeaderElection21] INFO  impl.LeaderElection (LeaderElection.java:logAndReturn(56)) - b166f5f1-a6ad-4c66-9d3e-7e796ecacb8a@group-139D7988E68A-LeaderElection21: Election REJECTED; received 2 response(s) [b166f5f1-a6ad-4c66-9d3e-7e796ecacb8a<-65d24b39-69ca-4c04-8db2-5f56e7503c5d#0:FAIL-t17, b166f5f1-a6ad-4c66-9d3e-7e796ecacb8a<-2f6ec408-7fd3-48a9-91b7-234721c6dbd9#0:FAIL-t17] and 0 exception(s); b166f5f1-a6ad-4c66-9d3e-7e796ecacb8a@group-139D7988E68A:t17, leader=null, voted=b166f5f1-a6ad-4c66-9d3e-7e796ecacb8a, raftlog=b166f5f1-a6ad-4c66-9d3e-7e796ecacb8a@group-139D7988E68A-SegmentedRaftLog:OPENED:c3,f4,i4, conf=0: [b166f5f1-a6ad-4c66-9d3e-7e796ecacb8a:192.168.34.35:39693, 65d24b39-69ca-4c04-8db2-5f56e7503c5d:192.168.34.35:45259, 2f6ec408-7fd3-48a9-91b7-234721c6dbd9:192.168.34.35:41673], old=null
2019-10-21 08:07:13,810 [b166f5f1-a6ad-4c66-9d3e-7e796ecacb8a@group-139D7988E68A-LeaderElection21] INFO  impl.RaftServerImpl (RaftServerImpl.java:setRole(184)) - b166f5f1-a6ad-4c66-9d3e-7e796ecacb8a@group-139D7988E68A: changes role from CANDIDATE to FOLLOWER at term 17 for DISCOVERED_A_NEW_TERM
2019-10-21 08:07:13,810 [b166f5f1-a6ad-4c66-9d3e-7e796ecacb8a@group-139D7988E68A-LeaderElection21] INFO  impl.RoleInfo (RoleInfo.java:shutdownLeaderElection(134)) - b166f5f1-a6ad-4c66-9d3e-7e796ecacb8a: shutdown LeaderElection
2019-10-21 08:07:13,810 [b166f5f1-a6ad-4c66-9d3e-7e796ecacb8a@group-139D7988E68A-LeaderElection21] INFO  impl.RoleInfo (RoleInfo.java:updateAndGet(143)) - b166f5f1-a6ad-4c66-9d3e-7e796ecacb8a: start FollowerState
2019-10-21 08:07:13,853 [EventQueue-PendingDeleteStatusForPendingDeleteHandler] INFO  block.SCMBlockDeletingService (SCMBlockDeletingService.java:handlePendingDeletes(115)) - Block deletion txnID mismatch in datanode b166f5f1-a6ad-4c66-9d3e-7e796ecacb8a for containerID 1. Datanode delete txnID: 0, SCM txnID: 1
2019-10-21 08:07:13,854 [pool-7-thread-1] INFO  commands.RetriableDatanodeEventWatcher (RetriableDatanodeEventWatcher.java:onTimeout(47)) - RetriableDatanodeCommand type=deleteBlocksCommand with id=1571645226854 timed out. Retrying.
2019-10-21 08:07:13,855 [pool-7-thread-5] INFO  commands.RetriableDatanodeEventWatcher (RetriableDatanodeEventWatcher.java:onTimeout(47)) - RetriableDatanodeCommand type=deleteBlocksCommand with id=1571645226850 timed out. Retrying.
2019-10-21 08:07:13,855 [pool-7-thread-2] INFO  commands.RetriableDatanodeEventWatcher (RetriableDatanodeEventWatcher.java:onTimeout(47)) - RetriableDatanodeCommand type=deleteBlocksCommand with id=1571645226851 timed out. Retrying.
2019-10-21 08:07:13,855 [pool-7-thread-4] INFO  commands.RetriableDatanodeEventWatcher (RetriableDatanodeEventWatcher.java:onTimeout(47)) - RetriableDatanodeCommand type=deleteBlocksCommand with id=1571645226853 timed out. Retrying.
2019-10-21 08:07:13,855 [pool-7-thread-3] INFO  commands.RetriableDatanodeEventWatcher (RetriableDatanodeEventWatcher.java:onTimeout(47)) - RetriableDatanodeCommand type=deleteBlocksCommand with id=1571645226852 timed out. Retrying.
2019-10-21 08:07:13,856 [pool-7-thread-6] INFO  commands.RetriableDatanodeEventWatcher (RetriableDatanodeEventWatcher.java:onTimeout(47)) - RetriableDatanodeCommand type=deleteBlocksCommand with id=1571645226848 timed out. Retrying.
2019-10-21 08:07:13,856 [pool-7-thread-3] INFO  commands.RetriableDatanodeEventWatcher (RetriableDatanodeEventWatcher.java:onTimeout(47)) - RetriableDatanodeCommand type=deleteBlocksCommand with id=1571645226855 timed out. Retrying.
2019-10-21 08:07:13,856 [SCMBlockDeletingService#1] INFO  block.SCMBlockDeletingService (SCMBlockDeletingService.java:call(184)) - Totally added 1 delete blocks command for 1 datanodes, task elapsed time: 1ms
2019-10-21 08:07:13,940 [Thread-671] INFO  impl.FollowerState (FollowerState.java:run(108)) - b166f5f1-a6ad-4c66-9d3e-7e796ecacb8a@group-139D7988E68A-FollowerState: change to CANDIDATE, lastRpcTime:129ms, electionTimeout:129ms
2019-10-21 08:07:13,940 [Thread-671] INFO  impl.RoleInfo (RoleInfo.java:shutdownFollowerState(121)) - b166f5f1-a6ad-4c66-9d3e-7e796ecacb8a: shutdown FollowerState
2019-10-21 08:07:13,940 [Thread-671] INFO  impl.RaftServerImpl (RaftServerImpl.java:setRole(184)) - b166f5f1-a6ad-4c66-9d3e-7e796ecacb8a@group-139D7988E68A: changes role from  FOLLOWER to CANDIDATE at term 17 for changeToCandidate
2019-10-21 08:07:13,940 [Thread-671] INFO  impl.RoleInfo (RoleInfo.java:updateAndGet(143)) - b166f5f1-a6ad-4c66-9d3e-7e796ecacb8a: start LeaderElection
2019-10-21 08:07:13,965 [b166f5f1-a6ad-4c66-9d3e-7e796ecacb8a@group-139D7988E68A-LeaderElection22] INFO  impl.LeaderElection (LeaderElection.java:askForVotes(178)) - b166f5f1-a6ad-4c66-9d3e-7e796ecacb8a@group-139D7988E68A-LeaderElection22: begin an election at term 18 for 0: [b166f5f1-a6ad-4c66-9d3e-7e796ecacb8a:192.168.34.35:39693, 65d24b39-69ca-4c04-8db2-5f56e7503c5d:192.168.34.35:45259, 2f6ec408-7fd3-48a9-91b7-234721c6dbd9:192.168.34.35:41673], old=null
2019-10-21 08:07:13,971 [grpc-default-executor-0] INFO  impl.RaftServerImpl (RaftServerImpl.java:setRole(184)) - 2f6ec408-7fd3-48a9-91b7-234721c6dbd9@group-139D7988E68A: changes role from  FOLLOWER to FOLLOWER at term 18 for recognizeCandidate:b166f5f1-a6ad-4c66-9d3e-7e796ecacb8a
2019-10-21 08:07:13,971 [grpc-default-executor-3] INFO  impl.RaftServerImpl (RaftServerImpl.java:setRole(184)) - 65d24b39-69ca-4c04-8db2-5f56e7503c5d@group-139D7988E68A: changes role from  FOLLOWER to FOLLOWER at term 18 for recognizeCandidate:b166f5f1-a6ad-4c66-9d3e-7e796ecacb8a
2019-10-21 08:07:13,971 [grpc-default-executor-0] INFO  impl.RoleInfo (RoleInfo.java:shutdownFollowerState(121)) - 2f6ec408-7fd3-48a9-91b7-234721c6dbd9: shutdown FollowerState
2019-10-21 08:07:13,971 [grpc-default-executor-3] INFO  impl.RoleInfo (RoleInfo.java:shutdownFollowerState(121)) - 65d24b39-69ca-4c04-8db2-5f56e7503c5d: shutdown FollowerState
2019-10-21 08:07:13,972 [grpc-default-executor-0] INFO  impl.RoleInfo (RoleInfo.java:updateAndGet(143)) - 2f6ec408-7fd3-48a9-91b7-234721c6dbd9: start FollowerState
2019-10-21 08:07:13,972 [Thread-669] INFO  impl.FollowerState (FollowerState.java:run(117)) - 2f6ec408-7fd3-48a9-91b7-234721c6dbd9@group-139D7988E68A-FollowerState was interrupted: java.lang.InterruptedException: sleep interrupted
2019-10-21 08:07:13,972 [Thread-670] INFO  impl.FollowerState (FollowerState.java:run(117)) - 65d24b39-69ca-4c04-8db2-5f56e7503c5d@group-139D7988E68A-FollowerState was interrupted: java.lang.InterruptedException: sleep interrupted
2019-10-21 08:07:13,972 [grpc-default-executor-3] INFO  impl.RoleInfo (RoleInfo.java:updateAndGet(143)) - 65d24b39-69ca-4c04-8db2-5f56e7503c5d: start FollowerState
2019-10-21 08:07:13,998 [b166f5f1-a6ad-4c66-9d3e-7e796ecacb8a@group-139D7988E68A-LeaderElection22] INFO  impl.LeaderElection (LeaderElection.java:logAndReturn(56)) - b166f5f1-a6ad-4c66-9d3e-7e796ecacb8a@group-139D7988E68A-LeaderElection22: Election REJECTED; received 2 response(s) [b166f5f1-a6ad-4c66-9d3e-7e796ecacb8a<-65d24b39-69ca-4c04-8db2-5f56e7503c5d#0:FAIL-t18, b166f5f1-a6ad-4c66-9d3e-7e796ecacb8a<-2f6ec408-7fd3-48a9-91b7-234721c6dbd9#0:FAIL-t18] and 0 exception(s); b166f5f1-a6ad-4c66-9d3e-7e796ecacb8a@group-139D7988E68A:t18, leader=null, voted=b166f5f1-a6ad-4c66-9d3e-7e796ecacb8a, raftlog=b166f5f1-a6ad-4c66-9d3e-7e796ecacb8a@group-139D7988E68A-SegmentedRaftLog:OPENED:c3,f4,i4, conf=0: [b166f5f1-a6ad-4c66-9d3e-7e796ecacb8a:192.168.34.35:39693, 65d24b39-69ca-4c04-8db2-5f56e7503c5d:192.168.34.35:45259, 2f6ec408-7fd3-48a9-91b7-234721c6dbd9:192.168.34.35:41673], old=null
2019-10-21 08:07:13,998 [b166f5f1-a6ad-4c66-9d3e-7e796ecacb8a@group-139D7988E68A-LeaderElection22] INFO  impl.RaftServerImpl (RaftServerImpl.java:setRole(184)) - b166f5f1-a6ad-4c66-9d3e-7e796ecacb8a@group-139D7988E68A: changes role from CANDIDATE to FOLLOWER at term 18 for DISCOVERED_A_NEW_TERM
2019-10-21 08:07:13,998 [b166f5f1-a6ad-4c66-9d3e-7e796ecacb8a@group-139D7988E68A-LeaderElection22] INFO  impl.RoleInfo (RoleInfo.java:shutdownLeaderElection(134)) - b166f5f1-a6ad-4c66-9d3e-7e796ecacb8a: shutdown LeaderElection
2019-10-21 08:07:13,998 [b166f5f1-a6ad-4c66-9d3e-7e796ecacb8a@group-139D7988E68A-LeaderElection22] INFO  impl.RoleInfo (RoleInfo.java:updateAndGet(143)) - b166f5f1-a6ad-4c66-9d3e-7e796ecacb8a: start FollowerState
2019-10-21 08:07:14,050 [Thread-678] INFO  impl.FollowerState (FollowerState.java:run(108)) - b166f5f1-a6ad-4c66-9d3e-7e796ecacb8a@group-139D7988E68A-FollowerState: change to CANDIDATE, lastRpcTime:51ms, electionTimeout:51ms
2019-10-21 08:07:14,051 [Thread-678] INFO  impl.RoleInfo (RoleInfo.java:shutdownFollowerState(121)) - b166f5f1-a6ad-4c66-9d3e-7e796ecacb8a: shutdown FollowerState
2019-10-21 08:07:14,051 [Thread-678] INFO  impl.RaftServerImpl (RaftServerImpl.java:setRole(184)) - b166f5f1-a6ad-4c66-9d3e-7e796ecacb8a@group-139D7988E68A: changes role from  FOLLOWER to CANDIDATE at term 18 for changeToCandidate
2019-10-21 08:07:14,051 [Thread-678] INFO  impl.RoleInfo (RoleInfo.java:updateAndGet(143)) - b166f5f1-a6ad-4c66-9d3e-7e796ecacb8a: start LeaderElection
2019-10-21 08:07:14,067 [b166f5f1-a6ad-4c66-9d3e-7e796ecacb8a@group-139D7988E68A-LeaderElection23] INFO  impl.LeaderElection (LeaderElection.java:askForVotes(178)) - b166f5f1-a6ad-4c66-9d3e-7e796ecacb8a@group-139D7988E68A-LeaderElection23: begin an election at term 19 for 0: [b166f5f1-a6ad-4c66-9d3e-7e796ecacb8a:192.168.34.35:39693, 65d24b39-69ca-4c04-8db2-5f56e7503c5d:192.168.34.35:45259, 2f6ec408-7fd3-48a9-91b7-234721c6dbd9:192.168.34.35:41673], old=null
2019-10-21 08:07:14,072 [grpc-default-executor-3] INFO  impl.RaftServerImpl (RaftServerImpl.java:setRole(184)) - 65d24b39-69ca-4c04-8db2-5f56e7503c5d@group-139D7988E68A: changes role from  FOLLOWER to FOLLOWER at term 19 for recognizeCandidate:b166f5f1-a6ad-4c66-9d3e-7e796ecacb8a
2019-10-21 08:07:14,072 [grpc-default-executor-0] INFO  impl.RaftServerImpl (RaftServerImpl.java:setRole(184)) - 2f6ec408-7fd3-48a9-91b7-234721c6dbd9@group-139D7988E68A: changes role from  FOLLOWER to FOLLOWER at term 19 for recognizeCandidate:b166f5f1-a6ad-4c66-9d3e-7e796ecacb8a
2019-10-21 08:07:14,073 [grpc-default-executor-0] INFO  impl.RoleInfo (RoleInfo.java:shutdownFollowerState(121)) - 2f6ec408-7fd3-48a9-91b7-234721c6dbd9: shutdown FollowerState
2019-10-21 08:07:14,073 [grpc-default-executor-3] INFO  impl.RoleInfo (RoleInfo.java:shutdownFollowerState(121)) - 65d24b39-69ca-4c04-8db2-5f56e7503c5d: shutdown FollowerState
2019-10-21 08:07:14,073 [grpc-default-executor-0] INFO  impl.RoleInfo (RoleInfo.java:updateAndGet(143)) - 2f6ec408-7fd3-48a9-91b7-234721c6dbd9: start FollowerState
2019-10-21 08:07:14,073 [Thread-675] INFO  impl.FollowerState (FollowerState.java:run(117)) - 2f6ec408-7fd3-48a9-91b7-234721c6dbd9@group-139D7988E68A-FollowerState was interrupted: java.lang.InterruptedException: sleep interrupted
2019-10-21 08:07:14,073 [grpc-default-executor-3] INFO  impl.RoleInfo (RoleInfo.java:updateAndGet(143)) - 65d24b39-69ca-4c04-8db2-5f56e7503c5d: start FollowerState
2019-10-21 08:07:14,073 [Thread-676] INFO  impl.FollowerState (FollowerState.java:run(117)) - 65d24b39-69ca-4c04-8db2-5f56e7503c5d@group-139D7988E68A-FollowerState was interrupted: java.lang.InterruptedException: sleep interrupted
2019-10-21 08:07:14,084 [b166f5f1-a6ad-4c66-9d3e-7e796ecacb8a@group-139D7988E68A-LeaderElection23] INFO  impl.LeaderElection (LeaderElection.java:logAndReturn(56)) - b166f5f1-a6ad-4c66-9d3e-7e796ecacb8a@group-139D7988E68A-LeaderElection23: Election REJECTED; received 2 response(s) [b166f5f1-a6ad-4c66-9d3e-7e796ecacb8a<-65d24b39-69ca-4c04-8db2-5f56e7503c5d#0:FAIL-t19, b166f5f1-a6ad-4c66-9d3e-7e796ecacb8a<-2f6ec408-7fd3-48a9-91b7-234721c6dbd9#0:FAIL-t19] and 0 exception(s); b166f5f1-a6ad-4c66-9d3e-7e796ecacb8a@group-139D7988E68A:t19, leader=null, voted=b166f5f1-a6ad-4c66-9d3e-7e796ecacb8a, raftlog=b166f5f1-a6ad-4c66-9d3e-7e796ecacb8a@group-139D7988E68A-SegmentedRaftLog:OPENED:c3,f4,i4, conf=0: [b166f5f1-a6ad-4c66-9d3e-7e796ecacb8a:192.168.34.35:39693, 65d24b39-69ca-4c04-8db2-5f56e7503c5d:192.168.34.35:45259, 2f6ec408-7fd3-48a9-91b7-234721c6dbd9:192.168.34.35:41673], old=null
2019-10-21 08:07:14,084 [b166f5f1-a6ad-4c66-9d3e-7e796ecacb8a@group-139D7988E68A-LeaderElection23] INFO  impl.RaftServerImpl (RaftServerImpl.java:setRole(184)) - b166f5f1-a6ad-4c66-9d3e-7e796ecacb8a@group-139D7988E68A: changes role from CANDIDATE to FOLLOWER at term 19 for DISCOVERED_A_NEW_TERM
2019-10-21 08:07:14,084 [b166f5f1-a6ad-4c66-9d3e-7e796ecacb8a@group-139D7988E68A-LeaderElection23] INFO  impl.RoleInfo (RoleInfo.java:shutdownLeaderElection(134)) - b166f5f1-a6ad-4c66-9d3e-7e796ecacb8a: shutdown LeaderElection
2019-10-21 08:07:14,084 [b166f5f1-a6ad-4c66-9d3e-7e796ecacb8a@group-139D7988E68A-LeaderElection23] INFO  impl.RoleInfo (RoleInfo.java:updateAndGet(143)) - b166f5f1-a6ad-4c66-9d3e-7e796ecacb8a: start FollowerState
2019-10-21 08:07:14,095 [Thread-684] INFO  impl.FollowerState (FollowerState.java:run(108)) - b166f5f1-a6ad-4c66-9d3e-7e796ecacb8a@group-139D7988E68A-FollowerState: change to CANDIDATE, lastRpcTime:10ms, electionTimeout:10ms
2019-10-21 08:07:14,096 [Thread-684] INFO  impl.RoleInfo (RoleInfo.java:shutdownFollowerState(121)) - b166f5f1-a6ad-4c66-9d3e-7e796ecacb8a: shutdown FollowerState
2019-10-21 08:07:14,097 [Thread-684] INFO  impl.RaftServerImpl (RaftServerImpl.java:setRole(184)) - b166f5f1-a6ad-4c66-9d3e-7e796ecacb8a@group-139D7988E68A: changes role from  FOLLOWER to CANDIDATE at term 19 for changeToCandidate
2019-10-21 08:07:14,097 [Thread-684] INFO  impl.RoleInfo (RoleInfo.java:updateAndGet(143)) - b166f5f1-a6ad-4c66-9d3e-7e796ecacb8a: start LeaderElection
2019-10-21 08:07:14,110 [b166f5f1-a6ad-4c66-9d3e-7e796ecacb8a@group-139D7988E68A-LeaderElection24] INFO  impl.LeaderElection (LeaderElection.java:askForVotes(178)) - b166f5f1-a6ad-4c66-9d3e-7e796ecacb8a@group-139D7988E68A-LeaderElection24: begin an election at term 20 for 0: [b166f5f1-a6ad-4c66-9d3e-7e796ecacb8a:192.168.34.35:39693, 65d24b39-69ca-4c04-8db2-5f56e7503c5d:192.168.34.35:45259, 2f6ec408-7fd3-48a9-91b7-234721c6dbd9:192.168.34.35:41673], old=null
2019-10-21 08:07:14,117 [grpc-default-executor-0] INFO  impl.RaftServerImpl (RaftServerImpl.java:setRole(184)) - 2f6ec408-7fd3-48a9-91b7-234721c6dbd9@group-139D7988E68A: changes role from  FOLLOWER to FOLLOWER at term 20 for recognizeCandidate:b166f5f1-a6ad-4c66-9d3e-7e796ecacb8a
2019-10-21 08:07:14,117 [grpc-default-executor-3] INFO  impl.RaftServerImpl (RaftServerImpl.java:setRole(184)) - 65d24b39-69ca-4c04-8db2-5f56e7503c5d@group-139D7988E68A: changes role from  FOLLOWER to FOLLOWER at term 20 for recognizeCandidate:b166f5f1-a6ad-4c66-9d3e-7e796ecacb8a
2019-10-21 08:07:14,117 [grpc-default-executor-0] INFO  impl.RoleInfo (RoleInfo.java:shutdownFollowerState(121)) - 2f6ec408-7fd3-48a9-91b7-234721c6dbd9: shutdown FollowerState
2019-10-21 08:07:14,118 [grpc-default-executor-3] INFO  impl.RoleInfo (RoleInfo.java:shutdownFollowerState(121)) - 65d24b39-69ca-4c04-8db2-5f56e7503c5d: shutdown FollowerState
2019-10-21 08:07:14,118 [grpc-default-executor-0] INFO  impl.RoleInfo (RoleInfo.java:updateAndGet(143)) - 2f6ec408-7fd3-48a9-91b7-234721c6dbd9: start FollowerState
2019-10-21 08:07:14,118 [Thread-683] INFO  impl.FollowerState (FollowerState.java:run(117)) - 65d24b39-69ca-4c04-8db2-5f56e7503c5d@group-139D7988E68A-FollowerState was interrupted: java.lang.InterruptedException: sleep interrupted
2019-10-21 08:07:14,118 [grpc-default-executor-3] INFO  impl.RoleInfo (RoleInfo.java:updateAndGet(143)) - 65d24b39-69ca-4c04-8db2-5f56e7503c5d: start FollowerState
2019-10-21 08:07:14,118 [Thread-682] INFO  impl.FollowerState (FollowerState.java:run(117)) - 2f6ec408-7fd3-48a9-91b7-234721c6dbd9@group-139D7988E68A-FollowerState was interrupted: java.lang.InterruptedException: sleep interrupted
2019-10-21 08:07:14,133 [b166f5f1-a6ad-4c66-9d3e-7e796ecacb8a@group-139D7988E68A-LeaderElection24] INFO  impl.LeaderElection (LeaderElection.java:logAndReturn(56)) - b166f5f1-a6ad-4c66-9d3e-7e796ecacb8a@group-139D7988E68A-LeaderElection24: Election REJECTED; received 2 response(s) [b166f5f1-a6ad-4c66-9d3e-7e796ecacb8a<-65d24b39-69ca-4c04-8db2-5f56e7503c5d#0:FAIL-t20, b166f5f1-a6ad-4c66-9d3e-7e796ecacb8a<-2f6ec408-7fd3-48a9-91b7-234721c6dbd9#0:FAIL-t20] and 0 exception(s); b166f5f1-a6ad-4c66-9d3e-7e796ecacb8a@group-139D7988E68A:t20, leader=null, voted=b166f5f1-a6ad-4c66-9d3e-7e796ecacb8a, raftlog=b166f5f1-a6ad-4c66-9d3e-7e796ecacb8a@group-139D7988E68A-SegmentedRaftLog:OPENED:c3,f4,i4, conf=0: [b166f5f1-a6ad-4c66-9d3e-7e796ecacb8a:192.168.34.35:39693, 65d24b39-69ca-4c04-8db2-5f56e7503c5d:192.168.34.35:45259, 2f6ec408-7fd3-48a9-91b7-234721c6dbd9:192.168.34.35:41673], old=null
2019-10-21 08:07:14,133 [b166f5f1-a6ad-4c66-9d3e-7e796ecacb8a@group-139D7988E68A-LeaderElection24] INFO  impl.RaftServerImpl (RaftServerImpl.java:setRole(184)) - b166f5f1-a6ad-4c66-9d3e-7e796ecacb8a@group-139D7988E68A: changes role from CANDIDATE to FOLLOWER at term 20 for DISCOVERED_A_NEW_TERM
2019-10-21 08:07:14,133 [b166f5f1-a6ad-4c66-9d3e-7e796ecacb8a@group-139D7988E68A-LeaderElection24] INFO  impl.RoleInfo (RoleInfo.java:shutdownLeaderElection(134)) - b166f5f1-a6ad-4c66-9d3e-7e796ecacb8a: shutdown LeaderElection
2019-10-21 08:07:14,133 [b166f5f1-a6ad-4c66-9d3e-7e796ecacb8a@group-139D7988E68A-LeaderElection24] INFO  impl.RoleInfo (RoleInfo.java:updateAndGet(143)) - b166f5f1-a6ad-4c66-9d3e-7e796ecacb8a: start FollowerState
2019-10-21 08:07:14,150 [Thread-692] INFO  client.GrpcClientProtocolService (GrpcClientProtocolService.java:lambda$processClientRequest$0(278)) - Failed RaftClientRequest:client-771575C6CFE7->65d24b39-69ca-4c04-8db2-5f56e7503c5d@group-139D7988E68A, cid=10, seq=0, Watch-ALL_COMMITTED(6), Message:<EMPTY>, reply=RaftClientReply:client-771575C6CFE7->65d24b39-69ca-4c04-8db2-5f56e7503c5d@group-139D7988E68A, cid=10, FAILED org.apache.ratis.protocol.NotLeaderException: Server 65d24b39-69ca-4c04-8db2-5f56e7503c5d@group-139D7988E68A is not the leader, logIndex=0, commits[65d24b39-69ca-4c04-8db2-5f56e7503c5d:c10, b166f5f1-a6ad-4c66-9d3e-7e796ecacb8a:c4, 2f6ec408-7fd3-48a9-91b7-234721c6dbd9:c10]
2019-10-21 08:07:14,161 [BlockDeletingService#0] WARN  background.BlockDeletingService (BlockDeletingService.java:isDeletionAllowed(187)) - Close Container log Index 6 is not replicated across allthe servers in the pipeline 43b28a2a-1a81-4de9-bdfa-139d7988e68a as the min replicated index is 4. Deletion is not allowed in this container yet.
2019-10-21 08:07:14,162 [BlockDeletingService#2] WARN  background.BlockDeletingService (BlockDeletingService.java:isDeletionAllowed(187)) - Close Container log Index 6 is not replicated across allthe servers in the pipeline 43b28a2a-1a81-4de9-bdfa-139d7988e68a as the min replicated index is 4. Deletion is not allowed in this container yet.
2019-10-21 08:07:14,188 [Thread-690] INFO  impl.FollowerState (FollowerState.java:run(108)) - b166f5f1-a6ad-4c66-9d3e-7e796ecacb8a@group-139D7988E68A-FollowerState: change to CANDIDATE, lastRpcTime:55ms, electionTimeout:55ms
2019-10-21 08:07:14,189 [Thread-690] INFO  impl.RoleInfo (RoleInfo.java:shutdownFollowerState(121)) - b166f5f1-a6ad-4c66-9d3e-7e796ecacb8a: shutdown FollowerState
2019-10-21 08:07:14,189 [Thread-690] INFO  impl.RaftServerImpl (RaftServerImpl.java:setRole(184)) - b166f5f1-a6ad-4c66-9d3e-7e796ecacb8a@group-139D7988E68A: changes role from  FOLLOWER to CANDIDATE at term 20 for changeToCandidate
2019-10-21 08:07:14,189 [Thread-690] INFO  impl.RoleInfo (RoleInfo.java:updateAndGet(143)) - b166f5f1-a6ad-4c66-9d3e-7e796ecacb8a: start LeaderElection
2019-10-21 08:07:14,202 [b166f5f1-a6ad-4c66-9d3e-7e796ecacb8a@group-139D7988E68A-LeaderElection25] INFO  impl.LeaderElection (LeaderElection.java:askForVotes(178)) - b166f5f1-a6ad-4c66-9d3e-7e796ecacb8a@group-139D7988E68A-LeaderElection25: begin an election at term 21 for 0: [b166f5f1-a6ad-4c66-9d3e-7e796ecacb8a:192.168.34.35:39693, 65d24b39-69ca-4c04-8db2-5f56e7503c5d:192.168.34.35:45259, 2f6ec408-7fd3-48a9-91b7-234721c6dbd9:192.168.34.35:41673], old=null
2019-10-21 08:07:14,205 [grpc-default-executor-0] INFO  impl.RaftServerImpl (RaftServerImpl.java:setRole(184)) - 65d24b39-69ca-4c04-8db2-5f56e7503c5d@group-139D7988E68A: changes role from  FOLLOWER to FOLLOWER at term 21 for recognizeCandidate:b166f5f1-a6ad-4c66-9d3e-7e796ecacb8a
2019-10-21 08:07:14,205 [grpc-default-executor-3] INFO  impl.RaftServerImpl (RaftServerImpl.java:setRole(184)) - 2f6ec408-7fd3-48a9-91b7-234721c6dbd9@group-139D7988E68A: changes role from  FOLLOWER to FOLLOWER at term 21 for recognizeCandidate:b166f5f1-a6ad-4c66-9d3e-7e796ecacb8a
2019-10-21 08:07:14,205 [grpc-default-executor-0] INFO  impl.RoleInfo (RoleInfo.java:shutdownFollowerState(121)) - 65d24b39-69ca-4c04-8db2-5f56e7503c5d: shutdown FollowerState
2019-10-21 08:07:14,205 [grpc-default-executor-3] INFO  impl.RoleInfo (RoleInfo.java:shutdownFollowerState(121)) - 2f6ec408-7fd3-48a9-91b7-234721c6dbd9: shutdown FollowerState
2019-10-21 08:07:14,206 [Thread-689] INFO  impl.FollowerState (FollowerState.java:run(117)) - 65d24b39-69ca-4c04-8db2-5f56e7503c5d@group-139D7988E68A-FollowerState was interrupted: java.lang.InterruptedException: sleep interrupted
2019-10-21 08:07:14,205 [grpc-default-executor-0] INFO  impl.RoleInfo (RoleInfo.java:updateAndGet(143)) - 65d24b39-69ca-4c04-8db2-5f56e7503c5d: start FollowerState
2019-10-21 08:07:14,206 [grpc-default-executor-3] INFO  impl.RoleInfo (RoleInfo.java:updateAndGet(143)) - 2f6ec408-7fd3-48a9-91b7-234721c6dbd9: start FollowerState
2019-10-21 08:07:14,206 [Thread-688] INFO  impl.FollowerState (FollowerState.java:run(117)) - 2f6ec408-7fd3-48a9-91b7-234721c6dbd9@group-139D7988E68A-FollowerState was interrupted: java.lang.InterruptedException: sleep interrupted
2019-10-21 08:07:14,221 [b166f5f1-a6ad-4c66-9d3e-7e796ecacb8a@group-139D7988E68A-LeaderElection25] INFO  impl.LeaderElection (LeaderElection.java:logAndReturn(56)) - b166f5f1-a6ad-4c66-9d3e-7e796ecacb8a@group-139D7988E68A-LeaderElection25: Election REJECTED; received 2 response(s) [b166f5f1-a6ad-4c66-9d3e-7e796ecacb8a<-65d24b39-69ca-4c04-8db2-5f56e7503c5d#0:FAIL-t21, b166f5f1-a6ad-4c66-9d3e-7e796ecacb8a<-2f6ec408-7fd3-48a9-91b7-234721c6dbd9#0:FAIL-t21] and 0 exception(s); b166f5f1-a6ad-4c66-9d3e-7e796ecacb8a@group-139D7988E68A:t21, leader=null, voted=b166f5f1-a6ad-4c66-9d3e-7e796ecacb8a, raftlog=b166f5f1-a6ad-4c66-9d3e-7e796ecacb8a@group-139D7988E68A-SegmentedRaftLog:OPENED:c3,f4,i4, conf=0: [b166f5f1-a6ad-4c66-9d3e-7e796ecacb8a:192.168.34.35:39693, 65d24b39-69ca-4c04-8db2-5f56e7503c5d:192.168.34.35:45259, 2f6ec408-7fd3-48a9-91b7-234721c6dbd9:192.168.34.35:41673], old=null
2019-10-21 08:07:14,221 [b166f5f1-a6ad-4c66-9d3e-7e796ecacb8a@group-139D7988E68A-LeaderElection25] INFO  impl.RaftServerImpl (RaftServerImpl.java:setRole(184)) - b166f5f1-a6ad-4c66-9d3e-7e796ecacb8a@group-139D7988E68A: changes role from CANDIDATE to FOLLOWER at term 21 for DISCOVERED_A_NEW_TERM
2019-10-21 08:07:14,221 [b166f5f1-a6ad-4c66-9d3e-7e796ecacb8a@group-139D7988E68A-LeaderElection25] INFO  impl.RoleInfo (RoleInfo.java:shutdownLeaderElection(134)) - b166f5f1-a6ad-4c66-9d3e-7e796ecacb8a: shutdown LeaderElection
2019-10-21 08:07:14,221 [b166f5f1-a6ad-4c66-9d3e-7e796ecacb8a@group-139D7988E68A-LeaderElection25] INFO  impl.RoleInfo (RoleInfo.java:updateAndGet(143)) - b166f5f1-a6ad-4c66-9d3e-7e796ecacb8a: start FollowerState
2019-10-21 08:07:14,403 [Thread-701] INFO  impl.FollowerState (FollowerState.java:run(108)) - b166f5f1-a6ad-4c66-9d3e-7e796ecacb8a@group-139D7988E68A-FollowerState: change to CANDIDATE, lastRpcTime:181ms, electionTimeout:181ms
2019-10-21 08:07:14,405 [Thread-701] INFO  impl.RoleInfo (RoleInfo.java:shutdownFollowerState(121)) - b166f5f1-a6ad-4c66-9d3e-7e796ecacb8a: shutdown FollowerState
2019-10-21 08:07:14,405 [Thread-701] INFO  impl.RaftServerImpl (RaftServerImpl.java:setRole(184)) - b166f5f1-a6ad-4c66-9d3e-7e796ecacb8a@group-139D7988E68A: changes role from  FOLLOWER to CANDIDATE at term 21 for changeToCandidate
2019-10-21 08:07:14,405 [Thread-701] INFO  impl.RoleInfo (RoleInfo.java:updateAndGet(143)) - b166f5f1-a6ad-4c66-9d3e-7e796ecacb8a: start LeaderElection
2019-10-21 08:07:14,430 [b166f5f1-a6ad-4c66-9d3e-7e796ecacb8a@group-139D7988E68A-LeaderElection26] INFO  impl.LeaderElection (LeaderElection.java:askForVotes(178)) - b166f5f1-a6ad-4c66-9d3e-7e796ecacb8a@group-139D7988E68A-LeaderElection26: begin an election at term 22 for 0: [b166f5f1-a6ad-4c66-9d3e-7e796ecacb8a:192.168.34.35:39693, 65d24b39-69ca-4c04-8db2-5f56e7503c5d:192.168.34.35:45259, 2f6ec408-7fd3-48a9-91b7-234721c6dbd9:192.168.34.35:41673], old=null
2019-10-21 08:07:14,434 [grpc-default-executor-0] INFO  impl.RaftServerImpl (RaftServerImpl.java:setRole(184)) - 65d24b39-69ca-4c04-8db2-5f56e7503c5d@group-139D7988E68A: changes role from  FOLLOWER to FOLLOWER at term 22 for recognizeCandidate:b166f5f1-a6ad-4c66-9d3e-7e796ecacb8a
2019-10-21 08:07:14,434 [grpc-default-executor-3] INFO  impl.RaftServerImpl (RaftServerImpl.java:setRole(184)) - 2f6ec408-7fd3-48a9-91b7-234721c6dbd9@group-139D7988E68A: changes role from  FOLLOWER to FOLLOWER at term 22 for recognizeCandidate:b166f5f1-a6ad-4c66-9d3e-7e796ecacb8a
2019-10-21 08:07:14,434 [grpc-default-executor-0] INFO  impl.RoleInfo (RoleInfo.java:shutdownFollowerState(121)) - 65d24b39-69ca-4c04-8db2-5f56e7503c5d: shutdown FollowerState
2019-10-21 08:07:14,434 [grpc-default-executor-3] INFO  impl.RoleInfo (RoleInfo.java:shutdownFollowerState(121)) - 2f6ec408-7fd3-48a9-91b7-234721c6dbd9: shutdown FollowerState
2019-10-21 08:07:14,434 [grpc-default-executor-0] INFO  impl.RoleInfo (RoleInfo.java:updateAndGet(143)) - 65d24b39-69ca-4c04-8db2-5f56e7503c5d: start FollowerState
2019-10-21 08:07:14,434 [Thread-700] INFO  impl.FollowerState (FollowerState.java:run(117)) - 2f6ec408-7fd3-48a9-91b7-234721c6dbd9@group-139D7988E68A-FollowerState was interrupted: java.lang.InterruptedException: sleep interrupted
2019-10-21 08:07:14,434 [grpc-default-executor-3] INFO  impl.RoleInfo (RoleInfo.java:updateAndGet(143)) - 2f6ec408-7fd3-48a9-91b7-234721c6dbd9: start FollowerState
2019-10-21 08:07:14,434 [Thread-699] INFO  impl.FollowerState (FollowerState.java:run(117)) - 65d24b39-69ca-4c04-8db2-5f56e7503c5d@group-139D7988E68A-FollowerState was interrupted: java.lang.InterruptedException: sleep interrupted
2019-10-21 08:07:14,438 [b166f5f1-a6ad-4c66-9d3e-7e796ecacb8a@group-139D7988E68A-LeaderElection26] INFO  impl.LeaderElection (LeaderElection.java:logAndReturn(56)) - b166f5f1-a6ad-4c66-9d3e-7e796ecacb8a@group-139D7988E68A-LeaderElection26: Election TIMEOUT; received 0 response(s) [] and 0 exception(s); b166f5f1-a6ad-4c66-9d3e-7e796ecacb8a@group-139D7988E68A:t22, leader=null, voted=b166f5f1-a6ad-4c66-9d3e-7e796ecacb8a, raftlog=b166f5f1-a6ad-4c66-9d3e-7e796ecacb8a@group-139D7988E68A-SegmentedRaftLog:OPENED:c3,f4,i4, conf=0: [b166f5f1-a6ad-4c66-9d3e-7e796ecacb8a:192.168.34.35:39693, 65d24b39-69ca-4c04-8db2-5f56e7503c5d:192.168.34.35:45259, 2f6ec408-7fd3-48a9-91b7-234721c6dbd9:192.168.34.35:41673], old=null
2019-10-21 08:07:14,460 [b166f5f1-a6ad-4c66-9d3e-7e796ecacb8a@group-139D7988E68A-LeaderElection26] INFO  impl.LeaderElection (LeaderElection.java:askForVotes(178)) - b166f5f1-a6ad-4c66-9d3e-7e796ecacb8a@group-139D7988E68A-LeaderElection26: begin an election at term 23 for 0: [b166f5f1-a6ad-4c66-9d3e-7e796ecacb8a:192.168.34.35:39693, 65d24b39-69ca-4c04-8db2-5f56e7503c5d:192.168.34.35:45259, 2f6ec408-7fd3-48a9-91b7-234721c6dbd9:192.168.34.35:41673], old=null
2019-10-21 08:07:14,464 [grpc-default-executor-3] INFO  impl.RaftServerImpl (RaftServerImpl.java:setRole(184)) - 65d24b39-69ca-4c04-8db2-5f56e7503c5d@group-139D7988E68A: changes role from  FOLLOWER to FOLLOWER at term 23 for recognizeCandidate:b166f5f1-a6ad-4c66-9d3e-7e796ecacb8a
2019-10-21 08:07:14,466 [grpc-default-executor-3] INFO  impl.RoleInfo (RoleInfo.java:shutdownFollowerState(121)) - 65d24b39-69ca-4c04-8db2-5f56e7503c5d: shutdown FollowerState
2019-10-21 08:07:14,467 [grpc-default-executor-3] INFO  impl.RoleInfo (RoleInfo.java:updateAndGet(143)) - 65d24b39-69ca-4c04-8db2-5f56e7503c5d: start FollowerState
2019-10-21 08:07:14,467 [grpc-default-executor-0] INFO  impl.RaftServerImpl (RaftServerImpl.java:setRole(184)) - 2f6ec408-7fd3-48a9-91b7-234721c6dbd9@group-139D7988E68A: changes role from  FOLLOWER to FOLLOWER at term 23 for recognizeCandidate:b166f5f1-a6ad-4c66-9d3e-7e796ecacb8a
2019-10-21 08:07:14,467 [Thread-705] INFO  impl.FollowerState (FollowerState.java:run(117)) - 65d24b39-69ca-4c04-8db2-5f56e7503c5d@group-139D7988E68A-FollowerState was interrupted: java.lang.InterruptedException: sleep interrupted
2019-10-21 08:07:14,467 [grpc-default-executor-0] INFO  impl.RoleInfo (RoleInfo.java:shutdownFollowerState(121)) - 2f6ec408-7fd3-48a9-91b7-234721c6dbd9: shutdown FollowerState
2019-10-21 08:07:14,467 [grpc-default-executor-0] INFO  impl.RoleInfo (RoleInfo.java:updateAndGet(143)) - 2f6ec408-7fd3-48a9-91b7-234721c6dbd9: start FollowerState
2019-10-21 08:07:14,467 [Thread-706] INFO  impl.FollowerState (FollowerState.java:run(117)) - 2f6ec408-7fd3-48a9-91b7-234721c6dbd9@group-139D7988E68A-FollowerState was interrupted: java.lang.InterruptedException: sleep interrupted
2019-10-21 08:07:14,484 [b166f5f1-a6ad-4c66-9d3e-7e796ecacb8a@group-139D7988E68A-LeaderElection26] INFO  impl.LeaderElection (LeaderElection.java:logAndReturn(56)) - b166f5f1-a6ad-4c66-9d3e-7e796ecacb8a@group-139D7988E68A-LeaderElection26: Election REJECTED; received 2 response(s) [b166f5f1-a6ad-4c66-9d3e-7e796ecacb8a<-65d24b39-69ca-4c04-8db2-5f56e7503c5d#0:FAIL-t23, b166f5f1-a6ad-4c66-9d3e-7e796ecacb8a<-2f6ec408-7fd3-48a9-91b7-234721c6dbd9#0:FAIL-t23] and 0 exception(s); b166f5f1-a6ad-4c66-9d3e-7e796ecacb8a@group-139D7988E68A:t23, leader=null, voted=b166f5f1-a6ad-4c66-9d3e-7e796ecacb8a, raftlog=b166f5f1-a6ad-4c66-9d3e-7e796ecacb8a@group-139D7988E68A-SegmentedRaftLog:OPENED:c3,f4,i4, conf=0: [b166f5f1-a6ad-4c66-9d3e-7e796ecacb8a:192.168.34.35:39693, 65d24b39-69ca-4c04-8db2-5f56e7503c5d:192.168.34.35:45259, 2f6ec408-7fd3-48a9-91b7-234721c6dbd9:192.168.34.35:41673], old=null
2019-10-21 08:07:14,484 [b166f5f1-a6ad-4c66-9d3e-7e796ecacb8a@group-139D7988E68A-LeaderElection26] INFO  impl.RaftServerImpl (RaftServerImpl.java:setRole(184)) - b166f5f1-a6ad-4c66-9d3e-7e796ecacb8a@group-139D7988E68A: changes role from CANDIDATE to FOLLOWER at term 23 for DISCOVERED_A_NEW_TERM
2019-10-21 08:07:14,484 [b166f5f1-a6ad-4c66-9d3e-7e796ecacb8a@group-139D7988E68A-LeaderElection26] INFO  impl.RoleInfo (RoleInfo.java:shutdownLeaderElection(134)) - b166f5f1-a6ad-4c66-9d3e-7e796ecacb8a: shutdown LeaderElection
2019-10-21 08:07:14,484 [b166f5f1-a6ad-4c66-9d3e-7e796ecacb8a@group-139D7988E68A-LeaderElection26] INFO  impl.RoleInfo (RoleInfo.java:updateAndGet(143)) - b166f5f1-a6ad-4c66-9d3e-7e796ecacb8a: start FollowerState
2019-10-21 08:07:14,563 [Thread-711] INFO  impl.FollowerState (FollowerState.java:run(108)) - b166f5f1-a6ad-4c66-9d3e-7e796ecacb8a@group-139D7988E68A-FollowerState: change to CANDIDATE, lastRpcTime:78ms, electionTimeout:78ms
2019-10-21 08:07:14,565 [Thread-711] INFO  impl.RoleInfo (RoleInfo.java:shutdownFollowerState(121)) - b166f5f1-a6ad-4c66-9d3e-7e796ecacb8a: shutdown FollowerState
2019-10-21 08:07:14,565 [Thread-711] INFO  impl.RaftServerImpl (RaftServerImpl.java:setRole(184)) - b166f5f1-a6ad-4c66-9d3e-7e796ecacb8a@group-139D7988E68A: changes role from  FOLLOWER to CANDIDATE at term 23 for changeToCandidate
2019-10-21 08:07:14,565 [Thread-711] INFO  impl.RoleInfo (RoleInfo.java:updateAndGet(143)) - b166f5f1-a6ad-4c66-9d3e-7e796ecacb8a: start LeaderElection
2019-10-21 08:07:14,580 [b166f5f1-a6ad-4c66-9d3e-7e796ecacb8a@group-139D7988E68A-LeaderElection27] INFO  impl.LeaderElection (LeaderElection.java:askForVotes(178)) - b166f5f1-a6ad-4c66-9d3e-7e796ecacb8a@group-139D7988E68A-LeaderElection27: begin an election at term 24 for 0: [b166f5f1-a6ad-4c66-9d3e-7e796ecacb8a:192.168.34.35:39693, 65d24b39-69ca-4c04-8db2-5f56e7503c5d:192.168.34.35:45259, 2f6ec408-7fd3-48a9-91b7-234721c6dbd9:192.168.34.35:41673], old=null
2019-10-21 08:07:14,584 [grpc-default-executor-3] INFO  impl.RaftServerImpl (RaftServerImpl.java:setRole(184)) - 2f6ec408-7fd3-48a9-91b7-234721c6dbd9@group-139D7988E68A: changes role from  FOLLOWER to FOLLOWER at term 24 for recognizeCandidate:b166f5f1-a6ad-4c66-9d3e-7e796ecacb8a
2019-10-21 08:07:14,584 [grpc-default-executor-0] INFO  impl.RaftServerImpl (RaftServerImpl.java:setRole(184)) - 65d24b39-69ca-4c04-8db2-5f56e7503c5d@group-139D7988E68A: changes role from  FOLLOWER to FOLLOWER at term 24 for recognizeCandidate:b166f5f1-a6ad-4c66-9d3e-7e796ecacb8a
2019-10-21 08:07:14,584 [grpc-default-executor-3] INFO  impl.RoleInfo (RoleInfo.java:shutdownFollowerState(121)) - 2f6ec408-7fd3-48a9-91b7-234721c6dbd9: shutdown FollowerState
2019-10-21 08:07:14,584 [grpc-default-executor-0] INFO  impl.RoleInfo (RoleInfo.java:shutdownFollowerState(121)) - 65d24b39-69ca-4c04-8db2-5f56e7503c5d: shutdown FollowerState
2019-10-21 08:07:14,584 [grpc-default-executor-3] INFO  impl.RoleInfo (RoleInfo.java:updateAndGet(143)) - 2f6ec408-7fd3-48a9-91b7-234721c6dbd9: start FollowerState
2019-10-21 08:07:14,584 [Thread-710] INFO  impl.FollowerState (FollowerState.java:run(117)) - 2f6ec408-7fd3-48a9-91b7-234721c6dbd9@group-139D7988E68A-FollowerState was interrupted: java.lang.InterruptedException: sleep interrupted
2019-10-21 08:07:14,585 [grpc-default-executor-0] INFO  impl.RoleInfo (RoleInfo.java:updateAndGet(143)) - 65d24b39-69ca-4c04-8db2-5f56e7503c5d: start FollowerState
2019-10-21 08:07:14,585 [Thread-709] INFO  impl.FollowerState (FollowerState.java:run(117)) - 65d24b39-69ca-4c04-8db2-5f56e7503c5d@group-139D7988E68A-FollowerState was interrupted: java.lang.InterruptedException: sleep interrupted
2019-10-21 08:07:14,620 [b166f5f1-a6ad-4c66-9d3e-7e796ecacb8a@group-139D7988E68A-LeaderElection27] INFO  impl.LeaderElection (LeaderElection.java:logAndReturn(56)) - b166f5f1-a6ad-4c66-9d3e-7e796ecacb8a@group-139D7988E68A-LeaderElection27: Election REJECTED; received 2 response(s) [b166f5f1-a6ad-4c66-9d3e-7e796ecacb8a<-65d24b39-69ca-4c04-8db2-5f56e7503c5d#0:FAIL-t24, b166f5f1-a6ad-4c66-9d3e-7e796ecacb8a<-2f6ec408-7fd3-48a9-91b7-234721c6dbd9#0:FAIL-t24] and 0 exception(s); b166f5f1-a6ad-4c66-9d3e-7e796ecacb8a@group-139D7988E68A:t24, leader=null, voted=b166f5f1-a6ad-4c66-9d3e-7e796ecacb8a, raftlog=b166f5f1-a6ad-4c66-9d3e-7e796ecacb8a@group-139D7988E68A-SegmentedRaftLog:OPENED:c3,f4,i4, conf=0: [b166f5f1-a6ad-4c66-9d3e-7e796ecacb8a:192.168.34.35:39693, 65d24b39-69ca-4c04-8db2-5f56e7503c5d:192.168.34.35:45259, 2f6ec408-7fd3-48a9-91b7-234721c6dbd9:192.168.34.35:41673], old=null
2019-10-21 08:07:14,621 [b166f5f1-a6ad-4c66-9d3e-7e796ecacb8a@group-139D7988E68A-LeaderElection27] INFO  impl.RaftServerImpl (RaftServerImpl.java:setRole(184)) - b166f5f1-a6ad-4c66-9d3e-7e796ecacb8a@group-139D7988E68A: changes role from CANDIDATE to FOLLOWER at term 24 for DISCOVERED_A_NEW_TERM
2019-10-21 08:07:14,621 [b166f5f1-a6ad-4c66-9d3e-7e796ecacb8a@group-139D7988E68A-LeaderElection27] INFO  impl.RoleInfo (RoleInfo.java:shutdownLeaderElection(134)) - b166f5f1-a6ad-4c66-9d3e-7e796ecacb8a: shutdown LeaderElection
2019-10-21 08:07:14,621 [b166f5f1-a6ad-4c66-9d3e-7e796ecacb8a@group-139D7988E68A-LeaderElection27] INFO  impl.RoleInfo (RoleInfo.java:updateAndGet(143)) - b166f5f1-a6ad-4c66-9d3e-7e796ecacb8a: start FollowerState
2019-10-21 08:07:14,708 [Thread-717] INFO  impl.FollowerState (FollowerState.java:run(108)) - b166f5f1-a6ad-4c66-9d3e-7e796ecacb8a@group-139D7988E68A-FollowerState: change to CANDIDATE, lastRpcTime:86ms, electionTimeout:86ms
2019-10-21 08:07:14,710 [Thread-717] INFO  impl.RoleInfo (RoleInfo.java:shutdownFollowerState(121)) - b166f5f1-a6ad-4c66-9d3e-7e796ecacb8a: shutdown FollowerState
2019-10-21 08:07:14,710 [Thread-717] INFO  impl.RaftServerImpl (RaftServerImpl.java:setRole(184)) - b166f5f1-a6ad-4c66-9d3e-7e796ecacb8a@group-139D7988E68A: changes role from  FOLLOWER to CANDIDATE at term 24 for changeToCandidate
2019-10-21 08:07:14,710 [Thread-717] INFO  impl.RoleInfo (RoleInfo.java:updateAndGet(143)) - b166f5f1-a6ad-4c66-9d3e-7e796ecacb8a: start LeaderElection
2019-10-21 08:07:14,724 [b166f5f1-a6ad-4c66-9d3e-7e796ecacb8a@group-139D7988E68A-LeaderElection28] INFO  impl.LeaderElection (LeaderElection.java:askForVotes(178)) - b166f5f1-a6ad-4c66-9d3e-7e796ecacb8a@group-139D7988E68A-LeaderElection28: begin an election at term 25 for 0: [b166f5f1-a6ad-4c66-9d3e-7e796ecacb8a:192.168.34.35:39693, 65d24b39-69ca-4c04-8db2-5f56e7503c5d:192.168.34.35:45259, 2f6ec408-7fd3-48a9-91b7-234721c6dbd9:192.168.34.35:41673], old=null
2019-10-21 08:07:14,727 [grpc-default-executor-3] INFO  impl.RaftServerImpl (RaftServerImpl.java:setRole(184)) - 65d24b39-69ca-4c04-8db2-5f56e7503c5d@group-139D7988E68A: changes role from  FOLLOWER to FOLLOWER at term 25 for recognizeCandidate:b166f5f1-a6ad-4c66-9d3e-7e796ecacb8a
2019-10-21 08:07:14,727 [grpc-default-executor-0] INFO  impl.RaftServerImpl (RaftServerImpl.java:setRole(184)) - 2f6ec408-7fd3-48a9-91b7-234721c6dbd9@group-139D7988E68A: changes role from  FOLLOWER to FOLLOWER at term 25 for recognizeCandidate:b166f5f1-a6ad-4c66-9d3e-7e796ecacb8a
2019-10-21 08:07:14,727 [grpc-default-executor-3] INFO  impl.RoleInfo (RoleInfo.java:shutdownFollowerState(121)) - 65d24b39-69ca-4c04-8db2-5f56e7503c5d: shutdown FollowerState
2019-10-21 08:07:14,728 [b166f5f1-a6ad-4c66-9d3e-7e796ecacb8a@group-139D7988E68A-LeaderElection28] INFO  impl.LeaderElection (LeaderElection.java:logAndReturn(56)) - b166f5f1-a6ad-4c66-9d3e-7e796ecacb8a@group-139D7988E68A-LeaderElection28: Election TIMEOUT; received 0 response(s) [] and 0 exception(s); b166f5f1-a6ad-4c66-9d3e-7e796ecacb8a@group-139D7988E68A:t25, leader=null, voted=b166f5f1-a6ad-4c66-9d3e-7e796ecacb8a, raftlog=b166f5f1-a6ad-4c66-9d3e-7e796ecacb8a@group-139D7988E68A-SegmentedRaftLog:OPENED:c3,f4,i4, conf=0: [b166f5f1-a6ad-4c66-9d3e-7e796ecacb8a:192.168.34.35:39693, 65d24b39-69ca-4c04-8db2-5f56e7503c5d:192.168.34.35:45259, 2f6ec408-7fd3-48a9-91b7-234721c6dbd9:192.168.34.35:41673], old=null
2019-10-21 08:07:14,728 [grpc-default-executor-0] INFO  impl.RoleInfo (RoleInfo.java:shutdownFollowerState(121)) - 2f6ec408-7fd3-48a9-91b7-234721c6dbd9: shutdown FollowerState
2019-10-21 08:07:14,728 [Thread-716] INFO  impl.FollowerState (FollowerState.java:run(117)) - 65d24b39-69ca-4c04-8db2-5f56e7503c5d@group-139D7988E68A-FollowerState was interrupted: java.lang.InterruptedException: sleep interrupted
2019-10-21 08:07:14,730 [grpc-default-executor-0] INFO  impl.RoleInfo (RoleInfo.java:updateAndGet(143)) - 2f6ec408-7fd3-48a9-91b7-234721c6dbd9: start FollowerState
2019-10-21 08:07:14,728 [grpc-default-executor-3] INFO  impl.RoleInfo (RoleInfo.java:updateAndGet(143)) - 65d24b39-69ca-4c04-8db2-5f56e7503c5d: start FollowerState
2019-10-21 08:07:14,730 [Thread-715] INFO  impl.FollowerState (FollowerState.java:run(117)) - 2f6ec408-7fd3-48a9-91b7-234721c6dbd9@group-139D7988E68A-FollowerState was interrupted: java.lang.InterruptedException: sleep interrupted
2019-10-21 08:07:14,754 [b166f5f1-a6ad-4c66-9d3e-7e796ecacb8a@group-139D7988E68A-LeaderElection28] INFO  impl.LeaderElection (LeaderElection.java:askForVotes(178)) - b166f5f1-a6ad-4c66-9d3e-7e796ecacb8a@group-139D7988E68A-LeaderElection28: begin an election at term 26 for 0: [b166f5f1-a6ad-4c66-9d3e-7e796ecacb8a:192.168.34.35:39693, 65d24b39-69ca-4c04-8db2-5f56e7503c5d:192.168.34.35:45259, 2f6ec408-7fd3-48a9-91b7-234721c6dbd9:192.168.34.35:41673], old=null
2019-10-21 08:07:14,756 [grpc-default-executor-3] INFO  impl.RaftServerImpl (RaftServerImpl.java:setRole(184)) - 65d24b39-69ca-4c04-8db2-5f56e7503c5d@group-139D7988E68A: changes role from  FOLLOWER to FOLLOWER at term 26 for recognizeCandidate:b166f5f1-a6ad-4c66-9d3e-7e796ecacb8a
2019-10-21 08:07:14,757 [grpc-default-executor-3] INFO  impl.RoleInfo (RoleInfo.java:shutdownFollowerState(121)) - 65d24b39-69ca-4c04-8db2-5f56e7503c5d: shutdown FollowerState
2019-10-21 08:07:14,757 [grpc-default-executor-0] INFO  impl.RaftServerImpl (RaftServerImpl.java:setRole(184)) - 2f6ec408-7fd3-48a9-91b7-234721c6dbd9@group-139D7988E68A: changes role from  FOLLOWER to FOLLOWER at term 26 for recognizeCandidate:b166f5f1-a6ad-4c66-9d3e-7e796ecacb8a
2019-10-21 08:07:14,757 [grpc-default-executor-0] INFO  impl.RoleInfo (RoleInfo.java:shutdownFollowerState(121)) - 2f6ec408-7fd3-48a9-91b7-234721c6dbd9: shutdown FollowerState
2019-10-21 08:07:14,757 [Thread-721] INFO  impl.FollowerState (FollowerState.java:run(117)) - 65d24b39-69ca-4c04-8db2-5f56e7503c5d@group-139D7988E68A-FollowerState was interrupted: java.lang.InterruptedException: sleep interrupted
2019-10-21 08:07:14,757 [grpc-default-executor-3] INFO  impl.RoleInfo (RoleInfo.java:updateAndGet(143)) - 65d24b39-69ca-4c04-8db2-5f56e7503c5d: start FollowerState
2019-10-21 08:07:14,757 [Thread-722] INFO  impl.FollowerState (FollowerState.java:run(117)) - 2f6ec408-7fd3-48a9-91b7-234721c6dbd9@group-139D7988E68A-FollowerState was interrupted: java.lang.InterruptedException: sleep interrupted
2019-10-21 08:07:14,757 [grpc-default-executor-0] INFO  impl.RoleInfo (RoleInfo.java:updateAndGet(143)) - 2f6ec408-7fd3-48a9-91b7-234721c6dbd9: start FollowerState
2019-10-21 08:07:14,774 [b166f5f1-a6ad-4c66-9d3e-7e796ecacb8a@group-139D7988E68A-LeaderElection28] INFO  impl.LeaderElection (LeaderElection.java:logAndReturn(56)) - b166f5f1-a6ad-4c66-9d3e-7e796ecacb8a@group-139D7988E68A-LeaderElection28: Election REJECTED; received 2 response(s) [b166f5f1-a6ad-4c66-9d3e-7e796ecacb8a<-65d24b39-69ca-4c04-8db2-5f56e7503c5d#0:FAIL-t26, b166f5f1-a6ad-4c66-9d3e-7e796ecacb8a<-2f6ec408-7fd3-48a9-91b7-234721c6dbd9#0:FAIL-t26] and 0 exception(s); b166f5f1-a6ad-4c66-9d3e-7e796ecacb8a@group-139D7988E68A:t26, leader=null, voted=b166f5f1-a6ad-4c66-9d3e-7e796ecacb8a, raftlog=b166f5f1-a6ad-4c66-9d3e-7e796ecacb8a@group-139D7988E68A-SegmentedRaftLog:OPENED:c3,f4,i4, conf=0: [b166f5f1-a6ad-4c66-9d3e-7e796ecacb8a:192.168.34.35:39693, 65d24b39-69ca-4c04-8db2-5f56e7503c5d:192.168.34.35:45259, 2f6ec408-7fd3-48a9-91b7-234721c6dbd9:192.168.34.35:41673], old=null
2019-10-21 08:07:14,774 [b166f5f1-a6ad-4c66-9d3e-7e796ecacb8a@group-139D7988E68A-LeaderElection28] INFO  impl.RaftServerImpl (RaftServerImpl.java:setRole(184)) - b166f5f1-a6ad-4c66-9d3e-7e796ecacb8a@group-139D7988E68A: changes role from CANDIDATE to FOLLOWER at term 26 for DISCOVERED_A_NEW_TERM
2019-10-21 08:07:14,774 [b166f5f1-a6ad-4c66-9d3e-7e796ecacb8a@group-139D7988E68A-LeaderElection28] INFO  impl.RoleInfo (RoleInfo.java:shutdownLeaderElection(134)) - b166f5f1-a6ad-4c66-9d3e-7e796ecacb8a: shutdown LeaderElection
2019-10-21 08:07:14,775 [b166f5f1-a6ad-4c66-9d3e-7e796ecacb8a@group-139D7988E68A-LeaderElection28] INFO  impl.RoleInfo (RoleInfo.java:updateAndGet(143)) - b166f5f1-a6ad-4c66-9d3e-7e796ecacb8a: start FollowerState
2019-10-21 08:07:14,856 [pool-7-thread-6] INFO  commands.RetriableDatanodeEventWatcher (RetriableDatanodeEventWatcher.java:onTimeout(47)) - RetriableDatanodeCommand type=deleteBlocksCommand with id=1571645226854 timed out. Retrying.
2019-10-21 08:07:14,858 [pool-7-thread-5] INFO  commands.RetriableDatanodeEventWatcher (RetriableDatanodeEventWatcher.java:onTimeout(47)) - RetriableDatanodeCommand type=deleteBlocksCommand with id=1571645226851 timed out. Retrying.
2019-10-21 08:07:14,858 [pool-7-thread-2] INFO  commands.RetriableDatanodeEventWatcher (RetriableDatanodeEventWatcher.java:onTimeout(47)) - RetriableDatanodeCommand type=deleteBlocksCommand with id=1571645226852 timed out. Retrying.
2019-10-21 08:07:14,859 [pool-7-thread-1] INFO  commands.RetriableDatanodeEventWatcher (RetriableDatanodeEventWatcher.java:onTimeout(47)) - RetriableDatanodeCommand type=deleteBlocksCommand with id=1571645226850 timed out. Retrying.
2019-10-21 08:07:14,859 [pool-7-thread-3] INFO  commands.RetriableDatanodeEventWatcher (RetriableDatanodeEventWatcher.java:onTimeout(47)) - RetriableDatanodeCommand type=deleteBlocksCommand with id=1571645226855 timed out. Retrying.
2019-10-21 08:07:14,859 [SCMBlockDeletingService#1] INFO  block.SCMBlockDeletingService (SCMBlockDeletingService.java:call(184)) - Totally added 1 delete blocks command for 1 datanodes, task elapsed time: 0ms
2019-10-21 08:07:14,859 [pool-7-thread-4] INFO  commands.RetriableDatanodeEventWatcher (RetriableDatanodeEventWatcher.java:onTimeout(47)) - RetriableDatanodeCommand type=deleteBlocksCommand with id=1571645226853 timed out. Retrying.
2019-10-21 08:07:14,860 [pool-7-thread-8] INFO  commands.RetriableDatanodeEventWatcher (RetriableDatanodeEventWatcher.java:onTimeout(47)) - RetriableDatanodeCommand type=deleteBlocksCommand with id=1571645226856 timed out. Retrying.
2019-10-21 08:07:14,860 [pool-7-thread-7] INFO  commands.RetriableDatanodeEventWatcher (RetriableDatanodeEventWatcher.java:onTimeout(47)) - RetriableDatanodeCommand type=deleteBlocksCommand with id=1571645226848 timed out. Retrying.
2019-10-21 08:07:14,915 [Thread-727] INFO  impl.FollowerState (FollowerState.java:run(108)) - b166f5f1-a6ad-4c66-9d3e-7e796ecacb8a@group-139D7988E68A-FollowerState: change to CANDIDATE, lastRpcTime:140ms, electionTimeout:140ms
2019-10-21 08:07:14,915 [Thread-727] INFO  impl.RoleInfo (RoleInfo.java:shutdownFollowerState(121)) - b166f5f1-a6ad-4c66-9d3e-7e796ecacb8a: shutdown FollowerState
2019-10-21 08:07:14,916 [Thread-727] INFO  impl.RaftServerImpl (RaftServerImpl.java:setRole(184)) - b166f5f1-a6ad-4c66-9d3e-7e796ecacb8a@group-139D7988E68A: changes role from  FOLLOWER to CANDIDATE at term 26 for changeToCandidate
2019-10-21 08:07:14,916 [Thread-727] INFO  impl.RoleInfo (RoleInfo.java:updateAndGet(143)) - b166f5f1-a6ad-4c66-9d3e-7e796ecacb8a: start LeaderElection
2019-10-21 08:07:14,930 [b166f5f1-a6ad-4c66-9d3e-7e796ecacb8a@group-139D7988E68A-LeaderElection29] INFO  impl.LeaderElection (LeaderElection.java:askForVotes(178)) - b166f5f1-a6ad-4c66-9d3e-7e796ecacb8a@group-139D7988E68A-LeaderElection29: begin an election at term 27 for 0: [b166f5f1-a6ad-4c66-9d3e-7e796ecacb8a:192.168.34.35:39693, 65d24b39-69ca-4c04-8db2-5f56e7503c5d:192.168.34.35:45259, 2f6ec408-7fd3-48a9-91b7-234721c6dbd9:192.168.34.35:41673], old=null
2019-10-21 08:07:14,933 [grpc-default-executor-3] INFO  impl.RaftServerImpl (RaftServerImpl.java:setRole(184)) - 65d24b39-69ca-4c04-8db2-5f56e7503c5d@group-139D7988E68A: changes role from  FOLLOWER to FOLLOWER at term 27 for recognizeCandidate:b166f5f1-a6ad-4c66-9d3e-7e796ecacb8a
2019-10-21 08:07:14,933 [grpc-default-executor-3] INFO  impl.RoleInfo (RoleInfo.java:shutdownFollowerState(121)) - 65d24b39-69ca-4c04-8db2-5f56e7503c5d: shutdown FollowerState
2019-10-21 08:07:14,933 [grpc-default-executor-0] INFO  impl.RaftServerImpl (RaftServerImpl.java:setRole(184)) - 2f6ec408-7fd3-48a9-91b7-234721c6dbd9@group-139D7988E68A: changes role from  FOLLOWER to FOLLOWER at term 27 for recognizeCandidate:b166f5f1-a6ad-4c66-9d3e-7e796ecacb8a
2019-10-21 08:07:14,934 [grpc-default-executor-3] INFO  impl.RoleInfo (RoleInfo.java:updateAndGet(143)) - 65d24b39-69ca-4c04-8db2-5f56e7503c5d: start FollowerState
2019-10-21 08:07:14,934 [Thread-725] INFO  impl.FollowerState (FollowerState.java:run(117)) - 65d24b39-69ca-4c04-8db2-5f56e7503c5d@group-139D7988E68A-FollowerState was interrupted: java.lang.InterruptedException: sleep interrupted
2019-10-21 08:07:14,934 [grpc-default-executor-0] INFO  impl.RoleInfo (RoleInfo.java:shutdownFollowerState(121)) - 2f6ec408-7fd3-48a9-91b7-234721c6dbd9: shutdown FollowerState
2019-10-21 08:07:14,934 [grpc-default-executor-0] INFO  impl.RoleInfo (RoleInfo.java:updateAndGet(143)) - 2f6ec408-7fd3-48a9-91b7-234721c6dbd9: start FollowerState
2019-10-21 08:07:14,934 [Thread-726] INFO  impl.FollowerState (FollowerState.java:run(117)) - 2f6ec408-7fd3-48a9-91b7-234721c6dbd9@group-139D7988E68A-FollowerState was interrupted: java.lang.InterruptedException: sleep interrupted
2019-10-21 08:07:14,935 [b166f5f1-a6ad-4c66-9d3e-7e796ecacb8a@group-139D7988E68A-LeaderElection29] INFO  impl.LeaderElection (LeaderElection.java:logAndReturn(56)) - b166f5f1-a6ad-4c66-9d3e-7e796ecacb8a@group-139D7988E68A-LeaderElection29: Election TIMEOUT; received 0 response(s) [] and 0 exception(s); b166f5f1-a6ad-4c66-9d3e-7e796ecacb8a@group-139D7988E68A:t27, leader=null, voted=b166f5f1-a6ad-4c66-9d3e-7e796ecacb8a, raftlog=b166f5f1-a6ad-4c66-9d3e-7e796ecacb8a@group-139D7988E68A-SegmentedRaftLog:OPENED:c3,f4,i4, conf=0: [b166f5f1-a6ad-4c66-9d3e-7e796ecacb8a:192.168.34.35:39693, 65d24b39-69ca-4c04-8db2-5f56e7503c5d:192.168.34.35:45259, 2f6ec408-7fd3-48a9-91b7-234721c6dbd9:192.168.34.35:41673], old=null
2019-10-21 08:07:14,960 [b166f5f1-a6ad-4c66-9d3e-7e796ecacb8a@group-139D7988E68A-LeaderElection29] INFO  impl.LeaderElection (LeaderElection.java:askForVotes(178)) - b166f5f1-a6ad-4c66-9d3e-7e796ecacb8a@group-139D7988E68A-LeaderElection29: begin an election at term 28 for 0: [b166f5f1-a6ad-4c66-9d3e-7e796ecacb8a:192.168.34.35:39693, 65d24b39-69ca-4c04-8db2-5f56e7503c5d:192.168.34.35:45259, 2f6ec408-7fd3-48a9-91b7-234721c6dbd9:192.168.34.35:41673], old=null
2019-10-21 08:07:14,962 [grpc-default-executor-0] INFO  impl.RaftServerImpl (RaftServerImpl.java:setRole(184)) - 65d24b39-69ca-4c04-8db2-5f56e7503c5d@group-139D7988E68A: changes role from  FOLLOWER to FOLLOWER at term 28 for recognizeCandidate:b166f5f1-a6ad-4c66-9d3e-7e796ecacb8a
2019-10-21 08:07:14,964 [grpc-default-executor-3] INFO  impl.RaftServerImpl (RaftServerImpl.java:setRole(184)) - 2f6ec408-7fd3-48a9-91b7-234721c6dbd9@group-139D7988E68A: changes role from  FOLLOWER to FOLLOWER at term 28 for recognizeCandidate:b166f5f1-a6ad-4c66-9d3e-7e796ecacb8a
2019-10-21 08:07:14,964 [grpc-default-executor-0] INFO  impl.RoleInfo (RoleInfo.java:shutdownFollowerState(121)) - 65d24b39-69ca-4c04-8db2-5f56e7503c5d: shutdown FollowerState
2019-10-21 08:07:14,964 [grpc-default-executor-3] INFO  impl.RoleInfo (RoleInfo.java:shutdownFollowerState(121)) - 2f6ec408-7fd3-48a9-91b7-234721c6dbd9: shutdown FollowerState
2019-10-21 08:07:14,965 [Thread-731] INFO  impl.FollowerState (FollowerState.java:run(117)) - 65d24b39-69ca-4c04-8db2-5f56e7503c5d@group-139D7988E68A-FollowerState was interrupted: java.lang.InterruptedException: sleep interrupted
2019-10-21 08:07:14,965 [grpc-default-executor-0] INFO  impl.RoleInfo (RoleInfo.java:updateAndGet(143)) - 65d24b39-69ca-4c04-8db2-5f56e7503c5d: start FollowerState
2019-10-21 08:07:14,965 [Thread-732] INFO  impl.FollowerState (FollowerState.java:run(117)) - 2f6ec408-7fd3-48a9-91b7-234721c6dbd9@group-139D7988E68A-FollowerState was interrupted: java.lang.InterruptedException: sleep interrupted
2019-10-21 08:07:14,965 [grpc-default-executor-3] INFO  impl.RoleInfo (RoleInfo.java:updateAndGet(143)) - 2f6ec408-7fd3-48a9-91b7-234721c6dbd9: start FollowerState
2019-10-21 08:07:14,992 [b166f5f1-a6ad-4c66-9d3e-7e796ecacb8a@group-139D7988E68A-LeaderElection29] INFO  impl.LeaderElection (LeaderElection.java:logAndReturn(56)) - b166f5f1-a6ad-4c66-9d3e-7e796ecacb8a@group-139D7988E68A-LeaderElection29: Election REJECTED; received 2 response(s) [b166f5f1-a6ad-4c66-9d3e-7e796ecacb8a<-65d24b39-69ca-4c04-8db2-5f56e7503c5d#0:FAIL-t28, b166f5f1-a6ad-4c66-9d3e-7e796ecacb8a<-2f6ec408-7fd3-48a9-91b7-234721c6dbd9#0:FAIL-t28] and 0 exception(s); b166f5f1-a6ad-4c66-9d3e-7e796ecacb8a@group-139D7988E68A:t28, leader=null, voted=b166f5f1-a6ad-4c66-9d3e-7e796ecacb8a, raftlog=b166f5f1-a6ad-4c66-9d3e-7e796ecacb8a@group-139D7988E68A-SegmentedRaftLog:OPENED:c3,f4,i4, conf=0: [b166f5f1-a6ad-4c66-9d3e-7e796ecacb8a:192.168.34.35:39693, 65d24b39-69ca-4c04-8db2-5f56e7503c5d:192.168.34.35:45259, 2f6ec408-7fd3-48a9-91b7-234721c6dbd9:192.168.34.35:41673], old=null
2019-10-21 08:07:14,992 [b166f5f1-a6ad-4c66-9d3e-7e796ecacb8a@group-139D7988E68A-LeaderElection29] INFO  impl.RaftServerImpl (RaftServerImpl.java:setRole(184)) - b166f5f1-a6ad-4c66-9d3e-7e796ecacb8a@group-139D7988E68A: changes role from CANDIDATE to FOLLOWER at term 28 for DISCOVERED_A_NEW_TERM
2019-10-21 08:07:14,993 [b166f5f1-a6ad-4c66-9d3e-7e796ecacb8a@group-139D7988E68A-LeaderElection29] INFO  impl.RoleInfo (RoleInfo.java:shutdownLeaderElection(134)) - b166f5f1-a6ad-4c66-9d3e-7e796ecacb8a: shutdown LeaderElection
2019-10-21 08:07:14,993 [b166f5f1-a6ad-4c66-9d3e-7e796ecacb8a@group-139D7988E68A-LeaderElection29] INFO  impl.RoleInfo (RoleInfo.java:updateAndGet(143)) - b166f5f1-a6ad-4c66-9d3e-7e796ecacb8a: start FollowerState
2019-10-21 08:07:15,069 [Thread-737] INFO  impl.FollowerState (FollowerState.java:run(108)) - b166f5f1-a6ad-4c66-9d3e-7e796ecacb8a@group-139D7988E68A-FollowerState: change to CANDIDATE, lastRpcTime:75ms, electionTimeout:75ms
2019-10-21 08:07:15,070 [java.util.concurrent.ThreadPoolExecutor$Worker@226f36e5[State = -1, empty queue]] WARN  server.GrpcLogAppender (GrpcLogAppender.java:timeoutAppendRequest(209)) - 65d24b39-69ca-4c04-8db2-5f56e7503c5d@group-139D7988E68A->b166f5f1-a6ad-4c66-9d3e-7e796ecacb8a-GrpcLogAppender: appendEntries Timeout, request=65d24b39-69ca-4c04-8db2-5f56e7503c5d->b166f5f1-a6ad-4c66-9d3e-7e796ecacb8a#53-t4, previous=(t:4, i:10), leaderCommit=10, initializing? false, entries: <empty>
2019-10-21 08:07:15,070 [Thread-737] INFO  impl.RoleInfo (RoleInfo.java:shutdownFollowerState(121)) - b166f5f1-a6ad-4c66-9d3e-7e796ecacb8a: shutdown FollowerState
2019-10-21 08:07:15,071 [Thread-737] INFO  impl.RaftServerImpl (RaftServerImpl.java:setRole(184)) - b166f5f1-a6ad-4c66-9d3e-7e796ecacb8a@group-139D7988E68A: changes role from  FOLLOWER to CANDIDATE at term 28 for changeToCandidate
2019-10-21 08:07:15,071 [Thread-737] INFO  impl.RoleInfo (RoleInfo.java:updateAndGet(143)) - b166f5f1-a6ad-4c66-9d3e-7e796ecacb8a: start LeaderElection
2019-10-21 08:07:15,086 [b166f5f1-a6ad-4c66-9d3e-7e796ecacb8a@group-139D7988E68A-LeaderElection30] INFO  impl.LeaderElection (LeaderElection.java:askForVotes(178)) - b166f5f1-a6ad-4c66-9d3e-7e796ecacb8a@group-139D7988E68A-LeaderElection30: begin an election at term 29 for 0: [b166f5f1-a6ad-4c66-9d3e-7e796ecacb8a:192.168.34.35:39693, 65d24b39-69ca-4c04-8db2-5f56e7503c5d:192.168.34.35:45259, 2f6ec408-7fd3-48a9-91b7-234721c6dbd9:192.168.34.35:41673], old=null
2019-10-21 08:07:15,089 [grpc-default-executor-0] INFO  impl.RaftServerImpl (RaftServerImpl.java:setRole(184)) - 65d24b39-69ca-4c04-8db2-5f56e7503c5d@group-139D7988E68A: changes role from  FOLLOWER to FOLLOWER at term 29 for recognizeCandidate:b166f5f1-a6ad-4c66-9d3e-7e796ecacb8a
2019-10-21 08:07:15,089 [grpc-default-executor-0] INFO  impl.RoleInfo (RoleInfo.java:shutdownFollowerState(121)) - 65d24b39-69ca-4c04-8db2-5f56e7503c5d: shutdown FollowerState
2019-10-21 08:07:15,090 [grpc-default-executor-0] INFO  impl.RoleInfo (RoleInfo.java:updateAndGet(143)) - 65d24b39-69ca-4c04-8db2-5f56e7503c5d: start FollowerState
2019-10-21 08:07:15,090 [Thread-735] INFO  impl.FollowerState (FollowerState.java:run(117)) - 65d24b39-69ca-4c04-8db2-5f56e7503c5d@group-139D7988E68A-FollowerState was interrupted: java.lang.InterruptedException: sleep interrupted
2019-10-21 08:07:15,094 [grpc-default-executor-3] INFO  impl.RaftServerImpl (RaftServerImpl.java:setRole(184)) - 2f6ec408-7fd3-48a9-91b7-234721c6dbd9@group-139D7988E68A: changes role from  FOLLOWER to FOLLOWER at term 29 for recognizeCandidate:b166f5f1-a6ad-4c66-9d3e-7e796ecacb8a
2019-10-21 08:07:15,094 [grpc-default-executor-3] INFO  impl.RoleInfo (RoleInfo.java:shutdownFollowerState(121)) - 2f6ec408-7fd3-48a9-91b7-234721c6dbd9: shutdown FollowerState
2019-10-21 08:07:15,095 [grpc-default-executor-3] INFO  impl.RoleInfo (RoleInfo.java:updateAndGet(143)) - 2f6ec408-7fd3-48a9-91b7-234721c6dbd9: start FollowerState
2019-10-21 08:07:15,095 [Thread-736] INFO  impl.FollowerState (FollowerState.java:run(117)) - 2f6ec408-7fd3-48a9-91b7-234721c6dbd9@group-139D7988E68A-FollowerState was interrupted: java.lang.InterruptedException: sleep interrupted
2019-10-21 08:07:15,107 [b166f5f1-a6ad-4c66-9d3e-7e796ecacb8a@group-139D7988E68A-LeaderElection30] INFO  impl.LeaderElection (LeaderElection.java:logAndReturn(56)) - b166f5f1-a6ad-4c66-9d3e-7e796ecacb8a@group-139D7988E68A-LeaderElection30: Election REJECTED; received 2 response(s) [b166f5f1-a6ad-4c66-9d3e-7e796ecacb8a<-65d24b39-69ca-4c04-8db2-5f56e7503c5d#0:FAIL-t29, b166f5f1-a6ad-4c66-9d3e-7e796ecacb8a<-2f6ec408-7fd3-48a9-91b7-234721c6dbd9#0:FAIL-t29] and 0 exception(s); b166f5f1-a6ad-4c66-9d3e-7e796ecacb8a@group-139D7988E68A:t29, leader=null, voted=b166f5f1-a6ad-4c66-9d3e-7e796ecacb8a, raftlog=b166f5f1-a6ad-4c66-9d3e-7e796ecacb8a@group-139D7988E68A-SegmentedRaftLog:OPENED:c3,f4,i4, conf=0: [b166f5f1-a6ad-4c66-9d3e-7e796ecacb8a:192.168.34.35:39693, 65d24b39-69ca-4c04-8db2-5f56e7503c5d:192.168.34.35:45259, 2f6ec408-7fd3-48a9-91b7-234721c6dbd9:192.168.34.35:41673], old=null
2019-10-21 08:07:15,108 [b166f5f1-a6ad-4c66-9d3e-7e796ecacb8a@group-139D7988E68A-LeaderElection30] INFO  impl.RaftServerImpl (RaftServerImpl.java:setRole(184)) - b166f5f1-a6ad-4c66-9d3e-7e796ecacb8a@group-139D7988E68A: changes role from CANDIDATE to FOLLOWER at term 29 for DISCOVERED_A_NEW_TERM
2019-10-21 08:07:15,108 [b166f5f1-a6ad-4c66-9d3e-7e796ecacb8a@group-139D7988E68A-LeaderElection30] INFO  impl.RoleInfo (RoleInfo.java:shutdownLeaderElection(134)) - b166f5f1-a6ad-4c66-9d3e-7e796ecacb8a: shutdown LeaderElection
2019-10-21 08:07:15,108 [b166f5f1-a6ad-4c66-9d3e-7e796ecacb8a@group-139D7988E68A-LeaderElection30] INFO  impl.RoleInfo (RoleInfo.java:updateAndGet(143)) - b166f5f1-a6ad-4c66-9d3e-7e796ecacb8a: start FollowerState
2019-10-21 08:07:15,164 [BlockDeletingService#2] WARN  background.BlockDeletingService (BlockDeletingService.java:isDeletionAllowed(187)) - Close Container log Index 6 is not replicated across allthe servers in the pipeline 43b28a2a-1a81-4de9-bdfa-139d7988e68a as the min replicated index is 4. Deletion is not allowed in this container yet.
2019-10-21 08:07:15,164 [BlockDeletingService#0] WARN  background.BlockDeletingService (BlockDeletingService.java:isDeletionAllowed(187)) - Close Container log Index 6 is not replicated across allthe servers in the pipeline 43b28a2a-1a81-4de9-bdfa-139d7988e68a as the min replicated index is 4. Deletion is not allowed in this container yet.
2019-10-21 08:07:15,170 [Thread-748] INFO  client.GrpcClientProtocolService (GrpcClientProtocolService.java:lambda$processClientRequest$0(278)) - Failed RaftClientRequest:client-771575C6CFE7->b166f5f1-a6ad-4c66-9d3e-7e796ecacb8a@group-139D7988E68A, cid=10, seq=0, Watch-ALL_COMMITTED(6), Message:<EMPTY>, reply=RaftClientReply:client-771575C6CFE7->b166f5f1-a6ad-4c66-9d3e-7e796ecacb8a@group-139D7988E68A, cid=10, FAILED org.apache.ratis.protocol.NotLeaderException: Server b166f5f1-a6ad-4c66-9d3e-7e796ecacb8a@group-139D7988E68A is not the leader, logIndex=0, commits[b166f5f1-a6ad-4c66-9d3e-7e796ecacb8a:c3]
2019-10-21 08:07:15,256 [Thread-744] INFO  impl.FollowerState (FollowerState.java:run(108)) - b166f5f1-a6ad-4c66-9d3e-7e796ecacb8a@group-139D7988E68A-FollowerState: change to CANDIDATE, lastRpcTime:148ms, electionTimeout:148ms
2019-10-21 08:07:15,257 [Thread-744] INFO  impl.RoleInfo (RoleInfo.java:shutdownFollowerState(121)) - b166f5f1-a6ad-4c66-9d3e-7e796ecacb8a: shutdown FollowerState
2019-10-21 08:07:15,257 [Thread-744] INFO  impl.RaftServerImpl (RaftServerImpl.java:setRole(184)) - b166f5f1-a6ad-4c66-9d3e-7e796ecacb8a@group-139D7988E68A: changes role from  FOLLOWER to CANDIDATE at term 29 for changeToCandidate
2019-10-21 08:07:15,257 [Thread-744] INFO  impl.RoleInfo (RoleInfo.java:updateAndGet(143)) - b166f5f1-a6ad-4c66-9d3e-7e796ecacb8a: start LeaderElection
2019-10-21 08:07:15,271 [b166f5f1-a6ad-4c66-9d3e-7e796ecacb8a@group-139D7988E68A-LeaderElection31] INFO  impl.LeaderElection (LeaderElection.java:askForVotes(178)) - b166f5f1-a6ad-4c66-9d3e-7e796ecacb8a@group-139D7988E68A-LeaderElection31: begin an election at term 30 for 0: [b166f5f1-a6ad-4c66-9d3e-7e796ecacb8a:192.168.34.35:39693, 65d24b39-69ca-4c04-8db2-5f56e7503c5d:192.168.34.35:45259, 2f6ec408-7fd3-48a9-91b7-234721c6dbd9:192.168.34.35:41673], old=null
2019-10-21 08:07:15,275 [grpc-default-executor-0] INFO  impl.RaftServerImpl (RaftServerImpl.java:setRole(184)) - 65d24b39-69ca-4c04-8db2-5f56e7503c5d@group-139D7988E68A: changes role from  FOLLOWER to FOLLOWER at term 30 for recognizeCandidate:b166f5f1-a6ad-4c66-9d3e-7e796ecacb8a
2019-10-21 08:07:15,276 [grpc-default-executor-0] INFO  impl.RoleInfo (RoleInfo.java:shutdownFollowerState(121)) - 65d24b39-69ca-4c04-8db2-5f56e7503c5d: shutdown FollowerState
2019-10-21 08:07:15,276 [grpc-default-executor-3] INFO  impl.RaftServerImpl (RaftServerImpl.java:setRole(184)) - 2f6ec408-7fd3-48a9-91b7-234721c6dbd9@group-139D7988E68A: changes role from  FOLLOWER to FOLLOWER at term 30 for recognizeCandidate:b166f5f1-a6ad-4c66-9d3e-7e796ecacb8a
2019-10-21 08:07:15,276 [grpc-default-executor-0] INFO  impl.RoleInfo (RoleInfo.java:updateAndGet(143)) - 65d24b39-69ca-4c04-8db2-5f56e7503c5d: start FollowerState
2019-10-21 08:07:15,276 [Thread-742] INFO  impl.FollowerState (FollowerState.java:run(117)) - 65d24b39-69ca-4c04-8db2-5f56e7503c5d@group-139D7988E68A-FollowerState was interrupted: java.lang.InterruptedException: sleep interrupted
2019-10-21 08:07:15,276 [grpc-default-executor-3] INFO  impl.RoleInfo (RoleInfo.java:shutdownFollowerState(121)) - 2f6ec408-7fd3-48a9-91b7-234721c6dbd9: shutdown FollowerState
2019-10-21 08:07:15,277 [grpc-default-executor-3] INFO  impl.RoleInfo (RoleInfo.java:updateAndGet(143)) - 2f6ec408-7fd3-48a9-91b7-234721c6dbd9: start FollowerState
2019-10-21 08:07:15,277 [Thread-743] INFO  impl.FollowerState (FollowerState.java:run(117)) - 2f6ec408-7fd3-48a9-91b7-234721c6dbd9@group-139D7988E68A-FollowerState was interrupted: java.lang.InterruptedException: sleep interrupted
2019-10-21 08:07:15,291 [b166f5f1-a6ad-4c66-9d3e-7e796ecacb8a@group-139D7988E68A-LeaderElection31] INFO  impl.LeaderElection (LeaderElection.java:logAndReturn(56)) - b166f5f1-a6ad-4c66-9d3e-7e796ecacb8a@group-139D7988E68A-LeaderElection31: Election REJECTED; received 2 response(s) [b166f5f1-a6ad-4c66-9d3e-7e796ecacb8a<-65d24b39-69ca-4c04-8db2-5f56e7503c5d#0:FAIL-t30, b166f5f1-a6ad-4c66-9d3e-7e796ecacb8a<-2f6ec408-7fd3-48a9-91b7-234721c6dbd9#0:FAIL-t30] and 0 exception(s); b166f5f1-a6ad-4c66-9d3e-7e796ecacb8a@group-139D7988E68A:t30, leader=null, voted=b166f5f1-a6ad-4c66-9d3e-7e796ecacb8a, raftlog=b166f5f1-a6ad-4c66-9d3e-7e796ecacb8a@group-139D7988E68A-SegmentedRaftLog:OPENED:c3,f4,i4, conf=0: [b166f5f1-a6ad-4c66-9d3e-7e796ecacb8a:192.168.34.35:39693, 65d24b39-69ca-4c04-8db2-5f56e7503c5d:192.168.34.35:45259, 2f6ec408-7fd3-48a9-91b7-234721c6dbd9:192.168.34.35:41673], old=null
2019-10-21 08:07:15,292 [b166f5f1-a6ad-4c66-9d3e-7e796ecacb8a@group-139D7988E68A-LeaderElection31] INFO  impl.RaftServerImpl (RaftServerImpl.java:setRole(184)) - b166f5f1-a6ad-4c66-9d3e-7e796ecacb8a@group-139D7988E68A: changes role from CANDIDATE to FOLLOWER at term 30 for DISCOVERED_A_NEW_TERM
2019-10-21 08:07:15,292 [b166f5f1-a6ad-4c66-9d3e-7e796ecacb8a@group-139D7988E68A-LeaderElection31] INFO  impl.RoleInfo (RoleInfo.java:shutdownLeaderElection(134)) - b166f5f1-a6ad-4c66-9d3e-7e796ecacb8a: shutdown LeaderElection
2019-10-21 08:07:15,292 [b166f5f1-a6ad-4c66-9d3e-7e796ecacb8a@group-139D7988E68A-LeaderElection31] INFO  impl.RoleInfo (RoleInfo.java:updateAndGet(143)) - b166f5f1-a6ad-4c66-9d3e-7e796ecacb8a: start FollowerState
2019-10-21 08:07:15,395 [Thread-755] INFO  impl.FollowerState (FollowerState.java:run(108)) - b166f5f1-a6ad-4c66-9d3e-7e796ecacb8a@group-139D7988E68A-FollowerState: change to CANDIDATE, lastRpcTime:103ms, electionTimeout:103ms
2019-10-21 08:07:15,397 [Thread-755] INFO  impl.RoleInfo (RoleInfo.java:shutdownFollowerState(121)) - b166f5f1-a6ad-4c66-9d3e-7e796ecacb8a: shutdown FollowerState
2019-10-21 08:07:15,397 [Thread-755] INFO  impl.RaftServerImpl (RaftServerImpl.java:setRole(184)) - b166f5f1-a6ad-4c66-9d3e-7e796ecacb8a@group-139D7988E68A: changes role from  FOLLOWER to CANDIDATE at term 30 for changeToCandidate
2019-10-21 08:07:15,398 [Thread-755] INFO  impl.RoleInfo (RoleInfo.java:updateAndGet(143)) - b166f5f1-a6ad-4c66-9d3e-7e796ecacb8a: start LeaderElection
2019-10-21 08:07:15,412 [b166f5f1-a6ad-4c66-9d3e-7e796ecacb8a@group-139D7988E68A-LeaderElection32] INFO  impl.LeaderElection (LeaderElection.java:askForVotes(178)) - b166f5f1-a6ad-4c66-9d3e-7e796ecacb8a@group-139D7988E68A-LeaderElection32: begin an election at term 31 for 0: [b166f5f1-a6ad-4c66-9d3e-7e796ecacb8a:192.168.34.35:39693, 65d24b39-69ca-4c04-8db2-5f56e7503c5d:192.168.34.35:45259, 2f6ec408-7fd3-48a9-91b7-234721c6dbd9:192.168.34.35:41673], old=null
2019-10-21 08:07:15,414 [grpc-default-executor-0] INFO  impl.RaftServerImpl (RaftServerImpl.java:setRole(184)) - 2f6ec408-7fd3-48a9-91b7-234721c6dbd9@group-139D7988E68A: changes role from  FOLLOWER to FOLLOWER at term 31 for recognizeCandidate:b166f5f1-a6ad-4c66-9d3e-7e796ecacb8a
2019-10-21 08:07:15,414 [grpc-default-executor-3] INFO  impl.RaftServerImpl (RaftServerImpl.java:setRole(184)) - 65d24b39-69ca-4c04-8db2-5f56e7503c5d@group-139D7988E68A: changes role from  FOLLOWER to FOLLOWER at term 31 for recognizeCandidate:b166f5f1-a6ad-4c66-9d3e-7e796ecacb8a
2019-10-21 08:07:15,414 [grpc-default-executor-0] INFO  impl.RoleInfo (RoleInfo.java:shutdownFollowerState(121)) - 2f6ec408-7fd3-48a9-91b7-234721c6dbd9: shutdown FollowerState
2019-10-21 08:07:15,415 [grpc-default-executor-3] INFO  impl.RoleInfo (RoleInfo.java:shutdownFollowerState(121)) - 65d24b39-69ca-4c04-8db2-5f56e7503c5d: shutdown FollowerState
2019-10-21 08:07:15,415 [Thread-754] INFO  impl.FollowerState (FollowerState.java:run(117)) - 2f6ec408-7fd3-48a9-91b7-234721c6dbd9@group-139D7988E68A-FollowerState was interrupted: java.lang.InterruptedException: sleep interrupted
2019-10-21 08:07:15,415 [grpc-default-executor-0] INFO  impl.RoleInfo (RoleInfo.java:updateAndGet(143)) - 2f6ec408-7fd3-48a9-91b7-234721c6dbd9: start FollowerState
2019-10-21 08:07:15,415 [Thread-753] INFO  impl.FollowerState (FollowerState.java:run(117)) - 65d24b39-69ca-4c04-8db2-5f56e7503c5d@group-139D7988E68A-FollowerState was interrupted: java.lang.InterruptedException: sleep interrupted
2019-10-21 08:07:15,415 [grpc-default-executor-3] INFO  impl.RoleInfo (RoleInfo.java:updateAndGet(143)) - 65d24b39-69ca-4c04-8db2-5f56e7503c5d: start FollowerState
2019-10-21 08:07:15,443 [b166f5f1-a6ad-4c66-9d3e-7e796ecacb8a@group-139D7988E68A-LeaderElection32] INFO  impl.LeaderElection (LeaderElection.java:logAndReturn(56)) - b166f5f1-a6ad-4c66-9d3e-7e796ecacb8a@group-139D7988E68A-LeaderElection32: Election REJECTED; received 2 response(s) [b166f5f1-a6ad-4c66-9d3e-7e796ecacb8a<-65d24b39-69ca-4c04-8db2-5f56e7503c5d#0:FAIL-t31, b166f5f1-a6ad-4c66-9d3e-7e796ecacb8a<-2f6ec408-7fd3-48a9-91b7-234721c6dbd9#0:FAIL-t31] and 0 exception(s); b166f5f1-a6ad-4c66-9d3e-7e796ecacb8a@group-139D7988E68A:t31, leader=null, voted=b166f5f1-a6ad-4c66-9d3e-7e796ecacb8a, raftlog=b166f5f1-a6ad-4c66-9d3e-7e796ecacb8a@group-139D7988E68A-SegmentedRaftLog:OPENED:c3,f4,i4, conf=0: [b166f5f1-a6ad-4c66-9d3e-7e796ecacb8a:192.168.34.35:39693, 65d24b39-69ca-4c04-8db2-5f56e7503c5d:192.168.34.35:45259, 2f6ec408-7fd3-48a9-91b7-234721c6dbd9:192.168.34.35:41673], old=null
2019-10-21 08:07:15,443 [b166f5f1-a6ad-4c66-9d3e-7e796ecacb8a@group-139D7988E68A-LeaderElection32] INFO  impl.RaftServerImpl (RaftServerImpl.java:setRole(184)) - b166f5f1-a6ad-4c66-9d3e-7e796ecacb8a@group-139D7988E68A: changes role from CANDIDATE to FOLLOWER at term 31 for DISCOVERED_A_NEW_TERM
2019-10-21 08:07:15,443 [b166f5f1-a6ad-4c66-9d3e-7e796ecacb8a@group-139D7988E68A-LeaderElection32] INFO  impl.RoleInfo (RoleInfo.java:shutdownLeaderElection(134)) - b166f5f1-a6ad-4c66-9d3e-7e796ecacb8a: shutdown LeaderElection
2019-10-21 08:07:15,443 [b166f5f1-a6ad-4c66-9d3e-7e796ecacb8a@group-139D7988E68A-LeaderElection32] INFO  impl.RoleInfo (RoleInfo.java:updateAndGet(143)) - b166f5f1-a6ad-4c66-9d3e-7e796ecacb8a: start FollowerState
2019-10-21 08:07:15,558 [Thread-761] INFO  impl.FollowerState (FollowerState.java:run(108)) - b166f5f1-a6ad-4c66-9d3e-7e796ecacb8a@group-139D7988E68A-FollowerState: change to CANDIDATE, lastRpcTime:114ms, electionTimeout:114ms
2019-10-21 08:07:15,560 [Thread-761] INFO  impl.RoleInfo (RoleInfo.java:shutdownFollowerState(121)) - b166f5f1-a6ad-4c66-9d3e-7e796ecacb8a: shutdown FollowerState
2019-10-21 08:07:15,560 [Thread-761] INFO  impl.RaftServerImpl (RaftServerImpl.java:setRole(184)) - b166f5f1-a6ad-4c66-9d3e-7e796ecacb8a@group-139D7988E68A: changes role from  FOLLOWER to CANDIDATE at term 31 for changeToCandidate
2019-10-21 08:07:15,560 [Thread-761] INFO  impl.RoleInfo (RoleInfo.java:updateAndGet(143)) - b166f5f1-a6ad-4c66-9d3e-7e796ecacb8a: start LeaderElection
2019-10-21 08:07:15,586 [b166f5f1-a6ad-4c66-9d3e-7e796ecacb8a@group-139D7988E68A-LeaderElection33] INFO  impl.LeaderElection (LeaderElection.java:askForVotes(178)) - b166f5f1-a6ad-4c66-9d3e-7e796ecacb8a@group-139D7988E68A-LeaderElection33: begin an election at term 32 for 0: [b166f5f1-a6ad-4c66-9d3e-7e796ecacb8a:192.168.34.35:39693, 65d24b39-69ca-4c04-8db2-5f56e7503c5d:192.168.34.35:45259, 2f6ec408-7fd3-48a9-91b7-234721c6dbd9:192.168.34.35:41673], old=null
2019-10-21 08:07:15,589 [grpc-default-executor-0] INFO  impl.RaftServerImpl (RaftServerImpl.java:setRole(184)) - 2f6ec408-7fd3-48a9-91b7-234721c6dbd9@group-139D7988E68A: changes role from  FOLLOWER to FOLLOWER at term 32 for recognizeCandidate:b166f5f1-a6ad-4c66-9d3e-7e796ecacb8a
2019-10-21 08:07:15,589 [grpc-default-executor-3] INFO  impl.RaftServerImpl (RaftServerImpl.java:setRole(184)) - 65d24b39-69ca-4c04-8db2-5f56e7503c5d@group-139D7988E68A: changes role from  FOLLOWER to FOLLOWER at term 32 for recognizeCandidate:b166f5f1-a6ad-4c66-9d3e-7e796ecacb8a
2019-10-21 08:07:15,589 [grpc-default-executor-0] INFO  impl.RoleInfo (RoleInfo.java:shutdownFollowerState(121)) - 2f6ec408-7fd3-48a9-91b7-234721c6dbd9: shutdown FollowerState
2019-10-21 08:07:15,589 [grpc-default-executor-3] INFO  impl.RoleInfo (RoleInfo.java:shutdownFollowerState(121)) - 65d24b39-69ca-4c04-8db2-5f56e7503c5d: shutdown FollowerState
2019-10-21 08:07:15,589 [Thread-759] INFO  impl.FollowerState (FollowerState.java:run(117)) - 2f6ec408-7fd3-48a9-91b7-234721c6dbd9@group-139D7988E68A-FollowerState was interrupted: java.lang.InterruptedException: sleep interrupted
2019-10-21 08:07:15,589 [Thread-760] INFO  impl.FollowerState (FollowerState.java:run(117)) - 65d24b39-69ca-4c04-8db2-5f56e7503c5d@group-139D7988E68A-FollowerState was interrupted: java.lang.InterruptedException: sleep interrupted
2019-10-21 08:07:15,589 [grpc-default-executor-0] INFO  impl.RoleInfo (RoleInfo.java:updateAndGet(143)) - 2f6ec408-7fd3-48a9-91b7-234721c6dbd9: start FollowerState
2019-10-21 08:07:15,589 [grpc-default-executor-3] INFO  impl.RoleInfo (RoleInfo.java:updateAndGet(143)) - 65d24b39-69ca-4c04-8db2-5f56e7503c5d: start FollowerState
2019-10-21 08:07:15,616 [b166f5f1-a6ad-4c66-9d3e-7e796ecacb8a@group-139D7988E68A-LeaderElection33] INFO  impl.LeaderElection (LeaderElection.java:logAndReturn(56)) - b166f5f1-a6ad-4c66-9d3e-7e796ecacb8a@group-139D7988E68A-LeaderElection33: Election REJECTED; received 2 response(s) [b166f5f1-a6ad-4c66-9d3e-7e796ecacb8a<-65d24b39-69ca-4c04-8db2-5f56e7503c5d#0:FAIL-t32, b166f5f1-a6ad-4c66-9d3e-7e796ecacb8a<-2f6ec408-7fd3-48a9-91b7-234721c6dbd9#0:FAIL-t32] and 0 exception(s); b166f5f1-a6ad-4c66-9d3e-7e796ecacb8a@group-139D7988E68A:t32, leader=null, voted=b166f5f1-a6ad-4c66-9d3e-7e796ecacb8a, raftlog=b166f5f1-a6ad-4c66-9d3e-7e796ecacb8a@group-139D7988E68A-SegmentedRaftLog:OPENED:c3,f4,i4, conf=0: [b166f5f1-a6ad-4c66-9d3e-7e796ecacb8a:192.168.34.35:39693, 65d24b39-69ca-4c04-8db2-5f56e7503c5d:192.168.34.35:45259, 2f6ec408-7fd3-48a9-91b7-234721c6dbd9:192.168.34.35:41673], old=null
2019-10-21 08:07:15,617 [b166f5f1-a6ad-4c66-9d3e-7e796ecacb8a@group-139D7988E68A-LeaderElection33] INFO  impl.RaftServerImpl (RaftServerImpl.java:setRole(184)) - b166f5f1-a6ad-4c66-9d3e-7e796ecacb8a@group-139D7988E68A: changes role from CANDIDATE to FOLLOWER at term 32 for DISCOVERED_A_NEW_TERM
2019-10-21 08:07:15,617 [b166f5f1-a6ad-4c66-9d3e-7e796ecacb8a@group-139D7988E68A-LeaderElection33] INFO  impl.RoleInfo (RoleInfo.java:shutdownLeaderElection(134)) - b166f5f1-a6ad-4c66-9d3e-7e796ecacb8a: shutdown LeaderElection
2019-10-21 08:07:15,617 [b166f5f1-a6ad-4c66-9d3e-7e796ecacb8a@group-139D7988E68A-LeaderElection33] INFO  impl.RoleInfo (RoleInfo.java:updateAndGet(143)) - b166f5f1-a6ad-4c66-9d3e-7e796ecacb8a: start FollowerState
2019-10-21 08:07:15,647 [Thread-767] INFO  impl.FollowerState (FollowerState.java:run(108)) - b166f5f1-a6ad-4c66-9d3e-7e796ecacb8a@group-139D7988E68A-FollowerState: change to CANDIDATE, lastRpcTime:30ms, electionTimeout:30ms
2019-10-21 08:07:15,649 [Thread-767] INFO  impl.RoleInfo (RoleInfo.java:shutdownFollowerState(121)) - b166f5f1-a6ad-4c66-9d3e-7e796ecacb8a: shutdown FollowerState
2019-10-21 08:07:15,650 [Thread-767] INFO  impl.RaftServerImpl (RaftServerImpl.java:setRole(184)) - b166f5f1-a6ad-4c66-9d3e-7e796ecacb8a@group-139D7988E68A: changes role from  FOLLOWER to CANDIDATE at term 32 for changeToCandidate
2019-10-21 08:07:15,650 [Thread-767] INFO  impl.RoleInfo (RoleInfo.java:updateAndGet(143)) - b166f5f1-a6ad-4c66-9d3e-7e796ecacb8a: start LeaderElection
2019-10-21 08:07:15,665 [b166f5f1-a6ad-4c66-9d3e-7e796ecacb8a@group-139D7988E68A-LeaderElection34] INFO  impl.LeaderElection (LeaderElection.java:askForVotes(178)) - b166f5f1-a6ad-4c66-9d3e-7e796ecacb8a@group-139D7988E68A-LeaderElection34: begin an election at term 33 for 0: [b166f5f1-a6ad-4c66-9d3e-7e796ecacb8a:192.168.34.35:39693, 65d24b39-69ca-4c04-8db2-5f56e7503c5d:192.168.34.35:45259, 2f6ec408-7fd3-48a9-91b7-234721c6dbd9:192.168.34.35:41673], old=null
2019-10-21 08:07:15,669 [grpc-default-executor-0] INFO  impl.RaftServerImpl (RaftServerImpl.java:setRole(184)) - 2f6ec408-7fd3-48a9-91b7-234721c6dbd9@group-139D7988E68A: changes role from  FOLLOWER to FOLLOWER at term 33 for recognizeCandidate:b166f5f1-a6ad-4c66-9d3e-7e796ecacb8a
2019-10-21 08:07:15,669 [grpc-default-executor-3] INFO  impl.RaftServerImpl (RaftServerImpl.java:setRole(184)) - 65d24b39-69ca-4c04-8db2-5f56e7503c5d@group-139D7988E68A: changes role from  FOLLOWER to FOLLOWER at term 33 for recognizeCandidate:b166f5f1-a6ad-4c66-9d3e-7e796ecacb8a
2019-10-21 08:07:15,669 [grpc-default-executor-0] INFO  impl.RoleInfo (RoleInfo.java:shutdownFollowerState(121)) - 2f6ec408-7fd3-48a9-91b7-234721c6dbd9: shutdown FollowerState
2019-10-21 08:07:15,669 [grpc-default-executor-3] INFO  impl.RoleInfo (RoleInfo.java:shutdownFollowerState(121)) - 65d24b39-69ca-4c04-8db2-5f56e7503c5d: shutdown FollowerState
2019-10-21 08:07:15,669 [Thread-765] INFO  impl.FollowerState (FollowerState.java:run(117)) - 2f6ec408-7fd3-48a9-91b7-234721c6dbd9@group-139D7988E68A-FollowerState was interrupted: java.lang.InterruptedException: sleep interrupted
2019-10-21 08:07:15,670 [grpc-default-executor-3] INFO  impl.RoleInfo (RoleInfo.java:updateAndGet(143)) - 65d24b39-69ca-4c04-8db2-5f56e7503c5d: start FollowerState
2019-10-21 08:07:15,669 [grpc-default-executor-0] INFO  impl.RoleInfo (RoleInfo.java:updateAndGet(143)) - 2f6ec408-7fd3-48a9-91b7-234721c6dbd9: start FollowerState
2019-10-21 08:07:15,670 [Thread-766] INFO  impl.FollowerState (FollowerState.java:run(117)) - 65d24b39-69ca-4c04-8db2-5f56e7503c5d@group-139D7988E68A-FollowerState was interrupted: java.lang.InterruptedException: sleep interrupted
2019-10-21 08:07:15,670 [b166f5f1-a6ad-4c66-9d3e-7e796ecacb8a@group-139D7988E68A-LeaderElection34] INFO  impl.LeaderElection (LeaderElection.java:logAndReturn(56)) - b166f5f1-a6ad-4c66-9d3e-7e796ecacb8a@group-139D7988E68A-LeaderElection34: Election TIMEOUT; received 0 response(s) [] and 0 exception(s); b166f5f1-a6ad-4c66-9d3e-7e796ecacb8a@group-139D7988E68A:t33, leader=null, voted=b166f5f1-a6ad-4c66-9d3e-7e796ecacb8a, raftlog=b166f5f1-a6ad-4c66-9d3e-7e796ecacb8a@group-139D7988E68A-SegmentedRaftLog:OPENED:c3,f4,i4, conf=0: [b166f5f1-a6ad-4c66-9d3e-7e796ecacb8a:192.168.34.35:39693, 65d24b39-69ca-4c04-8db2-5f56e7503c5d:192.168.34.35:45259, 2f6ec408-7fd3-48a9-91b7-234721c6dbd9:192.168.34.35:41673], old=null
2019-10-21 08:07:15,685 [b166f5f1-a6ad-4c66-9d3e-7e796ecacb8a@group-139D7988E68A-LeaderElection34] INFO  impl.LeaderElection (LeaderElection.java:askForVotes(178)) - b166f5f1-a6ad-4c66-9d3e-7e796ecacb8a@group-139D7988E68A-LeaderElection34: begin an election at term 34 for 0: [b166f5f1-a6ad-4c66-9d3e-7e796ecacb8a:192.168.34.35:39693, 65d24b39-69ca-4c04-8db2-5f56e7503c5d:192.168.34.35:45259, 2f6ec408-7fd3-48a9-91b7-234721c6dbd9:192.168.34.35:41673], old=null
2019-10-21 08:07:15,688 [grpc-default-executor-0] INFO  impl.RaftServerImpl (RaftServerImpl.java:setRole(184)) - 65d24b39-69ca-4c04-8db2-5f56e7503c5d@group-139D7988E68A: changes role from  FOLLOWER to FOLLOWER at term 34 for recognizeCandidate:b166f5f1-a6ad-4c66-9d3e-7e796ecacb8a
2019-10-21 08:07:15,693 [b166f5f1-a6ad-4c66-9d3e-7e796ecacb8a@group-139D7988E68A-LeaderElection34] INFO  impl.LeaderElection (LeaderElection.java:logAndReturn(56)) - b166f5f1-a6ad-4c66-9d3e-7e796ecacb8a@group-139D7988E68A-LeaderElection34: Election TIMEOUT; received 0 response(s) [] and 0 exception(s); b166f5f1-a6ad-4c66-9d3e-7e796ecacb8a@group-139D7988E68A:t34, leader=null, voted=b166f5f1-a6ad-4c66-9d3e-7e796ecacb8a, raftlog=b166f5f1-a6ad-4c66-9d3e-7e796ecacb8a@group-139D7988E68A-SegmentedRaftLog:OPENED:c3,f4,i4, conf=0: [b166f5f1-a6ad-4c66-9d3e-7e796ecacb8a:192.168.34.35:39693, 65d24b39-69ca-4c04-8db2-5f56e7503c5d:192.168.34.35:45259, 2f6ec408-7fd3-48a9-91b7-234721c6dbd9:192.168.34.35:41673], old=null
2019-10-21 08:07:15,688 [grpc-default-executor-3] INFO  impl.RaftServerImpl (RaftServerImpl.java:setRole(184)) - 2f6ec408-7fd3-48a9-91b7-234721c6dbd9@group-139D7988E68A: changes role from  FOLLOWER to FOLLOWER at term 34 for recognizeCandidate:b166f5f1-a6ad-4c66-9d3e-7e796ecacb8a
2019-10-21 08:07:15,693 [grpc-default-executor-0] INFO  impl.RoleInfo (RoleInfo.java:shutdownFollowerState(121)) - 65d24b39-69ca-4c04-8db2-5f56e7503c5d: shutdown FollowerState
2019-10-21 08:07:15,694 [grpc-default-executor-3] INFO  impl.RoleInfo (RoleInfo.java:shutdownFollowerState(121)) - 2f6ec408-7fd3-48a9-91b7-234721c6dbd9: shutdown FollowerState
2019-10-21 08:07:15,694 [Thread-772] INFO  impl.FollowerState (FollowerState.java:run(117)) - 65d24b39-69ca-4c04-8db2-5f56e7503c5d@group-139D7988E68A-FollowerState was interrupted: java.lang.InterruptedException: sleep interrupted
2019-10-21 08:07:15,694 [grpc-default-executor-0] INFO  impl.RoleInfo (RoleInfo.java:updateAndGet(143)) - 65d24b39-69ca-4c04-8db2-5f56e7503c5d: start FollowerState
2019-10-21 08:07:15,694 [Thread-771] INFO  impl.FollowerState (FollowerState.java:run(117)) - 2f6ec408-7fd3-48a9-91b7-234721c6dbd9@group-139D7988E68A-FollowerState was interrupted: java.lang.InterruptedException: sleep interrupted
2019-10-21 08:07:15,694 [grpc-default-executor-3] INFO  impl.RoleInfo (RoleInfo.java:updateAndGet(143)) - 2f6ec408-7fd3-48a9-91b7-234721c6dbd9: start FollowerState
2019-10-21 08:07:15,707 [b166f5f1-a6ad-4c66-9d3e-7e796ecacb8a@group-139D7988E68A-LeaderElection34] INFO  impl.LeaderElection (LeaderElection.java:askForVotes(178)) - b166f5f1-a6ad-4c66-9d3e-7e796ecacb8a@group-139D7988E68A-LeaderElection34: begin an election at term 35 for 0: [b166f5f1-a6ad-4c66-9d3e-7e796ecacb8a:192.168.34.35:39693, 65d24b39-69ca-4c04-8db2-5f56e7503c5d:192.168.34.35:45259, 2f6ec408-7fd3-48a9-91b7-234721c6dbd9:192.168.34.35:41673], old=null
2019-10-21 08:07:15,710 [grpc-default-executor-0] INFO  impl.RaftServerImpl (RaftServerImpl.java:setRole(184)) - 65d24b39-69ca-4c04-8db2-5f56e7503c5d@group-139D7988E68A: changes role from  FOLLOWER to FOLLOWER at term 35 for recognizeCandidate:b166f5f1-a6ad-4c66-9d3e-7e796ecacb8a
2019-10-21 08:07:15,711 [grpc-default-executor-0] INFO  impl.RoleInfo (RoleInfo.java:shutdownFollowerState(121)) - 65d24b39-69ca-4c04-8db2-5f56e7503c5d: shutdown FollowerState
2019-10-21 08:07:15,711 [grpc-default-executor-0] INFO  impl.RoleInfo (RoleInfo.java:updateAndGet(143)) - 65d24b39-69ca-4c04-8db2-5f56e7503c5d: start FollowerState
2019-10-21 08:07:15,711 [Thread-775] INFO  impl.FollowerState (FollowerState.java:run(117)) - 65d24b39-69ca-4c04-8db2-5f56e7503c5d@group-139D7988E68A-FollowerState was interrupted: java.lang.InterruptedException: sleep interrupted
2019-10-21 08:07:15,711 [grpc-default-executor-3] INFO  impl.RaftServerImpl (RaftServerImpl.java:setRole(184)) - 2f6ec408-7fd3-48a9-91b7-234721c6dbd9@group-139D7988E68A: changes role from  FOLLOWER to FOLLOWER at term 35 for recognizeCandidate:b166f5f1-a6ad-4c66-9d3e-7e796ecacb8a
2019-10-21 08:07:15,711 [grpc-default-executor-3] INFO  impl.RoleInfo (RoleInfo.java:shutdownFollowerState(121)) - 2f6ec408-7fd3-48a9-91b7-234721c6dbd9: shutdown FollowerState
2019-10-21 08:07:15,712 [grpc-default-executor-3] INFO  impl.RoleInfo (RoleInfo.java:updateAndGet(143)) - 2f6ec408-7fd3-48a9-91b7-234721c6dbd9: start FollowerState
2019-10-21 08:07:15,712 [Thread-776] INFO  impl.FollowerState (FollowerState.java:run(117)) - 2f6ec408-7fd3-48a9-91b7-234721c6dbd9@group-139D7988E68A-FollowerState was interrupted: java.lang.InterruptedException: sleep interrupted
2019-10-21 08:07:15,720 [b166f5f1-a6ad-4c66-9d3e-7e796ecacb8a@group-139D7988E68A-LeaderElection34] INFO  impl.LeaderElection (LeaderElection.java:logAndReturn(56)) - b166f5f1-a6ad-4c66-9d3e-7e796ecacb8a@group-139D7988E68A-LeaderElection34: Election REJECTED; received 2 response(s) [b166f5f1-a6ad-4c66-9d3e-7e796ecacb8a<-65d24b39-69ca-4c04-8db2-5f56e7503c5d#0:FAIL-t35, b166f5f1-a6ad-4c66-9d3e-7e796ecacb8a<-2f6ec408-7fd3-48a9-91b7-234721c6dbd9#0:FAIL-t35] and 0 exception(s); b166f5f1-a6ad-4c66-9d3e-7e796ecacb8a@group-139D7988E68A:t35, leader=null, voted=b166f5f1-a6ad-4c66-9d3e-7e796ecacb8a, raftlog=b166f5f1-a6ad-4c66-9d3e-7e796ecacb8a@group-139D7988E68A-SegmentedRaftLog:OPENED:c3,f4,i4, conf=0: [b166f5f1-a6ad-4c66-9d3e-7e796ecacb8a:192.168.34.35:39693, 65d24b39-69ca-4c04-8db2-5f56e7503c5d:192.168.34.35:45259, 2f6ec408-7fd3-48a9-91b7-234721c6dbd9:192.168.34.35:41673], old=null
2019-10-21 08:07:15,720 [b166f5f1-a6ad-4c66-9d3e-7e796ecacb8a@group-139D7988E68A-LeaderElection34] INFO  impl.RaftServerImpl (RaftServerImpl.java:setRole(184)) - b166f5f1-a6ad-4c66-9d3e-7e796ecacb8a@group-139D7988E68A: changes role from CANDIDATE to FOLLOWER at term 35 for DISCOVERED_A_NEW_TERM
2019-10-21 08:07:15,720 [b166f5f1-a6ad-4c66-9d3e-7e796ecacb8a@group-139D7988E68A-LeaderElection34] INFO  impl.RoleInfo (RoleInfo.java:shutdownLeaderElection(134)) - b166f5f1-a6ad-4c66-9d3e-7e796ecacb8a: shutdown LeaderElection
2019-10-21 08:07:15,720 [b166f5f1-a6ad-4c66-9d3e-7e796ecacb8a@group-139D7988E68A-LeaderElection34] INFO  impl.RoleInfo (RoleInfo.java:updateAndGet(143)) - b166f5f1-a6ad-4c66-9d3e-7e796ecacb8a: start FollowerState
2019-10-21 08:07:15,740 [Thread-781] INFO  impl.FollowerState (FollowerState.java:run(108)) - b166f5f1-a6ad-4c66-9d3e-7e796ecacb8a@group-139D7988E68A-FollowerState: change to CANDIDATE, lastRpcTime:19ms, electionTimeout:19ms
2019-10-21 08:07:15,740 [Thread-781] INFO  impl.RoleInfo (RoleInfo.java:shutdownFollowerState(121)) - b166f5f1-a6ad-4c66-9d3e-7e796ecacb8a: shutdown FollowerState
2019-10-21 08:07:15,740 [Thread-781] INFO  impl.RaftServerImpl (RaftServerImpl.java:setRole(184)) - b166f5f1-a6ad-4c66-9d3e-7e796ecacb8a@group-139D7988E68A: changes role from  FOLLOWER to CANDIDATE at term 35 for changeToCandidate
2019-10-21 08:07:15,740 [Thread-781] INFO  impl.RoleInfo (RoleInfo.java:updateAndGet(143)) - b166f5f1-a6ad-4c66-9d3e-7e796ecacb8a: start LeaderElection
2019-10-21 08:07:15,753 [b166f5f1-a6ad-4c66-9d3e-7e796ecacb8a@group-139D7988E68A-LeaderElection35] INFO  impl.LeaderElection (LeaderElection.java:askForVotes(178)) - b166f5f1-a6ad-4c66-9d3e-7e796ecacb8a@group-139D7988E68A-LeaderElection35: begin an election at term 36 for 0: [b166f5f1-a6ad-4c66-9d3e-7e796ecacb8a:192.168.34.35:39693, 65d24b39-69ca-4c04-8db2-5f56e7503c5d:192.168.34.35:45259, 2f6ec408-7fd3-48a9-91b7-234721c6dbd9:192.168.34.35:41673], old=null
2019-10-21 08:07:15,756 [grpc-default-executor-0] INFO  impl.RaftServerImpl (RaftServerImpl.java:setRole(184)) - 2f6ec408-7fd3-48a9-91b7-234721c6dbd9@group-139D7988E68A: changes role from  FOLLOWER to FOLLOWER at term 36 for recognizeCandidate:b166f5f1-a6ad-4c66-9d3e-7e796ecacb8a
2019-10-21 08:07:15,756 [grpc-default-executor-3] INFO  impl.RaftServerImpl (RaftServerImpl.java:setRole(184)) - 65d24b39-69ca-4c04-8db2-5f56e7503c5d@group-139D7988E68A: changes role from  FOLLOWER to FOLLOWER at term 36 for recognizeCandidate:b166f5f1-a6ad-4c66-9d3e-7e796ecacb8a
2019-10-21 08:07:15,756 [grpc-default-executor-0] INFO  impl.RoleInfo (RoleInfo.java:shutdownFollowerState(121)) - 2f6ec408-7fd3-48a9-91b7-234721c6dbd9: shutdown FollowerState
2019-10-21 08:07:15,756 [grpc-default-executor-3] INFO  impl.RoleInfo (RoleInfo.java:shutdownFollowerState(121)) - 65d24b39-69ca-4c04-8db2-5f56e7503c5d: shutdown FollowerState
2019-10-21 08:07:15,757 [Thread-780] INFO  impl.FollowerState (FollowerState.java:run(117)) - 2f6ec408-7fd3-48a9-91b7-234721c6dbd9@group-139D7988E68A-FollowerState was interrupted: java.lang.InterruptedException: sleep interrupted
2019-10-21 08:07:15,757 [grpc-default-executor-0] INFO  impl.RoleInfo (RoleInfo.java:updateAndGet(143)) - 2f6ec408-7fd3-48a9-91b7-234721c6dbd9: start FollowerState
2019-10-21 08:07:15,757 [grpc-default-executor-3] INFO  impl.RoleInfo (RoleInfo.java:updateAndGet(143)) - 65d24b39-69ca-4c04-8db2-5f56e7503c5d: start FollowerState
2019-10-21 08:07:15,757 [Thread-779] INFO  impl.FollowerState (FollowerState.java:run(117)) - 65d24b39-69ca-4c04-8db2-5f56e7503c5d@group-139D7988E68A-FollowerState was interrupted: java.lang.InterruptedException: sleep interrupted
2019-10-21 08:07:15,782 [b166f5f1-a6ad-4c66-9d3e-7e796ecacb8a@group-139D7988E68A-LeaderElection35] INFO  impl.LeaderElection (LeaderElection.java:logAndReturn(56)) - b166f5f1-a6ad-4c66-9d3e-7e796ecacb8a@group-139D7988E68A-LeaderElection35: Election REJECTED; received 2 response(s) [b166f5f1-a6ad-4c66-9d3e-7e796ecacb8a<-65d24b39-69ca-4c04-8db2-5f56e7503c5d#0:FAIL-t36, b166f5f1-a6ad-4c66-9d3e-7e796ecacb8a<-2f6ec408-7fd3-48a9-91b7-234721c6dbd9#0:FAIL-t36] and 0 exception(s); b166f5f1-a6ad-4c66-9d3e-7e796ecacb8a@group-139D7988E68A:t36, leader=null, voted=b166f5f1-a6ad-4c66-9d3e-7e796ecacb8a, raftlog=b166f5f1-a6ad-4c66-9d3e-7e796ecacb8a@group-139D7988E68A-SegmentedRaftLog:OPENED:c3,f4,i4, conf=0: [b166f5f1-a6ad-4c66-9d3e-7e796ecacb8a:192.168.34.35:39693, 65d24b39-69ca-4c04-8db2-5f56e7503c5d:192.168.34.35:45259, 2f6ec408-7fd3-48a9-91b7-234721c6dbd9:192.168.34.35:41673], old=null
2019-10-21 08:07:15,783 [b166f5f1-a6ad-4c66-9d3e-7e796ecacb8a@group-139D7988E68A-LeaderElection35] INFO  impl.RaftServerImpl (RaftServerImpl.java:setRole(184)) - b166f5f1-a6ad-4c66-9d3e-7e796ecacb8a@group-139D7988E68A: changes role from CANDIDATE to FOLLOWER at term 36 for DISCOVERED_A_NEW_TERM
2019-10-21 08:07:15,783 [b166f5f1-a6ad-4c66-9d3e-7e796ecacb8a@group-139D7988E68A-LeaderElection35] INFO  impl.RoleInfo (RoleInfo.java:shutdownLeaderElection(134)) - b166f5f1-a6ad-4c66-9d3e-7e796ecacb8a: shutdown LeaderElection
2019-10-21 08:07:15,783 [b166f5f1-a6ad-4c66-9d3e-7e796ecacb8a@group-139D7988E68A-LeaderElection35] INFO  impl.RoleInfo (RoleInfo.java:updateAndGet(143)) - b166f5f1-a6ad-4c66-9d3e-7e796ecacb8a: start FollowerState
2019-10-21 08:07:15,852 [EventQueue-PendingDeleteStatusForPendingDeleteHandler] INFO  block.SCMBlockDeletingService (SCMBlockDeletingService.java:handlePendingDeletes(115)) - Block deletion txnID mismatch in datanode b166f5f1-a6ad-4c66-9d3e-7e796ecacb8a for containerID 1. Datanode delete txnID: 0, SCM txnID: 1
2019-10-21 08:07:15,860 [pool-7-thread-8] INFO  commands.RetriableDatanodeEventWatcher (RetriableDatanodeEventWatcher.java:onTimeout(47)) - RetriableDatanodeCommand type=deleteBlocksCommand with id=1571645226854 timed out. Retrying.
2019-10-21 08:07:15,860 [SCMBlockDeletingService#1] INFO  block.SCMBlockDeletingService (SCMBlockDeletingService.java:call(184)) - Totally added 1 delete blocks command for 1 datanodes, task elapsed time: 1ms
2019-10-21 08:07:15,860 [pool-7-thread-1] INFO  commands.RetriableDatanodeEventWatcher (RetriableDatanodeEventWatcher.java:onTimeout(47)) - RetriableDatanodeCommand type=deleteBlocksCommand with id=1571645226851 timed out. Retrying.
2019-10-21 08:07:15,861 [pool-7-thread-5] INFO  commands.RetriableDatanodeEventWatcher (RetriableDatanodeEventWatcher.java:onTimeout(47)) - RetriableDatanodeCommand type=deleteBlocksCommand with id=1571645226848 timed out. Retrying.
2019-10-21 08:07:15,861 [pool-7-thread-6] INFO  commands.RetriableDatanodeEventWatcher (RetriableDatanodeEventWatcher.java:onTimeout(47)) - RetriableDatanodeCommand type=deleteBlocksCommand with id=1571645226857 timed out. Retrying.
2019-10-21 08:07:15,861 [pool-7-thread-2] INFO  commands.RetriableDatanodeEventWatcher (RetriableDatanodeEventWatcher.java:onTimeout(47)) - RetriableDatanodeCommand type=deleteBlocksCommand with id=1571645226850 timed out. Retrying.
2019-10-21 08:07:15,861 [pool-7-thread-3] INFO  commands.RetriableDatanodeEventWatcher (RetriableDatanodeEventWatcher.java:onTimeout(47)) - RetriableDatanodeCommand type=deleteBlocksCommand with id=1571645226852 timed out. Retrying.
2019-10-21 08:07:15,862 [pool-7-thread-7] INFO  commands.RetriableDatanodeEventWatcher (RetriableDatanodeEventWatcher.java:onTimeout(47)) - RetriableDatanodeCommand type=deleteBlocksCommand with id=1571645226855 timed out. Retrying.
2019-10-21 08:07:15,862 [pool-7-thread-4] INFO  commands.RetriableDatanodeEventWatcher (RetriableDatanodeEventWatcher.java:onTimeout(47)) - RetriableDatanodeCommand type=deleteBlocksCommand with id=1571645226853 timed out. Retrying.
2019-10-21 08:07:15,862 [pool-7-thread-9] INFO  commands.RetriableDatanodeEventWatcher (RetriableDatanodeEventWatcher.java:onTimeout(47)) - RetriableDatanodeCommand type=deleteBlocksCommand with id=1571645226856 timed out. Retrying.
2019-10-21 08:07:15,882 [Thread-787] INFO  impl.FollowerState (FollowerState.java:run(108)) - b166f5f1-a6ad-4c66-9d3e-7e796ecacb8a@group-139D7988E68A-FollowerState: change to CANDIDATE, lastRpcTime:98ms, electionTimeout:97ms
2019-10-21 08:07:15,882 [Thread-787] INFO  impl.RoleInfo (RoleInfo.java:shutdownFollowerState(121)) - b166f5f1-a6ad-4c66-9d3e-7e796ecacb8a: shutdown FollowerState
2019-10-21 08:07:15,882 [Thread-787] INFO  impl.RaftServerImpl (RaftServerImpl.java:setRole(184)) - b166f5f1-a6ad-4c66-9d3e-7e796ecacb8a@group-139D7988E68A: changes role from  FOLLOWER to CANDIDATE at term 36 for changeToCandidate
2019-10-21 08:07:15,882 [Thread-787] INFO  impl.RoleInfo (RoleInfo.java:updateAndGet(143)) - b166f5f1-a6ad-4c66-9d3e-7e796ecacb8a: start LeaderElection
2019-10-21 08:07:15,886 [grpc-default-executor-3] INFO  impl.RaftServerProxy (RaftServerProxy.java:addNew(89)) - b166f5f1-a6ad-4c66-9d3e-7e796ecacb8a: addNew group-306460423000:[b166f5f1-a6ad-4c66-9d3e-7e796ecacb8a:192.168.34.35:39693] returns group-306460423000:java.util.concurrent.CompletableFuture@6ec30a19[Not completed]
2019-10-21 08:07:15,888 [pool-59-thread-1] INFO  impl.RaftServerImpl (RaftServerImpl.java:<init>(104)) - b166f5f1-a6ad-4c66-9d3e-7e796ecacb8a: new RaftServerImpl for group-306460423000:[b166f5f1-a6ad-4c66-9d3e-7e796ecacb8a:192.168.34.35:39693] with ContainerStateMachine:uninitialized
2019-10-21 08:07:15,888 [pool-59-thread-1] INFO  server.RaftServerConfigKeys (ConfUtils.java:logGet(43)) - raft.server.rpc.timeout.min = 5s (custom)
2019-10-21 08:07:15,889 [pool-59-thread-1] INFO  server.RaftServerConfigKeys (ConfUtils.java:logGet(43)) - raft.server.rpc.timeout.max = 5200ms (custom)
2019-10-21 08:07:15,889 [pool-59-thread-1] INFO  server.RaftServerConfigKeys (ConfUtils.java:logGet(43)) - raft.server.rpcslowness.timeout = 1000s (custom)
2019-10-21 08:07:15,889 [pool-59-thread-1] INFO  server.RaftServerConfigKeys (ConfUtils.java:logGet(43)) - raft.server.sleep.deviation.threshold = 300 (default)
2019-10-21 08:07:15,889 [pool-59-thread-1] INFO  server.RaftServerConfigKeys (ConfUtils.java:logGet(43)) - raft.server.log.appender.install.snapshot.enabled = false (custom)
2019-10-21 08:07:15,889 [pool-59-thread-1] INFO  impl.RaftServerImpl (ServerState.java:<init>(103)) - b166f5f1-a6ad-4c66-9d3e-7e796ecacb8a@group-306460423000: ConfigurationManager, init=-1: [b166f5f1-a6ad-4c66-9d3e-7e796ecacb8a:192.168.34.35:39693], old=null, confs=<EMPTY_MAP>
2019-10-21 08:07:15,889 [pool-59-thread-1] INFO  server.RaftServerConfigKeys (ConfUtils.java:logGet(43)) - raft.server.storage.dir = [/workdir/hadoop-ozone/integration-test/target/test-dir/MiniOzoneClusterImpl-4ab24f66-bd6b-4106-b39e-8a9e797e32b6/datanode-2/data/ratis] (custom)
2019-10-21 08:07:15,889 [pool-59-thread-1] INFO  server.RaftServerConfigKeys (ConfUtils.java:logGet(43)) - raft.server.log.corruption.policy = EXCEPTION (default)
2019-10-21 08:07:15,890 [pool-59-thread-1] INFO  storage.RaftStorageDirectory (RaftStorageDirectory.java:analyzeStorage(246)) - The storage directory /workdir/hadoop-ozone/integration-test/target/test-dir/MiniOzoneClusterImpl-4ab24f66-bd6b-4106-b39e-8a9e797e32b6/datanode-2/data/ratis/76793558-d499-4a6f-b43f-306460423000 does not exist. Creating ...
2019-10-21 08:07:15,907 [pool-59-thread-1] INFO  storage.RaftStorageDirectory (RaftStorageDirectory.java:tryLock(328)) - Lock on /workdir/hadoop-ozone/integration-test/target/test-dir/MiniOzoneClusterImpl-4ab24f66-bd6b-4106-b39e-8a9e797e32b6/datanode-2/data/ratis/76793558-d499-4a6f-b43f-306460423000/in_use.lock acquired by nodename 15866@pr-hdds-2334-ff2f7-1487717562
2019-10-21 08:07:15,908 [b166f5f1-a6ad-4c66-9d3e-7e796ecacb8a@group-139D7988E68A-LeaderElection36] INFO  impl.LeaderElection (LeaderElection.java:askForVotes(178)) - b166f5f1-a6ad-4c66-9d3e-7e796ecacb8a@group-139D7988E68A-LeaderElection36: begin an election at term 37 for 0: [b166f5f1-a6ad-4c66-9d3e-7e796ecacb8a:192.168.34.35:39693, 65d24b39-69ca-4c04-8db2-5f56e7503c5d:192.168.34.35:45259, 2f6ec408-7fd3-48a9-91b7-234721c6dbd9:192.168.34.35:41673], old=null
2019-10-21 08:07:15,910 [grpc-default-executor-3] INFO  impl.RaftServerImpl (RaftServerImpl.java:setRole(184)) - 65d24b39-69ca-4c04-8db2-5f56e7503c5d@group-139D7988E68A: changes role from  FOLLOWER to FOLLOWER at term 37 for recognizeCandidate:b166f5f1-a6ad-4c66-9d3e-7e796ecacb8a
2019-10-21 08:07:15,910 [grpc-default-executor-0] INFO  impl.RaftServerImpl (RaftServerImpl.java:setRole(184)) - 2f6ec408-7fd3-48a9-91b7-234721c6dbd9@group-139D7988E68A: changes role from  FOLLOWER to FOLLOWER at term 37 for recognizeCandidate:b166f5f1-a6ad-4c66-9d3e-7e796ecacb8a
2019-10-21 08:07:15,910 [grpc-default-executor-3] INFO  impl.RoleInfo (RoleInfo.java:shutdownFollowerState(121)) - 65d24b39-69ca-4c04-8db2-5f56e7503c5d: shutdown FollowerState
2019-10-21 08:07:15,911 [grpc-default-executor-0] INFO  impl.RoleInfo (RoleInfo.java:shutdownFollowerState(121)) - 2f6ec408-7fd3-48a9-91b7-234721c6dbd9: shutdown FollowerState
2019-10-21 08:07:15,911 [Thread-786] INFO  impl.FollowerState (FollowerState.java:run(117)) - 65d24b39-69ca-4c04-8db2-5f56e7503c5d@group-139D7988E68A-FollowerState was interrupted: java.lang.InterruptedException: sleep interrupted
2019-10-21 08:07:15,911 [grpc-default-executor-3] INFO  impl.RoleInfo (RoleInfo.java:updateAndGet(143)) - 65d24b39-69ca-4c04-8db2-5f56e7503c5d: start FollowerState
2019-10-21 08:07:15,911 [Thread-785] INFO  impl.FollowerState (FollowerState.java:run(117)) - 2f6ec408-7fd3-48a9-91b7-234721c6dbd9@group-139D7988E68A-FollowerState was interrupted: java.lang.InterruptedException: sleep interrupted
2019-10-21 08:07:15,911 [grpc-default-executor-0] INFO  impl.RoleInfo (RoleInfo.java:updateAndGet(143)) - 2f6ec408-7fd3-48a9-91b7-234721c6dbd9: start FollowerState
2019-10-21 08:07:15,922 [pool-59-thread-1] INFO  storage.RaftStorage (RaftStorage.java:format(84)) - Storage directory /workdir/hadoop-ozone/integration-test/target/test-dir/MiniOzoneClusterImpl-4ab24f66-bd6b-4106-b39e-8a9e797e32b6/datanode-2/data/ratis/76793558-d499-4a6f-b43f-306460423000 has been successfully formatted.
2019-10-21 08:07:15,923 [pool-59-thread-1] INFO  ratis.ContainerStateMachine (ContainerStateMachine.java:loadSnapshot(231)) - group-306460423000: The snapshot info is null. Setting the last applied indexto:(t:0, i:~)
2019-10-21 08:07:15,923 [pool-59-thread-1] INFO  server.RaftServerConfigKeys (ConfUtils.java:logGet(43)) - raft.server.notification.no-leader.timeout = 1000s (custom)
2019-10-21 08:07:15,923 [pool-59-thread-1] INFO  server.RaftServerConfigKeys (ConfUtils.java:logGet(43)) - raft.server.log.use.memory = false (default)
2019-10-21 08:07:15,924 [b166f5f1-a6ad-4c66-9d3e-7e796ecacb8a@group-139D7988E68A-LeaderElection36] INFO  impl.LeaderElection (LeaderElection.java:logAndReturn(56)) - b166f5f1-a6ad-4c66-9d3e-7e796ecacb8a@group-139D7988E68A-LeaderElection36: Election REJECTED; received 2 response(s) [b166f5f1-a6ad-4c66-9d3e-7e796ecacb8a<-65d24b39-69ca-4c04-8db2-5f56e7503c5d#0:FAIL-t37, b166f5f1-a6ad-4c66-9d3e-7e796ecacb8a<-2f6ec408-7fd3-48a9-91b7-234721c6dbd9#0:FAIL-t37] and 0 exception(s); b166f5f1-a6ad-4c66-9d3e-7e796ecacb8a@group-139D7988E68A:t37, leader=null, voted=b166f5f1-a6ad-4c66-9d3e-7e796ecacb8a, raftlog=b166f5f1-a6ad-4c66-9d3e-7e796ecacb8a@group-139D7988E68A-SegmentedRaftLog:OPENED:c3,f4,i4, conf=0: [b166f5f1-a6ad-4c66-9d3e-7e796ecacb8a:192.168.34.35:39693, 65d24b39-69ca-4c04-8db2-5f56e7503c5d:192.168.34.35:45259, 2f6ec408-7fd3-48a9-91b7-234721c6dbd9:192.168.34.35:41673], old=null
2019-10-21 08:07:15,924 [pool-59-thread-1] INFO  server.RaftServerConfigKeys (ConfUtils.java:logGet(43)) - raft.server.log.purge.gap = 1000000 (custom)
2019-10-21 08:07:15,924 [b166f5f1-a6ad-4c66-9d3e-7e796ecacb8a@group-139D7988E68A-LeaderElection36] INFO  impl.RaftServerImpl (RaftServerImpl.java:setRole(184)) - b166f5f1-a6ad-4c66-9d3e-7e796ecacb8a@group-139D7988E68A: changes role from CANDIDATE to FOLLOWER at term 37 for DISCOVERED_A_NEW_TERM
2019-10-21 08:07:15,924 [b166f5f1-a6ad-4c66-9d3e-7e796ecacb8a@group-139D7988E68A-LeaderElection36] INFO  impl.RoleInfo (RoleInfo.java:shutdownLeaderElection(134)) - b166f5f1-a6ad-4c66-9d3e-7e796ecacb8a: shutdown LeaderElection
2019-10-21 08:07:15,924 [pool-59-thread-1] INFO  server.RaftServerConfigKeys (ConfUtils.java:logGet(43)) - raft.server.log.appender.buffer.byte-limit = 33554432 (custom)
2019-10-21 08:07:15,924 [b166f5f1-a6ad-4c66-9d3e-7e796ecacb8a@group-139D7988E68A-LeaderElection36] INFO  impl.RoleInfo (RoleInfo.java:updateAndGet(143)) - b166f5f1-a6ad-4c66-9d3e-7e796ecacb8a: start FollowerState
2019-10-21 08:07:15,925 [pool-59-thread-1] INFO  server.RaftServerConfigKeys (ConfUtils.java:logGet(43)) - raft.server.log.segment.size.max = 1048576 (custom)
2019-10-21 08:07:15,925 [pool-59-thread-1] INFO  server.RaftServerConfigKeys (ConfUtils.java:logGet(43)) - raft.server.log.segment.cache.num.max = 2 (custom)
2019-10-21 08:07:15,925 [pool-59-thread-1] INFO  segmented.SegmentedRaftLogWorker (SegmentedRaftLogWorker.java:<init>(173)) - new b166f5f1-a6ad-4c66-9d3e-7e796ecacb8a@group-306460423000-SegmentedRaftLogWorker for RaftStorage:Storage Directory /workdir/hadoop-ozone/integration-test/target/test-dir/MiniOzoneClusterImpl-4ab24f66-bd6b-4106-b39e-8a9e797e32b6/datanode-2/data/ratis/76793558-d499-4a6f-b43f-306460423000
2019-10-21 08:07:15,925 [pool-59-thread-1] INFO  server.RaftServerConfigKeys (ConfUtils.java:logGet(43)) - raft.server.log.queue.byte-limit = 2147483647 (custom)
2019-10-21 08:07:15,926 [pool-59-thread-1] INFO  server.RaftServerConfigKeys (ConfUtils.java:logGet(43)) - raft.server.log.queue.element-limit = 1024 (custom)
2019-10-21 08:07:15,926 [pool-59-thread-1] INFO  server.RaftServerConfigKeys (ConfUtils.java:logGet(43)) - raft.server.log.segment.size.max = 1048576 (custom)
2019-10-21 08:07:15,926 [pool-59-thread-1] INFO  server.RaftServerConfigKeys (ConfUtils.java:logGet(43)) - raft.server.log.preallocated.size = 16384 (custom)
2019-10-21 08:07:15,926 [pool-59-thread-1] INFO  server.RaftServerConfigKeys (ConfUtils.java:logGet(43)) - raft.server.log.write.buffer.size = 33554432 (custom)
2019-10-21 08:07:15,927 [pool-59-thread-1] INFO  server.RaftServerConfigKeys (ConfUtils.java:logGet(43)) - raft.server.log.force.sync.num = 128 (default)
2019-10-21 08:07:15,927 [pool-59-thread-1] INFO  server.RaftServerConfigKeys (ConfUtils.java:logGet(43)) - raft.server.log.statemachine.data.sync = true (default)
2019-10-21 08:07:15,927 [pool-59-thread-1] INFO  server.RaftServerConfigKeys (ConfUtils.java:logGet(43)) - raft.server.log.statemachine.data.sync.timeout = 10s (default)
2019-10-21 08:07:15,928 [pool-59-thread-1] INFO  server.RaftServerConfigKeys (ConfUtils.java:logGet(43)) - raft.server.log.statemachine.data.sync.timeout.retry = -1 (default)
2019-10-21 08:07:15,928 [pool-59-thread-1] INFO  server.RaftServerConfigKeys (ConfUtils.java:logGet(43)) - raft.server.log.statemachine.data.caching.enabled = true (custom)
2019-10-21 08:07:15,928 [pool-59-thread-1] INFO  segmented.SegmentedRaftLogWorker (SegmentedRaftLogWorker.java:lambda$new$0(128)) - b166f5f1-a6ad-4c66-9d3e-7e796ecacb8a@group-306460423000-SegmentedRaftLogWorker: flushIndex: setUnconditionally 0 -> -1
2019-10-21 08:07:15,929 [pool-59-thread-1] INFO  server.RaftServerConfigKeys (ConfUtils.java:logGet(43)) - raft.server.snapshot.auto.trigger.enabled = true (custom)
2019-10-21 08:07:15,929 [pool-59-thread-1] INFO  server.RaftServerConfigKeys (ConfUtils.java:logGet(43)) - raft.server.snapshot.auto.trigger.threshold = 10000 (custom)
2019-10-21 08:07:15,929 [pool-59-thread-1] INFO  server.RaftServerConfigKeys (ConfUtils.java:logGet(43)) - raft.server.snapshot.retention.file.num = 5 (custom)
2019-10-21 08:07:15,930 [pool-59-thread-1] INFO  server.RaftServerConfigKeys (ConfUtils.java:logGet(43)) - raft.server.retrycache.expirytime = 600000ms (custom)
2019-10-21 08:07:15,934 [pool-59-thread-1] INFO  impl.RaftServerImpl (RaftServerImpl.java:start(195)) - b166f5f1-a6ad-4c66-9d3e-7e796ecacb8a@group-306460423000: start as a follower, conf=-1: [b166f5f1-a6ad-4c66-9d3e-7e796ecacb8a:192.168.34.35:39693], old=null
2019-10-21 08:07:15,935 [pool-59-thread-1] INFO  impl.RaftServerImpl (RaftServerImpl.java:setRole(184)) - b166f5f1-a6ad-4c66-9d3e-7e796ecacb8a@group-306460423000: changes role from      null to FOLLOWER at term 0 for startAsFollower
2019-10-21 08:07:15,935 [pool-59-thread-1] INFO  impl.RoleInfo (RoleInfo.java:updateAndGet(143)) - b166f5f1-a6ad-4c66-9d3e-7e796ecacb8a: start FollowerState
2019-10-21 08:07:15,935 [pool-59-thread-1] INFO  util.JmxRegister (JmxRegister.java:tryRegister(44)) - Successfully registered JMX Bean with object name Ratis:service=RaftServer,group=group-306460423000,id=b166f5f1-a6ad-4c66-9d3e-7e796ecacb8a
2019-10-21 08:07:15,944 [RatisPipelineUtilsThread] INFO  pipeline.PipelineStateManager (PipelineStateManager.java:addPipeline(56)) - Created pipeline Pipeline[ Id: 76793558-d499-4a6f-b43f-306460423000, Nodes: b166f5f1-a6ad-4c66-9d3e-7e796ecacb8a{ip: 192.168.34.35, host: pr-hdds-2334-ff2f7-1487717562, networkLocation: /default-rack, certSerialId: null}, Type:RATIS, Factor:ONE, State:OPEN]
2019-10-21 08:07:15,954 [grpc-default-executor-3] INFO  impl.RaftServerProxy (RaftServerProxy.java:addNew(89)) - 2f6ec408-7fd3-48a9-91b7-234721c6dbd9: addNew group-777A8A106A63:[b166f5f1-a6ad-4c66-9d3e-7e796ecacb8a:192.168.34.35:39693, 65d24b39-69ca-4c04-8db2-5f56e7503c5d:192.168.34.35:45259, 2f6ec408-7fd3-48a9-91b7-234721c6dbd9:192.168.34.35:41673] returns group-777A8A106A63:java.util.concurrent.CompletableFuture@6115a4f8[Not completed]
2019-10-21 08:07:15,954 [grpc-default-executor-1] INFO  impl.RaftServerProxy (RaftServerProxy.java:addNew(89)) - 65d24b39-69ca-4c04-8db2-5f56e7503c5d: addNew group-777A8A106A63:[b166f5f1-a6ad-4c66-9d3e-7e796ecacb8a:192.168.34.35:39693, 65d24b39-69ca-4c04-8db2-5f56e7503c5d:192.168.34.35:45259, 2f6ec408-7fd3-48a9-91b7-234721c6dbd9:192.168.34.35:41673] returns group-777A8A106A63:java.util.concurrent.CompletableFuture@73edfed2[Not completed]
2019-10-21 08:07:15,954 [grpc-default-executor-0] INFO  impl.RaftServerProxy (RaftServerProxy.java:addNew(89)) - b166f5f1-a6ad-4c66-9d3e-7e796ecacb8a: addNew group-777A8A106A63:[b166f5f1-a6ad-4c66-9d3e-7e796ecacb8a:192.168.34.35:39693, 65d24b39-69ca-4c04-8db2-5f56e7503c5d:192.168.34.35:45259, 2f6ec408-7fd3-48a9-91b7-234721c6dbd9:192.168.34.35:41673] returns group-777A8A106A63:java.util.concurrent.CompletableFuture@2eab452c[Not completed]
2019-10-21 08:07:15,956 [pool-27-thread-1] INFO  impl.RaftServerImpl (RaftServerImpl.java:<init>(104)) - 2f6ec408-7fd3-48a9-91b7-234721c6dbd9: new RaftServerImpl for group-777A8A106A63:[b166f5f1-a6ad-4c66-9d3e-7e796ecacb8a:192.168.34.35:39693, 65d24b39-69ca-4c04-8db2-5f56e7503c5d:192.168.34.35:45259, 2f6ec408-7fd3-48a9-91b7-234721c6dbd9:192.168.34.35:41673] with ContainerStateMachine:uninitialized
2019-10-21 08:07:15,956 [pool-27-thread-1] INFO  server.RaftServerConfigKeys (ConfUtils.java:logGet(43)) - raft.server.rpc.timeout.min = 5s (custom)
2019-10-21 08:07:15,956 [pool-27-thread-1] INFO  server.RaftServerConfigKeys (ConfUtils.java:logGet(43)) - raft.server.rpc.timeout.max = 5200ms (custom)
2019-10-21 08:07:15,956 [pool-27-thread-1] INFO  server.RaftServerConfigKeys (ConfUtils.java:logGet(43)) - raft.server.rpcslowness.timeout = 1000s (custom)
2019-10-21 08:07:15,957 [pool-27-thread-1] INFO  server.RaftServerConfigKeys (ConfUtils.java:logGet(43)) - raft.server.sleep.deviation.threshold = 300 (default)
2019-10-21 08:07:15,957 [pool-27-thread-1] INFO  server.RaftServerConfigKeys (ConfUtils.java:logGet(43)) - raft.server.log.appender.install.snapshot.enabled = false (custom)
2019-10-21 08:07:15,957 [pool-59-thread-1] INFO  impl.RaftServerImpl (RaftServerImpl.java:<init>(104)) - b166f5f1-a6ad-4c66-9d3e-7e796ecacb8a: new RaftServerImpl for group-777A8A106A63:[b166f5f1-a6ad-4c66-9d3e-7e796ecacb8a:192.168.34.35:39693, 65d24b39-69ca-4c04-8db2-5f56e7503c5d:192.168.34.35:45259, 2f6ec408-7fd3-48a9-91b7-234721c6dbd9:192.168.34.35:41673] with ContainerStateMachine:uninitialized
2019-10-21 08:07:15,957 [pool-27-thread-1] INFO  impl.RaftServerImpl (ServerState.java:<init>(103)) - 2f6ec408-7fd3-48a9-91b7-234721c6dbd9@group-777A8A106A63: ConfigurationManager, init=-1: [b166f5f1-a6ad-4c66-9d3e-7e796ecacb8a:192.168.34.35:39693, 65d24b39-69ca-4c04-8db2-5f56e7503c5d:192.168.34.35:45259, 2f6ec408-7fd3-48a9-91b7-234721c6dbd9:192.168.34.35:41673], old=null, confs=<EMPTY_MAP>
2019-10-21 08:07:15,957 [pool-59-thread-1] INFO  server.RaftServerConfigKeys (ConfUtils.java:logGet(43)) - raft.server.rpc.timeout.min = 5s (custom)
2019-10-21 08:07:15,957 [pool-27-thread-1] INFO  server.RaftServerConfigKeys (ConfUtils.java:logGet(43)) - raft.server.storage.dir = [/workdir/hadoop-ozone/integration-test/target/test-dir/MiniOzoneClusterImpl-4ab24f66-bd6b-4106-b39e-8a9e797e32b6/datanode-0/data/ratis] (custom)
2019-10-21 08:07:15,957 [pool-59-thread-1] INFO  server.RaftServerConfigKeys (ConfUtils.java:logGet(43)) - raft.server.rpc.timeout.max = 5200ms (custom)
2019-10-21 08:07:15,957 [pool-59-thread-1] INFO  server.RaftServerConfigKeys (ConfUtils.java:logGet(43)) - raft.server.rpcslowness.timeout = 1000s (custom)
2019-10-21 08:07:15,957 [pool-27-thread-1] INFO  server.RaftServerConfigKeys (ConfUtils.java:logGet(43)) - raft.server.log.corruption.policy = EXCEPTION (default)
2019-10-21 08:07:15,957 [pool-59-thread-1] INFO  server.RaftServerConfigKeys (ConfUtils.java:logGet(43)) - raft.server.sleep.deviation.threshold = 300 (default)
2019-10-21 08:07:15,958 [pool-59-thread-1] INFO  server.RaftServerConfigKeys (ConfUtils.java:logGet(43)) - raft.server.log.appender.install.snapshot.enabled = false (custom)
2019-10-21 08:07:15,958 [pool-37-thread-1] INFO  impl.RaftServerImpl (RaftServerImpl.java:<init>(104)) - 65d24b39-69ca-4c04-8db2-5f56e7503c5d: new RaftServerImpl for group-777A8A106A63:[b166f5f1-a6ad-4c66-9d3e-7e796ecacb8a:192.168.34.35:39693, 65d24b39-69ca-4c04-8db2-5f56e7503c5d:192.168.34.35:45259, 2f6ec408-7fd3-48a9-91b7-234721c6dbd9:192.168.34.35:41673] with ContainerStateMachine:uninitialized
2019-10-21 08:07:15,958 [pool-27-thread-1] INFO  storage.RaftStorageDirectory (RaftStorageDirectory.java:analyzeStorage(246)) - The storage directory /workdir/hadoop-ozone/integration-test/target/test-dir/MiniOzoneClusterImpl-4ab24f66-bd6b-4106-b39e-8a9e797e32b6/datanode-0/data/ratis/f616a82f-5cd8-4fd7-905e-777a8a106a63 does not exist. Creating ...
2019-10-21 08:07:15,958 [pool-37-thread-1] INFO  server.RaftServerConfigKeys (ConfUtils.java:logGet(43)) - raft.server.rpc.timeout.min = 5s (custom)
2019-10-21 08:07:15,958 [pool-59-thread-1] INFO  impl.RaftServerImpl (ServerState.java:<init>(103)) - b166f5f1-a6ad-4c66-9d3e-7e796ecacb8a@group-777A8A106A63: ConfigurationManager, init=-1: [b166f5f1-a6ad-4c66-9d3e-7e796ecacb8a:192.168.34.35:39693, 65d24b39-69ca-4c04-8db2-5f56e7503c5d:192.168.34.35:45259, 2f6ec408-7fd3-48a9-91b7-234721c6dbd9:192.168.34.35:41673], old=null, confs=<EMPTY_MAP>
2019-10-21 08:07:15,958 [pool-37-thread-1] INFO  server.RaftServerConfigKeys (ConfUtils.java:logGet(43)) - raft.server.rpc.timeout.max = 5200ms (custom)
2019-10-21 08:07:15,958 [pool-59-thread-1] INFO  server.RaftServerConfigKeys (ConfUtils.java:logGet(43)) - raft.server.storage.dir = [/workdir/hadoop-ozone/integration-test/target/test-dir/MiniOzoneClusterImpl-4ab24f66-bd6b-4106-b39e-8a9e797e32b6/datanode-2/data/ratis] (custom)
2019-10-21 08:07:15,958 [pool-37-thread-1] INFO  server.RaftServerConfigKeys (ConfUtils.java:logGet(43)) - raft.server.rpcslowness.timeout = 1000s (custom)
2019-10-21 08:07:15,959 [pool-37-thread-1] INFO  server.RaftServerConfigKeys (ConfUtils.java:logGet(43)) - raft.server.sleep.deviation.threshold = 300 (default)
2019-10-21 08:07:15,959 [pool-59-thread-1] INFO  server.RaftServerConfigKeys (ConfUtils.java:logGet(43)) - raft.server.log.corruption.policy = EXCEPTION (default)
2019-10-21 08:07:15,959 [pool-37-thread-1] INFO  server.RaftServerConfigKeys (ConfUtils.java:logGet(43)) - raft.server.log.appender.install.snapshot.enabled = false (custom)
2019-10-21 08:07:15,959 [pool-59-thread-1] INFO  storage.RaftStorageDirectory (RaftStorageDirectory.java:analyzeStorage(246)) - The storage directory /workdir/hadoop-ozone/integration-test/target/test-dir/MiniOzoneClusterImpl-4ab24f66-bd6b-4106-b39e-8a9e797e32b6/datanode-2/data/ratis/f616a82f-5cd8-4fd7-905e-777a8a106a63 does not exist. Creating ...
2019-10-21 08:07:15,959 [pool-37-thread-1] INFO  impl.RaftServerImpl (ServerState.java:<init>(103)) - 65d24b39-69ca-4c04-8db2-5f56e7503c5d@group-777A8A106A63: ConfigurationManager, init=-1: [b166f5f1-a6ad-4c66-9d3e-7e796ecacb8a:192.168.34.35:39693, 65d24b39-69ca-4c04-8db2-5f56e7503c5d:192.168.34.35:45259, 2f6ec408-7fd3-48a9-91b7-234721c6dbd9:192.168.34.35:41673], old=null, confs=<EMPTY_MAP>
2019-10-21 08:07:15,959 [pool-37-thread-1] INFO  server.RaftServerConfigKeys (ConfUtils.java:logGet(43)) - raft.server.storage.dir = [/workdir/hadoop-ozone/integration-test/target/test-dir/MiniOzoneClusterImpl-4ab24f66-bd6b-4106-b39e-8a9e797e32b6/datanode-1/data/ratis] (custom)
2019-10-21 08:07:15,960 [pool-37-thread-1] INFO  server.RaftServerConfigKeys (ConfUtils.java:logGet(43)) - raft.server.log.corruption.policy = EXCEPTION (default)
2019-10-21 08:07:15,960 [pool-37-thread-1] INFO  storage.RaftStorageDirectory (RaftStorageDirectory.java:analyzeStorage(246)) - The storage directory /workdir/hadoop-ozone/integration-test/target/test-dir/MiniOzoneClusterImpl-4ab24f66-bd6b-4106-b39e-8a9e797e32b6/datanode-1/data/ratis/f616a82f-5cd8-4fd7-905e-777a8a106a63 does not exist. Creating ...
2019-10-21 08:07:15,983 [pool-27-thread-1] INFO  storage.RaftStorageDirectory (RaftStorageDirectory.java:tryLock(328)) - Lock on /workdir/hadoop-ozone/integration-test/target/test-dir/MiniOzoneClusterImpl-4ab24f66-bd6b-4106-b39e-8a9e797e32b6/datanode-0/data/ratis/f616a82f-5cd8-4fd7-905e-777a8a106a63/in_use.lock acquired by nodename 15866@pr-hdds-2334-ff2f7-1487717562
2019-10-21 08:07:15,983 [pool-37-thread-1] INFO  storage.RaftStorageDirectory (RaftStorageDirectory.java:tryLock(328)) - Lock on /workdir/hadoop-ozone/integration-test/target/test-dir/MiniOzoneClusterImpl-4ab24f66-bd6b-4106-b39e-8a9e797e32b6/datanode-1/data/ratis/f616a82f-5cd8-4fd7-905e-777a8a106a63/in_use.lock acquired by nodename 15866@pr-hdds-2334-ff2f7-1487717562
2019-10-21 08:07:15,983 [pool-59-thread-1] INFO  storage.RaftStorageDirectory (RaftStorageDirectory.java:tryLock(328)) - Lock on /workdir/hadoop-ozone/integration-test/target/test-dir/MiniOzoneClusterImpl-4ab24f66-bd6b-4106-b39e-8a9e797e32b6/datanode-2/data/ratis/f616a82f-5cd8-4fd7-905e-777a8a106a63/in_use.lock acquired by nodename 15866@pr-hdds-2334-ff2f7-1487717562
2019-10-21 08:07:15,995 [Thread-796] INFO  impl.FollowerState (FollowerState.java:run(108)) - b166f5f1-a6ad-4c66-9d3e-7e796ecacb8a@group-306460423000-FollowerState: change to CANDIDATE, lastRpcTime:60ms, electionTimeout:60ms
2019-10-21 08:07:15,996 [Thread-796] INFO  impl.RoleInfo (RoleInfo.java:shutdownFollowerState(121)) - b166f5f1-a6ad-4c66-9d3e-7e796ecacb8a: shutdown FollowerState
2019-10-21 08:07:15,996 [Thread-796] INFO  impl.RaftServerImpl (RaftServerImpl.java:setRole(184)) - b166f5f1-a6ad-4c66-9d3e-7e796ecacb8a@group-306460423000: changes role from  FOLLOWER to CANDIDATE at term 0 for changeToCandidate
2019-10-21 08:07:15,996 [Thread-796] INFO  impl.RoleInfo (RoleInfo.java:updateAndGet(143)) - b166f5f1-a6ad-4c66-9d3e-7e796ecacb8a: start LeaderElection
2019-10-21 08:07:16,012 [Thread-794] INFO  impl.FollowerState (FollowerState.java:run(108)) - b166f5f1-a6ad-4c66-9d3e-7e796ecacb8a@group-139D7988E68A-FollowerState: change to CANDIDATE, lastRpcTime:87ms, electionTimeout:87ms
2019-10-21 08:07:16,012 [Thread-794] INFO  impl.RoleInfo (RoleInfo.java:shutdownFollowerState(121)) - b166f5f1-a6ad-4c66-9d3e-7e796ecacb8a: shutdown FollowerState
2019-10-21 08:07:16,012 [Thread-794] INFO  impl.RaftServerImpl (RaftServerImpl.java:setRole(184)) - b166f5f1-a6ad-4c66-9d3e-7e796ecacb8a@group-139D7988E68A: changes role from  FOLLOWER to CANDIDATE at term 37 for changeToCandidate
2019-10-21 08:07:16,012 [Thread-794] INFO  impl.RoleInfo (RoleInfo.java:updateAndGet(143)) - b166f5f1-a6ad-4c66-9d3e-7e796ecacb8a: start LeaderElection
2019-10-21 08:07:16,023 [pool-37-thread-1] INFO  storage.RaftStorage (RaftStorage.java:format(84)) - Storage directory /workdir/hadoop-ozone/integration-test/target/test-dir/MiniOzoneClusterImpl-4ab24f66-bd6b-4106-b39e-8a9e797e32b6/datanode-1/data/ratis/f616a82f-5cd8-4fd7-905e-777a8a106a63 has been successfully formatted.
2019-10-21 08:07:16,023 [b166f5f1-a6ad-4c66-9d3e-7e796ecacb8a@group-306460423000-LeaderElection37] INFO  impl.LeaderElection (LeaderElection.java:askForVotes(178)) - b166f5f1-a6ad-4c66-9d3e-7e796ecacb8a@group-306460423000-LeaderElection37: begin an election at term 1 for -1: [b166f5f1-a6ad-4c66-9d3e-7e796ecacb8a:192.168.34.35:39693], old=null
2019-10-21 08:07:16,023 [b166f5f1-a6ad-4c66-9d3e-7e796ecacb8a@group-139D7988E68A-LeaderElection38] INFO  impl.LeaderElection (LeaderElection.java:askForVotes(178)) - b166f5f1-a6ad-4c66-9d3e-7e796ecacb8a@group-139D7988E68A-LeaderElection38: begin an election at term 38 for 0: [b166f5f1-a6ad-4c66-9d3e-7e796ecacb8a:192.168.34.35:39693, 65d24b39-69ca-4c04-8db2-5f56e7503c5d:192.168.34.35:45259, 2f6ec408-7fd3-48a9-91b7-234721c6dbd9:192.168.34.35:41673], old=null
2019-10-21 08:07:16,023 [pool-59-thread-1] INFO  storage.RaftStorage (RaftStorage.java:format(84)) - Storage directory /workdir/hadoop-ozone/integration-test/target/test-dir/MiniOzoneClusterImpl-4ab24f66-bd6b-4106-b39e-8a9e797e32b6/datanode-2/data/ratis/f616a82f-5cd8-4fd7-905e-777a8a106a63 has been successfully formatted.
2019-10-21 08:07:16,023 [pool-27-thread-1] INFO  storage.RaftStorage (RaftStorage.java:format(84)) - Storage directory /workdir/hadoop-ozone/integration-test/target/test-dir/MiniOzoneClusterImpl-4ab24f66-bd6b-4106-b39e-8a9e797e32b6/datanode-0/data/ratis/f616a82f-5cd8-4fd7-905e-777a8a106a63 has been successfully formatted.
2019-10-21 08:07:16,023 [pool-37-thread-1] INFO  ratis.ContainerStateMachine (ContainerStateMachine.java:loadSnapshot(231)) - group-777A8A106A63: The snapshot info is null. Setting the last applied indexto:(t:0, i:~)
2019-10-21 08:07:16,024 [pool-27-thread-1] INFO  ratis.ContainerStateMachine (ContainerStateMachine.java:loadSnapshot(231)) - group-777A8A106A63: The snapshot info is null. Setting the last applied indexto:(t:0, i:~)
2019-10-21 08:07:16,024 [pool-37-thread-1] INFO  server.RaftServerConfigKeys (ConfUtils.java:logGet(43)) - raft.server.notification.no-leader.timeout = 1000s (custom)
2019-10-21 08:07:16,023 [b166f5f1-a6ad-4c66-9d3e-7e796ecacb8a@group-306460423000-LeaderElection37] INFO  impl.RoleInfo (RoleInfo.java:shutdownLeaderElection(134)) - b166f5f1-a6ad-4c66-9d3e-7e796ecacb8a: shutdown LeaderElection
2019-10-21 08:07:16,025 [pool-37-thread-1] INFO  server.RaftServerConfigKeys (ConfUtils.java:logGet(43)) - raft.server.log.use.memory = false (default)
2019-10-21 08:07:16,024 [pool-27-thread-1] INFO  server.RaftServerConfigKeys (ConfUtils.java:logGet(43)) - raft.server.notification.no-leader.timeout = 1000s (custom)
2019-10-21 08:07:16,024 [pool-59-thread-1] INFO  ratis.ContainerStateMachine (ContainerStateMachine.java:loadSnapshot(231)) - group-777A8A106A63: The snapshot info is null. Setting the last applied indexto:(t:0, i:~)
2019-10-21 08:07:16,025 [pool-27-thread-1] INFO  server.RaftServerConfigKeys (ConfUtils.java:logGet(43)) - raft.server.log.use.memory = false (default)
2019-10-21 08:07:16,025 [pool-37-thread-1] INFO  server.RaftServerConfigKeys (ConfUtils.java:logGet(43)) - raft.server.log.purge.gap = 1000000 (custom)
2019-10-21 08:07:16,025 [b166f5f1-a6ad-4c66-9d3e-7e796ecacb8a@group-306460423000-LeaderElection37] INFO  impl.RaftServerImpl (RaftServerImpl.java:setRole(184)) - b166f5f1-a6ad-4c66-9d3e-7e796ecacb8a@group-306460423000: changes role from CANDIDATE to LEADER at term 1 for changeToLeader
2019-10-21 08:07:16,026 [pool-37-thread-1] INFO  server.RaftServerConfigKeys (ConfUtils.java:logGet(43)) - raft.server.log.appender.buffer.byte-limit = 33554432 (custom)
2019-10-21 08:07:16,026 [pool-27-thread-1] INFO  server.RaftServerConfigKeys (ConfUtils.java:logGet(43)) - raft.server.log.purge.gap = 1000000 (custom)
2019-10-21 08:07:16,025 [pool-59-thread-1] INFO  server.RaftServerConfigKeys (ConfUtils.java:logGet(43)) - raft.server.notification.no-leader.timeout = 1000s (custom)
2019-10-21 08:07:16,026 [pool-27-thread-1] INFO  server.RaftServerConfigKeys (ConfUtils.java:logGet(43)) - raft.server.log.appender.buffer.byte-limit = 33554432 (custom)
2019-10-21 08:07:16,026 [pool-37-thread-1] INFO  server.RaftServerConfigKeys (ConfUtils.java:logGet(43)) - raft.server.log.segment.size.max = 1048576 (custom)
2019-10-21 08:07:16,026 [b166f5f1-a6ad-4c66-9d3e-7e796ecacb8a@group-306460423000-LeaderElection37] INFO  impl.RaftServerImpl (ServerState.java:setLeader(256)) - b166f5f1-a6ad-4c66-9d3e-7e796ecacb8a@group-306460423000: change Leader from null to b166f5f1-a6ad-4c66-9d3e-7e796ecacb8a at term 1 for becomeLeader, leader elected after 102ms
2019-10-21 08:07:16,027 [pool-37-thread-1] INFO  server.RaftServerConfigKeys (ConfUtils.java:logGet(43)) - raft.server.log.segment.cache.num.max = 2 (custom)
2019-10-21 08:07:16,027 [grpc-default-executor-0] INFO  impl.RaftServerImpl (RaftServerImpl.java:setRole(184)) - 65d24b39-69ca-4c04-8db2-5f56e7503c5d@group-139D7988E68A: changes role from  FOLLOWER to FOLLOWER at term 38 for recognizeCandidate:b166f5f1-a6ad-4c66-9d3e-7e796ecacb8a
2019-10-21 08:07:16,026 [pool-27-thread-1] INFO  server.RaftServerConfigKeys (ConfUtils.java:logGet(43)) - raft.server.log.segment.size.max = 1048576 (custom)
2019-10-21 08:07:16,026 [pool-59-thread-1] INFO  server.RaftServerConfigKeys (ConfUtils.java:logGet(43)) - raft.server.log.use.memory = false (default)
2019-10-21 08:07:16,027 [pool-27-thread-1] INFO  server.RaftServerConfigKeys (ConfUtils.java:logGet(43)) - raft.server.log.segment.cache.num.max = 2 (custom)
2019-10-21 08:07:16,027 [grpc-default-executor-0] INFO  impl.RoleInfo (RoleInfo.java:shutdownFollowerState(121)) - 65d24b39-69ca-4c04-8db2-5f56e7503c5d: shutdown FollowerState
2019-10-21 08:07:16,027 [pool-37-thread-1] INFO  segmented.SegmentedRaftLogWorker (SegmentedRaftLogWorker.java:<init>(173)) - new 65d24b39-69ca-4c04-8db2-5f56e7503c5d@group-777A8A106A63-SegmentedRaftLogWorker for RaftStorage:Storage Directory /workdir/hadoop-ozone/integration-test/target/test-dir/MiniOzoneClusterImpl-4ab24f66-bd6b-4106-b39e-8a9e797e32b6/datanode-1/data/ratis/f616a82f-5cd8-4fd7-905e-777a8a106a63
2019-10-21 08:07:16,027 [grpc-default-executor-1] INFO  impl.RaftServerImpl (RaftServerImpl.java:setRole(184)) - 2f6ec408-7fd3-48a9-91b7-234721c6dbd9@group-139D7988E68A: changes role from  FOLLOWER to FOLLOWER at term 38 for recognizeCandidate:b166f5f1-a6ad-4c66-9d3e-7e796ecacb8a
2019-10-21 08:07:16,028 [grpc-default-executor-1] INFO  impl.RoleInfo (RoleInfo.java:shutdownFollowerState(121)) - 2f6ec408-7fd3-48a9-91b7-234721c6dbd9: shutdown FollowerState
2019-10-21 08:07:16,027 [b166f5f1-a6ad-4c66-9d3e-7e796ecacb8a@group-306460423000-LeaderElection37] INFO  server.RaftServerConfigKeys (ConfUtils.java:logGet(43)) - raft.server.staging.catchup.gap = 1000 (default)
2019-10-21 08:07:16,028 [grpc-default-executor-1] INFO  impl.RoleInfo (RoleInfo.java:updateAndGet(143)) - 2f6ec408-7fd3-48a9-91b7-234721c6dbd9: start FollowerState
2019-10-21 08:07:16,028 [Thread-793] INFO  impl.FollowerState (FollowerState.java:run(117)) - 2f6ec408-7fd3-48a9-91b7-234721c6dbd9@group-139D7988E68A-FollowerState was interrupted: java.lang.InterruptedException: sleep interrupted
2019-10-21 08:07:16,028 [pool-37-thread-1] INFO  server.RaftServerConfigKeys (ConfUtils.java:logGet(43)) - raft.server.log.queue.byte-limit = 2147483647 (custom)
2019-10-21 08:07:16,028 [Thread-792] INFO  impl.FollowerState (FollowerState.java:run(117)) - 65d24b39-69ca-4c04-8db2-5f56e7503c5d@group-139D7988E68A-FollowerState was interrupted: java.lang.InterruptedException: sleep interrupted
2019-10-21 08:07:16,028 [grpc-default-executor-0] INFO  impl.RoleInfo (RoleInfo.java:updateAndGet(143)) - 65d24b39-69ca-4c04-8db2-5f56e7503c5d: start FollowerState
2019-10-21 08:07:16,027 [pool-27-thread-1] INFO  segmented.SegmentedRaftLogWorker (SegmentedRaftLogWorker.java:<init>(173)) - new 2f6ec408-7fd3-48a9-91b7-234721c6dbd9@group-777A8A106A63-SegmentedRaftLogWorker for RaftStorage:Storage Directory /workdir/hadoop-ozone/integration-test/target/test-dir/MiniOzoneClusterImpl-4ab24f66-bd6b-4106-b39e-8a9e797e32b6/datanode-0/data/ratis/f616a82f-5cd8-4fd7-905e-777a8a106a63
2019-10-21 08:07:16,029 [pool-27-thread-1] INFO  server.RaftServerConfigKeys (ConfUtils.java:logGet(43)) - raft.server.log.queue.byte-limit = 2147483647 (custom)
2019-10-21 08:07:16,030 [pool-27-thread-1] INFO  server.RaftServerConfigKeys (ConfUtils.java:logGet(43)) - raft.server.log.queue.element-limit = 1024 (custom)
2019-10-21 08:07:16,030 [pool-27-thread-1] INFO  server.RaftServerConfigKeys (ConfUtils.java:logGet(43)) - raft.server.log.segment.size.max = 1048576 (custom)
2019-10-21 08:07:16,030 [pool-27-thread-1] INFO  server.RaftServerConfigKeys (ConfUtils.java:logGet(43)) - raft.server.log.preallocated.size = 16384 (custom)
2019-10-21 08:07:16,030 [pool-27-thread-1] INFO  server.RaftServerConfigKeys (ConfUtils.java:logGet(43)) - raft.server.log.write.buffer.size = 33554432 (custom)
2019-10-21 08:07:16,030 [pool-27-thread-1] INFO  server.RaftServerConfigKeys (ConfUtils.java:logGet(43)) - raft.server.log.force.sync.num = 128 (default)
2019-10-21 08:07:16,030 [pool-27-thread-1] INFO  server.RaftServerConfigKeys (ConfUtils.java:logGet(43)) - raft.server.log.statemachine.data.sync = true (default)
2019-10-21 08:07:16,031 [pool-27-thread-1] INFO  server.RaftServerConfigKeys (ConfUtils.java:logGet(43)) - raft.server.log.statemachine.data.sync.timeout = 10s (default)
2019-10-21 08:07:16,031 [pool-27-thread-1] INFO  server.RaftServerConfigKeys (ConfUtils.java:logGet(43)) - raft.server.log.statemachine.data.sync.timeout.retry = -1 (default)
2019-10-21 08:07:16,031 [pool-27-thread-1] INFO  server.RaftServerConfigKeys (ConfUtils.java:logGet(43)) - raft.server.log.statemachine.data.caching.enabled = true (custom)
2019-10-21 08:07:16,031 [pool-27-thread-1] INFO  segmented.SegmentedRaftLogWorker (SegmentedRaftLogWorker.java:lambda$new$0(128)) - 2f6ec408-7fd3-48a9-91b7-234721c6dbd9@group-777A8A106A63-SegmentedRaftLogWorker: flushIndex: setUnconditionally 0 -> -1
2019-10-21 08:07:16,032 [pool-27-thread-1] INFO  server.RaftServerConfigKeys (ConfUtils.java:logGet(43)) - raft.server.snapshot.auto.trigger.enabled = true (custom)
2019-10-21 08:07:16,032 [pool-27-thread-1] INFO  server.RaftServerConfigKeys (ConfUtils.java:logGet(43)) - raft.server.snapshot.auto.trigger.threshold = 10000 (custom)
2019-10-21 08:07:16,032 [pool-27-thread-1] INFO  server.RaftServerConfigKeys (ConfUtils.java:logGet(43)) - raft.server.snapshot.retention.file.num = 5 (custom)
2019-10-21 08:07:16,032 [pool-27-thread-1] INFO  server.RaftServerConfigKeys (ConfUtils.java:logGet(43)) - raft.server.retrycache.expirytime = 600000ms (custom)
2019-10-21 08:07:16,027 [pool-59-thread-1] INFO  server.RaftServerConfigKeys (ConfUtils.java:logGet(43)) - raft.server.log.purge.gap = 1000000 (custom)
2019-10-21 08:07:16,029 [pool-37-thread-1] INFO  server.RaftServerConfigKeys (ConfUtils.java:logGet(43)) - raft.server.log.queue.element-limit = 1024 (custom)
2019-10-21 08:07:16,028 [b166f5f1-a6ad-4c66-9d3e-7e796ecacb8a@group-306460423000-LeaderElection37] INFO  server.RaftServerConfigKeys (ConfUtils.java:logGet(43)) - raft.server.rpc.sleep.time = 25ms (default)
2019-10-21 08:07:16,034 [pool-37-thread-1] INFO  server.RaftServerConfigKeys (ConfUtils.java:logGet(43)) - raft.server.log.segment.size.max = 1048576 (custom)
2019-10-21 08:07:16,033 [pool-59-thread-1] INFO  server.RaftServerConfigKeys (ConfUtils.java:logGet(43)) - raft.server.log.appender.buffer.byte-limit = 33554432 (custom)
2019-10-21 08:07:16,034 [pool-37-thread-1] INFO  server.RaftServerConfigKeys (ConfUtils.java:logGet(43)) - raft.server.log.preallocated.size = 16384 (custom)
2019-10-21 08:07:16,034 [b166f5f1-a6ad-4c66-9d3e-7e796ecacb8a@group-306460423000-LeaderElection37] INFO  server.RaftServerConfigKeys (ConfUtils.java:logGet(43)) - raft.server.write.element-limit = 4096 (default)
2019-10-21 08:07:16,034 [pool-37-thread-1] INFO  server.RaftServerConfigKeys (ConfUtils.java:logGet(43)) - raft.server.log.write.buffer.size = 33554432 (custom)
2019-10-21 08:07:16,034 [pool-59-thread-1] INFO  server.RaftServerConfigKeys (ConfUtils.java:logGet(43)) - raft.server.log.segment.size.max = 1048576 (custom)
2019-10-21 08:07:16,035 [pool-37-thread-1] INFO  server.RaftServerConfigKeys (ConfUtils.java:logGet(43)) - raft.server.log.force.sync.num = 128 (default)
2019-10-21 08:07:16,034 [b166f5f1-a6ad-4c66-9d3e-7e796ecacb8a@group-306460423000-LeaderElection37] INFO  server.RaftServerConfigKeys (ConfUtils.java:logGet(43)) - raft.server.watch.timeout = 10s (default)
2019-10-21 08:07:16,035 [pool-37-thread-1] INFO  server.RaftServerConfigKeys (ConfUtils.java:logGet(43)) - raft.server.log.statemachine.data.sync = true (default)
2019-10-21 08:07:16,035 [pool-59-thread-1] INFO  server.RaftServerConfigKeys (ConfUtils.java:logGet(43)) - raft.server.log.segment.cache.num.max = 2 (custom)
2019-10-21 08:07:16,035 [pool-27-thread-1] INFO  impl.RaftServerImpl (RaftServerImpl.java:start(195)) - 2f6ec408-7fd3-48a9-91b7-234721c6dbd9@group-777A8A106A63: start as a follower, conf=-1: [b166f5f1-a6ad-4c66-9d3e-7e796ecacb8a:192.168.34.35:39693, 65d24b39-69ca-4c04-8db2-5f56e7503c5d:192.168.34.35:45259, 2f6ec408-7fd3-48a9-91b7-234721c6dbd9:192.168.34.35:41673], old=null
2019-10-21 08:07:16,035 [pool-37-thread-1] INFO  server.RaftServerConfigKeys (ConfUtils.java:logGet(43)) - raft.server.log.statemachine.data.sync.timeout = 10s (default)
2019-10-21 08:07:16,035 [b166f5f1-a6ad-4c66-9d3e-7e796ecacb8a@group-306460423000-LeaderElection37] INFO  server.RaftServerConfigKeys (ConfUtils.java:logGet(43)) - raft.server.watch.timeout.denomination = 1s (default)
2019-10-21 08:07:16,036 [pool-37-thread-1] INFO  server.RaftServerConfigKeys (ConfUtils.java:logGet(43)) - raft.server.log.statemachine.data.sync.timeout.retry = -1 (default)
2019-10-21 08:07:16,036 [pool-27-thread-1] INFO  impl.RaftServerImpl (RaftServerImpl.java:setRole(184)) - 2f6ec408-7fd3-48a9-91b7-234721c6dbd9@group-777A8A106A63: changes role from      null to FOLLOWER at term 0 for startAsFollower
2019-10-21 08:07:16,036 [pool-37-thread-1] INFO  server.RaftServerConfigKeys (ConfUtils.java:logGet(43)) - raft.server.log.statemachine.data.caching.enabled = true (custom)
2019-10-21 08:07:16,035 [pool-59-thread-1] INFO  segmented.SegmentedRaftLogWorker (SegmentedRaftLogWorker.java:<init>(173)) - new b166f5f1-a6ad-4c66-9d3e-7e796ecacb8a@group-777A8A106A63-SegmentedRaftLogWorker for RaftStorage:Storage Directory /workdir/hadoop-ozone/integration-test/target/test-dir/MiniOzoneClusterImpl-4ab24f66-bd6b-4106-b39e-8a9e797e32b6/datanode-2/data/ratis/f616a82f-5cd8-4fd7-905e-777a8a106a63
2019-10-21 08:07:16,036 [pool-27-thread-1] INFO  impl.RoleInfo (RoleInfo.java:updateAndGet(143)) - 2f6ec408-7fd3-48a9-91b7-234721c6dbd9: start FollowerState
2019-10-21 08:07:16,036 [b166f5f1-a6ad-4c66-9d3e-7e796ecacb8a@group-306460423000-LeaderElection37] INFO  server.RaftServerConfigKeys (ConfUtils.java:logGet(43)) - raft.server.watch.element-limit = 65536 (default)
2019-10-21 08:07:16,037 [pool-59-thread-1] INFO  server.RaftServerConfigKeys (ConfUtils.java:logGet(43)) - raft.server.log.queue.byte-limit = 2147483647 (custom)
2019-10-21 08:07:16,037 [pool-59-thread-1] INFO  server.RaftServerConfigKeys (ConfUtils.java:logGet(43)) - raft.server.log.queue.element-limit = 1024 (custom)
2019-10-21 08:07:16,037 [pool-27-thread-1] INFO  util.JmxRegister (JmxRegister.java:tryRegister(44)) - Successfully registered JMX Bean with object name Ratis:service=RaftServer,group=group-777A8A106A63,id=2f6ec408-7fd3-48a9-91b7-234721c6dbd9
2019-10-21 08:07:16,037 [pool-59-thread-1] INFO  server.RaftServerConfigKeys (ConfUtils.java:logGet(43)) - raft.server.log.segment.size.max = 1048576 (custom)
2019-10-21 08:07:16,038 [pool-59-thread-1] INFO  server.RaftServerConfigKeys (ConfUtils.java:logGet(43)) - raft.server.log.preallocated.size = 16384 (custom)
2019-10-21 08:07:16,038 [pool-37-thread-1] INFO  segmented.SegmentedRaftLogWorker (SegmentedRaftLogWorker.java:lambda$new$0(128)) - 65d24b39-69ca-4c04-8db2-5f56e7503c5d@group-777A8A106A63-SegmentedRaftLogWorker: flushIndex: setUnconditionally 0 -> -1
2019-10-21 08:07:16,038 [pool-59-thread-1] INFO  server.RaftServerConfigKeys (ConfUtils.java:logGet(43)) - raft.server.log.write.buffer.size = 33554432 (custom)
2019-10-21 08:07:16,038 [pool-59-thread-1] INFO  server.RaftServerConfigKeys (ConfUtils.java:logGet(43)) - raft.server.log.force.sync.num = 128 (default)
2019-10-21 08:07:16,038 [pool-37-thread-1] INFO  server.RaftServerConfigKeys (ConfUtils.java:logGet(43)) - raft.server.snapshot.auto.trigger.enabled = true (custom)
2019-10-21 08:07:16,038 [pool-59-thread-1] INFO  server.RaftServerConfigKeys (ConfUtils.java:logGet(43)) - raft.server.log.statemachine.data.sync = true (default)
2019-10-21 08:07:16,039 [pool-37-thread-1] INFO  server.RaftServerConfigKeys (ConfUtils.java:logGet(43)) - raft.server.snapshot.auto.trigger.threshold = 10000 (custom)
2019-10-21 08:07:16,039 [pool-59-thread-1] INFO  server.RaftServerConfigKeys (ConfUtils.java:logGet(43)) - raft.server.log.statemachine.data.sync.timeout = 10s (default)
2019-10-21 08:07:16,039 [pool-37-thread-1] INFO  server.RaftServerConfigKeys (ConfUtils.java:logGet(43)) - raft.server.snapshot.retention.file.num = 5 (custom)
2019-10-21 08:07:16,039 [pool-59-thread-1] INFO  server.RaftServerConfigKeys (ConfUtils.java:logGet(43)) - raft.server.log.statemachine.data.sync.timeout.retry = -1 (default)
2019-10-21 08:07:16,040 [pool-37-thread-1] INFO  server.RaftServerConfigKeys (ConfUtils.java:logGet(43)) - raft.server.retrycache.expirytime = 600000ms (custom)
2019-10-21 08:07:16,040 [pool-59-thread-1] INFO  server.RaftServerConfigKeys (ConfUtils.java:logGet(43)) - raft.server.log.statemachine.data.caching.enabled = true (custom)
2019-10-21 08:07:16,040 [pool-59-thread-1] INFO  segmented.SegmentedRaftLogWorker (SegmentedRaftLogWorker.java:lambda$new$0(128)) - b166f5f1-a6ad-4c66-9d3e-7e796ecacb8a@group-777A8A106A63-SegmentedRaftLogWorker: flushIndex: setUnconditionally 0 -> -1
2019-10-21 08:07:16,040 [b166f5f1-a6ad-4c66-9d3e-7e796ecacb8a@group-306460423000-LeaderElection37] INFO  impl.RoleInfo (RoleInfo.java:updateAndGet(143)) - b166f5f1-a6ad-4c66-9d3e-7e796ecacb8a: start LeaderState
2019-10-21 08:07:16,041 [pool-59-thread-1] INFO  server.RaftServerConfigKeys (ConfUtils.java:logGet(43)) - raft.server.snapshot.auto.trigger.enabled = true (custom)
2019-10-21 08:07:16,041 [b166f5f1-a6ad-4c66-9d3e-7e796ecacb8a@group-306460423000-LeaderElection37] INFO  segmented.SegmentedRaftLogWorker (SegmentedRaftLogWorker.java:startLogSegment(385)) - b166f5f1-a6ad-4c66-9d3e-7e796ecacb8a@group-306460423000-SegmentedRaftLogWorker: Starting segment from index:0
2019-10-21 08:07:16,041 [pool-59-thread-1] INFO  server.RaftServerConfigKeys (ConfUtils.java:logGet(43)) - raft.server.snapshot.auto.trigger.threshold = 10000 (custom)
2019-10-21 08:07:16,041 [pool-59-thread-1] INFO  server.RaftServerConfigKeys (ConfUtils.java:logGet(43)) - raft.server.snapshot.retention.file.num = 5 (custom)
2019-10-21 08:07:16,041 [pool-59-thread-1] INFO  server.RaftServerConfigKeys (ConfUtils.java:logGet(43)) - raft.server.retrycache.expirytime = 600000ms (custom)
2019-10-21 08:07:16,041 [b166f5f1-a6ad-4c66-9d3e-7e796ecacb8a@group-306460423000-LeaderElection37] INFO  impl.RaftServerImpl (ServerState.java:setRaftConf(357)) - b166f5f1-a6ad-4c66-9d3e-7e796ecacb8a@group-306460423000: set configuration 0: [b166f5f1-a6ad-4c66-9d3e-7e796ecacb8a:192.168.34.35:39693], old=null at 0
2019-10-21 08:07:16,042 [b166f5f1-a6ad-4c66-9d3e-7e796ecacb8a@group-139D7988E68A-LeaderElection38] INFO  impl.LeaderElection (LeaderElection.java:logAndReturn(56)) - b166f5f1-a6ad-4c66-9d3e-7e796ecacb8a@group-139D7988E68A-LeaderElection38: Election REJECTED; received 2 response(s) [b166f5f1-a6ad-4c66-9d3e-7e796ecacb8a<-65d24b39-69ca-4c04-8db2-5f56e7503c5d#0:FAIL-t38, b166f5f1-a6ad-4c66-9d3e-7e796ecacb8a<-2f6ec408-7fd3-48a9-91b7-234721c6dbd9#0:FAIL-t38] and 0 exception(s); b166f5f1-a6ad-4c66-9d3e-7e796ecacb8a@group-139D7988E68A:t38, leader=null, voted=b166f5f1-a6ad-4c66-9d3e-7e796ecacb8a, raftlog=b166f5f1-a6ad-4c66-9d3e-7e796ecacb8a@group-139D7988E68A-SegmentedRaftLog:OPENED:c3,f4,i4, conf=0: [b166f5f1-a6ad-4c66-9d3e-7e796ecacb8a:192.168.34.35:39693, 65d24b39-69ca-4c04-8db2-5f56e7503c5d:192.168.34.35:45259, 2f6ec408-7fd3-48a9-91b7-234721c6dbd9:192.168.34.35:41673], old=null
2019-10-21 08:07:16,043 [b166f5f1-a6ad-4c66-9d3e-7e796ecacb8a@group-139D7988E68A-LeaderElection38] INFO  impl.RaftServerImpl (RaftServerImpl.java:setRole(184)) - b166f5f1-a6ad-4c66-9d3e-7e796ecacb8a@group-139D7988E68A: changes role from CANDIDATE to FOLLOWER at term 38 for DISCOVERED_A_NEW_TERM
2019-10-21 08:07:16,043 [b166f5f1-a6ad-4c66-9d3e-7e796ecacb8a@group-139D7988E68A-LeaderElection38] INFO  impl.RoleInfo (RoleInfo.java:shutdownLeaderElection(134)) - b166f5f1-a6ad-4c66-9d3e-7e796ecacb8a: shutdown LeaderElection
2019-10-21 08:07:16,043 [b166f5f1-a6ad-4c66-9d3e-7e796ecacb8a@group-139D7988E68A-LeaderElection38] INFO  impl.RoleInfo (RoleInfo.java:updateAndGet(143)) - b166f5f1-a6ad-4c66-9d3e-7e796ecacb8a: start FollowerState
2019-10-21 08:07:16,046 [pool-59-thread-1] INFO  impl.RaftServerImpl (RaftServerImpl.java:start(195)) - b166f5f1-a6ad-4c66-9d3e-7e796ecacb8a@group-777A8A106A63: start as a follower, conf=-1: [b166f5f1-a6ad-4c66-9d3e-7e796ecacb8a:192.168.34.35:39693, 65d24b39-69ca-4c04-8db2-5f56e7503c5d:192.168.34.35:45259, 2f6ec408-7fd3-48a9-91b7-234721c6dbd9:192.168.34.35:41673], old=null
2019-10-21 08:07:16,045 [pool-37-thread-1] INFO  impl.RaftServerImpl (RaftServerImpl.java:start(195)) - 65d24b39-69ca-4c04-8db2-5f56e7503c5d@group-777A8A106A63: start as a follower, conf=-1: [b166f5f1-a6ad-4c66-9d3e-7e796ecacb8a:192.168.34.35:39693, 65d24b39-69ca-4c04-8db2-5f56e7503c5d:192.168.34.35:45259, 2f6ec408-7fd3-48a9-91b7-234721c6dbd9:192.168.34.35:41673], old=null
2019-10-21 08:07:16,073 [pool-37-thread-1] INFO  impl.RaftServerImpl (RaftServerImpl.java:setRole(184)) - 65d24b39-69ca-4c04-8db2-5f56e7503c5d@group-777A8A106A63: changes role from      null to FOLLOWER at term 0 for startAsFollower
2019-10-21 08:07:16,073 [pool-37-thread-1] INFO  impl.RoleInfo (RoleInfo.java:updateAndGet(143)) - 65d24b39-69ca-4c04-8db2-5f56e7503c5d: start FollowerState
2019-10-21 08:07:16,073 [pool-59-thread-1] INFO  impl.RaftServerImpl (RaftServerImpl.java:setRole(184)) - b166f5f1-a6ad-4c66-9d3e-7e796ecacb8a@group-777A8A106A63: changes role from      null to FOLLOWER at term 0 for startAsFollower
2019-10-21 08:07:16,073 [EventQueue-PendingDeleteStatusForPendingDeleteHandler] INFO  block.SCMBlockDeletingService (SCMBlockDeletingService.java:handlePendingDeletes(115)) - Block deletion txnID mismatch in datanode b166f5f1-a6ad-4c66-9d3e-7e796ecacb8a for containerID 1. Datanode delete txnID: 0, SCM txnID: 1
2019-10-21 08:07:16,073 [pool-59-thread-1] INFO  impl.RoleInfo (RoleInfo.java:updateAndGet(143)) - b166f5f1-a6ad-4c66-9d3e-7e796ecacb8a: start FollowerState
2019-10-21 08:07:16,073 [pool-37-thread-1] INFO  util.JmxRegister (JmxRegister.java:tryRegister(44)) - Successfully registered JMX Bean with object name Ratis:service=RaftServer,group=group-777A8A106A63,id=65d24b39-69ca-4c04-8db2-5f56e7503c5d
2019-10-21 08:07:16,074 [pool-59-thread-1] INFO  util.JmxRegister (JmxRegister.java:tryRegister(44)) - Successfully registered JMX Bean with object name Ratis:service=RaftServer,group=group-777A8A106A63,id=b166f5f1-a6ad-4c66-9d3e-7e796ecacb8a
2019-10-21 08:07:16,081 [RatisPipelineUtilsThread] INFO  pipeline.PipelineStateManager (PipelineStateManager.java:addPipeline(56)) - Created pipeline Pipeline[ Id: f616a82f-5cd8-4fd7-905e-777a8a106a63, Nodes: 2f6ec408-7fd3-48a9-91b7-234721c6dbd9{ip: 192.168.34.35, host: pr-hdds-2334-ff2f7-1487717562, networkLocation: /default-rack, certSerialId: null}b166f5f1-a6ad-4c66-9d3e-7e796ecacb8a{ip: 192.168.34.35, host: pr-hdds-2334-ff2f7-1487717562, networkLocation: /default-rack, certSerialId: null}65d24b39-69ca-4c04-8db2-5f56e7503c5d{ip: 192.168.34.35, host: pr-hdds-2334-ff2f7-1487717562, networkLocation: /default-rack, certSerialId: null}, Type:RATIS, Factor:THREE, State:OPEN]
2019-10-21 08:07:16,096 [b166f5f1-a6ad-4c66-9d3e-7e796ecacb8a@group-306460423000-SegmentedRaftLogWorker] INFO  segmented.SegmentedRaftLogWorker (SegmentedRaftLogWorker.java:execute(576)) - b166f5f1-a6ad-4c66-9d3e-7e796ecacb8a@group-306460423000-SegmentedRaftLogWorker: created new log segment /workdir/hadoop-ozone/integration-test/target/test-dir/MiniOzoneClusterImpl-4ab24f66-bd6b-4106-b39e-8a9e797e32b6/datanode-2/data/ratis/76793558-d499-4a6f-b43f-306460423000/current/log_inprogress_0
2019-10-21 08:07:16,148 [Thread-807] INFO  impl.FollowerState (FollowerState.java:run(108)) - 2f6ec408-7fd3-48a9-91b7-234721c6dbd9@group-777A8A106A63-FollowerState: change to CANDIDATE, lastRpcTime:111ms, electionTimeout:111ms
2019-10-21 08:07:16,149 [Thread-807] INFO  impl.RoleInfo (RoleInfo.java:shutdownFollowerState(121)) - 2f6ec408-7fd3-48a9-91b7-234721c6dbd9: shutdown FollowerState
2019-10-21 08:07:16,149 [Thread-807] INFO  impl.RaftServerImpl (RaftServerImpl.java:setRole(184)) - 2f6ec408-7fd3-48a9-91b7-234721c6dbd9@group-777A8A106A63: changes role from  FOLLOWER to CANDIDATE at term 0 for changeToCandidate
2019-10-21 08:07:16,149 [Thread-807] INFO  impl.RoleInfo (RoleInfo.java:updateAndGet(143)) - 2f6ec408-7fd3-48a9-91b7-234721c6dbd9: start LeaderElection
2019-10-21 08:07:16,164 [2f6ec408-7fd3-48a9-91b7-234721c6dbd9@group-777A8A106A63-LeaderElection39] INFO  impl.LeaderElection (LeaderElection.java:askForVotes(178)) - 2f6ec408-7fd3-48a9-91b7-234721c6dbd9@group-777A8A106A63-LeaderElection39: begin an election at term 1 for -1: [b166f5f1-a6ad-4c66-9d3e-7e796ecacb8a:192.168.34.35:39693, 65d24b39-69ca-4c04-8db2-5f56e7503c5d:192.168.34.35:45259, 2f6ec408-7fd3-48a9-91b7-234721c6dbd9:192.168.34.35:41673], old=null
2019-10-21 08:07:16,167 [BlockDeletingService#2] WARN  background.BlockDeletingService (BlockDeletingService.java:isDeletionAllowed(187)) - Close Container log Index 6 is not replicated across allthe servers in the pipeline 43b28a2a-1a81-4de9-bdfa-139d7988e68a as the min replicated index is 4. Deletion is not allowed in this container yet.
2019-10-21 08:07:16,167 [BlockDeletingService#0] WARN  background.BlockDeletingService (BlockDeletingService.java:isDeletionAllowed(187)) - Close Container log Index 6 is not replicated across allthe servers in the pipeline 43b28a2a-1a81-4de9-bdfa-139d7988e68a as the min replicated index is 4. Deletion is not allowed in this container yet.
2019-10-21 08:07:16,170 [grpc-default-executor-1] INFO  impl.RaftServerImpl (RaftServerImpl.java:setRole(184)) - 65d24b39-69ca-4c04-8db2-5f56e7503c5d@group-777A8A106A63: changes role from  FOLLOWER to FOLLOWER at term 1 for recognizeCandidate:2f6ec408-7fd3-48a9-91b7-234721c6dbd9
2019-10-21 08:07:16,170 [grpc-default-executor-1] INFO  impl.RoleInfo (RoleInfo.java:shutdownFollowerState(121)) - 65d24b39-69ca-4c04-8db2-5f56e7503c5d: shutdown FollowerState
2019-10-21 08:07:16,170 [Thread-812] INFO  impl.FollowerState (FollowerState.java:run(117)) - 65d24b39-69ca-4c04-8db2-5f56e7503c5d@group-777A8A106A63-FollowerState was interrupted: java.lang.InterruptedException: sleep interrupted
2019-10-21 08:07:16,170 [grpc-default-executor-1] INFO  impl.RoleInfo (RoleInfo.java:updateAndGet(143)) - 65d24b39-69ca-4c04-8db2-5f56e7503c5d: start FollowerState
2019-10-21 08:07:16,172 [grpc-default-executor-0] INFO  impl.RaftServerImpl (RaftServerImpl.java:setRole(184)) - b166f5f1-a6ad-4c66-9d3e-7e796ecacb8a@group-777A8A106A63: changes role from  FOLLOWER to FOLLOWER at term 1 for recognizeCandidate:2f6ec408-7fd3-48a9-91b7-234721c6dbd9
2019-10-21 08:07:16,172 [grpc-default-executor-0] INFO  impl.RoleInfo (RoleInfo.java:shutdownFollowerState(121)) - b166f5f1-a6ad-4c66-9d3e-7e796ecacb8a: shutdown FollowerState
2019-10-21 08:07:16,173 [grpc-default-executor-0] INFO  impl.RoleInfo (RoleInfo.java:updateAndGet(143)) - b166f5f1-a6ad-4c66-9d3e-7e796ecacb8a: start FollowerState
2019-10-21 08:07:16,173 [Thread-813] INFO  impl.FollowerState (FollowerState.java:run(117)) - b166f5f1-a6ad-4c66-9d3e-7e796ecacb8a@group-777A8A106A63-FollowerState was interrupted: java.lang.InterruptedException: sleep interrupted
2019-10-21 08:07:16,185 [Thread-824] INFO  client.GrpcClientProtocolService (GrpcClientProtocolService.java:lambda$processClientRequest$0(278)) - Failed RaftClientRequest:client-771575C6CFE7->65d24b39-69ca-4c04-8db2-5f56e7503c5d@group-139D7988E68A, cid=10, seq=0, Watch-ALL_COMMITTED(6), Message:<EMPTY>, reply=RaftClientReply:client-771575C6CFE7->65d24b39-69ca-4c04-8db2-5f56e7503c5d@group-139D7988E68A, cid=10, FAILED org.apache.ratis.protocol.NotLeaderException: Server 65d24b39-69ca-4c04-8db2-5f56e7503c5d@group-139D7988E68A is not the leader, logIndex=0, commits[65d24b39-69ca-4c04-8db2-5f56e7503c5d:c10, b166f5f1-a6ad-4c66-9d3e-7e796ecacb8a:c4, 2f6ec408-7fd3-48a9-91b7-234721c6dbd9:c10]
2019-10-21 08:07:16,187 [2f6ec408-7fd3-48a9-91b7-234721c6dbd9@group-777A8A106A63-LeaderElection39] INFO  impl.LeaderElection (LeaderElection.java:logAndReturn(56)) - 2f6ec408-7fd3-48a9-91b7-234721c6dbd9@group-777A8A106A63-LeaderElection39: Election TIMEOUT; received 0 response(s) [] and 0 exception(s); 2f6ec408-7fd3-48a9-91b7-234721c6dbd9@group-777A8A106A63:t1, leader=null, voted=2f6ec408-7fd3-48a9-91b7-234721c6dbd9, raftlog=2f6ec408-7fd3-48a9-91b7-234721c6dbd9@group-777A8A106A63-SegmentedRaftLog:OPENED:c-1,f-1,i0, conf=-1: [b166f5f1-a6ad-4c66-9d3e-7e796ecacb8a:192.168.34.35:39693, 65d24b39-69ca-4c04-8db2-5f56e7503c5d:192.168.34.35:45259, 2f6ec408-7fd3-48a9-91b7-234721c6dbd9:192.168.34.35:41673], old=null
2019-10-21 08:07:16,209 [2f6ec408-7fd3-48a9-91b7-234721c6dbd9@group-777A8A106A63-LeaderElection39] INFO  impl.LeaderElection (LeaderElection.java:askForVotes(178)) - 2f6ec408-7fd3-48a9-91b7-234721c6dbd9@group-777A8A106A63-LeaderElection39: begin an election at term 2 for -1: [b166f5f1-a6ad-4c66-9d3e-7e796ecacb8a:192.168.34.35:39693, 65d24b39-69ca-4c04-8db2-5f56e7503c5d:192.168.34.35:45259, 2f6ec408-7fd3-48a9-91b7-234721c6dbd9:192.168.34.35:41673], old=null
2019-10-21 08:07:16,214 [grpc-default-executor-0] INFO  impl.RaftServerImpl (RaftServerImpl.java:setRole(184)) - 65d24b39-69ca-4c04-8db2-5f56e7503c5d@group-777A8A106A63: changes role from  FOLLOWER to FOLLOWER at term 2 for recognizeCandidate:2f6ec408-7fd3-48a9-91b7-234721c6dbd9
2019-10-21 08:07:16,214 [grpc-default-executor-1] INFO  impl.RaftServerImpl (RaftServerImpl.java:setRole(184)) - b166f5f1-a6ad-4c66-9d3e-7e796ecacb8a@group-777A8A106A63: changes role from  FOLLOWER to FOLLOWER at term 2 for recognizeCandidate:2f6ec408-7fd3-48a9-91b7-234721c6dbd9
2019-10-21 08:07:16,214 [grpc-default-executor-0] INFO  impl.RoleInfo (RoleInfo.java:shutdownFollowerState(121)) - 65d24b39-69ca-4c04-8db2-5f56e7503c5d: shutdown FollowerState
2019-10-21 08:07:16,214 [grpc-default-executor-1] INFO  impl.RoleInfo (RoleInfo.java:shutdownFollowerState(121)) - b166f5f1-a6ad-4c66-9d3e-7e796ecacb8a: shutdown FollowerState
2019-10-21 08:07:16,214 [Thread-821] INFO  impl.FollowerState (FollowerState.java:run(117)) - 65d24b39-69ca-4c04-8db2-5f56e7503c5d@group-777A8A106A63-FollowerState was interrupted: java.lang.InterruptedException: sleep interrupted
2019-10-21 08:07:16,214 [grpc-default-executor-0] INFO  impl.RoleInfo (RoleInfo.java:updateAndGet(143)) - 65d24b39-69ca-4c04-8db2-5f56e7503c5d: start FollowerState
2019-10-21 08:07:16,214 [Thread-822] INFO  impl.FollowerState (FollowerState.java:run(117)) - b166f5f1-a6ad-4c66-9d3e-7e796ecacb8a@group-777A8A106A63-FollowerState was interrupted: java.lang.InterruptedException: sleep interrupted
2019-10-21 08:07:16,214 [grpc-default-executor-1] INFO  impl.RoleInfo (RoleInfo.java:updateAndGet(143)) - b166f5f1-a6ad-4c66-9d3e-7e796ecacb8a: start FollowerState
2019-10-21 08:07:16,229 [2f6ec408-7fd3-48a9-91b7-234721c6dbd9@group-777A8A106A63-LeaderElection39] INFO  impl.LeaderElection (LeaderElection.java:logAndReturn(56)) - 2f6ec408-7fd3-48a9-91b7-234721c6dbd9@group-777A8A106A63-LeaderElection39: Election PASSED; received 1 response(s) [2f6ec408-7fd3-48a9-91b7-234721c6dbd9<-65d24b39-69ca-4c04-8db2-5f56e7503c5d#0:OK-t2] and 0 exception(s); 2f6ec408-7fd3-48a9-91b7-234721c6dbd9@group-777A8A106A63:t2, leader=null, voted=2f6ec408-7fd3-48a9-91b7-234721c6dbd9, raftlog=2f6ec408-7fd3-48a9-91b7-234721c6dbd9@group-777A8A106A63-SegmentedRaftLog:OPENED:c-1,f-1,i0, conf=-1: [b166f5f1-a6ad-4c66-9d3e-7e796ecacb8a:192.168.34.35:39693, 65d24b39-69ca-4c04-8db2-5f56e7503c5d:192.168.34.35:45259, 2f6ec408-7fd3-48a9-91b7-234721c6dbd9:192.168.34.35:41673], old=null
2019-10-21 08:07:16,229 [2f6ec408-7fd3-48a9-91b7-234721c6dbd9@group-777A8A106A63-LeaderElection39] INFO  impl.RoleInfo (RoleInfo.java:shutdownLeaderElection(134)) - 2f6ec408-7fd3-48a9-91b7-234721c6dbd9: shutdown LeaderElection
2019-10-21 08:07:16,229 [2f6ec408-7fd3-48a9-91b7-234721c6dbd9@group-777A8A106A63-LeaderElection39] INFO  impl.RaftServerImpl (RaftServerImpl.java:setRole(184)) - 2f6ec408-7fd3-48a9-91b7-234721c6dbd9@group-777A8A106A63: changes role from CANDIDATE to LEADER at term 2 for changeToLeader
2019-10-21 08:07:16,230 [2f6ec408-7fd3-48a9-91b7-234721c6dbd9@group-777A8A106A63-LeaderElection39] INFO  impl.RaftServerImpl (ServerState.java:setLeader(256)) - 2f6ec408-7fd3-48a9-91b7-234721c6dbd9@group-777A8A106A63: change Leader from null to 2f6ec408-7fd3-48a9-91b7-234721c6dbd9 at term 2 for becomeLeader, leader elected after 205ms
2019-10-21 08:07:16,230 [Thread-811] INFO  impl.FollowerState (FollowerState.java:run(108)) - b166f5f1-a6ad-4c66-9d3e-7e796ecacb8a@group-139D7988E68A-FollowerState: change to CANDIDATE, lastRpcTime:186ms, electionTimeout:157ms
2019-10-21 08:07:16,230 [2f6ec408-7fd3-48a9-91b7-234721c6dbd9@group-777A8A106A63-LeaderElection39] INFO  server.RaftServerConfigKeys (ConfUtils.java:logGet(43)) - raft.server.staging.catchup.gap = 1000 (default)
2019-10-21 08:07:16,230 [Thread-811] INFO  impl.RoleInfo (RoleInfo.java:shutdownFollowerState(121)) - b166f5f1-a6ad-4c66-9d3e-7e796ecacb8a: shutdown FollowerState
2019-10-21 08:07:16,230 [2f6ec408-7fd3-48a9-91b7-234721c6dbd9@group-777A8A106A63-LeaderElection39] INFO  server.RaftServerConfigKeys (ConfUtils.java:logGet(43)) - raft.server.rpc.sleep.time = 25ms (default)
2019-10-21 08:07:16,230 [Thread-811] INFO  impl.RaftServerImpl (RaftServerImpl.java:setRole(184)) - b166f5f1-a6ad-4c66-9d3e-7e796ecacb8a@group-139D7988E68A: changes role from  FOLLOWER to CANDIDATE at term 38 for changeToCandidate
2019-10-21 08:07:16,230 [2f6ec408-7fd3-48a9-91b7-234721c6dbd9@group-777A8A106A63-LeaderElection39] INFO  server.RaftServerConfigKeys (ConfUtils.java:logGet(43)) - raft.server.write.element-limit = 4096 (default)
2019-10-21 08:07:16,230 [Thread-811] INFO  impl.RoleInfo (RoleInfo.java:updateAndGet(143)) - b166f5f1-a6ad-4c66-9d3e-7e796ecacb8a: start LeaderElection
2019-10-21 08:07:16,230 [2f6ec408-7fd3-48a9-91b7-234721c6dbd9@group-777A8A106A63-LeaderElection39] INFO  server.RaftServerConfigKeys (ConfUtils.java:logGet(43)) - raft.server.watch.timeout = 10s (default)
2019-10-21 08:07:16,230 [2f6ec408-7fd3-48a9-91b7-234721c6dbd9@group-777A8A106A63-LeaderElection39] INFO  server.RaftServerConfigKeys (ConfUtils.java:logGet(43)) - raft.server.watch.timeout.denomination = 1s (default)
2019-10-21 08:07:16,230 [2f6ec408-7fd3-48a9-91b7-234721c6dbd9@group-777A8A106A63-LeaderElection39] INFO  server.RaftServerConfigKeys (ConfUtils.java:logGet(43)) - raft.server.watch.element-limit = 65536 (default)
2019-10-21 08:07:16,233 [2f6ec408-7fd3-48a9-91b7-234721c6dbd9@group-777A8A106A63-LeaderElection39] INFO  server.RaftServerConfigKeys (ConfUtils.java:logGet(43)) - raft.server.log.appender.snapshot.chunk.size.max = 16MB (=16777216) (default)
2019-10-21 08:07:16,233 [2f6ec408-7fd3-48a9-91b7-234721c6dbd9@group-777A8A106A63-LeaderElection39] INFO  server.RaftServerConfigKeys (ConfUtils.java:logGet(43)) - raft.server.log.appender.buffer.byte-limit = 33554432 (custom)
2019-10-21 08:07:16,233 [2f6ec408-7fd3-48a9-91b7-234721c6dbd9@group-777A8A106A63-LeaderElection39] INFO  server.RaftServerConfigKeys (ConfUtils.java:logGet(43)) - raft.server.log.appender.buffer.element-limit = 1 (custom)
2019-10-21 08:07:16,233 [2f6ec408-7fd3-48a9-91b7-234721c6dbd9@group-777A8A106A63-LeaderElection39] INFO  grpc.GrpcConfigKeys$Server (ConfUtils.java:logGet(43)) - raft.grpc.server.leader.outstanding.appends.max = 128 (default)
2019-10-21 08:07:16,233 [2f6ec408-7fd3-48a9-91b7-234721c6dbd9@group-777A8A106A63-LeaderElection39] INFO  server.RaftServerConfigKeys (ConfUtils.java:logGet(43)) - raft.server.rpc.request.timeout = 3000ms (default)
2019-10-21 08:07:16,233 [2f6ec408-7fd3-48a9-91b7-234721c6dbd9@group-777A8A106A63-LeaderElection39] INFO  server.RaftServerConfigKeys (ConfUtils.java:logGet(43)) - raft.server.log.appender.install.snapshot.enabled = false (custom)
2019-10-21 08:07:16,235 [2f6ec408-7fd3-48a9-91b7-234721c6dbd9@group-777A8A106A63-LeaderElection39] INFO  server.RaftServerConfigKeys (ConfUtils.java:logGet(43)) - raft.server.log.appender.snapshot.chunk.size.max = 16MB (=16777216) (default)
2019-10-21 08:07:16,235 [2f6ec408-7fd3-48a9-91b7-234721c6dbd9@group-777A8A106A63-LeaderElection39] INFO  server.RaftServerConfigKeys (ConfUtils.java:logGet(43)) - raft.server.log.appender.buffer.byte-limit = 33554432 (custom)
2019-10-21 08:07:16,235 [2f6ec408-7fd3-48a9-91b7-234721c6dbd9@group-777A8A106A63-LeaderElection39] INFO  server.RaftServerConfigKeys (ConfUtils.java:logGet(43)) - raft.server.log.appender.buffer.element-limit = 1 (custom)
2019-10-21 08:07:16,236 [2f6ec408-7fd3-48a9-91b7-234721c6dbd9@group-777A8A106A63-LeaderElection39] INFO  grpc.GrpcConfigKeys$Server (ConfUtils.java:logGet(43)) - raft.grpc.server.leader.outstanding.appends.max = 128 (default)
2019-10-21 08:07:16,236 [2f6ec408-7fd3-48a9-91b7-234721c6dbd9@group-777A8A106A63-LeaderElection39] INFO  server.RaftServerConfigKeys (ConfUtils.java:logGet(43)) - raft.server.rpc.request.timeout = 3000ms (default)
2019-10-21 08:07:16,236 [2f6ec408-7fd3-48a9-91b7-234721c6dbd9@group-777A8A106A63-LeaderElection39] INFO  server.RaftServerConfigKeys (ConfUtils.java:logGet(43)) - raft.server.log.appender.install.snapshot.enabled = false (custom)
2019-10-21 08:07:16,238 [2f6ec408-7fd3-48a9-91b7-234721c6dbd9@group-777A8A106A63-LeaderElection39] INFO  impl.RoleInfo (RoleInfo.java:updateAndGet(143)) - 2f6ec408-7fd3-48a9-91b7-234721c6dbd9: start LeaderState
2019-10-21 08:07:16,238 [2f6ec408-7fd3-48a9-91b7-234721c6dbd9@group-777A8A106A63-LeaderElection39] INFO  segmented.SegmentedRaftLogWorker (SegmentedRaftLogWorker.java:startLogSegment(385)) - 2f6ec408-7fd3-48a9-91b7-234721c6dbd9@group-777A8A106A63-SegmentedRaftLogWorker: Starting segment from index:0
2019-10-21 08:07:16,239 [2f6ec408-7fd3-48a9-91b7-234721c6dbd9@group-777A8A106A63-LeaderElection39] INFO  impl.RaftServerImpl (ServerState.java:setRaftConf(357)) - 2f6ec408-7fd3-48a9-91b7-234721c6dbd9@group-777A8A106A63: set configuration 0: [b166f5f1-a6ad-4c66-9d3e-7e796ecacb8a:192.168.34.35:39693, 65d24b39-69ca-4c04-8db2-5f56e7503c5d:192.168.34.35:45259, 2f6ec408-7fd3-48a9-91b7-234721c6dbd9:192.168.34.35:41673], old=null at 0
2019-10-21 08:07:16,241 [grpc-default-executor-0] INFO  impl.RaftServerImpl (ServerState.java:setLeader(256)) - b166f5f1-a6ad-4c66-9d3e-7e796ecacb8a@group-777A8A106A63: change Leader from null to 2f6ec408-7fd3-48a9-91b7-234721c6dbd9 at term 2 for appendEntries, leader elected after 215ms
2019-10-21 08:07:16,241 [grpc-default-executor-1] INFO  impl.RaftServerImpl (ServerState.java:setLeader(256)) - 65d24b39-69ca-4c04-8db2-5f56e7503c5d@group-777A8A106A63: change Leader from null to 2f6ec408-7fd3-48a9-91b7-234721c6dbd9 at term 2 for appendEntries, leader elected after 216ms
2019-10-21 08:07:16,245 [b166f5f1-a6ad-4c66-9d3e-7e796ecacb8a@group-139D7988E68A-LeaderElection40] INFO  impl.LeaderElection (LeaderElection.java:askForVotes(178)) - b166f5f1-a6ad-4c66-9d3e-7e796ecacb8a@group-139D7988E68A-LeaderElection40: begin an election at term 39 for 0: [b166f5f1-a6ad-4c66-9d3e-7e796ecacb8a:192.168.34.35:39693, 65d24b39-69ca-4c04-8db2-5f56e7503c5d:192.168.34.35:45259, 2f6ec408-7fd3-48a9-91b7-234721c6dbd9:192.168.34.35:41673], old=null
2019-10-21 08:07:16,246 [grpc-default-executor-1] INFO  impl.RaftServerImpl (ServerState.java:setRaftConf(357)) - 65d24b39-69ca-4c04-8db2-5f56e7503c5d@group-777A8A106A63: set configuration 0: [b166f5f1-a6ad-4c66-9d3e-7e796ecacb8a:192.168.34.35:39693, 65d24b39-69ca-4c04-8db2-5f56e7503c5d:192.168.34.35:45259, 2f6ec408-7fd3-48a9-91b7-234721c6dbd9:192.168.34.35:41673], old=null at 0
2019-10-21 08:07:16,246 [grpc-default-executor-0] INFO  impl.RaftServerImpl (ServerState.java:setRaftConf(357)) - b166f5f1-a6ad-4c66-9d3e-7e796ecacb8a@group-777A8A106A63: set configuration 0: [b166f5f1-a6ad-4c66-9d3e-7e796ecacb8a:192.168.34.35:39693, 65d24b39-69ca-4c04-8db2-5f56e7503c5d:192.168.34.35:45259, 2f6ec408-7fd3-48a9-91b7-234721c6dbd9:192.168.34.35:41673], old=null at 0
2019-10-21 08:07:16,247 [grpc-default-executor-1] INFO  segmented.SegmentedRaftLogWorker (SegmentedRaftLogWorker.java:startLogSegment(385)) - 65d24b39-69ca-4c04-8db2-5f56e7503c5d@group-777A8A106A63-SegmentedRaftLogWorker: Starting segment from index:0
2019-10-21 08:07:16,247 [grpc-default-executor-0] INFO  segmented.SegmentedRaftLogWorker (SegmentedRaftLogWorker.java:startLogSegment(385)) - b166f5f1-a6ad-4c66-9d3e-7e796ecacb8a@group-777A8A106A63-SegmentedRaftLogWorker: Starting segment from index:0
2019-10-21 08:07:16,247 [grpc-default-executor-3] INFO  impl.RaftServerImpl (RaftServerImpl.java:setRole(184)) - 65d24b39-69ca-4c04-8db2-5f56e7503c5d@group-139D7988E68A: changes role from  FOLLOWER to FOLLOWER at term 39 for recognizeCandidate:b166f5f1-a6ad-4c66-9d3e-7e796ecacb8a
2019-10-21 08:07:16,247 [grpc-default-executor-1] INFO  impl.RaftServerImpl (RaftServerImpl.java:setRole(184)) - 2f6ec408-7fd3-48a9-91b7-234721c6dbd9@group-139D7988E68A: changes role from  FOLLOWER to FOLLOWER at term 39 for recognizeCandidate:b166f5f1-a6ad-4c66-9d3e-7e796ecacb8a
2019-10-21 08:07:16,248 [grpc-default-executor-3] INFO  impl.RoleInfo (RoleInfo.java:shutdownFollowerState(121)) - 65d24b39-69ca-4c04-8db2-5f56e7503c5d: shutdown FollowerState
2019-10-21 08:07:16,248 [grpc-default-executor-1] INFO  impl.RoleInfo (RoleInfo.java:shutdownFollowerState(121)) - 2f6ec408-7fd3-48a9-91b7-234721c6dbd9: shutdown FollowerState
2019-10-21 08:07:16,248 [grpc-default-executor-3] INFO  impl.RoleInfo (RoleInfo.java:updateAndGet(143)) - 65d24b39-69ca-4c04-8db2-5f56e7503c5d: start FollowerState
2019-10-21 08:07:16,248 [Thread-803] INFO  impl.FollowerState (FollowerState.java:run(117)) - 65d24b39-69ca-4c04-8db2-5f56e7503c5d@group-139D7988E68A-FollowerState was interrupted: java.lang.InterruptedException: sleep interrupted
2019-10-21 08:07:16,248 [Thread-804] INFO  impl.FollowerState (FollowerState.java:run(117)) - 2f6ec408-7fd3-48a9-91b7-234721c6dbd9@group-139D7988E68A-FollowerState was interrupted: java.lang.InterruptedException: sleep interrupted
2019-10-21 08:07:16,248 [grpc-default-executor-1] INFO  impl.RoleInfo (RoleInfo.java:updateAndGet(143)) - 2f6ec408-7fd3-48a9-91b7-234721c6dbd9: start FollowerState
2019-10-21 08:07:16,254 [b166f5f1-a6ad-4c66-9d3e-7e796ecacb8a@group-139D7988E68A-LeaderElection40] INFO  impl.LeaderElection (LeaderElection.java:logAndReturn(56)) - b166f5f1-a6ad-4c66-9d3e-7e796ecacb8a@group-139D7988E68A-LeaderElection40: Election TIMEOUT; received 0 response(s) [] and 0 exception(s); b166f5f1-a6ad-4c66-9d3e-7e796ecacb8a@group-139D7988E68A:t39, leader=null, voted=b166f5f1-a6ad-4c66-9d3e-7e796ecacb8a, raftlog=b166f5f1-a6ad-4c66-9d3e-7e796ecacb8a@group-139D7988E68A-SegmentedRaftLog:OPENED:c3,f4,i4, conf=0: [b166f5f1-a6ad-4c66-9d3e-7e796ecacb8a:192.168.34.35:39693, 65d24b39-69ca-4c04-8db2-5f56e7503c5d:192.168.34.35:45259, 2f6ec408-7fd3-48a9-91b7-234721c6dbd9:192.168.34.35:41673], old=null
2019-10-21 08:07:16,273 [EventQueue-PendingDeleteStatusForPendingDeleteHandler] INFO  block.SCMBlockDeletingService (SCMBlockDeletingService.java:handlePendingDeletes(115)) - Block deletion txnID mismatch in datanode b166f5f1-a6ad-4c66-9d3e-7e796ecacb8a for containerID 1. Datanode delete txnID: 0, SCM txnID: 1
2019-10-21 08:07:16,289 [b166f5f1-a6ad-4c66-9d3e-7e796ecacb8a@group-777A8A106A63-SegmentedRaftLogWorker] INFO  segmented.SegmentedRaftLogWorker (SegmentedRaftLogWorker.java:execute(576)) - b166f5f1-a6ad-4c66-9d3e-7e796ecacb8a@group-777A8A106A63-SegmentedRaftLogWorker: created new log segment /workdir/hadoop-ozone/integration-test/target/test-dir/MiniOzoneClusterImpl-4ab24f66-bd6b-4106-b39e-8a9e797e32b6/datanode-2/data/ratis/f616a82f-5cd8-4fd7-905e-777a8a106a63/current/log_inprogress_0
2019-10-21 08:07:16,289 [65d24b39-69ca-4c04-8db2-5f56e7503c5d@group-777A8A106A63-SegmentedRaftLogWorker] INFO  segmented.SegmentedRaftLogWorker (SegmentedRaftLogWorker.java:execute(576)) - 65d24b39-69ca-4c04-8db2-5f56e7503c5d@group-777A8A106A63-SegmentedRaftLogWorker: created new log segment /workdir/hadoop-ozone/integration-test/target/test-dir/MiniOzoneClusterImpl-4ab24f66-bd6b-4106-b39e-8a9e797e32b6/datanode-1/data/ratis/f616a82f-5cd8-4fd7-905e-777a8a106a63/current/log_inprogress_0
2019-10-21 08:07:16,289 [2f6ec408-7fd3-48a9-91b7-234721c6dbd9@group-777A8A106A63-SegmentedRaftLogWorker] INFO  segmented.SegmentedRaftLogWorker (SegmentedRaftLogWorker.java:execute(576)) - 2f6ec408-7fd3-48a9-91b7-234721c6dbd9@group-777A8A106A63-SegmentedRaftLogWorker: created new log segment /workdir/hadoop-ozone/integration-test/target/test-dir/MiniOzoneClusterImpl-4ab24f66-bd6b-4106-b39e-8a9e797e32b6/datanode-0/data/ratis/f616a82f-5cd8-4fd7-905e-777a8a106a63/current/log_inprogress_0
2019-10-21 08:07:16,299 [b166f5f1-a6ad-4c66-9d3e-7e796ecacb8a@group-139D7988E68A-LeaderElection40] INFO  impl.LeaderElection (LeaderElection.java:askForVotes(178)) - b166f5f1-a6ad-4c66-9d3e-7e796ecacb8a@group-139D7988E68A-LeaderElection40: begin an election at term 40 for 0: [b166f5f1-a6ad-4c66-9d3e-7e796ecacb8a:192.168.34.35:39693, 65d24b39-69ca-4c04-8db2-5f56e7503c5d:192.168.34.35:45259, 2f6ec408-7fd3-48a9-91b7-234721c6dbd9:192.168.34.35:41673], old=null
2019-10-21 08:07:16,412 [grpc-default-executor-3] INFO  impl.RaftServerImpl (RaftServerImpl.java:setRole(184)) - 2f6ec408-7fd3-48a9-91b7-234721c6dbd9@group-139D7988E68A: changes role from  FOLLOWER to FOLLOWER at term 40 for recognizeCandidate:b166f5f1-a6ad-4c66-9d3e-7e796ecacb8a
2019-10-21 08:07:16,412 [grpc-default-executor-1] INFO  impl.RaftServerImpl (RaftServerImpl.java:setRole(184)) - 65d24b39-69ca-4c04-8db2-5f56e7503c5d@group-139D7988E68A: changes role from  FOLLOWER to FOLLOWER at term 40 for recognizeCandidate:b166f5f1-a6ad-4c66-9d3e-7e796ecacb8a
2019-10-21 08:07:16,412 [grpc-default-executor-3] INFO  impl.RoleInfo (RoleInfo.java:shutdownFollowerState(121)) - 2f6ec408-7fd3-48a9-91b7-234721c6dbd9: shutdown FollowerState
2019-10-21 08:07:16,412 [grpc-default-executor-1] INFO  impl.RoleInfo (RoleInfo.java:shutdownFollowerState(121)) - 65d24b39-69ca-4c04-8db2-5f56e7503c5d: shutdown FollowerState
2019-10-21 08:07:16,413 [Thread-841] INFO  impl.FollowerState (FollowerState.java:run(117)) - 2f6ec408-7fd3-48a9-91b7-234721c6dbd9@group-139D7988E68A-FollowerState was interrupted: java.lang.InterruptedException: sleep interrupted
2019-10-21 08:07:16,413 [Thread-840] INFO  impl.FollowerState (FollowerState.java:run(117)) - 65d24b39-69ca-4c04-8db2-5f56e7503c5d@group-139D7988E68A-FollowerState was interrupted: java.lang.InterruptedException: sleep interrupted
2019-10-21 08:07:16,413 [grpc-default-executor-1] INFO  impl.RoleInfo (RoleInfo.java:updateAndGet(143)) - 65d24b39-69ca-4c04-8db2-5f56e7503c5d: start FollowerState
2019-10-21 08:07:16,413 [grpc-default-executor-3] INFO  impl.RoleInfo (RoleInfo.java:updateAndGet(143)) - 2f6ec408-7fd3-48a9-91b7-234721c6dbd9: start FollowerState
2019-10-21 08:07:16,428 [b166f5f1-a6ad-4c66-9d3e-7e796ecacb8a@group-139D7988E68A-LeaderElection40] INFO  impl.LeaderElection (LeaderElection.java:logAndReturn(56)) - b166f5f1-a6ad-4c66-9d3e-7e796ecacb8a@group-139D7988E68A-LeaderElection40: Election REJECTED; received 2 response(s) [b166f5f1-a6ad-4c66-9d3e-7e796ecacb8a<-65d24b39-69ca-4c04-8db2-5f56e7503c5d#0:FAIL-t40, b166f5f1-a6ad-4c66-9d3e-7e796ecacb8a<-2f6ec408-7fd3-48a9-91b7-234721c6dbd9#0:FAIL-t40] and 0 exception(s); b166f5f1-a6ad-4c66-9d3e-7e796ecacb8a@group-139D7988E68A:t40, leader=null, voted=b166f5f1-a6ad-4c66-9d3e-7e796ecacb8a, raftlog=b166f5f1-a6ad-4c66-9d3e-7e796ecacb8a@group-139D7988E68A-SegmentedRaftLog:OPENED:c3,f4,i4, conf=0: [b166f5f1-a6ad-4c66-9d3e-7e796ecacb8a:192.168.34.35:39693, 65d24b39-69ca-4c04-8db2-5f56e7503c5d:192.168.34.35:45259, 2f6ec408-7fd3-48a9-91b7-234721c6dbd9:192.168.34.35:41673], old=null
2019-10-21 08:07:16,428 [b166f5f1-a6ad-4c66-9d3e-7e796ecacb8a@group-139D7988E68A-LeaderElection40] INFO  impl.RaftServerImpl (RaftServerImpl.java:setRole(184)) - b166f5f1-a6ad-4c66-9d3e-7e796ecacb8a@group-139D7988E68A: changes role from CANDIDATE to FOLLOWER at term 40 for DISCOVERED_A_NEW_TERM
2019-10-21 08:07:16,428 [b166f5f1-a6ad-4c66-9d3e-7e796ecacb8a@group-139D7988E68A-LeaderElection40] INFO  impl.RoleInfo (RoleInfo.java:shutdownLeaderElection(134)) - b166f5f1-a6ad-4c66-9d3e-7e796ecacb8a: shutdown LeaderElection
2019-10-21 08:07:16,429 [b166f5f1-a6ad-4c66-9d3e-7e796ecacb8a@group-139D7988E68A-LeaderElection40] INFO  impl.RoleInfo (RoleInfo.java:updateAndGet(143)) - b166f5f1-a6ad-4c66-9d3e-7e796ecacb8a: start FollowerState
2019-10-21 08:07:16,473 [EventQueue-PendingDeleteStatusForPendingDeleteHandler] INFO  block.SCMBlockDeletingService (SCMBlockDeletingService.java:handlePendingDeletes(115)) - Block deletion txnID mismatch in datanode b166f5f1-a6ad-4c66-9d3e-7e796ecacb8a for containerID 1. Datanode delete txnID: 0, SCM txnID: 1
2019-10-21 08:07:16,514 [Thread-848] INFO  impl.FollowerState (FollowerState.java:run(108)) - b166f5f1-a6ad-4c66-9d3e-7e796ecacb8a@group-139D7988E68A-FollowerState: change to CANDIDATE, lastRpcTime:85ms, electionTimeout:85ms
2019-10-21 08:07:16,514 [Thread-848] INFO  impl.RoleInfo (RoleInfo.java:shutdownFollowerState(121)) - b166f5f1-a6ad-4c66-9d3e-7e796ecacb8a: shutdown FollowerState
2019-10-21 08:07:16,515 [Thread-848] INFO  impl.RaftServerImpl (RaftServerImpl.java:setRole(184)) - b166f5f1-a6ad-4c66-9d3e-7e796ecacb8a@group-139D7988E68A: changes role from  FOLLOWER to CANDIDATE at term 40 for changeToCandidate
2019-10-21 08:07:16,515 [Thread-848] INFO  impl.RoleInfo (RoleInfo.java:updateAndGet(143)) - b166f5f1-a6ad-4c66-9d3e-7e796ecacb8a: start LeaderElection
2019-10-21 08:07:16,541 [b166f5f1-a6ad-4c66-9d3e-7e796ecacb8a@group-139D7988E68A-LeaderElection41] INFO  impl.LeaderElection (LeaderElection.java:askForVotes(178)) - b166f5f1-a6ad-4c66-9d3e-7e796ecacb8a@group-139D7988E68A-LeaderElection41: begin an election at term 41 for 0: [b166f5f1-a6ad-4c66-9d3e-7e796ecacb8a:192.168.34.35:39693, 65d24b39-69ca-4c04-8db2-5f56e7503c5d:192.168.34.35:45259, 2f6ec408-7fd3-48a9-91b7-234721c6dbd9:192.168.34.35:41673], old=null
2019-10-21 08:07:16,546 [grpc-default-executor-3] INFO  impl.RaftServerImpl (RaftServerImpl.java:setRole(184)) - 2f6ec408-7fd3-48a9-91b7-234721c6dbd9@group-139D7988E68A: changes role from  FOLLOWER to FOLLOWER at term 41 for recognizeCandidate:b166f5f1-a6ad-4c66-9d3e-7e796ecacb8a
2019-10-21 08:07:16,546 [grpc-default-executor-1] INFO  impl.RaftServerImpl (RaftServerImpl.java:setRole(184)) - 65d24b39-69ca-4c04-8db2-5f56e7503c5d@group-139D7988E68A: changes role from  FOLLOWER to FOLLOWER at term 41 for recognizeCandidate:b166f5f1-a6ad-4c66-9d3e-7e796ecacb8a
2019-10-21 08:07:16,547 [grpc-default-executor-3] INFO  impl.RoleInfo (RoleInfo.java:shutdownFollowerState(121)) - 2f6ec408-7fd3-48a9-91b7-234721c6dbd9: shutdown FollowerState
2019-10-21 08:07:16,547 [grpc-default-executor-1] INFO  impl.RoleInfo (RoleInfo.java:shutdownFollowerState(121)) - 65d24b39-69ca-4c04-8db2-5f56e7503c5d: shutdown FollowerState
2019-10-21 08:07:16,547 [Thread-846] INFO  impl.FollowerState (FollowerState.java:run(117)) - 2f6ec408-7fd3-48a9-91b7-234721c6dbd9@group-139D7988E68A-FollowerState was interrupted: java.lang.InterruptedException: sleep interrupted
2019-10-21 08:07:16,547 [grpc-default-executor-3] INFO  impl.RoleInfo (RoleInfo.java:updateAndGet(143)) - 2f6ec408-7fd3-48a9-91b7-234721c6dbd9: start FollowerState
2019-10-21 08:07:16,547 [grpc-default-executor-1] INFO  impl.RoleInfo (RoleInfo.java:updateAndGet(143)) - 65d24b39-69ca-4c04-8db2-5f56e7503c5d: start FollowerState
2019-10-21 08:07:16,547 [Thread-847] INFO  impl.FollowerState (FollowerState.java:run(117)) - 65d24b39-69ca-4c04-8db2-5f56e7503c5d@group-139D7988E68A-FollowerState was interrupted: java.lang.InterruptedException: sleep interrupted
2019-10-21 08:07:16,564 [b166f5f1-a6ad-4c66-9d3e-7e796ecacb8a@group-139D7988E68A-LeaderElection41] INFO  impl.LeaderElection (LeaderElection.java:logAndReturn(56)) - b166f5f1-a6ad-4c66-9d3e-7e796ecacb8a@group-139D7988E68A-LeaderElection41: Election REJECTED; received 2 response(s) [b166f5f1-a6ad-4c66-9d3e-7e796ecacb8a<-65d24b39-69ca-4c04-8db2-5f56e7503c5d#0:FAIL-t41, b166f5f1-a6ad-4c66-9d3e-7e796ecacb8a<-2f6ec408-7fd3-48a9-91b7-234721c6dbd9#0:FAIL-t41] and 0 exception(s); b166f5f1-a6ad-4c66-9d3e-7e796ecacb8a@group-139D7988E68A:t41, leader=null, voted=b166f5f1-a6ad-4c66-9d3e-7e796ecacb8a, raftlog=b166f5f1-a6ad-4c66-9d3e-7e796ecacb8a@group-139D7988E68A-SegmentedRaftLog:OPENED:c3,f4,i4, conf=0: [b166f5f1-a6ad-4c66-9d3e-7e796ecacb8a:192.168.34.35:39693, 65d24b39-69ca-4c04-8db2-5f56e7503c5d:192.168.34.35:45259, 2f6ec408-7fd3-48a9-91b7-234721c6dbd9:192.168.34.35:41673], old=null
2019-10-21 08:07:16,565 [b166f5f1-a6ad-4c66-9d3e-7e796ecacb8a@group-139D7988E68A-LeaderElection41] INFO  impl.RaftServerImpl (RaftServerImpl.java:setRole(184)) - b166f5f1-a6ad-4c66-9d3e-7e796ecacb8a@group-139D7988E68A: changes role from CANDIDATE to FOLLOWER at term 41 for DISCOVERED_A_NEW_TERM
2019-10-21 08:07:16,565 [b166f5f1-a6ad-4c66-9d3e-7e796ecacb8a@group-139D7988E68A-LeaderElection41] INFO  impl.RoleInfo (RoleInfo.java:shutdownLeaderElection(134)) - b166f5f1-a6ad-4c66-9d3e-7e796ecacb8a: shutdown LeaderElection
2019-10-21 08:07:16,565 [b166f5f1-a6ad-4c66-9d3e-7e796ecacb8a@group-139D7988E68A-LeaderElection41] INFO  impl.RoleInfo (RoleInfo.java:updateAndGet(143)) - b166f5f1-a6ad-4c66-9d3e-7e796ecacb8a: start FollowerState
2019-10-21 08:07:16,731 [Thread-854] INFO  impl.FollowerState (FollowerState.java:run(108)) - b166f5f1-a6ad-4c66-9d3e-7e796ecacb8a@group-139D7988E68A-FollowerState: change to CANDIDATE, lastRpcTime:165ms, electionTimeout:165ms
2019-10-21 08:07:16,731 [Thread-854] INFO  impl.RoleInfo (RoleInfo.java:shutdownFollowerState(121)) - b166f5f1-a6ad-4c66-9d3e-7e796ecacb8a: shutdown FollowerState
2019-10-21 08:07:16,731 [Thread-854] INFO  impl.RaftServerImpl (RaftServerImpl.java:setRole(184)) - b166f5f1-a6ad-4c66-9d3e-7e796ecacb8a@group-139D7988E68A: changes role from  FOLLOWER to CANDIDATE at term 41 for changeToCandidate
2019-10-21 08:07:16,731 [Thread-854] INFO  impl.RoleInfo (RoleInfo.java:updateAndGet(143)) - b166f5f1-a6ad-4c66-9d3e-7e796ecacb8a: start LeaderElection
2019-10-21 08:07:16,760 [b166f5f1-a6ad-4c66-9d3e-7e796ecacb8a@group-139D7988E68A-LeaderElection42] INFO  impl.LeaderElection (LeaderElection.java:askForVotes(178)) - b166f5f1-a6ad-4c66-9d3e-7e796ecacb8a@group-139D7988E68A-LeaderElection42: begin an election at term 42 for 0: [b166f5f1-a6ad-4c66-9d3e-7e796ecacb8a:192.168.34.35:39693, 65d24b39-69ca-4c04-8db2-5f56e7503c5d:192.168.34.35:45259, 2f6ec408-7fd3-48a9-91b7-234721c6dbd9:192.168.34.35:41673], old=null
2019-10-21 08:07:16,765 [grpc-default-executor-3] INFO  impl.RaftServerImpl (RaftServerImpl.java:setRole(184)) - 65d24b39-69ca-4c04-8db2-5f56e7503c5d@group-139D7988E68A: changes role from  FOLLOWER to FOLLOWER at term 42 for recognizeCandidate:b166f5f1-a6ad-4c66-9d3e-7e796ecacb8a
2019-10-21 08:07:16,765 [grpc-default-executor-1] INFO  impl.RaftServerImpl (RaftServerImpl.java:setRole(184)) - 2f6ec408-7fd3-48a9-91b7-234721c6dbd9@group-139D7988E68A: changes role from  FOLLOWER to FOLLOWER at term 42 for recognizeCandidate:b166f5f1-a6ad-4c66-9d3e-7e796ecacb8a
2019-10-21 08:07:16,765 [grpc-default-executor-3] INFO  impl.RoleInfo (RoleInfo.java:shutdownFollowerState(121)) - 65d24b39-69ca-4c04-8db2-5f56e7503c5d: shutdown FollowerState
2019-10-21 08:07:16,765 [grpc-default-executor-1] INFO  impl.RoleInfo (RoleInfo.java:shutdownFollowerState(121)) - 2f6ec408-7fd3-48a9-91b7-234721c6dbd9: shutdown FollowerState
2019-10-21 08:07:16,765 [grpc-default-executor-3] INFO  impl.RoleInfo (RoleInfo.java:updateAndGet(143)) - 65d24b39-69ca-4c04-8db2-5f56e7503c5d: start FollowerState
2019-10-21 08:07:16,765 [grpc-default-executor-1] INFO  impl.RoleInfo (RoleInfo.java:updateAndGet(143)) - 2f6ec408-7fd3-48a9-91b7-234721c6dbd9: start FollowerState
2019-10-21 08:07:16,765 [Thread-853] INFO  impl.FollowerState (FollowerState.java:run(117)) - 65d24b39-69ca-4c04-8db2-5f56e7503c5d@group-139D7988E68A-FollowerState was interrupted: java.lang.InterruptedException: sleep interrupted
2019-10-21 08:07:16,765 [Thread-852] INFO  impl.FollowerState (FollowerState.java:run(117)) - 2f6ec408-7fd3-48a9-91b7-234721c6dbd9@group-139D7988E68A-FollowerState was interrupted: java.lang.InterruptedException: sleep interrupted
2019-10-21 08:07:16,780 [b166f5f1-a6ad-4c66-9d3e-7e796ecacb8a@group-139D7988E68A-LeaderElection42] INFO  impl.LeaderElection (LeaderElection.java:logAndReturn(56)) - b166f5f1-a6ad-4c66-9d3e-7e796ecacb8a@group-139D7988E68A-LeaderElection42: Election REJECTED; received 2 response(s) [b166f5f1-a6ad-4c66-9d3e-7e796ecacb8a<-65d24b39-69ca-4c04-8db2-5f56e7503c5d#0:FAIL-t42, b166f5f1-a6ad-4c66-9d3e-7e796ecacb8a<-2f6ec408-7fd3-48a9-91b7-234721c6dbd9#0:FAIL-t42] and 0 exception(s); b166f5f1-a6ad-4c66-9d3e-7e796ecacb8a@group-139D7988E68A:t42, leader=null, voted=b166f5f1-a6ad-4c66-9d3e-7e796ecacb8a, raftlog=b166f5f1-a6ad-4c66-9d3e-7e796ecacb8a@group-139D7988E68A-SegmentedRaftLog:OPENED:c3,f4,i4, conf=0: [b166f5f1-a6ad-4c66-9d3e-7e796ecacb8a:192.168.34.35:39693, 65d24b39-69ca-4c04-8db2-5f56e7503c5d:192.168.34.35:45259, 2f6ec408-7fd3-48a9-91b7-234721c6dbd9:192.168.34.35:41673], old=null
2019-10-21 08:07:16,780 [b166f5f1-a6ad-4c66-9d3e-7e796ecacb8a@group-139D7988E68A-LeaderElection42] INFO  impl.RaftServerImpl (RaftServerImpl.java:setRole(184)) - b166f5f1-a6ad-4c66-9d3e-7e796ecacb8a@group-139D7988E68A: changes role from CANDIDATE to FOLLOWER at term 42 for DISCOVERED_A_NEW_TERM
2019-10-21 08:07:16,781 [b166f5f1-a6ad-4c66-9d3e-7e796ecacb8a@group-139D7988E68A-LeaderElection42] INFO  impl.RoleInfo (RoleInfo.java:shutdownLeaderElection(134)) - b166f5f1-a6ad-4c66-9d3e-7e796ecacb8a: shutdown LeaderElection
2019-10-21 08:07:16,781 [b166f5f1-a6ad-4c66-9d3e-7e796ecacb8a@group-139D7988E68A-LeaderElection42] INFO  impl.RoleInfo (RoleInfo.java:updateAndGet(143)) - b166f5f1-a6ad-4c66-9d3e-7e796ecacb8a: start FollowerState
2019-10-21 08:07:16,860 [pool-7-thread-9] INFO  commands.RetriableDatanodeEventWatcher (RetriableDatanodeEventWatcher.java:onTimeout(47)) - RetriableDatanodeCommand type=deleteBlocksCommand with id=1571645226858 timed out. Retrying.
2019-10-21 08:07:16,862 [SCMBlockDeletingService#1] INFO  block.SCMBlockDeletingService (SCMBlockDeletingService.java:call(184)) - Totally added 1 delete blocks command for 1 datanodes, task elapsed time: 1ms
2019-10-21 08:07:16,863 [pool-7-thread-9] INFO  commands.RetriableDatanodeEventWatcher (RetriableDatanodeEventWatcher.java:onTimeout(47)) - RetriableDatanodeCommand type=deleteBlocksCommand with id=1571645226855 timed out. Retrying.
2019-10-21 08:07:16,863 [pool-7-thread-5] INFO  commands.RetriableDatanodeEventWatcher (RetriableDatanodeEventWatcher.java:onTimeout(47)) - RetriableDatanodeCommand type=deleteBlocksCommand with id=1571645226848 timed out. Retrying.
2019-10-21 08:07:16,863 [pool-7-thread-1] INFO  commands.RetriableDatanodeEventWatcher (RetriableDatanodeEventWatcher.java:onTimeout(47)) - RetriableDatanodeCommand type=deleteBlocksCommand with id=1571645226857 timed out. Retrying.
2019-10-21 08:07:16,864 [pool-7-thread-6] INFO  commands.RetriableDatanodeEventWatcher (RetriableDatanodeEventWatcher.java:onTimeout(47)) - RetriableDatanodeCommand type=deleteBlocksCommand with id=1571645226850 timed out. Retrying.
2019-10-21 08:07:16,864 [pool-7-thread-3] INFO  commands.RetriableDatanodeEventWatcher (RetriableDatanodeEventWatcher.java:onTimeout(47)) - RetriableDatanodeCommand type=deleteBlocksCommand with id=1571645226852 timed out. Retrying.
2019-10-21 08:07:16,864 [pool-7-thread-7] INFO  commands.RetriableDatanodeEventWatcher (RetriableDatanodeEventWatcher.java:onTimeout(47)) - RetriableDatanodeCommand type=deleteBlocksCommand with id=1571645226853 timed out. Retrying.
2019-10-21 08:07:16,865 [pool-7-thread-4] INFO  commands.RetriableDatanodeEventWatcher (RetriableDatanodeEventWatcher.java:onTimeout(47)) - RetriableDatanodeCommand type=deleteBlocksCommand with id=1571645226854 timed out. Retrying.
2019-10-21 08:07:16,865 [pool-7-thread-2] INFO  commands.RetriableDatanodeEventWatcher (RetriableDatanodeEventWatcher.java:onTimeout(47)) - RetriableDatanodeCommand type=deleteBlocksCommand with id=1571645226851 timed out. Retrying.
2019-10-21 08:07:16,865 [pool-7-thread-8] INFO  commands.RetriableDatanodeEventWatcher (RetriableDatanodeEventWatcher.java:onTimeout(47)) - RetriableDatanodeCommand type=deleteBlocksCommand with id=1571645226856 timed out. Retrying.
2019-10-21 08:07:16,874 [EventQueue-PendingDeleteStatusForPendingDeleteHandler] INFO  block.SCMBlockDeletingService (SCMBlockDeletingService.java:handlePendingDeletes(115)) - Block deletion txnID mismatch in datanode b166f5f1-a6ad-4c66-9d3e-7e796ecacb8a for containerID 1. Datanode delete txnID: 0, SCM txnID: 1
2019-10-21 08:07:16,881 [Command processor thread] INFO  commandhandler.DeleteBlocksCommandHandler (DeleteBlocksCommandHandler.java:handle(106)) - Start to delete container blocks, TXIDs=[1(0)], numOfContainers=1, numOfBlocks=1
2019-10-21 08:07:16,881 [Command processor thread] INFO  commandhandler.DeleteBlocksCommandHandler (DeleteBlocksCommandHandler.java:handle(106)) - Start to delete container blocks, TXIDs=[1(2)], numOfContainers=1, numOfBlocks=1
2019-10-21 08:07:16,881 [Command processor thread] INFO  commandhandler.DeleteBlocksCommandHandler (DeleteBlocksCommandHandler.java:handle(106)) - Start to delete container blocks, TXIDs=[1(0)], numOfContainers=1, numOfBlocks=1
2019-10-21 08:07:16,881 [Command processor thread] INFO  commandhandler.DeleteBlocksCommandHandler (DeleteBlocksCommandHandler.java:handle(106)) - Start to delete container blocks, TXIDs=[1(2)], numOfContainers=1, numOfBlocks=1
2019-10-21 08:07:16,882 [Command processor thread] INFO  commandhandler.DeleteBlocksCommandHandler (DeleteBlocksCommandHandler.java:handle(106)) - Start to delete container blocks, TXIDs=[1(2)], numOfContainers=1, numOfBlocks=1
2019-10-21 08:07:16,882 [Command processor thread] INFO  commandhandler.DeleteBlocksCommandHandler (DeleteBlocksCommandHandler.java:handle(106)) - Start to delete container blocks, TXIDs=[1(0)], numOfContainers=1, numOfBlocks=1
2019-10-21 08:07:16,882 [Command processor thread] INFO  commandhandler.DeleteBlocksCommandHandler (DeleteBlocksCommandHandler.java:handle(106)) - Start to delete container blocks, TXIDs=[1(2)], numOfContainers=1, numOfBlocks=1
2019-10-21 08:07:16,882 [Command processor thread] INFO  commandhandler.DeleteBlocksCommandHandler (DeleteBlocksCommandHandler.java:handle(106)) - Start to delete container blocks, TXIDs=[1(2)], numOfContainers=1, numOfBlocks=1
2019-10-21 08:07:16,882 [Command processor thread] INFO  commandhandler.DeleteBlocksCommandHandler (DeleteBlocksCommandHandler.java:handle(106)) - Start to delete container blocks, TXIDs=[1(2)], numOfContainers=1, numOfBlocks=1
2019-10-21 08:07:16,883 [Command processor thread] INFO  commandhandler.DeleteBlocksCommandHandler (DeleteBlocksCommandHandler.java:handle(106)) - Start to delete container blocks, TXIDs=[1(0)], numOfContainers=1, numOfBlocks=1
2019-10-21 08:07:16,883 [Command processor thread] INFO  commandhandler.DeleteBlocksCommandHandler (DeleteBlocksCommandHandler.java:handle(106)) - Start to delete container blocks, TXIDs=[1(2)], numOfContainers=1, numOfBlocks=1
2019-10-21 08:07:16,883 [Command processor thread] INFO  commandhandler.DeleteBlocksCommandHandler (DeleteBlocksCommandHandler.java:handle(106)) - Start to delete container blocks, TXIDs=[1(2)], numOfContainers=1, numOfBlocks=1
2019-10-21 08:07:16,883 [Command processor thread] INFO  commandhandler.DeleteBlocksCommandHandler (DeleteBlocksCommandHandler.java:handle(106)) - Start to delete container blocks, TXIDs=[1(0)], numOfContainers=1, numOfBlocks=1
2019-10-21 08:07:16,883 [Command processor thread] INFO  commandhandler.DeleteBlocksCommandHandler (DeleteBlocksCommandHandler.java:handle(106)) - Start to delete container blocks, TXIDs=[1(2)], numOfContainers=1, numOfBlocks=1
2019-10-21 08:07:16,884 [Command processor thread] INFO  commandhandler.DeleteBlocksCommandHandler (DeleteBlocksCommandHandler.java:handle(106)) - Start to delete container blocks, TXIDs=[1(2)], numOfContainers=1, numOfBlocks=1
2019-10-21 08:07:16,884 [Command processor thread] INFO  commandhandler.DeleteBlocksCommandHandler (DeleteBlocksCommandHandler.java:handle(106)) - Start to delete container blocks, TXIDs=[1(2)], numOfContainers=1, numOfBlocks=1
2019-10-21 08:07:16,884 [Command processor thread] INFO  commandhandler.DeleteBlocksCommandHandler (DeleteBlocksCommandHandler.java:handle(106)) - Start to delete container blocks, TXIDs=[1(2)], numOfContainers=1, numOfBlocks=1
2019-10-21 08:07:16,884 [Command processor thread] INFO  commandhandler.DeleteBlocksCommandHandler (DeleteBlocksCommandHandler.java:handle(106)) - Start to delete container blocks, TXIDs=[1(2)], numOfContainers=1, numOfBlocks=1
2019-10-21 08:07:16,884 [Command processor thread] INFO  commandhandler.DeleteBlocksCommandHandler (DeleteBlocksCommandHandler.java:handle(106)) - Start to delete container blocks, TXIDs=[1(0)], numOfContainers=1, numOfBlocks=1
2019-10-21 08:07:16,884 [Command processor thread] INFO  commandhandler.DeleteBlocksCommandHandler (DeleteBlocksCommandHandler.java:handle(106)) - Start to delete container blocks, TXIDs=[1(2)], numOfContainers=1, numOfBlocks=1
2019-10-21 08:07:16,885 [Command processor thread] INFO  commandhandler.DeleteBlocksCommandHandler (DeleteBlocksCommandHandler.java:handle(106)) - Start to delete container blocks, TXIDs=[1(2)], numOfContainers=1, numOfBlocks=1
2019-10-21 08:07:16,885 [Command processor thread] INFO  commandhandler.DeleteBlocksCommandHandler (DeleteBlocksCommandHandler.java:handle(106)) - Start to delete container blocks, TXIDs=[1(2)], numOfContainers=1, numOfBlocks=1
2019-10-21 08:07:16,885 [Command processor thread] INFO  commandhandler.DeleteBlocksCommandHandler (DeleteBlocksCommandHandler.java:handle(106)) - Start to delete container blocks, TXIDs=[1(2)], numOfContainers=1, numOfBlocks=1
2019-10-21 08:07:16,885 [Command processor thread] INFO  commandhandler.DeleteBlocksCommandHandler (DeleteBlocksCommandHandler.java:handle(106)) - Start to delete container blocks, TXIDs=[1(2)], numOfContainers=1, numOfBlocks=1
2019-10-21 08:07:16,885 [Command processor thread] INFO  commandhandler.DeleteBlocksCommandHandler (DeleteBlocksCommandHandler.java:handle(106)) - Start to delete container blocks, TXIDs=[1(2)], numOfContainers=1, numOfBlocks=1
2019-10-21 08:07:16,886 [Command processor thread] INFO  commandhandler.DeleteBlocksCommandHandler (DeleteBlocksCommandHandler.java:handle(106)) - Start to delete container blocks, TXIDs=[1(0)], numOfContainers=1, numOfBlocks=1
2019-10-21 08:07:16,886 [Command processor thread] INFO  commandhandler.DeleteBlocksCommandHandler (DeleteBlocksCommandHandler.java:handle(106)) - Start to delete container blocks, TXIDs=[1(2)], numOfContainers=1, numOfBlocks=1
2019-10-21 08:07:16,886 [Command processor thread] INFO  commandhandler.DeleteBlocksCommandHandler (DeleteBlocksCommandHandler.java:handle(106)) - Start to delete container blocks, TXIDs=[1(2)], numOfContainers=1, numOfBlocks=1
2019-10-21 08:07:16,886 [Command processor thread] INFO  commandhandler.DeleteBlocksCommandHandler (DeleteBlocksCommandHandler.java:handle(106)) - Start to delete container blocks, TXIDs=[1(2)], numOfContainers=1, numOfBlocks=1
2019-10-21 08:07:16,886 [Command processor thread] INFO  commandhandler.DeleteBlocksCommandHandler (DeleteBlocksCommandHandler.java:handle(106)) - Start to delete container blocks, TXIDs=[1(2)], numOfContainers=1, numOfBlocks=1
2019-10-21 08:07:16,886 [Command processor thread] INFO  commandhandler.DeleteBlocksCommandHandler (DeleteBlocksCommandHandler.java:handle(106)) - Start to delete container blocks, TXIDs=[1(2)], numOfContainers=1, numOfBlocks=1
2019-10-21 08:07:16,887 [Command processor thread] INFO  commandhandler.DeleteBlocksCommandHandler (DeleteBlocksCommandHandler.java:handle(106)) - Start to delete container blocks, TXIDs=[1(2)], numOfContainers=1, numOfBlocks=1
2019-10-21 08:07:16,887 [Command processor thread] INFO  commandhandler.DeleteBlocksCommandHandler (DeleteBlocksCommandHandler.java:handle(106)) - Start to delete container blocks, TXIDs=[1(2)], numOfContainers=1, numOfBlocks=1
2019-10-21 08:07:16,887 [Command processor thread] INFO  commandhandler.DeleteBlocksCommandHandler (DeleteBlocksCommandHandler.java:handle(106)) - Start to delete container blocks, TXIDs=[1(0)], numOfContainers=1, numOfBlocks=1
2019-10-21 08:07:16,887 [Command processor thread] INFO  commandhandler.DeleteBlocksCommandHandler (DeleteBlocksCommandHandler.java:handle(106)) - Start to delete container blocks, TXIDs=[1(2)], numOfContainers=1, numOfBlocks=1
2019-10-21 08:07:16,887 [Command processor thread] INFO  commandhandler.DeleteBlocksCommandHandler (DeleteBlocksCommandHandler.java:handle(106)) - Start to delete container blocks, TXIDs=[1(2)], numOfContainers=1, numOfBlocks=1
2019-10-21 08:07:16,888 [Command processor thread] INFO  commandhandler.DeleteBlocksCommandHandler (DeleteBlocksCommandHandler.java:handle(106)) - Start to delete container blocks, TXIDs=[1(2)], numOfContainers=1, numOfBlocks=1
2019-10-21 08:07:16,888 [Command processor thread] INFO  commandhandler.DeleteBlocksCommandHandler (DeleteBlocksCommandHandler.java:handle(106)) - Start to delete container blocks, TXIDs=[1(2)], numOfContainers=1, numOfBlocks=1
2019-10-21 08:07:16,888 [Command processor thread] INFO  commandhandler.DeleteBlocksCommandHandler (DeleteBlocksCommandHandler.java:handle(106)) - Start to delete container blocks, TXIDs=[1(2)], numOfContainers=1, numOfBlocks=1
2019-10-21 08:07:16,888 [Command processor thread] INFO  commandhandler.DeleteBlocksCommandHandler (DeleteBlocksCommandHandler.java:handle(106)) - Start to delete container blocks, TXIDs=[1(2)], numOfContainers=1, numOfBlocks=1
2019-10-21 08:07:16,888 [Command processor thread] INFO  commandhandler.DeleteBlocksCommandHandler (DeleteBlocksCommandHandler.java:handle(106)) - Start to delete container blocks, TXIDs=[1(2)], numOfContainers=1, numOfBlocks=1
2019-10-21 08:07:16,888 [Command processor thread] INFO  commandhandler.DeleteBlocksCommandHandler (DeleteBlocksCommandHandler.java:handle(106)) - Start to delete container blocks, TXIDs=[1(2)], numOfContainers=1, numOfBlocks=1
2019-10-21 08:07:16,889 [Command processor thread] INFO  commandhandler.DeleteBlocksCommandHandler (DeleteBlocksCommandHandler.java:handle(106)) - Start to delete container blocks, TXIDs=[1(2)], numOfContainers=1, numOfBlocks=1
2019-10-21 08:07:16,889 [Command processor thread] INFO  commandhandler.DeleteBlocksCommandHandler (DeleteBlocksCommandHandler.java:handle(106)) - Start to delete container blocks, TXIDs=[1(2)], numOfContainers=1, numOfBlocks=1
2019-10-21 08:07:16,889 [Command processor thread] INFO  commandhandler.DeleteBlocksCommandHandler (DeleteBlocksCommandHandler.java:handle(106)) - Start to delete container blocks, TXIDs=[1(0)], numOfContainers=1, numOfBlocks=1
2019-10-21 08:07:16,889 [Command processor thread] INFO  commandhandler.DeleteBlocksCommandHandler (DeleteBlocksCommandHandler.java:handle(106)) - Start to delete container blocks, TXIDs=[1(47)], numOfContainers=1, numOfBlocks=1
2019-10-21 08:07:16,889 [Command processor thread] INFO  commandhandler.DeleteBlocksCommandHandler (DeleteBlocksCommandHandler.java:handle(106)) - Start to delete container blocks, TXIDs=[1(2)], numOfContainers=1, numOfBlocks=1
2019-10-21 08:07:16,890 [Command processor thread] INFO  commandhandler.DeleteBlocksCommandHandler (DeleteBlocksCommandHandler.java:handle(106)) - Start to delete container blocks, TXIDs=[1(2)], numOfContainers=1, numOfBlocks=1
2019-10-21 08:07:16,890 [Command processor thread] INFO  commandhandler.DeleteBlocksCommandHandler (DeleteBlocksCommandHandler.java:handle(106)) - Start to delete container blocks, TXIDs=[1(0)], numOfContainers=1, numOfBlocks=1
2019-10-21 08:07:16,890 [Command processor thread] INFO  commandhandler.DeleteBlocksCommandHandler (DeleteBlocksCommandHandler.java:handle(106)) - Start to delete container blocks, TXIDs=[1(2)], numOfContainers=1, numOfBlocks=1
2019-10-21 08:07:16,890 [Command processor thread] INFO  commandhandler.DeleteBlocksCommandHandler (DeleteBlocksCommandHandler.java:handle(106)) - Start to delete container blocks, TXIDs=[1(2)], numOfContainers=1, numOfBlocks=1
2019-10-21 08:07:16,890 [Command processor thread] INFO  commandhandler.DeleteBlocksCommandHandler (DeleteBlocksCommandHandler.java:handle(106)) - Start to delete container blocks, TXIDs=[1(2)], numOfContainers=1, numOfBlocks=1
2019-10-21 08:07:16,891 [Command processor thread] INFO  commandhandler.DeleteBlocksCommandHandler (DeleteBlocksCommandHandler.java:handle(106)) - Start to delete container blocks, TXIDs=[1(2)], numOfContainers=1, numOfBlocks=1
2019-10-21 08:07:16,891 [Command processor thread] INFO  commandhandler.DeleteBlocksCommandHandler (DeleteBlocksCommandHandler.java:handle(106)) - Start to delete container blocks, TXIDs=[1(2)], numOfContainers=1, numOfBlocks=1
2019-10-21 08:07:16,891 [Command processor thread] INFO  commandhandler.DeleteBlocksCommandHandler (DeleteBlocksCommandHandler.java:handle(106)) - Start to delete container blocks, TXIDs=[1(2)], numOfContainers=1, numOfBlocks=1
2019-10-21 08:07:16,891 [Command processor thread] INFO  commandhandler.DeleteBlocksCommandHandler (DeleteBlocksCommandHandler.java:handle(106)) - Start to delete container blocks, TXIDs=[1(47)], numOfContainers=1, numOfBlocks=1
2019-10-21 08:07:16,891 [Command processor thread] INFO  commandhandler.DeleteBlocksCommandHandler (DeleteBlocksCommandHandler.java:handle(106)) - Start to delete container blocks, TXIDs=[1(57)], numOfContainers=1, numOfBlocks=1
2019-10-21 08:07:16,891 [Command processor thread] INFO  commandhandler.DeleteBlocksCommandHandler (DeleteBlocksCommandHandler.java:handle(106)) - Start to delete container blocks, TXIDs=[1(2)], numOfContainers=1, numOfBlocks=1
2019-10-21 08:07:16,892 [Command processor thread] INFO  commandhandler.DeleteBlocksCommandHandler (DeleteBlocksCommandHandler.java:handle(106)) - Start to delete container blocks, TXIDs=[1(0)], numOfContainers=1, numOfBlocks=1
2019-10-21 08:07:16,892 [Command processor thread] INFO  commandhandler.DeleteBlocksCommandHandler (DeleteBlocksCommandHandler.java:handle(106)) - Start to delete container blocks, TXIDs=[1(2)], numOfContainers=1, numOfBlocks=1
2019-10-21 08:07:16,892 [Command processor thread] INFO  commandhandler.DeleteBlocksCommandHandler (DeleteBlocksCommandHandler.java:handle(106)) - Start to delete container blocks, TXIDs=[1(2)], numOfContainers=1, numOfBlocks=1
2019-10-21 08:07:16,892 [Command processor thread] INFO  commandhandler.DeleteBlocksCommandHandler (DeleteBlocksCommandHandler.java:handle(106)) - Start to delete container blocks, TXIDs=[1(2)], numOfContainers=1, numOfBlocks=1
2019-10-21 08:07:16,892 [Command processor thread] INFO  commandhandler.DeleteBlocksCommandHandler (DeleteBlocksCommandHandler.java:handle(106)) - Start to delete container blocks, TXIDs=[1(2)], numOfContainers=1, numOfBlocks=1
2019-10-21 08:07:16,892 [Command processor thread] INFO  commandhandler.DeleteBlocksCommandHandler (DeleteBlocksCommandHandler.java:handle(106)) - Start to delete container blocks, TXIDs=[1(2)], numOfContainers=1, numOfBlocks=1
2019-10-21 08:07:16,893 [Command processor thread] INFO  commandhandler.DeleteBlocksCommandHandler (DeleteBlocksCommandHandler.java:handle(106)) - Start to delete container blocks, TXIDs=[1(2)], numOfContainers=1, numOfBlocks=1
2019-10-21 08:07:16,893 [Command processor thread] INFO  commandhandler.DeleteBlocksCommandHandler (DeleteBlocksCommandHandler.java:handle(106)) - Start to delete container blocks, TXIDs=[1(2)], numOfContainers=1, numOfBlocks=1
2019-10-21 08:07:16,913 [Thread-860] INFO  impl.FollowerState (FollowerState.java:run(108)) - b166f5f1-a6ad-4c66-9d3e-7e796ecacb8a@group-139D7988E68A-FollowerState: change to CANDIDATE, lastRpcTime:132ms, electionTimeout:132ms
2019-10-21 08:07:16,914 [Thread-860] INFO  impl.RoleInfo (RoleInfo.java:shutdownFollowerState(121)) - b166f5f1-a6ad-4c66-9d3e-7e796ecacb8a: shutdown FollowerState
2019-10-21 08:07:16,914 [Thread-860] INFO  impl.RaftServerImpl (RaftServerImpl.java:setRole(184)) - b166f5f1-a6ad-4c66-9d3e-7e796ecacb8a@group-139D7988E68A: changes role from  FOLLOWER to CANDIDATE at term 42 for changeToCandidate
2019-10-21 08:07:16,914 [Thread-860] INFO  impl.RoleInfo (RoleInfo.java:updateAndGet(143)) - b166f5f1-a6ad-4c66-9d3e-7e796ecacb8a: start LeaderElection
2019-10-21 08:07:16,929 [b166f5f1-a6ad-4c66-9d3e-7e796ecacb8a@group-139D7988E68A-LeaderElection43] INFO  impl.LeaderElection (LeaderElection.java:askForVotes(178)) - b166f5f1-a6ad-4c66-9d3e-7e796ecacb8a@group-139D7988E68A-LeaderElection43: begin an election at term 43 for 0: [b166f5f1-a6ad-4c66-9d3e-7e796ecacb8a:192.168.34.35:39693, 65d24b39-69ca-4c04-8db2-5f56e7503c5d:192.168.34.35:45259, 2f6ec408-7fd3-48a9-91b7-234721c6dbd9:192.168.34.35:41673], old=null
2019-10-21 08:07:16,931 [grpc-default-executor-3] INFO  impl.RaftServerImpl (RaftServerImpl.java:setRole(184)) - 65d24b39-69ca-4c04-8db2-5f56e7503c5d@group-139D7988E68A: changes role from  FOLLOWER to FOLLOWER at term 43 for recognizeCandidate:b166f5f1-a6ad-4c66-9d3e-7e796ecacb8a
2019-10-21 08:07:16,932 [grpc-default-executor-1] INFO  impl.RaftServerImpl (RaftServerImpl.java:setRole(184)) - 2f6ec408-7fd3-48a9-91b7-234721c6dbd9@group-139D7988E68A: changes role from  FOLLOWER to FOLLOWER at term 43 for recognizeCandidate:b166f5f1-a6ad-4c66-9d3e-7e796ecacb8a
2019-10-21 08:07:16,932 [grpc-default-executor-3] INFO  impl.RoleInfo (RoleInfo.java:shutdownFollowerState(121)) - 65d24b39-69ca-4c04-8db2-5f56e7503c5d: shutdown FollowerState
2019-10-21 08:07:16,932 [grpc-default-executor-1] INFO  impl.RoleInfo (RoleInfo.java:shutdownFollowerState(121)) - 2f6ec408-7fd3-48a9-91b7-234721c6dbd9: shutdown FollowerState
2019-10-21 08:07:16,932 [grpc-default-executor-3] INFO  impl.RoleInfo (RoleInfo.java:updateAndGet(143)) - 65d24b39-69ca-4c04-8db2-5f56e7503c5d: start FollowerState
2019-10-21 08:07:16,932 [Thread-858] INFO  impl.FollowerState (FollowerState.java:run(117)) - 65d24b39-69ca-4c04-8db2-5f56e7503c5d@group-139D7988E68A-FollowerState was interrupted: java.lang.InterruptedException: sleep interrupted
2019-10-21 08:07:16,932 [Thread-859] INFO  impl.FollowerState (FollowerState.java:run(117)) - 2f6ec408-7fd3-48a9-91b7-234721c6dbd9@group-139D7988E68A-FollowerState was interrupted: java.lang.InterruptedException: sleep interrupted
2019-10-21 08:07:16,932 [grpc-default-executor-1] INFO  impl.RoleInfo (RoleInfo.java:updateAndGet(143)) - 2f6ec408-7fd3-48a9-91b7-234721c6dbd9: start FollowerState
2019-10-21 08:07:16,958 [b166f5f1-a6ad-4c66-9d3e-7e796ecacb8a@group-139D7988E68A-LeaderElection43] INFO  impl.LeaderElection (LeaderElection.java:logAndReturn(56)) - b166f5f1-a6ad-4c66-9d3e-7e796ecacb8a@group-139D7988E68A-LeaderElection43: Election REJECTED; received 2 response(s) [b166f5f1-a6ad-4c66-9d3e-7e796ecacb8a<-65d24b39-69ca-4c04-8db2-5f56e7503c5d#0:FAIL-t43, b166f5f1-a6ad-4c66-9d3e-7e796ecacb8a<-2f6ec408-7fd3-48a9-91b7-234721c6dbd9#0:FAIL-t43] and 0 exception(s); b166f5f1-a6ad-4c66-9d3e-7e796ecacb8a@group-139D7988E68A:t43, leader=null, voted=b166f5f1-a6ad-4c66-9d3e-7e796ecacb8a, raftlog=b166f5f1-a6ad-4c66-9d3e-7e796ecacb8a@group-139D7988E68A-SegmentedRaftLog:OPENED:c3,f4,i4, conf=0: [b166f5f1-a6ad-4c66-9d3e-7e796ecacb8a:192.168.34.35:39693, 65d24b39-69ca-4c04-8db2-5f56e7503c5d:192.168.34.35:45259, 2f6ec408-7fd3-48a9-91b7-234721c6dbd9:192.168.34.35:41673], old=null
2019-10-21 08:07:16,959 [b166f5f1-a6ad-4c66-9d3e-7e796ecacb8a@group-139D7988E68A-LeaderElection43] INFO  impl.RaftServerImpl (RaftServerImpl.java:setRole(184)) - b166f5f1-a6ad-4c66-9d3e-7e796ecacb8a@group-139D7988E68A: changes role from CANDIDATE to FOLLOWER at term 43 for DISCOVERED_A_NEW_TERM
2019-10-21 08:07:16,959 [b166f5f1-a6ad-4c66-9d3e-7e796ecacb8a@group-139D7988E68A-LeaderElection43] INFO  impl.RoleInfo (RoleInfo.java:shutdownLeaderElection(134)) - b166f5f1-a6ad-4c66-9d3e-7e796ecacb8a: shutdown LeaderElection
2019-10-21 08:07:16,959 [b166f5f1-a6ad-4c66-9d3e-7e796ecacb8a@group-139D7988E68A-LeaderElection43] INFO  impl.RoleInfo (RoleInfo.java:updateAndGet(143)) - b166f5f1-a6ad-4c66-9d3e-7e796ecacb8a: start FollowerState
2019-10-21 08:07:17,083 [EventQueue-DeleteBlockStatusForDeletedBlockLogImpl] WARN  block.DeletedBlockLogImpl (DeletedBlockLogImpl.java:commitTransactions(205)) - Transaction txId=1 commit by dnId=b166f5f1-a6ad-4c66-9d3e-7e796ecacb8a for containerID=#1 failed. Corresponding entry not found.
2019-10-21 08:07:17,084 [EventQueue-DeleteBlockStatusForDeletedBlockLogImpl] WARN  block.DeletedBlockLogImpl (DeletedBlockLogImpl.java:commitTransactions(205)) - Transaction txId=1 commit by dnId=b166f5f1-a6ad-4c66-9d3e-7e796ecacb8a for containerID=#1 failed. Corresponding entry not found.
2019-10-21 08:07:17,084 [EventQueue-DeleteBlockStatusForDeletedBlockLogImpl] WARN  block.DeletedBlockLogImpl (DeletedBlockLogImpl.java:commitTransactions(205)) - Transaction txId=1 commit by dnId=b166f5f1-a6ad-4c66-9d3e-7e796ecacb8a for containerID=#1 failed. Corresponding entry not found.
2019-10-21 08:07:17,084 [EventQueue-DeleteBlockStatusForDeletedBlockLogImpl] WARN  block.DeletedBlockLogImpl (DeletedBlockLogImpl.java:commitTransactions(205)) - Transaction txId=1 commit by dnId=b166f5f1-a6ad-4c66-9d3e-7e796ecacb8a for containerID=#1 failed. Corresponding entry not found.
2019-10-21 08:07:17,084 [EventQueue-DeleteBlockStatusForDeletedBlockLogImpl] WARN  block.DeletedBlockLogImpl (DeletedBlockLogImpl.java:commitTransactions(205)) - Transaction txId=1 commit by dnId=b166f5f1-a6ad-4c66-9d3e-7e796ecacb8a for containerID=#1 failed. Corresponding entry not found.
2019-10-21 08:07:17,084 [EventQueue-DeleteBlockStatusForDeletedBlockLogImpl] WARN  block.DeletedBlockLogImpl (DeletedBlockLogImpl.java:commitTransactions(205)) - Transaction txId=1 commit by dnId=b166f5f1-a6ad-4c66-9d3e-7e796ecacb8a for containerID=#1 failed. Corresponding entry not found.
2019-10-21 08:07:17,084 [EventQueue-DeleteBlockStatusForDeletedBlockLogImpl] WARN  block.DeletedBlockLogImpl (DeletedBlockLogImpl.java:commitTransactions(205)) - Transaction txId=1 commit by dnId=b166f5f1-a6ad-4c66-9d3e-7e796ecacb8a for containerID=#1 failed. Corresponding entry not found.
2019-10-21 08:07:17,085 [EventQueue-DeleteBlockStatusForDeletedBlockLogImpl] WARN  block.DeletedBlockLogImpl (DeletedBlockLogImpl.java:commitTransactions(205)) - Transaction txId=1 commit by dnId=b166f5f1-a6ad-4c66-9d3e-7e796ecacb8a for containerID=#1 failed. Corresponding entry not found.
2019-10-21 08:07:17,085 [EventQueue-DeleteBlockStatusForDeletedBlockLogImpl] WARN  block.DeletedBlockLogImpl (DeletedBlockLogImpl.java:commitTransactions(205)) - Transaction txId=1 commit by dnId=b166f5f1-a6ad-4c66-9d3e-7e796ecacb8a for containerID=#1 failed. Corresponding entry not found.
2019-10-21 08:07:17,085 [EventQueue-DeleteBlockStatusForDeletedBlockLogImpl] WARN  block.DeletedBlockLogImpl (DeletedBlockLogImpl.java:commitTransactions(205)) - Transaction txId=1 commit by dnId=b166f5f1-a6ad-4c66-9d3e-7e796ecacb8a for containerID=#1 failed. Corresponding entry not found.
2019-10-21 08:07:17,126 [Thread-866] INFO  impl.FollowerState (FollowerState.java:run(108)) - b166f5f1-a6ad-4c66-9d3e-7e796ecacb8a@group-139D7988E68A-FollowerState: change to CANDIDATE, lastRpcTime:166ms, electionTimeout:166ms
2019-10-21 08:07:17,126 [Thread-866] INFO  impl.RoleInfo (RoleInfo.java:shutdownFollowerState(121)) - b166f5f1-a6ad-4c66-9d3e-7e796ecacb8a: shutdown FollowerState
2019-10-21 08:07:17,126 [Thread-866] INFO  impl.RaftServerImpl (RaftServerImpl.java:setRole(184)) - b166f5f1-a6ad-4c66-9d3e-7e796ecacb8a@group-139D7988E68A: changes role from  FOLLOWER to CANDIDATE at term 43 for changeToCandidate
2019-10-21 08:07:17,126 [Thread-866] INFO  impl.RoleInfo (RoleInfo.java:updateAndGet(143)) - b166f5f1-a6ad-4c66-9d3e-7e796ecacb8a: start LeaderElection
2019-10-21 08:07:17,140 [b166f5f1-a6ad-4c66-9d3e-7e796ecacb8a@group-139D7988E68A-LeaderElection44] INFO  impl.LeaderElection (LeaderElection.java:askForVotes(178)) - b166f5f1-a6ad-4c66-9d3e-7e796ecacb8a@group-139D7988E68A-LeaderElection44: begin an election at term 44 for 0: [b166f5f1-a6ad-4c66-9d3e-7e796ecacb8a:192.168.34.35:39693, 65d24b39-69ca-4c04-8db2-5f56e7503c5d:192.168.34.35:45259, 2f6ec408-7fd3-48a9-91b7-234721c6dbd9:192.168.34.35:41673], old=null
2019-10-21 08:07:17,144 [grpc-default-executor-1] INFO  impl.RaftServerImpl (RaftServerImpl.java:setRole(184)) - 2f6ec408-7fd3-48a9-91b7-234721c6dbd9@group-139D7988E68A: changes role from  FOLLOWER to FOLLOWER at term 44 for recognizeCandidate:b166f5f1-a6ad-4c66-9d3e-7e796ecacb8a
2019-10-21 08:07:17,144 [grpc-default-executor-3] INFO  impl.RaftServerImpl (RaftServerImpl.java:setRole(184)) - 65d24b39-69ca-4c04-8db2-5f56e7503c5d@group-139D7988E68A: changes role from  FOLLOWER to FOLLOWER at term 44 for recognizeCandidate:b166f5f1-a6ad-4c66-9d3e-7e796ecacb8a
2019-10-21 08:07:17,145 [grpc-default-executor-1] INFO  impl.RoleInfo (RoleInfo.java:shutdownFollowerState(121)) - 2f6ec408-7fd3-48a9-91b7-234721c6dbd9: shutdown FollowerState
2019-10-21 08:07:17,145 [grpc-default-executor-3] INFO  impl.RoleInfo (RoleInfo.java:shutdownFollowerState(121)) - 65d24b39-69ca-4c04-8db2-5f56e7503c5d: shutdown FollowerState
2019-10-21 08:07:17,145 [Thread-865] INFO  impl.FollowerState (FollowerState.java:run(117)) - 2f6ec408-7fd3-48a9-91b7-234721c6dbd9@group-139D7988E68A-FollowerState was interrupted: java.lang.InterruptedException: sleep interrupted
2019-10-21 08:07:17,145 [grpc-default-executor-1] INFO  impl.RoleInfo (RoleInfo.java:updateAndGet(143)) - 2f6ec408-7fd3-48a9-91b7-234721c6dbd9: start FollowerState
2019-10-21 08:07:17,145 [Thread-864] INFO  impl.FollowerState (FollowerState.java:run(117)) - 65d24b39-69ca-4c04-8db2-5f56e7503c5d@group-139D7988E68A-FollowerState was interrupted: java.lang.InterruptedException: sleep interrupted
2019-10-21 08:07:17,145 [grpc-default-executor-3] INFO  impl.RoleInfo (RoleInfo.java:updateAndGet(143)) - 65d24b39-69ca-4c04-8db2-5f56e7503c5d: start FollowerState
2019-10-21 08:07:17,160 [b166f5f1-a6ad-4c66-9d3e-7e796ecacb8a@group-139D7988E68A-LeaderElection44] INFO  impl.LeaderElection (LeaderElection.java:logAndReturn(56)) - b166f5f1-a6ad-4c66-9d3e-7e796ecacb8a@group-139D7988E68A-LeaderElection44: Election REJECTED; received 2 response(s) [b166f5f1-a6ad-4c66-9d3e-7e796ecacb8a<-65d24b39-69ca-4c04-8db2-5f56e7503c5d#0:FAIL-t44, b166f5f1-a6ad-4c66-9d3e-7e796ecacb8a<-2f6ec408-7fd3-48a9-91b7-234721c6dbd9#0:FAIL-t44] and 0 exception(s); b166f5f1-a6ad-4c66-9d3e-7e796ecacb8a@group-139D7988E68A:t44, leader=null, voted=b166f5f1-a6ad-4c66-9d3e-7e796ecacb8a, raftlog=b166f5f1-a6ad-4c66-9d3e-7e796ecacb8a@group-139D7988E68A-SegmentedRaftLog:OPENED:c3,f4,i4, conf=0: [b166f5f1-a6ad-4c66-9d3e-7e796ecacb8a:192.168.34.35:39693, 65d24b39-69ca-4c04-8db2-5f56e7503c5d:192.168.34.35:45259, 2f6ec408-7fd3-48a9-91b7-234721c6dbd9:192.168.34.35:41673], old=null
2019-10-21 08:07:17,161 [b166f5f1-a6ad-4c66-9d3e-7e796ecacb8a@group-139D7988E68A-LeaderElection44] INFO  impl.RaftServerImpl (RaftServerImpl.java:setRole(184)) - b166f5f1-a6ad-4c66-9d3e-7e796ecacb8a@group-139D7988E68A: changes role from CANDIDATE to FOLLOWER at term 44 for DISCOVERED_A_NEW_TERM
2019-10-21 08:07:17,161 [b166f5f1-a6ad-4c66-9d3e-7e796ecacb8a@group-139D7988E68A-LeaderElection44] INFO  impl.RoleInfo (RoleInfo.java:shutdownLeaderElection(134)) - b166f5f1-a6ad-4c66-9d3e-7e796ecacb8a: shutdown LeaderElection
2019-10-21 08:07:17,161 [b166f5f1-a6ad-4c66-9d3e-7e796ecacb8a@group-139D7988E68A-LeaderElection44] INFO  impl.RoleInfo (RoleInfo.java:updateAndGet(143)) - b166f5f1-a6ad-4c66-9d3e-7e796ecacb8a: start FollowerState
2019-10-21 08:07:17,168 [BlockDeletingService#0] WARN  background.BlockDeletingService (BlockDeletingService.java:isDeletionAllowed(187)) - Close Container log Index 6 is not replicated across allthe servers in the pipeline 43b28a2a-1a81-4de9-bdfa-139d7988e68a as the min replicated index is 4. Deletion is not allowed in this container yet.
2019-10-21 08:07:17,168 [BlockDeletingService#2] WARN  background.BlockDeletingService (BlockDeletingService.java:isDeletionAllowed(187)) - Close Container log Index 6 is not replicated across allthe servers in the pipeline 43b28a2a-1a81-4de9-bdfa-139d7988e68a as the min replicated index is 4. Deletion is not allowed in this container yet.
2019-10-21 08:07:17,200 [Thread-877] INFO  client.GrpcClientProtocolService (GrpcClientProtocolService.java:lambda$processClientRequest$0(278)) - Failed RaftClientRequest:client-771575C6CFE7->2f6ec408-7fd3-48a9-91b7-234721c6dbd9@group-139D7988E68A, cid=10, seq=0, Watch-ALL_COMMITTED(6), Message:<EMPTY>, reply=RaftClientReply:client-771575C6CFE7->2f6ec408-7fd3-48a9-91b7-234721c6dbd9@group-139D7988E68A, cid=10, FAILED org.apache.ratis.protocol.NotLeaderException: Server 2f6ec408-7fd3-48a9-91b7-234721c6dbd9@group-139D7988E68A is not the leader, logIndex=0, commits[2f6ec408-7fd3-48a9-91b7-234721c6dbd9:c10, b166f5f1-a6ad-4c66-9d3e-7e796ecacb8a:c4, 65d24b39-69ca-4c04-8db2-5f56e7503c5d:c10]
2019-10-21 08:07:17,292 [Thread-873] INFO  impl.FollowerState (FollowerState.java:run(108)) - b166f5f1-a6ad-4c66-9d3e-7e796ecacb8a@group-139D7988E68A-FollowerState: change to CANDIDATE, lastRpcTime:130ms, electionTimeout:130ms
2019-10-21 08:07:17,292 [Thread-873] INFO  impl.RoleInfo (RoleInfo.java:shutdownFollowerState(121)) - b166f5f1-a6ad-4c66-9d3e-7e796ecacb8a: shutdown FollowerState
2019-10-21 08:07:17,292 [Thread-873] INFO  impl.RaftServerImpl (RaftServerImpl.java:setRole(184)) - b166f5f1-a6ad-4c66-9d3e-7e796ecacb8a@group-139D7988E68A: changes role from  FOLLOWER to CANDIDATE at term 44 for changeToCandidate
2019-10-21 08:07:17,292 [Thread-873] INFO  impl.RoleInfo (RoleInfo.java:updateAndGet(143)) - b166f5f1-a6ad-4c66-9d3e-7e796ecacb8a: start LeaderElection
2019-10-21 08:07:17,306 [b166f5f1-a6ad-4c66-9d3e-7e796ecacb8a@group-139D7988E68A-LeaderElection45] INFO  impl.LeaderElection (LeaderElection.java:askForVotes(178)) - b166f5f1-a6ad-4c66-9d3e-7e796ecacb8a@group-139D7988E68A-LeaderElection45: begin an election at term 45 for 0: [b166f5f1-a6ad-4c66-9d3e-7e796ecacb8a:192.168.34.35:39693, 65d24b39-69ca-4c04-8db2-5f56e7503c5d:192.168.34.35:45259, 2f6ec408-7fd3-48a9-91b7-234721c6dbd9:192.168.34.35:41673], old=null
2019-10-21 08:07:17,312 [grpc-default-executor-1] INFO  impl.RaftServerImpl (RaftServerImpl.java:setRole(184)) - 2f6ec408-7fd3-48a9-91b7-234721c6dbd9@group-139D7988E68A: changes role from  FOLLOWER to FOLLOWER at term 45 for recognizeCandidate:b166f5f1-a6ad-4c66-9d3e-7e796ecacb8a
2019-10-21 08:07:17,312 [grpc-default-executor-1] INFO  impl.RoleInfo (RoleInfo.java:shutdownFollowerState(121)) - 2f6ec408-7fd3-48a9-91b7-234721c6dbd9: shutdown FollowerState
2019-10-21 08:07:17,312 [grpc-default-executor-3] INFO  impl.RaftServerImpl (RaftServerImpl.java:setRole(184)) - 65d24b39-69ca-4c04-8db2-5f56e7503c5d@group-139D7988E68A: changes role from  FOLLOWER to FOLLOWER at term 45 for recognizeCandidate:b166f5f1-a6ad-4c66-9d3e-7e796ecacb8a
2019-10-21 08:07:17,312 [grpc-default-executor-1] INFO  impl.RoleInfo (RoleInfo.java:updateAndGet(143)) - 2f6ec408-7fd3-48a9-91b7-234721c6dbd9: start FollowerState
2019-10-21 08:07:17,312 [Thread-871] INFO  impl.FollowerState (FollowerState.java:run(117)) - 2f6ec408-7fd3-48a9-91b7-234721c6dbd9@group-139D7988E68A-FollowerState was interrupted: java.lang.InterruptedException: sleep interrupted
2019-10-21 08:07:17,312 [grpc-default-executor-3] INFO  impl.RoleInfo (RoleInfo.java:shutdownFollowerState(121)) - 65d24b39-69ca-4c04-8db2-5f56e7503c5d: shutdown FollowerState
2019-10-21 08:07:17,313 [Thread-872] INFO  impl.FollowerState (FollowerState.java:run(117)) - 65d24b39-69ca-4c04-8db2-5f56e7503c5d@group-139D7988E68A-FollowerState was interrupted: java.lang.InterruptedException: sleep interrupted
2019-10-21 08:07:17,313 [grpc-default-executor-3] INFO  impl.RoleInfo (RoleInfo.java:updateAndGet(143)) - 65d24b39-69ca-4c04-8db2-5f56e7503c5d: start FollowerState
2019-10-21 08:07:17,325 [b166f5f1-a6ad-4c66-9d3e-7e796ecacb8a@group-139D7988E68A-LeaderElection45] INFO  impl.LeaderElection (LeaderElection.java:logAndReturn(56)) - b166f5f1-a6ad-4c66-9d3e-7e796ecacb8a@group-139D7988E68A-LeaderElection45: Election REJECTED; received 2 response(s) [b166f5f1-a6ad-4c66-9d3e-7e796ecacb8a<-65d24b39-69ca-4c04-8db2-5f56e7503c5d#0:FAIL-t45, b166f5f1-a6ad-4c66-9d3e-7e796ecacb8a<-2f6ec408-7fd3-48a9-91b7-234721c6dbd9#0:FAIL-t45] and 0 exception(s); b166f5f1-a6ad-4c66-9d3e-7e796ecacb8a@group-139D7988E68A:t45, leader=null, voted=b166f5f1-a6ad-4c66-9d3e-7e796ecacb8a, raftlog=b166f5f1-a6ad-4c66-9d3e-7e796ecacb8a@group-139D7988E68A-SegmentedRaftLog:OPENED:c3,f4,i4, conf=0: [b166f5f1-a6ad-4c66-9d3e-7e796ecacb8a:192.168.34.35:39693, 65d24b39-69ca-4c04-8db2-5f56e7503c5d:192.168.34.35:45259, 2f6ec408-7fd3-48a9-91b7-234721c6dbd9:192.168.34.35:41673], old=null
2019-10-21 08:07:17,325 [b166f5f1-a6ad-4c66-9d3e-7e796ecacb8a@group-139D7988E68A-LeaderElection45] INFO  impl.RaftServerImpl (RaftServerImpl.java:setRole(184)) - b166f5f1-a6ad-4c66-9d3e-7e796ecacb8a@group-139D7988E68A: changes role from CANDIDATE to FOLLOWER at term 45 for DISCOVERED_A_NEW_TERM
2019-10-21 08:07:17,325 [b166f5f1-a6ad-4c66-9d3e-7e796ecacb8a@group-139D7988E68A-LeaderElection45] INFO  impl.RoleInfo (RoleInfo.java:shutdownLeaderElection(134)) - b166f5f1-a6ad-4c66-9d3e-7e796ecacb8a: shutdown LeaderElection
2019-10-21 08:07:17,325 [b166f5f1-a6ad-4c66-9d3e-7e796ecacb8a@group-139D7988E68A-LeaderElection45] INFO  impl.RoleInfo (RoleInfo.java:updateAndGet(143)) - b166f5f1-a6ad-4c66-9d3e-7e796ecacb8a: start FollowerState
2019-10-21 08:07:17,420 [Thread-884] INFO  impl.FollowerState (FollowerState.java:run(108)) - b166f5f1-a6ad-4c66-9d3e-7e796ecacb8a@group-139D7988E68A-FollowerState: change to CANDIDATE, lastRpcTime:94ms, electionTimeout:94ms
2019-10-21 08:07:17,420 [Thread-884] INFO  impl.RoleInfo (RoleInfo.java:shutdownFollowerState(121)) - b166f5f1-a6ad-4c66-9d3e-7e796ecacb8a: shutdown FollowerState
2019-10-21 08:07:17,420 [Thread-884] INFO  impl.RaftServerImpl (RaftServerImpl.java:setRole(184)) - b166f5f1-a6ad-4c66-9d3e-7e796ecacb8a@group-139D7988E68A: changes role from  FOLLOWER to CANDIDATE at term 45 for changeToCandidate
2019-10-21 08:07:17,420 [Thread-884] INFO  impl.RoleInfo (RoleInfo.java:updateAndGet(143)) - b166f5f1-a6ad-4c66-9d3e-7e796ecacb8a: start LeaderElection
2019-10-21 08:07:17,435 [b166f5f1-a6ad-4c66-9d3e-7e796ecacb8a@group-139D7988E68A-LeaderElection46] INFO  impl.LeaderElection (LeaderElection.java:askForVotes(178)) - b166f5f1-a6ad-4c66-9d3e-7e796ecacb8a@group-139D7988E68A-LeaderElection46: begin an election at term 46 for 0: [b166f5f1-a6ad-4c66-9d3e-7e796ecacb8a:192.168.34.35:39693, 65d24b39-69ca-4c04-8db2-5f56e7503c5d:192.168.34.35:45259, 2f6ec408-7fd3-48a9-91b7-234721c6dbd9:192.168.34.35:41673], old=null
2019-10-21 08:07:17,437 [grpc-default-executor-3] INFO  impl.RaftServerImpl (RaftServerImpl.java:setRole(184)) - 2f6ec408-7fd3-48a9-91b7-234721c6dbd9@group-139D7988E68A: changes role from  FOLLOWER to FOLLOWER at term 46 for recognizeCandidate:b166f5f1-a6ad-4c66-9d3e-7e796ecacb8a
2019-10-21 08:07:17,438 [grpc-default-executor-3] INFO  impl.RoleInfo (RoleInfo.java:shutdownFollowerState(121)) - 2f6ec408-7fd3-48a9-91b7-234721c6dbd9: shutdown FollowerState
2019-10-21 08:07:17,437 [grpc-default-executor-1] INFO  impl.RaftServerImpl (RaftServerImpl.java:setRole(184)) - 65d24b39-69ca-4c04-8db2-5f56e7503c5d@group-139D7988E68A: changes role from  FOLLOWER to FOLLOWER at term 46 for recognizeCandidate:b166f5f1-a6ad-4c66-9d3e-7e796ecacb8a
2019-10-21 08:07:17,438 [Thread-882] INFO  impl.FollowerState (FollowerState.java:run(117)) - 2f6ec408-7fd3-48a9-91b7-234721c6dbd9@group-139D7988E68A-FollowerState was interrupted: java.lang.InterruptedException: sleep interrupted
2019-10-21 08:07:17,438 [grpc-default-executor-3] INFO  impl.RoleInfo (RoleInfo.java:updateAndGet(143)) - 2f6ec408-7fd3-48a9-91b7-234721c6dbd9: start FollowerState
2019-10-21 08:07:17,438 [grpc-default-executor-1] INFO  impl.RoleInfo (RoleInfo.java:shutdownFollowerState(121)) - 65d24b39-69ca-4c04-8db2-5f56e7503c5d: shutdown FollowerState
2019-10-21 08:07:17,439 [grpc-default-executor-1] INFO  impl.RoleInfo (RoleInfo.java:updateAndGet(143)) - 65d24b39-69ca-4c04-8db2-5f56e7503c5d: start FollowerState
2019-10-21 08:07:17,439 [Thread-883] INFO  impl.FollowerState (FollowerState.java:run(117)) - 65d24b39-69ca-4c04-8db2-5f56e7503c5d@group-139D7988E68A-FollowerState was interrupted: java.lang.InterruptedException: sleep interrupted
2019-10-21 08:07:17,465 [b166f5f1-a6ad-4c66-9d3e-7e796ecacb8a@group-139D7988E68A-LeaderElection46] INFO  impl.LeaderElection (LeaderElection.java:logAndReturn(56)) - b166f5f1-a6ad-4c66-9d3e-7e796ecacb8a@group-139D7988E68A-LeaderElection46: Election REJECTED; received 2 response(s) [b166f5f1-a6ad-4c66-9d3e-7e796ecacb8a<-65d24b39-69ca-4c04-8db2-5f56e7503c5d#0:FAIL-t46, b166f5f1-a6ad-4c66-9d3e-7e796ecacb8a<-2f6ec408-7fd3-48a9-91b7-234721c6dbd9#0:FAIL-t46] and 0 exception(s); b166f5f1-a6ad-4c66-9d3e-7e796ecacb8a@group-139D7988E68A:t46, leader=null, voted=b166f5f1-a6ad-4c66-9d3e-7e796ecacb8a, raftlog=b166f5f1-a6ad-4c66-9d3e-7e796ecacb8a@group-139D7988E68A-SegmentedRaftLog:OPENED:c3,f4,i4, conf=0: [b166f5f1-a6ad-4c66-9d3e-7e796ecacb8a:192.168.34.35:39693, 65d24b39-69ca-4c04-8db2-5f56e7503c5d:192.168.34.35:45259, 2f6ec408-7fd3-48a9-91b7-234721c6dbd9:192.168.34.35:41673], old=null
2019-10-21 08:07:17,465 [b166f5f1-a6ad-4c66-9d3e-7e796ecacb8a@group-139D7988E68A-LeaderElection46] INFO  impl.RaftServerImpl (RaftServerImpl.java:setRole(184)) - b166f5f1-a6ad-4c66-9d3e-7e796ecacb8a@group-139D7988E68A: changes role from CANDIDATE to FOLLOWER at term 46 for DISCOVERED_A_NEW_TERM
2019-10-21 08:07:17,466 [b166f5f1-a6ad-4c66-9d3e-7e796ecacb8a@group-139D7988E68A-LeaderElection46] INFO  impl.RoleInfo (RoleInfo.java:shutdownLeaderElection(134)) - b166f5f1-a6ad-4c66-9d3e-7e796ecacb8a: shutdown LeaderElection
2019-10-21 08:07:17,466 [b166f5f1-a6ad-4c66-9d3e-7e796ecacb8a@group-139D7988E68A-LeaderElection46] INFO  impl.RoleInfo (RoleInfo.java:updateAndGet(143)) - b166f5f1-a6ad-4c66-9d3e-7e796ecacb8a: start FollowerState
2019-10-21 08:07:17,575 [Thread-890] INFO  impl.FollowerState (FollowerState.java:run(108)) - b166f5f1-a6ad-4c66-9d3e-7e796ecacb8a@group-139D7988E68A-FollowerState: change to CANDIDATE, lastRpcTime:109ms, electionTimeout:109ms
2019-10-21 08:07:17,576 [Thread-890] INFO  impl.RoleInfo (RoleInfo.java:shutdownFollowerState(121)) - b166f5f1-a6ad-4c66-9d3e-7e796ecacb8a: shutdown FollowerState
2019-10-21 08:07:17,576 [Thread-890] INFO  impl.RaftServerImpl (RaftServerImpl.java:setRole(184)) - b166f5f1-a6ad-4c66-9d3e-7e796ecacb8a@group-139D7988E68A: changes role from  FOLLOWER to CANDIDATE at term 46 for changeToCandidate
2019-10-21 08:07:17,576 [Thread-890] INFO  impl.RoleInfo (RoleInfo.java:updateAndGet(143)) - b166f5f1-a6ad-4c66-9d3e-7e796ecacb8a: start LeaderElection
2019-10-21 08:07:17,597 [b166f5f1-a6ad-4c66-9d3e-7e796ecacb8a@group-139D7988E68A-LeaderElection47] INFO  impl.LeaderElection (LeaderElection.java:askForVotes(178)) - b166f5f1-a6ad-4c66-9d3e-7e796ecacb8a@group-139D7988E68A-LeaderElection47: begin an election at term 47 for 0: [b166f5f1-a6ad-4c66-9d3e-7e796ecacb8a:192.168.34.35:39693, 65d24b39-69ca-4c04-8db2-5f56e7503c5d:192.168.34.35:45259, 2f6ec408-7fd3-48a9-91b7-234721c6dbd9:192.168.34.35:41673], old=null
2019-10-21 08:07:17,601 [grpc-default-executor-1] INFO  impl.RaftServerImpl (RaftServerImpl.java:setRole(184)) - 2f6ec408-7fd3-48a9-91b7-234721c6dbd9@group-139D7988E68A: changes role from  FOLLOWER to FOLLOWER at term 47 for recognizeCandidate:b166f5f1-a6ad-4c66-9d3e-7e796ecacb8a
2019-10-21 08:07:17,601 [grpc-default-executor-3] INFO  impl.RaftServerImpl (RaftServerImpl.java:setRole(184)) - 65d24b39-69ca-4c04-8db2-5f56e7503c5d@group-139D7988E68A: changes role from  FOLLOWER to FOLLOWER at term 47 for recognizeCandidate:b166f5f1-a6ad-4c66-9d3e-7e796ecacb8a
2019-10-21 08:07:17,601 [grpc-default-executor-1] INFO  impl.RoleInfo (RoleInfo.java:shutdownFollowerState(121)) - 2f6ec408-7fd3-48a9-91b7-234721c6dbd9: shutdown FollowerState
2019-10-21 08:07:17,601 [grpc-default-executor-3] INFO  impl.RoleInfo (RoleInfo.java:shutdownFollowerState(121)) - 65d24b39-69ca-4c04-8db2-5f56e7503c5d: shutdown FollowerState
2019-10-21 08:07:17,602 [grpc-default-executor-1] INFO  impl.RoleInfo (RoleInfo.java:updateAndGet(143)) - 2f6ec408-7fd3-48a9-91b7-234721c6dbd9: start FollowerState
2019-10-21 08:07:17,602 [Thread-889] INFO  impl.FollowerState (FollowerState.java:run(117)) - 65d24b39-69ca-4c04-8db2-5f56e7503c5d@group-139D7988E68A-FollowerState was interrupted: java.lang.InterruptedException: sleep interrupted
2019-10-21 08:07:17,602 [grpc-default-executor-3] INFO  impl.RoleInfo (RoleInfo.java:updateAndGet(143)) - 65d24b39-69ca-4c04-8db2-5f56e7503c5d: start FollowerState
2019-10-21 08:07:17,602 [Thread-888] INFO  impl.FollowerState (FollowerState.java:run(117)) - 2f6ec408-7fd3-48a9-91b7-234721c6dbd9@group-139D7988E68A-FollowerState was interrupted: java.lang.InterruptedException: sleep interrupted
2019-10-21 08:07:17,629 [b166f5f1-a6ad-4c66-9d3e-7e796ecacb8a@group-139D7988E68A-LeaderElection47] INFO  impl.LeaderElection (LeaderElection.java:logAndReturn(56)) - b166f5f1-a6ad-4c66-9d3e-7e796ecacb8a@group-139D7988E68A-LeaderElection47: Election REJECTED; received 2 response(s) [b166f5f1-a6ad-4c66-9d3e-7e796ecacb8a<-65d24b39-69ca-4c04-8db2-5f56e7503c5d#0:FAIL-t47, b166f5f1-a6ad-4c66-9d3e-7e796ecacb8a<-2f6ec408-7fd3-48a9-91b7-234721c6dbd9#0:FAIL-t47] and 0 exception(s); b166f5f1-a6ad-4c66-9d3e-7e796ecacb8a@group-139D7988E68A:t47, leader=null, voted=b166f5f1-a6ad-4c66-9d3e-7e796ecacb8a, raftlog=b166f5f1-a6ad-4c66-9d3e-7e796ecacb8a@group-139D7988E68A-SegmentedRaftLog:OPENED:c3,f4,i4, conf=0: [b166f5f1-a6ad-4c66-9d3e-7e796ecacb8a:192.168.34.35:39693, 65d24b39-69ca-4c04-8db2-5f56e7503c5d:192.168.34.35:45259, 2f6ec408-7fd3-48a9-91b7-234721c6dbd9:192.168.34.35:41673], old=null
2019-10-21 08:07:17,629 [b166f5f1-a6ad-4c66-9d3e-7e796ecacb8a@group-139D7988E68A-LeaderElection47] INFO  impl.RaftServerImpl (RaftServerImpl.java:setRole(184)) - b166f5f1-a6ad-4c66-9d3e-7e796ecacb8a@group-139D7988E68A: changes role from CANDIDATE to FOLLOWER at term 47 for DISCOVERED_A_NEW_TERM
2019-10-21 08:07:17,629 [b166f5f1-a6ad-4c66-9d3e-7e796ecacb8a@group-139D7988E68A-LeaderElection47] INFO  impl.RoleInfo (RoleInfo.java:shutdownLeaderElection(134)) - b166f5f1-a6ad-4c66-9d3e-7e796ecacb8a: shutdown LeaderElection
2019-10-21 08:07:17,629 [b166f5f1-a6ad-4c66-9d3e-7e796ecacb8a@group-139D7988E68A-LeaderElection47] INFO  impl.RoleInfo (RoleInfo.java:updateAndGet(143)) - b166f5f1-a6ad-4c66-9d3e-7e796ecacb8a: start FollowerState
2019-10-21 08:07:17,664 [Thread-896] INFO  impl.FollowerState (FollowerState.java:run(108)) - b166f5f1-a6ad-4c66-9d3e-7e796ecacb8a@group-139D7988E68A-FollowerState: change to CANDIDATE, lastRpcTime:34ms, electionTimeout:34ms
2019-10-21 08:07:17,664 [Thread-896] INFO  impl.RoleInfo (RoleInfo.java:shutdownFollowerState(121)) - b166f5f1-a6ad-4c66-9d3e-7e796ecacb8a: shutdown FollowerState
2019-10-21 08:07:17,664 [Thread-896] INFO  impl.RaftServerImpl (RaftServerImpl.java:setRole(184)) - b166f5f1-a6ad-4c66-9d3e-7e796ecacb8a@group-139D7988E68A: changes role from  FOLLOWER to CANDIDATE at term 47 for changeToCandidate
2019-10-21 08:07:17,665 [Thread-896] INFO  impl.RoleInfo (RoleInfo.java:updateAndGet(143)) - b166f5f1-a6ad-4c66-9d3e-7e796ecacb8a: start LeaderElection
2019-10-21 08:07:17,679 [b166f5f1-a6ad-4c66-9d3e-7e796ecacb8a@group-139D7988E68A-LeaderElection48] INFO  impl.LeaderElection (LeaderElection.java:askForVotes(178)) - b166f5f1-a6ad-4c66-9d3e-7e796ecacb8a@group-139D7988E68A-LeaderElection48: begin an election at term 48 for 0: [b166f5f1-a6ad-4c66-9d3e-7e796ecacb8a:192.168.34.35:39693, 65d24b39-69ca-4c04-8db2-5f56e7503c5d:192.168.34.35:45259, 2f6ec408-7fd3-48a9-91b7-234721c6dbd9:192.168.34.35:41673], old=null
2019-10-21 08:07:17,683 [grpc-default-executor-1] INFO  impl.RaftServerImpl (RaftServerImpl.java:setRole(184)) - 65d24b39-69ca-4c04-8db2-5f56e7503c5d@group-139D7988E68A: changes role from  FOLLOWER to FOLLOWER at term 48 for recognizeCandidate:b166f5f1-a6ad-4c66-9d3e-7e796ecacb8a
2019-10-21 08:07:17,683 [grpc-default-executor-3] INFO  impl.RaftServerImpl (RaftServerImpl.java:setRole(184)) - 2f6ec408-7fd3-48a9-91b7-234721c6dbd9@group-139D7988E68A: changes role from  FOLLOWER to FOLLOWER at term 48 for recognizeCandidate:b166f5f1-a6ad-4c66-9d3e-7e796ecacb8a
2019-10-21 08:07:17,683 [grpc-default-executor-1] INFO  impl.RoleInfo (RoleInfo.java:shutdownFollowerState(121)) - 65d24b39-69ca-4c04-8db2-5f56e7503c5d: shutdown FollowerState
2019-10-21 08:07:17,683 [grpc-default-executor-3] INFO  impl.RoleInfo (RoleInfo.java:shutdownFollowerState(121)) - 2f6ec408-7fd3-48a9-91b7-234721c6dbd9: shutdown FollowerState
2019-10-21 08:07:17,683 [Thread-895] INFO  impl.FollowerState (FollowerState.java:run(117)) - 65d24b39-69ca-4c04-8db2-5f56e7503c5d@group-139D7988E68A-FollowerState was interrupted: java.lang.InterruptedException: sleep interrupted
2019-10-21 08:07:17,683 [grpc-default-executor-1] INFO  impl.RoleInfo (RoleInfo.java:updateAndGet(143)) - 65d24b39-69ca-4c04-8db2-5f56e7503c5d: start FollowerState
2019-10-21 08:07:17,683 [grpc-default-executor-3] INFO  impl.RoleInfo (RoleInfo.java:updateAndGet(143)) - 2f6ec408-7fd3-48a9-91b7-234721c6dbd9: start FollowerState
2019-10-21 08:07:17,683 [Thread-894] INFO  impl.FollowerState (FollowerState.java:run(117)) - 2f6ec408-7fd3-48a9-91b7-234721c6dbd9@group-139D7988E68A-FollowerState was interrupted: java.lang.InterruptedException: sleep interrupted
2019-10-21 08:07:17,700 [b166f5f1-a6ad-4c66-9d3e-7e796ecacb8a@group-139D7988E68A-LeaderElection48] INFO  impl.LeaderElection (LeaderElection.java:logAndReturn(56)) - b166f5f1-a6ad-4c66-9d3e-7e796ecacb8a@group-139D7988E68A-LeaderElection48: Election REJECTED; received 2 response(s) [b166f5f1-a6ad-4c66-9d3e-7e796ecacb8a<-65d24b39-69ca-4c04-8db2-5f56e7503c5d#0:FAIL-t48, b166f5f1-a6ad-4c66-9d3e-7e796ecacb8a<-2f6ec408-7fd3-48a9-91b7-234721c6dbd9#0:FAIL-t48] and 0 exception(s); b166f5f1-a6ad-4c66-9d3e-7e796ecacb8a@group-139D7988E68A:t48, leader=null, voted=b166f5f1-a6ad-4c66-9d3e-7e796ecacb8a, raftlog=b166f5f1-a6ad-4c66-9d3e-7e796ecacb8a@group-139D7988E68A-SegmentedRaftLog:OPENED:c3,f4,i4, conf=0: [b166f5f1-a6ad-4c66-9d3e-7e796ecacb8a:192.168.34.35:39693, 65d24b39-69ca-4c04-8db2-5f56e7503c5d:192.168.34.35:45259, 2f6ec408-7fd3-48a9-91b7-234721c6dbd9:192.168.34.35:41673], old=null
2019-10-21 08:07:17,702 [b166f5f1-a6ad-4c66-9d3e-7e796ecacb8a@group-139D7988E68A-LeaderElection48] INFO  impl.RaftServerImpl (RaftServerImpl.java:setRole(184)) - b166f5f1-a6ad-4c66-9d3e-7e796ecacb8a@group-139D7988E68A: changes role from CANDIDATE to FOLLOWER at term 48 for DISCOVERED_A_NEW_TERM
2019-10-21 08:07:17,702 [b166f5f1-a6ad-4c66-9d3e-7e796ecacb8a@group-139D7988E68A-LeaderElection48] INFO  impl.RoleInfo (RoleInfo.java:shutdownLeaderElection(134)) - b166f5f1-a6ad-4c66-9d3e-7e796ecacb8a: shutdown LeaderElection
2019-10-21 08:07:17,702 [b166f5f1-a6ad-4c66-9d3e-7e796ecacb8a@group-139D7988E68A-LeaderElection48] INFO  impl.RoleInfo (RoleInfo.java:updateAndGet(143)) - b166f5f1-a6ad-4c66-9d3e-7e796ecacb8a: start FollowerState
2019-10-21 08:07:17,880 [Thread-902] INFO  impl.FollowerState (FollowerState.java:run(108)) - b166f5f1-a6ad-4c66-9d3e-7e796ecacb8a@group-139D7988E68A-FollowerState: change to CANDIDATE, lastRpcTime:177ms, electionTimeout:177ms
2019-10-21 08:07:17,880 [Thread-902] INFO  impl.RoleInfo (RoleInfo.java:shutdownFollowerState(121)) - b166f5f1-a6ad-4c66-9d3e-7e796ecacb8a: shutdown FollowerState
2019-10-21 08:07:17,881 [Thread-902] INFO  impl.RaftServerImpl (RaftServerImpl.java:setRole(184)) - b166f5f1-a6ad-4c66-9d3e-7e796ecacb8a@group-139D7988E68A: changes role from  FOLLOWER to CANDIDATE at term 48 for changeToCandidate
2019-10-21 08:07:17,881 [Thread-902] INFO  impl.RoleInfo (RoleInfo.java:updateAndGet(143)) - b166f5f1-a6ad-4c66-9d3e-7e796ecacb8a: start LeaderElection
2019-10-21 08:07:17,890 [b166f5f1-a6ad-4c66-9d3e-7e796ecacb8a@group-139D7988E68A-LeaderElection49] INFO  impl.LeaderElection (LeaderElection.java:askForVotes(178)) - b166f5f1-a6ad-4c66-9d3e-7e796ecacb8a@group-139D7988E68A-LeaderElection49: begin an election at term 49 for 0: [b166f5f1-a6ad-4c66-9d3e-7e796ecacb8a:192.168.34.35:39693, 65d24b39-69ca-4c04-8db2-5f56e7503c5d:192.168.34.35:45259, 2f6ec408-7fd3-48a9-91b7-234721c6dbd9:192.168.34.35:41673], old=null
2019-10-21 08:07:17,896 [grpc-default-executor-3] INFO  impl.RaftServerImpl (RaftServerImpl.java:setRole(184)) - 2f6ec408-7fd3-48a9-91b7-234721c6dbd9@group-139D7988E68A: changes role from  FOLLOWER to FOLLOWER at term 49 for recognizeCandidate:b166f5f1-a6ad-4c66-9d3e-7e796ecacb8a
2019-10-21 08:07:17,896 [grpc-default-executor-3] INFO  impl.RoleInfo (RoleInfo.java:shutdownFollowerState(121)) - 2f6ec408-7fd3-48a9-91b7-234721c6dbd9: shutdown FollowerState
2019-10-21 08:07:17,896 [grpc-default-executor-3] INFO  impl.RoleInfo (RoleInfo.java:updateAndGet(143)) - 2f6ec408-7fd3-48a9-91b7-234721c6dbd9: start FollowerState
2019-10-21 08:07:17,896 [Thread-901] INFO  impl.FollowerState (FollowerState.java:run(117)) - 2f6ec408-7fd3-48a9-91b7-234721c6dbd9@group-139D7988E68A-FollowerState was interrupted: java.lang.InterruptedException: sleep interrupted
2019-10-21 08:07:17,896 [grpc-default-executor-1] INFO  impl.RaftServerImpl (RaftServerImpl.java:setRole(184)) - 65d24b39-69ca-4c04-8db2-5f56e7503c5d@group-139D7988E68A: changes role from  FOLLOWER to FOLLOWER at term 49 for recognizeCandidate:b166f5f1-a6ad-4c66-9d3e-7e796ecacb8a
2019-10-21 08:07:17,897 [grpc-default-executor-1] INFO  impl.RoleInfo (RoleInfo.java:shutdownFollowerState(121)) - 65d24b39-69ca-4c04-8db2-5f56e7503c5d: shutdown FollowerState
2019-10-21 08:07:17,897 [grpc-default-executor-1] INFO  impl.RoleInfo (RoleInfo.java:updateAndGet(143)) - 65d24b39-69ca-4c04-8db2-5f56e7503c5d: start FollowerState
2019-10-21 08:07:17,897 [Thread-900] INFO  impl.FollowerState (FollowerState.java:run(117)) - 65d24b39-69ca-4c04-8db2-5f56e7503c5d@group-139D7988E68A-FollowerState was interrupted: java.lang.InterruptedException: sleep interrupted
2019-10-21 08:07:17,911 [b166f5f1-a6ad-4c66-9d3e-7e796ecacb8a@group-139D7988E68A-LeaderElection49] INFO  impl.LeaderElection (LeaderElection.java:logAndReturn(56)) - b166f5f1-a6ad-4c66-9d3e-7e796ecacb8a@group-139D7988E68A-LeaderElection49: Election REJECTED; received 2 response(s) [b166f5f1-a6ad-4c66-9d3e-7e796ecacb8a<-65d24b39-69ca-4c04-8db2-5f56e7503c5d#0:FAIL-t49, b166f5f1-a6ad-4c66-9d3e-7e796ecacb8a<-2f6ec408-7fd3-48a9-91b7-234721c6dbd9#0:FAIL-t49] and 0 exception(s); b166f5f1-a6ad-4c66-9d3e-7e796ecacb8a@group-139D7988E68A:t49, leader=null, voted=b166f5f1-a6ad-4c66-9d3e-7e796ecacb8a, raftlog=b166f5f1-a6ad-4c66-9d3e-7e796ecacb8a@group-139D7988E68A-SegmentedRaftLog:OPENED:c3,f4,i4, conf=0: [b166f5f1-a6ad-4c66-9d3e-7e796ecacb8a:192.168.34.35:39693, 65d24b39-69ca-4c04-8db2-5f56e7503c5d:192.168.34.35:45259, 2f6ec408-7fd3-48a9-91b7-234721c6dbd9:192.168.34.35:41673], old=null
2019-10-21 08:07:17,912 [b166f5f1-a6ad-4c66-9d3e-7e796ecacb8a@group-139D7988E68A-LeaderElection49] INFO  impl.RaftServerImpl (RaftServerImpl.java:setRole(184)) - b166f5f1-a6ad-4c66-9d3e-7e796ecacb8a@group-139D7988E68A: changes role from CANDIDATE to FOLLOWER at term 49 for DISCOVERED_A_NEW_TERM
2019-10-21 08:07:17,912 [b166f5f1-a6ad-4c66-9d3e-7e796ecacb8a@group-139D7988E68A-LeaderElection49] INFO  impl.RoleInfo (RoleInfo.java:shutdownLeaderElection(134)) - b166f5f1-a6ad-4c66-9d3e-7e796ecacb8a: shutdown LeaderElection
2019-10-21 08:07:17,912 [b166f5f1-a6ad-4c66-9d3e-7e796ecacb8a@group-139D7988E68A-LeaderElection49] INFO  impl.RoleInfo (RoleInfo.java:updateAndGet(143)) - b166f5f1-a6ad-4c66-9d3e-7e796ecacb8a: start FollowerState
2019-10-21 08:07:17,999 [Thread-908] INFO  impl.FollowerState (FollowerState.java:run(108)) - b166f5f1-a6ad-4c66-9d3e-7e796ecacb8a@group-139D7988E68A-FollowerState: change to CANDIDATE, lastRpcTime:87ms, electionTimeout:87ms
2019-10-21 08:07:18,000 [Thread-908] INFO  impl.RoleInfo (RoleInfo.java:shutdownFollowerState(121)) - b166f5f1-a6ad-4c66-9d3e-7e796ecacb8a: shutdown FollowerState
2019-10-21 08:07:18,000 [Thread-908] INFO  impl.RaftServerImpl (RaftServerImpl.java:setRole(184)) - b166f5f1-a6ad-4c66-9d3e-7e796ecacb8a@group-139D7988E68A: changes role from  FOLLOWER to CANDIDATE at term 49 for changeToCandidate
2019-10-21 08:07:18,000 [Thread-908] INFO  impl.RoleInfo (RoleInfo.java:updateAndGet(143)) - b166f5f1-a6ad-4c66-9d3e-7e796ecacb8a: start LeaderElection
2019-10-21 08:07:18,025 [b166f5f1-a6ad-4c66-9d3e-7e796ecacb8a@group-139D7988E68A-LeaderElection50] INFO  impl.LeaderElection (LeaderElection.java:askForVotes(178)) - b166f5f1-a6ad-4c66-9d3e-7e796ecacb8a@group-139D7988E68A-LeaderElection50: begin an election at term 50 for 0: [b166f5f1-a6ad-4c66-9d3e-7e796ecacb8a:192.168.34.35:39693, 65d24b39-69ca-4c04-8db2-5f56e7503c5d:192.168.34.35:45259, 2f6ec408-7fd3-48a9-91b7-234721c6dbd9:192.168.34.35:41673], old=null
2019-10-21 08:07:18,028 [grpc-default-executor-1] INFO  impl.RaftServerImpl (RaftServerImpl.java:setRole(184)) - 2f6ec408-7fd3-48a9-91b7-234721c6dbd9@group-139D7988E68A: changes role from  FOLLOWER to FOLLOWER at term 50 for recognizeCandidate:b166f5f1-a6ad-4c66-9d3e-7e796ecacb8a
2019-10-21 08:07:18,028 [grpc-default-executor-1] INFO  impl.RoleInfo (RoleInfo.java:shutdownFollowerState(121)) - 2f6ec408-7fd3-48a9-91b7-234721c6dbd9: shutdown FollowerState
2019-10-21 08:07:18,028 [grpc-default-executor-3] INFO  impl.RaftServerImpl (RaftServerImpl.java:setRole(184)) - 65d24b39-69ca-4c04-8db2-5f56e7503c5d@group-139D7988E68A: changes role from  FOLLOWER to FOLLOWER at term 50 for recognizeCandidate:b166f5f1-a6ad-4c66-9d3e-7e796ecacb8a
2019-10-21 08:07:18,028 [Thread-906] INFO  impl.FollowerState (FollowerState.java:run(117)) - 2f6ec408-7fd3-48a9-91b7-234721c6dbd9@group-139D7988E68A-FollowerState was interrupted: java.lang.InterruptedException: sleep interrupted
2019-10-21 08:07:18,028 [grpc-default-executor-1] INFO  impl.RoleInfo (RoleInfo.java:updateAndGet(143)) - 2f6ec408-7fd3-48a9-91b7-234721c6dbd9: start FollowerState
2019-10-21 08:07:18,029 [grpc-default-executor-3] INFO  impl.RoleInfo (RoleInfo.java:shutdownFollowerState(121)) - 65d24b39-69ca-4c04-8db2-5f56e7503c5d: shutdown FollowerState
2019-10-21 08:07:18,029 [grpc-default-executor-3] INFO  impl.RoleInfo (RoleInfo.java:updateAndGet(143)) - 65d24b39-69ca-4c04-8db2-5f56e7503c5d: start FollowerState
2019-10-21 08:07:18,029 [Thread-907] INFO  impl.FollowerState (FollowerState.java:run(117)) - 65d24b39-69ca-4c04-8db2-5f56e7503c5d@group-139D7988E68A-FollowerState was interrupted: java.lang.InterruptedException: sleep interrupted
2019-10-21 08:07:18,055 [b166f5f1-a6ad-4c66-9d3e-7e796ecacb8a@group-139D7988E68A-LeaderElection50] INFO  impl.LeaderElection (LeaderElection.java:logAndReturn(56)) - b166f5f1-a6ad-4c66-9d3e-7e796ecacb8a@group-139D7988E68A-LeaderElection50: Election REJECTED; received 2 response(s) [b166f5f1-a6ad-4c66-9d3e-7e796ecacb8a<-65d24b39-69ca-4c04-8db2-5f56e7503c5d#0:FAIL-t50, b166f5f1-a6ad-4c66-9d3e-7e796ecacb8a<-2f6ec408-7fd3-48a9-91b7-234721c6dbd9#0:FAIL-t50] and 0 exception(s); b166f5f1-a6ad-4c66-9d3e-7e796ecacb8a@group-139D7988E68A:t50, leader=null, voted=b166f5f1-a6ad-4c66-9d3e-7e796ecacb8a, raftlog=b166f5f1-a6ad-4c66-9d3e-7e796ecacb8a@group-139D7988E68A-SegmentedRaftLog:OPENED:c3,f4,i4, conf=0: [b166f5f1-a6ad-4c66-9d3e-7e796ecacb8a:192.168.34.35:39693, 65d24b39-69ca-4c04-8db2-5f56e7503c5d:192.168.34.35:45259, 2f6ec408-7fd3-48a9-91b7-234721c6dbd9:192.168.34.35:41673], old=null
2019-10-21 08:07:18,055 [b166f5f1-a6ad-4c66-9d3e-7e796ecacb8a@group-139D7988E68A-LeaderElection50] INFO  impl.RaftServerImpl (RaftServerImpl.java:setRole(184)) - b166f5f1-a6ad-4c66-9d3e-7e796ecacb8a@group-139D7988E68A: changes role from CANDIDATE to FOLLOWER at term 50 for DISCOVERED_A_NEW_TERM
2019-10-21 08:07:18,055 [b166f5f1-a6ad-4c66-9d3e-7e796ecacb8a@group-139D7988E68A-LeaderElection50] INFO  impl.RoleInfo (RoleInfo.java:shutdownLeaderElection(134)) - b166f5f1-a6ad-4c66-9d3e-7e796ecacb8a: shutdown LeaderElection
2019-10-21 08:07:18,056 [b166f5f1-a6ad-4c66-9d3e-7e796ecacb8a@group-139D7988E68A-LeaderElection50] INFO  impl.RoleInfo (RoleInfo.java:updateAndGet(143)) - b166f5f1-a6ad-4c66-9d3e-7e796ecacb8a: start FollowerState
2019-10-21 08:07:18,170 [BlockDeletingService#2] WARN  background.BlockDeletingService (BlockDeletingService.java:isDeletionAllowed(187)) - Close Container log Index 6 is not replicated across allthe servers in the pipeline 43b28a2a-1a81-4de9-bdfa-139d7988e68a as the min replicated index is 4. Deletion is not allowed in this container yet.
2019-10-21 08:07:18,170 [BlockDeletingService#0] WARN  background.BlockDeletingService (BlockDeletingService.java:isDeletionAllowed(187)) - Close Container log Index 6 is not replicated across allthe servers in the pipeline 43b28a2a-1a81-4de9-bdfa-139d7988e68a as the min replicated index is 4. Deletion is not allowed in this container yet.
2019-10-21 08:07:18,205 [Thread-915] INFO  impl.FollowerState (FollowerState.java:run(108)) - b166f5f1-a6ad-4c66-9d3e-7e796ecacb8a@group-139D7988E68A-FollowerState: change to CANDIDATE, lastRpcTime:149ms, electionTimeout:149ms
2019-10-21 08:07:18,205 [Thread-915] INFO  impl.RoleInfo (RoleInfo.java:shutdownFollowerState(121)) - b166f5f1-a6ad-4c66-9d3e-7e796ecacb8a: shutdown FollowerState
2019-10-21 08:07:18,205 [Thread-915] INFO  impl.RaftServerImpl (RaftServerImpl.java:setRole(184)) - b166f5f1-a6ad-4c66-9d3e-7e796ecacb8a@group-139D7988E68A: changes role from  FOLLOWER to CANDIDATE at term 50 for changeToCandidate
2019-10-21 08:07:18,206 [Thread-915] INFO  impl.RoleInfo (RoleInfo.java:updateAndGet(143)) - b166f5f1-a6ad-4c66-9d3e-7e796ecacb8a: start LeaderElection
2019-10-21 08:07:18,215 [Thread-920] INFO  client.GrpcClientProtocolService (GrpcClientProtocolService.java:lambda$processClientRequest$0(278)) - Failed RaftClientRequest:client-771575C6CFE7->b166f5f1-a6ad-4c66-9d3e-7e796ecacb8a@group-139D7988E68A, cid=10, seq=0, Watch-ALL_COMMITTED(6), Message:<EMPTY>, reply=RaftClientReply:client-771575C6CFE7->b166f5f1-a6ad-4c66-9d3e-7e796ecacb8a@group-139D7988E68A, cid=10, FAILED org.apache.ratis.protocol.NotLeaderException: Server b166f5f1-a6ad-4c66-9d3e-7e796ecacb8a@group-139D7988E68A is not the leader, logIndex=0, commits[b166f5f1-a6ad-4c66-9d3e-7e796ecacb8a:c3]
2019-10-21 08:07:18,220 [b166f5f1-a6ad-4c66-9d3e-7e796ecacb8a@group-139D7988E68A-LeaderElection51] INFO  impl.LeaderElection (LeaderElection.java:askForVotes(178)) - b166f5f1-a6ad-4c66-9d3e-7e796ecacb8a@group-139D7988E68A-LeaderElection51: begin an election at term 51 for 0: [b166f5f1-a6ad-4c66-9d3e-7e796ecacb8a:192.168.34.35:39693, 65d24b39-69ca-4c04-8db2-5f56e7503c5d:192.168.34.35:45259, 2f6ec408-7fd3-48a9-91b7-234721c6dbd9:192.168.34.35:41673], old=null
2019-10-21 08:07:18,226 [grpc-default-executor-1] INFO  impl.RaftServerImpl (RaftServerImpl.java:setRole(184)) - 2f6ec408-7fd3-48a9-91b7-234721c6dbd9@group-139D7988E68A: changes role from  FOLLOWER to FOLLOWER at term 51 for recognizeCandidate:b166f5f1-a6ad-4c66-9d3e-7e796ecacb8a
2019-10-21 08:07:18,226 [grpc-default-executor-1] INFO  impl.RoleInfo (RoleInfo.java:shutdownFollowerState(121)) - 2f6ec408-7fd3-48a9-91b7-234721c6dbd9: shutdown FollowerState
2019-10-21 08:07:18,226 [grpc-default-executor-3] INFO  impl.RaftServerImpl (RaftServerImpl.java:setRole(184)) - 65d24b39-69ca-4c04-8db2-5f56e7503c5d@group-139D7988E68A: changes role from  FOLLOWER to FOLLOWER at term 51 for recognizeCandidate:b166f5f1-a6ad-4c66-9d3e-7e796ecacb8a
2019-10-21 08:07:18,226 [Thread-913] INFO  impl.FollowerState (FollowerState.java:run(117)) - 2f6ec408-7fd3-48a9-91b7-234721c6dbd9@group-139D7988E68A-FollowerState was interrupted: java.lang.InterruptedException: sleep interrupted
2019-10-21 08:07:18,226 [grpc-default-executor-1] INFO  impl.RoleInfo (RoleInfo.java:updateAndGet(143)) - 2f6ec408-7fd3-48a9-91b7-234721c6dbd9: start FollowerState
2019-10-21 08:07:18,226 [grpc-default-executor-3] INFO  impl.RoleInfo (RoleInfo.java:shutdownFollowerState(121)) - 65d24b39-69ca-4c04-8db2-5f56e7503c5d: shutdown FollowerState
2019-10-21 08:07:18,226 [grpc-default-executor-3] INFO  impl.RoleInfo (RoleInfo.java:updateAndGet(143)) - 65d24b39-69ca-4c04-8db2-5f56e7503c5d: start FollowerState
2019-10-21 08:07:18,226 [Thread-914] INFO  impl.FollowerState (FollowerState.java:run(117)) - 65d24b39-69ca-4c04-8db2-5f56e7503c5d@group-139D7988E68A-FollowerState was interrupted: java.lang.InterruptedException: sleep interrupted
2019-10-21 08:07:18,241 [b166f5f1-a6ad-4c66-9d3e-7e796ecacb8a@group-139D7988E68A-LeaderElection51] INFO  impl.LeaderElection (LeaderElection.java:logAndReturn(56)) - b166f5f1-a6ad-4c66-9d3e-7e796ecacb8a@group-139D7988E68A-LeaderElection51: Election REJECTED; received 2 response(s) [b166f5f1-a6ad-4c66-9d3e-7e796ecacb8a<-65d24b39-69ca-4c04-8db2-5f56e7503c5d#0:FAIL-t51, b166f5f1-a6ad-4c66-9d3e-7e796ecacb8a<-2f6ec408-7fd3-48a9-91b7-234721c6dbd9#0:FAIL-t51] and 0 exception(s); b166f5f1-a6ad-4c66-9d3e-7e796ecacb8a@group-139D7988E68A:t51, leader=null, voted=b166f5f1-a6ad-4c66-9d3e-7e796ecacb8a, raftlog=b166f5f1-a6ad-4c66-9d3e-7e796ecacb8a@group-139D7988E68A-SegmentedRaftLog:OPENED:c3,f4,i4, conf=0: [b166f5f1-a6ad-4c66-9d3e-7e796ecacb8a:192.168.34.35:39693, 65d24b39-69ca-4c04-8db2-5f56e7503c5d:192.168.34.35:45259, 2f6ec408-7fd3-48a9-91b7-234721c6dbd9:192.168.34.35:41673], old=null
2019-10-21 08:07:18,241 [b166f5f1-a6ad-4c66-9d3e-7e796ecacb8a@group-139D7988E68A-LeaderElection51] INFO  impl.RaftServerImpl (RaftServerImpl.java:setRole(184)) - b166f5f1-a6ad-4c66-9d3e-7e796ecacb8a@group-139D7988E68A: changes role from CANDIDATE to FOLLOWER at term 51 for DISCOVERED_A_NEW_TERM
2019-10-21 08:07:18,241 [b166f5f1-a6ad-4c66-9d3e-7e796ecacb8a@group-139D7988E68A-LeaderElection51] INFO  impl.RoleInfo (RoleInfo.java:shutdownLeaderElection(134)) - b166f5f1-a6ad-4c66-9d3e-7e796ecacb8a: shutdown LeaderElection
2019-10-21 08:07:18,241 [b166f5f1-a6ad-4c66-9d3e-7e796ecacb8a@group-139D7988E68A-LeaderElection51] INFO  impl.RoleInfo (RoleInfo.java:updateAndGet(143)) - b166f5f1-a6ad-4c66-9d3e-7e796ecacb8a: start FollowerState
2019-10-21 08:07:18,347 [Thread-926] INFO  impl.FollowerState (FollowerState.java:run(108)) - b166f5f1-a6ad-4c66-9d3e-7e796ecacb8a@group-139D7988E68A-FollowerState: change to CANDIDATE, lastRpcTime:105ms, electionTimeout:105ms
2019-10-21 08:07:18,347 [Thread-926] INFO  impl.RoleInfo (RoleInfo.java:shutdownFollowerState(121)) - b166f5f1-a6ad-4c66-9d3e-7e796ecacb8a: shutdown FollowerState
2019-10-21 08:07:18,347 [Thread-926] INFO  impl.RaftServerImpl (RaftServerImpl.java:setRole(184)) - b166f5f1-a6ad-4c66-9d3e-7e796ecacb8a@group-139D7988E68A: changes role from  FOLLOWER to CANDIDATE at term 51 for changeToCandidate
2019-10-21 08:07:18,347 [Thread-926] INFO  impl.RoleInfo (RoleInfo.java:updateAndGet(143)) - b166f5f1-a6ad-4c66-9d3e-7e796ecacb8a: start LeaderElection
2019-10-21 08:07:18,373 [b166f5f1-a6ad-4c66-9d3e-7e796ecacb8a@group-139D7988E68A-LeaderElection52] INFO  impl.LeaderElection (LeaderElection.java:askForVotes(178)) - b166f5f1-a6ad-4c66-9d3e-7e796ecacb8a@group-139D7988E68A-LeaderElection52: begin an election at term 52 for 0: [b166f5f1-a6ad-4c66-9d3e-7e796ecacb8a:192.168.34.35:39693, 65d24b39-69ca-4c04-8db2-5f56e7503c5d:192.168.34.35:45259, 2f6ec408-7fd3-48a9-91b7-234721c6dbd9:192.168.34.35:41673], old=null
2019-10-21 08:07:18,376 [grpc-default-executor-3] INFO  impl.RaftServerImpl (RaftServerImpl.java:setRole(184)) - 2f6ec408-7fd3-48a9-91b7-234721c6dbd9@group-139D7988E68A: changes role from  FOLLOWER to FOLLOWER at term 52 for recognizeCandidate:b166f5f1-a6ad-4c66-9d3e-7e796ecacb8a
2019-10-21 08:07:18,377 [grpc-default-executor-3] INFO  impl.RoleInfo (RoleInfo.java:shutdownFollowerState(121)) - 2f6ec408-7fd3-48a9-91b7-234721c6dbd9: shutdown FollowerState
2019-10-21 08:07:18,377 [grpc-default-executor-3] INFO  impl.RoleInfo (RoleInfo.java:updateAndGet(143)) - 2f6ec408-7fd3-48a9-91b7-234721c6dbd9: start FollowerState
2019-10-21 08:07:18,377 [Thread-924] INFO  impl.FollowerState (FollowerState.java:run(117)) - 2f6ec408-7fd3-48a9-91b7-234721c6dbd9@group-139D7988E68A-FollowerState was interrupted: java.lang.InterruptedException: sleep interrupted
2019-10-21 08:07:18,377 [grpc-default-executor-1] INFO  impl.RaftServerImpl (RaftServerImpl.java:setRole(184)) - 65d24b39-69ca-4c04-8db2-5f56e7503c5d@group-139D7988E68A: changes role from  FOLLOWER to FOLLOWER at term 52 for recognizeCandidate:b166f5f1-a6ad-4c66-9d3e-7e796ecacb8a
2019-10-21 08:07:18,377 [grpc-default-executor-1] INFO  impl.RoleInfo (RoleInfo.java:shutdownFollowerState(121)) - 65d24b39-69ca-4c04-8db2-5f56e7503c5d: shutdown FollowerState
2019-10-21 08:07:18,378 [grpc-default-executor-1] INFO  impl.RoleInfo (RoleInfo.java:updateAndGet(143)) - 65d24b39-69ca-4c04-8db2-5f56e7503c5d: start FollowerState
2019-10-21 08:07:18,378 [Thread-925] INFO  impl.FollowerState (FollowerState.java:run(117)) - 65d24b39-69ca-4c04-8db2-5f56e7503c5d@group-139D7988E68A-FollowerState was interrupted: java.lang.InterruptedException: sleep interrupted
2019-10-21 08:07:18,394 [b166f5f1-a6ad-4c66-9d3e-7e796ecacb8a@group-139D7988E68A-LeaderElection52] INFO  impl.LeaderElection (LeaderElection.java:logAndReturn(56)) - b166f5f1-a6ad-4c66-9d3e-7e796ecacb8a@group-139D7988E68A-LeaderElection52: Election REJECTED; received 2 response(s) [b166f5f1-a6ad-4c66-9d3e-7e796ecacb8a<-65d24b39-69ca-4c04-8db2-5f56e7503c5d#0:FAIL-t52, b166f5f1-a6ad-4c66-9d3e-7e796ecacb8a<-2f6ec408-7fd3-48a9-91b7-234721c6dbd9#0:FAIL-t52] and 0 exception(s); b166f5f1-a6ad-4c66-9d3e-7e796ecacb8a@group-139D7988E68A:t52, leader=null, voted=b166f5f1-a6ad-4c66-9d3e-7e796ecacb8a, raftlog=b166f5f1-a6ad-4c66-9d3e-7e796ecacb8a@group-139D7988E68A-SegmentedRaftLog:OPENED:c3,f4,i4, conf=0: [b166f5f1-a6ad-4c66-9d3e-7e796ecacb8a:192.168.34.35:39693, 65d24b39-69ca-4c04-8db2-5f56e7503c5d:192.168.34.35:45259, 2f6ec408-7fd3-48a9-91b7-234721c6dbd9:192.168.34.35:41673], old=null
2019-10-21 08:07:18,394 [b166f5f1-a6ad-4c66-9d3e-7e796ecacb8a@group-139D7988E68A-LeaderElection52] INFO  impl.RaftServerImpl (RaftServerImpl.java:setRole(184)) - b166f5f1-a6ad-4c66-9d3e-7e796ecacb8a@group-139D7988E68A: changes role from CANDIDATE to FOLLOWER at term 52 for DISCOVERED_A_NEW_TERM
2019-10-21 08:07:18,394 [b166f5f1-a6ad-4c66-9d3e-7e796ecacb8a@group-139D7988E68A-LeaderElection52] INFO  impl.RoleInfo (RoleInfo.java:shutdownLeaderElection(134)) - b166f5f1-a6ad-4c66-9d3e-7e796ecacb8a: shutdown LeaderElection
2019-10-21 08:07:18,394 [b166f5f1-a6ad-4c66-9d3e-7e796ecacb8a@group-139D7988E68A-LeaderElection52] INFO  impl.RoleInfo (RoleInfo.java:updateAndGet(143)) - b166f5f1-a6ad-4c66-9d3e-7e796ecacb8a: start FollowerState
2019-10-21 08:07:18,435 [Thread-932] INFO  impl.FollowerState (FollowerState.java:run(108)) - b166f5f1-a6ad-4c66-9d3e-7e796ecacb8a@group-139D7988E68A-FollowerState: change to CANDIDATE, lastRpcTime:40ms, electionTimeout:40ms
2019-10-21 08:07:18,435 [Thread-932] INFO  impl.RoleInfo (RoleInfo.java:shutdownFollowerState(121)) - b166f5f1-a6ad-4c66-9d3e-7e796ecacb8a: shutdown FollowerState
2019-10-21 08:07:18,435 [Thread-932] INFO  impl.RaftServerImpl (RaftServerImpl.java:setRole(184)) - b166f5f1-a6ad-4c66-9d3e-7e796ecacb8a@group-139D7988E68A: changes role from  FOLLOWER to CANDIDATE at term 52 for changeToCandidate
2019-10-21 08:07:18,435 [Thread-932] INFO  impl.RoleInfo (RoleInfo.java:updateAndGet(143)) - b166f5f1-a6ad-4c66-9d3e-7e796ecacb8a: start LeaderElection
2019-10-21 08:07:18,450 [b166f5f1-a6ad-4c66-9d3e-7e796ecacb8a@group-139D7988E68A-LeaderElection53] INFO  impl.LeaderElection (LeaderElection.java:askForVotes(178)) - b166f5f1-a6ad-4c66-9d3e-7e796ecacb8a@group-139D7988E68A-LeaderElection53: begin an election at term 53 for 0: [b166f5f1-a6ad-4c66-9d3e-7e796ecacb8a:192.168.34.35:39693, 65d24b39-69ca-4c04-8db2-5f56e7503c5d:192.168.34.35:45259, 2f6ec408-7fd3-48a9-91b7-234721c6dbd9:192.168.34.35:41673], old=null
2019-10-21 08:07:18,452 [grpc-default-executor-3] INFO  impl.RaftServerImpl (RaftServerImpl.java:setRole(184)) - 2f6ec408-7fd3-48a9-91b7-234721c6dbd9@group-139D7988E68A: changes role from  FOLLOWER to FOLLOWER at term 53 for recognizeCandidate:b166f5f1-a6ad-4c66-9d3e-7e796ecacb8a
2019-10-21 08:07:18,452 [grpc-default-executor-1] INFO  impl.RaftServerImpl (RaftServerImpl.java:setRole(184)) - 65d24b39-69ca-4c04-8db2-5f56e7503c5d@group-139D7988E68A: changes role from  FOLLOWER to FOLLOWER at term 53 for recognizeCandidate:b166f5f1-a6ad-4c66-9d3e-7e796ecacb8a
2019-10-21 08:07:18,452 [grpc-default-executor-3] INFO  impl.RoleInfo (RoleInfo.java:shutdownFollowerState(121)) - 2f6ec408-7fd3-48a9-91b7-234721c6dbd9: shutdown FollowerState
2019-10-21 08:07:18,453 [grpc-default-executor-1] INFO  impl.RoleInfo (RoleInfo.java:shutdownFollowerState(121)) - 65d24b39-69ca-4c04-8db2-5f56e7503c5d: shutdown FollowerState
2019-10-21 08:07:18,453 [Thread-930] INFO  impl.FollowerState (FollowerState.java:run(117)) - 2f6ec408-7fd3-48a9-91b7-234721c6dbd9@group-139D7988E68A-FollowerState was interrupted: java.lang.InterruptedException: sleep interrupted
2019-10-21 08:07:18,453 [grpc-default-executor-1] INFO  impl.RoleInfo (RoleInfo.java:updateAndGet(143)) - 65d24b39-69ca-4c04-8db2-5f56e7503c5d: start FollowerState
2019-10-21 08:07:18,453 [grpc-default-executor-3] INFO  impl.RoleInfo (RoleInfo.java:updateAndGet(143)) - 2f6ec408-7fd3-48a9-91b7-234721c6dbd9: start FollowerState
2019-10-21 08:07:18,453 [Thread-931] INFO  impl.FollowerState (FollowerState.java:run(117)) - 65d24b39-69ca-4c04-8db2-5f56e7503c5d@group-139D7988E68A-FollowerState was interrupted: java.lang.InterruptedException: sleep interrupted
2019-10-21 08:07:18,468 [b166f5f1-a6ad-4c66-9d3e-7e796ecacb8a@group-139D7988E68A-LeaderElection53] INFO  impl.LeaderElection (LeaderElection.java:logAndReturn(56)) - b166f5f1-a6ad-4c66-9d3e-7e796ecacb8a@group-139D7988E68A-LeaderElection53: Election REJECTED; received 2 response(s) [b166f5f1-a6ad-4c66-9d3e-7e796ecacb8a<-65d24b39-69ca-4c04-8db2-5f56e7503c5d#0:FAIL-t53, b166f5f1-a6ad-4c66-9d3e-7e796ecacb8a<-2f6ec408-7fd3-48a9-91b7-234721c6dbd9#0:FAIL-t53] and 0 exception(s); b166f5f1-a6ad-4c66-9d3e-7e796ecacb8a@group-139D7988E68A:t53, leader=null, voted=b166f5f1-a6ad-4c66-9d3e-7e796ecacb8a, raftlog=b166f5f1-a6ad-4c66-9d3e-7e796ecacb8a@group-139D7988E68A-SegmentedRaftLog:OPENED:c3,f4,i4, conf=0: [b166f5f1-a6ad-4c66-9d3e-7e796ecacb8a:192.168.34.35:39693, 65d24b39-69ca-4c04-8db2-5f56e7503c5d:192.168.34.35:45259, 2f6ec408-7fd3-48a9-91b7-234721c6dbd9:192.168.34.35:41673], old=null
2019-10-21 08:07:18,468 [b166f5f1-a6ad-4c66-9d3e-7e796ecacb8a@group-139D7988E68A-LeaderElection53] INFO  impl.RaftServerImpl (RaftServerImpl.java:setRole(184)) - b166f5f1-a6ad-4c66-9d3e-7e796ecacb8a@group-139D7988E68A: changes role from CANDIDATE to FOLLOWER at term 53 for DISCOVERED_A_NEW_TERM
2019-10-21 08:07:18,468 [b166f5f1-a6ad-4c66-9d3e-7e796ecacb8a@group-139D7988E68A-LeaderElection53] INFO  impl.RoleInfo (RoleInfo.java:shutdownLeaderElection(134)) - b166f5f1-a6ad-4c66-9d3e-7e796ecacb8a: shutdown LeaderElection
2019-10-21 08:07:18,468 [b166f5f1-a6ad-4c66-9d3e-7e796ecacb8a@group-139D7988E68A-LeaderElection53] INFO  impl.RoleInfo (RoleInfo.java:updateAndGet(143)) - b166f5f1-a6ad-4c66-9d3e-7e796ecacb8a: start FollowerState
2019-10-21 08:07:18,491 [Thread-938] INFO  impl.FollowerState (FollowerState.java:run(108)) - b166f5f1-a6ad-4c66-9d3e-7e796ecacb8a@group-139D7988E68A-FollowerState: change to CANDIDATE, lastRpcTime:22ms, electionTimeout:22ms
2019-10-21 08:07:18,491 [Thread-938] INFO  impl.RoleInfo (RoleInfo.java:shutdownFollowerState(121)) - b166f5f1-a6ad-4c66-9d3e-7e796ecacb8a: shutdown FollowerState
2019-10-21 08:07:18,491 [Thread-938] INFO  impl.RaftServerImpl (RaftServerImpl.java:setRole(184)) - b166f5f1-a6ad-4c66-9d3e-7e796ecacb8a@group-139D7988E68A: changes role from  FOLLOWER to CANDIDATE at term 53 for changeToCandidate
2019-10-21 08:07:18,491 [Thread-938] INFO  impl.RoleInfo (RoleInfo.java:updateAndGet(143)) - b166f5f1-a6ad-4c66-9d3e-7e796ecacb8a: start LeaderElection
2019-10-21 08:07:18,505 [b166f5f1-a6ad-4c66-9d3e-7e796ecacb8a@group-139D7988E68A-LeaderElection54] INFO  impl.LeaderElection (LeaderElection.java:askForVotes(178)) - b166f5f1-a6ad-4c66-9d3e-7e796ecacb8a@group-139D7988E68A-LeaderElection54: begin an election at term 54 for 0: [b166f5f1-a6ad-4c66-9d3e-7e796ecacb8a:192.168.34.35:39693, 65d24b39-69ca-4c04-8db2-5f56e7503c5d:192.168.34.35:45259, 2f6ec408-7fd3-48a9-91b7-234721c6dbd9:192.168.34.35:41673], old=null
2019-10-21 08:07:18,508 [grpc-default-executor-1] INFO  impl.RaftServerImpl (RaftServerImpl.java:setRole(184)) - 65d24b39-69ca-4c04-8db2-5f56e7503c5d@group-139D7988E68A: changes role from  FOLLOWER to FOLLOWER at term 54 for recognizeCandidate:b166f5f1-a6ad-4c66-9d3e-7e796ecacb8a
2019-10-21 08:07:18,508 [grpc-default-executor-3] INFO  impl.RaftServerImpl (RaftServerImpl.java:setRole(184)) - 2f6ec408-7fd3-48a9-91b7-234721c6dbd9@group-139D7988E68A: changes role from  FOLLOWER to FOLLOWER at term 54 for recognizeCandidate:b166f5f1-a6ad-4c66-9d3e-7e796ecacb8a
2019-10-21 08:07:18,508 [grpc-default-executor-3] INFO  impl.RoleInfo (RoleInfo.java:shutdownFollowerState(121)) - 2f6ec408-7fd3-48a9-91b7-234721c6dbd9: shutdown FollowerState
2019-10-21 08:07:18,508 [grpc-default-executor-1] INFO  impl.RoleInfo (RoleInfo.java:shutdownFollowerState(121)) - 65d24b39-69ca-4c04-8db2-5f56e7503c5d: shutdown FollowerState
2019-10-21 08:07:18,508 [Thread-936] INFO  impl.FollowerState (FollowerState.java:run(117)) - 2f6ec408-7fd3-48a9-91b7-234721c6dbd9@group-139D7988E68A-FollowerState was interrupted: java.lang.InterruptedException: sleep interrupted
2019-10-21 08:07:18,508 [grpc-default-executor-3] INFO  impl.RoleInfo (RoleInfo.java:updateAndGet(143)) - 2f6ec408-7fd3-48a9-91b7-234721c6dbd9: start FollowerState
2019-10-21 08:07:18,508 [Thread-937] INFO  impl.FollowerState (FollowerState.java:run(117)) - 65d24b39-69ca-4c04-8db2-5f56e7503c5d@group-139D7988E68A-FollowerState was interrupted: java.lang.InterruptedException: sleep interrupted
2019-10-21 08:07:18,508 [grpc-default-executor-1] INFO  impl.RoleInfo (RoleInfo.java:updateAndGet(143)) - 65d24b39-69ca-4c04-8db2-5f56e7503c5d: start FollowerState
2019-10-21 08:07:18,532 [b166f5f1-a6ad-4c66-9d3e-7e796ecacb8a@group-139D7988E68A-LeaderElection54] INFO  impl.LeaderElection (LeaderElection.java:logAndReturn(56)) - b166f5f1-a6ad-4c66-9d3e-7e796ecacb8a@group-139D7988E68A-LeaderElection54: Election TIMEOUT; received 0 response(s) [] and 0 exception(s); b166f5f1-a6ad-4c66-9d3e-7e796ecacb8a@group-139D7988E68A:t54, leader=null, voted=b166f5f1-a6ad-4c66-9d3e-7e796ecacb8a, raftlog=b166f5f1-a6ad-4c66-9d3e-7e796ecacb8a@group-139D7988E68A-SegmentedRaftLog:OPENED:c3,f4,i4, conf=0: [b166f5f1-a6ad-4c66-9d3e-7e796ecacb8a:192.168.34.35:39693, 65d24b39-69ca-4c04-8db2-5f56e7503c5d:192.168.34.35:45259, 2f6ec408-7fd3-48a9-91b7-234721c6dbd9:192.168.34.35:41673], old=null
2019-10-21 08:07:18,545 [b166f5f1-a6ad-4c66-9d3e-7e796ecacb8a@group-139D7988E68A-LeaderElection54] INFO  impl.LeaderElection (LeaderElection.java:askForVotes(178)) - b166f5f1-a6ad-4c66-9d3e-7e796ecacb8a@group-139D7988E68A-LeaderElection54: begin an election at term 55 for 0: [b166f5f1-a6ad-4c66-9d3e-7e796ecacb8a:192.168.34.35:39693, 65d24b39-69ca-4c04-8db2-5f56e7503c5d:192.168.34.35:45259, 2f6ec408-7fd3-48a9-91b7-234721c6dbd9:192.168.34.35:41673], old=null
2019-10-21 08:07:18,547 [grpc-default-executor-3] INFO  impl.RaftServerImpl (RaftServerImpl.java:setRole(184)) - 65d24b39-69ca-4c04-8db2-5f56e7503c5d@group-139D7988E68A: changes role from  FOLLOWER to FOLLOWER at term 55 for recognizeCandidate:b166f5f1-a6ad-4c66-9d3e-7e796ecacb8a
2019-10-21 08:07:18,547 [grpc-default-executor-1] INFO  impl.RaftServerImpl (RaftServerImpl.java:setRole(184)) - 2f6ec408-7fd3-48a9-91b7-234721c6dbd9@group-139D7988E68A: changes role from  FOLLOWER to FOLLOWER at term 55 for recognizeCandidate:b166f5f1-a6ad-4c66-9d3e-7e796ecacb8a
2019-10-21 08:07:18,547 [grpc-default-executor-3] INFO  impl.RoleInfo (RoleInfo.java:shutdownFollowerState(121)) - 65d24b39-69ca-4c04-8db2-5f56e7503c5d: shutdown FollowerState
2019-10-21 08:07:18,547 [grpc-default-executor-1] INFO  impl.RoleInfo (RoleInfo.java:shutdownFollowerState(121)) - 2f6ec408-7fd3-48a9-91b7-234721c6dbd9: shutdown FollowerState
2019-10-21 08:07:18,547 [Thread-943] INFO  impl.FollowerState (FollowerState.java:run(117)) - 65d24b39-69ca-4c04-8db2-5f56e7503c5d@group-139D7988E68A-FollowerState was interrupted: java.lang.InterruptedException: sleep interrupted
2019-10-21 08:07:18,547 [grpc-default-executor-3] INFO  impl.RoleInfo (RoleInfo.java:updateAndGet(143)) - 65d24b39-69ca-4c04-8db2-5f56e7503c5d: start FollowerState
2019-10-21 08:07:18,548 [Thread-942] INFO  impl.FollowerState (FollowerState.java:run(117)) - 2f6ec408-7fd3-48a9-91b7-234721c6dbd9@group-139D7988E68A-FollowerState was interrupted: java.lang.InterruptedException: sleep interrupted
2019-10-21 08:07:18,547 [grpc-default-executor-1] INFO  impl.RoleInfo (RoleInfo.java:updateAndGet(143)) - 2f6ec408-7fd3-48a9-91b7-234721c6dbd9: start FollowerState
2019-10-21 08:07:18,563 [b166f5f1-a6ad-4c66-9d3e-7e796ecacb8a@group-139D7988E68A-LeaderElection54] INFO  impl.LeaderElection (LeaderElection.java:logAndReturn(56)) - b166f5f1-a6ad-4c66-9d3e-7e796ecacb8a@group-139D7988E68A-LeaderElection54: Election REJECTED; received 2 response(s) [b166f5f1-a6ad-4c66-9d3e-7e796ecacb8a<-65d24b39-69ca-4c04-8db2-5f56e7503c5d#0:FAIL-t55, b166f5f1-a6ad-4c66-9d3e-7e796ecacb8a<-2f6ec408-7fd3-48a9-91b7-234721c6dbd9#0:FAIL-t55] and 0 exception(s); b166f5f1-a6ad-4c66-9d3e-7e796ecacb8a@group-139D7988E68A:t55, leader=null, voted=b166f5f1-a6ad-4c66-9d3e-7e796ecacb8a, raftlog=b166f5f1-a6ad-4c66-9d3e-7e796ecacb8a@group-139D7988E68A-SegmentedRaftLog:OPENED:c3,f4,i4, conf=0: [b166f5f1-a6ad-4c66-9d3e-7e796ecacb8a:192.168.34.35:39693, 65d24b39-69ca-4c04-8db2-5f56e7503c5d:192.168.34.35:45259, 2f6ec408-7fd3-48a9-91b7-234721c6dbd9:192.168.34.35:41673], old=null
2019-10-21 08:07:18,564 [b166f5f1-a6ad-4c66-9d3e-7e796ecacb8a@group-139D7988E68A-LeaderElection54] INFO  impl.RaftServerImpl (RaftServerImpl.java:setRole(184)) - b166f5f1-a6ad-4c66-9d3e-7e796ecacb8a@group-139D7988E68A: changes role from CANDIDATE to FOLLOWER at term 55 for DISCOVERED_A_NEW_TERM
2019-10-21 08:07:18,564 [b166f5f1-a6ad-4c66-9d3e-7e796ecacb8a@group-139D7988E68A-LeaderElection54] INFO  impl.RoleInfo (RoleInfo.java:shutdownLeaderElection(134)) - b166f5f1-a6ad-4c66-9d3e-7e796ecacb8a: shutdown LeaderElection
2019-10-21 08:07:18,564 [b166f5f1-a6ad-4c66-9d3e-7e796ecacb8a@group-139D7988E68A-LeaderElection54] INFO  impl.RoleInfo (RoleInfo.java:updateAndGet(143)) - b166f5f1-a6ad-4c66-9d3e-7e796ecacb8a: start FollowerState
2019-10-21 08:07:18,631 [Thread-948] INFO  impl.FollowerState (FollowerState.java:run(108)) - b166f5f1-a6ad-4c66-9d3e-7e796ecacb8a@group-139D7988E68A-FollowerState: change to CANDIDATE, lastRpcTime:67ms, electionTimeout:67ms
2019-10-21 08:07:18,631 [Thread-948] INFO  impl.RoleInfo (RoleInfo.java:shutdownFollowerState(121)) - b166f5f1-a6ad-4c66-9d3e-7e796ecacb8a: shutdown FollowerState
2019-10-21 08:07:18,632 [Thread-948] INFO  impl.RaftServerImpl (RaftServerImpl.java:setRole(184)) - b166f5f1-a6ad-4c66-9d3e-7e796ecacb8a@group-139D7988E68A: changes role from  FOLLOWER to CANDIDATE at term 55 for changeToCandidate
2019-10-21 08:07:18,632 [Thread-948] INFO  impl.RoleInfo (RoleInfo.java:updateAndGet(143)) - b166f5f1-a6ad-4c66-9d3e-7e796ecacb8a: start LeaderElection
2019-10-21 08:07:18,647 [b166f5f1-a6ad-4c66-9d3e-7e796ecacb8a@group-139D7988E68A-LeaderElection55] INFO  impl.LeaderElection (LeaderElection.java:askForVotes(178)) - b166f5f1-a6ad-4c66-9d3e-7e796ecacb8a@group-139D7988E68A-LeaderElection55: begin an election at term 56 for 0: [b166f5f1-a6ad-4c66-9d3e-7e796ecacb8a:192.168.34.35:39693, 65d24b39-69ca-4c04-8db2-5f56e7503c5d:192.168.34.35:45259, 2f6ec408-7fd3-48a9-91b7-234721c6dbd9:192.168.34.35:41673], old=null
2019-10-21 08:07:18,649 [grpc-default-executor-1] INFO  impl.RaftServerImpl (RaftServerImpl.java:setRole(184)) - 65d24b39-69ca-4c04-8db2-5f56e7503c5d@group-139D7988E68A: changes role from  FOLLOWER to FOLLOWER at term 56 for recognizeCandidate:b166f5f1-a6ad-4c66-9d3e-7e796ecacb8a
2019-10-21 08:07:18,649 [grpc-default-executor-1] INFO  impl.RoleInfo (RoleInfo.java:shutdownFollowerState(121)) - 65d24b39-69ca-4c04-8db2-5f56e7503c5d: shutdown FollowerState
2019-10-21 08:07:18,650 [grpc-default-executor-3] INFO  impl.RaftServerImpl (RaftServerImpl.java:setRole(184)) - 2f6ec408-7fd3-48a9-91b7-234721c6dbd9@group-139D7988E68A: changes role from  FOLLOWER to FOLLOWER at term 56 for recognizeCandidate:b166f5f1-a6ad-4c66-9d3e-7e796ecacb8a
2019-10-21 08:07:18,650 [grpc-default-executor-3] INFO  impl.RoleInfo (RoleInfo.java:shutdownFollowerState(121)) - 2f6ec408-7fd3-48a9-91b7-234721c6dbd9: shutdown FollowerState
2019-10-21 08:07:18,650 [Thread-946] INFO  impl.FollowerState (FollowerState.java:run(117)) - 65d24b39-69ca-4c04-8db2-5f56e7503c5d@group-139D7988E68A-FollowerState was interrupted: java.lang.InterruptedException: sleep interrupted
2019-10-21 08:07:18,650 [Thread-947] INFO  impl.FollowerState (FollowerState.java:run(117)) - 2f6ec408-7fd3-48a9-91b7-234721c6dbd9@group-139D7988E68A-FollowerState was interrupted: java.lang.InterruptedException: sleep interrupted
2019-10-21 08:07:18,650 [grpc-default-executor-1] INFO  impl.RoleInfo (RoleInfo.java:updateAndGet(143)) - 65d24b39-69ca-4c04-8db2-5f56e7503c5d: start FollowerState
2019-10-21 08:07:18,650 [grpc-default-executor-3] INFO  impl.RoleInfo (RoleInfo.java:updateAndGet(143)) - 2f6ec408-7fd3-48a9-91b7-234721c6dbd9: start FollowerState
2019-10-21 08:07:18,670 [b166f5f1-a6ad-4c66-9d3e-7e796ecacb8a@group-139D7988E68A-LeaderElection55] INFO  impl.LeaderElection (LeaderElection.java:logAndReturn(56)) - b166f5f1-a6ad-4c66-9d3e-7e796ecacb8a@group-139D7988E68A-LeaderElection55: Election TIMEOUT; received 0 response(s) [] and 0 exception(s); b166f5f1-a6ad-4c66-9d3e-7e796ecacb8a@group-139D7988E68A:t56, leader=null, voted=b166f5f1-a6ad-4c66-9d3e-7e796ecacb8a, raftlog=b166f5f1-a6ad-4c66-9d3e-7e796ecacb8a@group-139D7988E68A-SegmentedRaftLog:OPENED:c3,f4,i4, conf=0: [b166f5f1-a6ad-4c66-9d3e-7e796ecacb8a:192.168.34.35:39693, 65d24b39-69ca-4c04-8db2-5f56e7503c5d:192.168.34.35:45259, 2f6ec408-7fd3-48a9-91b7-234721c6dbd9:192.168.34.35:41673], old=null
2019-10-21 08:07:18,678 [b166f5f1-a6ad-4c66-9d3e-7e796ecacb8a@group-139D7988E68A-LeaderElection55] INFO  impl.LeaderElection (LeaderElection.java:askForVotes(178)) - b166f5f1-a6ad-4c66-9d3e-7e796ecacb8a@group-139D7988E68A-LeaderElection55: begin an election at term 57 for 0: [b166f5f1-a6ad-4c66-9d3e-7e796ecacb8a:192.168.34.35:39693, 65d24b39-69ca-4c04-8db2-5f56e7503c5d:192.168.34.35:45259, 2f6ec408-7fd3-48a9-91b7-234721c6dbd9:192.168.34.35:41673], old=null
2019-10-21 08:07:18,680 [grpc-default-executor-1] INFO  impl.RaftServerImpl (RaftServerImpl.java:setRole(184)) - 65d24b39-69ca-4c04-8db2-5f56e7503c5d@group-139D7988E68A: changes role from  FOLLOWER to FOLLOWER at term 57 for recognizeCandidate:b166f5f1-a6ad-4c66-9d3e-7e796ecacb8a
2019-10-21 08:07:18,680 [grpc-default-executor-1] INFO  impl.RoleInfo (RoleInfo.java:shutdownFollowerState(121)) - 65d24b39-69ca-4c04-8db2-5f56e7503c5d: shutdown FollowerState
2019-10-21 08:07:18,680 [grpc-default-executor-3] INFO  impl.RaftServerImpl (RaftServerImpl.java:setRole(184)) - 2f6ec408-7fd3-48a9-91b7-234721c6dbd9@group-139D7988E68A: changes role from  FOLLOWER to FOLLOWER at term 57 for recognizeCandidate:b166f5f1-a6ad-4c66-9d3e-7e796ecacb8a
2019-10-21 08:07:18,681 [Thread-952] INFO  impl.FollowerState (FollowerState.java:run(117)) - 65d24b39-69ca-4c04-8db2-5f56e7503c5d@group-139D7988E68A-FollowerState was interrupted: java.lang.InterruptedException: sleep interrupted
2019-10-21 08:07:18,681 [grpc-default-executor-1] INFO  impl.RoleInfo (RoleInfo.java:updateAndGet(143)) - 65d24b39-69ca-4c04-8db2-5f56e7503c5d: start FollowerState
2019-10-21 08:07:18,681 [grpc-default-executor-3] INFO  impl.RoleInfo (RoleInfo.java:shutdownFollowerState(121)) - 2f6ec408-7fd3-48a9-91b7-234721c6dbd9: shutdown FollowerState
2019-10-21 08:07:18,681 [grpc-default-executor-3] INFO  impl.RoleInfo (RoleInfo.java:updateAndGet(143)) - 2f6ec408-7fd3-48a9-91b7-234721c6dbd9: start FollowerState
2019-10-21 08:07:18,681 [Thread-953] INFO  impl.FollowerState (FollowerState.java:run(117)) - 2f6ec408-7fd3-48a9-91b7-234721c6dbd9@group-139D7988E68A-FollowerState was interrupted: java.lang.InterruptedException: sleep interrupted
2019-10-21 08:07:18,696 [b166f5f1-a6ad-4c66-9d3e-7e796ecacb8a@group-139D7988E68A-LeaderElection55] INFO  impl.LeaderElection (LeaderElection.java:logAndReturn(56)) - b166f5f1-a6ad-4c66-9d3e-7e796ecacb8a@group-139D7988E68A-LeaderElection55: Election REJECTED; received 2 response(s) [b166f5f1-a6ad-4c66-9d3e-7e796ecacb8a<-65d24b39-69ca-4c04-8db2-5f56e7503c5d#0:FAIL-t57, b166f5f1-a6ad-4c66-9d3e-7e796ecacb8a<-2f6ec408-7fd3-48a9-91b7-234721c6dbd9#0:FAIL-t57] and 0 exception(s); b166f5f1-a6ad-4c66-9d3e-7e796ecacb8a@group-139D7988E68A:t57, leader=null, voted=b166f5f1-a6ad-4c66-9d3e-7e796ecacb8a, raftlog=b166f5f1-a6ad-4c66-9d3e-7e796ecacb8a@group-139D7988E68A-SegmentedRaftLog:OPENED:c3,f4,i4, conf=0: [b166f5f1-a6ad-4c66-9d3e-7e796ecacb8a:192.168.34.35:39693, 65d24b39-69ca-4c04-8db2-5f56e7503c5d:192.168.34.35:45259, 2f6ec408-7fd3-48a9-91b7-234721c6dbd9:192.168.34.35:41673], old=null
2019-10-21 08:07:18,697 [b166f5f1-a6ad-4c66-9d3e-7e796ecacb8a@group-139D7988E68A-LeaderElection55] INFO  impl.RaftServerImpl (RaftServerImpl.java:setRole(184)) - b166f5f1-a6ad-4c66-9d3e-7e796ecacb8a@group-139D7988E68A: changes role from CANDIDATE to FOLLOWER at term 57 for DISCOVERED_A_NEW_TERM
2019-10-21 08:07:18,697 [b166f5f1-a6ad-4c66-9d3e-7e796ecacb8a@group-139D7988E68A-LeaderElection55] INFO  impl.RoleInfo (RoleInfo.java:shutdownLeaderElection(134)) - b166f5f1-a6ad-4c66-9d3e-7e796ecacb8a: shutdown LeaderElection
2019-10-21 08:07:18,697 [b166f5f1-a6ad-4c66-9d3e-7e796ecacb8a@group-139D7988E68A-LeaderElection55] INFO  impl.RoleInfo (RoleInfo.java:updateAndGet(143)) - b166f5f1-a6ad-4c66-9d3e-7e796ecacb8a: start FollowerState
2019-10-21 08:07:18,805 [Thread-958] INFO  impl.FollowerState (FollowerState.java:run(108)) - b166f5f1-a6ad-4c66-9d3e-7e796ecacb8a@group-139D7988E68A-FollowerState: change to CANDIDATE, lastRpcTime:107ms, electionTimeout:107ms
2019-10-21 08:07:18,805 [Thread-958] INFO  impl.RoleInfo (RoleInfo.java:shutdownFollowerState(121)) - b166f5f1-a6ad-4c66-9d3e-7e796ecacb8a: shutdown FollowerState
2019-10-21 08:07:18,805 [Thread-958] INFO  impl.RaftServerImpl (RaftServerImpl.java:setRole(184)) - b166f5f1-a6ad-4c66-9d3e-7e796ecacb8a@group-139D7988E68A: changes role from  FOLLOWER to CANDIDATE at term 57 for changeToCandidate
2019-10-21 08:07:18,805 [Thread-958] INFO  impl.RoleInfo (RoleInfo.java:updateAndGet(143)) - b166f5f1-a6ad-4c66-9d3e-7e796ecacb8a: start LeaderElection
2019-10-21 08:07:18,831 [b166f5f1-a6ad-4c66-9d3e-7e796ecacb8a@group-139D7988E68A-LeaderElection56] INFO  impl.LeaderElection (LeaderElection.java:askForVotes(178)) - b166f5f1-a6ad-4c66-9d3e-7e796ecacb8a@group-139D7988E68A-LeaderElection56: begin an election at term 58 for 0: [b166f5f1-a6ad-4c66-9d3e-7e796ecacb8a:192.168.34.35:39693, 65d24b39-69ca-4c04-8db2-5f56e7503c5d:192.168.34.35:45259, 2f6ec408-7fd3-48a9-91b7-234721c6dbd9:192.168.34.35:41673], old=null
2019-10-21 08:07:18,834 [grpc-default-executor-3] INFO  impl.RaftServerImpl (RaftServerImpl.java:setRole(184)) - 65d24b39-69ca-4c04-8db2-5f56e7503c5d@group-139D7988E68A: changes role from  FOLLOWER to FOLLOWER at term 58 for recognizeCandidate:b166f5f1-a6ad-4c66-9d3e-7e796ecacb8a
2019-10-21 08:07:18,834 [grpc-default-executor-1] INFO  impl.RaftServerImpl (RaftServerImpl.java:setRole(184)) - 2f6ec408-7fd3-48a9-91b7-234721c6dbd9@group-139D7988E68A: changes role from  FOLLOWER to FOLLOWER at term 58 for recognizeCandidate:b166f5f1-a6ad-4c66-9d3e-7e796ecacb8a
2019-10-21 08:07:18,834 [grpc-default-executor-3] INFO  impl.RoleInfo (RoleInfo.java:shutdownFollowerState(121)) - 65d24b39-69ca-4c04-8db2-5f56e7503c5d: shutdown FollowerState
2019-10-21 08:07:18,834 [grpc-default-executor-1] INFO  impl.RoleInfo (RoleInfo.java:shutdownFollowerState(121)) - 2f6ec408-7fd3-48a9-91b7-234721c6dbd9: shutdown FollowerState
2019-10-21 08:07:18,835 [Thread-956] INFO  impl.FollowerState (FollowerState.java:run(117)) - 65d24b39-69ca-4c04-8db2-5f56e7503c5d@group-139D7988E68A-FollowerState was interrupted: java.lang.InterruptedException: sleep interrupted
2019-10-21 08:07:18,835 [Thread-957] INFO  impl.FollowerState (FollowerState.java:run(117)) - 2f6ec408-7fd3-48a9-91b7-234721c6dbd9@group-139D7988E68A-FollowerState was interrupted: java.lang.InterruptedException: sleep interrupted
2019-10-21 08:07:18,835 [grpc-default-executor-3] INFO  impl.RoleInfo (RoleInfo.java:updateAndGet(143)) - 65d24b39-69ca-4c04-8db2-5f56e7503c5d: start FollowerState
2019-10-21 08:07:18,835 [grpc-default-executor-1] INFO  impl.RoleInfo (RoleInfo.java:updateAndGet(143)) - 2f6ec408-7fd3-48a9-91b7-234721c6dbd9: start FollowerState
2019-10-21 08:07:18,850 [b166f5f1-a6ad-4c66-9d3e-7e796ecacb8a@group-139D7988E68A-LeaderElection56] INFO  impl.LeaderElection (LeaderElection.java:logAndReturn(56)) - b166f5f1-a6ad-4c66-9d3e-7e796ecacb8a@group-139D7988E68A-LeaderElection56: Election REJECTED; received 2 response(s) [b166f5f1-a6ad-4c66-9d3e-7e796ecacb8a<-65d24b39-69ca-4c04-8db2-5f56e7503c5d#0:FAIL-t58, b166f5f1-a6ad-4c66-9d3e-7e796ecacb8a<-2f6ec408-7fd3-48a9-91b7-234721c6dbd9#0:FAIL-t58] and 0 exception(s); b166f5f1-a6ad-4c66-9d3e-7e796ecacb8a@group-139D7988E68A:t58, leader=null, voted=b166f5f1-a6ad-4c66-9d3e-7e796ecacb8a, raftlog=b166f5f1-a6ad-4c66-9d3e-7e796ecacb8a@group-139D7988E68A-SegmentedRaftLog:OPENED:c3,f4,i4, conf=0: [b166f5f1-a6ad-4c66-9d3e-7e796ecacb8a:192.168.34.35:39693, 65d24b39-69ca-4c04-8db2-5f56e7503c5d:192.168.34.35:45259, 2f6ec408-7fd3-48a9-91b7-234721c6dbd9:192.168.34.35:41673], old=null
2019-10-21 08:07:18,850 [b166f5f1-a6ad-4c66-9d3e-7e796ecacb8a@group-139D7988E68A-LeaderElection56] INFO  impl.RaftServerImpl (RaftServerImpl.java:setRole(184)) - b166f5f1-a6ad-4c66-9d3e-7e796ecacb8a@group-139D7988E68A: changes role from CANDIDATE to FOLLOWER at term 58 for DISCOVERED_A_NEW_TERM
2019-10-21 08:07:18,851 [b166f5f1-a6ad-4c66-9d3e-7e796ecacb8a@group-139D7988E68A-LeaderElection56] INFO  impl.RoleInfo (RoleInfo.java:shutdownLeaderElection(134)) - b166f5f1-a6ad-4c66-9d3e-7e796ecacb8a: shutdown LeaderElection
2019-10-21 08:07:18,851 [b166f5f1-a6ad-4c66-9d3e-7e796ecacb8a@group-139D7988E68A-LeaderElection56] INFO  impl.RoleInfo (RoleInfo.java:updateAndGet(143)) - b166f5f1-a6ad-4c66-9d3e-7e796ecacb8a: start FollowerState
2019-10-21 08:07:18,977 [Thread-964] INFO  impl.FollowerState (FollowerState.java:run(108)) - b166f5f1-a6ad-4c66-9d3e-7e796ecacb8a@group-139D7988E68A-FollowerState: change to CANDIDATE, lastRpcTime:126ms, electionTimeout:126ms
2019-10-21 08:07:18,977 [Thread-964] INFO  impl.RoleInfo (RoleInfo.java:shutdownFollowerState(121)) - b166f5f1-a6ad-4c66-9d3e-7e796ecacb8a: shutdown FollowerState
2019-10-21 08:07:18,977 [Thread-964] INFO  impl.RaftServerImpl (RaftServerImpl.java:setRole(184)) - b166f5f1-a6ad-4c66-9d3e-7e796ecacb8a@group-139D7988E68A: changes role from  FOLLOWER to CANDIDATE at term 58 for changeToCandidate
2019-10-21 08:07:18,978 [Thread-964] INFO  impl.RoleInfo (RoleInfo.java:updateAndGet(143)) - b166f5f1-a6ad-4c66-9d3e-7e796ecacb8a: start LeaderElection
2019-10-21 08:07:19,000 [b166f5f1-a6ad-4c66-9d3e-7e796ecacb8a@group-139D7988E68A-LeaderElection57] INFO  impl.LeaderElection (LeaderElection.java:askForVotes(178)) - b166f5f1-a6ad-4c66-9d3e-7e796ecacb8a@group-139D7988E68A-LeaderElection57: begin an election at term 59 for 0: [b166f5f1-a6ad-4c66-9d3e-7e796ecacb8a:192.168.34.35:39693, 65d24b39-69ca-4c04-8db2-5f56e7503c5d:192.168.34.35:45259, 2f6ec408-7fd3-48a9-91b7-234721c6dbd9:192.168.34.35:41673], old=null
2019-10-21 08:07:19,002 [grpc-default-executor-1] INFO  impl.RaftServerImpl (RaftServerImpl.java:setRole(184)) - 65d24b39-69ca-4c04-8db2-5f56e7503c5d@group-139D7988E68A: changes role from  FOLLOWER to FOLLOWER at term 59 for recognizeCandidate:b166f5f1-a6ad-4c66-9d3e-7e796ecacb8a
2019-10-21 08:07:19,002 [grpc-default-executor-3] INFO  impl.RaftServerImpl (RaftServerImpl.java:setRole(184)) - 2f6ec408-7fd3-48a9-91b7-234721c6dbd9@group-139D7988E68A: changes role from  FOLLOWER to FOLLOWER at term 59 for recognizeCandidate:b166f5f1-a6ad-4c66-9d3e-7e796ecacb8a
2019-10-21 08:07:19,002 [grpc-default-executor-1] INFO  impl.RoleInfo (RoleInfo.java:shutdownFollowerState(121)) - 65d24b39-69ca-4c04-8db2-5f56e7503c5d: shutdown FollowerState
2019-10-21 08:07:19,002 [grpc-default-executor-3] INFO  impl.RoleInfo (RoleInfo.java:shutdownFollowerState(121)) - 2f6ec408-7fd3-48a9-91b7-234721c6dbd9: shutdown FollowerState
2019-10-21 08:07:19,002 [Thread-962] INFO  impl.FollowerState (FollowerState.java:run(117)) - 65d24b39-69ca-4c04-8db2-5f56e7503c5d@group-139D7988E68A-FollowerState was interrupted: java.lang.InterruptedException: sleep interrupted
2019-10-21 08:07:19,003 [Thread-963] INFO  impl.FollowerState (FollowerState.java:run(117)) - 2f6ec408-7fd3-48a9-91b7-234721c6dbd9@group-139D7988E68A-FollowerState was interrupted: java.lang.InterruptedException: sleep interrupted
2019-10-21 08:07:19,002 [grpc-default-executor-1] INFO  impl.RoleInfo (RoleInfo.java:updateAndGet(143)) - 65d24b39-69ca-4c04-8db2-5f56e7503c5d: start FollowerState
2019-10-21 08:07:19,003 [grpc-default-executor-3] INFO  impl.RoleInfo (RoleInfo.java:updateAndGet(143)) - 2f6ec408-7fd3-48a9-91b7-234721c6dbd9: start FollowerState
2019-10-21 08:07:19,018 [b166f5f1-a6ad-4c66-9d3e-7e796ecacb8a@group-139D7988E68A-LeaderElection57] INFO  impl.LeaderElection (LeaderElection.java:logAndReturn(56)) - b166f5f1-a6ad-4c66-9d3e-7e796ecacb8a@group-139D7988E68A-LeaderElection57: Election REJECTED; received 2 response(s) [b166f5f1-a6ad-4c66-9d3e-7e796ecacb8a<-65d24b39-69ca-4c04-8db2-5f56e7503c5d#0:FAIL-t59, b166f5f1-a6ad-4c66-9d3e-7e796ecacb8a<-2f6ec408-7fd3-48a9-91b7-234721c6dbd9#0:FAIL-t59] and 0 exception(s); b166f5f1-a6ad-4c66-9d3e-7e796ecacb8a@group-139D7988E68A:t59, leader=null, voted=b166f5f1-a6ad-4c66-9d3e-7e796ecacb8a, raftlog=b166f5f1-a6ad-4c66-9d3e-7e796ecacb8a@group-139D7988E68A-SegmentedRaftLog:OPENED:c3,f4,i4, conf=0: [b166f5f1-a6ad-4c66-9d3e-7e796ecacb8a:192.168.34.35:39693, 65d24b39-69ca-4c04-8db2-5f56e7503c5d:192.168.34.35:45259, 2f6ec408-7fd3-48a9-91b7-234721c6dbd9:192.168.34.35:41673], old=null
2019-10-21 08:07:19,018 [b166f5f1-a6ad-4c66-9d3e-7e796ecacb8a@group-139D7988E68A-LeaderElection57] INFO  impl.RaftServerImpl (RaftServerImpl.java:setRole(184)) - b166f5f1-a6ad-4c66-9d3e-7e796ecacb8a@group-139D7988E68A: changes role from CANDIDATE to FOLLOWER at term 59 for DISCOVERED_A_NEW_TERM
2019-10-21 08:07:19,018 [b166f5f1-a6ad-4c66-9d3e-7e796ecacb8a@group-139D7988E68A-LeaderElection57] INFO  impl.RoleInfo (RoleInfo.java:shutdownLeaderElection(134)) - b166f5f1-a6ad-4c66-9d3e-7e796ecacb8a: shutdown LeaderElection
2019-10-21 08:07:19,019 [b166f5f1-a6ad-4c66-9d3e-7e796ecacb8a@group-139D7988E68A-LeaderElection57] INFO  impl.RoleInfo (RoleInfo.java:updateAndGet(143)) - b166f5f1-a6ad-4c66-9d3e-7e796ecacb8a: start FollowerState
2019-10-21 08:07:19,163 [Thread-973] INFO  impl.FollowerState (FollowerState.java:run(108)) - b166f5f1-a6ad-4c66-9d3e-7e796ecacb8a@group-139D7988E68A-FollowerState: change to CANDIDATE, lastRpcTime:144ms, electionTimeout:144ms
2019-10-21 08:07:19,163 [Thread-973] INFO  impl.RoleInfo (RoleInfo.java:shutdownFollowerState(121)) - b166f5f1-a6ad-4c66-9d3e-7e796ecacb8a: shutdown FollowerState
2019-10-21 08:07:19,163 [Thread-973] INFO  impl.RaftServerImpl (RaftServerImpl.java:setRole(184)) - b166f5f1-a6ad-4c66-9d3e-7e796ecacb8a@group-139D7988E68A: changes role from  FOLLOWER to CANDIDATE at term 59 for changeToCandidate
2019-10-21 08:07:19,164 [Thread-973] INFO  impl.RoleInfo (RoleInfo.java:updateAndGet(143)) - b166f5f1-a6ad-4c66-9d3e-7e796ecacb8a: start LeaderElection
2019-10-21 08:07:19,172 [BlockDeletingService#0] WARN  background.BlockDeletingService (BlockDeletingService.java:isDeletionAllowed(187)) - Close Container log Index 6 is not replicated across allthe servers in the pipeline 43b28a2a-1a81-4de9-bdfa-139d7988e68a as the min replicated index is 4. Deletion is not allowed in this container yet.
2019-10-21 08:07:19,172 [BlockDeletingService#2] WARN  background.BlockDeletingService (BlockDeletingService.java:isDeletionAllowed(187)) - Close Container log Index 6 is not replicated across allthe servers in the pipeline 43b28a2a-1a81-4de9-bdfa-139d7988e68a as the min replicated index is 4. Deletion is not allowed in this container yet.
2019-10-21 08:07:19,177 [b166f5f1-a6ad-4c66-9d3e-7e796ecacb8a@group-139D7988E68A-LeaderElection58] INFO  impl.LeaderElection (LeaderElection.java:askForVotes(178)) - b166f5f1-a6ad-4c66-9d3e-7e796ecacb8a@group-139D7988E68A-LeaderElection58: begin an election at term 60 for 0: [b166f5f1-a6ad-4c66-9d3e-7e796ecacb8a:192.168.34.35:39693, 65d24b39-69ca-4c04-8db2-5f56e7503c5d:192.168.34.35:45259, 2f6ec408-7fd3-48a9-91b7-234721c6dbd9:192.168.34.35:41673], old=null
2019-10-21 08:07:19,180 [grpc-default-executor-1] INFO  impl.RaftServerImpl (RaftServerImpl.java:setRole(184)) - 65d24b39-69ca-4c04-8db2-5f56e7503c5d@group-139D7988E68A: changes role from  FOLLOWER to FOLLOWER at term 60 for recognizeCandidate:b166f5f1-a6ad-4c66-9d3e-7e796ecacb8a
2019-10-21 08:07:19,180 [grpc-default-executor-1] INFO  impl.RoleInfo (RoleInfo.java:shutdownFollowerState(121)) - 65d24b39-69ca-4c04-8db2-5f56e7503c5d: shutdown FollowerState
2019-10-21 08:07:19,180 [grpc-default-executor-3] INFO  impl.RaftServerImpl (RaftServerImpl.java:setRole(184)) - 2f6ec408-7fd3-48a9-91b7-234721c6dbd9@group-139D7988E68A: changes role from  FOLLOWER to FOLLOWER at term 60 for recognizeCandidate:b166f5f1-a6ad-4c66-9d3e-7e796ecacb8a
2019-10-21 08:07:19,180 [Thread-971] INFO  impl.FollowerState (FollowerState.java:run(117)) - 65d24b39-69ca-4c04-8db2-5f56e7503c5d@group-139D7988E68A-FollowerState was interrupted: java.lang.InterruptedException: sleep interrupted
2019-10-21 08:07:19,180 [grpc-default-executor-1] INFO  impl.RoleInfo (RoleInfo.java:updateAndGet(143)) - 65d24b39-69ca-4c04-8db2-5f56e7503c5d: start FollowerState
2019-10-21 08:07:19,180 [grpc-default-executor-3] INFO  impl.RoleInfo (RoleInfo.java:shutdownFollowerState(121)) - 2f6ec408-7fd3-48a9-91b7-234721c6dbd9: shutdown FollowerState
2019-10-21 08:07:19,181 [Thread-972] INFO  impl.FollowerState (FollowerState.java:run(117)) - 2f6ec408-7fd3-48a9-91b7-234721c6dbd9@group-139D7988E68A-FollowerState was interrupted: java.lang.InterruptedException: sleep interrupted
2019-10-21 08:07:19,181 [grpc-default-executor-3] INFO  impl.RoleInfo (RoleInfo.java:updateAndGet(143)) - 2f6ec408-7fd3-48a9-91b7-234721c6dbd9: start FollowerState
2019-10-21 08:07:19,207 [b166f5f1-a6ad-4c66-9d3e-7e796ecacb8a@group-139D7988E68A-LeaderElection58] INFO  impl.LeaderElection (LeaderElection.java:logAndReturn(56)) - b166f5f1-a6ad-4c66-9d3e-7e796ecacb8a@group-139D7988E68A-LeaderElection58: Election REJECTED; received 2 response(s) [b166f5f1-a6ad-4c66-9d3e-7e796ecacb8a<-65d24b39-69ca-4c04-8db2-5f56e7503c5d#0:FAIL-t60, b166f5f1-a6ad-4c66-9d3e-7e796ecacb8a<-2f6ec408-7fd3-48a9-91b7-234721c6dbd9#0:FAIL-t60] and 0 exception(s); b166f5f1-a6ad-4c66-9d3e-7e796ecacb8a@group-139D7988E68A:t60, leader=null, voted=b166f5f1-a6ad-4c66-9d3e-7e796ecacb8a, raftlog=b166f5f1-a6ad-4c66-9d3e-7e796ecacb8a@group-139D7988E68A-SegmentedRaftLog:OPENED:c3,f4,i4, conf=0: [b166f5f1-a6ad-4c66-9d3e-7e796ecacb8a:192.168.34.35:39693, 65d24b39-69ca-4c04-8db2-5f56e7503c5d:192.168.34.35:45259, 2f6ec408-7fd3-48a9-91b7-234721c6dbd9:192.168.34.35:41673], old=null
2019-10-21 08:07:19,207 [b166f5f1-a6ad-4c66-9d3e-7e796ecacb8a@group-139D7988E68A-LeaderElection58] INFO  impl.RaftServerImpl (RaftServerImpl.java:setRole(184)) - b166f5f1-a6ad-4c66-9d3e-7e796ecacb8a@group-139D7988E68A: changes role from CANDIDATE to FOLLOWER at term 60 for DISCOVERED_A_NEW_TERM
2019-10-21 08:07:19,207 [b166f5f1-a6ad-4c66-9d3e-7e796ecacb8a@group-139D7988E68A-LeaderElection58] INFO  impl.RoleInfo (RoleInfo.java:shutdownLeaderElection(134)) - b166f5f1-a6ad-4c66-9d3e-7e796ecacb8a: shutdown LeaderElection
2019-10-21 08:07:19,207 [b166f5f1-a6ad-4c66-9d3e-7e796ecacb8a@group-139D7988E68A-LeaderElection58] INFO  impl.RoleInfo (RoleInfo.java:updateAndGet(143)) - b166f5f1-a6ad-4c66-9d3e-7e796ecacb8a: start FollowerState
2019-10-21 08:07:19,232 [Thread-983] INFO  client.GrpcClientProtocolService (GrpcClientProtocolService.java:lambda$processClientRequest$0(278)) - Failed RaftClientRequest:client-771575C6CFE7->65d24b39-69ca-4c04-8db2-5f56e7503c5d@group-139D7988E68A, cid=10, seq=0, Watch-ALL_COMMITTED(6), Message:<EMPTY>, reply=RaftClientReply:client-771575C6CFE7->65d24b39-69ca-4c04-8db2-5f56e7503c5d@group-139D7988E68A, cid=10, FAILED org.apache.ratis.protocol.NotLeaderException: Server 65d24b39-69ca-4c04-8db2-5f56e7503c5d@group-139D7988E68A is not the leader, logIndex=0, commits[65d24b39-69ca-4c04-8db2-5f56e7503c5d:c10, b166f5f1-a6ad-4c66-9d3e-7e796ecacb8a:c4, 2f6ec408-7fd3-48a9-91b7-234721c6dbd9:c10]
2019-10-21 08:07:19,283 [Thread-981] INFO  impl.FollowerState (FollowerState.java:run(108)) - b166f5f1-a6ad-4c66-9d3e-7e796ecacb8a@group-139D7988E68A-FollowerState: change to CANDIDATE, lastRpcTime:75ms, electionTimeout:75ms
2019-10-21 08:07:19,283 [Thread-981] INFO  impl.RoleInfo (RoleInfo.java:shutdownFollowerState(121)) - b166f5f1-a6ad-4c66-9d3e-7e796ecacb8a: shutdown FollowerState
2019-10-21 08:07:19,283 [Thread-981] INFO  impl.RaftServerImpl (RaftServerImpl.java:setRole(184)) - b166f5f1-a6ad-4c66-9d3e-7e796ecacb8a@group-139D7988E68A: changes role from  FOLLOWER to CANDIDATE at term 60 for changeToCandidate
2019-10-21 08:07:19,283 [Thread-981] INFO  impl.RoleInfo (RoleInfo.java:updateAndGet(143)) - b166f5f1-a6ad-4c66-9d3e-7e796ecacb8a: start LeaderElection
2019-10-21 08:07:19,303 [b166f5f1-a6ad-4c66-9d3e-7e796ecacb8a@group-139D7988E68A-LeaderElection59] INFO  impl.LeaderElection (LeaderElection.java:askForVotes(178)) - b166f5f1-a6ad-4c66-9d3e-7e796ecacb8a@group-139D7988E68A-LeaderElection59: begin an election at term 61 for 0: [b166f5f1-a6ad-4c66-9d3e-7e796ecacb8a:192.168.34.35:39693, 65d24b39-69ca-4c04-8db2-5f56e7503c5d:192.168.34.35:45259, 2f6ec408-7fd3-48a9-91b7-234721c6dbd9:192.168.34.35:41673], old=null
2019-10-21 08:07:19,306 [grpc-default-executor-3] INFO  impl.RaftServerImpl (RaftServerImpl.java:setRole(184)) - 65d24b39-69ca-4c04-8db2-5f56e7503c5d@group-139D7988E68A: changes role from  FOLLOWER to FOLLOWER at term 61 for recognizeCandidate:b166f5f1-a6ad-4c66-9d3e-7e796ecacb8a
2019-10-21 08:07:19,306 [grpc-default-executor-1] INFO  impl.RaftServerImpl (RaftServerImpl.java:setRole(184)) - 2f6ec408-7fd3-48a9-91b7-234721c6dbd9@group-139D7988E68A: changes role from  FOLLOWER to FOLLOWER at term 61 for recognizeCandidate:b166f5f1-a6ad-4c66-9d3e-7e796ecacb8a
2019-10-21 08:07:19,307 [grpc-default-executor-3] INFO  impl.RoleInfo (RoleInfo.java:shutdownFollowerState(121)) - 65d24b39-69ca-4c04-8db2-5f56e7503c5d: shutdown FollowerState
2019-10-21 08:07:19,307 [grpc-default-executor-1] INFO  impl.RoleInfo (RoleInfo.java:shutdownFollowerState(121)) - 2f6ec408-7fd3-48a9-91b7-234721c6dbd9: shutdown FollowerState
2019-10-21 08:07:19,307 [Thread-979] INFO  impl.FollowerState (FollowerState.java:run(117)) - 65d24b39-69ca-4c04-8db2-5f56e7503c5d@group-139D7988E68A-FollowerState was interrupted: java.lang.InterruptedException: sleep interrupted
2019-10-21 08:07:19,307 [grpc-default-executor-3] INFO  impl.RoleInfo (RoleInfo.java:updateAndGet(143)) - 65d24b39-69ca-4c04-8db2-5f56e7503c5d: start FollowerState
2019-10-21 08:07:19,307 [Thread-980] INFO  impl.FollowerState (FollowerState.java:run(117)) - 2f6ec408-7fd3-48a9-91b7-234721c6dbd9@group-139D7988E68A-FollowerState was interrupted: java.lang.InterruptedException: sleep interrupted
2019-10-21 08:07:19,307 [grpc-default-executor-1] INFO  impl.RoleInfo (RoleInfo.java:updateAndGet(143)) - 2f6ec408-7fd3-48a9-91b7-234721c6dbd9: start FollowerState
2019-10-21 08:07:19,334 [b166f5f1-a6ad-4c66-9d3e-7e796ecacb8a@group-139D7988E68A-LeaderElection59] INFO  impl.LeaderElection (LeaderElection.java:logAndReturn(56)) - b166f5f1-a6ad-4c66-9d3e-7e796ecacb8a@group-139D7988E68A-LeaderElection59: Election REJECTED; received 2 response(s) [b166f5f1-a6ad-4c66-9d3e-7e796ecacb8a<-65d24b39-69ca-4c04-8db2-5f56e7503c5d#0:FAIL-t61, b166f5f1-a6ad-4c66-9d3e-7e796ecacb8a<-2f6ec408-7fd3-48a9-91b7-234721c6dbd9#0:FAIL-t61] and 0 exception(s); b166f5f1-a6ad-4c66-9d3e-7e796ecacb8a@group-139D7988E68A:t61, leader=null, voted=b166f5f1-a6ad-4c66-9d3e-7e796ecacb8a, raftlog=b166f5f1-a6ad-4c66-9d3e-7e796ecacb8a@group-139D7988E68A-SegmentedRaftLog:OPENED:c3,f4,i4, conf=0: [b166f5f1-a6ad-4c66-9d3e-7e796ecacb8a:192.168.34.35:39693, 65d24b39-69ca-4c04-8db2-5f56e7503c5d:192.168.34.35:45259, 2f6ec408-7fd3-48a9-91b7-234721c6dbd9:192.168.34.35:41673], old=null
2019-10-21 08:07:19,334 [b166f5f1-a6ad-4c66-9d3e-7e796ecacb8a@group-139D7988E68A-LeaderElection59] INFO  impl.RaftServerImpl (RaftServerImpl.java:setRole(184)) - b166f5f1-a6ad-4c66-9d3e-7e796ecacb8a@group-139D7988E68A: changes role from CANDIDATE to FOLLOWER at term 61 for DISCOVERED_A_NEW_TERM
2019-10-21 08:07:19,335 [b166f5f1-a6ad-4c66-9d3e-7e796ecacb8a@group-139D7988E68A-LeaderElection59] INFO  impl.RoleInfo (RoleInfo.java:shutdownLeaderElection(134)) - b166f5f1-a6ad-4c66-9d3e-7e796ecacb8a: shutdown LeaderElection
2019-10-21 08:07:19,335 [b166f5f1-a6ad-4c66-9d3e-7e796ecacb8a@group-139D7988E68A-LeaderElection59] INFO  impl.RoleInfo (RoleInfo.java:updateAndGet(143)) - b166f5f1-a6ad-4c66-9d3e-7e796ecacb8a: start FollowerState
2019-10-21 08:07:19,447 [Thread-990] INFO  impl.FollowerState (FollowerState.java:run(108)) - b166f5f1-a6ad-4c66-9d3e-7e796ecacb8a@group-139D7988E68A-FollowerState: change to CANDIDATE, lastRpcTime:112ms, electionTimeout:112ms
2019-10-21 08:07:19,447 [Thread-990] INFO  impl.RoleInfo (RoleInfo.java:shutdownFollowerState(121)) - b166f5f1-a6ad-4c66-9d3e-7e796ecacb8a: shutdown FollowerState
2019-10-21 08:07:19,448 [Thread-990] INFO  impl.RaftServerImpl (RaftServerImpl.java:setRole(184)) - b166f5f1-a6ad-4c66-9d3e-7e796ecacb8a@group-139D7988E68A: changes role from  FOLLOWER to CANDIDATE at term 61 for changeToCandidate
2019-10-21 08:07:19,448 [Thread-990] INFO  impl.RoleInfo (RoleInfo.java:updateAndGet(143)) - b166f5f1-a6ad-4c66-9d3e-7e796ecacb8a: start LeaderElection
2019-10-21 08:07:19,463 [b166f5f1-a6ad-4c66-9d3e-7e796ecacb8a@group-139D7988E68A-LeaderElection60] INFO  impl.LeaderElection (LeaderElection.java:askForVotes(178)) - b166f5f1-a6ad-4c66-9d3e-7e796ecacb8a@group-139D7988E68A-LeaderElection60: begin an election at term 62 for 0: [b166f5f1-a6ad-4c66-9d3e-7e796ecacb8a:192.168.34.35:39693, 65d24b39-69ca-4c04-8db2-5f56e7503c5d:192.168.34.35:45259, 2f6ec408-7fd3-48a9-91b7-234721c6dbd9:192.168.34.35:41673], old=null
2019-10-21 08:07:19,467 [grpc-default-executor-3] INFO  impl.RaftServerImpl (RaftServerImpl.java:setRole(184)) - 65d24b39-69ca-4c04-8db2-5f56e7503c5d@group-139D7988E68A: changes role from  FOLLOWER to FOLLOWER at term 62 for recognizeCandidate:b166f5f1-a6ad-4c66-9d3e-7e796ecacb8a
2019-10-21 08:07:19,467 [grpc-default-executor-3] INFO  impl.RoleInfo (RoleInfo.java:shutdownFollowerState(121)) - 65d24b39-69ca-4c04-8db2-5f56e7503c5d: shutdown FollowerState
2019-10-21 08:07:19,467 [grpc-default-executor-1] INFO  impl.RaftServerImpl (RaftServerImpl.java:setRole(184)) - 2f6ec408-7fd3-48a9-91b7-234721c6dbd9@group-139D7988E68A: changes role from  FOLLOWER to FOLLOWER at term 62 for recognizeCandidate:b166f5f1-a6ad-4c66-9d3e-7e796ecacb8a
2019-10-21 08:07:19,467 [Thread-988] INFO  impl.FollowerState (FollowerState.java:run(117)) - 65d24b39-69ca-4c04-8db2-5f56e7503c5d@group-139D7988E68A-FollowerState was interrupted: java.lang.InterruptedException: sleep interrupted
2019-10-21 08:07:19,467 [grpc-default-executor-3] INFO  impl.RoleInfo (RoleInfo.java:updateAndGet(143)) - 65d24b39-69ca-4c04-8db2-5f56e7503c5d: start FollowerState
2019-10-21 08:07:19,467 [grpc-default-executor-1] INFO  impl.RoleInfo (RoleInfo.java:shutdownFollowerState(121)) - 2f6ec408-7fd3-48a9-91b7-234721c6dbd9: shutdown FollowerState
2019-10-21 08:07:19,468 [grpc-default-executor-1] INFO  impl.RoleInfo (RoleInfo.java:updateAndGet(143)) - 2f6ec408-7fd3-48a9-91b7-234721c6dbd9: start FollowerState
2019-10-21 08:07:19,468 [Thread-989] INFO  impl.FollowerState (FollowerState.java:run(117)) - 2f6ec408-7fd3-48a9-91b7-234721c6dbd9@group-139D7988E68A-FollowerState was interrupted: java.lang.InterruptedException: sleep interrupted
2019-10-21 08:07:19,494 [b166f5f1-a6ad-4c66-9d3e-7e796ecacb8a@group-139D7988E68A-LeaderElection60] INFO  impl.LeaderElection (LeaderElection.java:logAndReturn(56)) - b166f5f1-a6ad-4c66-9d3e-7e796ecacb8a@group-139D7988E68A-LeaderElection60: Election REJECTED; received 2 response(s) [b166f5f1-a6ad-4c66-9d3e-7e796ecacb8a<-65d24b39-69ca-4c04-8db2-5f56e7503c5d#0:FAIL-t62, b166f5f1-a6ad-4c66-9d3e-7e796ecacb8a<-2f6ec408-7fd3-48a9-91b7-234721c6dbd9#0:FAIL-t62] and 0 exception(s); b166f5f1-a6ad-4c66-9d3e-7e796ecacb8a@group-139D7988E68A:t62, leader=null, voted=b166f5f1-a6ad-4c66-9d3e-7e796ecacb8a, raftlog=b166f5f1-a6ad-4c66-9d3e-7e796ecacb8a@group-139D7988E68A-SegmentedRaftLog:OPENED:c3,f4,i4, conf=0: [b166f5f1-a6ad-4c66-9d3e-7e796ecacb8a:192.168.34.35:39693, 65d24b39-69ca-4c04-8db2-5f56e7503c5d:192.168.34.35:45259, 2f6ec408-7fd3-48a9-91b7-234721c6dbd9:192.168.34.35:41673], old=null
2019-10-21 08:07:19,495 [b166f5f1-a6ad-4c66-9d3e-7e796ecacb8a@group-139D7988E68A-LeaderElection60] INFO  impl.RaftServerImpl (RaftServerImpl.java:setRole(184)) - b166f5f1-a6ad-4c66-9d3e-7e796ecacb8a@group-139D7988E68A: changes role from CANDIDATE to FOLLOWER at term 62 for DISCOVERED_A_NEW_TERM
2019-10-21 08:07:19,495 [b166f5f1-a6ad-4c66-9d3e-7e796ecacb8a@group-139D7988E68A-LeaderElection60] INFO  impl.RoleInfo (RoleInfo.java:shutdownLeaderElection(134)) - b166f5f1-a6ad-4c66-9d3e-7e796ecacb8a: shutdown LeaderElection
2019-10-21 08:07:19,495 [b166f5f1-a6ad-4c66-9d3e-7e796ecacb8a@group-139D7988E68A-LeaderElection60] INFO  impl.RoleInfo (RoleInfo.java:updateAndGet(143)) - b166f5f1-a6ad-4c66-9d3e-7e796ecacb8a: start FollowerState
2019-10-21 08:07:19,501 [Thread-996] INFO  impl.FollowerState (FollowerState.java:run(108)) - b166f5f1-a6ad-4c66-9d3e-7e796ecacb8a@group-139D7988E68A-FollowerState: change to CANDIDATE, lastRpcTime:5ms, electionTimeout:5ms
2019-10-21 08:07:19,501 [Thread-996] INFO  impl.RoleInfo (RoleInfo.java:shutdownFollowerState(121)) - b166f5f1-a6ad-4c66-9d3e-7e796ecacb8a: shutdown FollowerState
2019-10-21 08:07:19,501 [Thread-996] INFO  impl.RaftServerImpl (RaftServerImpl.java:setRole(184)) - b166f5f1-a6ad-4c66-9d3e-7e796ecacb8a@group-139D7988E68A: changes role from  FOLLOWER to CANDIDATE at term 62 for changeToCandidate
2019-10-21 08:07:19,501 [Thread-996] INFO  impl.RoleInfo (RoleInfo.java:updateAndGet(143)) - b166f5f1-a6ad-4c66-9d3e-7e796ecacb8a: start LeaderElection
2019-10-21 08:07:19,526 [b166f5f1-a6ad-4c66-9d3e-7e796ecacb8a@group-139D7988E68A-LeaderElection61] INFO  impl.LeaderElection (LeaderElection.java:askForVotes(178)) - b166f5f1-a6ad-4c66-9d3e-7e796ecacb8a@group-139D7988E68A-LeaderElection61: begin an election at term 63 for 0: [b166f5f1-a6ad-4c66-9d3e-7e796ecacb8a:192.168.34.35:39693, 65d24b39-69ca-4c04-8db2-5f56e7503c5d:192.168.34.35:45259, 2f6ec408-7fd3-48a9-91b7-234721c6dbd9:192.168.34.35:41673], old=null
2019-10-21 08:07:19,530 [grpc-default-executor-1] INFO  impl.RaftServerImpl (RaftServerImpl.java:setRole(184)) - 65d24b39-69ca-4c04-8db2-5f56e7503c5d@group-139D7988E68A: changes role from  FOLLOWER to FOLLOWER at term 63 for recognizeCandidate:b166f5f1-a6ad-4c66-9d3e-7e796ecacb8a
2019-10-21 08:07:19,530 [grpc-default-executor-3] INFO  impl.RaftServerImpl (RaftServerImpl.java:setRole(184)) - 2f6ec408-7fd3-48a9-91b7-234721c6dbd9@group-139D7988E68A: changes role from  FOLLOWER to FOLLOWER at term 63 for recognizeCandidate:b166f5f1-a6ad-4c66-9d3e-7e796ecacb8a
2019-10-21 08:07:19,530 [grpc-default-executor-1] INFO  impl.RoleInfo (RoleInfo.java:shutdownFollowerState(121)) - 65d24b39-69ca-4c04-8db2-5f56e7503c5d: shutdown FollowerState
2019-10-21 08:07:19,530 [grpc-default-executor-3] INFO  impl.RoleInfo (RoleInfo.java:shutdownFollowerState(121)) - 2f6ec408-7fd3-48a9-91b7-234721c6dbd9: shutdown FollowerState
2019-10-21 08:07:19,530 [Thread-994] INFO  impl.FollowerState (FollowerState.java:run(117)) - 65d24b39-69ca-4c04-8db2-5f56e7503c5d@group-139D7988E68A-FollowerState was interrupted: java.lang.InterruptedException: sleep interrupted
2019-10-21 08:07:19,530 [grpc-default-executor-1] INFO  impl.RoleInfo (RoleInfo.java:updateAndGet(143)) - 65d24b39-69ca-4c04-8db2-5f56e7503c5d: start FollowerState
2019-10-21 08:07:19,530 [Thread-995] INFO  impl.FollowerState (FollowerState.java:run(117)) - 2f6ec408-7fd3-48a9-91b7-234721c6dbd9@group-139D7988E68A-FollowerState was interrupted: java.lang.InterruptedException: sleep interrupted
2019-10-21 08:07:19,530 [grpc-default-executor-3] INFO  impl.RoleInfo (RoleInfo.java:updateAndGet(143)) - 2f6ec408-7fd3-48a9-91b7-234721c6dbd9: start FollowerState
2019-10-21 08:07:19,550 [b166f5f1-a6ad-4c66-9d3e-7e796ecacb8a@group-139D7988E68A-LeaderElection61] INFO  impl.LeaderElection (LeaderElection.java:logAndReturn(56)) - b166f5f1-a6ad-4c66-9d3e-7e796ecacb8a@group-139D7988E68A-LeaderElection61: Election REJECTED; received 2 response(s) [b166f5f1-a6ad-4c66-9d3e-7e796ecacb8a<-65d24b39-69ca-4c04-8db2-5f56e7503c5d#0:FAIL-t63, b166f5f1-a6ad-4c66-9d3e-7e796ecacb8a<-2f6ec408-7fd3-48a9-91b7-234721c6dbd9#0:FAIL-t63] and 0 exception(s); b166f5f1-a6ad-4c66-9d3e-7e796ecacb8a@group-139D7988E68A:t63, leader=null, voted=b166f5f1-a6ad-4c66-9d3e-7e796ecacb8a, raftlog=b166f5f1-a6ad-4c66-9d3e-7e796ecacb8a@group-139D7988E68A-SegmentedRaftLog:OPENED:c3,f4,i4, conf=0: [b166f5f1-a6ad-4c66-9d3e-7e796ecacb8a:192.168.34.35:39693, 65d24b39-69ca-4c04-8db2-5f56e7503c5d:192.168.34.35:45259, 2f6ec408-7fd3-48a9-91b7-234721c6dbd9:192.168.34.35:41673], old=null
2019-10-21 08:07:19,551 [b166f5f1-a6ad-4c66-9d3e-7e796ecacb8a@group-139D7988E68A-LeaderElection61] INFO  impl.RaftServerImpl (RaftServerImpl.java:setRole(184)) - b166f5f1-a6ad-4c66-9d3e-7e796ecacb8a@group-139D7988E68A: changes role from CANDIDATE to FOLLOWER at term 63 for DISCOVERED_A_NEW_TERM
2019-10-21 08:07:19,551 [b166f5f1-a6ad-4c66-9d3e-7e796ecacb8a@group-139D7988E68A-LeaderElection61] INFO  impl.RoleInfo (RoleInfo.java:shutdownLeaderElection(134)) - b166f5f1-a6ad-4c66-9d3e-7e796ecacb8a: shutdown LeaderElection
2019-10-21 08:07:19,551 [b166f5f1-a6ad-4c66-9d3e-7e796ecacb8a@group-139D7988E68A-LeaderElection61] INFO  impl.RoleInfo (RoleInfo.java:updateAndGet(143)) - b166f5f1-a6ad-4c66-9d3e-7e796ecacb8a: start FollowerState
2019-10-21 08:07:19,619 [Thread-1002] INFO  impl.FollowerState (FollowerState.java:run(108)) - b166f5f1-a6ad-4c66-9d3e-7e796ecacb8a@group-139D7988E68A-FollowerState: change to CANDIDATE, lastRpcTime:67ms, electionTimeout:67ms
2019-10-21 08:07:19,619 [Thread-1002] INFO  impl.RoleInfo (RoleInfo.java:shutdownFollowerState(121)) - b166f5f1-a6ad-4c66-9d3e-7e796ecacb8a: shutdown FollowerState
2019-10-21 08:07:19,619 [Thread-1002] INFO  impl.RaftServerImpl (RaftServerImpl.java:setRole(184)) - b166f5f1-a6ad-4c66-9d3e-7e796ecacb8a@group-139D7988E68A: changes role from  FOLLOWER to CANDIDATE at term 63 for changeToCandidate
2019-10-21 08:07:19,619 [Thread-1002] INFO  impl.RoleInfo (RoleInfo.java:updateAndGet(143)) - b166f5f1-a6ad-4c66-9d3e-7e796ecacb8a: start LeaderElection
2019-10-21 08:07:19,645 [b166f5f1-a6ad-4c66-9d3e-7e796ecacb8a@group-139D7988E68A-LeaderElection62] INFO  impl.LeaderElection (LeaderElection.java:askForVotes(178)) - b166f5f1-a6ad-4c66-9d3e-7e796ecacb8a@group-139D7988E68A-LeaderElection62: begin an election at term 64 for 0: [b166f5f1-a6ad-4c66-9d3e-7e796ecacb8a:192.168.34.35:39693, 65d24b39-69ca-4c04-8db2-5f56e7503c5d:192.168.34.35:45259, 2f6ec408-7fd3-48a9-91b7-234721c6dbd9:192.168.34.35:41673], old=null
2019-10-21 08:07:19,649 [grpc-default-executor-1] INFO  impl.RaftServerImpl (RaftServerImpl.java:setRole(184)) - 65d24b39-69ca-4c04-8db2-5f56e7503c5d@group-139D7988E68A: changes role from  FOLLOWER to FOLLOWER at term 64 for recognizeCandidate:b166f5f1-a6ad-4c66-9d3e-7e796ecacb8a
2019-10-21 08:07:19,649 [grpc-default-executor-3] INFO  impl.RaftServerImpl (RaftServerImpl.java:setRole(184)) - 2f6ec408-7fd3-48a9-91b7-234721c6dbd9@group-139D7988E68A: changes role from  FOLLOWER to FOLLOWER at term 64 for recognizeCandidate:b166f5f1-a6ad-4c66-9d3e-7e796ecacb8a
2019-10-21 08:07:19,649 [grpc-default-executor-1] INFO  impl.RoleInfo (RoleInfo.java:shutdownFollowerState(121)) - 65d24b39-69ca-4c04-8db2-5f56e7503c5d: shutdown FollowerState
2019-10-21 08:07:19,649 [grpc-default-executor-3] INFO  impl.RoleInfo (RoleInfo.java:shutdownFollowerState(121)) - 2f6ec408-7fd3-48a9-91b7-234721c6dbd9: shutdown FollowerState
2019-10-21 08:07:19,649 [Thread-1000] INFO  impl.FollowerState (FollowerState.java:run(117)) - 65d24b39-69ca-4c04-8db2-5f56e7503c5d@group-139D7988E68A-FollowerState was interrupted: java.lang.InterruptedException: sleep interrupted
2019-10-21 08:07:19,649 [grpc-default-executor-1] INFO  impl.RoleInfo (RoleInfo.java:updateAndGet(143)) - 65d24b39-69ca-4c04-8db2-5f56e7503c5d: start FollowerState
2019-10-21 08:07:19,650 [Thread-1001] INFO  impl.FollowerState (FollowerState.java:run(117)) - 2f6ec408-7fd3-48a9-91b7-234721c6dbd9@group-139D7988E68A-FollowerState was interrupted: java.lang.InterruptedException: sleep interrupted
2019-10-21 08:07:19,649 [grpc-default-executor-3] INFO  impl.RoleInfo (RoleInfo.java:updateAndGet(143)) - 2f6ec408-7fd3-48a9-91b7-234721c6dbd9: start FollowerState
2019-10-21 08:07:19,657 [b166f5f1-a6ad-4c66-9d3e-7e796ecacb8a@group-139D7988E68A-LeaderElection62] INFO  impl.LeaderElection (LeaderElection.java:logAndReturn(56)) - b166f5f1-a6ad-4c66-9d3e-7e796ecacb8a@group-139D7988E68A-LeaderElection62: Election TIMEOUT; received 0 response(s) [] and 0 exception(s); b166f5f1-a6ad-4c66-9d3e-7e796ecacb8a@group-139D7988E68A:t64, leader=null, voted=b166f5f1-a6ad-4c66-9d3e-7e796ecacb8a, raftlog=b166f5f1-a6ad-4c66-9d3e-7e796ecacb8a@group-139D7988E68A-SegmentedRaftLog:OPENED:c3,f4,i4, conf=0: [b166f5f1-a6ad-4c66-9d3e-7e796ecacb8a:192.168.34.35:39693, 65d24b39-69ca-4c04-8db2-5f56e7503c5d:192.168.34.35:45259, 2f6ec408-7fd3-48a9-91b7-234721c6dbd9:192.168.34.35:41673], old=null
2019-10-21 08:07:19,664 [b166f5f1-a6ad-4c66-9d3e-7e796ecacb8a@group-139D7988E68A-LeaderElection62] INFO  impl.LeaderElection (LeaderElection.java:askForVotes(178)) - b166f5f1-a6ad-4c66-9d3e-7e796ecacb8a@group-139D7988E68A-LeaderElection62: begin an election at term 65 for 0: [b166f5f1-a6ad-4c66-9d3e-7e796ecacb8a:192.168.34.35:39693, 65d24b39-69ca-4c04-8db2-5f56e7503c5d:192.168.34.35:45259, 2f6ec408-7fd3-48a9-91b7-234721c6dbd9:192.168.34.35:41673], old=null
2019-10-21 08:07:19,666 [grpc-default-executor-1] INFO  impl.RaftServerImpl (RaftServerImpl.java:setRole(184)) - 65d24b39-69ca-4c04-8db2-5f56e7503c5d@group-139D7988E68A: changes role from  FOLLOWER to FOLLOWER at term 65 for recognizeCandidate:b166f5f1-a6ad-4c66-9d3e-7e796ecacb8a
2019-10-21 08:07:19,666 [grpc-default-executor-1] INFO  impl.RoleInfo (RoleInfo.java:shutdownFollowerState(121)) - 65d24b39-69ca-4c04-8db2-5f56e7503c5d: shutdown FollowerState
2019-10-21 08:07:19,666 [grpc-default-executor-1] INFO  impl.RoleInfo (RoleInfo.java:updateAndGet(143)) - 65d24b39-69ca-4c04-8db2-5f56e7503c5d: start FollowerState
2019-10-21 08:07:19,667 [grpc-default-executor-3] INFO  impl.RaftServerImpl (RaftServerImpl.java:setRole(184)) - 2f6ec408-7fd3-48a9-91b7-234721c6dbd9@group-139D7988E68A: changes role from  FOLLOWER to FOLLOWER at term 65 for recognizeCandidate:b166f5f1-a6ad-4c66-9d3e-7e796ecacb8a
2019-10-21 08:07:19,667 [grpc-default-executor-3] INFO  impl.RoleInfo (RoleInfo.java:shutdownFollowerState(121)) - 2f6ec408-7fd3-48a9-91b7-234721c6dbd9: shutdown FollowerState
2019-10-21 08:07:19,666 [Thread-1006] INFO  impl.FollowerState (FollowerState.java:run(117)) - 65d24b39-69ca-4c04-8db2-5f56e7503c5d@group-139D7988E68A-FollowerState was interrupted: java.lang.InterruptedException: sleep interrupted
2019-10-21 08:07:19,667 [Thread-1007] INFO  impl.FollowerState (FollowerState.java:run(117)) - 2f6ec408-7fd3-48a9-91b7-234721c6dbd9@group-139D7988E68A-FollowerState was interrupted: java.lang.InterruptedException: sleep interrupted
2019-10-21 08:07:19,667 [grpc-default-executor-3] INFO  impl.RoleInfo (RoleInfo.java:updateAndGet(143)) - 2f6ec408-7fd3-48a9-91b7-234721c6dbd9: start FollowerState
2019-10-21 08:07:19,682 [b166f5f1-a6ad-4c66-9d3e-7e796ecacb8a@group-139D7988E68A-LeaderElection62] INFO  impl.LeaderElection (LeaderElection.java:logAndReturn(56)) - b166f5f1-a6ad-4c66-9d3e-7e796ecacb8a@group-139D7988E68A-LeaderElection62: Election REJECTED; received 2 response(s) [b166f5f1-a6ad-4c66-9d3e-7e796ecacb8a<-65d24b39-69ca-4c04-8db2-5f56e7503c5d#0:FAIL-t65, b166f5f1-a6ad-4c66-9d3e-7e796ecacb8a<-2f6ec408-7fd3-48a9-91b7-234721c6dbd9#0:FAIL-t65] and 0 exception(s); b166f5f1-a6ad-4c66-9d3e-7e796ecacb8a@group-139D7988E68A:t65, leader=null, voted=b166f5f1-a6ad-4c66-9d3e-7e796ecacb8a, raftlog=b166f5f1-a6ad-4c66-9d3e-7e796ecacb8a@group-139D7988E68A-SegmentedRaftLog:OPENED:c3,f4,i4, conf=0: [b166f5f1-a6ad-4c66-9d3e-7e796ecacb8a:192.168.34.35:39693, 65d24b39-69ca-4c04-8db2-5f56e7503c5d:192.168.34.35:45259, 2f6ec408-7fd3-48a9-91b7-234721c6dbd9:192.168.34.35:41673], old=null
2019-10-21 08:07:19,682 [b166f5f1-a6ad-4c66-9d3e-7e796ecacb8a@group-139D7988E68A-LeaderElection62] INFO  impl.RaftServerImpl (RaftServerImpl.java:setRole(184)) - b166f5f1-a6ad-4c66-9d3e-7e796ecacb8a@group-139D7988E68A: changes role from CANDIDATE to FOLLOWER at term 65 for DISCOVERED_A_NEW_TERM
2019-10-21 08:07:19,683 [b166f5f1-a6ad-4c66-9d3e-7e796ecacb8a@group-139D7988E68A-LeaderElection62] INFO  impl.RoleInfo (RoleInfo.java:shutdownLeaderElection(134)) - b166f5f1-a6ad-4c66-9d3e-7e796ecacb8a: shutdown LeaderElection
2019-10-21 08:07:19,683 [b166f5f1-a6ad-4c66-9d3e-7e796ecacb8a@group-139D7988E68A-LeaderElection62] INFO  impl.RoleInfo (RoleInfo.java:updateAndGet(143)) - b166f5f1-a6ad-4c66-9d3e-7e796ecacb8a: start FollowerState
2019-10-21 08:07:19,756 [Thread-1012] INFO  impl.FollowerState (FollowerState.java:run(108)) - b166f5f1-a6ad-4c66-9d3e-7e796ecacb8a@group-139D7988E68A-FollowerState: change to CANDIDATE, lastRpcTime:73ms, electionTimeout:73ms
2019-10-21 08:07:19,756 [Thread-1012] INFO  impl.RoleInfo (RoleInfo.java:shutdownFollowerState(121)) - b166f5f1-a6ad-4c66-9d3e-7e796ecacb8a: shutdown FollowerState
2019-10-21 08:07:19,757 [Thread-1012] INFO  impl.RaftServerImpl (RaftServerImpl.java:setRole(184)) - b166f5f1-a6ad-4c66-9d3e-7e796ecacb8a@group-139D7988E68A: changes role from  FOLLOWER to CANDIDATE at term 65 for changeToCandidate
2019-10-21 08:07:19,757 [Thread-1012] INFO  impl.RoleInfo (RoleInfo.java:updateAndGet(143)) - b166f5f1-a6ad-4c66-9d3e-7e796ecacb8a: start LeaderElection
2019-10-21 08:07:19,782 [b166f5f1-a6ad-4c66-9d3e-7e796ecacb8a@group-139D7988E68A-LeaderElection63] INFO  impl.LeaderElection (LeaderElection.java:askForVotes(178)) - b166f5f1-a6ad-4c66-9d3e-7e796ecacb8a@group-139D7988E68A-LeaderElection63: begin an election at term 66 for 0: [b166f5f1-a6ad-4c66-9d3e-7e796ecacb8a:192.168.34.35:39693, 65d24b39-69ca-4c04-8db2-5f56e7503c5d:192.168.34.35:45259, 2f6ec408-7fd3-48a9-91b7-234721c6dbd9:192.168.34.35:41673], old=null
2019-10-21 08:07:19,785 [grpc-default-executor-3] INFO  impl.RaftServerImpl (RaftServerImpl.java:setRole(184)) - 65d24b39-69ca-4c04-8db2-5f56e7503c5d@group-139D7988E68A: changes role from  FOLLOWER to FOLLOWER at term 66 for recognizeCandidate:b166f5f1-a6ad-4c66-9d3e-7e796ecacb8a
2019-10-21 08:07:19,785 [grpc-default-executor-1] INFO  impl.RaftServerImpl (RaftServerImpl.java:setRole(184)) - 2f6ec408-7fd3-48a9-91b7-234721c6dbd9@group-139D7988E68A: changes role from  FOLLOWER to FOLLOWER at term 66 for recognizeCandidate:b166f5f1-a6ad-4c66-9d3e-7e796ecacb8a
2019-10-21 08:07:19,785 [grpc-default-executor-3] INFO  impl.RoleInfo (RoleInfo.java:shutdownFollowerState(121)) - 65d24b39-69ca-4c04-8db2-5f56e7503c5d: shutdown FollowerState
2019-10-21 08:07:19,786 [grpc-default-executor-1] INFO  impl.RoleInfo (RoleInfo.java:shutdownFollowerState(121)) - 2f6ec408-7fd3-48a9-91b7-234721c6dbd9: shutdown FollowerState
2019-10-21 08:07:19,786 [Thread-1010] INFO  impl.FollowerState (FollowerState.java:run(117)) - 65d24b39-69ca-4c04-8db2-5f56e7503c5d@group-139D7988E68A-FollowerState was interrupted: java.lang.InterruptedException: sleep interrupted
2019-10-21 08:07:19,786 [grpc-default-executor-3] INFO  impl.RoleInfo (RoleInfo.java:updateAndGet(143)) - 65d24b39-69ca-4c04-8db2-5f56e7503c5d: start FollowerState
2019-10-21 08:07:19,786 [Thread-1011] INFO  impl.FollowerState (FollowerState.java:run(117)) - 2f6ec408-7fd3-48a9-91b7-234721c6dbd9@group-139D7988E68A-FollowerState was interrupted: java.lang.InterruptedException: sleep interrupted
2019-10-21 08:07:19,786 [grpc-default-executor-1] INFO  impl.RoleInfo (RoleInfo.java:updateAndGet(143)) - 2f6ec408-7fd3-48a9-91b7-234721c6dbd9: start FollowerState
2019-10-21 08:07:19,825 [b166f5f1-a6ad-4c66-9d3e-7e796ecacb8a@group-139D7988E68A-LeaderElection63] INFO  impl.LeaderElection (LeaderElection.java:logAndReturn(56)) - b166f5f1-a6ad-4c66-9d3e-7e796ecacb8a@group-139D7988E68A-LeaderElection63: Election REJECTED; received 2 response(s) [b166f5f1-a6ad-4c66-9d3e-7e796ecacb8a<-65d24b39-69ca-4c04-8db2-5f56e7503c5d#0:FAIL-t66, b166f5f1-a6ad-4c66-9d3e-7e796ecacb8a<-2f6ec408-7fd3-48a9-91b7-234721c6dbd9#0:FAIL-t66] and 0 exception(s); b166f5f1-a6ad-4c66-9d3e-7e796ecacb8a@group-139D7988E68A:t66, leader=null, voted=b166f5f1-a6ad-4c66-9d3e-7e796ecacb8a, raftlog=b166f5f1-a6ad-4c66-9d3e-7e796ecacb8a@group-139D7988E68A-SegmentedRaftLog:OPENED:c3,f4,i4, conf=0: [b166f5f1-a6ad-4c66-9d3e-7e796ecacb8a:192.168.34.35:39693, 65d24b39-69ca-4c04-8db2-5f56e7503c5d:192.168.34.35:45259, 2f6ec408-7fd3-48a9-91b7-234721c6dbd9:192.168.34.35:41673], old=null
2019-10-21 08:07:19,826 [b166f5f1-a6ad-4c66-9d3e-7e796ecacb8a@group-139D7988E68A-LeaderElection63] INFO  impl.RaftServerImpl (RaftServerImpl.java:setRole(184)) - b166f5f1-a6ad-4c66-9d3e-7e796ecacb8a@group-139D7988E68A: changes role from CANDIDATE to FOLLOWER at term 66 for DISCOVERED_A_NEW_TERM
2019-10-21 08:07:19,826 [b166f5f1-a6ad-4c66-9d3e-7e796ecacb8a@group-139D7988E68A-LeaderElection63] INFO  impl.RoleInfo (RoleInfo.java:shutdownLeaderElection(134)) - b166f5f1-a6ad-4c66-9d3e-7e796ecacb8a: shutdown LeaderElection
2019-10-21 08:07:19,826 [b166f5f1-a6ad-4c66-9d3e-7e796ecacb8a@group-139D7988E68A-LeaderElection63] INFO  impl.RoleInfo (RoleInfo.java:updateAndGet(143)) - b166f5f1-a6ad-4c66-9d3e-7e796ecacb8a: start FollowerState
]]></system-out>
    <system-err><![CDATA[ERROR StatusLogger No Log4j 2 configuration file found. Using default configuration (logging only errors to the console), or user programmatically provided configurations. Set system property 'log4j2.debug' to show Log4j 2 internal initialization logging. See https://logging.apache.org/log4j/2.x/manual/configuration.html for instructions on how to configure Log4j 2
Oct 21, 2019 8:05:31 AM org.apache.ratis.thirdparty.io.grpc.internal.SerializingExecutor run
SEVERE: Exception while executing runnable org.apache.ratis.thirdparty.io.grpc.internal.ServerImpl$JumpToApplicationThreadServerStreamListener$1Closed@1933b1f0
org.apache.ratis.thirdparty.io.grpc.StatusRuntimeException: CANCELLED: call already cancelled
	at org.apache.ratis.thirdparty.io.grpc.Status.asRuntimeException(Status.java:517)
	at org.apache.ratis.thirdparty.io.grpc.stub.ServerCalls$ServerCallStreamObserverImpl.onCompleted(ServerCalls.java:356)
	at org.apache.ratis.grpc.server.GrpcServerProtocolService$ServerRequestStreamObserver.onError(GrpcServerProtocolService.java:121)
	at org.apache.ratis.thirdparty.io.grpc.stub.ServerCalls$StreamingServerCallHandler$StreamingServerCallListener.onCancel(ServerCalls.java:269)
	at org.apache.ratis.thirdparty.io.grpc.internal.ServerCallImpl$ServerStreamListenerImpl.closed(ServerCallImpl.java:293)
	at org.apache.ratis.thirdparty.io.grpc.internal.ServerImpl$JumpToApplicationThreadServerStreamListener$1Closed.runInContext(ServerImpl.java:741)
	at org.apache.ratis.thirdparty.io.grpc.internal.ContextRunnable.run(ContextRunnable.java:37)
	at org.apache.ratis.thirdparty.io.grpc.internal.SerializingExecutor.run(SerializingExecutor.java:123)
	at java.util.concurrent.ThreadPoolExecutor.runWorker(ThreadPoolExecutor.java:1149)
	at java.util.concurrent.ThreadPoolExecutor$Worker.run(ThreadPoolExecutor.java:624)
	at java.lang.Thread.run(Thread.java:748)

Oct 21, 2019 8:05:31 AM org.apache.ratis.thirdparty.io.grpc.internal.SerializingExecutor run
SEVERE: Exception while executing runnable org.apache.ratis.thirdparty.io.grpc.internal.ClientCallImpl$ClientStreamListenerImpl$1StreamClosed@2f8dfc0d
java.lang.NullPointerException
	at org.apache.ratis.grpc.server.GrpcLogAppender$AppendLogResponseHandler.onError(GrpcLogAppender.java:303)
	at org.apache.ratis.thirdparty.io.grpc.stub.ClientCalls$StreamObserverToCallListenerAdapter.onClose(ClientCalls.java:434)
	at org.apache.ratis.thirdparty.io.grpc.PartialForwardingClientCallListener.onClose(PartialForwardingClientCallListener.java:39)
	at org.apache.ratis.thirdparty.io.grpc.ForwardingClientCallListener.onClose(ForwardingClientCallListener.java:23)
	at org.apache.ratis.thirdparty.io.grpc.ForwardingClientCallListener$SimpleForwardingClientCallListener.onClose(ForwardingClientCallListener.java:40)
	at org.apache.ratis.thirdparty.io.grpc.internal.CensusStatsModule$StatsClientInterceptor$1$1.onClose(CensusStatsModule.java:678)
	at org.apache.ratis.thirdparty.io.grpc.PartialForwardingClientCallListener.onClose(PartialForwardingClientCallListener.java:39)
	at org.apache.ratis.thirdparty.io.grpc.ForwardingClientCallListener.onClose(ForwardingClientCallListener.java:23)
	at org.apache.ratis.thirdparty.io.grpc.ForwardingClientCallListener$SimpleForwardingClientCallListener.onClose(ForwardingClientCallListener.java:40)
	at org.apache.ratis.thirdparty.io.grpc.internal.CensusTracingModule$TracingClientInterceptor$1$1.onClose(CensusTracingModule.java:397)
	at org.apache.ratis.thirdparty.io.grpc.internal.ClientCallImpl.closeObserver(ClientCallImpl.java:459)
	at org.apache.ratis.thirdparty.io.grpc.internal.ClientCallImpl.access$300(ClientCallImpl.java:63)
	at org.apache.ratis.thirdparty.io.grpc.internal.ClientCallImpl$ClientStreamListenerImpl.close(ClientCallImpl.java:546)
	at org.apache.ratis.thirdparty.io.grpc.internal.ClientCallImpl$ClientStreamListenerImpl.access$600(ClientCallImpl.java:467)
	at org.apache.ratis.thirdparty.io.grpc.internal.ClientCallImpl$ClientStreamListenerImpl$1StreamClosed.runInContext(ClientCallImpl.java:584)
	at org.apache.ratis.thirdparty.io.grpc.internal.ContextRunnable.run(ContextRunnable.java:37)
	at org.apache.ratis.thirdparty.io.grpc.internal.SerializingExecutor.run(SerializingExecutor.java:123)
	at java.util.concurrent.ThreadPoolExecutor.runWorker(ThreadPoolExecutor.java:1149)
	at java.util.concurrent.ThreadPoolExecutor$Worker.run(ThreadPoolExecutor.java:624)
	at java.lang.Thread.run(Thread.java:748)

]]></system-err>
  </testcase>
</testsuite>