<?xml version="1.0" encoding="UTF-8"?>
<testsuite xmlns:xsi="http://www.w3.org/2001/XMLSchema-instance" xsi:noNamespaceSchemaLocation="https://maven.apache.org/surefire/maven-surefire-plugin/xsd/surefire-test-report.xsd" name="org.apache.hadoop.ozone.client.rpc.TestWatchForCommit" time="235.612" tests="5" errors="1" skipped="0" failures="0">
  <properties>
    <property name="awt.toolkit" value="sun.awt.X11.XToolkit"/>
    <property name="file.encoding.pkg" value="sun.io"/>
    <property name="java.specification.version" value="1.8"/>
    <property name="sun.cpu.isalist" value=""/>
    <property name="sun.jnu.encoding" value="UTF-8"/>
    <property name="java.class.path" value="/workdir/hadoop-ozone/integration-test/target/test-classes:/workdir/hadoop-ozone/integration-test/target/classes:/home/user/.m2/repository/org/apache/hadoop/hadoop-ozone-common/0.5.0-SNAPSHOT/hadoop-ozone-common-0.5.0-SNAPSHOT.jar:/home/user/.m2/repository/org/apache/commons/commons-compress/1.4.1/commons-compress-1.4.1.jar:/home/user/.m2/repository/org/tukaani/xz/1.0/xz-1.0.jar:/home/user/.m2/repository/org/apache/hadoop/hadoop-common/3.2.0/hadoop-common-3.2.0.jar:/home/user/.m2/repository/org/apache/hadoop/hadoop-hdfs/3.2.0/hadoop-hdfs-3.2.0.jar:/home/user/.m2/repository/org/apache/hadoop/hadoop-hdfs-client/3.2.0/hadoop-hdfs-client-3.2.0.jar:/home/user/.m2/repository/com/fasterxml/jackson/core/jackson-annotations/2.9.9/jackson-annotations-2.9.9.jar:/home/user/.m2/repository/org/apache/hadoop/hadoop-hdds-common/0.5.0-SNAPSHOT/hadoop-hdds-common-0.5.0-SNAPSHOT.jar:/home/user/.m2/repository/javax/annotation/javax.annotation-api/1.2/javax.annotation-api-1.2.jar:/home/user/.m2/repository/org/apache/ratis/ratis-server/0.4.0/ratis-server-0.4.0.jar:/home/user/.m2/repository/org/apache/ratis/ratis-thirdparty-misc/0.2.0/ratis-thirdparty-misc-0.2.0.jar:/home/user/.m2/repository/org/apache/ratis/ratis-proto/0.4.0/ratis-proto-0.4.0.jar:/home/user/.m2/repository/org/apache/ratis/ratis-common/0.4.0/ratis-common-0.4.0.jar:/home/user/.m2/repository/org/apache/ratis/ratis-client/0.4.0/ratis-client-0.4.0.jar:/home/user/.m2/repository/org/apache/ratis/ratis-metrics/0.4.0/ratis-metrics-0.4.0.jar:/home/user/.m2/repository/com/github/joshelser/dropwizard-metrics-hadoop-metrics2-reporter/0.1.2/dropwizard-metrics-hadoop-metrics2-reporter-0.1.2.jar:/home/user/.m2/repository/io/dropwizard/metrics/metrics-jvm/3.2.5/metrics-jvm-3.2.5.jar:/home/user/.m2/repository/io/dropwizard/metrics/metrics-ganglia/3.2.5/metrics-ganglia-3.2.5.jar:/home/user/.m2/repository/info/ganglia/gmetric4j/gmetric4j/1.0.7/gmetric4j-1.0.7.jar:/home/user/.m2/repository/org/apache/ratis/ratis-netty/0.4.0/ratis-netty-0.4.0.jar:/home/user/.m2/repository/org/apache/ratis/ratis-grpc/0.4.0/ratis-grpc-0.4.0.jar:/home/user/.m2/repository/org/rocksdb/rocksdbjni/6.0.1/rocksdbjni-6.0.1.jar:/home/user/.m2/repository/org/apache/logging/log4j/log4j-api/2.11.0/log4j-api-2.11.0.jar:/home/user/.m2/repository/org/apache/logging/log4j/log4j-core/2.11.0/log4j-core-2.11.0.jar:/home/user/.m2/repository/com/lmax/disruptor/3.4.2/disruptor-3.4.2.jar:/home/user/.m2/repository/org/apache/commons/commons-pool2/2.6.0/commons-pool2-2.6.0.jar:/home/user/.m2/repository/org/bouncycastle/bcpkix-jdk15on/1.60/bcpkix-jdk15on-1.60.jar:/home/user/.m2/repository/commons-validator/commons-validator/1.6/commons-validator-1.6.jar:/home/user/.m2/repository/commons-digester/commons-digester/1.8.1/commons-digester-1.8.1.jar:/home/user/.m2/repository/io/jaegertracing/jaeger-client/0.34.0/jaeger-client-0.34.0.jar:/home/user/.m2/repository/io/jaegertracing/jaeger-thrift/0.34.0/jaeger-thrift-0.34.0.jar:/home/user/.m2/repository/org/apache/thrift/libthrift/0.12.0/libthrift-0.12.0.jar:/home/user/.m2/repository/com/squareup/okhttp3/okhttp/3.9.0/okhttp-3.9.0.jar:/home/user/.m2/repository/com/squareup/okio/okio/1.13.0/okio-1.13.0.jar:/home/user/.m2/repository/io/jaegertracing/jaeger-core/0.34.0/jaeger-core-0.34.0.jar:/home/user/.m2/repository/io/jaegertracing/jaeger-tracerresolver/0.34.0/jaeger-tracerresolver-0.34.0.jar:/home/user/.m2/repository/io/opentracing/contrib/opentracing-tracerresolver/0.1.5/opentracing-tracerresolver-0.1.5.jar:/home/user/.m2/repository/io/opentracing/opentracing-util/0.31.0/opentracing-util-0.31.0.jar:/home/user/.m2/repository/io/opentracing/opentracing-api/0.31.0/opentracing-api-0.31.0.jar:/home/user/.m2/repository/io/opentracing/opentracing-noop/0.31.0/opentracing-noop-0.31.0.jar:/home/user/.m2/repository/org/apache/hadoop/hadoop-hdds-server-framework/0.5.0-SNAPSHOT/hadoop-hdds-server-framework-0.5.0-SNAPSHOT.jar:/home/user/.m2/repository/org/apache/hadoop/hadoop-hdds-container-service/0.5.0-SNAPSHOT/hadoop-hdds-container-service-0.5.0-SNAPSHOT.jar:/home/user/.m2/repository/org/apache/hadoop/hadoop-hdds-client/0.5.0-SNAPSHOT/hadoop-hdds-client-0.5.0-SNAPSHOT.jar:/home/user/.m2/repository/org/apache/hadoop/hadoop-hdds-tools/0.5.0-SNAPSHOT/hadoop-hdds-tools-0.5.0-SNAPSHOT.jar:/home/user/.m2/repository/org/apache/hadoop/hadoop-hdds-server-scm/0.5.0-SNAPSHOT/hadoop-hdds-server-scm-0.5.0-SNAPSHOT.jar:/home/user/.m2/repository/org/apache/hadoop/hadoop-hdds-docs/0.5.0-SNAPSHOT/hadoop-hdds-docs-0.5.0-SNAPSHOT.jar:/home/user/.m2/repository/io/dropwizard/metrics/metrics-core/3.2.4/metrics-core-3.2.4.jar:/home/user/.m2/repository/org/hamcrest/hamcrest-all/1.3/hamcrest-all-1.3.jar:/home/user/.m2/repository/org/bouncycastle/bcprov-jdk15on/1.60/bcprov-jdk15on-1.60.jar:/home/user/.m2/repository/info/picocli/picocli/3.9.6/picocli-3.9.6.jar:/home/user/.m2/repository/com/google/protobuf/protobuf-java/2.5.0/protobuf-java-2.5.0.jar:/home/user/.m2/repository/com/google/guava/guava/11.0.2/guava-11.0.2.jar:/home/user/.m2/repository/org/apache/hadoop/hadoop-ozone-ozone-manager/0.5.0-SNAPSHOT/hadoop-ozone-ozone-manager-0.5.0-SNAPSHOT.jar:/home/user/.m2/repository/org/apache/hadoop/hadoop-minikdc/3.2.0/hadoop-minikdc-3.2.0.jar:/home/user/.m2/repository/commons-io/commons-io/2.5/commons-io-2.5.jar:/home/user/.m2/repository/org/apache/kerby/kerb-simplekdc/1.0.1/kerb-simplekdc-1.0.1.jar:/home/user/.m2/repository/org/apache/kerby/kerb-client/1.0.1/kerb-client-1.0.1.jar:/home/user/.m2/repository/org/apache/kerby/kerby-config/1.0.1/kerby-config-1.0.1.jar:/home/user/.m2/repository/org/apache/kerby/kerb-core/1.0.1/kerb-core-1.0.1.jar:/home/user/.m2/repository/org/apache/kerby/kerby-pkix/1.0.1/kerby-pkix-1.0.1.jar:/home/user/.m2/repository/org/apache/kerby/kerby-asn1/1.0.1/kerby-asn1-1.0.1.jar:/home/user/.m2/repository/org/apache/kerby/kerby-util/1.0.1/kerby-util-1.0.1.jar:/home/user/.m2/repository/org/apache/kerby/kerb-common/1.0.1/kerb-common-1.0.1.jar:/home/user/.m2/repository/org/apache/kerby/kerb-crypto/1.0.1/kerb-crypto-1.0.1.jar:/home/user/.m2/repository/org/apache/kerby/kerb-util/1.0.1/kerb-util-1.0.1.jar:/home/user/.m2/repository/org/apache/kerby/token-provider/1.0.1/token-provider-1.0.1.jar:/home/user/.m2/repository/org/apache/kerby/kerb-admin/1.0.1/kerb-admin-1.0.1.jar:/home/user/.m2/repository/org/apache/kerby/kerb-server/1.0.1/kerb-server-1.0.1.jar:/home/user/.m2/repository/org/apache/kerby/kerb-identity/1.0.1/kerb-identity-1.0.1.jar:/home/user/.m2/repository/org/apache/kerby/kerby-xdr/1.0.1/kerby-xdr-1.0.1.jar:/home/user/.m2/repository/org/slf4j/slf4j-log4j12/1.7.25/slf4j-log4j12-1.7.25.jar:/home/user/.m2/repository/org/apache/hadoop/hadoop-ozone-s3gateway/0.5.0-SNAPSHOT/hadoop-ozone-s3gateway-0.5.0-SNAPSHOT.jar:/home/user/.m2/repository/org/jboss/weld/servlet/weld-servlet/2.4.7.Final/weld-servlet-2.4.7.Final.jar:/home/user/.m2/repository/org/glassfish/jersey/containers/jersey-container-servlet-core/2.27/jersey-container-servlet-core-2.27.jar:/home/user/.m2/repository/org/glassfish/hk2/external/javax.inject/2.5.0-b42/javax.inject-2.5.0-b42.jar:/home/user/.m2/repository/org/glassfish/jersey/core/jersey-common/2.27/jersey-common-2.27.jar:/home/user/.m2/repository/org/glassfish/hk2/osgi-resource-locator/1.0.1/osgi-resource-locator-1.0.1.jar:/home/user/.m2/repository/javax/ws/rs/javax.ws.rs-api/2.1/javax.ws.rs-api-2.1.jar:/home/user/.m2/repository/org/glassfish/jersey/ext/cdi/jersey-cdi1x/2.27/jersey-cdi1x-2.27.jar:/home/user/.m2/repository/org/glassfish/jersey/inject/jersey-hk2/2.27/jersey-hk2-2.27.jar:/home/user/.m2/repository/org/glassfish/hk2/hk2-locator/2.5.0-b42/hk2-locator-2.5.0-b42.jar:/home/user/.m2/repository/org/javassist/javassist/3.22.0-CR2/javassist-3.22.0-CR2.jar:/home/user/.m2/repository/org/glassfish/hk2/hk2-api/2.5.0/hk2-api-2.5.0.jar:/home/user/.m2/repository/org/glassfish/hk2/external/jakarta.inject/2.5.0/jakarta.inject-2.5.0.jar:/home/user/.m2/repository/org/glassfish/hk2/hk2-utils/2.5.0/hk2-utils-2.5.0.jar:/home/user/.m2/repository/jakarta/annotation/jakarta.annotation-api/1.3.4/jakarta.annotation-api-1.3.4.jar:/home/user/.m2/repository/org/glassfish/hk2/external/aopalliance-repackaged/2.5.0/aopalliance-repackaged-2.5.0.jar:/home/user/.m2/repository/com/fasterxml/jackson/dataformat/jackson-dataformat-xml/2.9.0/jackson-dataformat-xml-2.9.0.jar:/home/user/.m2/repository/com/fasterxml/jackson/core/jackson-core/2.9.9/jackson-core-2.9.9.jar:/home/user/.m2/repository/com/fasterxml/jackson/module/jackson-module-jaxb-annotations/2.9.9/jackson-module-jaxb-annotations-2.9.9.jar:/home/user/.m2/repository/javax/enterprise/cdi-api/1.2/cdi-api-1.2.jar:/home/user/.m2/repository/javax/el/javax.el-api/3.0.0/javax.el-api-3.0.0.jar:/home/user/.m2/repository/javax/interceptor/javax.interceptor-api/1.2/javax.interceptor-api-1.2.jar:/home/user/.m2/repository/javax/inject/javax.inject/1/javax.inject-1.jar:/home/user/.m2/repository/com/sun/xml/bind/jaxb-impl/2.3.0.1/jaxb-impl-2.3.0.1.jar:/home/user/.m2/repository/com/sun/xml/bind/jaxb-core/2.3.0.1/jaxb-core-2.3.0.1.jar:/home/user/.m2/repository/javax/xml/bind/jaxb-api/2.3.0/jaxb-api-2.3.0.jar:/home/user/.m2/repository/javax/activation/activation/1.1.1/activation-1.1.1.jar:/home/user/.m2/repository/org/apache/hadoop/hadoop-ozone-csi/0.5.0-SNAPSHOT/hadoop-ozone-csi-0.5.0-SNAPSHOT.jar:/home/user/.m2/repository/com/google/protobuf/protobuf-java-util/3.5.1/protobuf-java-util-3.5.1.jar:/home/user/.m2/repository/org/apache/hadoop/hadoop-hdds-config/0.5.0-SNAPSHOT/hadoop-hdds-config-0.5.0-SNAPSHOT.jar:/home/user/.m2/repository/io/grpc/grpc-netty/1.17.1/grpc-netty-1.17.1.jar:/home/user/.m2/repository/io/grpc/grpc-core/1.17.1/grpc-core-1.17.1.jar:/home/user/.m2/repository/io/grpc/grpc-context/1.17.1/grpc-context-1.17.1.jar:/home/user/.m2/repository/com/google/errorprone/error_prone_annotations/2.2.0/error_prone_annotations-2.2.0.jar:/home/user/.m2/repository/org/codehaus/mojo/animal-sniffer-annotations/1.17/animal-sniffer-annotations-1.17.jar:/home/user/.m2/repository/io/opencensus/opencensus-api/0.17.0/opencensus-api-0.17.0.jar:/home/user/.m2/repository/io/opencensus/opencensus-contrib-grpc-metrics/0.17.0/opencensus-contrib-grpc-metrics-0.17.0.jar:/home/user/.m2/repository/io/netty/netty-codec-http2/4.1.30.Final/netty-codec-http2-4.1.30.Final.jar:/home/user/.m2/repository/io/netty/netty-codec-http/4.1.30.Final/netty-codec-http-4.1.30.Final.jar:/home/user/.m2/repository/io/netty/netty-codec/4.1.30.Final/netty-codec-4.1.30.Final.jar:/home/user/.m2/repository/io/netty/netty-handler/4.1.30.Final/netty-handler-4.1.30.Final.jar:/home/user/.m2/repository/io/netty/netty-handler-proxy/4.1.30.Final/netty-handler-proxy-4.1.30.Final.jar:/home/user/.m2/repository/io/netty/netty-codec-socks/4.1.30.Final/netty-codec-socks-4.1.30.Final.jar:/home/user/.m2/repository/io/netty/netty-transport-native-epoll/4.1.30.Final/netty-transport-native-epoll-4.1.30.Final.jar:/home/user/.m2/repository/io/netty/netty-common/4.1.30.Final/netty-common-4.1.30.Final.jar:/home/user/.m2/repository/io/netty/netty-buffer/4.1.30.Final/netty-buffer-4.1.30.Final.jar:/home/user/.m2/repository/io/netty/netty-transport/4.1.30.Final/netty-transport-4.1.30.Final.jar:/home/user/.m2/repository/io/netty/netty-resolver/4.1.30.Final/netty-resolver-4.1.30.Final.jar:/home/user/.m2/repository/io/netty/netty-transport-native-unix-common/4.1.30.Final/netty-transport-native-unix-common-4.1.30.Final.jar:/home/user/.m2/repository/io/grpc/grpc-protobuf/1.17.1/grpc-protobuf-1.17.1.jar:/home/user/.m2/repository/com/google/api/grpc/proto-google-common-protos/1.0.0/proto-google-common-protos-1.0.0.jar:/home/user/.m2/repository/io/grpc/grpc-protobuf-lite/1.17.1/grpc-protobuf-lite-1.17.1.jar:/home/user/.m2/repository/io/grpc/grpc-stub/1.17.1/grpc-stub-1.17.1.jar:/home/user/.m2/repository/org/apache/hadoop/hadoop-ozone-recon/0.5.0-SNAPSHOT/hadoop-ozone-recon-0.5.0-SNAPSHOT.jar:/home/user/.m2/repository/org/apache/hadoop/hadoop-ozone-reconcodegen/0.5.0-SNAPSHOT/hadoop-ozone-reconcodegen-0.5.0-SNAPSHOT.jar:/home/user/.m2/repository/com/google/inject/extensions/guice-multibindings/4.0/guice-multibindings-4.0.jar:/home/user/.m2/repository/com/google/inject/guice/4.0/guice-4.0.jar:/home/user/.m2/repository/aopalliance/aopalliance/1.0/aopalliance-1.0.jar:/home/user/.m2/repository/com/google/inject/extensions/guice-servlet/4.0/guice-servlet-4.0.jar:/home/user/.m2/repository/org/glassfish/jersey/containers/jersey-container-servlet/2.27/jersey-container-servlet-2.27.jar:/home/user/.m2/repository/org/glassfish/hk2/guice-bridge/2.5.0/guice-bridge-2.5.0.jar:/home/user/.m2/repository/org/glassfish/jersey/core/jersey-server/2.27/jersey-server-2.27.jar:/home/user/.m2/repository/org/glassfish/jersey/core/jersey-client/2.27/jersey-client-2.27.jar:/home/user/.m2/repository/org/glassfish/jersey/media/jersey-media-jaxb/2.27/jersey-media-jaxb-2.27.jar:/home/user/.m2/repository/javax/validation/validation-api/1.1.0.Final/validation-api-1.1.0.Final.jar:/home/user/.m2/repository/org/glassfish/jersey/media/jersey-media-json-jackson/2.27/jersey-media-json-jackson-2.27.jar:/home/user/.m2/repository/org/glassfish/jersey/ext/jersey-entity-filtering/2.27/jersey-entity-filtering-2.27.jar:/home/user/.m2/repository/com/google/inject/extensions/guice-assistedinject/4.0/guice-assistedinject-4.0.jar:/home/user/.m2/repository/org/jooq/jooq/3.11.10/jooq-3.11.10.jar:/home/user/.m2/repository/org/jooq/jooq-meta/3.11.10/jooq-meta-3.11.10.jar:/home/user/.m2/repository/org/jooq/jooq-codegen/3.11.10/jooq-codegen-3.11.10.jar:/home/user/.m2/repository/com/jolbox/bonecp/0.8.0.RELEASE/bonecp-0.8.0.RELEASE.jar:/home/user/.m2/repository/org/xerial/sqlite-jdbc/3.25.2/sqlite-jdbc-3.25.2.jar:/home/user/.m2/repository/org/springframework/spring-jdbc/5.1.3.RELEASE/spring-jdbc-5.1.3.RELEASE.jar:/home/user/.m2/repository/org/springframework/spring-beans/5.1.3.RELEASE/spring-beans-5.1.3.RELEASE.jar:/home/user/.m2/repository/org/springframework/spring-core/5.1.3.RELEASE/spring-core-5.1.3.RELEASE.jar:/home/user/.m2/repository/org/springframework/spring-jcl/5.1.3.RELEASE/spring-jcl-5.1.3.RELEASE.jar:/home/user/.m2/repository/org/springframework/spring-tx/5.1.3.RELEASE/spring-tx-5.1.3.RELEASE.jar:/home/user/.m2/repository/org/apache/hadoop/hadoop-ozone-client/0.5.0-SNAPSHOT/hadoop-ozone-client-0.5.0-SNAPSHOT.jar:/home/user/.m2/repository/commons-lang/commons-lang/2.6/commons-lang-2.6.jar:/home/user/.m2/repository/org/apache/hadoop/hadoop-ozone-ozone-manager/0.5.0-SNAPSHOT/hadoop-ozone-ozone-manager-0.5.0-SNAPSHOT-tests.jar:/home/user/.m2/repository/junit/junit/4.11/junit-4.11.jar:/home/user/.m2/repository/org/hamcrest/hamcrest-core/1.3/hamcrest-core-1.3.jar:/home/user/.m2/repository/org/openjdk/jmh/jmh-core/1.19/jmh-core-1.19.jar:/home/user/.m2/repository/net/sf/jopt-simple/jopt-simple/4.6/jopt-simple-4.6.jar:/home/user/.m2/repository/org/apache/commons/commons-math3/3.1.1/commons-math3-3.1.1.jar:/home/user/.m2/repository/org/openjdk/jmh/jmh-generator-annprocess/1.19/jmh-generator-annprocess-1.19.jar:/home/user/.m2/repository/org/mockito/mockito-all/1.8.5/mockito-all-1.8.5.jar:/home/user/.m2/repository/org/apache/hadoop/hadoop-kms/3.2.0/hadoop-kms-3.2.0.jar:/home/user/.m2/repository/org/apache/hadoop/hadoop-auth/3.2.0/hadoop-auth-3.2.0.jar:/home/user/.m2/repository/com/nimbusds/nimbus-jose-jwt/4.41.1/nimbus-jose-jwt-4.41.1.jar:/home/user/.m2/repository/com/github/stephenc/jcip/jcip-annotations/1.0-1/jcip-annotations-1.0-1.jar:/home/user/.m2/repository/net/minidev/json-smart/2.3/json-smart-2.3.jar:/home/user/.m2/repository/net/minidev/accessors-smart/1.2/accessors-smart-1.2.jar:/home/user/.m2/repository/org/ow2/asm/asm/5.0.4/asm-5.0.4.jar:/home/user/.m2/repository/org/apache/curator/curator-framework/2.12.0/curator-framework-2.12.0.jar:/home/user/.m2/repository/com/sun/jersey/jersey-core/1.19/jersey-core-1.19.jar:/home/user/.m2/repository/javax/ws/rs/jsr311-api/1.1.1/jsr311-api-1.1.1.jar:/home/user/.m2/repository/com/sun/jersey/jersey-server/1.19/jersey-server-1.19.jar:/home/user/.m2/repository/javax/servlet/javax.servlet-api/3.1.0/javax.servlet-api-3.1.0.jar:/home/user/.m2/repository/org/eclipse/jetty/jetty-server/9.3.25.v20180904/jetty-server-9.3.25.v20180904.jar:/home/user/.m2/repository/org/eclipse/jetty/jetty-http/9.3.25.v20180904/jetty-http-9.3.25.v20180904.jar:/home/user/.m2/repository/org/eclipse/jetty/jetty-io/9.3.25.v20180904/jetty-io-9.3.25.v20180904.jar:/home/user/.m2/repository/org/eclipse/jetty/jetty-webapp/9.3.25.v20180904/jetty-webapp-9.3.25.v20180904.jar:/home/user/.m2/repository/org/eclipse/jetty/jetty-xml/9.3.25.v20180904/jetty-xml-9.3.25.v20180904.jar:/home/user/.m2/repository/log4j/log4j/1.2.17/log4j-1.2.17.jar:/home/user/.m2/repository/org/slf4j/slf4j-api/1.7.25/slf4j-api-1.7.25.jar:/home/user/.m2/repository/org/slf4j/jul-to-slf4j/1.7.25/jul-to-slf4j-1.7.25.jar:/home/user/.m2/repository/org/eclipse/jetty/jetty-util/9.3.25.v20180904/jetty-util-9.3.25.v20180904.jar:/home/user/.m2/repository/com/fasterxml/jackson/core/jackson-databind/2.9.9/jackson-databind-2.9.9.jar:/home/user/.m2/repository/org/apache/hadoop/hadoop-kms/3.2.0/hadoop-kms-3.2.0-tests.jar:/home/user/.m2/repository/org/apache/hadoop/hadoop-hdds-server-scm/0.5.0-SNAPSHOT/hadoop-hdds-server-scm-0.5.0-SNAPSHOT-tests.jar:/home/user/.m2/repository/org/apache/hadoop/hadoop-hdds-container-service/0.5.0-SNAPSHOT/hadoop-hdds-container-service-0.5.0-SNAPSHOT-tests.jar:/home/user/.m2/repository/org/yaml/snakeyaml/1.16/snakeyaml-1.16.jar:/home/user/.m2/repository/org/apache/hadoop/hadoop-common/3.2.0/hadoop-common-3.2.0-tests.jar:/home/user/.m2/repository/org/apache/hadoop/hadoop-annotations/3.2.0/hadoop-annotations-3.2.0.jar:/usr/lib/jvm/java-1.8-openjdk/jre/../lib/tools.jar:/home/user/.m2/repository/commons-cli/commons-cli/1.2/commons-cli-1.2.jar:/home/user/.m2/repository/org/apache/httpcomponents/httpclient/4.5.2/httpclient-4.5.2.jar:/home/user/.m2/repository/org/apache/httpcomponents/httpcore/4.4.4/httpcore-4.4.4.jar:/home/user/.m2/repository/commons-codec/commons-codec/1.11/commons-codec-1.11.jar:/home/user/.m2/repository/commons-net/commons-net/3.6/commons-net-3.6.jar:/home/user/.m2/repository/commons-collections/commons-collections/3.2.2/commons-collections-3.2.2.jar:/home/user/.m2/repository/org/eclipse/jetty/jetty-servlet/9.3.25.v20180904/jetty-servlet-9.3.25.v20180904.jar:/home/user/.m2/repository/org/eclipse/jetty/jetty-security/9.3.25.v20180904/jetty-security-9.3.25.v20180904.jar:/home/user/.m2/repository/javax/servlet/jsp/jsp-api/2.1/jsp-api-2.1.jar:/home/user/.m2/repository/com/sun/jersey/jersey-servlet/1.19/jersey-servlet-1.19.jar:/home/user/.m2/repository/com/sun/jersey/jersey-json/1.19/jersey-json-1.19.jar:/home/user/.m2/repository/org/codehaus/jettison/jettison/1.1/jettison-1.1.jar:/home/user/.m2/repository/org/codehaus/jackson/jackson-core-asl/1.9.13/jackson-core-asl-1.9.13.jar:/home/user/.m2/repository/org/codehaus/jackson/jackson-mapper-asl/1.9.13/jackson-mapper-asl-1.9.13.jar:/home/user/.m2/repository/org/codehaus/jackson/jackson-jaxrs/1.9.13/jackson-jaxrs-1.9.13.jar:/home/user/.m2/repository/org/codehaus/jackson/jackson-xc/1.9.13/jackson-xc-1.9.13.jar:/home/user/.m2/repository/commons-logging/commons-logging/1.1.3/commons-logging-1.1.3.jar:/home/user/.m2/repository/commons-beanutils/commons-beanutils/1.9.4/commons-beanutils-1.9.4.jar:/home/user/.m2/repository/org/apache/commons/commons-configuration2/2.1.1/commons-configuration2-2.1.1.jar:/home/user/.m2/repository/org/apache/commons/commons-lang3/3.7/commons-lang3-3.7.jar:/home/user/.m2/repository/org/apache/commons/commons-text/1.4/commons-text-1.4.jar:/home/user/.m2/repository/org/apache/avro/avro/1.7.7/avro-1.7.7.jar:/home/user/.m2/repository/com/thoughtworks/paranamer/paranamer/2.3/paranamer-2.3.jar:/home/user/.m2/repository/org/xerial/snappy/snappy-java/1.0.5/snappy-java-1.0.5.jar:/home/user/.m2/repository/com/google/re2j/re2j/1.1/re2j-1.1.jar:/home/user/.m2/repository/com/google/code/gson/gson/2.2.4/gson-2.2.4.jar:/home/user/.m2/repository/com/jcraft/jsch/0.1.54/jsch-0.1.54.jar:/home/user/.m2/repository/org/apache/curator/curator-client/2.12.0/curator-client-2.12.0.jar:/home/user/.m2/repository/org/apache/curator/curator-recipes/2.12.0/curator-recipes-2.12.0.jar:/home/user/.m2/repository/com/google/code/findbugs/jsr305/3.0.0/jsr305-3.0.0.jar:/home/user/.m2/repository/org/apache/htrace/htrace-core4/4.1.0-incubating/htrace-core4-4.1.0-incubating.jar:/home/user/.m2/repository/org/apache/zookeeper/zookeeper/3.4.13/zookeeper-3.4.13.jar:/home/user/.m2/repository/jline/jline/0.9.94/jline-0.9.94.jar:/home/user/.m2/repository/org/apache/yetus/audience-annotations/0.5.0/audience-annotations-0.5.0.jar:/home/user/.m2/repository/org/codehaus/woodstox/stax2-api/3.1.4/stax2-api-3.1.4.jar:/home/user/.m2/repository/com/fasterxml/woodstox/woodstox-core/5.0.3/woodstox-core-5.0.3.jar:/home/user/.m2/repository/dnsjava/dnsjava/2.1.7/dnsjava-2.1.7.jar:/home/user/.m2/repository/org/apache/hadoop/hadoop-hdfs/3.2.0/hadoop-hdfs-3.2.0-tests.jar:/home/user/.m2/repository/org/eclipse/jetty/jetty-util-ajax/9.3.25.v20180904/jetty-util-ajax-9.3.25.v20180904.jar:/home/user/.m2/repository/commons-daemon/commons-daemon/1.0.13/commons-daemon-1.0.13.jar:/home/user/.m2/repository/io/netty/netty/3.10.5.Final/netty-3.10.5.Final.jar:/home/user/.m2/repository/io/netty/netty-all/4.0.52.Final/netty-all-4.0.52.Final.jar:/home/user/.m2/repository/org/fusesource/leveldbjni/leveldbjni-all/1.8/leveldbjni-all-1.8.jar:"/>
    <property name="java.vm.vendor" value="IcedTea"/>
    <property name="sun.arch.data.model" value="64"/>
    <property name="test.build.dir" value="/workdir/hadoop-ozone/integration-test/target/test-dir"/>
    <property name="test.cache.data" value=""/>
    <property name="java.vendor.url" value="https://icedtea.classpath.org"/>
    <property name="user.timezone" value=""/>
    <property name="java.vm.specification.version" value="1.8"/>
    <property name="os.name" value="Linux"/>
    <property name="test.build.data" value="/workdir/hadoop-ozone/integration-test/target/test-dir"/>
    <property name="user.country" value="US"/>
    <property name="sun.java.launcher" value="SUN_STANDARD"/>
    <property name="sun.boot.library.path" value="/usr/lib/jvm/java-1.8-openjdk/jre/lib/amd64"/>
    <property name="sun.java.command" value="/workdir/hadoop-ozone/integration-test/target/surefire/surefirebooter7815490031260078323.jar /workdir/hadoop-ozone/integration-test/target/surefire 2019-09-27T20-05-47_683-jvmRun1 surefire2025163745774584240tmp surefire_618400841749657893425tmp"/>
    <property name="test" value="!TestMiniChaosOzoneCluster"/>
    <property name="surefire.test.class.path" value="/workdir/hadoop-ozone/integration-test/target/test-classes:/workdir/hadoop-ozone/integration-test/target/classes:/home/user/.m2/repository/org/apache/hadoop/hadoop-ozone-common/0.5.0-SNAPSHOT/hadoop-ozone-common-0.5.0-SNAPSHOT.jar:/home/user/.m2/repository/org/apache/commons/commons-compress/1.4.1/commons-compress-1.4.1.jar:/home/user/.m2/repository/org/tukaani/xz/1.0/xz-1.0.jar:/home/user/.m2/repository/org/apache/hadoop/hadoop-common/3.2.0/hadoop-common-3.2.0.jar:/home/user/.m2/repository/org/apache/hadoop/hadoop-hdfs/3.2.0/hadoop-hdfs-3.2.0.jar:/home/user/.m2/repository/org/apache/hadoop/hadoop-hdfs-client/3.2.0/hadoop-hdfs-client-3.2.0.jar:/home/user/.m2/repository/com/fasterxml/jackson/core/jackson-annotations/2.9.9/jackson-annotations-2.9.9.jar:/home/user/.m2/repository/org/apache/hadoop/hadoop-hdds-common/0.5.0-SNAPSHOT/hadoop-hdds-common-0.5.0-SNAPSHOT.jar:/home/user/.m2/repository/javax/annotation/javax.annotation-api/1.2/javax.annotation-api-1.2.jar:/home/user/.m2/repository/org/apache/ratis/ratis-server/0.4.0/ratis-server-0.4.0.jar:/home/user/.m2/repository/org/apache/ratis/ratis-thirdparty-misc/0.2.0/ratis-thirdparty-misc-0.2.0.jar:/home/user/.m2/repository/org/apache/ratis/ratis-proto/0.4.0/ratis-proto-0.4.0.jar:/home/user/.m2/repository/org/apache/ratis/ratis-common/0.4.0/ratis-common-0.4.0.jar:/home/user/.m2/repository/org/apache/ratis/ratis-client/0.4.0/ratis-client-0.4.0.jar:/home/user/.m2/repository/org/apache/ratis/ratis-metrics/0.4.0/ratis-metrics-0.4.0.jar:/home/user/.m2/repository/com/github/joshelser/dropwizard-metrics-hadoop-metrics2-reporter/0.1.2/dropwizard-metrics-hadoop-metrics2-reporter-0.1.2.jar:/home/user/.m2/repository/io/dropwizard/metrics/metrics-jvm/3.2.5/metrics-jvm-3.2.5.jar:/home/user/.m2/repository/io/dropwizard/metrics/metrics-ganglia/3.2.5/metrics-ganglia-3.2.5.jar:/home/user/.m2/repository/info/ganglia/gmetric4j/gmetric4j/1.0.7/gmetric4j-1.0.7.jar:/home/user/.m2/repository/org/apache/ratis/ratis-netty/0.4.0/ratis-netty-0.4.0.jar:/home/user/.m2/repository/org/apache/ratis/ratis-grpc/0.4.0/ratis-grpc-0.4.0.jar:/home/user/.m2/repository/org/rocksdb/rocksdbjni/6.0.1/rocksdbjni-6.0.1.jar:/home/user/.m2/repository/org/apache/logging/log4j/log4j-api/2.11.0/log4j-api-2.11.0.jar:/home/user/.m2/repository/org/apache/logging/log4j/log4j-core/2.11.0/log4j-core-2.11.0.jar:/home/user/.m2/repository/com/lmax/disruptor/3.4.2/disruptor-3.4.2.jar:/home/user/.m2/repository/org/apache/commons/commons-pool2/2.6.0/commons-pool2-2.6.0.jar:/home/user/.m2/repository/org/bouncycastle/bcpkix-jdk15on/1.60/bcpkix-jdk15on-1.60.jar:/home/user/.m2/repository/commons-validator/commons-validator/1.6/commons-validator-1.6.jar:/home/user/.m2/repository/commons-digester/commons-digester/1.8.1/commons-digester-1.8.1.jar:/home/user/.m2/repository/io/jaegertracing/jaeger-client/0.34.0/jaeger-client-0.34.0.jar:/home/user/.m2/repository/io/jaegertracing/jaeger-thrift/0.34.0/jaeger-thrift-0.34.0.jar:/home/user/.m2/repository/org/apache/thrift/libthrift/0.12.0/libthrift-0.12.0.jar:/home/user/.m2/repository/com/squareup/okhttp3/okhttp/3.9.0/okhttp-3.9.0.jar:/home/user/.m2/repository/com/squareup/okio/okio/1.13.0/okio-1.13.0.jar:/home/user/.m2/repository/io/jaegertracing/jaeger-core/0.34.0/jaeger-core-0.34.0.jar:/home/user/.m2/repository/io/jaegertracing/jaeger-tracerresolver/0.34.0/jaeger-tracerresolver-0.34.0.jar:/home/user/.m2/repository/io/opentracing/contrib/opentracing-tracerresolver/0.1.5/opentracing-tracerresolver-0.1.5.jar:/home/user/.m2/repository/io/opentracing/opentracing-util/0.31.0/opentracing-util-0.31.0.jar:/home/user/.m2/repository/io/opentracing/opentracing-api/0.31.0/opentracing-api-0.31.0.jar:/home/user/.m2/repository/io/opentracing/opentracing-noop/0.31.0/opentracing-noop-0.31.0.jar:/home/user/.m2/repository/org/apache/hadoop/hadoop-hdds-server-framework/0.5.0-SNAPSHOT/hadoop-hdds-server-framework-0.5.0-SNAPSHOT.jar:/home/user/.m2/repository/org/apache/hadoop/hadoop-hdds-container-service/0.5.0-SNAPSHOT/hadoop-hdds-container-service-0.5.0-SNAPSHOT.jar:/home/user/.m2/repository/org/apache/hadoop/hadoop-hdds-client/0.5.0-SNAPSHOT/hadoop-hdds-client-0.5.0-SNAPSHOT.jar:/home/user/.m2/repository/org/apache/hadoop/hadoop-hdds-tools/0.5.0-SNAPSHOT/hadoop-hdds-tools-0.5.0-SNAPSHOT.jar:/home/user/.m2/repository/org/apache/hadoop/hadoop-hdds-server-scm/0.5.0-SNAPSHOT/hadoop-hdds-server-scm-0.5.0-SNAPSHOT.jar:/home/user/.m2/repository/org/apache/hadoop/hadoop-hdds-docs/0.5.0-SNAPSHOT/hadoop-hdds-docs-0.5.0-SNAPSHOT.jar:/home/user/.m2/repository/io/dropwizard/metrics/metrics-core/3.2.4/metrics-core-3.2.4.jar:/home/user/.m2/repository/org/hamcrest/hamcrest-all/1.3/hamcrest-all-1.3.jar:/home/user/.m2/repository/org/bouncycastle/bcprov-jdk15on/1.60/bcprov-jdk15on-1.60.jar:/home/user/.m2/repository/info/picocli/picocli/3.9.6/picocli-3.9.6.jar:/home/user/.m2/repository/com/google/protobuf/protobuf-java/2.5.0/protobuf-java-2.5.0.jar:/home/user/.m2/repository/com/google/guava/guava/11.0.2/guava-11.0.2.jar:/home/user/.m2/repository/org/apache/hadoop/hadoop-ozone-ozone-manager/0.5.0-SNAPSHOT/hadoop-ozone-ozone-manager-0.5.0-SNAPSHOT.jar:/home/user/.m2/repository/org/apache/hadoop/hadoop-minikdc/3.2.0/hadoop-minikdc-3.2.0.jar:/home/user/.m2/repository/commons-io/commons-io/2.5/commons-io-2.5.jar:/home/user/.m2/repository/org/apache/kerby/kerb-simplekdc/1.0.1/kerb-simplekdc-1.0.1.jar:/home/user/.m2/repository/org/apache/kerby/kerb-client/1.0.1/kerb-client-1.0.1.jar:/home/user/.m2/repository/org/apache/kerby/kerby-config/1.0.1/kerby-config-1.0.1.jar:/home/user/.m2/repository/org/apache/kerby/kerb-core/1.0.1/kerb-core-1.0.1.jar:/home/user/.m2/repository/org/apache/kerby/kerby-pkix/1.0.1/kerby-pkix-1.0.1.jar:/home/user/.m2/repository/org/apache/kerby/kerby-asn1/1.0.1/kerby-asn1-1.0.1.jar:/home/user/.m2/repository/org/apache/kerby/kerby-util/1.0.1/kerby-util-1.0.1.jar:/home/user/.m2/repository/org/apache/kerby/kerb-common/1.0.1/kerb-common-1.0.1.jar:/home/user/.m2/repository/org/apache/kerby/kerb-crypto/1.0.1/kerb-crypto-1.0.1.jar:/home/user/.m2/repository/org/apache/kerby/kerb-util/1.0.1/kerb-util-1.0.1.jar:/home/user/.m2/repository/org/apache/kerby/token-provider/1.0.1/token-provider-1.0.1.jar:/home/user/.m2/repository/org/apache/kerby/kerb-admin/1.0.1/kerb-admin-1.0.1.jar:/home/user/.m2/repository/org/apache/kerby/kerb-server/1.0.1/kerb-server-1.0.1.jar:/home/user/.m2/repository/org/apache/kerby/kerb-identity/1.0.1/kerb-identity-1.0.1.jar:/home/user/.m2/repository/org/apache/kerby/kerby-xdr/1.0.1/kerby-xdr-1.0.1.jar:/home/user/.m2/repository/org/slf4j/slf4j-log4j12/1.7.25/slf4j-log4j12-1.7.25.jar:/home/user/.m2/repository/org/apache/hadoop/hadoop-ozone-s3gateway/0.5.0-SNAPSHOT/hadoop-ozone-s3gateway-0.5.0-SNAPSHOT.jar:/home/user/.m2/repository/org/jboss/weld/servlet/weld-servlet/2.4.7.Final/weld-servlet-2.4.7.Final.jar:/home/user/.m2/repository/org/glassfish/jersey/containers/jersey-container-servlet-core/2.27/jersey-container-servlet-core-2.27.jar:/home/user/.m2/repository/org/glassfish/hk2/external/javax.inject/2.5.0-b42/javax.inject-2.5.0-b42.jar:/home/user/.m2/repository/org/glassfish/jersey/core/jersey-common/2.27/jersey-common-2.27.jar:/home/user/.m2/repository/org/glassfish/hk2/osgi-resource-locator/1.0.1/osgi-resource-locator-1.0.1.jar:/home/user/.m2/repository/javax/ws/rs/javax.ws.rs-api/2.1/javax.ws.rs-api-2.1.jar:/home/user/.m2/repository/org/glassfish/jersey/ext/cdi/jersey-cdi1x/2.27/jersey-cdi1x-2.27.jar:/home/user/.m2/repository/org/glassfish/jersey/inject/jersey-hk2/2.27/jersey-hk2-2.27.jar:/home/user/.m2/repository/org/glassfish/hk2/hk2-locator/2.5.0-b42/hk2-locator-2.5.0-b42.jar:/home/user/.m2/repository/org/javassist/javassist/3.22.0-CR2/javassist-3.22.0-CR2.jar:/home/user/.m2/repository/org/glassfish/hk2/hk2-api/2.5.0/hk2-api-2.5.0.jar:/home/user/.m2/repository/org/glassfish/hk2/external/jakarta.inject/2.5.0/jakarta.inject-2.5.0.jar:/home/user/.m2/repository/org/glassfish/hk2/hk2-utils/2.5.0/hk2-utils-2.5.0.jar:/home/user/.m2/repository/jakarta/annotation/jakarta.annotation-api/1.3.4/jakarta.annotation-api-1.3.4.jar:/home/user/.m2/repository/org/glassfish/hk2/external/aopalliance-repackaged/2.5.0/aopalliance-repackaged-2.5.0.jar:/home/user/.m2/repository/com/fasterxml/jackson/dataformat/jackson-dataformat-xml/2.9.0/jackson-dataformat-xml-2.9.0.jar:/home/user/.m2/repository/com/fasterxml/jackson/core/jackson-core/2.9.9/jackson-core-2.9.9.jar:/home/user/.m2/repository/com/fasterxml/jackson/module/jackson-module-jaxb-annotations/2.9.9/jackson-module-jaxb-annotations-2.9.9.jar:/home/user/.m2/repository/javax/enterprise/cdi-api/1.2/cdi-api-1.2.jar:/home/user/.m2/repository/javax/el/javax.el-api/3.0.0/javax.el-api-3.0.0.jar:/home/user/.m2/repository/javax/interceptor/javax.interceptor-api/1.2/javax.interceptor-api-1.2.jar:/home/user/.m2/repository/javax/inject/javax.inject/1/javax.inject-1.jar:/home/user/.m2/repository/com/sun/xml/bind/jaxb-impl/2.3.0.1/jaxb-impl-2.3.0.1.jar:/home/user/.m2/repository/com/sun/xml/bind/jaxb-core/2.3.0.1/jaxb-core-2.3.0.1.jar:/home/user/.m2/repository/javax/xml/bind/jaxb-api/2.3.0/jaxb-api-2.3.0.jar:/home/user/.m2/repository/javax/activation/activation/1.1.1/activation-1.1.1.jar:/home/user/.m2/repository/org/apache/hadoop/hadoop-ozone-csi/0.5.0-SNAPSHOT/hadoop-ozone-csi-0.5.0-SNAPSHOT.jar:/home/user/.m2/repository/com/google/protobuf/protobuf-java-util/3.5.1/protobuf-java-util-3.5.1.jar:/home/user/.m2/repository/org/apache/hadoop/hadoop-hdds-config/0.5.0-SNAPSHOT/hadoop-hdds-config-0.5.0-SNAPSHOT.jar:/home/user/.m2/repository/io/grpc/grpc-netty/1.17.1/grpc-netty-1.17.1.jar:/home/user/.m2/repository/io/grpc/grpc-core/1.17.1/grpc-core-1.17.1.jar:/home/user/.m2/repository/io/grpc/grpc-context/1.17.1/grpc-context-1.17.1.jar:/home/user/.m2/repository/com/google/errorprone/error_prone_annotations/2.2.0/error_prone_annotations-2.2.0.jar:/home/user/.m2/repository/org/codehaus/mojo/animal-sniffer-annotations/1.17/animal-sniffer-annotations-1.17.jar:/home/user/.m2/repository/io/opencensus/opencensus-api/0.17.0/opencensus-api-0.17.0.jar:/home/user/.m2/repository/io/opencensus/opencensus-contrib-grpc-metrics/0.17.0/opencensus-contrib-grpc-metrics-0.17.0.jar:/home/user/.m2/repository/io/netty/netty-codec-http2/4.1.30.Final/netty-codec-http2-4.1.30.Final.jar:/home/user/.m2/repository/io/netty/netty-codec-http/4.1.30.Final/netty-codec-http-4.1.30.Final.jar:/home/user/.m2/repository/io/netty/netty-codec/4.1.30.Final/netty-codec-4.1.30.Final.jar:/home/user/.m2/repository/io/netty/netty-handler/4.1.30.Final/netty-handler-4.1.30.Final.jar:/home/user/.m2/repository/io/netty/netty-handler-proxy/4.1.30.Final/netty-handler-proxy-4.1.30.Final.jar:/home/user/.m2/repository/io/netty/netty-codec-socks/4.1.30.Final/netty-codec-socks-4.1.30.Final.jar:/home/user/.m2/repository/io/netty/netty-transport-native-epoll/4.1.30.Final/netty-transport-native-epoll-4.1.30.Final.jar:/home/user/.m2/repository/io/netty/netty-common/4.1.30.Final/netty-common-4.1.30.Final.jar:/home/user/.m2/repository/io/netty/netty-buffer/4.1.30.Final/netty-buffer-4.1.30.Final.jar:/home/user/.m2/repository/io/netty/netty-transport/4.1.30.Final/netty-transport-4.1.30.Final.jar:/home/user/.m2/repository/io/netty/netty-resolver/4.1.30.Final/netty-resolver-4.1.30.Final.jar:/home/user/.m2/repository/io/netty/netty-transport-native-unix-common/4.1.30.Final/netty-transport-native-unix-common-4.1.30.Final.jar:/home/user/.m2/repository/io/grpc/grpc-protobuf/1.17.1/grpc-protobuf-1.17.1.jar:/home/user/.m2/repository/com/google/api/grpc/proto-google-common-protos/1.0.0/proto-google-common-protos-1.0.0.jar:/home/user/.m2/repository/io/grpc/grpc-protobuf-lite/1.17.1/grpc-protobuf-lite-1.17.1.jar:/home/user/.m2/repository/io/grpc/grpc-stub/1.17.1/grpc-stub-1.17.1.jar:/home/user/.m2/repository/org/apache/hadoop/hadoop-ozone-recon/0.5.0-SNAPSHOT/hadoop-ozone-recon-0.5.0-SNAPSHOT.jar:/home/user/.m2/repository/org/apache/hadoop/hadoop-ozone-reconcodegen/0.5.0-SNAPSHOT/hadoop-ozone-reconcodegen-0.5.0-SNAPSHOT.jar:/home/user/.m2/repository/com/google/inject/extensions/guice-multibindings/4.0/guice-multibindings-4.0.jar:/home/user/.m2/repository/com/google/inject/guice/4.0/guice-4.0.jar:/home/user/.m2/repository/aopalliance/aopalliance/1.0/aopalliance-1.0.jar:/home/user/.m2/repository/com/google/inject/extensions/guice-servlet/4.0/guice-servlet-4.0.jar:/home/user/.m2/repository/org/glassfish/jersey/containers/jersey-container-servlet/2.27/jersey-container-servlet-2.27.jar:/home/user/.m2/repository/org/glassfish/hk2/guice-bridge/2.5.0/guice-bridge-2.5.0.jar:/home/user/.m2/repository/org/glassfish/jersey/core/jersey-server/2.27/jersey-server-2.27.jar:/home/user/.m2/repository/org/glassfish/jersey/core/jersey-client/2.27/jersey-client-2.27.jar:/home/user/.m2/repository/org/glassfish/jersey/media/jersey-media-jaxb/2.27/jersey-media-jaxb-2.27.jar:/home/user/.m2/repository/javax/validation/validation-api/1.1.0.Final/validation-api-1.1.0.Final.jar:/home/user/.m2/repository/org/glassfish/jersey/media/jersey-media-json-jackson/2.27/jersey-media-json-jackson-2.27.jar:/home/user/.m2/repository/org/glassfish/jersey/ext/jersey-entity-filtering/2.27/jersey-entity-filtering-2.27.jar:/home/user/.m2/repository/com/google/inject/extensions/guice-assistedinject/4.0/guice-assistedinject-4.0.jar:/home/user/.m2/repository/org/jooq/jooq/3.11.10/jooq-3.11.10.jar:/home/user/.m2/repository/org/jooq/jooq-meta/3.11.10/jooq-meta-3.11.10.jar:/home/user/.m2/repository/org/jooq/jooq-codegen/3.11.10/jooq-codegen-3.11.10.jar:/home/user/.m2/repository/com/jolbox/bonecp/0.8.0.RELEASE/bonecp-0.8.0.RELEASE.jar:/home/user/.m2/repository/org/xerial/sqlite-jdbc/3.25.2/sqlite-jdbc-3.25.2.jar:/home/user/.m2/repository/org/springframework/spring-jdbc/5.1.3.RELEASE/spring-jdbc-5.1.3.RELEASE.jar:/home/user/.m2/repository/org/springframework/spring-beans/5.1.3.RELEASE/spring-beans-5.1.3.RELEASE.jar:/home/user/.m2/repository/org/springframework/spring-core/5.1.3.RELEASE/spring-core-5.1.3.RELEASE.jar:/home/user/.m2/repository/org/springframework/spring-jcl/5.1.3.RELEASE/spring-jcl-5.1.3.RELEASE.jar:/home/user/.m2/repository/org/springframework/spring-tx/5.1.3.RELEASE/spring-tx-5.1.3.RELEASE.jar:/home/user/.m2/repository/org/apache/hadoop/hadoop-ozone-client/0.5.0-SNAPSHOT/hadoop-ozone-client-0.5.0-SNAPSHOT.jar:/home/user/.m2/repository/commons-lang/commons-lang/2.6/commons-lang-2.6.jar:/home/user/.m2/repository/org/apache/hadoop/hadoop-ozone-ozone-manager/0.5.0-SNAPSHOT/hadoop-ozone-ozone-manager-0.5.0-SNAPSHOT-tests.jar:/home/user/.m2/repository/junit/junit/4.11/junit-4.11.jar:/home/user/.m2/repository/org/hamcrest/hamcrest-core/1.3/hamcrest-core-1.3.jar:/home/user/.m2/repository/org/openjdk/jmh/jmh-core/1.19/jmh-core-1.19.jar:/home/user/.m2/repository/net/sf/jopt-simple/jopt-simple/4.6/jopt-simple-4.6.jar:/home/user/.m2/repository/org/apache/commons/commons-math3/3.1.1/commons-math3-3.1.1.jar:/home/user/.m2/repository/org/openjdk/jmh/jmh-generator-annprocess/1.19/jmh-generator-annprocess-1.19.jar:/home/user/.m2/repository/org/mockito/mockito-all/1.8.5/mockito-all-1.8.5.jar:/home/user/.m2/repository/org/apache/hadoop/hadoop-kms/3.2.0/hadoop-kms-3.2.0.jar:/home/user/.m2/repository/org/apache/hadoop/hadoop-auth/3.2.0/hadoop-auth-3.2.0.jar:/home/user/.m2/repository/com/nimbusds/nimbus-jose-jwt/4.41.1/nimbus-jose-jwt-4.41.1.jar:/home/user/.m2/repository/com/github/stephenc/jcip/jcip-annotations/1.0-1/jcip-annotations-1.0-1.jar:/home/user/.m2/repository/net/minidev/json-smart/2.3/json-smart-2.3.jar:/home/user/.m2/repository/net/minidev/accessors-smart/1.2/accessors-smart-1.2.jar:/home/user/.m2/repository/org/ow2/asm/asm/5.0.4/asm-5.0.4.jar:/home/user/.m2/repository/org/apache/curator/curator-framework/2.12.0/curator-framework-2.12.0.jar:/home/user/.m2/repository/com/sun/jersey/jersey-core/1.19/jersey-core-1.19.jar:/home/user/.m2/repository/javax/ws/rs/jsr311-api/1.1.1/jsr311-api-1.1.1.jar:/home/user/.m2/repository/com/sun/jersey/jersey-server/1.19/jersey-server-1.19.jar:/home/user/.m2/repository/javax/servlet/javax.servlet-api/3.1.0/javax.servlet-api-3.1.0.jar:/home/user/.m2/repository/org/eclipse/jetty/jetty-server/9.3.25.v20180904/jetty-server-9.3.25.v20180904.jar:/home/user/.m2/repository/org/eclipse/jetty/jetty-http/9.3.25.v20180904/jetty-http-9.3.25.v20180904.jar:/home/user/.m2/repository/org/eclipse/jetty/jetty-io/9.3.25.v20180904/jetty-io-9.3.25.v20180904.jar:/home/user/.m2/repository/org/eclipse/jetty/jetty-webapp/9.3.25.v20180904/jetty-webapp-9.3.25.v20180904.jar:/home/user/.m2/repository/org/eclipse/jetty/jetty-xml/9.3.25.v20180904/jetty-xml-9.3.25.v20180904.jar:/home/user/.m2/repository/log4j/log4j/1.2.17/log4j-1.2.17.jar:/home/user/.m2/repository/org/slf4j/slf4j-api/1.7.25/slf4j-api-1.7.25.jar:/home/user/.m2/repository/org/slf4j/jul-to-slf4j/1.7.25/jul-to-slf4j-1.7.25.jar:/home/user/.m2/repository/org/eclipse/jetty/jetty-util/9.3.25.v20180904/jetty-util-9.3.25.v20180904.jar:/home/user/.m2/repository/com/fasterxml/jackson/core/jackson-databind/2.9.9/jackson-databind-2.9.9.jar:/home/user/.m2/repository/org/apache/hadoop/hadoop-kms/3.2.0/hadoop-kms-3.2.0-tests.jar:/home/user/.m2/repository/org/apache/hadoop/hadoop-hdds-server-scm/0.5.0-SNAPSHOT/hadoop-hdds-server-scm-0.5.0-SNAPSHOT-tests.jar:/home/user/.m2/repository/org/apache/hadoop/hadoop-hdds-container-service/0.5.0-SNAPSHOT/hadoop-hdds-container-service-0.5.0-SNAPSHOT-tests.jar:/home/user/.m2/repository/org/yaml/snakeyaml/1.16/snakeyaml-1.16.jar:/home/user/.m2/repository/org/apache/hadoop/hadoop-common/3.2.0/hadoop-common-3.2.0-tests.jar:/home/user/.m2/repository/org/apache/hadoop/hadoop-annotations/3.2.0/hadoop-annotations-3.2.0.jar:/usr/lib/jvm/java-1.8-openjdk/jre/../lib/tools.jar:/home/user/.m2/repository/commons-cli/commons-cli/1.2/commons-cli-1.2.jar:/home/user/.m2/repository/org/apache/httpcomponents/httpclient/4.5.2/httpclient-4.5.2.jar:/home/user/.m2/repository/org/apache/httpcomponents/httpcore/4.4.4/httpcore-4.4.4.jar:/home/user/.m2/repository/commons-codec/commons-codec/1.11/commons-codec-1.11.jar:/home/user/.m2/repository/commons-net/commons-net/3.6/commons-net-3.6.jar:/home/user/.m2/repository/commons-collections/commons-collections/3.2.2/commons-collections-3.2.2.jar:/home/user/.m2/repository/org/eclipse/jetty/jetty-servlet/9.3.25.v20180904/jetty-servlet-9.3.25.v20180904.jar:/home/user/.m2/repository/org/eclipse/jetty/jetty-security/9.3.25.v20180904/jetty-security-9.3.25.v20180904.jar:/home/user/.m2/repository/javax/servlet/jsp/jsp-api/2.1/jsp-api-2.1.jar:/home/user/.m2/repository/com/sun/jersey/jersey-servlet/1.19/jersey-servlet-1.19.jar:/home/user/.m2/repository/com/sun/jersey/jersey-json/1.19/jersey-json-1.19.jar:/home/user/.m2/repository/org/codehaus/jettison/jettison/1.1/jettison-1.1.jar:/home/user/.m2/repository/org/codehaus/jackson/jackson-core-asl/1.9.13/jackson-core-asl-1.9.13.jar:/home/user/.m2/repository/org/codehaus/jackson/jackson-mapper-asl/1.9.13/jackson-mapper-asl-1.9.13.jar:/home/user/.m2/repository/org/codehaus/jackson/jackson-jaxrs/1.9.13/jackson-jaxrs-1.9.13.jar:/home/user/.m2/repository/org/codehaus/jackson/jackson-xc/1.9.13/jackson-xc-1.9.13.jar:/home/user/.m2/repository/commons-logging/commons-logging/1.1.3/commons-logging-1.1.3.jar:/home/user/.m2/repository/commons-beanutils/commons-beanutils/1.9.4/commons-beanutils-1.9.4.jar:/home/user/.m2/repository/org/apache/commons/commons-configuration2/2.1.1/commons-configuration2-2.1.1.jar:/home/user/.m2/repository/org/apache/commons/commons-lang3/3.7/commons-lang3-3.7.jar:/home/user/.m2/repository/org/apache/commons/commons-text/1.4/commons-text-1.4.jar:/home/user/.m2/repository/org/apache/avro/avro/1.7.7/avro-1.7.7.jar:/home/user/.m2/repository/com/thoughtworks/paranamer/paranamer/2.3/paranamer-2.3.jar:/home/user/.m2/repository/org/xerial/snappy/snappy-java/1.0.5/snappy-java-1.0.5.jar:/home/user/.m2/repository/com/google/re2j/re2j/1.1/re2j-1.1.jar:/home/user/.m2/repository/com/google/code/gson/gson/2.2.4/gson-2.2.4.jar:/home/user/.m2/repository/com/jcraft/jsch/0.1.54/jsch-0.1.54.jar:/home/user/.m2/repository/org/apache/curator/curator-client/2.12.0/curator-client-2.12.0.jar:/home/user/.m2/repository/org/apache/curator/curator-recipes/2.12.0/curator-recipes-2.12.0.jar:/home/user/.m2/repository/com/google/code/findbugs/jsr305/3.0.0/jsr305-3.0.0.jar:/home/user/.m2/repository/org/apache/htrace/htrace-core4/4.1.0-incubating/htrace-core4-4.1.0-incubating.jar:/home/user/.m2/repository/org/apache/zookeeper/zookeeper/3.4.13/zookeeper-3.4.13.jar:/home/user/.m2/repository/jline/jline/0.9.94/jline-0.9.94.jar:/home/user/.m2/repository/org/apache/yetus/audience-annotations/0.5.0/audience-annotations-0.5.0.jar:/home/user/.m2/repository/org/codehaus/woodstox/stax2-api/3.1.4/stax2-api-3.1.4.jar:/home/user/.m2/repository/com/fasterxml/woodstox/woodstox-core/5.0.3/woodstox-core-5.0.3.jar:/home/user/.m2/repository/dnsjava/dnsjava/2.1.7/dnsjava-2.1.7.jar:/home/user/.m2/repository/org/apache/hadoop/hadoop-hdfs/3.2.0/hadoop-hdfs-3.2.0-tests.jar:/home/user/.m2/repository/org/eclipse/jetty/jetty-util-ajax/9.3.25.v20180904/jetty-util-ajax-9.3.25.v20180904.jar:/home/user/.m2/repository/commons-daemon/commons-daemon/1.0.13/commons-daemon-1.0.13.jar:/home/user/.m2/repository/io/netty/netty/3.10.5.Final/netty-3.10.5.Final.jar:/home/user/.m2/repository/io/netty/netty-all/4.0.52.Final/netty-all-4.0.52.Final.jar:/home/user/.m2/repository/org/fusesource/leveldbjni/leveldbjni-all/1.8/leveldbjni-all-1.8.jar:"/>
    <property name="sun.cpu.endian" value="little"/>
    <property name="user.home" value="/home/user"/>
    <property name="user.language" value="en"/>
    <property name="java.specification.vendor" value="Oracle Corporation"/>
    <property name="java.home" value="/usr/lib/jvm/java-1.8-openjdk/jre"/>
    <property name="java.security.krb5.conf" value="/workdir/hadoop-ozone/integration-test/target/test-classes/krb5.conf"/>
    <property name="basedir" value="/workdir/hadoop-ozone/integration-test"/>
    <property name="file.separator" value="/"/>
    <property name="line.separator" value="&#10;"/>
    <property name="java.vm.specification.vendor" value="Oracle Corporation"/>
    <property name="java.specification.name" value="Java Platform API Specification"/>
    <property name="java.awt.graphicsenv" value="sun.awt.X11GraphicsEnvironment"/>
    <property name="surefire.real.class.path" value="/workdir/hadoop-ozone/integration-test/target/surefire/surefirebooter7815490031260078323.jar"/>
    <property name="hadoop.log.dir" value="/workdir/hadoop-ozone/integration-test/target/log"/>
    <property name="sun.boot.class.path" value="/usr/lib/jvm/java-1.8-openjdk/jre/lib/resources.jar:/usr/lib/jvm/java-1.8-openjdk/jre/lib/rt.jar:/usr/lib/jvm/java-1.8-openjdk/jre/lib/sunrsasign.jar:/usr/lib/jvm/java-1.8-openjdk/jre/lib/jsse.jar:/usr/lib/jvm/java-1.8-openjdk/jre/lib/jce.jar:/usr/lib/jvm/java-1.8-openjdk/jre/lib/charsets.jar:/usr/lib/jvm/java-1.8-openjdk/jre/lib/jfr.jar:/usr/lib/jvm/java-1.8-openjdk/jre/classes"/>
    <property name="sun.management.compiler" value="HotSpot 64-Bit Tiered Compilers"/>
    <property name="java.runtime.version" value="1.8.0_212-b04"/>
    <property name="java.net.preferIPv4Stack" value="true"/>
    <property name="user.name" value="jenkins1000"/>
    <property name="path.separator" value=":"/>
    <property name="java.security.egd" value="file:///dev/urandom"/>
    <property name="os.version" value="3.10.0-957.12.2.el7.x86_64"/>
    <property name="java.endorsed.dirs" value="/usr/lib/jvm/java-1.8-openjdk/jre/lib/endorsed"/>
    <property name="java.runtime.name" value="OpenJDK Runtime Environment"/>
    <property name="file.encoding" value="UTF-8"/>
    <property name="java.vm.name" value="OpenJDK 64-Bit Server VM"/>
    <property name="test.build.webapps" value=""/>
    <property name="localRepository" value="/home/user/.m2/repository"/>
    <property name="java.vendor.url.bug" value="https://icedtea.classpath.org/bugzilla"/>
    <property name="java.io.tmpdir" value="/tmp"/>
    <property name="require.test.libhadoop" value=""/>
    <property name="java.version" value="1.8.0_212"/>
    <property name="user.dir" value="/workdir/hadoop-ozone/integration-test"/>
    <property name="os.arch" value="amd64"/>
    <property name="java.vm.specification.name" value="Java Virtual Machine Specification"/>
    <property name="test.build.classes" value="/workdir/hadoop-ozone/integration-test/target/test-classes"/>
    <property name="java.awt.printerjob" value="sun.print.PSPrinterJob"/>
    <property name="sun.os.patch.level" value="unknown"/>
    <property name="hadoop.tmp.dir" value="/workdir/hadoop-ozone/integration-test/target/tmp"/>
    <property name="java.library.path" value="/usr/lib/jvm/java-1.8-openjdk/jre/lib/amd64/server:/usr/lib/jvm/java-1.8-openjdk/jre/lib/amd64:/usr/lib/jvm/java-1.8-openjdk/jre/../lib/amd64:/workdir/hadoop-ozone/integration-test/target/native/target/usr/local/lib:/workdir/hadoop-ozone/integration-test/../../hadoop-common-project/hadoop-common/target/native/target/usr/local/lib:/usr/java/packages/lib/amd64:/usr/lib64:/lib64:/lib:/usr/lib"/>
    <property name="java.vm.info" value="mixed mode"/>
    <property name="java.vendor" value="IcedTea"/>
    <property name="java.vm.version" value="25.212-b04"/>
    <property name="java.ext.dirs" value="/usr/lib/jvm/java-1.8-openjdk/jre/lib/ext:/usr/java/packages/lib/ext"/>
    <property name="sun.io.unicode.encoding" value="UnicodeLittle"/>
    <property name="java.class.version" value="52.0"/>
  </properties>
  <testcase name="testWatchForCommitWithKeyWrite" classname="org.apache.hadoop.ozone.client.rpc.TestWatchForCommit" time="79.285"/>
  <testcase name="testWatchForCommitWithSmallerTimeoutValue" classname="org.apache.hadoop.ozone.client.rpc.TestWatchForCommit" time="26.171">
    <error message="org.apache.ratis.protocol.RaftRetryFailureException: Failed RaftClientRequest:client-6B1555D4943C-&gt;0788b08f-dd6c-4547-a8ef-23c2d2da422a@group-C7C1CDAE2B35, cid=50, seq=1*, RW, org.apache.hadoop.hdds.scm.XceiverClientRatis$$Lambda$497/1293940401@59862a6a for 20 attempts with RetryLimited(maxAttempts=20, sleepTime=1000ms)" type="java.util.concurrent.ExecutionException">java.util.concurrent.ExecutionException: org.apache.ratis.protocol.RaftRetryFailureException: Failed RaftClientRequest:client-6B1555D4943C->0788b08f-dd6c-4547-a8ef-23c2d2da422a@group-C7C1CDAE2B35, cid=50, seq=1*, RW, org.apache.hadoop.hdds.scm.XceiverClientRatis$$Lambda$497/1293940401@59862a6a for 20 attempts with RetryLimited(maxAttempts=20, sleepTime=1000ms)
	at java.util.concurrent.CompletableFuture.reportGet(CompletableFuture.java:357)
	at java.util.concurrent.CompletableFuture.get(CompletableFuture.java:1895)
	at org.apache.hadoop.ozone.client.rpc.TestWatchForCommit.testWatchForCommitWithSmallerTimeoutValue(TestWatchForCommit.java:293)
	at sun.reflect.NativeMethodAccessorImpl.invoke0(Native Method)
	at sun.reflect.NativeMethodAccessorImpl.invoke(NativeMethodAccessorImpl.java:62)
	at sun.reflect.DelegatingMethodAccessorImpl.invoke(DelegatingMethodAccessorImpl.java:43)
	at java.lang.reflect.Method.invoke(Method.java:498)
	at org.junit.runners.model.FrameworkMethod$1.runReflectiveCall(FrameworkMethod.java:47)
	at org.junit.internal.runners.model.ReflectiveCallable.run(ReflectiveCallable.java:12)
	at org.junit.runners.model.FrameworkMethod.invokeExplosively(FrameworkMethod.java:44)
	at org.junit.internal.runners.statements.InvokeMethod.evaluate(InvokeMethod.java:17)
	at org.junit.runners.ParentRunner.runLeaf(ParentRunner.java:271)
	at org.junit.runners.BlockJUnit4ClassRunner.runChild(BlockJUnit4ClassRunner.java:70)
	at org.junit.runners.BlockJUnit4ClassRunner.runChild(BlockJUnit4ClassRunner.java:50)
	at org.junit.runners.ParentRunner$3.run(ParentRunner.java:238)
	at org.junit.runners.ParentRunner$1.schedule(ParentRunner.java:63)
	at org.junit.runners.ParentRunner.runChildren(ParentRunner.java:236)
	at org.junit.runners.ParentRunner.access$000(ParentRunner.java:53)
	at org.junit.runners.ParentRunner$2.evaluate(ParentRunner.java:229)
	at org.junit.runners.ParentRunner.run(ParentRunner.java:309)
	at org.apache.maven.surefire.junit4.JUnit4Provider.execute(JUnit4Provider.java:365)
	at org.apache.maven.surefire.junit4.JUnit4Provider.executeWithRerun(JUnit4Provider.java:273)
	at org.apache.maven.surefire.junit4.JUnit4Provider.executeTestSet(JUnit4Provider.java:238)
	at org.apache.maven.surefire.junit4.JUnit4Provider.invoke(JUnit4Provider.java:159)
	at org.apache.maven.surefire.booter.ForkedBooter.invokeProviderInSameClassLoader(ForkedBooter.java:384)
	at org.apache.maven.surefire.booter.ForkedBooter.runSuitesInProcess(ForkedBooter.java:345)
	at org.apache.maven.surefire.booter.ForkedBooter.execute(ForkedBooter.java:126)
	at org.apache.maven.surefire.booter.ForkedBooter.main(ForkedBooter.java:418)
Caused by: org.apache.ratis.protocol.RaftRetryFailureException: Failed RaftClientRequest:client-6B1555D4943C->0788b08f-dd6c-4547-a8ef-23c2d2da422a@group-C7C1CDAE2B35, cid=50, seq=1*, RW, org.apache.hadoop.hdds.scm.XceiverClientRatis$$Lambda$497/1293940401@59862a6a for 20 attempts with RetryLimited(maxAttempts=20, sleepTime=1000ms)
	at org.apache.ratis.client.impl.RaftClientImpl.noMoreRetries(RaftClientImpl.java:271)
	at org.apache.ratis.client.impl.OrderedAsync.handleAsyncRetryFailure(OrderedAsync.java:138)
	at org.apache.ratis.client.impl.OrderedAsync.lambda$sendRequest$10(OrderedAsync.java:230)
	at java.util.concurrent.CompletableFuture.uniExceptionally(CompletableFuture.java:870)
	at java.util.concurrent.CompletableFuture$UniExceptionally.tryFire(CompletableFuture.java:852)
	at java.util.concurrent.CompletableFuture.postComplete(CompletableFuture.java:474)
	at java.util.concurrent.CompletableFuture.completeExceptionally(CompletableFuture.java:1977)
	at org.apache.ratis.grpc.client.GrpcClientProtocolClient$AsyncStreamObservers.completeReplyExceptionally(GrpcClientProtocolClient.java:339)
	at org.apache.ratis.grpc.client.GrpcClientProtocolClient$AsyncStreamObservers.access$000(GrpcClientProtocolClient.java:255)
	at org.apache.ratis.grpc.client.GrpcClientProtocolClient$AsyncStreamObservers$1.onNext(GrpcClientProtocolClient.java:267)
	at org.apache.ratis.grpc.client.GrpcClientProtocolClient$AsyncStreamObservers$1.onNext(GrpcClientProtocolClient.java:258)
	at org.apache.ratis.thirdparty.io.grpc.stub.ClientCalls$StreamObserverToCallListenerAdapter.onMessage(ClientCalls.java:421)
	at org.apache.ratis.thirdparty.io.grpc.ForwardingClientCallListener.onMessage(ForwardingClientCallListener.java:33)
	at org.apache.ratis.thirdparty.io.grpc.ForwardingClientCallListener.onMessage(ForwardingClientCallListener.java:33)
	at org.apache.ratis.thirdparty.io.grpc.internal.ClientCallImpl$ClientStreamListenerImpl$1MessagesAvailable.runInContext(ClientCallImpl.java:519)
	at org.apache.ratis.thirdparty.io.grpc.internal.ContextRunnable.run(ContextRunnable.java:37)
	at org.apache.ratis.thirdparty.io.grpc.internal.SerializingExecutor.run(SerializingExecutor.java:123)
	at java.util.concurrent.ThreadPoolExecutor.runWorker(ThreadPoolExecutor.java:1149)
	at java.util.concurrent.ThreadPoolExecutor$Worker.run(ThreadPoolExecutor.java:624)
	at java.lang.Thread.run(Thread.java:748)
Caused by: org.apache.ratis.protocol.NotLeaderException: Server 0788b08f-dd6c-4547-a8ef-23c2d2da422a@group-C7C1CDAE2B35 is not the leader
	at org.apache.ratis.client.impl.ClientProtoUtils.toRaftClientReply(ClientProtoUtils.java:243)
	at org.apache.ratis.grpc.client.GrpcClientProtocolClient$AsyncStreamObservers$1.onNext(GrpcClientProtocolClient.java:263)
	... 10 more
</error>
    <system-out><![CDATA[2019-09-27 21:15:38,786 [main] WARN  server.ServerUtils (ServerUtils.java:getScmDbDir(145)) - ozone.scm.db.dirs is not configured. We recommend adding this setting. Falling back to ozone.metadata.dirs instead.
2019-09-27 21:15:38,818 [main] WARN  server.ServerUtils (ServerUtils.java:getScmDbDir(145)) - ozone.scm.db.dirs is not configured. We recommend adding this setting. Falling back to ozone.metadata.dirs instead.
2019-09-27 21:15:38,819 [main] WARN  server.ServerUtils (ServerUtils.java:getScmDbDir(145)) - ozone.scm.db.dirs is not configured. We recommend adding this setting. Falling back to ozone.metadata.dirs instead.
2019-09-27 21:15:38,819 [main] INFO  db.DBStoreBuilder (DBStoreBuilder.java:addTable(110)) - using custom profile for table: deletedBlocks
2019-09-27 21:15:38,819 [main] INFO  db.DBStoreBuilder (DBStoreBuilder.java:processTables(161)) - Using default column profile:DBProfile.DISK for Table:deletedBlocks
2019-09-27 21:15:38,820 [main] INFO  db.DBStoreBuilder (DBStoreBuilder.java:addTable(110)) - using custom profile for table: validCerts
2019-09-27 21:15:38,820 [main] INFO  db.DBStoreBuilder (DBStoreBuilder.java:processTables(161)) - Using default column profile:DBProfile.DISK for Table:validCerts
2019-09-27 21:15:38,820 [main] INFO  db.DBStoreBuilder (DBStoreBuilder.java:addTable(110)) - using custom profile for table: revokedCerts
2019-09-27 21:15:38,820 [main] INFO  db.DBStoreBuilder (DBStoreBuilder.java:processTables(161)) - Using default column profile:DBProfile.DISK for Table:revokedCerts
2019-09-27 21:15:38,821 [main] INFO  db.DBStoreBuilder (DBStoreBuilder.java:addTable(110)) - using custom profile for table: default
2019-09-27 21:15:38,821 [main] INFO  db.DBStoreBuilder (DBStoreBuilder.java:processTables(167)) - Using default column profile:DBProfile.DISK for Table:default
2019-09-27 21:15:38,821 [main] INFO  db.DBStoreBuilder (DBStoreBuilder.java:getDbProfile(198)) - Using default options. DBProfile.DISK
2019-09-27 21:15:39,201 [main] INFO  net.NodeSchemaLoader (NodeSchemaLoader.java:loadSchemaFromFile(125)) - Loading file from sun.misc.CompoundEnumeration@2d760326
2019-09-27 21:15:39,201 [main] INFO  net.NodeSchemaLoader (NodeSchemaLoader.java:loadSchema(171)) - Loading network topology layer schema file
2019-09-27 21:15:39,207 [main] WARN  server.ServerUtils (ServerUtils.java:sanitizeUserArgs(70)) - ozone.scm.stale.node.interval value = 300000 is larger than max = 100000 based on the key value of ozone.scm.heartbeat.thread.interval, reset to the max value 100000.
2019-09-27 21:15:39,207 [main] WARN  server.ServerUtils (ServerUtils.java:sanitizeUserArgs(70)) - ozone.scm.stale.node.interval value = 300000 is larger than max = 100000 based on the key value of ozone.scm.heartbeat.thread.interval, reset to the max value 100000.
2019-09-27 21:15:39,208 [main] INFO  node.SCMNodeManager (SCMNodeManager.java:<init>(114)) - Entering startup safe mode.
2019-09-27 21:15:39,209 [main] INFO  algorithms.ContainerPlacementPolicyFactory (ContainerPlacementPolicyFactory.java:getPolicy(57)) - Create container placement policy of type org.apache.hadoop.hdds.scm.container.placement.algorithms.SCMContainerPlacementRandom
2019-09-27 21:15:39,210 [main] WARN  server.ServerUtils (ServerUtils.java:getScmDbDir(145)) - ozone.scm.db.dirs is not configured. We recommend adding this setting. Falling back to ozone.metadata.dirs instead.
2019-09-27 21:15:39,350 [main] INFO  pipeline.SCMPipelineManager (SCMPipelineManager.java:initializePipelineState(132)) - No pipeline exists in current db
2019-09-27 21:15:39,350 [main] WARN  server.ServerUtils (ServerUtils.java:getScmDbDir(145)) - ozone.scm.db.dirs is not configured. We recommend adding this setting. Falling back to ozone.metadata.dirs instead.
2019-09-27 21:15:39,489 [main] WARN  events.EventQueue (EventQueue.java:fireEvent(183)) - No event handler registered for event TypedEvent{payloadType=SafeModeStatus, name='SafeModeStatus'}
2019-09-27 21:15:39,490 [main] INFO  ipc.CallQueueManager (CallQueueManager.java:<init>(84)) - Using callQueue: class java.util.concurrent.LinkedBlockingQueue, queueCapacity: 2000, scheduler: class org.apache.hadoop.ipc.DefaultRpcScheduler, ipcBackoff: false.
2019-09-27 21:15:39,491 [Socket Reader #1 for port 41436] INFO  ipc.Server (Server.java:run(1074)) - Starting Socket Reader #1 for port 41436
2019-09-27 21:15:39,494 [main] INFO  ipc.CallQueueManager (CallQueueManager.java:<init>(84)) - Using callQueue: class java.util.concurrent.LinkedBlockingQueue, queueCapacity: 2000, scheduler: class org.apache.hadoop.ipc.DefaultRpcScheduler, ipcBackoff: false.
2019-09-27 21:15:39,495 [Socket Reader #1 for port 40952] INFO  ipc.Server (Server.java:run(1074)) - Starting Socket Reader #1 for port 40952
2019-09-27 21:15:39,496 [main] INFO  ipc.CallQueueManager (CallQueueManager.java:<init>(84)) - Using callQueue: class java.util.concurrent.LinkedBlockingQueue, queueCapacity: 2000, scheduler: class org.apache.hadoop.ipc.DefaultRpcScheduler, ipcBackoff: false.
2019-09-27 21:15:39,497 [Socket Reader #1 for port 40629] INFO  ipc.Server (Server.java:run(1074)) - Starting Socket Reader #1 for port 40629
2019-09-27 21:15:39,500 [main] INFO  hdfs.DFSUtil (DFSUtil.java:httpServerTemplateForNNAndJN(1641)) - Starting Web-server for scm at: http://0.0.0.0:0
2019-09-27 21:15:39,502 [main] INFO  server.AuthenticationFilter (AuthenticationFilter.java:constructSecretProvider(240)) - Unable to initialize FileSignerSecretProvider, falling back to use random secrets.
2019-09-27 21:15:39,503 [main] WARN  http.HttpRequestLog (HttpRequestLog.java:getRequestLog(97)) - Jetty request log can only be enabled using Log4j
2019-09-27 21:15:39,506 [main] INFO  http.HttpServer2 (HttpServer2.java:addGlobalFilter(975)) - Added global filter 'safety' (class=org.apache.hadoop.http.HttpServer2$QuotingInputFilter)
2019-09-27 21:15:39,507 [main] INFO  http.HttpServer2 (HttpServer2.java:addFilter(948)) - Added filter static_user_filter (class=org.apache.hadoop.http.lib.StaticUserWebFilter$StaticUserFilter) to context scm
2019-09-27 21:15:39,507 [main] INFO  http.HttpServer2 (HttpServer2.java:addFilter(958)) - Added filter static_user_filter (class=org.apache.hadoop.http.lib.StaticUserWebFilter$StaticUserFilter) to context static
2019-09-27 21:15:39,507 [main] INFO  http.HttpServer2 (HttpServer2.java:addFilter(958)) - Added filter static_user_filter (class=org.apache.hadoop.http.lib.StaticUserWebFilter$StaticUserFilter) to context logs
2019-09-27 21:15:39,511 [main] INFO  server.StorageContainerManager (StorageContainerManager.java:start(770)) - StorageContainerLocationProtocol RPC server is listening at /0.0.0.0:40629
2019-09-27 21:15:39,515 [main] WARN  impl.MetricsConfig (MetricsConfig.java:loadFirst(134)) - Cannot locate configuration: tried hadoop-metrics2-storagecontainermanager.properties,hadoop-metrics2.properties
2019-09-27 21:15:39,516 [main] INFO  impl.MetricsSystemImpl (MetricsSystemImpl.java:startTimer(374)) - Scheduled Metric snapshot period at 10 second(s).
2019-09-27 21:15:39,516 [main] INFO  impl.MetricsSystemImpl (MetricsSystemImpl.java:start(191)) - StorageContainerManager metrics system started
2019-09-27 21:15:39,561 [main] WARN  impl.MetricsSystemImpl (MetricsSystemImpl.java:register(276)) - Sink prometheus already exists!
2019-09-27 21:15:39,566 [main] INFO  server.SCMClientProtocolServer (SCMClientProtocolServer.java:start(150)) - RPC server for Client  is listening at /0.0.0.0:40629
2019-09-27 21:15:39,567 [IPC Server Responder] INFO  ipc.Server (Server.java:run(1314)) - IPC Server Responder: starting
2019-09-27 21:15:39,567 [IPC Server listener on 40629] INFO  ipc.Server (Server.java:run(1153)) - IPC Server listener on 40629: starting
2019-09-27 21:15:39,570 [main] INFO  server.StorageContainerManager (StorageContainerManager.java:start(780)) - ScmBlockLocationProtocol RPC server is listening at /0.0.0.0:40952
2019-09-27 21:15:39,571 [main] INFO  server.SCMBlockProtocolServer (SCMBlockProtocolServer.java:start(146)) - RPC server for Block Protocol is listening at /0.0.0.0:40952
2019-09-27 21:15:39,571 [IPC Server Responder] INFO  ipc.Server (Server.java:run(1314)) - IPC Server Responder: starting
2019-09-27 21:15:39,572 [IPC Server listener on 40952] INFO  ipc.Server (Server.java:run(1153)) - IPC Server listener on 40952: starting
2019-09-27 21:15:39,575 [main] INFO  server.StorageContainerManager (StorageContainerManager.java:start(784)) - ScmDatanodeProtocl RPC server is listening at /0.0.0.0:41436
2019-09-27 21:15:39,575 [main] INFO  server.SCMDatanodeProtocolServer (SCMDatanodeProtocolServer.java:start(191)) - RPC server for DataNodes is listening at /0.0.0.0:41436
2019-09-27 21:15:39,576 [IPC Server listener on 41436] INFO  ipc.Server (Server.java:run(1153)) - IPC Server listener on 41436: starting
2019-09-27 21:15:39,576 [IPC Server Responder] INFO  ipc.Server (Server.java:run(1314)) - IPC Server Responder: starting
2019-09-27 21:15:39,579 [main] INFO  http.HttpServer2 (HttpServer2.java:bindListener(1191)) - Jetty bound to port 40388
2019-09-27 21:15:39,580 [main] INFO  server.Server (Server.java:doStart(351)) - jetty-9.3.25.v20180904, build timestamp: 2018-09-04T21:11:46Z, git hash: 3ce520221d0240229c862b122d2b06c12a625732
2019-09-27 21:15:39,581 [main] INFO  handler.ContextHandler (ContextHandler.java:doStart(781)) - Started o.e.j.s.ServletContextHandler@d257579{/logs,file:///workdir/hadoop-ozone/integration-test/target/log,AVAILABLE}
2019-09-27 21:15:39,582 [main] INFO  handler.ContextHandler (ContextHandler.java:doStart(781)) - Started o.e.j.s.ServletContextHandler@939ff41{/static,file:///workdir/hadoop-ozone/integration-test/target/test-classes/webapps/static,AVAILABLE}
2019-09-27 21:15:39,586 [main] INFO  handler.ContextHandler (ContextHandler.java:doStart(781)) - Started o.e.j.w.WebAppContext@4d634127{/,file:///workdir/hadoop-ozone/integration-test/target/test-classes/webapps/scm/,AVAILABLE}{/scm}
2019-09-27 21:15:39,587 [main] INFO  server.AbstractConnector (AbstractConnector.java:doStart(278)) - Started ServerConnector@d2e6b0b{HTTP/1.1,[http/1.1]}{0.0.0.0:40388}
2019-09-27 21:15:39,587 [main] INFO  server.Server (Server.java:doStart(419)) - Started @80490ms
2019-09-27 21:15:39,588 [main] WARN  impl.MetricsSystemImpl (MetricsSystemImpl.java:register(276)) - Sink prometheus already exists!
2019-09-27 21:15:39,588 [main] INFO  server.BaseHttpServer (BaseHttpServer.java:updateConnectorAddress(215)) - HTTP server of SCM is listening at http://0.0.0.0:40388
2019-09-27 21:15:39,589 [main] WARN  server.ServerUtils (ServerUtils.java:getDBPath(222)) - ozone.om.db.dirs is not configured. We recommend adding this setting. Falling back to ozone.metadata.dirs instead.
2019-09-27 21:15:39,590 [org.apache.hadoop.util.JvmPauseMonitor$Monitor@228bda54] INFO  util.JvmPauseMonitor (JvmPauseMonitor.java:run(188)) - Starting JVM pause monitor
2019-09-27 21:15:39,617 [main] WARN  server.ServerUtils (ServerUtils.java:getDBPath(222)) - ozone.om.db.dirs is not configured. We recommend adding this setting. Falling back to ozone.metadata.dirs instead.
2019-09-27 21:15:39,618 [main] WARN  server.ServerUtils (ServerUtils.java:getDBPath(222)) - ozone.om.db.dirs is not configured. We recommend adding this setting. Falling back to ozone.metadata.dirs instead.
2019-09-27 21:15:39,618 [main] INFO  om.OzoneManager (OzoneManager.java:setOMNodeDetails(652)) - OM Service ID is not set. Setting it to the default ID: omServiceIdDefault
2019-09-27 21:15:39,618 [main] INFO  om.OzoneManager (OzoneManager.java:setOMNodeDetails(658)) - OM Node ID is not set. Setting it to the OmStorage's OmID: ddc96890-5537-4c66-a915-35c1c7d3c69d
2019-09-27 21:15:39,619 [main] INFO  om.OzoneManager (OzoneManager.java:loadOMHAConfigs(609)) - Found matching OM address with OMServiceId: null, OMNodeId: null, RPC Address: localhost:0 and Ratis port: 9872
2019-09-27 21:15:39,629 [main] WARN  server.ServerUtils (ServerUtils.java:getDBPath(222)) - ozone.om.db.dirs is not configured. We recommend adding this setting. Falling back to ozone.metadata.dirs instead.
2019-09-27 21:15:39,629 [main] INFO  db.DBStoreBuilder (DBStoreBuilder.java:addTable(110)) - using custom profile for table: userTable
2019-09-27 21:15:39,630 [main] INFO  db.DBStoreBuilder (DBStoreBuilder.java:processTables(161)) - Using default column profile:DBProfile.DISK for Table:userTable
2019-09-27 21:15:39,630 [main] INFO  db.DBStoreBuilder (DBStoreBuilder.java:addTable(110)) - using custom profile for table: volumeTable
2019-09-27 21:15:39,630 [main] INFO  db.DBStoreBuilder (DBStoreBuilder.java:processTables(161)) - Using default column profile:DBProfile.DISK for Table:volumeTable
2019-09-27 21:15:39,631 [main] INFO  db.DBStoreBuilder (DBStoreBuilder.java:addTable(110)) - using custom profile for table: bucketTable
2019-09-27 21:15:39,631 [main] INFO  db.DBStoreBuilder (DBStoreBuilder.java:processTables(161)) - Using default column profile:DBProfile.DISK for Table:bucketTable
2019-09-27 21:15:39,631 [main] INFO  db.DBStoreBuilder (DBStoreBuilder.java:addTable(110)) - using custom profile for table: keyTable
2019-09-27 21:15:39,632 [main] INFO  db.DBStoreBuilder (DBStoreBuilder.java:processTables(161)) - Using default column profile:DBProfile.DISK for Table:keyTable
2019-09-27 21:15:39,632 [main] INFO  db.DBStoreBuilder (DBStoreBuilder.java:addTable(110)) - using custom profile for table: deletedTable
2019-09-27 21:15:39,632 [main] INFO  db.DBStoreBuilder (DBStoreBuilder.java:processTables(161)) - Using default column profile:DBProfile.DISK for Table:deletedTable
2019-09-27 21:15:39,633 [main] INFO  db.DBStoreBuilder (DBStoreBuilder.java:addTable(110)) - using custom profile for table: openKeyTable
2019-09-27 21:15:39,633 [main] INFO  db.DBStoreBuilder (DBStoreBuilder.java:processTables(161)) - Using default column profile:DBProfile.DISK for Table:openKeyTable
2019-09-27 21:15:39,633 [main] INFO  db.DBStoreBuilder (DBStoreBuilder.java:addTable(110)) - using custom profile for table: s3Table
2019-09-27 21:15:39,633 [main] INFO  db.DBStoreBuilder (DBStoreBuilder.java:processTables(161)) - Using default column profile:DBProfile.DISK for Table:s3Table
2019-09-27 21:15:39,634 [main] INFO  db.DBStoreBuilder (DBStoreBuilder.java:addTable(110)) - using custom profile for table: multipartInfoTable
2019-09-27 21:15:39,634 [main] INFO  db.DBStoreBuilder (DBStoreBuilder.java:processTables(161)) - Using default column profile:DBProfile.DISK for Table:multipartInfoTable
2019-09-27 21:15:39,634 [main] INFO  db.DBStoreBuilder (DBStoreBuilder.java:addTable(110)) - using custom profile for table: dTokenTable
2019-09-27 21:15:39,634 [main] INFO  db.DBStoreBuilder (DBStoreBuilder.java:processTables(161)) - Using default column profile:DBProfile.DISK for Table:dTokenTable
2019-09-27 21:15:39,635 [main] INFO  db.DBStoreBuilder (DBStoreBuilder.java:addTable(110)) - using custom profile for table: s3SecretTable
2019-09-27 21:15:39,635 [main] INFO  db.DBStoreBuilder (DBStoreBuilder.java:processTables(161)) - Using default column profile:DBProfile.DISK for Table:s3SecretTable
2019-09-27 21:15:39,635 [main] INFO  db.DBStoreBuilder (DBStoreBuilder.java:addTable(110)) - using custom profile for table: prefixTable
2019-09-27 21:15:39,635 [main] INFO  db.DBStoreBuilder (DBStoreBuilder.java:processTables(161)) - Using default column profile:DBProfile.DISK for Table:prefixTable
2019-09-27 21:15:39,636 [main] INFO  db.DBStoreBuilder (DBStoreBuilder.java:addTable(110)) - using custom profile for table: default
2019-09-27 21:15:39,636 [main] INFO  db.DBStoreBuilder (DBStoreBuilder.java:processTables(167)) - Using default column profile:DBProfile.DISK for Table:default
2019-09-27 21:15:39,636 [main] INFO  db.DBStoreBuilder (DBStoreBuilder.java:getDbProfile(198)) - Using default options. DBProfile.DISK
2019-09-27 21:15:40,512 [main] INFO  ipc.CallQueueManager (CallQueueManager.java:<init>(84)) - Using callQueue: class java.util.concurrent.LinkedBlockingQueue, queueCapacity: 2000, scheduler: class org.apache.hadoop.ipc.DefaultRpcScheduler, ipcBackoff: false.
2019-09-27 21:15:40,513 [Socket Reader #1 for port 34965] INFO  ipc.Server (Server.java:run(1074)) - Starting Socket Reader #1 for port 34965
2019-09-27 21:15:40,528 [main] INFO  om.OzoneManager (OzoneManager.java:start(1243)) - OzoneManager RPC server is listening at localhost/127.0.0.1:34965
2019-09-27 21:15:40,529 [main] INFO  impl.MetricsSystemImpl (MetricsSystemImpl.java:init(158)) - OzoneManager metrics system started (again)
2019-09-27 21:15:40,529 [IPC Server Responder] INFO  ipc.Server (Server.java:run(1314)) - IPC Server Responder: starting
2019-09-27 21:15:40,529 [IPC Server listener on 34965] INFO  ipc.Server (Server.java:run(1153)) - IPC Server listener on 34965: starting
2019-09-27 21:15:40,536 [main] INFO  hdfs.DFSUtil (DFSUtil.java:httpServerTemplateForNNAndJN(1641)) - Starting Web-server for ozoneManager at: http://0.0.0.0:0
2019-09-27 21:15:40,537 [main] INFO  server.AuthenticationFilter (AuthenticationFilter.java:constructSecretProvider(240)) - Unable to initialize FileSignerSecretProvider, falling back to use random secrets.
2019-09-27 21:15:40,537 [main] WARN  http.HttpRequestLog (HttpRequestLog.java:getRequestLog(97)) - Jetty request log can only be enabled using Log4j
2019-09-27 21:15:40,539 [main] INFO  http.HttpServer2 (HttpServer2.java:addGlobalFilter(975)) - Added global filter 'safety' (class=org.apache.hadoop.http.HttpServer2$QuotingInputFilter)
2019-09-27 21:15:40,540 [main] INFO  http.HttpServer2 (HttpServer2.java:addFilter(948)) - Added filter static_user_filter (class=org.apache.hadoop.http.lib.StaticUserWebFilter$StaticUserFilter) to context ozoneManager
2019-09-27 21:15:40,540 [main] INFO  http.HttpServer2 (HttpServer2.java:addFilter(958)) - Added filter static_user_filter (class=org.apache.hadoop.http.lib.StaticUserWebFilter$StaticUserFilter) to context logs
2019-09-27 21:15:40,540 [main] INFO  http.HttpServer2 (HttpServer2.java:addFilter(958)) - Added filter static_user_filter (class=org.apache.hadoop.http.lib.StaticUserWebFilter$StaticUserFilter) to context static
2019-09-27 21:15:40,541 [main] INFO  http.HttpServer2 (HttpServer2.java:bindListener(1191)) - Jetty bound to port 42493
2019-09-27 21:15:40,541 [main] INFO  server.Server (Server.java:doStart(351)) - jetty-9.3.25.v20180904, build timestamp: 2018-09-04T21:11:46Z, git hash: 3ce520221d0240229c862b122d2b06c12a625732
2019-09-27 21:15:40,543 [main] INFO  handler.ContextHandler (ContextHandler.java:doStart(781)) - Started o.e.j.s.ServletContextHandler@adcfad9{/logs,file:///workdir/hadoop-ozone/integration-test/target/log,AVAILABLE}
2019-09-27 21:15:40,543 [main] INFO  handler.ContextHandler (ContextHandler.java:doStart(781)) - Started o.e.j.s.ServletContextHandler@3a2e9f5b{/static,file:///workdir/hadoop-ozone/integration-test/target/test-classes/webapps/static,AVAILABLE}
2019-09-27 21:15:40,547 [main] INFO  handler.ContextHandler (ContextHandler.java:doStart(781)) - Started o.e.j.w.WebAppContext@6ef60295{/,file:///workdir/hadoop-ozone/integration-test/target/test-classes/webapps/ozoneManager/,AVAILABLE}{/ozoneManager}
2019-09-27 21:15:40,548 [main] INFO  server.AbstractConnector (AbstractConnector.java:doStart(278)) - Started ServerConnector@3127cb44{HTTP/1.1,[http/1.1]}{0.0.0.0:42493}
2019-09-27 21:15:40,549 [main] INFO  server.Server (Server.java:doStart(419)) - Started @81452ms
2019-09-27 21:15:40,549 [main] WARN  impl.MetricsSystemImpl (MetricsSystemImpl.java:register(276)) - Sink prometheus already exists!
2019-09-27 21:15:40,550 [main] INFO  server.BaseHttpServer (BaseHttpServer.java:updateConnectorAddress(215)) - HTTP server of OZONEMANAGER is listening at http://0.0.0.0:42493
2019-09-27 21:15:40,572 [main] INFO  impl.MetricsSystemImpl (MetricsSystemImpl.java:init(158)) - HddsDatanode metrics system started (again)
2019-09-27 21:15:40,574 [main] INFO  ozone.HddsDatanodeService (HddsDatanodeService.java:start(184)) - HddsDatanodeService host:pr-hdds-1146-sq6w4-1294053398 ip:192.168.30.11
2019-09-27 21:15:40,581 [main] INFO  volume.HddsVolume (HddsVolume.java:<init>(176)) - Creating Volume: /workdir/hadoop-ozone/integration-test/target/test-dir/MiniOzoneClusterImpl-f8201cb5-856e-406f-97aa-d4fb03259294/datanode-0/data/containers/hdds of  storage type : DISK and capacity : 1482555576320
2019-09-27 21:15:40,581 [main] INFO  volume.VolumeSet (VolumeSet.java:initializeVolumeSet(170)) - Added Volume : /workdir/hadoop-ozone/integration-test/target/test-dir/MiniOzoneClusterImpl-f8201cb5-856e-406f-97aa-d4fb03259294/datanode-0/data/containers/hdds to VolumeSet
2019-09-27 21:15:40,581 [main] INFO  volume.ThrottledAsyncChecker (ThrottledAsyncChecker.java:schedule(139)) - Scheduling a check for org.apache.hadoop.ozone.container.common.volume.HddsVolume@d3f4505
2019-09-27 21:15:40,582 [main] INFO  volume.HddsVolumeChecker (HddsVolumeChecker.java:checkAllVolumes(202)) - Scheduled health check for volume org.apache.hadoop.ozone.container.common.volume.HddsVolume@d3f4505
2019-09-27 21:15:40,601 [main] INFO  impl.RaftServerProxy (ConfUtils.java:logGet(43)) - raft.rpc.type = GRPC (default)
2019-09-27 21:15:40,601 [main] INFO  grpc.GrpcFactory (GrpcFactory.java:checkPooledByteBufAllocatorUseCacheForAllThreads(45)) - PERFORMANCE WARNING: useCacheForAllThreads is true that may cause Netty to create a lot garbage objects and, as a result, trigger GC.
	It is recommended to disable useCacheForAllThreads by setting -Dorg.apache.ratis.thirdparty.io.netty.allocator.useCacheForAllThreads=false in command line.
2019-09-27 21:15:40,601 [main] INFO  grpc.GrpcConfigKeys$Server (ConfUtils.java:logGet(43)) - raft.grpc.server.port = 0 (default)
2019-09-27 21:15:40,602 [main] INFO  server.GrpcService (ConfUtils.java:logGet(43)) - raft.grpc.message.size.max = 33570816 (custom)
2019-09-27 21:15:40,602 [main] INFO  server.RaftServerConfigKeys (ConfUtils.java:logGet(43)) - raft.server.log.appender.buffer.byte-limit = 33554432 (custom)
2019-09-27 21:15:40,602 [main] INFO  server.GrpcService (ConfUtils.java:logGet(43)) - raft.grpc.flow.control.window = 1MB (=1048576) (default)
2019-09-27 21:15:40,602 [main] INFO  server.RaftServerConfigKeys (ConfUtils.java:logGet(43)) - raft.server.rpc.request.timeout = 3000ms (default)
2019-09-27 21:15:40,603 [main] INFO  server.RaftServerConfigKeys (ConfUtils.java:logGet(43)) - raft.server.storage.dir = [/workdir/hadoop-ozone/integration-test/target/test-dir/MiniOzoneClusterImpl-f8201cb5-856e-406f-97aa-d4fb03259294/datanode-0/data/ratis] (custom)
2019-09-27 21:15:40,604 [main] INFO  hdfs.DFSUtil (DFSUtil.java:httpServerTemplateForNNAndJN(1641)) - Starting Web-server for hddsDatanode at: http://0.0.0.0:0
2019-09-27 21:15:40,605 [main] INFO  server.AuthenticationFilter (AuthenticationFilter.java:constructSecretProvider(240)) - Unable to initialize FileSignerSecretProvider, falling back to use random secrets.
2019-09-27 21:15:40,606 [main] WARN  http.HttpRequestLog (HttpRequestLog.java:getRequestLog(97)) - Jetty request log can only be enabled using Log4j
2019-09-27 21:15:40,607 [main] INFO  http.HttpServer2 (HttpServer2.java:addGlobalFilter(975)) - Added global filter 'safety' (class=org.apache.hadoop.http.HttpServer2$QuotingInputFilter)
2019-09-27 21:15:40,607 [main] INFO  http.HttpServer2 (HttpServer2.java:addFilter(948)) - Added filter static_user_filter (class=org.apache.hadoop.http.lib.StaticUserWebFilter$StaticUserFilter) to context hddsDatanode
2019-09-27 21:15:40,607 [main] INFO  http.HttpServer2 (HttpServer2.java:addFilter(958)) - Added filter static_user_filter (class=org.apache.hadoop.http.lib.StaticUserWebFilter$StaticUserFilter) to context static
2019-09-27 21:15:40,608 [main] INFO  http.HttpServer2 (HttpServer2.java:addFilter(958)) - Added filter static_user_filter (class=org.apache.hadoop.http.lib.StaticUserWebFilter$StaticUserFilter) to context logs
2019-09-27 21:15:40,608 [main] INFO  http.HttpServer2 (HttpServer2.java:bindListener(1191)) - Jetty bound to port 35345
2019-09-27 21:15:40,608 [main] INFO  server.Server (Server.java:doStart(351)) - jetty-9.3.25.v20180904, build timestamp: 2018-09-04T21:11:46Z, git hash: 3ce520221d0240229c862b122d2b06c12a625732
2019-09-27 21:15:40,610 [main] INFO  handler.ContextHandler (ContextHandler.java:doStart(781)) - Started o.e.j.s.ServletContextHandler@67022ea{/logs,file:///workdir/hadoop-ozone/integration-test/target/log,AVAILABLE}
2019-09-27 21:15:40,610 [main] INFO  handler.ContextHandler (ContextHandler.java:doStart(781)) - Started o.e.j.s.ServletContextHandler@58fbd02e{/static,jar:file:/home/user/.m2/repository/org/apache/hadoop/hadoop-hdds-container-service/0.5.0-SNAPSHOT/hadoop-hdds-container-service-0.5.0-SNAPSHOT.jar!/webapps/static,AVAILABLE}
2019-09-27 21:15:40,637 [main] INFO  handler.ContextHandler (ContextHandler.java:doStart(781)) - Started o.e.j.w.WebAppContext@54e12f4c{/,file:///tmp/jetty-0.0.0.0-35345-hddsDatanode-_-any-8179275133264792240.dir/webapp/,AVAILABLE}{/hddsDatanode}
2019-09-27 21:15:40,638 [main] INFO  server.AbstractConnector (AbstractConnector.java:doStart(278)) - Started ServerConnector@60990e5c{HTTP/1.1,[http/1.1]}{0.0.0.0:35345}
2019-09-27 21:15:40,639 [main] INFO  server.Server (Server.java:doStart(419)) - Started @81542ms
2019-09-27 21:15:40,639 [main] WARN  impl.MetricsSystemImpl (MetricsSystemImpl.java:register(276)) - Sink prometheus already exists!
2019-09-27 21:15:40,639 [main] INFO  server.BaseHttpServer (BaseHttpServer.java:updateConnectorAddress(215)) - HTTP server of HDDSDATANODE is listening at http://0.0.0.0:35345
2019-09-27 21:15:40,640 [main] INFO  impl.MetricsSystemImpl (MetricsSystemImpl.java:init(158)) - HddsDatanode metrics system started (again)
2019-09-27 21:15:40,643 [org.apache.hadoop.util.JvmPauseMonitor$Monitor@72df1c83] INFO  util.JvmPauseMonitor (JvmPauseMonitor.java:run(188)) - Starting JVM pause monitor
2019-09-27 21:15:40,644 [main] INFO  ozone.HddsDatanodeService (HddsDatanodeService.java:start(184)) - HddsDatanodeService host:pr-hdds-1146-sq6w4-1294053398 ip:192.168.30.11
2019-09-27 21:15:40,646 [Datanode State Machine Thread - 0] INFO  datanode.InitDatanodeState (InitDatanodeState.java:persistContainerDatanodeDetails(140)) - DatanodeDetails is persisted to /workdir/hadoop-ozone/integration-test/target/test-dir/MiniOzoneClusterImpl-f8201cb5-856e-406f-97aa-d4fb03259294/datanode-0/meta/datanode.id
2019-09-27 21:15:40,649 [main] INFO  volume.HddsVolume (HddsVolume.java:<init>(176)) - Creating Volume: /workdir/hadoop-ozone/integration-test/target/test-dir/MiniOzoneClusterImpl-f8201cb5-856e-406f-97aa-d4fb03259294/datanode-1/data/containers/hdds of  storage type : DISK and capacity : 1482555576320
2019-09-27 21:15:40,650 [main] INFO  volume.VolumeSet (VolumeSet.java:initializeVolumeSet(170)) - Added Volume : /workdir/hadoop-ozone/integration-test/target/test-dir/MiniOzoneClusterImpl-f8201cb5-856e-406f-97aa-d4fb03259294/datanode-1/data/containers/hdds to VolumeSet
2019-09-27 21:15:40,650 [main] INFO  volume.ThrottledAsyncChecker (ThrottledAsyncChecker.java:schedule(139)) - Scheduling a check for org.apache.hadoop.ozone.container.common.volume.HddsVolume@b73433
2019-09-27 21:15:40,650 [main] INFO  volume.HddsVolumeChecker (HddsVolumeChecker.java:checkAllVolumes(202)) - Scheduled health check for volume org.apache.hadoop.ozone.container.common.volume.HddsVolume@b73433
2019-09-27 21:15:40,663 [main] INFO  impl.RaftServerProxy (ConfUtils.java:logGet(43)) - raft.rpc.type = GRPC (default)
2019-09-27 21:15:40,663 [main] INFO  grpc.GrpcFactory (GrpcFactory.java:checkPooledByteBufAllocatorUseCacheForAllThreads(45)) - PERFORMANCE WARNING: useCacheForAllThreads is true that may cause Netty to create a lot garbage objects and, as a result, trigger GC.
	It is recommended to disable useCacheForAllThreads by setting -Dorg.apache.ratis.thirdparty.io.netty.allocator.useCacheForAllThreads=false in command line.
2019-09-27 21:15:40,663 [main] INFO  grpc.GrpcConfigKeys$Server (ConfUtils.java:logGet(43)) - raft.grpc.server.port = 0 (default)
2019-09-27 21:15:40,664 [main] INFO  server.GrpcService (ConfUtils.java:logGet(43)) - raft.grpc.message.size.max = 33570816 (custom)
2019-09-27 21:15:40,664 [main] INFO  server.RaftServerConfigKeys (ConfUtils.java:logGet(43)) - raft.server.log.appender.buffer.byte-limit = 33554432 (custom)
2019-09-27 21:15:40,664 [main] INFO  server.GrpcService (ConfUtils.java:logGet(43)) - raft.grpc.flow.control.window = 1MB (=1048576) (default)
2019-09-27 21:15:40,664 [main] INFO  server.RaftServerConfigKeys (ConfUtils.java:logGet(43)) - raft.server.rpc.request.timeout = 3000ms (default)
2019-09-27 21:15:40,665 [main] INFO  server.RaftServerConfigKeys (ConfUtils.java:logGet(43)) - raft.server.storage.dir = [/workdir/hadoop-ozone/integration-test/target/test-dir/MiniOzoneClusterImpl-f8201cb5-856e-406f-97aa-d4fb03259294/datanode-1/data/ratis] (custom)
2019-09-27 21:15:40,666 [main] INFO  hdfs.DFSUtil (DFSUtil.java:httpServerTemplateForNNAndJN(1641)) - Starting Web-server for hddsDatanode at: http://0.0.0.0:0
2019-09-27 21:15:40,667 [main] INFO  server.AuthenticationFilter (AuthenticationFilter.java:constructSecretProvider(240)) - Unable to initialize FileSignerSecretProvider, falling back to use random secrets.
2019-09-27 21:15:40,667 [main] WARN  http.HttpRequestLog (HttpRequestLog.java:getRequestLog(97)) - Jetty request log can only be enabled using Log4j
2019-09-27 21:15:40,669 [main] INFO  http.HttpServer2 (HttpServer2.java:addGlobalFilter(975)) - Added global filter 'safety' (class=org.apache.hadoop.http.HttpServer2$QuotingInputFilter)
2019-09-27 21:15:40,669 [main] INFO  http.HttpServer2 (HttpServer2.java:addFilter(948)) - Added filter static_user_filter (class=org.apache.hadoop.http.lib.StaticUserWebFilter$StaticUserFilter) to context hddsDatanode
2019-09-27 21:15:40,669 [main] INFO  http.HttpServer2 (HttpServer2.java:addFilter(958)) - Added filter static_user_filter (class=org.apache.hadoop.http.lib.StaticUserWebFilter$StaticUserFilter) to context logs
2019-09-27 21:15:40,670 [main] INFO  http.HttpServer2 (HttpServer2.java:addFilter(958)) - Added filter static_user_filter (class=org.apache.hadoop.http.lib.StaticUserWebFilter$StaticUserFilter) to context static
2019-09-27 21:15:40,670 [main] INFO  http.HttpServer2 (HttpServer2.java:bindListener(1191)) - Jetty bound to port 33702
2019-09-27 21:15:40,671 [main] INFO  server.Server (Server.java:doStart(351)) - jetty-9.3.25.v20180904, build timestamp: 2018-09-04T21:11:46Z, git hash: 3ce520221d0240229c862b122d2b06c12a625732
2019-09-27 21:15:40,672 [main] INFO  handler.ContextHandler (ContextHandler.java:doStart(781)) - Started o.e.j.s.ServletContextHandler@17b37e9a{/logs,file:///workdir/hadoop-ozone/integration-test/target/log,AVAILABLE}
2019-09-27 21:15:40,673 [main] INFO  handler.ContextHandler (ContextHandler.java:doStart(781)) - Started o.e.j.s.ServletContextHandler@111d5c97{/static,jar:file:/home/user/.m2/repository/org/apache/hadoop/hadoop-hdds-container-service/0.5.0-SNAPSHOT/hadoop-hdds-container-service-0.5.0-SNAPSHOT.jar!/webapps/static,AVAILABLE}
2019-09-27 21:15:40,701 [main] INFO  handler.ContextHandler (ContextHandler.java:doStart(781)) - Started o.e.j.w.WebAppContext@502a4156{/,file:///tmp/jetty-0.0.0.0-33702-hddsDatanode-_-any-663471941702559089.dir/webapp/,AVAILABLE}{/hddsDatanode}
2019-09-27 21:15:40,701 [main] INFO  server.AbstractConnector (AbstractConnector.java:doStart(278)) - Started ServerConnector@5416f8db{HTTP/1.1,[http/1.1]}{0.0.0.0:33702}
2019-09-27 21:15:40,702 [main] INFO  server.Server (Server.java:doStart(419)) - Started @81606ms
2019-09-27 21:15:40,703 [main] WARN  impl.MetricsSystemImpl (MetricsSystemImpl.java:register(276)) - Sink prometheus already exists!
2019-09-27 21:15:40,703 [main] INFO  server.BaseHttpServer (BaseHttpServer.java:updateConnectorAddress(215)) - HTTP server of HDDSDATANODE is listening at http://0.0.0.0:33702
2019-09-27 21:15:40,704 [main] INFO  impl.MetricsSystemImpl (MetricsSystemImpl.java:init(158)) - HddsDatanode metrics system started (again)
2019-09-27 21:15:40,708 [org.apache.hadoop.util.JvmPauseMonitor$Monitor@43c0337c] INFO  util.JvmPauseMonitor (JvmPauseMonitor.java:run(188)) - Starting JVM pause monitor
2019-09-27 21:15:40,708 [main] INFO  ozone.HddsDatanodeService (HddsDatanodeService.java:start(184)) - HddsDatanodeService host:pr-hdds-1146-sq6w4-1294053398 ip:192.168.30.11
2019-09-27 21:15:40,709 [Datanode State Machine Thread - 0] INFO  datanode.InitDatanodeState (InitDatanodeState.java:persistContainerDatanodeDetails(140)) - DatanodeDetails is persisted to /workdir/hadoop-ozone/integration-test/target/test-dir/MiniOzoneClusterImpl-f8201cb5-856e-406f-97aa-d4fb03259294/datanode-1/meta/datanode.id
2019-09-27 21:15:40,713 [main] INFO  volume.HddsVolume (HddsVolume.java:<init>(176)) - Creating Volume: /workdir/hadoop-ozone/integration-test/target/test-dir/MiniOzoneClusterImpl-f8201cb5-856e-406f-97aa-d4fb03259294/datanode-2/data/containers/hdds of  storage type : DISK and capacity : 1482555576320
2019-09-27 21:15:40,714 [main] INFO  volume.VolumeSet (VolumeSet.java:initializeVolumeSet(170)) - Added Volume : /workdir/hadoop-ozone/integration-test/target/test-dir/MiniOzoneClusterImpl-f8201cb5-856e-406f-97aa-d4fb03259294/datanode-2/data/containers/hdds to VolumeSet
2019-09-27 21:15:40,714 [main] INFO  volume.ThrottledAsyncChecker (ThrottledAsyncChecker.java:schedule(139)) - Scheduling a check for org.apache.hadoop.ozone.container.common.volume.HddsVolume@3a7e365
2019-09-27 21:15:40,714 [main] INFO  volume.HddsVolumeChecker (HddsVolumeChecker.java:checkAllVolumes(202)) - Scheduled health check for volume org.apache.hadoop.ozone.container.common.volume.HddsVolume@3a7e365
2019-09-27 21:15:40,729 [main] INFO  impl.RaftServerProxy (ConfUtils.java:logGet(43)) - raft.rpc.type = GRPC (default)
2019-09-27 21:15:40,729 [main] INFO  grpc.GrpcFactory (GrpcFactory.java:checkPooledByteBufAllocatorUseCacheForAllThreads(45)) - PERFORMANCE WARNING: useCacheForAllThreads is true that may cause Netty to create a lot garbage objects and, as a result, trigger GC.
	It is recommended to disable useCacheForAllThreads by setting -Dorg.apache.ratis.thirdparty.io.netty.allocator.useCacheForAllThreads=false in command line.
2019-09-27 21:15:40,729 [main] INFO  grpc.GrpcConfigKeys$Server (ConfUtils.java:logGet(43)) - raft.grpc.server.port = 0 (default)
2019-09-27 21:15:40,729 [main] INFO  server.GrpcService (ConfUtils.java:logGet(43)) - raft.grpc.message.size.max = 33570816 (custom)
2019-09-27 21:15:40,729 [main] INFO  server.RaftServerConfigKeys (ConfUtils.java:logGet(43)) - raft.server.log.appender.buffer.byte-limit = 33554432 (custom)
2019-09-27 21:15:40,730 [main] INFO  server.GrpcService (ConfUtils.java:logGet(43)) - raft.grpc.flow.control.window = 1MB (=1048576) (default)
2019-09-27 21:15:40,730 [main] INFO  server.RaftServerConfigKeys (ConfUtils.java:logGet(43)) - raft.server.rpc.request.timeout = 3000ms (default)
2019-09-27 21:15:40,730 [main] INFO  server.RaftServerConfigKeys (ConfUtils.java:logGet(43)) - raft.server.storage.dir = [/workdir/hadoop-ozone/integration-test/target/test-dir/MiniOzoneClusterImpl-f8201cb5-856e-406f-97aa-d4fb03259294/datanode-2/data/ratis] (custom)
2019-09-27 21:15:40,732 [main] INFO  hdfs.DFSUtil (DFSUtil.java:httpServerTemplateForNNAndJN(1641)) - Starting Web-server for hddsDatanode at: http://0.0.0.0:0
2019-09-27 21:15:40,733 [main] INFO  server.AuthenticationFilter (AuthenticationFilter.java:constructSecretProvider(240)) - Unable to initialize FileSignerSecretProvider, falling back to use random secrets.
2019-09-27 21:15:40,733 [main] WARN  http.HttpRequestLog (HttpRequestLog.java:getRequestLog(97)) - Jetty request log can only be enabled using Log4j
2019-09-27 21:15:40,735 [main] INFO  http.HttpServer2 (HttpServer2.java:addGlobalFilter(975)) - Added global filter 'safety' (class=org.apache.hadoop.http.HttpServer2$QuotingInputFilter)
2019-09-27 21:15:40,736 [main] INFO  http.HttpServer2 (HttpServer2.java:addFilter(948)) - Added filter static_user_filter (class=org.apache.hadoop.http.lib.StaticUserWebFilter$StaticUserFilter) to context hddsDatanode
2019-09-27 21:15:40,736 [main] INFO  http.HttpServer2 (HttpServer2.java:addFilter(958)) - Added filter static_user_filter (class=org.apache.hadoop.http.lib.StaticUserWebFilter$StaticUserFilter) to context logs
2019-09-27 21:15:40,736 [main] INFO  http.HttpServer2 (HttpServer2.java:addFilter(958)) - Added filter static_user_filter (class=org.apache.hadoop.http.lib.StaticUserWebFilter$StaticUserFilter) to context static
2019-09-27 21:15:40,737 [main] INFO  http.HttpServer2 (HttpServer2.java:bindListener(1191)) - Jetty bound to port 42032
2019-09-27 21:15:40,737 [main] INFO  server.Server (Server.java:doStart(351)) - jetty-9.3.25.v20180904, build timestamp: 2018-09-04T21:11:46Z, git hash: 3ce520221d0240229c862b122d2b06c12a625732
2019-09-27 21:15:40,739 [main] INFO  handler.ContextHandler (ContextHandler.java:doStart(781)) - Started o.e.j.s.ServletContextHandler@1a256d80{/logs,file:///workdir/hadoop-ozone/integration-test/target/log,AVAILABLE}
2019-09-27 21:15:40,739 [main] INFO  handler.ContextHandler (ContextHandler.java:doStart(781)) - Started o.e.j.s.ServletContextHandler@7235f92b{/static,jar:file:/home/user/.m2/repository/org/apache/hadoop/hadoop-hdds-container-service/0.5.0-SNAPSHOT/hadoop-hdds-container-service-0.5.0-SNAPSHOT.jar!/webapps/static,AVAILABLE}
2019-09-27 21:15:40,767 [main] INFO  handler.ContextHandler (ContextHandler.java:doStart(781)) - Started o.e.j.w.WebAppContext@1b410308{/,file:///tmp/jetty-0.0.0.0-42032-hddsDatanode-_-any-9106304079559496790.dir/webapp/,AVAILABLE}{/hddsDatanode}
2019-09-27 21:15:40,768 [main] INFO  server.AbstractConnector (AbstractConnector.java:doStart(278)) - Started ServerConnector@4b0bd001{HTTP/1.1,[http/1.1]}{0.0.0.0:42032}
2019-09-27 21:15:40,769 [main] INFO  server.Server (Server.java:doStart(419)) - Started @81672ms
2019-09-27 21:15:40,769 [main] WARN  impl.MetricsSystemImpl (MetricsSystemImpl.java:register(276)) - Sink prometheus already exists!
2019-09-27 21:15:40,770 [main] INFO  server.BaseHttpServer (BaseHttpServer.java:updateConnectorAddress(215)) - HTTP server of HDDSDATANODE is listening at http://0.0.0.0:42032
2019-09-27 21:15:40,770 [main] INFO  impl.MetricsSystemImpl (MetricsSystemImpl.java:init(158)) - HddsDatanode metrics system started (again)
2019-09-27 21:15:40,773 [org.apache.hadoop.util.JvmPauseMonitor$Monitor@6550eb0] INFO  util.JvmPauseMonitor (JvmPauseMonitor.java:run(188)) - Starting JVM pause monitor
2019-09-27 21:15:40,774 [main] INFO  ozone.HddsDatanodeService (HddsDatanodeService.java:start(184)) - HddsDatanodeService host:pr-hdds-1146-sq6w4-1294053398 ip:192.168.30.11
2019-09-27 21:15:40,775 [Datanode State Machine Thread - 0] INFO  datanode.InitDatanodeState (InitDatanodeState.java:persistContainerDatanodeDetails(140)) - DatanodeDetails is persisted to /workdir/hadoop-ozone/integration-test/target/test-dir/MiniOzoneClusterImpl-f8201cb5-856e-406f-97aa-d4fb03259294/datanode-2/meta/datanode.id
2019-09-27 21:15:40,779 [main] INFO  volume.HddsVolume (HddsVolume.java:<init>(176)) - Creating Volume: /workdir/hadoop-ozone/integration-test/target/test-dir/MiniOzoneClusterImpl-f8201cb5-856e-406f-97aa-d4fb03259294/datanode-3/data/containers/hdds of  storage type : DISK and capacity : 1482555576320
2019-09-27 21:15:40,779 [main] INFO  volume.VolumeSet (VolumeSet.java:initializeVolumeSet(170)) - Added Volume : /workdir/hadoop-ozone/integration-test/target/test-dir/MiniOzoneClusterImpl-f8201cb5-856e-406f-97aa-d4fb03259294/datanode-3/data/containers/hdds to VolumeSet
2019-09-27 21:15:40,779 [main] INFO  volume.ThrottledAsyncChecker (ThrottledAsyncChecker.java:schedule(139)) - Scheduling a check for org.apache.hadoop.ozone.container.common.volume.HddsVolume@6870c3c2
2019-09-27 21:15:40,780 [main] INFO  volume.HddsVolumeChecker (HddsVolumeChecker.java:checkAllVolumes(202)) - Scheduled health check for volume org.apache.hadoop.ozone.container.common.volume.HddsVolume@6870c3c2
2019-09-27 21:15:40,793 [main] INFO  impl.RaftServerProxy (ConfUtils.java:logGet(43)) - raft.rpc.type = GRPC (default)
2019-09-27 21:15:40,793 [main] INFO  grpc.GrpcFactory (GrpcFactory.java:checkPooledByteBufAllocatorUseCacheForAllThreads(45)) - PERFORMANCE WARNING: useCacheForAllThreads is true that may cause Netty to create a lot garbage objects and, as a result, trigger GC.
	It is recommended to disable useCacheForAllThreads by setting -Dorg.apache.ratis.thirdparty.io.netty.allocator.useCacheForAllThreads=false in command line.
2019-09-27 21:15:40,793 [main] INFO  grpc.GrpcConfigKeys$Server (ConfUtils.java:logGet(43)) - raft.grpc.server.port = 0 (default)
2019-09-27 21:15:40,793 [main] INFO  server.GrpcService (ConfUtils.java:logGet(43)) - raft.grpc.message.size.max = 33570816 (custom)
2019-09-27 21:15:40,793 [main] INFO  server.RaftServerConfigKeys (ConfUtils.java:logGet(43)) - raft.server.log.appender.buffer.byte-limit = 33554432 (custom)
2019-09-27 21:15:40,794 [main] INFO  server.GrpcService (ConfUtils.java:logGet(43)) - raft.grpc.flow.control.window = 1MB (=1048576) (default)
2019-09-27 21:15:40,794 [main] INFO  server.RaftServerConfigKeys (ConfUtils.java:logGet(43)) - raft.server.rpc.request.timeout = 3000ms (default)
2019-09-27 21:15:40,794 [main] INFO  server.RaftServerConfigKeys (ConfUtils.java:logGet(43)) - raft.server.storage.dir = [/workdir/hadoop-ozone/integration-test/target/test-dir/MiniOzoneClusterImpl-f8201cb5-856e-406f-97aa-d4fb03259294/datanode-3/data/ratis] (custom)
2019-09-27 21:15:40,795 [main] INFO  hdfs.DFSUtil (DFSUtil.java:httpServerTemplateForNNAndJN(1641)) - Starting Web-server for hddsDatanode at: http://0.0.0.0:0
2019-09-27 21:15:40,797 [main] INFO  server.AuthenticationFilter (AuthenticationFilter.java:constructSecretProvider(240)) - Unable to initialize FileSignerSecretProvider, falling back to use random secrets.
2019-09-27 21:15:40,797 [main] WARN  http.HttpRequestLog (HttpRequestLog.java:getRequestLog(97)) - Jetty request log can only be enabled using Log4j
2019-09-27 21:15:40,798 [main] INFO  http.HttpServer2 (HttpServer2.java:addGlobalFilter(975)) - Added global filter 'safety' (class=org.apache.hadoop.http.HttpServer2$QuotingInputFilter)
2019-09-27 21:15:40,799 [main] INFO  http.HttpServer2 (HttpServer2.java:addFilter(948)) - Added filter static_user_filter (class=org.apache.hadoop.http.lib.StaticUserWebFilter$StaticUserFilter) to context hddsDatanode
2019-09-27 21:15:40,799 [main] INFO  http.HttpServer2 (HttpServer2.java:addFilter(958)) - Added filter static_user_filter (class=org.apache.hadoop.http.lib.StaticUserWebFilter$StaticUserFilter) to context logs
2019-09-27 21:15:40,799 [main] INFO  http.HttpServer2 (HttpServer2.java:addFilter(958)) - Added filter static_user_filter (class=org.apache.hadoop.http.lib.StaticUserWebFilter$StaticUserFilter) to context static
2019-09-27 21:15:40,800 [main] INFO  http.HttpServer2 (HttpServer2.java:bindListener(1191)) - Jetty bound to port 45791
2019-09-27 21:15:40,800 [main] INFO  server.Server (Server.java:doStart(351)) - jetty-9.3.25.v20180904, build timestamp: 2018-09-04T21:11:46Z, git hash: 3ce520221d0240229c862b122d2b06c12a625732
2019-09-27 21:15:40,801 [main] INFO  handler.ContextHandler (ContextHandler.java:doStart(781)) - Started o.e.j.s.ServletContextHandler@60a7e509{/logs,file:///workdir/hadoop-ozone/integration-test/target/log,AVAILABLE}
2019-09-27 21:15:40,802 [main] INFO  handler.ContextHandler (ContextHandler.java:doStart(781)) - Started o.e.j.s.ServletContextHandler@787508ca{/static,jar:file:/home/user/.m2/repository/org/apache/hadoop/hadoop-hdds-container-service/0.5.0-SNAPSHOT/hadoop-hdds-container-service-0.5.0-SNAPSHOT.jar!/webapps/static,AVAILABLE}
2019-09-27 21:15:40,829 [main] INFO  handler.ContextHandler (ContextHandler.java:doStart(781)) - Started o.e.j.w.WebAppContext@101ca8da{/,file:///tmp/jetty-0.0.0.0-45791-hddsDatanode-_-any-6307135398909127302.dir/webapp/,AVAILABLE}{/hddsDatanode}
2019-09-27 21:15:40,830 [main] INFO  server.AbstractConnector (AbstractConnector.java:doStart(278)) - Started ServerConnector@20a967fe{HTTP/1.1,[http/1.1]}{0.0.0.0:45791}
2019-09-27 21:15:40,832 [main] INFO  server.Server (Server.java:doStart(419)) - Started @81735ms
2019-09-27 21:15:40,832 [main] WARN  impl.MetricsSystemImpl (MetricsSystemImpl.java:register(276)) - Sink prometheus already exists!
2019-09-27 21:15:40,832 [main] INFO  server.BaseHttpServer (BaseHttpServer.java:updateConnectorAddress(215)) - HTTP server of HDDSDATANODE is listening at http://0.0.0.0:45791
2019-09-27 21:15:40,833 [main] INFO  impl.MetricsSystemImpl (MetricsSystemImpl.java:init(158)) - HddsDatanode metrics system started (again)
2019-09-27 21:15:40,837 [org.apache.hadoop.util.JvmPauseMonitor$Monitor@c37d58] INFO  util.JvmPauseMonitor (JvmPauseMonitor.java:run(188)) - Starting JVM pause monitor
2019-09-27 21:15:40,837 [main] INFO  ozone.HddsDatanodeService (HddsDatanodeService.java:start(184)) - HddsDatanodeService host:pr-hdds-1146-sq6w4-1294053398 ip:192.168.30.11
2019-09-27 21:15:40,838 [Datanode State Machine Thread - 0] INFO  datanode.InitDatanodeState (InitDatanodeState.java:persistContainerDatanodeDetails(140)) - DatanodeDetails is persisted to /workdir/hadoop-ozone/integration-test/target/test-dir/MiniOzoneClusterImpl-f8201cb5-856e-406f-97aa-d4fb03259294/datanode-3/meta/datanode.id
2019-09-27 21:15:40,842 [main] INFO  volume.HddsVolume (HddsVolume.java:<init>(176)) - Creating Volume: /workdir/hadoop-ozone/integration-test/target/test-dir/MiniOzoneClusterImpl-f8201cb5-856e-406f-97aa-d4fb03259294/datanode-4/data/containers/hdds of  storage type : DISK and capacity : 1482555576320
2019-09-27 21:15:40,842 [main] INFO  volume.VolumeSet (VolumeSet.java:initializeVolumeSet(170)) - Added Volume : /workdir/hadoop-ozone/integration-test/target/test-dir/MiniOzoneClusterImpl-f8201cb5-856e-406f-97aa-d4fb03259294/datanode-4/data/containers/hdds to VolumeSet
2019-09-27 21:15:40,843 [main] INFO  volume.ThrottledAsyncChecker (ThrottledAsyncChecker.java:schedule(139)) - Scheduling a check for org.apache.hadoop.ozone.container.common.volume.HddsVolume@35ef439e
2019-09-27 21:15:40,843 [main] INFO  volume.HddsVolumeChecker (HddsVolumeChecker.java:checkAllVolumes(202)) - Scheduled health check for volume org.apache.hadoop.ozone.container.common.volume.HddsVolume@35ef439e
2019-09-27 21:15:40,859 [main] INFO  impl.RaftServerProxy (ConfUtils.java:logGet(43)) - raft.rpc.type = GRPC (default)
2019-09-27 21:15:40,859 [main] INFO  grpc.GrpcFactory (GrpcFactory.java:checkPooledByteBufAllocatorUseCacheForAllThreads(45)) - PERFORMANCE WARNING: useCacheForAllThreads is true that may cause Netty to create a lot garbage objects and, as a result, trigger GC.
	It is recommended to disable useCacheForAllThreads by setting -Dorg.apache.ratis.thirdparty.io.netty.allocator.useCacheForAllThreads=false in command line.
2019-09-27 21:15:40,859 [main] INFO  grpc.GrpcConfigKeys$Server (ConfUtils.java:logGet(43)) - raft.grpc.server.port = 0 (default)
2019-09-27 21:15:40,859 [main] INFO  server.GrpcService (ConfUtils.java:logGet(43)) - raft.grpc.message.size.max = 33570816 (custom)
2019-09-27 21:15:40,860 [main] INFO  server.RaftServerConfigKeys (ConfUtils.java:logGet(43)) - raft.server.log.appender.buffer.byte-limit = 33554432 (custom)
2019-09-27 21:15:40,860 [main] INFO  server.GrpcService (ConfUtils.java:logGet(43)) - raft.grpc.flow.control.window = 1MB (=1048576) (default)
2019-09-27 21:15:40,860 [main] INFO  server.RaftServerConfigKeys (ConfUtils.java:logGet(43)) - raft.server.rpc.request.timeout = 3000ms (default)
2019-09-27 21:15:40,860 [main] INFO  server.RaftServerConfigKeys (ConfUtils.java:logGet(43)) - raft.server.storage.dir = [/workdir/hadoop-ozone/integration-test/target/test-dir/MiniOzoneClusterImpl-f8201cb5-856e-406f-97aa-d4fb03259294/datanode-4/data/ratis] (custom)
2019-09-27 21:15:40,862 [main] INFO  hdfs.DFSUtil (DFSUtil.java:httpServerTemplateForNNAndJN(1641)) - Starting Web-server for hddsDatanode at: http://0.0.0.0:0
2019-09-27 21:15:40,863 [main] INFO  server.AuthenticationFilter (AuthenticationFilter.java:constructSecretProvider(240)) - Unable to initialize FileSignerSecretProvider, falling back to use random secrets.
2019-09-27 21:15:40,864 [main] WARN  http.HttpRequestLog (HttpRequestLog.java:getRequestLog(97)) - Jetty request log can only be enabled using Log4j
2019-09-27 21:15:40,865 [main] INFO  http.HttpServer2 (HttpServer2.java:addGlobalFilter(975)) - Added global filter 'safety' (class=org.apache.hadoop.http.HttpServer2$QuotingInputFilter)
2019-09-27 21:15:40,866 [main] INFO  http.HttpServer2 (HttpServer2.java:addFilter(948)) - Added filter static_user_filter (class=org.apache.hadoop.http.lib.StaticUserWebFilter$StaticUserFilter) to context hddsDatanode
2019-09-27 21:15:40,866 [main] INFO  http.HttpServer2 (HttpServer2.java:addFilter(958)) - Added filter static_user_filter (class=org.apache.hadoop.http.lib.StaticUserWebFilter$StaticUserFilter) to context static
2019-09-27 21:15:40,866 [main] INFO  http.HttpServer2 (HttpServer2.java:addFilter(958)) - Added filter static_user_filter (class=org.apache.hadoop.http.lib.StaticUserWebFilter$StaticUserFilter) to context logs
2019-09-27 21:15:40,867 [main] INFO  http.HttpServer2 (HttpServer2.java:bindListener(1191)) - Jetty bound to port 36124
2019-09-27 21:15:40,867 [main] INFO  server.Server (Server.java:doStart(351)) - jetty-9.3.25.v20180904, build timestamp: 2018-09-04T21:11:46Z, git hash: 3ce520221d0240229c862b122d2b06c12a625732
2019-09-27 21:15:40,869 [main] INFO  handler.ContextHandler (ContextHandler.java:doStart(781)) - Started o.e.j.s.ServletContextHandler@6025d790{/logs,file:///workdir/hadoop-ozone/integration-test/target/log,AVAILABLE}
2019-09-27 21:15:40,869 [main] INFO  handler.ContextHandler (ContextHandler.java:doStart(781)) - Started o.e.j.s.ServletContextHandler@5dcd0cdf{/static,jar:file:/home/user/.m2/repository/org/apache/hadoop/hadoop-hdds-container-service/0.5.0-SNAPSHOT/hadoop-hdds-container-service-0.5.0-SNAPSHOT.jar!/webapps/static,AVAILABLE}
2019-09-27 21:15:40,897 [main] INFO  handler.ContextHandler (ContextHandler.java:doStart(781)) - Started o.e.j.w.WebAppContext@448b808a{/,file:///tmp/jetty-0.0.0.0-36124-hddsDatanode-_-any-8572433823306184665.dir/webapp/,AVAILABLE}{/hddsDatanode}
2019-09-27 21:15:40,898 [main] INFO  server.AbstractConnector (AbstractConnector.java:doStart(278)) - Started ServerConnector@7e62cfa3{HTTP/1.1,[http/1.1]}{0.0.0.0:36124}
2019-09-27 21:15:40,899 [main] INFO  server.Server (Server.java:doStart(419)) - Started @81802ms
2019-09-27 21:15:40,899 [main] WARN  impl.MetricsSystemImpl (MetricsSystemImpl.java:register(276)) - Sink prometheus already exists!
2019-09-27 21:15:40,900 [main] INFO  server.BaseHttpServer (BaseHttpServer.java:updateConnectorAddress(215)) - HTTP server of HDDSDATANODE is listening at http://0.0.0.0:36124
2019-09-27 21:15:40,900 [main] INFO  impl.MetricsSystemImpl (MetricsSystemImpl.java:init(158)) - HddsDatanode metrics system started (again)
2019-09-27 21:15:40,904 [org.apache.hadoop.util.JvmPauseMonitor$Monitor@6afd7de2] INFO  util.JvmPauseMonitor (JvmPauseMonitor.java:run(188)) - Starting JVM pause monitor
2019-09-27 21:15:40,905 [main] INFO  ozone.HddsDatanodeService (HddsDatanodeService.java:start(184)) - HddsDatanodeService host:pr-hdds-1146-sq6w4-1294053398 ip:192.168.30.11
2019-09-27 21:15:40,906 [Datanode State Machine Thread - 0] INFO  datanode.InitDatanodeState (InitDatanodeState.java:persistContainerDatanodeDetails(140)) - DatanodeDetails is persisted to /workdir/hadoop-ozone/integration-test/target/test-dir/MiniOzoneClusterImpl-f8201cb5-856e-406f-97aa-d4fb03259294/datanode-4/meta/datanode.id
2019-09-27 21:15:40,910 [main] INFO  volume.HddsVolume (HddsVolume.java:<init>(176)) - Creating Volume: /workdir/hadoop-ozone/integration-test/target/test-dir/MiniOzoneClusterImpl-f8201cb5-856e-406f-97aa-d4fb03259294/datanode-5/data/containers/hdds of  storage type : DISK and capacity : 1482555576320
2019-09-27 21:15:40,911 [main] INFO  volume.VolumeSet (VolumeSet.java:initializeVolumeSet(170)) - Added Volume : /workdir/hadoop-ozone/integration-test/target/test-dir/MiniOzoneClusterImpl-f8201cb5-856e-406f-97aa-d4fb03259294/datanode-5/data/containers/hdds to VolumeSet
2019-09-27 21:15:40,911 [main] INFO  volume.ThrottledAsyncChecker (ThrottledAsyncChecker.java:schedule(139)) - Scheduling a check for org.apache.hadoop.ozone.container.common.volume.HddsVolume@75023c53
2019-09-27 21:15:40,912 [main] INFO  volume.HddsVolumeChecker (HddsVolumeChecker.java:checkAllVolumes(202)) - Scheduled health check for volume org.apache.hadoop.ozone.container.common.volume.HddsVolume@75023c53
2019-09-27 21:15:40,932 [main] INFO  impl.RaftServerProxy (ConfUtils.java:logGet(43)) - raft.rpc.type = GRPC (default)
2019-09-27 21:15:40,933 [main] INFO  grpc.GrpcFactory (GrpcFactory.java:checkPooledByteBufAllocatorUseCacheForAllThreads(45)) - PERFORMANCE WARNING: useCacheForAllThreads is true that may cause Netty to create a lot garbage objects and, as a result, trigger GC.
	It is recommended to disable useCacheForAllThreads by setting -Dorg.apache.ratis.thirdparty.io.netty.allocator.useCacheForAllThreads=false in command line.
2019-09-27 21:15:40,933 [main] INFO  grpc.GrpcConfigKeys$Server (ConfUtils.java:logGet(43)) - raft.grpc.server.port = 0 (default)
2019-09-27 21:15:40,933 [main] INFO  server.GrpcService (ConfUtils.java:logGet(43)) - raft.grpc.message.size.max = 33570816 (custom)
2019-09-27 21:15:40,934 [main] INFO  server.RaftServerConfigKeys (ConfUtils.java:logGet(43)) - raft.server.log.appender.buffer.byte-limit = 33554432 (custom)
2019-09-27 21:15:40,934 [main] INFO  server.GrpcService (ConfUtils.java:logGet(43)) - raft.grpc.flow.control.window = 1MB (=1048576) (default)
2019-09-27 21:15:40,934 [main] INFO  server.RaftServerConfigKeys (ConfUtils.java:logGet(43)) - raft.server.rpc.request.timeout = 3000ms (default)
2019-09-27 21:15:40,935 [main] INFO  server.RaftServerConfigKeys (ConfUtils.java:logGet(43)) - raft.server.storage.dir = [/workdir/hadoop-ozone/integration-test/target/test-dir/MiniOzoneClusterImpl-f8201cb5-856e-406f-97aa-d4fb03259294/datanode-5/data/ratis] (custom)
2019-09-27 21:15:40,937 [main] INFO  hdfs.DFSUtil (DFSUtil.java:httpServerTemplateForNNAndJN(1641)) - Starting Web-server for hddsDatanode at: http://0.0.0.0:0
2019-09-27 21:15:40,939 [main] INFO  server.AuthenticationFilter (AuthenticationFilter.java:constructSecretProvider(240)) - Unable to initialize FileSignerSecretProvider, falling back to use random secrets.
2019-09-27 21:15:40,939 [main] WARN  http.HttpRequestLog (HttpRequestLog.java:getRequestLog(97)) - Jetty request log can only be enabled using Log4j
2019-09-27 21:15:40,941 [main] INFO  http.HttpServer2 (HttpServer2.java:addGlobalFilter(975)) - Added global filter 'safety' (class=org.apache.hadoop.http.HttpServer2$QuotingInputFilter)
2019-09-27 21:15:40,942 [main] INFO  http.HttpServer2 (HttpServer2.java:addFilter(948)) - Added filter static_user_filter (class=org.apache.hadoop.http.lib.StaticUserWebFilter$StaticUserFilter) to context hddsDatanode
2019-09-27 21:15:40,942 [main] INFO  http.HttpServer2 (HttpServer2.java:addFilter(958)) - Added filter static_user_filter (class=org.apache.hadoop.http.lib.StaticUserWebFilter$StaticUserFilter) to context logs
2019-09-27 21:15:40,943 [main] INFO  http.HttpServer2 (HttpServer2.java:addFilter(958)) - Added filter static_user_filter (class=org.apache.hadoop.http.lib.StaticUserWebFilter$StaticUserFilter) to context static
2019-09-27 21:15:40,944 [main] INFO  http.HttpServer2 (HttpServer2.java:bindListener(1191)) - Jetty bound to port 44500
2019-09-27 21:15:40,945 [main] INFO  server.Server (Server.java:doStart(351)) - jetty-9.3.25.v20180904, build timestamp: 2018-09-04T21:11:46Z, git hash: 3ce520221d0240229c862b122d2b06c12a625732
2019-09-27 21:15:40,947 [main] INFO  handler.ContextHandler (ContextHandler.java:doStart(781)) - Started o.e.j.s.ServletContextHandler@59939293{/logs,file:///workdir/hadoop-ozone/integration-test/target/log,AVAILABLE}
2019-09-27 21:15:40,948 [main] INFO  handler.ContextHandler (ContextHandler.java:doStart(781)) - Started o.e.j.s.ServletContextHandler@2d74c81b{/static,jar:file:/home/user/.m2/repository/org/apache/hadoop/hadoop-hdds-container-service/0.5.0-SNAPSHOT/hadoop-hdds-container-service-0.5.0-SNAPSHOT.jar!/webapps/static,AVAILABLE}
2019-09-27 21:15:40,988 [main] INFO  handler.ContextHandler (ContextHandler.java:doStart(781)) - Started o.e.j.w.WebAppContext@4e224df5{/,file:///tmp/jetty-0.0.0.0-44500-hddsDatanode-_-any-6529123612993336304.dir/webapp/,AVAILABLE}{/hddsDatanode}
2019-09-27 21:15:40,989 [main] INFO  server.AbstractConnector (AbstractConnector.java:doStart(278)) - Started ServerConnector@32456db0{HTTP/1.1,[http/1.1]}{0.0.0.0:44500}
2019-09-27 21:15:40,991 [main] INFO  server.Server (Server.java:doStart(419)) - Started @81894ms
2019-09-27 21:15:40,991 [main] WARN  impl.MetricsSystemImpl (MetricsSystemImpl.java:register(276)) - Sink prometheus already exists!
2019-09-27 21:15:40,992 [main] INFO  server.BaseHttpServer (BaseHttpServer.java:updateConnectorAddress(215)) - HTTP server of HDDSDATANODE is listening at http://0.0.0.0:44500
2019-09-27 21:15:40,992 [main] INFO  impl.MetricsSystemImpl (MetricsSystemImpl.java:init(158)) - HddsDatanode metrics system started (again)
2019-09-27 21:15:40,997 [org.apache.hadoop.util.JvmPauseMonitor$Monitor@7214506d] INFO  util.JvmPauseMonitor (JvmPauseMonitor.java:run(188)) - Starting JVM pause monitor
2019-09-27 21:15:40,997 [main] INFO  ozone.HddsDatanodeService (HddsDatanodeService.java:start(184)) - HddsDatanodeService host:pr-hdds-1146-sq6w4-1294053398 ip:192.168.30.11
2019-09-27 21:15:40,998 [Datanode State Machine Thread - 0] INFO  datanode.InitDatanodeState (InitDatanodeState.java:persistContainerDatanodeDetails(140)) - DatanodeDetails is persisted to /workdir/hadoop-ozone/integration-test/target/test-dir/MiniOzoneClusterImpl-f8201cb5-856e-406f-97aa-d4fb03259294/datanode-5/meta/datanode.id
2019-09-27 21:15:41,003 [main] INFO  volume.HddsVolume (HddsVolume.java:<init>(176)) - Creating Volume: /workdir/hadoop-ozone/integration-test/target/test-dir/MiniOzoneClusterImpl-f8201cb5-856e-406f-97aa-d4fb03259294/datanode-6/data/containers/hdds of  storage type : DISK and capacity : 1482555576320
2019-09-27 21:15:41,003 [main] INFO  volume.VolumeSet (VolumeSet.java:initializeVolumeSet(170)) - Added Volume : /workdir/hadoop-ozone/integration-test/target/test-dir/MiniOzoneClusterImpl-f8201cb5-856e-406f-97aa-d4fb03259294/datanode-6/data/containers/hdds to VolumeSet
2019-09-27 21:15:41,003 [main] INFO  volume.ThrottledAsyncChecker (ThrottledAsyncChecker.java:schedule(139)) - Scheduling a check for org.apache.hadoop.ozone.container.common.volume.HddsVolume@59c04bee
2019-09-27 21:15:41,004 [main] INFO  volume.HddsVolumeChecker (HddsVolumeChecker.java:checkAllVolumes(202)) - Scheduled health check for volume org.apache.hadoop.ozone.container.common.volume.HddsVolume@59c04bee
2019-09-27 21:15:41,017 [main] INFO  impl.RaftServerProxy (ConfUtils.java:logGet(43)) - raft.rpc.type = GRPC (default)
2019-09-27 21:15:41,017 [main] INFO  grpc.GrpcFactory (GrpcFactory.java:checkPooledByteBufAllocatorUseCacheForAllThreads(45)) - PERFORMANCE WARNING: useCacheForAllThreads is true that may cause Netty to create a lot garbage objects and, as a result, trigger GC.
	It is recommended to disable useCacheForAllThreads by setting -Dorg.apache.ratis.thirdparty.io.netty.allocator.useCacheForAllThreads=false in command line.
2019-09-27 21:15:41,017 [main] INFO  grpc.GrpcConfigKeys$Server (ConfUtils.java:logGet(43)) - raft.grpc.server.port = 0 (default)
2019-09-27 21:15:41,017 [main] INFO  server.GrpcService (ConfUtils.java:logGet(43)) - raft.grpc.message.size.max = 33570816 (custom)
2019-09-27 21:15:41,017 [main] INFO  server.RaftServerConfigKeys (ConfUtils.java:logGet(43)) - raft.server.log.appender.buffer.byte-limit = 33554432 (custom)
2019-09-27 21:15:41,018 [main] INFO  server.GrpcService (ConfUtils.java:logGet(43)) - raft.grpc.flow.control.window = 1MB (=1048576) (default)
2019-09-27 21:15:41,018 [main] INFO  server.RaftServerConfigKeys (ConfUtils.java:logGet(43)) - raft.server.rpc.request.timeout = 3000ms (default)
2019-09-27 21:15:41,018 [main] INFO  server.RaftServerConfigKeys (ConfUtils.java:logGet(43)) - raft.server.storage.dir = [/workdir/hadoop-ozone/integration-test/target/test-dir/MiniOzoneClusterImpl-f8201cb5-856e-406f-97aa-d4fb03259294/datanode-6/data/ratis] (custom)
2019-09-27 21:15:41,019 [main] INFO  hdfs.DFSUtil (DFSUtil.java:httpServerTemplateForNNAndJN(1641)) - Starting Web-server for hddsDatanode at: http://0.0.0.0:0
2019-09-27 21:15:41,021 [main] INFO  server.AuthenticationFilter (AuthenticationFilter.java:constructSecretProvider(240)) - Unable to initialize FileSignerSecretProvider, falling back to use random secrets.
2019-09-27 21:15:41,021 [main] WARN  http.HttpRequestLog (HttpRequestLog.java:getRequestLog(97)) - Jetty request log can only be enabled using Log4j
2019-09-27 21:15:41,022 [main] INFO  http.HttpServer2 (HttpServer2.java:addGlobalFilter(975)) - Added global filter 'safety' (class=org.apache.hadoop.http.HttpServer2$QuotingInputFilter)
2019-09-27 21:15:41,023 [main] INFO  http.HttpServer2 (HttpServer2.java:addFilter(948)) - Added filter static_user_filter (class=org.apache.hadoop.http.lib.StaticUserWebFilter$StaticUserFilter) to context hddsDatanode
2019-09-27 21:15:41,023 [main] INFO  http.HttpServer2 (HttpServer2.java:addFilter(958)) - Added filter static_user_filter (class=org.apache.hadoop.http.lib.StaticUserWebFilter$StaticUserFilter) to context static
2019-09-27 21:15:41,023 [main] INFO  http.HttpServer2 (HttpServer2.java:addFilter(958)) - Added filter static_user_filter (class=org.apache.hadoop.http.lib.StaticUserWebFilter$StaticUserFilter) to context logs
2019-09-27 21:15:41,024 [main] INFO  http.HttpServer2 (HttpServer2.java:bindListener(1191)) - Jetty bound to port 45156
2019-09-27 21:15:41,024 [main] INFO  server.Server (Server.java:doStart(351)) - jetty-9.3.25.v20180904, build timestamp: 2018-09-04T21:11:46Z, git hash: 3ce520221d0240229c862b122d2b06c12a625732
2019-09-27 21:15:41,025 [main] INFO  handler.ContextHandler (ContextHandler.java:doStart(781)) - Started o.e.j.s.ServletContextHandler@5261ec9{/logs,file:///workdir/hadoop-ozone/integration-test/target/log,AVAILABLE}
2019-09-27 21:15:41,026 [main] INFO  handler.ContextHandler (ContextHandler.java:doStart(781)) - Started o.e.j.s.ServletContextHandler@64da6cbd{/static,jar:file:/home/user/.m2/repository/org/apache/hadoop/hadoop-hdds-container-service/0.5.0-SNAPSHOT/hadoop-hdds-container-service-0.5.0-SNAPSHOT.jar!/webapps/static,AVAILABLE}
2019-09-27 21:15:41,054 [main] INFO  handler.ContextHandler (ContextHandler.java:doStart(781)) - Started o.e.j.w.WebAppContext@c889805{/,file:///tmp/jetty-0.0.0.0-45156-hddsDatanode-_-any-1831839398974337945.dir/webapp/,AVAILABLE}{/hddsDatanode}
2019-09-27 21:15:41,054 [main] INFO  server.AbstractConnector (AbstractConnector.java:doStart(278)) - Started ServerConnector@77db3d02{HTTP/1.1,[http/1.1]}{0.0.0.0:45156}
2019-09-27 21:15:41,055 [main] INFO  server.Server (Server.java:doStart(419)) - Started @81958ms
2019-09-27 21:15:41,056 [main] WARN  impl.MetricsSystemImpl (MetricsSystemImpl.java:register(276)) - Sink prometheus already exists!
2019-09-27 21:15:41,056 [main] INFO  server.BaseHttpServer (BaseHttpServer.java:updateConnectorAddress(215)) - HTTP server of HDDSDATANODE is listening at http://0.0.0.0:45156
2019-09-27 21:15:41,057 [main] INFO  ozone.MiniOzoneClusterImpl (MiniOzoneClusterImpl.java:lambda$waitForClusterToBeReady$0(147)) - Waiting for cluster to be ready. Got 0 of 7 DN Heartbeats.
2019-09-27 21:15:41,059 [org.apache.hadoop.util.JvmPauseMonitor$Monitor@6ba7e763] INFO  util.JvmPauseMonitor (JvmPauseMonitor.java:run(188)) - Starting JVM pause monitor
2019-09-27 21:15:41,061 [Datanode State Machine Thread - 0] INFO  datanode.InitDatanodeState (InitDatanodeState.java:persistContainerDatanodeDetails(140)) - DatanodeDetails is persisted to /workdir/hadoop-ozone/integration-test/target/test-dir/MiniOzoneClusterImpl-f8201cb5-856e-406f-97aa-d4fb03259294/datanode-6/meta/datanode.id
2019-09-27 21:15:42,063 [main] INFO  ozone.MiniOzoneClusterImpl (MiniOzoneClusterImpl.java:lambda$waitForClusterToBeReady$0(147)) - Waiting for cluster to be ready. Got 0 of 7 DN Heartbeats.
2019-09-27 21:15:42,680 [Datanode State Machine Thread - 0] INFO  ozoneimpl.OzoneContainer (OzoneContainer.java:start(217)) - Attempting to start container services.
2019-09-27 21:15:42,683 [Datanode State Machine Thread - 0] INFO  ozoneimpl.OzoneContainer (OzoneContainer.java:startContainerScrub(179)) - Background container scanner has been disabled.
2019-09-27 21:15:42,684 [Datanode State Machine Thread - 0] INFO  ratis.XceiverServerRatis (XceiverServerRatis.java:start(411)) - Starting XceiverServerRatis eae5b4c6-9516-4f3b-8a39-d0052709847d at port 0
2019-09-27 21:15:42,692 [Datanode State Machine Thread - 0] INFO  impl.RaftServerProxy (RaftServerProxy.java:lambda$start$3(299)) - eae5b4c6-9516-4f3b-8a39-d0052709847d: start RPC server
2019-09-27 21:15:42,696 [Datanode State Machine Thread - 0] INFO  server.GrpcService (GrpcService.java:startImpl(158)) - eae5b4c6-9516-4f3b-8a39-d0052709847d: GrpcService started, listening on 0.0.0.0/0.0.0.0:38185
2019-09-27 21:15:42,696 [Datanode State Machine Thread - 0] INFO  ratis.XceiverServerRatis (XceiverServerRatis.java:start(421)) - XceiverServerRatis eae5b4c6-9516-4f3b-8a39-d0052709847d is started using port 38185
2019-09-27 21:15:42,698 [Datanode State Machine Thread - 0] INFO  server.XceiverServerGrpc (XceiverServerGrpc.java:start(149)) - XceiverServerGrpc eae5b4c6-9516-4f3b-8a39-d0052709847d is started using port 46139
2019-09-27 21:15:42,847 [Datanode State Machine Thread - 0] INFO  ozoneimpl.OzoneContainer (OzoneContainer.java:start(217)) - Attempting to start container services.
2019-09-27 21:15:42,847 [Datanode State Machine Thread - 0] INFO  ozoneimpl.OzoneContainer (OzoneContainer.java:start(217)) - Attempting to start container services.
2019-09-27 21:15:42,857 [Datanode State Machine Thread - 0] INFO  ozoneimpl.OzoneContainer (OzoneContainer.java:startContainerScrub(179)) - Background container scanner has been disabled.
2019-09-27 21:15:42,857 [Datanode State Machine Thread - 0] INFO  ozoneimpl.OzoneContainer (OzoneContainer.java:startContainerScrub(179)) - Background container scanner has been disabled.
2019-09-27 21:15:42,857 [Datanode State Machine Thread - 0] INFO  ratis.XceiverServerRatis (XceiverServerRatis.java:start(411)) - Starting XceiverServerRatis f0ddf341-8f5a-4866-8397-302d2220141c at port 0
2019-09-27 21:15:42,857 [Datanode State Machine Thread - 0] INFO  ratis.XceiverServerRatis (XceiverServerRatis.java:start(411)) - Starting XceiverServerRatis 8f236389-d57a-4ab0-86b9-7a3c7defed0a at port 0
2019-09-27 21:15:42,867 [Datanode State Machine Thread - 0] INFO  ozoneimpl.OzoneContainer (OzoneContainer.java:start(217)) - Attempting to start container services.
2019-09-27 21:15:42,867 [Datanode State Machine Thread - 0] INFO  ozoneimpl.OzoneContainer (OzoneContainer.java:startContainerScrub(179)) - Background container scanner has been disabled.
2019-09-27 21:15:42,867 [Datanode State Machine Thread - 0] INFO  ratis.XceiverServerRatis (XceiverServerRatis.java:start(411)) - Starting XceiverServerRatis 4a7e1e0c-b6e1-46e5-81b2-864fedc4e2e1 at port 0
2019-09-27 21:15:42,876 [Datanode State Machine Thread - 0] INFO  impl.RaftServerProxy (RaftServerProxy.java:lambda$start$3(299)) - f0ddf341-8f5a-4866-8397-302d2220141c: start RPC server
2019-09-27 21:15:42,878 [Datanode State Machine Thread - 0] INFO  impl.RaftServerProxy (RaftServerProxy.java:lambda$start$3(299)) - 8f236389-d57a-4ab0-86b9-7a3c7defed0a: start RPC server
2019-09-27 21:15:42,887 [Datanode State Machine Thread - 0] INFO  server.GrpcService (GrpcService.java:startImpl(158)) - 8f236389-d57a-4ab0-86b9-7a3c7defed0a: GrpcService started, listening on 0.0.0.0/0.0.0.0:40638
2019-09-27 21:15:42,887 [Datanode State Machine Thread - 0] INFO  ratis.XceiverServerRatis (XceiverServerRatis.java:start(421)) - XceiverServerRatis 8f236389-d57a-4ab0-86b9-7a3c7defed0a is started using port 40638
2019-09-27 21:15:42,888 [Datanode State Machine Thread - 0] INFO  server.GrpcService (GrpcService.java:startImpl(158)) - f0ddf341-8f5a-4866-8397-302d2220141c: GrpcService started, listening on 0.0.0.0/0.0.0.0:36108
2019-09-27 21:15:42,889 [Datanode State Machine Thread - 0] INFO  ratis.XceiverServerRatis (XceiverServerRatis.java:start(421)) - XceiverServerRatis f0ddf341-8f5a-4866-8397-302d2220141c is started using port 36108
2019-09-27 21:15:42,889 [Datanode State Machine Thread - 0] INFO  server.XceiverServerGrpc (XceiverServerGrpc.java:start(149)) - XceiverServerGrpc 8f236389-d57a-4ab0-86b9-7a3c7defed0a is started using port 42285
2019-09-27 21:15:42,897 [Datanode State Machine Thread - 0] INFO  server.XceiverServerGrpc (XceiverServerGrpc.java:start(149)) - XceiverServerGrpc f0ddf341-8f5a-4866-8397-302d2220141c is started using port 44912
2019-09-27 21:15:42,897 [Datanode State Machine Thread - 0] INFO  impl.RaftServerProxy (RaftServerProxy.java:lambda$start$3(299)) - 4a7e1e0c-b6e1-46e5-81b2-864fedc4e2e1: start RPC server
2019-09-27 21:15:42,901 [Datanode State Machine Thread - 0] INFO  server.GrpcService (GrpcService.java:startImpl(158)) - 4a7e1e0c-b6e1-46e5-81b2-864fedc4e2e1: GrpcService started, listening on 0.0.0.0/0.0.0.0:32883
2019-09-27 21:15:42,901 [Datanode State Machine Thread - 0] INFO  ratis.XceiverServerRatis (XceiverServerRatis.java:start(421)) - XceiverServerRatis 4a7e1e0c-b6e1-46e5-81b2-864fedc4e2e1 is started using port 32883
2019-09-27 21:15:42,902 [Datanode State Machine Thread - 0] INFO  server.XceiverServerGrpc (XceiverServerGrpc.java:start(149)) - XceiverServerGrpc 4a7e1e0c-b6e1-46e5-81b2-864fedc4e2e1 is started using port 38333
2019-09-27 21:15:42,926 [Datanode State Machine Thread - 0] INFO  ozoneimpl.OzoneContainer (OzoneContainer.java:start(217)) - Attempting to start container services.
2019-09-27 21:15:42,926 [Datanode State Machine Thread - 0] INFO  ozoneimpl.OzoneContainer (OzoneContainer.java:startContainerScrub(179)) - Background container scanner has been disabled.
2019-09-27 21:15:42,926 [Datanode State Machine Thread - 0] INFO  ratis.XceiverServerRatis (XceiverServerRatis.java:start(411)) - Starting XceiverServerRatis 6d421437-77fe-44b0-af48-91fab7d4abad at port 0
2019-09-27 21:15:42,932 [Datanode State Machine Thread - 0] INFO  impl.RaftServerProxy (RaftServerProxy.java:lambda$start$3(299)) - 6d421437-77fe-44b0-af48-91fab7d4abad: start RPC server
2019-09-27 21:15:42,933 [Datanode State Machine Thread - 0] INFO  server.GrpcService (GrpcService.java:startImpl(158)) - 6d421437-77fe-44b0-af48-91fab7d4abad: GrpcService started, listening on 0.0.0.0/0.0.0.0:35766
2019-09-27 21:15:42,933 [Datanode State Machine Thread - 0] INFO  ratis.XceiverServerRatis (XceiverServerRatis.java:start(421)) - XceiverServerRatis 6d421437-77fe-44b0-af48-91fab7d4abad is started using port 35766
2019-09-27 21:15:42,933 [Datanode State Machine Thread - 0] INFO  server.XceiverServerGrpc (XceiverServerGrpc.java:start(149)) - XceiverServerGrpc 6d421437-77fe-44b0-af48-91fab7d4abad is started using port 35263
2019-09-27 21:15:43,026 [Datanode State Machine Thread - 0] INFO  ozoneimpl.OzoneContainer (OzoneContainer.java:start(217)) - Attempting to start container services.
2019-09-27 21:15:43,026 [Datanode State Machine Thread - 0] INFO  ozoneimpl.OzoneContainer (OzoneContainer.java:startContainerScrub(179)) - Background container scanner has been disabled.
2019-09-27 21:15:43,026 [Datanode State Machine Thread - 0] INFO  ratis.XceiverServerRatis (XceiverServerRatis.java:start(411)) - Starting XceiverServerRatis f99ed73b-523e-4dbb-b36d-9060b33c1e68 at port 0
2019-09-27 21:15:43,033 [Datanode State Machine Thread - 0] INFO  impl.RaftServerProxy (RaftServerProxy.java:lambda$start$3(299)) - f99ed73b-523e-4dbb-b36d-9060b33c1e68: start RPC server
2019-09-27 21:15:43,036 [Datanode State Machine Thread - 0] INFO  server.GrpcService (GrpcService.java:startImpl(158)) - f99ed73b-523e-4dbb-b36d-9060b33c1e68: GrpcService started, listening on 0.0.0.0/0.0.0.0:36400
2019-09-27 21:15:43,036 [Datanode State Machine Thread - 0] INFO  ratis.XceiverServerRatis (XceiverServerRatis.java:start(421)) - XceiverServerRatis f99ed73b-523e-4dbb-b36d-9060b33c1e68 is started using port 36400
2019-09-27 21:15:43,036 [Datanode State Machine Thread - 0] INFO  server.XceiverServerGrpc (XceiverServerGrpc.java:start(149)) - XceiverServerGrpc f99ed73b-523e-4dbb-b36d-9060b33c1e68 is started using port 43001
2019-09-27 21:15:43,064 [main] INFO  ozone.MiniOzoneClusterImpl (MiniOzoneClusterImpl.java:lambda$waitForClusterToBeReady$0(147)) - Waiting for cluster to be ready. Got 0 of 7 DN Heartbeats.
2019-09-27 21:15:43,087 [Datanode State Machine Thread - 0] INFO  ozoneimpl.OzoneContainer (OzoneContainer.java:start(217)) - Attempting to start container services.
2019-09-27 21:15:43,088 [Datanode State Machine Thread - 0] INFO  ozoneimpl.OzoneContainer (OzoneContainer.java:startContainerScrub(179)) - Background container scanner has been disabled.
2019-09-27 21:15:43,088 [Datanode State Machine Thread - 0] INFO  ratis.XceiverServerRatis (XceiverServerRatis.java:start(411)) - Starting XceiverServerRatis 0788b08f-dd6c-4547-a8ef-23c2d2da422a at port 0
2019-09-27 21:15:43,095 [Datanode State Machine Thread - 0] INFO  impl.RaftServerProxy (RaftServerProxy.java:lambda$start$3(299)) - 0788b08f-dd6c-4547-a8ef-23c2d2da422a: start RPC server
2019-09-27 21:15:43,097 [Datanode State Machine Thread - 0] INFO  server.GrpcService (GrpcService.java:startImpl(158)) - 0788b08f-dd6c-4547-a8ef-23c2d2da422a: GrpcService started, listening on 0.0.0.0/0.0.0.0:36304
2019-09-27 21:15:43,097 [Datanode State Machine Thread - 0] INFO  ratis.XceiverServerRatis (XceiverServerRatis.java:start(421)) - XceiverServerRatis 0788b08f-dd6c-4547-a8ef-23c2d2da422a is started using port 36304
2019-09-27 21:15:43,098 [Datanode State Machine Thread - 0] INFO  server.XceiverServerGrpc (XceiverServerGrpc.java:start(149)) - XceiverServerGrpc 0788b08f-dd6c-4547-a8ef-23c2d2da422a is started using port 44059
2019-09-27 21:15:44,065 [main] INFO  ozone.MiniOzoneClusterImpl (MiniOzoneClusterImpl.java:lambda$waitForClusterToBeReady$0(147)) - Waiting for cluster to be ready. Got 0 of 7 DN Heartbeats.
2019-09-27 21:15:44,648 [IPC Server handler 0 on 41436] INFO  net.NetworkTopology (NetworkTopologyImpl.java:add(111)) - Added a new node: /default-rack/eae5b4c6-9516-4f3b-8a39-d0052709847d
2019-09-27 21:15:44,651 [IPC Server handler 0 on 41436] INFO  node.SCMNodeManager (SCMNodeManager.java:register(266)) - Registered Data node : eae5b4c6-9516-4f3b-8a39-d0052709847d{ip: 192.168.30.11, host: pr-hdds-1146-sq6w4-1294053398, networkLocation: /default-rack, certSerialId: null}
2019-09-27 21:15:44,652 [EventQueue-NodeRegistrationContainerReportForDataNodeSafeModeRule] INFO  safemode.SCMSafeModeManager (DataNodeSafeModeRule.java:process(71)) - SCM in safe mode. 1 DataNodes registered, 1 required.
2019-09-27 21:15:44,655 [EventQueue-NodeRegistrationContainerReportForDataNodeSafeModeRule] INFO  safemode.SCMSafeModeManager (SCMSafeModeManager.java:validateSafeModeExitRules(177)) - ScmSafeModeManager, all rules are successfully validated
2019-09-27 21:15:44,655 [EventQueue-NodeRegistrationContainerReportForDataNodeSafeModeRule] INFO  safemode.SCMSafeModeManager (SCMSafeModeManager.java:exitSafeMode(193)) - SCM exiting safe mode.
2019-09-27 21:15:44,678 [grpc-default-executor-1] INFO  impl.RaftServerProxy (RaftServerProxy.java:addNew(89)) - eae5b4c6-9516-4f3b-8a39-d0052709847d: addNew group-6DF3946D0397:[eae5b4c6-9516-4f3b-8a39-d0052709847d:192.168.30.11:38185] returns group-6DF3946D0397:java.util.concurrent.CompletableFuture@61424f5b[Not completed]
2019-09-27 21:15:44,680 [pool-119-thread-1] INFO  impl.RaftServerImpl (RaftServerImpl.java:<init>(95)) - eae5b4c6-9516-4f3b-8a39-d0052709847d: new RaftServerImpl for group-6DF3946D0397:[eae5b4c6-9516-4f3b-8a39-d0052709847d:192.168.30.11:38185] with ContainerStateMachine:uninitialized
2019-09-27 21:15:44,681 [pool-119-thread-1] INFO  server.RaftServerConfigKeys (ConfUtils.java:logGet(43)) - raft.server.rpc.timeout.min = 5s (custom)
2019-09-27 21:15:44,681 [pool-119-thread-1] INFO  server.RaftServerConfigKeys (ConfUtils.java:logGet(43)) - raft.server.rpc.timeout.max = 5200ms (custom)
2019-09-27 21:15:44,681 [pool-119-thread-1] INFO  server.RaftServerConfigKeys (ConfUtils.java:logGet(43)) - raft.server.rpcslowness.timeout = 120s (custom)
2019-09-27 21:15:44,681 [pool-119-thread-1] INFO  server.RaftServerConfigKeys (ConfUtils.java:logGet(43)) - raft.server.sleep.deviation.threshold = 300 (default)
2019-09-27 21:15:44,681 [pool-119-thread-1] INFO  server.RaftServerConfigKeys (ConfUtils.java:logGet(43)) - raft.server.log.appender.install.snapshot.enabled = false (custom)
2019-09-27 21:15:44,682 [pool-119-thread-1] INFO  impl.RaftServerImpl (ServerState.java:<init>(103)) - eae5b4c6-9516-4f3b-8a39-d0052709847d@group-6DF3946D0397: ConfigurationManager, init=-1: [eae5b4c6-9516-4f3b-8a39-d0052709847d:192.168.30.11:38185], old=null, confs=<EMPTY_MAP>
2019-09-27 21:15:44,682 [pool-119-thread-1] INFO  server.RaftServerConfigKeys (ConfUtils.java:logGet(43)) - raft.server.storage.dir = [/workdir/hadoop-ozone/integration-test/target/test-dir/MiniOzoneClusterImpl-f8201cb5-856e-406f-97aa-d4fb03259294/datanode-0/data/ratis] (custom)
2019-09-27 21:15:44,683 [pool-119-thread-1] INFO  storage.RaftStorageDirectory (RaftStorageDirectory.java:analyzeStorage(246)) - The storage directory /workdir/hadoop-ozone/integration-test/target/test-dir/MiniOzoneClusterImpl-f8201cb5-856e-406f-97aa-d4fb03259294/datanode-0/data/ratis/92dea019-b3a1-4cec-afa5-6df3946d0397 does not exist. Creating ...
2019-09-27 21:15:44,706 [pool-119-thread-1] INFO  storage.RaftStorageDirectory (RaftStorageDirectory.java:tryLock(328)) - Lock on /workdir/hadoop-ozone/integration-test/target/test-dir/MiniOzoneClusterImpl-f8201cb5-856e-406f-97aa-d4fb03259294/datanode-0/data/ratis/92dea019-b3a1-4cec-afa5-6df3946d0397/in_use.lock acquired by nodename 8340@pr-hdds-1146-sq6w4-1294053398
2019-09-27 21:15:44,710 [IPC Server handler 1 on 41436] INFO  net.NetworkTopology (NetworkTopologyImpl.java:add(111)) - Added a new node: /default-rack/f0ddf341-8f5a-4866-8397-302d2220141c
2019-09-27 21:15:44,710 [IPC Server handler 1 on 41436] INFO  node.SCMNodeManager (SCMNodeManager.java:register(266)) - Registered Data node : f0ddf341-8f5a-4866-8397-302d2220141c{ip: 192.168.30.11, host: pr-hdds-1146-sq6w4-1294053398, networkLocation: /default-rack, certSerialId: null}
2019-09-27 21:15:44,721 [pool-119-thread-1] INFO  storage.RaftStorage (RaftStorage.java:format(72)) - Storage directory /workdir/hadoop-ozone/integration-test/target/test-dir/MiniOzoneClusterImpl-f8201cb5-856e-406f-97aa-d4fb03259294/datanode-0/data/ratis/92dea019-b3a1-4cec-afa5-6df3946d0397 has been successfully formatted.
2019-09-27 21:15:44,721 [pool-119-thread-1] INFO  ratis.ContainerStateMachine (ContainerStateMachine.java:loadSnapshot(230)) - group-6DF3946D0397: The snapshot info is null. Setting the last applied indexto:(t:0, i:~)
2019-09-27 21:15:44,721 [pool-119-thread-1] INFO  server.RaftServerConfigKeys (ConfUtils.java:logGet(43)) - raft.server.notification.no-leader.timeout = 120s (custom)
2019-09-27 21:15:44,721 [pool-119-thread-1] INFO  server.RaftServerConfigKeys (ConfUtils.java:logGet(43)) - raft.server.log.use.memory = false (default)
2019-09-27 21:15:44,722 [pool-119-thread-1] INFO  server.RaftServerConfigKeys (ConfUtils.java:logGet(43)) - raft.server.log.purge.gap = 1000000 (custom)
2019-09-27 21:15:44,722 [pool-119-thread-1] INFO  server.RaftServerConfigKeys (ConfUtils.java:logGet(43)) - raft.server.log.appender.buffer.byte-limit = 33554432 (custom)
2019-09-27 21:15:44,722 [pool-119-thread-1] INFO  server.RaftServerConfigKeys (ConfUtils.java:logGet(43)) - raft.server.log.segment.size.max = 1048576 (custom)
2019-09-27 21:15:44,722 [pool-119-thread-1] INFO  server.RaftServerConfigKeys (ConfUtils.java:logGet(43)) - raft.server.log.segment.cache.num.max = 2 (custom)
2019-09-27 21:15:44,722 [pool-119-thread-1] INFO  segmented.SegmentedRaftLogWorker (SegmentedRaftLogWorker.java:<init>(172)) - new eae5b4c6-9516-4f3b-8a39-d0052709847d@group-6DF3946D0397-SegmentedRaftLogWorker for RaftStorage:Storage Directory /workdir/hadoop-ozone/integration-test/target/test-dir/MiniOzoneClusterImpl-f8201cb5-856e-406f-97aa-d4fb03259294/datanode-0/data/ratis/92dea019-b3a1-4cec-afa5-6df3946d0397
2019-09-27 21:15:44,725 [pool-119-thread-1] INFO  server.RaftServerConfigKeys (ConfUtils.java:logGet(43)) - raft.server.log.queue.byte-limit = 2147483647 (custom)
2019-09-27 21:15:44,725 [pool-119-thread-1] INFO  server.RaftServerConfigKeys (ConfUtils.java:logGet(43)) - raft.server.log.queue.element-limit = 1024 (custom)
2019-09-27 21:15:44,725 [pool-119-thread-1] INFO  server.RaftServerConfigKeys (ConfUtils.java:logGet(43)) - raft.server.log.segment.size.max = 1048576 (custom)
2019-09-27 21:15:44,726 [pool-119-thread-1] INFO  server.RaftServerConfigKeys (ConfUtils.java:logGet(43)) - raft.server.log.preallocated.size = 16384 (custom)
2019-09-27 21:15:44,726 [pool-119-thread-1] INFO  server.RaftServerConfigKeys (ConfUtils.java:logGet(43)) - raft.server.log.write.buffer.size = 33554432 (custom)
2019-09-27 21:15:44,726 [pool-119-thread-1] INFO  server.RaftServerConfigKeys (ConfUtils.java:logGet(43)) - raft.server.log.force.sync.num = 128 (default)
2019-09-27 21:15:44,726 [pool-119-thread-1] INFO  server.RaftServerConfigKeys (ConfUtils.java:logGet(43)) - raft.server.log.statemachine.data.sync = true (default)
2019-09-27 21:15:44,726 [pool-119-thread-1] INFO  server.RaftServerConfigKeys (ConfUtils.java:logGet(43)) - raft.server.log.statemachine.data.sync.timeout = 10s (default)
2019-09-27 21:15:44,726 [pool-119-thread-1] INFO  server.RaftServerConfigKeys (ConfUtils.java:logGet(43)) - raft.server.log.statemachine.data.sync.timeout.retry = -1 (default)
2019-09-27 21:15:44,727 [pool-119-thread-1] INFO  server.RaftServerConfigKeys (ConfUtils.java:logGet(43)) - raft.server.log.statemachine.data.caching.enabled = true (custom)
2019-09-27 21:15:44,727 [pool-119-thread-1] INFO  segmented.SegmentedRaftLogWorker (SegmentedRaftLogWorker.java:lambda$new$0(132)) - eae5b4c6-9516-4f3b-8a39-d0052709847d@group-6DF3946D0397-SegmentedRaftLogWorker: flushIndex: setUnconditionally 0 -> -1
2019-09-27 21:15:44,727 [pool-119-thread-1] INFO  server.RaftServerConfigKeys (ConfUtils.java:logGet(43)) - raft.server.snapshot.auto.trigger.enabled = true (custom)
2019-09-27 21:15:44,727 [pool-119-thread-1] INFO  server.RaftServerConfigKeys (ConfUtils.java:logGet(43)) - raft.server.snapshot.auto.trigger.threshold = 10000 (custom)
2019-09-27 21:15:44,727 [pool-119-thread-1] INFO  server.RaftServerConfigKeys (ConfUtils.java:logGet(43)) - raft.server.snapshot.retention.num.files = 5 (custom)
2019-09-27 21:15:44,728 [pool-119-thread-1] INFO  server.RaftServerConfigKeys (ConfUtils.java:logGet(43)) - raft.server.retrycache.expirytime = 600000ms (custom)
2019-09-27 21:15:44,730 [pool-119-thread-1] INFO  impl.RaftServerImpl (RaftServerImpl.java:start(185)) - eae5b4c6-9516-4f3b-8a39-d0052709847d@group-6DF3946D0397: start as a follower, conf=-1: [eae5b4c6-9516-4f3b-8a39-d0052709847d:192.168.30.11:38185], old=null
2019-09-27 21:15:44,730 [pool-119-thread-1] INFO  impl.RaftServerImpl (RaftServerImpl.java:setRole(174)) - eae5b4c6-9516-4f3b-8a39-d0052709847d@group-6DF3946D0397: changes role from      null to FOLLOWER at term 0 for startAsFollower
2019-09-27 21:15:44,730 [pool-119-thread-1] INFO  impl.RoleInfo (RoleInfo.java:updateAndGet(143)) - eae5b4c6-9516-4f3b-8a39-d0052709847d: start FollowerState
2019-09-27 21:15:44,730 [pool-119-thread-1] INFO  util.JmxRegister (JmxRegister.java:tryRegister(44)) - Successfully registered JMX Bean with object name Ratis:service=RaftServer,group=group-6DF3946D0397,id=eae5b4c6-9516-4f3b-8a39-d0052709847d
2019-09-27 21:15:44,736 [RatisPipelineUtilsThread] INFO  pipeline.PipelineStateManager (PipelineStateManager.java:addPipeline(56)) - Created pipeline Pipeline[ Id: 92dea019-b3a1-4cec-afa5-6df3946d0397, Nodes: eae5b4c6-9516-4f3b-8a39-d0052709847d{ip: 192.168.30.11, host: pr-hdds-1146-sq6w4-1294053398, networkLocation: /default-rack, certSerialId: null}, Type:RATIS, Factor:ONE, State:OPEN]
2019-09-27 21:15:44,745 [grpc-default-executor-1] INFO  impl.RaftServerProxy (RaftServerProxy.java:addNew(89)) - f0ddf341-8f5a-4866-8397-302d2220141c: addNew group-F068019F3DFB:[f0ddf341-8f5a-4866-8397-302d2220141c:192.168.30.11:36108] returns group-F068019F3DFB:java.util.concurrent.CompletableFuture@581b0222[Not completed]
2019-09-27 21:15:44,748 [pool-129-thread-1] INFO  impl.RaftServerImpl (RaftServerImpl.java:<init>(95)) - f0ddf341-8f5a-4866-8397-302d2220141c: new RaftServerImpl for group-F068019F3DFB:[f0ddf341-8f5a-4866-8397-302d2220141c:192.168.30.11:36108] with ContainerStateMachine:uninitialized
2019-09-27 21:15:44,748 [pool-129-thread-1] INFO  server.RaftServerConfigKeys (ConfUtils.java:logGet(43)) - raft.server.rpc.timeout.min = 5s (custom)
2019-09-27 21:15:44,748 [pool-129-thread-1] INFO  server.RaftServerConfigKeys (ConfUtils.java:logGet(43)) - raft.server.rpc.timeout.max = 5200ms (custom)
2019-09-27 21:15:44,749 [pool-129-thread-1] INFO  server.RaftServerConfigKeys (ConfUtils.java:logGet(43)) - raft.server.rpcslowness.timeout = 120s (custom)
2019-09-27 21:15:44,749 [pool-129-thread-1] INFO  server.RaftServerConfigKeys (ConfUtils.java:logGet(43)) - raft.server.sleep.deviation.threshold = 300 (default)
2019-09-27 21:15:44,749 [pool-129-thread-1] INFO  server.RaftServerConfigKeys (ConfUtils.java:logGet(43)) - raft.server.log.appender.install.snapshot.enabled = false (custom)
2019-09-27 21:15:44,749 [pool-129-thread-1] INFO  impl.RaftServerImpl (ServerState.java:<init>(103)) - f0ddf341-8f5a-4866-8397-302d2220141c@group-F068019F3DFB: ConfigurationManager, init=-1: [f0ddf341-8f5a-4866-8397-302d2220141c:192.168.30.11:36108], old=null, confs=<EMPTY_MAP>
2019-09-27 21:15:44,749 [pool-129-thread-1] INFO  server.RaftServerConfigKeys (ConfUtils.java:logGet(43)) - raft.server.storage.dir = [/workdir/hadoop-ozone/integration-test/target/test-dir/MiniOzoneClusterImpl-f8201cb5-856e-406f-97aa-d4fb03259294/datanode-1/data/ratis] (custom)
2019-09-27 21:15:44,750 [pool-129-thread-1] INFO  storage.RaftStorageDirectory (RaftStorageDirectory.java:analyzeStorage(246)) - The storage directory /workdir/hadoop-ozone/integration-test/target/test-dir/MiniOzoneClusterImpl-f8201cb5-856e-406f-97aa-d4fb03259294/datanode-1/data/ratis/15899fc5-28a3-4c15-9589-f068019f3dfb does not exist. Creating ...
2019-09-27 21:15:44,767 [pool-129-thread-1] INFO  storage.RaftStorageDirectory (RaftStorageDirectory.java:tryLock(328)) - Lock on /workdir/hadoop-ozone/integration-test/target/test-dir/MiniOzoneClusterImpl-f8201cb5-856e-406f-97aa-d4fb03259294/datanode-1/data/ratis/15899fc5-28a3-4c15-9589-f068019f3dfb/in_use.lock acquired by nodename 8340@pr-hdds-1146-sq6w4-1294053398
2019-09-27 21:15:44,774 [IPC Server handler 2 on 41436] INFO  net.NetworkTopology (NetworkTopologyImpl.java:add(111)) - Added a new node: /default-rack/8f236389-d57a-4ab0-86b9-7a3c7defed0a
2019-09-27 21:15:44,775 [IPC Server handler 2 on 41436] INFO  node.SCMNodeManager (SCMNodeManager.java:register(266)) - Registered Data node : 8f236389-d57a-4ab0-86b9-7a3c7defed0a{ip: 192.168.30.11, host: pr-hdds-1146-sq6w4-1294053398, networkLocation: /default-rack, certSerialId: null}
2019-09-27 21:15:44,792 [pool-129-thread-1] INFO  storage.RaftStorage (RaftStorage.java:format(72)) - Storage directory /workdir/hadoop-ozone/integration-test/target/test-dir/MiniOzoneClusterImpl-f8201cb5-856e-406f-97aa-d4fb03259294/datanode-1/data/ratis/15899fc5-28a3-4c15-9589-f068019f3dfb has been successfully formatted.
2019-09-27 21:15:44,792 [pool-129-thread-1] INFO  ratis.ContainerStateMachine (ContainerStateMachine.java:loadSnapshot(230)) - group-F068019F3DFB: The snapshot info is null. Setting the last applied indexto:(t:0, i:~)
2019-09-27 21:15:44,792 [pool-129-thread-1] INFO  server.RaftServerConfigKeys (ConfUtils.java:logGet(43)) - raft.server.notification.no-leader.timeout = 120s (custom)
2019-09-27 21:15:44,792 [pool-129-thread-1] INFO  server.RaftServerConfigKeys (ConfUtils.java:logGet(43)) - raft.server.log.use.memory = false (default)
2019-09-27 21:15:44,792 [pool-129-thread-1] INFO  server.RaftServerConfigKeys (ConfUtils.java:logGet(43)) - raft.server.log.purge.gap = 1000000 (custom)
2019-09-27 21:15:44,792 [pool-129-thread-1] INFO  server.RaftServerConfigKeys (ConfUtils.java:logGet(43)) - raft.server.log.appender.buffer.byte-limit = 33554432 (custom)
2019-09-27 21:15:44,793 [pool-129-thread-1] INFO  server.RaftServerConfigKeys (ConfUtils.java:logGet(43)) - raft.server.log.segment.size.max = 1048576 (custom)
2019-09-27 21:15:44,793 [pool-129-thread-1] INFO  server.RaftServerConfigKeys (ConfUtils.java:logGet(43)) - raft.server.log.segment.cache.num.max = 2 (custom)
2019-09-27 21:15:44,793 [pool-129-thread-1] INFO  segmented.SegmentedRaftLogWorker (SegmentedRaftLogWorker.java:<init>(172)) - new f0ddf341-8f5a-4866-8397-302d2220141c@group-F068019F3DFB-SegmentedRaftLogWorker for RaftStorage:Storage Directory /workdir/hadoop-ozone/integration-test/target/test-dir/MiniOzoneClusterImpl-f8201cb5-856e-406f-97aa-d4fb03259294/datanode-1/data/ratis/15899fc5-28a3-4c15-9589-f068019f3dfb
2019-09-27 21:15:44,797 [pool-129-thread-1] INFO  server.RaftServerConfigKeys (ConfUtils.java:logGet(43)) - raft.server.log.queue.byte-limit = 2147483647 (custom)
2019-09-27 21:15:44,797 [pool-129-thread-1] INFO  server.RaftServerConfigKeys (ConfUtils.java:logGet(43)) - raft.server.log.queue.element-limit = 1024 (custom)
2019-09-27 21:15:44,797 [pool-129-thread-1] INFO  server.RaftServerConfigKeys (ConfUtils.java:logGet(43)) - raft.server.log.segment.size.max = 1048576 (custom)
2019-09-27 21:15:44,797 [pool-129-thread-1] INFO  server.RaftServerConfigKeys (ConfUtils.java:logGet(43)) - raft.server.log.preallocated.size = 16384 (custom)
2019-09-27 21:15:44,797 [pool-129-thread-1] INFO  server.RaftServerConfigKeys (ConfUtils.java:logGet(43)) - raft.server.log.write.buffer.size = 33554432 (custom)
2019-09-27 21:15:44,798 [pool-129-thread-1] INFO  server.RaftServerConfigKeys (ConfUtils.java:logGet(43)) - raft.server.log.force.sync.num = 128 (default)
2019-09-27 21:15:44,798 [pool-129-thread-1] INFO  server.RaftServerConfigKeys (ConfUtils.java:logGet(43)) - raft.server.log.statemachine.data.sync = true (default)
2019-09-27 21:15:44,798 [pool-129-thread-1] INFO  server.RaftServerConfigKeys (ConfUtils.java:logGet(43)) - raft.server.log.statemachine.data.sync.timeout = 10s (default)
2019-09-27 21:15:44,798 [pool-129-thread-1] INFO  server.RaftServerConfigKeys (ConfUtils.java:logGet(43)) - raft.server.log.statemachine.data.sync.timeout.retry = -1 (default)
2019-09-27 21:15:44,798 [pool-129-thread-1] INFO  server.RaftServerConfigKeys (ConfUtils.java:logGet(43)) - raft.server.log.statemachine.data.caching.enabled = true (custom)
2019-09-27 21:15:44,799 [pool-129-thread-1] INFO  segmented.SegmentedRaftLogWorker (SegmentedRaftLogWorker.java:lambda$new$0(132)) - f0ddf341-8f5a-4866-8397-302d2220141c@group-F068019F3DFB-SegmentedRaftLogWorker: flushIndex: setUnconditionally 0 -> -1
2019-09-27 21:15:44,799 [pool-129-thread-1] INFO  server.RaftServerConfigKeys (ConfUtils.java:logGet(43)) - raft.server.snapshot.auto.trigger.enabled = true (custom)
2019-09-27 21:15:44,800 [pool-129-thread-1] INFO  server.RaftServerConfigKeys (ConfUtils.java:logGet(43)) - raft.server.snapshot.auto.trigger.threshold = 10000 (custom)
2019-09-27 21:15:44,800 [pool-129-thread-1] INFO  server.RaftServerConfigKeys (ConfUtils.java:logGet(43)) - raft.server.snapshot.retention.num.files = 5 (custom)
2019-09-27 21:15:44,800 [pool-129-thread-1] INFO  server.RaftServerConfigKeys (ConfUtils.java:logGet(43)) - raft.server.retrycache.expirytime = 600000ms (custom)
2019-09-27 21:15:44,803 [pool-129-thread-1] INFO  impl.RaftServerImpl (RaftServerImpl.java:start(185)) - f0ddf341-8f5a-4866-8397-302d2220141c@group-F068019F3DFB: start as a follower, conf=-1: [f0ddf341-8f5a-4866-8397-302d2220141c:192.168.30.11:36108], old=null
2019-09-27 21:15:44,803 [pool-129-thread-1] INFO  impl.RaftServerImpl (RaftServerImpl.java:setRole(174)) - f0ddf341-8f5a-4866-8397-302d2220141c@group-F068019F3DFB: changes role from      null to FOLLOWER at term 0 for startAsFollower
2019-09-27 21:15:44,804 [pool-129-thread-1] INFO  impl.RoleInfo (RoleInfo.java:updateAndGet(143)) - f0ddf341-8f5a-4866-8397-302d2220141c: start FollowerState
2019-09-27 21:15:44,804 [pool-129-thread-1] INFO  util.JmxRegister (JmxRegister.java:tryRegister(44)) - Successfully registered JMX Bean with object name Ratis:service=RaftServer,group=group-F068019F3DFB,id=f0ddf341-8f5a-4866-8397-302d2220141c
2019-09-27 21:15:44,810 [RatisPipelineUtilsThread] INFO  pipeline.PipelineStateManager (PipelineStateManager.java:addPipeline(56)) - Created pipeline Pipeline[ Id: 15899fc5-28a3-4c15-9589-f068019f3dfb, Nodes: f0ddf341-8f5a-4866-8397-302d2220141c{ip: 192.168.30.11, host: pr-hdds-1146-sq6w4-1294053398, networkLocation: /default-rack, certSerialId: null}, Type:RATIS, Factor:ONE, State:OPEN]
2019-09-27 21:15:44,821 [grpc-default-executor-1] INFO  impl.RaftServerProxy (RaftServerProxy.java:addNew(89)) - 8f236389-d57a-4ab0-86b9-7a3c7defed0a: addNew group-515161258CF9:[8f236389-d57a-4ab0-86b9-7a3c7defed0a:192.168.30.11:40638] returns group-515161258CF9:java.util.concurrent.CompletableFuture@4c9c7c18[Not completed]
2019-09-27 21:15:44,827 [pool-139-thread-1] INFO  impl.RaftServerImpl (RaftServerImpl.java:<init>(95)) - 8f236389-d57a-4ab0-86b9-7a3c7defed0a: new RaftServerImpl for group-515161258CF9:[8f236389-d57a-4ab0-86b9-7a3c7defed0a:192.168.30.11:40638] with ContainerStateMachine:uninitialized
2019-09-27 21:15:44,827 [pool-139-thread-1] INFO  server.RaftServerConfigKeys (ConfUtils.java:logGet(43)) - raft.server.rpc.timeout.min = 5s (custom)
2019-09-27 21:15:44,827 [pool-139-thread-1] INFO  server.RaftServerConfigKeys (ConfUtils.java:logGet(43)) - raft.server.rpc.timeout.max = 5200ms (custom)
2019-09-27 21:15:44,827 [pool-139-thread-1] INFO  server.RaftServerConfigKeys (ConfUtils.java:logGet(43)) - raft.server.rpcslowness.timeout = 120s (custom)
2019-09-27 21:15:44,827 [pool-139-thread-1] INFO  server.RaftServerConfigKeys (ConfUtils.java:logGet(43)) - raft.server.sleep.deviation.threshold = 300 (default)
2019-09-27 21:15:44,827 [pool-139-thread-1] INFO  server.RaftServerConfigKeys (ConfUtils.java:logGet(43)) - raft.server.log.appender.install.snapshot.enabled = false (custom)
2019-09-27 21:15:44,828 [pool-139-thread-1] INFO  impl.RaftServerImpl (ServerState.java:<init>(103)) - 8f236389-d57a-4ab0-86b9-7a3c7defed0a@group-515161258CF9: ConfigurationManager, init=-1: [8f236389-d57a-4ab0-86b9-7a3c7defed0a:192.168.30.11:40638], old=null, confs=<EMPTY_MAP>
2019-09-27 21:15:44,828 [pool-139-thread-1] INFO  server.RaftServerConfigKeys (ConfUtils.java:logGet(43)) - raft.server.storage.dir = [/workdir/hadoop-ozone/integration-test/target/test-dir/MiniOzoneClusterImpl-f8201cb5-856e-406f-97aa-d4fb03259294/datanode-2/data/ratis] (custom)
2019-09-27 21:15:44,828 [pool-139-thread-1] INFO  storage.RaftStorageDirectory (RaftStorageDirectory.java:analyzeStorage(246)) - The storage directory /workdir/hadoop-ozone/integration-test/target/test-dir/MiniOzoneClusterImpl-f8201cb5-856e-406f-97aa-d4fb03259294/datanode-2/data/ratis/de29b975-d209-4125-9cb2-515161258cf9 does not exist. Creating ...
2019-09-27 21:15:44,839 [IPC Server handler 4 on 41436] INFO  net.NetworkTopology (NetworkTopologyImpl.java:add(111)) - Added a new node: /default-rack/4a7e1e0c-b6e1-46e5-81b2-864fedc4e2e1
2019-09-27 21:15:44,839 [IPC Server handler 4 on 41436] INFO  node.SCMNodeManager (SCMNodeManager.java:register(266)) - Registered Data node : 4a7e1e0c-b6e1-46e5-81b2-864fedc4e2e1{ip: 192.168.30.11, host: pr-hdds-1146-sq6w4-1294053398, networkLocation: /default-rack, certSerialId: null}
2019-09-27 21:15:44,851 [pool-139-thread-1] INFO  storage.RaftStorageDirectory (RaftStorageDirectory.java:tryLock(328)) - Lock on /workdir/hadoop-ozone/integration-test/target/test-dir/MiniOzoneClusterImpl-f8201cb5-856e-406f-97aa-d4fb03259294/datanode-2/data/ratis/de29b975-d209-4125-9cb2-515161258cf9/in_use.lock acquired by nodename 8340@pr-hdds-1146-sq6w4-1294053398
2019-09-27 21:15:44,871 [pool-139-thread-1] INFO  storage.RaftStorage (RaftStorage.java:format(72)) - Storage directory /workdir/hadoop-ozone/integration-test/target/test-dir/MiniOzoneClusterImpl-f8201cb5-856e-406f-97aa-d4fb03259294/datanode-2/data/ratis/de29b975-d209-4125-9cb2-515161258cf9 has been successfully formatted.
2019-09-27 21:15:44,871 [pool-139-thread-1] INFO  ratis.ContainerStateMachine (ContainerStateMachine.java:loadSnapshot(230)) - group-515161258CF9: The snapshot info is null. Setting the last applied indexto:(t:0, i:~)
2019-09-27 21:15:44,871 [pool-139-thread-1] INFO  server.RaftServerConfigKeys (ConfUtils.java:logGet(43)) - raft.server.notification.no-leader.timeout = 120s (custom)
2019-09-27 21:15:44,871 [pool-139-thread-1] INFO  server.RaftServerConfigKeys (ConfUtils.java:logGet(43)) - raft.server.log.use.memory = false (default)
2019-09-27 21:15:44,871 [pool-139-thread-1] INFO  server.RaftServerConfigKeys (ConfUtils.java:logGet(43)) - raft.server.log.purge.gap = 1000000 (custom)
2019-09-27 21:15:44,872 [pool-139-thread-1] INFO  server.RaftServerConfigKeys (ConfUtils.java:logGet(43)) - raft.server.log.appender.buffer.byte-limit = 33554432 (custom)
2019-09-27 21:15:44,872 [pool-139-thread-1] INFO  server.RaftServerConfigKeys (ConfUtils.java:logGet(43)) - raft.server.log.segment.size.max = 1048576 (custom)
2019-09-27 21:15:44,872 [pool-139-thread-1] INFO  server.RaftServerConfigKeys (ConfUtils.java:logGet(43)) - raft.server.log.segment.cache.num.max = 2 (custom)
2019-09-27 21:15:44,872 [pool-139-thread-1] INFO  segmented.SegmentedRaftLogWorker (SegmentedRaftLogWorker.java:<init>(172)) - new 8f236389-d57a-4ab0-86b9-7a3c7defed0a@group-515161258CF9-SegmentedRaftLogWorker for RaftStorage:Storage Directory /workdir/hadoop-ozone/integration-test/target/test-dir/MiniOzoneClusterImpl-f8201cb5-856e-406f-97aa-d4fb03259294/datanode-2/data/ratis/de29b975-d209-4125-9cb2-515161258cf9
2019-09-27 21:15:44,874 [pool-139-thread-1] INFO  server.RaftServerConfigKeys (ConfUtils.java:logGet(43)) - raft.server.log.queue.byte-limit = 2147483647 (custom)
2019-09-27 21:15:44,874 [pool-139-thread-1] INFO  server.RaftServerConfigKeys (ConfUtils.java:logGet(43)) - raft.server.log.queue.element-limit = 1024 (custom)
2019-09-27 21:15:44,875 [pool-139-thread-1] INFO  server.RaftServerConfigKeys (ConfUtils.java:logGet(43)) - raft.server.log.segment.size.max = 1048576 (custom)
2019-09-27 21:15:44,875 [pool-139-thread-1] INFO  server.RaftServerConfigKeys (ConfUtils.java:logGet(43)) - raft.server.log.preallocated.size = 16384 (custom)
2019-09-27 21:15:44,875 [pool-139-thread-1] INFO  server.RaftServerConfigKeys (ConfUtils.java:logGet(43)) - raft.server.log.write.buffer.size = 33554432 (custom)
2019-09-27 21:15:44,875 [pool-139-thread-1] INFO  server.RaftServerConfigKeys (ConfUtils.java:logGet(43)) - raft.server.log.force.sync.num = 128 (default)
2019-09-27 21:15:44,875 [pool-139-thread-1] INFO  server.RaftServerConfigKeys (ConfUtils.java:logGet(43)) - raft.server.log.statemachine.data.sync = true (default)
2019-09-27 21:15:44,875 [pool-139-thread-1] INFO  server.RaftServerConfigKeys (ConfUtils.java:logGet(43)) - raft.server.log.statemachine.data.sync.timeout = 10s (default)
2019-09-27 21:15:44,875 [pool-139-thread-1] INFO  server.RaftServerConfigKeys (ConfUtils.java:logGet(43)) - raft.server.log.statemachine.data.sync.timeout.retry = -1 (default)
2019-09-27 21:15:44,876 [pool-139-thread-1] INFO  server.RaftServerConfigKeys (ConfUtils.java:logGet(43)) - raft.server.log.statemachine.data.caching.enabled = true (custom)
2019-09-27 21:15:44,876 [pool-139-thread-1] INFO  segmented.SegmentedRaftLogWorker (SegmentedRaftLogWorker.java:lambda$new$0(132)) - 8f236389-d57a-4ab0-86b9-7a3c7defed0a@group-515161258CF9-SegmentedRaftLogWorker: flushIndex: setUnconditionally 0 -> -1
2019-09-27 21:15:44,876 [pool-139-thread-1] INFO  server.RaftServerConfigKeys (ConfUtils.java:logGet(43)) - raft.server.snapshot.auto.trigger.enabled = true (custom)
2019-09-27 21:15:44,876 [pool-139-thread-1] INFO  server.RaftServerConfigKeys (ConfUtils.java:logGet(43)) - raft.server.snapshot.auto.trigger.threshold = 10000 (custom)
2019-09-27 21:15:44,877 [pool-139-thread-1] INFO  server.RaftServerConfigKeys (ConfUtils.java:logGet(43)) - raft.server.snapshot.retention.num.files = 5 (custom)
2019-09-27 21:15:44,877 [pool-139-thread-1] INFO  server.RaftServerConfigKeys (ConfUtils.java:logGet(43)) - raft.server.retrycache.expirytime = 600000ms (custom)
2019-09-27 21:15:44,879 [pool-139-thread-1] INFO  impl.RaftServerImpl (RaftServerImpl.java:start(185)) - 8f236389-d57a-4ab0-86b9-7a3c7defed0a@group-515161258CF9: start as a follower, conf=-1: [8f236389-d57a-4ab0-86b9-7a3c7defed0a:192.168.30.11:40638], old=null
2019-09-27 21:15:44,879 [pool-139-thread-1] INFO  impl.RaftServerImpl (RaftServerImpl.java:setRole(174)) - 8f236389-d57a-4ab0-86b9-7a3c7defed0a@group-515161258CF9: changes role from      null to FOLLOWER at term 0 for startAsFollower
2019-09-27 21:15:44,879 [pool-139-thread-1] INFO  impl.RoleInfo (RoleInfo.java:updateAndGet(143)) - 8f236389-d57a-4ab0-86b9-7a3c7defed0a: start FollowerState
2019-09-27 21:15:44,880 [pool-139-thread-1] INFO  util.JmxRegister (JmxRegister.java:tryRegister(44)) - Successfully registered JMX Bean with object name Ratis:service=RaftServer,group=group-515161258CF9,id=8f236389-d57a-4ab0-86b9-7a3c7defed0a
2019-09-27 21:15:44,885 [RatisPipelineUtilsThread] INFO  pipeline.PipelineStateManager (PipelineStateManager.java:addPipeline(56)) - Created pipeline Pipeline[ Id: de29b975-d209-4125-9cb2-515161258cf9, Nodes: 8f236389-d57a-4ab0-86b9-7a3c7defed0a{ip: 192.168.30.11, host: pr-hdds-1146-sq6w4-1294053398, networkLocation: /default-rack, certSerialId: null}, Type:RATIS, Factor:ONE, State:OPEN]
2019-09-27 21:15:44,895 [grpc-default-executor-1] INFO  impl.RaftServerProxy (RaftServerProxy.java:addNew(89)) - 4a7e1e0c-b6e1-46e5-81b2-864fedc4e2e1: addNew group-F7F2BE9F438D:[4a7e1e0c-b6e1-46e5-81b2-864fedc4e2e1:192.168.30.11:32883] returns group-F7F2BE9F438D:java.util.concurrent.CompletableFuture@390c000c[Not completed]
2019-09-27 21:15:44,900 [pool-149-thread-1] INFO  impl.RaftServerImpl (RaftServerImpl.java:<init>(95)) - 4a7e1e0c-b6e1-46e5-81b2-864fedc4e2e1: new RaftServerImpl for group-F7F2BE9F438D:[4a7e1e0c-b6e1-46e5-81b2-864fedc4e2e1:192.168.30.11:32883] with ContainerStateMachine:uninitialized
2019-09-27 21:15:44,901 [pool-149-thread-1] INFO  server.RaftServerConfigKeys (ConfUtils.java:logGet(43)) - raft.server.rpc.timeout.min = 5s (custom)
2019-09-27 21:15:44,901 [pool-149-thread-1] INFO  server.RaftServerConfigKeys (ConfUtils.java:logGet(43)) - raft.server.rpc.timeout.max = 5200ms (custom)
2019-09-27 21:15:44,901 [pool-149-thread-1] INFO  server.RaftServerConfigKeys (ConfUtils.java:logGet(43)) - raft.server.rpcslowness.timeout = 120s (custom)
2019-09-27 21:15:44,901 [pool-149-thread-1] INFO  server.RaftServerConfigKeys (ConfUtils.java:logGet(43)) - raft.server.sleep.deviation.threshold = 300 (default)
2019-09-27 21:15:44,901 [pool-149-thread-1] INFO  server.RaftServerConfigKeys (ConfUtils.java:logGet(43)) - raft.server.log.appender.install.snapshot.enabled = false (custom)
2019-09-27 21:15:44,901 [pool-149-thread-1] INFO  impl.RaftServerImpl (ServerState.java:<init>(103)) - 4a7e1e0c-b6e1-46e5-81b2-864fedc4e2e1@group-F7F2BE9F438D: ConfigurationManager, init=-1: [4a7e1e0c-b6e1-46e5-81b2-864fedc4e2e1:192.168.30.11:32883], old=null, confs=<EMPTY_MAP>
2019-09-27 21:15:44,901 [pool-149-thread-1] INFO  server.RaftServerConfigKeys (ConfUtils.java:logGet(43)) - raft.server.storage.dir = [/workdir/hadoop-ozone/integration-test/target/test-dir/MiniOzoneClusterImpl-f8201cb5-856e-406f-97aa-d4fb03259294/datanode-3/data/ratis] (custom)
2019-09-27 21:15:44,902 [pool-149-thread-1] INFO  storage.RaftStorageDirectory (RaftStorageDirectory.java:analyzeStorage(246)) - The storage directory /workdir/hadoop-ozone/integration-test/target/test-dir/MiniOzoneClusterImpl-f8201cb5-856e-406f-97aa-d4fb03259294/datanode-3/data/ratis/db921d55-2ea8-4481-bdd8-f7f2be9f438d does not exist. Creating ...
2019-09-27 21:15:44,906 [IPC Server handler 5 on 41436] INFO  net.NetworkTopology (NetworkTopologyImpl.java:add(111)) - Added a new node: /default-rack/6d421437-77fe-44b0-af48-91fab7d4abad
2019-09-27 21:15:44,906 [IPC Server handler 5 on 41436] INFO  node.SCMNodeManager (SCMNodeManager.java:register(266)) - Registered Data node : 6d421437-77fe-44b0-af48-91fab7d4abad{ip: 192.168.30.11, host: pr-hdds-1146-sq6w4-1294053398, networkLocation: /default-rack, certSerialId: null}
2019-09-27 21:15:44,926 [pool-149-thread-1] INFO  storage.RaftStorageDirectory (RaftStorageDirectory.java:tryLock(328)) - Lock on /workdir/hadoop-ozone/integration-test/target/test-dir/MiniOzoneClusterImpl-f8201cb5-856e-406f-97aa-d4fb03259294/datanode-3/data/ratis/db921d55-2ea8-4481-bdd8-f7f2be9f438d/in_use.lock acquired by nodename 8340@pr-hdds-1146-sq6w4-1294053398
2019-09-27 21:15:44,968 [pool-149-thread-1] INFO  storage.RaftStorage (RaftStorage.java:format(72)) - Storage directory /workdir/hadoop-ozone/integration-test/target/test-dir/MiniOzoneClusterImpl-f8201cb5-856e-406f-97aa-d4fb03259294/datanode-3/data/ratis/db921d55-2ea8-4481-bdd8-f7f2be9f438d has been successfully formatted.
2019-09-27 21:15:44,968 [pool-149-thread-1] INFO  ratis.ContainerStateMachine (ContainerStateMachine.java:loadSnapshot(230)) - group-F7F2BE9F438D: The snapshot info is null. Setting the last applied indexto:(t:0, i:~)
2019-09-27 21:15:44,968 [pool-149-thread-1] INFO  server.RaftServerConfigKeys (ConfUtils.java:logGet(43)) - raft.server.notification.no-leader.timeout = 120s (custom)
2019-09-27 21:15:44,968 [pool-149-thread-1] INFO  server.RaftServerConfigKeys (ConfUtils.java:logGet(43)) - raft.server.log.use.memory = false (default)
2019-09-27 21:15:44,969 [pool-149-thread-1] INFO  server.RaftServerConfigKeys (ConfUtils.java:logGet(43)) - raft.server.log.purge.gap = 1000000 (custom)
2019-09-27 21:15:44,969 [pool-149-thread-1] INFO  server.RaftServerConfigKeys (ConfUtils.java:logGet(43)) - raft.server.log.appender.buffer.byte-limit = 33554432 (custom)
2019-09-27 21:15:44,969 [pool-149-thread-1] INFO  server.RaftServerConfigKeys (ConfUtils.java:logGet(43)) - raft.server.log.segment.size.max = 1048576 (custom)
2019-09-27 21:15:44,969 [pool-149-thread-1] INFO  server.RaftServerConfigKeys (ConfUtils.java:logGet(43)) - raft.server.log.segment.cache.num.max = 2 (custom)
2019-09-27 21:15:44,969 [pool-149-thread-1] INFO  segmented.SegmentedRaftLogWorker (SegmentedRaftLogWorker.java:<init>(172)) - new 4a7e1e0c-b6e1-46e5-81b2-864fedc4e2e1@group-F7F2BE9F438D-SegmentedRaftLogWorker for RaftStorage:Storage Directory /workdir/hadoop-ozone/integration-test/target/test-dir/MiniOzoneClusterImpl-f8201cb5-856e-406f-97aa-d4fb03259294/datanode-3/data/ratis/db921d55-2ea8-4481-bdd8-f7f2be9f438d
2019-09-27 21:15:44,973 [pool-149-thread-1] INFO  server.RaftServerConfigKeys (ConfUtils.java:logGet(43)) - raft.server.log.queue.byte-limit = 2147483647 (custom)
2019-09-27 21:15:44,973 [pool-149-thread-1] INFO  server.RaftServerConfigKeys (ConfUtils.java:logGet(43)) - raft.server.log.queue.element-limit = 1024 (custom)
2019-09-27 21:15:44,973 [pool-149-thread-1] INFO  server.RaftServerConfigKeys (ConfUtils.java:logGet(43)) - raft.server.log.segment.size.max = 1048576 (custom)
2019-09-27 21:15:44,973 [pool-149-thread-1] INFO  server.RaftServerConfigKeys (ConfUtils.java:logGet(43)) - raft.server.log.preallocated.size = 16384 (custom)
2019-09-27 21:15:44,974 [pool-149-thread-1] INFO  server.RaftServerConfigKeys (ConfUtils.java:logGet(43)) - raft.server.log.write.buffer.size = 33554432 (custom)
2019-09-27 21:15:44,974 [pool-149-thread-1] INFO  server.RaftServerConfigKeys (ConfUtils.java:logGet(43)) - raft.server.log.force.sync.num = 128 (default)
2019-09-27 21:15:44,974 [pool-149-thread-1] INFO  server.RaftServerConfigKeys (ConfUtils.java:logGet(43)) - raft.server.log.statemachine.data.sync = true (default)
2019-09-27 21:15:44,974 [pool-149-thread-1] INFO  server.RaftServerConfigKeys (ConfUtils.java:logGet(43)) - raft.server.log.statemachine.data.sync.timeout = 10s (default)
2019-09-27 21:15:44,974 [pool-149-thread-1] INFO  server.RaftServerConfigKeys (ConfUtils.java:logGet(43)) - raft.server.log.statemachine.data.sync.timeout.retry = -1 (default)
2019-09-27 21:15:44,975 [pool-149-thread-1] INFO  server.RaftServerConfigKeys (ConfUtils.java:logGet(43)) - raft.server.log.statemachine.data.caching.enabled = true (custom)
2019-09-27 21:15:44,975 [pool-149-thread-1] INFO  segmented.SegmentedRaftLogWorker (SegmentedRaftLogWorker.java:lambda$new$0(132)) - 4a7e1e0c-b6e1-46e5-81b2-864fedc4e2e1@group-F7F2BE9F438D-SegmentedRaftLogWorker: flushIndex: setUnconditionally 0 -> -1
2019-09-27 21:15:44,975 [pool-149-thread-1] INFO  server.RaftServerConfigKeys (ConfUtils.java:logGet(43)) - raft.server.snapshot.auto.trigger.enabled = true (custom)
2019-09-27 21:15:44,976 [pool-149-thread-1] INFO  server.RaftServerConfigKeys (ConfUtils.java:logGet(43)) - raft.server.snapshot.auto.trigger.threshold = 10000 (custom)
2019-09-27 21:15:44,976 [pool-149-thread-1] INFO  server.RaftServerConfigKeys (ConfUtils.java:logGet(43)) - raft.server.snapshot.retention.num.files = 5 (custom)
2019-09-27 21:15:44,976 [pool-149-thread-1] INFO  server.RaftServerConfigKeys (ConfUtils.java:logGet(43)) - raft.server.retrycache.expirytime = 600000ms (custom)
2019-09-27 21:15:44,979 [pool-149-thread-1] INFO  impl.RaftServerImpl (RaftServerImpl.java:start(185)) - 4a7e1e0c-b6e1-46e5-81b2-864fedc4e2e1@group-F7F2BE9F438D: start as a follower, conf=-1: [4a7e1e0c-b6e1-46e5-81b2-864fedc4e2e1:192.168.30.11:32883], old=null
2019-09-27 21:15:44,979 [pool-149-thread-1] INFO  impl.RaftServerImpl (RaftServerImpl.java:setRole(174)) - 4a7e1e0c-b6e1-46e5-81b2-864fedc4e2e1@group-F7F2BE9F438D: changes role from      null to FOLLOWER at term 0 for startAsFollower
2019-09-27 21:15:44,980 [pool-149-thread-1] INFO  impl.RoleInfo (RoleInfo.java:updateAndGet(143)) - 4a7e1e0c-b6e1-46e5-81b2-864fedc4e2e1: start FollowerState
2019-09-27 21:15:44,980 [pool-149-thread-1] INFO  util.JmxRegister (JmxRegister.java:tryRegister(44)) - Successfully registered JMX Bean with object name Ratis:service=RaftServer,group=group-F7F2BE9F438D,id=4a7e1e0c-b6e1-46e5-81b2-864fedc4e2e1
2019-09-27 21:15:44,986 [RatisPipelineUtilsThread] INFO  pipeline.PipelineStateManager (PipelineStateManager.java:addPipeline(56)) - Created pipeline Pipeline[ Id: db921d55-2ea8-4481-bdd8-f7f2be9f438d, Nodes: 4a7e1e0c-b6e1-46e5-81b2-864fedc4e2e1{ip: 192.168.30.11, host: pr-hdds-1146-sq6w4-1294053398, networkLocation: /default-rack, certSerialId: null}, Type:RATIS, Factor:ONE, State:OPEN]
2019-09-27 21:15:44,996 [grpc-default-executor-1] INFO  impl.RaftServerProxy (RaftServerProxy.java:addNew(89)) - 6d421437-77fe-44b0-af48-91fab7d4abad: addNew group-14BBE9E01496:[6d421437-77fe-44b0-af48-91fab7d4abad:192.168.30.11:35766] returns group-14BBE9E01496:java.util.concurrent.CompletableFuture@71f43ce0[Not completed]
2019-09-27 21:15:45,001 [pool-159-thread-1] INFO  impl.RaftServerImpl (RaftServerImpl.java:<init>(95)) - 6d421437-77fe-44b0-af48-91fab7d4abad: new RaftServerImpl for group-14BBE9E01496:[6d421437-77fe-44b0-af48-91fab7d4abad:192.168.30.11:35766] with ContainerStateMachine:uninitialized
2019-09-27 21:15:45,001 [pool-159-thread-1] INFO  server.RaftServerConfigKeys (ConfUtils.java:logGet(43)) - raft.server.rpc.timeout.min = 5s (custom)
2019-09-27 21:15:45,001 [pool-159-thread-1] INFO  server.RaftServerConfigKeys (ConfUtils.java:logGet(43)) - raft.server.rpc.timeout.max = 5200ms (custom)
2019-09-27 21:15:45,002 [pool-159-thread-1] INFO  server.RaftServerConfigKeys (ConfUtils.java:logGet(43)) - raft.server.rpcslowness.timeout = 120s (custom)
2019-09-27 21:15:45,002 [pool-159-thread-1] INFO  server.RaftServerConfigKeys (ConfUtils.java:logGet(43)) - raft.server.sleep.deviation.threshold = 300 (default)
2019-09-27 21:15:45,002 [pool-159-thread-1] INFO  server.RaftServerConfigKeys (ConfUtils.java:logGet(43)) - raft.server.log.appender.install.snapshot.enabled = false (custom)
2019-09-27 21:15:45,002 [pool-159-thread-1] INFO  impl.RaftServerImpl (ServerState.java:<init>(103)) - 6d421437-77fe-44b0-af48-91fab7d4abad@group-14BBE9E01496: ConfigurationManager, init=-1: [6d421437-77fe-44b0-af48-91fab7d4abad:192.168.30.11:35766], old=null, confs=<EMPTY_MAP>
2019-09-27 21:15:45,002 [pool-159-thread-1] INFO  server.RaftServerConfigKeys (ConfUtils.java:logGet(43)) - raft.server.storage.dir = [/workdir/hadoop-ozone/integration-test/target/test-dir/MiniOzoneClusterImpl-f8201cb5-856e-406f-97aa-d4fb03259294/datanode-4/data/ratis] (custom)
2019-09-27 21:15:45,002 [IPC Server handler 6 on 41436] INFO  net.NetworkTopology (NetworkTopologyImpl.java:add(111)) - Added a new node: /default-rack/f99ed73b-523e-4dbb-b36d-9060b33c1e68
2019-09-27 21:15:45,003 [pool-159-thread-1] INFO  storage.RaftStorageDirectory (RaftStorageDirectory.java:analyzeStorage(246)) - The storage directory /workdir/hadoop-ozone/integration-test/target/test-dir/MiniOzoneClusterImpl-f8201cb5-856e-406f-97aa-d4fb03259294/datanode-4/data/ratis/3b8718d7-8913-4a47-ab4f-14bbe9e01496 does not exist. Creating ...
2019-09-27 21:15:45,003 [IPC Server handler 6 on 41436] INFO  node.SCMNodeManager (SCMNodeManager.java:register(266)) - Registered Data node : f99ed73b-523e-4dbb-b36d-9060b33c1e68{ip: 192.168.30.11, host: pr-hdds-1146-sq6w4-1294053398, networkLocation: /default-rack, certSerialId: null}
2019-09-27 21:15:45,026 [pool-159-thread-1] INFO  storage.RaftStorageDirectory (RaftStorageDirectory.java:tryLock(328)) - Lock on /workdir/hadoop-ozone/integration-test/target/test-dir/MiniOzoneClusterImpl-f8201cb5-856e-406f-97aa-d4fb03259294/datanode-4/data/ratis/3b8718d7-8913-4a47-ab4f-14bbe9e01496/in_use.lock acquired by nodename 8340@pr-hdds-1146-sq6w4-1294053398
2019-09-27 21:15:45,052 [pool-159-thread-1] INFO  storage.RaftStorage (RaftStorage.java:format(72)) - Storage directory /workdir/hadoop-ozone/integration-test/target/test-dir/MiniOzoneClusterImpl-f8201cb5-856e-406f-97aa-d4fb03259294/datanode-4/data/ratis/3b8718d7-8913-4a47-ab4f-14bbe9e01496 has been successfully formatted.
2019-09-27 21:15:45,052 [pool-159-thread-1] INFO  ratis.ContainerStateMachine (ContainerStateMachine.java:loadSnapshot(230)) - group-14BBE9E01496: The snapshot info is null. Setting the last applied indexto:(t:0, i:~)
2019-09-27 21:15:45,052 [pool-159-thread-1] INFO  server.RaftServerConfigKeys (ConfUtils.java:logGet(43)) - raft.server.notification.no-leader.timeout = 120s (custom)
2019-09-27 21:15:45,052 [pool-159-thread-1] INFO  server.RaftServerConfigKeys (ConfUtils.java:logGet(43)) - raft.server.log.use.memory = false (default)
2019-09-27 21:15:45,052 [pool-159-thread-1] INFO  server.RaftServerConfigKeys (ConfUtils.java:logGet(43)) - raft.server.log.purge.gap = 1000000 (custom)
2019-09-27 21:15:45,053 [pool-159-thread-1] INFO  server.RaftServerConfigKeys (ConfUtils.java:logGet(43)) - raft.server.log.appender.buffer.byte-limit = 33554432 (custom)
2019-09-27 21:15:45,053 [pool-159-thread-1] INFO  server.RaftServerConfigKeys (ConfUtils.java:logGet(43)) - raft.server.log.segment.size.max = 1048576 (custom)
2019-09-27 21:15:45,053 [pool-159-thread-1] INFO  server.RaftServerConfigKeys (ConfUtils.java:logGet(43)) - raft.server.log.segment.cache.num.max = 2 (custom)
2019-09-27 21:15:45,053 [pool-159-thread-1] INFO  segmented.SegmentedRaftLogWorker (SegmentedRaftLogWorker.java:<init>(172)) - new 6d421437-77fe-44b0-af48-91fab7d4abad@group-14BBE9E01496-SegmentedRaftLogWorker for RaftStorage:Storage Directory /workdir/hadoop-ozone/integration-test/target/test-dir/MiniOzoneClusterImpl-f8201cb5-856e-406f-97aa-d4fb03259294/datanode-4/data/ratis/3b8718d7-8913-4a47-ab4f-14bbe9e01496
2019-09-27 21:15:45,055 [pool-159-thread-1] INFO  server.RaftServerConfigKeys (ConfUtils.java:logGet(43)) - raft.server.log.queue.byte-limit = 2147483647 (custom)
2019-09-27 21:15:45,055 [pool-159-thread-1] INFO  server.RaftServerConfigKeys (ConfUtils.java:logGet(43)) - raft.server.log.queue.element-limit = 1024 (custom)
2019-09-27 21:15:45,055 [pool-159-thread-1] INFO  server.RaftServerConfigKeys (ConfUtils.java:logGet(43)) - raft.server.log.segment.size.max = 1048576 (custom)
2019-09-27 21:15:45,055 [pool-159-thread-1] INFO  server.RaftServerConfigKeys (ConfUtils.java:logGet(43)) - raft.server.log.preallocated.size = 16384 (custom)
2019-09-27 21:15:45,055 [pool-159-thread-1] INFO  server.RaftServerConfigKeys (ConfUtils.java:logGet(43)) - raft.server.log.write.buffer.size = 33554432 (custom)
2019-09-27 21:15:45,056 [pool-159-thread-1] INFO  server.RaftServerConfigKeys (ConfUtils.java:logGet(43)) - raft.server.log.force.sync.num = 128 (default)
2019-09-27 21:15:45,056 [pool-159-thread-1] INFO  server.RaftServerConfigKeys (ConfUtils.java:logGet(43)) - raft.server.log.statemachine.data.sync = true (default)
2019-09-27 21:15:45,056 [pool-159-thread-1] INFO  server.RaftServerConfigKeys (ConfUtils.java:logGet(43)) - raft.server.log.statemachine.data.sync.timeout = 10s (default)
2019-09-27 21:15:45,056 [pool-159-thread-1] INFO  server.RaftServerConfigKeys (ConfUtils.java:logGet(43)) - raft.server.log.statemachine.data.sync.timeout.retry = -1 (default)
2019-09-27 21:15:45,056 [pool-159-thread-1] INFO  server.RaftServerConfigKeys (ConfUtils.java:logGet(43)) - raft.server.log.statemachine.data.caching.enabled = true (custom)
2019-09-27 21:15:45,056 [pool-159-thread-1] INFO  segmented.SegmentedRaftLogWorker (SegmentedRaftLogWorker.java:lambda$new$0(132)) - 6d421437-77fe-44b0-af48-91fab7d4abad@group-14BBE9E01496-SegmentedRaftLogWorker: flushIndex: setUnconditionally 0 -> -1
2019-09-27 21:15:45,057 [pool-159-thread-1] INFO  server.RaftServerConfigKeys (ConfUtils.java:logGet(43)) - raft.server.snapshot.auto.trigger.enabled = true (custom)
2019-09-27 21:15:45,057 [pool-159-thread-1] INFO  server.RaftServerConfigKeys (ConfUtils.java:logGet(43)) - raft.server.snapshot.auto.trigger.threshold = 10000 (custom)
2019-09-27 21:15:45,057 [pool-159-thread-1] INFO  server.RaftServerConfigKeys (ConfUtils.java:logGet(43)) - raft.server.snapshot.retention.num.files = 5 (custom)
2019-09-27 21:15:45,057 [pool-159-thread-1] INFO  server.RaftServerConfigKeys (ConfUtils.java:logGet(43)) - raft.server.retrycache.expirytime = 600000ms (custom)
2019-09-27 21:15:45,059 [pool-159-thread-1] INFO  impl.RaftServerImpl (RaftServerImpl.java:start(185)) - 6d421437-77fe-44b0-af48-91fab7d4abad@group-14BBE9E01496: start as a follower, conf=-1: [6d421437-77fe-44b0-af48-91fab7d4abad:192.168.30.11:35766], old=null
2019-09-27 21:15:45,059 [pool-159-thread-1] INFO  impl.RaftServerImpl (RaftServerImpl.java:setRole(174)) - 6d421437-77fe-44b0-af48-91fab7d4abad@group-14BBE9E01496: changes role from      null to FOLLOWER at term 0 for startAsFollower
2019-09-27 21:15:45,059 [pool-159-thread-1] INFO  impl.RoleInfo (RoleInfo.java:updateAndGet(143)) - 6d421437-77fe-44b0-af48-91fab7d4abad: start FollowerState
2019-09-27 21:15:45,060 [pool-159-thread-1] INFO  util.JmxRegister (JmxRegister.java:tryRegister(44)) - Successfully registered JMX Bean with object name Ratis:service=RaftServer,group=group-14BBE9E01496,id=6d421437-77fe-44b0-af48-91fab7d4abad
2019-09-27 21:15:45,061 [IPC Server handler 7 on 41436] INFO  net.NetworkTopology (NetworkTopologyImpl.java:add(111)) - Added a new node: /default-rack/0788b08f-dd6c-4547-a8ef-23c2d2da422a
2019-09-27 21:15:45,061 [IPC Server handler 7 on 41436] INFO  node.SCMNodeManager (SCMNodeManager.java:register(266)) - Registered Data node : 0788b08f-dd6c-4547-a8ef-23c2d2da422a{ip: 192.168.30.11, host: pr-hdds-1146-sq6w4-1294053398, networkLocation: /default-rack, certSerialId: null}
2019-09-27 21:15:45,066 [main] INFO  ozone.MiniOzoneClusterImpl (MiniOzoneClusterImpl.java:lambda$waitForClusterToBeReady$0(147)) - Cluster is ready. Got 7 of 7 DN Heartbeats.
2019-09-27 21:15:45,066 [RatisPipelineUtilsThread] INFO  pipeline.PipelineStateManager (PipelineStateManager.java:addPipeline(56)) - Created pipeline Pipeline[ Id: 3b8718d7-8913-4a47-ab4f-14bbe9e01496, Nodes: 6d421437-77fe-44b0-af48-91fab7d4abad{ip: 192.168.30.11, host: pr-hdds-1146-sq6w4-1294053398, networkLocation: /default-rack, certSerialId: null}, Type:RATIS, Factor:ONE, State:OPEN]
2019-09-27 21:15:45,082 [grpc-default-executor-1] INFO  impl.RaftServerProxy (RaftServerProxy.java:addNew(89)) - 0788b08f-dd6c-4547-a8ef-23c2d2da422a: addNew group-DC5253BD4E49:[0788b08f-dd6c-4547-a8ef-23c2d2da422a:192.168.30.11:36304] returns group-DC5253BD4E49:java.util.concurrent.CompletableFuture@759e5582[Not completed]
2019-09-27 21:15:45,091 [pool-179-thread-1] INFO  impl.RaftServerImpl (RaftServerImpl.java:<init>(95)) - 0788b08f-dd6c-4547-a8ef-23c2d2da422a: new RaftServerImpl for group-DC5253BD4E49:[0788b08f-dd6c-4547-a8ef-23c2d2da422a:192.168.30.11:36304] with ContainerStateMachine:uninitialized
2019-09-27 21:15:45,091 [pool-179-thread-1] INFO  server.RaftServerConfigKeys (ConfUtils.java:logGet(43)) - raft.server.rpc.timeout.min = 5s (custom)
2019-09-27 21:15:45,091 [pool-179-thread-1] INFO  server.RaftServerConfigKeys (ConfUtils.java:logGet(43)) - raft.server.rpc.timeout.max = 5200ms (custom)
2019-09-27 21:15:45,091 [pool-179-thread-1] INFO  server.RaftServerConfigKeys (ConfUtils.java:logGet(43)) - raft.server.rpcslowness.timeout = 120s (custom)
2019-09-27 21:15:45,092 [pool-179-thread-1] INFO  server.RaftServerConfigKeys (ConfUtils.java:logGet(43)) - raft.server.sleep.deviation.threshold = 300 (default)
2019-09-27 21:15:45,092 [pool-179-thread-1] INFO  server.RaftServerConfigKeys (ConfUtils.java:logGet(43)) - raft.server.log.appender.install.snapshot.enabled = false (custom)
2019-09-27 21:15:45,092 [pool-179-thread-1] INFO  impl.RaftServerImpl (ServerState.java:<init>(103)) - 0788b08f-dd6c-4547-a8ef-23c2d2da422a@group-DC5253BD4E49: ConfigurationManager, init=-1: [0788b08f-dd6c-4547-a8ef-23c2d2da422a:192.168.30.11:36304], old=null, confs=<EMPTY_MAP>
2019-09-27 21:15:45,092 [pool-179-thread-1] INFO  server.RaftServerConfigKeys (ConfUtils.java:logGet(43)) - raft.server.storage.dir = [/workdir/hadoop-ozone/integration-test/target/test-dir/MiniOzoneClusterImpl-f8201cb5-856e-406f-97aa-d4fb03259294/datanode-6/data/ratis] (custom)
2019-09-27 21:15:45,094 [pool-179-thread-1] INFO  storage.RaftStorageDirectory (RaftStorageDirectory.java:analyzeStorage(246)) - The storage directory /workdir/hadoop-ozone/integration-test/target/test-dir/MiniOzoneClusterImpl-f8201cb5-856e-406f-97aa-d4fb03259294/datanode-6/data/ratis/20901b46-d136-4262-9115-dc5253bd4e49 does not exist. Creating ...
2019-09-27 21:15:45,113 [main] INFO  rpc.RpcClient (RpcClient.java:createVolume(276)) - Creating Volume: watchforcommithandlingtest, with jenkins1000 as owner.
2019-09-27 21:15:45,116 [IPC Server handler 2 on 34965] INFO  volume.OMVolumeCreateRequest (OMVolumeCreateRequest.java:validateAndUpdateCache(194)) - created volume:watchforcommithandlingtest for user:jenkins1000
2019-09-27 21:15:45,128 [pool-179-thread-1] INFO  storage.RaftStorageDirectory (RaftStorageDirectory.java:tryLock(328)) - Lock on /workdir/hadoop-ozone/integration-test/target/test-dir/MiniOzoneClusterImpl-f8201cb5-856e-406f-97aa-d4fb03259294/datanode-6/data/ratis/20901b46-d136-4262-9115-dc5253bd4e49/in_use.lock acquired by nodename 8340@pr-hdds-1146-sq6w4-1294053398
2019-09-27 21:15:45,129 [main] INFO  rpc.RpcClient (RpcClient.java:createBucket(415)) - Creating Bucket: watchforcommithandlingtest/watchforcommithandlingtest, with Versioning false and Storage Type set to DISK and Encryption set to false 
2019-09-27 21:15:45,134 [main] INFO  ozone.MiniOzoneClusterImpl (MiniOzoneClusterImpl.java:getStorageContainerLocationClient(234)) - Creating StorageContainerLocationProtocol RPC client with address /0.0.0.0:40629
2019-09-27 21:15:45,153 [pool-179-thread-1] INFO  storage.RaftStorage (RaftStorage.java:format(72)) - Storage directory /workdir/hadoop-ozone/integration-test/target/test-dir/MiniOzoneClusterImpl-f8201cb5-856e-406f-97aa-d4fb03259294/datanode-6/data/ratis/20901b46-d136-4262-9115-dc5253bd4e49 has been successfully formatted.
2019-09-27 21:15:45,153 [pool-179-thread-1] INFO  ratis.ContainerStateMachine (ContainerStateMachine.java:loadSnapshot(230)) - group-DC5253BD4E49: The snapshot info is null. Setting the last applied indexto:(t:0, i:~)
2019-09-27 21:15:45,153 [pool-179-thread-1] INFO  server.RaftServerConfigKeys (ConfUtils.java:logGet(43)) - raft.server.notification.no-leader.timeout = 120s (custom)
2019-09-27 21:15:45,153 [pool-179-thread-1] INFO  server.RaftServerConfigKeys (ConfUtils.java:logGet(43)) - raft.server.log.use.memory = false (default)
2019-09-27 21:15:45,153 [pool-179-thread-1] INFO  server.RaftServerConfigKeys (ConfUtils.java:logGet(43)) - raft.server.log.purge.gap = 1000000 (custom)
2019-09-27 21:15:45,154 [pool-179-thread-1] INFO  server.RaftServerConfigKeys (ConfUtils.java:logGet(43)) - raft.server.log.appender.buffer.byte-limit = 33554432 (custom)
2019-09-27 21:15:45,154 [pool-179-thread-1] INFO  server.RaftServerConfigKeys (ConfUtils.java:logGet(43)) - raft.server.log.segment.size.max = 1048576 (custom)
2019-09-27 21:15:45,154 [pool-179-thread-1] INFO  server.RaftServerConfigKeys (ConfUtils.java:logGet(43)) - raft.server.log.segment.cache.num.max = 2 (custom)
2019-09-27 21:15:45,154 [pool-179-thread-1] INFO  segmented.SegmentedRaftLogWorker (SegmentedRaftLogWorker.java:<init>(172)) - new 0788b08f-dd6c-4547-a8ef-23c2d2da422a@group-DC5253BD4E49-SegmentedRaftLogWorker for RaftStorage:Storage Directory /workdir/hadoop-ozone/integration-test/target/test-dir/MiniOzoneClusterImpl-f8201cb5-856e-406f-97aa-d4fb03259294/datanode-6/data/ratis/20901b46-d136-4262-9115-dc5253bd4e49
2019-09-27 21:15:45,156 [pool-179-thread-1] INFO  server.RaftServerConfigKeys (ConfUtils.java:logGet(43)) - raft.server.log.queue.byte-limit = 2147483647 (custom)
2019-09-27 21:15:45,156 [pool-179-thread-1] INFO  server.RaftServerConfigKeys (ConfUtils.java:logGet(43)) - raft.server.log.queue.element-limit = 1024 (custom)
2019-09-27 21:15:45,156 [pool-179-thread-1] INFO  server.RaftServerConfigKeys (ConfUtils.java:logGet(43)) - raft.server.log.segment.size.max = 1048576 (custom)
2019-09-27 21:15:45,156 [pool-179-thread-1] INFO  server.RaftServerConfigKeys (ConfUtils.java:logGet(43)) - raft.server.log.preallocated.size = 16384 (custom)
2019-09-27 21:15:45,156 [pool-179-thread-1] INFO  server.RaftServerConfigKeys (ConfUtils.java:logGet(43)) - raft.server.log.write.buffer.size = 33554432 (custom)
2019-09-27 21:15:45,156 [pool-179-thread-1] INFO  server.RaftServerConfigKeys (ConfUtils.java:logGet(43)) - raft.server.log.force.sync.num = 128 (default)
2019-09-27 21:15:45,157 [pool-179-thread-1] INFO  server.RaftServerConfigKeys (ConfUtils.java:logGet(43)) - raft.server.log.statemachine.data.sync = true (default)
2019-09-27 21:15:45,157 [pool-179-thread-1] INFO  server.RaftServerConfigKeys (ConfUtils.java:logGet(43)) - raft.server.log.statemachine.data.sync.timeout = 10s (default)
2019-09-27 21:15:45,157 [pool-179-thread-1] INFO  server.RaftServerConfigKeys (ConfUtils.java:logGet(43)) - raft.server.log.statemachine.data.sync.timeout.retry = -1 (default)
2019-09-27 21:15:45,157 [pool-179-thread-1] INFO  server.RaftServerConfigKeys (ConfUtils.java:logGet(43)) - raft.server.log.statemachine.data.caching.enabled = true (custom)
2019-09-27 21:15:45,157 [pool-179-thread-1] INFO  segmented.SegmentedRaftLogWorker (SegmentedRaftLogWorker.java:lambda$new$0(132)) - 0788b08f-dd6c-4547-a8ef-23c2d2da422a@group-DC5253BD4E49-SegmentedRaftLogWorker: flushIndex: setUnconditionally 0 -> -1
2019-09-27 21:15:45,157 [pool-179-thread-1] INFO  server.RaftServerConfigKeys (ConfUtils.java:logGet(43)) - raft.server.snapshot.auto.trigger.enabled = true (custom)
2019-09-27 21:15:45,158 [pool-179-thread-1] INFO  server.RaftServerConfigKeys (ConfUtils.java:logGet(43)) - raft.server.snapshot.auto.trigger.threshold = 10000 (custom)
2019-09-27 21:15:45,158 [pool-179-thread-1] INFO  server.RaftServerConfigKeys (ConfUtils.java:logGet(43)) - raft.server.snapshot.retention.num.files = 5 (custom)
2019-09-27 21:15:45,158 [pool-179-thread-1] INFO  server.RaftServerConfigKeys (ConfUtils.java:logGet(43)) - raft.server.retrycache.expirytime = 600000ms (custom)
2019-09-27 21:15:45,160 [pool-179-thread-1] INFO  impl.RaftServerImpl (RaftServerImpl.java:start(185)) - 0788b08f-dd6c-4547-a8ef-23c2d2da422a@group-DC5253BD4E49: start as a follower, conf=-1: [0788b08f-dd6c-4547-a8ef-23c2d2da422a:192.168.30.11:36304], old=null
2019-09-27 21:15:45,160 [pool-179-thread-1] INFO  impl.RaftServerImpl (RaftServerImpl.java:setRole(174)) - 0788b08f-dd6c-4547-a8ef-23c2d2da422a@group-DC5253BD4E49: changes role from      null to FOLLOWER at term 0 for startAsFollower
2019-09-27 21:15:45,160 [pool-179-thread-1] INFO  impl.RoleInfo (RoleInfo.java:updateAndGet(143)) - 0788b08f-dd6c-4547-a8ef-23c2d2da422a: start FollowerState
2019-09-27 21:15:45,160 [pool-179-thread-1] INFO  util.JmxRegister (JmxRegister.java:tryRegister(44)) - Successfully registered JMX Bean with object name Ratis:service=RaftServer,group=group-DC5253BD4E49,id=0788b08f-dd6c-4547-a8ef-23c2d2da422a
2019-09-27 21:15:45,164 [RatisPipelineUtilsThread] INFO  pipeline.PipelineStateManager (PipelineStateManager.java:addPipeline(56)) - Created pipeline Pipeline[ Id: 20901b46-d136-4262-9115-dc5253bd4e49, Nodes: 0788b08f-dd6c-4547-a8ef-23c2d2da422a{ip: 192.168.30.11, host: pr-hdds-1146-sq6w4-1294053398, networkLocation: /default-rack, certSerialId: null}, Type:RATIS, Factor:ONE, State:OPEN]
2019-09-27 21:15:45,173 [grpc-default-executor-1] INFO  impl.RaftServerProxy (RaftServerProxy.java:addNew(89)) - f99ed73b-523e-4dbb-b36d-9060b33c1e68: addNew group-10739F5C7992:[f99ed73b-523e-4dbb-b36d-9060b33c1e68:192.168.30.11:36400] returns group-10739F5C7992:java.util.concurrent.CompletableFuture@1229dac8[Not completed]
2019-09-27 21:15:45,177 [pool-169-thread-1] INFO  impl.RaftServerImpl (RaftServerImpl.java:<init>(95)) - f99ed73b-523e-4dbb-b36d-9060b33c1e68: new RaftServerImpl for group-10739F5C7992:[f99ed73b-523e-4dbb-b36d-9060b33c1e68:192.168.30.11:36400] with ContainerStateMachine:uninitialized
2019-09-27 21:15:45,178 [pool-169-thread-1] INFO  server.RaftServerConfigKeys (ConfUtils.java:logGet(43)) - raft.server.rpc.timeout.min = 5s (custom)
2019-09-27 21:15:45,178 [pool-169-thread-1] INFO  server.RaftServerConfigKeys (ConfUtils.java:logGet(43)) - raft.server.rpc.timeout.max = 5200ms (custom)
2019-09-27 21:15:45,178 [pool-169-thread-1] INFO  server.RaftServerConfigKeys (ConfUtils.java:logGet(43)) - raft.server.rpcslowness.timeout = 120s (custom)
2019-09-27 21:15:45,178 [pool-169-thread-1] INFO  server.RaftServerConfigKeys (ConfUtils.java:logGet(43)) - raft.server.sleep.deviation.threshold = 300 (default)
2019-09-27 21:15:45,178 [pool-169-thread-1] INFO  server.RaftServerConfigKeys (ConfUtils.java:logGet(43)) - raft.server.log.appender.install.snapshot.enabled = false (custom)
2019-09-27 21:15:45,178 [pool-169-thread-1] INFO  impl.RaftServerImpl (ServerState.java:<init>(103)) - f99ed73b-523e-4dbb-b36d-9060b33c1e68@group-10739F5C7992: ConfigurationManager, init=-1: [f99ed73b-523e-4dbb-b36d-9060b33c1e68:192.168.30.11:36400], old=null, confs=<EMPTY_MAP>
2019-09-27 21:15:45,179 [pool-169-thread-1] INFO  server.RaftServerConfigKeys (ConfUtils.java:logGet(43)) - raft.server.storage.dir = [/workdir/hadoop-ozone/integration-test/target/test-dir/MiniOzoneClusterImpl-f8201cb5-856e-406f-97aa-d4fb03259294/datanode-5/data/ratis] (custom)
2019-09-27 21:15:45,179 [pool-169-thread-1] INFO  storage.RaftStorageDirectory (RaftStorageDirectory.java:analyzeStorage(246)) - The storage directory /workdir/hadoop-ozone/integration-test/target/test-dir/MiniOzoneClusterImpl-f8201cb5-856e-406f-97aa-d4fb03259294/datanode-5/data/ratis/d9f07526-8a06-4c76-8e8d-10739f5c7992 does not exist. Creating ...
2019-09-27 21:15:45,203 [pool-169-thread-1] INFO  storage.RaftStorageDirectory (RaftStorageDirectory.java:tryLock(328)) - Lock on /workdir/hadoop-ozone/integration-test/target/test-dir/MiniOzoneClusterImpl-f8201cb5-856e-406f-97aa-d4fb03259294/datanode-5/data/ratis/d9f07526-8a06-4c76-8e8d-10739f5c7992/in_use.lock acquired by nodename 8340@pr-hdds-1146-sq6w4-1294053398
2019-09-27 21:15:45,232 [pool-169-thread-1] INFO  storage.RaftStorage (RaftStorage.java:format(72)) - Storage directory /workdir/hadoop-ozone/integration-test/target/test-dir/MiniOzoneClusterImpl-f8201cb5-856e-406f-97aa-d4fb03259294/datanode-5/data/ratis/d9f07526-8a06-4c76-8e8d-10739f5c7992 has been successfully formatted.
2019-09-27 21:15:45,232 [pool-169-thread-1] INFO  ratis.ContainerStateMachine (ContainerStateMachine.java:loadSnapshot(230)) - group-10739F5C7992: The snapshot info is null. Setting the last applied indexto:(t:0, i:~)
2019-09-27 21:15:45,232 [pool-169-thread-1] INFO  server.RaftServerConfigKeys (ConfUtils.java:logGet(43)) - raft.server.notification.no-leader.timeout = 120s (custom)
2019-09-27 21:15:45,232 [pool-169-thread-1] INFO  server.RaftServerConfigKeys (ConfUtils.java:logGet(43)) - raft.server.log.use.memory = false (default)
2019-09-27 21:15:45,232 [pool-169-thread-1] INFO  server.RaftServerConfigKeys (ConfUtils.java:logGet(43)) - raft.server.log.purge.gap = 1000000 (custom)
2019-09-27 21:15:45,233 [pool-169-thread-1] INFO  server.RaftServerConfigKeys (ConfUtils.java:logGet(43)) - raft.server.log.appender.buffer.byte-limit = 33554432 (custom)
2019-09-27 21:15:45,233 [pool-169-thread-1] INFO  server.RaftServerConfigKeys (ConfUtils.java:logGet(43)) - raft.server.log.segment.size.max = 1048576 (custom)
2019-09-27 21:15:45,233 [pool-169-thread-1] INFO  server.RaftServerConfigKeys (ConfUtils.java:logGet(43)) - raft.server.log.segment.cache.num.max = 2 (custom)
2019-09-27 21:15:45,233 [pool-169-thread-1] INFO  segmented.SegmentedRaftLogWorker (SegmentedRaftLogWorker.java:<init>(172)) - new f99ed73b-523e-4dbb-b36d-9060b33c1e68@group-10739F5C7992-SegmentedRaftLogWorker for RaftStorage:Storage Directory /workdir/hadoop-ozone/integration-test/target/test-dir/MiniOzoneClusterImpl-f8201cb5-856e-406f-97aa-d4fb03259294/datanode-5/data/ratis/d9f07526-8a06-4c76-8e8d-10739f5c7992
2019-09-27 21:15:45,235 [pool-169-thread-1] INFO  server.RaftServerConfigKeys (ConfUtils.java:logGet(43)) - raft.server.log.queue.byte-limit = 2147483647 (custom)
2019-09-27 21:15:45,236 [pool-169-thread-1] INFO  server.RaftServerConfigKeys (ConfUtils.java:logGet(43)) - raft.server.log.queue.element-limit = 1024 (custom)
2019-09-27 21:15:45,236 [pool-169-thread-1] INFO  server.RaftServerConfigKeys (ConfUtils.java:logGet(43)) - raft.server.log.segment.size.max = 1048576 (custom)
2019-09-27 21:15:45,236 [pool-169-thread-1] INFO  server.RaftServerConfigKeys (ConfUtils.java:logGet(43)) - raft.server.log.preallocated.size = 16384 (custom)
2019-09-27 21:15:45,236 [pool-169-thread-1] INFO  server.RaftServerConfigKeys (ConfUtils.java:logGet(43)) - raft.server.log.write.buffer.size = 33554432 (custom)
2019-09-27 21:15:45,236 [pool-169-thread-1] INFO  server.RaftServerConfigKeys (ConfUtils.java:logGet(43)) - raft.server.log.force.sync.num = 128 (default)
2019-09-27 21:15:45,236 [pool-169-thread-1] INFO  server.RaftServerConfigKeys (ConfUtils.java:logGet(43)) - raft.server.log.statemachine.data.sync = true (default)
2019-09-27 21:15:45,237 [pool-169-thread-1] INFO  server.RaftServerConfigKeys (ConfUtils.java:logGet(43)) - raft.server.log.statemachine.data.sync.timeout = 10s (default)
2019-09-27 21:15:45,237 [pool-169-thread-1] INFO  server.RaftServerConfigKeys (ConfUtils.java:logGet(43)) - raft.server.log.statemachine.data.sync.timeout.retry = -1 (default)
2019-09-27 21:15:45,237 [pool-169-thread-1] INFO  server.RaftServerConfigKeys (ConfUtils.java:logGet(43)) - raft.server.log.statemachine.data.caching.enabled = true (custom)
2019-09-27 21:15:45,237 [pool-169-thread-1] INFO  segmented.SegmentedRaftLogWorker (SegmentedRaftLogWorker.java:lambda$new$0(132)) - f99ed73b-523e-4dbb-b36d-9060b33c1e68@group-10739F5C7992-SegmentedRaftLogWorker: flushIndex: setUnconditionally 0 -> -1
2019-09-27 21:15:45,238 [pool-169-thread-1] INFO  server.RaftServerConfigKeys (ConfUtils.java:logGet(43)) - raft.server.snapshot.auto.trigger.enabled = true (custom)
2019-09-27 21:15:45,238 [pool-169-thread-1] INFO  server.RaftServerConfigKeys (ConfUtils.java:logGet(43)) - raft.server.snapshot.auto.trigger.threshold = 10000 (custom)
2019-09-27 21:15:45,238 [pool-169-thread-1] INFO  server.RaftServerConfigKeys (ConfUtils.java:logGet(43)) - raft.server.snapshot.retention.num.files = 5 (custom)
2019-09-27 21:15:45,238 [pool-169-thread-1] INFO  server.RaftServerConfigKeys (ConfUtils.java:logGet(43)) - raft.server.retrycache.expirytime = 600000ms (custom)
2019-09-27 21:15:45,240 [pool-169-thread-1] INFO  impl.RaftServerImpl (RaftServerImpl.java:start(185)) - f99ed73b-523e-4dbb-b36d-9060b33c1e68@group-10739F5C7992: start as a follower, conf=-1: [f99ed73b-523e-4dbb-b36d-9060b33c1e68:192.168.30.11:36400], old=null
2019-09-27 21:15:45,240 [pool-169-thread-1] INFO  impl.RaftServerImpl (RaftServerImpl.java:setRole(174)) - f99ed73b-523e-4dbb-b36d-9060b33c1e68@group-10739F5C7992: changes role from      null to FOLLOWER at term 0 for startAsFollower
2019-09-27 21:15:45,241 [pool-169-thread-1] INFO  impl.RoleInfo (RoleInfo.java:updateAndGet(143)) - f99ed73b-523e-4dbb-b36d-9060b33c1e68: start FollowerState
2019-09-27 21:15:45,252 [pool-169-thread-1] INFO  util.JmxRegister (JmxRegister.java:tryRegister(44)) - Successfully registered JMX Bean with object name Ratis:service=RaftServer,group=group-10739F5C7992,id=f99ed73b-523e-4dbb-b36d-9060b33c1e68
2019-09-27 21:15:45,262 [RatisPipelineUtilsThread] INFO  pipeline.PipelineStateManager (PipelineStateManager.java:addPipeline(56)) - Created pipeline Pipeline[ Id: d9f07526-8a06-4c76-8e8d-10739f5c7992, Nodes: f99ed73b-523e-4dbb-b36d-9060b33c1e68{ip: 192.168.30.11, host: pr-hdds-1146-sq6w4-1294053398, networkLocation: /default-rack, certSerialId: null}, Type:RATIS, Factor:ONE, State:OPEN]
2019-09-27 21:15:45,277 [grpc-default-executor-3] INFO  impl.RaftServerProxy (RaftServerProxy.java:addNew(89)) - 0788b08f-dd6c-4547-a8ef-23c2d2da422a: addNew group-C7C1CDAE2B35:[8f236389-d57a-4ab0-86b9-7a3c7defed0a:192.168.30.11:40638, 0788b08f-dd6c-4547-a8ef-23c2d2da422a:192.168.30.11:36304, 6d421437-77fe-44b0-af48-91fab7d4abad:192.168.30.11:35766] returns group-C7C1CDAE2B35:java.util.concurrent.CompletableFuture@c9bcaad[Not completed]
2019-09-27 21:15:45,277 [grpc-default-executor-1] INFO  impl.RaftServerProxy (RaftServerProxy.java:addNew(89)) - 6d421437-77fe-44b0-af48-91fab7d4abad: addNew group-C7C1CDAE2B35:[8f236389-d57a-4ab0-86b9-7a3c7defed0a:192.168.30.11:40638, 0788b08f-dd6c-4547-a8ef-23c2d2da422a:192.168.30.11:36304, 6d421437-77fe-44b0-af48-91fab7d4abad:192.168.30.11:35766] returns group-C7C1CDAE2B35:java.util.concurrent.CompletableFuture@30a006d[Not completed]
2019-09-27 21:15:45,279 [grpc-default-executor-6] INFO  impl.RaftServerProxy (RaftServerProxy.java:addNew(89)) - 8f236389-d57a-4ab0-86b9-7a3c7defed0a: addNew group-C7C1CDAE2B35:[8f236389-d57a-4ab0-86b9-7a3c7defed0a:192.168.30.11:40638, 0788b08f-dd6c-4547-a8ef-23c2d2da422a:192.168.30.11:36304, 6d421437-77fe-44b0-af48-91fab7d4abad:192.168.30.11:35766] returns group-C7C1CDAE2B35:java.util.concurrent.CompletableFuture@1535a506[Not completed]
2019-09-27 21:15:45,280 [pool-179-thread-1] INFO  impl.RaftServerImpl (RaftServerImpl.java:<init>(95)) - 0788b08f-dd6c-4547-a8ef-23c2d2da422a: new RaftServerImpl for group-C7C1CDAE2B35:[8f236389-d57a-4ab0-86b9-7a3c7defed0a:192.168.30.11:40638, 0788b08f-dd6c-4547-a8ef-23c2d2da422a:192.168.30.11:36304, 6d421437-77fe-44b0-af48-91fab7d4abad:192.168.30.11:35766] with ContainerStateMachine:uninitialized
2019-09-27 21:15:45,280 [pool-179-thread-1] INFO  server.RaftServerConfigKeys (ConfUtils.java:logGet(43)) - raft.server.rpc.timeout.min = 5s (custom)
2019-09-27 21:15:45,280 [pool-179-thread-1] INFO  server.RaftServerConfigKeys (ConfUtils.java:logGet(43)) - raft.server.rpc.timeout.max = 5200ms (custom)
2019-09-27 21:15:45,280 [pool-179-thread-1] INFO  server.RaftServerConfigKeys (ConfUtils.java:logGet(43)) - raft.server.rpcslowness.timeout = 120s (custom)
2019-09-27 21:15:45,280 [pool-179-thread-1] INFO  server.RaftServerConfigKeys (ConfUtils.java:logGet(43)) - raft.server.sleep.deviation.threshold = 300 (default)
2019-09-27 21:15:45,280 [pool-159-thread-1] INFO  impl.RaftServerImpl (RaftServerImpl.java:<init>(95)) - 6d421437-77fe-44b0-af48-91fab7d4abad: new RaftServerImpl for group-C7C1CDAE2B35:[8f236389-d57a-4ab0-86b9-7a3c7defed0a:192.168.30.11:40638, 0788b08f-dd6c-4547-a8ef-23c2d2da422a:192.168.30.11:36304, 6d421437-77fe-44b0-af48-91fab7d4abad:192.168.30.11:35766] with ContainerStateMachine:uninitialized
2019-09-27 21:15:45,280 [pool-179-thread-1] INFO  server.RaftServerConfigKeys (ConfUtils.java:logGet(43)) - raft.server.log.appender.install.snapshot.enabled = false (custom)
2019-09-27 21:15:45,280 [pool-159-thread-1] INFO  server.RaftServerConfigKeys (ConfUtils.java:logGet(43)) - raft.server.rpc.timeout.min = 5s (custom)
2019-09-27 21:15:45,280 [pool-179-thread-1] INFO  impl.RaftServerImpl (ServerState.java:<init>(103)) - 0788b08f-dd6c-4547-a8ef-23c2d2da422a@group-C7C1CDAE2B35: ConfigurationManager, init=-1: [8f236389-d57a-4ab0-86b9-7a3c7defed0a:192.168.30.11:40638, 0788b08f-dd6c-4547-a8ef-23c2d2da422a:192.168.30.11:36304, 6d421437-77fe-44b0-af48-91fab7d4abad:192.168.30.11:35766], old=null, confs=<EMPTY_MAP>
2019-09-27 21:15:45,281 [pool-159-thread-1] INFO  server.RaftServerConfigKeys (ConfUtils.java:logGet(43)) - raft.server.rpc.timeout.max = 5200ms (custom)
2019-09-27 21:15:45,281 [pool-139-thread-1] INFO  impl.RaftServerImpl (RaftServerImpl.java:<init>(95)) - 8f236389-d57a-4ab0-86b9-7a3c7defed0a: new RaftServerImpl for group-C7C1CDAE2B35:[8f236389-d57a-4ab0-86b9-7a3c7defed0a:192.168.30.11:40638, 0788b08f-dd6c-4547-a8ef-23c2d2da422a:192.168.30.11:36304, 6d421437-77fe-44b0-af48-91fab7d4abad:192.168.30.11:35766] with ContainerStateMachine:uninitialized
2019-09-27 21:15:45,281 [pool-179-thread-1] INFO  server.RaftServerConfigKeys (ConfUtils.java:logGet(43)) - raft.server.storage.dir = [/workdir/hadoop-ozone/integration-test/target/test-dir/MiniOzoneClusterImpl-f8201cb5-856e-406f-97aa-d4fb03259294/datanode-6/data/ratis] (custom)
2019-09-27 21:15:45,281 [pool-139-thread-1] INFO  server.RaftServerConfigKeys (ConfUtils.java:logGet(43)) - raft.server.rpc.timeout.min = 5s (custom)
2019-09-27 21:15:45,281 [pool-159-thread-1] INFO  server.RaftServerConfigKeys (ConfUtils.java:logGet(43)) - raft.server.rpcslowness.timeout = 120s (custom)
2019-09-27 21:15:45,281 [pool-179-thread-1] INFO  storage.RaftStorageDirectory (RaftStorageDirectory.java:analyzeStorage(246)) - The storage directory /workdir/hadoop-ozone/integration-test/target/test-dir/MiniOzoneClusterImpl-f8201cb5-856e-406f-97aa-d4fb03259294/datanode-6/data/ratis/ee3fdab4-ef0c-4cd7-8990-c7c1cdae2b35 does not exist. Creating ...
2019-09-27 21:15:45,281 [pool-139-thread-1] INFO  server.RaftServerConfigKeys (ConfUtils.java:logGet(43)) - raft.server.rpc.timeout.max = 5200ms (custom)
2019-09-27 21:15:45,281 [pool-159-thread-1] INFO  server.RaftServerConfigKeys (ConfUtils.java:logGet(43)) - raft.server.sleep.deviation.threshold = 300 (default)
2019-09-27 21:15:45,281 [pool-139-thread-1] INFO  server.RaftServerConfigKeys (ConfUtils.java:logGet(43)) - raft.server.rpcslowness.timeout = 120s (custom)
2019-09-27 21:15:45,282 [pool-159-thread-1] INFO  server.RaftServerConfigKeys (ConfUtils.java:logGet(43)) - raft.server.log.appender.install.snapshot.enabled = false (custom)
2019-09-27 21:15:45,282 [pool-139-thread-1] INFO  server.RaftServerConfigKeys (ConfUtils.java:logGet(43)) - raft.server.sleep.deviation.threshold = 300 (default)
2019-09-27 21:15:45,282 [pool-159-thread-1] INFO  impl.RaftServerImpl (ServerState.java:<init>(103)) - 6d421437-77fe-44b0-af48-91fab7d4abad@group-C7C1CDAE2B35: ConfigurationManager, init=-1: [8f236389-d57a-4ab0-86b9-7a3c7defed0a:192.168.30.11:40638, 0788b08f-dd6c-4547-a8ef-23c2d2da422a:192.168.30.11:36304, 6d421437-77fe-44b0-af48-91fab7d4abad:192.168.30.11:35766], old=null, confs=<EMPTY_MAP>
2019-09-27 21:15:45,282 [pool-139-thread-1] INFO  server.RaftServerConfigKeys (ConfUtils.java:logGet(43)) - raft.server.log.appender.install.snapshot.enabled = false (custom)
2019-09-27 21:15:45,282 [pool-159-thread-1] INFO  server.RaftServerConfigKeys (ConfUtils.java:logGet(43)) - raft.server.storage.dir = [/workdir/hadoop-ozone/integration-test/target/test-dir/MiniOzoneClusterImpl-f8201cb5-856e-406f-97aa-d4fb03259294/datanode-4/data/ratis] (custom)
2019-09-27 21:15:45,282 [pool-139-thread-1] INFO  impl.RaftServerImpl (ServerState.java:<init>(103)) - 8f236389-d57a-4ab0-86b9-7a3c7defed0a@group-C7C1CDAE2B35: ConfigurationManager, init=-1: [8f236389-d57a-4ab0-86b9-7a3c7defed0a:192.168.30.11:40638, 0788b08f-dd6c-4547-a8ef-23c2d2da422a:192.168.30.11:36304, 6d421437-77fe-44b0-af48-91fab7d4abad:192.168.30.11:35766], old=null, confs=<EMPTY_MAP>
2019-09-27 21:15:45,282 [pool-139-thread-1] INFO  server.RaftServerConfigKeys (ConfUtils.java:logGet(43)) - raft.server.storage.dir = [/workdir/hadoop-ozone/integration-test/target/test-dir/MiniOzoneClusterImpl-f8201cb5-856e-406f-97aa-d4fb03259294/datanode-2/data/ratis] (custom)
2019-09-27 21:15:45,282 [pool-159-thread-1] INFO  storage.RaftStorageDirectory (RaftStorageDirectory.java:analyzeStorage(246)) - The storage directory /workdir/hadoop-ozone/integration-test/target/test-dir/MiniOzoneClusterImpl-f8201cb5-856e-406f-97aa-d4fb03259294/datanode-4/data/ratis/ee3fdab4-ef0c-4cd7-8990-c7c1cdae2b35 does not exist. Creating ...
2019-09-27 21:15:45,283 [pool-139-thread-1] INFO  storage.RaftStorageDirectory (RaftStorageDirectory.java:analyzeStorage(246)) - The storage directory /workdir/hadoop-ozone/integration-test/target/test-dir/MiniOzoneClusterImpl-f8201cb5-856e-406f-97aa-d4fb03259294/datanode-2/data/ratis/ee3fdab4-ef0c-4cd7-8990-c7c1cdae2b35 does not exist. Creating ...
2019-09-27 21:15:45,304 [pool-179-thread-1] INFO  storage.RaftStorageDirectory (RaftStorageDirectory.java:tryLock(328)) - Lock on /workdir/hadoop-ozone/integration-test/target/test-dir/MiniOzoneClusterImpl-f8201cb5-856e-406f-97aa-d4fb03259294/datanode-6/data/ratis/ee3fdab4-ef0c-4cd7-8990-c7c1cdae2b35/in_use.lock acquired by nodename 8340@pr-hdds-1146-sq6w4-1294053398
2019-09-27 21:15:45,304 [pool-139-thread-1] INFO  storage.RaftStorageDirectory (RaftStorageDirectory.java:tryLock(328)) - Lock on /workdir/hadoop-ozone/integration-test/target/test-dir/MiniOzoneClusterImpl-f8201cb5-856e-406f-97aa-d4fb03259294/datanode-2/data/ratis/ee3fdab4-ef0c-4cd7-8990-c7c1cdae2b35/in_use.lock acquired by nodename 8340@pr-hdds-1146-sq6w4-1294053398
2019-09-27 21:15:45,304 [pool-159-thread-1] INFO  storage.RaftStorageDirectory (RaftStorageDirectory.java:tryLock(328)) - Lock on /workdir/hadoop-ozone/integration-test/target/test-dir/MiniOzoneClusterImpl-f8201cb5-856e-406f-97aa-d4fb03259294/datanode-4/data/ratis/ee3fdab4-ef0c-4cd7-8990-c7c1cdae2b35/in_use.lock acquired by nodename 8340@pr-hdds-1146-sq6w4-1294053398
2019-09-27 21:15:45,330 [pool-179-thread-1] INFO  storage.RaftStorage (RaftStorage.java:format(72)) - Storage directory /workdir/hadoop-ozone/integration-test/target/test-dir/MiniOzoneClusterImpl-f8201cb5-856e-406f-97aa-d4fb03259294/datanode-6/data/ratis/ee3fdab4-ef0c-4cd7-8990-c7c1cdae2b35 has been successfully formatted.
2019-09-27 21:15:45,330 [pool-139-thread-1] INFO  storage.RaftStorage (RaftStorage.java:format(72)) - Storage directory /workdir/hadoop-ozone/integration-test/target/test-dir/MiniOzoneClusterImpl-f8201cb5-856e-406f-97aa-d4fb03259294/datanode-2/data/ratis/ee3fdab4-ef0c-4cd7-8990-c7c1cdae2b35 has been successfully formatted.
2019-09-27 21:15:45,330 [pool-159-thread-1] INFO  storage.RaftStorage (RaftStorage.java:format(72)) - Storage directory /workdir/hadoop-ozone/integration-test/target/test-dir/MiniOzoneClusterImpl-f8201cb5-856e-406f-97aa-d4fb03259294/datanode-4/data/ratis/ee3fdab4-ef0c-4cd7-8990-c7c1cdae2b35 has been successfully formatted.
2019-09-27 21:15:45,330 [pool-139-thread-1] INFO  ratis.ContainerStateMachine (ContainerStateMachine.java:loadSnapshot(230)) - group-C7C1CDAE2B35: The snapshot info is null. Setting the last applied indexto:(t:0, i:~)
2019-09-27 21:15:45,330 [pool-159-thread-1] INFO  ratis.ContainerStateMachine (ContainerStateMachine.java:loadSnapshot(230)) - group-C7C1CDAE2B35: The snapshot info is null. Setting the last applied indexto:(t:0, i:~)
2019-09-27 21:15:45,330 [pool-179-thread-1] INFO  ratis.ContainerStateMachine (ContainerStateMachine.java:loadSnapshot(230)) - group-C7C1CDAE2B35: The snapshot info is null. Setting the last applied indexto:(t:0, i:~)
2019-09-27 21:15:45,331 [pool-159-thread-1] INFO  server.RaftServerConfigKeys (ConfUtils.java:logGet(43)) - raft.server.notification.no-leader.timeout = 120s (custom)
2019-09-27 21:15:45,330 [pool-139-thread-1] INFO  server.RaftServerConfigKeys (ConfUtils.java:logGet(43)) - raft.server.notification.no-leader.timeout = 120s (custom)
2019-09-27 21:15:45,331 [pool-159-thread-1] INFO  server.RaftServerConfigKeys (ConfUtils.java:logGet(43)) - raft.server.log.use.memory = false (default)
2019-09-27 21:15:45,331 [pool-179-thread-1] INFO  server.RaftServerConfigKeys (ConfUtils.java:logGet(43)) - raft.server.notification.no-leader.timeout = 120s (custom)
2019-09-27 21:15:45,331 [pool-159-thread-1] INFO  server.RaftServerConfigKeys (ConfUtils.java:logGet(43)) - raft.server.log.purge.gap = 1000000 (custom)
2019-09-27 21:15:45,331 [pool-139-thread-1] INFO  server.RaftServerConfigKeys (ConfUtils.java:logGet(43)) - raft.server.log.use.memory = false (default)
2019-09-27 21:15:45,331 [pool-159-thread-1] INFO  server.RaftServerConfigKeys (ConfUtils.java:logGet(43)) - raft.server.log.appender.buffer.byte-limit = 33554432 (custom)
2019-09-27 21:15:45,331 [pool-179-thread-1] INFO  server.RaftServerConfigKeys (ConfUtils.java:logGet(43)) - raft.server.log.use.memory = false (default)
2019-09-27 21:15:45,332 [pool-159-thread-1] INFO  server.RaftServerConfigKeys (ConfUtils.java:logGet(43)) - raft.server.log.segment.size.max = 1048576 (custom)
2019-09-27 21:15:45,332 [pool-139-thread-1] INFO  server.RaftServerConfigKeys (ConfUtils.java:logGet(43)) - raft.server.log.purge.gap = 1000000 (custom)
2019-09-27 21:15:45,332 [pool-159-thread-1] INFO  server.RaftServerConfigKeys (ConfUtils.java:logGet(43)) - raft.server.log.segment.cache.num.max = 2 (custom)
2019-09-27 21:15:45,332 [pool-179-thread-1] INFO  server.RaftServerConfigKeys (ConfUtils.java:logGet(43)) - raft.server.log.purge.gap = 1000000 (custom)
2019-09-27 21:15:45,332 [pool-159-thread-1] INFO  segmented.SegmentedRaftLogWorker (SegmentedRaftLogWorker.java:<init>(172)) - new 6d421437-77fe-44b0-af48-91fab7d4abad@group-C7C1CDAE2B35-SegmentedRaftLogWorker for RaftStorage:Storage Directory /workdir/hadoop-ozone/integration-test/target/test-dir/MiniOzoneClusterImpl-f8201cb5-856e-406f-97aa-d4fb03259294/datanode-4/data/ratis/ee3fdab4-ef0c-4cd7-8990-c7c1cdae2b35
2019-09-27 21:15:45,332 [pool-139-thread-1] INFO  server.RaftServerConfigKeys (ConfUtils.java:logGet(43)) - raft.server.log.appender.buffer.byte-limit = 33554432 (custom)
2019-09-27 21:15:45,333 [pool-159-thread-1] INFO  server.RaftServerConfigKeys (ConfUtils.java:logGet(43)) - raft.server.log.queue.byte-limit = 2147483647 (custom)
2019-09-27 21:15:45,333 [pool-179-thread-1] INFO  server.RaftServerConfigKeys (ConfUtils.java:logGet(43)) - raft.server.log.appender.buffer.byte-limit = 33554432 (custom)
2019-09-27 21:15:45,333 [pool-159-thread-1] INFO  server.RaftServerConfigKeys (ConfUtils.java:logGet(43)) - raft.server.log.queue.element-limit = 1024 (custom)
2019-09-27 21:15:45,333 [pool-139-thread-1] INFO  server.RaftServerConfigKeys (ConfUtils.java:logGet(43)) - raft.server.log.segment.size.max = 1048576 (custom)
2019-09-27 21:15:45,333 [pool-159-thread-1] INFO  server.RaftServerConfigKeys (ConfUtils.java:logGet(43)) - raft.server.log.segment.size.max = 1048576 (custom)
2019-09-27 21:15:45,333 [pool-179-thread-1] INFO  server.RaftServerConfigKeys (ConfUtils.java:logGet(43)) - raft.server.log.segment.size.max = 1048576 (custom)
2019-09-27 21:15:45,334 [pool-159-thread-1] INFO  server.RaftServerConfigKeys (ConfUtils.java:logGet(43)) - raft.server.log.preallocated.size = 16384 (custom)
2019-09-27 21:15:45,334 [pool-139-thread-1] INFO  server.RaftServerConfigKeys (ConfUtils.java:logGet(43)) - raft.server.log.segment.cache.num.max = 2 (custom)
2019-09-27 21:15:45,334 [pool-159-thread-1] INFO  server.RaftServerConfigKeys (ConfUtils.java:logGet(43)) - raft.server.log.write.buffer.size = 33554432 (custom)
2019-09-27 21:15:45,334 [pool-179-thread-1] INFO  server.RaftServerConfigKeys (ConfUtils.java:logGet(43)) - raft.server.log.segment.cache.num.max = 2 (custom)
2019-09-27 21:15:45,334 [pool-159-thread-1] INFO  server.RaftServerConfigKeys (ConfUtils.java:logGet(43)) - raft.server.log.force.sync.num = 128 (default)
2019-09-27 21:15:45,334 [pool-139-thread-1] INFO  segmented.SegmentedRaftLogWorker (SegmentedRaftLogWorker.java:<init>(172)) - new 8f236389-d57a-4ab0-86b9-7a3c7defed0a@group-C7C1CDAE2B35-SegmentedRaftLogWorker for RaftStorage:Storage Directory /workdir/hadoop-ozone/integration-test/target/test-dir/MiniOzoneClusterImpl-f8201cb5-856e-406f-97aa-d4fb03259294/datanode-2/data/ratis/ee3fdab4-ef0c-4cd7-8990-c7c1cdae2b35
2019-09-27 21:15:45,335 [pool-159-thread-1] INFO  server.RaftServerConfigKeys (ConfUtils.java:logGet(43)) - raft.server.log.statemachine.data.sync = true (default)
2019-09-27 21:15:45,334 [pool-179-thread-1] INFO  segmented.SegmentedRaftLogWorker (SegmentedRaftLogWorker.java:<init>(172)) - new 0788b08f-dd6c-4547-a8ef-23c2d2da422a@group-C7C1CDAE2B35-SegmentedRaftLogWorker for RaftStorage:Storage Directory /workdir/hadoop-ozone/integration-test/target/test-dir/MiniOzoneClusterImpl-f8201cb5-856e-406f-97aa-d4fb03259294/datanode-6/data/ratis/ee3fdab4-ef0c-4cd7-8990-c7c1cdae2b35
2019-09-27 21:15:45,335 [pool-159-thread-1] INFO  server.RaftServerConfigKeys (ConfUtils.java:logGet(43)) - raft.server.log.statemachine.data.sync.timeout = 10s (default)
2019-09-27 21:15:45,335 [pool-139-thread-1] INFO  server.RaftServerConfigKeys (ConfUtils.java:logGet(43)) - raft.server.log.queue.byte-limit = 2147483647 (custom)
2019-09-27 21:15:45,335 [pool-159-thread-1] INFO  server.RaftServerConfigKeys (ConfUtils.java:logGet(43)) - raft.server.log.statemachine.data.sync.timeout.retry = -1 (default)
2019-09-27 21:15:45,335 [pool-179-thread-1] INFO  server.RaftServerConfigKeys (ConfUtils.java:logGet(43)) - raft.server.log.queue.byte-limit = 2147483647 (custom)
2019-09-27 21:15:45,336 [pool-159-thread-1] INFO  server.RaftServerConfigKeys (ConfUtils.java:logGet(43)) - raft.server.log.statemachine.data.caching.enabled = true (custom)
2019-09-27 21:15:45,335 [pool-139-thread-1] INFO  server.RaftServerConfigKeys (ConfUtils.java:logGet(43)) - raft.server.log.queue.element-limit = 1024 (custom)
2019-09-27 21:15:45,336 [pool-159-thread-1] INFO  segmented.SegmentedRaftLogWorker (SegmentedRaftLogWorker.java:lambda$new$0(132)) - 6d421437-77fe-44b0-af48-91fab7d4abad@group-C7C1CDAE2B35-SegmentedRaftLogWorker: flushIndex: setUnconditionally 0 -> -1
2019-09-27 21:15:45,336 [pool-179-thread-1] INFO  server.RaftServerConfigKeys (ConfUtils.java:logGet(43)) - raft.server.log.queue.element-limit = 1024 (custom)
2019-09-27 21:15:45,336 [pool-139-thread-1] INFO  server.RaftServerConfigKeys (ConfUtils.java:logGet(43)) - raft.server.log.segment.size.max = 1048576 (custom)
2019-09-27 21:15:45,336 [pool-159-thread-1] INFO  server.RaftServerConfigKeys (ConfUtils.java:logGet(43)) - raft.server.snapshot.auto.trigger.enabled = true (custom)
2019-09-27 21:15:45,336 [pool-179-thread-1] INFO  server.RaftServerConfigKeys (ConfUtils.java:logGet(43)) - raft.server.log.segment.size.max = 1048576 (custom)
2019-09-27 21:15:45,337 [pool-159-thread-1] INFO  server.RaftServerConfigKeys (ConfUtils.java:logGet(43)) - raft.server.snapshot.auto.trigger.threshold = 10000 (custom)
2019-09-27 21:15:45,337 [pool-139-thread-1] INFO  server.RaftServerConfigKeys (ConfUtils.java:logGet(43)) - raft.server.log.preallocated.size = 16384 (custom)
2019-09-27 21:15:45,337 [pool-159-thread-1] INFO  server.RaftServerConfigKeys (ConfUtils.java:logGet(43)) - raft.server.snapshot.retention.num.files = 5 (custom)
2019-09-27 21:15:45,337 [pool-179-thread-1] INFO  server.RaftServerConfigKeys (ConfUtils.java:logGet(43)) - raft.server.log.preallocated.size = 16384 (custom)
2019-09-27 21:15:45,337 [pool-159-thread-1] INFO  server.RaftServerConfigKeys (ConfUtils.java:logGet(43)) - raft.server.retrycache.expirytime = 600000ms (custom)
2019-09-27 21:15:45,337 [pool-139-thread-1] INFO  server.RaftServerConfigKeys (ConfUtils.java:logGet(43)) - raft.server.log.write.buffer.size = 33554432 (custom)
2019-09-27 21:15:45,337 [pool-179-thread-1] INFO  server.RaftServerConfigKeys (ConfUtils.java:logGet(43)) - raft.server.log.write.buffer.size = 33554432 (custom)
2019-09-27 21:15:45,338 [pool-139-thread-1] INFO  server.RaftServerConfigKeys (ConfUtils.java:logGet(43)) - raft.server.log.force.sync.num = 128 (default)
2019-09-27 21:15:45,338 [pool-179-thread-1] INFO  server.RaftServerConfigKeys (ConfUtils.java:logGet(43)) - raft.server.log.force.sync.num = 128 (default)
2019-09-27 21:15:45,338 [pool-139-thread-1] INFO  server.RaftServerConfigKeys (ConfUtils.java:logGet(43)) - raft.server.log.statemachine.data.sync = true (default)
2019-09-27 21:15:45,338 [pool-179-thread-1] INFO  server.RaftServerConfigKeys (ConfUtils.java:logGet(43)) - raft.server.log.statemachine.data.sync = true (default)
2019-09-27 21:15:45,338 [pool-139-thread-1] INFO  server.RaftServerConfigKeys (ConfUtils.java:logGet(43)) - raft.server.log.statemachine.data.sync.timeout = 10s (default)
2019-09-27 21:15:45,338 [pool-179-thread-1] INFO  server.RaftServerConfigKeys (ConfUtils.java:logGet(43)) - raft.server.log.statemachine.data.sync.timeout = 10s (default)
2019-09-27 21:15:45,339 [pool-139-thread-1] INFO  server.RaftServerConfigKeys (ConfUtils.java:logGet(43)) - raft.server.log.statemachine.data.sync.timeout.retry = -1 (default)
2019-09-27 21:15:45,339 [pool-179-thread-1] INFO  server.RaftServerConfigKeys (ConfUtils.java:logGet(43)) - raft.server.log.statemachine.data.sync.timeout.retry = -1 (default)
2019-09-27 21:15:45,339 [pool-139-thread-1] INFO  server.RaftServerConfigKeys (ConfUtils.java:logGet(43)) - raft.server.log.statemachine.data.caching.enabled = true (custom)
2019-09-27 21:15:45,339 [pool-179-thread-1] INFO  server.RaftServerConfigKeys (ConfUtils.java:logGet(43)) - raft.server.log.statemachine.data.caching.enabled = true (custom)
2019-09-27 21:15:45,339 [pool-139-thread-1] INFO  segmented.SegmentedRaftLogWorker (SegmentedRaftLogWorker.java:lambda$new$0(132)) - 8f236389-d57a-4ab0-86b9-7a3c7defed0a@group-C7C1CDAE2B35-SegmentedRaftLogWorker: flushIndex: setUnconditionally 0 -> -1
2019-09-27 21:15:45,339 [pool-179-thread-1] INFO  segmented.SegmentedRaftLogWorker (SegmentedRaftLogWorker.java:lambda$new$0(132)) - 0788b08f-dd6c-4547-a8ef-23c2d2da422a@group-C7C1CDAE2B35-SegmentedRaftLogWorker: flushIndex: setUnconditionally 0 -> -1
2019-09-27 21:15:45,340 [pool-139-thread-1] INFO  server.RaftServerConfigKeys (ConfUtils.java:logGet(43)) - raft.server.snapshot.auto.trigger.enabled = true (custom)
2019-09-27 21:15:45,340 [pool-179-thread-1] INFO  server.RaftServerConfigKeys (ConfUtils.java:logGet(43)) - raft.server.snapshot.auto.trigger.enabled = true (custom)
2019-09-27 21:15:45,340 [pool-139-thread-1] INFO  server.RaftServerConfigKeys (ConfUtils.java:logGet(43)) - raft.server.snapshot.auto.trigger.threshold = 10000 (custom)
2019-09-27 21:15:45,340 [pool-179-thread-1] INFO  server.RaftServerConfigKeys (ConfUtils.java:logGet(43)) - raft.server.snapshot.auto.trigger.threshold = 10000 (custom)
2019-09-27 21:15:45,340 [pool-139-thread-1] INFO  server.RaftServerConfigKeys (ConfUtils.java:logGet(43)) - raft.server.snapshot.retention.num.files = 5 (custom)
2019-09-27 21:15:45,340 [pool-179-thread-1] INFO  server.RaftServerConfigKeys (ConfUtils.java:logGet(43)) - raft.server.snapshot.retention.num.files = 5 (custom)
2019-09-27 21:15:45,340 [pool-139-thread-1] INFO  server.RaftServerConfigKeys (ConfUtils.java:logGet(43)) - raft.server.retrycache.expirytime = 600000ms (custom)
2019-09-27 21:15:45,340 [pool-159-thread-1] INFO  impl.RaftServerImpl (RaftServerImpl.java:start(185)) - 6d421437-77fe-44b0-af48-91fab7d4abad@group-C7C1CDAE2B35: start as a follower, conf=-1: [8f236389-d57a-4ab0-86b9-7a3c7defed0a:192.168.30.11:40638, 0788b08f-dd6c-4547-a8ef-23c2d2da422a:192.168.30.11:36304, 6d421437-77fe-44b0-af48-91fab7d4abad:192.168.30.11:35766], old=null
2019-09-27 21:15:45,340 [pool-179-thread-1] INFO  server.RaftServerConfigKeys (ConfUtils.java:logGet(43)) - raft.server.retrycache.expirytime = 600000ms (custom)
2019-09-27 21:15:45,341 [pool-159-thread-1] INFO  impl.RaftServerImpl (RaftServerImpl.java:setRole(174)) - 6d421437-77fe-44b0-af48-91fab7d4abad@group-C7C1CDAE2B35: changes role from      null to FOLLOWER at term 0 for startAsFollower
2019-09-27 21:15:45,341 [pool-159-thread-1] INFO  impl.RoleInfo (RoleInfo.java:updateAndGet(143)) - 6d421437-77fe-44b0-af48-91fab7d4abad: start FollowerState
2019-09-27 21:15:45,341 [pool-159-thread-1] INFO  util.JmxRegister (JmxRegister.java:tryRegister(44)) - Successfully registered JMX Bean with object name Ratis:service=RaftServer,group=group-C7C1CDAE2B35,id=6d421437-77fe-44b0-af48-91fab7d4abad
2019-09-27 21:15:45,346 [pool-179-thread-1] INFO  impl.RaftServerImpl (RaftServerImpl.java:start(185)) - 0788b08f-dd6c-4547-a8ef-23c2d2da422a@group-C7C1CDAE2B35: start as a follower, conf=-1: [8f236389-d57a-4ab0-86b9-7a3c7defed0a:192.168.30.11:40638, 0788b08f-dd6c-4547-a8ef-23c2d2da422a:192.168.30.11:36304, 6d421437-77fe-44b0-af48-91fab7d4abad:192.168.30.11:35766], old=null
2019-09-27 21:15:45,346 [pool-139-thread-1] INFO  impl.RaftServerImpl (RaftServerImpl.java:start(185)) - 8f236389-d57a-4ab0-86b9-7a3c7defed0a@group-C7C1CDAE2B35: start as a follower, conf=-1: [8f236389-d57a-4ab0-86b9-7a3c7defed0a:192.168.30.11:40638, 0788b08f-dd6c-4547-a8ef-23c2d2da422a:192.168.30.11:36304, 6d421437-77fe-44b0-af48-91fab7d4abad:192.168.30.11:35766], old=null
2019-09-27 21:15:45,346 [pool-179-thread-1] INFO  impl.RaftServerImpl (RaftServerImpl.java:setRole(174)) - 0788b08f-dd6c-4547-a8ef-23c2d2da422a@group-C7C1CDAE2B35: changes role from      null to FOLLOWER at term 0 for startAsFollower
2019-09-27 21:15:45,346 [pool-139-thread-1] INFO  impl.RaftServerImpl (RaftServerImpl.java:setRole(174)) - 8f236389-d57a-4ab0-86b9-7a3c7defed0a@group-C7C1CDAE2B35: changes role from      null to FOLLOWER at term 0 for startAsFollower
2019-09-27 21:15:45,346 [pool-179-thread-1] INFO  impl.RoleInfo (RoleInfo.java:updateAndGet(143)) - 0788b08f-dd6c-4547-a8ef-23c2d2da422a: start FollowerState
2019-09-27 21:15:45,346 [pool-139-thread-1] INFO  impl.RoleInfo (RoleInfo.java:updateAndGet(143)) - 8f236389-d57a-4ab0-86b9-7a3c7defed0a: start FollowerState
2019-09-27 21:15:45,346 [pool-179-thread-1] INFO  util.JmxRegister (JmxRegister.java:tryRegister(44)) - Successfully registered JMX Bean with object name Ratis:service=RaftServer,group=group-C7C1CDAE2B35,id=0788b08f-dd6c-4547-a8ef-23c2d2da422a
2019-09-27 21:15:45,347 [pool-139-thread-1] INFO  util.JmxRegister (JmxRegister.java:tryRegister(44)) - Successfully registered JMX Bean with object name Ratis:service=RaftServer,group=group-C7C1CDAE2B35,id=8f236389-d57a-4ab0-86b9-7a3c7defed0a
2019-09-27 21:15:45,352 [RatisPipelineUtilsThread] INFO  pipeline.PipelineStateManager (PipelineStateManager.java:addPipeline(56)) - Created pipeline Pipeline[ Id: ee3fdab4-ef0c-4cd7-8990-c7c1cdae2b35, Nodes: 8f236389-d57a-4ab0-86b9-7a3c7defed0a{ip: 192.168.30.11, host: pr-hdds-1146-sq6w4-1294053398, networkLocation: /default-rack, certSerialId: null}6d421437-77fe-44b0-af48-91fab7d4abad{ip: 192.168.30.11, host: pr-hdds-1146-sq6w4-1294053398, networkLocation: /default-rack, certSerialId: null}0788b08f-dd6c-4547-a8ef-23c2d2da422a{ip: 192.168.30.11, host: pr-hdds-1146-sq6w4-1294053398, networkLocation: /default-rack, certSerialId: null}, Type:RATIS, Factor:THREE, State:OPEN]
2019-09-27 21:15:45,364 [grpc-default-executor-3] INFO  impl.RaftServerProxy (RaftServerProxy.java:addNew(89)) - f0ddf341-8f5a-4866-8397-302d2220141c: addNew group-52FEFF0F1D50:[eae5b4c6-9516-4f3b-8a39-d0052709847d:192.168.30.11:38185, f99ed73b-523e-4dbb-b36d-9060b33c1e68:192.168.30.11:36400, f0ddf341-8f5a-4866-8397-302d2220141c:192.168.30.11:36108] returns group-52FEFF0F1D50:java.util.concurrent.CompletableFuture@3c64a259[Not completed]
2019-09-27 21:15:45,372 [grpc-default-executor-1] INFO  impl.RaftServerProxy (RaftServerProxy.java:addNew(89)) - eae5b4c6-9516-4f3b-8a39-d0052709847d: addNew group-52FEFF0F1D50:[eae5b4c6-9516-4f3b-8a39-d0052709847d:192.168.30.11:38185, f99ed73b-523e-4dbb-b36d-9060b33c1e68:192.168.30.11:36400, f0ddf341-8f5a-4866-8397-302d2220141c:192.168.30.11:36108] returns group-52FEFF0F1D50:java.util.concurrent.CompletableFuture@2fbf771e[Not completed]
2019-09-27 21:15:45,377 [grpc-default-executor-3] INFO  impl.RaftServerProxy (RaftServerProxy.java:addNew(89)) - f99ed73b-523e-4dbb-b36d-9060b33c1e68: addNew group-52FEFF0F1D50:[eae5b4c6-9516-4f3b-8a39-d0052709847d:192.168.30.11:38185, f99ed73b-523e-4dbb-b36d-9060b33c1e68:192.168.30.11:36400, f0ddf341-8f5a-4866-8397-302d2220141c:192.168.30.11:36108] returns group-52FEFF0F1D50:java.util.concurrent.CompletableFuture@4b09cd0e[Not completed]
2019-09-27 21:15:45,382 [pool-129-thread-1] INFO  impl.RaftServerImpl (RaftServerImpl.java:<init>(95)) - f0ddf341-8f5a-4866-8397-302d2220141c: new RaftServerImpl for group-52FEFF0F1D50:[eae5b4c6-9516-4f3b-8a39-d0052709847d:192.168.30.11:38185, f99ed73b-523e-4dbb-b36d-9060b33c1e68:192.168.30.11:36400, f0ddf341-8f5a-4866-8397-302d2220141c:192.168.30.11:36108] with ContainerStateMachine:uninitialized
2019-09-27 21:15:45,382 [pool-129-thread-1] INFO  server.RaftServerConfigKeys (ConfUtils.java:logGet(43)) - raft.server.rpc.timeout.min = 5s (custom)
2019-09-27 21:15:45,383 [pool-129-thread-1] INFO  server.RaftServerConfigKeys (ConfUtils.java:logGet(43)) - raft.server.rpc.timeout.max = 5200ms (custom)
2019-09-27 21:15:45,383 [pool-129-thread-1] INFO  server.RaftServerConfigKeys (ConfUtils.java:logGet(43)) - raft.server.rpcslowness.timeout = 120s (custom)
2019-09-27 21:15:45,383 [pool-129-thread-1] INFO  server.RaftServerConfigKeys (ConfUtils.java:logGet(43)) - raft.server.sleep.deviation.threshold = 300 (default)
2019-09-27 21:15:45,383 [pool-129-thread-1] INFO  server.RaftServerConfigKeys (ConfUtils.java:logGet(43)) - raft.server.log.appender.install.snapshot.enabled = false (custom)
2019-09-27 21:15:45,383 [pool-129-thread-1] INFO  impl.RaftServerImpl (ServerState.java:<init>(103)) - f0ddf341-8f5a-4866-8397-302d2220141c@group-52FEFF0F1D50: ConfigurationManager, init=-1: [eae5b4c6-9516-4f3b-8a39-d0052709847d:192.168.30.11:38185, f99ed73b-523e-4dbb-b36d-9060b33c1e68:192.168.30.11:36400, f0ddf341-8f5a-4866-8397-302d2220141c:192.168.30.11:36108], old=null, confs=<EMPTY_MAP>
2019-09-27 21:15:45,383 [pool-119-thread-1] INFO  impl.RaftServerImpl (RaftServerImpl.java:<init>(95)) - eae5b4c6-9516-4f3b-8a39-d0052709847d: new RaftServerImpl for group-52FEFF0F1D50:[eae5b4c6-9516-4f3b-8a39-d0052709847d:192.168.30.11:38185, f99ed73b-523e-4dbb-b36d-9060b33c1e68:192.168.30.11:36400, f0ddf341-8f5a-4866-8397-302d2220141c:192.168.30.11:36108] with ContainerStateMachine:uninitialized
2019-09-27 21:15:45,383 [pool-129-thread-1] INFO  server.RaftServerConfigKeys (ConfUtils.java:logGet(43)) - raft.server.storage.dir = [/workdir/hadoop-ozone/integration-test/target/test-dir/MiniOzoneClusterImpl-f8201cb5-856e-406f-97aa-d4fb03259294/datanode-1/data/ratis] (custom)
2019-09-27 21:15:45,383 [pool-119-thread-1] INFO  server.RaftServerConfigKeys (ConfUtils.java:logGet(43)) - raft.server.rpc.timeout.min = 5s (custom)
2019-09-27 21:15:45,384 [pool-119-thread-1] INFO  server.RaftServerConfigKeys (ConfUtils.java:logGet(43)) - raft.server.rpc.timeout.max = 5200ms (custom)
2019-09-27 21:15:45,384 [pool-129-thread-1] INFO  storage.RaftStorageDirectory (RaftStorageDirectory.java:analyzeStorage(246)) - The storage directory /workdir/hadoop-ozone/integration-test/target/test-dir/MiniOzoneClusterImpl-f8201cb5-856e-406f-97aa-d4fb03259294/datanode-1/data/ratis/a6c84c6c-dfa9-4bf2-a25c-52feff0f1d50 does not exist. Creating ...
2019-09-27 21:15:45,384 [pool-119-thread-1] INFO  server.RaftServerConfigKeys (ConfUtils.java:logGet(43)) - raft.server.rpcslowness.timeout = 120s (custom)
2019-09-27 21:15:45,384 [pool-119-thread-1] INFO  server.RaftServerConfigKeys (ConfUtils.java:logGet(43)) - raft.server.sleep.deviation.threshold = 300 (default)
2019-09-27 21:15:45,384 [pool-169-thread-1] INFO  impl.RaftServerImpl (RaftServerImpl.java:<init>(95)) - f99ed73b-523e-4dbb-b36d-9060b33c1e68: new RaftServerImpl for group-52FEFF0F1D50:[eae5b4c6-9516-4f3b-8a39-d0052709847d:192.168.30.11:38185, f99ed73b-523e-4dbb-b36d-9060b33c1e68:192.168.30.11:36400, f0ddf341-8f5a-4866-8397-302d2220141c:192.168.30.11:36108] with ContainerStateMachine:uninitialized
2019-09-27 21:15:45,384 [pool-119-thread-1] INFO  server.RaftServerConfigKeys (ConfUtils.java:logGet(43)) - raft.server.log.appender.install.snapshot.enabled = false (custom)
2019-09-27 21:15:45,384 [pool-169-thread-1] INFO  server.RaftServerConfigKeys (ConfUtils.java:logGet(43)) - raft.server.rpc.timeout.min = 5s (custom)
2019-09-27 21:15:45,384 [pool-119-thread-1] INFO  impl.RaftServerImpl (ServerState.java:<init>(103)) - eae5b4c6-9516-4f3b-8a39-d0052709847d@group-52FEFF0F1D50: ConfigurationManager, init=-1: [eae5b4c6-9516-4f3b-8a39-d0052709847d:192.168.30.11:38185, f99ed73b-523e-4dbb-b36d-9060b33c1e68:192.168.30.11:36400, f0ddf341-8f5a-4866-8397-302d2220141c:192.168.30.11:36108], old=null, confs=<EMPTY_MAP>
2019-09-27 21:15:45,384 [pool-169-thread-1] INFO  server.RaftServerConfigKeys (ConfUtils.java:logGet(43)) - raft.server.rpc.timeout.max = 5200ms (custom)
2019-09-27 21:15:45,385 [pool-119-thread-1] INFO  server.RaftServerConfigKeys (ConfUtils.java:logGet(43)) - raft.server.storage.dir = [/workdir/hadoop-ozone/integration-test/target/test-dir/MiniOzoneClusterImpl-f8201cb5-856e-406f-97aa-d4fb03259294/datanode-0/data/ratis] (custom)
2019-09-27 21:15:45,385 [pool-169-thread-1] INFO  server.RaftServerConfigKeys (ConfUtils.java:logGet(43)) - raft.server.rpcslowness.timeout = 120s (custom)
2019-09-27 21:15:45,385 [pool-169-thread-1] INFO  server.RaftServerConfigKeys (ConfUtils.java:logGet(43)) - raft.server.sleep.deviation.threshold = 300 (default)
2019-09-27 21:15:45,385 [pool-119-thread-1] INFO  storage.RaftStorageDirectory (RaftStorageDirectory.java:analyzeStorage(246)) - The storage directory /workdir/hadoop-ozone/integration-test/target/test-dir/MiniOzoneClusterImpl-f8201cb5-856e-406f-97aa-d4fb03259294/datanode-0/data/ratis/a6c84c6c-dfa9-4bf2-a25c-52feff0f1d50 does not exist. Creating ...
2019-09-27 21:15:45,385 [pool-169-thread-1] INFO  server.RaftServerConfigKeys (ConfUtils.java:logGet(43)) - raft.server.log.appender.install.snapshot.enabled = false (custom)
2019-09-27 21:15:45,385 [pool-169-thread-1] INFO  impl.RaftServerImpl (ServerState.java:<init>(103)) - f99ed73b-523e-4dbb-b36d-9060b33c1e68@group-52FEFF0F1D50: ConfigurationManager, init=-1: [eae5b4c6-9516-4f3b-8a39-d0052709847d:192.168.30.11:38185, f99ed73b-523e-4dbb-b36d-9060b33c1e68:192.168.30.11:36400, f0ddf341-8f5a-4866-8397-302d2220141c:192.168.30.11:36108], old=null, confs=<EMPTY_MAP>
2019-09-27 21:15:45,386 [pool-169-thread-1] INFO  server.RaftServerConfigKeys (ConfUtils.java:logGet(43)) - raft.server.storage.dir = [/workdir/hadoop-ozone/integration-test/target/test-dir/MiniOzoneClusterImpl-f8201cb5-856e-406f-97aa-d4fb03259294/datanode-5/data/ratis] (custom)
2019-09-27 21:15:45,386 [pool-169-thread-1] INFO  storage.RaftStorageDirectory (RaftStorageDirectory.java:analyzeStorage(246)) - The storage directory /workdir/hadoop-ozone/integration-test/target/test-dir/MiniOzoneClusterImpl-f8201cb5-856e-406f-97aa-d4fb03259294/datanode-5/data/ratis/a6c84c6c-dfa9-4bf2-a25c-52feff0f1d50 does not exist. Creating ...
2019-09-27 21:15:45,406 [pool-129-thread-1] INFO  storage.RaftStorageDirectory (RaftStorageDirectory.java:tryLock(328)) - Lock on /workdir/hadoop-ozone/integration-test/target/test-dir/MiniOzoneClusterImpl-f8201cb5-856e-406f-97aa-d4fb03259294/datanode-1/data/ratis/a6c84c6c-dfa9-4bf2-a25c-52feff0f1d50/in_use.lock acquired by nodename 8340@pr-hdds-1146-sq6w4-1294053398
2019-09-27 21:15:45,406 [pool-169-thread-1] INFO  storage.RaftStorageDirectory (RaftStorageDirectory.java:tryLock(328)) - Lock on /workdir/hadoop-ozone/integration-test/target/test-dir/MiniOzoneClusterImpl-f8201cb5-856e-406f-97aa-d4fb03259294/datanode-5/data/ratis/a6c84c6c-dfa9-4bf2-a25c-52feff0f1d50/in_use.lock acquired by nodename 8340@pr-hdds-1146-sq6w4-1294053398
2019-09-27 21:15:45,406 [pool-119-thread-1] INFO  storage.RaftStorageDirectory (RaftStorageDirectory.java:tryLock(328)) - Lock on /workdir/hadoop-ozone/integration-test/target/test-dir/MiniOzoneClusterImpl-f8201cb5-856e-406f-97aa-d4fb03259294/datanode-0/data/ratis/a6c84c6c-dfa9-4bf2-a25c-52feff0f1d50/in_use.lock acquired by nodename 8340@pr-hdds-1146-sq6w4-1294053398
2019-09-27 21:15:45,440 [pool-129-thread-1] INFO  storage.RaftStorage (RaftStorage.java:format(72)) - Storage directory /workdir/hadoop-ozone/integration-test/target/test-dir/MiniOzoneClusterImpl-f8201cb5-856e-406f-97aa-d4fb03259294/datanode-1/data/ratis/a6c84c6c-dfa9-4bf2-a25c-52feff0f1d50 has been successfully formatted.
2019-09-27 21:15:45,440 [pool-119-thread-1] INFO  storage.RaftStorage (RaftStorage.java:format(72)) - Storage directory /workdir/hadoop-ozone/integration-test/target/test-dir/MiniOzoneClusterImpl-f8201cb5-856e-406f-97aa-d4fb03259294/datanode-0/data/ratis/a6c84c6c-dfa9-4bf2-a25c-52feff0f1d50 has been successfully formatted.
2019-09-27 21:15:45,440 [pool-169-thread-1] INFO  storage.RaftStorage (RaftStorage.java:format(72)) - Storage directory /workdir/hadoop-ozone/integration-test/target/test-dir/MiniOzoneClusterImpl-f8201cb5-856e-406f-97aa-d4fb03259294/datanode-5/data/ratis/a6c84c6c-dfa9-4bf2-a25c-52feff0f1d50 has been successfully formatted.
2019-09-27 21:15:45,440 [pool-129-thread-1] INFO  ratis.ContainerStateMachine (ContainerStateMachine.java:loadSnapshot(230)) - group-52FEFF0F1D50: The snapshot info is null. Setting the last applied indexto:(t:0, i:~)
2019-09-27 21:15:45,440 [pool-119-thread-1] INFO  ratis.ContainerStateMachine (ContainerStateMachine.java:loadSnapshot(230)) - group-52FEFF0F1D50: The snapshot info is null. Setting the last applied indexto:(t:0, i:~)
2019-09-27 21:15:45,441 [pool-129-thread-1] INFO  server.RaftServerConfigKeys (ConfUtils.java:logGet(43)) - raft.server.notification.no-leader.timeout = 120s (custom)
2019-09-27 21:15:45,441 [pool-169-thread-1] INFO  ratis.ContainerStateMachine (ContainerStateMachine.java:loadSnapshot(230)) - group-52FEFF0F1D50: The snapshot info is null. Setting the last applied indexto:(t:0, i:~)
2019-09-27 21:15:45,441 [pool-129-thread-1] INFO  server.RaftServerConfigKeys (ConfUtils.java:logGet(43)) - raft.server.log.use.memory = false (default)
2019-09-27 21:15:45,441 [pool-119-thread-1] INFO  server.RaftServerConfigKeys (ConfUtils.java:logGet(43)) - raft.server.notification.no-leader.timeout = 120s (custom)
2019-09-27 21:15:45,441 [pool-129-thread-1] INFO  server.RaftServerConfigKeys (ConfUtils.java:logGet(43)) - raft.server.log.purge.gap = 1000000 (custom)
2019-09-27 21:15:45,441 [pool-169-thread-1] INFO  server.RaftServerConfigKeys (ConfUtils.java:logGet(43)) - raft.server.notification.no-leader.timeout = 120s (custom)
2019-09-27 21:15:45,442 [pool-129-thread-1] INFO  server.RaftServerConfigKeys (ConfUtils.java:logGet(43)) - raft.server.log.appender.buffer.byte-limit = 33554432 (custom)
2019-09-27 21:15:45,441 [pool-119-thread-1] INFO  server.RaftServerConfigKeys (ConfUtils.java:logGet(43)) - raft.server.log.use.memory = false (default)
2019-09-27 21:15:45,442 [pool-129-thread-1] INFO  server.RaftServerConfigKeys (ConfUtils.java:logGet(43)) - raft.server.log.segment.size.max = 1048576 (custom)
2019-09-27 21:15:45,442 [pool-169-thread-1] INFO  server.RaftServerConfigKeys (ConfUtils.java:logGet(43)) - raft.server.log.use.memory = false (default)
2019-09-27 21:15:45,442 [pool-129-thread-1] INFO  server.RaftServerConfigKeys (ConfUtils.java:logGet(43)) - raft.server.log.segment.cache.num.max = 2 (custom)
2019-09-27 21:15:45,442 [pool-119-thread-1] INFO  server.RaftServerConfigKeys (ConfUtils.java:logGet(43)) - raft.server.log.purge.gap = 1000000 (custom)
2019-09-27 21:15:45,443 [pool-129-thread-1] INFO  segmented.SegmentedRaftLogWorker (SegmentedRaftLogWorker.java:<init>(172)) - new f0ddf341-8f5a-4866-8397-302d2220141c@group-52FEFF0F1D50-SegmentedRaftLogWorker for RaftStorage:Storage Directory /workdir/hadoop-ozone/integration-test/target/test-dir/MiniOzoneClusterImpl-f8201cb5-856e-406f-97aa-d4fb03259294/datanode-1/data/ratis/a6c84c6c-dfa9-4bf2-a25c-52feff0f1d50
2019-09-27 21:15:45,442 [pool-169-thread-1] INFO  server.RaftServerConfigKeys (ConfUtils.java:logGet(43)) - raft.server.log.purge.gap = 1000000 (custom)
2019-09-27 21:15:45,443 [pool-129-thread-1] INFO  server.RaftServerConfigKeys (ConfUtils.java:logGet(43)) - raft.server.log.queue.byte-limit = 2147483647 (custom)
2019-09-27 21:15:45,443 [pool-119-thread-1] INFO  server.RaftServerConfigKeys (ConfUtils.java:logGet(43)) - raft.server.log.appender.buffer.byte-limit = 33554432 (custom)
2019-09-27 21:15:45,443 [pool-129-thread-1] INFO  server.RaftServerConfigKeys (ConfUtils.java:logGet(43)) - raft.server.log.queue.element-limit = 1024 (custom)
2019-09-27 21:15:45,443 [pool-169-thread-1] INFO  server.RaftServerConfigKeys (ConfUtils.java:logGet(43)) - raft.server.log.appender.buffer.byte-limit = 33554432 (custom)
2019-09-27 21:15:45,444 [pool-129-thread-1] INFO  server.RaftServerConfigKeys (ConfUtils.java:logGet(43)) - raft.server.log.segment.size.max = 1048576 (custom)
2019-09-27 21:15:45,444 [pool-119-thread-1] INFO  server.RaftServerConfigKeys (ConfUtils.java:logGet(43)) - raft.server.log.segment.size.max = 1048576 (custom)
2019-09-27 21:15:45,444 [pool-129-thread-1] INFO  server.RaftServerConfigKeys (ConfUtils.java:logGet(43)) - raft.server.log.preallocated.size = 16384 (custom)
2019-09-27 21:15:45,444 [pool-169-thread-1] INFO  server.RaftServerConfigKeys (ConfUtils.java:logGet(43)) - raft.server.log.segment.size.max = 1048576 (custom)
2019-09-27 21:15:45,444 [pool-129-thread-1] INFO  server.RaftServerConfigKeys (ConfUtils.java:logGet(43)) - raft.server.log.write.buffer.size = 33554432 (custom)
2019-09-27 21:15:45,444 [pool-119-thread-1] INFO  server.RaftServerConfigKeys (ConfUtils.java:logGet(43)) - raft.server.log.segment.cache.num.max = 2 (custom)
2019-09-27 21:15:45,445 [pool-129-thread-1] INFO  server.RaftServerConfigKeys (ConfUtils.java:logGet(43)) - raft.server.log.force.sync.num = 128 (default)
2019-09-27 21:15:45,445 [pool-169-thread-1] INFO  server.RaftServerConfigKeys (ConfUtils.java:logGet(43)) - raft.server.log.segment.cache.num.max = 2 (custom)
2019-09-27 21:15:45,445 [pool-129-thread-1] INFO  server.RaftServerConfigKeys (ConfUtils.java:logGet(43)) - raft.server.log.statemachine.data.sync = true (default)
2019-09-27 21:15:45,445 [pool-119-thread-1] INFO  segmented.SegmentedRaftLogWorker (SegmentedRaftLogWorker.java:<init>(172)) - new eae5b4c6-9516-4f3b-8a39-d0052709847d@group-52FEFF0F1D50-SegmentedRaftLogWorker for RaftStorage:Storage Directory /workdir/hadoop-ozone/integration-test/target/test-dir/MiniOzoneClusterImpl-f8201cb5-856e-406f-97aa-d4fb03259294/datanode-0/data/ratis/a6c84c6c-dfa9-4bf2-a25c-52feff0f1d50
2019-09-27 21:15:45,445 [pool-129-thread-1] INFO  server.RaftServerConfigKeys (ConfUtils.java:logGet(43)) - raft.server.log.statemachine.data.sync.timeout = 10s (default)
2019-09-27 21:15:45,445 [pool-169-thread-1] INFO  segmented.SegmentedRaftLogWorker (SegmentedRaftLogWorker.java:<init>(172)) - new f99ed73b-523e-4dbb-b36d-9060b33c1e68@group-52FEFF0F1D50-SegmentedRaftLogWorker for RaftStorage:Storage Directory /workdir/hadoop-ozone/integration-test/target/test-dir/MiniOzoneClusterImpl-f8201cb5-856e-406f-97aa-d4fb03259294/datanode-5/data/ratis/a6c84c6c-dfa9-4bf2-a25c-52feff0f1d50
2019-09-27 21:15:45,446 [pool-129-thread-1] INFO  server.RaftServerConfigKeys (ConfUtils.java:logGet(43)) - raft.server.log.statemachine.data.sync.timeout.retry = -1 (default)
2019-09-27 21:15:45,446 [pool-119-thread-1] INFO  server.RaftServerConfigKeys (ConfUtils.java:logGet(43)) - raft.server.log.queue.byte-limit = 2147483647 (custom)
2019-09-27 21:15:45,446 [pool-129-thread-1] INFO  server.RaftServerConfigKeys (ConfUtils.java:logGet(43)) - raft.server.log.statemachine.data.caching.enabled = true (custom)
2019-09-27 21:15:45,446 [pool-169-thread-1] INFO  server.RaftServerConfigKeys (ConfUtils.java:logGet(43)) - raft.server.log.queue.byte-limit = 2147483647 (custom)
2019-09-27 21:15:45,446 [pool-119-thread-1] INFO  server.RaftServerConfigKeys (ConfUtils.java:logGet(43)) - raft.server.log.queue.element-limit = 1024 (custom)
2019-09-27 21:15:45,447 [pool-169-thread-1] INFO  server.RaftServerConfigKeys (ConfUtils.java:logGet(43)) - raft.server.log.queue.element-limit = 1024 (custom)
2019-09-27 21:15:45,447 [pool-129-thread-1] INFO  segmented.SegmentedRaftLogWorker (SegmentedRaftLogWorker.java:lambda$new$0(132)) - f0ddf341-8f5a-4866-8397-302d2220141c@group-52FEFF0F1D50-SegmentedRaftLogWorker: flushIndex: setUnconditionally 0 -> -1
2019-09-27 21:15:45,447 [pool-169-thread-1] INFO  server.RaftServerConfigKeys (ConfUtils.java:logGet(43)) - raft.server.log.segment.size.max = 1048576 (custom)
2019-09-27 21:15:45,447 [pool-119-thread-1] INFO  server.RaftServerConfigKeys (ConfUtils.java:logGet(43)) - raft.server.log.segment.size.max = 1048576 (custom)
2019-09-27 21:15:45,447 [pool-129-thread-1] INFO  server.RaftServerConfigKeys (ConfUtils.java:logGet(43)) - raft.server.snapshot.auto.trigger.enabled = true (custom)
2019-09-27 21:15:45,447 [pool-169-thread-1] INFO  server.RaftServerConfigKeys (ConfUtils.java:logGet(43)) - raft.server.log.preallocated.size = 16384 (custom)
2019-09-27 21:15:45,448 [pool-129-thread-1] INFO  server.RaftServerConfigKeys (ConfUtils.java:logGet(43)) - raft.server.snapshot.auto.trigger.threshold = 10000 (custom)
2019-09-27 21:15:45,448 [pool-119-thread-1] INFO  server.RaftServerConfigKeys (ConfUtils.java:logGet(43)) - raft.server.log.preallocated.size = 16384 (custom)
2019-09-27 21:15:45,448 [pool-129-thread-1] INFO  server.RaftServerConfigKeys (ConfUtils.java:logGet(43)) - raft.server.snapshot.retention.num.files = 5 (custom)
2019-09-27 21:15:45,448 [pool-169-thread-1] INFO  server.RaftServerConfigKeys (ConfUtils.java:logGet(43)) - raft.server.log.write.buffer.size = 33554432 (custom)
2019-09-27 21:15:45,448 [pool-129-thread-1] INFO  server.RaftServerConfigKeys (ConfUtils.java:logGet(43)) - raft.server.retrycache.expirytime = 600000ms (custom)
2019-09-27 21:15:45,448 [pool-119-thread-1] INFO  server.RaftServerConfigKeys (ConfUtils.java:logGet(43)) - raft.server.log.write.buffer.size = 33554432 (custom)
2019-09-27 21:15:45,449 [pool-169-thread-1] INFO  server.RaftServerConfigKeys (ConfUtils.java:logGet(43)) - raft.server.log.force.sync.num = 128 (default)
2019-09-27 21:15:45,449 [pool-119-thread-1] INFO  server.RaftServerConfigKeys (ConfUtils.java:logGet(43)) - raft.server.log.force.sync.num = 128 (default)
2019-09-27 21:15:45,449 [pool-169-thread-1] INFO  server.RaftServerConfigKeys (ConfUtils.java:logGet(43)) - raft.server.log.statemachine.data.sync = true (default)
2019-09-27 21:15:45,449 [pool-119-thread-1] INFO  server.RaftServerConfigKeys (ConfUtils.java:logGet(43)) - raft.server.log.statemachine.data.sync = true (default)
2019-09-27 21:15:45,449 [pool-169-thread-1] INFO  server.RaftServerConfigKeys (ConfUtils.java:logGet(43)) - raft.server.log.statemachine.data.sync.timeout = 10s (default)
2019-09-27 21:15:45,450 [pool-119-thread-1] INFO  server.RaftServerConfigKeys (ConfUtils.java:logGet(43)) - raft.server.log.statemachine.data.sync.timeout = 10s (default)
2019-09-27 21:15:45,450 [pool-169-thread-1] INFO  server.RaftServerConfigKeys (ConfUtils.java:logGet(43)) - raft.server.log.statemachine.data.sync.timeout.retry = -1 (default)
2019-09-27 21:15:45,450 [pool-119-thread-1] INFO  server.RaftServerConfigKeys (ConfUtils.java:logGet(43)) - raft.server.log.statemachine.data.sync.timeout.retry = -1 (default)
2019-09-27 21:15:45,450 [pool-169-thread-1] INFO  server.RaftServerConfigKeys (ConfUtils.java:logGet(43)) - raft.server.log.statemachine.data.caching.enabled = true (custom)
2019-09-27 21:15:45,450 [pool-119-thread-1] INFO  server.RaftServerConfigKeys (ConfUtils.java:logGet(43)) - raft.server.log.statemachine.data.caching.enabled = true (custom)
2019-09-27 21:15:45,451 [pool-169-thread-1] INFO  segmented.SegmentedRaftLogWorker (SegmentedRaftLogWorker.java:lambda$new$0(132)) - f99ed73b-523e-4dbb-b36d-9060b33c1e68@group-52FEFF0F1D50-SegmentedRaftLogWorker: flushIndex: setUnconditionally 0 -> -1
2019-09-27 21:15:45,451 [pool-119-thread-1] INFO  segmented.SegmentedRaftLogWorker (SegmentedRaftLogWorker.java:lambda$new$0(132)) - eae5b4c6-9516-4f3b-8a39-d0052709847d@group-52FEFF0F1D50-SegmentedRaftLogWorker: flushIndex: setUnconditionally 0 -> -1
2019-09-27 21:15:45,451 [pool-169-thread-1] INFO  server.RaftServerConfigKeys (ConfUtils.java:logGet(43)) - raft.server.snapshot.auto.trigger.enabled = true (custom)
2019-09-27 21:15:45,451 [pool-119-thread-1] INFO  server.RaftServerConfigKeys (ConfUtils.java:logGet(43)) - raft.server.snapshot.auto.trigger.enabled = true (custom)
2019-09-27 21:15:45,451 [pool-169-thread-1] INFO  server.RaftServerConfigKeys (ConfUtils.java:logGet(43)) - raft.server.snapshot.auto.trigger.threshold = 10000 (custom)
2019-09-27 21:15:45,451 [pool-119-thread-1] INFO  server.RaftServerConfigKeys (ConfUtils.java:logGet(43)) - raft.server.snapshot.auto.trigger.threshold = 10000 (custom)
2019-09-27 21:15:45,452 [pool-169-thread-1] INFO  server.RaftServerConfigKeys (ConfUtils.java:logGet(43)) - raft.server.snapshot.retention.num.files = 5 (custom)
2019-09-27 21:15:45,452 [pool-119-thread-1] INFO  server.RaftServerConfigKeys (ConfUtils.java:logGet(43)) - raft.server.snapshot.retention.num.files = 5 (custom)
2019-09-27 21:15:45,452 [pool-169-thread-1] INFO  server.RaftServerConfigKeys (ConfUtils.java:logGet(43)) - raft.server.retrycache.expirytime = 600000ms (custom)
2019-09-27 21:15:45,452 [pool-129-thread-1] INFO  impl.RaftServerImpl (RaftServerImpl.java:start(185)) - f0ddf341-8f5a-4866-8397-302d2220141c@group-52FEFF0F1D50: start as a follower, conf=-1: [eae5b4c6-9516-4f3b-8a39-d0052709847d:192.168.30.11:38185, f99ed73b-523e-4dbb-b36d-9060b33c1e68:192.168.30.11:36400, f0ddf341-8f5a-4866-8397-302d2220141c:192.168.30.11:36108], old=null
2019-09-27 21:15:45,452 [pool-119-thread-1] INFO  server.RaftServerConfigKeys (ConfUtils.java:logGet(43)) - raft.server.retrycache.expirytime = 600000ms (custom)
2019-09-27 21:15:45,452 [pool-129-thread-1] INFO  impl.RaftServerImpl (RaftServerImpl.java:setRole(174)) - f0ddf341-8f5a-4866-8397-302d2220141c@group-52FEFF0F1D50: changes role from      null to FOLLOWER at term 0 for startAsFollower
2019-09-27 21:15:45,453 [pool-129-thread-1] INFO  impl.RoleInfo (RoleInfo.java:updateAndGet(143)) - f0ddf341-8f5a-4866-8397-302d2220141c: start FollowerState
2019-09-27 21:15:45,453 [pool-129-thread-1] INFO  util.JmxRegister (JmxRegister.java:tryRegister(44)) - Successfully registered JMX Bean with object name Ratis:service=RaftServer,group=group-52FEFF0F1D50,id=f0ddf341-8f5a-4866-8397-302d2220141c
2019-09-27 21:15:45,459 [pool-169-thread-1] INFO  impl.RaftServerImpl (RaftServerImpl.java:start(185)) - f99ed73b-523e-4dbb-b36d-9060b33c1e68@group-52FEFF0F1D50: start as a follower, conf=-1: [eae5b4c6-9516-4f3b-8a39-d0052709847d:192.168.30.11:38185, f99ed73b-523e-4dbb-b36d-9060b33c1e68:192.168.30.11:36400, f0ddf341-8f5a-4866-8397-302d2220141c:192.168.30.11:36108], old=null
2019-09-27 21:15:45,459 [pool-169-thread-1] INFO  impl.RaftServerImpl (RaftServerImpl.java:setRole(174)) - f99ed73b-523e-4dbb-b36d-9060b33c1e68@group-52FEFF0F1D50: changes role from      null to FOLLOWER at term 0 for startAsFollower
2019-09-27 21:15:45,459 [pool-119-thread-1] INFO  impl.RaftServerImpl (RaftServerImpl.java:start(185)) - eae5b4c6-9516-4f3b-8a39-d0052709847d@group-52FEFF0F1D50: start as a follower, conf=-1: [eae5b4c6-9516-4f3b-8a39-d0052709847d:192.168.30.11:38185, f99ed73b-523e-4dbb-b36d-9060b33c1e68:192.168.30.11:36400, f0ddf341-8f5a-4866-8397-302d2220141c:192.168.30.11:36108], old=null
2019-09-27 21:15:45,459 [pool-169-thread-1] INFO  impl.RoleInfo (RoleInfo.java:updateAndGet(143)) - f99ed73b-523e-4dbb-b36d-9060b33c1e68: start FollowerState
2019-09-27 21:15:45,459 [pool-119-thread-1] INFO  impl.RaftServerImpl (RaftServerImpl.java:setRole(174)) - eae5b4c6-9516-4f3b-8a39-d0052709847d@group-52FEFF0F1D50: changes role from      null to FOLLOWER at term 0 for startAsFollower
2019-09-27 21:15:45,459 [pool-119-thread-1] INFO  impl.RoleInfo (RoleInfo.java:updateAndGet(143)) - eae5b4c6-9516-4f3b-8a39-d0052709847d: start FollowerState
2019-09-27 21:15:45,460 [pool-169-thread-1] INFO  util.JmxRegister (JmxRegister.java:tryRegister(44)) - Successfully registered JMX Bean with object name Ratis:service=RaftServer,group=group-52FEFF0F1D50,id=f99ed73b-523e-4dbb-b36d-9060b33c1e68
2019-09-27 21:15:45,460 [pool-119-thread-1] INFO  util.JmxRegister (JmxRegister.java:tryRegister(44)) - Successfully registered JMX Bean with object name Ratis:service=RaftServer,group=group-52FEFF0F1D50,id=eae5b4c6-9516-4f3b-8a39-d0052709847d
2019-09-27 21:15:45,475 [RatisPipelineUtilsThread] INFO  pipeline.PipelineStateManager (PipelineStateManager.java:addPipeline(56)) - Created pipeline Pipeline[ Id: a6c84c6c-dfa9-4bf2-a25c-52feff0f1d50, Nodes: eae5b4c6-9516-4f3b-8a39-d0052709847d{ip: 192.168.30.11, host: pr-hdds-1146-sq6w4-1294053398, networkLocation: /default-rack, certSerialId: null}f0ddf341-8f5a-4866-8397-302d2220141c{ip: 192.168.30.11, host: pr-hdds-1146-sq6w4-1294053398, networkLocation: /default-rack, certSerialId: null}f99ed73b-523e-4dbb-b36d-9060b33c1e68{ip: 192.168.30.11, host: pr-hdds-1146-sq6w4-1294053398, networkLocation: /default-rack, certSerialId: null}, Type:RATIS, Factor:THREE, State:OPEN]
2019-09-27 21:15:47,661 [Thread-983] INFO  container.ReplicationManager (ReplicationManager.java:start(162)) - Starting Replication Monitor Thread.
2019-09-27 21:15:47,665 [ReplicationMonitor] INFO  container.ReplicationManager (ReplicationManager.java:run(225)) - Replication Monitor Thread took 1 milliseconds for processing 1 containers.
2019-09-27 21:15:49,808 [Thread-985] INFO  impl.FollowerState (FollowerState.java:run(106)) - eae5b4c6-9516-4f3b-8a39-d0052709847d:group-6DF3946D0397 changes to CANDIDATE, lastRpcTime:5077, electionTimeout:5077ms
2019-09-27 21:15:49,809 [Thread-985] INFO  impl.RoleInfo (RoleInfo.java:shutdownFollowerState(121)) - eae5b4c6-9516-4f3b-8a39-d0052709847d: shutdown FollowerState
2019-09-27 21:15:49,809 [Thread-985] INFO  impl.RaftServerImpl (RaftServerImpl.java:setRole(174)) - eae5b4c6-9516-4f3b-8a39-d0052709847d@group-6DF3946D0397: changes role from  FOLLOWER to CANDIDATE at term 0 for changeToCandidate
2019-09-27 21:15:49,809 [Thread-985] INFO  impl.RoleInfo (RoleInfo.java:updateAndGet(143)) - eae5b4c6-9516-4f3b-8a39-d0052709847d: start LeaderElection
2019-09-27 21:15:49,845 [eae5b4c6-9516-4f3b-8a39-d0052709847d@group-6DF3946D0397:LeaderElection21] INFO  impl.LeaderElection (LeaderElection.java:askForVotes(182)) - eae5b4c6-9516-4f3b-8a39-d0052709847d@group-6DF3946D0397:LeaderElection21: begin an election at term 1 for -1: [eae5b4c6-9516-4f3b-8a39-d0052709847d:192.168.30.11:38185], old=null
2019-09-27 21:15:49,846 [eae5b4c6-9516-4f3b-8a39-d0052709847d@group-6DF3946D0397:LeaderElection21] INFO  impl.RoleInfo (RoleInfo.java:shutdownLeaderElection(134)) - eae5b4c6-9516-4f3b-8a39-d0052709847d: shutdown LeaderElection
2019-09-27 21:15:49,846 [eae5b4c6-9516-4f3b-8a39-d0052709847d@group-6DF3946D0397:LeaderElection21] INFO  impl.RaftServerImpl (RaftServerImpl.java:setRole(174)) - eae5b4c6-9516-4f3b-8a39-d0052709847d@group-6DF3946D0397: changes role from CANDIDATE to LEADER at term 1 for changeToLeader
2019-09-27 21:15:49,846 [eae5b4c6-9516-4f3b-8a39-d0052709847d@group-6DF3946D0397:LeaderElection21] INFO  impl.RaftServerImpl (ServerState.java:setLeader(253)) - eae5b4c6-9516-4f3b-8a39-d0052709847d@group-6DF3946D0397: change Leader from null to eae5b4c6-9516-4f3b-8a39-d0052709847d at term 1 for becomeLeader, leader elected after 5124ms
2019-09-27 21:15:49,848 [eae5b4c6-9516-4f3b-8a39-d0052709847d@group-6DF3946D0397:LeaderElection21] INFO  server.RaftServerConfigKeys (ConfUtils.java:logGet(43)) - raft.server.staging.catchup.gap = 1000 (default)
2019-09-27 21:15:49,848 [eae5b4c6-9516-4f3b-8a39-d0052709847d@group-6DF3946D0397:LeaderElection21] INFO  server.RaftServerConfigKeys (ConfUtils.java:logGet(43)) - raft.server.rpc.sleep.time = 25ms (default)
2019-09-27 21:15:49,849 [eae5b4c6-9516-4f3b-8a39-d0052709847d@group-6DF3946D0397:LeaderElection21] INFO  server.RaftServerConfigKeys (ConfUtils.java:logGet(43)) - raft.server.write.element-limit = 4096 (default)
2019-09-27 21:15:49,849 [eae5b4c6-9516-4f3b-8a39-d0052709847d@group-6DF3946D0397:LeaderElection21] INFO  server.RaftServerConfigKeys (ConfUtils.java:logGet(43)) - raft.server.watch.timeout = 10s (default)
2019-09-27 21:15:49,849 [eae5b4c6-9516-4f3b-8a39-d0052709847d@group-6DF3946D0397:LeaderElection21] INFO  server.RaftServerConfigKeys (ConfUtils.java:logGet(43)) - raft.server.watch.timeout.denomination = 1s (default)
2019-09-27 21:15:49,849 [eae5b4c6-9516-4f3b-8a39-d0052709847d@group-6DF3946D0397:LeaderElection21] INFO  server.RaftServerConfigKeys (ConfUtils.java:logGet(43)) - raft.server.watch.element-limit = 65536 (default)
2019-09-27 21:15:49,853 [eae5b4c6-9516-4f3b-8a39-d0052709847d@group-6DF3946D0397:LeaderElection21] INFO  impl.RoleInfo (RoleInfo.java:updateAndGet(143)) - eae5b4c6-9516-4f3b-8a39-d0052709847d: start LeaderState
2019-09-27 21:15:49,854 [eae5b4c6-9516-4f3b-8a39-d0052709847d@group-6DF3946D0397:LeaderElection21] INFO  segmented.SegmentedRaftLogWorker (SegmentedRaftLogWorker.java:startLogSegment(380)) - eae5b4c6-9516-4f3b-8a39-d0052709847d@group-6DF3946D0397-SegmentedRaftLogWorker: Starting segment from index:0
2019-09-27 21:15:49,855 [eae5b4c6-9516-4f3b-8a39-d0052709847d@group-6DF3946D0397:LeaderElection21] INFO  impl.RaftServerImpl (ServerState.java:setRaftConf(354)) - eae5b4c6-9516-4f3b-8a39-d0052709847d@group-6DF3946D0397: set configuration 0: [eae5b4c6-9516-4f3b-8a39-d0052709847d:192.168.30.11:38185], old=null at 0
2019-09-27 21:15:49,859 [Thread-988] INFO  impl.FollowerState (FollowerState.java:run(106)) - f0ddf341-8f5a-4866-8397-302d2220141c:group-F068019F3DFB changes to CANDIDATE, lastRpcTime:5055, electionTimeout:5055ms
2019-09-27 21:15:49,859 [Thread-988] INFO  impl.RoleInfo (RoleInfo.java:shutdownFollowerState(121)) - f0ddf341-8f5a-4866-8397-302d2220141c: shutdown FollowerState
2019-09-27 21:15:49,859 [Thread-988] INFO  impl.RaftServerImpl (RaftServerImpl.java:setRole(174)) - f0ddf341-8f5a-4866-8397-302d2220141c@group-F068019F3DFB: changes role from  FOLLOWER to CANDIDATE at term 0 for changeToCandidate
2019-09-27 21:15:49,860 [Thread-988] INFO  impl.RoleInfo (RoleInfo.java:updateAndGet(143)) - f0ddf341-8f5a-4866-8397-302d2220141c: start LeaderElection
2019-09-27 21:15:49,912 [eae5b4c6-9516-4f3b-8a39-d0052709847d@group-6DF3946D0397-SegmentedRaftLogWorker] INFO  segmented.SegmentedRaftLogWorker (SegmentedRaftLogWorker.java:execute(569)) - eae5b4c6-9516-4f3b-8a39-d0052709847d@group-6DF3946D0397-SegmentedRaftLogWorker: created new log segment /workdir/hadoop-ozone/integration-test/target/test-dir/MiniOzoneClusterImpl-f8201cb5-856e-406f-97aa-d4fb03259294/datanode-0/data/ratis/92dea019-b3a1-4cec-afa5-6df3946d0397/current/log_inprogress_0
2019-09-27 21:15:49,912 [f0ddf341-8f5a-4866-8397-302d2220141c@group-F068019F3DFB:LeaderElection22] INFO  impl.LeaderElection (LeaderElection.java:askForVotes(182)) - f0ddf341-8f5a-4866-8397-302d2220141c@group-F068019F3DFB:LeaderElection22: begin an election at term 1 for -1: [f0ddf341-8f5a-4866-8397-302d2220141c:192.168.30.11:36108], old=null
2019-09-27 21:15:49,913 [f0ddf341-8f5a-4866-8397-302d2220141c@group-F068019F3DFB:LeaderElection22] INFO  impl.RoleInfo (RoleInfo.java:shutdownLeaderElection(134)) - f0ddf341-8f5a-4866-8397-302d2220141c: shutdown LeaderElection
2019-09-27 21:15:49,913 [f0ddf341-8f5a-4866-8397-302d2220141c@group-F068019F3DFB:LeaderElection22] INFO  impl.RaftServerImpl (RaftServerImpl.java:setRole(174)) - f0ddf341-8f5a-4866-8397-302d2220141c@group-F068019F3DFB: changes role from CANDIDATE to LEADER at term 1 for changeToLeader
2019-09-27 21:15:49,913 [f0ddf341-8f5a-4866-8397-302d2220141c@group-F068019F3DFB:LeaderElection22] INFO  impl.RaftServerImpl (ServerState.java:setLeader(253)) - f0ddf341-8f5a-4866-8397-302d2220141c@group-F068019F3DFB: change Leader from null to f0ddf341-8f5a-4866-8397-302d2220141c at term 1 for becomeLeader, leader elected after 5121ms
2019-09-27 21:15:49,915 [f0ddf341-8f5a-4866-8397-302d2220141c@group-F068019F3DFB:LeaderElection22] INFO  server.RaftServerConfigKeys (ConfUtils.java:logGet(43)) - raft.server.staging.catchup.gap = 1000 (default)
2019-09-27 21:15:49,916 [f0ddf341-8f5a-4866-8397-302d2220141c@group-F068019F3DFB:LeaderElection22] INFO  server.RaftServerConfigKeys (ConfUtils.java:logGet(43)) - raft.server.rpc.sleep.time = 25ms (default)
2019-09-27 21:15:49,916 [f0ddf341-8f5a-4866-8397-302d2220141c@group-F068019F3DFB:LeaderElection22] INFO  server.RaftServerConfigKeys (ConfUtils.java:logGet(43)) - raft.server.write.element-limit = 4096 (default)
2019-09-27 21:15:49,916 [f0ddf341-8f5a-4866-8397-302d2220141c@group-F068019F3DFB:LeaderElection22] INFO  server.RaftServerConfigKeys (ConfUtils.java:logGet(43)) - raft.server.watch.timeout = 10s (default)
2019-09-27 21:15:49,916 [f0ddf341-8f5a-4866-8397-302d2220141c@group-F068019F3DFB:LeaderElection22] INFO  server.RaftServerConfigKeys (ConfUtils.java:logGet(43)) - raft.server.watch.timeout.denomination = 1s (default)
2019-09-27 21:15:49,916 [f0ddf341-8f5a-4866-8397-302d2220141c@group-F068019F3DFB:LeaderElection22] INFO  server.RaftServerConfigKeys (ConfUtils.java:logGet(43)) - raft.server.watch.element-limit = 65536 (default)
2019-09-27 21:15:49,919 [f0ddf341-8f5a-4866-8397-302d2220141c@group-F068019F3DFB:LeaderElection22] INFO  impl.RoleInfo (RoleInfo.java:updateAndGet(143)) - f0ddf341-8f5a-4866-8397-302d2220141c: start LeaderState
2019-09-27 21:15:49,919 [f0ddf341-8f5a-4866-8397-302d2220141c@group-F068019F3DFB:LeaderElection22] INFO  segmented.SegmentedRaftLogWorker (SegmentedRaftLogWorker.java:startLogSegment(380)) - f0ddf341-8f5a-4866-8397-302d2220141c@group-F068019F3DFB-SegmentedRaftLogWorker: Starting segment from index:0
2019-09-27 21:15:49,919 [f0ddf341-8f5a-4866-8397-302d2220141c@group-F068019F3DFB:LeaderElection22] INFO  impl.RaftServerImpl (ServerState.java:setRaftConf(354)) - f0ddf341-8f5a-4866-8397-302d2220141c@group-F068019F3DFB: set configuration 0: [f0ddf341-8f5a-4866-8397-302d2220141c:192.168.30.11:36108], old=null at 0
2019-09-27 21:15:49,979 [f0ddf341-8f5a-4866-8397-302d2220141c@group-F068019F3DFB-SegmentedRaftLogWorker] INFO  segmented.SegmentedRaftLogWorker (SegmentedRaftLogWorker.java:execute(569)) - f0ddf341-8f5a-4866-8397-302d2220141c@group-F068019F3DFB-SegmentedRaftLogWorker: created new log segment /workdir/hadoop-ozone/integration-test/target/test-dir/MiniOzoneClusterImpl-f8201cb5-856e-406f-97aa-d4fb03259294/datanode-1/data/ratis/15899fc5-28a3-4c15-9589-f068019f3dfb/current/log_inprogress_0
2019-09-27 21:15:50,002 [Thread-991] INFO  impl.FollowerState (FollowerState.java:run(106)) - 8f236389-d57a-4ab0-86b9-7a3c7defed0a:group-515161258CF9 changes to CANDIDATE, lastRpcTime:5122, electionTimeout:5122ms
2019-09-27 21:15:50,002 [Thread-991] INFO  impl.RoleInfo (RoleInfo.java:shutdownFollowerState(121)) - 8f236389-d57a-4ab0-86b9-7a3c7defed0a: shutdown FollowerState
2019-09-27 21:15:50,002 [Thread-991] INFO  impl.RaftServerImpl (RaftServerImpl.java:setRole(174)) - 8f236389-d57a-4ab0-86b9-7a3c7defed0a@group-515161258CF9: changes role from  FOLLOWER to CANDIDATE at term 0 for changeToCandidate
2019-09-27 21:15:50,003 [Thread-991] INFO  impl.RoleInfo (RoleInfo.java:updateAndGet(143)) - 8f236389-d57a-4ab0-86b9-7a3c7defed0a: start LeaderElection
2019-09-27 21:15:50,023 [Thread-994] INFO  impl.FollowerState (FollowerState.java:run(106)) - 4a7e1e0c-b6e1-46e5-81b2-864fedc4e2e1:group-F7F2BE9F438D changes to CANDIDATE, lastRpcTime:5043, electionTimeout:5043ms
2019-09-27 21:15:50,024 [Thread-994] INFO  impl.RoleInfo (RoleInfo.java:shutdownFollowerState(121)) - 4a7e1e0c-b6e1-46e5-81b2-864fedc4e2e1: shutdown FollowerState
2019-09-27 21:15:50,024 [Thread-994] INFO  impl.RaftServerImpl (RaftServerImpl.java:setRole(174)) - 4a7e1e0c-b6e1-46e5-81b2-864fedc4e2e1@group-F7F2BE9F438D: changes role from  FOLLOWER to CANDIDATE at term 0 for changeToCandidate
2019-09-27 21:15:50,024 [Thread-994] INFO  impl.RoleInfo (RoleInfo.java:updateAndGet(143)) - 4a7e1e0c-b6e1-46e5-81b2-864fedc4e2e1: start LeaderElection
2019-09-27 21:15:50,030 [8f236389-d57a-4ab0-86b9-7a3c7defed0a@group-515161258CF9:LeaderElection23] INFO  impl.LeaderElection (LeaderElection.java:askForVotes(182)) - 8f236389-d57a-4ab0-86b9-7a3c7defed0a@group-515161258CF9:LeaderElection23: begin an election at term 1 for -1: [8f236389-d57a-4ab0-86b9-7a3c7defed0a:192.168.30.11:40638], old=null
2019-09-27 21:15:50,030 [8f236389-d57a-4ab0-86b9-7a3c7defed0a@group-515161258CF9:LeaderElection23] INFO  impl.RoleInfo (RoleInfo.java:shutdownLeaderElection(134)) - 8f236389-d57a-4ab0-86b9-7a3c7defed0a: shutdown LeaderElection
2019-09-27 21:15:50,030 [8f236389-d57a-4ab0-86b9-7a3c7defed0a@group-515161258CF9:LeaderElection23] INFO  impl.RaftServerImpl (RaftServerImpl.java:setRole(174)) - 8f236389-d57a-4ab0-86b9-7a3c7defed0a@group-515161258CF9: changes role from CANDIDATE to LEADER at term 1 for changeToLeader
2019-09-27 21:15:50,030 [8f236389-d57a-4ab0-86b9-7a3c7defed0a@group-515161258CF9:LeaderElection23] INFO  impl.RaftServerImpl (ServerState.java:setLeader(253)) - 8f236389-d57a-4ab0-86b9-7a3c7defed0a@group-515161258CF9: change Leader from null to 8f236389-d57a-4ab0-86b9-7a3c7defed0a at term 1 for becomeLeader, leader elected after 5159ms
2019-09-27 21:15:50,032 [8f236389-d57a-4ab0-86b9-7a3c7defed0a@group-515161258CF9:LeaderElection23] INFO  server.RaftServerConfigKeys (ConfUtils.java:logGet(43)) - raft.server.staging.catchup.gap = 1000 (default)
2019-09-27 21:15:50,032 [8f236389-d57a-4ab0-86b9-7a3c7defed0a@group-515161258CF9:LeaderElection23] INFO  server.RaftServerConfigKeys (ConfUtils.java:logGet(43)) - raft.server.rpc.sleep.time = 25ms (default)
2019-09-27 21:15:50,032 [8f236389-d57a-4ab0-86b9-7a3c7defed0a@group-515161258CF9:LeaderElection23] INFO  server.RaftServerConfigKeys (ConfUtils.java:logGet(43)) - raft.server.write.element-limit = 4096 (default)
2019-09-27 21:15:50,032 [8f236389-d57a-4ab0-86b9-7a3c7defed0a@group-515161258CF9:LeaderElection23] INFO  server.RaftServerConfigKeys (ConfUtils.java:logGet(43)) - raft.server.watch.timeout = 10s (default)
2019-09-27 21:15:50,032 [8f236389-d57a-4ab0-86b9-7a3c7defed0a@group-515161258CF9:LeaderElection23] INFO  server.RaftServerConfigKeys (ConfUtils.java:logGet(43)) - raft.server.watch.timeout.denomination = 1s (default)
2019-09-27 21:15:50,032 [8f236389-d57a-4ab0-86b9-7a3c7defed0a@group-515161258CF9:LeaderElection23] INFO  server.RaftServerConfigKeys (ConfUtils.java:logGet(43)) - raft.server.watch.element-limit = 65536 (default)
2019-09-27 21:15:50,035 [8f236389-d57a-4ab0-86b9-7a3c7defed0a@group-515161258CF9:LeaderElection23] INFO  impl.RoleInfo (RoleInfo.java:updateAndGet(143)) - 8f236389-d57a-4ab0-86b9-7a3c7defed0a: start LeaderState
2019-09-27 21:15:50,035 [8f236389-d57a-4ab0-86b9-7a3c7defed0a@group-515161258CF9:LeaderElection23] INFO  segmented.SegmentedRaftLogWorker (SegmentedRaftLogWorker.java:startLogSegment(380)) - 8f236389-d57a-4ab0-86b9-7a3c7defed0a@group-515161258CF9-SegmentedRaftLogWorker: Starting segment from index:0
2019-09-27 21:15:50,036 [8f236389-d57a-4ab0-86b9-7a3c7defed0a@group-515161258CF9:LeaderElection23] INFO  impl.RaftServerImpl (ServerState.java:setRaftConf(354)) - 8f236389-d57a-4ab0-86b9-7a3c7defed0a@group-515161258CF9: set configuration 0: [8f236389-d57a-4ab0-86b9-7a3c7defed0a:192.168.30.11:40638], old=null at 0
2019-09-27 21:15:50,055 [4a7e1e0c-b6e1-46e5-81b2-864fedc4e2e1@group-F7F2BE9F438D:LeaderElection24] INFO  impl.LeaderElection (LeaderElection.java:askForVotes(182)) - 4a7e1e0c-b6e1-46e5-81b2-864fedc4e2e1@group-F7F2BE9F438D:LeaderElection24: begin an election at term 1 for -1: [4a7e1e0c-b6e1-46e5-81b2-864fedc4e2e1:192.168.30.11:32883], old=null
2019-09-27 21:15:50,056 [4a7e1e0c-b6e1-46e5-81b2-864fedc4e2e1@group-F7F2BE9F438D:LeaderElection24] INFO  impl.RoleInfo (RoleInfo.java:shutdownLeaderElection(134)) - 4a7e1e0c-b6e1-46e5-81b2-864fedc4e2e1: shutdown LeaderElection
2019-09-27 21:15:50,056 [4a7e1e0c-b6e1-46e5-81b2-864fedc4e2e1@group-F7F2BE9F438D:LeaderElection24] INFO  impl.RaftServerImpl (RaftServerImpl.java:setRole(174)) - 4a7e1e0c-b6e1-46e5-81b2-864fedc4e2e1@group-F7F2BE9F438D: changes role from CANDIDATE to LEADER at term 1 for changeToLeader
2019-09-27 21:15:50,056 [4a7e1e0c-b6e1-46e5-81b2-864fedc4e2e1@group-F7F2BE9F438D:LeaderElection24] INFO  impl.RaftServerImpl (ServerState.java:setLeader(253)) - 4a7e1e0c-b6e1-46e5-81b2-864fedc4e2e1@group-F7F2BE9F438D: change Leader from null to 4a7e1e0c-b6e1-46e5-81b2-864fedc4e2e1 at term 1 for becomeLeader, leader elected after 5087ms
2019-09-27 21:15:50,071 [4a7e1e0c-b6e1-46e5-81b2-864fedc4e2e1@group-F7F2BE9F438D:LeaderElection24] INFO  server.RaftServerConfigKeys (ConfUtils.java:logGet(43)) - raft.server.staging.catchup.gap = 1000 (default)
2019-09-27 21:15:50,071 [4a7e1e0c-b6e1-46e5-81b2-864fedc4e2e1@group-F7F2BE9F438D:LeaderElection24] INFO  server.RaftServerConfigKeys (ConfUtils.java:logGet(43)) - raft.server.rpc.sleep.time = 25ms (default)
2019-09-27 21:15:50,071 [4a7e1e0c-b6e1-46e5-81b2-864fedc4e2e1@group-F7F2BE9F438D:LeaderElection24] INFO  server.RaftServerConfigKeys (ConfUtils.java:logGet(43)) - raft.server.write.element-limit = 4096 (default)
2019-09-27 21:15:50,072 [4a7e1e0c-b6e1-46e5-81b2-864fedc4e2e1@group-F7F2BE9F438D:LeaderElection24] INFO  server.RaftServerConfigKeys (ConfUtils.java:logGet(43)) - raft.server.watch.timeout = 10s (default)
2019-09-27 21:15:50,072 [4a7e1e0c-b6e1-46e5-81b2-864fedc4e2e1@group-F7F2BE9F438D:LeaderElection24] INFO  server.RaftServerConfigKeys (ConfUtils.java:logGet(43)) - raft.server.watch.timeout.denomination = 1s (default)
2019-09-27 21:15:50,072 [4a7e1e0c-b6e1-46e5-81b2-864fedc4e2e1@group-F7F2BE9F438D:LeaderElection24] INFO  server.RaftServerConfigKeys (ConfUtils.java:logGet(43)) - raft.server.watch.element-limit = 65536 (default)
2019-09-27 21:15:50,074 [4a7e1e0c-b6e1-46e5-81b2-864fedc4e2e1@group-F7F2BE9F438D:LeaderElection24] INFO  impl.RoleInfo (RoleInfo.java:updateAndGet(143)) - 4a7e1e0c-b6e1-46e5-81b2-864fedc4e2e1: start LeaderState
2019-09-27 21:15:50,075 [4a7e1e0c-b6e1-46e5-81b2-864fedc4e2e1@group-F7F2BE9F438D:LeaderElection24] INFO  segmented.SegmentedRaftLogWorker (SegmentedRaftLogWorker.java:startLogSegment(380)) - 4a7e1e0c-b6e1-46e5-81b2-864fedc4e2e1@group-F7F2BE9F438D-SegmentedRaftLogWorker: Starting segment from index:0
2019-09-27 21:15:50,075 [4a7e1e0c-b6e1-46e5-81b2-864fedc4e2e1@group-F7F2BE9F438D:LeaderElection24] INFO  impl.RaftServerImpl (ServerState.java:setRaftConf(354)) - 4a7e1e0c-b6e1-46e5-81b2-864fedc4e2e1@group-F7F2BE9F438D: set configuration 0: [4a7e1e0c-b6e1-46e5-81b2-864fedc4e2e1:192.168.30.11:32883], old=null at 0
2019-09-27 21:15:50,098 [8f236389-d57a-4ab0-86b9-7a3c7defed0a@group-515161258CF9-SegmentedRaftLogWorker] INFO  segmented.SegmentedRaftLogWorker (SegmentedRaftLogWorker.java:execute(569)) - 8f236389-d57a-4ab0-86b9-7a3c7defed0a@group-515161258CF9-SegmentedRaftLogWorker: created new log segment /workdir/hadoop-ozone/integration-test/target/test-dir/MiniOzoneClusterImpl-f8201cb5-856e-406f-97aa-d4fb03259294/datanode-2/data/ratis/de29b975-d209-4125-9cb2-515161258cf9/current/log_inprogress_0
2019-09-27 21:15:50,123 [4a7e1e0c-b6e1-46e5-81b2-864fedc4e2e1@group-F7F2BE9F438D-SegmentedRaftLogWorker] INFO  segmented.SegmentedRaftLogWorker (SegmentedRaftLogWorker.java:execute(569)) - 4a7e1e0c-b6e1-46e5-81b2-864fedc4e2e1@group-F7F2BE9F438D-SegmentedRaftLogWorker: created new log segment /workdir/hadoop-ozone/integration-test/target/test-dir/MiniOzoneClusterImpl-f8201cb5-856e-406f-97aa-d4fb03259294/datanode-3/data/ratis/db921d55-2ea8-4481-bdd8-f7f2be9f438d/current/log_inprogress_0
2019-09-27 21:15:50,212 [Thread-1002] INFO  impl.FollowerState (FollowerState.java:run(106)) - 0788b08f-dd6c-4547-a8ef-23c2d2da422a:group-DC5253BD4E49 changes to CANDIDATE, lastRpcTime:5051, electionTimeout:5051ms
2019-09-27 21:15:50,212 [Thread-1002] INFO  impl.RoleInfo (RoleInfo.java:shutdownFollowerState(121)) - 0788b08f-dd6c-4547-a8ef-23c2d2da422a: shutdown FollowerState
2019-09-27 21:15:50,212 [Thread-1002] INFO  impl.RaftServerImpl (RaftServerImpl.java:setRole(174)) - 0788b08f-dd6c-4547-a8ef-23c2d2da422a@group-DC5253BD4E49: changes role from  FOLLOWER to CANDIDATE at term 0 for changeToCandidate
2019-09-27 21:15:50,212 [Thread-1002] INFO  impl.RoleInfo (RoleInfo.java:updateAndGet(143)) - 0788b08f-dd6c-4547-a8ef-23c2d2da422a: start LeaderElection
2019-09-27 21:15:50,244 [Thread-997] INFO  impl.FollowerState (FollowerState.java:run(106)) - 6d421437-77fe-44b0-af48-91fab7d4abad:group-14BBE9E01496 changes to CANDIDATE, lastRpcTime:5184, electionTimeout:5184ms
2019-09-27 21:15:50,244 [Thread-997] INFO  impl.RoleInfo (RoleInfo.java:shutdownFollowerState(121)) - 6d421437-77fe-44b0-af48-91fab7d4abad: shutdown FollowerState
2019-09-27 21:15:50,245 [Thread-997] INFO  impl.RaftServerImpl (RaftServerImpl.java:setRole(174)) - 6d421437-77fe-44b0-af48-91fab7d4abad@group-14BBE9E01496: changes role from  FOLLOWER to CANDIDATE at term 0 for changeToCandidate
2019-09-27 21:15:50,245 [Thread-997] INFO  impl.RoleInfo (RoleInfo.java:updateAndGet(143)) - 6d421437-77fe-44b0-af48-91fab7d4abad: start LeaderElection
2019-09-27 21:15:50,248 [0788b08f-dd6c-4547-a8ef-23c2d2da422a@group-DC5253BD4E49:LeaderElection25] INFO  impl.LeaderElection (LeaderElection.java:askForVotes(182)) - 0788b08f-dd6c-4547-a8ef-23c2d2da422a@group-DC5253BD4E49:LeaderElection25: begin an election at term 1 for -1: [0788b08f-dd6c-4547-a8ef-23c2d2da422a:192.168.30.11:36304], old=null
2019-09-27 21:15:50,249 [0788b08f-dd6c-4547-a8ef-23c2d2da422a@group-DC5253BD4E49:LeaderElection25] INFO  impl.RoleInfo (RoleInfo.java:shutdownLeaderElection(134)) - 0788b08f-dd6c-4547-a8ef-23c2d2da422a: shutdown LeaderElection
2019-09-27 21:15:50,249 [0788b08f-dd6c-4547-a8ef-23c2d2da422a@group-DC5253BD4E49:LeaderElection25] INFO  impl.RaftServerImpl (RaftServerImpl.java:setRole(174)) - 0788b08f-dd6c-4547-a8ef-23c2d2da422a@group-DC5253BD4E49: changes role from CANDIDATE to LEADER at term 1 for changeToLeader
2019-09-27 21:15:50,249 [0788b08f-dd6c-4547-a8ef-23c2d2da422a@group-DC5253BD4E49:LeaderElection25] INFO  impl.RaftServerImpl (ServerState.java:setLeader(253)) - 0788b08f-dd6c-4547-a8ef-23c2d2da422a@group-DC5253BD4E49: change Leader from null to 0788b08f-dd6c-4547-a8ef-23c2d2da422a at term 1 for becomeLeader, leader elected after 5095ms
2019-09-27 21:15:50,250 [0788b08f-dd6c-4547-a8ef-23c2d2da422a@group-DC5253BD4E49:LeaderElection25] INFO  server.RaftServerConfigKeys (ConfUtils.java:logGet(43)) - raft.server.staging.catchup.gap = 1000 (default)
2019-09-27 21:15:50,250 [0788b08f-dd6c-4547-a8ef-23c2d2da422a@group-DC5253BD4E49:LeaderElection25] INFO  server.RaftServerConfigKeys (ConfUtils.java:logGet(43)) - raft.server.rpc.sleep.time = 25ms (default)
2019-09-27 21:15:50,251 [0788b08f-dd6c-4547-a8ef-23c2d2da422a@group-DC5253BD4E49:LeaderElection25] INFO  server.RaftServerConfigKeys (ConfUtils.java:logGet(43)) - raft.server.write.element-limit = 4096 (default)
2019-09-27 21:15:50,251 [0788b08f-dd6c-4547-a8ef-23c2d2da422a@group-DC5253BD4E49:LeaderElection25] INFO  server.RaftServerConfigKeys (ConfUtils.java:logGet(43)) - raft.server.watch.timeout = 10s (default)
2019-09-27 21:15:50,251 [0788b08f-dd6c-4547-a8ef-23c2d2da422a@group-DC5253BD4E49:LeaderElection25] INFO  server.RaftServerConfigKeys (ConfUtils.java:logGet(43)) - raft.server.watch.timeout.denomination = 1s (default)
2019-09-27 21:15:50,251 [0788b08f-dd6c-4547-a8ef-23c2d2da422a@group-DC5253BD4E49:LeaderElection25] INFO  server.RaftServerConfigKeys (ConfUtils.java:logGet(43)) - raft.server.watch.element-limit = 65536 (default)
2019-09-27 21:15:50,254 [0788b08f-dd6c-4547-a8ef-23c2d2da422a@group-DC5253BD4E49:LeaderElection25] INFO  impl.RoleInfo (RoleInfo.java:updateAndGet(143)) - 0788b08f-dd6c-4547-a8ef-23c2d2da422a: start LeaderState
2019-09-27 21:15:50,254 [0788b08f-dd6c-4547-a8ef-23c2d2da422a@group-DC5253BD4E49:LeaderElection25] INFO  segmented.SegmentedRaftLogWorker (SegmentedRaftLogWorker.java:startLogSegment(380)) - 0788b08f-dd6c-4547-a8ef-23c2d2da422a@group-DC5253BD4E49-SegmentedRaftLogWorker: Starting segment from index:0
2019-09-27 21:15:50,255 [0788b08f-dd6c-4547-a8ef-23c2d2da422a@group-DC5253BD4E49:LeaderElection25] INFO  impl.RaftServerImpl (ServerState.java:setRaftConf(354)) - 0788b08f-dd6c-4547-a8ef-23c2d2da422a@group-DC5253BD4E49: set configuration 0: [0788b08f-dd6c-4547-a8ef-23c2d2da422a:192.168.30.11:36304], old=null at 0
2019-09-27 21:15:50,276 [6d421437-77fe-44b0-af48-91fab7d4abad@group-14BBE9E01496:LeaderElection26] INFO  impl.LeaderElection (LeaderElection.java:askForVotes(182)) - 6d421437-77fe-44b0-af48-91fab7d4abad@group-14BBE9E01496:LeaderElection26: begin an election at term 1 for -1: [6d421437-77fe-44b0-af48-91fab7d4abad:192.168.30.11:35766], old=null
2019-09-27 21:15:50,276 [6d421437-77fe-44b0-af48-91fab7d4abad@group-14BBE9E01496:LeaderElection26] INFO  impl.RoleInfo (RoleInfo.java:shutdownLeaderElection(134)) - 6d421437-77fe-44b0-af48-91fab7d4abad: shutdown LeaderElection
2019-09-27 21:15:50,276 [6d421437-77fe-44b0-af48-91fab7d4abad@group-14BBE9E01496:LeaderElection26] INFO  impl.RaftServerImpl (RaftServerImpl.java:setRole(174)) - 6d421437-77fe-44b0-af48-91fab7d4abad@group-14BBE9E01496: changes role from CANDIDATE to LEADER at term 1 for changeToLeader
2019-09-27 21:15:50,276 [6d421437-77fe-44b0-af48-91fab7d4abad@group-14BBE9E01496:LeaderElection26] INFO  impl.RaftServerImpl (ServerState.java:setLeader(253)) - 6d421437-77fe-44b0-af48-91fab7d4abad@group-14BBE9E01496: change Leader from null to 6d421437-77fe-44b0-af48-91fab7d4abad at term 1 for becomeLeader, leader elected after 5224ms
2019-09-27 21:15:50,282 [6d421437-77fe-44b0-af48-91fab7d4abad@group-14BBE9E01496:LeaderElection26] INFO  server.RaftServerConfigKeys (ConfUtils.java:logGet(43)) - raft.server.staging.catchup.gap = 1000 (default)
2019-09-27 21:15:50,282 [6d421437-77fe-44b0-af48-91fab7d4abad@group-14BBE9E01496:LeaderElection26] INFO  server.RaftServerConfigKeys (ConfUtils.java:logGet(43)) - raft.server.rpc.sleep.time = 25ms (default)
2019-09-27 21:15:50,282 [6d421437-77fe-44b0-af48-91fab7d4abad@group-14BBE9E01496:LeaderElection26] INFO  server.RaftServerConfigKeys (ConfUtils.java:logGet(43)) - raft.server.write.element-limit = 4096 (default)
2019-09-27 21:15:50,283 [6d421437-77fe-44b0-af48-91fab7d4abad@group-14BBE9E01496:LeaderElection26] INFO  server.RaftServerConfigKeys (ConfUtils.java:logGet(43)) - raft.server.watch.timeout = 10s (default)
2019-09-27 21:15:50,283 [6d421437-77fe-44b0-af48-91fab7d4abad@group-14BBE9E01496:LeaderElection26] INFO  server.RaftServerConfigKeys (ConfUtils.java:logGet(43)) - raft.server.watch.timeout.denomination = 1s (default)
2019-09-27 21:15:50,283 [6d421437-77fe-44b0-af48-91fab7d4abad@group-14BBE9E01496:LeaderElection26] INFO  server.RaftServerConfigKeys (ConfUtils.java:logGet(43)) - raft.server.watch.element-limit = 65536 (default)
2019-09-27 21:15:50,286 [6d421437-77fe-44b0-af48-91fab7d4abad@group-14BBE9E01496:LeaderElection26] INFO  impl.RoleInfo (RoleInfo.java:updateAndGet(143)) - 6d421437-77fe-44b0-af48-91fab7d4abad: start LeaderState
2019-09-27 21:15:50,286 [6d421437-77fe-44b0-af48-91fab7d4abad@group-14BBE9E01496:LeaderElection26] INFO  segmented.SegmentedRaftLogWorker (SegmentedRaftLogWorker.java:startLogSegment(380)) - 6d421437-77fe-44b0-af48-91fab7d4abad@group-14BBE9E01496-SegmentedRaftLogWorker: Starting segment from index:0
2019-09-27 21:15:50,286 [6d421437-77fe-44b0-af48-91fab7d4abad@group-14BBE9E01496:LeaderElection26] INFO  impl.RaftServerImpl (ServerState.java:setRaftConf(354)) - 6d421437-77fe-44b0-af48-91fab7d4abad@group-14BBE9E01496: set configuration 0: [6d421437-77fe-44b0-af48-91fab7d4abad:192.168.30.11:35766], old=null at 0
2019-09-27 21:15:50,323 [Thread-1005] INFO  impl.FollowerState (FollowerState.java:run(106)) - f99ed73b-523e-4dbb-b36d-9060b33c1e68:group-10739F5C7992 changes to CANDIDATE, lastRpcTime:5082, electionTimeout:5074ms
2019-09-27 21:15:50,323 [0788b08f-dd6c-4547-a8ef-23c2d2da422a@group-DC5253BD4E49-SegmentedRaftLogWorker] INFO  segmented.SegmentedRaftLogWorker (SegmentedRaftLogWorker.java:execute(569)) - 0788b08f-dd6c-4547-a8ef-23c2d2da422a@group-DC5253BD4E49-SegmentedRaftLogWorker: created new log segment /workdir/hadoop-ozone/integration-test/target/test-dir/MiniOzoneClusterImpl-f8201cb5-856e-406f-97aa-d4fb03259294/datanode-6/data/ratis/20901b46-d136-4262-9115-dc5253bd4e49/current/log_inprogress_0
2019-09-27 21:15:50,323 [Thread-1005] INFO  impl.RoleInfo (RoleInfo.java:shutdownFollowerState(121)) - f99ed73b-523e-4dbb-b36d-9060b33c1e68: shutdown FollowerState
2019-09-27 21:15:50,324 [Thread-1005] INFO  impl.RaftServerImpl (RaftServerImpl.java:setRole(174)) - f99ed73b-523e-4dbb-b36d-9060b33c1e68@group-10739F5C7992: changes role from  FOLLOWER to CANDIDATE at term 0 for changeToCandidate
2019-09-27 21:15:50,324 [Thread-1005] INFO  impl.RoleInfo (RoleInfo.java:updateAndGet(143)) - f99ed73b-523e-4dbb-b36d-9060b33c1e68: start LeaderElection
2019-09-27 21:15:50,349 [6d421437-77fe-44b0-af48-91fab7d4abad@group-14BBE9E01496-SegmentedRaftLogWorker] INFO  segmented.SegmentedRaftLogWorker (SegmentedRaftLogWorker.java:execute(569)) - 6d421437-77fe-44b0-af48-91fab7d4abad@group-14BBE9E01496-SegmentedRaftLogWorker: created new log segment /workdir/hadoop-ozone/integration-test/target/test-dir/MiniOzoneClusterImpl-f8201cb5-856e-406f-97aa-d4fb03259294/datanode-4/data/ratis/3b8718d7-8913-4a47-ab4f-14bbe9e01496/current/log_inprogress_0
2019-09-27 21:15:50,364 [Thread-1010] INFO  impl.FollowerState (FollowerState.java:run(106)) - 6d421437-77fe-44b0-af48-91fab7d4abad:group-C7C1CDAE2B35 changes to CANDIDATE, lastRpcTime:5022, electionTimeout:5022ms
2019-09-27 21:15:50,364 [Thread-1010] INFO  impl.RoleInfo (RoleInfo.java:shutdownFollowerState(121)) - 6d421437-77fe-44b0-af48-91fab7d4abad: shutdown FollowerState
2019-09-27 21:15:50,364 [Thread-1010] INFO  impl.RaftServerImpl (RaftServerImpl.java:setRole(174)) - 6d421437-77fe-44b0-af48-91fab7d4abad@group-C7C1CDAE2B35: changes role from  FOLLOWER to CANDIDATE at term 0 for changeToCandidate
2019-09-27 21:15:50,364 [Thread-1010] INFO  impl.RoleInfo (RoleInfo.java:updateAndGet(143)) - 6d421437-77fe-44b0-af48-91fab7d4abad: start LeaderElection
2019-09-27 21:15:50,369 [f99ed73b-523e-4dbb-b36d-9060b33c1e68@group-10739F5C7992:LeaderElection27] INFO  impl.LeaderElection (LeaderElection.java:askForVotes(182)) - f99ed73b-523e-4dbb-b36d-9060b33c1e68@group-10739F5C7992:LeaderElection27: begin an election at term 1 for -1: [f99ed73b-523e-4dbb-b36d-9060b33c1e68:192.168.30.11:36400], old=null
2019-09-27 21:15:50,369 [f99ed73b-523e-4dbb-b36d-9060b33c1e68@group-10739F5C7992:LeaderElection27] INFO  impl.RoleInfo (RoleInfo.java:shutdownLeaderElection(134)) - f99ed73b-523e-4dbb-b36d-9060b33c1e68: shutdown LeaderElection
2019-09-27 21:15:50,369 [f99ed73b-523e-4dbb-b36d-9060b33c1e68@group-10739F5C7992:LeaderElection27] INFO  impl.RaftServerImpl (RaftServerImpl.java:setRole(174)) - f99ed73b-523e-4dbb-b36d-9060b33c1e68@group-10739F5C7992: changes role from CANDIDATE to LEADER at term 1 for changeToLeader
2019-09-27 21:15:50,369 [f99ed73b-523e-4dbb-b36d-9060b33c1e68@group-10739F5C7992:LeaderElection27] INFO  impl.RaftServerImpl (ServerState.java:setLeader(253)) - f99ed73b-523e-4dbb-b36d-9060b33c1e68@group-10739F5C7992: change Leader from null to f99ed73b-523e-4dbb-b36d-9060b33c1e68 at term 1 for becomeLeader, leader elected after 5137ms
2019-09-27 21:15:50,369 [f99ed73b-523e-4dbb-b36d-9060b33c1e68@group-10739F5C7992:LeaderElection27] INFO  server.RaftServerConfigKeys (ConfUtils.java:logGet(43)) - raft.server.staging.catchup.gap = 1000 (default)
2019-09-27 21:15:50,370 [f99ed73b-523e-4dbb-b36d-9060b33c1e68@group-10739F5C7992:LeaderElection27] INFO  server.RaftServerConfigKeys (ConfUtils.java:logGet(43)) - raft.server.rpc.sleep.time = 25ms (default)
2019-09-27 21:15:50,370 [f99ed73b-523e-4dbb-b36d-9060b33c1e68@group-10739F5C7992:LeaderElection27] INFO  server.RaftServerConfigKeys (ConfUtils.java:logGet(43)) - raft.server.write.element-limit = 4096 (default)
2019-09-27 21:15:50,370 [f99ed73b-523e-4dbb-b36d-9060b33c1e68@group-10739F5C7992:LeaderElection27] INFO  server.RaftServerConfigKeys (ConfUtils.java:logGet(43)) - raft.server.watch.timeout = 10s (default)
2019-09-27 21:15:50,370 [f99ed73b-523e-4dbb-b36d-9060b33c1e68@group-10739F5C7992:LeaderElection27] INFO  server.RaftServerConfigKeys (ConfUtils.java:logGet(43)) - raft.server.watch.timeout.denomination = 1s (default)
2019-09-27 21:15:50,370 [f99ed73b-523e-4dbb-b36d-9060b33c1e68@group-10739F5C7992:LeaderElection27] INFO  server.RaftServerConfigKeys (ConfUtils.java:logGet(43)) - raft.server.watch.element-limit = 65536 (default)
2019-09-27 21:15:50,374 [f99ed73b-523e-4dbb-b36d-9060b33c1e68@group-10739F5C7992:LeaderElection27] INFO  impl.RoleInfo (RoleInfo.java:updateAndGet(143)) - f99ed73b-523e-4dbb-b36d-9060b33c1e68: start LeaderState
2019-09-27 21:15:50,375 [f99ed73b-523e-4dbb-b36d-9060b33c1e68@group-10739F5C7992:LeaderElection27] INFO  segmented.SegmentedRaftLogWorker (SegmentedRaftLogWorker.java:startLogSegment(380)) - f99ed73b-523e-4dbb-b36d-9060b33c1e68@group-10739F5C7992-SegmentedRaftLogWorker: Starting segment from index:0
2019-09-27 21:15:50,377 [f99ed73b-523e-4dbb-b36d-9060b33c1e68@group-10739F5C7992:LeaderElection27] INFO  impl.RaftServerImpl (ServerState.java:setRaftConf(354)) - f99ed73b-523e-4dbb-b36d-9060b33c1e68@group-10739F5C7992: set configuration 0: [f99ed73b-523e-4dbb-b36d-9060b33c1e68:192.168.30.11:36400], old=null at 0
2019-09-27 21:15:50,420 [6d421437-77fe-44b0-af48-91fab7d4abad@group-C7C1CDAE2B35:LeaderElection28] INFO  impl.LeaderElection (LeaderElection.java:askForVotes(182)) - 6d421437-77fe-44b0-af48-91fab7d4abad@group-C7C1CDAE2B35:LeaderElection28: begin an election at term 1 for -1: [8f236389-d57a-4ab0-86b9-7a3c7defed0a:192.168.30.11:40638, 0788b08f-dd6c-4547-a8ef-23c2d2da422a:192.168.30.11:36304, 6d421437-77fe-44b0-af48-91fab7d4abad:192.168.30.11:35766], old=null
2019-09-27 21:15:50,420 [Thread-1013] INFO  impl.FollowerState (FollowerState.java:run(106)) - 8f236389-d57a-4ab0-86b9-7a3c7defed0a:group-C7C1CDAE2B35 changes to CANDIDATE, lastRpcTime:5074, electionTimeout:5062ms
2019-09-27 21:15:50,421 [Thread-1013] INFO  impl.RoleInfo (RoleInfo.java:shutdownFollowerState(121)) - 8f236389-d57a-4ab0-86b9-7a3c7defed0a: shutdown FollowerState
2019-09-27 21:15:50,421 [Thread-1013] INFO  impl.RaftServerImpl (RaftServerImpl.java:setRole(174)) - 8f236389-d57a-4ab0-86b9-7a3c7defed0a@group-C7C1CDAE2B35: changes role from  FOLLOWER to CANDIDATE at term 0 for changeToCandidate
2019-09-27 21:15:50,421 [Thread-1013] INFO  impl.RoleInfo (RoleInfo.java:updateAndGet(143)) - 8f236389-d57a-4ab0-86b9-7a3c7defed0a: start LeaderElection
2019-09-27 21:15:50,433 [Thread-1012] INFO  impl.FollowerState (FollowerState.java:run(106)) - 0788b08f-dd6c-4547-a8ef-23c2d2da422a:group-C7C1CDAE2B35 changes to CANDIDATE, lastRpcTime:5086, electionTimeout:5086ms
2019-09-27 21:15:50,437 [Thread-1012] INFO  impl.RoleInfo (RoleInfo.java:shutdownFollowerState(121)) - 0788b08f-dd6c-4547-a8ef-23c2d2da422a: shutdown FollowerState
2019-09-27 21:15:50,437 [Thread-1012] INFO  impl.RaftServerImpl (RaftServerImpl.java:setRole(174)) - 0788b08f-dd6c-4547-a8ef-23c2d2da422a@group-C7C1CDAE2B35: changes role from  FOLLOWER to CANDIDATE at term 0 for changeToCandidate
2019-09-27 21:15:50,437 [Thread-1012] INFO  impl.RoleInfo (RoleInfo.java:updateAndGet(143)) - 0788b08f-dd6c-4547-a8ef-23c2d2da422a: start LeaderElection
2019-09-27 21:15:50,440 [grpc-default-executor-3] INFO  impl.RaftServerImpl (RaftServerImpl.java:setRole(174)) - 0788b08f-dd6c-4547-a8ef-23c2d2da422a@group-C7C1CDAE2B35: changes role from CANDIDATE to FOLLOWER at term 1 for recognizeCandidate:6d421437-77fe-44b0-af48-91fab7d4abad
2019-09-27 21:15:50,440 [grpc-default-executor-3] INFO  impl.RoleInfo (RoleInfo.java:shutdownLeaderElection(134)) - 0788b08f-dd6c-4547-a8ef-23c2d2da422a: shutdown LeaderElection
2019-09-27 21:15:50,440 [grpc-default-executor-3] INFO  impl.RoleInfo (RoleInfo.java:updateAndGet(143)) - 0788b08f-dd6c-4547-a8ef-23c2d2da422a: start FollowerState
2019-09-27 21:15:50,442 [f99ed73b-523e-4dbb-b36d-9060b33c1e68@group-10739F5C7992-SegmentedRaftLogWorker] INFO  segmented.SegmentedRaftLogWorker (SegmentedRaftLogWorker.java:execute(569)) - f99ed73b-523e-4dbb-b36d-9060b33c1e68@group-10739F5C7992-SegmentedRaftLogWorker: created new log segment /workdir/hadoop-ozone/integration-test/target/test-dir/MiniOzoneClusterImpl-f8201cb5-856e-406f-97aa-d4fb03259294/datanode-5/data/ratis/d9f07526-8a06-4c76-8e8d-10739f5c7992/current/log_inprogress_0
2019-09-27 21:15:50,442 [8f236389-d57a-4ab0-86b9-7a3c7defed0a@group-C7C1CDAE2B35:LeaderElection29] INFO  impl.LeaderElection (LeaderElection.java:askForVotes(182)) - 8f236389-d57a-4ab0-86b9-7a3c7defed0a@group-C7C1CDAE2B35:LeaderElection29: begin an election at term 1 for -1: [8f236389-d57a-4ab0-86b9-7a3c7defed0a:192.168.30.11:40638, 0788b08f-dd6c-4547-a8ef-23c2d2da422a:192.168.30.11:36304, 6d421437-77fe-44b0-af48-91fab7d4abad:192.168.30.11:35766], old=null
2019-09-27 21:15:50,468 [grpc-default-executor-1] INFO  impl.RaftServerImpl (RaftServerImpl.java:setRole(174)) - 0788b08f-dd6c-4547-a8ef-23c2d2da422a@group-C7C1CDAE2B35: changes role from  FOLLOWER to FOLLOWER at term 1 for recognizeCandidate:8f236389-d57a-4ab0-86b9-7a3c7defed0a
2019-09-27 21:15:50,468 [grpc-default-executor-1] INFO  impl.RoleInfo (RoleInfo.java:shutdownFollowerState(121)) - 0788b08f-dd6c-4547-a8ef-23c2d2da422a: shutdown FollowerState
2019-09-27 21:15:50,468 [grpc-default-executor-1] INFO  impl.RoleInfo (RoleInfo.java:updateAndGet(143)) - 0788b08f-dd6c-4547-a8ef-23c2d2da422a: start FollowerState
2019-09-27 21:15:50,468 [Thread-1056] INFO  impl.FollowerState (FollowerState.java:run(115)) - 0788b08f-dd6c-4547-a8ef-23c2d2da422a: FollowerState was interrupted: java.lang.InterruptedException: sleep interrupted
2019-09-27 21:15:50,473 [6d421437-77fe-44b0-af48-91fab7d4abad@group-C7C1CDAE2B35:LeaderElection28] INFO  impl.LeaderElection (LeaderElection.java:logAndReturn(56)) - 6d421437-77fe-44b0-af48-91fab7d4abad@group-C7C1CDAE2B35:LeaderElection28: Election REJECTED; received 2 response(s) [6d421437-77fe-44b0-af48-91fab7d4abad<-8f236389-d57a-4ab0-86b9-7a3c7defed0a#0:FAIL-t1, 6d421437-77fe-44b0-af48-91fab7d4abad<-0788b08f-dd6c-4547-a8ef-23c2d2da422a#0:FAIL-t1] and 0 exception(s); 6d421437-77fe-44b0-af48-91fab7d4abad@group-C7C1CDAE2B35:t1, leader=null, voted=6d421437-77fe-44b0-af48-91fab7d4abad, raftlog=6d421437-77fe-44b0-af48-91fab7d4abad@group-C7C1CDAE2B35-SegmentedRaftLog:OPENED:c-1,f-1,i0, conf=-1: [8f236389-d57a-4ab0-86b9-7a3c7defed0a:192.168.30.11:40638, 0788b08f-dd6c-4547-a8ef-23c2d2da422a:192.168.30.11:36304, 6d421437-77fe-44b0-af48-91fab7d4abad:192.168.30.11:35766], old=null
2019-09-27 21:15:50,473 [6d421437-77fe-44b0-af48-91fab7d4abad@group-C7C1CDAE2B35:LeaderElection28] INFO  impl.RaftServerImpl (RaftServerImpl.java:setRole(174)) - 6d421437-77fe-44b0-af48-91fab7d4abad@group-C7C1CDAE2B35: changes role from CANDIDATE to FOLLOWER at term 1 for DISCOVERED_A_NEW_TERM
2019-09-27 21:15:50,473 [6d421437-77fe-44b0-af48-91fab7d4abad@group-C7C1CDAE2B35:LeaderElection28] INFO  impl.RoleInfo (RoleInfo.java:shutdownLeaderElection(134)) - 6d421437-77fe-44b0-af48-91fab7d4abad: shutdown LeaderElection
2019-09-27 21:15:50,474 [6d421437-77fe-44b0-af48-91fab7d4abad@group-C7C1CDAE2B35:LeaderElection28] INFO  impl.RoleInfo (RoleInfo.java:updateAndGet(143)) - 6d421437-77fe-44b0-af48-91fab7d4abad: start FollowerState
2019-09-27 21:15:50,476 [Thread-1019] INFO  impl.FollowerState (FollowerState.java:run(106)) - f0ddf341-8f5a-4866-8397-302d2220141c:group-52FEFF0F1D50 changes to CANDIDATE, lastRpcTime:5023, electionTimeout:5023ms
2019-09-27 21:15:50,478 [Thread-1019] INFO  impl.RoleInfo (RoleInfo.java:shutdownFollowerState(121)) - f0ddf341-8f5a-4866-8397-302d2220141c: shutdown FollowerState
2019-09-27 21:15:50,478 [Thread-1019] INFO  impl.RaftServerImpl (RaftServerImpl.java:setRole(174)) - f0ddf341-8f5a-4866-8397-302d2220141c@group-52FEFF0F1D50: changes role from  FOLLOWER to CANDIDATE at term 0 for changeToCandidate
2019-09-27 21:15:50,478 [Thread-1019] INFO  impl.RoleInfo (RoleInfo.java:updateAndGet(143)) - f0ddf341-8f5a-4866-8397-302d2220141c: start LeaderElection
2019-09-27 21:15:50,496 [8f236389-d57a-4ab0-86b9-7a3c7defed0a@group-C7C1CDAE2B35:LeaderElection29] INFO  impl.LeaderElection (LeaderElection.java:logAndReturn(56)) - 8f236389-d57a-4ab0-86b9-7a3c7defed0a@group-C7C1CDAE2B35:LeaderElection29: Election PASSED; received 2 response(s) [8f236389-d57a-4ab0-86b9-7a3c7defed0a<-0788b08f-dd6c-4547-a8ef-23c2d2da422a#0:OK-t1, 8f236389-d57a-4ab0-86b9-7a3c7defed0a<-6d421437-77fe-44b0-af48-91fab7d4abad#0:FAIL-t1] and 0 exception(s); 8f236389-d57a-4ab0-86b9-7a3c7defed0a@group-C7C1CDAE2B35:t1, leader=null, voted=8f236389-d57a-4ab0-86b9-7a3c7defed0a, raftlog=8f236389-d57a-4ab0-86b9-7a3c7defed0a@group-C7C1CDAE2B35-SegmentedRaftLog:OPENED:c-1,f-1,i0, conf=-1: [8f236389-d57a-4ab0-86b9-7a3c7defed0a:192.168.30.11:40638, 0788b08f-dd6c-4547-a8ef-23c2d2da422a:192.168.30.11:36304, 6d421437-77fe-44b0-af48-91fab7d4abad:192.168.30.11:35766], old=null
2019-09-27 21:15:50,496 [8f236389-d57a-4ab0-86b9-7a3c7defed0a@group-C7C1CDAE2B35:LeaderElection29] INFO  impl.RoleInfo (RoleInfo.java:shutdownLeaderElection(134)) - 8f236389-d57a-4ab0-86b9-7a3c7defed0a: shutdown LeaderElection
2019-09-27 21:15:50,496 [8f236389-d57a-4ab0-86b9-7a3c7defed0a@group-C7C1CDAE2B35:LeaderElection29] INFO  impl.RaftServerImpl (RaftServerImpl.java:setRole(174)) - 8f236389-d57a-4ab0-86b9-7a3c7defed0a@group-C7C1CDAE2B35: changes role from CANDIDATE to LEADER at term 1 for changeToLeader
2019-09-27 21:15:50,496 [8f236389-d57a-4ab0-86b9-7a3c7defed0a@group-C7C1CDAE2B35:LeaderElection29] INFO  impl.RaftServerImpl (ServerState.java:setLeader(253)) - 8f236389-d57a-4ab0-86b9-7a3c7defed0a@group-C7C1CDAE2B35: change Leader from null to 8f236389-d57a-4ab0-86b9-7a3c7defed0a at term 1 for becomeLeader, leader elected after 5165ms
2019-09-27 21:15:50,496 [8f236389-d57a-4ab0-86b9-7a3c7defed0a@group-C7C1CDAE2B35:LeaderElection29] INFO  server.RaftServerConfigKeys (ConfUtils.java:logGet(43)) - raft.server.staging.catchup.gap = 1000 (default)
2019-09-27 21:15:50,496 [8f236389-d57a-4ab0-86b9-7a3c7defed0a@group-C7C1CDAE2B35:LeaderElection29] INFO  server.RaftServerConfigKeys (ConfUtils.java:logGet(43)) - raft.server.rpc.sleep.time = 25ms (default)
2019-09-27 21:15:50,497 [8f236389-d57a-4ab0-86b9-7a3c7defed0a@group-C7C1CDAE2B35:LeaderElection29] INFO  server.RaftServerConfigKeys (ConfUtils.java:logGet(43)) - raft.server.write.element-limit = 4096 (default)
2019-09-27 21:15:50,497 [8f236389-d57a-4ab0-86b9-7a3c7defed0a@group-C7C1CDAE2B35:LeaderElection29] INFO  server.RaftServerConfigKeys (ConfUtils.java:logGet(43)) - raft.server.watch.timeout = 10s (default)
2019-09-27 21:15:50,497 [8f236389-d57a-4ab0-86b9-7a3c7defed0a@group-C7C1CDAE2B35:LeaderElection29] INFO  server.RaftServerConfigKeys (ConfUtils.java:logGet(43)) - raft.server.watch.timeout.denomination = 1s (default)
2019-09-27 21:15:50,497 [8f236389-d57a-4ab0-86b9-7a3c7defed0a@group-C7C1CDAE2B35:LeaderElection29] INFO  server.RaftServerConfigKeys (ConfUtils.java:logGet(43)) - raft.server.watch.element-limit = 65536 (default)
2019-09-27 21:15:50,499 [8f236389-d57a-4ab0-86b9-7a3c7defed0a@group-C7C1CDAE2B35:LeaderElection29] INFO  server.RaftServerConfigKeys (ConfUtils.java:logGet(43)) - raft.server.log.appender.snapshot.chunk.size.max = 16MB (=16777216) (default)
2019-09-27 21:15:50,500 [8f236389-d57a-4ab0-86b9-7a3c7defed0a@group-C7C1CDAE2B35:LeaderElection29] INFO  server.RaftServerConfigKeys (ConfUtils.java:logGet(43)) - raft.server.log.appender.buffer.byte-limit = 33554432 (custom)
2019-09-27 21:15:50,500 [8f236389-d57a-4ab0-86b9-7a3c7defed0a@group-C7C1CDAE2B35:LeaderElection29] INFO  server.RaftServerConfigKeys (ConfUtils.java:logGet(43)) - raft.server.log.appender.buffer.element-limit = 1 (custom)
2019-09-27 21:15:50,500 [8f236389-d57a-4ab0-86b9-7a3c7defed0a@group-C7C1CDAE2B35:LeaderElection29] INFO  grpc.GrpcConfigKeys$Server (ConfUtils.java:logGet(43)) - raft.grpc.server.leader.outstanding.appends.max = 128 (default)
2019-09-27 21:15:50,500 [8f236389-d57a-4ab0-86b9-7a3c7defed0a@group-C7C1CDAE2B35:LeaderElection29] INFO  server.RaftServerConfigKeys (ConfUtils.java:logGet(43)) - raft.server.rpc.request.timeout = 3000ms (default)
2019-09-27 21:15:50,501 [8f236389-d57a-4ab0-86b9-7a3c7defed0a@group-C7C1CDAE2B35:LeaderElection29] INFO  server.RaftServerConfigKeys (ConfUtils.java:logGet(43)) - raft.server.log.appender.install.snapshot.enabled = false (custom)
2019-09-27 21:15:50,501 [8f236389-d57a-4ab0-86b9-7a3c7defed0a@group-C7C1CDAE2B35:LeaderElection29] INFO  server.RaftServerConfigKeys (ConfUtils.java:logGet(43)) - raft.server.log.appender.snapshot.chunk.size.max = 16MB (=16777216) (default)
2019-09-27 21:15:50,501 [8f236389-d57a-4ab0-86b9-7a3c7defed0a@group-C7C1CDAE2B35:LeaderElection29] INFO  server.RaftServerConfigKeys (ConfUtils.java:logGet(43)) - raft.server.log.appender.buffer.byte-limit = 33554432 (custom)
2019-09-27 21:15:50,501 [8f236389-d57a-4ab0-86b9-7a3c7defed0a@group-C7C1CDAE2B35:LeaderElection29] INFO  server.RaftServerConfigKeys (ConfUtils.java:logGet(43)) - raft.server.log.appender.buffer.element-limit = 1 (custom)
2019-09-27 21:15:50,501 [8f236389-d57a-4ab0-86b9-7a3c7defed0a@group-C7C1CDAE2B35:LeaderElection29] INFO  grpc.GrpcConfigKeys$Server (ConfUtils.java:logGet(43)) - raft.grpc.server.leader.outstanding.appends.max = 128 (default)
2019-09-27 21:15:50,502 [8f236389-d57a-4ab0-86b9-7a3c7defed0a@group-C7C1CDAE2B35:LeaderElection29] INFO  server.RaftServerConfigKeys (ConfUtils.java:logGet(43)) - raft.server.rpc.request.timeout = 3000ms (default)
2019-09-27 21:15:50,502 [8f236389-d57a-4ab0-86b9-7a3c7defed0a@group-C7C1CDAE2B35:LeaderElection29] INFO  server.RaftServerConfigKeys (ConfUtils.java:logGet(43)) - raft.server.log.appender.install.snapshot.enabled = false (custom)
2019-09-27 21:15:50,502 [8f236389-d57a-4ab0-86b9-7a3c7defed0a@group-C7C1CDAE2B35:LeaderElection29] INFO  impl.RoleInfo (RoleInfo.java:updateAndGet(143)) - 8f236389-d57a-4ab0-86b9-7a3c7defed0a: start LeaderState
2019-09-27 21:15:50,502 [8f236389-d57a-4ab0-86b9-7a3c7defed0a@group-C7C1CDAE2B35:LeaderElection29] INFO  segmented.SegmentedRaftLogWorker (SegmentedRaftLogWorker.java:startLogSegment(380)) - 8f236389-d57a-4ab0-86b9-7a3c7defed0a@group-C7C1CDAE2B35-SegmentedRaftLogWorker: Starting segment from index:0
2019-09-27 21:15:50,503 [8f236389-d57a-4ab0-86b9-7a3c7defed0a@group-C7C1CDAE2B35:LeaderElection29] INFO  impl.RaftServerImpl (ServerState.java:setRaftConf(354)) - 8f236389-d57a-4ab0-86b9-7a3c7defed0a@group-C7C1CDAE2B35: set configuration 0: [8f236389-d57a-4ab0-86b9-7a3c7defed0a:192.168.30.11:40638, 0788b08f-dd6c-4547-a8ef-23c2d2da422a:192.168.30.11:36304, 6d421437-77fe-44b0-af48-91fab7d4abad:192.168.30.11:35766], old=null at 0
2019-09-27 21:15:50,504 [grpc-default-executor-3] INFO  impl.RaftServerImpl (ServerState.java:setLeader(253)) - 6d421437-77fe-44b0-af48-91fab7d4abad@group-C7C1CDAE2B35: change Leader from null to 8f236389-d57a-4ab0-86b9-7a3c7defed0a at term 1 for appendEntries, leader elected after 5173ms
2019-09-27 21:15:50,536 [f0ddf341-8f5a-4866-8397-302d2220141c@group-52FEFF0F1D50:LeaderElection31] INFO  impl.LeaderElection (LeaderElection.java:askForVotes(182)) - f0ddf341-8f5a-4866-8397-302d2220141c@group-52FEFF0F1D50:LeaderElection31: begin an election at term 1 for -1: [eae5b4c6-9516-4f3b-8a39-d0052709847d:192.168.30.11:38185, f99ed73b-523e-4dbb-b36d-9060b33c1e68:192.168.30.11:36400, f0ddf341-8f5a-4866-8397-302d2220141c:192.168.30.11:36108], old=null
2019-09-27 21:15:50,537 [0788b08f-dd6c-4547-a8ef-23c2d2da422a@group-C7C1CDAE2B35:LeaderElection30] INFO  impl.LeaderElection (LeaderElection.java:askForVotes(182)) - 0788b08f-dd6c-4547-a8ef-23c2d2da422a@group-C7C1CDAE2B35:LeaderElection30: begin an election at term 2 for -1: [8f236389-d57a-4ab0-86b9-7a3c7defed0a:192.168.30.11:40638, 0788b08f-dd6c-4547-a8ef-23c2d2da422a:192.168.30.11:36304, 6d421437-77fe-44b0-af48-91fab7d4abad:192.168.30.11:35766], old=null
2019-09-27 21:15:50,538 [0788b08f-dd6c-4547-a8ef-23c2d2da422a@group-C7C1CDAE2B35:LeaderElection30] INFO  impl.LeaderElection (LeaderElection.java:logAndReturn(56)) - 0788b08f-dd6c-4547-a8ef-23c2d2da422a@group-C7C1CDAE2B35:LeaderElection30: Election REJECTED; received 0 response(s) [] and 0 exception(s); 0788b08f-dd6c-4547-a8ef-23c2d2da422a@group-C7C1CDAE2B35:t2, leader=null, voted=0788b08f-dd6c-4547-a8ef-23c2d2da422a, raftlog=0788b08f-dd6c-4547-a8ef-23c2d2da422a@group-C7C1CDAE2B35-SegmentedRaftLog:OPENED:c-1,f-1,i0, conf=-1: [8f236389-d57a-4ab0-86b9-7a3c7defed0a:192.168.30.11:40638, 0788b08f-dd6c-4547-a8ef-23c2d2da422a:192.168.30.11:36304, 6d421437-77fe-44b0-af48-91fab7d4abad:192.168.30.11:35766], old=null
2019-09-27 21:15:50,542 [Thread-1062] INFO  impl.RaftServerImpl (ServerState.java:setLeader(253)) - 8f236389-d57a-4ab0-86b9-7a3c7defed0a@group-C7C1CDAE2B35: change Leader from 8f236389-d57a-4ab0-86b9-7a3c7defed0a to null at term 2 for updateCurrentTerm
2019-09-27 21:15:50,542 [Thread-1062] INFO  impl.RaftServerImpl (RaftServerImpl.java:setRole(174)) - 8f236389-d57a-4ab0-86b9-7a3c7defed0a@group-C7C1CDAE2B35: changes role from    LEADER to FOLLOWER at term 2 for stepDown
2019-09-27 21:15:50,542 [Thread-1062] INFO  impl.RoleInfo (RoleInfo.java:shutdownLeaderState(104)) - 8f236389-d57a-4ab0-86b9-7a3c7defed0a: shutdown LeaderState
2019-09-27 21:15:50,548 [org.apache.ratis.server.impl.LogAppender$AppenderDaemon$$Lambda$572/1204534697@f5c6ab6] WARN  server.GrpcLogAppender (GrpcLogAppender.java:mayWait(143)) - 8f236389-d57a-4ab0-86b9-7a3c7defed0a@group-C7C1CDAE2B35->6d421437-77fe-44b0-af48-91fab7d4abad-GrpcLogAppender: Wait interrupted by java.lang.InterruptedException
2019-09-27 21:15:50,548 [Thread-1062] INFO  impl.PendingRequests (PendingRequests.java:sendNotLeaderResponses(202)) - 8f236389-d57a-4ab0-86b9-7a3c7defed0a-PendingRequests: sendNotLeaderResponses
2019-09-27 21:15:50,551 [org.apache.ratis.server.impl.LogAppender$AppenderDaemon$$Lambda$572/1204534697@7e22f891] WARN  server.GrpcLogAppender (GrpcLogAppender.java:mayWait(143)) - 8f236389-d57a-4ab0-86b9-7a3c7defed0a@group-C7C1CDAE2B35->0788b08f-dd6c-4547-a8ef-23c2d2da422a-GrpcLogAppender: Wait interrupted by java.lang.InterruptedException
2019-09-27 21:15:50,551 [Thread-1062] INFO  impl.RoleInfo (RoleInfo.java:updateAndGet(143)) - 8f236389-d57a-4ab0-86b9-7a3c7defed0a: start FollowerState
2019-09-27 21:15:50,551 [grpc-default-executor-1] INFO  impl.RaftServerImpl (ServerState.java:setRaftConf(354)) - 6d421437-77fe-44b0-af48-91fab7d4abad@group-C7C1CDAE2B35: set configuration 0: [8f236389-d57a-4ab0-86b9-7a3c7defed0a:192.168.30.11:40638, 0788b08f-dd6c-4547-a8ef-23c2d2da422a:192.168.30.11:36304, 6d421437-77fe-44b0-af48-91fab7d4abad:192.168.30.11:35766], old=null at 0
2019-09-27 21:15:50,551 [grpc-default-executor-1] INFO  segmented.SegmentedRaftLogWorker (SegmentedRaftLogWorker.java:startLogSegment(380)) - 6d421437-77fe-44b0-af48-91fab7d4abad@group-C7C1CDAE2B35-SegmentedRaftLogWorker: Starting segment from index:0
2019-09-27 21:15:50,552 [grpc-default-executor-4] INFO  server.GrpcServerProtocolService (GrpcServerProtocolService.java:onCompleted(113)) - 0788b08f-dd6c-4547-a8ef-23c2d2da422a: Completed APPEND_ENTRIES, lastRequest: 8f236389-d57a-4ab0-86b9-7a3c7defed0a->0788b08f-dd6c-4547-a8ef-23c2d2da422a#0-t1, previous=(t:0, i:0), leaderCommit=-1, initializing? false, entries: <empty>
2019-09-27 21:15:50,557 [grpc-default-executor-4] INFO  impl.RaftServerImpl (RaftServerImpl.java:setRole(174)) - eae5b4c6-9516-4f3b-8a39-d0052709847d@group-52FEFF0F1D50: changes role from  FOLLOWER to FOLLOWER at term 1 for recognizeCandidate:f0ddf341-8f5a-4866-8397-302d2220141c
2019-09-27 21:15:50,562 [8f236389-d57a-4ab0-86b9-7a3c7defed0a@group-C7C1CDAE2B35-SegmentedRaftLogWorker] INFO  segmented.SegmentedRaftLogWorker (SegmentedRaftLogWorker.java:execute(569)) - 8f236389-d57a-4ab0-86b9-7a3c7defed0a@group-C7C1CDAE2B35-SegmentedRaftLogWorker: created new log segment /workdir/hadoop-ozone/integration-test/target/test-dir/MiniOzoneClusterImpl-f8201cb5-856e-406f-97aa-d4fb03259294/datanode-2/data/ratis/ee3fdab4-ef0c-4cd7-8990-c7c1cdae2b35/current/log_inprogress_0
2019-09-27 21:15:50,562 [grpc-default-executor-1] INFO  server.GrpcServerProtocolService (GrpcServerProtocolService.java:onCompleted(113)) - 6d421437-77fe-44b0-af48-91fab7d4abad: Completed APPEND_ENTRIES, lastRequest: 8f236389-d57a-4ab0-86b9-7a3c7defed0a->6d421437-77fe-44b0-af48-91fab7d4abad#1-t1, previous=(t:0, i:0), leaderCommit=-1, initializing? false, entries: size=1, first=(t:1, i:0), CONFIGURATIONENTRY
2019-09-27 21:15:50,562 [grpc-default-executor-6] INFO  server.GrpcLogAppender (GrpcLogAppender.java:onCompleted(293)) - 8f236389-d57a-4ab0-86b9-7a3c7defed0a@group-C7C1CDAE2B35->0788b08f-dd6c-4547-a8ef-23c2d2da422a-AppendLogResponseHandler: follower responses appendEntries COMPLETED
2019-09-27 21:15:50,562 [grpc-default-executor-4] INFO  impl.RoleInfo (RoleInfo.java:shutdownFollowerState(121)) - eae5b4c6-9516-4f3b-8a39-d0052709847d: shutdown FollowerState
2019-09-27 21:15:50,598 [grpc-default-executor-5] INFO  impl.RaftServerImpl (RaftServerImpl.java:setRole(174)) - 8f236389-d57a-4ab0-86b9-7a3c7defed0a@group-C7C1CDAE2B35: changes role from  FOLLOWER to FOLLOWER at term 2 for recognizeCandidate:0788b08f-dd6c-4547-a8ef-23c2d2da422a
2019-09-27 21:15:50,598 [grpc-default-executor-4] INFO  impl.RoleInfo (RoleInfo.java:updateAndGet(143)) - eae5b4c6-9516-4f3b-8a39-d0052709847d: start FollowerState
2019-09-27 21:15:50,598 [grpc-default-executor-6] INFO  impl.FollowerInfo (FollowerInfo.java:lambda$new$0(51)) - 8f236389-d57a-4ab0-86b9-7a3c7defed0a@group-C7C1CDAE2B35->0788b08f-dd6c-4547-a8ef-23c2d2da422a: nextIndex: updateUnconditionally 0 -> 0
2019-09-27 21:15:50,593 [grpc-default-executor-1] INFO  impl.RaftServerImpl (ServerState.java:setLeader(253)) - 6d421437-77fe-44b0-af48-91fab7d4abad@group-C7C1CDAE2B35: change Leader from 8f236389-d57a-4ab0-86b9-7a3c7defed0a to null at term 2 for updateCurrentTerm
2019-09-27 21:15:50,599 [grpc-default-executor-3] INFO  server.GrpcLogAppender (GrpcLogAppender.java:onCompleted(293)) - 8f236389-d57a-4ab0-86b9-7a3c7defed0a@group-C7C1CDAE2B35->6d421437-77fe-44b0-af48-91fab7d4abad-AppendLogResponseHandler: follower responses appendEntries COMPLETED
2019-09-27 21:15:50,599 [grpc-default-executor-5] INFO  impl.RoleInfo (RoleInfo.java:shutdownFollowerState(121)) - 8f236389-d57a-4ab0-86b9-7a3c7defed0a: shutdown FollowerState
2019-09-27 21:15:50,602 [grpc-default-executor-6] INFO  impl.RaftServerImpl (RaftServerImpl.java:setRole(174)) - f99ed73b-523e-4dbb-b36d-9060b33c1e68@group-52FEFF0F1D50: changes role from  FOLLOWER to FOLLOWER at term 1 for recognizeCandidate:f0ddf341-8f5a-4866-8397-302d2220141c
2019-09-27 21:15:50,600 [grpc-default-executor-1] INFO  impl.RaftServerImpl (RaftServerImpl.java:setRole(174)) - 6d421437-77fe-44b0-af48-91fab7d4abad@group-C7C1CDAE2B35: changes role from  FOLLOWER to FOLLOWER at term 2 for recognizeCandidate:0788b08f-dd6c-4547-a8ef-23c2d2da422a
2019-09-27 21:15:50,603 [grpc-default-executor-6] INFO  impl.RoleInfo (RoleInfo.java:shutdownFollowerState(121)) - f99ed73b-523e-4dbb-b36d-9060b33c1e68: shutdown FollowerState
2019-09-27 21:15:50,602 [Thread-1072] INFO  impl.FollowerState (FollowerState.java:run(115)) - 8f236389-d57a-4ab0-86b9-7a3c7defed0a: FollowerState was interrupted: java.lang.InterruptedException: sleep interrupted
2019-09-27 21:15:50,602 [grpc-default-executor-3] INFO  impl.FollowerInfo (FollowerInfo.java:lambda$new$0(51)) - 8f236389-d57a-4ab0-86b9-7a3c7defed0a@group-C7C1CDAE2B35->6d421437-77fe-44b0-af48-91fab7d4abad: nextIndex: updateUnconditionally 1 -> 0
2019-09-27 21:15:50,602 [grpc-default-executor-5] INFO  impl.RoleInfo (RoleInfo.java:updateAndGet(143)) - 8f236389-d57a-4ab0-86b9-7a3c7defed0a: start FollowerState
2019-09-27 21:15:50,606 [Thread-1021] INFO  impl.FollowerState (FollowerState.java:run(115)) - f99ed73b-523e-4dbb-b36d-9060b33c1e68: FollowerState was interrupted: java.lang.InterruptedException: sleep interrupted
2019-09-27 21:15:50,603 [grpc-default-executor-6] INFO  impl.RoleInfo (RoleInfo.java:updateAndGet(143)) - f99ed73b-523e-4dbb-b36d-9060b33c1e68: start FollowerState
2019-09-27 21:15:50,603 [grpc-default-executor-1] INFO  impl.RoleInfo (RoleInfo.java:shutdownFollowerState(121)) - 6d421437-77fe-44b0-af48-91fab7d4abad: shutdown FollowerState
2019-09-27 21:15:50,609 [Thread-1060] INFO  impl.FollowerState (FollowerState.java:run(115)) - 6d421437-77fe-44b0-af48-91fab7d4abad: FollowerState was interrupted: java.lang.InterruptedException: sleep interrupted
2019-09-27 21:15:50,620 [6d421437-77fe-44b0-af48-91fab7d4abad@group-C7C1CDAE2B35-SegmentedRaftLogWorker] INFO  segmented.SegmentedRaftLogWorker (SegmentedRaftLogWorker.java:execute(569)) - 6d421437-77fe-44b0-af48-91fab7d4abad@group-C7C1CDAE2B35-SegmentedRaftLogWorker: created new log segment /workdir/hadoop-ozone/integration-test/target/test-dir/MiniOzoneClusterImpl-f8201cb5-856e-406f-97aa-d4fb03259294/datanode-4/data/ratis/ee3fdab4-ef0c-4cd7-8990-c7c1cdae2b35/current/log_inprogress_0
2019-09-27 21:15:50,620 [grpc-default-executor-1] INFO  impl.RoleInfo (RoleInfo.java:updateAndGet(143)) - 6d421437-77fe-44b0-af48-91fab7d4abad: start FollowerState
2019-09-27 21:15:50,624 [f0ddf341-8f5a-4866-8397-302d2220141c@group-52FEFF0F1D50:LeaderElection31] INFO  impl.LeaderElection (LeaderElection.java:logAndReturn(56)) - f0ddf341-8f5a-4866-8397-302d2220141c@group-52FEFF0F1D50:LeaderElection31: Election PASSED; received 1 response(s) [f0ddf341-8f5a-4866-8397-302d2220141c<-eae5b4c6-9516-4f3b-8a39-d0052709847d#0:OK-t1] and 0 exception(s); f0ddf341-8f5a-4866-8397-302d2220141c@group-52FEFF0F1D50:t1, leader=null, voted=f0ddf341-8f5a-4866-8397-302d2220141c, raftlog=f0ddf341-8f5a-4866-8397-302d2220141c@group-52FEFF0F1D50-SegmentedRaftLog:OPENED:c-1,f-1,i0, conf=-1: [eae5b4c6-9516-4f3b-8a39-d0052709847d:192.168.30.11:38185, f99ed73b-523e-4dbb-b36d-9060b33c1e68:192.168.30.11:36400, f0ddf341-8f5a-4866-8397-302d2220141c:192.168.30.11:36108], old=null
2019-09-27 21:15:50,624 [f0ddf341-8f5a-4866-8397-302d2220141c@group-52FEFF0F1D50:LeaderElection31] INFO  impl.RoleInfo (RoleInfo.java:shutdownLeaderElection(134)) - f0ddf341-8f5a-4866-8397-302d2220141c: shutdown LeaderElection
2019-09-27 21:15:50,624 [f0ddf341-8f5a-4866-8397-302d2220141c@group-52FEFF0F1D50:LeaderElection31] INFO  impl.RaftServerImpl (RaftServerImpl.java:setRole(174)) - f0ddf341-8f5a-4866-8397-302d2220141c@group-52FEFF0F1D50: changes role from CANDIDATE to LEADER at term 1 for changeToLeader
2019-09-27 21:15:50,624 [f0ddf341-8f5a-4866-8397-302d2220141c@group-52FEFF0F1D50:LeaderElection31] INFO  impl.RaftServerImpl (ServerState.java:setLeader(253)) - f0ddf341-8f5a-4866-8397-302d2220141c@group-52FEFF0F1D50: change Leader from null to f0ddf341-8f5a-4866-8397-302d2220141c at term 1 for becomeLeader, leader elected after 5183ms
2019-09-27 21:15:50,627 [f0ddf341-8f5a-4866-8397-302d2220141c@group-52FEFF0F1D50:LeaderElection31] INFO  server.RaftServerConfigKeys (ConfUtils.java:logGet(43)) - raft.server.staging.catchup.gap = 1000 (default)
2019-09-27 21:15:50,627 [f0ddf341-8f5a-4866-8397-302d2220141c@group-52FEFF0F1D50:LeaderElection31] INFO  server.RaftServerConfigKeys (ConfUtils.java:logGet(43)) - raft.server.rpc.sleep.time = 25ms (default)
2019-09-27 21:15:50,629 [f0ddf341-8f5a-4866-8397-302d2220141c@group-52FEFF0F1D50:LeaderElection31] INFO  server.RaftServerConfigKeys (ConfUtils.java:logGet(43)) - raft.server.write.element-limit = 4096 (default)
2019-09-27 21:15:50,629 [f0ddf341-8f5a-4866-8397-302d2220141c@group-52FEFF0F1D50:LeaderElection31] INFO  server.RaftServerConfigKeys (ConfUtils.java:logGet(43)) - raft.server.watch.timeout = 10s (default)
2019-09-27 21:15:50,630 [f0ddf341-8f5a-4866-8397-302d2220141c@group-52FEFF0F1D50:LeaderElection31] INFO  server.RaftServerConfigKeys (ConfUtils.java:logGet(43)) - raft.server.watch.timeout.denomination = 1s (default)
2019-09-27 21:15:50,630 [f0ddf341-8f5a-4866-8397-302d2220141c@group-52FEFF0F1D50:LeaderElection31] INFO  server.RaftServerConfigKeys (ConfUtils.java:logGet(43)) - raft.server.watch.element-limit = 65536 (default)
2019-09-27 21:15:50,644 [f0ddf341-8f5a-4866-8397-302d2220141c@group-52FEFF0F1D50:LeaderElection31] INFO  server.RaftServerConfigKeys (ConfUtils.java:logGet(43)) - raft.server.log.appender.snapshot.chunk.size.max = 16MB (=16777216) (default)
2019-09-27 21:15:50,644 [f0ddf341-8f5a-4866-8397-302d2220141c@group-52FEFF0F1D50:LeaderElection31] INFO  server.RaftServerConfigKeys (ConfUtils.java:logGet(43)) - raft.server.log.appender.buffer.byte-limit = 33554432 (custom)
2019-09-27 21:15:50,645 [f0ddf341-8f5a-4866-8397-302d2220141c@group-52FEFF0F1D50:LeaderElection31] INFO  server.RaftServerConfigKeys (ConfUtils.java:logGet(43)) - raft.server.log.appender.buffer.element-limit = 1 (custom)
2019-09-27 21:15:50,645 [f0ddf341-8f5a-4866-8397-302d2220141c@group-52FEFF0F1D50:LeaderElection31] INFO  grpc.GrpcConfigKeys$Server (ConfUtils.java:logGet(43)) - raft.grpc.server.leader.outstanding.appends.max = 128 (default)
2019-09-27 21:15:50,645 [f0ddf341-8f5a-4866-8397-302d2220141c@group-52FEFF0F1D50:LeaderElection31] INFO  server.RaftServerConfigKeys (ConfUtils.java:logGet(43)) - raft.server.rpc.request.timeout = 3000ms (default)
2019-09-27 21:15:50,645 [f0ddf341-8f5a-4866-8397-302d2220141c@group-52FEFF0F1D50:LeaderElection31] INFO  server.RaftServerConfigKeys (ConfUtils.java:logGet(43)) - raft.server.log.appender.install.snapshot.enabled = false (custom)
2019-09-27 21:15:50,646 [f0ddf341-8f5a-4866-8397-302d2220141c@group-52FEFF0F1D50:LeaderElection31] INFO  server.RaftServerConfigKeys (ConfUtils.java:logGet(43)) - raft.server.log.appender.snapshot.chunk.size.max = 16MB (=16777216) (default)
2019-09-27 21:15:50,646 [f0ddf341-8f5a-4866-8397-302d2220141c@group-52FEFF0F1D50:LeaderElection31] INFO  server.RaftServerConfigKeys (ConfUtils.java:logGet(43)) - raft.server.log.appender.buffer.byte-limit = 33554432 (custom)
2019-09-27 21:15:50,648 [f0ddf341-8f5a-4866-8397-302d2220141c@group-52FEFF0F1D50:LeaderElection31] INFO  server.RaftServerConfigKeys (ConfUtils.java:logGet(43)) - raft.server.log.appender.buffer.element-limit = 1 (custom)
2019-09-27 21:15:50,651 [f0ddf341-8f5a-4866-8397-302d2220141c@group-52FEFF0F1D50:LeaderElection31] INFO  grpc.GrpcConfigKeys$Server (ConfUtils.java:logGet(43)) - raft.grpc.server.leader.outstanding.appends.max = 128 (default)
2019-09-27 21:15:50,651 [f0ddf341-8f5a-4866-8397-302d2220141c@group-52FEFF0F1D50:LeaderElection31] INFO  server.RaftServerConfigKeys (ConfUtils.java:logGet(43)) - raft.server.rpc.request.timeout = 3000ms (default)
2019-09-27 21:15:50,651 [f0ddf341-8f5a-4866-8397-302d2220141c@group-52FEFF0F1D50:LeaderElection31] INFO  server.RaftServerConfigKeys (ConfUtils.java:logGet(43)) - raft.server.log.appender.install.snapshot.enabled = false (custom)
2019-09-27 21:15:50,651 [f0ddf341-8f5a-4866-8397-302d2220141c@group-52FEFF0F1D50:LeaderElection31] INFO  impl.RoleInfo (RoleInfo.java:updateAndGet(143)) - f0ddf341-8f5a-4866-8397-302d2220141c: start LeaderState
2019-09-27 21:15:50,652 [f0ddf341-8f5a-4866-8397-302d2220141c@group-52FEFF0F1D50:LeaderElection31] INFO  segmented.SegmentedRaftLogWorker (SegmentedRaftLogWorker.java:startLogSegment(380)) - f0ddf341-8f5a-4866-8397-302d2220141c@group-52FEFF0F1D50-SegmentedRaftLogWorker: Starting segment from index:0
2019-09-27 21:15:50,653 [f0ddf341-8f5a-4866-8397-302d2220141c@group-52FEFF0F1D50:LeaderElection31] INFO  impl.RaftServerImpl (ServerState.java:setRaftConf(354)) - f0ddf341-8f5a-4866-8397-302d2220141c@group-52FEFF0F1D50: set configuration 0: [eae5b4c6-9516-4f3b-8a39-d0052709847d:192.168.30.11:38185, f99ed73b-523e-4dbb-b36d-9060b33c1e68:192.168.30.11:36400, f0ddf341-8f5a-4866-8397-302d2220141c:192.168.30.11:36108], old=null at 0
2019-09-27 21:15:50,685 [grpc-default-executor-6] INFO  impl.RaftServerImpl (ServerState.java:setLeader(253)) - eae5b4c6-9516-4f3b-8a39-d0052709847d@group-52FEFF0F1D50: change Leader from null to f0ddf341-8f5a-4866-8397-302d2220141c at term 1 for appendEntries, leader elected after 5244ms
2019-09-27 21:15:50,689 [grpc-default-executor-6] INFO  impl.RaftServerImpl (ServerState.java:setLeader(253)) - f99ed73b-523e-4dbb-b36d-9060b33c1e68@group-52FEFF0F1D50: change Leader from null to f0ddf341-8f5a-4866-8397-302d2220141c at term 1 for appendEntries, leader elected after 5247ms
2019-09-27 21:15:50,695 [grpc-default-executor-6] INFO  impl.RaftServerImpl (ServerState.java:setRaftConf(354)) - eae5b4c6-9516-4f3b-8a39-d0052709847d@group-52FEFF0F1D50: set configuration 0: [eae5b4c6-9516-4f3b-8a39-d0052709847d:192.168.30.11:38185, f99ed73b-523e-4dbb-b36d-9060b33c1e68:192.168.30.11:36400, f0ddf341-8f5a-4866-8397-302d2220141c:192.168.30.11:36108], old=null at 0
2019-09-27 21:15:50,696 [grpc-default-executor-6] INFO  segmented.SegmentedRaftLogWorker (SegmentedRaftLogWorker.java:startLogSegment(380)) - eae5b4c6-9516-4f3b-8a39-d0052709847d@group-52FEFF0F1D50-SegmentedRaftLogWorker: Starting segment from index:0
2019-09-27 21:15:50,698 [grpc-default-executor-1] INFO  impl.RaftServerImpl (ServerState.java:setRaftConf(354)) - f99ed73b-523e-4dbb-b36d-9060b33c1e68@group-52FEFF0F1D50: set configuration 0: [eae5b4c6-9516-4f3b-8a39-d0052709847d:192.168.30.11:38185, f99ed73b-523e-4dbb-b36d-9060b33c1e68:192.168.30.11:36400, f0ddf341-8f5a-4866-8397-302d2220141c:192.168.30.11:36108], old=null at 0
2019-09-27 21:15:50,699 [grpc-default-executor-1] INFO  segmented.SegmentedRaftLogWorker (SegmentedRaftLogWorker.java:startLogSegment(380)) - f99ed73b-523e-4dbb-b36d-9060b33c1e68@group-52FEFF0F1D50-SegmentedRaftLogWorker: Starting segment from index:0
2019-09-27 21:15:50,704 [f0ddf341-8f5a-4866-8397-302d2220141c@group-52FEFF0F1D50-SegmentedRaftLogWorker] INFO  segmented.SegmentedRaftLogWorker (SegmentedRaftLogWorker.java:execute(569)) - f0ddf341-8f5a-4866-8397-302d2220141c@group-52FEFF0F1D50-SegmentedRaftLogWorker: created new log segment /workdir/hadoop-ozone/integration-test/target/test-dir/MiniOzoneClusterImpl-f8201cb5-856e-406f-97aa-d4fb03259294/datanode-1/data/ratis/a6c84c6c-dfa9-4bf2-a25c-52feff0f1d50/current/log_inprogress_0
2019-09-27 21:15:50,746 [eae5b4c6-9516-4f3b-8a39-d0052709847d@group-52FEFF0F1D50-SegmentedRaftLogWorker] INFO  segmented.SegmentedRaftLogWorker (SegmentedRaftLogWorker.java:execute(569)) - eae5b4c6-9516-4f3b-8a39-d0052709847d@group-52FEFF0F1D50-SegmentedRaftLogWorker: created new log segment /workdir/hadoop-ozone/integration-test/target/test-dir/MiniOzoneClusterImpl-f8201cb5-856e-406f-97aa-d4fb03259294/datanode-0/data/ratis/a6c84c6c-dfa9-4bf2-a25c-52feff0f1d50/current/log_inprogress_0
2019-09-27 21:15:50,746 [f99ed73b-523e-4dbb-b36d-9060b33c1e68@group-52FEFF0F1D50-SegmentedRaftLogWorker] INFO  segmented.SegmentedRaftLogWorker (SegmentedRaftLogWorker.java:execute(569)) - f99ed73b-523e-4dbb-b36d-9060b33c1e68@group-52FEFF0F1D50-SegmentedRaftLogWorker: created new log segment /workdir/hadoop-ozone/integration-test/target/test-dir/MiniOzoneClusterImpl-f8201cb5-856e-406f-97aa-d4fb03259294/datanode-5/data/ratis/a6c84c6c-dfa9-4bf2-a25c-52feff0f1d50/current/log_inprogress_0
2019-09-27 21:15:55,519 [Thread-1059] INFO  impl.FollowerState (FollowerState.java:run(106)) - 0788b08f-dd6c-4547-a8ef-23c2d2da422a:group-C7C1CDAE2B35 changes to CANDIDATE, lastRpcTime:5050, electionTimeout:5046ms
2019-09-27 21:15:55,519 [Thread-1059] INFO  impl.RoleInfo (RoleInfo.java:shutdownFollowerState(121)) - 0788b08f-dd6c-4547-a8ef-23c2d2da422a: shutdown FollowerState
2019-09-27 21:15:55,520 [Thread-1059] INFO  impl.RaftServerImpl (RaftServerImpl.java:setRole(174)) - 0788b08f-dd6c-4547-a8ef-23c2d2da422a@group-C7C1CDAE2B35: changes role from  FOLLOWER to CANDIDATE at term 2 for changeToCandidate
2019-09-27 21:15:55,520 [Thread-1059] INFO  impl.RoleInfo (RoleInfo.java:updateAndGet(143)) - 0788b08f-dd6c-4547-a8ef-23c2d2da422a: start LeaderElection
2019-09-27 21:15:55,546 [0788b08f-dd6c-4547-a8ef-23c2d2da422a@group-C7C1CDAE2B35:LeaderElection32] INFO  impl.LeaderElection (LeaderElection.java:askForVotes(182)) - 0788b08f-dd6c-4547-a8ef-23c2d2da422a@group-C7C1CDAE2B35:LeaderElection32: begin an election at term 3 for -1: [8f236389-d57a-4ab0-86b9-7a3c7defed0a:192.168.30.11:40638, 0788b08f-dd6c-4547-a8ef-23c2d2da422a:192.168.30.11:36304, 6d421437-77fe-44b0-af48-91fab7d4abad:192.168.30.11:35766], old=null
2019-09-27 21:15:55,555 [grpc-default-executor-6] INFO  impl.RaftServerImpl (RaftServerImpl.java:setRole(174)) - 8f236389-d57a-4ab0-86b9-7a3c7defed0a@group-C7C1CDAE2B35: changes role from  FOLLOWER to FOLLOWER at term 3 for recognizeCandidate:0788b08f-dd6c-4547-a8ef-23c2d2da422a
2019-09-27 21:15:55,556 [grpc-default-executor-1] INFO  impl.RaftServerImpl (RaftServerImpl.java:setRole(174)) - 6d421437-77fe-44b0-af48-91fab7d4abad@group-C7C1CDAE2B35: changes role from  FOLLOWER to FOLLOWER at term 3 for recognizeCandidate:0788b08f-dd6c-4547-a8ef-23c2d2da422a
2019-09-27 21:15:55,556 [grpc-default-executor-6] INFO  impl.RoleInfo (RoleInfo.java:shutdownFollowerState(121)) - 8f236389-d57a-4ab0-86b9-7a3c7defed0a: shutdown FollowerState
2019-09-27 21:15:55,556 [grpc-default-executor-1] INFO  impl.RoleInfo (RoleInfo.java:shutdownFollowerState(121)) - 6d421437-77fe-44b0-af48-91fab7d4abad: shutdown FollowerState
2019-09-27 21:15:55,556 [Thread-1074] INFO  impl.FollowerState (FollowerState.java:run(115)) - 8f236389-d57a-4ab0-86b9-7a3c7defed0a: FollowerState was interrupted: java.lang.InterruptedException: sleep interrupted
2019-09-27 21:15:55,556 [grpc-default-executor-6] INFO  impl.RoleInfo (RoleInfo.java:updateAndGet(143)) - 8f236389-d57a-4ab0-86b9-7a3c7defed0a: start FollowerState
2019-09-27 21:15:55,557 [Thread-1077] INFO  impl.FollowerState (FollowerState.java:run(115)) - 6d421437-77fe-44b0-af48-91fab7d4abad: FollowerState was interrupted: java.lang.InterruptedException: sleep interrupted
2019-09-27 21:15:55,556 [grpc-default-executor-1] INFO  impl.RoleInfo (RoleInfo.java:updateAndGet(143)) - 6d421437-77fe-44b0-af48-91fab7d4abad: start FollowerState
2019-09-27 21:15:55,584 [0788b08f-dd6c-4547-a8ef-23c2d2da422a@group-C7C1CDAE2B35:LeaderElection32] INFO  impl.LeaderElection (LeaderElection.java:logAndReturn(56)) - 0788b08f-dd6c-4547-a8ef-23c2d2da422a@group-C7C1CDAE2B35:LeaderElection32: Election REJECTED; received 2 response(s) [0788b08f-dd6c-4547-a8ef-23c2d2da422a<-8f236389-d57a-4ab0-86b9-7a3c7defed0a#0:FAIL-t3, 0788b08f-dd6c-4547-a8ef-23c2d2da422a<-6d421437-77fe-44b0-af48-91fab7d4abad#0:FAIL-t3] and 0 exception(s); 0788b08f-dd6c-4547-a8ef-23c2d2da422a@group-C7C1CDAE2B35:t3, leader=null, voted=0788b08f-dd6c-4547-a8ef-23c2d2da422a, raftlog=0788b08f-dd6c-4547-a8ef-23c2d2da422a@group-C7C1CDAE2B35-SegmentedRaftLog:OPENED:c-1,f-1,i0, conf=-1: [8f236389-d57a-4ab0-86b9-7a3c7defed0a:192.168.30.11:40638, 0788b08f-dd6c-4547-a8ef-23c2d2da422a:192.168.30.11:36304, 6d421437-77fe-44b0-af48-91fab7d4abad:192.168.30.11:35766], old=null
2019-09-27 21:15:55,584 [0788b08f-dd6c-4547-a8ef-23c2d2da422a@group-C7C1CDAE2B35:LeaderElection32] INFO  impl.RaftServerImpl (RaftServerImpl.java:setRole(174)) - 0788b08f-dd6c-4547-a8ef-23c2d2da422a@group-C7C1CDAE2B35: changes role from CANDIDATE to FOLLOWER at term 3 for DISCOVERED_A_NEW_TERM
2019-09-27 21:15:55,584 [0788b08f-dd6c-4547-a8ef-23c2d2da422a@group-C7C1CDAE2B35:LeaderElection32] INFO  impl.RoleInfo (RoleInfo.java:shutdownLeaderElection(134)) - 0788b08f-dd6c-4547-a8ef-23c2d2da422a: shutdown LeaderElection
2019-09-27 21:15:55,584 [0788b08f-dd6c-4547-a8ef-23c2d2da422a@group-C7C1CDAE2B35:LeaderElection32] INFO  impl.RoleInfo (RoleInfo.java:updateAndGet(143)) - 0788b08f-dd6c-4547-a8ef-23c2d2da422a: start FollowerState
2019-09-27 21:16:00,741 [Thread-1104] INFO  impl.FollowerState (FollowerState.java:run(106)) - 0788b08f-dd6c-4547-a8ef-23c2d2da422a:group-C7C1CDAE2B35 changes to CANDIDATE, lastRpcTime:5156, electionTimeout:5156ms
2019-09-27 21:16:00,745 [Thread-1104] INFO  impl.RoleInfo (RoleInfo.java:shutdownFollowerState(121)) - 0788b08f-dd6c-4547-a8ef-23c2d2da422a: shutdown FollowerState
2019-09-27 21:16:00,746 [Thread-1104] INFO  impl.RaftServerImpl (RaftServerImpl.java:setRole(174)) - 0788b08f-dd6c-4547-a8ef-23c2d2da422a@group-C7C1CDAE2B35: changes role from  FOLLOWER to CANDIDATE at term 3 for changeToCandidate
2019-09-27 21:16:00,746 [Thread-1104] INFO  impl.RoleInfo (RoleInfo.java:updateAndGet(143)) - 0788b08f-dd6c-4547-a8ef-23c2d2da422a: start LeaderElection
2019-09-27 21:16:00,746 [Thread-1102] INFO  impl.FollowerState (FollowerState.java:run(106)) - 8f236389-d57a-4ab0-86b9-7a3c7defed0a:group-C7C1CDAE2B35 changes to CANDIDATE, lastRpcTime:5189, electionTimeout:5186ms
2019-09-27 21:16:00,746 [Thread-1102] INFO  impl.RoleInfo (RoleInfo.java:shutdownFollowerState(121)) - 8f236389-d57a-4ab0-86b9-7a3c7defed0a: shutdown FollowerState
2019-09-27 21:16:00,748 [Thread-1102] INFO  impl.RaftServerImpl (RaftServerImpl.java:setRole(174)) - 8f236389-d57a-4ab0-86b9-7a3c7defed0a@group-C7C1CDAE2B35: changes role from  FOLLOWER to CANDIDATE at term 3 for changeToCandidate
2019-09-27 21:16:00,748 [Thread-1102] INFO  impl.RoleInfo (RoleInfo.java:updateAndGet(143)) - 8f236389-d57a-4ab0-86b9-7a3c7defed0a: start LeaderElection
2019-09-27 21:16:00,757 [Thread-1103] INFO  impl.FollowerState (FollowerState.java:run(106)) - 6d421437-77fe-44b0-af48-91fab7d4abad:group-C7C1CDAE2B35 changes to CANDIDATE, lastRpcTime:5200, electionTimeout:5197ms
2019-09-27 21:16:00,757 [Thread-1103] INFO  impl.RoleInfo (RoleInfo.java:shutdownFollowerState(121)) - 6d421437-77fe-44b0-af48-91fab7d4abad: shutdown FollowerState
2019-09-27 21:16:00,757 [Thread-1103] INFO  impl.RaftServerImpl (RaftServerImpl.java:setRole(174)) - 6d421437-77fe-44b0-af48-91fab7d4abad@group-C7C1CDAE2B35: changes role from  FOLLOWER to CANDIDATE at term 3 for changeToCandidate
2019-09-27 21:16:00,757 [Thread-1103] INFO  impl.RoleInfo (RoleInfo.java:updateAndGet(143)) - 6d421437-77fe-44b0-af48-91fab7d4abad: start LeaderElection
2019-09-27 21:16:00,776 [0788b08f-dd6c-4547-a8ef-23c2d2da422a@group-C7C1CDAE2B35:LeaderElection33] INFO  impl.LeaderElection (LeaderElection.java:askForVotes(182)) - 0788b08f-dd6c-4547-a8ef-23c2d2da422a@group-C7C1CDAE2B35:LeaderElection33: begin an election at term 4 for -1: [8f236389-d57a-4ab0-86b9-7a3c7defed0a:192.168.30.11:40638, 0788b08f-dd6c-4547-a8ef-23c2d2da422a:192.168.30.11:36304, 6d421437-77fe-44b0-af48-91fab7d4abad:192.168.30.11:35766], old=null
2019-09-27 21:16:00,776 [6d421437-77fe-44b0-af48-91fab7d4abad@group-C7C1CDAE2B35:LeaderElection35] INFO  impl.LeaderElection (LeaderElection.java:askForVotes(182)) - 6d421437-77fe-44b0-af48-91fab7d4abad@group-C7C1CDAE2B35:LeaderElection35: begin an election at term 4 for 0: [8f236389-d57a-4ab0-86b9-7a3c7defed0a:192.168.30.11:40638, 0788b08f-dd6c-4547-a8ef-23c2d2da422a:192.168.30.11:36304, 6d421437-77fe-44b0-af48-91fab7d4abad:192.168.30.11:35766], old=null
2019-09-27 21:16:00,776 [8f236389-d57a-4ab0-86b9-7a3c7defed0a@group-C7C1CDAE2B35:LeaderElection34] INFO  impl.LeaderElection (LeaderElection.java:askForVotes(182)) - 8f236389-d57a-4ab0-86b9-7a3c7defed0a@group-C7C1CDAE2B35:LeaderElection34: begin an election at term 4 for 0: [8f236389-d57a-4ab0-86b9-7a3c7defed0a:192.168.30.11:40638, 0788b08f-dd6c-4547-a8ef-23c2d2da422a:192.168.30.11:36304, 6d421437-77fe-44b0-af48-91fab7d4abad:192.168.30.11:35766], old=null
2019-09-27 21:16:00,781 [0788b08f-dd6c-4547-a8ef-23c2d2da422a@group-C7C1CDAE2B35:LeaderElection33] INFO  impl.LeaderElection (LeaderElection.java:logAndReturn(56)) - 0788b08f-dd6c-4547-a8ef-23c2d2da422a@group-C7C1CDAE2B35:LeaderElection33: Election REJECTED; received 2 response(s) [0788b08f-dd6c-4547-a8ef-23c2d2da422a<-8f236389-d57a-4ab0-86b9-7a3c7defed0a#0:FAIL-t4, 0788b08f-dd6c-4547-a8ef-23c2d2da422a<-6d421437-77fe-44b0-af48-91fab7d4abad#0:FAIL-t4] and 0 exception(s); 0788b08f-dd6c-4547-a8ef-23c2d2da422a@group-C7C1CDAE2B35:t4, leader=null, voted=0788b08f-dd6c-4547-a8ef-23c2d2da422a, raftlog=0788b08f-dd6c-4547-a8ef-23c2d2da422a@group-C7C1CDAE2B35-SegmentedRaftLog:OPENED:c-1,f-1,i0, conf=-1: [8f236389-d57a-4ab0-86b9-7a3c7defed0a:192.168.30.11:40638, 0788b08f-dd6c-4547-a8ef-23c2d2da422a:192.168.30.11:36304, 6d421437-77fe-44b0-af48-91fab7d4abad:192.168.30.11:35766], old=null
2019-09-27 21:16:00,781 [6d421437-77fe-44b0-af48-91fab7d4abad@group-C7C1CDAE2B35:LeaderElection35] INFO  impl.LeaderElection (LeaderElection.java:logAndReturn(56)) - 6d421437-77fe-44b0-af48-91fab7d4abad@group-C7C1CDAE2B35:LeaderElection35: Election REJECTED; received 2 response(s) [6d421437-77fe-44b0-af48-91fab7d4abad<-8f236389-d57a-4ab0-86b9-7a3c7defed0a#0:FAIL-t4, 6d421437-77fe-44b0-af48-91fab7d4abad<-0788b08f-dd6c-4547-a8ef-23c2d2da422a#0:FAIL-t4] and 0 exception(s); 6d421437-77fe-44b0-af48-91fab7d4abad@group-C7C1CDAE2B35:t4, leader=null, voted=6d421437-77fe-44b0-af48-91fab7d4abad, raftlog=6d421437-77fe-44b0-af48-91fab7d4abad@group-C7C1CDAE2B35-SegmentedRaftLog:OPENED:c-1,f0,i0, conf=0: [8f236389-d57a-4ab0-86b9-7a3c7defed0a:192.168.30.11:40638, 0788b08f-dd6c-4547-a8ef-23c2d2da422a:192.168.30.11:36304, 6d421437-77fe-44b0-af48-91fab7d4abad:192.168.30.11:35766], old=null
2019-09-27 21:16:00,781 [0788b08f-dd6c-4547-a8ef-23c2d2da422a@group-C7C1CDAE2B35:LeaderElection33] INFO  impl.RaftServerImpl (RaftServerImpl.java:setRole(174)) - 0788b08f-dd6c-4547-a8ef-23c2d2da422a@group-C7C1CDAE2B35: changes role from CANDIDATE to FOLLOWER at term 4 for DISCOVERED_A_NEW_TERM
2019-09-27 21:16:00,783 [0788b08f-dd6c-4547-a8ef-23c2d2da422a@group-C7C1CDAE2B35:LeaderElection33] INFO  impl.RoleInfo (RoleInfo.java:shutdownLeaderElection(134)) - 0788b08f-dd6c-4547-a8ef-23c2d2da422a: shutdown LeaderElection
2019-09-27 21:16:00,783 [6d421437-77fe-44b0-af48-91fab7d4abad@group-C7C1CDAE2B35:LeaderElection35] INFO  impl.RaftServerImpl (RaftServerImpl.java:setRole(174)) - 6d421437-77fe-44b0-af48-91fab7d4abad@group-C7C1CDAE2B35: changes role from CANDIDATE to FOLLOWER at term 4 for DISCOVERED_A_NEW_TERM
2019-09-27 21:16:00,785 [6d421437-77fe-44b0-af48-91fab7d4abad@group-C7C1CDAE2B35:LeaderElection35] INFO  impl.RoleInfo (RoleInfo.java:shutdownLeaderElection(134)) - 6d421437-77fe-44b0-af48-91fab7d4abad: shutdown LeaderElection
2019-09-27 21:16:00,785 [0788b08f-dd6c-4547-a8ef-23c2d2da422a@group-C7C1CDAE2B35:LeaderElection33] INFO  impl.RoleInfo (RoleInfo.java:updateAndGet(143)) - 0788b08f-dd6c-4547-a8ef-23c2d2da422a: start FollowerState
2019-09-27 21:16:00,785 [6d421437-77fe-44b0-af48-91fab7d4abad@group-C7C1CDAE2B35:LeaderElection35] INFO  impl.RoleInfo (RoleInfo.java:updateAndGet(143)) - 6d421437-77fe-44b0-af48-91fab7d4abad: start FollowerState
2019-09-27 21:16:00,786 [8f236389-d57a-4ab0-86b9-7a3c7defed0a@group-C7C1CDAE2B35:LeaderElection34] INFO  impl.LeaderElection (LeaderElection.java:logAndReturn(56)) - 8f236389-d57a-4ab0-86b9-7a3c7defed0a@group-C7C1CDAE2B35:LeaderElection34: Election REJECTED; received 2 response(s) [8f236389-d57a-4ab0-86b9-7a3c7defed0a<-0788b08f-dd6c-4547-a8ef-23c2d2da422a#0:FAIL-t4, 8f236389-d57a-4ab0-86b9-7a3c7defed0a<-6d421437-77fe-44b0-af48-91fab7d4abad#0:FAIL-t4] and 0 exception(s); 8f236389-d57a-4ab0-86b9-7a3c7defed0a@group-C7C1CDAE2B35:t4, leader=null, voted=8f236389-d57a-4ab0-86b9-7a3c7defed0a, raftlog=8f236389-d57a-4ab0-86b9-7a3c7defed0a@group-C7C1CDAE2B35-SegmentedRaftLog:OPENED:c-1,f0,i0, conf=0: [8f236389-d57a-4ab0-86b9-7a3c7defed0a:192.168.30.11:40638, 0788b08f-dd6c-4547-a8ef-23c2d2da422a:192.168.30.11:36304, 6d421437-77fe-44b0-af48-91fab7d4abad:192.168.30.11:35766], old=null
2019-09-27 21:16:00,786 [8f236389-d57a-4ab0-86b9-7a3c7defed0a@group-C7C1CDAE2B35:LeaderElection34] INFO  impl.RaftServerImpl (RaftServerImpl.java:setRole(174)) - 8f236389-d57a-4ab0-86b9-7a3c7defed0a@group-C7C1CDAE2B35: changes role from CANDIDATE to FOLLOWER at term 4 for DISCOVERED_A_NEW_TERM
2019-09-27 21:16:00,786 [8f236389-d57a-4ab0-86b9-7a3c7defed0a@group-C7C1CDAE2B35:LeaderElection34] INFO  impl.RoleInfo (RoleInfo.java:shutdownLeaderElection(134)) - 8f236389-d57a-4ab0-86b9-7a3c7defed0a: shutdown LeaderElection
2019-09-27 21:16:00,786 [8f236389-d57a-4ab0-86b9-7a3c7defed0a@group-C7C1CDAE2B35:LeaderElection34] INFO  impl.RoleInfo (RoleInfo.java:updateAndGet(143)) - 8f236389-d57a-4ab0-86b9-7a3c7defed0a: start FollowerState
]]></system-out>
  </testcase>
  <testcase name="testWatchForCommitForRetryfailure" classname="org.apache.hadoop.ozone.client.rpc.TestWatchForCommit" time="59.147"/>
  <testcase name="testWatchForCommitForGroupMismatchException" classname="org.apache.hadoop.ozone.client.rpc.TestWatchForCommit" time="34.46"/>
  <testcase name="test2WayCommitForTimeoutException" classname="org.apache.hadoop.ozone.client.rpc.TestWatchForCommit" time="36.486"/>
</testsuite>