<?xml version="1.0" encoding="UTF-8"?>
<testsuite xmlns:xsi="http://www.w3.org/2001/XMLSchema-instance" xsi:noNamespaceSchemaLocation="https://maven.apache.org/surefire/maven-surefire-plugin/xsd/surefire-test-report.xsd" name="org.apache.hadoop.ozone.client.rpc.Test2WayCommitInRatis" time="34.726" tests="1" errors="1" skipped="0" failures="0">
  <properties>
    <property name="awt.toolkit" value="sun.awt.X11.XToolkit"/>
    <property name="file.encoding.pkg" value="sun.io"/>
    <property name="java.specification.version" value="1.8"/>
    <property name="sun.cpu.isalist" value=""/>
    <property name="sun.jnu.encoding" value="UTF-8"/>
    <property name="java.class.path" value="/workdir/hadoop-ozone/integration-test/target/test-classes:/workdir/hadoop-ozone/integration-test/target/classes:/home/user/.m2/repository/org/apache/hadoop/hadoop-ozone-common/0.5.0-SNAPSHOT/hadoop-ozone-common-0.5.0-SNAPSHOT.jar:/home/user/.m2/repository/org/apache/commons/commons-compress/1.4.1/commons-compress-1.4.1.jar:/home/user/.m2/repository/org/tukaani/xz/1.0/xz-1.0.jar:/home/user/.m2/repository/org/apache/hadoop/hadoop-common/3.2.0/hadoop-common-3.2.0.jar:/home/user/.m2/repository/org/apache/hadoop/hadoop-hdfs/3.2.0/hadoop-hdfs-3.2.0.jar:/home/user/.m2/repository/org/apache/hadoop/hadoop-hdfs-client/3.2.0/hadoop-hdfs-client-3.2.0.jar:/home/user/.m2/repository/com/fasterxml/jackson/core/jackson-annotations/2.9.9/jackson-annotations-2.9.9.jar:/home/user/.m2/repository/org/apache/hadoop/hadoop-hdds-common/0.5.0-SNAPSHOT/hadoop-hdds-common-0.5.0-SNAPSHOT.jar:/home/user/.m2/repository/javax/annotation/javax.annotation-api/1.2/javax.annotation-api-1.2.jar:/home/user/.m2/repository/org/apache/ratis/ratis-server/0.4.0/ratis-server-0.4.0.jar:/home/user/.m2/repository/org/apache/ratis/ratis-thirdparty-misc/0.2.0/ratis-thirdparty-misc-0.2.0.jar:/home/user/.m2/repository/org/apache/ratis/ratis-proto/0.4.0/ratis-proto-0.4.0.jar:/home/user/.m2/repository/org/apache/ratis/ratis-common/0.4.0/ratis-common-0.4.0.jar:/home/user/.m2/repository/org/apache/ratis/ratis-client/0.4.0/ratis-client-0.4.0.jar:/home/user/.m2/repository/org/apache/ratis/ratis-metrics/0.4.0/ratis-metrics-0.4.0.jar:/home/user/.m2/repository/com/github/joshelser/dropwizard-metrics-hadoop-metrics2-reporter/0.1.2/dropwizard-metrics-hadoop-metrics2-reporter-0.1.2.jar:/home/user/.m2/repository/io/dropwizard/metrics/metrics-jvm/3.2.5/metrics-jvm-3.2.5.jar:/home/user/.m2/repository/io/dropwizard/metrics/metrics-ganglia/3.2.5/metrics-ganglia-3.2.5.jar:/home/user/.m2/repository/info/ganglia/gmetric4j/gmetric4j/1.0.7/gmetric4j-1.0.7.jar:/home/user/.m2/repository/org/apache/ratis/ratis-netty/0.4.0/ratis-netty-0.4.0.jar:/home/user/.m2/repository/org/apache/ratis/ratis-grpc/0.4.0/ratis-grpc-0.4.0.jar:/home/user/.m2/repository/org/rocksdb/rocksdbjni/6.0.1/rocksdbjni-6.0.1.jar:/home/user/.m2/repository/org/apache/logging/log4j/log4j-api/2.11.0/log4j-api-2.11.0.jar:/home/user/.m2/repository/org/apache/logging/log4j/log4j-core/2.11.0/log4j-core-2.11.0.jar:/home/user/.m2/repository/com/lmax/disruptor/3.4.2/disruptor-3.4.2.jar:/home/user/.m2/repository/org/apache/commons/commons-pool2/2.6.0/commons-pool2-2.6.0.jar:/home/user/.m2/repository/org/bouncycastle/bcpkix-jdk15on/1.60/bcpkix-jdk15on-1.60.jar:/home/user/.m2/repository/commons-validator/commons-validator/1.6/commons-validator-1.6.jar:/home/user/.m2/repository/commons-digester/commons-digester/1.8.1/commons-digester-1.8.1.jar:/home/user/.m2/repository/io/jaegertracing/jaeger-client/0.34.0/jaeger-client-0.34.0.jar:/home/user/.m2/repository/io/jaegertracing/jaeger-thrift/0.34.0/jaeger-thrift-0.34.0.jar:/home/user/.m2/repository/org/apache/thrift/libthrift/0.12.0/libthrift-0.12.0.jar:/home/user/.m2/repository/com/squareup/okhttp3/okhttp/3.9.0/okhttp-3.9.0.jar:/home/user/.m2/repository/com/squareup/okio/okio/1.13.0/okio-1.13.0.jar:/home/user/.m2/repository/io/jaegertracing/jaeger-core/0.34.0/jaeger-core-0.34.0.jar:/home/user/.m2/repository/io/jaegertracing/jaeger-tracerresolver/0.34.0/jaeger-tracerresolver-0.34.0.jar:/home/user/.m2/repository/io/opentracing/contrib/opentracing-tracerresolver/0.1.5/opentracing-tracerresolver-0.1.5.jar:/home/user/.m2/repository/io/opentracing/opentracing-util/0.31.0/opentracing-util-0.31.0.jar:/home/user/.m2/repository/io/opentracing/opentracing-api/0.31.0/opentracing-api-0.31.0.jar:/home/user/.m2/repository/io/opentracing/opentracing-noop/0.31.0/opentracing-noop-0.31.0.jar:/home/user/.m2/repository/org/apache/hadoop/hadoop-hdds-server-framework/0.5.0-SNAPSHOT/hadoop-hdds-server-framework-0.5.0-SNAPSHOT.jar:/home/user/.m2/repository/org/apache/hadoop/hadoop-hdds-container-service/0.5.0-SNAPSHOT/hadoop-hdds-container-service-0.5.0-SNAPSHOT.jar:/home/user/.m2/repository/org/apache/hadoop/hadoop-hdds-client/0.5.0-SNAPSHOT/hadoop-hdds-client-0.5.0-SNAPSHOT.jar:/home/user/.m2/repository/org/apache/hadoop/hadoop-hdds-tools/0.5.0-SNAPSHOT/hadoop-hdds-tools-0.5.0-SNAPSHOT.jar:/home/user/.m2/repository/org/apache/hadoop/hadoop-hdds-server-scm/0.5.0-SNAPSHOT/hadoop-hdds-server-scm-0.5.0-SNAPSHOT.jar:/home/user/.m2/repository/org/apache/hadoop/hadoop-hdds-docs/0.5.0-SNAPSHOT/hadoop-hdds-docs-0.5.0-SNAPSHOT.jar:/home/user/.m2/repository/io/dropwizard/metrics/metrics-core/3.2.4/metrics-core-3.2.4.jar:/home/user/.m2/repository/org/hamcrest/hamcrest-all/1.3/hamcrest-all-1.3.jar:/home/user/.m2/repository/org/bouncycastle/bcprov-jdk15on/1.60/bcprov-jdk15on-1.60.jar:/home/user/.m2/repository/info/picocli/picocli/3.9.6/picocli-3.9.6.jar:/home/user/.m2/repository/com/google/protobuf/protobuf-java/2.5.0/protobuf-java-2.5.0.jar:/home/user/.m2/repository/com/google/guava/guava/11.0.2/guava-11.0.2.jar:/home/user/.m2/repository/org/apache/hadoop/hadoop-ozone-ozone-manager/0.5.0-SNAPSHOT/hadoop-ozone-ozone-manager-0.5.0-SNAPSHOT.jar:/home/user/.m2/repository/org/apache/hadoop/hadoop-minikdc/3.2.0/hadoop-minikdc-3.2.0.jar:/home/user/.m2/repository/commons-io/commons-io/2.5/commons-io-2.5.jar:/home/user/.m2/repository/org/apache/kerby/kerb-simplekdc/1.0.1/kerb-simplekdc-1.0.1.jar:/home/user/.m2/repository/org/apache/kerby/kerb-client/1.0.1/kerb-client-1.0.1.jar:/home/user/.m2/repository/org/apache/kerby/kerby-config/1.0.1/kerby-config-1.0.1.jar:/home/user/.m2/repository/org/apache/kerby/kerb-core/1.0.1/kerb-core-1.0.1.jar:/home/user/.m2/repository/org/apache/kerby/kerby-pkix/1.0.1/kerby-pkix-1.0.1.jar:/home/user/.m2/repository/org/apache/kerby/kerby-asn1/1.0.1/kerby-asn1-1.0.1.jar:/home/user/.m2/repository/org/apache/kerby/kerby-util/1.0.1/kerby-util-1.0.1.jar:/home/user/.m2/repository/org/apache/kerby/kerb-common/1.0.1/kerb-common-1.0.1.jar:/home/user/.m2/repository/org/apache/kerby/kerb-crypto/1.0.1/kerb-crypto-1.0.1.jar:/home/user/.m2/repository/org/apache/kerby/kerb-util/1.0.1/kerb-util-1.0.1.jar:/home/user/.m2/repository/org/apache/kerby/token-provider/1.0.1/token-provider-1.0.1.jar:/home/user/.m2/repository/org/apache/kerby/kerb-admin/1.0.1/kerb-admin-1.0.1.jar:/home/user/.m2/repository/org/apache/kerby/kerb-server/1.0.1/kerb-server-1.0.1.jar:/home/user/.m2/repository/org/apache/kerby/kerb-identity/1.0.1/kerb-identity-1.0.1.jar:/home/user/.m2/repository/org/apache/kerby/kerby-xdr/1.0.1/kerby-xdr-1.0.1.jar:/home/user/.m2/repository/org/slf4j/slf4j-log4j12/1.7.25/slf4j-log4j12-1.7.25.jar:/home/user/.m2/repository/org/apache/hadoop/hadoop-ozone-s3gateway/0.5.0-SNAPSHOT/hadoop-ozone-s3gateway-0.5.0-SNAPSHOT.jar:/home/user/.m2/repository/org/jboss/weld/servlet/weld-servlet/2.4.7.Final/weld-servlet-2.4.7.Final.jar:/home/user/.m2/repository/org/glassfish/jersey/containers/jersey-container-servlet-core/2.27/jersey-container-servlet-core-2.27.jar:/home/user/.m2/repository/org/glassfish/hk2/external/javax.inject/2.5.0-b42/javax.inject-2.5.0-b42.jar:/home/user/.m2/repository/org/glassfish/jersey/core/jersey-common/2.27/jersey-common-2.27.jar:/home/user/.m2/repository/org/glassfish/hk2/osgi-resource-locator/1.0.1/osgi-resource-locator-1.0.1.jar:/home/user/.m2/repository/javax/ws/rs/javax.ws.rs-api/2.1/javax.ws.rs-api-2.1.jar:/home/user/.m2/repository/org/glassfish/jersey/ext/cdi/jersey-cdi1x/2.27/jersey-cdi1x-2.27.jar:/home/user/.m2/repository/org/glassfish/jersey/inject/jersey-hk2/2.27/jersey-hk2-2.27.jar:/home/user/.m2/repository/org/glassfish/hk2/hk2-locator/2.5.0-b42/hk2-locator-2.5.0-b42.jar:/home/user/.m2/repository/org/javassist/javassist/3.22.0-CR2/javassist-3.22.0-CR2.jar:/home/user/.m2/repository/org/glassfish/hk2/hk2-api/2.5.0/hk2-api-2.5.0.jar:/home/user/.m2/repository/org/glassfish/hk2/external/jakarta.inject/2.5.0/jakarta.inject-2.5.0.jar:/home/user/.m2/repository/org/glassfish/hk2/hk2-utils/2.5.0/hk2-utils-2.5.0.jar:/home/user/.m2/repository/jakarta/annotation/jakarta.annotation-api/1.3.4/jakarta.annotation-api-1.3.4.jar:/home/user/.m2/repository/org/glassfish/hk2/external/aopalliance-repackaged/2.5.0/aopalliance-repackaged-2.5.0.jar:/home/user/.m2/repository/com/fasterxml/jackson/dataformat/jackson-dataformat-xml/2.9.0/jackson-dataformat-xml-2.9.0.jar:/home/user/.m2/repository/com/fasterxml/jackson/core/jackson-core/2.9.9/jackson-core-2.9.9.jar:/home/user/.m2/repository/com/fasterxml/jackson/module/jackson-module-jaxb-annotations/2.9.9/jackson-module-jaxb-annotations-2.9.9.jar:/home/user/.m2/repository/javax/enterprise/cdi-api/1.2/cdi-api-1.2.jar:/home/user/.m2/repository/javax/el/javax.el-api/3.0.0/javax.el-api-3.0.0.jar:/home/user/.m2/repository/javax/interceptor/javax.interceptor-api/1.2/javax.interceptor-api-1.2.jar:/home/user/.m2/repository/javax/inject/javax.inject/1/javax.inject-1.jar:/home/user/.m2/repository/com/sun/xml/bind/jaxb-impl/2.3.0.1/jaxb-impl-2.3.0.1.jar:/home/user/.m2/repository/com/sun/xml/bind/jaxb-core/2.3.0.1/jaxb-core-2.3.0.1.jar:/home/user/.m2/repository/javax/xml/bind/jaxb-api/2.3.0/jaxb-api-2.3.0.jar:/home/user/.m2/repository/javax/activation/activation/1.1.1/activation-1.1.1.jar:/home/user/.m2/repository/org/apache/hadoop/hadoop-ozone-csi/0.5.0-SNAPSHOT/hadoop-ozone-csi-0.5.0-SNAPSHOT.jar:/home/user/.m2/repository/com/google/protobuf/protobuf-java-util/3.5.1/protobuf-java-util-3.5.1.jar:/home/user/.m2/repository/org/apache/hadoop/hadoop-hdds-config/0.5.0-SNAPSHOT/hadoop-hdds-config-0.5.0-SNAPSHOT.jar:/home/user/.m2/repository/io/grpc/grpc-netty/1.17.1/grpc-netty-1.17.1.jar:/home/user/.m2/repository/io/grpc/grpc-core/1.17.1/grpc-core-1.17.1.jar:/home/user/.m2/repository/io/grpc/grpc-context/1.17.1/grpc-context-1.17.1.jar:/home/user/.m2/repository/com/google/errorprone/error_prone_annotations/2.2.0/error_prone_annotations-2.2.0.jar:/home/user/.m2/repository/org/codehaus/mojo/animal-sniffer-annotations/1.17/animal-sniffer-annotations-1.17.jar:/home/user/.m2/repository/io/opencensus/opencensus-api/0.17.0/opencensus-api-0.17.0.jar:/home/user/.m2/repository/io/opencensus/opencensus-contrib-grpc-metrics/0.17.0/opencensus-contrib-grpc-metrics-0.17.0.jar:/home/user/.m2/repository/io/netty/netty-codec-http2/4.1.30.Final/netty-codec-http2-4.1.30.Final.jar:/home/user/.m2/repository/io/netty/netty-codec-http/4.1.30.Final/netty-codec-http-4.1.30.Final.jar:/home/user/.m2/repository/io/netty/netty-codec/4.1.30.Final/netty-codec-4.1.30.Final.jar:/home/user/.m2/repository/io/netty/netty-handler/4.1.30.Final/netty-handler-4.1.30.Final.jar:/home/user/.m2/repository/io/netty/netty-handler-proxy/4.1.30.Final/netty-handler-proxy-4.1.30.Final.jar:/home/user/.m2/repository/io/netty/netty-codec-socks/4.1.30.Final/netty-codec-socks-4.1.30.Final.jar:/home/user/.m2/repository/io/netty/netty-transport-native-epoll/4.1.30.Final/netty-transport-native-epoll-4.1.30.Final.jar:/home/user/.m2/repository/io/netty/netty-common/4.1.30.Final/netty-common-4.1.30.Final.jar:/home/user/.m2/repository/io/netty/netty-buffer/4.1.30.Final/netty-buffer-4.1.30.Final.jar:/home/user/.m2/repository/io/netty/netty-transport/4.1.30.Final/netty-transport-4.1.30.Final.jar:/home/user/.m2/repository/io/netty/netty-resolver/4.1.30.Final/netty-resolver-4.1.30.Final.jar:/home/user/.m2/repository/io/netty/netty-transport-native-unix-common/4.1.30.Final/netty-transport-native-unix-common-4.1.30.Final.jar:/home/user/.m2/repository/io/grpc/grpc-protobuf/1.17.1/grpc-protobuf-1.17.1.jar:/home/user/.m2/repository/com/google/api/grpc/proto-google-common-protos/1.0.0/proto-google-common-protos-1.0.0.jar:/home/user/.m2/repository/io/grpc/grpc-protobuf-lite/1.17.1/grpc-protobuf-lite-1.17.1.jar:/home/user/.m2/repository/io/grpc/grpc-stub/1.17.1/grpc-stub-1.17.1.jar:/home/user/.m2/repository/org/apache/hadoop/hadoop-ozone-recon/0.5.0-SNAPSHOT/hadoop-ozone-recon-0.5.0-SNAPSHOT.jar:/home/user/.m2/repository/org/apache/hadoop/hadoop-ozone-reconcodegen/0.5.0-SNAPSHOT/hadoop-ozone-reconcodegen-0.5.0-SNAPSHOT.jar:/home/user/.m2/repository/com/google/inject/extensions/guice-multibindings/4.0/guice-multibindings-4.0.jar:/home/user/.m2/repository/com/google/inject/guice/4.0/guice-4.0.jar:/home/user/.m2/repository/aopalliance/aopalliance/1.0/aopalliance-1.0.jar:/home/user/.m2/repository/com/google/inject/extensions/guice-servlet/4.0/guice-servlet-4.0.jar:/home/user/.m2/repository/org/glassfish/jersey/containers/jersey-container-servlet/2.27/jersey-container-servlet-2.27.jar:/home/user/.m2/repository/org/glassfish/hk2/guice-bridge/2.5.0/guice-bridge-2.5.0.jar:/home/user/.m2/repository/org/glassfish/jersey/core/jersey-server/2.27/jersey-server-2.27.jar:/home/user/.m2/repository/org/glassfish/jersey/core/jersey-client/2.27/jersey-client-2.27.jar:/home/user/.m2/repository/org/glassfish/jersey/media/jersey-media-jaxb/2.27/jersey-media-jaxb-2.27.jar:/home/user/.m2/repository/javax/validation/validation-api/1.1.0.Final/validation-api-1.1.0.Final.jar:/home/user/.m2/repository/org/glassfish/jersey/media/jersey-media-json-jackson/2.27/jersey-media-json-jackson-2.27.jar:/home/user/.m2/repository/org/glassfish/jersey/ext/jersey-entity-filtering/2.27/jersey-entity-filtering-2.27.jar:/home/user/.m2/repository/com/google/inject/extensions/guice-assistedinject/4.0/guice-assistedinject-4.0.jar:/home/user/.m2/repository/org/jooq/jooq/3.11.10/jooq-3.11.10.jar:/home/user/.m2/repository/org/jooq/jooq-meta/3.11.10/jooq-meta-3.11.10.jar:/home/user/.m2/repository/org/jooq/jooq-codegen/3.11.10/jooq-codegen-3.11.10.jar:/home/user/.m2/repository/com/jolbox/bonecp/0.8.0.RELEASE/bonecp-0.8.0.RELEASE.jar:/home/user/.m2/repository/org/xerial/sqlite-jdbc/3.25.2/sqlite-jdbc-3.25.2.jar:/home/user/.m2/repository/org/springframework/spring-jdbc/5.1.3.RELEASE/spring-jdbc-5.1.3.RELEASE.jar:/home/user/.m2/repository/org/springframework/spring-beans/5.1.3.RELEASE/spring-beans-5.1.3.RELEASE.jar:/home/user/.m2/repository/org/springframework/spring-core/5.1.3.RELEASE/spring-core-5.1.3.RELEASE.jar:/home/user/.m2/repository/org/springframework/spring-jcl/5.1.3.RELEASE/spring-jcl-5.1.3.RELEASE.jar:/home/user/.m2/repository/org/springframework/spring-tx/5.1.3.RELEASE/spring-tx-5.1.3.RELEASE.jar:/home/user/.m2/repository/org/apache/hadoop/hadoop-ozone-client/0.5.0-SNAPSHOT/hadoop-ozone-client-0.5.0-SNAPSHOT.jar:/home/user/.m2/repository/commons-lang/commons-lang/2.6/commons-lang-2.6.jar:/home/user/.m2/repository/org/apache/hadoop/hadoop-ozone-ozone-manager/0.5.0-SNAPSHOT/hadoop-ozone-ozone-manager-0.5.0-SNAPSHOT-tests.jar:/home/user/.m2/repository/junit/junit/4.11/junit-4.11.jar:/home/user/.m2/repository/org/hamcrest/hamcrest-core/1.3/hamcrest-core-1.3.jar:/home/user/.m2/repository/org/openjdk/jmh/jmh-core/1.19/jmh-core-1.19.jar:/home/user/.m2/repository/net/sf/jopt-simple/jopt-simple/4.6/jopt-simple-4.6.jar:/home/user/.m2/repository/org/apache/commons/commons-math3/3.1.1/commons-math3-3.1.1.jar:/home/user/.m2/repository/org/openjdk/jmh/jmh-generator-annprocess/1.19/jmh-generator-annprocess-1.19.jar:/home/user/.m2/repository/org/mockito/mockito-all/1.8.5/mockito-all-1.8.5.jar:/home/user/.m2/repository/org/apache/hadoop/hadoop-kms/3.2.0/hadoop-kms-3.2.0.jar:/home/user/.m2/repository/org/apache/hadoop/hadoop-auth/3.2.0/hadoop-auth-3.2.0.jar:/home/user/.m2/repository/com/nimbusds/nimbus-jose-jwt/4.41.1/nimbus-jose-jwt-4.41.1.jar:/home/user/.m2/repository/com/github/stephenc/jcip/jcip-annotations/1.0-1/jcip-annotations-1.0-1.jar:/home/user/.m2/repository/net/minidev/json-smart/2.3/json-smart-2.3.jar:/home/user/.m2/repository/net/minidev/accessors-smart/1.2/accessors-smart-1.2.jar:/home/user/.m2/repository/org/ow2/asm/asm/5.0.4/asm-5.0.4.jar:/home/user/.m2/repository/org/apache/curator/curator-framework/2.12.0/curator-framework-2.12.0.jar:/home/user/.m2/repository/com/sun/jersey/jersey-core/1.19/jersey-core-1.19.jar:/home/user/.m2/repository/javax/ws/rs/jsr311-api/1.1.1/jsr311-api-1.1.1.jar:/home/user/.m2/repository/com/sun/jersey/jersey-server/1.19/jersey-server-1.19.jar:/home/user/.m2/repository/javax/servlet/javax.servlet-api/3.1.0/javax.servlet-api-3.1.0.jar:/home/user/.m2/repository/org/eclipse/jetty/jetty-server/9.3.25.v20180904/jetty-server-9.3.25.v20180904.jar:/home/user/.m2/repository/org/eclipse/jetty/jetty-http/9.3.25.v20180904/jetty-http-9.3.25.v20180904.jar:/home/user/.m2/repository/org/eclipse/jetty/jetty-io/9.3.25.v20180904/jetty-io-9.3.25.v20180904.jar:/home/user/.m2/repository/org/eclipse/jetty/jetty-webapp/9.3.25.v20180904/jetty-webapp-9.3.25.v20180904.jar:/home/user/.m2/repository/org/eclipse/jetty/jetty-xml/9.3.25.v20180904/jetty-xml-9.3.25.v20180904.jar:/home/user/.m2/repository/log4j/log4j/1.2.17/log4j-1.2.17.jar:/home/user/.m2/repository/org/slf4j/slf4j-api/1.7.25/slf4j-api-1.7.25.jar:/home/user/.m2/repository/org/slf4j/jul-to-slf4j/1.7.25/jul-to-slf4j-1.7.25.jar:/home/user/.m2/repository/org/eclipse/jetty/jetty-util/9.3.25.v20180904/jetty-util-9.3.25.v20180904.jar:/home/user/.m2/repository/com/fasterxml/jackson/core/jackson-databind/2.9.9/jackson-databind-2.9.9.jar:/home/user/.m2/repository/org/apache/hadoop/hadoop-kms/3.2.0/hadoop-kms-3.2.0-tests.jar:/home/user/.m2/repository/org/apache/hadoop/hadoop-hdds-server-scm/0.5.0-SNAPSHOT/hadoop-hdds-server-scm-0.5.0-SNAPSHOT-tests.jar:/home/user/.m2/repository/org/apache/hadoop/hadoop-hdds-container-service/0.5.0-SNAPSHOT/hadoop-hdds-container-service-0.5.0-SNAPSHOT-tests.jar:/home/user/.m2/repository/org/yaml/snakeyaml/1.16/snakeyaml-1.16.jar:/home/user/.m2/repository/org/apache/hadoop/hadoop-common/3.2.0/hadoop-common-3.2.0-tests.jar:/home/user/.m2/repository/org/apache/hadoop/hadoop-annotations/3.2.0/hadoop-annotations-3.2.0.jar:/usr/lib/jvm/java-1.8-openjdk/jre/../lib/tools.jar:/home/user/.m2/repository/commons-cli/commons-cli/1.2/commons-cli-1.2.jar:/home/user/.m2/repository/org/apache/httpcomponents/httpclient/4.5.2/httpclient-4.5.2.jar:/home/user/.m2/repository/org/apache/httpcomponents/httpcore/4.4.4/httpcore-4.4.4.jar:/home/user/.m2/repository/commons-codec/commons-codec/1.11/commons-codec-1.11.jar:/home/user/.m2/repository/commons-net/commons-net/3.6/commons-net-3.6.jar:/home/user/.m2/repository/commons-collections/commons-collections/3.2.2/commons-collections-3.2.2.jar:/home/user/.m2/repository/org/eclipse/jetty/jetty-servlet/9.3.25.v20180904/jetty-servlet-9.3.25.v20180904.jar:/home/user/.m2/repository/org/eclipse/jetty/jetty-security/9.3.25.v20180904/jetty-security-9.3.25.v20180904.jar:/home/user/.m2/repository/javax/servlet/jsp/jsp-api/2.1/jsp-api-2.1.jar:/home/user/.m2/repository/com/sun/jersey/jersey-servlet/1.19/jersey-servlet-1.19.jar:/home/user/.m2/repository/com/sun/jersey/jersey-json/1.19/jersey-json-1.19.jar:/home/user/.m2/repository/org/codehaus/jettison/jettison/1.1/jettison-1.1.jar:/home/user/.m2/repository/org/codehaus/jackson/jackson-core-asl/1.9.13/jackson-core-asl-1.9.13.jar:/home/user/.m2/repository/org/codehaus/jackson/jackson-mapper-asl/1.9.13/jackson-mapper-asl-1.9.13.jar:/home/user/.m2/repository/org/codehaus/jackson/jackson-jaxrs/1.9.13/jackson-jaxrs-1.9.13.jar:/home/user/.m2/repository/org/codehaus/jackson/jackson-xc/1.9.13/jackson-xc-1.9.13.jar:/home/user/.m2/repository/commons-logging/commons-logging/1.1.3/commons-logging-1.1.3.jar:/home/user/.m2/repository/commons-beanutils/commons-beanutils/1.9.4/commons-beanutils-1.9.4.jar:/home/user/.m2/repository/org/apache/commons/commons-configuration2/2.1.1/commons-configuration2-2.1.1.jar:/home/user/.m2/repository/org/apache/commons/commons-lang3/3.7/commons-lang3-3.7.jar:/home/user/.m2/repository/org/apache/commons/commons-text/1.4/commons-text-1.4.jar:/home/user/.m2/repository/org/apache/avro/avro/1.7.7/avro-1.7.7.jar:/home/user/.m2/repository/com/thoughtworks/paranamer/paranamer/2.3/paranamer-2.3.jar:/home/user/.m2/repository/org/xerial/snappy/snappy-java/1.0.5/snappy-java-1.0.5.jar:/home/user/.m2/repository/com/google/re2j/re2j/1.1/re2j-1.1.jar:/home/user/.m2/repository/com/google/code/gson/gson/2.2.4/gson-2.2.4.jar:/home/user/.m2/repository/com/jcraft/jsch/0.1.54/jsch-0.1.54.jar:/home/user/.m2/repository/org/apache/curator/curator-client/2.12.0/curator-client-2.12.0.jar:/home/user/.m2/repository/org/apache/curator/curator-recipes/2.12.0/curator-recipes-2.12.0.jar:/home/user/.m2/repository/com/google/code/findbugs/jsr305/3.0.0/jsr305-3.0.0.jar:/home/user/.m2/repository/org/apache/htrace/htrace-core4/4.1.0-incubating/htrace-core4-4.1.0-incubating.jar:/home/user/.m2/repository/org/apache/zookeeper/zookeeper/3.4.13/zookeeper-3.4.13.jar:/home/user/.m2/repository/jline/jline/0.9.94/jline-0.9.94.jar:/home/user/.m2/repository/org/apache/yetus/audience-annotations/0.5.0/audience-annotations-0.5.0.jar:/home/user/.m2/repository/org/codehaus/woodstox/stax2-api/3.1.4/stax2-api-3.1.4.jar:/home/user/.m2/repository/com/fasterxml/woodstox/woodstox-core/5.0.3/woodstox-core-5.0.3.jar:/home/user/.m2/repository/dnsjava/dnsjava/2.1.7/dnsjava-2.1.7.jar:/home/user/.m2/repository/org/apache/hadoop/hadoop-hdfs/3.2.0/hadoop-hdfs-3.2.0-tests.jar:/home/user/.m2/repository/org/eclipse/jetty/jetty-util-ajax/9.3.25.v20180904/jetty-util-ajax-9.3.25.v20180904.jar:/home/user/.m2/repository/commons-daemon/commons-daemon/1.0.13/commons-daemon-1.0.13.jar:/home/user/.m2/repository/io/netty/netty/3.10.5.Final/netty-3.10.5.Final.jar:/home/user/.m2/repository/io/netty/netty-all/4.0.52.Final/netty-all-4.0.52.Final.jar:/home/user/.m2/repository/org/fusesource/leveldbjni/leveldbjni-all/1.8/leveldbjni-all-1.8.jar:"/>
    <property name="java.vm.vendor" value="IcedTea"/>
    <property name="sun.arch.data.model" value="64"/>
    <property name="test.build.dir" value="/workdir/hadoop-ozone/integration-test/target/test-dir"/>
    <property name="test.cache.data" value=""/>
    <property name="java.vendor.url" value="https://icedtea.classpath.org"/>
    <property name="user.timezone" value=""/>
    <property name="java.vm.specification.version" value="1.8"/>
    <property name="os.name" value="Linux"/>
    <property name="test.build.data" value="/workdir/hadoop-ozone/integration-test/target/test-dir"/>
    <property name="user.country" value="US"/>
    <property name="sun.java.launcher" value="SUN_STANDARD"/>
    <property name="sun.boot.library.path" value="/usr/lib/jvm/java-1.8-openjdk/jre/lib/amd64"/>
    <property name="sun.java.command" value="/workdir/hadoop-ozone/integration-test/target/surefire/surefirebooter1901096103080471676.jar /workdir/hadoop-ozone/integration-test/target/surefire 2019-09-26T14-28-50_291-jvmRun1 surefire4541454865841873406tmp surefire_624495622369679835353tmp"/>
    <property name="test" value="!TestMiniChaosOzoneCluster"/>
    <property name="surefire.test.class.path" value="/workdir/hadoop-ozone/integration-test/target/test-classes:/workdir/hadoop-ozone/integration-test/target/classes:/home/user/.m2/repository/org/apache/hadoop/hadoop-ozone-common/0.5.0-SNAPSHOT/hadoop-ozone-common-0.5.0-SNAPSHOT.jar:/home/user/.m2/repository/org/apache/commons/commons-compress/1.4.1/commons-compress-1.4.1.jar:/home/user/.m2/repository/org/tukaani/xz/1.0/xz-1.0.jar:/home/user/.m2/repository/org/apache/hadoop/hadoop-common/3.2.0/hadoop-common-3.2.0.jar:/home/user/.m2/repository/org/apache/hadoop/hadoop-hdfs/3.2.0/hadoop-hdfs-3.2.0.jar:/home/user/.m2/repository/org/apache/hadoop/hadoop-hdfs-client/3.2.0/hadoop-hdfs-client-3.2.0.jar:/home/user/.m2/repository/com/fasterxml/jackson/core/jackson-annotations/2.9.9/jackson-annotations-2.9.9.jar:/home/user/.m2/repository/org/apache/hadoop/hadoop-hdds-common/0.5.0-SNAPSHOT/hadoop-hdds-common-0.5.0-SNAPSHOT.jar:/home/user/.m2/repository/javax/annotation/javax.annotation-api/1.2/javax.annotation-api-1.2.jar:/home/user/.m2/repository/org/apache/ratis/ratis-server/0.4.0/ratis-server-0.4.0.jar:/home/user/.m2/repository/org/apache/ratis/ratis-thirdparty-misc/0.2.0/ratis-thirdparty-misc-0.2.0.jar:/home/user/.m2/repository/org/apache/ratis/ratis-proto/0.4.0/ratis-proto-0.4.0.jar:/home/user/.m2/repository/org/apache/ratis/ratis-common/0.4.0/ratis-common-0.4.0.jar:/home/user/.m2/repository/org/apache/ratis/ratis-client/0.4.0/ratis-client-0.4.0.jar:/home/user/.m2/repository/org/apache/ratis/ratis-metrics/0.4.0/ratis-metrics-0.4.0.jar:/home/user/.m2/repository/com/github/joshelser/dropwizard-metrics-hadoop-metrics2-reporter/0.1.2/dropwizard-metrics-hadoop-metrics2-reporter-0.1.2.jar:/home/user/.m2/repository/io/dropwizard/metrics/metrics-jvm/3.2.5/metrics-jvm-3.2.5.jar:/home/user/.m2/repository/io/dropwizard/metrics/metrics-ganglia/3.2.5/metrics-ganglia-3.2.5.jar:/home/user/.m2/repository/info/ganglia/gmetric4j/gmetric4j/1.0.7/gmetric4j-1.0.7.jar:/home/user/.m2/repository/org/apache/ratis/ratis-netty/0.4.0/ratis-netty-0.4.0.jar:/home/user/.m2/repository/org/apache/ratis/ratis-grpc/0.4.0/ratis-grpc-0.4.0.jar:/home/user/.m2/repository/org/rocksdb/rocksdbjni/6.0.1/rocksdbjni-6.0.1.jar:/home/user/.m2/repository/org/apache/logging/log4j/log4j-api/2.11.0/log4j-api-2.11.0.jar:/home/user/.m2/repository/org/apache/logging/log4j/log4j-core/2.11.0/log4j-core-2.11.0.jar:/home/user/.m2/repository/com/lmax/disruptor/3.4.2/disruptor-3.4.2.jar:/home/user/.m2/repository/org/apache/commons/commons-pool2/2.6.0/commons-pool2-2.6.0.jar:/home/user/.m2/repository/org/bouncycastle/bcpkix-jdk15on/1.60/bcpkix-jdk15on-1.60.jar:/home/user/.m2/repository/commons-validator/commons-validator/1.6/commons-validator-1.6.jar:/home/user/.m2/repository/commons-digester/commons-digester/1.8.1/commons-digester-1.8.1.jar:/home/user/.m2/repository/io/jaegertracing/jaeger-client/0.34.0/jaeger-client-0.34.0.jar:/home/user/.m2/repository/io/jaegertracing/jaeger-thrift/0.34.0/jaeger-thrift-0.34.0.jar:/home/user/.m2/repository/org/apache/thrift/libthrift/0.12.0/libthrift-0.12.0.jar:/home/user/.m2/repository/com/squareup/okhttp3/okhttp/3.9.0/okhttp-3.9.0.jar:/home/user/.m2/repository/com/squareup/okio/okio/1.13.0/okio-1.13.0.jar:/home/user/.m2/repository/io/jaegertracing/jaeger-core/0.34.0/jaeger-core-0.34.0.jar:/home/user/.m2/repository/io/jaegertracing/jaeger-tracerresolver/0.34.0/jaeger-tracerresolver-0.34.0.jar:/home/user/.m2/repository/io/opentracing/contrib/opentracing-tracerresolver/0.1.5/opentracing-tracerresolver-0.1.5.jar:/home/user/.m2/repository/io/opentracing/opentracing-util/0.31.0/opentracing-util-0.31.0.jar:/home/user/.m2/repository/io/opentracing/opentracing-api/0.31.0/opentracing-api-0.31.0.jar:/home/user/.m2/repository/io/opentracing/opentracing-noop/0.31.0/opentracing-noop-0.31.0.jar:/home/user/.m2/repository/org/apache/hadoop/hadoop-hdds-server-framework/0.5.0-SNAPSHOT/hadoop-hdds-server-framework-0.5.0-SNAPSHOT.jar:/home/user/.m2/repository/org/apache/hadoop/hadoop-hdds-container-service/0.5.0-SNAPSHOT/hadoop-hdds-container-service-0.5.0-SNAPSHOT.jar:/home/user/.m2/repository/org/apache/hadoop/hadoop-hdds-client/0.5.0-SNAPSHOT/hadoop-hdds-client-0.5.0-SNAPSHOT.jar:/home/user/.m2/repository/org/apache/hadoop/hadoop-hdds-tools/0.5.0-SNAPSHOT/hadoop-hdds-tools-0.5.0-SNAPSHOT.jar:/home/user/.m2/repository/org/apache/hadoop/hadoop-hdds-server-scm/0.5.0-SNAPSHOT/hadoop-hdds-server-scm-0.5.0-SNAPSHOT.jar:/home/user/.m2/repository/org/apache/hadoop/hadoop-hdds-docs/0.5.0-SNAPSHOT/hadoop-hdds-docs-0.5.0-SNAPSHOT.jar:/home/user/.m2/repository/io/dropwizard/metrics/metrics-core/3.2.4/metrics-core-3.2.4.jar:/home/user/.m2/repository/org/hamcrest/hamcrest-all/1.3/hamcrest-all-1.3.jar:/home/user/.m2/repository/org/bouncycastle/bcprov-jdk15on/1.60/bcprov-jdk15on-1.60.jar:/home/user/.m2/repository/info/picocli/picocli/3.9.6/picocli-3.9.6.jar:/home/user/.m2/repository/com/google/protobuf/protobuf-java/2.5.0/protobuf-java-2.5.0.jar:/home/user/.m2/repository/com/google/guava/guava/11.0.2/guava-11.0.2.jar:/home/user/.m2/repository/org/apache/hadoop/hadoop-ozone-ozone-manager/0.5.0-SNAPSHOT/hadoop-ozone-ozone-manager-0.5.0-SNAPSHOT.jar:/home/user/.m2/repository/org/apache/hadoop/hadoop-minikdc/3.2.0/hadoop-minikdc-3.2.0.jar:/home/user/.m2/repository/commons-io/commons-io/2.5/commons-io-2.5.jar:/home/user/.m2/repository/org/apache/kerby/kerb-simplekdc/1.0.1/kerb-simplekdc-1.0.1.jar:/home/user/.m2/repository/org/apache/kerby/kerb-client/1.0.1/kerb-client-1.0.1.jar:/home/user/.m2/repository/org/apache/kerby/kerby-config/1.0.1/kerby-config-1.0.1.jar:/home/user/.m2/repository/org/apache/kerby/kerb-core/1.0.1/kerb-core-1.0.1.jar:/home/user/.m2/repository/org/apache/kerby/kerby-pkix/1.0.1/kerby-pkix-1.0.1.jar:/home/user/.m2/repository/org/apache/kerby/kerby-asn1/1.0.1/kerby-asn1-1.0.1.jar:/home/user/.m2/repository/org/apache/kerby/kerby-util/1.0.1/kerby-util-1.0.1.jar:/home/user/.m2/repository/org/apache/kerby/kerb-common/1.0.1/kerb-common-1.0.1.jar:/home/user/.m2/repository/org/apache/kerby/kerb-crypto/1.0.1/kerb-crypto-1.0.1.jar:/home/user/.m2/repository/org/apache/kerby/kerb-util/1.0.1/kerb-util-1.0.1.jar:/home/user/.m2/repository/org/apache/kerby/token-provider/1.0.1/token-provider-1.0.1.jar:/home/user/.m2/repository/org/apache/kerby/kerb-admin/1.0.1/kerb-admin-1.0.1.jar:/home/user/.m2/repository/org/apache/kerby/kerb-server/1.0.1/kerb-server-1.0.1.jar:/home/user/.m2/repository/org/apache/kerby/kerb-identity/1.0.1/kerb-identity-1.0.1.jar:/home/user/.m2/repository/org/apache/kerby/kerby-xdr/1.0.1/kerby-xdr-1.0.1.jar:/home/user/.m2/repository/org/slf4j/slf4j-log4j12/1.7.25/slf4j-log4j12-1.7.25.jar:/home/user/.m2/repository/org/apache/hadoop/hadoop-ozone-s3gateway/0.5.0-SNAPSHOT/hadoop-ozone-s3gateway-0.5.0-SNAPSHOT.jar:/home/user/.m2/repository/org/jboss/weld/servlet/weld-servlet/2.4.7.Final/weld-servlet-2.4.7.Final.jar:/home/user/.m2/repository/org/glassfish/jersey/containers/jersey-container-servlet-core/2.27/jersey-container-servlet-core-2.27.jar:/home/user/.m2/repository/org/glassfish/hk2/external/javax.inject/2.5.0-b42/javax.inject-2.5.0-b42.jar:/home/user/.m2/repository/org/glassfish/jersey/core/jersey-common/2.27/jersey-common-2.27.jar:/home/user/.m2/repository/org/glassfish/hk2/osgi-resource-locator/1.0.1/osgi-resource-locator-1.0.1.jar:/home/user/.m2/repository/javax/ws/rs/javax.ws.rs-api/2.1/javax.ws.rs-api-2.1.jar:/home/user/.m2/repository/org/glassfish/jersey/ext/cdi/jersey-cdi1x/2.27/jersey-cdi1x-2.27.jar:/home/user/.m2/repository/org/glassfish/jersey/inject/jersey-hk2/2.27/jersey-hk2-2.27.jar:/home/user/.m2/repository/org/glassfish/hk2/hk2-locator/2.5.0-b42/hk2-locator-2.5.0-b42.jar:/home/user/.m2/repository/org/javassist/javassist/3.22.0-CR2/javassist-3.22.0-CR2.jar:/home/user/.m2/repository/org/glassfish/hk2/hk2-api/2.5.0/hk2-api-2.5.0.jar:/home/user/.m2/repository/org/glassfish/hk2/external/jakarta.inject/2.5.0/jakarta.inject-2.5.0.jar:/home/user/.m2/repository/org/glassfish/hk2/hk2-utils/2.5.0/hk2-utils-2.5.0.jar:/home/user/.m2/repository/jakarta/annotation/jakarta.annotation-api/1.3.4/jakarta.annotation-api-1.3.4.jar:/home/user/.m2/repository/org/glassfish/hk2/external/aopalliance-repackaged/2.5.0/aopalliance-repackaged-2.5.0.jar:/home/user/.m2/repository/com/fasterxml/jackson/dataformat/jackson-dataformat-xml/2.9.0/jackson-dataformat-xml-2.9.0.jar:/home/user/.m2/repository/com/fasterxml/jackson/core/jackson-core/2.9.9/jackson-core-2.9.9.jar:/home/user/.m2/repository/com/fasterxml/jackson/module/jackson-module-jaxb-annotations/2.9.9/jackson-module-jaxb-annotations-2.9.9.jar:/home/user/.m2/repository/javax/enterprise/cdi-api/1.2/cdi-api-1.2.jar:/home/user/.m2/repository/javax/el/javax.el-api/3.0.0/javax.el-api-3.0.0.jar:/home/user/.m2/repository/javax/interceptor/javax.interceptor-api/1.2/javax.interceptor-api-1.2.jar:/home/user/.m2/repository/javax/inject/javax.inject/1/javax.inject-1.jar:/home/user/.m2/repository/com/sun/xml/bind/jaxb-impl/2.3.0.1/jaxb-impl-2.3.0.1.jar:/home/user/.m2/repository/com/sun/xml/bind/jaxb-core/2.3.0.1/jaxb-core-2.3.0.1.jar:/home/user/.m2/repository/javax/xml/bind/jaxb-api/2.3.0/jaxb-api-2.3.0.jar:/home/user/.m2/repository/javax/activation/activation/1.1.1/activation-1.1.1.jar:/home/user/.m2/repository/org/apache/hadoop/hadoop-ozone-csi/0.5.0-SNAPSHOT/hadoop-ozone-csi-0.5.0-SNAPSHOT.jar:/home/user/.m2/repository/com/google/protobuf/protobuf-java-util/3.5.1/protobuf-java-util-3.5.1.jar:/home/user/.m2/repository/org/apache/hadoop/hadoop-hdds-config/0.5.0-SNAPSHOT/hadoop-hdds-config-0.5.0-SNAPSHOT.jar:/home/user/.m2/repository/io/grpc/grpc-netty/1.17.1/grpc-netty-1.17.1.jar:/home/user/.m2/repository/io/grpc/grpc-core/1.17.1/grpc-core-1.17.1.jar:/home/user/.m2/repository/io/grpc/grpc-context/1.17.1/grpc-context-1.17.1.jar:/home/user/.m2/repository/com/google/errorprone/error_prone_annotations/2.2.0/error_prone_annotations-2.2.0.jar:/home/user/.m2/repository/org/codehaus/mojo/animal-sniffer-annotations/1.17/animal-sniffer-annotations-1.17.jar:/home/user/.m2/repository/io/opencensus/opencensus-api/0.17.0/opencensus-api-0.17.0.jar:/home/user/.m2/repository/io/opencensus/opencensus-contrib-grpc-metrics/0.17.0/opencensus-contrib-grpc-metrics-0.17.0.jar:/home/user/.m2/repository/io/netty/netty-codec-http2/4.1.30.Final/netty-codec-http2-4.1.30.Final.jar:/home/user/.m2/repository/io/netty/netty-codec-http/4.1.30.Final/netty-codec-http-4.1.30.Final.jar:/home/user/.m2/repository/io/netty/netty-codec/4.1.30.Final/netty-codec-4.1.30.Final.jar:/home/user/.m2/repository/io/netty/netty-handler/4.1.30.Final/netty-handler-4.1.30.Final.jar:/home/user/.m2/repository/io/netty/netty-handler-proxy/4.1.30.Final/netty-handler-proxy-4.1.30.Final.jar:/home/user/.m2/repository/io/netty/netty-codec-socks/4.1.30.Final/netty-codec-socks-4.1.30.Final.jar:/home/user/.m2/repository/io/netty/netty-transport-native-epoll/4.1.30.Final/netty-transport-native-epoll-4.1.30.Final.jar:/home/user/.m2/repository/io/netty/netty-common/4.1.30.Final/netty-common-4.1.30.Final.jar:/home/user/.m2/repository/io/netty/netty-buffer/4.1.30.Final/netty-buffer-4.1.30.Final.jar:/home/user/.m2/repository/io/netty/netty-transport/4.1.30.Final/netty-transport-4.1.30.Final.jar:/home/user/.m2/repository/io/netty/netty-resolver/4.1.30.Final/netty-resolver-4.1.30.Final.jar:/home/user/.m2/repository/io/netty/netty-transport-native-unix-common/4.1.30.Final/netty-transport-native-unix-common-4.1.30.Final.jar:/home/user/.m2/repository/io/grpc/grpc-protobuf/1.17.1/grpc-protobuf-1.17.1.jar:/home/user/.m2/repository/com/google/api/grpc/proto-google-common-protos/1.0.0/proto-google-common-protos-1.0.0.jar:/home/user/.m2/repository/io/grpc/grpc-protobuf-lite/1.17.1/grpc-protobuf-lite-1.17.1.jar:/home/user/.m2/repository/io/grpc/grpc-stub/1.17.1/grpc-stub-1.17.1.jar:/home/user/.m2/repository/org/apache/hadoop/hadoop-ozone-recon/0.5.0-SNAPSHOT/hadoop-ozone-recon-0.5.0-SNAPSHOT.jar:/home/user/.m2/repository/org/apache/hadoop/hadoop-ozone-reconcodegen/0.5.0-SNAPSHOT/hadoop-ozone-reconcodegen-0.5.0-SNAPSHOT.jar:/home/user/.m2/repository/com/google/inject/extensions/guice-multibindings/4.0/guice-multibindings-4.0.jar:/home/user/.m2/repository/com/google/inject/guice/4.0/guice-4.0.jar:/home/user/.m2/repository/aopalliance/aopalliance/1.0/aopalliance-1.0.jar:/home/user/.m2/repository/com/google/inject/extensions/guice-servlet/4.0/guice-servlet-4.0.jar:/home/user/.m2/repository/org/glassfish/jersey/containers/jersey-container-servlet/2.27/jersey-container-servlet-2.27.jar:/home/user/.m2/repository/org/glassfish/hk2/guice-bridge/2.5.0/guice-bridge-2.5.0.jar:/home/user/.m2/repository/org/glassfish/jersey/core/jersey-server/2.27/jersey-server-2.27.jar:/home/user/.m2/repository/org/glassfish/jersey/core/jersey-client/2.27/jersey-client-2.27.jar:/home/user/.m2/repository/org/glassfish/jersey/media/jersey-media-jaxb/2.27/jersey-media-jaxb-2.27.jar:/home/user/.m2/repository/javax/validation/validation-api/1.1.0.Final/validation-api-1.1.0.Final.jar:/home/user/.m2/repository/org/glassfish/jersey/media/jersey-media-json-jackson/2.27/jersey-media-json-jackson-2.27.jar:/home/user/.m2/repository/org/glassfish/jersey/ext/jersey-entity-filtering/2.27/jersey-entity-filtering-2.27.jar:/home/user/.m2/repository/com/google/inject/extensions/guice-assistedinject/4.0/guice-assistedinject-4.0.jar:/home/user/.m2/repository/org/jooq/jooq/3.11.10/jooq-3.11.10.jar:/home/user/.m2/repository/org/jooq/jooq-meta/3.11.10/jooq-meta-3.11.10.jar:/home/user/.m2/repository/org/jooq/jooq-codegen/3.11.10/jooq-codegen-3.11.10.jar:/home/user/.m2/repository/com/jolbox/bonecp/0.8.0.RELEASE/bonecp-0.8.0.RELEASE.jar:/home/user/.m2/repository/org/xerial/sqlite-jdbc/3.25.2/sqlite-jdbc-3.25.2.jar:/home/user/.m2/repository/org/springframework/spring-jdbc/5.1.3.RELEASE/spring-jdbc-5.1.3.RELEASE.jar:/home/user/.m2/repository/org/springframework/spring-beans/5.1.3.RELEASE/spring-beans-5.1.3.RELEASE.jar:/home/user/.m2/repository/org/springframework/spring-core/5.1.3.RELEASE/spring-core-5.1.3.RELEASE.jar:/home/user/.m2/repository/org/springframework/spring-jcl/5.1.3.RELEASE/spring-jcl-5.1.3.RELEASE.jar:/home/user/.m2/repository/org/springframework/spring-tx/5.1.3.RELEASE/spring-tx-5.1.3.RELEASE.jar:/home/user/.m2/repository/org/apache/hadoop/hadoop-ozone-client/0.5.0-SNAPSHOT/hadoop-ozone-client-0.5.0-SNAPSHOT.jar:/home/user/.m2/repository/commons-lang/commons-lang/2.6/commons-lang-2.6.jar:/home/user/.m2/repository/org/apache/hadoop/hadoop-ozone-ozone-manager/0.5.0-SNAPSHOT/hadoop-ozone-ozone-manager-0.5.0-SNAPSHOT-tests.jar:/home/user/.m2/repository/junit/junit/4.11/junit-4.11.jar:/home/user/.m2/repository/org/hamcrest/hamcrest-core/1.3/hamcrest-core-1.3.jar:/home/user/.m2/repository/org/openjdk/jmh/jmh-core/1.19/jmh-core-1.19.jar:/home/user/.m2/repository/net/sf/jopt-simple/jopt-simple/4.6/jopt-simple-4.6.jar:/home/user/.m2/repository/org/apache/commons/commons-math3/3.1.1/commons-math3-3.1.1.jar:/home/user/.m2/repository/org/openjdk/jmh/jmh-generator-annprocess/1.19/jmh-generator-annprocess-1.19.jar:/home/user/.m2/repository/org/mockito/mockito-all/1.8.5/mockito-all-1.8.5.jar:/home/user/.m2/repository/org/apache/hadoop/hadoop-kms/3.2.0/hadoop-kms-3.2.0.jar:/home/user/.m2/repository/org/apache/hadoop/hadoop-auth/3.2.0/hadoop-auth-3.2.0.jar:/home/user/.m2/repository/com/nimbusds/nimbus-jose-jwt/4.41.1/nimbus-jose-jwt-4.41.1.jar:/home/user/.m2/repository/com/github/stephenc/jcip/jcip-annotations/1.0-1/jcip-annotations-1.0-1.jar:/home/user/.m2/repository/net/minidev/json-smart/2.3/json-smart-2.3.jar:/home/user/.m2/repository/net/minidev/accessors-smart/1.2/accessors-smart-1.2.jar:/home/user/.m2/repository/org/ow2/asm/asm/5.0.4/asm-5.0.4.jar:/home/user/.m2/repository/org/apache/curator/curator-framework/2.12.0/curator-framework-2.12.0.jar:/home/user/.m2/repository/com/sun/jersey/jersey-core/1.19/jersey-core-1.19.jar:/home/user/.m2/repository/javax/ws/rs/jsr311-api/1.1.1/jsr311-api-1.1.1.jar:/home/user/.m2/repository/com/sun/jersey/jersey-server/1.19/jersey-server-1.19.jar:/home/user/.m2/repository/javax/servlet/javax.servlet-api/3.1.0/javax.servlet-api-3.1.0.jar:/home/user/.m2/repository/org/eclipse/jetty/jetty-server/9.3.25.v20180904/jetty-server-9.3.25.v20180904.jar:/home/user/.m2/repository/org/eclipse/jetty/jetty-http/9.3.25.v20180904/jetty-http-9.3.25.v20180904.jar:/home/user/.m2/repository/org/eclipse/jetty/jetty-io/9.3.25.v20180904/jetty-io-9.3.25.v20180904.jar:/home/user/.m2/repository/org/eclipse/jetty/jetty-webapp/9.3.25.v20180904/jetty-webapp-9.3.25.v20180904.jar:/home/user/.m2/repository/org/eclipse/jetty/jetty-xml/9.3.25.v20180904/jetty-xml-9.3.25.v20180904.jar:/home/user/.m2/repository/log4j/log4j/1.2.17/log4j-1.2.17.jar:/home/user/.m2/repository/org/slf4j/slf4j-api/1.7.25/slf4j-api-1.7.25.jar:/home/user/.m2/repository/org/slf4j/jul-to-slf4j/1.7.25/jul-to-slf4j-1.7.25.jar:/home/user/.m2/repository/org/eclipse/jetty/jetty-util/9.3.25.v20180904/jetty-util-9.3.25.v20180904.jar:/home/user/.m2/repository/com/fasterxml/jackson/core/jackson-databind/2.9.9/jackson-databind-2.9.9.jar:/home/user/.m2/repository/org/apache/hadoop/hadoop-kms/3.2.0/hadoop-kms-3.2.0-tests.jar:/home/user/.m2/repository/org/apache/hadoop/hadoop-hdds-server-scm/0.5.0-SNAPSHOT/hadoop-hdds-server-scm-0.5.0-SNAPSHOT-tests.jar:/home/user/.m2/repository/org/apache/hadoop/hadoop-hdds-container-service/0.5.0-SNAPSHOT/hadoop-hdds-container-service-0.5.0-SNAPSHOT-tests.jar:/home/user/.m2/repository/org/yaml/snakeyaml/1.16/snakeyaml-1.16.jar:/home/user/.m2/repository/org/apache/hadoop/hadoop-common/3.2.0/hadoop-common-3.2.0-tests.jar:/home/user/.m2/repository/org/apache/hadoop/hadoop-annotations/3.2.0/hadoop-annotations-3.2.0.jar:/usr/lib/jvm/java-1.8-openjdk/jre/../lib/tools.jar:/home/user/.m2/repository/commons-cli/commons-cli/1.2/commons-cli-1.2.jar:/home/user/.m2/repository/org/apache/httpcomponents/httpclient/4.5.2/httpclient-4.5.2.jar:/home/user/.m2/repository/org/apache/httpcomponents/httpcore/4.4.4/httpcore-4.4.4.jar:/home/user/.m2/repository/commons-codec/commons-codec/1.11/commons-codec-1.11.jar:/home/user/.m2/repository/commons-net/commons-net/3.6/commons-net-3.6.jar:/home/user/.m2/repository/commons-collections/commons-collections/3.2.2/commons-collections-3.2.2.jar:/home/user/.m2/repository/org/eclipse/jetty/jetty-servlet/9.3.25.v20180904/jetty-servlet-9.3.25.v20180904.jar:/home/user/.m2/repository/org/eclipse/jetty/jetty-security/9.3.25.v20180904/jetty-security-9.3.25.v20180904.jar:/home/user/.m2/repository/javax/servlet/jsp/jsp-api/2.1/jsp-api-2.1.jar:/home/user/.m2/repository/com/sun/jersey/jersey-servlet/1.19/jersey-servlet-1.19.jar:/home/user/.m2/repository/com/sun/jersey/jersey-json/1.19/jersey-json-1.19.jar:/home/user/.m2/repository/org/codehaus/jettison/jettison/1.1/jettison-1.1.jar:/home/user/.m2/repository/org/codehaus/jackson/jackson-core-asl/1.9.13/jackson-core-asl-1.9.13.jar:/home/user/.m2/repository/org/codehaus/jackson/jackson-mapper-asl/1.9.13/jackson-mapper-asl-1.9.13.jar:/home/user/.m2/repository/org/codehaus/jackson/jackson-jaxrs/1.9.13/jackson-jaxrs-1.9.13.jar:/home/user/.m2/repository/org/codehaus/jackson/jackson-xc/1.9.13/jackson-xc-1.9.13.jar:/home/user/.m2/repository/commons-logging/commons-logging/1.1.3/commons-logging-1.1.3.jar:/home/user/.m2/repository/commons-beanutils/commons-beanutils/1.9.4/commons-beanutils-1.9.4.jar:/home/user/.m2/repository/org/apache/commons/commons-configuration2/2.1.1/commons-configuration2-2.1.1.jar:/home/user/.m2/repository/org/apache/commons/commons-lang3/3.7/commons-lang3-3.7.jar:/home/user/.m2/repository/org/apache/commons/commons-text/1.4/commons-text-1.4.jar:/home/user/.m2/repository/org/apache/avro/avro/1.7.7/avro-1.7.7.jar:/home/user/.m2/repository/com/thoughtworks/paranamer/paranamer/2.3/paranamer-2.3.jar:/home/user/.m2/repository/org/xerial/snappy/snappy-java/1.0.5/snappy-java-1.0.5.jar:/home/user/.m2/repository/com/google/re2j/re2j/1.1/re2j-1.1.jar:/home/user/.m2/repository/com/google/code/gson/gson/2.2.4/gson-2.2.4.jar:/home/user/.m2/repository/com/jcraft/jsch/0.1.54/jsch-0.1.54.jar:/home/user/.m2/repository/org/apache/curator/curator-client/2.12.0/curator-client-2.12.0.jar:/home/user/.m2/repository/org/apache/curator/curator-recipes/2.12.0/curator-recipes-2.12.0.jar:/home/user/.m2/repository/com/google/code/findbugs/jsr305/3.0.0/jsr305-3.0.0.jar:/home/user/.m2/repository/org/apache/htrace/htrace-core4/4.1.0-incubating/htrace-core4-4.1.0-incubating.jar:/home/user/.m2/repository/org/apache/zookeeper/zookeeper/3.4.13/zookeeper-3.4.13.jar:/home/user/.m2/repository/jline/jline/0.9.94/jline-0.9.94.jar:/home/user/.m2/repository/org/apache/yetus/audience-annotations/0.5.0/audience-annotations-0.5.0.jar:/home/user/.m2/repository/org/codehaus/woodstox/stax2-api/3.1.4/stax2-api-3.1.4.jar:/home/user/.m2/repository/com/fasterxml/woodstox/woodstox-core/5.0.3/woodstox-core-5.0.3.jar:/home/user/.m2/repository/dnsjava/dnsjava/2.1.7/dnsjava-2.1.7.jar:/home/user/.m2/repository/org/apache/hadoop/hadoop-hdfs/3.2.0/hadoop-hdfs-3.2.0-tests.jar:/home/user/.m2/repository/org/eclipse/jetty/jetty-util-ajax/9.3.25.v20180904/jetty-util-ajax-9.3.25.v20180904.jar:/home/user/.m2/repository/commons-daemon/commons-daemon/1.0.13/commons-daemon-1.0.13.jar:/home/user/.m2/repository/io/netty/netty/3.10.5.Final/netty-3.10.5.Final.jar:/home/user/.m2/repository/io/netty/netty-all/4.0.52.Final/netty-all-4.0.52.Final.jar:/home/user/.m2/repository/org/fusesource/leveldbjni/leveldbjni-all/1.8/leveldbjni-all-1.8.jar:"/>
    <property name="sun.cpu.endian" value="little"/>
    <property name="user.home" value="/home/user"/>
    <property name="user.language" value="en"/>
    <property name="java.specification.vendor" value="Oracle Corporation"/>
    <property name="java.home" value="/usr/lib/jvm/java-1.8-openjdk/jre"/>
    <property name="java.security.krb5.conf" value="/workdir/hadoop-ozone/integration-test/target/test-classes/krb5.conf"/>
    <property name="basedir" value="/workdir/hadoop-ozone/integration-test"/>
    <property name="file.separator" value="/"/>
    <property name="line.separator" value="&#10;"/>
    <property name="java.vm.specification.vendor" value="Oracle Corporation"/>
    <property name="java.specification.name" value="Java Platform API Specification"/>
    <property name="java.awt.graphicsenv" value="sun.awt.X11GraphicsEnvironment"/>
    <property name="surefire.real.class.path" value="/workdir/hadoop-ozone/integration-test/target/surefire/surefirebooter1901096103080471676.jar"/>
    <property name="hadoop.log.dir" value="/workdir/hadoop-ozone/integration-test/target/log"/>
    <property name="sun.boot.class.path" value="/usr/lib/jvm/java-1.8-openjdk/jre/lib/resources.jar:/usr/lib/jvm/java-1.8-openjdk/jre/lib/rt.jar:/usr/lib/jvm/java-1.8-openjdk/jre/lib/sunrsasign.jar:/usr/lib/jvm/java-1.8-openjdk/jre/lib/jsse.jar:/usr/lib/jvm/java-1.8-openjdk/jre/lib/jce.jar:/usr/lib/jvm/java-1.8-openjdk/jre/lib/charsets.jar:/usr/lib/jvm/java-1.8-openjdk/jre/lib/jfr.jar:/usr/lib/jvm/java-1.8-openjdk/jre/classes"/>
    <property name="sun.management.compiler" value="HotSpot 64-Bit Tiered Compilers"/>
    <property name="java.runtime.version" value="1.8.0_212-b04"/>
    <property name="java.net.preferIPv4Stack" value="true"/>
    <property name="user.name" value="jenkins1000"/>
    <property name="path.separator" value=":"/>
    <property name="java.security.egd" value="file:///dev/urandom"/>
    <property name="os.version" value="3.10.0-957.12.2.el7.x86_64"/>
    <property name="java.endorsed.dirs" value="/usr/lib/jvm/java-1.8-openjdk/jre/lib/endorsed"/>
    <property name="java.runtime.name" value="OpenJDK Runtime Environment"/>
    <property name="file.encoding" value="UTF-8"/>
    <property name="java.vm.name" value="OpenJDK 64-Bit Server VM"/>
    <property name="test.build.webapps" value=""/>
    <property name="localRepository" value="/home/user/.m2/repository"/>
    <property name="java.vendor.url.bug" value="https://icedtea.classpath.org/bugzilla"/>
    <property name="java.io.tmpdir" value="/tmp"/>
    <property name="require.test.libhadoop" value=""/>
    <property name="java.version" value="1.8.0_212"/>
    <property name="user.dir" value="/workdir/hadoop-ozone/integration-test"/>
    <property name="os.arch" value="amd64"/>
    <property name="java.vm.specification.name" value="Java Virtual Machine Specification"/>
    <property name="test.build.classes" value="/workdir/hadoop-ozone/integration-test/target/test-classes"/>
    <property name="java.awt.printerjob" value="sun.print.PSPrinterJob"/>
    <property name="sun.os.patch.level" value="unknown"/>
    <property name="hadoop.tmp.dir" value="/workdir/hadoop-ozone/integration-test/target/tmp"/>
    <property name="java.library.path" value="/usr/lib/jvm/java-1.8-openjdk/jre/lib/amd64/server:/usr/lib/jvm/java-1.8-openjdk/jre/lib/amd64:/usr/lib/jvm/java-1.8-openjdk/jre/../lib/amd64:/workdir/hadoop-ozone/integration-test/target/native/target/usr/local/lib:/workdir/hadoop-ozone/integration-test/../../hadoop-common-project/hadoop-common/target/native/target/usr/local/lib:/usr/java/packages/lib/amd64:/usr/lib64:/lib64:/lib:/usr/lib"/>
    <property name="java.vm.info" value="mixed mode"/>
    <property name="java.vendor" value="IcedTea"/>
    <property name="java.vm.version" value="25.212-b04"/>
    <property name="java.ext.dirs" value="/usr/lib/jvm/java-1.8-openjdk/jre/lib/ext:/usr/java/packages/lib/ext"/>
    <property name="sun.io.unicode.encoding" value="UnicodeLittle"/>
    <property name="java.class.version" value="52.0"/>
  </properties>
  <testcase name="test2WayCommitForRetryfailure" classname="org.apache.hadoop.ozone.client.rpc.Test2WayCommitInRatis" time="34.664">
    <error message="Could not allocate container. Cannot get any matching pipeline for Type:RATIS, Factor:THREE, State:PipelineState.OPEN&#10;	at org.apache.hadoop.hdds.scm.container.ContainerStateManager.allocateContainer(ContainerStateManager.java:260)&#10;	at org.apache.hadoop.hdds.scm.container.SCMContainerManager.allocateContainer(SCMContainerManager.java:247)&#10;	at org.apache.hadoop.hdds.scm.server.SCMClientProtocolServer.allocateContainer(SCMClientProtocolServer.java:186)&#10;	at org.apache.hadoop.ozone.protocolPB.StorageContainerLocationProtocolServerSideTranslatorPB.allocateContainer(StorageContainerLocationProtocolServerSideTranslatorPB.java:123)&#10;	at org.apache.hadoop.hdds.protocol.proto.StorageContainerLocationProtocolProtos$StorageContainerLocationProtocolService$2.callBlockingMethod(StorageContainerLocationProtocolProtos.java:21239)&#10;	at org.apache.hadoop.ipc.ProtobufRpcEngine$Server$ProtoBufRpcInvoker.call(ProtobufRpcEngine.java:524)&#10;	at org.apache.hadoop.ipc.RPC$Server.call(RPC.java:1025)&#10;	at org.apache.hadoop.ipc.Server$RpcCall.run(Server.java:876)&#10;	at org.apache.hadoop.ipc.Server$RpcCall.run(Server.java:822)&#10;	at java.security.AccessController.doPrivileged(Native Method)&#10;	at javax.security.auth.Subject.doAs(Subject.java:422)&#10;	at org.apache.hadoop.security.UserGroupInformation.doAs(UserGroupInformation.java:1730)&#10;	at org.apache.hadoop.ipc.Server$Handler.run(Server.java:2682)&#10;" type="org.apache.hadoop.ipc.RemoteException(java.io.IOException)">org.apache.hadoop.ipc.RemoteException(java.io.IOException): Could not allocate container. Cannot get any matching pipeline for Type:RATIS, Factor:THREE, State:PipelineState.OPEN
	at org.apache.hadoop.hdds.scm.container.ContainerStateManager.allocateContainer(ContainerStateManager.java:260)
	at org.apache.hadoop.hdds.scm.container.SCMContainerManager.allocateContainer(SCMContainerManager.java:247)
	at org.apache.hadoop.hdds.scm.server.SCMClientProtocolServer.allocateContainer(SCMClientProtocolServer.java:186)
	at org.apache.hadoop.ozone.protocolPB.StorageContainerLocationProtocolServerSideTranslatorPB.allocateContainer(StorageContainerLocationProtocolServerSideTranslatorPB.java:123)
	at org.apache.hadoop.hdds.protocol.proto.StorageContainerLocationProtocolProtos$StorageContainerLocationProtocolService$2.callBlockingMethod(StorageContainerLocationProtocolProtos.java:21239)
	at org.apache.hadoop.ipc.ProtobufRpcEngine$Server$ProtoBufRpcInvoker.call(ProtobufRpcEngine.java:524)
	at org.apache.hadoop.ipc.RPC$Server.call(RPC.java:1025)
	at org.apache.hadoop.ipc.Server$RpcCall.run(Server.java:876)
	at org.apache.hadoop.ipc.Server$RpcCall.run(Server.java:822)
	at java.security.AccessController.doPrivileged(Native Method)
	at javax.security.auth.Subject.doAs(Subject.java:422)
	at org.apache.hadoop.security.UserGroupInformation.doAs(UserGroupInformation.java:1730)
	at org.apache.hadoop.ipc.Server$Handler.run(Server.java:2682)

	at org.apache.hadoop.ipc.Client.getRpcResponse(Client.java:1511)
	at org.apache.hadoop.ipc.Client.call(Client.java:1457)
	at org.apache.hadoop.ipc.Client.call(Client.java:1367)
	at org.apache.hadoop.ipc.ProtobufRpcEngine$Invoker.invoke(ProtobufRpcEngine.java:228)
	at org.apache.hadoop.ipc.ProtobufRpcEngine$Invoker.invoke(ProtobufRpcEngine.java:116)
	at com.sun.proxy.$Proxy22.allocateContainer(Unknown Source)
	at org.apache.hadoop.hdds.scm.protocolPB.StorageContainerLocationProtocolClientSideTranslatorPB.allocateContainer(StorageContainerLocationProtocolClientSideTranslatorPB.java:127)
	at org.apache.hadoop.ozone.client.rpc.Test2WayCommitInRatis.test2WayCommitForRetryfailure(Test2WayCommitInRatis.java:125)
	at sun.reflect.NativeMethodAccessorImpl.invoke0(Native Method)
	at sun.reflect.NativeMethodAccessorImpl.invoke(NativeMethodAccessorImpl.java:62)
	at sun.reflect.DelegatingMethodAccessorImpl.invoke(DelegatingMethodAccessorImpl.java:43)
	at java.lang.reflect.Method.invoke(Method.java:498)
	at org.junit.runners.model.FrameworkMethod$1.runReflectiveCall(FrameworkMethod.java:47)
	at org.junit.internal.runners.model.ReflectiveCallable.run(ReflectiveCallable.java:12)
	at org.junit.runners.model.FrameworkMethod.invokeExplosively(FrameworkMethod.java:44)
	at org.junit.internal.runners.statements.InvokeMethod.evaluate(InvokeMethod.java:17)
	at org.junit.runners.ParentRunner.runLeaf(ParentRunner.java:271)
	at org.junit.runners.BlockJUnit4ClassRunner.runChild(BlockJUnit4ClassRunner.java:70)
	at org.junit.runners.BlockJUnit4ClassRunner.runChild(BlockJUnit4ClassRunner.java:50)
	at org.junit.runners.ParentRunner$3.run(ParentRunner.java:238)
	at org.junit.runners.ParentRunner$1.schedule(ParentRunner.java:63)
	at org.junit.runners.ParentRunner.runChildren(ParentRunner.java:236)
	at org.junit.runners.ParentRunner.access$000(ParentRunner.java:53)
	at org.junit.runners.ParentRunner$2.evaluate(ParentRunner.java:229)
	at org.junit.runners.ParentRunner.run(ParentRunner.java:309)
	at org.apache.maven.surefire.junit4.JUnit4Provider.execute(JUnit4Provider.java:365)
	at org.apache.maven.surefire.junit4.JUnit4Provider.executeWithRerun(JUnit4Provider.java:273)
	at org.apache.maven.surefire.junit4.JUnit4Provider.executeTestSet(JUnit4Provider.java:238)
	at org.apache.maven.surefire.junit4.JUnit4Provider.invoke(JUnit4Provider.java:159)
	at org.apache.maven.surefire.booter.ForkedBooter.invokeProviderInSameClassLoader(ForkedBooter.java:384)
	at org.apache.maven.surefire.booter.ForkedBooter.runSuitesInProcess(ForkedBooter.java:345)
	at org.apache.maven.surefire.booter.ForkedBooter.execute(ForkedBooter.java:126)
	at org.apache.maven.surefire.booter.ForkedBooter.main(ForkedBooter.java:418)
</error>
    <system-out><![CDATA[2019-09-26 16:53:38,333 [main] WARN  server.ServerUtils (ServerUtils.java:getScmDbDir(145)) - ozone.scm.db.dirs is not configured. We recommend adding this setting. Falling back to ozone.metadata.dirs instead.
2019-09-26 16:53:38,446 [main] WARN  server.ServerUtils (ServerUtils.java:getScmDbDir(145)) - ozone.scm.db.dirs is not configured. We recommend adding this setting. Falling back to ozone.metadata.dirs instead.
2019-09-26 16:53:38,450 [main] WARN  server.ServerUtils (ServerUtils.java:getScmDbDir(145)) - ozone.scm.db.dirs is not configured. We recommend adding this setting. Falling back to ozone.metadata.dirs instead.
2019-09-26 16:53:38,469 [main] INFO  util.log (Log.java:initialized(192)) - Logging initialized @962ms
2019-09-26 16:53:38,580 [main] INFO  db.DBStoreBuilder (DBStoreBuilder.java:addTable(110)) - using custom profile for table: deletedBlocks
2019-09-26 16:53:38,581 [main] INFO  db.DBStoreBuilder (DBStoreBuilder.java:processTables(161)) - Using default column profile:DBProfile.DISK for Table:deletedBlocks
2019-09-26 16:53:38,582 [main] INFO  db.DBStoreBuilder (DBStoreBuilder.java:addTable(110)) - using custom profile for table: validCerts
2019-09-26 16:53:38,582 [main] INFO  db.DBStoreBuilder (DBStoreBuilder.java:processTables(161)) - Using default column profile:DBProfile.DISK for Table:validCerts
2019-09-26 16:53:38,583 [main] INFO  db.DBStoreBuilder (DBStoreBuilder.java:addTable(110)) - using custom profile for table: revokedCerts
2019-09-26 16:53:38,583 [main] INFO  db.DBStoreBuilder (DBStoreBuilder.java:processTables(161)) - Using default column profile:DBProfile.DISK for Table:revokedCerts
2019-09-26 16:53:38,601 [main] INFO  db.DBStoreBuilder (DBStoreBuilder.java:addTable(110)) - using custom profile for table: default
2019-09-26 16:53:38,602 [main] INFO  db.DBStoreBuilder (DBStoreBuilder.java:processTables(167)) - Using default column profile:DBProfile.DISK for Table:default
2019-09-26 16:53:38,604 [main] INFO  db.DBStoreBuilder (DBStoreBuilder.java:getDbProfile(198)) - Using default options. DBProfile.DISK
2019-09-26 16:53:38,831 [main] INFO  net.NodeSchemaLoader (NodeSchemaLoader.java:loadSchemaFromFile(125)) - Loading file from sun.misc.CompoundEnumeration@77888435
2019-09-26 16:53:38,834 [main] INFO  net.NodeSchemaLoader (NodeSchemaLoader.java:loadSchema(171)) - Loading network topology layer schema file
2019-09-26 16:53:38,907 [main] WARN  server.ServerUtils (ServerUtils.java:sanitizeUserArgs(70)) - ozone.scm.stale.node.interval value = 300000 is larger than max = 100000 based on the key value of ozone.scm.heartbeat.thread.interval, reset to the max value 100000.
2019-09-26 16:53:38,908 [main] WARN  server.ServerUtils (ServerUtils.java:sanitizeUserArgs(70)) - ozone.scm.stale.node.interval value = 300000 is larger than max = 100000 based on the key value of ozone.scm.heartbeat.thread.interval, reset to the max value 100000.
2019-09-26 16:53:38,911 [main] INFO  node.SCMNodeManager (SCMNodeManager.java:<init>(114)) - Entering startup safe mode.
2019-09-26 16:53:38,982 [main] INFO  algorithms.ContainerPlacementPolicyFactory (ContainerPlacementPolicyFactory.java:getPolicy(59)) - Create container placement policy of type org.apache.hadoop.hdds.scm.container.placement.algorithms.SCMContainerPlacementRandom
2019-09-26 16:53:38,997 [main] WARN  server.ServerUtils (ServerUtils.java:getScmDbDir(145)) - ozone.scm.db.dirs is not configured. We recommend adding this setting. Falling back to ozone.metadata.dirs instead.
2019-09-26 16:53:39,059 [main] INFO  pipeline.SCMPipelineManager (SCMPipelineManager.java:initializePipelineState(132)) - No pipeline exists in current db
2019-09-26 16:53:39,063 [main] WARN  server.ServerUtils (ServerUtils.java:getScmDbDir(145)) - ozone.scm.db.dirs is not configured. We recommend adding this setting. Falling back to ozone.metadata.dirs instead.
2019-09-26 16:53:39,190 [main] WARN  events.EventQueue (EventQueue.java:fireEvent(183)) - No event handler registered for event TypedEvent{payloadType=SafeModeStatus, name='SafeModeStatus'}
2019-09-26 16:53:39,541 [main] INFO  ipc.CallQueueManager (CallQueueManager.java:<init>(84)) - Using callQueue: class java.util.concurrent.LinkedBlockingQueue, queueCapacity: 2000, scheduler: class org.apache.hadoop.ipc.DefaultRpcScheduler, ipcBackoff: false.
2019-09-26 16:53:39,568 [Socket Reader #1 for port 37222] INFO  ipc.Server (Server.java:run(1074)) - Starting Socket Reader #1 for port 37222
2019-09-26 16:53:39,620 [main] INFO  ipc.CallQueueManager (CallQueueManager.java:<init>(84)) - Using callQueue: class java.util.concurrent.LinkedBlockingQueue, queueCapacity: 2000, scheduler: class org.apache.hadoop.ipc.DefaultRpcScheduler, ipcBackoff: false.
2019-09-26 16:53:39,621 [Socket Reader #1 for port 42019] INFO  ipc.Server (Server.java:run(1074)) - Starting Socket Reader #1 for port 42019
2019-09-26 16:53:39,634 [main] INFO  ipc.CallQueueManager (CallQueueManager.java:<init>(84)) - Using callQueue: class java.util.concurrent.LinkedBlockingQueue, queueCapacity: 2000, scheduler: class org.apache.hadoop.ipc.DefaultRpcScheduler, ipcBackoff: false.
2019-09-26 16:53:39,635 [Socket Reader #1 for port 37791] INFO  ipc.Server (Server.java:run(1074)) - Starting Socket Reader #1 for port 37791
2019-09-26 16:53:39,752 [main] INFO  hdfs.DFSUtil (DFSUtil.java:httpServerTemplateForNNAndJN(1641)) - Starting Web-server for scm at: http://0.0.0.0:0
2019-09-26 16:53:39,917 [main] INFO  server.AuthenticationFilter (AuthenticationFilter.java:constructSecretProvider(240)) - Unable to initialize FileSignerSecretProvider, falling back to use random secrets.
2019-09-26 16:53:39,925 [main] WARN  http.HttpRequestLog (HttpRequestLog.java:getRequestLog(97)) - Jetty request log can only be enabled using Log4j
2019-09-26 16:53:39,933 [main] INFO  http.HttpServer2 (HttpServer2.java:addGlobalFilter(975)) - Added global filter 'safety' (class=org.apache.hadoop.http.HttpServer2$QuotingInputFilter)
2019-09-26 16:53:39,936 [main] INFO  http.HttpServer2 (HttpServer2.java:addFilter(948)) - Added filter static_user_filter (class=org.apache.hadoop.http.lib.StaticUserWebFilter$StaticUserFilter) to context scm
2019-09-26 16:53:39,936 [main] INFO  http.HttpServer2 (HttpServer2.java:addFilter(958)) - Added filter static_user_filter (class=org.apache.hadoop.http.lib.StaticUserWebFilter$StaticUserFilter) to context logs
2019-09-26 16:53:39,936 [main] INFO  http.HttpServer2 (HttpServer2.java:addFilter(958)) - Added filter static_user_filter (class=org.apache.hadoop.http.lib.StaticUserWebFilter$StaticUserFilter) to context static
2019-09-26 16:53:39,965 [main] INFO  server.StorageContainerManager (StorageContainerManager.java:start(770)) - StorageContainerLocationProtocol RPC server is listening at /0.0.0.0:37791
2019-09-26 16:53:40,032 [main] WARN  impl.MetricsConfig (MetricsConfig.java:loadFirst(134)) - Cannot locate configuration: tried hadoop-metrics2-storagecontainermanager.properties,hadoop-metrics2.properties
2019-09-26 16:53:40,046 [main] INFO  impl.MetricsSystemImpl (MetricsSystemImpl.java:startTimer(374)) - Scheduled Metric snapshot period at 10 second(s).
2019-09-26 16:53:40,046 [main] INFO  impl.MetricsSystemImpl (MetricsSystemImpl.java:start(191)) - StorageContainerManager metrics system started
2019-09-26 16:53:40,290 [main] INFO  server.SCMClientProtocolServer (SCMClientProtocolServer.java:start(151)) - RPC server for Client  is listening at /0.0.0.0:37791
2019-09-26 16:53:40,291 [IPC Server Responder] INFO  ipc.Server (Server.java:run(1314)) - IPC Server Responder: starting
2019-09-26 16:53:40,291 [IPC Server listener on 37791] INFO  ipc.Server (Server.java:run(1153)) - IPC Server listener on 37791: starting
2019-09-26 16:53:40,294 [main] INFO  server.StorageContainerManager (StorageContainerManager.java:start(780)) - ScmBlockLocationProtocol RPC server is listening at /0.0.0.0:42019
2019-09-26 16:53:40,296 [main] INFO  server.SCMBlockProtocolServer (SCMBlockProtocolServer.java:start(146)) - RPC server for Block Protocol is listening at /0.0.0.0:42019
2019-09-26 16:53:40,296 [IPC Server Responder] INFO  ipc.Server (Server.java:run(1314)) - IPC Server Responder: starting
2019-09-26 16:53:40,296 [IPC Server listener on 42019] INFO  ipc.Server (Server.java:run(1153)) - IPC Server listener on 42019: starting
2019-09-26 16:53:40,298 [main] INFO  server.StorageContainerManager (StorageContainerManager.java:start(784)) - ScmDatanodeProtocl RPC server is listening at /0.0.0.0:37222
2019-09-26 16:53:40,299 [main] INFO  server.SCMDatanodeProtocolServer (SCMDatanodeProtocolServer.java:start(191)) - RPC server for DataNodes is listening at /0.0.0.0:37222
2019-09-26 16:53:40,299 [IPC Server Responder] INFO  ipc.Server (Server.java:run(1314)) - IPC Server Responder: starting
2019-09-26 16:53:40,299 [IPC Server listener on 37222] INFO  ipc.Server (Server.java:run(1153)) - IPC Server listener on 37222: starting
2019-09-26 16:53:40,303 [main] INFO  http.HttpServer2 (HttpServer2.java:bindListener(1191)) - Jetty bound to port 37969
2019-09-26 16:53:40,305 [main] INFO  server.Server (Server.java:doStart(351)) - jetty-9.3.25.v20180904, build timestamp: 2018-09-04T21:11:46Z, git hash: 3ce520221d0240229c862b122d2b06c12a625732
2019-09-26 16:53:40,354 [main] INFO  handler.ContextHandler (ContextHandler.java:doStart(781)) - Started o.e.j.s.ServletContextHandler@3e821657{/logs,file:///workdir/hadoop-ozone/integration-test/target/log,AVAILABLE}
2019-09-26 16:53:40,355 [main] INFO  handler.ContextHandler (ContextHandler.java:doStart(781)) - Started o.e.j.s.ServletContextHandler@71cf1b07{/static,file:///workdir/hadoop-ozone/integration-test/target/test-classes/webapps/static,AVAILABLE}
2019-09-26 16:53:40,407 [main] INFO  handler.ContextHandler (ContextHandler.java:doStart(781)) - Started o.e.j.w.WebAppContext@69f63d95{/,file:///workdir/hadoop-ozone/integration-test/target/test-classes/webapps/scm/,AVAILABLE}{/scm}
2019-09-26 16:53:40,415 [main] INFO  server.AbstractConnector (AbstractConnector.java:doStart(278)) - Started ServerConnector@72c927f1{HTTP/1.1,[http/1.1]}{0.0.0.0:37969}
2019-09-26 16:53:40,416 [main] INFO  server.Server (Server.java:doStart(419)) - Started @2908ms
2019-09-26 16:53:40,419 [main] INFO  impl.MetricsSinkAdapter (MetricsSinkAdapter.java:start(204)) - Sink prometheus started
2019-09-26 16:53:40,419 [main] INFO  impl.MetricsSystemImpl (MetricsSystemImpl.java:registerSink(301)) - Registered sink prometheus
2019-09-26 16:53:40,421 [main] INFO  server.BaseHttpServer (BaseHttpServer.java:updateConnectorAddress(215)) - HTTP server of SCM is listening at http://0.0.0.0:37969
2019-09-26 16:53:40,428 [org.apache.hadoop.util.JvmPauseMonitor$Monitor@532721fd] INFO  util.JvmPauseMonitor (JvmPauseMonitor.java:run(188)) - Starting JVM pause monitor
2019-09-26 16:53:40,431 [main] WARN  server.ServerUtils (ServerUtils.java:getDBPath(222)) - ozone.om.db.dirs is not configured. We recommend adding this setting. Falling back to ozone.metadata.dirs instead.
2019-09-26 16:53:40,550 [main] WARN  server.ServerUtils (ServerUtils.java:getDBPath(222)) - ozone.om.db.dirs is not configured. We recommend adding this setting. Falling back to ozone.metadata.dirs instead.
2019-09-26 16:53:40,551 [main] WARN  server.ServerUtils (ServerUtils.java:getDBPath(222)) - ozone.om.db.dirs is not configured. We recommend adding this setting. Falling back to ozone.metadata.dirs instead.
2019-09-26 16:53:40,552 [main] INFO  om.OzoneManager (OzoneManager.java:setOMNodeDetails(652)) - OM Service ID is not set. Setting it to the default ID: omServiceIdDefault
2019-09-26 16:53:40,552 [main] INFO  om.OzoneManager (OzoneManager.java:setOMNodeDetails(658)) - OM Node ID is not set. Setting it to the OmStorage's OmID: 1f1593d5-2fef-4deb-acdf-3191a3d993ac
2019-09-26 16:53:40,554 [main] INFO  om.OzoneManager (OzoneManager.java:loadOMHAConfigs(609)) - Found matching OM address with OMServiceId: null, OMNodeId: null, RPC Address: localhost:0 and Ratis port: 9872
2019-09-26 16:53:41,279 [main] WARN  server.ServerUtils (ServerUtils.java:getDBPath(222)) - ozone.om.db.dirs is not configured. We recommend adding this setting. Falling back to ozone.metadata.dirs instead.
2019-09-26 16:53:41,286 [main] INFO  db.DBStoreBuilder (DBStoreBuilder.java:addTable(110)) - using custom profile for table: userTable
2019-09-26 16:53:41,287 [main] INFO  db.DBStoreBuilder (DBStoreBuilder.java:processTables(161)) - Using default column profile:DBProfile.DISK for Table:userTable
2019-09-26 16:53:41,287 [main] INFO  db.DBStoreBuilder (DBStoreBuilder.java:addTable(110)) - using custom profile for table: volumeTable
2019-09-26 16:53:41,288 [main] INFO  db.DBStoreBuilder (DBStoreBuilder.java:processTables(161)) - Using default column profile:DBProfile.DISK for Table:volumeTable
2019-09-26 16:53:41,288 [main] INFO  db.DBStoreBuilder (DBStoreBuilder.java:addTable(110)) - using custom profile for table: bucketTable
2019-09-26 16:53:41,289 [main] INFO  db.DBStoreBuilder (DBStoreBuilder.java:processTables(161)) - Using default column profile:DBProfile.DISK for Table:bucketTable
2019-09-26 16:53:41,289 [main] INFO  db.DBStoreBuilder (DBStoreBuilder.java:addTable(110)) - using custom profile for table: keyTable
2019-09-26 16:53:41,290 [main] INFO  db.DBStoreBuilder (DBStoreBuilder.java:processTables(161)) - Using default column profile:DBProfile.DISK for Table:keyTable
2019-09-26 16:53:41,290 [main] INFO  db.DBStoreBuilder (DBStoreBuilder.java:addTable(110)) - using custom profile for table: deletedTable
2019-09-26 16:53:41,291 [main] INFO  db.DBStoreBuilder (DBStoreBuilder.java:processTables(161)) - Using default column profile:DBProfile.DISK for Table:deletedTable
2019-09-26 16:53:41,291 [main] INFO  db.DBStoreBuilder (DBStoreBuilder.java:addTable(110)) - using custom profile for table: openKeyTable
2019-09-26 16:53:41,292 [main] INFO  db.DBStoreBuilder (DBStoreBuilder.java:processTables(161)) - Using default column profile:DBProfile.DISK for Table:openKeyTable
2019-09-26 16:53:41,292 [main] INFO  db.DBStoreBuilder (DBStoreBuilder.java:addTable(110)) - using custom profile for table: s3Table
2019-09-26 16:53:41,293 [main] INFO  db.DBStoreBuilder (DBStoreBuilder.java:processTables(161)) - Using default column profile:DBProfile.DISK for Table:s3Table
2019-09-26 16:53:41,293 [main] INFO  db.DBStoreBuilder (DBStoreBuilder.java:addTable(110)) - using custom profile for table: multipartInfoTable
2019-09-26 16:53:41,294 [main] INFO  db.DBStoreBuilder (DBStoreBuilder.java:processTables(161)) - Using default column profile:DBProfile.DISK for Table:multipartInfoTable
2019-09-26 16:53:41,294 [main] INFO  db.DBStoreBuilder (DBStoreBuilder.java:addTable(110)) - using custom profile for table: dTokenTable
2019-09-26 16:53:41,294 [main] INFO  db.DBStoreBuilder (DBStoreBuilder.java:processTables(161)) - Using default column profile:DBProfile.DISK for Table:dTokenTable
2019-09-26 16:53:41,295 [main] INFO  db.DBStoreBuilder (DBStoreBuilder.java:addTable(110)) - using custom profile for table: s3SecretTable
2019-09-26 16:53:41,295 [main] INFO  db.DBStoreBuilder (DBStoreBuilder.java:processTables(161)) - Using default column profile:DBProfile.DISK for Table:s3SecretTable
2019-09-26 16:53:41,296 [main] INFO  db.DBStoreBuilder (DBStoreBuilder.java:addTable(110)) - using custom profile for table: prefixTable
2019-09-26 16:53:41,296 [main] INFO  db.DBStoreBuilder (DBStoreBuilder.java:processTables(161)) - Using default column profile:DBProfile.DISK for Table:prefixTable
2019-09-26 16:53:41,297 [main] INFO  db.DBStoreBuilder (DBStoreBuilder.java:addTable(110)) - using custom profile for table: default
2019-09-26 16:53:41,297 [main] INFO  db.DBStoreBuilder (DBStoreBuilder.java:processTables(167)) - Using default column profile:DBProfile.DISK for Table:default
2019-09-26 16:53:41,298 [main] INFO  db.DBStoreBuilder (DBStoreBuilder.java:getDbProfile(198)) - Using default options. DBProfile.DISK
2019-09-26 16:53:42,014 [main] INFO  ipc.CallQueueManager (CallQueueManager.java:<init>(84)) - Using callQueue: class java.util.concurrent.LinkedBlockingQueue, queueCapacity: 2000, scheduler: class org.apache.hadoop.ipc.DefaultRpcScheduler, ipcBackoff: false.
2019-09-26 16:53:42,016 [Socket Reader #1 for port 37257] INFO  ipc.Server (Server.java:run(1074)) - Starting Socket Reader #1 for port 37257
2019-09-26 16:53:42,056 [main] INFO  om.OzoneManager (OzoneManager.java:start(1243)) - OzoneManager RPC server is listening at localhost/127.0.0.1:37257
2019-09-26 16:53:42,057 [main] INFO  impl.MetricsSystemImpl (MetricsSystemImpl.java:init(158)) - OzoneManager metrics system started (again)
2019-09-26 16:53:42,061 [IPC Server Responder] INFO  ipc.Server (Server.java:run(1314)) - IPC Server Responder: starting
2019-09-26 16:53:42,061 [IPC Server listener on 37257] INFO  ipc.Server (Server.java:run(1153)) - IPC Server listener on 37257: starting
2019-09-26 16:53:42,070 [main] INFO  hdfs.DFSUtil (DFSUtil.java:httpServerTemplateForNNAndJN(1641)) - Starting Web-server for ozoneManager at: http://0.0.0.0:0
2019-09-26 16:53:42,074 [main] INFO  server.AuthenticationFilter (AuthenticationFilter.java:constructSecretProvider(240)) - Unable to initialize FileSignerSecretProvider, falling back to use random secrets.
2019-09-26 16:53:42,076 [main] WARN  http.HttpRequestLog (HttpRequestLog.java:getRequestLog(97)) - Jetty request log can only be enabled using Log4j
2019-09-26 16:53:42,080 [main] INFO  http.HttpServer2 (HttpServer2.java:addGlobalFilter(975)) - Added global filter 'safety' (class=org.apache.hadoop.http.HttpServer2$QuotingInputFilter)
2019-09-26 16:53:42,082 [main] INFO  http.HttpServer2 (HttpServer2.java:addFilter(948)) - Added filter static_user_filter (class=org.apache.hadoop.http.lib.StaticUserWebFilter$StaticUserFilter) to context ozoneManager
2019-09-26 16:53:42,082 [main] INFO  http.HttpServer2 (HttpServer2.java:addFilter(958)) - Added filter static_user_filter (class=org.apache.hadoop.http.lib.StaticUserWebFilter$StaticUserFilter) to context static
2019-09-26 16:53:42,083 [main] INFO  http.HttpServer2 (HttpServer2.java:addFilter(958)) - Added filter static_user_filter (class=org.apache.hadoop.http.lib.StaticUserWebFilter$StaticUserFilter) to context logs
2019-09-26 16:53:42,087 [main] INFO  http.HttpServer2 (HttpServer2.java:bindListener(1191)) - Jetty bound to port 43636
2019-09-26 16:53:42,088 [main] INFO  server.Server (Server.java:doStart(351)) - jetty-9.3.25.v20180904, build timestamp: 2018-09-04T21:11:46Z, git hash: 3ce520221d0240229c862b122d2b06c12a625732
2019-09-26 16:53:42,091 [main] INFO  handler.ContextHandler (ContextHandler.java:doStart(781)) - Started o.e.j.s.ServletContextHandler@15923407{/logs,file:///workdir/hadoop-ozone/integration-test/target/log,AVAILABLE}
2019-09-26 16:53:42,093 [main] INFO  handler.ContextHandler (ContextHandler.java:doStart(781)) - Started o.e.j.s.ServletContextHandler@57540fd0{/static,file:///workdir/hadoop-ozone/integration-test/target/test-classes/webapps/static,AVAILABLE}
2019-09-26 16:53:42,101 [main] INFO  handler.ContextHandler (ContextHandler.java:doStart(781)) - Started o.e.j.w.WebAppContext@5b22b970{/,file:///workdir/hadoop-ozone/integration-test/target/test-classes/webapps/ozoneManager/,AVAILABLE}{/ozoneManager}
2019-09-26 16:53:42,102 [main] INFO  server.AbstractConnector (AbstractConnector.java:doStart(278)) - Started ServerConnector@22d1886d{HTTP/1.1,[http/1.1]}{0.0.0.0:43636}
2019-09-26 16:53:42,105 [main] INFO  server.Server (Server.java:doStart(419)) - Started @4597ms
2019-09-26 16:53:42,105 [main] WARN  impl.MetricsSystemImpl (MetricsSystemImpl.java:register(276)) - Sink prometheus already exists!
2019-09-26 16:53:42,106 [main] INFO  server.BaseHttpServer (BaseHttpServer.java:updateConnectorAddress(215)) - HTTP server of OZONEMANAGER is listening at http://0.0.0.0:43636
2019-09-26 16:53:42,539 [main] INFO  impl.MetricsSystemImpl (MetricsSystemImpl.java:init(158)) - HddsDatanode metrics system started (again)
2019-09-26 16:53:42,586 [main] INFO  ozone.HddsDatanodeService (HddsDatanodeService.java:start(184)) - HddsDatanodeService host:pr-hdds-1569-g6sp5-2013761785 ip:192.168.151.99
2019-09-26 16:53:42,619 [main] INFO  volume.HddsVolume (HddsVolume.java:<init>(176)) - Creating Volume: /workdir/hadoop-ozone/integration-test/target/test-dir/MiniOzoneClusterImpl-fdc3d401-fab1-4968-a84f-12bf762e2bbf/datanode-0/data/containers/hdds of  storage type : DISK and capacity : 1482555576320
2019-09-26 16:53:42,621 [main] INFO  volume.VolumeSet (VolumeSet.java:initializeVolumeSet(170)) - Added Volume : /workdir/hadoop-ozone/integration-test/target/test-dir/MiniOzoneClusterImpl-fdc3d401-fab1-4968-a84f-12bf762e2bbf/datanode-0/data/containers/hdds to VolumeSet
2019-09-26 16:53:42,624 [main] INFO  volume.ThrottledAsyncChecker (ThrottledAsyncChecker.java:schedule(139)) - Scheduling a check for org.apache.hadoop.ozone.container.common.volume.HddsVolume@344426bf
2019-09-26 16:53:42,643 [main] INFO  volume.HddsVolumeChecker (HddsVolumeChecker.java:checkAllVolumes(202)) - Scheduled health check for volume org.apache.hadoop.ozone.container.common.volume.HddsVolume@344426bf
2019-09-26 16:53:42,755 [main] INFO  impl.RaftServerProxy (ConfUtils.java:logGet(43)) - raft.rpc.type = GRPC (default)
2019-09-26 16:53:42,825 [main] INFO  grpc.GrpcFactory (GrpcFactory.java:checkPooledByteBufAllocatorUseCacheForAllThreads(45)) - PERFORMANCE WARNING: useCacheForAllThreads is true that may cause Netty to create a lot garbage objects and, as a result, trigger GC.
	It is recommended to disable useCacheForAllThreads by setting -Dorg.apache.ratis.thirdparty.io.netty.allocator.useCacheForAllThreads=false in command line.
2019-09-26 16:53:42,830 [main] INFO  grpc.GrpcConfigKeys$Server (ConfUtils.java:logGet(43)) - raft.grpc.server.port = 0 (default)
2019-09-26 16:53:42,831 [main] INFO  server.GrpcService (ConfUtils.java:logGet(43)) - raft.grpc.message.size.max = 33570816 (custom)
2019-09-26 16:53:42,833 [main] INFO  server.RaftServerConfigKeys (ConfUtils.java:logGet(43)) - raft.server.log.appender.buffer.byte-limit = 33554432 (custom)
2019-09-26 16:53:42,834 [main] INFO  server.GrpcService (ConfUtils.java:logGet(43)) - raft.grpc.flow.control.window = 1MB (=1048576) (default)
2019-09-26 16:53:42,834 [main] INFO  server.RaftServerConfigKeys (ConfUtils.java:logGet(43)) - raft.server.rpc.request.timeout = 3000ms (default)
2019-09-26 16:53:43,000 [main] INFO  server.RaftServerConfigKeys (ConfUtils.java:logGet(43)) - raft.server.storage.dir = [/workdir/hadoop-ozone/integration-test/target/test-dir/MiniOzoneClusterImpl-fdc3d401-fab1-4968-a84f-12bf762e2bbf/datanode-0/data/ratis] (custom)
2019-09-26 16:53:43,072 [main] INFO  hdfs.DFSUtil (DFSUtil.java:httpServerTemplateForNNAndJN(1641)) - Starting Web-server for hddsDatanode at: http://0.0.0.0:0
2019-09-26 16:53:43,074 [main] INFO  server.AuthenticationFilter (AuthenticationFilter.java:constructSecretProvider(240)) - Unable to initialize FileSignerSecretProvider, falling back to use random secrets.
2019-09-26 16:53:43,075 [main] WARN  http.HttpRequestLog (HttpRequestLog.java:getRequestLog(97)) - Jetty request log can only be enabled using Log4j
2019-09-26 16:53:43,077 [main] INFO  http.HttpServer2 (HttpServer2.java:addGlobalFilter(975)) - Added global filter 'safety' (class=org.apache.hadoop.http.HttpServer2$QuotingInputFilter)
2019-09-26 16:53:43,078 [main] INFO  http.HttpServer2 (HttpServer2.java:addFilter(948)) - Added filter static_user_filter (class=org.apache.hadoop.http.lib.StaticUserWebFilter$StaticUserFilter) to context hddsDatanode
2019-09-26 16:53:43,078 [main] INFO  http.HttpServer2 (HttpServer2.java:addFilter(958)) - Added filter static_user_filter (class=org.apache.hadoop.http.lib.StaticUserWebFilter$StaticUserFilter) to context static
2019-09-26 16:53:43,078 [main] INFO  http.HttpServer2 (HttpServer2.java:addFilter(958)) - Added filter static_user_filter (class=org.apache.hadoop.http.lib.StaticUserWebFilter$StaticUserFilter) to context logs
2019-09-26 16:53:43,079 [main] INFO  http.HttpServer2 (HttpServer2.java:bindListener(1191)) - Jetty bound to port 36230
2019-09-26 16:53:43,080 [main] INFO  server.Server (Server.java:doStart(351)) - jetty-9.3.25.v20180904, build timestamp: 2018-09-04T21:11:46Z, git hash: 3ce520221d0240229c862b122d2b06c12a625732
2019-09-26 16:53:43,082 [main] INFO  handler.ContextHandler (ContextHandler.java:doStart(781)) - Started o.e.j.s.ServletContextHandler@102ecc22{/logs,file:///workdir/hadoop-ozone/integration-test/target/log,AVAILABLE}
2019-09-26 16:53:43,083 [main] INFO  handler.ContextHandler (ContextHandler.java:doStart(781)) - Started o.e.j.s.ServletContextHandler@26dc9bd5{/static,jar:file:/home/user/.m2/repository/org/apache/hadoop/hadoop-hdds-container-service/0.5.0-SNAPSHOT/hadoop-hdds-container-service-0.5.0-SNAPSHOT.jar!/webapps/static,AVAILABLE}
2019-09-26 16:53:43,123 [main] INFO  handler.ContextHandler (ContextHandler.java:doStart(781)) - Started o.e.j.w.WebAppContext@5b852b49{/,file:///tmp/jetty-0.0.0.0-36230-hddsDatanode-_-any-2084732760932175241.dir/webapp/,AVAILABLE}{/hddsDatanode}
2019-09-26 16:53:43,125 [main] INFO  server.AbstractConnector (AbstractConnector.java:doStart(278)) - Started ServerConnector@cdb2d95{HTTP/1.1,[http/1.1]}{0.0.0.0:36230}
2019-09-26 16:53:43,125 [main] INFO  server.Server (Server.java:doStart(419)) - Started @5617ms
2019-09-26 16:53:43,126 [main] WARN  impl.MetricsSystemImpl (MetricsSystemImpl.java:register(276)) - Sink prometheus already exists!
2019-09-26 16:53:43,127 [main] INFO  server.BaseHttpServer (BaseHttpServer.java:updateConnectorAddress(215)) - HTTP server of HDDSDATANODE is listening at http://0.0.0.0:36230
2019-09-26 16:53:43,129 [main] INFO  impl.MetricsSystemImpl (MetricsSystemImpl.java:init(158)) - HddsDatanode metrics system started (again)
2019-09-26 16:53:43,133 [main] INFO  ozone.HddsDatanodeService (HddsDatanodeService.java:start(184)) - HddsDatanodeService host:pr-hdds-1569-g6sp5-2013761785 ip:192.168.151.99
2019-09-26 16:53:43,136 [org.apache.hadoop.util.JvmPauseMonitor$Monitor@eea5ed8] INFO  util.JvmPauseMonitor (JvmPauseMonitor.java:run(188)) - Starting JVM pause monitor
2019-09-26 16:53:43,143 [main] INFO  volume.HddsVolume (HddsVolume.java:<init>(176)) - Creating Volume: /workdir/hadoop-ozone/integration-test/target/test-dir/MiniOzoneClusterImpl-fdc3d401-fab1-4968-a84f-12bf762e2bbf/datanode-1/data/containers/hdds of  storage type : DISK and capacity : 1482555576320
2019-09-26 16:53:43,144 [main] INFO  volume.VolumeSet (VolumeSet.java:initializeVolumeSet(170)) - Added Volume : /workdir/hadoop-ozone/integration-test/target/test-dir/MiniOzoneClusterImpl-fdc3d401-fab1-4968-a84f-12bf762e2bbf/datanode-1/data/containers/hdds to VolumeSet
2019-09-26 16:53:43,145 [main] INFO  volume.ThrottledAsyncChecker (ThrottledAsyncChecker.java:schedule(139)) - Scheduling a check for org.apache.hadoop.ozone.container.common.volume.HddsVolume@46963479
2019-09-26 16:53:43,146 [main] INFO  volume.HddsVolumeChecker (HddsVolumeChecker.java:checkAllVolumes(202)) - Scheduled health check for volume org.apache.hadoop.ozone.container.common.volume.HddsVolume@46963479
2019-09-26 16:53:43,166 [main] INFO  impl.RaftServerProxy (ConfUtils.java:logGet(43)) - raft.rpc.type = GRPC (default)
2019-09-26 16:53:43,167 [main] INFO  grpc.GrpcFactory (GrpcFactory.java:checkPooledByteBufAllocatorUseCacheForAllThreads(45)) - PERFORMANCE WARNING: useCacheForAllThreads is true that may cause Netty to create a lot garbage objects and, as a result, trigger GC.
	It is recommended to disable useCacheForAllThreads by setting -Dorg.apache.ratis.thirdparty.io.netty.allocator.useCacheForAllThreads=false in command line.
2019-09-26 16:53:43,167 [main] INFO  grpc.GrpcConfigKeys$Server (ConfUtils.java:logGet(43)) - raft.grpc.server.port = 0 (default)
2019-09-26 16:53:43,168 [main] INFO  server.GrpcService (ConfUtils.java:logGet(43)) - raft.grpc.message.size.max = 33570816 (custom)
2019-09-26 16:53:43,168 [main] INFO  server.RaftServerConfigKeys (ConfUtils.java:logGet(43)) - raft.server.log.appender.buffer.byte-limit = 33554432 (custom)
2019-09-26 16:53:43,168 [main] INFO  server.GrpcService (ConfUtils.java:logGet(43)) - raft.grpc.flow.control.window = 1MB (=1048576) (default)
2019-09-26 16:53:43,169 [main] INFO  server.RaftServerConfigKeys (ConfUtils.java:logGet(43)) - raft.server.rpc.request.timeout = 3000ms (default)
2019-09-26 16:53:43,170 [main] INFO  server.RaftServerConfigKeys (ConfUtils.java:logGet(43)) - raft.server.storage.dir = [/workdir/hadoop-ozone/integration-test/target/test-dir/MiniOzoneClusterImpl-fdc3d401-fab1-4968-a84f-12bf762e2bbf/datanode-1/data/ratis] (custom)
2019-09-26 16:53:43,172 [main] INFO  hdfs.DFSUtil (DFSUtil.java:httpServerTemplateForNNAndJN(1641)) - Starting Web-server for hddsDatanode at: http://0.0.0.0:0
2019-09-26 16:53:43,174 [main] INFO  server.AuthenticationFilter (AuthenticationFilter.java:constructSecretProvider(240)) - Unable to initialize FileSignerSecretProvider, falling back to use random secrets.
2019-09-26 16:53:43,175 [main] WARN  http.HttpRequestLog (HttpRequestLog.java:getRequestLog(97)) - Jetty request log can only be enabled using Log4j
2019-09-26 16:53:43,177 [main] INFO  http.HttpServer2 (HttpServer2.java:addGlobalFilter(975)) - Added global filter 'safety' (class=org.apache.hadoop.http.HttpServer2$QuotingInputFilter)
2019-09-26 16:53:43,178 [main] INFO  http.HttpServer2 (HttpServer2.java:addFilter(948)) - Added filter static_user_filter (class=org.apache.hadoop.http.lib.StaticUserWebFilter$StaticUserFilter) to context hddsDatanode
2019-09-26 16:53:43,178 [main] INFO  http.HttpServer2 (HttpServer2.java:addFilter(958)) - Added filter static_user_filter (class=org.apache.hadoop.http.lib.StaticUserWebFilter$StaticUserFilter) to context static
2019-09-26 16:53:43,179 [main] INFO  http.HttpServer2 (HttpServer2.java:addFilter(958)) - Added filter static_user_filter (class=org.apache.hadoop.http.lib.StaticUserWebFilter$StaticUserFilter) to context logs
2019-09-26 16:53:43,180 [main] INFO  http.HttpServer2 (HttpServer2.java:bindListener(1191)) - Jetty bound to port 38488
2019-09-26 16:53:43,180 [main] INFO  server.Server (Server.java:doStart(351)) - jetty-9.3.25.v20180904, build timestamp: 2018-09-04T21:11:46Z, git hash: 3ce520221d0240229c862b122d2b06c12a625732
2019-09-26 16:53:43,184 [main] INFO  handler.ContextHandler (ContextHandler.java:doStart(781)) - Started o.e.j.s.ServletContextHandler@620c8641{/logs,file:///workdir/hadoop-ozone/integration-test/target/log,AVAILABLE}
2019-09-26 16:53:43,185 [main] INFO  handler.ContextHandler (ContextHandler.java:doStart(781)) - Started o.e.j.s.ServletContextHandler@5460b754{/static,jar:file:/home/user/.m2/repository/org/apache/hadoop/hadoop-hdds-container-service/0.5.0-SNAPSHOT/hadoop-hdds-container-service-0.5.0-SNAPSHOT.jar!/webapps/static,AVAILABLE}
2019-09-26 16:53:43,222 [main] INFO  handler.ContextHandler (ContextHandler.java:doStart(781)) - Started o.e.j.w.WebAppContext@58472096{/,file:///tmp/jetty-0.0.0.0-38488-hddsDatanode-_-any-7381121409060941823.dir/webapp/,AVAILABLE}{/hddsDatanode}
2019-09-26 16:53:43,222 [main] INFO  server.AbstractConnector (AbstractConnector.java:doStart(278)) - Started ServerConnector@a92be4f{HTTP/1.1,[http/1.1]}{0.0.0.0:38488}
2019-09-26 16:53:43,223 [main] INFO  server.Server (Server.java:doStart(419)) - Started @5716ms
2019-09-26 16:53:43,224 [main] WARN  impl.MetricsSystemImpl (MetricsSystemImpl.java:register(276)) - Sink prometheus already exists!
2019-09-26 16:53:43,225 [main] INFO  server.BaseHttpServer (BaseHttpServer.java:updateConnectorAddress(215)) - HTTP server of HDDSDATANODE is listening at http://0.0.0.0:38488
2019-09-26 16:53:43,226 [main] INFO  impl.MetricsSystemImpl (MetricsSystemImpl.java:init(158)) - HddsDatanode metrics system started (again)
2019-09-26 16:53:43,229 [main] INFO  ozone.HddsDatanodeService (HddsDatanodeService.java:start(184)) - HddsDatanodeService host:pr-hdds-1569-g6sp5-2013761785 ip:192.168.151.99
2019-09-26 16:53:43,229 [org.apache.hadoop.util.JvmPauseMonitor$Monitor@64c1bccf] INFO  util.JvmPauseMonitor (JvmPauseMonitor.java:run(188)) - Starting JVM pause monitor
2019-09-26 16:53:43,239 [main] INFO  volume.HddsVolume (HddsVolume.java:<init>(176)) - Creating Volume: /workdir/hadoop-ozone/integration-test/target/test-dir/MiniOzoneClusterImpl-fdc3d401-fab1-4968-a84f-12bf762e2bbf/datanode-2/data/containers/hdds of  storage type : DISK and capacity : 1482555576320
2019-09-26 16:53:43,239 [main] INFO  volume.VolumeSet (VolumeSet.java:initializeVolumeSet(170)) - Added Volume : /workdir/hadoop-ozone/integration-test/target/test-dir/MiniOzoneClusterImpl-fdc3d401-fab1-4968-a84f-12bf762e2bbf/datanode-2/data/containers/hdds to VolumeSet
2019-09-26 16:53:43,240 [main] INFO  volume.ThrottledAsyncChecker (ThrottledAsyncChecker.java:schedule(139)) - Scheduling a check for org.apache.hadoop.ozone.container.common.volume.HddsVolume@6cc86152
2019-09-26 16:53:43,240 [main] INFO  volume.HddsVolumeChecker (HddsVolumeChecker.java:checkAllVolumes(202)) - Scheduled health check for volume org.apache.hadoop.ozone.container.common.volume.HddsVolume@6cc86152
2019-09-26 16:53:43,255 [main] INFO  impl.RaftServerProxy (ConfUtils.java:logGet(43)) - raft.rpc.type = GRPC (default)
2019-09-26 16:53:43,256 [main] INFO  grpc.GrpcFactory (GrpcFactory.java:checkPooledByteBufAllocatorUseCacheForAllThreads(45)) - PERFORMANCE WARNING: useCacheForAllThreads is true that may cause Netty to create a lot garbage objects and, as a result, trigger GC.
	It is recommended to disable useCacheForAllThreads by setting -Dorg.apache.ratis.thirdparty.io.netty.allocator.useCacheForAllThreads=false in command line.
2019-09-26 16:53:43,256 [main] INFO  grpc.GrpcConfigKeys$Server (ConfUtils.java:logGet(43)) - raft.grpc.server.port = 0 (default)
2019-09-26 16:53:43,256 [main] INFO  server.GrpcService (ConfUtils.java:logGet(43)) - raft.grpc.message.size.max = 33570816 (custom)
2019-09-26 16:53:43,257 [main] INFO  server.RaftServerConfigKeys (ConfUtils.java:logGet(43)) - raft.server.log.appender.buffer.byte-limit = 33554432 (custom)
2019-09-26 16:53:43,257 [main] INFO  server.GrpcService (ConfUtils.java:logGet(43)) - raft.grpc.flow.control.window = 1MB (=1048576) (default)
2019-09-26 16:53:43,257 [main] INFO  server.RaftServerConfigKeys (ConfUtils.java:logGet(43)) - raft.server.rpc.request.timeout = 3000ms (default)
2019-09-26 16:53:43,258 [main] INFO  server.RaftServerConfigKeys (ConfUtils.java:logGet(43)) - raft.server.storage.dir = [/workdir/hadoop-ozone/integration-test/target/test-dir/MiniOzoneClusterImpl-fdc3d401-fab1-4968-a84f-12bf762e2bbf/datanode-2/data/ratis] (custom)
2019-09-26 16:53:43,260 [main] INFO  hdfs.DFSUtil (DFSUtil.java:httpServerTemplateForNNAndJN(1641)) - Starting Web-server for hddsDatanode at: http://0.0.0.0:0
2019-09-26 16:53:43,262 [main] INFO  server.AuthenticationFilter (AuthenticationFilter.java:constructSecretProvider(240)) - Unable to initialize FileSignerSecretProvider, falling back to use random secrets.
2019-09-26 16:53:43,262 [main] WARN  http.HttpRequestLog (HttpRequestLog.java:getRequestLog(97)) - Jetty request log can only be enabled using Log4j
2019-09-26 16:53:43,264 [main] INFO  http.HttpServer2 (HttpServer2.java:addGlobalFilter(975)) - Added global filter 'safety' (class=org.apache.hadoop.http.HttpServer2$QuotingInputFilter)
2019-09-26 16:53:43,264 [main] INFO  http.HttpServer2 (HttpServer2.java:addFilter(948)) - Added filter static_user_filter (class=org.apache.hadoop.http.lib.StaticUserWebFilter$StaticUserFilter) to context hddsDatanode
2019-09-26 16:53:43,264 [main] INFO  http.HttpServer2 (HttpServer2.java:addFilter(958)) - Added filter static_user_filter (class=org.apache.hadoop.http.lib.StaticUserWebFilter$StaticUserFilter) to context logs
2019-09-26 16:53:43,265 [main] INFO  http.HttpServer2 (HttpServer2.java:addFilter(958)) - Added filter static_user_filter (class=org.apache.hadoop.http.lib.StaticUserWebFilter$StaticUserFilter) to context static
2019-09-26 16:53:43,265 [main] INFO  http.HttpServer2 (HttpServer2.java:bindListener(1191)) - Jetty bound to port 38407
2019-09-26 16:53:43,266 [main] INFO  server.Server (Server.java:doStart(351)) - jetty-9.3.25.v20180904, build timestamp: 2018-09-04T21:11:46Z, git hash: 3ce520221d0240229c862b122d2b06c12a625732
2019-09-26 16:53:43,268 [main] INFO  handler.ContextHandler (ContextHandler.java:doStart(781)) - Started o.e.j.s.ServletContextHandler@77b919a3{/logs,file:///workdir/hadoop-ozone/integration-test/target/log,AVAILABLE}
2019-09-26 16:53:43,268 [main] INFO  handler.ContextHandler (ContextHandler.java:doStart(781)) - Started o.e.j.s.ServletContextHandler@36681447{/static,jar:file:/home/user/.m2/repository/org/apache/hadoop/hadoop-hdds-container-service/0.5.0-SNAPSHOT/hadoop-hdds-container-service-0.5.0-SNAPSHOT.jar!/webapps/static,AVAILABLE}
2019-09-26 16:53:43,285 [Datanode State Machine Thread - 0] INFO  datanode.InitDatanodeState (InitDatanodeState.java:persistContainerDatanodeDetails(140)) - DatanodeDetails is persisted to /workdir/hadoop-ozone/integration-test/target/test-dir/MiniOzoneClusterImpl-fdc3d401-fab1-4968-a84f-12bf762e2bbf/datanode-0/meta/datanode.id
2019-09-26 16:53:43,291 [Datanode State Machine Thread - 0] INFO  datanode.InitDatanodeState (InitDatanodeState.java:persistContainerDatanodeDetails(140)) - DatanodeDetails is persisted to /workdir/hadoop-ozone/integration-test/target/test-dir/MiniOzoneClusterImpl-fdc3d401-fab1-4968-a84f-12bf762e2bbf/datanode-1/meta/datanode.id
2019-09-26 16:53:43,304 [main] INFO  handler.ContextHandler (ContextHandler.java:doStart(781)) - Started o.e.j.w.WebAppContext@12e0f1cb{/,file:///tmp/jetty-0.0.0.0-38407-hddsDatanode-_-any-309941992209996845.dir/webapp/,AVAILABLE}{/hddsDatanode}
2019-09-26 16:53:43,305 [main] INFO  server.AbstractConnector (AbstractConnector.java:doStart(278)) - Started ServerConnector@4a163575{HTTP/1.1,[http/1.1]}{0.0.0.0:38407}
2019-09-26 16:53:43,306 [main] INFO  server.Server (Server.java:doStart(419)) - Started @5799ms
2019-09-26 16:53:43,307 [main] WARN  impl.MetricsSystemImpl (MetricsSystemImpl.java:register(276)) - Sink prometheus already exists!
2019-09-26 16:53:43,308 [main] INFO  server.BaseHttpServer (BaseHttpServer.java:updateConnectorAddress(215)) - HTTP server of HDDSDATANODE is listening at http://0.0.0.0:38407
2019-09-26 16:53:43,308 [main] INFO  impl.MetricsSystemImpl (MetricsSystemImpl.java:init(158)) - HddsDatanode metrics system started (again)
2019-09-26 16:53:43,311 [main] INFO  ozone.HddsDatanodeService (HddsDatanodeService.java:start(184)) - HddsDatanodeService host:pr-hdds-1569-g6sp5-2013761785 ip:192.168.151.99
2019-09-26 16:53:43,312 [org.apache.hadoop.util.JvmPauseMonitor$Monitor@4e7878d6] INFO  util.JvmPauseMonitor (JvmPauseMonitor.java:run(188)) - Starting JVM pause monitor
2019-09-26 16:53:43,315 [Datanode State Machine Thread - 0] INFO  datanode.InitDatanodeState (InitDatanodeState.java:persistContainerDatanodeDetails(140)) - DatanodeDetails is persisted to /workdir/hadoop-ozone/integration-test/target/test-dir/MiniOzoneClusterImpl-fdc3d401-fab1-4968-a84f-12bf762e2bbf/datanode-2/meta/datanode.id
2019-09-26 16:53:43,319 [main] INFO  volume.HddsVolume (HddsVolume.java:<init>(176)) - Creating Volume: /workdir/hadoop-ozone/integration-test/target/test-dir/MiniOzoneClusterImpl-fdc3d401-fab1-4968-a84f-12bf762e2bbf/datanode-3/data/containers/hdds of  storage type : DISK and capacity : 1482555576320
2019-09-26 16:53:43,321 [main] INFO  volume.VolumeSet (VolumeSet.java:initializeVolumeSet(170)) - Added Volume : /workdir/hadoop-ozone/integration-test/target/test-dir/MiniOzoneClusterImpl-fdc3d401-fab1-4968-a84f-12bf762e2bbf/datanode-3/data/containers/hdds to VolumeSet
2019-09-26 16:53:43,321 [main] INFO  volume.ThrottledAsyncChecker (ThrottledAsyncChecker.java:schedule(139)) - Scheduling a check for org.apache.hadoop.ozone.container.common.volume.HddsVolume@6540cf1d
2019-09-26 16:53:43,321 [main] INFO  volume.HddsVolumeChecker (HddsVolumeChecker.java:checkAllVolumes(202)) - Scheduled health check for volume org.apache.hadoop.ozone.container.common.volume.HddsVolume@6540cf1d
2019-09-26 16:53:43,335 [main] INFO  impl.RaftServerProxy (ConfUtils.java:logGet(43)) - raft.rpc.type = GRPC (default)
2019-09-26 16:53:43,335 [main] INFO  grpc.GrpcFactory (GrpcFactory.java:checkPooledByteBufAllocatorUseCacheForAllThreads(45)) - PERFORMANCE WARNING: useCacheForAllThreads is true that may cause Netty to create a lot garbage objects and, as a result, trigger GC.
	It is recommended to disable useCacheForAllThreads by setting -Dorg.apache.ratis.thirdparty.io.netty.allocator.useCacheForAllThreads=false in command line.
2019-09-26 16:53:43,335 [main] INFO  grpc.GrpcConfigKeys$Server (ConfUtils.java:logGet(43)) - raft.grpc.server.port = 0 (default)
2019-09-26 16:53:43,336 [main] INFO  server.GrpcService (ConfUtils.java:logGet(43)) - raft.grpc.message.size.max = 33570816 (custom)
2019-09-26 16:53:43,336 [main] INFO  server.RaftServerConfigKeys (ConfUtils.java:logGet(43)) - raft.server.log.appender.buffer.byte-limit = 33554432 (custom)
2019-09-26 16:53:43,336 [main] INFO  server.GrpcService (ConfUtils.java:logGet(43)) - raft.grpc.flow.control.window = 1MB (=1048576) (default)
2019-09-26 16:53:43,336 [main] INFO  server.RaftServerConfigKeys (ConfUtils.java:logGet(43)) - raft.server.rpc.request.timeout = 3000ms (default)
2019-09-26 16:53:43,337 [main] INFO  server.RaftServerConfigKeys (ConfUtils.java:logGet(43)) - raft.server.storage.dir = [/workdir/hadoop-ozone/integration-test/target/test-dir/MiniOzoneClusterImpl-fdc3d401-fab1-4968-a84f-12bf762e2bbf/datanode-3/data/ratis] (custom)
2019-09-26 16:53:43,339 [main] INFO  hdfs.DFSUtil (DFSUtil.java:httpServerTemplateForNNAndJN(1641)) - Starting Web-server for hddsDatanode at: http://0.0.0.0:0
2019-09-26 16:53:43,340 [main] INFO  server.AuthenticationFilter (AuthenticationFilter.java:constructSecretProvider(240)) - Unable to initialize FileSignerSecretProvider, falling back to use random secrets.
2019-09-26 16:53:43,341 [main] WARN  http.HttpRequestLog (HttpRequestLog.java:getRequestLog(97)) - Jetty request log can only be enabled using Log4j
2019-09-26 16:53:43,342 [main] INFO  http.HttpServer2 (HttpServer2.java:addGlobalFilter(975)) - Added global filter 'safety' (class=org.apache.hadoop.http.HttpServer2$QuotingInputFilter)
2019-09-26 16:53:43,343 [main] INFO  http.HttpServer2 (HttpServer2.java:addFilter(948)) - Added filter static_user_filter (class=org.apache.hadoop.http.lib.StaticUserWebFilter$StaticUserFilter) to context hddsDatanode
2019-09-26 16:53:43,343 [main] INFO  http.HttpServer2 (HttpServer2.java:addFilter(958)) - Added filter static_user_filter (class=org.apache.hadoop.http.lib.StaticUserWebFilter$StaticUserFilter) to context static
2019-09-26 16:53:43,343 [main] INFO  http.HttpServer2 (HttpServer2.java:addFilter(958)) - Added filter static_user_filter (class=org.apache.hadoop.http.lib.StaticUserWebFilter$StaticUserFilter) to context logs
2019-09-26 16:53:43,344 [main] INFO  http.HttpServer2 (HttpServer2.java:bindListener(1191)) - Jetty bound to port 38052
2019-09-26 16:53:43,344 [main] INFO  server.Server (Server.java:doStart(351)) - jetty-9.3.25.v20180904, build timestamp: 2018-09-04T21:11:46Z, git hash: 3ce520221d0240229c862b122d2b06c12a625732
2019-09-26 16:53:43,350 [main] INFO  handler.ContextHandler (ContextHandler.java:doStart(781)) - Started o.e.j.s.ServletContextHandler@378cfecf{/logs,file:///workdir/hadoop-ozone/integration-test/target/log,AVAILABLE}
2019-09-26 16:53:43,351 [main] INFO  handler.ContextHandler (ContextHandler.java:doStart(781)) - Started o.e.j.s.ServletContextHandler@5e7c141d{/static,jar:file:/home/user/.m2/repository/org/apache/hadoop/hadoop-hdds-container-service/0.5.0-SNAPSHOT/hadoop-hdds-container-service-0.5.0-SNAPSHOT.jar!/webapps/static,AVAILABLE}
2019-09-26 16:53:43,380 [main] INFO  handler.ContextHandler (ContextHandler.java:doStart(781)) - Started o.e.j.w.WebAppContext@437486cd{/,file:///tmp/jetty-0.0.0.0-38052-hddsDatanode-_-any-8546072853218360131.dir/webapp/,AVAILABLE}{/hddsDatanode}
2019-09-26 16:53:43,382 [main] INFO  server.AbstractConnector (AbstractConnector.java:doStart(278)) - Started ServerConnector@15b642b9{HTTP/1.1,[http/1.1]}{0.0.0.0:38052}
2019-09-26 16:53:43,383 [main] INFO  server.Server (Server.java:doStart(419)) - Started @5875ms
2019-09-26 16:53:43,383 [main] WARN  impl.MetricsSystemImpl (MetricsSystemImpl.java:register(276)) - Sink prometheus already exists!
2019-09-26 16:53:43,384 [main] INFO  server.BaseHttpServer (BaseHttpServer.java:updateConnectorAddress(215)) - HTTP server of HDDSDATANODE is listening at http://0.0.0.0:38052
2019-09-26 16:53:43,385 [main] INFO  impl.MetricsSystemImpl (MetricsSystemImpl.java:init(158)) - HddsDatanode metrics system started (again)
2019-09-26 16:53:43,388 [org.apache.hadoop.util.JvmPauseMonitor$Monitor@3970232d] INFO  util.JvmPauseMonitor (JvmPauseMonitor.java:run(188)) - Starting JVM pause monitor
2019-09-26 16:53:43,388 [main] INFO  ozone.HddsDatanodeService (HddsDatanodeService.java:start(184)) - HddsDatanodeService host:pr-hdds-1569-g6sp5-2013761785 ip:192.168.151.99
2019-09-26 16:53:43,391 [Datanode State Machine Thread - 0] INFO  datanode.InitDatanodeState (InitDatanodeState.java:persistContainerDatanodeDetails(140)) - DatanodeDetails is persisted to /workdir/hadoop-ozone/integration-test/target/test-dir/MiniOzoneClusterImpl-fdc3d401-fab1-4968-a84f-12bf762e2bbf/datanode-3/meta/datanode.id
2019-09-26 16:53:43,397 [main] INFO  volume.HddsVolume (HddsVolume.java:<init>(176)) - Creating Volume: /workdir/hadoop-ozone/integration-test/target/test-dir/MiniOzoneClusterImpl-fdc3d401-fab1-4968-a84f-12bf762e2bbf/datanode-4/data/containers/hdds of  storage type : DISK and capacity : 1482555576320
2019-09-26 16:53:43,400 [main] INFO  volume.VolumeSet (VolumeSet.java:initializeVolumeSet(170)) - Added Volume : /workdir/hadoop-ozone/integration-test/target/test-dir/MiniOzoneClusterImpl-fdc3d401-fab1-4968-a84f-12bf762e2bbf/datanode-4/data/containers/hdds to VolumeSet
2019-09-26 16:53:43,401 [main] INFO  volume.ThrottledAsyncChecker (ThrottledAsyncChecker.java:schedule(139)) - Scheduling a check for org.apache.hadoop.ozone.container.common.volume.HddsVolume@2f897dab
2019-09-26 16:53:43,401 [main] INFO  volume.HddsVolumeChecker (HddsVolumeChecker.java:checkAllVolumes(202)) - Scheduled health check for volume org.apache.hadoop.ozone.container.common.volume.HddsVolume@2f897dab
2019-09-26 16:53:43,414 [main] INFO  impl.RaftServerProxy (ConfUtils.java:logGet(43)) - raft.rpc.type = GRPC (default)
2019-09-26 16:53:43,415 [main] INFO  grpc.GrpcFactory (GrpcFactory.java:checkPooledByteBufAllocatorUseCacheForAllThreads(45)) - PERFORMANCE WARNING: useCacheForAllThreads is true that may cause Netty to create a lot garbage objects and, as a result, trigger GC.
	It is recommended to disable useCacheForAllThreads by setting -Dorg.apache.ratis.thirdparty.io.netty.allocator.useCacheForAllThreads=false in command line.
2019-09-26 16:53:43,415 [main] INFO  grpc.GrpcConfigKeys$Server (ConfUtils.java:logGet(43)) - raft.grpc.server.port = 0 (default)
2019-09-26 16:53:43,415 [main] INFO  server.GrpcService (ConfUtils.java:logGet(43)) - raft.grpc.message.size.max = 33570816 (custom)
2019-09-26 16:53:43,415 [main] INFO  server.RaftServerConfigKeys (ConfUtils.java:logGet(43)) - raft.server.log.appender.buffer.byte-limit = 33554432 (custom)
2019-09-26 16:53:43,416 [main] INFO  server.GrpcService (ConfUtils.java:logGet(43)) - raft.grpc.flow.control.window = 1MB (=1048576) (default)
2019-09-26 16:53:43,416 [main] INFO  server.RaftServerConfigKeys (ConfUtils.java:logGet(43)) - raft.server.rpc.request.timeout = 3000ms (default)
2019-09-26 16:53:43,417 [main] INFO  server.RaftServerConfigKeys (ConfUtils.java:logGet(43)) - raft.server.storage.dir = [/workdir/hadoop-ozone/integration-test/target/test-dir/MiniOzoneClusterImpl-fdc3d401-fab1-4968-a84f-12bf762e2bbf/datanode-4/data/ratis] (custom)
2019-09-26 16:53:43,418 [main] INFO  hdfs.DFSUtil (DFSUtil.java:httpServerTemplateForNNAndJN(1641)) - Starting Web-server for hddsDatanode at: http://0.0.0.0:0
2019-09-26 16:53:43,420 [main] INFO  server.AuthenticationFilter (AuthenticationFilter.java:constructSecretProvider(240)) - Unable to initialize FileSignerSecretProvider, falling back to use random secrets.
2019-09-26 16:53:43,421 [main] WARN  http.HttpRequestLog (HttpRequestLog.java:getRequestLog(97)) - Jetty request log can only be enabled using Log4j
2019-09-26 16:53:43,423 [main] INFO  http.HttpServer2 (HttpServer2.java:addGlobalFilter(975)) - Added global filter 'safety' (class=org.apache.hadoop.http.HttpServer2$QuotingInputFilter)
2019-09-26 16:53:43,424 [main] INFO  http.HttpServer2 (HttpServer2.java:addFilter(948)) - Added filter static_user_filter (class=org.apache.hadoop.http.lib.StaticUserWebFilter$StaticUserFilter) to context hddsDatanode
2019-09-26 16:53:43,424 [main] INFO  http.HttpServer2 (HttpServer2.java:addFilter(958)) - Added filter static_user_filter (class=org.apache.hadoop.http.lib.StaticUserWebFilter$StaticUserFilter) to context logs
2019-09-26 16:53:43,424 [main] INFO  http.HttpServer2 (HttpServer2.java:addFilter(958)) - Added filter static_user_filter (class=org.apache.hadoop.http.lib.StaticUserWebFilter$StaticUserFilter) to context static
2019-09-26 16:53:43,425 [main] INFO  http.HttpServer2 (HttpServer2.java:bindListener(1191)) - Jetty bound to port 44319
2019-09-26 16:53:43,425 [main] INFO  server.Server (Server.java:doStart(351)) - jetty-9.3.25.v20180904, build timestamp: 2018-09-04T21:11:46Z, git hash: 3ce520221d0240229c862b122d2b06c12a625732
2019-09-26 16:53:43,428 [main] INFO  handler.ContextHandler (ContextHandler.java:doStart(781)) - Started o.e.j.s.ServletContextHandler@67e13bd0{/logs,file:///workdir/hadoop-ozone/integration-test/target/log,AVAILABLE}
2019-09-26 16:53:43,429 [main] INFO  handler.ContextHandler (ContextHandler.java:doStart(781)) - Started o.e.j.s.ServletContextHandler@2cae9b8{/static,jar:file:/home/user/.m2/repository/org/apache/hadoop/hadoop-hdds-container-service/0.5.0-SNAPSHOT/hadoop-hdds-container-service-0.5.0-SNAPSHOT.jar!/webapps/static,AVAILABLE}
2019-09-26 16:53:43,465 [main] INFO  handler.ContextHandler (ContextHandler.java:doStart(781)) - Started o.e.j.w.WebAppContext@53cf9c99{/,file:///tmp/jetty-0.0.0.0-44319-hddsDatanode-_-any-6964690298417233891.dir/webapp/,AVAILABLE}{/hddsDatanode}
2019-09-26 16:53:43,465 [main] INFO  server.AbstractConnector (AbstractConnector.java:doStart(278)) - Started ServerConnector@7b306b9f{HTTP/1.1,[http/1.1]}{0.0.0.0:44319}
2019-09-26 16:53:43,467 [main] INFO  server.Server (Server.java:doStart(419)) - Started @5959ms
2019-09-26 16:53:43,467 [main] WARN  impl.MetricsSystemImpl (MetricsSystemImpl.java:register(276)) - Sink prometheus already exists!
2019-09-26 16:53:43,468 [main] INFO  server.BaseHttpServer (BaseHttpServer.java:updateConnectorAddress(215)) - HTTP server of HDDSDATANODE is listening at http://0.0.0.0:44319
2019-09-26 16:53:43,468 [main] INFO  impl.MetricsSystemImpl (MetricsSystemImpl.java:init(158)) - HddsDatanode metrics system started (again)
2019-09-26 16:53:43,473 [org.apache.hadoop.util.JvmPauseMonitor$Monitor@7e743aac] INFO  util.JvmPauseMonitor (JvmPauseMonitor.java:run(188)) - Starting JVM pause monitor
2019-09-26 16:53:43,474 [main] INFO  ozone.HddsDatanodeService (HddsDatanodeService.java:start(184)) - HddsDatanodeService host:pr-hdds-1569-g6sp5-2013761785 ip:192.168.151.99
2019-09-26 16:53:43,476 [Datanode State Machine Thread - 0] INFO  datanode.InitDatanodeState (InitDatanodeState.java:persistContainerDatanodeDetails(140)) - DatanodeDetails is persisted to /workdir/hadoop-ozone/integration-test/target/test-dir/MiniOzoneClusterImpl-fdc3d401-fab1-4968-a84f-12bf762e2bbf/datanode-4/meta/datanode.id
2019-09-26 16:53:43,484 [main] INFO  volume.HddsVolume (HddsVolume.java:<init>(176)) - Creating Volume: /workdir/hadoop-ozone/integration-test/target/test-dir/MiniOzoneClusterImpl-fdc3d401-fab1-4968-a84f-12bf762e2bbf/datanode-5/data/containers/hdds of  storage type : DISK and capacity : 1482555576320
2019-09-26 16:53:43,484 [main] INFO  volume.VolumeSet (VolumeSet.java:initializeVolumeSet(170)) - Added Volume : /workdir/hadoop-ozone/integration-test/target/test-dir/MiniOzoneClusterImpl-fdc3d401-fab1-4968-a84f-12bf762e2bbf/datanode-5/data/containers/hdds to VolumeSet
2019-09-26 16:53:43,485 [main] INFO  volume.ThrottledAsyncChecker (ThrottledAsyncChecker.java:schedule(139)) - Scheduling a check for org.apache.hadoop.ozone.container.common.volume.HddsVolume@f1d0004
2019-09-26 16:53:43,485 [main] INFO  volume.HddsVolumeChecker (HddsVolumeChecker.java:checkAllVolumes(202)) - Scheduled health check for volume org.apache.hadoop.ozone.container.common.volume.HddsVolume@f1d0004
2019-09-26 16:53:43,507 [main] INFO  impl.RaftServerProxy (ConfUtils.java:logGet(43)) - raft.rpc.type = GRPC (default)
2019-09-26 16:53:43,508 [main] INFO  grpc.GrpcFactory (GrpcFactory.java:checkPooledByteBufAllocatorUseCacheForAllThreads(45)) - PERFORMANCE WARNING: useCacheForAllThreads is true that may cause Netty to create a lot garbage objects and, as a result, trigger GC.
	It is recommended to disable useCacheForAllThreads by setting -Dorg.apache.ratis.thirdparty.io.netty.allocator.useCacheForAllThreads=false in command line.
2019-09-26 16:53:43,508 [main] INFO  grpc.GrpcConfigKeys$Server (ConfUtils.java:logGet(43)) - raft.grpc.server.port = 0 (default)
2019-09-26 16:53:43,509 [main] INFO  server.GrpcService (ConfUtils.java:logGet(43)) - raft.grpc.message.size.max = 33570816 (custom)
2019-09-26 16:53:43,509 [main] INFO  server.RaftServerConfigKeys (ConfUtils.java:logGet(43)) - raft.server.log.appender.buffer.byte-limit = 33554432 (custom)
2019-09-26 16:53:43,509 [main] INFO  server.GrpcService (ConfUtils.java:logGet(43)) - raft.grpc.flow.control.window = 1MB (=1048576) (default)
2019-09-26 16:53:43,510 [main] INFO  server.RaftServerConfigKeys (ConfUtils.java:logGet(43)) - raft.server.rpc.request.timeout = 3000ms (default)
2019-09-26 16:53:43,510 [main] INFO  server.RaftServerConfigKeys (ConfUtils.java:logGet(43)) - raft.server.storage.dir = [/workdir/hadoop-ozone/integration-test/target/test-dir/MiniOzoneClusterImpl-fdc3d401-fab1-4968-a84f-12bf762e2bbf/datanode-5/data/ratis] (custom)
2019-09-26 16:53:43,513 [main] INFO  hdfs.DFSUtil (DFSUtil.java:httpServerTemplateForNNAndJN(1641)) - Starting Web-server for hddsDatanode at: http://0.0.0.0:0
2019-09-26 16:53:43,515 [main] INFO  server.AuthenticationFilter (AuthenticationFilter.java:constructSecretProvider(240)) - Unable to initialize FileSignerSecretProvider, falling back to use random secrets.
2019-09-26 16:53:43,515 [main] WARN  http.HttpRequestLog (HttpRequestLog.java:getRequestLog(97)) - Jetty request log can only be enabled using Log4j
2019-09-26 16:53:43,517 [main] INFO  http.HttpServer2 (HttpServer2.java:addGlobalFilter(975)) - Added global filter 'safety' (class=org.apache.hadoop.http.HttpServer2$QuotingInputFilter)
2019-09-26 16:53:43,518 [main] INFO  http.HttpServer2 (HttpServer2.java:addFilter(948)) - Added filter static_user_filter (class=org.apache.hadoop.http.lib.StaticUserWebFilter$StaticUserFilter) to context hddsDatanode
2019-09-26 16:53:43,518 [main] INFO  http.HttpServer2 (HttpServer2.java:addFilter(958)) - Added filter static_user_filter (class=org.apache.hadoop.http.lib.StaticUserWebFilter$StaticUserFilter) to context logs
2019-09-26 16:53:43,518 [main] INFO  http.HttpServer2 (HttpServer2.java:addFilter(958)) - Added filter static_user_filter (class=org.apache.hadoop.http.lib.StaticUserWebFilter$StaticUserFilter) to context static
2019-09-26 16:53:43,519 [main] INFO  http.HttpServer2 (HttpServer2.java:bindListener(1191)) - Jetty bound to port 44678
2019-09-26 16:53:43,520 [main] INFO  server.Server (Server.java:doStart(351)) - jetty-9.3.25.v20180904, build timestamp: 2018-09-04T21:11:46Z, git hash: 3ce520221d0240229c862b122d2b06c12a625732
2019-09-26 16:53:43,522 [main] INFO  handler.ContextHandler (ContextHandler.java:doStart(781)) - Started o.e.j.s.ServletContextHandler@21505815{/logs,file:///workdir/hadoop-ozone/integration-test/target/log,AVAILABLE}
2019-09-26 16:53:43,523 [main] INFO  handler.ContextHandler (ContextHandler.java:doStart(781)) - Started o.e.j.s.ServletContextHandler@58fef7f7{/static,jar:file:/home/user/.m2/repository/org/apache/hadoop/hadoop-hdds-container-service/0.5.0-SNAPSHOT/hadoop-hdds-container-service-0.5.0-SNAPSHOT.jar!/webapps/static,AVAILABLE}
2019-09-26 16:53:43,560 [main] INFO  handler.ContextHandler (ContextHandler.java:doStart(781)) - Started o.e.j.w.WebAppContext@100c8b75{/,file:///tmp/jetty-0.0.0.0-44678-hddsDatanode-_-any-694969272282652237.dir/webapp/,AVAILABLE}{/hddsDatanode}
2019-09-26 16:53:43,561 [main] INFO  server.AbstractConnector (AbstractConnector.java:doStart(278)) - Started ServerConnector@2bc378f7{HTTP/1.1,[http/1.1]}{0.0.0.0:44678}
2019-09-26 16:53:43,562 [main] INFO  server.Server (Server.java:doStart(419)) - Started @6055ms
2019-09-26 16:53:43,563 [main] WARN  impl.MetricsSystemImpl (MetricsSystemImpl.java:register(276)) - Sink prometheus already exists!
2019-09-26 16:53:43,563 [main] INFO  server.BaseHttpServer (BaseHttpServer.java:updateConnectorAddress(215)) - HTTP server of HDDSDATANODE is listening at http://0.0.0.0:44678
2019-09-26 16:53:43,564 [main] INFO  impl.MetricsSystemImpl (MetricsSystemImpl.java:init(158)) - HddsDatanode metrics system started (again)
2019-09-26 16:53:43,568 [main] INFO  ozone.HddsDatanodeService (HddsDatanodeService.java:start(184)) - HddsDatanodeService host:pr-hdds-1569-g6sp5-2013761785 ip:192.168.151.99
2019-09-26 16:53:43,568 [org.apache.hadoop.util.JvmPauseMonitor$Monitor@15cf3a5f] INFO  util.JvmPauseMonitor (JvmPauseMonitor.java:run(188)) - Starting JVM pause monitor
2019-09-26 16:53:43,572 [Datanode State Machine Thread - 0] INFO  datanode.InitDatanodeState (InitDatanodeState.java:persistContainerDatanodeDetails(140)) - DatanodeDetails is persisted to /workdir/hadoop-ozone/integration-test/target/test-dir/MiniOzoneClusterImpl-fdc3d401-fab1-4968-a84f-12bf762e2bbf/datanode-5/meta/datanode.id
2019-09-26 16:53:43,577 [main] INFO  volume.HddsVolume (HddsVolume.java:<init>(176)) - Creating Volume: /workdir/hadoop-ozone/integration-test/target/test-dir/MiniOzoneClusterImpl-fdc3d401-fab1-4968-a84f-12bf762e2bbf/datanode-6/data/containers/hdds of  storage type : DISK and capacity : 1482555576320
2019-09-26 16:53:43,577 [main] INFO  volume.VolumeSet (VolumeSet.java:initializeVolumeSet(170)) - Added Volume : /workdir/hadoop-ozone/integration-test/target/test-dir/MiniOzoneClusterImpl-fdc3d401-fab1-4968-a84f-12bf762e2bbf/datanode-6/data/containers/hdds to VolumeSet
2019-09-26 16:53:43,578 [main] INFO  volume.ThrottledAsyncChecker (ThrottledAsyncChecker.java:schedule(139)) - Scheduling a check for org.apache.hadoop.ozone.container.common.volume.HddsVolume@ae2db25
2019-09-26 16:53:43,578 [main] INFO  volume.HddsVolumeChecker (HddsVolumeChecker.java:checkAllVolumes(202)) - Scheduled health check for volume org.apache.hadoop.ozone.container.common.volume.HddsVolume@ae2db25
2019-09-26 16:53:43,599 [main] INFO  impl.RaftServerProxy (ConfUtils.java:logGet(43)) - raft.rpc.type = GRPC (default)
2019-09-26 16:53:43,599 [main] INFO  grpc.GrpcFactory (GrpcFactory.java:checkPooledByteBufAllocatorUseCacheForAllThreads(45)) - PERFORMANCE WARNING: useCacheForAllThreads is true that may cause Netty to create a lot garbage objects and, as a result, trigger GC.
	It is recommended to disable useCacheForAllThreads by setting -Dorg.apache.ratis.thirdparty.io.netty.allocator.useCacheForAllThreads=false in command line.
2019-09-26 16:53:43,600 [main] INFO  grpc.GrpcConfigKeys$Server (ConfUtils.java:logGet(43)) - raft.grpc.server.port = 0 (default)
2019-09-26 16:53:43,600 [main] INFO  server.GrpcService (ConfUtils.java:logGet(43)) - raft.grpc.message.size.max = 33570816 (custom)
2019-09-26 16:53:43,601 [main] INFO  server.RaftServerConfigKeys (ConfUtils.java:logGet(43)) - raft.server.log.appender.buffer.byte-limit = 33554432 (custom)
2019-09-26 16:53:43,601 [main] INFO  server.GrpcService (ConfUtils.java:logGet(43)) - raft.grpc.flow.control.window = 1MB (=1048576) (default)
2019-09-26 16:53:43,601 [main] INFO  server.RaftServerConfigKeys (ConfUtils.java:logGet(43)) - raft.server.rpc.request.timeout = 3000ms (default)
2019-09-26 16:53:43,602 [main] INFO  server.RaftServerConfigKeys (ConfUtils.java:logGet(43)) - raft.server.storage.dir = [/workdir/hadoop-ozone/integration-test/target/test-dir/MiniOzoneClusterImpl-fdc3d401-fab1-4968-a84f-12bf762e2bbf/datanode-6/data/ratis] (custom)
2019-09-26 16:53:43,604 [main] INFO  hdfs.DFSUtil (DFSUtil.java:httpServerTemplateForNNAndJN(1641)) - Starting Web-server for hddsDatanode at: http://0.0.0.0:0
2019-09-26 16:53:43,606 [main] INFO  server.AuthenticationFilter (AuthenticationFilter.java:constructSecretProvider(240)) - Unable to initialize FileSignerSecretProvider, falling back to use random secrets.
2019-09-26 16:53:43,606 [main] WARN  http.HttpRequestLog (HttpRequestLog.java:getRequestLog(97)) - Jetty request log can only be enabled using Log4j
2019-09-26 16:53:43,608 [main] INFO  http.HttpServer2 (HttpServer2.java:addGlobalFilter(975)) - Added global filter 'safety' (class=org.apache.hadoop.http.HttpServer2$QuotingInputFilter)
2019-09-26 16:53:43,609 [main] INFO  http.HttpServer2 (HttpServer2.java:addFilter(948)) - Added filter static_user_filter (class=org.apache.hadoop.http.lib.StaticUserWebFilter$StaticUserFilter) to context hddsDatanode
2019-09-26 16:53:43,609 [main] INFO  http.HttpServer2 (HttpServer2.java:addFilter(958)) - Added filter static_user_filter (class=org.apache.hadoop.http.lib.StaticUserWebFilter$StaticUserFilter) to context logs
2019-09-26 16:53:43,609 [main] INFO  http.HttpServer2 (HttpServer2.java:addFilter(958)) - Added filter static_user_filter (class=org.apache.hadoop.http.lib.StaticUserWebFilter$StaticUserFilter) to context static
2019-09-26 16:53:43,610 [main] INFO  http.HttpServer2 (HttpServer2.java:bindListener(1191)) - Jetty bound to port 45640
2019-09-26 16:53:43,610 [main] INFO  server.Server (Server.java:doStart(351)) - jetty-9.3.25.v20180904, build timestamp: 2018-09-04T21:11:46Z, git hash: 3ce520221d0240229c862b122d2b06c12a625732
2019-09-26 16:53:43,612 [main] INFO  handler.ContextHandler (ContextHandler.java:doStart(781)) - Started o.e.j.s.ServletContextHandler@623ebac7{/logs,file:///workdir/hadoop-ozone/integration-test/target/log,AVAILABLE}
2019-09-26 16:53:43,613 [main] INFO  handler.ContextHandler (ContextHandler.java:doStart(781)) - Started o.e.j.s.ServletContextHandler@1ab5f08a{/static,jar:file:/home/user/.m2/repository/org/apache/hadoop/hadoop-hdds-container-service/0.5.0-SNAPSHOT/hadoop-hdds-container-service-0.5.0-SNAPSHOT.jar!/webapps/static,AVAILABLE}
2019-09-26 16:53:43,646 [main] INFO  handler.ContextHandler (ContextHandler.java:doStart(781)) - Started o.e.j.w.WebAppContext@26350ea2{/,file:///tmp/jetty-0.0.0.0-45640-hddsDatanode-_-any-305413502019031989.dir/webapp/,AVAILABLE}{/hddsDatanode}
2019-09-26 16:53:43,646 [main] INFO  server.AbstractConnector (AbstractConnector.java:doStart(278)) - Started ServerConnector@1e9469b8{HTTP/1.1,[http/1.1]}{0.0.0.0:45640}
2019-09-26 16:53:43,648 [main] INFO  server.Server (Server.java:doStart(419)) - Started @6140ms
2019-09-26 16:53:43,648 [main] WARN  impl.MetricsSystemImpl (MetricsSystemImpl.java:register(276)) - Sink prometheus already exists!
2019-09-26 16:53:43,649 [main] INFO  server.BaseHttpServer (BaseHttpServer.java:updateConnectorAddress(215)) - HTTP server of HDDSDATANODE is listening at http://0.0.0.0:45640
2019-09-26 16:53:43,652 [main] INFO  ozone.MiniOzoneClusterImpl (MiniOzoneClusterImpl.java:lambda$waitForClusterToBeReady$0(147)) - Waiting for cluster to be ready. Got 0 of 7 DN Heartbeats.
2019-09-26 16:53:43,653 [org.apache.hadoop.util.JvmPauseMonitor$Monitor@5e25eb7a] INFO  util.JvmPauseMonitor (JvmPauseMonitor.java:run(188)) - Starting JVM pause monitor
2019-09-26 16:53:43,657 [Datanode State Machine Thread - 0] INFO  datanode.InitDatanodeState (InitDatanodeState.java:persistContainerDatanodeDetails(140)) - DatanodeDetails is persisted to /workdir/hadoop-ozone/integration-test/target/test-dir/MiniOzoneClusterImpl-fdc3d401-fab1-4968-a84f-12bf762e2bbf/datanode-6/meta/datanode.id
2019-09-26 16:53:44,652 [main] INFO  ozone.MiniOzoneClusterImpl (MiniOzoneClusterImpl.java:lambda$waitForClusterToBeReady$0(147)) - Waiting for cluster to be ready. Got 0 of 7 DN Heartbeats.
2019-09-26 16:53:45,199 [Datanode State Machine Thread - 0] INFO  ozoneimpl.OzoneContainer (OzoneContainer.java:start(217)) - Attempting to start container services.
2019-09-26 16:53:45,203 [Datanode State Machine Thread - 0] INFO  ozoneimpl.OzoneContainer (OzoneContainer.java:startContainerScrub(179)) - Background container scanner has been disabled.
2019-09-26 16:53:45,203 [Datanode State Machine Thread - 0] INFO  ratis.XceiverServerRatis (XceiverServerRatis.java:start(411)) - Starting XceiverServerRatis deac9605-e739-4d95-8360-f57df793faca at port 0
2019-09-26 16:53:45,235 [Datanode State Machine Thread - 0] INFO  impl.RaftServerProxy (RaftServerProxy.java:lambda$start$3(299)) - deac9605-e739-4d95-8360-f57df793faca: start RPC server
2019-09-26 16:53:45,249 [Datanode State Machine Thread - 0] INFO  ozoneimpl.OzoneContainer (OzoneContainer.java:start(217)) - Attempting to start container services.
2019-09-26 16:53:45,257 [Datanode State Machine Thread - 0] INFO  ozoneimpl.OzoneContainer (OzoneContainer.java:startContainerScrub(179)) - Background container scanner has been disabled.
2019-09-26 16:53:45,257 [Datanode State Machine Thread - 0] INFO  ratis.XceiverServerRatis (XceiverServerRatis.java:start(411)) - Starting XceiverServerRatis 7fda706b-4e23-4e10-baba-12810c05fbbb at port 0
2019-09-26 16:53:45,268 [Datanode State Machine Thread - 0] INFO  impl.RaftServerProxy (RaftServerProxy.java:lambda$start$3(299)) - 7fda706b-4e23-4e10-baba-12810c05fbbb: start RPC server
2019-09-26 16:53:45,327 [Datanode State Machine Thread - 0] INFO  ozoneimpl.OzoneContainer (OzoneContainer.java:start(217)) - Attempting to start container services.
2019-09-26 16:53:45,333 [Datanode State Machine Thread - 0] INFO  ozoneimpl.OzoneContainer (OzoneContainer.java:startContainerScrub(179)) - Background container scanner has been disabled.
2019-09-26 16:53:45,333 [Datanode State Machine Thread - 0] INFO  ratis.XceiverServerRatis (XceiverServerRatis.java:start(411)) - Starting XceiverServerRatis 579334d3-7c10-42f4-b10c-e6c2267ece25 at port 0
2019-09-26 16:53:45,345 [Datanode State Machine Thread - 0] INFO  impl.RaftServerProxy (RaftServerProxy.java:lambda$start$3(299)) - 579334d3-7c10-42f4-b10c-e6c2267ece25: start RPC server
2019-09-26 16:53:45,406 [Datanode State Machine Thread - 0] INFO  ozoneimpl.OzoneContainer (OzoneContainer.java:start(217)) - Attempting to start container services.
2019-09-26 16:53:45,407 [Datanode State Machine Thread - 0] INFO  ozoneimpl.OzoneContainer (OzoneContainer.java:startContainerScrub(179)) - Background container scanner has been disabled.
2019-09-26 16:53:45,407 [Datanode State Machine Thread - 0] INFO  ratis.XceiverServerRatis (XceiverServerRatis.java:start(411)) - Starting XceiverServerRatis 5160ea40-cc48-41a9-a1d1-1151a36e77d8 at port 0
2019-09-26 16:53:45,429 [Datanode State Machine Thread - 0] INFO  impl.RaftServerProxy (RaftServerProxy.java:lambda$start$3(299)) - 5160ea40-cc48-41a9-a1d1-1151a36e77d8: start RPC server
2019-09-26 16:53:45,436 [Datanode State Machine Thread - 0] INFO  server.GrpcService (GrpcService.java:startImpl(158)) - 5160ea40-cc48-41a9-a1d1-1151a36e77d8: GrpcService started, listening on 0.0.0.0/0.0.0.0:45356
2019-09-26 16:53:45,436 [Datanode State Machine Thread - 0] INFO  server.GrpcService (GrpcService.java:startImpl(158)) - 7fda706b-4e23-4e10-baba-12810c05fbbb: GrpcService started, listening on 0.0.0.0/0.0.0.0:32897
2019-09-26 16:53:45,436 [Datanode State Machine Thread - 0] INFO  server.GrpcService (GrpcService.java:startImpl(158)) - 579334d3-7c10-42f4-b10c-e6c2267ece25: GrpcService started, listening on 0.0.0.0/0.0.0.0:34131
2019-09-26 16:53:45,436 [Datanode State Machine Thread - 0] INFO  server.GrpcService (GrpcService.java:startImpl(158)) - deac9605-e739-4d95-8360-f57df793faca: GrpcService started, listening on 0.0.0.0/0.0.0.0:46601
2019-09-26 16:53:45,437 [Datanode State Machine Thread - 0] INFO  ratis.XceiverServerRatis (XceiverServerRatis.java:start(421)) - XceiverServerRatis 579334d3-7c10-42f4-b10c-e6c2267ece25 is started using port 34131
2019-09-26 16:53:45,437 [Datanode State Machine Thread - 0] INFO  ratis.XceiverServerRatis (XceiverServerRatis.java:start(421)) - XceiverServerRatis 7fda706b-4e23-4e10-baba-12810c05fbbb is started using port 32897
2019-09-26 16:53:45,437 [Datanode State Machine Thread - 0] INFO  ratis.XceiverServerRatis (XceiverServerRatis.java:start(421)) - XceiverServerRatis 5160ea40-cc48-41a9-a1d1-1151a36e77d8 is started using port 45356
2019-09-26 16:53:45,438 [Datanode State Machine Thread - 0] INFO  ratis.XceiverServerRatis (XceiverServerRatis.java:start(421)) - XceiverServerRatis deac9605-e739-4d95-8360-f57df793faca is started using port 46601
2019-09-26 16:53:45,445 [Datanode State Machine Thread - 0] INFO  server.XceiverServerGrpc (XceiverServerGrpc.java:start(149)) - XceiverServerGrpc deac9605-e739-4d95-8360-f57df793faca is started using port 35886
2019-09-26 16:53:45,446 [Datanode State Machine Thread - 0] INFO  server.XceiverServerGrpc (XceiverServerGrpc.java:start(149)) - XceiverServerGrpc 579334d3-7c10-42f4-b10c-e6c2267ece25 is started using port 39607
2019-09-26 16:53:45,446 [Datanode State Machine Thread - 0] INFO  server.XceiverServerGrpc (XceiverServerGrpc.java:start(149)) - XceiverServerGrpc 7fda706b-4e23-4e10-baba-12810c05fbbb is started using port 42946
2019-09-26 16:53:45,445 [Datanode State Machine Thread - 0] INFO  server.XceiverServerGrpc (XceiverServerGrpc.java:start(149)) - XceiverServerGrpc 5160ea40-cc48-41a9-a1d1-1151a36e77d8 is started using port 39935
2019-09-26 16:53:45,509 [Datanode State Machine Thread - 0] INFO  ozoneimpl.OzoneContainer (OzoneContainer.java:start(217)) - Attempting to start container services.
2019-09-26 16:53:45,510 [Datanode State Machine Thread - 0] INFO  ozoneimpl.OzoneContainer (OzoneContainer.java:startContainerScrub(179)) - Background container scanner has been disabled.
2019-09-26 16:53:45,510 [Datanode State Machine Thread - 0] INFO  ratis.XceiverServerRatis (XceiverServerRatis.java:start(411)) - Starting XceiverServerRatis 862ec94c-cd2d-47b3-b563-7d6c2816cb58 at port 0
2019-09-26 16:53:45,518 [Datanode State Machine Thread - 0] INFO  impl.RaftServerProxy (RaftServerProxy.java:lambda$start$3(299)) - 862ec94c-cd2d-47b3-b563-7d6c2816cb58: start RPC server
2019-09-26 16:53:45,522 [Datanode State Machine Thread - 0] INFO  server.GrpcService (GrpcService.java:startImpl(158)) - 862ec94c-cd2d-47b3-b563-7d6c2816cb58: GrpcService started, listening on 0.0.0.0/0.0.0.0:36916
2019-09-26 16:53:45,522 [Datanode State Machine Thread - 0] INFO  ratis.XceiverServerRatis (XceiverServerRatis.java:start(421)) - XceiverServerRatis 862ec94c-cd2d-47b3-b563-7d6c2816cb58 is started using port 36916
2019-09-26 16:53:45,525 [Datanode State Machine Thread - 0] INFO  server.XceiverServerGrpc (XceiverServerGrpc.java:start(149)) - XceiverServerGrpc 862ec94c-cd2d-47b3-b563-7d6c2816cb58 is started using port 34113
2019-09-26 16:53:45,584 [Datanode State Machine Thread - 0] INFO  ozoneimpl.OzoneContainer (OzoneContainer.java:start(217)) - Attempting to start container services.
2019-09-26 16:53:45,584 [Datanode State Machine Thread - 0] INFO  ozoneimpl.OzoneContainer (OzoneContainer.java:startContainerScrub(179)) - Background container scanner has been disabled.
2019-09-26 16:53:45,584 [Datanode State Machine Thread - 0] INFO  ratis.XceiverServerRatis (XceiverServerRatis.java:start(411)) - Starting XceiverServerRatis d17cca1b-2e6b-48b2-8b1c-3559490fa529 at port 0
2019-09-26 16:53:45,593 [Datanode State Machine Thread - 0] INFO  impl.RaftServerProxy (RaftServerProxy.java:lambda$start$3(299)) - d17cca1b-2e6b-48b2-8b1c-3559490fa529: start RPC server
2019-09-26 16:53:45,599 [Datanode State Machine Thread - 0] INFO  server.GrpcService (GrpcService.java:startImpl(158)) - d17cca1b-2e6b-48b2-8b1c-3559490fa529: GrpcService started, listening on 0.0.0.0/0.0.0.0:40714
2019-09-26 16:53:45,599 [Datanode State Machine Thread - 0] INFO  ratis.XceiverServerRatis (XceiverServerRatis.java:start(421)) - XceiverServerRatis d17cca1b-2e6b-48b2-8b1c-3559490fa529 is started using port 40714
2019-09-26 16:53:45,602 [Datanode State Machine Thread - 0] INFO  server.XceiverServerGrpc (XceiverServerGrpc.java:start(149)) - XceiverServerGrpc d17cca1b-2e6b-48b2-8b1c-3559490fa529 is started using port 42899
2019-09-26 16:53:45,656 [main] INFO  ozone.MiniOzoneClusterImpl (MiniOzoneClusterImpl.java:lambda$waitForClusterToBeReady$0(147)) - Waiting for cluster to be ready. Got 0 of 7 DN Heartbeats.
2019-09-26 16:53:45,691 [Datanode State Machine Thread - 0] INFO  ozoneimpl.OzoneContainer (OzoneContainer.java:start(217)) - Attempting to start container services.
2019-09-26 16:53:45,692 [Datanode State Machine Thread - 0] INFO  ozoneimpl.OzoneContainer (OzoneContainer.java:startContainerScrub(179)) - Background container scanner has been disabled.
2019-09-26 16:53:45,692 [Datanode State Machine Thread - 0] INFO  ratis.XceiverServerRatis (XceiverServerRatis.java:start(411)) - Starting XceiverServerRatis 4a469c34-60df-4173-8d32-715e2ce97f5d at port 0
2019-09-26 16:53:45,702 [Datanode State Machine Thread - 0] INFO  impl.RaftServerProxy (RaftServerProxy.java:lambda$start$3(299)) - 4a469c34-60df-4173-8d32-715e2ce97f5d: start RPC server
2019-09-26 16:53:45,708 [Datanode State Machine Thread - 0] INFO  server.GrpcService (GrpcService.java:startImpl(158)) - 4a469c34-60df-4173-8d32-715e2ce97f5d: GrpcService started, listening on 0.0.0.0/0.0.0.0:42442
2019-09-26 16:53:45,709 [Datanode State Machine Thread - 0] INFO  ratis.XceiverServerRatis (XceiverServerRatis.java:start(421)) - XceiverServerRatis 4a469c34-60df-4173-8d32-715e2ce97f5d is started using port 42442
2019-09-26 16:53:45,713 [Datanode State Machine Thread - 0] INFO  server.XceiverServerGrpc (XceiverServerGrpc.java:start(149)) - XceiverServerGrpc 4a469c34-60df-4173-8d32-715e2ce97f5d is started using port 43589
2019-09-26 16:53:46,656 [main] INFO  ozone.MiniOzoneClusterImpl (MiniOzoneClusterImpl.java:lambda$waitForClusterToBeReady$0(147)) - Waiting for cluster to be ready. Got 0 of 7 DN Heartbeats.
2019-09-26 16:53:47,186 [IPC Server handler 15 on 37222] INFO  net.NetworkTopology (NetworkTopologyImpl.java:add(111)) - Added a new node: /default-rack/deac9605-e739-4d95-8360-f57df793faca
2019-09-26 16:53:47,187 [IPC Server handler 15 on 37222] INFO  node.SCMNodeManager (SCMNodeManager.java:register(266)) - Registered Data node : deac9605-e739-4d95-8360-f57df793faca{ip: 192.168.151.99, host: pr-hdds-1569-g6sp5-2013761785, networkLocation: /default-rack, certSerialId: null}
2019-09-26 16:53:47,193 [EventQueue-NodeRegistrationContainerReportForDataNodeSafeModeRule] INFO  safemode.SCMSafeModeManager (DataNodeSafeModeRule.java:process(71)) - SCM in safe mode. 1 DataNodes registered, 1 required.
2019-09-26 16:53:47,193 [EventQueue-NodeRegistrationContainerReportForDataNodeSafeModeRule] INFO  safemode.SCMSafeModeManager (SCMSafeModeManager.java:validateSafeModeExitRules(177)) - ScmSafeModeManager, all rules are successfully validated
2019-09-26 16:53:47,194 [EventQueue-NodeRegistrationContainerReportForDataNodeSafeModeRule] INFO  safemode.SCMSafeModeManager (SCMSafeModeManager.java:exitSafeMode(193)) - SCM exiting safe mode.
2019-09-26 16:53:47,233 [IPC Server handler 7 on 37222] INFO  net.NetworkTopology (NetworkTopologyImpl.java:add(111)) - Added a new node: /default-rack/7fda706b-4e23-4e10-baba-12810c05fbbb
2019-09-26 16:53:47,234 [IPC Server handler 7 on 37222] INFO  node.SCMNodeManager (SCMNodeManager.java:register(266)) - Registered Data node : 7fda706b-4e23-4e10-baba-12810c05fbbb{ip: 192.168.151.99, host: pr-hdds-1569-g6sp5-2013761785, networkLocation: /default-rack, certSerialId: null}
2019-09-26 16:53:47,315 [IPC Server handler 0 on 37222] INFO  net.NetworkTopology (NetworkTopologyImpl.java:add(111)) - Added a new node: /default-rack/579334d3-7c10-42f4-b10c-e6c2267ece25
2019-09-26 16:53:47,315 [IPC Server handler 0 on 37222] INFO  node.SCMNodeManager (SCMNodeManager.java:register(266)) - Registered Data node : 579334d3-7c10-42f4-b10c-e6c2267ece25{ip: 192.168.151.99, host: pr-hdds-1569-g6sp5-2013761785, networkLocation: /default-rack, certSerialId: null}
2019-09-26 16:53:47,393 [IPC Server handler 4 on 37222] INFO  net.NetworkTopology (NetworkTopologyImpl.java:add(111)) - Added a new node: /default-rack/5160ea40-cc48-41a9-a1d1-1151a36e77d8
2019-09-26 16:53:47,393 [IPC Server handler 4 on 37222] INFO  node.SCMNodeManager (SCMNodeManager.java:register(266)) - Registered Data node : 5160ea40-cc48-41a9-a1d1-1151a36e77d8{ip: 192.168.151.99, host: pr-hdds-1569-g6sp5-2013761785, networkLocation: /default-rack, certSerialId: null}
2019-09-26 16:53:47,477 [IPC Server handler 19 on 37222] INFO  net.NetworkTopology (NetworkTopologyImpl.java:add(111)) - Added a new node: /default-rack/862ec94c-cd2d-47b3-b563-7d6c2816cb58
2019-09-26 16:53:47,477 [IPC Server handler 19 on 37222] INFO  node.SCMNodeManager (SCMNodeManager.java:register(266)) - Registered Data node : 862ec94c-cd2d-47b3-b563-7d6c2816cb58{ip: 192.168.151.99, host: pr-hdds-1569-g6sp5-2013761785, networkLocation: /default-rack, certSerialId: null}
2019-09-26 16:53:47,572 [IPC Server handler 14 on 37222] INFO  net.NetworkTopology (NetworkTopologyImpl.java:add(111)) - Added a new node: /default-rack/d17cca1b-2e6b-48b2-8b1c-3559490fa529
2019-09-26 16:53:47,572 [IPC Server handler 14 on 37222] INFO  node.SCMNodeManager (SCMNodeManager.java:register(266)) - Registered Data node : d17cca1b-2e6b-48b2-8b1c-3559490fa529{ip: 192.168.151.99, host: pr-hdds-1569-g6sp5-2013761785, networkLocation: /default-rack, certSerialId: null}
2019-09-26 16:53:47,657 [main] INFO  ozone.MiniOzoneClusterImpl (MiniOzoneClusterImpl.java:lambda$waitForClusterToBeReady$0(147)) - Waiting for cluster to be ready. Got 6 of 7 DN Heartbeats.
2019-09-26 16:53:47,658 [IPC Server handler 15 on 37222] INFO  net.NetworkTopology (NetworkTopologyImpl.java:add(111)) - Added a new node: /default-rack/4a469c34-60df-4173-8d32-715e2ce97f5d
2019-09-26 16:53:47,659 [IPC Server handler 15 on 37222] INFO  node.SCMNodeManager (SCMNodeManager.java:register(266)) - Registered Data node : 4a469c34-60df-4173-8d32-715e2ce97f5d{ip: 192.168.151.99, host: pr-hdds-1569-g6sp5-2013761785, networkLocation: /default-rack, certSerialId: null}
2019-09-26 16:53:47,790 [grpc-default-executor-0] INFO  impl.RaftServerProxy (RaftServerProxy.java:addNew(89)) - deac9605-e739-4d95-8360-f57df793faca: addNew group-7D5DBA380806:[deac9605-e739-4d95-8360-f57df793faca:192.168.151.99:46601] returns group-7D5DBA380806:java.util.concurrent.CompletableFuture@56ca0ee0[Not completed]
2019-09-26 16:53:47,810 [pool-27-thread-1] INFO  impl.RaftServerImpl (RaftServerImpl.java:<init>(95)) - deac9605-e739-4d95-8360-f57df793faca: new RaftServerImpl for group-7D5DBA380806:[deac9605-e739-4d95-8360-f57df793faca:192.168.151.99:46601] with ContainerStateMachine:uninitialized
2019-09-26 16:53:47,813 [pool-27-thread-1] INFO  server.RaftServerConfigKeys (ConfUtils.java:logGet(43)) - raft.server.rpc.timeout.min = 5s (custom)
2019-09-26 16:53:47,818 [pool-27-thread-1] INFO  server.RaftServerConfigKeys (ConfUtils.java:logGet(43)) - raft.server.rpc.timeout.max = 5200ms (custom)
2019-09-26 16:53:47,819 [pool-27-thread-1] INFO  server.RaftServerConfigKeys (ConfUtils.java:logGet(43)) - raft.server.rpcslowness.timeout = 120s (custom)
2019-09-26 16:53:47,820 [pool-27-thread-1] INFO  server.RaftServerConfigKeys (ConfUtils.java:logGet(43)) - raft.server.sleep.deviation.threshold = 300 (default)
2019-09-26 16:53:47,821 [pool-27-thread-1] INFO  server.RaftServerConfigKeys (ConfUtils.java:logGet(43)) - raft.server.log.appender.install.snapshot.enabled = false (custom)
2019-09-26 16:53:47,832 [pool-27-thread-1] INFO  impl.RaftServerImpl (ServerState.java:<init>(103)) - deac9605-e739-4d95-8360-f57df793faca@group-7D5DBA380806: ConfigurationManager, init=-1: [deac9605-e739-4d95-8360-f57df793faca:192.168.151.99:46601], old=null, confs=<EMPTY_MAP>
2019-09-26 16:53:47,832 [pool-27-thread-1] INFO  server.RaftServerConfigKeys (ConfUtils.java:logGet(43)) - raft.server.storage.dir = [/workdir/hadoop-ozone/integration-test/target/test-dir/MiniOzoneClusterImpl-fdc3d401-fab1-4968-a84f-12bf762e2bbf/datanode-0/data/ratis] (custom)
2019-09-26 16:53:47,842 [pool-27-thread-1] INFO  storage.RaftStorageDirectory (RaftStorageDirectory.java:analyzeStorage(246)) - The storage directory /workdir/hadoop-ozone/integration-test/target/test-dir/MiniOzoneClusterImpl-fdc3d401-fab1-4968-a84f-12bf762e2bbf/datanode-0/data/ratis/d322bfde-385c-4b9f-a466-7d5dba380806 does not exist. Creating ...
2019-09-26 16:53:47,869 [pool-27-thread-1] INFO  storage.RaftStorageDirectory (RaftStorageDirectory.java:tryLock(328)) - Lock on /workdir/hadoop-ozone/integration-test/target/test-dir/MiniOzoneClusterImpl-fdc3d401-fab1-4968-a84f-12bf762e2bbf/datanode-0/data/ratis/d322bfde-385c-4b9f-a466-7d5dba380806/in_use.lock acquired by nodename 15096@pr-hdds-1569-g6sp5-2013761785
2019-09-26 16:53:47,884 [pool-27-thread-1] INFO  storage.RaftStorage (RaftStorage.java:format(72)) - Storage directory /workdir/hadoop-ozone/integration-test/target/test-dir/MiniOzoneClusterImpl-fdc3d401-fab1-4968-a84f-12bf762e2bbf/datanode-0/data/ratis/d322bfde-385c-4b9f-a466-7d5dba380806 has been successfully formatted.
2019-09-26 16:53:47,886 [pool-27-thread-1] INFO  ratis.ContainerStateMachine (ContainerStateMachine.java:loadSnapshot(230)) - group-7D5DBA380806: The snapshot info is null. Setting the last applied indexto:(t:0, i:~)
2019-09-26 16:53:47,886 [pool-27-thread-1] INFO  server.RaftServerConfigKeys (ConfUtils.java:logGet(43)) - raft.server.notification.no-leader.timeout = 120s (custom)
2019-09-26 16:53:47,889 [pool-27-thread-1] INFO  server.RaftServerConfigKeys (ConfUtils.java:logGet(43)) - raft.server.log.use.memory = false (default)
2019-09-26 16:53:47,895 [pool-27-thread-1] INFO  server.RaftServerConfigKeys (ConfUtils.java:logGet(43)) - raft.server.log.purge.gap = 1000000 (custom)
2019-09-26 16:53:47,895 [pool-27-thread-1] INFO  server.RaftServerConfigKeys (ConfUtils.java:logGet(43)) - raft.server.log.appender.buffer.byte-limit = 33554432 (custom)
2019-09-26 16:53:47,898 [pool-27-thread-1] INFO  server.RaftServerConfigKeys (ConfUtils.java:logGet(43)) - raft.server.log.segment.size.max = 1048576 (custom)
2019-09-26 16:53:47,903 [pool-27-thread-1] INFO  server.RaftServerConfigKeys (ConfUtils.java:logGet(43)) - raft.server.log.segment.cache.num.max = 2 (custom)
2019-09-26 16:53:47,909 [pool-27-thread-1] INFO  segmented.SegmentedRaftLogWorker (SegmentedRaftLogWorker.java:<init>(172)) - new deac9605-e739-4d95-8360-f57df793faca@group-7D5DBA380806-SegmentedRaftLogWorker for RaftStorage:Storage Directory /workdir/hadoop-ozone/integration-test/target/test-dir/MiniOzoneClusterImpl-fdc3d401-fab1-4968-a84f-12bf762e2bbf/datanode-0/data/ratis/d322bfde-385c-4b9f-a466-7d5dba380806
2019-09-26 16:53:47,911 [pool-27-thread-1] INFO  impl.MetricsSystemImpl (MetricsSystemImpl.java:init(158)) - ratis metrics system started (again)
2019-09-26 16:53:47,918 [pool-27-thread-1] INFO  metrics.MetricRegistries (MetricRegistriesLoader.java:load(64)) - Loaded MetricRegistries class org.apache.ratis.metrics.impl.MetricRegistriesImpl
2019-09-26 16:53:47,952 [pool-27-thread-1] INFO  server.RaftServerConfigKeys (ConfUtils.java:logGet(43)) - raft.server.log.queue.byte-limit = 2147483647 (custom)
2019-09-26 16:53:47,952 [pool-27-thread-1] INFO  server.RaftServerConfigKeys (ConfUtils.java:logGet(43)) - raft.server.log.queue.element-limit = 1024 (custom)
2019-09-26 16:53:47,955 [pool-27-thread-1] INFO  server.RaftServerConfigKeys (ConfUtils.java:logGet(43)) - raft.server.log.segment.size.max = 1048576 (custom)
2019-09-26 16:53:47,956 [pool-27-thread-1] INFO  server.RaftServerConfigKeys (ConfUtils.java:logGet(43)) - raft.server.log.preallocated.size = 16384 (custom)
2019-09-26 16:53:47,956 [pool-27-thread-1] INFO  server.RaftServerConfigKeys (ConfUtils.java:logGet(43)) - raft.server.log.write.buffer.size = 33554432 (custom)
2019-09-26 16:53:47,957 [pool-27-thread-1] INFO  server.RaftServerConfigKeys (ConfUtils.java:logGet(43)) - raft.server.log.force.sync.num = 128 (default)
2019-09-26 16:53:47,957 [pool-27-thread-1] INFO  server.RaftServerConfigKeys (ConfUtils.java:logGet(43)) - raft.server.log.statemachine.data.sync = true (default)
2019-09-26 16:53:47,958 [pool-27-thread-1] INFO  server.RaftServerConfigKeys (ConfUtils.java:logGet(43)) - raft.server.log.statemachine.data.sync.timeout = 10s (default)
2019-09-26 16:53:47,958 [pool-27-thread-1] INFO  server.RaftServerConfigKeys (ConfUtils.java:logGet(43)) - raft.server.log.statemachine.data.sync.timeout.retry = -1 (default)
2019-09-26 16:53:47,966 [pool-27-thread-1] INFO  server.RaftServerConfigKeys (ConfUtils.java:logGet(43)) - raft.server.log.statemachine.data.caching.enabled = true (custom)
2019-09-26 16:53:47,971 [pool-27-thread-1] INFO  segmented.SegmentedRaftLogWorker (SegmentedRaftLogWorker.java:lambda$new$0(132)) - deac9605-e739-4d95-8360-f57df793faca@group-7D5DBA380806-SegmentedRaftLogWorker: flushIndex: setUnconditionally 0 -> -1
2019-09-26 16:53:47,975 [pool-27-thread-1] INFO  server.RaftServerConfigKeys (ConfUtils.java:logGet(43)) - raft.server.snapshot.auto.trigger.enabled = true (custom)
2019-09-26 16:53:47,976 [pool-27-thread-1] INFO  server.RaftServerConfigKeys (ConfUtils.java:logGet(43)) - raft.server.snapshot.auto.trigger.threshold = 10000 (custom)
2019-09-26 16:53:47,976 [pool-27-thread-1] INFO  server.RaftServerConfigKeys (ConfUtils.java:logGet(43)) - raft.server.snapshot.retention.num.files = 5 (custom)
2019-09-26 16:53:47,977 [pool-27-thread-1] INFO  server.RaftServerConfigKeys (ConfUtils.java:logGet(43)) - raft.server.retrycache.expirytime = 600000ms (custom)
2019-09-26 16:53:48,003 [pool-27-thread-1] INFO  impl.RaftServerImpl (RaftServerImpl.java:start(185)) - deac9605-e739-4d95-8360-f57df793faca@group-7D5DBA380806: start as a follower, conf=-1: [deac9605-e739-4d95-8360-f57df793faca:192.168.151.99:46601], old=null
2019-09-26 16:53:48,004 [pool-27-thread-1] INFO  impl.RaftServerImpl (RaftServerImpl.java:setRole(174)) - deac9605-e739-4d95-8360-f57df793faca@group-7D5DBA380806: changes role from      null to FOLLOWER at term 0 for startAsFollower
2019-09-26 16:53:48,005 [pool-27-thread-1] INFO  impl.RoleInfo (RoleInfo.java:updateAndGet(143)) - deac9605-e739-4d95-8360-f57df793faca: start FollowerState
2019-09-26 16:53:48,007 [pool-27-thread-1] INFO  util.JmxRegister (JmxRegister.java:tryRegister(44)) - Successfully registered JMX Bean with object name Ratis:service=RaftServer,group=group-7D5DBA380806,id=deac9605-e739-4d95-8360-f57df793faca
2019-09-26 16:53:48,078 [RatisPipelineUtilsThread] INFO  pipeline.PipelineStateManager (PipelineStateManager.java:addPipeline(56)) - Created pipeline Pipeline[ Id: d322bfde-385c-4b9f-a466-7d5dba380806, Nodes: deac9605-e739-4d95-8360-f57df793faca{ip: 192.168.151.99, host: pr-hdds-1569-g6sp5-2013761785, networkLocation: /default-rack, certSerialId: null}, Type:RATIS, Factor:ONE, State:OPEN]
2019-09-26 16:53:48,111 [grpc-default-executor-0] INFO  impl.RaftServerProxy (RaftServerProxy.java:addNew(89)) - 5160ea40-cc48-41a9-a1d1-1151a36e77d8: addNew group-34D384457479:[5160ea40-cc48-41a9-a1d1-1151a36e77d8:192.168.151.99:45356] returns group-34D384457479:java.util.concurrent.CompletableFuture@148232af[Not completed]
2019-09-26 16:53:48,175 [pool-57-thread-1] INFO  impl.RaftServerImpl (RaftServerImpl.java:<init>(95)) - 5160ea40-cc48-41a9-a1d1-1151a36e77d8: new RaftServerImpl for group-34D384457479:[5160ea40-cc48-41a9-a1d1-1151a36e77d8:192.168.151.99:45356] with ContainerStateMachine:uninitialized
2019-09-26 16:53:48,177 [pool-57-thread-1] INFO  server.RaftServerConfigKeys (ConfUtils.java:logGet(43)) - raft.server.rpc.timeout.min = 5s (custom)
2019-09-26 16:53:48,177 [pool-57-thread-1] INFO  server.RaftServerConfigKeys (ConfUtils.java:logGet(43)) - raft.server.rpc.timeout.max = 5200ms (custom)
2019-09-26 16:53:48,178 [pool-57-thread-1] INFO  server.RaftServerConfigKeys (ConfUtils.java:logGet(43)) - raft.server.rpcslowness.timeout = 120s (custom)
2019-09-26 16:53:48,178 [pool-57-thread-1] INFO  server.RaftServerConfigKeys (ConfUtils.java:logGet(43)) - raft.server.sleep.deviation.threshold = 300 (default)
2019-09-26 16:53:48,178 [pool-57-thread-1] INFO  server.RaftServerConfigKeys (ConfUtils.java:logGet(43)) - raft.server.log.appender.install.snapshot.enabled = false (custom)
2019-09-26 16:53:48,178 [pool-57-thread-1] INFO  impl.RaftServerImpl (ServerState.java:<init>(103)) - 5160ea40-cc48-41a9-a1d1-1151a36e77d8@group-34D384457479: ConfigurationManager, init=-1: [5160ea40-cc48-41a9-a1d1-1151a36e77d8:192.168.151.99:45356], old=null, confs=<EMPTY_MAP>
2019-09-26 16:53:48,179 [pool-57-thread-1] INFO  server.RaftServerConfigKeys (ConfUtils.java:logGet(43)) - raft.server.storage.dir = [/workdir/hadoop-ozone/integration-test/target/test-dir/MiniOzoneClusterImpl-fdc3d401-fab1-4968-a84f-12bf762e2bbf/datanode-3/data/ratis] (custom)
2019-09-26 16:53:48,180 [pool-57-thread-1] INFO  storage.RaftStorageDirectory (RaftStorageDirectory.java:analyzeStorage(246)) - The storage directory /workdir/hadoop-ozone/integration-test/target/test-dir/MiniOzoneClusterImpl-fdc3d401-fab1-4968-a84f-12bf762e2bbf/datanode-3/data/ratis/38176a3a-7986-4ec8-b2bc-34d384457479 does not exist. Creating ...
2019-09-26 16:53:48,195 [pool-57-thread-1] INFO  storage.RaftStorageDirectory (RaftStorageDirectory.java:tryLock(328)) - Lock on /workdir/hadoop-ozone/integration-test/target/test-dir/MiniOzoneClusterImpl-fdc3d401-fab1-4968-a84f-12bf762e2bbf/datanode-3/data/ratis/38176a3a-7986-4ec8-b2bc-34d384457479/in_use.lock acquired by nodename 15096@pr-hdds-1569-g6sp5-2013761785
2019-09-26 16:53:48,207 [pool-57-thread-1] INFO  storage.RaftStorage (RaftStorage.java:format(72)) - Storage directory /workdir/hadoop-ozone/integration-test/target/test-dir/MiniOzoneClusterImpl-fdc3d401-fab1-4968-a84f-12bf762e2bbf/datanode-3/data/ratis/38176a3a-7986-4ec8-b2bc-34d384457479 has been successfully formatted.
2019-09-26 16:53:48,209 [pool-57-thread-1] INFO  ratis.ContainerStateMachine (ContainerStateMachine.java:loadSnapshot(230)) - group-34D384457479: The snapshot info is null. Setting the last applied indexto:(t:0, i:~)
2019-09-26 16:53:48,211 [pool-57-thread-1] INFO  server.RaftServerConfigKeys (ConfUtils.java:logGet(43)) - raft.server.notification.no-leader.timeout = 120s (custom)
2019-09-26 16:53:48,211 [pool-57-thread-1] INFO  server.RaftServerConfigKeys (ConfUtils.java:logGet(43)) - raft.server.log.use.memory = false (default)
2019-09-26 16:53:48,211 [pool-57-thread-1] INFO  server.RaftServerConfigKeys (ConfUtils.java:logGet(43)) - raft.server.log.purge.gap = 1000000 (custom)
2019-09-26 16:53:48,212 [pool-57-thread-1] INFO  server.RaftServerConfigKeys (ConfUtils.java:logGet(43)) - raft.server.log.appender.buffer.byte-limit = 33554432 (custom)
2019-09-26 16:53:48,212 [pool-57-thread-1] INFO  server.RaftServerConfigKeys (ConfUtils.java:logGet(43)) - raft.server.log.segment.size.max = 1048576 (custom)
2019-09-26 16:53:48,212 [pool-57-thread-1] INFO  server.RaftServerConfigKeys (ConfUtils.java:logGet(43)) - raft.server.log.segment.cache.num.max = 2 (custom)
2019-09-26 16:53:48,213 [pool-57-thread-1] INFO  segmented.SegmentedRaftLogWorker (SegmentedRaftLogWorker.java:<init>(172)) - new 5160ea40-cc48-41a9-a1d1-1151a36e77d8@group-34D384457479-SegmentedRaftLogWorker for RaftStorage:Storage Directory /workdir/hadoop-ozone/integration-test/target/test-dir/MiniOzoneClusterImpl-fdc3d401-fab1-4968-a84f-12bf762e2bbf/datanode-3/data/ratis/38176a3a-7986-4ec8-b2bc-34d384457479
2019-09-26 16:53:48,220 [pool-57-thread-1] INFO  server.RaftServerConfigKeys (ConfUtils.java:logGet(43)) - raft.server.log.queue.byte-limit = 2147483647 (custom)
2019-09-26 16:53:48,221 [pool-57-thread-1] INFO  server.RaftServerConfigKeys (ConfUtils.java:logGet(43)) - raft.server.log.queue.element-limit = 1024 (custom)
2019-09-26 16:53:48,221 [pool-57-thread-1] INFO  server.RaftServerConfigKeys (ConfUtils.java:logGet(43)) - raft.server.log.segment.size.max = 1048576 (custom)
2019-09-26 16:53:48,221 [pool-57-thread-1] INFO  server.RaftServerConfigKeys (ConfUtils.java:logGet(43)) - raft.server.log.preallocated.size = 16384 (custom)
2019-09-26 16:53:48,221 [pool-57-thread-1] INFO  server.RaftServerConfigKeys (ConfUtils.java:logGet(43)) - raft.server.log.write.buffer.size = 33554432 (custom)
2019-09-26 16:53:48,221 [pool-57-thread-1] INFO  server.RaftServerConfigKeys (ConfUtils.java:logGet(43)) - raft.server.log.force.sync.num = 128 (default)
2019-09-26 16:53:48,222 [pool-57-thread-1] INFO  server.RaftServerConfigKeys (ConfUtils.java:logGet(43)) - raft.server.log.statemachine.data.sync = true (default)
2019-09-26 16:53:48,222 [pool-57-thread-1] INFO  server.RaftServerConfigKeys (ConfUtils.java:logGet(43)) - raft.server.log.statemachine.data.sync.timeout = 10s (default)
2019-09-26 16:53:48,222 [pool-57-thread-1] INFO  server.RaftServerConfigKeys (ConfUtils.java:logGet(43)) - raft.server.log.statemachine.data.sync.timeout.retry = -1 (default)
2019-09-26 16:53:48,222 [pool-57-thread-1] INFO  server.RaftServerConfigKeys (ConfUtils.java:logGet(43)) - raft.server.log.statemachine.data.caching.enabled = true (custom)
2019-09-26 16:53:48,223 [pool-57-thread-1] INFO  segmented.SegmentedRaftLogWorker (SegmentedRaftLogWorker.java:lambda$new$0(132)) - 5160ea40-cc48-41a9-a1d1-1151a36e77d8@group-34D384457479-SegmentedRaftLogWorker: flushIndex: setUnconditionally 0 -> -1
2019-09-26 16:53:48,223 [pool-57-thread-1] INFO  server.RaftServerConfigKeys (ConfUtils.java:logGet(43)) - raft.server.snapshot.auto.trigger.enabled = true (custom)
2019-09-26 16:53:48,223 [pool-57-thread-1] INFO  server.RaftServerConfigKeys (ConfUtils.java:logGet(43)) - raft.server.snapshot.auto.trigger.threshold = 10000 (custom)
2019-09-26 16:53:48,223 [pool-57-thread-1] INFO  server.RaftServerConfigKeys (ConfUtils.java:logGet(43)) - raft.server.snapshot.retention.num.files = 5 (custom)
2019-09-26 16:53:48,224 [pool-57-thread-1] INFO  server.RaftServerConfigKeys (ConfUtils.java:logGet(43)) - raft.server.retrycache.expirytime = 600000ms (custom)
2019-09-26 16:53:48,229 [pool-57-thread-1] INFO  impl.RaftServerImpl (RaftServerImpl.java:start(185)) - 5160ea40-cc48-41a9-a1d1-1151a36e77d8@group-34D384457479: start as a follower, conf=-1: [5160ea40-cc48-41a9-a1d1-1151a36e77d8:192.168.151.99:45356], old=null
2019-09-26 16:53:48,229 [pool-57-thread-1] INFO  impl.RaftServerImpl (RaftServerImpl.java:setRole(174)) - 5160ea40-cc48-41a9-a1d1-1151a36e77d8@group-34D384457479: changes role from      null to FOLLOWER at term 0 for startAsFollower
2019-09-26 16:53:48,229 [pool-57-thread-1] INFO  impl.RoleInfo (RoleInfo.java:updateAndGet(143)) - 5160ea40-cc48-41a9-a1d1-1151a36e77d8: start FollowerState
2019-09-26 16:53:48,231 [pool-57-thread-1] INFO  util.JmxRegister (JmxRegister.java:tryRegister(44)) - Successfully registered JMX Bean with object name Ratis:service=RaftServer,group=group-34D384457479,id=5160ea40-cc48-41a9-a1d1-1151a36e77d8
2019-09-26 16:53:48,249 [RatisPipelineUtilsThread] INFO  pipeline.PipelineStateManager (PipelineStateManager.java:addPipeline(56)) - Created pipeline Pipeline[ Id: 38176a3a-7986-4ec8-b2bc-34d384457479, Nodes: 5160ea40-cc48-41a9-a1d1-1151a36e77d8{ip: 192.168.151.99, host: pr-hdds-1569-g6sp5-2013761785, networkLocation: /default-rack, certSerialId: null}, Type:RATIS, Factor:ONE, State:OPEN]
2019-09-26 16:53:48,280 [grpc-default-executor-0] INFO  impl.RaftServerProxy (RaftServerProxy.java:addNew(89)) - 862ec94c-cd2d-47b3-b563-7d6c2816cb58: addNew group-30CD5A3A4D1D:[862ec94c-cd2d-47b3-b563-7d6c2816cb58:192.168.151.99:36916] returns group-30CD5A3A4D1D:java.util.concurrent.CompletableFuture@477384c8[Not completed]
2019-09-26 16:53:48,315 [pool-67-thread-1] INFO  impl.RaftServerImpl (RaftServerImpl.java:<init>(95)) - 862ec94c-cd2d-47b3-b563-7d6c2816cb58: new RaftServerImpl for group-30CD5A3A4D1D:[862ec94c-cd2d-47b3-b563-7d6c2816cb58:192.168.151.99:36916] with ContainerStateMachine:uninitialized
2019-09-26 16:53:48,315 [pool-67-thread-1] INFO  server.RaftServerConfigKeys (ConfUtils.java:logGet(43)) - raft.server.rpc.timeout.min = 5s (custom)
2019-09-26 16:53:48,315 [pool-67-thread-1] INFO  server.RaftServerConfigKeys (ConfUtils.java:logGet(43)) - raft.server.rpc.timeout.max = 5200ms (custom)
2019-09-26 16:53:48,316 [pool-67-thread-1] INFO  server.RaftServerConfigKeys (ConfUtils.java:logGet(43)) - raft.server.rpcslowness.timeout = 120s (custom)
2019-09-26 16:53:48,316 [pool-67-thread-1] INFO  server.RaftServerConfigKeys (ConfUtils.java:logGet(43)) - raft.server.sleep.deviation.threshold = 300 (default)
2019-09-26 16:53:48,316 [pool-67-thread-1] INFO  server.RaftServerConfigKeys (ConfUtils.java:logGet(43)) - raft.server.log.appender.install.snapshot.enabled = false (custom)
2019-09-26 16:53:48,316 [pool-67-thread-1] INFO  impl.RaftServerImpl (ServerState.java:<init>(103)) - 862ec94c-cd2d-47b3-b563-7d6c2816cb58@group-30CD5A3A4D1D: ConfigurationManager, init=-1: [862ec94c-cd2d-47b3-b563-7d6c2816cb58:192.168.151.99:36916], old=null, confs=<EMPTY_MAP>
2019-09-26 16:53:48,316 [pool-67-thread-1] INFO  server.RaftServerConfigKeys (ConfUtils.java:logGet(43)) - raft.server.storage.dir = [/workdir/hadoop-ozone/integration-test/target/test-dir/MiniOzoneClusterImpl-fdc3d401-fab1-4968-a84f-12bf762e2bbf/datanode-4/data/ratis] (custom)
2019-09-26 16:53:48,317 [pool-67-thread-1] INFO  storage.RaftStorageDirectory (RaftStorageDirectory.java:analyzeStorage(246)) - The storage directory /workdir/hadoop-ozone/integration-test/target/test-dir/MiniOzoneClusterImpl-fdc3d401-fab1-4968-a84f-12bf762e2bbf/datanode-4/data/ratis/b999ee43-1850-457d-8a56-30cd5a3a4d1d does not exist. Creating ...
2019-09-26 16:53:48,332 [pool-67-thread-1] INFO  storage.RaftStorageDirectory (RaftStorageDirectory.java:tryLock(328)) - Lock on /workdir/hadoop-ozone/integration-test/target/test-dir/MiniOzoneClusterImpl-fdc3d401-fab1-4968-a84f-12bf762e2bbf/datanode-4/data/ratis/b999ee43-1850-457d-8a56-30cd5a3a4d1d/in_use.lock acquired by nodename 15096@pr-hdds-1569-g6sp5-2013761785
2019-09-26 16:53:48,346 [pool-67-thread-1] INFO  storage.RaftStorage (RaftStorage.java:format(72)) - Storage directory /workdir/hadoop-ozone/integration-test/target/test-dir/MiniOzoneClusterImpl-fdc3d401-fab1-4968-a84f-12bf762e2bbf/datanode-4/data/ratis/b999ee43-1850-457d-8a56-30cd5a3a4d1d has been successfully formatted.
2019-09-26 16:53:48,347 [pool-67-thread-1] INFO  ratis.ContainerStateMachine (ContainerStateMachine.java:loadSnapshot(230)) - group-30CD5A3A4D1D: The snapshot info is null. Setting the last applied indexto:(t:0, i:~)
2019-09-26 16:53:48,347 [pool-67-thread-1] INFO  server.RaftServerConfigKeys (ConfUtils.java:logGet(43)) - raft.server.notification.no-leader.timeout = 120s (custom)
2019-09-26 16:53:48,347 [pool-67-thread-1] INFO  server.RaftServerConfigKeys (ConfUtils.java:logGet(43)) - raft.server.log.use.memory = false (default)
2019-09-26 16:53:48,347 [pool-67-thread-1] INFO  server.RaftServerConfigKeys (ConfUtils.java:logGet(43)) - raft.server.log.purge.gap = 1000000 (custom)
2019-09-26 16:53:48,348 [pool-67-thread-1] INFO  server.RaftServerConfigKeys (ConfUtils.java:logGet(43)) - raft.server.log.appender.buffer.byte-limit = 33554432 (custom)
2019-09-26 16:53:48,348 [pool-67-thread-1] INFO  server.RaftServerConfigKeys (ConfUtils.java:logGet(43)) - raft.server.log.segment.size.max = 1048576 (custom)
2019-09-26 16:53:48,348 [pool-67-thread-1] INFO  server.RaftServerConfigKeys (ConfUtils.java:logGet(43)) - raft.server.log.segment.cache.num.max = 2 (custom)
2019-09-26 16:53:48,348 [pool-67-thread-1] INFO  segmented.SegmentedRaftLogWorker (SegmentedRaftLogWorker.java:<init>(172)) - new 862ec94c-cd2d-47b3-b563-7d6c2816cb58@group-30CD5A3A4D1D-SegmentedRaftLogWorker for RaftStorage:Storage Directory /workdir/hadoop-ozone/integration-test/target/test-dir/MiniOzoneClusterImpl-fdc3d401-fab1-4968-a84f-12bf762e2bbf/datanode-4/data/ratis/b999ee43-1850-457d-8a56-30cd5a3a4d1d
2019-09-26 16:53:48,393 [pool-67-thread-1] INFO  server.RaftServerConfigKeys (ConfUtils.java:logGet(43)) - raft.server.log.queue.byte-limit = 2147483647 (custom)
2019-09-26 16:53:48,393 [pool-67-thread-1] INFO  server.RaftServerConfigKeys (ConfUtils.java:logGet(43)) - raft.server.log.queue.element-limit = 1024 (custom)
2019-09-26 16:53:48,393 [pool-67-thread-1] INFO  server.RaftServerConfigKeys (ConfUtils.java:logGet(43)) - raft.server.log.segment.size.max = 1048576 (custom)
2019-09-26 16:53:48,393 [pool-67-thread-1] INFO  server.RaftServerConfigKeys (ConfUtils.java:logGet(43)) - raft.server.log.preallocated.size = 16384 (custom)
2019-09-26 16:53:48,393 [pool-67-thread-1] INFO  server.RaftServerConfigKeys (ConfUtils.java:logGet(43)) - raft.server.log.write.buffer.size = 33554432 (custom)
2019-09-26 16:53:48,394 [pool-67-thread-1] INFO  server.RaftServerConfigKeys (ConfUtils.java:logGet(43)) - raft.server.log.force.sync.num = 128 (default)
2019-09-26 16:53:48,394 [pool-67-thread-1] INFO  server.RaftServerConfigKeys (ConfUtils.java:logGet(43)) - raft.server.log.statemachine.data.sync = true (default)
2019-09-26 16:53:48,394 [pool-67-thread-1] INFO  server.RaftServerConfigKeys (ConfUtils.java:logGet(43)) - raft.server.log.statemachine.data.sync.timeout = 10s (default)
2019-09-26 16:53:48,394 [pool-67-thread-1] INFO  server.RaftServerConfigKeys (ConfUtils.java:logGet(43)) - raft.server.log.statemachine.data.sync.timeout.retry = -1 (default)
2019-09-26 16:53:48,394 [pool-67-thread-1] INFO  server.RaftServerConfigKeys (ConfUtils.java:logGet(43)) - raft.server.log.statemachine.data.caching.enabled = true (custom)
2019-09-26 16:53:48,395 [pool-67-thread-1] INFO  segmented.SegmentedRaftLogWorker (SegmentedRaftLogWorker.java:lambda$new$0(132)) - 862ec94c-cd2d-47b3-b563-7d6c2816cb58@group-30CD5A3A4D1D-SegmentedRaftLogWorker: flushIndex: setUnconditionally 0 -> -1
2019-09-26 16:53:48,395 [pool-67-thread-1] INFO  server.RaftServerConfigKeys (ConfUtils.java:logGet(43)) - raft.server.snapshot.auto.trigger.enabled = true (custom)
2019-09-26 16:53:48,395 [pool-67-thread-1] INFO  server.RaftServerConfigKeys (ConfUtils.java:logGet(43)) - raft.server.snapshot.auto.trigger.threshold = 10000 (custom)
2019-09-26 16:53:48,396 [pool-67-thread-1] INFO  server.RaftServerConfigKeys (ConfUtils.java:logGet(43)) - raft.server.snapshot.retention.num.files = 5 (custom)
2019-09-26 16:53:48,396 [pool-67-thread-1] INFO  server.RaftServerConfigKeys (ConfUtils.java:logGet(43)) - raft.server.retrycache.expirytime = 600000ms (custom)
2019-09-26 16:53:48,400 [pool-67-thread-1] INFO  impl.RaftServerImpl (RaftServerImpl.java:start(185)) - 862ec94c-cd2d-47b3-b563-7d6c2816cb58@group-30CD5A3A4D1D: start as a follower, conf=-1: [862ec94c-cd2d-47b3-b563-7d6c2816cb58:192.168.151.99:36916], old=null
2019-09-26 16:53:48,400 [pool-67-thread-1] INFO  impl.RaftServerImpl (RaftServerImpl.java:setRole(174)) - 862ec94c-cd2d-47b3-b563-7d6c2816cb58@group-30CD5A3A4D1D: changes role from      null to FOLLOWER at term 0 for startAsFollower
2019-09-26 16:53:48,400 [pool-67-thread-1] INFO  impl.RoleInfo (RoleInfo.java:updateAndGet(143)) - 862ec94c-cd2d-47b3-b563-7d6c2816cb58: start FollowerState
2019-09-26 16:53:48,401 [pool-67-thread-1] INFO  util.JmxRegister (JmxRegister.java:tryRegister(44)) - Successfully registered JMX Bean with object name Ratis:service=RaftServer,group=group-30CD5A3A4D1D,id=862ec94c-cd2d-47b3-b563-7d6c2816cb58
2019-09-26 16:53:48,418 [RatisPipelineUtilsThread] INFO  pipeline.PipelineStateManager (PipelineStateManager.java:addPipeline(56)) - Created pipeline Pipeline[ Id: b999ee43-1850-457d-8a56-30cd5a3a4d1d, Nodes: 862ec94c-cd2d-47b3-b563-7d6c2816cb58{ip: 192.168.151.99, host: pr-hdds-1569-g6sp5-2013761785, networkLocation: /default-rack, certSerialId: null}, Type:RATIS, Factor:ONE, State:OPEN]
2019-09-26 16:53:48,446 [grpc-default-executor-0] INFO  impl.RaftServerProxy (RaftServerProxy.java:addNew(89)) - d17cca1b-2e6b-48b2-8b1c-3559490fa529: addNew group-6FBDCDA295B7:[d17cca1b-2e6b-48b2-8b1c-3559490fa529:192.168.151.99:40714] returns group-6FBDCDA295B7:java.util.concurrent.CompletableFuture@51dfd4d8[Not completed]
2019-09-26 16:53:48,452 [pool-77-thread-1] INFO  impl.RaftServerImpl (RaftServerImpl.java:<init>(95)) - d17cca1b-2e6b-48b2-8b1c-3559490fa529: new RaftServerImpl for group-6FBDCDA295B7:[d17cca1b-2e6b-48b2-8b1c-3559490fa529:192.168.151.99:40714] with ContainerStateMachine:uninitialized
2019-09-26 16:53:48,452 [pool-77-thread-1] INFO  server.RaftServerConfigKeys (ConfUtils.java:logGet(43)) - raft.server.rpc.timeout.min = 5s (custom)
2019-09-26 16:53:48,452 [pool-77-thread-1] INFO  server.RaftServerConfigKeys (ConfUtils.java:logGet(43)) - raft.server.rpc.timeout.max = 5200ms (custom)
2019-09-26 16:53:48,452 [pool-77-thread-1] INFO  server.RaftServerConfigKeys (ConfUtils.java:logGet(43)) - raft.server.rpcslowness.timeout = 120s (custom)
2019-09-26 16:53:48,452 [pool-77-thread-1] INFO  server.RaftServerConfigKeys (ConfUtils.java:logGet(43)) - raft.server.sleep.deviation.threshold = 300 (default)
2019-09-26 16:53:48,452 [pool-77-thread-1] INFO  server.RaftServerConfigKeys (ConfUtils.java:logGet(43)) - raft.server.log.appender.install.snapshot.enabled = false (custom)
2019-09-26 16:53:48,453 [pool-77-thread-1] INFO  impl.RaftServerImpl (ServerState.java:<init>(103)) - d17cca1b-2e6b-48b2-8b1c-3559490fa529@group-6FBDCDA295B7: ConfigurationManager, init=-1: [d17cca1b-2e6b-48b2-8b1c-3559490fa529:192.168.151.99:40714], old=null, confs=<EMPTY_MAP>
2019-09-26 16:53:48,453 [pool-77-thread-1] INFO  server.RaftServerConfigKeys (ConfUtils.java:logGet(43)) - raft.server.storage.dir = [/workdir/hadoop-ozone/integration-test/target/test-dir/MiniOzoneClusterImpl-fdc3d401-fab1-4968-a84f-12bf762e2bbf/datanode-5/data/ratis] (custom)
2019-09-26 16:53:48,453 [pool-77-thread-1] INFO  storage.RaftStorageDirectory (RaftStorageDirectory.java:analyzeStorage(246)) - The storage directory /workdir/hadoop-ozone/integration-test/target/test-dir/MiniOzoneClusterImpl-fdc3d401-fab1-4968-a84f-12bf762e2bbf/datanode-5/data/ratis/cee9a424-3a78-47e2-bd2a-6fbdcda295b7 does not exist. Creating ...
2019-09-26 16:53:48,466 [pool-77-thread-1] INFO  storage.RaftStorageDirectory (RaftStorageDirectory.java:tryLock(328)) - Lock on /workdir/hadoop-ozone/integration-test/target/test-dir/MiniOzoneClusterImpl-fdc3d401-fab1-4968-a84f-12bf762e2bbf/datanode-5/data/ratis/cee9a424-3a78-47e2-bd2a-6fbdcda295b7/in_use.lock acquired by nodename 15096@pr-hdds-1569-g6sp5-2013761785
2019-09-26 16:53:48,487 [pool-77-thread-1] INFO  storage.RaftStorage (RaftStorage.java:format(72)) - Storage directory /workdir/hadoop-ozone/integration-test/target/test-dir/MiniOzoneClusterImpl-fdc3d401-fab1-4968-a84f-12bf762e2bbf/datanode-5/data/ratis/cee9a424-3a78-47e2-bd2a-6fbdcda295b7 has been successfully formatted.
2019-09-26 16:53:48,488 [pool-77-thread-1] INFO  ratis.ContainerStateMachine (ContainerStateMachine.java:loadSnapshot(230)) - group-6FBDCDA295B7: The snapshot info is null. Setting the last applied indexto:(t:0, i:~)
2019-09-26 16:53:48,488 [pool-77-thread-1] INFO  server.RaftServerConfigKeys (ConfUtils.java:logGet(43)) - raft.server.notification.no-leader.timeout = 120s (custom)
2019-09-26 16:53:48,488 [pool-77-thread-1] INFO  server.RaftServerConfigKeys (ConfUtils.java:logGet(43)) - raft.server.log.use.memory = false (default)
2019-09-26 16:53:48,488 [pool-77-thread-1] INFO  server.RaftServerConfigKeys (ConfUtils.java:logGet(43)) - raft.server.log.purge.gap = 1000000 (custom)
2019-09-26 16:53:48,488 [pool-77-thread-1] INFO  server.RaftServerConfigKeys (ConfUtils.java:logGet(43)) - raft.server.log.appender.buffer.byte-limit = 33554432 (custom)
2019-09-26 16:53:48,489 [pool-77-thread-1] INFO  server.RaftServerConfigKeys (ConfUtils.java:logGet(43)) - raft.server.log.segment.size.max = 1048576 (custom)
2019-09-26 16:53:48,489 [pool-77-thread-1] INFO  server.RaftServerConfigKeys (ConfUtils.java:logGet(43)) - raft.server.log.segment.cache.num.max = 2 (custom)
2019-09-26 16:53:48,489 [pool-77-thread-1] INFO  segmented.SegmentedRaftLogWorker (SegmentedRaftLogWorker.java:<init>(172)) - new d17cca1b-2e6b-48b2-8b1c-3559490fa529@group-6FBDCDA295B7-SegmentedRaftLogWorker for RaftStorage:Storage Directory /workdir/hadoop-ozone/integration-test/target/test-dir/MiniOzoneClusterImpl-fdc3d401-fab1-4968-a84f-12bf762e2bbf/datanode-5/data/ratis/cee9a424-3a78-47e2-bd2a-6fbdcda295b7
2019-09-26 16:53:48,494 [pool-77-thread-1] INFO  server.RaftServerConfigKeys (ConfUtils.java:logGet(43)) - raft.server.log.queue.byte-limit = 2147483647 (custom)
2019-09-26 16:53:48,494 [pool-77-thread-1] INFO  server.RaftServerConfigKeys (ConfUtils.java:logGet(43)) - raft.server.log.queue.element-limit = 1024 (custom)
2019-09-26 16:53:48,495 [pool-77-thread-1] INFO  server.RaftServerConfigKeys (ConfUtils.java:logGet(43)) - raft.server.log.segment.size.max = 1048576 (custom)
2019-09-26 16:53:48,495 [pool-77-thread-1] INFO  server.RaftServerConfigKeys (ConfUtils.java:logGet(43)) - raft.server.log.preallocated.size = 16384 (custom)
2019-09-26 16:53:48,495 [pool-77-thread-1] INFO  server.RaftServerConfigKeys (ConfUtils.java:logGet(43)) - raft.server.log.write.buffer.size = 33554432 (custom)
2019-09-26 16:53:48,495 [pool-77-thread-1] INFO  server.RaftServerConfigKeys (ConfUtils.java:logGet(43)) - raft.server.log.force.sync.num = 128 (default)
2019-09-26 16:53:48,495 [pool-77-thread-1] INFO  server.RaftServerConfigKeys (ConfUtils.java:logGet(43)) - raft.server.log.statemachine.data.sync = true (default)
2019-09-26 16:53:48,495 [pool-77-thread-1] INFO  server.RaftServerConfigKeys (ConfUtils.java:logGet(43)) - raft.server.log.statemachine.data.sync.timeout = 10s (default)
2019-09-26 16:53:48,496 [pool-77-thread-1] INFO  server.RaftServerConfigKeys (ConfUtils.java:logGet(43)) - raft.server.log.statemachine.data.sync.timeout.retry = -1 (default)
2019-09-26 16:53:48,496 [pool-77-thread-1] INFO  server.RaftServerConfigKeys (ConfUtils.java:logGet(43)) - raft.server.log.statemachine.data.caching.enabled = true (custom)
2019-09-26 16:53:48,496 [pool-77-thread-1] INFO  segmented.SegmentedRaftLogWorker (SegmentedRaftLogWorker.java:lambda$new$0(132)) - d17cca1b-2e6b-48b2-8b1c-3559490fa529@group-6FBDCDA295B7-SegmentedRaftLogWorker: flushIndex: setUnconditionally 0 -> -1
2019-09-26 16:53:48,497 [pool-77-thread-1] INFO  server.RaftServerConfigKeys (ConfUtils.java:logGet(43)) - raft.server.snapshot.auto.trigger.enabled = true (custom)
2019-09-26 16:53:48,497 [pool-77-thread-1] INFO  server.RaftServerConfigKeys (ConfUtils.java:logGet(43)) - raft.server.snapshot.auto.trigger.threshold = 10000 (custom)
2019-09-26 16:53:48,497 [pool-77-thread-1] INFO  server.RaftServerConfigKeys (ConfUtils.java:logGet(43)) - raft.server.snapshot.retention.num.files = 5 (custom)
2019-09-26 16:53:48,497 [pool-77-thread-1] INFO  server.RaftServerConfigKeys (ConfUtils.java:logGet(43)) - raft.server.retrycache.expirytime = 600000ms (custom)
2019-09-26 16:53:48,504 [pool-77-thread-1] INFO  impl.RaftServerImpl (RaftServerImpl.java:start(185)) - d17cca1b-2e6b-48b2-8b1c-3559490fa529@group-6FBDCDA295B7: start as a follower, conf=-1: [d17cca1b-2e6b-48b2-8b1c-3559490fa529:192.168.151.99:40714], old=null
2019-09-26 16:53:48,505 [pool-77-thread-1] INFO  impl.RaftServerImpl (RaftServerImpl.java:setRole(174)) - d17cca1b-2e6b-48b2-8b1c-3559490fa529@group-6FBDCDA295B7: changes role from      null to FOLLOWER at term 0 for startAsFollower
2019-09-26 16:53:48,505 [pool-77-thread-1] INFO  impl.RoleInfo (RoleInfo.java:updateAndGet(143)) - d17cca1b-2e6b-48b2-8b1c-3559490fa529: start FollowerState
2019-09-26 16:53:48,505 [pool-77-thread-1] INFO  util.JmxRegister (JmxRegister.java:tryRegister(44)) - Successfully registered JMX Bean with object name Ratis:service=RaftServer,group=group-6FBDCDA295B7,id=d17cca1b-2e6b-48b2-8b1c-3559490fa529
2019-09-26 16:53:48,522 [RatisPipelineUtilsThread] INFO  pipeline.PipelineStateManager (PipelineStateManager.java:addPipeline(56)) - Created pipeline Pipeline[ Id: cee9a424-3a78-47e2-bd2a-6fbdcda295b7, Nodes: d17cca1b-2e6b-48b2-8b1c-3559490fa529{ip: 192.168.151.99, host: pr-hdds-1569-g6sp5-2013761785, networkLocation: /default-rack, certSerialId: null}, Type:RATIS, Factor:ONE, State:OPEN]
2019-09-26 16:53:48,546 [grpc-default-executor-0] INFO  impl.RaftServerProxy (RaftServerProxy.java:addNew(89)) - 862ec94c-cd2d-47b3-b563-7d6c2816cb58: addNew group-3F7CF6546C0D:[862ec94c-cd2d-47b3-b563-7d6c2816cb58:192.168.151.99:36916] returns group-3F7CF6546C0D:java.util.concurrent.CompletableFuture@4672f8af[Not completed]
2019-09-26 16:53:48,547 [pool-67-thread-1] INFO  impl.RaftServerImpl (RaftServerImpl.java:<init>(95)) - 862ec94c-cd2d-47b3-b563-7d6c2816cb58: new RaftServerImpl for group-3F7CF6546C0D:[862ec94c-cd2d-47b3-b563-7d6c2816cb58:192.168.151.99:36916] with ContainerStateMachine:uninitialized
2019-09-26 16:53:48,548 [pool-67-thread-1] INFO  server.RaftServerConfigKeys (ConfUtils.java:logGet(43)) - raft.server.rpc.timeout.min = 5s (custom)
2019-09-26 16:53:48,548 [pool-67-thread-1] INFO  server.RaftServerConfigKeys (ConfUtils.java:logGet(43)) - raft.server.rpc.timeout.max = 5200ms (custom)
2019-09-26 16:53:48,548 [pool-67-thread-1] INFO  server.RaftServerConfigKeys (ConfUtils.java:logGet(43)) - raft.server.rpcslowness.timeout = 120s (custom)
2019-09-26 16:53:48,548 [pool-67-thread-1] INFO  server.RaftServerConfigKeys (ConfUtils.java:logGet(43)) - raft.server.sleep.deviation.threshold = 300 (default)
2019-09-26 16:53:48,549 [pool-67-thread-1] INFO  server.RaftServerConfigKeys (ConfUtils.java:logGet(43)) - raft.server.log.appender.install.snapshot.enabled = false (custom)
2019-09-26 16:53:48,549 [pool-67-thread-1] INFO  impl.RaftServerImpl (ServerState.java:<init>(103)) - 862ec94c-cd2d-47b3-b563-7d6c2816cb58@group-3F7CF6546C0D: ConfigurationManager, init=-1: [862ec94c-cd2d-47b3-b563-7d6c2816cb58:192.168.151.99:36916], old=null, confs=<EMPTY_MAP>
2019-09-26 16:53:48,549 [pool-67-thread-1] INFO  server.RaftServerConfigKeys (ConfUtils.java:logGet(43)) - raft.server.storage.dir = [/workdir/hadoop-ozone/integration-test/target/test-dir/MiniOzoneClusterImpl-fdc3d401-fab1-4968-a84f-12bf762e2bbf/datanode-4/data/ratis] (custom)
2019-09-26 16:53:48,550 [pool-67-thread-1] INFO  storage.RaftStorageDirectory (RaftStorageDirectory.java:analyzeStorage(246)) - The storage directory /workdir/hadoop-ozone/integration-test/target/test-dir/MiniOzoneClusterImpl-fdc3d401-fab1-4968-a84f-12bf762e2bbf/datanode-4/data/ratis/e89c964d-18eb-4dff-b7f8-3f7cf6546c0d does not exist. Creating ...
2019-09-26 16:53:48,575 [pool-67-thread-1] INFO  storage.RaftStorageDirectory (RaftStorageDirectory.java:tryLock(328)) - Lock on /workdir/hadoop-ozone/integration-test/target/test-dir/MiniOzoneClusterImpl-fdc3d401-fab1-4968-a84f-12bf762e2bbf/datanode-4/data/ratis/e89c964d-18eb-4dff-b7f8-3f7cf6546c0d/in_use.lock acquired by nodename 15096@pr-hdds-1569-g6sp5-2013761785
2019-09-26 16:53:48,588 [pool-67-thread-1] INFO  storage.RaftStorage (RaftStorage.java:format(72)) - Storage directory /workdir/hadoop-ozone/integration-test/target/test-dir/MiniOzoneClusterImpl-fdc3d401-fab1-4968-a84f-12bf762e2bbf/datanode-4/data/ratis/e89c964d-18eb-4dff-b7f8-3f7cf6546c0d has been successfully formatted.
2019-09-26 16:53:48,589 [pool-67-thread-1] INFO  ratis.ContainerStateMachine (ContainerStateMachine.java:loadSnapshot(230)) - group-3F7CF6546C0D: The snapshot info is null. Setting the last applied indexto:(t:0, i:~)
2019-09-26 16:53:48,589 [pool-67-thread-1] INFO  server.RaftServerConfigKeys (ConfUtils.java:logGet(43)) - raft.server.notification.no-leader.timeout = 120s (custom)
2019-09-26 16:53:48,589 [pool-67-thread-1] INFO  server.RaftServerConfigKeys (ConfUtils.java:logGet(43)) - raft.server.log.use.memory = false (default)
2019-09-26 16:53:48,589 [pool-67-thread-1] INFO  server.RaftServerConfigKeys (ConfUtils.java:logGet(43)) - raft.server.log.purge.gap = 1000000 (custom)
2019-09-26 16:53:48,590 [pool-67-thread-1] INFO  server.RaftServerConfigKeys (ConfUtils.java:logGet(43)) - raft.server.log.appender.buffer.byte-limit = 33554432 (custom)
2019-09-26 16:53:48,590 [pool-67-thread-1] INFO  server.RaftServerConfigKeys (ConfUtils.java:logGet(43)) - raft.server.log.segment.size.max = 1048576 (custom)
2019-09-26 16:53:48,590 [pool-67-thread-1] INFO  server.RaftServerConfigKeys (ConfUtils.java:logGet(43)) - raft.server.log.segment.cache.num.max = 2 (custom)
2019-09-26 16:53:48,590 [pool-67-thread-1] INFO  segmented.SegmentedRaftLogWorker (SegmentedRaftLogWorker.java:<init>(172)) - new 862ec94c-cd2d-47b3-b563-7d6c2816cb58@group-3F7CF6546C0D-SegmentedRaftLogWorker for RaftStorage:Storage Directory /workdir/hadoop-ozone/integration-test/target/test-dir/MiniOzoneClusterImpl-fdc3d401-fab1-4968-a84f-12bf762e2bbf/datanode-4/data/ratis/e89c964d-18eb-4dff-b7f8-3f7cf6546c0d
2019-09-26 16:53:48,590 [pool-67-thread-1] INFO  server.RaftServerConfigKeys (ConfUtils.java:logGet(43)) - raft.server.log.queue.byte-limit = 2147483647 (custom)
2019-09-26 16:53:48,591 [pool-67-thread-1] INFO  server.RaftServerConfigKeys (ConfUtils.java:logGet(43)) - raft.server.log.queue.element-limit = 1024 (custom)
2019-09-26 16:53:48,591 [pool-67-thread-1] INFO  server.RaftServerConfigKeys (ConfUtils.java:logGet(43)) - raft.server.log.segment.size.max = 1048576 (custom)
2019-09-26 16:53:48,591 [pool-67-thread-1] INFO  server.RaftServerConfigKeys (ConfUtils.java:logGet(43)) - raft.server.log.preallocated.size = 16384 (custom)
2019-09-26 16:53:48,591 [pool-67-thread-1] INFO  server.RaftServerConfigKeys (ConfUtils.java:logGet(43)) - raft.server.log.write.buffer.size = 33554432 (custom)
2019-09-26 16:53:48,591 [pool-67-thread-1] INFO  server.RaftServerConfigKeys (ConfUtils.java:logGet(43)) - raft.server.log.force.sync.num = 128 (default)
2019-09-26 16:53:48,592 [pool-67-thread-1] INFO  server.RaftServerConfigKeys (ConfUtils.java:logGet(43)) - raft.server.log.statemachine.data.sync = true (default)
2019-09-26 16:53:48,592 [pool-67-thread-1] INFO  server.RaftServerConfigKeys (ConfUtils.java:logGet(43)) - raft.server.log.statemachine.data.sync.timeout = 10s (default)
2019-09-26 16:53:48,592 [pool-67-thread-1] INFO  server.RaftServerConfigKeys (ConfUtils.java:logGet(43)) - raft.server.log.statemachine.data.sync.timeout.retry = -1 (default)
2019-09-26 16:53:48,592 [pool-67-thread-1] INFO  server.RaftServerConfigKeys (ConfUtils.java:logGet(43)) - raft.server.log.statemachine.data.caching.enabled = true (custom)
2019-09-26 16:53:48,593 [pool-67-thread-1] INFO  segmented.SegmentedRaftLogWorker (SegmentedRaftLogWorker.java:lambda$new$0(132)) - 862ec94c-cd2d-47b3-b563-7d6c2816cb58@group-3F7CF6546C0D-SegmentedRaftLogWorker: flushIndex: setUnconditionally 0 -> -1
2019-09-26 16:53:48,593 [pool-67-thread-1] INFO  server.RaftServerConfigKeys (ConfUtils.java:logGet(43)) - raft.server.snapshot.auto.trigger.enabled = true (custom)
2019-09-26 16:53:48,593 [pool-67-thread-1] INFO  server.RaftServerConfigKeys (ConfUtils.java:logGet(43)) - raft.server.snapshot.auto.trigger.threshold = 10000 (custom)
2019-09-26 16:53:48,594 [pool-67-thread-1] INFO  server.RaftServerConfigKeys (ConfUtils.java:logGet(43)) - raft.server.snapshot.retention.num.files = 5 (custom)
2019-09-26 16:53:48,594 [pool-67-thread-1] INFO  server.RaftServerConfigKeys (ConfUtils.java:logGet(43)) - raft.server.retrycache.expirytime = 600000ms (custom)
2019-09-26 16:53:48,600 [pool-67-thread-1] INFO  impl.RaftServerImpl (RaftServerImpl.java:start(185)) - 862ec94c-cd2d-47b3-b563-7d6c2816cb58@group-3F7CF6546C0D: start as a follower, conf=-1: [862ec94c-cd2d-47b3-b563-7d6c2816cb58:192.168.151.99:36916], old=null
2019-09-26 16:53:48,600 [pool-67-thread-1] INFO  impl.RaftServerImpl (RaftServerImpl.java:setRole(174)) - 862ec94c-cd2d-47b3-b563-7d6c2816cb58@group-3F7CF6546C0D: changes role from      null to FOLLOWER at term 0 for startAsFollower
2019-09-26 16:53:48,600 [pool-67-thread-1] INFO  impl.RoleInfo (RoleInfo.java:updateAndGet(143)) - 862ec94c-cd2d-47b3-b563-7d6c2816cb58: start FollowerState
2019-09-26 16:53:48,601 [pool-67-thread-1] INFO  util.JmxRegister (JmxRegister.java:tryRegister(44)) - Successfully registered JMX Bean with object name Ratis:service=RaftServer,group=group-3F7CF6546C0D,id=862ec94c-cd2d-47b3-b563-7d6c2816cb58
2019-09-26 16:53:48,619 [RatisPipelineUtilsThread] INFO  pipeline.PipelineStateManager (PipelineStateManager.java:addPipeline(56)) - Created pipeline Pipeline[ Id: e89c964d-18eb-4dff-b7f8-3f7cf6546c0d, Nodes: 862ec94c-cd2d-47b3-b563-7d6c2816cb58{ip: 192.168.151.99, host: pr-hdds-1569-g6sp5-2013761785, networkLocation: /default-rack, certSerialId: null}, Type:RATIS, Factor:ONE, State:OPEN]
2019-09-26 16:53:48,647 [grpc-default-executor-0] INFO  impl.RaftServerProxy (RaftServerProxy.java:addNew(89)) - 5160ea40-cc48-41a9-a1d1-1151a36e77d8: addNew group-9AA7E62547B0:[5160ea40-cc48-41a9-a1d1-1151a36e77d8:192.168.151.99:45356] returns group-9AA7E62547B0:java.util.concurrent.CompletableFuture@11661ff4[Not completed]
2019-09-26 16:53:48,650 [pool-57-thread-1] INFO  impl.RaftServerImpl (RaftServerImpl.java:<init>(95)) - 5160ea40-cc48-41a9-a1d1-1151a36e77d8: new RaftServerImpl for group-9AA7E62547B0:[5160ea40-cc48-41a9-a1d1-1151a36e77d8:192.168.151.99:45356] with ContainerStateMachine:uninitialized
2019-09-26 16:53:48,650 [pool-57-thread-1] INFO  server.RaftServerConfigKeys (ConfUtils.java:logGet(43)) - raft.server.rpc.timeout.min = 5s (custom)
2019-09-26 16:53:48,650 [pool-57-thread-1] INFO  server.RaftServerConfigKeys (ConfUtils.java:logGet(43)) - raft.server.rpc.timeout.max = 5200ms (custom)
2019-09-26 16:53:48,650 [pool-57-thread-1] INFO  server.RaftServerConfigKeys (ConfUtils.java:logGet(43)) - raft.server.rpcslowness.timeout = 120s (custom)
2019-09-26 16:53:48,651 [pool-57-thread-1] INFO  server.RaftServerConfigKeys (ConfUtils.java:logGet(43)) - raft.server.sleep.deviation.threshold = 300 (default)
2019-09-26 16:53:48,651 [pool-57-thread-1] INFO  server.RaftServerConfigKeys (ConfUtils.java:logGet(43)) - raft.server.log.appender.install.snapshot.enabled = false (custom)
2019-09-26 16:53:48,651 [pool-57-thread-1] INFO  impl.RaftServerImpl (ServerState.java:<init>(103)) - 5160ea40-cc48-41a9-a1d1-1151a36e77d8@group-9AA7E62547B0: ConfigurationManager, init=-1: [5160ea40-cc48-41a9-a1d1-1151a36e77d8:192.168.151.99:45356], old=null, confs=<EMPTY_MAP>
2019-09-26 16:53:48,652 [pool-57-thread-1] INFO  server.RaftServerConfigKeys (ConfUtils.java:logGet(43)) - raft.server.storage.dir = [/workdir/hadoop-ozone/integration-test/target/test-dir/MiniOzoneClusterImpl-fdc3d401-fab1-4968-a84f-12bf762e2bbf/datanode-3/data/ratis] (custom)
2019-09-26 16:53:48,652 [pool-57-thread-1] INFO  storage.RaftStorageDirectory (RaftStorageDirectory.java:analyzeStorage(246)) - The storage directory /workdir/hadoop-ozone/integration-test/target/test-dir/MiniOzoneClusterImpl-fdc3d401-fab1-4968-a84f-12bf762e2bbf/datanode-3/data/ratis/f2db0a7a-882d-42ea-880d-9aa7e62547b0 does not exist. Creating ...
2019-09-26 16:53:48,658 [main] INFO  ozone.MiniOzoneClusterImpl (MiniOzoneClusterImpl.java:lambda$waitForClusterToBeReady$0(147)) - Cluster is ready. Got 7 of 7 DN Heartbeats.
2019-09-26 16:53:48,665 [pool-57-thread-1] INFO  storage.RaftStorageDirectory (RaftStorageDirectory.java:tryLock(328)) - Lock on /workdir/hadoop-ozone/integration-test/target/test-dir/MiniOzoneClusterImpl-fdc3d401-fab1-4968-a84f-12bf762e2bbf/datanode-3/data/ratis/f2db0a7a-882d-42ea-880d-9aa7e62547b0/in_use.lock acquired by nodename 15096@pr-hdds-1569-g6sp5-2013761785
2019-09-26 16:53:48,678 [pool-57-thread-1] INFO  storage.RaftStorage (RaftStorage.java:format(72)) - Storage directory /workdir/hadoop-ozone/integration-test/target/test-dir/MiniOzoneClusterImpl-fdc3d401-fab1-4968-a84f-12bf762e2bbf/datanode-3/data/ratis/f2db0a7a-882d-42ea-880d-9aa7e62547b0 has been successfully formatted.
2019-09-26 16:53:48,679 [pool-57-thread-1] INFO  ratis.ContainerStateMachine (ContainerStateMachine.java:loadSnapshot(230)) - group-9AA7E62547B0: The snapshot info is null. Setting the last applied indexto:(t:0, i:~)
2019-09-26 16:53:48,679 [pool-57-thread-1] INFO  server.RaftServerConfigKeys (ConfUtils.java:logGet(43)) - raft.server.notification.no-leader.timeout = 120s (custom)
2019-09-26 16:53:48,679 [pool-57-thread-1] INFO  server.RaftServerConfigKeys (ConfUtils.java:logGet(43)) - raft.server.log.use.memory = false (default)
2019-09-26 16:53:48,679 [pool-57-thread-1] INFO  server.RaftServerConfigKeys (ConfUtils.java:logGet(43)) - raft.server.log.purge.gap = 1000000 (custom)
2019-09-26 16:53:48,680 [pool-57-thread-1] INFO  server.RaftServerConfigKeys (ConfUtils.java:logGet(43)) - raft.server.log.appender.buffer.byte-limit = 33554432 (custom)
2019-09-26 16:53:48,680 [pool-57-thread-1] INFO  server.RaftServerConfigKeys (ConfUtils.java:logGet(43)) - raft.server.log.segment.size.max = 1048576 (custom)
2019-09-26 16:53:48,680 [pool-57-thread-1] INFO  server.RaftServerConfigKeys (ConfUtils.java:logGet(43)) - raft.server.log.segment.cache.num.max = 2 (custom)
2019-09-26 16:53:48,680 [pool-57-thread-1] INFO  segmented.SegmentedRaftLogWorker (SegmentedRaftLogWorker.java:<init>(172)) - new 5160ea40-cc48-41a9-a1d1-1151a36e77d8@group-9AA7E62547B0-SegmentedRaftLogWorker for RaftStorage:Storage Directory /workdir/hadoop-ozone/integration-test/target/test-dir/MiniOzoneClusterImpl-fdc3d401-fab1-4968-a84f-12bf762e2bbf/datanode-3/data/ratis/f2db0a7a-882d-42ea-880d-9aa7e62547b0
2019-09-26 16:53:48,681 [pool-57-thread-1] INFO  server.RaftServerConfigKeys (ConfUtils.java:logGet(43)) - raft.server.log.queue.byte-limit = 2147483647 (custom)
2019-09-26 16:53:48,681 [pool-57-thread-1] INFO  server.RaftServerConfigKeys (ConfUtils.java:logGet(43)) - raft.server.log.queue.element-limit = 1024 (custom)
2019-09-26 16:53:48,681 [pool-57-thread-1] INFO  server.RaftServerConfigKeys (ConfUtils.java:logGet(43)) - raft.server.log.segment.size.max = 1048576 (custom)
2019-09-26 16:53:48,681 [pool-57-thread-1] INFO  server.RaftServerConfigKeys (ConfUtils.java:logGet(43)) - raft.server.log.preallocated.size = 16384 (custom)
2019-09-26 16:53:48,682 [pool-57-thread-1] INFO  server.RaftServerConfigKeys (ConfUtils.java:logGet(43)) - raft.server.log.write.buffer.size = 33554432 (custom)
2019-09-26 16:53:48,682 [pool-57-thread-1] INFO  server.RaftServerConfigKeys (ConfUtils.java:logGet(43)) - raft.server.log.force.sync.num = 128 (default)
2019-09-26 16:53:48,682 [pool-57-thread-1] INFO  server.RaftServerConfigKeys (ConfUtils.java:logGet(43)) - raft.server.log.statemachine.data.sync = true (default)
2019-09-26 16:53:48,682 [pool-57-thread-1] INFO  server.RaftServerConfigKeys (ConfUtils.java:logGet(43)) - raft.server.log.statemachine.data.sync.timeout = 10s (default)
2019-09-26 16:53:48,683 [pool-57-thread-1] INFO  server.RaftServerConfigKeys (ConfUtils.java:logGet(43)) - raft.server.log.statemachine.data.sync.timeout.retry = -1 (default)
2019-09-26 16:53:48,683 [pool-57-thread-1] INFO  server.RaftServerConfigKeys (ConfUtils.java:logGet(43)) - raft.server.log.statemachine.data.caching.enabled = true (custom)
2019-09-26 16:53:48,683 [pool-57-thread-1] INFO  segmented.SegmentedRaftLogWorker (SegmentedRaftLogWorker.java:lambda$new$0(132)) - 5160ea40-cc48-41a9-a1d1-1151a36e77d8@group-9AA7E62547B0-SegmentedRaftLogWorker: flushIndex: setUnconditionally 0 -> -1
2019-09-26 16:53:48,684 [pool-57-thread-1] INFO  server.RaftServerConfigKeys (ConfUtils.java:logGet(43)) - raft.server.snapshot.auto.trigger.enabled = true (custom)
2019-09-26 16:53:48,684 [pool-57-thread-1] INFO  server.RaftServerConfigKeys (ConfUtils.java:logGet(43)) - raft.server.snapshot.auto.trigger.threshold = 10000 (custom)
2019-09-26 16:53:48,684 [pool-57-thread-1] INFO  server.RaftServerConfigKeys (ConfUtils.java:logGet(43)) - raft.server.snapshot.retention.num.files = 5 (custom)
2019-09-26 16:53:48,685 [pool-57-thread-1] INFO  server.RaftServerConfigKeys (ConfUtils.java:logGet(43)) - raft.server.retrycache.expirytime = 600000ms (custom)
2019-09-26 16:53:48,690 [pool-57-thread-1] INFO  impl.RaftServerImpl (RaftServerImpl.java:start(185)) - 5160ea40-cc48-41a9-a1d1-1151a36e77d8@group-9AA7E62547B0: start as a follower, conf=-1: [5160ea40-cc48-41a9-a1d1-1151a36e77d8:192.168.151.99:45356], old=null
2019-09-26 16:53:48,691 [pool-57-thread-1] INFO  impl.RaftServerImpl (RaftServerImpl.java:setRole(174)) - 5160ea40-cc48-41a9-a1d1-1151a36e77d8@group-9AA7E62547B0: changes role from      null to FOLLOWER at term 0 for startAsFollower
2019-09-26 16:53:48,691 [pool-57-thread-1] INFO  impl.RoleInfo (RoleInfo.java:updateAndGet(143)) - 5160ea40-cc48-41a9-a1d1-1151a36e77d8: start FollowerState
2019-09-26 16:53:48,692 [pool-57-thread-1] INFO  util.JmxRegister (JmxRegister.java:tryRegister(44)) - Successfully registered JMX Bean with object name Ratis:service=RaftServer,group=group-9AA7E62547B0,id=5160ea40-cc48-41a9-a1d1-1151a36e77d8
2019-09-26 16:53:48,706 [RatisPipelineUtilsThread] INFO  pipeline.PipelineStateManager (PipelineStateManager.java:addPipeline(56)) - Created pipeline Pipeline[ Id: f2db0a7a-882d-42ea-880d-9aa7e62547b0, Nodes: 5160ea40-cc48-41a9-a1d1-1151a36e77d8{ip: 192.168.151.99, host: pr-hdds-1569-g6sp5-2013761785, networkLocation: /default-rack, certSerialId: null}, Type:RATIS, Factor:ONE, State:OPEN]
2019-09-26 16:53:48,733 [grpc-default-executor-0] INFO  impl.RaftServerProxy (RaftServerProxy.java:addNew(89)) - 579334d3-7c10-42f4-b10c-e6c2267ece25: addNew group-3F50F338980D:[579334d3-7c10-42f4-b10c-e6c2267ece25:192.168.151.99:34131] returns group-3F50F338980D:java.util.concurrent.CompletableFuture@7d0cb3f8[Not completed]
2019-09-26 16:53:48,737 [pool-47-thread-1] INFO  impl.RaftServerImpl (RaftServerImpl.java:<init>(95)) - 579334d3-7c10-42f4-b10c-e6c2267ece25: new RaftServerImpl for group-3F50F338980D:[579334d3-7c10-42f4-b10c-e6c2267ece25:192.168.151.99:34131] with ContainerStateMachine:uninitialized
2019-09-26 16:53:48,738 [pool-47-thread-1] INFO  server.RaftServerConfigKeys (ConfUtils.java:logGet(43)) - raft.server.rpc.timeout.min = 5s (custom)
2019-09-26 16:53:48,738 [pool-47-thread-1] INFO  server.RaftServerConfigKeys (ConfUtils.java:logGet(43)) - raft.server.rpc.timeout.max = 5200ms (custom)
2019-09-26 16:53:48,738 [pool-47-thread-1] INFO  server.RaftServerConfigKeys (ConfUtils.java:logGet(43)) - raft.server.rpcslowness.timeout = 120s (custom)
2019-09-26 16:53:48,738 [pool-47-thread-1] INFO  server.RaftServerConfigKeys (ConfUtils.java:logGet(43)) - raft.server.sleep.deviation.threshold = 300 (default)
2019-09-26 16:53:48,738 [pool-47-thread-1] INFO  server.RaftServerConfigKeys (ConfUtils.java:logGet(43)) - raft.server.log.appender.install.snapshot.enabled = false (custom)
2019-09-26 16:53:48,739 [pool-47-thread-1] INFO  impl.RaftServerImpl (ServerState.java:<init>(103)) - 579334d3-7c10-42f4-b10c-e6c2267ece25@group-3F50F338980D: ConfigurationManager, init=-1: [579334d3-7c10-42f4-b10c-e6c2267ece25:192.168.151.99:34131], old=null, confs=<EMPTY_MAP>
2019-09-26 16:53:48,739 [pool-47-thread-1] INFO  server.RaftServerConfigKeys (ConfUtils.java:logGet(43)) - raft.server.storage.dir = [/workdir/hadoop-ozone/integration-test/target/test-dir/MiniOzoneClusterImpl-fdc3d401-fab1-4968-a84f-12bf762e2bbf/datanode-2/data/ratis] (custom)
2019-09-26 16:53:48,740 [pool-47-thread-1] INFO  storage.RaftStorageDirectory (RaftStorageDirectory.java:analyzeStorage(246)) - The storage directory /workdir/hadoop-ozone/integration-test/target/test-dir/MiniOzoneClusterImpl-fdc3d401-fab1-4968-a84f-12bf762e2bbf/datanode-2/data/ratis/95499fa1-3edd-46da-b610-3f50f338980d does not exist. Creating ...
2019-09-26 16:53:48,752 [pool-47-thread-1] INFO  storage.RaftStorageDirectory (RaftStorageDirectory.java:tryLock(328)) - Lock on /workdir/hadoop-ozone/integration-test/target/test-dir/MiniOzoneClusterImpl-fdc3d401-fab1-4968-a84f-12bf762e2bbf/datanode-2/data/ratis/95499fa1-3edd-46da-b610-3f50f338980d/in_use.lock acquired by nodename 15096@pr-hdds-1569-g6sp5-2013761785
2019-09-26 16:53:48,771 [pool-47-thread-1] INFO  storage.RaftStorage (RaftStorage.java:format(72)) - Storage directory /workdir/hadoop-ozone/integration-test/target/test-dir/MiniOzoneClusterImpl-fdc3d401-fab1-4968-a84f-12bf762e2bbf/datanode-2/data/ratis/95499fa1-3edd-46da-b610-3f50f338980d has been successfully formatted.
2019-09-26 16:53:48,772 [pool-47-thread-1] INFO  ratis.ContainerStateMachine (ContainerStateMachine.java:loadSnapshot(230)) - group-3F50F338980D: The snapshot info is null. Setting the last applied indexto:(t:0, i:~)
2019-09-26 16:53:48,772 [pool-47-thread-1] INFO  server.RaftServerConfigKeys (ConfUtils.java:logGet(43)) - raft.server.notification.no-leader.timeout = 120s (custom)
2019-09-26 16:53:48,772 [pool-47-thread-1] INFO  server.RaftServerConfigKeys (ConfUtils.java:logGet(43)) - raft.server.log.use.memory = false (default)
2019-09-26 16:53:48,772 [pool-47-thread-1] INFO  server.RaftServerConfigKeys (ConfUtils.java:logGet(43)) - raft.server.log.purge.gap = 1000000 (custom)
2019-09-26 16:53:48,772 [pool-47-thread-1] INFO  server.RaftServerConfigKeys (ConfUtils.java:logGet(43)) - raft.server.log.appender.buffer.byte-limit = 33554432 (custom)
2019-09-26 16:53:48,773 [pool-47-thread-1] INFO  server.RaftServerConfigKeys (ConfUtils.java:logGet(43)) - raft.server.log.segment.size.max = 1048576 (custom)
2019-09-26 16:53:48,773 [pool-47-thread-1] INFO  server.RaftServerConfigKeys (ConfUtils.java:logGet(43)) - raft.server.log.segment.cache.num.max = 2 (custom)
2019-09-26 16:53:48,773 [pool-47-thread-1] INFO  segmented.SegmentedRaftLogWorker (SegmentedRaftLogWorker.java:<init>(172)) - new 579334d3-7c10-42f4-b10c-e6c2267ece25@group-3F50F338980D-SegmentedRaftLogWorker for RaftStorage:Storage Directory /workdir/hadoop-ozone/integration-test/target/test-dir/MiniOzoneClusterImpl-fdc3d401-fab1-4968-a84f-12bf762e2bbf/datanode-2/data/ratis/95499fa1-3edd-46da-b610-3f50f338980d
2019-09-26 16:53:48,777 [pool-47-thread-1] INFO  server.RaftServerConfigKeys (ConfUtils.java:logGet(43)) - raft.server.log.queue.byte-limit = 2147483647 (custom)
2019-09-26 16:53:48,777 [pool-47-thread-1] INFO  server.RaftServerConfigKeys (ConfUtils.java:logGet(43)) - raft.server.log.queue.element-limit = 1024 (custom)
2019-09-26 16:53:48,778 [pool-47-thread-1] INFO  server.RaftServerConfigKeys (ConfUtils.java:logGet(43)) - raft.server.log.segment.size.max = 1048576 (custom)
2019-09-26 16:53:48,778 [pool-47-thread-1] INFO  server.RaftServerConfigKeys (ConfUtils.java:logGet(43)) - raft.server.log.preallocated.size = 16384 (custom)
2019-09-26 16:53:48,778 [pool-47-thread-1] INFO  server.RaftServerConfigKeys (ConfUtils.java:logGet(43)) - raft.server.log.write.buffer.size = 33554432 (custom)
2019-09-26 16:53:48,778 [pool-47-thread-1] INFO  server.RaftServerConfigKeys (ConfUtils.java:logGet(43)) - raft.server.log.force.sync.num = 128 (default)
2019-09-26 16:53:48,778 [pool-47-thread-1] INFO  server.RaftServerConfigKeys (ConfUtils.java:logGet(43)) - raft.server.log.statemachine.data.sync = true (default)
2019-09-26 16:53:48,779 [pool-47-thread-1] INFO  server.RaftServerConfigKeys (ConfUtils.java:logGet(43)) - raft.server.log.statemachine.data.sync.timeout = 10s (default)
2019-09-26 16:53:48,779 [pool-47-thread-1] INFO  server.RaftServerConfigKeys (ConfUtils.java:logGet(43)) - raft.server.log.statemachine.data.sync.timeout.retry = -1 (default)
2019-09-26 16:53:48,779 [pool-47-thread-1] INFO  server.RaftServerConfigKeys (ConfUtils.java:logGet(43)) - raft.server.log.statemachine.data.caching.enabled = true (custom)
2019-09-26 16:53:48,780 [pool-47-thread-1] INFO  segmented.SegmentedRaftLogWorker (SegmentedRaftLogWorker.java:lambda$new$0(132)) - 579334d3-7c10-42f4-b10c-e6c2267ece25@group-3F50F338980D-SegmentedRaftLogWorker: flushIndex: setUnconditionally 0 -> -1
2019-09-26 16:53:48,780 [pool-47-thread-1] INFO  server.RaftServerConfigKeys (ConfUtils.java:logGet(43)) - raft.server.snapshot.auto.trigger.enabled = true (custom)
2019-09-26 16:53:48,780 [pool-47-thread-1] INFO  server.RaftServerConfigKeys (ConfUtils.java:logGet(43)) - raft.server.snapshot.auto.trigger.threshold = 10000 (custom)
2019-09-26 16:53:48,780 [pool-47-thread-1] INFO  server.RaftServerConfigKeys (ConfUtils.java:logGet(43)) - raft.server.snapshot.retention.num.files = 5 (custom)
2019-09-26 16:53:48,781 [pool-47-thread-1] INFO  server.RaftServerConfigKeys (ConfUtils.java:logGet(43)) - raft.server.retrycache.expirytime = 600000ms (custom)
2019-09-26 16:53:48,784 [pool-47-thread-1] INFO  impl.RaftServerImpl (RaftServerImpl.java:start(185)) - 579334d3-7c10-42f4-b10c-e6c2267ece25@group-3F50F338980D: start as a follower, conf=-1: [579334d3-7c10-42f4-b10c-e6c2267ece25:192.168.151.99:34131], old=null
2019-09-26 16:53:48,785 [pool-47-thread-1] INFO  impl.RaftServerImpl (RaftServerImpl.java:setRole(174)) - 579334d3-7c10-42f4-b10c-e6c2267ece25@group-3F50F338980D: changes role from      null to FOLLOWER at term 0 for startAsFollower
2019-09-26 16:53:48,785 [pool-47-thread-1] INFO  impl.RoleInfo (RoleInfo.java:updateAndGet(143)) - 579334d3-7c10-42f4-b10c-e6c2267ece25: start FollowerState
2019-09-26 16:53:48,785 [pool-47-thread-1] INFO  util.JmxRegister (JmxRegister.java:tryRegister(44)) - Successfully registered JMX Bean with object name Ratis:service=RaftServer,group=group-3F50F338980D,id=579334d3-7c10-42f4-b10c-e6c2267ece25
2019-09-26 16:53:48,805 [RatisPipelineUtilsThread] INFO  pipeline.PipelineStateManager (PipelineStateManager.java:addPipeline(56)) - Created pipeline Pipeline[ Id: 95499fa1-3edd-46da-b610-3f50f338980d, Nodes: 579334d3-7c10-42f4-b10c-e6c2267ece25{ip: 192.168.151.99, host: pr-hdds-1569-g6sp5-2013761785, networkLocation: /default-rack, certSerialId: null}, Type:RATIS, Factor:ONE, State:OPEN]
2019-09-26 16:53:48,824 [grpc-default-executor-0] INFO  impl.RaftServerProxy (RaftServerProxy.java:addNew(89)) - 4a469c34-60df-4173-8d32-715e2ce97f5d: addNew group-4494F858D751:[4a469c34-60df-4173-8d32-715e2ce97f5d:192.168.151.99:42442] returns group-4494F858D751:java.util.concurrent.CompletableFuture@3c1acba6[Not completed]
2019-09-26 16:53:48,829 [pool-87-thread-1] INFO  impl.RaftServerImpl (RaftServerImpl.java:<init>(95)) - 4a469c34-60df-4173-8d32-715e2ce97f5d: new RaftServerImpl for group-4494F858D751:[4a469c34-60df-4173-8d32-715e2ce97f5d:192.168.151.99:42442] with ContainerStateMachine:uninitialized
2019-09-26 16:53:48,829 [pool-87-thread-1] INFO  server.RaftServerConfigKeys (ConfUtils.java:logGet(43)) - raft.server.rpc.timeout.min = 5s (custom)
2019-09-26 16:53:48,830 [pool-87-thread-1] INFO  server.RaftServerConfigKeys (ConfUtils.java:logGet(43)) - raft.server.rpc.timeout.max = 5200ms (custom)
2019-09-26 16:53:48,830 [pool-87-thread-1] INFO  server.RaftServerConfigKeys (ConfUtils.java:logGet(43)) - raft.server.rpcslowness.timeout = 120s (custom)
2019-09-26 16:53:48,830 [pool-87-thread-1] INFO  server.RaftServerConfigKeys (ConfUtils.java:logGet(43)) - raft.server.sleep.deviation.threshold = 300 (default)
2019-09-26 16:53:48,830 [pool-87-thread-1] INFO  server.RaftServerConfigKeys (ConfUtils.java:logGet(43)) - raft.server.log.appender.install.snapshot.enabled = false (custom)
2019-09-26 16:53:48,830 [pool-87-thread-1] INFO  impl.RaftServerImpl (ServerState.java:<init>(103)) - 4a469c34-60df-4173-8d32-715e2ce97f5d@group-4494F858D751: ConfigurationManager, init=-1: [4a469c34-60df-4173-8d32-715e2ce97f5d:192.168.151.99:42442], old=null, confs=<EMPTY_MAP>
2019-09-26 16:53:48,831 [pool-87-thread-1] INFO  server.RaftServerConfigKeys (ConfUtils.java:logGet(43)) - raft.server.storage.dir = [/workdir/hadoop-ozone/integration-test/target/test-dir/MiniOzoneClusterImpl-fdc3d401-fab1-4968-a84f-12bf762e2bbf/datanode-6/data/ratis] (custom)
2019-09-26 16:53:48,831 [pool-87-thread-1] INFO  storage.RaftStorageDirectory (RaftStorageDirectory.java:analyzeStorage(246)) - The storage directory /workdir/hadoop-ozone/integration-test/target/test-dir/MiniOzoneClusterImpl-fdc3d401-fab1-4968-a84f-12bf762e2bbf/datanode-6/data/ratis/c38391a1-923a-4e8d-bd43-4494f858d751 does not exist. Creating ...
2019-09-26 16:53:48,856 [pool-87-thread-1] INFO  storage.RaftStorageDirectory (RaftStorageDirectory.java:tryLock(328)) - Lock on /workdir/hadoop-ozone/integration-test/target/test-dir/MiniOzoneClusterImpl-fdc3d401-fab1-4968-a84f-12bf762e2bbf/datanode-6/data/ratis/c38391a1-923a-4e8d-bd43-4494f858d751/in_use.lock acquired by nodename 15096@pr-hdds-1569-g6sp5-2013761785
2019-09-26 16:53:48,869 [pool-87-thread-1] INFO  storage.RaftStorage (RaftStorage.java:format(72)) - Storage directory /workdir/hadoop-ozone/integration-test/target/test-dir/MiniOzoneClusterImpl-fdc3d401-fab1-4968-a84f-12bf762e2bbf/datanode-6/data/ratis/c38391a1-923a-4e8d-bd43-4494f858d751 has been successfully formatted.
2019-09-26 16:53:48,869 [pool-87-thread-1] INFO  ratis.ContainerStateMachine (ContainerStateMachine.java:loadSnapshot(230)) - group-4494F858D751: The snapshot info is null. Setting the last applied indexto:(t:0, i:~)
2019-09-26 16:53:48,870 [pool-87-thread-1] INFO  server.RaftServerConfigKeys (ConfUtils.java:logGet(43)) - raft.server.notification.no-leader.timeout = 120s (custom)
2019-09-26 16:53:48,870 [pool-87-thread-1] INFO  server.RaftServerConfigKeys (ConfUtils.java:logGet(43)) - raft.server.log.use.memory = false (default)
2019-09-26 16:53:48,870 [pool-87-thread-1] INFO  server.RaftServerConfigKeys (ConfUtils.java:logGet(43)) - raft.server.log.purge.gap = 1000000 (custom)
2019-09-26 16:53:48,870 [pool-87-thread-1] INFO  server.RaftServerConfigKeys (ConfUtils.java:logGet(43)) - raft.server.log.appender.buffer.byte-limit = 33554432 (custom)
2019-09-26 16:53:48,870 [pool-87-thread-1] INFO  server.RaftServerConfigKeys (ConfUtils.java:logGet(43)) - raft.server.log.segment.size.max = 1048576 (custom)
2019-09-26 16:53:48,870 [pool-87-thread-1] INFO  server.RaftServerConfigKeys (ConfUtils.java:logGet(43)) - raft.server.log.segment.cache.num.max = 2 (custom)
2019-09-26 16:53:48,870 [pool-87-thread-1] INFO  segmented.SegmentedRaftLogWorker (SegmentedRaftLogWorker.java:<init>(172)) - new 4a469c34-60df-4173-8d32-715e2ce97f5d@group-4494F858D751-SegmentedRaftLogWorker for RaftStorage:Storage Directory /workdir/hadoop-ozone/integration-test/target/test-dir/MiniOzoneClusterImpl-fdc3d401-fab1-4968-a84f-12bf762e2bbf/datanode-6/data/ratis/c38391a1-923a-4e8d-bd43-4494f858d751
2019-09-26 16:53:48,874 [pool-87-thread-1] INFO  server.RaftServerConfigKeys (ConfUtils.java:logGet(43)) - raft.server.log.queue.byte-limit = 2147483647 (custom)
2019-09-26 16:53:48,874 [pool-87-thread-1] INFO  server.RaftServerConfigKeys (ConfUtils.java:logGet(43)) - raft.server.log.queue.element-limit = 1024 (custom)
2019-09-26 16:53:48,874 [pool-87-thread-1] INFO  server.RaftServerConfigKeys (ConfUtils.java:logGet(43)) - raft.server.log.segment.size.max = 1048576 (custom)
2019-09-26 16:53:48,874 [pool-87-thread-1] INFO  server.RaftServerConfigKeys (ConfUtils.java:logGet(43)) - raft.server.log.preallocated.size = 16384 (custom)
2019-09-26 16:53:48,874 [pool-87-thread-1] INFO  server.RaftServerConfigKeys (ConfUtils.java:logGet(43)) - raft.server.log.write.buffer.size = 33554432 (custom)
2019-09-26 16:53:48,874 [pool-87-thread-1] INFO  server.RaftServerConfigKeys (ConfUtils.java:logGet(43)) - raft.server.log.force.sync.num = 128 (default)
2019-09-26 16:53:48,875 [pool-87-thread-1] INFO  server.RaftServerConfigKeys (ConfUtils.java:logGet(43)) - raft.server.log.statemachine.data.sync = true (default)
2019-09-26 16:53:48,875 [pool-87-thread-1] INFO  server.RaftServerConfigKeys (ConfUtils.java:logGet(43)) - raft.server.log.statemachine.data.sync.timeout = 10s (default)
2019-09-26 16:53:48,875 [pool-87-thread-1] INFO  server.RaftServerConfigKeys (ConfUtils.java:logGet(43)) - raft.server.log.statemachine.data.sync.timeout.retry = -1 (default)
2019-09-26 16:53:48,875 [pool-87-thread-1] INFO  server.RaftServerConfigKeys (ConfUtils.java:logGet(43)) - raft.server.log.statemachine.data.caching.enabled = true (custom)
2019-09-26 16:53:48,876 [pool-87-thread-1] INFO  segmented.SegmentedRaftLogWorker (SegmentedRaftLogWorker.java:lambda$new$0(132)) - 4a469c34-60df-4173-8d32-715e2ce97f5d@group-4494F858D751-SegmentedRaftLogWorker: flushIndex: setUnconditionally 0 -> -1
2019-09-26 16:53:48,876 [pool-87-thread-1] INFO  server.RaftServerConfigKeys (ConfUtils.java:logGet(43)) - raft.server.snapshot.auto.trigger.enabled = true (custom)
2019-09-26 16:53:48,876 [pool-87-thread-1] INFO  server.RaftServerConfigKeys (ConfUtils.java:logGet(43)) - raft.server.snapshot.auto.trigger.threshold = 10000 (custom)
2019-09-26 16:53:48,876 [pool-87-thread-1] INFO  server.RaftServerConfigKeys (ConfUtils.java:logGet(43)) - raft.server.snapshot.retention.num.files = 5 (custom)
2019-09-26 16:53:48,876 [pool-87-thread-1] INFO  server.RaftServerConfigKeys (ConfUtils.java:logGet(43)) - raft.server.retrycache.expirytime = 600000ms (custom)
2019-09-26 16:53:48,879 [pool-87-thread-1] INFO  impl.RaftServerImpl (RaftServerImpl.java:start(185)) - 4a469c34-60df-4173-8d32-715e2ce97f5d@group-4494F858D751: start as a follower, conf=-1: [4a469c34-60df-4173-8d32-715e2ce97f5d:192.168.151.99:42442], old=null
2019-09-26 16:53:48,879 [pool-87-thread-1] INFO  impl.RaftServerImpl (RaftServerImpl.java:setRole(174)) - 4a469c34-60df-4173-8d32-715e2ce97f5d@group-4494F858D751: changes role from      null to FOLLOWER at term 0 for startAsFollower
2019-09-26 16:53:48,880 [pool-87-thread-1] INFO  impl.RoleInfo (RoleInfo.java:updateAndGet(143)) - 4a469c34-60df-4173-8d32-715e2ce97f5d: start FollowerState
2019-09-26 16:53:48,880 [pool-87-thread-1] INFO  util.JmxRegister (JmxRegister.java:tryRegister(44)) - Successfully registered JMX Bean with object name Ratis:service=RaftServer,group=group-4494F858D751,id=4a469c34-60df-4173-8d32-715e2ce97f5d
2019-09-26 16:53:48,895 [RatisPipelineUtilsThread] INFO  pipeline.PipelineStateManager (PipelineStateManager.java:addPipeline(56)) - Created pipeline Pipeline[ Id: c38391a1-923a-4e8d-bd43-4494f858d751, Nodes: 4a469c34-60df-4173-8d32-715e2ce97f5d{ip: 192.168.151.99, host: pr-hdds-1569-g6sp5-2013761785, networkLocation: /default-rack, certSerialId: null}, Type:RATIS, Factor:ONE, State:OPEN]
2019-09-26 16:53:48,915 [grpc-default-executor-0] INFO  impl.RaftServerProxy (RaftServerProxy.java:addNew(89)) - deac9605-e739-4d95-8360-f57df793faca: addNew group-A068958DCC8D:[deac9605-e739-4d95-8360-f57df793faca:192.168.151.99:46601] returns group-A068958DCC8D:java.util.concurrent.CompletableFuture@5c8d4624[Not completed]
2019-09-26 16:53:48,917 [pool-27-thread-1] INFO  impl.RaftServerImpl (RaftServerImpl.java:<init>(95)) - deac9605-e739-4d95-8360-f57df793faca: new RaftServerImpl for group-A068958DCC8D:[deac9605-e739-4d95-8360-f57df793faca:192.168.151.99:46601] with ContainerStateMachine:uninitialized
2019-09-26 16:53:48,917 [pool-27-thread-1] INFO  server.RaftServerConfigKeys (ConfUtils.java:logGet(43)) - raft.server.rpc.timeout.min = 5s (custom)
2019-09-26 16:53:48,917 [pool-27-thread-1] INFO  server.RaftServerConfigKeys (ConfUtils.java:logGet(43)) - raft.server.rpc.timeout.max = 5200ms (custom)
2019-09-26 16:53:48,918 [pool-27-thread-1] INFO  server.RaftServerConfigKeys (ConfUtils.java:logGet(43)) - raft.server.rpcslowness.timeout = 120s (custom)
2019-09-26 16:53:48,918 [pool-27-thread-1] INFO  server.RaftServerConfigKeys (ConfUtils.java:logGet(43)) - raft.server.sleep.deviation.threshold = 300 (default)
2019-09-26 16:53:48,918 [pool-27-thread-1] INFO  server.RaftServerConfigKeys (ConfUtils.java:logGet(43)) - raft.server.log.appender.install.snapshot.enabled = false (custom)
2019-09-26 16:53:48,918 [pool-27-thread-1] INFO  impl.RaftServerImpl (ServerState.java:<init>(103)) - deac9605-e739-4d95-8360-f57df793faca@group-A068958DCC8D: ConfigurationManager, init=-1: [deac9605-e739-4d95-8360-f57df793faca:192.168.151.99:46601], old=null, confs=<EMPTY_MAP>
2019-09-26 16:53:48,918 [pool-27-thread-1] INFO  server.RaftServerConfigKeys (ConfUtils.java:logGet(43)) - raft.server.storage.dir = [/workdir/hadoop-ozone/integration-test/target/test-dir/MiniOzoneClusterImpl-fdc3d401-fab1-4968-a84f-12bf762e2bbf/datanode-0/data/ratis] (custom)
2019-09-26 16:53:48,919 [pool-27-thread-1] INFO  storage.RaftStorageDirectory (RaftStorageDirectory.java:analyzeStorage(246)) - The storage directory /workdir/hadoop-ozone/integration-test/target/test-dir/MiniOzoneClusterImpl-fdc3d401-fab1-4968-a84f-12bf762e2bbf/datanode-0/data/ratis/cfc96131-8fdf-49bc-8735-a068958dcc8d does not exist. Creating ...
2019-09-26 16:53:48,931 [pool-27-thread-1] INFO  storage.RaftStorageDirectory (RaftStorageDirectory.java:tryLock(328)) - Lock on /workdir/hadoop-ozone/integration-test/target/test-dir/MiniOzoneClusterImpl-fdc3d401-fab1-4968-a84f-12bf762e2bbf/datanode-0/data/ratis/cfc96131-8fdf-49bc-8735-a068958dcc8d/in_use.lock acquired by nodename 15096@pr-hdds-1569-g6sp5-2013761785
2019-09-26 16:53:48,949 [pool-27-thread-1] INFO  storage.RaftStorage (RaftStorage.java:format(72)) - Storage directory /workdir/hadoop-ozone/integration-test/target/test-dir/MiniOzoneClusterImpl-fdc3d401-fab1-4968-a84f-12bf762e2bbf/datanode-0/data/ratis/cfc96131-8fdf-49bc-8735-a068958dcc8d has been successfully formatted.
2019-09-26 16:53:48,949 [pool-27-thread-1] INFO  ratis.ContainerStateMachine (ContainerStateMachine.java:loadSnapshot(230)) - group-A068958DCC8D: The snapshot info is null. Setting the last applied indexto:(t:0, i:~)
2019-09-26 16:53:48,949 [pool-27-thread-1] INFO  server.RaftServerConfigKeys (ConfUtils.java:logGet(43)) - raft.server.notification.no-leader.timeout = 120s (custom)
2019-09-26 16:53:48,949 [pool-27-thread-1] INFO  server.RaftServerConfigKeys (ConfUtils.java:logGet(43)) - raft.server.log.use.memory = false (default)
2019-09-26 16:53:48,950 [pool-27-thread-1] INFO  server.RaftServerConfigKeys (ConfUtils.java:logGet(43)) - raft.server.log.purge.gap = 1000000 (custom)
2019-09-26 16:53:48,950 [pool-27-thread-1] INFO  server.RaftServerConfigKeys (ConfUtils.java:logGet(43)) - raft.server.log.appender.buffer.byte-limit = 33554432 (custom)
2019-09-26 16:53:48,950 [pool-27-thread-1] INFO  server.RaftServerConfigKeys (ConfUtils.java:logGet(43)) - raft.server.log.segment.size.max = 1048576 (custom)
2019-09-26 16:53:48,950 [pool-27-thread-1] INFO  server.RaftServerConfigKeys (ConfUtils.java:logGet(43)) - raft.server.log.segment.cache.num.max = 2 (custom)
2019-09-26 16:53:48,950 [pool-27-thread-1] INFO  segmented.SegmentedRaftLogWorker (SegmentedRaftLogWorker.java:<init>(172)) - new deac9605-e739-4d95-8360-f57df793faca@group-A068958DCC8D-SegmentedRaftLogWorker for RaftStorage:Storage Directory /workdir/hadoop-ozone/integration-test/target/test-dir/MiniOzoneClusterImpl-fdc3d401-fab1-4968-a84f-12bf762e2bbf/datanode-0/data/ratis/cfc96131-8fdf-49bc-8735-a068958dcc8d
2019-09-26 16:53:48,950 [pool-27-thread-1] INFO  server.RaftServerConfigKeys (ConfUtils.java:logGet(43)) - raft.server.log.queue.byte-limit = 2147483647 (custom)
2019-09-26 16:53:48,951 [pool-27-thread-1] INFO  server.RaftServerConfigKeys (ConfUtils.java:logGet(43)) - raft.server.log.queue.element-limit = 1024 (custom)
2019-09-26 16:53:48,951 [pool-27-thread-1] INFO  server.RaftServerConfigKeys (ConfUtils.java:logGet(43)) - raft.server.log.segment.size.max = 1048576 (custom)
2019-09-26 16:53:48,951 [pool-27-thread-1] INFO  server.RaftServerConfigKeys (ConfUtils.java:logGet(43)) - raft.server.log.preallocated.size = 16384 (custom)
2019-09-26 16:53:48,951 [pool-27-thread-1] INFO  server.RaftServerConfigKeys (ConfUtils.java:logGet(43)) - raft.server.log.write.buffer.size = 33554432 (custom)
2019-09-26 16:53:48,951 [pool-27-thread-1] INFO  server.RaftServerConfigKeys (ConfUtils.java:logGet(43)) - raft.server.log.force.sync.num = 128 (default)
2019-09-26 16:53:48,951 [pool-27-thread-1] INFO  server.RaftServerConfigKeys (ConfUtils.java:logGet(43)) - raft.server.log.statemachine.data.sync = true (default)
2019-09-26 16:53:48,952 [pool-27-thread-1] INFO  server.RaftServerConfigKeys (ConfUtils.java:logGet(43)) - raft.server.log.statemachine.data.sync.timeout = 10s (default)
2019-09-26 16:53:48,952 [pool-27-thread-1] INFO  server.RaftServerConfigKeys (ConfUtils.java:logGet(43)) - raft.server.log.statemachine.data.sync.timeout.retry = -1 (default)
2019-09-26 16:53:48,952 [pool-27-thread-1] INFO  server.RaftServerConfigKeys (ConfUtils.java:logGet(43)) - raft.server.log.statemachine.data.caching.enabled = true (custom)
2019-09-26 16:53:48,953 [pool-27-thread-1] INFO  segmented.SegmentedRaftLogWorker (SegmentedRaftLogWorker.java:lambda$new$0(132)) - deac9605-e739-4d95-8360-f57df793faca@group-A068958DCC8D-SegmentedRaftLogWorker: flushIndex: setUnconditionally 0 -> -1
2019-09-26 16:53:48,953 [pool-27-thread-1] INFO  server.RaftServerConfigKeys (ConfUtils.java:logGet(43)) - raft.server.snapshot.auto.trigger.enabled = true (custom)
2019-09-26 16:53:48,953 [pool-27-thread-1] INFO  server.RaftServerConfigKeys (ConfUtils.java:logGet(43)) - raft.server.snapshot.auto.trigger.threshold = 10000 (custom)
2019-09-26 16:53:48,953 [pool-27-thread-1] INFO  server.RaftServerConfigKeys (ConfUtils.java:logGet(43)) - raft.server.snapshot.retention.num.files = 5 (custom)
2019-09-26 16:53:48,953 [pool-27-thread-1] INFO  server.RaftServerConfigKeys (ConfUtils.java:logGet(43)) - raft.server.retrycache.expirytime = 600000ms (custom)
2019-09-26 16:53:48,956 [pool-27-thread-1] INFO  impl.RaftServerImpl (RaftServerImpl.java:start(185)) - deac9605-e739-4d95-8360-f57df793faca@group-A068958DCC8D: start as a follower, conf=-1: [deac9605-e739-4d95-8360-f57df793faca:192.168.151.99:46601], old=null
2019-09-26 16:53:48,956 [pool-27-thread-1] INFO  impl.RaftServerImpl (RaftServerImpl.java:setRole(174)) - deac9605-e739-4d95-8360-f57df793faca@group-A068958DCC8D: changes role from      null to FOLLOWER at term 0 for startAsFollower
2019-09-26 16:53:48,957 [pool-27-thread-1] INFO  impl.RoleInfo (RoleInfo.java:updateAndGet(143)) - deac9605-e739-4d95-8360-f57df793faca: start FollowerState
2019-09-26 16:53:48,957 [pool-27-thread-1] INFO  util.JmxRegister (JmxRegister.java:tryRegister(44)) - Successfully registered JMX Bean with object name Ratis:service=RaftServer,group=group-A068958DCC8D,id=deac9605-e739-4d95-8360-f57df793faca
2019-09-26 16:53:48,971 [RatisPipelineUtilsThread] INFO  pipeline.PipelineStateManager (PipelineStateManager.java:addPipeline(56)) - Created pipeline Pipeline[ Id: cfc96131-8fdf-49bc-8735-a068958dcc8d, Nodes: deac9605-e739-4d95-8360-f57df793faca{ip: 192.168.151.99, host: pr-hdds-1569-g6sp5-2013761785, networkLocation: /default-rack, certSerialId: null}, Type:RATIS, Factor:ONE, State:OPEN]
2019-09-26 16:53:48,987 [grpc-default-executor-0] INFO  impl.RaftServerProxy (RaftServerProxy.java:addNew(89)) - 7fda706b-4e23-4e10-baba-12810c05fbbb: addNew group-7C8BDE3BD262:[7fda706b-4e23-4e10-baba-12810c05fbbb:192.168.151.99:32897] returns group-7C8BDE3BD262:java.util.concurrent.CompletableFuture@5d5e58b2[Not completed]
2019-09-26 16:53:48,989 [pool-37-thread-1] INFO  impl.RaftServerImpl (RaftServerImpl.java:<init>(95)) - 7fda706b-4e23-4e10-baba-12810c05fbbb: new RaftServerImpl for group-7C8BDE3BD262:[7fda706b-4e23-4e10-baba-12810c05fbbb:192.168.151.99:32897] with ContainerStateMachine:uninitialized
2019-09-26 16:53:48,990 [pool-37-thread-1] INFO  server.RaftServerConfigKeys (ConfUtils.java:logGet(43)) - raft.server.rpc.timeout.min = 5s (custom)
2019-09-26 16:53:48,990 [pool-37-thread-1] INFO  server.RaftServerConfigKeys (ConfUtils.java:logGet(43)) - raft.server.rpc.timeout.max = 5200ms (custom)
2019-09-26 16:53:48,992 [pool-37-thread-1] INFO  server.RaftServerConfigKeys (ConfUtils.java:logGet(43)) - raft.server.rpcslowness.timeout = 120s (custom)
2019-09-26 16:53:48,992 [pool-37-thread-1] INFO  server.RaftServerConfigKeys (ConfUtils.java:logGet(43)) - raft.server.sleep.deviation.threshold = 300 (default)
2019-09-26 16:53:48,992 [pool-37-thread-1] INFO  server.RaftServerConfigKeys (ConfUtils.java:logGet(43)) - raft.server.log.appender.install.snapshot.enabled = false (custom)
2019-09-26 16:53:48,992 [pool-37-thread-1] INFO  impl.RaftServerImpl (ServerState.java:<init>(103)) - 7fda706b-4e23-4e10-baba-12810c05fbbb@group-7C8BDE3BD262: ConfigurationManager, init=-1: [7fda706b-4e23-4e10-baba-12810c05fbbb:192.168.151.99:32897], old=null, confs=<EMPTY_MAP>
2019-09-26 16:53:48,992 [pool-37-thread-1] INFO  server.RaftServerConfigKeys (ConfUtils.java:logGet(43)) - raft.server.storage.dir = [/workdir/hadoop-ozone/integration-test/target/test-dir/MiniOzoneClusterImpl-fdc3d401-fab1-4968-a84f-12bf762e2bbf/datanode-1/data/ratis] (custom)
2019-09-26 16:53:48,993 [pool-37-thread-1] INFO  storage.RaftStorageDirectory (RaftStorageDirectory.java:analyzeStorage(246)) - The storage directory /workdir/hadoop-ozone/integration-test/target/test-dir/MiniOzoneClusterImpl-fdc3d401-fab1-4968-a84f-12bf762e2bbf/datanode-1/data/ratis/2cc21b7f-a28f-4624-bd2f-7c8bde3bd262 does not exist. Creating ...
2019-09-26 16:53:49,005 [pool-37-thread-1] INFO  storage.RaftStorageDirectory (RaftStorageDirectory.java:tryLock(328)) - Lock on /workdir/hadoop-ozone/integration-test/target/test-dir/MiniOzoneClusterImpl-fdc3d401-fab1-4968-a84f-12bf762e2bbf/datanode-1/data/ratis/2cc21b7f-a28f-4624-bd2f-7c8bde3bd262/in_use.lock acquired by nodename 15096@pr-hdds-1569-g6sp5-2013761785
2019-09-26 16:53:49,023 [pool-37-thread-1] INFO  storage.RaftStorage (RaftStorage.java:format(72)) - Storage directory /workdir/hadoop-ozone/integration-test/target/test-dir/MiniOzoneClusterImpl-fdc3d401-fab1-4968-a84f-12bf762e2bbf/datanode-1/data/ratis/2cc21b7f-a28f-4624-bd2f-7c8bde3bd262 has been successfully formatted.
2019-09-26 16:53:49,023 [pool-37-thread-1] INFO  ratis.ContainerStateMachine (ContainerStateMachine.java:loadSnapshot(230)) - group-7C8BDE3BD262: The snapshot info is null. Setting the last applied indexto:(t:0, i:~)
2019-09-26 16:53:49,023 [pool-37-thread-1] INFO  server.RaftServerConfigKeys (ConfUtils.java:logGet(43)) - raft.server.notification.no-leader.timeout = 120s (custom)
2019-09-26 16:53:49,024 [pool-37-thread-1] INFO  server.RaftServerConfigKeys (ConfUtils.java:logGet(43)) - raft.server.log.use.memory = false (default)
2019-09-26 16:53:49,024 [pool-37-thread-1] INFO  server.RaftServerConfigKeys (ConfUtils.java:logGet(43)) - raft.server.log.purge.gap = 1000000 (custom)
2019-09-26 16:53:49,024 [pool-37-thread-1] INFO  server.RaftServerConfigKeys (ConfUtils.java:logGet(43)) - raft.server.log.appender.buffer.byte-limit = 33554432 (custom)
2019-09-26 16:53:49,024 [pool-37-thread-1] INFO  server.RaftServerConfigKeys (ConfUtils.java:logGet(43)) - raft.server.log.segment.size.max = 1048576 (custom)
2019-09-26 16:53:49,024 [pool-37-thread-1] INFO  server.RaftServerConfigKeys (ConfUtils.java:logGet(43)) - raft.server.log.segment.cache.num.max = 2 (custom)
2019-09-26 16:53:49,024 [pool-37-thread-1] INFO  segmented.SegmentedRaftLogWorker (SegmentedRaftLogWorker.java:<init>(172)) - new 7fda706b-4e23-4e10-baba-12810c05fbbb@group-7C8BDE3BD262-SegmentedRaftLogWorker for RaftStorage:Storage Directory /workdir/hadoop-ozone/integration-test/target/test-dir/MiniOzoneClusterImpl-fdc3d401-fab1-4968-a84f-12bf762e2bbf/datanode-1/data/ratis/2cc21b7f-a28f-4624-bd2f-7c8bde3bd262
2019-09-26 16:53:49,027 [pool-37-thread-1] INFO  server.RaftServerConfigKeys (ConfUtils.java:logGet(43)) - raft.server.log.queue.byte-limit = 2147483647 (custom)
2019-09-26 16:53:49,027 [pool-37-thread-1] INFO  server.RaftServerConfigKeys (ConfUtils.java:logGet(43)) - raft.server.log.queue.element-limit = 1024 (custom)
2019-09-26 16:53:49,028 [pool-37-thread-1] INFO  server.RaftServerConfigKeys (ConfUtils.java:logGet(43)) - raft.server.log.segment.size.max = 1048576 (custom)
2019-09-26 16:53:49,028 [pool-37-thread-1] INFO  server.RaftServerConfigKeys (ConfUtils.java:logGet(43)) - raft.server.log.preallocated.size = 16384 (custom)
2019-09-26 16:53:49,028 [pool-37-thread-1] INFO  server.RaftServerConfigKeys (ConfUtils.java:logGet(43)) - raft.server.log.write.buffer.size = 33554432 (custom)
2019-09-26 16:53:49,028 [pool-37-thread-1] INFO  server.RaftServerConfigKeys (ConfUtils.java:logGet(43)) - raft.server.log.force.sync.num = 128 (default)
2019-09-26 16:53:49,028 [pool-37-thread-1] INFO  server.RaftServerConfigKeys (ConfUtils.java:logGet(43)) - raft.server.log.statemachine.data.sync = true (default)
2019-09-26 16:53:49,029 [pool-37-thread-1] INFO  server.RaftServerConfigKeys (ConfUtils.java:logGet(43)) - raft.server.log.statemachine.data.sync.timeout = 10s (default)
2019-09-26 16:53:49,029 [pool-37-thread-1] INFO  server.RaftServerConfigKeys (ConfUtils.java:logGet(43)) - raft.server.log.statemachine.data.sync.timeout.retry = -1 (default)
2019-09-26 16:53:49,029 [pool-37-thread-1] INFO  server.RaftServerConfigKeys (ConfUtils.java:logGet(43)) - raft.server.log.statemachine.data.caching.enabled = true (custom)
2019-09-26 16:53:49,029 [pool-37-thread-1] INFO  segmented.SegmentedRaftLogWorker (SegmentedRaftLogWorker.java:lambda$new$0(132)) - 7fda706b-4e23-4e10-baba-12810c05fbbb@group-7C8BDE3BD262-SegmentedRaftLogWorker: flushIndex: setUnconditionally 0 -> -1
2019-09-26 16:53:49,030 [pool-37-thread-1] INFO  server.RaftServerConfigKeys (ConfUtils.java:logGet(43)) - raft.server.snapshot.auto.trigger.enabled = true (custom)
2019-09-26 16:53:49,030 [pool-37-thread-1] INFO  server.RaftServerConfigKeys (ConfUtils.java:logGet(43)) - raft.server.snapshot.auto.trigger.threshold = 10000 (custom)
2019-09-26 16:53:49,030 [pool-37-thread-1] INFO  server.RaftServerConfigKeys (ConfUtils.java:logGet(43)) - raft.server.snapshot.retention.num.files = 5 (custom)
2019-09-26 16:53:49,030 [pool-37-thread-1] INFO  server.RaftServerConfigKeys (ConfUtils.java:logGet(43)) - raft.server.retrycache.expirytime = 600000ms (custom)
2019-09-26 16:53:49,036 [pool-37-thread-1] INFO  impl.RaftServerImpl (RaftServerImpl.java:start(185)) - 7fda706b-4e23-4e10-baba-12810c05fbbb@group-7C8BDE3BD262: start as a follower, conf=-1: [7fda706b-4e23-4e10-baba-12810c05fbbb:192.168.151.99:32897], old=null
2019-09-26 16:53:49,037 [pool-37-thread-1] INFO  impl.RaftServerImpl (RaftServerImpl.java:setRole(174)) - 7fda706b-4e23-4e10-baba-12810c05fbbb@group-7C8BDE3BD262: changes role from      null to FOLLOWER at term 0 for startAsFollower
2019-09-26 16:53:49,037 [pool-37-thread-1] INFO  impl.RoleInfo (RoleInfo.java:updateAndGet(143)) - 7fda706b-4e23-4e10-baba-12810c05fbbb: start FollowerState
2019-09-26 16:53:49,038 [pool-37-thread-1] INFO  util.JmxRegister (JmxRegister.java:tryRegister(44)) - Successfully registered JMX Bean with object name Ratis:service=RaftServer,group=group-7C8BDE3BD262,id=7fda706b-4e23-4e10-baba-12810c05fbbb
2019-09-26 16:53:49,059 [RatisPipelineUtilsThread] INFO  pipeline.PipelineStateManager (PipelineStateManager.java:addPipeline(56)) - Created pipeline Pipeline[ Id: 2cc21b7f-a28f-4624-bd2f-7c8bde3bd262, Nodes: 7fda706b-4e23-4e10-baba-12810c05fbbb{ip: 192.168.151.99, host: pr-hdds-1569-g6sp5-2013761785, networkLocation: /default-rack, certSerialId: null}, Type:RATIS, Factor:ONE, State:OPEN]
2019-09-26 16:53:49,077 [grpc-default-executor-0] INFO  impl.RaftServerProxy (RaftServerProxy.java:addNew(89)) - 7fda706b-4e23-4e10-baba-12810c05fbbb: addNew group-01B355C17CDA:[7fda706b-4e23-4e10-baba-12810c05fbbb:192.168.151.99:32897] returns group-01B355C17CDA:java.util.concurrent.CompletableFuture@27b835f8[Not completed]
2019-09-26 16:53:49,079 [pool-37-thread-1] INFO  impl.RaftServerImpl (RaftServerImpl.java:<init>(95)) - 7fda706b-4e23-4e10-baba-12810c05fbbb: new RaftServerImpl for group-01B355C17CDA:[7fda706b-4e23-4e10-baba-12810c05fbbb:192.168.151.99:32897] with ContainerStateMachine:uninitialized
2019-09-26 16:53:49,079 [pool-37-thread-1] INFO  server.RaftServerConfigKeys (ConfUtils.java:logGet(43)) - raft.server.rpc.timeout.min = 5s (custom)
2019-09-26 16:53:49,080 [pool-37-thread-1] INFO  server.RaftServerConfigKeys (ConfUtils.java:logGet(43)) - raft.server.rpc.timeout.max = 5200ms (custom)
2019-09-26 16:53:49,080 [pool-37-thread-1] INFO  server.RaftServerConfigKeys (ConfUtils.java:logGet(43)) - raft.server.rpcslowness.timeout = 120s (custom)
2019-09-26 16:53:49,080 [pool-37-thread-1] INFO  server.RaftServerConfigKeys (ConfUtils.java:logGet(43)) - raft.server.sleep.deviation.threshold = 300 (default)
2019-09-26 16:53:49,080 [pool-37-thread-1] INFO  server.RaftServerConfigKeys (ConfUtils.java:logGet(43)) - raft.server.log.appender.install.snapshot.enabled = false (custom)
2019-09-26 16:53:49,080 [pool-37-thread-1] INFO  impl.RaftServerImpl (ServerState.java:<init>(103)) - 7fda706b-4e23-4e10-baba-12810c05fbbb@group-01B355C17CDA: ConfigurationManager, init=-1: [7fda706b-4e23-4e10-baba-12810c05fbbb:192.168.151.99:32897], old=null, confs=<EMPTY_MAP>
2019-09-26 16:53:49,081 [pool-37-thread-1] INFO  server.RaftServerConfigKeys (ConfUtils.java:logGet(43)) - raft.server.storage.dir = [/workdir/hadoop-ozone/integration-test/target/test-dir/MiniOzoneClusterImpl-fdc3d401-fab1-4968-a84f-12bf762e2bbf/datanode-1/data/ratis] (custom)
2019-09-26 16:53:49,081 [pool-37-thread-1] INFO  storage.RaftStorageDirectory (RaftStorageDirectory.java:analyzeStorage(246)) - The storage directory /workdir/hadoop-ozone/integration-test/target/test-dir/MiniOzoneClusterImpl-fdc3d401-fab1-4968-a84f-12bf762e2bbf/datanode-1/data/ratis/5d08e8bb-a77a-433f-b4de-01b355c17cda does not exist. Creating ...
2019-09-26 16:53:49,106 [pool-37-thread-1] INFO  storage.RaftStorageDirectory (RaftStorageDirectory.java:tryLock(328)) - Lock on /workdir/hadoop-ozone/integration-test/target/test-dir/MiniOzoneClusterImpl-fdc3d401-fab1-4968-a84f-12bf762e2bbf/datanode-1/data/ratis/5d08e8bb-a77a-433f-b4de-01b355c17cda/in_use.lock acquired by nodename 15096@pr-hdds-1569-g6sp5-2013761785
2019-09-26 16:53:49,120 [pool-37-thread-1] INFO  storage.RaftStorage (RaftStorage.java:format(72)) - Storage directory /workdir/hadoop-ozone/integration-test/target/test-dir/MiniOzoneClusterImpl-fdc3d401-fab1-4968-a84f-12bf762e2bbf/datanode-1/data/ratis/5d08e8bb-a77a-433f-b4de-01b355c17cda has been successfully formatted.
2019-09-26 16:53:49,120 [pool-37-thread-1] INFO  ratis.ContainerStateMachine (ContainerStateMachine.java:loadSnapshot(230)) - group-01B355C17CDA: The snapshot info is null. Setting the last applied indexto:(t:0, i:~)
2019-09-26 16:53:49,121 [pool-37-thread-1] INFO  server.RaftServerConfigKeys (ConfUtils.java:logGet(43)) - raft.server.notification.no-leader.timeout = 120s (custom)
2019-09-26 16:53:49,121 [pool-37-thread-1] INFO  server.RaftServerConfigKeys (ConfUtils.java:logGet(43)) - raft.server.log.use.memory = false (default)
2019-09-26 16:53:49,121 [pool-37-thread-1] INFO  server.RaftServerConfigKeys (ConfUtils.java:logGet(43)) - raft.server.log.purge.gap = 1000000 (custom)
2019-09-26 16:53:49,121 [pool-37-thread-1] INFO  server.RaftServerConfigKeys (ConfUtils.java:logGet(43)) - raft.server.log.appender.buffer.byte-limit = 33554432 (custom)
2019-09-26 16:53:49,121 [pool-37-thread-1] INFO  server.RaftServerConfigKeys (ConfUtils.java:logGet(43)) - raft.server.log.segment.size.max = 1048576 (custom)
2019-09-26 16:53:49,121 [pool-37-thread-1] INFO  server.RaftServerConfigKeys (ConfUtils.java:logGet(43)) - raft.server.log.segment.cache.num.max = 2 (custom)
2019-09-26 16:53:49,121 [pool-37-thread-1] INFO  segmented.SegmentedRaftLogWorker (SegmentedRaftLogWorker.java:<init>(172)) - new 7fda706b-4e23-4e10-baba-12810c05fbbb@group-01B355C17CDA-SegmentedRaftLogWorker for RaftStorage:Storage Directory /workdir/hadoop-ozone/integration-test/target/test-dir/MiniOzoneClusterImpl-fdc3d401-fab1-4968-a84f-12bf762e2bbf/datanode-1/data/ratis/5d08e8bb-a77a-433f-b4de-01b355c17cda
2019-09-26 16:53:49,122 [pool-37-thread-1] INFO  server.RaftServerConfigKeys (ConfUtils.java:logGet(43)) - raft.server.log.queue.byte-limit = 2147483647 (custom)
2019-09-26 16:53:49,122 [pool-37-thread-1] INFO  server.RaftServerConfigKeys (ConfUtils.java:logGet(43)) - raft.server.log.queue.element-limit = 1024 (custom)
2019-09-26 16:53:49,122 [pool-37-thread-1] INFO  server.RaftServerConfigKeys (ConfUtils.java:logGet(43)) - raft.server.log.segment.size.max = 1048576 (custom)
2019-09-26 16:53:49,122 [pool-37-thread-1] INFO  server.RaftServerConfigKeys (ConfUtils.java:logGet(43)) - raft.server.log.preallocated.size = 16384 (custom)
2019-09-26 16:53:49,122 [pool-37-thread-1] INFO  server.RaftServerConfigKeys (ConfUtils.java:logGet(43)) - raft.server.log.write.buffer.size = 33554432 (custom)
2019-09-26 16:53:49,122 [pool-37-thread-1] INFO  server.RaftServerConfigKeys (ConfUtils.java:logGet(43)) - raft.server.log.force.sync.num = 128 (default)
2019-09-26 16:53:49,122 [pool-37-thread-1] INFO  server.RaftServerConfigKeys (ConfUtils.java:logGet(43)) - raft.server.log.statemachine.data.sync = true (default)
2019-09-26 16:53:49,123 [pool-37-thread-1] INFO  server.RaftServerConfigKeys (ConfUtils.java:logGet(43)) - raft.server.log.statemachine.data.sync.timeout = 10s (default)
2019-09-26 16:53:49,123 [pool-37-thread-1] INFO  server.RaftServerConfigKeys (ConfUtils.java:logGet(43)) - raft.server.log.statemachine.data.sync.timeout.retry = -1 (default)
2019-09-26 16:53:49,123 [pool-37-thread-1] INFO  server.RaftServerConfigKeys (ConfUtils.java:logGet(43)) - raft.server.log.statemachine.data.caching.enabled = true (custom)
2019-09-26 16:53:49,123 [pool-37-thread-1] INFO  segmented.SegmentedRaftLogWorker (SegmentedRaftLogWorker.java:lambda$new$0(132)) - 7fda706b-4e23-4e10-baba-12810c05fbbb@group-01B355C17CDA-SegmentedRaftLogWorker: flushIndex: setUnconditionally 0 -> -1
2019-09-26 16:53:49,124 [pool-37-thread-1] INFO  server.RaftServerConfigKeys (ConfUtils.java:logGet(43)) - raft.server.snapshot.auto.trigger.enabled = true (custom)
2019-09-26 16:53:49,124 [pool-37-thread-1] INFO  server.RaftServerConfigKeys (ConfUtils.java:logGet(43)) - raft.server.snapshot.auto.trigger.threshold = 10000 (custom)
2019-09-26 16:53:49,124 [pool-37-thread-1] INFO  server.RaftServerConfigKeys (ConfUtils.java:logGet(43)) - raft.server.snapshot.retention.num.files = 5 (custom)
2019-09-26 16:53:49,124 [pool-37-thread-1] INFO  server.RaftServerConfigKeys (ConfUtils.java:logGet(43)) - raft.server.retrycache.expirytime = 600000ms (custom)
2019-09-26 16:53:49,127 [pool-37-thread-1] INFO  impl.RaftServerImpl (RaftServerImpl.java:start(185)) - 7fda706b-4e23-4e10-baba-12810c05fbbb@group-01B355C17CDA: start as a follower, conf=-1: [7fda706b-4e23-4e10-baba-12810c05fbbb:192.168.151.99:32897], old=null
2019-09-26 16:53:49,127 [pool-37-thread-1] INFO  impl.RaftServerImpl (RaftServerImpl.java:setRole(174)) - 7fda706b-4e23-4e10-baba-12810c05fbbb@group-01B355C17CDA: changes role from      null to FOLLOWER at term 0 for startAsFollower
2019-09-26 16:53:49,127 [pool-37-thread-1] INFO  impl.RoleInfo (RoleInfo.java:updateAndGet(143)) - 7fda706b-4e23-4e10-baba-12810c05fbbb: start FollowerState
2019-09-26 16:53:49,128 [pool-37-thread-1] INFO  util.JmxRegister (JmxRegister.java:tryRegister(44)) - Successfully registered JMX Bean with object name Ratis:service=RaftServer,group=group-01B355C17CDA,id=7fda706b-4e23-4e10-baba-12810c05fbbb
2019-09-26 16:53:49,139 [RatisPipelineUtilsThread] INFO  pipeline.PipelineStateManager (PipelineStateManager.java:addPipeline(56)) - Created pipeline Pipeline[ Id: 5d08e8bb-a77a-433f-b4de-01b355c17cda, Nodes: 7fda706b-4e23-4e10-baba-12810c05fbbb{ip: 192.168.151.99, host: pr-hdds-1569-g6sp5-2013761785, networkLocation: /default-rack, certSerialId: null}, Type:RATIS, Factor:ONE, State:OPEN]
2019-09-26 16:53:49,158 [grpc-default-executor-0] INFO  impl.RaftServerProxy (RaftServerProxy.java:addNew(89)) - 5160ea40-cc48-41a9-a1d1-1151a36e77d8: addNew group-5230A7DA4A47:[5160ea40-cc48-41a9-a1d1-1151a36e77d8:192.168.151.99:45356] returns group-5230A7DA4A47:java.util.concurrent.CompletableFuture@43b264db[Not completed]
2019-09-26 16:53:49,160 [pool-57-thread-1] INFO  impl.RaftServerImpl (RaftServerImpl.java:<init>(95)) - 5160ea40-cc48-41a9-a1d1-1151a36e77d8: new RaftServerImpl for group-5230A7DA4A47:[5160ea40-cc48-41a9-a1d1-1151a36e77d8:192.168.151.99:45356] with ContainerStateMachine:uninitialized
2019-09-26 16:53:49,160 [pool-57-thread-1] INFO  server.RaftServerConfigKeys (ConfUtils.java:logGet(43)) - raft.server.rpc.timeout.min = 5s (custom)
2019-09-26 16:53:49,160 [pool-57-thread-1] INFO  server.RaftServerConfigKeys (ConfUtils.java:logGet(43)) - raft.server.rpc.timeout.max = 5200ms (custom)
2019-09-26 16:53:49,160 [pool-57-thread-1] INFO  server.RaftServerConfigKeys (ConfUtils.java:logGet(43)) - raft.server.rpcslowness.timeout = 120s (custom)
2019-09-26 16:53:49,161 [pool-57-thread-1] INFO  server.RaftServerConfigKeys (ConfUtils.java:logGet(43)) - raft.server.sleep.deviation.threshold = 300 (default)
2019-09-26 16:53:49,161 [pool-57-thread-1] INFO  server.RaftServerConfigKeys (ConfUtils.java:logGet(43)) - raft.server.log.appender.install.snapshot.enabled = false (custom)
2019-09-26 16:53:49,161 [pool-57-thread-1] INFO  impl.RaftServerImpl (ServerState.java:<init>(103)) - 5160ea40-cc48-41a9-a1d1-1151a36e77d8@group-5230A7DA4A47: ConfigurationManager, init=-1: [5160ea40-cc48-41a9-a1d1-1151a36e77d8:192.168.151.99:45356], old=null, confs=<EMPTY_MAP>
2019-09-26 16:53:49,161 [pool-57-thread-1] INFO  server.RaftServerConfigKeys (ConfUtils.java:logGet(43)) - raft.server.storage.dir = [/workdir/hadoop-ozone/integration-test/target/test-dir/MiniOzoneClusterImpl-fdc3d401-fab1-4968-a84f-12bf762e2bbf/datanode-3/data/ratis] (custom)
2019-09-26 16:53:49,161 [pool-57-thread-1] INFO  storage.RaftStorageDirectory (RaftStorageDirectory.java:analyzeStorage(246)) - The storage directory /workdir/hadoop-ozone/integration-test/target/test-dir/MiniOzoneClusterImpl-fdc3d401-fab1-4968-a84f-12bf762e2bbf/datanode-3/data/ratis/57cb5a7f-e1f6-44d8-a41e-5230a7da4a47 does not exist. Creating ...
2019-09-26 16:53:49,188 [pool-57-thread-1] INFO  storage.RaftStorageDirectory (RaftStorageDirectory.java:tryLock(328)) - Lock on /workdir/hadoop-ozone/integration-test/target/test-dir/MiniOzoneClusterImpl-fdc3d401-fab1-4968-a84f-12bf762e2bbf/datanode-3/data/ratis/57cb5a7f-e1f6-44d8-a41e-5230a7da4a47/in_use.lock acquired by nodename 15096@pr-hdds-1569-g6sp5-2013761785
2019-09-26 16:53:49,201 [pool-57-thread-1] INFO  storage.RaftStorage (RaftStorage.java:format(72)) - Storage directory /workdir/hadoop-ozone/integration-test/target/test-dir/MiniOzoneClusterImpl-fdc3d401-fab1-4968-a84f-12bf762e2bbf/datanode-3/data/ratis/57cb5a7f-e1f6-44d8-a41e-5230a7da4a47 has been successfully formatted.
2019-09-26 16:53:49,201 [pool-57-thread-1] INFO  ratis.ContainerStateMachine (ContainerStateMachine.java:loadSnapshot(230)) - group-5230A7DA4A47: The snapshot info is null. Setting the last applied indexto:(t:0, i:~)
2019-09-26 16:53:49,201 [pool-57-thread-1] INFO  server.RaftServerConfigKeys (ConfUtils.java:logGet(43)) - raft.server.notification.no-leader.timeout = 120s (custom)
2019-09-26 16:53:49,201 [pool-57-thread-1] INFO  server.RaftServerConfigKeys (ConfUtils.java:logGet(43)) - raft.server.log.use.memory = false (default)
2019-09-26 16:53:49,202 [pool-57-thread-1] INFO  server.RaftServerConfigKeys (ConfUtils.java:logGet(43)) - raft.server.log.purge.gap = 1000000 (custom)
2019-09-26 16:53:49,202 [pool-57-thread-1] INFO  server.RaftServerConfigKeys (ConfUtils.java:logGet(43)) - raft.server.log.appender.buffer.byte-limit = 33554432 (custom)
2019-09-26 16:53:49,202 [pool-57-thread-1] INFO  server.RaftServerConfigKeys (ConfUtils.java:logGet(43)) - raft.server.log.segment.size.max = 1048576 (custom)
2019-09-26 16:53:49,202 [pool-57-thread-1] INFO  server.RaftServerConfigKeys (ConfUtils.java:logGet(43)) - raft.server.log.segment.cache.num.max = 2 (custom)
2019-09-26 16:53:49,202 [pool-57-thread-1] INFO  segmented.SegmentedRaftLogWorker (SegmentedRaftLogWorker.java:<init>(172)) - new 5160ea40-cc48-41a9-a1d1-1151a36e77d8@group-5230A7DA4A47-SegmentedRaftLogWorker for RaftStorage:Storage Directory /workdir/hadoop-ozone/integration-test/target/test-dir/MiniOzoneClusterImpl-fdc3d401-fab1-4968-a84f-12bf762e2bbf/datanode-3/data/ratis/57cb5a7f-e1f6-44d8-a41e-5230a7da4a47
2019-09-26 16:53:49,202 [pool-57-thread-1] INFO  server.RaftServerConfigKeys (ConfUtils.java:logGet(43)) - raft.server.log.queue.byte-limit = 2147483647 (custom)
2019-09-26 16:53:49,202 [pool-57-thread-1] INFO  server.RaftServerConfigKeys (ConfUtils.java:logGet(43)) - raft.server.log.queue.element-limit = 1024 (custom)
2019-09-26 16:53:49,202 [pool-57-thread-1] INFO  server.RaftServerConfigKeys (ConfUtils.java:logGet(43)) - raft.server.log.segment.size.max = 1048576 (custom)
2019-09-26 16:53:49,203 [pool-57-thread-1] INFO  server.RaftServerConfigKeys (ConfUtils.java:logGet(43)) - raft.server.log.preallocated.size = 16384 (custom)
2019-09-26 16:53:49,203 [pool-57-thread-1] INFO  server.RaftServerConfigKeys (ConfUtils.java:logGet(43)) - raft.server.log.write.buffer.size = 33554432 (custom)
2019-09-26 16:53:49,203 [pool-57-thread-1] INFO  server.RaftServerConfigKeys (ConfUtils.java:logGet(43)) - raft.server.log.force.sync.num = 128 (default)
2019-09-26 16:53:49,203 [pool-57-thread-1] INFO  server.RaftServerConfigKeys (ConfUtils.java:logGet(43)) - raft.server.log.statemachine.data.sync = true (default)
2019-09-26 16:53:49,203 [pool-57-thread-1] INFO  server.RaftServerConfigKeys (ConfUtils.java:logGet(43)) - raft.server.log.statemachine.data.sync.timeout = 10s (default)
2019-09-26 16:53:49,203 [pool-57-thread-1] INFO  server.RaftServerConfigKeys (ConfUtils.java:logGet(43)) - raft.server.log.statemachine.data.sync.timeout.retry = -1 (default)
2019-09-26 16:53:49,203 [pool-57-thread-1] INFO  server.RaftServerConfigKeys (ConfUtils.java:logGet(43)) - raft.server.log.statemachine.data.caching.enabled = true (custom)
2019-09-26 16:53:49,204 [pool-57-thread-1] INFO  segmented.SegmentedRaftLogWorker (SegmentedRaftLogWorker.java:lambda$new$0(132)) - 5160ea40-cc48-41a9-a1d1-1151a36e77d8@group-5230A7DA4A47-SegmentedRaftLogWorker: flushIndex: setUnconditionally 0 -> -1
2019-09-26 16:53:49,204 [pool-57-thread-1] INFO  server.RaftServerConfigKeys (ConfUtils.java:logGet(43)) - raft.server.snapshot.auto.trigger.enabled = true (custom)
2019-09-26 16:53:49,204 [pool-57-thread-1] INFO  server.RaftServerConfigKeys (ConfUtils.java:logGet(43)) - raft.server.snapshot.auto.trigger.threshold = 10000 (custom)
2019-09-26 16:53:49,204 [pool-57-thread-1] INFO  server.RaftServerConfigKeys (ConfUtils.java:logGet(43)) - raft.server.snapshot.retention.num.files = 5 (custom)
2019-09-26 16:53:49,204 [pool-57-thread-1] INFO  server.RaftServerConfigKeys (ConfUtils.java:logGet(43)) - raft.server.retrycache.expirytime = 600000ms (custom)
2019-09-26 16:53:49,207 [pool-57-thread-1] INFO  impl.RaftServerImpl (RaftServerImpl.java:start(185)) - 5160ea40-cc48-41a9-a1d1-1151a36e77d8@group-5230A7DA4A47: start as a follower, conf=-1: [5160ea40-cc48-41a9-a1d1-1151a36e77d8:192.168.151.99:45356], old=null
2019-09-26 16:53:49,207 [pool-57-thread-1] INFO  impl.RaftServerImpl (RaftServerImpl.java:setRole(174)) - 5160ea40-cc48-41a9-a1d1-1151a36e77d8@group-5230A7DA4A47: changes role from      null to FOLLOWER at term 0 for startAsFollower
2019-09-26 16:53:49,207 [pool-57-thread-1] INFO  impl.RoleInfo (RoleInfo.java:updateAndGet(143)) - 5160ea40-cc48-41a9-a1d1-1151a36e77d8: start FollowerState
2019-09-26 16:53:49,208 [pool-57-thread-1] INFO  util.JmxRegister (JmxRegister.java:tryRegister(44)) - Successfully registered JMX Bean with object name Ratis:service=RaftServer,group=group-5230A7DA4A47,id=5160ea40-cc48-41a9-a1d1-1151a36e77d8
2019-09-26 16:53:49,227 [RatisPipelineUtilsThread] INFO  pipeline.PipelineStateManager (PipelineStateManager.java:addPipeline(56)) - Created pipeline Pipeline[ Id: 57cb5a7f-e1f6-44d8-a41e-5230a7da4a47, Nodes: 5160ea40-cc48-41a9-a1d1-1151a36e77d8{ip: 192.168.151.99, host: pr-hdds-1569-g6sp5-2013761785, networkLocation: /default-rack, certSerialId: null}, Type:RATIS, Factor:ONE, State:OPEN]
2019-09-26 16:53:49,249 [grpc-default-executor-0] INFO  impl.RaftServerProxy (RaftServerProxy.java:addNew(89)) - 5160ea40-cc48-41a9-a1d1-1151a36e77d8: addNew group-9E3285DD263B:[5160ea40-cc48-41a9-a1d1-1151a36e77d8:192.168.151.99:45356] returns group-9E3285DD263B:java.util.concurrent.CompletableFuture@6a92d026[Not completed]
2019-09-26 16:53:49,251 [pool-57-thread-1] INFO  impl.RaftServerImpl (RaftServerImpl.java:<init>(95)) - 5160ea40-cc48-41a9-a1d1-1151a36e77d8: new RaftServerImpl for group-9E3285DD263B:[5160ea40-cc48-41a9-a1d1-1151a36e77d8:192.168.151.99:45356] with ContainerStateMachine:uninitialized
2019-09-26 16:53:49,251 [pool-57-thread-1] INFO  server.RaftServerConfigKeys (ConfUtils.java:logGet(43)) - raft.server.rpc.timeout.min = 5s (custom)
2019-09-26 16:53:49,251 [pool-57-thread-1] INFO  server.RaftServerConfigKeys (ConfUtils.java:logGet(43)) - raft.server.rpc.timeout.max = 5200ms (custom)
2019-09-26 16:53:49,251 [pool-57-thread-1] INFO  server.RaftServerConfigKeys (ConfUtils.java:logGet(43)) - raft.server.rpcslowness.timeout = 120s (custom)
2019-09-26 16:53:49,252 [pool-57-thread-1] INFO  server.RaftServerConfigKeys (ConfUtils.java:logGet(43)) - raft.server.sleep.deviation.threshold = 300 (default)
2019-09-26 16:53:49,252 [pool-57-thread-1] INFO  server.RaftServerConfigKeys (ConfUtils.java:logGet(43)) - raft.server.log.appender.install.snapshot.enabled = false (custom)
2019-09-26 16:53:49,252 [pool-57-thread-1] INFO  impl.RaftServerImpl (ServerState.java:<init>(103)) - 5160ea40-cc48-41a9-a1d1-1151a36e77d8@group-9E3285DD263B: ConfigurationManager, init=-1: [5160ea40-cc48-41a9-a1d1-1151a36e77d8:192.168.151.99:45356], old=null, confs=<EMPTY_MAP>
2019-09-26 16:53:49,252 [pool-57-thread-1] INFO  server.RaftServerConfigKeys (ConfUtils.java:logGet(43)) - raft.server.storage.dir = [/workdir/hadoop-ozone/integration-test/target/test-dir/MiniOzoneClusterImpl-fdc3d401-fab1-4968-a84f-12bf762e2bbf/datanode-3/data/ratis] (custom)
2019-09-26 16:53:49,253 [pool-57-thread-1] INFO  storage.RaftStorageDirectory (RaftStorageDirectory.java:analyzeStorage(246)) - The storage directory /workdir/hadoop-ozone/integration-test/target/test-dir/MiniOzoneClusterImpl-fdc3d401-fab1-4968-a84f-12bf762e2bbf/datanode-3/data/ratis/7399cf0b-926a-4ab3-bc79-9e3285dd263b does not exist. Creating ...
2019-09-26 16:53:49,279 [pool-57-thread-1] INFO  storage.RaftStorageDirectory (RaftStorageDirectory.java:tryLock(328)) - Lock on /workdir/hadoop-ozone/integration-test/target/test-dir/MiniOzoneClusterImpl-fdc3d401-fab1-4968-a84f-12bf762e2bbf/datanode-3/data/ratis/7399cf0b-926a-4ab3-bc79-9e3285dd263b/in_use.lock acquired by nodename 15096@pr-hdds-1569-g6sp5-2013761785
2019-09-26 16:53:49,298 [pool-57-thread-1] INFO  storage.RaftStorage (RaftStorage.java:format(72)) - Storage directory /workdir/hadoop-ozone/integration-test/target/test-dir/MiniOzoneClusterImpl-fdc3d401-fab1-4968-a84f-12bf762e2bbf/datanode-3/data/ratis/7399cf0b-926a-4ab3-bc79-9e3285dd263b has been successfully formatted.
2019-09-26 16:53:49,298 [pool-57-thread-1] INFO  ratis.ContainerStateMachine (ContainerStateMachine.java:loadSnapshot(230)) - group-9E3285DD263B: The snapshot info is null. Setting the last applied indexto:(t:0, i:~)
2019-09-26 16:53:49,299 [pool-57-thread-1] INFO  server.RaftServerConfigKeys (ConfUtils.java:logGet(43)) - raft.server.notification.no-leader.timeout = 120s (custom)
2019-09-26 16:53:49,299 [pool-57-thread-1] INFO  server.RaftServerConfigKeys (ConfUtils.java:logGet(43)) - raft.server.log.use.memory = false (default)
2019-09-26 16:53:49,299 [pool-57-thread-1] INFO  server.RaftServerConfigKeys (ConfUtils.java:logGet(43)) - raft.server.log.purge.gap = 1000000 (custom)
2019-09-26 16:53:49,299 [pool-57-thread-1] INFO  server.RaftServerConfigKeys (ConfUtils.java:logGet(43)) - raft.server.log.appender.buffer.byte-limit = 33554432 (custom)
2019-09-26 16:53:49,300 [pool-57-thread-1] INFO  server.RaftServerConfigKeys (ConfUtils.java:logGet(43)) - raft.server.log.segment.size.max = 1048576 (custom)
2019-09-26 16:53:49,300 [pool-57-thread-1] INFO  server.RaftServerConfigKeys (ConfUtils.java:logGet(43)) - raft.server.log.segment.cache.num.max = 2 (custom)
2019-09-26 16:53:49,300 [pool-57-thread-1] INFO  segmented.SegmentedRaftLogWorker (SegmentedRaftLogWorker.java:<init>(172)) - new 5160ea40-cc48-41a9-a1d1-1151a36e77d8@group-9E3285DD263B-SegmentedRaftLogWorker for RaftStorage:Storage Directory /workdir/hadoop-ozone/integration-test/target/test-dir/MiniOzoneClusterImpl-fdc3d401-fab1-4968-a84f-12bf762e2bbf/datanode-3/data/ratis/7399cf0b-926a-4ab3-bc79-9e3285dd263b
2019-09-26 16:53:49,300 [pool-57-thread-1] INFO  server.RaftServerConfigKeys (ConfUtils.java:logGet(43)) - raft.server.log.queue.byte-limit = 2147483647 (custom)
2019-09-26 16:53:49,300 [pool-57-thread-1] INFO  server.RaftServerConfigKeys (ConfUtils.java:logGet(43)) - raft.server.log.queue.element-limit = 1024 (custom)
2019-09-26 16:53:49,301 [pool-57-thread-1] INFO  server.RaftServerConfigKeys (ConfUtils.java:logGet(43)) - raft.server.log.segment.size.max = 1048576 (custom)
2019-09-26 16:53:49,301 [pool-57-thread-1] INFO  server.RaftServerConfigKeys (ConfUtils.java:logGet(43)) - raft.server.log.preallocated.size = 16384 (custom)
2019-09-26 16:53:49,301 [pool-57-thread-1] INFO  server.RaftServerConfigKeys (ConfUtils.java:logGet(43)) - raft.server.log.write.buffer.size = 33554432 (custom)
2019-09-26 16:53:49,301 [pool-57-thread-1] INFO  server.RaftServerConfigKeys (ConfUtils.java:logGet(43)) - raft.server.log.force.sync.num = 128 (default)
2019-09-26 16:53:49,301 [pool-57-thread-1] INFO  server.RaftServerConfigKeys (ConfUtils.java:logGet(43)) - raft.server.log.statemachine.data.sync = true (default)
2019-09-26 16:53:49,301 [pool-57-thread-1] INFO  server.RaftServerConfigKeys (ConfUtils.java:logGet(43)) - raft.server.log.statemachine.data.sync.timeout = 10s (default)
2019-09-26 16:53:49,302 [pool-57-thread-1] INFO  server.RaftServerConfigKeys (ConfUtils.java:logGet(43)) - raft.server.log.statemachine.data.sync.timeout.retry = -1 (default)
2019-09-26 16:53:49,302 [pool-57-thread-1] INFO  server.RaftServerConfigKeys (ConfUtils.java:logGet(43)) - raft.server.log.statemachine.data.caching.enabled = true (custom)
2019-09-26 16:53:49,302 [pool-57-thread-1] INFO  segmented.SegmentedRaftLogWorker (SegmentedRaftLogWorker.java:lambda$new$0(132)) - 5160ea40-cc48-41a9-a1d1-1151a36e77d8@group-9E3285DD263B-SegmentedRaftLogWorker: flushIndex: setUnconditionally 0 -> -1
2019-09-26 16:53:49,303 [pool-57-thread-1] INFO  server.RaftServerConfigKeys (ConfUtils.java:logGet(43)) - raft.server.snapshot.auto.trigger.enabled = true (custom)
2019-09-26 16:53:49,303 [pool-57-thread-1] INFO  server.RaftServerConfigKeys (ConfUtils.java:logGet(43)) - raft.server.snapshot.auto.trigger.threshold = 10000 (custom)
2019-09-26 16:53:49,303 [pool-57-thread-1] INFO  server.RaftServerConfigKeys (ConfUtils.java:logGet(43)) - raft.server.snapshot.retention.num.files = 5 (custom)
2019-09-26 16:53:49,303 [pool-57-thread-1] INFO  server.RaftServerConfigKeys (ConfUtils.java:logGet(43)) - raft.server.retrycache.expirytime = 600000ms (custom)
2019-09-26 16:53:49,307 [pool-57-thread-1] INFO  impl.RaftServerImpl (RaftServerImpl.java:start(185)) - 5160ea40-cc48-41a9-a1d1-1151a36e77d8@group-9E3285DD263B: start as a follower, conf=-1: [5160ea40-cc48-41a9-a1d1-1151a36e77d8:192.168.151.99:45356], old=null
2019-09-26 16:53:49,308 [pool-57-thread-1] INFO  impl.RaftServerImpl (RaftServerImpl.java:setRole(174)) - 5160ea40-cc48-41a9-a1d1-1151a36e77d8@group-9E3285DD263B: changes role from      null to FOLLOWER at term 0 for startAsFollower
2019-09-26 16:53:49,308 [pool-57-thread-1] INFO  impl.RoleInfo (RoleInfo.java:updateAndGet(143)) - 5160ea40-cc48-41a9-a1d1-1151a36e77d8: start FollowerState
2019-09-26 16:53:49,308 [pool-57-thread-1] INFO  util.JmxRegister (JmxRegister.java:tryRegister(44)) - Successfully registered JMX Bean with object name Ratis:service=RaftServer,group=group-9E3285DD263B,id=5160ea40-cc48-41a9-a1d1-1151a36e77d8
2019-09-26 16:53:49,342 [RatisPipelineUtilsThread] INFO  pipeline.PipelineStateManager (PipelineStateManager.java:addPipeline(56)) - Created pipeline Pipeline[ Id: 7399cf0b-926a-4ab3-bc79-9e3285dd263b, Nodes: 5160ea40-cc48-41a9-a1d1-1151a36e77d8{ip: 192.168.151.99, host: pr-hdds-1569-g6sp5-2013761785, networkLocation: /default-rack, certSerialId: null}, Type:RATIS, Factor:ONE, State:OPEN]
2019-09-26 16:53:49,350 [main] INFO  rpc.RpcClient (RpcClient.java:createVolume(276)) - Creating Volume: watchforcommithandlingtest, with jenkins1000 as owner.
2019-09-26 16:53:49,354 [grpc-default-executor-0] INFO  impl.RaftServerProxy (RaftServerProxy.java:addNew(89)) - 7fda706b-4e23-4e10-baba-12810c05fbbb: addNew group-61A0CF6BFCC2:[7fda706b-4e23-4e10-baba-12810c05fbbb:192.168.151.99:32897] returns group-61A0CF6BFCC2:java.util.concurrent.CompletableFuture@675c16e3[Not completed]
2019-09-26 16:53:49,356 [pool-37-thread-1] INFO  impl.RaftServerImpl (RaftServerImpl.java:<init>(95)) - 7fda706b-4e23-4e10-baba-12810c05fbbb: new RaftServerImpl for group-61A0CF6BFCC2:[7fda706b-4e23-4e10-baba-12810c05fbbb:192.168.151.99:32897] with ContainerStateMachine:uninitialized
2019-09-26 16:53:49,356 [pool-37-thread-1] INFO  server.RaftServerConfigKeys (ConfUtils.java:logGet(43)) - raft.server.rpc.timeout.min = 5s (custom)
2019-09-26 16:53:49,356 [pool-37-thread-1] INFO  server.RaftServerConfigKeys (ConfUtils.java:logGet(43)) - raft.server.rpc.timeout.max = 5200ms (custom)
2019-09-26 16:53:49,356 [pool-37-thread-1] INFO  server.RaftServerConfigKeys (ConfUtils.java:logGet(43)) - raft.server.rpcslowness.timeout = 120s (custom)
2019-09-26 16:53:49,357 [pool-37-thread-1] INFO  server.RaftServerConfigKeys (ConfUtils.java:logGet(43)) - raft.server.sleep.deviation.threshold = 300 (default)
2019-09-26 16:53:49,357 [pool-37-thread-1] INFO  server.RaftServerConfigKeys (ConfUtils.java:logGet(43)) - raft.server.log.appender.install.snapshot.enabled = false (custom)
2019-09-26 16:53:49,357 [pool-37-thread-1] INFO  impl.RaftServerImpl (ServerState.java:<init>(103)) - 7fda706b-4e23-4e10-baba-12810c05fbbb@group-61A0CF6BFCC2: ConfigurationManager, init=-1: [7fda706b-4e23-4e10-baba-12810c05fbbb:192.168.151.99:32897], old=null, confs=<EMPTY_MAP>
2019-09-26 16:53:49,359 [pool-37-thread-1] INFO  server.RaftServerConfigKeys (ConfUtils.java:logGet(43)) - raft.server.storage.dir = [/workdir/hadoop-ozone/integration-test/target/test-dir/MiniOzoneClusterImpl-fdc3d401-fab1-4968-a84f-12bf762e2bbf/datanode-1/data/ratis] (custom)
2019-09-26 16:53:49,360 [pool-37-thread-1] INFO  storage.RaftStorageDirectory (RaftStorageDirectory.java:analyzeStorage(246)) - The storage directory /workdir/hadoop-ozone/integration-test/target/test-dir/MiniOzoneClusterImpl-fdc3d401-fab1-4968-a84f-12bf762e2bbf/datanode-1/data/ratis/81349b42-ec2d-4c2b-8912-61a0cf6bfcc2 does not exist. Creating ...
2019-09-26 16:53:49,373 [pool-37-thread-1] INFO  storage.RaftStorageDirectory (RaftStorageDirectory.java:tryLock(328)) - Lock on /workdir/hadoop-ozone/integration-test/target/test-dir/MiniOzoneClusterImpl-fdc3d401-fab1-4968-a84f-12bf762e2bbf/datanode-1/data/ratis/81349b42-ec2d-4c2b-8912-61a0cf6bfcc2/in_use.lock acquired by nodename 15096@pr-hdds-1569-g6sp5-2013761785
2019-09-26 16:53:49,388 [pool-37-thread-1] INFO  storage.RaftStorage (RaftStorage.java:format(72)) - Storage directory /workdir/hadoop-ozone/integration-test/target/test-dir/MiniOzoneClusterImpl-fdc3d401-fab1-4968-a84f-12bf762e2bbf/datanode-1/data/ratis/81349b42-ec2d-4c2b-8912-61a0cf6bfcc2 has been successfully formatted.
2019-09-26 16:53:49,388 [pool-37-thread-1] INFO  ratis.ContainerStateMachine (ContainerStateMachine.java:loadSnapshot(230)) - group-61A0CF6BFCC2: The snapshot info is null. Setting the last applied indexto:(t:0, i:~)
2019-09-26 16:53:49,388 [pool-37-thread-1] INFO  server.RaftServerConfigKeys (ConfUtils.java:logGet(43)) - raft.server.notification.no-leader.timeout = 120s (custom)
2019-09-26 16:53:49,388 [pool-37-thread-1] INFO  server.RaftServerConfigKeys (ConfUtils.java:logGet(43)) - raft.server.log.use.memory = false (default)
2019-09-26 16:53:49,388 [pool-37-thread-1] INFO  server.RaftServerConfigKeys (ConfUtils.java:logGet(43)) - raft.server.log.purge.gap = 1000000 (custom)
2019-09-26 16:53:49,388 [pool-37-thread-1] INFO  server.RaftServerConfigKeys (ConfUtils.java:logGet(43)) - raft.server.log.appender.buffer.byte-limit = 33554432 (custom)
2019-09-26 16:53:49,389 [pool-37-thread-1] INFO  server.RaftServerConfigKeys (ConfUtils.java:logGet(43)) - raft.server.log.segment.size.max = 1048576 (custom)
2019-09-26 16:53:49,389 [pool-37-thread-1] INFO  server.RaftServerConfigKeys (ConfUtils.java:logGet(43)) - raft.server.log.segment.cache.num.max = 2 (custom)
2019-09-26 16:53:49,389 [pool-37-thread-1] INFO  segmented.SegmentedRaftLogWorker (SegmentedRaftLogWorker.java:<init>(172)) - new 7fda706b-4e23-4e10-baba-12810c05fbbb@group-61A0CF6BFCC2-SegmentedRaftLogWorker for RaftStorage:Storage Directory /workdir/hadoop-ozone/integration-test/target/test-dir/MiniOzoneClusterImpl-fdc3d401-fab1-4968-a84f-12bf762e2bbf/datanode-1/data/ratis/81349b42-ec2d-4c2b-8912-61a0cf6bfcc2
2019-09-26 16:53:49,389 [pool-37-thread-1] INFO  server.RaftServerConfigKeys (ConfUtils.java:logGet(43)) - raft.server.log.queue.byte-limit = 2147483647 (custom)
2019-09-26 16:53:49,389 [pool-37-thread-1] INFO  server.RaftServerConfigKeys (ConfUtils.java:logGet(43)) - raft.server.log.queue.element-limit = 1024 (custom)
2019-09-26 16:53:49,389 [pool-37-thread-1] INFO  server.RaftServerConfigKeys (ConfUtils.java:logGet(43)) - raft.server.log.segment.size.max = 1048576 (custom)
2019-09-26 16:53:49,389 [pool-37-thread-1] INFO  server.RaftServerConfigKeys (ConfUtils.java:logGet(43)) - raft.server.log.preallocated.size = 16384 (custom)
2019-09-26 16:53:49,389 [pool-37-thread-1] INFO  server.RaftServerConfigKeys (ConfUtils.java:logGet(43)) - raft.server.log.write.buffer.size = 33554432 (custom)
2019-09-26 16:53:49,389 [pool-37-thread-1] INFO  server.RaftServerConfigKeys (ConfUtils.java:logGet(43)) - raft.server.log.force.sync.num = 128 (default)
2019-09-26 16:53:49,390 [pool-37-thread-1] INFO  server.RaftServerConfigKeys (ConfUtils.java:logGet(43)) - raft.server.log.statemachine.data.sync = true (default)
2019-09-26 16:53:49,390 [pool-37-thread-1] INFO  server.RaftServerConfigKeys (ConfUtils.java:logGet(43)) - raft.server.log.statemachine.data.sync.timeout = 10s (default)
2019-09-26 16:53:49,390 [pool-37-thread-1] INFO  server.RaftServerConfigKeys (ConfUtils.java:logGet(43)) - raft.server.log.statemachine.data.sync.timeout.retry = -1 (default)
2019-09-26 16:53:49,392 [pool-37-thread-1] INFO  server.RaftServerConfigKeys (ConfUtils.java:logGet(43)) - raft.server.log.statemachine.data.caching.enabled = true (custom)
2019-09-26 16:53:49,393 [pool-37-thread-1] INFO  segmented.SegmentedRaftLogWorker (SegmentedRaftLogWorker.java:lambda$new$0(132)) - 7fda706b-4e23-4e10-baba-12810c05fbbb@group-61A0CF6BFCC2-SegmentedRaftLogWorker: flushIndex: setUnconditionally 0 -> -1
2019-09-26 16:53:49,393 [pool-37-thread-1] INFO  server.RaftServerConfigKeys (ConfUtils.java:logGet(43)) - raft.server.snapshot.auto.trigger.enabled = true (custom)
2019-09-26 16:53:49,393 [pool-37-thread-1] INFO  server.RaftServerConfigKeys (ConfUtils.java:logGet(43)) - raft.server.snapshot.auto.trigger.threshold = 10000 (custom)
2019-09-26 16:53:49,393 [pool-37-thread-1] INFO  server.RaftServerConfigKeys (ConfUtils.java:logGet(43)) - raft.server.snapshot.retention.num.files = 5 (custom)
2019-09-26 16:53:49,393 [pool-37-thread-1] INFO  server.RaftServerConfigKeys (ConfUtils.java:logGet(43)) - raft.server.retrycache.expirytime = 600000ms (custom)
2019-09-26 16:53:49,396 [pool-37-thread-1] INFO  impl.RaftServerImpl (RaftServerImpl.java:start(185)) - 7fda706b-4e23-4e10-baba-12810c05fbbb@group-61A0CF6BFCC2: start as a follower, conf=-1: [7fda706b-4e23-4e10-baba-12810c05fbbb:192.168.151.99:32897], old=null
2019-09-26 16:53:49,396 [pool-37-thread-1] INFO  impl.RaftServerImpl (RaftServerImpl.java:setRole(174)) - 7fda706b-4e23-4e10-baba-12810c05fbbb@group-61A0CF6BFCC2: changes role from      null to FOLLOWER at term 0 for startAsFollower
2019-09-26 16:53:49,396 [pool-37-thread-1] INFO  impl.RoleInfo (RoleInfo.java:updateAndGet(143)) - 7fda706b-4e23-4e10-baba-12810c05fbbb: start FollowerState
2019-09-26 16:53:49,397 [pool-37-thread-1] INFO  util.JmxRegister (JmxRegister.java:tryRegister(44)) - Successfully registered JMX Bean with object name Ratis:service=RaftServer,group=group-61A0CF6BFCC2,id=7fda706b-4e23-4e10-baba-12810c05fbbb
2019-09-26 16:53:49,410 [RatisPipelineUtilsThread] INFO  pipeline.PipelineStateManager (PipelineStateManager.java:addPipeline(56)) - Created pipeline Pipeline[ Id: 81349b42-ec2d-4c2b-8912-61a0cf6bfcc2, Nodes: 7fda706b-4e23-4e10-baba-12810c05fbbb{ip: 192.168.151.99, host: pr-hdds-1569-g6sp5-2013761785, networkLocation: /default-rack, certSerialId: null}, Type:RATIS, Factor:ONE, State:OPEN]
2019-09-26 16:53:49,423 [grpc-default-executor-0] INFO  impl.RaftServerProxy (RaftServerProxy.java:addNew(89)) - d17cca1b-2e6b-48b2-8b1c-3559490fa529: addNew group-B95F8138A2A4:[d17cca1b-2e6b-48b2-8b1c-3559490fa529:192.168.151.99:40714] returns group-B95F8138A2A4:java.util.concurrent.CompletableFuture@ed812b4[Not completed]
2019-09-26 16:53:49,425 [pool-77-thread-1] INFO  impl.RaftServerImpl (RaftServerImpl.java:<init>(95)) - d17cca1b-2e6b-48b2-8b1c-3559490fa529: new RaftServerImpl for group-B95F8138A2A4:[d17cca1b-2e6b-48b2-8b1c-3559490fa529:192.168.151.99:40714] with ContainerStateMachine:uninitialized
2019-09-26 16:53:49,425 [pool-77-thread-1] INFO  server.RaftServerConfigKeys (ConfUtils.java:logGet(43)) - raft.server.rpc.timeout.min = 5s (custom)
2019-09-26 16:53:49,425 [pool-77-thread-1] INFO  server.RaftServerConfigKeys (ConfUtils.java:logGet(43)) - raft.server.rpc.timeout.max = 5200ms (custom)
2019-09-26 16:53:49,426 [pool-77-thread-1] INFO  server.RaftServerConfigKeys (ConfUtils.java:logGet(43)) - raft.server.rpcslowness.timeout = 120s (custom)
2019-09-26 16:53:49,426 [pool-77-thread-1] INFO  server.RaftServerConfigKeys (ConfUtils.java:logGet(43)) - raft.server.sleep.deviation.threshold = 300 (default)
2019-09-26 16:53:49,426 [pool-77-thread-1] INFO  server.RaftServerConfigKeys (ConfUtils.java:logGet(43)) - raft.server.log.appender.install.snapshot.enabled = false (custom)
2019-09-26 16:53:49,426 [pool-77-thread-1] INFO  impl.RaftServerImpl (ServerState.java:<init>(103)) - d17cca1b-2e6b-48b2-8b1c-3559490fa529@group-B95F8138A2A4: ConfigurationManager, init=-1: [d17cca1b-2e6b-48b2-8b1c-3559490fa529:192.168.151.99:40714], old=null, confs=<EMPTY_MAP>
2019-09-26 16:53:49,426 [pool-77-thread-1] INFO  server.RaftServerConfigKeys (ConfUtils.java:logGet(43)) - raft.server.storage.dir = [/workdir/hadoop-ozone/integration-test/target/test-dir/MiniOzoneClusterImpl-fdc3d401-fab1-4968-a84f-12bf762e2bbf/datanode-5/data/ratis] (custom)
2019-09-26 16:53:49,427 [pool-77-thread-1] INFO  storage.RaftStorageDirectory (RaftStorageDirectory.java:analyzeStorage(246)) - The storage directory /workdir/hadoop-ozone/integration-test/target/test-dir/MiniOzoneClusterImpl-fdc3d401-fab1-4968-a84f-12bf762e2bbf/datanode-5/data/ratis/2ad7f4e9-a037-4d5e-b0ad-b95f8138a2a4 does not exist. Creating ...
2019-09-26 16:53:49,449 [pool-77-thread-1] INFO  storage.RaftStorageDirectory (RaftStorageDirectory.java:tryLock(328)) - Lock on /workdir/hadoop-ozone/integration-test/target/test-dir/MiniOzoneClusterImpl-fdc3d401-fab1-4968-a84f-12bf762e2bbf/datanode-5/data/ratis/2ad7f4e9-a037-4d5e-b0ad-b95f8138a2a4/in_use.lock acquired by nodename 15096@pr-hdds-1569-g6sp5-2013761785
2019-09-26 16:53:49,463 [pool-77-thread-1] INFO  storage.RaftStorage (RaftStorage.java:format(72)) - Storage directory /workdir/hadoop-ozone/integration-test/target/test-dir/MiniOzoneClusterImpl-fdc3d401-fab1-4968-a84f-12bf762e2bbf/datanode-5/data/ratis/2ad7f4e9-a037-4d5e-b0ad-b95f8138a2a4 has been successfully formatted.
2019-09-26 16:53:49,464 [pool-77-thread-1] INFO  ratis.ContainerStateMachine (ContainerStateMachine.java:loadSnapshot(230)) - group-B95F8138A2A4: The snapshot info is null. Setting the last applied indexto:(t:0, i:~)
2019-09-26 16:53:49,464 [pool-77-thread-1] INFO  server.RaftServerConfigKeys (ConfUtils.java:logGet(43)) - raft.server.notification.no-leader.timeout = 120s (custom)
2019-09-26 16:53:49,464 [pool-77-thread-1] INFO  server.RaftServerConfigKeys (ConfUtils.java:logGet(43)) - raft.server.log.use.memory = false (default)
2019-09-26 16:53:49,464 [IPC Server handler 0 on 37257] INFO  volume.OMVolumeCreateRequest (OMVolumeCreateRequest.java:validateAndUpdateCache(189)) - created volume:watchforcommithandlingtest for user:jenkins1000
2019-09-26 16:53:49,464 [pool-77-thread-1] INFO  server.RaftServerConfigKeys (ConfUtils.java:logGet(43)) - raft.server.log.purge.gap = 1000000 (custom)
2019-09-26 16:53:49,465 [pool-77-thread-1] INFO  server.RaftServerConfigKeys (ConfUtils.java:logGet(43)) - raft.server.log.appender.buffer.byte-limit = 33554432 (custom)
2019-09-26 16:53:49,465 [pool-77-thread-1] INFO  server.RaftServerConfigKeys (ConfUtils.java:logGet(43)) - raft.server.log.segment.size.max = 1048576 (custom)
2019-09-26 16:53:49,465 [pool-77-thread-1] INFO  server.RaftServerConfigKeys (ConfUtils.java:logGet(43)) - raft.server.log.segment.cache.num.max = 2 (custom)
2019-09-26 16:53:49,465 [pool-77-thread-1] INFO  segmented.SegmentedRaftLogWorker (SegmentedRaftLogWorker.java:<init>(172)) - new d17cca1b-2e6b-48b2-8b1c-3559490fa529@group-B95F8138A2A4-SegmentedRaftLogWorker for RaftStorage:Storage Directory /workdir/hadoop-ozone/integration-test/target/test-dir/MiniOzoneClusterImpl-fdc3d401-fab1-4968-a84f-12bf762e2bbf/datanode-5/data/ratis/2ad7f4e9-a037-4d5e-b0ad-b95f8138a2a4
2019-09-26 16:53:49,466 [pool-77-thread-1] INFO  server.RaftServerConfigKeys (ConfUtils.java:logGet(43)) - raft.server.log.queue.byte-limit = 2147483647 (custom)
2019-09-26 16:53:49,466 [pool-77-thread-1] INFO  server.RaftServerConfigKeys (ConfUtils.java:logGet(43)) - raft.server.log.queue.element-limit = 1024 (custom)
2019-09-26 16:53:49,466 [pool-77-thread-1] INFO  server.RaftServerConfigKeys (ConfUtils.java:logGet(43)) - raft.server.log.segment.size.max = 1048576 (custom)
2019-09-26 16:53:49,466 [pool-77-thread-1] INFO  server.RaftServerConfigKeys (ConfUtils.java:logGet(43)) - raft.server.log.preallocated.size = 16384 (custom)
2019-09-26 16:53:49,467 [pool-77-thread-1] INFO  server.RaftServerConfigKeys (ConfUtils.java:logGet(43)) - raft.server.log.write.buffer.size = 33554432 (custom)
2019-09-26 16:53:49,467 [pool-77-thread-1] INFO  server.RaftServerConfigKeys (ConfUtils.java:logGet(43)) - raft.server.log.force.sync.num = 128 (default)
2019-09-26 16:53:49,467 [pool-77-thread-1] INFO  server.RaftServerConfigKeys (ConfUtils.java:logGet(43)) - raft.server.log.statemachine.data.sync = true (default)
2019-09-26 16:53:49,467 [pool-77-thread-1] INFO  server.RaftServerConfigKeys (ConfUtils.java:logGet(43)) - raft.server.log.statemachine.data.sync.timeout = 10s (default)
2019-09-26 16:53:49,468 [pool-77-thread-1] INFO  server.RaftServerConfigKeys (ConfUtils.java:logGet(43)) - raft.server.log.statemachine.data.sync.timeout.retry = -1 (default)
2019-09-26 16:53:49,468 [pool-77-thread-1] INFO  server.RaftServerConfigKeys (ConfUtils.java:logGet(43)) - raft.server.log.statemachine.data.caching.enabled = true (custom)
2019-09-26 16:53:49,468 [pool-77-thread-1] INFO  segmented.SegmentedRaftLogWorker (SegmentedRaftLogWorker.java:lambda$new$0(132)) - d17cca1b-2e6b-48b2-8b1c-3559490fa529@group-B95F8138A2A4-SegmentedRaftLogWorker: flushIndex: setUnconditionally 0 -> -1
2019-09-26 16:53:49,469 [pool-77-thread-1] INFO  server.RaftServerConfigKeys (ConfUtils.java:logGet(43)) - raft.server.snapshot.auto.trigger.enabled = true (custom)
2019-09-26 16:53:49,469 [pool-77-thread-1] INFO  server.RaftServerConfigKeys (ConfUtils.java:logGet(43)) - raft.server.snapshot.auto.trigger.threshold = 10000 (custom)
2019-09-26 16:53:49,469 [pool-77-thread-1] INFO  server.RaftServerConfigKeys (ConfUtils.java:logGet(43)) - raft.server.snapshot.retention.num.files = 5 (custom)
2019-09-26 16:53:49,469 [pool-77-thread-1] INFO  server.RaftServerConfigKeys (ConfUtils.java:logGet(43)) - raft.server.retrycache.expirytime = 600000ms (custom)
2019-09-26 16:53:49,479 [pool-77-thread-1] INFO  impl.RaftServerImpl (RaftServerImpl.java:start(185)) - d17cca1b-2e6b-48b2-8b1c-3559490fa529@group-B95F8138A2A4: start as a follower, conf=-1: [d17cca1b-2e6b-48b2-8b1c-3559490fa529:192.168.151.99:40714], old=null
2019-09-26 16:53:49,479 [pool-77-thread-1] INFO  impl.RaftServerImpl (RaftServerImpl.java:setRole(174)) - d17cca1b-2e6b-48b2-8b1c-3559490fa529@group-B95F8138A2A4: changes role from      null to FOLLOWER at term 0 for startAsFollower
2019-09-26 16:53:49,480 [pool-77-thread-1] INFO  impl.RoleInfo (RoleInfo.java:updateAndGet(143)) - d17cca1b-2e6b-48b2-8b1c-3559490fa529: start FollowerState
2019-09-26 16:53:49,480 [pool-77-thread-1] INFO  util.JmxRegister (JmxRegister.java:tryRegister(44)) - Successfully registered JMX Bean with object name Ratis:service=RaftServer,group=group-B95F8138A2A4,id=d17cca1b-2e6b-48b2-8b1c-3559490fa529
2019-09-26 16:53:49,487 [RatisPipelineUtilsThread] INFO  pipeline.PipelineStateManager (PipelineStateManager.java:addPipeline(56)) - Created pipeline Pipeline[ Id: 2ad7f4e9-a037-4d5e-b0ad-b95f8138a2a4, Nodes: d17cca1b-2e6b-48b2-8b1c-3559490fa529{ip: 192.168.151.99, host: pr-hdds-1569-g6sp5-2013761785, networkLocation: /default-rack, certSerialId: null}, Type:RATIS, Factor:ONE, State:OPEN]
2019-09-26 16:53:49,493 [main] INFO  rpc.RpcClient (RpcClient.java:createBucket(415)) - Creating Bucket: watchforcommithandlingtest/watchforcommithandlingtest, with Versioning false and Storage Type set to DISK and Encryption set to false 
2019-09-26 16:53:49,497 [grpc-default-executor-0] INFO  impl.RaftServerProxy (RaftServerProxy.java:addNew(89)) - 7fda706b-4e23-4e10-baba-12810c05fbbb: addNew group-3E3A84577E3F:[7fda706b-4e23-4e10-baba-12810c05fbbb:192.168.151.99:32897] returns group-3E3A84577E3F:java.util.concurrent.CompletableFuture@7c195526[Not completed]
2019-09-26 16:53:49,498 [pool-37-thread-1] INFO  impl.RaftServerImpl (RaftServerImpl.java:<init>(95)) - 7fda706b-4e23-4e10-baba-12810c05fbbb: new RaftServerImpl for group-3E3A84577E3F:[7fda706b-4e23-4e10-baba-12810c05fbbb:192.168.151.99:32897] with ContainerStateMachine:uninitialized
2019-09-26 16:53:49,499 [pool-37-thread-1] INFO  server.RaftServerConfigKeys (ConfUtils.java:logGet(43)) - raft.server.rpc.timeout.min = 5s (custom)
2019-09-26 16:53:49,499 [pool-37-thread-1] INFO  server.RaftServerConfigKeys (ConfUtils.java:logGet(43)) - raft.server.rpc.timeout.max = 5200ms (custom)
2019-09-26 16:53:49,499 [pool-37-thread-1] INFO  server.RaftServerConfigKeys (ConfUtils.java:logGet(43)) - raft.server.rpcslowness.timeout = 120s (custom)
2019-09-26 16:53:49,499 [pool-37-thread-1] INFO  server.RaftServerConfigKeys (ConfUtils.java:logGet(43)) - raft.server.sleep.deviation.threshold = 300 (default)
2019-09-26 16:53:49,499 [pool-37-thread-1] INFO  server.RaftServerConfigKeys (ConfUtils.java:logGet(43)) - raft.server.log.appender.install.snapshot.enabled = false (custom)
2019-09-26 16:53:49,499 [pool-37-thread-1] INFO  impl.RaftServerImpl (ServerState.java:<init>(103)) - 7fda706b-4e23-4e10-baba-12810c05fbbb@group-3E3A84577E3F: ConfigurationManager, init=-1: [7fda706b-4e23-4e10-baba-12810c05fbbb:192.168.151.99:32897], old=null, confs=<EMPTY_MAP>
2019-09-26 16:53:49,501 [pool-37-thread-1] INFO  server.RaftServerConfigKeys (ConfUtils.java:logGet(43)) - raft.server.storage.dir = [/workdir/hadoop-ozone/integration-test/target/test-dir/MiniOzoneClusterImpl-fdc3d401-fab1-4968-a84f-12bf762e2bbf/datanode-1/data/ratis] (custom)
2019-09-26 16:53:49,501 [pool-37-thread-1] INFO  storage.RaftStorageDirectory (RaftStorageDirectory.java:analyzeStorage(246)) - The storage directory /workdir/hadoop-ozone/integration-test/target/test-dir/MiniOzoneClusterImpl-fdc3d401-fab1-4968-a84f-12bf762e2bbf/datanode-1/data/ratis/27b0e331-a741-4c19-9ffa-3e3a84577e3f does not exist. Creating ...
2019-09-26 16:53:49,507 [pool-37-thread-1] INFO  storage.RaftStorageDirectory (RaftStorageDirectory.java:tryLock(328)) - Lock on /workdir/hadoop-ozone/integration-test/target/test-dir/MiniOzoneClusterImpl-fdc3d401-fab1-4968-a84f-12bf762e2bbf/datanode-1/data/ratis/27b0e331-a741-4c19-9ffa-3e3a84577e3f/in_use.lock acquired by nodename 15096@pr-hdds-1569-g6sp5-2013761785
2019-09-26 16:53:49,515 [main] INFO  ozone.MiniOzoneClusterImpl (MiniOzoneClusterImpl.java:getStorageContainerLocationClient(234)) - Creating StorageContainerLocationProtocol RPC client with address /0.0.0.0:37791
2019-09-26 16:53:49,547 [pool-37-thread-1] INFO  storage.RaftStorage (RaftStorage.java:format(72)) - Storage directory /workdir/hadoop-ozone/integration-test/target/test-dir/MiniOzoneClusterImpl-fdc3d401-fab1-4968-a84f-12bf762e2bbf/datanode-1/data/ratis/27b0e331-a741-4c19-9ffa-3e3a84577e3f has been successfully formatted.
2019-09-26 16:53:49,547 [pool-37-thread-1] INFO  ratis.ContainerStateMachine (ContainerStateMachine.java:loadSnapshot(230)) - group-3E3A84577E3F: The snapshot info is null. Setting the last applied indexto:(t:0, i:~)
2019-09-26 16:53:49,548 [pool-37-thread-1] INFO  server.RaftServerConfigKeys (ConfUtils.java:logGet(43)) - raft.server.notification.no-leader.timeout = 120s (custom)
2019-09-26 16:53:49,548 [pool-37-thread-1] INFO  server.RaftServerConfigKeys (ConfUtils.java:logGet(43)) - raft.server.log.use.memory = false (default)
2019-09-26 16:53:49,548 [pool-37-thread-1] INFO  server.RaftServerConfigKeys (ConfUtils.java:logGet(43)) - raft.server.log.purge.gap = 1000000 (custom)
2019-09-26 16:53:49,548 [pool-37-thread-1] INFO  server.RaftServerConfigKeys (ConfUtils.java:logGet(43)) - raft.server.log.appender.buffer.byte-limit = 33554432 (custom)
2019-09-26 16:53:49,548 [pool-37-thread-1] INFO  server.RaftServerConfigKeys (ConfUtils.java:logGet(43)) - raft.server.log.segment.size.max = 1048576 (custom)
2019-09-26 16:53:49,548 [pool-37-thread-1] INFO  server.RaftServerConfigKeys (ConfUtils.java:logGet(43)) - raft.server.log.segment.cache.num.max = 2 (custom)
2019-09-26 16:53:49,548 [pool-37-thread-1] INFO  segmented.SegmentedRaftLogWorker (SegmentedRaftLogWorker.java:<init>(172)) - new 7fda706b-4e23-4e10-baba-12810c05fbbb@group-3E3A84577E3F-SegmentedRaftLogWorker for RaftStorage:Storage Directory /workdir/hadoop-ozone/integration-test/target/test-dir/MiniOzoneClusterImpl-fdc3d401-fab1-4968-a84f-12bf762e2bbf/datanode-1/data/ratis/27b0e331-a741-4c19-9ffa-3e3a84577e3f
2019-09-26 16:53:49,549 [pool-37-thread-1] INFO  server.RaftServerConfigKeys (ConfUtils.java:logGet(43)) - raft.server.log.queue.byte-limit = 2147483647 (custom)
2019-09-26 16:53:49,549 [pool-37-thread-1] INFO  server.RaftServerConfigKeys (ConfUtils.java:logGet(43)) - raft.server.log.queue.element-limit = 1024 (custom)
2019-09-26 16:53:49,549 [pool-37-thread-1] INFO  server.RaftServerConfigKeys (ConfUtils.java:logGet(43)) - raft.server.log.segment.size.max = 1048576 (custom)
2019-09-26 16:53:49,549 [pool-37-thread-1] INFO  server.RaftServerConfigKeys (ConfUtils.java:logGet(43)) - raft.server.log.preallocated.size = 16384 (custom)
2019-09-26 16:53:49,549 [pool-37-thread-1] INFO  server.RaftServerConfigKeys (ConfUtils.java:logGet(43)) - raft.server.log.write.buffer.size = 33554432 (custom)
2019-09-26 16:53:49,549 [pool-37-thread-1] INFO  server.RaftServerConfigKeys (ConfUtils.java:logGet(43)) - raft.server.log.force.sync.num = 128 (default)
2019-09-26 16:53:49,549 [pool-37-thread-1] INFO  server.RaftServerConfigKeys (ConfUtils.java:logGet(43)) - raft.server.log.statemachine.data.sync = true (default)
2019-09-26 16:53:49,550 [pool-37-thread-1] INFO  server.RaftServerConfigKeys (ConfUtils.java:logGet(43)) - raft.server.log.statemachine.data.sync.timeout = 10s (default)
2019-09-26 16:53:49,550 [pool-37-thread-1] INFO  server.RaftServerConfigKeys (ConfUtils.java:logGet(43)) - raft.server.log.statemachine.data.sync.timeout.retry = -1 (default)
2019-09-26 16:53:49,550 [pool-37-thread-1] INFO  server.RaftServerConfigKeys (ConfUtils.java:logGet(43)) - raft.server.log.statemachine.data.caching.enabled = true (custom)
2019-09-26 16:53:49,550 [pool-37-thread-1] INFO  segmented.SegmentedRaftLogWorker (SegmentedRaftLogWorker.java:lambda$new$0(132)) - 7fda706b-4e23-4e10-baba-12810c05fbbb@group-3E3A84577E3F-SegmentedRaftLogWorker: flushIndex: setUnconditionally 0 -> -1
2019-09-26 16:53:49,551 [pool-37-thread-1] INFO  server.RaftServerConfigKeys (ConfUtils.java:logGet(43)) - raft.server.snapshot.auto.trigger.enabled = true (custom)
2019-09-26 16:53:49,551 [pool-37-thread-1] INFO  server.RaftServerConfigKeys (ConfUtils.java:logGet(43)) - raft.server.snapshot.auto.trigger.threshold = 10000 (custom)
2019-09-26 16:53:49,551 [pool-37-thread-1] INFO  server.RaftServerConfigKeys (ConfUtils.java:logGet(43)) - raft.server.snapshot.retention.num.files = 5 (custom)
2019-09-26 16:53:49,551 [pool-37-thread-1] INFO  server.RaftServerConfigKeys (ConfUtils.java:logGet(43)) - raft.server.retrycache.expirytime = 600000ms (custom)
2019-09-26 16:53:49,554 [pool-37-thread-1] INFO  impl.RaftServerImpl (RaftServerImpl.java:start(185)) - 7fda706b-4e23-4e10-baba-12810c05fbbb@group-3E3A84577E3F: start as a follower, conf=-1: [7fda706b-4e23-4e10-baba-12810c05fbbb:192.168.151.99:32897], old=null
2019-09-26 16:53:49,554 [pool-37-thread-1] INFO  impl.RaftServerImpl (RaftServerImpl.java:setRole(174)) - 7fda706b-4e23-4e10-baba-12810c05fbbb@group-3E3A84577E3F: changes role from      null to FOLLOWER at term 0 for startAsFollower
2019-09-26 16:53:49,555 [pool-37-thread-1] INFO  impl.RoleInfo (RoleInfo.java:updateAndGet(143)) - 7fda706b-4e23-4e10-baba-12810c05fbbb: start FollowerState
2019-09-26 16:53:49,555 [pool-37-thread-1] INFO  util.JmxRegister (JmxRegister.java:tryRegister(44)) - Successfully registered JMX Bean with object name Ratis:service=RaftServer,group=group-3E3A84577E3F,id=7fda706b-4e23-4e10-baba-12810c05fbbb
2019-09-26 16:53:49,561 [RatisPipelineUtilsThread] INFO  pipeline.PipelineStateManager (PipelineStateManager.java:addPipeline(56)) - Created pipeline Pipeline[ Id: 27b0e331-a741-4c19-9ffa-3e3a84577e3f, Nodes: 7fda706b-4e23-4e10-baba-12810c05fbbb{ip: 192.168.151.99, host: pr-hdds-1569-g6sp5-2013761785, networkLocation: /default-rack, certSerialId: null}, Type:RATIS, Factor:ONE, State:OPEN]
2019-09-26 16:53:49,577 [grpc-default-executor-0] INFO  impl.RaftServerProxy (RaftServerProxy.java:addNew(89)) - 4a469c34-60df-4173-8d32-715e2ce97f5d: addNew group-D8757BE7DBB2:[4a469c34-60df-4173-8d32-715e2ce97f5d:192.168.151.99:42442] returns group-D8757BE7DBB2:java.util.concurrent.CompletableFuture@1c42066b[Not completed]
2019-09-26 16:53:49,579 [pool-87-thread-1] INFO  impl.RaftServerImpl (RaftServerImpl.java:<init>(95)) - 4a469c34-60df-4173-8d32-715e2ce97f5d: new RaftServerImpl for group-D8757BE7DBB2:[4a469c34-60df-4173-8d32-715e2ce97f5d:192.168.151.99:42442] with ContainerStateMachine:uninitialized
2019-09-26 16:53:49,579 [pool-87-thread-1] INFO  server.RaftServerConfigKeys (ConfUtils.java:logGet(43)) - raft.server.rpc.timeout.min = 5s (custom)
2019-09-26 16:53:49,579 [pool-87-thread-1] INFO  server.RaftServerConfigKeys (ConfUtils.java:logGet(43)) - raft.server.rpc.timeout.max = 5200ms (custom)
2019-09-26 16:53:49,580 [pool-87-thread-1] INFO  server.RaftServerConfigKeys (ConfUtils.java:logGet(43)) - raft.server.rpcslowness.timeout = 120s (custom)
2019-09-26 16:53:49,580 [pool-87-thread-1] INFO  server.RaftServerConfigKeys (ConfUtils.java:logGet(43)) - raft.server.sleep.deviation.threshold = 300 (default)
2019-09-26 16:53:49,580 [pool-87-thread-1] INFO  server.RaftServerConfigKeys (ConfUtils.java:logGet(43)) - raft.server.log.appender.install.snapshot.enabled = false (custom)
2019-09-26 16:53:49,580 [pool-87-thread-1] INFO  impl.RaftServerImpl (ServerState.java:<init>(103)) - 4a469c34-60df-4173-8d32-715e2ce97f5d@group-D8757BE7DBB2: ConfigurationManager, init=-1: [4a469c34-60df-4173-8d32-715e2ce97f5d:192.168.151.99:42442], old=null, confs=<EMPTY_MAP>
2019-09-26 16:53:49,580 [pool-87-thread-1] INFO  server.RaftServerConfigKeys (ConfUtils.java:logGet(43)) - raft.server.storage.dir = [/workdir/hadoop-ozone/integration-test/target/test-dir/MiniOzoneClusterImpl-fdc3d401-fab1-4968-a84f-12bf762e2bbf/datanode-6/data/ratis] (custom)
2019-09-26 16:53:49,581 [pool-87-thread-1] INFO  storage.RaftStorageDirectory (RaftStorageDirectory.java:analyzeStorage(246)) - The storage directory /workdir/hadoop-ozone/integration-test/target/test-dir/MiniOzoneClusterImpl-fdc3d401-fab1-4968-a84f-12bf762e2bbf/datanode-6/data/ratis/49fbb32b-2672-4908-819e-d8757be7dbb2 does not exist. Creating ...
2019-09-26 16:53:49,594 [pool-87-thread-1] INFO  storage.RaftStorageDirectory (RaftStorageDirectory.java:tryLock(328)) - Lock on /workdir/hadoop-ozone/integration-test/target/test-dir/MiniOzoneClusterImpl-fdc3d401-fab1-4968-a84f-12bf762e2bbf/datanode-6/data/ratis/49fbb32b-2672-4908-819e-d8757be7dbb2/in_use.lock acquired by nodename 15096@pr-hdds-1569-g6sp5-2013761785
2019-09-26 16:53:49,608 [pool-87-thread-1] INFO  storage.RaftStorage (RaftStorage.java:format(72)) - Storage directory /workdir/hadoop-ozone/integration-test/target/test-dir/MiniOzoneClusterImpl-fdc3d401-fab1-4968-a84f-12bf762e2bbf/datanode-6/data/ratis/49fbb32b-2672-4908-819e-d8757be7dbb2 has been successfully formatted.
2019-09-26 16:53:49,608 [pool-87-thread-1] INFO  ratis.ContainerStateMachine (ContainerStateMachine.java:loadSnapshot(230)) - group-D8757BE7DBB2: The snapshot info is null. Setting the last applied indexto:(t:0, i:~)
2019-09-26 16:53:49,608 [pool-87-thread-1] INFO  server.RaftServerConfigKeys (ConfUtils.java:logGet(43)) - raft.server.notification.no-leader.timeout = 120s (custom)
2019-09-26 16:53:49,609 [pool-87-thread-1] INFO  server.RaftServerConfigKeys (ConfUtils.java:logGet(43)) - raft.server.log.use.memory = false (default)
2019-09-26 16:53:49,609 [pool-87-thread-1] INFO  server.RaftServerConfigKeys (ConfUtils.java:logGet(43)) - raft.server.log.purge.gap = 1000000 (custom)
2019-09-26 16:53:49,609 [pool-87-thread-1] INFO  server.RaftServerConfigKeys (ConfUtils.java:logGet(43)) - raft.server.log.appender.buffer.byte-limit = 33554432 (custom)
2019-09-26 16:53:49,609 [pool-87-thread-1] INFO  server.RaftServerConfigKeys (ConfUtils.java:logGet(43)) - raft.server.log.segment.size.max = 1048576 (custom)
2019-09-26 16:53:49,609 [pool-87-thread-1] INFO  server.RaftServerConfigKeys (ConfUtils.java:logGet(43)) - raft.server.log.segment.cache.num.max = 2 (custom)
2019-09-26 16:53:49,609 [pool-87-thread-1] INFO  segmented.SegmentedRaftLogWorker (SegmentedRaftLogWorker.java:<init>(172)) - new 4a469c34-60df-4173-8d32-715e2ce97f5d@group-D8757BE7DBB2-SegmentedRaftLogWorker for RaftStorage:Storage Directory /workdir/hadoop-ozone/integration-test/target/test-dir/MiniOzoneClusterImpl-fdc3d401-fab1-4968-a84f-12bf762e2bbf/datanode-6/data/ratis/49fbb32b-2672-4908-819e-d8757be7dbb2
2019-09-26 16:53:49,609 [pool-87-thread-1] INFO  server.RaftServerConfigKeys (ConfUtils.java:logGet(43)) - raft.server.log.queue.byte-limit = 2147483647 (custom)
2019-09-26 16:53:49,610 [pool-87-thread-1] INFO  server.RaftServerConfigKeys (ConfUtils.java:logGet(43)) - raft.server.log.queue.element-limit = 1024 (custom)
2019-09-26 16:53:49,610 [pool-87-thread-1] INFO  server.RaftServerConfigKeys (ConfUtils.java:logGet(43)) - raft.server.log.segment.size.max = 1048576 (custom)
2019-09-26 16:53:49,610 [pool-87-thread-1] INFO  server.RaftServerConfigKeys (ConfUtils.java:logGet(43)) - raft.server.log.preallocated.size = 16384 (custom)
2019-09-26 16:53:49,610 [pool-87-thread-1] INFO  server.RaftServerConfigKeys (ConfUtils.java:logGet(43)) - raft.server.log.write.buffer.size = 33554432 (custom)
2019-09-26 16:53:49,610 [pool-87-thread-1] INFO  server.RaftServerConfigKeys (ConfUtils.java:logGet(43)) - raft.server.log.force.sync.num = 128 (default)
2019-09-26 16:53:49,610 [pool-87-thread-1] INFO  server.RaftServerConfigKeys (ConfUtils.java:logGet(43)) - raft.server.log.statemachine.data.sync = true (default)
2019-09-26 16:53:49,610 [pool-87-thread-1] INFO  server.RaftServerConfigKeys (ConfUtils.java:logGet(43)) - raft.server.log.statemachine.data.sync.timeout = 10s (default)
2019-09-26 16:53:49,611 [pool-87-thread-1] INFO  server.RaftServerConfigKeys (ConfUtils.java:logGet(43)) - raft.server.log.statemachine.data.sync.timeout.retry = -1 (default)
2019-09-26 16:53:49,611 [pool-87-thread-1] INFO  server.RaftServerConfigKeys (ConfUtils.java:logGet(43)) - raft.server.log.statemachine.data.caching.enabled = true (custom)
2019-09-26 16:53:49,611 [pool-87-thread-1] INFO  segmented.SegmentedRaftLogWorker (SegmentedRaftLogWorker.java:lambda$new$0(132)) - 4a469c34-60df-4173-8d32-715e2ce97f5d@group-D8757BE7DBB2-SegmentedRaftLogWorker: flushIndex: setUnconditionally 0 -> -1
2019-09-26 16:53:49,612 [pool-87-thread-1] INFO  server.RaftServerConfigKeys (ConfUtils.java:logGet(43)) - raft.server.snapshot.auto.trigger.enabled = true (custom)
2019-09-26 16:53:49,612 [pool-87-thread-1] INFO  server.RaftServerConfigKeys (ConfUtils.java:logGet(43)) - raft.server.snapshot.auto.trigger.threshold = 10000 (custom)
2019-09-26 16:53:49,612 [pool-87-thread-1] INFO  server.RaftServerConfigKeys (ConfUtils.java:logGet(43)) - raft.server.snapshot.retention.num.files = 5 (custom)
2019-09-26 16:53:49,612 [pool-87-thread-1] INFO  server.RaftServerConfigKeys (ConfUtils.java:logGet(43)) - raft.server.retrycache.expirytime = 600000ms (custom)
2019-09-26 16:53:49,615 [pool-87-thread-1] INFO  impl.RaftServerImpl (RaftServerImpl.java:start(185)) - 4a469c34-60df-4173-8d32-715e2ce97f5d@group-D8757BE7DBB2: start as a follower, conf=-1: [4a469c34-60df-4173-8d32-715e2ce97f5d:192.168.151.99:42442], old=null
2019-09-26 16:53:49,615 [pool-87-thread-1] INFO  impl.RaftServerImpl (RaftServerImpl.java:setRole(174)) - 4a469c34-60df-4173-8d32-715e2ce97f5d@group-D8757BE7DBB2: changes role from      null to FOLLOWER at term 0 for startAsFollower
2019-09-26 16:53:49,616 [pool-87-thread-1] INFO  impl.RoleInfo (RoleInfo.java:updateAndGet(143)) - 4a469c34-60df-4173-8d32-715e2ce97f5d: start FollowerState
2019-09-26 16:53:49,616 [pool-87-thread-1] INFO  util.JmxRegister (JmxRegister.java:tryRegister(44)) - Successfully registered JMX Bean with object name Ratis:service=RaftServer,group=group-D8757BE7DBB2,id=4a469c34-60df-4173-8d32-715e2ce97f5d
2019-09-26 16:53:49,623 [RatisPipelineUtilsThread] INFO  pipeline.PipelineStateManager (PipelineStateManager.java:addPipeline(56)) - Created pipeline Pipeline[ Id: 49fbb32b-2672-4908-819e-d8757be7dbb2, Nodes: 4a469c34-60df-4173-8d32-715e2ce97f5d{ip: 192.168.151.99, host: pr-hdds-1569-g6sp5-2013761785, networkLocation: /default-rack, certSerialId: null}, Type:RATIS, Factor:ONE, State:OPEN]
2019-09-26 16:53:49,637 [grpc-default-executor-0] INFO  impl.RaftServerProxy (RaftServerProxy.java:addNew(89)) - 579334d3-7c10-42f4-b10c-e6c2267ece25: addNew group-62D535C7C771:[579334d3-7c10-42f4-b10c-e6c2267ece25:192.168.151.99:34131] returns group-62D535C7C771:java.util.concurrent.CompletableFuture@4d5a829c[Not completed]
2019-09-26 16:53:49,639 [pool-47-thread-1] INFO  impl.RaftServerImpl (RaftServerImpl.java:<init>(95)) - 579334d3-7c10-42f4-b10c-e6c2267ece25: new RaftServerImpl for group-62D535C7C771:[579334d3-7c10-42f4-b10c-e6c2267ece25:192.168.151.99:34131] with ContainerStateMachine:uninitialized
2019-09-26 16:53:49,639 [pool-47-thread-1] INFO  server.RaftServerConfigKeys (ConfUtils.java:logGet(43)) - raft.server.rpc.timeout.min = 5s (custom)
2019-09-26 16:53:49,639 [pool-47-thread-1] INFO  server.RaftServerConfigKeys (ConfUtils.java:logGet(43)) - raft.server.rpc.timeout.max = 5200ms (custom)
2019-09-26 16:53:49,639 [pool-47-thread-1] INFO  server.RaftServerConfigKeys (ConfUtils.java:logGet(43)) - raft.server.rpcslowness.timeout = 120s (custom)
2019-09-26 16:53:49,639 [pool-47-thread-1] INFO  server.RaftServerConfigKeys (ConfUtils.java:logGet(43)) - raft.server.sleep.deviation.threshold = 300 (default)
2019-09-26 16:53:49,640 [pool-47-thread-1] INFO  server.RaftServerConfigKeys (ConfUtils.java:logGet(43)) - raft.server.log.appender.install.snapshot.enabled = false (custom)
2019-09-26 16:53:49,640 [pool-47-thread-1] INFO  impl.RaftServerImpl (ServerState.java:<init>(103)) - 579334d3-7c10-42f4-b10c-e6c2267ece25@group-62D535C7C771: ConfigurationManager, init=-1: [579334d3-7c10-42f4-b10c-e6c2267ece25:192.168.151.99:34131], old=null, confs=<EMPTY_MAP>
2019-09-26 16:53:49,640 [pool-47-thread-1] INFO  server.RaftServerConfigKeys (ConfUtils.java:logGet(43)) - raft.server.storage.dir = [/workdir/hadoop-ozone/integration-test/target/test-dir/MiniOzoneClusterImpl-fdc3d401-fab1-4968-a84f-12bf762e2bbf/datanode-2/data/ratis] (custom)
2019-09-26 16:53:49,640 [pool-47-thread-1] INFO  storage.RaftStorageDirectory (RaftStorageDirectory.java:analyzeStorage(246)) - The storage directory /workdir/hadoop-ozone/integration-test/target/test-dir/MiniOzoneClusterImpl-fdc3d401-fab1-4968-a84f-12bf762e2bbf/datanode-2/data/ratis/c7fd18c3-0802-40b0-8298-62d535c7c771 does not exist. Creating ...
2019-09-26 16:53:49,655 [pool-47-thread-1] INFO  storage.RaftStorageDirectory (RaftStorageDirectory.java:tryLock(328)) - Lock on /workdir/hadoop-ozone/integration-test/target/test-dir/MiniOzoneClusterImpl-fdc3d401-fab1-4968-a84f-12bf762e2bbf/datanode-2/data/ratis/c7fd18c3-0802-40b0-8298-62d535c7c771/in_use.lock acquired by nodename 15096@pr-hdds-1569-g6sp5-2013761785
2019-09-26 16:53:49,680 [pool-47-thread-1] INFO  storage.RaftStorage (RaftStorage.java:format(72)) - Storage directory /workdir/hadoop-ozone/integration-test/target/test-dir/MiniOzoneClusterImpl-fdc3d401-fab1-4968-a84f-12bf762e2bbf/datanode-2/data/ratis/c7fd18c3-0802-40b0-8298-62d535c7c771 has been successfully formatted.
2019-09-26 16:53:49,681 [pool-47-thread-1] INFO  ratis.ContainerStateMachine (ContainerStateMachine.java:loadSnapshot(230)) - group-62D535C7C771: The snapshot info is null. Setting the last applied indexto:(t:0, i:~)
2019-09-26 16:53:49,681 [pool-47-thread-1] INFO  server.RaftServerConfigKeys (ConfUtils.java:logGet(43)) - raft.server.notification.no-leader.timeout = 120s (custom)
2019-09-26 16:53:49,681 [pool-47-thread-1] INFO  server.RaftServerConfigKeys (ConfUtils.java:logGet(43)) - raft.server.log.use.memory = false (default)
2019-09-26 16:53:49,681 [pool-47-thread-1] INFO  server.RaftServerConfigKeys (ConfUtils.java:logGet(43)) - raft.server.log.purge.gap = 1000000 (custom)
2019-09-26 16:53:49,681 [pool-47-thread-1] INFO  server.RaftServerConfigKeys (ConfUtils.java:logGet(43)) - raft.server.log.appender.buffer.byte-limit = 33554432 (custom)
2019-09-26 16:53:49,681 [pool-47-thread-1] INFO  server.RaftServerConfigKeys (ConfUtils.java:logGet(43)) - raft.server.log.segment.size.max = 1048576 (custom)
2019-09-26 16:53:49,682 [pool-47-thread-1] INFO  server.RaftServerConfigKeys (ConfUtils.java:logGet(43)) - raft.server.log.segment.cache.num.max = 2 (custom)
2019-09-26 16:53:49,682 [pool-47-thread-1] INFO  segmented.SegmentedRaftLogWorker (SegmentedRaftLogWorker.java:<init>(172)) - new 579334d3-7c10-42f4-b10c-e6c2267ece25@group-62D535C7C771-SegmentedRaftLogWorker for RaftStorage:Storage Directory /workdir/hadoop-ozone/integration-test/target/test-dir/MiniOzoneClusterImpl-fdc3d401-fab1-4968-a84f-12bf762e2bbf/datanode-2/data/ratis/c7fd18c3-0802-40b0-8298-62d535c7c771
2019-09-26 16:53:49,682 [pool-47-thread-1] INFO  server.RaftServerConfigKeys (ConfUtils.java:logGet(43)) - raft.server.log.queue.byte-limit = 2147483647 (custom)
2019-09-26 16:53:49,682 [pool-47-thread-1] INFO  server.RaftServerConfigKeys (ConfUtils.java:logGet(43)) - raft.server.log.queue.element-limit = 1024 (custom)
2019-09-26 16:53:49,682 [pool-47-thread-1] INFO  server.RaftServerConfigKeys (ConfUtils.java:logGet(43)) - raft.server.log.segment.size.max = 1048576 (custom)
2019-09-26 16:53:49,682 [pool-47-thread-1] INFO  server.RaftServerConfigKeys (ConfUtils.java:logGet(43)) - raft.server.log.preallocated.size = 16384 (custom)
2019-09-26 16:53:49,682 [pool-47-thread-1] INFO  server.RaftServerConfigKeys (ConfUtils.java:logGet(43)) - raft.server.log.write.buffer.size = 33554432 (custom)
2019-09-26 16:53:49,682 [pool-47-thread-1] INFO  server.RaftServerConfigKeys (ConfUtils.java:logGet(43)) - raft.server.log.force.sync.num = 128 (default)
2019-09-26 16:53:49,682 [pool-47-thread-1] INFO  server.RaftServerConfigKeys (ConfUtils.java:logGet(43)) - raft.server.log.statemachine.data.sync = true (default)
2019-09-26 16:53:49,683 [pool-47-thread-1] INFO  server.RaftServerConfigKeys (ConfUtils.java:logGet(43)) - raft.server.log.statemachine.data.sync.timeout = 10s (default)
2019-09-26 16:53:49,683 [pool-47-thread-1] INFO  server.RaftServerConfigKeys (ConfUtils.java:logGet(43)) - raft.server.log.statemachine.data.sync.timeout.retry = -1 (default)
2019-09-26 16:53:49,683 [pool-47-thread-1] INFO  server.RaftServerConfigKeys (ConfUtils.java:logGet(43)) - raft.server.log.statemachine.data.caching.enabled = true (custom)
2019-09-26 16:53:49,683 [pool-47-thread-1] INFO  segmented.SegmentedRaftLogWorker (SegmentedRaftLogWorker.java:lambda$new$0(132)) - 579334d3-7c10-42f4-b10c-e6c2267ece25@group-62D535C7C771-SegmentedRaftLogWorker: flushIndex: setUnconditionally 0 -> -1
2019-09-26 16:53:49,683 [pool-47-thread-1] INFO  server.RaftServerConfigKeys (ConfUtils.java:logGet(43)) - raft.server.snapshot.auto.trigger.enabled = true (custom)
2019-09-26 16:53:49,684 [pool-47-thread-1] INFO  server.RaftServerConfigKeys (ConfUtils.java:logGet(43)) - raft.server.snapshot.auto.trigger.threshold = 10000 (custom)
2019-09-26 16:53:49,684 [pool-47-thread-1] INFO  server.RaftServerConfigKeys (ConfUtils.java:logGet(43)) - raft.server.snapshot.retention.num.files = 5 (custom)
2019-09-26 16:53:49,684 [pool-47-thread-1] INFO  server.RaftServerConfigKeys (ConfUtils.java:logGet(43)) - raft.server.retrycache.expirytime = 600000ms (custom)
2019-09-26 16:53:49,687 [pool-47-thread-1] INFO  impl.RaftServerImpl (RaftServerImpl.java:start(185)) - 579334d3-7c10-42f4-b10c-e6c2267ece25@group-62D535C7C771: start as a follower, conf=-1: [579334d3-7c10-42f4-b10c-e6c2267ece25:192.168.151.99:34131], old=null
2019-09-26 16:53:49,687 [pool-47-thread-1] INFO  impl.RaftServerImpl (RaftServerImpl.java:setRole(174)) - 579334d3-7c10-42f4-b10c-e6c2267ece25@group-62D535C7C771: changes role from      null to FOLLOWER at term 0 for startAsFollower
2019-09-26 16:53:49,687 [pool-47-thread-1] INFO  impl.RoleInfo (RoleInfo.java:updateAndGet(143)) - 579334d3-7c10-42f4-b10c-e6c2267ece25: start FollowerState
2019-09-26 16:53:49,687 [pool-47-thread-1] INFO  util.JmxRegister (JmxRegister.java:tryRegister(44)) - Successfully registered JMX Bean with object name Ratis:service=RaftServer,group=group-62D535C7C771,id=579334d3-7c10-42f4-b10c-e6c2267ece25
2019-09-26 16:53:49,694 [RatisPipelineUtilsThread] INFO  pipeline.PipelineStateManager (PipelineStateManager.java:addPipeline(56)) - Created pipeline Pipeline[ Id: c7fd18c3-0802-40b0-8298-62d535c7c771, Nodes: 579334d3-7c10-42f4-b10c-e6c2267ece25{ip: 192.168.151.99, host: pr-hdds-1569-g6sp5-2013761785, networkLocation: /default-rack, certSerialId: null}, Type:RATIS, Factor:ONE, State:OPEN]
2019-09-26 16:53:49,704 [grpc-default-executor-0] INFO  impl.RaftServerProxy (RaftServerProxy.java:addNew(89)) - 579334d3-7c10-42f4-b10c-e6c2267ece25: addNew group-E6FCFA2C0D6F:[579334d3-7c10-42f4-b10c-e6c2267ece25:192.168.151.99:34131] returns group-E6FCFA2C0D6F:java.util.concurrent.CompletableFuture@381d3ee4[Not completed]
2019-09-26 16:53:49,707 [pool-47-thread-1] INFO  impl.RaftServerImpl (RaftServerImpl.java:<init>(95)) - 579334d3-7c10-42f4-b10c-e6c2267ece25: new RaftServerImpl for group-E6FCFA2C0D6F:[579334d3-7c10-42f4-b10c-e6c2267ece25:192.168.151.99:34131] with ContainerStateMachine:uninitialized
2019-09-26 16:53:49,707 [pool-47-thread-1] INFO  server.RaftServerConfigKeys (ConfUtils.java:logGet(43)) - raft.server.rpc.timeout.min = 5s (custom)
2019-09-26 16:53:49,707 [pool-47-thread-1] INFO  server.RaftServerConfigKeys (ConfUtils.java:logGet(43)) - raft.server.rpc.timeout.max = 5200ms (custom)
2019-09-26 16:53:49,707 [pool-47-thread-1] INFO  server.RaftServerConfigKeys (ConfUtils.java:logGet(43)) - raft.server.rpcslowness.timeout = 120s (custom)
2019-09-26 16:53:49,708 [pool-47-thread-1] INFO  server.RaftServerConfigKeys (ConfUtils.java:logGet(43)) - raft.server.sleep.deviation.threshold = 300 (default)
2019-09-26 16:53:49,708 [pool-47-thread-1] INFO  server.RaftServerConfigKeys (ConfUtils.java:logGet(43)) - raft.server.log.appender.install.snapshot.enabled = false (custom)
2019-09-26 16:53:49,708 [pool-47-thread-1] INFO  impl.RaftServerImpl (ServerState.java:<init>(103)) - 579334d3-7c10-42f4-b10c-e6c2267ece25@group-E6FCFA2C0D6F: ConfigurationManager, init=-1: [579334d3-7c10-42f4-b10c-e6c2267ece25:192.168.151.99:34131], old=null, confs=<EMPTY_MAP>
2019-09-26 16:53:49,708 [pool-47-thread-1] INFO  server.RaftServerConfigKeys (ConfUtils.java:logGet(43)) - raft.server.storage.dir = [/workdir/hadoop-ozone/integration-test/target/test-dir/MiniOzoneClusterImpl-fdc3d401-fab1-4968-a84f-12bf762e2bbf/datanode-2/data/ratis] (custom)
2019-09-26 16:53:49,708 [pool-47-thread-1] INFO  storage.RaftStorageDirectory (RaftStorageDirectory.java:analyzeStorage(246)) - The storage directory /workdir/hadoop-ozone/integration-test/target/test-dir/MiniOzoneClusterImpl-fdc3d401-fab1-4968-a84f-12bf762e2bbf/datanode-2/data/ratis/38c49bf8-d212-4549-ad79-e6fcfa2c0d6f does not exist. Creating ...
2019-09-26 16:53:49,723 [pool-47-thread-1] INFO  storage.RaftStorageDirectory (RaftStorageDirectory.java:tryLock(328)) - Lock on /workdir/hadoop-ozone/integration-test/target/test-dir/MiniOzoneClusterImpl-fdc3d401-fab1-4968-a84f-12bf762e2bbf/datanode-2/data/ratis/38c49bf8-d212-4549-ad79-e6fcfa2c0d6f/in_use.lock acquired by nodename 15096@pr-hdds-1569-g6sp5-2013761785
2019-09-26 16:53:49,748 [pool-47-thread-1] INFO  storage.RaftStorage (RaftStorage.java:format(72)) - Storage directory /workdir/hadoop-ozone/integration-test/target/test-dir/MiniOzoneClusterImpl-fdc3d401-fab1-4968-a84f-12bf762e2bbf/datanode-2/data/ratis/38c49bf8-d212-4549-ad79-e6fcfa2c0d6f has been successfully formatted.
2019-09-26 16:53:49,749 [pool-47-thread-1] INFO  ratis.ContainerStateMachine (ContainerStateMachine.java:loadSnapshot(230)) - group-E6FCFA2C0D6F: The snapshot info is null. Setting the last applied indexto:(t:0, i:~)
2019-09-26 16:53:49,749 [pool-47-thread-1] INFO  server.RaftServerConfigKeys (ConfUtils.java:logGet(43)) - raft.server.notification.no-leader.timeout = 120s (custom)
2019-09-26 16:53:49,749 [pool-47-thread-1] INFO  server.RaftServerConfigKeys (ConfUtils.java:logGet(43)) - raft.server.log.use.memory = false (default)
2019-09-26 16:53:49,749 [pool-47-thread-1] INFO  server.RaftServerConfigKeys (ConfUtils.java:logGet(43)) - raft.server.log.purge.gap = 1000000 (custom)
2019-09-26 16:53:49,749 [pool-47-thread-1] INFO  server.RaftServerConfigKeys (ConfUtils.java:logGet(43)) - raft.server.log.appender.buffer.byte-limit = 33554432 (custom)
2019-09-26 16:53:49,749 [pool-47-thread-1] INFO  server.RaftServerConfigKeys (ConfUtils.java:logGet(43)) - raft.server.log.segment.size.max = 1048576 (custom)
2019-09-26 16:53:49,749 [pool-47-thread-1] INFO  server.RaftServerConfigKeys (ConfUtils.java:logGet(43)) - raft.server.log.segment.cache.num.max = 2 (custom)
2019-09-26 16:53:49,750 [pool-47-thread-1] INFO  segmented.SegmentedRaftLogWorker (SegmentedRaftLogWorker.java:<init>(172)) - new 579334d3-7c10-42f4-b10c-e6c2267ece25@group-E6FCFA2C0D6F-SegmentedRaftLogWorker for RaftStorage:Storage Directory /workdir/hadoop-ozone/integration-test/target/test-dir/MiniOzoneClusterImpl-fdc3d401-fab1-4968-a84f-12bf762e2bbf/datanode-2/data/ratis/38c49bf8-d212-4549-ad79-e6fcfa2c0d6f
2019-09-26 16:53:49,750 [pool-47-thread-1] INFO  server.RaftServerConfigKeys (ConfUtils.java:logGet(43)) - raft.server.log.queue.byte-limit = 2147483647 (custom)
2019-09-26 16:53:49,750 [pool-47-thread-1] INFO  server.RaftServerConfigKeys (ConfUtils.java:logGet(43)) - raft.server.log.queue.element-limit = 1024 (custom)
2019-09-26 16:53:49,750 [pool-47-thread-1] INFO  server.RaftServerConfigKeys (ConfUtils.java:logGet(43)) - raft.server.log.segment.size.max = 1048576 (custom)
2019-09-26 16:53:49,750 [pool-47-thread-1] INFO  server.RaftServerConfigKeys (ConfUtils.java:logGet(43)) - raft.server.log.preallocated.size = 16384 (custom)
2019-09-26 16:53:49,750 [pool-47-thread-1] INFO  server.RaftServerConfigKeys (ConfUtils.java:logGet(43)) - raft.server.log.write.buffer.size = 33554432 (custom)
2019-09-26 16:53:49,750 [pool-47-thread-1] INFO  server.RaftServerConfigKeys (ConfUtils.java:logGet(43)) - raft.server.log.force.sync.num = 128 (default)
2019-09-26 16:53:49,750 [pool-47-thread-1] INFO  server.RaftServerConfigKeys (ConfUtils.java:logGet(43)) - raft.server.log.statemachine.data.sync = true (default)
2019-09-26 16:53:49,750 [pool-47-thread-1] INFO  server.RaftServerConfigKeys (ConfUtils.java:logGet(43)) - raft.server.log.statemachine.data.sync.timeout = 10s (default)
2019-09-26 16:53:49,751 [pool-47-thread-1] INFO  server.RaftServerConfigKeys (ConfUtils.java:logGet(43)) - raft.server.log.statemachine.data.sync.timeout.retry = -1 (default)
2019-09-26 16:53:49,751 [pool-47-thread-1] INFO  server.RaftServerConfigKeys (ConfUtils.java:logGet(43)) - raft.server.log.statemachine.data.caching.enabled = true (custom)
2019-09-26 16:53:49,751 [pool-47-thread-1] INFO  segmented.SegmentedRaftLogWorker (SegmentedRaftLogWorker.java:lambda$new$0(132)) - 579334d3-7c10-42f4-b10c-e6c2267ece25@group-E6FCFA2C0D6F-SegmentedRaftLogWorker: flushIndex: setUnconditionally 0 -> -1
2019-09-26 16:53:49,751 [pool-47-thread-1] INFO  server.RaftServerConfigKeys (ConfUtils.java:logGet(43)) - raft.server.snapshot.auto.trigger.enabled = true (custom)
2019-09-26 16:53:49,751 [pool-47-thread-1] INFO  server.RaftServerConfigKeys (ConfUtils.java:logGet(43)) - raft.server.snapshot.auto.trigger.threshold = 10000 (custom)
2019-09-26 16:53:49,752 [pool-47-thread-1] INFO  server.RaftServerConfigKeys (ConfUtils.java:logGet(43)) - raft.server.snapshot.retention.num.files = 5 (custom)
2019-09-26 16:53:49,752 [pool-47-thread-1] INFO  server.RaftServerConfigKeys (ConfUtils.java:logGet(43)) - raft.server.retrycache.expirytime = 600000ms (custom)
2019-09-26 16:53:49,754 [pool-47-thread-1] INFO  impl.RaftServerImpl (RaftServerImpl.java:start(185)) - 579334d3-7c10-42f4-b10c-e6c2267ece25@group-E6FCFA2C0D6F: start as a follower, conf=-1: [579334d3-7c10-42f4-b10c-e6c2267ece25:192.168.151.99:34131], old=null
2019-09-26 16:53:49,754 [pool-47-thread-1] INFO  impl.RaftServerImpl (RaftServerImpl.java:setRole(174)) - 579334d3-7c10-42f4-b10c-e6c2267ece25@group-E6FCFA2C0D6F: changes role from      null to FOLLOWER at term 0 for startAsFollower
2019-09-26 16:53:49,754 [pool-47-thread-1] INFO  impl.RoleInfo (RoleInfo.java:updateAndGet(143)) - 579334d3-7c10-42f4-b10c-e6c2267ece25: start FollowerState
2019-09-26 16:53:49,755 [pool-47-thread-1] INFO  util.JmxRegister (JmxRegister.java:tryRegister(44)) - Successfully registered JMX Bean with object name Ratis:service=RaftServer,group=group-E6FCFA2C0D6F,id=579334d3-7c10-42f4-b10c-e6c2267ece25
2019-09-26 16:53:49,760 [RatisPipelineUtilsThread] INFO  pipeline.PipelineStateManager (PipelineStateManager.java:addPipeline(56)) - Created pipeline Pipeline[ Id: 38c49bf8-d212-4549-ad79-e6fcfa2c0d6f, Nodes: 579334d3-7c10-42f4-b10c-e6c2267ece25{ip: 192.168.151.99, host: pr-hdds-1569-g6sp5-2013761785, networkLocation: /default-rack, certSerialId: null}, Type:RATIS, Factor:ONE, State:OPEN]
2019-09-26 16:53:49,792 [grpc-default-executor-0] INFO  impl.RaftServerProxy (RaftServerProxy.java:addNew(89)) - 4a469c34-60df-4173-8d32-715e2ce97f5d: addNew group-D6CA9FE79D87:[4a469c34-60df-4173-8d32-715e2ce97f5d:192.168.151.99:42442] returns group-D6CA9FE79D87:java.util.concurrent.CompletableFuture@384a6076[Not completed]
2019-09-26 16:53:49,793 [pool-87-thread-1] INFO  impl.RaftServerImpl (RaftServerImpl.java:<init>(95)) - 4a469c34-60df-4173-8d32-715e2ce97f5d: new RaftServerImpl for group-D6CA9FE79D87:[4a469c34-60df-4173-8d32-715e2ce97f5d:192.168.151.99:42442] with ContainerStateMachine:uninitialized
2019-09-26 16:53:49,793 [pool-87-thread-1] INFO  server.RaftServerConfigKeys (ConfUtils.java:logGet(43)) - raft.server.rpc.timeout.min = 5s (custom)
2019-09-26 16:53:49,793 [pool-87-thread-1] INFO  server.RaftServerConfigKeys (ConfUtils.java:logGet(43)) - raft.server.rpc.timeout.max = 5200ms (custom)
2019-09-26 16:53:49,794 [pool-87-thread-1] INFO  server.RaftServerConfigKeys (ConfUtils.java:logGet(43)) - raft.server.rpcslowness.timeout = 120s (custom)
2019-09-26 16:53:49,794 [pool-87-thread-1] INFO  server.RaftServerConfigKeys (ConfUtils.java:logGet(43)) - raft.server.sleep.deviation.threshold = 300 (default)
2019-09-26 16:53:49,794 [pool-87-thread-1] INFO  server.RaftServerConfigKeys (ConfUtils.java:logGet(43)) - raft.server.log.appender.install.snapshot.enabled = false (custom)
2019-09-26 16:53:49,794 [pool-87-thread-1] INFO  impl.RaftServerImpl (ServerState.java:<init>(103)) - 4a469c34-60df-4173-8d32-715e2ce97f5d@group-D6CA9FE79D87: ConfigurationManager, init=-1: [4a469c34-60df-4173-8d32-715e2ce97f5d:192.168.151.99:42442], old=null, confs=<EMPTY_MAP>
2019-09-26 16:53:49,794 [pool-87-thread-1] INFO  server.RaftServerConfigKeys (ConfUtils.java:logGet(43)) - raft.server.storage.dir = [/workdir/hadoop-ozone/integration-test/target/test-dir/MiniOzoneClusterImpl-fdc3d401-fab1-4968-a84f-12bf762e2bbf/datanode-6/data/ratis] (custom)
2019-09-26 16:53:49,794 [pool-87-thread-1] INFO  storage.RaftStorageDirectory (RaftStorageDirectory.java:analyzeStorage(246)) - The storage directory /workdir/hadoop-ozone/integration-test/target/test-dir/MiniOzoneClusterImpl-fdc3d401-fab1-4968-a84f-12bf762e2bbf/datanode-6/data/ratis/871c159b-0c95-47bf-93c9-d6ca9fe79d87 does not exist. Creating ...
2019-09-26 16:53:49,811 [pool-87-thread-1] INFO  storage.RaftStorageDirectory (RaftStorageDirectory.java:tryLock(328)) - Lock on /workdir/hadoop-ozone/integration-test/target/test-dir/MiniOzoneClusterImpl-fdc3d401-fab1-4968-a84f-12bf762e2bbf/datanode-6/data/ratis/871c159b-0c95-47bf-93c9-d6ca9fe79d87/in_use.lock acquired by nodename 15096@pr-hdds-1569-g6sp5-2013761785
2019-09-26 16:53:49,824 [pool-87-thread-1] INFO  storage.RaftStorage (RaftStorage.java:format(72)) - Storage directory /workdir/hadoop-ozone/integration-test/target/test-dir/MiniOzoneClusterImpl-fdc3d401-fab1-4968-a84f-12bf762e2bbf/datanode-6/data/ratis/871c159b-0c95-47bf-93c9-d6ca9fe79d87 has been successfully formatted.
2019-09-26 16:53:49,825 [pool-87-thread-1] INFO  ratis.ContainerStateMachine (ContainerStateMachine.java:loadSnapshot(230)) - group-D6CA9FE79D87: The snapshot info is null. Setting the last applied indexto:(t:0, i:~)
2019-09-26 16:53:49,825 [pool-87-thread-1] INFO  server.RaftServerConfigKeys (ConfUtils.java:logGet(43)) - raft.server.notification.no-leader.timeout = 120s (custom)
2019-09-26 16:53:49,825 [pool-87-thread-1] INFO  server.RaftServerConfigKeys (ConfUtils.java:logGet(43)) - raft.server.log.use.memory = false (default)
2019-09-26 16:53:49,825 [pool-87-thread-1] INFO  server.RaftServerConfigKeys (ConfUtils.java:logGet(43)) - raft.server.log.purge.gap = 1000000 (custom)
2019-09-26 16:53:49,825 [pool-87-thread-1] INFO  server.RaftServerConfigKeys (ConfUtils.java:logGet(43)) - raft.server.log.appender.buffer.byte-limit = 33554432 (custom)
2019-09-26 16:53:49,825 [pool-87-thread-1] INFO  server.RaftServerConfigKeys (ConfUtils.java:logGet(43)) - raft.server.log.segment.size.max = 1048576 (custom)
2019-09-26 16:53:49,825 [pool-87-thread-1] INFO  server.RaftServerConfigKeys (ConfUtils.java:logGet(43)) - raft.server.log.segment.cache.num.max = 2 (custom)
2019-09-26 16:53:49,826 [pool-87-thread-1] INFO  segmented.SegmentedRaftLogWorker (SegmentedRaftLogWorker.java:<init>(172)) - new 4a469c34-60df-4173-8d32-715e2ce97f5d@group-D6CA9FE79D87-SegmentedRaftLogWorker for RaftStorage:Storage Directory /workdir/hadoop-ozone/integration-test/target/test-dir/MiniOzoneClusterImpl-fdc3d401-fab1-4968-a84f-12bf762e2bbf/datanode-6/data/ratis/871c159b-0c95-47bf-93c9-d6ca9fe79d87
2019-09-26 16:53:49,826 [pool-87-thread-1] INFO  server.RaftServerConfigKeys (ConfUtils.java:logGet(43)) - raft.server.log.queue.byte-limit = 2147483647 (custom)
2019-09-26 16:53:49,826 [pool-87-thread-1] INFO  server.RaftServerConfigKeys (ConfUtils.java:logGet(43)) - raft.server.log.queue.element-limit = 1024 (custom)
2019-09-26 16:53:49,826 [pool-87-thread-1] INFO  server.RaftServerConfigKeys (ConfUtils.java:logGet(43)) - raft.server.log.segment.size.max = 1048576 (custom)
2019-09-26 16:53:49,826 [pool-87-thread-1] INFO  server.RaftServerConfigKeys (ConfUtils.java:logGet(43)) - raft.server.log.preallocated.size = 16384 (custom)
2019-09-26 16:53:49,826 [pool-87-thread-1] INFO  server.RaftServerConfigKeys (ConfUtils.java:logGet(43)) - raft.server.log.write.buffer.size = 33554432 (custom)
2019-09-26 16:53:49,826 [pool-87-thread-1] INFO  server.RaftServerConfigKeys (ConfUtils.java:logGet(43)) - raft.server.log.force.sync.num = 128 (default)
2019-09-26 16:53:49,826 [pool-87-thread-1] INFO  server.RaftServerConfigKeys (ConfUtils.java:logGet(43)) - raft.server.log.statemachine.data.sync = true (default)
2019-09-26 16:53:49,826 [pool-87-thread-1] INFO  server.RaftServerConfigKeys (ConfUtils.java:logGet(43)) - raft.server.log.statemachine.data.sync.timeout = 10s (default)
2019-09-26 16:53:49,827 [pool-87-thread-1] INFO  server.RaftServerConfigKeys (ConfUtils.java:logGet(43)) - raft.server.log.statemachine.data.sync.timeout.retry = -1 (default)
2019-09-26 16:53:49,827 [pool-87-thread-1] INFO  server.RaftServerConfigKeys (ConfUtils.java:logGet(43)) - raft.server.log.statemachine.data.caching.enabled = true (custom)
2019-09-26 16:53:49,827 [pool-87-thread-1] INFO  segmented.SegmentedRaftLogWorker (SegmentedRaftLogWorker.java:lambda$new$0(132)) - 4a469c34-60df-4173-8d32-715e2ce97f5d@group-D6CA9FE79D87-SegmentedRaftLogWorker: flushIndex: setUnconditionally 0 -> -1
2019-09-26 16:53:49,827 [pool-87-thread-1] INFO  server.RaftServerConfigKeys (ConfUtils.java:logGet(43)) - raft.server.snapshot.auto.trigger.enabled = true (custom)
2019-09-26 16:53:49,827 [pool-87-thread-1] INFO  server.RaftServerConfigKeys (ConfUtils.java:logGet(43)) - raft.server.snapshot.auto.trigger.threshold = 10000 (custom)
2019-09-26 16:53:49,827 [pool-87-thread-1] INFO  server.RaftServerConfigKeys (ConfUtils.java:logGet(43)) - raft.server.snapshot.retention.num.files = 5 (custom)
2019-09-26 16:53:49,828 [pool-87-thread-1] INFO  server.RaftServerConfigKeys (ConfUtils.java:logGet(43)) - raft.server.retrycache.expirytime = 600000ms (custom)
2019-09-26 16:53:49,830 [pool-87-thread-1] INFO  impl.RaftServerImpl (RaftServerImpl.java:start(185)) - 4a469c34-60df-4173-8d32-715e2ce97f5d@group-D6CA9FE79D87: start as a follower, conf=-1: [4a469c34-60df-4173-8d32-715e2ce97f5d:192.168.151.99:42442], old=null
2019-09-26 16:53:49,830 [pool-87-thread-1] INFO  impl.RaftServerImpl (RaftServerImpl.java:setRole(174)) - 4a469c34-60df-4173-8d32-715e2ce97f5d@group-D6CA9FE79D87: changes role from      null to FOLLOWER at term 0 for startAsFollower
2019-09-26 16:53:49,830 [pool-87-thread-1] INFO  impl.RoleInfo (RoleInfo.java:updateAndGet(143)) - 4a469c34-60df-4173-8d32-715e2ce97f5d: start FollowerState
2019-09-26 16:53:49,837 [pool-87-thread-1] INFO  util.JmxRegister (JmxRegister.java:tryRegister(44)) - Successfully registered JMX Bean with object name Ratis:service=RaftServer,group=group-D6CA9FE79D87,id=4a469c34-60df-4173-8d32-715e2ce97f5d
2019-09-26 16:53:49,854 [RatisPipelineUtilsThread] INFO  pipeline.PipelineStateManager (PipelineStateManager.java:addPipeline(56)) - Created pipeline Pipeline[ Id: 871c159b-0c95-47bf-93c9-d6ca9fe79d87, Nodes: 4a469c34-60df-4173-8d32-715e2ce97f5d{ip: 192.168.151.99, host: pr-hdds-1569-g6sp5-2013761785, networkLocation: /default-rack, certSerialId: null}, Type:RATIS, Factor:ONE, State:OPEN]
2019-09-26 16:53:49,866 [grpc-default-executor-0] INFO  impl.RaftServerProxy (RaftServerProxy.java:addNew(89)) - 579334d3-7c10-42f4-b10c-e6c2267ece25: addNew group-67C16B456630:[579334d3-7c10-42f4-b10c-e6c2267ece25:192.168.151.99:34131] returns group-67C16B456630:java.util.concurrent.CompletableFuture@5d9fb7b3[Not completed]
2019-09-26 16:53:49,867 [pool-47-thread-1] INFO  impl.RaftServerImpl (RaftServerImpl.java:<init>(95)) - 579334d3-7c10-42f4-b10c-e6c2267ece25: new RaftServerImpl for group-67C16B456630:[579334d3-7c10-42f4-b10c-e6c2267ece25:192.168.151.99:34131] with ContainerStateMachine:uninitialized
2019-09-26 16:53:49,867 [pool-47-thread-1] INFO  server.RaftServerConfigKeys (ConfUtils.java:logGet(43)) - raft.server.rpc.timeout.min = 5s (custom)
2019-09-26 16:53:49,868 [pool-47-thread-1] INFO  server.RaftServerConfigKeys (ConfUtils.java:logGet(43)) - raft.server.rpc.timeout.max = 5200ms (custom)
2019-09-26 16:53:49,868 [pool-47-thread-1] INFO  server.RaftServerConfigKeys (ConfUtils.java:logGet(43)) - raft.server.rpcslowness.timeout = 120s (custom)
2019-09-26 16:53:49,868 [pool-47-thread-1] INFO  server.RaftServerConfigKeys (ConfUtils.java:logGet(43)) - raft.server.sleep.deviation.threshold = 300 (default)
2019-09-26 16:53:49,868 [pool-47-thread-1] INFO  server.RaftServerConfigKeys (ConfUtils.java:logGet(43)) - raft.server.log.appender.install.snapshot.enabled = false (custom)
2019-09-26 16:53:49,868 [pool-47-thread-1] INFO  impl.RaftServerImpl (ServerState.java:<init>(103)) - 579334d3-7c10-42f4-b10c-e6c2267ece25@group-67C16B456630: ConfigurationManager, init=-1: [579334d3-7c10-42f4-b10c-e6c2267ece25:192.168.151.99:34131], old=null, confs=<EMPTY_MAP>
2019-09-26 16:53:49,868 [pool-47-thread-1] INFO  server.RaftServerConfigKeys (ConfUtils.java:logGet(43)) - raft.server.storage.dir = [/workdir/hadoop-ozone/integration-test/target/test-dir/MiniOzoneClusterImpl-fdc3d401-fab1-4968-a84f-12bf762e2bbf/datanode-2/data/ratis] (custom)
2019-09-26 16:53:49,868 [pool-47-thread-1] INFO  storage.RaftStorageDirectory (RaftStorageDirectory.java:analyzeStorage(246)) - The storage directory /workdir/hadoop-ozone/integration-test/target/test-dir/MiniOzoneClusterImpl-fdc3d401-fab1-4968-a84f-12bf762e2bbf/datanode-2/data/ratis/effefb2e-f1f7-4fa2-bcf8-67c16b456630 does not exist. Creating ...
2019-09-26 16:53:49,892 [pool-47-thread-1] INFO  storage.RaftStorageDirectory (RaftStorageDirectory.java:tryLock(328)) - Lock on /workdir/hadoop-ozone/integration-test/target/test-dir/MiniOzoneClusterImpl-fdc3d401-fab1-4968-a84f-12bf762e2bbf/datanode-2/data/ratis/effefb2e-f1f7-4fa2-bcf8-67c16b456630/in_use.lock acquired by nodename 15096@pr-hdds-1569-g6sp5-2013761785
2019-09-26 16:53:49,906 [pool-47-thread-1] INFO  storage.RaftStorage (RaftStorage.java:format(72)) - Storage directory /workdir/hadoop-ozone/integration-test/target/test-dir/MiniOzoneClusterImpl-fdc3d401-fab1-4968-a84f-12bf762e2bbf/datanode-2/data/ratis/effefb2e-f1f7-4fa2-bcf8-67c16b456630 has been successfully formatted.
2019-09-26 16:53:49,906 [pool-47-thread-1] INFO  ratis.ContainerStateMachine (ContainerStateMachine.java:loadSnapshot(230)) - group-67C16B456630: The snapshot info is null. Setting the last applied indexto:(t:0, i:~)
2019-09-26 16:53:49,906 [pool-47-thread-1] INFO  server.RaftServerConfigKeys (ConfUtils.java:logGet(43)) - raft.server.notification.no-leader.timeout = 120s (custom)
2019-09-26 16:53:49,906 [pool-47-thread-1] INFO  server.RaftServerConfigKeys (ConfUtils.java:logGet(43)) - raft.server.log.use.memory = false (default)
2019-09-26 16:53:49,907 [pool-47-thread-1] INFO  server.RaftServerConfigKeys (ConfUtils.java:logGet(43)) - raft.server.log.purge.gap = 1000000 (custom)
2019-09-26 16:53:49,907 [pool-47-thread-1] INFO  server.RaftServerConfigKeys (ConfUtils.java:logGet(43)) - raft.server.log.appender.buffer.byte-limit = 33554432 (custom)
2019-09-26 16:53:49,907 [pool-47-thread-1] INFO  server.RaftServerConfigKeys (ConfUtils.java:logGet(43)) - raft.server.log.segment.size.max = 1048576 (custom)
2019-09-26 16:53:49,907 [pool-47-thread-1] INFO  server.RaftServerConfigKeys (ConfUtils.java:logGet(43)) - raft.server.log.segment.cache.num.max = 2 (custom)
2019-09-26 16:53:49,907 [pool-47-thread-1] INFO  segmented.SegmentedRaftLogWorker (SegmentedRaftLogWorker.java:<init>(172)) - new 579334d3-7c10-42f4-b10c-e6c2267ece25@group-67C16B456630-SegmentedRaftLogWorker for RaftStorage:Storage Directory /workdir/hadoop-ozone/integration-test/target/test-dir/MiniOzoneClusterImpl-fdc3d401-fab1-4968-a84f-12bf762e2bbf/datanode-2/data/ratis/effefb2e-f1f7-4fa2-bcf8-67c16b456630
2019-09-26 16:53:49,907 [pool-47-thread-1] INFO  server.RaftServerConfigKeys (ConfUtils.java:logGet(43)) - raft.server.log.queue.byte-limit = 2147483647 (custom)
2019-09-26 16:53:49,907 [pool-47-thread-1] INFO  server.RaftServerConfigKeys (ConfUtils.java:logGet(43)) - raft.server.log.queue.element-limit = 1024 (custom)
2019-09-26 16:53:49,907 [pool-47-thread-1] INFO  server.RaftServerConfigKeys (ConfUtils.java:logGet(43)) - raft.server.log.segment.size.max = 1048576 (custom)
2019-09-26 16:53:49,908 [pool-47-thread-1] INFO  server.RaftServerConfigKeys (ConfUtils.java:logGet(43)) - raft.server.log.preallocated.size = 16384 (custom)
2019-09-26 16:53:49,908 [pool-47-thread-1] INFO  server.RaftServerConfigKeys (ConfUtils.java:logGet(43)) - raft.server.log.write.buffer.size = 33554432 (custom)
2019-09-26 16:53:49,908 [pool-47-thread-1] INFO  server.RaftServerConfigKeys (ConfUtils.java:logGet(43)) - raft.server.log.force.sync.num = 128 (default)
2019-09-26 16:53:49,908 [pool-47-thread-1] INFO  server.RaftServerConfigKeys (ConfUtils.java:logGet(43)) - raft.server.log.statemachine.data.sync = true (default)
2019-09-26 16:53:49,908 [pool-47-thread-1] INFO  server.RaftServerConfigKeys (ConfUtils.java:logGet(43)) - raft.server.log.statemachine.data.sync.timeout = 10s (default)
2019-09-26 16:53:49,908 [pool-47-thread-1] INFO  server.RaftServerConfigKeys (ConfUtils.java:logGet(43)) - raft.server.log.statemachine.data.sync.timeout.retry = -1 (default)
2019-09-26 16:53:49,908 [pool-47-thread-1] INFO  server.RaftServerConfigKeys (ConfUtils.java:logGet(43)) - raft.server.log.statemachine.data.caching.enabled = true (custom)
2019-09-26 16:53:49,909 [pool-47-thread-1] INFO  segmented.SegmentedRaftLogWorker (SegmentedRaftLogWorker.java:lambda$new$0(132)) - 579334d3-7c10-42f4-b10c-e6c2267ece25@group-67C16B456630-SegmentedRaftLogWorker: flushIndex: setUnconditionally 0 -> -1
2019-09-26 16:53:49,909 [pool-47-thread-1] INFO  server.RaftServerConfigKeys (ConfUtils.java:logGet(43)) - raft.server.snapshot.auto.trigger.enabled = true (custom)
2019-09-26 16:53:49,909 [pool-47-thread-1] INFO  server.RaftServerConfigKeys (ConfUtils.java:logGet(43)) - raft.server.snapshot.auto.trigger.threshold = 10000 (custom)
2019-09-26 16:53:49,909 [pool-47-thread-1] INFO  server.RaftServerConfigKeys (ConfUtils.java:logGet(43)) - raft.server.snapshot.retention.num.files = 5 (custom)
2019-09-26 16:53:49,909 [pool-47-thread-1] INFO  server.RaftServerConfigKeys (ConfUtils.java:logGet(43)) - raft.server.retrycache.expirytime = 600000ms (custom)
2019-09-26 16:53:49,912 [pool-47-thread-1] INFO  impl.RaftServerImpl (RaftServerImpl.java:start(185)) - 579334d3-7c10-42f4-b10c-e6c2267ece25@group-67C16B456630: start as a follower, conf=-1: [579334d3-7c10-42f4-b10c-e6c2267ece25:192.168.151.99:34131], old=null
2019-09-26 16:53:49,912 [pool-47-thread-1] INFO  impl.RaftServerImpl (RaftServerImpl.java:setRole(174)) - 579334d3-7c10-42f4-b10c-e6c2267ece25@group-67C16B456630: changes role from      null to FOLLOWER at term 0 for startAsFollower
2019-09-26 16:53:49,912 [pool-47-thread-1] INFO  impl.RoleInfo (RoleInfo.java:updateAndGet(143)) - 579334d3-7c10-42f4-b10c-e6c2267ece25: start FollowerState
2019-09-26 16:53:49,912 [pool-47-thread-1] INFO  util.JmxRegister (JmxRegister.java:tryRegister(44)) - Successfully registered JMX Bean with object name Ratis:service=RaftServer,group=group-67C16B456630,id=579334d3-7c10-42f4-b10c-e6c2267ece25
2019-09-26 16:53:49,918 [RatisPipelineUtilsThread] INFO  pipeline.PipelineStateManager (PipelineStateManager.java:addPipeline(56)) - Created pipeline Pipeline[ Id: effefb2e-f1f7-4fa2-bcf8-67c16b456630, Nodes: 579334d3-7c10-42f4-b10c-e6c2267ece25{ip: 192.168.151.99, host: pr-hdds-1569-g6sp5-2013761785, networkLocation: /default-rack, certSerialId: null}, Type:RATIS, Factor:ONE, State:OPEN]
2019-09-26 16:53:49,929 [grpc-default-executor-0] INFO  impl.RaftServerProxy (RaftServerProxy.java:addNew(89)) - 5160ea40-cc48-41a9-a1d1-1151a36e77d8: addNew group-2124E47975AB:[5160ea40-cc48-41a9-a1d1-1151a36e77d8:192.168.151.99:45356] returns group-2124E47975AB:java.util.concurrent.CompletableFuture@7daeffcc[Not completed]
2019-09-26 16:53:49,931 [pool-57-thread-1] INFO  impl.RaftServerImpl (RaftServerImpl.java:<init>(95)) - 5160ea40-cc48-41a9-a1d1-1151a36e77d8: new RaftServerImpl for group-2124E47975AB:[5160ea40-cc48-41a9-a1d1-1151a36e77d8:192.168.151.99:45356] with ContainerStateMachine:uninitialized
2019-09-26 16:53:49,931 [pool-57-thread-1] INFO  server.RaftServerConfigKeys (ConfUtils.java:logGet(43)) - raft.server.rpc.timeout.min = 5s (custom)
2019-09-26 16:53:49,931 [pool-57-thread-1] INFO  server.RaftServerConfigKeys (ConfUtils.java:logGet(43)) - raft.server.rpc.timeout.max = 5200ms (custom)
2019-09-26 16:53:49,931 [pool-57-thread-1] INFO  server.RaftServerConfigKeys (ConfUtils.java:logGet(43)) - raft.server.rpcslowness.timeout = 120s (custom)
2019-09-26 16:53:49,931 [pool-57-thread-1] INFO  server.RaftServerConfigKeys (ConfUtils.java:logGet(43)) - raft.server.sleep.deviation.threshold = 300 (default)
2019-09-26 16:53:49,931 [pool-57-thread-1] INFO  server.RaftServerConfigKeys (ConfUtils.java:logGet(43)) - raft.server.log.appender.install.snapshot.enabled = false (custom)
2019-09-26 16:53:49,931 [pool-57-thread-1] INFO  impl.RaftServerImpl (ServerState.java:<init>(103)) - 5160ea40-cc48-41a9-a1d1-1151a36e77d8@group-2124E47975AB: ConfigurationManager, init=-1: [5160ea40-cc48-41a9-a1d1-1151a36e77d8:192.168.151.99:45356], old=null, confs=<EMPTY_MAP>
2019-09-26 16:53:49,931 [pool-57-thread-1] INFO  server.RaftServerConfigKeys (ConfUtils.java:logGet(43)) - raft.server.storage.dir = [/workdir/hadoop-ozone/integration-test/target/test-dir/MiniOzoneClusterImpl-fdc3d401-fab1-4968-a84f-12bf762e2bbf/datanode-3/data/ratis] (custom)
2019-09-26 16:53:49,932 [pool-57-thread-1] INFO  storage.RaftStorageDirectory (RaftStorageDirectory.java:analyzeStorage(246)) - The storage directory /workdir/hadoop-ozone/integration-test/target/test-dir/MiniOzoneClusterImpl-fdc3d401-fab1-4968-a84f-12bf762e2bbf/datanode-3/data/ratis/1276b816-892e-4b20-95e9-2124e47975ab does not exist. Creating ...
2019-09-26 16:53:49,946 [pool-57-thread-1] INFO  storage.RaftStorageDirectory (RaftStorageDirectory.java:tryLock(328)) - Lock on /workdir/hadoop-ozone/integration-test/target/test-dir/MiniOzoneClusterImpl-fdc3d401-fab1-4968-a84f-12bf762e2bbf/datanode-3/data/ratis/1276b816-892e-4b20-95e9-2124e47975ab/in_use.lock acquired by nodename 15096@pr-hdds-1569-g6sp5-2013761785
2019-09-26 16:53:49,950 [pool-57-thread-1] INFO  storage.RaftStorage (RaftStorage.java:format(72)) - Storage directory /workdir/hadoop-ozone/integration-test/target/test-dir/MiniOzoneClusterImpl-fdc3d401-fab1-4968-a84f-12bf762e2bbf/datanode-3/data/ratis/1276b816-892e-4b20-95e9-2124e47975ab has been successfully formatted.
2019-09-26 16:53:49,950 [pool-57-thread-1] INFO  ratis.ContainerStateMachine (ContainerStateMachine.java:loadSnapshot(230)) - group-2124E47975AB: The snapshot info is null. Setting the last applied indexto:(t:0, i:~)
2019-09-26 16:53:49,950 [pool-57-thread-1] INFO  server.RaftServerConfigKeys (ConfUtils.java:logGet(43)) - raft.server.notification.no-leader.timeout = 120s (custom)
2019-09-26 16:53:49,950 [pool-57-thread-1] INFO  server.RaftServerConfigKeys (ConfUtils.java:logGet(43)) - raft.server.log.use.memory = false (default)
2019-09-26 16:53:49,950 [pool-57-thread-1] INFO  server.RaftServerConfigKeys (ConfUtils.java:logGet(43)) - raft.server.log.purge.gap = 1000000 (custom)
2019-09-26 16:53:49,951 [pool-57-thread-1] INFO  server.RaftServerConfigKeys (ConfUtils.java:logGet(43)) - raft.server.log.appender.buffer.byte-limit = 33554432 (custom)
2019-09-26 16:53:49,951 [pool-57-thread-1] INFO  server.RaftServerConfigKeys (ConfUtils.java:logGet(43)) - raft.server.log.segment.size.max = 1048576 (custom)
2019-09-26 16:53:49,951 [pool-57-thread-1] INFO  server.RaftServerConfigKeys (ConfUtils.java:logGet(43)) - raft.server.log.segment.cache.num.max = 2 (custom)
2019-09-26 16:53:49,951 [pool-57-thread-1] INFO  segmented.SegmentedRaftLogWorker (SegmentedRaftLogWorker.java:<init>(172)) - new 5160ea40-cc48-41a9-a1d1-1151a36e77d8@group-2124E47975AB-SegmentedRaftLogWorker for RaftStorage:Storage Directory /workdir/hadoop-ozone/integration-test/target/test-dir/MiniOzoneClusterImpl-fdc3d401-fab1-4968-a84f-12bf762e2bbf/datanode-3/data/ratis/1276b816-892e-4b20-95e9-2124e47975ab
2019-09-26 16:53:49,951 [pool-57-thread-1] INFO  server.RaftServerConfigKeys (ConfUtils.java:logGet(43)) - raft.server.log.queue.byte-limit = 2147483647 (custom)
2019-09-26 16:53:49,951 [pool-57-thread-1] INFO  server.RaftServerConfigKeys (ConfUtils.java:logGet(43)) - raft.server.log.queue.element-limit = 1024 (custom)
2019-09-26 16:53:49,951 [pool-57-thread-1] INFO  server.RaftServerConfigKeys (ConfUtils.java:logGet(43)) - raft.server.log.segment.size.max = 1048576 (custom)
2019-09-26 16:53:49,952 [pool-57-thread-1] INFO  server.RaftServerConfigKeys (ConfUtils.java:logGet(43)) - raft.server.log.preallocated.size = 16384 (custom)
2019-09-26 16:53:49,952 [pool-57-thread-1] INFO  server.RaftServerConfigKeys (ConfUtils.java:logGet(43)) - raft.server.log.write.buffer.size = 33554432 (custom)
2019-09-26 16:53:49,952 [pool-57-thread-1] INFO  server.RaftServerConfigKeys (ConfUtils.java:logGet(43)) - raft.server.log.force.sync.num = 128 (default)
2019-09-26 16:53:49,952 [pool-57-thread-1] INFO  server.RaftServerConfigKeys (ConfUtils.java:logGet(43)) - raft.server.log.statemachine.data.sync = true (default)
2019-09-26 16:53:49,952 [pool-57-thread-1] INFO  server.RaftServerConfigKeys (ConfUtils.java:logGet(43)) - raft.server.log.statemachine.data.sync.timeout = 10s (default)
2019-09-26 16:53:49,952 [pool-57-thread-1] INFO  server.RaftServerConfigKeys (ConfUtils.java:logGet(43)) - raft.server.log.statemachine.data.sync.timeout.retry = -1 (default)
2019-09-26 16:53:49,952 [pool-57-thread-1] INFO  server.RaftServerConfigKeys (ConfUtils.java:logGet(43)) - raft.server.log.statemachine.data.caching.enabled = true (custom)
2019-09-26 16:53:49,953 [pool-57-thread-1] INFO  segmented.SegmentedRaftLogWorker (SegmentedRaftLogWorker.java:lambda$new$0(132)) - 5160ea40-cc48-41a9-a1d1-1151a36e77d8@group-2124E47975AB-SegmentedRaftLogWorker: flushIndex: setUnconditionally 0 -> -1
2019-09-26 16:53:49,953 [pool-57-thread-1] INFO  server.RaftServerConfigKeys (ConfUtils.java:logGet(43)) - raft.server.snapshot.auto.trigger.enabled = true (custom)
2019-09-26 16:53:49,953 [pool-57-thread-1] INFO  server.RaftServerConfigKeys (ConfUtils.java:logGet(43)) - raft.server.snapshot.auto.trigger.threshold = 10000 (custom)
2019-09-26 16:53:49,953 [pool-57-thread-1] INFO  server.RaftServerConfigKeys (ConfUtils.java:logGet(43)) - raft.server.snapshot.retention.num.files = 5 (custom)
2019-09-26 16:53:49,953 [pool-57-thread-1] INFO  server.RaftServerConfigKeys (ConfUtils.java:logGet(43)) - raft.server.retrycache.expirytime = 600000ms (custom)
2019-09-26 16:53:49,956 [pool-57-thread-1] INFO  impl.RaftServerImpl (RaftServerImpl.java:start(185)) - 5160ea40-cc48-41a9-a1d1-1151a36e77d8@group-2124E47975AB: start as a follower, conf=-1: [5160ea40-cc48-41a9-a1d1-1151a36e77d8:192.168.151.99:45356], old=null
2019-09-26 16:53:49,956 [pool-57-thread-1] INFO  impl.RaftServerImpl (RaftServerImpl.java:setRole(174)) - 5160ea40-cc48-41a9-a1d1-1151a36e77d8@group-2124E47975AB: changes role from      null to FOLLOWER at term 0 for startAsFollower
2019-09-26 16:53:49,956 [pool-57-thread-1] INFO  impl.RoleInfo (RoleInfo.java:updateAndGet(143)) - 5160ea40-cc48-41a9-a1d1-1151a36e77d8: start FollowerState
2019-09-26 16:53:49,957 [pool-57-thread-1] INFO  util.JmxRegister (JmxRegister.java:tryRegister(44)) - Successfully registered JMX Bean with object name Ratis:service=RaftServer,group=group-2124E47975AB,id=5160ea40-cc48-41a9-a1d1-1151a36e77d8
2019-09-26 16:53:49,962 [RatisPipelineUtilsThread] INFO  pipeline.PipelineStateManager (PipelineStateManager.java:addPipeline(56)) - Created pipeline Pipeline[ Id: 1276b816-892e-4b20-95e9-2124e47975ab, Nodes: 5160ea40-cc48-41a9-a1d1-1151a36e77d8{ip: 192.168.151.99, host: pr-hdds-1569-g6sp5-2013761785, networkLocation: /default-rack, certSerialId: null}, Type:RATIS, Factor:ONE, State:OPEN]
2019-09-26 16:53:49,973 [grpc-default-executor-0] INFO  impl.RaftServerProxy (RaftServerProxy.java:addNew(89)) - 579334d3-7c10-42f4-b10c-e6c2267ece25: addNew group-199396C3F81F:[579334d3-7c10-42f4-b10c-e6c2267ece25:192.168.151.99:34131] returns group-199396C3F81F:java.util.concurrent.CompletableFuture@73b06fe4[Not completed]
2019-09-26 16:53:49,974 [pool-47-thread-1] INFO  impl.RaftServerImpl (RaftServerImpl.java:<init>(95)) - 579334d3-7c10-42f4-b10c-e6c2267ece25: new RaftServerImpl for group-199396C3F81F:[579334d3-7c10-42f4-b10c-e6c2267ece25:192.168.151.99:34131] with ContainerStateMachine:uninitialized
2019-09-26 16:53:49,975 [pool-47-thread-1] INFO  server.RaftServerConfigKeys (ConfUtils.java:logGet(43)) - raft.server.rpc.timeout.min = 5s (custom)
2019-09-26 16:53:49,975 [pool-47-thread-1] INFO  server.RaftServerConfigKeys (ConfUtils.java:logGet(43)) - raft.server.rpc.timeout.max = 5200ms (custom)
2019-09-26 16:53:49,975 [pool-47-thread-1] INFO  server.RaftServerConfigKeys (ConfUtils.java:logGet(43)) - raft.server.rpcslowness.timeout = 120s (custom)
2019-09-26 16:53:49,975 [pool-47-thread-1] INFO  server.RaftServerConfigKeys (ConfUtils.java:logGet(43)) - raft.server.sleep.deviation.threshold = 300 (default)
2019-09-26 16:53:49,975 [pool-47-thread-1] INFO  server.RaftServerConfigKeys (ConfUtils.java:logGet(43)) - raft.server.log.appender.install.snapshot.enabled = false (custom)
2019-09-26 16:53:49,976 [pool-47-thread-1] INFO  impl.RaftServerImpl (ServerState.java:<init>(103)) - 579334d3-7c10-42f4-b10c-e6c2267ece25@group-199396C3F81F: ConfigurationManager, init=-1: [579334d3-7c10-42f4-b10c-e6c2267ece25:192.168.151.99:34131], old=null, confs=<EMPTY_MAP>
2019-09-26 16:53:49,976 [pool-47-thread-1] INFO  server.RaftServerConfigKeys (ConfUtils.java:logGet(43)) - raft.server.storage.dir = [/workdir/hadoop-ozone/integration-test/target/test-dir/MiniOzoneClusterImpl-fdc3d401-fab1-4968-a84f-12bf762e2bbf/datanode-2/data/ratis] (custom)
2019-09-26 16:53:49,976 [pool-47-thread-1] INFO  storage.RaftStorageDirectory (RaftStorageDirectory.java:analyzeStorage(246)) - The storage directory /workdir/hadoop-ozone/integration-test/target/test-dir/MiniOzoneClusterImpl-fdc3d401-fab1-4968-a84f-12bf762e2bbf/datanode-2/data/ratis/4cc0686e-68fd-443d-83f4-199396c3f81f does not exist. Creating ...
2019-09-26 16:53:49,980 [pool-47-thread-1] INFO  storage.RaftStorageDirectory (RaftStorageDirectory.java:tryLock(328)) - Lock on /workdir/hadoop-ozone/integration-test/target/test-dir/MiniOzoneClusterImpl-fdc3d401-fab1-4968-a84f-12bf762e2bbf/datanode-2/data/ratis/4cc0686e-68fd-443d-83f4-199396c3f81f/in_use.lock acquired by nodename 15096@pr-hdds-1569-g6sp5-2013761785
2019-09-26 16:53:49,984 [pool-47-thread-1] INFO  storage.RaftStorage (RaftStorage.java:format(72)) - Storage directory /workdir/hadoop-ozone/integration-test/target/test-dir/MiniOzoneClusterImpl-fdc3d401-fab1-4968-a84f-12bf762e2bbf/datanode-2/data/ratis/4cc0686e-68fd-443d-83f4-199396c3f81f has been successfully formatted.
2019-09-26 16:53:49,984 [pool-47-thread-1] INFO  ratis.ContainerStateMachine (ContainerStateMachine.java:loadSnapshot(230)) - group-199396C3F81F: The snapshot info is null. Setting the last applied indexto:(t:0, i:~)
2019-09-26 16:53:49,984 [pool-47-thread-1] INFO  server.RaftServerConfigKeys (ConfUtils.java:logGet(43)) - raft.server.notification.no-leader.timeout = 120s (custom)
2019-09-26 16:53:49,985 [pool-47-thread-1] INFO  server.RaftServerConfigKeys (ConfUtils.java:logGet(43)) - raft.server.log.use.memory = false (default)
2019-09-26 16:53:49,985 [pool-47-thread-1] INFO  server.RaftServerConfigKeys (ConfUtils.java:logGet(43)) - raft.server.log.purge.gap = 1000000 (custom)
2019-09-26 16:53:49,985 [pool-47-thread-1] INFO  server.RaftServerConfigKeys (ConfUtils.java:logGet(43)) - raft.server.log.appender.buffer.byte-limit = 33554432 (custom)
2019-09-26 16:53:49,985 [pool-47-thread-1] INFO  server.RaftServerConfigKeys (ConfUtils.java:logGet(43)) - raft.server.log.segment.size.max = 1048576 (custom)
2019-09-26 16:53:49,985 [pool-47-thread-1] INFO  server.RaftServerConfigKeys (ConfUtils.java:logGet(43)) - raft.server.log.segment.cache.num.max = 2 (custom)
2019-09-26 16:53:49,985 [pool-47-thread-1] INFO  segmented.SegmentedRaftLogWorker (SegmentedRaftLogWorker.java:<init>(172)) - new 579334d3-7c10-42f4-b10c-e6c2267ece25@group-199396C3F81F-SegmentedRaftLogWorker for RaftStorage:Storage Directory /workdir/hadoop-ozone/integration-test/target/test-dir/MiniOzoneClusterImpl-fdc3d401-fab1-4968-a84f-12bf762e2bbf/datanode-2/data/ratis/4cc0686e-68fd-443d-83f4-199396c3f81f
2019-09-26 16:53:49,986 [pool-47-thread-1] INFO  server.RaftServerConfigKeys (ConfUtils.java:logGet(43)) - raft.server.log.queue.byte-limit = 2147483647 (custom)
2019-09-26 16:53:49,986 [pool-47-thread-1] INFO  server.RaftServerConfigKeys (ConfUtils.java:logGet(43)) - raft.server.log.queue.element-limit = 1024 (custom)
2019-09-26 16:53:49,986 [pool-47-thread-1] INFO  server.RaftServerConfigKeys (ConfUtils.java:logGet(43)) - raft.server.log.segment.size.max = 1048576 (custom)
2019-09-26 16:53:49,986 [pool-47-thread-1] INFO  server.RaftServerConfigKeys (ConfUtils.java:logGet(43)) - raft.server.log.preallocated.size = 16384 (custom)
2019-09-26 16:53:49,986 [pool-47-thread-1] INFO  server.RaftServerConfigKeys (ConfUtils.java:logGet(43)) - raft.server.log.write.buffer.size = 33554432 (custom)
2019-09-26 16:53:49,986 [pool-47-thread-1] INFO  server.RaftServerConfigKeys (ConfUtils.java:logGet(43)) - raft.server.log.force.sync.num = 128 (default)
2019-09-26 16:53:49,987 [pool-47-thread-1] INFO  server.RaftServerConfigKeys (ConfUtils.java:logGet(43)) - raft.server.log.statemachine.data.sync = true (default)
2019-09-26 16:53:49,987 [pool-47-thread-1] INFO  server.RaftServerConfigKeys (ConfUtils.java:logGet(43)) - raft.server.log.statemachine.data.sync.timeout = 10s (default)
2019-09-26 16:53:49,987 [pool-47-thread-1] INFO  server.RaftServerConfigKeys (ConfUtils.java:logGet(43)) - raft.server.log.statemachine.data.sync.timeout.retry = -1 (default)
2019-09-26 16:53:49,987 [pool-47-thread-1] INFO  server.RaftServerConfigKeys (ConfUtils.java:logGet(43)) - raft.server.log.statemachine.data.caching.enabled = true (custom)
2019-09-26 16:53:49,988 [pool-47-thread-1] INFO  segmented.SegmentedRaftLogWorker (SegmentedRaftLogWorker.java:lambda$new$0(132)) - 579334d3-7c10-42f4-b10c-e6c2267ece25@group-199396C3F81F-SegmentedRaftLogWorker: flushIndex: setUnconditionally 0 -> -1
2019-09-26 16:53:49,989 [pool-47-thread-1] INFO  server.RaftServerConfigKeys (ConfUtils.java:logGet(43)) - raft.server.snapshot.auto.trigger.enabled = true (custom)
2019-09-26 16:53:49,989 [pool-47-thread-1] INFO  server.RaftServerConfigKeys (ConfUtils.java:logGet(43)) - raft.server.snapshot.auto.trigger.threshold = 10000 (custom)
2019-09-26 16:53:49,989 [pool-47-thread-1] INFO  server.RaftServerConfigKeys (ConfUtils.java:logGet(43)) - raft.server.snapshot.retention.num.files = 5 (custom)
2019-09-26 16:53:49,989 [pool-47-thread-1] INFO  server.RaftServerConfigKeys (ConfUtils.java:logGet(43)) - raft.server.retrycache.expirytime = 600000ms (custom)
2019-09-26 16:53:49,991 [pool-47-thread-1] INFO  impl.RaftServerImpl (RaftServerImpl.java:start(185)) - 579334d3-7c10-42f4-b10c-e6c2267ece25@group-199396C3F81F: start as a follower, conf=-1: [579334d3-7c10-42f4-b10c-e6c2267ece25:192.168.151.99:34131], old=null
2019-09-26 16:53:49,991 [pool-47-thread-1] INFO  impl.RaftServerImpl (RaftServerImpl.java:setRole(174)) - 579334d3-7c10-42f4-b10c-e6c2267ece25@group-199396C3F81F: changes role from      null to FOLLOWER at term 0 for startAsFollower
2019-09-26 16:53:49,992 [pool-47-thread-1] INFO  impl.RoleInfo (RoleInfo.java:updateAndGet(143)) - 579334d3-7c10-42f4-b10c-e6c2267ece25: start FollowerState
2019-09-26 16:53:49,992 [pool-47-thread-1] INFO  util.JmxRegister (JmxRegister.java:tryRegister(44)) - Successfully registered JMX Bean with object name Ratis:service=RaftServer,group=group-199396C3F81F,id=579334d3-7c10-42f4-b10c-e6c2267ece25
2019-09-26 16:53:49,997 [RatisPipelineUtilsThread] INFO  pipeline.PipelineStateManager (PipelineStateManager.java:addPipeline(56)) - Created pipeline Pipeline[ Id: 4cc0686e-68fd-443d-83f4-199396c3f81f, Nodes: 579334d3-7c10-42f4-b10c-e6c2267ece25{ip: 192.168.151.99, host: pr-hdds-1569-g6sp5-2013761785, networkLocation: /default-rack, certSerialId: null}, Type:RATIS, Factor:ONE, State:OPEN]
2019-09-26 16:53:50,007 [grpc-default-executor-0] INFO  impl.RaftServerProxy (RaftServerProxy.java:addNew(89)) - deac9605-e739-4d95-8360-f57df793faca: addNew group-AA8E4C17C72A:[deac9605-e739-4d95-8360-f57df793faca:192.168.151.99:46601] returns group-AA8E4C17C72A:java.util.concurrent.CompletableFuture@c36bb8b[Not completed]
2019-09-26 16:53:50,009 [pool-27-thread-1] INFO  impl.RaftServerImpl (RaftServerImpl.java:<init>(95)) - deac9605-e739-4d95-8360-f57df793faca: new RaftServerImpl for group-AA8E4C17C72A:[deac9605-e739-4d95-8360-f57df793faca:192.168.151.99:46601] with ContainerStateMachine:uninitialized
2019-09-26 16:53:50,009 [pool-27-thread-1] INFO  server.RaftServerConfigKeys (ConfUtils.java:logGet(43)) - raft.server.rpc.timeout.min = 5s (custom)
2019-09-26 16:53:50,009 [pool-27-thread-1] INFO  server.RaftServerConfigKeys (ConfUtils.java:logGet(43)) - raft.server.rpc.timeout.max = 5200ms (custom)
2019-09-26 16:53:50,009 [pool-27-thread-1] INFO  server.RaftServerConfigKeys (ConfUtils.java:logGet(43)) - raft.server.rpcslowness.timeout = 120s (custom)
2019-09-26 16:53:50,009 [pool-27-thread-1] INFO  server.RaftServerConfigKeys (ConfUtils.java:logGet(43)) - raft.server.sleep.deviation.threshold = 300 (default)
2019-09-26 16:53:50,009 [pool-27-thread-1] INFO  server.RaftServerConfigKeys (ConfUtils.java:logGet(43)) - raft.server.log.appender.install.snapshot.enabled = false (custom)
2019-09-26 16:53:50,009 [pool-27-thread-1] INFO  impl.RaftServerImpl (ServerState.java:<init>(103)) - deac9605-e739-4d95-8360-f57df793faca@group-AA8E4C17C72A: ConfigurationManager, init=-1: [deac9605-e739-4d95-8360-f57df793faca:192.168.151.99:46601], old=null, confs=<EMPTY_MAP>
2019-09-26 16:53:50,010 [pool-27-thread-1] INFO  server.RaftServerConfigKeys (ConfUtils.java:logGet(43)) - raft.server.storage.dir = [/workdir/hadoop-ozone/integration-test/target/test-dir/MiniOzoneClusterImpl-fdc3d401-fab1-4968-a84f-12bf762e2bbf/datanode-0/data/ratis] (custom)
2019-09-26 16:53:50,010 [pool-27-thread-1] INFO  storage.RaftStorageDirectory (RaftStorageDirectory.java:analyzeStorage(246)) - The storage directory /workdir/hadoop-ozone/integration-test/target/test-dir/MiniOzoneClusterImpl-fdc3d401-fab1-4968-a84f-12bf762e2bbf/datanode-0/data/ratis/1df598c7-d297-4c75-af5b-aa8e4c17c72a does not exist. Creating ...
2019-09-26 16:53:50,016 [pool-27-thread-1] INFO  storage.RaftStorageDirectory (RaftStorageDirectory.java:tryLock(328)) - Lock on /workdir/hadoop-ozone/integration-test/target/test-dir/MiniOzoneClusterImpl-fdc3d401-fab1-4968-a84f-12bf762e2bbf/datanode-0/data/ratis/1df598c7-d297-4c75-af5b-aa8e4c17c72a/in_use.lock acquired by nodename 15096@pr-hdds-1569-g6sp5-2013761785
2019-09-26 16:53:50,052 [pool-27-thread-1] INFO  storage.RaftStorage (RaftStorage.java:format(72)) - Storage directory /workdir/hadoop-ozone/integration-test/target/test-dir/MiniOzoneClusterImpl-fdc3d401-fab1-4968-a84f-12bf762e2bbf/datanode-0/data/ratis/1df598c7-d297-4c75-af5b-aa8e4c17c72a has been successfully formatted.
2019-09-26 16:53:50,082 [pool-27-thread-1] INFO  ratis.ContainerStateMachine (ContainerStateMachine.java:loadSnapshot(230)) - group-AA8E4C17C72A: The snapshot info is null. Setting the last applied indexto:(t:0, i:~)
2019-09-26 16:53:50,082 [pool-27-thread-1] INFO  server.RaftServerConfigKeys (ConfUtils.java:logGet(43)) - raft.server.notification.no-leader.timeout = 120s (custom)
2019-09-26 16:53:50,082 [pool-27-thread-1] INFO  server.RaftServerConfigKeys (ConfUtils.java:logGet(43)) - raft.server.log.use.memory = false (default)
2019-09-26 16:53:50,083 [pool-27-thread-1] INFO  server.RaftServerConfigKeys (ConfUtils.java:logGet(43)) - raft.server.log.purge.gap = 1000000 (custom)
2019-09-26 16:53:50,083 [pool-27-thread-1] INFO  server.RaftServerConfigKeys (ConfUtils.java:logGet(43)) - raft.server.log.appender.buffer.byte-limit = 33554432 (custom)
2019-09-26 16:53:50,083 [pool-27-thread-1] INFO  server.RaftServerConfigKeys (ConfUtils.java:logGet(43)) - raft.server.log.segment.size.max = 1048576 (custom)
2019-09-26 16:53:50,083 [pool-27-thread-1] INFO  server.RaftServerConfigKeys (ConfUtils.java:logGet(43)) - raft.server.log.segment.cache.num.max = 2 (custom)
2019-09-26 16:53:50,083 [pool-27-thread-1] INFO  segmented.SegmentedRaftLogWorker (SegmentedRaftLogWorker.java:<init>(172)) - new deac9605-e739-4d95-8360-f57df793faca@group-AA8E4C17C72A-SegmentedRaftLogWorker for RaftStorage:Storage Directory /workdir/hadoop-ozone/integration-test/target/test-dir/MiniOzoneClusterImpl-fdc3d401-fab1-4968-a84f-12bf762e2bbf/datanode-0/data/ratis/1df598c7-d297-4c75-af5b-aa8e4c17c72a
2019-09-26 16:53:50,084 [pool-27-thread-1] INFO  server.RaftServerConfigKeys (ConfUtils.java:logGet(43)) - raft.server.log.queue.byte-limit = 2147483647 (custom)
2019-09-26 16:53:50,084 [pool-27-thread-1] INFO  server.RaftServerConfigKeys (ConfUtils.java:logGet(43)) - raft.server.log.queue.element-limit = 1024 (custom)
2019-09-26 16:53:50,084 [pool-27-thread-1] INFO  server.RaftServerConfigKeys (ConfUtils.java:logGet(43)) - raft.server.log.segment.size.max = 1048576 (custom)
2019-09-26 16:53:50,084 [pool-27-thread-1] INFO  server.RaftServerConfigKeys (ConfUtils.java:logGet(43)) - raft.server.log.preallocated.size = 16384 (custom)
2019-09-26 16:53:50,084 [pool-27-thread-1] INFO  server.RaftServerConfigKeys (ConfUtils.java:logGet(43)) - raft.server.log.write.buffer.size = 33554432 (custom)
2019-09-26 16:53:50,085 [pool-27-thread-1] INFO  server.RaftServerConfigKeys (ConfUtils.java:logGet(43)) - raft.server.log.force.sync.num = 128 (default)
2019-09-26 16:53:50,085 [pool-27-thread-1] INFO  server.RaftServerConfigKeys (ConfUtils.java:logGet(43)) - raft.server.log.statemachine.data.sync = true (default)
2019-09-26 16:53:50,085 [pool-27-thread-1] INFO  server.RaftServerConfigKeys (ConfUtils.java:logGet(43)) - raft.server.log.statemachine.data.sync.timeout = 10s (default)
2019-09-26 16:53:50,085 [pool-27-thread-1] INFO  server.RaftServerConfigKeys (ConfUtils.java:logGet(43)) - raft.server.log.statemachine.data.sync.timeout.retry = -1 (default)
2019-09-26 16:53:50,086 [pool-27-thread-1] INFO  server.RaftServerConfigKeys (ConfUtils.java:logGet(43)) - raft.server.log.statemachine.data.caching.enabled = true (custom)
2019-09-26 16:53:50,086 [pool-27-thread-1] INFO  segmented.SegmentedRaftLogWorker (SegmentedRaftLogWorker.java:lambda$new$0(132)) - deac9605-e739-4d95-8360-f57df793faca@group-AA8E4C17C72A-SegmentedRaftLogWorker: flushIndex: setUnconditionally 0 -> -1
2019-09-26 16:53:50,086 [pool-27-thread-1] INFO  server.RaftServerConfigKeys (ConfUtils.java:logGet(43)) - raft.server.snapshot.auto.trigger.enabled = true (custom)
2019-09-26 16:53:50,087 [pool-27-thread-1] INFO  server.RaftServerConfigKeys (ConfUtils.java:logGet(43)) - raft.server.snapshot.auto.trigger.threshold = 10000 (custom)
2019-09-26 16:53:50,087 [pool-27-thread-1] INFO  server.RaftServerConfigKeys (ConfUtils.java:logGet(43)) - raft.server.snapshot.retention.num.files = 5 (custom)
2019-09-26 16:53:50,087 [pool-27-thread-1] INFO  server.RaftServerConfigKeys (ConfUtils.java:logGet(43)) - raft.server.retrycache.expirytime = 600000ms (custom)
2019-09-26 16:53:50,376 [Thread-238] INFO  container.ReplicationManager (ReplicationManager.java:start(163)) - Starting Replication Monitor Thread.
2019-09-26 16:53:50,380 [pool-27-thread-1] INFO  impl.RaftServerImpl (RaftServerImpl.java:start(185)) - deac9605-e739-4d95-8360-f57df793faca@group-AA8E4C17C72A: start as a follower, conf=-1: [deac9605-e739-4d95-8360-f57df793faca:192.168.151.99:46601], old=null
2019-09-26 16:53:50,380 [pool-27-thread-1] INFO  impl.RaftServerImpl (RaftServerImpl.java:setRole(174)) - deac9605-e739-4d95-8360-f57df793faca@group-AA8E4C17C72A: changes role from      null to FOLLOWER at term 0 for startAsFollower
2019-09-26 16:53:50,381 [pool-27-thread-1] INFO  impl.RoleInfo (RoleInfo.java:updateAndGet(143)) - deac9605-e739-4d95-8360-f57df793faca: start FollowerState
2019-09-26 16:53:50,381 [pool-27-thread-1] INFO  util.JmxRegister (JmxRegister.java:tryRegister(44)) - Successfully registered JMX Bean with object name Ratis:service=RaftServer,group=group-AA8E4C17C72A,id=deac9605-e739-4d95-8360-f57df793faca
2019-09-26 16:53:50,386 [RatisPipelineUtilsThread] INFO  pipeline.PipelineStateManager (PipelineStateManager.java:addPipeline(56)) - Created pipeline Pipeline[ Id: 1df598c7-d297-4c75-af5b-aa8e4c17c72a, Nodes: deac9605-e739-4d95-8360-f57df793faca{ip: 192.168.151.99, host: pr-hdds-1569-g6sp5-2013761785, networkLocation: /default-rack, certSerialId: null}, Type:RATIS, Factor:ONE, State:OPEN]
2019-09-26 16:53:50,397 [grpc-default-executor-0] INFO  impl.RaftServerProxy (RaftServerProxy.java:addNew(89)) - 862ec94c-cd2d-47b3-b563-7d6c2816cb58: addNew group-09769096D646:[862ec94c-cd2d-47b3-b563-7d6c2816cb58:192.168.151.99:36916] returns group-09769096D646:java.util.concurrent.CompletableFuture@3c3bc9b0[Not completed]
2019-09-26 16:53:50,399 [pool-67-thread-1] INFO  impl.RaftServerImpl (RaftServerImpl.java:<init>(95)) - 862ec94c-cd2d-47b3-b563-7d6c2816cb58: new RaftServerImpl for group-09769096D646:[862ec94c-cd2d-47b3-b563-7d6c2816cb58:192.168.151.99:36916] with ContainerStateMachine:uninitialized
2019-09-26 16:53:50,400 [pool-67-thread-1] INFO  server.RaftServerConfigKeys (ConfUtils.java:logGet(43)) - raft.server.rpc.timeout.min = 5s (custom)
2019-09-26 16:53:50,400 [pool-67-thread-1] INFO  server.RaftServerConfigKeys (ConfUtils.java:logGet(43)) - raft.server.rpc.timeout.max = 5200ms (custom)
2019-09-26 16:53:50,400 [pool-67-thread-1] INFO  server.RaftServerConfigKeys (ConfUtils.java:logGet(43)) - raft.server.rpcslowness.timeout = 120s (custom)
2019-09-26 16:53:50,400 [pool-67-thread-1] INFO  server.RaftServerConfigKeys (ConfUtils.java:logGet(43)) - raft.server.sleep.deviation.threshold = 300 (default)
2019-09-26 16:53:50,400 [pool-67-thread-1] INFO  server.RaftServerConfigKeys (ConfUtils.java:logGet(43)) - raft.server.log.appender.install.snapshot.enabled = false (custom)
2019-09-26 16:53:50,400 [pool-67-thread-1] INFO  impl.RaftServerImpl (ServerState.java:<init>(103)) - 862ec94c-cd2d-47b3-b563-7d6c2816cb58@group-09769096D646: ConfigurationManager, init=-1: [862ec94c-cd2d-47b3-b563-7d6c2816cb58:192.168.151.99:36916], old=null, confs=<EMPTY_MAP>
2019-09-26 16:53:50,401 [pool-67-thread-1] INFO  server.RaftServerConfigKeys (ConfUtils.java:logGet(43)) - raft.server.storage.dir = [/workdir/hadoop-ozone/integration-test/target/test-dir/MiniOzoneClusterImpl-fdc3d401-fab1-4968-a84f-12bf762e2bbf/datanode-4/data/ratis] (custom)
2019-09-26 16:53:50,401 [pool-67-thread-1] INFO  storage.RaftStorageDirectory (RaftStorageDirectory.java:analyzeStorage(246)) - The storage directory /workdir/hadoop-ozone/integration-test/target/test-dir/MiniOzoneClusterImpl-fdc3d401-fab1-4968-a84f-12bf762e2bbf/datanode-4/data/ratis/d4d63bde-443c-4802-9ce1-09769096d646 does not exist. Creating ...
2019-09-26 16:53:50,415 [pool-67-thread-1] INFO  storage.RaftStorageDirectory (RaftStorageDirectory.java:tryLock(328)) - Lock on /workdir/hadoop-ozone/integration-test/target/test-dir/MiniOzoneClusterImpl-fdc3d401-fab1-4968-a84f-12bf762e2bbf/datanode-4/data/ratis/d4d63bde-443c-4802-9ce1-09769096d646/in_use.lock acquired by nodename 15096@pr-hdds-1569-g6sp5-2013761785
2019-09-26 16:53:50,429 [pool-67-thread-1] INFO  storage.RaftStorage (RaftStorage.java:format(72)) - Storage directory /workdir/hadoop-ozone/integration-test/target/test-dir/MiniOzoneClusterImpl-fdc3d401-fab1-4968-a84f-12bf762e2bbf/datanode-4/data/ratis/d4d63bde-443c-4802-9ce1-09769096d646 has been successfully formatted.
2019-09-26 16:53:50,429 [pool-67-thread-1] INFO  ratis.ContainerStateMachine (ContainerStateMachine.java:loadSnapshot(230)) - group-09769096D646: The snapshot info is null. Setting the last applied indexto:(t:0, i:~)
2019-09-26 16:53:50,429 [pool-67-thread-1] INFO  server.RaftServerConfigKeys (ConfUtils.java:logGet(43)) - raft.server.notification.no-leader.timeout = 120s (custom)
2019-09-26 16:53:50,429 [pool-67-thread-1] INFO  server.RaftServerConfigKeys (ConfUtils.java:logGet(43)) - raft.server.log.use.memory = false (default)
2019-09-26 16:53:50,430 [pool-67-thread-1] INFO  server.RaftServerConfigKeys (ConfUtils.java:logGet(43)) - raft.server.log.purge.gap = 1000000 (custom)
2019-09-26 16:53:50,430 [pool-67-thread-1] INFO  server.RaftServerConfigKeys (ConfUtils.java:logGet(43)) - raft.server.log.appender.buffer.byte-limit = 33554432 (custom)
2019-09-26 16:53:50,430 [pool-67-thread-1] INFO  server.RaftServerConfigKeys (ConfUtils.java:logGet(43)) - raft.server.log.segment.size.max = 1048576 (custom)
2019-09-26 16:53:50,430 [pool-67-thread-1] INFO  server.RaftServerConfigKeys (ConfUtils.java:logGet(43)) - raft.server.log.segment.cache.num.max = 2 (custom)
2019-09-26 16:53:50,430 [pool-67-thread-1] INFO  segmented.SegmentedRaftLogWorker (SegmentedRaftLogWorker.java:<init>(172)) - new 862ec94c-cd2d-47b3-b563-7d6c2816cb58@group-09769096D646-SegmentedRaftLogWorker for RaftStorage:Storage Directory /workdir/hadoop-ozone/integration-test/target/test-dir/MiniOzoneClusterImpl-fdc3d401-fab1-4968-a84f-12bf762e2bbf/datanode-4/data/ratis/d4d63bde-443c-4802-9ce1-09769096d646
2019-09-26 16:53:50,431 [pool-67-thread-1] INFO  server.RaftServerConfigKeys (ConfUtils.java:logGet(43)) - raft.server.log.queue.byte-limit = 2147483647 (custom)
2019-09-26 16:53:50,431 [pool-67-thread-1] INFO  server.RaftServerConfigKeys (ConfUtils.java:logGet(43)) - raft.server.log.queue.element-limit = 1024 (custom)
2019-09-26 16:53:50,431 [pool-67-thread-1] INFO  server.RaftServerConfigKeys (ConfUtils.java:logGet(43)) - raft.server.log.segment.size.max = 1048576 (custom)
2019-09-26 16:53:50,431 [pool-67-thread-1] INFO  server.RaftServerConfigKeys (ConfUtils.java:logGet(43)) - raft.server.log.preallocated.size = 16384 (custom)
2019-09-26 16:53:50,431 [pool-67-thread-1] INFO  server.RaftServerConfigKeys (ConfUtils.java:logGet(43)) - raft.server.log.write.buffer.size = 33554432 (custom)
2019-09-26 16:53:50,431 [pool-67-thread-1] INFO  server.RaftServerConfigKeys (ConfUtils.java:logGet(43)) - raft.server.log.force.sync.num = 128 (default)
2019-09-26 16:53:50,432 [pool-67-thread-1] INFO  server.RaftServerConfigKeys (ConfUtils.java:logGet(43)) - raft.server.log.statemachine.data.sync = true (default)
2019-09-26 16:53:50,432 [pool-67-thread-1] INFO  server.RaftServerConfigKeys (ConfUtils.java:logGet(43)) - raft.server.log.statemachine.data.sync.timeout = 10s (default)
2019-09-26 16:53:50,432 [pool-67-thread-1] INFO  server.RaftServerConfigKeys (ConfUtils.java:logGet(43)) - raft.server.log.statemachine.data.sync.timeout.retry = -1 (default)
2019-09-26 16:53:50,432 [pool-67-thread-1] INFO  server.RaftServerConfigKeys (ConfUtils.java:logGet(43)) - raft.server.log.statemachine.data.caching.enabled = true (custom)
2019-09-26 16:53:50,433 [pool-67-thread-1] INFO  segmented.SegmentedRaftLogWorker (SegmentedRaftLogWorker.java:lambda$new$0(132)) - 862ec94c-cd2d-47b3-b563-7d6c2816cb58@group-09769096D646-SegmentedRaftLogWorker: flushIndex: setUnconditionally 0 -> -1
2019-09-26 16:53:50,433 [pool-67-thread-1] INFO  server.RaftServerConfigKeys (ConfUtils.java:logGet(43)) - raft.server.snapshot.auto.trigger.enabled = true (custom)
2019-09-26 16:53:50,433 [pool-67-thread-1] INFO  server.RaftServerConfigKeys (ConfUtils.java:logGet(43)) - raft.server.snapshot.auto.trigger.threshold = 10000 (custom)
2019-09-26 16:53:50,433 [pool-67-thread-1] INFO  server.RaftServerConfigKeys (ConfUtils.java:logGet(43)) - raft.server.snapshot.retention.num.files = 5 (custom)
2019-09-26 16:53:50,434 [pool-67-thread-1] INFO  server.RaftServerConfigKeys (ConfUtils.java:logGet(43)) - raft.server.retrycache.expirytime = 600000ms (custom)
2019-09-26 16:53:50,436 [pool-67-thread-1] INFO  impl.RaftServerImpl (RaftServerImpl.java:start(185)) - 862ec94c-cd2d-47b3-b563-7d6c2816cb58@group-09769096D646: start as a follower, conf=-1: [862ec94c-cd2d-47b3-b563-7d6c2816cb58:192.168.151.99:36916], old=null
2019-09-26 16:53:50,437 [pool-67-thread-1] INFO  impl.RaftServerImpl (RaftServerImpl.java:setRole(174)) - 862ec94c-cd2d-47b3-b563-7d6c2816cb58@group-09769096D646: changes role from      null to FOLLOWER at term 0 for startAsFollower
2019-09-26 16:53:50,437 [pool-67-thread-1] INFO  impl.RoleInfo (RoleInfo.java:updateAndGet(143)) - 862ec94c-cd2d-47b3-b563-7d6c2816cb58: start FollowerState
2019-09-26 16:53:50,437 [pool-67-thread-1] INFO  util.JmxRegister (JmxRegister.java:tryRegister(44)) - Successfully registered JMX Bean with object name Ratis:service=RaftServer,group=group-09769096D646,id=862ec94c-cd2d-47b3-b563-7d6c2816cb58
2019-09-26 16:53:50,443 [RatisPipelineUtilsThread] INFO  pipeline.PipelineStateManager (PipelineStateManager.java:addPipeline(56)) - Created pipeline Pipeline[ Id: d4d63bde-443c-4802-9ce1-09769096d646, Nodes: 862ec94c-cd2d-47b3-b563-7d6c2816cb58{ip: 192.168.151.99, host: pr-hdds-1569-g6sp5-2013761785, networkLocation: /default-rack, certSerialId: null}, Type:RATIS, Factor:ONE, State:OPEN]
2019-09-26 16:53:50,453 [grpc-default-executor-0] INFO  impl.RaftServerProxy (RaftServerProxy.java:addNew(89)) - 4a469c34-60df-4173-8d32-715e2ce97f5d: addNew group-C751CFBC7C7E:[4a469c34-60df-4173-8d32-715e2ce97f5d:192.168.151.99:42442] returns group-C751CFBC7C7E:java.util.concurrent.CompletableFuture@60415c34[Not completed]
2019-09-26 16:53:50,455 [pool-87-thread-1] INFO  impl.RaftServerImpl (RaftServerImpl.java:<init>(95)) - 4a469c34-60df-4173-8d32-715e2ce97f5d: new RaftServerImpl for group-C751CFBC7C7E:[4a469c34-60df-4173-8d32-715e2ce97f5d:192.168.151.99:42442] with ContainerStateMachine:uninitialized
2019-09-26 16:53:50,455 [pool-87-thread-1] INFO  server.RaftServerConfigKeys (ConfUtils.java:logGet(43)) - raft.server.rpc.timeout.min = 5s (custom)
2019-09-26 16:53:50,455 [pool-87-thread-1] INFO  server.RaftServerConfigKeys (ConfUtils.java:logGet(43)) - raft.server.rpc.timeout.max = 5200ms (custom)
2019-09-26 16:53:50,456 [pool-87-thread-1] INFO  server.RaftServerConfigKeys (ConfUtils.java:logGet(43)) - raft.server.rpcslowness.timeout = 120s (custom)
2019-09-26 16:53:50,456 [pool-87-thread-1] INFO  server.RaftServerConfigKeys (ConfUtils.java:logGet(43)) - raft.server.sleep.deviation.threshold = 300 (default)
2019-09-26 16:53:50,456 [pool-87-thread-1] INFO  server.RaftServerConfigKeys (ConfUtils.java:logGet(43)) - raft.server.log.appender.install.snapshot.enabled = false (custom)
2019-09-26 16:53:50,456 [pool-87-thread-1] INFO  impl.RaftServerImpl (ServerState.java:<init>(103)) - 4a469c34-60df-4173-8d32-715e2ce97f5d@group-C751CFBC7C7E: ConfigurationManager, init=-1: [4a469c34-60df-4173-8d32-715e2ce97f5d:192.168.151.99:42442], old=null, confs=<EMPTY_MAP>
2019-09-26 16:53:50,456 [pool-87-thread-1] INFO  server.RaftServerConfigKeys (ConfUtils.java:logGet(43)) - raft.server.storage.dir = [/workdir/hadoop-ozone/integration-test/target/test-dir/MiniOzoneClusterImpl-fdc3d401-fab1-4968-a84f-12bf762e2bbf/datanode-6/data/ratis] (custom)
2019-09-26 16:53:50,457 [pool-87-thread-1] INFO  storage.RaftStorageDirectory (RaftStorageDirectory.java:analyzeStorage(246)) - The storage directory /workdir/hadoop-ozone/integration-test/target/test-dir/MiniOzoneClusterImpl-fdc3d401-fab1-4968-a84f-12bf762e2bbf/datanode-6/data/ratis/afd61fa1-0a78-423a-b6b1-c751cfbc7c7e does not exist. Creating ...
2019-09-26 16:53:50,471 [pool-87-thread-1] INFO  storage.RaftStorageDirectory (RaftStorageDirectory.java:tryLock(328)) - Lock on /workdir/hadoop-ozone/integration-test/target/test-dir/MiniOzoneClusterImpl-fdc3d401-fab1-4968-a84f-12bf762e2bbf/datanode-6/data/ratis/afd61fa1-0a78-423a-b6b1-c751cfbc7c7e/in_use.lock acquired by nodename 15096@pr-hdds-1569-g6sp5-2013761785
2019-09-26 16:53:50,484 [pool-87-thread-1] INFO  storage.RaftStorage (RaftStorage.java:format(72)) - Storage directory /workdir/hadoop-ozone/integration-test/target/test-dir/MiniOzoneClusterImpl-fdc3d401-fab1-4968-a84f-12bf762e2bbf/datanode-6/data/ratis/afd61fa1-0a78-423a-b6b1-c751cfbc7c7e has been successfully formatted.
2019-09-26 16:53:50,484 [pool-87-thread-1] INFO  ratis.ContainerStateMachine (ContainerStateMachine.java:loadSnapshot(230)) - group-C751CFBC7C7E: The snapshot info is null. Setting the last applied indexto:(t:0, i:~)
2019-09-26 16:53:50,484 [pool-87-thread-1] INFO  server.RaftServerConfigKeys (ConfUtils.java:logGet(43)) - raft.server.notification.no-leader.timeout = 120s (custom)
2019-09-26 16:53:50,484 [pool-87-thread-1] INFO  server.RaftServerConfigKeys (ConfUtils.java:logGet(43)) - raft.server.log.use.memory = false (default)
2019-09-26 16:53:50,485 [pool-87-thread-1] INFO  server.RaftServerConfigKeys (ConfUtils.java:logGet(43)) - raft.server.log.purge.gap = 1000000 (custom)
2019-09-26 16:53:50,485 [pool-87-thread-1] INFO  server.RaftServerConfigKeys (ConfUtils.java:logGet(43)) - raft.server.log.appender.buffer.byte-limit = 33554432 (custom)
2019-09-26 16:53:50,485 [pool-87-thread-1] INFO  server.RaftServerConfigKeys (ConfUtils.java:logGet(43)) - raft.server.log.segment.size.max = 1048576 (custom)
2019-09-26 16:53:50,485 [pool-87-thread-1] INFO  server.RaftServerConfigKeys (ConfUtils.java:logGet(43)) - raft.server.log.segment.cache.num.max = 2 (custom)
2019-09-26 16:53:50,485 [pool-87-thread-1] INFO  segmented.SegmentedRaftLogWorker (SegmentedRaftLogWorker.java:<init>(172)) - new 4a469c34-60df-4173-8d32-715e2ce97f5d@group-C751CFBC7C7E-SegmentedRaftLogWorker for RaftStorage:Storage Directory /workdir/hadoop-ozone/integration-test/target/test-dir/MiniOzoneClusterImpl-fdc3d401-fab1-4968-a84f-12bf762e2bbf/datanode-6/data/ratis/afd61fa1-0a78-423a-b6b1-c751cfbc7c7e
2019-09-26 16:53:50,485 [pool-87-thread-1] INFO  server.RaftServerConfigKeys (ConfUtils.java:logGet(43)) - raft.server.log.queue.byte-limit = 2147483647 (custom)
2019-09-26 16:53:50,485 [pool-87-thread-1] INFO  server.RaftServerConfigKeys (ConfUtils.java:logGet(43)) - raft.server.log.queue.element-limit = 1024 (custom)
2019-09-26 16:53:50,486 [pool-87-thread-1] INFO  server.RaftServerConfigKeys (ConfUtils.java:logGet(43)) - raft.server.log.segment.size.max = 1048576 (custom)
2019-09-26 16:53:50,486 [pool-87-thread-1] INFO  server.RaftServerConfigKeys (ConfUtils.java:logGet(43)) - raft.server.log.preallocated.size = 16384 (custom)
2019-09-26 16:53:50,486 [pool-87-thread-1] INFO  server.RaftServerConfigKeys (ConfUtils.java:logGet(43)) - raft.server.log.write.buffer.size = 33554432 (custom)
2019-09-26 16:53:50,486 [pool-87-thread-1] INFO  server.RaftServerConfigKeys (ConfUtils.java:logGet(43)) - raft.server.log.force.sync.num = 128 (default)
2019-09-26 16:53:50,486 [pool-87-thread-1] INFO  server.RaftServerConfigKeys (ConfUtils.java:logGet(43)) - raft.server.log.statemachine.data.sync = true (default)
2019-09-26 16:53:50,486 [pool-87-thread-1] INFO  server.RaftServerConfigKeys (ConfUtils.java:logGet(43)) - raft.server.log.statemachine.data.sync.timeout = 10s (default)
2019-09-26 16:53:50,486 [pool-87-thread-1] INFO  server.RaftServerConfigKeys (ConfUtils.java:logGet(43)) - raft.server.log.statemachine.data.sync.timeout.retry = -1 (default)
2019-09-26 16:53:50,486 [pool-87-thread-1] INFO  server.RaftServerConfigKeys (ConfUtils.java:logGet(43)) - raft.server.log.statemachine.data.caching.enabled = true (custom)
2019-09-26 16:53:50,487 [pool-87-thread-1] INFO  segmented.SegmentedRaftLogWorker (SegmentedRaftLogWorker.java:lambda$new$0(132)) - 4a469c34-60df-4173-8d32-715e2ce97f5d@group-C751CFBC7C7E-SegmentedRaftLogWorker: flushIndex: setUnconditionally 0 -> -1
2019-09-26 16:53:50,487 [pool-87-thread-1] INFO  server.RaftServerConfigKeys (ConfUtils.java:logGet(43)) - raft.server.snapshot.auto.trigger.enabled = true (custom)
2019-09-26 16:53:50,487 [pool-87-thread-1] INFO  server.RaftServerConfigKeys (ConfUtils.java:logGet(43)) - raft.server.snapshot.auto.trigger.threshold = 10000 (custom)
2019-09-26 16:53:50,487 [pool-87-thread-1] INFO  server.RaftServerConfigKeys (ConfUtils.java:logGet(43)) - raft.server.snapshot.retention.num.files = 5 (custom)
2019-09-26 16:53:50,487 [pool-87-thread-1] INFO  server.RaftServerConfigKeys (ConfUtils.java:logGet(43)) - raft.server.retrycache.expirytime = 600000ms (custom)
2019-09-26 16:53:50,490 [pool-87-thread-1] INFO  impl.RaftServerImpl (RaftServerImpl.java:start(185)) - 4a469c34-60df-4173-8d32-715e2ce97f5d@group-C751CFBC7C7E: start as a follower, conf=-1: [4a469c34-60df-4173-8d32-715e2ce97f5d:192.168.151.99:42442], old=null
2019-09-26 16:53:50,490 [pool-87-thread-1] INFO  impl.RaftServerImpl (RaftServerImpl.java:setRole(174)) - 4a469c34-60df-4173-8d32-715e2ce97f5d@group-C751CFBC7C7E: changes role from      null to FOLLOWER at term 0 for startAsFollower
2019-09-26 16:53:50,490 [pool-87-thread-1] INFO  impl.RoleInfo (RoleInfo.java:updateAndGet(143)) - 4a469c34-60df-4173-8d32-715e2ce97f5d: start FollowerState
2019-09-26 16:53:50,490 [pool-87-thread-1] INFO  util.JmxRegister (JmxRegister.java:tryRegister(44)) - Successfully registered JMX Bean with object name Ratis:service=RaftServer,group=group-C751CFBC7C7E,id=4a469c34-60df-4173-8d32-715e2ce97f5d
2019-09-26 16:53:50,495 [RatisPipelineUtilsThread] INFO  pipeline.PipelineStateManager (PipelineStateManager.java:addPipeline(56)) - Created pipeline Pipeline[ Id: afd61fa1-0a78-423a-b6b1-c751cfbc7c7e, Nodes: 4a469c34-60df-4173-8d32-715e2ce97f5d{ip: 192.168.151.99, host: pr-hdds-1569-g6sp5-2013761785, networkLocation: /default-rack, certSerialId: null}, Type:RATIS, Factor:ONE, State:OPEN]
2019-09-26 16:53:50,504 [grpc-default-executor-0] INFO  impl.RaftServerProxy (RaftServerProxy.java:addNew(89)) - 862ec94c-cd2d-47b3-b563-7d6c2816cb58: addNew group-FE11CDDFB264:[862ec94c-cd2d-47b3-b563-7d6c2816cb58:192.168.151.99:36916] returns group-FE11CDDFB264:java.util.concurrent.CompletableFuture@6cbb7693[Not completed]
2019-09-26 16:53:50,505 [pool-67-thread-1] INFO  impl.RaftServerImpl (RaftServerImpl.java:<init>(95)) - 862ec94c-cd2d-47b3-b563-7d6c2816cb58: new RaftServerImpl for group-FE11CDDFB264:[862ec94c-cd2d-47b3-b563-7d6c2816cb58:192.168.151.99:36916] with ContainerStateMachine:uninitialized
2019-09-26 16:53:50,505 [pool-67-thread-1] INFO  server.RaftServerConfigKeys (ConfUtils.java:logGet(43)) - raft.server.rpc.timeout.min = 5s (custom)
2019-09-26 16:53:50,505 [pool-67-thread-1] INFO  server.RaftServerConfigKeys (ConfUtils.java:logGet(43)) - raft.server.rpc.timeout.max = 5200ms (custom)
2019-09-26 16:53:50,505 [pool-67-thread-1] INFO  server.RaftServerConfigKeys (ConfUtils.java:logGet(43)) - raft.server.rpcslowness.timeout = 120s (custom)
2019-09-26 16:53:50,505 [pool-67-thread-1] INFO  server.RaftServerConfigKeys (ConfUtils.java:logGet(43)) - raft.server.sleep.deviation.threshold = 300 (default)
2019-09-26 16:53:50,505 [pool-67-thread-1] INFO  server.RaftServerConfigKeys (ConfUtils.java:logGet(43)) - raft.server.log.appender.install.snapshot.enabled = false (custom)
2019-09-26 16:53:50,505 [pool-67-thread-1] INFO  impl.RaftServerImpl (ServerState.java:<init>(103)) - 862ec94c-cd2d-47b3-b563-7d6c2816cb58@group-FE11CDDFB264: ConfigurationManager, init=-1: [862ec94c-cd2d-47b3-b563-7d6c2816cb58:192.168.151.99:36916], old=null, confs=<EMPTY_MAP>
2019-09-26 16:53:50,505 [pool-67-thread-1] INFO  server.RaftServerConfigKeys (ConfUtils.java:logGet(43)) - raft.server.storage.dir = [/workdir/hadoop-ozone/integration-test/target/test-dir/MiniOzoneClusterImpl-fdc3d401-fab1-4968-a84f-12bf762e2bbf/datanode-4/data/ratis] (custom)
2019-09-26 16:53:50,506 [pool-67-thread-1] INFO  storage.RaftStorageDirectory (RaftStorageDirectory.java:analyzeStorage(246)) - The storage directory /workdir/hadoop-ozone/integration-test/target/test-dir/MiniOzoneClusterImpl-fdc3d401-fab1-4968-a84f-12bf762e2bbf/datanode-4/data/ratis/4f2c692d-5cff-4686-b15f-fe11cddfb264 does not exist. Creating ...
2019-09-26 16:53:50,518 [pool-67-thread-1] INFO  storage.RaftStorageDirectory (RaftStorageDirectory.java:tryLock(328)) - Lock on /workdir/hadoop-ozone/integration-test/target/test-dir/MiniOzoneClusterImpl-fdc3d401-fab1-4968-a84f-12bf762e2bbf/datanode-4/data/ratis/4f2c692d-5cff-4686-b15f-fe11cddfb264/in_use.lock acquired by nodename 15096@pr-hdds-1569-g6sp5-2013761785
2019-09-26 16:53:50,532 [pool-67-thread-1] INFO  storage.RaftStorage (RaftStorage.java:format(72)) - Storage directory /workdir/hadoop-ozone/integration-test/target/test-dir/MiniOzoneClusterImpl-fdc3d401-fab1-4968-a84f-12bf762e2bbf/datanode-4/data/ratis/4f2c692d-5cff-4686-b15f-fe11cddfb264 has been successfully formatted.
2019-09-26 16:53:50,533 [pool-67-thread-1] INFO  ratis.ContainerStateMachine (ContainerStateMachine.java:loadSnapshot(230)) - group-FE11CDDFB264: The snapshot info is null. Setting the last applied indexto:(t:0, i:~)
2019-09-26 16:53:50,533 [pool-67-thread-1] INFO  server.RaftServerConfigKeys (ConfUtils.java:logGet(43)) - raft.server.notification.no-leader.timeout = 120s (custom)
2019-09-26 16:53:50,533 [pool-67-thread-1] INFO  server.RaftServerConfigKeys (ConfUtils.java:logGet(43)) - raft.server.log.use.memory = false (default)
2019-09-26 16:53:50,533 [pool-67-thread-1] INFO  server.RaftServerConfigKeys (ConfUtils.java:logGet(43)) - raft.server.log.purge.gap = 1000000 (custom)
2019-09-26 16:53:50,533 [pool-67-thread-1] INFO  server.RaftServerConfigKeys (ConfUtils.java:logGet(43)) - raft.server.log.appender.buffer.byte-limit = 33554432 (custom)
2019-09-26 16:53:50,534 [pool-67-thread-1] INFO  server.RaftServerConfigKeys (ConfUtils.java:logGet(43)) - raft.server.log.segment.size.max = 1048576 (custom)
2019-09-26 16:53:50,534 [pool-67-thread-1] INFO  server.RaftServerConfigKeys (ConfUtils.java:logGet(43)) - raft.server.log.segment.cache.num.max = 2 (custom)
2019-09-26 16:53:50,534 [pool-67-thread-1] INFO  segmented.SegmentedRaftLogWorker (SegmentedRaftLogWorker.java:<init>(172)) - new 862ec94c-cd2d-47b3-b563-7d6c2816cb58@group-FE11CDDFB264-SegmentedRaftLogWorker for RaftStorage:Storage Directory /workdir/hadoop-ozone/integration-test/target/test-dir/MiniOzoneClusterImpl-fdc3d401-fab1-4968-a84f-12bf762e2bbf/datanode-4/data/ratis/4f2c692d-5cff-4686-b15f-fe11cddfb264
2019-09-26 16:53:50,534 [pool-67-thread-1] INFO  server.RaftServerConfigKeys (ConfUtils.java:logGet(43)) - raft.server.log.queue.byte-limit = 2147483647 (custom)
2019-09-26 16:53:50,534 [pool-67-thread-1] INFO  server.RaftServerConfigKeys (ConfUtils.java:logGet(43)) - raft.server.log.queue.element-limit = 1024 (custom)
2019-09-26 16:53:50,534 [pool-67-thread-1] INFO  server.RaftServerConfigKeys (ConfUtils.java:logGet(43)) - raft.server.log.segment.size.max = 1048576 (custom)
2019-09-26 16:53:50,535 [pool-67-thread-1] INFO  server.RaftServerConfigKeys (ConfUtils.java:logGet(43)) - raft.server.log.preallocated.size = 16384 (custom)
2019-09-26 16:53:50,535 [pool-67-thread-1] INFO  server.RaftServerConfigKeys (ConfUtils.java:logGet(43)) - raft.server.log.write.buffer.size = 33554432 (custom)
2019-09-26 16:53:50,535 [pool-67-thread-1] INFO  server.RaftServerConfigKeys (ConfUtils.java:logGet(43)) - raft.server.log.force.sync.num = 128 (default)
2019-09-26 16:53:50,535 [pool-67-thread-1] INFO  server.RaftServerConfigKeys (ConfUtils.java:logGet(43)) - raft.server.log.statemachine.data.sync = true (default)
2019-09-26 16:53:50,535 [pool-67-thread-1] INFO  server.RaftServerConfigKeys (ConfUtils.java:logGet(43)) - raft.server.log.statemachine.data.sync.timeout = 10s (default)
2019-09-26 16:53:50,535 [pool-67-thread-1] INFO  server.RaftServerConfigKeys (ConfUtils.java:logGet(43)) - raft.server.log.statemachine.data.sync.timeout.retry = -1 (default)
2019-09-26 16:53:50,536 [pool-67-thread-1] INFO  server.RaftServerConfigKeys (ConfUtils.java:logGet(43)) - raft.server.log.statemachine.data.caching.enabled = true (custom)
2019-09-26 16:53:50,536 [pool-67-thread-1] INFO  segmented.SegmentedRaftLogWorker (SegmentedRaftLogWorker.java:lambda$new$0(132)) - 862ec94c-cd2d-47b3-b563-7d6c2816cb58@group-FE11CDDFB264-SegmentedRaftLogWorker: flushIndex: setUnconditionally 0 -> -1
2019-09-26 16:53:50,536 [pool-67-thread-1] INFO  server.RaftServerConfigKeys (ConfUtils.java:logGet(43)) - raft.server.snapshot.auto.trigger.enabled = true (custom)
2019-09-26 16:53:50,537 [pool-67-thread-1] INFO  server.RaftServerConfigKeys (ConfUtils.java:logGet(43)) - raft.server.snapshot.auto.trigger.threshold = 10000 (custom)
2019-09-26 16:53:50,537 [pool-67-thread-1] INFO  server.RaftServerConfigKeys (ConfUtils.java:logGet(43)) - raft.server.snapshot.retention.num.files = 5 (custom)
2019-09-26 16:53:50,537 [pool-67-thread-1] INFO  server.RaftServerConfigKeys (ConfUtils.java:logGet(43)) - raft.server.retrycache.expirytime = 600000ms (custom)
2019-09-26 16:53:50,540 [pool-67-thread-1] INFO  impl.RaftServerImpl (RaftServerImpl.java:start(185)) - 862ec94c-cd2d-47b3-b563-7d6c2816cb58@group-FE11CDDFB264: start as a follower, conf=-1: [862ec94c-cd2d-47b3-b563-7d6c2816cb58:192.168.151.99:36916], old=null
2019-09-26 16:53:50,541 [pool-67-thread-1] INFO  impl.RaftServerImpl (RaftServerImpl.java:setRole(174)) - 862ec94c-cd2d-47b3-b563-7d6c2816cb58@group-FE11CDDFB264: changes role from      null to FOLLOWER at term 0 for startAsFollower
2019-09-26 16:53:50,541 [pool-67-thread-1] INFO  impl.RoleInfo (RoleInfo.java:updateAndGet(143)) - 862ec94c-cd2d-47b3-b563-7d6c2816cb58: start FollowerState
2019-09-26 16:53:50,541 [pool-67-thread-1] INFO  util.JmxRegister (JmxRegister.java:tryRegister(44)) - Successfully registered JMX Bean with object name Ratis:service=RaftServer,group=group-FE11CDDFB264,id=862ec94c-cd2d-47b3-b563-7d6c2816cb58
2019-09-26 16:53:50,547 [RatisPipelineUtilsThread] INFO  pipeline.PipelineStateManager (PipelineStateManager.java:addPipeline(56)) - Created pipeline Pipeline[ Id: 4f2c692d-5cff-4686-b15f-fe11cddfb264, Nodes: 862ec94c-cd2d-47b3-b563-7d6c2816cb58{ip: 192.168.151.99, host: pr-hdds-1569-g6sp5-2013761785, networkLocation: /default-rack, certSerialId: null}, Type:RATIS, Factor:ONE, State:OPEN]
2019-09-26 16:53:50,557 [grpc-default-executor-0] INFO  impl.RaftServerProxy (RaftServerProxy.java:addNew(89)) - 862ec94c-cd2d-47b3-b563-7d6c2816cb58: addNew group-FC2FC02DBE17:[862ec94c-cd2d-47b3-b563-7d6c2816cb58:192.168.151.99:36916] returns group-FC2FC02DBE17:java.util.concurrent.CompletableFuture@4ddb7cee[Not completed]
2019-09-26 16:53:50,559 [pool-67-thread-1] INFO  impl.RaftServerImpl (RaftServerImpl.java:<init>(95)) - 862ec94c-cd2d-47b3-b563-7d6c2816cb58: new RaftServerImpl for group-FC2FC02DBE17:[862ec94c-cd2d-47b3-b563-7d6c2816cb58:192.168.151.99:36916] with ContainerStateMachine:uninitialized
2019-09-26 16:53:50,559 [pool-67-thread-1] INFO  server.RaftServerConfigKeys (ConfUtils.java:logGet(43)) - raft.server.rpc.timeout.min = 5s (custom)
2019-09-26 16:53:50,560 [pool-67-thread-1] INFO  server.RaftServerConfigKeys (ConfUtils.java:logGet(43)) - raft.server.rpc.timeout.max = 5200ms (custom)
2019-09-26 16:53:50,560 [pool-67-thread-1] INFO  server.RaftServerConfigKeys (ConfUtils.java:logGet(43)) - raft.server.rpcslowness.timeout = 120s (custom)
2019-09-26 16:53:50,560 [pool-67-thread-1] INFO  server.RaftServerConfigKeys (ConfUtils.java:logGet(43)) - raft.server.sleep.deviation.threshold = 300 (default)
2019-09-26 16:53:50,560 [pool-67-thread-1] INFO  server.RaftServerConfigKeys (ConfUtils.java:logGet(43)) - raft.server.log.appender.install.snapshot.enabled = false (custom)
2019-09-26 16:53:50,560 [pool-67-thread-1] INFO  impl.RaftServerImpl (ServerState.java:<init>(103)) - 862ec94c-cd2d-47b3-b563-7d6c2816cb58@group-FC2FC02DBE17: ConfigurationManager, init=-1: [862ec94c-cd2d-47b3-b563-7d6c2816cb58:192.168.151.99:36916], old=null, confs=<EMPTY_MAP>
2019-09-26 16:53:50,560 [pool-67-thread-1] INFO  server.RaftServerConfigKeys (ConfUtils.java:logGet(43)) - raft.server.storage.dir = [/workdir/hadoop-ozone/integration-test/target/test-dir/MiniOzoneClusterImpl-fdc3d401-fab1-4968-a84f-12bf762e2bbf/datanode-4/data/ratis] (custom)
2019-09-26 16:53:50,561 [pool-67-thread-1] INFO  storage.RaftStorageDirectory (RaftStorageDirectory.java:analyzeStorage(246)) - The storage directory /workdir/hadoop-ozone/integration-test/target/test-dir/MiniOzoneClusterImpl-fdc3d401-fab1-4968-a84f-12bf762e2bbf/datanode-4/data/ratis/e58037fd-6b86-42c8-b290-fc2fc02dbe17 does not exist. Creating ...
2019-09-26 16:53:50,573 [pool-67-thread-1] INFO  storage.RaftStorageDirectory (RaftStorageDirectory.java:tryLock(328)) - Lock on /workdir/hadoop-ozone/integration-test/target/test-dir/MiniOzoneClusterImpl-fdc3d401-fab1-4968-a84f-12bf762e2bbf/datanode-4/data/ratis/e58037fd-6b86-42c8-b290-fc2fc02dbe17/in_use.lock acquired by nodename 15096@pr-hdds-1569-g6sp5-2013761785
2019-09-26 16:53:50,591 [pool-67-thread-1] INFO  storage.RaftStorage (RaftStorage.java:format(72)) - Storage directory /workdir/hadoop-ozone/integration-test/target/test-dir/MiniOzoneClusterImpl-fdc3d401-fab1-4968-a84f-12bf762e2bbf/datanode-4/data/ratis/e58037fd-6b86-42c8-b290-fc2fc02dbe17 has been successfully formatted.
2019-09-26 16:53:50,592 [pool-67-thread-1] INFO  ratis.ContainerStateMachine (ContainerStateMachine.java:loadSnapshot(230)) - group-FC2FC02DBE17: The snapshot info is null. Setting the last applied indexto:(t:0, i:~)
2019-09-26 16:53:50,592 [pool-67-thread-1] INFO  server.RaftServerConfigKeys (ConfUtils.java:logGet(43)) - raft.server.notification.no-leader.timeout = 120s (custom)
2019-09-26 16:53:50,592 [pool-67-thread-1] INFO  server.RaftServerConfigKeys (ConfUtils.java:logGet(43)) - raft.server.log.use.memory = false (default)
2019-09-26 16:53:50,592 [pool-67-thread-1] INFO  server.RaftServerConfigKeys (ConfUtils.java:logGet(43)) - raft.server.log.purge.gap = 1000000 (custom)
2019-09-26 16:53:50,592 [pool-67-thread-1] INFO  server.RaftServerConfigKeys (ConfUtils.java:logGet(43)) - raft.server.log.appender.buffer.byte-limit = 33554432 (custom)
2019-09-26 16:53:50,592 [pool-67-thread-1] INFO  server.RaftServerConfigKeys (ConfUtils.java:logGet(43)) - raft.server.log.segment.size.max = 1048576 (custom)
2019-09-26 16:53:50,593 [pool-67-thread-1] INFO  server.RaftServerConfigKeys (ConfUtils.java:logGet(43)) - raft.server.log.segment.cache.num.max = 2 (custom)
2019-09-26 16:53:50,593 [pool-67-thread-1] INFO  segmented.SegmentedRaftLogWorker (SegmentedRaftLogWorker.java:<init>(172)) - new 862ec94c-cd2d-47b3-b563-7d6c2816cb58@group-FC2FC02DBE17-SegmentedRaftLogWorker for RaftStorage:Storage Directory /workdir/hadoop-ozone/integration-test/target/test-dir/MiniOzoneClusterImpl-fdc3d401-fab1-4968-a84f-12bf762e2bbf/datanode-4/data/ratis/e58037fd-6b86-42c8-b290-fc2fc02dbe17
2019-09-26 16:53:50,593 [pool-67-thread-1] INFO  server.RaftServerConfigKeys (ConfUtils.java:logGet(43)) - raft.server.log.queue.byte-limit = 2147483647 (custom)
2019-09-26 16:53:50,593 [pool-67-thread-1] INFO  server.RaftServerConfigKeys (ConfUtils.java:logGet(43)) - raft.server.log.queue.element-limit = 1024 (custom)
2019-09-26 16:53:50,593 [pool-67-thread-1] INFO  server.RaftServerConfigKeys (ConfUtils.java:logGet(43)) - raft.server.log.segment.size.max = 1048576 (custom)
2019-09-26 16:53:50,593 [pool-67-thread-1] INFO  server.RaftServerConfigKeys (ConfUtils.java:logGet(43)) - raft.server.log.preallocated.size = 16384 (custom)
2019-09-26 16:53:50,594 [pool-67-thread-1] INFO  server.RaftServerConfigKeys (ConfUtils.java:logGet(43)) - raft.server.log.write.buffer.size = 33554432 (custom)
2019-09-26 16:53:50,594 [pool-67-thread-1] INFO  server.RaftServerConfigKeys (ConfUtils.java:logGet(43)) - raft.server.log.force.sync.num = 128 (default)
2019-09-26 16:53:50,594 [pool-67-thread-1] INFO  server.RaftServerConfigKeys (ConfUtils.java:logGet(43)) - raft.server.log.statemachine.data.sync = true (default)
2019-09-26 16:53:50,594 [pool-67-thread-1] INFO  server.RaftServerConfigKeys (ConfUtils.java:logGet(43)) - raft.server.log.statemachine.data.sync.timeout = 10s (default)
2019-09-26 16:53:50,594 [pool-67-thread-1] INFO  server.RaftServerConfigKeys (ConfUtils.java:logGet(43)) - raft.server.log.statemachine.data.sync.timeout.retry = -1 (default)
2019-09-26 16:53:50,594 [pool-67-thread-1] INFO  server.RaftServerConfigKeys (ConfUtils.java:logGet(43)) - raft.server.log.statemachine.data.caching.enabled = true (custom)
2019-09-26 16:53:50,595 [pool-67-thread-1] INFO  segmented.SegmentedRaftLogWorker (SegmentedRaftLogWorker.java:lambda$new$0(132)) - 862ec94c-cd2d-47b3-b563-7d6c2816cb58@group-FC2FC02DBE17-SegmentedRaftLogWorker: flushIndex: setUnconditionally 0 -> -1
2019-09-26 16:53:50,595 [pool-67-thread-1] INFO  server.RaftServerConfigKeys (ConfUtils.java:logGet(43)) - raft.server.snapshot.auto.trigger.enabled = true (custom)
2019-09-26 16:53:50,668 [pool-67-thread-1] INFO  server.RaftServerConfigKeys (ConfUtils.java:logGet(43)) - raft.server.snapshot.auto.trigger.threshold = 10000 (custom)
2019-09-26 16:53:50,671 [pool-67-thread-1] INFO  server.RaftServerConfigKeys (ConfUtils.java:logGet(43)) - raft.server.snapshot.retention.num.files = 5 (custom)
2019-09-26 16:53:50,673 [pool-67-thread-1] INFO  server.RaftServerConfigKeys (ConfUtils.java:logGet(43)) - raft.server.retrycache.expirytime = 600000ms (custom)
2019-09-26 16:53:50,693 [pool-67-thread-1] INFO  impl.RaftServerImpl (RaftServerImpl.java:start(185)) - 862ec94c-cd2d-47b3-b563-7d6c2816cb58@group-FC2FC02DBE17: start as a follower, conf=-1: [862ec94c-cd2d-47b3-b563-7d6c2816cb58:192.168.151.99:36916], old=null
2019-09-26 16:53:50,693 [pool-67-thread-1] INFO  impl.RaftServerImpl (RaftServerImpl.java:setRole(174)) - 862ec94c-cd2d-47b3-b563-7d6c2816cb58@group-FC2FC02DBE17: changes role from      null to FOLLOWER at term 0 for startAsFollower
2019-09-26 16:53:50,693 [pool-67-thread-1] INFO  impl.RoleInfo (RoleInfo.java:updateAndGet(143)) - 862ec94c-cd2d-47b3-b563-7d6c2816cb58: start FollowerState
2019-09-26 16:53:50,694 [pool-67-thread-1] INFO  util.JmxRegister (JmxRegister.java:tryRegister(44)) - Successfully registered JMX Bean with object name Ratis:service=RaftServer,group=group-FC2FC02DBE17,id=862ec94c-cd2d-47b3-b563-7d6c2816cb58
2019-09-26 16:53:50,702 [RatisPipelineUtilsThread] INFO  pipeline.PipelineStateManager (PipelineStateManager.java:addPipeline(56)) - Created pipeline Pipeline[ Id: e58037fd-6b86-42c8-b290-fc2fc02dbe17, Nodes: 862ec94c-cd2d-47b3-b563-7d6c2816cb58{ip: 192.168.151.99, host: pr-hdds-1569-g6sp5-2013761785, networkLocation: /default-rack, certSerialId: null}, Type:RATIS, Factor:ONE, State:OPEN]
2019-09-26 16:53:50,736 [grpc-default-executor-0] INFO  impl.RaftServerProxy (RaftServerProxy.java:addNew(89)) - 5160ea40-cc48-41a9-a1d1-1151a36e77d8: addNew group-FAC92AD1CD2E:[5160ea40-cc48-41a9-a1d1-1151a36e77d8:192.168.151.99:45356] returns group-FAC92AD1CD2E:java.util.concurrent.CompletableFuture@efdc90f[Not completed]
2019-09-26 16:53:50,738 [pool-57-thread-1] INFO  impl.RaftServerImpl (RaftServerImpl.java:<init>(95)) - 5160ea40-cc48-41a9-a1d1-1151a36e77d8: new RaftServerImpl for group-FAC92AD1CD2E:[5160ea40-cc48-41a9-a1d1-1151a36e77d8:192.168.151.99:45356] with ContainerStateMachine:uninitialized
2019-09-26 16:53:50,738 [pool-57-thread-1] INFO  server.RaftServerConfigKeys (ConfUtils.java:logGet(43)) - raft.server.rpc.timeout.min = 5s (custom)
2019-09-26 16:53:50,738 [pool-57-thread-1] INFO  server.RaftServerConfigKeys (ConfUtils.java:logGet(43)) - raft.server.rpc.timeout.max = 5200ms (custom)
2019-09-26 16:53:50,738 [pool-57-thread-1] INFO  server.RaftServerConfigKeys (ConfUtils.java:logGet(43)) - raft.server.rpcslowness.timeout = 120s (custom)
2019-09-26 16:53:50,738 [pool-57-thread-1] INFO  server.RaftServerConfigKeys (ConfUtils.java:logGet(43)) - raft.server.sleep.deviation.threshold = 300 (default)
2019-09-26 16:53:50,738 [pool-57-thread-1] INFO  server.RaftServerConfigKeys (ConfUtils.java:logGet(43)) - raft.server.log.appender.install.snapshot.enabled = false (custom)
2019-09-26 16:53:50,739 [pool-57-thread-1] INFO  impl.RaftServerImpl (ServerState.java:<init>(103)) - 5160ea40-cc48-41a9-a1d1-1151a36e77d8@group-FAC92AD1CD2E: ConfigurationManager, init=-1: [5160ea40-cc48-41a9-a1d1-1151a36e77d8:192.168.151.99:45356], old=null, confs=<EMPTY_MAP>
2019-09-26 16:53:50,739 [pool-57-thread-1] INFO  server.RaftServerConfigKeys (ConfUtils.java:logGet(43)) - raft.server.storage.dir = [/workdir/hadoop-ozone/integration-test/target/test-dir/MiniOzoneClusterImpl-fdc3d401-fab1-4968-a84f-12bf762e2bbf/datanode-3/data/ratis] (custom)
2019-09-26 16:53:50,739 [pool-57-thread-1] INFO  storage.RaftStorageDirectory (RaftStorageDirectory.java:analyzeStorage(246)) - The storage directory /workdir/hadoop-ozone/integration-test/target/test-dir/MiniOzoneClusterImpl-fdc3d401-fab1-4968-a84f-12bf762e2bbf/datanode-3/data/ratis/0cc79c64-4bd9-402b-9178-fac92ad1cd2e does not exist. Creating ...
2019-09-26 16:53:50,752 [pool-57-thread-1] INFO  storage.RaftStorageDirectory (RaftStorageDirectory.java:tryLock(328)) - Lock on /workdir/hadoop-ozone/integration-test/target/test-dir/MiniOzoneClusterImpl-fdc3d401-fab1-4968-a84f-12bf762e2bbf/datanode-3/data/ratis/0cc79c64-4bd9-402b-9178-fac92ad1cd2e/in_use.lock acquired by nodename 15096@pr-hdds-1569-g6sp5-2013761785
2019-09-26 16:53:50,764 [pool-57-thread-1] INFO  storage.RaftStorage (RaftStorage.java:format(72)) - Storage directory /workdir/hadoop-ozone/integration-test/target/test-dir/MiniOzoneClusterImpl-fdc3d401-fab1-4968-a84f-12bf762e2bbf/datanode-3/data/ratis/0cc79c64-4bd9-402b-9178-fac92ad1cd2e has been successfully formatted.
2019-09-26 16:53:50,764 [pool-57-thread-1] INFO  ratis.ContainerStateMachine (ContainerStateMachine.java:loadSnapshot(230)) - group-FAC92AD1CD2E: The snapshot info is null. Setting the last applied indexto:(t:0, i:~)
2019-09-26 16:53:50,765 [pool-57-thread-1] INFO  server.RaftServerConfigKeys (ConfUtils.java:logGet(43)) - raft.server.notification.no-leader.timeout = 120s (custom)
2019-09-26 16:53:50,765 [pool-57-thread-1] INFO  server.RaftServerConfigKeys (ConfUtils.java:logGet(43)) - raft.server.log.use.memory = false (default)
2019-09-26 16:53:50,765 [pool-57-thread-1] INFO  server.RaftServerConfigKeys (ConfUtils.java:logGet(43)) - raft.server.log.purge.gap = 1000000 (custom)
2019-09-26 16:53:50,765 [pool-57-thread-1] INFO  server.RaftServerConfigKeys (ConfUtils.java:logGet(43)) - raft.server.log.appender.buffer.byte-limit = 33554432 (custom)
2019-09-26 16:53:50,765 [pool-57-thread-1] INFO  server.RaftServerConfigKeys (ConfUtils.java:logGet(43)) - raft.server.log.segment.size.max = 1048576 (custom)
2019-09-26 16:53:50,765 [pool-57-thread-1] INFO  server.RaftServerConfigKeys (ConfUtils.java:logGet(43)) - raft.server.log.segment.cache.num.max = 2 (custom)
2019-09-26 16:53:50,766 [pool-57-thread-1] INFO  segmented.SegmentedRaftLogWorker (SegmentedRaftLogWorker.java:<init>(172)) - new 5160ea40-cc48-41a9-a1d1-1151a36e77d8@group-FAC92AD1CD2E-SegmentedRaftLogWorker for RaftStorage:Storage Directory /workdir/hadoop-ozone/integration-test/target/test-dir/MiniOzoneClusterImpl-fdc3d401-fab1-4968-a84f-12bf762e2bbf/datanode-3/data/ratis/0cc79c64-4bd9-402b-9178-fac92ad1cd2e
2019-09-26 16:53:50,766 [pool-57-thread-1] INFO  server.RaftServerConfigKeys (ConfUtils.java:logGet(43)) - raft.server.log.queue.byte-limit = 2147483647 (custom)
2019-09-26 16:53:50,766 [pool-57-thread-1] INFO  server.RaftServerConfigKeys (ConfUtils.java:logGet(43)) - raft.server.log.queue.element-limit = 1024 (custom)
2019-09-26 16:53:50,766 [pool-57-thread-1] INFO  server.RaftServerConfigKeys (ConfUtils.java:logGet(43)) - raft.server.log.segment.size.max = 1048576 (custom)
2019-09-26 16:53:50,766 [pool-57-thread-1] INFO  server.RaftServerConfigKeys (ConfUtils.java:logGet(43)) - raft.server.log.preallocated.size = 16384 (custom)
2019-09-26 16:53:50,766 [pool-57-thread-1] INFO  server.RaftServerConfigKeys (ConfUtils.java:logGet(43)) - raft.server.log.write.buffer.size = 33554432 (custom)
2019-09-26 16:53:50,767 [pool-57-thread-1] INFO  server.RaftServerConfigKeys (ConfUtils.java:logGet(43)) - raft.server.log.force.sync.num = 128 (default)
2019-09-26 16:53:50,767 [pool-57-thread-1] INFO  server.RaftServerConfigKeys (ConfUtils.java:logGet(43)) - raft.server.log.statemachine.data.sync = true (default)
2019-09-26 16:53:50,767 [pool-57-thread-1] INFO  server.RaftServerConfigKeys (ConfUtils.java:logGet(43)) - raft.server.log.statemachine.data.sync.timeout = 10s (default)
2019-09-26 16:53:50,767 [pool-57-thread-1] INFO  server.RaftServerConfigKeys (ConfUtils.java:logGet(43)) - raft.server.log.statemachine.data.sync.timeout.retry = -1 (default)
2019-09-26 16:53:50,767 [pool-57-thread-1] INFO  server.RaftServerConfigKeys (ConfUtils.java:logGet(43)) - raft.server.log.statemachine.data.caching.enabled = true (custom)
2019-09-26 16:53:50,768 [pool-57-thread-1] INFO  segmented.SegmentedRaftLogWorker (SegmentedRaftLogWorker.java:lambda$new$0(132)) - 5160ea40-cc48-41a9-a1d1-1151a36e77d8@group-FAC92AD1CD2E-SegmentedRaftLogWorker: flushIndex: setUnconditionally 0 -> -1
2019-09-26 16:53:50,768 [pool-57-thread-1] INFO  server.RaftServerConfigKeys (ConfUtils.java:logGet(43)) - raft.server.snapshot.auto.trigger.enabled = true (custom)
2019-09-26 16:53:50,768 [pool-57-thread-1] INFO  server.RaftServerConfigKeys (ConfUtils.java:logGet(43)) - raft.server.snapshot.auto.trigger.threshold = 10000 (custom)
2019-09-26 16:53:50,768 [pool-57-thread-1] INFO  server.RaftServerConfigKeys (ConfUtils.java:logGet(43)) - raft.server.snapshot.retention.num.files = 5 (custom)
2019-09-26 16:53:50,768 [pool-57-thread-1] INFO  server.RaftServerConfigKeys (ConfUtils.java:logGet(43)) - raft.server.retrycache.expirytime = 600000ms (custom)
2019-09-26 16:53:50,771 [pool-57-thread-1] INFO  impl.RaftServerImpl (RaftServerImpl.java:start(185)) - 5160ea40-cc48-41a9-a1d1-1151a36e77d8@group-FAC92AD1CD2E: start as a follower, conf=-1: [5160ea40-cc48-41a9-a1d1-1151a36e77d8:192.168.151.99:45356], old=null
2019-09-26 16:53:50,771 [pool-57-thread-1] INFO  impl.RaftServerImpl (RaftServerImpl.java:setRole(174)) - 5160ea40-cc48-41a9-a1d1-1151a36e77d8@group-FAC92AD1CD2E: changes role from      null to FOLLOWER at term 0 for startAsFollower
2019-09-26 16:53:50,772 [pool-57-thread-1] INFO  impl.RoleInfo (RoleInfo.java:updateAndGet(143)) - 5160ea40-cc48-41a9-a1d1-1151a36e77d8: start FollowerState
2019-09-26 16:53:50,772 [pool-57-thread-1] INFO  util.JmxRegister (JmxRegister.java:tryRegister(44)) - Successfully registered JMX Bean with object name Ratis:service=RaftServer,group=group-FAC92AD1CD2E,id=5160ea40-cc48-41a9-a1d1-1151a36e77d8
2019-09-26 16:53:50,778 [RatisPipelineUtilsThread] INFO  pipeline.PipelineStateManager (PipelineStateManager.java:addPipeline(56)) - Created pipeline Pipeline[ Id: 0cc79c64-4bd9-402b-9178-fac92ad1cd2e, Nodes: 5160ea40-cc48-41a9-a1d1-1151a36e77d8{ip: 192.168.151.99, host: pr-hdds-1569-g6sp5-2013761785, networkLocation: /default-rack, certSerialId: null}, Type:RATIS, Factor:ONE, State:OPEN]
2019-09-26 16:53:50,791 [grpc-default-executor-0] INFO  impl.RaftServerProxy (RaftServerProxy.java:addNew(89)) - 4a469c34-60df-4173-8d32-715e2ce97f5d: addNew group-BEB1A3D9E4D1:[4a469c34-60df-4173-8d32-715e2ce97f5d:192.168.151.99:42442] returns group-BEB1A3D9E4D1:java.util.concurrent.CompletableFuture@364e5f6e[Not completed]
2019-09-26 16:53:50,793 [pool-87-thread-1] INFO  impl.RaftServerImpl (RaftServerImpl.java:<init>(95)) - 4a469c34-60df-4173-8d32-715e2ce97f5d: new RaftServerImpl for group-BEB1A3D9E4D1:[4a469c34-60df-4173-8d32-715e2ce97f5d:192.168.151.99:42442] with ContainerStateMachine:uninitialized
2019-09-26 16:53:50,793 [pool-87-thread-1] INFO  server.RaftServerConfigKeys (ConfUtils.java:logGet(43)) - raft.server.rpc.timeout.min = 5s (custom)
2019-09-26 16:53:50,793 [pool-87-thread-1] INFO  server.RaftServerConfigKeys (ConfUtils.java:logGet(43)) - raft.server.rpc.timeout.max = 5200ms (custom)
2019-09-26 16:53:50,793 [pool-87-thread-1] INFO  server.RaftServerConfigKeys (ConfUtils.java:logGet(43)) - raft.server.rpcslowness.timeout = 120s (custom)
2019-09-26 16:53:50,793 [pool-87-thread-1] INFO  server.RaftServerConfigKeys (ConfUtils.java:logGet(43)) - raft.server.sleep.deviation.threshold = 300 (default)
2019-09-26 16:53:50,794 [pool-87-thread-1] INFO  server.RaftServerConfigKeys (ConfUtils.java:logGet(43)) - raft.server.log.appender.install.snapshot.enabled = false (custom)
2019-09-26 16:53:50,794 [pool-87-thread-1] INFO  impl.RaftServerImpl (ServerState.java:<init>(103)) - 4a469c34-60df-4173-8d32-715e2ce97f5d@group-BEB1A3D9E4D1: ConfigurationManager, init=-1: [4a469c34-60df-4173-8d32-715e2ce97f5d:192.168.151.99:42442], old=null, confs=<EMPTY_MAP>
2019-09-26 16:53:50,794 [pool-87-thread-1] INFO  server.RaftServerConfigKeys (ConfUtils.java:logGet(43)) - raft.server.storage.dir = [/workdir/hadoop-ozone/integration-test/target/test-dir/MiniOzoneClusterImpl-fdc3d401-fab1-4968-a84f-12bf762e2bbf/datanode-6/data/ratis] (custom)
2019-09-26 16:53:50,795 [pool-87-thread-1] INFO  storage.RaftStorageDirectory (RaftStorageDirectory.java:analyzeStorage(246)) - The storage directory /workdir/hadoop-ozone/integration-test/target/test-dir/MiniOzoneClusterImpl-fdc3d401-fab1-4968-a84f-12bf762e2bbf/datanode-6/data/ratis/b3cd8a3d-9b71-49fc-a02e-beb1a3d9e4d1 does not exist. Creating ...
2019-09-26 16:53:50,807 [pool-87-thread-1] INFO  storage.RaftStorageDirectory (RaftStorageDirectory.java:tryLock(328)) - Lock on /workdir/hadoop-ozone/integration-test/target/test-dir/MiniOzoneClusterImpl-fdc3d401-fab1-4968-a84f-12bf762e2bbf/datanode-6/data/ratis/b3cd8a3d-9b71-49fc-a02e-beb1a3d9e4d1/in_use.lock acquired by nodename 15096@pr-hdds-1569-g6sp5-2013761785
2019-09-26 16:53:50,821 [pool-87-thread-1] INFO  storage.RaftStorage (RaftStorage.java:format(72)) - Storage directory /workdir/hadoop-ozone/integration-test/target/test-dir/MiniOzoneClusterImpl-fdc3d401-fab1-4968-a84f-12bf762e2bbf/datanode-6/data/ratis/b3cd8a3d-9b71-49fc-a02e-beb1a3d9e4d1 has been successfully formatted.
2019-09-26 16:53:50,822 [pool-87-thread-1] INFO  ratis.ContainerStateMachine (ContainerStateMachine.java:loadSnapshot(230)) - group-BEB1A3D9E4D1: The snapshot info is null. Setting the last applied indexto:(t:0, i:~)
2019-09-26 16:53:50,822 [pool-87-thread-1] INFO  server.RaftServerConfigKeys (ConfUtils.java:logGet(43)) - raft.server.notification.no-leader.timeout = 120s (custom)
2019-09-26 16:53:50,822 [pool-87-thread-1] INFO  server.RaftServerConfigKeys (ConfUtils.java:logGet(43)) - raft.server.log.use.memory = false (default)
2019-09-26 16:53:50,822 [pool-87-thread-1] INFO  server.RaftServerConfigKeys (ConfUtils.java:logGet(43)) - raft.server.log.purge.gap = 1000000 (custom)
2019-09-26 16:53:50,822 [pool-87-thread-1] INFO  server.RaftServerConfigKeys (ConfUtils.java:logGet(43)) - raft.server.log.appender.buffer.byte-limit = 33554432 (custom)
2019-09-26 16:53:50,823 [pool-87-thread-1] INFO  server.RaftServerConfigKeys (ConfUtils.java:logGet(43)) - raft.server.log.segment.size.max = 1048576 (custom)
2019-09-26 16:53:50,823 [pool-87-thread-1] INFO  server.RaftServerConfigKeys (ConfUtils.java:logGet(43)) - raft.server.log.segment.cache.num.max = 2 (custom)
2019-09-26 16:53:50,823 [pool-87-thread-1] INFO  segmented.SegmentedRaftLogWorker (SegmentedRaftLogWorker.java:<init>(172)) - new 4a469c34-60df-4173-8d32-715e2ce97f5d@group-BEB1A3D9E4D1-SegmentedRaftLogWorker for RaftStorage:Storage Directory /workdir/hadoop-ozone/integration-test/target/test-dir/MiniOzoneClusterImpl-fdc3d401-fab1-4968-a84f-12bf762e2bbf/datanode-6/data/ratis/b3cd8a3d-9b71-49fc-a02e-beb1a3d9e4d1
2019-09-26 16:53:50,823 [pool-87-thread-1] INFO  server.RaftServerConfigKeys (ConfUtils.java:logGet(43)) - raft.server.log.queue.byte-limit = 2147483647 (custom)
2019-09-26 16:53:50,823 [pool-87-thread-1] INFO  server.RaftServerConfigKeys (ConfUtils.java:logGet(43)) - raft.server.log.queue.element-limit = 1024 (custom)
2019-09-26 16:53:50,824 [pool-87-thread-1] INFO  server.RaftServerConfigKeys (ConfUtils.java:logGet(43)) - raft.server.log.segment.size.max = 1048576 (custom)
2019-09-26 16:53:50,824 [pool-87-thread-1] INFO  server.RaftServerConfigKeys (ConfUtils.java:logGet(43)) - raft.server.log.preallocated.size = 16384 (custom)
2019-09-26 16:53:50,824 [pool-87-thread-1] INFO  server.RaftServerConfigKeys (ConfUtils.java:logGet(43)) - raft.server.log.write.buffer.size = 33554432 (custom)
2019-09-26 16:53:50,824 [pool-87-thread-1] INFO  server.RaftServerConfigKeys (ConfUtils.java:logGet(43)) - raft.server.log.force.sync.num = 128 (default)
2019-09-26 16:53:50,824 [pool-87-thread-1] INFO  server.RaftServerConfigKeys (ConfUtils.java:logGet(43)) - raft.server.log.statemachine.data.sync = true (default)
2019-09-26 16:53:50,824 [pool-87-thread-1] INFO  server.RaftServerConfigKeys (ConfUtils.java:logGet(43)) - raft.server.log.statemachine.data.sync.timeout = 10s (default)
2019-09-26 16:53:50,825 [pool-87-thread-1] INFO  server.RaftServerConfigKeys (ConfUtils.java:logGet(43)) - raft.server.log.statemachine.data.sync.timeout.retry = -1 (default)
2019-09-26 16:53:50,825 [pool-87-thread-1] INFO  server.RaftServerConfigKeys (ConfUtils.java:logGet(43)) - raft.server.log.statemachine.data.caching.enabled = true (custom)
2019-09-26 16:53:50,825 [pool-87-thread-1] INFO  segmented.SegmentedRaftLogWorker (SegmentedRaftLogWorker.java:lambda$new$0(132)) - 4a469c34-60df-4173-8d32-715e2ce97f5d@group-BEB1A3D9E4D1-SegmentedRaftLogWorker: flushIndex: setUnconditionally 0 -> -1
2019-09-26 16:53:50,826 [pool-87-thread-1] INFO  server.RaftServerConfigKeys (ConfUtils.java:logGet(43)) - raft.server.snapshot.auto.trigger.enabled = true (custom)
2019-09-26 16:53:50,826 [pool-87-thread-1] INFO  server.RaftServerConfigKeys (ConfUtils.java:logGet(43)) - raft.server.snapshot.auto.trigger.threshold = 10000 (custom)
2019-09-26 16:53:50,826 [pool-87-thread-1] INFO  server.RaftServerConfigKeys (ConfUtils.java:logGet(43)) - raft.server.snapshot.retention.num.files = 5 (custom)
2019-09-26 16:53:50,826 [pool-87-thread-1] INFO  server.RaftServerConfigKeys (ConfUtils.java:logGet(43)) - raft.server.retrycache.expirytime = 600000ms (custom)
2019-09-26 16:53:50,829 [pool-87-thread-1] INFO  impl.RaftServerImpl (RaftServerImpl.java:start(185)) - 4a469c34-60df-4173-8d32-715e2ce97f5d@group-BEB1A3D9E4D1: start as a follower, conf=-1: [4a469c34-60df-4173-8d32-715e2ce97f5d:192.168.151.99:42442], old=null
2019-09-26 16:53:50,829 [pool-87-thread-1] INFO  impl.RaftServerImpl (RaftServerImpl.java:setRole(174)) - 4a469c34-60df-4173-8d32-715e2ce97f5d@group-BEB1A3D9E4D1: changes role from      null to FOLLOWER at term 0 for startAsFollower
2019-09-26 16:53:50,830 [pool-87-thread-1] INFO  impl.RoleInfo (RoleInfo.java:updateAndGet(143)) - 4a469c34-60df-4173-8d32-715e2ce97f5d: start FollowerState
2019-09-26 16:53:50,830 [pool-87-thread-1] INFO  util.JmxRegister (JmxRegister.java:tryRegister(44)) - Successfully registered JMX Bean with object name Ratis:service=RaftServer,group=group-BEB1A3D9E4D1,id=4a469c34-60df-4173-8d32-715e2ce97f5d
2019-09-26 16:53:50,836 [RatisPipelineUtilsThread] INFO  pipeline.PipelineStateManager (PipelineStateManager.java:addPipeline(56)) - Created pipeline Pipeline[ Id: b3cd8a3d-9b71-49fc-a02e-beb1a3d9e4d1, Nodes: 4a469c34-60df-4173-8d32-715e2ce97f5d{ip: 192.168.151.99, host: pr-hdds-1569-g6sp5-2013761785, networkLocation: /default-rack, certSerialId: null}, Type:RATIS, Factor:ONE, State:OPEN]
2019-09-26 16:53:50,846 [grpc-default-executor-0] INFO  impl.RaftServerProxy (RaftServerProxy.java:addNew(89)) - 4a469c34-60df-4173-8d32-715e2ce97f5d: addNew group-653D77035A94:[4a469c34-60df-4173-8d32-715e2ce97f5d:192.168.151.99:42442] returns group-653D77035A94:java.util.concurrent.CompletableFuture@46b49970[Not completed]
2019-09-26 16:53:50,848 [pool-87-thread-1] INFO  impl.RaftServerImpl (RaftServerImpl.java:<init>(95)) - 4a469c34-60df-4173-8d32-715e2ce97f5d: new RaftServerImpl for group-653D77035A94:[4a469c34-60df-4173-8d32-715e2ce97f5d:192.168.151.99:42442] with ContainerStateMachine:uninitialized
2019-09-26 16:53:50,848 [pool-87-thread-1] INFO  server.RaftServerConfigKeys (ConfUtils.java:logGet(43)) - raft.server.rpc.timeout.min = 5s (custom)
2019-09-26 16:53:50,848 [pool-87-thread-1] INFO  server.RaftServerConfigKeys (ConfUtils.java:logGet(43)) - raft.server.rpc.timeout.max = 5200ms (custom)
2019-09-26 16:53:50,848 [pool-87-thread-1] INFO  server.RaftServerConfigKeys (ConfUtils.java:logGet(43)) - raft.server.rpcslowness.timeout = 120s (custom)
2019-09-26 16:53:50,848 [pool-87-thread-1] INFO  server.RaftServerConfigKeys (ConfUtils.java:logGet(43)) - raft.server.sleep.deviation.threshold = 300 (default)
2019-09-26 16:53:50,848 [pool-87-thread-1] INFO  server.RaftServerConfigKeys (ConfUtils.java:logGet(43)) - raft.server.log.appender.install.snapshot.enabled = false (custom)
2019-09-26 16:53:50,849 [pool-87-thread-1] INFO  impl.RaftServerImpl (ServerState.java:<init>(103)) - 4a469c34-60df-4173-8d32-715e2ce97f5d@group-653D77035A94: ConfigurationManager, init=-1: [4a469c34-60df-4173-8d32-715e2ce97f5d:192.168.151.99:42442], old=null, confs=<EMPTY_MAP>
2019-09-26 16:53:50,849 [pool-87-thread-1] INFO  server.RaftServerConfigKeys (ConfUtils.java:logGet(43)) - raft.server.storage.dir = [/workdir/hadoop-ozone/integration-test/target/test-dir/MiniOzoneClusterImpl-fdc3d401-fab1-4968-a84f-12bf762e2bbf/datanode-6/data/ratis] (custom)
2019-09-26 16:53:50,849 [pool-87-thread-1] INFO  storage.RaftStorageDirectory (RaftStorageDirectory.java:analyzeStorage(246)) - The storage directory /workdir/hadoop-ozone/integration-test/target/test-dir/MiniOzoneClusterImpl-fdc3d401-fab1-4968-a84f-12bf762e2bbf/datanode-6/data/ratis/dc62ae74-e650-4ef0-8110-653d77035a94 does not exist. Creating ...
2019-09-26 16:53:50,869 [pool-87-thread-1] INFO  storage.RaftStorageDirectory (RaftStorageDirectory.java:tryLock(328)) - Lock on /workdir/hadoop-ozone/integration-test/target/test-dir/MiniOzoneClusterImpl-fdc3d401-fab1-4968-a84f-12bf762e2bbf/datanode-6/data/ratis/dc62ae74-e650-4ef0-8110-653d77035a94/in_use.lock acquired by nodename 15096@pr-hdds-1569-g6sp5-2013761785
2019-09-26 16:53:50,884 [pool-87-thread-1] INFO  storage.RaftStorage (RaftStorage.java:format(72)) - Storage directory /workdir/hadoop-ozone/integration-test/target/test-dir/MiniOzoneClusterImpl-fdc3d401-fab1-4968-a84f-12bf762e2bbf/datanode-6/data/ratis/dc62ae74-e650-4ef0-8110-653d77035a94 has been successfully formatted.
2019-09-26 16:53:50,885 [pool-87-thread-1] INFO  ratis.ContainerStateMachine (ContainerStateMachine.java:loadSnapshot(230)) - group-653D77035A94: The snapshot info is null. Setting the last applied indexto:(t:0, i:~)
2019-09-26 16:53:50,885 [pool-87-thread-1] INFO  server.RaftServerConfigKeys (ConfUtils.java:logGet(43)) - raft.server.notification.no-leader.timeout = 120s (custom)
2019-09-26 16:53:50,885 [pool-87-thread-1] INFO  server.RaftServerConfigKeys (ConfUtils.java:logGet(43)) - raft.server.log.use.memory = false (default)
2019-09-26 16:53:50,885 [pool-87-thread-1] INFO  server.RaftServerConfigKeys (ConfUtils.java:logGet(43)) - raft.server.log.purge.gap = 1000000 (custom)
2019-09-26 16:53:50,885 [pool-87-thread-1] INFO  server.RaftServerConfigKeys (ConfUtils.java:logGet(43)) - raft.server.log.appender.buffer.byte-limit = 33554432 (custom)
2019-09-26 16:53:50,886 [pool-87-thread-1] INFO  server.RaftServerConfigKeys (ConfUtils.java:logGet(43)) - raft.server.log.segment.size.max = 1048576 (custom)
2019-09-26 16:53:50,886 [pool-87-thread-1] INFO  server.RaftServerConfigKeys (ConfUtils.java:logGet(43)) - raft.server.log.segment.cache.num.max = 2 (custom)
2019-09-26 16:53:50,886 [pool-87-thread-1] INFO  segmented.SegmentedRaftLogWorker (SegmentedRaftLogWorker.java:<init>(172)) - new 4a469c34-60df-4173-8d32-715e2ce97f5d@group-653D77035A94-SegmentedRaftLogWorker for RaftStorage:Storage Directory /workdir/hadoop-ozone/integration-test/target/test-dir/MiniOzoneClusterImpl-fdc3d401-fab1-4968-a84f-12bf762e2bbf/datanode-6/data/ratis/dc62ae74-e650-4ef0-8110-653d77035a94
2019-09-26 16:53:50,886 [pool-87-thread-1] INFO  server.RaftServerConfigKeys (ConfUtils.java:logGet(43)) - raft.server.log.queue.byte-limit = 2147483647 (custom)
2019-09-26 16:53:50,886 [pool-87-thread-1] INFO  server.RaftServerConfigKeys (ConfUtils.java:logGet(43)) - raft.server.log.queue.element-limit = 1024 (custom)
2019-09-26 16:53:50,886 [pool-87-thread-1] INFO  server.RaftServerConfigKeys (ConfUtils.java:logGet(43)) - raft.server.log.segment.size.max = 1048576 (custom)
2019-09-26 16:53:50,887 [pool-87-thread-1] INFO  server.RaftServerConfigKeys (ConfUtils.java:logGet(43)) - raft.server.log.preallocated.size = 16384 (custom)
2019-09-26 16:53:50,887 [pool-87-thread-1] INFO  server.RaftServerConfigKeys (ConfUtils.java:logGet(43)) - raft.server.log.write.buffer.size = 33554432 (custom)
2019-09-26 16:53:50,887 [pool-87-thread-1] INFO  server.RaftServerConfigKeys (ConfUtils.java:logGet(43)) - raft.server.log.force.sync.num = 128 (default)
2019-09-26 16:53:50,887 [pool-87-thread-1] INFO  server.RaftServerConfigKeys (ConfUtils.java:logGet(43)) - raft.server.log.statemachine.data.sync = true (default)
2019-09-26 16:53:50,887 [pool-87-thread-1] INFO  server.RaftServerConfigKeys (ConfUtils.java:logGet(43)) - raft.server.log.statemachine.data.sync.timeout = 10s (default)
2019-09-26 16:53:50,887 [pool-87-thread-1] INFO  server.RaftServerConfigKeys (ConfUtils.java:logGet(43)) - raft.server.log.statemachine.data.sync.timeout.retry = -1 (default)
2019-09-26 16:53:50,887 [pool-87-thread-1] INFO  server.RaftServerConfigKeys (ConfUtils.java:logGet(43)) - raft.server.log.statemachine.data.caching.enabled = true (custom)
2019-09-26 16:53:50,888 [pool-87-thread-1] INFO  segmented.SegmentedRaftLogWorker (SegmentedRaftLogWorker.java:lambda$new$0(132)) - 4a469c34-60df-4173-8d32-715e2ce97f5d@group-653D77035A94-SegmentedRaftLogWorker: flushIndex: setUnconditionally 0 -> -1
2019-09-26 16:53:50,888 [pool-87-thread-1] INFO  server.RaftServerConfigKeys (ConfUtils.java:logGet(43)) - raft.server.snapshot.auto.trigger.enabled = true (custom)
2019-09-26 16:53:50,888 [pool-87-thread-1] INFO  server.RaftServerConfigKeys (ConfUtils.java:logGet(43)) - raft.server.snapshot.auto.trigger.threshold = 10000 (custom)
2019-09-26 16:53:50,888 [pool-87-thread-1] INFO  server.RaftServerConfigKeys (ConfUtils.java:logGet(43)) - raft.server.snapshot.retention.num.files = 5 (custom)
2019-09-26 16:53:50,889 [pool-87-thread-1] INFO  server.RaftServerConfigKeys (ConfUtils.java:logGet(43)) - raft.server.retrycache.expirytime = 600000ms (custom)
2019-09-26 16:53:50,892 [pool-87-thread-1] INFO  impl.RaftServerImpl (RaftServerImpl.java:start(185)) - 4a469c34-60df-4173-8d32-715e2ce97f5d@group-653D77035A94: start as a follower, conf=-1: [4a469c34-60df-4173-8d32-715e2ce97f5d:192.168.151.99:42442], old=null
2019-09-26 16:53:50,892 [pool-87-thread-1] INFO  impl.RaftServerImpl (RaftServerImpl.java:setRole(174)) - 4a469c34-60df-4173-8d32-715e2ce97f5d@group-653D77035A94: changes role from      null to FOLLOWER at term 0 for startAsFollower
2019-09-26 16:53:50,892 [pool-87-thread-1] INFO  impl.RoleInfo (RoleInfo.java:updateAndGet(143)) - 4a469c34-60df-4173-8d32-715e2ce97f5d: start FollowerState
2019-09-26 16:53:50,893 [pool-87-thread-1] INFO  util.JmxRegister (JmxRegister.java:tryRegister(44)) - Successfully registered JMX Bean with object name Ratis:service=RaftServer,group=group-653D77035A94,id=4a469c34-60df-4173-8d32-715e2ce97f5d
2019-09-26 16:53:50,898 [RatisPipelineUtilsThread] INFO  pipeline.PipelineStateManager (PipelineStateManager.java:addPipeline(56)) - Created pipeline Pipeline[ Id: dc62ae74-e650-4ef0-8110-653d77035a94, Nodes: 4a469c34-60df-4173-8d32-715e2ce97f5d{ip: 192.168.151.99, host: pr-hdds-1569-g6sp5-2013761785, networkLocation: /default-rack, certSerialId: null}, Type:RATIS, Factor:ONE, State:OPEN]
2019-09-26 16:53:50,908 [grpc-default-executor-0] INFO  impl.RaftServerProxy (RaftServerProxy.java:addNew(89)) - 579334d3-7c10-42f4-b10c-e6c2267ece25: addNew group-FD3E4EB2D4C5:[579334d3-7c10-42f4-b10c-e6c2267ece25:192.168.151.99:34131] returns group-FD3E4EB2D4C5:java.util.concurrent.CompletableFuture@1fed02d[Not completed]
2019-09-26 16:53:50,909 [pool-47-thread-1] INFO  impl.RaftServerImpl (RaftServerImpl.java:<init>(95)) - 579334d3-7c10-42f4-b10c-e6c2267ece25: new RaftServerImpl for group-FD3E4EB2D4C5:[579334d3-7c10-42f4-b10c-e6c2267ece25:192.168.151.99:34131] with ContainerStateMachine:uninitialized
2019-09-26 16:53:50,910 [pool-47-thread-1] INFO  server.RaftServerConfigKeys (ConfUtils.java:logGet(43)) - raft.server.rpc.timeout.min = 5s (custom)
2019-09-26 16:53:50,910 [pool-47-thread-1] INFO  server.RaftServerConfigKeys (ConfUtils.java:logGet(43)) - raft.server.rpc.timeout.max = 5200ms (custom)
2019-09-26 16:53:50,910 [pool-47-thread-1] INFO  server.RaftServerConfigKeys (ConfUtils.java:logGet(43)) - raft.server.rpcslowness.timeout = 120s (custom)
2019-09-26 16:53:50,910 [pool-47-thread-1] INFO  server.RaftServerConfigKeys (ConfUtils.java:logGet(43)) - raft.server.sleep.deviation.threshold = 300 (default)
2019-09-26 16:53:50,910 [pool-47-thread-1] INFO  server.RaftServerConfigKeys (ConfUtils.java:logGet(43)) - raft.server.log.appender.install.snapshot.enabled = false (custom)
2019-09-26 16:53:50,910 [pool-47-thread-1] INFO  impl.RaftServerImpl (ServerState.java:<init>(103)) - 579334d3-7c10-42f4-b10c-e6c2267ece25@group-FD3E4EB2D4C5: ConfigurationManager, init=-1: [579334d3-7c10-42f4-b10c-e6c2267ece25:192.168.151.99:34131], old=null, confs=<EMPTY_MAP>
2019-09-26 16:53:50,910 [pool-47-thread-1] INFO  server.RaftServerConfigKeys (ConfUtils.java:logGet(43)) - raft.server.storage.dir = [/workdir/hadoop-ozone/integration-test/target/test-dir/MiniOzoneClusterImpl-fdc3d401-fab1-4968-a84f-12bf762e2bbf/datanode-2/data/ratis] (custom)
2019-09-26 16:53:50,911 [pool-47-thread-1] INFO  storage.RaftStorageDirectory (RaftStorageDirectory.java:analyzeStorage(246)) - The storage directory /workdir/hadoop-ozone/integration-test/target/test-dir/MiniOzoneClusterImpl-fdc3d401-fab1-4968-a84f-12bf762e2bbf/datanode-2/data/ratis/5290883a-5833-4643-8774-fd3e4eb2d4c5 does not exist. Creating ...
2019-09-26 16:53:50,924 [pool-47-thread-1] INFO  storage.RaftStorageDirectory (RaftStorageDirectory.java:tryLock(328)) - Lock on /workdir/hadoop-ozone/integration-test/target/test-dir/MiniOzoneClusterImpl-fdc3d401-fab1-4968-a84f-12bf762e2bbf/datanode-2/data/ratis/5290883a-5833-4643-8774-fd3e4eb2d4c5/in_use.lock acquired by nodename 15096@pr-hdds-1569-g6sp5-2013761785
2019-09-26 16:53:50,939 [pool-47-thread-1] INFO  storage.RaftStorage (RaftStorage.java:format(72)) - Storage directory /workdir/hadoop-ozone/integration-test/target/test-dir/MiniOzoneClusterImpl-fdc3d401-fab1-4968-a84f-12bf762e2bbf/datanode-2/data/ratis/5290883a-5833-4643-8774-fd3e4eb2d4c5 has been successfully formatted.
2019-09-26 16:53:50,939 [pool-47-thread-1] INFO  ratis.ContainerStateMachine (ContainerStateMachine.java:loadSnapshot(230)) - group-FD3E4EB2D4C5: The snapshot info is null. Setting the last applied indexto:(t:0, i:~)
2019-09-26 16:53:50,939 [pool-47-thread-1] INFO  server.RaftServerConfigKeys (ConfUtils.java:logGet(43)) - raft.server.notification.no-leader.timeout = 120s (custom)
2019-09-26 16:53:50,939 [pool-47-thread-1] INFO  server.RaftServerConfigKeys (ConfUtils.java:logGet(43)) - raft.server.log.use.memory = false (default)
2019-09-26 16:53:50,940 [pool-47-thread-1] INFO  server.RaftServerConfigKeys (ConfUtils.java:logGet(43)) - raft.server.log.purge.gap = 1000000 (custom)
2019-09-26 16:53:50,940 [pool-47-thread-1] INFO  server.RaftServerConfigKeys (ConfUtils.java:logGet(43)) - raft.server.log.appender.buffer.byte-limit = 33554432 (custom)
2019-09-26 16:53:50,940 [pool-47-thread-1] INFO  server.RaftServerConfigKeys (ConfUtils.java:logGet(43)) - raft.server.log.segment.size.max = 1048576 (custom)
2019-09-26 16:53:50,940 [pool-47-thread-1] INFO  server.RaftServerConfigKeys (ConfUtils.java:logGet(43)) - raft.server.log.segment.cache.num.max = 2 (custom)
2019-09-26 16:53:50,940 [pool-47-thread-1] INFO  segmented.SegmentedRaftLogWorker (SegmentedRaftLogWorker.java:<init>(172)) - new 579334d3-7c10-42f4-b10c-e6c2267ece25@group-FD3E4EB2D4C5-SegmentedRaftLogWorker for RaftStorage:Storage Directory /workdir/hadoop-ozone/integration-test/target/test-dir/MiniOzoneClusterImpl-fdc3d401-fab1-4968-a84f-12bf762e2bbf/datanode-2/data/ratis/5290883a-5833-4643-8774-fd3e4eb2d4c5
2019-09-26 16:53:50,940 [pool-47-thread-1] INFO  server.RaftServerConfigKeys (ConfUtils.java:logGet(43)) - raft.server.log.queue.byte-limit = 2147483647 (custom)
2019-09-26 16:53:50,940 [pool-47-thread-1] INFO  server.RaftServerConfigKeys (ConfUtils.java:logGet(43)) - raft.server.log.queue.element-limit = 1024 (custom)
2019-09-26 16:53:50,941 [pool-47-thread-1] INFO  server.RaftServerConfigKeys (ConfUtils.java:logGet(43)) - raft.server.log.segment.size.max = 1048576 (custom)
2019-09-26 16:53:50,941 [pool-47-thread-1] INFO  server.RaftServerConfigKeys (ConfUtils.java:logGet(43)) - raft.server.log.preallocated.size = 16384 (custom)
2019-09-26 16:53:50,941 [pool-47-thread-1] INFO  server.RaftServerConfigKeys (ConfUtils.java:logGet(43)) - raft.server.log.write.buffer.size = 33554432 (custom)
2019-09-26 16:53:50,941 [pool-47-thread-1] INFO  server.RaftServerConfigKeys (ConfUtils.java:logGet(43)) - raft.server.log.force.sync.num = 128 (default)
2019-09-26 16:53:50,941 [pool-47-thread-1] INFO  server.RaftServerConfigKeys (ConfUtils.java:logGet(43)) - raft.server.log.statemachine.data.sync = true (default)
2019-09-26 16:53:50,941 [pool-47-thread-1] INFO  server.RaftServerConfigKeys (ConfUtils.java:logGet(43)) - raft.server.log.statemachine.data.sync.timeout = 10s (default)
2019-09-26 16:53:50,941 [pool-47-thread-1] INFO  server.RaftServerConfigKeys (ConfUtils.java:logGet(43)) - raft.server.log.statemachine.data.sync.timeout.retry = -1 (default)
2019-09-26 16:53:50,942 [pool-47-thread-1] INFO  server.RaftServerConfigKeys (ConfUtils.java:logGet(43)) - raft.server.log.statemachine.data.caching.enabled = true (custom)
2019-09-26 16:53:50,942 [pool-47-thread-1] INFO  segmented.SegmentedRaftLogWorker (SegmentedRaftLogWorker.java:lambda$new$0(132)) - 579334d3-7c10-42f4-b10c-e6c2267ece25@group-FD3E4EB2D4C5-SegmentedRaftLogWorker: flushIndex: setUnconditionally 0 -> -1
2019-09-26 16:53:50,942 [pool-47-thread-1] INFO  server.RaftServerConfigKeys (ConfUtils.java:logGet(43)) - raft.server.snapshot.auto.trigger.enabled = true (custom)
2019-09-26 16:53:50,942 [pool-47-thread-1] INFO  server.RaftServerConfigKeys (ConfUtils.java:logGet(43)) - raft.server.snapshot.auto.trigger.threshold = 10000 (custom)
2019-09-26 16:53:50,942 [pool-47-thread-1] INFO  server.RaftServerConfigKeys (ConfUtils.java:logGet(43)) - raft.server.snapshot.retention.num.files = 5 (custom)
2019-09-26 16:53:50,943 [pool-47-thread-1] INFO  server.RaftServerConfigKeys (ConfUtils.java:logGet(43)) - raft.server.retrycache.expirytime = 600000ms (custom)
2019-09-26 16:53:50,945 [pool-47-thread-1] INFO  impl.RaftServerImpl (RaftServerImpl.java:start(185)) - 579334d3-7c10-42f4-b10c-e6c2267ece25@group-FD3E4EB2D4C5: start as a follower, conf=-1: [579334d3-7c10-42f4-b10c-e6c2267ece25:192.168.151.99:34131], old=null
2019-09-26 16:53:50,945 [pool-47-thread-1] INFO  impl.RaftServerImpl (RaftServerImpl.java:setRole(174)) - 579334d3-7c10-42f4-b10c-e6c2267ece25@group-FD3E4EB2D4C5: changes role from      null to FOLLOWER at term 0 for startAsFollower
2019-09-26 16:53:50,946 [pool-47-thread-1] INFO  impl.RoleInfo (RoleInfo.java:updateAndGet(143)) - 579334d3-7c10-42f4-b10c-e6c2267ece25: start FollowerState
2019-09-26 16:53:50,946 [pool-47-thread-1] INFO  util.JmxRegister (JmxRegister.java:tryRegister(44)) - Successfully registered JMX Bean with object name Ratis:service=RaftServer,group=group-FD3E4EB2D4C5,id=579334d3-7c10-42f4-b10c-e6c2267ece25
2019-09-26 16:53:50,952 [RatisPipelineUtilsThread] INFO  pipeline.PipelineStateManager (PipelineStateManager.java:addPipeline(56)) - Created pipeline Pipeline[ Id: 5290883a-5833-4643-8774-fd3e4eb2d4c5, Nodes: 579334d3-7c10-42f4-b10c-e6c2267ece25{ip: 192.168.151.99, host: pr-hdds-1569-g6sp5-2013761785, networkLocation: /default-rack, certSerialId: null}, Type:RATIS, Factor:ONE, State:OPEN]
2019-09-26 16:53:50,962 [grpc-default-executor-0] INFO  impl.RaftServerProxy (RaftServerProxy.java:addNew(89)) - 4a469c34-60df-4173-8d32-715e2ce97f5d: addNew group-E4C1A29B1F51:[4a469c34-60df-4173-8d32-715e2ce97f5d:192.168.151.99:42442] returns group-E4C1A29B1F51:java.util.concurrent.CompletableFuture@49e0939f[Not completed]
2019-09-26 16:53:50,964 [pool-87-thread-1] INFO  impl.RaftServerImpl (RaftServerImpl.java:<init>(95)) - 4a469c34-60df-4173-8d32-715e2ce97f5d: new RaftServerImpl for group-E4C1A29B1F51:[4a469c34-60df-4173-8d32-715e2ce97f5d:192.168.151.99:42442] with ContainerStateMachine:uninitialized
2019-09-26 16:53:50,964 [pool-87-thread-1] INFO  server.RaftServerConfigKeys (ConfUtils.java:logGet(43)) - raft.server.rpc.timeout.min = 5s (custom)
2019-09-26 16:53:50,964 [pool-87-thread-1] INFO  server.RaftServerConfigKeys (ConfUtils.java:logGet(43)) - raft.server.rpc.timeout.max = 5200ms (custom)
2019-09-26 16:53:50,964 [pool-87-thread-1] INFO  server.RaftServerConfigKeys (ConfUtils.java:logGet(43)) - raft.server.rpcslowness.timeout = 120s (custom)
2019-09-26 16:53:50,964 [pool-87-thread-1] INFO  server.RaftServerConfigKeys (ConfUtils.java:logGet(43)) - raft.server.sleep.deviation.threshold = 300 (default)
2019-09-26 16:53:50,964 [pool-87-thread-1] INFO  server.RaftServerConfigKeys (ConfUtils.java:logGet(43)) - raft.server.log.appender.install.snapshot.enabled = false (custom)
2019-09-26 16:53:50,965 [pool-87-thread-1] INFO  impl.RaftServerImpl (ServerState.java:<init>(103)) - 4a469c34-60df-4173-8d32-715e2ce97f5d@group-E4C1A29B1F51: ConfigurationManager, init=-1: [4a469c34-60df-4173-8d32-715e2ce97f5d:192.168.151.99:42442], old=null, confs=<EMPTY_MAP>
2019-09-26 16:53:50,965 [pool-87-thread-1] INFO  server.RaftServerConfigKeys (ConfUtils.java:logGet(43)) - raft.server.storage.dir = [/workdir/hadoop-ozone/integration-test/target/test-dir/MiniOzoneClusterImpl-fdc3d401-fab1-4968-a84f-12bf762e2bbf/datanode-6/data/ratis] (custom)
2019-09-26 16:53:50,965 [pool-87-thread-1] INFO  storage.RaftStorageDirectory (RaftStorageDirectory.java:analyzeStorage(246)) - The storage directory /workdir/hadoop-ozone/integration-test/target/test-dir/MiniOzoneClusterImpl-fdc3d401-fab1-4968-a84f-12bf762e2bbf/datanode-6/data/ratis/05694602-3b31-4f7a-8faa-e4c1a29b1f51 does not exist. Creating ...
2019-09-26 16:53:50,990 [pool-87-thread-1] INFO  storage.RaftStorageDirectory (RaftStorageDirectory.java:tryLock(328)) - Lock on /workdir/hadoop-ozone/integration-test/target/test-dir/MiniOzoneClusterImpl-fdc3d401-fab1-4968-a84f-12bf762e2bbf/datanode-6/data/ratis/05694602-3b31-4f7a-8faa-e4c1a29b1f51/in_use.lock acquired by nodename 15096@pr-hdds-1569-g6sp5-2013761785
2019-09-26 16:53:51,004 [pool-87-thread-1] INFO  storage.RaftStorage (RaftStorage.java:format(72)) - Storage directory /workdir/hadoop-ozone/integration-test/target/test-dir/MiniOzoneClusterImpl-fdc3d401-fab1-4968-a84f-12bf762e2bbf/datanode-6/data/ratis/05694602-3b31-4f7a-8faa-e4c1a29b1f51 has been successfully formatted.
2019-09-26 16:53:51,004 [pool-87-thread-1] INFO  ratis.ContainerStateMachine (ContainerStateMachine.java:loadSnapshot(230)) - group-E4C1A29B1F51: The snapshot info is null. Setting the last applied indexto:(t:0, i:~)
2019-09-26 16:53:51,004 [pool-87-thread-1] INFO  server.RaftServerConfigKeys (ConfUtils.java:logGet(43)) - raft.server.notification.no-leader.timeout = 120s (custom)
2019-09-26 16:53:51,005 [pool-87-thread-1] INFO  server.RaftServerConfigKeys (ConfUtils.java:logGet(43)) - raft.server.log.use.memory = false (default)
2019-09-26 16:53:51,005 [pool-87-thread-1] INFO  server.RaftServerConfigKeys (ConfUtils.java:logGet(43)) - raft.server.log.purge.gap = 1000000 (custom)
2019-09-26 16:53:51,005 [pool-87-thread-1] INFO  server.RaftServerConfigKeys (ConfUtils.java:logGet(43)) - raft.server.log.appender.buffer.byte-limit = 33554432 (custom)
2019-09-26 16:53:51,005 [pool-87-thread-1] INFO  server.RaftServerConfigKeys (ConfUtils.java:logGet(43)) - raft.server.log.segment.size.max = 1048576 (custom)
2019-09-26 16:53:51,005 [pool-87-thread-1] INFO  server.RaftServerConfigKeys (ConfUtils.java:logGet(43)) - raft.server.log.segment.cache.num.max = 2 (custom)
2019-09-26 16:53:51,005 [pool-87-thread-1] INFO  segmented.SegmentedRaftLogWorker (SegmentedRaftLogWorker.java:<init>(172)) - new 4a469c34-60df-4173-8d32-715e2ce97f5d@group-E4C1A29B1F51-SegmentedRaftLogWorker for RaftStorage:Storage Directory /workdir/hadoop-ozone/integration-test/target/test-dir/MiniOzoneClusterImpl-fdc3d401-fab1-4968-a84f-12bf762e2bbf/datanode-6/data/ratis/05694602-3b31-4f7a-8faa-e4c1a29b1f51
2019-09-26 16:53:51,006 [pool-87-thread-1] INFO  server.RaftServerConfigKeys (ConfUtils.java:logGet(43)) - raft.server.log.queue.byte-limit = 2147483647 (custom)
2019-09-26 16:53:51,006 [pool-87-thread-1] INFO  server.RaftServerConfigKeys (ConfUtils.java:logGet(43)) - raft.server.log.queue.element-limit = 1024 (custom)
2019-09-26 16:53:51,006 [pool-87-thread-1] INFO  server.RaftServerConfigKeys (ConfUtils.java:logGet(43)) - raft.server.log.segment.size.max = 1048576 (custom)
2019-09-26 16:53:51,006 [pool-87-thread-1] INFO  server.RaftServerConfigKeys (ConfUtils.java:logGet(43)) - raft.server.log.preallocated.size = 16384 (custom)
2019-09-26 16:53:51,006 [pool-87-thread-1] INFO  server.RaftServerConfigKeys (ConfUtils.java:logGet(43)) - raft.server.log.write.buffer.size = 33554432 (custom)
2019-09-26 16:53:51,007 [pool-87-thread-1] INFO  server.RaftServerConfigKeys (ConfUtils.java:logGet(43)) - raft.server.log.force.sync.num = 128 (default)
2019-09-26 16:53:51,007 [pool-87-thread-1] INFO  server.RaftServerConfigKeys (ConfUtils.java:logGet(43)) - raft.server.log.statemachine.data.sync = true (default)
2019-09-26 16:53:51,007 [pool-87-thread-1] INFO  server.RaftServerConfigKeys (ConfUtils.java:logGet(43)) - raft.server.log.statemachine.data.sync.timeout = 10s (default)
2019-09-26 16:53:51,007 [pool-87-thread-1] INFO  server.RaftServerConfigKeys (ConfUtils.java:logGet(43)) - raft.server.log.statemachine.data.sync.timeout.retry = -1 (default)
2019-09-26 16:53:51,007 [pool-87-thread-1] INFO  server.RaftServerConfigKeys (ConfUtils.java:logGet(43)) - raft.server.log.statemachine.data.caching.enabled = true (custom)
2019-09-26 16:53:51,008 [pool-87-thread-1] INFO  segmented.SegmentedRaftLogWorker (SegmentedRaftLogWorker.java:lambda$new$0(132)) - 4a469c34-60df-4173-8d32-715e2ce97f5d@group-E4C1A29B1F51-SegmentedRaftLogWorker: flushIndex: setUnconditionally 0 -> -1
2019-09-26 16:53:51,008 [pool-87-thread-1] INFO  server.RaftServerConfigKeys (ConfUtils.java:logGet(43)) - raft.server.snapshot.auto.trigger.enabled = true (custom)
2019-09-26 16:53:51,008 [pool-87-thread-1] INFO  server.RaftServerConfigKeys (ConfUtils.java:logGet(43)) - raft.server.snapshot.auto.trigger.threshold = 10000 (custom)
2019-09-26 16:53:51,008 [pool-87-thread-1] INFO  server.RaftServerConfigKeys (ConfUtils.java:logGet(43)) - raft.server.snapshot.retention.num.files = 5 (custom)
2019-09-26 16:53:51,009 [pool-87-thread-1] INFO  server.RaftServerConfigKeys (ConfUtils.java:logGet(43)) - raft.server.retrycache.expirytime = 600000ms (custom)
2019-09-26 16:53:51,012 [pool-87-thread-1] INFO  impl.RaftServerImpl (RaftServerImpl.java:start(185)) - 4a469c34-60df-4173-8d32-715e2ce97f5d@group-E4C1A29B1F51: start as a follower, conf=-1: [4a469c34-60df-4173-8d32-715e2ce97f5d:192.168.151.99:42442], old=null
2019-09-26 16:53:51,012 [pool-87-thread-1] INFO  impl.RaftServerImpl (RaftServerImpl.java:setRole(174)) - 4a469c34-60df-4173-8d32-715e2ce97f5d@group-E4C1A29B1F51: changes role from      null to FOLLOWER at term 0 for startAsFollower
2019-09-26 16:53:51,012 [pool-87-thread-1] INFO  impl.RoleInfo (RoleInfo.java:updateAndGet(143)) - 4a469c34-60df-4173-8d32-715e2ce97f5d: start FollowerState
2019-09-26 16:53:51,013 [pool-87-thread-1] INFO  util.JmxRegister (JmxRegister.java:tryRegister(44)) - Successfully registered JMX Bean with object name Ratis:service=RaftServer,group=group-E4C1A29B1F51,id=4a469c34-60df-4173-8d32-715e2ce97f5d
2019-09-26 16:53:51,018 [RatisPipelineUtilsThread] INFO  pipeline.PipelineStateManager (PipelineStateManager.java:addPipeline(56)) - Created pipeline Pipeline[ Id: 05694602-3b31-4f7a-8faa-e4c1a29b1f51, Nodes: 4a469c34-60df-4173-8d32-715e2ce97f5d{ip: 192.168.151.99, host: pr-hdds-1569-g6sp5-2013761785, networkLocation: /default-rack, certSerialId: null}, Type:RATIS, Factor:ONE, State:OPEN]
2019-09-26 16:53:51,029 [grpc-default-executor-0] INFO  impl.RaftServerProxy (RaftServerProxy.java:addNew(89)) - deac9605-e739-4d95-8360-f57df793faca: addNew group-DF2AC5B19148:[deac9605-e739-4d95-8360-f57df793faca:192.168.151.99:46601] returns group-DF2AC5B19148:java.util.concurrent.CompletableFuture@1cee019[Not completed]
2019-09-26 16:53:51,031 [pool-27-thread-1] INFO  impl.RaftServerImpl (RaftServerImpl.java:<init>(95)) - deac9605-e739-4d95-8360-f57df793faca: new RaftServerImpl for group-DF2AC5B19148:[deac9605-e739-4d95-8360-f57df793faca:192.168.151.99:46601] with ContainerStateMachine:uninitialized
2019-09-26 16:53:51,031 [pool-27-thread-1] INFO  server.RaftServerConfigKeys (ConfUtils.java:logGet(43)) - raft.server.rpc.timeout.min = 5s (custom)
2019-09-26 16:53:51,031 [pool-27-thread-1] INFO  server.RaftServerConfigKeys (ConfUtils.java:logGet(43)) - raft.server.rpc.timeout.max = 5200ms (custom)
2019-09-26 16:53:51,031 [pool-27-thread-1] INFO  server.RaftServerConfigKeys (ConfUtils.java:logGet(43)) - raft.server.rpcslowness.timeout = 120s (custom)
2019-09-26 16:53:51,031 [pool-27-thread-1] INFO  server.RaftServerConfigKeys (ConfUtils.java:logGet(43)) - raft.server.sleep.deviation.threshold = 300 (default)
2019-09-26 16:53:51,031 [pool-27-thread-1] INFO  server.RaftServerConfigKeys (ConfUtils.java:logGet(43)) - raft.server.log.appender.install.snapshot.enabled = false (custom)
2019-09-26 16:53:51,032 [pool-27-thread-1] INFO  impl.RaftServerImpl (ServerState.java:<init>(103)) - deac9605-e739-4d95-8360-f57df793faca@group-DF2AC5B19148: ConfigurationManager, init=-1: [deac9605-e739-4d95-8360-f57df793faca:192.168.151.99:46601], old=null, confs=<EMPTY_MAP>
2019-09-26 16:53:51,032 [pool-27-thread-1] INFO  server.RaftServerConfigKeys (ConfUtils.java:logGet(43)) - raft.server.storage.dir = [/workdir/hadoop-ozone/integration-test/target/test-dir/MiniOzoneClusterImpl-fdc3d401-fab1-4968-a84f-12bf762e2bbf/datanode-0/data/ratis] (custom)
2019-09-26 16:53:51,032 [pool-27-thread-1] INFO  storage.RaftStorageDirectory (RaftStorageDirectory.java:analyzeStorage(246)) - The storage directory /workdir/hadoop-ozone/integration-test/target/test-dir/MiniOzoneClusterImpl-fdc3d401-fab1-4968-a84f-12bf762e2bbf/datanode-0/data/ratis/70fc9def-0f55-41ff-8268-df2ac5b19148 does not exist. Creating ...
2019-09-26 16:53:51,046 [pool-27-thread-1] INFO  storage.RaftStorageDirectory (RaftStorageDirectory.java:tryLock(328)) - Lock on /workdir/hadoop-ozone/integration-test/target/test-dir/MiniOzoneClusterImpl-fdc3d401-fab1-4968-a84f-12bf762e2bbf/datanode-0/data/ratis/70fc9def-0f55-41ff-8268-df2ac5b19148/in_use.lock acquired by nodename 15096@pr-hdds-1569-g6sp5-2013761785
2019-09-26 16:53:51,059 [pool-27-thread-1] INFO  storage.RaftStorage (RaftStorage.java:format(72)) - Storage directory /workdir/hadoop-ozone/integration-test/target/test-dir/MiniOzoneClusterImpl-fdc3d401-fab1-4968-a84f-12bf762e2bbf/datanode-0/data/ratis/70fc9def-0f55-41ff-8268-df2ac5b19148 has been successfully formatted.
2019-09-26 16:53:51,059 [pool-27-thread-1] INFO  ratis.ContainerStateMachine (ContainerStateMachine.java:loadSnapshot(230)) - group-DF2AC5B19148: The snapshot info is null. Setting the last applied indexto:(t:0, i:~)
2019-09-26 16:53:51,060 [pool-27-thread-1] INFO  server.RaftServerConfigKeys (ConfUtils.java:logGet(43)) - raft.server.notification.no-leader.timeout = 120s (custom)
2019-09-26 16:53:51,060 [pool-27-thread-1] INFO  server.RaftServerConfigKeys (ConfUtils.java:logGet(43)) - raft.server.log.use.memory = false (default)
2019-09-26 16:53:51,060 [pool-27-thread-1] INFO  server.RaftServerConfigKeys (ConfUtils.java:logGet(43)) - raft.server.log.purge.gap = 1000000 (custom)
2019-09-26 16:53:51,060 [pool-27-thread-1] INFO  server.RaftServerConfigKeys (ConfUtils.java:logGet(43)) - raft.server.log.appender.buffer.byte-limit = 33554432 (custom)
2019-09-26 16:53:51,060 [pool-27-thread-1] INFO  server.RaftServerConfigKeys (ConfUtils.java:logGet(43)) - raft.server.log.segment.size.max = 1048576 (custom)
2019-09-26 16:53:51,060 [pool-27-thread-1] INFO  server.RaftServerConfigKeys (ConfUtils.java:logGet(43)) - raft.server.log.segment.cache.num.max = 2 (custom)
2019-09-26 16:53:51,061 [pool-27-thread-1] INFO  segmented.SegmentedRaftLogWorker (SegmentedRaftLogWorker.java:<init>(172)) - new deac9605-e739-4d95-8360-f57df793faca@group-DF2AC5B19148-SegmentedRaftLogWorker for RaftStorage:Storage Directory /workdir/hadoop-ozone/integration-test/target/test-dir/MiniOzoneClusterImpl-fdc3d401-fab1-4968-a84f-12bf762e2bbf/datanode-0/data/ratis/70fc9def-0f55-41ff-8268-df2ac5b19148
2019-09-26 16:53:51,061 [pool-27-thread-1] INFO  server.RaftServerConfigKeys (ConfUtils.java:logGet(43)) - raft.server.log.queue.byte-limit = 2147483647 (custom)
2019-09-26 16:53:51,061 [pool-27-thread-1] INFO  server.RaftServerConfigKeys (ConfUtils.java:logGet(43)) - raft.server.log.queue.element-limit = 1024 (custom)
2019-09-26 16:53:51,061 [pool-27-thread-1] INFO  server.RaftServerConfigKeys (ConfUtils.java:logGet(43)) - raft.server.log.segment.size.max = 1048576 (custom)
2019-09-26 16:53:51,061 [pool-27-thread-1] INFO  server.RaftServerConfigKeys (ConfUtils.java:logGet(43)) - raft.server.log.preallocated.size = 16384 (custom)
2019-09-26 16:53:51,061 [pool-27-thread-1] INFO  server.RaftServerConfigKeys (ConfUtils.java:logGet(43)) - raft.server.log.write.buffer.size = 33554432 (custom)
2019-09-26 16:53:51,062 [pool-27-thread-1] INFO  server.RaftServerConfigKeys (ConfUtils.java:logGet(43)) - raft.server.log.force.sync.num = 128 (default)
2019-09-26 16:53:51,062 [pool-27-thread-1] INFO  server.RaftServerConfigKeys (ConfUtils.java:logGet(43)) - raft.server.log.statemachine.data.sync = true (default)
2019-09-26 16:53:51,062 [pool-27-thread-1] INFO  server.RaftServerConfigKeys (ConfUtils.java:logGet(43)) - raft.server.log.statemachine.data.sync.timeout = 10s (default)
2019-09-26 16:53:51,062 [pool-27-thread-1] INFO  server.RaftServerConfigKeys (ConfUtils.java:logGet(43)) - raft.server.log.statemachine.data.sync.timeout.retry = -1 (default)
2019-09-26 16:53:51,062 [pool-27-thread-1] INFO  server.RaftServerConfigKeys (ConfUtils.java:logGet(43)) - raft.server.log.statemachine.data.caching.enabled = true (custom)
2019-09-26 16:53:51,063 [pool-27-thread-1] INFO  segmented.SegmentedRaftLogWorker (SegmentedRaftLogWorker.java:lambda$new$0(132)) - deac9605-e739-4d95-8360-f57df793faca@group-DF2AC5B19148-SegmentedRaftLogWorker: flushIndex: setUnconditionally 0 -> -1
2019-09-26 16:53:51,063 [pool-27-thread-1] INFO  server.RaftServerConfigKeys (ConfUtils.java:logGet(43)) - raft.server.snapshot.auto.trigger.enabled = true (custom)
2019-09-26 16:53:51,063 [pool-27-thread-1] INFO  server.RaftServerConfigKeys (ConfUtils.java:logGet(43)) - raft.server.snapshot.auto.trigger.threshold = 10000 (custom)
2019-09-26 16:53:51,063 [pool-27-thread-1] INFO  server.RaftServerConfigKeys (ConfUtils.java:logGet(43)) - raft.server.snapshot.retention.num.files = 5 (custom)
2019-09-26 16:53:51,064 [pool-27-thread-1] INFO  server.RaftServerConfigKeys (ConfUtils.java:logGet(43)) - raft.server.retrycache.expirytime = 600000ms (custom)
2019-09-26 16:53:51,066 [pool-27-thread-1] INFO  impl.RaftServerImpl (RaftServerImpl.java:start(185)) - deac9605-e739-4d95-8360-f57df793faca@group-DF2AC5B19148: start as a follower, conf=-1: [deac9605-e739-4d95-8360-f57df793faca:192.168.151.99:46601], old=null
2019-09-26 16:53:51,066 [pool-27-thread-1] INFO  impl.RaftServerImpl (RaftServerImpl.java:setRole(174)) - deac9605-e739-4d95-8360-f57df793faca@group-DF2AC5B19148: changes role from      null to FOLLOWER at term 0 for startAsFollower
2019-09-26 16:53:51,066 [pool-27-thread-1] INFO  impl.RoleInfo (RoleInfo.java:updateAndGet(143)) - deac9605-e739-4d95-8360-f57df793faca: start FollowerState
2019-09-26 16:53:51,067 [pool-27-thread-1] INFO  util.JmxRegister (JmxRegister.java:tryRegister(44)) - Successfully registered JMX Bean with object name Ratis:service=RaftServer,group=group-DF2AC5B19148,id=deac9605-e739-4d95-8360-f57df793faca
2019-09-26 16:53:51,072 [RatisPipelineUtilsThread] INFO  pipeline.PipelineStateManager (PipelineStateManager.java:addPipeline(56)) - Created pipeline Pipeline[ Id: 70fc9def-0f55-41ff-8268-df2ac5b19148, Nodes: deac9605-e739-4d95-8360-f57df793faca{ip: 192.168.151.99, host: pr-hdds-1569-g6sp5-2013761785, networkLocation: /default-rack, certSerialId: null}, Type:RATIS, Factor:ONE, State:OPEN]
2019-09-26 16:53:51,083 [grpc-default-executor-0] INFO  impl.RaftServerProxy (RaftServerProxy.java:addNew(89)) - 579334d3-7c10-42f4-b10c-e6c2267ece25: addNew group-CC9C0A96627A:[579334d3-7c10-42f4-b10c-e6c2267ece25:192.168.151.99:34131] returns group-CC9C0A96627A:java.util.concurrent.CompletableFuture@8c2aedb[Not completed]
2019-09-26 16:53:51,085 [pool-47-thread-1] INFO  impl.RaftServerImpl (RaftServerImpl.java:<init>(95)) - 579334d3-7c10-42f4-b10c-e6c2267ece25: new RaftServerImpl for group-CC9C0A96627A:[579334d3-7c10-42f4-b10c-e6c2267ece25:192.168.151.99:34131] with ContainerStateMachine:uninitialized
2019-09-26 16:53:51,085 [pool-47-thread-1] INFO  server.RaftServerConfigKeys (ConfUtils.java:logGet(43)) - raft.server.rpc.timeout.min = 5s (custom)
2019-09-26 16:53:51,085 [pool-47-thread-1] INFO  server.RaftServerConfigKeys (ConfUtils.java:logGet(43)) - raft.server.rpc.timeout.max = 5200ms (custom)
2019-09-26 16:53:51,085 [pool-47-thread-1] INFO  server.RaftServerConfigKeys (ConfUtils.java:logGet(43)) - raft.server.rpcslowness.timeout = 120s (custom)
2019-09-26 16:53:51,085 [pool-47-thread-1] INFO  server.RaftServerConfigKeys (ConfUtils.java:logGet(43)) - raft.server.sleep.deviation.threshold = 300 (default)
2019-09-26 16:53:51,085 [pool-47-thread-1] INFO  server.RaftServerConfigKeys (ConfUtils.java:logGet(43)) - raft.server.log.appender.install.snapshot.enabled = false (custom)
2019-09-26 16:53:51,085 [pool-47-thread-1] INFO  impl.RaftServerImpl (ServerState.java:<init>(103)) - 579334d3-7c10-42f4-b10c-e6c2267ece25@group-CC9C0A96627A: ConfigurationManager, init=-1: [579334d3-7c10-42f4-b10c-e6c2267ece25:192.168.151.99:34131], old=null, confs=<EMPTY_MAP>
2019-09-26 16:53:51,086 [pool-47-thread-1] INFO  server.RaftServerConfigKeys (ConfUtils.java:logGet(43)) - raft.server.storage.dir = [/workdir/hadoop-ozone/integration-test/target/test-dir/MiniOzoneClusterImpl-fdc3d401-fab1-4968-a84f-12bf762e2bbf/datanode-2/data/ratis] (custom)
2019-09-26 16:53:51,086 [pool-47-thread-1] INFO  storage.RaftStorageDirectory (RaftStorageDirectory.java:analyzeStorage(246)) - The storage directory /workdir/hadoop-ozone/integration-test/target/test-dir/MiniOzoneClusterImpl-fdc3d401-fab1-4968-a84f-12bf762e2bbf/datanode-2/data/ratis/7d2da922-cd67-4f1f-9629-cc9c0a96627a does not exist. Creating ...
2019-09-26 16:53:51,099 [pool-47-thread-1] INFO  storage.RaftStorageDirectory (RaftStorageDirectory.java:tryLock(328)) - Lock on /workdir/hadoop-ozone/integration-test/target/test-dir/MiniOzoneClusterImpl-fdc3d401-fab1-4968-a84f-12bf762e2bbf/datanode-2/data/ratis/7d2da922-cd67-4f1f-9629-cc9c0a96627a/in_use.lock acquired by nodename 15096@pr-hdds-1569-g6sp5-2013761785
2019-09-26 16:53:51,128 [pool-47-thread-1] INFO  storage.RaftStorage (RaftStorage.java:format(72)) - Storage directory /workdir/hadoop-ozone/integration-test/target/test-dir/MiniOzoneClusterImpl-fdc3d401-fab1-4968-a84f-12bf762e2bbf/datanode-2/data/ratis/7d2da922-cd67-4f1f-9629-cc9c0a96627a has been successfully formatted.
2019-09-26 16:53:51,128 [pool-47-thread-1] INFO  ratis.ContainerStateMachine (ContainerStateMachine.java:loadSnapshot(230)) - group-CC9C0A96627A: The snapshot info is null. Setting the last applied indexto:(t:0, i:~)
2019-09-26 16:53:51,128 [pool-47-thread-1] INFO  server.RaftServerConfigKeys (ConfUtils.java:logGet(43)) - raft.server.notification.no-leader.timeout = 120s (custom)
2019-09-26 16:53:51,128 [pool-47-thread-1] INFO  server.RaftServerConfigKeys (ConfUtils.java:logGet(43)) - raft.server.log.use.memory = false (default)
2019-09-26 16:53:51,129 [pool-47-thread-1] INFO  server.RaftServerConfigKeys (ConfUtils.java:logGet(43)) - raft.server.log.purge.gap = 1000000 (custom)
2019-09-26 16:53:51,129 [pool-47-thread-1] INFO  server.RaftServerConfigKeys (ConfUtils.java:logGet(43)) - raft.server.log.appender.buffer.byte-limit = 33554432 (custom)
2019-09-26 16:53:51,129 [pool-47-thread-1] INFO  server.RaftServerConfigKeys (ConfUtils.java:logGet(43)) - raft.server.log.segment.size.max = 1048576 (custom)
2019-09-26 16:53:51,129 [pool-47-thread-1] INFO  server.RaftServerConfigKeys (ConfUtils.java:logGet(43)) - raft.server.log.segment.cache.num.max = 2 (custom)
2019-09-26 16:53:51,130 [pool-47-thread-1] INFO  segmented.SegmentedRaftLogWorker (SegmentedRaftLogWorker.java:<init>(172)) - new 579334d3-7c10-42f4-b10c-e6c2267ece25@group-CC9C0A96627A-SegmentedRaftLogWorker for RaftStorage:Storage Directory /workdir/hadoop-ozone/integration-test/target/test-dir/MiniOzoneClusterImpl-fdc3d401-fab1-4968-a84f-12bf762e2bbf/datanode-2/data/ratis/7d2da922-cd67-4f1f-9629-cc9c0a96627a
2019-09-26 16:53:51,130 [pool-47-thread-1] INFO  server.RaftServerConfigKeys (ConfUtils.java:logGet(43)) - raft.server.log.queue.byte-limit = 2147483647 (custom)
2019-09-26 16:53:51,130 [pool-47-thread-1] INFO  server.RaftServerConfigKeys (ConfUtils.java:logGet(43)) - raft.server.log.queue.element-limit = 1024 (custom)
2019-09-26 16:53:51,130 [pool-47-thread-1] INFO  server.RaftServerConfigKeys (ConfUtils.java:logGet(43)) - raft.server.log.segment.size.max = 1048576 (custom)
2019-09-26 16:53:51,130 [pool-47-thread-1] INFO  server.RaftServerConfigKeys (ConfUtils.java:logGet(43)) - raft.server.log.preallocated.size = 16384 (custom)
2019-09-26 16:53:51,130 [pool-47-thread-1] INFO  server.RaftServerConfigKeys (ConfUtils.java:logGet(43)) - raft.server.log.write.buffer.size = 33554432 (custom)
2019-09-26 16:53:51,131 [pool-47-thread-1] INFO  server.RaftServerConfigKeys (ConfUtils.java:logGet(43)) - raft.server.log.force.sync.num = 128 (default)
2019-09-26 16:53:51,131 [pool-47-thread-1] INFO  server.RaftServerConfigKeys (ConfUtils.java:logGet(43)) - raft.server.log.statemachine.data.sync = true (default)
2019-09-26 16:53:51,131 [pool-47-thread-1] INFO  server.RaftServerConfigKeys (ConfUtils.java:logGet(43)) - raft.server.log.statemachine.data.sync.timeout = 10s (default)
2019-09-26 16:53:51,131 [pool-47-thread-1] INFO  server.RaftServerConfigKeys (ConfUtils.java:logGet(43)) - raft.server.log.statemachine.data.sync.timeout.retry = -1 (default)
2019-09-26 16:53:51,132 [pool-47-thread-1] INFO  server.RaftServerConfigKeys (ConfUtils.java:logGet(43)) - raft.server.log.statemachine.data.caching.enabled = true (custom)
2019-09-26 16:53:51,132 [pool-47-thread-1] INFO  segmented.SegmentedRaftLogWorker (SegmentedRaftLogWorker.java:lambda$new$0(132)) - 579334d3-7c10-42f4-b10c-e6c2267ece25@group-CC9C0A96627A-SegmentedRaftLogWorker: flushIndex: setUnconditionally 0 -> -1
2019-09-26 16:53:51,132 [pool-47-thread-1] INFO  server.RaftServerConfigKeys (ConfUtils.java:logGet(43)) - raft.server.snapshot.auto.trigger.enabled = true (custom)
2019-09-26 16:53:51,133 [pool-47-thread-1] INFO  server.RaftServerConfigKeys (ConfUtils.java:logGet(43)) - raft.server.snapshot.auto.trigger.threshold = 10000 (custom)
2019-09-26 16:53:51,133 [pool-47-thread-1] INFO  server.RaftServerConfigKeys (ConfUtils.java:logGet(43)) - raft.server.snapshot.retention.num.files = 5 (custom)
2019-09-26 16:53:51,133 [pool-47-thread-1] INFO  server.RaftServerConfigKeys (ConfUtils.java:logGet(43)) - raft.server.retrycache.expirytime = 600000ms (custom)
2019-09-26 16:53:51,136 [pool-47-thread-1] INFO  impl.RaftServerImpl (RaftServerImpl.java:start(185)) - 579334d3-7c10-42f4-b10c-e6c2267ece25@group-CC9C0A96627A: start as a follower, conf=-1: [579334d3-7c10-42f4-b10c-e6c2267ece25:192.168.151.99:34131], old=null
2019-09-26 16:53:51,136 [pool-47-thread-1] INFO  impl.RaftServerImpl (RaftServerImpl.java:setRole(174)) - 579334d3-7c10-42f4-b10c-e6c2267ece25@group-CC9C0A96627A: changes role from      null to FOLLOWER at term 0 for startAsFollower
2019-09-26 16:53:51,136 [pool-47-thread-1] INFO  impl.RoleInfo (RoleInfo.java:updateAndGet(143)) - 579334d3-7c10-42f4-b10c-e6c2267ece25: start FollowerState
2019-09-26 16:53:51,137 [pool-47-thread-1] INFO  util.JmxRegister (JmxRegister.java:tryRegister(44)) - Successfully registered JMX Bean with object name Ratis:service=RaftServer,group=group-CC9C0A96627A,id=579334d3-7c10-42f4-b10c-e6c2267ece25
2019-09-26 16:53:51,145 [RatisPipelineUtilsThread] INFO  pipeline.PipelineStateManager (PipelineStateManager.java:addPipeline(56)) - Created pipeline Pipeline[ Id: 7d2da922-cd67-4f1f-9629-cc9c0a96627a, Nodes: 579334d3-7c10-42f4-b10c-e6c2267ece25{ip: 192.168.151.99, host: pr-hdds-1569-g6sp5-2013761785, networkLocation: /default-rack, certSerialId: null}, Type:RATIS, Factor:ONE, State:OPEN]
2019-09-26 16:53:51,157 [grpc-default-executor-0] INFO  impl.RaftServerProxy (RaftServerProxy.java:addNew(89)) - 7fda706b-4e23-4e10-baba-12810c05fbbb: addNew group-C74506AE53A7:[7fda706b-4e23-4e10-baba-12810c05fbbb:192.168.151.99:32897] returns group-C74506AE53A7:java.util.concurrent.CompletableFuture@3931c5de[Not completed]
2019-09-26 16:53:51,158 [pool-37-thread-1] INFO  impl.RaftServerImpl (RaftServerImpl.java:<init>(95)) - 7fda706b-4e23-4e10-baba-12810c05fbbb: new RaftServerImpl for group-C74506AE53A7:[7fda706b-4e23-4e10-baba-12810c05fbbb:192.168.151.99:32897] with ContainerStateMachine:uninitialized
2019-09-26 16:53:51,159 [pool-37-thread-1] INFO  server.RaftServerConfigKeys (ConfUtils.java:logGet(43)) - raft.server.rpc.timeout.min = 5s (custom)
2019-09-26 16:53:51,159 [pool-37-thread-1] INFO  server.RaftServerConfigKeys (ConfUtils.java:logGet(43)) - raft.server.rpc.timeout.max = 5200ms (custom)
2019-09-26 16:53:51,159 [pool-37-thread-1] INFO  server.RaftServerConfigKeys (ConfUtils.java:logGet(43)) - raft.server.rpcslowness.timeout = 120s (custom)
2019-09-26 16:53:51,159 [pool-37-thread-1] INFO  server.RaftServerConfigKeys (ConfUtils.java:logGet(43)) - raft.server.sleep.deviation.threshold = 300 (default)
2019-09-26 16:53:51,159 [pool-37-thread-1] INFO  server.RaftServerConfigKeys (ConfUtils.java:logGet(43)) - raft.server.log.appender.install.snapshot.enabled = false (custom)
2019-09-26 16:53:51,159 [pool-37-thread-1] INFO  impl.RaftServerImpl (ServerState.java:<init>(103)) - 7fda706b-4e23-4e10-baba-12810c05fbbb@group-C74506AE53A7: ConfigurationManager, init=-1: [7fda706b-4e23-4e10-baba-12810c05fbbb:192.168.151.99:32897], old=null, confs=<EMPTY_MAP>
2019-09-26 16:53:51,160 [pool-37-thread-1] INFO  server.RaftServerConfigKeys (ConfUtils.java:logGet(43)) - raft.server.storage.dir = [/workdir/hadoop-ozone/integration-test/target/test-dir/MiniOzoneClusterImpl-fdc3d401-fab1-4968-a84f-12bf762e2bbf/datanode-1/data/ratis] (custom)
2019-09-26 16:53:51,160 [pool-37-thread-1] INFO  storage.RaftStorageDirectory (RaftStorageDirectory.java:analyzeStorage(246)) - The storage directory /workdir/hadoop-ozone/integration-test/target/test-dir/MiniOzoneClusterImpl-fdc3d401-fab1-4968-a84f-12bf762e2bbf/datanode-1/data/ratis/e8e26ac0-c50e-4f86-bd09-c74506ae53a7 does not exist. Creating ...
2019-09-26 16:53:51,174 [pool-37-thread-1] INFO  storage.RaftStorageDirectory (RaftStorageDirectory.java:tryLock(328)) - Lock on /workdir/hadoop-ozone/integration-test/target/test-dir/MiniOzoneClusterImpl-fdc3d401-fab1-4968-a84f-12bf762e2bbf/datanode-1/data/ratis/e8e26ac0-c50e-4f86-bd09-c74506ae53a7/in_use.lock acquired by nodename 15096@pr-hdds-1569-g6sp5-2013761785
2019-09-26 16:53:51,191 [pool-37-thread-1] INFO  storage.RaftStorage (RaftStorage.java:format(72)) - Storage directory /workdir/hadoop-ozone/integration-test/target/test-dir/MiniOzoneClusterImpl-fdc3d401-fab1-4968-a84f-12bf762e2bbf/datanode-1/data/ratis/e8e26ac0-c50e-4f86-bd09-c74506ae53a7 has been successfully formatted.
2019-09-26 16:53:51,191 [pool-37-thread-1] INFO  ratis.ContainerStateMachine (ContainerStateMachine.java:loadSnapshot(230)) - group-C74506AE53A7: The snapshot info is null. Setting the last applied indexto:(t:0, i:~)
2019-09-26 16:53:51,192 [pool-37-thread-1] INFO  server.RaftServerConfigKeys (ConfUtils.java:logGet(43)) - raft.server.notification.no-leader.timeout = 120s (custom)
2019-09-26 16:53:51,192 [pool-37-thread-1] INFO  server.RaftServerConfigKeys (ConfUtils.java:logGet(43)) - raft.server.log.use.memory = false (default)
2019-09-26 16:53:51,192 [pool-37-thread-1] INFO  server.RaftServerConfigKeys (ConfUtils.java:logGet(43)) - raft.server.log.purge.gap = 1000000 (custom)
2019-09-26 16:53:51,192 [pool-37-thread-1] INFO  server.RaftServerConfigKeys (ConfUtils.java:logGet(43)) - raft.server.log.appender.buffer.byte-limit = 33554432 (custom)
2019-09-26 16:53:51,192 [pool-37-thread-1] INFO  server.RaftServerConfigKeys (ConfUtils.java:logGet(43)) - raft.server.log.segment.size.max = 1048576 (custom)
2019-09-26 16:53:51,192 [pool-37-thread-1] INFO  server.RaftServerConfigKeys (ConfUtils.java:logGet(43)) - raft.server.log.segment.cache.num.max = 2 (custom)
2019-09-26 16:53:51,193 [pool-37-thread-1] INFO  segmented.SegmentedRaftLogWorker (SegmentedRaftLogWorker.java:<init>(172)) - new 7fda706b-4e23-4e10-baba-12810c05fbbb@group-C74506AE53A7-SegmentedRaftLogWorker for RaftStorage:Storage Directory /workdir/hadoop-ozone/integration-test/target/test-dir/MiniOzoneClusterImpl-fdc3d401-fab1-4968-a84f-12bf762e2bbf/datanode-1/data/ratis/e8e26ac0-c50e-4f86-bd09-c74506ae53a7
2019-09-26 16:53:51,193 [pool-37-thread-1] INFO  server.RaftServerConfigKeys (ConfUtils.java:logGet(43)) - raft.server.log.queue.byte-limit = 2147483647 (custom)
2019-09-26 16:53:51,193 [pool-37-thread-1] INFO  server.RaftServerConfigKeys (ConfUtils.java:logGet(43)) - raft.server.log.queue.element-limit = 1024 (custom)
2019-09-26 16:53:51,193 [pool-37-thread-1] INFO  server.RaftServerConfigKeys (ConfUtils.java:logGet(43)) - raft.server.log.segment.size.max = 1048576 (custom)
2019-09-26 16:53:51,193 [pool-37-thread-1] INFO  server.RaftServerConfigKeys (ConfUtils.java:logGet(43)) - raft.server.log.preallocated.size = 16384 (custom)
2019-09-26 16:53:51,194 [pool-37-thread-1] INFO  server.RaftServerConfigKeys (ConfUtils.java:logGet(43)) - raft.server.log.write.buffer.size = 33554432 (custom)
2019-09-26 16:53:51,194 [pool-37-thread-1] INFO  server.RaftServerConfigKeys (ConfUtils.java:logGet(43)) - raft.server.log.force.sync.num = 128 (default)
2019-09-26 16:53:51,194 [pool-37-thread-1] INFO  server.RaftServerConfigKeys (ConfUtils.java:logGet(43)) - raft.server.log.statemachine.data.sync = true (default)
2019-09-26 16:53:51,194 [pool-37-thread-1] INFO  server.RaftServerConfigKeys (ConfUtils.java:logGet(43)) - raft.server.log.statemachine.data.sync.timeout = 10s (default)
2019-09-26 16:53:51,194 [pool-37-thread-1] INFO  server.RaftServerConfigKeys (ConfUtils.java:logGet(43)) - raft.server.log.statemachine.data.sync.timeout.retry = -1 (default)
2019-09-26 16:53:51,194 [pool-37-thread-1] INFO  server.RaftServerConfigKeys (ConfUtils.java:logGet(43)) - raft.server.log.statemachine.data.caching.enabled = true (custom)
2019-09-26 16:53:51,195 [pool-37-thread-1] INFO  segmented.SegmentedRaftLogWorker (SegmentedRaftLogWorker.java:lambda$new$0(132)) - 7fda706b-4e23-4e10-baba-12810c05fbbb@group-C74506AE53A7-SegmentedRaftLogWorker: flushIndex: setUnconditionally 0 -> -1
2019-09-26 16:53:51,195 [pool-37-thread-1] INFO  server.RaftServerConfigKeys (ConfUtils.java:logGet(43)) - raft.server.snapshot.auto.trigger.enabled = true (custom)
2019-09-26 16:53:51,195 [pool-37-thread-1] INFO  server.RaftServerConfigKeys (ConfUtils.java:logGet(43)) - raft.server.snapshot.auto.trigger.threshold = 10000 (custom)
2019-09-26 16:53:51,196 [pool-37-thread-1] INFO  server.RaftServerConfigKeys (ConfUtils.java:logGet(43)) - raft.server.snapshot.retention.num.files = 5 (custom)
2019-09-26 16:53:51,196 [pool-37-thread-1] INFO  server.RaftServerConfigKeys (ConfUtils.java:logGet(43)) - raft.server.retrycache.expirytime = 600000ms (custom)
2019-09-26 16:53:51,199 [pool-37-thread-1] INFO  impl.RaftServerImpl (RaftServerImpl.java:start(185)) - 7fda706b-4e23-4e10-baba-12810c05fbbb@group-C74506AE53A7: start as a follower, conf=-1: [7fda706b-4e23-4e10-baba-12810c05fbbb:192.168.151.99:32897], old=null
2019-09-26 16:53:51,199 [pool-37-thread-1] INFO  impl.RaftServerImpl (RaftServerImpl.java:setRole(174)) - 7fda706b-4e23-4e10-baba-12810c05fbbb@group-C74506AE53A7: changes role from      null to FOLLOWER at term 0 for startAsFollower
2019-09-26 16:53:51,199 [pool-37-thread-1] INFO  impl.RoleInfo (RoleInfo.java:updateAndGet(143)) - 7fda706b-4e23-4e10-baba-12810c05fbbb: start FollowerState
2019-09-26 16:53:51,200 [pool-37-thread-1] INFO  util.JmxRegister (JmxRegister.java:tryRegister(44)) - Successfully registered JMX Bean with object name Ratis:service=RaftServer,group=group-C74506AE53A7,id=7fda706b-4e23-4e10-baba-12810c05fbbb
2019-09-26 16:53:51,205 [RatisPipelineUtilsThread] INFO  pipeline.PipelineStateManager (PipelineStateManager.java:addPipeline(56)) - Created pipeline Pipeline[ Id: e8e26ac0-c50e-4f86-bd09-c74506ae53a7, Nodes: 7fda706b-4e23-4e10-baba-12810c05fbbb{ip: 192.168.151.99, host: pr-hdds-1569-g6sp5-2013761785, networkLocation: /default-rack, certSerialId: null}, Type:RATIS, Factor:ONE, State:OPEN]
2019-09-26 16:53:51,217 [grpc-default-executor-0] INFO  impl.RaftServerProxy (RaftServerProxy.java:addNew(89)) - 579334d3-7c10-42f4-b10c-e6c2267ece25: addNew group-16576E105B47:[579334d3-7c10-42f4-b10c-e6c2267ece25:192.168.151.99:34131] returns group-16576E105B47:java.util.concurrent.CompletableFuture@7cbfdadf[Not completed]
2019-09-26 16:53:51,218 [pool-47-thread-1] INFO  impl.RaftServerImpl (RaftServerImpl.java:<init>(95)) - 579334d3-7c10-42f4-b10c-e6c2267ece25: new RaftServerImpl for group-16576E105B47:[579334d3-7c10-42f4-b10c-e6c2267ece25:192.168.151.99:34131] with ContainerStateMachine:uninitialized
2019-09-26 16:53:51,218 [pool-47-thread-1] INFO  server.RaftServerConfigKeys (ConfUtils.java:logGet(43)) - raft.server.rpc.timeout.min = 5s (custom)
2019-09-26 16:53:51,218 [pool-47-thread-1] INFO  server.RaftServerConfigKeys (ConfUtils.java:logGet(43)) - raft.server.rpc.timeout.max = 5200ms (custom)
2019-09-26 16:53:51,218 [pool-47-thread-1] INFO  server.RaftServerConfigKeys (ConfUtils.java:logGet(43)) - raft.server.rpcslowness.timeout = 120s (custom)
2019-09-26 16:53:51,219 [pool-47-thread-1] INFO  server.RaftServerConfigKeys (ConfUtils.java:logGet(43)) - raft.server.sleep.deviation.threshold = 300 (default)
2019-09-26 16:53:51,219 [pool-47-thread-1] INFO  server.RaftServerConfigKeys (ConfUtils.java:logGet(43)) - raft.server.log.appender.install.snapshot.enabled = false (custom)
2019-09-26 16:53:51,219 [pool-47-thread-1] INFO  impl.RaftServerImpl (ServerState.java:<init>(103)) - 579334d3-7c10-42f4-b10c-e6c2267ece25@group-16576E105B47: ConfigurationManager, init=-1: [579334d3-7c10-42f4-b10c-e6c2267ece25:192.168.151.99:34131], old=null, confs=<EMPTY_MAP>
2019-09-26 16:53:51,219 [pool-47-thread-1] INFO  server.RaftServerConfigKeys (ConfUtils.java:logGet(43)) - raft.server.storage.dir = [/workdir/hadoop-ozone/integration-test/target/test-dir/MiniOzoneClusterImpl-fdc3d401-fab1-4968-a84f-12bf762e2bbf/datanode-2/data/ratis] (custom)
2019-09-26 16:53:51,220 [pool-47-thread-1] INFO  storage.RaftStorageDirectory (RaftStorageDirectory.java:analyzeStorage(246)) - The storage directory /workdir/hadoop-ozone/integration-test/target/test-dir/MiniOzoneClusterImpl-fdc3d401-fab1-4968-a84f-12bf762e2bbf/datanode-2/data/ratis/2deeed71-6f16-479b-95fc-16576e105b47 does not exist. Creating ...
2019-09-26 16:53:51,234 [pool-47-thread-1] INFO  storage.RaftStorageDirectory (RaftStorageDirectory.java:tryLock(328)) - Lock on /workdir/hadoop-ozone/integration-test/target/test-dir/MiniOzoneClusterImpl-fdc3d401-fab1-4968-a84f-12bf762e2bbf/datanode-2/data/ratis/2deeed71-6f16-479b-95fc-16576e105b47/in_use.lock acquired by nodename 15096@pr-hdds-1569-g6sp5-2013761785
2019-09-26 16:53:51,247 [pool-47-thread-1] INFO  storage.RaftStorage (RaftStorage.java:format(72)) - Storage directory /workdir/hadoop-ozone/integration-test/target/test-dir/MiniOzoneClusterImpl-fdc3d401-fab1-4968-a84f-12bf762e2bbf/datanode-2/data/ratis/2deeed71-6f16-479b-95fc-16576e105b47 has been successfully formatted.
2019-09-26 16:53:51,248 [pool-47-thread-1] INFO  ratis.ContainerStateMachine (ContainerStateMachine.java:loadSnapshot(230)) - group-16576E105B47: The snapshot info is null. Setting the last applied indexto:(t:0, i:~)
2019-09-26 16:53:51,248 [pool-47-thread-1] INFO  server.RaftServerConfigKeys (ConfUtils.java:logGet(43)) - raft.server.notification.no-leader.timeout = 120s (custom)
2019-09-26 16:53:51,248 [pool-47-thread-1] INFO  server.RaftServerConfigKeys (ConfUtils.java:logGet(43)) - raft.server.log.use.memory = false (default)
2019-09-26 16:53:51,248 [pool-47-thread-1] INFO  server.RaftServerConfigKeys (ConfUtils.java:logGet(43)) - raft.server.log.purge.gap = 1000000 (custom)
2019-09-26 16:53:51,248 [pool-47-thread-1] INFO  server.RaftServerConfigKeys (ConfUtils.java:logGet(43)) - raft.server.log.appender.buffer.byte-limit = 33554432 (custom)
2019-09-26 16:53:51,248 [pool-47-thread-1] INFO  server.RaftServerConfigKeys (ConfUtils.java:logGet(43)) - raft.server.log.segment.size.max = 1048576 (custom)
2019-09-26 16:53:51,249 [pool-47-thread-1] INFO  server.RaftServerConfigKeys (ConfUtils.java:logGet(43)) - raft.server.log.segment.cache.num.max = 2 (custom)
2019-09-26 16:53:51,249 [pool-47-thread-1] INFO  segmented.SegmentedRaftLogWorker (SegmentedRaftLogWorker.java:<init>(172)) - new 579334d3-7c10-42f4-b10c-e6c2267ece25@group-16576E105B47-SegmentedRaftLogWorker for RaftStorage:Storage Directory /workdir/hadoop-ozone/integration-test/target/test-dir/MiniOzoneClusterImpl-fdc3d401-fab1-4968-a84f-12bf762e2bbf/datanode-2/data/ratis/2deeed71-6f16-479b-95fc-16576e105b47
2019-09-26 16:53:51,249 [pool-47-thread-1] INFO  server.RaftServerConfigKeys (ConfUtils.java:logGet(43)) - raft.server.log.queue.byte-limit = 2147483647 (custom)
2019-09-26 16:53:51,249 [pool-47-thread-1] INFO  server.RaftServerConfigKeys (ConfUtils.java:logGet(43)) - raft.server.log.queue.element-limit = 1024 (custom)
2019-09-26 16:53:51,249 [pool-47-thread-1] INFO  server.RaftServerConfigKeys (ConfUtils.java:logGet(43)) - raft.server.log.segment.size.max = 1048576 (custom)
2019-09-26 16:53:51,249 [pool-47-thread-1] INFO  server.RaftServerConfigKeys (ConfUtils.java:logGet(43)) - raft.server.log.preallocated.size = 16384 (custom)
2019-09-26 16:53:51,250 [pool-47-thread-1] INFO  server.RaftServerConfigKeys (ConfUtils.java:logGet(43)) - raft.server.log.write.buffer.size = 33554432 (custom)
2019-09-26 16:53:51,250 [pool-47-thread-1] INFO  server.RaftServerConfigKeys (ConfUtils.java:logGet(43)) - raft.server.log.force.sync.num = 128 (default)
2019-09-26 16:53:51,250 [pool-47-thread-1] INFO  server.RaftServerConfigKeys (ConfUtils.java:logGet(43)) - raft.server.log.statemachine.data.sync = true (default)
2019-09-26 16:53:51,250 [pool-47-thread-1] INFO  server.RaftServerConfigKeys (ConfUtils.java:logGet(43)) - raft.server.log.statemachine.data.sync.timeout = 10s (default)
2019-09-26 16:53:51,250 [pool-47-thread-1] INFO  server.RaftServerConfigKeys (ConfUtils.java:logGet(43)) - raft.server.log.statemachine.data.sync.timeout.retry = -1 (default)
2019-09-26 16:53:51,250 [pool-47-thread-1] INFO  server.RaftServerConfigKeys (ConfUtils.java:logGet(43)) - raft.server.log.statemachine.data.caching.enabled = true (custom)
2019-09-26 16:53:51,251 [pool-47-thread-1] INFO  segmented.SegmentedRaftLogWorker (SegmentedRaftLogWorker.java:lambda$new$0(132)) - 579334d3-7c10-42f4-b10c-e6c2267ece25@group-16576E105B47-SegmentedRaftLogWorker: flushIndex: setUnconditionally 0 -> -1
2019-09-26 16:53:51,251 [pool-47-thread-1] INFO  server.RaftServerConfigKeys (ConfUtils.java:logGet(43)) - raft.server.snapshot.auto.trigger.enabled = true (custom)
2019-09-26 16:53:51,251 [pool-47-thread-1] INFO  server.RaftServerConfigKeys (ConfUtils.java:logGet(43)) - raft.server.snapshot.auto.trigger.threshold = 10000 (custom)
2019-09-26 16:53:51,252 [pool-47-thread-1] INFO  server.RaftServerConfigKeys (ConfUtils.java:logGet(43)) - raft.server.snapshot.retention.num.files = 5 (custom)
2019-09-26 16:53:51,252 [pool-47-thread-1] INFO  server.RaftServerConfigKeys (ConfUtils.java:logGet(43)) - raft.server.retrycache.expirytime = 600000ms (custom)
2019-09-26 16:53:51,254 [pool-47-thread-1] INFO  impl.RaftServerImpl (RaftServerImpl.java:start(185)) - 579334d3-7c10-42f4-b10c-e6c2267ece25@group-16576E105B47: start as a follower, conf=-1: [579334d3-7c10-42f4-b10c-e6c2267ece25:192.168.151.99:34131], old=null
2019-09-26 16:53:51,255 [pool-47-thread-1] INFO  impl.RaftServerImpl (RaftServerImpl.java:setRole(174)) - 579334d3-7c10-42f4-b10c-e6c2267ece25@group-16576E105B47: changes role from      null to FOLLOWER at term 0 for startAsFollower
2019-09-26 16:53:51,255 [pool-47-thread-1] INFO  impl.RoleInfo (RoleInfo.java:updateAndGet(143)) - 579334d3-7c10-42f4-b10c-e6c2267ece25: start FollowerState
2019-09-26 16:53:51,255 [pool-47-thread-1] INFO  util.JmxRegister (JmxRegister.java:tryRegister(44)) - Successfully registered JMX Bean with object name Ratis:service=RaftServer,group=group-16576E105B47,id=579334d3-7c10-42f4-b10c-e6c2267ece25
2019-09-26 16:53:51,261 [RatisPipelineUtilsThread] INFO  pipeline.PipelineStateManager (PipelineStateManager.java:addPipeline(56)) - Created pipeline Pipeline[ Id: 2deeed71-6f16-479b-95fc-16576e105b47, Nodes: 579334d3-7c10-42f4-b10c-e6c2267ece25{ip: 192.168.151.99, host: pr-hdds-1569-g6sp5-2013761785, networkLocation: /default-rack, certSerialId: null}, Type:RATIS, Factor:ONE, State:OPEN]
2019-09-26 16:53:51,272 [grpc-default-executor-0] INFO  impl.RaftServerProxy (RaftServerProxy.java:addNew(89)) - deac9605-e739-4d95-8360-f57df793faca: addNew group-A01BAC6EF01B:[deac9605-e739-4d95-8360-f57df793faca:192.168.151.99:46601] returns group-A01BAC6EF01B:java.util.concurrent.CompletableFuture@4dc8f3ab[Not completed]
2019-09-26 16:53:51,274 [pool-27-thread-1] INFO  impl.RaftServerImpl (RaftServerImpl.java:<init>(95)) - deac9605-e739-4d95-8360-f57df793faca: new RaftServerImpl for group-A01BAC6EF01B:[deac9605-e739-4d95-8360-f57df793faca:192.168.151.99:46601] with ContainerStateMachine:uninitialized
2019-09-26 16:53:51,274 [pool-27-thread-1] INFO  server.RaftServerConfigKeys (ConfUtils.java:logGet(43)) - raft.server.rpc.timeout.min = 5s (custom)
2019-09-26 16:53:51,274 [pool-27-thread-1] INFO  server.RaftServerConfigKeys (ConfUtils.java:logGet(43)) - raft.server.rpc.timeout.max = 5200ms (custom)
2019-09-26 16:53:51,274 [pool-27-thread-1] INFO  server.RaftServerConfigKeys (ConfUtils.java:logGet(43)) - raft.server.rpcslowness.timeout = 120s (custom)
2019-09-26 16:53:51,274 [pool-27-thread-1] INFO  server.RaftServerConfigKeys (ConfUtils.java:logGet(43)) - raft.server.sleep.deviation.threshold = 300 (default)
2019-09-26 16:53:51,274 [pool-27-thread-1] INFO  server.RaftServerConfigKeys (ConfUtils.java:logGet(43)) - raft.server.log.appender.install.snapshot.enabled = false (custom)
2019-09-26 16:53:51,275 [pool-27-thread-1] INFO  impl.RaftServerImpl (ServerState.java:<init>(103)) - deac9605-e739-4d95-8360-f57df793faca@group-A01BAC6EF01B: ConfigurationManager, init=-1: [deac9605-e739-4d95-8360-f57df793faca:192.168.151.99:46601], old=null, confs=<EMPTY_MAP>
2019-09-26 16:53:51,275 [pool-27-thread-1] INFO  server.RaftServerConfigKeys (ConfUtils.java:logGet(43)) - raft.server.storage.dir = [/workdir/hadoop-ozone/integration-test/target/test-dir/MiniOzoneClusterImpl-fdc3d401-fab1-4968-a84f-12bf762e2bbf/datanode-0/data/ratis] (custom)
2019-09-26 16:53:51,275 [pool-27-thread-1] INFO  storage.RaftStorageDirectory (RaftStorageDirectory.java:analyzeStorage(246)) - The storage directory /workdir/hadoop-ozone/integration-test/target/test-dir/MiniOzoneClusterImpl-fdc3d401-fab1-4968-a84f-12bf762e2bbf/datanode-0/data/ratis/604562ad-1b88-48e9-9cb3-a01bac6ef01b does not exist. Creating ...
2019-09-26 16:53:51,290 [pool-27-thread-1] INFO  storage.RaftStorageDirectory (RaftStorageDirectory.java:tryLock(328)) - Lock on /workdir/hadoop-ozone/integration-test/target/test-dir/MiniOzoneClusterImpl-fdc3d401-fab1-4968-a84f-12bf762e2bbf/datanode-0/data/ratis/604562ad-1b88-48e9-9cb3-a01bac6ef01b/in_use.lock acquired by nodename 15096@pr-hdds-1569-g6sp5-2013761785
2019-09-26 16:53:51,303 [pool-27-thread-1] INFO  storage.RaftStorage (RaftStorage.java:format(72)) - Storage directory /workdir/hadoop-ozone/integration-test/target/test-dir/MiniOzoneClusterImpl-fdc3d401-fab1-4968-a84f-12bf762e2bbf/datanode-0/data/ratis/604562ad-1b88-48e9-9cb3-a01bac6ef01b has been successfully formatted.
2019-09-26 16:53:51,303 [pool-27-thread-1] INFO  ratis.ContainerStateMachine (ContainerStateMachine.java:loadSnapshot(230)) - group-A01BAC6EF01B: The snapshot info is null. Setting the last applied indexto:(t:0, i:~)
2019-09-26 16:53:51,303 [pool-27-thread-1] INFO  server.RaftServerConfigKeys (ConfUtils.java:logGet(43)) - raft.server.notification.no-leader.timeout = 120s (custom)
2019-09-26 16:53:51,303 [pool-27-thread-1] INFO  server.RaftServerConfigKeys (ConfUtils.java:logGet(43)) - raft.server.log.use.memory = false (default)
2019-09-26 16:53:51,303 [pool-27-thread-1] INFO  server.RaftServerConfigKeys (ConfUtils.java:logGet(43)) - raft.server.log.purge.gap = 1000000 (custom)
2019-09-26 16:53:51,304 [pool-27-thread-1] INFO  server.RaftServerConfigKeys (ConfUtils.java:logGet(43)) - raft.server.log.appender.buffer.byte-limit = 33554432 (custom)
2019-09-26 16:53:51,304 [pool-27-thread-1] INFO  server.RaftServerConfigKeys (ConfUtils.java:logGet(43)) - raft.server.log.segment.size.max = 1048576 (custom)
2019-09-26 16:53:51,304 [pool-27-thread-1] INFO  server.RaftServerConfigKeys (ConfUtils.java:logGet(43)) - raft.server.log.segment.cache.num.max = 2 (custom)
2019-09-26 16:53:51,304 [pool-27-thread-1] INFO  segmented.SegmentedRaftLogWorker (SegmentedRaftLogWorker.java:<init>(172)) - new deac9605-e739-4d95-8360-f57df793faca@group-A01BAC6EF01B-SegmentedRaftLogWorker for RaftStorage:Storage Directory /workdir/hadoop-ozone/integration-test/target/test-dir/MiniOzoneClusterImpl-fdc3d401-fab1-4968-a84f-12bf762e2bbf/datanode-0/data/ratis/604562ad-1b88-48e9-9cb3-a01bac6ef01b
2019-09-26 16:53:51,304 [pool-27-thread-1] INFO  server.RaftServerConfigKeys (ConfUtils.java:logGet(43)) - raft.server.log.queue.byte-limit = 2147483647 (custom)
2019-09-26 16:53:51,304 [pool-27-thread-1] INFO  server.RaftServerConfigKeys (ConfUtils.java:logGet(43)) - raft.server.log.queue.element-limit = 1024 (custom)
2019-09-26 16:53:51,305 [pool-27-thread-1] INFO  server.RaftServerConfigKeys (ConfUtils.java:logGet(43)) - raft.server.log.segment.size.max = 1048576 (custom)
2019-09-26 16:53:51,305 [pool-27-thread-1] INFO  server.RaftServerConfigKeys (ConfUtils.java:logGet(43)) - raft.server.log.preallocated.size = 16384 (custom)
2019-09-26 16:53:51,305 [pool-27-thread-1] INFO  server.RaftServerConfigKeys (ConfUtils.java:logGet(43)) - raft.server.log.write.buffer.size = 33554432 (custom)
2019-09-26 16:53:51,305 [pool-27-thread-1] INFO  server.RaftServerConfigKeys (ConfUtils.java:logGet(43)) - raft.server.log.force.sync.num = 128 (default)
2019-09-26 16:53:51,305 [pool-27-thread-1] INFO  server.RaftServerConfigKeys (ConfUtils.java:logGet(43)) - raft.server.log.statemachine.data.sync = true (default)
2019-09-26 16:53:51,305 [pool-27-thread-1] INFO  server.RaftServerConfigKeys (ConfUtils.java:logGet(43)) - raft.server.log.statemachine.data.sync.timeout = 10s (default)
2019-09-26 16:53:51,306 [pool-27-thread-1] INFO  server.RaftServerConfigKeys (ConfUtils.java:logGet(43)) - raft.server.log.statemachine.data.sync.timeout.retry = -1 (default)
2019-09-26 16:53:51,306 [pool-27-thread-1] INFO  server.RaftServerConfigKeys (ConfUtils.java:logGet(43)) - raft.server.log.statemachine.data.caching.enabled = true (custom)
2019-09-26 16:53:51,306 [pool-27-thread-1] INFO  segmented.SegmentedRaftLogWorker (SegmentedRaftLogWorker.java:lambda$new$0(132)) - deac9605-e739-4d95-8360-f57df793faca@group-A01BAC6EF01B-SegmentedRaftLogWorker: flushIndex: setUnconditionally 0 -> -1
2019-09-26 16:53:51,307 [pool-27-thread-1] INFO  server.RaftServerConfigKeys (ConfUtils.java:logGet(43)) - raft.server.snapshot.auto.trigger.enabled = true (custom)
2019-09-26 16:53:51,307 [pool-27-thread-1] INFO  server.RaftServerConfigKeys (ConfUtils.java:logGet(43)) - raft.server.snapshot.auto.trigger.threshold = 10000 (custom)
2019-09-26 16:53:51,307 [pool-27-thread-1] INFO  server.RaftServerConfigKeys (ConfUtils.java:logGet(43)) - raft.server.snapshot.retention.num.files = 5 (custom)
2019-09-26 16:53:51,307 [pool-27-thread-1] INFO  server.RaftServerConfigKeys (ConfUtils.java:logGet(43)) - raft.server.retrycache.expirytime = 600000ms (custom)
2019-09-26 16:53:51,310 [pool-27-thread-1] INFO  impl.RaftServerImpl (RaftServerImpl.java:start(185)) - deac9605-e739-4d95-8360-f57df793faca@group-A01BAC6EF01B: start as a follower, conf=-1: [deac9605-e739-4d95-8360-f57df793faca:192.168.151.99:46601], old=null
2019-09-26 16:53:51,310 [pool-27-thread-1] INFO  impl.RaftServerImpl (RaftServerImpl.java:setRole(174)) - deac9605-e739-4d95-8360-f57df793faca@group-A01BAC6EF01B: changes role from      null to FOLLOWER at term 0 for startAsFollower
2019-09-26 16:53:51,310 [pool-27-thread-1] INFO  impl.RoleInfo (RoleInfo.java:updateAndGet(143)) - deac9605-e739-4d95-8360-f57df793faca: start FollowerState
2019-09-26 16:53:51,311 [pool-27-thread-1] INFO  util.JmxRegister (JmxRegister.java:tryRegister(44)) - Successfully registered JMX Bean with object name Ratis:service=RaftServer,group=group-A01BAC6EF01B,id=deac9605-e739-4d95-8360-f57df793faca
2019-09-26 16:53:51,318 [RatisPipelineUtilsThread] INFO  pipeline.PipelineStateManager (PipelineStateManager.java:addPipeline(56)) - Created pipeline Pipeline[ Id: 604562ad-1b88-48e9-9cb3-a01bac6ef01b, Nodes: deac9605-e739-4d95-8360-f57df793faca{ip: 192.168.151.99, host: pr-hdds-1569-g6sp5-2013761785, networkLocation: /default-rack, certSerialId: null}, Type:RATIS, Factor:ONE, State:OPEN]
2019-09-26 16:53:51,338 [grpc-default-executor-1] INFO  impl.RaftServerProxy (RaftServerProxy.java:addNew(89)) - 7fda706b-4e23-4e10-baba-12810c05fbbb: addNew group-5A969F4527EB:[7fda706b-4e23-4e10-baba-12810c05fbbb:192.168.151.99:32897] returns group-5A969F4527EB:java.util.concurrent.CompletableFuture@2af78c9a[Not completed]
2019-09-26 16:53:51,340 [pool-37-thread-1] INFO  impl.RaftServerImpl (RaftServerImpl.java:<init>(95)) - 7fda706b-4e23-4e10-baba-12810c05fbbb: new RaftServerImpl for group-5A969F4527EB:[7fda706b-4e23-4e10-baba-12810c05fbbb:192.168.151.99:32897] with ContainerStateMachine:uninitialized
2019-09-26 16:53:51,340 [pool-37-thread-1] INFO  server.RaftServerConfigKeys (ConfUtils.java:logGet(43)) - raft.server.rpc.timeout.min = 5s (custom)
2019-09-26 16:53:51,340 [pool-37-thread-1] INFO  server.RaftServerConfigKeys (ConfUtils.java:logGet(43)) - raft.server.rpc.timeout.max = 5200ms (custom)
2019-09-26 16:53:51,340 [pool-37-thread-1] INFO  server.RaftServerConfigKeys (ConfUtils.java:logGet(43)) - raft.server.rpcslowness.timeout = 120s (custom)
2019-09-26 16:53:51,341 [pool-37-thread-1] INFO  server.RaftServerConfigKeys (ConfUtils.java:logGet(43)) - raft.server.sleep.deviation.threshold = 300 (default)
2019-09-26 16:53:51,341 [pool-37-thread-1] INFO  server.RaftServerConfigKeys (ConfUtils.java:logGet(43)) - raft.server.log.appender.install.snapshot.enabled = false (custom)
2019-09-26 16:53:51,341 [pool-37-thread-1] INFO  impl.RaftServerImpl (ServerState.java:<init>(103)) - 7fda706b-4e23-4e10-baba-12810c05fbbb@group-5A969F4527EB: ConfigurationManager, init=-1: [7fda706b-4e23-4e10-baba-12810c05fbbb:192.168.151.99:32897], old=null, confs=<EMPTY_MAP>
2019-09-26 16:53:51,341 [pool-37-thread-1] INFO  server.RaftServerConfigKeys (ConfUtils.java:logGet(43)) - raft.server.storage.dir = [/workdir/hadoop-ozone/integration-test/target/test-dir/MiniOzoneClusterImpl-fdc3d401-fab1-4968-a84f-12bf762e2bbf/datanode-1/data/ratis] (custom)
2019-09-26 16:53:51,342 [pool-37-thread-1] INFO  storage.RaftStorageDirectory (RaftStorageDirectory.java:analyzeStorage(246)) - The storage directory /workdir/hadoop-ozone/integration-test/target/test-dir/MiniOzoneClusterImpl-fdc3d401-fab1-4968-a84f-12bf762e2bbf/datanode-1/data/ratis/e4cebd97-5a71-4403-baf3-5a969f4527eb does not exist. Creating ...
2019-09-26 16:53:51,366 [pool-37-thread-1] INFO  storage.RaftStorageDirectory (RaftStorageDirectory.java:tryLock(328)) - Lock on /workdir/hadoop-ozone/integration-test/target/test-dir/MiniOzoneClusterImpl-fdc3d401-fab1-4968-a84f-12bf762e2bbf/datanode-1/data/ratis/e4cebd97-5a71-4403-baf3-5a969f4527eb/in_use.lock acquired by nodename 15096@pr-hdds-1569-g6sp5-2013761785
2019-09-26 16:53:51,384 [pool-37-thread-1] INFO  storage.RaftStorage (RaftStorage.java:format(72)) - Storage directory /workdir/hadoop-ozone/integration-test/target/test-dir/MiniOzoneClusterImpl-fdc3d401-fab1-4968-a84f-12bf762e2bbf/datanode-1/data/ratis/e4cebd97-5a71-4403-baf3-5a969f4527eb has been successfully formatted.
2019-09-26 16:53:51,385 [pool-37-thread-1] INFO  ratis.ContainerStateMachine (ContainerStateMachine.java:loadSnapshot(230)) - group-5A969F4527EB: The snapshot info is null. Setting the last applied indexto:(t:0, i:~)
2019-09-26 16:53:51,385 [pool-37-thread-1] INFO  server.RaftServerConfigKeys (ConfUtils.java:logGet(43)) - raft.server.notification.no-leader.timeout = 120s (custom)
2019-09-26 16:53:51,385 [pool-37-thread-1] INFO  server.RaftServerConfigKeys (ConfUtils.java:logGet(43)) - raft.server.log.use.memory = false (default)
2019-09-26 16:53:51,385 [pool-37-thread-1] INFO  server.RaftServerConfigKeys (ConfUtils.java:logGet(43)) - raft.server.log.purge.gap = 1000000 (custom)
2019-09-26 16:53:51,385 [pool-37-thread-1] INFO  server.RaftServerConfigKeys (ConfUtils.java:logGet(43)) - raft.server.log.appender.buffer.byte-limit = 33554432 (custom)
2019-09-26 16:53:51,386 [pool-37-thread-1] INFO  server.RaftServerConfigKeys (ConfUtils.java:logGet(43)) - raft.server.log.segment.size.max = 1048576 (custom)
2019-09-26 16:53:51,386 [pool-37-thread-1] INFO  server.RaftServerConfigKeys (ConfUtils.java:logGet(43)) - raft.server.log.segment.cache.num.max = 2 (custom)
2019-09-26 16:53:51,386 [pool-37-thread-1] INFO  segmented.SegmentedRaftLogWorker (SegmentedRaftLogWorker.java:<init>(172)) - new 7fda706b-4e23-4e10-baba-12810c05fbbb@group-5A969F4527EB-SegmentedRaftLogWorker for RaftStorage:Storage Directory /workdir/hadoop-ozone/integration-test/target/test-dir/MiniOzoneClusterImpl-fdc3d401-fab1-4968-a84f-12bf762e2bbf/datanode-1/data/ratis/e4cebd97-5a71-4403-baf3-5a969f4527eb
2019-09-26 16:53:51,386 [pool-37-thread-1] INFO  server.RaftServerConfigKeys (ConfUtils.java:logGet(43)) - raft.server.log.queue.byte-limit = 2147483647 (custom)
2019-09-26 16:53:51,386 [pool-37-thread-1] INFO  server.RaftServerConfigKeys (ConfUtils.java:logGet(43)) - raft.server.log.queue.element-limit = 1024 (custom)
2019-09-26 16:53:51,387 [pool-37-thread-1] INFO  server.RaftServerConfigKeys (ConfUtils.java:logGet(43)) - raft.server.log.segment.size.max = 1048576 (custom)
2019-09-26 16:53:51,387 [pool-37-thread-1] INFO  server.RaftServerConfigKeys (ConfUtils.java:logGet(43)) - raft.server.log.preallocated.size = 16384 (custom)
2019-09-26 16:53:51,387 [pool-37-thread-1] INFO  server.RaftServerConfigKeys (ConfUtils.java:logGet(43)) - raft.server.log.write.buffer.size = 33554432 (custom)
2019-09-26 16:53:51,387 [pool-37-thread-1] INFO  server.RaftServerConfigKeys (ConfUtils.java:logGet(43)) - raft.server.log.force.sync.num = 128 (default)
2019-09-26 16:53:51,387 [pool-37-thread-1] INFO  server.RaftServerConfigKeys (ConfUtils.java:logGet(43)) - raft.server.log.statemachine.data.sync = true (default)
2019-09-26 16:53:51,387 [pool-37-thread-1] INFO  server.RaftServerConfigKeys (ConfUtils.java:logGet(43)) - raft.server.log.statemachine.data.sync.timeout = 10s (default)
2019-09-26 16:53:51,388 [pool-37-thread-1] INFO  server.RaftServerConfigKeys (ConfUtils.java:logGet(43)) - raft.server.log.statemachine.data.sync.timeout.retry = -1 (default)
2019-09-26 16:53:51,388 [pool-37-thread-1] INFO  server.RaftServerConfigKeys (ConfUtils.java:logGet(43)) - raft.server.log.statemachine.data.caching.enabled = true (custom)
2019-09-26 16:53:51,388 [pool-37-thread-1] INFO  segmented.SegmentedRaftLogWorker (SegmentedRaftLogWorker.java:lambda$new$0(132)) - 7fda706b-4e23-4e10-baba-12810c05fbbb@group-5A969F4527EB-SegmentedRaftLogWorker: flushIndex: setUnconditionally 0 -> -1
2019-09-26 16:53:51,389 [pool-37-thread-1] INFO  server.RaftServerConfigKeys (ConfUtils.java:logGet(43)) - raft.server.snapshot.auto.trigger.enabled = true (custom)
2019-09-26 16:53:51,389 [pool-37-thread-1] INFO  server.RaftServerConfigKeys (ConfUtils.java:logGet(43)) - raft.server.snapshot.auto.trigger.threshold = 10000 (custom)
2019-09-26 16:53:51,389 [pool-37-thread-1] INFO  server.RaftServerConfigKeys (ConfUtils.java:logGet(43)) - raft.server.snapshot.retention.num.files = 5 (custom)
2019-09-26 16:53:51,389 [pool-37-thread-1] INFO  server.RaftServerConfigKeys (ConfUtils.java:logGet(43)) - raft.server.retrycache.expirytime = 600000ms (custom)
2019-09-26 16:53:51,397 [pool-37-thread-1] INFO  impl.RaftServerImpl (RaftServerImpl.java:start(185)) - 7fda706b-4e23-4e10-baba-12810c05fbbb@group-5A969F4527EB: start as a follower, conf=-1: [7fda706b-4e23-4e10-baba-12810c05fbbb:192.168.151.99:32897], old=null
2019-09-26 16:53:51,397 [pool-37-thread-1] INFO  impl.RaftServerImpl (RaftServerImpl.java:setRole(174)) - 7fda706b-4e23-4e10-baba-12810c05fbbb@group-5A969F4527EB: changes role from      null to FOLLOWER at term 0 for startAsFollower
2019-09-26 16:53:51,397 [pool-37-thread-1] INFO  impl.RoleInfo (RoleInfo.java:updateAndGet(143)) - 7fda706b-4e23-4e10-baba-12810c05fbbb: start FollowerState
2019-09-26 16:53:51,398 [pool-37-thread-1] INFO  util.JmxRegister (JmxRegister.java:tryRegister(44)) - Successfully registered JMX Bean with object name Ratis:service=RaftServer,group=group-5A969F4527EB,id=7fda706b-4e23-4e10-baba-12810c05fbbb
2019-09-26 16:53:51,404 [RatisPipelineUtilsThread] INFO  pipeline.PipelineStateManager (PipelineStateManager.java:addPipeline(56)) - Created pipeline Pipeline[ Id: e4cebd97-5a71-4403-baf3-5a969f4527eb, Nodes: 7fda706b-4e23-4e10-baba-12810c05fbbb{ip: 192.168.151.99, host: pr-hdds-1569-g6sp5-2013761785, networkLocation: /default-rack, certSerialId: null}, Type:RATIS, Factor:ONE, State:OPEN]
2019-09-26 16:53:51,429 [grpc-default-executor-1] INFO  impl.RaftServerProxy (RaftServerProxy.java:addNew(89)) - 7fda706b-4e23-4e10-baba-12810c05fbbb: addNew group-E1E97D17327F:[7fda706b-4e23-4e10-baba-12810c05fbbb:192.168.151.99:32897] returns group-E1E97D17327F:java.util.concurrent.CompletableFuture@200fe7ea[Not completed]
2019-09-26 16:53:51,431 [pool-37-thread-1] INFO  impl.RaftServerImpl (RaftServerImpl.java:<init>(95)) - 7fda706b-4e23-4e10-baba-12810c05fbbb: new RaftServerImpl for group-E1E97D17327F:[7fda706b-4e23-4e10-baba-12810c05fbbb:192.168.151.99:32897] with ContainerStateMachine:uninitialized
2019-09-26 16:53:51,431 [pool-37-thread-1] INFO  server.RaftServerConfigKeys (ConfUtils.java:logGet(43)) - raft.server.rpc.timeout.min = 5s (custom)
2019-09-26 16:53:51,431 [pool-37-thread-1] INFO  server.RaftServerConfigKeys (ConfUtils.java:logGet(43)) - raft.server.rpc.timeout.max = 5200ms (custom)
2019-09-26 16:53:51,431 [pool-37-thread-1] INFO  server.RaftServerConfigKeys (ConfUtils.java:logGet(43)) - raft.server.rpcslowness.timeout = 120s (custom)
2019-09-26 16:53:51,431 [pool-37-thread-1] INFO  server.RaftServerConfigKeys (ConfUtils.java:logGet(43)) - raft.server.sleep.deviation.threshold = 300 (default)
2019-09-26 16:53:51,432 [pool-37-thread-1] INFO  server.RaftServerConfigKeys (ConfUtils.java:logGet(43)) - raft.server.log.appender.install.snapshot.enabled = false (custom)
2019-09-26 16:53:51,432 [pool-37-thread-1] INFO  impl.RaftServerImpl (ServerState.java:<init>(103)) - 7fda706b-4e23-4e10-baba-12810c05fbbb@group-E1E97D17327F: ConfigurationManager, init=-1: [7fda706b-4e23-4e10-baba-12810c05fbbb:192.168.151.99:32897], old=null, confs=<EMPTY_MAP>
2019-09-26 16:53:51,432 [pool-37-thread-1] INFO  server.RaftServerConfigKeys (ConfUtils.java:logGet(43)) - raft.server.storage.dir = [/workdir/hadoop-ozone/integration-test/target/test-dir/MiniOzoneClusterImpl-fdc3d401-fab1-4968-a84f-12bf762e2bbf/datanode-1/data/ratis] (custom)
2019-09-26 16:53:51,433 [pool-37-thread-1] INFO  storage.RaftStorageDirectory (RaftStorageDirectory.java:analyzeStorage(246)) - The storage directory /workdir/hadoop-ozone/integration-test/target/test-dir/MiniOzoneClusterImpl-fdc3d401-fab1-4968-a84f-12bf762e2bbf/datanode-1/data/ratis/c4d8e9e4-85eb-4a4b-a668-e1e97d17327f does not exist. Creating ...
2019-09-26 16:53:51,458 [pool-37-thread-1] INFO  storage.RaftStorageDirectory (RaftStorageDirectory.java:tryLock(328)) - Lock on /workdir/hadoop-ozone/integration-test/target/test-dir/MiniOzoneClusterImpl-fdc3d401-fab1-4968-a84f-12bf762e2bbf/datanode-1/data/ratis/c4d8e9e4-85eb-4a4b-a668-e1e97d17327f/in_use.lock acquired by nodename 15096@pr-hdds-1569-g6sp5-2013761785
2019-09-26 16:53:51,472 [pool-37-thread-1] INFO  storage.RaftStorage (RaftStorage.java:format(72)) - Storage directory /workdir/hadoop-ozone/integration-test/target/test-dir/MiniOzoneClusterImpl-fdc3d401-fab1-4968-a84f-12bf762e2bbf/datanode-1/data/ratis/c4d8e9e4-85eb-4a4b-a668-e1e97d17327f has been successfully formatted.
2019-09-26 16:53:51,472 [pool-37-thread-1] INFO  ratis.ContainerStateMachine (ContainerStateMachine.java:loadSnapshot(230)) - group-E1E97D17327F: The snapshot info is null. Setting the last applied indexto:(t:0, i:~)
2019-09-26 16:53:51,472 [pool-37-thread-1] INFO  server.RaftServerConfigKeys (ConfUtils.java:logGet(43)) - raft.server.notification.no-leader.timeout = 120s (custom)
2019-09-26 16:53:51,472 [pool-37-thread-1] INFO  server.RaftServerConfigKeys (ConfUtils.java:logGet(43)) - raft.server.log.use.memory = false (default)
2019-09-26 16:53:51,473 [pool-37-thread-1] INFO  server.RaftServerConfigKeys (ConfUtils.java:logGet(43)) - raft.server.log.purge.gap = 1000000 (custom)
2019-09-26 16:53:51,473 [pool-37-thread-1] INFO  server.RaftServerConfigKeys (ConfUtils.java:logGet(43)) - raft.server.log.appender.buffer.byte-limit = 33554432 (custom)
2019-09-26 16:53:51,473 [pool-37-thread-1] INFO  server.RaftServerConfigKeys (ConfUtils.java:logGet(43)) - raft.server.log.segment.size.max = 1048576 (custom)
2019-09-26 16:53:51,480 [pool-37-thread-1] INFO  server.RaftServerConfigKeys (ConfUtils.java:logGet(43)) - raft.server.log.segment.cache.num.max = 2 (custom)
2019-09-26 16:53:51,486 [pool-37-thread-1] INFO  segmented.SegmentedRaftLogWorker (SegmentedRaftLogWorker.java:<init>(172)) - new 7fda706b-4e23-4e10-baba-12810c05fbbb@group-E1E97D17327F-SegmentedRaftLogWorker for RaftStorage:Storage Directory /workdir/hadoop-ozone/integration-test/target/test-dir/MiniOzoneClusterImpl-fdc3d401-fab1-4968-a84f-12bf762e2bbf/datanode-1/data/ratis/c4d8e9e4-85eb-4a4b-a668-e1e97d17327f
2019-09-26 16:53:51,486 [pool-37-thread-1] INFO  server.RaftServerConfigKeys (ConfUtils.java:logGet(43)) - raft.server.log.queue.byte-limit = 2147483647 (custom)
2019-09-26 16:53:51,486 [pool-37-thread-1] INFO  server.RaftServerConfigKeys (ConfUtils.java:logGet(43)) - raft.server.log.queue.element-limit = 1024 (custom)
2019-09-26 16:53:51,487 [pool-37-thread-1] INFO  server.RaftServerConfigKeys (ConfUtils.java:logGet(43)) - raft.server.log.segment.size.max = 1048576 (custom)
2019-09-26 16:53:51,487 [pool-37-thread-1] INFO  server.RaftServerConfigKeys (ConfUtils.java:logGet(43)) - raft.server.log.preallocated.size = 16384 (custom)
2019-09-26 16:53:51,487 [pool-37-thread-1] INFO  server.RaftServerConfigKeys (ConfUtils.java:logGet(43)) - raft.server.log.write.buffer.size = 33554432 (custom)
2019-09-26 16:53:51,487 [pool-37-thread-1] INFO  server.RaftServerConfigKeys (ConfUtils.java:logGet(43)) - raft.server.log.force.sync.num = 128 (default)
2019-09-26 16:53:51,487 [pool-37-thread-1] INFO  server.RaftServerConfigKeys (ConfUtils.java:logGet(43)) - raft.server.log.statemachine.data.sync = true (default)
2019-09-26 16:53:51,487 [pool-37-thread-1] INFO  server.RaftServerConfigKeys (ConfUtils.java:logGet(43)) - raft.server.log.statemachine.data.sync.timeout = 10s (default)
2019-09-26 16:53:51,488 [pool-37-thread-1] INFO  server.RaftServerConfigKeys (ConfUtils.java:logGet(43)) - raft.server.log.statemachine.data.sync.timeout.retry = -1 (default)
2019-09-26 16:53:51,488 [pool-37-thread-1] INFO  server.RaftServerConfigKeys (ConfUtils.java:logGet(43)) - raft.server.log.statemachine.data.caching.enabled = true (custom)
2019-09-26 16:53:51,488 [pool-37-thread-1] INFO  segmented.SegmentedRaftLogWorker (SegmentedRaftLogWorker.java:lambda$new$0(132)) - 7fda706b-4e23-4e10-baba-12810c05fbbb@group-E1E97D17327F-SegmentedRaftLogWorker: flushIndex: setUnconditionally 0 -> -1
2019-09-26 16:53:51,489 [pool-37-thread-1] INFO  server.RaftServerConfigKeys (ConfUtils.java:logGet(43)) - raft.server.snapshot.auto.trigger.enabled = true (custom)
2019-09-26 16:53:51,489 [pool-37-thread-1] INFO  server.RaftServerConfigKeys (ConfUtils.java:logGet(43)) - raft.server.snapshot.auto.trigger.threshold = 10000 (custom)
2019-09-26 16:53:51,489 [pool-37-thread-1] INFO  server.RaftServerConfigKeys (ConfUtils.java:logGet(43)) - raft.server.snapshot.retention.num.files = 5 (custom)
2019-09-26 16:53:51,489 [pool-37-thread-1] INFO  server.RaftServerConfigKeys (ConfUtils.java:logGet(43)) - raft.server.retrycache.expirytime = 600000ms (custom)
2019-09-26 16:53:51,492 [pool-37-thread-1] INFO  impl.RaftServerImpl (RaftServerImpl.java:start(185)) - 7fda706b-4e23-4e10-baba-12810c05fbbb@group-E1E97D17327F: start as a follower, conf=-1: [7fda706b-4e23-4e10-baba-12810c05fbbb:192.168.151.99:32897], old=null
2019-09-26 16:53:51,492 [pool-37-thread-1] INFO  impl.RaftServerImpl (RaftServerImpl.java:setRole(174)) - 7fda706b-4e23-4e10-baba-12810c05fbbb@group-E1E97D17327F: changes role from      null to FOLLOWER at term 0 for startAsFollower
2019-09-26 16:53:51,492 [pool-37-thread-1] INFO  impl.RoleInfo (RoleInfo.java:updateAndGet(143)) - 7fda706b-4e23-4e10-baba-12810c05fbbb: start FollowerState
2019-09-26 16:53:51,498 [pool-37-thread-1] INFO  util.JmxRegister (JmxRegister.java:tryRegister(44)) - Successfully registered JMX Bean with object name Ratis:service=RaftServer,group=group-E1E97D17327F,id=7fda706b-4e23-4e10-baba-12810c05fbbb
2019-09-26 16:53:51,512 [RatisPipelineUtilsThread] INFO  pipeline.PipelineStateManager (PipelineStateManager.java:addPipeline(56)) - Created pipeline Pipeline[ Id: c4d8e9e4-85eb-4a4b-a668-e1e97d17327f, Nodes: 7fda706b-4e23-4e10-baba-12810c05fbbb{ip: 192.168.151.99, host: pr-hdds-1569-g6sp5-2013761785, networkLocation: /default-rack, certSerialId: null}, Type:RATIS, Factor:ONE, State:OPEN]
2019-09-26 16:53:51,519 [grpc-default-executor-1] INFO  impl.RaftServerProxy (RaftServerProxy.java:addNew(89)) - 579334d3-7c10-42f4-b10c-e6c2267ece25: addNew group-44EADBEF7013:[579334d3-7c10-42f4-b10c-e6c2267ece25:192.168.151.99:34131] returns group-44EADBEF7013:java.util.concurrent.CompletableFuture@7308aee8[Not completed]
2019-09-26 16:53:51,520 [pool-47-thread-1] INFO  impl.RaftServerImpl (RaftServerImpl.java:<init>(95)) - 579334d3-7c10-42f4-b10c-e6c2267ece25: new RaftServerImpl for group-44EADBEF7013:[579334d3-7c10-42f4-b10c-e6c2267ece25:192.168.151.99:34131] with ContainerStateMachine:uninitialized
2019-09-26 16:53:51,520 [pool-47-thread-1] INFO  server.RaftServerConfigKeys (ConfUtils.java:logGet(43)) - raft.server.rpc.timeout.min = 5s (custom)
2019-09-26 16:53:51,520 [pool-47-thread-1] INFO  server.RaftServerConfigKeys (ConfUtils.java:logGet(43)) - raft.server.rpc.timeout.max = 5200ms (custom)
2019-09-26 16:53:51,521 [pool-47-thread-1] INFO  server.RaftServerConfigKeys (ConfUtils.java:logGet(43)) - raft.server.rpcslowness.timeout = 120s (custom)
2019-09-26 16:53:51,521 [pool-47-thread-1] INFO  server.RaftServerConfigKeys (ConfUtils.java:logGet(43)) - raft.server.sleep.deviation.threshold = 300 (default)
2019-09-26 16:53:51,521 [pool-47-thread-1] INFO  server.RaftServerConfigKeys (ConfUtils.java:logGet(43)) - raft.server.log.appender.install.snapshot.enabled = false (custom)
2019-09-26 16:53:51,521 [pool-47-thread-1] INFO  impl.RaftServerImpl (ServerState.java:<init>(103)) - 579334d3-7c10-42f4-b10c-e6c2267ece25@group-44EADBEF7013: ConfigurationManager, init=-1: [579334d3-7c10-42f4-b10c-e6c2267ece25:192.168.151.99:34131], old=null, confs=<EMPTY_MAP>
2019-09-26 16:53:51,521 [pool-47-thread-1] INFO  server.RaftServerConfigKeys (ConfUtils.java:logGet(43)) - raft.server.storage.dir = [/workdir/hadoop-ozone/integration-test/target/test-dir/MiniOzoneClusterImpl-fdc3d401-fab1-4968-a84f-12bf762e2bbf/datanode-2/data/ratis] (custom)
2019-09-26 16:53:51,522 [pool-47-thread-1] INFO  storage.RaftStorageDirectory (RaftStorageDirectory.java:analyzeStorage(246)) - The storage directory /workdir/hadoop-ozone/integration-test/target/test-dir/MiniOzoneClusterImpl-fdc3d401-fab1-4968-a84f-12bf762e2bbf/datanode-2/data/ratis/dcdf4fe3-3e53-4c51-a23e-44eadbef7013 does not exist. Creating ...
2019-09-26 16:53:51,534 [pool-47-thread-1] INFO  storage.RaftStorageDirectory (RaftStorageDirectory.java:tryLock(328)) - Lock on /workdir/hadoop-ozone/integration-test/target/test-dir/MiniOzoneClusterImpl-fdc3d401-fab1-4968-a84f-12bf762e2bbf/datanode-2/data/ratis/dcdf4fe3-3e53-4c51-a23e-44eadbef7013/in_use.lock acquired by nodename 15096@pr-hdds-1569-g6sp5-2013761785
2019-09-26 16:53:51,547 [pool-47-thread-1] INFO  storage.RaftStorage (RaftStorage.java:format(72)) - Storage directory /workdir/hadoop-ozone/integration-test/target/test-dir/MiniOzoneClusterImpl-fdc3d401-fab1-4968-a84f-12bf762e2bbf/datanode-2/data/ratis/dcdf4fe3-3e53-4c51-a23e-44eadbef7013 has been successfully formatted.
2019-09-26 16:53:51,548 [pool-47-thread-1] INFO  ratis.ContainerStateMachine (ContainerStateMachine.java:loadSnapshot(230)) - group-44EADBEF7013: The snapshot info is null. Setting the last applied indexto:(t:0, i:~)
2019-09-26 16:53:51,548 [pool-47-thread-1] INFO  server.RaftServerConfigKeys (ConfUtils.java:logGet(43)) - raft.server.notification.no-leader.timeout = 120s (custom)
2019-09-26 16:53:51,548 [pool-47-thread-1] INFO  server.RaftServerConfigKeys (ConfUtils.java:logGet(43)) - raft.server.log.use.memory = false (default)
2019-09-26 16:53:51,548 [pool-47-thread-1] INFO  server.RaftServerConfigKeys (ConfUtils.java:logGet(43)) - raft.server.log.purge.gap = 1000000 (custom)
2019-09-26 16:53:51,548 [pool-47-thread-1] INFO  server.RaftServerConfigKeys (ConfUtils.java:logGet(43)) - raft.server.log.appender.buffer.byte-limit = 33554432 (custom)
2019-09-26 16:53:51,548 [pool-47-thread-1] INFO  server.RaftServerConfigKeys (ConfUtils.java:logGet(43)) - raft.server.log.segment.size.max = 1048576 (custom)
2019-09-26 16:53:51,549 [pool-47-thread-1] INFO  server.RaftServerConfigKeys (ConfUtils.java:logGet(43)) - raft.server.log.segment.cache.num.max = 2 (custom)
2019-09-26 16:53:51,549 [pool-47-thread-1] INFO  segmented.SegmentedRaftLogWorker (SegmentedRaftLogWorker.java:<init>(172)) - new 579334d3-7c10-42f4-b10c-e6c2267ece25@group-44EADBEF7013-SegmentedRaftLogWorker for RaftStorage:Storage Directory /workdir/hadoop-ozone/integration-test/target/test-dir/MiniOzoneClusterImpl-fdc3d401-fab1-4968-a84f-12bf762e2bbf/datanode-2/data/ratis/dcdf4fe3-3e53-4c51-a23e-44eadbef7013
2019-09-26 16:53:51,549 [pool-47-thread-1] INFO  server.RaftServerConfigKeys (ConfUtils.java:logGet(43)) - raft.server.log.queue.byte-limit = 2147483647 (custom)
2019-09-26 16:53:51,549 [pool-47-thread-1] INFO  server.RaftServerConfigKeys (ConfUtils.java:logGet(43)) - raft.server.log.queue.element-limit = 1024 (custom)
2019-09-26 16:53:51,549 [pool-47-thread-1] INFO  server.RaftServerConfigKeys (ConfUtils.java:logGet(43)) - raft.server.log.segment.size.max = 1048576 (custom)
2019-09-26 16:53:51,549 [pool-47-thread-1] INFO  server.RaftServerConfigKeys (ConfUtils.java:logGet(43)) - raft.server.log.preallocated.size = 16384 (custom)
2019-09-26 16:53:51,550 [pool-47-thread-1] INFO  server.RaftServerConfigKeys (ConfUtils.java:logGet(43)) - raft.server.log.write.buffer.size = 33554432 (custom)
2019-09-26 16:53:51,550 [pool-47-thread-1] INFO  server.RaftServerConfigKeys (ConfUtils.java:logGet(43)) - raft.server.log.force.sync.num = 128 (default)
2019-09-26 16:53:51,550 [pool-47-thread-1] INFO  server.RaftServerConfigKeys (ConfUtils.java:logGet(43)) - raft.server.log.statemachine.data.sync = true (default)
2019-09-26 16:53:51,550 [pool-47-thread-1] INFO  server.RaftServerConfigKeys (ConfUtils.java:logGet(43)) - raft.server.log.statemachine.data.sync.timeout = 10s (default)
2019-09-26 16:53:51,550 [pool-47-thread-1] INFO  server.RaftServerConfigKeys (ConfUtils.java:logGet(43)) - raft.server.log.statemachine.data.sync.timeout.retry = -1 (default)
2019-09-26 16:53:51,550 [pool-47-thread-1] INFO  server.RaftServerConfigKeys (ConfUtils.java:logGet(43)) - raft.server.log.statemachine.data.caching.enabled = true (custom)
2019-09-26 16:53:51,551 [pool-47-thread-1] INFO  segmented.SegmentedRaftLogWorker (SegmentedRaftLogWorker.java:lambda$new$0(132)) - 579334d3-7c10-42f4-b10c-e6c2267ece25@group-44EADBEF7013-SegmentedRaftLogWorker: flushIndex: setUnconditionally 0 -> -1
2019-09-26 16:53:51,551 [pool-47-thread-1] INFO  server.RaftServerConfigKeys (ConfUtils.java:logGet(43)) - raft.server.snapshot.auto.trigger.enabled = true (custom)
2019-09-26 16:53:51,551 [pool-47-thread-1] INFO  server.RaftServerConfigKeys (ConfUtils.java:logGet(43)) - raft.server.snapshot.auto.trigger.threshold = 10000 (custom)
2019-09-26 16:53:51,551 [pool-47-thread-1] INFO  server.RaftServerConfigKeys (ConfUtils.java:logGet(43)) - raft.server.snapshot.retention.num.files = 5 (custom)
2019-09-26 16:53:51,551 [pool-47-thread-1] INFO  server.RaftServerConfigKeys (ConfUtils.java:logGet(43)) - raft.server.retrycache.expirytime = 600000ms (custom)
2019-09-26 16:53:51,554 [pool-47-thread-1] INFO  impl.RaftServerImpl (RaftServerImpl.java:start(185)) - 579334d3-7c10-42f4-b10c-e6c2267ece25@group-44EADBEF7013: start as a follower, conf=-1: [579334d3-7c10-42f4-b10c-e6c2267ece25:192.168.151.99:34131], old=null
2019-09-26 16:53:51,555 [pool-47-thread-1] INFO  impl.RaftServerImpl (RaftServerImpl.java:setRole(174)) - 579334d3-7c10-42f4-b10c-e6c2267ece25@group-44EADBEF7013: changes role from      null to FOLLOWER at term 0 for startAsFollower
2019-09-26 16:53:51,555 [pool-47-thread-1] INFO  impl.RoleInfo (RoleInfo.java:updateAndGet(143)) - 579334d3-7c10-42f4-b10c-e6c2267ece25: start FollowerState
2019-09-26 16:53:51,555 [pool-47-thread-1] INFO  util.JmxRegister (JmxRegister.java:tryRegister(44)) - Successfully registered JMX Bean with object name Ratis:service=RaftServer,group=group-44EADBEF7013,id=579334d3-7c10-42f4-b10c-e6c2267ece25
2019-09-26 16:53:51,559 [RatisPipelineUtilsThread] INFO  pipeline.PipelineStateManager (PipelineStateManager.java:addPipeline(56)) - Created pipeline Pipeline[ Id: dcdf4fe3-3e53-4c51-a23e-44eadbef7013, Nodes: 579334d3-7c10-42f4-b10c-e6c2267ece25{ip: 192.168.151.99, host: pr-hdds-1569-g6sp5-2013761785, networkLocation: /default-rack, certSerialId: null}, Type:RATIS, Factor:ONE, State:OPEN]
2019-09-26 16:53:51,565 [grpc-default-executor-1] INFO  impl.RaftServerProxy (RaftServerProxy.java:addNew(89)) - 4a469c34-60df-4173-8d32-715e2ce97f5d: addNew group-3D52355C9F1F:[4a469c34-60df-4173-8d32-715e2ce97f5d:192.168.151.99:42442] returns group-3D52355C9F1F:java.util.concurrent.CompletableFuture@b4d7723[Not completed]
2019-09-26 16:53:51,566 [pool-87-thread-1] INFO  impl.RaftServerImpl (RaftServerImpl.java:<init>(95)) - 4a469c34-60df-4173-8d32-715e2ce97f5d: new RaftServerImpl for group-3D52355C9F1F:[4a469c34-60df-4173-8d32-715e2ce97f5d:192.168.151.99:42442] with ContainerStateMachine:uninitialized
2019-09-26 16:53:51,566 [pool-87-thread-1] INFO  server.RaftServerConfigKeys (ConfUtils.java:logGet(43)) - raft.server.rpc.timeout.min = 5s (custom)
2019-09-26 16:53:51,566 [pool-87-thread-1] INFO  server.RaftServerConfigKeys (ConfUtils.java:logGet(43)) - raft.server.rpc.timeout.max = 5200ms (custom)
2019-09-26 16:53:51,566 [pool-87-thread-1] INFO  server.RaftServerConfigKeys (ConfUtils.java:logGet(43)) - raft.server.rpcslowness.timeout = 120s (custom)
2019-09-26 16:53:51,567 [pool-87-thread-1] INFO  server.RaftServerConfigKeys (ConfUtils.java:logGet(43)) - raft.server.sleep.deviation.threshold = 300 (default)
2019-09-26 16:53:51,567 [pool-87-thread-1] INFO  server.RaftServerConfigKeys (ConfUtils.java:logGet(43)) - raft.server.log.appender.install.snapshot.enabled = false (custom)
2019-09-26 16:53:51,567 [pool-87-thread-1] INFO  impl.RaftServerImpl (ServerState.java:<init>(103)) - 4a469c34-60df-4173-8d32-715e2ce97f5d@group-3D52355C9F1F: ConfigurationManager, init=-1: [4a469c34-60df-4173-8d32-715e2ce97f5d:192.168.151.99:42442], old=null, confs=<EMPTY_MAP>
2019-09-26 16:53:51,567 [pool-87-thread-1] INFO  server.RaftServerConfigKeys (ConfUtils.java:logGet(43)) - raft.server.storage.dir = [/workdir/hadoop-ozone/integration-test/target/test-dir/MiniOzoneClusterImpl-fdc3d401-fab1-4968-a84f-12bf762e2bbf/datanode-6/data/ratis] (custom)
2019-09-26 16:53:51,567 [pool-87-thread-1] INFO  storage.RaftStorageDirectory (RaftStorageDirectory.java:analyzeStorage(246)) - The storage directory /workdir/hadoop-ozone/integration-test/target/test-dir/MiniOzoneClusterImpl-fdc3d401-fab1-4968-a84f-12bf762e2bbf/datanode-6/data/ratis/11a0fb06-0574-4e3d-bd3a-3d52355c9f1f does not exist. Creating ...
2019-09-26 16:53:51,580 [pool-87-thread-1] INFO  storage.RaftStorageDirectory (RaftStorageDirectory.java:tryLock(328)) - Lock on /workdir/hadoop-ozone/integration-test/target/test-dir/MiniOzoneClusterImpl-fdc3d401-fab1-4968-a84f-12bf762e2bbf/datanode-6/data/ratis/11a0fb06-0574-4e3d-bd3a-3d52355c9f1f/in_use.lock acquired by nodename 15096@pr-hdds-1569-g6sp5-2013761785
2019-09-26 16:53:51,594 [pool-87-thread-1] INFO  storage.RaftStorage (RaftStorage.java:format(72)) - Storage directory /workdir/hadoop-ozone/integration-test/target/test-dir/MiniOzoneClusterImpl-fdc3d401-fab1-4968-a84f-12bf762e2bbf/datanode-6/data/ratis/11a0fb06-0574-4e3d-bd3a-3d52355c9f1f has been successfully formatted.
2019-09-26 16:53:51,594 [pool-87-thread-1] INFO  ratis.ContainerStateMachine (ContainerStateMachine.java:loadSnapshot(230)) - group-3D52355C9F1F: The snapshot info is null. Setting the last applied indexto:(t:0, i:~)
2019-09-26 16:53:51,594 [pool-87-thread-1] INFO  server.RaftServerConfigKeys (ConfUtils.java:logGet(43)) - raft.server.notification.no-leader.timeout = 120s (custom)
2019-09-26 16:53:51,594 [pool-87-thread-1] INFO  server.RaftServerConfigKeys (ConfUtils.java:logGet(43)) - raft.server.log.use.memory = false (default)
2019-09-26 16:53:51,594 [pool-87-thread-1] INFO  server.RaftServerConfigKeys (ConfUtils.java:logGet(43)) - raft.server.log.purge.gap = 1000000 (custom)
2019-09-26 16:53:51,595 [pool-87-thread-1] INFO  server.RaftServerConfigKeys (ConfUtils.java:logGet(43)) - raft.server.log.appender.buffer.byte-limit = 33554432 (custom)
2019-09-26 16:53:51,595 [pool-87-thread-1] INFO  server.RaftServerConfigKeys (ConfUtils.java:logGet(43)) - raft.server.log.segment.size.max = 1048576 (custom)
2019-09-26 16:53:51,595 [pool-87-thread-1] INFO  server.RaftServerConfigKeys (ConfUtils.java:logGet(43)) - raft.server.log.segment.cache.num.max = 2 (custom)
2019-09-26 16:53:51,595 [pool-87-thread-1] INFO  segmented.SegmentedRaftLogWorker (SegmentedRaftLogWorker.java:<init>(172)) - new 4a469c34-60df-4173-8d32-715e2ce97f5d@group-3D52355C9F1F-SegmentedRaftLogWorker for RaftStorage:Storage Directory /workdir/hadoop-ozone/integration-test/target/test-dir/MiniOzoneClusterImpl-fdc3d401-fab1-4968-a84f-12bf762e2bbf/datanode-6/data/ratis/11a0fb06-0574-4e3d-bd3a-3d52355c9f1f
2019-09-26 16:53:51,595 [pool-87-thread-1] INFO  server.RaftServerConfigKeys (ConfUtils.java:logGet(43)) - raft.server.log.queue.byte-limit = 2147483647 (custom)
2019-09-26 16:53:51,595 [pool-87-thread-1] INFO  server.RaftServerConfigKeys (ConfUtils.java:logGet(43)) - raft.server.log.queue.element-limit = 1024 (custom)
2019-09-26 16:53:51,595 [pool-87-thread-1] INFO  server.RaftServerConfigKeys (ConfUtils.java:logGet(43)) - raft.server.log.segment.size.max = 1048576 (custom)
2019-09-26 16:53:51,595 [pool-87-thread-1] INFO  server.RaftServerConfigKeys (ConfUtils.java:logGet(43)) - raft.server.log.preallocated.size = 16384 (custom)
2019-09-26 16:53:51,596 [pool-87-thread-1] INFO  server.RaftServerConfigKeys (ConfUtils.java:logGet(43)) - raft.server.log.write.buffer.size = 33554432 (custom)
2019-09-26 16:53:51,596 [pool-87-thread-1] INFO  server.RaftServerConfigKeys (ConfUtils.java:logGet(43)) - raft.server.log.force.sync.num = 128 (default)
2019-09-26 16:53:51,596 [pool-87-thread-1] INFO  server.RaftServerConfigKeys (ConfUtils.java:logGet(43)) - raft.server.log.statemachine.data.sync = true (default)
2019-09-26 16:53:51,596 [pool-87-thread-1] INFO  server.RaftServerConfigKeys (ConfUtils.java:logGet(43)) - raft.server.log.statemachine.data.sync.timeout = 10s (default)
2019-09-26 16:53:51,596 [pool-87-thread-1] INFO  server.RaftServerConfigKeys (ConfUtils.java:logGet(43)) - raft.server.log.statemachine.data.sync.timeout.retry = -1 (default)
2019-09-26 16:53:51,596 [pool-87-thread-1] INFO  server.RaftServerConfigKeys (ConfUtils.java:logGet(43)) - raft.server.log.statemachine.data.caching.enabled = true (custom)
2019-09-26 16:53:51,597 [pool-87-thread-1] INFO  segmented.SegmentedRaftLogWorker (SegmentedRaftLogWorker.java:lambda$new$0(132)) - 4a469c34-60df-4173-8d32-715e2ce97f5d@group-3D52355C9F1F-SegmentedRaftLogWorker: flushIndex: setUnconditionally 0 -> -1
2019-09-26 16:53:51,597 [pool-87-thread-1] INFO  server.RaftServerConfigKeys (ConfUtils.java:logGet(43)) - raft.server.snapshot.auto.trigger.enabled = true (custom)
2019-09-26 16:53:51,597 [pool-87-thread-1] INFO  server.RaftServerConfigKeys (ConfUtils.java:logGet(43)) - raft.server.snapshot.auto.trigger.threshold = 10000 (custom)
2019-09-26 16:53:51,597 [pool-87-thread-1] INFO  server.RaftServerConfigKeys (ConfUtils.java:logGet(43)) - raft.server.snapshot.retention.num.files = 5 (custom)
2019-09-26 16:53:51,597 [pool-87-thread-1] INFO  server.RaftServerConfigKeys (ConfUtils.java:logGet(43)) - raft.server.retrycache.expirytime = 600000ms (custom)
2019-09-26 16:53:51,600 [pool-87-thread-1] INFO  impl.RaftServerImpl (RaftServerImpl.java:start(185)) - 4a469c34-60df-4173-8d32-715e2ce97f5d@group-3D52355C9F1F: start as a follower, conf=-1: [4a469c34-60df-4173-8d32-715e2ce97f5d:192.168.151.99:42442], old=null
2019-09-26 16:53:51,600 [pool-87-thread-1] INFO  impl.RaftServerImpl (RaftServerImpl.java:setRole(174)) - 4a469c34-60df-4173-8d32-715e2ce97f5d@group-3D52355C9F1F: changes role from      null to FOLLOWER at term 0 for startAsFollower
2019-09-26 16:53:51,600 [pool-87-thread-1] INFO  impl.RoleInfo (RoleInfo.java:updateAndGet(143)) - 4a469c34-60df-4173-8d32-715e2ce97f5d: start FollowerState
2019-09-26 16:53:51,600 [pool-87-thread-1] INFO  util.JmxRegister (JmxRegister.java:tryRegister(44)) - Successfully registered JMX Bean with object name Ratis:service=RaftServer,group=group-3D52355C9F1F,id=4a469c34-60df-4173-8d32-715e2ce97f5d
2019-09-26 16:53:51,603 [RatisPipelineUtilsThread] INFO  pipeline.PipelineStateManager (PipelineStateManager.java:addPipeline(56)) - Created pipeline Pipeline[ Id: 11a0fb06-0574-4e3d-bd3a-3d52355c9f1f, Nodes: 4a469c34-60df-4173-8d32-715e2ce97f5d{ip: 192.168.151.99, host: pr-hdds-1569-g6sp5-2013761785, networkLocation: /default-rack, certSerialId: null}, Type:RATIS, Factor:ONE, State:OPEN]
2019-09-26 16:53:51,610 [grpc-default-executor-1] INFO  impl.RaftServerProxy (RaftServerProxy.java:addNew(89)) - d17cca1b-2e6b-48b2-8b1c-3559490fa529: addNew group-8DE465752D51:[d17cca1b-2e6b-48b2-8b1c-3559490fa529:192.168.151.99:40714] returns group-8DE465752D51:java.util.concurrent.CompletableFuture@336b1362[Not completed]
2019-09-26 16:53:51,611 [pool-77-thread-1] INFO  impl.RaftServerImpl (RaftServerImpl.java:<init>(95)) - d17cca1b-2e6b-48b2-8b1c-3559490fa529: new RaftServerImpl for group-8DE465752D51:[d17cca1b-2e6b-48b2-8b1c-3559490fa529:192.168.151.99:40714] with ContainerStateMachine:uninitialized
2019-09-26 16:53:51,611 [pool-77-thread-1] INFO  server.RaftServerConfigKeys (ConfUtils.java:logGet(43)) - raft.server.rpc.timeout.min = 5s (custom)
2019-09-26 16:53:51,612 [pool-77-thread-1] INFO  server.RaftServerConfigKeys (ConfUtils.java:logGet(43)) - raft.server.rpc.timeout.max = 5200ms (custom)
2019-09-26 16:53:51,612 [pool-77-thread-1] INFO  server.RaftServerConfigKeys (ConfUtils.java:logGet(43)) - raft.server.rpcslowness.timeout = 120s (custom)
2019-09-26 16:53:51,612 [pool-77-thread-1] INFO  server.RaftServerConfigKeys (ConfUtils.java:logGet(43)) - raft.server.sleep.deviation.threshold = 300 (default)
2019-09-26 16:53:51,612 [pool-77-thread-1] INFO  server.RaftServerConfigKeys (ConfUtils.java:logGet(43)) - raft.server.log.appender.install.snapshot.enabled = false (custom)
2019-09-26 16:53:51,612 [pool-77-thread-1] INFO  impl.RaftServerImpl (ServerState.java:<init>(103)) - d17cca1b-2e6b-48b2-8b1c-3559490fa529@group-8DE465752D51: ConfigurationManager, init=-1: [d17cca1b-2e6b-48b2-8b1c-3559490fa529:192.168.151.99:40714], old=null, confs=<EMPTY_MAP>
2019-09-26 16:53:51,612 [pool-77-thread-1] INFO  server.RaftServerConfigKeys (ConfUtils.java:logGet(43)) - raft.server.storage.dir = [/workdir/hadoop-ozone/integration-test/target/test-dir/MiniOzoneClusterImpl-fdc3d401-fab1-4968-a84f-12bf762e2bbf/datanode-5/data/ratis] (custom)
2019-09-26 16:53:51,613 [pool-77-thread-1] INFO  storage.RaftStorageDirectory (RaftStorageDirectory.java:analyzeStorage(246)) - The storage directory /workdir/hadoop-ozone/integration-test/target/test-dir/MiniOzoneClusterImpl-fdc3d401-fab1-4968-a84f-12bf762e2bbf/datanode-5/data/ratis/d7efa102-31fa-4da0-9a4a-8de465752d51 does not exist. Creating ...
2019-09-26 16:53:51,619 [pool-77-thread-1] INFO  storage.RaftStorageDirectory (RaftStorageDirectory.java:tryLock(328)) - Lock on /workdir/hadoop-ozone/integration-test/target/test-dir/MiniOzoneClusterImpl-fdc3d401-fab1-4968-a84f-12bf762e2bbf/datanode-5/data/ratis/d7efa102-31fa-4da0-9a4a-8de465752d51/in_use.lock acquired by nodename 15096@pr-hdds-1569-g6sp5-2013761785
2019-09-26 16:53:51,659 [pool-77-thread-1] INFO  storage.RaftStorage (RaftStorage.java:format(72)) - Storage directory /workdir/hadoop-ozone/integration-test/target/test-dir/MiniOzoneClusterImpl-fdc3d401-fab1-4968-a84f-12bf762e2bbf/datanode-5/data/ratis/d7efa102-31fa-4da0-9a4a-8de465752d51 has been successfully formatted.
2019-09-26 16:53:51,659 [pool-77-thread-1] INFO  ratis.ContainerStateMachine (ContainerStateMachine.java:loadSnapshot(230)) - group-8DE465752D51: The snapshot info is null. Setting the last applied indexto:(t:0, i:~)
2019-09-26 16:53:51,660 [pool-77-thread-1] INFO  server.RaftServerConfigKeys (ConfUtils.java:logGet(43)) - raft.server.notification.no-leader.timeout = 120s (custom)
2019-09-26 16:53:51,660 [pool-77-thread-1] INFO  server.RaftServerConfigKeys (ConfUtils.java:logGet(43)) - raft.server.log.use.memory = false (default)
2019-09-26 16:53:51,660 [pool-77-thread-1] INFO  server.RaftServerConfigKeys (ConfUtils.java:logGet(43)) - raft.server.log.purge.gap = 1000000 (custom)
2019-09-26 16:53:51,660 [pool-77-thread-1] INFO  server.RaftServerConfigKeys (ConfUtils.java:logGet(43)) - raft.server.log.appender.buffer.byte-limit = 33554432 (custom)
2019-09-26 16:53:51,660 [pool-77-thread-1] INFO  server.RaftServerConfigKeys (ConfUtils.java:logGet(43)) - raft.server.log.segment.size.max = 1048576 (custom)
2019-09-26 16:53:51,660 [pool-77-thread-1] INFO  server.RaftServerConfigKeys (ConfUtils.java:logGet(43)) - raft.server.log.segment.cache.num.max = 2 (custom)
2019-09-26 16:53:51,661 [pool-77-thread-1] INFO  segmented.SegmentedRaftLogWorker (SegmentedRaftLogWorker.java:<init>(172)) - new d17cca1b-2e6b-48b2-8b1c-3559490fa529@group-8DE465752D51-SegmentedRaftLogWorker for RaftStorage:Storage Directory /workdir/hadoop-ozone/integration-test/target/test-dir/MiniOzoneClusterImpl-fdc3d401-fab1-4968-a84f-12bf762e2bbf/datanode-5/data/ratis/d7efa102-31fa-4da0-9a4a-8de465752d51
2019-09-26 16:53:51,661 [pool-77-thread-1] INFO  server.RaftServerConfigKeys (ConfUtils.java:logGet(43)) - raft.server.log.queue.byte-limit = 2147483647 (custom)
2019-09-26 16:53:51,661 [pool-77-thread-1] INFO  server.RaftServerConfigKeys (ConfUtils.java:logGet(43)) - raft.server.log.queue.element-limit = 1024 (custom)
2019-09-26 16:53:51,661 [pool-77-thread-1] INFO  server.RaftServerConfigKeys (ConfUtils.java:logGet(43)) - raft.server.log.segment.size.max = 1048576 (custom)
2019-09-26 16:53:51,661 [pool-77-thread-1] INFO  server.RaftServerConfigKeys (ConfUtils.java:logGet(43)) - raft.server.log.preallocated.size = 16384 (custom)
2019-09-26 16:53:51,662 [pool-77-thread-1] INFO  server.RaftServerConfigKeys (ConfUtils.java:logGet(43)) - raft.server.log.write.buffer.size = 33554432 (custom)
2019-09-26 16:53:51,662 [pool-77-thread-1] INFO  server.RaftServerConfigKeys (ConfUtils.java:logGet(43)) - raft.server.log.force.sync.num = 128 (default)
2019-09-26 16:53:51,662 [pool-77-thread-1] INFO  server.RaftServerConfigKeys (ConfUtils.java:logGet(43)) - raft.server.log.statemachine.data.sync = true (default)
2019-09-26 16:53:51,662 [pool-77-thread-1] INFO  server.RaftServerConfigKeys (ConfUtils.java:logGet(43)) - raft.server.log.statemachine.data.sync.timeout = 10s (default)
2019-09-26 16:53:51,662 [pool-77-thread-1] INFO  server.RaftServerConfigKeys (ConfUtils.java:logGet(43)) - raft.server.log.statemachine.data.sync.timeout.retry = -1 (default)
2019-09-26 16:53:51,663 [pool-77-thread-1] INFO  server.RaftServerConfigKeys (ConfUtils.java:logGet(43)) - raft.server.log.statemachine.data.caching.enabled = true (custom)
2019-09-26 16:53:51,663 [pool-77-thread-1] INFO  segmented.SegmentedRaftLogWorker (SegmentedRaftLogWorker.java:lambda$new$0(132)) - d17cca1b-2e6b-48b2-8b1c-3559490fa529@group-8DE465752D51-SegmentedRaftLogWorker: flushIndex: setUnconditionally 0 -> -1
2019-09-26 16:53:51,663 [pool-77-thread-1] INFO  server.RaftServerConfigKeys (ConfUtils.java:logGet(43)) - raft.server.snapshot.auto.trigger.enabled = true (custom)
2019-09-26 16:53:51,664 [pool-77-thread-1] INFO  server.RaftServerConfigKeys (ConfUtils.java:logGet(43)) - raft.server.snapshot.auto.trigger.threshold = 10000 (custom)
2019-09-26 16:53:51,664 [pool-77-thread-1] INFO  server.RaftServerConfigKeys (ConfUtils.java:logGet(43)) - raft.server.snapshot.retention.num.files = 5 (custom)
2019-09-26 16:53:51,664 [pool-77-thread-1] INFO  server.RaftServerConfigKeys (ConfUtils.java:logGet(43)) - raft.server.retrycache.expirytime = 600000ms (custom)
2019-09-26 16:53:51,667 [pool-77-thread-1] INFO  impl.RaftServerImpl (RaftServerImpl.java:start(185)) - d17cca1b-2e6b-48b2-8b1c-3559490fa529@group-8DE465752D51: start as a follower, conf=-1: [d17cca1b-2e6b-48b2-8b1c-3559490fa529:192.168.151.99:40714], old=null
2019-09-26 16:53:51,667 [pool-77-thread-1] INFO  impl.RaftServerImpl (RaftServerImpl.java:setRole(174)) - d17cca1b-2e6b-48b2-8b1c-3559490fa529@group-8DE465752D51: changes role from      null to FOLLOWER at term 0 for startAsFollower
2019-09-26 16:53:51,667 [pool-77-thread-1] INFO  impl.RoleInfo (RoleInfo.java:updateAndGet(143)) - d17cca1b-2e6b-48b2-8b1c-3559490fa529: start FollowerState
2019-09-26 16:53:51,668 [pool-77-thread-1] INFO  util.JmxRegister (JmxRegister.java:tryRegister(44)) - Successfully registered JMX Bean with object name Ratis:service=RaftServer,group=group-8DE465752D51,id=d17cca1b-2e6b-48b2-8b1c-3559490fa529
2019-09-26 16:53:51,671 [RatisPipelineUtilsThread] INFO  pipeline.PipelineStateManager (PipelineStateManager.java:addPipeline(56)) - Created pipeline Pipeline[ Id: d7efa102-31fa-4da0-9a4a-8de465752d51, Nodes: d17cca1b-2e6b-48b2-8b1c-3559490fa529{ip: 192.168.151.99, host: pr-hdds-1569-g6sp5-2013761785, networkLocation: /default-rack, certSerialId: null}, Type:RATIS, Factor:ONE, State:OPEN]
2019-09-26 16:53:51,677 [grpc-default-executor-1] INFO  impl.RaftServerProxy (RaftServerProxy.java:addNew(89)) - 579334d3-7c10-42f4-b10c-e6c2267ece25: addNew group-69E182C01D39:[579334d3-7c10-42f4-b10c-e6c2267ece25:192.168.151.99:34131] returns group-69E182C01D39:java.util.concurrent.CompletableFuture@10495f08[Not completed]
2019-09-26 16:53:51,679 [pool-47-thread-1] INFO  impl.RaftServerImpl (RaftServerImpl.java:<init>(95)) - 579334d3-7c10-42f4-b10c-e6c2267ece25: new RaftServerImpl for group-69E182C01D39:[579334d3-7c10-42f4-b10c-e6c2267ece25:192.168.151.99:34131] with ContainerStateMachine:uninitialized
2019-09-26 16:53:51,679 [pool-47-thread-1] INFO  server.RaftServerConfigKeys (ConfUtils.java:logGet(43)) - raft.server.rpc.timeout.min = 5s (custom)
2019-09-26 16:53:51,679 [pool-47-thread-1] INFO  server.RaftServerConfigKeys (ConfUtils.java:logGet(43)) - raft.server.rpc.timeout.max = 5200ms (custom)
2019-09-26 16:53:51,679 [pool-47-thread-1] INFO  server.RaftServerConfigKeys (ConfUtils.java:logGet(43)) - raft.server.rpcslowness.timeout = 120s (custom)
2019-09-26 16:53:51,679 [pool-47-thread-1] INFO  server.RaftServerConfigKeys (ConfUtils.java:logGet(43)) - raft.server.sleep.deviation.threshold = 300 (default)
2019-09-26 16:53:51,680 [pool-47-thread-1] INFO  server.RaftServerConfigKeys (ConfUtils.java:logGet(43)) - raft.server.log.appender.install.snapshot.enabled = false (custom)
2019-09-26 16:53:51,680 [pool-47-thread-1] INFO  impl.RaftServerImpl (ServerState.java:<init>(103)) - 579334d3-7c10-42f4-b10c-e6c2267ece25@group-69E182C01D39: ConfigurationManager, init=-1: [579334d3-7c10-42f4-b10c-e6c2267ece25:192.168.151.99:34131], old=null, confs=<EMPTY_MAP>
2019-09-26 16:53:51,680 [pool-47-thread-1] INFO  server.RaftServerConfigKeys (ConfUtils.java:logGet(43)) - raft.server.storage.dir = [/workdir/hadoop-ozone/integration-test/target/test-dir/MiniOzoneClusterImpl-fdc3d401-fab1-4968-a84f-12bf762e2bbf/datanode-2/data/ratis] (custom)
2019-09-26 16:53:51,680 [pool-47-thread-1] INFO  storage.RaftStorageDirectory (RaftStorageDirectory.java:analyzeStorage(246)) - The storage directory /workdir/hadoop-ozone/integration-test/target/test-dir/MiniOzoneClusterImpl-fdc3d401-fab1-4968-a84f-12bf762e2bbf/datanode-2/data/ratis/969d3337-f129-4d53-a18c-69e182c01d39 does not exist. Creating ...
2019-09-26 16:53:51,705 [pool-47-thread-1] INFO  storage.RaftStorageDirectory (RaftStorageDirectory.java:tryLock(328)) - Lock on /workdir/hadoop-ozone/integration-test/target/test-dir/MiniOzoneClusterImpl-fdc3d401-fab1-4968-a84f-12bf762e2bbf/datanode-2/data/ratis/969d3337-f129-4d53-a18c-69e182c01d39/in_use.lock acquired by nodename 15096@pr-hdds-1569-g6sp5-2013761785
2019-09-26 16:53:51,730 [pool-47-thread-1] INFO  storage.RaftStorage (RaftStorage.java:format(72)) - Storage directory /workdir/hadoop-ozone/integration-test/target/test-dir/MiniOzoneClusterImpl-fdc3d401-fab1-4968-a84f-12bf762e2bbf/datanode-2/data/ratis/969d3337-f129-4d53-a18c-69e182c01d39 has been successfully formatted.
2019-09-26 16:53:51,731 [pool-47-thread-1] INFO  ratis.ContainerStateMachine (ContainerStateMachine.java:loadSnapshot(230)) - group-69E182C01D39: The snapshot info is null. Setting the last applied indexto:(t:0, i:~)
2019-09-26 16:53:51,731 [pool-47-thread-1] INFO  server.RaftServerConfigKeys (ConfUtils.java:logGet(43)) - raft.server.notification.no-leader.timeout = 120s (custom)
2019-09-26 16:53:51,731 [pool-47-thread-1] INFO  server.RaftServerConfigKeys (ConfUtils.java:logGet(43)) - raft.server.log.use.memory = false (default)
2019-09-26 16:53:51,731 [pool-47-thread-1] INFO  server.RaftServerConfigKeys (ConfUtils.java:logGet(43)) - raft.server.log.purge.gap = 1000000 (custom)
2019-09-26 16:53:51,732 [pool-47-thread-1] INFO  server.RaftServerConfigKeys (ConfUtils.java:logGet(43)) - raft.server.log.appender.buffer.byte-limit = 33554432 (custom)
2019-09-26 16:53:51,732 [pool-47-thread-1] INFO  server.RaftServerConfigKeys (ConfUtils.java:logGet(43)) - raft.server.log.segment.size.max = 1048576 (custom)
2019-09-26 16:53:51,732 [pool-47-thread-1] INFO  server.RaftServerConfigKeys (ConfUtils.java:logGet(43)) - raft.server.log.segment.cache.num.max = 2 (custom)
2019-09-26 16:53:51,732 [pool-47-thread-1] INFO  segmented.SegmentedRaftLogWorker (SegmentedRaftLogWorker.java:<init>(172)) - new 579334d3-7c10-42f4-b10c-e6c2267ece25@group-69E182C01D39-SegmentedRaftLogWorker for RaftStorage:Storage Directory /workdir/hadoop-ozone/integration-test/target/test-dir/MiniOzoneClusterImpl-fdc3d401-fab1-4968-a84f-12bf762e2bbf/datanode-2/data/ratis/969d3337-f129-4d53-a18c-69e182c01d39
2019-09-26 16:53:51,732 [pool-47-thread-1] INFO  server.RaftServerConfigKeys (ConfUtils.java:logGet(43)) - raft.server.log.queue.byte-limit = 2147483647 (custom)
2019-09-26 16:53:51,733 [pool-47-thread-1] INFO  server.RaftServerConfigKeys (ConfUtils.java:logGet(43)) - raft.server.log.queue.element-limit = 1024 (custom)
2019-09-26 16:53:51,733 [pool-47-thread-1] INFO  server.RaftServerConfigKeys (ConfUtils.java:logGet(43)) - raft.server.log.segment.size.max = 1048576 (custom)
2019-09-26 16:53:51,733 [pool-47-thread-1] INFO  server.RaftServerConfigKeys (ConfUtils.java:logGet(43)) - raft.server.log.preallocated.size = 16384 (custom)
2019-09-26 16:53:51,733 [pool-47-thread-1] INFO  server.RaftServerConfigKeys (ConfUtils.java:logGet(43)) - raft.server.log.write.buffer.size = 33554432 (custom)
2019-09-26 16:53:51,733 [pool-47-thread-1] INFO  server.RaftServerConfigKeys (ConfUtils.java:logGet(43)) - raft.server.log.force.sync.num = 128 (default)
2019-09-26 16:53:51,734 [pool-47-thread-1] INFO  server.RaftServerConfigKeys (ConfUtils.java:logGet(43)) - raft.server.log.statemachine.data.sync = true (default)
2019-09-26 16:53:51,734 [pool-47-thread-1] INFO  server.RaftServerConfigKeys (ConfUtils.java:logGet(43)) - raft.server.log.statemachine.data.sync.timeout = 10s (default)
2019-09-26 16:53:51,734 [pool-47-thread-1] INFO  server.RaftServerConfigKeys (ConfUtils.java:logGet(43)) - raft.server.log.statemachine.data.sync.timeout.retry = -1 (default)
2019-09-26 16:53:51,734 [pool-47-thread-1] INFO  server.RaftServerConfigKeys (ConfUtils.java:logGet(43)) - raft.server.log.statemachine.data.caching.enabled = true (custom)
2019-09-26 16:53:51,735 [pool-47-thread-1] INFO  segmented.SegmentedRaftLogWorker (SegmentedRaftLogWorker.java:lambda$new$0(132)) - 579334d3-7c10-42f4-b10c-e6c2267ece25@group-69E182C01D39-SegmentedRaftLogWorker: flushIndex: setUnconditionally 0 -> -1
2019-09-26 16:53:51,735 [pool-47-thread-1] INFO  server.RaftServerConfigKeys (ConfUtils.java:logGet(43)) - raft.server.snapshot.auto.trigger.enabled = true (custom)
2019-09-26 16:53:51,735 [pool-47-thread-1] INFO  server.RaftServerConfigKeys (ConfUtils.java:logGet(43)) - raft.server.snapshot.auto.trigger.threshold = 10000 (custom)
2019-09-26 16:53:51,735 [pool-47-thread-1] INFO  server.RaftServerConfigKeys (ConfUtils.java:logGet(43)) - raft.server.snapshot.retention.num.files = 5 (custom)
2019-09-26 16:53:51,736 [pool-47-thread-1] INFO  server.RaftServerConfigKeys (ConfUtils.java:logGet(43)) - raft.server.retrycache.expirytime = 600000ms (custom)
2019-09-26 16:53:51,739 [pool-47-thread-1] INFO  impl.RaftServerImpl (RaftServerImpl.java:start(185)) - 579334d3-7c10-42f4-b10c-e6c2267ece25@group-69E182C01D39: start as a follower, conf=-1: [579334d3-7c10-42f4-b10c-e6c2267ece25:192.168.151.99:34131], old=null
2019-09-26 16:53:51,739 [pool-47-thread-1] INFO  impl.RaftServerImpl (RaftServerImpl.java:setRole(174)) - 579334d3-7c10-42f4-b10c-e6c2267ece25@group-69E182C01D39: changes role from      null to FOLLOWER at term 0 for startAsFollower
2019-09-26 16:53:51,739 [pool-47-thread-1] INFO  impl.RoleInfo (RoleInfo.java:updateAndGet(143)) - 579334d3-7c10-42f4-b10c-e6c2267ece25: start FollowerState
2019-09-26 16:53:51,740 [pool-47-thread-1] INFO  util.JmxRegister (JmxRegister.java:tryRegister(44)) - Successfully registered JMX Bean with object name Ratis:service=RaftServer,group=group-69E182C01D39,id=579334d3-7c10-42f4-b10c-e6c2267ece25
2019-09-26 16:53:51,743 [RatisPipelineUtilsThread] INFO  pipeline.PipelineStateManager (PipelineStateManager.java:addPipeline(56)) - Created pipeline Pipeline[ Id: 969d3337-f129-4d53-a18c-69e182c01d39, Nodes: 579334d3-7c10-42f4-b10c-e6c2267ece25{ip: 192.168.151.99, host: pr-hdds-1569-g6sp5-2013761785, networkLocation: /default-rack, certSerialId: null}, Type:RATIS, Factor:ONE, State:OPEN]
2019-09-26 16:53:51,749 [grpc-default-executor-1] INFO  impl.RaftServerProxy (RaftServerProxy.java:addNew(89)) - 7fda706b-4e23-4e10-baba-12810c05fbbb: addNew group-51E2BFD9B34C:[7fda706b-4e23-4e10-baba-12810c05fbbb:192.168.151.99:32897] returns group-51E2BFD9B34C:java.util.concurrent.CompletableFuture@6af7180f[Not completed]
2019-09-26 16:53:51,750 [pool-37-thread-1] INFO  impl.RaftServerImpl (RaftServerImpl.java:<init>(95)) - 7fda706b-4e23-4e10-baba-12810c05fbbb: new RaftServerImpl for group-51E2BFD9B34C:[7fda706b-4e23-4e10-baba-12810c05fbbb:192.168.151.99:32897] with ContainerStateMachine:uninitialized
2019-09-26 16:53:51,750 [pool-37-thread-1] INFO  server.RaftServerConfigKeys (ConfUtils.java:logGet(43)) - raft.server.rpc.timeout.min = 5s (custom)
2019-09-26 16:53:51,751 [pool-37-thread-1] INFO  server.RaftServerConfigKeys (ConfUtils.java:logGet(43)) - raft.server.rpc.timeout.max = 5200ms (custom)
2019-09-26 16:53:51,751 [pool-37-thread-1] INFO  server.RaftServerConfigKeys (ConfUtils.java:logGet(43)) - raft.server.rpcslowness.timeout = 120s (custom)
2019-09-26 16:53:51,751 [pool-37-thread-1] INFO  server.RaftServerConfigKeys (ConfUtils.java:logGet(43)) - raft.server.sleep.deviation.threshold = 300 (default)
2019-09-26 16:53:51,751 [pool-37-thread-1] INFO  server.RaftServerConfigKeys (ConfUtils.java:logGet(43)) - raft.server.log.appender.install.snapshot.enabled = false (custom)
2019-09-26 16:53:51,751 [pool-37-thread-1] INFO  impl.RaftServerImpl (ServerState.java:<init>(103)) - 7fda706b-4e23-4e10-baba-12810c05fbbb@group-51E2BFD9B34C: ConfigurationManager, init=-1: [7fda706b-4e23-4e10-baba-12810c05fbbb:192.168.151.99:32897], old=null, confs=<EMPTY_MAP>
2019-09-26 16:53:51,752 [pool-37-thread-1] INFO  server.RaftServerConfigKeys (ConfUtils.java:logGet(43)) - raft.server.storage.dir = [/workdir/hadoop-ozone/integration-test/target/test-dir/MiniOzoneClusterImpl-fdc3d401-fab1-4968-a84f-12bf762e2bbf/datanode-1/data/ratis] (custom)
2019-09-26 16:53:51,752 [pool-37-thread-1] INFO  storage.RaftStorageDirectory (RaftStorageDirectory.java:analyzeStorage(246)) - The storage directory /workdir/hadoop-ozone/integration-test/target/test-dir/MiniOzoneClusterImpl-fdc3d401-fab1-4968-a84f-12bf762e2bbf/datanode-1/data/ratis/6179efed-c40f-4a28-ba84-51e2bfd9b34c does not exist. Creating ...
2019-09-26 16:53:51,765 [pool-37-thread-1] INFO  storage.RaftStorageDirectory (RaftStorageDirectory.java:tryLock(328)) - Lock on /workdir/hadoop-ozone/integration-test/target/test-dir/MiniOzoneClusterImpl-fdc3d401-fab1-4968-a84f-12bf762e2bbf/datanode-1/data/ratis/6179efed-c40f-4a28-ba84-51e2bfd9b34c/in_use.lock acquired by nodename 15096@pr-hdds-1569-g6sp5-2013761785
2019-09-26 16:53:51,778 [pool-37-thread-1] INFO  storage.RaftStorage (RaftStorage.java:format(72)) - Storage directory /workdir/hadoop-ozone/integration-test/target/test-dir/MiniOzoneClusterImpl-fdc3d401-fab1-4968-a84f-12bf762e2bbf/datanode-1/data/ratis/6179efed-c40f-4a28-ba84-51e2bfd9b34c has been successfully formatted.
2019-09-26 16:53:51,779 [pool-37-thread-1] INFO  ratis.ContainerStateMachine (ContainerStateMachine.java:loadSnapshot(230)) - group-51E2BFD9B34C: The snapshot info is null. Setting the last applied indexto:(t:0, i:~)
2019-09-26 16:53:51,779 [pool-37-thread-1] INFO  server.RaftServerConfigKeys (ConfUtils.java:logGet(43)) - raft.server.notification.no-leader.timeout = 120s (custom)
2019-09-26 16:53:51,779 [pool-37-thread-1] INFO  server.RaftServerConfigKeys (ConfUtils.java:logGet(43)) - raft.server.log.use.memory = false (default)
2019-09-26 16:53:51,779 [pool-37-thread-1] INFO  server.RaftServerConfigKeys (ConfUtils.java:logGet(43)) - raft.server.log.purge.gap = 1000000 (custom)
2019-09-26 16:53:51,779 [pool-37-thread-1] INFO  server.RaftServerConfigKeys (ConfUtils.java:logGet(43)) - raft.server.log.appender.buffer.byte-limit = 33554432 (custom)
2019-09-26 16:53:51,780 [pool-37-thread-1] INFO  server.RaftServerConfigKeys (ConfUtils.java:logGet(43)) - raft.server.log.segment.size.max = 1048576 (custom)
2019-09-26 16:53:51,780 [pool-37-thread-1] INFO  server.RaftServerConfigKeys (ConfUtils.java:logGet(43)) - raft.server.log.segment.cache.num.max = 2 (custom)
2019-09-26 16:53:51,780 [pool-37-thread-1] INFO  segmented.SegmentedRaftLogWorker (SegmentedRaftLogWorker.java:<init>(172)) - new 7fda706b-4e23-4e10-baba-12810c05fbbb@group-51E2BFD9B34C-SegmentedRaftLogWorker for RaftStorage:Storage Directory /workdir/hadoop-ozone/integration-test/target/test-dir/MiniOzoneClusterImpl-fdc3d401-fab1-4968-a84f-12bf762e2bbf/datanode-1/data/ratis/6179efed-c40f-4a28-ba84-51e2bfd9b34c
2019-09-26 16:53:51,780 [pool-37-thread-1] INFO  server.RaftServerConfigKeys (ConfUtils.java:logGet(43)) - raft.server.log.queue.byte-limit = 2147483647 (custom)
2019-09-26 16:53:51,780 [pool-37-thread-1] INFO  server.RaftServerConfigKeys (ConfUtils.java:logGet(43)) - raft.server.log.queue.element-limit = 1024 (custom)
2019-09-26 16:53:51,781 [pool-37-thread-1] INFO  server.RaftServerConfigKeys (ConfUtils.java:logGet(43)) - raft.server.log.segment.size.max = 1048576 (custom)
2019-09-26 16:53:51,781 [pool-37-thread-1] INFO  server.RaftServerConfigKeys (ConfUtils.java:logGet(43)) - raft.server.log.preallocated.size = 16384 (custom)
2019-09-26 16:53:51,781 [pool-37-thread-1] INFO  server.RaftServerConfigKeys (ConfUtils.java:logGet(43)) - raft.server.log.write.buffer.size = 33554432 (custom)
2019-09-26 16:53:51,781 [pool-37-thread-1] INFO  server.RaftServerConfigKeys (ConfUtils.java:logGet(43)) - raft.server.log.force.sync.num = 128 (default)
2019-09-26 16:53:51,781 [pool-37-thread-1] INFO  server.RaftServerConfigKeys (ConfUtils.java:logGet(43)) - raft.server.log.statemachine.data.sync = true (default)
2019-09-26 16:53:51,781 [pool-37-thread-1] INFO  server.RaftServerConfigKeys (ConfUtils.java:logGet(43)) - raft.server.log.statemachine.data.sync.timeout = 10s (default)
2019-09-26 16:53:51,782 [pool-37-thread-1] INFO  server.RaftServerConfigKeys (ConfUtils.java:logGet(43)) - raft.server.log.statemachine.data.sync.timeout.retry = -1 (default)
2019-09-26 16:53:51,782 [pool-37-thread-1] INFO  server.RaftServerConfigKeys (ConfUtils.java:logGet(43)) - raft.server.log.statemachine.data.caching.enabled = true (custom)
2019-09-26 16:53:51,783 [pool-37-thread-1] INFO  segmented.SegmentedRaftLogWorker (SegmentedRaftLogWorker.java:lambda$new$0(132)) - 7fda706b-4e23-4e10-baba-12810c05fbbb@group-51E2BFD9B34C-SegmentedRaftLogWorker: flushIndex: setUnconditionally 0 -> -1
2019-09-26 16:53:51,783 [pool-37-thread-1] INFO  server.RaftServerConfigKeys (ConfUtils.java:logGet(43)) - raft.server.snapshot.auto.trigger.enabled = true (custom)
2019-09-26 16:53:51,783 [pool-37-thread-1] INFO  server.RaftServerConfigKeys (ConfUtils.java:logGet(43)) - raft.server.snapshot.auto.trigger.threshold = 10000 (custom)
2019-09-26 16:53:51,784 [pool-37-thread-1] INFO  server.RaftServerConfigKeys (ConfUtils.java:logGet(43)) - raft.server.snapshot.retention.num.files = 5 (custom)
2019-09-26 16:53:51,784 [pool-37-thread-1] INFO  server.RaftServerConfigKeys (ConfUtils.java:logGet(43)) - raft.server.retrycache.expirytime = 600000ms (custom)
2019-09-26 16:53:51,786 [pool-37-thread-1] INFO  impl.RaftServerImpl (RaftServerImpl.java:start(185)) - 7fda706b-4e23-4e10-baba-12810c05fbbb@group-51E2BFD9B34C: start as a follower, conf=-1: [7fda706b-4e23-4e10-baba-12810c05fbbb:192.168.151.99:32897], old=null
2019-09-26 16:53:51,787 [pool-37-thread-1] INFO  impl.RaftServerImpl (RaftServerImpl.java:setRole(174)) - 7fda706b-4e23-4e10-baba-12810c05fbbb@group-51E2BFD9B34C: changes role from      null to FOLLOWER at term 0 for startAsFollower
2019-09-26 16:53:51,787 [pool-37-thread-1] INFO  impl.RoleInfo (RoleInfo.java:updateAndGet(143)) - 7fda706b-4e23-4e10-baba-12810c05fbbb: start FollowerState
2019-09-26 16:53:51,787 [pool-37-thread-1] INFO  util.JmxRegister (JmxRegister.java:tryRegister(44)) - Successfully registered JMX Bean with object name Ratis:service=RaftServer,group=group-51E2BFD9B34C,id=7fda706b-4e23-4e10-baba-12810c05fbbb
2019-09-26 16:53:51,790 [RatisPipelineUtilsThread] INFO  pipeline.PipelineStateManager (PipelineStateManager.java:addPipeline(56)) - Created pipeline Pipeline[ Id: 6179efed-c40f-4a28-ba84-51e2bfd9b34c, Nodes: 7fda706b-4e23-4e10-baba-12810c05fbbb{ip: 192.168.151.99, host: pr-hdds-1569-g6sp5-2013761785, networkLocation: /default-rack, certSerialId: null}, Type:RATIS, Factor:ONE, State:OPEN]
2019-09-26 16:53:51,796 [grpc-default-executor-1] INFO  impl.RaftServerProxy (RaftServerProxy.java:addNew(89)) - 862ec94c-cd2d-47b3-b563-7d6c2816cb58: addNew group-5586F54DF547:[862ec94c-cd2d-47b3-b563-7d6c2816cb58:192.168.151.99:36916] returns group-5586F54DF547:java.util.concurrent.CompletableFuture@2e0d1837[Not completed]
2019-09-26 16:53:51,798 [pool-67-thread-1] INFO  impl.RaftServerImpl (RaftServerImpl.java:<init>(95)) - 862ec94c-cd2d-47b3-b563-7d6c2816cb58: new RaftServerImpl for group-5586F54DF547:[862ec94c-cd2d-47b3-b563-7d6c2816cb58:192.168.151.99:36916] with ContainerStateMachine:uninitialized
2019-09-26 16:53:51,798 [pool-67-thread-1] INFO  server.RaftServerConfigKeys (ConfUtils.java:logGet(43)) - raft.server.rpc.timeout.min = 5s (custom)
2019-09-26 16:53:51,798 [pool-67-thread-1] INFO  server.RaftServerConfigKeys (ConfUtils.java:logGet(43)) - raft.server.rpc.timeout.max = 5200ms (custom)
2019-09-26 16:53:51,798 [pool-67-thread-1] INFO  server.RaftServerConfigKeys (ConfUtils.java:logGet(43)) - raft.server.rpcslowness.timeout = 120s (custom)
2019-09-26 16:53:51,798 [pool-67-thread-1] INFO  server.RaftServerConfigKeys (ConfUtils.java:logGet(43)) - raft.server.sleep.deviation.threshold = 300 (default)
2019-09-26 16:53:51,798 [pool-67-thread-1] INFO  server.RaftServerConfigKeys (ConfUtils.java:logGet(43)) - raft.server.log.appender.install.snapshot.enabled = false (custom)
2019-09-26 16:53:51,799 [pool-67-thread-1] INFO  impl.RaftServerImpl (ServerState.java:<init>(103)) - 862ec94c-cd2d-47b3-b563-7d6c2816cb58@group-5586F54DF547: ConfigurationManager, init=-1: [862ec94c-cd2d-47b3-b563-7d6c2816cb58:192.168.151.99:36916], old=null, confs=<EMPTY_MAP>
2019-09-26 16:53:51,799 [pool-67-thread-1] INFO  server.RaftServerConfigKeys (ConfUtils.java:logGet(43)) - raft.server.storage.dir = [/workdir/hadoop-ozone/integration-test/target/test-dir/MiniOzoneClusterImpl-fdc3d401-fab1-4968-a84f-12bf762e2bbf/datanode-4/data/ratis] (custom)
2019-09-26 16:53:51,799 [pool-67-thread-1] INFO  storage.RaftStorageDirectory (RaftStorageDirectory.java:analyzeStorage(246)) - The storage directory /workdir/hadoop-ozone/integration-test/target/test-dir/MiniOzoneClusterImpl-fdc3d401-fab1-4968-a84f-12bf762e2bbf/datanode-4/data/ratis/a6fa4959-ccf3-4fcb-b036-5586f54df547 does not exist. Creating ...
2019-09-26 16:53:51,814 [pool-67-thread-1] INFO  storage.RaftStorageDirectory (RaftStorageDirectory.java:tryLock(328)) - Lock on /workdir/hadoop-ozone/integration-test/target/test-dir/MiniOzoneClusterImpl-fdc3d401-fab1-4968-a84f-12bf762e2bbf/datanode-4/data/ratis/a6fa4959-ccf3-4fcb-b036-5586f54df547/in_use.lock acquired by nodename 15096@pr-hdds-1569-g6sp5-2013761785
2019-09-26 16:53:51,826 [pool-67-thread-1] INFO  storage.RaftStorage (RaftStorage.java:format(72)) - Storage directory /workdir/hadoop-ozone/integration-test/target/test-dir/MiniOzoneClusterImpl-fdc3d401-fab1-4968-a84f-12bf762e2bbf/datanode-4/data/ratis/a6fa4959-ccf3-4fcb-b036-5586f54df547 has been successfully formatted.
2019-09-26 16:53:51,827 [pool-67-thread-1] INFO  ratis.ContainerStateMachine (ContainerStateMachine.java:loadSnapshot(230)) - group-5586F54DF547: The snapshot info is null. Setting the last applied indexto:(t:0, i:~)
2019-09-26 16:53:51,827 [pool-67-thread-1] INFO  server.RaftServerConfigKeys (ConfUtils.java:logGet(43)) - raft.server.notification.no-leader.timeout = 120s (custom)
2019-09-26 16:53:51,827 [pool-67-thread-1] INFO  server.RaftServerConfigKeys (ConfUtils.java:logGet(43)) - raft.server.log.use.memory = false (default)
2019-09-26 16:53:51,827 [pool-67-thread-1] INFO  server.RaftServerConfigKeys (ConfUtils.java:logGet(43)) - raft.server.log.purge.gap = 1000000 (custom)
2019-09-26 16:53:51,827 [pool-67-thread-1] INFO  server.RaftServerConfigKeys (ConfUtils.java:logGet(43)) - raft.server.log.appender.buffer.byte-limit = 33554432 (custom)
2019-09-26 16:53:51,828 [pool-67-thread-1] INFO  server.RaftServerConfigKeys (ConfUtils.java:logGet(43)) - raft.server.log.segment.size.max = 1048576 (custom)
2019-09-26 16:53:51,828 [pool-67-thread-1] INFO  server.RaftServerConfigKeys (ConfUtils.java:logGet(43)) - raft.server.log.segment.cache.num.max = 2 (custom)
2019-09-26 16:53:51,828 [pool-67-thread-1] INFO  segmented.SegmentedRaftLogWorker (SegmentedRaftLogWorker.java:<init>(172)) - new 862ec94c-cd2d-47b3-b563-7d6c2816cb58@group-5586F54DF547-SegmentedRaftLogWorker for RaftStorage:Storage Directory /workdir/hadoop-ozone/integration-test/target/test-dir/MiniOzoneClusterImpl-fdc3d401-fab1-4968-a84f-12bf762e2bbf/datanode-4/data/ratis/a6fa4959-ccf3-4fcb-b036-5586f54df547
2019-09-26 16:53:51,828 [pool-67-thread-1] INFO  server.RaftServerConfigKeys (ConfUtils.java:logGet(43)) - raft.server.log.queue.byte-limit = 2147483647 (custom)
2019-09-26 16:53:51,828 [pool-67-thread-1] INFO  server.RaftServerConfigKeys (ConfUtils.java:logGet(43)) - raft.server.log.queue.element-limit = 1024 (custom)
2019-09-26 16:53:51,829 [pool-67-thread-1] INFO  server.RaftServerConfigKeys (ConfUtils.java:logGet(43)) - raft.server.log.segment.size.max = 1048576 (custom)
2019-09-26 16:53:51,829 [pool-67-thread-1] INFO  server.RaftServerConfigKeys (ConfUtils.java:logGet(43)) - raft.server.log.preallocated.size = 16384 (custom)
2019-09-26 16:53:51,829 [pool-67-thread-1] INFO  server.RaftServerConfigKeys (ConfUtils.java:logGet(43)) - raft.server.log.write.buffer.size = 33554432 (custom)
2019-09-26 16:53:51,829 [pool-67-thread-1] INFO  server.RaftServerConfigKeys (ConfUtils.java:logGet(43)) - raft.server.log.force.sync.num = 128 (default)
2019-09-26 16:53:51,829 [pool-67-thread-1] INFO  server.RaftServerConfigKeys (ConfUtils.java:logGet(43)) - raft.server.log.statemachine.data.sync = true (default)
2019-09-26 16:53:51,829 [pool-67-thread-1] INFO  server.RaftServerConfigKeys (ConfUtils.java:logGet(43)) - raft.server.log.statemachine.data.sync.timeout = 10s (default)
2019-09-26 16:53:51,830 [pool-67-thread-1] INFO  server.RaftServerConfigKeys (ConfUtils.java:logGet(43)) - raft.server.log.statemachine.data.sync.timeout.retry = -1 (default)
2019-09-26 16:53:51,830 [pool-67-thread-1] INFO  server.RaftServerConfigKeys (ConfUtils.java:logGet(43)) - raft.server.log.statemachine.data.caching.enabled = true (custom)
2019-09-26 16:53:51,830 [pool-67-thread-1] INFO  segmented.SegmentedRaftLogWorker (SegmentedRaftLogWorker.java:lambda$new$0(132)) - 862ec94c-cd2d-47b3-b563-7d6c2816cb58@group-5586F54DF547-SegmentedRaftLogWorker: flushIndex: setUnconditionally 0 -> -1
2019-09-26 16:53:51,831 [pool-67-thread-1] INFO  server.RaftServerConfigKeys (ConfUtils.java:logGet(43)) - raft.server.snapshot.auto.trigger.enabled = true (custom)
2019-09-26 16:53:51,831 [pool-67-thread-1] INFO  server.RaftServerConfigKeys (ConfUtils.java:logGet(43)) - raft.server.snapshot.auto.trigger.threshold = 10000 (custom)
2019-09-26 16:53:51,831 [pool-67-thread-1] INFO  server.RaftServerConfigKeys (ConfUtils.java:logGet(43)) - raft.server.snapshot.retention.num.files = 5 (custom)
2019-09-26 16:53:51,831 [pool-67-thread-1] INFO  server.RaftServerConfigKeys (ConfUtils.java:logGet(43)) - raft.server.retrycache.expirytime = 600000ms (custom)
2019-09-26 16:53:51,836 [pool-67-thread-1] INFO  impl.RaftServerImpl (RaftServerImpl.java:start(185)) - 862ec94c-cd2d-47b3-b563-7d6c2816cb58@group-5586F54DF547: start as a follower, conf=-1: [862ec94c-cd2d-47b3-b563-7d6c2816cb58:192.168.151.99:36916], old=null
2019-09-26 16:53:51,837 [pool-67-thread-1] INFO  impl.RaftServerImpl (RaftServerImpl.java:setRole(174)) - 862ec94c-cd2d-47b3-b563-7d6c2816cb58@group-5586F54DF547: changes role from      null to FOLLOWER at term 0 for startAsFollower
2019-09-26 16:53:51,837 [pool-67-thread-1] INFO  impl.RoleInfo (RoleInfo.java:updateAndGet(143)) - 862ec94c-cd2d-47b3-b563-7d6c2816cb58: start FollowerState
2019-09-26 16:53:51,838 [pool-67-thread-1] INFO  util.JmxRegister (JmxRegister.java:tryRegister(44)) - Successfully registered JMX Bean with object name Ratis:service=RaftServer,group=group-5586F54DF547,id=862ec94c-cd2d-47b3-b563-7d6c2816cb58
2019-09-26 16:53:51,842 [RatisPipelineUtilsThread] INFO  pipeline.PipelineStateManager (PipelineStateManager.java:addPipeline(56)) - Created pipeline Pipeline[ Id: a6fa4959-ccf3-4fcb-b036-5586f54df547, Nodes: 862ec94c-cd2d-47b3-b563-7d6c2816cb58{ip: 192.168.151.99, host: pr-hdds-1569-g6sp5-2013761785, networkLocation: /default-rack, certSerialId: null}, Type:RATIS, Factor:ONE, State:OPEN]
2019-09-26 16:53:51,849 [grpc-default-executor-1] INFO  impl.RaftServerProxy (RaftServerProxy.java:addNew(89)) - 4a469c34-60df-4173-8d32-715e2ce97f5d: addNew group-075C590BE14A:[4a469c34-60df-4173-8d32-715e2ce97f5d:192.168.151.99:42442] returns group-075C590BE14A:java.util.concurrent.CompletableFuture@1a380632[Not completed]
2019-09-26 16:53:51,850 [pool-87-thread-1] INFO  impl.RaftServerImpl (RaftServerImpl.java:<init>(95)) - 4a469c34-60df-4173-8d32-715e2ce97f5d: new RaftServerImpl for group-075C590BE14A:[4a469c34-60df-4173-8d32-715e2ce97f5d:192.168.151.99:42442] with ContainerStateMachine:uninitialized
2019-09-26 16:53:51,851 [pool-87-thread-1] INFO  server.RaftServerConfigKeys (ConfUtils.java:logGet(43)) - raft.server.rpc.timeout.min = 5s (custom)
2019-09-26 16:53:51,851 [pool-87-thread-1] INFO  server.RaftServerConfigKeys (ConfUtils.java:logGet(43)) - raft.server.rpc.timeout.max = 5200ms (custom)
2019-09-26 16:53:51,851 [pool-87-thread-1] INFO  server.RaftServerConfigKeys (ConfUtils.java:logGet(43)) - raft.server.rpcslowness.timeout = 120s (custom)
2019-09-26 16:53:51,851 [pool-87-thread-1] INFO  server.RaftServerConfigKeys (ConfUtils.java:logGet(43)) - raft.server.sleep.deviation.threshold = 300 (default)
2019-09-26 16:53:51,851 [pool-87-thread-1] INFO  server.RaftServerConfigKeys (ConfUtils.java:logGet(43)) - raft.server.log.appender.install.snapshot.enabled = false (custom)
2019-09-26 16:53:51,851 [pool-87-thread-1] INFO  impl.RaftServerImpl (ServerState.java:<init>(103)) - 4a469c34-60df-4173-8d32-715e2ce97f5d@group-075C590BE14A: ConfigurationManager, init=-1: [4a469c34-60df-4173-8d32-715e2ce97f5d:192.168.151.99:42442], old=null, confs=<EMPTY_MAP>
2019-09-26 16:53:51,852 [pool-87-thread-1] INFO  server.RaftServerConfigKeys (ConfUtils.java:logGet(43)) - raft.server.storage.dir = [/workdir/hadoop-ozone/integration-test/target/test-dir/MiniOzoneClusterImpl-fdc3d401-fab1-4968-a84f-12bf762e2bbf/datanode-6/data/ratis] (custom)
2019-09-26 16:53:51,852 [pool-87-thread-1] INFO  storage.RaftStorageDirectory (RaftStorageDirectory.java:analyzeStorage(246)) - The storage directory /workdir/hadoop-ozone/integration-test/target/test-dir/MiniOzoneClusterImpl-fdc3d401-fab1-4968-a84f-12bf762e2bbf/datanode-6/data/ratis/44c9a636-f09d-4c7a-bbc1-075c590be14a does not exist. Creating ...
2019-09-26 16:53:51,865 [pool-87-thread-1] INFO  storage.RaftStorageDirectory (RaftStorageDirectory.java:tryLock(328)) - Lock on /workdir/hadoop-ozone/integration-test/target/test-dir/MiniOzoneClusterImpl-fdc3d401-fab1-4968-a84f-12bf762e2bbf/datanode-6/data/ratis/44c9a636-f09d-4c7a-bbc1-075c590be14a/in_use.lock acquired by nodename 15096@pr-hdds-1569-g6sp5-2013761785
2019-09-26 16:53:51,895 [pool-87-thread-1] INFO  storage.RaftStorage (RaftStorage.java:format(72)) - Storage directory /workdir/hadoop-ozone/integration-test/target/test-dir/MiniOzoneClusterImpl-fdc3d401-fab1-4968-a84f-12bf762e2bbf/datanode-6/data/ratis/44c9a636-f09d-4c7a-bbc1-075c590be14a has been successfully formatted.
2019-09-26 16:53:51,895 [pool-87-thread-1] INFO  ratis.ContainerStateMachine (ContainerStateMachine.java:loadSnapshot(230)) - group-075C590BE14A: The snapshot info is null. Setting the last applied indexto:(t:0, i:~)
2019-09-26 16:53:51,895 [pool-87-thread-1] INFO  server.RaftServerConfigKeys (ConfUtils.java:logGet(43)) - raft.server.notification.no-leader.timeout = 120s (custom)
2019-09-26 16:53:51,895 [pool-87-thread-1] INFO  server.RaftServerConfigKeys (ConfUtils.java:logGet(43)) - raft.server.log.use.memory = false (default)
2019-09-26 16:53:51,896 [pool-87-thread-1] INFO  server.RaftServerConfigKeys (ConfUtils.java:logGet(43)) - raft.server.log.purge.gap = 1000000 (custom)
2019-09-26 16:53:51,896 [pool-87-thread-1] INFO  server.RaftServerConfigKeys (ConfUtils.java:logGet(43)) - raft.server.log.appender.buffer.byte-limit = 33554432 (custom)
2019-09-26 16:53:51,896 [pool-87-thread-1] INFO  server.RaftServerConfigKeys (ConfUtils.java:logGet(43)) - raft.server.log.segment.size.max = 1048576 (custom)
2019-09-26 16:53:51,896 [pool-87-thread-1] INFO  server.RaftServerConfigKeys (ConfUtils.java:logGet(43)) - raft.server.log.segment.cache.num.max = 2 (custom)
2019-09-26 16:53:51,896 [pool-87-thread-1] INFO  segmented.SegmentedRaftLogWorker (SegmentedRaftLogWorker.java:<init>(172)) - new 4a469c34-60df-4173-8d32-715e2ce97f5d@group-075C590BE14A-SegmentedRaftLogWorker for RaftStorage:Storage Directory /workdir/hadoop-ozone/integration-test/target/test-dir/MiniOzoneClusterImpl-fdc3d401-fab1-4968-a84f-12bf762e2bbf/datanode-6/data/ratis/44c9a636-f09d-4c7a-bbc1-075c590be14a
2019-09-26 16:53:51,896 [pool-87-thread-1] INFO  server.RaftServerConfigKeys (ConfUtils.java:logGet(43)) - raft.server.log.queue.byte-limit = 2147483647 (custom)
2019-09-26 16:53:51,897 [pool-87-thread-1] INFO  server.RaftServerConfigKeys (ConfUtils.java:logGet(43)) - raft.server.log.queue.element-limit = 1024 (custom)
2019-09-26 16:53:51,897 [pool-87-thread-1] INFO  server.RaftServerConfigKeys (ConfUtils.java:logGet(43)) - raft.server.log.segment.size.max = 1048576 (custom)
2019-09-26 16:53:51,897 [pool-87-thread-1] INFO  server.RaftServerConfigKeys (ConfUtils.java:logGet(43)) - raft.server.log.preallocated.size = 16384 (custom)
2019-09-26 16:53:51,897 [pool-87-thread-1] INFO  server.RaftServerConfigKeys (ConfUtils.java:logGet(43)) - raft.server.log.write.buffer.size = 33554432 (custom)
2019-09-26 16:53:51,897 [pool-87-thread-1] INFO  server.RaftServerConfigKeys (ConfUtils.java:logGet(43)) - raft.server.log.force.sync.num = 128 (default)
2019-09-26 16:53:51,897 [pool-87-thread-1] INFO  server.RaftServerConfigKeys (ConfUtils.java:logGet(43)) - raft.server.log.statemachine.data.sync = true (default)
2019-09-26 16:53:51,897 [pool-87-thread-1] INFO  server.RaftServerConfigKeys (ConfUtils.java:logGet(43)) - raft.server.log.statemachine.data.sync.timeout = 10s (default)
2019-09-26 16:53:51,898 [pool-87-thread-1] INFO  server.RaftServerConfigKeys (ConfUtils.java:logGet(43)) - raft.server.log.statemachine.data.sync.timeout.retry = -1 (default)
2019-09-26 16:53:51,898 [pool-87-thread-1] INFO  server.RaftServerConfigKeys (ConfUtils.java:logGet(43)) - raft.server.log.statemachine.data.caching.enabled = true (custom)
2019-09-26 16:53:51,898 [pool-87-thread-1] INFO  segmented.SegmentedRaftLogWorker (SegmentedRaftLogWorker.java:lambda$new$0(132)) - 4a469c34-60df-4173-8d32-715e2ce97f5d@group-075C590BE14A-SegmentedRaftLogWorker: flushIndex: setUnconditionally 0 -> -1
2019-09-26 16:53:51,899 [pool-87-thread-1] INFO  server.RaftServerConfigKeys (ConfUtils.java:logGet(43)) - raft.server.snapshot.auto.trigger.enabled = true (custom)
2019-09-26 16:53:51,899 [pool-87-thread-1] INFO  server.RaftServerConfigKeys (ConfUtils.java:logGet(43)) - raft.server.snapshot.auto.trigger.threshold = 10000 (custom)
2019-09-26 16:53:51,899 [pool-87-thread-1] INFO  server.RaftServerConfigKeys (ConfUtils.java:logGet(43)) - raft.server.snapshot.retention.num.files = 5 (custom)
2019-09-26 16:53:51,899 [pool-87-thread-1] INFO  server.RaftServerConfigKeys (ConfUtils.java:logGet(43)) - raft.server.retrycache.expirytime = 600000ms (custom)
2019-09-26 16:53:51,902 [pool-87-thread-1] INFO  impl.RaftServerImpl (RaftServerImpl.java:start(185)) - 4a469c34-60df-4173-8d32-715e2ce97f5d@group-075C590BE14A: start as a follower, conf=-1: [4a469c34-60df-4173-8d32-715e2ce97f5d:192.168.151.99:42442], old=null
2019-09-26 16:53:51,902 [pool-87-thread-1] INFO  impl.RaftServerImpl (RaftServerImpl.java:setRole(174)) - 4a469c34-60df-4173-8d32-715e2ce97f5d@group-075C590BE14A: changes role from      null to FOLLOWER at term 0 for startAsFollower
2019-09-26 16:53:51,902 [pool-87-thread-1] INFO  impl.RoleInfo (RoleInfo.java:updateAndGet(143)) - 4a469c34-60df-4173-8d32-715e2ce97f5d: start FollowerState
2019-09-26 16:53:51,902 [pool-87-thread-1] INFO  util.JmxRegister (JmxRegister.java:tryRegister(44)) - Successfully registered JMX Bean with object name Ratis:service=RaftServer,group=group-075C590BE14A,id=4a469c34-60df-4173-8d32-715e2ce97f5d
2019-09-26 16:53:51,906 [RatisPipelineUtilsThread] INFO  pipeline.PipelineStateManager (PipelineStateManager.java:addPipeline(56)) - Created pipeline Pipeline[ Id: 44c9a636-f09d-4c7a-bbc1-075c590be14a, Nodes: 4a469c34-60df-4173-8d32-715e2ce97f5d{ip: 192.168.151.99, host: pr-hdds-1569-g6sp5-2013761785, networkLocation: /default-rack, certSerialId: null}, Type:RATIS, Factor:ONE, State:OPEN]
2019-09-26 16:53:51,913 [grpc-default-executor-1] INFO  impl.RaftServerProxy (RaftServerProxy.java:addNew(89)) - 7fda706b-4e23-4e10-baba-12810c05fbbb: addNew group-C3CECEEF5768:[7fda706b-4e23-4e10-baba-12810c05fbbb:192.168.151.99:32897] returns group-C3CECEEF5768:java.util.concurrent.CompletableFuture@1dd019ed[Not completed]
2019-09-26 16:53:51,914 [pool-37-thread-1] INFO  impl.RaftServerImpl (RaftServerImpl.java:<init>(95)) - 7fda706b-4e23-4e10-baba-12810c05fbbb: new RaftServerImpl for group-C3CECEEF5768:[7fda706b-4e23-4e10-baba-12810c05fbbb:192.168.151.99:32897] with ContainerStateMachine:uninitialized
2019-09-26 16:53:51,914 [pool-37-thread-1] INFO  server.RaftServerConfigKeys (ConfUtils.java:logGet(43)) - raft.server.rpc.timeout.min = 5s (custom)
2019-09-26 16:53:51,915 [pool-37-thread-1] INFO  server.RaftServerConfigKeys (ConfUtils.java:logGet(43)) - raft.server.rpc.timeout.max = 5200ms (custom)
2019-09-26 16:53:51,915 [pool-37-thread-1] INFO  server.RaftServerConfigKeys (ConfUtils.java:logGet(43)) - raft.server.rpcslowness.timeout = 120s (custom)
2019-09-26 16:53:51,915 [pool-37-thread-1] INFO  server.RaftServerConfigKeys (ConfUtils.java:logGet(43)) - raft.server.sleep.deviation.threshold = 300 (default)
2019-09-26 16:53:51,915 [pool-37-thread-1] INFO  server.RaftServerConfigKeys (ConfUtils.java:logGet(43)) - raft.server.log.appender.install.snapshot.enabled = false (custom)
2019-09-26 16:53:51,915 [pool-37-thread-1] INFO  impl.RaftServerImpl (ServerState.java:<init>(103)) - 7fda706b-4e23-4e10-baba-12810c05fbbb@group-C3CECEEF5768: ConfigurationManager, init=-1: [7fda706b-4e23-4e10-baba-12810c05fbbb:192.168.151.99:32897], old=null, confs=<EMPTY_MAP>
2019-09-26 16:53:51,916 [pool-37-thread-1] INFO  server.RaftServerConfigKeys (ConfUtils.java:logGet(43)) - raft.server.storage.dir = [/workdir/hadoop-ozone/integration-test/target/test-dir/MiniOzoneClusterImpl-fdc3d401-fab1-4968-a84f-12bf762e2bbf/datanode-1/data/ratis] (custom)
2019-09-26 16:53:51,916 [pool-37-thread-1] INFO  storage.RaftStorageDirectory (RaftStorageDirectory.java:analyzeStorage(246)) - The storage directory /workdir/hadoop-ozone/integration-test/target/test-dir/MiniOzoneClusterImpl-fdc3d401-fab1-4968-a84f-12bf762e2bbf/datanode-1/data/ratis/b537459a-0184-4136-9814-c3ceceef5768 does not exist. Creating ...
2019-09-26 16:53:51,930 [pool-37-thread-1] INFO  storage.RaftStorageDirectory (RaftStorageDirectory.java:tryLock(328)) - Lock on /workdir/hadoop-ozone/integration-test/target/test-dir/MiniOzoneClusterImpl-fdc3d401-fab1-4968-a84f-12bf762e2bbf/datanode-1/data/ratis/b537459a-0184-4136-9814-c3ceceef5768/in_use.lock acquired by nodename 15096@pr-hdds-1569-g6sp5-2013761785
2019-09-26 16:53:51,944 [pool-37-thread-1] INFO  storage.RaftStorage (RaftStorage.java:format(72)) - Storage directory /workdir/hadoop-ozone/integration-test/target/test-dir/MiniOzoneClusterImpl-fdc3d401-fab1-4968-a84f-12bf762e2bbf/datanode-1/data/ratis/b537459a-0184-4136-9814-c3ceceef5768 has been successfully formatted.
2019-09-26 16:53:51,944 [pool-37-thread-1] INFO  ratis.ContainerStateMachine (ContainerStateMachine.java:loadSnapshot(230)) - group-C3CECEEF5768: The snapshot info is null. Setting the last applied indexto:(t:0, i:~)
2019-09-26 16:53:51,945 [pool-37-thread-1] INFO  server.RaftServerConfigKeys (ConfUtils.java:logGet(43)) - raft.server.notification.no-leader.timeout = 120s (custom)
2019-09-26 16:53:51,945 [pool-37-thread-1] INFO  server.RaftServerConfigKeys (ConfUtils.java:logGet(43)) - raft.server.log.use.memory = false (default)
2019-09-26 16:53:51,945 [pool-37-thread-1] INFO  server.RaftServerConfigKeys (ConfUtils.java:logGet(43)) - raft.server.log.purge.gap = 1000000 (custom)
2019-09-26 16:53:51,945 [pool-37-thread-1] INFO  server.RaftServerConfigKeys (ConfUtils.java:logGet(43)) - raft.server.log.appender.buffer.byte-limit = 33554432 (custom)
2019-09-26 16:53:51,945 [pool-37-thread-1] INFO  server.RaftServerConfigKeys (ConfUtils.java:logGet(43)) - raft.server.log.segment.size.max = 1048576 (custom)
2019-09-26 16:53:51,946 [pool-37-thread-1] INFO  server.RaftServerConfigKeys (ConfUtils.java:logGet(43)) - raft.server.log.segment.cache.num.max = 2 (custom)
2019-09-26 16:53:51,946 [pool-37-thread-1] INFO  segmented.SegmentedRaftLogWorker (SegmentedRaftLogWorker.java:<init>(172)) - new 7fda706b-4e23-4e10-baba-12810c05fbbb@group-C3CECEEF5768-SegmentedRaftLogWorker for RaftStorage:Storage Directory /workdir/hadoop-ozone/integration-test/target/test-dir/MiniOzoneClusterImpl-fdc3d401-fab1-4968-a84f-12bf762e2bbf/datanode-1/data/ratis/b537459a-0184-4136-9814-c3ceceef5768
2019-09-26 16:53:51,946 [pool-37-thread-1] INFO  server.RaftServerConfigKeys (ConfUtils.java:logGet(43)) - raft.server.log.queue.byte-limit = 2147483647 (custom)
2019-09-26 16:53:51,946 [pool-37-thread-1] INFO  server.RaftServerConfigKeys (ConfUtils.java:logGet(43)) - raft.server.log.queue.element-limit = 1024 (custom)
2019-09-26 16:53:51,946 [pool-37-thread-1] INFO  server.RaftServerConfigKeys (ConfUtils.java:logGet(43)) - raft.server.log.segment.size.max = 1048576 (custom)
2019-09-26 16:53:51,946 [pool-37-thread-1] INFO  server.RaftServerConfigKeys (ConfUtils.java:logGet(43)) - raft.server.log.preallocated.size = 16384 (custom)
2019-09-26 16:53:51,947 [pool-37-thread-1] INFO  server.RaftServerConfigKeys (ConfUtils.java:logGet(43)) - raft.server.log.write.buffer.size = 33554432 (custom)
2019-09-26 16:53:51,947 [pool-37-thread-1] INFO  server.RaftServerConfigKeys (ConfUtils.java:logGet(43)) - raft.server.log.force.sync.num = 128 (default)
2019-09-26 16:53:51,947 [pool-37-thread-1] INFO  server.RaftServerConfigKeys (ConfUtils.java:logGet(43)) - raft.server.log.statemachine.data.sync = true (default)
2019-09-26 16:53:51,947 [pool-37-thread-1] INFO  server.RaftServerConfigKeys (ConfUtils.java:logGet(43)) - raft.server.log.statemachine.data.sync.timeout = 10s (default)
2019-09-26 16:53:51,947 [pool-37-thread-1] INFO  server.RaftServerConfigKeys (ConfUtils.java:logGet(43)) - raft.server.log.statemachine.data.sync.timeout.retry = -1 (default)
2019-09-26 16:53:51,948 [pool-37-thread-1] INFO  server.RaftServerConfigKeys (ConfUtils.java:logGet(43)) - raft.server.log.statemachine.data.caching.enabled = true (custom)
2019-09-26 16:53:51,948 [pool-37-thread-1] INFO  segmented.SegmentedRaftLogWorker (SegmentedRaftLogWorker.java:lambda$new$0(132)) - 7fda706b-4e23-4e10-baba-12810c05fbbb@group-C3CECEEF5768-SegmentedRaftLogWorker: flushIndex: setUnconditionally 0 -> -1
2019-09-26 16:53:51,948 [pool-37-thread-1] INFO  server.RaftServerConfigKeys (ConfUtils.java:logGet(43)) - raft.server.snapshot.auto.trigger.enabled = true (custom)
2019-09-26 16:53:51,949 [pool-37-thread-1] INFO  server.RaftServerConfigKeys (ConfUtils.java:logGet(43)) - raft.server.snapshot.auto.trigger.threshold = 10000 (custom)
2019-09-26 16:53:51,949 [pool-37-thread-1] INFO  server.RaftServerConfigKeys (ConfUtils.java:logGet(43)) - raft.server.snapshot.retention.num.files = 5 (custom)
2019-09-26 16:53:51,949 [pool-37-thread-1] INFO  server.RaftServerConfigKeys (ConfUtils.java:logGet(43)) - raft.server.retrycache.expirytime = 600000ms (custom)
2019-09-26 16:53:51,952 [pool-37-thread-1] INFO  impl.RaftServerImpl (RaftServerImpl.java:start(185)) - 7fda706b-4e23-4e10-baba-12810c05fbbb@group-C3CECEEF5768: start as a follower, conf=-1: [7fda706b-4e23-4e10-baba-12810c05fbbb:192.168.151.99:32897], old=null
2019-09-26 16:53:51,952 [pool-37-thread-1] INFO  impl.RaftServerImpl (RaftServerImpl.java:setRole(174)) - 7fda706b-4e23-4e10-baba-12810c05fbbb@group-C3CECEEF5768: changes role from      null to FOLLOWER at term 0 for startAsFollower
2019-09-26 16:53:51,952 [pool-37-thread-1] INFO  impl.RoleInfo (RoleInfo.java:updateAndGet(143)) - 7fda706b-4e23-4e10-baba-12810c05fbbb: start FollowerState
2019-09-26 16:53:51,953 [pool-37-thread-1] INFO  util.JmxRegister (JmxRegister.java:tryRegister(44)) - Successfully registered JMX Bean with object name Ratis:service=RaftServer,group=group-C3CECEEF5768,id=7fda706b-4e23-4e10-baba-12810c05fbbb
2019-09-26 16:53:51,957 [RatisPipelineUtilsThread] INFO  pipeline.PipelineStateManager (PipelineStateManager.java:addPipeline(56)) - Created pipeline Pipeline[ Id: b537459a-0184-4136-9814-c3ceceef5768, Nodes: 7fda706b-4e23-4e10-baba-12810c05fbbb{ip: 192.168.151.99, host: pr-hdds-1569-g6sp5-2013761785, networkLocation: /default-rack, certSerialId: null}, Type:RATIS, Factor:ONE, State:OPEN]
2019-09-26 16:53:51,963 [grpc-default-executor-1] INFO  impl.RaftServerProxy (RaftServerProxy.java:addNew(89)) - 4a469c34-60df-4173-8d32-715e2ce97f5d: addNew group-DAACEFFA4070:[4a469c34-60df-4173-8d32-715e2ce97f5d:192.168.151.99:42442] returns group-DAACEFFA4070:java.util.concurrent.CompletableFuture@653ee5b0[Not completed]
2019-09-26 16:53:51,964 [pool-87-thread-1] INFO  impl.RaftServerImpl (RaftServerImpl.java:<init>(95)) - 4a469c34-60df-4173-8d32-715e2ce97f5d: new RaftServerImpl for group-DAACEFFA4070:[4a469c34-60df-4173-8d32-715e2ce97f5d:192.168.151.99:42442] with ContainerStateMachine:uninitialized
2019-09-26 16:53:51,964 [pool-87-thread-1] INFO  server.RaftServerConfigKeys (ConfUtils.java:logGet(43)) - raft.server.rpc.timeout.min = 5s (custom)
2019-09-26 16:53:51,964 [pool-87-thread-1] INFO  server.RaftServerConfigKeys (ConfUtils.java:logGet(43)) - raft.server.rpc.timeout.max = 5200ms (custom)
2019-09-26 16:53:51,964 [pool-87-thread-1] INFO  server.RaftServerConfigKeys (ConfUtils.java:logGet(43)) - raft.server.rpcslowness.timeout = 120s (custom)
2019-09-26 16:53:51,964 [pool-87-thread-1] INFO  server.RaftServerConfigKeys (ConfUtils.java:logGet(43)) - raft.server.sleep.deviation.threshold = 300 (default)
2019-09-26 16:53:51,965 [pool-87-thread-1] INFO  server.RaftServerConfigKeys (ConfUtils.java:logGet(43)) - raft.server.log.appender.install.snapshot.enabled = false (custom)
2019-09-26 16:53:51,965 [pool-87-thread-1] INFO  impl.RaftServerImpl (ServerState.java:<init>(103)) - 4a469c34-60df-4173-8d32-715e2ce97f5d@group-DAACEFFA4070: ConfigurationManager, init=-1: [4a469c34-60df-4173-8d32-715e2ce97f5d:192.168.151.99:42442], old=null, confs=<EMPTY_MAP>
2019-09-26 16:53:51,965 [pool-87-thread-1] INFO  server.RaftServerConfigKeys (ConfUtils.java:logGet(43)) - raft.server.storage.dir = [/workdir/hadoop-ozone/integration-test/target/test-dir/MiniOzoneClusterImpl-fdc3d401-fab1-4968-a84f-12bf762e2bbf/datanode-6/data/ratis] (custom)
2019-09-26 16:53:51,965 [pool-87-thread-1] INFO  storage.RaftStorageDirectory (RaftStorageDirectory.java:analyzeStorage(246)) - The storage directory /workdir/hadoop-ozone/integration-test/target/test-dir/MiniOzoneClusterImpl-fdc3d401-fab1-4968-a84f-12bf762e2bbf/datanode-6/data/ratis/a750decd-0111-4ea3-95cf-daaceffa4070 does not exist. Creating ...
2019-09-26 16:53:51,979 [pool-87-thread-1] INFO  storage.RaftStorageDirectory (RaftStorageDirectory.java:tryLock(328)) - Lock on /workdir/hadoop-ozone/integration-test/target/test-dir/MiniOzoneClusterImpl-fdc3d401-fab1-4968-a84f-12bf762e2bbf/datanode-6/data/ratis/a750decd-0111-4ea3-95cf-daaceffa4070/in_use.lock acquired by nodename 15096@pr-hdds-1569-g6sp5-2013761785
2019-09-26 16:53:51,992 [pool-87-thread-1] INFO  storage.RaftStorage (RaftStorage.java:format(72)) - Storage directory /workdir/hadoop-ozone/integration-test/target/test-dir/MiniOzoneClusterImpl-fdc3d401-fab1-4968-a84f-12bf762e2bbf/datanode-6/data/ratis/a750decd-0111-4ea3-95cf-daaceffa4070 has been successfully formatted.
2019-09-26 16:53:51,992 [pool-87-thread-1] INFO  ratis.ContainerStateMachine (ContainerStateMachine.java:loadSnapshot(230)) - group-DAACEFFA4070: The snapshot info is null. Setting the last applied indexto:(t:0, i:~)
2019-09-26 16:53:51,992 [pool-87-thread-1] INFO  server.RaftServerConfigKeys (ConfUtils.java:logGet(43)) - raft.server.notification.no-leader.timeout = 120s (custom)
2019-09-26 16:53:51,993 [pool-87-thread-1] INFO  server.RaftServerConfigKeys (ConfUtils.java:logGet(43)) - raft.server.log.use.memory = false (default)
2019-09-26 16:53:51,993 [pool-87-thread-1] INFO  server.RaftServerConfigKeys (ConfUtils.java:logGet(43)) - raft.server.log.purge.gap = 1000000 (custom)
2019-09-26 16:53:51,993 [pool-87-thread-1] INFO  server.RaftServerConfigKeys (ConfUtils.java:logGet(43)) - raft.server.log.appender.buffer.byte-limit = 33554432 (custom)
2019-09-26 16:53:51,993 [pool-87-thread-1] INFO  server.RaftServerConfigKeys (ConfUtils.java:logGet(43)) - raft.server.log.segment.size.max = 1048576 (custom)
2019-09-26 16:53:51,993 [pool-87-thread-1] INFO  server.RaftServerConfigKeys (ConfUtils.java:logGet(43)) - raft.server.log.segment.cache.num.max = 2 (custom)
2019-09-26 16:53:51,993 [pool-87-thread-1] INFO  segmented.SegmentedRaftLogWorker (SegmentedRaftLogWorker.java:<init>(172)) - new 4a469c34-60df-4173-8d32-715e2ce97f5d@group-DAACEFFA4070-SegmentedRaftLogWorker for RaftStorage:Storage Directory /workdir/hadoop-ozone/integration-test/target/test-dir/MiniOzoneClusterImpl-fdc3d401-fab1-4968-a84f-12bf762e2bbf/datanode-6/data/ratis/a750decd-0111-4ea3-95cf-daaceffa4070
2019-09-26 16:53:51,993 [pool-87-thread-1] INFO  server.RaftServerConfigKeys (ConfUtils.java:logGet(43)) - raft.server.log.queue.byte-limit = 2147483647 (custom)
2019-09-26 16:53:51,994 [pool-87-thread-1] INFO  server.RaftServerConfigKeys (ConfUtils.java:logGet(43)) - raft.server.log.queue.element-limit = 1024 (custom)
2019-09-26 16:53:51,994 [pool-87-thread-1] INFO  server.RaftServerConfigKeys (ConfUtils.java:logGet(43)) - raft.server.log.segment.size.max = 1048576 (custom)
2019-09-26 16:53:51,994 [pool-87-thread-1] INFO  server.RaftServerConfigKeys (ConfUtils.java:logGet(43)) - raft.server.log.preallocated.size = 16384 (custom)
2019-09-26 16:53:51,994 [pool-87-thread-1] INFO  server.RaftServerConfigKeys (ConfUtils.java:logGet(43)) - raft.server.log.write.buffer.size = 33554432 (custom)
2019-09-26 16:53:51,994 [pool-87-thread-1] INFO  server.RaftServerConfigKeys (ConfUtils.java:logGet(43)) - raft.server.log.force.sync.num = 128 (default)
2019-09-26 16:53:51,994 [pool-87-thread-1] INFO  server.RaftServerConfigKeys (ConfUtils.java:logGet(43)) - raft.server.log.statemachine.data.sync = true (default)
2019-09-26 16:53:51,994 [pool-87-thread-1] INFO  server.RaftServerConfigKeys (ConfUtils.java:logGet(43)) - raft.server.log.statemachine.data.sync.timeout = 10s (default)
2019-09-26 16:53:51,995 [pool-87-thread-1] INFO  server.RaftServerConfigKeys (ConfUtils.java:logGet(43)) - raft.server.log.statemachine.data.sync.timeout.retry = -1 (default)
2019-09-26 16:53:51,995 [pool-87-thread-1] INFO  server.RaftServerConfigKeys (ConfUtils.java:logGet(43)) - raft.server.log.statemachine.data.caching.enabled = true (custom)
2019-09-26 16:53:51,995 [pool-87-thread-1] INFO  segmented.SegmentedRaftLogWorker (SegmentedRaftLogWorker.java:lambda$new$0(132)) - 4a469c34-60df-4173-8d32-715e2ce97f5d@group-DAACEFFA4070-SegmentedRaftLogWorker: flushIndex: setUnconditionally 0 -> -1
2019-09-26 16:53:51,995 [pool-87-thread-1] INFO  server.RaftServerConfigKeys (ConfUtils.java:logGet(43)) - raft.server.snapshot.auto.trigger.enabled = true (custom)
2019-09-26 16:53:51,995 [pool-87-thread-1] INFO  server.RaftServerConfigKeys (ConfUtils.java:logGet(43)) - raft.server.snapshot.auto.trigger.threshold = 10000 (custom)
2019-09-26 16:53:51,996 [pool-87-thread-1] INFO  server.RaftServerConfigKeys (ConfUtils.java:logGet(43)) - raft.server.snapshot.retention.num.files = 5 (custom)
2019-09-26 16:53:51,996 [pool-87-thread-1] INFO  server.RaftServerConfigKeys (ConfUtils.java:logGet(43)) - raft.server.retrycache.expirytime = 600000ms (custom)
2019-09-26 16:53:51,998 [pool-87-thread-1] INFO  impl.RaftServerImpl (RaftServerImpl.java:start(185)) - 4a469c34-60df-4173-8d32-715e2ce97f5d@group-DAACEFFA4070: start as a follower, conf=-1: [4a469c34-60df-4173-8d32-715e2ce97f5d:192.168.151.99:42442], old=null
2019-09-26 16:53:51,998 [pool-87-thread-1] INFO  impl.RaftServerImpl (RaftServerImpl.java:setRole(174)) - 4a469c34-60df-4173-8d32-715e2ce97f5d@group-DAACEFFA4070: changes role from      null to FOLLOWER at term 0 for startAsFollower
2019-09-26 16:53:51,998 [pool-87-thread-1] INFO  impl.RoleInfo (RoleInfo.java:updateAndGet(143)) - 4a469c34-60df-4173-8d32-715e2ce97f5d: start FollowerState
2019-09-26 16:53:51,999 [pool-87-thread-1] INFO  util.JmxRegister (JmxRegister.java:tryRegister(44)) - Successfully registered JMX Bean with object name Ratis:service=RaftServer,group=group-DAACEFFA4070,id=4a469c34-60df-4173-8d32-715e2ce97f5d
2019-09-26 16:53:52,001 [RatisPipelineUtilsThread] INFO  pipeline.PipelineStateManager (PipelineStateManager.java:addPipeline(56)) - Created pipeline Pipeline[ Id: a750decd-0111-4ea3-95cf-daaceffa4070, Nodes: 4a469c34-60df-4173-8d32-715e2ce97f5d{ip: 192.168.151.99, host: pr-hdds-1569-g6sp5-2013761785, networkLocation: /default-rack, certSerialId: null}, Type:RATIS, Factor:ONE, State:OPEN]
2019-09-26 16:53:52,008 [grpc-default-executor-1] INFO  impl.RaftServerProxy (RaftServerProxy.java:addNew(89)) - deac9605-e739-4d95-8360-f57df793faca: addNew group-9571291C2FBD:[deac9605-e739-4d95-8360-f57df793faca:192.168.151.99:46601] returns group-9571291C2FBD:java.util.concurrent.CompletableFuture@709ec64f[Not completed]
2019-09-26 16:53:52,009 [pool-27-thread-1] INFO  impl.RaftServerImpl (RaftServerImpl.java:<init>(95)) - deac9605-e739-4d95-8360-f57df793faca: new RaftServerImpl for group-9571291C2FBD:[deac9605-e739-4d95-8360-f57df793faca:192.168.151.99:46601] with ContainerStateMachine:uninitialized
2019-09-26 16:53:52,010 [pool-27-thread-1] INFO  server.RaftServerConfigKeys (ConfUtils.java:logGet(43)) - raft.server.rpc.timeout.min = 5s (custom)
2019-09-26 16:53:52,010 [pool-27-thread-1] INFO  server.RaftServerConfigKeys (ConfUtils.java:logGet(43)) - raft.server.rpc.timeout.max = 5200ms (custom)
2019-09-26 16:53:52,010 [pool-27-thread-1] INFO  server.RaftServerConfigKeys (ConfUtils.java:logGet(43)) - raft.server.rpcslowness.timeout = 120s (custom)
2019-09-26 16:53:52,010 [pool-27-thread-1] INFO  server.RaftServerConfigKeys (ConfUtils.java:logGet(43)) - raft.server.sleep.deviation.threshold = 300 (default)
2019-09-26 16:53:52,010 [pool-27-thread-1] INFO  server.RaftServerConfigKeys (ConfUtils.java:logGet(43)) - raft.server.log.appender.install.snapshot.enabled = false (custom)
2019-09-26 16:53:52,011 [pool-27-thread-1] INFO  impl.RaftServerImpl (ServerState.java:<init>(103)) - deac9605-e739-4d95-8360-f57df793faca@group-9571291C2FBD: ConfigurationManager, init=-1: [deac9605-e739-4d95-8360-f57df793faca:192.168.151.99:46601], old=null, confs=<EMPTY_MAP>
2019-09-26 16:53:52,011 [pool-27-thread-1] INFO  server.RaftServerConfigKeys (ConfUtils.java:logGet(43)) - raft.server.storage.dir = [/workdir/hadoop-ozone/integration-test/target/test-dir/MiniOzoneClusterImpl-fdc3d401-fab1-4968-a84f-12bf762e2bbf/datanode-0/data/ratis] (custom)
2019-09-26 16:53:52,011 [pool-27-thread-1] INFO  storage.RaftStorageDirectory (RaftStorageDirectory.java:analyzeStorage(246)) - The storage directory /workdir/hadoop-ozone/integration-test/target/test-dir/MiniOzoneClusterImpl-fdc3d401-fab1-4968-a84f-12bf762e2bbf/datanode-0/data/ratis/87329fbe-c8c6-4f36-88c0-9571291c2fbd does not exist. Creating ...
2019-09-26 16:53:52,036 [pool-27-thread-1] INFO  storage.RaftStorageDirectory (RaftStorageDirectory.java:tryLock(328)) - Lock on /workdir/hadoop-ozone/integration-test/target/test-dir/MiniOzoneClusterImpl-fdc3d401-fab1-4968-a84f-12bf762e2bbf/datanode-0/data/ratis/87329fbe-c8c6-4f36-88c0-9571291c2fbd/in_use.lock acquired by nodename 15096@pr-hdds-1569-g6sp5-2013761785
2019-09-26 16:53:52,049 [pool-27-thread-1] INFO  storage.RaftStorage (RaftStorage.java:format(72)) - Storage directory /workdir/hadoop-ozone/integration-test/target/test-dir/MiniOzoneClusterImpl-fdc3d401-fab1-4968-a84f-12bf762e2bbf/datanode-0/data/ratis/87329fbe-c8c6-4f36-88c0-9571291c2fbd has been successfully formatted.
2019-09-26 16:53:52,050 [pool-27-thread-1] INFO  ratis.ContainerStateMachine (ContainerStateMachine.java:loadSnapshot(230)) - group-9571291C2FBD: The snapshot info is null. Setting the last applied indexto:(t:0, i:~)
2019-09-26 16:53:52,050 [pool-27-thread-1] INFO  server.RaftServerConfigKeys (ConfUtils.java:logGet(43)) - raft.server.notification.no-leader.timeout = 120s (custom)
2019-09-26 16:53:52,050 [pool-27-thread-1] INFO  server.RaftServerConfigKeys (ConfUtils.java:logGet(43)) - raft.server.log.use.memory = false (default)
2019-09-26 16:53:52,050 [pool-27-thread-1] INFO  server.RaftServerConfigKeys (ConfUtils.java:logGet(43)) - raft.server.log.purge.gap = 1000000 (custom)
2019-09-26 16:53:52,050 [pool-27-thread-1] INFO  server.RaftServerConfigKeys (ConfUtils.java:logGet(43)) - raft.server.log.appender.buffer.byte-limit = 33554432 (custom)
2019-09-26 16:53:52,051 [pool-27-thread-1] INFO  server.RaftServerConfigKeys (ConfUtils.java:logGet(43)) - raft.server.log.segment.size.max = 1048576 (custom)
2019-09-26 16:53:52,051 [pool-27-thread-1] INFO  server.RaftServerConfigKeys (ConfUtils.java:logGet(43)) - raft.server.log.segment.cache.num.max = 2 (custom)
2019-09-26 16:53:52,051 [pool-27-thread-1] INFO  segmented.SegmentedRaftLogWorker (SegmentedRaftLogWorker.java:<init>(172)) - new deac9605-e739-4d95-8360-f57df793faca@group-9571291C2FBD-SegmentedRaftLogWorker for RaftStorage:Storage Directory /workdir/hadoop-ozone/integration-test/target/test-dir/MiniOzoneClusterImpl-fdc3d401-fab1-4968-a84f-12bf762e2bbf/datanode-0/data/ratis/87329fbe-c8c6-4f36-88c0-9571291c2fbd
2019-09-26 16:53:52,051 [pool-27-thread-1] INFO  server.RaftServerConfigKeys (ConfUtils.java:logGet(43)) - raft.server.log.queue.byte-limit = 2147483647 (custom)
2019-09-26 16:53:52,051 [pool-27-thread-1] INFO  server.RaftServerConfigKeys (ConfUtils.java:logGet(43)) - raft.server.log.queue.element-limit = 1024 (custom)
2019-09-26 16:53:52,052 [pool-27-thread-1] INFO  server.RaftServerConfigKeys (ConfUtils.java:logGet(43)) - raft.server.log.segment.size.max = 1048576 (custom)
2019-09-26 16:53:52,052 [pool-27-thread-1] INFO  server.RaftServerConfigKeys (ConfUtils.java:logGet(43)) - raft.server.log.preallocated.size = 16384 (custom)
2019-09-26 16:53:52,052 [pool-27-thread-1] INFO  server.RaftServerConfigKeys (ConfUtils.java:logGet(43)) - raft.server.log.write.buffer.size = 33554432 (custom)
2019-09-26 16:53:52,052 [pool-27-thread-1] INFO  server.RaftServerConfigKeys (ConfUtils.java:logGet(43)) - raft.server.log.force.sync.num = 128 (default)
2019-09-26 16:53:52,052 [pool-27-thread-1] INFO  server.RaftServerConfigKeys (ConfUtils.java:logGet(43)) - raft.server.log.statemachine.data.sync = true (default)
2019-09-26 16:53:52,053 [pool-27-thread-1] INFO  server.RaftServerConfigKeys (ConfUtils.java:logGet(43)) - raft.server.log.statemachine.data.sync.timeout = 10s (default)
2019-09-26 16:53:52,053 [pool-27-thread-1] INFO  server.RaftServerConfigKeys (ConfUtils.java:logGet(43)) - raft.server.log.statemachine.data.sync.timeout.retry = -1 (default)
2019-09-26 16:53:52,053 [pool-27-thread-1] INFO  server.RaftServerConfigKeys (ConfUtils.java:logGet(43)) - raft.server.log.statemachine.data.caching.enabled = true (custom)
2019-09-26 16:53:52,053 [pool-27-thread-1] INFO  segmented.SegmentedRaftLogWorker (SegmentedRaftLogWorker.java:lambda$new$0(132)) - deac9605-e739-4d95-8360-f57df793faca@group-9571291C2FBD-SegmentedRaftLogWorker: flushIndex: setUnconditionally 0 -> -1
2019-09-26 16:53:52,054 [pool-27-thread-1] INFO  server.RaftServerConfigKeys (ConfUtils.java:logGet(43)) - raft.server.snapshot.auto.trigger.enabled = true (custom)
2019-09-26 16:53:52,054 [pool-27-thread-1] INFO  server.RaftServerConfigKeys (ConfUtils.java:logGet(43)) - raft.server.snapshot.auto.trigger.threshold = 10000 (custom)
2019-09-26 16:53:52,054 [pool-27-thread-1] INFO  server.RaftServerConfigKeys (ConfUtils.java:logGet(43)) - raft.server.snapshot.retention.num.files = 5 (custom)
2019-09-26 16:53:52,054 [pool-27-thread-1] INFO  server.RaftServerConfigKeys (ConfUtils.java:logGet(43)) - raft.server.retrycache.expirytime = 600000ms (custom)
2019-09-26 16:53:52,058 [pool-27-thread-1] INFO  impl.RaftServerImpl (RaftServerImpl.java:start(185)) - deac9605-e739-4d95-8360-f57df793faca@group-9571291C2FBD: start as a follower, conf=-1: [deac9605-e739-4d95-8360-f57df793faca:192.168.151.99:46601], old=null
2019-09-26 16:53:52,058 [pool-27-thread-1] INFO  impl.RaftServerImpl (RaftServerImpl.java:setRole(174)) - deac9605-e739-4d95-8360-f57df793faca@group-9571291C2FBD: changes role from      null to FOLLOWER at term 0 for startAsFollower
2019-09-26 16:53:52,058 [pool-27-thread-1] INFO  impl.RoleInfo (RoleInfo.java:updateAndGet(143)) - deac9605-e739-4d95-8360-f57df793faca: start FollowerState
2019-09-26 16:53:52,058 [pool-27-thread-1] INFO  util.JmxRegister (JmxRegister.java:tryRegister(44)) - Successfully registered JMX Bean with object name Ratis:service=RaftServer,group=group-9571291C2FBD,id=deac9605-e739-4d95-8360-f57df793faca
2019-09-26 16:53:52,062 [RatisPipelineUtilsThread] INFO  pipeline.PipelineStateManager (PipelineStateManager.java:addPipeline(56)) - Created pipeline Pipeline[ Id: 87329fbe-c8c6-4f36-88c0-9571291c2fbd, Nodes: deac9605-e739-4d95-8360-f57df793faca{ip: 192.168.151.99, host: pr-hdds-1569-g6sp5-2013761785, networkLocation: /default-rack, certSerialId: null}, Type:RATIS, Factor:ONE, State:OPEN]
2019-09-26 16:53:52,068 [grpc-default-executor-1] INFO  impl.RaftServerProxy (RaftServerProxy.java:addNew(89)) - 579334d3-7c10-42f4-b10c-e6c2267ece25: addNew group-6BF053005B9C:[579334d3-7c10-42f4-b10c-e6c2267ece25:192.168.151.99:34131] returns group-6BF053005B9C:java.util.concurrent.CompletableFuture@36c98dcc[Not completed]
2019-09-26 16:53:52,069 [pool-47-thread-1] INFO  impl.RaftServerImpl (RaftServerImpl.java:<init>(95)) - 579334d3-7c10-42f4-b10c-e6c2267ece25: new RaftServerImpl for group-6BF053005B9C:[579334d3-7c10-42f4-b10c-e6c2267ece25:192.168.151.99:34131] with ContainerStateMachine:uninitialized
2019-09-26 16:53:52,070 [pool-47-thread-1] INFO  server.RaftServerConfigKeys (ConfUtils.java:logGet(43)) - raft.server.rpc.timeout.min = 5s (custom)
2019-09-26 16:53:52,070 [pool-47-thread-1] INFO  server.RaftServerConfigKeys (ConfUtils.java:logGet(43)) - raft.server.rpc.timeout.max = 5200ms (custom)
2019-09-26 16:53:52,070 [pool-47-thread-1] INFO  server.RaftServerConfigKeys (ConfUtils.java:logGet(43)) - raft.server.rpcslowness.timeout = 120s (custom)
2019-09-26 16:53:52,070 [pool-47-thread-1] INFO  server.RaftServerConfigKeys (ConfUtils.java:logGet(43)) - raft.server.sleep.deviation.threshold = 300 (default)
2019-09-26 16:53:52,071 [pool-47-thread-1] INFO  server.RaftServerConfigKeys (ConfUtils.java:logGet(43)) - raft.server.log.appender.install.snapshot.enabled = false (custom)
2019-09-26 16:53:52,071 [pool-47-thread-1] INFO  impl.RaftServerImpl (ServerState.java:<init>(103)) - 579334d3-7c10-42f4-b10c-e6c2267ece25@group-6BF053005B9C: ConfigurationManager, init=-1: [579334d3-7c10-42f4-b10c-e6c2267ece25:192.168.151.99:34131], old=null, confs=<EMPTY_MAP>
2019-09-26 16:53:52,071 [pool-47-thread-1] INFO  server.RaftServerConfigKeys (ConfUtils.java:logGet(43)) - raft.server.storage.dir = [/workdir/hadoop-ozone/integration-test/target/test-dir/MiniOzoneClusterImpl-fdc3d401-fab1-4968-a84f-12bf762e2bbf/datanode-2/data/ratis] (custom)
2019-09-26 16:53:52,072 [pool-47-thread-1] INFO  storage.RaftStorageDirectory (RaftStorageDirectory.java:analyzeStorage(246)) - The storage directory /workdir/hadoop-ozone/integration-test/target/test-dir/MiniOzoneClusterImpl-fdc3d401-fab1-4968-a84f-12bf762e2bbf/datanode-2/data/ratis/1128d703-829a-45ce-bee7-6bf053005b9c does not exist. Creating ...
2019-09-26 16:53:52,085 [pool-47-thread-1] INFO  storage.RaftStorageDirectory (RaftStorageDirectory.java:tryLock(328)) - Lock on /workdir/hadoop-ozone/integration-test/target/test-dir/MiniOzoneClusterImpl-fdc3d401-fab1-4968-a84f-12bf762e2bbf/datanode-2/data/ratis/1128d703-829a-45ce-bee7-6bf053005b9c/in_use.lock acquired by nodename 15096@pr-hdds-1569-g6sp5-2013761785
2019-09-26 16:53:52,098 [pool-47-thread-1] INFO  storage.RaftStorage (RaftStorage.java:format(72)) - Storage directory /workdir/hadoop-ozone/integration-test/target/test-dir/MiniOzoneClusterImpl-fdc3d401-fab1-4968-a84f-12bf762e2bbf/datanode-2/data/ratis/1128d703-829a-45ce-bee7-6bf053005b9c has been successfully formatted.
2019-09-26 16:53:52,098 [pool-47-thread-1] INFO  ratis.ContainerStateMachine (ContainerStateMachine.java:loadSnapshot(230)) - group-6BF053005B9C: The snapshot info is null. Setting the last applied indexto:(t:0, i:~)
2019-09-26 16:53:52,099 [pool-47-thread-1] INFO  server.RaftServerConfigKeys (ConfUtils.java:logGet(43)) - raft.server.notification.no-leader.timeout = 120s (custom)
2019-09-26 16:53:52,099 [pool-47-thread-1] INFO  server.RaftServerConfigKeys (ConfUtils.java:logGet(43)) - raft.server.log.use.memory = false (default)
2019-09-26 16:53:52,099 [pool-47-thread-1] INFO  server.RaftServerConfigKeys (ConfUtils.java:logGet(43)) - raft.server.log.purge.gap = 1000000 (custom)
2019-09-26 16:53:52,099 [pool-47-thread-1] INFO  server.RaftServerConfigKeys (ConfUtils.java:logGet(43)) - raft.server.log.appender.buffer.byte-limit = 33554432 (custom)
2019-09-26 16:53:52,099 [pool-47-thread-1] INFO  server.RaftServerConfigKeys (ConfUtils.java:logGet(43)) - raft.server.log.segment.size.max = 1048576 (custom)
2019-09-26 16:53:52,099 [pool-47-thread-1] INFO  server.RaftServerConfigKeys (ConfUtils.java:logGet(43)) - raft.server.log.segment.cache.num.max = 2 (custom)
2019-09-26 16:53:52,100 [pool-47-thread-1] INFO  segmented.SegmentedRaftLogWorker (SegmentedRaftLogWorker.java:<init>(172)) - new 579334d3-7c10-42f4-b10c-e6c2267ece25@group-6BF053005B9C-SegmentedRaftLogWorker for RaftStorage:Storage Directory /workdir/hadoop-ozone/integration-test/target/test-dir/MiniOzoneClusterImpl-fdc3d401-fab1-4968-a84f-12bf762e2bbf/datanode-2/data/ratis/1128d703-829a-45ce-bee7-6bf053005b9c
2019-09-26 16:53:52,100 [pool-47-thread-1] INFO  server.RaftServerConfigKeys (ConfUtils.java:logGet(43)) - raft.server.log.queue.byte-limit = 2147483647 (custom)
2019-09-26 16:53:52,100 [pool-47-thread-1] INFO  server.RaftServerConfigKeys (ConfUtils.java:logGet(43)) - raft.server.log.queue.element-limit = 1024 (custom)
2019-09-26 16:53:52,100 [pool-47-thread-1] INFO  server.RaftServerConfigKeys (ConfUtils.java:logGet(43)) - raft.server.log.segment.size.max = 1048576 (custom)
2019-09-26 16:53:52,100 [pool-47-thread-1] INFO  server.RaftServerConfigKeys (ConfUtils.java:logGet(43)) - raft.server.log.preallocated.size = 16384 (custom)
2019-09-26 16:53:52,100 [pool-47-thread-1] INFO  server.RaftServerConfigKeys (ConfUtils.java:logGet(43)) - raft.server.log.write.buffer.size = 33554432 (custom)
2019-09-26 16:53:52,101 [pool-47-thread-1] INFO  server.RaftServerConfigKeys (ConfUtils.java:logGet(43)) - raft.server.log.force.sync.num = 128 (default)
2019-09-26 16:53:52,101 [pool-47-thread-1] INFO  server.RaftServerConfigKeys (ConfUtils.java:logGet(43)) - raft.server.log.statemachine.data.sync = true (default)
2019-09-26 16:53:52,101 [pool-47-thread-1] INFO  server.RaftServerConfigKeys (ConfUtils.java:logGet(43)) - raft.server.log.statemachine.data.sync.timeout = 10s (default)
2019-09-26 16:53:52,101 [pool-47-thread-1] INFO  server.RaftServerConfigKeys (ConfUtils.java:logGet(43)) - raft.server.log.statemachine.data.sync.timeout.retry = -1 (default)
2019-09-26 16:53:52,101 [pool-47-thread-1] INFO  server.RaftServerConfigKeys (ConfUtils.java:logGet(43)) - raft.server.log.statemachine.data.caching.enabled = true (custom)
2019-09-26 16:53:52,102 [pool-47-thread-1] INFO  segmented.SegmentedRaftLogWorker (SegmentedRaftLogWorker.java:lambda$new$0(132)) - 579334d3-7c10-42f4-b10c-e6c2267ece25@group-6BF053005B9C-SegmentedRaftLogWorker: flushIndex: setUnconditionally 0 -> -1
2019-09-26 16:53:52,102 [pool-47-thread-1] INFO  server.RaftServerConfigKeys (ConfUtils.java:logGet(43)) - raft.server.snapshot.auto.trigger.enabled = true (custom)
2019-09-26 16:53:52,102 [pool-47-thread-1] INFO  server.RaftServerConfigKeys (ConfUtils.java:logGet(43)) - raft.server.snapshot.auto.trigger.threshold = 10000 (custom)
2019-09-26 16:53:52,102 [pool-47-thread-1] INFO  server.RaftServerConfigKeys (ConfUtils.java:logGet(43)) - raft.server.snapshot.retention.num.files = 5 (custom)
2019-09-26 16:53:52,103 [pool-47-thread-1] INFO  server.RaftServerConfigKeys (ConfUtils.java:logGet(43)) - raft.server.retrycache.expirytime = 600000ms (custom)
2019-09-26 16:53:52,106 [pool-47-thread-1] INFO  impl.RaftServerImpl (RaftServerImpl.java:start(185)) - 579334d3-7c10-42f4-b10c-e6c2267ece25@group-6BF053005B9C: start as a follower, conf=-1: [579334d3-7c10-42f4-b10c-e6c2267ece25:192.168.151.99:34131], old=null
2019-09-26 16:53:52,106 [pool-47-thread-1] INFO  impl.RaftServerImpl (RaftServerImpl.java:setRole(174)) - 579334d3-7c10-42f4-b10c-e6c2267ece25@group-6BF053005B9C: changes role from      null to FOLLOWER at term 0 for startAsFollower
2019-09-26 16:53:52,106 [pool-47-thread-1] INFO  impl.RoleInfo (RoleInfo.java:updateAndGet(143)) - 579334d3-7c10-42f4-b10c-e6c2267ece25: start FollowerState
2019-09-26 16:53:52,107 [pool-47-thread-1] INFO  util.JmxRegister (JmxRegister.java:tryRegister(44)) - Successfully registered JMX Bean with object name Ratis:service=RaftServer,group=group-6BF053005B9C,id=579334d3-7c10-42f4-b10c-e6c2267ece25
2019-09-26 16:53:52,109 [RatisPipelineUtilsThread] INFO  pipeline.PipelineStateManager (PipelineStateManager.java:addPipeline(56)) - Created pipeline Pipeline[ Id: 1128d703-829a-45ce-bee7-6bf053005b9c, Nodes: 579334d3-7c10-42f4-b10c-e6c2267ece25{ip: 192.168.151.99, host: pr-hdds-1569-g6sp5-2013761785, networkLocation: /default-rack, certSerialId: null}, Type:RATIS, Factor:ONE, State:OPEN]
2019-09-26 16:53:52,122 [grpc-default-executor-1] INFO  impl.RaftServerProxy (RaftServerProxy.java:addNew(89)) - 7fda706b-4e23-4e10-baba-12810c05fbbb: addNew group-3BF79415CCB3:[7fda706b-4e23-4e10-baba-12810c05fbbb:192.168.151.99:32897] returns group-3BF79415CCB3:java.util.concurrent.CompletableFuture@38dc9cff[Not completed]
2019-09-26 16:53:52,123 [pool-37-thread-1] INFO  impl.RaftServerImpl (RaftServerImpl.java:<init>(95)) - 7fda706b-4e23-4e10-baba-12810c05fbbb: new RaftServerImpl for group-3BF79415CCB3:[7fda706b-4e23-4e10-baba-12810c05fbbb:192.168.151.99:32897] with ContainerStateMachine:uninitialized
2019-09-26 16:53:52,123 [pool-37-thread-1] INFO  server.RaftServerConfigKeys (ConfUtils.java:logGet(43)) - raft.server.rpc.timeout.min = 5s (custom)
2019-09-26 16:53:52,124 [pool-37-thread-1] INFO  server.RaftServerConfigKeys (ConfUtils.java:logGet(43)) - raft.server.rpc.timeout.max = 5200ms (custom)
2019-09-26 16:53:52,124 [pool-37-thread-1] INFO  server.RaftServerConfigKeys (ConfUtils.java:logGet(43)) - raft.server.rpcslowness.timeout = 120s (custom)
2019-09-26 16:53:52,124 [pool-37-thread-1] INFO  server.RaftServerConfigKeys (ConfUtils.java:logGet(43)) - raft.server.sleep.deviation.threshold = 300 (default)
2019-09-26 16:53:52,124 [pool-37-thread-1] INFO  server.RaftServerConfigKeys (ConfUtils.java:logGet(43)) - raft.server.log.appender.install.snapshot.enabled = false (custom)
2019-09-26 16:53:52,125 [pool-37-thread-1] INFO  impl.RaftServerImpl (ServerState.java:<init>(103)) - 7fda706b-4e23-4e10-baba-12810c05fbbb@group-3BF79415CCB3: ConfigurationManager, init=-1: [7fda706b-4e23-4e10-baba-12810c05fbbb:192.168.151.99:32897], old=null, confs=<EMPTY_MAP>
2019-09-26 16:53:52,125 [pool-37-thread-1] INFO  server.RaftServerConfigKeys (ConfUtils.java:logGet(43)) - raft.server.storage.dir = [/workdir/hadoop-ozone/integration-test/target/test-dir/MiniOzoneClusterImpl-fdc3d401-fab1-4968-a84f-12bf762e2bbf/datanode-1/data/ratis] (custom)
2019-09-26 16:53:52,125 [pool-37-thread-1] INFO  storage.RaftStorageDirectory (RaftStorageDirectory.java:analyzeStorage(246)) - The storage directory /workdir/hadoop-ozone/integration-test/target/test-dir/MiniOzoneClusterImpl-fdc3d401-fab1-4968-a84f-12bf762e2bbf/datanode-1/data/ratis/9f90c86f-c3d1-406f-aaf6-3bf79415ccb3 does not exist. Creating ...
2019-09-26 16:53:52,153 [pool-37-thread-1] INFO  storage.RaftStorageDirectory (RaftStorageDirectory.java:tryLock(328)) - Lock on /workdir/hadoop-ozone/integration-test/target/test-dir/MiniOzoneClusterImpl-fdc3d401-fab1-4968-a84f-12bf762e2bbf/datanode-1/data/ratis/9f90c86f-c3d1-406f-aaf6-3bf79415ccb3/in_use.lock acquired by nodename 15096@pr-hdds-1569-g6sp5-2013761785
2019-09-26 16:53:52,166 [pool-37-thread-1] INFO  storage.RaftStorage (RaftStorage.java:format(72)) - Storage directory /workdir/hadoop-ozone/integration-test/target/test-dir/MiniOzoneClusterImpl-fdc3d401-fab1-4968-a84f-12bf762e2bbf/datanode-1/data/ratis/9f90c86f-c3d1-406f-aaf6-3bf79415ccb3 has been successfully formatted.
2019-09-26 16:53:52,166 [pool-37-thread-1] INFO  ratis.ContainerStateMachine (ContainerStateMachine.java:loadSnapshot(230)) - group-3BF79415CCB3: The snapshot info is null. Setting the last applied indexto:(t:0, i:~)
2019-09-26 16:53:52,166 [pool-37-thread-1] INFO  server.RaftServerConfigKeys (ConfUtils.java:logGet(43)) - raft.server.notification.no-leader.timeout = 120s (custom)
2019-09-26 16:53:52,167 [pool-37-thread-1] INFO  server.RaftServerConfigKeys (ConfUtils.java:logGet(43)) - raft.server.log.use.memory = false (default)
2019-09-26 16:53:52,167 [pool-37-thread-1] INFO  server.RaftServerConfigKeys (ConfUtils.java:logGet(43)) - raft.server.log.purge.gap = 1000000 (custom)
2019-09-26 16:53:52,167 [pool-37-thread-1] INFO  server.RaftServerConfigKeys (ConfUtils.java:logGet(43)) - raft.server.log.appender.buffer.byte-limit = 33554432 (custom)
2019-09-26 16:53:52,167 [pool-37-thread-1] INFO  server.RaftServerConfigKeys (ConfUtils.java:logGet(43)) - raft.server.log.segment.size.max = 1048576 (custom)
2019-09-26 16:53:52,167 [pool-37-thread-1] INFO  server.RaftServerConfigKeys (ConfUtils.java:logGet(43)) - raft.server.log.segment.cache.num.max = 2 (custom)
2019-09-26 16:53:52,167 [pool-37-thread-1] INFO  segmented.SegmentedRaftLogWorker (SegmentedRaftLogWorker.java:<init>(172)) - new 7fda706b-4e23-4e10-baba-12810c05fbbb@group-3BF79415CCB3-SegmentedRaftLogWorker for RaftStorage:Storage Directory /workdir/hadoop-ozone/integration-test/target/test-dir/MiniOzoneClusterImpl-fdc3d401-fab1-4968-a84f-12bf762e2bbf/datanode-1/data/ratis/9f90c86f-c3d1-406f-aaf6-3bf79415ccb3
2019-09-26 16:53:52,168 [pool-37-thread-1] INFO  server.RaftServerConfigKeys (ConfUtils.java:logGet(43)) - raft.server.log.queue.byte-limit = 2147483647 (custom)
2019-09-26 16:53:52,168 [pool-37-thread-1] INFO  server.RaftServerConfigKeys (ConfUtils.java:logGet(43)) - raft.server.log.queue.element-limit = 1024 (custom)
2019-09-26 16:53:52,168 [pool-37-thread-1] INFO  server.RaftServerConfigKeys (ConfUtils.java:logGet(43)) - raft.server.log.segment.size.max = 1048576 (custom)
2019-09-26 16:53:52,168 [pool-37-thread-1] INFO  server.RaftServerConfigKeys (ConfUtils.java:logGet(43)) - raft.server.log.preallocated.size = 16384 (custom)
2019-09-26 16:53:52,168 [pool-37-thread-1] INFO  server.RaftServerConfigKeys (ConfUtils.java:logGet(43)) - raft.server.log.write.buffer.size = 33554432 (custom)
2019-09-26 16:53:52,168 [pool-37-thread-1] INFO  server.RaftServerConfigKeys (ConfUtils.java:logGet(43)) - raft.server.log.force.sync.num = 128 (default)
2019-09-26 16:53:52,169 [pool-37-thread-1] INFO  server.RaftServerConfigKeys (ConfUtils.java:logGet(43)) - raft.server.log.statemachine.data.sync = true (default)
2019-09-26 16:53:52,169 [pool-37-thread-1] INFO  server.RaftServerConfigKeys (ConfUtils.java:logGet(43)) - raft.server.log.statemachine.data.sync.timeout = 10s (default)
2019-09-26 16:53:52,169 [pool-37-thread-1] INFO  server.RaftServerConfigKeys (ConfUtils.java:logGet(43)) - raft.server.log.statemachine.data.sync.timeout.retry = -1 (default)
2019-09-26 16:53:52,169 [pool-37-thread-1] INFO  server.RaftServerConfigKeys (ConfUtils.java:logGet(43)) - raft.server.log.statemachine.data.caching.enabled = true (custom)
2019-09-26 16:53:52,170 [pool-37-thread-1] INFO  segmented.SegmentedRaftLogWorker (SegmentedRaftLogWorker.java:lambda$new$0(132)) - 7fda706b-4e23-4e10-baba-12810c05fbbb@group-3BF79415CCB3-SegmentedRaftLogWorker: flushIndex: setUnconditionally 0 -> -1
2019-09-26 16:53:52,170 [pool-37-thread-1] INFO  server.RaftServerConfigKeys (ConfUtils.java:logGet(43)) - raft.server.snapshot.auto.trigger.enabled = true (custom)
2019-09-26 16:53:52,170 [pool-37-thread-1] INFO  server.RaftServerConfigKeys (ConfUtils.java:logGet(43)) - raft.server.snapshot.auto.trigger.threshold = 10000 (custom)
2019-09-26 16:53:52,170 [pool-37-thread-1] INFO  server.RaftServerConfigKeys (ConfUtils.java:logGet(43)) - raft.server.snapshot.retention.num.files = 5 (custom)
2019-09-26 16:53:52,170 [pool-37-thread-1] INFO  server.RaftServerConfigKeys (ConfUtils.java:logGet(43)) - raft.server.retrycache.expirytime = 600000ms (custom)
2019-09-26 16:53:52,173 [pool-37-thread-1] INFO  impl.RaftServerImpl (RaftServerImpl.java:start(185)) - 7fda706b-4e23-4e10-baba-12810c05fbbb@group-3BF79415CCB3: start as a follower, conf=-1: [7fda706b-4e23-4e10-baba-12810c05fbbb:192.168.151.99:32897], old=null
2019-09-26 16:53:52,174 [pool-37-thread-1] INFO  impl.RaftServerImpl (RaftServerImpl.java:setRole(174)) - 7fda706b-4e23-4e10-baba-12810c05fbbb@group-3BF79415CCB3: changes role from      null to FOLLOWER at term 0 for startAsFollower
2019-09-26 16:53:52,174 [pool-37-thread-1] INFO  impl.RoleInfo (RoleInfo.java:updateAndGet(143)) - 7fda706b-4e23-4e10-baba-12810c05fbbb: start FollowerState
2019-09-26 16:53:52,174 [pool-37-thread-1] INFO  util.JmxRegister (JmxRegister.java:tryRegister(44)) - Successfully registered JMX Bean with object name Ratis:service=RaftServer,group=group-3BF79415CCB3,id=7fda706b-4e23-4e10-baba-12810c05fbbb
2019-09-26 16:53:52,178 [RatisPipelineUtilsThread] INFO  pipeline.PipelineStateManager (PipelineStateManager.java:addPipeline(56)) - Created pipeline Pipeline[ Id: 9f90c86f-c3d1-406f-aaf6-3bf79415ccb3, Nodes: 7fda706b-4e23-4e10-baba-12810c05fbbb{ip: 192.168.151.99, host: pr-hdds-1569-g6sp5-2013761785, networkLocation: /default-rack, certSerialId: null}, Type:RATIS, Factor:ONE, State:OPEN]
2019-09-26 16:53:52,184 [grpc-default-executor-1] INFO  impl.RaftServerProxy (RaftServerProxy.java:addNew(89)) - deac9605-e739-4d95-8360-f57df793faca: addNew group-72430D919955:[deac9605-e739-4d95-8360-f57df793faca:192.168.151.99:46601] returns group-72430D919955:java.util.concurrent.CompletableFuture@215611cb[Not completed]
2019-09-26 16:53:52,186 [pool-27-thread-1] INFO  impl.RaftServerImpl (RaftServerImpl.java:<init>(95)) - deac9605-e739-4d95-8360-f57df793faca: new RaftServerImpl for group-72430D919955:[deac9605-e739-4d95-8360-f57df793faca:192.168.151.99:46601] with ContainerStateMachine:uninitialized
2019-09-26 16:53:52,186 [pool-27-thread-1] INFO  server.RaftServerConfigKeys (ConfUtils.java:logGet(43)) - raft.server.rpc.timeout.min = 5s (custom)
2019-09-26 16:53:52,186 [pool-27-thread-1] INFO  server.RaftServerConfigKeys (ConfUtils.java:logGet(43)) - raft.server.rpc.timeout.max = 5200ms (custom)
2019-09-26 16:53:52,186 [pool-27-thread-1] INFO  server.RaftServerConfigKeys (ConfUtils.java:logGet(43)) - raft.server.rpcslowness.timeout = 120s (custom)
2019-09-26 16:53:52,186 [pool-27-thread-1] INFO  server.RaftServerConfigKeys (ConfUtils.java:logGet(43)) - raft.server.sleep.deviation.threshold = 300 (default)
2019-09-26 16:53:52,186 [pool-27-thread-1] INFO  server.RaftServerConfigKeys (ConfUtils.java:logGet(43)) - raft.server.log.appender.install.snapshot.enabled = false (custom)
2019-09-26 16:53:52,187 [pool-27-thread-1] INFO  impl.RaftServerImpl (ServerState.java:<init>(103)) - deac9605-e739-4d95-8360-f57df793faca@group-72430D919955: ConfigurationManager, init=-1: [deac9605-e739-4d95-8360-f57df793faca:192.168.151.99:46601], old=null, confs=<EMPTY_MAP>
2019-09-26 16:53:52,187 [pool-27-thread-1] INFO  server.RaftServerConfigKeys (ConfUtils.java:logGet(43)) - raft.server.storage.dir = [/workdir/hadoop-ozone/integration-test/target/test-dir/MiniOzoneClusterImpl-fdc3d401-fab1-4968-a84f-12bf762e2bbf/datanode-0/data/ratis] (custom)
2019-09-26 16:53:52,187 [pool-27-thread-1] INFO  storage.RaftStorageDirectory (RaftStorageDirectory.java:analyzeStorage(246)) - The storage directory /workdir/hadoop-ozone/integration-test/target/test-dir/MiniOzoneClusterImpl-fdc3d401-fab1-4968-a84f-12bf762e2bbf/datanode-0/data/ratis/2717b020-b6b2-4e14-9833-72430d919955 does not exist. Creating ...
2019-09-26 16:53:52,200 [pool-27-thread-1] INFO  storage.RaftStorageDirectory (RaftStorageDirectory.java:tryLock(328)) - Lock on /workdir/hadoop-ozone/integration-test/target/test-dir/MiniOzoneClusterImpl-fdc3d401-fab1-4968-a84f-12bf762e2bbf/datanode-0/data/ratis/2717b020-b6b2-4e14-9833-72430d919955/in_use.lock acquired by nodename 15096@pr-hdds-1569-g6sp5-2013761785
2019-09-26 16:53:52,213 [pool-27-thread-1] INFO  storage.RaftStorage (RaftStorage.java:format(72)) - Storage directory /workdir/hadoop-ozone/integration-test/target/test-dir/MiniOzoneClusterImpl-fdc3d401-fab1-4968-a84f-12bf762e2bbf/datanode-0/data/ratis/2717b020-b6b2-4e14-9833-72430d919955 has been successfully formatted.
2019-09-26 16:53:52,214 [pool-27-thread-1] INFO  ratis.ContainerStateMachine (ContainerStateMachine.java:loadSnapshot(230)) - group-72430D919955: The snapshot info is null. Setting the last applied indexto:(t:0, i:~)
2019-09-26 16:53:52,214 [pool-27-thread-1] INFO  server.RaftServerConfigKeys (ConfUtils.java:logGet(43)) - raft.server.notification.no-leader.timeout = 120s (custom)
2019-09-26 16:53:52,214 [pool-27-thread-1] INFO  server.RaftServerConfigKeys (ConfUtils.java:logGet(43)) - raft.server.log.use.memory = false (default)
2019-09-26 16:53:52,214 [pool-27-thread-1] INFO  server.RaftServerConfigKeys (ConfUtils.java:logGet(43)) - raft.server.log.purge.gap = 1000000 (custom)
2019-09-26 16:53:52,214 [pool-27-thread-1] INFO  server.RaftServerConfigKeys (ConfUtils.java:logGet(43)) - raft.server.log.appender.buffer.byte-limit = 33554432 (custom)
2019-09-26 16:53:52,215 [pool-27-thread-1] INFO  server.RaftServerConfigKeys (ConfUtils.java:logGet(43)) - raft.server.log.segment.size.max = 1048576 (custom)
2019-09-26 16:53:52,215 [pool-27-thread-1] INFO  server.RaftServerConfigKeys (ConfUtils.java:logGet(43)) - raft.server.log.segment.cache.num.max = 2 (custom)
2019-09-26 16:53:52,215 [pool-27-thread-1] INFO  segmented.SegmentedRaftLogWorker (SegmentedRaftLogWorker.java:<init>(172)) - new deac9605-e739-4d95-8360-f57df793faca@group-72430D919955-SegmentedRaftLogWorker for RaftStorage:Storage Directory /workdir/hadoop-ozone/integration-test/target/test-dir/MiniOzoneClusterImpl-fdc3d401-fab1-4968-a84f-12bf762e2bbf/datanode-0/data/ratis/2717b020-b6b2-4e14-9833-72430d919955
2019-09-26 16:53:52,215 [pool-27-thread-1] INFO  server.RaftServerConfigKeys (ConfUtils.java:logGet(43)) - raft.server.log.queue.byte-limit = 2147483647 (custom)
2019-09-26 16:53:52,215 [pool-27-thread-1] INFO  server.RaftServerConfigKeys (ConfUtils.java:logGet(43)) - raft.server.log.queue.element-limit = 1024 (custom)
2019-09-26 16:53:52,216 [pool-27-thread-1] INFO  server.RaftServerConfigKeys (ConfUtils.java:logGet(43)) - raft.server.log.segment.size.max = 1048576 (custom)
2019-09-26 16:53:52,216 [pool-27-thread-1] INFO  server.RaftServerConfigKeys (ConfUtils.java:logGet(43)) - raft.server.log.preallocated.size = 16384 (custom)
2019-09-26 16:53:52,216 [pool-27-thread-1] INFO  server.RaftServerConfigKeys (ConfUtils.java:logGet(43)) - raft.server.log.write.buffer.size = 33554432 (custom)
2019-09-26 16:53:52,216 [pool-27-thread-1] INFO  server.RaftServerConfigKeys (ConfUtils.java:logGet(43)) - raft.server.log.force.sync.num = 128 (default)
2019-09-26 16:53:52,216 [pool-27-thread-1] INFO  server.RaftServerConfigKeys (ConfUtils.java:logGet(43)) - raft.server.log.statemachine.data.sync = true (default)
2019-09-26 16:53:52,216 [pool-27-thread-1] INFO  server.RaftServerConfigKeys (ConfUtils.java:logGet(43)) - raft.server.log.statemachine.data.sync.timeout = 10s (default)
2019-09-26 16:53:52,217 [pool-27-thread-1] INFO  server.RaftServerConfigKeys (ConfUtils.java:logGet(43)) - raft.server.log.statemachine.data.sync.timeout.retry = -1 (default)
2019-09-26 16:53:52,217 [pool-27-thread-1] INFO  server.RaftServerConfigKeys (ConfUtils.java:logGet(43)) - raft.server.log.statemachine.data.caching.enabled = true (custom)
2019-09-26 16:53:52,217 [pool-27-thread-1] INFO  segmented.SegmentedRaftLogWorker (SegmentedRaftLogWorker.java:lambda$new$0(132)) - deac9605-e739-4d95-8360-f57df793faca@group-72430D919955-SegmentedRaftLogWorker: flushIndex: setUnconditionally 0 -> -1
2019-09-26 16:53:52,218 [pool-27-thread-1] INFO  server.RaftServerConfigKeys (ConfUtils.java:logGet(43)) - raft.server.snapshot.auto.trigger.enabled = true (custom)
2019-09-26 16:53:52,218 [pool-27-thread-1] INFO  server.RaftServerConfigKeys (ConfUtils.java:logGet(43)) - raft.server.snapshot.auto.trigger.threshold = 10000 (custom)
2019-09-26 16:53:52,218 [pool-27-thread-1] INFO  server.RaftServerConfigKeys (ConfUtils.java:logGet(43)) - raft.server.snapshot.retention.num.files = 5 (custom)
2019-09-26 16:53:52,218 [pool-27-thread-1] INFO  server.RaftServerConfigKeys (ConfUtils.java:logGet(43)) - raft.server.retrycache.expirytime = 600000ms (custom)
2019-09-26 16:53:52,221 [pool-27-thread-1] INFO  impl.RaftServerImpl (RaftServerImpl.java:start(185)) - deac9605-e739-4d95-8360-f57df793faca@group-72430D919955: start as a follower, conf=-1: [deac9605-e739-4d95-8360-f57df793faca:192.168.151.99:46601], old=null
2019-09-26 16:53:52,221 [pool-27-thread-1] INFO  impl.RaftServerImpl (RaftServerImpl.java:setRole(174)) - deac9605-e739-4d95-8360-f57df793faca@group-72430D919955: changes role from      null to FOLLOWER at term 0 for startAsFollower
2019-09-26 16:53:52,221 [pool-27-thread-1] INFO  impl.RoleInfo (RoleInfo.java:updateAndGet(143)) - deac9605-e739-4d95-8360-f57df793faca: start FollowerState
2019-09-26 16:53:52,222 [pool-27-thread-1] INFO  util.JmxRegister (JmxRegister.java:tryRegister(44)) - Successfully registered JMX Bean with object name Ratis:service=RaftServer,group=group-72430D919955,id=deac9605-e739-4d95-8360-f57df793faca
2019-09-26 16:53:52,225 [RatisPipelineUtilsThread] INFO  pipeline.PipelineStateManager (PipelineStateManager.java:addPipeline(56)) - Created pipeline Pipeline[ Id: 2717b020-b6b2-4e14-9833-72430d919955, Nodes: deac9605-e739-4d95-8360-f57df793faca{ip: 192.168.151.99, host: pr-hdds-1569-g6sp5-2013761785, networkLocation: /default-rack, certSerialId: null}, Type:RATIS, Factor:ONE, State:OPEN]
2019-09-26 16:53:52,230 [grpc-default-executor-1] INFO  impl.RaftServerProxy (RaftServerProxy.java:addNew(89)) - 5160ea40-cc48-41a9-a1d1-1151a36e77d8: addNew group-15BBC5724586:[5160ea40-cc48-41a9-a1d1-1151a36e77d8:192.168.151.99:45356] returns group-15BBC5724586:java.util.concurrent.CompletableFuture@77836edf[Not completed]
2019-09-26 16:53:52,232 [pool-57-thread-1] INFO  impl.RaftServerImpl (RaftServerImpl.java:<init>(95)) - 5160ea40-cc48-41a9-a1d1-1151a36e77d8: new RaftServerImpl for group-15BBC5724586:[5160ea40-cc48-41a9-a1d1-1151a36e77d8:192.168.151.99:45356] with ContainerStateMachine:uninitialized
2019-09-26 16:53:52,232 [pool-57-thread-1] INFO  server.RaftServerConfigKeys (ConfUtils.java:logGet(43)) - raft.server.rpc.timeout.min = 5s (custom)
2019-09-26 16:53:52,232 [pool-57-thread-1] INFO  server.RaftServerConfigKeys (ConfUtils.java:logGet(43)) - raft.server.rpc.timeout.max = 5200ms (custom)
2019-09-26 16:53:52,232 [pool-57-thread-1] INFO  server.RaftServerConfigKeys (ConfUtils.java:logGet(43)) - raft.server.rpcslowness.timeout = 120s (custom)
2019-09-26 16:53:52,232 [pool-57-thread-1] INFO  server.RaftServerConfigKeys (ConfUtils.java:logGet(43)) - raft.server.sleep.deviation.threshold = 300 (default)
2019-09-26 16:53:52,232 [pool-57-thread-1] INFO  server.RaftServerConfigKeys (ConfUtils.java:logGet(43)) - raft.server.log.appender.install.snapshot.enabled = false (custom)
2019-09-26 16:53:52,232 [pool-57-thread-1] INFO  impl.RaftServerImpl (ServerState.java:<init>(103)) - 5160ea40-cc48-41a9-a1d1-1151a36e77d8@group-15BBC5724586: ConfigurationManager, init=-1: [5160ea40-cc48-41a9-a1d1-1151a36e77d8:192.168.151.99:45356], old=null, confs=<EMPTY_MAP>
2019-09-26 16:53:52,233 [pool-57-thread-1] INFO  server.RaftServerConfigKeys (ConfUtils.java:logGet(43)) - raft.server.storage.dir = [/workdir/hadoop-ozone/integration-test/target/test-dir/MiniOzoneClusterImpl-fdc3d401-fab1-4968-a84f-12bf762e2bbf/datanode-3/data/ratis] (custom)
2019-09-26 16:53:52,233 [pool-57-thread-1] INFO  storage.RaftStorageDirectory (RaftStorageDirectory.java:analyzeStorage(246)) - The storage directory /workdir/hadoop-ozone/integration-test/target/test-dir/MiniOzoneClusterImpl-fdc3d401-fab1-4968-a84f-12bf762e2bbf/datanode-3/data/ratis/9ec9769c-428e-4b72-8e8c-15bbc5724586 does not exist. Creating ...
2019-09-26 16:53:52,246 [pool-57-thread-1] INFO  storage.RaftStorageDirectory (RaftStorageDirectory.java:tryLock(328)) - Lock on /workdir/hadoop-ozone/integration-test/target/test-dir/MiniOzoneClusterImpl-fdc3d401-fab1-4968-a84f-12bf762e2bbf/datanode-3/data/ratis/9ec9769c-428e-4b72-8e8c-15bbc5724586/in_use.lock acquired by nodename 15096@pr-hdds-1569-g6sp5-2013761785
2019-09-26 16:53:52,259 [pool-57-thread-1] INFO  storage.RaftStorage (RaftStorage.java:format(72)) - Storage directory /workdir/hadoop-ozone/integration-test/target/test-dir/MiniOzoneClusterImpl-fdc3d401-fab1-4968-a84f-12bf762e2bbf/datanode-3/data/ratis/9ec9769c-428e-4b72-8e8c-15bbc5724586 has been successfully formatted.
2019-09-26 16:53:52,259 [pool-57-thread-1] INFO  ratis.ContainerStateMachine (ContainerStateMachine.java:loadSnapshot(230)) - group-15BBC5724586: The snapshot info is null. Setting the last applied indexto:(t:0, i:~)
2019-09-26 16:53:52,260 [pool-57-thread-1] INFO  server.RaftServerConfigKeys (ConfUtils.java:logGet(43)) - raft.server.notification.no-leader.timeout = 120s (custom)
2019-09-26 16:53:52,260 [pool-57-thread-1] INFO  server.RaftServerConfigKeys (ConfUtils.java:logGet(43)) - raft.server.log.use.memory = false (default)
2019-09-26 16:53:52,260 [pool-57-thread-1] INFO  server.RaftServerConfigKeys (ConfUtils.java:logGet(43)) - raft.server.log.purge.gap = 1000000 (custom)
2019-09-26 16:53:52,260 [pool-57-thread-1] INFO  server.RaftServerConfigKeys (ConfUtils.java:logGet(43)) - raft.server.log.appender.buffer.byte-limit = 33554432 (custom)
2019-09-26 16:53:52,260 [pool-57-thread-1] INFO  server.RaftServerConfigKeys (ConfUtils.java:logGet(43)) - raft.server.log.segment.size.max = 1048576 (custom)
2019-09-26 16:53:52,260 [pool-57-thread-1] INFO  server.RaftServerConfigKeys (ConfUtils.java:logGet(43)) - raft.server.log.segment.cache.num.max = 2 (custom)
2019-09-26 16:53:52,261 [pool-57-thread-1] INFO  segmented.SegmentedRaftLogWorker (SegmentedRaftLogWorker.java:<init>(172)) - new 5160ea40-cc48-41a9-a1d1-1151a36e77d8@group-15BBC5724586-SegmentedRaftLogWorker for RaftStorage:Storage Directory /workdir/hadoop-ozone/integration-test/target/test-dir/MiniOzoneClusterImpl-fdc3d401-fab1-4968-a84f-12bf762e2bbf/datanode-3/data/ratis/9ec9769c-428e-4b72-8e8c-15bbc5724586
2019-09-26 16:53:52,261 [pool-57-thread-1] INFO  server.RaftServerConfigKeys (ConfUtils.java:logGet(43)) - raft.server.log.queue.byte-limit = 2147483647 (custom)
2019-09-26 16:53:52,261 [pool-57-thread-1] INFO  server.RaftServerConfigKeys (ConfUtils.java:logGet(43)) - raft.server.log.queue.element-limit = 1024 (custom)
2019-09-26 16:53:52,261 [pool-57-thread-1] INFO  server.RaftServerConfigKeys (ConfUtils.java:logGet(43)) - raft.server.log.segment.size.max = 1048576 (custom)
2019-09-26 16:53:52,261 [pool-57-thread-1] INFO  server.RaftServerConfigKeys (ConfUtils.java:logGet(43)) - raft.server.log.preallocated.size = 16384 (custom)
2019-09-26 16:53:52,261 [pool-57-thread-1] INFO  server.RaftServerConfigKeys (ConfUtils.java:logGet(43)) - raft.server.log.write.buffer.size = 33554432 (custom)
2019-09-26 16:53:52,261 [pool-57-thread-1] INFO  server.RaftServerConfigKeys (ConfUtils.java:logGet(43)) - raft.server.log.force.sync.num = 128 (default)
2019-09-26 16:53:52,262 [pool-57-thread-1] INFO  server.RaftServerConfigKeys (ConfUtils.java:logGet(43)) - raft.server.log.statemachine.data.sync = true (default)
2019-09-26 16:53:52,262 [pool-57-thread-1] INFO  server.RaftServerConfigKeys (ConfUtils.java:logGet(43)) - raft.server.log.statemachine.data.sync.timeout = 10s (default)
2019-09-26 16:53:52,262 [pool-57-thread-1] INFO  server.RaftServerConfigKeys (ConfUtils.java:logGet(43)) - raft.server.log.statemachine.data.sync.timeout.retry = -1 (default)
2019-09-26 16:53:52,262 [pool-57-thread-1] INFO  server.RaftServerConfigKeys (ConfUtils.java:logGet(43)) - raft.server.log.statemachine.data.caching.enabled = true (custom)
2019-09-26 16:53:52,263 [pool-57-thread-1] INFO  segmented.SegmentedRaftLogWorker (SegmentedRaftLogWorker.java:lambda$new$0(132)) - 5160ea40-cc48-41a9-a1d1-1151a36e77d8@group-15BBC5724586-SegmentedRaftLogWorker: flushIndex: setUnconditionally 0 -> -1
2019-09-26 16:53:52,263 [pool-57-thread-1] INFO  server.RaftServerConfigKeys (ConfUtils.java:logGet(43)) - raft.server.snapshot.auto.trigger.enabled = true (custom)
2019-09-26 16:53:52,263 [pool-57-thread-1] INFO  server.RaftServerConfigKeys (ConfUtils.java:logGet(43)) - raft.server.snapshot.auto.trigger.threshold = 10000 (custom)
2019-09-26 16:53:52,263 [pool-57-thread-1] INFO  server.RaftServerConfigKeys (ConfUtils.java:logGet(43)) - raft.server.snapshot.retention.num.files = 5 (custom)
2019-09-26 16:53:52,263 [pool-57-thread-1] INFO  server.RaftServerConfigKeys (ConfUtils.java:logGet(43)) - raft.server.retrycache.expirytime = 600000ms (custom)
2019-09-26 16:53:52,266 [pool-57-thread-1] INFO  impl.RaftServerImpl (RaftServerImpl.java:start(185)) - 5160ea40-cc48-41a9-a1d1-1151a36e77d8@group-15BBC5724586: start as a follower, conf=-1: [5160ea40-cc48-41a9-a1d1-1151a36e77d8:192.168.151.99:45356], old=null
2019-09-26 16:53:52,266 [pool-57-thread-1] INFO  impl.RaftServerImpl (RaftServerImpl.java:setRole(174)) - 5160ea40-cc48-41a9-a1d1-1151a36e77d8@group-15BBC5724586: changes role from      null to FOLLOWER at term 0 for startAsFollower
2019-09-26 16:53:52,266 [pool-57-thread-1] INFO  impl.RoleInfo (RoleInfo.java:updateAndGet(143)) - 5160ea40-cc48-41a9-a1d1-1151a36e77d8: start FollowerState
2019-09-26 16:53:52,267 [pool-57-thread-1] INFO  util.JmxRegister (JmxRegister.java:tryRegister(44)) - Successfully registered JMX Bean with object name Ratis:service=RaftServer,group=group-15BBC5724586,id=5160ea40-cc48-41a9-a1d1-1151a36e77d8
2019-09-26 16:53:52,270 [RatisPipelineUtilsThread] INFO  pipeline.PipelineStateManager (PipelineStateManager.java:addPipeline(56)) - Created pipeline Pipeline[ Id: 9ec9769c-428e-4b72-8e8c-15bbc5724586, Nodes: 5160ea40-cc48-41a9-a1d1-1151a36e77d8{ip: 192.168.151.99, host: pr-hdds-1569-g6sp5-2013761785, networkLocation: /default-rack, certSerialId: null}, Type:RATIS, Factor:ONE, State:OPEN]
2019-09-26 16:53:52,275 [grpc-default-executor-1] INFO  impl.RaftServerProxy (RaftServerProxy.java:addNew(89)) - d17cca1b-2e6b-48b2-8b1c-3559490fa529: addNew group-A551D1B70A2C:[d17cca1b-2e6b-48b2-8b1c-3559490fa529:192.168.151.99:40714] returns group-A551D1B70A2C:java.util.concurrent.CompletableFuture@67c4786f[Not completed]
2019-09-26 16:53:52,277 [pool-77-thread-1] INFO  impl.RaftServerImpl (RaftServerImpl.java:<init>(95)) - d17cca1b-2e6b-48b2-8b1c-3559490fa529: new RaftServerImpl for group-A551D1B70A2C:[d17cca1b-2e6b-48b2-8b1c-3559490fa529:192.168.151.99:40714] with ContainerStateMachine:uninitialized
2019-09-26 16:53:52,277 [pool-77-thread-1] INFO  server.RaftServerConfigKeys (ConfUtils.java:logGet(43)) - raft.server.rpc.timeout.min = 5s (custom)
2019-09-26 16:53:52,277 [pool-77-thread-1] INFO  server.RaftServerConfigKeys (ConfUtils.java:logGet(43)) - raft.server.rpc.timeout.max = 5200ms (custom)
2019-09-26 16:53:52,277 [pool-77-thread-1] INFO  server.RaftServerConfigKeys (ConfUtils.java:logGet(43)) - raft.server.rpcslowness.timeout = 120s (custom)
2019-09-26 16:53:52,277 [pool-77-thread-1] INFO  server.RaftServerConfigKeys (ConfUtils.java:logGet(43)) - raft.server.sleep.deviation.threshold = 300 (default)
2019-09-26 16:53:52,277 [pool-77-thread-1] INFO  server.RaftServerConfigKeys (ConfUtils.java:logGet(43)) - raft.server.log.appender.install.snapshot.enabled = false (custom)
2019-09-26 16:53:52,278 [pool-77-thread-1] INFO  impl.RaftServerImpl (ServerState.java:<init>(103)) - d17cca1b-2e6b-48b2-8b1c-3559490fa529@group-A551D1B70A2C: ConfigurationManager, init=-1: [d17cca1b-2e6b-48b2-8b1c-3559490fa529:192.168.151.99:40714], old=null, confs=<EMPTY_MAP>
2019-09-26 16:53:52,278 [pool-77-thread-1] INFO  server.RaftServerConfigKeys (ConfUtils.java:logGet(43)) - raft.server.storage.dir = [/workdir/hadoop-ozone/integration-test/target/test-dir/MiniOzoneClusterImpl-fdc3d401-fab1-4968-a84f-12bf762e2bbf/datanode-5/data/ratis] (custom)
2019-09-26 16:53:52,278 [pool-77-thread-1] INFO  storage.RaftStorageDirectory (RaftStorageDirectory.java:analyzeStorage(246)) - The storage directory /workdir/hadoop-ozone/integration-test/target/test-dir/MiniOzoneClusterImpl-fdc3d401-fab1-4968-a84f-12bf762e2bbf/datanode-5/data/ratis/b3fe7351-7fc1-4e9e-ad5b-a551d1b70a2c does not exist. Creating ...
2019-09-26 16:53:52,292 [pool-77-thread-1] INFO  storage.RaftStorageDirectory (RaftStorageDirectory.java:tryLock(328)) - Lock on /workdir/hadoop-ozone/integration-test/target/test-dir/MiniOzoneClusterImpl-fdc3d401-fab1-4968-a84f-12bf762e2bbf/datanode-5/data/ratis/b3fe7351-7fc1-4e9e-ad5b-a551d1b70a2c/in_use.lock acquired by nodename 15096@pr-hdds-1569-g6sp5-2013761785
2019-09-26 16:53:52,306 [pool-77-thread-1] INFO  storage.RaftStorage (RaftStorage.java:format(72)) - Storage directory /workdir/hadoop-ozone/integration-test/target/test-dir/MiniOzoneClusterImpl-fdc3d401-fab1-4968-a84f-12bf762e2bbf/datanode-5/data/ratis/b3fe7351-7fc1-4e9e-ad5b-a551d1b70a2c has been successfully formatted.
2019-09-26 16:53:52,306 [pool-77-thread-1] INFO  ratis.ContainerStateMachine (ContainerStateMachine.java:loadSnapshot(230)) - group-A551D1B70A2C: The snapshot info is null. Setting the last applied indexto:(t:0, i:~)
2019-09-26 16:53:52,306 [pool-77-thread-1] INFO  server.RaftServerConfigKeys (ConfUtils.java:logGet(43)) - raft.server.notification.no-leader.timeout = 120s (custom)
2019-09-26 16:53:52,306 [pool-77-thread-1] INFO  server.RaftServerConfigKeys (ConfUtils.java:logGet(43)) - raft.server.log.use.memory = false (default)
2019-09-26 16:53:52,307 [pool-77-thread-1] INFO  server.RaftServerConfigKeys (ConfUtils.java:logGet(43)) - raft.server.log.purge.gap = 1000000 (custom)
2019-09-26 16:53:52,307 [pool-77-thread-1] INFO  server.RaftServerConfigKeys (ConfUtils.java:logGet(43)) - raft.server.log.appender.buffer.byte-limit = 33554432 (custom)
2019-09-26 16:53:52,307 [pool-77-thread-1] INFO  server.RaftServerConfigKeys (ConfUtils.java:logGet(43)) - raft.server.log.segment.size.max = 1048576 (custom)
2019-09-26 16:53:52,307 [pool-77-thread-1] INFO  server.RaftServerConfigKeys (ConfUtils.java:logGet(43)) - raft.server.log.segment.cache.num.max = 2 (custom)
2019-09-26 16:53:52,307 [pool-77-thread-1] INFO  segmented.SegmentedRaftLogWorker (SegmentedRaftLogWorker.java:<init>(172)) - new d17cca1b-2e6b-48b2-8b1c-3559490fa529@group-A551D1B70A2C-SegmentedRaftLogWorker for RaftStorage:Storage Directory /workdir/hadoop-ozone/integration-test/target/test-dir/MiniOzoneClusterImpl-fdc3d401-fab1-4968-a84f-12bf762e2bbf/datanode-5/data/ratis/b3fe7351-7fc1-4e9e-ad5b-a551d1b70a2c
2019-09-26 16:53:52,307 [pool-77-thread-1] INFO  server.RaftServerConfigKeys (ConfUtils.java:logGet(43)) - raft.server.log.queue.byte-limit = 2147483647 (custom)
2019-09-26 16:53:52,308 [pool-77-thread-1] INFO  server.RaftServerConfigKeys (ConfUtils.java:logGet(43)) - raft.server.log.queue.element-limit = 1024 (custom)
2019-09-26 16:53:52,308 [pool-77-thread-1] INFO  server.RaftServerConfigKeys (ConfUtils.java:logGet(43)) - raft.server.log.segment.size.max = 1048576 (custom)
2019-09-26 16:53:52,308 [pool-77-thread-1] INFO  server.RaftServerConfigKeys (ConfUtils.java:logGet(43)) - raft.server.log.preallocated.size = 16384 (custom)
2019-09-26 16:53:52,308 [pool-77-thread-1] INFO  server.RaftServerConfigKeys (ConfUtils.java:logGet(43)) - raft.server.log.write.buffer.size = 33554432 (custom)
2019-09-26 16:53:52,308 [pool-77-thread-1] INFO  server.RaftServerConfigKeys (ConfUtils.java:logGet(43)) - raft.server.log.force.sync.num = 128 (default)
2019-09-26 16:53:52,308 [pool-77-thread-1] INFO  server.RaftServerConfigKeys (ConfUtils.java:logGet(43)) - raft.server.log.statemachine.data.sync = true (default)
2019-09-26 16:53:52,309 [pool-77-thread-1] INFO  server.RaftServerConfigKeys (ConfUtils.java:logGet(43)) - raft.server.log.statemachine.data.sync.timeout = 10s (default)
2019-09-26 16:53:52,309 [pool-77-thread-1] INFO  server.RaftServerConfigKeys (ConfUtils.java:logGet(43)) - raft.server.log.statemachine.data.sync.timeout.retry = -1 (default)
2019-09-26 16:53:52,309 [pool-77-thread-1] INFO  server.RaftServerConfigKeys (ConfUtils.java:logGet(43)) - raft.server.log.statemachine.data.caching.enabled = true (custom)
2019-09-26 16:53:52,309 [pool-77-thread-1] INFO  segmented.SegmentedRaftLogWorker (SegmentedRaftLogWorker.java:lambda$new$0(132)) - d17cca1b-2e6b-48b2-8b1c-3559490fa529@group-A551D1B70A2C-SegmentedRaftLogWorker: flushIndex: setUnconditionally 0 -> -1
2019-09-26 16:53:52,310 [pool-77-thread-1] INFO  server.RaftServerConfigKeys (ConfUtils.java:logGet(43)) - raft.server.snapshot.auto.trigger.enabled = true (custom)
2019-09-26 16:53:52,310 [pool-77-thread-1] INFO  server.RaftServerConfigKeys (ConfUtils.java:logGet(43)) - raft.server.snapshot.auto.trigger.threshold = 10000 (custom)
2019-09-26 16:53:52,310 [pool-77-thread-1] INFO  server.RaftServerConfigKeys (ConfUtils.java:logGet(43)) - raft.server.snapshot.retention.num.files = 5 (custom)
2019-09-26 16:53:52,310 [pool-77-thread-1] INFO  server.RaftServerConfigKeys (ConfUtils.java:logGet(43)) - raft.server.retrycache.expirytime = 600000ms (custom)
2019-09-26 16:53:52,313 [pool-77-thread-1] INFO  impl.RaftServerImpl (RaftServerImpl.java:start(185)) - d17cca1b-2e6b-48b2-8b1c-3559490fa529@group-A551D1B70A2C: start as a follower, conf=-1: [d17cca1b-2e6b-48b2-8b1c-3559490fa529:192.168.151.99:40714], old=null
2019-09-26 16:53:52,313 [pool-77-thread-1] INFO  impl.RaftServerImpl (RaftServerImpl.java:setRole(174)) - d17cca1b-2e6b-48b2-8b1c-3559490fa529@group-A551D1B70A2C: changes role from      null to FOLLOWER at term 0 for startAsFollower
2019-09-26 16:53:52,313 [pool-77-thread-1] INFO  impl.RoleInfo (RoleInfo.java:updateAndGet(143)) - d17cca1b-2e6b-48b2-8b1c-3559490fa529: start FollowerState
2019-09-26 16:53:52,314 [pool-77-thread-1] INFO  util.JmxRegister (JmxRegister.java:tryRegister(44)) - Successfully registered JMX Bean with object name Ratis:service=RaftServer,group=group-A551D1B70A2C,id=d17cca1b-2e6b-48b2-8b1c-3559490fa529
2019-09-26 16:53:52,316 [RatisPipelineUtilsThread] INFO  pipeline.PipelineStateManager (PipelineStateManager.java:addPipeline(56)) - Created pipeline Pipeline[ Id: b3fe7351-7fc1-4e9e-ad5b-a551d1b70a2c, Nodes: d17cca1b-2e6b-48b2-8b1c-3559490fa529{ip: 192.168.151.99, host: pr-hdds-1569-g6sp5-2013761785, networkLocation: /default-rack, certSerialId: null}, Type:RATIS, Factor:ONE, State:OPEN]
2019-09-26 16:53:52,322 [grpc-default-executor-1] INFO  impl.RaftServerProxy (RaftServerProxy.java:addNew(89)) - 7fda706b-4e23-4e10-baba-12810c05fbbb: addNew group-C75A7E7829B1:[7fda706b-4e23-4e10-baba-12810c05fbbb:192.168.151.99:32897] returns group-C75A7E7829B1:java.util.concurrent.CompletableFuture@112ab23[Not completed]
2019-09-26 16:53:52,324 [pool-37-thread-1] INFO  impl.RaftServerImpl (RaftServerImpl.java:<init>(95)) - 7fda706b-4e23-4e10-baba-12810c05fbbb: new RaftServerImpl for group-C75A7E7829B1:[7fda706b-4e23-4e10-baba-12810c05fbbb:192.168.151.99:32897] with ContainerStateMachine:uninitialized
2019-09-26 16:53:52,324 [pool-37-thread-1] INFO  server.RaftServerConfigKeys (ConfUtils.java:logGet(43)) - raft.server.rpc.timeout.min = 5s (custom)
2019-09-26 16:53:52,324 [pool-37-thread-1] INFO  server.RaftServerConfigKeys (ConfUtils.java:logGet(43)) - raft.server.rpc.timeout.max = 5200ms (custom)
2019-09-26 16:53:52,324 [pool-37-thread-1] INFO  server.RaftServerConfigKeys (ConfUtils.java:logGet(43)) - raft.server.rpcslowness.timeout = 120s (custom)
2019-09-26 16:53:52,324 [pool-37-thread-1] INFO  server.RaftServerConfigKeys (ConfUtils.java:logGet(43)) - raft.server.sleep.deviation.threshold = 300 (default)
2019-09-26 16:53:52,324 [pool-37-thread-1] INFO  server.RaftServerConfigKeys (ConfUtils.java:logGet(43)) - raft.server.log.appender.install.snapshot.enabled = false (custom)
2019-09-26 16:53:52,325 [pool-37-thread-1] INFO  impl.RaftServerImpl (ServerState.java:<init>(103)) - 7fda706b-4e23-4e10-baba-12810c05fbbb@group-C75A7E7829B1: ConfigurationManager, init=-1: [7fda706b-4e23-4e10-baba-12810c05fbbb:192.168.151.99:32897], old=null, confs=<EMPTY_MAP>
2019-09-26 16:53:52,325 [pool-37-thread-1] INFO  server.RaftServerConfigKeys (ConfUtils.java:logGet(43)) - raft.server.storage.dir = [/workdir/hadoop-ozone/integration-test/target/test-dir/MiniOzoneClusterImpl-fdc3d401-fab1-4968-a84f-12bf762e2bbf/datanode-1/data/ratis] (custom)
2019-09-26 16:53:52,325 [pool-37-thread-1] INFO  storage.RaftStorageDirectory (RaftStorageDirectory.java:analyzeStorage(246)) - The storage directory /workdir/hadoop-ozone/integration-test/target/test-dir/MiniOzoneClusterImpl-fdc3d401-fab1-4968-a84f-12bf762e2bbf/datanode-1/data/ratis/6f50da1f-0089-47ad-9d66-c75a7e7829b1 does not exist. Creating ...
2019-09-26 16:53:52,337 [pool-37-thread-1] INFO  storage.RaftStorageDirectory (RaftStorageDirectory.java:tryLock(328)) - Lock on /workdir/hadoop-ozone/integration-test/target/test-dir/MiniOzoneClusterImpl-fdc3d401-fab1-4968-a84f-12bf762e2bbf/datanode-1/data/ratis/6f50da1f-0089-47ad-9d66-c75a7e7829b1/in_use.lock acquired by nodename 15096@pr-hdds-1569-g6sp5-2013761785
2019-09-26 16:53:52,351 [pool-37-thread-1] INFO  storage.RaftStorage (RaftStorage.java:format(72)) - Storage directory /workdir/hadoop-ozone/integration-test/target/test-dir/MiniOzoneClusterImpl-fdc3d401-fab1-4968-a84f-12bf762e2bbf/datanode-1/data/ratis/6f50da1f-0089-47ad-9d66-c75a7e7829b1 has been successfully formatted.
2019-09-26 16:53:52,351 [pool-37-thread-1] INFO  ratis.ContainerStateMachine (ContainerStateMachine.java:loadSnapshot(230)) - group-C75A7E7829B1: The snapshot info is null. Setting the last applied indexto:(t:0, i:~)
2019-09-26 16:53:52,351 [pool-37-thread-1] INFO  server.RaftServerConfigKeys (ConfUtils.java:logGet(43)) - raft.server.notification.no-leader.timeout = 120s (custom)
2019-09-26 16:53:52,351 [pool-37-thread-1] INFO  server.RaftServerConfigKeys (ConfUtils.java:logGet(43)) - raft.server.log.use.memory = false (default)
2019-09-26 16:53:52,352 [pool-37-thread-1] INFO  server.RaftServerConfigKeys (ConfUtils.java:logGet(43)) - raft.server.log.purge.gap = 1000000 (custom)
2019-09-26 16:53:52,352 [pool-37-thread-1] INFO  server.RaftServerConfigKeys (ConfUtils.java:logGet(43)) - raft.server.log.appender.buffer.byte-limit = 33554432 (custom)
2019-09-26 16:53:52,352 [pool-37-thread-1] INFO  server.RaftServerConfigKeys (ConfUtils.java:logGet(43)) - raft.server.log.segment.size.max = 1048576 (custom)
2019-09-26 16:53:52,352 [pool-37-thread-1] INFO  server.RaftServerConfigKeys (ConfUtils.java:logGet(43)) - raft.server.log.segment.cache.num.max = 2 (custom)
2019-09-26 16:53:52,352 [pool-37-thread-1] INFO  segmented.SegmentedRaftLogWorker (SegmentedRaftLogWorker.java:<init>(172)) - new 7fda706b-4e23-4e10-baba-12810c05fbbb@group-C75A7E7829B1-SegmentedRaftLogWorker for RaftStorage:Storage Directory /workdir/hadoop-ozone/integration-test/target/test-dir/MiniOzoneClusterImpl-fdc3d401-fab1-4968-a84f-12bf762e2bbf/datanode-1/data/ratis/6f50da1f-0089-47ad-9d66-c75a7e7829b1
2019-09-26 16:53:52,352 [pool-37-thread-1] INFO  server.RaftServerConfigKeys (ConfUtils.java:logGet(43)) - raft.server.log.queue.byte-limit = 2147483647 (custom)
2019-09-26 16:53:52,353 [pool-37-thread-1] INFO  server.RaftServerConfigKeys (ConfUtils.java:logGet(43)) - raft.server.log.queue.element-limit = 1024 (custom)
2019-09-26 16:53:52,353 [pool-37-thread-1] INFO  server.RaftServerConfigKeys (ConfUtils.java:logGet(43)) - raft.server.log.segment.size.max = 1048576 (custom)
2019-09-26 16:53:52,353 [pool-37-thread-1] INFO  server.RaftServerConfigKeys (ConfUtils.java:logGet(43)) - raft.server.log.preallocated.size = 16384 (custom)
2019-09-26 16:53:52,353 [pool-37-thread-1] INFO  server.RaftServerConfigKeys (ConfUtils.java:logGet(43)) - raft.server.log.write.buffer.size = 33554432 (custom)
2019-09-26 16:53:52,353 [pool-37-thread-1] INFO  server.RaftServerConfigKeys (ConfUtils.java:logGet(43)) - raft.server.log.force.sync.num = 128 (default)
2019-09-26 16:53:52,353 [pool-37-thread-1] INFO  server.RaftServerConfigKeys (ConfUtils.java:logGet(43)) - raft.server.log.statemachine.data.sync = true (default)
2019-09-26 16:53:52,354 [pool-37-thread-1] INFO  server.RaftServerConfigKeys (ConfUtils.java:logGet(43)) - raft.server.log.statemachine.data.sync.timeout = 10s (default)
2019-09-26 16:53:52,354 [pool-37-thread-1] INFO  server.RaftServerConfigKeys (ConfUtils.java:logGet(43)) - raft.server.log.statemachine.data.sync.timeout.retry = -1 (default)
2019-09-26 16:53:52,354 [pool-37-thread-1] INFO  server.RaftServerConfigKeys (ConfUtils.java:logGet(43)) - raft.server.log.statemachine.data.caching.enabled = true (custom)
2019-09-26 16:53:52,354 [pool-37-thread-1] INFO  segmented.SegmentedRaftLogWorker (SegmentedRaftLogWorker.java:lambda$new$0(132)) - 7fda706b-4e23-4e10-baba-12810c05fbbb@group-C75A7E7829B1-SegmentedRaftLogWorker: flushIndex: setUnconditionally 0 -> -1
2019-09-26 16:53:52,355 [pool-37-thread-1] INFO  server.RaftServerConfigKeys (ConfUtils.java:logGet(43)) - raft.server.snapshot.auto.trigger.enabled = true (custom)
2019-09-26 16:53:52,355 [pool-37-thread-1] INFO  server.RaftServerConfigKeys (ConfUtils.java:logGet(43)) - raft.server.snapshot.auto.trigger.threshold = 10000 (custom)
2019-09-26 16:53:52,355 [pool-37-thread-1] INFO  server.RaftServerConfigKeys (ConfUtils.java:logGet(43)) - raft.server.snapshot.retention.num.files = 5 (custom)
2019-09-26 16:53:52,355 [pool-37-thread-1] INFO  server.RaftServerConfigKeys (ConfUtils.java:logGet(43)) - raft.server.retrycache.expirytime = 600000ms (custom)
2019-09-26 16:53:52,358 [pool-37-thread-1] INFO  impl.RaftServerImpl (RaftServerImpl.java:start(185)) - 7fda706b-4e23-4e10-baba-12810c05fbbb@group-C75A7E7829B1: start as a follower, conf=-1: [7fda706b-4e23-4e10-baba-12810c05fbbb:192.168.151.99:32897], old=null
2019-09-26 16:53:52,358 [pool-37-thread-1] INFO  impl.RaftServerImpl (RaftServerImpl.java:setRole(174)) - 7fda706b-4e23-4e10-baba-12810c05fbbb@group-C75A7E7829B1: changes role from      null to FOLLOWER at term 0 for startAsFollower
2019-09-26 16:53:52,358 [pool-37-thread-1] INFO  impl.RoleInfo (RoleInfo.java:updateAndGet(143)) - 7fda706b-4e23-4e10-baba-12810c05fbbb: start FollowerState
2019-09-26 16:53:52,359 [pool-37-thread-1] INFO  util.JmxRegister (JmxRegister.java:tryRegister(44)) - Successfully registered JMX Bean with object name Ratis:service=RaftServer,group=group-C75A7E7829B1,id=7fda706b-4e23-4e10-baba-12810c05fbbb
2019-09-26 16:53:52,361 [RatisPipelineUtilsThread] INFO  pipeline.PipelineStateManager (PipelineStateManager.java:addPipeline(56)) - Created pipeline Pipeline[ Id: 6f50da1f-0089-47ad-9d66-c75a7e7829b1, Nodes: 7fda706b-4e23-4e10-baba-12810c05fbbb{ip: 192.168.151.99, host: pr-hdds-1569-g6sp5-2013761785, networkLocation: /default-rack, certSerialId: null}, Type:RATIS, Factor:ONE, State:OPEN]
2019-09-26 16:53:52,367 [grpc-default-executor-1] INFO  impl.RaftServerProxy (RaftServerProxy.java:addNew(89)) - d17cca1b-2e6b-48b2-8b1c-3559490fa529: addNew group-995509E3E8EE:[d17cca1b-2e6b-48b2-8b1c-3559490fa529:192.168.151.99:40714] returns group-995509E3E8EE:java.util.concurrent.CompletableFuture@5cfc9c52[Not completed]
2019-09-26 16:53:52,368 [pool-77-thread-1] INFO  impl.RaftServerImpl (RaftServerImpl.java:<init>(95)) - d17cca1b-2e6b-48b2-8b1c-3559490fa529: new RaftServerImpl for group-995509E3E8EE:[d17cca1b-2e6b-48b2-8b1c-3559490fa529:192.168.151.99:40714] with ContainerStateMachine:uninitialized
2019-09-26 16:53:52,369 [pool-77-thread-1] INFO  server.RaftServerConfigKeys (ConfUtils.java:logGet(43)) - raft.server.rpc.timeout.min = 5s (custom)
2019-09-26 16:53:52,369 [pool-77-thread-1] INFO  server.RaftServerConfigKeys (ConfUtils.java:logGet(43)) - raft.server.rpc.timeout.max = 5200ms (custom)
2019-09-26 16:53:52,369 [pool-77-thread-1] INFO  server.RaftServerConfigKeys (ConfUtils.java:logGet(43)) - raft.server.rpcslowness.timeout = 120s (custom)
2019-09-26 16:53:52,369 [pool-77-thread-1] INFO  server.RaftServerConfigKeys (ConfUtils.java:logGet(43)) - raft.server.sleep.deviation.threshold = 300 (default)
2019-09-26 16:53:52,369 [pool-77-thread-1] INFO  server.RaftServerConfigKeys (ConfUtils.java:logGet(43)) - raft.server.log.appender.install.snapshot.enabled = false (custom)
2019-09-26 16:53:52,369 [pool-77-thread-1] INFO  impl.RaftServerImpl (ServerState.java:<init>(103)) - d17cca1b-2e6b-48b2-8b1c-3559490fa529@group-995509E3E8EE: ConfigurationManager, init=-1: [d17cca1b-2e6b-48b2-8b1c-3559490fa529:192.168.151.99:40714], old=null, confs=<EMPTY_MAP>
2019-09-26 16:53:52,370 [pool-77-thread-1] INFO  server.RaftServerConfigKeys (ConfUtils.java:logGet(43)) - raft.server.storage.dir = [/workdir/hadoop-ozone/integration-test/target/test-dir/MiniOzoneClusterImpl-fdc3d401-fab1-4968-a84f-12bf762e2bbf/datanode-5/data/ratis] (custom)
2019-09-26 16:53:52,370 [pool-77-thread-1] INFO  storage.RaftStorageDirectory (RaftStorageDirectory.java:analyzeStorage(246)) - The storage directory /workdir/hadoop-ozone/integration-test/target/test-dir/MiniOzoneClusterImpl-fdc3d401-fab1-4968-a84f-12bf762e2bbf/datanode-5/data/ratis/5972a85b-69f5-4d32-89cd-995509e3e8ee does not exist. Creating ...
2019-09-26 16:53:52,373 [pool-77-thread-1] INFO  storage.RaftStorageDirectory (RaftStorageDirectory.java:tryLock(328)) - Lock on /workdir/hadoop-ozone/integration-test/target/test-dir/MiniOzoneClusterImpl-fdc3d401-fab1-4968-a84f-12bf762e2bbf/datanode-5/data/ratis/5972a85b-69f5-4d32-89cd-995509e3e8ee/in_use.lock acquired by nodename 15096@pr-hdds-1569-g6sp5-2013761785
2019-09-26 16:53:52,393 [pool-77-thread-1] INFO  storage.RaftStorage (RaftStorage.java:format(72)) - Storage directory /workdir/hadoop-ozone/integration-test/target/test-dir/MiniOzoneClusterImpl-fdc3d401-fab1-4968-a84f-12bf762e2bbf/datanode-5/data/ratis/5972a85b-69f5-4d32-89cd-995509e3e8ee has been successfully formatted.
2019-09-26 16:53:52,393 [pool-77-thread-1] INFO  ratis.ContainerStateMachine (ContainerStateMachine.java:loadSnapshot(230)) - group-995509E3E8EE: The snapshot info is null. Setting the last applied indexto:(t:0, i:~)
2019-09-26 16:53:52,393 [pool-77-thread-1] INFO  server.RaftServerConfigKeys (ConfUtils.java:logGet(43)) - raft.server.notification.no-leader.timeout = 120s (custom)
2019-09-26 16:53:52,393 [pool-77-thread-1] INFO  server.RaftServerConfigKeys (ConfUtils.java:logGet(43)) - raft.server.log.use.memory = false (default)
2019-09-26 16:53:52,394 [pool-77-thread-1] INFO  server.RaftServerConfigKeys (ConfUtils.java:logGet(43)) - raft.server.log.purge.gap = 1000000 (custom)
2019-09-26 16:53:52,394 [pool-77-thread-1] INFO  server.RaftServerConfigKeys (ConfUtils.java:logGet(43)) - raft.server.log.appender.buffer.byte-limit = 33554432 (custom)
2019-09-26 16:53:52,394 [pool-77-thread-1] INFO  server.RaftServerConfigKeys (ConfUtils.java:logGet(43)) - raft.server.log.segment.size.max = 1048576 (custom)
2019-09-26 16:53:52,394 [pool-77-thread-1] INFO  server.RaftServerConfigKeys (ConfUtils.java:logGet(43)) - raft.server.log.segment.cache.num.max = 2 (custom)
2019-09-26 16:53:52,394 [pool-77-thread-1] INFO  segmented.SegmentedRaftLogWorker (SegmentedRaftLogWorker.java:<init>(172)) - new d17cca1b-2e6b-48b2-8b1c-3559490fa529@group-995509E3E8EE-SegmentedRaftLogWorker for RaftStorage:Storage Directory /workdir/hadoop-ozone/integration-test/target/test-dir/MiniOzoneClusterImpl-fdc3d401-fab1-4968-a84f-12bf762e2bbf/datanode-5/data/ratis/5972a85b-69f5-4d32-89cd-995509e3e8ee
2019-09-26 16:53:52,395 [pool-77-thread-1] INFO  server.RaftServerConfigKeys (ConfUtils.java:logGet(43)) - raft.server.log.queue.byte-limit = 2147483647 (custom)
2019-09-26 16:53:52,395 [pool-77-thread-1] INFO  server.RaftServerConfigKeys (ConfUtils.java:logGet(43)) - raft.server.log.queue.element-limit = 1024 (custom)
2019-09-26 16:53:52,395 [pool-77-thread-1] INFO  server.RaftServerConfigKeys (ConfUtils.java:logGet(43)) - raft.server.log.segment.size.max = 1048576 (custom)
2019-09-26 16:53:52,395 [pool-77-thread-1] INFO  server.RaftServerConfigKeys (ConfUtils.java:logGet(43)) - raft.server.log.preallocated.size = 16384 (custom)
2019-09-26 16:53:52,395 [pool-77-thread-1] INFO  server.RaftServerConfigKeys (ConfUtils.java:logGet(43)) - raft.server.log.write.buffer.size = 33554432 (custom)
2019-09-26 16:53:52,395 [pool-77-thread-1] INFO  server.RaftServerConfigKeys (ConfUtils.java:logGet(43)) - raft.server.log.force.sync.num = 128 (default)
2019-09-26 16:53:52,396 [pool-77-thread-1] INFO  server.RaftServerConfigKeys (ConfUtils.java:logGet(43)) - raft.server.log.statemachine.data.sync = true (default)
2019-09-26 16:53:52,396 [pool-77-thread-1] INFO  server.RaftServerConfigKeys (ConfUtils.java:logGet(43)) - raft.server.log.statemachine.data.sync.timeout = 10s (default)
2019-09-26 16:53:52,396 [pool-77-thread-1] INFO  server.RaftServerConfigKeys (ConfUtils.java:logGet(43)) - raft.server.log.statemachine.data.sync.timeout.retry = -1 (default)
2019-09-26 16:53:52,396 [pool-77-thread-1] INFO  server.RaftServerConfigKeys (ConfUtils.java:logGet(43)) - raft.server.log.statemachine.data.caching.enabled = true (custom)
2019-09-26 16:53:52,397 [pool-77-thread-1] INFO  segmented.SegmentedRaftLogWorker (SegmentedRaftLogWorker.java:lambda$new$0(132)) - d17cca1b-2e6b-48b2-8b1c-3559490fa529@group-995509E3E8EE-SegmentedRaftLogWorker: flushIndex: setUnconditionally 0 -> -1
2019-09-26 16:53:52,397 [pool-77-thread-1] INFO  server.RaftServerConfigKeys (ConfUtils.java:logGet(43)) - raft.server.snapshot.auto.trigger.enabled = true (custom)
2019-09-26 16:53:52,397 [pool-77-thread-1] INFO  server.RaftServerConfigKeys (ConfUtils.java:logGet(43)) - raft.server.snapshot.auto.trigger.threshold = 10000 (custom)
2019-09-26 16:53:52,397 [pool-77-thread-1] INFO  server.RaftServerConfigKeys (ConfUtils.java:logGet(43)) - raft.server.snapshot.retention.num.files = 5 (custom)
2019-09-26 16:53:52,398 [pool-77-thread-1] INFO  server.RaftServerConfigKeys (ConfUtils.java:logGet(43)) - raft.server.retrycache.expirytime = 600000ms (custom)
2019-09-26 16:53:52,400 [pool-77-thread-1] INFO  impl.RaftServerImpl (RaftServerImpl.java:start(185)) - d17cca1b-2e6b-48b2-8b1c-3559490fa529@group-995509E3E8EE: start as a follower, conf=-1: [d17cca1b-2e6b-48b2-8b1c-3559490fa529:192.168.151.99:40714], old=null
2019-09-26 16:53:52,401 [pool-77-thread-1] INFO  impl.RaftServerImpl (RaftServerImpl.java:setRole(174)) - d17cca1b-2e6b-48b2-8b1c-3559490fa529@group-995509E3E8EE: changes role from      null to FOLLOWER at term 0 for startAsFollower
2019-09-26 16:53:52,401 [pool-77-thread-1] INFO  impl.RoleInfo (RoleInfo.java:updateAndGet(143)) - d17cca1b-2e6b-48b2-8b1c-3559490fa529: start FollowerState
2019-09-26 16:53:52,401 [pool-77-thread-1] INFO  util.JmxRegister (JmxRegister.java:tryRegister(44)) - Successfully registered JMX Bean with object name Ratis:service=RaftServer,group=group-995509E3E8EE,id=d17cca1b-2e6b-48b2-8b1c-3559490fa529
2019-09-26 16:53:52,404 [RatisPipelineUtilsThread] INFO  pipeline.PipelineStateManager (PipelineStateManager.java:addPipeline(56)) - Created pipeline Pipeline[ Id: 5972a85b-69f5-4d32-89cd-995509e3e8ee, Nodes: d17cca1b-2e6b-48b2-8b1c-3559490fa529{ip: 192.168.151.99, host: pr-hdds-1569-g6sp5-2013761785, networkLocation: /default-rack, certSerialId: null}, Type:RATIS, Factor:ONE, State:OPEN]
2019-09-26 16:53:52,410 [grpc-default-executor-1] INFO  impl.RaftServerProxy (RaftServerProxy.java:addNew(89)) - d17cca1b-2e6b-48b2-8b1c-3559490fa529: addNew group-9D8B1198C10D:[d17cca1b-2e6b-48b2-8b1c-3559490fa529:192.168.151.99:40714] returns group-9D8B1198C10D:java.util.concurrent.CompletableFuture@7bb5daf6[Not completed]
2019-09-26 16:53:52,411 [pool-77-thread-1] INFO  impl.RaftServerImpl (RaftServerImpl.java:<init>(95)) - d17cca1b-2e6b-48b2-8b1c-3559490fa529: new RaftServerImpl for group-9D8B1198C10D:[d17cca1b-2e6b-48b2-8b1c-3559490fa529:192.168.151.99:40714] with ContainerStateMachine:uninitialized
2019-09-26 16:53:52,411 [pool-77-thread-1] INFO  server.RaftServerConfigKeys (ConfUtils.java:logGet(43)) - raft.server.rpc.timeout.min = 5s (custom)
2019-09-26 16:53:52,412 [pool-77-thread-1] INFO  server.RaftServerConfigKeys (ConfUtils.java:logGet(43)) - raft.server.rpc.timeout.max = 5200ms (custom)
2019-09-26 16:53:52,412 [pool-77-thread-1] INFO  server.RaftServerConfigKeys (ConfUtils.java:logGet(43)) - raft.server.rpcslowness.timeout = 120s (custom)
2019-09-26 16:53:52,412 [pool-77-thread-1] INFO  server.RaftServerConfigKeys (ConfUtils.java:logGet(43)) - raft.server.sleep.deviation.threshold = 300 (default)
2019-09-26 16:53:52,412 [pool-77-thread-1] INFO  server.RaftServerConfigKeys (ConfUtils.java:logGet(43)) - raft.server.log.appender.install.snapshot.enabled = false (custom)
2019-09-26 16:53:52,412 [pool-77-thread-1] INFO  impl.RaftServerImpl (ServerState.java:<init>(103)) - d17cca1b-2e6b-48b2-8b1c-3559490fa529@group-9D8B1198C10D: ConfigurationManager, init=-1: [d17cca1b-2e6b-48b2-8b1c-3559490fa529:192.168.151.99:40714], old=null, confs=<EMPTY_MAP>
2019-09-26 16:53:52,412 [pool-77-thread-1] INFO  server.RaftServerConfigKeys (ConfUtils.java:logGet(43)) - raft.server.storage.dir = [/workdir/hadoop-ozone/integration-test/target/test-dir/MiniOzoneClusterImpl-fdc3d401-fab1-4968-a84f-12bf762e2bbf/datanode-5/data/ratis] (custom)
2019-09-26 16:53:52,413 [pool-77-thread-1] INFO  storage.RaftStorageDirectory (RaftStorageDirectory.java:analyzeStorage(246)) - The storage directory /workdir/hadoop-ozone/integration-test/target/test-dir/MiniOzoneClusterImpl-fdc3d401-fab1-4968-a84f-12bf762e2bbf/datanode-5/data/ratis/93406f89-a92f-488b-9cdb-9d8b1198c10d does not exist. Creating ...
2019-09-26 16:53:52,438 [pool-77-thread-1] INFO  storage.RaftStorageDirectory (RaftStorageDirectory.java:tryLock(328)) - Lock on /workdir/hadoop-ozone/integration-test/target/test-dir/MiniOzoneClusterImpl-fdc3d401-fab1-4968-a84f-12bf762e2bbf/datanode-5/data/ratis/93406f89-a92f-488b-9cdb-9d8b1198c10d/in_use.lock acquired by nodename 15096@pr-hdds-1569-g6sp5-2013761785
2019-09-26 16:53:52,451 [pool-77-thread-1] INFO  storage.RaftStorage (RaftStorage.java:format(72)) - Storage directory /workdir/hadoop-ozone/integration-test/target/test-dir/MiniOzoneClusterImpl-fdc3d401-fab1-4968-a84f-12bf762e2bbf/datanode-5/data/ratis/93406f89-a92f-488b-9cdb-9d8b1198c10d has been successfully formatted.
2019-09-26 16:53:52,451 [pool-77-thread-1] INFO  ratis.ContainerStateMachine (ContainerStateMachine.java:loadSnapshot(230)) - group-9D8B1198C10D: The snapshot info is null. Setting the last applied indexto:(t:0, i:~)
2019-09-26 16:53:52,451 [pool-77-thread-1] INFO  server.RaftServerConfigKeys (ConfUtils.java:logGet(43)) - raft.server.notification.no-leader.timeout = 120s (custom)
2019-09-26 16:53:52,452 [pool-77-thread-1] INFO  server.RaftServerConfigKeys (ConfUtils.java:logGet(43)) - raft.server.log.use.memory = false (default)
2019-09-26 16:53:52,452 [pool-77-thread-1] INFO  server.RaftServerConfigKeys (ConfUtils.java:logGet(43)) - raft.server.log.purge.gap = 1000000 (custom)
2019-09-26 16:53:52,452 [pool-77-thread-1] INFO  server.RaftServerConfigKeys (ConfUtils.java:logGet(43)) - raft.server.log.appender.buffer.byte-limit = 33554432 (custom)
2019-09-26 16:53:52,452 [pool-77-thread-1] INFO  server.RaftServerConfigKeys (ConfUtils.java:logGet(43)) - raft.server.log.segment.size.max = 1048576 (custom)
2019-09-26 16:53:52,452 [pool-77-thread-1] INFO  server.RaftServerConfigKeys (ConfUtils.java:logGet(43)) - raft.server.log.segment.cache.num.max = 2 (custom)
2019-09-26 16:53:52,453 [pool-77-thread-1] INFO  segmented.SegmentedRaftLogWorker (SegmentedRaftLogWorker.java:<init>(172)) - new d17cca1b-2e6b-48b2-8b1c-3559490fa529@group-9D8B1198C10D-SegmentedRaftLogWorker for RaftStorage:Storage Directory /workdir/hadoop-ozone/integration-test/target/test-dir/MiniOzoneClusterImpl-fdc3d401-fab1-4968-a84f-12bf762e2bbf/datanode-5/data/ratis/93406f89-a92f-488b-9cdb-9d8b1198c10d
2019-09-26 16:53:52,453 [pool-77-thread-1] INFO  server.RaftServerConfigKeys (ConfUtils.java:logGet(43)) - raft.server.log.queue.byte-limit = 2147483647 (custom)
2019-09-26 16:53:52,453 [pool-77-thread-1] INFO  server.RaftServerConfigKeys (ConfUtils.java:logGet(43)) - raft.server.log.queue.element-limit = 1024 (custom)
2019-09-26 16:53:52,453 [pool-77-thread-1] INFO  server.RaftServerConfigKeys (ConfUtils.java:logGet(43)) - raft.server.log.segment.size.max = 1048576 (custom)
2019-09-26 16:53:52,453 [pool-77-thread-1] INFO  server.RaftServerConfigKeys (ConfUtils.java:logGet(43)) - raft.server.log.preallocated.size = 16384 (custom)
2019-09-26 16:53:52,453 [pool-77-thread-1] INFO  server.RaftServerConfigKeys (ConfUtils.java:logGet(43)) - raft.server.log.write.buffer.size = 33554432 (custom)
2019-09-26 16:53:52,454 [pool-77-thread-1] INFO  server.RaftServerConfigKeys (ConfUtils.java:logGet(43)) - raft.server.log.force.sync.num = 128 (default)
2019-09-26 16:53:52,454 [pool-77-thread-1] INFO  server.RaftServerConfigKeys (ConfUtils.java:logGet(43)) - raft.server.log.statemachine.data.sync = true (default)
2019-09-26 16:53:52,454 [pool-77-thread-1] INFO  server.RaftServerConfigKeys (ConfUtils.java:logGet(43)) - raft.server.log.statemachine.data.sync.timeout = 10s (default)
2019-09-26 16:53:52,454 [pool-77-thread-1] INFO  server.RaftServerConfigKeys (ConfUtils.java:logGet(43)) - raft.server.log.statemachine.data.sync.timeout.retry = -1 (default)
2019-09-26 16:53:52,454 [pool-77-thread-1] INFO  server.RaftServerConfigKeys (ConfUtils.java:logGet(43)) - raft.server.log.statemachine.data.caching.enabled = true (custom)
2019-09-26 16:53:52,455 [pool-77-thread-1] INFO  segmented.SegmentedRaftLogWorker (SegmentedRaftLogWorker.java:lambda$new$0(132)) - d17cca1b-2e6b-48b2-8b1c-3559490fa529@group-9D8B1198C10D-SegmentedRaftLogWorker: flushIndex: setUnconditionally 0 -> -1
2019-09-26 16:53:52,455 [pool-77-thread-1] INFO  server.RaftServerConfigKeys (ConfUtils.java:logGet(43)) - raft.server.snapshot.auto.trigger.enabled = true (custom)
2019-09-26 16:53:52,455 [pool-77-thread-1] INFO  server.RaftServerConfigKeys (ConfUtils.java:logGet(43)) - raft.server.snapshot.auto.trigger.threshold = 10000 (custom)
2019-09-26 16:53:52,456 [pool-77-thread-1] INFO  server.RaftServerConfigKeys (ConfUtils.java:logGet(43)) - raft.server.snapshot.retention.num.files = 5 (custom)
2019-09-26 16:53:52,456 [pool-77-thread-1] INFO  server.RaftServerConfigKeys (ConfUtils.java:logGet(43)) - raft.server.retrycache.expirytime = 600000ms (custom)
2019-09-26 16:53:52,459 [pool-77-thread-1] INFO  impl.RaftServerImpl (RaftServerImpl.java:start(185)) - d17cca1b-2e6b-48b2-8b1c-3559490fa529@group-9D8B1198C10D: start as a follower, conf=-1: [d17cca1b-2e6b-48b2-8b1c-3559490fa529:192.168.151.99:40714], old=null
2019-09-26 16:53:52,459 [pool-77-thread-1] INFO  impl.RaftServerImpl (RaftServerImpl.java:setRole(174)) - d17cca1b-2e6b-48b2-8b1c-3559490fa529@group-9D8B1198C10D: changes role from      null to FOLLOWER at term 0 for startAsFollower
2019-09-26 16:53:52,459 [pool-77-thread-1] INFO  impl.RoleInfo (RoleInfo.java:updateAndGet(143)) - d17cca1b-2e6b-48b2-8b1c-3559490fa529: start FollowerState
2019-09-26 16:53:52,459 [pool-77-thread-1] INFO  util.JmxRegister (JmxRegister.java:tryRegister(44)) - Successfully registered JMX Bean with object name Ratis:service=RaftServer,group=group-9D8B1198C10D,id=d17cca1b-2e6b-48b2-8b1c-3559490fa529
2019-09-26 16:53:52,462 [RatisPipelineUtilsThread] INFO  pipeline.PipelineStateManager (PipelineStateManager.java:addPipeline(56)) - Created pipeline Pipeline[ Id: 93406f89-a92f-488b-9cdb-9d8b1198c10d, Nodes: d17cca1b-2e6b-48b2-8b1c-3559490fa529{ip: 192.168.151.99, host: pr-hdds-1569-g6sp5-2013761785, networkLocation: /default-rack, certSerialId: null}, Type:RATIS, Factor:ONE, State:OPEN]
2019-09-26 16:53:52,468 [grpc-default-executor-1] INFO  impl.RaftServerProxy (RaftServerProxy.java:addNew(89)) - 862ec94c-cd2d-47b3-b563-7d6c2816cb58: addNew group-42F263E93C8D:[862ec94c-cd2d-47b3-b563-7d6c2816cb58:192.168.151.99:36916] returns group-42F263E93C8D:java.util.concurrent.CompletableFuture@278962d9[Not completed]
2019-09-26 16:53:52,469 [pool-67-thread-1] INFO  impl.RaftServerImpl (RaftServerImpl.java:<init>(95)) - 862ec94c-cd2d-47b3-b563-7d6c2816cb58: new RaftServerImpl for group-42F263E93C8D:[862ec94c-cd2d-47b3-b563-7d6c2816cb58:192.168.151.99:36916] with ContainerStateMachine:uninitialized
2019-09-26 16:53:52,470 [pool-67-thread-1] INFO  server.RaftServerConfigKeys (ConfUtils.java:logGet(43)) - raft.server.rpc.timeout.min = 5s (custom)
2019-09-26 16:53:52,470 [pool-67-thread-1] INFO  server.RaftServerConfigKeys (ConfUtils.java:logGet(43)) - raft.server.rpc.timeout.max = 5200ms (custom)
2019-09-26 16:53:52,470 [pool-67-thread-1] INFO  server.RaftServerConfigKeys (ConfUtils.java:logGet(43)) - raft.server.rpcslowness.timeout = 120s (custom)
2019-09-26 16:53:52,470 [pool-67-thread-1] INFO  server.RaftServerConfigKeys (ConfUtils.java:logGet(43)) - raft.server.sleep.deviation.threshold = 300 (default)
2019-09-26 16:53:52,470 [pool-67-thread-1] INFO  server.RaftServerConfigKeys (ConfUtils.java:logGet(43)) - raft.server.log.appender.install.snapshot.enabled = false (custom)
2019-09-26 16:53:52,470 [pool-67-thread-1] INFO  impl.RaftServerImpl (ServerState.java:<init>(103)) - 862ec94c-cd2d-47b3-b563-7d6c2816cb58@group-42F263E93C8D: ConfigurationManager, init=-1: [862ec94c-cd2d-47b3-b563-7d6c2816cb58:192.168.151.99:36916], old=null, confs=<EMPTY_MAP>
2019-09-26 16:53:52,470 [pool-67-thread-1] INFO  server.RaftServerConfigKeys (ConfUtils.java:logGet(43)) - raft.server.storage.dir = [/workdir/hadoop-ozone/integration-test/target/test-dir/MiniOzoneClusterImpl-fdc3d401-fab1-4968-a84f-12bf762e2bbf/datanode-4/data/ratis] (custom)
2019-09-26 16:53:52,471 [pool-67-thread-1] INFO  storage.RaftStorageDirectory (RaftStorageDirectory.java:analyzeStorage(246)) - The storage directory /workdir/hadoop-ozone/integration-test/target/test-dir/MiniOzoneClusterImpl-fdc3d401-fab1-4968-a84f-12bf762e2bbf/datanode-4/data/ratis/0bb6ee57-d745-4dd6-9dbc-42f263e93c8d does not exist. Creating ...
2019-09-26 16:53:52,483 [pool-67-thread-1] INFO  storage.RaftStorageDirectory (RaftStorageDirectory.java:tryLock(328)) - Lock on /workdir/hadoop-ozone/integration-test/target/test-dir/MiniOzoneClusterImpl-fdc3d401-fab1-4968-a84f-12bf762e2bbf/datanode-4/data/ratis/0bb6ee57-d745-4dd6-9dbc-42f263e93c8d/in_use.lock acquired by nodename 15096@pr-hdds-1569-g6sp5-2013761785
2019-09-26 16:53:52,496 [pool-67-thread-1] INFO  storage.RaftStorage (RaftStorage.java:format(72)) - Storage directory /workdir/hadoop-ozone/integration-test/target/test-dir/MiniOzoneClusterImpl-fdc3d401-fab1-4968-a84f-12bf762e2bbf/datanode-4/data/ratis/0bb6ee57-d745-4dd6-9dbc-42f263e93c8d has been successfully formatted.
2019-09-26 16:53:52,497 [pool-67-thread-1] INFO  ratis.ContainerStateMachine (ContainerStateMachine.java:loadSnapshot(230)) - group-42F263E93C8D: The snapshot info is null. Setting the last applied indexto:(t:0, i:~)
2019-09-26 16:53:52,497 [pool-67-thread-1] INFO  server.RaftServerConfigKeys (ConfUtils.java:logGet(43)) - raft.server.notification.no-leader.timeout = 120s (custom)
2019-09-26 16:53:52,497 [pool-67-thread-1] INFO  server.RaftServerConfigKeys (ConfUtils.java:logGet(43)) - raft.server.log.use.memory = false (default)
2019-09-26 16:53:52,497 [pool-67-thread-1] INFO  server.RaftServerConfigKeys (ConfUtils.java:logGet(43)) - raft.server.log.purge.gap = 1000000 (custom)
2019-09-26 16:53:52,497 [pool-67-thread-1] INFO  server.RaftServerConfigKeys (ConfUtils.java:logGet(43)) - raft.server.log.appender.buffer.byte-limit = 33554432 (custom)
2019-09-26 16:53:52,498 [pool-67-thread-1] INFO  server.RaftServerConfigKeys (ConfUtils.java:logGet(43)) - raft.server.log.segment.size.max = 1048576 (custom)
2019-09-26 16:53:52,498 [pool-67-thread-1] INFO  server.RaftServerConfigKeys (ConfUtils.java:logGet(43)) - raft.server.log.segment.cache.num.max = 2 (custom)
2019-09-26 16:53:52,498 [pool-67-thread-1] INFO  segmented.SegmentedRaftLogWorker (SegmentedRaftLogWorker.java:<init>(172)) - new 862ec94c-cd2d-47b3-b563-7d6c2816cb58@group-42F263E93C8D-SegmentedRaftLogWorker for RaftStorage:Storage Directory /workdir/hadoop-ozone/integration-test/target/test-dir/MiniOzoneClusterImpl-fdc3d401-fab1-4968-a84f-12bf762e2bbf/datanode-4/data/ratis/0bb6ee57-d745-4dd6-9dbc-42f263e93c8d
2019-09-26 16:53:52,498 [pool-67-thread-1] INFO  server.RaftServerConfigKeys (ConfUtils.java:logGet(43)) - raft.server.log.queue.byte-limit = 2147483647 (custom)
2019-09-26 16:53:52,498 [pool-67-thread-1] INFO  server.RaftServerConfigKeys (ConfUtils.java:logGet(43)) - raft.server.log.queue.element-limit = 1024 (custom)
2019-09-26 16:53:52,498 [pool-67-thread-1] INFO  server.RaftServerConfigKeys (ConfUtils.java:logGet(43)) - raft.server.log.segment.size.max = 1048576 (custom)
2019-09-26 16:53:52,498 [pool-67-thread-1] INFO  server.RaftServerConfigKeys (ConfUtils.java:logGet(43)) - raft.server.log.preallocated.size = 16384 (custom)
2019-09-26 16:53:52,499 [pool-67-thread-1] INFO  server.RaftServerConfigKeys (ConfUtils.java:logGet(43)) - raft.server.log.write.buffer.size = 33554432 (custom)
2019-09-26 16:53:52,499 [pool-67-thread-1] INFO  server.RaftServerConfigKeys (ConfUtils.java:logGet(43)) - raft.server.log.force.sync.num = 128 (default)
2019-09-26 16:53:52,499 [pool-67-thread-1] INFO  server.RaftServerConfigKeys (ConfUtils.java:logGet(43)) - raft.server.log.statemachine.data.sync = true (default)
2019-09-26 16:53:52,499 [pool-67-thread-1] INFO  server.RaftServerConfigKeys (ConfUtils.java:logGet(43)) - raft.server.log.statemachine.data.sync.timeout = 10s (default)
2019-09-26 16:53:52,499 [pool-67-thread-1] INFO  server.RaftServerConfigKeys (ConfUtils.java:logGet(43)) - raft.server.log.statemachine.data.sync.timeout.retry = -1 (default)
2019-09-26 16:53:52,499 [pool-67-thread-1] INFO  server.RaftServerConfigKeys (ConfUtils.java:logGet(43)) - raft.server.log.statemachine.data.caching.enabled = true (custom)
2019-09-26 16:53:52,500 [pool-67-thread-1] INFO  segmented.SegmentedRaftLogWorker (SegmentedRaftLogWorker.java:lambda$new$0(132)) - 862ec94c-cd2d-47b3-b563-7d6c2816cb58@group-42F263E93C8D-SegmentedRaftLogWorker: flushIndex: setUnconditionally 0 -> -1
2019-09-26 16:53:52,500 [pool-67-thread-1] INFO  server.RaftServerConfigKeys (ConfUtils.java:logGet(43)) - raft.server.snapshot.auto.trigger.enabled = true (custom)
2019-09-26 16:53:52,500 [pool-67-thread-1] INFO  server.RaftServerConfigKeys (ConfUtils.java:logGet(43)) - raft.server.snapshot.auto.trigger.threshold = 10000 (custom)
2019-09-26 16:53:52,500 [pool-67-thread-1] INFO  server.RaftServerConfigKeys (ConfUtils.java:logGet(43)) - raft.server.snapshot.retention.num.files = 5 (custom)
2019-09-26 16:53:52,501 [pool-67-thread-1] INFO  server.RaftServerConfigKeys (ConfUtils.java:logGet(43)) - raft.server.retrycache.expirytime = 600000ms (custom)
2019-09-26 16:53:52,503 [pool-67-thread-1] INFO  impl.RaftServerImpl (RaftServerImpl.java:start(185)) - 862ec94c-cd2d-47b3-b563-7d6c2816cb58@group-42F263E93C8D: start as a follower, conf=-1: [862ec94c-cd2d-47b3-b563-7d6c2816cb58:192.168.151.99:36916], old=null
2019-09-26 16:53:52,503 [pool-67-thread-1] INFO  impl.RaftServerImpl (RaftServerImpl.java:setRole(174)) - 862ec94c-cd2d-47b3-b563-7d6c2816cb58@group-42F263E93C8D: changes role from      null to FOLLOWER at term 0 for startAsFollower
2019-09-26 16:53:52,503 [pool-67-thread-1] INFO  impl.RoleInfo (RoleInfo.java:updateAndGet(143)) - 862ec94c-cd2d-47b3-b563-7d6c2816cb58: start FollowerState
2019-09-26 16:53:52,504 [pool-67-thread-1] INFO  util.JmxRegister (JmxRegister.java:tryRegister(44)) - Successfully registered JMX Bean with object name Ratis:service=RaftServer,group=group-42F263E93C8D,id=862ec94c-cd2d-47b3-b563-7d6c2816cb58
2019-09-26 16:53:52,507 [RatisPipelineUtilsThread] INFO  pipeline.PipelineStateManager (PipelineStateManager.java:addPipeline(56)) - Created pipeline Pipeline[ Id: 0bb6ee57-d745-4dd6-9dbc-42f263e93c8d, Nodes: 862ec94c-cd2d-47b3-b563-7d6c2816cb58{ip: 192.168.151.99, host: pr-hdds-1569-g6sp5-2013761785, networkLocation: /default-rack, certSerialId: null}, Type:RATIS, Factor:ONE, State:OPEN]
2019-09-26 16:53:52,512 [grpc-default-executor-1] INFO  impl.RaftServerProxy (RaftServerProxy.java:addNew(89)) - deac9605-e739-4d95-8360-f57df793faca: addNew group-E92C20643E90:[deac9605-e739-4d95-8360-f57df793faca:192.168.151.99:46601] returns group-E92C20643E90:java.util.concurrent.CompletableFuture@4c960cfc[Not completed]
2019-09-26 16:53:52,513 [pool-27-thread-1] INFO  impl.RaftServerImpl (RaftServerImpl.java:<init>(95)) - deac9605-e739-4d95-8360-f57df793faca: new RaftServerImpl for group-E92C20643E90:[deac9605-e739-4d95-8360-f57df793faca:192.168.151.99:46601] with ContainerStateMachine:uninitialized
2019-09-26 16:53:52,514 [pool-27-thread-1] INFO  server.RaftServerConfigKeys (ConfUtils.java:logGet(43)) - raft.server.rpc.timeout.min = 5s (custom)
2019-09-26 16:53:52,514 [pool-27-thread-1] INFO  server.RaftServerConfigKeys (ConfUtils.java:logGet(43)) - raft.server.rpc.timeout.max = 5200ms (custom)
2019-09-26 16:53:52,514 [pool-27-thread-1] INFO  server.RaftServerConfigKeys (ConfUtils.java:logGet(43)) - raft.server.rpcslowness.timeout = 120s (custom)
2019-09-26 16:53:52,514 [pool-27-thread-1] INFO  server.RaftServerConfigKeys (ConfUtils.java:logGet(43)) - raft.server.sleep.deviation.threshold = 300 (default)
2019-09-26 16:53:52,514 [pool-27-thread-1] INFO  server.RaftServerConfigKeys (ConfUtils.java:logGet(43)) - raft.server.log.appender.install.snapshot.enabled = false (custom)
2019-09-26 16:53:52,514 [pool-27-thread-1] INFO  impl.RaftServerImpl (ServerState.java:<init>(103)) - deac9605-e739-4d95-8360-f57df793faca@group-E92C20643E90: ConfigurationManager, init=-1: [deac9605-e739-4d95-8360-f57df793faca:192.168.151.99:46601], old=null, confs=<EMPTY_MAP>
2019-09-26 16:53:52,515 [pool-27-thread-1] INFO  server.RaftServerConfigKeys (ConfUtils.java:logGet(43)) - raft.server.storage.dir = [/workdir/hadoop-ozone/integration-test/target/test-dir/MiniOzoneClusterImpl-fdc3d401-fab1-4968-a84f-12bf762e2bbf/datanode-0/data/ratis] (custom)
2019-09-26 16:53:52,515 [pool-27-thread-1] INFO  storage.RaftStorageDirectory (RaftStorageDirectory.java:analyzeStorage(246)) - The storage directory /workdir/hadoop-ozone/integration-test/target/test-dir/MiniOzoneClusterImpl-fdc3d401-fab1-4968-a84f-12bf762e2bbf/datanode-0/data/ratis/5fddd278-8f72-484a-abb8-e92c20643e90 does not exist. Creating ...
2019-09-26 16:53:52,527 [pool-27-thread-1] INFO  storage.RaftStorageDirectory (RaftStorageDirectory.java:tryLock(328)) - Lock on /workdir/hadoop-ozone/integration-test/target/test-dir/MiniOzoneClusterImpl-fdc3d401-fab1-4968-a84f-12bf762e2bbf/datanode-0/data/ratis/5fddd278-8f72-484a-abb8-e92c20643e90/in_use.lock acquired by nodename 15096@pr-hdds-1569-g6sp5-2013761785
2019-09-26 16:53:52,552 [pool-27-thread-1] INFO  storage.RaftStorage (RaftStorage.java:format(72)) - Storage directory /workdir/hadoop-ozone/integration-test/target/test-dir/MiniOzoneClusterImpl-fdc3d401-fab1-4968-a84f-12bf762e2bbf/datanode-0/data/ratis/5fddd278-8f72-484a-abb8-e92c20643e90 has been successfully formatted.
2019-09-26 16:53:52,553 [pool-27-thread-1] INFO  ratis.ContainerStateMachine (ContainerStateMachine.java:loadSnapshot(230)) - group-E92C20643E90: The snapshot info is null. Setting the last applied indexto:(t:0, i:~)
2019-09-26 16:53:52,553 [pool-27-thread-1] INFO  server.RaftServerConfigKeys (ConfUtils.java:logGet(43)) - raft.server.notification.no-leader.timeout = 120s (custom)
2019-09-26 16:53:52,553 [pool-27-thread-1] INFO  server.RaftServerConfigKeys (ConfUtils.java:logGet(43)) - raft.server.log.use.memory = false (default)
2019-09-26 16:53:52,553 [pool-27-thread-1] INFO  server.RaftServerConfigKeys (ConfUtils.java:logGet(43)) - raft.server.log.purge.gap = 1000000 (custom)
2019-09-26 16:53:52,554 [pool-27-thread-1] INFO  server.RaftServerConfigKeys (ConfUtils.java:logGet(43)) - raft.server.log.appender.buffer.byte-limit = 33554432 (custom)
2019-09-26 16:53:52,554 [pool-27-thread-1] INFO  server.RaftServerConfigKeys (ConfUtils.java:logGet(43)) - raft.server.log.segment.size.max = 1048576 (custom)
2019-09-26 16:53:52,554 [pool-27-thread-1] INFO  server.RaftServerConfigKeys (ConfUtils.java:logGet(43)) - raft.server.log.segment.cache.num.max = 2 (custom)
2019-09-26 16:53:52,554 [pool-27-thread-1] INFO  segmented.SegmentedRaftLogWorker (SegmentedRaftLogWorker.java:<init>(172)) - new deac9605-e739-4d95-8360-f57df793faca@group-E92C20643E90-SegmentedRaftLogWorker for RaftStorage:Storage Directory /workdir/hadoop-ozone/integration-test/target/test-dir/MiniOzoneClusterImpl-fdc3d401-fab1-4968-a84f-12bf762e2bbf/datanode-0/data/ratis/5fddd278-8f72-484a-abb8-e92c20643e90
2019-09-26 16:53:52,554 [pool-27-thread-1] INFO  server.RaftServerConfigKeys (ConfUtils.java:logGet(43)) - raft.server.log.queue.byte-limit = 2147483647 (custom)
2019-09-26 16:53:52,554 [pool-27-thread-1] INFO  server.RaftServerConfigKeys (ConfUtils.java:logGet(43)) - raft.server.log.queue.element-limit = 1024 (custom)
2019-09-26 16:53:52,555 [pool-27-thread-1] INFO  server.RaftServerConfigKeys (ConfUtils.java:logGet(43)) - raft.server.log.segment.size.max = 1048576 (custom)
2019-09-26 16:53:52,555 [pool-27-thread-1] INFO  server.RaftServerConfigKeys (ConfUtils.java:logGet(43)) - raft.server.log.preallocated.size = 16384 (custom)
2019-09-26 16:53:52,555 [pool-27-thread-1] INFO  server.RaftServerConfigKeys (ConfUtils.java:logGet(43)) - raft.server.log.write.buffer.size = 33554432 (custom)
2019-09-26 16:53:52,555 [pool-27-thread-1] INFO  server.RaftServerConfigKeys (ConfUtils.java:logGet(43)) - raft.server.log.force.sync.num = 128 (default)
2019-09-26 16:53:52,555 [pool-27-thread-1] INFO  server.RaftServerConfigKeys (ConfUtils.java:logGet(43)) - raft.server.log.statemachine.data.sync = true (default)
2019-09-26 16:53:52,555 [pool-27-thread-1] INFO  server.RaftServerConfigKeys (ConfUtils.java:logGet(43)) - raft.server.log.statemachine.data.sync.timeout = 10s (default)
2019-09-26 16:53:52,556 [pool-27-thread-1] INFO  server.RaftServerConfigKeys (ConfUtils.java:logGet(43)) - raft.server.log.statemachine.data.sync.timeout.retry = -1 (default)
2019-09-26 16:53:52,556 [pool-27-thread-1] INFO  server.RaftServerConfigKeys (ConfUtils.java:logGet(43)) - raft.server.log.statemachine.data.caching.enabled = true (custom)
2019-09-26 16:53:52,556 [pool-27-thread-1] INFO  segmented.SegmentedRaftLogWorker (SegmentedRaftLogWorker.java:lambda$new$0(132)) - deac9605-e739-4d95-8360-f57df793faca@group-E92C20643E90-SegmentedRaftLogWorker: flushIndex: setUnconditionally 0 -> -1
2019-09-26 16:53:52,557 [pool-27-thread-1] INFO  server.RaftServerConfigKeys (ConfUtils.java:logGet(43)) - raft.server.snapshot.auto.trigger.enabled = true (custom)
2019-09-26 16:53:52,557 [pool-27-thread-1] INFO  server.RaftServerConfigKeys (ConfUtils.java:logGet(43)) - raft.server.snapshot.auto.trigger.threshold = 10000 (custom)
2019-09-26 16:53:52,557 [pool-27-thread-1] INFO  server.RaftServerConfigKeys (ConfUtils.java:logGet(43)) - raft.server.snapshot.retention.num.files = 5 (custom)
2019-09-26 16:53:52,557 [pool-27-thread-1] INFO  server.RaftServerConfigKeys (ConfUtils.java:logGet(43)) - raft.server.retrycache.expirytime = 600000ms (custom)
2019-09-26 16:53:52,560 [pool-27-thread-1] INFO  impl.RaftServerImpl (RaftServerImpl.java:start(185)) - deac9605-e739-4d95-8360-f57df793faca@group-E92C20643E90: start as a follower, conf=-1: [deac9605-e739-4d95-8360-f57df793faca:192.168.151.99:46601], old=null
2019-09-26 16:53:52,560 [pool-27-thread-1] INFO  impl.RaftServerImpl (RaftServerImpl.java:setRole(174)) - deac9605-e739-4d95-8360-f57df793faca@group-E92C20643E90: changes role from      null to FOLLOWER at term 0 for startAsFollower
2019-09-26 16:53:52,561 [pool-27-thread-1] INFO  impl.RoleInfo (RoleInfo.java:updateAndGet(143)) - deac9605-e739-4d95-8360-f57df793faca: start FollowerState
2019-09-26 16:53:52,561 [pool-27-thread-1] INFO  util.JmxRegister (JmxRegister.java:tryRegister(44)) - Successfully registered JMX Bean with object name Ratis:service=RaftServer,group=group-E92C20643E90,id=deac9605-e739-4d95-8360-f57df793faca
2019-09-26 16:53:52,564 [RatisPipelineUtilsThread] INFO  pipeline.PipelineStateManager (PipelineStateManager.java:addPipeline(56)) - Created pipeline Pipeline[ Id: 5fddd278-8f72-484a-abb8-e92c20643e90, Nodes: deac9605-e739-4d95-8360-f57df793faca{ip: 192.168.151.99, host: pr-hdds-1569-g6sp5-2013761785, networkLocation: /default-rack, certSerialId: null}, Type:RATIS, Factor:ONE, State:OPEN]
2019-09-26 16:53:52,570 [grpc-default-executor-1] INFO  impl.RaftServerProxy (RaftServerProxy.java:addNew(89)) - 862ec94c-cd2d-47b3-b563-7d6c2816cb58: addNew group-B880CA35D9EA:[862ec94c-cd2d-47b3-b563-7d6c2816cb58:192.168.151.99:36916] returns group-B880CA35D9EA:java.util.concurrent.CompletableFuture@44b56204[Not completed]
2019-09-26 16:53:52,572 [pool-67-thread-1] INFO  impl.RaftServerImpl (RaftServerImpl.java:<init>(95)) - 862ec94c-cd2d-47b3-b563-7d6c2816cb58: new RaftServerImpl for group-B880CA35D9EA:[862ec94c-cd2d-47b3-b563-7d6c2816cb58:192.168.151.99:36916] with ContainerStateMachine:uninitialized
2019-09-26 16:53:52,572 [pool-67-thread-1] INFO  server.RaftServerConfigKeys (ConfUtils.java:logGet(43)) - raft.server.rpc.timeout.min = 5s (custom)
2019-09-26 16:53:52,572 [pool-67-thread-1] INFO  server.RaftServerConfigKeys (ConfUtils.java:logGet(43)) - raft.server.rpc.timeout.max = 5200ms (custom)
2019-09-26 16:53:52,572 [pool-67-thread-1] INFO  server.RaftServerConfigKeys (ConfUtils.java:logGet(43)) - raft.server.rpcslowness.timeout = 120s (custom)
2019-09-26 16:53:52,572 [pool-67-thread-1] INFO  server.RaftServerConfigKeys (ConfUtils.java:logGet(43)) - raft.server.sleep.deviation.threshold = 300 (default)
2019-09-26 16:53:52,572 [pool-67-thread-1] INFO  server.RaftServerConfigKeys (ConfUtils.java:logGet(43)) - raft.server.log.appender.install.snapshot.enabled = false (custom)
2019-09-26 16:53:52,573 [pool-67-thread-1] INFO  impl.RaftServerImpl (ServerState.java:<init>(103)) - 862ec94c-cd2d-47b3-b563-7d6c2816cb58@group-B880CA35D9EA: ConfigurationManager, init=-1: [862ec94c-cd2d-47b3-b563-7d6c2816cb58:192.168.151.99:36916], old=null, confs=<EMPTY_MAP>
2019-09-26 16:53:52,573 [pool-67-thread-1] INFO  server.RaftServerConfigKeys (ConfUtils.java:logGet(43)) - raft.server.storage.dir = [/workdir/hadoop-ozone/integration-test/target/test-dir/MiniOzoneClusterImpl-fdc3d401-fab1-4968-a84f-12bf762e2bbf/datanode-4/data/ratis] (custom)
2019-09-26 16:53:52,573 [pool-67-thread-1] INFO  storage.RaftStorageDirectory (RaftStorageDirectory.java:analyzeStorage(246)) - The storage directory /workdir/hadoop-ozone/integration-test/target/test-dir/MiniOzoneClusterImpl-fdc3d401-fab1-4968-a84f-12bf762e2bbf/datanode-4/data/ratis/2fa77e9a-6160-42a9-9f19-b880ca35d9ea does not exist. Creating ...
2019-09-26 16:53:52,586 [pool-67-thread-1] INFO  storage.RaftStorageDirectory (RaftStorageDirectory.java:tryLock(328)) - Lock on /workdir/hadoop-ozone/integration-test/target/test-dir/MiniOzoneClusterImpl-fdc3d401-fab1-4968-a84f-12bf762e2bbf/datanode-4/data/ratis/2fa77e9a-6160-42a9-9f19-b880ca35d9ea/in_use.lock acquired by nodename 15096@pr-hdds-1569-g6sp5-2013761785
2019-09-26 16:53:52,599 [pool-67-thread-1] INFO  storage.RaftStorage (RaftStorage.java:format(72)) - Storage directory /workdir/hadoop-ozone/integration-test/target/test-dir/MiniOzoneClusterImpl-fdc3d401-fab1-4968-a84f-12bf762e2bbf/datanode-4/data/ratis/2fa77e9a-6160-42a9-9f19-b880ca35d9ea has been successfully formatted.
2019-09-26 16:53:52,599 [pool-67-thread-1] INFO  ratis.ContainerStateMachine (ContainerStateMachine.java:loadSnapshot(230)) - group-B880CA35D9EA: The snapshot info is null. Setting the last applied indexto:(t:0, i:~)
2019-09-26 16:53:52,600 [pool-67-thread-1] INFO  server.RaftServerConfigKeys (ConfUtils.java:logGet(43)) - raft.server.notification.no-leader.timeout = 120s (custom)
2019-09-26 16:53:52,600 [pool-67-thread-1] INFO  server.RaftServerConfigKeys (ConfUtils.java:logGet(43)) - raft.server.log.use.memory = false (default)
2019-09-26 16:53:52,600 [pool-67-thread-1] INFO  server.RaftServerConfigKeys (ConfUtils.java:logGet(43)) - raft.server.log.purge.gap = 1000000 (custom)
2019-09-26 16:53:52,600 [pool-67-thread-1] INFO  server.RaftServerConfigKeys (ConfUtils.java:logGet(43)) - raft.server.log.appender.buffer.byte-limit = 33554432 (custom)
2019-09-26 16:53:52,600 [pool-67-thread-1] INFO  server.RaftServerConfigKeys (ConfUtils.java:logGet(43)) - raft.server.log.segment.size.max = 1048576 (custom)
2019-09-26 16:53:52,600 [pool-67-thread-1] INFO  server.RaftServerConfigKeys (ConfUtils.java:logGet(43)) - raft.server.log.segment.cache.num.max = 2 (custom)
2019-09-26 16:53:52,601 [pool-67-thread-1] INFO  segmented.SegmentedRaftLogWorker (SegmentedRaftLogWorker.java:<init>(172)) - new 862ec94c-cd2d-47b3-b563-7d6c2816cb58@group-B880CA35D9EA-SegmentedRaftLogWorker for RaftStorage:Storage Directory /workdir/hadoop-ozone/integration-test/target/test-dir/MiniOzoneClusterImpl-fdc3d401-fab1-4968-a84f-12bf762e2bbf/datanode-4/data/ratis/2fa77e9a-6160-42a9-9f19-b880ca35d9ea
2019-09-26 16:53:52,601 [pool-67-thread-1] INFO  server.RaftServerConfigKeys (ConfUtils.java:logGet(43)) - raft.server.log.queue.byte-limit = 2147483647 (custom)
2019-09-26 16:53:52,601 [pool-67-thread-1] INFO  server.RaftServerConfigKeys (ConfUtils.java:logGet(43)) - raft.server.log.queue.element-limit = 1024 (custom)
2019-09-26 16:53:52,601 [pool-67-thread-1] INFO  server.RaftServerConfigKeys (ConfUtils.java:logGet(43)) - raft.server.log.segment.size.max = 1048576 (custom)
2019-09-26 16:53:52,601 [pool-67-thread-1] INFO  server.RaftServerConfigKeys (ConfUtils.java:logGet(43)) - raft.server.log.preallocated.size = 16384 (custom)
2019-09-26 16:53:52,601 [pool-67-thread-1] INFO  server.RaftServerConfigKeys (ConfUtils.java:logGet(43)) - raft.server.log.write.buffer.size = 33554432 (custom)
2019-09-26 16:53:52,602 [pool-67-thread-1] INFO  server.RaftServerConfigKeys (ConfUtils.java:logGet(43)) - raft.server.log.force.sync.num = 128 (default)
2019-09-26 16:53:52,602 [pool-67-thread-1] INFO  server.RaftServerConfigKeys (ConfUtils.java:logGet(43)) - raft.server.log.statemachine.data.sync = true (default)
2019-09-26 16:53:52,602 [pool-67-thread-1] INFO  server.RaftServerConfigKeys (ConfUtils.java:logGet(43)) - raft.server.log.statemachine.data.sync.timeout = 10s (default)
2019-09-26 16:53:52,602 [pool-67-thread-1] INFO  server.RaftServerConfigKeys (ConfUtils.java:logGet(43)) - raft.server.log.statemachine.data.sync.timeout.retry = -1 (default)
2019-09-26 16:53:52,602 [pool-67-thread-1] INFO  server.RaftServerConfigKeys (ConfUtils.java:logGet(43)) - raft.server.log.statemachine.data.caching.enabled = true (custom)
2019-09-26 16:53:52,603 [pool-67-thread-1] INFO  segmented.SegmentedRaftLogWorker (SegmentedRaftLogWorker.java:lambda$new$0(132)) - 862ec94c-cd2d-47b3-b563-7d6c2816cb58@group-B880CA35D9EA-SegmentedRaftLogWorker: flushIndex: setUnconditionally 0 -> -1
2019-09-26 16:53:52,603 [pool-67-thread-1] INFO  server.RaftServerConfigKeys (ConfUtils.java:logGet(43)) - raft.server.snapshot.auto.trigger.enabled = true (custom)
2019-09-26 16:53:52,603 [pool-67-thread-1] INFO  server.RaftServerConfigKeys (ConfUtils.java:logGet(43)) - raft.server.snapshot.auto.trigger.threshold = 10000 (custom)
2019-09-26 16:53:52,603 [pool-67-thread-1] INFO  server.RaftServerConfigKeys (ConfUtils.java:logGet(43)) - raft.server.snapshot.retention.num.files = 5 (custom)
2019-09-26 16:53:52,604 [pool-67-thread-1] INFO  server.RaftServerConfigKeys (ConfUtils.java:logGet(43)) - raft.server.retrycache.expirytime = 600000ms (custom)
2019-09-26 16:53:52,606 [pool-67-thread-1] INFO  impl.RaftServerImpl (RaftServerImpl.java:start(185)) - 862ec94c-cd2d-47b3-b563-7d6c2816cb58@group-B880CA35D9EA: start as a follower, conf=-1: [862ec94c-cd2d-47b3-b563-7d6c2816cb58:192.168.151.99:36916], old=null
2019-09-26 16:53:52,606 [pool-67-thread-1] INFO  impl.RaftServerImpl (RaftServerImpl.java:setRole(174)) - 862ec94c-cd2d-47b3-b563-7d6c2816cb58@group-B880CA35D9EA: changes role from      null to FOLLOWER at term 0 for startAsFollower
2019-09-26 16:53:52,607 [pool-67-thread-1] INFO  impl.RoleInfo (RoleInfo.java:updateAndGet(143)) - 862ec94c-cd2d-47b3-b563-7d6c2816cb58: start FollowerState
2019-09-26 16:53:52,607 [pool-67-thread-1] INFO  util.JmxRegister (JmxRegister.java:tryRegister(44)) - Successfully registered JMX Bean with object name Ratis:service=RaftServer,group=group-B880CA35D9EA,id=862ec94c-cd2d-47b3-b563-7d6c2816cb58
2019-09-26 16:53:52,610 [RatisPipelineUtilsThread] INFO  pipeline.PipelineStateManager (PipelineStateManager.java:addPipeline(56)) - Created pipeline Pipeline[ Id: 2fa77e9a-6160-42a9-9f19-b880ca35d9ea, Nodes: 862ec94c-cd2d-47b3-b563-7d6c2816cb58{ip: 192.168.151.99, host: pr-hdds-1569-g6sp5-2013761785, networkLocation: /default-rack, certSerialId: null}, Type:RATIS, Factor:ONE, State:OPEN]
2019-09-26 16:53:52,615 [grpc-default-executor-1] INFO  impl.RaftServerProxy (RaftServerProxy.java:addNew(89)) - 4a469c34-60df-4173-8d32-715e2ce97f5d: addNew group-097323AD23A7:[4a469c34-60df-4173-8d32-715e2ce97f5d:192.168.151.99:42442] returns group-097323AD23A7:java.util.concurrent.CompletableFuture@29324156[Not completed]
2019-09-26 16:53:52,617 [pool-87-thread-1] INFO  impl.RaftServerImpl (RaftServerImpl.java:<init>(95)) - 4a469c34-60df-4173-8d32-715e2ce97f5d: new RaftServerImpl for group-097323AD23A7:[4a469c34-60df-4173-8d32-715e2ce97f5d:192.168.151.99:42442] with ContainerStateMachine:uninitialized
2019-09-26 16:53:52,617 [pool-87-thread-1] INFO  server.RaftServerConfigKeys (ConfUtils.java:logGet(43)) - raft.server.rpc.timeout.min = 5s (custom)
2019-09-26 16:53:52,617 [pool-87-thread-1] INFO  server.RaftServerConfigKeys (ConfUtils.java:logGet(43)) - raft.server.rpc.timeout.max = 5200ms (custom)
2019-09-26 16:53:52,617 [pool-87-thread-1] INFO  server.RaftServerConfigKeys (ConfUtils.java:logGet(43)) - raft.server.rpcslowness.timeout = 120s (custom)
2019-09-26 16:53:52,617 [pool-87-thread-1] INFO  server.RaftServerConfigKeys (ConfUtils.java:logGet(43)) - raft.server.sleep.deviation.threshold = 300 (default)
2019-09-26 16:53:52,617 [pool-87-thread-1] INFO  server.RaftServerConfigKeys (ConfUtils.java:logGet(43)) - raft.server.log.appender.install.snapshot.enabled = false (custom)
2019-09-26 16:53:52,618 [pool-87-thread-1] INFO  impl.RaftServerImpl (ServerState.java:<init>(103)) - 4a469c34-60df-4173-8d32-715e2ce97f5d@group-097323AD23A7: ConfigurationManager, init=-1: [4a469c34-60df-4173-8d32-715e2ce97f5d:192.168.151.99:42442], old=null, confs=<EMPTY_MAP>
2019-09-26 16:53:52,618 [pool-87-thread-1] INFO  server.RaftServerConfigKeys (ConfUtils.java:logGet(43)) - raft.server.storage.dir = [/workdir/hadoop-ozone/integration-test/target/test-dir/MiniOzoneClusterImpl-fdc3d401-fab1-4968-a84f-12bf762e2bbf/datanode-6/data/ratis] (custom)
2019-09-26 16:53:52,618 [pool-87-thread-1] INFO  storage.RaftStorageDirectory (RaftStorageDirectory.java:analyzeStorage(246)) - The storage directory /workdir/hadoop-ozone/integration-test/target/test-dir/MiniOzoneClusterImpl-fdc3d401-fab1-4968-a84f-12bf762e2bbf/datanode-6/data/ratis/212d1e78-8713-4d55-a6f2-097323ad23a7 does not exist. Creating ...
2019-09-26 16:53:52,622 [pool-87-thread-1] INFO  storage.RaftStorageDirectory (RaftStorageDirectory.java:tryLock(328)) - Lock on /workdir/hadoop-ozone/integration-test/target/test-dir/MiniOzoneClusterImpl-fdc3d401-fab1-4968-a84f-12bf762e2bbf/datanode-6/data/ratis/212d1e78-8713-4d55-a6f2-097323ad23a7/in_use.lock acquired by nodename 15096@pr-hdds-1569-g6sp5-2013761785
2019-09-26 16:53:52,650 [pool-87-thread-1] INFO  storage.RaftStorage (RaftStorage.java:format(72)) - Storage directory /workdir/hadoop-ozone/integration-test/target/test-dir/MiniOzoneClusterImpl-fdc3d401-fab1-4968-a84f-12bf762e2bbf/datanode-6/data/ratis/212d1e78-8713-4d55-a6f2-097323ad23a7 has been successfully formatted.
2019-09-26 16:53:52,650 [pool-87-thread-1] INFO  ratis.ContainerStateMachine (ContainerStateMachine.java:loadSnapshot(230)) - group-097323AD23A7: The snapshot info is null. Setting the last applied indexto:(t:0, i:~)
2019-09-26 16:53:52,651 [pool-87-thread-1] INFO  server.RaftServerConfigKeys (ConfUtils.java:logGet(43)) - raft.server.notification.no-leader.timeout = 120s (custom)
2019-09-26 16:53:52,651 [pool-87-thread-1] INFO  server.RaftServerConfigKeys (ConfUtils.java:logGet(43)) - raft.server.log.use.memory = false (default)
2019-09-26 16:53:52,651 [pool-87-thread-1] INFO  server.RaftServerConfigKeys (ConfUtils.java:logGet(43)) - raft.server.log.purge.gap = 1000000 (custom)
2019-09-26 16:53:52,651 [pool-87-thread-1] INFO  server.RaftServerConfigKeys (ConfUtils.java:logGet(43)) - raft.server.log.appender.buffer.byte-limit = 33554432 (custom)
2019-09-26 16:53:52,651 [pool-87-thread-1] INFO  server.RaftServerConfigKeys (ConfUtils.java:logGet(43)) - raft.server.log.segment.size.max = 1048576 (custom)
2019-09-26 16:53:52,652 [pool-87-thread-1] INFO  server.RaftServerConfigKeys (ConfUtils.java:logGet(43)) - raft.server.log.segment.cache.num.max = 2 (custom)
2019-09-26 16:53:52,652 [pool-87-thread-1] INFO  segmented.SegmentedRaftLogWorker (SegmentedRaftLogWorker.java:<init>(172)) - new 4a469c34-60df-4173-8d32-715e2ce97f5d@group-097323AD23A7-SegmentedRaftLogWorker for RaftStorage:Storage Directory /workdir/hadoop-ozone/integration-test/target/test-dir/MiniOzoneClusterImpl-fdc3d401-fab1-4968-a84f-12bf762e2bbf/datanode-6/data/ratis/212d1e78-8713-4d55-a6f2-097323ad23a7
2019-09-26 16:53:52,652 [pool-87-thread-1] INFO  server.RaftServerConfigKeys (ConfUtils.java:logGet(43)) - raft.server.log.queue.byte-limit = 2147483647 (custom)
2019-09-26 16:53:52,652 [pool-87-thread-1] INFO  server.RaftServerConfigKeys (ConfUtils.java:logGet(43)) - raft.server.log.queue.element-limit = 1024 (custom)
2019-09-26 16:53:52,652 [pool-87-thread-1] INFO  server.RaftServerConfigKeys (ConfUtils.java:logGet(43)) - raft.server.log.segment.size.max = 1048576 (custom)
2019-09-26 16:53:52,652 [pool-87-thread-1] INFO  server.RaftServerConfigKeys (ConfUtils.java:logGet(43)) - raft.server.log.preallocated.size = 16384 (custom)
2019-09-26 16:53:52,653 [pool-87-thread-1] INFO  server.RaftServerConfigKeys (ConfUtils.java:logGet(43)) - raft.server.log.write.buffer.size = 33554432 (custom)
2019-09-26 16:53:52,653 [pool-87-thread-1] INFO  server.RaftServerConfigKeys (ConfUtils.java:logGet(43)) - raft.server.log.force.sync.num = 128 (default)
2019-09-26 16:53:52,653 [pool-87-thread-1] INFO  server.RaftServerConfigKeys (ConfUtils.java:logGet(43)) - raft.server.log.statemachine.data.sync = true (default)
2019-09-26 16:53:52,653 [pool-87-thread-1] INFO  server.RaftServerConfigKeys (ConfUtils.java:logGet(43)) - raft.server.log.statemachine.data.sync.timeout = 10s (default)
2019-09-26 16:53:52,653 [pool-87-thread-1] INFO  server.RaftServerConfigKeys (ConfUtils.java:logGet(43)) - raft.server.log.statemachine.data.sync.timeout.retry = -1 (default)
2019-09-26 16:53:52,654 [pool-87-thread-1] INFO  server.RaftServerConfigKeys (ConfUtils.java:logGet(43)) - raft.server.log.statemachine.data.caching.enabled = true (custom)
2019-09-26 16:53:52,654 [pool-87-thread-1] INFO  segmented.SegmentedRaftLogWorker (SegmentedRaftLogWorker.java:lambda$new$0(132)) - 4a469c34-60df-4173-8d32-715e2ce97f5d@group-097323AD23A7-SegmentedRaftLogWorker: flushIndex: setUnconditionally 0 -> -1
2019-09-26 16:53:52,654 [pool-87-thread-1] INFO  server.RaftServerConfigKeys (ConfUtils.java:logGet(43)) - raft.server.snapshot.auto.trigger.enabled = true (custom)
2019-09-26 16:53:52,655 [pool-87-thread-1] INFO  server.RaftServerConfigKeys (ConfUtils.java:logGet(43)) - raft.server.snapshot.auto.trigger.threshold = 10000 (custom)
2019-09-26 16:53:52,655 [pool-87-thread-1] INFO  server.RaftServerConfigKeys (ConfUtils.java:logGet(43)) - raft.server.snapshot.retention.num.files = 5 (custom)
2019-09-26 16:53:52,655 [pool-87-thread-1] INFO  server.RaftServerConfigKeys (ConfUtils.java:logGet(43)) - raft.server.retrycache.expirytime = 600000ms (custom)
2019-09-26 16:53:52,657 [pool-87-thread-1] INFO  impl.RaftServerImpl (RaftServerImpl.java:start(185)) - 4a469c34-60df-4173-8d32-715e2ce97f5d@group-097323AD23A7: start as a follower, conf=-1: [4a469c34-60df-4173-8d32-715e2ce97f5d:192.168.151.99:42442], old=null
2019-09-26 16:53:52,658 [pool-87-thread-1] INFO  impl.RaftServerImpl (RaftServerImpl.java:setRole(174)) - 4a469c34-60df-4173-8d32-715e2ce97f5d@group-097323AD23A7: changes role from      null to FOLLOWER at term 0 for startAsFollower
2019-09-26 16:53:52,658 [pool-87-thread-1] INFO  impl.RoleInfo (RoleInfo.java:updateAndGet(143)) - 4a469c34-60df-4173-8d32-715e2ce97f5d: start FollowerState
2019-09-26 16:53:52,658 [pool-87-thread-1] INFO  util.JmxRegister (JmxRegister.java:tryRegister(44)) - Successfully registered JMX Bean with object name Ratis:service=RaftServer,group=group-097323AD23A7,id=4a469c34-60df-4173-8d32-715e2ce97f5d
2019-09-26 16:53:52,662 [RatisPipelineUtilsThread] INFO  pipeline.PipelineStateManager (PipelineStateManager.java:addPipeline(56)) - Created pipeline Pipeline[ Id: 212d1e78-8713-4d55-a6f2-097323ad23a7, Nodes: 4a469c34-60df-4173-8d32-715e2ce97f5d{ip: 192.168.151.99, host: pr-hdds-1569-g6sp5-2013761785, networkLocation: /default-rack, certSerialId: null}, Type:RATIS, Factor:ONE, State:OPEN]
2019-09-26 16:53:52,668 [grpc-default-executor-1] INFO  impl.RaftServerProxy (RaftServerProxy.java:addNew(89)) - 862ec94c-cd2d-47b3-b563-7d6c2816cb58: addNew group-B36475BE038F:[862ec94c-cd2d-47b3-b563-7d6c2816cb58:192.168.151.99:36916] returns group-B36475BE038F:java.util.concurrent.CompletableFuture@5cb7da9c[Not completed]
2019-09-26 16:53:52,669 [pool-67-thread-1] INFO  impl.RaftServerImpl (RaftServerImpl.java:<init>(95)) - 862ec94c-cd2d-47b3-b563-7d6c2816cb58: new RaftServerImpl for group-B36475BE038F:[862ec94c-cd2d-47b3-b563-7d6c2816cb58:192.168.151.99:36916] with ContainerStateMachine:uninitialized
2019-09-26 16:53:52,669 [pool-67-thread-1] INFO  server.RaftServerConfigKeys (ConfUtils.java:logGet(43)) - raft.server.rpc.timeout.min = 5s (custom)
2019-09-26 16:53:52,669 [pool-67-thread-1] INFO  server.RaftServerConfigKeys (ConfUtils.java:logGet(43)) - raft.server.rpc.timeout.max = 5200ms (custom)
2019-09-26 16:53:52,669 [pool-67-thread-1] INFO  server.RaftServerConfigKeys (ConfUtils.java:logGet(43)) - raft.server.rpcslowness.timeout = 120s (custom)
2019-09-26 16:53:52,670 [pool-67-thread-1] INFO  server.RaftServerConfigKeys (ConfUtils.java:logGet(43)) - raft.server.sleep.deviation.threshold = 300 (default)
2019-09-26 16:53:52,670 [pool-67-thread-1] INFO  server.RaftServerConfigKeys (ConfUtils.java:logGet(43)) - raft.server.log.appender.install.snapshot.enabled = false (custom)
2019-09-26 16:53:52,670 [pool-67-thread-1] INFO  impl.RaftServerImpl (ServerState.java:<init>(103)) - 862ec94c-cd2d-47b3-b563-7d6c2816cb58@group-B36475BE038F: ConfigurationManager, init=-1: [862ec94c-cd2d-47b3-b563-7d6c2816cb58:192.168.151.99:36916], old=null, confs=<EMPTY_MAP>
2019-09-26 16:53:52,670 [pool-67-thread-1] INFO  server.RaftServerConfigKeys (ConfUtils.java:logGet(43)) - raft.server.storage.dir = [/workdir/hadoop-ozone/integration-test/target/test-dir/MiniOzoneClusterImpl-fdc3d401-fab1-4968-a84f-12bf762e2bbf/datanode-4/data/ratis] (custom)
2019-09-26 16:53:52,671 [pool-67-thread-1] INFO  storage.RaftStorageDirectory (RaftStorageDirectory.java:analyzeStorage(246)) - The storage directory /workdir/hadoop-ozone/integration-test/target/test-dir/MiniOzoneClusterImpl-fdc3d401-fab1-4968-a84f-12bf762e2bbf/datanode-4/data/ratis/2fa1c016-5412-4541-be80-b36475be038f does not exist. Creating ...
2019-09-26 16:53:52,683 [pool-67-thread-1] INFO  storage.RaftStorageDirectory (RaftStorageDirectory.java:tryLock(328)) - Lock on /workdir/hadoop-ozone/integration-test/target/test-dir/MiniOzoneClusterImpl-fdc3d401-fab1-4968-a84f-12bf762e2bbf/datanode-4/data/ratis/2fa1c016-5412-4541-be80-b36475be038f/in_use.lock acquired by nodename 15096@pr-hdds-1569-g6sp5-2013761785
2019-09-26 16:53:52,697 [pool-67-thread-1] INFO  storage.RaftStorage (RaftStorage.java:format(72)) - Storage directory /workdir/hadoop-ozone/integration-test/target/test-dir/MiniOzoneClusterImpl-fdc3d401-fab1-4968-a84f-12bf762e2bbf/datanode-4/data/ratis/2fa1c016-5412-4541-be80-b36475be038f has been successfully formatted.
2019-09-26 16:53:52,697 [pool-67-thread-1] INFO  ratis.ContainerStateMachine (ContainerStateMachine.java:loadSnapshot(230)) - group-B36475BE038F: The snapshot info is null. Setting the last applied indexto:(t:0, i:~)
2019-09-26 16:53:52,697 [pool-67-thread-1] INFO  server.RaftServerConfigKeys (ConfUtils.java:logGet(43)) - raft.server.notification.no-leader.timeout = 120s (custom)
2019-09-26 16:53:52,697 [pool-67-thread-1] INFO  server.RaftServerConfigKeys (ConfUtils.java:logGet(43)) - raft.server.log.use.memory = false (default)
2019-09-26 16:53:52,698 [pool-67-thread-1] INFO  server.RaftServerConfigKeys (ConfUtils.java:logGet(43)) - raft.server.log.purge.gap = 1000000 (custom)
2019-09-26 16:53:52,698 [pool-67-thread-1] INFO  server.RaftServerConfigKeys (ConfUtils.java:logGet(43)) - raft.server.log.appender.buffer.byte-limit = 33554432 (custom)
2019-09-26 16:53:52,698 [pool-67-thread-1] INFO  server.RaftServerConfigKeys (ConfUtils.java:logGet(43)) - raft.server.log.segment.size.max = 1048576 (custom)
2019-09-26 16:53:52,698 [pool-67-thread-1] INFO  server.RaftServerConfigKeys (ConfUtils.java:logGet(43)) - raft.server.log.segment.cache.num.max = 2 (custom)
2019-09-26 16:53:52,698 [pool-67-thread-1] INFO  segmented.SegmentedRaftLogWorker (SegmentedRaftLogWorker.java:<init>(172)) - new 862ec94c-cd2d-47b3-b563-7d6c2816cb58@group-B36475BE038F-SegmentedRaftLogWorker for RaftStorage:Storage Directory /workdir/hadoop-ozone/integration-test/target/test-dir/MiniOzoneClusterImpl-fdc3d401-fab1-4968-a84f-12bf762e2bbf/datanode-4/data/ratis/2fa1c016-5412-4541-be80-b36475be038f
2019-09-26 16:53:52,698 [pool-67-thread-1] INFO  server.RaftServerConfigKeys (ConfUtils.java:logGet(43)) - raft.server.log.queue.byte-limit = 2147483647 (custom)
2019-09-26 16:53:52,698 [pool-67-thread-1] INFO  server.RaftServerConfigKeys (ConfUtils.java:logGet(43)) - raft.server.log.queue.element-limit = 1024 (custom)
2019-09-26 16:53:52,699 [pool-67-thread-1] INFO  server.RaftServerConfigKeys (ConfUtils.java:logGet(43)) - raft.server.log.segment.size.max = 1048576 (custom)
2019-09-26 16:53:52,699 [pool-67-thread-1] INFO  server.RaftServerConfigKeys (ConfUtils.java:logGet(43)) - raft.server.log.preallocated.size = 16384 (custom)
2019-09-26 16:53:52,699 [pool-67-thread-1] INFO  server.RaftServerConfigKeys (ConfUtils.java:logGet(43)) - raft.server.log.write.buffer.size = 33554432 (custom)
2019-09-26 16:53:52,699 [pool-67-thread-1] INFO  server.RaftServerConfigKeys (ConfUtils.java:logGet(43)) - raft.server.log.force.sync.num = 128 (default)
2019-09-26 16:53:52,699 [pool-67-thread-1] INFO  server.RaftServerConfigKeys (ConfUtils.java:logGet(43)) - raft.server.log.statemachine.data.sync = true (default)
2019-09-26 16:53:52,699 [pool-67-thread-1] INFO  server.RaftServerConfigKeys (ConfUtils.java:logGet(43)) - raft.server.log.statemachine.data.sync.timeout = 10s (default)
2019-09-26 16:53:52,699 [pool-67-thread-1] INFO  server.RaftServerConfigKeys (ConfUtils.java:logGet(43)) - raft.server.log.statemachine.data.sync.timeout.retry = -1 (default)
2019-09-26 16:53:52,700 [pool-67-thread-1] INFO  server.RaftServerConfigKeys (ConfUtils.java:logGet(43)) - raft.server.log.statemachine.data.caching.enabled = true (custom)
2019-09-26 16:53:52,700 [pool-67-thread-1] INFO  segmented.SegmentedRaftLogWorker (SegmentedRaftLogWorker.java:lambda$new$0(132)) - 862ec94c-cd2d-47b3-b563-7d6c2816cb58@group-B36475BE038F-SegmentedRaftLogWorker: flushIndex: setUnconditionally 0 -> -1
2019-09-26 16:53:52,700 [pool-67-thread-1] INFO  server.RaftServerConfigKeys (ConfUtils.java:logGet(43)) - raft.server.snapshot.auto.trigger.enabled = true (custom)
2019-09-26 16:53:52,700 [pool-67-thread-1] INFO  server.RaftServerConfigKeys (ConfUtils.java:logGet(43)) - raft.server.snapshot.auto.trigger.threshold = 10000 (custom)
2019-09-26 16:53:52,700 [pool-67-thread-1] INFO  server.RaftServerConfigKeys (ConfUtils.java:logGet(43)) - raft.server.snapshot.retention.num.files = 5 (custom)
2019-09-26 16:53:52,701 [pool-67-thread-1] INFO  server.RaftServerConfigKeys (ConfUtils.java:logGet(43)) - raft.server.retrycache.expirytime = 600000ms (custom)
2019-09-26 16:53:52,703 [pool-67-thread-1] INFO  impl.RaftServerImpl (RaftServerImpl.java:start(185)) - 862ec94c-cd2d-47b3-b563-7d6c2816cb58@group-B36475BE038F: start as a follower, conf=-1: [862ec94c-cd2d-47b3-b563-7d6c2816cb58:192.168.151.99:36916], old=null
2019-09-26 16:53:52,703 [pool-67-thread-1] INFO  impl.RaftServerImpl (RaftServerImpl.java:setRole(174)) - 862ec94c-cd2d-47b3-b563-7d6c2816cb58@group-B36475BE038F: changes role from      null to FOLLOWER at term 0 for startAsFollower
2019-09-26 16:53:52,703 [pool-67-thread-1] INFO  impl.RoleInfo (RoleInfo.java:updateAndGet(143)) - 862ec94c-cd2d-47b3-b563-7d6c2816cb58: start FollowerState
2019-09-26 16:53:52,704 [pool-67-thread-1] INFO  util.JmxRegister (JmxRegister.java:tryRegister(44)) - Successfully registered JMX Bean with object name Ratis:service=RaftServer,group=group-B36475BE038F,id=862ec94c-cd2d-47b3-b563-7d6c2816cb58
2019-09-26 16:53:52,707 [RatisPipelineUtilsThread] INFO  pipeline.PipelineStateManager (PipelineStateManager.java:addPipeline(56)) - Created pipeline Pipeline[ Id: 2fa1c016-5412-4541-be80-b36475be038f, Nodes: 862ec94c-cd2d-47b3-b563-7d6c2816cb58{ip: 192.168.151.99, host: pr-hdds-1569-g6sp5-2013761785, networkLocation: /default-rack, certSerialId: null}, Type:RATIS, Factor:ONE, State:OPEN]
2019-09-26 16:53:52,714 [grpc-default-executor-1] INFO  impl.RaftServerProxy (RaftServerProxy.java:addNew(89)) - 5160ea40-cc48-41a9-a1d1-1151a36e77d8: addNew group-5D5B5FA2477B:[5160ea40-cc48-41a9-a1d1-1151a36e77d8:192.168.151.99:45356] returns group-5D5B5FA2477B:java.util.concurrent.CompletableFuture@4893d0e0[Not completed]
2019-09-26 16:53:52,715 [pool-57-thread-1] INFO  impl.RaftServerImpl (RaftServerImpl.java:<init>(95)) - 5160ea40-cc48-41a9-a1d1-1151a36e77d8: new RaftServerImpl for group-5D5B5FA2477B:[5160ea40-cc48-41a9-a1d1-1151a36e77d8:192.168.151.99:45356] with ContainerStateMachine:uninitialized
2019-09-26 16:53:52,715 [pool-57-thread-1] INFO  server.RaftServerConfigKeys (ConfUtils.java:logGet(43)) - raft.server.rpc.timeout.min = 5s (custom)
2019-09-26 16:53:52,715 [pool-57-thread-1] INFO  server.RaftServerConfigKeys (ConfUtils.java:logGet(43)) - raft.server.rpc.timeout.max = 5200ms (custom)
2019-09-26 16:53:52,715 [pool-57-thread-1] INFO  server.RaftServerConfigKeys (ConfUtils.java:logGet(43)) - raft.server.rpcslowness.timeout = 120s (custom)
2019-09-26 16:53:52,715 [pool-57-thread-1] INFO  server.RaftServerConfigKeys (ConfUtils.java:logGet(43)) - raft.server.sleep.deviation.threshold = 300 (default)
2019-09-26 16:53:52,716 [pool-57-thread-1] INFO  server.RaftServerConfigKeys (ConfUtils.java:logGet(43)) - raft.server.log.appender.install.snapshot.enabled = false (custom)
2019-09-26 16:53:52,716 [pool-57-thread-1] INFO  impl.RaftServerImpl (ServerState.java:<init>(103)) - 5160ea40-cc48-41a9-a1d1-1151a36e77d8@group-5D5B5FA2477B: ConfigurationManager, init=-1: [5160ea40-cc48-41a9-a1d1-1151a36e77d8:192.168.151.99:45356], old=null, confs=<EMPTY_MAP>
2019-09-26 16:53:52,716 [pool-57-thread-1] INFO  server.RaftServerConfigKeys (ConfUtils.java:logGet(43)) - raft.server.storage.dir = [/workdir/hadoop-ozone/integration-test/target/test-dir/MiniOzoneClusterImpl-fdc3d401-fab1-4968-a84f-12bf762e2bbf/datanode-3/data/ratis] (custom)
2019-09-26 16:53:52,716 [pool-57-thread-1] INFO  storage.RaftStorageDirectory (RaftStorageDirectory.java:analyzeStorage(246)) - The storage directory /workdir/hadoop-ozone/integration-test/target/test-dir/MiniOzoneClusterImpl-fdc3d401-fab1-4968-a84f-12bf762e2bbf/datanode-3/data/ratis/608df56b-30dd-4c9d-865c-5d5b5fa2477b does not exist. Creating ...
2019-09-26 16:53:52,730 [pool-57-thread-1] INFO  storage.RaftStorageDirectory (RaftStorageDirectory.java:tryLock(328)) - Lock on /workdir/hadoop-ozone/integration-test/target/test-dir/MiniOzoneClusterImpl-fdc3d401-fab1-4968-a84f-12bf762e2bbf/datanode-3/data/ratis/608df56b-30dd-4c9d-865c-5d5b5fa2477b/in_use.lock acquired by nodename 15096@pr-hdds-1569-g6sp5-2013761785
2019-09-26 16:53:52,743 [pool-57-thread-1] INFO  storage.RaftStorage (RaftStorage.java:format(72)) - Storage directory /workdir/hadoop-ozone/integration-test/target/test-dir/MiniOzoneClusterImpl-fdc3d401-fab1-4968-a84f-12bf762e2bbf/datanode-3/data/ratis/608df56b-30dd-4c9d-865c-5d5b5fa2477b has been successfully formatted.
2019-09-26 16:53:52,744 [pool-57-thread-1] INFO  ratis.ContainerStateMachine (ContainerStateMachine.java:loadSnapshot(230)) - group-5D5B5FA2477B: The snapshot info is null. Setting the last applied indexto:(t:0, i:~)
2019-09-26 16:53:52,744 [pool-57-thread-1] INFO  server.RaftServerConfigKeys (ConfUtils.java:logGet(43)) - raft.server.notification.no-leader.timeout = 120s (custom)
2019-09-26 16:53:52,744 [pool-57-thread-1] INFO  server.RaftServerConfigKeys (ConfUtils.java:logGet(43)) - raft.server.log.use.memory = false (default)
2019-09-26 16:53:52,744 [pool-57-thread-1] INFO  server.RaftServerConfigKeys (ConfUtils.java:logGet(43)) - raft.server.log.purge.gap = 1000000 (custom)
2019-09-26 16:53:52,744 [pool-57-thread-1] INFO  server.RaftServerConfigKeys (ConfUtils.java:logGet(43)) - raft.server.log.appender.buffer.byte-limit = 33554432 (custom)
2019-09-26 16:53:52,745 [pool-57-thread-1] INFO  server.RaftServerConfigKeys (ConfUtils.java:logGet(43)) - raft.server.log.segment.size.max = 1048576 (custom)
2019-09-26 16:53:52,745 [pool-57-thread-1] INFO  server.RaftServerConfigKeys (ConfUtils.java:logGet(43)) - raft.server.log.segment.cache.num.max = 2 (custom)
2019-09-26 16:53:52,745 [pool-57-thread-1] INFO  segmented.SegmentedRaftLogWorker (SegmentedRaftLogWorker.java:<init>(172)) - new 5160ea40-cc48-41a9-a1d1-1151a36e77d8@group-5D5B5FA2477B-SegmentedRaftLogWorker for RaftStorage:Storage Directory /workdir/hadoop-ozone/integration-test/target/test-dir/MiniOzoneClusterImpl-fdc3d401-fab1-4968-a84f-12bf762e2bbf/datanode-3/data/ratis/608df56b-30dd-4c9d-865c-5d5b5fa2477b
2019-09-26 16:53:52,745 [pool-57-thread-1] INFO  server.RaftServerConfigKeys (ConfUtils.java:logGet(43)) - raft.server.log.queue.byte-limit = 2147483647 (custom)
2019-09-26 16:53:52,745 [pool-57-thread-1] INFO  server.RaftServerConfigKeys (ConfUtils.java:logGet(43)) - raft.server.log.queue.element-limit = 1024 (custom)
2019-09-26 16:53:52,746 [pool-57-thread-1] INFO  server.RaftServerConfigKeys (ConfUtils.java:logGet(43)) - raft.server.log.segment.size.max = 1048576 (custom)
2019-09-26 16:53:52,746 [pool-57-thread-1] INFO  server.RaftServerConfigKeys (ConfUtils.java:logGet(43)) - raft.server.log.preallocated.size = 16384 (custom)
2019-09-26 16:53:52,746 [pool-57-thread-1] INFO  server.RaftServerConfigKeys (ConfUtils.java:logGet(43)) - raft.server.log.write.buffer.size = 33554432 (custom)
2019-09-26 16:53:52,746 [pool-57-thread-1] INFO  server.RaftServerConfigKeys (ConfUtils.java:logGet(43)) - raft.server.log.force.sync.num = 128 (default)
2019-09-26 16:53:52,746 [pool-57-thread-1] INFO  server.RaftServerConfigKeys (ConfUtils.java:logGet(43)) - raft.server.log.statemachine.data.sync = true (default)
2019-09-26 16:53:52,747 [pool-57-thread-1] INFO  server.RaftServerConfigKeys (ConfUtils.java:logGet(43)) - raft.server.log.statemachine.data.sync.timeout = 10s (default)
2019-09-26 16:53:52,747 [pool-57-thread-1] INFO  server.RaftServerConfigKeys (ConfUtils.java:logGet(43)) - raft.server.log.statemachine.data.sync.timeout.retry = -1 (default)
2019-09-26 16:53:52,747 [pool-57-thread-1] INFO  server.RaftServerConfigKeys (ConfUtils.java:logGet(43)) - raft.server.log.statemachine.data.caching.enabled = true (custom)
2019-09-26 16:53:52,747 [pool-57-thread-1] INFO  segmented.SegmentedRaftLogWorker (SegmentedRaftLogWorker.java:lambda$new$0(132)) - 5160ea40-cc48-41a9-a1d1-1151a36e77d8@group-5D5B5FA2477B-SegmentedRaftLogWorker: flushIndex: setUnconditionally 0 -> -1
2019-09-26 16:53:52,748 [pool-57-thread-1] INFO  server.RaftServerConfigKeys (ConfUtils.java:logGet(43)) - raft.server.snapshot.auto.trigger.enabled = true (custom)
2019-09-26 16:53:52,748 [pool-57-thread-1] INFO  server.RaftServerConfigKeys (ConfUtils.java:logGet(43)) - raft.server.snapshot.auto.trigger.threshold = 10000 (custom)
2019-09-26 16:53:52,748 [pool-57-thread-1] INFO  server.RaftServerConfigKeys (ConfUtils.java:logGet(43)) - raft.server.snapshot.retention.num.files = 5 (custom)
2019-09-26 16:53:52,749 [pool-57-thread-1] INFO  server.RaftServerConfigKeys (ConfUtils.java:logGet(43)) - raft.server.retrycache.expirytime = 600000ms (custom)
2019-09-26 16:53:52,752 [pool-57-thread-1] INFO  impl.RaftServerImpl (RaftServerImpl.java:start(185)) - 5160ea40-cc48-41a9-a1d1-1151a36e77d8@group-5D5B5FA2477B: start as a follower, conf=-1: [5160ea40-cc48-41a9-a1d1-1151a36e77d8:192.168.151.99:45356], old=null
2019-09-26 16:53:52,752 [pool-57-thread-1] INFO  impl.RaftServerImpl (RaftServerImpl.java:setRole(174)) - 5160ea40-cc48-41a9-a1d1-1151a36e77d8@group-5D5B5FA2477B: changes role from      null to FOLLOWER at term 0 for startAsFollower
2019-09-26 16:53:52,752 [pool-57-thread-1] INFO  impl.RoleInfo (RoleInfo.java:updateAndGet(143)) - 5160ea40-cc48-41a9-a1d1-1151a36e77d8: start FollowerState
2019-09-26 16:53:52,753 [pool-57-thread-1] INFO  util.JmxRegister (JmxRegister.java:tryRegister(44)) - Successfully registered JMX Bean with object name Ratis:service=RaftServer,group=group-5D5B5FA2477B,id=5160ea40-cc48-41a9-a1d1-1151a36e77d8
2019-09-26 16:53:52,757 [RatisPipelineUtilsThread] INFO  pipeline.PipelineStateManager (PipelineStateManager.java:addPipeline(56)) - Created pipeline Pipeline[ Id: 608df56b-30dd-4c9d-865c-5d5b5fa2477b, Nodes: 5160ea40-cc48-41a9-a1d1-1151a36e77d8{ip: 192.168.151.99, host: pr-hdds-1569-g6sp5-2013761785, networkLocation: /default-rack, certSerialId: null}, Type:RATIS, Factor:ONE, State:OPEN]
2019-09-26 16:53:52,763 [grpc-default-executor-1] INFO  impl.RaftServerProxy (RaftServerProxy.java:addNew(89)) - 7fda706b-4e23-4e10-baba-12810c05fbbb: addNew group-D4838260B295:[7fda706b-4e23-4e10-baba-12810c05fbbb:192.168.151.99:32897] returns group-D4838260B295:java.util.concurrent.CompletableFuture@7068a1af[Not completed]
2019-09-26 16:53:52,765 [pool-37-thread-1] INFO  impl.RaftServerImpl (RaftServerImpl.java:<init>(95)) - 7fda706b-4e23-4e10-baba-12810c05fbbb: new RaftServerImpl for group-D4838260B295:[7fda706b-4e23-4e10-baba-12810c05fbbb:192.168.151.99:32897] with ContainerStateMachine:uninitialized
2019-09-26 16:53:52,765 [pool-37-thread-1] INFO  server.RaftServerConfigKeys (ConfUtils.java:logGet(43)) - raft.server.rpc.timeout.min = 5s (custom)
2019-09-26 16:53:52,765 [pool-37-thread-1] INFO  server.RaftServerConfigKeys (ConfUtils.java:logGet(43)) - raft.server.rpc.timeout.max = 5200ms (custom)
2019-09-26 16:53:52,765 [pool-37-thread-1] INFO  server.RaftServerConfigKeys (ConfUtils.java:logGet(43)) - raft.server.rpcslowness.timeout = 120s (custom)
2019-09-26 16:53:52,765 [pool-37-thread-1] INFO  server.RaftServerConfigKeys (ConfUtils.java:logGet(43)) - raft.server.sleep.deviation.threshold = 300 (default)
2019-09-26 16:53:52,766 [pool-37-thread-1] INFO  server.RaftServerConfigKeys (ConfUtils.java:logGet(43)) - raft.server.log.appender.install.snapshot.enabled = false (custom)
2019-09-26 16:53:52,766 [pool-37-thread-1] INFO  impl.RaftServerImpl (ServerState.java:<init>(103)) - 7fda706b-4e23-4e10-baba-12810c05fbbb@group-D4838260B295: ConfigurationManager, init=-1: [7fda706b-4e23-4e10-baba-12810c05fbbb:192.168.151.99:32897], old=null, confs=<EMPTY_MAP>
2019-09-26 16:53:52,766 [pool-37-thread-1] INFO  server.RaftServerConfigKeys (ConfUtils.java:logGet(43)) - raft.server.storage.dir = [/workdir/hadoop-ozone/integration-test/target/test-dir/MiniOzoneClusterImpl-fdc3d401-fab1-4968-a84f-12bf762e2bbf/datanode-1/data/ratis] (custom)
2019-09-26 16:53:52,766 [pool-37-thread-1] INFO  storage.RaftStorageDirectory (RaftStorageDirectory.java:analyzeStorage(246)) - The storage directory /workdir/hadoop-ozone/integration-test/target/test-dir/MiniOzoneClusterImpl-fdc3d401-fab1-4968-a84f-12bf762e2bbf/datanode-1/data/ratis/a1dada32-206a-40ea-a0cb-d4838260b295 does not exist. Creating ...
2019-09-26 16:53:52,779 [pool-37-thread-1] INFO  storage.RaftStorageDirectory (RaftStorageDirectory.java:tryLock(328)) - Lock on /workdir/hadoop-ozone/integration-test/target/test-dir/MiniOzoneClusterImpl-fdc3d401-fab1-4968-a84f-12bf762e2bbf/datanode-1/data/ratis/a1dada32-206a-40ea-a0cb-d4838260b295/in_use.lock acquired by nodename 15096@pr-hdds-1569-g6sp5-2013761785
2019-09-26 16:53:52,792 [pool-37-thread-1] INFO  storage.RaftStorage (RaftStorage.java:format(72)) - Storage directory /workdir/hadoop-ozone/integration-test/target/test-dir/MiniOzoneClusterImpl-fdc3d401-fab1-4968-a84f-12bf762e2bbf/datanode-1/data/ratis/a1dada32-206a-40ea-a0cb-d4838260b295 has been successfully formatted.
2019-09-26 16:53:52,793 [pool-37-thread-1] INFO  ratis.ContainerStateMachine (ContainerStateMachine.java:loadSnapshot(230)) - group-D4838260B295: The snapshot info is null. Setting the last applied indexto:(t:0, i:~)
2019-09-26 16:53:52,793 [pool-37-thread-1] INFO  server.RaftServerConfigKeys (ConfUtils.java:logGet(43)) - raft.server.notification.no-leader.timeout = 120s (custom)
2019-09-26 16:53:52,793 [pool-37-thread-1] INFO  server.RaftServerConfigKeys (ConfUtils.java:logGet(43)) - raft.server.log.use.memory = false (default)
2019-09-26 16:53:52,794 [pool-37-thread-1] INFO  server.RaftServerConfigKeys (ConfUtils.java:logGet(43)) - raft.server.log.purge.gap = 1000000 (custom)
2019-09-26 16:53:52,794 [pool-37-thread-1] INFO  server.RaftServerConfigKeys (ConfUtils.java:logGet(43)) - raft.server.log.appender.buffer.byte-limit = 33554432 (custom)
2019-09-26 16:53:52,794 [pool-37-thread-1] INFO  server.RaftServerConfigKeys (ConfUtils.java:logGet(43)) - raft.server.log.segment.size.max = 1048576 (custom)
2019-09-26 16:53:52,795 [pool-37-thread-1] INFO  server.RaftServerConfigKeys (ConfUtils.java:logGet(43)) - raft.server.log.segment.cache.num.max = 2 (custom)
2019-09-26 16:53:52,795 [pool-37-thread-1] INFO  segmented.SegmentedRaftLogWorker (SegmentedRaftLogWorker.java:<init>(172)) - new 7fda706b-4e23-4e10-baba-12810c05fbbb@group-D4838260B295-SegmentedRaftLogWorker for RaftStorage:Storage Directory /workdir/hadoop-ozone/integration-test/target/test-dir/MiniOzoneClusterImpl-fdc3d401-fab1-4968-a84f-12bf762e2bbf/datanode-1/data/ratis/a1dada32-206a-40ea-a0cb-d4838260b295
2019-09-26 16:53:52,795 [pool-37-thread-1] INFO  server.RaftServerConfigKeys (ConfUtils.java:logGet(43)) - raft.server.log.queue.byte-limit = 2147483647 (custom)
2019-09-26 16:53:52,795 [pool-37-thread-1] INFO  server.RaftServerConfigKeys (ConfUtils.java:logGet(43)) - raft.server.log.queue.element-limit = 1024 (custom)
2019-09-26 16:53:52,795 [pool-37-thread-1] INFO  server.RaftServerConfigKeys (ConfUtils.java:logGet(43)) - raft.server.log.segment.size.max = 1048576 (custom)
2019-09-26 16:53:52,796 [pool-37-thread-1] INFO  server.RaftServerConfigKeys (ConfUtils.java:logGet(43)) - raft.server.log.preallocated.size = 16384 (custom)
2019-09-26 16:53:52,796 [pool-37-thread-1] INFO  server.RaftServerConfigKeys (ConfUtils.java:logGet(43)) - raft.server.log.write.buffer.size = 33554432 (custom)
2019-09-26 16:53:52,796 [pool-37-thread-1] INFO  server.RaftServerConfigKeys (ConfUtils.java:logGet(43)) - raft.server.log.force.sync.num = 128 (default)
2019-09-26 16:53:52,796 [pool-37-thread-1] INFO  server.RaftServerConfigKeys (ConfUtils.java:logGet(43)) - raft.server.log.statemachine.data.sync = true (default)
2019-09-26 16:53:52,796 [pool-37-thread-1] INFO  server.RaftServerConfigKeys (ConfUtils.java:logGet(43)) - raft.server.log.statemachine.data.sync.timeout = 10s (default)
2019-09-26 16:53:52,796 [pool-37-thread-1] INFO  server.RaftServerConfigKeys (ConfUtils.java:logGet(43)) - raft.server.log.statemachine.data.sync.timeout.retry = -1 (default)
2019-09-26 16:53:52,796 [pool-37-thread-1] INFO  server.RaftServerConfigKeys (ConfUtils.java:logGet(43)) - raft.server.log.statemachine.data.caching.enabled = true (custom)
2019-09-26 16:53:52,797 [pool-37-thread-1] INFO  segmented.SegmentedRaftLogWorker (SegmentedRaftLogWorker.java:lambda$new$0(132)) - 7fda706b-4e23-4e10-baba-12810c05fbbb@group-D4838260B295-SegmentedRaftLogWorker: flushIndex: setUnconditionally 0 -> -1
2019-09-26 16:53:52,797 [pool-37-thread-1] INFO  server.RaftServerConfigKeys (ConfUtils.java:logGet(43)) - raft.server.snapshot.auto.trigger.enabled = true (custom)
2019-09-26 16:53:52,797 [pool-37-thread-1] INFO  server.RaftServerConfigKeys (ConfUtils.java:logGet(43)) - raft.server.snapshot.auto.trigger.threshold = 10000 (custom)
2019-09-26 16:53:52,797 [pool-37-thread-1] INFO  server.RaftServerConfigKeys (ConfUtils.java:logGet(43)) - raft.server.snapshot.retention.num.files = 5 (custom)
2019-09-26 16:53:52,798 [pool-37-thread-1] INFO  server.RaftServerConfigKeys (ConfUtils.java:logGet(43)) - raft.server.retrycache.expirytime = 600000ms (custom)
2019-09-26 16:53:52,800 [pool-37-thread-1] INFO  impl.RaftServerImpl (RaftServerImpl.java:start(185)) - 7fda706b-4e23-4e10-baba-12810c05fbbb@group-D4838260B295: start as a follower, conf=-1: [7fda706b-4e23-4e10-baba-12810c05fbbb:192.168.151.99:32897], old=null
2019-09-26 16:53:52,800 [pool-37-thread-1] INFO  impl.RaftServerImpl (RaftServerImpl.java:setRole(174)) - 7fda706b-4e23-4e10-baba-12810c05fbbb@group-D4838260B295: changes role from      null to FOLLOWER at term 0 for startAsFollower
2019-09-26 16:53:52,801 [pool-37-thread-1] INFO  impl.RoleInfo (RoleInfo.java:updateAndGet(143)) - 7fda706b-4e23-4e10-baba-12810c05fbbb: start FollowerState
2019-09-26 16:53:52,801 [pool-37-thread-1] INFO  util.JmxRegister (JmxRegister.java:tryRegister(44)) - Successfully registered JMX Bean with object name Ratis:service=RaftServer,group=group-D4838260B295,id=7fda706b-4e23-4e10-baba-12810c05fbbb
2019-09-26 16:53:52,804 [RatisPipelineUtilsThread] INFO  pipeline.PipelineStateManager (PipelineStateManager.java:addPipeline(56)) - Created pipeline Pipeline[ Id: a1dada32-206a-40ea-a0cb-d4838260b295, Nodes: 7fda706b-4e23-4e10-baba-12810c05fbbb{ip: 192.168.151.99, host: pr-hdds-1569-g6sp5-2013761785, networkLocation: /default-rack, certSerialId: null}, Type:RATIS, Factor:ONE, State:OPEN]
2019-09-26 16:53:52,810 [grpc-default-executor-1] INFO  impl.RaftServerProxy (RaftServerProxy.java:addNew(89)) - d17cca1b-2e6b-48b2-8b1c-3559490fa529: addNew group-F1CC7F31322C:[d17cca1b-2e6b-48b2-8b1c-3559490fa529:192.168.151.99:40714] returns group-F1CC7F31322C:java.util.concurrent.CompletableFuture@5570edee[Not completed]
2019-09-26 16:53:52,811 [pool-77-thread-1] INFO  impl.RaftServerImpl (RaftServerImpl.java:<init>(95)) - d17cca1b-2e6b-48b2-8b1c-3559490fa529: new RaftServerImpl for group-F1CC7F31322C:[d17cca1b-2e6b-48b2-8b1c-3559490fa529:192.168.151.99:40714] with ContainerStateMachine:uninitialized
2019-09-26 16:53:52,811 [pool-77-thread-1] INFO  server.RaftServerConfigKeys (ConfUtils.java:logGet(43)) - raft.server.rpc.timeout.min = 5s (custom)
2019-09-26 16:53:52,811 [pool-77-thread-1] INFO  server.RaftServerConfigKeys (ConfUtils.java:logGet(43)) - raft.server.rpc.timeout.max = 5200ms (custom)
2019-09-26 16:53:52,811 [pool-77-thread-1] INFO  server.RaftServerConfigKeys (ConfUtils.java:logGet(43)) - raft.server.rpcslowness.timeout = 120s (custom)
2019-09-26 16:53:52,811 [pool-77-thread-1] INFO  server.RaftServerConfigKeys (ConfUtils.java:logGet(43)) - raft.server.sleep.deviation.threshold = 300 (default)
2019-09-26 16:53:52,811 [pool-77-thread-1] INFO  server.RaftServerConfigKeys (ConfUtils.java:logGet(43)) - raft.server.log.appender.install.snapshot.enabled = false (custom)
2019-09-26 16:53:52,811 [pool-77-thread-1] INFO  impl.RaftServerImpl (ServerState.java:<init>(103)) - d17cca1b-2e6b-48b2-8b1c-3559490fa529@group-F1CC7F31322C: ConfigurationManager, init=-1: [d17cca1b-2e6b-48b2-8b1c-3559490fa529:192.168.151.99:40714], old=null, confs=<EMPTY_MAP>
2019-09-26 16:53:52,812 [pool-77-thread-1] INFO  server.RaftServerConfigKeys (ConfUtils.java:logGet(43)) - raft.server.storage.dir = [/workdir/hadoop-ozone/integration-test/target/test-dir/MiniOzoneClusterImpl-fdc3d401-fab1-4968-a84f-12bf762e2bbf/datanode-5/data/ratis] (custom)
2019-09-26 16:53:52,812 [pool-77-thread-1] INFO  storage.RaftStorageDirectory (RaftStorageDirectory.java:analyzeStorage(246)) - The storage directory /workdir/hadoop-ozone/integration-test/target/test-dir/MiniOzoneClusterImpl-fdc3d401-fab1-4968-a84f-12bf762e2bbf/datanode-5/data/ratis/43b32c9d-58b9-4a5d-9cdc-f1cc7f31322c does not exist. Creating ...
2019-09-26 16:53:52,824 [pool-77-thread-1] INFO  storage.RaftStorageDirectory (RaftStorageDirectory.java:tryLock(328)) - Lock on /workdir/hadoop-ozone/integration-test/target/test-dir/MiniOzoneClusterImpl-fdc3d401-fab1-4968-a84f-12bf762e2bbf/datanode-5/data/ratis/43b32c9d-58b9-4a5d-9cdc-f1cc7f31322c/in_use.lock acquired by nodename 15096@pr-hdds-1569-g6sp5-2013761785
2019-09-26 16:53:52,837 [pool-77-thread-1] INFO  storage.RaftStorage (RaftStorage.java:format(72)) - Storage directory /workdir/hadoop-ozone/integration-test/target/test-dir/MiniOzoneClusterImpl-fdc3d401-fab1-4968-a84f-12bf762e2bbf/datanode-5/data/ratis/43b32c9d-58b9-4a5d-9cdc-f1cc7f31322c has been successfully formatted.
2019-09-26 16:53:52,837 [pool-77-thread-1] INFO  ratis.ContainerStateMachine (ContainerStateMachine.java:loadSnapshot(230)) - group-F1CC7F31322C: The snapshot info is null. Setting the last applied indexto:(t:0, i:~)
2019-09-26 16:53:52,838 [pool-77-thread-1] INFO  server.RaftServerConfigKeys (ConfUtils.java:logGet(43)) - raft.server.notification.no-leader.timeout = 120s (custom)
2019-09-26 16:53:52,838 [pool-77-thread-1] INFO  server.RaftServerConfigKeys (ConfUtils.java:logGet(43)) - raft.server.log.use.memory = false (default)
2019-09-26 16:53:52,838 [pool-77-thread-1] INFO  server.RaftServerConfigKeys (ConfUtils.java:logGet(43)) - raft.server.log.purge.gap = 1000000 (custom)
2019-09-26 16:53:52,838 [pool-77-thread-1] INFO  server.RaftServerConfigKeys (ConfUtils.java:logGet(43)) - raft.server.log.appender.buffer.byte-limit = 33554432 (custom)
2019-09-26 16:53:52,838 [pool-77-thread-1] INFO  server.RaftServerConfigKeys (ConfUtils.java:logGet(43)) - raft.server.log.segment.size.max = 1048576 (custom)
2019-09-26 16:53:52,838 [pool-77-thread-1] INFO  server.RaftServerConfigKeys (ConfUtils.java:logGet(43)) - raft.server.log.segment.cache.num.max = 2 (custom)
2019-09-26 16:53:52,838 [pool-77-thread-1] INFO  segmented.SegmentedRaftLogWorker (SegmentedRaftLogWorker.java:<init>(172)) - new d17cca1b-2e6b-48b2-8b1c-3559490fa529@group-F1CC7F31322C-SegmentedRaftLogWorker for RaftStorage:Storage Directory /workdir/hadoop-ozone/integration-test/target/test-dir/MiniOzoneClusterImpl-fdc3d401-fab1-4968-a84f-12bf762e2bbf/datanode-5/data/ratis/43b32c9d-58b9-4a5d-9cdc-f1cc7f31322c
2019-09-26 16:53:52,838 [pool-77-thread-1] INFO  server.RaftServerConfigKeys (ConfUtils.java:logGet(43)) - raft.server.log.queue.byte-limit = 2147483647 (custom)
2019-09-26 16:53:52,839 [pool-77-thread-1] INFO  server.RaftServerConfigKeys (ConfUtils.java:logGet(43)) - raft.server.log.queue.element-limit = 1024 (custom)
2019-09-26 16:53:52,839 [pool-77-thread-1] INFO  server.RaftServerConfigKeys (ConfUtils.java:logGet(43)) - raft.server.log.segment.size.max = 1048576 (custom)
2019-09-26 16:53:52,839 [pool-77-thread-1] INFO  server.RaftServerConfigKeys (ConfUtils.java:logGet(43)) - raft.server.log.preallocated.size = 16384 (custom)
2019-09-26 16:53:52,839 [pool-77-thread-1] INFO  server.RaftServerConfigKeys (ConfUtils.java:logGet(43)) - raft.server.log.write.buffer.size = 33554432 (custom)
2019-09-26 16:53:52,839 [pool-77-thread-1] INFO  server.RaftServerConfigKeys (ConfUtils.java:logGet(43)) - raft.server.log.force.sync.num = 128 (default)
2019-09-26 16:53:52,839 [pool-77-thread-1] INFO  server.RaftServerConfigKeys (ConfUtils.java:logGet(43)) - raft.server.log.statemachine.data.sync = true (default)
2019-09-26 16:53:52,839 [pool-77-thread-1] INFO  server.RaftServerConfigKeys (ConfUtils.java:logGet(43)) - raft.server.log.statemachine.data.sync.timeout = 10s (default)
2019-09-26 16:53:52,839 [pool-77-thread-1] INFO  server.RaftServerConfigKeys (ConfUtils.java:logGet(43)) - raft.server.log.statemachine.data.sync.timeout.retry = -1 (default)
2019-09-26 16:53:52,839 [pool-77-thread-1] INFO  server.RaftServerConfigKeys (ConfUtils.java:logGet(43)) - raft.server.log.statemachine.data.caching.enabled = true (custom)
2019-09-26 16:53:52,840 [pool-77-thread-1] INFO  segmented.SegmentedRaftLogWorker (SegmentedRaftLogWorker.java:lambda$new$0(132)) - d17cca1b-2e6b-48b2-8b1c-3559490fa529@group-F1CC7F31322C-SegmentedRaftLogWorker: flushIndex: setUnconditionally 0 -> -1
2019-09-26 16:53:52,840 [pool-77-thread-1] INFO  server.RaftServerConfigKeys (ConfUtils.java:logGet(43)) - raft.server.snapshot.auto.trigger.enabled = true (custom)
2019-09-26 16:53:52,840 [pool-77-thread-1] INFO  server.RaftServerConfigKeys (ConfUtils.java:logGet(43)) - raft.server.snapshot.auto.trigger.threshold = 10000 (custom)
2019-09-26 16:53:52,840 [pool-77-thread-1] INFO  server.RaftServerConfigKeys (ConfUtils.java:logGet(43)) - raft.server.snapshot.retention.num.files = 5 (custom)
2019-09-26 16:53:52,840 [pool-77-thread-1] INFO  server.RaftServerConfigKeys (ConfUtils.java:logGet(43)) - raft.server.retrycache.expirytime = 600000ms (custom)
2019-09-26 16:53:52,842 [pool-77-thread-1] INFO  impl.RaftServerImpl (RaftServerImpl.java:start(185)) - d17cca1b-2e6b-48b2-8b1c-3559490fa529@group-F1CC7F31322C: start as a follower, conf=-1: [d17cca1b-2e6b-48b2-8b1c-3559490fa529:192.168.151.99:40714], old=null
2019-09-26 16:53:52,842 [pool-77-thread-1] INFO  impl.RaftServerImpl (RaftServerImpl.java:setRole(174)) - d17cca1b-2e6b-48b2-8b1c-3559490fa529@group-F1CC7F31322C: changes role from      null to FOLLOWER at term 0 for startAsFollower
2019-09-26 16:53:52,843 [pool-77-thread-1] INFO  impl.RoleInfo (RoleInfo.java:updateAndGet(143)) - d17cca1b-2e6b-48b2-8b1c-3559490fa529: start FollowerState
2019-09-26 16:53:52,843 [pool-77-thread-1] INFO  util.JmxRegister (JmxRegister.java:tryRegister(44)) - Successfully registered JMX Bean with object name Ratis:service=RaftServer,group=group-F1CC7F31322C,id=d17cca1b-2e6b-48b2-8b1c-3559490fa529
2019-09-26 16:53:52,846 [RatisPipelineUtilsThread] INFO  pipeline.PipelineStateManager (PipelineStateManager.java:addPipeline(56)) - Created pipeline Pipeline[ Id: 43b32c9d-58b9-4a5d-9cdc-f1cc7f31322c, Nodes: d17cca1b-2e6b-48b2-8b1c-3559490fa529{ip: 192.168.151.99, host: pr-hdds-1569-g6sp5-2013761785, networkLocation: /default-rack, certSerialId: null}, Type:RATIS, Factor:ONE, State:OPEN]
2019-09-26 16:53:52,852 [grpc-default-executor-1] INFO  impl.RaftServerProxy (RaftServerProxy.java:addNew(89)) - 5160ea40-cc48-41a9-a1d1-1151a36e77d8: addNew group-1E272E071DE3:[5160ea40-cc48-41a9-a1d1-1151a36e77d8:192.168.151.99:45356] returns group-1E272E071DE3:java.util.concurrent.CompletableFuture@3dc63bba[Not completed]
2019-09-26 16:53:52,853 [pool-57-thread-1] INFO  impl.RaftServerImpl (RaftServerImpl.java:<init>(95)) - 5160ea40-cc48-41a9-a1d1-1151a36e77d8: new RaftServerImpl for group-1E272E071DE3:[5160ea40-cc48-41a9-a1d1-1151a36e77d8:192.168.151.99:45356] with ContainerStateMachine:uninitialized
2019-09-26 16:53:52,853 [pool-57-thread-1] INFO  server.RaftServerConfigKeys (ConfUtils.java:logGet(43)) - raft.server.rpc.timeout.min = 5s (custom)
2019-09-26 16:53:52,853 [pool-57-thread-1] INFO  server.RaftServerConfigKeys (ConfUtils.java:logGet(43)) - raft.server.rpc.timeout.max = 5200ms (custom)
2019-09-26 16:53:52,853 [pool-57-thread-1] INFO  server.RaftServerConfigKeys (ConfUtils.java:logGet(43)) - raft.server.rpcslowness.timeout = 120s (custom)
2019-09-26 16:53:52,853 [pool-57-thread-1] INFO  server.RaftServerConfigKeys (ConfUtils.java:logGet(43)) - raft.server.sleep.deviation.threshold = 300 (default)
2019-09-26 16:53:52,854 [pool-57-thread-1] INFO  server.RaftServerConfigKeys (ConfUtils.java:logGet(43)) - raft.server.log.appender.install.snapshot.enabled = false (custom)
2019-09-26 16:53:52,854 [pool-57-thread-1] INFO  impl.RaftServerImpl (ServerState.java:<init>(103)) - 5160ea40-cc48-41a9-a1d1-1151a36e77d8@group-1E272E071DE3: ConfigurationManager, init=-1: [5160ea40-cc48-41a9-a1d1-1151a36e77d8:192.168.151.99:45356], old=null, confs=<EMPTY_MAP>
2019-09-26 16:53:52,854 [pool-57-thread-1] INFO  server.RaftServerConfigKeys (ConfUtils.java:logGet(43)) - raft.server.storage.dir = [/workdir/hadoop-ozone/integration-test/target/test-dir/MiniOzoneClusterImpl-fdc3d401-fab1-4968-a84f-12bf762e2bbf/datanode-3/data/ratis] (custom)
2019-09-26 16:53:52,854 [pool-57-thread-1] INFO  storage.RaftStorageDirectory (RaftStorageDirectory.java:analyzeStorage(246)) - The storage directory /workdir/hadoop-ozone/integration-test/target/test-dir/MiniOzoneClusterImpl-fdc3d401-fab1-4968-a84f-12bf762e2bbf/datanode-3/data/ratis/81bbf41c-db5c-4374-9876-1e272e071de3 does not exist. Creating ...
2019-09-26 16:53:52,867 [pool-57-thread-1] INFO  storage.RaftStorageDirectory (RaftStorageDirectory.java:tryLock(328)) - Lock on /workdir/hadoop-ozone/integration-test/target/test-dir/MiniOzoneClusterImpl-fdc3d401-fab1-4968-a84f-12bf762e2bbf/datanode-3/data/ratis/81bbf41c-db5c-4374-9876-1e272e071de3/in_use.lock acquired by nodename 15096@pr-hdds-1569-g6sp5-2013761785
2019-09-26 16:53:52,880 [pool-57-thread-1] INFO  storage.RaftStorage (RaftStorage.java:format(72)) - Storage directory /workdir/hadoop-ozone/integration-test/target/test-dir/MiniOzoneClusterImpl-fdc3d401-fab1-4968-a84f-12bf762e2bbf/datanode-3/data/ratis/81bbf41c-db5c-4374-9876-1e272e071de3 has been successfully formatted.
2019-09-26 16:53:52,880 [pool-57-thread-1] INFO  ratis.ContainerStateMachine (ContainerStateMachine.java:loadSnapshot(230)) - group-1E272E071DE3: The snapshot info is null. Setting the last applied indexto:(t:0, i:~)
2019-09-26 16:53:52,880 [pool-57-thread-1] INFO  server.RaftServerConfigKeys (ConfUtils.java:logGet(43)) - raft.server.notification.no-leader.timeout = 120s (custom)
2019-09-26 16:53:52,881 [pool-57-thread-1] INFO  server.RaftServerConfigKeys (ConfUtils.java:logGet(43)) - raft.server.log.use.memory = false (default)
2019-09-26 16:53:52,881 [pool-57-thread-1] INFO  server.RaftServerConfigKeys (ConfUtils.java:logGet(43)) - raft.server.log.purge.gap = 1000000 (custom)
2019-09-26 16:53:52,881 [pool-57-thread-1] INFO  server.RaftServerConfigKeys (ConfUtils.java:logGet(43)) - raft.server.log.appender.buffer.byte-limit = 33554432 (custom)
2019-09-26 16:53:52,881 [pool-57-thread-1] INFO  server.RaftServerConfigKeys (ConfUtils.java:logGet(43)) - raft.server.log.segment.size.max = 1048576 (custom)
2019-09-26 16:53:52,881 [pool-57-thread-1] INFO  server.RaftServerConfigKeys (ConfUtils.java:logGet(43)) - raft.server.log.segment.cache.num.max = 2 (custom)
2019-09-26 16:53:52,881 [pool-57-thread-1] INFO  segmented.SegmentedRaftLogWorker (SegmentedRaftLogWorker.java:<init>(172)) - new 5160ea40-cc48-41a9-a1d1-1151a36e77d8@group-1E272E071DE3-SegmentedRaftLogWorker for RaftStorage:Storage Directory /workdir/hadoop-ozone/integration-test/target/test-dir/MiniOzoneClusterImpl-fdc3d401-fab1-4968-a84f-12bf762e2bbf/datanode-3/data/ratis/81bbf41c-db5c-4374-9876-1e272e071de3
2019-09-26 16:53:52,881 [pool-57-thread-1] INFO  server.RaftServerConfigKeys (ConfUtils.java:logGet(43)) - raft.server.log.queue.byte-limit = 2147483647 (custom)
2019-09-26 16:53:52,882 [pool-57-thread-1] INFO  server.RaftServerConfigKeys (ConfUtils.java:logGet(43)) - raft.server.log.queue.element-limit = 1024 (custom)
2019-09-26 16:53:52,882 [pool-57-thread-1] INFO  server.RaftServerConfigKeys (ConfUtils.java:logGet(43)) - raft.server.log.segment.size.max = 1048576 (custom)
2019-09-26 16:53:52,882 [pool-57-thread-1] INFO  server.RaftServerConfigKeys (ConfUtils.java:logGet(43)) - raft.server.log.preallocated.size = 16384 (custom)
2019-09-26 16:53:52,882 [pool-57-thread-1] INFO  server.RaftServerConfigKeys (ConfUtils.java:logGet(43)) - raft.server.log.write.buffer.size = 33554432 (custom)
2019-09-26 16:53:52,882 [pool-57-thread-1] INFO  server.RaftServerConfigKeys (ConfUtils.java:logGet(43)) - raft.server.log.force.sync.num = 128 (default)
2019-09-26 16:53:52,882 [pool-57-thread-1] INFO  server.RaftServerConfigKeys (ConfUtils.java:logGet(43)) - raft.server.log.statemachine.data.sync = true (default)
2019-09-26 16:53:52,882 [pool-57-thread-1] INFO  server.RaftServerConfigKeys (ConfUtils.java:logGet(43)) - raft.server.log.statemachine.data.sync.timeout = 10s (default)
2019-09-26 16:53:52,883 [pool-57-thread-1] INFO  server.RaftServerConfigKeys (ConfUtils.java:logGet(43)) - raft.server.log.statemachine.data.sync.timeout.retry = -1 (default)
2019-09-26 16:53:52,883 [pool-57-thread-1] INFO  server.RaftServerConfigKeys (ConfUtils.java:logGet(43)) - raft.server.log.statemachine.data.caching.enabled = true (custom)
2019-09-26 16:53:52,883 [pool-57-thread-1] INFO  segmented.SegmentedRaftLogWorker (SegmentedRaftLogWorker.java:lambda$new$0(132)) - 5160ea40-cc48-41a9-a1d1-1151a36e77d8@group-1E272E071DE3-SegmentedRaftLogWorker: flushIndex: setUnconditionally 0 -> -1
2019-09-26 16:53:52,883 [pool-57-thread-1] INFO  server.RaftServerConfigKeys (ConfUtils.java:logGet(43)) - raft.server.snapshot.auto.trigger.enabled = true (custom)
2019-09-26 16:53:52,884 [pool-57-thread-1] INFO  server.RaftServerConfigKeys (ConfUtils.java:logGet(43)) - raft.server.snapshot.auto.trigger.threshold = 10000 (custom)
2019-09-26 16:53:52,884 [pool-57-thread-1] INFO  server.RaftServerConfigKeys (ConfUtils.java:logGet(43)) - raft.server.snapshot.retention.num.files = 5 (custom)
2019-09-26 16:53:52,884 [pool-57-thread-1] INFO  server.RaftServerConfigKeys (ConfUtils.java:logGet(43)) - raft.server.retrycache.expirytime = 600000ms (custom)
2019-09-26 16:53:52,886 [pool-57-thread-1] INFO  impl.RaftServerImpl (RaftServerImpl.java:start(185)) - 5160ea40-cc48-41a9-a1d1-1151a36e77d8@group-1E272E071DE3: start as a follower, conf=-1: [5160ea40-cc48-41a9-a1d1-1151a36e77d8:192.168.151.99:45356], old=null
2019-09-26 16:53:52,886 [pool-57-thread-1] INFO  impl.RaftServerImpl (RaftServerImpl.java:setRole(174)) - 5160ea40-cc48-41a9-a1d1-1151a36e77d8@group-1E272E071DE3: changes role from      null to FOLLOWER at term 0 for startAsFollower
2019-09-26 16:53:52,886 [pool-57-thread-1] INFO  impl.RoleInfo (RoleInfo.java:updateAndGet(143)) - 5160ea40-cc48-41a9-a1d1-1151a36e77d8: start FollowerState
2019-09-26 16:53:52,887 [pool-57-thread-1] INFO  util.JmxRegister (JmxRegister.java:tryRegister(44)) - Successfully registered JMX Bean with object name Ratis:service=RaftServer,group=group-1E272E071DE3,id=5160ea40-cc48-41a9-a1d1-1151a36e77d8
2019-09-26 16:53:52,889 [RatisPipelineUtilsThread] INFO  pipeline.PipelineStateManager (PipelineStateManager.java:addPipeline(56)) - Created pipeline Pipeline[ Id: 81bbf41c-db5c-4374-9876-1e272e071de3, Nodes: 5160ea40-cc48-41a9-a1d1-1151a36e77d8{ip: 192.168.151.99, host: pr-hdds-1569-g6sp5-2013761785, networkLocation: /default-rack, certSerialId: null}, Type:RATIS, Factor:ONE, State:OPEN]
2019-09-26 16:53:52,895 [grpc-default-executor-1] INFO  impl.RaftServerProxy (RaftServerProxy.java:addNew(89)) - 862ec94c-cd2d-47b3-b563-7d6c2816cb58: addNew group-1EEDB1F75A87:[862ec94c-cd2d-47b3-b563-7d6c2816cb58:192.168.151.99:36916] returns group-1EEDB1F75A87:java.util.concurrent.CompletableFuture@7d66bdd5[Not completed]
2019-09-26 16:53:52,896 [pool-67-thread-1] INFO  impl.RaftServerImpl (RaftServerImpl.java:<init>(95)) - 862ec94c-cd2d-47b3-b563-7d6c2816cb58: new RaftServerImpl for group-1EEDB1F75A87:[862ec94c-cd2d-47b3-b563-7d6c2816cb58:192.168.151.99:36916] with ContainerStateMachine:uninitialized
2019-09-26 16:53:52,896 [pool-67-thread-1] INFO  server.RaftServerConfigKeys (ConfUtils.java:logGet(43)) - raft.server.rpc.timeout.min = 5s (custom)
2019-09-26 16:53:52,896 [pool-67-thread-1] INFO  server.RaftServerConfigKeys (ConfUtils.java:logGet(43)) - raft.server.rpc.timeout.max = 5200ms (custom)
2019-09-26 16:53:52,897 [pool-67-thread-1] INFO  server.RaftServerConfigKeys (ConfUtils.java:logGet(43)) - raft.server.rpcslowness.timeout = 120s (custom)
2019-09-26 16:53:52,897 [pool-67-thread-1] INFO  server.RaftServerConfigKeys (ConfUtils.java:logGet(43)) - raft.server.sleep.deviation.threshold = 300 (default)
2019-09-26 16:53:52,897 [pool-67-thread-1] INFO  server.RaftServerConfigKeys (ConfUtils.java:logGet(43)) - raft.server.log.appender.install.snapshot.enabled = false (custom)
2019-09-26 16:53:52,897 [pool-67-thread-1] INFO  impl.RaftServerImpl (ServerState.java:<init>(103)) - 862ec94c-cd2d-47b3-b563-7d6c2816cb58@group-1EEDB1F75A87: ConfigurationManager, init=-1: [862ec94c-cd2d-47b3-b563-7d6c2816cb58:192.168.151.99:36916], old=null, confs=<EMPTY_MAP>
2019-09-26 16:53:52,897 [pool-67-thread-1] INFO  server.RaftServerConfigKeys (ConfUtils.java:logGet(43)) - raft.server.storage.dir = [/workdir/hadoop-ozone/integration-test/target/test-dir/MiniOzoneClusterImpl-fdc3d401-fab1-4968-a84f-12bf762e2bbf/datanode-4/data/ratis] (custom)
2019-09-26 16:53:52,897 [pool-67-thread-1] INFO  storage.RaftStorageDirectory (RaftStorageDirectory.java:analyzeStorage(246)) - The storage directory /workdir/hadoop-ozone/integration-test/target/test-dir/MiniOzoneClusterImpl-fdc3d401-fab1-4968-a84f-12bf762e2bbf/datanode-4/data/ratis/7cc9b01e-8a40-4f97-8c23-1eedb1f75a87 does not exist. Creating ...
2019-09-26 16:53:52,924 [pool-67-thread-1] INFO  storage.RaftStorageDirectory (RaftStorageDirectory.java:tryLock(328)) - Lock on /workdir/hadoop-ozone/integration-test/target/test-dir/MiniOzoneClusterImpl-fdc3d401-fab1-4968-a84f-12bf762e2bbf/datanode-4/data/ratis/7cc9b01e-8a40-4f97-8c23-1eedb1f75a87/in_use.lock acquired by nodename 15096@pr-hdds-1569-g6sp5-2013761785
2019-09-26 16:53:52,939 [pool-67-thread-1] INFO  storage.RaftStorage (RaftStorage.java:format(72)) - Storage directory /workdir/hadoop-ozone/integration-test/target/test-dir/MiniOzoneClusterImpl-fdc3d401-fab1-4968-a84f-12bf762e2bbf/datanode-4/data/ratis/7cc9b01e-8a40-4f97-8c23-1eedb1f75a87 has been successfully formatted.
2019-09-26 16:53:52,939 [pool-67-thread-1] INFO  ratis.ContainerStateMachine (ContainerStateMachine.java:loadSnapshot(230)) - group-1EEDB1F75A87: The snapshot info is null. Setting the last applied indexto:(t:0, i:~)
2019-09-26 16:53:52,940 [pool-67-thread-1] INFO  server.RaftServerConfigKeys (ConfUtils.java:logGet(43)) - raft.server.notification.no-leader.timeout = 120s (custom)
2019-09-26 16:53:52,940 [pool-67-thread-1] INFO  server.RaftServerConfigKeys (ConfUtils.java:logGet(43)) - raft.server.log.use.memory = false (default)
2019-09-26 16:53:52,940 [pool-67-thread-1] INFO  server.RaftServerConfigKeys (ConfUtils.java:logGet(43)) - raft.server.log.purge.gap = 1000000 (custom)
2019-09-26 16:53:52,940 [pool-67-thread-1] INFO  server.RaftServerConfigKeys (ConfUtils.java:logGet(43)) - raft.server.log.appender.buffer.byte-limit = 33554432 (custom)
2019-09-26 16:53:52,940 [pool-67-thread-1] INFO  server.RaftServerConfigKeys (ConfUtils.java:logGet(43)) - raft.server.log.segment.size.max = 1048576 (custom)
2019-09-26 16:53:52,940 [pool-67-thread-1] INFO  server.RaftServerConfigKeys (ConfUtils.java:logGet(43)) - raft.server.log.segment.cache.num.max = 2 (custom)
2019-09-26 16:53:52,940 [pool-67-thread-1] INFO  segmented.SegmentedRaftLogWorker (SegmentedRaftLogWorker.java:<init>(172)) - new 862ec94c-cd2d-47b3-b563-7d6c2816cb58@group-1EEDB1F75A87-SegmentedRaftLogWorker for RaftStorage:Storage Directory /workdir/hadoop-ozone/integration-test/target/test-dir/MiniOzoneClusterImpl-fdc3d401-fab1-4968-a84f-12bf762e2bbf/datanode-4/data/ratis/7cc9b01e-8a40-4f97-8c23-1eedb1f75a87
2019-09-26 16:53:52,940 [pool-67-thread-1] INFO  server.RaftServerConfigKeys (ConfUtils.java:logGet(43)) - raft.server.log.queue.byte-limit = 2147483647 (custom)
2019-09-26 16:53:52,941 [pool-67-thread-1] INFO  server.RaftServerConfigKeys (ConfUtils.java:logGet(43)) - raft.server.log.queue.element-limit = 1024 (custom)
2019-09-26 16:53:52,941 [pool-67-thread-1] INFO  server.RaftServerConfigKeys (ConfUtils.java:logGet(43)) - raft.server.log.segment.size.max = 1048576 (custom)
2019-09-26 16:53:52,941 [pool-67-thread-1] INFO  server.RaftServerConfigKeys (ConfUtils.java:logGet(43)) - raft.server.log.preallocated.size = 16384 (custom)
2019-09-26 16:53:52,941 [pool-67-thread-1] INFO  server.RaftServerConfigKeys (ConfUtils.java:logGet(43)) - raft.server.log.write.buffer.size = 33554432 (custom)
2019-09-26 16:53:52,941 [pool-67-thread-1] INFO  server.RaftServerConfigKeys (ConfUtils.java:logGet(43)) - raft.server.log.force.sync.num = 128 (default)
2019-09-26 16:53:52,941 [pool-67-thread-1] INFO  server.RaftServerConfigKeys (ConfUtils.java:logGet(43)) - raft.server.log.statemachine.data.sync = true (default)
2019-09-26 16:53:52,941 [pool-67-thread-1] INFO  server.RaftServerConfigKeys (ConfUtils.java:logGet(43)) - raft.server.log.statemachine.data.sync.timeout = 10s (default)
2019-09-26 16:53:52,941 [pool-67-thread-1] INFO  server.RaftServerConfigKeys (ConfUtils.java:logGet(43)) - raft.server.log.statemachine.data.sync.timeout.retry = -1 (default)
2019-09-26 16:53:52,942 [pool-67-thread-1] INFO  server.RaftServerConfigKeys (ConfUtils.java:logGet(43)) - raft.server.log.statemachine.data.caching.enabled = true (custom)
2019-09-26 16:53:52,942 [pool-67-thread-1] INFO  segmented.SegmentedRaftLogWorker (SegmentedRaftLogWorker.java:lambda$new$0(132)) - 862ec94c-cd2d-47b3-b563-7d6c2816cb58@group-1EEDB1F75A87-SegmentedRaftLogWorker: flushIndex: setUnconditionally 0 -> -1
2019-09-26 16:53:52,942 [pool-67-thread-1] INFO  server.RaftServerConfigKeys (ConfUtils.java:logGet(43)) - raft.server.snapshot.auto.trigger.enabled = true (custom)
2019-09-26 16:53:52,942 [pool-67-thread-1] INFO  server.RaftServerConfigKeys (ConfUtils.java:logGet(43)) - raft.server.snapshot.auto.trigger.threshold = 10000 (custom)
2019-09-26 16:53:52,942 [pool-67-thread-1] INFO  server.RaftServerConfigKeys (ConfUtils.java:logGet(43)) - raft.server.snapshot.retention.num.files = 5 (custom)
2019-09-26 16:53:52,943 [pool-67-thread-1] INFO  server.RaftServerConfigKeys (ConfUtils.java:logGet(43)) - raft.server.retrycache.expirytime = 600000ms (custom)
2019-09-26 16:53:52,945 [pool-67-thread-1] INFO  impl.RaftServerImpl (RaftServerImpl.java:start(185)) - 862ec94c-cd2d-47b3-b563-7d6c2816cb58@group-1EEDB1F75A87: start as a follower, conf=-1: [862ec94c-cd2d-47b3-b563-7d6c2816cb58:192.168.151.99:36916], old=null
2019-09-26 16:53:52,945 [pool-67-thread-1] INFO  impl.RaftServerImpl (RaftServerImpl.java:setRole(174)) - 862ec94c-cd2d-47b3-b563-7d6c2816cb58@group-1EEDB1F75A87: changes role from      null to FOLLOWER at term 0 for startAsFollower
2019-09-26 16:53:52,945 [pool-67-thread-1] INFO  impl.RoleInfo (RoleInfo.java:updateAndGet(143)) - 862ec94c-cd2d-47b3-b563-7d6c2816cb58: start FollowerState
2019-09-26 16:53:52,945 [pool-67-thread-1] INFO  util.JmxRegister (JmxRegister.java:tryRegister(44)) - Successfully registered JMX Bean with object name Ratis:service=RaftServer,group=group-1EEDB1F75A87,id=862ec94c-cd2d-47b3-b563-7d6c2816cb58
2019-09-26 16:53:52,948 [RatisPipelineUtilsThread] INFO  pipeline.PipelineStateManager (PipelineStateManager.java:addPipeline(56)) - Created pipeline Pipeline[ Id: 7cc9b01e-8a40-4f97-8c23-1eedb1f75a87, Nodes: 862ec94c-cd2d-47b3-b563-7d6c2816cb58{ip: 192.168.151.99, host: pr-hdds-1569-g6sp5-2013761785, networkLocation: /default-rack, certSerialId: null}, Type:RATIS, Factor:ONE, State:OPEN]
2019-09-26 16:53:52,953 [grpc-default-executor-1] INFO  impl.RaftServerProxy (RaftServerProxy.java:addNew(89)) - 862ec94c-cd2d-47b3-b563-7d6c2816cb58: addNew group-E79729F02954:[862ec94c-cd2d-47b3-b563-7d6c2816cb58:192.168.151.99:36916] returns group-E79729F02954:java.util.concurrent.CompletableFuture@4ded0cbf[Not completed]
2019-09-26 16:53:52,954 [pool-67-thread-1] INFO  impl.RaftServerImpl (RaftServerImpl.java:<init>(95)) - 862ec94c-cd2d-47b3-b563-7d6c2816cb58: new RaftServerImpl for group-E79729F02954:[862ec94c-cd2d-47b3-b563-7d6c2816cb58:192.168.151.99:36916] with ContainerStateMachine:uninitialized
2019-09-26 16:53:52,954 [pool-67-thread-1] INFO  server.RaftServerConfigKeys (ConfUtils.java:logGet(43)) - raft.server.rpc.timeout.min = 5s (custom)
2019-09-26 16:53:52,954 [pool-67-thread-1] INFO  server.RaftServerConfigKeys (ConfUtils.java:logGet(43)) - raft.server.rpc.timeout.max = 5200ms (custom)
2019-09-26 16:53:52,955 [pool-67-thread-1] INFO  server.RaftServerConfigKeys (ConfUtils.java:logGet(43)) - raft.server.rpcslowness.timeout = 120s (custom)
2019-09-26 16:53:52,955 [pool-67-thread-1] INFO  server.RaftServerConfigKeys (ConfUtils.java:logGet(43)) - raft.server.sleep.deviation.threshold = 300 (default)
2019-09-26 16:53:52,955 [pool-67-thread-1] INFO  server.RaftServerConfigKeys (ConfUtils.java:logGet(43)) - raft.server.log.appender.install.snapshot.enabled = false (custom)
2019-09-26 16:53:52,955 [pool-67-thread-1] INFO  impl.RaftServerImpl (ServerState.java:<init>(103)) - 862ec94c-cd2d-47b3-b563-7d6c2816cb58@group-E79729F02954: ConfigurationManager, init=-1: [862ec94c-cd2d-47b3-b563-7d6c2816cb58:192.168.151.99:36916], old=null, confs=<EMPTY_MAP>
2019-09-26 16:53:52,955 [pool-67-thread-1] INFO  server.RaftServerConfigKeys (ConfUtils.java:logGet(43)) - raft.server.storage.dir = [/workdir/hadoop-ozone/integration-test/target/test-dir/MiniOzoneClusterImpl-fdc3d401-fab1-4968-a84f-12bf762e2bbf/datanode-4/data/ratis] (custom)
2019-09-26 16:53:52,955 [pool-67-thread-1] INFO  storage.RaftStorageDirectory (RaftStorageDirectory.java:analyzeStorage(246)) - The storage directory /workdir/hadoop-ozone/integration-test/target/test-dir/MiniOzoneClusterImpl-fdc3d401-fab1-4968-a84f-12bf762e2bbf/datanode-4/data/ratis/2f8d3d1b-4369-41bd-998a-e79729f02954 does not exist. Creating ...
2019-09-26 16:53:52,977 [pool-67-thread-1] INFO  storage.RaftStorageDirectory (RaftStorageDirectory.java:tryLock(328)) - Lock on /workdir/hadoop-ozone/integration-test/target/test-dir/MiniOzoneClusterImpl-fdc3d401-fab1-4968-a84f-12bf762e2bbf/datanode-4/data/ratis/2f8d3d1b-4369-41bd-998a-e79729f02954/in_use.lock acquired by nodename 15096@pr-hdds-1569-g6sp5-2013761785
2019-09-26 16:53:52,990 [pool-67-thread-1] INFO  storage.RaftStorage (RaftStorage.java:format(72)) - Storage directory /workdir/hadoop-ozone/integration-test/target/test-dir/MiniOzoneClusterImpl-fdc3d401-fab1-4968-a84f-12bf762e2bbf/datanode-4/data/ratis/2f8d3d1b-4369-41bd-998a-e79729f02954 has been successfully formatted.
2019-09-26 16:53:52,990 [pool-67-thread-1] INFO  ratis.ContainerStateMachine (ContainerStateMachine.java:loadSnapshot(230)) - group-E79729F02954: The snapshot info is null. Setting the last applied indexto:(t:0, i:~)
2019-09-26 16:53:52,990 [pool-67-thread-1] INFO  server.RaftServerConfigKeys (ConfUtils.java:logGet(43)) - raft.server.notification.no-leader.timeout = 120s (custom)
2019-09-26 16:53:52,990 [pool-67-thread-1] INFO  server.RaftServerConfigKeys (ConfUtils.java:logGet(43)) - raft.server.log.use.memory = false (default)
2019-09-26 16:53:52,991 [pool-67-thread-1] INFO  server.RaftServerConfigKeys (ConfUtils.java:logGet(43)) - raft.server.log.purge.gap = 1000000 (custom)
2019-09-26 16:53:52,991 [pool-67-thread-1] INFO  server.RaftServerConfigKeys (ConfUtils.java:logGet(43)) - raft.server.log.appender.buffer.byte-limit = 33554432 (custom)
2019-09-26 16:53:52,991 [pool-67-thread-1] INFO  server.RaftServerConfigKeys (ConfUtils.java:logGet(43)) - raft.server.log.segment.size.max = 1048576 (custom)
2019-09-26 16:53:52,991 [pool-67-thread-1] INFO  server.RaftServerConfigKeys (ConfUtils.java:logGet(43)) - raft.server.log.segment.cache.num.max = 2 (custom)
2019-09-26 16:53:52,991 [pool-67-thread-1] INFO  segmented.SegmentedRaftLogWorker (SegmentedRaftLogWorker.java:<init>(172)) - new 862ec94c-cd2d-47b3-b563-7d6c2816cb58@group-E79729F02954-SegmentedRaftLogWorker for RaftStorage:Storage Directory /workdir/hadoop-ozone/integration-test/target/test-dir/MiniOzoneClusterImpl-fdc3d401-fab1-4968-a84f-12bf762e2bbf/datanode-4/data/ratis/2f8d3d1b-4369-41bd-998a-e79729f02954
2019-09-26 16:53:52,991 [pool-67-thread-1] INFO  server.RaftServerConfigKeys (ConfUtils.java:logGet(43)) - raft.server.log.queue.byte-limit = 2147483647 (custom)
2019-09-26 16:53:52,991 [pool-67-thread-1] INFO  server.RaftServerConfigKeys (ConfUtils.java:logGet(43)) - raft.server.log.queue.element-limit = 1024 (custom)
2019-09-26 16:53:52,992 [pool-67-thread-1] INFO  server.RaftServerConfigKeys (ConfUtils.java:logGet(43)) - raft.server.log.segment.size.max = 1048576 (custom)
2019-09-26 16:53:52,992 [pool-67-thread-1] INFO  server.RaftServerConfigKeys (ConfUtils.java:logGet(43)) - raft.server.log.preallocated.size = 16384 (custom)
2019-09-26 16:53:52,992 [pool-67-thread-1] INFO  server.RaftServerConfigKeys (ConfUtils.java:logGet(43)) - raft.server.log.write.buffer.size = 33554432 (custom)
2019-09-26 16:53:52,992 [pool-67-thread-1] INFO  server.RaftServerConfigKeys (ConfUtils.java:logGet(43)) - raft.server.log.force.sync.num = 128 (default)
2019-09-26 16:53:52,992 [pool-67-thread-1] INFO  server.RaftServerConfigKeys (ConfUtils.java:logGet(43)) - raft.server.log.statemachine.data.sync = true (default)
2019-09-26 16:53:52,992 [pool-67-thread-1] INFO  server.RaftServerConfigKeys (ConfUtils.java:logGet(43)) - raft.server.log.statemachine.data.sync.timeout = 10s (default)
2019-09-26 16:53:52,992 [pool-67-thread-1] INFO  server.RaftServerConfigKeys (ConfUtils.java:logGet(43)) - raft.server.log.statemachine.data.sync.timeout.retry = -1 (default)
2019-09-26 16:53:52,992 [pool-67-thread-1] INFO  server.RaftServerConfigKeys (ConfUtils.java:logGet(43)) - raft.server.log.statemachine.data.caching.enabled = true (custom)
2019-09-26 16:53:52,993 [pool-67-thread-1] INFO  segmented.SegmentedRaftLogWorker (SegmentedRaftLogWorker.java:lambda$new$0(132)) - 862ec94c-cd2d-47b3-b563-7d6c2816cb58@group-E79729F02954-SegmentedRaftLogWorker: flushIndex: setUnconditionally 0 -> -1
2019-09-26 16:53:52,993 [pool-67-thread-1] INFO  server.RaftServerConfigKeys (ConfUtils.java:logGet(43)) - raft.server.snapshot.auto.trigger.enabled = true (custom)
2019-09-26 16:53:52,993 [pool-67-thread-1] INFO  server.RaftServerConfigKeys (ConfUtils.java:logGet(43)) - raft.server.snapshot.auto.trigger.threshold = 10000 (custom)
2019-09-26 16:53:52,993 [pool-67-thread-1] INFO  server.RaftServerConfigKeys (ConfUtils.java:logGet(43)) - raft.server.snapshot.retention.num.files = 5 (custom)
2019-09-26 16:53:52,993 [pool-67-thread-1] INFO  server.RaftServerConfigKeys (ConfUtils.java:logGet(43)) - raft.server.retrycache.expirytime = 600000ms (custom)
2019-09-26 16:53:52,995 [pool-67-thread-1] INFO  impl.RaftServerImpl (RaftServerImpl.java:start(185)) - 862ec94c-cd2d-47b3-b563-7d6c2816cb58@group-E79729F02954: start as a follower, conf=-1: [862ec94c-cd2d-47b3-b563-7d6c2816cb58:192.168.151.99:36916], old=null
2019-09-26 16:53:52,996 [pool-67-thread-1] INFO  impl.RaftServerImpl (RaftServerImpl.java:setRole(174)) - 862ec94c-cd2d-47b3-b563-7d6c2816cb58@group-E79729F02954: changes role from      null to FOLLOWER at term 0 for startAsFollower
2019-09-26 16:53:52,996 [pool-67-thread-1] INFO  impl.RoleInfo (RoleInfo.java:updateAndGet(143)) - 862ec94c-cd2d-47b3-b563-7d6c2816cb58: start FollowerState
2019-09-26 16:53:52,996 [pool-67-thread-1] INFO  util.JmxRegister (JmxRegister.java:tryRegister(44)) - Successfully registered JMX Bean with object name Ratis:service=RaftServer,group=group-E79729F02954,id=862ec94c-cd2d-47b3-b563-7d6c2816cb58
2019-09-26 16:53:52,999 [RatisPipelineUtilsThread] INFO  pipeline.PipelineStateManager (PipelineStateManager.java:addPipeline(56)) - Created pipeline Pipeline[ Id: 2f8d3d1b-4369-41bd-998a-e79729f02954, Nodes: 862ec94c-cd2d-47b3-b563-7d6c2816cb58{ip: 192.168.151.99, host: pr-hdds-1569-g6sp5-2013761785, networkLocation: /default-rack, certSerialId: null}, Type:RATIS, Factor:ONE, State:OPEN]
2019-09-26 16:53:53,004 [grpc-default-executor-1] INFO  impl.RaftServerProxy (RaftServerProxy.java:addNew(89)) - d17cca1b-2e6b-48b2-8b1c-3559490fa529: addNew group-3AF9D29E2206:[d17cca1b-2e6b-48b2-8b1c-3559490fa529:192.168.151.99:40714] returns group-3AF9D29E2206:java.util.concurrent.CompletableFuture@7322c4df[Not completed]
2019-09-26 16:53:53,005 [pool-77-thread-1] INFO  impl.RaftServerImpl (RaftServerImpl.java:<init>(95)) - d17cca1b-2e6b-48b2-8b1c-3559490fa529: new RaftServerImpl for group-3AF9D29E2206:[d17cca1b-2e6b-48b2-8b1c-3559490fa529:192.168.151.99:40714] with ContainerStateMachine:uninitialized
2019-09-26 16:53:53,005 [pool-77-thread-1] INFO  server.RaftServerConfigKeys (ConfUtils.java:logGet(43)) - raft.server.rpc.timeout.min = 5s (custom)
2019-09-26 16:53:53,005 [pool-77-thread-1] INFO  server.RaftServerConfigKeys (ConfUtils.java:logGet(43)) - raft.server.rpc.timeout.max = 5200ms (custom)
2019-09-26 16:53:53,005 [pool-77-thread-1] INFO  server.RaftServerConfigKeys (ConfUtils.java:logGet(43)) - raft.server.rpcslowness.timeout = 120s (custom)
2019-09-26 16:53:53,005 [pool-77-thread-1] INFO  server.RaftServerConfigKeys (ConfUtils.java:logGet(43)) - raft.server.sleep.deviation.threshold = 300 (default)
2019-09-26 16:53:53,005 [pool-77-thread-1] INFO  server.RaftServerConfigKeys (ConfUtils.java:logGet(43)) - raft.server.log.appender.install.snapshot.enabled = false (custom)
2019-09-26 16:53:53,006 [pool-77-thread-1] INFO  impl.RaftServerImpl (ServerState.java:<init>(103)) - d17cca1b-2e6b-48b2-8b1c-3559490fa529@group-3AF9D29E2206: ConfigurationManager, init=-1: [d17cca1b-2e6b-48b2-8b1c-3559490fa529:192.168.151.99:40714], old=null, confs=<EMPTY_MAP>
2019-09-26 16:53:53,006 [pool-77-thread-1] INFO  server.RaftServerConfigKeys (ConfUtils.java:logGet(43)) - raft.server.storage.dir = [/workdir/hadoop-ozone/integration-test/target/test-dir/MiniOzoneClusterImpl-fdc3d401-fab1-4968-a84f-12bf762e2bbf/datanode-5/data/ratis] (custom)
2019-09-26 16:53:53,006 [pool-77-thread-1] INFO  storage.RaftStorageDirectory (RaftStorageDirectory.java:analyzeStorage(246)) - The storage directory /workdir/hadoop-ozone/integration-test/target/test-dir/MiniOzoneClusterImpl-fdc3d401-fab1-4968-a84f-12bf762e2bbf/datanode-5/data/ratis/d12978f5-13bf-4bd7-a10e-3af9d29e2206 does not exist. Creating ...
2019-09-26 16:53:53,019 [pool-77-thread-1] INFO  storage.RaftStorageDirectory (RaftStorageDirectory.java:tryLock(328)) - Lock on /workdir/hadoop-ozone/integration-test/target/test-dir/MiniOzoneClusterImpl-fdc3d401-fab1-4968-a84f-12bf762e2bbf/datanode-5/data/ratis/d12978f5-13bf-4bd7-a10e-3af9d29e2206/in_use.lock acquired by nodename 15096@pr-hdds-1569-g6sp5-2013761785
2019-09-26 16:53:53,031 [pool-77-thread-1] INFO  storage.RaftStorage (RaftStorage.java:format(72)) - Storage directory /workdir/hadoop-ozone/integration-test/target/test-dir/MiniOzoneClusterImpl-fdc3d401-fab1-4968-a84f-12bf762e2bbf/datanode-5/data/ratis/d12978f5-13bf-4bd7-a10e-3af9d29e2206 has been successfully formatted.
2019-09-26 16:53:53,032 [pool-77-thread-1] INFO  ratis.ContainerStateMachine (ContainerStateMachine.java:loadSnapshot(230)) - group-3AF9D29E2206: The snapshot info is null. Setting the last applied indexto:(t:0, i:~)
2019-09-26 16:53:53,032 [pool-77-thread-1] INFO  server.RaftServerConfigKeys (ConfUtils.java:logGet(43)) - raft.server.notification.no-leader.timeout = 120s (custom)
2019-09-26 16:53:53,032 [pool-77-thread-1] INFO  server.RaftServerConfigKeys (ConfUtils.java:logGet(43)) - raft.server.log.use.memory = false (default)
2019-09-26 16:53:53,032 [pool-77-thread-1] INFO  server.RaftServerConfigKeys (ConfUtils.java:logGet(43)) - raft.server.log.purge.gap = 1000000 (custom)
2019-09-26 16:53:53,032 [pool-77-thread-1] INFO  server.RaftServerConfigKeys (ConfUtils.java:logGet(43)) - raft.server.log.appender.buffer.byte-limit = 33554432 (custom)
2019-09-26 16:53:53,032 [pool-77-thread-1] INFO  server.RaftServerConfigKeys (ConfUtils.java:logGet(43)) - raft.server.log.segment.size.max = 1048576 (custom)
2019-09-26 16:53:53,033 [pool-77-thread-1] INFO  server.RaftServerConfigKeys (ConfUtils.java:logGet(43)) - raft.server.log.segment.cache.num.max = 2 (custom)
2019-09-26 16:53:53,033 [pool-77-thread-1] INFO  segmented.SegmentedRaftLogWorker (SegmentedRaftLogWorker.java:<init>(172)) - new d17cca1b-2e6b-48b2-8b1c-3559490fa529@group-3AF9D29E2206-SegmentedRaftLogWorker for RaftStorage:Storage Directory /workdir/hadoop-ozone/integration-test/target/test-dir/MiniOzoneClusterImpl-fdc3d401-fab1-4968-a84f-12bf762e2bbf/datanode-5/data/ratis/d12978f5-13bf-4bd7-a10e-3af9d29e2206
2019-09-26 16:53:53,033 [pool-77-thread-1] INFO  server.RaftServerConfigKeys (ConfUtils.java:logGet(43)) - raft.server.log.queue.byte-limit = 2147483647 (custom)
2019-09-26 16:53:53,033 [pool-77-thread-1] INFO  server.RaftServerConfigKeys (ConfUtils.java:logGet(43)) - raft.server.log.queue.element-limit = 1024 (custom)
2019-09-26 16:53:53,033 [pool-77-thread-1] INFO  server.RaftServerConfigKeys (ConfUtils.java:logGet(43)) - raft.server.log.segment.size.max = 1048576 (custom)
2019-09-26 16:53:53,033 [pool-77-thread-1] INFO  server.RaftServerConfigKeys (ConfUtils.java:logGet(43)) - raft.server.log.preallocated.size = 16384 (custom)
2019-09-26 16:53:53,033 [pool-77-thread-1] INFO  server.RaftServerConfigKeys (ConfUtils.java:logGet(43)) - raft.server.log.write.buffer.size = 33554432 (custom)
2019-09-26 16:53:53,033 [pool-77-thread-1] INFO  server.RaftServerConfigKeys (ConfUtils.java:logGet(43)) - raft.server.log.force.sync.num = 128 (default)
2019-09-26 16:53:53,034 [pool-77-thread-1] INFO  server.RaftServerConfigKeys (ConfUtils.java:logGet(43)) - raft.server.log.statemachine.data.sync = true (default)
2019-09-26 16:53:53,034 [pool-77-thread-1] INFO  server.RaftServerConfigKeys (ConfUtils.java:logGet(43)) - raft.server.log.statemachine.data.sync.timeout = 10s (default)
2019-09-26 16:53:53,034 [pool-77-thread-1] INFO  server.RaftServerConfigKeys (ConfUtils.java:logGet(43)) - raft.server.log.statemachine.data.sync.timeout.retry = -1 (default)
2019-09-26 16:53:53,034 [pool-77-thread-1] INFO  server.RaftServerConfigKeys (ConfUtils.java:logGet(43)) - raft.server.log.statemachine.data.caching.enabled = true (custom)
2019-09-26 16:53:53,034 [pool-77-thread-1] INFO  segmented.SegmentedRaftLogWorker (SegmentedRaftLogWorker.java:lambda$new$0(132)) - d17cca1b-2e6b-48b2-8b1c-3559490fa529@group-3AF9D29E2206-SegmentedRaftLogWorker: flushIndex: setUnconditionally 0 -> -1
2019-09-26 16:53:53,035 [pool-77-thread-1] INFO  server.RaftServerConfigKeys (ConfUtils.java:logGet(43)) - raft.server.snapshot.auto.trigger.enabled = true (custom)
2019-09-26 16:53:53,035 [pool-77-thread-1] INFO  server.RaftServerConfigKeys (ConfUtils.java:logGet(43)) - raft.server.snapshot.auto.trigger.threshold = 10000 (custom)
2019-09-26 16:53:53,035 [pool-77-thread-1] INFO  server.RaftServerConfigKeys (ConfUtils.java:logGet(43)) - raft.server.snapshot.retention.num.files = 5 (custom)
2019-09-26 16:53:53,035 [pool-77-thread-1] INFO  server.RaftServerConfigKeys (ConfUtils.java:logGet(43)) - raft.server.retrycache.expirytime = 600000ms (custom)
2019-09-26 16:53:53,037 [pool-77-thread-1] INFO  impl.RaftServerImpl (RaftServerImpl.java:start(185)) - d17cca1b-2e6b-48b2-8b1c-3559490fa529@group-3AF9D29E2206: start as a follower, conf=-1: [d17cca1b-2e6b-48b2-8b1c-3559490fa529:192.168.151.99:40714], old=null
2019-09-26 16:53:53,037 [pool-77-thread-1] INFO  impl.RaftServerImpl (RaftServerImpl.java:setRole(174)) - d17cca1b-2e6b-48b2-8b1c-3559490fa529@group-3AF9D29E2206: changes role from      null to FOLLOWER at term 0 for startAsFollower
2019-09-26 16:53:53,037 [pool-77-thread-1] INFO  impl.RoleInfo (RoleInfo.java:updateAndGet(143)) - d17cca1b-2e6b-48b2-8b1c-3559490fa529: start FollowerState
2019-09-26 16:53:53,037 [pool-77-thread-1] INFO  util.JmxRegister (JmxRegister.java:tryRegister(44)) - Successfully registered JMX Bean with object name Ratis:service=RaftServer,group=group-3AF9D29E2206,id=d17cca1b-2e6b-48b2-8b1c-3559490fa529
2019-09-26 16:53:53,041 [RatisPipelineUtilsThread] INFO  pipeline.PipelineStateManager (PipelineStateManager.java:addPipeline(56)) - Created pipeline Pipeline[ Id: d12978f5-13bf-4bd7-a10e-3af9d29e2206, Nodes: d17cca1b-2e6b-48b2-8b1c-3559490fa529{ip: 192.168.151.99, host: pr-hdds-1569-g6sp5-2013761785, networkLocation: /default-rack, certSerialId: null}, Type:RATIS, Factor:ONE, State:OPEN]
2019-09-26 16:53:53,046 [grpc-default-executor-1] INFO  impl.RaftServerProxy (RaftServerProxy.java:addNew(89)) - 4a469c34-60df-4173-8d32-715e2ce97f5d: addNew group-052A6FDB3A80:[4a469c34-60df-4173-8d32-715e2ce97f5d:192.168.151.99:42442] returns group-052A6FDB3A80:java.util.concurrent.CompletableFuture@40c50a70[Not completed]
2019-09-26 16:53:53,047 [pool-87-thread-1] INFO  impl.RaftServerImpl (RaftServerImpl.java:<init>(95)) - 4a469c34-60df-4173-8d32-715e2ce97f5d: new RaftServerImpl for group-052A6FDB3A80:[4a469c34-60df-4173-8d32-715e2ce97f5d:192.168.151.99:42442] with ContainerStateMachine:uninitialized
2019-09-26 16:53:53,047 [pool-87-thread-1] INFO  server.RaftServerConfigKeys (ConfUtils.java:logGet(43)) - raft.server.rpc.timeout.min = 5s (custom)
2019-09-26 16:53:53,047 [pool-87-thread-1] INFO  server.RaftServerConfigKeys (ConfUtils.java:logGet(43)) - raft.server.rpc.timeout.max = 5200ms (custom)
2019-09-26 16:53:53,047 [pool-87-thread-1] INFO  server.RaftServerConfigKeys (ConfUtils.java:logGet(43)) - raft.server.rpcslowness.timeout = 120s (custom)
2019-09-26 16:53:53,047 [pool-87-thread-1] INFO  server.RaftServerConfigKeys (ConfUtils.java:logGet(43)) - raft.server.sleep.deviation.threshold = 300 (default)
2019-09-26 16:53:53,047 [pool-87-thread-1] INFO  server.RaftServerConfigKeys (ConfUtils.java:logGet(43)) - raft.server.log.appender.install.snapshot.enabled = false (custom)
2019-09-26 16:53:53,048 [pool-87-thread-1] INFO  impl.RaftServerImpl (ServerState.java:<init>(103)) - 4a469c34-60df-4173-8d32-715e2ce97f5d@group-052A6FDB3A80: ConfigurationManager, init=-1: [4a469c34-60df-4173-8d32-715e2ce97f5d:192.168.151.99:42442], old=null, confs=<EMPTY_MAP>
2019-09-26 16:53:53,048 [pool-87-thread-1] INFO  server.RaftServerConfigKeys (ConfUtils.java:logGet(43)) - raft.server.storage.dir = [/workdir/hadoop-ozone/integration-test/target/test-dir/MiniOzoneClusterImpl-fdc3d401-fab1-4968-a84f-12bf762e2bbf/datanode-6/data/ratis] (custom)
2019-09-26 16:53:53,048 [pool-87-thread-1] INFO  storage.RaftStorageDirectory (RaftStorageDirectory.java:analyzeStorage(246)) - The storage directory /workdir/hadoop-ozone/integration-test/target/test-dir/MiniOzoneClusterImpl-fdc3d401-fab1-4968-a84f-12bf762e2bbf/datanode-6/data/ratis/9a87ef9c-8267-43b1-8c48-052a6fdb3a80 does not exist. Creating ...
2019-09-26 16:53:53,061 [pool-87-thread-1] INFO  storage.RaftStorageDirectory (RaftStorageDirectory.java:tryLock(328)) - Lock on /workdir/hadoop-ozone/integration-test/target/test-dir/MiniOzoneClusterImpl-fdc3d401-fab1-4968-a84f-12bf762e2bbf/datanode-6/data/ratis/9a87ef9c-8267-43b1-8c48-052a6fdb3a80/in_use.lock acquired by nodename 15096@pr-hdds-1569-g6sp5-2013761785
2019-09-26 16:53:53,073 [pool-87-thread-1] INFO  storage.RaftStorage (RaftStorage.java:format(72)) - Storage directory /workdir/hadoop-ozone/integration-test/target/test-dir/MiniOzoneClusterImpl-fdc3d401-fab1-4968-a84f-12bf762e2bbf/datanode-6/data/ratis/9a87ef9c-8267-43b1-8c48-052a6fdb3a80 has been successfully formatted.
2019-09-26 16:53:53,074 [pool-87-thread-1] INFO  ratis.ContainerStateMachine (ContainerStateMachine.java:loadSnapshot(230)) - group-052A6FDB3A80: The snapshot info is null. Setting the last applied indexto:(t:0, i:~)
2019-09-26 16:53:53,074 [pool-87-thread-1] INFO  server.RaftServerConfigKeys (ConfUtils.java:logGet(43)) - raft.server.notification.no-leader.timeout = 120s (custom)
2019-09-26 16:53:53,074 [pool-87-thread-1] INFO  server.RaftServerConfigKeys (ConfUtils.java:logGet(43)) - raft.server.log.use.memory = false (default)
2019-09-26 16:53:53,074 [pool-87-thread-1] INFO  server.RaftServerConfigKeys (ConfUtils.java:logGet(43)) - raft.server.log.purge.gap = 1000000 (custom)
2019-09-26 16:53:53,074 [pool-87-thread-1] INFO  server.RaftServerConfigKeys (ConfUtils.java:logGet(43)) - raft.server.log.appender.buffer.byte-limit = 33554432 (custom)
2019-09-26 16:53:53,074 [pool-87-thread-1] INFO  server.RaftServerConfigKeys (ConfUtils.java:logGet(43)) - raft.server.log.segment.size.max = 1048576 (custom)
2019-09-26 16:53:53,074 [pool-87-thread-1] INFO  server.RaftServerConfigKeys (ConfUtils.java:logGet(43)) - raft.server.log.segment.cache.num.max = 2 (custom)
2019-09-26 16:53:53,074 [pool-87-thread-1] INFO  segmented.SegmentedRaftLogWorker (SegmentedRaftLogWorker.java:<init>(172)) - new 4a469c34-60df-4173-8d32-715e2ce97f5d@group-052A6FDB3A80-SegmentedRaftLogWorker for RaftStorage:Storage Directory /workdir/hadoop-ozone/integration-test/target/test-dir/MiniOzoneClusterImpl-fdc3d401-fab1-4968-a84f-12bf762e2bbf/datanode-6/data/ratis/9a87ef9c-8267-43b1-8c48-052a6fdb3a80
2019-09-26 16:53:53,074 [pool-87-thread-1] INFO  server.RaftServerConfigKeys (ConfUtils.java:logGet(43)) - raft.server.log.queue.byte-limit = 2147483647 (custom)
2019-09-26 16:53:53,075 [pool-87-thread-1] INFO  server.RaftServerConfigKeys (ConfUtils.java:logGet(43)) - raft.server.log.queue.element-limit = 1024 (custom)
2019-09-26 16:53:53,075 [pool-87-thread-1] INFO  server.RaftServerConfigKeys (ConfUtils.java:logGet(43)) - raft.server.log.segment.size.max = 1048576 (custom)
2019-09-26 16:53:53,075 [pool-87-thread-1] INFO  server.RaftServerConfigKeys (ConfUtils.java:logGet(43)) - raft.server.log.preallocated.size = 16384 (custom)
2019-09-26 16:53:53,075 [pool-87-thread-1] INFO  server.RaftServerConfigKeys (ConfUtils.java:logGet(43)) - raft.server.log.write.buffer.size = 33554432 (custom)
2019-09-26 16:53:53,075 [pool-87-thread-1] INFO  server.RaftServerConfigKeys (ConfUtils.java:logGet(43)) - raft.server.log.force.sync.num = 128 (default)
2019-09-26 16:53:53,075 [pool-87-thread-1] INFO  server.RaftServerConfigKeys (ConfUtils.java:logGet(43)) - raft.server.log.statemachine.data.sync = true (default)
2019-09-26 16:53:53,075 [pool-87-thread-1] INFO  server.RaftServerConfigKeys (ConfUtils.java:logGet(43)) - raft.server.log.statemachine.data.sync.timeout = 10s (default)
2019-09-26 16:53:53,075 [pool-87-thread-1] INFO  server.RaftServerConfigKeys (ConfUtils.java:logGet(43)) - raft.server.log.statemachine.data.sync.timeout.retry = -1 (default)
2019-09-26 16:53:53,075 [pool-87-thread-1] INFO  server.RaftServerConfigKeys (ConfUtils.java:logGet(43)) - raft.server.log.statemachine.data.caching.enabled = true (custom)
2019-09-26 16:53:53,076 [pool-87-thread-1] INFO  segmented.SegmentedRaftLogWorker (SegmentedRaftLogWorker.java:lambda$new$0(132)) - 4a469c34-60df-4173-8d32-715e2ce97f5d@group-052A6FDB3A80-SegmentedRaftLogWorker: flushIndex: setUnconditionally 0 -> -1
2019-09-26 16:53:53,076 [pool-87-thread-1] INFO  server.RaftServerConfigKeys (ConfUtils.java:logGet(43)) - raft.server.snapshot.auto.trigger.enabled = true (custom)
2019-09-26 16:53:53,076 [pool-87-thread-1] INFO  server.RaftServerConfigKeys (ConfUtils.java:logGet(43)) - raft.server.snapshot.auto.trigger.threshold = 10000 (custom)
2019-09-26 16:53:53,076 [pool-87-thread-1] INFO  server.RaftServerConfigKeys (ConfUtils.java:logGet(43)) - raft.server.snapshot.retention.num.files = 5 (custom)
2019-09-26 16:53:53,076 [pool-87-thread-1] INFO  server.RaftServerConfigKeys (ConfUtils.java:logGet(43)) - raft.server.retrycache.expirytime = 600000ms (custom)
2019-09-26 16:53:53,078 [pool-87-thread-1] INFO  impl.RaftServerImpl (RaftServerImpl.java:start(185)) - 4a469c34-60df-4173-8d32-715e2ce97f5d@group-052A6FDB3A80: start as a follower, conf=-1: [4a469c34-60df-4173-8d32-715e2ce97f5d:192.168.151.99:42442], old=null
2019-09-26 16:53:53,078 [pool-87-thread-1] INFO  impl.RaftServerImpl (RaftServerImpl.java:setRole(174)) - 4a469c34-60df-4173-8d32-715e2ce97f5d@group-052A6FDB3A80: changes role from      null to FOLLOWER at term 0 for startAsFollower
2019-09-26 16:53:53,078 [pool-87-thread-1] INFO  impl.RoleInfo (RoleInfo.java:updateAndGet(143)) - 4a469c34-60df-4173-8d32-715e2ce97f5d: start FollowerState
2019-09-26 16:53:53,078 [pool-87-thread-1] INFO  util.JmxRegister (JmxRegister.java:tryRegister(44)) - Successfully registered JMX Bean with object name Ratis:service=RaftServer,group=group-052A6FDB3A80,id=4a469c34-60df-4173-8d32-715e2ce97f5d
2019-09-26 16:53:53,081 [RatisPipelineUtilsThread] INFO  pipeline.PipelineStateManager (PipelineStateManager.java:addPipeline(56)) - Created pipeline Pipeline[ Id: 9a87ef9c-8267-43b1-8c48-052a6fdb3a80, Nodes: 4a469c34-60df-4173-8d32-715e2ce97f5d{ip: 192.168.151.99, host: pr-hdds-1569-g6sp5-2013761785, networkLocation: /default-rack, certSerialId: null}, Type:RATIS, Factor:ONE, State:OPEN]
2019-09-26 16:53:53,086 [grpc-default-executor-1] INFO  impl.RaftServerProxy (RaftServerProxy.java:addNew(89)) - 862ec94c-cd2d-47b3-b563-7d6c2816cb58: addNew group-81A567F4826C:[862ec94c-cd2d-47b3-b563-7d6c2816cb58:192.168.151.99:36916] returns group-81A567F4826C:java.util.concurrent.CompletableFuture@c1ce001[Not completed]
2019-09-26 16:53:53,087 [pool-67-thread-1] INFO  impl.RaftServerImpl (RaftServerImpl.java:<init>(95)) - 862ec94c-cd2d-47b3-b563-7d6c2816cb58: new RaftServerImpl for group-81A567F4826C:[862ec94c-cd2d-47b3-b563-7d6c2816cb58:192.168.151.99:36916] with ContainerStateMachine:uninitialized
2019-09-26 16:53:53,087 [pool-67-thread-1] INFO  server.RaftServerConfigKeys (ConfUtils.java:logGet(43)) - raft.server.rpc.timeout.min = 5s (custom)
2019-09-26 16:53:53,087 [pool-67-thread-1] INFO  server.RaftServerConfigKeys (ConfUtils.java:logGet(43)) - raft.server.rpc.timeout.max = 5200ms (custom)
2019-09-26 16:53:53,087 [pool-67-thread-1] INFO  server.RaftServerConfigKeys (ConfUtils.java:logGet(43)) - raft.server.rpcslowness.timeout = 120s (custom)
2019-09-26 16:53:53,087 [pool-67-thread-1] INFO  server.RaftServerConfigKeys (ConfUtils.java:logGet(43)) - raft.server.sleep.deviation.threshold = 300 (default)
2019-09-26 16:53:53,087 [pool-67-thread-1] INFO  server.RaftServerConfigKeys (ConfUtils.java:logGet(43)) - raft.server.log.appender.install.snapshot.enabled = false (custom)
2019-09-26 16:53:53,087 [pool-67-thread-1] INFO  impl.RaftServerImpl (ServerState.java:<init>(103)) - 862ec94c-cd2d-47b3-b563-7d6c2816cb58@group-81A567F4826C: ConfigurationManager, init=-1: [862ec94c-cd2d-47b3-b563-7d6c2816cb58:192.168.151.99:36916], old=null, confs=<EMPTY_MAP>
2019-09-26 16:53:53,087 [pool-67-thread-1] INFO  server.RaftServerConfigKeys (ConfUtils.java:logGet(43)) - raft.server.storage.dir = [/workdir/hadoop-ozone/integration-test/target/test-dir/MiniOzoneClusterImpl-fdc3d401-fab1-4968-a84f-12bf762e2bbf/datanode-4/data/ratis] (custom)
2019-09-26 16:53:53,088 [pool-67-thread-1] INFO  storage.RaftStorageDirectory (RaftStorageDirectory.java:analyzeStorage(246)) - The storage directory /workdir/hadoop-ozone/integration-test/target/test-dir/MiniOzoneClusterImpl-fdc3d401-fab1-4968-a84f-12bf762e2bbf/datanode-4/data/ratis/1eef7fec-59d5-4fc2-b576-81a567f4826c does not exist. Creating ...
2019-09-26 16:53:53,100 [pool-67-thread-1] INFO  storage.RaftStorageDirectory (RaftStorageDirectory.java:tryLock(328)) - Lock on /workdir/hadoop-ozone/integration-test/target/test-dir/MiniOzoneClusterImpl-fdc3d401-fab1-4968-a84f-12bf762e2bbf/datanode-4/data/ratis/1eef7fec-59d5-4fc2-b576-81a567f4826c/in_use.lock acquired by nodename 15096@pr-hdds-1569-g6sp5-2013761785
2019-09-26 16:53:53,113 [pool-67-thread-1] INFO  storage.RaftStorage (RaftStorage.java:format(72)) - Storage directory /workdir/hadoop-ozone/integration-test/target/test-dir/MiniOzoneClusterImpl-fdc3d401-fab1-4968-a84f-12bf762e2bbf/datanode-4/data/ratis/1eef7fec-59d5-4fc2-b576-81a567f4826c has been successfully formatted.
2019-09-26 16:53:53,113 [pool-67-thread-1] INFO  ratis.ContainerStateMachine (ContainerStateMachine.java:loadSnapshot(230)) - group-81A567F4826C: The snapshot info is null. Setting the last applied indexto:(t:0, i:~)
2019-09-26 16:53:53,113 [pool-67-thread-1] INFO  server.RaftServerConfigKeys (ConfUtils.java:logGet(43)) - raft.server.notification.no-leader.timeout = 120s (custom)
2019-09-26 16:53:53,114 [pool-67-thread-1] INFO  server.RaftServerConfigKeys (ConfUtils.java:logGet(43)) - raft.server.log.use.memory = false (default)
2019-09-26 16:53:53,114 [pool-67-thread-1] INFO  server.RaftServerConfigKeys (ConfUtils.java:logGet(43)) - raft.server.log.purge.gap = 1000000 (custom)
2019-09-26 16:53:53,114 [pool-67-thread-1] INFO  server.RaftServerConfigKeys (ConfUtils.java:logGet(43)) - raft.server.log.appender.buffer.byte-limit = 33554432 (custom)
2019-09-26 16:53:53,114 [pool-67-thread-1] INFO  server.RaftServerConfigKeys (ConfUtils.java:logGet(43)) - raft.server.log.segment.size.max = 1048576 (custom)
2019-09-26 16:53:53,114 [pool-67-thread-1] INFO  server.RaftServerConfigKeys (ConfUtils.java:logGet(43)) - raft.server.log.segment.cache.num.max = 2 (custom)
2019-09-26 16:53:53,114 [pool-67-thread-1] INFO  segmented.SegmentedRaftLogWorker (SegmentedRaftLogWorker.java:<init>(172)) - new 862ec94c-cd2d-47b3-b563-7d6c2816cb58@group-81A567F4826C-SegmentedRaftLogWorker for RaftStorage:Storage Directory /workdir/hadoop-ozone/integration-test/target/test-dir/MiniOzoneClusterImpl-fdc3d401-fab1-4968-a84f-12bf762e2bbf/datanode-4/data/ratis/1eef7fec-59d5-4fc2-b576-81a567f4826c
2019-09-26 16:53:53,114 [pool-67-thread-1] INFO  server.RaftServerConfigKeys (ConfUtils.java:logGet(43)) - raft.server.log.queue.byte-limit = 2147483647 (custom)
2019-09-26 16:53:53,114 [pool-67-thread-1] INFO  server.RaftServerConfigKeys (ConfUtils.java:logGet(43)) - raft.server.log.queue.element-limit = 1024 (custom)
2019-09-26 16:53:53,115 [pool-67-thread-1] INFO  server.RaftServerConfigKeys (ConfUtils.java:logGet(43)) - raft.server.log.segment.size.max = 1048576 (custom)
2019-09-26 16:53:53,115 [pool-67-thread-1] INFO  server.RaftServerConfigKeys (ConfUtils.java:logGet(43)) - raft.server.log.preallocated.size = 16384 (custom)
2019-09-26 16:53:53,115 [pool-67-thread-1] INFO  server.RaftServerConfigKeys (ConfUtils.java:logGet(43)) - raft.server.log.write.buffer.size = 33554432 (custom)
2019-09-26 16:53:53,115 [pool-67-thread-1] INFO  server.RaftServerConfigKeys (ConfUtils.java:logGet(43)) - raft.server.log.force.sync.num = 128 (default)
2019-09-26 16:53:53,115 [pool-67-thread-1] INFO  server.RaftServerConfigKeys (ConfUtils.java:logGet(43)) - raft.server.log.statemachine.data.sync = true (default)
2019-09-26 16:53:53,115 [pool-67-thread-1] INFO  server.RaftServerConfigKeys (ConfUtils.java:logGet(43)) - raft.server.log.statemachine.data.sync.timeout = 10s (default)
2019-09-26 16:53:53,115 [pool-67-thread-1] INFO  server.RaftServerConfigKeys (ConfUtils.java:logGet(43)) - raft.server.log.statemachine.data.sync.timeout.retry = -1 (default)
2019-09-26 16:53:53,115 [pool-67-thread-1] INFO  server.RaftServerConfigKeys (ConfUtils.java:logGet(43)) - raft.server.log.statemachine.data.caching.enabled = true (custom)
2019-09-26 16:53:53,116 [pool-67-thread-1] INFO  segmented.SegmentedRaftLogWorker (SegmentedRaftLogWorker.java:lambda$new$0(132)) - 862ec94c-cd2d-47b3-b563-7d6c2816cb58@group-81A567F4826C-SegmentedRaftLogWorker: flushIndex: setUnconditionally 0 -> -1
2019-09-26 16:53:53,116 [pool-67-thread-1] INFO  server.RaftServerConfigKeys (ConfUtils.java:logGet(43)) - raft.server.snapshot.auto.trigger.enabled = true (custom)
2019-09-26 16:53:53,116 [pool-67-thread-1] INFO  server.RaftServerConfigKeys (ConfUtils.java:logGet(43)) - raft.server.snapshot.auto.trigger.threshold = 10000 (custom)
2019-09-26 16:53:53,116 [pool-67-thread-1] INFO  server.RaftServerConfigKeys (ConfUtils.java:logGet(43)) - raft.server.snapshot.retention.num.files = 5 (custom)
2019-09-26 16:53:53,116 [pool-67-thread-1] INFO  server.RaftServerConfigKeys (ConfUtils.java:logGet(43)) - raft.server.retrycache.expirytime = 600000ms (custom)
2019-09-26 16:53:53,118 [pool-67-thread-1] INFO  impl.RaftServerImpl (RaftServerImpl.java:start(185)) - 862ec94c-cd2d-47b3-b563-7d6c2816cb58@group-81A567F4826C: start as a follower, conf=-1: [862ec94c-cd2d-47b3-b563-7d6c2816cb58:192.168.151.99:36916], old=null
2019-09-26 16:53:53,119 [pool-67-thread-1] INFO  impl.RaftServerImpl (RaftServerImpl.java:setRole(174)) - 862ec94c-cd2d-47b3-b563-7d6c2816cb58@group-81A567F4826C: changes role from      null to FOLLOWER at term 0 for startAsFollower
2019-09-26 16:53:53,119 [pool-67-thread-1] INFO  impl.RoleInfo (RoleInfo.java:updateAndGet(143)) - 862ec94c-cd2d-47b3-b563-7d6c2816cb58: start FollowerState
2019-09-26 16:53:53,119 [pool-67-thread-1] INFO  util.JmxRegister (JmxRegister.java:tryRegister(44)) - Successfully registered JMX Bean with object name Ratis:service=RaftServer,group=group-81A567F4826C,id=862ec94c-cd2d-47b3-b563-7d6c2816cb58
2019-09-26 16:53:53,151 [RatisPipelineUtilsThread] INFO  pipeline.PipelineStateManager (PipelineStateManager.java:addPipeline(56)) - Created pipeline Pipeline[ Id: 1eef7fec-59d5-4fc2-b576-81a567f4826c, Nodes: 862ec94c-cd2d-47b3-b563-7d6c2816cb58{ip: 192.168.151.99, host: pr-hdds-1569-g6sp5-2013761785, networkLocation: /default-rack, certSerialId: null}, Type:RATIS, Factor:ONE, State:OPEN]
2019-09-26 16:53:53,158 [grpc-default-executor-1] INFO  impl.RaftServerProxy (RaftServerProxy.java:addNew(89)) - 862ec94c-cd2d-47b3-b563-7d6c2816cb58: addNew group-BB4B418CBDF4:[862ec94c-cd2d-47b3-b563-7d6c2816cb58:192.168.151.99:36916] returns group-BB4B418CBDF4:java.util.concurrent.CompletableFuture@42788e74[Not completed]
2019-09-26 16:53:53,159 [pool-67-thread-1] INFO  impl.RaftServerImpl (RaftServerImpl.java:<init>(95)) - 862ec94c-cd2d-47b3-b563-7d6c2816cb58: new RaftServerImpl for group-BB4B418CBDF4:[862ec94c-cd2d-47b3-b563-7d6c2816cb58:192.168.151.99:36916] with ContainerStateMachine:uninitialized
2019-09-26 16:53:53,159 [pool-67-thread-1] INFO  server.RaftServerConfigKeys (ConfUtils.java:logGet(43)) - raft.server.rpc.timeout.min = 5s (custom)
2019-09-26 16:53:53,159 [pool-67-thread-1] INFO  server.RaftServerConfigKeys (ConfUtils.java:logGet(43)) - raft.server.rpc.timeout.max = 5200ms (custom)
2019-09-26 16:53:53,159 [pool-67-thread-1] INFO  server.RaftServerConfigKeys (ConfUtils.java:logGet(43)) - raft.server.rpcslowness.timeout = 120s (custom)
2019-09-26 16:53:53,159 [pool-67-thread-1] INFO  server.RaftServerConfigKeys (ConfUtils.java:logGet(43)) - raft.server.sleep.deviation.threshold = 300 (default)
2019-09-26 16:53:53,159 [pool-67-thread-1] INFO  server.RaftServerConfigKeys (ConfUtils.java:logGet(43)) - raft.server.log.appender.install.snapshot.enabled = false (custom)
2019-09-26 16:53:53,160 [pool-67-thread-1] INFO  impl.RaftServerImpl (ServerState.java:<init>(103)) - 862ec94c-cd2d-47b3-b563-7d6c2816cb58@group-BB4B418CBDF4: ConfigurationManager, init=-1: [862ec94c-cd2d-47b3-b563-7d6c2816cb58:192.168.151.99:36916], old=null, confs=<EMPTY_MAP>
2019-09-26 16:53:53,160 [pool-67-thread-1] INFO  server.RaftServerConfigKeys (ConfUtils.java:logGet(43)) - raft.server.storage.dir = [/workdir/hadoop-ozone/integration-test/target/test-dir/MiniOzoneClusterImpl-fdc3d401-fab1-4968-a84f-12bf762e2bbf/datanode-4/data/ratis] (custom)
2019-09-26 16:53:53,160 [pool-67-thread-1] INFO  storage.RaftStorageDirectory (RaftStorageDirectory.java:analyzeStorage(246)) - The storage directory /workdir/hadoop-ozone/integration-test/target/test-dir/MiniOzoneClusterImpl-fdc3d401-fab1-4968-a84f-12bf762e2bbf/datanode-4/data/ratis/b8c3bb01-84eb-4c30-9fd1-bb4b418cbdf4 does not exist. Creating ...
2019-09-26 16:53:53,172 [Thread-240] INFO  impl.FollowerState (FollowerState.java:run(106)) - deac9605-e739-4d95-8360-f57df793faca:group-7D5DBA380806 changes to CANDIDATE, lastRpcTime:5166, electionTimeout:5166ms
2019-09-26 16:53:53,174 [Thread-240] INFO  impl.RoleInfo (RoleInfo.java:shutdownFollowerState(121)) - deac9605-e739-4d95-8360-f57df793faca: shutdown FollowerState
2019-09-26 16:53:53,174 [Thread-240] INFO  impl.RaftServerImpl (RaftServerImpl.java:setRole(174)) - deac9605-e739-4d95-8360-f57df793faca@group-7D5DBA380806: changes role from  FOLLOWER to CANDIDATE at term 0 for changeToCandidate
2019-09-26 16:53:53,182 [Thread-240] INFO  impl.RoleInfo (RoleInfo.java:updateAndGet(143)) - deac9605-e739-4d95-8360-f57df793faca: start LeaderElection
2019-09-26 16:53:53,192 [pool-67-thread-1] INFO  storage.RaftStorageDirectory (RaftStorageDirectory.java:tryLock(328)) - Lock on /workdir/hadoop-ozone/integration-test/target/test-dir/MiniOzoneClusterImpl-fdc3d401-fab1-4968-a84f-12bf762e2bbf/datanode-4/data/ratis/b8c3bb01-84eb-4c30-9fd1-bb4b418cbdf4/in_use.lock acquired by nodename 15096@pr-hdds-1569-g6sp5-2013761785
2019-09-26 16:53:53,192 [deac9605-e739-4d95-8360-f57df793faca@group-7D5DBA380806:LeaderElection1] INFO  impl.LeaderElection (LeaderElection.java:askForVotes(182)) - deac9605-e739-4d95-8360-f57df793faca@group-7D5DBA380806:LeaderElection1: begin an election at term 1 for -1: [deac9605-e739-4d95-8360-f57df793faca:192.168.151.99:46601], old=null
2019-09-26 16:53:53,194 [deac9605-e739-4d95-8360-f57df793faca@group-7D5DBA380806:LeaderElection1] INFO  impl.RoleInfo (RoleInfo.java:shutdownLeaderElection(134)) - deac9605-e739-4d95-8360-f57df793faca: shutdown LeaderElection
2019-09-26 16:53:53,195 [deac9605-e739-4d95-8360-f57df793faca@group-7D5DBA380806:LeaderElection1] INFO  impl.RaftServerImpl (RaftServerImpl.java:setRole(174)) - deac9605-e739-4d95-8360-f57df793faca@group-7D5DBA380806: changes role from CANDIDATE to LEADER at term 1 for changeToLeader
2019-09-26 16:53:53,195 [deac9605-e739-4d95-8360-f57df793faca@group-7D5DBA380806:LeaderElection1] INFO  impl.RaftServerImpl (ServerState.java:setLeader(253)) - deac9605-e739-4d95-8360-f57df793faca@group-7D5DBA380806: change Leader from null to deac9605-e739-4d95-8360-f57df793faca at term 1 for becomeLeader, leader elected after 5309ms
2019-09-26 16:53:53,205 [pool-67-thread-1] INFO  storage.RaftStorage (RaftStorage.java:format(72)) - Storage directory /workdir/hadoop-ozone/integration-test/target/test-dir/MiniOzoneClusterImpl-fdc3d401-fab1-4968-a84f-12bf762e2bbf/datanode-4/data/ratis/b8c3bb01-84eb-4c30-9fd1-bb4b418cbdf4 has been successfully formatted.
2019-09-26 16:53:53,205 [deac9605-e739-4d95-8360-f57df793faca@group-7D5DBA380806:LeaderElection1] INFO  server.RaftServerConfigKeys (ConfUtils.java:logGet(43)) - raft.server.staging.catchup.gap = 1000 (default)
2019-09-26 16:53:53,206 [pool-67-thread-1] INFO  ratis.ContainerStateMachine (ContainerStateMachine.java:loadSnapshot(230)) - group-BB4B418CBDF4: The snapshot info is null. Setting the last applied indexto:(t:0, i:~)
2019-09-26 16:53:53,206 [deac9605-e739-4d95-8360-f57df793faca@group-7D5DBA380806:LeaderElection1] INFO  server.RaftServerConfigKeys (ConfUtils.java:logGet(43)) - raft.server.rpc.sleep.time = 25ms (default)
2019-09-26 16:53:53,206 [pool-67-thread-1] INFO  server.RaftServerConfigKeys (ConfUtils.java:logGet(43)) - raft.server.notification.no-leader.timeout = 120s (custom)
2019-09-26 16:53:53,206 [pool-67-thread-1] INFO  server.RaftServerConfigKeys (ConfUtils.java:logGet(43)) - raft.server.log.use.memory = false (default)
2019-09-26 16:53:53,206 [pool-67-thread-1] INFO  server.RaftServerConfigKeys (ConfUtils.java:logGet(43)) - raft.server.log.purge.gap = 1000000 (custom)
2019-09-26 16:53:53,206 [pool-67-thread-1] INFO  server.RaftServerConfigKeys (ConfUtils.java:logGet(43)) - raft.server.log.appender.buffer.byte-limit = 33554432 (custom)
2019-09-26 16:53:53,207 [pool-67-thread-1] INFO  server.RaftServerConfigKeys (ConfUtils.java:logGet(43)) - raft.server.log.segment.size.max = 1048576 (custom)
2019-09-26 16:53:53,207 [pool-67-thread-1] INFO  server.RaftServerConfigKeys (ConfUtils.java:logGet(43)) - raft.server.log.segment.cache.num.max = 2 (custom)
2019-09-26 16:53:53,207 [pool-67-thread-1] INFO  segmented.SegmentedRaftLogWorker (SegmentedRaftLogWorker.java:<init>(172)) - new 862ec94c-cd2d-47b3-b563-7d6c2816cb58@group-BB4B418CBDF4-SegmentedRaftLogWorker for RaftStorage:Storage Directory /workdir/hadoop-ozone/integration-test/target/test-dir/MiniOzoneClusterImpl-fdc3d401-fab1-4968-a84f-12bf762e2bbf/datanode-4/data/ratis/b8c3bb01-84eb-4c30-9fd1-bb4b418cbdf4
2019-09-26 16:53:53,207 [pool-67-thread-1] INFO  server.RaftServerConfigKeys (ConfUtils.java:logGet(43)) - raft.server.log.queue.byte-limit = 2147483647 (custom)
2019-09-26 16:53:53,207 [pool-67-thread-1] INFO  server.RaftServerConfigKeys (ConfUtils.java:logGet(43)) - raft.server.log.queue.element-limit = 1024 (custom)
2019-09-26 16:53:53,208 [pool-67-thread-1] INFO  server.RaftServerConfigKeys (ConfUtils.java:logGet(43)) - raft.server.log.segment.size.max = 1048576 (custom)
2019-09-26 16:53:53,208 [pool-67-thread-1] INFO  server.RaftServerConfigKeys (ConfUtils.java:logGet(43)) - raft.server.log.preallocated.size = 16384 (custom)
2019-09-26 16:53:53,208 [pool-67-thread-1] INFO  server.RaftServerConfigKeys (ConfUtils.java:logGet(43)) - raft.server.log.write.buffer.size = 33554432 (custom)
2019-09-26 16:53:53,208 [pool-67-thread-1] INFO  server.RaftServerConfigKeys (ConfUtils.java:logGet(43)) - raft.server.log.force.sync.num = 128 (default)
2019-09-26 16:53:53,208 [pool-67-thread-1] INFO  server.RaftServerConfigKeys (ConfUtils.java:logGet(43)) - raft.server.log.statemachine.data.sync = true (default)
2019-09-26 16:53:53,208 [pool-67-thread-1] INFO  server.RaftServerConfigKeys (ConfUtils.java:logGet(43)) - raft.server.log.statemachine.data.sync.timeout = 10s (default)
2019-09-26 16:53:53,209 [pool-67-thread-1] INFO  server.RaftServerConfigKeys (ConfUtils.java:logGet(43)) - raft.server.log.statemachine.data.sync.timeout.retry = -1 (default)
2019-09-26 16:53:53,209 [pool-67-thread-1] INFO  server.RaftServerConfigKeys (ConfUtils.java:logGet(43)) - raft.server.log.statemachine.data.caching.enabled = true (custom)
2019-09-26 16:53:53,209 [pool-67-thread-1] INFO  segmented.SegmentedRaftLogWorker (SegmentedRaftLogWorker.java:lambda$new$0(132)) - 862ec94c-cd2d-47b3-b563-7d6c2816cb58@group-BB4B418CBDF4-SegmentedRaftLogWorker: flushIndex: setUnconditionally 0 -> -1
2019-09-26 16:53:53,209 [pool-67-thread-1] INFO  server.RaftServerConfigKeys (ConfUtils.java:logGet(43)) - raft.server.snapshot.auto.trigger.enabled = true (custom)
2019-09-26 16:53:53,210 [pool-67-thread-1] INFO  server.RaftServerConfigKeys (ConfUtils.java:logGet(43)) - raft.server.snapshot.auto.trigger.threshold = 10000 (custom)
2019-09-26 16:53:53,210 [deac9605-e739-4d95-8360-f57df793faca@group-7D5DBA380806:LeaderElection1] INFO  server.RaftServerConfigKeys (ConfUtils.java:logGet(43)) - raft.server.write.element-limit = 4096 (default)
2019-09-26 16:53:53,210 [pool-67-thread-1] INFO  server.RaftServerConfigKeys (ConfUtils.java:logGet(43)) - raft.server.snapshot.retention.num.files = 5 (custom)
2019-09-26 16:53:53,210 [pool-67-thread-1] INFO  server.RaftServerConfigKeys (ConfUtils.java:logGet(43)) - raft.server.retrycache.expirytime = 600000ms (custom)
2019-09-26 16:53:53,213 [pool-67-thread-1] INFO  impl.RaftServerImpl (RaftServerImpl.java:start(185)) - 862ec94c-cd2d-47b3-b563-7d6c2816cb58@group-BB4B418CBDF4: start as a follower, conf=-1: [862ec94c-cd2d-47b3-b563-7d6c2816cb58:192.168.151.99:36916], old=null
2019-09-26 16:53:53,213 [pool-67-thread-1] INFO  impl.RaftServerImpl (RaftServerImpl.java:setRole(174)) - 862ec94c-cd2d-47b3-b563-7d6c2816cb58@group-BB4B418CBDF4: changes role from      null to FOLLOWER at term 0 for startAsFollower
2019-09-26 16:53:53,213 [deac9605-e739-4d95-8360-f57df793faca@group-7D5DBA380806:LeaderElection1] INFO  server.RaftServerConfigKeys (ConfUtils.java:logGet(43)) - raft.server.watch.timeout = 10s (default)
2019-09-26 16:53:53,214 [pool-67-thread-1] INFO  impl.RoleInfo (RoleInfo.java:updateAndGet(143)) - 862ec94c-cd2d-47b3-b563-7d6c2816cb58: start FollowerState
2019-09-26 16:53:53,214 [deac9605-e739-4d95-8360-f57df793faca@group-7D5DBA380806:LeaderElection1] INFO  server.RaftServerConfigKeys (ConfUtils.java:logGet(43)) - raft.server.watch.timeout.denomination = 1s (default)
2019-09-26 16:53:53,214 [pool-67-thread-1] INFO  util.JmxRegister (JmxRegister.java:tryRegister(44)) - Successfully registered JMX Bean with object name Ratis:service=RaftServer,group=group-BB4B418CBDF4,id=862ec94c-cd2d-47b3-b563-7d6c2816cb58
2019-09-26 16:53:53,215 [deac9605-e739-4d95-8360-f57df793faca@group-7D5DBA380806:LeaderElection1] INFO  server.RaftServerConfigKeys (ConfUtils.java:logGet(43)) - raft.server.watch.element-limit = 65536 (default)
2019-09-26 16:53:53,217 [RatisPipelineUtilsThread] INFO  pipeline.PipelineStateManager (PipelineStateManager.java:addPipeline(56)) - Created pipeline Pipeline[ Id: b8c3bb01-84eb-4c30-9fd1-bb4b418cbdf4, Nodes: 862ec94c-cd2d-47b3-b563-7d6c2816cb58{ip: 192.168.151.99, host: pr-hdds-1569-g6sp5-2013761785, networkLocation: /default-rack, certSerialId: null}, Type:RATIS, Factor:ONE, State:OPEN]
2019-09-26 16:53:53,223 [grpc-default-executor-1] INFO  impl.RaftServerProxy (RaftServerProxy.java:addNew(89)) - 5160ea40-cc48-41a9-a1d1-1151a36e77d8: addNew group-D0054841AFC1:[5160ea40-cc48-41a9-a1d1-1151a36e77d8:192.168.151.99:45356] returns group-D0054841AFC1:java.util.concurrent.CompletableFuture@2e5b8417[Not completed]
2019-09-26 16:53:53,224 [pool-57-thread-1] INFO  impl.RaftServerImpl (RaftServerImpl.java:<init>(95)) - 5160ea40-cc48-41a9-a1d1-1151a36e77d8: new RaftServerImpl for group-D0054841AFC1:[5160ea40-cc48-41a9-a1d1-1151a36e77d8:192.168.151.99:45356] with ContainerStateMachine:uninitialized
2019-09-26 16:53:53,224 [pool-57-thread-1] INFO  server.RaftServerConfigKeys (ConfUtils.java:logGet(43)) - raft.server.rpc.timeout.min = 5s (custom)
2019-09-26 16:53:53,224 [pool-57-thread-1] INFO  server.RaftServerConfigKeys (ConfUtils.java:logGet(43)) - raft.server.rpc.timeout.max = 5200ms (custom)
2019-09-26 16:53:53,224 [pool-57-thread-1] INFO  server.RaftServerConfigKeys (ConfUtils.java:logGet(43)) - raft.server.rpcslowness.timeout = 120s (custom)
2019-09-26 16:53:53,225 [pool-57-thread-1] INFO  server.RaftServerConfigKeys (ConfUtils.java:logGet(43)) - raft.server.sleep.deviation.threshold = 300 (default)
2019-09-26 16:53:53,225 [pool-57-thread-1] INFO  server.RaftServerConfigKeys (ConfUtils.java:logGet(43)) - raft.server.log.appender.install.snapshot.enabled = false (custom)
2019-09-26 16:53:53,225 [pool-57-thread-1] INFO  impl.RaftServerImpl (ServerState.java:<init>(103)) - 5160ea40-cc48-41a9-a1d1-1151a36e77d8@group-D0054841AFC1: ConfigurationManager, init=-1: [5160ea40-cc48-41a9-a1d1-1151a36e77d8:192.168.151.99:45356], old=null, confs=<EMPTY_MAP>
2019-09-26 16:53:53,225 [pool-57-thread-1] INFO  server.RaftServerConfigKeys (ConfUtils.java:logGet(43)) - raft.server.storage.dir = [/workdir/hadoop-ozone/integration-test/target/test-dir/MiniOzoneClusterImpl-fdc3d401-fab1-4968-a84f-12bf762e2bbf/datanode-3/data/ratis] (custom)
2019-09-26 16:53:53,225 [pool-57-thread-1] INFO  storage.RaftStorageDirectory (RaftStorageDirectory.java:analyzeStorage(246)) - The storage directory /workdir/hadoop-ozone/integration-test/target/test-dir/MiniOzoneClusterImpl-fdc3d401-fab1-4968-a84f-12bf762e2bbf/datanode-3/data/ratis/3cf0f4f7-9fd2-4621-9e08-d0054841afc1 does not exist. Creating ...
2019-09-26 16:53:53,230 [deac9605-e739-4d95-8360-f57df793faca@group-7D5DBA380806:LeaderElection1] INFO  impl.RoleInfo (RoleInfo.java:updateAndGet(143)) - deac9605-e739-4d95-8360-f57df793faca: start LeaderState
2019-09-26 16:53:53,238 [pool-57-thread-1] INFO  storage.RaftStorageDirectory (RaftStorageDirectory.java:tryLock(328)) - Lock on /workdir/hadoop-ozone/integration-test/target/test-dir/MiniOzoneClusterImpl-fdc3d401-fab1-4968-a84f-12bf762e2bbf/datanode-3/data/ratis/3cf0f4f7-9fd2-4621-9e08-d0054841afc1/in_use.lock acquired by nodename 15096@pr-hdds-1569-g6sp5-2013761785
2019-09-26 16:53:53,639 [Thread-249] INFO  impl.FollowerState (FollowerState.java:run(106)) - d17cca1b-2e6b-48b2-8b1c-3559490fa529:group-6FBDCDA295B7 changes to CANDIDATE, lastRpcTime:5133, electionTimeout:5099ms
2019-09-26 16:53:53,642 [Thread-249] INFO  impl.RoleInfo (RoleInfo.java:shutdownFollowerState(121)) - d17cca1b-2e6b-48b2-8b1c-3559490fa529: shutdown FollowerState
2019-09-26 16:53:53,642 [Thread-246] INFO  impl.FollowerState (FollowerState.java:run(106)) - 862ec94c-cd2d-47b3-b563-7d6c2816cb58:group-30CD5A3A4D1D changes to CANDIDATE, lastRpcTime:5241, electionTimeout:5118ms
2019-09-26 16:53:53,642 [Thread-249] INFO  impl.RaftServerImpl (RaftServerImpl.java:setRole(174)) - d17cca1b-2e6b-48b2-8b1c-3559490fa529@group-6FBDCDA295B7: changes role from  FOLLOWER to CANDIDATE at term 0 for changeToCandidate
2019-09-26 16:53:53,642 [Thread-246] INFO  impl.RoleInfo (RoleInfo.java:shutdownFollowerState(121)) - 862ec94c-cd2d-47b3-b563-7d6c2816cb58: shutdown FollowerState
2019-09-26 16:53:53,643 [Thread-249] INFO  impl.RoleInfo (RoleInfo.java:updateAndGet(143)) - d17cca1b-2e6b-48b2-8b1c-3559490fa529: start LeaderElection
2019-09-26 16:53:53,643 [Thread-246] INFO  impl.RaftServerImpl (RaftServerImpl.java:setRole(174)) - 862ec94c-cd2d-47b3-b563-7d6c2816cb58@group-30CD5A3A4D1D: changes role from  FOLLOWER to CANDIDATE at term 0 for changeToCandidate
2019-09-26 16:53:53,648 [Thread-243] INFO  impl.FollowerState (FollowerState.java:run(106)) - 5160ea40-cc48-41a9-a1d1-1151a36e77d8:group-34D384457479 changes to CANDIDATE, lastRpcTime:5418, electionTimeout:5145ms
2019-09-26 16:53:53,648 [Thread-243] INFO  impl.RoleInfo (RoleInfo.java:shutdownFollowerState(121)) - 5160ea40-cc48-41a9-a1d1-1151a36e77d8: shutdown FollowerState
2019-09-26 16:53:53,648 [Thread-243] INFO  impl.RaftServerImpl (RaftServerImpl.java:setRole(174)) - 5160ea40-cc48-41a9-a1d1-1151a36e77d8@group-34D384457479: changes role from  FOLLOWER to CANDIDATE at term 0 for changeToCandidate
2019-09-26 16:53:53,648 [Thread-243] INFO  impl.RoleInfo (RoleInfo.java:updateAndGet(143)) - 5160ea40-cc48-41a9-a1d1-1151a36e77d8: start LeaderElection
2019-09-26 16:53:53,651 [pool-57-thread-1] INFO  storage.RaftStorage (RaftStorage.java:format(72)) - Storage directory /workdir/hadoop-ozone/integration-test/target/test-dir/MiniOzoneClusterImpl-fdc3d401-fab1-4968-a84f-12bf762e2bbf/datanode-3/data/ratis/3cf0f4f7-9fd2-4621-9e08-d0054841afc1 has been successfully formatted.
2019-09-26 16:53:53,654 [Thread-246] INFO  impl.RoleInfo (RoleInfo.java:updateAndGet(143)) - 862ec94c-cd2d-47b3-b563-7d6c2816cb58: start LeaderElection
2019-09-26 16:53:53,654 [Thread-252] INFO  impl.FollowerState (FollowerState.java:run(106)) - 862ec94c-cd2d-47b3-b563-7d6c2816cb58:group-3F7CF6546C0D changes to CANDIDATE, lastRpcTime:5054, electionTimeout:5051ms
2019-09-26 16:53:53,663 [pool-57-thread-1] INFO  ratis.ContainerStateMachine (ContainerStateMachine.java:loadSnapshot(230)) - group-D0054841AFC1: The snapshot info is null. Setting the last applied indexto:(t:0, i:~)
2019-09-26 16:53:53,663 [Thread-252] INFO  impl.RoleInfo (RoleInfo.java:shutdownFollowerState(121)) - 862ec94c-cd2d-47b3-b563-7d6c2816cb58: shutdown FollowerState
2019-09-26 16:53:53,663 [pool-57-thread-1] INFO  server.RaftServerConfigKeys (ConfUtils.java:logGet(43)) - raft.server.notification.no-leader.timeout = 120s (custom)
2019-09-26 16:53:53,663 [Thread-252] INFO  impl.RaftServerImpl (RaftServerImpl.java:setRole(174)) - 862ec94c-cd2d-47b3-b563-7d6c2816cb58@group-3F7CF6546C0D: changes role from  FOLLOWER to CANDIDATE at term 0 for changeToCandidate
2019-09-26 16:53:53,663 [pool-57-thread-1] INFO  server.RaftServerConfigKeys (ConfUtils.java:logGet(43)) - raft.server.log.use.memory = false (default)
2019-09-26 16:53:53,663 [Thread-252] INFO  impl.RoleInfo (RoleInfo.java:updateAndGet(143)) - 862ec94c-cd2d-47b3-b563-7d6c2816cb58: start LeaderElection
2019-09-26 16:53:53,664 [pool-57-thread-1] INFO  server.RaftServerConfigKeys (ConfUtils.java:logGet(43)) - raft.server.log.purge.gap = 1000000 (custom)
2019-09-26 16:53:53,664 [pool-57-thread-1] INFO  server.RaftServerConfigKeys (ConfUtils.java:logGet(43)) - raft.server.log.appender.buffer.byte-limit = 33554432 (custom)
2019-09-26 16:53:53,672 [pool-57-thread-1] INFO  server.RaftServerConfigKeys (ConfUtils.java:logGet(43)) - raft.server.log.segment.size.max = 1048576 (custom)
2019-09-26 16:53:53,672 [pool-57-thread-1] INFO  server.RaftServerConfigKeys (ConfUtils.java:logGet(43)) - raft.server.log.segment.cache.num.max = 2 (custom)
2019-09-26 16:53:53,672 [pool-57-thread-1] INFO  segmented.SegmentedRaftLogWorker (SegmentedRaftLogWorker.java:<init>(172)) - new 5160ea40-cc48-41a9-a1d1-1151a36e77d8@group-D0054841AFC1-SegmentedRaftLogWorker for RaftStorage:Storage Directory /workdir/hadoop-ozone/integration-test/target/test-dir/MiniOzoneClusterImpl-fdc3d401-fab1-4968-a84f-12bf762e2bbf/datanode-3/data/ratis/3cf0f4f7-9fd2-4621-9e08-d0054841afc1
2019-09-26 16:53:53,672 [pool-57-thread-1] INFO  server.RaftServerConfigKeys (ConfUtils.java:logGet(43)) - raft.server.log.queue.byte-limit = 2147483647 (custom)
2019-09-26 16:53:53,673 [pool-57-thread-1] INFO  server.RaftServerConfigKeys (ConfUtils.java:logGet(43)) - raft.server.log.queue.element-limit = 1024 (custom)
2019-09-26 16:53:53,673 [pool-57-thread-1] INFO  server.RaftServerConfigKeys (ConfUtils.java:logGet(43)) - raft.server.log.segment.size.max = 1048576 (custom)
2019-09-26 16:53:53,673 [pool-57-thread-1] INFO  server.RaftServerConfigKeys (ConfUtils.java:logGet(43)) - raft.server.log.preallocated.size = 16384 (custom)
2019-09-26 16:53:53,673 [pool-57-thread-1] INFO  server.RaftServerConfigKeys (ConfUtils.java:logGet(43)) - raft.server.log.write.buffer.size = 33554432 (custom)
2019-09-26 16:53:53,673 [pool-57-thread-1] INFO  server.RaftServerConfigKeys (ConfUtils.java:logGet(43)) - raft.server.log.force.sync.num = 128 (default)
2019-09-26 16:53:53,673 [pool-57-thread-1] INFO  server.RaftServerConfigKeys (ConfUtils.java:logGet(43)) - raft.server.log.statemachine.data.sync = true (default)
2019-09-26 16:53:53,674 [pool-57-thread-1] INFO  server.RaftServerConfigKeys (ConfUtils.java:logGet(43)) - raft.server.log.statemachine.data.sync.timeout = 10s (default)
2019-09-26 16:53:53,674 [pool-57-thread-1] INFO  server.RaftServerConfigKeys (ConfUtils.java:logGet(43)) - raft.server.log.statemachine.data.sync.timeout.retry = -1 (default)
2019-09-26 16:53:53,674 [pool-57-thread-1] INFO  server.RaftServerConfigKeys (ConfUtils.java:logGet(43)) - raft.server.log.statemachine.data.caching.enabled = true (custom)
2019-09-26 16:53:53,674 [pool-57-thread-1] INFO  segmented.SegmentedRaftLogWorker (SegmentedRaftLogWorker.java:lambda$new$0(132)) - 5160ea40-cc48-41a9-a1d1-1151a36e77d8@group-D0054841AFC1-SegmentedRaftLogWorker: flushIndex: setUnconditionally 0 -> -1
2019-09-26 16:53:53,675 [pool-57-thread-1] INFO  server.RaftServerConfigKeys (ConfUtils.java:logGet(43)) - raft.server.snapshot.auto.trigger.enabled = true (custom)
2019-09-26 16:53:53,675 [pool-57-thread-1] INFO  server.RaftServerConfigKeys (ConfUtils.java:logGet(43)) - raft.server.snapshot.auto.trigger.threshold = 10000 (custom)
2019-09-26 16:53:53,675 [pool-57-thread-1] INFO  server.RaftServerConfigKeys (ConfUtils.java:logGet(43)) - raft.server.snapshot.retention.num.files = 5 (custom)
2019-09-26 16:53:53,675 [pool-57-thread-1] INFO  server.RaftServerConfigKeys (ConfUtils.java:logGet(43)) - raft.server.retrycache.expirytime = 600000ms (custom)
2019-09-26 16:53:53,678 [pool-57-thread-1] INFO  impl.RaftServerImpl (RaftServerImpl.java:start(185)) - 5160ea40-cc48-41a9-a1d1-1151a36e77d8@group-D0054841AFC1: start as a follower, conf=-1: [5160ea40-cc48-41a9-a1d1-1151a36e77d8:192.168.151.99:45356], old=null
2019-09-26 16:53:53,678 [pool-57-thread-1] INFO  impl.RaftServerImpl (RaftServerImpl.java:setRole(174)) - 5160ea40-cc48-41a9-a1d1-1151a36e77d8@group-D0054841AFC1: changes role from      null to FOLLOWER at term 0 for startAsFollower
2019-09-26 16:53:53,678 [pool-57-thread-1] INFO  impl.RoleInfo (RoleInfo.java:updateAndGet(143)) - 5160ea40-cc48-41a9-a1d1-1151a36e77d8: start FollowerState
2019-09-26 16:53:53,679 [pool-57-thread-1] INFO  util.JmxRegister (JmxRegister.java:tryRegister(44)) - Successfully registered JMX Bean with object name Ratis:service=RaftServer,group=group-D0054841AFC1,id=5160ea40-cc48-41a9-a1d1-1151a36e77d8
2019-09-26 16:53:53,689 [862ec94c-cd2d-47b3-b563-7d6c2816cb58@group-3F7CF6546C0D:LeaderElection5] INFO  impl.LeaderElection (LeaderElection.java:askForVotes(182)) - 862ec94c-cd2d-47b3-b563-7d6c2816cb58@group-3F7CF6546C0D:LeaderElection5: begin an election at term 1 for -1: [862ec94c-cd2d-47b3-b563-7d6c2816cb58:192.168.151.99:36916], old=null
2019-09-26 16:53:53,700 [d17cca1b-2e6b-48b2-8b1c-3559490fa529@group-6FBDCDA295B7:LeaderElection2] INFO  impl.LeaderElection (LeaderElection.java:askForVotes(182)) - d17cca1b-2e6b-48b2-8b1c-3559490fa529@group-6FBDCDA295B7:LeaderElection2: begin an election at term 1 for -1: [d17cca1b-2e6b-48b2-8b1c-3559490fa529:192.168.151.99:40714], old=null
2019-09-26 16:53:53,700 [862ec94c-cd2d-47b3-b563-7d6c2816cb58@group-30CD5A3A4D1D:LeaderElection3] INFO  impl.LeaderElection (LeaderElection.java:askForVotes(182)) - 862ec94c-cd2d-47b3-b563-7d6c2816cb58@group-30CD5A3A4D1D:LeaderElection3: begin an election at term 1 for -1: [862ec94c-cd2d-47b3-b563-7d6c2816cb58:192.168.151.99:36916], old=null
2019-09-26 16:53:53,700 [862ec94c-cd2d-47b3-b563-7d6c2816cb58@group-3F7CF6546C0D:LeaderElection5] INFO  impl.RoleInfo (RoleInfo.java:shutdownLeaderElection(134)) - 862ec94c-cd2d-47b3-b563-7d6c2816cb58: shutdown LeaderElection
2019-09-26 16:53:53,689 [5160ea40-cc48-41a9-a1d1-1151a36e77d8@group-34D384457479:LeaderElection4] INFO  impl.LeaderElection (LeaderElection.java:askForVotes(182)) - 5160ea40-cc48-41a9-a1d1-1151a36e77d8@group-34D384457479:LeaderElection4: begin an election at term 1 for -1: [5160ea40-cc48-41a9-a1d1-1151a36e77d8:192.168.151.99:45356], old=null
2019-09-26 16:53:53,700 [862ec94c-cd2d-47b3-b563-7d6c2816cb58@group-3F7CF6546C0D:LeaderElection5] INFO  impl.RaftServerImpl (RaftServerImpl.java:setRole(174)) - 862ec94c-cd2d-47b3-b563-7d6c2816cb58@group-3F7CF6546C0D: changes role from CANDIDATE to LEADER at term 1 for changeToLeader
2019-09-26 16:53:53,700 [862ec94c-cd2d-47b3-b563-7d6c2816cb58@group-30CD5A3A4D1D:LeaderElection3] INFO  impl.RoleInfo (RoleInfo.java:shutdownLeaderElection(134)) - 862ec94c-cd2d-47b3-b563-7d6c2816cb58: shutdown LeaderElection
2019-09-26 16:53:53,700 [RatisPipelineUtilsThread] INFO  pipeline.PipelineStateManager (PipelineStateManager.java:addPipeline(56)) - Created pipeline Pipeline[ Id: 3cf0f4f7-9fd2-4621-9e08-d0054841afc1, Nodes: 5160ea40-cc48-41a9-a1d1-1151a36e77d8{ip: 192.168.151.99, host: pr-hdds-1569-g6sp5-2013761785, networkLocation: /default-rack, certSerialId: null}, Type:RATIS, Factor:ONE, State:OPEN]
2019-09-26 16:53:53,700 [d17cca1b-2e6b-48b2-8b1c-3559490fa529@group-6FBDCDA295B7:LeaderElection2] INFO  impl.RoleInfo (RoleInfo.java:shutdownLeaderElection(134)) - d17cca1b-2e6b-48b2-8b1c-3559490fa529: shutdown LeaderElection
2019-09-26 16:53:53,701 [862ec94c-cd2d-47b3-b563-7d6c2816cb58@group-30CD5A3A4D1D:LeaderElection3] INFO  impl.RaftServerImpl (RaftServerImpl.java:setRole(174)) - 862ec94c-cd2d-47b3-b563-7d6c2816cb58@group-30CD5A3A4D1D: changes role from CANDIDATE to LEADER at term 1 for changeToLeader
2019-09-26 16:53:53,700 [862ec94c-cd2d-47b3-b563-7d6c2816cb58@group-3F7CF6546C0D:LeaderElection5] INFO  impl.RaftServerImpl (ServerState.java:setLeader(253)) - 862ec94c-cd2d-47b3-b563-7d6c2816cb58@group-3F7CF6546C0D: change Leader from null to 862ec94c-cd2d-47b3-b563-7d6c2816cb58 at term 1 for becomeLeader, leader elected after 5111ms
2019-09-26 16:53:53,700 [5160ea40-cc48-41a9-a1d1-1151a36e77d8@group-34D384457479:LeaderElection4] INFO  impl.RoleInfo (RoleInfo.java:shutdownLeaderElection(134)) - 5160ea40-cc48-41a9-a1d1-1151a36e77d8: shutdown LeaderElection
2019-09-26 16:53:53,705 [862ec94c-cd2d-47b3-b563-7d6c2816cb58@group-3F7CF6546C0D:LeaderElection5] INFO  server.RaftServerConfigKeys (ConfUtils.java:logGet(43)) - raft.server.staging.catchup.gap = 1000 (default)
2019-09-26 16:53:53,701 [862ec94c-cd2d-47b3-b563-7d6c2816cb58@group-30CD5A3A4D1D:LeaderElection3] INFO  impl.RaftServerImpl (ServerState.java:setLeader(253)) - 862ec94c-cd2d-47b3-b563-7d6c2816cb58@group-30CD5A3A4D1D: change Leader from null to 862ec94c-cd2d-47b3-b563-7d6c2816cb58 at term 1 for becomeLeader, leader elected after 5354ms
2019-09-26 16:53:53,701 [d17cca1b-2e6b-48b2-8b1c-3559490fa529@group-6FBDCDA295B7:LeaderElection2] INFO  impl.RaftServerImpl (RaftServerImpl.java:setRole(174)) - d17cca1b-2e6b-48b2-8b1c-3559490fa529@group-6FBDCDA295B7: changes role from CANDIDATE to LEADER at term 1 for changeToLeader
2019-09-26 16:53:53,705 [862ec94c-cd2d-47b3-b563-7d6c2816cb58@group-30CD5A3A4D1D:LeaderElection3] INFO  server.RaftServerConfigKeys (ConfUtils.java:logGet(43)) - raft.server.staging.catchup.gap = 1000 (default)
2019-09-26 16:53:53,706 [862ec94c-cd2d-47b3-b563-7d6c2816cb58@group-30CD5A3A4D1D:LeaderElection3] INFO  server.RaftServerConfigKeys (ConfUtils.java:logGet(43)) - raft.server.rpc.sleep.time = 25ms (default)
2019-09-26 16:53:53,705 [862ec94c-cd2d-47b3-b563-7d6c2816cb58@group-3F7CF6546C0D:LeaderElection5] INFO  server.RaftServerConfigKeys (ConfUtils.java:logGet(43)) - raft.server.rpc.sleep.time = 25ms (default)
2019-09-26 16:53:53,705 [5160ea40-cc48-41a9-a1d1-1151a36e77d8@group-34D384457479:LeaderElection4] INFO  impl.RaftServerImpl (RaftServerImpl.java:setRole(174)) - 5160ea40-cc48-41a9-a1d1-1151a36e77d8@group-34D384457479: changes role from CANDIDATE to LEADER at term 1 for changeToLeader
2019-09-26 16:53:53,706 [862ec94c-cd2d-47b3-b563-7d6c2816cb58@group-3F7CF6546C0D:LeaderElection5] INFO  server.RaftServerConfigKeys (ConfUtils.java:logGet(43)) - raft.server.write.element-limit = 4096 (default)
2019-09-26 16:53:53,706 [862ec94c-cd2d-47b3-b563-7d6c2816cb58@group-30CD5A3A4D1D:LeaderElection3] INFO  server.RaftServerConfigKeys (ConfUtils.java:logGet(43)) - raft.server.write.element-limit = 4096 (default)
2019-09-26 16:53:53,705 [deac9605-e739-4d95-8360-f57df793faca@group-7D5DBA380806:LeaderElection1] INFO  segmented.SegmentedRaftLogWorker (SegmentedRaftLogWorker.java:startLogSegment(380)) - deac9605-e739-4d95-8360-f57df793faca@group-7D5DBA380806-SegmentedRaftLogWorker: Starting segment from index:0
2019-09-26 16:53:53,705 [d17cca1b-2e6b-48b2-8b1c-3559490fa529@group-6FBDCDA295B7:LeaderElection2] INFO  impl.RaftServerImpl (ServerState.java:setLeader(253)) - d17cca1b-2e6b-48b2-8b1c-3559490fa529@group-6FBDCDA295B7: change Leader from null to d17cca1b-2e6b-48b2-8b1c-3559490fa529 at term 1 for becomeLeader, leader elected after 5217ms
2019-09-26 16:53:53,706 [862ec94c-cd2d-47b3-b563-7d6c2816cb58@group-30CD5A3A4D1D:LeaderElection3] INFO  server.RaftServerConfigKeys (ConfUtils.java:logGet(43)) - raft.server.watch.timeout = 10s (default)
2019-09-26 16:53:53,706 [862ec94c-cd2d-47b3-b563-7d6c2816cb58@group-3F7CF6546C0D:LeaderElection5] INFO  server.RaftServerConfigKeys (ConfUtils.java:logGet(43)) - raft.server.watch.timeout = 10s (default)
2019-09-26 16:53:53,706 [5160ea40-cc48-41a9-a1d1-1151a36e77d8@group-34D384457479:LeaderElection4] INFO  impl.RaftServerImpl (ServerState.java:setLeader(253)) - 5160ea40-cc48-41a9-a1d1-1151a36e77d8@group-34D384457479: change Leader from null to 5160ea40-cc48-41a9-a1d1-1151a36e77d8 at term 1 for becomeLeader, leader elected after 5495ms
2019-09-26 16:53:53,709 [862ec94c-cd2d-47b3-b563-7d6c2816cb58@group-3F7CF6546C0D:LeaderElection5] INFO  server.RaftServerConfigKeys (ConfUtils.java:logGet(43)) - raft.server.watch.timeout.denomination = 1s (default)
2019-09-26 16:53:53,709 [862ec94c-cd2d-47b3-b563-7d6c2816cb58@group-30CD5A3A4D1D:LeaderElection3] INFO  server.RaftServerConfigKeys (ConfUtils.java:logGet(43)) - raft.server.watch.timeout.denomination = 1s (default)
2019-09-26 16:53:53,709 [d17cca1b-2e6b-48b2-8b1c-3559490fa529@group-6FBDCDA295B7:LeaderElection2] INFO  server.RaftServerConfigKeys (ConfUtils.java:logGet(43)) - raft.server.staging.catchup.gap = 1000 (default)
2019-09-26 16:53:53,712 [862ec94c-cd2d-47b3-b563-7d6c2816cb58@group-30CD5A3A4D1D:LeaderElection3] INFO  server.RaftServerConfigKeys (ConfUtils.java:logGet(43)) - raft.server.watch.element-limit = 65536 (default)
2019-09-26 16:53:53,712 [862ec94c-cd2d-47b3-b563-7d6c2816cb58@group-3F7CF6546C0D:LeaderElection5] INFO  server.RaftServerConfigKeys (ConfUtils.java:logGet(43)) - raft.server.watch.element-limit = 65536 (default)
2019-09-26 16:53:53,712 [5160ea40-cc48-41a9-a1d1-1151a36e77d8@group-34D384457479:LeaderElection4] INFO  server.RaftServerConfigKeys (ConfUtils.java:logGet(43)) - raft.server.staging.catchup.gap = 1000 (default)
2019-09-26 16:53:53,712 [d17cca1b-2e6b-48b2-8b1c-3559490fa529@group-6FBDCDA295B7:LeaderElection2] INFO  server.RaftServerConfigKeys (ConfUtils.java:logGet(43)) - raft.server.rpc.sleep.time = 25ms (default)
2019-09-26 16:53:53,713 [5160ea40-cc48-41a9-a1d1-1151a36e77d8@group-34D384457479:LeaderElection4] INFO  server.RaftServerConfigKeys (ConfUtils.java:logGet(43)) - raft.server.rpc.sleep.time = 25ms (default)
2019-09-26 16:53:53,713 [d17cca1b-2e6b-48b2-8b1c-3559490fa529@group-6FBDCDA295B7:LeaderElection2] INFO  server.RaftServerConfigKeys (ConfUtils.java:logGet(43)) - raft.server.write.element-limit = 4096 (default)
2019-09-26 16:53:53,713 [5160ea40-cc48-41a9-a1d1-1151a36e77d8@group-34D384457479:LeaderElection4] INFO  server.RaftServerConfigKeys (ConfUtils.java:logGet(43)) - raft.server.write.element-limit = 4096 (default)
2019-09-26 16:53:53,713 [d17cca1b-2e6b-48b2-8b1c-3559490fa529@group-6FBDCDA295B7:LeaderElection2] INFO  server.RaftServerConfigKeys (ConfUtils.java:logGet(43)) - raft.server.watch.timeout = 10s (default)
2019-09-26 16:53:53,713 [5160ea40-cc48-41a9-a1d1-1151a36e77d8@group-34D384457479:LeaderElection4] INFO  server.RaftServerConfigKeys (ConfUtils.java:logGet(43)) - raft.server.watch.timeout = 10s (default)
2019-09-26 16:53:53,713 [d17cca1b-2e6b-48b2-8b1c-3559490fa529@group-6FBDCDA295B7:LeaderElection2] INFO  server.RaftServerConfigKeys (ConfUtils.java:logGet(43)) - raft.server.watch.timeout.denomination = 1s (default)
2019-09-26 16:53:53,714 [5160ea40-cc48-41a9-a1d1-1151a36e77d8@group-34D384457479:LeaderElection4] INFO  server.RaftServerConfigKeys (ConfUtils.java:logGet(43)) - raft.server.watch.timeout.denomination = 1s (default)
2019-09-26 16:53:53,714 [d17cca1b-2e6b-48b2-8b1c-3559490fa529@group-6FBDCDA295B7:LeaderElection2] INFO  server.RaftServerConfigKeys (ConfUtils.java:logGet(43)) - raft.server.watch.element-limit = 65536 (default)
2019-09-26 16:53:53,714 [5160ea40-cc48-41a9-a1d1-1151a36e77d8@group-34D384457479:LeaderElection4] INFO  server.RaftServerConfigKeys (ConfUtils.java:logGet(43)) - raft.server.watch.element-limit = 65536 (default)
2019-09-26 16:53:53,716 [grpc-default-executor-1] INFO  impl.RaftServerProxy (RaftServerProxy.java:addNew(89)) - 579334d3-7c10-42f4-b10c-e6c2267ece25: addNew group-C91694E883F7:[579334d3-7c10-42f4-b10c-e6c2267ece25:192.168.151.99:34131] returns group-C91694E883F7:java.util.concurrent.CompletableFuture@36707d20[Not completed]
2019-09-26 16:53:53,717 [pool-47-thread-1] INFO  impl.RaftServerImpl (RaftServerImpl.java:<init>(95)) - 579334d3-7c10-42f4-b10c-e6c2267ece25: new RaftServerImpl for group-C91694E883F7:[579334d3-7c10-42f4-b10c-e6c2267ece25:192.168.151.99:34131] with ContainerStateMachine:uninitialized
2019-09-26 16:53:53,718 [pool-47-thread-1] INFO  server.RaftServerConfigKeys (ConfUtils.java:logGet(43)) - raft.server.rpc.timeout.min = 5s (custom)
2019-09-26 16:53:53,718 [pool-47-thread-1] INFO  server.RaftServerConfigKeys (ConfUtils.java:logGet(43)) - raft.server.rpc.timeout.max = 5200ms (custom)
2019-09-26 16:53:53,718 [pool-47-thread-1] INFO  server.RaftServerConfigKeys (ConfUtils.java:logGet(43)) - raft.server.rpcslowness.timeout = 120s (custom)
2019-09-26 16:53:53,718 [pool-47-thread-1] INFO  server.RaftServerConfigKeys (ConfUtils.java:logGet(43)) - raft.server.sleep.deviation.threshold = 300 (default)
2019-09-26 16:53:53,718 [pool-47-thread-1] INFO  server.RaftServerConfigKeys (ConfUtils.java:logGet(43)) - raft.server.log.appender.install.snapshot.enabled = false (custom)
2019-09-26 16:53:53,718 [862ec94c-cd2d-47b3-b563-7d6c2816cb58@group-30CD5A3A4D1D:LeaderElection3] INFO  impl.RoleInfo (RoleInfo.java:updateAndGet(143)) - 862ec94c-cd2d-47b3-b563-7d6c2816cb58: start LeaderState
2019-09-26 16:53:53,718 [pool-47-thread-1] INFO  impl.RaftServerImpl (ServerState.java:<init>(103)) - 579334d3-7c10-42f4-b10c-e6c2267ece25@group-C91694E883F7: ConfigurationManager, init=-1: [579334d3-7c10-42f4-b10c-e6c2267ece25:192.168.151.99:34131], old=null, confs=<EMPTY_MAP>
2019-09-26 16:53:53,719 [862ec94c-cd2d-47b3-b563-7d6c2816cb58@group-30CD5A3A4D1D:LeaderElection3] INFO  segmented.SegmentedRaftLogWorker (SegmentedRaftLogWorker.java:startLogSegment(380)) - 862ec94c-cd2d-47b3-b563-7d6c2816cb58@group-30CD5A3A4D1D-SegmentedRaftLogWorker: Starting segment from index:0
2019-09-26 16:53:53,719 [pool-47-thread-1] INFO  server.RaftServerConfigKeys (ConfUtils.java:logGet(43)) - raft.server.storage.dir = [/workdir/hadoop-ozone/integration-test/target/test-dir/MiniOzoneClusterImpl-fdc3d401-fab1-4968-a84f-12bf762e2bbf/datanode-2/data/ratis] (custom)
2019-09-26 16:53:53,719 [862ec94c-cd2d-47b3-b563-7d6c2816cb58@group-3F7CF6546C0D:LeaderElection5] INFO  impl.RoleInfo (RoleInfo.java:updateAndGet(143)) - 862ec94c-cd2d-47b3-b563-7d6c2816cb58: start LeaderState
2019-09-26 16:53:53,719 [862ec94c-cd2d-47b3-b563-7d6c2816cb58@group-3F7CF6546C0D:LeaderElection5] INFO  segmented.SegmentedRaftLogWorker (SegmentedRaftLogWorker.java:startLogSegment(380)) - 862ec94c-cd2d-47b3-b563-7d6c2816cb58@group-3F7CF6546C0D-SegmentedRaftLogWorker: Starting segment from index:0
2019-09-26 16:53:53,719 [d17cca1b-2e6b-48b2-8b1c-3559490fa529@group-6FBDCDA295B7:LeaderElection2] INFO  impl.RoleInfo (RoleInfo.java:updateAndGet(143)) - d17cca1b-2e6b-48b2-8b1c-3559490fa529: start LeaderState
2019-09-26 16:53:53,719 [5160ea40-cc48-41a9-a1d1-1151a36e77d8@group-34D384457479:LeaderElection4] INFO  impl.RoleInfo (RoleInfo.java:updateAndGet(143)) - 5160ea40-cc48-41a9-a1d1-1151a36e77d8: start LeaderState
2019-09-26 16:53:53,720 [pool-47-thread-1] INFO  storage.RaftStorageDirectory (RaftStorageDirectory.java:analyzeStorage(246)) - The storage directory /workdir/hadoop-ozone/integration-test/target/test-dir/MiniOzoneClusterImpl-fdc3d401-fab1-4968-a84f-12bf762e2bbf/datanode-2/data/ratis/154ba0eb-0cd5-4e48-8ae3-c91694e883f7 does not exist. Creating ...
2019-09-26 16:53:53,720 [5160ea40-cc48-41a9-a1d1-1151a36e77d8@group-34D384457479:LeaderElection4] INFO  segmented.SegmentedRaftLogWorker (SegmentedRaftLogWorker.java:startLogSegment(380)) - 5160ea40-cc48-41a9-a1d1-1151a36e77d8@group-34D384457479-SegmentedRaftLogWorker: Starting segment from index:0
2019-09-26 16:53:53,720 [d17cca1b-2e6b-48b2-8b1c-3559490fa529@group-6FBDCDA295B7:LeaderElection2] INFO  segmented.SegmentedRaftLogWorker (SegmentedRaftLogWorker.java:startLogSegment(380)) - d17cca1b-2e6b-48b2-8b1c-3559490fa529@group-6FBDCDA295B7-SegmentedRaftLogWorker: Starting segment from index:0
2019-09-26 16:53:53,722 [deac9605-e739-4d95-8360-f57df793faca@group-7D5DBA380806:LeaderElection1] INFO  impl.RaftServerImpl (ServerState.java:setRaftConf(354)) - deac9605-e739-4d95-8360-f57df793faca@group-7D5DBA380806: set configuration 0: [deac9605-e739-4d95-8360-f57df793faca:192.168.151.99:46601], old=null at 0
2019-09-26 16:53:53,722 [d17cca1b-2e6b-48b2-8b1c-3559490fa529@group-6FBDCDA295B7:LeaderElection2] INFO  impl.RaftServerImpl (ServerState.java:setRaftConf(354)) - d17cca1b-2e6b-48b2-8b1c-3559490fa529@group-6FBDCDA295B7: set configuration 0: [d17cca1b-2e6b-48b2-8b1c-3559490fa529:192.168.151.99:40714], old=null at 0
2019-09-26 16:53:53,722 [862ec94c-cd2d-47b3-b563-7d6c2816cb58@group-3F7CF6546C0D:LeaderElection5] INFO  impl.RaftServerImpl (ServerState.java:setRaftConf(354)) - 862ec94c-cd2d-47b3-b563-7d6c2816cb58@group-3F7CF6546C0D: set configuration 0: [862ec94c-cd2d-47b3-b563-7d6c2816cb58:192.168.151.99:36916], old=null at 0
2019-09-26 16:53:53,722 [5160ea40-cc48-41a9-a1d1-1151a36e77d8@group-34D384457479:LeaderElection4] INFO  impl.RaftServerImpl (ServerState.java:setRaftConf(354)) - 5160ea40-cc48-41a9-a1d1-1151a36e77d8@group-34D384457479: set configuration 0: [5160ea40-cc48-41a9-a1d1-1151a36e77d8:192.168.151.99:45356], old=null at 0
2019-09-26 16:53:53,722 [862ec94c-cd2d-47b3-b563-7d6c2816cb58@group-30CD5A3A4D1D:LeaderElection3] INFO  impl.RaftServerImpl (ServerState.java:setRaftConf(354)) - 862ec94c-cd2d-47b3-b563-7d6c2816cb58@group-30CD5A3A4D1D: set configuration 0: [862ec94c-cd2d-47b3-b563-7d6c2816cb58:192.168.151.99:36916], old=null at 0
2019-09-26 16:53:53,733 [pool-47-thread-1] INFO  storage.RaftStorageDirectory (RaftStorageDirectory.java:tryLock(328)) - Lock on /workdir/hadoop-ozone/integration-test/target/test-dir/MiniOzoneClusterImpl-fdc3d401-fab1-4968-a84f-12bf762e2bbf/datanode-2/data/ratis/154ba0eb-0cd5-4e48-8ae3-c91694e883f7/in_use.lock acquired by nodename 15096@pr-hdds-1569-g6sp5-2013761785
2019-09-26 16:53:53,760 [pool-47-thread-1] INFO  storage.RaftStorage (RaftStorage.java:format(72)) - Storage directory /workdir/hadoop-ozone/integration-test/target/test-dir/MiniOzoneClusterImpl-fdc3d401-fab1-4968-a84f-12bf762e2bbf/datanode-2/data/ratis/154ba0eb-0cd5-4e48-8ae3-c91694e883f7 has been successfully formatted.
2019-09-26 16:53:53,760 [pool-47-thread-1] INFO  ratis.ContainerStateMachine (ContainerStateMachine.java:loadSnapshot(230)) - group-C91694E883F7: The snapshot info is null. Setting the last applied indexto:(t:0, i:~)
2019-09-26 16:53:53,760 [pool-47-thread-1] INFO  server.RaftServerConfigKeys (ConfUtils.java:logGet(43)) - raft.server.notification.no-leader.timeout = 120s (custom)
2019-09-26 16:53:53,761 [pool-47-thread-1] INFO  server.RaftServerConfigKeys (ConfUtils.java:logGet(43)) - raft.server.log.use.memory = false (default)
2019-09-26 16:53:53,761 [pool-47-thread-1] INFO  server.RaftServerConfigKeys (ConfUtils.java:logGet(43)) - raft.server.log.purge.gap = 1000000 (custom)
2019-09-26 16:53:53,761 [pool-47-thread-1] INFO  server.RaftServerConfigKeys (ConfUtils.java:logGet(43)) - raft.server.log.appender.buffer.byte-limit = 33554432 (custom)
2019-09-26 16:53:53,761 [pool-47-thread-1] INFO  server.RaftServerConfigKeys (ConfUtils.java:logGet(43)) - raft.server.log.segment.size.max = 1048576 (custom)
2019-09-26 16:53:53,761 [pool-47-thread-1] INFO  server.RaftServerConfigKeys (ConfUtils.java:logGet(43)) - raft.server.log.segment.cache.num.max = 2 (custom)
2019-09-26 16:53:53,761 [pool-47-thread-1] INFO  segmented.SegmentedRaftLogWorker (SegmentedRaftLogWorker.java:<init>(172)) - new 579334d3-7c10-42f4-b10c-e6c2267ece25@group-C91694E883F7-SegmentedRaftLogWorker for RaftStorage:Storage Directory /workdir/hadoop-ozone/integration-test/target/test-dir/MiniOzoneClusterImpl-fdc3d401-fab1-4968-a84f-12bf762e2bbf/datanode-2/data/ratis/154ba0eb-0cd5-4e48-8ae3-c91694e883f7
2019-09-26 16:53:53,761 [pool-47-thread-1] INFO  server.RaftServerConfigKeys (ConfUtils.java:logGet(43)) - raft.server.log.queue.byte-limit = 2147483647 (custom)
2019-09-26 16:53:53,762 [pool-47-thread-1] INFO  server.RaftServerConfigKeys (ConfUtils.java:logGet(43)) - raft.server.log.queue.element-limit = 1024 (custom)
2019-09-26 16:53:53,762 [pool-47-thread-1] INFO  server.RaftServerConfigKeys (ConfUtils.java:logGet(43)) - raft.server.log.segment.size.max = 1048576 (custom)
2019-09-26 16:53:53,762 [pool-47-thread-1] INFO  server.RaftServerConfigKeys (ConfUtils.java:logGet(43)) - raft.server.log.preallocated.size = 16384 (custom)
2019-09-26 16:53:53,762 [pool-47-thread-1] INFO  server.RaftServerConfigKeys (ConfUtils.java:logGet(43)) - raft.server.log.write.buffer.size = 33554432 (custom)
2019-09-26 16:53:53,762 [pool-47-thread-1] INFO  server.RaftServerConfigKeys (ConfUtils.java:logGet(43)) - raft.server.log.force.sync.num = 128 (default)
2019-09-26 16:53:53,762 [pool-47-thread-1] INFO  server.RaftServerConfigKeys (ConfUtils.java:logGet(43)) - raft.server.log.statemachine.data.sync = true (default)
2019-09-26 16:53:53,762 [pool-47-thread-1] INFO  server.RaftServerConfigKeys (ConfUtils.java:logGet(43)) - raft.server.log.statemachine.data.sync.timeout = 10s (default)
2019-09-26 16:53:53,763 [pool-47-thread-1] INFO  server.RaftServerConfigKeys (ConfUtils.java:logGet(43)) - raft.server.log.statemachine.data.sync.timeout.retry = -1 (default)
2019-09-26 16:53:53,763 [pool-47-thread-1] INFO  server.RaftServerConfigKeys (ConfUtils.java:logGet(43)) - raft.server.log.statemachine.data.caching.enabled = true (custom)
2019-09-26 16:53:53,763 [pool-47-thread-1] INFO  segmented.SegmentedRaftLogWorker (SegmentedRaftLogWorker.java:lambda$new$0(132)) - 579334d3-7c10-42f4-b10c-e6c2267ece25@group-C91694E883F7-SegmentedRaftLogWorker: flushIndex: setUnconditionally 0 -> -1
2019-09-26 16:53:53,763 [pool-47-thread-1] INFO  server.RaftServerConfigKeys (ConfUtils.java:logGet(43)) - raft.server.snapshot.auto.trigger.enabled = true (custom)
2019-09-26 16:53:53,764 [pool-47-thread-1] INFO  server.RaftServerConfigKeys (ConfUtils.java:logGet(43)) - raft.server.snapshot.auto.trigger.threshold = 10000 (custom)
2019-09-26 16:53:53,764 [pool-47-thread-1] INFO  server.RaftServerConfigKeys (ConfUtils.java:logGet(43)) - raft.server.snapshot.retention.num.files = 5 (custom)
2019-09-26 16:53:53,764 [pool-47-thread-1] INFO  server.RaftServerConfigKeys (ConfUtils.java:logGet(43)) - raft.server.retrycache.expirytime = 600000ms (custom)
2019-09-26 16:53:53,766 [pool-47-thread-1] INFO  impl.RaftServerImpl (RaftServerImpl.java:start(185)) - 579334d3-7c10-42f4-b10c-e6c2267ece25@group-C91694E883F7: start as a follower, conf=-1: [579334d3-7c10-42f4-b10c-e6c2267ece25:192.168.151.99:34131], old=null
2019-09-26 16:53:53,766 [pool-47-thread-1] INFO  impl.RaftServerImpl (RaftServerImpl.java:setRole(174)) - 579334d3-7c10-42f4-b10c-e6c2267ece25@group-C91694E883F7: changes role from      null to FOLLOWER at term 0 for startAsFollower
2019-09-26 16:53:53,766 [pool-47-thread-1] INFO  impl.RoleInfo (RoleInfo.java:updateAndGet(143)) - 579334d3-7c10-42f4-b10c-e6c2267ece25: start FollowerState
2019-09-26 16:53:53,767 [pool-47-thread-1] INFO  util.JmxRegister (JmxRegister.java:tryRegister(44)) - Successfully registered JMX Bean with object name Ratis:service=RaftServer,group=group-C91694E883F7,id=579334d3-7c10-42f4-b10c-e6c2267ece25
2019-09-26 16:53:53,770 [RatisPipelineUtilsThread] INFO  pipeline.PipelineStateManager (PipelineStateManager.java:addPipeline(56)) - Created pipeline Pipeline[ Id: 154ba0eb-0cd5-4e48-8ae3-c91694e883f7, Nodes: 579334d3-7c10-42f4-b10c-e6c2267ece25{ip: 192.168.151.99, host: pr-hdds-1569-g6sp5-2013761785, networkLocation: /default-rack, certSerialId: null}, Type:RATIS, Factor:ONE, State:OPEN]
2019-09-26 16:53:53,775 [grpc-default-executor-1] INFO  impl.RaftServerProxy (RaftServerProxy.java:addNew(89)) - 5160ea40-cc48-41a9-a1d1-1151a36e77d8: addNew group-786C9481136A:[5160ea40-cc48-41a9-a1d1-1151a36e77d8:192.168.151.99:45356] returns group-786C9481136A:java.util.concurrent.CompletableFuture@62b1f039[Not completed]
2019-09-26 16:53:53,776 [pool-57-thread-1] INFO  impl.RaftServerImpl (RaftServerImpl.java:<init>(95)) - 5160ea40-cc48-41a9-a1d1-1151a36e77d8: new RaftServerImpl for group-786C9481136A:[5160ea40-cc48-41a9-a1d1-1151a36e77d8:192.168.151.99:45356] with ContainerStateMachine:uninitialized
2019-09-26 16:53:53,776 [pool-57-thread-1] INFO  server.RaftServerConfigKeys (ConfUtils.java:logGet(43)) - raft.server.rpc.timeout.min = 5s (custom)
2019-09-26 16:53:53,777 [pool-57-thread-1] INFO  server.RaftServerConfigKeys (ConfUtils.java:logGet(43)) - raft.server.rpc.timeout.max = 5200ms (custom)
2019-09-26 16:53:53,777 [pool-57-thread-1] INFO  server.RaftServerConfigKeys (ConfUtils.java:logGet(43)) - raft.server.rpcslowness.timeout = 120s (custom)
2019-09-26 16:53:53,777 [pool-57-thread-1] INFO  server.RaftServerConfigKeys (ConfUtils.java:logGet(43)) - raft.server.sleep.deviation.threshold = 300 (default)
2019-09-26 16:53:53,777 [pool-57-thread-1] INFO  server.RaftServerConfigKeys (ConfUtils.java:logGet(43)) - raft.server.log.appender.install.snapshot.enabled = false (custom)
2019-09-26 16:53:53,777 [pool-57-thread-1] INFO  impl.RaftServerImpl (ServerState.java:<init>(103)) - 5160ea40-cc48-41a9-a1d1-1151a36e77d8@group-786C9481136A: ConfigurationManager, init=-1: [5160ea40-cc48-41a9-a1d1-1151a36e77d8:192.168.151.99:45356], old=null, confs=<EMPTY_MAP>
2019-09-26 16:53:53,778 [pool-57-thread-1] INFO  server.RaftServerConfigKeys (ConfUtils.java:logGet(43)) - raft.server.storage.dir = [/workdir/hadoop-ozone/integration-test/target/test-dir/MiniOzoneClusterImpl-fdc3d401-fab1-4968-a84f-12bf762e2bbf/datanode-3/data/ratis] (custom)
2019-09-26 16:53:53,778 [pool-57-thread-1] INFO  storage.RaftStorageDirectory (RaftStorageDirectory.java:analyzeStorage(246)) - The storage directory /workdir/hadoop-ozone/integration-test/target/test-dir/MiniOzoneClusterImpl-fdc3d401-fab1-4968-a84f-12bf762e2bbf/datanode-3/data/ratis/6ed9a95b-fc90-4891-b665-786c9481136a does not exist. Creating ...
2019-09-26 16:53:53,791 [pool-57-thread-1] INFO  storage.RaftStorageDirectory (RaftStorageDirectory.java:tryLock(328)) - Lock on /workdir/hadoop-ozone/integration-test/target/test-dir/MiniOzoneClusterImpl-fdc3d401-fab1-4968-a84f-12bf762e2bbf/datanode-3/data/ratis/6ed9a95b-fc90-4891-b665-786c9481136a/in_use.lock acquired by nodename 15096@pr-hdds-1569-g6sp5-2013761785
2019-09-26 16:53:53,805 [pool-57-thread-1] INFO  storage.RaftStorage (RaftStorage.java:format(72)) - Storage directory /workdir/hadoop-ozone/integration-test/target/test-dir/MiniOzoneClusterImpl-fdc3d401-fab1-4968-a84f-12bf762e2bbf/datanode-3/data/ratis/6ed9a95b-fc90-4891-b665-786c9481136a has been successfully formatted.
2019-09-26 16:53:53,805 [pool-57-thread-1] INFO  ratis.ContainerStateMachine (ContainerStateMachine.java:loadSnapshot(230)) - group-786C9481136A: The snapshot info is null. Setting the last applied indexto:(t:0, i:~)
2019-09-26 16:53:53,805 [pool-57-thread-1] INFO  server.RaftServerConfigKeys (ConfUtils.java:logGet(43)) - raft.server.notification.no-leader.timeout = 120s (custom)
2019-09-26 16:53:53,805 [pool-57-thread-1] INFO  server.RaftServerConfigKeys (ConfUtils.java:logGet(43)) - raft.server.log.use.memory = false (default)
2019-09-26 16:53:53,805 [pool-57-thread-1] INFO  server.RaftServerConfigKeys (ConfUtils.java:logGet(43)) - raft.server.log.purge.gap = 1000000 (custom)
2019-09-26 16:53:53,805 [pool-57-thread-1] INFO  server.RaftServerConfigKeys (ConfUtils.java:logGet(43)) - raft.server.log.appender.buffer.byte-limit = 33554432 (custom)
2019-09-26 16:53:53,806 [pool-57-thread-1] INFO  server.RaftServerConfigKeys (ConfUtils.java:logGet(43)) - raft.server.log.segment.size.max = 1048576 (custom)
2019-09-26 16:53:53,806 [pool-57-thread-1] INFO  server.RaftServerConfigKeys (ConfUtils.java:logGet(43)) - raft.server.log.segment.cache.num.max = 2 (custom)
2019-09-26 16:53:53,806 [pool-57-thread-1] INFO  segmented.SegmentedRaftLogWorker (SegmentedRaftLogWorker.java:<init>(172)) - new 5160ea40-cc48-41a9-a1d1-1151a36e77d8@group-786C9481136A-SegmentedRaftLogWorker for RaftStorage:Storage Directory /workdir/hadoop-ozone/integration-test/target/test-dir/MiniOzoneClusterImpl-fdc3d401-fab1-4968-a84f-12bf762e2bbf/datanode-3/data/ratis/6ed9a95b-fc90-4891-b665-786c9481136a
2019-09-26 16:53:53,806 [pool-57-thread-1] INFO  server.RaftServerConfigKeys (ConfUtils.java:logGet(43)) - raft.server.log.queue.byte-limit = 2147483647 (custom)
2019-09-26 16:53:53,806 [pool-57-thread-1] INFO  server.RaftServerConfigKeys (ConfUtils.java:logGet(43)) - raft.server.log.queue.element-limit = 1024 (custom)
2019-09-26 16:53:53,807 [pool-57-thread-1] INFO  server.RaftServerConfigKeys (ConfUtils.java:logGet(43)) - raft.server.log.segment.size.max = 1048576 (custom)
2019-09-26 16:53:53,807 [pool-57-thread-1] INFO  server.RaftServerConfigKeys (ConfUtils.java:logGet(43)) - raft.server.log.preallocated.size = 16384 (custom)
2019-09-26 16:53:53,807 [pool-57-thread-1] INFO  server.RaftServerConfigKeys (ConfUtils.java:logGet(43)) - raft.server.log.write.buffer.size = 33554432 (custom)
2019-09-26 16:53:53,807 [pool-57-thread-1] INFO  server.RaftServerConfigKeys (ConfUtils.java:logGet(43)) - raft.server.log.force.sync.num = 128 (default)
2019-09-26 16:53:53,807 [pool-57-thread-1] INFO  server.RaftServerConfigKeys (ConfUtils.java:logGet(43)) - raft.server.log.statemachine.data.sync = true (default)
2019-09-26 16:53:53,807 [pool-57-thread-1] INFO  server.RaftServerConfigKeys (ConfUtils.java:logGet(43)) - raft.server.log.statemachine.data.sync.timeout = 10s (default)
2019-09-26 16:53:53,807 [pool-57-thread-1] INFO  server.RaftServerConfigKeys (ConfUtils.java:logGet(43)) - raft.server.log.statemachine.data.sync.timeout.retry = -1 (default)
2019-09-26 16:53:53,808 [pool-57-thread-1] INFO  server.RaftServerConfigKeys (ConfUtils.java:logGet(43)) - raft.server.log.statemachine.data.caching.enabled = true (custom)
2019-09-26 16:53:53,808 [pool-57-thread-1] INFO  segmented.SegmentedRaftLogWorker (SegmentedRaftLogWorker.java:lambda$new$0(132)) - 5160ea40-cc48-41a9-a1d1-1151a36e77d8@group-786C9481136A-SegmentedRaftLogWorker: flushIndex: setUnconditionally 0 -> -1
2019-09-26 16:53:53,808 [pool-57-thread-1] INFO  server.RaftServerConfigKeys (ConfUtils.java:logGet(43)) - raft.server.snapshot.auto.trigger.enabled = true (custom)
2019-09-26 16:53:53,809 [pool-57-thread-1] INFO  server.RaftServerConfigKeys (ConfUtils.java:logGet(43)) - raft.server.snapshot.auto.trigger.threshold = 10000 (custom)
2019-09-26 16:53:53,809 [pool-57-thread-1] INFO  server.RaftServerConfigKeys (ConfUtils.java:logGet(43)) - raft.server.snapshot.retention.num.files = 5 (custom)
2019-09-26 16:53:53,809 [pool-57-thread-1] INFO  server.RaftServerConfigKeys (ConfUtils.java:logGet(43)) - raft.server.retrycache.expirytime = 600000ms (custom)
2019-09-26 16:53:53,811 [pool-57-thread-1] INFO  impl.RaftServerImpl (RaftServerImpl.java:start(185)) - 5160ea40-cc48-41a9-a1d1-1151a36e77d8@group-786C9481136A: start as a follower, conf=-1: [5160ea40-cc48-41a9-a1d1-1151a36e77d8:192.168.151.99:45356], old=null
2019-09-26 16:53:53,811 [pool-57-thread-1] INFO  impl.RaftServerImpl (RaftServerImpl.java:setRole(174)) - 5160ea40-cc48-41a9-a1d1-1151a36e77d8@group-786C9481136A: changes role from      null to FOLLOWER at term 0 for startAsFollower
2019-09-26 16:53:53,811 [pool-57-thread-1] INFO  impl.RoleInfo (RoleInfo.java:updateAndGet(143)) - 5160ea40-cc48-41a9-a1d1-1151a36e77d8: start FollowerState
2019-09-26 16:53:53,812 [pool-57-thread-1] INFO  util.JmxRegister (JmxRegister.java:tryRegister(44)) - Successfully registered JMX Bean with object name Ratis:service=RaftServer,group=group-786C9481136A,id=5160ea40-cc48-41a9-a1d1-1151a36e77d8
2019-09-26 16:53:53,814 [RatisPipelineUtilsThread] INFO  pipeline.PipelineStateManager (PipelineStateManager.java:addPipeline(56)) - Created pipeline Pipeline[ Id: 6ed9a95b-fc90-4891-b665-786c9481136a, Nodes: 5160ea40-cc48-41a9-a1d1-1151a36e77d8{ip: 192.168.151.99, host: pr-hdds-1569-g6sp5-2013761785, networkLocation: /default-rack, certSerialId: null}, Type:RATIS, Factor:ONE, State:OPEN]
2019-09-26 16:53:53,819 [grpc-default-executor-1] INFO  impl.RaftServerProxy (RaftServerProxy.java:addNew(89)) - 862ec94c-cd2d-47b3-b563-7d6c2816cb58: addNew group-9787CA851A74:[862ec94c-cd2d-47b3-b563-7d6c2816cb58:192.168.151.99:36916] returns group-9787CA851A74:java.util.concurrent.CompletableFuture@dc977ad[Not completed]
2019-09-26 16:53:53,820 [pool-67-thread-1] INFO  impl.RaftServerImpl (RaftServerImpl.java:<init>(95)) - 862ec94c-cd2d-47b3-b563-7d6c2816cb58: new RaftServerImpl for group-9787CA851A74:[862ec94c-cd2d-47b3-b563-7d6c2816cb58:192.168.151.99:36916] with ContainerStateMachine:uninitialized
2019-09-26 16:53:53,820 [pool-67-thread-1] INFO  server.RaftServerConfigKeys (ConfUtils.java:logGet(43)) - raft.server.rpc.timeout.min = 5s (custom)
2019-09-26 16:53:53,821 [pool-67-thread-1] INFO  server.RaftServerConfigKeys (ConfUtils.java:logGet(43)) - raft.server.rpc.timeout.max = 5200ms (custom)
2019-09-26 16:53:53,821 [pool-67-thread-1] INFO  server.RaftServerConfigKeys (ConfUtils.java:logGet(43)) - raft.server.rpcslowness.timeout = 120s (custom)
2019-09-26 16:53:53,821 [pool-67-thread-1] INFO  server.RaftServerConfigKeys (ConfUtils.java:logGet(43)) - raft.server.sleep.deviation.threshold = 300 (default)
2019-09-26 16:53:53,821 [pool-67-thread-1] INFO  server.RaftServerConfigKeys (ConfUtils.java:logGet(43)) - raft.server.log.appender.install.snapshot.enabled = false (custom)
2019-09-26 16:53:53,821 [pool-67-thread-1] INFO  impl.RaftServerImpl (ServerState.java:<init>(103)) - 862ec94c-cd2d-47b3-b563-7d6c2816cb58@group-9787CA851A74: ConfigurationManager, init=-1: [862ec94c-cd2d-47b3-b563-7d6c2816cb58:192.168.151.99:36916], old=null, confs=<EMPTY_MAP>
2019-09-26 16:53:53,821 [pool-67-thread-1] INFO  server.RaftServerConfigKeys (ConfUtils.java:logGet(43)) - raft.server.storage.dir = [/workdir/hadoop-ozone/integration-test/target/test-dir/MiniOzoneClusterImpl-fdc3d401-fab1-4968-a84f-12bf762e2bbf/datanode-4/data/ratis] (custom)
2019-09-26 16:53:53,822 [pool-67-thread-1] INFO  storage.RaftStorageDirectory (RaftStorageDirectory.java:analyzeStorage(246)) - The storage directory /workdir/hadoop-ozone/integration-test/target/test-dir/MiniOzoneClusterImpl-fdc3d401-fab1-4968-a84f-12bf762e2bbf/datanode-4/data/ratis/e23002a0-a75c-4b47-9507-9787ca851a74 does not exist. Creating ...
2019-09-26 16:53:53,829 [Thread-258] INFO  impl.FollowerState (FollowerState.java:run(106)) - 579334d3-7c10-42f4-b10c-e6c2267ece25:group-3F50F338980D changes to CANDIDATE, lastRpcTime:5044, electionTimeout:5044ms
2019-09-26 16:53:53,830 [Thread-258] INFO  impl.RoleInfo (RoleInfo.java:shutdownFollowerState(121)) - 579334d3-7c10-42f4-b10c-e6c2267ece25: shutdown FollowerState
2019-09-26 16:53:53,830 [Thread-258] INFO  impl.RaftServerImpl (RaftServerImpl.java:setRole(174)) - 579334d3-7c10-42f4-b10c-e6c2267ece25@group-3F50F338980D: changes role from  FOLLOWER to CANDIDATE at term 0 for changeToCandidate
2019-09-26 16:53:53,830 [Thread-258] INFO  impl.RoleInfo (RoleInfo.java:updateAndGet(143)) - 579334d3-7c10-42f4-b10c-e6c2267ece25: start LeaderElection
2019-09-26 16:53:53,835 [pool-67-thread-1] INFO  storage.RaftStorageDirectory (RaftStorageDirectory.java:tryLock(328)) - Lock on /workdir/hadoop-ozone/integration-test/target/test-dir/MiniOzoneClusterImpl-fdc3d401-fab1-4968-a84f-12bf762e2bbf/datanode-4/data/ratis/e23002a0-a75c-4b47-9507-9787ca851a74/in_use.lock acquired by nodename 15096@pr-hdds-1569-g6sp5-2013761785
2019-09-26 16:53:53,849 [pool-67-thread-1] INFO  storage.RaftStorage (RaftStorage.java:format(72)) - Storage directory /workdir/hadoop-ozone/integration-test/target/test-dir/MiniOzoneClusterImpl-fdc3d401-fab1-4968-a84f-12bf762e2bbf/datanode-4/data/ratis/e23002a0-a75c-4b47-9507-9787ca851a74 has been successfully formatted.
2019-09-26 16:53:53,849 [579334d3-7c10-42f4-b10c-e6c2267ece25@group-3F50F338980D:LeaderElection6] INFO  impl.LeaderElection (LeaderElection.java:askForVotes(182)) - 579334d3-7c10-42f4-b10c-e6c2267ece25@group-3F50F338980D:LeaderElection6: begin an election at term 1 for -1: [579334d3-7c10-42f4-b10c-e6c2267ece25:192.168.151.99:34131], old=null
2019-09-26 16:53:53,850 [pool-67-thread-1] INFO  ratis.ContainerStateMachine (ContainerStateMachine.java:loadSnapshot(230)) - group-9787CA851A74: The snapshot info is null. Setting the last applied indexto:(t:0, i:~)
2019-09-26 16:53:53,850 [579334d3-7c10-42f4-b10c-e6c2267ece25@group-3F50F338980D:LeaderElection6] INFO  impl.RoleInfo (RoleInfo.java:shutdownLeaderElection(134)) - 579334d3-7c10-42f4-b10c-e6c2267ece25: shutdown LeaderElection
2019-09-26 16:53:53,850 [pool-67-thread-1] INFO  server.RaftServerConfigKeys (ConfUtils.java:logGet(43)) - raft.server.notification.no-leader.timeout = 120s (custom)
2019-09-26 16:53:53,850 [579334d3-7c10-42f4-b10c-e6c2267ece25@group-3F50F338980D:LeaderElection6] INFO  impl.RaftServerImpl (RaftServerImpl.java:setRole(174)) - 579334d3-7c10-42f4-b10c-e6c2267ece25@group-3F50F338980D: changes role from CANDIDATE to LEADER at term 1 for changeToLeader
2019-09-26 16:53:53,850 [pool-67-thread-1] INFO  server.RaftServerConfigKeys (ConfUtils.java:logGet(43)) - raft.server.log.use.memory = false (default)
2019-09-26 16:53:53,850 [579334d3-7c10-42f4-b10c-e6c2267ece25@group-3F50F338980D:LeaderElection6] INFO  impl.RaftServerImpl (ServerState.java:setLeader(253)) - 579334d3-7c10-42f4-b10c-e6c2267ece25@group-3F50F338980D: change Leader from null to 579334d3-7c10-42f4-b10c-e6c2267ece25 at term 1 for becomeLeader, leader elected after 5078ms
2019-09-26 16:53:53,850 [pool-67-thread-1] INFO  server.RaftServerConfigKeys (ConfUtils.java:logGet(43)) - raft.server.log.purge.gap = 1000000 (custom)
2019-09-26 16:53:53,853 [579334d3-7c10-42f4-b10c-e6c2267ece25@group-3F50F338980D:LeaderElection6] INFO  server.RaftServerConfigKeys (ConfUtils.java:logGet(43)) - raft.server.staging.catchup.gap = 1000 (default)
2019-09-26 16:53:53,853 [pool-67-thread-1] INFO  server.RaftServerConfigKeys (ConfUtils.java:logGet(43)) - raft.server.log.appender.buffer.byte-limit = 33554432 (custom)
2019-09-26 16:53:53,853 [579334d3-7c10-42f4-b10c-e6c2267ece25@group-3F50F338980D:LeaderElection6] INFO  server.RaftServerConfigKeys (ConfUtils.java:logGet(43)) - raft.server.rpc.sleep.time = 25ms (default)
2019-09-26 16:53:53,854 [pool-67-thread-1] INFO  server.RaftServerConfigKeys (ConfUtils.java:logGet(43)) - raft.server.log.segment.size.max = 1048576 (custom)
2019-09-26 16:53:53,854 [579334d3-7c10-42f4-b10c-e6c2267ece25@group-3F50F338980D:LeaderElection6] INFO  server.RaftServerConfigKeys (ConfUtils.java:logGet(43)) - raft.server.write.element-limit = 4096 (default)
2019-09-26 16:53:53,854 [pool-67-thread-1] INFO  server.RaftServerConfigKeys (ConfUtils.java:logGet(43)) - raft.server.log.segment.cache.num.max = 2 (custom)
2019-09-26 16:53:53,854 [579334d3-7c10-42f4-b10c-e6c2267ece25@group-3F50F338980D:LeaderElection6] INFO  server.RaftServerConfigKeys (ConfUtils.java:logGet(43)) - raft.server.watch.timeout = 10s (default)
2019-09-26 16:53:53,854 [pool-67-thread-1] INFO  segmented.SegmentedRaftLogWorker (SegmentedRaftLogWorker.java:<init>(172)) - new 862ec94c-cd2d-47b3-b563-7d6c2816cb58@group-9787CA851A74-SegmentedRaftLogWorker for RaftStorage:Storage Directory /workdir/hadoop-ozone/integration-test/target/test-dir/MiniOzoneClusterImpl-fdc3d401-fab1-4968-a84f-12bf762e2bbf/datanode-4/data/ratis/e23002a0-a75c-4b47-9507-9787ca851a74
2019-09-26 16:53:53,854 [579334d3-7c10-42f4-b10c-e6c2267ece25@group-3F50F338980D:LeaderElection6] INFO  server.RaftServerConfigKeys (ConfUtils.java:logGet(43)) - raft.server.watch.timeout.denomination = 1s (default)
2019-09-26 16:53:53,855 [pool-67-thread-1] INFO  server.RaftServerConfigKeys (ConfUtils.java:logGet(43)) - raft.server.log.queue.byte-limit = 2147483647 (custom)
2019-09-26 16:53:53,855 [579334d3-7c10-42f4-b10c-e6c2267ece25@group-3F50F338980D:LeaderElection6] INFO  server.RaftServerConfigKeys (ConfUtils.java:logGet(43)) - raft.server.watch.element-limit = 65536 (default)
2019-09-26 16:53:53,855 [pool-67-thread-1] INFO  server.RaftServerConfigKeys (ConfUtils.java:logGet(43)) - raft.server.log.queue.element-limit = 1024 (custom)
2019-09-26 16:53:53,855 [pool-67-thread-1] INFO  server.RaftServerConfigKeys (ConfUtils.java:logGet(43)) - raft.server.log.segment.size.max = 1048576 (custom)
2019-09-26 16:53:53,855 [pool-67-thread-1] INFO  server.RaftServerConfigKeys (ConfUtils.java:logGet(43)) - raft.server.log.preallocated.size = 16384 (custom)
2019-09-26 16:53:53,855 [pool-67-thread-1] INFO  server.RaftServerConfigKeys (ConfUtils.java:logGet(43)) - raft.server.log.write.buffer.size = 33554432 (custom)
2019-09-26 16:53:53,856 [pool-67-thread-1] INFO  server.RaftServerConfigKeys (ConfUtils.java:logGet(43)) - raft.server.log.force.sync.num = 128 (default)
2019-09-26 16:53:53,856 [pool-67-thread-1] INFO  server.RaftServerConfigKeys (ConfUtils.java:logGet(43)) - raft.server.log.statemachine.data.sync = true (default)
2019-09-26 16:53:53,856 [pool-67-thread-1] INFO  server.RaftServerConfigKeys (ConfUtils.java:logGet(43)) - raft.server.log.statemachine.data.sync.timeout = 10s (default)
2019-09-26 16:53:53,856 [pool-67-thread-1] INFO  server.RaftServerConfigKeys (ConfUtils.java:logGet(43)) - raft.server.log.statemachine.data.sync.timeout.retry = -1 (default)
2019-09-26 16:53:53,856 [pool-67-thread-1] INFO  server.RaftServerConfigKeys (ConfUtils.java:logGet(43)) - raft.server.log.statemachine.data.caching.enabled = true (custom)
2019-09-26 16:53:53,857 [pool-67-thread-1] INFO  segmented.SegmentedRaftLogWorker (SegmentedRaftLogWorker.java:lambda$new$0(132)) - 862ec94c-cd2d-47b3-b563-7d6c2816cb58@group-9787CA851A74-SegmentedRaftLogWorker: flushIndex: setUnconditionally 0 -> -1
2019-09-26 16:53:53,857 [579334d3-7c10-42f4-b10c-e6c2267ece25@group-3F50F338980D:LeaderElection6] INFO  impl.RoleInfo (RoleInfo.java:updateAndGet(143)) - 579334d3-7c10-42f4-b10c-e6c2267ece25: start LeaderState
2019-09-26 16:53:53,857 [pool-67-thread-1] INFO  server.RaftServerConfigKeys (ConfUtils.java:logGet(43)) - raft.server.snapshot.auto.trigger.enabled = true (custom)
2019-09-26 16:53:53,858 [pool-67-thread-1] INFO  server.RaftServerConfigKeys (ConfUtils.java:logGet(43)) - raft.server.snapshot.auto.trigger.threshold = 10000 (custom)
2019-09-26 16:53:53,858 [579334d3-7c10-42f4-b10c-e6c2267ece25@group-3F50F338980D:LeaderElection6] INFO  segmented.SegmentedRaftLogWorker (SegmentedRaftLogWorker.java:startLogSegment(380)) - 579334d3-7c10-42f4-b10c-e6c2267ece25@group-3F50F338980D-SegmentedRaftLogWorker: Starting segment from index:0
2019-09-26 16:53:53,858 [pool-67-thread-1] INFO  server.RaftServerConfigKeys (ConfUtils.java:logGet(43)) - raft.server.snapshot.retention.num.files = 5 (custom)
2019-09-26 16:53:53,858 [pool-67-thread-1] INFO  server.RaftServerConfigKeys (ConfUtils.java:logGet(43)) - raft.server.retrycache.expirytime = 600000ms (custom)
2019-09-26 16:53:53,858 [579334d3-7c10-42f4-b10c-e6c2267ece25@group-3F50F338980D:LeaderElection6] INFO  impl.RaftServerImpl (ServerState.java:setRaftConf(354)) - 579334d3-7c10-42f4-b10c-e6c2267ece25@group-3F50F338980D: set configuration 0: [579334d3-7c10-42f4-b10c-e6c2267ece25:192.168.151.99:34131], old=null at 0
2019-09-26 16:53:53,863 [pool-67-thread-1] INFO  impl.RaftServerImpl (RaftServerImpl.java:start(185)) - 862ec94c-cd2d-47b3-b563-7d6c2816cb58@group-9787CA851A74: start as a follower, conf=-1: [862ec94c-cd2d-47b3-b563-7d6c2816cb58:192.168.151.99:36916], old=null
2019-09-26 16:53:53,863 [pool-67-thread-1] INFO  impl.RaftServerImpl (RaftServerImpl.java:setRole(174)) - 862ec94c-cd2d-47b3-b563-7d6c2816cb58@group-9787CA851A74: changes role from      null to FOLLOWER at term 0 for startAsFollower
2019-09-26 16:53:53,863 [pool-67-thread-1] INFO  impl.RoleInfo (RoleInfo.java:updateAndGet(143)) - 862ec94c-cd2d-47b3-b563-7d6c2816cb58: start FollowerState
2019-09-26 16:53:53,863 [pool-67-thread-1] INFO  util.JmxRegister (JmxRegister.java:tryRegister(44)) - Successfully registered JMX Bean with object name Ratis:service=RaftServer,group=group-9787CA851A74,id=862ec94c-cd2d-47b3-b563-7d6c2816cb58
2019-09-26 16:53:53,867 [RatisPipelineUtilsThread] INFO  pipeline.PipelineStateManager (PipelineStateManager.java:addPipeline(56)) - Created pipeline Pipeline[ Id: e23002a0-a75c-4b47-9507-9787ca851a74, Nodes: 862ec94c-cd2d-47b3-b563-7d6c2816cb58{ip: 192.168.151.99, host: pr-hdds-1569-g6sp5-2013761785, networkLocation: /default-rack, certSerialId: null}, Type:RATIS, Factor:ONE, State:OPEN]
2019-09-26 16:53:53,873 [grpc-default-executor-1] INFO  impl.RaftServerProxy (RaftServerProxy.java:addNew(89)) - 579334d3-7c10-42f4-b10c-e6c2267ece25: addNew group-B6B8FE2B0F73:[579334d3-7c10-42f4-b10c-e6c2267ece25:192.168.151.99:34131] returns group-B6B8FE2B0F73:java.util.concurrent.CompletableFuture@3551689c[Not completed]
2019-09-26 16:53:53,874 [pool-47-thread-1] INFO  impl.RaftServerImpl (RaftServerImpl.java:<init>(95)) - 579334d3-7c10-42f4-b10c-e6c2267ece25: new RaftServerImpl for group-B6B8FE2B0F73:[579334d3-7c10-42f4-b10c-e6c2267ece25:192.168.151.99:34131] with ContainerStateMachine:uninitialized
2019-09-26 16:53:53,874 [pool-47-thread-1] INFO  server.RaftServerConfigKeys (ConfUtils.java:logGet(43)) - raft.server.rpc.timeout.min = 5s (custom)
2019-09-26 16:53:53,875 [pool-47-thread-1] INFO  server.RaftServerConfigKeys (ConfUtils.java:logGet(43)) - raft.server.rpc.timeout.max = 5200ms (custom)
2019-09-26 16:53:53,875 [pool-47-thread-1] INFO  server.RaftServerConfigKeys (ConfUtils.java:logGet(43)) - raft.server.rpcslowness.timeout = 120s (custom)
2019-09-26 16:53:53,875 [pool-47-thread-1] INFO  server.RaftServerConfigKeys (ConfUtils.java:logGet(43)) - raft.server.sleep.deviation.threshold = 300 (default)
2019-09-26 16:53:53,875 [pool-47-thread-1] INFO  server.RaftServerConfigKeys (ConfUtils.java:logGet(43)) - raft.server.log.appender.install.snapshot.enabled = false (custom)
2019-09-26 16:53:53,875 [pool-47-thread-1] INFO  impl.RaftServerImpl (ServerState.java:<init>(103)) - 579334d3-7c10-42f4-b10c-e6c2267ece25@group-B6B8FE2B0F73: ConfigurationManager, init=-1: [579334d3-7c10-42f4-b10c-e6c2267ece25:192.168.151.99:34131], old=null, confs=<EMPTY_MAP>
2019-09-26 16:53:53,876 [pool-47-thread-1] INFO  server.RaftServerConfigKeys (ConfUtils.java:logGet(43)) - raft.server.storage.dir = [/workdir/hadoop-ozone/integration-test/target/test-dir/MiniOzoneClusterImpl-fdc3d401-fab1-4968-a84f-12bf762e2bbf/datanode-2/data/ratis] (custom)
2019-09-26 16:53:53,876 [pool-47-thread-1] INFO  storage.RaftStorageDirectory (RaftStorageDirectory.java:analyzeStorage(246)) - The storage directory /workdir/hadoop-ozone/integration-test/target/test-dir/MiniOzoneClusterImpl-fdc3d401-fab1-4968-a84f-12bf762e2bbf/datanode-2/data/ratis/bd6c62da-f342-4601-9af5-b6b8fe2b0f73 does not exist. Creating ...
2019-09-26 16:53:53,889 [Thread-255] INFO  impl.FollowerState (FollowerState.java:run(106)) - 5160ea40-cc48-41a9-a1d1-1151a36e77d8:group-9AA7E62547B0 changes to CANDIDATE, lastRpcTime:5197, electionTimeout:5197ms
2019-09-26 16:53:53,889 [Thread-255] INFO  impl.RoleInfo (RoleInfo.java:shutdownFollowerState(121)) - 5160ea40-cc48-41a9-a1d1-1151a36e77d8: shutdown FollowerState
2019-09-26 16:53:53,889 [Thread-255] INFO  impl.RaftServerImpl (RaftServerImpl.java:setRole(174)) - 5160ea40-cc48-41a9-a1d1-1151a36e77d8@group-9AA7E62547B0: changes role from  FOLLOWER to CANDIDATE at term 0 for changeToCandidate
2019-09-26 16:53:53,889 [Thread-255] INFO  impl.RoleInfo (RoleInfo.java:updateAndGet(143)) - 5160ea40-cc48-41a9-a1d1-1151a36e77d8: start LeaderElection
2019-09-26 16:53:53,901 [pool-47-thread-1] INFO  storage.RaftStorageDirectory (RaftStorageDirectory.java:tryLock(328)) - Lock on /workdir/hadoop-ozone/integration-test/target/test-dir/MiniOzoneClusterImpl-fdc3d401-fab1-4968-a84f-12bf762e2bbf/datanode-2/data/ratis/bd6c62da-f342-4601-9af5-b6b8fe2b0f73/in_use.lock acquired by nodename 15096@pr-hdds-1569-g6sp5-2013761785
2019-09-26 16:53:53,903 [5160ea40-cc48-41a9-a1d1-1151a36e77d8@group-9AA7E62547B0:LeaderElection7] INFO  impl.LeaderElection (LeaderElection.java:askForVotes(182)) - 5160ea40-cc48-41a9-a1d1-1151a36e77d8@group-9AA7E62547B0:LeaderElection7: begin an election at term 1 for -1: [5160ea40-cc48-41a9-a1d1-1151a36e77d8:192.168.151.99:45356], old=null
2019-09-26 16:53:53,903 [5160ea40-cc48-41a9-a1d1-1151a36e77d8@group-9AA7E62547B0:LeaderElection7] INFO  impl.RoleInfo (RoleInfo.java:shutdownLeaderElection(134)) - 5160ea40-cc48-41a9-a1d1-1151a36e77d8: shutdown LeaderElection
2019-09-26 16:53:53,904 [5160ea40-cc48-41a9-a1d1-1151a36e77d8@group-9AA7E62547B0:LeaderElection7] INFO  impl.RaftServerImpl (RaftServerImpl.java:setRole(174)) - 5160ea40-cc48-41a9-a1d1-1151a36e77d8@group-9AA7E62547B0: changes role from CANDIDATE to LEADER at term 1 for changeToLeader
2019-09-26 16:53:53,904 [5160ea40-cc48-41a9-a1d1-1151a36e77d8@group-9AA7E62547B0:LeaderElection7] INFO  impl.RaftServerImpl (ServerState.java:setLeader(253)) - 5160ea40-cc48-41a9-a1d1-1151a36e77d8@group-9AA7E62547B0: change Leader from null to 5160ea40-cc48-41a9-a1d1-1151a36e77d8 at term 1 for becomeLeader, leader elected after 5224ms
2019-09-26 16:53:53,904 [5160ea40-cc48-41a9-a1d1-1151a36e77d8@group-9AA7E62547B0:LeaderElection7] INFO  server.RaftServerConfigKeys (ConfUtils.java:logGet(43)) - raft.server.staging.catchup.gap = 1000 (default)
2019-09-26 16:53:53,904 [5160ea40-cc48-41a9-a1d1-1151a36e77d8@group-9AA7E62547B0:LeaderElection7] INFO  server.RaftServerConfigKeys (ConfUtils.java:logGet(43)) - raft.server.rpc.sleep.time = 25ms (default)
2019-09-26 16:53:53,904 [5160ea40-cc48-41a9-a1d1-1151a36e77d8@group-9AA7E62547B0:LeaderElection7] INFO  server.RaftServerConfigKeys (ConfUtils.java:logGet(43)) - raft.server.write.element-limit = 4096 (default)
2019-09-26 16:53:53,904 [5160ea40-cc48-41a9-a1d1-1151a36e77d8@group-9AA7E62547B0:LeaderElection7] INFO  server.RaftServerConfigKeys (ConfUtils.java:logGet(43)) - raft.server.watch.timeout = 10s (default)
2019-09-26 16:53:53,905 [5160ea40-cc48-41a9-a1d1-1151a36e77d8@group-9AA7E62547B0:LeaderElection7] INFO  server.RaftServerConfigKeys (ConfUtils.java:logGet(43)) - raft.server.watch.timeout.denomination = 1s (default)
2019-09-26 16:53:53,905 [5160ea40-cc48-41a9-a1d1-1151a36e77d8@group-9AA7E62547B0:LeaderElection7] INFO  server.RaftServerConfigKeys (ConfUtils.java:logGet(43)) - raft.server.watch.element-limit = 65536 (default)
2019-09-26 16:53:53,905 [pool-47-thread-1] INFO  storage.RaftStorage (RaftStorage.java:format(72)) - Storage directory /workdir/hadoop-ozone/integration-test/target/test-dir/MiniOzoneClusterImpl-fdc3d401-fab1-4968-a84f-12bf762e2bbf/datanode-2/data/ratis/bd6c62da-f342-4601-9af5-b6b8fe2b0f73 has been successfully formatted.
2019-09-26 16:53:53,906 [pool-47-thread-1] INFO  ratis.ContainerStateMachine (ContainerStateMachine.java:loadSnapshot(230)) - group-B6B8FE2B0F73: The snapshot info is null. Setting the last applied indexto:(t:0, i:~)
2019-09-26 16:53:53,906 [pool-47-thread-1] INFO  server.RaftServerConfigKeys (ConfUtils.java:logGet(43)) - raft.server.notification.no-leader.timeout = 120s (custom)
2019-09-26 16:53:53,906 [pool-47-thread-1] INFO  server.RaftServerConfigKeys (ConfUtils.java:logGet(43)) - raft.server.log.use.memory = false (default)
2019-09-26 16:53:53,906 [pool-47-thread-1] INFO  server.RaftServerConfigKeys (ConfUtils.java:logGet(43)) - raft.server.log.purge.gap = 1000000 (custom)
2019-09-26 16:53:53,906 [pool-47-thread-1] INFO  server.RaftServerConfigKeys (ConfUtils.java:logGet(43)) - raft.server.log.appender.buffer.byte-limit = 33554432 (custom)
2019-09-26 16:53:53,906 [pool-47-thread-1] INFO  server.RaftServerConfigKeys (ConfUtils.java:logGet(43)) - raft.server.log.segment.size.max = 1048576 (custom)
2019-09-26 16:53:53,907 [pool-47-thread-1] INFO  server.RaftServerConfigKeys (ConfUtils.java:logGet(43)) - raft.server.log.segment.cache.num.max = 2 (custom)
2019-09-26 16:53:53,907 [pool-47-thread-1] INFO  segmented.SegmentedRaftLogWorker (SegmentedRaftLogWorker.java:<init>(172)) - new 579334d3-7c10-42f4-b10c-e6c2267ece25@group-B6B8FE2B0F73-SegmentedRaftLogWorker for RaftStorage:Storage Directory /workdir/hadoop-ozone/integration-test/target/test-dir/MiniOzoneClusterImpl-fdc3d401-fab1-4968-a84f-12bf762e2bbf/datanode-2/data/ratis/bd6c62da-f342-4601-9af5-b6b8fe2b0f73
2019-09-26 16:53:53,907 [pool-47-thread-1] INFO  server.RaftServerConfigKeys (ConfUtils.java:logGet(43)) - raft.server.log.queue.byte-limit = 2147483647 (custom)
2019-09-26 16:53:53,907 [5160ea40-cc48-41a9-a1d1-1151a36e77d8@group-9AA7E62547B0:LeaderElection7] INFO  impl.RoleInfo (RoleInfo.java:updateAndGet(143)) - 5160ea40-cc48-41a9-a1d1-1151a36e77d8: start LeaderState
2019-09-26 16:53:53,907 [pool-47-thread-1] INFO  server.RaftServerConfigKeys (ConfUtils.java:logGet(43)) - raft.server.log.queue.element-limit = 1024 (custom)
2019-09-26 16:53:53,907 [Thread-261] INFO  impl.FollowerState (FollowerState.java:run(106)) - 4a469c34-60df-4173-8d32-715e2ce97f5d:group-4494F858D751 changes to CANDIDATE, lastRpcTime:5027, electionTimeout:5027ms
2019-09-26 16:53:53,907 [pool-47-thread-1] INFO  server.RaftServerConfigKeys (ConfUtils.java:logGet(43)) - raft.server.log.segment.size.max = 1048576 (custom)
2019-09-26 16:53:53,907 [5160ea40-cc48-41a9-a1d1-1151a36e77d8@group-9AA7E62547B0:LeaderElection7] INFO  segmented.SegmentedRaftLogWorker (SegmentedRaftLogWorker.java:startLogSegment(380)) - 5160ea40-cc48-41a9-a1d1-1151a36e77d8@group-9AA7E62547B0-SegmentedRaftLogWorker: Starting segment from index:0
2019-09-26 16:53:53,908 [pool-47-thread-1] INFO  server.RaftServerConfigKeys (ConfUtils.java:logGet(43)) - raft.server.log.preallocated.size = 16384 (custom)
2019-09-26 16:53:53,908 [Thread-261] INFO  impl.RoleInfo (RoleInfo.java:shutdownFollowerState(121)) - 4a469c34-60df-4173-8d32-715e2ce97f5d: shutdown FollowerState
2019-09-26 16:53:53,908 [pool-47-thread-1] INFO  server.RaftServerConfigKeys (ConfUtils.java:logGet(43)) - raft.server.log.write.buffer.size = 33554432 (custom)
2019-09-26 16:53:53,908 [5160ea40-cc48-41a9-a1d1-1151a36e77d8@group-9AA7E62547B0:LeaderElection7] INFO  impl.RaftServerImpl (ServerState.java:setRaftConf(354)) - 5160ea40-cc48-41a9-a1d1-1151a36e77d8@group-9AA7E62547B0: set configuration 0: [5160ea40-cc48-41a9-a1d1-1151a36e77d8:192.168.151.99:45356], old=null at 0
2019-09-26 16:53:53,908 [Thread-261] INFO  impl.RaftServerImpl (RaftServerImpl.java:setRole(174)) - 4a469c34-60df-4173-8d32-715e2ce97f5d@group-4494F858D751: changes role from  FOLLOWER to CANDIDATE at term 0 for changeToCandidate
2019-09-26 16:53:53,908 [pool-47-thread-1] INFO  server.RaftServerConfigKeys (ConfUtils.java:logGet(43)) - raft.server.log.force.sync.num = 128 (default)
2019-09-26 16:53:53,911 [Thread-261] INFO  impl.RoleInfo (RoleInfo.java:updateAndGet(143)) - 4a469c34-60df-4173-8d32-715e2ce97f5d: start LeaderElection
2019-09-26 16:53:53,911 [pool-47-thread-1] INFO  server.RaftServerConfigKeys (ConfUtils.java:logGet(43)) - raft.server.log.statemachine.data.sync = true (default)
2019-09-26 16:53:53,911 [pool-47-thread-1] INFO  server.RaftServerConfigKeys (ConfUtils.java:logGet(43)) - raft.server.log.statemachine.data.sync.timeout = 10s (default)
2019-09-26 16:53:53,913 [pool-47-thread-1] INFO  server.RaftServerConfigKeys (ConfUtils.java:logGet(43)) - raft.server.log.statemachine.data.sync.timeout.retry = -1 (default)
2019-09-26 16:53:53,917 [pool-47-thread-1] INFO  server.RaftServerConfigKeys (ConfUtils.java:logGet(43)) - raft.server.log.statemachine.data.caching.enabled = true (custom)
2019-09-26 16:53:53,918 [pool-47-thread-1] INFO  segmented.SegmentedRaftLogWorker (SegmentedRaftLogWorker.java:lambda$new$0(132)) - 579334d3-7c10-42f4-b10c-e6c2267ece25@group-B6B8FE2B0F73-SegmentedRaftLogWorker: flushIndex: setUnconditionally 0 -> -1
2019-09-26 16:53:53,918 [pool-47-thread-1] INFO  server.RaftServerConfigKeys (ConfUtils.java:logGet(43)) - raft.server.snapshot.auto.trigger.enabled = true (custom)
2019-09-26 16:53:53,918 [pool-47-thread-1] INFO  server.RaftServerConfigKeys (ConfUtils.java:logGet(43)) - raft.server.snapshot.auto.trigger.threshold = 10000 (custom)
2019-09-26 16:53:53,918 [pool-47-thread-1] INFO  server.RaftServerConfigKeys (ConfUtils.java:logGet(43)) - raft.server.snapshot.retention.num.files = 5 (custom)
2019-09-26 16:53:53,918 [pool-47-thread-1] INFO  server.RaftServerConfigKeys (ConfUtils.java:logGet(43)) - raft.server.retrycache.expirytime = 600000ms (custom)
2019-09-26 16:53:53,921 [pool-47-thread-1] INFO  impl.RaftServerImpl (RaftServerImpl.java:start(185)) - 579334d3-7c10-42f4-b10c-e6c2267ece25@group-B6B8FE2B0F73: start as a follower, conf=-1: [579334d3-7c10-42f4-b10c-e6c2267ece25:192.168.151.99:34131], old=null
2019-09-26 16:53:53,921 [pool-47-thread-1] INFO  impl.RaftServerImpl (RaftServerImpl.java:setRole(174)) - 579334d3-7c10-42f4-b10c-e6c2267ece25@group-B6B8FE2B0F73: changes role from      null to FOLLOWER at term 0 for startAsFollower
2019-09-26 16:53:53,921 [pool-47-thread-1] INFO  impl.RoleInfo (RoleInfo.java:updateAndGet(143)) - 579334d3-7c10-42f4-b10c-e6c2267ece25: start FollowerState
2019-09-26 16:53:53,921 [pool-47-thread-1] INFO  util.JmxRegister (JmxRegister.java:tryRegister(44)) - Successfully registered JMX Bean with object name Ratis:service=RaftServer,group=group-B6B8FE2B0F73,id=579334d3-7c10-42f4-b10c-e6c2267ece25
2019-09-26 16:53:53,924 [RatisPipelineUtilsThread] INFO  pipeline.PipelineStateManager (PipelineStateManager.java:addPipeline(56)) - Created pipeline Pipeline[ Id: bd6c62da-f342-4601-9af5-b6b8fe2b0f73, Nodes: 579334d3-7c10-42f4-b10c-e6c2267ece25{ip: 192.168.151.99, host: pr-hdds-1569-g6sp5-2013761785, networkLocation: /default-rack, certSerialId: null}, Type:RATIS, Factor:ONE, State:OPEN]
2019-09-26 16:53:53,930 [grpc-default-executor-1] INFO  impl.RaftServerProxy (RaftServerProxy.java:addNew(89)) - d17cca1b-2e6b-48b2-8b1c-3559490fa529: addNew group-0167F4A9536E:[d17cca1b-2e6b-48b2-8b1c-3559490fa529:192.168.151.99:40714] returns group-0167F4A9536E:java.util.concurrent.CompletableFuture@67b5b7bc[Not completed]
2019-09-26 16:53:53,930 [4a469c34-60df-4173-8d32-715e2ce97f5d@group-4494F858D751:LeaderElection8] INFO  impl.LeaderElection (LeaderElection.java:askForVotes(182)) - 4a469c34-60df-4173-8d32-715e2ce97f5d@group-4494F858D751:LeaderElection8: begin an election at term 1 for -1: [4a469c34-60df-4173-8d32-715e2ce97f5d:192.168.151.99:42442], old=null
2019-09-26 16:53:53,930 [4a469c34-60df-4173-8d32-715e2ce97f5d@group-4494F858D751:LeaderElection8] INFO  impl.RoleInfo (RoleInfo.java:shutdownLeaderElection(134)) - 4a469c34-60df-4173-8d32-715e2ce97f5d: shutdown LeaderElection
2019-09-26 16:53:53,930 [4a469c34-60df-4173-8d32-715e2ce97f5d@group-4494F858D751:LeaderElection8] INFO  impl.RaftServerImpl (RaftServerImpl.java:setRole(174)) - 4a469c34-60df-4173-8d32-715e2ce97f5d@group-4494F858D751: changes role from CANDIDATE to LEADER at term 1 for changeToLeader
2019-09-26 16:53:53,931 [4a469c34-60df-4173-8d32-715e2ce97f5d@group-4494F858D751:LeaderElection8] INFO  impl.RaftServerImpl (ServerState.java:setLeader(253)) - 4a469c34-60df-4173-8d32-715e2ce97f5d@group-4494F858D751: change Leader from null to 4a469c34-60df-4173-8d32-715e2ce97f5d at term 1 for becomeLeader, leader elected after 5061ms
2019-09-26 16:53:53,934 [4a469c34-60df-4173-8d32-715e2ce97f5d@group-4494F858D751:LeaderElection8] INFO  server.RaftServerConfigKeys (ConfUtils.java:logGet(43)) - raft.server.staging.catchup.gap = 1000 (default)
2019-09-26 16:53:53,934 [4a469c34-60df-4173-8d32-715e2ce97f5d@group-4494F858D751:LeaderElection8] INFO  server.RaftServerConfigKeys (ConfUtils.java:logGet(43)) - raft.server.rpc.sleep.time = 25ms (default)
2019-09-26 16:53:53,935 [pool-77-thread-1] INFO  impl.RaftServerImpl (RaftServerImpl.java:<init>(95)) - d17cca1b-2e6b-48b2-8b1c-3559490fa529: new RaftServerImpl for group-0167F4A9536E:[d17cca1b-2e6b-48b2-8b1c-3559490fa529:192.168.151.99:40714] with ContainerStateMachine:uninitialized
2019-09-26 16:53:53,935 [4a469c34-60df-4173-8d32-715e2ce97f5d@group-4494F858D751:LeaderElection8] INFO  server.RaftServerConfigKeys (ConfUtils.java:logGet(43)) - raft.server.write.element-limit = 4096 (default)
2019-09-26 16:53:53,935 [pool-77-thread-1] INFO  server.RaftServerConfigKeys (ConfUtils.java:logGet(43)) - raft.server.rpc.timeout.min = 5s (custom)
2019-09-26 16:53:53,935 [4a469c34-60df-4173-8d32-715e2ce97f5d@group-4494F858D751:LeaderElection8] INFO  server.RaftServerConfigKeys (ConfUtils.java:logGet(43)) - raft.server.watch.timeout = 10s (default)
2019-09-26 16:53:53,935 [pool-77-thread-1] INFO  server.RaftServerConfigKeys (ConfUtils.java:logGet(43)) - raft.server.rpc.timeout.max = 5200ms (custom)
2019-09-26 16:53:53,935 [4a469c34-60df-4173-8d32-715e2ce97f5d@group-4494F858D751:LeaderElection8] INFO  server.RaftServerConfigKeys (ConfUtils.java:logGet(43)) - raft.server.watch.timeout.denomination = 1s (default)
2019-09-26 16:53:53,935 [pool-77-thread-1] INFO  server.RaftServerConfigKeys (ConfUtils.java:logGet(43)) - raft.server.rpcslowness.timeout = 120s (custom)
2019-09-26 16:53:53,936 [4a469c34-60df-4173-8d32-715e2ce97f5d@group-4494F858D751:LeaderElection8] INFO  server.RaftServerConfigKeys (ConfUtils.java:logGet(43)) - raft.server.watch.element-limit = 65536 (default)
2019-09-26 16:53:53,936 [pool-77-thread-1] INFO  server.RaftServerConfigKeys (ConfUtils.java:logGet(43)) - raft.server.sleep.deviation.threshold = 300 (default)
2019-09-26 16:53:53,936 [pool-77-thread-1] INFO  server.RaftServerConfigKeys (ConfUtils.java:logGet(43)) - raft.server.log.appender.install.snapshot.enabled = false (custom)
2019-09-26 16:53:53,936 [pool-77-thread-1] INFO  impl.RaftServerImpl (ServerState.java:<init>(103)) - d17cca1b-2e6b-48b2-8b1c-3559490fa529@group-0167F4A9536E: ConfigurationManager, init=-1: [d17cca1b-2e6b-48b2-8b1c-3559490fa529:192.168.151.99:40714], old=null, confs=<EMPTY_MAP>
2019-09-26 16:53:53,936 [pool-77-thread-1] INFO  server.RaftServerConfigKeys (ConfUtils.java:logGet(43)) - raft.server.storage.dir = [/workdir/hadoop-ozone/integration-test/target/test-dir/MiniOzoneClusterImpl-fdc3d401-fab1-4968-a84f-12bf762e2bbf/datanode-5/data/ratis] (custom)
2019-09-26 16:53:53,938 [4a469c34-60df-4173-8d32-715e2ce97f5d@group-4494F858D751:LeaderElection8] INFO  impl.RoleInfo (RoleInfo.java:updateAndGet(143)) - 4a469c34-60df-4173-8d32-715e2ce97f5d: start LeaderState
2019-09-26 16:53:53,938 [4a469c34-60df-4173-8d32-715e2ce97f5d@group-4494F858D751:LeaderElection8] INFO  segmented.SegmentedRaftLogWorker (SegmentedRaftLogWorker.java:startLogSegment(380)) - 4a469c34-60df-4173-8d32-715e2ce97f5d@group-4494F858D751-SegmentedRaftLogWorker: Starting segment from index:0
2019-09-26 16:53:53,939 [4a469c34-60df-4173-8d32-715e2ce97f5d@group-4494F858D751:LeaderElection8] INFO  impl.RaftServerImpl (ServerState.java:setRaftConf(354)) - 4a469c34-60df-4173-8d32-715e2ce97f5d@group-4494F858D751: set configuration 0: [4a469c34-60df-4173-8d32-715e2ce97f5d:192.168.151.99:42442], old=null at 0
2019-09-26 16:53:53,988 [pool-77-thread-1] INFO  storage.RaftStorageDirectory (RaftStorageDirectory.java:analyzeStorage(246)) - The storage directory /workdir/hadoop-ozone/integration-test/target/test-dir/MiniOzoneClusterImpl-fdc3d401-fab1-4968-a84f-12bf762e2bbf/datanode-5/data/ratis/a8612ddf-3ed5-495b-a64a-0167f4a9536e does not exist. Creating ...
2019-09-26 16:53:54,003 [pool-77-thread-1] INFO  storage.RaftStorageDirectory (RaftStorageDirectory.java:tryLock(328)) - Lock on /workdir/hadoop-ozone/integration-test/target/test-dir/MiniOzoneClusterImpl-fdc3d401-fab1-4968-a84f-12bf762e2bbf/datanode-5/data/ratis/a8612ddf-3ed5-495b-a64a-0167f4a9536e/in_use.lock acquired by nodename 15096@pr-hdds-1569-g6sp5-2013761785
2019-09-26 16:53:54,003 [d17cca1b-2e6b-48b2-8b1c-3559490fa529@group-6FBDCDA295B7-SegmentedRaftLogWorker] INFO  segmented.SegmentedRaftLogWorker (SegmentedRaftLogWorker.java:execute(569)) - d17cca1b-2e6b-48b2-8b1c-3559490fa529@group-6FBDCDA295B7-SegmentedRaftLogWorker: created new log segment /workdir/hadoop-ozone/integration-test/target/test-dir/MiniOzoneClusterImpl-fdc3d401-fab1-4968-a84f-12bf762e2bbf/datanode-5/data/ratis/cee9a424-3a78-47e2-bd2a-6fbdcda295b7/current/log_inprogress_0
2019-09-26 16:53:54,003 [5160ea40-cc48-41a9-a1d1-1151a36e77d8@group-9AA7E62547B0-SegmentedRaftLogWorker] INFO  segmented.SegmentedRaftLogWorker (SegmentedRaftLogWorker.java:execute(569)) - 5160ea40-cc48-41a9-a1d1-1151a36e77d8@group-9AA7E62547B0-SegmentedRaftLogWorker: created new log segment /workdir/hadoop-ozone/integration-test/target/test-dir/MiniOzoneClusterImpl-fdc3d401-fab1-4968-a84f-12bf762e2bbf/datanode-3/data/ratis/f2db0a7a-882d-42ea-880d-9aa7e62547b0/current/log_inprogress_0
2019-09-26 16:53:54,003 [579334d3-7c10-42f4-b10c-e6c2267ece25@group-3F50F338980D-SegmentedRaftLogWorker] INFO  segmented.SegmentedRaftLogWorker (SegmentedRaftLogWorker.java:execute(569)) - 579334d3-7c10-42f4-b10c-e6c2267ece25@group-3F50F338980D-SegmentedRaftLogWorker: created new log segment /workdir/hadoop-ozone/integration-test/target/test-dir/MiniOzoneClusterImpl-fdc3d401-fab1-4968-a84f-12bf762e2bbf/datanode-2/data/ratis/95499fa1-3edd-46da-b610-3f50f338980d/current/log_inprogress_0
2019-09-26 16:53:54,003 [862ec94c-cd2d-47b3-b563-7d6c2816cb58@group-30CD5A3A4D1D-SegmentedRaftLogWorker] INFO  segmented.SegmentedRaftLogWorker (SegmentedRaftLogWorker.java:execute(569)) - 862ec94c-cd2d-47b3-b563-7d6c2816cb58@group-30CD5A3A4D1D-SegmentedRaftLogWorker: created new log segment /workdir/hadoop-ozone/integration-test/target/test-dir/MiniOzoneClusterImpl-fdc3d401-fab1-4968-a84f-12bf762e2bbf/datanode-4/data/ratis/b999ee43-1850-457d-8a56-30cd5a3a4d1d/current/log_inprogress_0
2019-09-26 16:53:54,003 [5160ea40-cc48-41a9-a1d1-1151a36e77d8@group-34D384457479-SegmentedRaftLogWorker] INFO  segmented.SegmentedRaftLogWorker (SegmentedRaftLogWorker.java:execute(569)) - 5160ea40-cc48-41a9-a1d1-1151a36e77d8@group-34D384457479-SegmentedRaftLogWorker: created new log segment /workdir/hadoop-ozone/integration-test/target/test-dir/MiniOzoneClusterImpl-fdc3d401-fab1-4968-a84f-12bf762e2bbf/datanode-3/data/ratis/38176a3a-7986-4ec8-b2bc-34d384457479/current/log_inprogress_0
2019-09-26 16:53:54,054 [862ec94c-cd2d-47b3-b563-7d6c2816cb58@group-3F7CF6546C0D-SegmentedRaftLogWorker] INFO  segmented.SegmentedRaftLogWorker (SegmentedRaftLogWorker.java:execute(569)) - 862ec94c-cd2d-47b3-b563-7d6c2816cb58@group-3F7CF6546C0D-SegmentedRaftLogWorker: created new log segment /workdir/hadoop-ozone/integration-test/target/test-dir/MiniOzoneClusterImpl-fdc3d401-fab1-4968-a84f-12bf762e2bbf/datanode-4/data/ratis/e89c964d-18eb-4dff-b7f8-3f7cf6546c0d/current/log_inprogress_0
2019-09-26 16:53:54,054 [pool-77-thread-1] INFO  storage.RaftStorage (RaftStorage.java:format(72)) - Storage directory /workdir/hadoop-ozone/integration-test/target/test-dir/MiniOzoneClusterImpl-fdc3d401-fab1-4968-a84f-12bf762e2bbf/datanode-5/data/ratis/a8612ddf-3ed5-495b-a64a-0167f4a9536e has been successfully formatted.
2019-09-26 16:53:54,054 [deac9605-e739-4d95-8360-f57df793faca@group-7D5DBA380806-SegmentedRaftLogWorker] INFO  segmented.SegmentedRaftLogWorker (SegmentedRaftLogWorker.java:execute(569)) - deac9605-e739-4d95-8360-f57df793faca@group-7D5DBA380806-SegmentedRaftLogWorker: created new log segment /workdir/hadoop-ozone/integration-test/target/test-dir/MiniOzoneClusterImpl-fdc3d401-fab1-4968-a84f-12bf762e2bbf/datanode-0/data/ratis/d322bfde-385c-4b9f-a466-7d5dba380806/current/log_inprogress_0
2019-09-26 16:53:54,054 [4a469c34-60df-4173-8d32-715e2ce97f5d@group-4494F858D751-SegmentedRaftLogWorker] INFO  segmented.SegmentedRaftLogWorker (SegmentedRaftLogWorker.java:execute(569)) - 4a469c34-60df-4173-8d32-715e2ce97f5d@group-4494F858D751-SegmentedRaftLogWorker: created new log segment /workdir/hadoop-ozone/integration-test/target/test-dir/MiniOzoneClusterImpl-fdc3d401-fab1-4968-a84f-12bf762e2bbf/datanode-6/data/ratis/c38391a1-923a-4e8d-bd43-4494f858d751/current/log_inprogress_0
2019-09-26 16:53:54,055 [pool-77-thread-1] INFO  ratis.ContainerStateMachine (ContainerStateMachine.java:loadSnapshot(230)) - group-0167F4A9536E: The snapshot info is null. Setting the last applied indexto:(t:0, i:~)
2019-09-26 16:53:54,055 [pool-77-thread-1] INFO  server.RaftServerConfigKeys (ConfUtils.java:logGet(43)) - raft.server.notification.no-leader.timeout = 120s (custom)
2019-09-26 16:53:54,055 [pool-77-thread-1] INFO  server.RaftServerConfigKeys (ConfUtils.java:logGet(43)) - raft.server.log.use.memory = false (default)
2019-09-26 16:53:54,056 [pool-77-thread-1] INFO  server.RaftServerConfigKeys (ConfUtils.java:logGet(43)) - raft.server.log.purge.gap = 1000000 (custom)
2019-09-26 16:53:54,056 [pool-77-thread-1] INFO  server.RaftServerConfigKeys (ConfUtils.java:logGet(43)) - raft.server.log.appender.buffer.byte-limit = 33554432 (custom)
2019-09-26 16:53:54,056 [pool-77-thread-1] INFO  server.RaftServerConfigKeys (ConfUtils.java:logGet(43)) - raft.server.log.segment.size.max = 1048576 (custom)
2019-09-26 16:53:54,056 [pool-77-thread-1] INFO  server.RaftServerConfigKeys (ConfUtils.java:logGet(43)) - raft.server.log.segment.cache.num.max = 2 (custom)
2019-09-26 16:53:54,056 [pool-77-thread-1] INFO  segmented.SegmentedRaftLogWorker (SegmentedRaftLogWorker.java:<init>(172)) - new d17cca1b-2e6b-48b2-8b1c-3559490fa529@group-0167F4A9536E-SegmentedRaftLogWorker for RaftStorage:Storage Directory /workdir/hadoop-ozone/integration-test/target/test-dir/MiniOzoneClusterImpl-fdc3d401-fab1-4968-a84f-12bf762e2bbf/datanode-5/data/ratis/a8612ddf-3ed5-495b-a64a-0167f4a9536e
2019-09-26 16:53:54,056 [pool-77-thread-1] INFO  server.RaftServerConfigKeys (ConfUtils.java:logGet(43)) - raft.server.log.queue.byte-limit = 2147483647 (custom)
2019-09-26 16:53:54,057 [pool-77-thread-1] INFO  server.RaftServerConfigKeys (ConfUtils.java:logGet(43)) - raft.server.log.queue.element-limit = 1024 (custom)
2019-09-26 16:53:54,057 [pool-77-thread-1] INFO  server.RaftServerConfigKeys (ConfUtils.java:logGet(43)) - raft.server.log.segment.size.max = 1048576 (custom)
2019-09-26 16:53:54,057 [pool-77-thread-1] INFO  server.RaftServerConfigKeys (ConfUtils.java:logGet(43)) - raft.server.log.preallocated.size = 16384 (custom)
2019-09-26 16:53:54,057 [pool-77-thread-1] INFO  server.RaftServerConfigKeys (ConfUtils.java:logGet(43)) - raft.server.log.write.buffer.size = 33554432 (custom)
2019-09-26 16:53:54,057 [pool-77-thread-1] INFO  server.RaftServerConfigKeys (ConfUtils.java:logGet(43)) - raft.server.log.force.sync.num = 128 (default)
2019-09-26 16:53:54,057 [pool-77-thread-1] INFO  server.RaftServerConfigKeys (ConfUtils.java:logGet(43)) - raft.server.log.statemachine.data.sync = true (default)
2019-09-26 16:53:54,057 [pool-77-thread-1] INFO  server.RaftServerConfigKeys (ConfUtils.java:logGet(43)) - raft.server.log.statemachine.data.sync.timeout = 10s (default)
2019-09-26 16:53:54,058 [pool-77-thread-1] INFO  server.RaftServerConfigKeys (ConfUtils.java:logGet(43)) - raft.server.log.statemachine.data.sync.timeout.retry = -1 (default)
2019-09-26 16:53:54,058 [pool-77-thread-1] INFO  server.RaftServerConfigKeys (ConfUtils.java:logGet(43)) - raft.server.log.statemachine.data.caching.enabled = true (custom)
2019-09-26 16:53:54,058 [pool-77-thread-1] INFO  segmented.SegmentedRaftLogWorker (SegmentedRaftLogWorker.java:lambda$new$0(132)) - d17cca1b-2e6b-48b2-8b1c-3559490fa529@group-0167F4A9536E-SegmentedRaftLogWorker: flushIndex: setUnconditionally 0 -> -1
2019-09-26 16:53:54,059 [pool-77-thread-1] INFO  server.RaftServerConfigKeys (ConfUtils.java:logGet(43)) - raft.server.snapshot.auto.trigger.enabled = true (custom)
2019-09-26 16:53:54,059 [pool-77-thread-1] INFO  server.RaftServerConfigKeys (ConfUtils.java:logGet(43)) - raft.server.snapshot.auto.trigger.threshold = 10000 (custom)
2019-09-26 16:53:54,059 [pool-77-thread-1] INFO  server.RaftServerConfigKeys (ConfUtils.java:logGet(43)) - raft.server.snapshot.retention.num.files = 5 (custom)
2019-09-26 16:53:54,059 [pool-77-thread-1] INFO  server.RaftServerConfigKeys (ConfUtils.java:logGet(43)) - raft.server.retrycache.expirytime = 600000ms (custom)
2019-09-26 16:53:54,062 [pool-77-thread-1] INFO  impl.RaftServerImpl (RaftServerImpl.java:start(185)) - d17cca1b-2e6b-48b2-8b1c-3559490fa529@group-0167F4A9536E: start as a follower, conf=-1: [d17cca1b-2e6b-48b2-8b1c-3559490fa529:192.168.151.99:40714], old=null
2019-09-26 16:53:54,062 [pool-77-thread-1] INFO  impl.RaftServerImpl (RaftServerImpl.java:setRole(174)) - d17cca1b-2e6b-48b2-8b1c-3559490fa529@group-0167F4A9536E: changes role from      null to FOLLOWER at term 0 for startAsFollower
2019-09-26 16:53:54,062 [pool-77-thread-1] INFO  impl.RoleInfo (RoleInfo.java:updateAndGet(143)) - d17cca1b-2e6b-48b2-8b1c-3559490fa529: start FollowerState
2019-09-26 16:53:54,062 [pool-77-thread-1] INFO  util.JmxRegister (JmxRegister.java:tryRegister(44)) - Successfully registered JMX Bean with object name Ratis:service=RaftServer,group=group-0167F4A9536E,id=d17cca1b-2e6b-48b2-8b1c-3559490fa529
2019-09-26 16:53:54,065 [RatisPipelineUtilsThread] INFO  pipeline.PipelineStateManager (PipelineStateManager.java:addPipeline(56)) - Created pipeline Pipeline[ Id: a8612ddf-3ed5-495b-a64a-0167f4a9536e, Nodes: d17cca1b-2e6b-48b2-8b1c-3559490fa529{ip: 192.168.151.99, host: pr-hdds-1569-g6sp5-2013761785, networkLocation: /default-rack, certSerialId: null}, Type:RATIS, Factor:ONE, State:OPEN]
2019-09-26 16:53:54,072 [grpc-default-executor-1] INFO  impl.RaftServerProxy (RaftServerProxy.java:addNew(89)) - 7fda706b-4e23-4e10-baba-12810c05fbbb: addNew group-E1BD43987033:[7fda706b-4e23-4e10-baba-12810c05fbbb:192.168.151.99:32897] returns group-E1BD43987033:java.util.concurrent.CompletableFuture@62f576c2[Not completed]
2019-09-26 16:53:54,073 [pool-37-thread-1] INFO  impl.RaftServerImpl (RaftServerImpl.java:<init>(95)) - 7fda706b-4e23-4e10-baba-12810c05fbbb: new RaftServerImpl for group-E1BD43987033:[7fda706b-4e23-4e10-baba-12810c05fbbb:192.168.151.99:32897] with ContainerStateMachine:uninitialized
2019-09-26 16:53:54,073 [pool-37-thread-1] INFO  server.RaftServerConfigKeys (ConfUtils.java:logGet(43)) - raft.server.rpc.timeout.min = 5s (custom)
2019-09-26 16:53:54,073 [pool-37-thread-1] INFO  server.RaftServerConfigKeys (ConfUtils.java:logGet(43)) - raft.server.rpc.timeout.max = 5200ms (custom)
2019-09-26 16:53:54,073 [pool-37-thread-1] INFO  server.RaftServerConfigKeys (ConfUtils.java:logGet(43)) - raft.server.rpcslowness.timeout = 120s (custom)
2019-09-26 16:53:54,073 [pool-37-thread-1] INFO  server.RaftServerConfigKeys (ConfUtils.java:logGet(43)) - raft.server.sleep.deviation.threshold = 300 (default)
2019-09-26 16:53:54,073 [pool-37-thread-1] INFO  server.RaftServerConfigKeys (ConfUtils.java:logGet(43)) - raft.server.log.appender.install.snapshot.enabled = false (custom)
2019-09-26 16:53:54,073 [pool-37-thread-1] INFO  impl.RaftServerImpl (ServerState.java:<init>(103)) - 7fda706b-4e23-4e10-baba-12810c05fbbb@group-E1BD43987033: ConfigurationManager, init=-1: [7fda706b-4e23-4e10-baba-12810c05fbbb:192.168.151.99:32897], old=null, confs=<EMPTY_MAP>
2019-09-26 16:53:54,074 [pool-37-thread-1] INFO  server.RaftServerConfigKeys (ConfUtils.java:logGet(43)) - raft.server.storage.dir = [/workdir/hadoop-ozone/integration-test/target/test-dir/MiniOzoneClusterImpl-fdc3d401-fab1-4968-a84f-12bf762e2bbf/datanode-1/data/ratis] (custom)
2019-09-26 16:53:54,074 [pool-37-thread-1] INFO  storage.RaftStorageDirectory (RaftStorageDirectory.java:analyzeStorage(246)) - The storage directory /workdir/hadoop-ozone/integration-test/target/test-dir/MiniOzoneClusterImpl-fdc3d401-fab1-4968-a84f-12bf762e2bbf/datanode-1/data/ratis/e5440874-5f0b-4801-a489-e1bd43987033 does not exist. Creating ...
2019-09-26 16:53:54,087 [pool-37-thread-1] INFO  storage.RaftStorageDirectory (RaftStorageDirectory.java:tryLock(328)) - Lock on /workdir/hadoop-ozone/integration-test/target/test-dir/MiniOzoneClusterImpl-fdc3d401-fab1-4968-a84f-12bf762e2bbf/datanode-1/data/ratis/e5440874-5f0b-4801-a489-e1bd43987033/in_use.lock acquired by nodename 15096@pr-hdds-1569-g6sp5-2013761785
2019-09-26 16:53:54,100 [pool-37-thread-1] INFO  storage.RaftStorage (RaftStorage.java:format(72)) - Storage directory /workdir/hadoop-ozone/integration-test/target/test-dir/MiniOzoneClusterImpl-fdc3d401-fab1-4968-a84f-12bf762e2bbf/datanode-1/data/ratis/e5440874-5f0b-4801-a489-e1bd43987033 has been successfully formatted.
2019-09-26 16:53:54,100 [pool-37-thread-1] INFO  ratis.ContainerStateMachine (ContainerStateMachine.java:loadSnapshot(230)) - group-E1BD43987033: The snapshot info is null. Setting the last applied indexto:(t:0, i:~)
2019-09-26 16:53:54,100 [pool-37-thread-1] INFO  server.RaftServerConfigKeys (ConfUtils.java:logGet(43)) - raft.server.notification.no-leader.timeout = 120s (custom)
2019-09-26 16:53:54,100 [pool-37-thread-1] INFO  server.RaftServerConfigKeys (ConfUtils.java:logGet(43)) - raft.server.log.use.memory = false (default)
2019-09-26 16:53:54,100 [pool-37-thread-1] INFO  server.RaftServerConfigKeys (ConfUtils.java:logGet(43)) - raft.server.log.purge.gap = 1000000 (custom)
2019-09-26 16:53:54,101 [pool-37-thread-1] INFO  server.RaftServerConfigKeys (ConfUtils.java:logGet(43)) - raft.server.log.appender.buffer.byte-limit = 33554432 (custom)
2019-09-26 16:53:54,101 [pool-37-thread-1] INFO  server.RaftServerConfigKeys (ConfUtils.java:logGet(43)) - raft.server.log.segment.size.max = 1048576 (custom)
2019-09-26 16:53:54,101 [pool-37-thread-1] INFO  server.RaftServerConfigKeys (ConfUtils.java:logGet(43)) - raft.server.log.segment.cache.num.max = 2 (custom)
2019-09-26 16:53:54,101 [pool-37-thread-1] INFO  segmented.SegmentedRaftLogWorker (SegmentedRaftLogWorker.java:<init>(172)) - new 7fda706b-4e23-4e10-baba-12810c05fbbb@group-E1BD43987033-SegmentedRaftLogWorker for RaftStorage:Storage Directory /workdir/hadoop-ozone/integration-test/target/test-dir/MiniOzoneClusterImpl-fdc3d401-fab1-4968-a84f-12bf762e2bbf/datanode-1/data/ratis/e5440874-5f0b-4801-a489-e1bd43987033
2019-09-26 16:53:54,101 [pool-37-thread-1] INFO  server.RaftServerConfigKeys (ConfUtils.java:logGet(43)) - raft.server.log.queue.byte-limit = 2147483647 (custom)
2019-09-26 16:53:54,101 [pool-37-thread-1] INFO  server.RaftServerConfigKeys (ConfUtils.java:logGet(43)) - raft.server.log.queue.element-limit = 1024 (custom)
2019-09-26 16:53:54,101 [pool-37-thread-1] INFO  server.RaftServerConfigKeys (ConfUtils.java:logGet(43)) - raft.server.log.segment.size.max = 1048576 (custom)
2019-09-26 16:53:54,101 [pool-37-thread-1] INFO  server.RaftServerConfigKeys (ConfUtils.java:logGet(43)) - raft.server.log.preallocated.size = 16384 (custom)
2019-09-26 16:53:54,101 [pool-37-thread-1] INFO  server.RaftServerConfigKeys (ConfUtils.java:logGet(43)) - raft.server.log.write.buffer.size = 33554432 (custom)
2019-09-26 16:53:54,102 [pool-37-thread-1] INFO  server.RaftServerConfigKeys (ConfUtils.java:logGet(43)) - raft.server.log.force.sync.num = 128 (default)
2019-09-26 16:53:54,102 [pool-37-thread-1] INFO  server.RaftServerConfigKeys (ConfUtils.java:logGet(43)) - raft.server.log.statemachine.data.sync = true (default)
2019-09-26 16:53:54,102 [pool-37-thread-1] INFO  server.RaftServerConfigKeys (ConfUtils.java:logGet(43)) - raft.server.log.statemachine.data.sync.timeout = 10s (default)
2019-09-26 16:53:54,102 [pool-37-thread-1] INFO  server.RaftServerConfigKeys (ConfUtils.java:logGet(43)) - raft.server.log.statemachine.data.sync.timeout.retry = -1 (default)
2019-09-26 16:53:54,102 [pool-37-thread-1] INFO  server.RaftServerConfigKeys (ConfUtils.java:logGet(43)) - raft.server.log.statemachine.data.caching.enabled = true (custom)
2019-09-26 16:53:54,102 [pool-37-thread-1] INFO  segmented.SegmentedRaftLogWorker (SegmentedRaftLogWorker.java:lambda$new$0(132)) - 7fda706b-4e23-4e10-baba-12810c05fbbb@group-E1BD43987033-SegmentedRaftLogWorker: flushIndex: setUnconditionally 0 -> -1
2019-09-26 16:53:54,103 [pool-37-thread-1] INFO  server.RaftServerConfigKeys (ConfUtils.java:logGet(43)) - raft.server.snapshot.auto.trigger.enabled = true (custom)
2019-09-26 16:53:54,103 [pool-37-thread-1] INFO  server.RaftServerConfigKeys (ConfUtils.java:logGet(43)) - raft.server.snapshot.auto.trigger.threshold = 10000 (custom)
2019-09-26 16:53:54,103 [pool-37-thread-1] INFO  server.RaftServerConfigKeys (ConfUtils.java:logGet(43)) - raft.server.snapshot.retention.num.files = 5 (custom)
2019-09-26 16:53:54,103 [pool-37-thread-1] INFO  server.RaftServerConfigKeys (ConfUtils.java:logGet(43)) - raft.server.retrycache.expirytime = 600000ms (custom)
2019-09-26 16:53:54,105 [pool-37-thread-1] INFO  impl.RaftServerImpl (RaftServerImpl.java:start(185)) - 7fda706b-4e23-4e10-baba-12810c05fbbb@group-E1BD43987033: start as a follower, conf=-1: [7fda706b-4e23-4e10-baba-12810c05fbbb:192.168.151.99:32897], old=null
2019-09-26 16:53:54,105 [pool-37-thread-1] INFO  impl.RaftServerImpl (RaftServerImpl.java:setRole(174)) - 7fda706b-4e23-4e10-baba-12810c05fbbb@group-E1BD43987033: changes role from      null to FOLLOWER at term 0 for startAsFollower
2019-09-26 16:53:54,105 [pool-37-thread-1] INFO  impl.RoleInfo (RoleInfo.java:updateAndGet(143)) - 7fda706b-4e23-4e10-baba-12810c05fbbb: start FollowerState
2019-09-26 16:53:54,106 [pool-37-thread-1] INFO  util.JmxRegister (JmxRegister.java:tryRegister(44)) - Successfully registered JMX Bean with object name Ratis:service=RaftServer,group=group-E1BD43987033,id=7fda706b-4e23-4e10-baba-12810c05fbbb
2019-09-26 16:53:54,108 [RatisPipelineUtilsThread] INFO  pipeline.PipelineStateManager (PipelineStateManager.java:addPipeline(56)) - Created pipeline Pipeline[ Id: e5440874-5f0b-4801-a489-e1bd43987033, Nodes: 7fda706b-4e23-4e10-baba-12810c05fbbb{ip: 192.168.151.99, host: pr-hdds-1569-g6sp5-2013761785, networkLocation: /default-rack, certSerialId: null}, Type:RATIS, Factor:ONE, State:OPEN]
2019-09-26 16:53:54,114 [grpc-default-executor-1] INFO  impl.RaftServerProxy (RaftServerProxy.java:addNew(89)) - 4a469c34-60df-4173-8d32-715e2ce97f5d: addNew group-B46AEE984DDF:[4a469c34-60df-4173-8d32-715e2ce97f5d:192.168.151.99:42442] returns group-B46AEE984DDF:java.util.concurrent.CompletableFuture@37eec444[Not completed]
2019-09-26 16:53:54,115 [pool-87-thread-1] INFO  impl.RaftServerImpl (RaftServerImpl.java:<init>(95)) - 4a469c34-60df-4173-8d32-715e2ce97f5d: new RaftServerImpl for group-B46AEE984DDF:[4a469c34-60df-4173-8d32-715e2ce97f5d:192.168.151.99:42442] with ContainerStateMachine:uninitialized
2019-09-26 16:53:54,115 [pool-87-thread-1] INFO  server.RaftServerConfigKeys (ConfUtils.java:logGet(43)) - raft.server.rpc.timeout.min = 5s (custom)
2019-09-26 16:53:54,115 [pool-87-thread-1] INFO  server.RaftServerConfigKeys (ConfUtils.java:logGet(43)) - raft.server.rpc.timeout.max = 5200ms (custom)
2019-09-26 16:53:54,115 [pool-87-thread-1] INFO  server.RaftServerConfigKeys (ConfUtils.java:logGet(43)) - raft.server.rpcslowness.timeout = 120s (custom)
2019-09-26 16:53:54,116 [pool-87-thread-1] INFO  server.RaftServerConfigKeys (ConfUtils.java:logGet(43)) - raft.server.sleep.deviation.threshold = 300 (default)
2019-09-26 16:53:54,116 [pool-87-thread-1] INFO  server.RaftServerConfigKeys (ConfUtils.java:logGet(43)) - raft.server.log.appender.install.snapshot.enabled = false (custom)
2019-09-26 16:53:54,116 [pool-87-thread-1] INFO  impl.RaftServerImpl (ServerState.java:<init>(103)) - 4a469c34-60df-4173-8d32-715e2ce97f5d@group-B46AEE984DDF: ConfigurationManager, init=-1: [4a469c34-60df-4173-8d32-715e2ce97f5d:192.168.151.99:42442], old=null, confs=<EMPTY_MAP>
2019-09-26 16:53:54,116 [pool-87-thread-1] INFO  server.RaftServerConfigKeys (ConfUtils.java:logGet(43)) - raft.server.storage.dir = [/workdir/hadoop-ozone/integration-test/target/test-dir/MiniOzoneClusterImpl-fdc3d401-fab1-4968-a84f-12bf762e2bbf/datanode-6/data/ratis] (custom)
2019-09-26 16:53:54,116 [pool-87-thread-1] INFO  storage.RaftStorageDirectory (RaftStorageDirectory.java:analyzeStorage(246)) - The storage directory /workdir/hadoop-ozone/integration-test/target/test-dir/MiniOzoneClusterImpl-fdc3d401-fab1-4968-a84f-12bf762e2bbf/datanode-6/data/ratis/e84f357b-bfa1-43a1-a713-b46aee984ddf does not exist. Creating ...
2019-09-26 16:53:54,128 [Thread-265] INFO  impl.FollowerState (FollowerState.java:run(106)) - deac9605-e739-4d95-8360-f57df793faca:group-A068958DCC8D changes to CANDIDATE, lastRpcTime:5171, electionTimeout:5171ms
2019-09-26 16:53:54,128 [Thread-265] INFO  impl.RoleInfo (RoleInfo.java:shutdownFollowerState(121)) - deac9605-e739-4d95-8360-f57df793faca: shutdown FollowerState
2019-09-26 16:53:54,129 [Thread-265] INFO  impl.RaftServerImpl (RaftServerImpl.java:setRole(174)) - deac9605-e739-4d95-8360-f57df793faca@group-A068958DCC8D: changes role from  FOLLOWER to CANDIDATE at term 0 for changeToCandidate
2019-09-26 16:53:54,129 [Thread-265] INFO  impl.RoleInfo (RoleInfo.java:updateAndGet(143)) - deac9605-e739-4d95-8360-f57df793faca: start LeaderElection
2019-09-26 16:53:54,133 [Thread-268] INFO  impl.FollowerState (FollowerState.java:run(106)) - 7fda706b-4e23-4e10-baba-12810c05fbbb:group-7C8BDE3BD262 changes to CANDIDATE, lastRpcTime:5096, electionTimeout:5092ms
2019-09-26 16:53:54,133 [pool-87-thread-1] INFO  storage.RaftStorageDirectory (RaftStorageDirectory.java:tryLock(328)) - Lock on /workdir/hadoop-ozone/integration-test/target/test-dir/MiniOzoneClusterImpl-fdc3d401-fab1-4968-a84f-12bf762e2bbf/datanode-6/data/ratis/e84f357b-bfa1-43a1-a713-b46aee984ddf/in_use.lock acquired by nodename 15096@pr-hdds-1569-g6sp5-2013761785
2019-09-26 16:53:54,138 [Thread-268] INFO  impl.RoleInfo (RoleInfo.java:shutdownFollowerState(121)) - 7fda706b-4e23-4e10-baba-12810c05fbbb: shutdown FollowerState
2019-09-26 16:53:54,138 [Thread-271] INFO  impl.FollowerState (FollowerState.java:run(106)) - 7fda706b-4e23-4e10-baba-12810c05fbbb:group-01B355C17CDA changes to CANDIDATE, lastRpcTime:5010, electionTimeout:5009ms
2019-09-26 16:53:54,138 [Thread-268] INFO  impl.RaftServerImpl (RaftServerImpl.java:setRole(174)) - 7fda706b-4e23-4e10-baba-12810c05fbbb@group-7C8BDE3BD262: changes role from  FOLLOWER to CANDIDATE at term 0 for changeToCandidate
2019-09-26 16:53:54,139 [Thread-271] INFO  impl.RoleInfo (RoleInfo.java:shutdownFollowerState(121)) - 7fda706b-4e23-4e10-baba-12810c05fbbb: shutdown FollowerState
2019-09-26 16:53:54,139 [Thread-268] INFO  impl.RoleInfo (RoleInfo.java:updateAndGet(143)) - 7fda706b-4e23-4e10-baba-12810c05fbbb: start LeaderElection
2019-09-26 16:53:54,139 [Thread-271] INFO  impl.RaftServerImpl (RaftServerImpl.java:setRole(174)) - 7fda706b-4e23-4e10-baba-12810c05fbbb@group-01B355C17CDA: changes role from  FOLLOWER to CANDIDATE at term 0 for changeToCandidate
2019-09-26 16:53:54,139 [Thread-271] INFO  impl.RoleInfo (RoleInfo.java:updateAndGet(143)) - 7fda706b-4e23-4e10-baba-12810c05fbbb: start LeaderElection
2019-09-26 16:53:54,154 [pool-87-thread-1] INFO  storage.RaftStorage (RaftStorage.java:format(72)) - Storage directory /workdir/hadoop-ozone/integration-test/target/test-dir/MiniOzoneClusterImpl-fdc3d401-fab1-4968-a84f-12bf762e2bbf/datanode-6/data/ratis/e84f357b-bfa1-43a1-a713-b46aee984ddf has been successfully formatted.
2019-09-26 16:53:54,154 [deac9605-e739-4d95-8360-f57df793faca@group-A068958DCC8D:LeaderElection9] INFO  impl.LeaderElection (LeaderElection.java:askForVotes(182)) - deac9605-e739-4d95-8360-f57df793faca@group-A068958DCC8D:LeaderElection9: begin an election at term 1 for -1: [deac9605-e739-4d95-8360-f57df793faca:192.168.151.99:46601], old=null
2019-09-26 16:53:54,154 [deac9605-e739-4d95-8360-f57df793faca@group-A068958DCC8D:LeaderElection9] INFO  impl.RoleInfo (RoleInfo.java:shutdownLeaderElection(134)) - deac9605-e739-4d95-8360-f57df793faca: shutdown LeaderElection
2019-09-26 16:53:54,154 [pool-87-thread-1] INFO  ratis.ContainerStateMachine (ContainerStateMachine.java:loadSnapshot(230)) - group-B46AEE984DDF: The snapshot info is null. Setting the last applied indexto:(t:0, i:~)
2019-09-26 16:53:54,154 [deac9605-e739-4d95-8360-f57df793faca@group-A068958DCC8D:LeaderElection9] INFO  impl.RaftServerImpl (RaftServerImpl.java:setRole(174)) - deac9605-e739-4d95-8360-f57df793faca@group-A068958DCC8D: changes role from CANDIDATE to LEADER at term 1 for changeToLeader
2019-09-26 16:53:54,154 [pool-87-thread-1] INFO  server.RaftServerConfigKeys (ConfUtils.java:logGet(43)) - raft.server.notification.no-leader.timeout = 120s (custom)
2019-09-26 16:53:54,154 [deac9605-e739-4d95-8360-f57df793faca@group-A068958DCC8D:LeaderElection9] INFO  impl.RaftServerImpl (ServerState.java:setLeader(253)) - deac9605-e739-4d95-8360-f57df793faca@group-A068958DCC8D: change Leader from null to deac9605-e739-4d95-8360-f57df793faca at term 1 for becomeLeader, leader elected after 5205ms
2019-09-26 16:53:54,155 [pool-87-thread-1] INFO  server.RaftServerConfigKeys (ConfUtils.java:logGet(43)) - raft.server.log.use.memory = false (default)
2019-09-26 16:53:54,155 [deac9605-e739-4d95-8360-f57df793faca@group-A068958DCC8D:LeaderElection9] INFO  server.RaftServerConfigKeys (ConfUtils.java:logGet(43)) - raft.server.staging.catchup.gap = 1000 (default)
2019-09-26 16:53:54,155 [pool-87-thread-1] INFO  server.RaftServerConfigKeys (ConfUtils.java:logGet(43)) - raft.server.log.purge.gap = 1000000 (custom)
2019-09-26 16:53:54,155 [deac9605-e739-4d95-8360-f57df793faca@group-A068958DCC8D:LeaderElection9] INFO  server.RaftServerConfigKeys (ConfUtils.java:logGet(43)) - raft.server.rpc.sleep.time = 25ms (default)
2019-09-26 16:53:54,155 [pool-87-thread-1] INFO  server.RaftServerConfigKeys (ConfUtils.java:logGet(43)) - raft.server.log.appender.buffer.byte-limit = 33554432 (custom)
2019-09-26 16:53:54,155 [deac9605-e739-4d95-8360-f57df793faca@group-A068958DCC8D:LeaderElection9] INFO  server.RaftServerConfigKeys (ConfUtils.java:logGet(43)) - raft.server.write.element-limit = 4096 (default)
2019-09-26 16:53:54,155 [pool-87-thread-1] INFO  server.RaftServerConfigKeys (ConfUtils.java:logGet(43)) - raft.server.log.segment.size.max = 1048576 (custom)
2019-09-26 16:53:54,155 [deac9605-e739-4d95-8360-f57df793faca@group-A068958DCC8D:LeaderElection9] INFO  server.RaftServerConfigKeys (ConfUtils.java:logGet(43)) - raft.server.watch.timeout = 10s (default)
2019-09-26 16:53:54,156 [pool-87-thread-1] INFO  server.RaftServerConfigKeys (ConfUtils.java:logGet(43)) - raft.server.log.segment.cache.num.max = 2 (custom)
2019-09-26 16:53:54,156 [deac9605-e739-4d95-8360-f57df793faca@group-A068958DCC8D:LeaderElection9] INFO  server.RaftServerConfigKeys (ConfUtils.java:logGet(43)) - raft.server.watch.timeout.denomination = 1s (default)
2019-09-26 16:53:54,156 [pool-87-thread-1] INFO  segmented.SegmentedRaftLogWorker (SegmentedRaftLogWorker.java:<init>(172)) - new 4a469c34-60df-4173-8d32-715e2ce97f5d@group-B46AEE984DDF-SegmentedRaftLogWorker for RaftStorage:Storage Directory /workdir/hadoop-ozone/integration-test/target/test-dir/MiniOzoneClusterImpl-fdc3d401-fab1-4968-a84f-12bf762e2bbf/datanode-6/data/ratis/e84f357b-bfa1-43a1-a713-b46aee984ddf
2019-09-26 16:53:54,156 [deac9605-e739-4d95-8360-f57df793faca@group-A068958DCC8D:LeaderElection9] INFO  server.RaftServerConfigKeys (ConfUtils.java:logGet(43)) - raft.server.watch.element-limit = 65536 (default)
2019-09-26 16:53:54,156 [pool-87-thread-1] INFO  server.RaftServerConfigKeys (ConfUtils.java:logGet(43)) - raft.server.log.queue.byte-limit = 2147483647 (custom)
2019-09-26 16:53:54,156 [pool-87-thread-1] INFO  server.RaftServerConfigKeys (ConfUtils.java:logGet(43)) - raft.server.log.queue.element-limit = 1024 (custom)
2019-09-26 16:53:54,157 [pool-87-thread-1] INFO  server.RaftServerConfigKeys (ConfUtils.java:logGet(43)) - raft.server.log.segment.size.max = 1048576 (custom)
2019-09-26 16:53:54,157 [pool-87-thread-1] INFO  server.RaftServerConfigKeys (ConfUtils.java:logGet(43)) - raft.server.log.preallocated.size = 16384 (custom)
2019-09-26 16:53:54,157 [pool-87-thread-1] INFO  server.RaftServerConfigKeys (ConfUtils.java:logGet(43)) - raft.server.log.write.buffer.size = 33554432 (custom)
2019-09-26 16:53:54,157 [pool-87-thread-1] INFO  server.RaftServerConfigKeys (ConfUtils.java:logGet(43)) - raft.server.log.force.sync.num = 128 (default)
2019-09-26 16:53:54,157 [pool-87-thread-1] INFO  server.RaftServerConfigKeys (ConfUtils.java:logGet(43)) - raft.server.log.statemachine.data.sync = true (default)
2019-09-26 16:53:54,157 [pool-87-thread-1] INFO  server.RaftServerConfigKeys (ConfUtils.java:logGet(43)) - raft.server.log.statemachine.data.sync.timeout = 10s (default)
2019-09-26 16:53:54,158 [pool-87-thread-1] INFO  server.RaftServerConfigKeys (ConfUtils.java:logGet(43)) - raft.server.log.statemachine.data.sync.timeout.retry = -1 (default)
2019-09-26 16:53:54,158 [pool-87-thread-1] INFO  server.RaftServerConfigKeys (ConfUtils.java:logGet(43)) - raft.server.log.statemachine.data.caching.enabled = true (custom)
2019-09-26 16:53:54,158 [pool-87-thread-1] INFO  segmented.SegmentedRaftLogWorker (SegmentedRaftLogWorker.java:lambda$new$0(132)) - 4a469c34-60df-4173-8d32-715e2ce97f5d@group-B46AEE984DDF-SegmentedRaftLogWorker: flushIndex: setUnconditionally 0 -> -1
2019-09-26 16:53:54,158 [deac9605-e739-4d95-8360-f57df793faca@group-A068958DCC8D:LeaderElection9] INFO  impl.RoleInfo (RoleInfo.java:updateAndGet(143)) - deac9605-e739-4d95-8360-f57df793faca: start LeaderState
2019-09-26 16:53:54,158 [pool-87-thread-1] INFO  server.RaftServerConfigKeys (ConfUtils.java:logGet(43)) - raft.server.snapshot.auto.trigger.enabled = true (custom)
2019-09-26 16:53:54,159 [deac9605-e739-4d95-8360-f57df793faca@group-A068958DCC8D:LeaderElection9] INFO  segmented.SegmentedRaftLogWorker (SegmentedRaftLogWorker.java:startLogSegment(380)) - deac9605-e739-4d95-8360-f57df793faca@group-A068958DCC8D-SegmentedRaftLogWorker: Starting segment from index:0
2019-09-26 16:53:54,159 [pool-87-thread-1] INFO  server.RaftServerConfigKeys (ConfUtils.java:logGet(43)) - raft.server.snapshot.auto.trigger.threshold = 10000 (custom)
2019-09-26 16:53:54,159 [pool-87-thread-1] INFO  server.RaftServerConfigKeys (ConfUtils.java:logGet(43)) - raft.server.snapshot.retention.num.files = 5 (custom)
2019-09-26 16:53:54,159 [deac9605-e739-4d95-8360-f57df793faca@group-A068958DCC8D:LeaderElection9] INFO  impl.RaftServerImpl (ServerState.java:setRaftConf(354)) - deac9605-e739-4d95-8360-f57df793faca@group-A068958DCC8D: set configuration 0: [deac9605-e739-4d95-8360-f57df793faca:192.168.151.99:46601], old=null at 0
2019-09-26 16:53:54,159 [pool-87-thread-1] INFO  server.RaftServerConfigKeys (ConfUtils.java:logGet(43)) - raft.server.retrycache.expirytime = 600000ms (custom)
2019-09-26 16:53:54,203 [7fda706b-4e23-4e10-baba-12810c05fbbb@group-01B355C17CDA:LeaderElection11] INFO  impl.LeaderElection (LeaderElection.java:askForVotes(182)) - 7fda706b-4e23-4e10-baba-12810c05fbbb@group-01B355C17CDA:LeaderElection11: begin an election at term 1 for -1: [7fda706b-4e23-4e10-baba-12810c05fbbb:192.168.151.99:32897], old=null
2019-09-26 16:53:54,203 [7fda706b-4e23-4e10-baba-12810c05fbbb@group-7C8BDE3BD262:LeaderElection10] INFO  impl.LeaderElection (LeaderElection.java:askForVotes(182)) - 7fda706b-4e23-4e10-baba-12810c05fbbb@group-7C8BDE3BD262:LeaderElection10: begin an election at term 1 for -1: [7fda706b-4e23-4e10-baba-12810c05fbbb:192.168.151.99:32897], old=null
2019-09-26 16:53:54,208 [7fda706b-4e23-4e10-baba-12810c05fbbb@group-01B355C17CDA:LeaderElection11] INFO  impl.RoleInfo (RoleInfo.java:shutdownLeaderElection(134)) - 7fda706b-4e23-4e10-baba-12810c05fbbb: shutdown LeaderElection
2019-09-26 16:53:54,209 [7fda706b-4e23-4e10-baba-12810c05fbbb@group-7C8BDE3BD262:LeaderElection10] INFO  impl.RoleInfo (RoleInfo.java:shutdownLeaderElection(134)) - 7fda706b-4e23-4e10-baba-12810c05fbbb: shutdown LeaderElection
2019-09-26 16:53:54,209 [7fda706b-4e23-4e10-baba-12810c05fbbb@group-01B355C17CDA:LeaderElection11] INFO  impl.RaftServerImpl (RaftServerImpl.java:setRole(174)) - 7fda706b-4e23-4e10-baba-12810c05fbbb@group-01B355C17CDA: changes role from CANDIDATE to LEADER at term 1 for changeToLeader
2019-09-26 16:53:54,209 [7fda706b-4e23-4e10-baba-12810c05fbbb@group-7C8BDE3BD262:LeaderElection10] INFO  impl.RaftServerImpl (RaftServerImpl.java:setRole(174)) - 7fda706b-4e23-4e10-baba-12810c05fbbb@group-7C8BDE3BD262: changes role from CANDIDATE to LEADER at term 1 for changeToLeader
2019-09-26 16:53:54,209 [7fda706b-4e23-4e10-baba-12810c05fbbb@group-01B355C17CDA:LeaderElection11] INFO  impl.RaftServerImpl (ServerState.java:setLeader(253)) - 7fda706b-4e23-4e10-baba-12810c05fbbb@group-01B355C17CDA: change Leader from null to 7fda706b-4e23-4e10-baba-12810c05fbbb at term 1 for becomeLeader, leader elected after 5088ms
2019-09-26 16:53:54,209 [7fda706b-4e23-4e10-baba-12810c05fbbb@group-7C8BDE3BD262:LeaderElection10] INFO  impl.RaftServerImpl (ServerState.java:setLeader(253)) - 7fda706b-4e23-4e10-baba-12810c05fbbb@group-7C8BDE3BD262: change Leader from null to 7fda706b-4e23-4e10-baba-12810c05fbbb at term 1 for becomeLeader, leader elected after 5185ms
2019-09-26 16:53:54,210 [deac9605-e739-4d95-8360-f57df793faca@group-A068958DCC8D-SegmentedRaftLogWorker] INFO  segmented.SegmentedRaftLogWorker (SegmentedRaftLogWorker.java:execute(569)) - deac9605-e739-4d95-8360-f57df793faca@group-A068958DCC8D-SegmentedRaftLogWorker: created new log segment /workdir/hadoop-ozone/integration-test/target/test-dir/MiniOzoneClusterImpl-fdc3d401-fab1-4968-a84f-12bf762e2bbf/datanode-0/data/ratis/cfc96131-8fdf-49bc-8735-a068958dcc8d/current/log_inprogress_0
2019-09-26 16:53:54,212 [7fda706b-4e23-4e10-baba-12810c05fbbb@group-7C8BDE3BD262:LeaderElection10] INFO  server.RaftServerConfigKeys (ConfUtils.java:logGet(43)) - raft.server.staging.catchup.gap = 1000 (default)
2019-09-26 16:53:54,212 [7fda706b-4e23-4e10-baba-12810c05fbbb@group-01B355C17CDA:LeaderElection11] INFO  server.RaftServerConfigKeys (ConfUtils.java:logGet(43)) - raft.server.staging.catchup.gap = 1000 (default)
2019-09-26 16:53:54,213 [7fda706b-4e23-4e10-baba-12810c05fbbb@group-7C8BDE3BD262:LeaderElection10] INFO  server.RaftServerConfigKeys (ConfUtils.java:logGet(43)) - raft.server.rpc.sleep.time = 25ms (default)
2019-09-26 16:53:54,213 [7fda706b-4e23-4e10-baba-12810c05fbbb@group-01B355C17CDA:LeaderElection11] INFO  server.RaftServerConfigKeys (ConfUtils.java:logGet(43)) - raft.server.rpc.sleep.time = 25ms (default)
2019-09-26 16:53:54,213 [7fda706b-4e23-4e10-baba-12810c05fbbb@group-7C8BDE3BD262:LeaderElection10] INFO  server.RaftServerConfigKeys (ConfUtils.java:logGet(43)) - raft.server.write.element-limit = 4096 (default)
2019-09-26 16:53:54,213 [7fda706b-4e23-4e10-baba-12810c05fbbb@group-01B355C17CDA:LeaderElection11] INFO  server.RaftServerConfigKeys (ConfUtils.java:logGet(43)) - raft.server.write.element-limit = 4096 (default)
2019-09-26 16:53:54,213 [7fda706b-4e23-4e10-baba-12810c05fbbb@group-7C8BDE3BD262:LeaderElection10] INFO  server.RaftServerConfigKeys (ConfUtils.java:logGet(43)) - raft.server.watch.timeout = 10s (default)
2019-09-26 16:53:54,213 [7fda706b-4e23-4e10-baba-12810c05fbbb@group-01B355C17CDA:LeaderElection11] INFO  server.RaftServerConfigKeys (ConfUtils.java:logGet(43)) - raft.server.watch.timeout = 10s (default)
2019-09-26 16:53:54,213 [7fda706b-4e23-4e10-baba-12810c05fbbb@group-7C8BDE3BD262:LeaderElection10] INFO  server.RaftServerConfigKeys (ConfUtils.java:logGet(43)) - raft.server.watch.timeout.denomination = 1s (default)
2019-09-26 16:53:54,214 [7fda706b-4e23-4e10-baba-12810c05fbbb@group-01B355C17CDA:LeaderElection11] INFO  server.RaftServerConfigKeys (ConfUtils.java:logGet(43)) - raft.server.watch.timeout.denomination = 1s (default)
2019-09-26 16:53:54,214 [pool-87-thread-1] INFO  impl.RaftServerImpl (RaftServerImpl.java:start(185)) - 4a469c34-60df-4173-8d32-715e2ce97f5d@group-B46AEE984DDF: start as a follower, conf=-1: [4a469c34-60df-4173-8d32-715e2ce97f5d:192.168.151.99:42442], old=null
2019-09-26 16:53:54,214 [7fda706b-4e23-4e10-baba-12810c05fbbb@group-7C8BDE3BD262:LeaderElection10] INFO  server.RaftServerConfigKeys (ConfUtils.java:logGet(43)) - raft.server.watch.element-limit = 65536 (default)
2019-09-26 16:53:54,214 [pool-87-thread-1] INFO  impl.RaftServerImpl (RaftServerImpl.java:setRole(174)) - 4a469c34-60df-4173-8d32-715e2ce97f5d@group-B46AEE984DDF: changes role from      null to FOLLOWER at term 0 for startAsFollower
2019-09-26 16:53:54,214 [7fda706b-4e23-4e10-baba-12810c05fbbb@group-01B355C17CDA:LeaderElection11] INFO  server.RaftServerConfigKeys (ConfUtils.java:logGet(43)) - raft.server.watch.element-limit = 65536 (default)
2019-09-26 16:53:54,214 [pool-87-thread-1] INFO  impl.RoleInfo (RoleInfo.java:updateAndGet(143)) - 4a469c34-60df-4173-8d32-715e2ce97f5d: start FollowerState
2019-09-26 16:53:54,215 [pool-87-thread-1] INFO  util.JmxRegister (JmxRegister.java:tryRegister(44)) - Successfully registered JMX Bean with object name Ratis:service=RaftServer,group=group-B46AEE984DDF,id=4a469c34-60df-4173-8d32-715e2ce97f5d
2019-09-26 16:53:54,217 [7fda706b-4e23-4e10-baba-12810c05fbbb@group-7C8BDE3BD262:LeaderElection10] INFO  impl.RoleInfo (RoleInfo.java:updateAndGet(143)) - 7fda706b-4e23-4e10-baba-12810c05fbbb: start LeaderState
2019-09-26 16:53:54,218 [7fda706b-4e23-4e10-baba-12810c05fbbb@group-7C8BDE3BD262:LeaderElection10] INFO  segmented.SegmentedRaftLogWorker (SegmentedRaftLogWorker.java:startLogSegment(380)) - 7fda706b-4e23-4e10-baba-12810c05fbbb@group-7C8BDE3BD262-SegmentedRaftLogWorker: Starting segment from index:0
2019-09-26 16:53:54,218 [7fda706b-4e23-4e10-baba-12810c05fbbb@group-01B355C17CDA:LeaderElection11] INFO  impl.RoleInfo (RoleInfo.java:updateAndGet(143)) - 7fda706b-4e23-4e10-baba-12810c05fbbb: start LeaderState
2019-09-26 16:53:54,218 [7fda706b-4e23-4e10-baba-12810c05fbbb@group-7C8BDE3BD262:LeaderElection10] INFO  impl.RaftServerImpl (ServerState.java:setRaftConf(354)) - 7fda706b-4e23-4e10-baba-12810c05fbbb@group-7C8BDE3BD262: set configuration 0: [7fda706b-4e23-4e10-baba-12810c05fbbb:192.168.151.99:32897], old=null at 0
2019-09-26 16:53:54,218 [7fda706b-4e23-4e10-baba-12810c05fbbb@group-01B355C17CDA:LeaderElection11] INFO  segmented.SegmentedRaftLogWorker (SegmentedRaftLogWorker.java:startLogSegment(380)) - 7fda706b-4e23-4e10-baba-12810c05fbbb@group-01B355C17CDA-SegmentedRaftLogWorker: Starting segment from index:0
2019-09-26 16:53:54,257 [Thread-274] INFO  impl.FollowerState (FollowerState.java:run(106)) - 5160ea40-cc48-41a9-a1d1-1151a36e77d8:group-5230A7DA4A47 changes to CANDIDATE, lastRpcTime:5049, electionTimeout:5023ms
2019-09-26 16:53:54,257 [Thread-274] INFO  impl.RoleInfo (RoleInfo.java:shutdownFollowerState(121)) - 5160ea40-cc48-41a9-a1d1-1151a36e77d8: shutdown FollowerState
2019-09-26 16:53:54,257 [RatisPipelineUtilsThread] INFO  pipeline.PipelineStateManager (PipelineStateManager.java:addPipeline(56)) - Created pipeline Pipeline[ Id: e84f357b-bfa1-43a1-a713-b46aee984ddf, Nodes: 4a469c34-60df-4173-8d32-715e2ce97f5d{ip: 192.168.151.99, host: pr-hdds-1569-g6sp5-2013761785, networkLocation: /default-rack, certSerialId: null}, Type:RATIS, Factor:ONE, State:OPEN]
2019-09-26 16:53:54,258 [7fda706b-4e23-4e10-baba-12810c05fbbb@group-01B355C17CDA:LeaderElection11] INFO  impl.RaftServerImpl (ServerState.java:setRaftConf(354)) - 7fda706b-4e23-4e10-baba-12810c05fbbb@group-01B355C17CDA: set configuration 0: [7fda706b-4e23-4e10-baba-12810c05fbbb:192.168.151.99:32897], old=null at 0
2019-09-26 16:53:54,257 [Thread-274] INFO  impl.RaftServerImpl (RaftServerImpl.java:setRole(174)) - 5160ea40-cc48-41a9-a1d1-1151a36e77d8@group-5230A7DA4A47: changes role from  FOLLOWER to CANDIDATE at term 0 for changeToCandidate
2019-09-26 16:53:54,299 [7fda706b-4e23-4e10-baba-12810c05fbbb@group-7C8BDE3BD262-SegmentedRaftLogWorker] INFO  segmented.SegmentedRaftLogWorker (SegmentedRaftLogWorker.java:execute(569)) - 7fda706b-4e23-4e10-baba-12810c05fbbb@group-7C8BDE3BD262-SegmentedRaftLogWorker: created new log segment /workdir/hadoop-ozone/integration-test/target/test-dir/MiniOzoneClusterImpl-fdc3d401-fab1-4968-a84f-12bf762e2bbf/datanode-1/data/ratis/2cc21b7f-a28f-4624-bd2f-7c8bde3bd262/current/log_inprogress_0
2019-09-26 16:53:54,299 [Thread-274] INFO  impl.RoleInfo (RoleInfo.java:updateAndGet(143)) - 5160ea40-cc48-41a9-a1d1-1151a36e77d8: start LeaderElection
2019-09-26 16:53:54,312 [7fda706b-4e23-4e10-baba-12810c05fbbb@group-01B355C17CDA-SegmentedRaftLogWorker] INFO  segmented.SegmentedRaftLogWorker (SegmentedRaftLogWorker.java:execute(569)) - 7fda706b-4e23-4e10-baba-12810c05fbbb@group-01B355C17CDA-SegmentedRaftLogWorker: created new log segment /workdir/hadoop-ozone/integration-test/target/test-dir/MiniOzoneClusterImpl-fdc3d401-fab1-4968-a84f-12bf762e2bbf/datanode-1/data/ratis/5d08e8bb-a77a-433f-b4de-01b355c17cda/current/log_inprogress_0
2019-09-26 16:53:54,312 [5160ea40-cc48-41a9-a1d1-1151a36e77d8@group-5230A7DA4A47:LeaderElection12] INFO  impl.LeaderElection (LeaderElection.java:askForVotes(182)) - 5160ea40-cc48-41a9-a1d1-1151a36e77d8@group-5230A7DA4A47:LeaderElection12: begin an election at term 1 for -1: [5160ea40-cc48-41a9-a1d1-1151a36e77d8:192.168.151.99:45356], old=null
2019-09-26 16:53:54,312 [grpc-default-executor-1] INFO  impl.RaftServerProxy (RaftServerProxy.java:addNew(89)) - 5160ea40-cc48-41a9-a1d1-1151a36e77d8: addNew group-CF883E79110B:[5160ea40-cc48-41a9-a1d1-1151a36e77d8:192.168.151.99:45356] returns group-CF883E79110B:java.util.concurrent.CompletableFuture@5593205b[Not completed]
2019-09-26 16:53:54,312 [5160ea40-cc48-41a9-a1d1-1151a36e77d8@group-5230A7DA4A47:LeaderElection12] INFO  impl.RoleInfo (RoleInfo.java:shutdownLeaderElection(134)) - 5160ea40-cc48-41a9-a1d1-1151a36e77d8: shutdown LeaderElection
2019-09-26 16:53:54,313 [5160ea40-cc48-41a9-a1d1-1151a36e77d8@group-5230A7DA4A47:LeaderElection12] INFO  impl.RaftServerImpl (RaftServerImpl.java:setRole(174)) - 5160ea40-cc48-41a9-a1d1-1151a36e77d8@group-5230A7DA4A47: changes role from CANDIDATE to LEADER at term 1 for changeToLeader
2019-09-26 16:53:54,313 [5160ea40-cc48-41a9-a1d1-1151a36e77d8@group-5230A7DA4A47:LeaderElection12] INFO  impl.RaftServerImpl (ServerState.java:setLeader(253)) - 5160ea40-cc48-41a9-a1d1-1151a36e77d8@group-5230A7DA4A47: change Leader from null to 5160ea40-cc48-41a9-a1d1-1151a36e77d8 at term 1 for becomeLeader, leader elected after 5111ms
2019-09-26 16:53:54,313 [5160ea40-cc48-41a9-a1d1-1151a36e77d8@group-5230A7DA4A47:LeaderElection12] INFO  server.RaftServerConfigKeys (ConfUtils.java:logGet(43)) - raft.server.staging.catchup.gap = 1000 (default)
2019-09-26 16:53:54,313 [5160ea40-cc48-41a9-a1d1-1151a36e77d8@group-5230A7DA4A47:LeaderElection12] INFO  server.RaftServerConfigKeys (ConfUtils.java:logGet(43)) - raft.server.rpc.sleep.time = 25ms (default)
2019-09-26 16:53:54,313 [5160ea40-cc48-41a9-a1d1-1151a36e77d8@group-5230A7DA4A47:LeaderElection12] INFO  server.RaftServerConfigKeys (ConfUtils.java:logGet(43)) - raft.server.write.element-limit = 4096 (default)
2019-09-26 16:53:54,314 [5160ea40-cc48-41a9-a1d1-1151a36e77d8@group-5230A7DA4A47:LeaderElection12] INFO  server.RaftServerConfigKeys (ConfUtils.java:logGet(43)) - raft.server.watch.timeout = 10s (default)
2019-09-26 16:53:54,314 [pool-57-thread-1] INFO  impl.RaftServerImpl (RaftServerImpl.java:<init>(95)) - 5160ea40-cc48-41a9-a1d1-1151a36e77d8: new RaftServerImpl for group-CF883E79110B:[5160ea40-cc48-41a9-a1d1-1151a36e77d8:192.168.151.99:45356] with ContainerStateMachine:uninitialized
2019-09-26 16:53:54,314 [5160ea40-cc48-41a9-a1d1-1151a36e77d8@group-5230A7DA4A47:LeaderElection12] INFO  server.RaftServerConfigKeys (ConfUtils.java:logGet(43)) - raft.server.watch.timeout.denomination = 1s (default)
2019-09-26 16:53:54,314 [pool-57-thread-1] INFO  server.RaftServerConfigKeys (ConfUtils.java:logGet(43)) - raft.server.rpc.timeout.min = 5s (custom)
2019-09-26 16:53:54,314 [5160ea40-cc48-41a9-a1d1-1151a36e77d8@group-5230A7DA4A47:LeaderElection12] INFO  server.RaftServerConfigKeys (ConfUtils.java:logGet(43)) - raft.server.watch.element-limit = 65536 (default)
2019-09-26 16:53:54,314 [pool-57-thread-1] INFO  server.RaftServerConfigKeys (ConfUtils.java:logGet(43)) - raft.server.rpc.timeout.max = 5200ms (custom)
2019-09-26 16:53:54,315 [pool-57-thread-1] INFO  server.RaftServerConfigKeys (ConfUtils.java:logGet(43)) - raft.server.rpcslowness.timeout = 120s (custom)
2019-09-26 16:53:54,315 [pool-57-thread-1] INFO  server.RaftServerConfigKeys (ConfUtils.java:logGet(43)) - raft.server.sleep.deviation.threshold = 300 (default)
2019-09-26 16:53:54,315 [pool-57-thread-1] INFO  server.RaftServerConfigKeys (ConfUtils.java:logGet(43)) - raft.server.log.appender.install.snapshot.enabled = false (custom)
2019-09-26 16:53:54,315 [pool-57-thread-1] INFO  impl.RaftServerImpl (ServerState.java:<init>(103)) - 5160ea40-cc48-41a9-a1d1-1151a36e77d8@group-CF883E79110B: ConfigurationManager, init=-1: [5160ea40-cc48-41a9-a1d1-1151a36e77d8:192.168.151.99:45356], old=null, confs=<EMPTY_MAP>
2019-09-26 16:53:54,315 [pool-57-thread-1] INFO  server.RaftServerConfigKeys (ConfUtils.java:logGet(43)) - raft.server.storage.dir = [/workdir/hadoop-ozone/integration-test/target/test-dir/MiniOzoneClusterImpl-fdc3d401-fab1-4968-a84f-12bf762e2bbf/datanode-3/data/ratis] (custom)
2019-09-26 16:53:54,316 [pool-57-thread-1] INFO  storage.RaftStorageDirectory (RaftStorageDirectory.java:analyzeStorage(246)) - The storage directory /workdir/hadoop-ozone/integration-test/target/test-dir/MiniOzoneClusterImpl-fdc3d401-fab1-4968-a84f-12bf762e2bbf/datanode-3/data/ratis/118de180-0e03-4eba-9a6f-cf883e79110b does not exist. Creating ...
2019-09-26 16:53:54,317 [5160ea40-cc48-41a9-a1d1-1151a36e77d8@group-5230A7DA4A47:LeaderElection12] INFO  impl.RoleInfo (RoleInfo.java:updateAndGet(143)) - 5160ea40-cc48-41a9-a1d1-1151a36e77d8: start LeaderState
2019-09-26 16:53:54,317 [5160ea40-cc48-41a9-a1d1-1151a36e77d8@group-5230A7DA4A47:LeaderElection12] INFO  segmented.SegmentedRaftLogWorker (SegmentedRaftLogWorker.java:startLogSegment(380)) - 5160ea40-cc48-41a9-a1d1-1151a36e77d8@group-5230A7DA4A47-SegmentedRaftLogWorker: Starting segment from index:0
2019-09-26 16:53:54,318 [5160ea40-cc48-41a9-a1d1-1151a36e77d8@group-5230A7DA4A47:LeaderElection12] INFO  impl.RaftServerImpl (ServerState.java:setRaftConf(354)) - 5160ea40-cc48-41a9-a1d1-1151a36e77d8@group-5230A7DA4A47: set configuration 0: [5160ea40-cc48-41a9-a1d1-1151a36e77d8:192.168.151.99:45356], old=null at 0
2019-09-26 16:53:54,358 [pool-57-thread-1] INFO  storage.RaftStorageDirectory (RaftStorageDirectory.java:tryLock(328)) - Lock on /workdir/hadoop-ozone/integration-test/target/test-dir/MiniOzoneClusterImpl-fdc3d401-fab1-4968-a84f-12bf762e2bbf/datanode-3/data/ratis/118de180-0e03-4eba-9a6f-cf883e79110b/in_use.lock acquired by nodename 15096@pr-hdds-1569-g6sp5-2013761785
2019-09-26 16:53:54,372 [5160ea40-cc48-41a9-a1d1-1151a36e77d8@group-5230A7DA4A47-SegmentedRaftLogWorker] INFO  segmented.SegmentedRaftLogWorker (SegmentedRaftLogWorker.java:execute(569)) - 5160ea40-cc48-41a9-a1d1-1151a36e77d8@group-5230A7DA4A47-SegmentedRaftLogWorker: created new log segment /workdir/hadoop-ozone/integration-test/target/test-dir/MiniOzoneClusterImpl-fdc3d401-fab1-4968-a84f-12bf762e2bbf/datanode-3/data/ratis/57cb5a7f-e1f6-44d8-a41e-5230a7da4a47/current/log_inprogress_0
2019-09-26 16:53:54,372 [pool-57-thread-1] INFO  storage.RaftStorage (RaftStorage.java:format(72)) - Storage directory /workdir/hadoop-ozone/integration-test/target/test-dir/MiniOzoneClusterImpl-fdc3d401-fab1-4968-a84f-12bf762e2bbf/datanode-3/data/ratis/118de180-0e03-4eba-9a6f-cf883e79110b has been successfully formatted.
2019-09-26 16:53:54,372 [pool-57-thread-1] INFO  ratis.ContainerStateMachine (ContainerStateMachine.java:loadSnapshot(230)) - group-CF883E79110B: The snapshot info is null. Setting the last applied indexto:(t:0, i:~)
2019-09-26 16:53:54,372 [pool-57-thread-1] INFO  server.RaftServerConfigKeys (ConfUtils.java:logGet(43)) - raft.server.notification.no-leader.timeout = 120s (custom)
2019-09-26 16:53:54,373 [pool-57-thread-1] INFO  server.RaftServerConfigKeys (ConfUtils.java:logGet(43)) - raft.server.log.use.memory = false (default)
2019-09-26 16:53:54,373 [pool-57-thread-1] INFO  server.RaftServerConfigKeys (ConfUtils.java:logGet(43)) - raft.server.log.purge.gap = 1000000 (custom)
2019-09-26 16:53:54,373 [pool-57-thread-1] INFO  server.RaftServerConfigKeys (ConfUtils.java:logGet(43)) - raft.server.log.appender.buffer.byte-limit = 33554432 (custom)
2019-09-26 16:53:54,373 [pool-57-thread-1] INFO  server.RaftServerConfigKeys (ConfUtils.java:logGet(43)) - raft.server.log.segment.size.max = 1048576 (custom)
2019-09-26 16:53:54,373 [pool-57-thread-1] INFO  server.RaftServerConfigKeys (ConfUtils.java:logGet(43)) - raft.server.log.segment.cache.num.max = 2 (custom)
2019-09-26 16:53:54,374 [pool-57-thread-1] INFO  segmented.SegmentedRaftLogWorker (SegmentedRaftLogWorker.java:<init>(172)) - new 5160ea40-cc48-41a9-a1d1-1151a36e77d8@group-CF883E79110B-SegmentedRaftLogWorker for RaftStorage:Storage Directory /workdir/hadoop-ozone/integration-test/target/test-dir/MiniOzoneClusterImpl-fdc3d401-fab1-4968-a84f-12bf762e2bbf/datanode-3/data/ratis/118de180-0e03-4eba-9a6f-cf883e79110b
2019-09-26 16:53:54,374 [pool-57-thread-1] INFO  server.RaftServerConfigKeys (ConfUtils.java:logGet(43)) - raft.server.log.queue.byte-limit = 2147483647 (custom)
2019-09-26 16:53:54,374 [pool-57-thread-1] INFO  server.RaftServerConfigKeys (ConfUtils.java:logGet(43)) - raft.server.log.queue.element-limit = 1024 (custom)
2019-09-26 16:53:54,374 [pool-57-thread-1] INFO  server.RaftServerConfigKeys (ConfUtils.java:logGet(43)) - raft.server.log.segment.size.max = 1048576 (custom)
2019-09-26 16:53:54,374 [pool-57-thread-1] INFO  server.RaftServerConfigKeys (ConfUtils.java:logGet(43)) - raft.server.log.preallocated.size = 16384 (custom)
2019-09-26 16:53:54,375 [pool-57-thread-1] INFO  server.RaftServerConfigKeys (ConfUtils.java:logGet(43)) - raft.server.log.write.buffer.size = 33554432 (custom)
2019-09-26 16:53:54,375 [pool-57-thread-1] INFO  server.RaftServerConfigKeys (ConfUtils.java:logGet(43)) - raft.server.log.force.sync.num = 128 (default)
2019-09-26 16:53:54,375 [pool-57-thread-1] INFO  server.RaftServerConfigKeys (ConfUtils.java:logGet(43)) - raft.server.log.statemachine.data.sync = true (default)
2019-09-26 16:53:54,375 [pool-57-thread-1] INFO  server.RaftServerConfigKeys (ConfUtils.java:logGet(43)) - raft.server.log.statemachine.data.sync.timeout = 10s (default)
2019-09-26 16:53:54,375 [pool-57-thread-1] INFO  server.RaftServerConfigKeys (ConfUtils.java:logGet(43)) - raft.server.log.statemachine.data.sync.timeout.retry = -1 (default)
2019-09-26 16:53:54,376 [pool-57-thread-1] INFO  server.RaftServerConfigKeys (ConfUtils.java:logGet(43)) - raft.server.log.statemachine.data.caching.enabled = true (custom)
2019-09-26 16:53:54,376 [pool-57-thread-1] INFO  segmented.SegmentedRaftLogWorker (SegmentedRaftLogWorker.java:lambda$new$0(132)) - 5160ea40-cc48-41a9-a1d1-1151a36e77d8@group-CF883E79110B-SegmentedRaftLogWorker: flushIndex: setUnconditionally 0 -> -1
2019-09-26 16:53:54,376 [pool-57-thread-1] INFO  server.RaftServerConfigKeys (ConfUtils.java:logGet(43)) - raft.server.snapshot.auto.trigger.enabled = true (custom)
2019-09-26 16:53:54,377 [pool-57-thread-1] INFO  server.RaftServerConfigKeys (ConfUtils.java:logGet(43)) - raft.server.snapshot.auto.trigger.threshold = 10000 (custom)
2019-09-26 16:53:54,377 [pool-57-thread-1] INFO  server.RaftServerConfigKeys (ConfUtils.java:logGet(43)) - raft.server.snapshot.retention.num.files = 5 (custom)
2019-09-26 16:53:54,377 [pool-57-thread-1] INFO  server.RaftServerConfigKeys (ConfUtils.java:logGet(43)) - raft.server.retrycache.expirytime = 600000ms (custom)
2019-09-26 16:53:54,378 [Thread-279] INFO  impl.FollowerState (FollowerState.java:run(106)) - 5160ea40-cc48-41a9-a1d1-1151a36e77d8:group-9E3285DD263B changes to CANDIDATE, lastRpcTime:5070, electionTimeout:5070ms
2019-09-26 16:53:54,379 [Thread-279] INFO  impl.RoleInfo (RoleInfo.java:shutdownFollowerState(121)) - 5160ea40-cc48-41a9-a1d1-1151a36e77d8: shutdown FollowerState
2019-09-26 16:53:54,379 [Thread-279] INFO  impl.RaftServerImpl (RaftServerImpl.java:setRole(174)) - 5160ea40-cc48-41a9-a1d1-1151a36e77d8@group-9E3285DD263B: changes role from  FOLLOWER to CANDIDATE at term 0 for changeToCandidate
2019-09-26 16:53:54,379 [Thread-279] INFO  impl.RoleInfo (RoleInfo.java:updateAndGet(143)) - 5160ea40-cc48-41a9-a1d1-1151a36e77d8: start LeaderElection
2019-09-26 16:53:54,388 [pool-57-thread-1] INFO  impl.RaftServerImpl (RaftServerImpl.java:start(185)) - 5160ea40-cc48-41a9-a1d1-1151a36e77d8@group-CF883E79110B: start as a follower, conf=-1: [5160ea40-cc48-41a9-a1d1-1151a36e77d8:192.168.151.99:45356], old=null
2019-09-26 16:53:54,389 [pool-57-thread-1] INFO  impl.RaftServerImpl (RaftServerImpl.java:setRole(174)) - 5160ea40-cc48-41a9-a1d1-1151a36e77d8@group-CF883E79110B: changes role from      null to FOLLOWER at term 0 for startAsFollower
2019-09-26 16:53:54,389 [pool-57-thread-1] INFO  impl.RoleInfo (RoleInfo.java:updateAndGet(143)) - 5160ea40-cc48-41a9-a1d1-1151a36e77d8: start FollowerState
2019-09-26 16:53:54,389 [pool-57-thread-1] INFO  util.JmxRegister (JmxRegister.java:tryRegister(44)) - Successfully registered JMX Bean with object name Ratis:service=RaftServer,group=group-CF883E79110B,id=5160ea40-cc48-41a9-a1d1-1151a36e77d8
2019-09-26 16:53:54,393 [RatisPipelineUtilsThread] INFO  pipeline.PipelineStateManager (PipelineStateManager.java:addPipeline(56)) - Created pipeline Pipeline[ Id: 118de180-0e03-4eba-9a6f-cf883e79110b, Nodes: 5160ea40-cc48-41a9-a1d1-1151a36e77d8{ip: 192.168.151.99, host: pr-hdds-1569-g6sp5-2013761785, networkLocation: /default-rack, certSerialId: null}, Type:RATIS, Factor:ONE, State:OPEN]
2019-09-26 16:53:54,399 [grpc-default-executor-1] INFO  impl.RaftServerProxy (RaftServerProxy.java:addNew(89)) - 5160ea40-cc48-41a9-a1d1-1151a36e77d8: addNew group-802909185AE8:[5160ea40-cc48-41a9-a1d1-1151a36e77d8:192.168.151.99:45356] returns group-802909185AE8:java.util.concurrent.CompletableFuture@d0b4307[Not completed]
2019-09-26 16:53:54,400 [5160ea40-cc48-41a9-a1d1-1151a36e77d8@group-9E3285DD263B:LeaderElection13] INFO  impl.LeaderElection (LeaderElection.java:askForVotes(182)) - 5160ea40-cc48-41a9-a1d1-1151a36e77d8@group-9E3285DD263B:LeaderElection13: begin an election at term 1 for -1: [5160ea40-cc48-41a9-a1d1-1151a36e77d8:192.168.151.99:45356], old=null
2019-09-26 16:53:54,400 [pool-57-thread-1] INFO  impl.RaftServerImpl (RaftServerImpl.java:<init>(95)) - 5160ea40-cc48-41a9-a1d1-1151a36e77d8: new RaftServerImpl for group-802909185AE8:[5160ea40-cc48-41a9-a1d1-1151a36e77d8:192.168.151.99:45356] with ContainerStateMachine:uninitialized
2019-09-26 16:53:54,401 [5160ea40-cc48-41a9-a1d1-1151a36e77d8@group-9E3285DD263B:LeaderElection13] INFO  impl.RoleInfo (RoleInfo.java:shutdownLeaderElection(134)) - 5160ea40-cc48-41a9-a1d1-1151a36e77d8: shutdown LeaderElection
2019-09-26 16:53:54,401 [pool-57-thread-1] INFO  server.RaftServerConfigKeys (ConfUtils.java:logGet(43)) - raft.server.rpc.timeout.min = 5s (custom)
2019-09-26 16:53:54,401 [5160ea40-cc48-41a9-a1d1-1151a36e77d8@group-9E3285DD263B:LeaderElection13] INFO  impl.RaftServerImpl (RaftServerImpl.java:setRole(174)) - 5160ea40-cc48-41a9-a1d1-1151a36e77d8@group-9E3285DD263B: changes role from CANDIDATE to LEADER at term 1 for changeToLeader
2019-09-26 16:53:54,401 [pool-57-thread-1] INFO  server.RaftServerConfigKeys (ConfUtils.java:logGet(43)) - raft.server.rpc.timeout.max = 5200ms (custom)
2019-09-26 16:53:54,401 [5160ea40-cc48-41a9-a1d1-1151a36e77d8@group-9E3285DD263B:LeaderElection13] INFO  impl.RaftServerImpl (ServerState.java:setLeader(253)) - 5160ea40-cc48-41a9-a1d1-1151a36e77d8@group-9E3285DD263B: change Leader from null to 5160ea40-cc48-41a9-a1d1-1151a36e77d8 at term 1 for becomeLeader, leader elected after 5102ms
2019-09-26 16:53:54,401 [pool-57-thread-1] INFO  server.RaftServerConfigKeys (ConfUtils.java:logGet(43)) - raft.server.rpcslowness.timeout = 120s (custom)
2019-09-26 16:53:54,402 [5160ea40-cc48-41a9-a1d1-1151a36e77d8@group-9E3285DD263B:LeaderElection13] INFO  server.RaftServerConfigKeys (ConfUtils.java:logGet(43)) - raft.server.staging.catchup.gap = 1000 (default)
2019-09-26 16:53:54,402 [pool-57-thread-1] INFO  server.RaftServerConfigKeys (ConfUtils.java:logGet(43)) - raft.server.sleep.deviation.threshold = 300 (default)
2019-09-26 16:53:54,402 [5160ea40-cc48-41a9-a1d1-1151a36e77d8@group-9E3285DD263B:LeaderElection13] INFO  server.RaftServerConfigKeys (ConfUtils.java:logGet(43)) - raft.server.rpc.sleep.time = 25ms (default)
2019-09-26 16:53:54,402 [pool-57-thread-1] INFO  server.RaftServerConfigKeys (ConfUtils.java:logGet(43)) - raft.server.log.appender.install.snapshot.enabled = false (custom)
2019-09-26 16:53:54,402 [5160ea40-cc48-41a9-a1d1-1151a36e77d8@group-9E3285DD263B:LeaderElection13] INFO  server.RaftServerConfigKeys (ConfUtils.java:logGet(43)) - raft.server.write.element-limit = 4096 (default)
2019-09-26 16:53:54,402 [pool-57-thread-1] INFO  impl.RaftServerImpl (ServerState.java:<init>(103)) - 5160ea40-cc48-41a9-a1d1-1151a36e77d8@group-802909185AE8: ConfigurationManager, init=-1: [5160ea40-cc48-41a9-a1d1-1151a36e77d8:192.168.151.99:45356], old=null, confs=<EMPTY_MAP>
2019-09-26 16:53:54,403 [5160ea40-cc48-41a9-a1d1-1151a36e77d8@group-9E3285DD263B:LeaderElection13] INFO  server.RaftServerConfigKeys (ConfUtils.java:logGet(43)) - raft.server.watch.timeout = 10s (default)
2019-09-26 16:53:54,403 [pool-57-thread-1] INFO  server.RaftServerConfigKeys (ConfUtils.java:logGet(43)) - raft.server.storage.dir = [/workdir/hadoop-ozone/integration-test/target/test-dir/MiniOzoneClusterImpl-fdc3d401-fab1-4968-a84f-12bf762e2bbf/datanode-3/data/ratis] (custom)
2019-09-26 16:53:54,403 [5160ea40-cc48-41a9-a1d1-1151a36e77d8@group-9E3285DD263B:LeaderElection13] INFO  server.RaftServerConfigKeys (ConfUtils.java:logGet(43)) - raft.server.watch.timeout.denomination = 1s (default)
2019-09-26 16:53:54,403 [5160ea40-cc48-41a9-a1d1-1151a36e77d8@group-9E3285DD263B:LeaderElection13] INFO  server.RaftServerConfigKeys (ConfUtils.java:logGet(43)) - raft.server.watch.element-limit = 65536 (default)
2019-09-26 16:53:54,403 [pool-57-thread-1] INFO  storage.RaftStorageDirectory (RaftStorageDirectory.java:analyzeStorage(246)) - The storage directory /workdir/hadoop-ozone/integration-test/target/test-dir/MiniOzoneClusterImpl-fdc3d401-fab1-4968-a84f-12bf762e2bbf/datanode-3/data/ratis/e21c0f6b-2f95-4f4d-9c0e-802909185ae8 does not exist. Creating ...
2019-09-26 16:53:54,407 [5160ea40-cc48-41a9-a1d1-1151a36e77d8@group-9E3285DD263B:LeaderElection13] INFO  impl.RoleInfo (RoleInfo.java:updateAndGet(143)) - 5160ea40-cc48-41a9-a1d1-1151a36e77d8: start LeaderState
2019-09-26 16:53:54,407 [5160ea40-cc48-41a9-a1d1-1151a36e77d8@group-9E3285DD263B:LeaderElection13] INFO  segmented.SegmentedRaftLogWorker (SegmentedRaftLogWorker.java:startLogSegment(380)) - 5160ea40-cc48-41a9-a1d1-1151a36e77d8@group-9E3285DD263B-SegmentedRaftLogWorker: Starting segment from index:0
2019-09-26 16:53:54,408 [5160ea40-cc48-41a9-a1d1-1151a36e77d8@group-9E3285DD263B:LeaderElection13] INFO  impl.RaftServerImpl (ServerState.java:setRaftConf(354)) - 5160ea40-cc48-41a9-a1d1-1151a36e77d8@group-9E3285DD263B: set configuration 0: [5160ea40-cc48-41a9-a1d1-1151a36e77d8:192.168.151.99:45356], old=null at 0
2019-09-26 16:53:54,444 [pool-57-thread-1] INFO  storage.RaftStorageDirectory (RaftStorageDirectory.java:tryLock(328)) - Lock on /workdir/hadoop-ozone/integration-test/target/test-dir/MiniOzoneClusterImpl-fdc3d401-fab1-4968-a84f-12bf762e2bbf/datanode-3/data/ratis/e21c0f6b-2f95-4f4d-9c0e-802909185ae8/in_use.lock acquired by nodename 15096@pr-hdds-1569-g6sp5-2013761785
2019-09-26 16:53:54,457 [5160ea40-cc48-41a9-a1d1-1151a36e77d8@group-9E3285DD263B-SegmentedRaftLogWorker] INFO  segmented.SegmentedRaftLogWorker (SegmentedRaftLogWorker.java:execute(569)) - 5160ea40-cc48-41a9-a1d1-1151a36e77d8@group-9E3285DD263B-SegmentedRaftLogWorker: created new log segment /workdir/hadoop-ozone/integration-test/target/test-dir/MiniOzoneClusterImpl-fdc3d401-fab1-4968-a84f-12bf762e2bbf/datanode-3/data/ratis/7399cf0b-926a-4ab3-bc79-9e3285dd263b/current/log_inprogress_0
2019-09-26 16:53:54,457 [pool-57-thread-1] INFO  storage.RaftStorage (RaftStorage.java:format(72)) - Storage directory /workdir/hadoop-ozone/integration-test/target/test-dir/MiniOzoneClusterImpl-fdc3d401-fab1-4968-a84f-12bf762e2bbf/datanode-3/data/ratis/e21c0f6b-2f95-4f4d-9c0e-802909185ae8 has been successfully formatted.
2019-09-26 16:53:54,457 [pool-57-thread-1] INFO  ratis.ContainerStateMachine (ContainerStateMachine.java:loadSnapshot(230)) - group-802909185AE8: The snapshot info is null. Setting the last applied indexto:(t:0, i:~)
2019-09-26 16:53:54,457 [pool-57-thread-1] INFO  server.RaftServerConfigKeys (ConfUtils.java:logGet(43)) - raft.server.notification.no-leader.timeout = 120s (custom)
2019-09-26 16:53:54,457 [pool-57-thread-1] INFO  server.RaftServerConfigKeys (ConfUtils.java:logGet(43)) - raft.server.log.use.memory = false (default)
2019-09-26 16:53:54,458 [pool-57-thread-1] INFO  server.RaftServerConfigKeys (ConfUtils.java:logGet(43)) - raft.server.log.purge.gap = 1000000 (custom)
2019-09-26 16:53:54,458 [pool-57-thread-1] INFO  server.RaftServerConfigKeys (ConfUtils.java:logGet(43)) - raft.server.log.appender.buffer.byte-limit = 33554432 (custom)
2019-09-26 16:53:54,458 [pool-57-thread-1] INFO  server.RaftServerConfigKeys (ConfUtils.java:logGet(43)) - raft.server.log.segment.size.max = 1048576 (custom)
2019-09-26 16:53:54,458 [pool-57-thread-1] INFO  server.RaftServerConfigKeys (ConfUtils.java:logGet(43)) - raft.server.log.segment.cache.num.max = 2 (custom)
2019-09-26 16:53:54,458 [pool-57-thread-1] INFO  segmented.SegmentedRaftLogWorker (SegmentedRaftLogWorker.java:<init>(172)) - new 5160ea40-cc48-41a9-a1d1-1151a36e77d8@group-802909185AE8-SegmentedRaftLogWorker for RaftStorage:Storage Directory /workdir/hadoop-ozone/integration-test/target/test-dir/MiniOzoneClusterImpl-fdc3d401-fab1-4968-a84f-12bf762e2bbf/datanode-3/data/ratis/e21c0f6b-2f95-4f4d-9c0e-802909185ae8
2019-09-26 16:53:54,458 [pool-57-thread-1] INFO  server.RaftServerConfigKeys (ConfUtils.java:logGet(43)) - raft.server.log.queue.byte-limit = 2147483647 (custom)
2019-09-26 16:53:54,459 [pool-57-thread-1] INFO  server.RaftServerConfigKeys (ConfUtils.java:logGet(43)) - raft.server.log.queue.element-limit = 1024 (custom)
2019-09-26 16:53:54,459 [pool-57-thread-1] INFO  server.RaftServerConfigKeys (ConfUtils.java:logGet(43)) - raft.server.log.segment.size.max = 1048576 (custom)
2019-09-26 16:53:54,459 [pool-57-thread-1] INFO  server.RaftServerConfigKeys (ConfUtils.java:logGet(43)) - raft.server.log.preallocated.size = 16384 (custom)
2019-09-26 16:53:54,459 [pool-57-thread-1] INFO  server.RaftServerConfigKeys (ConfUtils.java:logGet(43)) - raft.server.log.write.buffer.size = 33554432 (custom)
2019-09-26 16:53:54,459 [pool-57-thread-1] INFO  server.RaftServerConfigKeys (ConfUtils.java:logGet(43)) - raft.server.log.force.sync.num = 128 (default)
2019-09-26 16:53:54,459 [pool-57-thread-1] INFO  server.RaftServerConfigKeys (ConfUtils.java:logGet(43)) - raft.server.log.statemachine.data.sync = true (default)
2019-09-26 16:53:54,459 [pool-57-thread-1] INFO  server.RaftServerConfigKeys (ConfUtils.java:logGet(43)) - raft.server.log.statemachine.data.sync.timeout = 10s (default)
2019-09-26 16:53:54,460 [pool-57-thread-1] INFO  server.RaftServerConfigKeys (ConfUtils.java:logGet(43)) - raft.server.log.statemachine.data.sync.timeout.retry = -1 (default)
2019-09-26 16:53:54,460 [pool-57-thread-1] INFO  server.RaftServerConfigKeys (ConfUtils.java:logGet(43)) - raft.server.log.statemachine.data.caching.enabled = true (custom)
2019-09-26 16:53:54,460 [pool-57-thread-1] INFO  segmented.SegmentedRaftLogWorker (SegmentedRaftLogWorker.java:lambda$new$0(132)) - 5160ea40-cc48-41a9-a1d1-1151a36e77d8@group-802909185AE8-SegmentedRaftLogWorker: flushIndex: setUnconditionally 0 -> -1
2019-09-26 16:53:54,461 [pool-57-thread-1] INFO  server.RaftServerConfigKeys (ConfUtils.java:logGet(43)) - raft.server.snapshot.auto.trigger.enabled = true (custom)
2019-09-26 16:53:54,461 [pool-57-thread-1] INFO  server.RaftServerConfigKeys (ConfUtils.java:logGet(43)) - raft.server.snapshot.auto.trigger.threshold = 10000 (custom)
2019-09-26 16:53:54,461 [pool-57-thread-1] INFO  server.RaftServerConfigKeys (ConfUtils.java:logGet(43)) - raft.server.snapshot.retention.num.files = 5 (custom)
2019-09-26 16:53:54,461 [pool-57-thread-1] INFO  server.RaftServerConfigKeys (ConfUtils.java:logGet(43)) - raft.server.retrycache.expirytime = 600000ms (custom)
2019-09-26 16:53:54,464 [pool-57-thread-1] INFO  impl.RaftServerImpl (RaftServerImpl.java:start(185)) - 5160ea40-cc48-41a9-a1d1-1151a36e77d8@group-802909185AE8: start as a follower, conf=-1: [5160ea40-cc48-41a9-a1d1-1151a36e77d8:192.168.151.99:45356], old=null
2019-09-26 16:53:54,464 [pool-57-thread-1] INFO  impl.RaftServerImpl (RaftServerImpl.java:setRole(174)) - 5160ea40-cc48-41a9-a1d1-1151a36e77d8@group-802909185AE8: changes role from      null to FOLLOWER at term 0 for startAsFollower
2019-09-26 16:53:54,464 [pool-57-thread-1] INFO  impl.RoleInfo (RoleInfo.java:updateAndGet(143)) - 5160ea40-cc48-41a9-a1d1-1151a36e77d8: start FollowerState
2019-09-26 16:53:54,465 [pool-57-thread-1] INFO  util.JmxRegister (JmxRegister.java:tryRegister(44)) - Successfully registered JMX Bean with object name Ratis:service=RaftServer,group=group-802909185AE8,id=5160ea40-cc48-41a9-a1d1-1151a36e77d8
2019-09-26 16:53:54,468 [RatisPipelineUtilsThread] INFO  pipeline.PipelineStateManager (PipelineStateManager.java:addPipeline(56)) - Created pipeline Pipeline[ Id: e21c0f6b-2f95-4f4d-9c0e-802909185ae8, Nodes: 5160ea40-cc48-41a9-a1d1-1151a36e77d8{ip: 192.168.151.99, host: pr-hdds-1569-g6sp5-2013761785, networkLocation: /default-rack, certSerialId: null}, Type:RATIS, Factor:ONE, State:OPEN]
2019-09-26 16:53:54,475 [grpc-default-executor-1] INFO  impl.RaftServerProxy (RaftServerProxy.java:addNew(89)) - 4a469c34-60df-4173-8d32-715e2ce97f5d: addNew group-D505D210B7C8:[4a469c34-60df-4173-8d32-715e2ce97f5d:192.168.151.99:42442] returns group-D505D210B7C8:java.util.concurrent.CompletableFuture@15a87c31[Not completed]
2019-09-26 16:53:54,476 [pool-87-thread-1] INFO  impl.RaftServerImpl (RaftServerImpl.java:<init>(95)) - 4a469c34-60df-4173-8d32-715e2ce97f5d: new RaftServerImpl for group-D505D210B7C8:[4a469c34-60df-4173-8d32-715e2ce97f5d:192.168.151.99:42442] with ContainerStateMachine:uninitialized
2019-09-26 16:53:54,476 [pool-87-thread-1] INFO  server.RaftServerConfigKeys (ConfUtils.java:logGet(43)) - raft.server.rpc.timeout.min = 5s (custom)
2019-09-26 16:53:54,477 [pool-87-thread-1] INFO  server.RaftServerConfigKeys (ConfUtils.java:logGet(43)) - raft.server.rpc.timeout.max = 5200ms (custom)
2019-09-26 16:53:54,477 [pool-87-thread-1] INFO  server.RaftServerConfigKeys (ConfUtils.java:logGet(43)) - raft.server.rpcslowness.timeout = 120s (custom)
2019-09-26 16:53:54,477 [pool-87-thread-1] INFO  server.RaftServerConfigKeys (ConfUtils.java:logGet(43)) - raft.server.sleep.deviation.threshold = 300 (default)
2019-09-26 16:53:54,477 [pool-87-thread-1] INFO  server.RaftServerConfigKeys (ConfUtils.java:logGet(43)) - raft.server.log.appender.install.snapshot.enabled = false (custom)
2019-09-26 16:53:54,477 [pool-87-thread-1] INFO  impl.RaftServerImpl (ServerState.java:<init>(103)) - 4a469c34-60df-4173-8d32-715e2ce97f5d@group-D505D210B7C8: ConfigurationManager, init=-1: [4a469c34-60df-4173-8d32-715e2ce97f5d:192.168.151.99:42442], old=null, confs=<EMPTY_MAP>
2019-09-26 16:53:54,477 [pool-87-thread-1] INFO  server.RaftServerConfigKeys (ConfUtils.java:logGet(43)) - raft.server.storage.dir = [/workdir/hadoop-ozone/integration-test/target/test-dir/MiniOzoneClusterImpl-fdc3d401-fab1-4968-a84f-12bf762e2bbf/datanode-6/data/ratis] (custom)
2019-09-26 16:53:54,478 [pool-87-thread-1] INFO  storage.RaftStorageDirectory (RaftStorageDirectory.java:analyzeStorage(246)) - The storage directory /workdir/hadoop-ozone/integration-test/target/test-dir/MiniOzoneClusterImpl-fdc3d401-fab1-4968-a84f-12bf762e2bbf/datanode-6/data/ratis/a624ec19-bf9b-4d7d-9f18-d505d210b7c8 does not exist. Creating ...
2019-09-26 16:53:54,480 [Thread-282] INFO  impl.FollowerState (FollowerState.java:run(106)) - 7fda706b-4e23-4e10-baba-12810c05fbbb:group-61A0CF6BFCC2 changes to CANDIDATE, lastRpcTime:5083, electionTimeout:5083ms
2019-09-26 16:53:54,480 [Thread-282] INFO  impl.RoleInfo (RoleInfo.java:shutdownFollowerState(121)) - 7fda706b-4e23-4e10-baba-12810c05fbbb: shutdown FollowerState
2019-09-26 16:53:54,480 [Thread-282] INFO  impl.RaftServerImpl (RaftServerImpl.java:setRole(174)) - 7fda706b-4e23-4e10-baba-12810c05fbbb@group-61A0CF6BFCC2: changes role from  FOLLOWER to CANDIDATE at term 0 for changeToCandidate
2019-09-26 16:53:54,480 [Thread-282] INFO  impl.RoleInfo (RoleInfo.java:updateAndGet(143)) - 7fda706b-4e23-4e10-baba-12810c05fbbb: start LeaderElection
2019-09-26 16:53:54,491 [pool-87-thread-1] INFO  storage.RaftStorageDirectory (RaftStorageDirectory.java:tryLock(328)) - Lock on /workdir/hadoop-ozone/integration-test/target/test-dir/MiniOzoneClusterImpl-fdc3d401-fab1-4968-a84f-12bf762e2bbf/datanode-6/data/ratis/a624ec19-bf9b-4d7d-9f18-d505d210b7c8/in_use.lock acquired by nodename 15096@pr-hdds-1569-g6sp5-2013761785
2019-09-26 16:53:54,491 [7fda706b-4e23-4e10-baba-12810c05fbbb@group-61A0CF6BFCC2:LeaderElection14] INFO  impl.LeaderElection (LeaderElection.java:askForVotes(182)) - 7fda706b-4e23-4e10-baba-12810c05fbbb@group-61A0CF6BFCC2:LeaderElection14: begin an election at term 1 for -1: [7fda706b-4e23-4e10-baba-12810c05fbbb:192.168.151.99:32897], old=null
2019-09-26 16:53:54,492 [7fda706b-4e23-4e10-baba-12810c05fbbb@group-61A0CF6BFCC2:LeaderElection14] INFO  impl.RoleInfo (RoleInfo.java:shutdownLeaderElection(134)) - 7fda706b-4e23-4e10-baba-12810c05fbbb: shutdown LeaderElection
2019-09-26 16:53:54,492 [7fda706b-4e23-4e10-baba-12810c05fbbb@group-61A0CF6BFCC2:LeaderElection14] INFO  impl.RaftServerImpl (RaftServerImpl.java:setRole(174)) - 7fda706b-4e23-4e10-baba-12810c05fbbb@group-61A0CF6BFCC2: changes role from CANDIDATE to LEADER at term 1 for changeToLeader
2019-09-26 16:53:54,492 [7fda706b-4e23-4e10-baba-12810c05fbbb@group-61A0CF6BFCC2:LeaderElection14] INFO  impl.RaftServerImpl (ServerState.java:setLeader(253)) - 7fda706b-4e23-4e10-baba-12810c05fbbb@group-61A0CF6BFCC2: change Leader from null to 7fda706b-4e23-4e10-baba-12810c05fbbb at term 1 for becomeLeader, leader elected after 5103ms
2019-09-26 16:53:54,492 [7fda706b-4e23-4e10-baba-12810c05fbbb@group-61A0CF6BFCC2:LeaderElection14] INFO  server.RaftServerConfigKeys (ConfUtils.java:logGet(43)) - raft.server.staging.catchup.gap = 1000 (default)
2019-09-26 16:53:54,492 [7fda706b-4e23-4e10-baba-12810c05fbbb@group-61A0CF6BFCC2:LeaderElection14] INFO  server.RaftServerConfigKeys (ConfUtils.java:logGet(43)) - raft.server.rpc.sleep.time = 25ms (default)
2019-09-26 16:53:54,492 [7fda706b-4e23-4e10-baba-12810c05fbbb@group-61A0CF6BFCC2:LeaderElection14] INFO  server.RaftServerConfigKeys (ConfUtils.java:logGet(43)) - raft.server.write.element-limit = 4096 (default)
2019-09-26 16:53:54,493 [7fda706b-4e23-4e10-baba-12810c05fbbb@group-61A0CF6BFCC2:LeaderElection14] INFO  server.RaftServerConfigKeys (ConfUtils.java:logGet(43)) - raft.server.watch.timeout = 10s (default)
2019-09-26 16:53:54,493 [7fda706b-4e23-4e10-baba-12810c05fbbb@group-61A0CF6BFCC2:LeaderElection14] INFO  server.RaftServerConfigKeys (ConfUtils.java:logGet(43)) - raft.server.watch.timeout.denomination = 1s (default)
2019-09-26 16:53:54,493 [7fda706b-4e23-4e10-baba-12810c05fbbb@group-61A0CF6BFCC2:LeaderElection14] INFO  server.RaftServerConfigKeys (ConfUtils.java:logGet(43)) - raft.server.watch.element-limit = 65536 (default)
2019-09-26 16:53:54,495 [7fda706b-4e23-4e10-baba-12810c05fbbb@group-61A0CF6BFCC2:LeaderElection14] INFO  impl.RoleInfo (RoleInfo.java:updateAndGet(143)) - 7fda706b-4e23-4e10-baba-12810c05fbbb: start LeaderState
2019-09-26 16:53:54,495 [7fda706b-4e23-4e10-baba-12810c05fbbb@group-61A0CF6BFCC2:LeaderElection14] INFO  segmented.SegmentedRaftLogWorker (SegmentedRaftLogWorker.java:startLogSegment(380)) - 7fda706b-4e23-4e10-baba-12810c05fbbb@group-61A0CF6BFCC2-SegmentedRaftLogWorker: Starting segment from index:0
2019-09-26 16:53:54,496 [7fda706b-4e23-4e10-baba-12810c05fbbb@group-61A0CF6BFCC2:LeaderElection14] INFO  impl.RaftServerImpl (ServerState.java:setRaftConf(354)) - 7fda706b-4e23-4e10-baba-12810c05fbbb@group-61A0CF6BFCC2: set configuration 0: [7fda706b-4e23-4e10-baba-12810c05fbbb:192.168.151.99:32897], old=null at 0
2019-09-26 16:53:54,534 [pool-87-thread-1] INFO  storage.RaftStorage (RaftStorage.java:format(72)) - Storage directory /workdir/hadoop-ozone/integration-test/target/test-dir/MiniOzoneClusterImpl-fdc3d401-fab1-4968-a84f-12bf762e2bbf/datanode-6/data/ratis/a624ec19-bf9b-4d7d-9f18-d505d210b7c8 has been successfully formatted.
2019-09-26 16:53:54,534 [pool-87-thread-1] INFO  ratis.ContainerStateMachine (ContainerStateMachine.java:loadSnapshot(230)) - group-D505D210B7C8: The snapshot info is null. Setting the last applied indexto:(t:0, i:~)
2019-09-26 16:53:54,534 [pool-87-thread-1] INFO  server.RaftServerConfigKeys (ConfUtils.java:logGet(43)) - raft.server.notification.no-leader.timeout = 120s (custom)
2019-09-26 16:53:54,535 [pool-87-thread-1] INFO  server.RaftServerConfigKeys (ConfUtils.java:logGet(43)) - raft.server.log.use.memory = false (default)
2019-09-26 16:53:54,535 [pool-87-thread-1] INFO  server.RaftServerConfigKeys (ConfUtils.java:logGet(43)) - raft.server.log.purge.gap = 1000000 (custom)
2019-09-26 16:53:54,535 [pool-87-thread-1] INFO  server.RaftServerConfigKeys (ConfUtils.java:logGet(43)) - raft.server.log.appender.buffer.byte-limit = 33554432 (custom)
2019-09-26 16:53:54,535 [pool-87-thread-1] INFO  server.RaftServerConfigKeys (ConfUtils.java:logGet(43)) - raft.server.log.segment.size.max = 1048576 (custom)
2019-09-26 16:53:54,535 [pool-87-thread-1] INFO  server.RaftServerConfigKeys (ConfUtils.java:logGet(43)) - raft.server.log.segment.cache.num.max = 2 (custom)
2019-09-26 16:53:54,535 [pool-87-thread-1] INFO  segmented.SegmentedRaftLogWorker (SegmentedRaftLogWorker.java:<init>(172)) - new 4a469c34-60df-4173-8d32-715e2ce97f5d@group-D505D210B7C8-SegmentedRaftLogWorker for RaftStorage:Storage Directory /workdir/hadoop-ozone/integration-test/target/test-dir/MiniOzoneClusterImpl-fdc3d401-fab1-4968-a84f-12bf762e2bbf/datanode-6/data/ratis/a624ec19-bf9b-4d7d-9f18-d505d210b7c8
2019-09-26 16:53:54,536 [pool-87-thread-1] INFO  server.RaftServerConfigKeys (ConfUtils.java:logGet(43)) - raft.server.log.queue.byte-limit = 2147483647 (custom)
2019-09-26 16:53:54,536 [pool-87-thread-1] INFO  server.RaftServerConfigKeys (ConfUtils.java:logGet(43)) - raft.server.log.queue.element-limit = 1024 (custom)
2019-09-26 16:53:54,536 [pool-87-thread-1] INFO  server.RaftServerConfigKeys (ConfUtils.java:logGet(43)) - raft.server.log.segment.size.max = 1048576 (custom)
2019-09-26 16:53:54,536 [pool-87-thread-1] INFO  server.RaftServerConfigKeys (ConfUtils.java:logGet(43)) - raft.server.log.preallocated.size = 16384 (custom)
2019-09-26 16:53:54,536 [pool-87-thread-1] INFO  server.RaftServerConfigKeys (ConfUtils.java:logGet(43)) - raft.server.log.write.buffer.size = 33554432 (custom)
2019-09-26 16:53:54,537 [pool-87-thread-1] INFO  server.RaftServerConfigKeys (ConfUtils.java:logGet(43)) - raft.server.log.force.sync.num = 128 (default)
2019-09-26 16:53:54,537 [pool-87-thread-1] INFO  server.RaftServerConfigKeys (ConfUtils.java:logGet(43)) - raft.server.log.statemachine.data.sync = true (default)
2019-09-26 16:53:54,537 [pool-87-thread-1] INFO  server.RaftServerConfigKeys (ConfUtils.java:logGet(43)) - raft.server.log.statemachine.data.sync.timeout = 10s (default)
2019-09-26 16:53:54,537 [pool-87-thread-1] INFO  server.RaftServerConfigKeys (ConfUtils.java:logGet(43)) - raft.server.log.statemachine.data.sync.timeout.retry = -1 (default)
2019-09-26 16:53:54,537 [pool-87-thread-1] INFO  server.RaftServerConfigKeys (ConfUtils.java:logGet(43)) - raft.server.log.statemachine.data.caching.enabled = true (custom)
2019-09-26 16:53:54,538 [pool-87-thread-1] INFO  segmented.SegmentedRaftLogWorker (SegmentedRaftLogWorker.java:lambda$new$0(132)) - 4a469c34-60df-4173-8d32-715e2ce97f5d@group-D505D210B7C8-SegmentedRaftLogWorker: flushIndex: setUnconditionally 0 -> -1
2019-09-26 16:53:54,538 [pool-87-thread-1] INFO  server.RaftServerConfigKeys (ConfUtils.java:logGet(43)) - raft.server.snapshot.auto.trigger.enabled = true (custom)
2019-09-26 16:53:54,538 [pool-87-thread-1] INFO  server.RaftServerConfigKeys (ConfUtils.java:logGet(43)) - raft.server.snapshot.auto.trigger.threshold = 10000 (custom)
2019-09-26 16:53:54,538 [pool-87-thread-1] INFO  server.RaftServerConfigKeys (ConfUtils.java:logGet(43)) - raft.server.snapshot.retention.num.files = 5 (custom)
2019-09-26 16:53:54,539 [pool-87-thread-1] INFO  server.RaftServerConfigKeys (ConfUtils.java:logGet(43)) - raft.server.retrycache.expirytime = 600000ms (custom)
2019-09-26 16:53:54,541 [pool-87-thread-1] INFO  impl.RaftServerImpl (RaftServerImpl.java:start(185)) - 4a469c34-60df-4173-8d32-715e2ce97f5d@group-D505D210B7C8: start as a follower, conf=-1: [4a469c34-60df-4173-8d32-715e2ce97f5d:192.168.151.99:42442], old=null
2019-09-26 16:53:54,541 [pool-87-thread-1] INFO  impl.RaftServerImpl (RaftServerImpl.java:setRole(174)) - 4a469c34-60df-4173-8d32-715e2ce97f5d@group-D505D210B7C8: changes role from      null to FOLLOWER at term 0 for startAsFollower
2019-09-26 16:53:54,542 [pool-87-thread-1] INFO  impl.RoleInfo (RoleInfo.java:updateAndGet(143)) - 4a469c34-60df-4173-8d32-715e2ce97f5d: start FollowerState
2019-09-26 16:53:54,542 [pool-87-thread-1] INFO  util.JmxRegister (JmxRegister.java:tryRegister(44)) - Successfully registered JMX Bean with object name Ratis:service=RaftServer,group=group-D505D210B7C8,id=4a469c34-60df-4173-8d32-715e2ce97f5d
2019-09-26 16:53:54,545 [RatisPipelineUtilsThread] INFO  pipeline.PipelineStateManager (PipelineStateManager.java:addPipeline(56)) - Created pipeline Pipeline[ Id: a624ec19-bf9b-4d7d-9f18-d505d210b7c8, Nodes: 4a469c34-60df-4173-8d32-715e2ce97f5d{ip: 192.168.151.99, host: pr-hdds-1569-g6sp5-2013761785, networkLocation: /default-rack, certSerialId: null}, Type:RATIS, Factor:ONE, State:OPEN]
2019-09-26 16:53:54,551 [grpc-default-executor-1] INFO  impl.RaftServerProxy (RaftServerProxy.java:addNew(89)) - deac9605-e739-4d95-8360-f57df793faca: addNew group-D1DC469F0812:[deac9605-e739-4d95-8360-f57df793faca:192.168.151.99:46601] returns group-D1DC469F0812:java.util.concurrent.CompletableFuture@3d84d6cd[Not completed]
2019-09-26 16:53:54,552 [pool-27-thread-1] INFO  impl.RaftServerImpl (RaftServerImpl.java:<init>(95)) - deac9605-e739-4d95-8360-f57df793faca: new RaftServerImpl for group-D1DC469F0812:[deac9605-e739-4d95-8360-f57df793faca:192.168.151.99:46601] with ContainerStateMachine:uninitialized
2019-09-26 16:53:54,552 [pool-27-thread-1] INFO  server.RaftServerConfigKeys (ConfUtils.java:logGet(43)) - raft.server.rpc.timeout.min = 5s (custom)
2019-09-26 16:53:54,553 [pool-27-thread-1] INFO  server.RaftServerConfigKeys (ConfUtils.java:logGet(43)) - raft.server.rpc.timeout.max = 5200ms (custom)
2019-09-26 16:53:54,553 [pool-27-thread-1] INFO  server.RaftServerConfigKeys (ConfUtils.java:logGet(43)) - raft.server.rpcslowness.timeout = 120s (custom)
2019-09-26 16:53:54,553 [pool-27-thread-1] INFO  server.RaftServerConfigKeys (ConfUtils.java:logGet(43)) - raft.server.sleep.deviation.threshold = 300 (default)
2019-09-26 16:53:54,553 [pool-27-thread-1] INFO  server.RaftServerConfigKeys (ConfUtils.java:logGet(43)) - raft.server.log.appender.install.snapshot.enabled = false (custom)
2019-09-26 16:53:54,553 [pool-27-thread-1] INFO  impl.RaftServerImpl (ServerState.java:<init>(103)) - deac9605-e739-4d95-8360-f57df793faca@group-D1DC469F0812: ConfigurationManager, init=-1: [deac9605-e739-4d95-8360-f57df793faca:192.168.151.99:46601], old=null, confs=<EMPTY_MAP>
2019-09-26 16:53:54,553 [pool-27-thread-1] INFO  server.RaftServerConfigKeys (ConfUtils.java:logGet(43)) - raft.server.storage.dir = [/workdir/hadoop-ozone/integration-test/target/test-dir/MiniOzoneClusterImpl-fdc3d401-fab1-4968-a84f-12bf762e2bbf/datanode-0/data/ratis] (custom)
2019-09-26 16:53:54,554 [pool-27-thread-1] INFO  storage.RaftStorageDirectory (RaftStorageDirectory.java:analyzeStorage(246)) - The storage directory /workdir/hadoop-ozone/integration-test/target/test-dir/MiniOzoneClusterImpl-fdc3d401-fab1-4968-a84f-12bf762e2bbf/datanode-0/data/ratis/a10c66f0-6124-443d-906a-d1dc469f0812 does not exist. Creating ...
2019-09-26 16:53:54,560 [pool-27-thread-1] INFO  storage.RaftStorageDirectory (RaftStorageDirectory.java:tryLock(328)) - Lock on /workdir/hadoop-ozone/integration-test/target/test-dir/MiniOzoneClusterImpl-fdc3d401-fab1-4968-a84f-12bf762e2bbf/datanode-0/data/ratis/a10c66f0-6124-443d-906a-d1dc469f0812/in_use.lock acquired by nodename 15096@pr-hdds-1569-g6sp5-2013761785
2019-09-26 16:53:54,560 [7fda706b-4e23-4e10-baba-12810c05fbbb@group-61A0CF6BFCC2-SegmentedRaftLogWorker] INFO  segmented.SegmentedRaftLogWorker (SegmentedRaftLogWorker.java:execute(569)) - 7fda706b-4e23-4e10-baba-12810c05fbbb@group-61A0CF6BFCC2-SegmentedRaftLogWorker: created new log segment /workdir/hadoop-ozone/integration-test/target/test-dir/MiniOzoneClusterImpl-fdc3d401-fab1-4968-a84f-12bf762e2bbf/datanode-1/data/ratis/81349b42-ec2d-4c2b-8912-61a0cf6bfcc2/current/log_inprogress_0
2019-09-26 16:53:54,565 [pool-27-thread-1] INFO  storage.RaftStorage (RaftStorage.java:format(72)) - Storage directory /workdir/hadoop-ozone/integration-test/target/test-dir/MiniOzoneClusterImpl-fdc3d401-fab1-4968-a84f-12bf762e2bbf/datanode-0/data/ratis/a10c66f0-6124-443d-906a-d1dc469f0812 has been successfully formatted.
2019-09-26 16:53:54,565 [pool-27-thread-1] INFO  ratis.ContainerStateMachine (ContainerStateMachine.java:loadSnapshot(230)) - group-D1DC469F0812: The snapshot info is null. Setting the last applied indexto:(t:0, i:~)
2019-09-26 16:53:54,565 [pool-27-thread-1] INFO  server.RaftServerConfigKeys (ConfUtils.java:logGet(43)) - raft.server.notification.no-leader.timeout = 120s (custom)
2019-09-26 16:53:54,565 [pool-27-thread-1] INFO  server.RaftServerConfigKeys (ConfUtils.java:logGet(43)) - raft.server.log.use.memory = false (default)
2019-09-26 16:53:54,566 [pool-27-thread-1] INFO  server.RaftServerConfigKeys (ConfUtils.java:logGet(43)) - raft.server.log.purge.gap = 1000000 (custom)
2019-09-26 16:53:54,566 [pool-27-thread-1] INFO  server.RaftServerConfigKeys (ConfUtils.java:logGet(43)) - raft.server.log.appender.buffer.byte-limit = 33554432 (custom)
2019-09-26 16:53:54,566 [pool-27-thread-1] INFO  server.RaftServerConfigKeys (ConfUtils.java:logGet(43)) - raft.server.log.segment.size.max = 1048576 (custom)
2019-09-26 16:53:54,566 [pool-27-thread-1] INFO  server.RaftServerConfigKeys (ConfUtils.java:logGet(43)) - raft.server.log.segment.cache.num.max = 2 (custom)
2019-09-26 16:53:54,566 [pool-27-thread-1] INFO  segmented.SegmentedRaftLogWorker (SegmentedRaftLogWorker.java:<init>(172)) - new deac9605-e739-4d95-8360-f57df793faca@group-D1DC469F0812-SegmentedRaftLogWorker for RaftStorage:Storage Directory /workdir/hadoop-ozone/integration-test/target/test-dir/MiniOzoneClusterImpl-fdc3d401-fab1-4968-a84f-12bf762e2bbf/datanode-0/data/ratis/a10c66f0-6124-443d-906a-d1dc469f0812
2019-09-26 16:53:54,566 [pool-27-thread-1] INFO  server.RaftServerConfigKeys (ConfUtils.java:logGet(43)) - raft.server.log.queue.byte-limit = 2147483647 (custom)
2019-09-26 16:53:54,567 [pool-27-thread-1] INFO  server.RaftServerConfigKeys (ConfUtils.java:logGet(43)) - raft.server.log.queue.element-limit = 1024 (custom)
2019-09-26 16:53:54,567 [pool-27-thread-1] INFO  server.RaftServerConfigKeys (ConfUtils.java:logGet(43)) - raft.server.log.segment.size.max = 1048576 (custom)
2019-09-26 16:53:54,567 [pool-27-thread-1] INFO  server.RaftServerConfigKeys (ConfUtils.java:logGet(43)) - raft.server.log.preallocated.size = 16384 (custom)
2019-09-26 16:53:54,567 [pool-27-thread-1] INFO  server.RaftServerConfigKeys (ConfUtils.java:logGet(43)) - raft.server.log.write.buffer.size = 33554432 (custom)
2019-09-26 16:53:54,567 [pool-27-thread-1] INFO  server.RaftServerConfigKeys (ConfUtils.java:logGet(43)) - raft.server.log.force.sync.num = 128 (default)
2019-09-26 16:53:54,567 [pool-27-thread-1] INFO  server.RaftServerConfigKeys (ConfUtils.java:logGet(43)) - raft.server.log.statemachine.data.sync = true (default)
2019-09-26 16:53:54,568 [pool-27-thread-1] INFO  server.RaftServerConfigKeys (ConfUtils.java:logGet(43)) - raft.server.log.statemachine.data.sync.timeout = 10s (default)
2019-09-26 16:53:54,568 [pool-27-thread-1] INFO  server.RaftServerConfigKeys (ConfUtils.java:logGet(43)) - raft.server.log.statemachine.data.sync.timeout.retry = -1 (default)
2019-09-26 16:53:54,568 [pool-27-thread-1] INFO  server.RaftServerConfigKeys (ConfUtils.java:logGet(43)) - raft.server.log.statemachine.data.caching.enabled = true (custom)
2019-09-26 16:53:54,568 [pool-27-thread-1] INFO  segmented.SegmentedRaftLogWorker (SegmentedRaftLogWorker.java:lambda$new$0(132)) - deac9605-e739-4d95-8360-f57df793faca@group-D1DC469F0812-SegmentedRaftLogWorker: flushIndex: setUnconditionally 0 -> -1
2019-09-26 16:53:54,569 [pool-27-thread-1] INFO  server.RaftServerConfigKeys (ConfUtils.java:logGet(43)) - raft.server.snapshot.auto.trigger.enabled = true (custom)
2019-09-26 16:53:54,569 [pool-27-thread-1] INFO  server.RaftServerConfigKeys (ConfUtils.java:logGet(43)) - raft.server.snapshot.auto.trigger.threshold = 10000 (custom)
2019-09-26 16:53:54,569 [pool-27-thread-1] INFO  server.RaftServerConfigKeys (ConfUtils.java:logGet(43)) - raft.server.snapshot.retention.num.files = 5 (custom)
2019-09-26 16:53:54,569 [pool-27-thread-1] INFO  server.RaftServerConfigKeys (ConfUtils.java:logGet(43)) - raft.server.retrycache.expirytime = 600000ms (custom)
2019-09-26 16:53:54,571 [Thread-288] INFO  impl.FollowerState (FollowerState.java:run(106)) - 7fda706b-4e23-4e10-baba-12810c05fbbb:group-3E3A84577E3F changes to CANDIDATE, lastRpcTime:5016, electionTimeout:5016ms
2019-09-26 16:53:54,571 [Thread-288] INFO  impl.RoleInfo (RoleInfo.java:shutdownFollowerState(121)) - 7fda706b-4e23-4e10-baba-12810c05fbbb: shutdown FollowerState
2019-09-26 16:53:54,571 [Thread-288] INFO  impl.RaftServerImpl (RaftServerImpl.java:setRole(174)) - 7fda706b-4e23-4e10-baba-12810c05fbbb@group-3E3A84577E3F: changes role from  FOLLOWER to CANDIDATE at term 0 for changeToCandidate
2019-09-26 16:53:54,572 [Thread-288] INFO  impl.RoleInfo (RoleInfo.java:updateAndGet(143)) - 7fda706b-4e23-4e10-baba-12810c05fbbb: start LeaderElection
2019-09-26 16:53:54,580 [pool-27-thread-1] INFO  impl.RaftServerImpl (RaftServerImpl.java:start(185)) - deac9605-e739-4d95-8360-f57df793faca@group-D1DC469F0812: start as a follower, conf=-1: [deac9605-e739-4d95-8360-f57df793faca:192.168.151.99:46601], old=null
2019-09-26 16:53:54,580 [pool-27-thread-1] INFO  impl.RaftServerImpl (RaftServerImpl.java:setRole(174)) - deac9605-e739-4d95-8360-f57df793faca@group-D1DC469F0812: changes role from      null to FOLLOWER at term 0 for startAsFollower
2019-09-26 16:53:54,580 [pool-27-thread-1] INFO  impl.RoleInfo (RoleInfo.java:updateAndGet(143)) - deac9605-e739-4d95-8360-f57df793faca: start FollowerState
2019-09-26 16:53:54,581 [pool-27-thread-1] INFO  util.JmxRegister (JmxRegister.java:tryRegister(44)) - Successfully registered JMX Bean with object name Ratis:service=RaftServer,group=group-D1DC469F0812,id=deac9605-e739-4d95-8360-f57df793faca
2019-09-26 16:53:54,584 [RatisPipelineUtilsThread] INFO  pipeline.PipelineStateManager (PipelineStateManager.java:addPipeline(56)) - Created pipeline Pipeline[ Id: a10c66f0-6124-443d-906a-d1dc469f0812, Nodes: deac9605-e739-4d95-8360-f57df793faca{ip: 192.168.151.99, host: pr-hdds-1569-g6sp5-2013761785, networkLocation: /default-rack, certSerialId: null}, Type:RATIS, Factor:ONE, State:OPEN]
2019-09-26 16:53:54,591 [grpc-default-executor-1] INFO  impl.RaftServerProxy (RaftServerProxy.java:addNew(89)) - 579334d3-7c10-42f4-b10c-e6c2267ece25: addNew group-C56D2282E793:[579334d3-7c10-42f4-b10c-e6c2267ece25:192.168.151.99:34131] returns group-C56D2282E793:java.util.concurrent.CompletableFuture@1aea0b64[Not completed]
2019-09-26 16:53:54,593 [pool-47-thread-1] INFO  impl.RaftServerImpl (RaftServerImpl.java:<init>(95)) - 579334d3-7c10-42f4-b10c-e6c2267ece25: new RaftServerImpl for group-C56D2282E793:[579334d3-7c10-42f4-b10c-e6c2267ece25:192.168.151.99:34131] with ContainerStateMachine:uninitialized
2019-09-26 16:53:54,593 [7fda706b-4e23-4e10-baba-12810c05fbbb@group-3E3A84577E3F:LeaderElection15] INFO  impl.LeaderElection (LeaderElection.java:askForVotes(182)) - 7fda706b-4e23-4e10-baba-12810c05fbbb@group-3E3A84577E3F:LeaderElection15: begin an election at term 1 for -1: [7fda706b-4e23-4e10-baba-12810c05fbbb:192.168.151.99:32897], old=null
2019-09-26 16:53:54,593 [pool-47-thread-1] INFO  server.RaftServerConfigKeys (ConfUtils.java:logGet(43)) - raft.server.rpc.timeout.min = 5s (custom)
2019-09-26 16:53:54,593 [7fda706b-4e23-4e10-baba-12810c05fbbb@group-3E3A84577E3F:LeaderElection15] INFO  impl.RoleInfo (RoleInfo.java:shutdownLeaderElection(134)) - 7fda706b-4e23-4e10-baba-12810c05fbbb: shutdown LeaderElection
2019-09-26 16:53:54,593 [pool-47-thread-1] INFO  server.RaftServerConfigKeys (ConfUtils.java:logGet(43)) - raft.server.rpc.timeout.max = 5200ms (custom)
2019-09-26 16:53:54,593 [7fda706b-4e23-4e10-baba-12810c05fbbb@group-3E3A84577E3F:LeaderElection15] INFO  impl.RaftServerImpl (RaftServerImpl.java:setRole(174)) - 7fda706b-4e23-4e10-baba-12810c05fbbb@group-3E3A84577E3F: changes role from CANDIDATE to LEADER at term 1 for changeToLeader
2019-09-26 16:53:54,593 [pool-47-thread-1] INFO  server.RaftServerConfigKeys (ConfUtils.java:logGet(43)) - raft.server.rpcslowness.timeout = 120s (custom)
2019-09-26 16:53:54,593 [7fda706b-4e23-4e10-baba-12810c05fbbb@group-3E3A84577E3F:LeaderElection15] INFO  impl.RaftServerImpl (ServerState.java:setLeader(253)) - 7fda706b-4e23-4e10-baba-12810c05fbbb@group-3E3A84577E3F: change Leader from null to 7fda706b-4e23-4e10-baba-12810c05fbbb at term 1 for becomeLeader, leader elected after 5045ms
2019-09-26 16:53:54,594 [pool-47-thread-1] INFO  server.RaftServerConfigKeys (ConfUtils.java:logGet(43)) - raft.server.sleep.deviation.threshold = 300 (default)
2019-09-26 16:53:54,594 [7fda706b-4e23-4e10-baba-12810c05fbbb@group-3E3A84577E3F:LeaderElection15] INFO  server.RaftServerConfigKeys (ConfUtils.java:logGet(43)) - raft.server.staging.catchup.gap = 1000 (default)
2019-09-26 16:53:54,594 [pool-47-thread-1] INFO  server.RaftServerConfigKeys (ConfUtils.java:logGet(43)) - raft.server.log.appender.install.snapshot.enabled = false (custom)
2019-09-26 16:53:54,594 [7fda706b-4e23-4e10-baba-12810c05fbbb@group-3E3A84577E3F:LeaderElection15] INFO  server.RaftServerConfigKeys (ConfUtils.java:logGet(43)) - raft.server.rpc.sleep.time = 25ms (default)
2019-09-26 16:53:54,594 [pool-47-thread-1] INFO  impl.RaftServerImpl (ServerState.java:<init>(103)) - 579334d3-7c10-42f4-b10c-e6c2267ece25@group-C56D2282E793: ConfigurationManager, init=-1: [579334d3-7c10-42f4-b10c-e6c2267ece25:192.168.151.99:34131], old=null, confs=<EMPTY_MAP>
2019-09-26 16:53:54,594 [7fda706b-4e23-4e10-baba-12810c05fbbb@group-3E3A84577E3F:LeaderElection15] INFO  server.RaftServerConfigKeys (ConfUtils.java:logGet(43)) - raft.server.write.element-limit = 4096 (default)
2019-09-26 16:53:54,595 [pool-47-thread-1] INFO  server.RaftServerConfigKeys (ConfUtils.java:logGet(43)) - raft.server.storage.dir = [/workdir/hadoop-ozone/integration-test/target/test-dir/MiniOzoneClusterImpl-fdc3d401-fab1-4968-a84f-12bf762e2bbf/datanode-2/data/ratis] (custom)
2019-09-26 16:53:54,595 [7fda706b-4e23-4e10-baba-12810c05fbbb@group-3E3A84577E3F:LeaderElection15] INFO  server.RaftServerConfigKeys (ConfUtils.java:logGet(43)) - raft.server.watch.timeout = 10s (default)
2019-09-26 16:53:54,595 [7fda706b-4e23-4e10-baba-12810c05fbbb@group-3E3A84577E3F:LeaderElection15] INFO  server.RaftServerConfigKeys (ConfUtils.java:logGet(43)) - raft.server.watch.timeout.denomination = 1s (default)
2019-09-26 16:53:54,595 [7fda706b-4e23-4e10-baba-12810c05fbbb@group-3E3A84577E3F:LeaderElection15] INFO  server.RaftServerConfigKeys (ConfUtils.java:logGet(43)) - raft.server.watch.element-limit = 65536 (default)
2019-09-26 16:53:54,595 [pool-47-thread-1] INFO  storage.RaftStorageDirectory (RaftStorageDirectory.java:analyzeStorage(246)) - The storage directory /workdir/hadoop-ozone/integration-test/target/test-dir/MiniOzoneClusterImpl-fdc3d401-fab1-4968-a84f-12bf762e2bbf/datanode-2/data/ratis/2b1504f9-36cd-48c6-9a87-c56d2282e793 does not exist. Creating ...
2019-09-26 16:53:54,597 [7fda706b-4e23-4e10-baba-12810c05fbbb@group-3E3A84577E3F:LeaderElection15] INFO  impl.RoleInfo (RoleInfo.java:updateAndGet(143)) - 7fda706b-4e23-4e10-baba-12810c05fbbb: start LeaderState
2019-09-26 16:53:54,598 [7fda706b-4e23-4e10-baba-12810c05fbbb@group-3E3A84577E3F:LeaderElection15] INFO  segmented.SegmentedRaftLogWorker (SegmentedRaftLogWorker.java:startLogSegment(380)) - 7fda706b-4e23-4e10-baba-12810c05fbbb@group-3E3A84577E3F-SegmentedRaftLogWorker: Starting segment from index:0
2019-09-26 16:53:54,598 [7fda706b-4e23-4e10-baba-12810c05fbbb@group-3E3A84577E3F:LeaderElection15] INFO  impl.RaftServerImpl (ServerState.java:setRaftConf(354)) - 7fda706b-4e23-4e10-baba-12810c05fbbb@group-3E3A84577E3F: set configuration 0: [7fda706b-4e23-4e10-baba-12810c05fbbb:192.168.151.99:32897], old=null at 0
2019-09-26 16:53:54,634 [pool-47-thread-1] INFO  storage.RaftStorageDirectory (RaftStorageDirectory.java:tryLock(328)) - Lock on /workdir/hadoop-ozone/integration-test/target/test-dir/MiniOzoneClusterImpl-fdc3d401-fab1-4968-a84f-12bf762e2bbf/datanode-2/data/ratis/2b1504f9-36cd-48c6-9a87-c56d2282e793/in_use.lock acquired by nodename 15096@pr-hdds-1569-g6sp5-2013761785
2019-09-26 16:53:54,647 [7fda706b-4e23-4e10-baba-12810c05fbbb@group-3E3A84577E3F-SegmentedRaftLogWorker] INFO  segmented.SegmentedRaftLogWorker (SegmentedRaftLogWorker.java:execute(569)) - 7fda706b-4e23-4e10-baba-12810c05fbbb@group-3E3A84577E3F-SegmentedRaftLogWorker: created new log segment /workdir/hadoop-ozone/integration-test/target/test-dir/MiniOzoneClusterImpl-fdc3d401-fab1-4968-a84f-12bf762e2bbf/datanode-1/data/ratis/27b0e331-a741-4c19-9ffa-3e3a84577e3f/current/log_inprogress_0
2019-09-26 16:53:54,647 [pool-47-thread-1] INFO  storage.RaftStorage (RaftStorage.java:format(72)) - Storage directory /workdir/hadoop-ozone/integration-test/target/test-dir/MiniOzoneClusterImpl-fdc3d401-fab1-4968-a84f-12bf762e2bbf/datanode-2/data/ratis/2b1504f9-36cd-48c6-9a87-c56d2282e793 has been successfully formatted.
2019-09-26 16:53:54,647 [pool-47-thread-1] INFO  ratis.ContainerStateMachine (ContainerStateMachine.java:loadSnapshot(230)) - group-C56D2282E793: The snapshot info is null. Setting the last applied indexto:(t:0, i:~)
2019-09-26 16:53:54,648 [pool-47-thread-1] INFO  server.RaftServerConfigKeys (ConfUtils.java:logGet(43)) - raft.server.notification.no-leader.timeout = 120s (custom)
2019-09-26 16:53:54,648 [pool-47-thread-1] INFO  server.RaftServerConfigKeys (ConfUtils.java:logGet(43)) - raft.server.log.use.memory = false (default)
2019-09-26 16:53:54,648 [pool-47-thread-1] INFO  server.RaftServerConfigKeys (ConfUtils.java:logGet(43)) - raft.server.log.purge.gap = 1000000 (custom)
2019-09-26 16:53:54,648 [pool-47-thread-1] INFO  server.RaftServerConfigKeys (ConfUtils.java:logGet(43)) - raft.server.log.appender.buffer.byte-limit = 33554432 (custom)
2019-09-26 16:53:54,648 [pool-47-thread-1] INFO  server.RaftServerConfigKeys (ConfUtils.java:logGet(43)) - raft.server.log.segment.size.max = 1048576 (custom)
2019-09-26 16:53:54,648 [pool-47-thread-1] INFO  server.RaftServerConfigKeys (ConfUtils.java:logGet(43)) - raft.server.log.segment.cache.num.max = 2 (custom)
2019-09-26 16:53:54,649 [pool-47-thread-1] INFO  segmented.SegmentedRaftLogWorker (SegmentedRaftLogWorker.java:<init>(172)) - new 579334d3-7c10-42f4-b10c-e6c2267ece25@group-C56D2282E793-SegmentedRaftLogWorker for RaftStorage:Storage Directory /workdir/hadoop-ozone/integration-test/target/test-dir/MiniOzoneClusterImpl-fdc3d401-fab1-4968-a84f-12bf762e2bbf/datanode-2/data/ratis/2b1504f9-36cd-48c6-9a87-c56d2282e793
2019-09-26 16:53:54,649 [pool-47-thread-1] INFO  server.RaftServerConfigKeys (ConfUtils.java:logGet(43)) - raft.server.log.queue.byte-limit = 2147483647 (custom)
2019-09-26 16:53:54,649 [pool-47-thread-1] INFO  server.RaftServerConfigKeys (ConfUtils.java:logGet(43)) - raft.server.log.queue.element-limit = 1024 (custom)
2019-09-26 16:53:54,649 [pool-47-thread-1] INFO  server.RaftServerConfigKeys (ConfUtils.java:logGet(43)) - raft.server.log.segment.size.max = 1048576 (custom)
2019-09-26 16:53:54,649 [pool-47-thread-1] INFO  server.RaftServerConfigKeys (ConfUtils.java:logGet(43)) - raft.server.log.preallocated.size = 16384 (custom)
2019-09-26 16:53:54,649 [pool-47-thread-1] INFO  server.RaftServerConfigKeys (ConfUtils.java:logGet(43)) - raft.server.log.write.buffer.size = 33554432 (custom)
2019-09-26 16:53:54,650 [pool-47-thread-1] INFO  server.RaftServerConfigKeys (ConfUtils.java:logGet(43)) - raft.server.log.force.sync.num = 128 (default)
2019-09-26 16:53:54,650 [pool-47-thread-1] INFO  server.RaftServerConfigKeys (ConfUtils.java:logGet(43)) - raft.server.log.statemachine.data.sync = true (default)
2019-09-26 16:53:54,650 [pool-47-thread-1] INFO  server.RaftServerConfigKeys (ConfUtils.java:logGet(43)) - raft.server.log.statemachine.data.sync.timeout = 10s (default)
2019-09-26 16:53:54,650 [pool-47-thread-1] INFO  server.RaftServerConfigKeys (ConfUtils.java:logGet(43)) - raft.server.log.statemachine.data.sync.timeout.retry = -1 (default)
2019-09-26 16:53:54,650 [pool-47-thread-1] INFO  server.RaftServerConfigKeys (ConfUtils.java:logGet(43)) - raft.server.log.statemachine.data.caching.enabled = true (custom)
2019-09-26 16:53:54,651 [pool-47-thread-1] INFO  segmented.SegmentedRaftLogWorker (SegmentedRaftLogWorker.java:lambda$new$0(132)) - 579334d3-7c10-42f4-b10c-e6c2267ece25@group-C56D2282E793-SegmentedRaftLogWorker: flushIndex: setUnconditionally 0 -> -1
2019-09-26 16:53:54,651 [pool-47-thread-1] INFO  server.RaftServerConfigKeys (ConfUtils.java:logGet(43)) - raft.server.snapshot.auto.trigger.enabled = true (custom)
2019-09-26 16:53:54,651 [pool-47-thread-1] INFO  server.RaftServerConfigKeys (ConfUtils.java:logGet(43)) - raft.server.snapshot.auto.trigger.threshold = 10000 (custom)
2019-09-26 16:53:54,651 [pool-47-thread-1] INFO  server.RaftServerConfigKeys (ConfUtils.java:logGet(43)) - raft.server.snapshot.retention.num.files = 5 (custom)
2019-09-26 16:53:54,651 [pool-47-thread-1] INFO  server.RaftServerConfigKeys (ConfUtils.java:logGet(43)) - raft.server.retrycache.expirytime = 600000ms (custom)
2019-09-26 16:53:54,654 [pool-47-thread-1] INFO  impl.RaftServerImpl (RaftServerImpl.java:start(185)) - 579334d3-7c10-42f4-b10c-e6c2267ece25@group-C56D2282E793: start as a follower, conf=-1: [579334d3-7c10-42f4-b10c-e6c2267ece25:192.168.151.99:34131], old=null
2019-09-26 16:53:54,654 [pool-47-thread-1] INFO  impl.RaftServerImpl (RaftServerImpl.java:setRole(174)) - 579334d3-7c10-42f4-b10c-e6c2267ece25@group-C56D2282E793: changes role from      null to FOLLOWER at term 0 for startAsFollower
2019-09-26 16:53:54,654 [pool-47-thread-1] INFO  impl.RoleInfo (RoleInfo.java:updateAndGet(143)) - 579334d3-7c10-42f4-b10c-e6c2267ece25: start FollowerState
2019-09-26 16:53:54,655 [pool-47-thread-1] INFO  util.JmxRegister (JmxRegister.java:tryRegister(44)) - Successfully registered JMX Bean with object name Ratis:service=RaftServer,group=group-C56D2282E793,id=579334d3-7c10-42f4-b10c-e6c2267ece25
2019-09-26 16:53:54,658 [RatisPipelineUtilsThread] INFO  pipeline.PipelineStateManager (PipelineStateManager.java:addPipeline(56)) - Created pipeline Pipeline[ Id: 2b1504f9-36cd-48c6-9a87-c56d2282e793, Nodes: 579334d3-7c10-42f4-b10c-e6c2267ece25{ip: 192.168.151.99, host: pr-hdds-1569-g6sp5-2013761785, networkLocation: /default-rack, certSerialId: null}, Type:RATIS, Factor:ONE, State:OPEN]
2019-09-26 16:53:54,664 [grpc-default-executor-1] INFO  impl.RaftServerProxy (RaftServerProxy.java:addNew(89)) - 4a469c34-60df-4173-8d32-715e2ce97f5d: addNew group-E5385069730C:[4a469c34-60df-4173-8d32-715e2ce97f5d:192.168.151.99:42442] returns group-E5385069730C:java.util.concurrent.CompletableFuture@6e73aef3[Not completed]
2019-09-26 16:53:54,666 [pool-87-thread-1] INFO  impl.RaftServerImpl (RaftServerImpl.java:<init>(95)) - 4a469c34-60df-4173-8d32-715e2ce97f5d: new RaftServerImpl for group-E5385069730C:[4a469c34-60df-4173-8d32-715e2ce97f5d:192.168.151.99:42442] with ContainerStateMachine:uninitialized
2019-09-26 16:53:54,667 [pool-87-thread-1] INFO  server.RaftServerConfigKeys (ConfUtils.java:logGet(43)) - raft.server.rpc.timeout.min = 5s (custom)
2019-09-26 16:53:54,667 [pool-87-thread-1] INFO  server.RaftServerConfigKeys (ConfUtils.java:logGet(43)) - raft.server.rpc.timeout.max = 5200ms (custom)
2019-09-26 16:53:54,667 [pool-87-thread-1] INFO  server.RaftServerConfigKeys (ConfUtils.java:logGet(43)) - raft.server.rpcslowness.timeout = 120s (custom)
2019-09-26 16:53:54,667 [pool-87-thread-1] INFO  server.RaftServerConfigKeys (ConfUtils.java:logGet(43)) - raft.server.sleep.deviation.threshold = 300 (default)
2019-09-26 16:53:54,667 [pool-87-thread-1] INFO  server.RaftServerConfigKeys (ConfUtils.java:logGet(43)) - raft.server.log.appender.install.snapshot.enabled = false (custom)
2019-09-26 16:53:54,667 [pool-87-thread-1] INFO  impl.RaftServerImpl (ServerState.java:<init>(103)) - 4a469c34-60df-4173-8d32-715e2ce97f5d@group-E5385069730C: ConfigurationManager, init=-1: [4a469c34-60df-4173-8d32-715e2ce97f5d:192.168.151.99:42442], old=null, confs=<EMPTY_MAP>
2019-09-26 16:53:54,667 [pool-87-thread-1] INFO  server.RaftServerConfigKeys (ConfUtils.java:logGet(43)) - raft.server.storage.dir = [/workdir/hadoop-ozone/integration-test/target/test-dir/MiniOzoneClusterImpl-fdc3d401-fab1-4968-a84f-12bf762e2bbf/datanode-6/data/ratis] (custom)
2019-09-26 16:53:54,668 [pool-87-thread-1] INFO  storage.RaftStorageDirectory (RaftStorageDirectory.java:analyzeStorage(246)) - The storage directory /workdir/hadoop-ozone/integration-test/target/test-dir/MiniOzoneClusterImpl-fdc3d401-fab1-4968-a84f-12bf762e2bbf/datanode-6/data/ratis/053815e1-e492-44eb-b15f-e5385069730c does not exist. Creating ...
2019-09-26 16:53:54,668 [Thread-285] INFO  impl.FollowerState (FollowerState.java:run(106)) - d17cca1b-2e6b-48b2-8b1c-3559490fa529:group-B95F8138A2A4 changes to CANDIDATE, lastRpcTime:5188, electionTimeout:5188ms
2019-09-26 16:53:54,668 [Thread-285] INFO  impl.RoleInfo (RoleInfo.java:shutdownFollowerState(121)) - d17cca1b-2e6b-48b2-8b1c-3559490fa529: shutdown FollowerState
2019-09-26 16:53:54,668 [Thread-285] INFO  impl.RaftServerImpl (RaftServerImpl.java:setRole(174)) - d17cca1b-2e6b-48b2-8b1c-3559490fa529@group-B95F8138A2A4: changes role from  FOLLOWER to CANDIDATE at term 0 for changeToCandidate
2019-09-26 16:53:54,669 [Thread-285] INFO  impl.RoleInfo (RoleInfo.java:updateAndGet(143)) - d17cca1b-2e6b-48b2-8b1c-3559490fa529: start LeaderElection
2019-09-26 16:53:54,682 [pool-87-thread-1] INFO  storage.RaftStorageDirectory (RaftStorageDirectory.java:tryLock(328)) - Lock on /workdir/hadoop-ozone/integration-test/target/test-dir/MiniOzoneClusterImpl-fdc3d401-fab1-4968-a84f-12bf762e2bbf/datanode-6/data/ratis/053815e1-e492-44eb-b15f-e5385069730c/in_use.lock acquired by nodename 15096@pr-hdds-1569-g6sp5-2013761785
2019-09-26 16:53:54,682 [d17cca1b-2e6b-48b2-8b1c-3559490fa529@group-B95F8138A2A4:LeaderElection16] INFO  impl.LeaderElection (LeaderElection.java:askForVotes(182)) - d17cca1b-2e6b-48b2-8b1c-3559490fa529@group-B95F8138A2A4:LeaderElection16: begin an election at term 1 for -1: [d17cca1b-2e6b-48b2-8b1c-3559490fa529:192.168.151.99:40714], old=null
2019-09-26 16:53:54,682 [d17cca1b-2e6b-48b2-8b1c-3559490fa529@group-B95F8138A2A4:LeaderElection16] INFO  impl.RoleInfo (RoleInfo.java:shutdownLeaderElection(134)) - d17cca1b-2e6b-48b2-8b1c-3559490fa529: shutdown LeaderElection
2019-09-26 16:53:54,682 [d17cca1b-2e6b-48b2-8b1c-3559490fa529@group-B95F8138A2A4:LeaderElection16] INFO  impl.RaftServerImpl (RaftServerImpl.java:setRole(174)) - d17cca1b-2e6b-48b2-8b1c-3559490fa529@group-B95F8138A2A4: changes role from CANDIDATE to LEADER at term 1 for changeToLeader
2019-09-26 16:53:54,682 [d17cca1b-2e6b-48b2-8b1c-3559490fa529@group-B95F8138A2A4:LeaderElection16] INFO  impl.RaftServerImpl (ServerState.java:setLeader(253)) - d17cca1b-2e6b-48b2-8b1c-3559490fa529@group-B95F8138A2A4: change Leader from null to d17cca1b-2e6b-48b2-8b1c-3559490fa529 at term 1 for becomeLeader, leader elected after 5218ms
2019-09-26 16:53:54,682 [d17cca1b-2e6b-48b2-8b1c-3559490fa529@group-B95F8138A2A4:LeaderElection16] INFO  server.RaftServerConfigKeys (ConfUtils.java:logGet(43)) - raft.server.staging.catchup.gap = 1000 (default)
2019-09-26 16:53:54,682 [d17cca1b-2e6b-48b2-8b1c-3559490fa529@group-B95F8138A2A4:LeaderElection16] INFO  server.RaftServerConfigKeys (ConfUtils.java:logGet(43)) - raft.server.rpc.sleep.time = 25ms (default)
2019-09-26 16:53:54,683 [d17cca1b-2e6b-48b2-8b1c-3559490fa529@group-B95F8138A2A4:LeaderElection16] INFO  server.RaftServerConfigKeys (ConfUtils.java:logGet(43)) - raft.server.write.element-limit = 4096 (default)
2019-09-26 16:53:54,683 [d17cca1b-2e6b-48b2-8b1c-3559490fa529@group-B95F8138A2A4:LeaderElection16] INFO  server.RaftServerConfigKeys (ConfUtils.java:logGet(43)) - raft.server.watch.timeout = 10s (default)
2019-09-26 16:53:54,683 [d17cca1b-2e6b-48b2-8b1c-3559490fa529@group-B95F8138A2A4:LeaderElection16] INFO  server.RaftServerConfigKeys (ConfUtils.java:logGet(43)) - raft.server.watch.timeout.denomination = 1s (default)
2019-09-26 16:53:54,683 [d17cca1b-2e6b-48b2-8b1c-3559490fa529@group-B95F8138A2A4:LeaderElection16] INFO  server.RaftServerConfigKeys (ConfUtils.java:logGet(43)) - raft.server.watch.element-limit = 65536 (default)
2019-09-26 16:53:54,685 [d17cca1b-2e6b-48b2-8b1c-3559490fa529@group-B95F8138A2A4:LeaderElection16] INFO  impl.RoleInfo (RoleInfo.java:updateAndGet(143)) - d17cca1b-2e6b-48b2-8b1c-3559490fa529: start LeaderState
2019-09-26 16:53:54,685 [d17cca1b-2e6b-48b2-8b1c-3559490fa529@group-B95F8138A2A4:LeaderElection16] INFO  segmented.SegmentedRaftLogWorker (SegmentedRaftLogWorker.java:startLogSegment(380)) - d17cca1b-2e6b-48b2-8b1c-3559490fa529@group-B95F8138A2A4-SegmentedRaftLogWorker: Starting segment from index:0
2019-09-26 16:53:54,686 [d17cca1b-2e6b-48b2-8b1c-3559490fa529@group-B95F8138A2A4:LeaderElection16] INFO  impl.RaftServerImpl (ServerState.java:setRaftConf(354)) - d17cca1b-2e6b-48b2-8b1c-3559490fa529@group-B95F8138A2A4: set configuration 0: [d17cca1b-2e6b-48b2-8b1c-3559490fa529:192.168.151.99:40714], old=null at 0
2019-09-26 16:53:54,725 [pool-87-thread-1] INFO  storage.RaftStorage (RaftStorage.java:format(72)) - Storage directory /workdir/hadoop-ozone/integration-test/target/test-dir/MiniOzoneClusterImpl-fdc3d401-fab1-4968-a84f-12bf762e2bbf/datanode-6/data/ratis/053815e1-e492-44eb-b15f-e5385069730c has been successfully formatted.
2019-09-26 16:53:54,725 [pool-87-thread-1] INFO  ratis.ContainerStateMachine (ContainerStateMachine.java:loadSnapshot(230)) - group-E5385069730C: The snapshot info is null. Setting the last applied indexto:(t:0, i:~)
2019-09-26 16:53:54,725 [Thread-294] INFO  impl.FollowerState (FollowerState.java:run(106)) - 579334d3-7c10-42f4-b10c-e6c2267ece25:group-62D535C7C771 changes to CANDIDATE, lastRpcTime:5038, electionTimeout:5038ms
2019-09-26 16:53:54,725 [pool-87-thread-1] INFO  server.RaftServerConfigKeys (ConfUtils.java:logGet(43)) - raft.server.notification.no-leader.timeout = 120s (custom)
2019-09-26 16:53:54,726 [Thread-294] INFO  impl.RoleInfo (RoleInfo.java:shutdownFollowerState(121)) - 579334d3-7c10-42f4-b10c-e6c2267ece25: shutdown FollowerState
2019-09-26 16:53:54,726 [pool-87-thread-1] INFO  server.RaftServerConfigKeys (ConfUtils.java:logGet(43)) - raft.server.log.use.memory = false (default)
2019-09-26 16:53:54,726 [Thread-294] INFO  impl.RaftServerImpl (RaftServerImpl.java:setRole(174)) - 579334d3-7c10-42f4-b10c-e6c2267ece25@group-62D535C7C771: changes role from  FOLLOWER to CANDIDATE at term 0 for changeToCandidate
2019-09-26 16:53:54,726 [pool-87-thread-1] INFO  server.RaftServerConfigKeys (ConfUtils.java:logGet(43)) - raft.server.log.purge.gap = 1000000 (custom)
2019-09-26 16:53:54,726 [Thread-294] INFO  impl.RoleInfo (RoleInfo.java:updateAndGet(143)) - 579334d3-7c10-42f4-b10c-e6c2267ece25: start LeaderElection
2019-09-26 16:53:54,726 [pool-87-thread-1] INFO  server.RaftServerConfigKeys (ConfUtils.java:logGet(43)) - raft.server.log.appender.buffer.byte-limit = 33554432 (custom)
2019-09-26 16:53:54,727 [pool-87-thread-1] INFO  server.RaftServerConfigKeys (ConfUtils.java:logGet(43)) - raft.server.log.segment.size.max = 1048576 (custom)
2019-09-26 16:53:54,735 [pool-87-thread-1] INFO  server.RaftServerConfigKeys (ConfUtils.java:logGet(43)) - raft.server.log.segment.cache.num.max = 2 (custom)
2019-09-26 16:53:54,735 [pool-87-thread-1] INFO  segmented.SegmentedRaftLogWorker (SegmentedRaftLogWorker.java:<init>(172)) - new 4a469c34-60df-4173-8d32-715e2ce97f5d@group-E5385069730C-SegmentedRaftLogWorker for RaftStorage:Storage Directory /workdir/hadoop-ozone/integration-test/target/test-dir/MiniOzoneClusterImpl-fdc3d401-fab1-4968-a84f-12bf762e2bbf/datanode-6/data/ratis/053815e1-e492-44eb-b15f-e5385069730c
2019-09-26 16:53:54,735 [pool-87-thread-1] INFO  server.RaftServerConfigKeys (ConfUtils.java:logGet(43)) - raft.server.log.queue.byte-limit = 2147483647 (custom)
2019-09-26 16:53:54,735 [pool-87-thread-1] INFO  server.RaftServerConfigKeys (ConfUtils.java:logGet(43)) - raft.server.log.queue.element-limit = 1024 (custom)
2019-09-26 16:53:54,736 [pool-87-thread-1] INFO  server.RaftServerConfigKeys (ConfUtils.java:logGet(43)) - raft.server.log.segment.size.max = 1048576 (custom)
2019-09-26 16:53:54,736 [d17cca1b-2e6b-48b2-8b1c-3559490fa529@group-B95F8138A2A4-SegmentedRaftLogWorker] INFO  segmented.SegmentedRaftLogWorker (SegmentedRaftLogWorker.java:execute(569)) - d17cca1b-2e6b-48b2-8b1c-3559490fa529@group-B95F8138A2A4-SegmentedRaftLogWorker: created new log segment /workdir/hadoop-ozone/integration-test/target/test-dir/MiniOzoneClusterImpl-fdc3d401-fab1-4968-a84f-12bf762e2bbf/datanode-5/data/ratis/2ad7f4e9-a037-4d5e-b0ad-b95f8138a2a4/current/log_inprogress_0
2019-09-26 16:53:54,736 [pool-87-thread-1] INFO  server.RaftServerConfigKeys (ConfUtils.java:logGet(43)) - raft.server.log.preallocated.size = 16384 (custom)
2019-09-26 16:53:54,736 [pool-87-thread-1] INFO  server.RaftServerConfigKeys (ConfUtils.java:logGet(43)) - raft.server.log.write.buffer.size = 33554432 (custom)
2019-09-26 16:53:54,736 [pool-87-thread-1] INFO  server.RaftServerConfigKeys (ConfUtils.java:logGet(43)) - raft.server.log.force.sync.num = 128 (default)
2019-09-26 16:53:54,737 [pool-87-thread-1] INFO  server.RaftServerConfigKeys (ConfUtils.java:logGet(43)) - raft.server.log.statemachine.data.sync = true (default)
2019-09-26 16:53:54,737 [pool-87-thread-1] INFO  server.RaftServerConfigKeys (ConfUtils.java:logGet(43)) - raft.server.log.statemachine.data.sync.timeout = 10s (default)
2019-09-26 16:53:54,737 [pool-87-thread-1] INFO  server.RaftServerConfigKeys (ConfUtils.java:logGet(43)) - raft.server.log.statemachine.data.sync.timeout.retry = -1 (default)
2019-09-26 16:53:54,737 [pool-87-thread-1] INFO  server.RaftServerConfigKeys (ConfUtils.java:logGet(43)) - raft.server.log.statemachine.data.caching.enabled = true (custom)
2019-09-26 16:53:54,738 [pool-87-thread-1] INFO  segmented.SegmentedRaftLogWorker (SegmentedRaftLogWorker.java:lambda$new$0(132)) - 4a469c34-60df-4173-8d32-715e2ce97f5d@group-E5385069730C-SegmentedRaftLogWorker: flushIndex: setUnconditionally 0 -> -1
2019-09-26 16:53:54,738 [579334d3-7c10-42f4-b10c-e6c2267ece25@group-62D535C7C771:LeaderElection17] INFO  impl.LeaderElection (LeaderElection.java:askForVotes(182)) - 579334d3-7c10-42f4-b10c-e6c2267ece25@group-62D535C7C771:LeaderElection17: begin an election at term 1 for -1: [579334d3-7c10-42f4-b10c-e6c2267ece25:192.168.151.99:34131], old=null
2019-09-26 16:53:54,738 [579334d3-7c10-42f4-b10c-e6c2267ece25@group-62D535C7C771:LeaderElection17] INFO  impl.RoleInfo (RoleInfo.java:shutdownLeaderElection(134)) - 579334d3-7c10-42f4-b10c-e6c2267ece25: shutdown LeaderElection
2019-09-26 16:53:54,738 [pool-87-thread-1] INFO  server.RaftServerConfigKeys (ConfUtils.java:logGet(43)) - raft.server.snapshot.auto.trigger.enabled = true (custom)
2019-09-26 16:53:54,738 [579334d3-7c10-42f4-b10c-e6c2267ece25@group-62D535C7C771:LeaderElection17] INFO  impl.RaftServerImpl (RaftServerImpl.java:setRole(174)) - 579334d3-7c10-42f4-b10c-e6c2267ece25@group-62D535C7C771: changes role from CANDIDATE to LEADER at term 1 for changeToLeader
2019-09-26 16:53:54,738 [pool-87-thread-1] INFO  server.RaftServerConfigKeys (ConfUtils.java:logGet(43)) - raft.server.snapshot.auto.trigger.threshold = 10000 (custom)
2019-09-26 16:53:54,739 [579334d3-7c10-42f4-b10c-e6c2267ece25@group-62D535C7C771:LeaderElection17] INFO  impl.RaftServerImpl (ServerState.java:setLeader(253)) - 579334d3-7c10-42f4-b10c-e6c2267ece25@group-62D535C7C771: change Leader from null to 579334d3-7c10-42f4-b10c-e6c2267ece25 at term 1 for becomeLeader, leader elected after 5057ms
2019-09-26 16:53:54,739 [pool-87-thread-1] INFO  server.RaftServerConfigKeys (ConfUtils.java:logGet(43)) - raft.server.snapshot.retention.num.files = 5 (custom)
2019-09-26 16:53:54,739 [579334d3-7c10-42f4-b10c-e6c2267ece25@group-62D535C7C771:LeaderElection17] INFO  server.RaftServerConfigKeys (ConfUtils.java:logGet(43)) - raft.server.staging.catchup.gap = 1000 (default)
2019-09-26 16:53:54,739 [pool-87-thread-1] INFO  server.RaftServerConfigKeys (ConfUtils.java:logGet(43)) - raft.server.retrycache.expirytime = 600000ms (custom)
2019-09-26 16:53:54,739 [579334d3-7c10-42f4-b10c-e6c2267ece25@group-62D535C7C771:LeaderElection17] INFO  server.RaftServerConfigKeys (ConfUtils.java:logGet(43)) - raft.server.rpc.sleep.time = 25ms (default)
2019-09-26 16:53:54,739 [579334d3-7c10-42f4-b10c-e6c2267ece25@group-62D535C7C771:LeaderElection17] INFO  server.RaftServerConfigKeys (ConfUtils.java:logGet(43)) - raft.server.write.element-limit = 4096 (default)
2019-09-26 16:53:54,740 [579334d3-7c10-42f4-b10c-e6c2267ece25@group-62D535C7C771:LeaderElection17] INFO  server.RaftServerConfigKeys (ConfUtils.java:logGet(43)) - raft.server.watch.timeout = 10s (default)
2019-09-26 16:53:54,740 [579334d3-7c10-42f4-b10c-e6c2267ece25@group-62D535C7C771:LeaderElection17] INFO  server.RaftServerConfigKeys (ConfUtils.java:logGet(43)) - raft.server.watch.timeout.denomination = 1s (default)
2019-09-26 16:53:54,740 [579334d3-7c10-42f4-b10c-e6c2267ece25@group-62D535C7C771:LeaderElection17] INFO  server.RaftServerConfigKeys (ConfUtils.java:logGet(43)) - raft.server.watch.element-limit = 65536 (default)
2019-09-26 16:53:54,743 [pool-87-thread-1] INFO  impl.RaftServerImpl (RaftServerImpl.java:start(185)) - 4a469c34-60df-4173-8d32-715e2ce97f5d@group-E5385069730C: start as a follower, conf=-1: [4a469c34-60df-4173-8d32-715e2ce97f5d:192.168.151.99:42442], old=null
2019-09-26 16:53:54,744 [pool-87-thread-1] INFO  impl.RaftServerImpl (RaftServerImpl.java:setRole(174)) - 4a469c34-60df-4173-8d32-715e2ce97f5d@group-E5385069730C: changes role from      null to FOLLOWER at term 0 for startAsFollower
2019-09-26 16:53:54,744 [579334d3-7c10-42f4-b10c-e6c2267ece25@group-62D535C7C771:LeaderElection17] INFO  impl.RoleInfo (RoleInfo.java:updateAndGet(143)) - 579334d3-7c10-42f4-b10c-e6c2267ece25: start LeaderState
2019-09-26 16:53:54,744 [pool-87-thread-1] INFO  impl.RoleInfo (RoleInfo.java:updateAndGet(143)) - 4a469c34-60df-4173-8d32-715e2ce97f5d: start FollowerState
2019-09-26 16:53:54,744 [579334d3-7c10-42f4-b10c-e6c2267ece25@group-62D535C7C771:LeaderElection17] INFO  segmented.SegmentedRaftLogWorker (SegmentedRaftLogWorker.java:startLogSegment(380)) - 579334d3-7c10-42f4-b10c-e6c2267ece25@group-62D535C7C771-SegmentedRaftLogWorker: Starting segment from index:0
2019-09-26 16:53:54,744 [pool-87-thread-1] INFO  util.JmxRegister (JmxRegister.java:tryRegister(44)) - Successfully registered JMX Bean with object name Ratis:service=RaftServer,group=group-E5385069730C,id=4a469c34-60df-4173-8d32-715e2ce97f5d
2019-09-26 16:53:54,745 [579334d3-7c10-42f4-b10c-e6c2267ece25@group-62D535C7C771:LeaderElection17] INFO  impl.RaftServerImpl (ServerState.java:setRaftConf(354)) - 579334d3-7c10-42f4-b10c-e6c2267ece25@group-62D535C7C771: set configuration 0: [579334d3-7c10-42f4-b10c-e6c2267ece25:192.168.151.99:34131], old=null at 0
2019-09-26 16:53:54,784 [Thread-291] INFO  impl.FollowerState (FollowerState.java:run(106)) - 4a469c34-60df-4173-8d32-715e2ce97f5d:group-D8757BE7DBB2 changes to CANDIDATE, lastRpcTime:5168, electionTimeout:5158ms
2019-09-26 16:53:54,785 [Thread-291] INFO  impl.RoleInfo (RoleInfo.java:shutdownFollowerState(121)) - 4a469c34-60df-4173-8d32-715e2ce97f5d: shutdown FollowerState
2019-09-26 16:53:54,785 [Thread-291] INFO  impl.RaftServerImpl (RaftServerImpl.java:setRole(174)) - 4a469c34-60df-4173-8d32-715e2ce97f5d@group-D8757BE7DBB2: changes role from  FOLLOWER to CANDIDATE at term 0 for changeToCandidate
2019-09-26 16:53:54,785 [Thread-291] INFO  impl.RoleInfo (RoleInfo.java:updateAndGet(143)) - 4a469c34-60df-4173-8d32-715e2ce97f5d: start LeaderElection
2019-09-26 16:53:54,797 [RatisPipelineUtilsThread] INFO  pipeline.PipelineStateManager (PipelineStateManager.java:addPipeline(56)) - Created pipeline Pipeline[ Id: 053815e1-e492-44eb-b15f-e5385069730c, Nodes: 4a469c34-60df-4173-8d32-715e2ce97f5d{ip: 192.168.151.99, host: pr-hdds-1569-g6sp5-2013761785, networkLocation: /default-rack, certSerialId: null}, Type:RATIS, Factor:ONE, State:OPEN]
2019-09-26 16:53:54,797 [579334d3-7c10-42f4-b10c-e6c2267ece25@group-62D535C7C771-SegmentedRaftLogWorker] INFO  segmented.SegmentedRaftLogWorker (SegmentedRaftLogWorker.java:execute(569)) - 579334d3-7c10-42f4-b10c-e6c2267ece25@group-62D535C7C771-SegmentedRaftLogWorker: created new log segment /workdir/hadoop-ozone/integration-test/target/test-dir/MiniOzoneClusterImpl-fdc3d401-fab1-4968-a84f-12bf762e2bbf/datanode-2/data/ratis/c7fd18c3-0802-40b0-8298-62d535c7c771/current/log_inprogress_0
2019-09-26 16:53:54,799 [4a469c34-60df-4173-8d32-715e2ce97f5d@group-D8757BE7DBB2:LeaderElection18] INFO  impl.LeaderElection (LeaderElection.java:askForVotes(182)) - 4a469c34-60df-4173-8d32-715e2ce97f5d@group-D8757BE7DBB2:LeaderElection18: begin an election at term 1 for -1: [4a469c34-60df-4173-8d32-715e2ce97f5d:192.168.151.99:42442], old=null
2019-09-26 16:53:54,799 [4a469c34-60df-4173-8d32-715e2ce97f5d@group-D8757BE7DBB2:LeaderElection18] INFO  impl.RoleInfo (RoleInfo.java:shutdownLeaderElection(134)) - 4a469c34-60df-4173-8d32-715e2ce97f5d: shutdown LeaderElection
2019-09-26 16:53:54,799 [4a469c34-60df-4173-8d32-715e2ce97f5d@group-D8757BE7DBB2:LeaderElection18] INFO  impl.RaftServerImpl (RaftServerImpl.java:setRole(174)) - 4a469c34-60df-4173-8d32-715e2ce97f5d@group-D8757BE7DBB2: changes role from CANDIDATE to LEADER at term 1 for changeToLeader
2019-09-26 16:53:54,799 [4a469c34-60df-4173-8d32-715e2ce97f5d@group-D8757BE7DBB2:LeaderElection18] INFO  impl.RaftServerImpl (ServerState.java:setLeader(253)) - 4a469c34-60df-4173-8d32-715e2ce97f5d@group-D8757BE7DBB2: change Leader from null to 4a469c34-60df-4173-8d32-715e2ce97f5d at term 1 for becomeLeader, leader elected after 5190ms
2019-09-26 16:53:54,799 [4a469c34-60df-4173-8d32-715e2ce97f5d@group-D8757BE7DBB2:LeaderElection18] INFO  server.RaftServerConfigKeys (ConfUtils.java:logGet(43)) - raft.server.staging.catchup.gap = 1000 (default)
2019-09-26 16:53:54,800 [4a469c34-60df-4173-8d32-715e2ce97f5d@group-D8757BE7DBB2:LeaderElection18] INFO  server.RaftServerConfigKeys (ConfUtils.java:logGet(43)) - raft.server.rpc.sleep.time = 25ms (default)
2019-09-26 16:53:54,800 [4a469c34-60df-4173-8d32-715e2ce97f5d@group-D8757BE7DBB2:LeaderElection18] INFO  server.RaftServerConfigKeys (ConfUtils.java:logGet(43)) - raft.server.write.element-limit = 4096 (default)
2019-09-26 16:53:54,800 [4a469c34-60df-4173-8d32-715e2ce97f5d@group-D8757BE7DBB2:LeaderElection18] INFO  server.RaftServerConfigKeys (ConfUtils.java:logGet(43)) - raft.server.watch.timeout = 10s (default)
2019-09-26 16:53:54,800 [4a469c34-60df-4173-8d32-715e2ce97f5d@group-D8757BE7DBB2:LeaderElection18] INFO  server.RaftServerConfigKeys (ConfUtils.java:logGet(43)) - raft.server.watch.timeout.denomination = 1s (default)
2019-09-26 16:53:54,800 [4a469c34-60df-4173-8d32-715e2ce97f5d@group-D8757BE7DBB2:LeaderElection18] INFO  server.RaftServerConfigKeys (ConfUtils.java:logGet(43)) - raft.server.watch.element-limit = 65536 (default)
2019-09-26 16:53:54,803 [4a469c34-60df-4173-8d32-715e2ce97f5d@group-D8757BE7DBB2:LeaderElection18] INFO  impl.RoleInfo (RoleInfo.java:updateAndGet(143)) - 4a469c34-60df-4173-8d32-715e2ce97f5d: start LeaderState
2019-09-26 16:53:54,803 [grpc-default-executor-1] INFO  impl.RaftServerProxy (RaftServerProxy.java:addNew(89)) - deac9605-e739-4d95-8360-f57df793faca: addNew group-0BC6163609F7:[deac9605-e739-4d95-8360-f57df793faca:192.168.151.99:46601] returns group-0BC6163609F7:java.util.concurrent.CompletableFuture@456563f9[Not completed]
2019-09-26 16:53:54,804 [4a469c34-60df-4173-8d32-715e2ce97f5d@group-D8757BE7DBB2:LeaderElection18] INFO  segmented.SegmentedRaftLogWorker (SegmentedRaftLogWorker.java:startLogSegment(380)) - 4a469c34-60df-4173-8d32-715e2ce97f5d@group-D8757BE7DBB2-SegmentedRaftLogWorker: Starting segment from index:0
2019-09-26 16:53:54,804 [4a469c34-60df-4173-8d32-715e2ce97f5d@group-D8757BE7DBB2:LeaderElection18] INFO  impl.RaftServerImpl (ServerState.java:setRaftConf(354)) - 4a469c34-60df-4173-8d32-715e2ce97f5d@group-D8757BE7DBB2: set configuration 0: [4a469c34-60df-4173-8d32-715e2ce97f5d:192.168.151.99:42442], old=null at 0
2019-09-26 16:53:54,845 [pool-27-thread-1] INFO  impl.RaftServerImpl (RaftServerImpl.java:<init>(95)) - deac9605-e739-4d95-8360-f57df793faca: new RaftServerImpl for group-0BC6163609F7:[deac9605-e739-4d95-8360-f57df793faca:192.168.151.99:46601] with ContainerStateMachine:uninitialized
2019-09-26 16:53:54,845 [pool-27-thread-1] INFO  server.RaftServerConfigKeys (ConfUtils.java:logGet(43)) - raft.server.rpc.timeout.min = 5s (custom)
2019-09-26 16:53:54,846 [pool-27-thread-1] INFO  server.RaftServerConfigKeys (ConfUtils.java:logGet(43)) - raft.server.rpc.timeout.max = 5200ms (custom)
2019-09-26 16:53:54,846 [pool-27-thread-1] INFO  server.RaftServerConfigKeys (ConfUtils.java:logGet(43)) - raft.server.rpcslowness.timeout = 120s (custom)
2019-09-26 16:53:54,846 [pool-27-thread-1] INFO  server.RaftServerConfigKeys (ConfUtils.java:logGet(43)) - raft.server.sleep.deviation.threshold = 300 (default)
2019-09-26 16:53:54,846 [pool-27-thread-1] INFO  server.RaftServerConfigKeys (ConfUtils.java:logGet(43)) - raft.server.log.appender.install.snapshot.enabled = false (custom)
2019-09-26 16:53:54,846 [pool-27-thread-1] INFO  impl.RaftServerImpl (ServerState.java:<init>(103)) - deac9605-e739-4d95-8360-f57df793faca@group-0BC6163609F7: ConfigurationManager, init=-1: [deac9605-e739-4d95-8360-f57df793faca:192.168.151.99:46601], old=null, confs=<EMPTY_MAP>
2019-09-26 16:53:54,847 [pool-27-thread-1] INFO  server.RaftServerConfigKeys (ConfUtils.java:logGet(43)) - raft.server.storage.dir = [/workdir/hadoop-ozone/integration-test/target/test-dir/MiniOzoneClusterImpl-fdc3d401-fab1-4968-a84f-12bf762e2bbf/datanode-0/data/ratis] (custom)
2019-09-26 16:53:54,847 [pool-27-thread-1] INFO  storage.RaftStorageDirectory (RaftStorageDirectory.java:analyzeStorage(246)) - The storage directory /workdir/hadoop-ozone/integration-test/target/test-dir/MiniOzoneClusterImpl-fdc3d401-fab1-4968-a84f-12bf762e2bbf/datanode-0/data/ratis/aa05aaa0-a50a-4a9b-9337-0bc6163609f7 does not exist. Creating ...
2019-09-26 16:53:54,856 [pool-27-thread-1] INFO  storage.RaftStorageDirectory (RaftStorageDirectory.java:tryLock(328)) - Lock on /workdir/hadoop-ozone/integration-test/target/test-dir/MiniOzoneClusterImpl-fdc3d401-fab1-4968-a84f-12bf762e2bbf/datanode-0/data/ratis/aa05aaa0-a50a-4a9b-9337-0bc6163609f7/in_use.lock acquired by nodename 15096@pr-hdds-1569-g6sp5-2013761785
2019-09-26 16:53:54,856 [4a469c34-60df-4173-8d32-715e2ce97f5d@group-D8757BE7DBB2-SegmentedRaftLogWorker] INFO  segmented.SegmentedRaftLogWorker (SegmentedRaftLogWorker.java:execute(569)) - 4a469c34-60df-4173-8d32-715e2ce97f5d@group-D8757BE7DBB2-SegmentedRaftLogWorker: created new log segment /workdir/hadoop-ozone/integration-test/target/test-dir/MiniOzoneClusterImpl-fdc3d401-fab1-4968-a84f-12bf762e2bbf/datanode-6/data/ratis/49fbb32b-2672-4908-819e-d8757be7dbb2/current/log_inprogress_0
2019-09-26 16:53:54,870 [pool-27-thread-1] INFO  storage.RaftStorage (RaftStorage.java:format(72)) - Storage directory /workdir/hadoop-ozone/integration-test/target/test-dir/MiniOzoneClusterImpl-fdc3d401-fab1-4968-a84f-12bf762e2bbf/datanode-0/data/ratis/aa05aaa0-a50a-4a9b-9337-0bc6163609f7 has been successfully formatted.
2019-09-26 16:53:54,870 [pool-27-thread-1] INFO  ratis.ContainerStateMachine (ContainerStateMachine.java:loadSnapshot(230)) - group-0BC6163609F7: The snapshot info is null. Setting the last applied indexto:(t:0, i:~)
2019-09-26 16:53:54,870 [pool-27-thread-1] INFO  server.RaftServerConfigKeys (ConfUtils.java:logGet(43)) - raft.server.notification.no-leader.timeout = 120s (custom)
2019-09-26 16:53:54,870 [pool-27-thread-1] INFO  server.RaftServerConfigKeys (ConfUtils.java:logGet(43)) - raft.server.log.use.memory = false (default)
2019-09-26 16:53:54,871 [pool-27-thread-1] INFO  server.RaftServerConfigKeys (ConfUtils.java:logGet(43)) - raft.server.log.purge.gap = 1000000 (custom)
2019-09-26 16:53:54,871 [pool-27-thread-1] INFO  server.RaftServerConfigKeys (ConfUtils.java:logGet(43)) - raft.server.log.appender.buffer.byte-limit = 33554432 (custom)
2019-09-26 16:53:54,871 [pool-27-thread-1] INFO  server.RaftServerConfigKeys (ConfUtils.java:logGet(43)) - raft.server.log.segment.size.max = 1048576 (custom)
2019-09-26 16:53:54,871 [pool-27-thread-1] INFO  server.RaftServerConfigKeys (ConfUtils.java:logGet(43)) - raft.server.log.segment.cache.num.max = 2 (custom)
2019-09-26 16:53:54,871 [pool-27-thread-1] INFO  segmented.SegmentedRaftLogWorker (SegmentedRaftLogWorker.java:<init>(172)) - new deac9605-e739-4d95-8360-f57df793faca@group-0BC6163609F7-SegmentedRaftLogWorker for RaftStorage:Storage Directory /workdir/hadoop-ozone/integration-test/target/test-dir/MiniOzoneClusterImpl-fdc3d401-fab1-4968-a84f-12bf762e2bbf/datanode-0/data/ratis/aa05aaa0-a50a-4a9b-9337-0bc6163609f7
2019-09-26 16:53:54,872 [pool-27-thread-1] INFO  server.RaftServerConfigKeys (ConfUtils.java:logGet(43)) - raft.server.log.queue.byte-limit = 2147483647 (custom)
2019-09-26 16:53:54,872 [pool-27-thread-1] INFO  server.RaftServerConfigKeys (ConfUtils.java:logGet(43)) - raft.server.log.queue.element-limit = 1024 (custom)
2019-09-26 16:53:54,872 [pool-27-thread-1] INFO  server.RaftServerConfigKeys (ConfUtils.java:logGet(43)) - raft.server.log.segment.size.max = 1048576 (custom)
2019-09-26 16:53:54,872 [pool-27-thread-1] INFO  server.RaftServerConfigKeys (ConfUtils.java:logGet(43)) - raft.server.log.preallocated.size = 16384 (custom)
2019-09-26 16:53:54,872 [pool-27-thread-1] INFO  server.RaftServerConfigKeys (ConfUtils.java:logGet(43)) - raft.server.log.write.buffer.size = 33554432 (custom)
2019-09-26 16:53:54,873 [pool-27-thread-1] INFO  server.RaftServerConfigKeys (ConfUtils.java:logGet(43)) - raft.server.log.force.sync.num = 128 (default)
2019-09-26 16:53:54,873 [pool-27-thread-1] INFO  server.RaftServerConfigKeys (ConfUtils.java:logGet(43)) - raft.server.log.statemachine.data.sync = true (default)
2019-09-26 16:53:54,873 [pool-27-thread-1] INFO  server.RaftServerConfigKeys (ConfUtils.java:logGet(43)) - raft.server.log.statemachine.data.sync.timeout = 10s (default)
2019-09-26 16:53:54,873 [pool-27-thread-1] INFO  server.RaftServerConfigKeys (ConfUtils.java:logGet(43)) - raft.server.log.statemachine.data.sync.timeout.retry = -1 (default)
2019-09-26 16:53:54,873 [pool-27-thread-1] INFO  server.RaftServerConfigKeys (ConfUtils.java:logGet(43)) - raft.server.log.statemachine.data.caching.enabled = true (custom)
2019-09-26 16:53:54,874 [pool-27-thread-1] INFO  segmented.SegmentedRaftLogWorker (SegmentedRaftLogWorker.java:lambda$new$0(132)) - deac9605-e739-4d95-8360-f57df793faca@group-0BC6163609F7-SegmentedRaftLogWorker: flushIndex: setUnconditionally 0 -> -1
2019-09-26 16:53:54,874 [pool-27-thread-1] INFO  server.RaftServerConfigKeys (ConfUtils.java:logGet(43)) - raft.server.snapshot.auto.trigger.enabled = true (custom)
2019-09-26 16:53:54,874 [pool-27-thread-1] INFO  server.RaftServerConfigKeys (ConfUtils.java:logGet(43)) - raft.server.snapshot.auto.trigger.threshold = 10000 (custom)
2019-09-26 16:53:54,874 [pool-27-thread-1] INFO  server.RaftServerConfigKeys (ConfUtils.java:logGet(43)) - raft.server.snapshot.retention.num.files = 5 (custom)
2019-09-26 16:53:54,875 [pool-27-thread-1] INFO  server.RaftServerConfigKeys (ConfUtils.java:logGet(43)) - raft.server.retrycache.expirytime = 600000ms (custom)
2019-09-26 16:53:54,877 [pool-27-thread-1] INFO  impl.RaftServerImpl (RaftServerImpl.java:start(185)) - deac9605-e739-4d95-8360-f57df793faca@group-0BC6163609F7: start as a follower, conf=-1: [deac9605-e739-4d95-8360-f57df793faca:192.168.151.99:46601], old=null
2019-09-26 16:53:54,877 [pool-27-thread-1] INFO  impl.RaftServerImpl (RaftServerImpl.java:setRole(174)) - deac9605-e739-4d95-8360-f57df793faca@group-0BC6163609F7: changes role from      null to FOLLOWER at term 0 for startAsFollower
2019-09-26 16:53:54,878 [pool-27-thread-1] INFO  impl.RoleInfo (RoleInfo.java:updateAndGet(143)) - deac9605-e739-4d95-8360-f57df793faca: start FollowerState
2019-09-26 16:53:54,878 [pool-27-thread-1] INFO  util.JmxRegister (JmxRegister.java:tryRegister(44)) - Successfully registered JMX Bean with object name Ratis:service=RaftServer,group=group-0BC6163609F7,id=deac9605-e739-4d95-8360-f57df793faca
2019-09-26 16:53:54,881 [RatisPipelineUtilsThread] INFO  pipeline.PipelineStateManager (PipelineStateManager.java:addPipeline(56)) - Created pipeline Pipeline[ Id: aa05aaa0-a50a-4a9b-9337-0bc6163609f7, Nodes: deac9605-e739-4d95-8360-f57df793faca{ip: 192.168.151.99, host: pr-hdds-1569-g6sp5-2013761785, networkLocation: /default-rack, certSerialId: null}, Type:RATIS, Factor:ONE, State:OPEN]
2019-09-26 16:53:54,888 [grpc-default-executor-1] INFO  impl.RaftServerProxy (RaftServerProxy.java:addNew(89)) - 862ec94c-cd2d-47b3-b563-7d6c2816cb58: addNew group-40BFE342F714:[862ec94c-cd2d-47b3-b563-7d6c2816cb58:192.168.151.99:36916] returns group-40BFE342F714:java.util.concurrent.CompletableFuture@128d8a60[Not completed]
2019-09-26 16:53:54,889 [pool-67-thread-1] INFO  impl.RaftServerImpl (RaftServerImpl.java:<init>(95)) - 862ec94c-cd2d-47b3-b563-7d6c2816cb58: new RaftServerImpl for group-40BFE342F714:[862ec94c-cd2d-47b3-b563-7d6c2816cb58:192.168.151.99:36916] with ContainerStateMachine:uninitialized
2019-09-26 16:53:54,889 [pool-67-thread-1] INFO  server.RaftServerConfigKeys (ConfUtils.java:logGet(43)) - raft.server.rpc.timeout.min = 5s (custom)
2019-09-26 16:53:54,889 [pool-67-thread-1] INFO  server.RaftServerConfigKeys (ConfUtils.java:logGet(43)) - raft.server.rpc.timeout.max = 5200ms (custom)
2019-09-26 16:53:54,889 [pool-67-thread-1] INFO  server.RaftServerConfigKeys (ConfUtils.java:logGet(43)) - raft.server.rpcslowness.timeout = 120s (custom)
2019-09-26 16:53:54,889 [pool-67-thread-1] INFO  server.RaftServerConfigKeys (ConfUtils.java:logGet(43)) - raft.server.sleep.deviation.threshold = 300 (default)
2019-09-26 16:53:54,890 [pool-67-thread-1] INFO  server.RaftServerConfigKeys (ConfUtils.java:logGet(43)) - raft.server.log.appender.install.snapshot.enabled = false (custom)
2019-09-26 16:53:54,890 [pool-67-thread-1] INFO  impl.RaftServerImpl (ServerState.java:<init>(103)) - 862ec94c-cd2d-47b3-b563-7d6c2816cb58@group-40BFE342F714: ConfigurationManager, init=-1: [862ec94c-cd2d-47b3-b563-7d6c2816cb58:192.168.151.99:36916], old=null, confs=<EMPTY_MAP>
2019-09-26 16:53:54,890 [pool-67-thread-1] INFO  server.RaftServerConfigKeys (ConfUtils.java:logGet(43)) - raft.server.storage.dir = [/workdir/hadoop-ozone/integration-test/target/test-dir/MiniOzoneClusterImpl-fdc3d401-fab1-4968-a84f-12bf762e2bbf/datanode-4/data/ratis] (custom)
2019-09-26 16:53:54,891 [pool-67-thread-1] INFO  storage.RaftStorageDirectory (RaftStorageDirectory.java:analyzeStorage(246)) - The storage directory /workdir/hadoop-ozone/integration-test/target/test-dir/MiniOzoneClusterImpl-fdc3d401-fab1-4968-a84f-12bf762e2bbf/datanode-4/data/ratis/101c45ae-33c8-483c-892f-40bfe342f714 does not exist. Creating ...
2019-09-26 16:53:54,904 [pool-67-thread-1] INFO  storage.RaftStorageDirectory (RaftStorageDirectory.java:tryLock(328)) - Lock on /workdir/hadoop-ozone/integration-test/target/test-dir/MiniOzoneClusterImpl-fdc3d401-fab1-4968-a84f-12bf762e2bbf/datanode-4/data/ratis/101c45ae-33c8-483c-892f-40bfe342f714/in_use.lock acquired by nodename 15096@pr-hdds-1569-g6sp5-2013761785
2019-09-26 16:53:54,917 [pool-67-thread-1] INFO  storage.RaftStorage (RaftStorage.java:format(72)) - Storage directory /workdir/hadoop-ozone/integration-test/target/test-dir/MiniOzoneClusterImpl-fdc3d401-fab1-4968-a84f-12bf762e2bbf/datanode-4/data/ratis/101c45ae-33c8-483c-892f-40bfe342f714 has been successfully formatted.
2019-09-26 16:53:54,917 [pool-67-thread-1] INFO  ratis.ContainerStateMachine (ContainerStateMachine.java:loadSnapshot(230)) - group-40BFE342F714: The snapshot info is null. Setting the last applied indexto:(t:0, i:~)
2019-09-26 16:53:54,917 [pool-67-thread-1] INFO  server.RaftServerConfigKeys (ConfUtils.java:logGet(43)) - raft.server.notification.no-leader.timeout = 120s (custom)
2019-09-26 16:53:54,917 [pool-67-thread-1] INFO  server.RaftServerConfigKeys (ConfUtils.java:logGet(43)) - raft.server.log.use.memory = false (default)
2019-09-26 16:53:54,918 [pool-67-thread-1] INFO  server.RaftServerConfigKeys (ConfUtils.java:logGet(43)) - raft.server.log.purge.gap = 1000000 (custom)
2019-09-26 16:53:54,918 [pool-67-thread-1] INFO  server.RaftServerConfigKeys (ConfUtils.java:logGet(43)) - raft.server.log.appender.buffer.byte-limit = 33554432 (custom)
2019-09-26 16:53:54,918 [pool-67-thread-1] INFO  server.RaftServerConfigKeys (ConfUtils.java:logGet(43)) - raft.server.log.segment.size.max = 1048576 (custom)
2019-09-26 16:53:54,918 [pool-67-thread-1] INFO  server.RaftServerConfigKeys (ConfUtils.java:logGet(43)) - raft.server.log.segment.cache.num.max = 2 (custom)
2019-09-26 16:53:54,918 [pool-67-thread-1] INFO  segmented.SegmentedRaftLogWorker (SegmentedRaftLogWorker.java:<init>(172)) - new 862ec94c-cd2d-47b3-b563-7d6c2816cb58@group-40BFE342F714-SegmentedRaftLogWorker for RaftStorage:Storage Directory /workdir/hadoop-ozone/integration-test/target/test-dir/MiniOzoneClusterImpl-fdc3d401-fab1-4968-a84f-12bf762e2bbf/datanode-4/data/ratis/101c45ae-33c8-483c-892f-40bfe342f714
2019-09-26 16:53:54,918 [pool-67-thread-1] INFO  server.RaftServerConfigKeys (ConfUtils.java:logGet(43)) - raft.server.log.queue.byte-limit = 2147483647 (custom)
2019-09-26 16:53:54,919 [pool-67-thread-1] INFO  server.RaftServerConfigKeys (ConfUtils.java:logGet(43)) - raft.server.log.queue.element-limit = 1024 (custom)
2019-09-26 16:53:54,919 [pool-67-thread-1] INFO  server.RaftServerConfigKeys (ConfUtils.java:logGet(43)) - raft.server.log.segment.size.max = 1048576 (custom)
2019-09-26 16:53:54,919 [pool-67-thread-1] INFO  server.RaftServerConfigKeys (ConfUtils.java:logGet(43)) - raft.server.log.preallocated.size = 16384 (custom)
2019-09-26 16:53:54,919 [pool-67-thread-1] INFO  server.RaftServerConfigKeys (ConfUtils.java:logGet(43)) - raft.server.log.write.buffer.size = 33554432 (custom)
2019-09-26 16:53:54,919 [pool-67-thread-1] INFO  server.RaftServerConfigKeys (ConfUtils.java:logGet(43)) - raft.server.log.force.sync.num = 128 (default)
2019-09-26 16:53:54,919 [pool-67-thread-1] INFO  server.RaftServerConfigKeys (ConfUtils.java:logGet(43)) - raft.server.log.statemachine.data.sync = true (default)
2019-09-26 16:53:54,920 [pool-67-thread-1] INFO  server.RaftServerConfigKeys (ConfUtils.java:logGet(43)) - raft.server.log.statemachine.data.sync.timeout = 10s (default)
2019-09-26 16:53:54,920 [pool-67-thread-1] INFO  server.RaftServerConfigKeys (ConfUtils.java:logGet(43)) - raft.server.log.statemachine.data.sync.timeout.retry = -1 (default)
2019-09-26 16:53:54,920 [pool-67-thread-1] INFO  server.RaftServerConfigKeys (ConfUtils.java:logGet(43)) - raft.server.log.statemachine.data.caching.enabled = true (custom)
2019-09-26 16:53:54,920 [pool-67-thread-1] INFO  segmented.SegmentedRaftLogWorker (SegmentedRaftLogWorker.java:lambda$new$0(132)) - 862ec94c-cd2d-47b3-b563-7d6c2816cb58@group-40BFE342F714-SegmentedRaftLogWorker: flushIndex: setUnconditionally 0 -> -1
2019-09-26 16:53:54,921 [pool-67-thread-1] INFO  server.RaftServerConfigKeys (ConfUtils.java:logGet(43)) - raft.server.snapshot.auto.trigger.enabled = true (custom)
2019-09-26 16:53:54,921 [pool-67-thread-1] INFO  server.RaftServerConfigKeys (ConfUtils.java:logGet(43)) - raft.server.snapshot.auto.trigger.threshold = 10000 (custom)
2019-09-26 16:53:54,921 [pool-67-thread-1] INFO  server.RaftServerConfigKeys (ConfUtils.java:logGet(43)) - raft.server.snapshot.retention.num.files = 5 (custom)
2019-09-26 16:53:54,921 [pool-67-thread-1] INFO  server.RaftServerConfigKeys (ConfUtils.java:logGet(43)) - raft.server.retrycache.expirytime = 600000ms (custom)
2019-09-26 16:53:54,923 [pool-67-thread-1] INFO  impl.RaftServerImpl (RaftServerImpl.java:start(185)) - 862ec94c-cd2d-47b3-b563-7d6c2816cb58@group-40BFE342F714: start as a follower, conf=-1: [862ec94c-cd2d-47b3-b563-7d6c2816cb58:192.168.151.99:36916], old=null
2019-09-26 16:53:54,923 [pool-67-thread-1] INFO  impl.RaftServerImpl (RaftServerImpl.java:setRole(174)) - 862ec94c-cd2d-47b3-b563-7d6c2816cb58@group-40BFE342F714: changes role from      null to FOLLOWER at term 0 for startAsFollower
2019-09-26 16:53:54,924 [pool-67-thread-1] INFO  impl.RoleInfo (RoleInfo.java:updateAndGet(143)) - 862ec94c-cd2d-47b3-b563-7d6c2816cb58: start FollowerState
2019-09-26 16:53:54,924 [pool-67-thread-1] INFO  util.JmxRegister (JmxRegister.java:tryRegister(44)) - Successfully registered JMX Bean with object name Ratis:service=RaftServer,group=group-40BFE342F714,id=862ec94c-cd2d-47b3-b563-7d6c2816cb58
2019-09-26 16:53:54,927 [RatisPipelineUtilsThread] INFO  pipeline.PipelineStateManager (PipelineStateManager.java:addPipeline(56)) - Created pipeline Pipeline[ Id: 101c45ae-33c8-483c-892f-40bfe342f714, Nodes: 862ec94c-cd2d-47b3-b563-7d6c2816cb58{ip: 192.168.151.99, host: pr-hdds-1569-g6sp5-2013761785, networkLocation: /default-rack, certSerialId: null}, Type:RATIS, Factor:ONE, State:OPEN]
2019-09-26 16:53:54,930 [Thread-297] INFO  impl.FollowerState (FollowerState.java:run(106)) - 579334d3-7c10-42f4-b10c-e6c2267ece25:group-E6FCFA2C0D6F changes to CANDIDATE, lastRpcTime:5175, electionTimeout:5175ms
2019-09-26 16:53:54,930 [Thread-297] INFO  impl.RoleInfo (RoleInfo.java:shutdownFollowerState(121)) - 579334d3-7c10-42f4-b10c-e6c2267ece25: shutdown FollowerState
2019-09-26 16:53:54,930 [Thread-297] INFO  impl.RaftServerImpl (RaftServerImpl.java:setRole(174)) - 579334d3-7c10-42f4-b10c-e6c2267ece25@group-E6FCFA2C0D6F: changes role from  FOLLOWER to CANDIDATE at term 0 for changeToCandidate
2019-09-26 16:53:54,930 [Thread-297] INFO  impl.RoleInfo (RoleInfo.java:updateAndGet(143)) - 579334d3-7c10-42f4-b10c-e6c2267ece25: start LeaderElection
2019-09-26 16:53:54,939 [grpc-default-executor-1] INFO  impl.RaftServerProxy (RaftServerProxy.java:addNew(89)) - deac9605-e739-4d95-8360-f57df793faca: addNew group-F2FE724336A6:[deac9605-e739-4d95-8360-f57df793faca:192.168.151.99:46601] returns group-F2FE724336A6:java.util.concurrent.CompletableFuture@4bd48a3[Not completed]
2019-09-26 16:53:54,940 [pool-27-thread-1] INFO  impl.RaftServerImpl (RaftServerImpl.java:<init>(95)) - deac9605-e739-4d95-8360-f57df793faca: new RaftServerImpl for group-F2FE724336A6:[deac9605-e739-4d95-8360-f57df793faca:192.168.151.99:46601] with ContainerStateMachine:uninitialized
2019-09-26 16:53:54,940 [pool-27-thread-1] INFO  server.RaftServerConfigKeys (ConfUtils.java:logGet(43)) - raft.server.rpc.timeout.min = 5s (custom)
2019-09-26 16:53:54,940 [pool-27-thread-1] INFO  server.RaftServerConfigKeys (ConfUtils.java:logGet(43)) - raft.server.rpc.timeout.max = 5200ms (custom)
2019-09-26 16:53:54,940 [pool-27-thread-1] INFO  server.RaftServerConfigKeys (ConfUtils.java:logGet(43)) - raft.server.rpcslowness.timeout = 120s (custom)
2019-09-26 16:53:54,940 [pool-27-thread-1] INFO  server.RaftServerConfigKeys (ConfUtils.java:logGet(43)) - raft.server.sleep.deviation.threshold = 300 (default)
2019-09-26 16:53:54,940 [pool-27-thread-1] INFO  server.RaftServerConfigKeys (ConfUtils.java:logGet(43)) - raft.server.log.appender.install.snapshot.enabled = false (custom)
2019-09-26 16:53:54,941 [pool-27-thread-1] INFO  impl.RaftServerImpl (ServerState.java:<init>(103)) - deac9605-e739-4d95-8360-f57df793faca@group-F2FE724336A6: ConfigurationManager, init=-1: [deac9605-e739-4d95-8360-f57df793faca:192.168.151.99:46601], old=null, confs=<EMPTY_MAP>
2019-09-26 16:53:54,941 [pool-27-thread-1] INFO  server.RaftServerConfigKeys (ConfUtils.java:logGet(43)) - raft.server.storage.dir = [/workdir/hadoop-ozone/integration-test/target/test-dir/MiniOzoneClusterImpl-fdc3d401-fab1-4968-a84f-12bf762e2bbf/datanode-0/data/ratis] (custom)
2019-09-26 16:53:54,941 [pool-27-thread-1] INFO  storage.RaftStorageDirectory (RaftStorageDirectory.java:analyzeStorage(246)) - The storage directory /workdir/hadoop-ozone/integration-test/target/test-dir/MiniOzoneClusterImpl-fdc3d401-fab1-4968-a84f-12bf762e2bbf/datanode-0/data/ratis/7f14e004-8d5f-4993-91d8-f2fe724336a6 does not exist. Creating ...
2019-09-26 16:53:54,952 [pool-27-thread-1] INFO  storage.RaftStorageDirectory (RaftStorageDirectory.java:tryLock(328)) - Lock on /workdir/hadoop-ozone/integration-test/target/test-dir/MiniOzoneClusterImpl-fdc3d401-fab1-4968-a84f-12bf762e2bbf/datanode-0/data/ratis/7f14e004-8d5f-4993-91d8-f2fe724336a6/in_use.lock acquired by nodename 15096@pr-hdds-1569-g6sp5-2013761785
2019-09-26 16:53:54,952 [579334d3-7c10-42f4-b10c-e6c2267ece25@group-E6FCFA2C0D6F:LeaderElection19] INFO  impl.LeaderElection (LeaderElection.java:askForVotes(182)) - 579334d3-7c10-42f4-b10c-e6c2267ece25@group-E6FCFA2C0D6F:LeaderElection19: begin an election at term 1 for -1: [579334d3-7c10-42f4-b10c-e6c2267ece25:192.168.151.99:34131], old=null
2019-09-26 16:53:54,952 [579334d3-7c10-42f4-b10c-e6c2267ece25@group-E6FCFA2C0D6F:LeaderElection19] INFO  impl.RoleInfo (RoleInfo.java:shutdownLeaderElection(134)) - 579334d3-7c10-42f4-b10c-e6c2267ece25: shutdown LeaderElection
2019-09-26 16:53:54,952 [579334d3-7c10-42f4-b10c-e6c2267ece25@group-E6FCFA2C0D6F:LeaderElection19] INFO  impl.RaftServerImpl (RaftServerImpl.java:setRole(174)) - 579334d3-7c10-42f4-b10c-e6c2267ece25@group-E6FCFA2C0D6F: changes role from CANDIDATE to LEADER at term 1 for changeToLeader
2019-09-26 16:53:54,952 [579334d3-7c10-42f4-b10c-e6c2267ece25@group-E6FCFA2C0D6F:LeaderElection19] INFO  impl.RaftServerImpl (ServerState.java:setLeader(253)) - 579334d3-7c10-42f4-b10c-e6c2267ece25@group-E6FCFA2C0D6F: change Leader from null to 579334d3-7c10-42f4-b10c-e6c2267ece25 at term 1 for becomeLeader, leader elected after 5203ms
2019-09-26 16:53:54,953 [579334d3-7c10-42f4-b10c-e6c2267ece25@group-E6FCFA2C0D6F:LeaderElection19] INFO  server.RaftServerConfigKeys (ConfUtils.java:logGet(43)) - raft.server.staging.catchup.gap = 1000 (default)
2019-09-26 16:53:54,953 [579334d3-7c10-42f4-b10c-e6c2267ece25@group-E6FCFA2C0D6F:LeaderElection19] INFO  server.RaftServerConfigKeys (ConfUtils.java:logGet(43)) - raft.server.rpc.sleep.time = 25ms (default)
2019-09-26 16:53:54,953 [579334d3-7c10-42f4-b10c-e6c2267ece25@group-E6FCFA2C0D6F:LeaderElection19] INFO  server.RaftServerConfigKeys (ConfUtils.java:logGet(43)) - raft.server.write.element-limit = 4096 (default)
2019-09-26 16:53:54,953 [579334d3-7c10-42f4-b10c-e6c2267ece25@group-E6FCFA2C0D6F:LeaderElection19] INFO  server.RaftServerConfigKeys (ConfUtils.java:logGet(43)) - raft.server.watch.timeout = 10s (default)
2019-09-26 16:53:54,953 [579334d3-7c10-42f4-b10c-e6c2267ece25@group-E6FCFA2C0D6F:LeaderElection19] INFO  server.RaftServerConfigKeys (ConfUtils.java:logGet(43)) - raft.server.watch.timeout.denomination = 1s (default)
2019-09-26 16:53:54,953 [579334d3-7c10-42f4-b10c-e6c2267ece25@group-E6FCFA2C0D6F:LeaderElection19] INFO  server.RaftServerConfigKeys (ConfUtils.java:logGet(43)) - raft.server.watch.element-limit = 65536 (default)
2019-09-26 16:53:54,955 [579334d3-7c10-42f4-b10c-e6c2267ece25@group-E6FCFA2C0D6F:LeaderElection19] INFO  impl.RoleInfo (RoleInfo.java:updateAndGet(143)) - 579334d3-7c10-42f4-b10c-e6c2267ece25: start LeaderState
2019-09-26 16:53:54,956 [579334d3-7c10-42f4-b10c-e6c2267ece25@group-E6FCFA2C0D6F:LeaderElection19] INFO  segmented.SegmentedRaftLogWorker (SegmentedRaftLogWorker.java:startLogSegment(380)) - 579334d3-7c10-42f4-b10c-e6c2267ece25@group-E6FCFA2C0D6F-SegmentedRaftLogWorker: Starting segment from index:0
2019-09-26 16:53:54,956 [579334d3-7c10-42f4-b10c-e6c2267ece25@group-E6FCFA2C0D6F:LeaderElection19] INFO  impl.RaftServerImpl (ServerState.java:setRaftConf(354)) - 579334d3-7c10-42f4-b10c-e6c2267ece25@group-E6FCFA2C0D6F: set configuration 0: [579334d3-7c10-42f4-b10c-e6c2267ece25:192.168.151.99:34131], old=null at 0
2019-09-26 16:53:54,998 [pool-27-thread-1] INFO  storage.RaftStorage (RaftStorage.java:format(72)) - Storage directory /workdir/hadoop-ozone/integration-test/target/test-dir/MiniOzoneClusterImpl-fdc3d401-fab1-4968-a84f-12bf762e2bbf/datanode-0/data/ratis/7f14e004-8d5f-4993-91d8-f2fe724336a6 has been successfully formatted.
2019-09-26 16:53:54,999 [pool-27-thread-1] INFO  ratis.ContainerStateMachine (ContainerStateMachine.java:loadSnapshot(230)) - group-F2FE724336A6: The snapshot info is null. Setting the last applied indexto:(t:0, i:~)
2019-09-26 16:53:54,999 [pool-27-thread-1] INFO  server.RaftServerConfigKeys (ConfUtils.java:logGet(43)) - raft.server.notification.no-leader.timeout = 120s (custom)
2019-09-26 16:53:54,999 [pool-27-thread-1] INFO  server.RaftServerConfigKeys (ConfUtils.java:logGet(43)) - raft.server.log.use.memory = false (default)
2019-09-26 16:53:54,999 [pool-27-thread-1] INFO  server.RaftServerConfigKeys (ConfUtils.java:logGet(43)) - raft.server.log.purge.gap = 1000000 (custom)
2019-09-26 16:53:55,000 [pool-27-thread-1] INFO  server.RaftServerConfigKeys (ConfUtils.java:logGet(43)) - raft.server.log.appender.buffer.byte-limit = 33554432 (custom)
2019-09-26 16:53:55,000 [pool-27-thread-1] INFO  server.RaftServerConfigKeys (ConfUtils.java:logGet(43)) - raft.server.log.segment.size.max = 1048576 (custom)
2019-09-26 16:53:55,000 [pool-27-thread-1] INFO  server.RaftServerConfigKeys (ConfUtils.java:logGet(43)) - raft.server.log.segment.cache.num.max = 2 (custom)
2019-09-26 16:53:55,000 [pool-27-thread-1] INFO  segmented.SegmentedRaftLogWorker (SegmentedRaftLogWorker.java:<init>(172)) - new deac9605-e739-4d95-8360-f57df793faca@group-F2FE724336A6-SegmentedRaftLogWorker for RaftStorage:Storage Directory /workdir/hadoop-ozone/integration-test/target/test-dir/MiniOzoneClusterImpl-fdc3d401-fab1-4968-a84f-12bf762e2bbf/datanode-0/data/ratis/7f14e004-8d5f-4993-91d8-f2fe724336a6
2019-09-26 16:53:55,000 [pool-27-thread-1] INFO  server.RaftServerConfigKeys (ConfUtils.java:logGet(43)) - raft.server.log.queue.byte-limit = 2147483647 (custom)
2019-09-26 16:53:55,001 [pool-27-thread-1] INFO  server.RaftServerConfigKeys (ConfUtils.java:logGet(43)) - raft.server.log.queue.element-limit = 1024 (custom)
2019-09-26 16:53:55,001 [pool-27-thread-1] INFO  server.RaftServerConfigKeys (ConfUtils.java:logGet(43)) - raft.server.log.segment.size.max = 1048576 (custom)
2019-09-26 16:53:55,001 [pool-27-thread-1] INFO  server.RaftServerConfigKeys (ConfUtils.java:logGet(43)) - raft.server.log.preallocated.size = 16384 (custom)
2019-09-26 16:53:55,001 [pool-27-thread-1] INFO  server.RaftServerConfigKeys (ConfUtils.java:logGet(43)) - raft.server.log.write.buffer.size = 33554432 (custom)
2019-09-26 16:53:55,001 [pool-27-thread-1] INFO  server.RaftServerConfigKeys (ConfUtils.java:logGet(43)) - raft.server.log.force.sync.num = 128 (default)
2019-09-26 16:53:55,002 [pool-27-thread-1] INFO  server.RaftServerConfigKeys (ConfUtils.java:logGet(43)) - raft.server.log.statemachine.data.sync = true (default)
2019-09-26 16:53:55,002 [pool-27-thread-1] INFO  server.RaftServerConfigKeys (ConfUtils.java:logGet(43)) - raft.server.log.statemachine.data.sync.timeout = 10s (default)
2019-09-26 16:53:55,002 [pool-27-thread-1] INFO  server.RaftServerConfigKeys (ConfUtils.java:logGet(43)) - raft.server.log.statemachine.data.sync.timeout.retry = -1 (default)
2019-09-26 16:53:55,002 [pool-27-thread-1] INFO  server.RaftServerConfigKeys (ConfUtils.java:logGet(43)) - raft.server.log.statemachine.data.caching.enabled = true (custom)
2019-09-26 16:53:55,002 [pool-27-thread-1] INFO  segmented.SegmentedRaftLogWorker (SegmentedRaftLogWorker.java:lambda$new$0(132)) - deac9605-e739-4d95-8360-f57df793faca@group-F2FE724336A6-SegmentedRaftLogWorker: flushIndex: setUnconditionally 0 -> -1
2019-09-26 16:53:55,003 [pool-27-thread-1] INFO  server.RaftServerConfigKeys (ConfUtils.java:logGet(43)) - raft.server.snapshot.auto.trigger.enabled = true (custom)
2019-09-26 16:53:55,003 [pool-27-thread-1] INFO  server.RaftServerConfigKeys (ConfUtils.java:logGet(43)) - raft.server.snapshot.auto.trigger.threshold = 10000 (custom)
2019-09-26 16:53:55,003 [pool-27-thread-1] INFO  server.RaftServerConfigKeys (ConfUtils.java:logGet(43)) - raft.server.snapshot.retention.num.files = 5 (custom)
2019-09-26 16:53:55,003 [pool-27-thread-1] INFO  server.RaftServerConfigKeys (ConfUtils.java:logGet(43)) - raft.server.retrycache.expirytime = 600000ms (custom)
2019-09-26 16:53:55,006 [pool-27-thread-1] INFO  impl.RaftServerImpl (RaftServerImpl.java:start(185)) - deac9605-e739-4d95-8360-f57df793faca@group-F2FE724336A6: start as a follower, conf=-1: [deac9605-e739-4d95-8360-f57df793faca:192.168.151.99:46601], old=null
2019-09-26 16:53:55,006 [Thread-306] INFO  impl.FollowerState (FollowerState.java:run(106)) - 5160ea40-cc48-41a9-a1d1-1151a36e77d8:group-2124E47975AB changes to CANDIDATE, lastRpcTime:5049, electionTimeout:5049ms
2019-09-26 16:53:55,006 [pool-27-thread-1] INFO  impl.RaftServerImpl (RaftServerImpl.java:setRole(174)) - deac9605-e739-4d95-8360-f57df793faca@group-F2FE724336A6: changes role from      null to FOLLOWER at term 0 for startAsFollower
2019-09-26 16:53:55,006 [Thread-306] INFO  impl.RoleInfo (RoleInfo.java:shutdownFollowerState(121)) - 5160ea40-cc48-41a9-a1d1-1151a36e77d8: shutdown FollowerState
2019-09-26 16:53:55,006 [pool-27-thread-1] INFO  impl.RoleInfo (RoleInfo.java:updateAndGet(143)) - deac9605-e739-4d95-8360-f57df793faca: start FollowerState
2019-09-26 16:53:55,006 [Thread-306] INFO  impl.RaftServerImpl (RaftServerImpl.java:setRole(174)) - 5160ea40-cc48-41a9-a1d1-1151a36e77d8@group-2124E47975AB: changes role from  FOLLOWER to CANDIDATE at term 0 for changeToCandidate
2019-09-26 16:53:55,007 [Thread-306] INFO  impl.RoleInfo (RoleInfo.java:updateAndGet(143)) - 5160ea40-cc48-41a9-a1d1-1151a36e77d8: start LeaderElection
2019-09-26 16:53:55,007 [pool-27-thread-1] INFO  util.JmxRegister (JmxRegister.java:tryRegister(44)) - Successfully registered JMX Bean with object name Ratis:service=RaftServer,group=group-F2FE724336A6,id=deac9605-e739-4d95-8360-f57df793faca
2019-09-26 16:53:55,019 [579334d3-7c10-42f4-b10c-e6c2267ece25@group-E6FCFA2C0D6F-SegmentedRaftLogWorker] INFO  segmented.SegmentedRaftLogWorker (SegmentedRaftLogWorker.java:execute(569)) - 579334d3-7c10-42f4-b10c-e6c2267ece25@group-E6FCFA2C0D6F-SegmentedRaftLogWorker: created new log segment /workdir/hadoop-ozone/integration-test/target/test-dir/MiniOzoneClusterImpl-fdc3d401-fab1-4968-a84f-12bf762e2bbf/datanode-2/data/ratis/38c49bf8-d212-4549-ad79-e6fcfa2c0d6f/current/log_inprogress_0
2019-09-26 16:53:55,038 [Thread-300] INFO  impl.FollowerState (FollowerState.java:run(106)) - 4a469c34-60df-4173-8d32-715e2ce97f5d:group-D6CA9FE79D87 changes to CANDIDATE, lastRpcTime:5207, electionTimeout:5198ms
2019-09-26 16:53:55,038 [Thread-300] INFO  impl.RoleInfo (RoleInfo.java:shutdownFollowerState(121)) - 4a469c34-60df-4173-8d32-715e2ce97f5d: shutdown FollowerState
2019-09-26 16:53:55,038 [Thread-300] INFO  impl.RaftServerImpl (RaftServerImpl.java:setRole(174)) - 4a469c34-60df-4173-8d32-715e2ce97f5d@group-D6CA9FE79D87: changes role from  FOLLOWER to CANDIDATE at term 0 for changeToCandidate
2019-09-26 16:53:55,038 [Thread-300] INFO  impl.RoleInfo (RoleInfo.java:updateAndGet(143)) - 4a469c34-60df-4173-8d32-715e2ce97f5d: start LeaderElection
2019-09-26 16:53:55,043 [RatisPipelineUtilsThread] INFO  pipeline.PipelineStateManager (PipelineStateManager.java:addPipeline(56)) - Created pipeline Pipeline[ Id: 7f14e004-8d5f-4993-91d8-f2fe724336a6, Nodes: deac9605-e739-4d95-8360-f57df793faca{ip: 192.168.151.99, host: pr-hdds-1569-g6sp5-2013761785, networkLocation: /default-rack, certSerialId: null}, Type:RATIS, Factor:ONE, State:OPEN]
2019-09-26 16:53:55,050 [grpc-default-executor-1] INFO  impl.RaftServerProxy (RaftServerProxy.java:addNew(89)) - 5160ea40-cc48-41a9-a1d1-1151a36e77d8: addNew group-51C7E0DD59E4:[5160ea40-cc48-41a9-a1d1-1151a36e77d8:192.168.151.99:45356] returns group-51C7E0DD59E4:java.util.concurrent.CompletableFuture@4e77b0ba[Not completed]
2019-09-26 16:53:55,051 [pool-57-thread-1] INFO  impl.RaftServerImpl (RaftServerImpl.java:<init>(95)) - 5160ea40-cc48-41a9-a1d1-1151a36e77d8: new RaftServerImpl for group-51C7E0DD59E4:[5160ea40-cc48-41a9-a1d1-1151a36e77d8:192.168.151.99:45356] with ContainerStateMachine:uninitialized
2019-09-26 16:53:55,051 [pool-57-thread-1] INFO  server.RaftServerConfigKeys (ConfUtils.java:logGet(43)) - raft.server.rpc.timeout.min = 5s (custom)
2019-09-26 16:53:55,052 [pool-57-thread-1] INFO  server.RaftServerConfigKeys (ConfUtils.java:logGet(43)) - raft.server.rpc.timeout.max = 5200ms (custom)
2019-09-26 16:53:55,052 [pool-57-thread-1] INFO  server.RaftServerConfigKeys (ConfUtils.java:logGet(43)) - raft.server.rpcslowness.timeout = 120s (custom)
2019-09-26 16:53:55,052 [pool-57-thread-1] INFO  server.RaftServerConfigKeys (ConfUtils.java:logGet(43)) - raft.server.sleep.deviation.threshold = 300 (default)
2019-09-26 16:53:55,052 [pool-57-thread-1] INFO  server.RaftServerConfigKeys (ConfUtils.java:logGet(43)) - raft.server.log.appender.install.snapshot.enabled = false (custom)
2019-09-26 16:53:55,052 [pool-57-thread-1] INFO  impl.RaftServerImpl (ServerState.java:<init>(103)) - 5160ea40-cc48-41a9-a1d1-1151a36e77d8@group-51C7E0DD59E4: ConfigurationManager, init=-1: [5160ea40-cc48-41a9-a1d1-1151a36e77d8:192.168.151.99:45356], old=null, confs=<EMPTY_MAP>
2019-09-26 16:53:55,052 [pool-57-thread-1] INFO  server.RaftServerConfigKeys (ConfUtils.java:logGet(43)) - raft.server.storage.dir = [/workdir/hadoop-ozone/integration-test/target/test-dir/MiniOzoneClusterImpl-fdc3d401-fab1-4968-a84f-12bf762e2bbf/datanode-3/data/ratis] (custom)
2019-09-26 16:53:55,053 [pool-57-thread-1] INFO  storage.RaftStorageDirectory (RaftStorageDirectory.java:analyzeStorage(246)) - The storage directory /workdir/hadoop-ozone/integration-test/target/test-dir/MiniOzoneClusterImpl-fdc3d401-fab1-4968-a84f-12bf762e2bbf/datanode-3/data/ratis/b2133aef-15ec-42c7-bb35-51c7e0dd59e4 does not exist. Creating ...
2019-09-26 16:53:55,062 [5160ea40-cc48-41a9-a1d1-1151a36e77d8@group-2124E47975AB:LeaderElection20] INFO  impl.LeaderElection (LeaderElection.java:askForVotes(182)) - 5160ea40-cc48-41a9-a1d1-1151a36e77d8@group-2124E47975AB:LeaderElection20: begin an election at term 1 for -1: [5160ea40-cc48-41a9-a1d1-1151a36e77d8:192.168.151.99:45356], old=null
2019-09-26 16:53:55,062 [4a469c34-60df-4173-8d32-715e2ce97f5d@group-D6CA9FE79D87:LeaderElection21] INFO  impl.LeaderElection (LeaderElection.java:askForVotes(182)) - 4a469c34-60df-4173-8d32-715e2ce97f5d@group-D6CA9FE79D87:LeaderElection21: begin an election at term 1 for -1: [4a469c34-60df-4173-8d32-715e2ce97f5d:192.168.151.99:42442], old=null
2019-09-26 16:53:55,063 [5160ea40-cc48-41a9-a1d1-1151a36e77d8@group-2124E47975AB:LeaderElection20] INFO  impl.RoleInfo (RoleInfo.java:shutdownLeaderElection(134)) - 5160ea40-cc48-41a9-a1d1-1151a36e77d8: shutdown LeaderElection
2019-09-26 16:53:55,063 [4a469c34-60df-4173-8d32-715e2ce97f5d@group-D6CA9FE79D87:LeaderElection21] INFO  impl.RoleInfo (RoleInfo.java:shutdownLeaderElection(134)) - 4a469c34-60df-4173-8d32-715e2ce97f5d: shutdown LeaderElection
2019-09-26 16:53:55,063 [5160ea40-cc48-41a9-a1d1-1151a36e77d8@group-2124E47975AB:LeaderElection20] INFO  impl.RaftServerImpl (RaftServerImpl.java:setRole(174)) - 5160ea40-cc48-41a9-a1d1-1151a36e77d8@group-2124E47975AB: changes role from CANDIDATE to LEADER at term 1 for changeToLeader
2019-09-26 16:53:55,063 [4a469c34-60df-4173-8d32-715e2ce97f5d@group-D6CA9FE79D87:LeaderElection21] INFO  impl.RaftServerImpl (RaftServerImpl.java:setRole(174)) - 4a469c34-60df-4173-8d32-715e2ce97f5d@group-D6CA9FE79D87: changes role from CANDIDATE to LEADER at term 1 for changeToLeader
2019-09-26 16:53:55,063 [5160ea40-cc48-41a9-a1d1-1151a36e77d8@group-2124E47975AB:LeaderElection20] INFO  impl.RaftServerImpl (ServerState.java:setLeader(253)) - 5160ea40-cc48-41a9-a1d1-1151a36e77d8@group-2124E47975AB: change Leader from null to 5160ea40-cc48-41a9-a1d1-1151a36e77d8 at term 1 for becomeLeader, leader elected after 5112ms
2019-09-26 16:53:55,063 [4a469c34-60df-4173-8d32-715e2ce97f5d@group-D6CA9FE79D87:LeaderElection21] INFO  impl.RaftServerImpl (ServerState.java:setLeader(253)) - 4a469c34-60df-4173-8d32-715e2ce97f5d@group-D6CA9FE79D87: change Leader from null to 4a469c34-60df-4173-8d32-715e2ce97f5d at term 1 for becomeLeader, leader elected after 5238ms
2019-09-26 16:53:55,063 [5160ea40-cc48-41a9-a1d1-1151a36e77d8@group-2124E47975AB:LeaderElection20] INFO  server.RaftServerConfigKeys (ConfUtils.java:logGet(43)) - raft.server.staging.catchup.gap = 1000 (default)
2019-09-26 16:53:55,063 [4a469c34-60df-4173-8d32-715e2ce97f5d@group-D6CA9FE79D87:LeaderElection21] INFO  server.RaftServerConfigKeys (ConfUtils.java:logGet(43)) - raft.server.staging.catchup.gap = 1000 (default)
2019-09-26 16:53:55,064 [5160ea40-cc48-41a9-a1d1-1151a36e77d8@group-2124E47975AB:LeaderElection20] INFO  server.RaftServerConfigKeys (ConfUtils.java:logGet(43)) - raft.server.rpc.sleep.time = 25ms (default)
2019-09-26 16:53:55,064 [4a469c34-60df-4173-8d32-715e2ce97f5d@group-D6CA9FE79D87:LeaderElection21] INFO  server.RaftServerConfigKeys (ConfUtils.java:logGet(43)) - raft.server.rpc.sleep.time = 25ms (default)
2019-09-26 16:53:55,064 [5160ea40-cc48-41a9-a1d1-1151a36e77d8@group-2124E47975AB:LeaderElection20] INFO  server.RaftServerConfigKeys (ConfUtils.java:logGet(43)) - raft.server.write.element-limit = 4096 (default)
2019-09-26 16:53:55,064 [4a469c34-60df-4173-8d32-715e2ce97f5d@group-D6CA9FE79D87:LeaderElection21] INFO  server.RaftServerConfigKeys (ConfUtils.java:logGet(43)) - raft.server.write.element-limit = 4096 (default)
2019-09-26 16:53:55,064 [5160ea40-cc48-41a9-a1d1-1151a36e77d8@group-2124E47975AB:LeaderElection20] INFO  server.RaftServerConfigKeys (ConfUtils.java:logGet(43)) - raft.server.watch.timeout = 10s (default)
2019-09-26 16:53:55,064 [4a469c34-60df-4173-8d32-715e2ce97f5d@group-D6CA9FE79D87:LeaderElection21] INFO  server.RaftServerConfigKeys (ConfUtils.java:logGet(43)) - raft.server.watch.timeout = 10s (default)
2019-09-26 16:53:55,064 [pool-57-thread-1] INFO  storage.RaftStorageDirectory (RaftStorageDirectory.java:tryLock(328)) - Lock on /workdir/hadoop-ozone/integration-test/target/test-dir/MiniOzoneClusterImpl-fdc3d401-fab1-4968-a84f-12bf762e2bbf/datanode-3/data/ratis/b2133aef-15ec-42c7-bb35-51c7e0dd59e4/in_use.lock acquired by nodename 15096@pr-hdds-1569-g6sp5-2013761785
2019-09-26 16:53:55,064 [5160ea40-cc48-41a9-a1d1-1151a36e77d8@group-2124E47975AB:LeaderElection20] INFO  server.RaftServerConfigKeys (ConfUtils.java:logGet(43)) - raft.server.watch.timeout.denomination = 1s (default)
2019-09-26 16:53:55,065 [4a469c34-60df-4173-8d32-715e2ce97f5d@group-D6CA9FE79D87:LeaderElection21] INFO  server.RaftServerConfigKeys (ConfUtils.java:logGet(43)) - raft.server.watch.timeout.denomination = 1s (default)
2019-09-26 16:53:55,065 [5160ea40-cc48-41a9-a1d1-1151a36e77d8@group-2124E47975AB:LeaderElection20] INFO  server.RaftServerConfigKeys (ConfUtils.java:logGet(43)) - raft.server.watch.element-limit = 65536 (default)
2019-09-26 16:53:55,065 [4a469c34-60df-4173-8d32-715e2ce97f5d@group-D6CA9FE79D87:LeaderElection21] INFO  server.RaftServerConfigKeys (ConfUtils.java:logGet(43)) - raft.server.watch.element-limit = 65536 (default)
2019-09-26 16:53:55,068 [5160ea40-cc48-41a9-a1d1-1151a36e77d8@group-2124E47975AB:LeaderElection20] INFO  impl.RoleInfo (RoleInfo.java:updateAndGet(143)) - 5160ea40-cc48-41a9-a1d1-1151a36e77d8: start LeaderState
2019-09-26 16:53:55,068 [4a469c34-60df-4173-8d32-715e2ce97f5d@group-D6CA9FE79D87:LeaderElection21] INFO  impl.RoleInfo (RoleInfo.java:updateAndGet(143)) - 4a469c34-60df-4173-8d32-715e2ce97f5d: start LeaderState
2019-09-26 16:53:55,068 [5160ea40-cc48-41a9-a1d1-1151a36e77d8@group-2124E47975AB:LeaderElection20] INFO  segmented.SegmentedRaftLogWorker (SegmentedRaftLogWorker.java:startLogSegment(380)) - 5160ea40-cc48-41a9-a1d1-1151a36e77d8@group-2124E47975AB-SegmentedRaftLogWorker: Starting segment from index:0
2019-09-26 16:53:55,068 [4a469c34-60df-4173-8d32-715e2ce97f5d@group-D6CA9FE79D87:LeaderElection21] INFO  segmented.SegmentedRaftLogWorker (SegmentedRaftLogWorker.java:startLogSegment(380)) - 4a469c34-60df-4173-8d32-715e2ce97f5d@group-D6CA9FE79D87-SegmentedRaftLogWorker: Starting segment from index:0
2019-09-26 16:53:55,069 [5160ea40-cc48-41a9-a1d1-1151a36e77d8@group-2124E47975AB:LeaderElection20] INFO  impl.RaftServerImpl (ServerState.java:setRaftConf(354)) - 5160ea40-cc48-41a9-a1d1-1151a36e77d8@group-2124E47975AB: set configuration 0: [5160ea40-cc48-41a9-a1d1-1151a36e77d8:192.168.151.99:45356], old=null at 0
2019-09-26 16:53:55,126 [pool-57-thread-1] INFO  storage.RaftStorage (RaftStorage.java:format(72)) - Storage directory /workdir/hadoop-ozone/integration-test/target/test-dir/MiniOzoneClusterImpl-fdc3d401-fab1-4968-a84f-12bf762e2bbf/datanode-3/data/ratis/b2133aef-15ec-42c7-bb35-51c7e0dd59e4 has been successfully formatted.
2019-09-26 16:53:55,126 [Thread-303] INFO  impl.FollowerState (FollowerState.java:run(106)) - 579334d3-7c10-42f4-b10c-e6c2267ece25:group-67C16B456630 changes to CANDIDATE, lastRpcTime:5213, electionTimeout:5172ms
2019-09-26 16:53:55,126 [pool-57-thread-1] INFO  ratis.ContainerStateMachine (ContainerStateMachine.java:loadSnapshot(230)) - group-51C7E0DD59E4: The snapshot info is null. Setting the last applied indexto:(t:0, i:~)
2019-09-26 16:53:55,126 [4a469c34-60df-4173-8d32-715e2ce97f5d@group-D6CA9FE79D87:LeaderElection21] INFO  impl.RaftServerImpl (ServerState.java:setRaftConf(354)) - 4a469c34-60df-4173-8d32-715e2ce97f5d@group-D6CA9FE79D87: set configuration 0: [4a469c34-60df-4173-8d32-715e2ce97f5d:192.168.151.99:42442], old=null at 0
2019-09-26 16:53:55,126 [Thread-303] INFO  impl.RoleInfo (RoleInfo.java:shutdownFollowerState(121)) - 579334d3-7c10-42f4-b10c-e6c2267ece25: shutdown FollowerState
2019-09-26 16:53:55,167 [5160ea40-cc48-41a9-a1d1-1151a36e77d8@group-2124E47975AB-SegmentedRaftLogWorker] INFO  segmented.SegmentedRaftLogWorker (SegmentedRaftLogWorker.java:execute(569)) - 5160ea40-cc48-41a9-a1d1-1151a36e77d8@group-2124E47975AB-SegmentedRaftLogWorker: created new log segment /workdir/hadoop-ozone/integration-test/target/test-dir/MiniOzoneClusterImpl-fdc3d401-fab1-4968-a84f-12bf762e2bbf/datanode-3/data/ratis/1276b816-892e-4b20-95e9-2124e47975ab/current/log_inprogress_0
2019-09-26 16:53:55,167 [Thread-309] INFO  impl.FollowerState (FollowerState.java:run(106)) - 579334d3-7c10-42f4-b10c-e6c2267ece25:group-199396C3F81F changes to CANDIDATE, lastRpcTime:5175, electionTimeout:5148ms
2019-09-26 16:53:55,126 [pool-57-thread-1] INFO  server.RaftServerConfigKeys (ConfUtils.java:logGet(43)) - raft.server.notification.no-leader.timeout = 120s (custom)
2019-09-26 16:53:55,168 [Thread-309] INFO  impl.RoleInfo (RoleInfo.java:shutdownFollowerState(121)) - 579334d3-7c10-42f4-b10c-e6c2267ece25: shutdown FollowerState
2019-09-26 16:53:55,167 [Thread-303] INFO  impl.RaftServerImpl (RaftServerImpl.java:setRole(174)) - 579334d3-7c10-42f4-b10c-e6c2267ece25@group-67C16B456630: changes role from  FOLLOWER to CANDIDATE at term 0 for changeToCandidate
2019-09-26 16:53:55,168 [Thread-309] INFO  impl.RaftServerImpl (RaftServerImpl.java:setRole(174)) - 579334d3-7c10-42f4-b10c-e6c2267ece25@group-199396C3F81F: changes role from  FOLLOWER to CANDIDATE at term 0 for changeToCandidate
2019-09-26 16:53:55,168 [pool-57-thread-1] INFO  server.RaftServerConfigKeys (ConfUtils.java:logGet(43)) - raft.server.log.use.memory = false (default)
2019-09-26 16:53:55,169 [Thread-309] INFO  impl.RoleInfo (RoleInfo.java:updateAndGet(143)) - 579334d3-7c10-42f4-b10c-e6c2267ece25: start LeaderElection
2019-09-26 16:53:55,168 [Thread-303] INFO  impl.RoleInfo (RoleInfo.java:updateAndGet(143)) - 579334d3-7c10-42f4-b10c-e6c2267ece25: start LeaderElection
2019-09-26 16:53:55,169 [pool-57-thread-1] INFO  server.RaftServerConfigKeys (ConfUtils.java:logGet(43)) - raft.server.log.purge.gap = 1000000 (custom)
2019-09-26 16:53:55,169 [pool-57-thread-1] INFO  server.RaftServerConfigKeys (ConfUtils.java:logGet(43)) - raft.server.log.appender.buffer.byte-limit = 33554432 (custom)
2019-09-26 16:53:55,172 [pool-57-thread-1] INFO  server.RaftServerConfigKeys (ConfUtils.java:logGet(43)) - raft.server.log.segment.size.max = 1048576 (custom)
2019-09-26 16:53:55,175 [pool-57-thread-1] INFO  server.RaftServerConfigKeys (ConfUtils.java:logGet(43)) - raft.server.log.segment.cache.num.max = 2 (custom)
2019-09-26 16:53:55,176 [pool-57-thread-1] INFO  segmented.SegmentedRaftLogWorker (SegmentedRaftLogWorker.java:<init>(172)) - new 5160ea40-cc48-41a9-a1d1-1151a36e77d8@group-51C7E0DD59E4-SegmentedRaftLogWorker for RaftStorage:Storage Directory /workdir/hadoop-ozone/integration-test/target/test-dir/MiniOzoneClusterImpl-fdc3d401-fab1-4968-a84f-12bf762e2bbf/datanode-3/data/ratis/b2133aef-15ec-42c7-bb35-51c7e0dd59e4
2019-09-26 16:53:55,176 [pool-57-thread-1] INFO  server.RaftServerConfigKeys (ConfUtils.java:logGet(43)) - raft.server.log.queue.byte-limit = 2147483647 (custom)
2019-09-26 16:53:55,176 [pool-57-thread-1] INFO  server.RaftServerConfigKeys (ConfUtils.java:logGet(43)) - raft.server.log.queue.element-limit = 1024 (custom)
2019-09-26 16:53:55,176 [pool-57-thread-1] INFO  server.RaftServerConfigKeys (ConfUtils.java:logGet(43)) - raft.server.log.segment.size.max = 1048576 (custom)
2019-09-26 16:53:55,176 [pool-57-thread-1] INFO  server.RaftServerConfigKeys (ConfUtils.java:logGet(43)) - raft.server.log.preallocated.size = 16384 (custom)
2019-09-26 16:53:55,176 [pool-57-thread-1] INFO  server.RaftServerConfigKeys (ConfUtils.java:logGet(43)) - raft.server.log.write.buffer.size = 33554432 (custom)
2019-09-26 16:53:55,177 [pool-57-thread-1] INFO  server.RaftServerConfigKeys (ConfUtils.java:logGet(43)) - raft.server.log.force.sync.num = 128 (default)
2019-09-26 16:53:55,177 [pool-57-thread-1] INFO  server.RaftServerConfigKeys (ConfUtils.java:logGet(43)) - raft.server.log.statemachine.data.sync = true (default)
2019-09-26 16:53:55,177 [pool-57-thread-1] INFO  server.RaftServerConfigKeys (ConfUtils.java:logGet(43)) - raft.server.log.statemachine.data.sync.timeout = 10s (default)
2019-09-26 16:53:55,177 [pool-57-thread-1] INFO  server.RaftServerConfigKeys (ConfUtils.java:logGet(43)) - raft.server.log.statemachine.data.sync.timeout.retry = -1 (default)
2019-09-26 16:53:55,177 [pool-57-thread-1] INFO  server.RaftServerConfigKeys (ConfUtils.java:logGet(43)) - raft.server.log.statemachine.data.caching.enabled = true (custom)
2019-09-26 16:53:55,178 [pool-57-thread-1] INFO  segmented.SegmentedRaftLogWorker (SegmentedRaftLogWorker.java:lambda$new$0(132)) - 5160ea40-cc48-41a9-a1d1-1151a36e77d8@group-51C7E0DD59E4-SegmentedRaftLogWorker: flushIndex: setUnconditionally 0 -> -1
2019-09-26 16:53:55,178 [pool-57-thread-1] INFO  server.RaftServerConfigKeys (ConfUtils.java:logGet(43)) - raft.server.snapshot.auto.trigger.enabled = true (custom)
2019-09-26 16:53:55,178 [pool-57-thread-1] INFO  server.RaftServerConfigKeys (ConfUtils.java:logGet(43)) - raft.server.snapshot.auto.trigger.threshold = 10000 (custom)
2019-09-26 16:53:55,179 [pool-57-thread-1] INFO  server.RaftServerConfigKeys (ConfUtils.java:logGet(43)) - raft.server.snapshot.retention.num.files = 5 (custom)
2019-09-26 16:53:55,179 [pool-57-thread-1] INFO  server.RaftServerConfigKeys (ConfUtils.java:logGet(43)) - raft.server.retrycache.expirytime = 600000ms (custom)
2019-09-26 16:53:55,180 [4a469c34-60df-4173-8d32-715e2ce97f5d@group-D6CA9FE79D87-SegmentedRaftLogWorker] INFO  segmented.SegmentedRaftLogWorker (SegmentedRaftLogWorker.java:execute(569)) - 4a469c34-60df-4173-8d32-715e2ce97f5d@group-D6CA9FE79D87-SegmentedRaftLogWorker: created new log segment /workdir/hadoop-ozone/integration-test/target/test-dir/MiniOzoneClusterImpl-fdc3d401-fab1-4968-a84f-12bf762e2bbf/datanode-6/data/ratis/871c159b-0c95-47bf-93c9-d6ca9fe79d87/current/log_inprogress_0
2019-09-26 16:53:55,180 [579334d3-7c10-42f4-b10c-e6c2267ece25@group-199396C3F81F:LeaderElection23] INFO  impl.LeaderElection (LeaderElection.java:askForVotes(182)) - 579334d3-7c10-42f4-b10c-e6c2267ece25@group-199396C3F81F:LeaderElection23: begin an election at term 1 for -1: [579334d3-7c10-42f4-b10c-e6c2267ece25:192.168.151.99:34131], old=null
2019-09-26 16:53:55,180 [579334d3-7c10-42f4-b10c-e6c2267ece25@group-67C16B456630:LeaderElection22] INFO  impl.LeaderElection (LeaderElection.java:askForVotes(182)) - 579334d3-7c10-42f4-b10c-e6c2267ece25@group-67C16B456630:LeaderElection22: begin an election at term 1 for -1: [579334d3-7c10-42f4-b10c-e6c2267ece25:192.168.151.99:34131], old=null
2019-09-26 16:53:55,180 [579334d3-7c10-42f4-b10c-e6c2267ece25@group-199396C3F81F:LeaderElection23] INFO  impl.RoleInfo (RoleInfo.java:shutdownLeaderElection(134)) - 579334d3-7c10-42f4-b10c-e6c2267ece25: shutdown LeaderElection
2019-09-26 16:53:55,180 [579334d3-7c10-42f4-b10c-e6c2267ece25@group-67C16B456630:LeaderElection22] INFO  impl.RoleInfo (RoleInfo.java:shutdownLeaderElection(134)) - 579334d3-7c10-42f4-b10c-e6c2267ece25: shutdown LeaderElection
2019-09-26 16:53:55,180 [579334d3-7c10-42f4-b10c-e6c2267ece25@group-199396C3F81F:LeaderElection23] INFO  impl.RaftServerImpl (RaftServerImpl.java:setRole(174)) - 579334d3-7c10-42f4-b10c-e6c2267ece25@group-199396C3F81F: changes role from CANDIDATE to LEADER at term 1 for changeToLeader
2019-09-26 16:53:55,180 [579334d3-7c10-42f4-b10c-e6c2267ece25@group-67C16B456630:LeaderElection22] INFO  impl.RaftServerImpl (RaftServerImpl.java:setRole(174)) - 579334d3-7c10-42f4-b10c-e6c2267ece25@group-67C16B456630: changes role from CANDIDATE to LEADER at term 1 for changeToLeader
2019-09-26 16:53:55,181 [579334d3-7c10-42f4-b10c-e6c2267ece25@group-199396C3F81F:LeaderElection23] INFO  impl.RaftServerImpl (ServerState.java:setLeader(253)) - 579334d3-7c10-42f4-b10c-e6c2267ece25@group-199396C3F81F: change Leader from null to 579334d3-7c10-42f4-b10c-e6c2267ece25 at term 1 for becomeLeader, leader elected after 5196ms
2019-09-26 16:53:55,181 [579334d3-7c10-42f4-b10c-e6c2267ece25@group-67C16B456630:LeaderElection22] INFO  impl.RaftServerImpl (ServerState.java:setLeader(253)) - 579334d3-7c10-42f4-b10c-e6c2267ece25@group-67C16B456630: change Leader from null to 579334d3-7c10-42f4-b10c-e6c2267ece25 at term 1 for becomeLeader, leader elected after 5274ms
2019-09-26 16:53:55,181 [579334d3-7c10-42f4-b10c-e6c2267ece25@group-199396C3F81F:LeaderElection23] INFO  server.RaftServerConfigKeys (ConfUtils.java:logGet(43)) - raft.server.staging.catchup.gap = 1000 (default)
2019-09-26 16:53:55,181 [579334d3-7c10-42f4-b10c-e6c2267ece25@group-67C16B456630:LeaderElection22] INFO  server.RaftServerConfigKeys (ConfUtils.java:logGet(43)) - raft.server.staging.catchup.gap = 1000 (default)
2019-09-26 16:53:55,181 [pool-57-thread-1] INFO  impl.RaftServerImpl (RaftServerImpl.java:start(185)) - 5160ea40-cc48-41a9-a1d1-1151a36e77d8@group-51C7E0DD59E4: start as a follower, conf=-1: [5160ea40-cc48-41a9-a1d1-1151a36e77d8:192.168.151.99:45356], old=null
2019-09-26 16:53:55,181 [579334d3-7c10-42f4-b10c-e6c2267ece25@group-199396C3F81F:LeaderElection23] INFO  server.RaftServerConfigKeys (ConfUtils.java:logGet(43)) - raft.server.rpc.sleep.time = 25ms (default)
2019-09-26 16:53:55,181 [pool-57-thread-1] INFO  impl.RaftServerImpl (RaftServerImpl.java:setRole(174)) - 5160ea40-cc48-41a9-a1d1-1151a36e77d8@group-51C7E0DD59E4: changes role from      null to FOLLOWER at term 0 for startAsFollower
2019-09-26 16:53:55,181 [579334d3-7c10-42f4-b10c-e6c2267ece25@group-67C16B456630:LeaderElection22] INFO  server.RaftServerConfigKeys (ConfUtils.java:logGet(43)) - raft.server.rpc.sleep.time = 25ms (default)
2019-09-26 16:53:55,182 [pool-57-thread-1] INFO  impl.RoleInfo (RoleInfo.java:updateAndGet(143)) - 5160ea40-cc48-41a9-a1d1-1151a36e77d8: start FollowerState
2019-09-26 16:53:55,182 [579334d3-7c10-42f4-b10c-e6c2267ece25@group-199396C3F81F:LeaderElection23] INFO  server.RaftServerConfigKeys (ConfUtils.java:logGet(43)) - raft.server.write.element-limit = 4096 (default)
2019-09-26 16:53:55,182 [579334d3-7c10-42f4-b10c-e6c2267ece25@group-67C16B456630:LeaderElection22] INFO  server.RaftServerConfigKeys (ConfUtils.java:logGet(43)) - raft.server.write.element-limit = 4096 (default)
2019-09-26 16:53:55,182 [pool-57-thread-1] INFO  util.JmxRegister (JmxRegister.java:tryRegister(44)) - Successfully registered JMX Bean with object name Ratis:service=RaftServer,group=group-51C7E0DD59E4,id=5160ea40-cc48-41a9-a1d1-1151a36e77d8
2019-09-26 16:53:55,182 [579334d3-7c10-42f4-b10c-e6c2267ece25@group-199396C3F81F:LeaderElection23] INFO  server.RaftServerConfigKeys (ConfUtils.java:logGet(43)) - raft.server.watch.timeout = 10s (default)
2019-09-26 16:53:55,182 [579334d3-7c10-42f4-b10c-e6c2267ece25@group-67C16B456630:LeaderElection22] INFO  server.RaftServerConfigKeys (ConfUtils.java:logGet(43)) - raft.server.watch.timeout = 10s (default)
2019-09-26 16:53:55,183 [579334d3-7c10-42f4-b10c-e6c2267ece25@group-199396C3F81F:LeaderElection23] INFO  server.RaftServerConfigKeys (ConfUtils.java:logGet(43)) - raft.server.watch.timeout.denomination = 1s (default)
2019-09-26 16:53:55,183 [579334d3-7c10-42f4-b10c-e6c2267ece25@group-67C16B456630:LeaderElection22] INFO  server.RaftServerConfigKeys (ConfUtils.java:logGet(43)) - raft.server.watch.timeout.denomination = 1s (default)
2019-09-26 16:53:55,183 [579334d3-7c10-42f4-b10c-e6c2267ece25@group-199396C3F81F:LeaderElection23] INFO  server.RaftServerConfigKeys (ConfUtils.java:logGet(43)) - raft.server.watch.element-limit = 65536 (default)
2019-09-26 16:53:55,183 [579334d3-7c10-42f4-b10c-e6c2267ece25@group-67C16B456630:LeaderElection22] INFO  server.RaftServerConfigKeys (ConfUtils.java:logGet(43)) - raft.server.watch.element-limit = 65536 (default)
2019-09-26 16:53:55,186 [RatisPipelineUtilsThread] INFO  pipeline.PipelineStateManager (PipelineStateManager.java:addPipeline(56)) - Created pipeline Pipeline[ Id: b2133aef-15ec-42c7-bb35-51c7e0dd59e4, Nodes: 5160ea40-cc48-41a9-a1d1-1151a36e77d8{ip: 192.168.151.99, host: pr-hdds-1569-g6sp5-2013761785, networkLocation: /default-rack, certSerialId: null}, Type:RATIS, Factor:ONE, State:OPEN]
2019-09-26 16:53:55,187 [579334d3-7c10-42f4-b10c-e6c2267ece25@group-199396C3F81F:LeaderElection23] INFO  impl.RoleInfo (RoleInfo.java:updateAndGet(143)) - 579334d3-7c10-42f4-b10c-e6c2267ece25: start LeaderState
2019-09-26 16:53:55,187 [579334d3-7c10-42f4-b10c-e6c2267ece25@group-67C16B456630:LeaderElection22] INFO  impl.RoleInfo (RoleInfo.java:updateAndGet(143)) - 579334d3-7c10-42f4-b10c-e6c2267ece25: start LeaderState
2019-09-26 16:53:55,187 [579334d3-7c10-42f4-b10c-e6c2267ece25@group-199396C3F81F:LeaderElection23] INFO  segmented.SegmentedRaftLogWorker (SegmentedRaftLogWorker.java:startLogSegment(380)) - 579334d3-7c10-42f4-b10c-e6c2267ece25@group-199396C3F81F-SegmentedRaftLogWorker: Starting segment from index:0
2019-09-26 16:53:55,187 [579334d3-7c10-42f4-b10c-e6c2267ece25@group-67C16B456630:LeaderElection22] INFO  segmented.SegmentedRaftLogWorker (SegmentedRaftLogWorker.java:startLogSegment(380)) - 579334d3-7c10-42f4-b10c-e6c2267ece25@group-67C16B456630-SegmentedRaftLogWorker: Starting segment from index:0
2019-09-26 16:53:55,188 [579334d3-7c10-42f4-b10c-e6c2267ece25@group-199396C3F81F:LeaderElection23] INFO  impl.RaftServerImpl (ServerState.java:setRaftConf(354)) - 579334d3-7c10-42f4-b10c-e6c2267ece25@group-199396C3F81F: set configuration 0: [579334d3-7c10-42f4-b10c-e6c2267ece25:192.168.151.99:34131], old=null at 0
2019-09-26 16:53:55,236 [579334d3-7c10-42f4-b10c-e6c2267ece25@group-67C16B456630:LeaderElection22] INFO  impl.RaftServerImpl (ServerState.java:setRaftConf(354)) - 579334d3-7c10-42f4-b10c-e6c2267ece25@group-67C16B456630: set configuration 0: [579334d3-7c10-42f4-b10c-e6c2267ece25:192.168.151.99:34131], old=null at 0
2019-09-26 16:53:55,243 [grpc-default-executor-1] INFO  impl.RaftServerProxy (RaftServerProxy.java:addNew(89)) - 5160ea40-cc48-41a9-a1d1-1151a36e77d8: addNew group-3621D5874B47:[5160ea40-cc48-41a9-a1d1-1151a36e77d8:192.168.151.99:45356] returns group-3621D5874B47:java.util.concurrent.CompletableFuture@64ba41c[Not completed]
2019-09-26 16:53:55,254 [579334d3-7c10-42f4-b10c-e6c2267ece25@group-199396C3F81F-SegmentedRaftLogWorker] INFO  segmented.SegmentedRaftLogWorker (SegmentedRaftLogWorker.java:execute(569)) - 579334d3-7c10-42f4-b10c-e6c2267ece25@group-199396C3F81F-SegmentedRaftLogWorker: created new log segment /workdir/hadoop-ozone/integration-test/target/test-dir/MiniOzoneClusterImpl-fdc3d401-fab1-4968-a84f-12bf762e2bbf/datanode-2/data/ratis/4cc0686e-68fd-443d-83f4-199396c3f81f/current/log_inprogress_0
2019-09-26 16:53:55,255 [579334d3-7c10-42f4-b10c-e6c2267ece25@group-67C16B456630-SegmentedRaftLogWorker] INFO  segmented.SegmentedRaftLogWorker (SegmentedRaftLogWorker.java:execute(569)) - 579334d3-7c10-42f4-b10c-e6c2267ece25@group-67C16B456630-SegmentedRaftLogWorker: created new log segment /workdir/hadoop-ozone/integration-test/target/test-dir/MiniOzoneClusterImpl-fdc3d401-fab1-4968-a84f-12bf762e2bbf/datanode-2/data/ratis/effefb2e-f1f7-4fa2-bcf8-67c16b456630/current/log_inprogress_0
2019-09-26 16:53:55,256 [pool-57-thread-1] INFO  impl.RaftServerImpl (RaftServerImpl.java:<init>(95)) - 5160ea40-cc48-41a9-a1d1-1151a36e77d8: new RaftServerImpl for group-3621D5874B47:[5160ea40-cc48-41a9-a1d1-1151a36e77d8:192.168.151.99:45356] with ContainerStateMachine:uninitialized
2019-09-26 16:53:55,256 [pool-57-thread-1] INFO  server.RaftServerConfigKeys (ConfUtils.java:logGet(43)) - raft.server.rpc.timeout.min = 5s (custom)
2019-09-26 16:53:55,256 [pool-57-thread-1] INFO  server.RaftServerConfigKeys (ConfUtils.java:logGet(43)) - raft.server.rpc.timeout.max = 5200ms (custom)
2019-09-26 16:53:55,256 [pool-57-thread-1] INFO  server.RaftServerConfigKeys (ConfUtils.java:logGet(43)) - raft.server.rpcslowness.timeout = 120s (custom)
2019-09-26 16:53:55,256 [pool-57-thread-1] INFO  server.RaftServerConfigKeys (ConfUtils.java:logGet(43)) - raft.server.sleep.deviation.threshold = 300 (default)
2019-09-26 16:53:55,256 [pool-57-thread-1] INFO  server.RaftServerConfigKeys (ConfUtils.java:logGet(43)) - raft.server.log.appender.install.snapshot.enabled = false (custom)
2019-09-26 16:53:55,257 [pool-57-thread-1] INFO  impl.RaftServerImpl (ServerState.java:<init>(103)) - 5160ea40-cc48-41a9-a1d1-1151a36e77d8@group-3621D5874B47: ConfigurationManager, init=-1: [5160ea40-cc48-41a9-a1d1-1151a36e77d8:192.168.151.99:45356], old=null, confs=<EMPTY_MAP>
2019-09-26 16:53:55,257 [pool-57-thread-1] INFO  server.RaftServerConfigKeys (ConfUtils.java:logGet(43)) - raft.server.storage.dir = [/workdir/hadoop-ozone/integration-test/target/test-dir/MiniOzoneClusterImpl-fdc3d401-fab1-4968-a84f-12bf762e2bbf/datanode-3/data/ratis] (custom)
2019-09-26 16:53:55,257 [pool-57-thread-1] INFO  storage.RaftStorageDirectory (RaftStorageDirectory.java:analyzeStorage(246)) - The storage directory /workdir/hadoop-ozone/integration-test/target/test-dir/MiniOzoneClusterImpl-fdc3d401-fab1-4968-a84f-12bf762e2bbf/datanode-3/data/ratis/883df0c0-8384-4262-9bbb-3621d5874b47 does not exist. Creating ...
2019-09-26 16:53:55,268 [pool-57-thread-1] INFO  storage.RaftStorageDirectory (RaftStorageDirectory.java:tryLock(328)) - Lock on /workdir/hadoop-ozone/integration-test/target/test-dir/MiniOzoneClusterImpl-fdc3d401-fab1-4968-a84f-12bf762e2bbf/datanode-3/data/ratis/883df0c0-8384-4262-9bbb-3621d5874b47/in_use.lock acquired by nodename 15096@pr-hdds-1569-g6sp5-2013761785
2019-09-26 16:53:55,283 [pool-57-thread-1] INFO  storage.RaftStorage (RaftStorage.java:format(72)) - Storage directory /workdir/hadoop-ozone/integration-test/target/test-dir/MiniOzoneClusterImpl-fdc3d401-fab1-4968-a84f-12bf762e2bbf/datanode-3/data/ratis/883df0c0-8384-4262-9bbb-3621d5874b47 has been successfully formatted.
2019-09-26 16:53:55,283 [pool-57-thread-1] INFO  ratis.ContainerStateMachine (ContainerStateMachine.java:loadSnapshot(230)) - group-3621D5874B47: The snapshot info is null. Setting the last applied indexto:(t:0, i:~)
2019-09-26 16:53:55,283 [pool-57-thread-1] INFO  server.RaftServerConfigKeys (ConfUtils.java:logGet(43)) - raft.server.notification.no-leader.timeout = 120s (custom)
2019-09-26 16:53:55,283 [pool-57-thread-1] INFO  server.RaftServerConfigKeys (ConfUtils.java:logGet(43)) - raft.server.log.use.memory = false (default)
2019-09-26 16:53:55,283 [pool-57-thread-1] INFO  server.RaftServerConfigKeys (ConfUtils.java:logGet(43)) - raft.server.log.purge.gap = 1000000 (custom)
2019-09-26 16:53:55,283 [pool-57-thread-1] INFO  server.RaftServerConfigKeys (ConfUtils.java:logGet(43)) - raft.server.log.appender.buffer.byte-limit = 33554432 (custom)
2019-09-26 16:53:55,284 [pool-57-thread-1] INFO  server.RaftServerConfigKeys (ConfUtils.java:logGet(43)) - raft.server.log.segment.size.max = 1048576 (custom)
2019-09-26 16:53:55,284 [pool-57-thread-1] INFO  server.RaftServerConfigKeys (ConfUtils.java:logGet(43)) - raft.server.log.segment.cache.num.max = 2 (custom)
2019-09-26 16:53:55,284 [pool-57-thread-1] INFO  segmented.SegmentedRaftLogWorker (SegmentedRaftLogWorker.java:<init>(172)) - new 5160ea40-cc48-41a9-a1d1-1151a36e77d8@group-3621D5874B47-SegmentedRaftLogWorker for RaftStorage:Storage Directory /workdir/hadoop-ozone/integration-test/target/test-dir/MiniOzoneClusterImpl-fdc3d401-fab1-4968-a84f-12bf762e2bbf/datanode-3/data/ratis/883df0c0-8384-4262-9bbb-3621d5874b47
2019-09-26 16:53:55,284 [pool-57-thread-1] INFO  server.RaftServerConfigKeys (ConfUtils.java:logGet(43)) - raft.server.log.queue.byte-limit = 2147483647 (custom)
2019-09-26 16:53:55,284 [pool-57-thread-1] INFO  server.RaftServerConfigKeys (ConfUtils.java:logGet(43)) - raft.server.log.queue.element-limit = 1024 (custom)
2019-09-26 16:53:55,284 [pool-57-thread-1] INFO  server.RaftServerConfigKeys (ConfUtils.java:logGet(43)) - raft.server.log.segment.size.max = 1048576 (custom)
2019-09-26 16:53:55,285 [pool-57-thread-1] INFO  server.RaftServerConfigKeys (ConfUtils.java:logGet(43)) - raft.server.log.preallocated.size = 16384 (custom)
2019-09-26 16:53:55,285 [pool-57-thread-1] INFO  server.RaftServerConfigKeys (ConfUtils.java:logGet(43)) - raft.server.log.write.buffer.size = 33554432 (custom)
2019-09-26 16:53:55,285 [pool-57-thread-1] INFO  server.RaftServerConfigKeys (ConfUtils.java:logGet(43)) - raft.server.log.force.sync.num = 128 (default)
2019-09-26 16:53:55,285 [pool-57-thread-1] INFO  server.RaftServerConfigKeys (ConfUtils.java:logGet(43)) - raft.server.log.statemachine.data.sync = true (default)
2019-09-26 16:53:55,285 [pool-57-thread-1] INFO  server.RaftServerConfigKeys (ConfUtils.java:logGet(43)) - raft.server.log.statemachine.data.sync.timeout = 10s (default)
2019-09-26 16:53:55,285 [pool-57-thread-1] INFO  server.RaftServerConfigKeys (ConfUtils.java:logGet(43)) - raft.server.log.statemachine.data.sync.timeout.retry = -1 (default)
2019-09-26 16:53:55,286 [pool-57-thread-1] INFO  server.RaftServerConfigKeys (ConfUtils.java:logGet(43)) - raft.server.log.statemachine.data.caching.enabled = true (custom)
2019-09-26 16:53:55,286 [pool-57-thread-1] INFO  segmented.SegmentedRaftLogWorker (SegmentedRaftLogWorker.java:lambda$new$0(132)) - 5160ea40-cc48-41a9-a1d1-1151a36e77d8@group-3621D5874B47-SegmentedRaftLogWorker: flushIndex: setUnconditionally 0 -> -1
2019-09-26 16:53:55,286 [pool-57-thread-1] INFO  server.RaftServerConfigKeys (ConfUtils.java:logGet(43)) - raft.server.snapshot.auto.trigger.enabled = true (custom)
2019-09-26 16:53:55,286 [pool-57-thread-1] INFO  server.RaftServerConfigKeys (ConfUtils.java:logGet(43)) - raft.server.snapshot.auto.trigger.threshold = 10000 (custom)
2019-09-26 16:53:55,287 [pool-57-thread-1] INFO  server.RaftServerConfigKeys (ConfUtils.java:logGet(43)) - raft.server.snapshot.retention.num.files = 5 (custom)
2019-09-26 16:53:55,287 [pool-57-thread-1] INFO  server.RaftServerConfigKeys (ConfUtils.java:logGet(43)) - raft.server.retrycache.expirytime = 600000ms (custom)
2019-09-26 16:53:55,289 [pool-57-thread-1] INFO  impl.RaftServerImpl (RaftServerImpl.java:start(185)) - 5160ea40-cc48-41a9-a1d1-1151a36e77d8@group-3621D5874B47: start as a follower, conf=-1: [5160ea40-cc48-41a9-a1d1-1151a36e77d8:192.168.151.99:45356], old=null
2019-09-26 16:53:55,289 [pool-57-thread-1] INFO  impl.RaftServerImpl (RaftServerImpl.java:setRole(174)) - 5160ea40-cc48-41a9-a1d1-1151a36e77d8@group-3621D5874B47: changes role from      null to FOLLOWER at term 0 for startAsFollower
2019-09-26 16:53:55,290 [pool-57-thread-1] INFO  impl.RoleInfo (RoleInfo.java:updateAndGet(143)) - 5160ea40-cc48-41a9-a1d1-1151a36e77d8: start FollowerState
2019-09-26 16:53:55,290 [pool-57-thread-1] INFO  util.JmxRegister (JmxRegister.java:tryRegister(44)) - Successfully registered JMX Bean with object name Ratis:service=RaftServer,group=group-3621D5874B47,id=5160ea40-cc48-41a9-a1d1-1151a36e77d8
2019-09-26 16:53:55,293 [RatisPipelineUtilsThread] INFO  pipeline.PipelineStateManager (PipelineStateManager.java:addPipeline(56)) - Created pipeline Pipeline[ Id: 883df0c0-8384-4262-9bbb-3621d5874b47, Nodes: 5160ea40-cc48-41a9-a1d1-1151a36e77d8{ip: 192.168.151.99, host: pr-hdds-1569-g6sp5-2013761785, networkLocation: /default-rack, certSerialId: null}, Type:RATIS, Factor:ONE, State:OPEN]
2019-09-26 16:53:55,299 [grpc-default-executor-1] INFO  impl.RaftServerProxy (RaftServerProxy.java:addNew(89)) - 7fda706b-4e23-4e10-baba-12810c05fbbb: addNew group-6E23EBD9EBC2:[7fda706b-4e23-4e10-baba-12810c05fbbb:192.168.151.99:32897] returns group-6E23EBD9EBC2:java.util.concurrent.CompletableFuture@7a80d0c7[Not completed]
2019-09-26 16:53:55,300 [pool-37-thread-1] INFO  impl.RaftServerImpl (RaftServerImpl.java:<init>(95)) - 7fda706b-4e23-4e10-baba-12810c05fbbb: new RaftServerImpl for group-6E23EBD9EBC2:[7fda706b-4e23-4e10-baba-12810c05fbbb:192.168.151.99:32897] with ContainerStateMachine:uninitialized
2019-09-26 16:53:55,301 [pool-37-thread-1] INFO  server.RaftServerConfigKeys (ConfUtils.java:logGet(43)) - raft.server.rpc.timeout.min = 5s (custom)
2019-09-26 16:53:55,301 [pool-37-thread-1] INFO  server.RaftServerConfigKeys (ConfUtils.java:logGet(43)) - raft.server.rpc.timeout.max = 5200ms (custom)
2019-09-26 16:53:55,301 [pool-37-thread-1] INFO  server.RaftServerConfigKeys (ConfUtils.java:logGet(43)) - raft.server.rpcslowness.timeout = 120s (custom)
2019-09-26 16:53:55,301 [pool-37-thread-1] INFO  server.RaftServerConfigKeys (ConfUtils.java:logGet(43)) - raft.server.sleep.deviation.threshold = 300 (default)
2019-09-26 16:53:55,301 [pool-37-thread-1] INFO  server.RaftServerConfigKeys (ConfUtils.java:logGet(43)) - raft.server.log.appender.install.snapshot.enabled = false (custom)
2019-09-26 16:53:55,301 [pool-37-thread-1] INFO  impl.RaftServerImpl (ServerState.java:<init>(103)) - 7fda706b-4e23-4e10-baba-12810c05fbbb@group-6E23EBD9EBC2: ConfigurationManager, init=-1: [7fda706b-4e23-4e10-baba-12810c05fbbb:192.168.151.99:32897], old=null, confs=<EMPTY_MAP>
2019-09-26 16:53:55,302 [pool-37-thread-1] INFO  server.RaftServerConfigKeys (ConfUtils.java:logGet(43)) - raft.server.storage.dir = [/workdir/hadoop-ozone/integration-test/target/test-dir/MiniOzoneClusterImpl-fdc3d401-fab1-4968-a84f-12bf762e2bbf/datanode-1/data/ratis] (custom)
2019-09-26 16:53:55,302 [pool-37-thread-1] INFO  storage.RaftStorageDirectory (RaftStorageDirectory.java:analyzeStorage(246)) - The storage directory /workdir/hadoop-ozone/integration-test/target/test-dir/MiniOzoneClusterImpl-fdc3d401-fab1-4968-a84f-12bf762e2bbf/datanode-1/data/ratis/027a77e7-e0b7-4ba1-aa75-6e23ebd9ebc2 does not exist. Creating ...
2019-09-26 16:53:55,315 [pool-37-thread-1] INFO  storage.RaftStorageDirectory (RaftStorageDirectory.java:tryLock(328)) - Lock on /workdir/hadoop-ozone/integration-test/target/test-dir/MiniOzoneClusterImpl-fdc3d401-fab1-4968-a84f-12bf762e2bbf/datanode-1/data/ratis/027a77e7-e0b7-4ba1-aa75-6e23ebd9ebc2/in_use.lock acquired by nodename 15096@pr-hdds-1569-g6sp5-2013761785
2019-09-26 16:53:55,341 [pool-37-thread-1] INFO  storage.RaftStorage (RaftStorage.java:format(72)) - Storage directory /workdir/hadoop-ozone/integration-test/target/test-dir/MiniOzoneClusterImpl-fdc3d401-fab1-4968-a84f-12bf762e2bbf/datanode-1/data/ratis/027a77e7-e0b7-4ba1-aa75-6e23ebd9ebc2 has been successfully formatted.
2019-09-26 16:53:55,341 [pool-37-thread-1] INFO  ratis.ContainerStateMachine (ContainerStateMachine.java:loadSnapshot(230)) - group-6E23EBD9EBC2: The snapshot info is null. Setting the last applied indexto:(t:0, i:~)
2019-09-26 16:53:55,341 [pool-37-thread-1] INFO  server.RaftServerConfigKeys (ConfUtils.java:logGet(43)) - raft.server.notification.no-leader.timeout = 120s (custom)
2019-09-26 16:53:55,341 [pool-37-thread-1] INFO  server.RaftServerConfigKeys (ConfUtils.java:logGet(43)) - raft.server.log.use.memory = false (default)
2019-09-26 16:53:55,342 [pool-37-thread-1] INFO  server.RaftServerConfigKeys (ConfUtils.java:logGet(43)) - raft.server.log.purge.gap = 1000000 (custom)
2019-09-26 16:53:55,342 [pool-37-thread-1] INFO  server.RaftServerConfigKeys (ConfUtils.java:logGet(43)) - raft.server.log.appender.buffer.byte-limit = 33554432 (custom)
2019-09-26 16:53:55,342 [pool-37-thread-1] INFO  server.RaftServerConfigKeys (ConfUtils.java:logGet(43)) - raft.server.log.segment.size.max = 1048576 (custom)
2019-09-26 16:53:55,342 [pool-37-thread-1] INFO  server.RaftServerConfigKeys (ConfUtils.java:logGet(43)) - raft.server.log.segment.cache.num.max = 2 (custom)
2019-09-26 16:53:55,342 [pool-37-thread-1] INFO  segmented.SegmentedRaftLogWorker (SegmentedRaftLogWorker.java:<init>(172)) - new 7fda706b-4e23-4e10-baba-12810c05fbbb@group-6E23EBD9EBC2-SegmentedRaftLogWorker for RaftStorage:Storage Directory /workdir/hadoop-ozone/integration-test/target/test-dir/MiniOzoneClusterImpl-fdc3d401-fab1-4968-a84f-12bf762e2bbf/datanode-1/data/ratis/027a77e7-e0b7-4ba1-aa75-6e23ebd9ebc2
2019-09-26 16:53:55,342 [pool-37-thread-1] INFO  server.RaftServerConfigKeys (ConfUtils.java:logGet(43)) - raft.server.log.queue.byte-limit = 2147483647 (custom)
2019-09-26 16:53:55,343 [pool-37-thread-1] INFO  server.RaftServerConfigKeys (ConfUtils.java:logGet(43)) - raft.server.log.queue.element-limit = 1024 (custom)
2019-09-26 16:53:55,343 [pool-37-thread-1] INFO  server.RaftServerConfigKeys (ConfUtils.java:logGet(43)) - raft.server.log.segment.size.max = 1048576 (custom)
2019-09-26 16:53:55,343 [pool-37-thread-1] INFO  server.RaftServerConfigKeys (ConfUtils.java:logGet(43)) - raft.server.log.preallocated.size = 16384 (custom)
2019-09-26 16:53:55,343 [pool-37-thread-1] INFO  server.RaftServerConfigKeys (ConfUtils.java:logGet(43)) - raft.server.log.write.buffer.size = 33554432 (custom)
2019-09-26 16:53:55,343 [pool-37-thread-1] INFO  server.RaftServerConfigKeys (ConfUtils.java:logGet(43)) - raft.server.log.force.sync.num = 128 (default)
2019-09-26 16:53:55,343 [pool-37-thread-1] INFO  server.RaftServerConfigKeys (ConfUtils.java:logGet(43)) - raft.server.log.statemachine.data.sync = true (default)
2019-09-26 16:53:55,344 [pool-37-thread-1] INFO  server.RaftServerConfigKeys (ConfUtils.java:logGet(43)) - raft.server.log.statemachine.data.sync.timeout = 10s (default)
2019-09-26 16:53:55,344 [pool-37-thread-1] INFO  server.RaftServerConfigKeys (ConfUtils.java:logGet(43)) - raft.server.log.statemachine.data.sync.timeout.retry = -1 (default)
2019-09-26 16:53:55,344 [pool-37-thread-1] INFO  server.RaftServerConfigKeys (ConfUtils.java:logGet(43)) - raft.server.log.statemachine.data.caching.enabled = true (custom)
2019-09-26 16:53:55,344 [pool-37-thread-1] INFO  segmented.SegmentedRaftLogWorker (SegmentedRaftLogWorker.java:lambda$new$0(132)) - 7fda706b-4e23-4e10-baba-12810c05fbbb@group-6E23EBD9EBC2-SegmentedRaftLogWorker: flushIndex: setUnconditionally 0 -> -1
2019-09-26 16:53:55,345 [pool-37-thread-1] INFO  server.RaftServerConfigKeys (ConfUtils.java:logGet(43)) - raft.server.snapshot.auto.trigger.enabled = true (custom)
2019-09-26 16:53:55,345 [pool-37-thread-1] INFO  server.RaftServerConfigKeys (ConfUtils.java:logGet(43)) - raft.server.snapshot.auto.trigger.threshold = 10000 (custom)
2019-09-26 16:53:55,345 [pool-37-thread-1] INFO  server.RaftServerConfigKeys (ConfUtils.java:logGet(43)) - raft.server.snapshot.retention.num.files = 5 (custom)
2019-09-26 16:53:55,345 [pool-37-thread-1] INFO  server.RaftServerConfigKeys (ConfUtils.java:logGet(43)) - raft.server.retrycache.expirytime = 600000ms (custom)
2019-09-26 16:53:55,348 [pool-37-thread-1] INFO  impl.RaftServerImpl (RaftServerImpl.java:start(185)) - 7fda706b-4e23-4e10-baba-12810c05fbbb@group-6E23EBD9EBC2: start as a follower, conf=-1: [7fda706b-4e23-4e10-baba-12810c05fbbb:192.168.151.99:32897], old=null
2019-09-26 16:53:55,348 [pool-37-thread-1] INFO  impl.RaftServerImpl (RaftServerImpl.java:setRole(174)) - 7fda706b-4e23-4e10-baba-12810c05fbbb@group-6E23EBD9EBC2: changes role from      null to FOLLOWER at term 0 for startAsFollower
2019-09-26 16:53:55,348 [pool-37-thread-1] INFO  impl.RoleInfo (RoleInfo.java:updateAndGet(143)) - 7fda706b-4e23-4e10-baba-12810c05fbbb: start FollowerState
2019-09-26 16:53:55,348 [pool-37-thread-1] INFO  util.JmxRegister (JmxRegister.java:tryRegister(44)) - Successfully registered JMX Bean with object name Ratis:service=RaftServer,group=group-6E23EBD9EBC2,id=7fda706b-4e23-4e10-baba-12810c05fbbb
2019-09-26 16:53:55,351 [RatisPipelineUtilsThread] INFO  pipeline.PipelineStateManager (PipelineStateManager.java:addPipeline(56)) - Created pipeline Pipeline[ Id: 027a77e7-e0b7-4ba1-aa75-6e23ebd9ebc2, Nodes: 7fda706b-4e23-4e10-baba-12810c05fbbb{ip: 192.168.151.99, host: pr-hdds-1569-g6sp5-2013761785, networkLocation: /default-rack, certSerialId: null}, Type:RATIS, Factor:ONE, State:OPEN]
2019-09-26 16:53:55,356 [grpc-default-executor-1] INFO  impl.RaftServerProxy (RaftServerProxy.java:addNew(89)) - 5160ea40-cc48-41a9-a1d1-1151a36e77d8: addNew group-9D0474B365D3:[5160ea40-cc48-41a9-a1d1-1151a36e77d8:192.168.151.99:45356] returns group-9D0474B365D3:java.util.concurrent.CompletableFuture@21621cd0[Not completed]
2019-09-26 16:53:55,357 [pool-57-thread-1] INFO  impl.RaftServerImpl (RaftServerImpl.java:<init>(95)) - 5160ea40-cc48-41a9-a1d1-1151a36e77d8: new RaftServerImpl for group-9D0474B365D3:[5160ea40-cc48-41a9-a1d1-1151a36e77d8:192.168.151.99:45356] with ContainerStateMachine:uninitialized
2019-09-26 16:53:55,357 [pool-57-thread-1] INFO  server.RaftServerConfigKeys (ConfUtils.java:logGet(43)) - raft.server.rpc.timeout.min = 5s (custom)
2019-09-26 16:53:55,357 [pool-57-thread-1] INFO  server.RaftServerConfigKeys (ConfUtils.java:logGet(43)) - raft.server.rpc.timeout.max = 5200ms (custom)
2019-09-26 16:53:55,357 [pool-57-thread-1] INFO  server.RaftServerConfigKeys (ConfUtils.java:logGet(43)) - raft.server.rpcslowness.timeout = 120s (custom)
2019-09-26 16:53:55,357 [pool-57-thread-1] INFO  server.RaftServerConfigKeys (ConfUtils.java:logGet(43)) - raft.server.sleep.deviation.threshold = 300 (default)
2019-09-26 16:53:55,358 [pool-57-thread-1] INFO  server.RaftServerConfigKeys (ConfUtils.java:logGet(43)) - raft.server.log.appender.install.snapshot.enabled = false (custom)
2019-09-26 16:53:55,358 [pool-57-thread-1] INFO  impl.RaftServerImpl (ServerState.java:<init>(103)) - 5160ea40-cc48-41a9-a1d1-1151a36e77d8@group-9D0474B365D3: ConfigurationManager, init=-1: [5160ea40-cc48-41a9-a1d1-1151a36e77d8:192.168.151.99:45356], old=null, confs=<EMPTY_MAP>
2019-09-26 16:53:55,358 [pool-57-thread-1] INFO  server.RaftServerConfigKeys (ConfUtils.java:logGet(43)) - raft.server.storage.dir = [/workdir/hadoop-ozone/integration-test/target/test-dir/MiniOzoneClusterImpl-fdc3d401-fab1-4968-a84f-12bf762e2bbf/datanode-3/data/ratis] (custom)
2019-09-26 16:53:55,358 [pool-57-thread-1] INFO  storage.RaftStorageDirectory (RaftStorageDirectory.java:analyzeStorage(246)) - The storage directory /workdir/hadoop-ozone/integration-test/target/test-dir/MiniOzoneClusterImpl-fdc3d401-fab1-4968-a84f-12bf762e2bbf/datanode-3/data/ratis/2204edcc-8261-4b6a-abf8-9d0474b365d3 does not exist. Creating ...
2019-09-26 16:53:55,371 [pool-57-thread-1] INFO  storage.RaftStorageDirectory (RaftStorageDirectory.java:tryLock(328)) - Lock on /workdir/hadoop-ozone/integration-test/target/test-dir/MiniOzoneClusterImpl-fdc3d401-fab1-4968-a84f-12bf762e2bbf/datanode-3/data/ratis/2204edcc-8261-4b6a-abf8-9d0474b365d3/in_use.lock acquired by nodename 15096@pr-hdds-1569-g6sp5-2013761785
2019-09-26 16:53:55,384 [pool-57-thread-1] INFO  storage.RaftStorage (RaftStorage.java:format(72)) - Storage directory /workdir/hadoop-ozone/integration-test/target/test-dir/MiniOzoneClusterImpl-fdc3d401-fab1-4968-a84f-12bf762e2bbf/datanode-3/data/ratis/2204edcc-8261-4b6a-abf8-9d0474b365d3 has been successfully formatted.
2019-09-26 16:53:55,384 [pool-57-thread-1] INFO  ratis.ContainerStateMachine (ContainerStateMachine.java:loadSnapshot(230)) - group-9D0474B365D3: The snapshot info is null. Setting the last applied indexto:(t:0, i:~)
2019-09-26 16:53:55,385 [pool-57-thread-1] INFO  server.RaftServerConfigKeys (ConfUtils.java:logGet(43)) - raft.server.notification.no-leader.timeout = 120s (custom)
2019-09-26 16:53:55,385 [pool-57-thread-1] INFO  server.RaftServerConfigKeys (ConfUtils.java:logGet(43)) - raft.server.log.use.memory = false (default)
2019-09-26 16:53:55,385 [pool-57-thread-1] INFO  server.RaftServerConfigKeys (ConfUtils.java:logGet(43)) - raft.server.log.purge.gap = 1000000 (custom)
2019-09-26 16:53:55,385 [pool-57-thread-1] INFO  server.RaftServerConfigKeys (ConfUtils.java:logGet(43)) - raft.server.log.appender.buffer.byte-limit = 33554432 (custom)
2019-09-26 16:53:55,385 [pool-57-thread-1] INFO  server.RaftServerConfigKeys (ConfUtils.java:logGet(43)) - raft.server.log.segment.size.max = 1048576 (custom)
2019-09-26 16:53:55,385 [pool-57-thread-1] INFO  server.RaftServerConfigKeys (ConfUtils.java:logGet(43)) - raft.server.log.segment.cache.num.max = 2 (custom)
2019-09-26 16:53:55,386 [pool-57-thread-1] INFO  segmented.SegmentedRaftLogWorker (SegmentedRaftLogWorker.java:<init>(172)) - new 5160ea40-cc48-41a9-a1d1-1151a36e77d8@group-9D0474B365D3-SegmentedRaftLogWorker for RaftStorage:Storage Directory /workdir/hadoop-ozone/integration-test/target/test-dir/MiniOzoneClusterImpl-fdc3d401-fab1-4968-a84f-12bf762e2bbf/datanode-3/data/ratis/2204edcc-8261-4b6a-abf8-9d0474b365d3
2019-09-26 16:53:55,386 [pool-57-thread-1] INFO  server.RaftServerConfigKeys (ConfUtils.java:logGet(43)) - raft.server.log.queue.byte-limit = 2147483647 (custom)
2019-09-26 16:53:55,386 [pool-57-thread-1] INFO  server.RaftServerConfigKeys (ConfUtils.java:logGet(43)) - raft.server.log.queue.element-limit = 1024 (custom)
2019-09-26 16:53:55,386 [pool-57-thread-1] INFO  server.RaftServerConfigKeys (ConfUtils.java:logGet(43)) - raft.server.log.segment.size.max = 1048576 (custom)
2019-09-26 16:53:55,386 [pool-57-thread-1] INFO  server.RaftServerConfigKeys (ConfUtils.java:logGet(43)) - raft.server.log.preallocated.size = 16384 (custom)
2019-09-26 16:53:55,386 [pool-57-thread-1] INFO  server.RaftServerConfigKeys (ConfUtils.java:logGet(43)) - raft.server.log.write.buffer.size = 33554432 (custom)
2019-09-26 16:53:55,387 [pool-57-thread-1] INFO  server.RaftServerConfigKeys (ConfUtils.java:logGet(43)) - raft.server.log.force.sync.num = 128 (default)
2019-09-26 16:53:55,387 [pool-57-thread-1] INFO  server.RaftServerConfigKeys (ConfUtils.java:logGet(43)) - raft.server.log.statemachine.data.sync = true (default)
2019-09-26 16:53:55,387 [pool-57-thread-1] INFO  server.RaftServerConfigKeys (ConfUtils.java:logGet(43)) - raft.server.log.statemachine.data.sync.timeout = 10s (default)
2019-09-26 16:53:55,387 [pool-57-thread-1] INFO  server.RaftServerConfigKeys (ConfUtils.java:logGet(43)) - raft.server.log.statemachine.data.sync.timeout.retry = -1 (default)
2019-09-26 16:53:55,387 [pool-57-thread-1] INFO  server.RaftServerConfigKeys (ConfUtils.java:logGet(43)) - raft.server.log.statemachine.data.caching.enabled = true (custom)
2019-09-26 16:53:55,388 [pool-57-thread-1] INFO  segmented.SegmentedRaftLogWorker (SegmentedRaftLogWorker.java:lambda$new$0(132)) - 5160ea40-cc48-41a9-a1d1-1151a36e77d8@group-9D0474B365D3-SegmentedRaftLogWorker: flushIndex: setUnconditionally 0 -> -1
2019-09-26 16:53:55,388 [pool-57-thread-1] INFO  server.RaftServerConfigKeys (ConfUtils.java:logGet(43)) - raft.server.snapshot.auto.trigger.enabled = true (custom)
2019-09-26 16:53:55,388 [pool-57-thread-1] INFO  server.RaftServerConfigKeys (ConfUtils.java:logGet(43)) - raft.server.snapshot.auto.trigger.threshold = 10000 (custom)
2019-09-26 16:53:55,388 [pool-57-thread-1] INFO  server.RaftServerConfigKeys (ConfUtils.java:logGet(43)) - raft.server.snapshot.retention.num.files = 5 (custom)
2019-09-26 16:53:55,388 [pool-57-thread-1] INFO  server.RaftServerConfigKeys (ConfUtils.java:logGet(43)) - raft.server.retrycache.expirytime = 600000ms (custom)
2019-09-26 16:53:55,391 [pool-57-thread-1] INFO  impl.RaftServerImpl (RaftServerImpl.java:start(185)) - 5160ea40-cc48-41a9-a1d1-1151a36e77d8@group-9D0474B365D3: start as a follower, conf=-1: [5160ea40-cc48-41a9-a1d1-1151a36e77d8:192.168.151.99:45356], old=null
2019-09-26 16:53:55,391 [pool-57-thread-1] INFO  impl.RaftServerImpl (RaftServerImpl.java:setRole(174)) - 5160ea40-cc48-41a9-a1d1-1151a36e77d8@group-9D0474B365D3: changes role from      null to FOLLOWER at term 0 for startAsFollower
2019-09-26 16:53:55,391 [pool-57-thread-1] INFO  impl.RoleInfo (RoleInfo.java:updateAndGet(143)) - 5160ea40-cc48-41a9-a1d1-1151a36e77d8: start FollowerState
2019-09-26 16:53:55,391 [pool-57-thread-1] INFO  util.JmxRegister (JmxRegister.java:tryRegister(44)) - Successfully registered JMX Bean with object name Ratis:service=RaftServer,group=group-9D0474B365D3,id=5160ea40-cc48-41a9-a1d1-1151a36e77d8
2019-09-26 16:53:55,394 [RatisPipelineUtilsThread] INFO  pipeline.PipelineStateManager (PipelineStateManager.java:addPipeline(56)) - Created pipeline Pipeline[ Id: 2204edcc-8261-4b6a-abf8-9d0474b365d3, Nodes: 5160ea40-cc48-41a9-a1d1-1151a36e77d8{ip: 192.168.151.99, host: pr-hdds-1569-g6sp5-2013761785, networkLocation: /default-rack, certSerialId: null}, Type:RATIS, Factor:ONE, State:OPEN]
2019-09-26 16:53:55,399 [grpc-default-executor-1] INFO  impl.RaftServerProxy (RaftServerProxy.java:addNew(89)) - 862ec94c-cd2d-47b3-b563-7d6c2816cb58: addNew group-B5732A1D60A2:[862ec94c-cd2d-47b3-b563-7d6c2816cb58:192.168.151.99:36916] returns group-B5732A1D60A2:java.util.concurrent.CompletableFuture@5e83c11a[Not completed]
2019-09-26 16:53:55,399 [pool-67-thread-1] INFO  impl.RaftServerImpl (RaftServerImpl.java:<init>(95)) - 862ec94c-cd2d-47b3-b563-7d6c2816cb58: new RaftServerImpl for group-B5732A1D60A2:[862ec94c-cd2d-47b3-b563-7d6c2816cb58:192.168.151.99:36916] with ContainerStateMachine:uninitialized
2019-09-26 16:53:55,399 [pool-67-thread-1] INFO  server.RaftServerConfigKeys (ConfUtils.java:logGet(43)) - raft.server.rpc.timeout.min = 5s (custom)
2019-09-26 16:53:55,399 [pool-67-thread-1] INFO  server.RaftServerConfigKeys (ConfUtils.java:logGet(43)) - raft.server.rpc.timeout.max = 5200ms (custom)
2019-09-26 16:53:55,400 [pool-67-thread-1] INFO  server.RaftServerConfigKeys (ConfUtils.java:logGet(43)) - raft.server.rpcslowness.timeout = 120s (custom)
2019-09-26 16:53:55,400 [pool-67-thread-1] INFO  server.RaftServerConfigKeys (ConfUtils.java:logGet(43)) - raft.server.sleep.deviation.threshold = 300 (default)
2019-09-26 16:53:55,400 [pool-67-thread-1] INFO  server.RaftServerConfigKeys (ConfUtils.java:logGet(43)) - raft.server.log.appender.install.snapshot.enabled = false (custom)
2019-09-26 16:53:55,400 [pool-67-thread-1] INFO  impl.RaftServerImpl (ServerState.java:<init>(103)) - 862ec94c-cd2d-47b3-b563-7d6c2816cb58@group-B5732A1D60A2: ConfigurationManager, init=-1: [862ec94c-cd2d-47b3-b563-7d6c2816cb58:192.168.151.99:36916], old=null, confs=<EMPTY_MAP>
2019-09-26 16:53:55,400 [pool-67-thread-1] INFO  server.RaftServerConfigKeys (ConfUtils.java:logGet(43)) - raft.server.storage.dir = [/workdir/hadoop-ozone/integration-test/target/test-dir/MiniOzoneClusterImpl-fdc3d401-fab1-4968-a84f-12bf762e2bbf/datanode-4/data/ratis] (custom)
2019-09-26 16:53:55,400 [pool-67-thread-1] INFO  storage.RaftStorageDirectory (RaftStorageDirectory.java:analyzeStorage(246)) - The storage directory /workdir/hadoop-ozone/integration-test/target/test-dir/MiniOzoneClusterImpl-fdc3d401-fab1-4968-a84f-12bf762e2bbf/datanode-4/data/ratis/cde20bd8-d323-48b8-8936-b5732a1d60a2 does not exist. Creating ...
2019-09-26 16:53:55,413 [pool-67-thread-1] INFO  storage.RaftStorageDirectory (RaftStorageDirectory.java:tryLock(328)) - Lock on /workdir/hadoop-ozone/integration-test/target/test-dir/MiniOzoneClusterImpl-fdc3d401-fab1-4968-a84f-12bf762e2bbf/datanode-4/data/ratis/cde20bd8-d323-48b8-8936-b5732a1d60a2/in_use.lock acquired by nodename 15096@pr-hdds-1569-g6sp5-2013761785
2019-09-26 16:53:55,427 [pool-67-thread-1] INFO  storage.RaftStorage (RaftStorage.java:format(72)) - Storage directory /workdir/hadoop-ozone/integration-test/target/test-dir/MiniOzoneClusterImpl-fdc3d401-fab1-4968-a84f-12bf762e2bbf/datanode-4/data/ratis/cde20bd8-d323-48b8-8936-b5732a1d60a2 has been successfully formatted.
2019-09-26 16:53:55,428 [pool-67-thread-1] INFO  ratis.ContainerStateMachine (ContainerStateMachine.java:loadSnapshot(230)) - group-B5732A1D60A2: The snapshot info is null. Setting the last applied indexto:(t:0, i:~)
2019-09-26 16:53:55,428 [pool-67-thread-1] INFO  server.RaftServerConfigKeys (ConfUtils.java:logGet(43)) - raft.server.notification.no-leader.timeout = 120s (custom)
2019-09-26 16:53:55,428 [pool-67-thread-1] INFO  server.RaftServerConfigKeys (ConfUtils.java:logGet(43)) - raft.server.log.use.memory = false (default)
2019-09-26 16:53:55,428 [pool-67-thread-1] INFO  server.RaftServerConfigKeys (ConfUtils.java:logGet(43)) - raft.server.log.purge.gap = 1000000 (custom)
2019-09-26 16:53:55,428 [pool-67-thread-1] INFO  server.RaftServerConfigKeys (ConfUtils.java:logGet(43)) - raft.server.log.appender.buffer.byte-limit = 33554432 (custom)
2019-09-26 16:53:55,428 [pool-67-thread-1] INFO  server.RaftServerConfigKeys (ConfUtils.java:logGet(43)) - raft.server.log.segment.size.max = 1048576 (custom)
2019-09-26 16:53:55,429 [pool-67-thread-1] INFO  server.RaftServerConfigKeys (ConfUtils.java:logGet(43)) - raft.server.log.segment.cache.num.max = 2 (custom)
2019-09-26 16:53:55,429 [pool-67-thread-1] INFO  segmented.SegmentedRaftLogWorker (SegmentedRaftLogWorker.java:<init>(172)) - new 862ec94c-cd2d-47b3-b563-7d6c2816cb58@group-B5732A1D60A2-SegmentedRaftLogWorker for RaftStorage:Storage Directory /workdir/hadoop-ozone/integration-test/target/test-dir/MiniOzoneClusterImpl-fdc3d401-fab1-4968-a84f-12bf762e2bbf/datanode-4/data/ratis/cde20bd8-d323-48b8-8936-b5732a1d60a2
2019-09-26 16:53:55,429 [pool-67-thread-1] INFO  server.RaftServerConfigKeys (ConfUtils.java:logGet(43)) - raft.server.log.queue.byte-limit = 2147483647 (custom)
2019-09-26 16:53:55,429 [pool-67-thread-1] INFO  server.RaftServerConfigKeys (ConfUtils.java:logGet(43)) - raft.server.log.queue.element-limit = 1024 (custom)
2019-09-26 16:53:55,429 [pool-67-thread-1] INFO  server.RaftServerConfigKeys (ConfUtils.java:logGet(43)) - raft.server.log.segment.size.max = 1048576 (custom)
2019-09-26 16:53:55,429 [pool-67-thread-1] INFO  server.RaftServerConfigKeys (ConfUtils.java:logGet(43)) - raft.server.log.preallocated.size = 16384 (custom)
2019-09-26 16:53:55,429 [pool-67-thread-1] INFO  server.RaftServerConfigKeys (ConfUtils.java:logGet(43)) - raft.server.log.write.buffer.size = 33554432 (custom)
2019-09-26 16:53:55,429 [pool-67-thread-1] INFO  server.RaftServerConfigKeys (ConfUtils.java:logGet(43)) - raft.server.log.force.sync.num = 128 (default)
2019-09-26 16:53:55,429 [pool-67-thread-1] INFO  server.RaftServerConfigKeys (ConfUtils.java:logGet(43)) - raft.server.log.statemachine.data.sync = true (default)
2019-09-26 16:53:55,430 [pool-67-thread-1] INFO  server.RaftServerConfigKeys (ConfUtils.java:logGet(43)) - raft.server.log.statemachine.data.sync.timeout = 10s (default)
2019-09-26 16:53:55,430 [pool-67-thread-1] INFO  server.RaftServerConfigKeys (ConfUtils.java:logGet(43)) - raft.server.log.statemachine.data.sync.timeout.retry = -1 (default)
2019-09-26 16:53:55,430 [pool-67-thread-1] INFO  server.RaftServerConfigKeys (ConfUtils.java:logGet(43)) - raft.server.log.statemachine.data.caching.enabled = true (custom)
2019-09-26 16:53:55,430 [pool-67-thread-1] INFO  segmented.SegmentedRaftLogWorker (SegmentedRaftLogWorker.java:lambda$new$0(132)) - 862ec94c-cd2d-47b3-b563-7d6c2816cb58@group-B5732A1D60A2-SegmentedRaftLogWorker: flushIndex: setUnconditionally 0 -> -1
2019-09-26 16:53:55,430 [pool-67-thread-1] INFO  server.RaftServerConfigKeys (ConfUtils.java:logGet(43)) - raft.server.snapshot.auto.trigger.enabled = true (custom)
2019-09-26 16:53:55,431 [pool-67-thread-1] INFO  server.RaftServerConfigKeys (ConfUtils.java:logGet(43)) - raft.server.snapshot.auto.trigger.threshold = 10000 (custom)
2019-09-26 16:53:55,431 [pool-67-thread-1] INFO  server.RaftServerConfigKeys (ConfUtils.java:logGet(43)) - raft.server.snapshot.retention.num.files = 5 (custom)
2019-09-26 16:53:55,431 [pool-67-thread-1] INFO  server.RaftServerConfigKeys (ConfUtils.java:logGet(43)) - raft.server.retrycache.expirytime = 600000ms (custom)
2019-09-26 16:53:55,432 [pool-67-thread-1] INFO  impl.RaftServerImpl (RaftServerImpl.java:start(185)) - 862ec94c-cd2d-47b3-b563-7d6c2816cb58@group-B5732A1D60A2: start as a follower, conf=-1: [862ec94c-cd2d-47b3-b563-7d6c2816cb58:192.168.151.99:36916], old=null
2019-09-26 16:53:55,432 [pool-67-thread-1] INFO  impl.RaftServerImpl (RaftServerImpl.java:setRole(174)) - 862ec94c-cd2d-47b3-b563-7d6c2816cb58@group-B5732A1D60A2: changes role from      null to FOLLOWER at term 0 for startAsFollower
2019-09-26 16:53:55,432 [pool-67-thread-1] INFO  impl.RoleInfo (RoleInfo.java:updateAndGet(143)) - 862ec94c-cd2d-47b3-b563-7d6c2816cb58: start FollowerState
2019-09-26 16:53:55,433 [pool-67-thread-1] INFO  util.JmxRegister (JmxRegister.java:tryRegister(44)) - Successfully registered JMX Bean with object name Ratis:service=RaftServer,group=group-B5732A1D60A2,id=862ec94c-cd2d-47b3-b563-7d6c2816cb58
2019-09-26 16:53:55,435 [RatisPipelineUtilsThread] INFO  pipeline.PipelineStateManager (PipelineStateManager.java:addPipeline(56)) - Created pipeline Pipeline[ Id: cde20bd8-d323-48b8-8936-b5732a1d60a2, Nodes: 862ec94c-cd2d-47b3-b563-7d6c2816cb58{ip: 192.168.151.99, host: pr-hdds-1569-g6sp5-2013761785, networkLocation: /default-rack, certSerialId: null}, Type:RATIS, Factor:ONE, State:OPEN]
2019-09-26 16:53:55,440 [grpc-default-executor-1] INFO  impl.RaftServerProxy (RaftServerProxy.java:addNew(89)) - deac9605-e739-4d95-8360-f57df793faca: addNew group-00F88C78472C:[deac9605-e739-4d95-8360-f57df793faca:192.168.151.99:46601] returns group-00F88C78472C:java.util.concurrent.CompletableFuture@4e9dc43[Not completed]
2019-09-26 16:53:55,441 [pool-27-thread-1] INFO  impl.RaftServerImpl (RaftServerImpl.java:<init>(95)) - deac9605-e739-4d95-8360-f57df793faca: new RaftServerImpl for group-00F88C78472C:[deac9605-e739-4d95-8360-f57df793faca:192.168.151.99:46601] with ContainerStateMachine:uninitialized
2019-09-26 16:53:55,442 [pool-27-thread-1] INFO  server.RaftServerConfigKeys (ConfUtils.java:logGet(43)) - raft.server.rpc.timeout.min = 5s (custom)
2019-09-26 16:53:55,442 [pool-27-thread-1] INFO  server.RaftServerConfigKeys (ConfUtils.java:logGet(43)) - raft.server.rpc.timeout.max = 5200ms (custom)
2019-09-26 16:53:55,442 [pool-27-thread-1] INFO  server.RaftServerConfigKeys (ConfUtils.java:logGet(43)) - raft.server.rpcslowness.timeout = 120s (custom)
2019-09-26 16:53:55,442 [pool-27-thread-1] INFO  server.RaftServerConfigKeys (ConfUtils.java:logGet(43)) - raft.server.sleep.deviation.threshold = 300 (default)
2019-09-26 16:53:55,442 [pool-27-thread-1] INFO  server.RaftServerConfigKeys (ConfUtils.java:logGet(43)) - raft.server.log.appender.install.snapshot.enabled = false (custom)
2019-09-26 16:53:55,442 [pool-27-thread-1] INFO  impl.RaftServerImpl (ServerState.java:<init>(103)) - deac9605-e739-4d95-8360-f57df793faca@group-00F88C78472C: ConfigurationManager, init=-1: [deac9605-e739-4d95-8360-f57df793faca:192.168.151.99:46601], old=null, confs=<EMPTY_MAP>
2019-09-26 16:53:55,443 [pool-27-thread-1] INFO  server.RaftServerConfigKeys (ConfUtils.java:logGet(43)) - raft.server.storage.dir = [/workdir/hadoop-ozone/integration-test/target/test-dir/MiniOzoneClusterImpl-fdc3d401-fab1-4968-a84f-12bf762e2bbf/datanode-0/data/ratis] (custom)
2019-09-26 16:53:55,443 [pool-27-thread-1] INFO  storage.RaftStorageDirectory (RaftStorageDirectory.java:analyzeStorage(246)) - The storage directory /workdir/hadoop-ozone/integration-test/target/test-dir/MiniOzoneClusterImpl-fdc3d401-fab1-4968-a84f-12bf762e2bbf/datanode-0/data/ratis/c2b6ff88-0af7-4853-9f6d-00f88c78472c does not exist. Creating ...
2019-09-26 16:53:55,468 [pool-27-thread-1] INFO  storage.RaftStorageDirectory (RaftStorageDirectory.java:tryLock(328)) - Lock on /workdir/hadoop-ozone/integration-test/target/test-dir/MiniOzoneClusterImpl-fdc3d401-fab1-4968-a84f-12bf762e2bbf/datanode-0/data/ratis/c2b6ff88-0af7-4853-9f6d-00f88c78472c/in_use.lock acquired by nodename 15096@pr-hdds-1569-g6sp5-2013761785
2019-09-26 16:53:55,482 [pool-27-thread-1] INFO  storage.RaftStorage (RaftStorage.java:format(72)) - Storage directory /workdir/hadoop-ozone/integration-test/target/test-dir/MiniOzoneClusterImpl-fdc3d401-fab1-4968-a84f-12bf762e2bbf/datanode-0/data/ratis/c2b6ff88-0af7-4853-9f6d-00f88c78472c has been successfully formatted.
2019-09-26 16:53:55,482 [pool-27-thread-1] INFO  ratis.ContainerStateMachine (ContainerStateMachine.java:loadSnapshot(230)) - group-00F88C78472C: The snapshot info is null. Setting the last applied indexto:(t:0, i:~)
2019-09-26 16:53:55,482 [pool-27-thread-1] INFO  server.RaftServerConfigKeys (ConfUtils.java:logGet(43)) - raft.server.notification.no-leader.timeout = 120s (custom)
2019-09-26 16:53:55,482 [pool-27-thread-1] INFO  server.RaftServerConfigKeys (ConfUtils.java:logGet(43)) - raft.server.log.use.memory = false (default)
2019-09-26 16:53:55,482 [pool-27-thread-1] INFO  server.RaftServerConfigKeys (ConfUtils.java:logGet(43)) - raft.server.log.purge.gap = 1000000 (custom)
2019-09-26 16:53:55,483 [pool-27-thread-1] INFO  server.RaftServerConfigKeys (ConfUtils.java:logGet(43)) - raft.server.log.appender.buffer.byte-limit = 33554432 (custom)
2019-09-26 16:53:55,483 [pool-27-thread-1] INFO  server.RaftServerConfigKeys (ConfUtils.java:logGet(43)) - raft.server.log.segment.size.max = 1048576 (custom)
2019-09-26 16:53:55,483 [pool-27-thread-1] INFO  server.RaftServerConfigKeys (ConfUtils.java:logGet(43)) - raft.server.log.segment.cache.num.max = 2 (custom)
2019-09-26 16:53:55,483 [pool-27-thread-1] INFO  segmented.SegmentedRaftLogWorker (SegmentedRaftLogWorker.java:<init>(172)) - new deac9605-e739-4d95-8360-f57df793faca@group-00F88C78472C-SegmentedRaftLogWorker for RaftStorage:Storage Directory /workdir/hadoop-ozone/integration-test/target/test-dir/MiniOzoneClusterImpl-fdc3d401-fab1-4968-a84f-12bf762e2bbf/datanode-0/data/ratis/c2b6ff88-0af7-4853-9f6d-00f88c78472c
2019-09-26 16:53:55,483 [pool-27-thread-1] INFO  server.RaftServerConfigKeys (ConfUtils.java:logGet(43)) - raft.server.log.queue.byte-limit = 2147483647 (custom)
2019-09-26 16:53:55,483 [pool-27-thread-1] INFO  server.RaftServerConfigKeys (ConfUtils.java:logGet(43)) - raft.server.log.queue.element-limit = 1024 (custom)
2019-09-26 16:53:55,484 [pool-27-thread-1] INFO  server.RaftServerConfigKeys (ConfUtils.java:logGet(43)) - raft.server.log.segment.size.max = 1048576 (custom)
2019-09-26 16:53:55,484 [pool-27-thread-1] INFO  server.RaftServerConfigKeys (ConfUtils.java:logGet(43)) - raft.server.log.preallocated.size = 16384 (custom)
2019-09-26 16:53:55,484 [pool-27-thread-1] INFO  server.RaftServerConfigKeys (ConfUtils.java:logGet(43)) - raft.server.log.write.buffer.size = 33554432 (custom)
2019-09-26 16:53:55,484 [pool-27-thread-1] INFO  server.RaftServerConfigKeys (ConfUtils.java:logGet(43)) - raft.server.log.force.sync.num = 128 (default)
2019-09-26 16:53:55,484 [pool-27-thread-1] INFO  server.RaftServerConfigKeys (ConfUtils.java:logGet(43)) - raft.server.log.statemachine.data.sync = true (default)
2019-09-26 16:53:55,484 [pool-27-thread-1] INFO  server.RaftServerConfigKeys (ConfUtils.java:logGet(43)) - raft.server.log.statemachine.data.sync.timeout = 10s (default)
2019-09-26 16:53:55,485 [pool-27-thread-1] INFO  server.RaftServerConfigKeys (ConfUtils.java:logGet(43)) - raft.server.log.statemachine.data.sync.timeout.retry = -1 (default)
2019-09-26 16:53:55,485 [pool-27-thread-1] INFO  server.RaftServerConfigKeys (ConfUtils.java:logGet(43)) - raft.server.log.statemachine.data.caching.enabled = true (custom)
2019-09-26 16:53:55,485 [Thread-313] INFO  impl.FollowerState (FollowerState.java:run(106)) - deac9605-e739-4d95-8360-f57df793faca:group-AA8E4C17C72A changes to CANDIDATE, lastRpcTime:5104, electionTimeout:5104ms
2019-09-26 16:53:55,485 [pool-27-thread-1] INFO  segmented.SegmentedRaftLogWorker (SegmentedRaftLogWorker.java:lambda$new$0(132)) - deac9605-e739-4d95-8360-f57df793faca@group-00F88C78472C-SegmentedRaftLogWorker: flushIndex: setUnconditionally 0 -> -1
2019-09-26 16:53:55,485 [Thread-313] INFO  impl.RoleInfo (RoleInfo.java:shutdownFollowerState(121)) - deac9605-e739-4d95-8360-f57df793faca: shutdown FollowerState
2019-09-26 16:53:55,486 [Thread-313] INFO  impl.RaftServerImpl (RaftServerImpl.java:setRole(174)) - deac9605-e739-4d95-8360-f57df793faca@group-AA8E4C17C72A: changes role from  FOLLOWER to CANDIDATE at term 0 for changeToCandidate
2019-09-26 16:53:55,486 [pool-27-thread-1] INFO  server.RaftServerConfigKeys (ConfUtils.java:logGet(43)) - raft.server.snapshot.auto.trigger.enabled = true (custom)
2019-09-26 16:53:55,486 [Thread-313] INFO  impl.RoleInfo (RoleInfo.java:updateAndGet(143)) - deac9605-e739-4d95-8360-f57df793faca: start LeaderElection
2019-09-26 16:53:55,486 [pool-27-thread-1] INFO  server.RaftServerConfigKeys (ConfUtils.java:logGet(43)) - raft.server.snapshot.auto.trigger.threshold = 10000 (custom)
2019-09-26 16:53:55,486 [pool-27-thread-1] INFO  server.RaftServerConfigKeys (ConfUtils.java:logGet(43)) - raft.server.snapshot.retention.num.files = 5 (custom)
2019-09-26 16:53:55,486 [pool-27-thread-1] INFO  server.RaftServerConfigKeys (ConfUtils.java:logGet(43)) - raft.server.retrycache.expirytime = 600000ms (custom)
2019-09-26 16:53:55,494 [pool-27-thread-1] INFO  impl.RaftServerImpl (RaftServerImpl.java:start(185)) - deac9605-e739-4d95-8360-f57df793faca@group-00F88C78472C: start as a follower, conf=-1: [deac9605-e739-4d95-8360-f57df793faca:192.168.151.99:46601], old=null
2019-09-26 16:53:55,494 [pool-27-thread-1] INFO  impl.RaftServerImpl (RaftServerImpl.java:setRole(174)) - deac9605-e739-4d95-8360-f57df793faca@group-00F88C78472C: changes role from      null to FOLLOWER at term 0 for startAsFollower
2019-09-26 16:53:55,494 [pool-27-thread-1] INFO  impl.RoleInfo (RoleInfo.java:updateAndGet(143)) - deac9605-e739-4d95-8360-f57df793faca: start FollowerState
2019-09-26 16:53:55,494 [pool-27-thread-1] INFO  util.JmxRegister (JmxRegister.java:tryRegister(44)) - Successfully registered JMX Bean with object name Ratis:service=RaftServer,group=group-00F88C78472C,id=deac9605-e739-4d95-8360-f57df793faca
2019-09-26 16:53:55,498 [RatisPipelineUtilsThread] INFO  pipeline.PipelineStateManager (PipelineStateManager.java:addPipeline(56)) - Created pipeline Pipeline[ Id: c2b6ff88-0af7-4853-9f6d-00f88c78472c, Nodes: deac9605-e739-4d95-8360-f57df793faca{ip: 192.168.151.99, host: pr-hdds-1569-g6sp5-2013761785, networkLocation: /default-rack, certSerialId: null}, Type:RATIS, Factor:ONE, State:OPEN]
2019-09-26 16:53:55,504 [grpc-default-executor-1] INFO  impl.RaftServerProxy (RaftServerProxy.java:addNew(89)) - 4a469c34-60df-4173-8d32-715e2ce97f5d: addNew group-5D6BFF16FFC8:[4a469c34-60df-4173-8d32-715e2ce97f5d:192.168.151.99:42442] returns group-5D6BFF16FFC8:java.util.concurrent.CompletableFuture@2feb02a0[Not completed]
2019-09-26 16:53:55,504 [deac9605-e739-4d95-8360-f57df793faca@group-AA8E4C17C72A:LeaderElection24] INFO  impl.LeaderElection (LeaderElection.java:askForVotes(182)) - deac9605-e739-4d95-8360-f57df793faca@group-AA8E4C17C72A:LeaderElection24: begin an election at term 1 for -1: [deac9605-e739-4d95-8360-f57df793faca:192.168.151.99:46601], old=null
2019-09-26 16:53:55,505 [deac9605-e739-4d95-8360-f57df793faca@group-AA8E4C17C72A:LeaderElection24] INFO  impl.RoleInfo (RoleInfo.java:shutdownLeaderElection(134)) - deac9605-e739-4d95-8360-f57df793faca: shutdown LeaderElection
2019-09-26 16:53:55,505 [deac9605-e739-4d95-8360-f57df793faca@group-AA8E4C17C72A:LeaderElection24] INFO  impl.RaftServerImpl (RaftServerImpl.java:setRole(174)) - deac9605-e739-4d95-8360-f57df793faca@group-AA8E4C17C72A: changes role from CANDIDATE to LEADER at term 1 for changeToLeader
2019-09-26 16:53:55,505 [pool-87-thread-1] INFO  impl.RaftServerImpl (RaftServerImpl.java:<init>(95)) - 4a469c34-60df-4173-8d32-715e2ce97f5d: new RaftServerImpl for group-5D6BFF16FFC8:[4a469c34-60df-4173-8d32-715e2ce97f5d:192.168.151.99:42442] with ContainerStateMachine:uninitialized
2019-09-26 16:53:55,505 [deac9605-e739-4d95-8360-f57df793faca@group-AA8E4C17C72A:LeaderElection24] INFO  impl.RaftServerImpl (ServerState.java:setLeader(253)) - deac9605-e739-4d95-8360-f57df793faca@group-AA8E4C17C72A: change Leader from null to deac9605-e739-4d95-8360-f57df793faca at term 1 for becomeLeader, leader elected after 5422ms
2019-09-26 16:53:55,505 [pool-87-thread-1] INFO  server.RaftServerConfigKeys (ConfUtils.java:logGet(43)) - raft.server.rpc.timeout.min = 5s (custom)
2019-09-26 16:53:55,505 [deac9605-e739-4d95-8360-f57df793faca@group-AA8E4C17C72A:LeaderElection24] INFO  server.RaftServerConfigKeys (ConfUtils.java:logGet(43)) - raft.server.staging.catchup.gap = 1000 (default)
2019-09-26 16:53:55,505 [pool-87-thread-1] INFO  server.RaftServerConfigKeys (ConfUtils.java:logGet(43)) - raft.server.rpc.timeout.max = 5200ms (custom)
2019-09-26 16:53:55,505 [deac9605-e739-4d95-8360-f57df793faca@group-AA8E4C17C72A:LeaderElection24] INFO  server.RaftServerConfigKeys (ConfUtils.java:logGet(43)) - raft.server.rpc.sleep.time = 25ms (default)
2019-09-26 16:53:55,506 [pool-87-thread-1] INFO  server.RaftServerConfigKeys (ConfUtils.java:logGet(43)) - raft.server.rpcslowness.timeout = 120s (custom)
2019-09-26 16:53:55,506 [deac9605-e739-4d95-8360-f57df793faca@group-AA8E4C17C72A:LeaderElection24] INFO  server.RaftServerConfigKeys (ConfUtils.java:logGet(43)) - raft.server.write.element-limit = 4096 (default)
2019-09-26 16:53:55,506 [pool-87-thread-1] INFO  server.RaftServerConfigKeys (ConfUtils.java:logGet(43)) - raft.server.sleep.deviation.threshold = 300 (default)
2019-09-26 16:53:55,506 [deac9605-e739-4d95-8360-f57df793faca@group-AA8E4C17C72A:LeaderElection24] INFO  server.RaftServerConfigKeys (ConfUtils.java:logGet(43)) - raft.server.watch.timeout = 10s (default)
2019-09-26 16:53:55,506 [deac9605-e739-4d95-8360-f57df793faca@group-AA8E4C17C72A:LeaderElection24] INFO  server.RaftServerConfigKeys (ConfUtils.java:logGet(43)) - raft.server.watch.timeout.denomination = 1s (default)
2019-09-26 16:53:55,506 [pool-87-thread-1] INFO  server.RaftServerConfigKeys (ConfUtils.java:logGet(43)) - raft.server.log.appender.install.snapshot.enabled = false (custom)
2019-09-26 16:53:55,506 [deac9605-e739-4d95-8360-f57df793faca@group-AA8E4C17C72A:LeaderElection24] INFO  server.RaftServerConfigKeys (ConfUtils.java:logGet(43)) - raft.server.watch.element-limit = 65536 (default)
2019-09-26 16:53:55,507 [pool-87-thread-1] INFO  impl.RaftServerImpl (ServerState.java:<init>(103)) - 4a469c34-60df-4173-8d32-715e2ce97f5d@group-5D6BFF16FFC8: ConfigurationManager, init=-1: [4a469c34-60df-4173-8d32-715e2ce97f5d:192.168.151.99:42442], old=null, confs=<EMPTY_MAP>
2019-09-26 16:53:55,507 [pool-87-thread-1] INFO  server.RaftServerConfigKeys (ConfUtils.java:logGet(43)) - raft.server.storage.dir = [/workdir/hadoop-ozone/integration-test/target/test-dir/MiniOzoneClusterImpl-fdc3d401-fab1-4968-a84f-12bf762e2bbf/datanode-6/data/ratis] (custom)
2019-09-26 16:53:55,507 [pool-87-thread-1] INFO  storage.RaftStorageDirectory (RaftStorageDirectory.java:analyzeStorage(246)) - The storage directory /workdir/hadoop-ozone/integration-test/target/test-dir/MiniOzoneClusterImpl-fdc3d401-fab1-4968-a84f-12bf762e2bbf/datanode-6/data/ratis/4d90aeee-8f17-435b-a754-5d6bff16ffc8 does not exist. Creating ...
2019-09-26 16:53:55,508 [deac9605-e739-4d95-8360-f57df793faca@group-AA8E4C17C72A:LeaderElection24] INFO  impl.RoleInfo (RoleInfo.java:updateAndGet(143)) - deac9605-e739-4d95-8360-f57df793faca: start LeaderState
2019-09-26 16:53:55,509 [deac9605-e739-4d95-8360-f57df793faca@group-AA8E4C17C72A:LeaderElection24] INFO  segmented.SegmentedRaftLogWorker (SegmentedRaftLogWorker.java:startLogSegment(380)) - deac9605-e739-4d95-8360-f57df793faca@group-AA8E4C17C72A-SegmentedRaftLogWorker: Starting segment from index:0
2019-09-26 16:53:55,509 [deac9605-e739-4d95-8360-f57df793faca@group-AA8E4C17C72A:LeaderElection24] INFO  impl.RaftServerImpl (ServerState.java:setRaftConf(354)) - deac9605-e739-4d95-8360-f57df793faca@group-AA8E4C17C72A: set configuration 0: [deac9605-e739-4d95-8360-f57df793faca:192.168.151.99:46601], old=null at 0
2019-09-26 16:53:55,554 [Thread-319] INFO  impl.FollowerState (FollowerState.java:run(106)) - 4a469c34-60df-4173-8d32-715e2ce97f5d:group-C751CFBC7C7E changes to CANDIDATE, lastRpcTime:5063, electionTimeout:5061ms
2019-09-26 16:53:55,554 [pool-87-thread-1] INFO  storage.RaftStorageDirectory (RaftStorageDirectory.java:tryLock(328)) - Lock on /workdir/hadoop-ozone/integration-test/target/test-dir/MiniOzoneClusterImpl-fdc3d401-fab1-4968-a84f-12bf762e2bbf/datanode-6/data/ratis/4d90aeee-8f17-435b-a754-5d6bff16ffc8/in_use.lock acquired by nodename 15096@pr-hdds-1569-g6sp5-2013761785
2019-09-26 16:53:55,554 [Thread-319] INFO  impl.RoleInfo (RoleInfo.java:shutdownFollowerState(121)) - 4a469c34-60df-4173-8d32-715e2ce97f5d: shutdown FollowerState
2019-09-26 16:53:55,555 [Thread-319] INFO  impl.RaftServerImpl (RaftServerImpl.java:setRole(174)) - 4a469c34-60df-4173-8d32-715e2ce97f5d@group-C751CFBC7C7E: changes role from  FOLLOWER to CANDIDATE at term 0 for changeToCandidate
2019-09-26 16:53:55,555 [Thread-319] INFO  impl.RoleInfo (RoleInfo.java:updateAndGet(143)) - 4a469c34-60df-4173-8d32-715e2ce97f5d: start LeaderElection
2019-09-26 16:53:55,568 [deac9605-e739-4d95-8360-f57df793faca@group-AA8E4C17C72A-SegmentedRaftLogWorker] INFO  segmented.SegmentedRaftLogWorker (SegmentedRaftLogWorker.java:execute(569)) - deac9605-e739-4d95-8360-f57df793faca@group-AA8E4C17C72A-SegmentedRaftLogWorker: created new log segment /workdir/hadoop-ozone/integration-test/target/test-dir/MiniOzoneClusterImpl-fdc3d401-fab1-4968-a84f-12bf762e2bbf/datanode-0/data/ratis/1df598c7-d297-4c75-af5b-aa8e4c17c72a/current/log_inprogress_0
2019-09-26 16:53:55,568 [4a469c34-60df-4173-8d32-715e2ce97f5d@group-C751CFBC7C7E:LeaderElection25] INFO  impl.LeaderElection (LeaderElection.java:askForVotes(182)) - 4a469c34-60df-4173-8d32-715e2ce97f5d@group-C751CFBC7C7E:LeaderElection25: begin an election at term 1 for -1: [4a469c34-60df-4173-8d32-715e2ce97f5d:192.168.151.99:42442], old=null
2019-09-26 16:53:55,568 [pool-87-thread-1] INFO  storage.RaftStorage (RaftStorage.java:format(72)) - Storage directory /workdir/hadoop-ozone/integration-test/target/test-dir/MiniOzoneClusterImpl-fdc3d401-fab1-4968-a84f-12bf762e2bbf/datanode-6/data/ratis/4d90aeee-8f17-435b-a754-5d6bff16ffc8 has been successfully formatted.
2019-09-26 16:53:55,569 [4a469c34-60df-4173-8d32-715e2ce97f5d@group-C751CFBC7C7E:LeaderElection25] INFO  impl.RoleInfo (RoleInfo.java:shutdownLeaderElection(134)) - 4a469c34-60df-4173-8d32-715e2ce97f5d: shutdown LeaderElection
2019-09-26 16:53:55,569 [4a469c34-60df-4173-8d32-715e2ce97f5d@group-C751CFBC7C7E:LeaderElection25] INFO  impl.RaftServerImpl (RaftServerImpl.java:setRole(174)) - 4a469c34-60df-4173-8d32-715e2ce97f5d@group-C751CFBC7C7E: changes role from CANDIDATE to LEADER at term 1 for changeToLeader
2019-09-26 16:53:55,569 [pool-87-thread-1] INFO  ratis.ContainerStateMachine (ContainerStateMachine.java:loadSnapshot(230)) - group-5D6BFF16FFC8: The snapshot info is null. Setting the last applied indexto:(t:0, i:~)
2019-09-26 16:53:55,569 [4a469c34-60df-4173-8d32-715e2ce97f5d@group-C751CFBC7C7E:LeaderElection25] INFO  impl.RaftServerImpl (ServerState.java:setLeader(253)) - 4a469c34-60df-4173-8d32-715e2ce97f5d@group-C751CFBC7C7E: change Leader from null to 4a469c34-60df-4173-8d32-715e2ce97f5d at term 1 for becomeLeader, leader elected after 5084ms
2019-09-26 16:53:55,569 [pool-87-thread-1] INFO  server.RaftServerConfigKeys (ConfUtils.java:logGet(43)) - raft.server.notification.no-leader.timeout = 120s (custom)
2019-09-26 16:53:55,569 [4a469c34-60df-4173-8d32-715e2ce97f5d@group-C751CFBC7C7E:LeaderElection25] INFO  server.RaftServerConfigKeys (ConfUtils.java:logGet(43)) - raft.server.staging.catchup.gap = 1000 (default)
2019-09-26 16:53:55,569 [pool-87-thread-1] INFO  server.RaftServerConfigKeys (ConfUtils.java:logGet(43)) - raft.server.log.use.memory = false (default)
2019-09-26 16:53:55,570 [4a469c34-60df-4173-8d32-715e2ce97f5d@group-C751CFBC7C7E:LeaderElection25] INFO  server.RaftServerConfigKeys (ConfUtils.java:logGet(43)) - raft.server.rpc.sleep.time = 25ms (default)
2019-09-26 16:53:55,570 [pool-87-thread-1] INFO  server.RaftServerConfigKeys (ConfUtils.java:logGet(43)) - raft.server.log.purge.gap = 1000000 (custom)
2019-09-26 16:53:55,570 [4a469c34-60df-4173-8d32-715e2ce97f5d@group-C751CFBC7C7E:LeaderElection25] INFO  server.RaftServerConfigKeys (ConfUtils.java:logGet(43)) - raft.server.write.element-limit = 4096 (default)
2019-09-26 16:53:55,570 [pool-87-thread-1] INFO  server.RaftServerConfigKeys (ConfUtils.java:logGet(43)) - raft.server.log.appender.buffer.byte-limit = 33554432 (custom)
2019-09-26 16:53:55,570 [4a469c34-60df-4173-8d32-715e2ce97f5d@group-C751CFBC7C7E:LeaderElection25] INFO  server.RaftServerConfigKeys (ConfUtils.java:logGet(43)) - raft.server.watch.timeout = 10s (default)
2019-09-26 16:53:55,570 [pool-87-thread-1] INFO  server.RaftServerConfigKeys (ConfUtils.java:logGet(43)) - raft.server.log.segment.size.max = 1048576 (custom)
2019-09-26 16:53:55,571 [4a469c34-60df-4173-8d32-715e2ce97f5d@group-C751CFBC7C7E:LeaderElection25] INFO  server.RaftServerConfigKeys (ConfUtils.java:logGet(43)) - raft.server.watch.timeout.denomination = 1s (default)
2019-09-26 16:53:55,571 [pool-87-thread-1] INFO  server.RaftServerConfigKeys (ConfUtils.java:logGet(43)) - raft.server.log.segment.cache.num.max = 2 (custom)
2019-09-26 16:53:55,571 [4a469c34-60df-4173-8d32-715e2ce97f5d@group-C751CFBC7C7E:LeaderElection25] INFO  server.RaftServerConfigKeys (ConfUtils.java:logGet(43)) - raft.server.watch.element-limit = 65536 (default)
2019-09-26 16:53:55,571 [pool-87-thread-1] INFO  segmented.SegmentedRaftLogWorker (SegmentedRaftLogWorker.java:<init>(172)) - new 4a469c34-60df-4173-8d32-715e2ce97f5d@group-5D6BFF16FFC8-SegmentedRaftLogWorker for RaftStorage:Storage Directory /workdir/hadoop-ozone/integration-test/target/test-dir/MiniOzoneClusterImpl-fdc3d401-fab1-4968-a84f-12bf762e2bbf/datanode-6/data/ratis/4d90aeee-8f17-435b-a754-5d6bff16ffc8
2019-09-26 16:53:55,571 [pool-87-thread-1] INFO  server.RaftServerConfigKeys (ConfUtils.java:logGet(43)) - raft.server.log.queue.byte-limit = 2147483647 (custom)
2019-09-26 16:53:55,572 [pool-87-thread-1] INFO  server.RaftServerConfigKeys (ConfUtils.java:logGet(43)) - raft.server.log.queue.element-limit = 1024 (custom)
2019-09-26 16:53:55,572 [pool-87-thread-1] INFO  server.RaftServerConfigKeys (ConfUtils.java:logGet(43)) - raft.server.log.segment.size.max = 1048576 (custom)
2019-09-26 16:53:55,572 [pool-87-thread-1] INFO  server.RaftServerConfigKeys (ConfUtils.java:logGet(43)) - raft.server.log.preallocated.size = 16384 (custom)
2019-09-26 16:53:55,572 [pool-87-thread-1] INFO  server.RaftServerConfigKeys (ConfUtils.java:logGet(43)) - raft.server.log.write.buffer.size = 33554432 (custom)
2019-09-26 16:53:55,572 [pool-87-thread-1] INFO  server.RaftServerConfigKeys (ConfUtils.java:logGet(43)) - raft.server.log.force.sync.num = 128 (default)
2019-09-26 16:53:55,572 [pool-87-thread-1] INFO  server.RaftServerConfigKeys (ConfUtils.java:logGet(43)) - raft.server.log.statemachine.data.sync = true (default)
2019-09-26 16:53:55,573 [pool-87-thread-1] INFO  server.RaftServerConfigKeys (ConfUtils.java:logGet(43)) - raft.server.log.statemachine.data.sync.timeout = 10s (default)
2019-09-26 16:53:55,573 [pool-87-thread-1] INFO  server.RaftServerConfigKeys (ConfUtils.java:logGet(43)) - raft.server.log.statemachine.data.sync.timeout.retry = -1 (default)
2019-09-26 16:53:55,573 [pool-87-thread-1] INFO  server.RaftServerConfigKeys (ConfUtils.java:logGet(43)) - raft.server.log.statemachine.data.caching.enabled = true (custom)
2019-09-26 16:53:55,573 [pool-87-thread-1] INFO  segmented.SegmentedRaftLogWorker (SegmentedRaftLogWorker.java:lambda$new$0(132)) - 4a469c34-60df-4173-8d32-715e2ce97f5d@group-5D6BFF16FFC8-SegmentedRaftLogWorker: flushIndex: setUnconditionally 0 -> -1
2019-09-26 16:53:55,573 [4a469c34-60df-4173-8d32-715e2ce97f5d@group-C751CFBC7C7E:LeaderElection25] INFO  impl.RoleInfo (RoleInfo.java:updateAndGet(143)) - 4a469c34-60df-4173-8d32-715e2ce97f5d: start LeaderState
2019-09-26 16:53:55,574 [pool-87-thread-1] INFO  server.RaftServerConfigKeys (ConfUtils.java:logGet(43)) - raft.server.snapshot.auto.trigger.enabled = true (custom)
2019-09-26 16:53:55,574 [4a469c34-60df-4173-8d32-715e2ce97f5d@group-C751CFBC7C7E:LeaderElection25] INFO  segmented.SegmentedRaftLogWorker (SegmentedRaftLogWorker.java:startLogSegment(380)) - 4a469c34-60df-4173-8d32-715e2ce97f5d@group-C751CFBC7C7E-SegmentedRaftLogWorker: Starting segment from index:0
2019-09-26 16:53:55,574 [pool-87-thread-1] INFO  server.RaftServerConfigKeys (ConfUtils.java:logGet(43)) - raft.server.snapshot.auto.trigger.threshold = 10000 (custom)
2019-09-26 16:53:55,574 [pool-87-thread-1] INFO  server.RaftServerConfigKeys (ConfUtils.java:logGet(43)) - raft.server.snapshot.retention.num.files = 5 (custom)
2019-09-26 16:53:55,574 [pool-87-thread-1] INFO  server.RaftServerConfigKeys (ConfUtils.java:logGet(43)) - raft.server.retrycache.expirytime = 600000ms (custom)
2019-09-26 16:53:55,574 [4a469c34-60df-4173-8d32-715e2ce97f5d@group-C751CFBC7C7E:LeaderElection25] INFO  impl.RaftServerImpl (ServerState.java:setRaftConf(354)) - 4a469c34-60df-4173-8d32-715e2ce97f5d@group-C751CFBC7C7E: set configuration 0: [4a469c34-60df-4173-8d32-715e2ce97f5d:192.168.151.99:42442], old=null at 0
2019-09-26 16:53:55,617 [Thread-322] INFO  impl.FollowerState (FollowerState.java:run(106)) - 862ec94c-cd2d-47b3-b563-7d6c2816cb58:group-FE11CDDFB264 changes to CANDIDATE, lastRpcTime:5076, electionTimeout:5040ms
2019-09-26 16:53:55,618 [Thread-322] INFO  impl.RoleInfo (RoleInfo.java:shutdownFollowerState(121)) - 862ec94c-cd2d-47b3-b563-7d6c2816cb58: shutdown FollowerState
2019-09-26 16:53:55,618 [Thread-322] INFO  impl.RaftServerImpl (RaftServerImpl.java:setRole(174)) - 862ec94c-cd2d-47b3-b563-7d6c2816cb58@group-FE11CDDFB264: changes role from  FOLLOWER to CANDIDATE at term 0 for changeToCandidate
2019-09-26 16:53:55,618 [Thread-322] INFO  impl.RoleInfo (RoleInfo.java:updateAndGet(143)) - 862ec94c-cd2d-47b3-b563-7d6c2816cb58: start LeaderElection
2019-09-26 16:53:55,622 [pool-87-thread-1] INFO  impl.RaftServerImpl (RaftServerImpl.java:start(185)) - 4a469c34-60df-4173-8d32-715e2ce97f5d@group-5D6BFF16FFC8: start as a follower, conf=-1: [4a469c34-60df-4173-8d32-715e2ce97f5d:192.168.151.99:42442], old=null
2019-09-26 16:53:55,622 [pool-87-thread-1] INFO  impl.RaftServerImpl (RaftServerImpl.java:setRole(174)) - 4a469c34-60df-4173-8d32-715e2ce97f5d@group-5D6BFF16FFC8: changes role from      null to FOLLOWER at term 0 for startAsFollower
2019-09-26 16:53:55,622 [pool-87-thread-1] INFO  impl.RoleInfo (RoleInfo.java:updateAndGet(143)) - 4a469c34-60df-4173-8d32-715e2ce97f5d: start FollowerState
2019-09-26 16:53:55,623 [pool-87-thread-1] INFO  util.JmxRegister (JmxRegister.java:tryRegister(44)) - Successfully registered JMX Bean with object name Ratis:service=RaftServer,group=group-5D6BFF16FFC8,id=4a469c34-60df-4173-8d32-715e2ce97f5d
2019-09-26 16:53:55,625 [Thread-316] INFO  impl.FollowerState (FollowerState.java:run(106)) - 862ec94c-cd2d-47b3-b563-7d6c2816cb58:group-09769096D646 changes to CANDIDATE, lastRpcTime:5188, electionTimeout:5188ms
2019-09-26 16:53:55,625 [Thread-316] INFO  impl.RoleInfo (RoleInfo.java:shutdownFollowerState(121)) - 862ec94c-cd2d-47b3-b563-7d6c2816cb58: shutdown FollowerState
2019-09-26 16:53:55,625 [Thread-316] INFO  impl.RaftServerImpl (RaftServerImpl.java:setRole(174)) - 862ec94c-cd2d-47b3-b563-7d6c2816cb58@group-09769096D646: changes role from  FOLLOWER to CANDIDATE at term 0 for changeToCandidate
2019-09-26 16:53:55,626 [Thread-316] INFO  impl.RoleInfo (RoleInfo.java:updateAndGet(143)) - 862ec94c-cd2d-47b3-b563-7d6c2816cb58: start LeaderElection
2019-09-26 16:53:55,626 [RatisPipelineUtilsThread] INFO  pipeline.PipelineStateManager (PipelineStateManager.java:addPipeline(56)) - Created pipeline Pipeline[ Id: 4d90aeee-8f17-435b-a754-5d6bff16ffc8, Nodes: 4a469c34-60df-4173-8d32-715e2ce97f5d{ip: 192.168.151.99, host: pr-hdds-1569-g6sp5-2013761785, networkLocation: /default-rack, certSerialId: null}, Type:RATIS, Factor:ONE, State:OPEN]
2019-09-26 16:53:55,630 [4a469c34-60df-4173-8d32-715e2ce97f5d@group-C751CFBC7C7E-SegmentedRaftLogWorker] INFO  segmented.SegmentedRaftLogWorker (SegmentedRaftLogWorker.java:execute(569)) - 4a469c34-60df-4173-8d32-715e2ce97f5d@group-C751CFBC7C7E-SegmentedRaftLogWorker: created new log segment /workdir/hadoop-ozone/integration-test/target/test-dir/MiniOzoneClusterImpl-fdc3d401-fab1-4968-a84f-12bf762e2bbf/datanode-6/data/ratis/afd61fa1-0a78-423a-b6b1-c751cfbc7c7e/current/log_inprogress_0
2019-09-26 16:53:55,630 [862ec94c-cd2d-47b3-b563-7d6c2816cb58@group-FE11CDDFB264:LeaderElection26] INFO  impl.LeaderElection (LeaderElection.java:askForVotes(182)) - 862ec94c-cd2d-47b3-b563-7d6c2816cb58@group-FE11CDDFB264:LeaderElection26: begin an election at term 1 for -1: [862ec94c-cd2d-47b3-b563-7d6c2816cb58:192.168.151.99:36916], old=null
2019-09-26 16:53:55,631 [862ec94c-cd2d-47b3-b563-7d6c2816cb58@group-FE11CDDFB264:LeaderElection26] INFO  impl.RoleInfo (RoleInfo.java:shutdownLeaderElection(134)) - 862ec94c-cd2d-47b3-b563-7d6c2816cb58: shutdown LeaderElection
2019-09-26 16:53:55,631 [862ec94c-cd2d-47b3-b563-7d6c2816cb58@group-FE11CDDFB264:LeaderElection26] INFO  impl.RaftServerImpl (RaftServerImpl.java:setRole(174)) - 862ec94c-cd2d-47b3-b563-7d6c2816cb58@group-FE11CDDFB264: changes role from CANDIDATE to LEADER at term 1 for changeToLeader
2019-09-26 16:53:55,631 [862ec94c-cd2d-47b3-b563-7d6c2816cb58@group-FE11CDDFB264:LeaderElection26] INFO  impl.RaftServerImpl (ServerState.java:setLeader(253)) - 862ec94c-cd2d-47b3-b563-7d6c2816cb58@group-FE11CDDFB264: change Leader from null to 862ec94c-cd2d-47b3-b563-7d6c2816cb58 at term 1 for becomeLeader, leader elected after 5098ms
2019-09-26 16:53:55,631 [862ec94c-cd2d-47b3-b563-7d6c2816cb58@group-FE11CDDFB264:LeaderElection26] INFO  server.RaftServerConfigKeys (ConfUtils.java:logGet(43)) - raft.server.staging.catchup.gap = 1000 (default)
2019-09-26 16:53:55,631 [862ec94c-cd2d-47b3-b563-7d6c2816cb58@group-FE11CDDFB264:LeaderElection26] INFO  server.RaftServerConfigKeys (ConfUtils.java:logGet(43)) - raft.server.rpc.sleep.time = 25ms (default)
2019-09-26 16:53:55,631 [862ec94c-cd2d-47b3-b563-7d6c2816cb58@group-FE11CDDFB264:LeaderElection26] INFO  server.RaftServerConfigKeys (ConfUtils.java:logGet(43)) - raft.server.write.element-limit = 4096 (default)
2019-09-26 16:53:55,632 [862ec94c-cd2d-47b3-b563-7d6c2816cb58@group-FE11CDDFB264:LeaderElection26] INFO  server.RaftServerConfigKeys (ConfUtils.java:logGet(43)) - raft.server.watch.timeout = 10s (default)
2019-09-26 16:53:55,632 [862ec94c-cd2d-47b3-b563-7d6c2816cb58@group-FE11CDDFB264:LeaderElection26] INFO  server.RaftServerConfigKeys (ConfUtils.java:logGet(43)) - raft.server.watch.timeout.denomination = 1s (default)
2019-09-26 16:53:55,632 [862ec94c-cd2d-47b3-b563-7d6c2816cb58@group-FE11CDDFB264:LeaderElection26] INFO  server.RaftServerConfigKeys (ConfUtils.java:logGet(43)) - raft.server.watch.element-limit = 65536 (default)
2019-09-26 16:53:55,633 [862ec94c-cd2d-47b3-b563-7d6c2816cb58@group-09769096D646:LeaderElection27] INFO  impl.LeaderElection (LeaderElection.java:askForVotes(182)) - 862ec94c-cd2d-47b3-b563-7d6c2816cb58@group-09769096D646:LeaderElection27: begin an election at term 1 for -1: [862ec94c-cd2d-47b3-b563-7d6c2816cb58:192.168.151.99:36916], old=null
2019-09-26 16:53:55,633 [862ec94c-cd2d-47b3-b563-7d6c2816cb58@group-09769096D646:LeaderElection27] INFO  impl.RoleInfo (RoleInfo.java:shutdownLeaderElection(134)) - 862ec94c-cd2d-47b3-b563-7d6c2816cb58: shutdown LeaderElection
2019-09-26 16:53:55,633 [862ec94c-cd2d-47b3-b563-7d6c2816cb58@group-09769096D646:LeaderElection27] INFO  impl.RaftServerImpl (RaftServerImpl.java:setRole(174)) - 862ec94c-cd2d-47b3-b563-7d6c2816cb58@group-09769096D646: changes role from CANDIDATE to LEADER at term 1 for changeToLeader
2019-09-26 16:53:55,633 [862ec94c-cd2d-47b3-b563-7d6c2816cb58@group-09769096D646:LeaderElection27] INFO  impl.RaftServerImpl (ServerState.java:setLeader(253)) - 862ec94c-cd2d-47b3-b563-7d6c2816cb58@group-09769096D646: change Leader from null to 862ec94c-cd2d-47b3-b563-7d6c2816cb58 at term 1 for becomeLeader, leader elected after 5203ms
2019-09-26 16:53:55,633 [862ec94c-cd2d-47b3-b563-7d6c2816cb58@group-09769096D646:LeaderElection27] INFO  server.RaftServerConfigKeys (ConfUtils.java:logGet(43)) - raft.server.staging.catchup.gap = 1000 (default)
2019-09-26 16:53:55,633 [862ec94c-cd2d-47b3-b563-7d6c2816cb58@group-09769096D646:LeaderElection27] INFO  server.RaftServerConfigKeys (ConfUtils.java:logGet(43)) - raft.server.rpc.sleep.time = 25ms (default)
2019-09-26 16:53:55,633 [862ec94c-cd2d-47b3-b563-7d6c2816cb58@group-09769096D646:LeaderElection27] INFO  server.RaftServerConfigKeys (ConfUtils.java:logGet(43)) - raft.server.write.element-limit = 4096 (default)
2019-09-26 16:53:55,634 [862ec94c-cd2d-47b3-b563-7d6c2816cb58@group-09769096D646:LeaderElection27] INFO  server.RaftServerConfigKeys (ConfUtils.java:logGet(43)) - raft.server.watch.timeout = 10s (default)
2019-09-26 16:53:55,634 [862ec94c-cd2d-47b3-b563-7d6c2816cb58@group-09769096D646:LeaderElection27] INFO  server.RaftServerConfigKeys (ConfUtils.java:logGet(43)) - raft.server.watch.timeout.denomination = 1s (default)
2019-09-26 16:53:55,634 [862ec94c-cd2d-47b3-b563-7d6c2816cb58@group-09769096D646:LeaderElection27] INFO  server.RaftServerConfigKeys (ConfUtils.java:logGet(43)) - raft.server.watch.element-limit = 65536 (default)
2019-09-26 16:53:55,634 [862ec94c-cd2d-47b3-b563-7d6c2816cb58@group-FE11CDDFB264:LeaderElection26] INFO  impl.RoleInfo (RoleInfo.java:updateAndGet(143)) - 862ec94c-cd2d-47b3-b563-7d6c2816cb58: start LeaderState
2019-09-26 16:53:55,635 [862ec94c-cd2d-47b3-b563-7d6c2816cb58@group-FE11CDDFB264:LeaderElection26] INFO  segmented.SegmentedRaftLogWorker (SegmentedRaftLogWorker.java:startLogSegment(380)) - 862ec94c-cd2d-47b3-b563-7d6c2816cb58@group-FE11CDDFB264-SegmentedRaftLogWorker: Starting segment from index:0
2019-09-26 16:53:55,635 [grpc-default-executor-1] INFO  impl.RaftServerProxy (RaftServerProxy.java:addNew(89)) - 5160ea40-cc48-41a9-a1d1-1151a36e77d8: addNew group-CAAA41AA227D:[5160ea40-cc48-41a9-a1d1-1151a36e77d8:192.168.151.99:45356] returns group-CAAA41AA227D:java.util.concurrent.CompletableFuture@36307c12[Not completed]
2019-09-26 16:53:55,635 [862ec94c-cd2d-47b3-b563-7d6c2816cb58@group-FE11CDDFB264:LeaderElection26] INFO  impl.RaftServerImpl (ServerState.java:setRaftConf(354)) - 862ec94c-cd2d-47b3-b563-7d6c2816cb58@group-FE11CDDFB264: set configuration 0: [862ec94c-cd2d-47b3-b563-7d6c2816cb58:192.168.151.99:36916], old=null at 0
2019-09-26 16:53:55,674 [862ec94c-cd2d-47b3-b563-7d6c2816cb58@group-09769096D646:LeaderElection27] INFO  impl.RoleInfo (RoleInfo.java:updateAndGet(143)) - 862ec94c-cd2d-47b3-b563-7d6c2816cb58: start LeaderState
2019-09-26 16:53:55,674 [pool-57-thread-1] INFO  impl.RaftServerImpl (RaftServerImpl.java:<init>(95)) - 5160ea40-cc48-41a9-a1d1-1151a36e77d8: new RaftServerImpl for group-CAAA41AA227D:[5160ea40-cc48-41a9-a1d1-1151a36e77d8:192.168.151.99:45356] with ContainerStateMachine:uninitialized
2019-09-26 16:53:55,674 [862ec94c-cd2d-47b3-b563-7d6c2816cb58@group-09769096D646:LeaderElection27] INFO  segmented.SegmentedRaftLogWorker (SegmentedRaftLogWorker.java:startLogSegment(380)) - 862ec94c-cd2d-47b3-b563-7d6c2816cb58@group-09769096D646-SegmentedRaftLogWorker: Starting segment from index:0
2019-09-26 16:53:55,674 [pool-57-thread-1] INFO  server.RaftServerConfigKeys (ConfUtils.java:logGet(43)) - raft.server.rpc.timeout.min = 5s (custom)
2019-09-26 16:53:55,675 [pool-57-thread-1] INFO  server.RaftServerConfigKeys (ConfUtils.java:logGet(43)) - raft.server.rpc.timeout.max = 5200ms (custom)
2019-09-26 16:53:55,675 [pool-57-thread-1] INFO  server.RaftServerConfigKeys (ConfUtils.java:logGet(43)) - raft.server.rpcslowness.timeout = 120s (custom)
2019-09-26 16:53:55,675 [862ec94c-cd2d-47b3-b563-7d6c2816cb58@group-09769096D646:LeaderElection27] INFO  impl.RaftServerImpl (ServerState.java:setRaftConf(354)) - 862ec94c-cd2d-47b3-b563-7d6c2816cb58@group-09769096D646: set configuration 0: [862ec94c-cd2d-47b3-b563-7d6c2816cb58:192.168.151.99:36916], old=null at 0
2019-09-26 16:53:55,675 [pool-57-thread-1] INFO  server.RaftServerConfigKeys (ConfUtils.java:logGet(43)) - raft.server.sleep.deviation.threshold = 300 (default)
2019-09-26 16:53:55,714 [862ec94c-cd2d-47b3-b563-7d6c2816cb58@group-FE11CDDFB264-SegmentedRaftLogWorker] INFO  segmented.SegmentedRaftLogWorker (SegmentedRaftLogWorker.java:execute(569)) - 862ec94c-cd2d-47b3-b563-7d6c2816cb58@group-FE11CDDFB264-SegmentedRaftLogWorker: created new log segment /workdir/hadoop-ozone/integration-test/target/test-dir/MiniOzoneClusterImpl-fdc3d401-fab1-4968-a84f-12bf762e2bbf/datanode-4/data/ratis/4f2c692d-5cff-4686-b15f-fe11cddfb264/current/log_inprogress_0
2019-09-26 16:53:55,714 [pool-57-thread-1] INFO  server.RaftServerConfigKeys (ConfUtils.java:logGet(43)) - raft.server.log.appender.install.snapshot.enabled = false (custom)
2019-09-26 16:53:55,714 [pool-57-thread-1] INFO  impl.RaftServerImpl (ServerState.java:<init>(103)) - 5160ea40-cc48-41a9-a1d1-1151a36e77d8@group-CAAA41AA227D: ConfigurationManager, init=-1: [5160ea40-cc48-41a9-a1d1-1151a36e77d8:192.168.151.99:45356], old=null, confs=<EMPTY_MAP>
2019-09-26 16:53:55,715 [pool-57-thread-1] INFO  server.RaftServerConfigKeys (ConfUtils.java:logGet(43)) - raft.server.storage.dir = [/workdir/hadoop-ozone/integration-test/target/test-dir/MiniOzoneClusterImpl-fdc3d401-fab1-4968-a84f-12bf762e2bbf/datanode-3/data/ratis] (custom)
2019-09-26 16:53:55,715 [pool-57-thread-1] INFO  storage.RaftStorageDirectory (RaftStorageDirectory.java:analyzeStorage(246)) - The storage directory /workdir/hadoop-ozone/integration-test/target/test-dir/MiniOzoneClusterImpl-fdc3d401-fab1-4968-a84f-12bf762e2bbf/datanode-3/data/ratis/8314df68-f7ad-47bf-baff-caaa41aa227d does not exist. Creating ...
2019-09-26 16:53:55,727 [pool-57-thread-1] INFO  storage.RaftStorageDirectory (RaftStorageDirectory.java:tryLock(328)) - Lock on /workdir/hadoop-ozone/integration-test/target/test-dir/MiniOzoneClusterImpl-fdc3d401-fab1-4968-a84f-12bf762e2bbf/datanode-3/data/ratis/8314df68-f7ad-47bf-baff-caaa41aa227d/in_use.lock acquired by nodename 15096@pr-hdds-1569-g6sp5-2013761785
2019-09-26 16:53:55,727 [862ec94c-cd2d-47b3-b563-7d6c2816cb58@group-09769096D646-SegmentedRaftLogWorker] INFO  segmented.SegmentedRaftLogWorker (SegmentedRaftLogWorker.java:execute(569)) - 862ec94c-cd2d-47b3-b563-7d6c2816cb58@group-09769096D646-SegmentedRaftLogWorker: created new log segment /workdir/hadoop-ozone/integration-test/target/test-dir/MiniOzoneClusterImpl-fdc3d401-fab1-4968-a84f-12bf762e2bbf/datanode-4/data/ratis/d4d63bde-443c-4802-9ce1-09769096d646/current/log_inprogress_0
2019-09-26 16:53:55,741 [pool-57-thread-1] INFO  storage.RaftStorage (RaftStorage.java:format(72)) - Storage directory /workdir/hadoop-ozone/integration-test/target/test-dir/MiniOzoneClusterImpl-fdc3d401-fab1-4968-a84f-12bf762e2bbf/datanode-3/data/ratis/8314df68-f7ad-47bf-baff-caaa41aa227d has been successfully formatted.
2019-09-26 16:53:55,741 [pool-57-thread-1] INFO  ratis.ContainerStateMachine (ContainerStateMachine.java:loadSnapshot(230)) - group-CAAA41AA227D: The snapshot info is null. Setting the last applied indexto:(t:0, i:~)
2019-09-26 16:53:55,741 [pool-57-thread-1] INFO  server.RaftServerConfigKeys (ConfUtils.java:logGet(43)) - raft.server.notification.no-leader.timeout = 120s (custom)
2019-09-26 16:53:55,741 [pool-57-thread-1] INFO  server.RaftServerConfigKeys (ConfUtils.java:logGet(43)) - raft.server.log.use.memory = false (default)
2019-09-26 16:53:55,741 [pool-57-thread-1] INFO  server.RaftServerConfigKeys (ConfUtils.java:logGet(43)) - raft.server.log.purge.gap = 1000000 (custom)
2019-09-26 16:53:55,742 [pool-57-thread-1] INFO  server.RaftServerConfigKeys (ConfUtils.java:logGet(43)) - raft.server.log.appender.buffer.byte-limit = 33554432 (custom)
2019-09-26 16:53:55,742 [pool-57-thread-1] INFO  server.RaftServerConfigKeys (ConfUtils.java:logGet(43)) - raft.server.log.segment.size.max = 1048576 (custom)
2019-09-26 16:53:55,742 [pool-57-thread-1] INFO  server.RaftServerConfigKeys (ConfUtils.java:logGet(43)) - raft.server.log.segment.cache.num.max = 2 (custom)
2019-09-26 16:53:55,742 [pool-57-thread-1] INFO  segmented.SegmentedRaftLogWorker (SegmentedRaftLogWorker.java:<init>(172)) - new 5160ea40-cc48-41a9-a1d1-1151a36e77d8@group-CAAA41AA227D-SegmentedRaftLogWorker for RaftStorage:Storage Directory /workdir/hadoop-ozone/integration-test/target/test-dir/MiniOzoneClusterImpl-fdc3d401-fab1-4968-a84f-12bf762e2bbf/datanode-3/data/ratis/8314df68-f7ad-47bf-baff-caaa41aa227d
2019-09-26 16:53:55,742 [pool-57-thread-1] INFO  server.RaftServerConfigKeys (ConfUtils.java:logGet(43)) - raft.server.log.queue.byte-limit = 2147483647 (custom)
2019-09-26 16:53:55,742 [pool-57-thread-1] INFO  server.RaftServerConfigKeys (ConfUtils.java:logGet(43)) - raft.server.log.queue.element-limit = 1024 (custom)
2019-09-26 16:53:55,743 [pool-57-thread-1] INFO  server.RaftServerConfigKeys (ConfUtils.java:logGet(43)) - raft.server.log.segment.size.max = 1048576 (custom)
2019-09-26 16:53:55,743 [pool-57-thread-1] INFO  server.RaftServerConfigKeys (ConfUtils.java:logGet(43)) - raft.server.log.preallocated.size = 16384 (custom)
2019-09-26 16:53:55,743 [pool-57-thread-1] INFO  server.RaftServerConfigKeys (ConfUtils.java:logGet(43)) - raft.server.log.write.buffer.size = 33554432 (custom)
2019-09-26 16:53:55,743 [pool-57-thread-1] INFO  server.RaftServerConfigKeys (ConfUtils.java:logGet(43)) - raft.server.log.force.sync.num = 128 (default)
2019-09-26 16:53:55,743 [pool-57-thread-1] INFO  server.RaftServerConfigKeys (ConfUtils.java:logGet(43)) - raft.server.log.statemachine.data.sync = true (default)
2019-09-26 16:53:55,743 [pool-57-thread-1] INFO  server.RaftServerConfigKeys (ConfUtils.java:logGet(43)) - raft.server.log.statemachine.data.sync.timeout = 10s (default)
2019-09-26 16:53:55,743 [pool-57-thread-1] INFO  server.RaftServerConfigKeys (ConfUtils.java:logGet(43)) - raft.server.log.statemachine.data.sync.timeout.retry = -1 (default)
2019-09-26 16:53:55,744 [pool-57-thread-1] INFO  server.RaftServerConfigKeys (ConfUtils.java:logGet(43)) - raft.server.log.statemachine.data.caching.enabled = true (custom)
2019-09-26 16:53:55,744 [pool-57-thread-1] INFO  segmented.SegmentedRaftLogWorker (SegmentedRaftLogWorker.java:lambda$new$0(132)) - 5160ea40-cc48-41a9-a1d1-1151a36e77d8@group-CAAA41AA227D-SegmentedRaftLogWorker: flushIndex: setUnconditionally 0 -> -1
2019-09-26 16:53:55,744 [pool-57-thread-1] INFO  server.RaftServerConfigKeys (ConfUtils.java:logGet(43)) - raft.server.snapshot.auto.trigger.enabled = true (custom)
2019-09-26 16:53:55,744 [pool-57-thread-1] INFO  server.RaftServerConfigKeys (ConfUtils.java:logGet(43)) - raft.server.snapshot.auto.trigger.threshold = 10000 (custom)
2019-09-26 16:53:55,744 [pool-57-thread-1] INFO  server.RaftServerConfigKeys (ConfUtils.java:logGet(43)) - raft.server.snapshot.retention.num.files = 5 (custom)
2019-09-26 16:53:55,745 [pool-57-thread-1] INFO  server.RaftServerConfigKeys (ConfUtils.java:logGet(43)) - raft.server.retrycache.expirytime = 600000ms (custom)
2019-09-26 16:53:55,747 [pool-57-thread-1] INFO  impl.RaftServerImpl (RaftServerImpl.java:start(185)) - 5160ea40-cc48-41a9-a1d1-1151a36e77d8@group-CAAA41AA227D: start as a follower, conf=-1: [5160ea40-cc48-41a9-a1d1-1151a36e77d8:192.168.151.99:45356], old=null
2019-09-26 16:53:55,747 [pool-57-thread-1] INFO  impl.RaftServerImpl (RaftServerImpl.java:setRole(174)) - 5160ea40-cc48-41a9-a1d1-1151a36e77d8@group-CAAA41AA227D: changes role from      null to FOLLOWER at term 0 for startAsFollower
2019-09-26 16:53:55,747 [pool-57-thread-1] INFO  impl.RoleInfo (RoleInfo.java:updateAndGet(143)) - 5160ea40-cc48-41a9-a1d1-1151a36e77d8: start FollowerState
2019-09-26 16:53:55,747 [pool-57-thread-1] INFO  util.JmxRegister (JmxRegister.java:tryRegister(44)) - Successfully registered JMX Bean with object name Ratis:service=RaftServer,group=group-CAAA41AA227D,id=5160ea40-cc48-41a9-a1d1-1151a36e77d8
2019-09-26 16:53:55,751 [RatisPipelineUtilsThread] INFO  pipeline.PipelineStateManager (PipelineStateManager.java:addPipeline(56)) - Created pipeline Pipeline[ Id: 8314df68-f7ad-47bf-baff-caaa41aa227d, Nodes: 5160ea40-cc48-41a9-a1d1-1151a36e77d8{ip: 192.168.151.99, host: pr-hdds-1569-g6sp5-2013761785, networkLocation: /default-rack, certSerialId: null}, Type:RATIS, Factor:ONE, State:OPEN]
2019-09-26 16:53:55,757 [grpc-default-executor-1] INFO  impl.RaftServerProxy (RaftServerProxy.java:addNew(89)) - 862ec94c-cd2d-47b3-b563-7d6c2816cb58: addNew group-17D412075A1C:[862ec94c-cd2d-47b3-b563-7d6c2816cb58:192.168.151.99:36916] returns group-17D412075A1C:java.util.concurrent.CompletableFuture@2a58ea6e[Not completed]
2019-09-26 16:53:55,762 [pool-67-thread-1] INFO  impl.RaftServerImpl (RaftServerImpl.java:<init>(95)) - 862ec94c-cd2d-47b3-b563-7d6c2816cb58: new RaftServerImpl for group-17D412075A1C:[862ec94c-cd2d-47b3-b563-7d6c2816cb58:192.168.151.99:36916] with ContainerStateMachine:uninitialized
2019-09-26 16:53:55,762 [pool-67-thread-1] INFO  server.RaftServerConfigKeys (ConfUtils.java:logGet(43)) - raft.server.rpc.timeout.min = 5s (custom)
2019-09-26 16:53:55,762 [pool-67-thread-1] INFO  server.RaftServerConfigKeys (ConfUtils.java:logGet(43)) - raft.server.rpc.timeout.max = 5200ms (custom)
2019-09-26 16:53:55,763 [pool-67-thread-1] INFO  server.RaftServerConfigKeys (ConfUtils.java:logGet(43)) - raft.server.rpcslowness.timeout = 120s (custom)
2019-09-26 16:53:55,763 [pool-67-thread-1] INFO  server.RaftServerConfigKeys (ConfUtils.java:logGet(43)) - raft.server.sleep.deviation.threshold = 300 (default)
2019-09-26 16:53:55,763 [pool-67-thread-1] INFO  server.RaftServerConfigKeys (ConfUtils.java:logGet(43)) - raft.server.log.appender.install.snapshot.enabled = false (custom)
2019-09-26 16:53:55,763 [pool-67-thread-1] INFO  impl.RaftServerImpl (ServerState.java:<init>(103)) - 862ec94c-cd2d-47b3-b563-7d6c2816cb58@group-17D412075A1C: ConfigurationManager, init=-1: [862ec94c-cd2d-47b3-b563-7d6c2816cb58:192.168.151.99:36916], old=null, confs=<EMPTY_MAP>
2019-09-26 16:53:55,763 [pool-67-thread-1] INFO  server.RaftServerConfigKeys (ConfUtils.java:logGet(43)) - raft.server.storage.dir = [/workdir/hadoop-ozone/integration-test/target/test-dir/MiniOzoneClusterImpl-fdc3d401-fab1-4968-a84f-12bf762e2bbf/datanode-4/data/ratis] (custom)
2019-09-26 16:53:55,763 [pool-67-thread-1] INFO  storage.RaftStorageDirectory (RaftStorageDirectory.java:analyzeStorage(246)) - The storage directory /workdir/hadoop-ozone/integration-test/target/test-dir/MiniOzoneClusterImpl-fdc3d401-fab1-4968-a84f-12bf762e2bbf/datanode-4/data/ratis/03349216-107c-4c8f-90d1-17d412075a1c does not exist. Creating ...
2019-09-26 16:53:55,775 [Thread-328] INFO  impl.FollowerState (FollowerState.java:run(106)) - 5160ea40-cc48-41a9-a1d1-1151a36e77d8:group-FAC92AD1CD2E changes to CANDIDATE, lastRpcTime:5003, electionTimeout:5003ms
2019-09-26 16:53:55,775 [Thread-328] INFO  impl.RoleInfo (RoleInfo.java:shutdownFollowerState(121)) - 5160ea40-cc48-41a9-a1d1-1151a36e77d8: shutdown FollowerState
2019-09-26 16:53:55,776 [Thread-328] INFO  impl.RaftServerImpl (RaftServerImpl.java:setRole(174)) - 5160ea40-cc48-41a9-a1d1-1151a36e77d8@group-FAC92AD1CD2E: changes role from  FOLLOWER to CANDIDATE at term 0 for changeToCandidate
2019-09-26 16:53:55,776 [Thread-328] INFO  impl.RoleInfo (RoleInfo.java:updateAndGet(143)) - 5160ea40-cc48-41a9-a1d1-1151a36e77d8: start LeaderElection
2019-09-26 16:53:55,776 [pool-67-thread-1] INFO  storage.RaftStorageDirectory (RaftStorageDirectory.java:tryLock(328)) - Lock on /workdir/hadoop-ozone/integration-test/target/test-dir/MiniOzoneClusterImpl-fdc3d401-fab1-4968-a84f-12bf762e2bbf/datanode-4/data/ratis/03349216-107c-4c8f-90d1-17d412075a1c/in_use.lock acquired by nodename 15096@pr-hdds-1569-g6sp5-2013761785
2019-09-26 16:53:55,783 [pool-67-thread-1] INFO  storage.RaftStorage (RaftStorage.java:format(72)) - Storage directory /workdir/hadoop-ozone/integration-test/target/test-dir/MiniOzoneClusterImpl-fdc3d401-fab1-4968-a84f-12bf762e2bbf/datanode-4/data/ratis/03349216-107c-4c8f-90d1-17d412075a1c has been successfully formatted.
2019-09-26 16:53:55,783 [5160ea40-cc48-41a9-a1d1-1151a36e77d8@group-FAC92AD1CD2E:LeaderElection28] INFO  impl.LeaderElection (LeaderElection.java:askForVotes(182)) - 5160ea40-cc48-41a9-a1d1-1151a36e77d8@group-FAC92AD1CD2E:LeaderElection28: begin an election at term 1 for -1: [5160ea40-cc48-41a9-a1d1-1151a36e77d8:192.168.151.99:45356], old=null
2019-09-26 16:53:55,783 [pool-67-thread-1] INFO  ratis.ContainerStateMachine (ContainerStateMachine.java:loadSnapshot(230)) - group-17D412075A1C: The snapshot info is null. Setting the last applied indexto:(t:0, i:~)
2019-09-26 16:53:55,783 [5160ea40-cc48-41a9-a1d1-1151a36e77d8@group-FAC92AD1CD2E:LeaderElection28] INFO  impl.RoleInfo (RoleInfo.java:shutdownLeaderElection(134)) - 5160ea40-cc48-41a9-a1d1-1151a36e77d8: shutdown LeaderElection
2019-09-26 16:53:55,783 [pool-67-thread-1] INFO  server.RaftServerConfigKeys (ConfUtils.java:logGet(43)) - raft.server.notification.no-leader.timeout = 120s (custom)
2019-09-26 16:53:55,783 [5160ea40-cc48-41a9-a1d1-1151a36e77d8@group-FAC92AD1CD2E:LeaderElection28] INFO  impl.RaftServerImpl (RaftServerImpl.java:setRole(174)) - 5160ea40-cc48-41a9-a1d1-1151a36e77d8@group-FAC92AD1CD2E: changes role from CANDIDATE to LEADER at term 1 for changeToLeader
2019-09-26 16:53:55,783 [pool-67-thread-1] INFO  server.RaftServerConfigKeys (ConfUtils.java:logGet(43)) - raft.server.log.use.memory = false (default)
2019-09-26 16:53:55,784 [5160ea40-cc48-41a9-a1d1-1151a36e77d8@group-FAC92AD1CD2E:LeaderElection28] INFO  impl.RaftServerImpl (ServerState.java:setLeader(253)) - 5160ea40-cc48-41a9-a1d1-1151a36e77d8@group-FAC92AD1CD2E: change Leader from null to 5160ea40-cc48-41a9-a1d1-1151a36e77d8 at term 1 for becomeLeader, leader elected after 5018ms
2019-09-26 16:53:55,784 [pool-67-thread-1] INFO  server.RaftServerConfigKeys (ConfUtils.java:logGet(43)) - raft.server.log.purge.gap = 1000000 (custom)
2019-09-26 16:53:55,784 [5160ea40-cc48-41a9-a1d1-1151a36e77d8@group-FAC92AD1CD2E:LeaderElection28] INFO  server.RaftServerConfigKeys (ConfUtils.java:logGet(43)) - raft.server.staging.catchup.gap = 1000 (default)
2019-09-26 16:53:55,784 [pool-67-thread-1] INFO  server.RaftServerConfigKeys (ConfUtils.java:logGet(43)) - raft.server.log.appender.buffer.byte-limit = 33554432 (custom)
2019-09-26 16:53:55,784 [5160ea40-cc48-41a9-a1d1-1151a36e77d8@group-FAC92AD1CD2E:LeaderElection28] INFO  server.RaftServerConfigKeys (ConfUtils.java:logGet(43)) - raft.server.rpc.sleep.time = 25ms (default)
2019-09-26 16:53:55,784 [pool-67-thread-1] INFO  server.RaftServerConfigKeys (ConfUtils.java:logGet(43)) - raft.server.log.segment.size.max = 1048576 (custom)
2019-09-26 16:53:55,784 [5160ea40-cc48-41a9-a1d1-1151a36e77d8@group-FAC92AD1CD2E:LeaderElection28] INFO  server.RaftServerConfigKeys (ConfUtils.java:logGet(43)) - raft.server.write.element-limit = 4096 (default)
2019-09-26 16:53:55,784 [pool-67-thread-1] INFO  server.RaftServerConfigKeys (ConfUtils.java:logGet(43)) - raft.server.log.segment.cache.num.max = 2 (custom)
2019-09-26 16:53:55,785 [5160ea40-cc48-41a9-a1d1-1151a36e77d8@group-FAC92AD1CD2E:LeaderElection28] INFO  server.RaftServerConfigKeys (ConfUtils.java:logGet(43)) - raft.server.watch.timeout = 10s (default)
2019-09-26 16:53:55,785 [pool-67-thread-1] INFO  segmented.SegmentedRaftLogWorker (SegmentedRaftLogWorker.java:<init>(172)) - new 862ec94c-cd2d-47b3-b563-7d6c2816cb58@group-17D412075A1C-SegmentedRaftLogWorker for RaftStorage:Storage Directory /workdir/hadoop-ozone/integration-test/target/test-dir/MiniOzoneClusterImpl-fdc3d401-fab1-4968-a84f-12bf762e2bbf/datanode-4/data/ratis/03349216-107c-4c8f-90d1-17d412075a1c
2019-09-26 16:53:55,785 [5160ea40-cc48-41a9-a1d1-1151a36e77d8@group-FAC92AD1CD2E:LeaderElection28] INFO  server.RaftServerConfigKeys (ConfUtils.java:logGet(43)) - raft.server.watch.timeout.denomination = 1s (default)
2019-09-26 16:53:55,785 [pool-67-thread-1] INFO  server.RaftServerConfigKeys (ConfUtils.java:logGet(43)) - raft.server.log.queue.byte-limit = 2147483647 (custom)
2019-09-26 16:53:55,785 [5160ea40-cc48-41a9-a1d1-1151a36e77d8@group-FAC92AD1CD2E:LeaderElection28] INFO  server.RaftServerConfigKeys (ConfUtils.java:logGet(43)) - raft.server.watch.element-limit = 65536 (default)
2019-09-26 16:53:55,785 [pool-67-thread-1] INFO  server.RaftServerConfigKeys (ConfUtils.java:logGet(43)) - raft.server.log.queue.element-limit = 1024 (custom)
2019-09-26 16:53:55,786 [pool-67-thread-1] INFO  server.RaftServerConfigKeys (ConfUtils.java:logGet(43)) - raft.server.log.segment.size.max = 1048576 (custom)
2019-09-26 16:53:55,786 [pool-67-thread-1] INFO  server.RaftServerConfigKeys (ConfUtils.java:logGet(43)) - raft.server.log.preallocated.size = 16384 (custom)
2019-09-26 16:53:55,786 [pool-67-thread-1] INFO  server.RaftServerConfigKeys (ConfUtils.java:logGet(43)) - raft.server.log.write.buffer.size = 33554432 (custom)
2019-09-26 16:53:55,786 [pool-67-thread-1] INFO  server.RaftServerConfigKeys (ConfUtils.java:logGet(43)) - raft.server.log.force.sync.num = 128 (default)
2019-09-26 16:53:55,786 [pool-67-thread-1] INFO  server.RaftServerConfigKeys (ConfUtils.java:logGet(43)) - raft.server.log.statemachine.data.sync = true (default)
2019-09-26 16:53:55,786 [pool-67-thread-1] INFO  server.RaftServerConfigKeys (ConfUtils.java:logGet(43)) - raft.server.log.statemachine.data.sync.timeout = 10s (default)
2019-09-26 16:53:55,786 [pool-67-thread-1] INFO  server.RaftServerConfigKeys (ConfUtils.java:logGet(43)) - raft.server.log.statemachine.data.sync.timeout.retry = -1 (default)
2019-09-26 16:53:55,786 [pool-67-thread-1] INFO  server.RaftServerConfigKeys (ConfUtils.java:logGet(43)) - raft.server.log.statemachine.data.caching.enabled = true (custom)
2019-09-26 16:53:55,786 [pool-67-thread-1] INFO  segmented.SegmentedRaftLogWorker (SegmentedRaftLogWorker.java:lambda$new$0(132)) - 862ec94c-cd2d-47b3-b563-7d6c2816cb58@group-17D412075A1C-SegmentedRaftLogWorker: flushIndex: setUnconditionally 0 -> -1
2019-09-26 16:53:55,787 [pool-67-thread-1] INFO  server.RaftServerConfigKeys (ConfUtils.java:logGet(43)) - raft.server.snapshot.auto.trigger.enabled = true (custom)
2019-09-26 16:53:55,787 [pool-67-thread-1] INFO  server.RaftServerConfigKeys (ConfUtils.java:logGet(43)) - raft.server.snapshot.auto.trigger.threshold = 10000 (custom)
2019-09-26 16:53:55,787 [pool-67-thread-1] INFO  server.RaftServerConfigKeys (ConfUtils.java:logGet(43)) - raft.server.snapshot.retention.num.files = 5 (custom)
2019-09-26 16:53:55,787 [pool-67-thread-1] INFO  server.RaftServerConfigKeys (ConfUtils.java:logGet(43)) - raft.server.retrycache.expirytime = 600000ms (custom)
2019-09-26 16:53:55,788 [5160ea40-cc48-41a9-a1d1-1151a36e77d8@group-FAC92AD1CD2E:LeaderElection28] INFO  impl.RoleInfo (RoleInfo.java:updateAndGet(143)) - 5160ea40-cc48-41a9-a1d1-1151a36e77d8: start LeaderState
2019-09-26 16:53:55,788 [5160ea40-cc48-41a9-a1d1-1151a36e77d8@group-FAC92AD1CD2E:LeaderElection28] INFO  segmented.SegmentedRaftLogWorker (SegmentedRaftLogWorker.java:startLogSegment(380)) - 5160ea40-cc48-41a9-a1d1-1151a36e77d8@group-FAC92AD1CD2E-SegmentedRaftLogWorker: Starting segment from index:0
2019-09-26 16:53:55,788 [pool-67-thread-1] INFO  impl.RaftServerImpl (RaftServerImpl.java:start(185)) - 862ec94c-cd2d-47b3-b563-7d6c2816cb58@group-17D412075A1C: start as a follower, conf=-1: [862ec94c-cd2d-47b3-b563-7d6c2816cb58:192.168.151.99:36916], old=null
2019-09-26 16:53:55,788 [pool-67-thread-1] INFO  impl.RaftServerImpl (RaftServerImpl.java:setRole(174)) - 862ec94c-cd2d-47b3-b563-7d6c2816cb58@group-17D412075A1C: changes role from      null to FOLLOWER at term 0 for startAsFollower
2019-09-26 16:53:55,789 [pool-67-thread-1] INFO  impl.RoleInfo (RoleInfo.java:updateAndGet(143)) - 862ec94c-cd2d-47b3-b563-7d6c2816cb58: start FollowerState
2019-09-26 16:53:55,789 [5160ea40-cc48-41a9-a1d1-1151a36e77d8@group-FAC92AD1CD2E:LeaderElection28] INFO  impl.RaftServerImpl (ServerState.java:setRaftConf(354)) - 5160ea40-cc48-41a9-a1d1-1151a36e77d8@group-FAC92AD1CD2E: set configuration 0: [5160ea40-cc48-41a9-a1d1-1151a36e77d8:192.168.151.99:45356], old=null at 0
2019-09-26 16:53:55,789 [pool-67-thread-1] INFO  util.JmxRegister (JmxRegister.java:tryRegister(44)) - Successfully registered JMX Bean with object name Ratis:service=RaftServer,group=group-17D412075A1C,id=862ec94c-cd2d-47b3-b563-7d6c2816cb58
2019-09-26 16:53:55,835 [RatisPipelineUtilsThread] INFO  pipeline.PipelineStateManager (PipelineStateManager.java:addPipeline(56)) - Created pipeline Pipeline[ Id: 03349216-107c-4c8f-90d1-17d412075a1c, Nodes: 862ec94c-cd2d-47b3-b563-7d6c2816cb58{ip: 192.168.151.99, host: pr-hdds-1569-g6sp5-2013761785, networkLocation: /default-rack, certSerialId: null}, Type:RATIS, Factor:ONE, State:OPEN]
2019-09-26 16:53:55,841 [Thread-325] INFO  impl.FollowerState (FollowerState.java:run(106)) - 862ec94c-cd2d-47b3-b563-7d6c2816cb58:group-FC2FC02DBE17 changes to CANDIDATE, lastRpcTime:5147, electionTimeout:5147ms
2019-09-26 16:53:55,841 [Thread-325] INFO  impl.RoleInfo (RoleInfo.java:shutdownFollowerState(121)) - 862ec94c-cd2d-47b3-b563-7d6c2816cb58: shutdown FollowerState
2019-09-26 16:53:55,841 [Thread-325] INFO  impl.RaftServerImpl (RaftServerImpl.java:setRole(174)) - 862ec94c-cd2d-47b3-b563-7d6c2816cb58@group-FC2FC02DBE17: changes role from  FOLLOWER to CANDIDATE at term 0 for changeToCandidate
2019-09-26 16:53:55,841 [Thread-325] INFO  impl.RoleInfo (RoleInfo.java:updateAndGet(143)) - 862ec94c-cd2d-47b3-b563-7d6c2816cb58: start LeaderElection
2019-09-26 16:53:55,846 [5160ea40-cc48-41a9-a1d1-1151a36e77d8@group-FAC92AD1CD2E-SegmentedRaftLogWorker] INFO  segmented.SegmentedRaftLogWorker (SegmentedRaftLogWorker.java:execute(569)) - 5160ea40-cc48-41a9-a1d1-1151a36e77d8@group-FAC92AD1CD2E-SegmentedRaftLogWorker: created new log segment /workdir/hadoop-ozone/integration-test/target/test-dir/MiniOzoneClusterImpl-fdc3d401-fab1-4968-a84f-12bf762e2bbf/datanode-3/data/ratis/0cc79c64-4bd9-402b-9178-fac92ad1cd2e/current/log_inprogress_0
2019-09-26 16:53:55,847 [grpc-default-executor-1] INFO  impl.RaftServerProxy (RaftServerProxy.java:addNew(89)) - deac9605-e739-4d95-8360-f57df793faca: addNew group-BB5BC36C6AF2:[deac9605-e739-4d95-8360-f57df793faca:192.168.151.99:46601] returns group-BB5BC36C6AF2:java.util.concurrent.CompletableFuture@6eddbdd3[Not completed]
2019-09-26 16:53:55,848 [pool-27-thread-1] INFO  impl.RaftServerImpl (RaftServerImpl.java:<init>(95)) - deac9605-e739-4d95-8360-f57df793faca: new RaftServerImpl for group-BB5BC36C6AF2:[deac9605-e739-4d95-8360-f57df793faca:192.168.151.99:46601] with ContainerStateMachine:uninitialized
2019-09-26 16:53:55,848 [pool-27-thread-1] INFO  server.RaftServerConfigKeys (ConfUtils.java:logGet(43)) - raft.server.rpc.timeout.min = 5s (custom)
2019-09-26 16:53:55,848 [pool-27-thread-1] INFO  server.RaftServerConfigKeys (ConfUtils.java:logGet(43)) - raft.server.rpc.timeout.max = 5200ms (custom)
2019-09-26 16:53:55,848 [pool-27-thread-1] INFO  server.RaftServerConfigKeys (ConfUtils.java:logGet(43)) - raft.server.rpcslowness.timeout = 120s (custom)
2019-09-26 16:53:55,849 [pool-27-thread-1] INFO  server.RaftServerConfigKeys (ConfUtils.java:logGet(43)) - raft.server.sleep.deviation.threshold = 300 (default)
2019-09-26 16:53:55,849 [pool-27-thread-1] INFO  server.RaftServerConfigKeys (ConfUtils.java:logGet(43)) - raft.server.log.appender.install.snapshot.enabled = false (custom)
2019-09-26 16:53:55,849 [pool-27-thread-1] INFO  impl.RaftServerImpl (ServerState.java:<init>(103)) - deac9605-e739-4d95-8360-f57df793faca@group-BB5BC36C6AF2: ConfigurationManager, init=-1: [deac9605-e739-4d95-8360-f57df793faca:192.168.151.99:46601], old=null, confs=<EMPTY_MAP>
2019-09-26 16:53:55,849 [pool-27-thread-1] INFO  server.RaftServerConfigKeys (ConfUtils.java:logGet(43)) - raft.server.storage.dir = [/workdir/hadoop-ozone/integration-test/target/test-dir/MiniOzoneClusterImpl-fdc3d401-fab1-4968-a84f-12bf762e2bbf/datanode-0/data/ratis] (custom)
2019-09-26 16:53:55,850 [pool-27-thread-1] INFO  storage.RaftStorageDirectory (RaftStorageDirectory.java:analyzeStorage(246)) - The storage directory /workdir/hadoop-ozone/integration-test/target/test-dir/MiniOzoneClusterImpl-fdc3d401-fab1-4968-a84f-12bf762e2bbf/datanode-0/data/ratis/35a33c28-c64b-4120-b970-bb5bc36c6af2 does not exist. Creating ...
2019-09-26 16:53:55,869 [pool-27-thread-1] INFO  storage.RaftStorageDirectory (RaftStorageDirectory.java:tryLock(328)) - Lock on /workdir/hadoop-ozone/integration-test/target/test-dir/MiniOzoneClusterImpl-fdc3d401-fab1-4968-a84f-12bf762e2bbf/datanode-0/data/ratis/35a33c28-c64b-4120-b970-bb5bc36c6af2/in_use.lock acquired by nodename 15096@pr-hdds-1569-g6sp5-2013761785
2019-09-26 16:53:55,869 [862ec94c-cd2d-47b3-b563-7d6c2816cb58@group-FC2FC02DBE17:LeaderElection29] INFO  impl.LeaderElection (LeaderElection.java:askForVotes(182)) - 862ec94c-cd2d-47b3-b563-7d6c2816cb58@group-FC2FC02DBE17:LeaderElection29: begin an election at term 1 for -1: [862ec94c-cd2d-47b3-b563-7d6c2816cb58:192.168.151.99:36916], old=null
2019-09-26 16:53:55,869 [862ec94c-cd2d-47b3-b563-7d6c2816cb58@group-FC2FC02DBE17:LeaderElection29] INFO  impl.RoleInfo (RoleInfo.java:shutdownLeaderElection(134)) - 862ec94c-cd2d-47b3-b563-7d6c2816cb58: shutdown LeaderElection
2019-09-26 16:53:55,869 [862ec94c-cd2d-47b3-b563-7d6c2816cb58@group-FC2FC02DBE17:LeaderElection29] INFO  impl.RaftServerImpl (RaftServerImpl.java:setRole(174)) - 862ec94c-cd2d-47b3-b563-7d6c2816cb58@group-FC2FC02DBE17: changes role from CANDIDATE to LEADER at term 1 for changeToLeader
2019-09-26 16:53:55,870 [862ec94c-cd2d-47b3-b563-7d6c2816cb58@group-FC2FC02DBE17:LeaderElection29] INFO  impl.RaftServerImpl (ServerState.java:setLeader(253)) - 862ec94c-cd2d-47b3-b563-7d6c2816cb58@group-FC2FC02DBE17: change Leader from null to 862ec94c-cd2d-47b3-b563-7d6c2816cb58 at term 1 for becomeLeader, leader elected after 5277ms
2019-09-26 16:53:55,870 [862ec94c-cd2d-47b3-b563-7d6c2816cb58@group-FC2FC02DBE17:LeaderElection29] INFO  server.RaftServerConfigKeys (ConfUtils.java:logGet(43)) - raft.server.staging.catchup.gap = 1000 (default)
2019-09-26 16:53:55,870 [862ec94c-cd2d-47b3-b563-7d6c2816cb58@group-FC2FC02DBE17:LeaderElection29] INFO  server.RaftServerConfigKeys (ConfUtils.java:logGet(43)) - raft.server.rpc.sleep.time = 25ms (default)
2019-09-26 16:53:55,870 [862ec94c-cd2d-47b3-b563-7d6c2816cb58@group-FC2FC02DBE17:LeaderElection29] INFO  server.RaftServerConfigKeys (ConfUtils.java:logGet(43)) - raft.server.write.element-limit = 4096 (default)
2019-09-26 16:53:55,870 [862ec94c-cd2d-47b3-b563-7d6c2816cb58@group-FC2FC02DBE17:LeaderElection29] INFO  server.RaftServerConfigKeys (ConfUtils.java:logGet(43)) - raft.server.watch.timeout = 10s (default)
2019-09-26 16:53:55,870 [862ec94c-cd2d-47b3-b563-7d6c2816cb58@group-FC2FC02DBE17:LeaderElection29] INFO  server.RaftServerConfigKeys (ConfUtils.java:logGet(43)) - raft.server.watch.timeout.denomination = 1s (default)
2019-09-26 16:53:55,870 [862ec94c-cd2d-47b3-b563-7d6c2816cb58@group-FC2FC02DBE17:LeaderElection29] INFO  server.RaftServerConfigKeys (ConfUtils.java:logGet(43)) - raft.server.watch.element-limit = 65536 (default)
2019-09-26 16:53:55,872 [862ec94c-cd2d-47b3-b563-7d6c2816cb58@group-FC2FC02DBE17:LeaderElection29] INFO  impl.RoleInfo (RoleInfo.java:updateAndGet(143)) - 862ec94c-cd2d-47b3-b563-7d6c2816cb58: start LeaderState
2019-09-26 16:53:55,872 [862ec94c-cd2d-47b3-b563-7d6c2816cb58@group-FC2FC02DBE17:LeaderElection29] INFO  segmented.SegmentedRaftLogWorker (SegmentedRaftLogWorker.java:startLogSegment(380)) - 862ec94c-cd2d-47b3-b563-7d6c2816cb58@group-FC2FC02DBE17-SegmentedRaftLogWorker: Starting segment from index:0
2019-09-26 16:53:55,873 [862ec94c-cd2d-47b3-b563-7d6c2816cb58@group-FC2FC02DBE17:LeaderElection29] INFO  impl.RaftServerImpl (ServerState.java:setRaftConf(354)) - 862ec94c-cd2d-47b3-b563-7d6c2816cb58@group-FC2FC02DBE17: set configuration 0: [862ec94c-cd2d-47b3-b563-7d6c2816cb58:192.168.151.99:36916], old=null at 0
2019-09-26 16:53:55,908 [Thread-331] INFO  impl.FollowerState (FollowerState.java:run(106)) - 4a469c34-60df-4173-8d32-715e2ce97f5d:group-BEB1A3D9E4D1 changes to CANDIDATE, lastRpcTime:5078, electionTimeout:5054ms
2019-09-26 16:53:55,908 [pool-27-thread-1] INFO  storage.RaftStorage (RaftStorage.java:format(72)) - Storage directory /workdir/hadoop-ozone/integration-test/target/test-dir/MiniOzoneClusterImpl-fdc3d401-fab1-4968-a84f-12bf762e2bbf/datanode-0/data/ratis/35a33c28-c64b-4120-b970-bb5bc36c6af2 has been successfully formatted.
2019-09-26 16:53:55,908 [Thread-331] INFO  impl.RoleInfo (RoleInfo.java:shutdownFollowerState(121)) - 4a469c34-60df-4173-8d32-715e2ce97f5d: shutdown FollowerState
2019-09-26 16:53:55,909 [Thread-331] INFO  impl.RaftServerImpl (RaftServerImpl.java:setRole(174)) - 4a469c34-60df-4173-8d32-715e2ce97f5d@group-BEB1A3D9E4D1: changes role from  FOLLOWER to CANDIDATE at term 0 for changeToCandidate
2019-09-26 16:53:55,909 [pool-27-thread-1] INFO  ratis.ContainerStateMachine (ContainerStateMachine.java:loadSnapshot(230)) - group-BB5BC36C6AF2: The snapshot info is null. Setting the last applied indexto:(t:0, i:~)
2019-09-26 16:53:55,909 [Thread-331] INFO  impl.RoleInfo (RoleInfo.java:updateAndGet(143)) - 4a469c34-60df-4173-8d32-715e2ce97f5d: start LeaderElection
2019-09-26 16:53:55,909 [pool-27-thread-1] INFO  server.RaftServerConfigKeys (ConfUtils.java:logGet(43)) - raft.server.notification.no-leader.timeout = 120s (custom)
2019-09-26 16:53:55,909 [pool-27-thread-1] INFO  server.RaftServerConfigKeys (ConfUtils.java:logGet(43)) - raft.server.log.use.memory = false (default)
2019-09-26 16:53:55,909 [pool-27-thread-1] INFO  server.RaftServerConfigKeys (ConfUtils.java:logGet(43)) - raft.server.log.purge.gap = 1000000 (custom)
2019-09-26 16:53:55,909 [pool-27-thread-1] INFO  server.RaftServerConfigKeys (ConfUtils.java:logGet(43)) - raft.server.log.appender.buffer.byte-limit = 33554432 (custom)
2019-09-26 16:53:55,912 [pool-27-thread-1] INFO  server.RaftServerConfigKeys (ConfUtils.java:logGet(43)) - raft.server.log.segment.size.max = 1048576 (custom)
2019-09-26 16:53:55,912 [pool-27-thread-1] INFO  server.RaftServerConfigKeys (ConfUtils.java:logGet(43)) - raft.server.log.segment.cache.num.max = 2 (custom)
2019-09-26 16:53:55,913 [pool-27-thread-1] INFO  segmented.SegmentedRaftLogWorker (SegmentedRaftLogWorker.java:<init>(172)) - new deac9605-e739-4d95-8360-f57df793faca@group-BB5BC36C6AF2-SegmentedRaftLogWorker for RaftStorage:Storage Directory /workdir/hadoop-ozone/integration-test/target/test-dir/MiniOzoneClusterImpl-fdc3d401-fab1-4968-a84f-12bf762e2bbf/datanode-0/data/ratis/35a33c28-c64b-4120-b970-bb5bc36c6af2
2019-09-26 16:53:55,913 [pool-27-thread-1] INFO  server.RaftServerConfigKeys (ConfUtils.java:logGet(43)) - raft.server.log.queue.byte-limit = 2147483647 (custom)
2019-09-26 16:53:55,913 [pool-27-thread-1] INFO  server.RaftServerConfigKeys (ConfUtils.java:logGet(43)) - raft.server.log.queue.element-limit = 1024 (custom)
2019-09-26 16:53:55,913 [pool-27-thread-1] INFO  server.RaftServerConfigKeys (ConfUtils.java:logGet(43)) - raft.server.log.segment.size.max = 1048576 (custom)
2019-09-26 16:53:55,913 [pool-27-thread-1] INFO  server.RaftServerConfigKeys (ConfUtils.java:logGet(43)) - raft.server.log.preallocated.size = 16384 (custom)
2019-09-26 16:53:55,913 [pool-27-thread-1] INFO  server.RaftServerConfigKeys (ConfUtils.java:logGet(43)) - raft.server.log.write.buffer.size = 33554432 (custom)
2019-09-26 16:53:55,913 [pool-27-thread-1] INFO  server.RaftServerConfigKeys (ConfUtils.java:logGet(43)) - raft.server.log.force.sync.num = 128 (default)
2019-09-26 16:53:55,913 [pool-27-thread-1] INFO  server.RaftServerConfigKeys (ConfUtils.java:logGet(43)) - raft.server.log.statemachine.data.sync = true (default)
2019-09-26 16:53:55,914 [pool-27-thread-1] INFO  server.RaftServerConfigKeys (ConfUtils.java:logGet(43)) - raft.server.log.statemachine.data.sync.timeout = 10s (default)
2019-09-26 16:53:55,914 [pool-27-thread-1] INFO  server.RaftServerConfigKeys (ConfUtils.java:logGet(43)) - raft.server.log.statemachine.data.sync.timeout.retry = -1 (default)
2019-09-26 16:53:55,914 [pool-27-thread-1] INFO  server.RaftServerConfigKeys (ConfUtils.java:logGet(43)) - raft.server.log.statemachine.data.caching.enabled = true (custom)
2019-09-26 16:53:55,914 [pool-27-thread-1] INFO  segmented.SegmentedRaftLogWorker (SegmentedRaftLogWorker.java:lambda$new$0(132)) - deac9605-e739-4d95-8360-f57df793faca@group-BB5BC36C6AF2-SegmentedRaftLogWorker: flushIndex: setUnconditionally 0 -> -1
2019-09-26 16:53:55,914 [pool-27-thread-1] INFO  server.RaftServerConfigKeys (ConfUtils.java:logGet(43)) - raft.server.snapshot.auto.trigger.enabled = true (custom)
2019-09-26 16:53:55,915 [pool-27-thread-1] INFO  server.RaftServerConfigKeys (ConfUtils.java:logGet(43)) - raft.server.snapshot.auto.trigger.threshold = 10000 (custom)
2019-09-26 16:53:55,915 [pool-27-thread-1] INFO  server.RaftServerConfigKeys (ConfUtils.java:logGet(43)) - raft.server.snapshot.retention.num.files = 5 (custom)
2019-09-26 16:53:55,915 [pool-27-thread-1] INFO  server.RaftServerConfigKeys (ConfUtils.java:logGet(43)) - raft.server.retrycache.expirytime = 600000ms (custom)
2019-09-26 16:53:55,917 [pool-27-thread-1] INFO  impl.RaftServerImpl (RaftServerImpl.java:start(185)) - deac9605-e739-4d95-8360-f57df793faca@group-BB5BC36C6AF2: start as a follower, conf=-1: [deac9605-e739-4d95-8360-f57df793faca:192.168.151.99:46601], old=null
2019-09-26 16:53:55,917 [pool-27-thread-1] INFO  impl.RaftServerImpl (RaftServerImpl.java:setRole(174)) - deac9605-e739-4d95-8360-f57df793faca@group-BB5BC36C6AF2: changes role from      null to FOLLOWER at term 0 for startAsFollower
2019-09-26 16:53:55,917 [pool-27-thread-1] INFO  impl.RoleInfo (RoleInfo.java:updateAndGet(143)) - deac9605-e739-4d95-8360-f57df793faca: start FollowerState
2019-09-26 16:53:55,917 [pool-27-thread-1] INFO  util.JmxRegister (JmxRegister.java:tryRegister(44)) - Successfully registered JMX Bean with object name Ratis:service=RaftServer,group=group-BB5BC36C6AF2,id=deac9605-e739-4d95-8360-f57df793faca
2019-09-26 16:53:55,920 [RatisPipelineUtilsThread] INFO  pipeline.PipelineStateManager (PipelineStateManager.java:addPipeline(56)) - Created pipeline Pipeline[ Id: 35a33c28-c64b-4120-b970-bb5bc36c6af2, Nodes: deac9605-e739-4d95-8360-f57df793faca{ip: 192.168.151.99, host: pr-hdds-1569-g6sp5-2013761785, networkLocation: /default-rack, certSerialId: null}, Type:RATIS, Factor:ONE, State:OPEN]
2019-09-26 16:53:55,921 [862ec94c-cd2d-47b3-b563-7d6c2816cb58@group-FC2FC02DBE17-SegmentedRaftLogWorker] INFO  segmented.SegmentedRaftLogWorker (SegmentedRaftLogWorker.java:execute(569)) - 862ec94c-cd2d-47b3-b563-7d6c2816cb58@group-FC2FC02DBE17-SegmentedRaftLogWorker: created new log segment /workdir/hadoop-ozone/integration-test/target/test-dir/MiniOzoneClusterImpl-fdc3d401-fab1-4968-a84f-12bf762e2bbf/datanode-4/data/ratis/e58037fd-6b86-42c8-b290-fc2fc02dbe17/current/log_inprogress_0
2019-09-26 16:53:55,922 [4a469c34-60df-4173-8d32-715e2ce97f5d@group-BEB1A3D9E4D1:LeaderElection30] INFO  impl.LeaderElection (LeaderElection.java:askForVotes(182)) - 4a469c34-60df-4173-8d32-715e2ce97f5d@group-BEB1A3D9E4D1:LeaderElection30: begin an election at term 1 for -1: [4a469c34-60df-4173-8d32-715e2ce97f5d:192.168.151.99:42442], old=null
2019-09-26 16:53:55,922 [4a469c34-60df-4173-8d32-715e2ce97f5d@group-BEB1A3D9E4D1:LeaderElection30] INFO  impl.RoleInfo (RoleInfo.java:shutdownLeaderElection(134)) - 4a469c34-60df-4173-8d32-715e2ce97f5d: shutdown LeaderElection
2019-09-26 16:53:55,922 [4a469c34-60df-4173-8d32-715e2ce97f5d@group-BEB1A3D9E4D1:LeaderElection30] INFO  impl.RaftServerImpl (RaftServerImpl.java:setRole(174)) - 4a469c34-60df-4173-8d32-715e2ce97f5d@group-BEB1A3D9E4D1: changes role from CANDIDATE to LEADER at term 1 for changeToLeader
2019-09-26 16:53:55,922 [4a469c34-60df-4173-8d32-715e2ce97f5d@group-BEB1A3D9E4D1:LeaderElection30] INFO  impl.RaftServerImpl (ServerState.java:setLeader(253)) - 4a469c34-60df-4173-8d32-715e2ce97f5d@group-BEB1A3D9E4D1: change Leader from null to 4a469c34-60df-4173-8d32-715e2ce97f5d at term 1 for becomeLeader, leader elected after 5100ms
2019-09-26 16:53:55,922 [4a469c34-60df-4173-8d32-715e2ce97f5d@group-BEB1A3D9E4D1:LeaderElection30] INFO  server.RaftServerConfigKeys (ConfUtils.java:logGet(43)) - raft.server.staging.catchup.gap = 1000 (default)
2019-09-26 16:53:55,922 [4a469c34-60df-4173-8d32-715e2ce97f5d@group-BEB1A3D9E4D1:LeaderElection30] INFO  server.RaftServerConfigKeys (ConfUtils.java:logGet(43)) - raft.server.rpc.sleep.time = 25ms (default)
2019-09-26 16:53:55,923 [4a469c34-60df-4173-8d32-715e2ce97f5d@group-BEB1A3D9E4D1:LeaderElection30] INFO  server.RaftServerConfigKeys (ConfUtils.java:logGet(43)) - raft.server.write.element-limit = 4096 (default)
2019-09-26 16:53:55,923 [4a469c34-60df-4173-8d32-715e2ce97f5d@group-BEB1A3D9E4D1:LeaderElection30] INFO  server.RaftServerConfigKeys (ConfUtils.java:logGet(43)) - raft.server.watch.timeout = 10s (default)
2019-09-26 16:53:55,923 [4a469c34-60df-4173-8d32-715e2ce97f5d@group-BEB1A3D9E4D1:LeaderElection30] INFO  server.RaftServerConfigKeys (ConfUtils.java:logGet(43)) - raft.server.watch.timeout.denomination = 1s (default)
2019-09-26 16:53:55,923 [4a469c34-60df-4173-8d32-715e2ce97f5d@group-BEB1A3D9E4D1:LeaderElection30] INFO  server.RaftServerConfigKeys (ConfUtils.java:logGet(43)) - raft.server.watch.element-limit = 65536 (default)
2019-09-26 16:53:55,925 [4a469c34-60df-4173-8d32-715e2ce97f5d@group-BEB1A3D9E4D1:LeaderElection30] INFO  impl.RoleInfo (RoleInfo.java:updateAndGet(143)) - 4a469c34-60df-4173-8d32-715e2ce97f5d: start LeaderState
2019-09-26 16:53:55,925 [4a469c34-60df-4173-8d32-715e2ce97f5d@group-BEB1A3D9E4D1:LeaderElection30] INFO  segmented.SegmentedRaftLogWorker (SegmentedRaftLogWorker.java:startLogSegment(380)) - 4a469c34-60df-4173-8d32-715e2ce97f5d@group-BEB1A3D9E4D1-SegmentedRaftLogWorker: Starting segment from index:0
2019-09-26 16:53:55,926 [4a469c34-60df-4173-8d32-715e2ce97f5d@group-BEB1A3D9E4D1:LeaderElection30] INFO  impl.RaftServerImpl (ServerState.java:setRaftConf(354)) - 4a469c34-60df-4173-8d32-715e2ce97f5d@group-BEB1A3D9E4D1: set configuration 0: [4a469c34-60df-4173-8d32-715e2ce97f5d:192.168.151.99:42442], old=null at 0
2019-09-26 16:53:55,965 [grpc-default-executor-1] INFO  impl.RaftServerProxy (RaftServerProxy.java:addNew(89)) - 7fda706b-4e23-4e10-baba-12810c05fbbb: addNew group-BEF95ECFF1BD:[7fda706b-4e23-4e10-baba-12810c05fbbb:192.168.151.99:32897] returns group-BEF95ECFF1BD:java.util.concurrent.CompletableFuture@56542151[Not completed]
2019-09-26 16:53:55,966 [pool-37-thread-1] INFO  impl.RaftServerImpl (RaftServerImpl.java:<init>(95)) - 7fda706b-4e23-4e10-baba-12810c05fbbb: new RaftServerImpl for group-BEF95ECFF1BD:[7fda706b-4e23-4e10-baba-12810c05fbbb:192.168.151.99:32897] with ContainerStateMachine:uninitialized
2019-09-26 16:53:55,966 [pool-37-thread-1] INFO  server.RaftServerConfigKeys (ConfUtils.java:logGet(43)) - raft.server.rpc.timeout.min = 5s (custom)
2019-09-26 16:53:55,966 [pool-37-thread-1] INFO  server.RaftServerConfigKeys (ConfUtils.java:logGet(43)) - raft.server.rpc.timeout.max = 5200ms (custom)
2019-09-26 16:53:55,966 [pool-37-thread-1] INFO  server.RaftServerConfigKeys (ConfUtils.java:logGet(43)) - raft.server.rpcslowness.timeout = 120s (custom)
2019-09-26 16:53:55,967 [pool-37-thread-1] INFO  server.RaftServerConfigKeys (ConfUtils.java:logGet(43)) - raft.server.sleep.deviation.threshold = 300 (default)
2019-09-26 16:53:55,967 [pool-37-thread-1] INFO  server.RaftServerConfigKeys (ConfUtils.java:logGet(43)) - raft.server.log.appender.install.snapshot.enabled = false (custom)
2019-09-26 16:53:55,967 [pool-37-thread-1] INFO  impl.RaftServerImpl (ServerState.java:<init>(103)) - 7fda706b-4e23-4e10-baba-12810c05fbbb@group-BEF95ECFF1BD: ConfigurationManager, init=-1: [7fda706b-4e23-4e10-baba-12810c05fbbb:192.168.151.99:32897], old=null, confs=<EMPTY_MAP>
2019-09-26 16:53:55,967 [pool-37-thread-1] INFO  server.RaftServerConfigKeys (ConfUtils.java:logGet(43)) - raft.server.storage.dir = [/workdir/hadoop-ozone/integration-test/target/test-dir/MiniOzoneClusterImpl-fdc3d401-fab1-4968-a84f-12bf762e2bbf/datanode-1/data/ratis] (custom)
2019-09-26 16:53:55,968 [pool-37-thread-1] INFO  storage.RaftStorageDirectory (RaftStorageDirectory.java:analyzeStorage(246)) - The storage directory /workdir/hadoop-ozone/integration-test/target/test-dir/MiniOzoneClusterImpl-fdc3d401-fab1-4968-a84f-12bf762e2bbf/datanode-1/data/ratis/f3c71a02-cb09-44a4-bcc9-bef95ecff1bd does not exist. Creating ...
2019-09-26 16:53:55,977 [pool-37-thread-1] INFO  storage.RaftStorageDirectory (RaftStorageDirectory.java:tryLock(328)) - Lock on /workdir/hadoop-ozone/integration-test/target/test-dir/MiniOzoneClusterImpl-fdc3d401-fab1-4968-a84f-12bf762e2bbf/datanode-1/data/ratis/f3c71a02-cb09-44a4-bcc9-bef95ecff1bd/in_use.lock acquired by nodename 15096@pr-hdds-1569-g6sp5-2013761785
2019-09-26 16:53:55,978 [4a469c34-60df-4173-8d32-715e2ce97f5d@group-BEB1A3D9E4D1-SegmentedRaftLogWorker] INFO  segmented.SegmentedRaftLogWorker (SegmentedRaftLogWorker.java:execute(569)) - 4a469c34-60df-4173-8d32-715e2ce97f5d@group-BEB1A3D9E4D1-SegmentedRaftLogWorker: created new log segment /workdir/hadoop-ozone/integration-test/target/test-dir/MiniOzoneClusterImpl-fdc3d401-fab1-4968-a84f-12bf762e2bbf/datanode-6/data/ratis/b3cd8a3d-9b71-49fc-a02e-beb1a3d9e4d1/current/log_inprogress_0
2019-09-26 16:53:55,985 [Thread-334] INFO  impl.FollowerState (FollowerState.java:run(106)) - 4a469c34-60df-4173-8d32-715e2ce97f5d:group-653D77035A94 changes to CANDIDATE, lastRpcTime:5092, electionTimeout:5092ms
2019-09-26 16:53:55,985 [Thread-334] INFO  impl.RoleInfo (RoleInfo.java:shutdownFollowerState(121)) - 4a469c34-60df-4173-8d32-715e2ce97f5d: shutdown FollowerState
2019-09-26 16:53:55,985 [Thread-334] INFO  impl.RaftServerImpl (RaftServerImpl.java:setRole(174)) - 4a469c34-60df-4173-8d32-715e2ce97f5d@group-653D77035A94: changes role from  FOLLOWER to CANDIDATE at term 0 for changeToCandidate
2019-09-26 16:53:55,985 [Thread-334] INFO  impl.RoleInfo (RoleInfo.java:updateAndGet(143)) - 4a469c34-60df-4173-8d32-715e2ce97f5d: start LeaderElection
2019-09-26 16:53:56,003 [pool-37-thread-1] INFO  storage.RaftStorage (RaftStorage.java:format(72)) - Storage directory /workdir/hadoop-ozone/integration-test/target/test-dir/MiniOzoneClusterImpl-fdc3d401-fab1-4968-a84f-12bf762e2bbf/datanode-1/data/ratis/f3c71a02-cb09-44a4-bcc9-bef95ecff1bd has been successfully formatted.
2019-09-26 16:53:56,003 [4a469c34-60df-4173-8d32-715e2ce97f5d@group-653D77035A94:LeaderElection31] INFO  impl.LeaderElection (LeaderElection.java:askForVotes(182)) - 4a469c34-60df-4173-8d32-715e2ce97f5d@group-653D77035A94:LeaderElection31: begin an election at term 1 for -1: [4a469c34-60df-4173-8d32-715e2ce97f5d:192.168.151.99:42442], old=null
2019-09-26 16:53:56,003 [pool-37-thread-1] INFO  ratis.ContainerStateMachine (ContainerStateMachine.java:loadSnapshot(230)) - group-BEF95ECFF1BD: The snapshot info is null. Setting the last applied indexto:(t:0, i:~)
2019-09-26 16:53:56,003 [4a469c34-60df-4173-8d32-715e2ce97f5d@group-653D77035A94:LeaderElection31] INFO  impl.RoleInfo (RoleInfo.java:shutdownLeaderElection(134)) - 4a469c34-60df-4173-8d32-715e2ce97f5d: shutdown LeaderElection
2019-09-26 16:53:56,003 [pool-37-thread-1] INFO  server.RaftServerConfigKeys (ConfUtils.java:logGet(43)) - raft.server.notification.no-leader.timeout = 120s (custom)
2019-09-26 16:53:56,004 [4a469c34-60df-4173-8d32-715e2ce97f5d@group-653D77035A94:LeaderElection31] INFO  impl.RaftServerImpl (RaftServerImpl.java:setRole(174)) - 4a469c34-60df-4173-8d32-715e2ce97f5d@group-653D77035A94: changes role from CANDIDATE to LEADER at term 1 for changeToLeader
2019-09-26 16:53:56,004 [pool-37-thread-1] INFO  server.RaftServerConfigKeys (ConfUtils.java:logGet(43)) - raft.server.log.use.memory = false (default)
2019-09-26 16:53:56,004 [4a469c34-60df-4173-8d32-715e2ce97f5d@group-653D77035A94:LeaderElection31] INFO  impl.RaftServerImpl (ServerState.java:setLeader(253)) - 4a469c34-60df-4173-8d32-715e2ce97f5d@group-653D77035A94: change Leader from null to 4a469c34-60df-4173-8d32-715e2ce97f5d at term 1 for becomeLeader, leader elected after 5118ms
2019-09-26 16:53:56,004 [pool-37-thread-1] INFO  server.RaftServerConfigKeys (ConfUtils.java:logGet(43)) - raft.server.log.purge.gap = 1000000 (custom)
2019-09-26 16:53:56,004 [4a469c34-60df-4173-8d32-715e2ce97f5d@group-653D77035A94:LeaderElection31] INFO  server.RaftServerConfigKeys (ConfUtils.java:logGet(43)) - raft.server.staging.catchup.gap = 1000 (default)
2019-09-26 16:53:56,004 [pool-37-thread-1] INFO  server.RaftServerConfigKeys (ConfUtils.java:logGet(43)) - raft.server.log.appender.buffer.byte-limit = 33554432 (custom)
2019-09-26 16:53:56,004 [4a469c34-60df-4173-8d32-715e2ce97f5d@group-653D77035A94:LeaderElection31] INFO  server.RaftServerConfigKeys (ConfUtils.java:logGet(43)) - raft.server.rpc.sleep.time = 25ms (default)
2019-09-26 16:53:56,005 [pool-37-thread-1] INFO  server.RaftServerConfigKeys (ConfUtils.java:logGet(43)) - raft.server.log.segment.size.max = 1048576 (custom)
2019-09-26 16:53:56,005 [4a469c34-60df-4173-8d32-715e2ce97f5d@group-653D77035A94:LeaderElection31] INFO  server.RaftServerConfigKeys (ConfUtils.java:logGet(43)) - raft.server.write.element-limit = 4096 (default)
2019-09-26 16:53:56,005 [pool-37-thread-1] INFO  server.RaftServerConfigKeys (ConfUtils.java:logGet(43)) - raft.server.log.segment.cache.num.max = 2 (custom)
2019-09-26 16:53:56,005 [4a469c34-60df-4173-8d32-715e2ce97f5d@group-653D77035A94:LeaderElection31] INFO  server.RaftServerConfigKeys (ConfUtils.java:logGet(43)) - raft.server.watch.timeout = 10s (default)
2019-09-26 16:53:56,005 [pool-37-thread-1] INFO  segmented.SegmentedRaftLogWorker (SegmentedRaftLogWorker.java:<init>(172)) - new 7fda706b-4e23-4e10-baba-12810c05fbbb@group-BEF95ECFF1BD-SegmentedRaftLogWorker for RaftStorage:Storage Directory /workdir/hadoop-ozone/integration-test/target/test-dir/MiniOzoneClusterImpl-fdc3d401-fab1-4968-a84f-12bf762e2bbf/datanode-1/data/ratis/f3c71a02-cb09-44a4-bcc9-bef95ecff1bd
2019-09-26 16:53:56,005 [4a469c34-60df-4173-8d32-715e2ce97f5d@group-653D77035A94:LeaderElection31] INFO  server.RaftServerConfigKeys (ConfUtils.java:logGet(43)) - raft.server.watch.timeout.denomination = 1s (default)
2019-09-26 16:53:56,005 [pool-37-thread-1] INFO  server.RaftServerConfigKeys (ConfUtils.java:logGet(43)) - raft.server.log.queue.byte-limit = 2147483647 (custom)
2019-09-26 16:53:56,006 [4a469c34-60df-4173-8d32-715e2ce97f5d@group-653D77035A94:LeaderElection31] INFO  server.RaftServerConfigKeys (ConfUtils.java:logGet(43)) - raft.server.watch.element-limit = 65536 (default)
2019-09-26 16:53:56,006 [pool-37-thread-1] INFO  server.RaftServerConfigKeys (ConfUtils.java:logGet(43)) - raft.server.log.queue.element-limit = 1024 (custom)
2019-09-26 16:53:56,006 [pool-37-thread-1] INFO  server.RaftServerConfigKeys (ConfUtils.java:logGet(43)) - raft.server.log.segment.size.max = 1048576 (custom)
2019-09-26 16:53:56,006 [pool-37-thread-1] INFO  server.RaftServerConfigKeys (ConfUtils.java:logGet(43)) - raft.server.log.preallocated.size = 16384 (custom)
2019-09-26 16:53:56,006 [pool-37-thread-1] INFO  server.RaftServerConfigKeys (ConfUtils.java:logGet(43)) - raft.server.log.write.buffer.size = 33554432 (custom)
2019-09-26 16:53:56,006 [pool-37-thread-1] INFO  server.RaftServerConfigKeys (ConfUtils.java:logGet(43)) - raft.server.log.force.sync.num = 128 (default)
2019-09-26 16:53:56,007 [pool-37-thread-1] INFO  server.RaftServerConfigKeys (ConfUtils.java:logGet(43)) - raft.server.log.statemachine.data.sync = true (default)
2019-09-26 16:53:56,007 [pool-37-thread-1] INFO  server.RaftServerConfigKeys (ConfUtils.java:logGet(43)) - raft.server.log.statemachine.data.sync.timeout = 10s (default)
2019-09-26 16:53:56,007 [pool-37-thread-1] INFO  server.RaftServerConfigKeys (ConfUtils.java:logGet(43)) - raft.server.log.statemachine.data.sync.timeout.retry = -1 (default)
2019-09-26 16:53:56,007 [pool-37-thread-1] INFO  server.RaftServerConfigKeys (ConfUtils.java:logGet(43)) - raft.server.log.statemachine.data.caching.enabled = true (custom)
2019-09-26 16:53:56,008 [4a469c34-60df-4173-8d32-715e2ce97f5d@group-653D77035A94:LeaderElection31] INFO  impl.RoleInfo (RoleInfo.java:updateAndGet(143)) - 4a469c34-60df-4173-8d32-715e2ce97f5d: start LeaderState
2019-09-26 16:53:56,008 [pool-37-thread-1] INFO  segmented.SegmentedRaftLogWorker (SegmentedRaftLogWorker.java:lambda$new$0(132)) - 7fda706b-4e23-4e10-baba-12810c05fbbb@group-BEF95ECFF1BD-SegmentedRaftLogWorker: flushIndex: setUnconditionally 0 -> -1
2019-09-26 16:53:56,008 [4a469c34-60df-4173-8d32-715e2ce97f5d@group-653D77035A94:LeaderElection31] INFO  segmented.SegmentedRaftLogWorker (SegmentedRaftLogWorker.java:startLogSegment(380)) - 4a469c34-60df-4173-8d32-715e2ce97f5d@group-653D77035A94-SegmentedRaftLogWorker: Starting segment from index:0
2019-09-26 16:53:56,008 [pool-37-thread-1] INFO  server.RaftServerConfigKeys (ConfUtils.java:logGet(43)) - raft.server.snapshot.auto.trigger.enabled = true (custom)
2019-09-26 16:53:56,008 [pool-37-thread-1] INFO  server.RaftServerConfigKeys (ConfUtils.java:logGet(43)) - raft.server.snapshot.auto.trigger.threshold = 10000 (custom)
2019-09-26 16:53:56,008 [pool-37-thread-1] INFO  server.RaftServerConfigKeys (ConfUtils.java:logGet(43)) - raft.server.snapshot.retention.num.files = 5 (custom)
2019-09-26 16:53:56,008 [4a469c34-60df-4173-8d32-715e2ce97f5d@group-653D77035A94:LeaderElection31] INFO  impl.RaftServerImpl (ServerState.java:setRaftConf(354)) - 4a469c34-60df-4173-8d32-715e2ce97f5d@group-653D77035A94: set configuration 0: [4a469c34-60df-4173-8d32-715e2ce97f5d:192.168.151.99:42442], old=null at 0
2019-09-26 16:53:56,008 [pool-37-thread-1] INFO  server.RaftServerConfigKeys (ConfUtils.java:logGet(43)) - raft.server.retrycache.expirytime = 600000ms (custom)
2019-09-26 16:53:56,043 [Thread-337] INFO  impl.FollowerState (FollowerState.java:run(106)) - 579334d3-7c10-42f4-b10c-e6c2267ece25:group-FD3E4EB2D4C5 changes to CANDIDATE, lastRpcTime:5097, electionTimeout:5072ms
2019-09-26 16:53:56,044 [Thread-337] INFO  impl.RoleInfo (RoleInfo.java:shutdownFollowerState(121)) - 579334d3-7c10-42f4-b10c-e6c2267ece25: shutdown FollowerState
2019-09-26 16:53:56,044 [Thread-337] INFO  impl.RaftServerImpl (RaftServerImpl.java:setRole(174)) - 579334d3-7c10-42f4-b10c-e6c2267ece25@group-FD3E4EB2D4C5: changes role from  FOLLOWER to CANDIDATE at term 0 for changeToCandidate
2019-09-26 16:53:56,044 [Thread-337] INFO  impl.RoleInfo (RoleInfo.java:updateAndGet(143)) - 579334d3-7c10-42f4-b10c-e6c2267ece25: start LeaderElection
2019-09-26 16:53:56,048 [pool-37-thread-1] INFO  impl.RaftServerImpl (RaftServerImpl.java:start(185)) - 7fda706b-4e23-4e10-baba-12810c05fbbb@group-BEF95ECFF1BD: start as a follower, conf=-1: [7fda706b-4e23-4e10-baba-12810c05fbbb:192.168.151.99:32897], old=null
2019-09-26 16:53:56,048 [pool-37-thread-1] INFO  impl.RaftServerImpl (RaftServerImpl.java:setRole(174)) - 7fda706b-4e23-4e10-baba-12810c05fbbb@group-BEF95ECFF1BD: changes role from      null to FOLLOWER at term 0 for startAsFollower
2019-09-26 16:53:56,049 [pool-37-thread-1] INFO  impl.RoleInfo (RoleInfo.java:updateAndGet(143)) - 7fda706b-4e23-4e10-baba-12810c05fbbb: start FollowerState
2019-09-26 16:53:56,049 [pool-37-thread-1] INFO  util.JmxRegister (JmxRegister.java:tryRegister(44)) - Successfully registered JMX Bean with object name Ratis:service=RaftServer,group=group-BEF95ECFF1BD,id=7fda706b-4e23-4e10-baba-12810c05fbbb
2019-09-26 16:53:56,052 [RatisPipelineUtilsThread] INFO  pipeline.PipelineStateManager (PipelineStateManager.java:addPipeline(56)) - Created pipeline Pipeline[ Id: f3c71a02-cb09-44a4-bcc9-bef95ecff1bd, Nodes: 7fda706b-4e23-4e10-baba-12810c05fbbb{ip: 192.168.151.99, host: pr-hdds-1569-g6sp5-2013761785, networkLocation: /default-rack, certSerialId: null}, Type:RATIS, Factor:ONE, State:OPEN]
2019-09-26 16:53:56,056 [4a469c34-60df-4173-8d32-715e2ce97f5d@group-653D77035A94-SegmentedRaftLogWorker] INFO  segmented.SegmentedRaftLogWorker (SegmentedRaftLogWorker.java:execute(569)) - 4a469c34-60df-4173-8d32-715e2ce97f5d@group-653D77035A94-SegmentedRaftLogWorker: created new log segment /workdir/hadoop-ozone/integration-test/target/test-dir/MiniOzoneClusterImpl-fdc3d401-fab1-4968-a84f-12bf762e2bbf/datanode-6/data/ratis/dc62ae74-e650-4ef0-8110-653d77035a94/current/log_inprogress_0
2019-09-26 16:53:56,056 [579334d3-7c10-42f4-b10c-e6c2267ece25@group-FD3E4EB2D4C5:LeaderElection32] INFO  impl.LeaderElection (LeaderElection.java:askForVotes(182)) - 579334d3-7c10-42f4-b10c-e6c2267ece25@group-FD3E4EB2D4C5:LeaderElection32: begin an election at term 1 for -1: [579334d3-7c10-42f4-b10c-e6c2267ece25:192.168.151.99:34131], old=null
2019-09-26 16:53:56,056 [579334d3-7c10-42f4-b10c-e6c2267ece25@group-FD3E4EB2D4C5:LeaderElection32] INFO  impl.RoleInfo (RoleInfo.java:shutdownLeaderElection(134)) - 579334d3-7c10-42f4-b10c-e6c2267ece25: shutdown LeaderElection
2019-09-26 16:53:56,056 [579334d3-7c10-42f4-b10c-e6c2267ece25@group-FD3E4EB2D4C5:LeaderElection32] INFO  impl.RaftServerImpl (RaftServerImpl.java:setRole(174)) - 579334d3-7c10-42f4-b10c-e6c2267ece25@group-FD3E4EB2D4C5: changes role from CANDIDATE to LEADER at term 1 for changeToLeader
2019-09-26 16:53:56,057 [579334d3-7c10-42f4-b10c-e6c2267ece25@group-FD3E4EB2D4C5:LeaderElection32] INFO  impl.RaftServerImpl (ServerState.java:setLeader(253)) - 579334d3-7c10-42f4-b10c-e6c2267ece25@group-FD3E4EB2D4C5: change Leader from null to 579334d3-7c10-42f4-b10c-e6c2267ece25 at term 1 for becomeLeader, leader elected after 5117ms
2019-09-26 16:53:56,057 [579334d3-7c10-42f4-b10c-e6c2267ece25@group-FD3E4EB2D4C5:LeaderElection32] INFO  server.RaftServerConfigKeys (ConfUtils.java:logGet(43)) - raft.server.staging.catchup.gap = 1000 (default)
2019-09-26 16:53:56,057 [579334d3-7c10-42f4-b10c-e6c2267ece25@group-FD3E4EB2D4C5:LeaderElection32] INFO  server.RaftServerConfigKeys (ConfUtils.java:logGet(43)) - raft.server.rpc.sleep.time = 25ms (default)
2019-09-26 16:53:56,057 [579334d3-7c10-42f4-b10c-e6c2267ece25@group-FD3E4EB2D4C5:LeaderElection32] INFO  server.RaftServerConfigKeys (ConfUtils.java:logGet(43)) - raft.server.write.element-limit = 4096 (default)
2019-09-26 16:53:56,057 [579334d3-7c10-42f4-b10c-e6c2267ece25@group-FD3E4EB2D4C5:LeaderElection32] INFO  server.RaftServerConfigKeys (ConfUtils.java:logGet(43)) - raft.server.watch.timeout = 10s (default)
2019-09-26 16:53:56,057 [grpc-default-executor-1] INFO  impl.RaftServerProxy (RaftServerProxy.java:addNew(89)) - 7fda706b-4e23-4e10-baba-12810c05fbbb: addNew group-E1C050BD5AE3:[7fda706b-4e23-4e10-baba-12810c05fbbb:192.168.151.99:32897] returns group-E1C050BD5AE3:java.util.concurrent.CompletableFuture@4a9114d9[Not completed]
2019-09-26 16:53:56,057 [579334d3-7c10-42f4-b10c-e6c2267ece25@group-FD3E4EB2D4C5:LeaderElection32] INFO  server.RaftServerConfigKeys (ConfUtils.java:logGet(43)) - raft.server.watch.timeout.denomination = 1s (default)
2019-09-26 16:53:56,058 [579334d3-7c10-42f4-b10c-e6c2267ece25@group-FD3E4EB2D4C5:LeaderElection32] INFO  server.RaftServerConfigKeys (ConfUtils.java:logGet(43)) - raft.server.watch.element-limit = 65536 (default)
2019-09-26 16:53:56,058 [pool-37-thread-1] INFO  impl.RaftServerImpl (RaftServerImpl.java:<init>(95)) - 7fda706b-4e23-4e10-baba-12810c05fbbb: new RaftServerImpl for group-E1C050BD5AE3:[7fda706b-4e23-4e10-baba-12810c05fbbb:192.168.151.99:32897] with ContainerStateMachine:uninitialized
2019-09-26 16:53:56,058 [pool-37-thread-1] INFO  server.RaftServerConfigKeys (ConfUtils.java:logGet(43)) - raft.server.rpc.timeout.min = 5s (custom)
2019-09-26 16:53:56,059 [pool-37-thread-1] INFO  server.RaftServerConfigKeys (ConfUtils.java:logGet(43)) - raft.server.rpc.timeout.max = 5200ms (custom)
2019-09-26 16:53:56,059 [pool-37-thread-1] INFO  server.RaftServerConfigKeys (ConfUtils.java:logGet(43)) - raft.server.rpcslowness.timeout = 120s (custom)
2019-09-26 16:53:56,059 [pool-37-thread-1] INFO  server.RaftServerConfigKeys (ConfUtils.java:logGet(43)) - raft.server.sleep.deviation.threshold = 300 (default)
2019-09-26 16:53:56,059 [pool-37-thread-1] INFO  server.RaftServerConfigKeys (ConfUtils.java:logGet(43)) - raft.server.log.appender.install.snapshot.enabled = false (custom)
2019-09-26 16:53:56,059 [pool-37-thread-1] INFO  impl.RaftServerImpl (ServerState.java:<init>(103)) - 7fda706b-4e23-4e10-baba-12810c05fbbb@group-E1C050BD5AE3: ConfigurationManager, init=-1: [7fda706b-4e23-4e10-baba-12810c05fbbb:192.168.151.99:32897], old=null, confs=<EMPTY_MAP>
2019-09-26 16:53:56,059 [pool-37-thread-1] INFO  server.RaftServerConfigKeys (ConfUtils.java:logGet(43)) - raft.server.storage.dir = [/workdir/hadoop-ozone/integration-test/target/test-dir/MiniOzoneClusterImpl-fdc3d401-fab1-4968-a84f-12bf762e2bbf/datanode-1/data/ratis] (custom)
2019-09-26 16:53:56,060 [579334d3-7c10-42f4-b10c-e6c2267ece25@group-FD3E4EB2D4C5:LeaderElection32] INFO  impl.RoleInfo (RoleInfo.java:updateAndGet(143)) - 579334d3-7c10-42f4-b10c-e6c2267ece25: start LeaderState
2019-09-26 16:53:56,060 [pool-37-thread-1] INFO  storage.RaftStorageDirectory (RaftStorageDirectory.java:analyzeStorage(246)) - The storage directory /workdir/hadoop-ozone/integration-test/target/test-dir/MiniOzoneClusterImpl-fdc3d401-fab1-4968-a84f-12bf762e2bbf/datanode-1/data/ratis/3d122901-a013-4d99-b11c-e1c050bd5ae3 does not exist. Creating ...
2019-09-26 16:53:56,060 [579334d3-7c10-42f4-b10c-e6c2267ece25@group-FD3E4EB2D4C5:LeaderElection32] INFO  segmented.SegmentedRaftLogWorker (SegmentedRaftLogWorker.java:startLogSegment(380)) - 579334d3-7c10-42f4-b10c-e6c2267ece25@group-FD3E4EB2D4C5-SegmentedRaftLogWorker: Starting segment from index:0
2019-09-26 16:53:56,060 [579334d3-7c10-42f4-b10c-e6c2267ece25@group-FD3E4EB2D4C5:LeaderElection32] INFO  impl.RaftServerImpl (ServerState.java:setRaftConf(354)) - 579334d3-7c10-42f4-b10c-e6c2267ece25@group-FD3E4EB2D4C5: set configuration 0: [579334d3-7c10-42f4-b10c-e6c2267ece25:192.168.151.99:34131], old=null at 0
2019-09-26 16:53:56,093 [pool-37-thread-1] INFO  storage.RaftStorageDirectory (RaftStorageDirectory.java:tryLock(328)) - Lock on /workdir/hadoop-ozone/integration-test/target/test-dir/MiniOzoneClusterImpl-fdc3d401-fab1-4968-a84f-12bf762e2bbf/datanode-1/data/ratis/3d122901-a013-4d99-b11c-e1c050bd5ae3/in_use.lock acquired by nodename 15096@pr-hdds-1569-g6sp5-2013761785
2019-09-26 16:53:56,106 [579334d3-7c10-42f4-b10c-e6c2267ece25@group-FD3E4EB2D4C5-SegmentedRaftLogWorker] INFO  segmented.SegmentedRaftLogWorker (SegmentedRaftLogWorker.java:execute(569)) - 579334d3-7c10-42f4-b10c-e6c2267ece25@group-FD3E4EB2D4C5-SegmentedRaftLogWorker: created new log segment /workdir/hadoop-ozone/integration-test/target/test-dir/MiniOzoneClusterImpl-fdc3d401-fab1-4968-a84f-12bf762e2bbf/datanode-2/data/ratis/5290883a-5833-4643-8774-fd3e4eb2d4c5/current/log_inprogress_0
2019-09-26 16:53:56,106 [pool-37-thread-1] INFO  storage.RaftStorage (RaftStorage.java:format(72)) - Storage directory /workdir/hadoop-ozone/integration-test/target/test-dir/MiniOzoneClusterImpl-fdc3d401-fab1-4968-a84f-12bf762e2bbf/datanode-1/data/ratis/3d122901-a013-4d99-b11c-e1c050bd5ae3 has been successfully formatted.
2019-09-26 16:53:56,107 [pool-37-thread-1] INFO  ratis.ContainerStateMachine (ContainerStateMachine.java:loadSnapshot(230)) - group-E1C050BD5AE3: The snapshot info is null. Setting the last applied indexto:(t:0, i:~)
2019-09-26 16:53:56,107 [pool-37-thread-1] INFO  server.RaftServerConfigKeys (ConfUtils.java:logGet(43)) - raft.server.notification.no-leader.timeout = 120s (custom)
2019-09-26 16:53:56,107 [pool-37-thread-1] INFO  server.RaftServerConfigKeys (ConfUtils.java:logGet(43)) - raft.server.log.use.memory = false (default)
2019-09-26 16:53:56,107 [pool-37-thread-1] INFO  server.RaftServerConfigKeys (ConfUtils.java:logGet(43)) - raft.server.log.purge.gap = 1000000 (custom)
2019-09-26 16:53:56,107 [pool-37-thread-1] INFO  server.RaftServerConfigKeys (ConfUtils.java:logGet(43)) - raft.server.log.appender.buffer.byte-limit = 33554432 (custom)
2019-09-26 16:53:56,108 [pool-37-thread-1] INFO  server.RaftServerConfigKeys (ConfUtils.java:logGet(43)) - raft.server.log.segment.size.max = 1048576 (custom)
2019-09-26 16:53:56,108 [pool-37-thread-1] INFO  server.RaftServerConfigKeys (ConfUtils.java:logGet(43)) - raft.server.log.segment.cache.num.max = 2 (custom)
2019-09-26 16:53:56,108 [pool-37-thread-1] INFO  segmented.SegmentedRaftLogWorker (SegmentedRaftLogWorker.java:<init>(172)) - new 7fda706b-4e23-4e10-baba-12810c05fbbb@group-E1C050BD5AE3-SegmentedRaftLogWorker for RaftStorage:Storage Directory /workdir/hadoop-ozone/integration-test/target/test-dir/MiniOzoneClusterImpl-fdc3d401-fab1-4968-a84f-12bf762e2bbf/datanode-1/data/ratis/3d122901-a013-4d99-b11c-e1c050bd5ae3
2019-09-26 16:53:56,108 [pool-37-thread-1] INFO  server.RaftServerConfigKeys (ConfUtils.java:logGet(43)) - raft.server.log.queue.byte-limit = 2147483647 (custom)
2019-09-26 16:53:56,108 [pool-37-thread-1] INFO  server.RaftServerConfigKeys (ConfUtils.java:logGet(43)) - raft.server.log.queue.element-limit = 1024 (custom)
2019-09-26 16:53:56,108 [pool-37-thread-1] INFO  server.RaftServerConfigKeys (ConfUtils.java:logGet(43)) - raft.server.log.segment.size.max = 1048576 (custom)
2019-09-26 16:53:56,109 [pool-37-thread-1] INFO  server.RaftServerConfigKeys (ConfUtils.java:logGet(43)) - raft.server.log.preallocated.size = 16384 (custom)
2019-09-26 16:53:56,109 [pool-37-thread-1] INFO  server.RaftServerConfigKeys (ConfUtils.java:logGet(43)) - raft.server.log.write.buffer.size = 33554432 (custom)
2019-09-26 16:53:56,109 [pool-37-thread-1] INFO  server.RaftServerConfigKeys (ConfUtils.java:logGet(43)) - raft.server.log.force.sync.num = 128 (default)
2019-09-26 16:53:56,109 [pool-37-thread-1] INFO  server.RaftServerConfigKeys (ConfUtils.java:logGet(43)) - raft.server.log.statemachine.data.sync = true (default)
2019-09-26 16:53:56,109 [pool-37-thread-1] INFO  server.RaftServerConfigKeys (ConfUtils.java:logGet(43)) - raft.server.log.statemachine.data.sync.timeout = 10s (default)
2019-09-26 16:53:56,109 [pool-37-thread-1] INFO  server.RaftServerConfigKeys (ConfUtils.java:logGet(43)) - raft.server.log.statemachine.data.sync.timeout.retry = -1 (default)
2019-09-26 16:53:56,110 [pool-37-thread-1] INFO  server.RaftServerConfigKeys (ConfUtils.java:logGet(43)) - raft.server.log.statemachine.data.caching.enabled = true (custom)
2019-09-26 16:53:56,110 [pool-37-thread-1] INFO  segmented.SegmentedRaftLogWorker (SegmentedRaftLogWorker.java:lambda$new$0(132)) - 7fda706b-4e23-4e10-baba-12810c05fbbb@group-E1C050BD5AE3-SegmentedRaftLogWorker: flushIndex: setUnconditionally 0 -> -1
2019-09-26 16:53:56,110 [pool-37-thread-1] INFO  server.RaftServerConfigKeys (ConfUtils.java:logGet(43)) - raft.server.snapshot.auto.trigger.enabled = true (custom)
2019-09-26 16:53:56,110 [pool-37-thread-1] INFO  server.RaftServerConfigKeys (ConfUtils.java:logGet(43)) - raft.server.snapshot.auto.trigger.threshold = 10000 (custom)
2019-09-26 16:53:56,111 [pool-37-thread-1] INFO  server.RaftServerConfigKeys (ConfUtils.java:logGet(43)) - raft.server.snapshot.retention.num.files = 5 (custom)
2019-09-26 16:53:56,111 [pool-37-thread-1] INFO  server.RaftServerConfigKeys (ConfUtils.java:logGet(43)) - raft.server.retrycache.expirytime = 600000ms (custom)
2019-09-26 16:53:56,113 [pool-37-thread-1] INFO  impl.RaftServerImpl (RaftServerImpl.java:start(185)) - 7fda706b-4e23-4e10-baba-12810c05fbbb@group-E1C050BD5AE3: start as a follower, conf=-1: [7fda706b-4e23-4e10-baba-12810c05fbbb:192.168.151.99:32897], old=null
2019-09-26 16:53:56,113 [pool-37-thread-1] INFO  impl.RaftServerImpl (RaftServerImpl.java:setRole(174)) - 7fda706b-4e23-4e10-baba-12810c05fbbb@group-E1C050BD5AE3: changes role from      null to FOLLOWER at term 0 for startAsFollower
2019-09-26 16:53:56,113 [pool-37-thread-1] INFO  impl.RoleInfo (RoleInfo.java:updateAndGet(143)) - 7fda706b-4e23-4e10-baba-12810c05fbbb: start FollowerState
2019-09-26 16:53:56,114 [pool-37-thread-1] INFO  util.JmxRegister (JmxRegister.java:tryRegister(44)) - Successfully registered JMX Bean with object name Ratis:service=RaftServer,group=group-E1C050BD5AE3,id=7fda706b-4e23-4e10-baba-12810c05fbbb
2019-09-26 16:53:56,116 [RatisPipelineUtilsThread] INFO  pipeline.PipelineStateManager (PipelineStateManager.java:addPipeline(56)) - Created pipeline Pipeline[ Id: 3d122901-a013-4d99-b11c-e1c050bd5ae3, Nodes: 7fda706b-4e23-4e10-baba-12810c05fbbb{ip: 192.168.151.99, host: pr-hdds-1569-g6sp5-2013761785, networkLocation: /default-rack, certSerialId: null}, Type:RATIS, Factor:ONE, State:OPEN]
2019-09-26 16:53:56,123 [grpc-default-executor-1] INFO  impl.RaftServerProxy (RaftServerProxy.java:addNew(89)) - 4a469c34-60df-4173-8d32-715e2ce97f5d: addNew group-F6117F20253A:[4a469c34-60df-4173-8d32-715e2ce97f5d:192.168.151.99:42442] returns group-F6117F20253A:java.util.concurrent.CompletableFuture@139a5599[Not completed]
2019-09-26 16:53:56,124 [pool-87-thread-1] INFO  impl.RaftServerImpl (RaftServerImpl.java:<init>(95)) - 4a469c34-60df-4173-8d32-715e2ce97f5d: new RaftServerImpl for group-F6117F20253A:[4a469c34-60df-4173-8d32-715e2ce97f5d:192.168.151.99:42442] with ContainerStateMachine:uninitialized
2019-09-26 16:53:56,124 [pool-87-thread-1] INFO  server.RaftServerConfigKeys (ConfUtils.java:logGet(43)) - raft.server.rpc.timeout.min = 5s (custom)
2019-09-26 16:53:56,124 [pool-87-thread-1] INFO  server.RaftServerConfigKeys (ConfUtils.java:logGet(43)) - raft.server.rpc.timeout.max = 5200ms (custom)
2019-09-26 16:53:56,124 [pool-87-thread-1] INFO  server.RaftServerConfigKeys (ConfUtils.java:logGet(43)) - raft.server.rpcslowness.timeout = 120s (custom)
2019-09-26 16:53:56,124 [pool-87-thread-1] INFO  server.RaftServerConfigKeys (ConfUtils.java:logGet(43)) - raft.server.sleep.deviation.threshold = 300 (default)
2019-09-26 16:53:56,125 [pool-87-thread-1] INFO  server.RaftServerConfigKeys (ConfUtils.java:logGet(43)) - raft.server.log.appender.install.snapshot.enabled = false (custom)
2019-09-26 16:53:56,125 [pool-87-thread-1] INFO  impl.RaftServerImpl (ServerState.java:<init>(103)) - 4a469c34-60df-4173-8d32-715e2ce97f5d@group-F6117F20253A: ConfigurationManager, init=-1: [4a469c34-60df-4173-8d32-715e2ce97f5d:192.168.151.99:42442], old=null, confs=<EMPTY_MAP>
2019-09-26 16:53:56,125 [pool-87-thread-1] INFO  server.RaftServerConfigKeys (ConfUtils.java:logGet(43)) - raft.server.storage.dir = [/workdir/hadoop-ozone/integration-test/target/test-dir/MiniOzoneClusterImpl-fdc3d401-fab1-4968-a84f-12bf762e2bbf/datanode-6/data/ratis] (custom)
2019-09-26 16:53:56,126 [pool-87-thread-1] INFO  storage.RaftStorageDirectory (RaftStorageDirectory.java:analyzeStorage(246)) - The storage directory /workdir/hadoop-ozone/integration-test/target/test-dir/MiniOzoneClusterImpl-fdc3d401-fab1-4968-a84f-12bf762e2bbf/datanode-6/data/ratis/1927f853-d5b7-4dd0-8dbb-f6117f20253a does not exist. Creating ...
2019-09-26 16:53:56,164 [pool-87-thread-1] INFO  storage.RaftStorageDirectory (RaftStorageDirectory.java:tryLock(328)) - Lock on /workdir/hadoop-ozone/integration-test/target/test-dir/MiniOzoneClusterImpl-fdc3d401-fab1-4968-a84f-12bf762e2bbf/datanode-6/data/ratis/1927f853-d5b7-4dd0-8dbb-f6117f20253a/in_use.lock acquired by nodename 15096@pr-hdds-1569-g6sp5-2013761785
2019-09-26 16:53:56,181 [Thread-340] INFO  impl.FollowerState (FollowerState.java:run(106)) - 4a469c34-60df-4173-8d32-715e2ce97f5d:group-E4C1A29B1F51 changes to CANDIDATE, lastRpcTime:5168, electionTimeout:5168ms
2019-09-26 16:53:56,181 [Thread-340] INFO  impl.RoleInfo (RoleInfo.java:shutdownFollowerState(121)) - 4a469c34-60df-4173-8d32-715e2ce97f5d: shutdown FollowerState
2019-09-26 16:53:56,181 [Thread-340] INFO  impl.RaftServerImpl (RaftServerImpl.java:setRole(174)) - 4a469c34-60df-4173-8d32-715e2ce97f5d@group-E4C1A29B1F51: changes role from  FOLLOWER to CANDIDATE at term 0 for changeToCandidate
2019-09-26 16:53:56,181 [Thread-340] INFO  impl.RoleInfo (RoleInfo.java:updateAndGet(143)) - 4a469c34-60df-4173-8d32-715e2ce97f5d: start LeaderElection
2019-09-26 16:53:56,189 [pool-87-thread-1] INFO  storage.RaftStorage (RaftStorage.java:format(72)) - Storage directory /workdir/hadoop-ozone/integration-test/target/test-dir/MiniOzoneClusterImpl-fdc3d401-fab1-4968-a84f-12bf762e2bbf/datanode-6/data/ratis/1927f853-d5b7-4dd0-8dbb-f6117f20253a has been successfully formatted.
2019-09-26 16:53:56,189 [pool-87-thread-1] INFO  ratis.ContainerStateMachine (ContainerStateMachine.java:loadSnapshot(230)) - group-F6117F20253A: The snapshot info is null. Setting the last applied indexto:(t:0, i:~)
2019-09-26 16:53:56,189 [pool-87-thread-1] INFO  server.RaftServerConfigKeys (ConfUtils.java:logGet(43)) - raft.server.notification.no-leader.timeout = 120s (custom)
2019-09-26 16:53:56,189 [pool-87-thread-1] INFO  server.RaftServerConfigKeys (ConfUtils.java:logGet(43)) - raft.server.log.use.memory = false (default)
2019-09-26 16:53:56,189 [pool-87-thread-1] INFO  server.RaftServerConfigKeys (ConfUtils.java:logGet(43)) - raft.server.log.purge.gap = 1000000 (custom)
2019-09-26 16:53:56,190 [pool-87-thread-1] INFO  server.RaftServerConfigKeys (ConfUtils.java:logGet(43)) - raft.server.log.appender.buffer.byte-limit = 33554432 (custom)
2019-09-26 16:53:56,190 [pool-87-thread-1] INFO  server.RaftServerConfigKeys (ConfUtils.java:logGet(43)) - raft.server.log.segment.size.max = 1048576 (custom)
2019-09-26 16:53:56,190 [pool-87-thread-1] INFO  server.RaftServerConfigKeys (ConfUtils.java:logGet(43)) - raft.server.log.segment.cache.num.max = 2 (custom)
2019-09-26 16:53:56,190 [pool-87-thread-1] INFO  segmented.SegmentedRaftLogWorker (SegmentedRaftLogWorker.java:<init>(172)) - new 4a469c34-60df-4173-8d32-715e2ce97f5d@group-F6117F20253A-SegmentedRaftLogWorker for RaftStorage:Storage Directory /workdir/hadoop-ozone/integration-test/target/test-dir/MiniOzoneClusterImpl-fdc3d401-fab1-4968-a84f-12bf762e2bbf/datanode-6/data/ratis/1927f853-d5b7-4dd0-8dbb-f6117f20253a
2019-09-26 16:53:56,190 [4a469c34-60df-4173-8d32-715e2ce97f5d@group-E4C1A29B1F51:LeaderElection33] INFO  impl.LeaderElection (LeaderElection.java:askForVotes(182)) - 4a469c34-60df-4173-8d32-715e2ce97f5d@group-E4C1A29B1F51:LeaderElection33: begin an election at term 1 for -1: [4a469c34-60df-4173-8d32-715e2ce97f5d:192.168.151.99:42442], old=null
2019-09-26 16:53:56,190 [pool-87-thread-1] INFO  server.RaftServerConfigKeys (ConfUtils.java:logGet(43)) - raft.server.log.queue.byte-limit = 2147483647 (custom)
2019-09-26 16:53:56,191 [4a469c34-60df-4173-8d32-715e2ce97f5d@group-E4C1A29B1F51:LeaderElection33] INFO  impl.RoleInfo (RoleInfo.java:shutdownLeaderElection(134)) - 4a469c34-60df-4173-8d32-715e2ce97f5d: shutdown LeaderElection
2019-09-26 16:53:56,191 [pool-87-thread-1] INFO  server.RaftServerConfigKeys (ConfUtils.java:logGet(43)) - raft.server.log.queue.element-limit = 1024 (custom)
2019-09-26 16:53:56,191 [4a469c34-60df-4173-8d32-715e2ce97f5d@group-E4C1A29B1F51:LeaderElection33] INFO  impl.RaftServerImpl (RaftServerImpl.java:setRole(174)) - 4a469c34-60df-4173-8d32-715e2ce97f5d@group-E4C1A29B1F51: changes role from CANDIDATE to LEADER at term 1 for changeToLeader
2019-09-26 16:53:56,191 [pool-87-thread-1] INFO  server.RaftServerConfigKeys (ConfUtils.java:logGet(43)) - raft.server.log.segment.size.max = 1048576 (custom)
2019-09-26 16:53:56,191 [4a469c34-60df-4173-8d32-715e2ce97f5d@group-E4C1A29B1F51:LeaderElection33] INFO  impl.RaftServerImpl (ServerState.java:setLeader(253)) - 4a469c34-60df-4173-8d32-715e2ce97f5d@group-E4C1A29B1F51: change Leader from null to 4a469c34-60df-4173-8d32-715e2ce97f5d at term 1 for becomeLeader, leader elected after 5186ms
2019-09-26 16:53:56,191 [pool-87-thread-1] INFO  server.RaftServerConfigKeys (ConfUtils.java:logGet(43)) - raft.server.log.preallocated.size = 16384 (custom)
2019-09-26 16:53:56,192 [4a469c34-60df-4173-8d32-715e2ce97f5d@group-E4C1A29B1F51:LeaderElection33] INFO  server.RaftServerConfigKeys (ConfUtils.java:logGet(43)) - raft.server.staging.catchup.gap = 1000 (default)
2019-09-26 16:53:56,192 [pool-87-thread-1] INFO  server.RaftServerConfigKeys (ConfUtils.java:logGet(43)) - raft.server.log.write.buffer.size = 33554432 (custom)
2019-09-26 16:53:56,192 [4a469c34-60df-4173-8d32-715e2ce97f5d@group-E4C1A29B1F51:LeaderElection33] INFO  server.RaftServerConfigKeys (ConfUtils.java:logGet(43)) - raft.server.rpc.sleep.time = 25ms (default)
2019-09-26 16:53:56,192 [pool-87-thread-1] INFO  server.RaftServerConfigKeys (ConfUtils.java:logGet(43)) - raft.server.log.force.sync.num = 128 (default)
2019-09-26 16:53:56,192 [4a469c34-60df-4173-8d32-715e2ce97f5d@group-E4C1A29B1F51:LeaderElection33] INFO  server.RaftServerConfigKeys (ConfUtils.java:logGet(43)) - raft.server.write.element-limit = 4096 (default)
2019-09-26 16:53:56,192 [pool-87-thread-1] INFO  server.RaftServerConfigKeys (ConfUtils.java:logGet(43)) - raft.server.log.statemachine.data.sync = true (default)
2019-09-26 16:53:56,193 [4a469c34-60df-4173-8d32-715e2ce97f5d@group-E4C1A29B1F51:LeaderElection33] INFO  server.RaftServerConfigKeys (ConfUtils.java:logGet(43)) - raft.server.watch.timeout = 10s (default)
2019-09-26 16:53:56,193 [pool-87-thread-1] INFO  server.RaftServerConfigKeys (ConfUtils.java:logGet(43)) - raft.server.log.statemachine.data.sync.timeout = 10s (default)
2019-09-26 16:53:56,193 [4a469c34-60df-4173-8d32-715e2ce97f5d@group-E4C1A29B1F51:LeaderElection33] INFO  server.RaftServerConfigKeys (ConfUtils.java:logGet(43)) - raft.server.watch.timeout.denomination = 1s (default)
2019-09-26 16:53:56,193 [pool-87-thread-1] INFO  server.RaftServerConfigKeys (ConfUtils.java:logGet(43)) - raft.server.log.statemachine.data.sync.timeout.retry = -1 (default)
2019-09-26 16:53:56,193 [4a469c34-60df-4173-8d32-715e2ce97f5d@group-E4C1A29B1F51:LeaderElection33] INFO  server.RaftServerConfigKeys (ConfUtils.java:logGet(43)) - raft.server.watch.element-limit = 65536 (default)
2019-09-26 16:53:56,193 [pool-87-thread-1] INFO  server.RaftServerConfigKeys (ConfUtils.java:logGet(43)) - raft.server.log.statemachine.data.caching.enabled = true (custom)
2019-09-26 16:53:56,194 [pool-87-thread-1] INFO  segmented.SegmentedRaftLogWorker (SegmentedRaftLogWorker.java:lambda$new$0(132)) - 4a469c34-60df-4173-8d32-715e2ce97f5d@group-F6117F20253A-SegmentedRaftLogWorker: flushIndex: setUnconditionally 0 -> -1
2019-09-26 16:53:56,194 [pool-87-thread-1] INFO  server.RaftServerConfigKeys (ConfUtils.java:logGet(43)) - raft.server.snapshot.auto.trigger.enabled = true (custom)
2019-09-26 16:53:56,195 [pool-87-thread-1] INFO  server.RaftServerConfigKeys (ConfUtils.java:logGet(43)) - raft.server.snapshot.auto.trigger.threshold = 10000 (custom)
2019-09-26 16:53:56,195 [pool-87-thread-1] INFO  server.RaftServerConfigKeys (ConfUtils.java:logGet(43)) - raft.server.snapshot.retention.num.files = 5 (custom)
2019-09-26 16:53:56,195 [pool-87-thread-1] INFO  server.RaftServerConfigKeys (ConfUtils.java:logGet(43)) - raft.server.retrycache.expirytime = 600000ms (custom)
2019-09-26 16:53:56,195 [4a469c34-60df-4173-8d32-715e2ce97f5d@group-E4C1A29B1F51:LeaderElection33] INFO  impl.RoleInfo (RoleInfo.java:updateAndGet(143)) - 4a469c34-60df-4173-8d32-715e2ce97f5d: start LeaderState
2019-09-26 16:53:56,195 [4a469c34-60df-4173-8d32-715e2ce97f5d@group-E4C1A29B1F51:LeaderElection33] INFO  segmented.SegmentedRaftLogWorker (SegmentedRaftLogWorker.java:startLogSegment(380)) - 4a469c34-60df-4173-8d32-715e2ce97f5d@group-E4C1A29B1F51-SegmentedRaftLogWorker: Starting segment from index:0
2019-09-26 16:53:56,196 [4a469c34-60df-4173-8d32-715e2ce97f5d@group-E4C1A29B1F51:LeaderElection33] INFO  impl.RaftServerImpl (ServerState.java:setRaftConf(354)) - 4a469c34-60df-4173-8d32-715e2ce97f5d@group-E4C1A29B1F51: set configuration 0: [4a469c34-60df-4173-8d32-715e2ce97f5d:192.168.151.99:42442], old=null at 0
2019-09-26 16:53:56,238 [Thread-343] INFO  impl.FollowerState (FollowerState.java:run(106)) - deac9605-e739-4d95-8360-f57df793faca:group-DF2AC5B19148 changes to CANDIDATE, lastRpcTime:5171, electionTimeout:5134ms
2019-09-26 16:53:56,238 [Thread-343] INFO  impl.RoleInfo (RoleInfo.java:shutdownFollowerState(121)) - deac9605-e739-4d95-8360-f57df793faca: shutdown FollowerState
2019-09-26 16:53:56,238 [Thread-343] INFO  impl.RaftServerImpl (RaftServerImpl.java:setRole(174)) - deac9605-e739-4d95-8360-f57df793faca@group-DF2AC5B19148: changes role from  FOLLOWER to CANDIDATE at term 0 for changeToCandidate
2019-09-26 16:53:56,238 [Thread-343] INFO  impl.RoleInfo (RoleInfo.java:updateAndGet(143)) - deac9605-e739-4d95-8360-f57df793faca: start LeaderElection
2019-09-26 16:53:56,239 [pool-87-thread-1] INFO  impl.RaftServerImpl (RaftServerImpl.java:start(185)) - 4a469c34-60df-4173-8d32-715e2ce97f5d@group-F6117F20253A: start as a follower, conf=-1: [4a469c34-60df-4173-8d32-715e2ce97f5d:192.168.151.99:42442], old=null
2019-09-26 16:53:56,242 [pool-87-thread-1] INFO  impl.RaftServerImpl (RaftServerImpl.java:setRole(174)) - 4a469c34-60df-4173-8d32-715e2ce97f5d@group-F6117F20253A: changes role from      null to FOLLOWER at term 0 for startAsFollower
2019-09-26 16:53:56,242 [pool-87-thread-1] INFO  impl.RoleInfo (RoleInfo.java:updateAndGet(143)) - 4a469c34-60df-4173-8d32-715e2ce97f5d: start FollowerState
2019-09-26 16:53:56,243 [pool-87-thread-1] INFO  util.JmxRegister (JmxRegister.java:tryRegister(44)) - Successfully registered JMX Bean with object name Ratis:service=RaftServer,group=group-F6117F20253A,id=4a469c34-60df-4173-8d32-715e2ce97f5d
2019-09-26 16:53:56,246 [RatisPipelineUtilsThread] INFO  pipeline.PipelineStateManager (PipelineStateManager.java:addPipeline(56)) - Created pipeline Pipeline[ Id: 1927f853-d5b7-4dd0-8dbb-f6117f20253a, Nodes: 4a469c34-60df-4173-8d32-715e2ce97f5d{ip: 192.168.151.99, host: pr-hdds-1569-g6sp5-2013761785, networkLocation: /default-rack, certSerialId: null}, Type:RATIS, Factor:ONE, State:OPEN]
2019-09-26 16:53:56,251 [4a469c34-60df-4173-8d32-715e2ce97f5d@group-E4C1A29B1F51-SegmentedRaftLogWorker] INFO  segmented.SegmentedRaftLogWorker (SegmentedRaftLogWorker.java:execute(569)) - 4a469c34-60df-4173-8d32-715e2ce97f5d@group-E4C1A29B1F51-SegmentedRaftLogWorker: created new log segment /workdir/hadoop-ozone/integration-test/target/test-dir/MiniOzoneClusterImpl-fdc3d401-fab1-4968-a84f-12bf762e2bbf/datanode-6/data/ratis/05694602-3b31-4f7a-8faa-e4c1a29b1f51/current/log_inprogress_0
2019-09-26 16:53:56,251 [deac9605-e739-4d95-8360-f57df793faca@group-DF2AC5B19148:LeaderElection34] INFO  impl.LeaderElection (LeaderElection.java:askForVotes(182)) - deac9605-e739-4d95-8360-f57df793faca@group-DF2AC5B19148:LeaderElection34: begin an election at term 1 for -1: [deac9605-e739-4d95-8360-f57df793faca:192.168.151.99:46601], old=null
2019-09-26 16:53:56,251 [deac9605-e739-4d95-8360-f57df793faca@group-DF2AC5B19148:LeaderElection34] INFO  impl.RoleInfo (RoleInfo.java:shutdownLeaderElection(134)) - deac9605-e739-4d95-8360-f57df793faca: shutdown LeaderElection
2019-09-26 16:53:56,251 [deac9605-e739-4d95-8360-f57df793faca@group-DF2AC5B19148:LeaderElection34] INFO  impl.RaftServerImpl (RaftServerImpl.java:setRole(174)) - deac9605-e739-4d95-8360-f57df793faca@group-DF2AC5B19148: changes role from CANDIDATE to LEADER at term 1 for changeToLeader
2019-09-26 16:53:56,251 [deac9605-e739-4d95-8360-f57df793faca@group-DF2AC5B19148:LeaderElection34] INFO  impl.RaftServerImpl (ServerState.java:setLeader(253)) - deac9605-e739-4d95-8360-f57df793faca@group-DF2AC5B19148: change Leader from null to deac9605-e739-4d95-8360-f57df793faca at term 1 for becomeLeader, leader elected after 5191ms
2019-09-26 16:53:56,252 [deac9605-e739-4d95-8360-f57df793faca@group-DF2AC5B19148:LeaderElection34] INFO  server.RaftServerConfigKeys (ConfUtils.java:logGet(43)) - raft.server.staging.catchup.gap = 1000 (default)
2019-09-26 16:53:56,252 [deac9605-e739-4d95-8360-f57df793faca@group-DF2AC5B19148:LeaderElection34] INFO  server.RaftServerConfigKeys (ConfUtils.java:logGet(43)) - raft.server.rpc.sleep.time = 25ms (default)
2019-09-26 16:53:56,252 [deac9605-e739-4d95-8360-f57df793faca@group-DF2AC5B19148:LeaderElection34] INFO  server.RaftServerConfigKeys (ConfUtils.java:logGet(43)) - raft.server.write.element-limit = 4096 (default)
2019-09-26 16:53:56,252 [deac9605-e739-4d95-8360-f57df793faca@group-DF2AC5B19148:LeaderElection34] INFO  server.RaftServerConfigKeys (ConfUtils.java:logGet(43)) - raft.server.watch.timeout = 10s (default)
2019-09-26 16:53:56,252 [deac9605-e739-4d95-8360-f57df793faca@group-DF2AC5B19148:LeaderElection34] INFO  server.RaftServerConfigKeys (ConfUtils.java:logGet(43)) - raft.server.watch.timeout.denomination = 1s (default)
2019-09-26 16:53:56,252 [deac9605-e739-4d95-8360-f57df793faca@group-DF2AC5B19148:LeaderElection34] INFO  server.RaftServerConfigKeys (ConfUtils.java:logGet(43)) - raft.server.watch.element-limit = 65536 (default)
2019-09-26 16:53:56,253 [grpc-default-executor-1] INFO  impl.RaftServerProxy (RaftServerProxy.java:addNew(89)) - 862ec94c-cd2d-47b3-b563-7d6c2816cb58: addNew group-C38715E9C60B:[862ec94c-cd2d-47b3-b563-7d6c2816cb58:192.168.151.99:36916] returns group-C38715E9C60B:java.util.concurrent.CompletableFuture@10571c73[Not completed]
2019-09-26 16:53:56,254 [pool-67-thread-1] INFO  impl.RaftServerImpl (RaftServerImpl.java:<init>(95)) - 862ec94c-cd2d-47b3-b563-7d6c2816cb58: new RaftServerImpl for group-C38715E9C60B:[862ec94c-cd2d-47b3-b563-7d6c2816cb58:192.168.151.99:36916] with ContainerStateMachine:uninitialized
2019-09-26 16:53:56,254 [pool-67-thread-1] INFO  server.RaftServerConfigKeys (ConfUtils.java:logGet(43)) - raft.server.rpc.timeout.min = 5s (custom)
2019-09-26 16:53:56,255 [pool-67-thread-1] INFO  server.RaftServerConfigKeys (ConfUtils.java:logGet(43)) - raft.server.rpc.timeout.max = 5200ms (custom)
2019-09-26 16:53:56,255 [deac9605-e739-4d95-8360-f57df793faca@group-DF2AC5B19148:LeaderElection34] INFO  impl.RoleInfo (RoleInfo.java:updateAndGet(143)) - deac9605-e739-4d95-8360-f57df793faca: start LeaderState
2019-09-26 16:53:56,255 [pool-67-thread-1] INFO  server.RaftServerConfigKeys (ConfUtils.java:logGet(43)) - raft.server.rpcslowness.timeout = 120s (custom)
2019-09-26 16:53:56,255 [deac9605-e739-4d95-8360-f57df793faca@group-DF2AC5B19148:LeaderElection34] INFO  segmented.SegmentedRaftLogWorker (SegmentedRaftLogWorker.java:startLogSegment(380)) - deac9605-e739-4d95-8360-f57df793faca@group-DF2AC5B19148-SegmentedRaftLogWorker: Starting segment from index:0
2019-09-26 16:53:56,255 [pool-67-thread-1] INFO  server.RaftServerConfigKeys (ConfUtils.java:logGet(43)) - raft.server.sleep.deviation.threshold = 300 (default)
2019-09-26 16:53:56,255 [pool-67-thread-1] INFO  server.RaftServerConfigKeys (ConfUtils.java:logGet(43)) - raft.server.log.appender.install.snapshot.enabled = false (custom)
2019-09-26 16:53:56,256 [pool-67-thread-1] INFO  impl.RaftServerImpl (ServerState.java:<init>(103)) - 862ec94c-cd2d-47b3-b563-7d6c2816cb58@group-C38715E9C60B: ConfigurationManager, init=-1: [862ec94c-cd2d-47b3-b563-7d6c2816cb58:192.168.151.99:36916], old=null, confs=<EMPTY_MAP>
2019-09-26 16:53:56,256 [deac9605-e739-4d95-8360-f57df793faca@group-DF2AC5B19148:LeaderElection34] INFO  impl.RaftServerImpl (ServerState.java:setRaftConf(354)) - deac9605-e739-4d95-8360-f57df793faca@group-DF2AC5B19148: set configuration 0: [deac9605-e739-4d95-8360-f57df793faca:192.168.151.99:46601], old=null at 0
2019-09-26 16:53:56,256 [pool-67-thread-1] INFO  server.RaftServerConfigKeys (ConfUtils.java:logGet(43)) - raft.server.storage.dir = [/workdir/hadoop-ozone/integration-test/target/test-dir/MiniOzoneClusterImpl-fdc3d401-fab1-4968-a84f-12bf762e2bbf/datanode-4/data/ratis] (custom)
2019-09-26 16:53:56,294 [Thread-349] INFO  impl.FollowerState (FollowerState.java:run(106)) - 7fda706b-4e23-4e10-baba-12810c05fbbb:group-C74506AE53A7 changes to CANDIDATE, lastRpcTime:5095, electionTimeout:5087ms
2019-09-26 16:53:56,294 [Thread-346] INFO  impl.FollowerState (FollowerState.java:run(106)) - 579334d3-7c10-42f4-b10c-e6c2267ece25:group-CC9C0A96627A changes to CANDIDATE, lastRpcTime:5157, electionTimeout:5151ms
2019-09-26 16:53:56,296 [Thread-349] INFO  impl.RoleInfo (RoleInfo.java:shutdownFollowerState(121)) - 7fda706b-4e23-4e10-baba-12810c05fbbb: shutdown FollowerState
2019-09-26 16:53:56,296 [Thread-346] INFO  impl.RoleInfo (RoleInfo.java:shutdownFollowerState(121)) - 579334d3-7c10-42f4-b10c-e6c2267ece25: shutdown FollowerState
2019-09-26 16:53:56,296 [pool-67-thread-1] INFO  storage.RaftStorageDirectory (RaftStorageDirectory.java:analyzeStorage(246)) - The storage directory /workdir/hadoop-ozone/integration-test/target/test-dir/MiniOzoneClusterImpl-fdc3d401-fab1-4968-a84f-12bf762e2bbf/datanode-4/data/ratis/5b4da7b8-5a7e-401c-b3e2-c38715e9c60b does not exist. Creating ...
2019-09-26 16:53:56,296 [Thread-346] INFO  impl.RaftServerImpl (RaftServerImpl.java:setRole(174)) - 579334d3-7c10-42f4-b10c-e6c2267ece25@group-CC9C0A96627A: changes role from  FOLLOWER to CANDIDATE at term 0 for changeToCandidate
2019-09-26 16:53:56,296 [Thread-349] INFO  impl.RaftServerImpl (RaftServerImpl.java:setRole(174)) - 7fda706b-4e23-4e10-baba-12810c05fbbb@group-C74506AE53A7: changes role from  FOLLOWER to CANDIDATE at term 0 for changeToCandidate
2019-09-26 16:53:56,310 [Thread-346] INFO  impl.RoleInfo (RoleInfo.java:updateAndGet(143)) - 579334d3-7c10-42f4-b10c-e6c2267ece25: start LeaderElection
2019-09-26 16:53:56,310 [deac9605-e739-4d95-8360-f57df793faca@group-DF2AC5B19148-SegmentedRaftLogWorker] INFO  segmented.SegmentedRaftLogWorker (SegmentedRaftLogWorker.java:execute(569)) - deac9605-e739-4d95-8360-f57df793faca@group-DF2AC5B19148-SegmentedRaftLogWorker: created new log segment /workdir/hadoop-ozone/integration-test/target/test-dir/MiniOzoneClusterImpl-fdc3d401-fab1-4968-a84f-12bf762e2bbf/datanode-0/data/ratis/70fc9def-0f55-41ff-8268-df2ac5b19148/current/log_inprogress_0
2019-09-26 16:53:56,310 [Thread-349] INFO  impl.RoleInfo (RoleInfo.java:updateAndGet(143)) - 7fda706b-4e23-4e10-baba-12810c05fbbb: start LeaderElection
2019-09-26 16:53:56,324 [pool-67-thread-1] INFO  storage.RaftStorageDirectory (RaftStorageDirectory.java:tryLock(328)) - Lock on /workdir/hadoop-ozone/integration-test/target/test-dir/MiniOzoneClusterImpl-fdc3d401-fab1-4968-a84f-12bf762e2bbf/datanode-4/data/ratis/5b4da7b8-5a7e-401c-b3e2-c38715e9c60b/in_use.lock acquired by nodename 15096@pr-hdds-1569-g6sp5-2013761785
2019-09-26 16:53:56,324 [7fda706b-4e23-4e10-baba-12810c05fbbb@group-C74506AE53A7:LeaderElection36] INFO  impl.LeaderElection (LeaderElection.java:askForVotes(182)) - 7fda706b-4e23-4e10-baba-12810c05fbbb@group-C74506AE53A7:LeaderElection36: begin an election at term 1 for -1: [7fda706b-4e23-4e10-baba-12810c05fbbb:192.168.151.99:32897], old=null
2019-09-26 16:53:56,324 [579334d3-7c10-42f4-b10c-e6c2267ece25@group-CC9C0A96627A:LeaderElection35] INFO  impl.LeaderElection (LeaderElection.java:askForVotes(182)) - 579334d3-7c10-42f4-b10c-e6c2267ece25@group-CC9C0A96627A:LeaderElection35: begin an election at term 1 for -1: [579334d3-7c10-42f4-b10c-e6c2267ece25:192.168.151.99:34131], old=null
2019-09-26 16:53:56,324 [7fda706b-4e23-4e10-baba-12810c05fbbb@group-C74506AE53A7:LeaderElection36] INFO  impl.RoleInfo (RoleInfo.java:shutdownLeaderElection(134)) - 7fda706b-4e23-4e10-baba-12810c05fbbb: shutdown LeaderElection
2019-09-26 16:53:56,324 [579334d3-7c10-42f4-b10c-e6c2267ece25@group-CC9C0A96627A:LeaderElection35] INFO  impl.RoleInfo (RoleInfo.java:shutdownLeaderElection(134)) - 579334d3-7c10-42f4-b10c-e6c2267ece25: shutdown LeaderElection
2019-09-26 16:53:56,325 [7fda706b-4e23-4e10-baba-12810c05fbbb@group-C74506AE53A7:LeaderElection36] INFO  impl.RaftServerImpl (RaftServerImpl.java:setRole(174)) - 7fda706b-4e23-4e10-baba-12810c05fbbb@group-C74506AE53A7: changes role from CANDIDATE to LEADER at term 1 for changeToLeader
2019-09-26 16:53:56,325 [579334d3-7c10-42f4-b10c-e6c2267ece25@group-CC9C0A96627A:LeaderElection35] INFO  impl.RaftServerImpl (RaftServerImpl.java:setRole(174)) - 579334d3-7c10-42f4-b10c-e6c2267ece25@group-CC9C0A96627A: changes role from CANDIDATE to LEADER at term 1 for changeToLeader
2019-09-26 16:53:56,325 [7fda706b-4e23-4e10-baba-12810c05fbbb@group-C74506AE53A7:LeaderElection36] INFO  impl.RaftServerImpl (ServerState.java:setLeader(253)) - 7fda706b-4e23-4e10-baba-12810c05fbbb@group-C74506AE53A7: change Leader from null to 7fda706b-4e23-4e10-baba-12810c05fbbb at term 1 for becomeLeader, leader elected after 5133ms
2019-09-26 16:53:56,325 [579334d3-7c10-42f4-b10c-e6c2267ece25@group-CC9C0A96627A:LeaderElection35] INFO  impl.RaftServerImpl (ServerState.java:setLeader(253)) - 579334d3-7c10-42f4-b10c-e6c2267ece25@group-CC9C0A96627A: change Leader from null to 579334d3-7c10-42f4-b10c-e6c2267ece25 at term 1 for becomeLeader, leader elected after 5196ms
2019-09-26 16:53:56,325 [7fda706b-4e23-4e10-baba-12810c05fbbb@group-C74506AE53A7:LeaderElection36] INFO  server.RaftServerConfigKeys (ConfUtils.java:logGet(43)) - raft.server.staging.catchup.gap = 1000 (default)
2019-09-26 16:53:56,325 [579334d3-7c10-42f4-b10c-e6c2267ece25@group-CC9C0A96627A:LeaderElection35] INFO  server.RaftServerConfigKeys (ConfUtils.java:logGet(43)) - raft.server.staging.catchup.gap = 1000 (default)
2019-09-26 16:53:56,325 [7fda706b-4e23-4e10-baba-12810c05fbbb@group-C74506AE53A7:LeaderElection36] INFO  server.RaftServerConfigKeys (ConfUtils.java:logGet(43)) - raft.server.rpc.sleep.time = 25ms (default)
2019-09-26 16:53:56,326 [579334d3-7c10-42f4-b10c-e6c2267ece25@group-CC9C0A96627A:LeaderElection35] INFO  server.RaftServerConfigKeys (ConfUtils.java:logGet(43)) - raft.server.rpc.sleep.time = 25ms (default)
2019-09-26 16:53:56,326 [7fda706b-4e23-4e10-baba-12810c05fbbb@group-C74506AE53A7:LeaderElection36] INFO  server.RaftServerConfigKeys (ConfUtils.java:logGet(43)) - raft.server.write.element-limit = 4096 (default)
2019-09-26 16:53:56,326 [579334d3-7c10-42f4-b10c-e6c2267ece25@group-CC9C0A96627A:LeaderElection35] INFO  server.RaftServerConfigKeys (ConfUtils.java:logGet(43)) - raft.server.write.element-limit = 4096 (default)
2019-09-26 16:53:56,326 [7fda706b-4e23-4e10-baba-12810c05fbbb@group-C74506AE53A7:LeaderElection36] INFO  server.RaftServerConfigKeys (ConfUtils.java:logGet(43)) - raft.server.watch.timeout = 10s (default)
2019-09-26 16:53:56,326 [579334d3-7c10-42f4-b10c-e6c2267ece25@group-CC9C0A96627A:LeaderElection35] INFO  server.RaftServerConfigKeys (ConfUtils.java:logGet(43)) - raft.server.watch.timeout = 10s (default)
2019-09-26 16:53:56,326 [7fda706b-4e23-4e10-baba-12810c05fbbb@group-C74506AE53A7:LeaderElection36] INFO  server.RaftServerConfigKeys (ConfUtils.java:logGet(43)) - raft.server.watch.timeout.denomination = 1s (default)
2019-09-26 16:53:56,326 [579334d3-7c10-42f4-b10c-e6c2267ece25@group-CC9C0A96627A:LeaderElection35] INFO  server.RaftServerConfigKeys (ConfUtils.java:logGet(43)) - raft.server.watch.timeout.denomination = 1s (default)
2019-09-26 16:53:56,327 [7fda706b-4e23-4e10-baba-12810c05fbbb@group-C74506AE53A7:LeaderElection36] INFO  server.RaftServerConfigKeys (ConfUtils.java:logGet(43)) - raft.server.watch.element-limit = 65536 (default)
2019-09-26 16:53:56,327 [579334d3-7c10-42f4-b10c-e6c2267ece25@group-CC9C0A96627A:LeaderElection35] INFO  server.RaftServerConfigKeys (ConfUtils.java:logGet(43)) - raft.server.watch.element-limit = 65536 (default)
2019-09-26 16:53:56,330 [7fda706b-4e23-4e10-baba-12810c05fbbb@group-C74506AE53A7:LeaderElection36] INFO  impl.RoleInfo (RoleInfo.java:updateAndGet(143)) - 7fda706b-4e23-4e10-baba-12810c05fbbb: start LeaderState
2019-09-26 16:53:56,330 [579334d3-7c10-42f4-b10c-e6c2267ece25@group-CC9C0A96627A:LeaderElection35] INFO  impl.RoleInfo (RoleInfo.java:updateAndGet(143)) - 579334d3-7c10-42f4-b10c-e6c2267ece25: start LeaderState
2019-09-26 16:53:56,330 [7fda706b-4e23-4e10-baba-12810c05fbbb@group-C74506AE53A7:LeaderElection36] INFO  segmented.SegmentedRaftLogWorker (SegmentedRaftLogWorker.java:startLogSegment(380)) - 7fda706b-4e23-4e10-baba-12810c05fbbb@group-C74506AE53A7-SegmentedRaftLogWorker: Starting segment from index:0
2019-09-26 16:53:56,330 [579334d3-7c10-42f4-b10c-e6c2267ece25@group-CC9C0A96627A:LeaderElection35] INFO  segmented.SegmentedRaftLogWorker (SegmentedRaftLogWorker.java:startLogSegment(380)) - 579334d3-7c10-42f4-b10c-e6c2267ece25@group-CC9C0A96627A-SegmentedRaftLogWorker: Starting segment from index:0
2019-09-26 16:53:56,331 [7fda706b-4e23-4e10-baba-12810c05fbbb@group-C74506AE53A7:LeaderElection36] INFO  impl.RaftServerImpl (ServerState.java:setRaftConf(354)) - 7fda706b-4e23-4e10-baba-12810c05fbbb@group-C74506AE53A7: set configuration 0: [7fda706b-4e23-4e10-baba-12810c05fbbb:192.168.151.99:32897], old=null at 0
2019-09-26 16:53:56,371 [579334d3-7c10-42f4-b10c-e6c2267ece25@group-CC9C0A96627A:LeaderElection35] INFO  impl.RaftServerImpl (ServerState.java:setRaftConf(354)) - 579334d3-7c10-42f4-b10c-e6c2267ece25@group-CC9C0A96627A: set configuration 0: [579334d3-7c10-42f4-b10c-e6c2267ece25:192.168.151.99:34131], old=null at 0
2019-09-26 16:53:56,371 [pool-67-thread-1] INFO  storage.RaftStorage (RaftStorage.java:format(72)) - Storage directory /workdir/hadoop-ozone/integration-test/target/test-dir/MiniOzoneClusterImpl-fdc3d401-fab1-4968-a84f-12bf762e2bbf/datanode-4/data/ratis/5b4da7b8-5a7e-401c-b3e2-c38715e9c60b has been successfully formatted.
2019-09-26 16:53:56,416 [7fda706b-4e23-4e10-baba-12810c05fbbb@group-C74506AE53A7-SegmentedRaftLogWorker] INFO  segmented.SegmentedRaftLogWorker (SegmentedRaftLogWorker.java:execute(569)) - 7fda706b-4e23-4e10-baba-12810c05fbbb@group-C74506AE53A7-SegmentedRaftLogWorker: created new log segment /workdir/hadoop-ozone/integration-test/target/test-dir/MiniOzoneClusterImpl-fdc3d401-fab1-4968-a84f-12bf762e2bbf/datanode-1/data/ratis/e8e26ac0-c50e-4f86-bd09-c74506ae53a7/current/log_inprogress_0
2019-09-26 16:53:56,416 [pool-67-thread-1] INFO  ratis.ContainerStateMachine (ContainerStateMachine.java:loadSnapshot(230)) - group-C38715E9C60B: The snapshot info is null. Setting the last applied indexto:(t:0, i:~)
2019-09-26 16:53:56,416 [Thread-355] INFO  impl.FollowerState (FollowerState.java:run(106)) - deac9605-e739-4d95-8360-f57df793faca:group-A01BAC6EF01B changes to CANDIDATE, lastRpcTime:5105, electionTimeout:5076ms
2019-09-26 16:53:56,417 [pool-67-thread-1] INFO  server.RaftServerConfigKeys (ConfUtils.java:logGet(43)) - raft.server.notification.no-leader.timeout = 120s (custom)
2019-09-26 16:53:56,417 [Thread-355] INFO  impl.RoleInfo (RoleInfo.java:shutdownFollowerState(121)) - deac9605-e739-4d95-8360-f57df793faca: shutdown FollowerState
2019-09-26 16:53:56,417 [pool-67-thread-1] INFO  server.RaftServerConfigKeys (ConfUtils.java:logGet(43)) - raft.server.log.use.memory = false (default)
2019-09-26 16:53:56,417 [Thread-355] INFO  impl.RaftServerImpl (RaftServerImpl.java:setRole(174)) - deac9605-e739-4d95-8360-f57df793faca@group-A01BAC6EF01B: changes role from  FOLLOWER to CANDIDATE at term 0 for changeToCandidate
2019-09-26 16:53:56,417 [pool-67-thread-1] INFO  server.RaftServerConfigKeys (ConfUtils.java:logGet(43)) - raft.server.log.purge.gap = 1000000 (custom)
2019-09-26 16:53:56,417 [Thread-355] INFO  impl.RoleInfo (RoleInfo.java:updateAndGet(143)) - deac9605-e739-4d95-8360-f57df793faca: start LeaderElection
2019-09-26 16:53:56,417 [pool-67-thread-1] INFO  server.RaftServerConfigKeys (ConfUtils.java:logGet(43)) - raft.server.log.appender.buffer.byte-limit = 33554432 (custom)
2019-09-26 16:53:56,418 [pool-67-thread-1] INFO  server.RaftServerConfigKeys (ConfUtils.java:logGet(43)) - raft.server.log.segment.size.max = 1048576 (custom)
2019-09-26 16:53:56,418 [pool-67-thread-1] INFO  server.RaftServerConfigKeys (ConfUtils.java:logGet(43)) - raft.server.log.segment.cache.num.max = 2 (custom)
2019-09-26 16:53:56,421 [pool-67-thread-1] INFO  segmented.SegmentedRaftLogWorker (SegmentedRaftLogWorker.java:<init>(172)) - new 862ec94c-cd2d-47b3-b563-7d6c2816cb58@group-C38715E9C60B-SegmentedRaftLogWorker for RaftStorage:Storage Directory /workdir/hadoop-ozone/integration-test/target/test-dir/MiniOzoneClusterImpl-fdc3d401-fab1-4968-a84f-12bf762e2bbf/datanode-4/data/ratis/5b4da7b8-5a7e-401c-b3e2-c38715e9c60b
2019-09-26 16:53:56,421 [pool-67-thread-1] INFO  server.RaftServerConfigKeys (ConfUtils.java:logGet(43)) - raft.server.log.queue.byte-limit = 2147483647 (custom)
2019-09-26 16:53:56,421 [pool-67-thread-1] INFO  server.RaftServerConfigKeys (ConfUtils.java:logGet(43)) - raft.server.log.queue.element-limit = 1024 (custom)
2019-09-26 16:53:56,422 [pool-67-thread-1] INFO  server.RaftServerConfigKeys (ConfUtils.java:logGet(43)) - raft.server.log.segment.size.max = 1048576 (custom)
2019-09-26 16:53:56,422 [pool-67-thread-1] INFO  server.RaftServerConfigKeys (ConfUtils.java:logGet(43)) - raft.server.log.preallocated.size = 16384 (custom)
2019-09-26 16:53:56,422 [pool-67-thread-1] INFO  server.RaftServerConfigKeys (ConfUtils.java:logGet(43)) - raft.server.log.write.buffer.size = 33554432 (custom)
2019-09-26 16:53:56,422 [pool-67-thread-1] INFO  server.RaftServerConfigKeys (ConfUtils.java:logGet(43)) - raft.server.log.force.sync.num = 128 (default)
2019-09-26 16:53:56,422 [pool-67-thread-1] INFO  server.RaftServerConfigKeys (ConfUtils.java:logGet(43)) - raft.server.log.statemachine.data.sync = true (default)
2019-09-26 16:53:56,422 [pool-67-thread-1] INFO  server.RaftServerConfigKeys (ConfUtils.java:logGet(43)) - raft.server.log.statemachine.data.sync.timeout = 10s (default)
2019-09-26 16:53:56,423 [pool-67-thread-1] INFO  server.RaftServerConfigKeys (ConfUtils.java:logGet(43)) - raft.server.log.statemachine.data.sync.timeout.retry = -1 (default)
2019-09-26 16:53:56,423 [pool-67-thread-1] INFO  server.RaftServerConfigKeys (ConfUtils.java:logGet(43)) - raft.server.log.statemachine.data.caching.enabled = true (custom)
2019-09-26 16:53:56,423 [pool-67-thread-1] INFO  segmented.SegmentedRaftLogWorker (SegmentedRaftLogWorker.java:lambda$new$0(132)) - 862ec94c-cd2d-47b3-b563-7d6c2816cb58@group-C38715E9C60B-SegmentedRaftLogWorker: flushIndex: setUnconditionally 0 -> -1
2019-09-26 16:53:56,424 [pool-67-thread-1] INFO  server.RaftServerConfigKeys (ConfUtils.java:logGet(43)) - raft.server.snapshot.auto.trigger.enabled = true (custom)
2019-09-26 16:53:56,424 [pool-67-thread-1] INFO  server.RaftServerConfigKeys (ConfUtils.java:logGet(43)) - raft.server.snapshot.auto.trigger.threshold = 10000 (custom)
2019-09-26 16:53:56,424 [pool-67-thread-1] INFO  server.RaftServerConfigKeys (ConfUtils.java:logGet(43)) - raft.server.snapshot.retention.num.files = 5 (custom)
2019-09-26 16:53:56,424 [pool-67-thread-1] INFO  server.RaftServerConfigKeys (ConfUtils.java:logGet(43)) - raft.server.retrycache.expirytime = 600000ms (custom)
2019-09-26 16:53:56,427 [pool-67-thread-1] INFO  impl.RaftServerImpl (RaftServerImpl.java:start(185)) - 862ec94c-cd2d-47b3-b563-7d6c2816cb58@group-C38715E9C60B: start as a follower, conf=-1: [862ec94c-cd2d-47b3-b563-7d6c2816cb58:192.168.151.99:36916], old=null
2019-09-26 16:53:56,427 [pool-67-thread-1] INFO  impl.RaftServerImpl (RaftServerImpl.java:setRole(174)) - 862ec94c-cd2d-47b3-b563-7d6c2816cb58@group-C38715E9C60B: changes role from      null to FOLLOWER at term 0 for startAsFollower
2019-09-26 16:53:56,427 [pool-67-thread-1] INFO  impl.RoleInfo (RoleInfo.java:updateAndGet(143)) - 862ec94c-cd2d-47b3-b563-7d6c2816cb58: start FollowerState
2019-09-26 16:53:56,428 [pool-67-thread-1] INFO  util.JmxRegister (JmxRegister.java:tryRegister(44)) - Successfully registered JMX Bean with object name Ratis:service=RaftServer,group=group-C38715E9C60B,id=862ec94c-cd2d-47b3-b563-7d6c2816cb58
2019-09-26 16:53:56,428 [579334d3-7c10-42f4-b10c-e6c2267ece25@group-CC9C0A96627A-SegmentedRaftLogWorker] INFO  segmented.SegmentedRaftLogWorker (SegmentedRaftLogWorker.java:execute(569)) - 579334d3-7c10-42f4-b10c-e6c2267ece25@group-CC9C0A96627A-SegmentedRaftLogWorker: created new log segment /workdir/hadoop-ozone/integration-test/target/test-dir/MiniOzoneClusterImpl-fdc3d401-fab1-4968-a84f-12bf762e2bbf/datanode-2/data/ratis/7d2da922-cd67-4f1f-9629-cc9c0a96627a/current/log_inprogress_0
2019-09-26 16:53:56,428 [deac9605-e739-4d95-8360-f57df793faca@group-A01BAC6EF01B:LeaderElection37] INFO  impl.LeaderElection (LeaderElection.java:askForVotes(182)) - deac9605-e739-4d95-8360-f57df793faca@group-A01BAC6EF01B:LeaderElection37: begin an election at term 1 for -1: [deac9605-e739-4d95-8360-f57df793faca:192.168.151.99:46601], old=null
2019-09-26 16:53:56,428 [deac9605-e739-4d95-8360-f57df793faca@group-A01BAC6EF01B:LeaderElection37] INFO  impl.RoleInfo (RoleInfo.java:shutdownLeaderElection(134)) - deac9605-e739-4d95-8360-f57df793faca: shutdown LeaderElection
2019-09-26 16:53:56,429 [deac9605-e739-4d95-8360-f57df793faca@group-A01BAC6EF01B:LeaderElection37] INFO  impl.RaftServerImpl (RaftServerImpl.java:setRole(174)) - deac9605-e739-4d95-8360-f57df793faca@group-A01BAC6EF01B: changes role from CANDIDATE to LEADER at term 1 for changeToLeader
2019-09-26 16:53:56,429 [deac9605-e739-4d95-8360-f57df793faca@group-A01BAC6EF01B:LeaderElection37] INFO  impl.RaftServerImpl (ServerState.java:setLeader(253)) - deac9605-e739-4d95-8360-f57df793faca@group-A01BAC6EF01B: change Leader from null to deac9605-e739-4d95-8360-f57df793faca at term 1 for becomeLeader, leader elected after 5125ms
2019-09-26 16:53:56,429 [deac9605-e739-4d95-8360-f57df793faca@group-A01BAC6EF01B:LeaderElection37] INFO  server.RaftServerConfigKeys (ConfUtils.java:logGet(43)) - raft.server.staging.catchup.gap = 1000 (default)
2019-09-26 16:53:56,429 [deac9605-e739-4d95-8360-f57df793faca@group-A01BAC6EF01B:LeaderElection37] INFO  server.RaftServerConfigKeys (ConfUtils.java:logGet(43)) - raft.server.rpc.sleep.time = 25ms (default)
2019-09-26 16:53:56,430 [deac9605-e739-4d95-8360-f57df793faca@group-A01BAC6EF01B:LeaderElection37] INFO  server.RaftServerConfigKeys (ConfUtils.java:logGet(43)) - raft.server.write.element-limit = 4096 (default)
2019-09-26 16:53:56,430 [deac9605-e739-4d95-8360-f57df793faca@group-A01BAC6EF01B:LeaderElection37] INFO  server.RaftServerConfigKeys (ConfUtils.java:logGet(43)) - raft.server.watch.timeout = 10s (default)
2019-09-26 16:53:56,430 [deac9605-e739-4d95-8360-f57df793faca@group-A01BAC6EF01B:LeaderElection37] INFO  server.RaftServerConfigKeys (ConfUtils.java:logGet(43)) - raft.server.watch.timeout.denomination = 1s (default)
2019-09-26 16:53:56,430 [deac9605-e739-4d95-8360-f57df793faca@group-A01BAC6EF01B:LeaderElection37] INFO  server.RaftServerConfigKeys (ConfUtils.java:logGet(43)) - raft.server.watch.element-limit = 65536 (default)
2019-09-26 16:53:56,431 [RatisPipelineUtilsThread] INFO  pipeline.PipelineStateManager (PipelineStateManager.java:addPipeline(56)) - Created pipeline Pipeline[ Id: 5b4da7b8-5a7e-401c-b3e2-c38715e9c60b, Nodes: 862ec94c-cd2d-47b3-b563-7d6c2816cb58{ip: 192.168.151.99, host: pr-hdds-1569-g6sp5-2013761785, networkLocation: /default-rack, certSerialId: null}, Type:RATIS, Factor:ONE, State:OPEN]
2019-09-26 16:53:56,432 [deac9605-e739-4d95-8360-f57df793faca@group-A01BAC6EF01B:LeaderElection37] INFO  impl.RoleInfo (RoleInfo.java:updateAndGet(143)) - deac9605-e739-4d95-8360-f57df793faca: start LeaderState
2019-09-26 16:53:56,433 [deac9605-e739-4d95-8360-f57df793faca@group-A01BAC6EF01B:LeaderElection37] INFO  segmented.SegmentedRaftLogWorker (SegmentedRaftLogWorker.java:startLogSegment(380)) - deac9605-e739-4d95-8360-f57df793faca@group-A01BAC6EF01B-SegmentedRaftLogWorker: Starting segment from index:0
2019-09-26 16:53:56,433 [deac9605-e739-4d95-8360-f57df793faca@group-A01BAC6EF01B:LeaderElection37] INFO  impl.RaftServerImpl (ServerState.java:setRaftConf(354)) - deac9605-e739-4d95-8360-f57df793faca@group-A01BAC6EF01B: set configuration 0: [deac9605-e739-4d95-8360-f57df793faca:192.168.151.99:46601], old=null at 0
2019-09-26 16:53:56,475 [Thread-352] INFO  impl.FollowerState (FollowerState.java:run(106)) - 579334d3-7c10-42f4-b10c-e6c2267ece25:group-16576E105B47 changes to CANDIDATE, lastRpcTime:5220, electionTimeout:5187ms
2019-09-26 16:53:56,475 [Thread-352] INFO  impl.RoleInfo (RoleInfo.java:shutdownFollowerState(121)) - 579334d3-7c10-42f4-b10c-e6c2267ece25: shutdown FollowerState
2019-09-26 16:53:56,476 [Thread-352] INFO  impl.RaftServerImpl (RaftServerImpl.java:setRole(174)) - 579334d3-7c10-42f4-b10c-e6c2267ece25@group-16576E105B47: changes role from  FOLLOWER to CANDIDATE at term 0 for changeToCandidate
2019-09-26 16:53:56,476 [Thread-352] INFO  impl.RoleInfo (RoleInfo.java:updateAndGet(143)) - 579334d3-7c10-42f4-b10c-e6c2267ece25: start LeaderElection
2019-09-26 16:53:56,483 [grpc-default-executor-1] INFO  impl.RaftServerProxy (RaftServerProxy.java:addNew(89)) - 862ec94c-cd2d-47b3-b563-7d6c2816cb58: addNew group-42BFB3A1B838:[862ec94c-cd2d-47b3-b563-7d6c2816cb58:192.168.151.99:36916] returns group-42BFB3A1B838:java.util.concurrent.CompletableFuture@281dfaa1[Not completed]
2019-09-26 16:53:56,485 [pool-67-thread-1] INFO  impl.RaftServerImpl (RaftServerImpl.java:<init>(95)) - 862ec94c-cd2d-47b3-b563-7d6c2816cb58: new RaftServerImpl for group-42BFB3A1B838:[862ec94c-cd2d-47b3-b563-7d6c2816cb58:192.168.151.99:36916] with ContainerStateMachine:uninitialized
2019-09-26 16:53:56,485 [pool-67-thread-1] INFO  server.RaftServerConfigKeys (ConfUtils.java:logGet(43)) - raft.server.rpc.timeout.min = 5s (custom)
2019-09-26 16:53:56,485 [pool-67-thread-1] INFO  server.RaftServerConfigKeys (ConfUtils.java:logGet(43)) - raft.server.rpc.timeout.max = 5200ms (custom)
2019-09-26 16:53:56,485 [pool-67-thread-1] INFO  server.RaftServerConfigKeys (ConfUtils.java:logGet(43)) - raft.server.rpcslowness.timeout = 120s (custom)
2019-09-26 16:53:56,485 [pool-67-thread-1] INFO  server.RaftServerConfigKeys (ConfUtils.java:logGet(43)) - raft.server.sleep.deviation.threshold = 300 (default)
2019-09-26 16:53:56,485 [pool-67-thread-1] INFO  server.RaftServerConfigKeys (ConfUtils.java:logGet(43)) - raft.server.log.appender.install.snapshot.enabled = false (custom)
2019-09-26 16:53:56,486 [pool-67-thread-1] INFO  impl.RaftServerImpl (ServerState.java:<init>(103)) - 862ec94c-cd2d-47b3-b563-7d6c2816cb58@group-42BFB3A1B838: ConfigurationManager, init=-1: [862ec94c-cd2d-47b3-b563-7d6c2816cb58:192.168.151.99:36916], old=null, confs=<EMPTY_MAP>
2019-09-26 16:53:56,486 [pool-67-thread-1] INFO  server.RaftServerConfigKeys (ConfUtils.java:logGet(43)) - raft.server.storage.dir = [/workdir/hadoop-ozone/integration-test/target/test-dir/MiniOzoneClusterImpl-fdc3d401-fab1-4968-a84f-12bf762e2bbf/datanode-4/data/ratis] (custom)
2019-09-26 16:53:56,486 [pool-67-thread-1] INFO  storage.RaftStorageDirectory (RaftStorageDirectory.java:analyzeStorage(246)) - The storage directory /workdir/hadoop-ozone/integration-test/target/test-dir/MiniOzoneClusterImpl-fdc3d401-fab1-4968-a84f-12bf762e2bbf/datanode-4/data/ratis/5bf5794a-6f0d-462f-81a8-42bfb3a1b838 does not exist. Creating ...
2019-09-26 16:53:56,488 [deac9605-e739-4d95-8360-f57df793faca@group-A01BAC6EF01B-SegmentedRaftLogWorker] INFO  segmented.SegmentedRaftLogWorker (SegmentedRaftLogWorker.java:execute(569)) - deac9605-e739-4d95-8360-f57df793faca@group-A01BAC6EF01B-SegmentedRaftLogWorker: created new log segment /workdir/hadoop-ozone/integration-test/target/test-dir/MiniOzoneClusterImpl-fdc3d401-fab1-4968-a84f-12bf762e2bbf/datanode-0/data/ratis/604562ad-1b88-48e9-9cb3-a01bac6ef01b/current/log_inprogress_0
2019-09-26 16:53:56,488 [579334d3-7c10-42f4-b10c-e6c2267ece25@group-16576E105B47:LeaderElection38] INFO  impl.LeaderElection (LeaderElection.java:askForVotes(182)) - 579334d3-7c10-42f4-b10c-e6c2267ece25@group-16576E105B47:LeaderElection38: begin an election at term 1 for -1: [579334d3-7c10-42f4-b10c-e6c2267ece25:192.168.151.99:34131], old=null
2019-09-26 16:53:56,488 [579334d3-7c10-42f4-b10c-e6c2267ece25@group-16576E105B47:LeaderElection38] INFO  impl.RoleInfo (RoleInfo.java:shutdownLeaderElection(134)) - 579334d3-7c10-42f4-b10c-e6c2267ece25: shutdown LeaderElection
2019-09-26 16:53:56,488 [579334d3-7c10-42f4-b10c-e6c2267ece25@group-16576E105B47:LeaderElection38] INFO  impl.RaftServerImpl (RaftServerImpl.java:setRole(174)) - 579334d3-7c10-42f4-b10c-e6c2267ece25@group-16576E105B47: changes role from CANDIDATE to LEADER at term 1 for changeToLeader
2019-09-26 16:53:56,488 [579334d3-7c10-42f4-b10c-e6c2267ece25@group-16576E105B47:LeaderElection38] INFO  impl.RaftServerImpl (ServerState.java:setLeader(253)) - 579334d3-7c10-42f4-b10c-e6c2267ece25@group-16576E105B47: change Leader from null to 579334d3-7c10-42f4-b10c-e6c2267ece25 at term 1 for becomeLeader, leader elected after 5240ms
2019-09-26 16:53:56,489 [579334d3-7c10-42f4-b10c-e6c2267ece25@group-16576E105B47:LeaderElection38] INFO  server.RaftServerConfigKeys (ConfUtils.java:logGet(43)) - raft.server.staging.catchup.gap = 1000 (default)
2019-09-26 16:53:56,489 [579334d3-7c10-42f4-b10c-e6c2267ece25@group-16576E105B47:LeaderElection38] INFO  server.RaftServerConfigKeys (ConfUtils.java:logGet(43)) - raft.server.rpc.sleep.time = 25ms (default)
2019-09-26 16:53:56,489 [579334d3-7c10-42f4-b10c-e6c2267ece25@group-16576E105B47:LeaderElection38] INFO  server.RaftServerConfigKeys (ConfUtils.java:logGet(43)) - raft.server.write.element-limit = 4096 (default)
2019-09-26 16:53:56,489 [579334d3-7c10-42f4-b10c-e6c2267ece25@group-16576E105B47:LeaderElection38] INFO  server.RaftServerConfigKeys (ConfUtils.java:logGet(43)) - raft.server.watch.timeout = 10s (default)
2019-09-26 16:53:56,489 [579334d3-7c10-42f4-b10c-e6c2267ece25@group-16576E105B47:LeaderElection38] INFO  server.RaftServerConfigKeys (ConfUtils.java:logGet(43)) - raft.server.watch.timeout.denomination = 1s (default)
2019-09-26 16:53:56,489 [579334d3-7c10-42f4-b10c-e6c2267ece25@group-16576E105B47:LeaderElection38] INFO  server.RaftServerConfigKeys (ConfUtils.java:logGet(43)) - raft.server.watch.element-limit = 65536 (default)
2019-09-26 16:53:56,491 [pool-67-thread-1] INFO  storage.RaftStorageDirectory (RaftStorageDirectory.java:tryLock(328)) - Lock on /workdir/hadoop-ozone/integration-test/target/test-dir/MiniOzoneClusterImpl-fdc3d401-fab1-4968-a84f-12bf762e2bbf/datanode-4/data/ratis/5bf5794a-6f0d-462f-81a8-42bfb3a1b838/in_use.lock acquired by nodename 15096@pr-hdds-1569-g6sp5-2013761785
2019-09-26 16:53:56,491 [579334d3-7c10-42f4-b10c-e6c2267ece25@group-16576E105B47:LeaderElection38] INFO  impl.RoleInfo (RoleInfo.java:updateAndGet(143)) - 579334d3-7c10-42f4-b10c-e6c2267ece25: start LeaderState
2019-09-26 16:53:56,492 [579334d3-7c10-42f4-b10c-e6c2267ece25@group-16576E105B47:LeaderElection38] INFO  segmented.SegmentedRaftLogWorker (SegmentedRaftLogWorker.java:startLogSegment(380)) - 579334d3-7c10-42f4-b10c-e6c2267ece25@group-16576E105B47-SegmentedRaftLogWorker: Starting segment from index:0
2019-09-26 16:53:56,495 [579334d3-7c10-42f4-b10c-e6c2267ece25@group-16576E105B47:LeaderElection38] INFO  impl.RaftServerImpl (ServerState.java:setRaftConf(354)) - 579334d3-7c10-42f4-b10c-e6c2267ece25@group-16576E105B47: set configuration 0: [579334d3-7c10-42f4-b10c-e6c2267ece25:192.168.151.99:34131], old=null at 0
2019-09-26 16:53:56,533 [Thread-361] INFO  impl.FollowerState (FollowerState.java:run(106)) - 7fda706b-4e23-4e10-baba-12810c05fbbb:group-E1E97D17327F changes to CANDIDATE, lastRpcTime:5040, electionTimeout:5003ms
2019-09-26 16:53:56,533 [pool-67-thread-1] INFO  storage.RaftStorage (RaftStorage.java:format(72)) - Storage directory /workdir/hadoop-ozone/integration-test/target/test-dir/MiniOzoneClusterImpl-fdc3d401-fab1-4968-a84f-12bf762e2bbf/datanode-4/data/ratis/5bf5794a-6f0d-462f-81a8-42bfb3a1b838 has been successfully formatted.
2019-09-26 16:53:56,533 [Thread-361] INFO  impl.RoleInfo (RoleInfo.java:shutdownFollowerState(121)) - 7fda706b-4e23-4e10-baba-12810c05fbbb: shutdown FollowerState
2019-09-26 16:53:56,534 [Thread-361] INFO  impl.RaftServerImpl (RaftServerImpl.java:setRole(174)) - 7fda706b-4e23-4e10-baba-12810c05fbbb@group-E1E97D17327F: changes role from  FOLLOWER to CANDIDATE at term 0 for changeToCandidate
2019-09-26 16:53:56,534 [pool-67-thread-1] INFO  ratis.ContainerStateMachine (ContainerStateMachine.java:loadSnapshot(230)) - group-42BFB3A1B838: The snapshot info is null. Setting the last applied indexto:(t:0, i:~)
2019-09-26 16:53:56,534 [Thread-361] INFO  impl.RoleInfo (RoleInfo.java:updateAndGet(143)) - 7fda706b-4e23-4e10-baba-12810c05fbbb: start LeaderElection
2019-09-26 16:53:56,534 [pool-67-thread-1] INFO  server.RaftServerConfigKeys (ConfUtils.java:logGet(43)) - raft.server.notification.no-leader.timeout = 120s (custom)
2019-09-26 16:53:56,534 [pool-67-thread-1] INFO  server.RaftServerConfigKeys (ConfUtils.java:logGet(43)) - raft.server.log.use.memory = false (default)
2019-09-26 16:53:56,534 [pool-67-thread-1] INFO  server.RaftServerConfigKeys (ConfUtils.java:logGet(43)) - raft.server.log.purge.gap = 1000000 (custom)
2019-09-26 16:53:56,547 [pool-67-thread-1] INFO  server.RaftServerConfigKeys (ConfUtils.java:logGet(43)) - raft.server.log.appender.buffer.byte-limit = 33554432 (custom)
2019-09-26 16:53:56,547 [pool-67-thread-1] INFO  server.RaftServerConfigKeys (ConfUtils.java:logGet(43)) - raft.server.log.segment.size.max = 1048576 (custom)
2019-09-26 16:53:56,547 [pool-67-thread-1] INFO  server.RaftServerConfigKeys (ConfUtils.java:logGet(43)) - raft.server.log.segment.cache.num.max = 2 (custom)
2019-09-26 16:53:56,547 [pool-67-thread-1] INFO  segmented.SegmentedRaftLogWorker (SegmentedRaftLogWorker.java:<init>(172)) - new 862ec94c-cd2d-47b3-b563-7d6c2816cb58@group-42BFB3A1B838-SegmentedRaftLogWorker for RaftStorage:Storage Directory /workdir/hadoop-ozone/integration-test/target/test-dir/MiniOzoneClusterImpl-fdc3d401-fab1-4968-a84f-12bf762e2bbf/datanode-4/data/ratis/5bf5794a-6f0d-462f-81a8-42bfb3a1b838
2019-09-26 16:53:56,547 [pool-67-thread-1] INFO  server.RaftServerConfigKeys (ConfUtils.java:logGet(43)) - raft.server.log.queue.byte-limit = 2147483647 (custom)
2019-09-26 16:53:56,548 [pool-67-thread-1] INFO  server.RaftServerConfigKeys (ConfUtils.java:logGet(43)) - raft.server.log.queue.element-limit = 1024 (custom)
2019-09-26 16:53:56,548 [pool-67-thread-1] INFO  server.RaftServerConfigKeys (ConfUtils.java:logGet(43)) - raft.server.log.segment.size.max = 1048576 (custom)
2019-09-26 16:53:56,548 [pool-67-thread-1] INFO  server.RaftServerConfigKeys (ConfUtils.java:logGet(43)) - raft.server.log.preallocated.size = 16384 (custom)
2019-09-26 16:53:56,548 [pool-67-thread-1] INFO  server.RaftServerConfigKeys (ConfUtils.java:logGet(43)) - raft.server.log.write.buffer.size = 33554432 (custom)
2019-09-26 16:53:56,548 [pool-67-thread-1] INFO  server.RaftServerConfigKeys (ConfUtils.java:logGet(43)) - raft.server.log.force.sync.num = 128 (default)
2019-09-26 16:53:56,548 [pool-67-thread-1] INFO  server.RaftServerConfigKeys (ConfUtils.java:logGet(43)) - raft.server.log.statemachine.data.sync = true (default)
2019-09-26 16:53:56,548 [pool-67-thread-1] INFO  server.RaftServerConfigKeys (ConfUtils.java:logGet(43)) - raft.server.log.statemachine.data.sync.timeout = 10s (default)
2019-09-26 16:53:56,549 [pool-67-thread-1] INFO  server.RaftServerConfigKeys (ConfUtils.java:logGet(43)) - raft.server.log.statemachine.data.sync.timeout.retry = -1 (default)
2019-09-26 16:53:56,549 [pool-67-thread-1] INFO  server.RaftServerConfigKeys (ConfUtils.java:logGet(43)) - raft.server.log.statemachine.data.caching.enabled = true (custom)
2019-09-26 16:53:56,549 [pool-67-thread-1] INFO  segmented.SegmentedRaftLogWorker (SegmentedRaftLogWorker.java:lambda$new$0(132)) - 862ec94c-cd2d-47b3-b563-7d6c2816cb58@group-42BFB3A1B838-SegmentedRaftLogWorker: flushIndex: setUnconditionally 0 -> -1
2019-09-26 16:53:56,550 [pool-67-thread-1] INFO  server.RaftServerConfigKeys (ConfUtils.java:logGet(43)) - raft.server.snapshot.auto.trigger.enabled = true (custom)
2019-09-26 16:53:56,550 [pool-67-thread-1] INFO  server.RaftServerConfigKeys (ConfUtils.java:logGet(43)) - raft.server.snapshot.auto.trigger.threshold = 10000 (custom)
2019-09-26 16:53:56,550 [pool-67-thread-1] INFO  server.RaftServerConfigKeys (ConfUtils.java:logGet(43)) - raft.server.snapshot.retention.num.files = 5 (custom)
2019-09-26 16:53:56,550 [pool-67-thread-1] INFO  server.RaftServerConfigKeys (ConfUtils.java:logGet(43)) - raft.server.retrycache.expirytime = 600000ms (custom)
2019-09-26 16:53:56,552 [pool-67-thread-1] INFO  impl.RaftServerImpl (RaftServerImpl.java:start(185)) - 862ec94c-cd2d-47b3-b563-7d6c2816cb58@group-42BFB3A1B838: start as a follower, conf=-1: [862ec94c-cd2d-47b3-b563-7d6c2816cb58:192.168.151.99:36916], old=null
2019-09-26 16:53:56,552 [pool-67-thread-1] INFO  impl.RaftServerImpl (RaftServerImpl.java:setRole(174)) - 862ec94c-cd2d-47b3-b563-7d6c2816cb58@group-42BFB3A1B838: changes role from      null to FOLLOWER at term 0 for startAsFollower
2019-09-26 16:53:56,553 [pool-67-thread-1] INFO  impl.RoleInfo (RoleInfo.java:updateAndGet(143)) - 862ec94c-cd2d-47b3-b563-7d6c2816cb58: start FollowerState
2019-09-26 16:53:56,553 [pool-67-thread-1] INFO  util.JmxRegister (JmxRegister.java:tryRegister(44)) - Successfully registered JMX Bean with object name Ratis:service=RaftServer,group=group-42BFB3A1B838,id=862ec94c-cd2d-47b3-b563-7d6c2816cb58
2019-09-26 16:53:56,557 [RatisPipelineUtilsThread] INFO  pipeline.PipelineStateManager (PipelineStateManager.java:addPipeline(56)) - Created pipeline Pipeline[ Id: 5bf5794a-6f0d-462f-81a8-42bfb3a1b838, Nodes: 862ec94c-cd2d-47b3-b563-7d6c2816cb58{ip: 192.168.151.99, host: pr-hdds-1569-g6sp5-2013761785, networkLocation: /default-rack, certSerialId: null}, Type:RATIS, Factor:ONE, State:OPEN]
2019-09-26 16:53:56,557 [579334d3-7c10-42f4-b10c-e6c2267ece25@group-16576E105B47-SegmentedRaftLogWorker] INFO  segmented.SegmentedRaftLogWorker (SegmentedRaftLogWorker.java:execute(569)) - 579334d3-7c10-42f4-b10c-e6c2267ece25@group-16576E105B47-SegmentedRaftLogWorker: created new log segment /workdir/hadoop-ozone/integration-test/target/test-dir/MiniOzoneClusterImpl-fdc3d401-fab1-4968-a84f-12bf762e2bbf/datanode-2/data/ratis/2deeed71-6f16-479b-95fc-16576e105b47/current/log_inprogress_0
2019-09-26 16:53:56,560 [7fda706b-4e23-4e10-baba-12810c05fbbb@group-E1E97D17327F:LeaderElection39] INFO  impl.LeaderElection (LeaderElection.java:askForVotes(182)) - 7fda706b-4e23-4e10-baba-12810c05fbbb@group-E1E97D17327F:LeaderElection39: begin an election at term 1 for -1: [7fda706b-4e23-4e10-baba-12810c05fbbb:192.168.151.99:32897], old=null
2019-09-26 16:53:56,560 [7fda706b-4e23-4e10-baba-12810c05fbbb@group-E1E97D17327F:LeaderElection39] INFO  impl.RoleInfo (RoleInfo.java:shutdownLeaderElection(134)) - 7fda706b-4e23-4e10-baba-12810c05fbbb: shutdown LeaderElection
2019-09-26 16:53:56,560 [7fda706b-4e23-4e10-baba-12810c05fbbb@group-E1E97D17327F:LeaderElection39] INFO  impl.RaftServerImpl (RaftServerImpl.java:setRole(174)) - 7fda706b-4e23-4e10-baba-12810c05fbbb@group-E1E97D17327F: changes role from CANDIDATE to LEADER at term 1 for changeToLeader
2019-09-26 16:53:56,560 [7fda706b-4e23-4e10-baba-12810c05fbbb@group-E1E97D17327F:LeaderElection39] INFO  impl.RaftServerImpl (ServerState.java:setLeader(253)) - 7fda706b-4e23-4e10-baba-12810c05fbbb@group-E1E97D17327F: change Leader from null to 7fda706b-4e23-4e10-baba-12810c05fbbb at term 1 for becomeLeader, leader elected after 5088ms
2019-09-26 16:53:56,560 [7fda706b-4e23-4e10-baba-12810c05fbbb@group-E1E97D17327F:LeaderElection39] INFO  server.RaftServerConfigKeys (ConfUtils.java:logGet(43)) - raft.server.staging.catchup.gap = 1000 (default)
2019-09-26 16:53:56,560 [7fda706b-4e23-4e10-baba-12810c05fbbb@group-E1E97D17327F:LeaderElection39] INFO  server.RaftServerConfigKeys (ConfUtils.java:logGet(43)) - raft.server.rpc.sleep.time = 25ms (default)
2019-09-26 16:53:56,561 [7fda706b-4e23-4e10-baba-12810c05fbbb@group-E1E97D17327F:LeaderElection39] INFO  server.RaftServerConfigKeys (ConfUtils.java:logGet(43)) - raft.server.write.element-limit = 4096 (default)
2019-09-26 16:53:56,561 [7fda706b-4e23-4e10-baba-12810c05fbbb@group-E1E97D17327F:LeaderElection39] INFO  server.RaftServerConfigKeys (ConfUtils.java:logGet(43)) - raft.server.watch.timeout = 10s (default)
2019-09-26 16:53:56,561 [7fda706b-4e23-4e10-baba-12810c05fbbb@group-E1E97D17327F:LeaderElection39] INFO  server.RaftServerConfigKeys (ConfUtils.java:logGet(43)) - raft.server.watch.timeout.denomination = 1s (default)
2019-09-26 16:53:56,561 [7fda706b-4e23-4e10-baba-12810c05fbbb@group-E1E97D17327F:LeaderElection39] INFO  server.RaftServerConfigKeys (ConfUtils.java:logGet(43)) - raft.server.watch.element-limit = 65536 (default)
2019-09-26 16:53:56,563 [grpc-default-executor-1] INFO  impl.RaftServerProxy (RaftServerProxy.java:addNew(89)) - 579334d3-7c10-42f4-b10c-e6c2267ece25: addNew group-0B8F6A17CAB6:[579334d3-7c10-42f4-b10c-e6c2267ece25:192.168.151.99:34131] returns group-0B8F6A17CAB6:java.util.concurrent.CompletableFuture@458f64b8[Not completed]
2019-09-26 16:53:56,563 [7fda706b-4e23-4e10-baba-12810c05fbbb@group-E1E97D17327F:LeaderElection39] INFO  impl.RoleInfo (RoleInfo.java:updateAndGet(143)) - 7fda706b-4e23-4e10-baba-12810c05fbbb: start LeaderState
2019-09-26 16:53:56,564 [7fda706b-4e23-4e10-baba-12810c05fbbb@group-E1E97D17327F:LeaderElection39] INFO  segmented.SegmentedRaftLogWorker (SegmentedRaftLogWorker.java:startLogSegment(380)) - 7fda706b-4e23-4e10-baba-12810c05fbbb@group-E1E97D17327F-SegmentedRaftLogWorker: Starting segment from index:0
2019-09-26 16:53:56,564 [7fda706b-4e23-4e10-baba-12810c05fbbb@group-E1E97D17327F:LeaderElection39] INFO  impl.RaftServerImpl (ServerState.java:setRaftConf(354)) - 7fda706b-4e23-4e10-baba-12810c05fbbb@group-E1E97D17327F: set configuration 0: [7fda706b-4e23-4e10-baba-12810c05fbbb:192.168.151.99:32897], old=null at 0
2019-09-26 16:53:56,608 [Thread-358] INFO  impl.FollowerState (FollowerState.java:run(106)) - 7fda706b-4e23-4e10-baba-12810c05fbbb:group-5A969F4527EB changes to CANDIDATE, lastRpcTime:5210, electionTimeout:5169ms
2019-09-26 16:53:56,608 [Thread-358] INFO  impl.RoleInfo (RoleInfo.java:shutdownFollowerState(121)) - 7fda706b-4e23-4e10-baba-12810c05fbbb: shutdown FollowerState
2019-09-26 16:53:56,608 [pool-47-thread-1] INFO  impl.RaftServerImpl (RaftServerImpl.java:<init>(95)) - 579334d3-7c10-42f4-b10c-e6c2267ece25: new RaftServerImpl for group-0B8F6A17CAB6:[579334d3-7c10-42f4-b10c-e6c2267ece25:192.168.151.99:34131] with ContainerStateMachine:uninitialized
2019-09-26 16:53:56,608 [Thread-358] INFO  impl.RaftServerImpl (RaftServerImpl.java:setRole(174)) - 7fda706b-4e23-4e10-baba-12810c05fbbb@group-5A969F4527EB: changes role from  FOLLOWER to CANDIDATE at term 0 for changeToCandidate
2019-09-26 16:53:56,609 [pool-47-thread-1] INFO  server.RaftServerConfigKeys (ConfUtils.java:logGet(43)) - raft.server.rpc.timeout.min = 5s (custom)
2019-09-26 16:53:56,609 [Thread-358] INFO  impl.RoleInfo (RoleInfo.java:updateAndGet(143)) - 7fda706b-4e23-4e10-baba-12810c05fbbb: start LeaderElection
2019-09-26 16:53:56,609 [pool-47-thread-1] INFO  server.RaftServerConfigKeys (ConfUtils.java:logGet(43)) - raft.server.rpc.timeout.max = 5200ms (custom)
2019-09-26 16:53:56,609 [pool-47-thread-1] INFO  server.RaftServerConfigKeys (ConfUtils.java:logGet(43)) - raft.server.rpcslowness.timeout = 120s (custom)
2019-09-26 16:53:56,609 [pool-47-thread-1] INFO  server.RaftServerConfigKeys (ConfUtils.java:logGet(43)) - raft.server.sleep.deviation.threshold = 300 (default)
2019-09-26 16:53:56,610 [pool-47-thread-1] INFO  server.RaftServerConfigKeys (ConfUtils.java:logGet(43)) - raft.server.log.appender.install.snapshot.enabled = false (custom)
2019-09-26 16:53:56,610 [pool-47-thread-1] INFO  impl.RaftServerImpl (ServerState.java:<init>(103)) - 579334d3-7c10-42f4-b10c-e6c2267ece25@group-0B8F6A17CAB6: ConfigurationManager, init=-1: [579334d3-7c10-42f4-b10c-e6c2267ece25:192.168.151.99:34131], old=null, confs=<EMPTY_MAP>
2019-09-26 16:53:56,610 [pool-47-thread-1] INFO  server.RaftServerConfigKeys (ConfUtils.java:logGet(43)) - raft.server.storage.dir = [/workdir/hadoop-ozone/integration-test/target/test-dir/MiniOzoneClusterImpl-fdc3d401-fab1-4968-a84f-12bf762e2bbf/datanode-2/data/ratis] (custom)
2019-09-26 16:53:56,611 [pool-47-thread-1] INFO  storage.RaftStorageDirectory (RaftStorageDirectory.java:analyzeStorage(246)) - The storage directory /workdir/hadoop-ozone/integration-test/target/test-dir/MiniOzoneClusterImpl-fdc3d401-fab1-4968-a84f-12bf762e2bbf/datanode-2/data/ratis/316c944c-4d00-4a78-a468-0b8f6a17cab6 does not exist. Creating ...
2019-09-26 16:53:56,620 [pool-47-thread-1] INFO  storage.RaftStorageDirectory (RaftStorageDirectory.java:tryLock(328)) - Lock on /workdir/hadoop-ozone/integration-test/target/test-dir/MiniOzoneClusterImpl-fdc3d401-fab1-4968-a84f-12bf762e2bbf/datanode-2/data/ratis/316c944c-4d00-4a78-a468-0b8f6a17cab6/in_use.lock acquired by nodename 15096@pr-hdds-1569-g6sp5-2013761785
2019-09-26 16:53:56,620 [7fda706b-4e23-4e10-baba-12810c05fbbb@group-E1E97D17327F-SegmentedRaftLogWorker] INFO  segmented.SegmentedRaftLogWorker (SegmentedRaftLogWorker.java:execute(569)) - 7fda706b-4e23-4e10-baba-12810c05fbbb@group-E1E97D17327F-SegmentedRaftLogWorker: created new log segment /workdir/hadoop-ozone/integration-test/target/test-dir/MiniOzoneClusterImpl-fdc3d401-fab1-4968-a84f-12bf762e2bbf/datanode-1/data/ratis/c4d8e9e4-85eb-4a4b-a668-e1e97d17327f/current/log_inprogress_0
2019-09-26 16:53:56,621 [Thread-364] INFO  impl.FollowerState (FollowerState.java:run(106)) - 579334d3-7c10-42f4-b10c-e6c2267ece25:group-44EADBEF7013 changes to CANDIDATE, lastRpcTime:5065, electionTimeout:5065ms
2019-09-26 16:53:56,620 [7fda706b-4e23-4e10-baba-12810c05fbbb@group-5A969F4527EB:LeaderElection40] INFO  impl.LeaderElection (LeaderElection.java:askForVotes(182)) - 7fda706b-4e23-4e10-baba-12810c05fbbb@group-5A969F4527EB:LeaderElection40: begin an election at term 1 for -1: [7fda706b-4e23-4e10-baba-12810c05fbbb:192.168.151.99:32897], old=null
2019-09-26 16:53:56,621 [Thread-364] INFO  impl.RoleInfo (RoleInfo.java:shutdownFollowerState(121)) - 579334d3-7c10-42f4-b10c-e6c2267ece25: shutdown FollowerState
2019-09-26 16:53:56,621 [7fda706b-4e23-4e10-baba-12810c05fbbb@group-5A969F4527EB:LeaderElection40] INFO  impl.RoleInfo (RoleInfo.java:shutdownLeaderElection(134)) - 7fda706b-4e23-4e10-baba-12810c05fbbb: shutdown LeaderElection
2019-09-26 16:53:56,621 [Thread-364] INFO  impl.RaftServerImpl (RaftServerImpl.java:setRole(174)) - 579334d3-7c10-42f4-b10c-e6c2267ece25@group-44EADBEF7013: changes role from  FOLLOWER to CANDIDATE at term 0 for changeToCandidate
2019-09-26 16:53:56,621 [7fda706b-4e23-4e10-baba-12810c05fbbb@group-5A969F4527EB:LeaderElection40] INFO  impl.RaftServerImpl (RaftServerImpl.java:setRole(174)) - 7fda706b-4e23-4e10-baba-12810c05fbbb@group-5A969F4527EB: changes role from CANDIDATE to LEADER at term 1 for changeToLeader
2019-09-26 16:53:56,621 [Thread-364] INFO  impl.RoleInfo (RoleInfo.java:updateAndGet(143)) - 579334d3-7c10-42f4-b10c-e6c2267ece25: start LeaderElection
2019-09-26 16:53:56,621 [7fda706b-4e23-4e10-baba-12810c05fbbb@group-5A969F4527EB:LeaderElection40] INFO  impl.RaftServerImpl (ServerState.java:setLeader(253)) - 7fda706b-4e23-4e10-baba-12810c05fbbb@group-5A969F4527EB: change Leader from null to 7fda706b-4e23-4e10-baba-12810c05fbbb at term 1 for becomeLeader, leader elected after 5236ms
2019-09-26 16:53:56,622 [7fda706b-4e23-4e10-baba-12810c05fbbb@group-5A969F4527EB:LeaderElection40] INFO  server.RaftServerConfigKeys (ConfUtils.java:logGet(43)) - raft.server.staging.catchup.gap = 1000 (default)
2019-09-26 16:53:56,622 [7fda706b-4e23-4e10-baba-12810c05fbbb@group-5A969F4527EB:LeaderElection40] INFO  server.RaftServerConfigKeys (ConfUtils.java:logGet(43)) - raft.server.rpc.sleep.time = 25ms (default)
2019-09-26 16:53:56,622 [7fda706b-4e23-4e10-baba-12810c05fbbb@group-5A969F4527EB:LeaderElection40] INFO  server.RaftServerConfigKeys (ConfUtils.java:logGet(43)) - raft.server.write.element-limit = 4096 (default)
2019-09-26 16:53:56,622 [7fda706b-4e23-4e10-baba-12810c05fbbb@group-5A969F4527EB:LeaderElection40] INFO  server.RaftServerConfigKeys (ConfUtils.java:logGet(43)) - raft.server.watch.timeout = 10s (default)
2019-09-26 16:53:56,622 [7fda706b-4e23-4e10-baba-12810c05fbbb@group-5A969F4527EB:LeaderElection40] INFO  server.RaftServerConfigKeys (ConfUtils.java:logGet(43)) - raft.server.watch.timeout.denomination = 1s (default)
2019-09-26 16:53:56,623 [7fda706b-4e23-4e10-baba-12810c05fbbb@group-5A969F4527EB:LeaderElection40] INFO  server.RaftServerConfigKeys (ConfUtils.java:logGet(43)) - raft.server.watch.element-limit = 65536 (default)
2019-09-26 16:53:56,624 [7fda706b-4e23-4e10-baba-12810c05fbbb@group-5A969F4527EB:LeaderElection40] INFO  impl.RoleInfo (RoleInfo.java:updateAndGet(143)) - 7fda706b-4e23-4e10-baba-12810c05fbbb: start LeaderState
2019-09-26 16:53:56,625 [7fda706b-4e23-4e10-baba-12810c05fbbb@group-5A969F4527EB:LeaderElection40] INFO  segmented.SegmentedRaftLogWorker (SegmentedRaftLogWorker.java:startLogSegment(380)) - 7fda706b-4e23-4e10-baba-12810c05fbbb@group-5A969F4527EB-SegmentedRaftLogWorker: Starting segment from index:0
2019-09-26 16:53:56,625 [7fda706b-4e23-4e10-baba-12810c05fbbb@group-5A969F4527EB:LeaderElection40] INFO  impl.RaftServerImpl (ServerState.java:setRaftConf(354)) - 7fda706b-4e23-4e10-baba-12810c05fbbb@group-5A969F4527EB: set configuration 0: [7fda706b-4e23-4e10-baba-12810c05fbbb:192.168.151.99:32897], old=null at 0
2019-09-26 16:53:56,665 [pool-47-thread-1] INFO  storage.RaftStorage (RaftStorage.java:format(72)) - Storage directory /workdir/hadoop-ozone/integration-test/target/test-dir/MiniOzoneClusterImpl-fdc3d401-fab1-4968-a84f-12bf762e2bbf/datanode-2/data/ratis/316c944c-4d00-4a78-a468-0b8f6a17cab6 has been successfully formatted.
2019-09-26 16:53:56,665 [579334d3-7c10-42f4-b10c-e6c2267ece25@group-44EADBEF7013:LeaderElection41] INFO  impl.LeaderElection (LeaderElection.java:askForVotes(182)) - 579334d3-7c10-42f4-b10c-e6c2267ece25@group-44EADBEF7013:LeaderElection41: begin an election at term 1 for -1: [579334d3-7c10-42f4-b10c-e6c2267ece25:192.168.151.99:34131], old=null
2019-09-26 16:53:56,665 [pool-47-thread-1] INFO  ratis.ContainerStateMachine (ContainerStateMachine.java:loadSnapshot(230)) - group-0B8F6A17CAB6: The snapshot info is null. Setting the last applied indexto:(t:0, i:~)
2019-09-26 16:53:56,665 [579334d3-7c10-42f4-b10c-e6c2267ece25@group-44EADBEF7013:LeaderElection41] INFO  impl.RoleInfo (RoleInfo.java:shutdownLeaderElection(134)) - 579334d3-7c10-42f4-b10c-e6c2267ece25: shutdown LeaderElection
2019-09-26 16:53:56,665 [pool-47-thread-1] INFO  server.RaftServerConfigKeys (ConfUtils.java:logGet(43)) - raft.server.notification.no-leader.timeout = 120s (custom)
2019-09-26 16:53:56,665 [579334d3-7c10-42f4-b10c-e6c2267ece25@group-44EADBEF7013:LeaderElection41] INFO  impl.RaftServerImpl (RaftServerImpl.java:setRole(174)) - 579334d3-7c10-42f4-b10c-e6c2267ece25@group-44EADBEF7013: changes role from CANDIDATE to LEADER at term 1 for changeToLeader
2019-09-26 16:53:56,666 [pool-47-thread-1] INFO  server.RaftServerConfigKeys (ConfUtils.java:logGet(43)) - raft.server.log.use.memory = false (default)
2019-09-26 16:53:56,666 [579334d3-7c10-42f4-b10c-e6c2267ece25@group-44EADBEF7013:LeaderElection41] INFO  impl.RaftServerImpl (ServerState.java:setLeader(253)) - 579334d3-7c10-42f4-b10c-e6c2267ece25@group-44EADBEF7013: change Leader from null to 579334d3-7c10-42f4-b10c-e6c2267ece25 at term 1 for becomeLeader, leader elected after 5117ms
2019-09-26 16:53:56,666 [pool-47-thread-1] INFO  server.RaftServerConfigKeys (ConfUtils.java:logGet(43)) - raft.server.log.purge.gap = 1000000 (custom)
2019-09-26 16:53:56,666 [579334d3-7c10-42f4-b10c-e6c2267ece25@group-44EADBEF7013:LeaderElection41] INFO  server.RaftServerConfigKeys (ConfUtils.java:logGet(43)) - raft.server.staging.catchup.gap = 1000 (default)
2019-09-26 16:53:56,666 [pool-47-thread-1] INFO  server.RaftServerConfigKeys (ConfUtils.java:logGet(43)) - raft.server.log.appender.buffer.byte-limit = 33554432 (custom)
2019-09-26 16:53:56,666 [579334d3-7c10-42f4-b10c-e6c2267ece25@group-44EADBEF7013:LeaderElection41] INFO  server.RaftServerConfigKeys (ConfUtils.java:logGet(43)) - raft.server.rpc.sleep.time = 25ms (default)
2019-09-26 16:53:56,666 [pool-47-thread-1] INFO  server.RaftServerConfigKeys (ConfUtils.java:logGet(43)) - raft.server.log.segment.size.max = 1048576 (custom)
2019-09-26 16:53:56,667 [579334d3-7c10-42f4-b10c-e6c2267ece25@group-44EADBEF7013:LeaderElection41] INFO  server.RaftServerConfigKeys (ConfUtils.java:logGet(43)) - raft.server.write.element-limit = 4096 (default)
2019-09-26 16:53:56,667 [pool-47-thread-1] INFO  server.RaftServerConfigKeys (ConfUtils.java:logGet(43)) - raft.server.log.segment.cache.num.max = 2 (custom)
2019-09-26 16:53:56,667 [579334d3-7c10-42f4-b10c-e6c2267ece25@group-44EADBEF7013:LeaderElection41] INFO  server.RaftServerConfigKeys (ConfUtils.java:logGet(43)) - raft.server.watch.timeout = 10s (default)
2019-09-26 16:53:56,667 [pool-47-thread-1] INFO  segmented.SegmentedRaftLogWorker (SegmentedRaftLogWorker.java:<init>(172)) - new 579334d3-7c10-42f4-b10c-e6c2267ece25@group-0B8F6A17CAB6-SegmentedRaftLogWorker for RaftStorage:Storage Directory /workdir/hadoop-ozone/integration-test/target/test-dir/MiniOzoneClusterImpl-fdc3d401-fab1-4968-a84f-12bf762e2bbf/datanode-2/data/ratis/316c944c-4d00-4a78-a468-0b8f6a17cab6
2019-09-26 16:53:56,667 [579334d3-7c10-42f4-b10c-e6c2267ece25@group-44EADBEF7013:LeaderElection41] INFO  server.RaftServerConfigKeys (ConfUtils.java:logGet(43)) - raft.server.watch.timeout.denomination = 1s (default)
2019-09-26 16:53:56,667 [pool-47-thread-1] INFO  server.RaftServerConfigKeys (ConfUtils.java:logGet(43)) - raft.server.log.queue.byte-limit = 2147483647 (custom)
2019-09-26 16:53:56,667 [579334d3-7c10-42f4-b10c-e6c2267ece25@group-44EADBEF7013:LeaderElection41] INFO  server.RaftServerConfigKeys (ConfUtils.java:logGet(43)) - raft.server.watch.element-limit = 65536 (default)
2019-09-26 16:53:56,668 [pool-47-thread-1] INFO  server.RaftServerConfigKeys (ConfUtils.java:logGet(43)) - raft.server.log.queue.element-limit = 1024 (custom)
2019-09-26 16:53:56,668 [pool-47-thread-1] INFO  server.RaftServerConfigKeys (ConfUtils.java:logGet(43)) - raft.server.log.segment.size.max = 1048576 (custom)
2019-09-26 16:53:56,668 [pool-47-thread-1] INFO  server.RaftServerConfigKeys (ConfUtils.java:logGet(43)) - raft.server.log.preallocated.size = 16384 (custom)
2019-09-26 16:53:56,668 [pool-47-thread-1] INFO  server.RaftServerConfigKeys (ConfUtils.java:logGet(43)) - raft.server.log.write.buffer.size = 33554432 (custom)
2019-09-26 16:53:56,668 [pool-47-thread-1] INFO  server.RaftServerConfigKeys (ConfUtils.java:logGet(43)) - raft.server.log.force.sync.num = 128 (default)
2019-09-26 16:53:56,669 [pool-47-thread-1] INFO  server.RaftServerConfigKeys (ConfUtils.java:logGet(43)) - raft.server.log.statemachine.data.sync = true (default)
2019-09-26 16:53:56,669 [pool-47-thread-1] INFO  server.RaftServerConfigKeys (ConfUtils.java:logGet(43)) - raft.server.log.statemachine.data.sync.timeout = 10s (default)
2019-09-26 16:53:56,669 [pool-47-thread-1] INFO  server.RaftServerConfigKeys (ConfUtils.java:logGet(43)) - raft.server.log.statemachine.data.sync.timeout.retry = -1 (default)
2019-09-26 16:53:56,669 [pool-47-thread-1] INFO  server.RaftServerConfigKeys (ConfUtils.java:logGet(43)) - raft.server.log.statemachine.data.caching.enabled = true (custom)
2019-09-26 16:53:56,669 [pool-47-thread-1] INFO  segmented.SegmentedRaftLogWorker (SegmentedRaftLogWorker.java:lambda$new$0(132)) - 579334d3-7c10-42f4-b10c-e6c2267ece25@group-0B8F6A17CAB6-SegmentedRaftLogWorker: flushIndex: setUnconditionally 0 -> -1
2019-09-26 16:53:56,670 [pool-47-thread-1] INFO  server.RaftServerConfigKeys (ConfUtils.java:logGet(43)) - raft.server.snapshot.auto.trigger.enabled = true (custom)
2019-09-26 16:53:56,670 [pool-47-thread-1] INFO  server.RaftServerConfigKeys (ConfUtils.java:logGet(43)) - raft.server.snapshot.auto.trigger.threshold = 10000 (custom)
2019-09-26 16:53:56,670 [pool-47-thread-1] INFO  server.RaftServerConfigKeys (ConfUtils.java:logGet(43)) - raft.server.snapshot.retention.num.files = 5 (custom)
2019-09-26 16:53:56,670 [pool-47-thread-1] INFO  server.RaftServerConfigKeys (ConfUtils.java:logGet(43)) - raft.server.retrycache.expirytime = 600000ms (custom)
2019-09-26 16:53:56,670 [579334d3-7c10-42f4-b10c-e6c2267ece25@group-44EADBEF7013:LeaderElection41] INFO  impl.RoleInfo (RoleInfo.java:updateAndGet(143)) - 579334d3-7c10-42f4-b10c-e6c2267ece25: start LeaderState
2019-09-26 16:53:56,671 [579334d3-7c10-42f4-b10c-e6c2267ece25@group-44EADBEF7013:LeaderElection41] INFO  segmented.SegmentedRaftLogWorker (SegmentedRaftLogWorker.java:startLogSegment(380)) - 579334d3-7c10-42f4-b10c-e6c2267ece25@group-44EADBEF7013-SegmentedRaftLogWorker: Starting segment from index:0
2019-09-26 16:53:56,671 [579334d3-7c10-42f4-b10c-e6c2267ece25@group-44EADBEF7013:LeaderElection41] INFO  impl.RaftServerImpl (ServerState.java:setRaftConf(354)) - 579334d3-7c10-42f4-b10c-e6c2267ece25@group-44EADBEF7013: set configuration 0: [579334d3-7c10-42f4-b10c-e6c2267ece25:192.168.151.99:34131], old=null at 0
2019-09-26 16:53:56,715 [7fda706b-4e23-4e10-baba-12810c05fbbb@group-5A969F4527EB-SegmentedRaftLogWorker] INFO  segmented.SegmentedRaftLogWorker (SegmentedRaftLogWorker.java:execute(569)) - 7fda706b-4e23-4e10-baba-12810c05fbbb@group-5A969F4527EB-SegmentedRaftLogWorker: created new log segment /workdir/hadoop-ozone/integration-test/target/test-dir/MiniOzoneClusterImpl-fdc3d401-fab1-4968-a84f-12bf762e2bbf/datanode-1/data/ratis/e4cebd97-5a71-4403-baf3-5a969f4527eb/current/log_inprogress_0
2019-09-26 16:53:56,716 [pool-47-thread-1] INFO  impl.RaftServerImpl (RaftServerImpl.java:start(185)) - 579334d3-7c10-42f4-b10c-e6c2267ece25@group-0B8F6A17CAB6: start as a follower, conf=-1: [579334d3-7c10-42f4-b10c-e6c2267ece25:192.168.151.99:34131], old=null
2019-09-26 16:53:56,716 [pool-47-thread-1] INFO  impl.RaftServerImpl (RaftServerImpl.java:setRole(174)) - 579334d3-7c10-42f4-b10c-e6c2267ece25@group-0B8F6A17CAB6: changes role from      null to FOLLOWER at term 0 for startAsFollower
2019-09-26 16:53:56,716 [pool-47-thread-1] INFO  impl.RoleInfo (RoleInfo.java:updateAndGet(143)) - 579334d3-7c10-42f4-b10c-e6c2267ece25: start FollowerState
2019-09-26 16:53:56,717 [pool-47-thread-1] INFO  util.JmxRegister (JmxRegister.java:tryRegister(44)) - Successfully registered JMX Bean with object name Ratis:service=RaftServer,group=group-0B8F6A17CAB6,id=579334d3-7c10-42f4-b10c-e6c2267ece25
2019-09-26 16:53:56,720 [RatisPipelineUtilsThread] INFO  pipeline.PipelineStateManager (PipelineStateManager.java:addPipeline(56)) - Created pipeline Pipeline[ Id: 316c944c-4d00-4a78-a468-0b8f6a17cab6, Nodes: 579334d3-7c10-42f4-b10c-e6c2267ece25{ip: 192.168.151.99, host: pr-hdds-1569-g6sp5-2013761785, networkLocation: /default-rack, certSerialId: null}, Type:RATIS, Factor:ONE, State:OPEN]
2019-09-26 16:53:56,727 [579334d3-7c10-42f4-b10c-e6c2267ece25@group-44EADBEF7013-SegmentedRaftLogWorker] INFO  segmented.SegmentedRaftLogWorker (SegmentedRaftLogWorker.java:execute(569)) - 579334d3-7c10-42f4-b10c-e6c2267ece25@group-44EADBEF7013-SegmentedRaftLogWorker: created new log segment /workdir/hadoop-ozone/integration-test/target/test-dir/MiniOzoneClusterImpl-fdc3d401-fab1-4968-a84f-12bf762e2bbf/datanode-2/data/ratis/dcdf4fe3-3e53-4c51-a23e-44eadbef7013/current/log_inprogress_0
2019-09-26 16:53:56,728 [grpc-default-executor-1] INFO  impl.RaftServerProxy (RaftServerProxy.java:addNew(89)) - 4a469c34-60df-4173-8d32-715e2ce97f5d: addNew group-A7BE3457B0E0:[4a469c34-60df-4173-8d32-715e2ce97f5d:192.168.151.99:42442] returns group-A7BE3457B0E0:java.util.concurrent.CompletableFuture@3935cb09[Not completed]
2019-09-26 16:53:56,729 [pool-87-thread-1] INFO  impl.RaftServerImpl (RaftServerImpl.java:<init>(95)) - 4a469c34-60df-4173-8d32-715e2ce97f5d: new RaftServerImpl for group-A7BE3457B0E0:[4a469c34-60df-4173-8d32-715e2ce97f5d:192.168.151.99:42442] with ContainerStateMachine:uninitialized
2019-09-26 16:53:56,729 [pool-87-thread-1] INFO  server.RaftServerConfigKeys (ConfUtils.java:logGet(43)) - raft.server.rpc.timeout.min = 5s (custom)
2019-09-26 16:53:56,729 [pool-87-thread-1] INFO  server.RaftServerConfigKeys (ConfUtils.java:logGet(43)) - raft.server.rpc.timeout.max = 5200ms (custom)
2019-09-26 16:53:56,729 [pool-87-thread-1] INFO  server.RaftServerConfigKeys (ConfUtils.java:logGet(43)) - raft.server.rpcslowness.timeout = 120s (custom)
2019-09-26 16:53:56,730 [pool-87-thread-1] INFO  server.RaftServerConfigKeys (ConfUtils.java:logGet(43)) - raft.server.sleep.deviation.threshold = 300 (default)
2019-09-26 16:53:56,730 [pool-87-thread-1] INFO  server.RaftServerConfigKeys (ConfUtils.java:logGet(43)) - raft.server.log.appender.install.snapshot.enabled = false (custom)
2019-09-26 16:53:56,730 [pool-87-thread-1] INFO  impl.RaftServerImpl (ServerState.java:<init>(103)) - 4a469c34-60df-4173-8d32-715e2ce97f5d@group-A7BE3457B0E0: ConfigurationManager, init=-1: [4a469c34-60df-4173-8d32-715e2ce97f5d:192.168.151.99:42442], old=null, confs=<EMPTY_MAP>
2019-09-26 16:53:56,730 [pool-87-thread-1] INFO  server.RaftServerConfigKeys (ConfUtils.java:logGet(43)) - raft.server.storage.dir = [/workdir/hadoop-ozone/integration-test/target/test-dir/MiniOzoneClusterImpl-fdc3d401-fab1-4968-a84f-12bf762e2bbf/datanode-6/data/ratis] (custom)
2019-09-26 16:53:56,731 [pool-87-thread-1] INFO  storage.RaftStorageDirectory (RaftStorageDirectory.java:analyzeStorage(246)) - The storage directory /workdir/hadoop-ozone/integration-test/target/test-dir/MiniOzoneClusterImpl-fdc3d401-fab1-4968-a84f-12bf762e2bbf/datanode-6/data/ratis/3b69fca1-6c0f-4f23-a50b-a7be3457b0e0 does not exist. Creating ...
2019-09-26 16:53:56,742 [Thread-370] INFO  impl.FollowerState (FollowerState.java:run(106)) - d17cca1b-2e6b-48b2-8b1c-3559490fa529:group-8DE465752D51 changes to CANDIDATE, lastRpcTime:5074, electionTimeout:5074ms
2019-09-26 16:53:56,742 [Thread-370] INFO  impl.RoleInfo (RoleInfo.java:shutdownFollowerState(121)) - d17cca1b-2e6b-48b2-8b1c-3559490fa529: shutdown FollowerState
2019-09-26 16:53:56,742 [Thread-370] INFO  impl.RaftServerImpl (RaftServerImpl.java:setRole(174)) - d17cca1b-2e6b-48b2-8b1c-3559490fa529@group-8DE465752D51: changes role from  FOLLOWER to CANDIDATE at term 0 for changeToCandidate
2019-09-26 16:53:56,743 [Thread-370] INFO  impl.RoleInfo (RoleInfo.java:updateAndGet(143)) - d17cca1b-2e6b-48b2-8b1c-3559490fa529: start LeaderElection
2019-09-26 16:53:56,744 [pool-87-thread-1] INFO  storage.RaftStorageDirectory (RaftStorageDirectory.java:tryLock(328)) - Lock on /workdir/hadoop-ozone/integration-test/target/test-dir/MiniOzoneClusterImpl-fdc3d401-fab1-4968-a84f-12bf762e2bbf/datanode-6/data/ratis/3b69fca1-6c0f-4f23-a50b-a7be3457b0e0/in_use.lock acquired by nodename 15096@pr-hdds-1569-g6sp5-2013761785
2019-09-26 16:53:56,747 [pool-87-thread-1] INFO  storage.RaftStorage (RaftStorage.java:format(72)) - Storage directory /workdir/hadoop-ozone/integration-test/target/test-dir/MiniOzoneClusterImpl-fdc3d401-fab1-4968-a84f-12bf762e2bbf/datanode-6/data/ratis/3b69fca1-6c0f-4f23-a50b-a7be3457b0e0 has been successfully formatted.
2019-09-26 16:53:56,747 [d17cca1b-2e6b-48b2-8b1c-3559490fa529@group-8DE465752D51:LeaderElection42] INFO  impl.LeaderElection (LeaderElection.java:askForVotes(182)) - d17cca1b-2e6b-48b2-8b1c-3559490fa529@group-8DE465752D51:LeaderElection42: begin an election at term 1 for -1: [d17cca1b-2e6b-48b2-8b1c-3559490fa529:192.168.151.99:40714], old=null
2019-09-26 16:53:56,748 [pool-87-thread-1] INFO  ratis.ContainerStateMachine (ContainerStateMachine.java:loadSnapshot(230)) - group-A7BE3457B0E0: The snapshot info is null. Setting the last applied indexto:(t:0, i:~)
2019-09-26 16:53:56,748 [d17cca1b-2e6b-48b2-8b1c-3559490fa529@group-8DE465752D51:LeaderElection42] INFO  impl.RoleInfo (RoleInfo.java:shutdownLeaderElection(134)) - d17cca1b-2e6b-48b2-8b1c-3559490fa529: shutdown LeaderElection
2019-09-26 16:53:56,748 [pool-87-thread-1] INFO  server.RaftServerConfigKeys (ConfUtils.java:logGet(43)) - raft.server.notification.no-leader.timeout = 120s (custom)
2019-09-26 16:53:56,748 [d17cca1b-2e6b-48b2-8b1c-3559490fa529@group-8DE465752D51:LeaderElection42] INFO  impl.RaftServerImpl (RaftServerImpl.java:setRole(174)) - d17cca1b-2e6b-48b2-8b1c-3559490fa529@group-8DE465752D51: changes role from CANDIDATE to LEADER at term 1 for changeToLeader
2019-09-26 16:53:56,748 [pool-87-thread-1] INFO  server.RaftServerConfigKeys (ConfUtils.java:logGet(43)) - raft.server.log.use.memory = false (default)
2019-09-26 16:53:56,748 [d17cca1b-2e6b-48b2-8b1c-3559490fa529@group-8DE465752D51:LeaderElection42] INFO  impl.RaftServerImpl (ServerState.java:setLeader(253)) - d17cca1b-2e6b-48b2-8b1c-3559490fa529@group-8DE465752D51: change Leader from null to d17cca1b-2e6b-48b2-8b1c-3559490fa529 at term 1 for becomeLeader, leader elected after 5088ms
2019-09-26 16:53:56,749 [pool-87-thread-1] INFO  server.RaftServerConfigKeys (ConfUtils.java:logGet(43)) - raft.server.log.purge.gap = 1000000 (custom)
2019-09-26 16:53:56,749 [d17cca1b-2e6b-48b2-8b1c-3559490fa529@group-8DE465752D51:LeaderElection42] INFO  server.RaftServerConfigKeys (ConfUtils.java:logGet(43)) - raft.server.staging.catchup.gap = 1000 (default)
2019-09-26 16:53:56,749 [pool-87-thread-1] INFO  server.RaftServerConfigKeys (ConfUtils.java:logGet(43)) - raft.server.log.appender.buffer.byte-limit = 33554432 (custom)
2019-09-26 16:53:56,749 [d17cca1b-2e6b-48b2-8b1c-3559490fa529@group-8DE465752D51:LeaderElection42] INFO  server.RaftServerConfigKeys (ConfUtils.java:logGet(43)) - raft.server.rpc.sleep.time = 25ms (default)
2019-09-26 16:53:56,749 [pool-87-thread-1] INFO  server.RaftServerConfigKeys (ConfUtils.java:logGet(43)) - raft.server.log.segment.size.max = 1048576 (custom)
2019-09-26 16:53:56,749 [d17cca1b-2e6b-48b2-8b1c-3559490fa529@group-8DE465752D51:LeaderElection42] INFO  server.RaftServerConfigKeys (ConfUtils.java:logGet(43)) - raft.server.write.element-limit = 4096 (default)
2019-09-26 16:53:56,749 [pool-87-thread-1] INFO  server.RaftServerConfigKeys (ConfUtils.java:logGet(43)) - raft.server.log.segment.cache.num.max = 2 (custom)
2019-09-26 16:53:56,750 [d17cca1b-2e6b-48b2-8b1c-3559490fa529@group-8DE465752D51:LeaderElection42] INFO  server.RaftServerConfigKeys (ConfUtils.java:logGet(43)) - raft.server.watch.timeout = 10s (default)
2019-09-26 16:53:56,750 [pool-87-thread-1] INFO  segmented.SegmentedRaftLogWorker (SegmentedRaftLogWorker.java:<init>(172)) - new 4a469c34-60df-4173-8d32-715e2ce97f5d@group-A7BE3457B0E0-SegmentedRaftLogWorker for RaftStorage:Storage Directory /workdir/hadoop-ozone/integration-test/target/test-dir/MiniOzoneClusterImpl-fdc3d401-fab1-4968-a84f-12bf762e2bbf/datanode-6/data/ratis/3b69fca1-6c0f-4f23-a50b-a7be3457b0e0
2019-09-26 16:53:56,750 [d17cca1b-2e6b-48b2-8b1c-3559490fa529@group-8DE465752D51:LeaderElection42] INFO  server.RaftServerConfigKeys (ConfUtils.java:logGet(43)) - raft.server.watch.timeout.denomination = 1s (default)
2019-09-26 16:53:56,750 [pool-87-thread-1] INFO  server.RaftServerConfigKeys (ConfUtils.java:logGet(43)) - raft.server.log.queue.byte-limit = 2147483647 (custom)
2019-09-26 16:53:56,750 [d17cca1b-2e6b-48b2-8b1c-3559490fa529@group-8DE465752D51:LeaderElection42] INFO  server.RaftServerConfigKeys (ConfUtils.java:logGet(43)) - raft.server.watch.element-limit = 65536 (default)
2019-09-26 16:53:56,750 [pool-87-thread-1] INFO  server.RaftServerConfigKeys (ConfUtils.java:logGet(43)) - raft.server.log.queue.element-limit = 1024 (custom)
2019-09-26 16:53:56,751 [pool-87-thread-1] INFO  server.RaftServerConfigKeys (ConfUtils.java:logGet(43)) - raft.server.log.segment.size.max = 1048576 (custom)
2019-09-26 16:53:56,751 [pool-87-thread-1] INFO  server.RaftServerConfigKeys (ConfUtils.java:logGet(43)) - raft.server.log.preallocated.size = 16384 (custom)
2019-09-26 16:53:56,751 [pool-87-thread-1] INFO  server.RaftServerConfigKeys (ConfUtils.java:logGet(43)) - raft.server.log.write.buffer.size = 33554432 (custom)
2019-09-26 16:53:56,751 [pool-87-thread-1] INFO  server.RaftServerConfigKeys (ConfUtils.java:logGet(43)) - raft.server.log.force.sync.num = 128 (default)
2019-09-26 16:53:56,751 [pool-87-thread-1] INFO  server.RaftServerConfigKeys (ConfUtils.java:logGet(43)) - raft.server.log.statemachine.data.sync = true (default)
2019-09-26 16:53:56,752 [pool-87-thread-1] INFO  server.RaftServerConfigKeys (ConfUtils.java:logGet(43)) - raft.server.log.statemachine.data.sync.timeout = 10s (default)
2019-09-26 16:53:56,752 [pool-87-thread-1] INFO  server.RaftServerConfigKeys (ConfUtils.java:logGet(43)) - raft.server.log.statemachine.data.sync.timeout.retry = -1 (default)
2019-09-26 16:53:56,752 [pool-87-thread-1] INFO  server.RaftServerConfigKeys (ConfUtils.java:logGet(43)) - raft.server.log.statemachine.data.caching.enabled = true (custom)
2019-09-26 16:53:56,752 [pool-87-thread-1] INFO  segmented.SegmentedRaftLogWorker (SegmentedRaftLogWorker.java:lambda$new$0(132)) - 4a469c34-60df-4173-8d32-715e2ce97f5d@group-A7BE3457B0E0-SegmentedRaftLogWorker: flushIndex: setUnconditionally 0 -> -1
2019-09-26 16:53:56,753 [pool-87-thread-1] INFO  server.RaftServerConfigKeys (ConfUtils.java:logGet(43)) - raft.server.snapshot.auto.trigger.enabled = true (custom)
2019-09-26 16:53:56,753 [pool-87-thread-1] INFO  server.RaftServerConfigKeys (ConfUtils.java:logGet(43)) - raft.server.snapshot.auto.trigger.threshold = 10000 (custom)
2019-09-26 16:53:56,753 [d17cca1b-2e6b-48b2-8b1c-3559490fa529@group-8DE465752D51:LeaderElection42] INFO  impl.RoleInfo (RoleInfo.java:updateAndGet(143)) - d17cca1b-2e6b-48b2-8b1c-3559490fa529: start LeaderState
2019-09-26 16:53:56,753 [pool-87-thread-1] INFO  server.RaftServerConfigKeys (ConfUtils.java:logGet(43)) - raft.server.snapshot.retention.num.files = 5 (custom)
2019-09-26 16:53:56,753 [d17cca1b-2e6b-48b2-8b1c-3559490fa529@group-8DE465752D51:LeaderElection42] INFO  segmented.SegmentedRaftLogWorker (SegmentedRaftLogWorker.java:startLogSegment(380)) - d17cca1b-2e6b-48b2-8b1c-3559490fa529@group-8DE465752D51-SegmentedRaftLogWorker: Starting segment from index:0
2019-09-26 16:53:56,753 [pool-87-thread-1] INFO  server.RaftServerConfigKeys (ConfUtils.java:logGet(43)) - raft.server.retrycache.expirytime = 600000ms (custom)
2019-09-26 16:53:56,754 [d17cca1b-2e6b-48b2-8b1c-3559490fa529@group-8DE465752D51:LeaderElection42] INFO  impl.RaftServerImpl (ServerState.java:setRaftConf(354)) - d17cca1b-2e6b-48b2-8b1c-3559490fa529@group-8DE465752D51: set configuration 0: [d17cca1b-2e6b-48b2-8b1c-3559490fa529:192.168.151.99:40714], old=null at 0
2019-09-26 16:53:56,756 [pool-87-thread-1] INFO  impl.RaftServerImpl (RaftServerImpl.java:start(185)) - 4a469c34-60df-4173-8d32-715e2ce97f5d@group-A7BE3457B0E0: start as a follower, conf=-1: [4a469c34-60df-4173-8d32-715e2ce97f5d:192.168.151.99:42442], old=null
2019-09-26 16:53:56,756 [pool-87-thread-1] INFO  impl.RaftServerImpl (RaftServerImpl.java:setRole(174)) - 4a469c34-60df-4173-8d32-715e2ce97f5d@group-A7BE3457B0E0: changes role from      null to FOLLOWER at term 0 for startAsFollower
2019-09-26 16:53:56,756 [pool-87-thread-1] INFO  impl.RoleInfo (RoleInfo.java:updateAndGet(143)) - 4a469c34-60df-4173-8d32-715e2ce97f5d: start FollowerState
2019-09-26 16:53:56,756 [pool-87-thread-1] INFO  util.JmxRegister (JmxRegister.java:tryRegister(44)) - Successfully registered JMX Bean with object name Ratis:service=RaftServer,group=group-A7BE3457B0E0,id=4a469c34-60df-4173-8d32-715e2ce97f5d
2019-09-26 16:53:56,760 [RatisPipelineUtilsThread] INFO  pipeline.PipelineStateManager (PipelineStateManager.java:addPipeline(56)) - Created pipeline Pipeline[ Id: 3b69fca1-6c0f-4f23-a50b-a7be3457b0e0, Nodes: 4a469c34-60df-4173-8d32-715e2ce97f5d{ip: 192.168.151.99, host: pr-hdds-1569-g6sp5-2013761785, networkLocation: /default-rack, certSerialId: null}, Type:RATIS, Factor:ONE, State:OPEN]
2019-09-26 16:53:56,766 [grpc-default-executor-1] INFO  impl.RaftServerProxy (RaftServerProxy.java:addNew(89)) - 7fda706b-4e23-4e10-baba-12810c05fbbb: addNew group-4FDFC239BA02:[7fda706b-4e23-4e10-baba-12810c05fbbb:192.168.151.99:32897] returns group-4FDFC239BA02:java.util.concurrent.CompletableFuture@708a36ac[Not completed]
2019-09-26 16:53:56,768 [pool-37-thread-1] INFO  impl.RaftServerImpl (RaftServerImpl.java:<init>(95)) - 7fda706b-4e23-4e10-baba-12810c05fbbb: new RaftServerImpl for group-4FDFC239BA02:[7fda706b-4e23-4e10-baba-12810c05fbbb:192.168.151.99:32897] with ContainerStateMachine:uninitialized
2019-09-26 16:53:56,768 [pool-37-thread-1] INFO  server.RaftServerConfigKeys (ConfUtils.java:logGet(43)) - raft.server.rpc.timeout.min = 5s (custom)
2019-09-26 16:53:56,769 [pool-37-thread-1] INFO  server.RaftServerConfigKeys (ConfUtils.java:logGet(43)) - raft.server.rpc.timeout.max = 5200ms (custom)
2019-09-26 16:53:56,769 [pool-37-thread-1] INFO  server.RaftServerConfigKeys (ConfUtils.java:logGet(43)) - raft.server.rpcslowness.timeout = 120s (custom)
2019-09-26 16:53:56,769 [pool-37-thread-1] INFO  server.RaftServerConfigKeys (ConfUtils.java:logGet(43)) - raft.server.sleep.deviation.threshold = 300 (default)
2019-09-26 16:53:56,769 [pool-37-thread-1] INFO  server.RaftServerConfigKeys (ConfUtils.java:logGet(43)) - raft.server.log.appender.install.snapshot.enabled = false (custom)
2019-09-26 16:53:56,769 [pool-37-thread-1] INFO  impl.RaftServerImpl (ServerState.java:<init>(103)) - 7fda706b-4e23-4e10-baba-12810c05fbbb@group-4FDFC239BA02: ConfigurationManager, init=-1: [7fda706b-4e23-4e10-baba-12810c05fbbb:192.168.151.99:32897], old=null, confs=<EMPTY_MAP>
2019-09-26 16:53:56,770 [pool-37-thread-1] INFO  server.RaftServerConfigKeys (ConfUtils.java:logGet(43)) - raft.server.storage.dir = [/workdir/hadoop-ozone/integration-test/target/test-dir/MiniOzoneClusterImpl-fdc3d401-fab1-4968-a84f-12bf762e2bbf/datanode-1/data/ratis] (custom)
2019-09-26 16:53:56,770 [pool-37-thread-1] INFO  storage.RaftStorageDirectory (RaftStorageDirectory.java:analyzeStorage(246)) - The storage directory /workdir/hadoop-ozone/integration-test/target/test-dir/MiniOzoneClusterImpl-fdc3d401-fab1-4968-a84f-12bf762e2bbf/datanode-1/data/ratis/fe25e9e8-dd91-4ed3-9a34-4fdfc239ba02 does not exist. Creating ...
2019-09-26 16:53:56,773 [Thread-367] INFO  impl.FollowerState (FollowerState.java:run(106)) - 4a469c34-60df-4173-8d32-715e2ce97f5d:group-3D52355C9F1F changes to CANDIDATE, lastRpcTime:5172, electionTimeout:5172ms
2019-09-26 16:53:56,773 [Thread-367] INFO  impl.RoleInfo (RoleInfo.java:shutdownFollowerState(121)) - 4a469c34-60df-4173-8d32-715e2ce97f5d: shutdown FollowerState
2019-09-26 16:53:56,773 [Thread-367] INFO  impl.RaftServerImpl (RaftServerImpl.java:setRole(174)) - 4a469c34-60df-4173-8d32-715e2ce97f5d@group-3D52355C9F1F: changes role from  FOLLOWER to CANDIDATE at term 0 for changeToCandidate
2019-09-26 16:53:56,773 [Thread-367] INFO  impl.RoleInfo (RoleInfo.java:updateAndGet(143)) - 4a469c34-60df-4173-8d32-715e2ce97f5d: start LeaderElection
2019-09-26 16:53:56,784 [pool-37-thread-1] INFO  storage.RaftStorageDirectory (RaftStorageDirectory.java:tryLock(328)) - Lock on /workdir/hadoop-ozone/integration-test/target/test-dir/MiniOzoneClusterImpl-fdc3d401-fab1-4968-a84f-12bf762e2bbf/datanode-1/data/ratis/fe25e9e8-dd91-4ed3-9a34-4fdfc239ba02/in_use.lock acquired by nodename 15096@pr-hdds-1569-g6sp5-2013761785
2019-09-26 16:53:56,784 [4a469c34-60df-4173-8d32-715e2ce97f5d@group-3D52355C9F1F:LeaderElection43] INFO  impl.LeaderElection (LeaderElection.java:askForVotes(182)) - 4a469c34-60df-4173-8d32-715e2ce97f5d@group-3D52355C9F1F:LeaderElection43: begin an election at term 1 for -1: [4a469c34-60df-4173-8d32-715e2ce97f5d:192.168.151.99:42442], old=null
2019-09-26 16:53:56,784 [4a469c34-60df-4173-8d32-715e2ce97f5d@group-3D52355C9F1F:LeaderElection43] INFO  impl.RoleInfo (RoleInfo.java:shutdownLeaderElection(134)) - 4a469c34-60df-4173-8d32-715e2ce97f5d: shutdown LeaderElection
2019-09-26 16:53:56,784 [4a469c34-60df-4173-8d32-715e2ce97f5d@group-3D52355C9F1F:LeaderElection43] INFO  impl.RaftServerImpl (RaftServerImpl.java:setRole(174)) - 4a469c34-60df-4173-8d32-715e2ce97f5d@group-3D52355C9F1F: changes role from CANDIDATE to LEADER at term 1 for changeToLeader
2019-09-26 16:53:56,784 [4a469c34-60df-4173-8d32-715e2ce97f5d@group-3D52355C9F1F:LeaderElection43] INFO  impl.RaftServerImpl (ServerState.java:setLeader(253)) - 4a469c34-60df-4173-8d32-715e2ce97f5d@group-3D52355C9F1F: change Leader from null to 4a469c34-60df-4173-8d32-715e2ce97f5d at term 1 for becomeLeader, leader elected after 5190ms
2019-09-26 16:53:56,785 [4a469c34-60df-4173-8d32-715e2ce97f5d@group-3D52355C9F1F:LeaderElection43] INFO  server.RaftServerConfigKeys (ConfUtils.java:logGet(43)) - raft.server.staging.catchup.gap = 1000 (default)
2019-09-26 16:53:56,785 [4a469c34-60df-4173-8d32-715e2ce97f5d@group-3D52355C9F1F:LeaderElection43] INFO  server.RaftServerConfigKeys (ConfUtils.java:logGet(43)) - raft.server.rpc.sleep.time = 25ms (default)
2019-09-26 16:53:56,785 [4a469c34-60df-4173-8d32-715e2ce97f5d@group-3D52355C9F1F:LeaderElection43] INFO  server.RaftServerConfigKeys (ConfUtils.java:logGet(43)) - raft.server.write.element-limit = 4096 (default)
2019-09-26 16:53:56,785 [4a469c34-60df-4173-8d32-715e2ce97f5d@group-3D52355C9F1F:LeaderElection43] INFO  server.RaftServerConfigKeys (ConfUtils.java:logGet(43)) - raft.server.watch.timeout = 10s (default)
2019-09-26 16:53:56,785 [4a469c34-60df-4173-8d32-715e2ce97f5d@group-3D52355C9F1F:LeaderElection43] INFO  server.RaftServerConfigKeys (ConfUtils.java:logGet(43)) - raft.server.watch.timeout.denomination = 1s (default)
2019-09-26 16:53:56,786 [4a469c34-60df-4173-8d32-715e2ce97f5d@group-3D52355C9F1F:LeaderElection43] INFO  server.RaftServerConfigKeys (ConfUtils.java:logGet(43)) - raft.server.watch.element-limit = 65536 (default)
2019-09-26 16:53:56,788 [4a469c34-60df-4173-8d32-715e2ce97f5d@group-3D52355C9F1F:LeaderElection43] INFO  impl.RoleInfo (RoleInfo.java:updateAndGet(143)) - 4a469c34-60df-4173-8d32-715e2ce97f5d: start LeaderState
2019-09-26 16:53:56,788 [4a469c34-60df-4173-8d32-715e2ce97f5d@group-3D52355C9F1F:LeaderElection43] INFO  segmented.SegmentedRaftLogWorker (SegmentedRaftLogWorker.java:startLogSegment(380)) - 4a469c34-60df-4173-8d32-715e2ce97f5d@group-3D52355C9F1F-SegmentedRaftLogWorker: Starting segment from index:0
2019-09-26 16:53:56,789 [4a469c34-60df-4173-8d32-715e2ce97f5d@group-3D52355C9F1F:LeaderElection43] INFO  impl.RaftServerImpl (ServerState.java:setRaftConf(354)) - 4a469c34-60df-4173-8d32-715e2ce97f5d@group-3D52355C9F1F: set configuration 0: [4a469c34-60df-4173-8d32-715e2ce97f5d:192.168.151.99:42442], old=null at 0
2019-09-26 16:53:56,809 [pool-37-thread-1] INFO  storage.RaftStorage (RaftStorage.java:format(72)) - Storage directory /workdir/hadoop-ozone/integration-test/target/test-dir/MiniOzoneClusterImpl-fdc3d401-fab1-4968-a84f-12bf762e2bbf/datanode-1/data/ratis/fe25e9e8-dd91-4ed3-9a34-4fdfc239ba02 has been successfully formatted.
2019-09-26 16:53:56,809 [pool-37-thread-1] INFO  ratis.ContainerStateMachine (ContainerStateMachine.java:loadSnapshot(230)) - group-4FDFC239BA02: The snapshot info is null. Setting the last applied indexto:(t:0, i:~)
2019-09-26 16:53:56,810 [pool-37-thread-1] INFO  server.RaftServerConfigKeys (ConfUtils.java:logGet(43)) - raft.server.notification.no-leader.timeout = 120s (custom)
2019-09-26 16:53:56,810 [pool-37-thread-1] INFO  server.RaftServerConfigKeys (ConfUtils.java:logGet(43)) - raft.server.log.use.memory = false (default)
2019-09-26 16:53:56,810 [pool-37-thread-1] INFO  server.RaftServerConfigKeys (ConfUtils.java:logGet(43)) - raft.server.log.purge.gap = 1000000 (custom)
2019-09-26 16:53:56,810 [pool-37-thread-1] INFO  server.RaftServerConfigKeys (ConfUtils.java:logGet(43)) - raft.server.log.appender.buffer.byte-limit = 33554432 (custom)
2019-09-26 16:53:56,811 [pool-37-thread-1] INFO  server.RaftServerConfigKeys (ConfUtils.java:logGet(43)) - raft.server.log.segment.size.max = 1048576 (custom)
2019-09-26 16:53:56,811 [d17cca1b-2e6b-48b2-8b1c-3559490fa529@group-8DE465752D51-SegmentedRaftLogWorker] INFO  segmented.SegmentedRaftLogWorker (SegmentedRaftLogWorker.java:execute(569)) - d17cca1b-2e6b-48b2-8b1c-3559490fa529@group-8DE465752D51-SegmentedRaftLogWorker: created new log segment /workdir/hadoop-ozone/integration-test/target/test-dir/MiniOzoneClusterImpl-fdc3d401-fab1-4968-a84f-12bf762e2bbf/datanode-5/data/ratis/d7efa102-31fa-4da0-9a4a-8de465752d51/current/log_inprogress_0
2019-09-26 16:53:56,811 [pool-37-thread-1] INFO  server.RaftServerConfigKeys (ConfUtils.java:logGet(43)) - raft.server.log.segment.cache.num.max = 2 (custom)
2019-09-26 16:53:56,811 [pool-37-thread-1] INFO  segmented.SegmentedRaftLogWorker (SegmentedRaftLogWorker.java:<init>(172)) - new 7fda706b-4e23-4e10-baba-12810c05fbbb@group-4FDFC239BA02-SegmentedRaftLogWorker for RaftStorage:Storage Directory /workdir/hadoop-ozone/integration-test/target/test-dir/MiniOzoneClusterImpl-fdc3d401-fab1-4968-a84f-12bf762e2bbf/datanode-1/data/ratis/fe25e9e8-dd91-4ed3-9a34-4fdfc239ba02
2019-09-26 16:53:56,811 [pool-37-thread-1] INFO  server.RaftServerConfigKeys (ConfUtils.java:logGet(43)) - raft.server.log.queue.byte-limit = 2147483647 (custom)
2019-09-26 16:53:56,811 [pool-37-thread-1] INFO  server.RaftServerConfigKeys (ConfUtils.java:logGet(43)) - raft.server.log.queue.element-limit = 1024 (custom)
2019-09-26 16:53:56,812 [pool-37-thread-1] INFO  server.RaftServerConfigKeys (ConfUtils.java:logGet(43)) - raft.server.log.segment.size.max = 1048576 (custom)
2019-09-26 16:53:56,812 [pool-37-thread-1] INFO  server.RaftServerConfigKeys (ConfUtils.java:logGet(43)) - raft.server.log.preallocated.size = 16384 (custom)
2019-09-26 16:53:56,812 [pool-37-thread-1] INFO  server.RaftServerConfigKeys (ConfUtils.java:logGet(43)) - raft.server.log.write.buffer.size = 33554432 (custom)
2019-09-26 16:53:56,812 [pool-37-thread-1] INFO  server.RaftServerConfigKeys (ConfUtils.java:logGet(43)) - raft.server.log.force.sync.num = 128 (default)
2019-09-26 16:53:56,812 [pool-37-thread-1] INFO  server.RaftServerConfigKeys (ConfUtils.java:logGet(43)) - raft.server.log.statemachine.data.sync = true (default)
2019-09-26 16:53:56,813 [pool-37-thread-1] INFO  server.RaftServerConfigKeys (ConfUtils.java:logGet(43)) - raft.server.log.statemachine.data.sync.timeout = 10s (default)
2019-09-26 16:53:56,813 [pool-37-thread-1] INFO  server.RaftServerConfigKeys (ConfUtils.java:logGet(43)) - raft.server.log.statemachine.data.sync.timeout.retry = -1 (default)
2019-09-26 16:53:56,813 [pool-37-thread-1] INFO  server.RaftServerConfigKeys (ConfUtils.java:logGet(43)) - raft.server.log.statemachine.data.caching.enabled = true (custom)
2019-09-26 16:53:56,814 [pool-37-thread-1] INFO  segmented.SegmentedRaftLogWorker (SegmentedRaftLogWorker.java:lambda$new$0(132)) - 7fda706b-4e23-4e10-baba-12810c05fbbb@group-4FDFC239BA02-SegmentedRaftLogWorker: flushIndex: setUnconditionally 0 -> -1
2019-09-26 16:53:56,814 [pool-37-thread-1] INFO  server.RaftServerConfigKeys (ConfUtils.java:logGet(43)) - raft.server.snapshot.auto.trigger.enabled = true (custom)
2019-09-26 16:53:56,814 [pool-37-thread-1] INFO  server.RaftServerConfigKeys (ConfUtils.java:logGet(43)) - raft.server.snapshot.auto.trigger.threshold = 10000 (custom)
2019-09-26 16:53:56,814 [pool-37-thread-1] INFO  server.RaftServerConfigKeys (ConfUtils.java:logGet(43)) - raft.server.snapshot.retention.num.files = 5 (custom)
2019-09-26 16:53:56,815 [pool-37-thread-1] INFO  server.RaftServerConfigKeys (ConfUtils.java:logGet(43)) - raft.server.retrycache.expirytime = 600000ms (custom)
2019-09-26 16:53:56,817 [pool-37-thread-1] INFO  impl.RaftServerImpl (RaftServerImpl.java:start(185)) - 7fda706b-4e23-4e10-baba-12810c05fbbb@group-4FDFC239BA02: start as a follower, conf=-1: [7fda706b-4e23-4e10-baba-12810c05fbbb:192.168.151.99:32897], old=null
2019-09-26 16:53:56,817 [pool-37-thread-1] INFO  impl.RaftServerImpl (RaftServerImpl.java:setRole(174)) - 7fda706b-4e23-4e10-baba-12810c05fbbb@group-4FDFC239BA02: changes role from      null to FOLLOWER at term 0 for startAsFollower
2019-09-26 16:53:56,817 [pool-37-thread-1] INFO  impl.RoleInfo (RoleInfo.java:updateAndGet(143)) - 7fda706b-4e23-4e10-baba-12810c05fbbb: start FollowerState
2019-09-26 16:53:56,818 [pool-37-thread-1] INFO  util.JmxRegister (JmxRegister.java:tryRegister(44)) - Successfully registered JMX Bean with object name Ratis:service=RaftServer,group=group-4FDFC239BA02,id=7fda706b-4e23-4e10-baba-12810c05fbbb
2019-09-26 16:53:56,822 [RatisPipelineUtilsThread] INFO  pipeline.PipelineStateManager (PipelineStateManager.java:addPipeline(56)) - Created pipeline Pipeline[ Id: fe25e9e8-dd91-4ed3-9a34-4fdfc239ba02, Nodes: 7fda706b-4e23-4e10-baba-12810c05fbbb{ip: 192.168.151.99, host: pr-hdds-1569-g6sp5-2013761785, networkLocation: /default-rack, certSerialId: null}, Type:RATIS, Factor:ONE, State:OPEN]
2019-09-26 16:53:56,828 [grpc-default-executor-1] INFO  impl.RaftServerProxy (RaftServerProxy.java:addNew(89)) - 5160ea40-cc48-41a9-a1d1-1151a36e77d8: addNew group-C36002BBBA8D:[5160ea40-cc48-41a9-a1d1-1151a36e77d8:192.168.151.99:45356] returns group-C36002BBBA8D:java.util.concurrent.CompletableFuture@4e179591[Not completed]
2019-09-26 16:53:56,829 [pool-57-thread-1] INFO  impl.RaftServerImpl (RaftServerImpl.java:<init>(95)) - 5160ea40-cc48-41a9-a1d1-1151a36e77d8: new RaftServerImpl for group-C36002BBBA8D:[5160ea40-cc48-41a9-a1d1-1151a36e77d8:192.168.151.99:45356] with ContainerStateMachine:uninitialized
2019-09-26 16:53:56,829 [pool-57-thread-1] INFO  server.RaftServerConfigKeys (ConfUtils.java:logGet(43)) - raft.server.rpc.timeout.min = 5s (custom)
2019-09-26 16:53:56,829 [pool-57-thread-1] INFO  server.RaftServerConfigKeys (ConfUtils.java:logGet(43)) - raft.server.rpc.timeout.max = 5200ms (custom)
2019-09-26 16:53:56,830 [pool-57-thread-1] INFO  server.RaftServerConfigKeys (ConfUtils.java:logGet(43)) - raft.server.rpcslowness.timeout = 120s (custom)
2019-09-26 16:53:56,830 [pool-57-thread-1] INFO  server.RaftServerConfigKeys (ConfUtils.java:logGet(43)) - raft.server.sleep.deviation.threshold = 300 (default)
2019-09-26 16:53:56,830 [pool-57-thread-1] INFO  server.RaftServerConfigKeys (ConfUtils.java:logGet(43)) - raft.server.log.appender.install.snapshot.enabled = false (custom)
2019-09-26 16:53:56,830 [pool-57-thread-1] INFO  impl.RaftServerImpl (ServerState.java:<init>(103)) - 5160ea40-cc48-41a9-a1d1-1151a36e77d8@group-C36002BBBA8D: ConfigurationManager, init=-1: [5160ea40-cc48-41a9-a1d1-1151a36e77d8:192.168.151.99:45356], old=null, confs=<EMPTY_MAP>
2019-09-26 16:53:56,830 [pool-57-thread-1] INFO  server.RaftServerConfigKeys (ConfUtils.java:logGet(43)) - raft.server.storage.dir = [/workdir/hadoop-ozone/integration-test/target/test-dir/MiniOzoneClusterImpl-fdc3d401-fab1-4968-a84f-12bf762e2bbf/datanode-3/data/ratis] (custom)
2019-09-26 16:53:56,831 [pool-57-thread-1] INFO  storage.RaftStorageDirectory (RaftStorageDirectory.java:analyzeStorage(246)) - The storage directory /workdir/hadoop-ozone/integration-test/target/test-dir/MiniOzoneClusterImpl-fdc3d401-fab1-4968-a84f-12bf762e2bbf/datanode-3/data/ratis/bda803b7-6513-45e8-9a19-c36002bbba8d does not exist. Creating ...
2019-09-26 16:53:56,842 [pool-57-thread-1] INFO  storage.RaftStorageDirectory (RaftStorageDirectory.java:tryLock(328)) - Lock on /workdir/hadoop-ozone/integration-test/target/test-dir/MiniOzoneClusterImpl-fdc3d401-fab1-4968-a84f-12bf762e2bbf/datanode-3/data/ratis/bda803b7-6513-45e8-9a19-c36002bbba8d/in_use.lock acquired by nodename 15096@pr-hdds-1569-g6sp5-2013761785
2019-09-26 16:53:56,842 [4a469c34-60df-4173-8d32-715e2ce97f5d@group-3D52355C9F1F-SegmentedRaftLogWorker] INFO  segmented.SegmentedRaftLogWorker (SegmentedRaftLogWorker.java:execute(569)) - 4a469c34-60df-4173-8d32-715e2ce97f5d@group-3D52355C9F1F-SegmentedRaftLogWorker: created new log segment /workdir/hadoop-ozone/integration-test/target/test-dir/MiniOzoneClusterImpl-fdc3d401-fab1-4968-a84f-12bf762e2bbf/datanode-6/data/ratis/11a0fb06-0574-4e3d-bd3a-3d52355c9f1f/current/log_inprogress_0
2019-09-26 16:53:56,852 [Thread-373] INFO  impl.FollowerState (FollowerState.java:run(106)) - 579334d3-7c10-42f4-b10c-e6c2267ece25:group-69E182C01D39 changes to CANDIDATE, lastRpcTime:5112, electionTimeout:5112ms
2019-09-26 16:53:56,852 [Thread-373] INFO  impl.RoleInfo (RoleInfo.java:shutdownFollowerState(121)) - 579334d3-7c10-42f4-b10c-e6c2267ece25: shutdown FollowerState
2019-09-26 16:53:56,852 [Thread-373] INFO  impl.RaftServerImpl (RaftServerImpl.java:setRole(174)) - 579334d3-7c10-42f4-b10c-e6c2267ece25@group-69E182C01D39: changes role from  FOLLOWER to CANDIDATE at term 0 for changeToCandidate
2019-09-26 16:53:56,852 [Thread-373] INFO  impl.RoleInfo (RoleInfo.java:updateAndGet(143)) - 579334d3-7c10-42f4-b10c-e6c2267ece25: start LeaderElection
2019-09-26 16:53:56,863 [Thread-376] INFO  impl.FollowerState (FollowerState.java:run(106)) - 7fda706b-4e23-4e10-baba-12810c05fbbb:group-51E2BFD9B34C changes to CANDIDATE, lastRpcTime:5076, electionTimeout:5076ms
2019-09-26 16:53:56,864 [Thread-376] INFO  impl.RoleInfo (RoleInfo.java:shutdownFollowerState(121)) - 7fda706b-4e23-4e10-baba-12810c05fbbb: shutdown FollowerState
2019-09-26 16:53:56,864 [Thread-376] INFO  impl.RaftServerImpl (RaftServerImpl.java:setRole(174)) - 7fda706b-4e23-4e10-baba-12810c05fbbb@group-51E2BFD9B34C: changes role from  FOLLOWER to CANDIDATE at term 0 for changeToCandidate
2019-09-26 16:53:56,864 [Thread-376] INFO  impl.RoleInfo (RoleInfo.java:updateAndGet(143)) - 7fda706b-4e23-4e10-baba-12810c05fbbb: start LeaderElection
2019-09-26 16:53:56,868 [pool-57-thread-1] INFO  storage.RaftStorage (RaftStorage.java:format(72)) - Storage directory /workdir/hadoop-ozone/integration-test/target/test-dir/MiniOzoneClusterImpl-fdc3d401-fab1-4968-a84f-12bf762e2bbf/datanode-3/data/ratis/bda803b7-6513-45e8-9a19-c36002bbba8d has been successfully formatted.
2019-09-26 16:53:56,868 [579334d3-7c10-42f4-b10c-e6c2267ece25@group-69E182C01D39:LeaderElection44] INFO  impl.LeaderElection (LeaderElection.java:askForVotes(182)) - 579334d3-7c10-42f4-b10c-e6c2267ece25@group-69E182C01D39:LeaderElection44: begin an election at term 1 for -1: [579334d3-7c10-42f4-b10c-e6c2267ece25:192.168.151.99:34131], old=null
2019-09-26 16:53:56,868 [pool-57-thread-1] INFO  ratis.ContainerStateMachine (ContainerStateMachine.java:loadSnapshot(230)) - group-C36002BBBA8D: The snapshot info is null. Setting the last applied indexto:(t:0, i:~)
2019-09-26 16:53:56,868 [579334d3-7c10-42f4-b10c-e6c2267ece25@group-69E182C01D39:LeaderElection44] INFO  impl.RoleInfo (RoleInfo.java:shutdownLeaderElection(134)) - 579334d3-7c10-42f4-b10c-e6c2267ece25: shutdown LeaderElection
2019-09-26 16:53:56,868 [pool-57-thread-1] INFO  server.RaftServerConfigKeys (ConfUtils.java:logGet(43)) - raft.server.notification.no-leader.timeout = 120s (custom)
2019-09-26 16:53:56,868 [579334d3-7c10-42f4-b10c-e6c2267ece25@group-69E182C01D39:LeaderElection44] INFO  impl.RaftServerImpl (RaftServerImpl.java:setRole(174)) - 579334d3-7c10-42f4-b10c-e6c2267ece25@group-69E182C01D39: changes role from CANDIDATE to LEADER at term 1 for changeToLeader
2019-09-26 16:53:56,868 [pool-57-thread-1] INFO  server.RaftServerConfigKeys (ConfUtils.java:logGet(43)) - raft.server.log.use.memory = false (default)
2019-09-26 16:53:56,869 [579334d3-7c10-42f4-b10c-e6c2267ece25@group-69E182C01D39:LeaderElection44] INFO  impl.RaftServerImpl (ServerState.java:setLeader(253)) - 579334d3-7c10-42f4-b10c-e6c2267ece25@group-69E182C01D39: change Leader from null to 579334d3-7c10-42f4-b10c-e6c2267ece25 at term 1 for becomeLeader, leader elected after 5137ms
2019-09-26 16:53:56,869 [pool-57-thread-1] INFO  server.RaftServerConfigKeys (ConfUtils.java:logGet(43)) - raft.server.log.purge.gap = 1000000 (custom)
2019-09-26 16:53:56,869 [579334d3-7c10-42f4-b10c-e6c2267ece25@group-69E182C01D39:LeaderElection44] INFO  server.RaftServerConfigKeys (ConfUtils.java:logGet(43)) - raft.server.staging.catchup.gap = 1000 (default)
2019-09-26 16:53:56,869 [pool-57-thread-1] INFO  server.RaftServerConfigKeys (ConfUtils.java:logGet(43)) - raft.server.log.appender.buffer.byte-limit = 33554432 (custom)
2019-09-26 16:53:56,869 [579334d3-7c10-42f4-b10c-e6c2267ece25@group-69E182C01D39:LeaderElection44] INFO  server.RaftServerConfigKeys (ConfUtils.java:logGet(43)) - raft.server.rpc.sleep.time = 25ms (default)
2019-09-26 16:53:56,869 [pool-57-thread-1] INFO  server.RaftServerConfigKeys (ConfUtils.java:logGet(43)) - raft.server.log.segment.size.max = 1048576 (custom)
2019-09-26 16:53:56,869 [579334d3-7c10-42f4-b10c-e6c2267ece25@group-69E182C01D39:LeaderElection44] INFO  server.RaftServerConfigKeys (ConfUtils.java:logGet(43)) - raft.server.write.element-limit = 4096 (default)
2019-09-26 16:53:56,870 [7fda706b-4e23-4e10-baba-12810c05fbbb@group-51E2BFD9B34C:LeaderElection45] INFO  impl.LeaderElection (LeaderElection.java:askForVotes(182)) - 7fda706b-4e23-4e10-baba-12810c05fbbb@group-51E2BFD9B34C:LeaderElection45: begin an election at term 1 for -1: [7fda706b-4e23-4e10-baba-12810c05fbbb:192.168.151.99:32897], old=null
2019-09-26 16:53:56,870 [pool-57-thread-1] INFO  server.RaftServerConfigKeys (ConfUtils.java:logGet(43)) - raft.server.log.segment.cache.num.max = 2 (custom)
2019-09-26 16:53:56,870 [7fda706b-4e23-4e10-baba-12810c05fbbb@group-51E2BFD9B34C:LeaderElection45] INFO  impl.RoleInfo (RoleInfo.java:shutdownLeaderElection(134)) - 7fda706b-4e23-4e10-baba-12810c05fbbb: shutdown LeaderElection
2019-09-26 16:53:56,870 [579334d3-7c10-42f4-b10c-e6c2267ece25@group-69E182C01D39:LeaderElection44] INFO  server.RaftServerConfigKeys (ConfUtils.java:logGet(43)) - raft.server.watch.timeout = 10s (default)
2019-09-26 16:53:56,870 [7fda706b-4e23-4e10-baba-12810c05fbbb@group-51E2BFD9B34C:LeaderElection45] INFO  impl.RaftServerImpl (RaftServerImpl.java:setRole(174)) - 7fda706b-4e23-4e10-baba-12810c05fbbb@group-51E2BFD9B34C: changes role from CANDIDATE to LEADER at term 1 for changeToLeader
2019-09-26 16:53:56,870 [pool-57-thread-1] INFO  segmented.SegmentedRaftLogWorker (SegmentedRaftLogWorker.java:<init>(172)) - new 5160ea40-cc48-41a9-a1d1-1151a36e77d8@group-C36002BBBA8D-SegmentedRaftLogWorker for RaftStorage:Storage Directory /workdir/hadoop-ozone/integration-test/target/test-dir/MiniOzoneClusterImpl-fdc3d401-fab1-4968-a84f-12bf762e2bbf/datanode-3/data/ratis/bda803b7-6513-45e8-9a19-c36002bbba8d
2019-09-26 16:53:56,870 [7fda706b-4e23-4e10-baba-12810c05fbbb@group-51E2BFD9B34C:LeaderElection45] INFO  impl.RaftServerImpl (ServerState.java:setLeader(253)) - 7fda706b-4e23-4e10-baba-12810c05fbbb@group-51E2BFD9B34C: change Leader from null to 7fda706b-4e23-4e10-baba-12810c05fbbb at term 1 for becomeLeader, leader elected after 5091ms
2019-09-26 16:53:56,870 [579334d3-7c10-42f4-b10c-e6c2267ece25@group-69E182C01D39:LeaderElection44] INFO  server.RaftServerConfigKeys (ConfUtils.java:logGet(43)) - raft.server.watch.timeout.denomination = 1s (default)
2019-09-26 16:53:56,871 [7fda706b-4e23-4e10-baba-12810c05fbbb@group-51E2BFD9B34C:LeaderElection45] INFO  server.RaftServerConfigKeys (ConfUtils.java:logGet(43)) - raft.server.staging.catchup.gap = 1000 (default)
2019-09-26 16:53:56,871 [pool-57-thread-1] INFO  server.RaftServerConfigKeys (ConfUtils.java:logGet(43)) - raft.server.log.queue.byte-limit = 2147483647 (custom)
2019-09-26 16:53:56,871 [7fda706b-4e23-4e10-baba-12810c05fbbb@group-51E2BFD9B34C:LeaderElection45] INFO  server.RaftServerConfigKeys (ConfUtils.java:logGet(43)) - raft.server.rpc.sleep.time = 25ms (default)
2019-09-26 16:53:56,871 [579334d3-7c10-42f4-b10c-e6c2267ece25@group-69E182C01D39:LeaderElection44] INFO  server.RaftServerConfigKeys (ConfUtils.java:logGet(43)) - raft.server.watch.element-limit = 65536 (default)
2019-09-26 16:53:56,871 [7fda706b-4e23-4e10-baba-12810c05fbbb@group-51E2BFD9B34C:LeaderElection45] INFO  server.RaftServerConfigKeys (ConfUtils.java:logGet(43)) - raft.server.write.element-limit = 4096 (default)
2019-09-26 16:53:56,871 [pool-57-thread-1] INFO  server.RaftServerConfigKeys (ConfUtils.java:logGet(43)) - raft.server.log.queue.element-limit = 1024 (custom)
2019-09-26 16:53:56,872 [7fda706b-4e23-4e10-baba-12810c05fbbb@group-51E2BFD9B34C:LeaderElection45] INFO  server.RaftServerConfigKeys (ConfUtils.java:logGet(43)) - raft.server.watch.timeout = 10s (default)
2019-09-26 16:53:56,872 [pool-57-thread-1] INFO  server.RaftServerConfigKeys (ConfUtils.java:logGet(43)) - raft.server.log.segment.size.max = 1048576 (custom)
2019-09-26 16:53:56,872 [7fda706b-4e23-4e10-baba-12810c05fbbb@group-51E2BFD9B34C:LeaderElection45] INFO  server.RaftServerConfigKeys (ConfUtils.java:logGet(43)) - raft.server.watch.timeout.denomination = 1s (default)
2019-09-26 16:53:56,872 [pool-57-thread-1] INFO  server.RaftServerConfigKeys (ConfUtils.java:logGet(43)) - raft.server.log.preallocated.size = 16384 (custom)
2019-09-26 16:53:56,872 [7fda706b-4e23-4e10-baba-12810c05fbbb@group-51E2BFD9B34C:LeaderElection45] INFO  server.RaftServerConfigKeys (ConfUtils.java:logGet(43)) - raft.server.watch.element-limit = 65536 (default)
2019-09-26 16:53:56,872 [pool-57-thread-1] INFO  server.RaftServerConfigKeys (ConfUtils.java:logGet(43)) - raft.server.log.write.buffer.size = 33554432 (custom)
2019-09-26 16:53:56,873 [pool-57-thread-1] INFO  server.RaftServerConfigKeys (ConfUtils.java:logGet(43)) - raft.server.log.force.sync.num = 128 (default)
2019-09-26 16:53:56,873 [pool-57-thread-1] INFO  server.RaftServerConfigKeys (ConfUtils.java:logGet(43)) - raft.server.log.statemachine.data.sync = true (default)
2019-09-26 16:53:56,873 [pool-57-thread-1] INFO  server.RaftServerConfigKeys (ConfUtils.java:logGet(43)) - raft.server.log.statemachine.data.sync.timeout = 10s (default)
2019-09-26 16:53:56,873 [579334d3-7c10-42f4-b10c-e6c2267ece25@group-69E182C01D39:LeaderElection44] INFO  impl.RoleInfo (RoleInfo.java:updateAndGet(143)) - 579334d3-7c10-42f4-b10c-e6c2267ece25: start LeaderState
2019-09-26 16:53:56,873 [pool-57-thread-1] INFO  server.RaftServerConfigKeys (ConfUtils.java:logGet(43)) - raft.server.log.statemachine.data.sync.timeout.retry = -1 (default)
2019-09-26 16:53:56,873 [579334d3-7c10-42f4-b10c-e6c2267ece25@group-69E182C01D39:LeaderElection44] INFO  segmented.SegmentedRaftLogWorker (SegmentedRaftLogWorker.java:startLogSegment(380)) - 579334d3-7c10-42f4-b10c-e6c2267ece25@group-69E182C01D39-SegmentedRaftLogWorker: Starting segment from index:0
2019-09-26 16:53:56,874 [pool-57-thread-1] INFO  server.RaftServerConfigKeys (ConfUtils.java:logGet(43)) - raft.server.log.statemachine.data.caching.enabled = true (custom)
2019-09-26 16:53:56,874 [579334d3-7c10-42f4-b10c-e6c2267ece25@group-69E182C01D39:LeaderElection44] INFO  impl.RaftServerImpl (ServerState.java:setRaftConf(354)) - 579334d3-7c10-42f4-b10c-e6c2267ece25@group-69E182C01D39: set configuration 0: [579334d3-7c10-42f4-b10c-e6c2267ece25:192.168.151.99:34131], old=null at 0
2019-09-26 16:53:56,874 [pool-57-thread-1] INFO  segmented.SegmentedRaftLogWorker (SegmentedRaftLogWorker.java:lambda$new$0(132)) - 5160ea40-cc48-41a9-a1d1-1151a36e77d8@group-C36002BBBA8D-SegmentedRaftLogWorker: flushIndex: setUnconditionally 0 -> -1
2019-09-26 16:53:56,874 [pool-57-thread-1] INFO  server.RaftServerConfigKeys (ConfUtils.java:logGet(43)) - raft.server.snapshot.auto.trigger.enabled = true (custom)
2019-09-26 16:53:56,874 [7fda706b-4e23-4e10-baba-12810c05fbbb@group-51E2BFD9B34C:LeaderElection45] INFO  impl.RoleInfo (RoleInfo.java:updateAndGet(143)) - 7fda706b-4e23-4e10-baba-12810c05fbbb: start LeaderState
2019-09-26 16:53:56,875 [pool-57-thread-1] INFO  server.RaftServerConfigKeys (ConfUtils.java:logGet(43)) - raft.server.snapshot.auto.trigger.threshold = 10000 (custom)
2019-09-26 16:53:56,875 [7fda706b-4e23-4e10-baba-12810c05fbbb@group-51E2BFD9B34C:LeaderElection45] INFO  segmented.SegmentedRaftLogWorker (SegmentedRaftLogWorker.java:startLogSegment(380)) - 7fda706b-4e23-4e10-baba-12810c05fbbb@group-51E2BFD9B34C-SegmentedRaftLogWorker: Starting segment from index:0
2019-09-26 16:53:56,875 [pool-57-thread-1] INFO  server.RaftServerConfigKeys (ConfUtils.java:logGet(43)) - raft.server.snapshot.retention.num.files = 5 (custom)
2019-09-26 16:53:56,875 [Thread-379] INFO  impl.FollowerState (FollowerState.java:run(106)) - 862ec94c-cd2d-47b3-b563-7d6c2816cb58:group-5586F54DF547 changes to CANDIDATE, lastRpcTime:5038, electionTimeout:5037ms
2019-09-26 16:53:56,875 [pool-57-thread-1] INFO  server.RaftServerConfigKeys (ConfUtils.java:logGet(43)) - raft.server.retrycache.expirytime = 600000ms (custom)
2019-09-26 16:53:56,875 [7fda706b-4e23-4e10-baba-12810c05fbbb@group-51E2BFD9B34C:LeaderElection45] INFO  impl.RaftServerImpl (ServerState.java:setRaftConf(354)) - 7fda706b-4e23-4e10-baba-12810c05fbbb@group-51E2BFD9B34C: set configuration 0: [7fda706b-4e23-4e10-baba-12810c05fbbb:192.168.151.99:32897], old=null at 0
2019-09-26 16:53:56,875 [Thread-379] INFO  impl.RoleInfo (RoleInfo.java:shutdownFollowerState(121)) - 862ec94c-cd2d-47b3-b563-7d6c2816cb58: shutdown FollowerState
2019-09-26 16:53:56,876 [Thread-379] INFO  impl.RaftServerImpl (RaftServerImpl.java:setRole(174)) - 862ec94c-cd2d-47b3-b563-7d6c2816cb58@group-5586F54DF547: changes role from  FOLLOWER to CANDIDATE at term 0 for changeToCandidate
2019-09-26 16:53:56,876 [Thread-379] INFO  impl.RoleInfo (RoleInfo.java:updateAndGet(143)) - 862ec94c-cd2d-47b3-b563-7d6c2816cb58: start LeaderElection
2019-09-26 16:53:56,878 [pool-57-thread-1] INFO  impl.RaftServerImpl (RaftServerImpl.java:start(185)) - 5160ea40-cc48-41a9-a1d1-1151a36e77d8@group-C36002BBBA8D: start as a follower, conf=-1: [5160ea40-cc48-41a9-a1d1-1151a36e77d8:192.168.151.99:45356], old=null
2019-09-26 16:53:56,878 [pool-57-thread-1] INFO  impl.RaftServerImpl (RaftServerImpl.java:setRole(174)) - 5160ea40-cc48-41a9-a1d1-1151a36e77d8@group-C36002BBBA8D: changes role from      null to FOLLOWER at term 0 for startAsFollower
2019-09-26 16:53:56,878 [pool-57-thread-1] INFO  impl.RoleInfo (RoleInfo.java:updateAndGet(143)) - 5160ea40-cc48-41a9-a1d1-1151a36e77d8: start FollowerState
2019-09-26 16:53:56,879 [pool-57-thread-1] INFO  util.JmxRegister (JmxRegister.java:tryRegister(44)) - Successfully registered JMX Bean with object name Ratis:service=RaftServer,group=group-C36002BBBA8D,id=5160ea40-cc48-41a9-a1d1-1151a36e77d8
2019-09-26 16:53:56,882 [RatisPipelineUtilsThread] INFO  pipeline.PipelineStateManager (PipelineStateManager.java:addPipeline(56)) - Created pipeline Pipeline[ Id: bda803b7-6513-45e8-9a19-c36002bbba8d, Nodes: 5160ea40-cc48-41a9-a1d1-1151a36e77d8{ip: 192.168.151.99, host: pr-hdds-1569-g6sp5-2013761785, networkLocation: /default-rack, certSerialId: null}, Type:RATIS, Factor:ONE, State:OPEN]
2019-09-26 16:53:56,887 [grpc-default-executor-1] INFO  impl.RaftServerProxy (RaftServerProxy.java:addNew(89)) - 579334d3-7c10-42f4-b10c-e6c2267ece25: addNew group-D563116573F6:[579334d3-7c10-42f4-b10c-e6c2267ece25:192.168.151.99:34131] returns group-D563116573F6:java.util.concurrent.CompletableFuture@50a357c4[Not completed]
2019-09-26 16:53:56,889 [pool-47-thread-1] INFO  impl.RaftServerImpl (RaftServerImpl.java:<init>(95)) - 579334d3-7c10-42f4-b10c-e6c2267ece25: new RaftServerImpl for group-D563116573F6:[579334d3-7c10-42f4-b10c-e6c2267ece25:192.168.151.99:34131] with ContainerStateMachine:uninitialized
2019-09-26 16:53:56,889 [pool-47-thread-1] INFO  server.RaftServerConfigKeys (ConfUtils.java:logGet(43)) - raft.server.rpc.timeout.min = 5s (custom)
2019-09-26 16:53:56,889 [pool-47-thread-1] INFO  server.RaftServerConfigKeys (ConfUtils.java:logGet(43)) - raft.server.rpc.timeout.max = 5200ms (custom)
2019-09-26 16:53:56,889 [pool-47-thread-1] INFO  server.RaftServerConfigKeys (ConfUtils.java:logGet(43)) - raft.server.rpcslowness.timeout = 120s (custom)
2019-09-26 16:53:56,889 [pool-47-thread-1] INFO  server.RaftServerConfigKeys (ConfUtils.java:logGet(43)) - raft.server.sleep.deviation.threshold = 300 (default)
2019-09-26 16:53:56,890 [pool-47-thread-1] INFO  server.RaftServerConfigKeys (ConfUtils.java:logGet(43)) - raft.server.log.appender.install.snapshot.enabled = false (custom)
2019-09-26 16:53:56,890 [pool-47-thread-1] INFO  impl.RaftServerImpl (ServerState.java:<init>(103)) - 579334d3-7c10-42f4-b10c-e6c2267ece25@group-D563116573F6: ConfigurationManager, init=-1: [579334d3-7c10-42f4-b10c-e6c2267ece25:192.168.151.99:34131], old=null, confs=<EMPTY_MAP>
2019-09-26 16:53:56,890 [pool-47-thread-1] INFO  server.RaftServerConfigKeys (ConfUtils.java:logGet(43)) - raft.server.storage.dir = [/workdir/hadoop-ozone/integration-test/target/test-dir/MiniOzoneClusterImpl-fdc3d401-fab1-4968-a84f-12bf762e2bbf/datanode-2/data/ratis] (custom)
2019-09-26 16:53:56,891 [pool-47-thread-1] INFO  storage.RaftStorageDirectory (RaftStorageDirectory.java:analyzeStorage(246)) - The storage directory /workdir/hadoop-ozone/integration-test/target/test-dir/MiniOzoneClusterImpl-fdc3d401-fab1-4968-a84f-12bf762e2bbf/datanode-2/data/ratis/86c6775a-c4f9-4053-847c-d563116573f6 does not exist. Creating ...
2019-09-26 16:53:56,904 [862ec94c-cd2d-47b3-b563-7d6c2816cb58@group-5586F54DF547:LeaderElection46] INFO  impl.LeaderElection (LeaderElection.java:askForVotes(182)) - 862ec94c-cd2d-47b3-b563-7d6c2816cb58@group-5586F54DF547:LeaderElection46: begin an election at term 1 for -1: [862ec94c-cd2d-47b3-b563-7d6c2816cb58:192.168.151.99:36916], old=null
2019-09-26 16:53:56,905 [862ec94c-cd2d-47b3-b563-7d6c2816cb58@group-5586F54DF547:LeaderElection46] INFO  impl.RoleInfo (RoleInfo.java:shutdownLeaderElection(134)) - 862ec94c-cd2d-47b3-b563-7d6c2816cb58: shutdown LeaderElection
2019-09-26 16:53:56,905 [862ec94c-cd2d-47b3-b563-7d6c2816cb58@group-5586F54DF547:LeaderElection46] INFO  impl.RaftServerImpl (RaftServerImpl.java:setRole(174)) - 862ec94c-cd2d-47b3-b563-7d6c2816cb58@group-5586F54DF547: changes role from CANDIDATE to LEADER at term 1 for changeToLeader
2019-09-26 16:53:56,905 [862ec94c-cd2d-47b3-b563-7d6c2816cb58@group-5586F54DF547:LeaderElection46] INFO  impl.RaftServerImpl (ServerState.java:setLeader(253)) - 862ec94c-cd2d-47b3-b563-7d6c2816cb58@group-5586F54DF547: change Leader from null to 862ec94c-cd2d-47b3-b563-7d6c2816cb58 at term 1 for becomeLeader, leader elected after 5078ms
2019-09-26 16:53:56,905 [862ec94c-cd2d-47b3-b563-7d6c2816cb58@group-5586F54DF547:LeaderElection46] INFO  server.RaftServerConfigKeys (ConfUtils.java:logGet(43)) - raft.server.staging.catchup.gap = 1000 (default)
2019-09-26 16:53:56,905 [862ec94c-cd2d-47b3-b563-7d6c2816cb58@group-5586F54DF547:LeaderElection46] INFO  server.RaftServerConfigKeys (ConfUtils.java:logGet(43)) - raft.server.rpc.sleep.time = 25ms (default)
2019-09-26 16:53:56,905 [862ec94c-cd2d-47b3-b563-7d6c2816cb58@group-5586F54DF547:LeaderElection46] INFO  server.RaftServerConfigKeys (ConfUtils.java:logGet(43)) - raft.server.write.element-limit = 4096 (default)
2019-09-26 16:53:56,906 [862ec94c-cd2d-47b3-b563-7d6c2816cb58@group-5586F54DF547:LeaderElection46] INFO  server.RaftServerConfigKeys (ConfUtils.java:logGet(43)) - raft.server.watch.timeout = 10s (default)
2019-09-26 16:53:56,906 [862ec94c-cd2d-47b3-b563-7d6c2816cb58@group-5586F54DF547:LeaderElection46] INFO  server.RaftServerConfigKeys (ConfUtils.java:logGet(43)) - raft.server.watch.timeout.denomination = 1s (default)
2019-09-26 16:53:56,906 [862ec94c-cd2d-47b3-b563-7d6c2816cb58@group-5586F54DF547:LeaderElection46] INFO  server.RaftServerConfigKeys (ConfUtils.java:logGet(43)) - raft.server.watch.element-limit = 65536 (default)
2019-09-26 16:53:56,907 [pool-47-thread-1] INFO  storage.RaftStorageDirectory (RaftStorageDirectory.java:tryLock(328)) - Lock on /workdir/hadoop-ozone/integration-test/target/test-dir/MiniOzoneClusterImpl-fdc3d401-fab1-4968-a84f-12bf762e2bbf/datanode-2/data/ratis/86c6775a-c4f9-4053-847c-d563116573f6/in_use.lock acquired by nodename 15096@pr-hdds-1569-g6sp5-2013761785
2019-09-26 16:53:56,908 [862ec94c-cd2d-47b3-b563-7d6c2816cb58@group-5586F54DF547:LeaderElection46] INFO  impl.RoleInfo (RoleInfo.java:updateAndGet(143)) - 862ec94c-cd2d-47b3-b563-7d6c2816cb58: start LeaderState
2019-09-26 16:53:56,909 [862ec94c-cd2d-47b3-b563-7d6c2816cb58@group-5586F54DF547:LeaderElection46] INFO  segmented.SegmentedRaftLogWorker (SegmentedRaftLogWorker.java:startLogSegment(380)) - 862ec94c-cd2d-47b3-b563-7d6c2816cb58@group-5586F54DF547-SegmentedRaftLogWorker: Starting segment from index:0
2019-09-26 16:53:56,909 [862ec94c-cd2d-47b3-b563-7d6c2816cb58@group-5586F54DF547:LeaderElection46] INFO  impl.RaftServerImpl (ServerState.java:setRaftConf(354)) - 862ec94c-cd2d-47b3-b563-7d6c2816cb58@group-5586F54DF547: set configuration 0: [862ec94c-cd2d-47b3-b563-7d6c2816cb58:192.168.151.99:36916], old=null at 0
2019-09-26 16:53:56,953 [579334d3-7c10-42f4-b10c-e6c2267ece25@group-69E182C01D39-SegmentedRaftLogWorker] INFO  segmented.SegmentedRaftLogWorker (SegmentedRaftLogWorker.java:execute(569)) - 579334d3-7c10-42f4-b10c-e6c2267ece25@group-69E182C01D39-SegmentedRaftLogWorker: created new log segment /workdir/hadoop-ozone/integration-test/target/test-dir/MiniOzoneClusterImpl-fdc3d401-fab1-4968-a84f-12bf762e2bbf/datanode-2/data/ratis/969d3337-f129-4d53-a18c-69e182c01d39/current/log_inprogress_0
2019-09-26 16:53:56,954 [pool-47-thread-1] INFO  storage.RaftStorage (RaftStorage.java:format(72)) - Storage directory /workdir/hadoop-ozone/integration-test/target/test-dir/MiniOzoneClusterImpl-fdc3d401-fab1-4968-a84f-12bf762e2bbf/datanode-2/data/ratis/86c6775a-c4f9-4053-847c-d563116573f6 has been successfully formatted.
2019-09-26 16:53:56,953 [7fda706b-4e23-4e10-baba-12810c05fbbb@group-51E2BFD9B34C-SegmentedRaftLogWorker] INFO  segmented.SegmentedRaftLogWorker (SegmentedRaftLogWorker.java:execute(569)) - 7fda706b-4e23-4e10-baba-12810c05fbbb@group-51E2BFD9B34C-SegmentedRaftLogWorker: created new log segment /workdir/hadoop-ozone/integration-test/target/test-dir/MiniOzoneClusterImpl-fdc3d401-fab1-4968-a84f-12bf762e2bbf/datanode-1/data/ratis/6179efed-c40f-4a28-ba84-51e2bfd9b34c/current/log_inprogress_0
2019-09-26 16:53:56,955 [pool-47-thread-1] INFO  ratis.ContainerStateMachine (ContainerStateMachine.java:loadSnapshot(230)) - group-D563116573F6: The snapshot info is null. Setting the last applied indexto:(t:0, i:~)
2019-09-26 16:53:56,955 [pool-47-thread-1] INFO  server.RaftServerConfigKeys (ConfUtils.java:logGet(43)) - raft.server.notification.no-leader.timeout = 120s (custom)
2019-09-26 16:53:56,955 [pool-47-thread-1] INFO  server.RaftServerConfigKeys (ConfUtils.java:logGet(43)) - raft.server.log.use.memory = false (default)
2019-09-26 16:53:56,955 [pool-47-thread-1] INFO  server.RaftServerConfigKeys (ConfUtils.java:logGet(43)) - raft.server.log.purge.gap = 1000000 (custom)
2019-09-26 16:53:56,955 [pool-47-thread-1] INFO  server.RaftServerConfigKeys (ConfUtils.java:logGet(43)) - raft.server.log.appender.buffer.byte-limit = 33554432 (custom)
2019-09-26 16:53:56,956 [pool-47-thread-1] INFO  server.RaftServerConfigKeys (ConfUtils.java:logGet(43)) - raft.server.log.segment.size.max = 1048576 (custom)
2019-09-26 16:53:56,956 [pool-47-thread-1] INFO  server.RaftServerConfigKeys (ConfUtils.java:logGet(43)) - raft.server.log.segment.cache.num.max = 2 (custom)
2019-09-26 16:53:56,956 [pool-47-thread-1] INFO  segmented.SegmentedRaftLogWorker (SegmentedRaftLogWorker.java:<init>(172)) - new 579334d3-7c10-42f4-b10c-e6c2267ece25@group-D563116573F6-SegmentedRaftLogWorker for RaftStorage:Storage Directory /workdir/hadoop-ozone/integration-test/target/test-dir/MiniOzoneClusterImpl-fdc3d401-fab1-4968-a84f-12bf762e2bbf/datanode-2/data/ratis/86c6775a-c4f9-4053-847c-d563116573f6
2019-09-26 16:53:56,956 [pool-47-thread-1] INFO  server.RaftServerConfigKeys (ConfUtils.java:logGet(43)) - raft.server.log.queue.byte-limit = 2147483647 (custom)
2019-09-26 16:53:56,956 [pool-47-thread-1] INFO  server.RaftServerConfigKeys (ConfUtils.java:logGet(43)) - raft.server.log.queue.element-limit = 1024 (custom)
2019-09-26 16:53:56,956 [pool-47-thread-1] INFO  server.RaftServerConfigKeys (ConfUtils.java:logGet(43)) - raft.server.log.segment.size.max = 1048576 (custom)
2019-09-26 16:53:56,956 [pool-47-thread-1] INFO  server.RaftServerConfigKeys (ConfUtils.java:logGet(43)) - raft.server.log.preallocated.size = 16384 (custom)
2019-09-26 16:53:56,956 [pool-47-thread-1] INFO  server.RaftServerConfigKeys (ConfUtils.java:logGet(43)) - raft.server.log.write.buffer.size = 33554432 (custom)
2019-09-26 16:53:56,957 [pool-47-thread-1] INFO  server.RaftServerConfigKeys (ConfUtils.java:logGet(43)) - raft.server.log.force.sync.num = 128 (default)
2019-09-26 16:53:56,957 [pool-47-thread-1] INFO  server.RaftServerConfigKeys (ConfUtils.java:logGet(43)) - raft.server.log.statemachine.data.sync = true (default)
2019-09-26 16:53:56,957 [862ec94c-cd2d-47b3-b563-7d6c2816cb58@group-5586F54DF547-SegmentedRaftLogWorker] INFO  segmented.SegmentedRaftLogWorker (SegmentedRaftLogWorker.java:execute(569)) - 862ec94c-cd2d-47b3-b563-7d6c2816cb58@group-5586F54DF547-SegmentedRaftLogWorker: created new log segment /workdir/hadoop-ozone/integration-test/target/test-dir/MiniOzoneClusterImpl-fdc3d401-fab1-4968-a84f-12bf762e2bbf/datanode-4/data/ratis/a6fa4959-ccf3-4fcb-b036-5586f54df547/current/log_inprogress_0
2019-09-26 16:53:56,957 [pool-47-thread-1] INFO  server.RaftServerConfigKeys (ConfUtils.java:logGet(43)) - raft.server.log.statemachine.data.sync.timeout = 10s (default)
2019-09-26 16:53:56,957 [pool-47-thread-1] INFO  server.RaftServerConfigKeys (ConfUtils.java:logGet(43)) - raft.server.log.statemachine.data.sync.timeout.retry = -1 (default)
2019-09-26 16:53:56,957 [pool-47-thread-1] INFO  server.RaftServerConfigKeys (ConfUtils.java:logGet(43)) - raft.server.log.statemachine.data.caching.enabled = true (custom)
2019-09-26 16:53:56,958 [pool-47-thread-1] INFO  segmented.SegmentedRaftLogWorker (SegmentedRaftLogWorker.java:lambda$new$0(132)) - 579334d3-7c10-42f4-b10c-e6c2267ece25@group-D563116573F6-SegmentedRaftLogWorker: flushIndex: setUnconditionally 0 -> -1
2019-09-26 16:53:56,958 [pool-47-thread-1] INFO  server.RaftServerConfigKeys (ConfUtils.java:logGet(43)) - raft.server.snapshot.auto.trigger.enabled = true (custom)
2019-09-26 16:53:56,958 [pool-47-thread-1] INFO  server.RaftServerConfigKeys (ConfUtils.java:logGet(43)) - raft.server.snapshot.auto.trigger.threshold = 10000 (custom)
2019-09-26 16:53:56,958 [pool-47-thread-1] INFO  server.RaftServerConfigKeys (ConfUtils.java:logGet(43)) - raft.server.snapshot.retention.num.files = 5 (custom)
2019-09-26 16:53:56,958 [pool-47-thread-1] INFO  server.RaftServerConfigKeys (ConfUtils.java:logGet(43)) - raft.server.retrycache.expirytime = 600000ms (custom)
2019-09-26 16:53:56,960 [pool-47-thread-1] INFO  impl.RaftServerImpl (RaftServerImpl.java:start(185)) - 579334d3-7c10-42f4-b10c-e6c2267ece25@group-D563116573F6: start as a follower, conf=-1: [579334d3-7c10-42f4-b10c-e6c2267ece25:192.168.151.99:34131], old=null
2019-09-26 16:53:56,960 [pool-47-thread-1] INFO  impl.RaftServerImpl (RaftServerImpl.java:setRole(174)) - 579334d3-7c10-42f4-b10c-e6c2267ece25@group-D563116573F6: changes role from      null to FOLLOWER at term 0 for startAsFollower
2019-09-26 16:53:56,960 [pool-47-thread-1] INFO  impl.RoleInfo (RoleInfo.java:updateAndGet(143)) - 579334d3-7c10-42f4-b10c-e6c2267ece25: start FollowerState
2019-09-26 16:53:56,961 [pool-47-thread-1] INFO  util.JmxRegister (JmxRegister.java:tryRegister(44)) - Successfully registered JMX Bean with object name Ratis:service=RaftServer,group=group-D563116573F6,id=579334d3-7c10-42f4-b10c-e6c2267ece25
2019-09-26 16:53:56,963 [RatisPipelineUtilsThread] INFO  pipeline.PipelineStateManager (PipelineStateManager.java:addPipeline(56)) - Created pipeline Pipeline[ Id: 86c6775a-c4f9-4053-847c-d563116573f6, Nodes: 579334d3-7c10-42f4-b10c-e6c2267ece25{ip: 192.168.151.99, host: pr-hdds-1569-g6sp5-2013761785, networkLocation: /default-rack, certSerialId: null}, Type:RATIS, Factor:ONE, State:OPEN]
2019-09-26 16:53:56,970 [grpc-default-executor-1] INFO  impl.RaftServerProxy (RaftServerProxy.java:addNew(89)) - 7fda706b-4e23-4e10-baba-12810c05fbbb: addNew group-B2C475E91245:[7fda706b-4e23-4e10-baba-12810c05fbbb:192.168.151.99:32897] returns group-B2C475E91245:java.util.concurrent.CompletableFuture@1034db65[Not completed]
2019-09-26 16:53:56,971 [pool-37-thread-1] INFO  impl.RaftServerImpl (RaftServerImpl.java:<init>(95)) - 7fda706b-4e23-4e10-baba-12810c05fbbb: new RaftServerImpl for group-B2C475E91245:[7fda706b-4e23-4e10-baba-12810c05fbbb:192.168.151.99:32897] with ContainerStateMachine:uninitialized
2019-09-26 16:53:56,971 [pool-37-thread-1] INFO  server.RaftServerConfigKeys (ConfUtils.java:logGet(43)) - raft.server.rpc.timeout.min = 5s (custom)
2019-09-26 16:53:56,971 [pool-37-thread-1] INFO  server.RaftServerConfigKeys (ConfUtils.java:logGet(43)) - raft.server.rpc.timeout.max = 5200ms (custom)
2019-09-26 16:53:56,972 [pool-37-thread-1] INFO  server.RaftServerConfigKeys (ConfUtils.java:logGet(43)) - raft.server.rpcslowness.timeout = 120s (custom)
2019-09-26 16:53:56,972 [pool-37-thread-1] INFO  server.RaftServerConfigKeys (ConfUtils.java:logGet(43)) - raft.server.sleep.deviation.threshold = 300 (default)
2019-09-26 16:53:56,972 [pool-37-thread-1] INFO  server.RaftServerConfigKeys (ConfUtils.java:logGet(43)) - raft.server.log.appender.install.snapshot.enabled = false (custom)
2019-09-26 16:53:56,972 [pool-37-thread-1] INFO  impl.RaftServerImpl (ServerState.java:<init>(103)) - 7fda706b-4e23-4e10-baba-12810c05fbbb@group-B2C475E91245: ConfigurationManager, init=-1: [7fda706b-4e23-4e10-baba-12810c05fbbb:192.168.151.99:32897], old=null, confs=<EMPTY_MAP>
2019-09-26 16:53:56,972 [pool-37-thread-1] INFO  server.RaftServerConfigKeys (ConfUtils.java:logGet(43)) - raft.server.storage.dir = [/workdir/hadoop-ozone/integration-test/target/test-dir/MiniOzoneClusterImpl-fdc3d401-fab1-4968-a84f-12bf762e2bbf/datanode-1/data/ratis] (custom)
2019-09-26 16:53:56,973 [pool-37-thread-1] INFO  storage.RaftStorageDirectory (RaftStorageDirectory.java:analyzeStorage(246)) - The storage directory /workdir/hadoop-ozone/integration-test/target/test-dir/MiniOzoneClusterImpl-fdc3d401-fab1-4968-a84f-12bf762e2bbf/datanode-1/data/ratis/1055b92b-52aa-4869-8f62-b2c475e91245 does not exist. Creating ...
2019-09-26 16:53:56,986 [pool-37-thread-1] INFO  storage.RaftStorageDirectory (RaftStorageDirectory.java:tryLock(328)) - Lock on /workdir/hadoop-ozone/integration-test/target/test-dir/MiniOzoneClusterImpl-fdc3d401-fab1-4968-a84f-12bf762e2bbf/datanode-1/data/ratis/1055b92b-52aa-4869-8f62-b2c475e91245/in_use.lock acquired by nodename 15096@pr-hdds-1569-g6sp5-2013761785
2019-09-26 16:53:56,999 [pool-37-thread-1] INFO  storage.RaftStorage (RaftStorage.java:format(72)) - Storage directory /workdir/hadoop-ozone/integration-test/target/test-dir/MiniOzoneClusterImpl-fdc3d401-fab1-4968-a84f-12bf762e2bbf/datanode-1/data/ratis/1055b92b-52aa-4869-8f62-b2c475e91245 has been successfully formatted.
2019-09-26 16:53:56,999 [pool-37-thread-1] INFO  ratis.ContainerStateMachine (ContainerStateMachine.java:loadSnapshot(230)) - group-B2C475E91245: The snapshot info is null. Setting the last applied indexto:(t:0, i:~)
2019-09-26 16:53:56,999 [pool-37-thread-1] INFO  server.RaftServerConfigKeys (ConfUtils.java:logGet(43)) - raft.server.notification.no-leader.timeout = 120s (custom)
2019-09-26 16:53:56,999 [pool-37-thread-1] INFO  server.RaftServerConfigKeys (ConfUtils.java:logGet(43)) - raft.server.log.use.memory = false (default)
2019-09-26 16:53:57,000 [pool-37-thread-1] INFO  server.RaftServerConfigKeys (ConfUtils.java:logGet(43)) - raft.server.log.purge.gap = 1000000 (custom)
2019-09-26 16:53:57,000 [pool-37-thread-1] INFO  server.RaftServerConfigKeys (ConfUtils.java:logGet(43)) - raft.server.log.appender.buffer.byte-limit = 33554432 (custom)
2019-09-26 16:53:57,000 [pool-37-thread-1] INFO  server.RaftServerConfigKeys (ConfUtils.java:logGet(43)) - raft.server.log.segment.size.max = 1048576 (custom)
2019-09-26 16:53:57,000 [pool-37-thread-1] INFO  server.RaftServerConfigKeys (ConfUtils.java:logGet(43)) - raft.server.log.segment.cache.num.max = 2 (custom)
2019-09-26 16:53:57,000 [pool-37-thread-1] INFO  segmented.SegmentedRaftLogWorker (SegmentedRaftLogWorker.java:<init>(172)) - new 7fda706b-4e23-4e10-baba-12810c05fbbb@group-B2C475E91245-SegmentedRaftLogWorker for RaftStorage:Storage Directory /workdir/hadoop-ozone/integration-test/target/test-dir/MiniOzoneClusterImpl-fdc3d401-fab1-4968-a84f-12bf762e2bbf/datanode-1/data/ratis/1055b92b-52aa-4869-8f62-b2c475e91245
2019-09-26 16:53:57,000 [pool-37-thread-1] INFO  server.RaftServerConfigKeys (ConfUtils.java:logGet(43)) - raft.server.log.queue.byte-limit = 2147483647 (custom)
2019-09-26 16:53:57,001 [pool-37-thread-1] INFO  server.RaftServerConfigKeys (ConfUtils.java:logGet(43)) - raft.server.log.queue.element-limit = 1024 (custom)
2019-09-26 16:53:57,001 [pool-37-thread-1] INFO  server.RaftServerConfigKeys (ConfUtils.java:logGet(43)) - raft.server.log.segment.size.max = 1048576 (custom)
2019-09-26 16:53:57,001 [pool-37-thread-1] INFO  server.RaftServerConfigKeys (ConfUtils.java:logGet(43)) - raft.server.log.preallocated.size = 16384 (custom)
2019-09-26 16:53:57,001 [pool-37-thread-1] INFO  server.RaftServerConfigKeys (ConfUtils.java:logGet(43)) - raft.server.log.write.buffer.size = 33554432 (custom)
2019-09-26 16:53:57,001 [pool-37-thread-1] INFO  server.RaftServerConfigKeys (ConfUtils.java:logGet(43)) - raft.server.log.force.sync.num = 128 (default)
2019-09-26 16:53:57,001 [pool-37-thread-1] INFO  server.RaftServerConfigKeys (ConfUtils.java:logGet(43)) - raft.server.log.statemachine.data.sync = true (default)
2019-09-26 16:53:57,002 [pool-37-thread-1] INFO  server.RaftServerConfigKeys (ConfUtils.java:logGet(43)) - raft.server.log.statemachine.data.sync.timeout = 10s (default)
2019-09-26 16:53:57,002 [pool-37-thread-1] INFO  server.RaftServerConfigKeys (ConfUtils.java:logGet(43)) - raft.server.log.statemachine.data.sync.timeout.retry = -1 (default)
2019-09-26 16:53:57,002 [pool-37-thread-1] INFO  server.RaftServerConfigKeys (ConfUtils.java:logGet(43)) - raft.server.log.statemachine.data.caching.enabled = true (custom)
2019-09-26 16:53:57,002 [pool-37-thread-1] INFO  segmented.SegmentedRaftLogWorker (SegmentedRaftLogWorker.java:lambda$new$0(132)) - 7fda706b-4e23-4e10-baba-12810c05fbbb@group-B2C475E91245-SegmentedRaftLogWorker: flushIndex: setUnconditionally 0 -> -1
2019-09-26 16:53:57,002 [pool-37-thread-1] INFO  server.RaftServerConfigKeys (ConfUtils.java:logGet(43)) - raft.server.snapshot.auto.trigger.enabled = true (custom)
2019-09-26 16:53:57,003 [pool-37-thread-1] INFO  server.RaftServerConfigKeys (ConfUtils.java:logGet(43)) - raft.server.snapshot.auto.trigger.threshold = 10000 (custom)
2019-09-26 16:53:57,003 [pool-37-thread-1] INFO  server.RaftServerConfigKeys (ConfUtils.java:logGet(43)) - raft.server.snapshot.retention.num.files = 5 (custom)
2019-09-26 16:53:57,003 [pool-37-thread-1] INFO  server.RaftServerConfigKeys (ConfUtils.java:logGet(43)) - raft.server.retrycache.expirytime = 600000ms (custom)
2019-09-26 16:53:57,005 [pool-37-thread-1] INFO  impl.RaftServerImpl (RaftServerImpl.java:start(185)) - 7fda706b-4e23-4e10-baba-12810c05fbbb@group-B2C475E91245: start as a follower, conf=-1: [7fda706b-4e23-4e10-baba-12810c05fbbb:192.168.151.99:32897], old=null
2019-09-26 16:53:57,005 [pool-37-thread-1] INFO  impl.RaftServerImpl (RaftServerImpl.java:setRole(174)) - 7fda706b-4e23-4e10-baba-12810c05fbbb@group-B2C475E91245: changes role from      null to FOLLOWER at term 0 for startAsFollower
2019-09-26 16:53:57,005 [pool-37-thread-1] INFO  impl.RoleInfo (RoleInfo.java:updateAndGet(143)) - 7fda706b-4e23-4e10-baba-12810c05fbbb: start FollowerState
2019-09-26 16:53:57,005 [pool-37-thread-1] INFO  util.JmxRegister (JmxRegister.java:tryRegister(44)) - Successfully registered JMX Bean with object name Ratis:service=RaftServer,group=group-B2C475E91245,id=7fda706b-4e23-4e10-baba-12810c05fbbb
2019-09-26 16:53:57,008 [RatisPipelineUtilsThread] INFO  pipeline.PipelineStateManager (PipelineStateManager.java:addPipeline(56)) - Created pipeline Pipeline[ Id: 1055b92b-52aa-4869-8f62-b2c475e91245, Nodes: 7fda706b-4e23-4e10-baba-12810c05fbbb{ip: 192.168.151.99, host: pr-hdds-1569-g6sp5-2013761785, networkLocation: /default-rack, certSerialId: null}, Type:RATIS, Factor:ONE, State:OPEN]
2019-09-26 16:53:57,012 [grpc-default-executor-1] INFO  impl.RaftServerProxy (RaftServerProxy.java:addNew(89)) - d17cca1b-2e6b-48b2-8b1c-3559490fa529: addNew group-9F1614D968BA:[d17cca1b-2e6b-48b2-8b1c-3559490fa529:192.168.151.99:40714] returns group-9F1614D968BA:java.util.concurrent.CompletableFuture@424667a3[Not completed]
2019-09-26 16:53:57,017 [pool-77-thread-1] INFO  impl.RaftServerImpl (RaftServerImpl.java:<init>(95)) - d17cca1b-2e6b-48b2-8b1c-3559490fa529: new RaftServerImpl for group-9F1614D968BA:[d17cca1b-2e6b-48b2-8b1c-3559490fa529:192.168.151.99:40714] with ContainerStateMachine:uninitialized
2019-09-26 16:53:57,018 [pool-77-thread-1] INFO  server.RaftServerConfigKeys (ConfUtils.java:logGet(43)) - raft.server.rpc.timeout.min = 5s (custom)
2019-09-26 16:53:57,018 [pool-77-thread-1] INFO  server.RaftServerConfigKeys (ConfUtils.java:logGet(43)) - raft.server.rpc.timeout.max = 5200ms (custom)
2019-09-26 16:53:57,018 [pool-77-thread-1] INFO  server.RaftServerConfigKeys (ConfUtils.java:logGet(43)) - raft.server.rpcslowness.timeout = 120s (custom)
2019-09-26 16:53:57,018 [pool-77-thread-1] INFO  server.RaftServerConfigKeys (ConfUtils.java:logGet(43)) - raft.server.sleep.deviation.threshold = 300 (default)
2019-09-26 16:53:57,018 [pool-77-thread-1] INFO  server.RaftServerConfigKeys (ConfUtils.java:logGet(43)) - raft.server.log.appender.install.snapshot.enabled = false (custom)
2019-09-26 16:53:57,018 [pool-77-thread-1] INFO  impl.RaftServerImpl (ServerState.java:<init>(103)) - d17cca1b-2e6b-48b2-8b1c-3559490fa529@group-9F1614D968BA: ConfigurationManager, init=-1: [d17cca1b-2e6b-48b2-8b1c-3559490fa529:192.168.151.99:40714], old=null, confs=<EMPTY_MAP>
2019-09-26 16:53:57,019 [pool-77-thread-1] INFO  server.RaftServerConfigKeys (ConfUtils.java:logGet(43)) - raft.server.storage.dir = [/workdir/hadoop-ozone/integration-test/target/test-dir/MiniOzoneClusterImpl-fdc3d401-fab1-4968-a84f-12bf762e2bbf/datanode-5/data/ratis] (custom)
2019-09-26 16:53:57,019 [pool-77-thread-1] INFO  storage.RaftStorageDirectory (RaftStorageDirectory.java:analyzeStorage(246)) - The storage directory /workdir/hadoop-ozone/integration-test/target/test-dir/MiniOzoneClusterImpl-fdc3d401-fab1-4968-a84f-12bf762e2bbf/datanode-5/data/ratis/17b6cfa3-6830-4545-91a6-9f1614d968ba does not exist. Creating ...
2019-09-26 16:53:57,032 [pool-77-thread-1] INFO  storage.RaftStorageDirectory (RaftStorageDirectory.java:tryLock(328)) - Lock on /workdir/hadoop-ozone/integration-test/target/test-dir/MiniOzoneClusterImpl-fdc3d401-fab1-4968-a84f-12bf762e2bbf/datanode-5/data/ratis/17b6cfa3-6830-4545-91a6-9f1614d968ba/in_use.lock acquired by nodename 15096@pr-hdds-1569-g6sp5-2013761785
2019-09-26 16:53:57,043 [Thread-388] INFO  impl.FollowerState (FollowerState.java:run(106)) - 4a469c34-60df-4173-8d32-715e2ce97f5d:group-DAACEFFA4070 changes to CANDIDATE, lastRpcTime:5044, electionTimeout:5044ms
2019-09-26 16:53:57,043 [Thread-388] INFO  impl.RoleInfo (RoleInfo.java:shutdownFollowerState(121)) - 4a469c34-60df-4173-8d32-715e2ce97f5d: shutdown FollowerState
2019-09-26 16:53:57,043 [Thread-388] INFO  impl.RaftServerImpl (RaftServerImpl.java:setRole(174)) - 4a469c34-60df-4173-8d32-715e2ce97f5d@group-DAACEFFA4070: changes role from  FOLLOWER to CANDIDATE at term 0 for changeToCandidate
2019-09-26 16:53:57,044 [Thread-388] INFO  impl.RoleInfo (RoleInfo.java:updateAndGet(143)) - 4a469c34-60df-4173-8d32-715e2ce97f5d: start LeaderElection
2019-09-26 16:53:57,045 [pool-77-thread-1] INFO  storage.RaftStorage (RaftStorage.java:format(72)) - Storage directory /workdir/hadoop-ozone/integration-test/target/test-dir/MiniOzoneClusterImpl-fdc3d401-fab1-4968-a84f-12bf762e2bbf/datanode-5/data/ratis/17b6cfa3-6830-4545-91a6-9f1614d968ba has been successfully formatted.
2019-09-26 16:53:57,045 [pool-77-thread-1] INFO  ratis.ContainerStateMachine (ContainerStateMachine.java:loadSnapshot(230)) - group-9F1614D968BA: The snapshot info is null. Setting the last applied indexto:(t:0, i:~)
2019-09-26 16:53:57,046 [pool-77-thread-1] INFO  server.RaftServerConfigKeys (ConfUtils.java:logGet(43)) - raft.server.notification.no-leader.timeout = 120s (custom)
2019-09-26 16:53:57,046 [pool-77-thread-1] INFO  server.RaftServerConfigKeys (ConfUtils.java:logGet(43)) - raft.server.log.use.memory = false (default)
2019-09-26 16:53:57,046 [pool-77-thread-1] INFO  server.RaftServerConfigKeys (ConfUtils.java:logGet(43)) - raft.server.log.purge.gap = 1000000 (custom)
2019-09-26 16:53:57,046 [pool-77-thread-1] INFO  server.RaftServerConfigKeys (ConfUtils.java:logGet(43)) - raft.server.log.appender.buffer.byte-limit = 33554432 (custom)
2019-09-26 16:53:57,047 [pool-77-thread-1] INFO  server.RaftServerConfigKeys (ConfUtils.java:logGet(43)) - raft.server.log.segment.size.max = 1048576 (custom)
2019-09-26 16:53:57,047 [pool-77-thread-1] INFO  server.RaftServerConfigKeys (ConfUtils.java:logGet(43)) - raft.server.log.segment.cache.num.max = 2 (custom)
2019-09-26 16:53:57,047 [pool-77-thread-1] INFO  segmented.SegmentedRaftLogWorker (SegmentedRaftLogWorker.java:<init>(172)) - new d17cca1b-2e6b-48b2-8b1c-3559490fa529@group-9F1614D968BA-SegmentedRaftLogWorker for RaftStorage:Storage Directory /workdir/hadoop-ozone/integration-test/target/test-dir/MiniOzoneClusterImpl-fdc3d401-fab1-4968-a84f-12bf762e2bbf/datanode-5/data/ratis/17b6cfa3-6830-4545-91a6-9f1614d968ba
2019-09-26 16:53:57,047 [pool-77-thread-1] INFO  server.RaftServerConfigKeys (ConfUtils.java:logGet(43)) - raft.server.log.queue.byte-limit = 2147483647 (custom)
2019-09-26 16:53:57,047 [pool-77-thread-1] INFO  server.RaftServerConfigKeys (ConfUtils.java:logGet(43)) - raft.server.log.queue.element-limit = 1024 (custom)
2019-09-26 16:53:57,048 [pool-77-thread-1] INFO  server.RaftServerConfigKeys (ConfUtils.java:logGet(43)) - raft.server.log.segment.size.max = 1048576 (custom)
2019-09-26 16:53:57,048 [pool-77-thread-1] INFO  server.RaftServerConfigKeys (ConfUtils.java:logGet(43)) - raft.server.log.preallocated.size = 16384 (custom)
2019-09-26 16:53:57,048 [pool-77-thread-1] INFO  server.RaftServerConfigKeys (ConfUtils.java:logGet(43)) - raft.server.log.write.buffer.size = 33554432 (custom)
2019-09-26 16:53:57,048 [pool-77-thread-1] INFO  server.RaftServerConfigKeys (ConfUtils.java:logGet(43)) - raft.server.log.force.sync.num = 128 (default)
2019-09-26 16:53:57,048 [pool-77-thread-1] INFO  server.RaftServerConfigKeys (ConfUtils.java:logGet(43)) - raft.server.log.statemachine.data.sync = true (default)
2019-09-26 16:53:57,048 [pool-77-thread-1] INFO  server.RaftServerConfigKeys (ConfUtils.java:logGet(43)) - raft.server.log.statemachine.data.sync.timeout = 10s (default)
2019-09-26 16:53:57,049 [pool-77-thread-1] INFO  server.RaftServerConfigKeys (ConfUtils.java:logGet(43)) - raft.server.log.statemachine.data.sync.timeout.retry = -1 (default)
2019-09-26 16:53:57,049 [pool-77-thread-1] INFO  server.RaftServerConfigKeys (ConfUtils.java:logGet(43)) - raft.server.log.statemachine.data.caching.enabled = true (custom)
2019-09-26 16:53:57,049 [pool-77-thread-1] INFO  segmented.SegmentedRaftLogWorker (SegmentedRaftLogWorker.java:lambda$new$0(132)) - d17cca1b-2e6b-48b2-8b1c-3559490fa529@group-9F1614D968BA-SegmentedRaftLogWorker: flushIndex: setUnconditionally 0 -> -1
2019-09-26 16:53:57,050 [pool-77-thread-1] INFO  server.RaftServerConfigKeys (ConfUtils.java:logGet(43)) - raft.server.snapshot.auto.trigger.enabled = true (custom)
2019-09-26 16:53:57,050 [pool-77-thread-1] INFO  server.RaftServerConfigKeys (ConfUtils.java:logGet(43)) - raft.server.snapshot.auto.trigger.threshold = 10000 (custom)
2019-09-26 16:53:57,050 [pool-77-thread-1] INFO  server.RaftServerConfigKeys (ConfUtils.java:logGet(43)) - raft.server.snapshot.retention.num.files = 5 (custom)
2019-09-26 16:53:57,050 [pool-77-thread-1] INFO  server.RaftServerConfigKeys (ConfUtils.java:logGet(43)) - raft.server.retrycache.expirytime = 600000ms (custom)
2019-09-26 16:53:57,053 [pool-77-thread-1] INFO  impl.RaftServerImpl (RaftServerImpl.java:start(185)) - d17cca1b-2e6b-48b2-8b1c-3559490fa529@group-9F1614D968BA: start as a follower, conf=-1: [d17cca1b-2e6b-48b2-8b1c-3559490fa529:192.168.151.99:40714], old=null
2019-09-26 16:53:57,053 [pool-77-thread-1] INFO  impl.RaftServerImpl (RaftServerImpl.java:setRole(174)) - d17cca1b-2e6b-48b2-8b1c-3559490fa529@group-9F1614D968BA: changes role from      null to FOLLOWER at term 0 for startAsFollower
2019-09-26 16:53:57,053 [pool-77-thread-1] INFO  impl.RoleInfo (RoleInfo.java:updateAndGet(143)) - d17cca1b-2e6b-48b2-8b1c-3559490fa529: start FollowerState
2019-09-26 16:53:57,054 [pool-77-thread-1] INFO  util.JmxRegister (JmxRegister.java:tryRegister(44)) - Successfully registered JMX Bean with object name Ratis:service=RaftServer,group=group-9F1614D968BA,id=d17cca1b-2e6b-48b2-8b1c-3559490fa529
2019-09-26 16:53:57,058 [4a469c34-60df-4173-8d32-715e2ce97f5d@group-DAACEFFA4070:LeaderElection47] INFO  impl.LeaderElection (LeaderElection.java:askForVotes(182)) - 4a469c34-60df-4173-8d32-715e2ce97f5d@group-DAACEFFA4070:LeaderElection47: begin an election at term 1 for -1: [4a469c34-60df-4173-8d32-715e2ce97f5d:192.168.151.99:42442], old=null
2019-09-26 16:53:57,058 [4a469c34-60df-4173-8d32-715e2ce97f5d@group-DAACEFFA4070:LeaderElection47] INFO  impl.RoleInfo (RoleInfo.java:shutdownLeaderElection(134)) - 4a469c34-60df-4173-8d32-715e2ce97f5d: shutdown LeaderElection
2019-09-26 16:53:57,058 [4a469c34-60df-4173-8d32-715e2ce97f5d@group-DAACEFFA4070:LeaderElection47] INFO  impl.RaftServerImpl (RaftServerImpl.java:setRole(174)) - 4a469c34-60df-4173-8d32-715e2ce97f5d@group-DAACEFFA4070: changes role from CANDIDATE to LEADER at term 1 for changeToLeader
2019-09-26 16:53:57,058 [4a469c34-60df-4173-8d32-715e2ce97f5d@group-DAACEFFA4070:LeaderElection47] INFO  impl.RaftServerImpl (ServerState.java:setLeader(253)) - 4a469c34-60df-4173-8d32-715e2ce97f5d@group-DAACEFFA4070: change Leader from null to 4a469c34-60df-4173-8d32-715e2ce97f5d at term 1 for becomeLeader, leader elected after 5065ms
2019-09-26 16:53:57,058 [4a469c34-60df-4173-8d32-715e2ce97f5d@group-DAACEFFA4070:LeaderElection47] INFO  server.RaftServerConfigKeys (ConfUtils.java:logGet(43)) - raft.server.staging.catchup.gap = 1000 (default)
2019-09-26 16:53:57,059 [4a469c34-60df-4173-8d32-715e2ce97f5d@group-DAACEFFA4070:LeaderElection47] INFO  server.RaftServerConfigKeys (ConfUtils.java:logGet(43)) - raft.server.rpc.sleep.time = 25ms (default)
2019-09-26 16:53:57,059 [4a469c34-60df-4173-8d32-715e2ce97f5d@group-DAACEFFA4070:LeaderElection47] INFO  server.RaftServerConfigKeys (ConfUtils.java:logGet(43)) - raft.server.write.element-limit = 4096 (default)
2019-09-26 16:53:57,059 [RatisPipelineUtilsThread] INFO  pipeline.PipelineStateManager (PipelineStateManager.java:addPipeline(56)) - Created pipeline Pipeline[ Id: 17b6cfa3-6830-4545-91a6-9f1614d968ba, Nodes: d17cca1b-2e6b-48b2-8b1c-3559490fa529{ip: 192.168.151.99, host: pr-hdds-1569-g6sp5-2013761785, networkLocation: /default-rack, certSerialId: null}, Type:RATIS, Factor:ONE, State:OPEN]
2019-09-26 16:53:57,059 [4a469c34-60df-4173-8d32-715e2ce97f5d@group-DAACEFFA4070:LeaderElection47] INFO  server.RaftServerConfigKeys (ConfUtils.java:logGet(43)) - raft.server.watch.timeout = 10s (default)
2019-09-26 16:53:57,060 [4a469c34-60df-4173-8d32-715e2ce97f5d@group-DAACEFFA4070:LeaderElection47] INFO  server.RaftServerConfigKeys (ConfUtils.java:logGet(43)) - raft.server.watch.timeout.denomination = 1s (default)
2019-09-26 16:53:57,060 [4a469c34-60df-4173-8d32-715e2ce97f5d@group-DAACEFFA4070:LeaderElection47] INFO  server.RaftServerConfigKeys (ConfUtils.java:logGet(43)) - raft.server.watch.element-limit = 65536 (default)
2019-09-26 16:53:57,062 [4a469c34-60df-4173-8d32-715e2ce97f5d@group-DAACEFFA4070:LeaderElection47] INFO  impl.RoleInfo (RoleInfo.java:updateAndGet(143)) - 4a469c34-60df-4173-8d32-715e2ce97f5d: start LeaderState
2019-09-26 16:53:57,062 [4a469c34-60df-4173-8d32-715e2ce97f5d@group-DAACEFFA4070:LeaderElection47] INFO  segmented.SegmentedRaftLogWorker (SegmentedRaftLogWorker.java:startLogSegment(380)) - 4a469c34-60df-4173-8d32-715e2ce97f5d@group-DAACEFFA4070-SegmentedRaftLogWorker: Starting segment from index:0
2019-09-26 16:53:57,063 [4a469c34-60df-4173-8d32-715e2ce97f5d@group-DAACEFFA4070:LeaderElection47] INFO  impl.RaftServerImpl (ServerState.java:setRaftConf(354)) - 4a469c34-60df-4173-8d32-715e2ce97f5d@group-DAACEFFA4070: set configuration 0: [4a469c34-60df-4173-8d32-715e2ce97f5d:192.168.151.99:42442], old=null at 0
2019-09-26 16:53:57,066 [grpc-default-executor-1] INFO  impl.RaftServerProxy (RaftServerProxy.java:addNew(89)) - 579334d3-7c10-42f4-b10c-e6c2267ece25: addNew group-972B7DA5E6F5:[579334d3-7c10-42f4-b10c-e6c2267ece25:192.168.151.99:34131] returns group-972B7DA5E6F5:java.util.concurrent.CompletableFuture@7d665b6d[Not completed]
2019-09-26 16:53:57,068 [pool-47-thread-1] INFO  impl.RaftServerImpl (RaftServerImpl.java:<init>(95)) - 579334d3-7c10-42f4-b10c-e6c2267ece25: new RaftServerImpl for group-972B7DA5E6F5:[579334d3-7c10-42f4-b10c-e6c2267ece25:192.168.151.99:34131] with ContainerStateMachine:uninitialized
2019-09-26 16:53:57,068 [pool-47-thread-1] INFO  server.RaftServerConfigKeys (ConfUtils.java:logGet(43)) - raft.server.rpc.timeout.min = 5s (custom)
2019-09-26 16:53:57,068 [pool-47-thread-1] INFO  server.RaftServerConfigKeys (ConfUtils.java:logGet(43)) - raft.server.rpc.timeout.max = 5200ms (custom)
2019-09-26 16:53:57,069 [Thread-382] INFO  impl.FollowerState (FollowerState.java:run(106)) - 4a469c34-60df-4173-8d32-715e2ce97f5d:group-075C590BE14A changes to CANDIDATE, lastRpcTime:5166, electionTimeout:5166ms
2019-09-26 16:53:57,069 [pool-47-thread-1] INFO  server.RaftServerConfigKeys (ConfUtils.java:logGet(43)) - raft.server.rpcslowness.timeout = 120s (custom)
2019-09-26 16:53:57,069 [Thread-382] INFO  impl.RoleInfo (RoleInfo.java:shutdownFollowerState(121)) - 4a469c34-60df-4173-8d32-715e2ce97f5d: shutdown FollowerState
2019-09-26 16:53:57,069 [pool-47-thread-1] INFO  server.RaftServerConfigKeys (ConfUtils.java:logGet(43)) - raft.server.sleep.deviation.threshold = 300 (default)
2019-09-26 16:53:57,069 [Thread-382] INFO  impl.RaftServerImpl (RaftServerImpl.java:setRole(174)) - 4a469c34-60df-4173-8d32-715e2ce97f5d@group-075C590BE14A: changes role from  FOLLOWER to CANDIDATE at term 0 for changeToCandidate
2019-09-26 16:53:57,069 [pool-47-thread-1] INFO  server.RaftServerConfigKeys (ConfUtils.java:logGet(43)) - raft.server.log.appender.install.snapshot.enabled = false (custom)
2019-09-26 16:53:57,069 [Thread-382] INFO  impl.RoleInfo (RoleInfo.java:updateAndGet(143)) - 4a469c34-60df-4173-8d32-715e2ce97f5d: start LeaderElection
2019-09-26 16:53:57,069 [pool-47-thread-1] INFO  impl.RaftServerImpl (ServerState.java:<init>(103)) - 579334d3-7c10-42f4-b10c-e6c2267ece25@group-972B7DA5E6F5: ConfigurationManager, init=-1: [579334d3-7c10-42f4-b10c-e6c2267ece25:192.168.151.99:34131], old=null, confs=<EMPTY_MAP>
2019-09-26 16:53:57,070 [pool-47-thread-1] INFO  server.RaftServerConfigKeys (ConfUtils.java:logGet(43)) - raft.server.storage.dir = [/workdir/hadoop-ozone/integration-test/target/test-dir/MiniOzoneClusterImpl-fdc3d401-fab1-4968-a84f-12bf762e2bbf/datanode-2/data/ratis] (custom)
2019-09-26 16:53:57,070 [pool-47-thread-1] INFO  storage.RaftStorageDirectory (RaftStorageDirectory.java:analyzeStorage(246)) - The storage directory /workdir/hadoop-ozone/integration-test/target/test-dir/MiniOzoneClusterImpl-fdc3d401-fab1-4968-a84f-12bf762e2bbf/datanode-2/data/ratis/ff7db2d4-3aa3-4e5a-8be2-972b7da5e6f5 does not exist. Creating ...
2019-09-26 16:53:57,084 [pool-47-thread-1] INFO  storage.RaftStorageDirectory (RaftStorageDirectory.java:tryLock(328)) - Lock on /workdir/hadoop-ozone/integration-test/target/test-dir/MiniOzoneClusterImpl-fdc3d401-fab1-4968-a84f-12bf762e2bbf/datanode-2/data/ratis/ff7db2d4-3aa3-4e5a-8be2-972b7da5e6f5/in_use.lock acquired by nodename 15096@pr-hdds-1569-g6sp5-2013761785
2019-09-26 16:53:57,084 [4a469c34-60df-4173-8d32-715e2ce97f5d@group-075C590BE14A:LeaderElection48] INFO  impl.LeaderElection (LeaderElection.java:askForVotes(182)) - 4a469c34-60df-4173-8d32-715e2ce97f5d@group-075C590BE14A:LeaderElection48: begin an election at term 1 for -1: [4a469c34-60df-4173-8d32-715e2ce97f5d:192.168.151.99:42442], old=null
2019-09-26 16:53:57,084 [4a469c34-60df-4173-8d32-715e2ce97f5d@group-075C590BE14A:LeaderElection48] INFO  impl.RoleInfo (RoleInfo.java:shutdownLeaderElection(134)) - 4a469c34-60df-4173-8d32-715e2ce97f5d: shutdown LeaderElection
2019-09-26 16:53:57,085 [4a469c34-60df-4173-8d32-715e2ce97f5d@group-075C590BE14A:LeaderElection48] INFO  impl.RaftServerImpl (RaftServerImpl.java:setRole(174)) - 4a469c34-60df-4173-8d32-715e2ce97f5d@group-075C590BE14A: changes role from CANDIDATE to LEADER at term 1 for changeToLeader
2019-09-26 16:53:57,085 [4a469c34-60df-4173-8d32-715e2ce97f5d@group-075C590BE14A:LeaderElection48] INFO  impl.RaftServerImpl (ServerState.java:setLeader(253)) - 4a469c34-60df-4173-8d32-715e2ce97f5d@group-075C590BE14A: change Leader from null to 4a469c34-60df-4173-8d32-715e2ce97f5d at term 1 for becomeLeader, leader elected after 5189ms
2019-09-26 16:53:57,085 [4a469c34-60df-4173-8d32-715e2ce97f5d@group-075C590BE14A:LeaderElection48] INFO  server.RaftServerConfigKeys (ConfUtils.java:logGet(43)) - raft.server.staging.catchup.gap = 1000 (default)
2019-09-26 16:53:57,085 [4a469c34-60df-4173-8d32-715e2ce97f5d@group-075C590BE14A:LeaderElection48] INFO  server.RaftServerConfigKeys (ConfUtils.java:logGet(43)) - raft.server.rpc.sleep.time = 25ms (default)
2019-09-26 16:53:57,085 [4a469c34-60df-4173-8d32-715e2ce97f5d@group-075C590BE14A:LeaderElection48] INFO  server.RaftServerConfigKeys (ConfUtils.java:logGet(43)) - raft.server.write.element-limit = 4096 (default)
2019-09-26 16:53:57,085 [4a469c34-60df-4173-8d32-715e2ce97f5d@group-075C590BE14A:LeaderElection48] INFO  server.RaftServerConfigKeys (ConfUtils.java:logGet(43)) - raft.server.watch.timeout = 10s (default)
2019-09-26 16:53:57,085 [4a469c34-60df-4173-8d32-715e2ce97f5d@group-075C590BE14A:LeaderElection48] INFO  server.RaftServerConfigKeys (ConfUtils.java:logGet(43)) - raft.server.watch.timeout.denomination = 1s (default)
2019-09-26 16:53:57,086 [4a469c34-60df-4173-8d32-715e2ce97f5d@group-075C590BE14A:LeaderElection48] INFO  server.RaftServerConfigKeys (ConfUtils.java:logGet(43)) - raft.server.watch.element-limit = 65536 (default)
2019-09-26 16:53:57,088 [4a469c34-60df-4173-8d32-715e2ce97f5d@group-075C590BE14A:LeaderElection48] INFO  impl.RoleInfo (RoleInfo.java:updateAndGet(143)) - 4a469c34-60df-4173-8d32-715e2ce97f5d: start LeaderState
2019-09-26 16:53:57,088 [4a469c34-60df-4173-8d32-715e2ce97f5d@group-075C590BE14A:LeaderElection48] INFO  segmented.SegmentedRaftLogWorker (SegmentedRaftLogWorker.java:startLogSegment(380)) - 4a469c34-60df-4173-8d32-715e2ce97f5d@group-075C590BE14A-SegmentedRaftLogWorker: Starting segment from index:0
2019-09-26 16:53:57,088 [4a469c34-60df-4173-8d32-715e2ce97f5d@group-075C590BE14A:LeaderElection48] INFO  impl.RaftServerImpl (ServerState.java:setRaftConf(354)) - 4a469c34-60df-4173-8d32-715e2ce97f5d@group-075C590BE14A: set configuration 0: [4a469c34-60df-4173-8d32-715e2ce97f5d:192.168.151.99:42442], old=null at 0
2019-09-26 16:53:57,098 [pool-47-thread-1] INFO  storage.RaftStorage (RaftStorage.java:format(72)) - Storage directory /workdir/hadoop-ozone/integration-test/target/test-dir/MiniOzoneClusterImpl-fdc3d401-fab1-4968-a84f-12bf762e2bbf/datanode-2/data/ratis/ff7db2d4-3aa3-4e5a-8be2-972b7da5e6f5 has been successfully formatted.
2019-09-26 16:53:57,098 [pool-47-thread-1] INFO  ratis.ContainerStateMachine (ContainerStateMachine.java:loadSnapshot(230)) - group-972B7DA5E6F5: The snapshot info is null. Setting the last applied indexto:(t:0, i:~)
2019-09-26 16:53:57,098 [pool-47-thread-1] INFO  server.RaftServerConfigKeys (ConfUtils.java:logGet(43)) - raft.server.notification.no-leader.timeout = 120s (custom)
2019-09-26 16:53:57,098 [pool-47-thread-1] INFO  server.RaftServerConfigKeys (ConfUtils.java:logGet(43)) - raft.server.log.use.memory = false (default)
2019-09-26 16:53:57,099 [pool-47-thread-1] INFO  server.RaftServerConfigKeys (ConfUtils.java:logGet(43)) - raft.server.log.purge.gap = 1000000 (custom)
2019-09-26 16:53:57,099 [pool-47-thread-1] INFO  server.RaftServerConfigKeys (ConfUtils.java:logGet(43)) - raft.server.log.appender.buffer.byte-limit = 33554432 (custom)
2019-09-26 16:53:57,099 [pool-47-thread-1] INFO  server.RaftServerConfigKeys (ConfUtils.java:logGet(43)) - raft.server.log.segment.size.max = 1048576 (custom)
2019-09-26 16:53:57,099 [pool-47-thread-1] INFO  server.RaftServerConfigKeys (ConfUtils.java:logGet(43)) - raft.server.log.segment.cache.num.max = 2 (custom)
2019-09-26 16:53:57,100 [pool-47-thread-1] INFO  segmented.SegmentedRaftLogWorker (SegmentedRaftLogWorker.java:<init>(172)) - new 579334d3-7c10-42f4-b10c-e6c2267ece25@group-972B7DA5E6F5-SegmentedRaftLogWorker for RaftStorage:Storage Directory /workdir/hadoop-ozone/integration-test/target/test-dir/MiniOzoneClusterImpl-fdc3d401-fab1-4968-a84f-12bf762e2bbf/datanode-2/data/ratis/ff7db2d4-3aa3-4e5a-8be2-972b7da5e6f5
2019-09-26 16:53:57,100 [pool-47-thread-1] INFO  server.RaftServerConfigKeys (ConfUtils.java:logGet(43)) - raft.server.log.queue.byte-limit = 2147483647 (custom)
2019-09-26 16:53:57,100 [pool-47-thread-1] INFO  server.RaftServerConfigKeys (ConfUtils.java:logGet(43)) - raft.server.log.queue.element-limit = 1024 (custom)
2019-09-26 16:53:57,100 [pool-47-thread-1] INFO  server.RaftServerConfigKeys (ConfUtils.java:logGet(43)) - raft.server.log.segment.size.max = 1048576 (custom)
2019-09-26 16:53:57,100 [pool-47-thread-1] INFO  server.RaftServerConfigKeys (ConfUtils.java:logGet(43)) - raft.server.log.preallocated.size = 16384 (custom)
2019-09-26 16:53:57,100 [pool-47-thread-1] INFO  server.RaftServerConfigKeys (ConfUtils.java:logGet(43)) - raft.server.log.write.buffer.size = 33554432 (custom)
2019-09-26 16:53:57,101 [pool-47-thread-1] INFO  server.RaftServerConfigKeys (ConfUtils.java:logGet(43)) - raft.server.log.force.sync.num = 128 (default)
2019-09-26 16:53:57,101 [pool-47-thread-1] INFO  server.RaftServerConfigKeys (ConfUtils.java:logGet(43)) - raft.server.log.statemachine.data.sync = true (default)
2019-09-26 16:53:57,101 [pool-47-thread-1] INFO  server.RaftServerConfigKeys (ConfUtils.java:logGet(43)) - raft.server.log.statemachine.data.sync.timeout = 10s (default)
2019-09-26 16:53:57,101 [pool-47-thread-1] INFO  server.RaftServerConfigKeys (ConfUtils.java:logGet(43)) - raft.server.log.statemachine.data.sync.timeout.retry = -1 (default)
2019-09-26 16:53:57,101 [pool-47-thread-1] INFO  server.RaftServerConfigKeys (ConfUtils.java:logGet(43)) - raft.server.log.statemachine.data.caching.enabled = true (custom)
2019-09-26 16:53:57,102 [pool-47-thread-1] INFO  segmented.SegmentedRaftLogWorker (SegmentedRaftLogWorker.java:lambda$new$0(132)) - 579334d3-7c10-42f4-b10c-e6c2267ece25@group-972B7DA5E6F5-SegmentedRaftLogWorker: flushIndex: setUnconditionally 0 -> -1
2019-09-26 16:53:57,102 [pool-47-thread-1] INFO  server.RaftServerConfigKeys (ConfUtils.java:logGet(43)) - raft.server.snapshot.auto.trigger.enabled = true (custom)
2019-09-26 16:53:57,103 [pool-47-thread-1] INFO  server.RaftServerConfigKeys (ConfUtils.java:logGet(43)) - raft.server.snapshot.auto.trigger.threshold = 10000 (custom)
2019-09-26 16:53:57,103 [pool-47-thread-1] INFO  server.RaftServerConfigKeys (ConfUtils.java:logGet(43)) - raft.server.snapshot.retention.num.files = 5 (custom)
2019-09-26 16:53:57,103 [pool-47-thread-1] INFO  server.RaftServerConfigKeys (ConfUtils.java:logGet(43)) - raft.server.retrycache.expirytime = 600000ms (custom)
2019-09-26 16:53:57,105 [pool-47-thread-1] INFO  impl.RaftServerImpl (RaftServerImpl.java:start(185)) - 579334d3-7c10-42f4-b10c-e6c2267ece25@group-972B7DA5E6F5: start as a follower, conf=-1: [579334d3-7c10-42f4-b10c-e6c2267ece25:192.168.151.99:34131], old=null
2019-09-26 16:53:57,106 [pool-47-thread-1] INFO  impl.RaftServerImpl (RaftServerImpl.java:setRole(174)) - 579334d3-7c10-42f4-b10c-e6c2267ece25@group-972B7DA5E6F5: changes role from      null to FOLLOWER at term 0 for startAsFollower
2019-09-26 16:53:57,106 [pool-47-thread-1] INFO  impl.RoleInfo (RoleInfo.java:updateAndGet(143)) - 579334d3-7c10-42f4-b10c-e6c2267ece25: start FollowerState
2019-09-26 16:53:57,106 [pool-47-thread-1] INFO  util.JmxRegister (JmxRegister.java:tryRegister(44)) - Successfully registered JMX Bean with object name Ratis:service=RaftServer,group=group-972B7DA5E6F5,id=579334d3-7c10-42f4-b10c-e6c2267ece25
2019-09-26 16:53:57,110 [4a469c34-60df-4173-8d32-715e2ce97f5d@group-DAACEFFA4070-SegmentedRaftLogWorker] INFO  segmented.SegmentedRaftLogWorker (SegmentedRaftLogWorker.java:execute(569)) - 4a469c34-60df-4173-8d32-715e2ce97f5d@group-DAACEFFA4070-SegmentedRaftLogWorker: created new log segment /workdir/hadoop-ozone/integration-test/target/test-dir/MiniOzoneClusterImpl-fdc3d401-fab1-4968-a84f-12bf762e2bbf/datanode-6/data/ratis/a750decd-0111-4ea3-95cf-daaceffa4070/current/log_inprogress_0
2019-09-26 16:53:57,110 [RatisPipelineUtilsThread] INFO  pipeline.PipelineStateManager (PipelineStateManager.java:addPipeline(56)) - Created pipeline Pipeline[ Id: ff7db2d4-3aa3-4e5a-8be2-972b7da5e6f5, Nodes: 579334d3-7c10-42f4-b10c-e6c2267ece25{ip: 192.168.151.99, host: pr-hdds-1569-g6sp5-2013761785, networkLocation: /default-rack, certSerialId: null}, Type:RATIS, Factor:ONE, State:OPEN]
2019-09-26 16:53:57,118 [grpc-default-executor-1] INFO  impl.RaftServerProxy (RaftServerProxy.java:addNew(89)) - 4a469c34-60df-4173-8d32-715e2ce97f5d: addNew group-8454D3131D9D:[4a469c34-60df-4173-8d32-715e2ce97f5d:192.168.151.99:42442] returns group-8454D3131D9D:java.util.concurrent.CompletableFuture@c1d22b1[Not completed]
2019-09-26 16:53:57,120 [pool-87-thread-1] INFO  impl.RaftServerImpl (RaftServerImpl.java:<init>(95)) - 4a469c34-60df-4173-8d32-715e2ce97f5d: new RaftServerImpl for group-8454D3131D9D:[4a469c34-60df-4173-8d32-715e2ce97f5d:192.168.151.99:42442] with ContainerStateMachine:uninitialized
2019-09-26 16:53:57,120 [pool-87-thread-1] INFO  server.RaftServerConfigKeys (ConfUtils.java:logGet(43)) - raft.server.rpc.timeout.min = 5s (custom)
2019-09-26 16:53:57,120 [pool-87-thread-1] INFO  server.RaftServerConfigKeys (ConfUtils.java:logGet(43)) - raft.server.rpc.timeout.max = 5200ms (custom)
2019-09-26 16:53:57,120 [pool-87-thread-1] INFO  server.RaftServerConfigKeys (ConfUtils.java:logGet(43)) - raft.server.rpcslowness.timeout = 120s (custom)
2019-09-26 16:53:57,121 [pool-87-thread-1] INFO  server.RaftServerConfigKeys (ConfUtils.java:logGet(43)) - raft.server.sleep.deviation.threshold = 300 (default)
2019-09-26 16:53:57,121 [pool-87-thread-1] INFO  server.RaftServerConfigKeys (ConfUtils.java:logGet(43)) - raft.server.log.appender.install.snapshot.enabled = false (custom)
2019-09-26 16:53:57,121 [pool-87-thread-1] INFO  impl.RaftServerImpl (ServerState.java:<init>(103)) - 4a469c34-60df-4173-8d32-715e2ce97f5d@group-8454D3131D9D: ConfigurationManager, init=-1: [4a469c34-60df-4173-8d32-715e2ce97f5d:192.168.151.99:42442], old=null, confs=<EMPTY_MAP>
2019-09-26 16:53:57,121 [pool-87-thread-1] INFO  server.RaftServerConfigKeys (ConfUtils.java:logGet(43)) - raft.server.storage.dir = [/workdir/hadoop-ozone/integration-test/target/test-dir/MiniOzoneClusterImpl-fdc3d401-fab1-4968-a84f-12bf762e2bbf/datanode-6/data/ratis] (custom)
2019-09-26 16:53:57,122 [pool-87-thread-1] INFO  storage.RaftStorageDirectory (RaftStorageDirectory.java:analyzeStorage(246)) - The storage directory /workdir/hadoop-ozone/integration-test/target/test-dir/MiniOzoneClusterImpl-fdc3d401-fab1-4968-a84f-12bf762e2bbf/datanode-6/data/ratis/b9cf85ec-c74e-47a4-8028-8454d3131d9d does not exist. Creating ...
2019-09-26 16:53:57,124 [Thread-391] INFO  impl.FollowerState (FollowerState.java:run(106)) - deac9605-e739-4d95-8360-f57df793faca:group-9571291C2FBD changes to CANDIDATE, lastRpcTime:5065, electionTimeout:5065ms
2019-09-26 16:53:57,124 [Thread-391] INFO  impl.RoleInfo (RoleInfo.java:shutdownFollowerState(121)) - deac9605-e739-4d95-8360-f57df793faca: shutdown FollowerState
2019-09-26 16:53:57,124 [Thread-391] INFO  impl.RaftServerImpl (RaftServerImpl.java:setRole(174)) - deac9605-e739-4d95-8360-f57df793faca@group-9571291C2FBD: changes role from  FOLLOWER to CANDIDATE at term 0 for changeToCandidate
2019-09-26 16:53:57,124 [Thread-391] INFO  impl.RoleInfo (RoleInfo.java:updateAndGet(143)) - deac9605-e739-4d95-8360-f57df793faca: start LeaderElection
2019-09-26 16:53:57,125 [pool-87-thread-1] INFO  storage.RaftStorageDirectory (RaftStorageDirectory.java:tryLock(328)) - Lock on /workdir/hadoop-ozone/integration-test/target/test-dir/MiniOzoneClusterImpl-fdc3d401-fab1-4968-a84f-12bf762e2bbf/datanode-6/data/ratis/b9cf85ec-c74e-47a4-8028-8454d3131d9d/in_use.lock acquired by nodename 15096@pr-hdds-1569-g6sp5-2013761785
2019-09-26 16:53:57,126 [Thread-385] INFO  impl.FollowerState (FollowerState.java:run(106)) - 7fda706b-4e23-4e10-baba-12810c05fbbb:group-C3CECEEF5768 changes to CANDIDATE, lastRpcTime:5173, electionTimeout:5173ms
2019-09-26 16:53:57,126 [Thread-385] INFO  impl.RoleInfo (RoleInfo.java:shutdownFollowerState(121)) - 7fda706b-4e23-4e10-baba-12810c05fbbb: shutdown FollowerState
2019-09-26 16:53:57,126 [Thread-385] INFO  impl.RaftServerImpl (RaftServerImpl.java:setRole(174)) - 7fda706b-4e23-4e10-baba-12810c05fbbb@group-C3CECEEF5768: changes role from  FOLLOWER to CANDIDATE at term 0 for changeToCandidate
2019-09-26 16:53:57,127 [Thread-385] INFO  impl.RoleInfo (RoleInfo.java:updateAndGet(143)) - 7fda706b-4e23-4e10-baba-12810c05fbbb: start LeaderElection
2019-09-26 16:53:57,133 [pool-87-thread-1] INFO  storage.RaftStorage (RaftStorage.java:format(72)) - Storage directory /workdir/hadoop-ozone/integration-test/target/test-dir/MiniOzoneClusterImpl-fdc3d401-fab1-4968-a84f-12bf762e2bbf/datanode-6/data/ratis/b9cf85ec-c74e-47a4-8028-8454d3131d9d has been successfully formatted.
2019-09-26 16:53:57,133 [deac9605-e739-4d95-8360-f57df793faca@group-9571291C2FBD:LeaderElection49] INFO  impl.LeaderElection (LeaderElection.java:askForVotes(182)) - deac9605-e739-4d95-8360-f57df793faca@group-9571291C2FBD:LeaderElection49: begin an election at term 1 for -1: [deac9605-e739-4d95-8360-f57df793faca:192.168.151.99:46601], old=null
2019-09-26 16:53:57,133 [pool-87-thread-1] INFO  ratis.ContainerStateMachine (ContainerStateMachine.java:loadSnapshot(230)) - group-8454D3131D9D: The snapshot info is null. Setting the last applied indexto:(t:0, i:~)
2019-09-26 16:53:57,133 [deac9605-e739-4d95-8360-f57df793faca@group-9571291C2FBD:LeaderElection49] INFO  impl.RoleInfo (RoleInfo.java:shutdownLeaderElection(134)) - deac9605-e739-4d95-8360-f57df793faca: shutdown LeaderElection
2019-09-26 16:53:57,134 [4a469c34-60df-4173-8d32-715e2ce97f5d@group-075C590BE14A-SegmentedRaftLogWorker] INFO  segmented.SegmentedRaftLogWorker (SegmentedRaftLogWorker.java:execute(569)) - 4a469c34-60df-4173-8d32-715e2ce97f5d@group-075C590BE14A-SegmentedRaftLogWorker: created new log segment /workdir/hadoop-ozone/integration-test/target/test-dir/MiniOzoneClusterImpl-fdc3d401-fab1-4968-a84f-12bf762e2bbf/datanode-6/data/ratis/44c9a636-f09d-4c7a-bbc1-075c590be14a/current/log_inprogress_0
2019-09-26 16:53:57,134 [pool-87-thread-1] INFO  server.RaftServerConfigKeys (ConfUtils.java:logGet(43)) - raft.server.notification.no-leader.timeout = 120s (custom)
2019-09-26 16:53:57,134 [pool-87-thread-1] INFO  server.RaftServerConfigKeys (ConfUtils.java:logGet(43)) - raft.server.log.use.memory = false (default)
2019-09-26 16:53:57,134 [7fda706b-4e23-4e10-baba-12810c05fbbb@group-C3CECEEF5768:LeaderElection50] INFO  impl.LeaderElection (LeaderElection.java:askForVotes(182)) - 7fda706b-4e23-4e10-baba-12810c05fbbb@group-C3CECEEF5768:LeaderElection50: begin an election at term 1 for -1: [7fda706b-4e23-4e10-baba-12810c05fbbb:192.168.151.99:32897], old=null
2019-09-26 16:53:57,134 [deac9605-e739-4d95-8360-f57df793faca@group-9571291C2FBD:LeaderElection49] INFO  impl.RaftServerImpl (RaftServerImpl.java:setRole(174)) - deac9605-e739-4d95-8360-f57df793faca@group-9571291C2FBD: changes role from CANDIDATE to LEADER at term 1 for changeToLeader
2019-09-26 16:53:57,134 [7fda706b-4e23-4e10-baba-12810c05fbbb@group-C3CECEEF5768:LeaderElection50] INFO  impl.RoleInfo (RoleInfo.java:shutdownLeaderElection(134)) - 7fda706b-4e23-4e10-baba-12810c05fbbb: shutdown LeaderElection
2019-09-26 16:53:57,134 [pool-87-thread-1] INFO  server.RaftServerConfigKeys (ConfUtils.java:logGet(43)) - raft.server.log.purge.gap = 1000000 (custom)
2019-09-26 16:53:57,135 [7fda706b-4e23-4e10-baba-12810c05fbbb@group-C3CECEEF5768:LeaderElection50] INFO  impl.RaftServerImpl (RaftServerImpl.java:setRole(174)) - 7fda706b-4e23-4e10-baba-12810c05fbbb@group-C3CECEEF5768: changes role from CANDIDATE to LEADER at term 1 for changeToLeader
2019-09-26 16:53:57,135 [7fda706b-4e23-4e10-baba-12810c05fbbb@group-C3CECEEF5768:LeaderElection50] INFO  impl.RaftServerImpl (ServerState.java:setLeader(253)) - 7fda706b-4e23-4e10-baba-12810c05fbbb@group-C3CECEEF5768: change Leader from null to 7fda706b-4e23-4e10-baba-12810c05fbbb at term 1 for becomeLeader, leader elected after 5190ms
2019-09-26 16:53:57,134 [deac9605-e739-4d95-8360-f57df793faca@group-9571291C2FBD:LeaderElection49] INFO  impl.RaftServerImpl (ServerState.java:setLeader(253)) - deac9605-e739-4d95-8360-f57df793faca@group-9571291C2FBD: change Leader from null to deac9605-e739-4d95-8360-f57df793faca at term 1 for becomeLeader, leader elected after 5084ms
2019-09-26 16:53:57,135 [7fda706b-4e23-4e10-baba-12810c05fbbb@group-C3CECEEF5768:LeaderElection50] INFO  server.RaftServerConfigKeys (ConfUtils.java:logGet(43)) - raft.server.staging.catchup.gap = 1000 (default)
2019-09-26 16:53:57,135 [pool-87-thread-1] INFO  server.RaftServerConfigKeys (ConfUtils.java:logGet(43)) - raft.server.log.appender.buffer.byte-limit = 33554432 (custom)
2019-09-26 16:53:57,136 [7fda706b-4e23-4e10-baba-12810c05fbbb@group-C3CECEEF5768:LeaderElection50] INFO  server.RaftServerConfigKeys (ConfUtils.java:logGet(43)) - raft.server.rpc.sleep.time = 25ms (default)
2019-09-26 16:53:57,135 [deac9605-e739-4d95-8360-f57df793faca@group-9571291C2FBD:LeaderElection49] INFO  server.RaftServerConfigKeys (ConfUtils.java:logGet(43)) - raft.server.staging.catchup.gap = 1000 (default)
2019-09-26 16:53:57,136 [7fda706b-4e23-4e10-baba-12810c05fbbb@group-C3CECEEF5768:LeaderElection50] INFO  server.RaftServerConfigKeys (ConfUtils.java:logGet(43)) - raft.server.write.element-limit = 4096 (default)
2019-09-26 16:53:57,136 [pool-87-thread-1] INFO  server.RaftServerConfigKeys (ConfUtils.java:logGet(43)) - raft.server.log.segment.size.max = 1048576 (custom)
2019-09-26 16:53:57,136 [7fda706b-4e23-4e10-baba-12810c05fbbb@group-C3CECEEF5768:LeaderElection50] INFO  server.RaftServerConfigKeys (ConfUtils.java:logGet(43)) - raft.server.watch.timeout = 10s (default)
2019-09-26 16:53:57,136 [deac9605-e739-4d95-8360-f57df793faca@group-9571291C2FBD:LeaderElection49] INFO  server.RaftServerConfigKeys (ConfUtils.java:logGet(43)) - raft.server.rpc.sleep.time = 25ms (default)
2019-09-26 16:53:57,137 [7fda706b-4e23-4e10-baba-12810c05fbbb@group-C3CECEEF5768:LeaderElection50] INFO  server.RaftServerConfigKeys (ConfUtils.java:logGet(43)) - raft.server.watch.timeout.denomination = 1s (default)
2019-09-26 16:53:57,136 [pool-87-thread-1] INFO  server.RaftServerConfigKeys (ConfUtils.java:logGet(43)) - raft.server.log.segment.cache.num.max = 2 (custom)
2019-09-26 16:53:57,137 [7fda706b-4e23-4e10-baba-12810c05fbbb@group-C3CECEEF5768:LeaderElection50] INFO  server.RaftServerConfigKeys (ConfUtils.java:logGet(43)) - raft.server.watch.element-limit = 65536 (default)
2019-09-26 16:53:57,137 [deac9605-e739-4d95-8360-f57df793faca@group-9571291C2FBD:LeaderElection49] INFO  server.RaftServerConfigKeys (ConfUtils.java:logGet(43)) - raft.server.write.element-limit = 4096 (default)
2019-09-26 16:53:57,137 [pool-87-thread-1] INFO  segmented.SegmentedRaftLogWorker (SegmentedRaftLogWorker.java:<init>(172)) - new 4a469c34-60df-4173-8d32-715e2ce97f5d@group-8454D3131D9D-SegmentedRaftLogWorker for RaftStorage:Storage Directory /workdir/hadoop-ozone/integration-test/target/test-dir/MiniOzoneClusterImpl-fdc3d401-fab1-4968-a84f-12bf762e2bbf/datanode-6/data/ratis/b9cf85ec-c74e-47a4-8028-8454d3131d9d
2019-09-26 16:53:57,137 [deac9605-e739-4d95-8360-f57df793faca@group-9571291C2FBD:LeaderElection49] INFO  server.RaftServerConfigKeys (ConfUtils.java:logGet(43)) - raft.server.watch.timeout = 10s (default)
2019-09-26 16:53:57,137 [pool-87-thread-1] INFO  server.RaftServerConfigKeys (ConfUtils.java:logGet(43)) - raft.server.log.queue.byte-limit = 2147483647 (custom)
2019-09-26 16:53:57,138 [deac9605-e739-4d95-8360-f57df793faca@group-9571291C2FBD:LeaderElection49] INFO  server.RaftServerConfigKeys (ConfUtils.java:logGet(43)) - raft.server.watch.timeout.denomination = 1s (default)
2019-09-26 16:53:57,138 [pool-87-thread-1] INFO  server.RaftServerConfigKeys (ConfUtils.java:logGet(43)) - raft.server.log.queue.element-limit = 1024 (custom)
2019-09-26 16:53:57,138 [deac9605-e739-4d95-8360-f57df793faca@group-9571291C2FBD:LeaderElection49] INFO  server.RaftServerConfigKeys (ConfUtils.java:logGet(43)) - raft.server.watch.element-limit = 65536 (default)
2019-09-26 16:53:57,138 [pool-87-thread-1] INFO  server.RaftServerConfigKeys (ConfUtils.java:logGet(43)) - raft.server.log.segment.size.max = 1048576 (custom)
2019-09-26 16:53:57,138 [pool-87-thread-1] INFO  server.RaftServerConfigKeys (ConfUtils.java:logGet(43)) - raft.server.log.preallocated.size = 16384 (custom)
2019-09-26 16:53:57,138 [pool-87-thread-1] INFO  server.RaftServerConfigKeys (ConfUtils.java:logGet(43)) - raft.server.log.write.buffer.size = 33554432 (custom)
2019-09-26 16:53:57,139 [pool-87-thread-1] INFO  server.RaftServerConfigKeys (ConfUtils.java:logGet(43)) - raft.server.log.force.sync.num = 128 (default)
2019-09-26 16:53:57,139 [pool-87-thread-1] INFO  server.RaftServerConfigKeys (ConfUtils.java:logGet(43)) - raft.server.log.statemachine.data.sync = true (default)
2019-09-26 16:53:57,139 [pool-87-thread-1] INFO  server.RaftServerConfigKeys (ConfUtils.java:logGet(43)) - raft.server.log.statemachine.data.sync.timeout = 10s (default)
2019-09-26 16:53:57,139 [pool-87-thread-1] INFO  server.RaftServerConfigKeys (ConfUtils.java:logGet(43)) - raft.server.log.statemachine.data.sync.timeout.retry = -1 (default)
2019-09-26 16:53:57,139 [pool-87-thread-1] INFO  server.RaftServerConfigKeys (ConfUtils.java:logGet(43)) - raft.server.log.statemachine.data.caching.enabled = true (custom)
2019-09-26 16:53:57,139 [7fda706b-4e23-4e10-baba-12810c05fbbb@group-C3CECEEF5768:LeaderElection50] INFO  impl.RoleInfo (RoleInfo.java:updateAndGet(143)) - 7fda706b-4e23-4e10-baba-12810c05fbbb: start LeaderState
2019-09-26 16:53:57,140 [pool-87-thread-1] INFO  segmented.SegmentedRaftLogWorker (SegmentedRaftLogWorker.java:lambda$new$0(132)) - 4a469c34-60df-4173-8d32-715e2ce97f5d@group-8454D3131D9D-SegmentedRaftLogWorker: flushIndex: setUnconditionally 0 -> -1
2019-09-26 16:53:57,140 [7fda706b-4e23-4e10-baba-12810c05fbbb@group-C3CECEEF5768:LeaderElection50] INFO  segmented.SegmentedRaftLogWorker (SegmentedRaftLogWorker.java:startLogSegment(380)) - 7fda706b-4e23-4e10-baba-12810c05fbbb@group-C3CECEEF5768-SegmentedRaftLogWorker: Starting segment from index:0
2019-09-26 16:53:57,140 [pool-87-thread-1] INFO  server.RaftServerConfigKeys (ConfUtils.java:logGet(43)) - raft.server.snapshot.auto.trigger.enabled = true (custom)
2019-09-26 16:53:57,140 [pool-87-thread-1] INFO  server.RaftServerConfigKeys (ConfUtils.java:logGet(43)) - raft.server.snapshot.auto.trigger.threshold = 10000 (custom)
2019-09-26 16:53:57,140 [pool-87-thread-1] INFO  server.RaftServerConfigKeys (ConfUtils.java:logGet(43)) - raft.server.snapshot.retention.num.files = 5 (custom)
2019-09-26 16:53:57,140 [7fda706b-4e23-4e10-baba-12810c05fbbb@group-C3CECEEF5768:LeaderElection50] INFO  impl.RaftServerImpl (ServerState.java:setRaftConf(354)) - 7fda706b-4e23-4e10-baba-12810c05fbbb@group-C3CECEEF5768: set configuration 0: [7fda706b-4e23-4e10-baba-12810c05fbbb:192.168.151.99:32897], old=null at 0
2019-09-26 16:53:57,140 [pool-87-thread-1] INFO  server.RaftServerConfigKeys (ConfUtils.java:logGet(43)) - raft.server.retrycache.expirytime = 600000ms (custom)
2019-09-26 16:53:57,140 [deac9605-e739-4d95-8360-f57df793faca@group-9571291C2FBD:LeaderElection49] INFO  impl.RoleInfo (RoleInfo.java:updateAndGet(143)) - deac9605-e739-4d95-8360-f57df793faca: start LeaderState
2019-09-26 16:53:57,141 [deac9605-e739-4d95-8360-f57df793faca@group-9571291C2FBD:LeaderElection49] INFO  segmented.SegmentedRaftLogWorker (SegmentedRaftLogWorker.java:startLogSegment(380)) - deac9605-e739-4d95-8360-f57df793faca@group-9571291C2FBD-SegmentedRaftLogWorker: Starting segment from index:0
2019-09-26 16:53:57,142 [deac9605-e739-4d95-8360-f57df793faca@group-9571291C2FBD:LeaderElection49] INFO  impl.RaftServerImpl (ServerState.java:setRaftConf(354)) - deac9605-e739-4d95-8360-f57df793faca@group-9571291C2FBD: set configuration 0: [deac9605-e739-4d95-8360-f57df793faca:192.168.151.99:46601], old=null at 0
2019-09-26 16:53:57,143 [pool-87-thread-1] INFO  impl.RaftServerImpl (RaftServerImpl.java:start(185)) - 4a469c34-60df-4173-8d32-715e2ce97f5d@group-8454D3131D9D: start as a follower, conf=-1: [4a469c34-60df-4173-8d32-715e2ce97f5d:192.168.151.99:42442], old=null
2019-09-26 16:53:57,144 [pool-87-thread-1] INFO  impl.RaftServerImpl (RaftServerImpl.java:setRole(174)) - 4a469c34-60df-4173-8d32-715e2ce97f5d@group-8454D3131D9D: changes role from      null to FOLLOWER at term 0 for startAsFollower
2019-09-26 16:53:57,144 [pool-87-thread-1] INFO  impl.RoleInfo (RoleInfo.java:updateAndGet(143)) - 4a469c34-60df-4173-8d32-715e2ce97f5d: start FollowerState
2019-09-26 16:53:57,144 [pool-87-thread-1] INFO  util.JmxRegister (JmxRegister.java:tryRegister(44)) - Successfully registered JMX Bean with object name Ratis:service=RaftServer,group=group-8454D3131D9D,id=4a469c34-60df-4173-8d32-715e2ce97f5d
2019-09-26 16:53:57,147 [RatisPipelineUtilsThread] INFO  pipeline.PipelineStateManager (PipelineStateManager.java:addPipeline(56)) - Created pipeline Pipeline[ Id: b9cf85ec-c74e-47a4-8028-8454d3131d9d, Nodes: 4a469c34-60df-4173-8d32-715e2ce97f5d{ip: 192.168.151.99, host: pr-hdds-1569-g6sp5-2013761785, networkLocation: /default-rack, certSerialId: null}, Type:RATIS, Factor:ONE, State:OPEN]
2019-09-26 16:53:57,154 [grpc-default-executor-1] INFO  impl.RaftServerProxy (RaftServerProxy.java:addNew(89)) - d17cca1b-2e6b-48b2-8b1c-3559490fa529: addNew group-0D035646D911:[d17cca1b-2e6b-48b2-8b1c-3559490fa529:192.168.151.99:40714] returns group-0D035646D911:java.util.concurrent.CompletableFuture@72955f62[Not completed]
2019-09-26 16:53:57,155 [pool-77-thread-1] INFO  impl.RaftServerImpl (RaftServerImpl.java:<init>(95)) - d17cca1b-2e6b-48b2-8b1c-3559490fa529: new RaftServerImpl for group-0D035646D911:[d17cca1b-2e6b-48b2-8b1c-3559490fa529:192.168.151.99:40714] with ContainerStateMachine:uninitialized
2019-09-26 16:53:57,155 [pool-77-thread-1] INFO  server.RaftServerConfigKeys (ConfUtils.java:logGet(43)) - raft.server.rpc.timeout.min = 5s (custom)
2019-09-26 16:53:57,156 [pool-77-thread-1] INFO  server.RaftServerConfigKeys (ConfUtils.java:logGet(43)) - raft.server.rpc.timeout.max = 5200ms (custom)
2019-09-26 16:53:57,156 [pool-77-thread-1] INFO  server.RaftServerConfigKeys (ConfUtils.java:logGet(43)) - raft.server.rpcslowness.timeout = 120s (custom)
2019-09-26 16:53:57,156 [pool-77-thread-1] INFO  server.RaftServerConfigKeys (ConfUtils.java:logGet(43)) - raft.server.sleep.deviation.threshold = 300 (default)
2019-09-26 16:53:57,156 [pool-77-thread-1] INFO  server.RaftServerConfigKeys (ConfUtils.java:logGet(43)) - raft.server.log.appender.install.snapshot.enabled = false (custom)
2019-09-26 16:53:57,156 [pool-77-thread-1] INFO  impl.RaftServerImpl (ServerState.java:<init>(103)) - d17cca1b-2e6b-48b2-8b1c-3559490fa529@group-0D035646D911: ConfigurationManager, init=-1: [d17cca1b-2e6b-48b2-8b1c-3559490fa529:192.168.151.99:40714], old=null, confs=<EMPTY_MAP>
2019-09-26 16:53:57,157 [pool-77-thread-1] INFO  server.RaftServerConfigKeys (ConfUtils.java:logGet(43)) - raft.server.storage.dir = [/workdir/hadoop-ozone/integration-test/target/test-dir/MiniOzoneClusterImpl-fdc3d401-fab1-4968-a84f-12bf762e2bbf/datanode-5/data/ratis] (custom)
2019-09-26 16:53:57,157 [pool-77-thread-1] INFO  storage.RaftStorageDirectory (RaftStorageDirectory.java:analyzeStorage(246)) - The storage directory /workdir/hadoop-ozone/integration-test/target/test-dir/MiniOzoneClusterImpl-fdc3d401-fab1-4968-a84f-12bf762e2bbf/datanode-5/data/ratis/e5f6b160-1f3b-48f9-8b7d-0d035646d911 does not exist. Creating ...
2019-09-26 16:53:57,182 [pool-77-thread-1] INFO  storage.RaftStorageDirectory (RaftStorageDirectory.java:tryLock(328)) - Lock on /workdir/hadoop-ozone/integration-test/target/test-dir/MiniOzoneClusterImpl-fdc3d401-fab1-4968-a84f-12bf762e2bbf/datanode-5/data/ratis/e5f6b160-1f3b-48f9-8b7d-0d035646d911/in_use.lock acquired by nodename 15096@pr-hdds-1569-g6sp5-2013761785
2019-09-26 16:53:57,195 [deac9605-e739-4d95-8360-f57df793faca@group-9571291C2FBD-SegmentedRaftLogWorker] INFO  segmented.SegmentedRaftLogWorker (SegmentedRaftLogWorker.java:execute(569)) - deac9605-e739-4d95-8360-f57df793faca@group-9571291C2FBD-SegmentedRaftLogWorker: created new log segment /workdir/hadoop-ozone/integration-test/target/test-dir/MiniOzoneClusterImpl-fdc3d401-fab1-4968-a84f-12bf762e2bbf/datanode-0/data/ratis/87329fbe-c8c6-4f36-88c0-9571291c2fbd/current/log_inprogress_0
2019-09-26 16:53:57,195 [7fda706b-4e23-4e10-baba-12810c05fbbb@group-C3CECEEF5768-SegmentedRaftLogWorker] INFO  segmented.SegmentedRaftLogWorker (SegmentedRaftLogWorker.java:execute(569)) - 7fda706b-4e23-4e10-baba-12810c05fbbb@group-C3CECEEF5768-SegmentedRaftLogWorker: created new log segment /workdir/hadoop-ozone/integration-test/target/test-dir/MiniOzoneClusterImpl-fdc3d401-fab1-4968-a84f-12bf762e2bbf/datanode-1/data/ratis/b537459a-0184-4136-9814-c3ceceef5768/current/log_inprogress_0
2019-09-26 16:53:57,197 [pool-77-thread-1] INFO  storage.RaftStorage (RaftStorage.java:format(72)) - Storage directory /workdir/hadoop-ozone/integration-test/target/test-dir/MiniOzoneClusterImpl-fdc3d401-fab1-4968-a84f-12bf762e2bbf/datanode-5/data/ratis/e5f6b160-1f3b-48f9-8b7d-0d035646d911 has been successfully formatted.
2019-09-26 16:53:57,198 [pool-77-thread-1] INFO  ratis.ContainerStateMachine (ContainerStateMachine.java:loadSnapshot(230)) - group-0D035646D911: The snapshot info is null. Setting the last applied indexto:(t:0, i:~)
2019-09-26 16:53:57,198 [pool-77-thread-1] INFO  server.RaftServerConfigKeys (ConfUtils.java:logGet(43)) - raft.server.notification.no-leader.timeout = 120s (custom)
2019-09-26 16:53:57,198 [pool-77-thread-1] INFO  server.RaftServerConfigKeys (ConfUtils.java:logGet(43)) - raft.server.log.use.memory = false (default)
2019-09-26 16:53:57,198 [pool-77-thread-1] INFO  server.RaftServerConfigKeys (ConfUtils.java:logGet(43)) - raft.server.log.purge.gap = 1000000 (custom)
2019-09-26 16:53:57,198 [pool-77-thread-1] INFO  server.RaftServerConfigKeys (ConfUtils.java:logGet(43)) - raft.server.log.appender.buffer.byte-limit = 33554432 (custom)
2019-09-26 16:53:57,198 [pool-77-thread-1] INFO  server.RaftServerConfigKeys (ConfUtils.java:logGet(43)) - raft.server.log.segment.size.max = 1048576 (custom)
2019-09-26 16:53:57,198 [pool-77-thread-1] INFO  server.RaftServerConfigKeys (ConfUtils.java:logGet(43)) - raft.server.log.segment.cache.num.max = 2 (custom)
2019-09-26 16:53:57,198 [pool-77-thread-1] INFO  segmented.SegmentedRaftLogWorker (SegmentedRaftLogWorker.java:<init>(172)) - new d17cca1b-2e6b-48b2-8b1c-3559490fa529@group-0D035646D911-SegmentedRaftLogWorker for RaftStorage:Storage Directory /workdir/hadoop-ozone/integration-test/target/test-dir/MiniOzoneClusterImpl-fdc3d401-fab1-4968-a84f-12bf762e2bbf/datanode-5/data/ratis/e5f6b160-1f3b-48f9-8b7d-0d035646d911
2019-09-26 16:53:57,199 [pool-77-thread-1] INFO  server.RaftServerConfigKeys (ConfUtils.java:logGet(43)) - raft.server.log.queue.byte-limit = 2147483647 (custom)
2019-09-26 16:53:57,199 [pool-77-thread-1] INFO  server.RaftServerConfigKeys (ConfUtils.java:logGet(43)) - raft.server.log.queue.element-limit = 1024 (custom)
2019-09-26 16:53:57,199 [pool-77-thread-1] INFO  server.RaftServerConfigKeys (ConfUtils.java:logGet(43)) - raft.server.log.segment.size.max = 1048576 (custom)
2019-09-26 16:53:57,199 [pool-77-thread-1] INFO  server.RaftServerConfigKeys (ConfUtils.java:logGet(43)) - raft.server.log.preallocated.size = 16384 (custom)
2019-09-26 16:53:57,199 [pool-77-thread-1] INFO  server.RaftServerConfigKeys (ConfUtils.java:logGet(43)) - raft.server.log.write.buffer.size = 33554432 (custom)
2019-09-26 16:53:57,199 [pool-77-thread-1] INFO  server.RaftServerConfigKeys (ConfUtils.java:logGet(43)) - raft.server.log.force.sync.num = 128 (default)
2019-09-26 16:53:57,199 [pool-77-thread-1] INFO  server.RaftServerConfigKeys (ConfUtils.java:logGet(43)) - raft.server.log.statemachine.data.sync = true (default)
2019-09-26 16:53:57,199 [pool-77-thread-1] INFO  server.RaftServerConfigKeys (ConfUtils.java:logGet(43)) - raft.server.log.statemachine.data.sync.timeout = 10s (default)
2019-09-26 16:53:57,199 [pool-77-thread-1] INFO  server.RaftServerConfigKeys (ConfUtils.java:logGet(43)) - raft.server.log.statemachine.data.sync.timeout.retry = -1 (default)
2019-09-26 16:53:57,200 [pool-77-thread-1] INFO  server.RaftServerConfigKeys (ConfUtils.java:logGet(43)) - raft.server.log.statemachine.data.caching.enabled = true (custom)
2019-09-26 16:53:57,200 [pool-77-thread-1] INFO  segmented.SegmentedRaftLogWorker (SegmentedRaftLogWorker.java:lambda$new$0(132)) - d17cca1b-2e6b-48b2-8b1c-3559490fa529@group-0D035646D911-SegmentedRaftLogWorker: flushIndex: setUnconditionally 0 -> -1
2019-09-26 16:53:57,200 [pool-77-thread-1] INFO  server.RaftServerConfigKeys (ConfUtils.java:logGet(43)) - raft.server.snapshot.auto.trigger.enabled = true (custom)
2019-09-26 16:53:57,200 [pool-77-thread-1] INFO  server.RaftServerConfigKeys (ConfUtils.java:logGet(43)) - raft.server.snapshot.auto.trigger.threshold = 10000 (custom)
2019-09-26 16:53:57,200 [pool-77-thread-1] INFO  server.RaftServerConfigKeys (ConfUtils.java:logGet(43)) - raft.server.snapshot.retention.num.files = 5 (custom)
2019-09-26 16:53:57,201 [pool-77-thread-1] INFO  server.RaftServerConfigKeys (ConfUtils.java:logGet(43)) - raft.server.retrycache.expirytime = 600000ms (custom)
2019-09-26 16:53:57,202 [pool-77-thread-1] INFO  impl.RaftServerImpl (RaftServerImpl.java:start(185)) - d17cca1b-2e6b-48b2-8b1c-3559490fa529@group-0D035646D911: start as a follower, conf=-1: [d17cca1b-2e6b-48b2-8b1c-3559490fa529:192.168.151.99:40714], old=null
2019-09-26 16:53:57,202 [pool-77-thread-1] INFO  impl.RaftServerImpl (RaftServerImpl.java:setRole(174)) - d17cca1b-2e6b-48b2-8b1c-3559490fa529@group-0D035646D911: changes role from      null to FOLLOWER at term 0 for startAsFollower
2019-09-26 16:53:57,202 [pool-77-thread-1] INFO  impl.RoleInfo (RoleInfo.java:updateAndGet(143)) - d17cca1b-2e6b-48b2-8b1c-3559490fa529: start FollowerState
2019-09-26 16:53:57,203 [pool-77-thread-1] INFO  util.JmxRegister (JmxRegister.java:tryRegister(44)) - Successfully registered JMX Bean with object name Ratis:service=RaftServer,group=group-0D035646D911,id=d17cca1b-2e6b-48b2-8b1c-3559490fa529
2019-09-26 16:53:57,206 [RatisPipelineUtilsThread] INFO  pipeline.PipelineStateManager (PipelineStateManager.java:addPipeline(56)) - Created pipeline Pipeline[ Id: e5f6b160-1f3b-48f9-8b7d-0d035646d911, Nodes: d17cca1b-2e6b-48b2-8b1c-3559490fa529{ip: 192.168.151.99, host: pr-hdds-1569-g6sp5-2013761785, networkLocation: /default-rack, certSerialId: null}, Type:RATIS, Factor:ONE, State:OPEN]
2019-09-26 16:53:57,212 [grpc-default-executor-1] INFO  impl.RaftServerProxy (RaftServerProxy.java:addNew(89)) - 4a469c34-60df-4173-8d32-715e2ce97f5d: addNew group-7AF6AB2F6015:[4a469c34-60df-4173-8d32-715e2ce97f5d:192.168.151.99:42442] returns group-7AF6AB2F6015:java.util.concurrent.CompletableFuture@53e5ed74[Not completed]
2019-09-26 16:53:57,214 [pool-87-thread-1] INFO  impl.RaftServerImpl (RaftServerImpl.java:<init>(95)) - 4a469c34-60df-4173-8d32-715e2ce97f5d: new RaftServerImpl for group-7AF6AB2F6015:[4a469c34-60df-4173-8d32-715e2ce97f5d:192.168.151.99:42442] with ContainerStateMachine:uninitialized
2019-09-26 16:53:57,214 [pool-87-thread-1] INFO  server.RaftServerConfigKeys (ConfUtils.java:logGet(43)) - raft.server.rpc.timeout.min = 5s (custom)
2019-09-26 16:53:57,214 [pool-87-thread-1] INFO  server.RaftServerConfigKeys (ConfUtils.java:logGet(43)) - raft.server.rpc.timeout.max = 5200ms (custom)
2019-09-26 16:53:57,214 [pool-87-thread-1] INFO  server.RaftServerConfigKeys (ConfUtils.java:logGet(43)) - raft.server.rpcslowness.timeout = 120s (custom)
2019-09-26 16:53:57,214 [pool-87-thread-1] INFO  server.RaftServerConfigKeys (ConfUtils.java:logGet(43)) - raft.server.sleep.deviation.threshold = 300 (default)
2019-09-26 16:53:57,215 [pool-87-thread-1] INFO  server.RaftServerConfigKeys (ConfUtils.java:logGet(43)) - raft.server.log.appender.install.snapshot.enabled = false (custom)
2019-09-26 16:53:57,215 [pool-87-thread-1] INFO  impl.RaftServerImpl (ServerState.java:<init>(103)) - 4a469c34-60df-4173-8d32-715e2ce97f5d@group-7AF6AB2F6015: ConfigurationManager, init=-1: [4a469c34-60df-4173-8d32-715e2ce97f5d:192.168.151.99:42442], old=null, confs=<EMPTY_MAP>
2019-09-26 16:53:57,215 [pool-87-thread-1] INFO  server.RaftServerConfigKeys (ConfUtils.java:logGet(43)) - raft.server.storage.dir = [/workdir/hadoop-ozone/integration-test/target/test-dir/MiniOzoneClusterImpl-fdc3d401-fab1-4968-a84f-12bf762e2bbf/datanode-6/data/ratis] (custom)
2019-09-26 16:53:57,215 [pool-87-thread-1] INFO  storage.RaftStorageDirectory (RaftStorageDirectory.java:analyzeStorage(246)) - The storage directory /workdir/hadoop-ozone/integration-test/target/test-dir/MiniOzoneClusterImpl-fdc3d401-fab1-4968-a84f-12bf762e2bbf/datanode-6/data/ratis/81d140af-1771-4315-8b15-7af6ab2f6015 does not exist. Creating ...
2019-09-26 16:53:57,228 [pool-87-thread-1] INFO  storage.RaftStorageDirectory (RaftStorageDirectory.java:tryLock(328)) - Lock on /workdir/hadoop-ozone/integration-test/target/test-dir/MiniOzoneClusterImpl-fdc3d401-fab1-4968-a84f-12bf762e2bbf/datanode-6/data/ratis/81d140af-1771-4315-8b15-7af6ab2f6015/in_use.lock acquired by nodename 15096@pr-hdds-1569-g6sp5-2013761785
2019-09-26 16:53:57,240 [pool-87-thread-1] INFO  storage.RaftStorage (RaftStorage.java:format(72)) - Storage directory /workdir/hadoop-ozone/integration-test/target/test-dir/MiniOzoneClusterImpl-fdc3d401-fab1-4968-a84f-12bf762e2bbf/datanode-6/data/ratis/81d140af-1771-4315-8b15-7af6ab2f6015 has been successfully formatted.
2019-09-26 16:53:57,241 [pool-87-thread-1] INFO  ratis.ContainerStateMachine (ContainerStateMachine.java:loadSnapshot(230)) - group-7AF6AB2F6015: The snapshot info is null. Setting the last applied indexto:(t:0, i:~)
2019-09-26 16:53:57,241 [pool-87-thread-1] INFO  server.RaftServerConfigKeys (ConfUtils.java:logGet(43)) - raft.server.notification.no-leader.timeout = 120s (custom)
2019-09-26 16:53:57,241 [pool-87-thread-1] INFO  server.RaftServerConfigKeys (ConfUtils.java:logGet(43)) - raft.server.log.use.memory = false (default)
2019-09-26 16:53:57,241 [pool-87-thread-1] INFO  server.RaftServerConfigKeys (ConfUtils.java:logGet(43)) - raft.server.log.purge.gap = 1000000 (custom)
2019-09-26 16:53:57,241 [pool-87-thread-1] INFO  server.RaftServerConfigKeys (ConfUtils.java:logGet(43)) - raft.server.log.appender.buffer.byte-limit = 33554432 (custom)
2019-09-26 16:53:57,242 [pool-87-thread-1] INFO  server.RaftServerConfigKeys (ConfUtils.java:logGet(43)) - raft.server.log.segment.size.max = 1048576 (custom)
2019-09-26 16:53:57,242 [pool-87-thread-1] INFO  server.RaftServerConfigKeys (ConfUtils.java:logGet(43)) - raft.server.log.segment.cache.num.max = 2 (custom)
2019-09-26 16:53:57,242 [pool-87-thread-1] INFO  segmented.SegmentedRaftLogWorker (SegmentedRaftLogWorker.java:<init>(172)) - new 4a469c34-60df-4173-8d32-715e2ce97f5d@group-7AF6AB2F6015-SegmentedRaftLogWorker for RaftStorage:Storage Directory /workdir/hadoop-ozone/integration-test/target/test-dir/MiniOzoneClusterImpl-fdc3d401-fab1-4968-a84f-12bf762e2bbf/datanode-6/data/ratis/81d140af-1771-4315-8b15-7af6ab2f6015
2019-09-26 16:53:57,242 [pool-87-thread-1] INFO  server.RaftServerConfigKeys (ConfUtils.java:logGet(43)) - raft.server.log.queue.byte-limit = 2147483647 (custom)
2019-09-26 16:53:57,242 [pool-87-thread-1] INFO  server.RaftServerConfigKeys (ConfUtils.java:logGet(43)) - raft.server.log.queue.element-limit = 1024 (custom)
2019-09-26 16:53:57,242 [pool-87-thread-1] INFO  server.RaftServerConfigKeys (ConfUtils.java:logGet(43)) - raft.server.log.segment.size.max = 1048576 (custom)
2019-09-26 16:53:57,243 [pool-87-thread-1] INFO  server.RaftServerConfigKeys (ConfUtils.java:logGet(43)) - raft.server.log.preallocated.size = 16384 (custom)
2019-09-26 16:53:57,243 [pool-87-thread-1] INFO  server.RaftServerConfigKeys (ConfUtils.java:logGet(43)) - raft.server.log.write.buffer.size = 33554432 (custom)
2019-09-26 16:53:57,243 [pool-87-thread-1] INFO  server.RaftServerConfigKeys (ConfUtils.java:logGet(43)) - raft.server.log.force.sync.num = 128 (default)
2019-09-26 16:53:57,243 [pool-87-thread-1] INFO  server.RaftServerConfigKeys (ConfUtils.java:logGet(43)) - raft.server.log.statemachine.data.sync = true (default)
2019-09-26 16:53:57,243 [pool-87-thread-1] INFO  server.RaftServerConfigKeys (ConfUtils.java:logGet(43)) - raft.server.log.statemachine.data.sync.timeout = 10s (default)
2019-09-26 16:53:57,243 [pool-87-thread-1] INFO  server.RaftServerConfigKeys (ConfUtils.java:logGet(43)) - raft.server.log.statemachine.data.sync.timeout.retry = -1 (default)
2019-09-26 16:53:57,244 [pool-87-thread-1] INFO  server.RaftServerConfigKeys (ConfUtils.java:logGet(43)) - raft.server.log.statemachine.data.caching.enabled = true (custom)
2019-09-26 16:53:57,244 [pool-87-thread-1] INFO  segmented.SegmentedRaftLogWorker (SegmentedRaftLogWorker.java:lambda$new$0(132)) - 4a469c34-60df-4173-8d32-715e2ce97f5d@group-7AF6AB2F6015-SegmentedRaftLogWorker: flushIndex: setUnconditionally 0 -> -1
2019-09-26 16:53:57,244 [pool-87-thread-1] INFO  server.RaftServerConfigKeys (ConfUtils.java:logGet(43)) - raft.server.snapshot.auto.trigger.enabled = true (custom)
2019-09-26 16:53:57,244 [pool-87-thread-1] INFO  server.RaftServerConfigKeys (ConfUtils.java:logGet(43)) - raft.server.snapshot.auto.trigger.threshold = 10000 (custom)
2019-09-26 16:53:57,245 [pool-87-thread-1] INFO  server.RaftServerConfigKeys (ConfUtils.java:logGet(43)) - raft.server.snapshot.retention.num.files = 5 (custom)
2019-09-26 16:53:57,245 [pool-87-thread-1] INFO  server.RaftServerConfigKeys (ConfUtils.java:logGet(43)) - raft.server.retrycache.expirytime = 600000ms (custom)
2019-09-26 16:53:57,247 [pool-87-thread-1] INFO  impl.RaftServerImpl (RaftServerImpl.java:start(185)) - 4a469c34-60df-4173-8d32-715e2ce97f5d@group-7AF6AB2F6015: start as a follower, conf=-1: [4a469c34-60df-4173-8d32-715e2ce97f5d:192.168.151.99:42442], old=null
2019-09-26 16:53:57,247 [pool-87-thread-1] INFO  impl.RaftServerImpl (RaftServerImpl.java:setRole(174)) - 4a469c34-60df-4173-8d32-715e2ce97f5d@group-7AF6AB2F6015: changes role from      null to FOLLOWER at term 0 for startAsFollower
2019-09-26 16:53:57,247 [pool-87-thread-1] INFO  impl.RoleInfo (RoleInfo.java:updateAndGet(143)) - 4a469c34-60df-4173-8d32-715e2ce97f5d: start FollowerState
2019-09-26 16:53:57,248 [pool-87-thread-1] INFO  util.JmxRegister (JmxRegister.java:tryRegister(44)) - Successfully registered JMX Bean with object name Ratis:service=RaftServer,group=group-7AF6AB2F6015,id=4a469c34-60df-4173-8d32-715e2ce97f5d
2019-09-26 16:53:57,250 [RatisPipelineUtilsThread] INFO  pipeline.PipelineStateManager (PipelineStateManager.java:addPipeline(56)) - Created pipeline Pipeline[ Id: 81d140af-1771-4315-8b15-7af6ab2f6015, Nodes: 4a469c34-60df-4173-8d32-715e2ce97f5d{ip: 192.168.151.99, host: pr-hdds-1569-g6sp5-2013761785, networkLocation: /default-rack, certSerialId: null}, Type:RATIS, Factor:ONE, State:OPEN]
2019-09-26 16:53:57,255 [grpc-default-executor-1] INFO  impl.RaftServerProxy (RaftServerProxy.java:addNew(89)) - d17cca1b-2e6b-48b2-8b1c-3559490fa529: addNew group-5C044592C986:[d17cca1b-2e6b-48b2-8b1c-3559490fa529:192.168.151.99:40714] returns group-5C044592C986:java.util.concurrent.CompletableFuture@803c9f5[Not completed]
2019-09-26 16:53:57,256 [pool-77-thread-1] INFO  impl.RaftServerImpl (RaftServerImpl.java:<init>(95)) - d17cca1b-2e6b-48b2-8b1c-3559490fa529: new RaftServerImpl for group-5C044592C986:[d17cca1b-2e6b-48b2-8b1c-3559490fa529:192.168.151.99:40714] with ContainerStateMachine:uninitialized
2019-09-26 16:53:57,256 [pool-77-thread-1] INFO  server.RaftServerConfigKeys (ConfUtils.java:logGet(43)) - raft.server.rpc.timeout.min = 5s (custom)
2019-09-26 16:53:57,257 [pool-77-thread-1] INFO  server.RaftServerConfigKeys (ConfUtils.java:logGet(43)) - raft.server.rpc.timeout.max = 5200ms (custom)
2019-09-26 16:53:57,257 [pool-77-thread-1] INFO  server.RaftServerConfigKeys (ConfUtils.java:logGet(43)) - raft.server.rpcslowness.timeout = 120s (custom)
2019-09-26 16:53:57,257 [pool-77-thread-1] INFO  server.RaftServerConfigKeys (ConfUtils.java:logGet(43)) - raft.server.sleep.deviation.threshold = 300 (default)
2019-09-26 16:53:57,257 [Thread-400] INFO  impl.FollowerState (FollowerState.java:run(106)) - deac9605-e739-4d95-8360-f57df793faca:group-72430D919955 changes to CANDIDATE, lastRpcTime:5035, electionTimeout:5035ms
2019-09-26 16:53:57,257 [pool-77-thread-1] INFO  server.RaftServerConfigKeys (ConfUtils.java:logGet(43)) - raft.server.log.appender.install.snapshot.enabled = false (custom)
2019-09-26 16:53:57,257 [Thread-400] INFO  impl.RoleInfo (RoleInfo.java:shutdownFollowerState(121)) - deac9605-e739-4d95-8360-f57df793faca: shutdown FollowerState
2019-09-26 16:53:57,257 [pool-77-thread-1] INFO  impl.RaftServerImpl (ServerState.java:<init>(103)) - d17cca1b-2e6b-48b2-8b1c-3559490fa529@group-5C044592C986: ConfigurationManager, init=-1: [d17cca1b-2e6b-48b2-8b1c-3559490fa529:192.168.151.99:40714], old=null, confs=<EMPTY_MAP>
2019-09-26 16:53:57,258 [Thread-400] INFO  impl.RaftServerImpl (RaftServerImpl.java:setRole(174)) - deac9605-e739-4d95-8360-f57df793faca@group-72430D919955: changes role from  FOLLOWER to CANDIDATE at term 0 for changeToCandidate
2019-09-26 16:53:57,258 [pool-77-thread-1] INFO  server.RaftServerConfigKeys (ConfUtils.java:logGet(43)) - raft.server.storage.dir = [/workdir/hadoop-ozone/integration-test/target/test-dir/MiniOzoneClusterImpl-fdc3d401-fab1-4968-a84f-12bf762e2bbf/datanode-5/data/ratis] (custom)
2019-09-26 16:53:57,258 [Thread-400] INFO  impl.RoleInfo (RoleInfo.java:updateAndGet(143)) - deac9605-e739-4d95-8360-f57df793faca: start LeaderElection
2019-09-26 16:53:57,258 [pool-77-thread-1] INFO  storage.RaftStorageDirectory (RaftStorageDirectory.java:analyzeStorage(246)) - The storage directory /workdir/hadoop-ozone/integration-test/target/test-dir/MiniOzoneClusterImpl-fdc3d401-fab1-4968-a84f-12bf762e2bbf/datanode-5/data/ratis/82752064-f0d5-420e-8378-5c044592c986 does not exist. Creating ...
2019-09-26 16:53:57,283 [pool-77-thread-1] INFO  storage.RaftStorageDirectory (RaftStorageDirectory.java:tryLock(328)) - Lock on /workdir/hadoop-ozone/integration-test/target/test-dir/MiniOzoneClusterImpl-fdc3d401-fab1-4968-a84f-12bf762e2bbf/datanode-5/data/ratis/82752064-f0d5-420e-8378-5c044592c986/in_use.lock acquired by nodename 15096@pr-hdds-1569-g6sp5-2013761785
2019-09-26 16:53:57,283 [deac9605-e739-4d95-8360-f57df793faca@group-72430D919955:LeaderElection51] INFO  impl.LeaderElection (LeaderElection.java:askForVotes(182)) - deac9605-e739-4d95-8360-f57df793faca@group-72430D919955:LeaderElection51: begin an election at term 1 for -1: [deac9605-e739-4d95-8360-f57df793faca:192.168.151.99:46601], old=null
2019-09-26 16:53:57,283 [deac9605-e739-4d95-8360-f57df793faca@group-72430D919955:LeaderElection51] INFO  impl.RoleInfo (RoleInfo.java:shutdownLeaderElection(134)) - deac9605-e739-4d95-8360-f57df793faca: shutdown LeaderElection
2019-09-26 16:53:57,284 [deac9605-e739-4d95-8360-f57df793faca@group-72430D919955:LeaderElection51] INFO  impl.RaftServerImpl (RaftServerImpl.java:setRole(174)) - deac9605-e739-4d95-8360-f57df793faca@group-72430D919955: changes role from CANDIDATE to LEADER at term 1 for changeToLeader
2019-09-26 16:53:57,284 [deac9605-e739-4d95-8360-f57df793faca@group-72430D919955:LeaderElection51] INFO  impl.RaftServerImpl (ServerState.java:setLeader(253)) - deac9605-e739-4d95-8360-f57df793faca@group-72430D919955: change Leader from null to deac9605-e739-4d95-8360-f57df793faca at term 1 for becomeLeader, leader elected after 5069ms
2019-09-26 16:53:57,284 [deac9605-e739-4d95-8360-f57df793faca@group-72430D919955:LeaderElection51] INFO  server.RaftServerConfigKeys (ConfUtils.java:logGet(43)) - raft.server.staging.catchup.gap = 1000 (default)
2019-09-26 16:53:57,284 [deac9605-e739-4d95-8360-f57df793faca@group-72430D919955:LeaderElection51] INFO  server.RaftServerConfigKeys (ConfUtils.java:logGet(43)) - raft.server.rpc.sleep.time = 25ms (default)
2019-09-26 16:53:57,284 [deac9605-e739-4d95-8360-f57df793faca@group-72430D919955:LeaderElection51] INFO  server.RaftServerConfigKeys (ConfUtils.java:logGet(43)) - raft.server.write.element-limit = 4096 (default)
2019-09-26 16:53:57,284 [deac9605-e739-4d95-8360-f57df793faca@group-72430D919955:LeaderElection51] INFO  server.RaftServerConfigKeys (ConfUtils.java:logGet(43)) - raft.server.watch.timeout = 10s (default)
2019-09-26 16:53:57,285 [deac9605-e739-4d95-8360-f57df793faca@group-72430D919955:LeaderElection51] INFO  server.RaftServerConfigKeys (ConfUtils.java:logGet(43)) - raft.server.watch.timeout.denomination = 1s (default)
2019-09-26 16:53:57,285 [deac9605-e739-4d95-8360-f57df793faca@group-72430D919955:LeaderElection51] INFO  server.RaftServerConfigKeys (ConfUtils.java:logGet(43)) - raft.server.watch.element-limit = 65536 (default)
2019-09-26 16:53:57,287 [deac9605-e739-4d95-8360-f57df793faca@group-72430D919955:LeaderElection51] INFO  impl.RoleInfo (RoleInfo.java:updateAndGet(143)) - deac9605-e739-4d95-8360-f57df793faca: start LeaderState
2019-09-26 16:53:57,287 [deac9605-e739-4d95-8360-f57df793faca@group-72430D919955:LeaderElection51] INFO  segmented.SegmentedRaftLogWorker (SegmentedRaftLogWorker.java:startLogSegment(380)) - deac9605-e739-4d95-8360-f57df793faca@group-72430D919955-SegmentedRaftLogWorker: Starting segment from index:0
2019-09-26 16:53:57,288 [deac9605-e739-4d95-8360-f57df793faca@group-72430D919955:LeaderElection51] INFO  impl.RaftServerImpl (ServerState.java:setRaftConf(354)) - deac9605-e739-4d95-8360-f57df793faca@group-72430D919955: set configuration 0: [deac9605-e739-4d95-8360-f57df793faca:192.168.151.99:46601], old=null at 0
2019-09-26 16:53:57,296 [Thread-394] INFO  impl.FollowerState (FollowerState.java:run(106)) - 579334d3-7c10-42f4-b10c-e6c2267ece25:group-6BF053005B9C changes to CANDIDATE, lastRpcTime:5189, electionTimeout:5189ms
2019-09-26 16:53:57,296 [Thread-394] INFO  impl.RoleInfo (RoleInfo.java:shutdownFollowerState(121)) - 579334d3-7c10-42f4-b10c-e6c2267ece25: shutdown FollowerState
2019-09-26 16:53:57,296 [Thread-394] INFO  impl.RaftServerImpl (RaftServerImpl.java:setRole(174)) - 579334d3-7c10-42f4-b10c-e6c2267ece25@group-6BF053005B9C: changes role from  FOLLOWER to CANDIDATE at term 0 for changeToCandidate
2019-09-26 16:53:57,296 [pool-77-thread-1] INFO  storage.RaftStorage (RaftStorage.java:format(72)) - Storage directory /workdir/hadoop-ozone/integration-test/target/test-dir/MiniOzoneClusterImpl-fdc3d401-fab1-4968-a84f-12bf762e2bbf/datanode-5/data/ratis/82752064-f0d5-420e-8378-5c044592c986 has been successfully formatted.
2019-09-26 16:53:57,296 [Thread-394] INFO  impl.RoleInfo (RoleInfo.java:updateAndGet(143)) - 579334d3-7c10-42f4-b10c-e6c2267ece25: start LeaderElection
2019-09-26 16:53:57,297 [pool-77-thread-1] INFO  ratis.ContainerStateMachine (ContainerStateMachine.java:loadSnapshot(230)) - group-5C044592C986: The snapshot info is null. Setting the last applied indexto:(t:0, i:~)
2019-09-26 16:53:57,297 [pool-77-thread-1] INFO  server.RaftServerConfigKeys (ConfUtils.java:logGet(43)) - raft.server.notification.no-leader.timeout = 120s (custom)
2019-09-26 16:53:57,297 [pool-77-thread-1] INFO  server.RaftServerConfigKeys (ConfUtils.java:logGet(43)) - raft.server.log.use.memory = false (default)
2019-09-26 16:53:57,297 [pool-77-thread-1] INFO  server.RaftServerConfigKeys (ConfUtils.java:logGet(43)) - raft.server.log.purge.gap = 1000000 (custom)
2019-09-26 16:53:57,298 [pool-77-thread-1] INFO  server.RaftServerConfigKeys (ConfUtils.java:logGet(43)) - raft.server.log.appender.buffer.byte-limit = 33554432 (custom)
2019-09-26 16:53:57,298 [pool-77-thread-1] INFO  server.RaftServerConfigKeys (ConfUtils.java:logGet(43)) - raft.server.log.segment.size.max = 1048576 (custom)
2019-09-26 16:53:57,298 [pool-77-thread-1] INFO  server.RaftServerConfigKeys (ConfUtils.java:logGet(43)) - raft.server.log.segment.cache.num.max = 2 (custom)
2019-09-26 16:53:57,298 [pool-77-thread-1] INFO  segmented.SegmentedRaftLogWorker (SegmentedRaftLogWorker.java:<init>(172)) - new d17cca1b-2e6b-48b2-8b1c-3559490fa529@group-5C044592C986-SegmentedRaftLogWorker for RaftStorage:Storage Directory /workdir/hadoop-ozone/integration-test/target/test-dir/MiniOzoneClusterImpl-fdc3d401-fab1-4968-a84f-12bf762e2bbf/datanode-5/data/ratis/82752064-f0d5-420e-8378-5c044592c986
2019-09-26 16:53:57,298 [pool-77-thread-1] INFO  server.RaftServerConfigKeys (ConfUtils.java:logGet(43)) - raft.server.log.queue.byte-limit = 2147483647 (custom)
2019-09-26 16:53:57,298 [pool-77-thread-1] INFO  server.RaftServerConfigKeys (ConfUtils.java:logGet(43)) - raft.server.log.queue.element-limit = 1024 (custom)
2019-09-26 16:53:57,299 [pool-77-thread-1] INFO  server.RaftServerConfigKeys (ConfUtils.java:logGet(43)) - raft.server.log.segment.size.max = 1048576 (custom)
2019-09-26 16:53:57,299 [pool-77-thread-1] INFO  server.RaftServerConfigKeys (ConfUtils.java:logGet(43)) - raft.server.log.preallocated.size = 16384 (custom)
2019-09-26 16:53:57,299 [pool-77-thread-1] INFO  server.RaftServerConfigKeys (ConfUtils.java:logGet(43)) - raft.server.log.write.buffer.size = 33554432 (custom)
2019-09-26 16:53:57,299 [pool-77-thread-1] INFO  server.RaftServerConfigKeys (ConfUtils.java:logGet(43)) - raft.server.log.force.sync.num = 128 (default)
2019-09-26 16:53:57,299 [pool-77-thread-1] INFO  server.RaftServerConfigKeys (ConfUtils.java:logGet(43)) - raft.server.log.statemachine.data.sync = true (default)
2019-09-26 16:53:57,300 [pool-77-thread-1] INFO  server.RaftServerConfigKeys (ConfUtils.java:logGet(43)) - raft.server.log.statemachine.data.sync.timeout = 10s (default)
2019-09-26 16:53:57,300 [pool-77-thread-1] INFO  server.RaftServerConfigKeys (ConfUtils.java:logGet(43)) - raft.server.log.statemachine.data.sync.timeout.retry = -1 (default)
2019-09-26 16:53:57,300 [pool-77-thread-1] INFO  server.RaftServerConfigKeys (ConfUtils.java:logGet(43)) - raft.server.log.statemachine.data.caching.enabled = true (custom)
2019-09-26 16:53:57,300 [pool-77-thread-1] INFO  segmented.SegmentedRaftLogWorker (SegmentedRaftLogWorker.java:lambda$new$0(132)) - d17cca1b-2e6b-48b2-8b1c-3559490fa529@group-5C044592C986-SegmentedRaftLogWorker: flushIndex: setUnconditionally 0 -> -1
2019-09-26 16:53:57,301 [pool-77-thread-1] INFO  server.RaftServerConfigKeys (ConfUtils.java:logGet(43)) - raft.server.snapshot.auto.trigger.enabled = true (custom)
2019-09-26 16:53:57,301 [pool-77-thread-1] INFO  server.RaftServerConfigKeys (ConfUtils.java:logGet(43)) - raft.server.snapshot.auto.trigger.threshold = 10000 (custom)
2019-09-26 16:53:57,301 [pool-77-thread-1] INFO  server.RaftServerConfigKeys (ConfUtils.java:logGet(43)) - raft.server.snapshot.retention.num.files = 5 (custom)
2019-09-26 16:53:57,301 [pool-77-thread-1] INFO  server.RaftServerConfigKeys (ConfUtils.java:logGet(43)) - raft.server.retrycache.expirytime = 600000ms (custom)
2019-09-26 16:53:57,303 [Thread-397] INFO  impl.FollowerState (FollowerState.java:run(106)) - 7fda706b-4e23-4e10-baba-12810c05fbbb:group-3BF79415CCB3 changes to CANDIDATE, lastRpcTime:5129, electionTimeout:5129ms
2019-09-26 16:53:57,303 [pool-77-thread-1] INFO  impl.RaftServerImpl (RaftServerImpl.java:start(185)) - d17cca1b-2e6b-48b2-8b1c-3559490fa529@group-5C044592C986: start as a follower, conf=-1: [d17cca1b-2e6b-48b2-8b1c-3559490fa529:192.168.151.99:40714], old=null
2019-09-26 16:53:57,304 [Thread-397] INFO  impl.RoleInfo (RoleInfo.java:shutdownFollowerState(121)) - 7fda706b-4e23-4e10-baba-12810c05fbbb: shutdown FollowerState
2019-09-26 16:53:57,304 [pool-77-thread-1] INFO  impl.RaftServerImpl (RaftServerImpl.java:setRole(174)) - d17cca1b-2e6b-48b2-8b1c-3559490fa529@group-5C044592C986: changes role from      null to FOLLOWER at term 0 for startAsFollower
2019-09-26 16:53:57,304 [Thread-397] INFO  impl.RaftServerImpl (RaftServerImpl.java:setRole(174)) - 7fda706b-4e23-4e10-baba-12810c05fbbb@group-3BF79415CCB3: changes role from  FOLLOWER to CANDIDATE at term 0 for changeToCandidate
2019-09-26 16:53:57,304 [pool-77-thread-1] INFO  impl.RoleInfo (RoleInfo.java:updateAndGet(143)) - d17cca1b-2e6b-48b2-8b1c-3559490fa529: start FollowerState
2019-09-26 16:53:57,304 [Thread-397] INFO  impl.RoleInfo (RoleInfo.java:updateAndGet(143)) - 7fda706b-4e23-4e10-baba-12810c05fbbb: start LeaderElection
2019-09-26 16:53:57,305 [pool-77-thread-1] INFO  util.JmxRegister (JmxRegister.java:tryRegister(44)) - Successfully registered JMX Bean with object name Ratis:service=RaftServer,group=group-5C044592C986,id=d17cca1b-2e6b-48b2-8b1c-3559490fa529
2019-09-26 16:53:57,308 [RatisPipelineUtilsThread] INFO  pipeline.PipelineStateManager (PipelineStateManager.java:addPipeline(56)) - Created pipeline Pipeline[ Id: 82752064-f0d5-420e-8378-5c044592c986, Nodes: d17cca1b-2e6b-48b2-8b1c-3559490fa529{ip: 192.168.151.99, host: pr-hdds-1569-g6sp5-2013761785, networkLocation: /default-rack, certSerialId: null}, Type:RATIS, Factor:ONE, State:OPEN]
2019-09-26 16:53:57,313 [579334d3-7c10-42f4-b10c-e6c2267ece25@group-6BF053005B9C:LeaderElection52] INFO  impl.LeaderElection (LeaderElection.java:askForVotes(182)) - 579334d3-7c10-42f4-b10c-e6c2267ece25@group-6BF053005B9C:LeaderElection52: begin an election at term 1 for -1: [579334d3-7c10-42f4-b10c-e6c2267ece25:192.168.151.99:34131], old=null
2019-09-26 16:53:57,313 [7fda706b-4e23-4e10-baba-12810c05fbbb@group-3BF79415CCB3:LeaderElection53] INFO  impl.LeaderElection (LeaderElection.java:askForVotes(182)) - 7fda706b-4e23-4e10-baba-12810c05fbbb@group-3BF79415CCB3:LeaderElection53: begin an election at term 1 for -1: [7fda706b-4e23-4e10-baba-12810c05fbbb:192.168.151.99:32897], old=null
2019-09-26 16:53:57,313 [579334d3-7c10-42f4-b10c-e6c2267ece25@group-6BF053005B9C:LeaderElection52] INFO  impl.RoleInfo (RoleInfo.java:shutdownLeaderElection(134)) - 579334d3-7c10-42f4-b10c-e6c2267ece25: shutdown LeaderElection
2019-09-26 16:53:57,313 [7fda706b-4e23-4e10-baba-12810c05fbbb@group-3BF79415CCB3:LeaderElection53] INFO  impl.RoleInfo (RoleInfo.java:shutdownLeaderElection(134)) - 7fda706b-4e23-4e10-baba-12810c05fbbb: shutdown LeaderElection
2019-09-26 16:53:57,313 [579334d3-7c10-42f4-b10c-e6c2267ece25@group-6BF053005B9C:LeaderElection52] INFO  impl.RaftServerImpl (RaftServerImpl.java:setRole(174)) - 579334d3-7c10-42f4-b10c-e6c2267ece25@group-6BF053005B9C: changes role from CANDIDATE to LEADER at term 1 for changeToLeader
2019-09-26 16:53:57,313 [7fda706b-4e23-4e10-baba-12810c05fbbb@group-3BF79415CCB3:LeaderElection53] INFO  impl.RaftServerImpl (RaftServerImpl.java:setRole(174)) - 7fda706b-4e23-4e10-baba-12810c05fbbb@group-3BF79415CCB3: changes role from CANDIDATE to LEADER at term 1 for changeToLeader
2019-09-26 16:53:57,313 [579334d3-7c10-42f4-b10c-e6c2267ece25@group-6BF053005B9C:LeaderElection52] INFO  impl.RaftServerImpl (ServerState.java:setLeader(253)) - 579334d3-7c10-42f4-b10c-e6c2267ece25@group-6BF053005B9C: change Leader from null to 579334d3-7c10-42f4-b10c-e6c2267ece25 at term 1 for becomeLeader, leader elected after 5214ms
2019-09-26 16:53:57,314 [7fda706b-4e23-4e10-baba-12810c05fbbb@group-3BF79415CCB3:LeaderElection53] INFO  impl.RaftServerImpl (ServerState.java:setLeader(253)) - 7fda706b-4e23-4e10-baba-12810c05fbbb@group-3BF79415CCB3: change Leader from null to 7fda706b-4e23-4e10-baba-12810c05fbbb at term 1 for becomeLeader, leader elected after 5147ms
2019-09-26 16:53:57,314 [579334d3-7c10-42f4-b10c-e6c2267ece25@group-6BF053005B9C:LeaderElection52] INFO  server.RaftServerConfigKeys (ConfUtils.java:logGet(43)) - raft.server.staging.catchup.gap = 1000 (default)
2019-09-26 16:53:57,314 [7fda706b-4e23-4e10-baba-12810c05fbbb@group-3BF79415CCB3:LeaderElection53] INFO  server.RaftServerConfigKeys (ConfUtils.java:logGet(43)) - raft.server.staging.catchup.gap = 1000 (default)
2019-09-26 16:53:57,314 [579334d3-7c10-42f4-b10c-e6c2267ece25@group-6BF053005B9C:LeaderElection52] INFO  server.RaftServerConfigKeys (ConfUtils.java:logGet(43)) - raft.server.rpc.sleep.time = 25ms (default)
2019-09-26 16:53:57,314 [7fda706b-4e23-4e10-baba-12810c05fbbb@group-3BF79415CCB3:LeaderElection53] INFO  server.RaftServerConfigKeys (ConfUtils.java:logGet(43)) - raft.server.rpc.sleep.time = 25ms (default)
2019-09-26 16:53:57,314 [grpc-default-executor-1] INFO  impl.RaftServerProxy (RaftServerProxy.java:addNew(89)) - 862ec94c-cd2d-47b3-b563-7d6c2816cb58: addNew group-B11DDC6028F8:[862ec94c-cd2d-47b3-b563-7d6c2816cb58:192.168.151.99:36916] returns group-B11DDC6028F8:java.util.concurrent.CompletableFuture@4078dd[Not completed]
2019-09-26 16:53:57,314 [7fda706b-4e23-4e10-baba-12810c05fbbb@group-3BF79415CCB3:LeaderElection53] INFO  server.RaftServerConfigKeys (ConfUtils.java:logGet(43)) - raft.server.write.element-limit = 4096 (default)
2019-09-26 16:53:57,314 [579334d3-7c10-42f4-b10c-e6c2267ece25@group-6BF053005B9C:LeaderElection52] INFO  server.RaftServerConfigKeys (ConfUtils.java:logGet(43)) - raft.server.write.element-limit = 4096 (default)
2019-09-26 16:53:57,315 [7fda706b-4e23-4e10-baba-12810c05fbbb@group-3BF79415CCB3:LeaderElection53] INFO  server.RaftServerConfigKeys (ConfUtils.java:logGet(43)) - raft.server.watch.timeout = 10s (default)
2019-09-26 16:53:57,315 [579334d3-7c10-42f4-b10c-e6c2267ece25@group-6BF053005B9C:LeaderElection52] INFO  server.RaftServerConfigKeys (ConfUtils.java:logGet(43)) - raft.server.watch.timeout = 10s (default)
2019-09-26 16:53:57,315 [7fda706b-4e23-4e10-baba-12810c05fbbb@group-3BF79415CCB3:LeaderElection53] INFO  server.RaftServerConfigKeys (ConfUtils.java:logGet(43)) - raft.server.watch.timeout.denomination = 1s (default)
2019-09-26 16:53:57,315 [579334d3-7c10-42f4-b10c-e6c2267ece25@group-6BF053005B9C:LeaderElection52] INFO  server.RaftServerConfigKeys (ConfUtils.java:logGet(43)) - raft.server.watch.timeout.denomination = 1s (default)
2019-09-26 16:53:57,316 [7fda706b-4e23-4e10-baba-12810c05fbbb@group-3BF79415CCB3:LeaderElection53] INFO  server.RaftServerConfigKeys (ConfUtils.java:logGet(43)) - raft.server.watch.element-limit = 65536 (default)
2019-09-26 16:53:57,316 [pool-67-thread-1] INFO  impl.RaftServerImpl (RaftServerImpl.java:<init>(95)) - 862ec94c-cd2d-47b3-b563-7d6c2816cb58: new RaftServerImpl for group-B11DDC6028F8:[862ec94c-cd2d-47b3-b563-7d6c2816cb58:192.168.151.99:36916] with ContainerStateMachine:uninitialized
2019-09-26 16:53:57,316 [579334d3-7c10-42f4-b10c-e6c2267ece25@group-6BF053005B9C:LeaderElection52] INFO  server.RaftServerConfigKeys (ConfUtils.java:logGet(43)) - raft.server.watch.element-limit = 65536 (default)
2019-09-26 16:53:57,316 [pool-67-thread-1] INFO  server.RaftServerConfigKeys (ConfUtils.java:logGet(43)) - raft.server.rpc.timeout.min = 5s (custom)
2019-09-26 16:53:57,316 [pool-67-thread-1] INFO  server.RaftServerConfigKeys (ConfUtils.java:logGet(43)) - raft.server.rpc.timeout.max = 5200ms (custom)
2019-09-26 16:53:57,316 [pool-67-thread-1] INFO  server.RaftServerConfigKeys (ConfUtils.java:logGet(43)) - raft.server.rpcslowness.timeout = 120s (custom)
2019-09-26 16:53:57,317 [pool-67-thread-1] INFO  server.RaftServerConfigKeys (ConfUtils.java:logGet(43)) - raft.server.sleep.deviation.threshold = 300 (default)
2019-09-26 16:53:57,317 [pool-67-thread-1] INFO  server.RaftServerConfigKeys (ConfUtils.java:logGet(43)) - raft.server.log.appender.install.snapshot.enabled = false (custom)
2019-09-26 16:53:57,317 [pool-67-thread-1] INFO  impl.RaftServerImpl (ServerState.java:<init>(103)) - 862ec94c-cd2d-47b3-b563-7d6c2816cb58@group-B11DDC6028F8: ConfigurationManager, init=-1: [862ec94c-cd2d-47b3-b563-7d6c2816cb58:192.168.151.99:36916], old=null, confs=<EMPTY_MAP>
2019-09-26 16:53:57,317 [pool-67-thread-1] INFO  server.RaftServerConfigKeys (ConfUtils.java:logGet(43)) - raft.server.storage.dir = [/workdir/hadoop-ozone/integration-test/target/test-dir/MiniOzoneClusterImpl-fdc3d401-fab1-4968-a84f-12bf762e2bbf/datanode-4/data/ratis] (custom)
2019-09-26 16:53:57,318 [pool-67-thread-1] INFO  storage.RaftStorageDirectory (RaftStorageDirectory.java:analyzeStorage(246)) - The storage directory /workdir/hadoop-ozone/integration-test/target/test-dir/MiniOzoneClusterImpl-fdc3d401-fab1-4968-a84f-12bf762e2bbf/datanode-4/data/ratis/8bdd22bf-b6f8-4162-83fb-b11ddc6028f8 does not exist. Creating ...
2019-09-26 16:53:57,319 [7fda706b-4e23-4e10-baba-12810c05fbbb@group-3BF79415CCB3:LeaderElection53] INFO  impl.RoleInfo (RoleInfo.java:updateAndGet(143)) - 7fda706b-4e23-4e10-baba-12810c05fbbb: start LeaderState
2019-09-26 16:53:57,337 [pool-67-thread-1] INFO  storage.RaftStorageDirectory (RaftStorageDirectory.java:tryLock(328)) - Lock on /workdir/hadoop-ozone/integration-test/target/test-dir/MiniOzoneClusterImpl-fdc3d401-fab1-4968-a84f-12bf762e2bbf/datanode-4/data/ratis/8bdd22bf-b6f8-4162-83fb-b11ddc6028f8/in_use.lock acquired by nodename 15096@pr-hdds-1569-g6sp5-2013761785
2019-09-26 16:53:57,337 [7fda706b-4e23-4e10-baba-12810c05fbbb@group-3BF79415CCB3:LeaderElection53] INFO  segmented.SegmentedRaftLogWorker (SegmentedRaftLogWorker.java:startLogSegment(380)) - 7fda706b-4e23-4e10-baba-12810c05fbbb@group-3BF79415CCB3-SegmentedRaftLogWorker: Starting segment from index:0
2019-09-26 16:53:57,340 [deac9605-e739-4d95-8360-f57df793faca@group-72430D919955-SegmentedRaftLogWorker] INFO  segmented.SegmentedRaftLogWorker (SegmentedRaftLogWorker.java:execute(569)) - deac9605-e739-4d95-8360-f57df793faca@group-72430D919955-SegmentedRaftLogWorker: created new log segment /workdir/hadoop-ozone/integration-test/target/test-dir/MiniOzoneClusterImpl-fdc3d401-fab1-4968-a84f-12bf762e2bbf/datanode-0/data/ratis/2717b020-b6b2-4e14-9833-72430d919955/current/log_inprogress_0
2019-09-26 16:53:57,340 [579334d3-7c10-42f4-b10c-e6c2267ece25@group-6BF053005B9C:LeaderElection52] INFO  impl.RoleInfo (RoleInfo.java:updateAndGet(143)) - 579334d3-7c10-42f4-b10c-e6c2267ece25: start LeaderState
2019-09-26 16:53:57,340 [7fda706b-4e23-4e10-baba-12810c05fbbb@group-3BF79415CCB3:LeaderElection53] INFO  impl.RaftServerImpl (ServerState.java:setRaftConf(354)) - 7fda706b-4e23-4e10-baba-12810c05fbbb@group-3BF79415CCB3: set configuration 0: [7fda706b-4e23-4e10-baba-12810c05fbbb:192.168.151.99:32897], old=null at 0
2019-09-26 16:53:57,340 [579334d3-7c10-42f4-b10c-e6c2267ece25@group-6BF053005B9C:LeaderElection52] INFO  segmented.SegmentedRaftLogWorker (SegmentedRaftLogWorker.java:startLogSegment(380)) - 579334d3-7c10-42f4-b10c-e6c2267ece25@group-6BF053005B9C-SegmentedRaftLogWorker: Starting segment from index:0
2019-09-26 16:53:57,341 [579334d3-7c10-42f4-b10c-e6c2267ece25@group-6BF053005B9C:LeaderElection52] INFO  impl.RaftServerImpl (ServerState.java:setRaftConf(354)) - 579334d3-7c10-42f4-b10c-e6c2267ece25@group-6BF053005B9C: set configuration 0: [579334d3-7c10-42f4-b10c-e6c2267ece25:192.168.151.99:34131], old=null at 0
2019-09-26 16:53:57,343 [pool-67-thread-1] INFO  storage.RaftStorage (RaftStorage.java:format(72)) - Storage directory /workdir/hadoop-ozone/integration-test/target/test-dir/MiniOzoneClusterImpl-fdc3d401-fab1-4968-a84f-12bf762e2bbf/datanode-4/data/ratis/8bdd22bf-b6f8-4162-83fb-b11ddc6028f8 has been successfully formatted.
2019-09-26 16:53:57,343 [pool-67-thread-1] INFO  ratis.ContainerStateMachine (ContainerStateMachine.java:loadSnapshot(230)) - group-B11DDC6028F8: The snapshot info is null. Setting the last applied indexto:(t:0, i:~)
2019-09-26 16:53:57,343 [pool-67-thread-1] INFO  server.RaftServerConfigKeys (ConfUtils.java:logGet(43)) - raft.server.notification.no-leader.timeout = 120s (custom)
2019-09-26 16:53:57,344 [pool-67-thread-1] INFO  server.RaftServerConfigKeys (ConfUtils.java:logGet(43)) - raft.server.log.use.memory = false (default)
2019-09-26 16:53:57,344 [pool-67-thread-1] INFO  server.RaftServerConfigKeys (ConfUtils.java:logGet(43)) - raft.server.log.purge.gap = 1000000 (custom)
2019-09-26 16:53:57,344 [pool-67-thread-1] INFO  server.RaftServerConfigKeys (ConfUtils.java:logGet(43)) - raft.server.log.appender.buffer.byte-limit = 33554432 (custom)
2019-09-26 16:53:57,344 [pool-67-thread-1] INFO  server.RaftServerConfigKeys (ConfUtils.java:logGet(43)) - raft.server.log.segment.size.max = 1048576 (custom)
2019-09-26 16:53:57,344 [pool-67-thread-1] INFO  server.RaftServerConfigKeys (ConfUtils.java:logGet(43)) - raft.server.log.segment.cache.num.max = 2 (custom)
2019-09-26 16:53:57,344 [pool-67-thread-1] INFO  segmented.SegmentedRaftLogWorker (SegmentedRaftLogWorker.java:<init>(172)) - new 862ec94c-cd2d-47b3-b563-7d6c2816cb58@group-B11DDC6028F8-SegmentedRaftLogWorker for RaftStorage:Storage Directory /workdir/hadoop-ozone/integration-test/target/test-dir/MiniOzoneClusterImpl-fdc3d401-fab1-4968-a84f-12bf762e2bbf/datanode-4/data/ratis/8bdd22bf-b6f8-4162-83fb-b11ddc6028f8
2019-09-26 16:53:57,344 [pool-67-thread-1] INFO  server.RaftServerConfigKeys (ConfUtils.java:logGet(43)) - raft.server.log.queue.byte-limit = 2147483647 (custom)
2019-09-26 16:53:57,345 [pool-67-thread-1] INFO  server.RaftServerConfigKeys (ConfUtils.java:logGet(43)) - raft.server.log.queue.element-limit = 1024 (custom)
2019-09-26 16:53:57,345 [pool-67-thread-1] INFO  server.RaftServerConfigKeys (ConfUtils.java:logGet(43)) - raft.server.log.segment.size.max = 1048576 (custom)
2019-09-26 16:53:57,345 [pool-67-thread-1] INFO  server.RaftServerConfigKeys (ConfUtils.java:logGet(43)) - raft.server.log.preallocated.size = 16384 (custom)
2019-09-26 16:53:57,345 [pool-67-thread-1] INFO  server.RaftServerConfigKeys (ConfUtils.java:logGet(43)) - raft.server.log.write.buffer.size = 33554432 (custom)
2019-09-26 16:53:57,345 [pool-67-thread-1] INFO  server.RaftServerConfigKeys (ConfUtils.java:logGet(43)) - raft.server.log.force.sync.num = 128 (default)
2019-09-26 16:53:57,345 [pool-67-thread-1] INFO  server.RaftServerConfigKeys (ConfUtils.java:logGet(43)) - raft.server.log.statemachine.data.sync = true (default)
2019-09-26 16:53:57,346 [pool-67-thread-1] INFO  server.RaftServerConfigKeys (ConfUtils.java:logGet(43)) - raft.server.log.statemachine.data.sync.timeout = 10s (default)
2019-09-26 16:53:57,346 [pool-67-thread-1] INFO  server.RaftServerConfigKeys (ConfUtils.java:logGet(43)) - raft.server.log.statemachine.data.sync.timeout.retry = -1 (default)
2019-09-26 16:53:57,346 [pool-67-thread-1] INFO  server.RaftServerConfigKeys (ConfUtils.java:logGet(43)) - raft.server.log.statemachine.data.caching.enabled = true (custom)
2019-09-26 16:53:57,346 [pool-67-thread-1] INFO  segmented.SegmentedRaftLogWorker (SegmentedRaftLogWorker.java:lambda$new$0(132)) - 862ec94c-cd2d-47b3-b563-7d6c2816cb58@group-B11DDC6028F8-SegmentedRaftLogWorker: flushIndex: setUnconditionally 0 -> -1
2019-09-26 16:53:57,347 [pool-67-thread-1] INFO  server.RaftServerConfigKeys (ConfUtils.java:logGet(43)) - raft.server.snapshot.auto.trigger.enabled = true (custom)
2019-09-26 16:53:57,347 [pool-67-thread-1] INFO  server.RaftServerConfigKeys (ConfUtils.java:logGet(43)) - raft.server.snapshot.auto.trigger.threshold = 10000 (custom)
2019-09-26 16:53:57,347 [pool-67-thread-1] INFO  server.RaftServerConfigKeys (ConfUtils.java:logGet(43)) - raft.server.snapshot.retention.num.files = 5 (custom)
2019-09-26 16:53:57,347 [pool-67-thread-1] INFO  server.RaftServerConfigKeys (ConfUtils.java:logGet(43)) - raft.server.retrycache.expirytime = 600000ms (custom)
2019-09-26 16:53:57,349 [pool-67-thread-1] INFO  impl.RaftServerImpl (RaftServerImpl.java:start(185)) - 862ec94c-cd2d-47b3-b563-7d6c2816cb58@group-B11DDC6028F8: start as a follower, conf=-1: [862ec94c-cd2d-47b3-b563-7d6c2816cb58:192.168.151.99:36916], old=null
2019-09-26 16:53:57,350 [pool-67-thread-1] INFO  impl.RaftServerImpl (RaftServerImpl.java:setRole(174)) - 862ec94c-cd2d-47b3-b563-7d6c2816cb58@group-B11DDC6028F8: changes role from      null to FOLLOWER at term 0 for startAsFollower
2019-09-26 16:53:57,350 [pool-67-thread-1] INFO  impl.RoleInfo (RoleInfo.java:updateAndGet(143)) - 862ec94c-cd2d-47b3-b563-7d6c2816cb58: start FollowerState
2019-09-26 16:53:57,350 [pool-67-thread-1] INFO  util.JmxRegister (JmxRegister.java:tryRegister(44)) - Successfully registered JMX Bean with object name Ratis:service=RaftServer,group=group-B11DDC6028F8,id=862ec94c-cd2d-47b3-b563-7d6c2816cb58
2019-09-26 16:53:57,354 [RatisPipelineUtilsThread] INFO  pipeline.PipelineStateManager (PipelineStateManager.java:addPipeline(56)) - Created pipeline Pipeline[ Id: 8bdd22bf-b6f8-4162-83fb-b11ddc6028f8, Nodes: 862ec94c-cd2d-47b3-b563-7d6c2816cb58{ip: 192.168.151.99, host: pr-hdds-1569-g6sp5-2013761785, networkLocation: /default-rack, certSerialId: null}, Type:RATIS, Factor:ONE, State:OPEN]
2019-09-26 16:53:57,356 [Thread-406] INFO  impl.FollowerState (FollowerState.java:run(106)) - d17cca1b-2e6b-48b2-8b1c-3559490fa529:group-A551D1B70A2C changes to CANDIDATE, lastRpcTime:5042, electionTimeout:5042ms
2019-09-26 16:53:57,356 [Thread-406] INFO  impl.RoleInfo (RoleInfo.java:shutdownFollowerState(121)) - d17cca1b-2e6b-48b2-8b1c-3559490fa529: shutdown FollowerState
2019-09-26 16:53:57,356 [Thread-406] INFO  impl.RaftServerImpl (RaftServerImpl.java:setRole(174)) - d17cca1b-2e6b-48b2-8b1c-3559490fa529@group-A551D1B70A2C: changes role from  FOLLOWER to CANDIDATE at term 0 for changeToCandidate
2019-09-26 16:53:57,356 [Thread-406] INFO  impl.RoleInfo (RoleInfo.java:updateAndGet(143)) - d17cca1b-2e6b-48b2-8b1c-3559490fa529: start LeaderElection
2019-09-26 16:53:57,360 [grpc-default-executor-1] INFO  impl.RaftServerProxy (RaftServerProxy.java:addNew(89)) - d17cca1b-2e6b-48b2-8b1c-3559490fa529: addNew group-5A43D4DE6CA1:[d17cca1b-2e6b-48b2-8b1c-3559490fa529:192.168.151.99:40714] returns group-5A43D4DE6CA1:java.util.concurrent.CompletableFuture@69c67b7e[Not completed]
2019-09-26 16:53:57,362 [d17cca1b-2e6b-48b2-8b1c-3559490fa529@group-A551D1B70A2C:LeaderElection54] INFO  impl.LeaderElection (LeaderElection.java:askForVotes(182)) - d17cca1b-2e6b-48b2-8b1c-3559490fa529@group-A551D1B70A2C:LeaderElection54: begin an election at term 1 for -1: [d17cca1b-2e6b-48b2-8b1c-3559490fa529:192.168.151.99:40714], old=null
2019-09-26 16:53:57,362 [d17cca1b-2e6b-48b2-8b1c-3559490fa529@group-A551D1B70A2C:LeaderElection54] INFO  impl.RoleInfo (RoleInfo.java:shutdownLeaderElection(134)) - d17cca1b-2e6b-48b2-8b1c-3559490fa529: shutdown LeaderElection
2019-09-26 16:53:57,362 [d17cca1b-2e6b-48b2-8b1c-3559490fa529@group-A551D1B70A2C:LeaderElection54] INFO  impl.RaftServerImpl (RaftServerImpl.java:setRole(174)) - d17cca1b-2e6b-48b2-8b1c-3559490fa529@group-A551D1B70A2C: changes role from CANDIDATE to LEADER at term 1 for changeToLeader
2019-09-26 16:53:57,362 [pool-77-thread-1] INFO  impl.RaftServerImpl (RaftServerImpl.java:<init>(95)) - d17cca1b-2e6b-48b2-8b1c-3559490fa529: new RaftServerImpl for group-5A43D4DE6CA1:[d17cca1b-2e6b-48b2-8b1c-3559490fa529:192.168.151.99:40714] with ContainerStateMachine:uninitialized
2019-09-26 16:53:57,362 [d17cca1b-2e6b-48b2-8b1c-3559490fa529@group-A551D1B70A2C:LeaderElection54] INFO  impl.RaftServerImpl (ServerState.java:setLeader(253)) - d17cca1b-2e6b-48b2-8b1c-3559490fa529@group-A551D1B70A2C: change Leader from null to d17cca1b-2e6b-48b2-8b1c-3559490fa529 at term 1 for becomeLeader, leader elected after 5055ms
2019-09-26 16:53:57,362 [pool-77-thread-1] INFO  server.RaftServerConfigKeys (ConfUtils.java:logGet(43)) - raft.server.rpc.timeout.min = 5s (custom)
2019-09-26 16:53:57,362 [d17cca1b-2e6b-48b2-8b1c-3559490fa529@group-A551D1B70A2C:LeaderElection54] INFO  server.RaftServerConfigKeys (ConfUtils.java:logGet(43)) - raft.server.staging.catchup.gap = 1000 (default)
2019-09-26 16:53:57,363 [pool-77-thread-1] INFO  server.RaftServerConfigKeys (ConfUtils.java:logGet(43)) - raft.server.rpc.timeout.max = 5200ms (custom)
2019-09-26 16:53:57,363 [d17cca1b-2e6b-48b2-8b1c-3559490fa529@group-A551D1B70A2C:LeaderElection54] INFO  server.RaftServerConfigKeys (ConfUtils.java:logGet(43)) - raft.server.rpc.sleep.time = 25ms (default)
2019-09-26 16:53:57,363 [pool-77-thread-1] INFO  server.RaftServerConfigKeys (ConfUtils.java:logGet(43)) - raft.server.rpcslowness.timeout = 120s (custom)
2019-09-26 16:53:57,363 [d17cca1b-2e6b-48b2-8b1c-3559490fa529@group-A551D1B70A2C:LeaderElection54] INFO  server.RaftServerConfigKeys (ConfUtils.java:logGet(43)) - raft.server.write.element-limit = 4096 (default)
2019-09-26 16:53:57,363 [pool-77-thread-1] INFO  server.RaftServerConfigKeys (ConfUtils.java:logGet(43)) - raft.server.sleep.deviation.threshold = 300 (default)
2019-09-26 16:53:57,363 [d17cca1b-2e6b-48b2-8b1c-3559490fa529@group-A551D1B70A2C:LeaderElection54] INFO  server.RaftServerConfigKeys (ConfUtils.java:logGet(43)) - raft.server.watch.timeout = 10s (default)
2019-09-26 16:53:57,364 [pool-77-thread-1] INFO  server.RaftServerConfigKeys (ConfUtils.java:logGet(43)) - raft.server.log.appender.install.snapshot.enabled = false (custom)
2019-09-26 16:53:57,364 [d17cca1b-2e6b-48b2-8b1c-3559490fa529@group-A551D1B70A2C:LeaderElection54] INFO  server.RaftServerConfigKeys (ConfUtils.java:logGet(43)) - raft.server.watch.timeout.denomination = 1s (default)
2019-09-26 16:53:57,364 [pool-77-thread-1] INFO  impl.RaftServerImpl (ServerState.java:<init>(103)) - d17cca1b-2e6b-48b2-8b1c-3559490fa529@group-5A43D4DE6CA1: ConfigurationManager, init=-1: [d17cca1b-2e6b-48b2-8b1c-3559490fa529:192.168.151.99:40714], old=null, confs=<EMPTY_MAP>
2019-09-26 16:53:57,364 [d17cca1b-2e6b-48b2-8b1c-3559490fa529@group-A551D1B70A2C:LeaderElection54] INFO  server.RaftServerConfigKeys (ConfUtils.java:logGet(43)) - raft.server.watch.element-limit = 65536 (default)
2019-09-26 16:53:57,364 [pool-77-thread-1] INFO  server.RaftServerConfigKeys (ConfUtils.java:logGet(43)) - raft.server.storage.dir = [/workdir/hadoop-ozone/integration-test/target/test-dir/MiniOzoneClusterImpl-fdc3d401-fab1-4968-a84f-12bf762e2bbf/datanode-5/data/ratis] (custom)
2019-09-26 16:53:57,365 [pool-77-thread-1] INFO  storage.RaftStorageDirectory (RaftStorageDirectory.java:analyzeStorage(246)) - The storage directory /workdir/hadoop-ozone/integration-test/target/test-dir/MiniOzoneClusterImpl-fdc3d401-fab1-4968-a84f-12bf762e2bbf/datanode-5/data/ratis/faff1b58-6be7-4b6f-a8ba-5a43d4de6ca1 does not exist. Creating ...
2019-09-26 16:53:57,367 [d17cca1b-2e6b-48b2-8b1c-3559490fa529@group-A551D1B70A2C:LeaderElection54] INFO  impl.RoleInfo (RoleInfo.java:updateAndGet(143)) - d17cca1b-2e6b-48b2-8b1c-3559490fa529: start LeaderState
2019-09-26 16:53:57,367 [d17cca1b-2e6b-48b2-8b1c-3559490fa529@group-A551D1B70A2C:LeaderElection54] INFO  segmented.SegmentedRaftLogWorker (SegmentedRaftLogWorker.java:startLogSegment(380)) - d17cca1b-2e6b-48b2-8b1c-3559490fa529@group-A551D1B70A2C-SegmentedRaftLogWorker: Starting segment from index:0
2019-09-26 16:53:57,368 [d17cca1b-2e6b-48b2-8b1c-3559490fa529@group-A551D1B70A2C:LeaderElection54] INFO  impl.RaftServerImpl (ServerState.java:setRaftConf(354)) - d17cca1b-2e6b-48b2-8b1c-3559490fa529@group-A551D1B70A2C: set configuration 0: [d17cca1b-2e6b-48b2-8b1c-3559490fa529:192.168.151.99:40714], old=null at 0
2019-09-26 16:53:57,369 [pool-77-thread-1] INFO  storage.RaftStorageDirectory (RaftStorageDirectory.java:tryLock(328)) - Lock on /workdir/hadoop-ozone/integration-test/target/test-dir/MiniOzoneClusterImpl-fdc3d401-fab1-4968-a84f-12bf762e2bbf/datanode-5/data/ratis/faff1b58-6be7-4b6f-a8ba-5a43d4de6ca1/in_use.lock acquired by nodename 15096@pr-hdds-1569-g6sp5-2013761785
2019-09-26 16:53:57,372 [pool-77-thread-1] INFO  storage.RaftStorage (RaftStorage.java:format(72)) - Storage directory /workdir/hadoop-ozone/integration-test/target/test-dir/MiniOzoneClusterImpl-fdc3d401-fab1-4968-a84f-12bf762e2bbf/datanode-5/data/ratis/faff1b58-6be7-4b6f-a8ba-5a43d4de6ca1 has been successfully formatted.
2019-09-26 16:53:57,372 [pool-77-thread-1] INFO  ratis.ContainerStateMachine (ContainerStateMachine.java:loadSnapshot(230)) - group-5A43D4DE6CA1: The snapshot info is null. Setting the last applied indexto:(t:0, i:~)
2019-09-26 16:53:57,373 [pool-77-thread-1] INFO  server.RaftServerConfigKeys (ConfUtils.java:logGet(43)) - raft.server.notification.no-leader.timeout = 120s (custom)
2019-09-26 16:53:57,373 [pool-77-thread-1] INFO  server.RaftServerConfigKeys (ConfUtils.java:logGet(43)) - raft.server.log.use.memory = false (default)
2019-09-26 16:53:57,373 [pool-77-thread-1] INFO  server.RaftServerConfigKeys (ConfUtils.java:logGet(43)) - raft.server.log.purge.gap = 1000000 (custom)
2019-09-26 16:53:57,373 [pool-77-thread-1] INFO  server.RaftServerConfigKeys (ConfUtils.java:logGet(43)) - raft.server.log.appender.buffer.byte-limit = 33554432 (custom)
2019-09-26 16:53:57,373 [pool-77-thread-1] INFO  server.RaftServerConfigKeys (ConfUtils.java:logGet(43)) - raft.server.log.segment.size.max = 1048576 (custom)
2019-09-26 16:53:57,373 [pool-77-thread-1] INFO  server.RaftServerConfigKeys (ConfUtils.java:logGet(43)) - raft.server.log.segment.cache.num.max = 2 (custom)
2019-09-26 16:53:57,374 [pool-77-thread-1] INFO  segmented.SegmentedRaftLogWorker (SegmentedRaftLogWorker.java:<init>(172)) - new d17cca1b-2e6b-48b2-8b1c-3559490fa529@group-5A43D4DE6CA1-SegmentedRaftLogWorker for RaftStorage:Storage Directory /workdir/hadoop-ozone/integration-test/target/test-dir/MiniOzoneClusterImpl-fdc3d401-fab1-4968-a84f-12bf762e2bbf/datanode-5/data/ratis/faff1b58-6be7-4b6f-a8ba-5a43d4de6ca1
2019-09-26 16:53:57,374 [pool-77-thread-1] INFO  server.RaftServerConfigKeys (ConfUtils.java:logGet(43)) - raft.server.log.queue.byte-limit = 2147483647 (custom)
2019-09-26 16:53:57,374 [pool-77-thread-1] INFO  server.RaftServerConfigKeys (ConfUtils.java:logGet(43)) - raft.server.log.queue.element-limit = 1024 (custom)
2019-09-26 16:53:57,374 [pool-77-thread-1] INFO  server.RaftServerConfigKeys (ConfUtils.java:logGet(43)) - raft.server.log.segment.size.max = 1048576 (custom)
2019-09-26 16:53:57,374 [pool-77-thread-1] INFO  server.RaftServerConfigKeys (ConfUtils.java:logGet(43)) - raft.server.log.preallocated.size = 16384 (custom)
2019-09-26 16:53:57,374 [pool-77-thread-1] INFO  server.RaftServerConfigKeys (ConfUtils.java:logGet(43)) - raft.server.log.write.buffer.size = 33554432 (custom)
2019-09-26 16:53:57,374 [pool-77-thread-1] INFO  server.RaftServerConfigKeys (ConfUtils.java:logGet(43)) - raft.server.log.force.sync.num = 128 (default)
2019-09-26 16:53:57,374 [pool-77-thread-1] INFO  server.RaftServerConfigKeys (ConfUtils.java:logGet(43)) - raft.server.log.statemachine.data.sync = true (default)
2019-09-26 16:53:57,375 [pool-77-thread-1] INFO  server.RaftServerConfigKeys (ConfUtils.java:logGet(43)) - raft.server.log.statemachine.data.sync.timeout = 10s (default)
2019-09-26 16:53:57,375 [pool-77-thread-1] INFO  server.RaftServerConfigKeys (ConfUtils.java:logGet(43)) - raft.server.log.statemachine.data.sync.timeout.retry = -1 (default)
2019-09-26 16:53:57,375 [pool-77-thread-1] INFO  server.RaftServerConfigKeys (ConfUtils.java:logGet(43)) - raft.server.log.statemachine.data.caching.enabled = true (custom)
2019-09-26 16:53:57,375 [pool-77-thread-1] INFO  segmented.SegmentedRaftLogWorker (SegmentedRaftLogWorker.java:lambda$new$0(132)) - d17cca1b-2e6b-48b2-8b1c-3559490fa529@group-5A43D4DE6CA1-SegmentedRaftLogWorker: flushIndex: setUnconditionally 0 -> -1
2019-09-26 16:53:57,376 [pool-77-thread-1] INFO  server.RaftServerConfigKeys (ConfUtils.java:logGet(43)) - raft.server.snapshot.auto.trigger.enabled = true (custom)
2019-09-26 16:53:57,376 [pool-77-thread-1] INFO  server.RaftServerConfigKeys (ConfUtils.java:logGet(43)) - raft.server.snapshot.auto.trigger.threshold = 10000 (custom)
2019-09-26 16:53:57,376 [pool-77-thread-1] INFO  server.RaftServerConfigKeys (ConfUtils.java:logGet(43)) - raft.server.snapshot.retention.num.files = 5 (custom)
2019-09-26 16:53:57,376 [pool-77-thread-1] INFO  server.RaftServerConfigKeys (ConfUtils.java:logGet(43)) - raft.server.retrycache.expirytime = 600000ms (custom)
2019-09-26 16:53:57,378 [Thread-403] INFO  impl.FollowerState (FollowerState.java:run(106)) - 5160ea40-cc48-41a9-a1d1-1151a36e77d8:group-15BBC5724586 changes to CANDIDATE, lastRpcTime:5111, electionTimeout:5111ms
2019-09-26 16:53:57,378 [pool-77-thread-1] INFO  impl.RaftServerImpl (RaftServerImpl.java:start(185)) - d17cca1b-2e6b-48b2-8b1c-3559490fa529@group-5A43D4DE6CA1: start as a follower, conf=-1: [d17cca1b-2e6b-48b2-8b1c-3559490fa529:192.168.151.99:40714], old=null
2019-09-26 16:53:57,378 [Thread-403] INFO  impl.RoleInfo (RoleInfo.java:shutdownFollowerState(121)) - 5160ea40-cc48-41a9-a1d1-1151a36e77d8: shutdown FollowerState
2019-09-26 16:53:57,378 [pool-77-thread-1] INFO  impl.RaftServerImpl (RaftServerImpl.java:setRole(174)) - d17cca1b-2e6b-48b2-8b1c-3559490fa529@group-5A43D4DE6CA1: changes role from      null to FOLLOWER at term 0 for startAsFollower
2019-09-26 16:53:57,378 [Thread-403] INFO  impl.RaftServerImpl (RaftServerImpl.java:setRole(174)) - 5160ea40-cc48-41a9-a1d1-1151a36e77d8@group-15BBC5724586: changes role from  FOLLOWER to CANDIDATE at term 0 for changeToCandidate
2019-09-26 16:53:57,379 [pool-77-thread-1] INFO  impl.RoleInfo (RoleInfo.java:updateAndGet(143)) - d17cca1b-2e6b-48b2-8b1c-3559490fa529: start FollowerState
2019-09-26 16:53:57,379 [Thread-403] INFO  impl.RoleInfo (RoleInfo.java:updateAndGet(143)) - 5160ea40-cc48-41a9-a1d1-1151a36e77d8: start LeaderElection
2019-09-26 16:53:57,379 [pool-77-thread-1] INFO  util.JmxRegister (JmxRegister.java:tryRegister(44)) - Successfully registered JMX Bean with object name Ratis:service=RaftServer,group=group-5A43D4DE6CA1,id=d17cca1b-2e6b-48b2-8b1c-3559490fa529
2019-09-26 16:53:57,382 [579334d3-7c10-42f4-b10c-e6c2267ece25@group-6BF053005B9C-SegmentedRaftLogWorker] INFO  segmented.SegmentedRaftLogWorker (SegmentedRaftLogWorker.java:execute(569)) - 579334d3-7c10-42f4-b10c-e6c2267ece25@group-6BF053005B9C-SegmentedRaftLogWorker: created new log segment /workdir/hadoop-ozone/integration-test/target/test-dir/MiniOzoneClusterImpl-fdc3d401-fab1-4968-a84f-12bf762e2bbf/datanode-2/data/ratis/1128d703-829a-45ce-bee7-6bf053005b9c/current/log_inprogress_0
2019-09-26 16:53:57,382 [5160ea40-cc48-41a9-a1d1-1151a36e77d8@group-15BBC5724586:LeaderElection55] INFO  impl.LeaderElection (LeaderElection.java:askForVotes(182)) - 5160ea40-cc48-41a9-a1d1-1151a36e77d8@group-15BBC5724586:LeaderElection55: begin an election at term 1 for -1: [5160ea40-cc48-41a9-a1d1-1151a36e77d8:192.168.151.99:45356], old=null
2019-09-26 16:53:57,382 [RatisPipelineUtilsThread] INFO  pipeline.PipelineStateManager (PipelineStateManager.java:addPipeline(56)) - Created pipeline Pipeline[ Id: faff1b58-6be7-4b6f-a8ba-5a43d4de6ca1, Nodes: d17cca1b-2e6b-48b2-8b1c-3559490fa529{ip: 192.168.151.99, host: pr-hdds-1569-g6sp5-2013761785, networkLocation: /default-rack, certSerialId: null}, Type:RATIS, Factor:ONE, State:OPEN]
2019-09-26 16:53:57,382 [5160ea40-cc48-41a9-a1d1-1151a36e77d8@group-15BBC5724586:LeaderElection55] INFO  impl.RoleInfo (RoleInfo.java:shutdownLeaderElection(134)) - 5160ea40-cc48-41a9-a1d1-1151a36e77d8: shutdown LeaderElection
2019-09-26 16:53:57,383 [5160ea40-cc48-41a9-a1d1-1151a36e77d8@group-15BBC5724586:LeaderElection55] INFO  impl.RaftServerImpl (RaftServerImpl.java:setRole(174)) - 5160ea40-cc48-41a9-a1d1-1151a36e77d8@group-15BBC5724586: changes role from CANDIDATE to LEADER at term 1 for changeToLeader
2019-09-26 16:53:57,383 [5160ea40-cc48-41a9-a1d1-1151a36e77d8@group-15BBC5724586:LeaderElection55] INFO  impl.RaftServerImpl (ServerState.java:setLeader(253)) - 5160ea40-cc48-41a9-a1d1-1151a36e77d8@group-15BBC5724586: change Leader from null to 5160ea40-cc48-41a9-a1d1-1151a36e77d8 at term 1 for becomeLeader, leader elected after 5123ms
2019-09-26 16:53:57,383 [5160ea40-cc48-41a9-a1d1-1151a36e77d8@group-15BBC5724586:LeaderElection55] INFO  server.RaftServerConfigKeys (ConfUtils.java:logGet(43)) - raft.server.staging.catchup.gap = 1000 (default)
2019-09-26 16:53:57,383 [5160ea40-cc48-41a9-a1d1-1151a36e77d8@group-15BBC5724586:LeaderElection55] INFO  server.RaftServerConfigKeys (ConfUtils.java:logGet(43)) - raft.server.rpc.sleep.time = 25ms (default)
2019-09-26 16:53:57,383 [5160ea40-cc48-41a9-a1d1-1151a36e77d8@group-15BBC5724586:LeaderElection55] INFO  server.RaftServerConfigKeys (ConfUtils.java:logGet(43)) - raft.server.write.element-limit = 4096 (default)
2019-09-26 16:53:57,384 [5160ea40-cc48-41a9-a1d1-1151a36e77d8@group-15BBC5724586:LeaderElection55] INFO  server.RaftServerConfigKeys (ConfUtils.java:logGet(43)) - raft.server.watch.timeout = 10s (default)
2019-09-26 16:53:57,384 [5160ea40-cc48-41a9-a1d1-1151a36e77d8@group-15BBC5724586:LeaderElection55] INFO  server.RaftServerConfigKeys (ConfUtils.java:logGet(43)) - raft.server.watch.timeout.denomination = 1s (default)
2019-09-26 16:53:57,384 [5160ea40-cc48-41a9-a1d1-1151a36e77d8@group-15BBC5724586:LeaderElection55] INFO  server.RaftServerConfigKeys (ConfUtils.java:logGet(43)) - raft.server.watch.element-limit = 65536 (default)
2019-09-26 16:53:57,385 [7fda706b-4e23-4e10-baba-12810c05fbbb@group-3BF79415CCB3-SegmentedRaftLogWorker] INFO  segmented.SegmentedRaftLogWorker (SegmentedRaftLogWorker.java:execute(569)) - 7fda706b-4e23-4e10-baba-12810c05fbbb@group-3BF79415CCB3-SegmentedRaftLogWorker: created new log segment /workdir/hadoop-ozone/integration-test/target/test-dir/MiniOzoneClusterImpl-fdc3d401-fab1-4968-a84f-12bf762e2bbf/datanode-1/data/ratis/9f90c86f-c3d1-406f-aaf6-3bf79415ccb3/current/log_inprogress_0
2019-09-26 16:53:57,386 [5160ea40-cc48-41a9-a1d1-1151a36e77d8@group-15BBC5724586:LeaderElection55] INFO  impl.RoleInfo (RoleInfo.java:updateAndGet(143)) - 5160ea40-cc48-41a9-a1d1-1151a36e77d8: start LeaderState
2019-09-26 16:53:57,387 [5160ea40-cc48-41a9-a1d1-1151a36e77d8@group-15BBC5724586:LeaderElection55] INFO  segmented.SegmentedRaftLogWorker (SegmentedRaftLogWorker.java:startLogSegment(380)) - 5160ea40-cc48-41a9-a1d1-1151a36e77d8@group-15BBC5724586-SegmentedRaftLogWorker: Starting segment from index:0
2019-09-26 16:53:57,387 [5160ea40-cc48-41a9-a1d1-1151a36e77d8@group-15BBC5724586:LeaderElection55] INFO  impl.RaftServerImpl (ServerState.java:setRaftConf(354)) - 5160ea40-cc48-41a9-a1d1-1151a36e77d8@group-15BBC5724586: set configuration 0: [5160ea40-cc48-41a9-a1d1-1151a36e77d8:192.168.151.99:45356], old=null at 0
2019-09-26 16:53:57,388 [grpc-default-executor-1] INFO  impl.RaftServerProxy (RaftServerProxy.java:addNew(89)) - 5160ea40-cc48-41a9-a1d1-1151a36e77d8: addNew group-617DE8AE92D0:[5160ea40-cc48-41a9-a1d1-1151a36e77d8:192.168.151.99:45356] returns group-617DE8AE92D0:java.util.concurrent.CompletableFuture@3bb45da[Not completed]
2019-09-26 16:53:57,389 [pool-57-thread-1] INFO  impl.RaftServerImpl (RaftServerImpl.java:<init>(95)) - 5160ea40-cc48-41a9-a1d1-1151a36e77d8: new RaftServerImpl for group-617DE8AE92D0:[5160ea40-cc48-41a9-a1d1-1151a36e77d8:192.168.151.99:45356] with ContainerStateMachine:uninitialized
2019-09-26 16:53:57,389 [pool-57-thread-1] INFO  server.RaftServerConfigKeys (ConfUtils.java:logGet(43)) - raft.server.rpc.timeout.min = 5s (custom)
2019-09-26 16:53:57,389 [pool-57-thread-1] INFO  server.RaftServerConfigKeys (ConfUtils.java:logGet(43)) - raft.server.rpc.timeout.max = 5200ms (custom)
2019-09-26 16:53:57,390 [pool-57-thread-1] INFO  server.RaftServerConfigKeys (ConfUtils.java:logGet(43)) - raft.server.rpcslowness.timeout = 120s (custom)
2019-09-26 16:53:57,390 [pool-57-thread-1] INFO  server.RaftServerConfigKeys (ConfUtils.java:logGet(43)) - raft.server.sleep.deviation.threshold = 300 (default)
2019-09-26 16:53:57,390 [pool-57-thread-1] INFO  server.RaftServerConfigKeys (ConfUtils.java:logGet(43)) - raft.server.log.appender.install.snapshot.enabled = false (custom)
2019-09-26 16:53:57,390 [pool-57-thread-1] INFO  impl.RaftServerImpl (ServerState.java:<init>(103)) - 5160ea40-cc48-41a9-a1d1-1151a36e77d8@group-617DE8AE92D0: ConfigurationManager, init=-1: [5160ea40-cc48-41a9-a1d1-1151a36e77d8:192.168.151.99:45356], old=null, confs=<EMPTY_MAP>
2019-09-26 16:53:57,390 [pool-57-thread-1] INFO  server.RaftServerConfigKeys (ConfUtils.java:logGet(43)) - raft.server.storage.dir = [/workdir/hadoop-ozone/integration-test/target/test-dir/MiniOzoneClusterImpl-fdc3d401-fab1-4968-a84f-12bf762e2bbf/datanode-3/data/ratis] (custom)
2019-09-26 16:53:57,391 [pool-57-thread-1] INFO  storage.RaftStorageDirectory (RaftStorageDirectory.java:analyzeStorage(246)) - The storage directory /workdir/hadoop-ozone/integration-test/target/test-dir/MiniOzoneClusterImpl-fdc3d401-fab1-4968-a84f-12bf762e2bbf/datanode-3/data/ratis/869ea097-e03b-4dd7-8d57-617de8ae92d0 does not exist. Creating ...
2019-09-26 16:53:57,409 [pool-57-thread-1] INFO  storage.RaftStorageDirectory (RaftStorageDirectory.java:tryLock(328)) - Lock on /workdir/hadoop-ozone/integration-test/target/test-dir/MiniOzoneClusterImpl-fdc3d401-fab1-4968-a84f-12bf762e2bbf/datanode-3/data/ratis/869ea097-e03b-4dd7-8d57-617de8ae92d0/in_use.lock acquired by nodename 15096@pr-hdds-1569-g6sp5-2013761785
2019-09-26 16:53:57,411 [d17cca1b-2e6b-48b2-8b1c-3559490fa529@group-A551D1B70A2C-SegmentedRaftLogWorker] INFO  segmented.SegmentedRaftLogWorker (SegmentedRaftLogWorker.java:execute(569)) - d17cca1b-2e6b-48b2-8b1c-3559490fa529@group-A551D1B70A2C-SegmentedRaftLogWorker: created new log segment /workdir/hadoop-ozone/integration-test/target/test-dir/MiniOzoneClusterImpl-fdc3d401-fab1-4968-a84f-12bf762e2bbf/datanode-5/data/ratis/b3fe7351-7fc1-4e9e-ad5b-a551d1b70a2c/current/log_inprogress_0
2019-09-26 16:53:57,413 [pool-57-thread-1] INFO  storage.RaftStorage (RaftStorage.java:format(72)) - Storage directory /workdir/hadoop-ozone/integration-test/target/test-dir/MiniOzoneClusterImpl-fdc3d401-fab1-4968-a84f-12bf762e2bbf/datanode-3/data/ratis/869ea097-e03b-4dd7-8d57-617de8ae92d0 has been successfully formatted.
2019-09-26 16:53:57,414 [pool-57-thread-1] INFO  ratis.ContainerStateMachine (ContainerStateMachine.java:loadSnapshot(230)) - group-617DE8AE92D0: The snapshot info is null. Setting the last applied indexto:(t:0, i:~)
2019-09-26 16:53:57,414 [pool-57-thread-1] INFO  server.RaftServerConfigKeys (ConfUtils.java:logGet(43)) - raft.server.notification.no-leader.timeout = 120s (custom)
2019-09-26 16:53:57,414 [pool-57-thread-1] INFO  server.RaftServerConfigKeys (ConfUtils.java:logGet(43)) - raft.server.log.use.memory = false (default)
2019-09-26 16:53:57,414 [pool-57-thread-1] INFO  server.RaftServerConfigKeys (ConfUtils.java:logGet(43)) - raft.server.log.purge.gap = 1000000 (custom)
2019-09-26 16:53:57,414 [pool-57-thread-1] INFO  server.RaftServerConfigKeys (ConfUtils.java:logGet(43)) - raft.server.log.appender.buffer.byte-limit = 33554432 (custom)
2019-09-26 16:53:57,414 [pool-57-thread-1] INFO  server.RaftServerConfigKeys (ConfUtils.java:logGet(43)) - raft.server.log.segment.size.max = 1048576 (custom)
2019-09-26 16:53:57,414 [pool-57-thread-1] INFO  server.RaftServerConfigKeys (ConfUtils.java:logGet(43)) - raft.server.log.segment.cache.num.max = 2 (custom)
2019-09-26 16:53:57,415 [pool-57-thread-1] INFO  segmented.SegmentedRaftLogWorker (SegmentedRaftLogWorker.java:<init>(172)) - new 5160ea40-cc48-41a9-a1d1-1151a36e77d8@group-617DE8AE92D0-SegmentedRaftLogWorker for RaftStorage:Storage Directory /workdir/hadoop-ozone/integration-test/target/test-dir/MiniOzoneClusterImpl-fdc3d401-fab1-4968-a84f-12bf762e2bbf/datanode-3/data/ratis/869ea097-e03b-4dd7-8d57-617de8ae92d0
2019-09-26 16:53:57,415 [pool-57-thread-1] INFO  server.RaftServerConfigKeys (ConfUtils.java:logGet(43)) - raft.server.log.queue.byte-limit = 2147483647 (custom)
2019-09-26 16:53:57,415 [pool-57-thread-1] INFO  server.RaftServerConfigKeys (ConfUtils.java:logGet(43)) - raft.server.log.queue.element-limit = 1024 (custom)
2019-09-26 16:53:57,415 [pool-57-thread-1] INFO  server.RaftServerConfigKeys (ConfUtils.java:logGet(43)) - raft.server.log.segment.size.max = 1048576 (custom)
2019-09-26 16:53:57,415 [pool-57-thread-1] INFO  server.RaftServerConfigKeys (ConfUtils.java:logGet(43)) - raft.server.log.preallocated.size = 16384 (custom)
2019-09-26 16:53:57,415 [pool-57-thread-1] INFO  server.RaftServerConfigKeys (ConfUtils.java:logGet(43)) - raft.server.log.write.buffer.size = 33554432 (custom)
2019-09-26 16:53:57,416 [pool-57-thread-1] INFO  server.RaftServerConfigKeys (ConfUtils.java:logGet(43)) - raft.server.log.force.sync.num = 128 (default)
2019-09-26 16:53:57,416 [pool-57-thread-1] INFO  server.RaftServerConfigKeys (ConfUtils.java:logGet(43)) - raft.server.log.statemachine.data.sync = true (default)
2019-09-26 16:53:57,416 [pool-57-thread-1] INFO  server.RaftServerConfigKeys (ConfUtils.java:logGet(43)) - raft.server.log.statemachine.data.sync.timeout = 10s (default)
2019-09-26 16:53:57,416 [pool-57-thread-1] INFO  server.RaftServerConfigKeys (ConfUtils.java:logGet(43)) - raft.server.log.statemachine.data.sync.timeout.retry = -1 (default)
2019-09-26 16:53:57,416 [pool-57-thread-1] INFO  server.RaftServerConfigKeys (ConfUtils.java:logGet(43)) - raft.server.log.statemachine.data.caching.enabled = true (custom)
2019-09-26 16:53:57,416 [pool-57-thread-1] INFO  segmented.SegmentedRaftLogWorker (SegmentedRaftLogWorker.java:lambda$new$0(132)) - 5160ea40-cc48-41a9-a1d1-1151a36e77d8@group-617DE8AE92D0-SegmentedRaftLogWorker: flushIndex: setUnconditionally 0 -> -1
2019-09-26 16:53:57,417 [pool-57-thread-1] INFO  server.RaftServerConfigKeys (ConfUtils.java:logGet(43)) - raft.server.snapshot.auto.trigger.enabled = true (custom)
2019-09-26 16:53:57,417 [pool-57-thread-1] INFO  server.RaftServerConfigKeys (ConfUtils.java:logGet(43)) - raft.server.snapshot.auto.trigger.threshold = 10000 (custom)
2019-09-26 16:53:57,417 [pool-57-thread-1] INFO  server.RaftServerConfigKeys (ConfUtils.java:logGet(43)) - raft.server.snapshot.retention.num.files = 5 (custom)
2019-09-26 16:53:57,417 [pool-57-thread-1] INFO  server.RaftServerConfigKeys (ConfUtils.java:logGet(43)) - raft.server.retrycache.expirytime = 600000ms (custom)
2019-09-26 16:53:57,419 [pool-57-thread-1] INFO  impl.RaftServerImpl (RaftServerImpl.java:start(185)) - 5160ea40-cc48-41a9-a1d1-1151a36e77d8@group-617DE8AE92D0: start as a follower, conf=-1: [5160ea40-cc48-41a9-a1d1-1151a36e77d8:192.168.151.99:45356], old=null
2019-09-26 16:53:57,420 [pool-57-thread-1] INFO  impl.RaftServerImpl (RaftServerImpl.java:setRole(174)) - 5160ea40-cc48-41a9-a1d1-1151a36e77d8@group-617DE8AE92D0: changes role from      null to FOLLOWER at term 0 for startAsFollower
2019-09-26 16:53:57,420 [pool-57-thread-1] INFO  impl.RoleInfo (RoleInfo.java:updateAndGet(143)) - 5160ea40-cc48-41a9-a1d1-1151a36e77d8: start FollowerState
2019-09-26 16:53:57,420 [pool-57-thread-1] INFO  util.JmxRegister (JmxRegister.java:tryRegister(44)) - Successfully registered JMX Bean with object name Ratis:service=RaftServer,group=group-617DE8AE92D0,id=5160ea40-cc48-41a9-a1d1-1151a36e77d8
2019-09-26 16:53:57,424 [RatisPipelineUtilsThread] INFO  pipeline.PipelineStateManager (PipelineStateManager.java:addPipeline(56)) - Created pipeline Pipeline[ Id: 869ea097-e03b-4dd7-8d57-617de8ae92d0, Nodes: 5160ea40-cc48-41a9-a1d1-1151a36e77d8{ip: 192.168.151.99, host: pr-hdds-1569-g6sp5-2013761785, networkLocation: /default-rack, certSerialId: null}, Type:RATIS, Factor:ONE, State:OPEN]
2019-09-26 16:53:57,430 [grpc-default-executor-1] INFO  impl.RaftServerProxy (RaftServerProxy.java:addNew(89)) - d17cca1b-2e6b-48b2-8b1c-3559490fa529: addNew group-1CD36E5E23BA:[d17cca1b-2e6b-48b2-8b1c-3559490fa529:192.168.151.99:40714] returns group-1CD36E5E23BA:java.util.concurrent.CompletableFuture@4435051e[Not completed]
2019-09-26 16:53:57,431 [pool-77-thread-1] INFO  impl.RaftServerImpl (RaftServerImpl.java:<init>(95)) - d17cca1b-2e6b-48b2-8b1c-3559490fa529: new RaftServerImpl for group-1CD36E5E23BA:[d17cca1b-2e6b-48b2-8b1c-3559490fa529:192.168.151.99:40714] with ContainerStateMachine:uninitialized
2019-09-26 16:53:57,431 [pool-77-thread-1] INFO  server.RaftServerConfigKeys (ConfUtils.java:logGet(43)) - raft.server.rpc.timeout.min = 5s (custom)
2019-09-26 16:53:57,431 [pool-77-thread-1] INFO  server.RaftServerConfigKeys (ConfUtils.java:logGet(43)) - raft.server.rpc.timeout.max = 5200ms (custom)
2019-09-26 16:53:57,431 [pool-77-thread-1] INFO  server.RaftServerConfigKeys (ConfUtils.java:logGet(43)) - raft.server.rpcslowness.timeout = 120s (custom)
2019-09-26 16:53:57,431 [pool-77-thread-1] INFO  server.RaftServerConfigKeys (ConfUtils.java:logGet(43)) - raft.server.sleep.deviation.threshold = 300 (default)
2019-09-26 16:53:57,431 [pool-77-thread-1] INFO  server.RaftServerConfigKeys (ConfUtils.java:logGet(43)) - raft.server.log.appender.install.snapshot.enabled = false (custom)
2019-09-26 16:53:57,432 [pool-77-thread-1] INFO  impl.RaftServerImpl (ServerState.java:<init>(103)) - d17cca1b-2e6b-48b2-8b1c-3559490fa529@group-1CD36E5E23BA: ConfigurationManager, init=-1: [d17cca1b-2e6b-48b2-8b1c-3559490fa529:192.168.151.99:40714], old=null, confs=<EMPTY_MAP>
2019-09-26 16:53:57,432 [pool-77-thread-1] INFO  server.RaftServerConfigKeys (ConfUtils.java:logGet(43)) - raft.server.storage.dir = [/workdir/hadoop-ozone/integration-test/target/test-dir/MiniOzoneClusterImpl-fdc3d401-fab1-4968-a84f-12bf762e2bbf/datanode-5/data/ratis] (custom)
2019-09-26 16:53:57,432 [pool-77-thread-1] INFO  storage.RaftStorageDirectory (RaftStorageDirectory.java:analyzeStorage(246)) - The storage directory /workdir/hadoop-ozone/integration-test/target/test-dir/MiniOzoneClusterImpl-fdc3d401-fab1-4968-a84f-12bf762e2bbf/datanode-5/data/ratis/9045148f-50c4-4f23-99b0-1cd36e5e23ba does not exist. Creating ...
2019-09-26 16:53:57,438 [5160ea40-cc48-41a9-a1d1-1151a36e77d8@group-15BBC5724586-SegmentedRaftLogWorker] INFO  segmented.SegmentedRaftLogWorker (SegmentedRaftLogWorker.java:execute(569)) - 5160ea40-cc48-41a9-a1d1-1151a36e77d8@group-15BBC5724586-SegmentedRaftLogWorker: created new log segment /workdir/hadoop-ozone/integration-test/target/test-dir/MiniOzoneClusterImpl-fdc3d401-fab1-4968-a84f-12bf762e2bbf/datanode-3/data/ratis/9ec9769c-428e-4b72-8e8c-15bbc5724586/current/log_inprogress_0
2019-09-26 16:53:57,441 [pool-77-thread-1] INFO  storage.RaftStorageDirectory (RaftStorageDirectory.java:tryLock(328)) - Lock on /workdir/hadoop-ozone/integration-test/target/test-dir/MiniOzoneClusterImpl-fdc3d401-fab1-4968-a84f-12bf762e2bbf/datanode-5/data/ratis/9045148f-50c4-4f23-99b0-1cd36e5e23ba/in_use.lock acquired by nodename 15096@pr-hdds-1569-g6sp5-2013761785
2019-09-26 16:53:57,454 [pool-77-thread-1] INFO  storage.RaftStorage (RaftStorage.java:format(72)) - Storage directory /workdir/hadoop-ozone/integration-test/target/test-dir/MiniOzoneClusterImpl-fdc3d401-fab1-4968-a84f-12bf762e2bbf/datanode-5/data/ratis/9045148f-50c4-4f23-99b0-1cd36e5e23ba has been successfully formatted.
2019-09-26 16:53:57,455 [pool-77-thread-1] INFO  ratis.ContainerStateMachine (ContainerStateMachine.java:loadSnapshot(230)) - group-1CD36E5E23BA: The snapshot info is null. Setting the last applied indexto:(t:0, i:~)
2019-09-26 16:53:57,455 [pool-77-thread-1] INFO  server.RaftServerConfigKeys (ConfUtils.java:logGet(43)) - raft.server.notification.no-leader.timeout = 120s (custom)
2019-09-26 16:53:57,455 [pool-77-thread-1] INFO  server.RaftServerConfigKeys (ConfUtils.java:logGet(43)) - raft.server.log.use.memory = false (default)
2019-09-26 16:53:57,455 [pool-77-thread-1] INFO  server.RaftServerConfigKeys (ConfUtils.java:logGet(43)) - raft.server.log.purge.gap = 1000000 (custom)
2019-09-26 16:53:57,455 [pool-77-thread-1] INFO  server.RaftServerConfigKeys (ConfUtils.java:logGet(43)) - raft.server.log.appender.buffer.byte-limit = 33554432 (custom)
2019-09-26 16:53:57,455 [pool-77-thread-1] INFO  server.RaftServerConfigKeys (ConfUtils.java:logGet(43)) - raft.server.log.segment.size.max = 1048576 (custom)
2019-09-26 16:53:57,455 [pool-77-thread-1] INFO  server.RaftServerConfigKeys (ConfUtils.java:logGet(43)) - raft.server.log.segment.cache.num.max = 2 (custom)
2019-09-26 16:53:57,456 [pool-77-thread-1] INFO  segmented.SegmentedRaftLogWorker (SegmentedRaftLogWorker.java:<init>(172)) - new d17cca1b-2e6b-48b2-8b1c-3559490fa529@group-1CD36E5E23BA-SegmentedRaftLogWorker for RaftStorage:Storage Directory /workdir/hadoop-ozone/integration-test/target/test-dir/MiniOzoneClusterImpl-fdc3d401-fab1-4968-a84f-12bf762e2bbf/datanode-5/data/ratis/9045148f-50c4-4f23-99b0-1cd36e5e23ba
2019-09-26 16:53:57,456 [pool-77-thread-1] INFO  server.RaftServerConfigKeys (ConfUtils.java:logGet(43)) - raft.server.log.queue.byte-limit = 2147483647 (custom)
2019-09-26 16:53:57,456 [pool-77-thread-1] INFO  server.RaftServerConfigKeys (ConfUtils.java:logGet(43)) - raft.server.log.queue.element-limit = 1024 (custom)
2019-09-26 16:53:57,456 [pool-77-thread-1] INFO  server.RaftServerConfigKeys (ConfUtils.java:logGet(43)) - raft.server.log.segment.size.max = 1048576 (custom)
2019-09-26 16:53:57,456 [pool-77-thread-1] INFO  server.RaftServerConfigKeys (ConfUtils.java:logGet(43)) - raft.server.log.preallocated.size = 16384 (custom)
2019-09-26 16:53:57,456 [pool-77-thread-1] INFO  server.RaftServerConfigKeys (ConfUtils.java:logGet(43)) - raft.server.log.write.buffer.size = 33554432 (custom)
2019-09-26 16:53:57,456 [pool-77-thread-1] INFO  server.RaftServerConfigKeys (ConfUtils.java:logGet(43)) - raft.server.log.force.sync.num = 128 (default)
2019-09-26 16:53:57,456 [pool-77-thread-1] INFO  server.RaftServerConfigKeys (ConfUtils.java:logGet(43)) - raft.server.log.statemachine.data.sync = true (default)
2019-09-26 16:53:57,456 [pool-77-thread-1] INFO  server.RaftServerConfigKeys (ConfUtils.java:logGet(43)) - raft.server.log.statemachine.data.sync.timeout = 10s (default)
2019-09-26 16:53:57,457 [pool-77-thread-1] INFO  server.RaftServerConfigKeys (ConfUtils.java:logGet(43)) - raft.server.log.statemachine.data.sync.timeout.retry = -1 (default)
2019-09-26 16:53:57,457 [pool-77-thread-1] INFO  server.RaftServerConfigKeys (ConfUtils.java:logGet(43)) - raft.server.log.statemachine.data.caching.enabled = true (custom)
2019-09-26 16:53:57,457 [pool-77-thread-1] INFO  segmented.SegmentedRaftLogWorker (SegmentedRaftLogWorker.java:lambda$new$0(132)) - d17cca1b-2e6b-48b2-8b1c-3559490fa529@group-1CD36E5E23BA-SegmentedRaftLogWorker: flushIndex: setUnconditionally 0 -> -1
2019-09-26 16:53:57,457 [pool-77-thread-1] INFO  server.RaftServerConfigKeys (ConfUtils.java:logGet(43)) - raft.server.snapshot.auto.trigger.enabled = true (custom)
2019-09-26 16:53:57,457 [pool-77-thread-1] INFO  server.RaftServerConfigKeys (ConfUtils.java:logGet(43)) - raft.server.snapshot.auto.trigger.threshold = 10000 (custom)
2019-09-26 16:53:57,458 [pool-77-thread-1] INFO  server.RaftServerConfigKeys (ConfUtils.java:logGet(43)) - raft.server.snapshot.retention.num.files = 5 (custom)
2019-09-26 16:53:57,458 [pool-77-thread-1] INFO  server.RaftServerConfigKeys (ConfUtils.java:logGet(43)) - raft.server.retrycache.expirytime = 600000ms (custom)
2019-09-26 16:53:57,459 [Thread-409] INFO  impl.FollowerState (FollowerState.java:run(106)) - 7fda706b-4e23-4e10-baba-12810c05fbbb:group-C75A7E7829B1 changes to CANDIDATE, lastRpcTime:5100, electionTimeout:5100ms
2019-09-26 16:53:57,459 [Thread-409] INFO  impl.RoleInfo (RoleInfo.java:shutdownFollowerState(121)) - 7fda706b-4e23-4e10-baba-12810c05fbbb: shutdown FollowerState
2019-09-26 16:53:57,459 [Thread-409] INFO  impl.RaftServerImpl (RaftServerImpl.java:setRole(174)) - 7fda706b-4e23-4e10-baba-12810c05fbbb@group-C75A7E7829B1: changes role from  FOLLOWER to CANDIDATE at term 0 for changeToCandidate
2019-09-26 16:53:57,459 [pool-77-thread-1] INFO  impl.RaftServerImpl (RaftServerImpl.java:start(185)) - d17cca1b-2e6b-48b2-8b1c-3559490fa529@group-1CD36E5E23BA: start as a follower, conf=-1: [d17cca1b-2e6b-48b2-8b1c-3559490fa529:192.168.151.99:40714], old=null
2019-09-26 16:53:57,459 [Thread-409] INFO  impl.RoleInfo (RoleInfo.java:updateAndGet(143)) - 7fda706b-4e23-4e10-baba-12810c05fbbb: start LeaderElection
2019-09-26 16:53:57,459 [pool-77-thread-1] INFO  impl.RaftServerImpl (RaftServerImpl.java:setRole(174)) - d17cca1b-2e6b-48b2-8b1c-3559490fa529@group-1CD36E5E23BA: changes role from      null to FOLLOWER at term 0 for startAsFollower
2019-09-26 16:53:57,459 [pool-77-thread-1] INFO  impl.RoleInfo (RoleInfo.java:updateAndGet(143)) - d17cca1b-2e6b-48b2-8b1c-3559490fa529: start FollowerState
2019-09-26 16:53:57,460 [pool-77-thread-1] INFO  util.JmxRegister (JmxRegister.java:tryRegister(44)) - Successfully registered JMX Bean with object name Ratis:service=RaftServer,group=group-1CD36E5E23BA,id=d17cca1b-2e6b-48b2-8b1c-3559490fa529
2019-09-26 16:53:57,463 [RatisPipelineUtilsThread] INFO  pipeline.PipelineStateManager (PipelineStateManager.java:addPipeline(56)) - Created pipeline Pipeline[ Id: 9045148f-50c4-4f23-99b0-1cd36e5e23ba, Nodes: d17cca1b-2e6b-48b2-8b1c-3559490fa529{ip: 192.168.151.99, host: pr-hdds-1569-g6sp5-2013761785, networkLocation: /default-rack, certSerialId: null}, Type:RATIS, Factor:ONE, State:OPEN]
2019-09-26 16:53:57,468 [grpc-default-executor-1] INFO  impl.RaftServerProxy (RaftServerProxy.java:addNew(89)) - 5160ea40-cc48-41a9-a1d1-1151a36e77d8: addNew group-1D62C6517019:[5160ea40-cc48-41a9-a1d1-1151a36e77d8:192.168.151.99:45356] returns group-1D62C6517019:java.util.concurrent.CompletableFuture@6fa9eac8[Not completed]
2019-09-26 16:53:57,469 [pool-57-thread-1] INFO  impl.RaftServerImpl (RaftServerImpl.java:<init>(95)) - 5160ea40-cc48-41a9-a1d1-1151a36e77d8: new RaftServerImpl for group-1D62C6517019:[5160ea40-cc48-41a9-a1d1-1151a36e77d8:192.168.151.99:45356] with ContainerStateMachine:uninitialized
2019-09-26 16:53:57,470 [pool-57-thread-1] INFO  server.RaftServerConfigKeys (ConfUtils.java:logGet(43)) - raft.server.rpc.timeout.min = 5s (custom)
2019-09-26 16:53:57,470 [pool-57-thread-1] INFO  server.RaftServerConfigKeys (ConfUtils.java:logGet(43)) - raft.server.rpc.timeout.max = 5200ms (custom)
2019-09-26 16:53:57,470 [pool-57-thread-1] INFO  server.RaftServerConfigKeys (ConfUtils.java:logGet(43)) - raft.server.rpcslowness.timeout = 120s (custom)
2019-09-26 16:53:57,470 [pool-57-thread-1] INFO  server.RaftServerConfigKeys (ConfUtils.java:logGet(43)) - raft.server.sleep.deviation.threshold = 300 (default)
2019-09-26 16:53:57,470 [pool-57-thread-1] INFO  server.RaftServerConfigKeys (ConfUtils.java:logGet(43)) - raft.server.log.appender.install.snapshot.enabled = false (custom)
2019-09-26 16:53:57,470 [pool-57-thread-1] INFO  impl.RaftServerImpl (ServerState.java:<init>(103)) - 5160ea40-cc48-41a9-a1d1-1151a36e77d8@group-1D62C6517019: ConfigurationManager, init=-1: [5160ea40-cc48-41a9-a1d1-1151a36e77d8:192.168.151.99:45356], old=null, confs=<EMPTY_MAP>
2019-09-26 16:53:57,470 [Thread-412] INFO  impl.FollowerState (FollowerState.java:run(106)) - d17cca1b-2e6b-48b2-8b1c-3559490fa529:group-995509E3E8EE changes to CANDIDATE, lastRpcTime:5069, electionTimeout:5069ms
2019-09-26 16:53:57,470 [pool-57-thread-1] INFO  server.RaftServerConfigKeys (ConfUtils.java:logGet(43)) - raft.server.storage.dir = [/workdir/hadoop-ozone/integration-test/target/test-dir/MiniOzoneClusterImpl-fdc3d401-fab1-4968-a84f-12bf762e2bbf/datanode-3/data/ratis] (custom)
2019-09-26 16:53:57,470 [Thread-412] INFO  impl.RoleInfo (RoleInfo.java:shutdownFollowerState(121)) - d17cca1b-2e6b-48b2-8b1c-3559490fa529: shutdown FollowerState
2019-09-26 16:53:57,471 [Thread-412] INFO  impl.RaftServerImpl (RaftServerImpl.java:setRole(174)) - d17cca1b-2e6b-48b2-8b1c-3559490fa529@group-995509E3E8EE: changes role from  FOLLOWER to CANDIDATE at term 0 for changeToCandidate
2019-09-26 16:53:57,471 [Thread-412] INFO  impl.RoleInfo (RoleInfo.java:updateAndGet(143)) - d17cca1b-2e6b-48b2-8b1c-3559490fa529: start LeaderElection
2019-09-26 16:53:57,471 [pool-57-thread-1] INFO  storage.RaftStorageDirectory (RaftStorageDirectory.java:analyzeStorage(246)) - The storage directory /workdir/hadoop-ozone/integration-test/target/test-dir/MiniOzoneClusterImpl-fdc3d401-fab1-4968-a84f-12bf762e2bbf/datanode-3/data/ratis/618a5d7c-b2a9-4f55-8698-1d62c6517019 does not exist. Creating ...
2019-09-26 16:53:57,485 [7fda706b-4e23-4e10-baba-12810c05fbbb@group-C75A7E7829B1:LeaderElection56] INFO  impl.LeaderElection (LeaderElection.java:askForVotes(182)) - 7fda706b-4e23-4e10-baba-12810c05fbbb@group-C75A7E7829B1:LeaderElection56: begin an election at term 1 for -1: [7fda706b-4e23-4e10-baba-12810c05fbbb:192.168.151.99:32897], old=null
2019-09-26 16:53:57,485 [7fda706b-4e23-4e10-baba-12810c05fbbb@group-C75A7E7829B1:LeaderElection56] INFO  impl.RoleInfo (RoleInfo.java:shutdownLeaderElection(134)) - 7fda706b-4e23-4e10-baba-12810c05fbbb: shutdown LeaderElection
2019-09-26 16:53:57,485 [7fda706b-4e23-4e10-baba-12810c05fbbb@group-C75A7E7829B1:LeaderElection56] INFO  impl.RaftServerImpl (RaftServerImpl.java:setRole(174)) - 7fda706b-4e23-4e10-baba-12810c05fbbb@group-C75A7E7829B1: changes role from CANDIDATE to LEADER at term 1 for changeToLeader
2019-09-26 16:53:57,485 [7fda706b-4e23-4e10-baba-12810c05fbbb@group-C75A7E7829B1:LeaderElection56] INFO  impl.RaftServerImpl (ServerState.java:setLeader(253)) - 7fda706b-4e23-4e10-baba-12810c05fbbb@group-C75A7E7829B1: change Leader from null to 7fda706b-4e23-4e10-baba-12810c05fbbb at term 1 for becomeLeader, leader elected after 5134ms
2019-09-26 16:53:57,486 [7fda706b-4e23-4e10-baba-12810c05fbbb@group-C75A7E7829B1:LeaderElection56] INFO  server.RaftServerConfigKeys (ConfUtils.java:logGet(43)) - raft.server.staging.catchup.gap = 1000 (default)
2019-09-26 16:53:57,486 [7fda706b-4e23-4e10-baba-12810c05fbbb@group-C75A7E7829B1:LeaderElection56] INFO  server.RaftServerConfigKeys (ConfUtils.java:logGet(43)) - raft.server.rpc.sleep.time = 25ms (default)
2019-09-26 16:53:57,486 [7fda706b-4e23-4e10-baba-12810c05fbbb@group-C75A7E7829B1:LeaderElection56] INFO  server.RaftServerConfigKeys (ConfUtils.java:logGet(43)) - raft.server.write.element-limit = 4096 (default)
2019-09-26 16:53:57,486 [7fda706b-4e23-4e10-baba-12810c05fbbb@group-C75A7E7829B1:LeaderElection56] INFO  server.RaftServerConfigKeys (ConfUtils.java:logGet(43)) - raft.server.watch.timeout = 10s (default)
2019-09-26 16:53:57,486 [7fda706b-4e23-4e10-baba-12810c05fbbb@group-C75A7E7829B1:LeaderElection56] INFO  server.RaftServerConfigKeys (ConfUtils.java:logGet(43)) - raft.server.watch.timeout.denomination = 1s (default)
2019-09-26 16:53:57,486 [7fda706b-4e23-4e10-baba-12810c05fbbb@group-C75A7E7829B1:LeaderElection56] INFO  server.RaftServerConfigKeys (ConfUtils.java:logGet(43)) - raft.server.watch.element-limit = 65536 (default)
2019-09-26 16:53:57,487 [pool-57-thread-1] INFO  storage.RaftStorageDirectory (RaftStorageDirectory.java:tryLock(328)) - Lock on /workdir/hadoop-ozone/integration-test/target/test-dir/MiniOzoneClusterImpl-fdc3d401-fab1-4968-a84f-12bf762e2bbf/datanode-3/data/ratis/618a5d7c-b2a9-4f55-8698-1d62c6517019/in_use.lock acquired by nodename 15096@pr-hdds-1569-g6sp5-2013761785
2019-09-26 16:53:57,487 [d17cca1b-2e6b-48b2-8b1c-3559490fa529@group-995509E3E8EE:LeaderElection57] INFO  impl.LeaderElection (LeaderElection.java:askForVotes(182)) - d17cca1b-2e6b-48b2-8b1c-3559490fa529@group-995509E3E8EE:LeaderElection57: begin an election at term 1 for -1: [d17cca1b-2e6b-48b2-8b1c-3559490fa529:192.168.151.99:40714], old=null
2019-09-26 16:53:57,487 [d17cca1b-2e6b-48b2-8b1c-3559490fa529@group-995509E3E8EE:LeaderElection57] INFO  impl.RoleInfo (RoleInfo.java:shutdownLeaderElection(134)) - d17cca1b-2e6b-48b2-8b1c-3559490fa529: shutdown LeaderElection
2019-09-26 16:53:57,487 [d17cca1b-2e6b-48b2-8b1c-3559490fa529@group-995509E3E8EE:LeaderElection57] INFO  impl.RaftServerImpl (RaftServerImpl.java:setRole(174)) - d17cca1b-2e6b-48b2-8b1c-3559490fa529@group-995509E3E8EE: changes role from CANDIDATE to LEADER at term 1 for changeToLeader
2019-09-26 16:53:57,487 [d17cca1b-2e6b-48b2-8b1c-3559490fa529@group-995509E3E8EE:LeaderElection57] INFO  impl.RaftServerImpl (ServerState.java:setLeader(253)) - d17cca1b-2e6b-48b2-8b1c-3559490fa529@group-995509E3E8EE: change Leader from null to d17cca1b-2e6b-48b2-8b1c-3559490fa529 at term 1 for becomeLeader, leader elected after 5094ms
2019-09-26 16:53:57,488 [d17cca1b-2e6b-48b2-8b1c-3559490fa529@group-995509E3E8EE:LeaderElection57] INFO  server.RaftServerConfigKeys (ConfUtils.java:logGet(43)) - raft.server.staging.catchup.gap = 1000 (default)
2019-09-26 16:53:57,488 [d17cca1b-2e6b-48b2-8b1c-3559490fa529@group-995509E3E8EE:LeaderElection57] INFO  server.RaftServerConfigKeys (ConfUtils.java:logGet(43)) - raft.server.rpc.sleep.time = 25ms (default)
2019-09-26 16:53:57,488 [d17cca1b-2e6b-48b2-8b1c-3559490fa529@group-995509E3E8EE:LeaderElection57] INFO  server.RaftServerConfigKeys (ConfUtils.java:logGet(43)) - raft.server.write.element-limit = 4096 (default)
2019-09-26 16:53:57,488 [d17cca1b-2e6b-48b2-8b1c-3559490fa529@group-995509E3E8EE:LeaderElection57] INFO  server.RaftServerConfigKeys (ConfUtils.java:logGet(43)) - raft.server.watch.timeout = 10s (default)
2019-09-26 16:53:57,488 [d17cca1b-2e6b-48b2-8b1c-3559490fa529@group-995509E3E8EE:LeaderElection57] INFO  server.RaftServerConfigKeys (ConfUtils.java:logGet(43)) - raft.server.watch.timeout.denomination = 1s (default)
2019-09-26 16:53:57,488 [d17cca1b-2e6b-48b2-8b1c-3559490fa529@group-995509E3E8EE:LeaderElection57] INFO  server.RaftServerConfigKeys (ConfUtils.java:logGet(43)) - raft.server.watch.element-limit = 65536 (default)
2019-09-26 16:53:57,489 [7fda706b-4e23-4e10-baba-12810c05fbbb@group-C75A7E7829B1:LeaderElection56] INFO  impl.RoleInfo (RoleInfo.java:updateAndGet(143)) - 7fda706b-4e23-4e10-baba-12810c05fbbb: start LeaderState
2019-09-26 16:53:57,489 [7fda706b-4e23-4e10-baba-12810c05fbbb@group-C75A7E7829B1:LeaderElection56] INFO  segmented.SegmentedRaftLogWorker (SegmentedRaftLogWorker.java:startLogSegment(380)) - 7fda706b-4e23-4e10-baba-12810c05fbbb@group-C75A7E7829B1-SegmentedRaftLogWorker: Starting segment from index:0
2019-09-26 16:53:57,490 [7fda706b-4e23-4e10-baba-12810c05fbbb@group-C75A7E7829B1:LeaderElection56] INFO  impl.RaftServerImpl (ServerState.java:setRaftConf(354)) - 7fda706b-4e23-4e10-baba-12810c05fbbb@group-C75A7E7829B1: set configuration 0: [7fda706b-4e23-4e10-baba-12810c05fbbb:192.168.151.99:32897], old=null at 0
2019-09-26 16:53:57,491 [d17cca1b-2e6b-48b2-8b1c-3559490fa529@group-995509E3E8EE:LeaderElection57] INFO  impl.RoleInfo (RoleInfo.java:updateAndGet(143)) - d17cca1b-2e6b-48b2-8b1c-3559490fa529: start LeaderState
2019-09-26 16:53:57,491 [d17cca1b-2e6b-48b2-8b1c-3559490fa529@group-995509E3E8EE:LeaderElection57] INFO  segmented.SegmentedRaftLogWorker (SegmentedRaftLogWorker.java:startLogSegment(380)) - d17cca1b-2e6b-48b2-8b1c-3559490fa529@group-995509E3E8EE-SegmentedRaftLogWorker: Starting segment from index:0
2019-09-26 16:53:57,492 [d17cca1b-2e6b-48b2-8b1c-3559490fa529@group-995509E3E8EE:LeaderElection57] INFO  impl.RaftServerImpl (ServerState.java:setRaftConf(354)) - d17cca1b-2e6b-48b2-8b1c-3559490fa529@group-995509E3E8EE: set configuration 0: [d17cca1b-2e6b-48b2-8b1c-3559490fa529:192.168.151.99:40714], old=null at 0
2019-09-26 16:53:57,500 [pool-57-thread-1] INFO  storage.RaftStorage (RaftStorage.java:format(72)) - Storage directory /workdir/hadoop-ozone/integration-test/target/test-dir/MiniOzoneClusterImpl-fdc3d401-fab1-4968-a84f-12bf762e2bbf/datanode-3/data/ratis/618a5d7c-b2a9-4f55-8698-1d62c6517019 has been successfully formatted.
2019-09-26 16:53:57,500 [pool-57-thread-1] INFO  ratis.ContainerStateMachine (ContainerStateMachine.java:loadSnapshot(230)) - group-1D62C6517019: The snapshot info is null. Setting the last applied indexto:(t:0, i:~)
2019-09-26 16:53:57,501 [pool-57-thread-1] INFO  server.RaftServerConfigKeys (ConfUtils.java:logGet(43)) - raft.server.notification.no-leader.timeout = 120s (custom)
2019-09-26 16:53:57,501 [pool-57-thread-1] INFO  server.RaftServerConfigKeys (ConfUtils.java:logGet(43)) - raft.server.log.use.memory = false (default)
2019-09-26 16:53:57,501 [pool-57-thread-1] INFO  server.RaftServerConfigKeys (ConfUtils.java:logGet(43)) - raft.server.log.purge.gap = 1000000 (custom)
2019-09-26 16:53:57,501 [pool-57-thread-1] INFO  server.RaftServerConfigKeys (ConfUtils.java:logGet(43)) - raft.server.log.appender.buffer.byte-limit = 33554432 (custom)
2019-09-26 16:53:57,501 [pool-57-thread-1] INFO  server.RaftServerConfigKeys (ConfUtils.java:logGet(43)) - raft.server.log.segment.size.max = 1048576 (custom)
2019-09-26 16:53:57,501 [pool-57-thread-1] INFO  server.RaftServerConfigKeys (ConfUtils.java:logGet(43)) - raft.server.log.segment.cache.num.max = 2 (custom)
2019-09-26 16:53:57,502 [pool-57-thread-1] INFO  segmented.SegmentedRaftLogWorker (SegmentedRaftLogWorker.java:<init>(172)) - new 5160ea40-cc48-41a9-a1d1-1151a36e77d8@group-1D62C6517019-SegmentedRaftLogWorker for RaftStorage:Storage Directory /workdir/hadoop-ozone/integration-test/target/test-dir/MiniOzoneClusterImpl-fdc3d401-fab1-4968-a84f-12bf762e2bbf/datanode-3/data/ratis/618a5d7c-b2a9-4f55-8698-1d62c6517019
2019-09-26 16:53:57,502 [pool-57-thread-1] INFO  server.RaftServerConfigKeys (ConfUtils.java:logGet(43)) - raft.server.log.queue.byte-limit = 2147483647 (custom)
2019-09-26 16:53:57,502 [pool-57-thread-1] INFO  server.RaftServerConfigKeys (ConfUtils.java:logGet(43)) - raft.server.log.queue.element-limit = 1024 (custom)
2019-09-26 16:53:57,502 [pool-57-thread-1] INFO  server.RaftServerConfigKeys (ConfUtils.java:logGet(43)) - raft.server.log.segment.size.max = 1048576 (custom)
2019-09-26 16:53:57,502 [pool-57-thread-1] INFO  server.RaftServerConfigKeys (ConfUtils.java:logGet(43)) - raft.server.log.preallocated.size = 16384 (custom)
2019-09-26 16:53:57,502 [pool-57-thread-1] INFO  server.RaftServerConfigKeys (ConfUtils.java:logGet(43)) - raft.server.log.write.buffer.size = 33554432 (custom)
2019-09-26 16:53:57,503 [pool-57-thread-1] INFO  server.RaftServerConfigKeys (ConfUtils.java:logGet(43)) - raft.server.log.force.sync.num = 128 (default)
2019-09-26 16:53:57,503 [pool-57-thread-1] INFO  server.RaftServerConfigKeys (ConfUtils.java:logGet(43)) - raft.server.log.statemachine.data.sync = true (default)
2019-09-26 16:53:57,503 [pool-57-thread-1] INFO  server.RaftServerConfigKeys (ConfUtils.java:logGet(43)) - raft.server.log.statemachine.data.sync.timeout = 10s (default)
2019-09-26 16:53:57,503 [pool-57-thread-1] INFO  server.RaftServerConfigKeys (ConfUtils.java:logGet(43)) - raft.server.log.statemachine.data.sync.timeout.retry = -1 (default)
2019-09-26 16:53:57,503 [pool-57-thread-1] INFO  server.RaftServerConfigKeys (ConfUtils.java:logGet(43)) - raft.server.log.statemachine.data.caching.enabled = true (custom)
2019-09-26 16:53:57,504 [pool-57-thread-1] INFO  segmented.SegmentedRaftLogWorker (SegmentedRaftLogWorker.java:lambda$new$0(132)) - 5160ea40-cc48-41a9-a1d1-1151a36e77d8@group-1D62C6517019-SegmentedRaftLogWorker: flushIndex: setUnconditionally 0 -> -1
2019-09-26 16:53:57,504 [pool-57-thread-1] INFO  server.RaftServerConfigKeys (ConfUtils.java:logGet(43)) - raft.server.snapshot.auto.trigger.enabled = true (custom)
2019-09-26 16:53:57,504 [pool-57-thread-1] INFO  server.RaftServerConfigKeys (ConfUtils.java:logGet(43)) - raft.server.snapshot.auto.trigger.threshold = 10000 (custom)
2019-09-26 16:53:57,504 [pool-57-thread-1] INFO  server.RaftServerConfigKeys (ConfUtils.java:logGet(43)) - raft.server.snapshot.retention.num.files = 5 (custom)
2019-09-26 16:53:57,505 [pool-57-thread-1] INFO  server.RaftServerConfigKeys (ConfUtils.java:logGet(43)) - raft.server.retrycache.expirytime = 600000ms (custom)
2019-09-26 16:53:57,507 [pool-57-thread-1] INFO  impl.RaftServerImpl (RaftServerImpl.java:start(185)) - 5160ea40-cc48-41a9-a1d1-1151a36e77d8@group-1D62C6517019: start as a follower, conf=-1: [5160ea40-cc48-41a9-a1d1-1151a36e77d8:192.168.151.99:45356], old=null
2019-09-26 16:53:57,507 [pool-57-thread-1] INFO  impl.RaftServerImpl (RaftServerImpl.java:setRole(174)) - 5160ea40-cc48-41a9-a1d1-1151a36e77d8@group-1D62C6517019: changes role from      null to FOLLOWER at term 0 for startAsFollower
2019-09-26 16:53:57,507 [pool-57-thread-1] INFO  impl.RoleInfo (RoleInfo.java:updateAndGet(143)) - 5160ea40-cc48-41a9-a1d1-1151a36e77d8: start FollowerState
2019-09-26 16:53:57,508 [pool-57-thread-1] INFO  util.JmxRegister (JmxRegister.java:tryRegister(44)) - Successfully registered JMX Bean with object name Ratis:service=RaftServer,group=group-1D62C6517019,id=5160ea40-cc48-41a9-a1d1-1151a36e77d8
2019-09-26 16:53:57,512 [RatisPipelineUtilsThread] INFO  pipeline.PipelineStateManager (PipelineStateManager.java:addPipeline(56)) - Created pipeline Pipeline[ Id: 618a5d7c-b2a9-4f55-8698-1d62c6517019, Nodes: 5160ea40-cc48-41a9-a1d1-1151a36e77d8{ip: 192.168.151.99, host: pr-hdds-1569-g6sp5-2013761785, networkLocation: /default-rack, certSerialId: null}, Type:RATIS, Factor:ONE, State:OPEN]
2019-09-26 16:53:57,516 [Thread-415] INFO  impl.FollowerState (FollowerState.java:run(106)) - d17cca1b-2e6b-48b2-8b1c-3559490fa529:group-9D8B1198C10D changes to CANDIDATE, lastRpcTime:5056, electionTimeout:5056ms
2019-09-26 16:53:57,516 [Thread-415] INFO  impl.RoleInfo (RoleInfo.java:shutdownFollowerState(121)) - d17cca1b-2e6b-48b2-8b1c-3559490fa529: shutdown FollowerState
2019-09-26 16:53:57,516 [Thread-415] INFO  impl.RaftServerImpl (RaftServerImpl.java:setRole(174)) - d17cca1b-2e6b-48b2-8b1c-3559490fa529@group-9D8B1198C10D: changes role from  FOLLOWER to CANDIDATE at term 0 for changeToCandidate
2019-09-26 16:53:57,516 [Thread-415] INFO  impl.RoleInfo (RoleInfo.java:updateAndGet(143)) - d17cca1b-2e6b-48b2-8b1c-3559490fa529: start LeaderElection
2019-09-26 16:53:57,519 [grpc-default-executor-1] INFO  impl.RaftServerProxy (RaftServerProxy.java:addNew(89)) - deac9605-e739-4d95-8360-f57df793faca: addNew group-71380DB631E9:[deac9605-e739-4d95-8360-f57df793faca:192.168.151.99:46601] returns group-71380DB631E9:java.util.concurrent.CompletableFuture@9a1d8e1[Not completed]
2019-09-26 16:53:57,520 [pool-27-thread-1] INFO  impl.RaftServerImpl (RaftServerImpl.java:<init>(95)) - deac9605-e739-4d95-8360-f57df793faca: new RaftServerImpl for group-71380DB631E9:[deac9605-e739-4d95-8360-f57df793faca:192.168.151.99:46601] with ContainerStateMachine:uninitialized
2019-09-26 16:53:57,521 [pool-27-thread-1] INFO  server.RaftServerConfigKeys (ConfUtils.java:logGet(43)) - raft.server.rpc.timeout.min = 5s (custom)
2019-09-26 16:53:57,521 [pool-27-thread-1] INFO  server.RaftServerConfigKeys (ConfUtils.java:logGet(43)) - raft.server.rpc.timeout.max = 5200ms (custom)
2019-09-26 16:53:57,521 [pool-27-thread-1] INFO  server.RaftServerConfigKeys (ConfUtils.java:logGet(43)) - raft.server.rpcslowness.timeout = 120s (custom)
2019-09-26 16:53:57,521 [pool-27-thread-1] INFO  server.RaftServerConfigKeys (ConfUtils.java:logGet(43)) - raft.server.sleep.deviation.threshold = 300 (default)
2019-09-26 16:53:57,521 [pool-27-thread-1] INFO  server.RaftServerConfigKeys (ConfUtils.java:logGet(43)) - raft.server.log.appender.install.snapshot.enabled = false (custom)
2019-09-26 16:53:57,521 [pool-27-thread-1] INFO  impl.RaftServerImpl (ServerState.java:<init>(103)) - deac9605-e739-4d95-8360-f57df793faca@group-71380DB631E9: ConfigurationManager, init=-1: [deac9605-e739-4d95-8360-f57df793faca:192.168.151.99:46601], old=null, confs=<EMPTY_MAP>
2019-09-26 16:53:57,522 [pool-27-thread-1] INFO  server.RaftServerConfigKeys (ConfUtils.java:logGet(43)) - raft.server.storage.dir = [/workdir/hadoop-ozone/integration-test/target/test-dir/MiniOzoneClusterImpl-fdc3d401-fab1-4968-a84f-12bf762e2bbf/datanode-0/data/ratis] (custom)
2019-09-26 16:53:57,522 [pool-27-thread-1] INFO  storage.RaftStorageDirectory (RaftStorageDirectory.java:analyzeStorage(246)) - The storage directory /workdir/hadoop-ozone/integration-test/target/test-dir/MiniOzoneClusterImpl-fdc3d401-fab1-4968-a84f-12bf762e2bbf/datanode-0/data/ratis/ae0473cb-8003-4b7c-9f42-71380db631e9 does not exist. Creating ...
2019-09-26 16:53:57,542 [pool-27-thread-1] INFO  storage.RaftStorageDirectory (RaftStorageDirectory.java:tryLock(328)) - Lock on /workdir/hadoop-ozone/integration-test/target/test-dir/MiniOzoneClusterImpl-fdc3d401-fab1-4968-a84f-12bf762e2bbf/datanode-0/data/ratis/ae0473cb-8003-4b7c-9f42-71380db631e9/in_use.lock acquired by nodename 15096@pr-hdds-1569-g6sp5-2013761785
2019-09-26 16:53:57,542 [d17cca1b-2e6b-48b2-8b1c-3559490fa529@group-9D8B1198C10D:LeaderElection58] INFO  impl.LeaderElection (LeaderElection.java:askForVotes(182)) - d17cca1b-2e6b-48b2-8b1c-3559490fa529@group-9D8B1198C10D:LeaderElection58: begin an election at term 1 for -1: [d17cca1b-2e6b-48b2-8b1c-3559490fa529:192.168.151.99:40714], old=null
2019-09-26 16:53:57,542 [d17cca1b-2e6b-48b2-8b1c-3559490fa529@group-9D8B1198C10D:LeaderElection58] INFO  impl.RoleInfo (RoleInfo.java:shutdownLeaderElection(134)) - d17cca1b-2e6b-48b2-8b1c-3559490fa529: shutdown LeaderElection
2019-09-26 16:53:57,542 [d17cca1b-2e6b-48b2-8b1c-3559490fa529@group-9D8B1198C10D:LeaderElection58] INFO  impl.RaftServerImpl (RaftServerImpl.java:setRole(174)) - d17cca1b-2e6b-48b2-8b1c-3559490fa529@group-9D8B1198C10D: changes role from CANDIDATE to LEADER at term 1 for changeToLeader
2019-09-26 16:53:57,543 [d17cca1b-2e6b-48b2-8b1c-3559490fa529@group-9D8B1198C10D:LeaderElection58] INFO  impl.RaftServerImpl (ServerState.java:setLeader(253)) - d17cca1b-2e6b-48b2-8b1c-3559490fa529@group-9D8B1198C10D: change Leader from null to d17cca1b-2e6b-48b2-8b1c-3559490fa529 at term 1 for becomeLeader, leader elected after 5091ms
2019-09-26 16:53:57,543 [d17cca1b-2e6b-48b2-8b1c-3559490fa529@group-9D8B1198C10D:LeaderElection58] INFO  server.RaftServerConfigKeys (ConfUtils.java:logGet(43)) - raft.server.staging.catchup.gap = 1000 (default)
2019-09-26 16:53:57,543 [d17cca1b-2e6b-48b2-8b1c-3559490fa529@group-9D8B1198C10D:LeaderElection58] INFO  server.RaftServerConfigKeys (ConfUtils.java:logGet(43)) - raft.server.rpc.sleep.time = 25ms (default)
2019-09-26 16:53:57,543 [d17cca1b-2e6b-48b2-8b1c-3559490fa529@group-9D8B1198C10D:LeaderElection58] INFO  server.RaftServerConfigKeys (ConfUtils.java:logGet(43)) - raft.server.write.element-limit = 4096 (default)
2019-09-26 16:53:57,543 [d17cca1b-2e6b-48b2-8b1c-3559490fa529@group-9D8B1198C10D:LeaderElection58] INFO  server.RaftServerConfigKeys (ConfUtils.java:logGet(43)) - raft.server.watch.timeout = 10s (default)
2019-09-26 16:53:57,543 [d17cca1b-2e6b-48b2-8b1c-3559490fa529@group-9D8B1198C10D:LeaderElection58] INFO  server.RaftServerConfigKeys (ConfUtils.java:logGet(43)) - raft.server.watch.timeout.denomination = 1s (default)
2019-09-26 16:53:57,543 [d17cca1b-2e6b-48b2-8b1c-3559490fa529@group-9D8B1198C10D:LeaderElection58] INFO  server.RaftServerConfigKeys (ConfUtils.java:logGet(43)) - raft.server.watch.element-limit = 65536 (default)
2019-09-26 16:53:57,544 [7fda706b-4e23-4e10-baba-12810c05fbbb@group-C75A7E7829B1-SegmentedRaftLogWorker] INFO  segmented.SegmentedRaftLogWorker (SegmentedRaftLogWorker.java:execute(569)) - 7fda706b-4e23-4e10-baba-12810c05fbbb@group-C75A7E7829B1-SegmentedRaftLogWorker: created new log segment /workdir/hadoop-ozone/integration-test/target/test-dir/MiniOzoneClusterImpl-fdc3d401-fab1-4968-a84f-12bf762e2bbf/datanode-1/data/ratis/6f50da1f-0089-47ad-9d66-c75a7e7829b1/current/log_inprogress_0
2019-09-26 16:53:57,544 [d17cca1b-2e6b-48b2-8b1c-3559490fa529@group-995509E3E8EE-SegmentedRaftLogWorker] INFO  segmented.SegmentedRaftLogWorker (SegmentedRaftLogWorker.java:execute(569)) - d17cca1b-2e6b-48b2-8b1c-3559490fa529@group-995509E3E8EE-SegmentedRaftLogWorker: created new log segment /workdir/hadoop-ozone/integration-test/target/test-dir/MiniOzoneClusterImpl-fdc3d401-fab1-4968-a84f-12bf762e2bbf/datanode-5/data/ratis/5972a85b-69f5-4d32-89cd-995509e3e8ee/current/log_inprogress_0
2019-09-26 16:53:57,545 [d17cca1b-2e6b-48b2-8b1c-3559490fa529@group-9D8B1198C10D:LeaderElection58] INFO  impl.RoleInfo (RoleInfo.java:updateAndGet(143)) - d17cca1b-2e6b-48b2-8b1c-3559490fa529: start LeaderState
2019-09-26 16:53:57,545 [d17cca1b-2e6b-48b2-8b1c-3559490fa529@group-9D8B1198C10D:LeaderElection58] INFO  segmented.SegmentedRaftLogWorker (SegmentedRaftLogWorker.java:startLogSegment(380)) - d17cca1b-2e6b-48b2-8b1c-3559490fa529@group-9D8B1198C10D-SegmentedRaftLogWorker: Starting segment from index:0
2019-09-26 16:53:57,546 [d17cca1b-2e6b-48b2-8b1c-3559490fa529@group-9D8B1198C10D:LeaderElection58] INFO  impl.RaftServerImpl (ServerState.java:setRaftConf(354)) - d17cca1b-2e6b-48b2-8b1c-3559490fa529@group-9D8B1198C10D: set configuration 0: [d17cca1b-2e6b-48b2-8b1c-3559490fa529:192.168.151.99:40714], old=null at 0
2019-09-26 16:53:57,569 [pool-27-thread-1] INFO  storage.RaftStorage (RaftStorage.java:format(72)) - Storage directory /workdir/hadoop-ozone/integration-test/target/test-dir/MiniOzoneClusterImpl-fdc3d401-fab1-4968-a84f-12bf762e2bbf/datanode-0/data/ratis/ae0473cb-8003-4b7c-9f42-71380db631e9 has been successfully formatted.
2019-09-26 16:53:57,569 [pool-27-thread-1] INFO  ratis.ContainerStateMachine (ContainerStateMachine.java:loadSnapshot(230)) - group-71380DB631E9: The snapshot info is null. Setting the last applied indexto:(t:0, i:~)
2019-09-26 16:53:57,570 [pool-27-thread-1] INFO  server.RaftServerConfigKeys (ConfUtils.java:logGet(43)) - raft.server.notification.no-leader.timeout = 120s (custom)
2019-09-26 16:53:57,570 [pool-27-thread-1] INFO  server.RaftServerConfigKeys (ConfUtils.java:logGet(43)) - raft.server.log.use.memory = false (default)
2019-09-26 16:53:57,570 [pool-27-thread-1] INFO  server.RaftServerConfigKeys (ConfUtils.java:logGet(43)) - raft.server.log.purge.gap = 1000000 (custom)
2019-09-26 16:53:57,570 [pool-27-thread-1] INFO  server.RaftServerConfigKeys (ConfUtils.java:logGet(43)) - raft.server.log.appender.buffer.byte-limit = 33554432 (custom)
2019-09-26 16:53:57,571 [pool-27-thread-1] INFO  server.RaftServerConfigKeys (ConfUtils.java:logGet(43)) - raft.server.log.segment.size.max = 1048576 (custom)
2019-09-26 16:53:57,571 [pool-27-thread-1] INFO  server.RaftServerConfigKeys (ConfUtils.java:logGet(43)) - raft.server.log.segment.cache.num.max = 2 (custom)
2019-09-26 16:53:57,571 [pool-27-thread-1] INFO  segmented.SegmentedRaftLogWorker (SegmentedRaftLogWorker.java:<init>(172)) - new deac9605-e739-4d95-8360-f57df793faca@group-71380DB631E9-SegmentedRaftLogWorker for RaftStorage:Storage Directory /workdir/hadoop-ozone/integration-test/target/test-dir/MiniOzoneClusterImpl-fdc3d401-fab1-4968-a84f-12bf762e2bbf/datanode-0/data/ratis/ae0473cb-8003-4b7c-9f42-71380db631e9
2019-09-26 16:53:57,571 [pool-27-thread-1] INFO  server.RaftServerConfigKeys (ConfUtils.java:logGet(43)) - raft.server.log.queue.byte-limit = 2147483647 (custom)
2019-09-26 16:53:57,571 [pool-27-thread-1] INFO  server.RaftServerConfigKeys (ConfUtils.java:logGet(43)) - raft.server.log.queue.element-limit = 1024 (custom)
2019-09-26 16:53:57,572 [pool-27-thread-1] INFO  server.RaftServerConfigKeys (ConfUtils.java:logGet(43)) - raft.server.log.segment.size.max = 1048576 (custom)
2019-09-26 16:53:57,572 [pool-27-thread-1] INFO  server.RaftServerConfigKeys (ConfUtils.java:logGet(43)) - raft.server.log.preallocated.size = 16384 (custom)
2019-09-26 16:53:57,572 [pool-27-thread-1] INFO  server.RaftServerConfigKeys (ConfUtils.java:logGet(43)) - raft.server.log.write.buffer.size = 33554432 (custom)
2019-09-26 16:53:57,572 [pool-27-thread-1] INFO  server.RaftServerConfigKeys (ConfUtils.java:logGet(43)) - raft.server.log.force.sync.num = 128 (default)
2019-09-26 16:53:57,572 [pool-27-thread-1] INFO  server.RaftServerConfigKeys (ConfUtils.java:logGet(43)) - raft.server.log.statemachine.data.sync = true (default)
2019-09-26 16:53:57,572 [pool-27-thread-1] INFO  server.RaftServerConfigKeys (ConfUtils.java:logGet(43)) - raft.server.log.statemachine.data.sync.timeout = 10s (default)
2019-09-26 16:53:57,573 [pool-27-thread-1] INFO  server.RaftServerConfigKeys (ConfUtils.java:logGet(43)) - raft.server.log.statemachine.data.sync.timeout.retry = -1 (default)
2019-09-26 16:53:57,573 [pool-27-thread-1] INFO  server.RaftServerConfigKeys (ConfUtils.java:logGet(43)) - raft.server.log.statemachine.data.caching.enabled = true (custom)
2019-09-26 16:53:57,573 [pool-27-thread-1] INFO  segmented.SegmentedRaftLogWorker (SegmentedRaftLogWorker.java:lambda$new$0(132)) - deac9605-e739-4d95-8360-f57df793faca@group-71380DB631E9-SegmentedRaftLogWorker: flushIndex: setUnconditionally 0 -> -1
2019-09-26 16:53:57,574 [pool-27-thread-1] INFO  server.RaftServerConfigKeys (ConfUtils.java:logGet(43)) - raft.server.snapshot.auto.trigger.enabled = true (custom)
2019-09-26 16:53:57,574 [pool-27-thread-1] INFO  server.RaftServerConfigKeys (ConfUtils.java:logGet(43)) - raft.server.snapshot.auto.trigger.threshold = 10000 (custom)
2019-09-26 16:53:57,574 [pool-27-thread-1] INFO  server.RaftServerConfigKeys (ConfUtils.java:logGet(43)) - raft.server.snapshot.retention.num.files = 5 (custom)
2019-09-26 16:53:57,574 [pool-27-thread-1] INFO  server.RaftServerConfigKeys (ConfUtils.java:logGet(43)) - raft.server.retrycache.expirytime = 600000ms (custom)
2019-09-26 16:53:57,577 [pool-27-thread-1] INFO  impl.RaftServerImpl (RaftServerImpl.java:start(185)) - deac9605-e739-4d95-8360-f57df793faca@group-71380DB631E9: start as a follower, conf=-1: [deac9605-e739-4d95-8360-f57df793faca:192.168.151.99:46601], old=null
2019-09-26 16:53:57,577 [pool-27-thread-1] INFO  impl.RaftServerImpl (RaftServerImpl.java:setRole(174)) - deac9605-e739-4d95-8360-f57df793faca@group-71380DB631E9: changes role from      null to FOLLOWER at term 0 for startAsFollower
2019-09-26 16:53:57,577 [pool-27-thread-1] INFO  impl.RoleInfo (RoleInfo.java:updateAndGet(143)) - deac9605-e739-4d95-8360-f57df793faca: start FollowerState
2019-09-26 16:53:57,577 [pool-27-thread-1] INFO  util.JmxRegister (JmxRegister.java:tryRegister(44)) - Successfully registered JMX Bean with object name Ratis:service=RaftServer,group=group-71380DB631E9,id=deac9605-e739-4d95-8360-f57df793faca
2019-09-26 16:53:57,581 [RatisPipelineUtilsThread] INFO  pipeline.PipelineStateManager (PipelineStateManager.java:addPipeline(56)) - Created pipeline Pipeline[ Id: ae0473cb-8003-4b7c-9f42-71380db631e9, Nodes: deac9605-e739-4d95-8360-f57df793faca{ip: 192.168.151.99, host: pr-hdds-1569-g6sp5-2013761785, networkLocation: /default-rack, certSerialId: null}, Type:RATIS, Factor:ONE, State:OPEN]
2019-09-26 16:53:57,588 [grpc-default-executor-1] INFO  impl.RaftServerProxy (RaftServerProxy.java:addNew(89)) - 862ec94c-cd2d-47b3-b563-7d6c2816cb58: addNew group-26B889F3603E:[862ec94c-cd2d-47b3-b563-7d6c2816cb58:192.168.151.99:36916] returns group-26B889F3603E:java.util.concurrent.CompletableFuture@30e0bdcf[Not completed]
2019-09-26 16:53:57,589 [pool-67-thread-1] INFO  impl.RaftServerImpl (RaftServerImpl.java:<init>(95)) - 862ec94c-cd2d-47b3-b563-7d6c2816cb58: new RaftServerImpl for group-26B889F3603E:[862ec94c-cd2d-47b3-b563-7d6c2816cb58:192.168.151.99:36916] with ContainerStateMachine:uninitialized
2019-09-26 16:53:57,589 [pool-67-thread-1] INFO  server.RaftServerConfigKeys (ConfUtils.java:logGet(43)) - raft.server.rpc.timeout.min = 5s (custom)
2019-09-26 16:53:57,590 [pool-67-thread-1] INFO  server.RaftServerConfigKeys (ConfUtils.java:logGet(43)) - raft.server.rpc.timeout.max = 5200ms (custom)
2019-09-26 16:53:57,590 [pool-67-thread-1] INFO  server.RaftServerConfigKeys (ConfUtils.java:logGet(43)) - raft.server.rpcslowness.timeout = 120s (custom)
2019-09-26 16:53:57,590 [pool-67-thread-1] INFO  server.RaftServerConfigKeys (ConfUtils.java:logGet(43)) - raft.server.sleep.deviation.threshold = 300 (default)
2019-09-26 16:53:57,590 [pool-67-thread-1] INFO  server.RaftServerConfigKeys (ConfUtils.java:logGet(43)) - raft.server.log.appender.install.snapshot.enabled = false (custom)
2019-09-26 16:53:57,590 [pool-67-thread-1] INFO  impl.RaftServerImpl (ServerState.java:<init>(103)) - 862ec94c-cd2d-47b3-b563-7d6c2816cb58@group-26B889F3603E: ConfigurationManager, init=-1: [862ec94c-cd2d-47b3-b563-7d6c2816cb58:192.168.151.99:36916], old=null, confs=<EMPTY_MAP>
2019-09-26 16:53:57,590 [pool-67-thread-1] INFO  server.RaftServerConfigKeys (ConfUtils.java:logGet(43)) - raft.server.storage.dir = [/workdir/hadoop-ozone/integration-test/target/test-dir/MiniOzoneClusterImpl-fdc3d401-fab1-4968-a84f-12bf762e2bbf/datanode-4/data/ratis] (custom)
2019-09-26 16:53:57,591 [pool-67-thread-1] INFO  storage.RaftStorageDirectory (RaftStorageDirectory.java:analyzeStorage(246)) - The storage directory /workdir/hadoop-ozone/integration-test/target/test-dir/MiniOzoneClusterImpl-fdc3d401-fab1-4968-a84f-12bf762e2bbf/datanode-4/data/ratis/4d9b79f6-2037-47d7-8f7b-26b889f3603e does not exist. Creating ...
2019-09-26 16:53:57,605 [pool-67-thread-1] INFO  storage.RaftStorageDirectory (RaftStorageDirectory.java:tryLock(328)) - Lock on /workdir/hadoop-ozone/integration-test/target/test-dir/MiniOzoneClusterImpl-fdc3d401-fab1-4968-a84f-12bf762e2bbf/datanode-4/data/ratis/4d9b79f6-2037-47d7-8f7b-26b889f3603e/in_use.lock acquired by nodename 15096@pr-hdds-1569-g6sp5-2013761785
2019-09-26 16:53:57,605 [d17cca1b-2e6b-48b2-8b1c-3559490fa529@group-9D8B1198C10D-SegmentedRaftLogWorker] INFO  segmented.SegmentedRaftLogWorker (SegmentedRaftLogWorker.java:execute(569)) - d17cca1b-2e6b-48b2-8b1c-3559490fa529@group-9D8B1198C10D-SegmentedRaftLogWorker: created new log segment /workdir/hadoop-ozone/integration-test/target/test-dir/MiniOzoneClusterImpl-fdc3d401-fab1-4968-a84f-12bf762e2bbf/datanode-5/data/ratis/93406f89-a92f-488b-9cdb-9d8b1198c10d/current/log_inprogress_0
2019-09-26 16:53:57,609 [pool-67-thread-1] INFO  storage.RaftStorage (RaftStorage.java:format(72)) - Storage directory /workdir/hadoop-ozone/integration-test/target/test-dir/MiniOzoneClusterImpl-fdc3d401-fab1-4968-a84f-12bf762e2bbf/datanode-4/data/ratis/4d9b79f6-2037-47d7-8f7b-26b889f3603e has been successfully formatted.
2019-09-26 16:53:57,609 [pool-67-thread-1] INFO  ratis.ContainerStateMachine (ContainerStateMachine.java:loadSnapshot(230)) - group-26B889F3603E: The snapshot info is null. Setting the last applied indexto:(t:0, i:~)
2019-09-26 16:53:57,609 [pool-67-thread-1] INFO  server.RaftServerConfigKeys (ConfUtils.java:logGet(43)) - raft.server.notification.no-leader.timeout = 120s (custom)
2019-09-26 16:53:57,610 [pool-67-thread-1] INFO  server.RaftServerConfigKeys (ConfUtils.java:logGet(43)) - raft.server.log.use.memory = false (default)
2019-09-26 16:53:57,610 [pool-67-thread-1] INFO  server.RaftServerConfigKeys (ConfUtils.java:logGet(43)) - raft.server.log.purge.gap = 1000000 (custom)
2019-09-26 16:53:57,610 [pool-67-thread-1] INFO  server.RaftServerConfigKeys (ConfUtils.java:logGet(43)) - raft.server.log.appender.buffer.byte-limit = 33554432 (custom)
2019-09-26 16:53:57,610 [pool-67-thread-1] INFO  server.RaftServerConfigKeys (ConfUtils.java:logGet(43)) - raft.server.log.segment.size.max = 1048576 (custom)
2019-09-26 16:53:57,610 [pool-67-thread-1] INFO  server.RaftServerConfigKeys (ConfUtils.java:logGet(43)) - raft.server.log.segment.cache.num.max = 2 (custom)
2019-09-26 16:53:57,611 [pool-67-thread-1] INFO  segmented.SegmentedRaftLogWorker (SegmentedRaftLogWorker.java:<init>(172)) - new 862ec94c-cd2d-47b3-b563-7d6c2816cb58@group-26B889F3603E-SegmentedRaftLogWorker for RaftStorage:Storage Directory /workdir/hadoop-ozone/integration-test/target/test-dir/MiniOzoneClusterImpl-fdc3d401-fab1-4968-a84f-12bf762e2bbf/datanode-4/data/ratis/4d9b79f6-2037-47d7-8f7b-26b889f3603e
2019-09-26 16:53:57,611 [pool-67-thread-1] INFO  server.RaftServerConfigKeys (ConfUtils.java:logGet(43)) - raft.server.log.queue.byte-limit = 2147483647 (custom)
2019-09-26 16:53:57,611 [pool-67-thread-1] INFO  server.RaftServerConfigKeys (ConfUtils.java:logGet(43)) - raft.server.log.queue.element-limit = 1024 (custom)
2019-09-26 16:53:57,611 [pool-67-thread-1] INFO  server.RaftServerConfigKeys (ConfUtils.java:logGet(43)) - raft.server.log.segment.size.max = 1048576 (custom)
2019-09-26 16:53:57,611 [pool-67-thread-1] INFO  server.RaftServerConfigKeys (ConfUtils.java:logGet(43)) - raft.server.log.preallocated.size = 16384 (custom)
2019-09-26 16:53:57,611 [pool-67-thread-1] INFO  server.RaftServerConfigKeys (ConfUtils.java:logGet(43)) - raft.server.log.write.buffer.size = 33554432 (custom)
2019-09-26 16:53:57,612 [pool-67-thread-1] INFO  server.RaftServerConfigKeys (ConfUtils.java:logGet(43)) - raft.server.log.force.sync.num = 128 (default)
2019-09-26 16:53:57,612 [pool-67-thread-1] INFO  server.RaftServerConfigKeys (ConfUtils.java:logGet(43)) - raft.server.log.statemachine.data.sync = true (default)
2019-09-26 16:53:57,612 [pool-67-thread-1] INFO  server.RaftServerConfigKeys (ConfUtils.java:logGet(43)) - raft.server.log.statemachine.data.sync.timeout = 10s (default)
2019-09-26 16:53:57,612 [pool-67-thread-1] INFO  server.RaftServerConfigKeys (ConfUtils.java:logGet(43)) - raft.server.log.statemachine.data.sync.timeout.retry = -1 (default)
2019-09-26 16:53:57,612 [pool-67-thread-1] INFO  server.RaftServerConfigKeys (ConfUtils.java:logGet(43)) - raft.server.log.statemachine.data.caching.enabled = true (custom)
2019-09-26 16:53:57,613 [pool-67-thread-1] INFO  segmented.SegmentedRaftLogWorker (SegmentedRaftLogWorker.java:lambda$new$0(132)) - 862ec94c-cd2d-47b3-b563-7d6c2816cb58@group-26B889F3603E-SegmentedRaftLogWorker: flushIndex: setUnconditionally 0 -> -1
2019-09-26 16:53:57,613 [pool-67-thread-1] INFO  server.RaftServerConfigKeys (ConfUtils.java:logGet(43)) - raft.server.snapshot.auto.trigger.enabled = true (custom)
2019-09-26 16:53:57,613 [pool-67-thread-1] INFO  server.RaftServerConfigKeys (ConfUtils.java:logGet(43)) - raft.server.snapshot.auto.trigger.threshold = 10000 (custom)
2019-09-26 16:53:57,613 [pool-67-thread-1] INFO  server.RaftServerConfigKeys (ConfUtils.java:logGet(43)) - raft.server.snapshot.retention.num.files = 5 (custom)
2019-09-26 16:53:57,613 [pool-67-thread-1] INFO  server.RaftServerConfigKeys (ConfUtils.java:logGet(43)) - raft.server.retrycache.expirytime = 600000ms (custom)
2019-09-26 16:53:57,616 [pool-67-thread-1] INFO  impl.RaftServerImpl (RaftServerImpl.java:start(185)) - 862ec94c-cd2d-47b3-b563-7d6c2816cb58@group-26B889F3603E: start as a follower, conf=-1: [862ec94c-cd2d-47b3-b563-7d6c2816cb58:192.168.151.99:36916], old=null
2019-09-26 16:53:57,616 [pool-67-thread-1] INFO  impl.RaftServerImpl (RaftServerImpl.java:setRole(174)) - 862ec94c-cd2d-47b3-b563-7d6c2816cb58@group-26B889F3603E: changes role from      null to FOLLOWER at term 0 for startAsFollower
2019-09-26 16:53:57,616 [pool-67-thread-1] INFO  impl.RoleInfo (RoleInfo.java:updateAndGet(143)) - 862ec94c-cd2d-47b3-b563-7d6c2816cb58: start FollowerState
2019-09-26 16:53:57,616 [pool-67-thread-1] INFO  util.JmxRegister (JmxRegister.java:tryRegister(44)) - Successfully registered JMX Bean with object name Ratis:service=RaftServer,group=group-26B889F3603E,id=862ec94c-cd2d-47b3-b563-7d6c2816cb58
2019-09-26 16:53:57,619 [RatisPipelineUtilsThread] INFO  pipeline.PipelineStateManager (PipelineStateManager.java:addPipeline(56)) - Created pipeline Pipeline[ Id: 4d9b79f6-2037-47d7-8f7b-26b889f3603e, Nodes: 862ec94c-cd2d-47b3-b563-7d6c2816cb58{ip: 192.168.151.99, host: pr-hdds-1569-g6sp5-2013761785, networkLocation: /default-rack, certSerialId: null}, Type:RATIS, Factor:ONE, State:OPEN]
2019-09-26 16:53:57,625 [grpc-default-executor-1] INFO  impl.RaftServerProxy (RaftServerProxy.java:addNew(89)) - 5160ea40-cc48-41a9-a1d1-1151a36e77d8: addNew group-5CF5DB96C063:[5160ea40-cc48-41a9-a1d1-1151a36e77d8:192.168.151.99:45356] returns group-5CF5DB96C063:java.util.concurrent.CompletableFuture@53509e68[Not completed]
2019-09-26 16:53:57,627 [pool-57-thread-1] INFO  impl.RaftServerImpl (RaftServerImpl.java:<init>(95)) - 5160ea40-cc48-41a9-a1d1-1151a36e77d8: new RaftServerImpl for group-5CF5DB96C063:[5160ea40-cc48-41a9-a1d1-1151a36e77d8:192.168.151.99:45356] with ContainerStateMachine:uninitialized
2019-09-26 16:53:57,627 [Thread-418] INFO  impl.FollowerState (FollowerState.java:run(106)) - 862ec94c-cd2d-47b3-b563-7d6c2816cb58:group-42F263E93C8D changes to CANDIDATE, lastRpcTime:5123, electionTimeout:5123ms
2019-09-26 16:53:57,627 [pool-57-thread-1] INFO  server.RaftServerConfigKeys (ConfUtils.java:logGet(43)) - raft.server.rpc.timeout.min = 5s (custom)
2019-09-26 16:53:57,627 [Thread-418] INFO  impl.RoleInfo (RoleInfo.java:shutdownFollowerState(121)) - 862ec94c-cd2d-47b3-b563-7d6c2816cb58: shutdown FollowerState
2019-09-26 16:53:57,627 [pool-57-thread-1] INFO  server.RaftServerConfigKeys (ConfUtils.java:logGet(43)) - raft.server.rpc.timeout.max = 5200ms (custom)
2019-09-26 16:53:57,627 [Thread-418] INFO  impl.RaftServerImpl (RaftServerImpl.java:setRole(174)) - 862ec94c-cd2d-47b3-b563-7d6c2816cb58@group-42F263E93C8D: changes role from  FOLLOWER to CANDIDATE at term 0 for changeToCandidate
2019-09-26 16:53:57,628 [pool-57-thread-1] INFO  server.RaftServerConfigKeys (ConfUtils.java:logGet(43)) - raft.server.rpcslowness.timeout = 120s (custom)
2019-09-26 16:53:57,628 [Thread-418] INFO  impl.RoleInfo (RoleInfo.java:updateAndGet(143)) - 862ec94c-cd2d-47b3-b563-7d6c2816cb58: start LeaderElection
2019-09-26 16:53:57,628 [pool-57-thread-1] INFO  server.RaftServerConfigKeys (ConfUtils.java:logGet(43)) - raft.server.sleep.deviation.threshold = 300 (default)
2019-09-26 16:53:57,628 [pool-57-thread-1] INFO  server.RaftServerConfigKeys (ConfUtils.java:logGet(43)) - raft.server.log.appender.install.snapshot.enabled = false (custom)
2019-09-26 16:53:57,628 [pool-57-thread-1] INFO  impl.RaftServerImpl (ServerState.java:<init>(103)) - 5160ea40-cc48-41a9-a1d1-1151a36e77d8@group-5CF5DB96C063: ConfigurationManager, init=-1: [5160ea40-cc48-41a9-a1d1-1151a36e77d8:192.168.151.99:45356], old=null, confs=<EMPTY_MAP>
2019-09-26 16:53:57,629 [pool-57-thread-1] INFO  server.RaftServerConfigKeys (ConfUtils.java:logGet(43)) - raft.server.storage.dir = [/workdir/hadoop-ozone/integration-test/target/test-dir/MiniOzoneClusterImpl-fdc3d401-fab1-4968-a84f-12bf762e2bbf/datanode-3/data/ratis] (custom)
2019-09-26 16:53:57,629 [pool-57-thread-1] INFO  storage.RaftStorageDirectory (RaftStorageDirectory.java:analyzeStorage(246)) - The storage directory /workdir/hadoop-ozone/integration-test/target/test-dir/MiniOzoneClusterImpl-fdc3d401-fab1-4968-a84f-12bf762e2bbf/datanode-3/data/ratis/f4d536d2-1324-437a-ae65-5cf5db96c063 does not exist. Creating ...
2019-09-26 16:53:57,634 [pool-57-thread-1] INFO  storage.RaftStorageDirectory (RaftStorageDirectory.java:tryLock(328)) - Lock on /workdir/hadoop-ozone/integration-test/target/test-dir/MiniOzoneClusterImpl-fdc3d401-fab1-4968-a84f-12bf762e2bbf/datanode-3/data/ratis/f4d536d2-1324-437a-ae65-5cf5db96c063/in_use.lock acquired by nodename 15096@pr-hdds-1569-g6sp5-2013761785
2019-09-26 16:53:57,634 [862ec94c-cd2d-47b3-b563-7d6c2816cb58@group-42F263E93C8D:LeaderElection59] INFO  impl.LeaderElection (LeaderElection.java:askForVotes(182)) - 862ec94c-cd2d-47b3-b563-7d6c2816cb58@group-42F263E93C8D:LeaderElection59: begin an election at term 1 for -1: [862ec94c-cd2d-47b3-b563-7d6c2816cb58:192.168.151.99:36916], old=null
2019-09-26 16:53:57,634 [862ec94c-cd2d-47b3-b563-7d6c2816cb58@group-42F263E93C8D:LeaderElection59] INFO  impl.RoleInfo (RoleInfo.java:shutdownLeaderElection(134)) - 862ec94c-cd2d-47b3-b563-7d6c2816cb58: shutdown LeaderElection
2019-09-26 16:53:57,634 [862ec94c-cd2d-47b3-b563-7d6c2816cb58@group-42F263E93C8D:LeaderElection59] INFO  impl.RaftServerImpl (RaftServerImpl.java:setRole(174)) - 862ec94c-cd2d-47b3-b563-7d6c2816cb58@group-42F263E93C8D: changes role from CANDIDATE to LEADER at term 1 for changeToLeader
2019-09-26 16:53:57,634 [862ec94c-cd2d-47b3-b563-7d6c2816cb58@group-42F263E93C8D:LeaderElection59] INFO  impl.RaftServerImpl (ServerState.java:setLeader(253)) - 862ec94c-cd2d-47b3-b563-7d6c2816cb58@group-42F263E93C8D: change Leader from null to 862ec94c-cd2d-47b3-b563-7d6c2816cb58 at term 1 for becomeLeader, leader elected after 5137ms
2019-09-26 16:53:57,634 [862ec94c-cd2d-47b3-b563-7d6c2816cb58@group-42F263E93C8D:LeaderElection59] INFO  server.RaftServerConfigKeys (ConfUtils.java:logGet(43)) - raft.server.staging.catchup.gap = 1000 (default)
2019-09-26 16:53:57,635 [862ec94c-cd2d-47b3-b563-7d6c2816cb58@group-42F263E93C8D:LeaderElection59] INFO  server.RaftServerConfigKeys (ConfUtils.java:logGet(43)) - raft.server.rpc.sleep.time = 25ms (default)
2019-09-26 16:53:57,635 [862ec94c-cd2d-47b3-b563-7d6c2816cb58@group-42F263E93C8D:LeaderElection59] INFO  server.RaftServerConfigKeys (ConfUtils.java:logGet(43)) - raft.server.write.element-limit = 4096 (default)
2019-09-26 16:53:57,635 [862ec94c-cd2d-47b3-b563-7d6c2816cb58@group-42F263E93C8D:LeaderElection59] INFO  server.RaftServerConfigKeys (ConfUtils.java:logGet(43)) - raft.server.watch.timeout = 10s (default)
2019-09-26 16:53:57,635 [862ec94c-cd2d-47b3-b563-7d6c2816cb58@group-42F263E93C8D:LeaderElection59] INFO  server.RaftServerConfigKeys (ConfUtils.java:logGet(43)) - raft.server.watch.timeout.denomination = 1s (default)
2019-09-26 16:53:57,635 [862ec94c-cd2d-47b3-b563-7d6c2816cb58@group-42F263E93C8D:LeaderElection59] INFO  server.RaftServerConfigKeys (ConfUtils.java:logGet(43)) - raft.server.watch.element-limit = 65536 (default)
2019-09-26 16:53:57,637 [862ec94c-cd2d-47b3-b563-7d6c2816cb58@group-42F263E93C8D:LeaderElection59] INFO  impl.RoleInfo (RoleInfo.java:updateAndGet(143)) - 862ec94c-cd2d-47b3-b563-7d6c2816cb58: start LeaderState
2019-09-26 16:53:57,638 [862ec94c-cd2d-47b3-b563-7d6c2816cb58@group-42F263E93C8D:LeaderElection59] INFO  segmented.SegmentedRaftLogWorker (SegmentedRaftLogWorker.java:startLogSegment(380)) - 862ec94c-cd2d-47b3-b563-7d6c2816cb58@group-42F263E93C8D-SegmentedRaftLogWorker: Starting segment from index:0
2019-09-26 16:53:57,638 [862ec94c-cd2d-47b3-b563-7d6c2816cb58@group-42F263E93C8D:LeaderElection59] INFO  impl.RaftServerImpl (ServerState.java:setRaftConf(354)) - 862ec94c-cd2d-47b3-b563-7d6c2816cb58@group-42F263E93C8D: set configuration 0: [862ec94c-cd2d-47b3-b563-7d6c2816cb58:192.168.151.99:36916], old=null at 0
2019-09-26 16:53:57,658 [pool-57-thread-1] INFO  storage.RaftStorage (RaftStorage.java:format(72)) - Storage directory /workdir/hadoop-ozone/integration-test/target/test-dir/MiniOzoneClusterImpl-fdc3d401-fab1-4968-a84f-12bf762e2bbf/datanode-3/data/ratis/f4d536d2-1324-437a-ae65-5cf5db96c063 has been successfully formatted.
2019-09-26 16:53:57,659 [pool-57-thread-1] INFO  ratis.ContainerStateMachine (ContainerStateMachine.java:loadSnapshot(230)) - group-5CF5DB96C063: The snapshot info is null. Setting the last applied indexto:(t:0, i:~)
2019-09-26 16:53:57,659 [pool-57-thread-1] INFO  server.RaftServerConfigKeys (ConfUtils.java:logGet(43)) - raft.server.notification.no-leader.timeout = 120s (custom)
2019-09-26 16:53:57,659 [pool-57-thread-1] INFO  server.RaftServerConfigKeys (ConfUtils.java:logGet(43)) - raft.server.log.use.memory = false (default)
2019-09-26 16:53:57,659 [pool-57-thread-1] INFO  server.RaftServerConfigKeys (ConfUtils.java:logGet(43)) - raft.server.log.purge.gap = 1000000 (custom)
2019-09-26 16:53:57,659 [pool-57-thread-1] INFO  server.RaftServerConfigKeys (ConfUtils.java:logGet(43)) - raft.server.log.appender.buffer.byte-limit = 33554432 (custom)
2019-09-26 16:53:57,660 [pool-57-thread-1] INFO  server.RaftServerConfigKeys (ConfUtils.java:logGet(43)) - raft.server.log.segment.size.max = 1048576 (custom)
2019-09-26 16:53:57,660 [pool-57-thread-1] INFO  server.RaftServerConfigKeys (ConfUtils.java:logGet(43)) - raft.server.log.segment.cache.num.max = 2 (custom)
2019-09-26 16:53:57,660 [pool-57-thread-1] INFO  segmented.SegmentedRaftLogWorker (SegmentedRaftLogWorker.java:<init>(172)) - new 5160ea40-cc48-41a9-a1d1-1151a36e77d8@group-5CF5DB96C063-SegmentedRaftLogWorker for RaftStorage:Storage Directory /workdir/hadoop-ozone/integration-test/target/test-dir/MiniOzoneClusterImpl-fdc3d401-fab1-4968-a84f-12bf762e2bbf/datanode-3/data/ratis/f4d536d2-1324-437a-ae65-5cf5db96c063
2019-09-26 16:53:57,660 [pool-57-thread-1] INFO  server.RaftServerConfigKeys (ConfUtils.java:logGet(43)) - raft.server.log.queue.byte-limit = 2147483647 (custom)
2019-09-26 16:53:57,660 [pool-57-thread-1] INFO  server.RaftServerConfigKeys (ConfUtils.java:logGet(43)) - raft.server.log.queue.element-limit = 1024 (custom)
2019-09-26 16:53:57,661 [pool-57-thread-1] INFO  server.RaftServerConfigKeys (ConfUtils.java:logGet(43)) - raft.server.log.segment.size.max = 1048576 (custom)
2019-09-26 16:53:57,661 [pool-57-thread-1] INFO  server.RaftServerConfigKeys (ConfUtils.java:logGet(43)) - raft.server.log.preallocated.size = 16384 (custom)
2019-09-26 16:53:57,661 [pool-57-thread-1] INFO  server.RaftServerConfigKeys (ConfUtils.java:logGet(43)) - raft.server.log.write.buffer.size = 33554432 (custom)
2019-09-26 16:53:57,661 [pool-57-thread-1] INFO  server.RaftServerConfigKeys (ConfUtils.java:logGet(43)) - raft.server.log.force.sync.num = 128 (default)
2019-09-26 16:53:57,661 [pool-57-thread-1] INFO  server.RaftServerConfigKeys (ConfUtils.java:logGet(43)) - raft.server.log.statemachine.data.sync = true (default)
2019-09-26 16:53:57,661 [pool-57-thread-1] INFO  server.RaftServerConfigKeys (ConfUtils.java:logGet(43)) - raft.server.log.statemachine.data.sync.timeout = 10s (default)
2019-09-26 16:53:57,662 [pool-57-thread-1] INFO  server.RaftServerConfigKeys (ConfUtils.java:logGet(43)) - raft.server.log.statemachine.data.sync.timeout.retry = -1 (default)
2019-09-26 16:53:57,662 [pool-57-thread-1] INFO  server.RaftServerConfigKeys (ConfUtils.java:logGet(43)) - raft.server.log.statemachine.data.caching.enabled = true (custom)
2019-09-26 16:53:57,662 [pool-57-thread-1] INFO  segmented.SegmentedRaftLogWorker (SegmentedRaftLogWorker.java:lambda$new$0(132)) - 5160ea40-cc48-41a9-a1d1-1151a36e77d8@group-5CF5DB96C063-SegmentedRaftLogWorker: flushIndex: setUnconditionally 0 -> -1
2019-09-26 16:53:57,663 [pool-57-thread-1] INFO  server.RaftServerConfigKeys (ConfUtils.java:logGet(43)) - raft.server.snapshot.auto.trigger.enabled = true (custom)
2019-09-26 16:53:57,663 [pool-57-thread-1] INFO  server.RaftServerConfigKeys (ConfUtils.java:logGet(43)) - raft.server.snapshot.auto.trigger.threshold = 10000 (custom)
2019-09-26 16:53:57,663 [pool-57-thread-1] INFO  server.RaftServerConfigKeys (ConfUtils.java:logGet(43)) - raft.server.snapshot.retention.num.files = 5 (custom)
2019-09-26 16:53:57,663 [pool-57-thread-1] INFO  server.RaftServerConfigKeys (ConfUtils.java:logGet(43)) - raft.server.retrycache.expirytime = 600000ms (custom)
2019-09-26 16:53:57,666 [pool-57-thread-1] INFO  impl.RaftServerImpl (RaftServerImpl.java:start(185)) - 5160ea40-cc48-41a9-a1d1-1151a36e77d8@group-5CF5DB96C063: start as a follower, conf=-1: [5160ea40-cc48-41a9-a1d1-1151a36e77d8:192.168.151.99:45356], old=null
2019-09-26 16:53:57,666 [pool-57-thread-1] INFO  impl.RaftServerImpl (RaftServerImpl.java:setRole(174)) - 5160ea40-cc48-41a9-a1d1-1151a36e77d8@group-5CF5DB96C063: changes role from      null to FOLLOWER at term 0 for startAsFollower
2019-09-26 16:53:57,666 [pool-57-thread-1] INFO  impl.RoleInfo (RoleInfo.java:updateAndGet(143)) - 5160ea40-cc48-41a9-a1d1-1151a36e77d8: start FollowerState
2019-09-26 16:53:57,667 [pool-57-thread-1] INFO  util.JmxRegister (JmxRegister.java:tryRegister(44)) - Successfully registered JMX Bean with object name Ratis:service=RaftServer,group=group-5CF5DB96C063,id=5160ea40-cc48-41a9-a1d1-1151a36e77d8
2019-09-26 16:53:57,671 [RatisPipelineUtilsThread] INFO  pipeline.PipelineStateManager (PipelineStateManager.java:addPipeline(56)) - Created pipeline Pipeline[ Id: f4d536d2-1324-437a-ae65-5cf5db96c063, Nodes: 5160ea40-cc48-41a9-a1d1-1151a36e77d8{ip: 192.168.151.99, host: pr-hdds-1569-g6sp5-2013761785, networkLocation: /default-rack, certSerialId: null}, Type:RATIS, Factor:ONE, State:OPEN]
2019-09-26 16:53:57,678 [grpc-default-executor-1] INFO  impl.RaftServerProxy (RaftServerProxy.java:addNew(89)) - 4a469c34-60df-4173-8d32-715e2ce97f5d: addNew group-528B81068606:[4a469c34-60df-4173-8d32-715e2ce97f5d:192.168.151.99:42442] returns group-528B81068606:java.util.concurrent.CompletableFuture@96e1892[Not completed]
2019-09-26 16:53:57,680 [pool-87-thread-1] INFO  impl.RaftServerImpl (RaftServerImpl.java:<init>(95)) - 4a469c34-60df-4173-8d32-715e2ce97f5d: new RaftServerImpl for group-528B81068606:[4a469c34-60df-4173-8d32-715e2ce97f5d:192.168.151.99:42442] with ContainerStateMachine:uninitialized
2019-09-26 16:53:57,680 [pool-87-thread-1] INFO  server.RaftServerConfigKeys (ConfUtils.java:logGet(43)) - raft.server.rpc.timeout.min = 5s (custom)
2019-09-26 16:53:57,681 [pool-87-thread-1] INFO  server.RaftServerConfigKeys (ConfUtils.java:logGet(43)) - raft.server.rpc.timeout.max = 5200ms (custom)
2019-09-26 16:53:57,681 [pool-87-thread-1] INFO  server.RaftServerConfigKeys (ConfUtils.java:logGet(43)) - raft.server.rpcslowness.timeout = 120s (custom)
2019-09-26 16:53:57,681 [pool-87-thread-1] INFO  server.RaftServerConfigKeys (ConfUtils.java:logGet(43)) - raft.server.sleep.deviation.threshold = 300 (default)
2019-09-26 16:53:57,681 [pool-87-thread-1] INFO  server.RaftServerConfigKeys (ConfUtils.java:logGet(43)) - raft.server.log.appender.install.snapshot.enabled = false (custom)
2019-09-26 16:53:57,681 [pool-87-thread-1] INFO  impl.RaftServerImpl (ServerState.java:<init>(103)) - 4a469c34-60df-4173-8d32-715e2ce97f5d@group-528B81068606: ConfigurationManager, init=-1: [4a469c34-60df-4173-8d32-715e2ce97f5d:192.168.151.99:42442], old=null, confs=<EMPTY_MAP>
2019-09-26 16:53:57,681 [pool-87-thread-1] INFO  server.RaftServerConfigKeys (ConfUtils.java:logGet(43)) - raft.server.storage.dir = [/workdir/hadoop-ozone/integration-test/target/test-dir/MiniOzoneClusterImpl-fdc3d401-fab1-4968-a84f-12bf762e2bbf/datanode-6/data/ratis] (custom)
2019-09-26 16:53:57,682 [pool-87-thread-1] INFO  storage.RaftStorageDirectory (RaftStorageDirectory.java:analyzeStorage(246)) - The storage directory /workdir/hadoop-ozone/integration-test/target/test-dir/MiniOzoneClusterImpl-fdc3d401-fab1-4968-a84f-12bf762e2bbf/datanode-6/data/ratis/593884a1-626c-4ce7-b535-528b81068606 does not exist. Creating ...
2019-09-26 16:53:57,696 [pool-87-thread-1] INFO  storage.RaftStorageDirectory (RaftStorageDirectory.java:tryLock(328)) - Lock on /workdir/hadoop-ozone/integration-test/target/test-dir/MiniOzoneClusterImpl-fdc3d401-fab1-4968-a84f-12bf762e2bbf/datanode-6/data/ratis/593884a1-626c-4ce7-b535-528b81068606/in_use.lock acquired by nodename 15096@pr-hdds-1569-g6sp5-2013761785
2019-09-26 16:53:57,696 [862ec94c-cd2d-47b3-b563-7d6c2816cb58@group-42F263E93C8D-SegmentedRaftLogWorker] INFO  segmented.SegmentedRaftLogWorker (SegmentedRaftLogWorker.java:execute(569)) - 862ec94c-cd2d-47b3-b563-7d6c2816cb58@group-42F263E93C8D-SegmentedRaftLogWorker: created new log segment /workdir/hadoop-ozone/integration-test/target/test-dir/MiniOzoneClusterImpl-fdc3d401-fab1-4968-a84f-12bf762e2bbf/datanode-4/data/ratis/0bb6ee57-d745-4dd6-9dbc-42f263e93c8d/current/log_inprogress_0
2019-09-26 16:53:57,699 [Thread-424] INFO  impl.FollowerState (FollowerState.java:run(106)) - 862ec94c-cd2d-47b3-b563-7d6c2816cb58:group-B880CA35D9EA changes to CANDIDATE, lastRpcTime:5092, electionTimeout:5092ms
2019-09-26 16:53:57,699 [Thread-424] INFO  impl.RoleInfo (RoleInfo.java:shutdownFollowerState(121)) - 862ec94c-cd2d-47b3-b563-7d6c2816cb58: shutdown FollowerState
2019-09-26 16:53:57,700 [Thread-424] INFO  impl.RaftServerImpl (RaftServerImpl.java:setRole(174)) - 862ec94c-cd2d-47b3-b563-7d6c2816cb58@group-B880CA35D9EA: changes role from  FOLLOWER to CANDIDATE at term 0 for changeToCandidate
2019-09-26 16:53:57,700 [Thread-424] INFO  impl.RoleInfo (RoleInfo.java:updateAndGet(143)) - 862ec94c-cd2d-47b3-b563-7d6c2816cb58: start LeaderElection
2019-09-26 16:53:57,709 [pool-87-thread-1] INFO  storage.RaftStorage (RaftStorage.java:format(72)) - Storage directory /workdir/hadoop-ozone/integration-test/target/test-dir/MiniOzoneClusterImpl-fdc3d401-fab1-4968-a84f-12bf762e2bbf/datanode-6/data/ratis/593884a1-626c-4ce7-b535-528b81068606 has been successfully formatted.
2019-09-26 16:53:57,710 [862ec94c-cd2d-47b3-b563-7d6c2816cb58@group-B880CA35D9EA:LeaderElection60] INFO  impl.LeaderElection (LeaderElection.java:askForVotes(182)) - 862ec94c-cd2d-47b3-b563-7d6c2816cb58@group-B880CA35D9EA:LeaderElection60: begin an election at term 1 for -1: [862ec94c-cd2d-47b3-b563-7d6c2816cb58:192.168.151.99:36916], old=null
2019-09-26 16:53:57,710 [862ec94c-cd2d-47b3-b563-7d6c2816cb58@group-B880CA35D9EA:LeaderElection60] INFO  impl.RoleInfo (RoleInfo.java:shutdownLeaderElection(134)) - 862ec94c-cd2d-47b3-b563-7d6c2816cb58: shutdown LeaderElection
2019-09-26 16:53:57,710 [pool-87-thread-1] INFO  ratis.ContainerStateMachine (ContainerStateMachine.java:loadSnapshot(230)) - group-528B81068606: The snapshot info is null. Setting the last applied indexto:(t:0, i:~)
2019-09-26 16:53:57,710 [862ec94c-cd2d-47b3-b563-7d6c2816cb58@group-B880CA35D9EA:LeaderElection60] INFO  impl.RaftServerImpl (RaftServerImpl.java:setRole(174)) - 862ec94c-cd2d-47b3-b563-7d6c2816cb58@group-B880CA35D9EA: changes role from CANDIDATE to LEADER at term 1 for changeToLeader
2019-09-26 16:53:57,710 [pool-87-thread-1] INFO  server.RaftServerConfigKeys (ConfUtils.java:logGet(43)) - raft.server.notification.no-leader.timeout = 120s (custom)
2019-09-26 16:53:57,710 [862ec94c-cd2d-47b3-b563-7d6c2816cb58@group-B880CA35D9EA:LeaderElection60] INFO  impl.RaftServerImpl (ServerState.java:setLeader(253)) - 862ec94c-cd2d-47b3-b563-7d6c2816cb58@group-B880CA35D9EA: change Leader from null to 862ec94c-cd2d-47b3-b563-7d6c2816cb58 at term 1 for becomeLeader, leader elected after 5110ms
2019-09-26 16:53:57,710 [pool-87-thread-1] INFO  server.RaftServerConfigKeys (ConfUtils.java:logGet(43)) - raft.server.log.use.memory = false (default)
2019-09-26 16:53:57,711 [862ec94c-cd2d-47b3-b563-7d6c2816cb58@group-B880CA35D9EA:LeaderElection60] INFO  server.RaftServerConfigKeys (ConfUtils.java:logGet(43)) - raft.server.staging.catchup.gap = 1000 (default)
2019-09-26 16:53:57,711 [pool-87-thread-1] INFO  server.RaftServerConfigKeys (ConfUtils.java:logGet(43)) - raft.server.log.purge.gap = 1000000 (custom)
2019-09-26 16:53:57,711 [862ec94c-cd2d-47b3-b563-7d6c2816cb58@group-B880CA35D9EA:LeaderElection60] INFO  server.RaftServerConfigKeys (ConfUtils.java:logGet(43)) - raft.server.rpc.sleep.time = 25ms (default)
2019-09-26 16:53:57,711 [pool-87-thread-1] INFO  server.RaftServerConfigKeys (ConfUtils.java:logGet(43)) - raft.server.log.appender.buffer.byte-limit = 33554432 (custom)
2019-09-26 16:53:57,711 [862ec94c-cd2d-47b3-b563-7d6c2816cb58@group-B880CA35D9EA:LeaderElection60] INFO  server.RaftServerConfigKeys (ConfUtils.java:logGet(43)) - raft.server.write.element-limit = 4096 (default)
2019-09-26 16:53:57,711 [pool-87-thread-1] INFO  server.RaftServerConfigKeys (ConfUtils.java:logGet(43)) - raft.server.log.segment.size.max = 1048576 (custom)
2019-09-26 16:53:57,712 [862ec94c-cd2d-47b3-b563-7d6c2816cb58@group-B880CA35D9EA:LeaderElection60] INFO  server.RaftServerConfigKeys (ConfUtils.java:logGet(43)) - raft.server.watch.timeout = 10s (default)
2019-09-26 16:53:57,712 [pool-87-thread-1] INFO  server.RaftServerConfigKeys (ConfUtils.java:logGet(43)) - raft.server.log.segment.cache.num.max = 2 (custom)
2019-09-26 16:53:57,712 [862ec94c-cd2d-47b3-b563-7d6c2816cb58@group-B880CA35D9EA:LeaderElection60] INFO  server.RaftServerConfigKeys (ConfUtils.java:logGet(43)) - raft.server.watch.timeout.denomination = 1s (default)
2019-09-26 16:53:57,712 [pool-87-thread-1] INFO  segmented.SegmentedRaftLogWorker (SegmentedRaftLogWorker.java:<init>(172)) - new 4a469c34-60df-4173-8d32-715e2ce97f5d@group-528B81068606-SegmentedRaftLogWorker for RaftStorage:Storage Directory /workdir/hadoop-ozone/integration-test/target/test-dir/MiniOzoneClusterImpl-fdc3d401-fab1-4968-a84f-12bf762e2bbf/datanode-6/data/ratis/593884a1-626c-4ce7-b535-528b81068606
2019-09-26 16:53:57,712 [862ec94c-cd2d-47b3-b563-7d6c2816cb58@group-B880CA35D9EA:LeaderElection60] INFO  server.RaftServerConfigKeys (ConfUtils.java:logGet(43)) - raft.server.watch.element-limit = 65536 (default)
2019-09-26 16:53:57,712 [pool-87-thread-1] INFO  server.RaftServerConfigKeys (ConfUtils.java:logGet(43)) - raft.server.log.queue.byte-limit = 2147483647 (custom)
2019-09-26 16:53:57,713 [pool-87-thread-1] INFO  server.RaftServerConfigKeys (ConfUtils.java:logGet(43)) - raft.server.log.queue.element-limit = 1024 (custom)
2019-09-26 16:53:57,713 [pool-87-thread-1] INFO  server.RaftServerConfigKeys (ConfUtils.java:logGet(43)) - raft.server.log.segment.size.max = 1048576 (custom)
2019-09-26 16:53:57,713 [pool-87-thread-1] INFO  server.RaftServerConfigKeys (ConfUtils.java:logGet(43)) - raft.server.log.preallocated.size = 16384 (custom)
2019-09-26 16:53:57,713 [pool-87-thread-1] INFO  server.RaftServerConfigKeys (ConfUtils.java:logGet(43)) - raft.server.log.write.buffer.size = 33554432 (custom)
2019-09-26 16:53:57,713 [pool-87-thread-1] INFO  server.RaftServerConfigKeys (ConfUtils.java:logGet(43)) - raft.server.log.force.sync.num = 128 (default)
2019-09-26 16:53:57,713 [pool-87-thread-1] INFO  server.RaftServerConfigKeys (ConfUtils.java:logGet(43)) - raft.server.log.statemachine.data.sync = true (default)
2019-09-26 16:53:57,714 [pool-87-thread-1] INFO  server.RaftServerConfigKeys (ConfUtils.java:logGet(43)) - raft.server.log.statemachine.data.sync.timeout = 10s (default)
2019-09-26 16:53:57,714 [pool-87-thread-1] INFO  server.RaftServerConfigKeys (ConfUtils.java:logGet(43)) - raft.server.log.statemachine.data.sync.timeout.retry = -1 (default)
2019-09-26 16:53:57,714 [pool-87-thread-1] INFO  server.RaftServerConfigKeys (ConfUtils.java:logGet(43)) - raft.server.log.statemachine.data.caching.enabled = true (custom)
2019-09-26 16:53:57,714 [862ec94c-cd2d-47b3-b563-7d6c2816cb58@group-B880CA35D9EA:LeaderElection60] INFO  impl.RoleInfo (RoleInfo.java:updateAndGet(143)) - 862ec94c-cd2d-47b3-b563-7d6c2816cb58: start LeaderState
2019-09-26 16:53:57,714 [pool-87-thread-1] INFO  segmented.SegmentedRaftLogWorker (SegmentedRaftLogWorker.java:lambda$new$0(132)) - 4a469c34-60df-4173-8d32-715e2ce97f5d@group-528B81068606-SegmentedRaftLogWorker: flushIndex: setUnconditionally 0 -> -1
2019-09-26 16:53:57,715 [862ec94c-cd2d-47b3-b563-7d6c2816cb58@group-B880CA35D9EA:LeaderElection60] INFO  segmented.SegmentedRaftLogWorker (SegmentedRaftLogWorker.java:startLogSegment(380)) - 862ec94c-cd2d-47b3-b563-7d6c2816cb58@group-B880CA35D9EA-SegmentedRaftLogWorker: Starting segment from index:0
2019-09-26 16:53:57,715 [pool-87-thread-1] INFO  server.RaftServerConfigKeys (ConfUtils.java:logGet(43)) - raft.server.snapshot.auto.trigger.enabled = true (custom)
2019-09-26 16:53:57,715 [pool-87-thread-1] INFO  server.RaftServerConfigKeys (ConfUtils.java:logGet(43)) - raft.server.snapshot.auto.trigger.threshold = 10000 (custom)
2019-09-26 16:53:57,715 [pool-87-thread-1] INFO  server.RaftServerConfigKeys (ConfUtils.java:logGet(43)) - raft.server.snapshot.retention.num.files = 5 (custom)
2019-09-26 16:53:57,715 [862ec94c-cd2d-47b3-b563-7d6c2816cb58@group-B880CA35D9EA:LeaderElection60] INFO  impl.RaftServerImpl (ServerState.java:setRaftConf(354)) - 862ec94c-cd2d-47b3-b563-7d6c2816cb58@group-B880CA35D9EA: set configuration 0: [862ec94c-cd2d-47b3-b563-7d6c2816cb58:192.168.151.99:36916], old=null at 0
2019-09-26 16:53:57,716 [pool-87-thread-1] INFO  server.RaftServerConfigKeys (ConfUtils.java:logGet(43)) - raft.server.retrycache.expirytime = 600000ms (custom)
2019-09-26 16:53:57,718 [pool-87-thread-1] INFO  impl.RaftServerImpl (RaftServerImpl.java:start(185)) - 4a469c34-60df-4173-8d32-715e2ce97f5d@group-528B81068606: start as a follower, conf=-1: [4a469c34-60df-4173-8d32-715e2ce97f5d:192.168.151.99:42442], old=null
2019-09-26 16:53:57,718 [pool-87-thread-1] INFO  impl.RaftServerImpl (RaftServerImpl.java:setRole(174)) - 4a469c34-60df-4173-8d32-715e2ce97f5d@group-528B81068606: changes role from      null to FOLLOWER at term 0 for startAsFollower
2019-09-26 16:53:57,719 [pool-87-thread-1] INFO  impl.RoleInfo (RoleInfo.java:updateAndGet(143)) - 4a469c34-60df-4173-8d32-715e2ce97f5d: start FollowerState
2019-09-26 16:53:57,719 [pool-87-thread-1] INFO  util.JmxRegister (JmxRegister.java:tryRegister(44)) - Successfully registered JMX Bean with object name Ratis:service=RaftServer,group=group-528B81068606,id=4a469c34-60df-4173-8d32-715e2ce97f5d
2019-09-26 16:53:57,722 [RatisPipelineUtilsThread] INFO  pipeline.PipelineStateManager (PipelineStateManager.java:addPipeline(56)) - Created pipeline Pipeline[ Id: 593884a1-626c-4ce7-b535-528b81068606, Nodes: 4a469c34-60df-4173-8d32-715e2ce97f5d{ip: 192.168.151.99, host: pr-hdds-1569-g6sp5-2013761785, networkLocation: /default-rack, certSerialId: null}, Type:RATIS, Factor:ONE, State:OPEN]
2019-09-26 16:53:57,729 [grpc-default-executor-1] INFO  impl.RaftServerProxy (RaftServerProxy.java:addNew(89)) - 4a469c34-60df-4173-8d32-715e2ce97f5d: addNew group-192151A5EAFE:[4a469c34-60df-4173-8d32-715e2ce97f5d:192.168.151.99:42442] returns group-192151A5EAFE:java.util.concurrent.CompletableFuture@3e0839e[Not completed]
2019-09-26 16:53:57,730 [pool-87-thread-1] INFO  impl.RaftServerImpl (RaftServerImpl.java:<init>(95)) - 4a469c34-60df-4173-8d32-715e2ce97f5d: new RaftServerImpl for group-192151A5EAFE:[4a469c34-60df-4173-8d32-715e2ce97f5d:192.168.151.99:42442] with ContainerStateMachine:uninitialized
2019-09-26 16:53:57,730 [pool-87-thread-1] INFO  server.RaftServerConfigKeys (ConfUtils.java:logGet(43)) - raft.server.rpc.timeout.min = 5s (custom)
2019-09-26 16:53:57,730 [pool-87-thread-1] INFO  server.RaftServerConfigKeys (ConfUtils.java:logGet(43)) - raft.server.rpc.timeout.max = 5200ms (custom)
2019-09-26 16:53:57,731 [pool-87-thread-1] INFO  server.RaftServerConfigKeys (ConfUtils.java:logGet(43)) - raft.server.rpcslowness.timeout = 120s (custom)
2019-09-26 16:53:57,731 [pool-87-thread-1] INFO  server.RaftServerConfigKeys (ConfUtils.java:logGet(43)) - raft.server.sleep.deviation.threshold = 300 (default)
2019-09-26 16:53:57,731 [pool-87-thread-1] INFO  server.RaftServerConfigKeys (ConfUtils.java:logGet(43)) - raft.server.log.appender.install.snapshot.enabled = false (custom)
2019-09-26 16:53:57,731 [pool-87-thread-1] INFO  impl.RaftServerImpl (ServerState.java:<init>(103)) - 4a469c34-60df-4173-8d32-715e2ce97f5d@group-192151A5EAFE: ConfigurationManager, init=-1: [4a469c34-60df-4173-8d32-715e2ce97f5d:192.168.151.99:42442], old=null, confs=<EMPTY_MAP>
2019-09-26 16:53:57,731 [pool-87-thread-1] INFO  server.RaftServerConfigKeys (ConfUtils.java:logGet(43)) - raft.server.storage.dir = [/workdir/hadoop-ozone/integration-test/target/test-dir/MiniOzoneClusterImpl-fdc3d401-fab1-4968-a84f-12bf762e2bbf/datanode-6/data/ratis] (custom)
2019-09-26 16:53:57,732 [pool-87-thread-1] INFO  storage.RaftStorageDirectory (RaftStorageDirectory.java:analyzeStorage(246)) - The storage directory /workdir/hadoop-ozone/integration-test/target/test-dir/MiniOzoneClusterImpl-fdc3d401-fab1-4968-a84f-12bf762e2bbf/datanode-6/data/ratis/4425958a-04a6-49aa-bf8b-192151a5eafe does not exist. Creating ...
2019-09-26 16:53:57,737 [Thread-421] INFO  impl.FollowerState (FollowerState.java:run(106)) - deac9605-e739-4d95-8360-f57df793faca:group-E92C20643E90 changes to CANDIDATE, lastRpcTime:5176, electionTimeout:5176ms
2019-09-26 16:53:57,737 [Thread-421] INFO  impl.RoleInfo (RoleInfo.java:shutdownFollowerState(121)) - deac9605-e739-4d95-8360-f57df793faca: shutdown FollowerState
2019-09-26 16:53:57,738 [Thread-421] INFO  impl.RaftServerImpl (RaftServerImpl.java:setRole(174)) - deac9605-e739-4d95-8360-f57df793faca@group-E92C20643E90: changes role from  FOLLOWER to CANDIDATE at term 0 for changeToCandidate
2019-09-26 16:53:57,738 [Thread-421] INFO  impl.RoleInfo (RoleInfo.java:updateAndGet(143)) - deac9605-e739-4d95-8360-f57df793faca: start LeaderElection
2019-09-26 16:53:57,747 [pool-87-thread-1] INFO  storage.RaftStorageDirectory (RaftStorageDirectory.java:tryLock(328)) - Lock on /workdir/hadoop-ozone/integration-test/target/test-dir/MiniOzoneClusterImpl-fdc3d401-fab1-4968-a84f-12bf762e2bbf/datanode-6/data/ratis/4425958a-04a6-49aa-bf8b-192151a5eafe/in_use.lock acquired by nodename 15096@pr-hdds-1569-g6sp5-2013761785
2019-09-26 16:53:57,747 [deac9605-e739-4d95-8360-f57df793faca@group-E92C20643E90:LeaderElection61] INFO  impl.LeaderElection (LeaderElection.java:askForVotes(182)) - deac9605-e739-4d95-8360-f57df793faca@group-E92C20643E90:LeaderElection61: begin an election at term 1 for -1: [deac9605-e739-4d95-8360-f57df793faca:192.168.151.99:46601], old=null
2019-09-26 16:53:57,747 [deac9605-e739-4d95-8360-f57df793faca@group-E92C20643E90:LeaderElection61] INFO  impl.RoleInfo (RoleInfo.java:shutdownLeaderElection(134)) - deac9605-e739-4d95-8360-f57df793faca: shutdown LeaderElection
2019-09-26 16:53:57,747 [deac9605-e739-4d95-8360-f57df793faca@group-E92C20643E90:LeaderElection61] INFO  impl.RaftServerImpl (RaftServerImpl.java:setRole(174)) - deac9605-e739-4d95-8360-f57df793faca@group-E92C20643E90: changes role from CANDIDATE to LEADER at term 1 for changeToLeader
2019-09-26 16:53:57,748 [deac9605-e739-4d95-8360-f57df793faca@group-E92C20643E90:LeaderElection61] INFO  impl.RaftServerImpl (ServerState.java:setLeader(253)) - deac9605-e739-4d95-8360-f57df793faca@group-E92C20643E90: change Leader from null to deac9605-e739-4d95-8360-f57df793faca at term 1 for becomeLeader, leader elected after 5194ms
2019-09-26 16:53:57,748 [deac9605-e739-4d95-8360-f57df793faca@group-E92C20643E90:LeaderElection61] INFO  server.RaftServerConfigKeys (ConfUtils.java:logGet(43)) - raft.server.staging.catchup.gap = 1000 (default)
2019-09-26 16:53:57,748 [deac9605-e739-4d95-8360-f57df793faca@group-E92C20643E90:LeaderElection61] INFO  server.RaftServerConfigKeys (ConfUtils.java:logGet(43)) - raft.server.rpc.sleep.time = 25ms (default)
2019-09-26 16:53:57,748 [deac9605-e739-4d95-8360-f57df793faca@group-E92C20643E90:LeaderElection61] INFO  server.RaftServerConfigKeys (ConfUtils.java:logGet(43)) - raft.server.write.element-limit = 4096 (default)
2019-09-26 16:53:57,748 [deac9605-e739-4d95-8360-f57df793faca@group-E92C20643E90:LeaderElection61] INFO  server.RaftServerConfigKeys (ConfUtils.java:logGet(43)) - raft.server.watch.timeout = 10s (default)
2019-09-26 16:53:57,748 [deac9605-e739-4d95-8360-f57df793faca@group-E92C20643E90:LeaderElection61] INFO  server.RaftServerConfigKeys (ConfUtils.java:logGet(43)) - raft.server.watch.timeout.denomination = 1s (default)
2019-09-26 16:53:57,748 [deac9605-e739-4d95-8360-f57df793faca@group-E92C20643E90:LeaderElection61] INFO  server.RaftServerConfigKeys (ConfUtils.java:logGet(43)) - raft.server.watch.element-limit = 65536 (default)
2019-09-26 16:53:57,751 [deac9605-e739-4d95-8360-f57df793faca@group-E92C20643E90:LeaderElection61] INFO  impl.RoleInfo (RoleInfo.java:updateAndGet(143)) - deac9605-e739-4d95-8360-f57df793faca: start LeaderState
2019-09-26 16:53:57,751 [deac9605-e739-4d95-8360-f57df793faca@group-E92C20643E90:LeaderElection61] INFO  segmented.SegmentedRaftLogWorker (SegmentedRaftLogWorker.java:startLogSegment(380)) - deac9605-e739-4d95-8360-f57df793faca@group-E92C20643E90-SegmentedRaftLogWorker: Starting segment from index:0
2019-09-26 16:53:57,752 [deac9605-e739-4d95-8360-f57df793faca@group-E92C20643E90:LeaderElection61] INFO  impl.RaftServerImpl (ServerState.java:setRaftConf(354)) - deac9605-e739-4d95-8360-f57df793faca@group-E92C20643E90: set configuration 0: [deac9605-e739-4d95-8360-f57df793faca:192.168.151.99:46601], old=null at 0
2019-09-26 16:53:57,761 [862ec94c-cd2d-47b3-b563-7d6c2816cb58@group-B880CA35D9EA-SegmentedRaftLogWorker] INFO  segmented.SegmentedRaftLogWorker (SegmentedRaftLogWorker.java:execute(569)) - 862ec94c-cd2d-47b3-b563-7d6c2816cb58@group-B880CA35D9EA-SegmentedRaftLogWorker: created new log segment /workdir/hadoop-ozone/integration-test/target/test-dir/MiniOzoneClusterImpl-fdc3d401-fab1-4968-a84f-12bf762e2bbf/datanode-4/data/ratis/2fa77e9a-6160-42a9-9f19-b880ca35d9ea/current/log_inprogress_0
2019-09-26 16:53:57,761 [pool-87-thread-1] INFO  storage.RaftStorage (RaftStorage.java:format(72)) - Storage directory /workdir/hadoop-ozone/integration-test/target/test-dir/MiniOzoneClusterImpl-fdc3d401-fab1-4968-a84f-12bf762e2bbf/datanode-6/data/ratis/4425958a-04a6-49aa-bf8b-192151a5eafe has been successfully formatted.
2019-09-26 16:53:57,762 [pool-87-thread-1] INFO  ratis.ContainerStateMachine (ContainerStateMachine.java:loadSnapshot(230)) - group-192151A5EAFE: The snapshot info is null. Setting the last applied indexto:(t:0, i:~)
2019-09-26 16:53:57,762 [pool-87-thread-1] INFO  server.RaftServerConfigKeys (ConfUtils.java:logGet(43)) - raft.server.notification.no-leader.timeout = 120s (custom)
2019-09-26 16:53:57,762 [pool-87-thread-1] INFO  server.RaftServerConfigKeys (ConfUtils.java:logGet(43)) - raft.server.log.use.memory = false (default)
2019-09-26 16:53:57,763 [pool-87-thread-1] INFO  server.RaftServerConfigKeys (ConfUtils.java:logGet(43)) - raft.server.log.purge.gap = 1000000 (custom)
2019-09-26 16:53:57,763 [pool-87-thread-1] INFO  server.RaftServerConfigKeys (ConfUtils.java:logGet(43)) - raft.server.log.appender.buffer.byte-limit = 33554432 (custom)
2019-09-26 16:53:57,763 [pool-87-thread-1] INFO  server.RaftServerConfigKeys (ConfUtils.java:logGet(43)) - raft.server.log.segment.size.max = 1048576 (custom)
2019-09-26 16:53:57,763 [pool-87-thread-1] INFO  server.RaftServerConfigKeys (ConfUtils.java:logGet(43)) - raft.server.log.segment.cache.num.max = 2 (custom)
2019-09-26 16:53:57,763 [pool-87-thread-1] INFO  segmented.SegmentedRaftLogWorker (SegmentedRaftLogWorker.java:<init>(172)) - new 4a469c34-60df-4173-8d32-715e2ce97f5d@group-192151A5EAFE-SegmentedRaftLogWorker for RaftStorage:Storage Directory /workdir/hadoop-ozone/integration-test/target/test-dir/MiniOzoneClusterImpl-fdc3d401-fab1-4968-a84f-12bf762e2bbf/datanode-6/data/ratis/4425958a-04a6-49aa-bf8b-192151a5eafe
2019-09-26 16:53:57,763 [pool-87-thread-1] INFO  server.RaftServerConfigKeys (ConfUtils.java:logGet(43)) - raft.server.log.queue.byte-limit = 2147483647 (custom)
2019-09-26 16:53:57,764 [pool-87-thread-1] INFO  server.RaftServerConfigKeys (ConfUtils.java:logGet(43)) - raft.server.log.queue.element-limit = 1024 (custom)
2019-09-26 16:53:57,764 [pool-87-thread-1] INFO  server.RaftServerConfigKeys (ConfUtils.java:logGet(43)) - raft.server.log.segment.size.max = 1048576 (custom)
2019-09-26 16:53:57,764 [pool-87-thread-1] INFO  server.RaftServerConfigKeys (ConfUtils.java:logGet(43)) - raft.server.log.preallocated.size = 16384 (custom)
2019-09-26 16:53:57,764 [pool-87-thread-1] INFO  server.RaftServerConfigKeys (ConfUtils.java:logGet(43)) - raft.server.log.write.buffer.size = 33554432 (custom)
2019-09-26 16:53:57,764 [pool-87-thread-1] INFO  server.RaftServerConfigKeys (ConfUtils.java:logGet(43)) - raft.server.log.force.sync.num = 128 (default)
2019-09-26 16:53:57,764 [pool-87-thread-1] INFO  server.RaftServerConfigKeys (ConfUtils.java:logGet(43)) - raft.server.log.statemachine.data.sync = true (default)
2019-09-26 16:53:57,765 [pool-87-thread-1] INFO  server.RaftServerConfigKeys (ConfUtils.java:logGet(43)) - raft.server.log.statemachine.data.sync.timeout = 10s (default)
2019-09-26 16:53:57,765 [pool-87-thread-1] INFO  server.RaftServerConfigKeys (ConfUtils.java:logGet(43)) - raft.server.log.statemachine.data.sync.timeout.retry = -1 (default)
2019-09-26 16:53:57,765 [pool-87-thread-1] INFO  server.RaftServerConfigKeys (ConfUtils.java:logGet(43)) - raft.server.log.statemachine.data.caching.enabled = true (custom)
2019-09-26 16:53:57,766 [pool-87-thread-1] INFO  segmented.SegmentedRaftLogWorker (SegmentedRaftLogWorker.java:lambda$new$0(132)) - 4a469c34-60df-4173-8d32-715e2ce97f5d@group-192151A5EAFE-SegmentedRaftLogWorker: flushIndex: setUnconditionally 0 -> -1
2019-09-26 16:53:57,767 [pool-87-thread-1] INFO  server.RaftServerConfigKeys (ConfUtils.java:logGet(43)) - raft.server.snapshot.auto.trigger.enabled = true (custom)
2019-09-26 16:53:57,767 [pool-87-thread-1] INFO  server.RaftServerConfigKeys (ConfUtils.java:logGet(43)) - raft.server.snapshot.auto.trigger.threshold = 10000 (custom)
2019-09-26 16:53:57,767 [pool-87-thread-1] INFO  server.RaftServerConfigKeys (ConfUtils.java:logGet(43)) - raft.server.snapshot.retention.num.files = 5 (custom)
2019-09-26 16:53:57,767 [pool-87-thread-1] INFO  server.RaftServerConfigKeys (ConfUtils.java:logGet(43)) - raft.server.retrycache.expirytime = 600000ms (custom)
2019-09-26 16:53:57,770 [pool-87-thread-1] INFO  impl.RaftServerImpl (RaftServerImpl.java:start(185)) - 4a469c34-60df-4173-8d32-715e2ce97f5d@group-192151A5EAFE: start as a follower, conf=-1: [4a469c34-60df-4173-8d32-715e2ce97f5d:192.168.151.99:42442], old=null
2019-09-26 16:53:57,770 [pool-87-thread-1] INFO  impl.RaftServerImpl (RaftServerImpl.java:setRole(174)) - 4a469c34-60df-4173-8d32-715e2ce97f5d@group-192151A5EAFE: changes role from      null to FOLLOWER at term 0 for startAsFollower
2019-09-26 16:53:57,770 [pool-87-thread-1] INFO  impl.RoleInfo (RoleInfo.java:updateAndGet(143)) - 4a469c34-60df-4173-8d32-715e2ce97f5d: start FollowerState
2019-09-26 16:53:57,770 [pool-87-thread-1] INFO  util.JmxRegister (JmxRegister.java:tryRegister(44)) - Successfully registered JMX Bean with object name Ratis:service=RaftServer,group=group-192151A5EAFE,id=4a469c34-60df-4173-8d32-715e2ce97f5d
2019-09-26 16:53:57,774 [RatisPipelineUtilsThread] INFO  pipeline.PipelineStateManager (PipelineStateManager.java:addPipeline(56)) - Created pipeline Pipeline[ Id: 4425958a-04a6-49aa-bf8b-192151a5eafe, Nodes: 4a469c34-60df-4173-8d32-715e2ce97f5d{ip: 192.168.151.99, host: pr-hdds-1569-g6sp5-2013761785, networkLocation: /default-rack, certSerialId: null}, Type:RATIS, Factor:ONE, State:OPEN]
2019-09-26 16:53:57,777 [Thread-430] INFO  impl.FollowerState (FollowerState.java:run(106)) - 862ec94c-cd2d-47b3-b563-7d6c2816cb58:group-B36475BE038F changes to CANDIDATE, lastRpcTime:5073, electionTimeout:5073ms
2019-09-26 16:53:57,777 [Thread-430] INFO  impl.RoleInfo (RoleInfo.java:shutdownFollowerState(121)) - 862ec94c-cd2d-47b3-b563-7d6c2816cb58: shutdown FollowerState
2019-09-26 16:53:57,777 [Thread-430] INFO  impl.RaftServerImpl (RaftServerImpl.java:setRole(174)) - 862ec94c-cd2d-47b3-b563-7d6c2816cb58@group-B36475BE038F: changes role from  FOLLOWER to CANDIDATE at term 0 for changeToCandidate
2019-09-26 16:53:57,777 [Thread-430] INFO  impl.RoleInfo (RoleInfo.java:updateAndGet(143)) - 862ec94c-cd2d-47b3-b563-7d6c2816cb58: start LeaderElection
2019-09-26 16:53:57,796 [862ec94c-cd2d-47b3-b563-7d6c2816cb58@group-B36475BE038F:LeaderElection62] INFO  impl.LeaderElection (LeaderElection.java:askForVotes(182)) - 862ec94c-cd2d-47b3-b563-7d6c2816cb58@group-B36475BE038F:LeaderElection62: begin an election at term 1 for -1: [862ec94c-cd2d-47b3-b563-7d6c2816cb58:192.168.151.99:36916], old=null
2019-09-26 16:53:57,796 [Thread-427] INFO  impl.FollowerState (FollowerState.java:run(106)) - 4a469c34-60df-4173-8d32-715e2ce97f5d:group-097323AD23A7 changes to CANDIDATE, lastRpcTime:5137, electionTimeout:5129ms
2019-09-26 16:53:57,796 [862ec94c-cd2d-47b3-b563-7d6c2816cb58@group-B36475BE038F:LeaderElection62] INFO  impl.RoleInfo (RoleInfo.java:shutdownLeaderElection(134)) - 862ec94c-cd2d-47b3-b563-7d6c2816cb58: shutdown LeaderElection
2019-09-26 16:53:57,796 [Thread-433] INFO  impl.FollowerState (FollowerState.java:run(106)) - 5160ea40-cc48-41a9-a1d1-1151a36e77d8:group-5D5B5FA2477B changes to CANDIDATE, lastRpcTime:5043, electionTimeout:5037ms
2019-09-26 16:53:57,796 [862ec94c-cd2d-47b3-b563-7d6c2816cb58@group-B36475BE038F:LeaderElection62] INFO  impl.RaftServerImpl (RaftServerImpl.java:setRole(174)) - 862ec94c-cd2d-47b3-b563-7d6c2816cb58@group-B36475BE038F: changes role from CANDIDATE to LEADER at term 1 for changeToLeader
2019-09-26 16:53:57,796 [Thread-427] INFO  impl.RoleInfo (RoleInfo.java:shutdownFollowerState(121)) - 4a469c34-60df-4173-8d32-715e2ce97f5d: shutdown FollowerState
2019-09-26 16:53:57,799 [862ec94c-cd2d-47b3-b563-7d6c2816cb58@group-B36475BE038F:LeaderElection62] INFO  impl.RaftServerImpl (ServerState.java:setLeader(253)) - 862ec94c-cd2d-47b3-b563-7d6c2816cb58@group-B36475BE038F: change Leader from null to 862ec94c-cd2d-47b3-b563-7d6c2816cb58 at term 1 for becomeLeader, leader elected after 5102ms
2019-09-26 16:53:57,799 [Thread-433] INFO  impl.RoleInfo (RoleInfo.java:shutdownFollowerState(121)) - 5160ea40-cc48-41a9-a1d1-1151a36e77d8: shutdown FollowerState
2019-09-26 16:53:57,813 [862ec94c-cd2d-47b3-b563-7d6c2816cb58@group-B36475BE038F:LeaderElection62] INFO  server.RaftServerConfigKeys (ConfUtils.java:logGet(43)) - raft.server.staging.catchup.gap = 1000 (default)
2019-09-26 16:53:57,810 [Thread-427] INFO  impl.RaftServerImpl (RaftServerImpl.java:setRole(174)) - 4a469c34-60df-4173-8d32-715e2ce97f5d@group-097323AD23A7: changes role from  FOLLOWER to CANDIDATE at term 0 for changeToCandidate
2019-09-26 16:53:57,813 [862ec94c-cd2d-47b3-b563-7d6c2816cb58@group-B36475BE038F:LeaderElection62] INFO  server.RaftServerConfigKeys (ConfUtils.java:logGet(43)) - raft.server.rpc.sleep.time = 25ms (default)
2019-09-26 16:53:57,813 [Thread-433] INFO  impl.RaftServerImpl (RaftServerImpl.java:setRole(174)) - 5160ea40-cc48-41a9-a1d1-1151a36e77d8@group-5D5B5FA2477B: changes role from  FOLLOWER to CANDIDATE at term 0 for changeToCandidate
2019-09-26 16:53:57,814 [862ec94c-cd2d-47b3-b563-7d6c2816cb58@group-B36475BE038F:LeaderElection62] INFO  server.RaftServerConfigKeys (ConfUtils.java:logGet(43)) - raft.server.write.element-limit = 4096 (default)
2019-09-26 16:53:57,814 [Thread-433] INFO  impl.RoleInfo (RoleInfo.java:updateAndGet(143)) - 5160ea40-cc48-41a9-a1d1-1151a36e77d8: start LeaderElection
2019-09-26 16:53:57,814 [Thread-427] INFO  impl.RoleInfo (RoleInfo.java:updateAndGet(143)) - 4a469c34-60df-4173-8d32-715e2ce97f5d: start LeaderElection
2019-09-26 16:53:57,814 [862ec94c-cd2d-47b3-b563-7d6c2816cb58@group-B36475BE038F:LeaderElection62] INFO  server.RaftServerConfigKeys (ConfUtils.java:logGet(43)) - raft.server.watch.timeout = 10s (default)
2019-09-26 16:53:57,814 [862ec94c-cd2d-47b3-b563-7d6c2816cb58@group-B36475BE038F:LeaderElection62] INFO  server.RaftServerConfigKeys (ConfUtils.java:logGet(43)) - raft.server.watch.timeout.denomination = 1s (default)
2019-09-26 16:53:57,815 [862ec94c-cd2d-47b3-b563-7d6c2816cb58@group-B36475BE038F:LeaderElection62] INFO  server.RaftServerConfigKeys (ConfUtils.java:logGet(43)) - raft.server.watch.element-limit = 65536 (default)
2019-09-26 16:53:57,819 [grpc-default-executor-2] INFO  impl.RaftServerProxy (RaftServerProxy.java:addNew(89)) - 7fda706b-4e23-4e10-baba-12810c05fbbb: addNew group-BA65C6CD63B8:[579334d3-7c10-42f4-b10c-e6c2267ece25:192.168.151.99:34131, d17cca1b-2e6b-48b2-8b1c-3559490fa529:192.168.151.99:40714, 7fda706b-4e23-4e10-baba-12810c05fbbb:192.168.151.99:32897] returns group-BA65C6CD63B8:java.util.concurrent.CompletableFuture@4d79f62b[Not completed]
2019-09-26 16:53:57,820 [862ec94c-cd2d-47b3-b563-7d6c2816cb58@group-B36475BE038F:LeaderElection62] INFO  impl.RoleInfo (RoleInfo.java:updateAndGet(143)) - 862ec94c-cd2d-47b3-b563-7d6c2816cb58: start LeaderState
2019-09-26 16:53:57,820 [deac9605-e739-4d95-8360-f57df793faca@group-E92C20643E90-SegmentedRaftLogWorker] INFO  segmented.SegmentedRaftLogWorker (SegmentedRaftLogWorker.java:execute(569)) - deac9605-e739-4d95-8360-f57df793faca@group-E92C20643E90-SegmentedRaftLogWorker: created new log segment /workdir/hadoop-ozone/integration-test/target/test-dir/MiniOzoneClusterImpl-fdc3d401-fab1-4968-a84f-12bf762e2bbf/datanode-0/data/ratis/5fddd278-8f72-484a-abb8-e92c20643e90/current/log_inprogress_0
2019-09-26 16:53:57,819 [grpc-default-executor-0] INFO  impl.RaftServerProxy (RaftServerProxy.java:addNew(89)) - 579334d3-7c10-42f4-b10c-e6c2267ece25: addNew group-BA65C6CD63B8:[579334d3-7c10-42f4-b10c-e6c2267ece25:192.168.151.99:34131, d17cca1b-2e6b-48b2-8b1c-3559490fa529:192.168.151.99:40714, 7fda706b-4e23-4e10-baba-12810c05fbbb:192.168.151.99:32897] returns group-BA65C6CD63B8:java.util.concurrent.CompletableFuture@68b59581[Not completed]
2019-09-26 16:53:57,819 [grpc-default-executor-1] INFO  impl.RaftServerProxy (RaftServerProxy.java:addNew(89)) - d17cca1b-2e6b-48b2-8b1c-3559490fa529: addNew group-BA65C6CD63B8:[579334d3-7c10-42f4-b10c-e6c2267ece25:192.168.151.99:34131, d17cca1b-2e6b-48b2-8b1c-3559490fa529:192.168.151.99:40714, 7fda706b-4e23-4e10-baba-12810c05fbbb:192.168.151.99:32897] returns group-BA65C6CD63B8:java.util.concurrent.CompletableFuture@6854021e[Not completed]
2019-09-26 16:53:57,820 [862ec94c-cd2d-47b3-b563-7d6c2816cb58@group-B36475BE038F:LeaderElection62] INFO  segmented.SegmentedRaftLogWorker (SegmentedRaftLogWorker.java:startLogSegment(380)) - 862ec94c-cd2d-47b3-b563-7d6c2816cb58@group-B36475BE038F-SegmentedRaftLogWorker: Starting segment from index:0
2019-09-26 16:53:57,821 [862ec94c-cd2d-47b3-b563-7d6c2816cb58@group-B36475BE038F:LeaderElection62] INFO  impl.RaftServerImpl (ServerState.java:setRaftConf(354)) - 862ec94c-cd2d-47b3-b563-7d6c2816cb58@group-B36475BE038F: set configuration 0: [862ec94c-cd2d-47b3-b563-7d6c2816cb58:192.168.151.99:36916], old=null at 0
2019-09-26 16:53:58,316 [Thread-462] INFO  impl.FollowerState (FollowerState.java:run(106)) - 862ec94c-cd2d-47b3-b563-7d6c2816cb58:group-BB4B418CBDF4 changes to CANDIDATE, lastRpcTime:5102, electionTimeout:5032ms
2019-09-26 16:53:58,316 [Thread-451] INFO  impl.FollowerState (FollowerState.java:run(106)) - d17cca1b-2e6b-48b2-8b1c-3559490fa529:group-3AF9D29E2206 changes to CANDIDATE, lastRpcTime:5279, electionTimeout:5194ms
2019-09-26 16:53:58,316 [Thread-462] INFO  impl.RoleInfo (RoleInfo.java:shutdownFollowerState(121)) - 862ec94c-cd2d-47b3-b563-7d6c2816cb58: shutdown FollowerState
2019-09-26 16:53:58,316 [Thread-451] INFO  impl.RoleInfo (RoleInfo.java:shutdownFollowerState(121)) - d17cca1b-2e6b-48b2-8b1c-3559490fa529: shutdown FollowerState
2019-09-26 16:53:58,316 [Thread-457] INFO  impl.FollowerState (FollowerState.java:run(106)) - 862ec94c-cd2d-47b3-b563-7d6c2816cb58:group-81A567F4826C changes to CANDIDATE, lastRpcTime:5197, electionTimeout:5098ms
2019-09-26 16:53:58,317 [Thread-457] INFO  impl.RoleInfo (RoleInfo.java:shutdownFollowerState(121)) - 862ec94c-cd2d-47b3-b563-7d6c2816cb58: shutdown FollowerState
2019-09-26 16:53:58,316 [Thread-454] INFO  impl.FollowerState (FollowerState.java:run(106)) - 4a469c34-60df-4173-8d32-715e2ce97f5d:group-052A6FDB3A80 changes to CANDIDATE, lastRpcTime:5238, electionTimeout:5150ms
2019-09-26 16:53:58,317 [Thread-451] INFO  impl.RaftServerImpl (RaftServerImpl.java:setRole(174)) - d17cca1b-2e6b-48b2-8b1c-3559490fa529@group-3AF9D29E2206: changes role from  FOLLOWER to CANDIDATE at term 0 for changeToCandidate
2019-09-26 16:53:58,317 [Thread-457] INFO  impl.RaftServerImpl (RaftServerImpl.java:setRole(174)) - 862ec94c-cd2d-47b3-b563-7d6c2816cb58@group-81A567F4826C: changes role from  FOLLOWER to CANDIDATE at term 0 for changeToCandidate
2019-09-26 16:53:58,317 [Thread-462] INFO  impl.RaftServerImpl (RaftServerImpl.java:setRole(174)) - 862ec94c-cd2d-47b3-b563-7d6c2816cb58@group-BB4B418CBDF4: changes role from  FOLLOWER to CANDIDATE at term 0 for changeToCandidate
2019-09-26 16:53:58,317 [Thread-451] INFO  impl.RoleInfo (RoleInfo.java:updateAndGet(143)) - d17cca1b-2e6b-48b2-8b1c-3559490fa529: start LeaderElection
2019-09-26 16:53:58,317 [Thread-457] INFO  impl.RoleInfo (RoleInfo.java:updateAndGet(143)) - 862ec94c-cd2d-47b3-b563-7d6c2816cb58: start LeaderElection
2019-09-26 16:53:58,317 [Thread-454] INFO  impl.RoleInfo (RoleInfo.java:shutdownFollowerState(121)) - 4a469c34-60df-4173-8d32-715e2ce97f5d: shutdown FollowerState
2019-09-26 16:53:58,317 [Thread-462] INFO  impl.RoleInfo (RoleInfo.java:updateAndGet(143)) - 862ec94c-cd2d-47b3-b563-7d6c2816cb58: start LeaderElection
2019-09-26 16:53:58,318 [Thread-454] INFO  impl.RaftServerImpl (RaftServerImpl.java:setRole(174)) - 4a469c34-60df-4173-8d32-715e2ce97f5d@group-052A6FDB3A80: changes role from  FOLLOWER to CANDIDATE at term 0 for changeToCandidate
2019-09-26 16:53:58,318 [Thread-448] INFO  impl.FollowerState (FollowerState.java:run(106)) - 862ec94c-cd2d-47b3-b563-7d6c2816cb58:group-E79729F02954 changes to CANDIDATE, lastRpcTime:5322, electionTimeout:5174ms
2019-09-26 16:53:58,318 [Thread-448] INFO  impl.RoleInfo (RoleInfo.java:shutdownFollowerState(121)) - 862ec94c-cd2d-47b3-b563-7d6c2816cb58: shutdown FollowerState
2019-09-26 16:53:58,318 [Thread-448] INFO  impl.RaftServerImpl (RaftServerImpl.java:setRole(174)) - 862ec94c-cd2d-47b3-b563-7d6c2816cb58@group-E79729F02954: changes role from  FOLLOWER to CANDIDATE at term 0 for changeToCandidate
2019-09-26 16:53:58,319 [Thread-448] INFO  impl.RoleInfo (RoleInfo.java:updateAndGet(143)) - 862ec94c-cd2d-47b3-b563-7d6c2816cb58: start LeaderElection
2019-09-26 16:53:58,320 [Thread-445] INFO  impl.FollowerState (FollowerState.java:run(106)) - 862ec94c-cd2d-47b3-b563-7d6c2816cb58:group-1EEDB1F75A87 changes to CANDIDATE, lastRpcTime:5374, electionTimeout:5162ms
2019-09-26 16:53:58,320 [Thread-445] INFO  impl.RoleInfo (RoleInfo.java:shutdownFollowerState(121)) - 862ec94c-cd2d-47b3-b563-7d6c2816cb58: shutdown FollowerState
2019-09-26 16:53:58,320 [Thread-445] INFO  impl.RaftServerImpl (RaftServerImpl.java:setRole(174)) - 862ec94c-cd2d-47b3-b563-7d6c2816cb58@group-1EEDB1F75A87: changes role from  FOLLOWER to CANDIDATE at term 0 for changeToCandidate
2019-09-26 16:53:58,320 [Thread-445] INFO  impl.RoleInfo (RoleInfo.java:updateAndGet(143)) - 862ec94c-cd2d-47b3-b563-7d6c2816cb58: start LeaderElection
2019-09-26 16:53:58,322 [Thread-439] WARN  util.JavaUtils (JavaUtils.java:sleep(250)) - Unexpected long sleep: sleep(5113ms) actually took 5478ms which is over the threshold 300ms
2019-09-26 16:53:58,322 [Thread-436] WARN  util.JavaUtils (JavaUtils.java:sleep(250)) - Unexpected long sleep: sleep(5135ms) actually took 5520ms which is over the threshold 300ms
2019-09-26 16:53:58,325 [Thread-442] WARN  util.JavaUtils (JavaUtils.java:sleep(250)) - Unexpected long sleep: sleep(5025ms) actually took 5438ms which is over the threshold 300ms
2019-09-26 16:53:58,327 [5160ea40-cc48-41a9-a1d1-1151a36e77d8@group-5D5B5FA2477B:LeaderElection64] INFO  impl.LeaderElection (LeaderElection.java:askForVotes(182)) - 5160ea40-cc48-41a9-a1d1-1151a36e77d8@group-5D5B5FA2477B:LeaderElection64: begin an election at term 1 for -1: [5160ea40-cc48-41a9-a1d1-1151a36e77d8:192.168.151.99:45356], old=null
2019-09-26 16:53:58,327 [Thread-454] INFO  impl.RoleInfo (RoleInfo.java:updateAndGet(143)) - 4a469c34-60df-4173-8d32-715e2ce97f5d: start LeaderElection
2019-09-26 16:53:58,327 [5160ea40-cc48-41a9-a1d1-1151a36e77d8@group-5D5B5FA2477B:LeaderElection64] INFO  impl.RoleInfo (RoleInfo.java:shutdownLeaderElection(134)) - 5160ea40-cc48-41a9-a1d1-1151a36e77d8: shutdown LeaderElection
2019-09-26 16:53:58,327 [4a469c34-60df-4173-8d32-715e2ce97f5d@group-097323AD23A7:LeaderElection63] INFO  impl.LeaderElection (LeaderElection.java:askForVotes(182)) - 4a469c34-60df-4173-8d32-715e2ce97f5d@group-097323AD23A7:LeaderElection63: begin an election at term 1 for -1: [4a469c34-60df-4173-8d32-715e2ce97f5d:192.168.151.99:42442], old=null
2019-09-26 16:53:58,327 [pool-47-thread-1] INFO  impl.RaftServerImpl (RaftServerImpl.java:<init>(95)) - 579334d3-7c10-42f4-b10c-e6c2267ece25: new RaftServerImpl for group-BA65C6CD63B8:[579334d3-7c10-42f4-b10c-e6c2267ece25:192.168.151.99:34131, d17cca1b-2e6b-48b2-8b1c-3559490fa529:192.168.151.99:40714, 7fda706b-4e23-4e10-baba-12810c05fbbb:192.168.151.99:32897] with ContainerStateMachine:uninitialized
2019-09-26 16:53:58,327 [5160ea40-cc48-41a9-a1d1-1151a36e77d8@group-5D5B5FA2477B:LeaderElection64] INFO  impl.RaftServerImpl (RaftServerImpl.java:setRole(174)) - 5160ea40-cc48-41a9-a1d1-1151a36e77d8@group-5D5B5FA2477B: changes role from CANDIDATE to LEADER at term 1 for changeToLeader
2019-09-26 16:53:58,328 [4a469c34-60df-4173-8d32-715e2ce97f5d@group-097323AD23A7:LeaderElection63] INFO  impl.RoleInfo (RoleInfo.java:shutdownLeaderElection(134)) - 4a469c34-60df-4173-8d32-715e2ce97f5d: shutdown LeaderElection
2019-09-26 16:53:58,328 [5160ea40-cc48-41a9-a1d1-1151a36e77d8@group-5D5B5FA2477B:LeaderElection64] INFO  impl.RaftServerImpl (ServerState.java:setLeader(253)) - 5160ea40-cc48-41a9-a1d1-1151a36e77d8@group-5D5B5FA2477B: change Leader from null to 5160ea40-cc48-41a9-a1d1-1151a36e77d8 at term 1 for becomeLeader, leader elected after 5584ms
2019-09-26 16:53:58,328 [pool-47-thread-1] INFO  server.RaftServerConfigKeys (ConfUtils.java:logGet(43)) - raft.server.rpc.timeout.min = 5s (custom)
2019-09-26 16:53:58,328 [5160ea40-cc48-41a9-a1d1-1151a36e77d8@group-5D5B5FA2477B:LeaderElection64] INFO  server.RaftServerConfigKeys (ConfUtils.java:logGet(43)) - raft.server.staging.catchup.gap = 1000 (default)
2019-09-26 16:53:58,328 [4a469c34-60df-4173-8d32-715e2ce97f5d@group-097323AD23A7:LeaderElection63] INFO  impl.RaftServerImpl (RaftServerImpl.java:setRole(174)) - 4a469c34-60df-4173-8d32-715e2ce97f5d@group-097323AD23A7: changes role from CANDIDATE to LEADER at term 1 for changeToLeader
2019-09-26 16:53:58,328 [5160ea40-cc48-41a9-a1d1-1151a36e77d8@group-5D5B5FA2477B:LeaderElection64] INFO  server.RaftServerConfigKeys (ConfUtils.java:logGet(43)) - raft.server.rpc.sleep.time = 25ms (default)
2019-09-26 16:53:58,328 [pool-47-thread-1] INFO  server.RaftServerConfigKeys (ConfUtils.java:logGet(43)) - raft.server.rpc.timeout.max = 5200ms (custom)
2019-09-26 16:53:58,329 [5160ea40-cc48-41a9-a1d1-1151a36e77d8@group-5D5B5FA2477B:LeaderElection64] INFO  server.RaftServerConfigKeys (ConfUtils.java:logGet(43)) - raft.server.write.element-limit = 4096 (default)
2019-09-26 16:53:58,329 [pool-77-thread-1] INFO  impl.RaftServerImpl (RaftServerImpl.java:<init>(95)) - d17cca1b-2e6b-48b2-8b1c-3559490fa529: new RaftServerImpl for group-BA65C6CD63B8:[579334d3-7c10-42f4-b10c-e6c2267ece25:192.168.151.99:34131, d17cca1b-2e6b-48b2-8b1c-3559490fa529:192.168.151.99:40714, 7fda706b-4e23-4e10-baba-12810c05fbbb:192.168.151.99:32897] with ContainerStateMachine:uninitialized
2019-09-26 16:53:58,329 [4a469c34-60df-4173-8d32-715e2ce97f5d@group-097323AD23A7:LeaderElection63] INFO  impl.RaftServerImpl (ServerState.java:setLeader(253)) - 4a469c34-60df-4173-8d32-715e2ce97f5d@group-097323AD23A7: change Leader from null to 4a469c34-60df-4173-8d32-715e2ce97f5d at term 1 for becomeLeader, leader elected after 5678ms
2019-09-26 16:53:58,329 [pool-77-thread-1] INFO  server.RaftServerConfigKeys (ConfUtils.java:logGet(43)) - raft.server.rpc.timeout.min = 5s (custom)
2019-09-26 16:53:58,329 [5160ea40-cc48-41a9-a1d1-1151a36e77d8@group-5D5B5FA2477B:LeaderElection64] INFO  server.RaftServerConfigKeys (ConfUtils.java:logGet(43)) - raft.server.watch.timeout = 10s (default)
2019-09-26 16:53:58,329 [pool-47-thread-1] INFO  server.RaftServerConfigKeys (ConfUtils.java:logGet(43)) - raft.server.rpcslowness.timeout = 120s (custom)
2019-09-26 16:53:58,330 [5160ea40-cc48-41a9-a1d1-1151a36e77d8@group-5D5B5FA2477B:LeaderElection64] INFO  server.RaftServerConfigKeys (ConfUtils.java:logGet(43)) - raft.server.watch.timeout.denomination = 1s (default)
2019-09-26 16:53:58,329 [pool-77-thread-1] INFO  server.RaftServerConfigKeys (ConfUtils.java:logGet(43)) - raft.server.rpc.timeout.max = 5200ms (custom)
2019-09-26 16:53:58,329 [4a469c34-60df-4173-8d32-715e2ce97f5d@group-097323AD23A7:LeaderElection63] INFO  server.RaftServerConfigKeys (ConfUtils.java:logGet(43)) - raft.server.staging.catchup.gap = 1000 (default)
2019-09-26 16:53:58,330 [4a469c34-60df-4173-8d32-715e2ce97f5d@group-097323AD23A7:LeaderElection63] INFO  server.RaftServerConfigKeys (ConfUtils.java:logGet(43)) - raft.server.rpc.sleep.time = 25ms (default)
2019-09-26 16:53:58,329 [pool-37-thread-1] INFO  impl.RaftServerImpl (RaftServerImpl.java:<init>(95)) - 7fda706b-4e23-4e10-baba-12810c05fbbb: new RaftServerImpl for group-BA65C6CD63B8:[579334d3-7c10-42f4-b10c-e6c2267ece25:192.168.151.99:34131, d17cca1b-2e6b-48b2-8b1c-3559490fa529:192.168.151.99:40714, 7fda706b-4e23-4e10-baba-12810c05fbbb:192.168.151.99:32897] with ContainerStateMachine:uninitialized
2019-09-26 16:53:58,330 [4a469c34-60df-4173-8d32-715e2ce97f5d@group-097323AD23A7:LeaderElection63] INFO  server.RaftServerConfigKeys (ConfUtils.java:logGet(43)) - raft.server.write.element-limit = 4096 (default)
2019-09-26 16:53:58,330 [pool-77-thread-1] INFO  server.RaftServerConfigKeys (ConfUtils.java:logGet(43)) - raft.server.rpcslowness.timeout = 120s (custom)
2019-09-26 16:53:58,330 [5160ea40-cc48-41a9-a1d1-1151a36e77d8@group-5D5B5FA2477B:LeaderElection64] INFO  server.RaftServerConfigKeys (ConfUtils.java:logGet(43)) - raft.server.watch.element-limit = 65536 (default)
2019-09-26 16:53:58,330 [pool-47-thread-1] INFO  server.RaftServerConfigKeys (ConfUtils.java:logGet(43)) - raft.server.sleep.deviation.threshold = 300 (default)
2019-09-26 16:53:58,331 [pool-77-thread-1] INFO  server.RaftServerConfigKeys (ConfUtils.java:logGet(43)) - raft.server.sleep.deviation.threshold = 300 (default)
2019-09-26 16:53:58,331 [4a469c34-60df-4173-8d32-715e2ce97f5d@group-097323AD23A7:LeaderElection63] INFO  server.RaftServerConfigKeys (ConfUtils.java:logGet(43)) - raft.server.watch.timeout = 10s (default)
2019-09-26 16:53:58,331 [4a469c34-60df-4173-8d32-715e2ce97f5d@group-097323AD23A7:LeaderElection63] INFO  server.RaftServerConfigKeys (ConfUtils.java:logGet(43)) - raft.server.watch.timeout.denomination = 1s (default)
2019-09-26 16:53:58,330 [pool-37-thread-1] INFO  server.RaftServerConfigKeys (ConfUtils.java:logGet(43)) - raft.server.rpc.timeout.min = 5s (custom)
2019-09-26 16:53:58,332 [4a469c34-60df-4173-8d32-715e2ce97f5d@group-097323AD23A7:LeaderElection63] INFO  server.RaftServerConfigKeys (ConfUtils.java:logGet(43)) - raft.server.watch.element-limit = 65536 (default)
2019-09-26 16:53:58,331 [pool-77-thread-1] INFO  server.RaftServerConfigKeys (ConfUtils.java:logGet(43)) - raft.server.log.appender.install.snapshot.enabled = false (custom)
2019-09-26 16:53:58,331 [pool-47-thread-1] INFO  server.RaftServerConfigKeys (ConfUtils.java:logGet(43)) - raft.server.log.appender.install.snapshot.enabled = false (custom)
2019-09-26 16:53:58,332 [pool-77-thread-1] INFO  impl.RaftServerImpl (ServerState.java:<init>(103)) - d17cca1b-2e6b-48b2-8b1c-3559490fa529@group-BA65C6CD63B8: ConfigurationManager, init=-1: [579334d3-7c10-42f4-b10c-e6c2267ece25:192.168.151.99:34131, d17cca1b-2e6b-48b2-8b1c-3559490fa529:192.168.151.99:40714, 7fda706b-4e23-4e10-baba-12810c05fbbb:192.168.151.99:32897], old=null, confs=<EMPTY_MAP>
2019-09-26 16:53:58,332 [pool-37-thread-1] INFO  server.RaftServerConfigKeys (ConfUtils.java:logGet(43)) - raft.server.rpc.timeout.max = 5200ms (custom)
2019-09-26 16:53:58,333 [pool-77-thread-1] INFO  server.RaftServerConfigKeys (ConfUtils.java:logGet(43)) - raft.server.storage.dir = [/workdir/hadoop-ozone/integration-test/target/test-dir/MiniOzoneClusterImpl-fdc3d401-fab1-4968-a84f-12bf762e2bbf/datanode-5/data/ratis] (custom)
2019-09-26 16:53:58,332 [pool-47-thread-1] INFO  impl.RaftServerImpl (ServerState.java:<init>(103)) - 579334d3-7c10-42f4-b10c-e6c2267ece25@group-BA65C6CD63B8: ConfigurationManager, init=-1: [579334d3-7c10-42f4-b10c-e6c2267ece25:192.168.151.99:34131, d17cca1b-2e6b-48b2-8b1c-3559490fa529:192.168.151.99:40714, 7fda706b-4e23-4e10-baba-12810c05fbbb:192.168.151.99:32897], old=null, confs=<EMPTY_MAP>
2019-09-26 16:53:58,333 [pool-37-thread-1] INFO  server.RaftServerConfigKeys (ConfUtils.java:logGet(43)) - raft.server.rpcslowness.timeout = 120s (custom)
2019-09-26 16:53:58,333 [pool-47-thread-1] INFO  server.RaftServerConfigKeys (ConfUtils.java:logGet(43)) - raft.server.storage.dir = [/workdir/hadoop-ozone/integration-test/target/test-dir/MiniOzoneClusterImpl-fdc3d401-fab1-4968-a84f-12bf762e2bbf/datanode-2/data/ratis] (custom)
2019-09-26 16:53:58,333 [pool-37-thread-1] INFO  server.RaftServerConfigKeys (ConfUtils.java:logGet(43)) - raft.server.sleep.deviation.threshold = 300 (default)
2019-09-26 16:53:58,333 [pool-37-thread-1] INFO  server.RaftServerConfigKeys (ConfUtils.java:logGet(43)) - raft.server.log.appender.install.snapshot.enabled = false (custom)
2019-09-26 16:53:58,333 [pool-77-thread-1] INFO  storage.RaftStorageDirectory (RaftStorageDirectory.java:analyzeStorage(246)) - The storage directory /workdir/hadoop-ozone/integration-test/target/test-dir/MiniOzoneClusterImpl-fdc3d401-fab1-4968-a84f-12bf762e2bbf/datanode-5/data/ratis/7581bb09-bf04-48de-a31c-ba65c6cd63b8 does not exist. Creating ...
2019-09-26 16:53:58,333 [pool-47-thread-1] INFO  storage.RaftStorageDirectory (RaftStorageDirectory.java:analyzeStorage(246)) - The storage directory /workdir/hadoop-ozone/integration-test/target/test-dir/MiniOzoneClusterImpl-fdc3d401-fab1-4968-a84f-12bf762e2bbf/datanode-2/data/ratis/7581bb09-bf04-48de-a31c-ba65c6cd63b8 does not exist. Creating ...
2019-09-26 16:53:58,333 [pool-37-thread-1] INFO  impl.RaftServerImpl (ServerState.java:<init>(103)) - 7fda706b-4e23-4e10-baba-12810c05fbbb@group-BA65C6CD63B8: ConfigurationManager, init=-1: [579334d3-7c10-42f4-b10c-e6c2267ece25:192.168.151.99:34131, d17cca1b-2e6b-48b2-8b1c-3559490fa529:192.168.151.99:40714, 7fda706b-4e23-4e10-baba-12810c05fbbb:192.168.151.99:32897], old=null, confs=<EMPTY_MAP>
2019-09-26 16:53:58,334 [5160ea40-cc48-41a9-a1d1-1151a36e77d8@group-5D5B5FA2477B:LeaderElection64] INFO  impl.RoleInfo (RoleInfo.java:updateAndGet(143)) - 5160ea40-cc48-41a9-a1d1-1151a36e77d8: start LeaderState
2019-09-26 16:53:58,334 [pool-37-thread-1] INFO  server.RaftServerConfigKeys (ConfUtils.java:logGet(43)) - raft.server.storage.dir = [/workdir/hadoop-ozone/integration-test/target/test-dir/MiniOzoneClusterImpl-fdc3d401-fab1-4968-a84f-12bf762e2bbf/datanode-1/data/ratis] (custom)
2019-09-26 16:53:58,334 [5160ea40-cc48-41a9-a1d1-1151a36e77d8@group-5D5B5FA2477B:LeaderElection64] INFO  segmented.SegmentedRaftLogWorker (SegmentedRaftLogWorker.java:startLogSegment(380)) - 5160ea40-cc48-41a9-a1d1-1151a36e77d8@group-5D5B5FA2477B-SegmentedRaftLogWorker: Starting segment from index:0
2019-09-26 16:53:58,334 [pool-37-thread-1] INFO  storage.RaftStorageDirectory (RaftStorageDirectory.java:analyzeStorage(246)) - The storage directory /workdir/hadoop-ozone/integration-test/target/test-dir/MiniOzoneClusterImpl-fdc3d401-fab1-4968-a84f-12bf762e2bbf/datanode-1/data/ratis/7581bb09-bf04-48de-a31c-ba65c6cd63b8 does not exist. Creating ...
2019-09-26 16:53:58,335 [4a469c34-60df-4173-8d32-715e2ce97f5d@group-097323AD23A7:LeaderElection63] INFO  impl.RoleInfo (RoleInfo.java:updateAndGet(143)) - 4a469c34-60df-4173-8d32-715e2ce97f5d: start LeaderState
2019-09-26 16:53:58,335 [4a469c34-60df-4173-8d32-715e2ce97f5d@group-097323AD23A7:LeaderElection63] INFO  segmented.SegmentedRaftLogWorker (SegmentedRaftLogWorker.java:startLogSegment(380)) - 4a469c34-60df-4173-8d32-715e2ce97f5d@group-097323AD23A7-SegmentedRaftLogWorker: Starting segment from index:0
2019-09-26 16:53:58,600 [5160ea40-cc48-41a9-a1d1-1151a36e77d8@group-5D5B5FA2477B:LeaderElection64] INFO  impl.RaftServerImpl (ServerState.java:setRaftConf(354)) - 5160ea40-cc48-41a9-a1d1-1151a36e77d8@group-5D5B5FA2477B: set configuration 0: [5160ea40-cc48-41a9-a1d1-1151a36e77d8:192.168.151.99:45356], old=null at 0
2019-09-26 16:53:58,600 [862ec94c-cd2d-47b3-b563-7d6c2816cb58@group-1EEDB1F75A87:LeaderElection70] INFO  impl.LeaderElection (LeaderElection.java:askForVotes(182)) - 862ec94c-cd2d-47b3-b563-7d6c2816cb58@group-1EEDB1F75A87:LeaderElection70: begin an election at term 1 for -1: [862ec94c-cd2d-47b3-b563-7d6c2816cb58:192.168.151.99:36916], old=null
2019-09-26 16:53:58,600 [862ec94c-cd2d-47b3-b563-7d6c2816cb58@group-81A567F4826C:LeaderElection66] INFO  impl.LeaderElection (LeaderElection.java:askForVotes(182)) - 862ec94c-cd2d-47b3-b563-7d6c2816cb58@group-81A567F4826C:LeaderElection66: begin an election at term 1 for -1: [862ec94c-cd2d-47b3-b563-7d6c2816cb58:192.168.151.99:36916], old=null
2019-09-26 16:53:58,599 [d17cca1b-2e6b-48b2-8b1c-3559490fa529@group-3AF9D29E2206:LeaderElection65] INFO  impl.LeaderElection (LeaderElection.java:askForVotes(182)) - d17cca1b-2e6b-48b2-8b1c-3559490fa529@group-3AF9D29E2206:LeaderElection65: begin an election at term 1 for -1: [d17cca1b-2e6b-48b2-8b1c-3559490fa529:192.168.151.99:40714], old=null
2019-09-26 16:53:58,599 [862ec94c-cd2d-47b3-b563-7d6c2816cb58@group-E79729F02954:LeaderElection69] INFO  impl.LeaderElection (LeaderElection.java:askForVotes(182)) - 862ec94c-cd2d-47b3-b563-7d6c2816cb58@group-E79729F02954:LeaderElection69: begin an election at term 1 for -1: [862ec94c-cd2d-47b3-b563-7d6c2816cb58:192.168.151.99:36916], old=null
2019-09-26 16:53:58,599 [862ec94c-cd2d-47b3-b563-7d6c2816cb58@group-BB4B418CBDF4:LeaderElection67] INFO  impl.LeaderElection (LeaderElection.java:askForVotes(182)) - 862ec94c-cd2d-47b3-b563-7d6c2816cb58@group-BB4B418CBDF4:LeaderElection67: begin an election at term 1 for -1: [862ec94c-cd2d-47b3-b563-7d6c2816cb58:192.168.151.99:36916], old=null
2019-09-26 16:53:58,599 [4a469c34-60df-4173-8d32-715e2ce97f5d@group-052A6FDB3A80:LeaderElection68] INFO  impl.LeaderElection (LeaderElection.java:askForVotes(182)) - 4a469c34-60df-4173-8d32-715e2ce97f5d@group-052A6FDB3A80:LeaderElection68: begin an election at term 1 for -1: [4a469c34-60df-4173-8d32-715e2ce97f5d:192.168.151.99:42442], old=null
2019-09-26 16:53:58,599 [pool-37-thread-1] INFO  storage.RaftStorageDirectory (RaftStorageDirectory.java:tryLock(328)) - Lock on /workdir/hadoop-ozone/integration-test/target/test-dir/MiniOzoneClusterImpl-fdc3d401-fab1-4968-a84f-12bf762e2bbf/datanode-1/data/ratis/7581bb09-bf04-48de-a31c-ba65c6cd63b8/in_use.lock acquired by nodename 15096@pr-hdds-1569-g6sp5-2013761785
2019-09-26 16:53:58,599 [pool-47-thread-1] INFO  storage.RaftStorageDirectory (RaftStorageDirectory.java:tryLock(328)) - Lock on /workdir/hadoop-ozone/integration-test/target/test-dir/MiniOzoneClusterImpl-fdc3d401-fab1-4968-a84f-12bf762e2bbf/datanode-2/data/ratis/7581bb09-bf04-48de-a31c-ba65c6cd63b8/in_use.lock acquired by nodename 15096@pr-hdds-1569-g6sp5-2013761785
2019-09-26 16:53:58,599 [pool-77-thread-1] INFO  storage.RaftStorageDirectory (RaftStorageDirectory.java:tryLock(328)) - Lock on /workdir/hadoop-ozone/integration-test/target/test-dir/MiniOzoneClusterImpl-fdc3d401-fab1-4968-a84f-12bf762e2bbf/datanode-5/data/ratis/7581bb09-bf04-48de-a31c-ba65c6cd63b8/in_use.lock acquired by nodename 15096@pr-hdds-1569-g6sp5-2013761785
2019-09-26 16:53:58,823 [4a469c34-60df-4173-8d32-715e2ce97f5d@group-052A6FDB3A80:LeaderElection68] INFO  impl.RoleInfo (RoleInfo.java:shutdownLeaderElection(134)) - 4a469c34-60df-4173-8d32-715e2ce97f5d: shutdown LeaderElection
2019-09-26 16:53:58,822 [862ec94c-cd2d-47b3-b563-7d6c2816cb58@group-BB4B418CBDF4:LeaderElection67] INFO  impl.RoleInfo (RoleInfo.java:shutdownLeaderElection(134)) - 862ec94c-cd2d-47b3-b563-7d6c2816cb58: shutdown LeaderElection
2019-09-26 16:53:58,822 [862ec94c-cd2d-47b3-b563-7d6c2816cb58@group-E79729F02954:LeaderElection69] INFO  impl.RoleInfo (RoleInfo.java:shutdownLeaderElection(134)) - 862ec94c-cd2d-47b3-b563-7d6c2816cb58: shutdown LeaderElection
2019-09-26 16:53:58,822 [d17cca1b-2e6b-48b2-8b1c-3559490fa529@group-3AF9D29E2206:LeaderElection65] INFO  impl.RoleInfo (RoleInfo.java:shutdownLeaderElection(134)) - d17cca1b-2e6b-48b2-8b1c-3559490fa529: shutdown LeaderElection
2019-09-26 16:53:58,822 [862ec94c-cd2d-47b3-b563-7d6c2816cb58@group-81A567F4826C:LeaderElection66] INFO  impl.RoleInfo (RoleInfo.java:shutdownLeaderElection(134)) - 862ec94c-cd2d-47b3-b563-7d6c2816cb58: shutdown LeaderElection
2019-09-26 16:53:58,601 [4a469c34-60df-4173-8d32-715e2ce97f5d@group-097323AD23A7:LeaderElection63] INFO  impl.RaftServerImpl (ServerState.java:setRaftConf(354)) - 4a469c34-60df-4173-8d32-715e2ce97f5d@group-097323AD23A7: set configuration 0: [4a469c34-60df-4173-8d32-715e2ce97f5d:192.168.151.99:42442], old=null at 0
2019-09-26 16:53:58,815 [Thread-469] INFO  impl.FollowerState (FollowerState.java:run(106)) - 5160ea40-cc48-41a9-a1d1-1151a36e77d8:group-D0054841AFC1 changes to CANDIDATE, lastRpcTime:5137, electionTimeout:5128ms
2019-09-26 16:53:58,600 [862ec94c-cd2d-47b3-b563-7d6c2816cb58@group-1EEDB1F75A87:LeaderElection70] INFO  impl.RoleInfo (RoleInfo.java:shutdownLeaderElection(134)) - 862ec94c-cd2d-47b3-b563-7d6c2816cb58: shutdown LeaderElection
2019-09-26 16:53:58,831 [Thread-469] INFO  impl.RoleInfo (RoleInfo.java:shutdownFollowerState(121)) - 5160ea40-cc48-41a9-a1d1-1151a36e77d8: shutdown FollowerState
2019-09-26 16:53:58,831 [862ec94c-cd2d-47b3-b563-7d6c2816cb58@group-81A567F4826C:LeaderElection66] INFO  impl.RaftServerImpl (RaftServerImpl.java:setRole(174)) - 862ec94c-cd2d-47b3-b563-7d6c2816cb58@group-81A567F4826C: changes role from CANDIDATE to LEADER at term 1 for changeToLeader
2019-09-26 16:53:58,831 [d17cca1b-2e6b-48b2-8b1c-3559490fa529@group-3AF9D29E2206:LeaderElection65] INFO  impl.RaftServerImpl (RaftServerImpl.java:setRole(174)) - d17cca1b-2e6b-48b2-8b1c-3559490fa529@group-3AF9D29E2206: changes role from CANDIDATE to LEADER at term 1 for changeToLeader
2019-09-26 16:53:58,831 [862ec94c-cd2d-47b3-b563-7d6c2816cb58@group-E79729F02954:LeaderElection69] INFO  impl.RaftServerImpl (RaftServerImpl.java:setRole(174)) - 862ec94c-cd2d-47b3-b563-7d6c2816cb58@group-E79729F02954: changes role from CANDIDATE to LEADER at term 1 for changeToLeader
2019-09-26 16:53:58,831 [862ec94c-cd2d-47b3-b563-7d6c2816cb58@group-BB4B418CBDF4:LeaderElection67] INFO  impl.RaftServerImpl (RaftServerImpl.java:setRole(174)) - 862ec94c-cd2d-47b3-b563-7d6c2816cb58@group-BB4B418CBDF4: changes role from CANDIDATE to LEADER at term 1 for changeToLeader
2019-09-26 16:53:58,832 [862ec94c-cd2d-47b3-b563-7d6c2816cb58@group-BB4B418CBDF4:LeaderElection67] INFO  impl.RaftServerImpl (ServerState.java:setLeader(253)) - 862ec94c-cd2d-47b3-b563-7d6c2816cb58@group-BB4B418CBDF4: change Leader from null to 862ec94c-cd2d-47b3-b563-7d6c2816cb58 at term 1 for becomeLeader, leader elected after 5626ms
2019-09-26 16:53:58,831 [4a469c34-60df-4173-8d32-715e2ce97f5d@group-052A6FDB3A80:LeaderElection68] INFO  impl.RaftServerImpl (RaftServerImpl.java:setRole(174)) - 4a469c34-60df-4173-8d32-715e2ce97f5d@group-052A6FDB3A80: changes role from CANDIDATE to LEADER at term 1 for changeToLeader
2019-09-26 16:53:58,832 [862ec94c-cd2d-47b3-b563-7d6c2816cb58@group-BB4B418CBDF4:LeaderElection67] INFO  server.RaftServerConfigKeys (ConfUtils.java:logGet(43)) - raft.server.staging.catchup.gap = 1000 (default)
2019-09-26 16:53:58,832 [862ec94c-cd2d-47b3-b563-7d6c2816cb58@group-E79729F02954:LeaderElection69] INFO  impl.RaftServerImpl (ServerState.java:setLeader(253)) - 862ec94c-cd2d-47b3-b563-7d6c2816cb58@group-E79729F02954: change Leader from null to 862ec94c-cd2d-47b3-b563-7d6c2816cb58 at term 1 for becomeLeader, leader elected after 5841ms
2019-09-26 16:53:58,832 [d17cca1b-2e6b-48b2-8b1c-3559490fa529@group-3AF9D29E2206:LeaderElection65] INFO  impl.RaftServerImpl (ServerState.java:setLeader(253)) - d17cca1b-2e6b-48b2-8b1c-3559490fa529@group-3AF9D29E2206: change Leader from null to d17cca1b-2e6b-48b2-8b1c-3559490fa529 at term 1 for becomeLeader, leader elected after 5800ms
2019-09-26 16:53:58,832 [862ec94c-cd2d-47b3-b563-7d6c2816cb58@group-81A567F4826C:LeaderElection66] INFO  impl.RaftServerImpl (ServerState.java:setLeader(253)) - 862ec94c-cd2d-47b3-b563-7d6c2816cb58@group-81A567F4826C: change Leader from null to 862ec94c-cd2d-47b3-b563-7d6c2816cb58 at term 1 for becomeLeader, leader elected after 5718ms
2019-09-26 16:53:58,832 [Thread-469] INFO  impl.RaftServerImpl (RaftServerImpl.java:setRole(174)) - 5160ea40-cc48-41a9-a1d1-1151a36e77d8@group-D0054841AFC1: changes role from  FOLLOWER to CANDIDATE at term 0 for changeToCandidate
2019-09-26 16:53:58,832 [862ec94c-cd2d-47b3-b563-7d6c2816cb58@group-1EEDB1F75A87:LeaderElection70] INFO  impl.RaftServerImpl (RaftServerImpl.java:setRole(174)) - 862ec94c-cd2d-47b3-b563-7d6c2816cb58@group-1EEDB1F75A87: changes role from CANDIDATE to LEADER at term 1 for changeToLeader
2019-09-26 16:53:58,833 [Thread-469] INFO  impl.RoleInfo (RoleInfo.java:updateAndGet(143)) - 5160ea40-cc48-41a9-a1d1-1151a36e77d8: start LeaderElection
2019-09-26 16:53:58,833 [862ec94c-cd2d-47b3-b563-7d6c2816cb58@group-81A567F4826C:LeaderElection66] INFO  server.RaftServerConfigKeys (ConfUtils.java:logGet(43)) - raft.server.staging.catchup.gap = 1000 (default)
2019-09-26 16:53:58,833 [d17cca1b-2e6b-48b2-8b1c-3559490fa529@group-3AF9D29E2206:LeaderElection65] INFO  server.RaftServerConfigKeys (ConfUtils.java:logGet(43)) - raft.server.staging.catchup.gap = 1000 (default)
2019-09-26 16:53:58,833 [862ec94c-cd2d-47b3-b563-7d6c2816cb58@group-E79729F02954:LeaderElection69] INFO  server.RaftServerConfigKeys (ConfUtils.java:logGet(43)) - raft.server.staging.catchup.gap = 1000 (default)
2019-09-26 16:53:58,834 [862ec94c-cd2d-47b3-b563-7d6c2816cb58@group-E79729F02954:LeaderElection69] INFO  server.RaftServerConfigKeys (ConfUtils.java:logGet(43)) - raft.server.rpc.sleep.time = 25ms (default)
2019-09-26 16:53:58,833 [862ec94c-cd2d-47b3-b563-7d6c2816cb58@group-BB4B418CBDF4:LeaderElection67] INFO  server.RaftServerConfigKeys (ConfUtils.java:logGet(43)) - raft.server.rpc.sleep.time = 25ms (default)
2019-09-26 16:53:58,833 [4a469c34-60df-4173-8d32-715e2ce97f5d@group-052A6FDB3A80:LeaderElection68] INFO  impl.RaftServerImpl (ServerState.java:setLeader(253)) - 4a469c34-60df-4173-8d32-715e2ce97f5d@group-052A6FDB3A80: change Leader from null to 4a469c34-60df-4173-8d32-715e2ce97f5d at term 1 for becomeLeader, leader elected after 5758ms
2019-09-26 16:53:58,834 [862ec94c-cd2d-47b3-b563-7d6c2816cb58@group-BB4B418CBDF4:LeaderElection67] INFO  server.RaftServerConfigKeys (ConfUtils.java:logGet(43)) - raft.server.write.element-limit = 4096 (default)
2019-09-26 16:53:58,834 [862ec94c-cd2d-47b3-b563-7d6c2816cb58@group-E79729F02954:LeaderElection69] INFO  server.RaftServerConfigKeys (ConfUtils.java:logGet(43)) - raft.server.write.element-limit = 4096 (default)
2019-09-26 16:53:58,834 [d17cca1b-2e6b-48b2-8b1c-3559490fa529@group-3AF9D29E2206:LeaderElection65] INFO  server.RaftServerConfigKeys (ConfUtils.java:logGet(43)) - raft.server.rpc.sleep.time = 25ms (default)
2019-09-26 16:53:58,834 [862ec94c-cd2d-47b3-b563-7d6c2816cb58@group-81A567F4826C:LeaderElection66] INFO  server.RaftServerConfigKeys (ConfUtils.java:logGet(43)) - raft.server.rpc.sleep.time = 25ms (default)
2019-09-26 16:53:58,833 [862ec94c-cd2d-47b3-b563-7d6c2816cb58@group-1EEDB1F75A87:LeaderElection70] INFO  impl.RaftServerImpl (ServerState.java:setLeader(253)) - 862ec94c-cd2d-47b3-b563-7d6c2816cb58@group-1EEDB1F75A87: change Leader from null to 862ec94c-cd2d-47b3-b563-7d6c2816cb58 at term 1 for becomeLeader, leader elected after 5893ms
2019-09-26 16:53:58,835 [862ec94c-cd2d-47b3-b563-7d6c2816cb58@group-81A567F4826C:LeaderElection66] INFO  server.RaftServerConfigKeys (ConfUtils.java:logGet(43)) - raft.server.write.element-limit = 4096 (default)
2019-09-26 16:53:58,835 [d17cca1b-2e6b-48b2-8b1c-3559490fa529@group-3AF9D29E2206:LeaderElection65] INFO  server.RaftServerConfigKeys (ConfUtils.java:logGet(43)) - raft.server.write.element-limit = 4096 (default)
2019-09-26 16:53:58,835 [862ec94c-cd2d-47b3-b563-7d6c2816cb58@group-E79729F02954:LeaderElection69] INFO  server.RaftServerConfigKeys (ConfUtils.java:logGet(43)) - raft.server.watch.timeout = 10s (default)
2019-09-26 16:53:58,835 [862ec94c-cd2d-47b3-b563-7d6c2816cb58@group-BB4B418CBDF4:LeaderElection67] INFO  server.RaftServerConfigKeys (ConfUtils.java:logGet(43)) - raft.server.watch.timeout = 10s (default)
2019-09-26 16:53:58,836 [862ec94c-cd2d-47b3-b563-7d6c2816cb58@group-BB4B418CBDF4:LeaderElection67] INFO  server.RaftServerConfigKeys (ConfUtils.java:logGet(43)) - raft.server.watch.timeout.denomination = 1s (default)
2019-09-26 16:53:58,835 [4a469c34-60df-4173-8d32-715e2ce97f5d@group-052A6FDB3A80:LeaderElection68] INFO  server.RaftServerConfigKeys (ConfUtils.java:logGet(43)) - raft.server.staging.catchup.gap = 1000 (default)
2019-09-26 16:53:58,836 [862ec94c-cd2d-47b3-b563-7d6c2816cb58@group-BB4B418CBDF4:LeaderElection67] INFO  server.RaftServerConfigKeys (ConfUtils.java:logGet(43)) - raft.server.watch.element-limit = 65536 (default)
2019-09-26 16:53:58,836 [862ec94c-cd2d-47b3-b563-7d6c2816cb58@group-E79729F02954:LeaderElection69] INFO  server.RaftServerConfigKeys (ConfUtils.java:logGet(43)) - raft.server.watch.timeout.denomination = 1s (default)
2019-09-26 16:53:58,837 [862ec94c-cd2d-47b3-b563-7d6c2816cb58@group-E79729F02954:LeaderElection69] INFO  server.RaftServerConfigKeys (ConfUtils.java:logGet(43)) - raft.server.watch.element-limit = 65536 (default)
2019-09-26 16:53:58,836 [d17cca1b-2e6b-48b2-8b1c-3559490fa529@group-3AF9D29E2206:LeaderElection65] INFO  server.RaftServerConfigKeys (ConfUtils.java:logGet(43)) - raft.server.watch.timeout = 10s (default)
2019-09-26 16:53:58,835 [862ec94c-cd2d-47b3-b563-7d6c2816cb58@group-81A567F4826C:LeaderElection66] INFO  server.RaftServerConfigKeys (ConfUtils.java:logGet(43)) - raft.server.watch.timeout = 10s (default)
2019-09-26 16:53:58,837 [862ec94c-cd2d-47b3-b563-7d6c2816cb58@group-81A567F4826C:LeaderElection66] INFO  server.RaftServerConfigKeys (ConfUtils.java:logGet(43)) - raft.server.watch.timeout.denomination = 1s (default)
2019-09-26 16:53:58,835 [862ec94c-cd2d-47b3-b563-7d6c2816cb58@group-1EEDB1F75A87:LeaderElection70] INFO  server.RaftServerConfigKeys (ConfUtils.java:logGet(43)) - raft.server.staging.catchup.gap = 1000 (default)
2019-09-26 16:53:58,837 [862ec94c-cd2d-47b3-b563-7d6c2816cb58@group-81A567F4826C:LeaderElection66] INFO  server.RaftServerConfigKeys (ConfUtils.java:logGet(43)) - raft.server.watch.element-limit = 65536 (default)
2019-09-26 16:53:58,837 [d17cca1b-2e6b-48b2-8b1c-3559490fa529@group-3AF9D29E2206:LeaderElection65] INFO  server.RaftServerConfigKeys (ConfUtils.java:logGet(43)) - raft.server.watch.timeout.denomination = 1s (default)
2019-09-26 16:53:58,838 [d17cca1b-2e6b-48b2-8b1c-3559490fa529@group-3AF9D29E2206:LeaderElection65] INFO  server.RaftServerConfigKeys (ConfUtils.java:logGet(43)) - raft.server.watch.element-limit = 65536 (default)
2019-09-26 16:53:58,836 [4a469c34-60df-4173-8d32-715e2ce97f5d@group-052A6FDB3A80:LeaderElection68] INFO  server.RaftServerConfigKeys (ConfUtils.java:logGet(43)) - raft.server.rpc.sleep.time = 25ms (default)
2019-09-26 16:53:58,837 [862ec94c-cd2d-47b3-b563-7d6c2816cb58@group-1EEDB1F75A87:LeaderElection70] INFO  server.RaftServerConfigKeys (ConfUtils.java:logGet(43)) - raft.server.rpc.sleep.time = 25ms (default)
2019-09-26 16:53:58,838 [4a469c34-60df-4173-8d32-715e2ce97f5d@group-052A6FDB3A80:LeaderElection68] INFO  server.RaftServerConfigKeys (ConfUtils.java:logGet(43)) - raft.server.write.element-limit = 4096 (default)
2019-09-26 16:53:58,838 [862ec94c-cd2d-47b3-b563-7d6c2816cb58@group-1EEDB1F75A87:LeaderElection70] INFO  server.RaftServerConfigKeys (ConfUtils.java:logGet(43)) - raft.server.write.element-limit = 4096 (default)
2019-09-26 16:53:58,838 [4a469c34-60df-4173-8d32-715e2ce97f5d@group-052A6FDB3A80:LeaderElection68] INFO  server.RaftServerConfigKeys (ConfUtils.java:logGet(43)) - raft.server.watch.timeout = 10s (default)
2019-09-26 16:53:58,839 [862ec94c-cd2d-47b3-b563-7d6c2816cb58@group-1EEDB1F75A87:LeaderElection70] INFO  server.RaftServerConfigKeys (ConfUtils.java:logGet(43)) - raft.server.watch.timeout = 10s (default)
2019-09-26 16:53:58,839 [4a469c34-60df-4173-8d32-715e2ce97f5d@group-052A6FDB3A80:LeaderElection68] INFO  server.RaftServerConfigKeys (ConfUtils.java:logGet(43)) - raft.server.watch.timeout.denomination = 1s (default)
2019-09-26 16:53:58,839 [862ec94c-cd2d-47b3-b563-7d6c2816cb58@group-1EEDB1F75A87:LeaderElection70] INFO  server.RaftServerConfigKeys (ConfUtils.java:logGet(43)) - raft.server.watch.timeout.denomination = 1s (default)
2019-09-26 16:53:58,839 [4a469c34-60df-4173-8d32-715e2ce97f5d@group-052A6FDB3A80:LeaderElection68] INFO  server.RaftServerConfigKeys (ConfUtils.java:logGet(43)) - raft.server.watch.element-limit = 65536 (default)
2019-09-26 16:53:58,839 [862ec94c-cd2d-47b3-b563-7d6c2816cb58@group-1EEDB1F75A87:LeaderElection70] INFO  server.RaftServerConfigKeys (ConfUtils.java:logGet(43)) - raft.server.watch.element-limit = 65536 (default)
2019-09-26 16:53:58,841 [862ec94c-cd2d-47b3-b563-7d6c2816cb58@group-BB4B418CBDF4:LeaderElection67] INFO  impl.RoleInfo (RoleInfo.java:updateAndGet(143)) - 862ec94c-cd2d-47b3-b563-7d6c2816cb58: start LeaderState
2019-09-26 16:53:58,841 [862ec94c-cd2d-47b3-b563-7d6c2816cb58@group-BB4B418CBDF4:LeaderElection67] INFO  segmented.SegmentedRaftLogWorker (SegmentedRaftLogWorker.java:startLogSegment(380)) - 862ec94c-cd2d-47b3-b563-7d6c2816cb58@group-BB4B418CBDF4-SegmentedRaftLogWorker: Starting segment from index:0
2019-09-26 16:53:59,092 [Thread-494] INFO  impl.FollowerState (FollowerState.java:run(106)) - d17cca1b-2e6b-48b2-8b1c-3559490fa529:group-0167F4A9536E changes to CANDIDATE, lastRpcTime:5029, electionTimeout:5028ms
2019-09-26 16:53:59,092 [Thread-484] INFO  impl.FollowerState (FollowerState.java:run(106)) - 862ec94c-cd2d-47b3-b563-7d6c2816cb58:group-9787CA851A74 changes to CANDIDATE, lastRpcTime:5229, electionTimeout:5156ms
2019-09-26 16:53:59,092 [Thread-479] INFO  impl.FollowerState (FollowerState.java:run(106)) - 5160ea40-cc48-41a9-a1d1-1151a36e77d8:group-786C9481136A changes to CANDIDATE, lastRpcTime:5280, electionTimeout:5199ms
2019-09-26 16:53:59,093 [Thread-490] INFO  impl.FollowerState (FollowerState.java:run(106)) - 579334d3-7c10-42f4-b10c-e6c2267ece25:group-B6B8FE2B0F73 changes to CANDIDATE, lastRpcTime:5172, electionTimeout:5030ms
2019-09-26 16:53:59,095 [Thread-476] INFO  impl.FollowerState (FollowerState.java:run(106)) - 579334d3-7c10-42f4-b10c-e6c2267ece25:group-C91694E883F7 changes to CANDIDATE, lastRpcTime:5328, electionTimeout:5099ms
2019-09-26 16:53:59,095 [pool-37-thread-1] INFO  storage.RaftStorage (RaftStorage.java:format(72)) - Storage directory /workdir/hadoop-ozone/integration-test/target/test-dir/MiniOzoneClusterImpl-fdc3d401-fab1-4968-a84f-12bf762e2bbf/datanode-1/data/ratis/7581bb09-bf04-48de-a31c-ba65c6cd63b8 has been successfully formatted.
2019-09-26 16:53:59,095 [5160ea40-cc48-41a9-a1d1-1151a36e77d8@group-D0054841AFC1:LeaderElection71] INFO  impl.LeaderElection (LeaderElection.java:askForVotes(182)) - 5160ea40-cc48-41a9-a1d1-1151a36e77d8@group-D0054841AFC1:LeaderElection71: begin an election at term 1 for -1: [5160ea40-cc48-41a9-a1d1-1151a36e77d8:192.168.151.99:45356], old=null
2019-09-26 16:53:59,095 [pool-47-thread-1] INFO  storage.RaftStorage (RaftStorage.java:format(72)) - Storage directory /workdir/hadoop-ozone/integration-test/target/test-dir/MiniOzoneClusterImpl-fdc3d401-fab1-4968-a84f-12bf762e2bbf/datanode-2/data/ratis/7581bb09-bf04-48de-a31c-ba65c6cd63b8 has been successfully formatted.
2019-09-26 16:53:59,095 [862ec94c-cd2d-47b3-b563-7d6c2816cb58@group-BB4B418CBDF4:LeaderElection67] INFO  impl.RaftServerImpl (ServerState.java:setRaftConf(354)) - 862ec94c-cd2d-47b3-b563-7d6c2816cb58@group-BB4B418CBDF4: set configuration 0: [862ec94c-cd2d-47b3-b563-7d6c2816cb58:192.168.151.99:36916], old=null at 0
2019-09-26 16:53:59,096 [pool-47-thread-1] INFO  ratis.ContainerStateMachine (ContainerStateMachine.java:loadSnapshot(230)) - group-BA65C6CD63B8: The snapshot info is null. Setting the last applied indexto:(t:0, i:~)
2019-09-26 16:53:59,095 [pool-77-thread-1] INFO  storage.RaftStorage (RaftStorage.java:format(72)) - Storage directory /workdir/hadoop-ozone/integration-test/target/test-dir/MiniOzoneClusterImpl-fdc3d401-fab1-4968-a84f-12bf762e2bbf/datanode-5/data/ratis/7581bb09-bf04-48de-a31c-ba65c6cd63b8 has been successfully formatted.
2019-09-26 16:53:59,096 [pool-47-thread-1] INFO  server.RaftServerConfigKeys (ConfUtils.java:logGet(43)) - raft.server.notification.no-leader.timeout = 120s (custom)
2019-09-26 16:53:59,096 [Thread-490] INFO  impl.RoleInfo (RoleInfo.java:shutdownFollowerState(121)) - 579334d3-7c10-42f4-b10c-e6c2267ece25: shutdown FollowerState
2019-09-26 16:53:59,096 [pool-37-thread-1] INFO  ratis.ContainerStateMachine (ContainerStateMachine.java:loadSnapshot(230)) - group-BA65C6CD63B8: The snapshot info is null. Setting the last applied indexto:(t:0, i:~)
2019-09-26 16:53:59,096 [Thread-476] INFO  impl.RoleInfo (RoleInfo.java:shutdownFollowerState(121)) - 579334d3-7c10-42f4-b10c-e6c2267ece25: shutdown FollowerState
2019-09-26 16:53:59,096 [Thread-484] INFO  impl.RoleInfo (RoleInfo.java:shutdownFollowerState(121)) - 862ec94c-cd2d-47b3-b563-7d6c2816cb58: shutdown FollowerState
2019-09-26 16:53:59,097 [Thread-484] INFO  impl.RaftServerImpl (RaftServerImpl.java:setRole(174)) - 862ec94c-cd2d-47b3-b563-7d6c2816cb58@group-9787CA851A74: changes role from  FOLLOWER to CANDIDATE at term 0 for changeToCandidate
2019-09-26 16:53:59,096 [Thread-494] INFO  impl.RoleInfo (RoleInfo.java:shutdownFollowerState(121)) - d17cca1b-2e6b-48b2-8b1c-3559490fa529: shutdown FollowerState
2019-09-26 16:53:59,096 [Thread-479] INFO  impl.RoleInfo (RoleInfo.java:shutdownFollowerState(121)) - 5160ea40-cc48-41a9-a1d1-1151a36e77d8: shutdown FollowerState
2019-09-26 16:53:59,096 [5160ea40-cc48-41a9-a1d1-1151a36e77d8@group-D0054841AFC1:LeaderElection71] INFO  impl.RoleInfo (RoleInfo.java:shutdownLeaderElection(134)) - 5160ea40-cc48-41a9-a1d1-1151a36e77d8: shutdown LeaderElection
2019-09-26 16:53:59,098 [Thread-479] INFO  impl.RaftServerImpl (RaftServerImpl.java:setRole(174)) - 5160ea40-cc48-41a9-a1d1-1151a36e77d8@group-786C9481136A: changes role from  FOLLOWER to CANDIDATE at term 0 for changeToCandidate
2019-09-26 16:53:59,098 [Thread-494] INFO  impl.RaftServerImpl (RaftServerImpl.java:setRole(174)) - d17cca1b-2e6b-48b2-8b1c-3559490fa529@group-0167F4A9536E: changes role from  FOLLOWER to CANDIDATE at term 0 for changeToCandidate
2019-09-26 16:53:59,097 [Thread-484] INFO  impl.RoleInfo (RoleInfo.java:updateAndGet(143)) - 862ec94c-cd2d-47b3-b563-7d6c2816cb58: start LeaderElection
2019-09-26 16:53:59,097 [Thread-476] INFO  impl.RaftServerImpl (RaftServerImpl.java:setRole(174)) - 579334d3-7c10-42f4-b10c-e6c2267ece25@group-C91694E883F7: changes role from  FOLLOWER to CANDIDATE at term 0 for changeToCandidate
2019-09-26 16:53:59,097 [pool-37-thread-1] INFO  server.RaftServerConfigKeys (ConfUtils.java:logGet(43)) - raft.server.notification.no-leader.timeout = 120s (custom)
2019-09-26 16:53:59,097 [862ec94c-cd2d-47b3-b563-7d6c2816cb58@group-E79729F02954:LeaderElection69] INFO  impl.RoleInfo (RoleInfo.java:updateAndGet(143)) - 862ec94c-cd2d-47b3-b563-7d6c2816cb58: start LeaderState
2019-09-26 16:53:59,097 [Thread-490] INFO  impl.RaftServerImpl (RaftServerImpl.java:setRole(174)) - 579334d3-7c10-42f4-b10c-e6c2267ece25@group-B6B8FE2B0F73: changes role from  FOLLOWER to CANDIDATE at term 0 for changeToCandidate
2019-09-26 16:53:59,097 [pool-47-thread-1] INFO  server.RaftServerConfigKeys (ConfUtils.java:logGet(43)) - raft.server.log.use.memory = false (default)
2019-09-26 16:53:59,097 [pool-77-thread-1] INFO  ratis.ContainerStateMachine (ContainerStateMachine.java:loadSnapshot(230)) - group-BA65C6CD63B8: The snapshot info is null. Setting the last applied indexto:(t:0, i:~)
2019-09-26 16:53:59,099 [pool-47-thread-1] INFO  server.RaftServerConfigKeys (ConfUtils.java:logGet(43)) - raft.server.log.purge.gap = 1000000 (custom)
2019-09-26 16:53:59,099 [862ec94c-cd2d-47b3-b563-7d6c2816cb58@group-81A567F4826C:LeaderElection66] INFO  impl.RoleInfo (RoleInfo.java:updateAndGet(143)) - 862ec94c-cd2d-47b3-b563-7d6c2816cb58: start LeaderState
2019-09-26 16:53:59,099 [Thread-490] INFO  impl.RoleInfo (RoleInfo.java:updateAndGet(143)) - 579334d3-7c10-42f4-b10c-e6c2267ece25: start LeaderElection
2019-09-26 16:53:59,100 [862ec94c-cd2d-47b3-b563-7d6c2816cb58@group-81A567F4826C:LeaderElection66] INFO  segmented.SegmentedRaftLogWorker (SegmentedRaftLogWorker.java:startLogSegment(380)) - 862ec94c-cd2d-47b3-b563-7d6c2816cb58@group-81A567F4826C-SegmentedRaftLogWorker: Starting segment from index:0
2019-09-26 16:53:59,099 [862ec94c-cd2d-47b3-b563-7d6c2816cb58@group-E79729F02954:LeaderElection69] INFO  segmented.SegmentedRaftLogWorker (SegmentedRaftLogWorker.java:startLogSegment(380)) - 862ec94c-cd2d-47b3-b563-7d6c2816cb58@group-E79729F02954-SegmentedRaftLogWorker: Starting segment from index:0
2019-09-26 16:53:59,100 [4a469c34-60df-4173-8d32-715e2ce97f5d@group-052A6FDB3A80:LeaderElection68] INFO  impl.RoleInfo (RoleInfo.java:updateAndGet(143)) - 4a469c34-60df-4173-8d32-715e2ce97f5d: start LeaderState
2019-09-26 16:53:59,099 [pool-37-thread-1] INFO  server.RaftServerConfigKeys (ConfUtils.java:logGet(43)) - raft.server.log.use.memory = false (default)
2019-09-26 16:53:59,099 [Thread-476] INFO  impl.RoleInfo (RoleInfo.java:updateAndGet(143)) - 579334d3-7c10-42f4-b10c-e6c2267ece25: start LeaderElection
2019-09-26 16:53:59,098 [Thread-494] INFO  impl.RoleInfo (RoleInfo.java:updateAndGet(143)) - d17cca1b-2e6b-48b2-8b1c-3559490fa529: start LeaderElection
2019-09-26 16:53:59,098 [Thread-479] INFO  impl.RoleInfo (RoleInfo.java:updateAndGet(143)) - 5160ea40-cc48-41a9-a1d1-1151a36e77d8: start LeaderElection
2019-09-26 16:53:59,098 [5160ea40-cc48-41a9-a1d1-1151a36e77d8@group-D0054841AFC1:LeaderElection71] INFO  impl.RaftServerImpl (RaftServerImpl.java:setRole(174)) - 5160ea40-cc48-41a9-a1d1-1151a36e77d8@group-D0054841AFC1: changes role from CANDIDATE to LEADER at term 1 for changeToLeader
2019-09-26 16:53:59,428 [pool-37-thread-1] INFO  server.RaftServerConfigKeys (ConfUtils.java:logGet(43)) - raft.server.log.purge.gap = 1000000 (custom)
2019-09-26 16:53:59,428 [862ec94c-cd2d-47b3-b563-7d6c2816cb58@group-81A567F4826C:LeaderElection66] INFO  impl.RaftServerImpl (ServerState.java:setRaftConf(354)) - 862ec94c-cd2d-47b3-b563-7d6c2816cb58@group-81A567F4826C: set configuration 0: [862ec94c-cd2d-47b3-b563-7d6c2816cb58:192.168.151.99:36916], old=null at 0
2019-09-26 16:53:59,428 [4a469c34-60df-4173-8d32-715e2ce97f5d@group-052A6FDB3A80:LeaderElection68] INFO  segmented.SegmentedRaftLogWorker (SegmentedRaftLogWorker.java:startLogSegment(380)) - 4a469c34-60df-4173-8d32-715e2ce97f5d@group-052A6FDB3A80-SegmentedRaftLogWorker: Starting segment from index:0
2019-09-26 16:53:59,427 [862ec94c-cd2d-47b3-b563-7d6c2816cb58@group-9787CA851A74:LeaderElection72] INFO  impl.LeaderElection (LeaderElection.java:askForVotes(182)) - 862ec94c-cd2d-47b3-b563-7d6c2816cb58@group-9787CA851A74:LeaderElection72: begin an election at term 1 for -1: [862ec94c-cd2d-47b3-b563-7d6c2816cb58:192.168.151.99:36916], old=null
2019-09-26 16:53:59,426 [Thread-497] INFO  impl.FollowerState (FollowerState.java:run(106)) - 7fda706b-4e23-4e10-baba-12810c05fbbb:group-E1BD43987033 changes to CANDIDATE, lastRpcTime:5320, electionTimeout:5116ms
2019-09-26 16:53:59,426 [Thread-506] INFO  impl.FollowerState (FollowerState.java:run(106)) - 4a469c34-60df-4173-8d32-715e2ce97f5d:group-B46AEE984DDF changes to CANDIDATE, lastRpcTime:5211, electionTimeout:5005ms
2019-09-26 16:53:59,429 [Thread-497] INFO  impl.RoleInfo (RoleInfo.java:shutdownFollowerState(121)) - 7fda706b-4e23-4e10-baba-12810c05fbbb: shutdown FollowerState
2019-09-26 16:53:59,100 [862ec94c-cd2d-47b3-b563-7d6c2816cb58@group-1EEDB1F75A87:LeaderElection70] INFO  impl.RoleInfo (RoleInfo.java:updateAndGet(143)) - 862ec94c-cd2d-47b3-b563-7d6c2816cb58: start LeaderState
2019-09-26 16:53:59,100 [pool-47-thread-1] INFO  server.RaftServerConfigKeys (ConfUtils.java:logGet(43)) - raft.server.log.appender.buffer.byte-limit = 33554432 (custom)
2019-09-26 16:53:59,100 [d17cca1b-2e6b-48b2-8b1c-3559490fa529@group-3AF9D29E2206:LeaderElection65] INFO  impl.RoleInfo (RoleInfo.java:updateAndGet(143)) - d17cca1b-2e6b-48b2-8b1c-3559490fa529: start LeaderState
2019-09-26 16:53:59,099 [pool-77-thread-1] INFO  server.RaftServerConfigKeys (ConfUtils.java:logGet(43)) - raft.server.notification.no-leader.timeout = 120s (custom)
2019-09-26 16:53:59,430 [d17cca1b-2e6b-48b2-8b1c-3559490fa529@group-3AF9D29E2206:LeaderElection65] INFO  segmented.SegmentedRaftLogWorker (SegmentedRaftLogWorker.java:startLogSegment(380)) - d17cca1b-2e6b-48b2-8b1c-3559490fa529@group-3AF9D29E2206-SegmentedRaftLogWorker: Starting segment from index:0
2019-09-26 16:53:59,430 [pool-47-thread-1] INFO  server.RaftServerConfigKeys (ConfUtils.java:logGet(43)) - raft.server.log.segment.size.max = 1048576 (custom)
2019-09-26 16:53:59,430 [862ec94c-cd2d-47b3-b563-7d6c2816cb58@group-1EEDB1F75A87:LeaderElection70] INFO  segmented.SegmentedRaftLogWorker (SegmentedRaftLogWorker.java:startLogSegment(380)) - 862ec94c-cd2d-47b3-b563-7d6c2816cb58@group-1EEDB1F75A87-SegmentedRaftLogWorker: Starting segment from index:0
2019-09-26 16:53:59,429 [Thread-497] INFO  impl.RaftServerImpl (RaftServerImpl.java:setRole(174)) - 7fda706b-4e23-4e10-baba-12810c05fbbb@group-E1BD43987033: changes role from  FOLLOWER to CANDIDATE at term 0 for changeToCandidate
2019-09-26 16:53:59,429 [4a469c34-60df-4173-8d32-715e2ce97f5d@group-052A6FDB3A80:LeaderElection68] INFO  impl.RaftServerImpl (ServerState.java:setRaftConf(354)) - 4a469c34-60df-4173-8d32-715e2ce97f5d@group-052A6FDB3A80: set configuration 0: [4a469c34-60df-4173-8d32-715e2ce97f5d:192.168.151.99:42442], old=null at 0
2019-09-26 16:53:59,429 [Thread-506] INFO  impl.RoleInfo (RoleInfo.java:shutdownFollowerState(121)) - 4a469c34-60df-4173-8d32-715e2ce97f5d: shutdown FollowerState
2019-09-26 16:53:59,429 [862ec94c-cd2d-47b3-b563-7d6c2816cb58@group-9787CA851A74:LeaderElection72] INFO  impl.RoleInfo (RoleInfo.java:shutdownLeaderElection(134)) - 862ec94c-cd2d-47b3-b563-7d6c2816cb58: shutdown LeaderElection
2019-09-26 16:53:59,428 [pool-37-thread-1] INFO  server.RaftServerConfigKeys (ConfUtils.java:logGet(43)) - raft.server.log.appender.buffer.byte-limit = 33554432 (custom)
2019-09-26 16:53:59,428 [5160ea40-cc48-41a9-a1d1-1151a36e77d8@group-D0054841AFC1:LeaderElection71] INFO  impl.RaftServerImpl (ServerState.java:setLeader(253)) - 5160ea40-cc48-41a9-a1d1-1151a36e77d8@group-D0054841AFC1: change Leader from null to 5160ea40-cc48-41a9-a1d1-1151a36e77d8 at term 1 for becomeLeader, leader elected after 5765ms
2019-09-26 16:54:00,159 [pool-37-thread-1] INFO  server.RaftServerConfigKeys (ConfUtils.java:logGet(43)) - raft.server.log.segment.size.max = 1048576 (custom)
2019-09-26 16:54:00,155 [862ec94c-cd2d-47b3-b563-7d6c2816cb58@group-9787CA851A74:LeaderElection72] INFO  impl.RaftServerImpl (RaftServerImpl.java:setRole(174)) - 862ec94c-cd2d-47b3-b563-7d6c2816cb58@group-9787CA851A74: changes role from CANDIDATE to LEADER at term 1 for changeToLeader
2019-09-26 16:54:00,155 [Thread-506] INFO  impl.RaftServerImpl (RaftServerImpl.java:setRole(174)) - 4a469c34-60df-4173-8d32-715e2ce97f5d@group-B46AEE984DDF: changes role from  FOLLOWER to CANDIDATE at term 0 for changeToCandidate
2019-09-26 16:54:00,155 [862ec94c-cd2d-47b3-b563-7d6c2816cb58@group-1EEDB1F75A87:LeaderElection70] INFO  impl.RaftServerImpl (ServerState.java:setRaftConf(354)) - 862ec94c-cd2d-47b3-b563-7d6c2816cb58@group-1EEDB1F75A87: set configuration 0: [862ec94c-cd2d-47b3-b563-7d6c2816cb58:192.168.151.99:36916], old=null at 0
2019-09-26 16:54:00,142 [Thread-544] INFO  impl.FollowerState (FollowerState.java:run(106)) - 862ec94c-cd2d-47b3-b563-7d6c2816cb58:group-40BFE342F714 changes to CANDIDATE, lastRpcTime:5218, electionTimeout:5013ms
2019-09-26 16:54:00,142 [Thread-541] INFO  impl.FollowerState (FollowerState.java:run(106)) - deac9605-e739-4d95-8360-f57df793faca:group-0BC6163609F7 changes to CANDIDATE, lastRpcTime:5264, electionTimeout:5074ms
2019-09-26 16:54:00,160 [Thread-544] INFO  impl.RoleInfo (RoleInfo.java:shutdownFollowerState(121)) - 862ec94c-cd2d-47b3-b563-7d6c2816cb58: shutdown FollowerState
2019-09-26 16:54:00,128 [Thread-549] INFO  impl.FollowerState (FollowerState.java:run(106)) - deac9605-e739-4d95-8360-f57df793faca:group-F2FE724336A6 changes to CANDIDATE, lastRpcTime:5121, electionTimeout:5090ms
2019-09-26 16:53:59,869 [Thread-497] INFO  impl.RoleInfo (RoleInfo.java:updateAndGet(143)) - 7fda706b-4e23-4e10-baba-12810c05fbbb: start LeaderElection
2019-09-26 16:53:59,868 [Thread-521] INFO  impl.FollowerState (FollowerState.java:run(106)) - 4a469c34-60df-4173-8d32-715e2ce97f5d:group-D505D210B7C8 changes to CANDIDATE, lastRpcTime:5326, electionTimeout:5096ms
2019-09-26 16:53:59,868 [Thread-525] INFO  impl.FollowerState (FollowerState.java:run(106)) - deac9605-e739-4d95-8360-f57df793faca:group-D1DC469F0812 changes to CANDIDATE, lastRpcTime:5288, electionTimeout:5077ms
2019-09-26 16:53:59,867 [Thread-536] INFO  impl.FollowerState (FollowerState.java:run(106)) - 4a469c34-60df-4173-8d32-715e2ce97f5d:group-E5385069730C changes to CANDIDATE, lastRpcTime:5123, electionTimeout:5056ms
2019-09-26 16:53:59,867 [Thread-529] INFO  impl.FollowerState (FollowerState.java:run(106)) - 579334d3-7c10-42f4-b10c-e6c2267ece25:group-C56D2282E793 changes to CANDIDATE, lastRpcTime:5212, electionTimeout:5147ms
2019-09-26 16:53:59,631 [d17cca1b-2e6b-48b2-8b1c-3559490fa529@group-3AF9D29E2206:LeaderElection65] INFO  impl.RaftServerImpl (ServerState.java:setRaftConf(354)) - d17cca1b-2e6b-48b2-8b1c-3559490fa529@group-3AF9D29E2206: set configuration 0: [d17cca1b-2e6b-48b2-8b1c-3559490fa529:192.168.151.99:40714], old=null at 0
2019-09-26 16:53:59,631 [pool-47-thread-1] INFO  server.RaftServerConfigKeys (ConfUtils.java:logGet(43)) - raft.server.log.segment.cache.num.max = 2 (custom)
2019-09-26 16:53:59,430 [pool-77-thread-1] INFO  server.RaftServerConfigKeys (ConfUtils.java:logGet(43)) - raft.server.log.use.memory = false (default)
2019-09-26 16:53:59,630 [579334d3-7c10-42f4-b10c-e6c2267ece25@group-C91694E883F7:LeaderElection75] INFO  impl.LeaderElection (LeaderElection.java:askForVotes(182)) - 579334d3-7c10-42f4-b10c-e6c2267ece25@group-C91694E883F7:LeaderElection75: begin an election at term 1 for -1: [579334d3-7c10-42f4-b10c-e6c2267ece25:192.168.151.99:34131], old=null
2019-09-26 16:54:00,162 [579334d3-7c10-42f4-b10c-e6c2267ece25@group-C91694E883F7:LeaderElection75] INFO  impl.RoleInfo (RoleInfo.java:shutdownLeaderElection(134)) - 579334d3-7c10-42f4-b10c-e6c2267ece25: shutdown LeaderElection
2019-09-26 16:53:59,630 [5160ea40-cc48-41a9-a1d1-1151a36e77d8@group-786C9481136A:LeaderElection73] INFO  impl.LeaderElection (LeaderElection.java:askForVotes(182)) - 5160ea40-cc48-41a9-a1d1-1151a36e77d8@group-786C9481136A:LeaderElection73: begin an election at term 1 for -1: [5160ea40-cc48-41a9-a1d1-1151a36e77d8:192.168.151.99:45356], old=null
2019-09-26 16:53:59,630 [579334d3-7c10-42f4-b10c-e6c2267ece25@group-B6B8FE2B0F73:LeaderElection76] INFO  impl.LeaderElection (LeaderElection.java:askForVotes(182)) - 579334d3-7c10-42f4-b10c-e6c2267ece25@group-B6B8FE2B0F73:LeaderElection76: begin an election at term 1 for -1: [579334d3-7c10-42f4-b10c-e6c2267ece25:192.168.151.99:34131], old=null
2019-09-26 16:53:59,630 [Thread-512] INFO  impl.FollowerState (FollowerState.java:run(106)) - 5160ea40-cc48-41a9-a1d1-1151a36e77d8:group-CF883E79110B changes to CANDIDATE, lastRpcTime:5241, electionTimeout:5063ms
2019-09-26 16:53:59,629 [Thread-516] INFO  impl.FollowerState (FollowerState.java:run(106)) - 5160ea40-cc48-41a9-a1d1-1151a36e77d8:group-802909185AE8 changes to CANDIDATE, lastRpcTime:5164, electionTimeout:5091ms
2019-09-26 16:53:59,627 [862ec94c-cd2d-47b3-b563-7d6c2816cb58@group-E79729F02954:LeaderElection69] INFO  impl.RaftServerImpl (ServerState.java:setRaftConf(354)) - 862ec94c-cd2d-47b3-b563-7d6c2816cb58@group-E79729F02954: set configuration 0: [862ec94c-cd2d-47b3-b563-7d6c2816cb58:192.168.151.99:36916], old=null at 0
2019-09-26 16:54:00,163 [Thread-516] INFO  impl.RoleInfo (RoleInfo.java:shutdownFollowerState(121)) - 5160ea40-cc48-41a9-a1d1-1151a36e77d8: shutdown FollowerState
2019-09-26 16:54:00,163 [Thread-512] INFO  impl.RoleInfo (RoleInfo.java:shutdownFollowerState(121)) - 5160ea40-cc48-41a9-a1d1-1151a36e77d8: shutdown FollowerState
2019-09-26 16:54:00,163 [579334d3-7c10-42f4-b10c-e6c2267ece25@group-B6B8FE2B0F73:LeaderElection76] INFO  impl.RoleInfo (RoleInfo.java:shutdownLeaderElection(134)) - 579334d3-7c10-42f4-b10c-e6c2267ece25: shutdown LeaderElection
2019-09-26 16:54:00,164 [579334d3-7c10-42f4-b10c-e6c2267ece25@group-B6B8FE2B0F73:LeaderElection76] INFO  impl.RaftServerImpl (RaftServerImpl.java:setRole(174)) - 579334d3-7c10-42f4-b10c-e6c2267ece25@group-B6B8FE2B0F73: changes role from CANDIDATE to LEADER at term 1 for changeToLeader
2019-09-26 16:54:00,162 [5160ea40-cc48-41a9-a1d1-1151a36e77d8@group-786C9481136A:LeaderElection73] INFO  impl.RoleInfo (RoleInfo.java:shutdownLeaderElection(134)) - 5160ea40-cc48-41a9-a1d1-1151a36e77d8: shutdown LeaderElection
2019-09-26 16:54:00,162 [579334d3-7c10-42f4-b10c-e6c2267ece25@group-C91694E883F7:LeaderElection75] INFO  impl.RaftServerImpl (RaftServerImpl.java:setRole(174)) - 579334d3-7c10-42f4-b10c-e6c2267ece25@group-C91694E883F7: changes role from CANDIDATE to LEADER at term 1 for changeToLeader
2019-09-26 16:54:00,164 [579334d3-7c10-42f4-b10c-e6c2267ece25@group-C91694E883F7:LeaderElection75] INFO  impl.RaftServerImpl (ServerState.java:setLeader(253)) - 579334d3-7c10-42f4-b10c-e6c2267ece25@group-C91694E883F7: change Leader from null to 579334d3-7c10-42f4-b10c-e6c2267ece25 at term 1 for becomeLeader, leader elected after 6403ms
2019-09-26 16:54:00,162 [pool-77-thread-1] INFO  server.RaftServerConfigKeys (ConfUtils.java:logGet(43)) - raft.server.log.purge.gap = 1000000 (custom)
2019-09-26 16:54:00,162 [pool-47-thread-1] INFO  segmented.SegmentedRaftLogWorker (SegmentedRaftLogWorker.java:<init>(172)) - new 579334d3-7c10-42f4-b10c-e6c2267ece25@group-BA65C6CD63B8-SegmentedRaftLogWorker for RaftStorage:Storage Directory /workdir/hadoop-ozone/integration-test/target/test-dir/MiniOzoneClusterImpl-fdc3d401-fab1-4968-a84f-12bf762e2bbf/datanode-2/data/ratis/7581bb09-bf04-48de-a31c-ba65c6cd63b8
2019-09-26 16:54:00,161 [Thread-529] INFO  impl.RoleInfo (RoleInfo.java:shutdownFollowerState(121)) - 579334d3-7c10-42f4-b10c-e6c2267ece25: shutdown FollowerState
2019-09-26 16:54:00,161 [Thread-536] INFO  impl.RoleInfo (RoleInfo.java:shutdownFollowerState(121)) - 4a469c34-60df-4173-8d32-715e2ce97f5d: shutdown FollowerState
2019-09-26 16:54:00,161 [Thread-525] INFO  impl.RoleInfo (RoleInfo.java:shutdownFollowerState(121)) - deac9605-e739-4d95-8360-f57df793faca: shutdown FollowerState
2019-09-26 16:54:00,161 [Thread-521] INFO  impl.RoleInfo (RoleInfo.java:shutdownFollowerState(121)) - 4a469c34-60df-4173-8d32-715e2ce97f5d: shutdown FollowerState
2019-09-26 16:54:00,160 [Thread-549] INFO  impl.RoleInfo (RoleInfo.java:shutdownFollowerState(121)) - deac9605-e739-4d95-8360-f57df793faca: shutdown FollowerState
2019-09-26 16:54:00,166 [Thread-549] INFO  impl.RaftServerImpl (RaftServerImpl.java:setRole(174)) - deac9605-e739-4d95-8360-f57df793faca@group-F2FE724336A6: changes role from  FOLLOWER to CANDIDATE at term 0 for changeToCandidate
2019-09-26 16:54:00,160 [Thread-541] INFO  impl.RoleInfo (RoleInfo.java:shutdownFollowerState(121)) - deac9605-e739-4d95-8360-f57df793faca: shutdown FollowerState
2019-09-26 16:54:00,166 [Thread-541] INFO  impl.RaftServerImpl (RaftServerImpl.java:setRole(174)) - deac9605-e739-4d95-8360-f57df793faca@group-0BC6163609F7: changes role from  FOLLOWER to CANDIDATE at term 0 for changeToCandidate
2019-09-26 16:54:00,160 [Thread-544] INFO  impl.RaftServerImpl (RaftServerImpl.java:setRole(174)) - 862ec94c-cd2d-47b3-b563-7d6c2816cb58@group-40BFE342F714: changes role from  FOLLOWER to CANDIDATE at term 0 for changeToCandidate
2019-09-26 16:54:00,159 [Thread-506] INFO  impl.RoleInfo (RoleInfo.java:updateAndGet(143)) - 4a469c34-60df-4173-8d32-715e2ce97f5d: start LeaderElection
2019-09-26 16:54:00,159 [862ec94c-cd2d-47b3-b563-7d6c2816cb58@group-B36475BE038F-SegmentedRaftLogWorker] ERROR segmented.SegmentedRaftLogWorker (SegmentedRaftLogWorker.java:run(323)) - 862ec94c-cd2d-47b3-b563-7d6c2816cb58@group-B36475BE038F-SegmentedRaftLogWorker hit exception
java.lang.OutOfMemoryError: Direct buffer memory
	at java.nio.Bits.reserveMemory(Bits.java:666)
	at java.nio.DirectByteBuffer.<init>(DirectByteBuffer.java:123)
	at java.nio.ByteBuffer.allocateDirect(ByteBuffer.java:311)
	at org.apache.ratis.server.raftlog.segmented.BufferedWriteChannel.<init>(BufferedWriteChannel.java:41)
	at org.apache.ratis.server.raftlog.segmented.SegmentedRaftLogOutputStream.<init>(SegmentedRaftLogOutputStream.java:72)
	at org.apache.ratis.server.raftlog.segmented.SegmentedRaftLogWorker$StartLogSegment.execute(SegmentedRaftLogWorker.java:566)
	at org.apache.ratis.server.raftlog.segmented.SegmentedRaftLogWorker.run(SegmentedRaftLogWorker.java:289)
	at java.lang.Thread.run(Thread.java:748)
2019-09-26 16:54:00,159 [5160ea40-cc48-41a9-a1d1-1151a36e77d8@group-5D5B5FA2477B-SegmentedRaftLogWorker] ERROR segmented.SegmentedRaftLogWorker (SegmentedRaftLogWorker.java:run(323)) - 5160ea40-cc48-41a9-a1d1-1151a36e77d8@group-5D5B5FA2477B-SegmentedRaftLogWorker hit exception
java.lang.OutOfMemoryError: Direct buffer memory
	at java.nio.Bits.reserveMemory(Bits.java:666)
	at java.nio.DirectByteBuffer.<init>(DirectByteBuffer.java:123)
	at java.nio.ByteBuffer.allocateDirect(ByteBuffer.java:311)
	at org.apache.ratis.server.raftlog.segmented.BufferedWriteChannel.<init>(BufferedWriteChannel.java:41)
	at org.apache.ratis.server.raftlog.segmented.SegmentedRaftLogOutputStream.<init>(SegmentedRaftLogOutputStream.java:72)
	at org.apache.ratis.server.raftlog.segmented.SegmentedRaftLogWorker$StartLogSegment.execute(SegmentedRaftLogWorker.java:566)
	at org.apache.ratis.server.raftlog.segmented.SegmentedRaftLogWorker.run(SegmentedRaftLogWorker.java:289)
	at java.lang.Thread.run(Thread.java:748)
2019-09-26 16:54:00,159 [4a469c34-60df-4173-8d32-715e2ce97f5d@group-097323AD23A7-SegmentedRaftLogWorker] ERROR segmented.SegmentedRaftLogWorker (SegmentedRaftLogWorker.java:run(323)) - 4a469c34-60df-4173-8d32-715e2ce97f5d@group-097323AD23A7-SegmentedRaftLogWorker hit exception
java.lang.OutOfMemoryError: Direct buffer memory
	at java.nio.Bits.reserveMemory(Bits.java:666)
	at java.nio.DirectByteBuffer.<init>(DirectByteBuffer.java:123)
	at java.nio.ByteBuffer.allocateDirect(ByteBuffer.java:311)
	at org.apache.ratis.server.raftlog.segmented.BufferedWriteChannel.<init>(BufferedWriteChannel.java:41)
	at org.apache.ratis.server.raftlog.segmented.SegmentedRaftLogOutputStream.<init>(SegmentedRaftLogOutputStream.java:72)
	at org.apache.ratis.server.raftlog.segmented.SegmentedRaftLogWorker$StartLogSegment.execute(SegmentedRaftLogWorker.java:566)
	at org.apache.ratis.server.raftlog.segmented.SegmentedRaftLogWorker.run(SegmentedRaftLogWorker.java:289)
	at java.lang.Thread.run(Thread.java:748)
2019-09-26 16:54:00,159 [862ec94c-cd2d-47b3-b563-7d6c2816cb58@group-9787CA851A74:LeaderElection72] INFO  impl.RaftServerImpl (ServerState.java:setLeader(253)) - 862ec94c-cd2d-47b3-b563-7d6c2816cb58@group-9787CA851A74: change Leader from null to 862ec94c-cd2d-47b3-b563-7d6c2816cb58 at term 1 for becomeLeader, leader elected after 6309ms
2019-09-26 16:54:00,159 [pool-37-thread-1] INFO  server.RaftServerConfigKeys (ConfUtils.java:logGet(43)) - raft.server.log.segment.cache.num.max = 2 (custom)
2019-09-26 16:54:00,159 [5160ea40-cc48-41a9-a1d1-1151a36e77d8@group-D0054841AFC1:LeaderElection71] INFO  server.RaftServerConfigKeys (ConfUtils.java:logGet(43)) - raft.server.staging.catchup.gap = 1000 (default)
2019-09-26 16:54:00,171 [5160ea40-cc48-41a9-a1d1-1151a36e77d8@group-5D5B5FA2477B-SegmentedRaftLogWorker] INFO  impl.RaftServerImpl (RaftServerImpl.java:lambda$shutdown$3(251)) - 5160ea40-cc48-41a9-a1d1-1151a36e77d8@group-5D5B5FA2477B: shutdown
2019-09-26 16:54:00,171 [4a469c34-60df-4173-8d32-715e2ce97f5d@group-097323AD23A7-SegmentedRaftLogWorker] INFO  impl.RaftServerImpl (RaftServerImpl.java:lambda$shutdown$3(251)) - 4a469c34-60df-4173-8d32-715e2ce97f5d@group-097323AD23A7: shutdown
2019-09-26 16:54:00,171 [pool-37-thread-1] INFO  segmented.SegmentedRaftLogWorker (SegmentedRaftLogWorker.java:<init>(172)) - new 7fda706b-4e23-4e10-baba-12810c05fbbb@group-BA65C6CD63B8-SegmentedRaftLogWorker for RaftStorage:Storage Directory /workdir/hadoop-ozone/integration-test/target/test-dir/MiniOzoneClusterImpl-fdc3d401-fab1-4968-a84f-12bf762e2bbf/datanode-1/data/ratis/7581bb09-bf04-48de-a31c-ba65c6cd63b8
2019-09-26 16:54:00,171 [5160ea40-cc48-41a9-a1d1-1151a36e77d8@group-5D5B5FA2477B-SegmentedRaftLogWorker] INFO  util.JmxRegister (JmxRegister.java:unregister(73)) - Successfully un-registered JMX Bean with object name Ratis:service=RaftServer,group=group-5D5B5FA2477B,id=5160ea40-cc48-41a9-a1d1-1151a36e77d8
2019-09-26 16:54:00,171 [862ec94c-cd2d-47b3-b563-7d6c2816cb58@group-B36475BE038F-SegmentedRaftLogWorker] INFO  impl.RaftServerImpl (RaftServerImpl.java:lambda$shutdown$3(251)) - 862ec94c-cd2d-47b3-b563-7d6c2816cb58@group-B36475BE038F: shutdown
2019-09-26 16:54:00,170 [862ec94c-cd2d-47b3-b563-7d6c2816cb58@group-9787CA851A74:LeaderElection72] INFO  server.RaftServerConfigKeys (ConfUtils.java:logGet(43)) - raft.server.staging.catchup.gap = 1000 (default)
2019-09-26 16:54:00,168 [7fda706b-4e23-4e10-baba-12810c05fbbb@group-E1BD43987033:LeaderElection77] INFO  impl.LeaderElection (LeaderElection.java:askForVotes(182)) - 7fda706b-4e23-4e10-baba-12810c05fbbb@group-E1BD43987033:LeaderElection77: begin an election at term 1 for -1: [7fda706b-4e23-4e10-baba-12810c05fbbb:192.168.151.99:32897], old=null
2019-09-26 16:54:00,168 [d17cca1b-2e6b-48b2-8b1c-3559490fa529@group-0167F4A9536E:LeaderElection74] INFO  impl.LeaderElection (LeaderElection.java:askForVotes(182)) - d17cca1b-2e6b-48b2-8b1c-3559490fa529@group-0167F4A9536E:LeaderElection74: begin an election at term 1 for -1: [d17cca1b-2e6b-48b2-8b1c-3559490fa529:192.168.151.99:40714], old=null
2019-09-26 16:54:00,165 [Thread-521] INFO  impl.RaftServerImpl (RaftServerImpl.java:setRole(174)) - 4a469c34-60df-4173-8d32-715e2ce97f5d@group-D505D210B7C8: changes role from  FOLLOWER to CANDIDATE at term 0 for changeToCandidate
2019-09-26 16:54:00,165 [Thread-525] INFO  impl.RaftServerImpl (RaftServerImpl.java:setRole(174)) - deac9605-e739-4d95-8360-f57df793faca@group-D1DC469F0812: changes role from  FOLLOWER to CANDIDATE at term 0 for changeToCandidate
2019-09-26 16:54:00,165 [Thread-536] INFO  impl.RaftServerImpl (RaftServerImpl.java:setRole(174)) - 4a469c34-60df-4173-8d32-715e2ce97f5d@group-E5385069730C: changes role from  FOLLOWER to CANDIDATE at term 0 for changeToCandidate
2019-09-26 16:54:00,165 [Thread-529] INFO  impl.RaftServerImpl (RaftServerImpl.java:setRole(174)) - 579334d3-7c10-42f4-b10c-e6c2267ece25@group-C56D2282E793: changes role from  FOLLOWER to CANDIDATE at term 0 for changeToCandidate
2019-09-26 16:54:00,165 [pool-47-thread-1] INFO  server.RaftServerConfigKeys (ConfUtils.java:logGet(43)) - raft.server.log.queue.byte-limit = 2147483647 (custom)
2019-09-26 16:54:00,165 [pool-77-thread-1] INFO  server.RaftServerConfigKeys (ConfUtils.java:logGet(43)) - raft.server.log.appender.buffer.byte-limit = 33554432 (custom)
2019-09-26 16:54:00,164 [579334d3-7c10-42f4-b10c-e6c2267ece25@group-C91694E883F7:LeaderElection75] INFO  server.RaftServerConfigKeys (ConfUtils.java:logGet(43)) - raft.server.staging.catchup.gap = 1000 (default)
2019-09-26 16:54:00,173 [579334d3-7c10-42f4-b10c-e6c2267ece25@group-C91694E883F7:LeaderElection75] INFO  server.RaftServerConfigKeys (ConfUtils.java:logGet(43)) - raft.server.rpc.sleep.time = 25ms (default)
2019-09-26 16:54:00,164 [5160ea40-cc48-41a9-a1d1-1151a36e77d8@group-786C9481136A:LeaderElection73] INFO  impl.RaftServerImpl (RaftServerImpl.java:setRole(174)) - 5160ea40-cc48-41a9-a1d1-1151a36e77d8@group-786C9481136A: changes role from CANDIDATE to LEADER at term 1 for changeToLeader
2019-09-26 16:54:00,164 [579334d3-7c10-42f4-b10c-e6c2267ece25@group-B6B8FE2B0F73:LeaderElection76] INFO  impl.RaftServerImpl (ServerState.java:setLeader(253)) - 579334d3-7c10-42f4-b10c-e6c2267ece25@group-B6B8FE2B0F73: change Leader from null to 579334d3-7c10-42f4-b10c-e6c2267ece25 at term 1 for becomeLeader, leader elected after 6257ms
2019-09-26 16:54:00,163 [Thread-512] INFO  impl.RaftServerImpl (RaftServerImpl.java:setRole(174)) - 5160ea40-cc48-41a9-a1d1-1151a36e77d8@group-CF883E79110B: changes role from  FOLLOWER to CANDIDATE at term 0 for changeToCandidate
2019-09-26 16:54:00,163 [Thread-516] INFO  impl.RaftServerImpl (RaftServerImpl.java:setRole(174)) - 5160ea40-cc48-41a9-a1d1-1151a36e77d8@group-802909185AE8: changes role from  FOLLOWER to CANDIDATE at term 0 for changeToCandidate
2019-09-26 16:54:00,174 [579334d3-7c10-42f4-b10c-e6c2267ece25@group-B6B8FE2B0F73:LeaderElection76] INFO  server.RaftServerConfigKeys (ConfUtils.java:logGet(43)) - raft.server.staging.catchup.gap = 1000 (default)
2019-09-26 16:54:00,174 [5160ea40-cc48-41a9-a1d1-1151a36e77d8@group-786C9481136A:LeaderElection73] INFO  impl.RaftServerImpl (ServerState.java:setLeader(253)) - 5160ea40-cc48-41a9-a1d1-1151a36e77d8@group-786C9481136A: change Leader from null to 5160ea40-cc48-41a9-a1d1-1151a36e77d8 at term 1 for becomeLeader, leader elected after 6368ms
2019-09-26 16:54:00,173 [pool-77-thread-1] INFO  server.RaftServerConfigKeys (ConfUtils.java:logGet(43)) - raft.server.log.segment.size.max = 1048576 (custom)
2019-09-26 16:54:00,173 [pool-47-thread-1] INFO  server.RaftServerConfigKeys (ConfUtils.java:logGet(43)) - raft.server.log.queue.element-limit = 1024 (custom)
2019-09-26 16:54:00,172 [d17cca1b-2e6b-48b2-8b1c-3559490fa529@group-0167F4A9536E:LeaderElection74] INFO  impl.RoleInfo (RoleInfo.java:shutdownLeaderElection(134)) - d17cca1b-2e6b-48b2-8b1c-3559490fa529: shutdown LeaderElection
2019-09-26 16:54:00,175 [d17cca1b-2e6b-48b2-8b1c-3559490fa529@group-0167F4A9536E:LeaderElection74] INFO  impl.RaftServerImpl (RaftServerImpl.java:setRole(174)) - d17cca1b-2e6b-48b2-8b1c-3559490fa529@group-0167F4A9536E: changes role from CANDIDATE to LEADER at term 1 for changeToLeader
2019-09-26 16:54:00,172 [7fda706b-4e23-4e10-baba-12810c05fbbb@group-E1BD43987033:LeaderElection77] INFO  impl.RoleInfo (RoleInfo.java:shutdownLeaderElection(134)) - 7fda706b-4e23-4e10-baba-12810c05fbbb: shutdown LeaderElection
2019-09-26 16:54:00,172 [862ec94c-cd2d-47b3-b563-7d6c2816cb58@group-9787CA851A74:LeaderElection72] INFO  server.RaftServerConfigKeys (ConfUtils.java:logGet(43)) - raft.server.rpc.sleep.time = 25ms (default)
2019-09-26 16:54:00,172 [862ec94c-cd2d-47b3-b563-7d6c2816cb58@group-B36475BE038F-SegmentedRaftLogWorker] INFO  util.JmxRegister (JmxRegister.java:unregister(73)) - Successfully un-registered JMX Bean with object name Ratis:service=RaftServer,group=group-B36475BE038F,id=862ec94c-cd2d-47b3-b563-7d6c2816cb58
2019-09-26 16:54:00,176 [862ec94c-cd2d-47b3-b563-7d6c2816cb58@group-B36475BE038F-SegmentedRaftLogWorker] INFO  impl.RoleInfo (RoleInfo.java:shutdownLeaderState(104)) - 862ec94c-cd2d-47b3-b563-7d6c2816cb58: shutdown LeaderState
2019-09-26 16:54:00,172 [5160ea40-cc48-41a9-a1d1-1151a36e77d8@group-5D5B5FA2477B-SegmentedRaftLogWorker] INFO  impl.RoleInfo (RoleInfo.java:shutdownLeaderState(104)) - 5160ea40-cc48-41a9-a1d1-1151a36e77d8: shutdown LeaderState
2019-09-26 16:54:00,171 [pool-37-thread-1] INFO  server.RaftServerConfigKeys (ConfUtils.java:logGet(43)) - raft.server.log.queue.byte-limit = 2147483647 (custom)
2019-09-26 16:54:00,176 [pool-37-thread-1] INFO  server.RaftServerConfigKeys (ConfUtils.java:logGet(43)) - raft.server.log.queue.element-limit = 1024 (custom)
2019-09-26 16:54:00,171 [4a469c34-60df-4173-8d32-715e2ce97f5d@group-097323AD23A7-SegmentedRaftLogWorker] INFO  util.JmxRegister (JmxRegister.java:unregister(73)) - Successfully un-registered JMX Bean with object name Ratis:service=RaftServer,group=group-097323AD23A7,id=4a469c34-60df-4173-8d32-715e2ce97f5d
2019-09-26 16:54:00,171 [5160ea40-cc48-41a9-a1d1-1151a36e77d8@group-D0054841AFC1:LeaderElection71] INFO  server.RaftServerConfigKeys (ConfUtils.java:logGet(43)) - raft.server.rpc.sleep.time = 25ms (default)
2019-09-26 16:54:00,177 [4a469c34-60df-4173-8d32-715e2ce97f5d@group-097323AD23A7-SegmentedRaftLogWorker] INFO  impl.RoleInfo (RoleInfo.java:shutdownLeaderState(104)) - 4a469c34-60df-4173-8d32-715e2ce97f5d: shutdown LeaderState
2019-09-26 16:54:00,176 [pool-37-thread-1] INFO  server.RaftServerConfigKeys (ConfUtils.java:logGet(43)) - raft.server.log.segment.size.max = 1048576 (custom)
2019-09-26 16:54:00,175 [7fda706b-4e23-4e10-baba-12810c05fbbb@group-E1BD43987033:LeaderElection77] INFO  impl.RaftServerImpl (RaftServerImpl.java:setRole(174)) - 7fda706b-4e23-4e10-baba-12810c05fbbb@group-E1BD43987033: changes role from CANDIDATE to LEADER at term 1 for changeToLeader
2019-09-26 16:54:00,178 [7fda706b-4e23-4e10-baba-12810c05fbbb@group-E1BD43987033:LeaderElection77] INFO  impl.RaftServerImpl (ServerState.java:setLeader(253)) - 7fda706b-4e23-4e10-baba-12810c05fbbb@group-E1BD43987033: change Leader from null to 7fda706b-4e23-4e10-baba-12810c05fbbb at term 1 for becomeLeader, leader elected after 6077ms
2019-09-26 16:54:00,175 [d17cca1b-2e6b-48b2-8b1c-3559490fa529@group-0167F4A9536E:LeaderElection74] INFO  impl.RaftServerImpl (ServerState.java:setLeader(253)) - d17cca1b-2e6b-48b2-8b1c-3559490fa529@group-0167F4A9536E: change Leader from null to d17cca1b-2e6b-48b2-8b1c-3559490fa529 at term 1 for becomeLeader, leader elected after 6120ms
2019-09-26 16:54:00,175 [pool-47-thread-1] INFO  server.RaftServerConfigKeys (ConfUtils.java:logGet(43)) - raft.server.log.segment.size.max = 1048576 (custom)
2019-09-26 16:54:00,175 [pool-77-thread-1] INFO  server.RaftServerConfigKeys (ConfUtils.java:logGet(43)) - raft.server.log.segment.cache.num.max = 2 (custom)
2019-09-26 16:54:00,178 [pool-77-thread-1] INFO  segmented.SegmentedRaftLogWorker (SegmentedRaftLogWorker.java:<init>(172)) - new d17cca1b-2e6b-48b2-8b1c-3559490fa529@group-BA65C6CD63B8-SegmentedRaftLogWorker for RaftStorage:Storage Directory /workdir/hadoop-ozone/integration-test/target/test-dir/MiniOzoneClusterImpl-fdc3d401-fab1-4968-a84f-12bf762e2bbf/datanode-5/data/ratis/7581bb09-bf04-48de-a31c-ba65c6cd63b8
2019-09-26 16:54:00,175 [5160ea40-cc48-41a9-a1d1-1151a36e77d8@group-786C9481136A:LeaderElection73] INFO  server.RaftServerConfigKeys (ConfUtils.java:logGet(43)) - raft.server.staging.catchup.gap = 1000 (default)
2019-09-26 16:54:00,174 [579334d3-7c10-42f4-b10c-e6c2267ece25@group-B6B8FE2B0F73:LeaderElection76] INFO  server.RaftServerConfigKeys (ConfUtils.java:logGet(43)) - raft.server.rpc.sleep.time = 25ms (default)
2019-09-26 16:54:00,179 [5160ea40-cc48-41a9-a1d1-1151a36e77d8@group-786C9481136A:LeaderElection73] INFO  server.RaftServerConfigKeys (ConfUtils.java:logGet(43)) - raft.server.rpc.sleep.time = 25ms (default)
2019-09-26 16:54:00,178 [pool-77-thread-1] INFO  server.RaftServerConfigKeys (ConfUtils.java:logGet(43)) - raft.server.log.queue.byte-limit = 2147483647 (custom)
2019-09-26 16:54:00,179 [pool-77-thread-1] INFO  server.RaftServerConfigKeys (ConfUtils.java:logGet(43)) - raft.server.log.queue.element-limit = 1024 (custom)
2019-09-26 16:54:00,178 [pool-47-thread-1] INFO  server.RaftServerConfigKeys (ConfUtils.java:logGet(43)) - raft.server.log.preallocated.size = 16384 (custom)
2019-09-26 16:54:00,178 [d17cca1b-2e6b-48b2-8b1c-3559490fa529@group-0167F4A9536E:LeaderElection74] INFO  server.RaftServerConfigKeys (ConfUtils.java:logGet(43)) - raft.server.staging.catchup.gap = 1000 (default)
2019-09-26 16:54:00,180 [d17cca1b-2e6b-48b2-8b1c-3559490fa529@group-0167F4A9536E:LeaderElection74] INFO  server.RaftServerConfigKeys (ConfUtils.java:logGet(43)) - raft.server.rpc.sleep.time = 25ms (default)
2019-09-26 16:54:00,178 [7fda706b-4e23-4e10-baba-12810c05fbbb@group-E1BD43987033:LeaderElection77] INFO  server.RaftServerConfigKeys (ConfUtils.java:logGet(43)) - raft.server.staging.catchup.gap = 1000 (default)
2019-09-26 16:54:00,180 [7fda706b-4e23-4e10-baba-12810c05fbbb@group-E1BD43987033:LeaderElection77] INFO  server.RaftServerConfigKeys (ConfUtils.java:logGet(43)) - raft.server.rpc.sleep.time = 25ms (default)
2019-09-26 16:54:00,178 [862ec94c-cd2d-47b3-b563-7d6c2816cb58@group-B36475BE038F-SegmentedRaftLogWorker] INFO  impl.PendingRequests (PendingRequests.java:sendNotLeaderResponses(202)) - 862ec94c-cd2d-47b3-b563-7d6c2816cb58-PendingRequests: sendNotLeaderResponses
2019-09-26 16:54:00,177 [pool-37-thread-1] INFO  server.RaftServerConfigKeys (ConfUtils.java:logGet(43)) - raft.server.log.preallocated.size = 16384 (custom)
2019-09-26 16:54:00,180 [pool-47-thread-1] INFO  server.RaftServerConfigKeys (ConfUtils.java:logGet(43)) - raft.server.log.write.buffer.size = 33554432 (custom)
2019-09-26 16:54:00,179 [pool-77-thread-1] INFO  server.RaftServerConfigKeys (ConfUtils.java:logGet(43)) - raft.server.log.segment.size.max = 1048576 (custom)
2019-09-26 16:54:00,181 [pool-47-thread-1] INFO  server.RaftServerConfigKeys (ConfUtils.java:logGet(43)) - raft.server.log.force.sync.num = 128 (default)
2019-09-26 16:54:00,181 [pool-37-thread-1] INFO  server.RaftServerConfigKeys (ConfUtils.java:logGet(43)) - raft.server.log.write.buffer.size = 33554432 (custom)
2019-09-26 16:54:00,181 [pool-47-thread-1] INFO  server.RaftServerConfigKeys (ConfUtils.java:logGet(43)) - raft.server.log.statemachine.data.sync = true (default)
2019-09-26 16:54:00,181 [pool-77-thread-1] INFO  server.RaftServerConfigKeys (ConfUtils.java:logGet(43)) - raft.server.log.preallocated.size = 16384 (custom)
2019-09-26 16:54:00,182 [pool-47-thread-1] INFO  server.RaftServerConfigKeys (ConfUtils.java:logGet(43)) - raft.server.log.statemachine.data.sync.timeout = 10s (default)
2019-09-26 16:54:00,181 [pool-37-thread-1] INFO  server.RaftServerConfigKeys (ConfUtils.java:logGet(43)) - raft.server.log.force.sync.num = 128 (default)
2019-09-26 16:54:00,182 [pool-47-thread-1] INFO  server.RaftServerConfigKeys (ConfUtils.java:logGet(43)) - raft.server.log.statemachine.data.sync.timeout.retry = -1 (default)
2019-09-26 16:54:00,182 [pool-77-thread-1] INFO  server.RaftServerConfigKeys (ConfUtils.java:logGet(43)) - raft.server.log.write.buffer.size = 33554432 (custom)
2019-09-26 16:54:00,183 [862ec94c-cd2d-47b3-b563-7d6c2816cb58@group-B36475BE038F-SegmentedRaftLogWorker] INFO  impl.StateMachineUpdater (StateMachineUpdater.java:stopAndJoin(125)) - 862ec94c-cd2d-47b3-b563-7d6c2816cb58@group-B36475BE038F-StateMachineUpdater: set stopIndex = -1
2019-09-26 16:54:00,182 [pool-37-thread-1] INFO  server.RaftServerConfigKeys (ConfUtils.java:logGet(43)) - raft.server.log.statemachine.data.sync = true (default)
2019-09-26 16:54:00,183 [862ec94c-cd2d-47b3-b563-7d6c2816cb58@group-B36475BE038F-SegmentedRaftLogWorker] INFO  impl.RaftServerImpl (ServerState.java:close(385)) - 862ec94c-cd2d-47b3-b563-7d6c2816cb58@group-B36475BE038F: closes. applyIndex: -1
2019-09-26 16:54:00,183 [pool-77-thread-1] INFO  server.RaftServerConfigKeys (ConfUtils.java:logGet(43)) - raft.server.log.force.sync.num = 128 (default)
2019-09-26 16:54:00,183 [pool-37-thread-1] INFO  server.RaftServerConfigKeys (ConfUtils.java:logGet(43)) - raft.server.log.statemachine.data.sync.timeout = 10s (default)
2019-09-26 16:54:00,183 [pool-77-thread-1] INFO  server.RaftServerConfigKeys (ConfUtils.java:logGet(43)) - raft.server.log.statemachine.data.sync = true (default)
2019-09-26 16:54:00,183 [pool-37-thread-1] INFO  server.RaftServerConfigKeys (ConfUtils.java:logGet(43)) - raft.server.log.statemachine.data.sync.timeout.retry = -1 (default)
2019-09-26 16:54:00,184 [pool-77-thread-1] INFO  server.RaftServerConfigKeys (ConfUtils.java:logGet(43)) - raft.server.log.statemachine.data.sync.timeout = 10s (default)
2019-09-26 16:54:00,184 [pool-77-thread-1] INFO  server.RaftServerConfigKeys (ConfUtils.java:logGet(43)) - raft.server.log.statemachine.data.sync.timeout.retry = -1 (default)
2019-09-26 16:54:00,185 [862ec94c-cd2d-47b3-b563-7d6c2816cb58@group-B36475BE038F-SegmentedRaftLogWorker] INFO  segmented.SegmentedRaftLogWorker (SegmentedRaftLogWorker.java:close(228)) - 862ec94c-cd2d-47b3-b563-7d6c2816cb58@group-B36475BE038F-SegmentedRaftLogWorker close()
2019-09-26 16:54:00,198 [Thread-559] INFO  impl.FollowerState (FollowerState.java:run(106)) - 5160ea40-cc48-41a9-a1d1-1151a36e77d8:group-51C7E0DD59E4 changes to CANDIDATE, lastRpcTime:5015, electionTimeout:5015ms
2019-09-26 16:54:00,198 [Thread-559] INFO  impl.RoleInfo (RoleInfo.java:shutdownFollowerState(121)) - 5160ea40-cc48-41a9-a1d1-1151a36e77d8: shutdown FollowerState
2019-09-26 16:54:00,198 [Thread-559] INFO  impl.RaftServerImpl (RaftServerImpl.java:setRole(174)) - 5160ea40-cc48-41a9-a1d1-1151a36e77d8@group-51C7E0DD59E4: changes role from  FOLLOWER to CANDIDATE at term 0 for changeToCandidate
2019-09-26 16:54:00,215 [Thread-559] INFO  impl.RoleInfo (RoleInfo.java:updateAndGet(143)) - 5160ea40-cc48-41a9-a1d1-1151a36e77d8: start LeaderElection
2019-09-26 16:54:00,215 [pool-37-thread-1] INFO  server.RaftServerConfigKeys (ConfUtils.java:logGet(43)) - raft.server.log.statemachine.data.caching.enabled = true (custom)
2019-09-26 16:54:00,215 [7fda706b-4e23-4e10-baba-12810c05fbbb@group-E1BD43987033:LeaderElection77] INFO  server.RaftServerConfigKeys (ConfUtils.java:logGet(43)) - raft.server.write.element-limit = 4096 (default)
2019-09-26 16:54:00,215 [pool-77-thread-1] INFO  server.RaftServerConfigKeys (ConfUtils.java:logGet(43)) - raft.server.log.statemachine.data.caching.enabled = true (custom)
2019-09-26 16:54:00,226 [7fda706b-4e23-4e10-baba-12810c05fbbb@group-E1BD43987033:LeaderElection77] INFO  server.RaftServerConfigKeys (ConfUtils.java:logGet(43)) - raft.server.watch.timeout = 10s (default)
2019-09-26 16:54:00,215 [579334d3-7c10-42f4-b10c-e6c2267ece25@group-B6B8FE2B0F73:LeaderElection76] INFO  server.RaftServerConfigKeys (ConfUtils.java:logGet(43)) - raft.server.write.element-limit = 4096 (default)
2019-09-26 16:54:00,215 [5160ea40-cc48-41a9-a1d1-1151a36e77d8@group-786C9481136A:LeaderElection73] INFO  server.RaftServerConfigKeys (ConfUtils.java:logGet(43)) - raft.server.write.element-limit = 4096 (default)
2019-09-26 16:54:00,219 [579334d3-7c10-42f4-b10c-e6c2267ece25@group-C91694E883F7:LeaderElection75] INFO  server.RaftServerConfigKeys (ConfUtils.java:logGet(43)) - raft.server.write.element-limit = 4096 (default)
2019-09-26 16:54:00,225 [Thread-536] INFO  impl.RoleInfo (RoleInfo.java:updateAndGet(143)) - 4a469c34-60df-4173-8d32-715e2ce97f5d: start LeaderElection
2019-09-26 16:54:00,223 [Thread-541] INFO  impl.RoleInfo (RoleInfo.java:updateAndGet(143)) - deac9605-e739-4d95-8360-f57df793faca: start LeaderElection
2019-09-26 16:54:00,223 [Thread-544] INFO  impl.RoleInfo (RoleInfo.java:updateAndGet(143)) - 862ec94c-cd2d-47b3-b563-7d6c2816cb58: start LeaderElection
2019-09-26 16:54:00,223 [Thread-549] INFO  impl.RoleInfo (RoleInfo.java:updateAndGet(143)) - deac9605-e739-4d95-8360-f57df793faca: start LeaderElection
2019-09-26 16:54:00,222 [Thread-521] INFO  impl.RoleInfo (RoleInfo.java:updateAndGet(143)) - 4a469c34-60df-4173-8d32-715e2ce97f5d: start LeaderElection
2019-09-26 16:54:00,222 [Thread-525] INFO  impl.RoleInfo (RoleInfo.java:updateAndGet(143)) - deac9605-e739-4d95-8360-f57df793faca: start LeaderElection
2019-09-26 16:54:00,219 [Thread-529] INFO  impl.RoleInfo (RoleInfo.java:updateAndGet(143)) - 579334d3-7c10-42f4-b10c-e6c2267ece25: start LeaderElection
2019-09-26 16:54:00,219 [Thread-512] INFO  impl.RoleInfo (RoleInfo.java:updateAndGet(143)) - 5160ea40-cc48-41a9-a1d1-1151a36e77d8: start LeaderElection
2019-09-26 16:54:00,219 [Thread-516] INFO  impl.RoleInfo (RoleInfo.java:updateAndGet(143)) - 5160ea40-cc48-41a9-a1d1-1151a36e77d8: start LeaderElection
2019-09-26 16:54:00,219 [862ec94c-cd2d-47b3-b563-7d6c2816cb58@group-9787CA851A74:LeaderElection72] INFO  server.RaftServerConfigKeys (ConfUtils.java:logGet(43)) - raft.server.write.element-limit = 4096 (default)
2019-09-26 16:54:00,178 [4a469c34-60df-4173-8d32-715e2ce97f5d@group-097323AD23A7-SegmentedRaftLogWorker] INFO  impl.PendingRequests (PendingRequests.java:sendNotLeaderResponses(202)) - 4a469c34-60df-4173-8d32-715e2ce97f5d-PendingRequests: sendNotLeaderResponses
2019-09-26 16:54:00,219 [5160ea40-cc48-41a9-a1d1-1151a36e77d8@group-D0054841AFC1:LeaderElection71] INFO  server.RaftServerConfigKeys (ConfUtils.java:logGet(43)) - raft.server.write.element-limit = 4096 (default)
2019-09-26 16:54:00,178 [5160ea40-cc48-41a9-a1d1-1151a36e77d8@group-5D5B5FA2477B-SegmentedRaftLogWorker] INFO  impl.PendingRequests (PendingRequests.java:sendNotLeaderResponses(202)) - 5160ea40-cc48-41a9-a1d1-1151a36e77d8-PendingRequests: sendNotLeaderResponses
2019-09-26 16:54:00,215 [d17cca1b-2e6b-48b2-8b1c-3559490fa529@group-0167F4A9536E:LeaderElection74] INFO  server.RaftServerConfigKeys (ConfUtils.java:logGet(43)) - raft.server.write.element-limit = 4096 (default)
2019-09-26 16:54:00,215 [pool-47-thread-1] INFO  server.RaftServerConfigKeys (ConfUtils.java:logGet(43)) - raft.server.log.statemachine.data.caching.enabled = true (custom)
2019-09-26 16:54:00,234 [d17cca1b-2e6b-48b2-8b1c-3559490fa529@group-0167F4A9536E:LeaderElection74] INFO  server.RaftServerConfigKeys (ConfUtils.java:logGet(43)) - raft.server.watch.timeout = 10s (default)
2019-09-26 16:54:00,234 [5160ea40-cc48-41a9-a1d1-1151a36e77d8@group-5D5B5FA2477B-SegmentedRaftLogWorker] INFO  impl.StateMachineUpdater (StateMachineUpdater.java:stopAndJoin(125)) - 5160ea40-cc48-41a9-a1d1-1151a36e77d8@group-5D5B5FA2477B-StateMachineUpdater: set stopIndex = -1
2019-09-26 16:54:00,231 [4a469c34-60df-4173-8d32-715e2ce97f5d@group-097323AD23A7-SegmentedRaftLogWorker] INFO  impl.StateMachineUpdater (StateMachineUpdater.java:stopAndJoin(125)) - 4a469c34-60df-4173-8d32-715e2ce97f5d@group-097323AD23A7-StateMachineUpdater: set stopIndex = -1
2019-09-26 16:54:00,231 [5160ea40-cc48-41a9-a1d1-1151a36e77d8@group-D0054841AFC1:LeaderElection71] INFO  server.RaftServerConfigKeys (ConfUtils.java:logGet(43)) - raft.server.watch.timeout = 10s (default)
2019-09-26 16:54:00,231 [862ec94c-cd2d-47b3-b563-7d6c2816cb58@group-9787CA851A74:LeaderElection72] INFO  server.RaftServerConfigKeys (ConfUtils.java:logGet(43)) - raft.server.watch.timeout = 10s (default)
2019-09-26 16:54:00,229 [579334d3-7c10-42f4-b10c-e6c2267ece25@group-C91694E883F7:LeaderElection75] INFO  server.RaftServerConfigKeys (ConfUtils.java:logGet(43)) - raft.server.watch.timeout = 10s (default)
2019-09-26 16:54:00,229 [5160ea40-cc48-41a9-a1d1-1151a36e77d8@group-786C9481136A:LeaderElection73] INFO  server.RaftServerConfigKeys (ConfUtils.java:logGet(43)) - raft.server.watch.timeout = 10s (default)
2019-09-26 16:54:00,229 [579334d3-7c10-42f4-b10c-e6c2267ece25@group-B6B8FE2B0F73:LeaderElection76] INFO  server.RaftServerConfigKeys (ConfUtils.java:logGet(43)) - raft.server.watch.timeout = 10s (default)
2019-09-26 16:54:00,229 [7fda706b-4e23-4e10-baba-12810c05fbbb@group-E1BD43987033:LeaderElection77] INFO  server.RaftServerConfigKeys (ConfUtils.java:logGet(43)) - raft.server.watch.timeout.denomination = 1s (default)
2019-09-26 16:54:00,229 [pool-77-thread-1] INFO  segmented.SegmentedRaftLogWorker (SegmentedRaftLogWorker.java:lambda$new$0(132)) - d17cca1b-2e6b-48b2-8b1c-3559490fa529@group-BA65C6CD63B8-SegmentedRaftLogWorker: flushIndex: setUnconditionally 0 -> -1
2019-09-26 16:54:00,229 [pool-37-thread-1] INFO  segmented.SegmentedRaftLogWorker (SegmentedRaftLogWorker.java:lambda$new$0(132)) - 7fda706b-4e23-4e10-baba-12810c05fbbb@group-BA65C6CD63B8-SegmentedRaftLogWorker: flushIndex: setUnconditionally 0 -> -1
2019-09-26 16:54:00,236 [7fda706b-4e23-4e10-baba-12810c05fbbb@group-E1BD43987033:LeaderElection77] INFO  server.RaftServerConfigKeys (ConfUtils.java:logGet(43)) - raft.server.watch.element-limit = 65536 (default)
2019-09-26 16:54:00,236 [579334d3-7c10-42f4-b10c-e6c2267ece25@group-B6B8FE2B0F73:LeaderElection76] INFO  server.RaftServerConfigKeys (ConfUtils.java:logGet(43)) - raft.server.watch.timeout.denomination = 1s (default)
2019-09-26 16:54:00,236 [5160ea40-cc48-41a9-a1d1-1151a36e77d8@group-786C9481136A:LeaderElection73] INFO  server.RaftServerConfigKeys (ConfUtils.java:logGet(43)) - raft.server.watch.timeout.denomination = 1s (default)
2019-09-26 16:54:00,236 [579334d3-7c10-42f4-b10c-e6c2267ece25@group-C91694E883F7:LeaderElection75] INFO  server.RaftServerConfigKeys (ConfUtils.java:logGet(43)) - raft.server.watch.timeout.denomination = 1s (default)
2019-09-26 16:54:00,236 [862ec94c-cd2d-47b3-b563-7d6c2816cb58@group-9787CA851A74:LeaderElection72] INFO  server.RaftServerConfigKeys (ConfUtils.java:logGet(43)) - raft.server.watch.timeout.denomination = 1s (default)
2019-09-26 16:54:00,236 [5160ea40-cc48-41a9-a1d1-1151a36e77d8@group-D0054841AFC1:LeaderElection71] INFO  server.RaftServerConfigKeys (ConfUtils.java:logGet(43)) - raft.server.watch.timeout.denomination = 1s (default)
2019-09-26 16:54:00,235 [4a469c34-60df-4173-8d32-715e2ce97f5d@group-097323AD23A7-SegmentedRaftLogWorker] INFO  impl.RaftServerImpl (ServerState.java:close(385)) - 4a469c34-60df-4173-8d32-715e2ce97f5d@group-097323AD23A7: closes. applyIndex: -1
2019-09-26 16:54:00,235 [5160ea40-cc48-41a9-a1d1-1151a36e77d8@group-5D5B5FA2477B-SegmentedRaftLogWorker] INFO  impl.RaftServerImpl (ServerState.java:close(385)) - 5160ea40-cc48-41a9-a1d1-1151a36e77d8@group-5D5B5FA2477B: closes. applyIndex: -1
2019-09-26 16:54:00,235 [pool-47-thread-1] INFO  segmented.SegmentedRaftLogWorker (SegmentedRaftLogWorker.java:lambda$new$0(132)) - 579334d3-7c10-42f4-b10c-e6c2267ece25@group-BA65C6CD63B8-SegmentedRaftLogWorker: flushIndex: setUnconditionally 0 -> -1
2019-09-26 16:54:00,235 [d17cca1b-2e6b-48b2-8b1c-3559490fa529@group-0167F4A9536E:LeaderElection74] INFO  server.RaftServerConfigKeys (ConfUtils.java:logGet(43)) - raft.server.watch.timeout.denomination = 1s (default)
2019-09-26 16:54:00,238 [5160ea40-cc48-41a9-a1d1-1151a36e77d8@group-5D5B5FA2477B-SegmentedRaftLogWorker] INFO  segmented.SegmentedRaftLogWorker (SegmentedRaftLogWorker.java:close(228)) - 5160ea40-cc48-41a9-a1d1-1151a36e77d8@group-5D5B5FA2477B-SegmentedRaftLogWorker close()
2019-09-26 16:54:00,238 [4a469c34-60df-4173-8d32-715e2ce97f5d@group-097323AD23A7-SegmentedRaftLogWorker] INFO  segmented.SegmentedRaftLogWorker (SegmentedRaftLogWorker.java:close(228)) - 4a469c34-60df-4173-8d32-715e2ce97f5d@group-097323AD23A7-SegmentedRaftLogWorker close()
2019-09-26 16:54:00,238 [5160ea40-cc48-41a9-a1d1-1151a36e77d8@group-D0054841AFC1:LeaderElection71] INFO  server.RaftServerConfigKeys (ConfUtils.java:logGet(43)) - raft.server.watch.element-limit = 65536 (default)
2019-09-26 16:54:00,238 [862ec94c-cd2d-47b3-b563-7d6c2816cb58@group-9787CA851A74:LeaderElection72] INFO  server.RaftServerConfigKeys (ConfUtils.java:logGet(43)) - raft.server.watch.element-limit = 65536 (default)
2019-09-26 16:54:00,238 [579334d3-7c10-42f4-b10c-e6c2267ece25@group-C91694E883F7:LeaderElection75] INFO  server.RaftServerConfigKeys (ConfUtils.java:logGet(43)) - raft.server.watch.element-limit = 65536 (default)
2019-09-26 16:54:00,237 [5160ea40-cc48-41a9-a1d1-1151a36e77d8@group-786C9481136A:LeaderElection73] INFO  server.RaftServerConfigKeys (ConfUtils.java:logGet(43)) - raft.server.watch.element-limit = 65536 (default)
2019-09-26 16:54:00,237 [579334d3-7c10-42f4-b10c-e6c2267ece25@group-B6B8FE2B0F73:LeaderElection76] INFO  server.RaftServerConfigKeys (ConfUtils.java:logGet(43)) - raft.server.watch.element-limit = 65536 (default)
2019-09-26 16:54:00,239 [d17cca1b-2e6b-48b2-8b1c-3559490fa529@group-0167F4A9536E:LeaderElection74] INFO  server.RaftServerConfigKeys (ConfUtils.java:logGet(43)) - raft.server.watch.element-limit = 65536 (default)
2019-09-26 16:54:00,256 [4a469c34-60df-4173-8d32-715e2ce97f5d@group-B46AEE984DDF:LeaderElection78] INFO  impl.LeaderElection (LeaderElection.java:askForVotes(182)) - 4a469c34-60df-4173-8d32-715e2ce97f5d@group-B46AEE984DDF:LeaderElection78: begin an election at term 1 for -1: [4a469c34-60df-4173-8d32-715e2ce97f5d:192.168.151.99:42442], old=null
2019-09-26 16:54:00,256 [4a469c34-60df-4173-8d32-715e2ce97f5d@group-E5385069730C:LeaderElection84] INFO  impl.LeaderElection (LeaderElection.java:askForVotes(182)) - 4a469c34-60df-4173-8d32-715e2ce97f5d@group-E5385069730C:LeaderElection84: begin an election at term 1 for -1: [4a469c34-60df-4173-8d32-715e2ce97f5d:192.168.151.99:42442], old=null
2019-09-26 16:54:00,256 [deac9605-e739-4d95-8360-f57df793faca@group-0BC6163609F7:LeaderElection80] INFO  impl.LeaderElection (LeaderElection.java:askForVotes(182)) - deac9605-e739-4d95-8360-f57df793faca@group-0BC6163609F7:LeaderElection80: begin an election at term 1 for -1: [deac9605-e739-4d95-8360-f57df793faca:192.168.151.99:46601], old=null
2019-09-26 16:54:00,256 [5160ea40-cc48-41a9-a1d1-1151a36e77d8@group-CF883E79110B:LeaderElection86] INFO  impl.LeaderElection (LeaderElection.java:askForVotes(182)) - 5160ea40-cc48-41a9-a1d1-1151a36e77d8@group-CF883E79110B:LeaderElection86: begin an election at term 1 for -1: [5160ea40-cc48-41a9-a1d1-1151a36e77d8:192.168.151.99:45356], old=null
2019-09-26 16:54:00,256 [deac9605-e739-4d95-8360-f57df793faca@group-F2FE724336A6:LeaderElection79] INFO  impl.LeaderElection (LeaderElection.java:askForVotes(182)) - deac9605-e739-4d95-8360-f57df793faca@group-F2FE724336A6:LeaderElection79: begin an election at term 1 for -1: [deac9605-e739-4d95-8360-f57df793faca:192.168.151.99:46601], old=null
2019-09-26 16:54:00,256 [862ec94c-cd2d-47b3-b563-7d6c2816cb58@group-40BFE342F714:LeaderElection81] INFO  impl.LeaderElection (LeaderElection.java:askForVotes(182)) - 862ec94c-cd2d-47b3-b563-7d6c2816cb58@group-40BFE342F714:LeaderElection81: begin an election at term 1 for -1: [862ec94c-cd2d-47b3-b563-7d6c2816cb58:192.168.151.99:36916], old=null
2019-09-26 16:54:00,256 [4a469c34-60df-4173-8d32-715e2ce97f5d@group-D505D210B7C8:LeaderElection82] INFO  impl.LeaderElection (LeaderElection.java:askForVotes(182)) - 4a469c34-60df-4173-8d32-715e2ce97f5d@group-D505D210B7C8:LeaderElection82: begin an election at term 1 for -1: [4a469c34-60df-4173-8d32-715e2ce97f5d:192.168.151.99:42442], old=null
2019-09-26 16:54:00,256 [deac9605-e739-4d95-8360-f57df793faca@group-D1DC469F0812:LeaderElection83] INFO  impl.LeaderElection (LeaderElection.java:askForVotes(182)) - deac9605-e739-4d95-8360-f57df793faca@group-D1DC469F0812:LeaderElection83: begin an election at term 1 for -1: [deac9605-e739-4d95-8360-f57df793faca:192.168.151.99:46601], old=null
2019-09-26 16:54:00,256 [5160ea40-cc48-41a9-a1d1-1151a36e77d8@group-51C7E0DD59E4:LeaderElection88] INFO  impl.LeaderElection (LeaderElection.java:askForVotes(182)) - 5160ea40-cc48-41a9-a1d1-1151a36e77d8@group-51C7E0DD59E4:LeaderElection88: begin an election at term 1 for -1: [5160ea40-cc48-41a9-a1d1-1151a36e77d8:192.168.151.99:45356], old=null
2019-09-26 16:54:00,256 [579334d3-7c10-42f4-b10c-e6c2267ece25@group-C56D2282E793:LeaderElection85] INFO  impl.LeaderElection (LeaderElection.java:askForVotes(182)) - 579334d3-7c10-42f4-b10c-e6c2267ece25@group-C56D2282E793:LeaderElection85: begin an election at term 1 for -1: [579334d3-7c10-42f4-b10c-e6c2267ece25:192.168.151.99:34131], old=null
2019-09-26 16:54:00,256 [5160ea40-cc48-41a9-a1d1-1151a36e77d8@group-802909185AE8:LeaderElection87] INFO  impl.LeaderElection (LeaderElection.java:askForVotes(182)) - 5160ea40-cc48-41a9-a1d1-1151a36e77d8@group-802909185AE8:LeaderElection87: begin an election at term 1 for -1: [5160ea40-cc48-41a9-a1d1-1151a36e77d8:192.168.151.99:45356], old=null
2019-09-26 16:54:00,257 [579334d3-7c10-42f4-b10c-e6c2267ece25@group-C56D2282E793:LeaderElection85] INFO  impl.RoleInfo (RoleInfo.java:shutdownLeaderElection(134)) - 579334d3-7c10-42f4-b10c-e6c2267ece25: shutdown LeaderElection
2019-09-26 16:54:00,257 [5160ea40-cc48-41a9-a1d1-1151a36e77d8@group-51C7E0DD59E4:LeaderElection88] INFO  impl.RoleInfo (RoleInfo.java:shutdownLeaderElection(134)) - 5160ea40-cc48-41a9-a1d1-1151a36e77d8: shutdown LeaderElection
2019-09-26 16:54:00,257 [deac9605-e739-4d95-8360-f57df793faca@group-D1DC469F0812:LeaderElection83] INFO  impl.RoleInfo (RoleInfo.java:shutdownLeaderElection(134)) - deac9605-e739-4d95-8360-f57df793faca: shutdown LeaderElection
2019-09-26 16:54:00,257 [4a469c34-60df-4173-8d32-715e2ce97f5d@group-D505D210B7C8:LeaderElection82] INFO  impl.RoleInfo (RoleInfo.java:shutdownLeaderElection(134)) - 4a469c34-60df-4173-8d32-715e2ce97f5d: shutdown LeaderElection
2019-09-26 16:54:00,257 [862ec94c-cd2d-47b3-b563-7d6c2816cb58@group-40BFE342F714:LeaderElection81] INFO  impl.RoleInfo (RoleInfo.java:shutdownLeaderElection(134)) - 862ec94c-cd2d-47b3-b563-7d6c2816cb58: shutdown LeaderElection
2019-09-26 16:54:00,257 [deac9605-e739-4d95-8360-f57df793faca@group-F2FE724336A6:LeaderElection79] INFO  impl.RoleInfo (RoleInfo.java:shutdownLeaderElection(134)) - deac9605-e739-4d95-8360-f57df793faca: shutdown LeaderElection
2019-09-26 16:54:00,256 [5160ea40-cc48-41a9-a1d1-1151a36e77d8@group-CF883E79110B:LeaderElection86] INFO  impl.RoleInfo (RoleInfo.java:shutdownLeaderElection(134)) - 5160ea40-cc48-41a9-a1d1-1151a36e77d8: shutdown LeaderElection
2019-09-26 16:54:00,256 [deac9605-e739-4d95-8360-f57df793faca@group-0BC6163609F7:LeaderElection80] INFO  impl.RoleInfo (RoleInfo.java:shutdownLeaderElection(134)) - deac9605-e739-4d95-8360-f57df793faca: shutdown LeaderElection
2019-09-26 16:54:00,259 [deac9605-e739-4d95-8360-f57df793faca@group-0BC6163609F7:LeaderElection80] INFO  impl.RaftServerImpl (RaftServerImpl.java:setRole(174)) - deac9605-e739-4d95-8360-f57df793faca@group-0BC6163609F7: changes role from CANDIDATE to LEADER at term 1 for changeToLeader
2019-09-26 16:54:00,256 [4a469c34-60df-4173-8d32-715e2ce97f5d@group-E5385069730C:LeaderElection84] INFO  impl.RoleInfo (RoleInfo.java:shutdownLeaderElection(134)) - 4a469c34-60df-4173-8d32-715e2ce97f5d: shutdown LeaderElection
2019-09-26 16:54:00,256 [4a469c34-60df-4173-8d32-715e2ce97f5d@group-B46AEE984DDF:LeaderElection78] INFO  impl.RoleInfo (RoleInfo.java:shutdownLeaderElection(134)) - 4a469c34-60df-4173-8d32-715e2ce97f5d: shutdown LeaderElection
2019-09-26 16:54:00,259 [4a469c34-60df-4173-8d32-715e2ce97f5d@group-E5385069730C:LeaderElection84] INFO  impl.RaftServerImpl (RaftServerImpl.java:setRole(174)) - 4a469c34-60df-4173-8d32-715e2ce97f5d@group-E5385069730C: changes role from CANDIDATE to LEADER at term 1 for changeToLeader
2019-09-26 16:54:00,259 [deac9605-e739-4d95-8360-f57df793faca@group-0BC6163609F7:LeaderElection80] INFO  impl.RaftServerImpl (ServerState.java:setLeader(253)) - deac9605-e739-4d95-8360-f57df793faca@group-0BC6163609F7: change Leader from null to deac9605-e739-4d95-8360-f57df793faca at term 1 for becomeLeader, leader elected after 5388ms
2019-09-26 16:54:00,258 [5160ea40-cc48-41a9-a1d1-1151a36e77d8@group-CF883E79110B:LeaderElection86] INFO  impl.RaftServerImpl (RaftServerImpl.java:setRole(174)) - 5160ea40-cc48-41a9-a1d1-1151a36e77d8@group-CF883E79110B: changes role from CANDIDATE to LEADER at term 1 for changeToLeader
2019-09-26 16:54:00,259 [5160ea40-cc48-41a9-a1d1-1151a36e77d8@group-CF883E79110B:LeaderElection86] INFO  impl.RaftServerImpl (ServerState.java:setLeader(253)) - 5160ea40-cc48-41a9-a1d1-1151a36e77d8@group-CF883E79110B: change Leader from null to 5160ea40-cc48-41a9-a1d1-1151a36e77d8 at term 1 for becomeLeader, leader elected after 5887ms
2019-09-26 16:54:00,258 [deac9605-e739-4d95-8360-f57df793faca@group-F2FE724336A6:LeaderElection79] INFO  impl.RaftServerImpl (RaftServerImpl.java:setRole(174)) - deac9605-e739-4d95-8360-f57df793faca@group-F2FE724336A6: changes role from CANDIDATE to LEADER at term 1 for changeToLeader
2019-09-26 16:54:00,260 [deac9605-e739-4d95-8360-f57df793faca@group-F2FE724336A6:LeaderElection79] INFO  impl.RaftServerImpl (ServerState.java:setLeader(253)) - deac9605-e739-4d95-8360-f57df793faca@group-F2FE724336A6: change Leader from null to deac9605-e739-4d95-8360-f57df793faca at term 1 for becomeLeader, leader elected after 5260ms
2019-09-26 16:54:00,258 [862ec94c-cd2d-47b3-b563-7d6c2816cb58@group-40BFE342F714:LeaderElection81] INFO  impl.RaftServerImpl (RaftServerImpl.java:setRole(174)) - 862ec94c-cd2d-47b3-b563-7d6c2816cb58@group-40BFE342F714: changes role from CANDIDATE to LEADER at term 1 for changeToLeader
2019-09-26 16:54:00,260 [862ec94c-cd2d-47b3-b563-7d6c2816cb58@group-40BFE342F714:LeaderElection81] INFO  impl.RaftServerImpl (ServerState.java:setLeader(253)) - 862ec94c-cd2d-47b3-b563-7d6c2816cb58@group-40BFE342F714: change Leader from null to 862ec94c-cd2d-47b3-b563-7d6c2816cb58 at term 1 for becomeLeader, leader elected after 5342ms
2019-09-26 16:54:00,258 [4a469c34-60df-4173-8d32-715e2ce97f5d@group-D505D210B7C8:LeaderElection82] INFO  impl.RaftServerImpl (RaftServerImpl.java:setRole(174)) - 4a469c34-60df-4173-8d32-715e2ce97f5d@group-D505D210B7C8: changes role from CANDIDATE to LEADER at term 1 for changeToLeader
2019-09-26 16:54:00,258 [deac9605-e739-4d95-8360-f57df793faca@group-D1DC469F0812:LeaderElection83] INFO  impl.RaftServerImpl (RaftServerImpl.java:setRole(174)) - deac9605-e739-4d95-8360-f57df793faca@group-D1DC469F0812: changes role from CANDIDATE to LEADER at term 1 for changeToLeader
2019-09-26 16:54:00,258 [5160ea40-cc48-41a9-a1d1-1151a36e77d8@group-51C7E0DD59E4:LeaderElection88] INFO  impl.RaftServerImpl (RaftServerImpl.java:setRole(174)) - 5160ea40-cc48-41a9-a1d1-1151a36e77d8@group-51C7E0DD59E4: changes role from CANDIDATE to LEADER at term 1 for changeToLeader
2019-09-26 16:54:00,258 [579334d3-7c10-42f4-b10c-e6c2267ece25@group-C56D2282E793:LeaderElection85] INFO  impl.RaftServerImpl (RaftServerImpl.java:setRole(174)) - 579334d3-7c10-42f4-b10c-e6c2267ece25@group-C56D2282E793: changes role from CANDIDATE to LEADER at term 1 for changeToLeader
2019-09-26 16:54:00,257 [5160ea40-cc48-41a9-a1d1-1151a36e77d8@group-802909185AE8:LeaderElection87] INFO  impl.RoleInfo (RoleInfo.java:shutdownLeaderElection(134)) - 5160ea40-cc48-41a9-a1d1-1151a36e77d8: shutdown LeaderElection
2019-09-26 16:54:00,261 [579334d3-7c10-42f4-b10c-e6c2267ece25@group-C56D2282E793:LeaderElection85] INFO  impl.RaftServerImpl (ServerState.java:setLeader(253)) - 579334d3-7c10-42f4-b10c-e6c2267ece25@group-C56D2282E793: change Leader from null to 579334d3-7c10-42f4-b10c-e6c2267ece25 at term 1 for becomeLeader, leader elected after 5613ms
2019-09-26 16:54:00,261 [5160ea40-cc48-41a9-a1d1-1151a36e77d8@group-51C7E0DD59E4:LeaderElection88] INFO  impl.RaftServerImpl (ServerState.java:setLeader(253)) - 5160ea40-cc48-41a9-a1d1-1151a36e77d8@group-51C7E0DD59E4: change Leader from null to 5160ea40-cc48-41a9-a1d1-1151a36e77d8 at term 1 for becomeLeader, leader elected after 5134ms
2019-09-26 16:54:00,261 [deac9605-e739-4d95-8360-f57df793faca@group-D1DC469F0812:LeaderElection83] INFO  impl.RaftServerImpl (ServerState.java:setLeader(253)) - deac9605-e739-4d95-8360-f57df793faca@group-D1DC469F0812: change Leader from null to deac9605-e739-4d95-8360-f57df793faca at term 1 for becomeLeader, leader elected after 5695ms
2019-09-26 16:54:00,260 [4a469c34-60df-4173-8d32-715e2ce97f5d@group-D505D210B7C8:LeaderElection82] INFO  impl.RaftServerImpl (ServerState.java:setLeader(253)) - 4a469c34-60df-4173-8d32-715e2ce97f5d@group-D505D210B7C8: change Leader from null to 4a469c34-60df-4173-8d32-715e2ce97f5d at term 1 for becomeLeader, leader elected after 5726ms
2019-09-26 16:54:00,260 [862ec94c-cd2d-47b3-b563-7d6c2816cb58@group-40BFE342F714:LeaderElection81] INFO  server.RaftServerConfigKeys (ConfUtils.java:logGet(43)) - raft.server.staging.catchup.gap = 1000 (default)
2019-09-26 16:54:00,260 [deac9605-e739-4d95-8360-f57df793faca@group-F2FE724336A6:LeaderElection79] INFO  server.RaftServerConfigKeys (ConfUtils.java:logGet(43)) - raft.server.staging.catchup.gap = 1000 (default)
2019-09-26 16:54:00,260 [5160ea40-cc48-41a9-a1d1-1151a36e77d8@group-CF883E79110B:LeaderElection86] INFO  server.RaftServerConfigKeys (ConfUtils.java:logGet(43)) - raft.server.staging.catchup.gap = 1000 (default)
2019-09-26 16:54:00,262 [5160ea40-cc48-41a9-a1d1-1151a36e77d8@group-CF883E79110B:LeaderElection86] INFO  server.RaftServerConfigKeys (ConfUtils.java:logGet(43)) - raft.server.rpc.sleep.time = 25ms (default)
2019-09-26 16:54:00,259 [deac9605-e739-4d95-8360-f57df793faca@group-0BC6163609F7:LeaderElection80] INFO  server.RaftServerConfigKeys (ConfUtils.java:logGet(43)) - raft.server.staging.catchup.gap = 1000 (default)
2019-09-26 16:54:00,259 [4a469c34-60df-4173-8d32-715e2ce97f5d@group-E5385069730C:LeaderElection84] INFO  impl.RaftServerImpl (ServerState.java:setLeader(253)) - 4a469c34-60df-4173-8d32-715e2ce97f5d@group-E5385069730C: change Leader from null to 4a469c34-60df-4173-8d32-715e2ce97f5d at term 1 for becomeLeader, leader elected after 5533ms
2019-09-26 16:54:00,259 [4a469c34-60df-4173-8d32-715e2ce97f5d@group-B46AEE984DDF:LeaderElection78] INFO  impl.RaftServerImpl (RaftServerImpl.java:setRole(174)) - 4a469c34-60df-4173-8d32-715e2ce97f5d@group-B46AEE984DDF: changes role from CANDIDATE to LEADER at term 1 for changeToLeader
2019-09-26 16:54:00,263 [4a469c34-60df-4173-8d32-715e2ce97f5d@group-E5385069730C:LeaderElection84] INFO  server.RaftServerConfigKeys (ConfUtils.java:logGet(43)) - raft.server.staging.catchup.gap = 1000 (default)
2019-09-26 16:54:00,262 [deac9605-e739-4d95-8360-f57df793faca@group-0BC6163609F7:LeaderElection80] INFO  server.RaftServerConfigKeys (ConfUtils.java:logGet(43)) - raft.server.rpc.sleep.time = 25ms (default)
2019-09-26 16:54:00,262 [deac9605-e739-4d95-8360-f57df793faca@group-F2FE724336A6:LeaderElection79] INFO  server.RaftServerConfigKeys (ConfUtils.java:logGet(43)) - raft.server.rpc.sleep.time = 25ms (default)
2019-09-26 16:54:00,262 [862ec94c-cd2d-47b3-b563-7d6c2816cb58@group-40BFE342F714:LeaderElection81] INFO  server.RaftServerConfigKeys (ConfUtils.java:logGet(43)) - raft.server.rpc.sleep.time = 25ms (default)
2019-09-26 16:54:00,262 [4a469c34-60df-4173-8d32-715e2ce97f5d@group-D505D210B7C8:LeaderElection82] INFO  server.RaftServerConfigKeys (ConfUtils.java:logGet(43)) - raft.server.staging.catchup.gap = 1000 (default)
2019-09-26 16:54:00,261 [deac9605-e739-4d95-8360-f57df793faca@group-D1DC469F0812:LeaderElection83] INFO  server.RaftServerConfigKeys (ConfUtils.java:logGet(43)) - raft.server.staging.catchup.gap = 1000 (default)
2019-09-26 16:54:00,261 [5160ea40-cc48-41a9-a1d1-1151a36e77d8@group-51C7E0DD59E4:LeaderElection88] INFO  server.RaftServerConfigKeys (ConfUtils.java:logGet(43)) - raft.server.staging.catchup.gap = 1000 (default)
2019-09-26 16:54:00,261 [579334d3-7c10-42f4-b10c-e6c2267ece25@group-C56D2282E793:LeaderElection85] INFO  server.RaftServerConfigKeys (ConfUtils.java:logGet(43)) - raft.server.staging.catchup.gap = 1000 (default)
2019-09-26 16:54:00,261 [5160ea40-cc48-41a9-a1d1-1151a36e77d8@group-802909185AE8:LeaderElection87] INFO  impl.RaftServerImpl (RaftServerImpl.java:setRole(174)) - 5160ea40-cc48-41a9-a1d1-1151a36e77d8@group-802909185AE8: changes role from CANDIDATE to LEADER at term 1 for changeToLeader
2019-09-26 16:54:00,264 [579334d3-7c10-42f4-b10c-e6c2267ece25@group-C56D2282E793:LeaderElection85] INFO  server.RaftServerConfigKeys (ConfUtils.java:logGet(43)) - raft.server.rpc.sleep.time = 25ms (default)
2019-09-26 16:54:00,264 [5160ea40-cc48-41a9-a1d1-1151a36e77d8@group-51C7E0DD59E4:LeaderElection88] INFO  server.RaftServerConfigKeys (ConfUtils.java:logGet(43)) - raft.server.rpc.sleep.time = 25ms (default)
2019-09-26 16:54:00,264 [deac9605-e739-4d95-8360-f57df793faca@group-D1DC469F0812:LeaderElection83] INFO  server.RaftServerConfigKeys (ConfUtils.java:logGet(43)) - raft.server.rpc.sleep.time = 25ms (default)
2019-09-26 16:54:00,263 [4a469c34-60df-4173-8d32-715e2ce97f5d@group-D505D210B7C8:LeaderElection82] INFO  server.RaftServerConfigKeys (ConfUtils.java:logGet(43)) - raft.server.rpc.sleep.time = 25ms (default)
2019-09-26 16:54:00,263 [4a469c34-60df-4173-8d32-715e2ce97f5d@group-E5385069730C:LeaderElection84] INFO  server.RaftServerConfigKeys (ConfUtils.java:logGet(43)) - raft.server.rpc.sleep.time = 25ms (default)
2019-09-26 16:54:00,263 [4a469c34-60df-4173-8d32-715e2ce97f5d@group-B46AEE984DDF:LeaderElection78] INFO  impl.RaftServerImpl (ServerState.java:setLeader(253)) - 4a469c34-60df-4173-8d32-715e2ce97f5d@group-B46AEE984DDF: change Leader from null to 4a469c34-60df-4173-8d32-715e2ce97f5d at term 1 for becomeLeader, leader elected after 6108ms
2019-09-26 16:54:00,264 [5160ea40-cc48-41a9-a1d1-1151a36e77d8@group-802909185AE8:LeaderElection87] INFO  impl.RaftServerImpl (ServerState.java:setLeader(253)) - 5160ea40-cc48-41a9-a1d1-1151a36e77d8@group-802909185AE8: change Leader from null to 5160ea40-cc48-41a9-a1d1-1151a36e77d8 at term 1 for becomeLeader, leader elected after 5806ms
2019-09-26 16:54:00,265 [4a469c34-60df-4173-8d32-715e2ce97f5d@group-B46AEE984DDF:LeaderElection78] INFO  server.RaftServerConfigKeys (ConfUtils.java:logGet(43)) - raft.server.staging.catchup.gap = 1000 (default)
2019-09-26 16:54:00,265 [5160ea40-cc48-41a9-a1d1-1151a36e77d8@group-802909185AE8:LeaderElection87] INFO  server.RaftServerConfigKeys (ConfUtils.java:logGet(43)) - raft.server.staging.catchup.gap = 1000 (default)
2019-09-26 16:54:00,265 [4a469c34-60df-4173-8d32-715e2ce97f5d@group-B46AEE984DDF:LeaderElection78] INFO  server.RaftServerConfigKeys (ConfUtils.java:logGet(43)) - raft.server.rpc.sleep.time = 25ms (default)
2019-09-26 16:54:00,265 [5160ea40-cc48-41a9-a1d1-1151a36e77d8@group-802909185AE8:LeaderElection87] INFO  server.RaftServerConfigKeys (ConfUtils.java:logGet(43)) - raft.server.rpc.sleep.time = 25ms (default)
2019-09-26 16:54:00,274 [5160ea40-cc48-41a9-a1d1-1151a36e77d8@group-802909185AE8:LeaderElection87] INFO  server.RaftServerConfigKeys (ConfUtils.java:logGet(43)) - raft.server.write.element-limit = 4096 (default)
2019-09-26 16:54:00,274 [4a469c34-60df-4173-8d32-715e2ce97f5d@group-D505D210B7C8:LeaderElection82] INFO  server.RaftServerConfigKeys (ConfUtils.java:logGet(43)) - raft.server.write.element-limit = 4096 (default)
2019-09-26 16:54:00,274 [862ec94c-cd2d-47b3-b563-7d6c2816cb58@group-40BFE342F714:LeaderElection81] INFO  server.RaftServerConfigKeys (ConfUtils.java:logGet(43)) - raft.server.write.element-limit = 4096 (default)
2019-09-26 16:54:00,274 [4a469c34-60df-4173-8d32-715e2ce97f5d@group-E5385069730C:LeaderElection84] INFO  server.RaftServerConfigKeys (ConfUtils.java:logGet(43)) - raft.server.write.element-limit = 4096 (default)
2019-09-26 16:54:00,274 [4a469c34-60df-4173-8d32-715e2ce97f5d@group-B46AEE984DDF:LeaderElection78] INFO  server.RaftServerConfigKeys (ConfUtils.java:logGet(43)) - raft.server.write.element-limit = 4096 (default)
2019-09-26 16:54:00,282 [4a469c34-60df-4173-8d32-715e2ce97f5d@group-E5385069730C:LeaderElection84] INFO  server.RaftServerConfigKeys (ConfUtils.java:logGet(43)) - raft.server.watch.timeout = 10s (default)
2019-09-26 16:54:00,282 [4a469c34-60df-4173-8d32-715e2ce97f5d@group-E5385069730C:LeaderElection84] INFO  server.RaftServerConfigKeys (ConfUtils.java:logGet(43)) - raft.server.watch.timeout.denomination = 1s (default)
2019-09-26 16:54:00,282 [862ec94c-cd2d-47b3-b563-7d6c2816cb58@group-40BFE342F714:LeaderElection81] INFO  server.RaftServerConfigKeys (ConfUtils.java:logGet(43)) - raft.server.watch.timeout = 10s (default)
2019-09-26 16:54:00,282 [pool-77-thread-1] INFO  server.RaftServerConfigKeys (ConfUtils.java:logGet(43)) - raft.server.snapshot.auto.trigger.enabled = true (custom)
2019-09-26 16:54:00,280 [5160ea40-cc48-41a9-a1d1-1151a36e77d8@group-CF883E79110B:LeaderElection86] INFO  server.RaftServerConfigKeys (ConfUtils.java:logGet(43)) - raft.server.write.element-limit = 4096 (default)
2019-09-26 16:54:00,283 [5160ea40-cc48-41a9-a1d1-1151a36e77d8@group-CF883E79110B:LeaderElection86] INFO  server.RaftServerConfigKeys (ConfUtils.java:logGet(43)) - raft.server.watch.timeout = 10s (default)
2019-09-26 16:54:00,277 [pool-37-thread-1] INFO  server.RaftServerConfigKeys (ConfUtils.java:logGet(43)) - raft.server.snapshot.auto.trigger.enabled = true (custom)
2019-09-26 16:54:00,283 [pool-37-thread-1] INFO  server.RaftServerConfigKeys (ConfUtils.java:logGet(43)) - raft.server.snapshot.auto.trigger.threshold = 10000 (custom)
2019-09-26 16:54:00,277 [pool-47-thread-1] INFO  server.RaftServerConfigKeys (ConfUtils.java:logGet(43)) - raft.server.snapshot.auto.trigger.enabled = true (custom)
2019-09-26 16:54:00,284 [pool-47-thread-1] INFO  server.RaftServerConfigKeys (ConfUtils.java:logGet(43)) - raft.server.snapshot.auto.trigger.threshold = 10000 (custom)
2019-09-26 16:54:00,274 [4a469c34-60df-4173-8d32-715e2ce97f5d@group-D505D210B7C8:LeaderElection82] INFO  server.RaftServerConfigKeys (ConfUtils.java:logGet(43)) - raft.server.watch.timeout = 10s (default)
2019-09-26 16:54:00,284 [4a469c34-60df-4173-8d32-715e2ce97f5d@group-D505D210B7C8:LeaderElection82] INFO  server.RaftServerConfigKeys (ConfUtils.java:logGet(43)) - raft.server.watch.timeout.denomination = 1s (default)
2019-09-26 16:54:00,274 [deac9605-e739-4d95-8360-f57df793faca@group-0BC6163609F7:LeaderElection80] INFO  server.RaftServerConfigKeys (ConfUtils.java:logGet(43)) - raft.server.write.element-limit = 4096 (default)
2019-09-26 16:54:00,274 [deac9605-e739-4d95-8360-f57df793faca@group-F2FE724336A6:LeaderElection79] INFO  server.RaftServerConfigKeys (ConfUtils.java:logGet(43)) - raft.server.write.element-limit = 4096 (default)
2019-09-26 16:54:00,274 [579334d3-7c10-42f4-b10c-e6c2267ece25@group-C56D2282E793:LeaderElection85] INFO  server.RaftServerConfigKeys (ConfUtils.java:logGet(43)) - raft.server.write.element-limit = 4096 (default)
2019-09-26 16:54:00,274 [5160ea40-cc48-41a9-a1d1-1151a36e77d8@group-51C7E0DD59E4:LeaderElection88] INFO  server.RaftServerConfigKeys (ConfUtils.java:logGet(43)) - raft.server.write.element-limit = 4096 (default)
2019-09-26 16:54:00,274 [5160ea40-cc48-41a9-a1d1-1151a36e77d8@group-802909185AE8:LeaderElection87] INFO  server.RaftServerConfigKeys (ConfUtils.java:logGet(43)) - raft.server.watch.timeout = 10s (default)
2019-09-26 16:54:00,285 [5160ea40-cc48-41a9-a1d1-1151a36e77d8@group-802909185AE8:LeaderElection87] INFO  server.RaftServerConfigKeys (ConfUtils.java:logGet(43)) - raft.server.watch.timeout.denomination = 1s (default)
2019-09-26 16:54:00,274 [deac9605-e739-4d95-8360-f57df793faca@group-D1DC469F0812:LeaderElection83] INFO  server.RaftServerConfigKeys (ConfUtils.java:logGet(43)) - raft.server.write.element-limit = 4096 (default)
2019-09-26 16:54:00,285 [5160ea40-cc48-41a9-a1d1-1151a36e77d8@group-802909185AE8:LeaderElection87] INFO  server.RaftServerConfigKeys (ConfUtils.java:logGet(43)) - raft.server.watch.element-limit = 65536 (default)
2019-09-26 16:54:00,285 [5160ea40-cc48-41a9-a1d1-1151a36e77d8@group-51C7E0DD59E4:LeaderElection88] INFO  server.RaftServerConfigKeys (ConfUtils.java:logGet(43)) - raft.server.watch.timeout = 10s (default)
2019-09-26 16:54:00,285 [579334d3-7c10-42f4-b10c-e6c2267ece25@group-C56D2282E793:LeaderElection85] INFO  server.RaftServerConfigKeys (ConfUtils.java:logGet(43)) - raft.server.watch.timeout = 10s (default)
2019-09-26 16:54:00,285 [deac9605-e739-4d95-8360-f57df793faca@group-F2FE724336A6:LeaderElection79] INFO  server.RaftServerConfigKeys (ConfUtils.java:logGet(43)) - raft.server.watch.timeout = 10s (default)
2019-09-26 16:54:00,284 [deac9605-e739-4d95-8360-f57df793faca@group-0BC6163609F7:LeaderElection80] INFO  server.RaftServerConfigKeys (ConfUtils.java:logGet(43)) - raft.server.watch.timeout = 10s (default)
2019-09-26 16:54:00,286 [deac9605-e739-4d95-8360-f57df793faca@group-0BC6163609F7:LeaderElection80] INFO  server.RaftServerConfigKeys (ConfUtils.java:logGet(43)) - raft.server.watch.timeout.denomination = 1s (default)
2019-09-26 16:54:00,284 [4a469c34-60df-4173-8d32-715e2ce97f5d@group-D505D210B7C8:LeaderElection82] INFO  server.RaftServerConfigKeys (ConfUtils.java:logGet(43)) - raft.server.watch.element-limit = 65536 (default)
2019-09-26 16:54:00,284 [pool-47-thread-1] INFO  server.RaftServerConfigKeys (ConfUtils.java:logGet(43)) - raft.server.snapshot.retention.num.files = 5 (custom)
2019-09-26 16:54:00,284 [pool-37-thread-1] INFO  server.RaftServerConfigKeys (ConfUtils.java:logGet(43)) - raft.server.snapshot.retention.num.files = 5 (custom)
2019-09-26 16:54:00,283 [5160ea40-cc48-41a9-a1d1-1151a36e77d8@group-CF883E79110B:LeaderElection86] INFO  server.RaftServerConfigKeys (ConfUtils.java:logGet(43)) - raft.server.watch.timeout.denomination = 1s (default)
2019-09-26 16:54:00,283 [pool-77-thread-1] INFO  server.RaftServerConfigKeys (ConfUtils.java:logGet(43)) - raft.server.snapshot.auto.trigger.threshold = 10000 (custom)
2019-09-26 16:54:00,283 [862ec94c-cd2d-47b3-b563-7d6c2816cb58@group-40BFE342F714:LeaderElection81] INFO  server.RaftServerConfigKeys (ConfUtils.java:logGet(43)) - raft.server.watch.timeout.denomination = 1s (default)
2019-09-26 16:54:00,283 [4a469c34-60df-4173-8d32-715e2ce97f5d@group-E5385069730C:LeaderElection84] INFO  server.RaftServerConfigKeys (ConfUtils.java:logGet(43)) - raft.server.watch.element-limit = 65536 (default)
2019-09-26 16:54:00,282 [4a469c34-60df-4173-8d32-715e2ce97f5d@group-B46AEE984DDF:LeaderElection78] INFO  server.RaftServerConfigKeys (ConfUtils.java:logGet(43)) - raft.server.watch.timeout = 10s (default)
2019-09-26 16:54:00,288 [4a469c34-60df-4173-8d32-715e2ce97f5d@group-B46AEE984DDF:LeaderElection78] INFO  server.RaftServerConfigKeys (ConfUtils.java:logGet(43)) - raft.server.watch.timeout.denomination = 1s (default)
2019-09-26 16:54:00,287 [862ec94c-cd2d-47b3-b563-7d6c2816cb58@group-40BFE342F714:LeaderElection81] INFO  server.RaftServerConfigKeys (ConfUtils.java:logGet(43)) - raft.server.watch.element-limit = 65536 (default)
2019-09-26 16:54:00,287 [pool-77-thread-1] INFO  server.RaftServerConfigKeys (ConfUtils.java:logGet(43)) - raft.server.snapshot.retention.num.files = 5 (custom)
2019-09-26 16:54:00,287 [5160ea40-cc48-41a9-a1d1-1151a36e77d8@group-CF883E79110B:LeaderElection86] INFO  server.RaftServerConfigKeys (ConfUtils.java:logGet(43)) - raft.server.watch.element-limit = 65536 (default)
2019-09-26 16:54:00,286 [deac9605-e739-4d95-8360-f57df793faca@group-0BC6163609F7:LeaderElection80] INFO  server.RaftServerConfigKeys (ConfUtils.java:logGet(43)) - raft.server.watch.element-limit = 65536 (default)
2019-09-26 16:54:00,286 [deac9605-e739-4d95-8360-f57df793faca@group-F2FE724336A6:LeaderElection79] INFO  server.RaftServerConfigKeys (ConfUtils.java:logGet(43)) - raft.server.watch.timeout.denomination = 1s (default)
2019-09-26 16:54:00,286 [579334d3-7c10-42f4-b10c-e6c2267ece25@group-C56D2282E793:LeaderElection85] INFO  server.RaftServerConfigKeys (ConfUtils.java:logGet(43)) - raft.server.watch.timeout.denomination = 1s (default)
2019-09-26 16:54:00,286 [5160ea40-cc48-41a9-a1d1-1151a36e77d8@group-51C7E0DD59E4:LeaderElection88] INFO  server.RaftServerConfigKeys (ConfUtils.java:logGet(43)) - raft.server.watch.timeout.denomination = 1s (default)
2019-09-26 16:54:00,285 [deac9605-e739-4d95-8360-f57df793faca@group-D1DC469F0812:LeaderElection83] INFO  server.RaftServerConfigKeys (ConfUtils.java:logGet(43)) - raft.server.watch.timeout = 10s (default)
2019-09-26 16:54:00,289 [5160ea40-cc48-41a9-a1d1-1151a36e77d8@group-51C7E0DD59E4:LeaderElection88] INFO  server.RaftServerConfigKeys (ConfUtils.java:logGet(43)) - raft.server.watch.element-limit = 65536 (default)
2019-09-26 16:54:00,289 [579334d3-7c10-42f4-b10c-e6c2267ece25@group-C56D2282E793:LeaderElection85] INFO  server.RaftServerConfigKeys (ConfUtils.java:logGet(43)) - raft.server.watch.element-limit = 65536 (default)
2019-09-26 16:54:00,289 [deac9605-e739-4d95-8360-f57df793faca@group-F2FE724336A6:LeaderElection79] INFO  server.RaftServerConfigKeys (ConfUtils.java:logGet(43)) - raft.server.watch.element-limit = 65536 (default)
2019-09-26 16:54:00,288 [4a469c34-60df-4173-8d32-715e2ce97f5d@group-B46AEE984DDF:LeaderElection78] INFO  server.RaftServerConfigKeys (ConfUtils.java:logGet(43)) - raft.server.watch.element-limit = 65536 (default)
2019-09-26 16:54:00,289 [deac9605-e739-4d95-8360-f57df793faca@group-D1DC469F0812:LeaderElection83] INFO  server.RaftServerConfigKeys (ConfUtils.java:logGet(43)) - raft.server.watch.timeout.denomination = 1s (default)
2019-09-26 16:54:00,290 [deac9605-e739-4d95-8360-f57df793faca@group-D1DC469F0812:LeaderElection83] INFO  server.RaftServerConfigKeys (ConfUtils.java:logGet(43)) - raft.server.watch.element-limit = 65536 (default)
2019-09-26 16:54:00,317 [pool-77-thread-1] INFO  server.RaftServerConfigKeys (ConfUtils.java:logGet(43)) - raft.server.retrycache.expirytime = 600000ms (custom)
2019-09-26 16:54:00,317 [pool-37-thread-1] INFO  server.RaftServerConfigKeys (ConfUtils.java:logGet(43)) - raft.server.retrycache.expirytime = 600000ms (custom)
2019-09-26 16:54:00,318 [pool-47-thread-1] INFO  server.RaftServerConfigKeys (ConfUtils.java:logGet(43)) - raft.server.retrycache.expirytime = 600000ms (custom)
2019-09-26 16:54:00,397 [Thread-563] INFO  impl.FollowerState (FollowerState.java:run(106)) - 5160ea40-cc48-41a9-a1d1-1151a36e77d8:group-3621D5874B47 changes to CANDIDATE, lastRpcTime:5107, electionTimeout:5107ms
2019-09-26 16:54:00,398 [Thread-563] INFO  impl.RoleInfo (RoleInfo.java:shutdownFollowerState(121)) - 5160ea40-cc48-41a9-a1d1-1151a36e77d8: shutdown FollowerState
2019-09-26 16:54:00,398 [Thread-563] INFO  impl.RaftServerImpl (RaftServerImpl.java:setRole(174)) - 5160ea40-cc48-41a9-a1d1-1151a36e77d8@group-3621D5874B47: changes role from  FOLLOWER to CANDIDATE at term 0 for changeToCandidate
2019-09-26 16:54:00,423 [Thread-563] INFO  impl.RoleInfo (RoleInfo.java:updateAndGet(143)) - 5160ea40-cc48-41a9-a1d1-1151a36e77d8: start LeaderElection
2019-09-26 16:54:00,443 [5160ea40-cc48-41a9-a1d1-1151a36e77d8@group-3621D5874B47:LeaderElection89] INFO  impl.LeaderElection (LeaderElection.java:askForVotes(182)) - 5160ea40-cc48-41a9-a1d1-1151a36e77d8@group-3621D5874B47:LeaderElection89: begin an election at term 1 for -1: [5160ea40-cc48-41a9-a1d1-1151a36e77d8:192.168.151.99:45356], old=null
2019-09-26 16:54:00,443 [5160ea40-cc48-41a9-a1d1-1151a36e77d8@group-3621D5874B47:LeaderElection89] INFO  impl.RoleInfo (RoleInfo.java:shutdownLeaderElection(134)) - 5160ea40-cc48-41a9-a1d1-1151a36e77d8: shutdown LeaderElection
2019-09-26 16:54:00,443 [5160ea40-cc48-41a9-a1d1-1151a36e77d8@group-3621D5874B47:LeaderElection89] INFO  impl.RaftServerImpl (RaftServerImpl.java:setRole(174)) - 5160ea40-cc48-41a9-a1d1-1151a36e77d8@group-3621D5874B47: changes role from CANDIDATE to LEADER at term 1 for changeToLeader
2019-09-26 16:54:00,443 [5160ea40-cc48-41a9-a1d1-1151a36e77d8@group-3621D5874B47:LeaderElection89] INFO  impl.RaftServerImpl (ServerState.java:setLeader(253)) - 5160ea40-cc48-41a9-a1d1-1151a36e77d8@group-3621D5874B47: change Leader from null to 5160ea40-cc48-41a9-a1d1-1151a36e77d8 at term 1 for becomeLeader, leader elected after 5160ms
2019-09-26 16:54:00,444 [5160ea40-cc48-41a9-a1d1-1151a36e77d8@group-3621D5874B47:LeaderElection89] INFO  server.RaftServerConfigKeys (ConfUtils.java:logGet(43)) - raft.server.staging.catchup.gap = 1000 (default)
2019-09-26 16:54:00,444 [5160ea40-cc48-41a9-a1d1-1151a36e77d8@group-3621D5874B47:LeaderElection89] INFO  server.RaftServerConfigKeys (ConfUtils.java:logGet(43)) - raft.server.rpc.sleep.time = 25ms (default)
2019-09-26 16:54:00,470 [Thread-569] INFO  impl.FollowerState (FollowerState.java:run(106)) - 5160ea40-cc48-41a9-a1d1-1151a36e77d8:group-9D0474B365D3 changes to CANDIDATE, lastRpcTime:5079, electionTimeout:5079ms
2019-09-26 16:54:00,471 [Thread-569] INFO  impl.RoleInfo (RoleInfo.java:shutdownFollowerState(121)) - 5160ea40-cc48-41a9-a1d1-1151a36e77d8: shutdown FollowerState
2019-09-26 16:54:00,471 [Thread-569] INFO  impl.RaftServerImpl (RaftServerImpl.java:setRole(174)) - 5160ea40-cc48-41a9-a1d1-1151a36e77d8@group-9D0474B365D3: changes role from  FOLLOWER to CANDIDATE at term 0 for changeToCandidate
2019-09-26 16:54:00,484 [Thread-569] INFO  impl.RoleInfo (RoleInfo.java:updateAndGet(143)) - 5160ea40-cc48-41a9-a1d1-1151a36e77d8: start LeaderElection
2019-09-26 16:54:00,484 [5160ea40-cc48-41a9-a1d1-1151a36e77d8@group-3621D5874B47:LeaderElection89] INFO  server.RaftServerConfigKeys (ConfUtils.java:logGet(43)) - raft.server.write.element-limit = 4096 (default)
2019-09-26 16:54:00,484 [5160ea40-cc48-41a9-a1d1-1151a36e77d8@group-3621D5874B47:LeaderElection89] INFO  server.RaftServerConfigKeys (ConfUtils.java:logGet(43)) - raft.server.watch.timeout = 10s (default)
2019-09-26 16:54:00,488 [5160ea40-cc48-41a9-a1d1-1151a36e77d8@group-3621D5874B47:LeaderElection89] INFO  server.RaftServerConfigKeys (ConfUtils.java:logGet(43)) - raft.server.watch.timeout.denomination = 1s (default)
2019-09-26 16:54:00,488 [5160ea40-cc48-41a9-a1d1-1151a36e77d8@group-3621D5874B47:LeaderElection89] INFO  server.RaftServerConfigKeys (ConfUtils.java:logGet(43)) - raft.server.watch.element-limit = 65536 (default)
2019-09-26 16:54:00,501 [5160ea40-cc48-41a9-a1d1-1151a36e77d8@group-9D0474B365D3:LeaderElection90] INFO  impl.LeaderElection (LeaderElection.java:askForVotes(182)) - 5160ea40-cc48-41a9-a1d1-1151a36e77d8@group-9D0474B365D3:LeaderElection90: begin an election at term 1 for -1: [5160ea40-cc48-41a9-a1d1-1151a36e77d8:192.168.151.99:45356], old=null
2019-09-26 16:54:00,501 [5160ea40-cc48-41a9-a1d1-1151a36e77d8@group-9D0474B365D3:LeaderElection90] INFO  impl.RoleInfo (RoleInfo.java:shutdownLeaderElection(134)) - 5160ea40-cc48-41a9-a1d1-1151a36e77d8: shutdown LeaderElection
2019-09-26 16:54:00,502 [5160ea40-cc48-41a9-a1d1-1151a36e77d8@group-9D0474B365D3:LeaderElection90] INFO  impl.RaftServerImpl (RaftServerImpl.java:setRole(174)) - 5160ea40-cc48-41a9-a1d1-1151a36e77d8@group-9D0474B365D3: changes role from CANDIDATE to LEADER at term 1 for changeToLeader
2019-09-26 16:54:00,502 [5160ea40-cc48-41a9-a1d1-1151a36e77d8@group-9D0474B365D3:LeaderElection90] INFO  impl.RaftServerImpl (ServerState.java:setLeader(253)) - 5160ea40-cc48-41a9-a1d1-1151a36e77d8@group-9D0474B365D3: change Leader from null to 5160ea40-cc48-41a9-a1d1-1151a36e77d8 at term 1 for becomeLeader, leader elected after 5117ms
2019-09-26 16:54:00,502 [5160ea40-cc48-41a9-a1d1-1151a36e77d8@group-9D0474B365D3:LeaderElection90] INFO  server.RaftServerConfigKeys (ConfUtils.java:logGet(43)) - raft.server.staging.catchup.gap = 1000 (default)
2019-09-26 16:54:00,502 [5160ea40-cc48-41a9-a1d1-1151a36e77d8@group-9D0474B365D3:LeaderElection90] INFO  server.RaftServerConfigKeys (ConfUtils.java:logGet(43)) - raft.server.rpc.sleep.time = 25ms (default)
2019-09-26 16:54:00,511 [Thread-566] INFO  impl.FollowerState (FollowerState.java:run(106)) - 7fda706b-4e23-4e10-baba-12810c05fbbb:group-6E23EBD9EBC2 changes to CANDIDATE, lastRpcTime:5162, electionTimeout:5162ms
2019-09-26 16:54:00,511 [Thread-566] INFO  impl.RoleInfo (RoleInfo.java:shutdownFollowerState(121)) - 7fda706b-4e23-4e10-baba-12810c05fbbb: shutdown FollowerState
2019-09-26 16:54:00,511 [Thread-566] INFO  impl.RaftServerImpl (RaftServerImpl.java:setRole(174)) - 7fda706b-4e23-4e10-baba-12810c05fbbb@group-6E23EBD9EBC2: changes role from  FOLLOWER to CANDIDATE at term 0 for changeToCandidate
2019-09-26 16:54:00,526 [862ec94c-cd2d-47b3-b563-7d6c2816cb58@group-BB4B418CBDF4-SegmentedRaftLogWorker] ERROR segmented.SegmentedRaftLogWorker (SegmentedRaftLogWorker.java:run(323)) - 862ec94c-cd2d-47b3-b563-7d6c2816cb58@group-BB4B418CBDF4-SegmentedRaftLogWorker hit exception
java.lang.OutOfMemoryError: Direct buffer memory
	at java.nio.Bits.reserveMemory(Bits.java:666)
	at java.nio.DirectByteBuffer.<init>(DirectByteBuffer.java:123)
	at java.nio.ByteBuffer.allocateDirect(ByteBuffer.java:311)
	at org.apache.ratis.server.raftlog.segmented.BufferedWriteChannel.<init>(BufferedWriteChannel.java:41)
	at org.apache.ratis.server.raftlog.segmented.SegmentedRaftLogOutputStream.<init>(SegmentedRaftLogOutputStream.java:72)
	at org.apache.ratis.server.raftlog.segmented.SegmentedRaftLogWorker$StartLogSegment.execute(SegmentedRaftLogWorker.java:566)
	at org.apache.ratis.server.raftlog.segmented.SegmentedRaftLogWorker.run(SegmentedRaftLogWorker.java:289)
	at java.lang.Thread.run(Thread.java:748)
2019-09-26 16:54:00,527 [862ec94c-cd2d-47b3-b563-7d6c2816cb58@group-BB4B418CBDF4-SegmentedRaftLogWorker] INFO  impl.RaftServerImpl (RaftServerImpl.java:lambda$shutdown$3(251)) - 862ec94c-cd2d-47b3-b563-7d6c2816cb58@group-BB4B418CBDF4: shutdown
2019-09-26 16:54:00,527 [862ec94c-cd2d-47b3-b563-7d6c2816cb58@group-BB4B418CBDF4-SegmentedRaftLogWorker] INFO  util.JmxRegister (JmxRegister.java:unregister(73)) - Successfully un-registered JMX Bean with object name Ratis:service=RaftServer,group=group-BB4B418CBDF4,id=862ec94c-cd2d-47b3-b563-7d6c2816cb58
2019-09-26 16:54:00,527 [862ec94c-cd2d-47b3-b563-7d6c2816cb58@group-BB4B418CBDF4-SegmentedRaftLogWorker] INFO  impl.RoleInfo (RoleInfo.java:shutdownLeaderState(104)) - 862ec94c-cd2d-47b3-b563-7d6c2816cb58: shutdown LeaderState
2019-09-26 16:54:00,527 [862ec94c-cd2d-47b3-b563-7d6c2816cb58@group-BB4B418CBDF4-SegmentedRaftLogWorker] INFO  impl.PendingRequests (PendingRequests.java:sendNotLeaderResponses(202)) - 862ec94c-cd2d-47b3-b563-7d6c2816cb58-PendingRequests: sendNotLeaderResponses
2019-09-26 16:54:00,528 [862ec94c-cd2d-47b3-b563-7d6c2816cb58@group-BB4B418CBDF4-SegmentedRaftLogWorker] INFO  impl.StateMachineUpdater (StateMachineUpdater.java:stopAndJoin(125)) - 862ec94c-cd2d-47b3-b563-7d6c2816cb58@group-BB4B418CBDF4-StateMachineUpdater: set stopIndex = -1
2019-09-26 16:54:00,528 [862ec94c-cd2d-47b3-b563-7d6c2816cb58@group-BB4B418CBDF4-SegmentedRaftLogWorker] INFO  impl.RaftServerImpl (ServerState.java:close(385)) - 862ec94c-cd2d-47b3-b563-7d6c2816cb58@group-BB4B418CBDF4: closes. applyIndex: -1
2019-09-26 16:54:00,528 [862ec94c-cd2d-47b3-b563-7d6c2816cb58@group-BB4B418CBDF4-SegmentedRaftLogWorker] INFO  segmented.SegmentedRaftLogWorker (SegmentedRaftLogWorker.java:close(228)) - 862ec94c-cd2d-47b3-b563-7d6c2816cb58@group-BB4B418CBDF4-SegmentedRaftLogWorker close()
2019-09-26 16:54:00,541 [Thread-566] INFO  impl.RoleInfo (RoleInfo.java:updateAndGet(143)) - 7fda706b-4e23-4e10-baba-12810c05fbbb: start LeaderElection
2019-09-26 16:54:00,541 [5160ea40-cc48-41a9-a1d1-1151a36e77d8@group-9D0474B365D3:LeaderElection90] INFO  server.RaftServerConfigKeys (ConfUtils.java:logGet(43)) - raft.server.write.element-limit = 4096 (default)
2019-09-26 16:54:00,545 [5160ea40-cc48-41a9-a1d1-1151a36e77d8@group-9D0474B365D3:LeaderElection90] INFO  server.RaftServerConfigKeys (ConfUtils.java:logGet(43)) - raft.server.watch.timeout = 10s (default)
2019-09-26 16:54:00,548 [5160ea40-cc48-41a9-a1d1-1151a36e77d8@group-9D0474B365D3:LeaderElection90] INFO  server.RaftServerConfigKeys (ConfUtils.java:logGet(43)) - raft.server.watch.timeout.denomination = 1s (default)
2019-09-26 16:54:00,548 [5160ea40-cc48-41a9-a1d1-1151a36e77d8@group-9D0474B365D3:LeaderElection90] INFO  server.RaftServerConfigKeys (ConfUtils.java:logGet(43)) - raft.server.watch.element-limit = 65536 (default)
2019-09-26 16:54:00,570 [Thread-572] INFO  impl.FollowerState (FollowerState.java:run(106)) - 862ec94c-cd2d-47b3-b563-7d6c2816cb58:group-B5732A1D60A2 changes to CANDIDATE, lastRpcTime:5124, electionTimeout:5119ms
2019-09-26 16:54:00,691 [862ec94c-cd2d-47b3-b563-7d6c2816cb58@group-E79729F02954-SegmentedRaftLogWorker] ERROR segmented.SegmentedRaftLogWorker (SegmentedRaftLogWorker.java:run(323)) - 862ec94c-cd2d-47b3-b563-7d6c2816cb58@group-E79729F02954-SegmentedRaftLogWorker hit exception
java.lang.OutOfMemoryError: Direct buffer memory
	at java.nio.Bits.reserveMemory(Bits.java:666)
	at java.nio.DirectByteBuffer.<init>(DirectByteBuffer.java:123)
	at java.nio.ByteBuffer.allocateDirect(ByteBuffer.java:311)
	at org.apache.ratis.server.raftlog.segmented.BufferedWriteChannel.<init>(BufferedWriteChannel.java:41)
	at org.apache.ratis.server.raftlog.segmented.SegmentedRaftLogOutputStream.<init>(SegmentedRaftLogOutputStream.java:72)
	at org.apache.ratis.server.raftlog.segmented.SegmentedRaftLogWorker$StartLogSegment.execute(SegmentedRaftLogWorker.java:566)
	at org.apache.ratis.server.raftlog.segmented.SegmentedRaftLogWorker.run(SegmentedRaftLogWorker.java:289)
	at java.lang.Thread.run(Thread.java:748)
2019-09-26 16:54:00,691 [Thread-572] INFO  impl.RoleInfo (RoleInfo.java:shutdownFollowerState(121)) - 862ec94c-cd2d-47b3-b563-7d6c2816cb58: shutdown FollowerState
2019-09-26 16:54:00,691 [7fda706b-4e23-4e10-baba-12810c05fbbb@group-6E23EBD9EBC2:LeaderElection91] INFO  impl.LeaderElection (LeaderElection.java:askForVotes(182)) - 7fda706b-4e23-4e10-baba-12810c05fbbb@group-6E23EBD9EBC2:LeaderElection91: begin an election at term 1 for -1: [7fda706b-4e23-4e10-baba-12810c05fbbb:192.168.151.99:32897], old=null
2019-09-26 16:54:00,692 [Thread-572] INFO  impl.RaftServerImpl (RaftServerImpl.java:setRole(174)) - 862ec94c-cd2d-47b3-b563-7d6c2816cb58@group-B5732A1D60A2: changes role from  FOLLOWER to CANDIDATE at term 0 for changeToCandidate
2019-09-26 16:54:00,692 [862ec94c-cd2d-47b3-b563-7d6c2816cb58@group-1EEDB1F75A87-SegmentedRaftLogWorker] ERROR segmented.SegmentedRaftLogWorker (SegmentedRaftLogWorker.java:run(323)) - 862ec94c-cd2d-47b3-b563-7d6c2816cb58@group-1EEDB1F75A87-SegmentedRaftLogWorker hit exception
java.lang.OutOfMemoryError: Direct buffer memory
	at java.nio.Bits.reserveMemory(Bits.java:666)
	at java.nio.DirectByteBuffer.<init>(DirectByteBuffer.java:123)
	at java.nio.ByteBuffer.allocateDirect(ByteBuffer.java:311)
	at org.apache.ratis.server.raftlog.segmented.BufferedWriteChannel.<init>(BufferedWriteChannel.java:41)
	at org.apache.ratis.server.raftlog.segmented.SegmentedRaftLogOutputStream.<init>(SegmentedRaftLogOutputStream.java:72)
	at org.apache.ratis.server.raftlog.segmented.SegmentedRaftLogWorker$StartLogSegment.execute(SegmentedRaftLogWorker.java:566)
	at org.apache.ratis.server.raftlog.segmented.SegmentedRaftLogWorker.run(SegmentedRaftLogWorker.java:289)
	at java.lang.Thread.run(Thread.java:748)
2019-09-26 16:54:00,692 [862ec94c-cd2d-47b3-b563-7d6c2816cb58@group-E79729F02954-SegmentedRaftLogWorker] INFO  impl.RaftServerImpl (RaftServerImpl.java:lambda$shutdown$3(251)) - 862ec94c-cd2d-47b3-b563-7d6c2816cb58@group-E79729F02954: shutdown
2019-09-26 16:54:00,693 [862ec94c-cd2d-47b3-b563-7d6c2816cb58@group-1EEDB1F75A87-SegmentedRaftLogWorker] INFO  impl.RaftServerImpl (RaftServerImpl.java:lambda$shutdown$3(251)) - 862ec94c-cd2d-47b3-b563-7d6c2816cb58@group-1EEDB1F75A87: shutdown
2019-09-26 16:54:00,693 [862ec94c-cd2d-47b3-b563-7d6c2816cb58@group-E79729F02954-SegmentedRaftLogWorker] INFO  util.JmxRegister (JmxRegister.java:unregister(73)) - Successfully un-registered JMX Bean with object name Ratis:service=RaftServer,group=group-E79729F02954,id=862ec94c-cd2d-47b3-b563-7d6c2816cb58
2019-09-26 16:54:00,693 [Thread-572] INFO  impl.RoleInfo (RoleInfo.java:updateAndGet(143)) - 862ec94c-cd2d-47b3-b563-7d6c2816cb58: start LeaderElection
2019-09-26 16:54:00,693 [862ec94c-cd2d-47b3-b563-7d6c2816cb58@group-81A567F4826C-SegmentedRaftLogWorker] ERROR segmented.SegmentedRaftLogWorker (SegmentedRaftLogWorker.java:run(323)) - 862ec94c-cd2d-47b3-b563-7d6c2816cb58@group-81A567F4826C-SegmentedRaftLogWorker hit exception
java.lang.OutOfMemoryError: Direct buffer memory
	at java.nio.Bits.reserveMemory(Bits.java:666)
	at java.nio.DirectByteBuffer.<init>(DirectByteBuffer.java:123)
	at java.nio.ByteBuffer.allocateDirect(ByteBuffer.java:311)
	at org.apache.ratis.server.raftlog.segmented.BufferedWriteChannel.<init>(BufferedWriteChannel.java:41)
	at org.apache.ratis.server.raftlog.segmented.SegmentedRaftLogOutputStream.<init>(SegmentedRaftLogOutputStream.java:72)
	at org.apache.ratis.server.raftlog.segmented.SegmentedRaftLogWorker$StartLogSegment.execute(SegmentedRaftLogWorker.java:566)
	at org.apache.ratis.server.raftlog.segmented.SegmentedRaftLogWorker.run(SegmentedRaftLogWorker.java:289)
	at java.lang.Thread.run(Thread.java:748)
2019-09-26 16:54:00,693 [4a469c34-60df-4173-8d32-715e2ce97f5d@group-052A6FDB3A80-SegmentedRaftLogWorker] ERROR segmented.SegmentedRaftLogWorker (SegmentedRaftLogWorker.java:run(323)) - 4a469c34-60df-4173-8d32-715e2ce97f5d@group-052A6FDB3A80-SegmentedRaftLogWorker hit exception
java.lang.OutOfMemoryError: Direct buffer memory
	at java.nio.Bits.reserveMemory(Bits.java:666)
	at java.nio.DirectByteBuffer.<init>(DirectByteBuffer.java:123)
	at java.nio.ByteBuffer.allocateDirect(ByteBuffer.java:311)
	at org.apache.ratis.server.raftlog.segmented.BufferedWriteChannel.<init>(BufferedWriteChannel.java:41)
	at org.apache.ratis.server.raftlog.segmented.SegmentedRaftLogOutputStream.<init>(SegmentedRaftLogOutputStream.java:72)
	at org.apache.ratis.server.raftlog.segmented.SegmentedRaftLogWorker$StartLogSegment.execute(SegmentedRaftLogWorker.java:566)
	at org.apache.ratis.server.raftlog.segmented.SegmentedRaftLogWorker.run(SegmentedRaftLogWorker.java:289)
	at java.lang.Thread.run(Thread.java:748)
2019-09-26 16:54:00,692 [7fda706b-4e23-4e10-baba-12810c05fbbb@group-6E23EBD9EBC2:LeaderElection91] INFO  impl.RoleInfo (RoleInfo.java:shutdownLeaderElection(134)) - 7fda706b-4e23-4e10-baba-12810c05fbbb: shutdown LeaderElection
2019-09-26 16:54:00,692 [d17cca1b-2e6b-48b2-8b1c-3559490fa529@group-3AF9D29E2206-SegmentedRaftLogWorker] ERROR segmented.SegmentedRaftLogWorker (SegmentedRaftLogWorker.java:run(323)) - d17cca1b-2e6b-48b2-8b1c-3559490fa529@group-3AF9D29E2206-SegmentedRaftLogWorker hit exception
java.lang.OutOfMemoryError: Direct buffer memory
	at java.nio.Bits.reserveMemory(Bits.java:666)
	at java.nio.DirectByteBuffer.<init>(DirectByteBuffer.java:123)
	at java.nio.ByteBuffer.allocateDirect(ByteBuffer.java:311)
	at org.apache.ratis.server.raftlog.segmented.BufferedWriteChannel.<init>(BufferedWriteChannel.java:41)
	at org.apache.ratis.server.raftlog.segmented.SegmentedRaftLogOutputStream.<init>(SegmentedRaftLogOutputStream.java:72)
	at org.apache.ratis.server.raftlog.segmented.SegmentedRaftLogWorker$StartLogSegment.execute(SegmentedRaftLogWorker.java:566)
	at org.apache.ratis.server.raftlog.segmented.SegmentedRaftLogWorker.run(SegmentedRaftLogWorker.java:289)
	at java.lang.Thread.run(Thread.java:748)
2019-09-26 16:54:00,698 [7fda706b-4e23-4e10-baba-12810c05fbbb@group-6E23EBD9EBC2:LeaderElection91] INFO  impl.RaftServerImpl (RaftServerImpl.java:setRole(174)) - 7fda706b-4e23-4e10-baba-12810c05fbbb@group-6E23EBD9EBC2: changes role from CANDIDATE to LEADER at term 1 for changeToLeader
2019-09-26 16:54:00,698 [4a469c34-60df-4173-8d32-715e2ce97f5d@group-052A6FDB3A80-SegmentedRaftLogWorker] INFO  impl.RaftServerImpl (RaftServerImpl.java:lambda$shutdown$3(251)) - 4a469c34-60df-4173-8d32-715e2ce97f5d@group-052A6FDB3A80: shutdown
2019-09-26 16:54:00,698 [862ec94c-cd2d-47b3-b563-7d6c2816cb58@group-81A567F4826C-SegmentedRaftLogWorker] INFO  impl.RaftServerImpl (RaftServerImpl.java:lambda$shutdown$3(251)) - 862ec94c-cd2d-47b3-b563-7d6c2816cb58@group-81A567F4826C: shutdown
2019-09-26 16:54:00,693 [Thread-576] INFO  impl.FollowerState (FollowerState.java:run(106)) - deac9605-e739-4d95-8360-f57df793faca:group-00F88C78472C changes to CANDIDATE, lastRpcTime:5199, electionTimeout:5199ms
2019-09-26 16:54:00,693 [862ec94c-cd2d-47b3-b563-7d6c2816cb58@group-E79729F02954-SegmentedRaftLogWorker] INFO  impl.RoleInfo (RoleInfo.java:shutdownLeaderState(104)) - 862ec94c-cd2d-47b3-b563-7d6c2816cb58: shutdown LeaderState
2019-09-26 16:54:00,693 [862ec94c-cd2d-47b3-b563-7d6c2816cb58@group-1EEDB1F75A87-SegmentedRaftLogWorker] INFO  util.JmxRegister (JmxRegister.java:unregister(73)) - Successfully un-registered JMX Bean with object name Ratis:service=RaftServer,group=group-1EEDB1F75A87,id=862ec94c-cd2d-47b3-b563-7d6c2816cb58
2019-09-26 16:54:00,699 [862ec94c-cd2d-47b3-b563-7d6c2816cb58@group-E79729F02954-SegmentedRaftLogWorker] INFO  impl.PendingRequests (PendingRequests.java:sendNotLeaderResponses(202)) - 862ec94c-cd2d-47b3-b563-7d6c2816cb58-PendingRequests: sendNotLeaderResponses
2019-09-26 16:54:00,699 [Thread-576] INFO  impl.RoleInfo (RoleInfo.java:shutdownFollowerState(121)) - deac9605-e739-4d95-8360-f57df793faca: shutdown FollowerState
2019-09-26 16:54:00,700 [862ec94c-cd2d-47b3-b563-7d6c2816cb58@group-E79729F02954-SegmentedRaftLogWorker] INFO  impl.StateMachineUpdater (StateMachineUpdater.java:stopAndJoin(125)) - 862ec94c-cd2d-47b3-b563-7d6c2816cb58@group-E79729F02954-StateMachineUpdater: set stopIndex = -1
2019-09-26 16:54:00,699 [862ec94c-cd2d-47b3-b563-7d6c2816cb58@group-81A567F4826C-SegmentedRaftLogWorker] INFO  util.JmxRegister (JmxRegister.java:unregister(73)) - Successfully un-registered JMX Bean with object name Ratis:service=RaftServer,group=group-81A567F4826C,id=862ec94c-cd2d-47b3-b563-7d6c2816cb58
2019-09-26 16:54:00,699 [4a469c34-60df-4173-8d32-715e2ce97f5d@group-052A6FDB3A80-SegmentedRaftLogWorker] INFO  util.JmxRegister (JmxRegister.java:unregister(73)) - Successfully un-registered JMX Bean with object name Ratis:service=RaftServer,group=group-052A6FDB3A80,id=4a469c34-60df-4173-8d32-715e2ce97f5d
2019-09-26 16:54:00,699 [7fda706b-4e23-4e10-baba-12810c05fbbb@group-6E23EBD9EBC2:LeaderElection91] INFO  impl.RaftServerImpl (ServerState.java:setLeader(253)) - 7fda706b-4e23-4e10-baba-12810c05fbbb@group-6E23EBD9EBC2: change Leader from null to 7fda706b-4e23-4e10-baba-12810c05fbbb at term 1 for becomeLeader, leader elected after 5357ms
2019-09-26 16:54:00,699 [d17cca1b-2e6b-48b2-8b1c-3559490fa529@group-3AF9D29E2206-SegmentedRaftLogWorker] INFO  impl.RaftServerImpl (RaftServerImpl.java:lambda$shutdown$3(251)) - d17cca1b-2e6b-48b2-8b1c-3559490fa529@group-3AF9D29E2206: shutdown
2019-09-26 16:54:00,700 [7fda706b-4e23-4e10-baba-12810c05fbbb@group-6E23EBD9EBC2:LeaderElection91] INFO  server.RaftServerConfigKeys (ConfUtils.java:logGet(43)) - raft.server.staging.catchup.gap = 1000 (default)
2019-09-26 16:54:00,700 [4a469c34-60df-4173-8d32-715e2ce97f5d@group-052A6FDB3A80-SegmentedRaftLogWorker] INFO  impl.RoleInfo (RoleInfo.java:shutdownLeaderState(104)) - 4a469c34-60df-4173-8d32-715e2ce97f5d: shutdown LeaderState
2019-09-26 16:54:00,700 [862ec94c-cd2d-47b3-b563-7d6c2816cb58@group-81A567F4826C-SegmentedRaftLogWorker] INFO  impl.RoleInfo (RoleInfo.java:shutdownLeaderState(104)) - 862ec94c-cd2d-47b3-b563-7d6c2816cb58: shutdown LeaderState
2019-09-26 16:54:00,700 [862ec94c-cd2d-47b3-b563-7d6c2816cb58@group-E79729F02954-SegmentedRaftLogWorker] INFO  impl.RaftServerImpl (ServerState.java:close(385)) - 862ec94c-cd2d-47b3-b563-7d6c2816cb58@group-E79729F02954: closes. applyIndex: -1
2019-09-26 16:54:00,700 [Thread-576] INFO  impl.RaftServerImpl (RaftServerImpl.java:setRole(174)) - deac9605-e739-4d95-8360-f57df793faca@group-00F88C78472C: changes role from  FOLLOWER to CANDIDATE at term 0 for changeToCandidate
2019-09-26 16:54:00,700 [862ec94c-cd2d-47b3-b563-7d6c2816cb58@group-1EEDB1F75A87-SegmentedRaftLogWorker] INFO  impl.RoleInfo (RoleInfo.java:shutdownLeaderState(104)) - 862ec94c-cd2d-47b3-b563-7d6c2816cb58: shutdown LeaderState
2019-09-26 16:54:00,701 [862ec94c-cd2d-47b3-b563-7d6c2816cb58@group-E79729F02954-SegmentedRaftLogWorker] INFO  segmented.SegmentedRaftLogWorker (SegmentedRaftLogWorker.java:close(228)) - 862ec94c-cd2d-47b3-b563-7d6c2816cb58@group-E79729F02954-SegmentedRaftLogWorker close()
2019-09-26 16:54:00,701 [862ec94c-cd2d-47b3-b563-7d6c2816cb58@group-81A567F4826C-SegmentedRaftLogWorker] INFO  impl.PendingRequests (PendingRequests.java:sendNotLeaderResponses(202)) - 862ec94c-cd2d-47b3-b563-7d6c2816cb58-PendingRequests: sendNotLeaderResponses
2019-09-26 16:54:00,701 [4a469c34-60df-4173-8d32-715e2ce97f5d@group-052A6FDB3A80-SegmentedRaftLogWorker] INFO  impl.PendingRequests (PendingRequests.java:sendNotLeaderResponses(202)) - 4a469c34-60df-4173-8d32-715e2ce97f5d-PendingRequests: sendNotLeaderResponses
2019-09-26 16:54:00,711 [862ec94c-cd2d-47b3-b563-7d6c2816cb58@group-81A567F4826C-SegmentedRaftLogWorker] INFO  impl.StateMachineUpdater (StateMachineUpdater.java:stopAndJoin(125)) - 862ec94c-cd2d-47b3-b563-7d6c2816cb58@group-81A567F4826C-StateMachineUpdater: set stopIndex = -1
2019-09-26 16:54:00,701 [7fda706b-4e23-4e10-baba-12810c05fbbb@group-6E23EBD9EBC2:LeaderElection91] INFO  server.RaftServerConfigKeys (ConfUtils.java:logGet(43)) - raft.server.rpc.sleep.time = 25ms (default)
2019-09-26 16:54:00,701 [d17cca1b-2e6b-48b2-8b1c-3559490fa529@group-3AF9D29E2206-SegmentedRaftLogWorker] INFO  util.JmxRegister (JmxRegister.java:unregister(73)) - Successfully un-registered JMX Bean with object name Ratis:service=RaftServer,group=group-3AF9D29E2206,id=d17cca1b-2e6b-48b2-8b1c-3559490fa529
2019-09-26 16:54:00,711 [7fda706b-4e23-4e10-baba-12810c05fbbb@group-6E23EBD9EBC2:LeaderElection91] INFO  server.RaftServerConfigKeys (ConfUtils.java:logGet(43)) - raft.server.write.element-limit = 4096 (default)
2019-09-26 16:54:00,711 [862ec94c-cd2d-47b3-b563-7d6c2816cb58@group-81A567F4826C-SegmentedRaftLogWorker] INFO  impl.RaftServerImpl (ServerState.java:close(385)) - 862ec94c-cd2d-47b3-b563-7d6c2816cb58@group-81A567F4826C: closes. applyIndex: -1
2019-09-26 16:54:00,711 [4a469c34-60df-4173-8d32-715e2ce97f5d@group-052A6FDB3A80-SegmentedRaftLogWorker] INFO  impl.StateMachineUpdater (StateMachineUpdater.java:stopAndJoin(125)) - 4a469c34-60df-4173-8d32-715e2ce97f5d@group-052A6FDB3A80-StateMachineUpdater: set stopIndex = -1
2019-09-26 16:54:00,702 [862ec94c-cd2d-47b3-b563-7d6c2816cb58@group-1EEDB1F75A87-SegmentedRaftLogWorker] INFO  impl.PendingRequests (PendingRequests.java:sendNotLeaderResponses(202)) - 862ec94c-cd2d-47b3-b563-7d6c2816cb58-PendingRequests: sendNotLeaderResponses
2019-09-26 16:54:00,702 [Thread-576] INFO  impl.RoleInfo (RoleInfo.java:updateAndGet(143)) - deac9605-e739-4d95-8360-f57df793faca: start LeaderElection
2019-09-26 16:54:00,712 [862ec94c-cd2d-47b3-b563-7d6c2816cb58@group-1EEDB1F75A87-SegmentedRaftLogWorker] INFO  impl.StateMachineUpdater (StateMachineUpdater.java:stopAndJoin(125)) - 862ec94c-cd2d-47b3-b563-7d6c2816cb58@group-1EEDB1F75A87-StateMachineUpdater: set stopIndex = -1
2019-09-26 16:54:00,712 [4a469c34-60df-4173-8d32-715e2ce97f5d@group-052A6FDB3A80-SegmentedRaftLogWorker] INFO  impl.RaftServerImpl (ServerState.java:close(385)) - 4a469c34-60df-4173-8d32-715e2ce97f5d@group-052A6FDB3A80: closes. applyIndex: -1
2019-09-26 16:54:00,712 [862ec94c-cd2d-47b3-b563-7d6c2816cb58@group-81A567F4826C-SegmentedRaftLogWorker] INFO  segmented.SegmentedRaftLogWorker (SegmentedRaftLogWorker.java:close(228)) - 862ec94c-cd2d-47b3-b563-7d6c2816cb58@group-81A567F4826C-SegmentedRaftLogWorker close()
2019-09-26 16:54:00,712 [7fda706b-4e23-4e10-baba-12810c05fbbb@group-6E23EBD9EBC2:LeaderElection91] INFO  server.RaftServerConfigKeys (ConfUtils.java:logGet(43)) - raft.server.watch.timeout = 10s (default)
2019-09-26 16:54:00,713 [7fda706b-4e23-4e10-baba-12810c05fbbb@group-6E23EBD9EBC2:LeaderElection91] INFO  server.RaftServerConfigKeys (ConfUtils.java:logGet(43)) - raft.server.watch.timeout.denomination = 1s (default)
2019-09-26 16:54:00,712 [d17cca1b-2e6b-48b2-8b1c-3559490fa529@group-3AF9D29E2206-SegmentedRaftLogWorker] INFO  impl.RoleInfo (RoleInfo.java:shutdownLeaderState(104)) - d17cca1b-2e6b-48b2-8b1c-3559490fa529: shutdown LeaderState
2019-09-26 16:54:00,723 [7fda706b-4e23-4e10-baba-12810c05fbbb@group-6E23EBD9EBC2:LeaderElection91] INFO  server.RaftServerConfigKeys (ConfUtils.java:logGet(43)) - raft.server.watch.element-limit = 65536 (default)
2019-09-26 16:54:00,713 [4a469c34-60df-4173-8d32-715e2ce97f5d@group-052A6FDB3A80-SegmentedRaftLogWorker] INFO  segmented.SegmentedRaftLogWorker (SegmentedRaftLogWorker.java:close(228)) - 4a469c34-60df-4173-8d32-715e2ce97f5d@group-052A6FDB3A80-SegmentedRaftLogWorker close()
2019-09-26 16:54:00,713 [862ec94c-cd2d-47b3-b563-7d6c2816cb58@group-1EEDB1F75A87-SegmentedRaftLogWorker] INFO  impl.RaftServerImpl (ServerState.java:close(385)) - 862ec94c-cd2d-47b3-b563-7d6c2816cb58@group-1EEDB1F75A87: closes. applyIndex: -1
2019-09-26 16:54:00,724 [862ec94c-cd2d-47b3-b563-7d6c2816cb58@group-B5732A1D60A2:LeaderElection92] INFO  impl.LeaderElection (LeaderElection.java:askForVotes(182)) - 862ec94c-cd2d-47b3-b563-7d6c2816cb58@group-B5732A1D60A2:LeaderElection92: begin an election at term 1 for -1: [862ec94c-cd2d-47b3-b563-7d6c2816cb58:192.168.151.99:36916], old=null
2019-09-26 16:54:00,724 [d17cca1b-2e6b-48b2-8b1c-3559490fa529@group-3AF9D29E2206-SegmentedRaftLogWorker] INFO  impl.PendingRequests (PendingRequests.java:sendNotLeaderResponses(202)) - d17cca1b-2e6b-48b2-8b1c-3559490fa529-PendingRequests: sendNotLeaderResponses
2019-09-26 16:54:00,740 [862ec94c-cd2d-47b3-b563-7d6c2816cb58@group-B5732A1D60A2:LeaderElection92] INFO  impl.RoleInfo (RoleInfo.java:shutdownLeaderElection(134)) - 862ec94c-cd2d-47b3-b563-7d6c2816cb58: shutdown LeaderElection
2019-09-26 16:54:00,740 [862ec94c-cd2d-47b3-b563-7d6c2816cb58@group-1EEDB1F75A87-SegmentedRaftLogWorker] INFO  segmented.SegmentedRaftLogWorker (SegmentedRaftLogWorker.java:close(228)) - 862ec94c-cd2d-47b3-b563-7d6c2816cb58@group-1EEDB1F75A87-SegmentedRaftLogWorker close()
2019-09-26 16:54:00,740 [862ec94c-cd2d-47b3-b563-7d6c2816cb58@group-B5732A1D60A2:LeaderElection92] INFO  impl.RaftServerImpl (RaftServerImpl.java:setRole(174)) - 862ec94c-cd2d-47b3-b563-7d6c2816cb58@group-B5732A1D60A2: changes role from CANDIDATE to LEADER at term 1 for changeToLeader
2019-09-26 16:54:00,749 [862ec94c-cd2d-47b3-b563-7d6c2816cb58@group-B5732A1D60A2:LeaderElection92] INFO  impl.RaftServerImpl (ServerState.java:setLeader(253)) - 862ec94c-cd2d-47b3-b563-7d6c2816cb58@group-B5732A1D60A2: change Leader from null to 862ec94c-cd2d-47b3-b563-7d6c2816cb58 at term 1 for becomeLeader, leader elected after 5321ms
2019-09-26 16:54:00,740 [d17cca1b-2e6b-48b2-8b1c-3559490fa529@group-3AF9D29E2206-SegmentedRaftLogWorker] INFO  impl.StateMachineUpdater (StateMachineUpdater.java:stopAndJoin(125)) - d17cca1b-2e6b-48b2-8b1c-3559490fa529@group-3AF9D29E2206-StateMachineUpdater: set stopIndex = -1
2019-09-26 16:54:00,749 [862ec94c-cd2d-47b3-b563-7d6c2816cb58@group-B5732A1D60A2:LeaderElection92] INFO  server.RaftServerConfigKeys (ConfUtils.java:logGet(43)) - raft.server.staging.catchup.gap = 1000 (default)
2019-09-26 16:54:00,750 [862ec94c-cd2d-47b3-b563-7d6c2816cb58@group-B5732A1D60A2:LeaderElection92] INFO  server.RaftServerConfigKeys (ConfUtils.java:logGet(43)) - raft.server.rpc.sleep.time = 25ms (default)
2019-09-26 16:54:00,745 [Thread-583] INFO  impl.FollowerState (FollowerState.java:run(106)) - 4a469c34-60df-4173-8d32-715e2ce97f5d:group-5D6BFF16FFC8 changes to CANDIDATE, lastRpcTime:5123, electionTimeout:5120ms
2019-09-26 16:54:00,750 [862ec94c-cd2d-47b3-b563-7d6c2816cb58@group-B5732A1D60A2:LeaderElection92] INFO  server.RaftServerConfigKeys (ConfUtils.java:logGet(43)) - raft.server.write.element-limit = 4096 (default)
2019-09-26 16:54:00,749 [d17cca1b-2e6b-48b2-8b1c-3559490fa529@group-3AF9D29E2206-SegmentedRaftLogWorker] INFO  impl.RaftServerImpl (ServerState.java:close(385)) - d17cca1b-2e6b-48b2-8b1c-3559490fa529@group-3AF9D29E2206: closes. applyIndex: -1
2019-09-26 16:54:00,750 [862ec94c-cd2d-47b3-b563-7d6c2816cb58@group-B5732A1D60A2:LeaderElection92] INFO  server.RaftServerConfigKeys (ConfUtils.java:logGet(43)) - raft.server.watch.timeout = 10s (default)
2019-09-26 16:54:00,750 [d17cca1b-2e6b-48b2-8b1c-3559490fa529@group-3AF9D29E2206-SegmentedRaftLogWorker] INFO  segmented.SegmentedRaftLogWorker (SegmentedRaftLogWorker.java:close(228)) - d17cca1b-2e6b-48b2-8b1c-3559490fa529@group-3AF9D29E2206-SegmentedRaftLogWorker close()
2019-09-26 16:54:00,750 [Thread-583] INFO  impl.RoleInfo (RoleInfo.java:shutdownFollowerState(121)) - 4a469c34-60df-4173-8d32-715e2ce97f5d: shutdown FollowerState
2019-09-26 16:54:00,757 [deac9605-e739-4d95-8360-f57df793faca@group-00F88C78472C:LeaderElection93] INFO  impl.LeaderElection (LeaderElection.java:askForVotes(182)) - deac9605-e739-4d95-8360-f57df793faca@group-00F88C78472C:LeaderElection93: begin an election at term 1 for -1: [deac9605-e739-4d95-8360-f57df793faca:192.168.151.99:46601], old=null
2019-09-26 16:54:00,750 [862ec94c-cd2d-47b3-b563-7d6c2816cb58@group-B5732A1D60A2:LeaderElection92] INFO  server.RaftServerConfigKeys (ConfUtils.java:logGet(43)) - raft.server.watch.timeout.denomination = 1s (default)
2019-09-26 16:54:00,757 [deac9605-e739-4d95-8360-f57df793faca@group-00F88C78472C:LeaderElection93] INFO  impl.RoleInfo (RoleInfo.java:shutdownLeaderElection(134)) - deac9605-e739-4d95-8360-f57df793faca: shutdown LeaderElection
2019-09-26 16:54:00,757 [Thread-583] INFO  impl.RaftServerImpl (RaftServerImpl.java:setRole(174)) - 4a469c34-60df-4173-8d32-715e2ce97f5d@group-5D6BFF16FFC8: changes role from  FOLLOWER to CANDIDATE at term 0 for changeToCandidate
2019-09-26 16:54:00,757 [deac9605-e739-4d95-8360-f57df793faca@group-00F88C78472C:LeaderElection93] INFO  impl.RaftServerImpl (RaftServerImpl.java:setRole(174)) - deac9605-e739-4d95-8360-f57df793faca@group-00F88C78472C: changes role from CANDIDATE to LEADER at term 1 for changeToLeader
2019-09-26 16:54:00,757 [deac9605-e739-4d95-8360-f57df793faca@group-00F88C78472C:LeaderElection93] INFO  impl.RaftServerImpl (ServerState.java:setLeader(253)) - deac9605-e739-4d95-8360-f57df793faca@group-00F88C78472C: change Leader from null to deac9605-e739-4d95-8360-f57df793faca at term 1 for becomeLeader, leader elected after 5275ms
2019-09-26 16:54:00,757 [862ec94c-cd2d-47b3-b563-7d6c2816cb58@group-B5732A1D60A2:LeaderElection92] INFO  server.RaftServerConfigKeys (ConfUtils.java:logGet(43)) - raft.server.watch.element-limit = 65536 (default)
2019-09-26 16:54:00,758 [deac9605-e739-4d95-8360-f57df793faca@group-00F88C78472C:LeaderElection93] INFO  server.RaftServerConfigKeys (ConfUtils.java:logGet(43)) - raft.server.staging.catchup.gap = 1000 (default)
2019-09-26 16:54:00,757 [Thread-583] INFO  impl.RoleInfo (RoleInfo.java:updateAndGet(143)) - 4a469c34-60df-4173-8d32-715e2ce97f5d: start LeaderElection
2019-09-26 16:54:00,758 [deac9605-e739-4d95-8360-f57df793faca@group-00F88C78472C:LeaderElection93] INFO  server.RaftServerConfigKeys (ConfUtils.java:logGet(43)) - raft.server.rpc.sleep.time = 25ms (default)
2019-09-26 16:54:00,758 [deac9605-e739-4d95-8360-f57df793faca@group-00F88C78472C:LeaderElection93] INFO  server.RaftServerConfigKeys (ConfUtils.java:logGet(43)) - raft.server.write.element-limit = 4096 (default)
2019-09-26 16:54:00,758 [deac9605-e739-4d95-8360-f57df793faca@group-00F88C78472C:LeaderElection93] INFO  server.RaftServerConfigKeys (ConfUtils.java:logGet(43)) - raft.server.watch.timeout = 10s (default)
2019-09-26 16:54:00,758 [deac9605-e739-4d95-8360-f57df793faca@group-00F88C78472C:LeaderElection93] INFO  server.RaftServerConfigKeys (ConfUtils.java:logGet(43)) - raft.server.watch.timeout.denomination = 1s (default)
2019-09-26 16:54:00,759 [deac9605-e739-4d95-8360-f57df793faca@group-00F88C78472C:LeaderElection93] INFO  server.RaftServerConfigKeys (ConfUtils.java:logGet(43)) - raft.server.watch.element-limit = 65536 (default)
2019-09-26 16:54:00,775 [4a469c34-60df-4173-8d32-715e2ce97f5d@group-5D6BFF16FFC8:LeaderElection94] INFO  impl.LeaderElection (LeaderElection.java:askForVotes(182)) - 4a469c34-60df-4173-8d32-715e2ce97f5d@group-5D6BFF16FFC8:LeaderElection94: begin an election at term 1 for -1: [4a469c34-60df-4173-8d32-715e2ce97f5d:192.168.151.99:42442], old=null
2019-09-26 16:54:00,775 [4a469c34-60df-4173-8d32-715e2ce97f5d@group-5D6BFF16FFC8:LeaderElection94] INFO  impl.RoleInfo (RoleInfo.java:shutdownLeaderElection(134)) - 4a469c34-60df-4173-8d32-715e2ce97f5d: shutdown LeaderElection
2019-09-26 16:54:00,775 [4a469c34-60df-4173-8d32-715e2ce97f5d@group-5D6BFF16FFC8:LeaderElection94] INFO  impl.RaftServerImpl (RaftServerImpl.java:setRole(174)) - 4a469c34-60df-4173-8d32-715e2ce97f5d@group-5D6BFF16FFC8: changes role from CANDIDATE to LEADER at term 1 for changeToLeader
2019-09-26 16:54:00,775 [4a469c34-60df-4173-8d32-715e2ce97f5d@group-5D6BFF16FFC8:LeaderElection94] INFO  impl.RaftServerImpl (ServerState.java:setLeader(253)) - 4a469c34-60df-4173-8d32-715e2ce97f5d@group-5D6BFF16FFC8: change Leader from null to 4a469c34-60df-4173-8d32-715e2ce97f5d at term 1 for becomeLeader, leader elected after 5205ms
2019-09-26 16:54:00,775 [4a469c34-60df-4173-8d32-715e2ce97f5d@group-5D6BFF16FFC8:LeaderElection94] INFO  server.RaftServerConfigKeys (ConfUtils.java:logGet(43)) - raft.server.staging.catchup.gap = 1000 (default)
2019-09-26 16:54:00,775 [4a469c34-60df-4173-8d32-715e2ce97f5d@group-5D6BFF16FFC8:LeaderElection94] INFO  server.RaftServerConfigKeys (ConfUtils.java:logGet(43)) - raft.server.rpc.sleep.time = 25ms (default)
2019-09-26 16:54:00,775 [4a469c34-60df-4173-8d32-715e2ce97f5d@group-5D6BFF16FFC8:LeaderElection94] INFO  server.RaftServerConfigKeys (ConfUtils.java:logGet(43)) - raft.server.write.element-limit = 4096 (default)
2019-09-26 16:54:00,775 [4a469c34-60df-4173-8d32-715e2ce97f5d@group-5D6BFF16FFC8:LeaderElection94] INFO  server.RaftServerConfigKeys (ConfUtils.java:logGet(43)) - raft.server.watch.timeout = 10s (default)
2019-09-26 16:54:00,776 [4a469c34-60df-4173-8d32-715e2ce97f5d@group-5D6BFF16FFC8:LeaderElection94] INFO  server.RaftServerConfigKeys (ConfUtils.java:logGet(43)) - raft.server.watch.timeout.denomination = 1s (default)
2019-09-26 16:54:00,776 [4a469c34-60df-4173-8d32-715e2ce97f5d@group-5D6BFF16FFC8:LeaderElection94] INFO  server.RaftServerConfigKeys (ConfUtils.java:logGet(43)) - raft.server.watch.element-limit = 65536 (default)
2019-09-26 16:54:00,777 [5160ea40-cc48-41a9-a1d1-1151a36e77d8@group-9D0474B365D3:LeaderElection90] INFO  impl.RoleInfo (RoleInfo.java:updateAndGet(143)) - 5160ea40-cc48-41a9-a1d1-1151a36e77d8: start LeaderState
2019-09-26 16:54:00,777 [5160ea40-cc48-41a9-a1d1-1151a36e77d8@group-9D0474B365D3:LeaderElection90] INFO  segmented.SegmentedRaftLogWorker (SegmentedRaftLogWorker.java:startLogSegment(380)) - 5160ea40-cc48-41a9-a1d1-1151a36e77d8@group-9D0474B365D3-SegmentedRaftLogWorker: Starting segment from index:0
2019-09-26 16:54:00,777 [5160ea40-cc48-41a9-a1d1-1151a36e77d8@group-9D0474B365D3:LeaderElection90] INFO  impl.RaftServerImpl (ServerState.java:setRaftConf(354)) - 5160ea40-cc48-41a9-a1d1-1151a36e77d8@group-9D0474B365D3: set configuration 0: [5160ea40-cc48-41a9-a1d1-1151a36e77d8:192.168.151.99:45356], old=null at 0
2019-09-26 16:54:01,122 [Thread-589] INFO  impl.FollowerState (FollowerState.java:run(106)) - 5160ea40-cc48-41a9-a1d1-1151a36e77d8:group-CAAA41AA227D changes to CANDIDATE, lastRpcTime:5374, electionTimeout:5177ms
2019-09-26 16:54:01,121 [Thread-594] INFO  impl.FollowerState (FollowerState.java:run(106)) - 862ec94c-cd2d-47b3-b563-7d6c2816cb58:group-17D412075A1C changes to CANDIDATE, lastRpcTime:5332, electionTimeout:5190ms
2019-09-26 16:54:01,121 [Thread-600] INFO  impl.FollowerState (FollowerState.java:run(106)) - deac9605-e739-4d95-8360-f57df793faca:group-BB5BC36C6AF2 changes to CANDIDATE, lastRpcTime:5203, electionTimeout:5127ms
2019-09-26 16:54:01,128 [Thread-589] INFO  impl.RoleInfo (RoleInfo.java:shutdownFollowerState(121)) - 5160ea40-cc48-41a9-a1d1-1151a36e77d8: shutdown FollowerState
2019-09-26 16:54:01,128 [Thread-589] INFO  impl.RaftServerImpl (RaftServerImpl.java:setRole(174)) - 5160ea40-cc48-41a9-a1d1-1151a36e77d8@group-CAAA41AA227D: changes role from  FOLLOWER to CANDIDATE at term 0 for changeToCandidate
2019-09-26 16:54:01,128 [Thread-594] INFO  impl.RoleInfo (RoleInfo.java:shutdownFollowerState(121)) - 862ec94c-cd2d-47b3-b563-7d6c2816cb58: shutdown FollowerState
2019-09-26 16:54:01,128 [Thread-600] INFO  impl.RoleInfo (RoleInfo.java:shutdownFollowerState(121)) - deac9605-e739-4d95-8360-f57df793faca: shutdown FollowerState
2019-09-26 16:54:01,128 [Thread-589] INFO  impl.RoleInfo (RoleInfo.java:updateAndGet(143)) - 5160ea40-cc48-41a9-a1d1-1151a36e77d8: start LeaderElection
2019-09-26 16:54:01,128 [Thread-600] INFO  impl.RaftServerImpl (RaftServerImpl.java:setRole(174)) - deac9605-e739-4d95-8360-f57df793faca@group-BB5BC36C6AF2: changes role from  FOLLOWER to CANDIDATE at term 0 for changeToCandidate
2019-09-26 16:54:01,128 [Thread-594] INFO  impl.RaftServerImpl (RaftServerImpl.java:setRole(174)) - 862ec94c-cd2d-47b3-b563-7d6c2816cb58@group-17D412075A1C: changes role from  FOLLOWER to CANDIDATE at term 0 for changeToCandidate
2019-09-26 16:54:01,128 [Thread-600] INFO  impl.RoleInfo (RoleInfo.java:updateAndGet(143)) - deac9605-e739-4d95-8360-f57df793faca: start LeaderElection
2019-09-26 16:54:01,128 [Thread-594] INFO  impl.RoleInfo (RoleInfo.java:updateAndGet(143)) - 862ec94c-cd2d-47b3-b563-7d6c2816cb58: start LeaderElection
2019-09-26 16:54:01,146 [5160ea40-cc48-41a9-a1d1-1151a36e77d8@group-CAAA41AA227D:LeaderElection95] INFO  impl.LeaderElection (LeaderElection.java:askForVotes(182)) - 5160ea40-cc48-41a9-a1d1-1151a36e77d8@group-CAAA41AA227D:LeaderElection95: begin an election at term 1 for -1: [5160ea40-cc48-41a9-a1d1-1151a36e77d8:192.168.151.99:45356], old=null
2019-09-26 16:54:01,146 [5160ea40-cc48-41a9-a1d1-1151a36e77d8@group-CAAA41AA227D:LeaderElection95] INFO  impl.RoleInfo (RoleInfo.java:shutdownLeaderElection(134)) - 5160ea40-cc48-41a9-a1d1-1151a36e77d8: shutdown LeaderElection
2019-09-26 16:54:01,146 [5160ea40-cc48-41a9-a1d1-1151a36e77d8@group-CAAA41AA227D:LeaderElection95] INFO  impl.RaftServerImpl (RaftServerImpl.java:setRole(174)) - 5160ea40-cc48-41a9-a1d1-1151a36e77d8@group-CAAA41AA227D: changes role from CANDIDATE to LEADER at term 1 for changeToLeader
2019-09-26 16:54:01,147 [5160ea40-cc48-41a9-a1d1-1151a36e77d8@group-CAAA41AA227D:LeaderElection95] INFO  impl.RaftServerImpl (ServerState.java:setLeader(253)) - 5160ea40-cc48-41a9-a1d1-1151a36e77d8@group-CAAA41AA227D: change Leader from null to 5160ea40-cc48-41a9-a1d1-1151a36e77d8 at term 1 for becomeLeader, leader elected after 5405ms
2019-09-26 16:54:01,147 [5160ea40-cc48-41a9-a1d1-1151a36e77d8@group-CAAA41AA227D:LeaderElection95] INFO  server.RaftServerConfigKeys (ConfUtils.java:logGet(43)) - raft.server.staging.catchup.gap = 1000 (default)
2019-09-26 16:54:01,147 [5160ea40-cc48-41a9-a1d1-1151a36e77d8@group-CAAA41AA227D:LeaderElection95] INFO  server.RaftServerConfigKeys (ConfUtils.java:logGet(43)) - raft.server.rpc.sleep.time = 25ms (default)
2019-09-26 16:54:01,147 [5160ea40-cc48-41a9-a1d1-1151a36e77d8@group-CAAA41AA227D:LeaderElection95] INFO  server.RaftServerConfigKeys (ConfUtils.java:logGet(43)) - raft.server.write.element-limit = 4096 (default)
2019-09-26 16:54:01,147 [5160ea40-cc48-41a9-a1d1-1151a36e77d8@group-CAAA41AA227D:LeaderElection95] INFO  server.RaftServerConfigKeys (ConfUtils.java:logGet(43)) - raft.server.watch.timeout = 10s (default)
2019-09-26 16:54:01,147 [5160ea40-cc48-41a9-a1d1-1151a36e77d8@group-CAAA41AA227D:LeaderElection95] INFO  server.RaftServerConfigKeys (ConfUtils.java:logGet(43)) - raft.server.watch.timeout.denomination = 1s (default)
2019-09-26 16:54:01,147 [5160ea40-cc48-41a9-a1d1-1151a36e77d8@group-CAAA41AA227D:LeaderElection95] INFO  server.RaftServerConfigKeys (ConfUtils.java:logGet(43)) - raft.server.watch.element-limit = 65536 (default)
2019-09-26 16:54:01,149 [862ec94c-cd2d-47b3-b563-7d6c2816cb58@group-17D412075A1C:LeaderElection97] INFO  impl.LeaderElection (LeaderElection.java:askForVotes(182)) - 862ec94c-cd2d-47b3-b563-7d6c2816cb58@group-17D412075A1C:LeaderElection97: begin an election at term 1 for -1: [862ec94c-cd2d-47b3-b563-7d6c2816cb58:192.168.151.99:36916], old=null
2019-09-26 16:54:01,149 [deac9605-e739-4d95-8360-f57df793faca@group-BB5BC36C6AF2:LeaderElection96] INFO  impl.LeaderElection (LeaderElection.java:askForVotes(182)) - deac9605-e739-4d95-8360-f57df793faca@group-BB5BC36C6AF2:LeaderElection96: begin an election at term 1 for -1: [deac9605-e739-4d95-8360-f57df793faca:192.168.151.99:46601], old=null
2019-09-26 16:54:01,149 [862ec94c-cd2d-47b3-b563-7d6c2816cb58@group-17D412075A1C:LeaderElection97] INFO  impl.RoleInfo (RoleInfo.java:shutdownLeaderElection(134)) - 862ec94c-cd2d-47b3-b563-7d6c2816cb58: shutdown LeaderElection
2019-09-26 16:54:01,149 [RATISCREATEPIPELINE2] ERROR pipeline.RatisPipelineProvider (RatisPipelineProvider.java:lambda$null$2(175)) - Failed invoke Ratis rpc org.apache.hadoop.hdds.scm.pipeline.RatisPipelineProvider$$Lambda$183/1147569895@14f32a65 for 7fda706b-4e23-4e10-baba-12810c05fbbb
org.apache.ratis.protocol.TimeoutIOException: deadline exceeded after 2999369849ns
	at org.apache.ratis.grpc.GrpcUtil.tryUnwrapException(GrpcUtil.java:82)
	at org.apache.ratis.grpc.GrpcUtil.unwrapException(GrpcUtil.java:75)
	at org.apache.ratis.grpc.client.GrpcClientProtocolClient.blockingCall(GrpcClientProtocolClient.java:178)
	at org.apache.ratis.grpc.client.GrpcClientProtocolClient.groupAdd(GrpcClientProtocolClient.java:147)
	at org.apache.ratis.grpc.client.GrpcClientRpc.sendRequest(GrpcClientRpc.java:94)
	at org.apache.ratis.client.impl.RaftClientImpl.sendRequest(RaftClientImpl.java:278)
	at org.apache.ratis.client.impl.RaftClientImpl.groupAdd(RaftClientImpl.java:205)
	at org.apache.hadoop.hdds.scm.pipeline.RatisPipelineProvider.lambda$initializePipeline$1(RatisPipelineProvider.java:136)
	at org.apache.hadoop.hdds.scm.pipeline.RatisPipelineProvider.lambda$null$2(RatisPipelineProvider.java:171)
	at java.util.stream.ForEachOps$ForEachOp$OfRef.accept(ForEachOps.java:184)
	at java.util.ArrayList$ArrayListSpliterator.forEachRemaining(ArrayList.java:1382)
	at java.util.stream.AbstractPipeline.copyInto(AbstractPipeline.java:482)
	at java.util.stream.ForEachOps$ForEachTask.compute(ForEachOps.java:291)
	at java.util.concurrent.CountedCompleter.exec(CountedCompleter.java:731)
	at java.util.concurrent.ForkJoinTask.doExec(ForkJoinTask.java:289)
	at java.util.concurrent.ForkJoinPool$WorkQueue.runTask(ForkJoinPool.java:1056)
	at java.util.concurrent.ForkJoinPool.runWorker(ForkJoinPool.java:1692)
	at java.util.concurrent.ForkJoinWorkerThread.run(ForkJoinWorkerThread.java:157)
Caused by: org.apache.ratis.thirdparty.io.grpc.StatusRuntimeException: DEADLINE_EXCEEDED: deadline exceeded after 2999369849ns
	at org.apache.ratis.thirdparty.io.grpc.stub.ClientCalls.toStatusRuntimeException(ClientCalls.java:233)
	at org.apache.ratis.thirdparty.io.grpc.stub.ClientCalls.getUnchecked(ClientCalls.java:214)
	at org.apache.ratis.thirdparty.io.grpc.stub.ClientCalls.blockingUnaryCall(ClientCalls.java:139)
	at org.apache.ratis.proto.grpc.AdminProtocolServiceGrpc$AdminProtocolServiceBlockingStub.groupManagement(AdminProtocolServiceGrpc.java:274)
	at org.apache.ratis.grpc.client.GrpcClientProtocolClient.lambda$groupAdd$3(GrpcClientProtocolClient.java:149)
	at org.apache.ratis.grpc.client.GrpcClientProtocolClient.blockingCall(GrpcClientProtocolClient.java:176)
	... 15 more
2019-09-26 16:54:01,149 [RATISCREATEPIPELINE3] ERROR pipeline.RatisPipelineProvider (RatisPipelineProvider.java:lambda$null$2(175)) - Failed invoke Ratis rpc org.apache.hadoop.hdds.scm.pipeline.RatisPipelineProvider$$Lambda$183/1147569895@14f32a65 for d17cca1b-2e6b-48b2-8b1c-3559490fa529
org.apache.ratis.protocol.TimeoutIOException: deadline exceeded after 2999008750ns
	at org.apache.ratis.grpc.GrpcUtil.tryUnwrapException(GrpcUtil.java:82)
	at org.apache.ratis.grpc.GrpcUtil.unwrapException(GrpcUtil.java:75)
	at org.apache.ratis.grpc.client.GrpcClientProtocolClient.blockingCall(GrpcClientProtocolClient.java:178)
	at org.apache.ratis.grpc.client.GrpcClientProtocolClient.groupAdd(GrpcClientProtocolClient.java:147)
	at org.apache.ratis.grpc.client.GrpcClientRpc.sendRequest(GrpcClientRpc.java:94)
	at org.apache.ratis.client.impl.RaftClientImpl.sendRequest(RaftClientImpl.java:278)
	at org.apache.ratis.client.impl.RaftClientImpl.groupAdd(RaftClientImpl.java:205)
	at org.apache.hadoop.hdds.scm.pipeline.RatisPipelineProvider.lambda$initializePipeline$1(RatisPipelineProvider.java:136)
	at org.apache.hadoop.hdds.scm.pipeline.RatisPipelineProvider.lambda$null$2(RatisPipelineProvider.java:171)
	at java.util.stream.ForEachOps$ForEachOp$OfRef.accept(ForEachOps.java:184)
	at java.util.ArrayList$ArrayListSpliterator.forEachRemaining(ArrayList.java:1382)
	at java.util.stream.AbstractPipeline.copyInto(AbstractPipeline.java:482)
	at java.util.stream.ForEachOps$ForEachTask.compute(ForEachOps.java:291)
	at java.util.concurrent.CountedCompleter.exec(CountedCompleter.java:731)
	at java.util.concurrent.ForkJoinTask.doExec(ForkJoinTask.java:289)
	at java.util.concurrent.ForkJoinPool$WorkQueue.runTask(ForkJoinPool.java:1056)
	at java.util.concurrent.ForkJoinPool.runWorker(ForkJoinPool.java:1692)
	at java.util.concurrent.ForkJoinWorkerThread.run(ForkJoinWorkerThread.java:157)
Caused by: org.apache.ratis.thirdparty.io.grpc.StatusRuntimeException: DEADLINE_EXCEEDED: deadline exceeded after 2999008750ns
	at org.apache.ratis.thirdparty.io.grpc.stub.ClientCalls.toStatusRuntimeException(ClientCalls.java:233)
	at org.apache.ratis.thirdparty.io.grpc.stub.ClientCalls.getUnchecked(ClientCalls.java:214)
	at org.apache.ratis.thirdparty.io.grpc.stub.ClientCalls.blockingUnaryCall(ClientCalls.java:139)
	at org.apache.ratis.proto.grpc.AdminProtocolServiceGrpc$AdminProtocolServiceBlockingStub.groupManagement(AdminProtocolServiceGrpc.java:274)
	at org.apache.ratis.grpc.client.GrpcClientProtocolClient.lambda$groupAdd$3(GrpcClientProtocolClient.java:149)
	at org.apache.ratis.grpc.client.GrpcClientProtocolClient.blockingCall(GrpcClientProtocolClient.java:176)
	... 15 more
2019-09-26 16:54:01,149 [RATISCREATEPIPELINE1] ERROR pipeline.RatisPipelineProvider (RatisPipelineProvider.java:lambda$null$2(175)) - Failed invoke Ratis rpc org.apache.hadoop.hdds.scm.pipeline.RatisPipelineProvider$$Lambda$183/1147569895@14f32a65 for 579334d3-7c10-42f4-b10c-e6c2267ece25
org.apache.ratis.protocol.TimeoutIOException: deadline exceeded after 2999433427ns
	at org.apache.ratis.grpc.GrpcUtil.tryUnwrapException(GrpcUtil.java:82)
	at org.apache.ratis.grpc.GrpcUtil.unwrapException(GrpcUtil.java:75)
	at org.apache.ratis.grpc.client.GrpcClientProtocolClient.blockingCall(GrpcClientProtocolClient.java:178)
	at org.apache.ratis.grpc.client.GrpcClientProtocolClient.groupAdd(GrpcClientProtocolClient.java:147)
	at org.apache.ratis.grpc.client.GrpcClientRpc.sendRequest(GrpcClientRpc.java:94)
	at org.apache.ratis.client.impl.RaftClientImpl.sendRequest(RaftClientImpl.java:278)
	at org.apache.ratis.client.impl.RaftClientImpl.groupAdd(RaftClientImpl.java:205)
	at org.apache.hadoop.hdds.scm.pipeline.RatisPipelineProvider.lambda$initializePipeline$1(RatisPipelineProvider.java:136)
	at org.apache.hadoop.hdds.scm.pipeline.RatisPipelineProvider.lambda$null$2(RatisPipelineProvider.java:171)
	at java.util.stream.ForEachOps$ForEachOp$OfRef.accept(ForEachOps.java:184)
	at java.util.ArrayList$ArrayListSpliterator.forEachRemaining(ArrayList.java:1382)
	at java.util.stream.AbstractPipeline.copyInto(AbstractPipeline.java:482)
	at java.util.stream.ForEachOps$ForEachTask.compute(ForEachOps.java:291)
	at java.util.concurrent.CountedCompleter.exec(CountedCompleter.java:731)
	at java.util.concurrent.ForkJoinTask.doExec(ForkJoinTask.java:289)
	at java.util.concurrent.ForkJoinTask.doInvoke(ForkJoinTask.java:401)
	at java.util.concurrent.ForkJoinTask.invoke(ForkJoinTask.java:734)
	at java.util.stream.ForEachOps$ForEachOp.evaluateParallel(ForEachOps.java:160)
	at java.util.stream.ForEachOps$ForEachOp$OfRef.evaluateParallel(ForEachOps.java:174)
	at java.util.stream.AbstractPipeline.evaluate(AbstractPipeline.java:233)
	at java.util.stream.ReferencePipeline.forEach(ReferencePipeline.java:418)
	at java.util.stream.ReferencePipeline$Head.forEach(ReferencePipeline.java:583)
	at org.apache.hadoop.hdds.scm.pipeline.RatisPipelineProvider.lambda$callRatisRpc$3(RatisPipelineProvider.java:165)
	at java.util.concurrent.ForkJoinTask$AdaptedRunnableAction.exec(ForkJoinTask.java:1386)
	at java.util.concurrent.ForkJoinTask.doExec(ForkJoinTask.java:289)
	at java.util.concurrent.ForkJoinPool$WorkQueue.runTask(ForkJoinPool.java:1056)
	at java.util.concurrent.ForkJoinPool.runWorker(ForkJoinPool.java:1692)
	at java.util.concurrent.ForkJoinWorkerThread.run(ForkJoinWorkerThread.java:157)
Caused by: org.apache.ratis.thirdparty.io.grpc.StatusRuntimeException: DEADLINE_EXCEEDED: deadline exceeded after 2999433427ns
	at org.apache.ratis.thirdparty.io.grpc.stub.ClientCalls.toStatusRuntimeException(ClientCalls.java:233)
	at org.apache.ratis.thirdparty.io.grpc.stub.ClientCalls.getUnchecked(ClientCalls.java:214)
	at org.apache.ratis.thirdparty.io.grpc.stub.ClientCalls.blockingUnaryCall(ClientCalls.java:139)
	at org.apache.ratis.proto.grpc.AdminProtocolServiceGrpc$AdminProtocolServiceBlockingStub.groupManagement(AdminProtocolServiceGrpc.java:274)
	at org.apache.ratis.grpc.client.GrpcClientProtocolClient.lambda$groupAdd$3(GrpcClientProtocolClient.java:149)
	at org.apache.ratis.grpc.client.GrpcClientProtocolClient.blockingCall(GrpcClientProtocolClient.java:176)
	... 25 more
2019-09-26 16:54:01,150 [862ec94c-cd2d-47b3-b563-7d6c2816cb58@group-17D412075A1C:LeaderElection97] INFO  impl.RaftServerImpl (RaftServerImpl.java:setRole(174)) - 862ec94c-cd2d-47b3-b563-7d6c2816cb58@group-17D412075A1C: changes role from CANDIDATE to LEADER at term 1 for changeToLeader
2019-09-26 16:54:01,149 [deac9605-e739-4d95-8360-f57df793faca@group-BB5BC36C6AF2:LeaderElection96] INFO  impl.RoleInfo (RoleInfo.java:shutdownLeaderElection(134)) - deac9605-e739-4d95-8360-f57df793faca: shutdown LeaderElection
2019-09-26 16:54:01,156 [862ec94c-cd2d-47b3-b563-7d6c2816cb58@group-17D412075A1C:LeaderElection97] INFO  impl.RaftServerImpl (ServerState.java:setLeader(253)) - 862ec94c-cd2d-47b3-b563-7d6c2816cb58@group-17D412075A1C: change Leader from null to 862ec94c-cd2d-47b3-b563-7d6c2816cb58 at term 1 for becomeLeader, leader elected after 5372ms
2019-09-26 16:54:01,156 [deac9605-e739-4d95-8360-f57df793faca@group-BB5BC36C6AF2:LeaderElection96] INFO  impl.RaftServerImpl (RaftServerImpl.java:setRole(174)) - deac9605-e739-4d95-8360-f57df793faca@group-BB5BC36C6AF2: changes role from CANDIDATE to LEADER at term 1 for changeToLeader
2019-09-26 16:54:01,156 [862ec94c-cd2d-47b3-b563-7d6c2816cb58@group-17D412075A1C:LeaderElection97] INFO  server.RaftServerConfigKeys (ConfUtils.java:logGet(43)) - raft.server.staging.catchup.gap = 1000 (default)
2019-09-26 16:54:01,156 [deac9605-e739-4d95-8360-f57df793faca@group-BB5BC36C6AF2:LeaderElection96] INFO  impl.RaftServerImpl (ServerState.java:setLeader(253)) - deac9605-e739-4d95-8360-f57df793faca@group-BB5BC36C6AF2: change Leader from null to deac9605-e739-4d95-8360-f57df793faca at term 1 for becomeLeader, leader elected after 5247ms
2019-09-26 16:54:01,156 [862ec94c-cd2d-47b3-b563-7d6c2816cb58@group-17D412075A1C:LeaderElection97] INFO  server.RaftServerConfigKeys (ConfUtils.java:logGet(43)) - raft.server.rpc.sleep.time = 25ms (default)
2019-09-26 16:54:01,156 [deac9605-e739-4d95-8360-f57df793faca@group-BB5BC36C6AF2:LeaderElection96] INFO  server.RaftServerConfigKeys (ConfUtils.java:logGet(43)) - raft.server.staging.catchup.gap = 1000 (default)
2019-09-26 16:54:01,156 [IPC Server handler 6 on 37791] ERROR pipeline.SCMPipelineManager (SCMPipelineManager.java:createPipeline(167)) - Pipeline creation failed.
org.apache.hadoop.io.MultipleIOException: 3 exceptions [java.io.IOException: Failed invoke Ratis rpc org.apache.hadoop.hdds.scm.pipeline.RatisPipelineProvider$$Lambda$183/1147569895@14f32a65 for 7fda706b-4e23-4e10-baba-12810c05fbbb, java.io.IOException: Failed invoke Ratis rpc org.apache.hadoop.hdds.scm.pipeline.RatisPipelineProvider$$Lambda$183/1147569895@14f32a65 for d17cca1b-2e6b-48b2-8b1c-3559490fa529, java.io.IOException: Failed invoke Ratis rpc org.apache.hadoop.hdds.scm.pipeline.RatisPipelineProvider$$Lambda$183/1147569895@14f32a65 for 579334d3-7c10-42f4-b10c-e6c2267ece25]
	at org.apache.hadoop.io.MultipleIOException.createIOException(MultipleIOException.java:53)
	at org.apache.hadoop.hdds.scm.pipeline.RatisPipelineProvider.callRatisRpc(RatisPipelineProvider.java:191)
	at org.apache.hadoop.hdds.scm.pipeline.RatisPipelineProvider.initializePipeline(RatisPipelineProvider.java:134)
	at org.apache.hadoop.hdds.scm.pipeline.RatisPipelineProvider.create(RatisPipelineProvider.java:103)
	at org.apache.hadoop.hdds.scm.pipeline.PipelineFactory.create(PipelineFactory.java:58)
	at org.apache.hadoop.hdds.scm.pipeline.SCMPipelineManager.createPipeline(SCMPipelineManager.java:155)
	at org.apache.hadoop.hdds.scm.container.ContainerStateManager.allocateContainer(ContainerStateManager.java:255)
	at org.apache.hadoop.hdds.scm.container.SCMContainerManager.allocateContainer(SCMContainerManager.java:247)
	at org.apache.hadoop.hdds.scm.server.SCMClientProtocolServer.allocateContainer(SCMClientProtocolServer.java:186)
	at org.apache.hadoop.ozone.protocolPB.StorageContainerLocationProtocolServerSideTranslatorPB.allocateContainer(StorageContainerLocationProtocolServerSideTranslatorPB.java:123)
	at org.apache.hadoop.hdds.protocol.proto.StorageContainerLocationProtocolProtos$StorageContainerLocationProtocolService$2.callBlockingMethod(StorageContainerLocationProtocolProtos.java:21239)
	at org.apache.hadoop.ipc.ProtobufRpcEngine$Server$ProtoBufRpcInvoker.call(ProtobufRpcEngine.java:524)
	at org.apache.hadoop.ipc.RPC$Server.call(RPC.java:1025)
	at org.apache.hadoop.ipc.Server$RpcCall.run(Server.java:876)
	at org.apache.hadoop.ipc.Server$RpcCall.run(Server.java:822)
	at java.security.AccessController.doPrivileged(Native Method)
	at javax.security.auth.Subject.doAs(Subject.java:422)
	at org.apache.hadoop.security.UserGroupInformation.doAs(UserGroupInformation.java:1730)
	at org.apache.hadoop.ipc.Server$Handler.run(Server.java:2682)
2019-09-26 16:54:01,156 [deac9605-e739-4d95-8360-f57df793faca@group-BB5BC36C6AF2:LeaderElection96] INFO  server.RaftServerConfigKeys (ConfUtils.java:logGet(43)) - raft.server.rpc.sleep.time = 25ms (default)
2019-09-26 16:54:01,156 [862ec94c-cd2d-47b3-b563-7d6c2816cb58@group-17D412075A1C:LeaderElection97] INFO  server.RaftServerConfigKeys (ConfUtils.java:logGet(43)) - raft.server.write.element-limit = 4096 (default)
2019-09-26 16:54:01,157 [deac9605-e739-4d95-8360-f57df793faca@group-BB5BC36C6AF2:LeaderElection96] INFO  server.RaftServerConfigKeys (ConfUtils.java:logGet(43)) - raft.server.write.element-limit = 4096 (default)
2019-09-26 16:54:01,157 [862ec94c-cd2d-47b3-b563-7d6c2816cb58@group-17D412075A1C:LeaderElection97] INFO  server.RaftServerConfigKeys (ConfUtils.java:logGet(43)) - raft.server.watch.timeout = 10s (default)
2019-09-26 16:54:01,157 [deac9605-e739-4d95-8360-f57df793faca@group-BB5BC36C6AF2:LeaderElection96] INFO  server.RaftServerConfigKeys (ConfUtils.java:logGet(43)) - raft.server.watch.timeout = 10s (default)
2019-09-26 16:54:01,158 [862ec94c-cd2d-47b3-b563-7d6c2816cb58@group-17D412075A1C:LeaderElection97] INFO  server.RaftServerConfigKeys (ConfUtils.java:logGet(43)) - raft.server.watch.timeout.denomination = 1s (default)
2019-09-26 16:54:01,158 [deac9605-e739-4d95-8360-f57df793faca@group-BB5BC36C6AF2:LeaderElection96] INFO  server.RaftServerConfigKeys (ConfUtils.java:logGet(43)) - raft.server.watch.timeout.denomination = 1s (default)
2019-09-26 16:54:01,158 [862ec94c-cd2d-47b3-b563-7d6c2816cb58@group-17D412075A1C:LeaderElection97] INFO  server.RaftServerConfigKeys (ConfUtils.java:logGet(43)) - raft.server.watch.element-limit = 65536 (default)
2019-09-26 16:54:01,158 [deac9605-e739-4d95-8360-f57df793faca@group-BB5BC36C6AF2:LeaderElection96] INFO  server.RaftServerConfigKeys (ConfUtils.java:logGet(43)) - raft.server.watch.element-limit = 65536 (default)
2019-09-26 16:54:01,160 [5160ea40-cc48-41a9-a1d1-1151a36e77d8@group-3621D5874B47:LeaderElection89] INFO  impl.RoleInfo (RoleInfo.java:updateAndGet(143)) - 5160ea40-cc48-41a9-a1d1-1151a36e77d8: start LeaderState
2019-09-26 16:54:01,160 [5160ea40-cc48-41a9-a1d1-1151a36e77d8@group-3621D5874B47:LeaderElection89] INFO  segmented.SegmentedRaftLogWorker (SegmentedRaftLogWorker.java:startLogSegment(380)) - 5160ea40-cc48-41a9-a1d1-1151a36e77d8@group-3621D5874B47-SegmentedRaftLogWorker: Starting segment from index:0
2019-09-26 16:54:01,464 [Thread-617] INFO  impl.FollowerState (FollowerState.java:run(106)) - 4a469c34-60df-4173-8d32-715e2ce97f5d:group-F6117F20253A changes to CANDIDATE, lastRpcTime:5221, electionTimeout:5087ms
2019-09-26 16:54:01,465 [Thread-611] INFO  impl.FollowerState (FollowerState.java:run(106)) - 7fda706b-4e23-4e10-baba-12810c05fbbb:group-E1C050BD5AE3 changes to CANDIDATE, lastRpcTime:5351, electionTimeout:5116ms
2019-09-26 16:54:01,465 [Thread-607] INFO  impl.FollowerState (FollowerState.java:run(106)) - 7fda706b-4e23-4e10-baba-12810c05fbbb:group-BEF95ECFF1BD changes to CANDIDATE, lastRpcTime:5416, electionTimeout:5171ms
2019-09-26 16:54:01,466 [5160ea40-cc48-41a9-a1d1-1151a36e77d8@group-3621D5874B47:LeaderElection89] INFO  impl.RaftServerImpl (ServerState.java:setRaftConf(354)) - 5160ea40-cc48-41a9-a1d1-1151a36e77d8@group-3621D5874B47: set configuration 0: [5160ea40-cc48-41a9-a1d1-1151a36e77d8:192.168.151.99:45356], old=null at 0
2019-09-26 16:54:01,475 [Thread-617] INFO  impl.RoleInfo (RoleInfo.java:shutdownFollowerState(121)) - 4a469c34-60df-4173-8d32-715e2ce97f5d: shutdown FollowerState
2019-09-26 16:54:01,475 [Thread-607] INFO  impl.RoleInfo (RoleInfo.java:shutdownFollowerState(121)) - 7fda706b-4e23-4e10-baba-12810c05fbbb: shutdown FollowerState
2019-09-26 16:54:01,475 [Thread-617] INFO  impl.RaftServerImpl (RaftServerImpl.java:setRole(174)) - 4a469c34-60df-4173-8d32-715e2ce97f5d@group-F6117F20253A: changes role from  FOLLOWER to CANDIDATE at term 0 for changeToCandidate
2019-09-26 16:54:01,475 [Thread-611] INFO  impl.RoleInfo (RoleInfo.java:shutdownFollowerState(121)) - 7fda706b-4e23-4e10-baba-12810c05fbbb: shutdown FollowerState
2019-09-26 16:54:01,476 [Thread-607] INFO  impl.RaftServerImpl (RaftServerImpl.java:setRole(174)) - 7fda706b-4e23-4e10-baba-12810c05fbbb@group-BEF95ECFF1BD: changes role from  FOLLOWER to CANDIDATE at term 0 for changeToCandidate
2019-09-26 16:54:01,476 [Thread-611] INFO  impl.RaftServerImpl (RaftServerImpl.java:setRole(174)) - 7fda706b-4e23-4e10-baba-12810c05fbbb@group-E1C050BD5AE3: changes role from  FOLLOWER to CANDIDATE at term 0 for changeToCandidate
2019-09-26 16:54:01,476 [Thread-617] INFO  impl.RoleInfo (RoleInfo.java:updateAndGet(143)) - 4a469c34-60df-4173-8d32-715e2ce97f5d: start LeaderElection
2019-09-26 16:54:01,476 [Thread-611] INFO  impl.RoleInfo (RoleInfo.java:updateAndGet(143)) - 7fda706b-4e23-4e10-baba-12810c05fbbb: start LeaderElection
2019-09-26 16:54:01,476 [Thread-607] INFO  impl.RoleInfo (RoleInfo.java:updateAndGet(143)) - 7fda706b-4e23-4e10-baba-12810c05fbbb: start LeaderElection
2019-09-26 16:54:01,477 [grpc-default-executor-0] INFO  impl.RaftServerProxy (RaftServerProxy.java:addNew(89)) - 4a469c34-60df-4173-8d32-715e2ce97f5d: addNew group-54603AD2394D:[4a469c34-60df-4173-8d32-715e2ce97f5d:192.168.151.99:42442] returns group-54603AD2394D:java.util.concurrent.CompletableFuture@30c5bbb0[Not completed]
2019-09-26 16:54:01,488 [pool-87-thread-1] INFO  impl.RaftServerImpl (RaftServerImpl.java:<init>(95)) - 4a469c34-60df-4173-8d32-715e2ce97f5d: new RaftServerImpl for group-54603AD2394D:[4a469c34-60df-4173-8d32-715e2ce97f5d:192.168.151.99:42442] with ContainerStateMachine:uninitialized
2019-09-26 16:54:01,488 [pool-87-thread-1] INFO  server.RaftServerConfigKeys (ConfUtils.java:logGet(43)) - raft.server.rpc.timeout.min = 5s (custom)
2019-09-26 16:54:01,489 [pool-87-thread-1] INFO  server.RaftServerConfigKeys (ConfUtils.java:logGet(43)) - raft.server.rpc.timeout.max = 5200ms (custom)
2019-09-26 16:54:01,489 [pool-87-thread-1] INFO  server.RaftServerConfigKeys (ConfUtils.java:logGet(43)) - raft.server.rpcslowness.timeout = 120s (custom)
2019-09-26 16:54:01,489 [pool-87-thread-1] INFO  server.RaftServerConfigKeys (ConfUtils.java:logGet(43)) - raft.server.sleep.deviation.threshold = 300 (default)
2019-09-26 16:54:01,489 [pool-87-thread-1] INFO  server.RaftServerConfigKeys (ConfUtils.java:logGet(43)) - raft.server.log.appender.install.snapshot.enabled = false (custom)
2019-09-26 16:54:01,489 [pool-87-thread-1] INFO  impl.RaftServerImpl (ServerState.java:<init>(103)) - 4a469c34-60df-4173-8d32-715e2ce97f5d@group-54603AD2394D: ConfigurationManager, init=-1: [4a469c34-60df-4173-8d32-715e2ce97f5d:192.168.151.99:42442], old=null, confs=<EMPTY_MAP>
2019-09-26 16:54:01,489 [pool-87-thread-1] INFO  server.RaftServerConfigKeys (ConfUtils.java:logGet(43)) - raft.server.storage.dir = [/workdir/hadoop-ozone/integration-test/target/test-dir/MiniOzoneClusterImpl-fdc3d401-fab1-4968-a84f-12bf762e2bbf/datanode-6/data/ratis] (custom)
2019-09-26 16:54:01,490 [pool-87-thread-1] INFO  storage.RaftStorageDirectory (RaftStorageDirectory.java:analyzeStorage(246)) - The storage directory /workdir/hadoop-ozone/integration-test/target/test-dir/MiniOzoneClusterImpl-fdc3d401-fab1-4968-a84f-12bf762e2bbf/datanode-6/data/ratis/dfc83be2-2f6f-4917-a8da-54603ad2394d does not exist. Creating ...
2019-09-26 16:54:01,500 [pool-47-thread-1] INFO  impl.RaftServerImpl (RaftServerImpl.java:start(185)) - 579334d3-7c10-42f4-b10c-e6c2267ece25@group-BA65C6CD63B8: start as a follower, conf=-1: [579334d3-7c10-42f4-b10c-e6c2267ece25:192.168.151.99:34131, d17cca1b-2e6b-48b2-8b1c-3559490fa529:192.168.151.99:40714, 7fda706b-4e23-4e10-baba-12810c05fbbb:192.168.151.99:32897], old=null
2019-09-26 16:54:01,500 [pool-47-thread-1] INFO  impl.RaftServerImpl (RaftServerImpl.java:setRole(174)) - 579334d3-7c10-42f4-b10c-e6c2267ece25@group-BA65C6CD63B8: changes role from      null to FOLLOWER at term 0 for startAsFollower
2019-09-26 16:54:01,500 [pool-47-thread-1] INFO  impl.RoleInfo (RoleInfo.java:updateAndGet(143)) - 579334d3-7c10-42f4-b10c-e6c2267ece25: start FollowerState
2019-09-26 16:54:01,502 [pool-47-thread-1] INFO  util.JmxRegister (JmxRegister.java:tryRegister(44)) - Successfully registered JMX Bean with object name Ratis:service=RaftServer,group=group-BA65C6CD63B8,id=579334d3-7c10-42f4-b10c-e6c2267ece25
2019-09-26 16:54:01,504 [pool-37-thread-1] INFO  impl.RaftServerImpl (RaftServerImpl.java:start(185)) - 7fda706b-4e23-4e10-baba-12810c05fbbb@group-BA65C6CD63B8: start as a follower, conf=-1: [579334d3-7c10-42f4-b10c-e6c2267ece25:192.168.151.99:34131, d17cca1b-2e6b-48b2-8b1c-3559490fa529:192.168.151.99:40714, 7fda706b-4e23-4e10-baba-12810c05fbbb:192.168.151.99:32897], old=null
2019-09-26 16:54:01,504 [pool-37-thread-1] INFO  impl.RaftServerImpl (RaftServerImpl.java:setRole(174)) - 7fda706b-4e23-4e10-baba-12810c05fbbb@group-BA65C6CD63B8: changes role from      null to FOLLOWER at term 0 for startAsFollower
2019-09-26 16:54:01,505 [pool-37-thread-1] INFO  impl.RoleInfo (RoleInfo.java:updateAndGet(143)) - 7fda706b-4e23-4e10-baba-12810c05fbbb: start FollowerState
2019-09-26 16:54:01,506 [pool-37-thread-1] INFO  util.JmxRegister (JmxRegister.java:tryRegister(44)) - Successfully registered JMX Bean with object name Ratis:service=RaftServer,group=group-BA65C6CD63B8,id=7fda706b-4e23-4e10-baba-12810c05fbbb
2019-09-26 16:54:01,506 [pool-77-thread-1] INFO  impl.RaftServerImpl (RaftServerImpl.java:start(185)) - d17cca1b-2e6b-48b2-8b1c-3559490fa529@group-BA65C6CD63B8: start as a follower, conf=-1: [579334d3-7c10-42f4-b10c-e6c2267ece25:192.168.151.99:34131, d17cca1b-2e6b-48b2-8b1c-3559490fa529:192.168.151.99:40714, 7fda706b-4e23-4e10-baba-12810c05fbbb:192.168.151.99:32897], old=null
2019-09-26 16:54:01,506 [pool-77-thread-1] INFO  impl.RaftServerImpl (RaftServerImpl.java:setRole(174)) - d17cca1b-2e6b-48b2-8b1c-3559490fa529@group-BA65C6CD63B8: changes role from      null to FOLLOWER at term 0 for startAsFollower
2019-09-26 16:54:01,507 [pool-77-thread-1] INFO  impl.RoleInfo (RoleInfo.java:updateAndGet(143)) - d17cca1b-2e6b-48b2-8b1c-3559490fa529: start FollowerState
2019-09-26 16:54:01,507 [deac9605-e739-4d95-8360-f57df793faca@group-D1DC469F0812:LeaderElection83] INFO  impl.RoleInfo (RoleInfo.java:updateAndGet(143)) - deac9605-e739-4d95-8360-f57df793faca: start LeaderState
2019-09-26 16:54:01,507 [deac9605-e739-4d95-8360-f57df793faca@group-D1DC469F0812:LeaderElection83] INFO  segmented.SegmentedRaftLogWorker (SegmentedRaftLogWorker.java:startLogSegment(380)) - deac9605-e739-4d95-8360-f57df793faca@group-D1DC469F0812-SegmentedRaftLogWorker: Starting segment from index:0
2019-09-26 16:54:01,758 [Thread-633] INFO  impl.FollowerState (FollowerState.java:run(106)) - 862ec94c-cd2d-47b3-b563-7d6c2816cb58:group-42BFB3A1B838 changes to CANDIDATE, lastRpcTime:5205, electionTimeout:5197ms
2019-09-26 16:54:01,762 [Thread-626] INFO  impl.FollowerState (FollowerState.java:run(106)) - 862ec94c-cd2d-47b3-b563-7d6c2816cb58:group-C38715E9C60B changes to CANDIDATE, lastRpcTime:5334, electionTimeout:5118ms
2019-09-26 16:54:01,762 [pool-87-thread-1] INFO  storage.RaftStorageDirectory (RaftStorageDirectory.java:tryLock(328)) - Lock on /workdir/hadoop-ozone/integration-test/target/test-dir/MiniOzoneClusterImpl-fdc3d401-fab1-4968-a84f-12bf762e2bbf/datanode-6/data/ratis/dfc83be2-2f6f-4917-a8da-54603ad2394d/in_use.lock acquired by nodename 15096@pr-hdds-1569-g6sp5-2013761785
2019-09-26 16:54:01,762 [7fda706b-4e23-4e10-baba-12810c05fbbb@group-BEF95ECFF1BD:LeaderElection99] INFO  impl.LeaderElection (LeaderElection.java:askForVotes(182)) - 7fda706b-4e23-4e10-baba-12810c05fbbb@group-BEF95ECFF1BD:LeaderElection99: begin an election at term 1 for -1: [7fda706b-4e23-4e10-baba-12810c05fbbb:192.168.151.99:32897], old=null
2019-09-26 16:54:01,762 [7fda706b-4e23-4e10-baba-12810c05fbbb@group-E1C050BD5AE3:LeaderElection100] INFO  impl.LeaderElection (LeaderElection.java:askForVotes(182)) - 7fda706b-4e23-4e10-baba-12810c05fbbb@group-E1C050BD5AE3:LeaderElection100: begin an election at term 1 for -1: [7fda706b-4e23-4e10-baba-12810c05fbbb:192.168.151.99:32897], old=null
2019-09-26 16:54:01,762 [4a469c34-60df-4173-8d32-715e2ce97f5d@group-F6117F20253A:LeaderElection98] INFO  impl.LeaderElection (LeaderElection.java:askForVotes(182)) - 4a469c34-60df-4173-8d32-715e2ce97f5d@group-F6117F20253A:LeaderElection98: begin an election at term 1 for -1: [4a469c34-60df-4173-8d32-715e2ce97f5d:192.168.151.99:42442], old=null
2019-09-26 16:54:01,762 [7fda706b-4e23-4e10-baba-12810c05fbbb@group-E1C050BD5AE3:LeaderElection100] INFO  impl.RoleInfo (RoleInfo.java:shutdownLeaderElection(134)) - 7fda706b-4e23-4e10-baba-12810c05fbbb: shutdown LeaderElection
2019-09-26 16:54:01,762 [7fda706b-4e23-4e10-baba-12810c05fbbb@group-BEF95ECFF1BD:LeaderElection99] INFO  impl.RoleInfo (RoleInfo.java:shutdownLeaderElection(134)) - 7fda706b-4e23-4e10-baba-12810c05fbbb: shutdown LeaderElection
2019-09-26 16:54:01,762 [deac9605-e739-4d95-8360-f57df793faca@group-D1DC469F0812:LeaderElection83] INFO  impl.RaftServerImpl (ServerState.java:setRaftConf(354)) - deac9605-e739-4d95-8360-f57df793faca@group-D1DC469F0812: set configuration 0: [deac9605-e739-4d95-8360-f57df793faca:192.168.151.99:46601], old=null at 0
2019-09-26 16:54:01,763 [7fda706b-4e23-4e10-baba-12810c05fbbb@group-BEF95ECFF1BD:LeaderElection99] INFO  impl.RaftServerImpl (RaftServerImpl.java:setRole(174)) - 7fda706b-4e23-4e10-baba-12810c05fbbb@group-BEF95ECFF1BD: changes role from CANDIDATE to LEADER at term 1 for changeToLeader
2019-09-26 16:54:01,763 [7fda706b-4e23-4e10-baba-12810c05fbbb@group-E1C050BD5AE3:LeaderElection100] INFO  impl.RaftServerImpl (RaftServerImpl.java:setRole(174)) - 7fda706b-4e23-4e10-baba-12810c05fbbb@group-E1C050BD5AE3: changes role from CANDIDATE to LEADER at term 1 for changeToLeader
2019-09-26 16:54:01,762 [4a469c34-60df-4173-8d32-715e2ce97f5d@group-F6117F20253A:LeaderElection98] INFO  impl.RoleInfo (RoleInfo.java:shutdownLeaderElection(134)) - 4a469c34-60df-4173-8d32-715e2ce97f5d: shutdown LeaderElection
2019-09-26 16:54:01,763 [7fda706b-4e23-4e10-baba-12810c05fbbb@group-E1C050BD5AE3:LeaderElection100] INFO  impl.RaftServerImpl (ServerState.java:setLeader(253)) - 7fda706b-4e23-4e10-baba-12810c05fbbb@group-E1C050BD5AE3: change Leader from null to 7fda706b-4e23-4e10-baba-12810c05fbbb at term 1 for becomeLeader, leader elected after 5656ms
2019-09-26 16:54:01,763 [7fda706b-4e23-4e10-baba-12810c05fbbb@group-BEF95ECFF1BD:LeaderElection99] INFO  impl.RaftServerImpl (ServerState.java:setLeader(253)) - 7fda706b-4e23-4e10-baba-12810c05fbbb@group-BEF95ECFF1BD: change Leader from null to 7fda706b-4e23-4e10-baba-12810c05fbbb at term 1 for becomeLeader, leader elected after 5759ms
2019-09-26 16:54:01,763 [Thread-626] INFO  impl.RoleInfo (RoleInfo.java:shutdownFollowerState(121)) - 862ec94c-cd2d-47b3-b563-7d6c2816cb58: shutdown FollowerState
2019-09-26 16:54:01,763 [pool-77-thread-1] INFO  util.JmxRegister (JmxRegister.java:tryRegister(44)) - Successfully registered JMX Bean with object name Ratis:service=RaftServer,group=group-BA65C6CD63B8,id=d17cca1b-2e6b-48b2-8b1c-3559490fa529
2019-09-26 16:54:01,764 [Thread-626] INFO  impl.RaftServerImpl (RaftServerImpl.java:setRole(174)) - 862ec94c-cd2d-47b3-b563-7d6c2816cb58@group-C38715E9C60B: changes role from  FOLLOWER to CANDIDATE at term 0 for changeToCandidate
2019-09-26 16:54:01,763 [7fda706b-4e23-4e10-baba-12810c05fbbb@group-BEF95ECFF1BD:LeaderElection99] INFO  server.RaftServerConfigKeys (ConfUtils.java:logGet(43)) - raft.server.staging.catchup.gap = 1000 (default)
2019-09-26 16:54:01,763 [Thread-633] INFO  impl.RoleInfo (RoleInfo.java:shutdownFollowerState(121)) - 862ec94c-cd2d-47b3-b563-7d6c2816cb58: shutdown FollowerState
2019-09-26 16:54:01,763 [7fda706b-4e23-4e10-baba-12810c05fbbb@group-E1C050BD5AE3:LeaderElection100] INFO  server.RaftServerConfigKeys (ConfUtils.java:logGet(43)) - raft.server.staging.catchup.gap = 1000 (default)
2019-09-26 16:54:01,763 [4a469c34-60df-4173-8d32-715e2ce97f5d@group-F6117F20253A:LeaderElection98] INFO  impl.RaftServerImpl (RaftServerImpl.java:setRole(174)) - 4a469c34-60df-4173-8d32-715e2ce97f5d@group-F6117F20253A: changes role from CANDIDATE to LEADER at term 1 for changeToLeader
2019-09-26 16:54:01,764 [7fda706b-4e23-4e10-baba-12810c05fbbb@group-E1C050BD5AE3:LeaderElection100] INFO  server.RaftServerConfigKeys (ConfUtils.java:logGet(43)) - raft.server.rpc.sleep.time = 25ms (default)
2019-09-26 16:54:01,764 [Thread-633] INFO  impl.RaftServerImpl (RaftServerImpl.java:setRole(174)) - 862ec94c-cd2d-47b3-b563-7d6c2816cb58@group-42BFB3A1B838: changes role from  FOLLOWER to CANDIDATE at term 0 for changeToCandidate
2019-09-26 16:54:01,765 [7fda706b-4e23-4e10-baba-12810c05fbbb@group-E1C050BD5AE3:LeaderElection100] INFO  server.RaftServerConfigKeys (ConfUtils.java:logGet(43)) - raft.server.write.element-limit = 4096 (default)
2019-09-26 16:54:01,764 [7fda706b-4e23-4e10-baba-12810c05fbbb@group-BEF95ECFF1BD:LeaderElection99] INFO  server.RaftServerConfigKeys (ConfUtils.java:logGet(43)) - raft.server.rpc.sleep.time = 25ms (default)
2019-09-26 16:54:01,764 [Thread-626] INFO  impl.RoleInfo (RoleInfo.java:updateAndGet(143)) - 862ec94c-cd2d-47b3-b563-7d6c2816cb58: start LeaderElection
2019-09-26 16:54:01,765 [7fda706b-4e23-4e10-baba-12810c05fbbb@group-BEF95ECFF1BD:LeaderElection99] INFO  server.RaftServerConfigKeys (ConfUtils.java:logGet(43)) - raft.server.write.element-limit = 4096 (default)
2019-09-26 16:54:01,765 [7fda706b-4e23-4e10-baba-12810c05fbbb@group-E1C050BD5AE3:LeaderElection100] INFO  server.RaftServerConfigKeys (ConfUtils.java:logGet(43)) - raft.server.watch.timeout = 10s (default)
2019-09-26 16:54:01,765 [Thread-633] INFO  impl.RoleInfo (RoleInfo.java:updateAndGet(143)) - 862ec94c-cd2d-47b3-b563-7d6c2816cb58: start LeaderElection
2019-09-26 16:54:01,765 [4a469c34-60df-4173-8d32-715e2ce97f5d@group-B46AEE984DDF:LeaderElection78] INFO  impl.RoleInfo (RoleInfo.java:updateAndGet(143)) - 4a469c34-60df-4173-8d32-715e2ce97f5d: start LeaderState
2019-09-26 16:54:01,764 [4a469c34-60df-4173-8d32-715e2ce97f5d@group-F6117F20253A:LeaderElection98] INFO  impl.RaftServerImpl (ServerState.java:setLeader(253)) - 4a469c34-60df-4173-8d32-715e2ce97f5d@group-F6117F20253A: change Leader from null to 4a469c34-60df-4173-8d32-715e2ce97f5d at term 1 for becomeLeader, leader elected after 5575ms
2019-09-26 16:54:01,766 [4a469c34-60df-4173-8d32-715e2ce97f5d@group-B46AEE984DDF:LeaderElection78] INFO  segmented.SegmentedRaftLogWorker (SegmentedRaftLogWorker.java:startLogSegment(380)) - 4a469c34-60df-4173-8d32-715e2ce97f5d@group-B46AEE984DDF-SegmentedRaftLogWorker: Starting segment from index:0
2019-09-26 16:54:01,765 [7fda706b-4e23-4e10-baba-12810c05fbbb@group-E1C050BD5AE3:LeaderElection100] INFO  server.RaftServerConfigKeys (ConfUtils.java:logGet(43)) - raft.server.watch.timeout.denomination = 1s (default)
2019-09-26 16:54:01,765 [7fda706b-4e23-4e10-baba-12810c05fbbb@group-BEF95ECFF1BD:LeaderElection99] INFO  server.RaftServerConfigKeys (ConfUtils.java:logGet(43)) - raft.server.watch.timeout = 10s (default)
2019-09-26 16:54:01,973 [4a469c34-60df-4173-8d32-715e2ce97f5d@group-B46AEE984DDF:LeaderElection78] INFO  impl.RaftServerImpl (ServerState.java:setRaftConf(354)) - 4a469c34-60df-4173-8d32-715e2ce97f5d@group-B46AEE984DDF: set configuration 0: [4a469c34-60df-4173-8d32-715e2ce97f5d:192.168.151.99:42442], old=null at 0
2019-09-26 16:54:01,972 [pool-87-thread-1] INFO  storage.RaftStorage (RaftStorage.java:format(72)) - Storage directory /workdir/hadoop-ozone/integration-test/target/test-dir/MiniOzoneClusterImpl-fdc3d401-fab1-4968-a84f-12bf762e2bbf/datanode-6/data/ratis/dfc83be2-2f6f-4917-a8da-54603ad2394d has been successfully formatted.
2019-09-26 16:54:01,972 [Thread-641] INFO  impl.FollowerState (FollowerState.java:run(106)) - 579334d3-7c10-42f4-b10c-e6c2267ece25:group-0B8F6A17CAB6 changes to CANDIDATE, lastRpcTime:5255, electionTimeout:5074ms
2019-09-26 16:54:01,971 [Thread-651] INFO  impl.FollowerState (FollowerState.java:run(106)) - 7fda706b-4e23-4e10-baba-12810c05fbbb:group-4FDFC239BA02 changes to CANDIDATE, lastRpcTime:5153, electionTimeout:5059ms
2019-09-26 16:54:01,970 [Thread-646] INFO  impl.FollowerState (FollowerState.java:run(106)) - 4a469c34-60df-4173-8d32-715e2ce97f5d:group-A7BE3457B0E0 changes to CANDIDATE, lastRpcTime:5213, electionTimeout:5157ms
2019-09-26 16:54:01,969 [Thread-659] INFO  impl.FollowerState (FollowerState.java:run(106)) - 5160ea40-cc48-41a9-a1d1-1151a36e77d8:group-C36002BBBA8D changes to CANDIDATE, lastRpcTime:5090, electionTimeout:5065ms
2019-09-26 16:54:01,766 [7fda706b-4e23-4e10-baba-12810c05fbbb@group-E1C050BD5AE3:LeaderElection100] INFO  server.RaftServerConfigKeys (ConfUtils.java:logGet(43)) - raft.server.watch.element-limit = 65536 (default)
2019-09-26 16:54:01,766 [deac9605-e739-4d95-8360-f57df793faca@group-F2FE724336A6:LeaderElection79] INFO  impl.RoleInfo (RoleInfo.java:updateAndGet(143)) - deac9605-e739-4d95-8360-f57df793faca: start LeaderState
2019-09-26 16:54:01,766 [4a469c34-60df-4173-8d32-715e2ce97f5d@group-F6117F20253A:LeaderElection98] INFO  server.RaftServerConfigKeys (ConfUtils.java:logGet(43)) - raft.server.staging.catchup.gap = 1000 (default)
2019-09-26 16:54:01,979 [pool-87-thread-1] INFO  ratis.ContainerStateMachine (ContainerStateMachine.java:loadSnapshot(230)) - group-54603AD2394D: The snapshot info is null. Setting the last applied indexto:(t:0, i:~)
2019-09-26 16:54:01,978 [7fda706b-4e23-4e10-baba-12810c05fbbb@group-BEF95ECFF1BD:LeaderElection99] INFO  server.RaftServerConfigKeys (ConfUtils.java:logGet(43)) - raft.server.watch.timeout.denomination = 1s (default)
2019-09-26 16:54:01,980 [pool-87-thread-1] INFO  server.RaftServerConfigKeys (ConfUtils.java:logGet(43)) - raft.server.notification.no-leader.timeout = 120s (custom)
2019-09-26 16:54:01,981 [Thread-646] INFO  impl.RoleInfo (RoleInfo.java:shutdownFollowerState(121)) - 4a469c34-60df-4173-8d32-715e2ce97f5d: shutdown FollowerState
2019-09-26 16:54:01,980 [Thread-651] INFO  impl.RoleInfo (RoleInfo.java:shutdownFollowerState(121)) - 7fda706b-4e23-4e10-baba-12810c05fbbb: shutdown FollowerState
2019-09-26 16:54:01,980 [Thread-641] INFO  impl.RoleInfo (RoleInfo.java:shutdownFollowerState(121)) - 579334d3-7c10-42f4-b10c-e6c2267ece25: shutdown FollowerState
2019-09-26 16:54:01,980 [4a469c34-60df-4173-8d32-715e2ce97f5d@group-F6117F20253A:LeaderElection98] INFO  server.RaftServerConfigKeys (ConfUtils.java:logGet(43)) - raft.server.rpc.sleep.time = 25ms (default)
2019-09-26 16:54:01,980 [deac9605-e739-4d95-8360-f57df793faca@group-F2FE724336A6:LeaderElection79] INFO  segmented.SegmentedRaftLogWorker (SegmentedRaftLogWorker.java:startLogSegment(380)) - deac9605-e739-4d95-8360-f57df793faca@group-F2FE724336A6-SegmentedRaftLogWorker: Starting segment from index:0
2019-09-26 16:54:01,981 [4a469c34-60df-4173-8d32-715e2ce97f5d@group-F6117F20253A:LeaderElection98] INFO  server.RaftServerConfigKeys (ConfUtils.java:logGet(43)) - raft.server.write.element-limit = 4096 (default)
2019-09-26 16:54:01,981 [Thread-641] INFO  impl.RaftServerImpl (RaftServerImpl.java:setRole(174)) - 579334d3-7c10-42f4-b10c-e6c2267ece25@group-0B8F6A17CAB6: changes role from  FOLLOWER to CANDIDATE at term 0 for changeToCandidate
2019-09-26 16:54:01,981 [Thread-651] INFO  impl.RaftServerImpl (RaftServerImpl.java:setRole(174)) - 7fda706b-4e23-4e10-baba-12810c05fbbb@group-4FDFC239BA02: changes role from  FOLLOWER to CANDIDATE at term 0 for changeToCandidate
2019-09-26 16:54:01,981 [579334d3-7c10-42f4-b10c-e6c2267ece25@group-C56D2282E793:LeaderElection85] INFO  impl.RoleInfo (RoleInfo.java:updateAndGet(143)) - 579334d3-7c10-42f4-b10c-e6c2267ece25: start LeaderState
2019-09-26 16:54:02,221 [Thread-641] INFO  impl.RoleInfo (RoleInfo.java:updateAndGet(143)) - 579334d3-7c10-42f4-b10c-e6c2267ece25: start LeaderElection
2019-09-26 16:54:01,981 [Thread-659] INFO  impl.RoleInfo (RoleInfo.java:shutdownFollowerState(121)) - 5160ea40-cc48-41a9-a1d1-1151a36e77d8: shutdown FollowerState
2019-09-26 16:54:01,981 [Thread-646] INFO  impl.RaftServerImpl (RaftServerImpl.java:setRole(174)) - 4a469c34-60df-4173-8d32-715e2ce97f5d@group-A7BE3457B0E0: changes role from  FOLLOWER to CANDIDATE at term 0 for changeToCandidate
2019-09-26 16:54:01,981 [pool-87-thread-1] INFO  server.RaftServerConfigKeys (ConfUtils.java:logGet(43)) - raft.server.log.use.memory = false (default)
2019-09-26 16:54:01,980 [7fda706b-4e23-4e10-baba-12810c05fbbb@group-BEF95ECFF1BD:LeaderElection99] INFO  server.RaftServerConfigKeys (ConfUtils.java:logGet(43)) - raft.server.watch.element-limit = 65536 (default)
2019-09-26 16:54:02,222 [5160ea40-cc48-41a9-a1d1-1151a36e77d8@group-51C7E0DD59E4:LeaderElection88] INFO  impl.RoleInfo (RoleInfo.java:updateAndGet(143)) - 5160ea40-cc48-41a9-a1d1-1151a36e77d8: start LeaderState
2019-09-26 16:54:02,222 [pool-87-thread-1] INFO  server.RaftServerConfigKeys (ConfUtils.java:logGet(43)) - raft.server.log.purge.gap = 1000000 (custom)
2019-09-26 16:54:02,222 [Thread-646] INFO  impl.RoleInfo (RoleInfo.java:updateAndGet(143)) - 4a469c34-60df-4173-8d32-715e2ce97f5d: start LeaderElection
2019-09-26 16:54:02,222 [Thread-659] INFO  impl.RaftServerImpl (RaftServerImpl.java:setRole(174)) - 5160ea40-cc48-41a9-a1d1-1151a36e77d8@group-C36002BBBA8D: changes role from  FOLLOWER to CANDIDATE at term 0 for changeToCandidate
2019-09-26 16:54:02,222 [579334d3-7c10-42f4-b10c-e6c2267ece25@group-C56D2282E793:LeaderElection85] INFO  segmented.SegmentedRaftLogWorker (SegmentedRaftLogWorker.java:startLogSegment(380)) - 579334d3-7c10-42f4-b10c-e6c2267ece25@group-C56D2282E793-SegmentedRaftLogWorker: Starting segment from index:0
2019-09-26 16:54:02,221 [Thread-651] INFO  impl.RoleInfo (RoleInfo.java:updateAndGet(143)) - 7fda706b-4e23-4e10-baba-12810c05fbbb: start LeaderElection
2019-09-26 16:54:02,221 [deac9605-e739-4d95-8360-f57df793faca@group-F2FE724336A6:LeaderElection79] INFO  impl.RaftServerImpl (ServerState.java:setRaftConf(354)) - deac9605-e739-4d95-8360-f57df793faca@group-F2FE724336A6: set configuration 0: [deac9605-e739-4d95-8360-f57df793faca:192.168.151.99:46601], old=null at 0
2019-09-26 16:54:02,221 [862ec94c-cd2d-47b3-b563-7d6c2816cb58@group-C38715E9C60B:LeaderElection101] INFO  impl.LeaderElection (LeaderElection.java:askForVotes(182)) - 862ec94c-cd2d-47b3-b563-7d6c2816cb58@group-C38715E9C60B:LeaderElection101: begin an election at term 1 for -1: [862ec94c-cd2d-47b3-b563-7d6c2816cb58:192.168.151.99:36916], old=null
2019-09-26 16:54:02,221 [862ec94c-cd2d-47b3-b563-7d6c2816cb58@group-42BFB3A1B838:LeaderElection102] INFO  impl.LeaderElection (LeaderElection.java:askForVotes(182)) - 862ec94c-cd2d-47b3-b563-7d6c2816cb58@group-42BFB3A1B838:LeaderElection102: begin an election at term 1 for -1: [862ec94c-cd2d-47b3-b563-7d6c2816cb58:192.168.151.99:36916], old=null
2019-09-26 16:54:02,221 [Thread-663] INFO  impl.FollowerState (FollowerState.java:run(106)) - 579334d3-7c10-42f4-b10c-e6c2267ece25:group-D563116573F6 changes to CANDIDATE, lastRpcTime:5260, electionTimeout:5073ms
2019-09-26 16:54:02,220 [Thread-666] INFO  impl.FollowerState (FollowerState.java:run(106)) - 7fda706b-4e23-4e10-baba-12810c05fbbb:group-B2C475E91245 changes to CANDIDATE, lastRpcTime:5215, electionTimeout:5079ms
2019-09-26 16:54:02,217 [Thread-670] INFO  impl.FollowerState (FollowerState.java:run(106)) - d17cca1b-2e6b-48b2-8b1c-3559490fa529:group-9F1614D968BA changes to CANDIDATE, lastRpcTime:5163, electionTimeout:5108ms
2019-09-26 16:54:02,216 [Thread-683] INFO  impl.FollowerState (FollowerState.java:run(106)) - 4a469c34-60df-4173-8d32-715e2ce97f5d:group-8454D3131D9D changes to CANDIDATE, lastRpcTime:5072, electionTimeout:5031ms
2019-09-26 16:54:02,216 [Thread-676] INFO  impl.FollowerState (FollowerState.java:run(106)) - 579334d3-7c10-42f4-b10c-e6c2267ece25:group-972B7DA5E6F5 changes to CANDIDATE, lastRpcTime:5110, electionTimeout:5076ms
2019-09-26 16:54:01,981 [4a469c34-60df-4173-8d32-715e2ce97f5d@group-F6117F20253A:LeaderElection98] INFO  server.RaftServerConfigKeys (ConfUtils.java:logGet(43)) - raft.server.watch.timeout = 10s (default)
2019-09-26 16:54:02,447 [862ec94c-cd2d-47b3-b563-7d6c2816cb58@group-42BFB3A1B838:LeaderElection102] INFO  impl.RoleInfo (RoleInfo.java:shutdownLeaderElection(134)) - 862ec94c-cd2d-47b3-b563-7d6c2816cb58: shutdown LeaderElection
2019-09-26 16:54:02,446 [862ec94c-cd2d-47b3-b563-7d6c2816cb58@group-C38715E9C60B:LeaderElection101] INFO  impl.RoleInfo (RoleInfo.java:shutdownLeaderElection(134)) - 862ec94c-cd2d-47b3-b563-7d6c2816cb58: shutdown LeaderElection
2019-09-26 16:54:02,457 [Thread-663] INFO  impl.RoleInfo (RoleInfo.java:shutdownFollowerState(121)) - 579334d3-7c10-42f4-b10c-e6c2267ece25: shutdown FollowerState
2019-09-26 16:54:02,446 [579334d3-7c10-42f4-b10c-e6c2267ece25@group-C56D2282E793:LeaderElection85] INFO  impl.RaftServerImpl (ServerState.java:setRaftConf(354)) - 579334d3-7c10-42f4-b10c-e6c2267ece25@group-C56D2282E793: set configuration 0: [579334d3-7c10-42f4-b10c-e6c2267ece25:192.168.151.99:34131], old=null at 0
2019-09-26 16:54:02,446 [579334d3-7c10-42f4-b10c-e6c2267ece25@group-0B8F6A17CAB6:LeaderElection103] INFO  impl.LeaderElection (LeaderElection.java:askForVotes(182)) - 579334d3-7c10-42f4-b10c-e6c2267ece25@group-0B8F6A17CAB6:LeaderElection103: begin an election at term 1 for -1: [579334d3-7c10-42f4-b10c-e6c2267ece25:192.168.151.99:34131], old=null
2019-09-26 16:54:02,446 [Thread-686] INFO  impl.FollowerState (FollowerState.java:run(106)) - d17cca1b-2e6b-48b2-8b1c-3559490fa529:group-0D035646D911 changes to CANDIDATE, lastRpcTime:5243, electionTimeout:5045ms
2019-09-26 16:54:02,443 [Thread-689] INFO  impl.FollowerState (FollowerState.java:run(106)) - 4a469c34-60df-4173-8d32-715e2ce97f5d:group-7AF6AB2F6015 changes to CANDIDATE, lastRpcTime:5196, electionTimeout:5082ms
2019-09-26 16:54:02,442 [Thread-706] INFO  impl.FollowerState (FollowerState.java:run(106)) - d17cca1b-2e6b-48b2-8b1c-3559490fa529:group-5A43D4DE6CA1 changes to CANDIDATE, lastRpcTime:5063, electionTimeout:5005ms
2019-09-26 16:54:02,442 [Thread-695] INFO  impl.FollowerState (FollowerState.java:run(106)) - d17cca1b-2e6b-48b2-8b1c-3559490fa529:group-5C044592C986 changes to CANDIDATE, lastRpcTime:5137, electionTimeout:5095ms
2019-09-26 16:54:02,228 [deac9605-e739-4d95-8360-f57df793faca@group-0BC6163609F7:LeaderElection80] INFO  impl.RoleInfo (RoleInfo.java:updateAndGet(143)) - deac9605-e739-4d95-8360-f57df793faca: start LeaderState
2019-09-26 16:54:02,228 [Thread-659] INFO  impl.RoleInfo (RoleInfo.java:updateAndGet(143)) - 5160ea40-cc48-41a9-a1d1-1151a36e77d8: start LeaderElection
2019-09-26 16:54:02,227 [pool-87-thread-1] INFO  server.RaftServerConfigKeys (ConfUtils.java:logGet(43)) - raft.server.log.appender.buffer.byte-limit = 33554432 (custom)
2019-09-26 16:54:02,227 [5160ea40-cc48-41a9-a1d1-1151a36e77d8@group-9D0474B365D3-SegmentedRaftLogWorker] ERROR segmented.SegmentedRaftLogWorker (SegmentedRaftLogWorker.java:run(323)) - 5160ea40-cc48-41a9-a1d1-1151a36e77d8@group-9D0474B365D3-SegmentedRaftLogWorker hit exception
java.lang.OutOfMemoryError: Direct buffer memory
	at java.nio.Bits.reserveMemory(Bits.java:666)
	at java.nio.DirectByteBuffer.<init>(DirectByteBuffer.java:123)
	at java.nio.ByteBuffer.allocateDirect(ByteBuffer.java:311)
	at org.apache.ratis.server.raftlog.segmented.BufferedWriteChannel.<init>(BufferedWriteChannel.java:41)
	at org.apache.ratis.server.raftlog.segmented.SegmentedRaftLogOutputStream.<init>(SegmentedRaftLogOutputStream.java:72)
	at org.apache.ratis.server.raftlog.segmented.SegmentedRaftLogWorker$StartLogSegment.execute(SegmentedRaftLogWorker.java:566)
	at org.apache.ratis.server.raftlog.segmented.SegmentedRaftLogWorker.run(SegmentedRaftLogWorker.java:289)
	at java.lang.Thread.run(Thread.java:748)
2019-09-26 16:54:02,223 [5160ea40-cc48-41a9-a1d1-1151a36e77d8@group-51C7E0DD59E4:LeaderElection88] INFO  segmented.SegmentedRaftLogWorker (SegmentedRaftLogWorker.java:startLogSegment(380)) - 5160ea40-cc48-41a9-a1d1-1151a36e77d8@group-51C7E0DD59E4-SegmentedRaftLogWorker: Starting segment from index:0
2019-09-26 16:54:02,459 [862ec94c-cd2d-47b3-b563-7d6c2816cb58@group-40BFE342F714:LeaderElection81] INFO  impl.RoleInfo (RoleInfo.java:updateAndGet(143)) - 862ec94c-cd2d-47b3-b563-7d6c2816cb58: start LeaderState
2019-09-26 16:54:02,459 [5160ea40-cc48-41a9-a1d1-1151a36e77d8@group-9D0474B365D3-SegmentedRaftLogWorker] INFO  impl.RaftServerImpl (RaftServerImpl.java:lambda$shutdown$3(251)) - 5160ea40-cc48-41a9-a1d1-1151a36e77d8@group-9D0474B365D3: shutdown
2019-09-26 16:54:02,459 [Thread-695] INFO  impl.RoleInfo (RoleInfo.java:shutdownFollowerState(121)) - d17cca1b-2e6b-48b2-8b1c-3559490fa529: shutdown FollowerState
2019-09-26 16:54:02,459 [Thread-706] INFO  impl.RoleInfo (RoleInfo.java:shutdownFollowerState(121)) - d17cca1b-2e6b-48b2-8b1c-3559490fa529: shutdown FollowerState
2019-09-26 16:54:02,459 [Thread-689] INFO  impl.RoleInfo (RoleInfo.java:shutdownFollowerState(121)) - 4a469c34-60df-4173-8d32-715e2ce97f5d: shutdown FollowerState
2019-09-26 16:54:02,459 [pool-87-thread-1] INFO  server.RaftServerConfigKeys (ConfUtils.java:logGet(43)) - raft.server.log.segment.size.max = 1048576 (custom)
2019-09-26 16:54:02,459 [Thread-686] INFO  impl.RoleInfo (RoleInfo.java:shutdownFollowerState(121)) - d17cca1b-2e6b-48b2-8b1c-3559490fa529: shutdown FollowerState
2019-09-26 16:54:02,458 [deac9605-e739-4d95-8360-f57df793faca@group-0BC6163609F7:LeaderElection80] INFO  segmented.SegmentedRaftLogWorker (SegmentedRaftLogWorker.java:startLogSegment(380)) - deac9605-e739-4d95-8360-f57df793faca@group-0BC6163609F7-SegmentedRaftLogWorker: Starting segment from index:0
2019-09-26 16:54:02,457 [Thread-676] INFO  impl.RoleInfo (RoleInfo.java:shutdownFollowerState(121)) - 579334d3-7c10-42f4-b10c-e6c2267ece25: shutdown FollowerState
2019-09-26 16:54:02,457 [579334d3-7c10-42f4-b10c-e6c2267ece25@group-0B8F6A17CAB6:LeaderElection103] INFO  impl.RoleInfo (RoleInfo.java:shutdownLeaderElection(134)) - 579334d3-7c10-42f4-b10c-e6c2267ece25: shutdown LeaderElection
2019-09-26 16:54:02,910 [deac9605-e739-4d95-8360-f57df793faca@group-0BC6163609F7:LeaderElection80] INFO  impl.RaftServerImpl (ServerState.java:setRaftConf(354)) - deac9605-e739-4d95-8360-f57df793faca@group-0BC6163609F7: set configuration 0: [deac9605-e739-4d95-8360-f57df793faca:192.168.151.99:46601], old=null at 0
2019-09-26 16:54:02,457 [Thread-683] INFO  impl.RoleInfo (RoleInfo.java:shutdownFollowerState(121)) - 4a469c34-60df-4173-8d32-715e2ce97f5d: shutdown FollowerState
2019-09-26 16:54:02,457 [Thread-670] INFO  impl.RoleInfo (RoleInfo.java:shutdownFollowerState(121)) - d17cca1b-2e6b-48b2-8b1c-3559490fa529: shutdown FollowerState
2019-09-26 16:54:02,910 [Thread-670] INFO  impl.RaftServerImpl (RaftServerImpl.java:setRole(174)) - d17cca1b-2e6b-48b2-8b1c-3559490fa529@group-9F1614D968BA: changes role from  FOLLOWER to CANDIDATE at term 0 for changeToCandidate
2019-09-26 16:54:02,457 [5160ea40-cc48-41a9-a1d1-1151a36e77d8@group-CF883E79110B:LeaderElection86] INFO  impl.RoleInfo (RoleInfo.java:updateAndGet(143)) - 5160ea40-cc48-41a9-a1d1-1151a36e77d8: start LeaderState
2019-09-26 16:54:02,911 [Thread-670] INFO  impl.RoleInfo (RoleInfo.java:updateAndGet(143)) - d17cca1b-2e6b-48b2-8b1c-3559490fa529: start LeaderElection
2019-09-26 16:54:02,457 [Thread-663] INFO  impl.RaftServerImpl (RaftServerImpl.java:setRole(174)) - 579334d3-7c10-42f4-b10c-e6c2267ece25@group-D563116573F6: changes role from  FOLLOWER to CANDIDATE at term 0 for changeToCandidate
2019-09-26 16:54:02,457 [Thread-666] INFO  impl.RoleInfo (RoleInfo.java:shutdownFollowerState(121)) - 7fda706b-4e23-4e10-baba-12810c05fbbb: shutdown FollowerState
2019-09-26 16:54:02,457 [862ec94c-cd2d-47b3-b563-7d6c2816cb58@group-C38715E9C60B:LeaderElection101] INFO  impl.RaftServerImpl (RaftServerImpl.java:setRole(174)) - 862ec94c-cd2d-47b3-b563-7d6c2816cb58@group-C38715E9C60B: changes role from CANDIDATE to LEADER at term 1 for changeToLeader
2019-09-26 16:54:02,457 [862ec94c-cd2d-47b3-b563-7d6c2816cb58@group-42BFB3A1B838:LeaderElection102] INFO  impl.RaftServerImpl (RaftServerImpl.java:setRole(174)) - 862ec94c-cd2d-47b3-b563-7d6c2816cb58@group-42BFB3A1B838: changes role from CANDIDATE to LEADER at term 1 for changeToLeader
2019-09-26 16:54:02,452 [4a469c34-60df-4173-8d32-715e2ce97f5d@group-F6117F20253A:LeaderElection98] INFO  server.RaftServerConfigKeys (ConfUtils.java:logGet(43)) - raft.server.watch.timeout.denomination = 1s (default)
2019-09-26 16:54:02,911 [862ec94c-cd2d-47b3-b563-7d6c2816cb58@group-42BFB3A1B838:LeaderElection102] INFO  impl.RaftServerImpl (ServerState.java:setLeader(253)) - 862ec94c-cd2d-47b3-b563-7d6c2816cb58@group-42BFB3A1B838: change Leader from null to 862ec94c-cd2d-47b3-b563-7d6c2816cb58 at term 1 for becomeLeader, leader elected after 6377ms
2019-09-26 16:54:02,911 [862ec94c-cd2d-47b3-b563-7d6c2816cb58@group-C38715E9C60B:LeaderElection101] INFO  impl.RaftServerImpl (ServerState.java:setLeader(253)) - 862ec94c-cd2d-47b3-b563-7d6c2816cb58@group-C38715E9C60B: change Leader from null to 862ec94c-cd2d-47b3-b563-7d6c2816cb58 at term 1 for becomeLeader, leader elected after 6494ms
2019-09-26 16:54:02,911 [Thread-666] INFO  impl.RaftServerImpl (RaftServerImpl.java:setRole(174)) - 7fda706b-4e23-4e10-baba-12810c05fbbb@group-B2C475E91245: changes role from  FOLLOWER to CANDIDATE at term 0 for changeToCandidate
2019-09-26 16:54:02,911 [5160ea40-cc48-41a9-a1d1-1151a36e77d8@group-CF883E79110B:LeaderElection86] INFO  segmented.SegmentedRaftLogWorker (SegmentedRaftLogWorker.java:startLogSegment(380)) - 5160ea40-cc48-41a9-a1d1-1151a36e77d8@group-CF883E79110B-SegmentedRaftLogWorker: Starting segment from index:0
2019-09-26 16:54:02,911 [Thread-663] INFO  impl.RoleInfo (RoleInfo.java:updateAndGet(143)) - 579334d3-7c10-42f4-b10c-e6c2267ece25: start LeaderElection
2019-09-26 16:54:02,911 [4a469c34-60df-4173-8d32-715e2ce97f5d@group-D505D210B7C8:LeaderElection82] INFO  impl.RoleInfo (RoleInfo.java:updateAndGet(143)) - 4a469c34-60df-4173-8d32-715e2ce97f5d: start LeaderState
2019-09-26 16:54:02,910 [Thread-683] INFO  impl.RaftServerImpl (RaftServerImpl.java:setRole(174)) - 4a469c34-60df-4173-8d32-715e2ce97f5d@group-8454D3131D9D: changes role from  FOLLOWER to CANDIDATE at term 0 for changeToCandidate
2019-09-26 16:54:02,910 [579334d3-7c10-42f4-b10c-e6c2267ece25@group-0B8F6A17CAB6:LeaderElection103] INFO  impl.RaftServerImpl (RaftServerImpl.java:setRole(174)) - 579334d3-7c10-42f4-b10c-e6c2267ece25@group-0B8F6A17CAB6: changes role from CANDIDATE to LEADER at term 1 for changeToLeader
2019-09-26 16:54:02,909 [5160ea40-cc48-41a9-a1d1-1151a36e77d8@group-C36002BBBA8D:LeaderElection106] INFO  impl.LeaderElection (LeaderElection.java:askForVotes(182)) - 5160ea40-cc48-41a9-a1d1-1151a36e77d8@group-C36002BBBA8D:LeaderElection106: begin an election at term 1 for -1: [5160ea40-cc48-41a9-a1d1-1151a36e77d8:192.168.151.99:45356], old=null
2019-09-26 16:54:02,908 [Thread-734] INFO  impl.FollowerState (FollowerState.java:run(106)) - 5160ea40-cc48-41a9-a1d1-1151a36e77d8:group-5CF5DB96C063 changes to CANDIDATE, lastRpcTime:5241, electionTimeout:5070ms
2019-09-26 16:54:03,165 [d17cca1b-2e6b-48b2-8b1c-3559490fa529@group-0167F4A9536E:LeaderElection74] INFO  impl.RoleInfo (RoleInfo.java:updateAndGet(143)) - d17cca1b-2e6b-48b2-8b1c-3559490fa529: start LeaderState
2019-09-26 16:54:02,905 [Thread-729] INFO  impl.FollowerState (FollowerState.java:run(106)) - 862ec94c-cd2d-47b3-b563-7d6c2816cb58:group-26B889F3603E changes to CANDIDATE, lastRpcTime:5289, electionTimeout:5165ms
2019-09-26 16:54:03,165 [d17cca1b-2e6b-48b2-8b1c-3559490fa529@group-0167F4A9536E:LeaderElection74] INFO  segmented.SegmentedRaftLogWorker (SegmentedRaftLogWorker.java:startLogSegment(380)) - d17cca1b-2e6b-48b2-8b1c-3559490fa529@group-0167F4A9536E-SegmentedRaftLogWorker: Starting segment from index:0
2019-09-26 16:54:02,904 [Thread-744] INFO  impl.FollowerState (FollowerState.java:run(106)) - 4a469c34-60df-4173-8d32-715e2ce97f5d:group-192151A5EAFE changes to CANDIDATE, lastRpcTime:5134, electionTimeout:5059ms
2019-09-26 16:54:02,904 [Thread-739] INFO  impl.FollowerState (FollowerState.java:run(106)) - 4a469c34-60df-4173-8d32-715e2ce97f5d:group-528B81068606 changes to CANDIDATE, lastRpcTime:5185, electionTimeout:5147ms
2019-09-26 16:54:03,166 [Thread-734] INFO  impl.RoleInfo (RoleInfo.java:shutdownFollowerState(121)) - 5160ea40-cc48-41a9-a1d1-1151a36e77d8: shutdown FollowerState
2019-09-26 16:54:02,695 [5160ea40-cc48-41a9-a1d1-1151a36e77d8@group-9D0474B365D3-SegmentedRaftLogWorker] INFO  util.JmxRegister (JmxRegister.java:unregister(73)) - Successfully un-registered JMX Bean with object name Ratis:service=RaftServer,group=group-9D0474B365D3,id=5160ea40-cc48-41a9-a1d1-1151a36e77d8
2019-09-26 16:54:02,694 [Thread-676] INFO  impl.RaftServerImpl (RaftServerImpl.java:setRole(174)) - 579334d3-7c10-42f4-b10c-e6c2267ece25@group-972B7DA5E6F5: changes role from  FOLLOWER to CANDIDATE at term 0 for changeToCandidate
2019-09-26 16:54:02,694 [4a469c34-60df-4173-8d32-715e2ce97f5d@group-E5385069730C:LeaderElection84] INFO  impl.RoleInfo (RoleInfo.java:updateAndGet(143)) - 4a469c34-60df-4173-8d32-715e2ce97f5d: start LeaderState
2019-09-26 16:54:02,694 [Thread-686] INFO  impl.RaftServerImpl (RaftServerImpl.java:setRole(174)) - d17cca1b-2e6b-48b2-8b1c-3559490fa529@group-0D035646D911: changes role from  FOLLOWER to CANDIDATE at term 0 for changeToCandidate
2019-09-26 16:54:03,383 [4a469c34-60df-4173-8d32-715e2ce97f5d@group-E5385069730C:LeaderElection84] INFO  segmented.SegmentedRaftLogWorker (SegmentedRaftLogWorker.java:startLogSegment(380)) - 4a469c34-60df-4173-8d32-715e2ce97f5d@group-E5385069730C-SegmentedRaftLogWorker: Starting segment from index:0
2019-09-26 16:54:02,693 [pool-87-thread-1] INFO  server.RaftServerConfigKeys (ConfUtils.java:logGet(43)) - raft.server.log.segment.cache.num.max = 2 (custom)
2019-09-26 16:54:02,693 [Thread-689] INFO  impl.RaftServerImpl (RaftServerImpl.java:setRole(174)) - 4a469c34-60df-4173-8d32-715e2ce97f5d@group-7AF6AB2F6015: changes role from  FOLLOWER to CANDIDATE at term 0 for changeToCandidate
2019-09-26 16:54:02,693 [Thread-706] INFO  impl.RaftServerImpl (RaftServerImpl.java:setRole(174)) - d17cca1b-2e6b-48b2-8b1c-3559490fa529@group-5A43D4DE6CA1: changes role from  FOLLOWER to CANDIDATE at term 0 for changeToCandidate
2019-09-26 16:54:02,693 [Thread-695] INFO  impl.RaftServerImpl (RaftServerImpl.java:setRole(174)) - d17cca1b-2e6b-48b2-8b1c-3559490fa529@group-5C044592C986: changes role from  FOLLOWER to CANDIDATE at term 0 for changeToCandidate
2019-09-26 16:54:02,692 [5160ea40-cc48-41a9-a1d1-1151a36e77d8@group-51C7E0DD59E4:LeaderElection88] INFO  impl.RaftServerImpl (ServerState.java:setRaftConf(354)) - 5160ea40-cc48-41a9-a1d1-1151a36e77d8@group-51C7E0DD59E4: set configuration 0: [5160ea40-cc48-41a9-a1d1-1151a36e77d8:192.168.151.99:45356], old=null at 0
2019-09-26 16:54:02,691 [4a469c34-60df-4173-8d32-715e2ce97f5d@group-A7BE3457B0E0:LeaderElection105] INFO  impl.LeaderElection (LeaderElection.java:askForVotes(182)) - 4a469c34-60df-4173-8d32-715e2ce97f5d@group-A7BE3457B0E0:LeaderElection105: begin an election at term 1 for -1: [4a469c34-60df-4173-8d32-715e2ce97f5d:192.168.151.99:42442], old=null
2019-09-26 16:54:02,690 [7fda706b-4e23-4e10-baba-12810c05fbbb@group-4FDFC239BA02:LeaderElection104] INFO  impl.LeaderElection (LeaderElection.java:askForVotes(182)) - 7fda706b-4e23-4e10-baba-12810c05fbbb@group-4FDFC239BA02:LeaderElection104: begin an election at term 1 for -1: [7fda706b-4e23-4e10-baba-12810c05fbbb:192.168.151.99:32897], old=null
2019-09-26 16:54:02,690 [5160ea40-cc48-41a9-a1d1-1151a36e77d8@group-3621D5874B47-SegmentedRaftLogWorker] ERROR segmented.SegmentedRaftLogWorker (SegmentedRaftLogWorker.java:run(323)) - 5160ea40-cc48-41a9-a1d1-1151a36e77d8@group-3621D5874B47-SegmentedRaftLogWorker hit exception
java.lang.OutOfMemoryError: Direct buffer memory
	at java.nio.Bits.reserveMemory(Bits.java:666)
	at java.nio.DirectByteBuffer.<init>(DirectByteBuffer.java:123)
	at java.nio.ByteBuffer.allocateDirect(ByteBuffer.java:311)
	at org.apache.ratis.server.raftlog.segmented.BufferedWriteChannel.<init>(BufferedWriteChannel.java:41)
	at org.apache.ratis.server.raftlog.segmented.SegmentedRaftLogOutputStream.<init>(SegmentedRaftLogOutputStream.java:72)
	at org.apache.ratis.server.raftlog.segmented.SegmentedRaftLogWorker$StartLogSegment.execute(SegmentedRaftLogWorker.java:566)
	at org.apache.ratis.server.raftlog.segmented.SegmentedRaftLogWorker.run(SegmentedRaftLogWorker.java:289)
	at java.lang.Thread.run(Thread.java:748)
2019-09-26 16:54:03,595 [5160ea40-cc48-41a9-a1d1-1151a36e77d8@group-3621D5874B47-SegmentedRaftLogWorker] INFO  impl.RaftServerImpl (RaftServerImpl.java:lambda$shutdown$3(251)) - 5160ea40-cc48-41a9-a1d1-1151a36e77d8@group-3621D5874B47: shutdown
2019-09-26 16:54:02,689 [Thread-701] INFO  impl.FollowerState (FollowerState.java:run(106)) - 862ec94c-cd2d-47b3-b563-7d6c2816cb58:group-B11DDC6028F8 changes to CANDIDATE, lastRpcTime:5339, electionTimeout:5172ms
2019-09-26 16:54:02,688 [Thread-711] INFO  impl.FollowerState (FollowerState.java:run(106)) - 5160ea40-cc48-41a9-a1d1-1151a36e77d8:group-617DE8AE92D0 changes to CANDIDATE, lastRpcTime:5268, electionTimeout:5179ms
2019-09-26 16:54:02,688 [Thread-715] INFO  impl.FollowerState (FollowerState.java:run(106)) - d17cca1b-2e6b-48b2-8b1c-3559490fa529:group-1CD36E5E23BA changes to CANDIDATE, lastRpcTime:5228, electionTimeout:5146ms
2019-09-26 16:54:02,688 [Thread-721] INFO  impl.FollowerState (FollowerState.java:run(106)) - 5160ea40-cc48-41a9-a1d1-1151a36e77d8:group-1D62C6517019 changes to CANDIDATE, lastRpcTime:5180, electionTimeout:5121ms
2019-09-26 16:54:03,596 [Thread-701] INFO  impl.RoleInfo (RoleInfo.java:shutdownFollowerState(121)) - 862ec94c-cd2d-47b3-b563-7d6c2816cb58: shutdown FollowerState
2019-09-26 16:54:02,687 [Thread-726] INFO  impl.FollowerState (FollowerState.java:run(106)) - deac9605-e739-4d95-8360-f57df793faca:group-71380DB631E9 changes to CANDIDATE, lastRpcTime:5110, electionTimeout:5094ms
2019-09-26 16:54:02,460 [862ec94c-cd2d-47b3-b563-7d6c2816cb58@group-40BFE342F714:LeaderElection81] INFO  segmented.SegmentedRaftLogWorker (SegmentedRaftLogWorker.java:startLogSegment(380)) - 862ec94c-cd2d-47b3-b563-7d6c2816cb58@group-40BFE342F714-SegmentedRaftLogWorker: Starting segment from index:0
2019-09-26 16:54:03,597 [Thread-721] INFO  impl.RoleInfo (RoleInfo.java:shutdownFollowerState(121)) - 5160ea40-cc48-41a9-a1d1-1151a36e77d8: shutdown FollowerState
2019-09-26 16:54:03,597 [4a469c34-60df-4173-8d32-715e2ce97f5d@group-5D6BFF16FFC8:LeaderElection94] INFO  impl.RoleInfo (RoleInfo.java:updateAndGet(143)) - 4a469c34-60df-4173-8d32-715e2ce97f5d: start LeaderState
2019-09-26 16:54:03,597 [5160ea40-cc48-41a9-a1d1-1151a36e77d8@group-3621D5874B47-SegmentedRaftLogWorker] INFO  util.JmxRegister (JmxRegister.java:unregister(73)) - Successfully un-registered JMX Bean with object name Ratis:service=RaftServer,group=group-3621D5874B47,id=5160ea40-cc48-41a9-a1d1-1151a36e77d8
2019-09-26 16:54:03,598 [5160ea40-cc48-41a9-a1d1-1151a36e77d8@group-3621D5874B47-SegmentedRaftLogWorker] INFO  impl.RoleInfo (RoleInfo.java:shutdownLeaderState(104)) - 5160ea40-cc48-41a9-a1d1-1151a36e77d8: shutdown LeaderState
2019-09-26 16:54:03,597 [Thread-711] INFO  impl.RoleInfo (RoleInfo.java:shutdownFollowerState(121)) - 5160ea40-cc48-41a9-a1d1-1151a36e77d8: shutdown FollowerState
2019-09-26 16:54:03,597 [Thread-701] INFO  impl.RaftServerImpl (RaftServerImpl.java:setRole(174)) - 862ec94c-cd2d-47b3-b563-7d6c2816cb58@group-B11DDC6028F8: changes role from  FOLLOWER to CANDIDATE at term 0 for changeToCandidate
2019-09-26 16:54:03,596 [7fda706b-4e23-4e10-baba-12810c05fbbb@group-E1BD43987033:LeaderElection77] INFO  impl.RoleInfo (RoleInfo.java:updateAndGet(143)) - 7fda706b-4e23-4e10-baba-12810c05fbbb: start LeaderState
2019-09-26 16:54:03,595 [5160ea40-cc48-41a9-a1d1-1151a36e77d8@group-D0054841AFC1:LeaderElection71] INFO  impl.RoleInfo (RoleInfo.java:updateAndGet(143)) - 5160ea40-cc48-41a9-a1d1-1151a36e77d8: start LeaderState
2019-09-26 16:54:03,595 [862ec94c-cd2d-47b3-b563-7d6c2816cb58@group-9787CA851A74:LeaderElection72] INFO  impl.RoleInfo (RoleInfo.java:updateAndGet(143)) - 862ec94c-cd2d-47b3-b563-7d6c2816cb58: start LeaderState
2019-09-26 16:54:03,594 [7fda706b-4e23-4e10-baba-12810c05fbbb@group-4FDFC239BA02:LeaderElection104] INFO  impl.RoleInfo (RoleInfo.java:shutdownLeaderElection(134)) - 7fda706b-4e23-4e10-baba-12810c05fbbb: shutdown LeaderElection
2019-09-26 16:54:03,841 [862ec94c-cd2d-47b3-b563-7d6c2816cb58@group-9787CA851A74:LeaderElection72] INFO  segmented.SegmentedRaftLogWorker (SegmentedRaftLogWorker.java:startLogSegment(380)) - 862ec94c-cd2d-47b3-b563-7d6c2816cb58@group-9787CA851A74-SegmentedRaftLogWorker: Starting segment from index:0
2019-09-26 16:54:03,594 [4a469c34-60df-4173-8d32-715e2ce97f5d@group-A7BE3457B0E0:LeaderElection105] INFO  impl.RoleInfo (RoleInfo.java:shutdownLeaderElection(134)) - 4a469c34-60df-4173-8d32-715e2ce97f5d: shutdown LeaderElection
2019-09-26 16:54:03,594 [579334d3-7c10-42f4-b10c-e6c2267ece25@group-C91694E883F7:LeaderElection75] INFO  impl.RoleInfo (RoleInfo.java:updateAndGet(143)) - 579334d3-7c10-42f4-b10c-e6c2267ece25: start LeaderState
2019-09-26 16:54:03,594 [Thread-695] INFO  impl.RoleInfo (RoleInfo.java:updateAndGet(143)) - d17cca1b-2e6b-48b2-8b1c-3559490fa529: start LeaderElection
2019-09-26 16:54:03,593 [Thread-706] INFO  impl.RoleInfo (RoleInfo.java:updateAndGet(143)) - d17cca1b-2e6b-48b2-8b1c-3559490fa529: start LeaderElection
2019-09-26 16:54:03,593 [4a469c34-60df-4173-8d32-715e2ce97f5d@group-E5385069730C:LeaderElection84] INFO  impl.RaftServerImpl (ServerState.java:setRaftConf(354)) - 4a469c34-60df-4173-8d32-715e2ce97f5d@group-E5385069730C: set configuration 0: [4a469c34-60df-4173-8d32-715e2ce97f5d:192.168.151.99:42442], old=null at 0
2019-09-26 16:54:03,593 [579334d3-7c10-42f4-b10c-e6c2267ece25@group-D563116573F6:LeaderElection108] INFO  impl.LeaderElection (LeaderElection.java:askForVotes(182)) - 579334d3-7c10-42f4-b10c-e6c2267ece25@group-D563116573F6:LeaderElection108: begin an election at term 1 for -1: [579334d3-7c10-42f4-b10c-e6c2267ece25:192.168.151.99:34131], old=null
2019-09-26 16:54:03,593 [Thread-442] INFO  impl.FollowerState (FollowerState.java:run(106)) - 5160ea40-cc48-41a9-a1d1-1151a36e77d8:group-1E272E071DE3 changes to CANDIDATE, lastRpcTime:10706, electionTimeout:5085ms
2019-09-26 16:54:03,592 [4a469c34-60df-4173-8d32-715e2ce97f5d@group-B46AEE984DDF-SegmentedRaftLogWorker] ERROR segmented.SegmentedRaftLogWorker (SegmentedRaftLogWorker.java:run(323)) - 4a469c34-60df-4173-8d32-715e2ce97f5d@group-B46AEE984DDF-SegmentedRaftLogWorker hit exception
java.lang.OutOfMemoryError: Direct buffer memory
	at java.nio.Bits.reserveMemory(Bits.java:666)
	at java.nio.DirectByteBuffer.<init>(DirectByteBuffer.java:123)
	at java.nio.ByteBuffer.allocateDirect(ByteBuffer.java:311)
	at org.apache.ratis.server.raftlog.segmented.BufferedWriteChannel.<init>(BufferedWriteChannel.java:41)
	at org.apache.ratis.server.raftlog.segmented.SegmentedRaftLogOutputStream.<init>(SegmentedRaftLogOutputStream.java:72)
	at org.apache.ratis.server.raftlog.segmented.SegmentedRaftLogWorker$StartLogSegment.execute(SegmentedRaftLogWorker.java:566)
	at org.apache.ratis.server.raftlog.segmented.SegmentedRaftLogWorker.run(SegmentedRaftLogWorker.java:289)
	at java.lang.Thread.run(Thread.java:748)
2019-09-26 16:54:03,591 [Thread-439] INFO  impl.FollowerState (FollowerState.java:run(106)) - d17cca1b-2e6b-48b2-8b1c-3559490fa529:group-F1CC7F31322C changes to CANDIDATE, lastRpcTime:10748, electionTimeout:5179ms
2019-09-26 16:54:03,591 [Thread-436] INFO  impl.FollowerState (FollowerState.java:run(106)) - 7fda706b-4e23-4e10-baba-12810c05fbbb:group-D4838260B295 changes to CANDIDATE, lastRpcTime:10790, electionTimeout:5190ms
2019-09-26 16:54:03,384 [Thread-689] INFO  impl.RoleInfo (RoleInfo.java:updateAndGet(143)) - 4a469c34-60df-4173-8d32-715e2ce97f5d: start LeaderElection
2019-09-26 16:54:04,010 [Thread-436] INFO  impl.RoleInfo (RoleInfo.java:shutdownFollowerState(121)) - 7fda706b-4e23-4e10-baba-12810c05fbbb: shutdown FollowerState
2019-09-26 16:54:03,384 [pool-87-thread-1] INFO  segmented.SegmentedRaftLogWorker (SegmentedRaftLogWorker.java:<init>(172)) - new 4a469c34-60df-4173-8d32-715e2ce97f5d@group-54603AD2394D-SegmentedRaftLogWorker for RaftStorage:Storage Directory /workdir/hadoop-ozone/integration-test/target/test-dir/MiniOzoneClusterImpl-fdc3d401-fab1-4968-a84f-12bf762e2bbf/datanode-6/data/ratis/dfc83be2-2f6f-4917-a8da-54603ad2394d
2019-09-26 16:54:03,384 [5160ea40-cc48-41a9-a1d1-1151a36e77d8@group-786C9481136A:LeaderElection73] INFO  impl.RoleInfo (RoleInfo.java:updateAndGet(143)) - 5160ea40-cc48-41a9-a1d1-1151a36e77d8: start LeaderState
2019-09-26 16:54:03,384 [Thread-686] INFO  impl.RoleInfo (RoleInfo.java:updateAndGet(143)) - d17cca1b-2e6b-48b2-8b1c-3559490fa529: start LeaderElection
2019-09-26 16:54:03,383 [Thread-739] INFO  impl.RoleInfo (RoleInfo.java:shutdownFollowerState(121)) - 4a469c34-60df-4173-8d32-715e2ce97f5d: shutdown FollowerState
2019-09-26 16:54:03,383 [Thread-744] INFO  impl.RoleInfo (RoleInfo.java:shutdownFollowerState(121)) - 4a469c34-60df-4173-8d32-715e2ce97f5d: shutdown FollowerState
2019-09-26 16:54:03,383 [Thread-676] INFO  impl.RoleInfo (RoleInfo.java:updateAndGet(143)) - 579334d3-7c10-42f4-b10c-e6c2267ece25: start LeaderElection
2019-09-26 16:54:03,383 [Thread-729] INFO  impl.RoleInfo (RoleInfo.java:shutdownFollowerState(121)) - 862ec94c-cd2d-47b3-b563-7d6c2816cb58: shutdown FollowerState
2019-09-26 16:54:03,383 [5160ea40-cc48-41a9-a1d1-1151a36e77d8@group-9D0474B365D3-SegmentedRaftLogWorker] INFO  impl.RoleInfo (RoleInfo.java:shutdownLeaderState(104)) - 5160ea40-cc48-41a9-a1d1-1151a36e77d8: shutdown LeaderState
2019-09-26 16:54:03,383 [Thread-734] INFO  impl.RaftServerImpl (RaftServerImpl.java:setRole(174)) - 5160ea40-cc48-41a9-a1d1-1151a36e77d8@group-5CF5DB96C063: changes role from  FOLLOWER to CANDIDATE at term 0 for changeToCandidate
2019-09-26 16:54:03,383 [579334d3-7c10-42f4-b10c-e6c2267ece25@group-B6B8FE2B0F73:LeaderElection76] INFO  impl.RoleInfo (RoleInfo.java:updateAndGet(143)) - 579334d3-7c10-42f4-b10c-e6c2267ece25: start LeaderState
2019-09-26 16:54:03,166 [d17cca1b-2e6b-48b2-8b1c-3559490fa529@group-0167F4A9536E:LeaderElection74] INFO  impl.RaftServerImpl (ServerState.java:setRaftConf(354)) - d17cca1b-2e6b-48b2-8b1c-3559490fa529@group-0167F4A9536E: set configuration 0: [d17cca1b-2e6b-48b2-8b1c-3559490fa529:192.168.151.99:40714], old=null at 0
2019-09-26 16:54:04,012 [579334d3-7c10-42f4-b10c-e6c2267ece25@group-B6B8FE2B0F73:LeaderElection76] INFO  segmented.SegmentedRaftLogWorker (SegmentedRaftLogWorker.java:startLogSegment(380)) - 579334d3-7c10-42f4-b10c-e6c2267ece25@group-B6B8FE2B0F73-SegmentedRaftLogWorker: Starting segment from index:0
2019-09-26 16:54:03,165 [5160ea40-cc48-41a9-a1d1-1151a36e77d8@group-C36002BBBA8D:LeaderElection106] INFO  impl.RoleInfo (RoleInfo.java:shutdownLeaderElection(134)) - 5160ea40-cc48-41a9-a1d1-1151a36e77d8: shutdown LeaderElection
2019-09-26 16:54:04,013 [5160ea40-cc48-41a9-a1d1-1151a36e77d8@group-C36002BBBA8D:LeaderElection106] INFO  impl.RaftServerImpl (RaftServerImpl.java:setRole(174)) - 5160ea40-cc48-41a9-a1d1-1151a36e77d8@group-C36002BBBA8D: changes role from CANDIDATE to LEADER at term 1 for changeToLeader
2019-09-26 16:54:03,165 [Thread-683] INFO  impl.RoleInfo (RoleInfo.java:updateAndGet(143)) - 4a469c34-60df-4173-8d32-715e2ce97f5d: start LeaderElection
2019-09-26 16:54:03,164 [5160ea40-cc48-41a9-a1d1-1151a36e77d8@group-CF883E79110B:LeaderElection86] INFO  impl.RaftServerImpl (ServerState.java:setRaftConf(354)) - 5160ea40-cc48-41a9-a1d1-1151a36e77d8@group-CF883E79110B: set configuration 0: [5160ea40-cc48-41a9-a1d1-1151a36e77d8:192.168.151.99:45356], old=null at 0
2019-09-26 16:54:03,164 [579334d3-7c10-42f4-b10c-e6c2267ece25@group-0B8F6A17CAB6:LeaderElection103] INFO  impl.RaftServerImpl (ServerState.java:setLeader(253)) - 579334d3-7c10-42f4-b10c-e6c2267ece25@group-0B8F6A17CAB6: change Leader from null to 579334d3-7c10-42f4-b10c-e6c2267ece25 at term 1 for becomeLeader, leader elected after 6499ms
2019-09-26 16:54:03,164 [d17cca1b-2e6b-48b2-8b1c-3559490fa529@group-9F1614D968BA:LeaderElection107] INFO  impl.LeaderElection (LeaderElection.java:askForVotes(182)) - d17cca1b-2e6b-48b2-8b1c-3559490fa529@group-9F1614D968BA:LeaderElection107: begin an election at term 1 for -1: [d17cca1b-2e6b-48b2-8b1c-3559490fa529:192.168.151.99:40714], old=null
2019-09-26 16:54:03,161 [deac9605-e739-4d95-8360-f57df793faca@group-D1DC469F0812-SegmentedRaftLogWorker] ERROR segmented.SegmentedRaftLogWorker (SegmentedRaftLogWorker.java:run(323)) - deac9605-e739-4d95-8360-f57df793faca@group-D1DC469F0812-SegmentedRaftLogWorker hit exception
java.lang.OutOfMemoryError: Direct buffer memory
	at java.nio.Bits.reserveMemory(Bits.java:666)
	at java.nio.DirectByteBuffer.<init>(DirectByteBuffer.java:123)
	at java.nio.ByteBuffer.allocateDirect(ByteBuffer.java:311)
	at org.apache.ratis.server.raftlog.segmented.BufferedWriteChannel.<init>(BufferedWriteChannel.java:41)
	at org.apache.ratis.server.raftlog.segmented.SegmentedRaftLogOutputStream.<init>(SegmentedRaftLogOutputStream.java:72)
	at org.apache.ratis.server.raftlog.segmented.SegmentedRaftLogWorker$StartLogSegment.execute(SegmentedRaftLogWorker.java:566)
	at org.apache.ratis.server.raftlog.segmented.SegmentedRaftLogWorker.run(SegmentedRaftLogWorker.java:289)
	at java.lang.Thread.run(Thread.java:748)
2019-09-26 16:54:02,940 [4a469c34-60df-4173-8d32-715e2ce97f5d@group-D505D210B7C8:LeaderElection82] INFO  segmented.SegmentedRaftLogWorker (SegmentedRaftLogWorker.java:startLogSegment(380)) - 4a469c34-60df-4173-8d32-715e2ce97f5d@group-D505D210B7C8-SegmentedRaftLogWorker: Starting segment from index:0
2019-09-26 16:54:02,939 [Thread-666] INFO  impl.RoleInfo (RoleInfo.java:updateAndGet(143)) - 7fda706b-4e23-4e10-baba-12810c05fbbb: start LeaderElection
2019-09-26 16:54:02,919 [5160ea40-cc48-41a9-a1d1-1151a36e77d8@group-802909185AE8:LeaderElection87] INFO  impl.RoleInfo (RoleInfo.java:updateAndGet(143)) - 5160ea40-cc48-41a9-a1d1-1151a36e77d8: start LeaderState
2019-09-26 16:54:02,919 [862ec94c-cd2d-47b3-b563-7d6c2816cb58@group-C38715E9C60B:LeaderElection101] INFO  server.RaftServerConfigKeys (ConfUtils.java:logGet(43)) - raft.server.staging.catchup.gap = 1000 (default)
2019-09-26 16:54:02,919 [862ec94c-cd2d-47b3-b563-7d6c2816cb58@group-42BFB3A1B838:LeaderElection102] INFO  server.RaftServerConfigKeys (ConfUtils.java:logGet(43)) - raft.server.staging.catchup.gap = 1000 (default)
2019-09-26 16:54:02,919 [4a469c34-60df-4173-8d32-715e2ce97f5d@group-F6117F20253A:LeaderElection98] INFO  server.RaftServerConfigKeys (ConfUtils.java:logGet(43)) - raft.server.watch.element-limit = 65536 (default)
2019-09-26 16:54:04,442 [4a469c34-60df-4173-8d32-715e2ce97f5d@group-8454D3131D9D:LeaderElection110] INFO  impl.LeaderElection (LeaderElection.java:askForVotes(182)) - 4a469c34-60df-4173-8d32-715e2ce97f5d@group-8454D3131D9D:LeaderElection110: begin an election at term 1 for -1: [4a469c34-60df-4173-8d32-715e2ce97f5d:192.168.151.99:42442], old=null
2019-09-26 16:54:04,222 [862ec94c-cd2d-47b3-b563-7d6c2816cb58@group-42BFB3A1B838:LeaderElection102] INFO  server.RaftServerConfigKeys (ConfUtils.java:logGet(43)) - raft.server.rpc.sleep.time = 25ms (default)
2019-09-26 16:54:04,222 [5160ea40-cc48-41a9-a1d1-1151a36e77d8@group-802909185AE8:LeaderElection87] INFO  segmented.SegmentedRaftLogWorker (SegmentedRaftLogWorker.java:startLogSegment(380)) - 5160ea40-cc48-41a9-a1d1-1151a36e77d8@group-802909185AE8-SegmentedRaftLogWorker: Starting segment from index:0
2019-09-26 16:54:04,222 [4a469c34-60df-4173-8d32-715e2ce97f5d@group-D505D210B7C8:LeaderElection82] INFO  impl.RaftServerImpl (ServerState.java:setRaftConf(354)) - 4a469c34-60df-4173-8d32-715e2ce97f5d@group-D505D210B7C8: set configuration 0: [4a469c34-60df-4173-8d32-715e2ce97f5d:192.168.151.99:42442], old=null at 0
2019-09-26 16:54:04,222 [862ec94c-cd2d-47b3-b563-7d6c2816cb58@group-C38715E9C60B:LeaderElection101] INFO  server.RaftServerConfigKeys (ConfUtils.java:logGet(43)) - raft.server.rpc.sleep.time = 25ms (default)
2019-09-26 16:54:04,221 [deac9605-e739-4d95-8360-f57df793faca@group-D1DC469F0812-SegmentedRaftLogWorker] INFO  impl.RaftServerImpl (RaftServerImpl.java:lambda$shutdown$3(251)) - deac9605-e739-4d95-8360-f57df793faca@group-D1DC469F0812: shutdown
2019-09-26 16:54:04,221 [d17cca1b-2e6b-48b2-8b1c-3559490fa529@group-9F1614D968BA:LeaderElection107] INFO  impl.RoleInfo (RoleInfo.java:shutdownLeaderElection(134)) - d17cca1b-2e6b-48b2-8b1c-3559490fa529: shutdown LeaderElection
2019-09-26 16:54:04,220 [579334d3-7c10-42f4-b10c-e6c2267ece25@group-0B8F6A17CAB6:LeaderElection103] INFO  server.RaftServerConfigKeys (ConfUtils.java:logGet(43)) - raft.server.staging.catchup.gap = 1000 (default)
2019-09-26 16:54:04,220 [RATISCREATEPIPELINE1] ERROR pipeline.RatisPipelineProvider (RatisPipelineProvider.java:lambda$null$2(175)) - Failed invoke Ratis rpc org.apache.hadoop.hdds.scm.pipeline.RatisPipelineProvider$$Lambda$183/1147569895@7f864a6e for 4a469c34-60df-4173-8d32-715e2ce97f5d
org.apache.ratis.protocol.TimeoutIOException: deadline exceeded after 2999716526ns
	at org.apache.ratis.grpc.GrpcUtil.tryUnwrapException(GrpcUtil.java:82)
	at org.apache.ratis.grpc.GrpcUtil.unwrapException(GrpcUtil.java:75)
	at org.apache.ratis.grpc.client.GrpcClientProtocolClient.blockingCall(GrpcClientProtocolClient.java:178)
	at org.apache.ratis.grpc.client.GrpcClientProtocolClient.groupAdd(GrpcClientProtocolClient.java:147)
	at org.apache.ratis.grpc.client.GrpcClientRpc.sendRequest(GrpcClientRpc.java:94)
	at org.apache.ratis.client.impl.RaftClientImpl.sendRequest(RaftClientImpl.java:278)
	at org.apache.ratis.client.impl.RaftClientImpl.groupAdd(RaftClientImpl.java:205)
	at org.apache.hadoop.hdds.scm.pipeline.RatisPipelineProvider.lambda$initializePipeline$1(RatisPipelineProvider.java:136)
	at org.apache.hadoop.hdds.scm.pipeline.RatisPipelineProvider.lambda$null$2(RatisPipelineProvider.java:171)
	at java.util.stream.ForEachOps$ForEachOp$OfRef.accept(ForEachOps.java:184)
	at java.util.ArrayList$ArrayListSpliterator.forEachRemaining(ArrayList.java:1382)
	at java.util.stream.AbstractPipeline.copyInto(AbstractPipeline.java:482)
	at java.util.stream.ForEachOps$ForEachTask.compute(ForEachOps.java:291)
	at java.util.concurrent.CountedCompleter.exec(CountedCompleter.java:731)
	at java.util.concurrent.ForkJoinTask.doExec(ForkJoinTask.java:289)
	at java.util.concurrent.ForkJoinTask.doInvoke(ForkJoinTask.java:401)
	at java.util.concurrent.ForkJoinTask.invoke(ForkJoinTask.java:734)
	at java.util.stream.ForEachOps$ForEachOp.evaluateParallel(ForEachOps.java:160)
	at java.util.stream.ForEachOps$ForEachOp$OfRef.evaluateParallel(ForEachOps.java:174)
	at java.util.stream.AbstractPipeline.evaluate(AbstractPipeline.java:233)
	at java.util.stream.ReferencePipeline.forEach(ReferencePipeline.java:418)
	at java.util.stream.ReferencePipeline$Head.forEach(ReferencePipeline.java:583)
	at org.apache.hadoop.hdds.scm.pipeline.RatisPipelineProvider.lambda$callRatisRpc$3(RatisPipelineProvider.java:165)
	at java.util.concurrent.ForkJoinTask$AdaptedRunnableAction.exec(ForkJoinTask.java:1386)
	at java.util.concurrent.ForkJoinTask.doExec(ForkJoinTask.java:289)
	at java.util.concurrent.ForkJoinPool$WorkQueue.runTask(ForkJoinPool.java:1056)
	at java.util.concurrent.ForkJoinPool.runWorker(ForkJoinPool.java:1692)
	at java.util.concurrent.ForkJoinWorkerThread.run(ForkJoinWorkerThread.java:157)
Caused by: org.apache.ratis.thirdparty.io.grpc.StatusRuntimeException: DEADLINE_EXCEEDED: deadline exceeded after 2999716526ns
	at org.apache.ratis.thirdparty.io.grpc.stub.ClientCalls.toStatusRuntimeException(ClientCalls.java:233)
	at org.apache.ratis.thirdparty.io.grpc.stub.ClientCalls.getUnchecked(ClientCalls.java:214)
	at org.apache.ratis.thirdparty.io.grpc.stub.ClientCalls.blockingUnaryCall(ClientCalls.java:139)
	at org.apache.ratis.proto.grpc.AdminProtocolServiceGrpc$AdminProtocolServiceBlockingStub.groupManagement(AdminProtocolServiceGrpc.java:274)
	at org.apache.ratis.grpc.client.GrpcClientProtocolClient.lambda$groupAdd$3(GrpcClientProtocolClient.java:149)
	at org.apache.ratis.grpc.client.GrpcClientProtocolClient.blockingCall(GrpcClientProtocolClient.java:176)
	... 25 more
2019-09-26 16:54:04,214 [579334d3-7c10-42f4-b10c-e6c2267ece25@group-972B7DA5E6F5:LeaderElection111] INFO  impl.LeaderElection (LeaderElection.java:askForVotes(182)) - 579334d3-7c10-42f4-b10c-e6c2267ece25@group-972B7DA5E6F5:LeaderElection111: begin an election at term 1 for -1: [579334d3-7c10-42f4-b10c-e6c2267ece25:192.168.151.99:34131], old=null
2019-09-26 16:54:04,214 [5160ea40-cc48-41a9-a1d1-1151a36e77d8@group-C36002BBBA8D:LeaderElection106] INFO  impl.RaftServerImpl (ServerState.java:setLeader(253)) - 5160ea40-cc48-41a9-a1d1-1151a36e77d8@group-C36002BBBA8D: change Leader from null to 5160ea40-cc48-41a9-a1d1-1151a36e77d8 at term 1 for becomeLeader, leader elected after 7345ms
2019-09-26 16:54:04,214 [579334d3-7c10-42f4-b10c-e6c2267ece25@group-B6B8FE2B0F73:LeaderElection76] INFO  impl.RaftServerImpl (ServerState.java:setRaftConf(354)) - 579334d3-7c10-42f4-b10c-e6c2267ece25@group-B6B8FE2B0F73: set configuration 0: [579334d3-7c10-42f4-b10c-e6c2267ece25:192.168.151.99:34131], old=null at 0
2019-09-26 16:54:04,210 [4a469c34-60df-4173-8d32-715e2ce97f5d@group-7AF6AB2F6015:LeaderElection113] INFO  impl.LeaderElection (LeaderElection.java:askForVotes(182)) - 4a469c34-60df-4173-8d32-715e2ce97f5d@group-7AF6AB2F6015:LeaderElection113: begin an election at term 1 for -1: [4a469c34-60df-4173-8d32-715e2ce97f5d:192.168.151.99:42442], old=null
2019-09-26 16:54:04,210 [d17cca1b-2e6b-48b2-8b1c-3559490fa529@group-5A43D4DE6CA1:LeaderElection114] INFO  impl.LeaderElection (LeaderElection.java:askForVotes(182)) - d17cca1b-2e6b-48b2-8b1c-3559490fa529@group-5A43D4DE6CA1:LeaderElection114: begin an election at term 1 for -1: [d17cca1b-2e6b-48b2-8b1c-3559490fa529:192.168.151.99:40714], old=null
2019-09-26 16:54:04,210 [d17cca1b-2e6b-48b2-8b1c-3559490fa529@group-0D035646D911:LeaderElection112] INFO  impl.LeaderElection (LeaderElection.java:askForVotes(182)) - d17cca1b-2e6b-48b2-8b1c-3559490fa529@group-0D035646D911:LeaderElection112: begin an election at term 1 for -1: [d17cca1b-2e6b-48b2-8b1c-3559490fa529:192.168.151.99:40714], old=null
2019-09-26 16:54:04,210 [d17cca1b-2e6b-48b2-8b1c-3559490fa529@group-5C044592C986:LeaderElection115] INFO  impl.LeaderElection (LeaderElection.java:askForVotes(182)) - d17cca1b-2e6b-48b2-8b1c-3559490fa529@group-5C044592C986:LeaderElection115: begin an election at term 1 for -1: [d17cca1b-2e6b-48b2-8b1c-3559490fa529:192.168.151.99:40714], old=null
2019-09-26 16:54:04,012 [Thread-734] INFO  impl.RoleInfo (RoleInfo.java:updateAndGet(143)) - 5160ea40-cc48-41a9-a1d1-1151a36e77d8: start LeaderElection
2019-09-26 16:54:04,012 [5160ea40-cc48-41a9-a1d1-1151a36e77d8@group-9D0474B365D3-SegmentedRaftLogWorker] INFO  impl.PendingRequests (PendingRequests.java:sendNotLeaderResponses(202)) - 5160ea40-cc48-41a9-a1d1-1151a36e77d8-PendingRequests: sendNotLeaderResponses
2019-09-26 16:54:04,012 [Thread-729] INFO  impl.RaftServerImpl (RaftServerImpl.java:setRole(174)) - 862ec94c-cd2d-47b3-b563-7d6c2816cb58@group-26B889F3603E: changes role from  FOLLOWER to CANDIDATE at term 0 for changeToCandidate
2019-09-26 16:54:04,011 [Thread-744] INFO  impl.RaftServerImpl (RaftServerImpl.java:setRole(174)) - 4a469c34-60df-4173-8d32-715e2ce97f5d@group-192151A5EAFE: changes role from  FOLLOWER to CANDIDATE at term 0 for changeToCandidate
2019-09-26 16:54:04,011 [Thread-739] INFO  impl.RaftServerImpl (RaftServerImpl.java:setRole(174)) - 4a469c34-60df-4173-8d32-715e2ce97f5d@group-528B81068606: changes role from  FOLLOWER to CANDIDATE at term 0 for changeToCandidate
2019-09-26 16:54:04,011 [5160ea40-cc48-41a9-a1d1-1151a36e77d8@group-786C9481136A:LeaderElection73] INFO  segmented.SegmentedRaftLogWorker (SegmentedRaftLogWorker.java:startLogSegment(380)) - 5160ea40-cc48-41a9-a1d1-1151a36e77d8@group-786C9481136A-SegmentedRaftLogWorker: Starting segment from index:0
2019-09-26 16:54:04,011 [7fda706b-4e23-4e10-baba-12810c05fbbb@group-BEF95ECFF1BD:LeaderElection99] INFO  impl.RoleInfo (RoleInfo.java:updateAndGet(143)) - 7fda706b-4e23-4e10-baba-12810c05fbbb: start LeaderState
2019-09-26 16:54:04,011 [7fda706b-4e23-4e10-baba-12810c05fbbb@group-E1C050BD5AE3:LeaderElection100] INFO  impl.RoleInfo (RoleInfo.java:updateAndGet(143)) - 7fda706b-4e23-4e10-baba-12810c05fbbb: start LeaderState
2019-09-26 16:54:04,011 [pool-87-thread-1] INFO  server.RaftServerConfigKeys (ConfUtils.java:logGet(43)) - raft.server.log.queue.byte-limit = 2147483647 (custom)
2019-09-26 16:54:04,011 [Thread-436] INFO  impl.RaftServerImpl (RaftServerImpl.java:setRole(174)) - 7fda706b-4e23-4e10-baba-12810c05fbbb@group-D4838260B295: changes role from  FOLLOWER to CANDIDATE at term 0 for changeToCandidate
2019-09-26 16:54:04,010 [Thread-439] INFO  impl.RoleInfo (RoleInfo.java:shutdownFollowerState(121)) - d17cca1b-2e6b-48b2-8b1c-3559490fa529: shutdown FollowerState
2019-09-26 16:54:04,010 [4a469c34-60df-4173-8d32-715e2ce97f5d@group-B46AEE984DDF-SegmentedRaftLogWorker] INFO  impl.RaftServerImpl (RaftServerImpl.java:lambda$shutdown$3(251)) - 4a469c34-60df-4173-8d32-715e2ce97f5d@group-B46AEE984DDF: shutdown
2019-09-26 16:54:04,010 [Thread-442] INFO  impl.RoleInfo (RoleInfo.java:shutdownFollowerState(121)) - 5160ea40-cc48-41a9-a1d1-1151a36e77d8: shutdown FollowerState
2019-09-26 16:54:04,885 [Thread-442] INFO  impl.RaftServerImpl (RaftServerImpl.java:setRole(174)) - 5160ea40-cc48-41a9-a1d1-1151a36e77d8@group-1E272E071DE3: changes role from  FOLLOWER to CANDIDATE at term 0 for changeToCandidate
2019-09-26 16:54:04,010 [deac9605-e739-4d95-8360-f57df793faca@group-BB5BC36C6AF2:LeaderElection96] INFO  impl.RoleInfo (RoleInfo.java:updateAndGet(143)) - deac9605-e739-4d95-8360-f57df793faca: start LeaderState
2019-09-26 16:54:04,009 [862ec94c-cd2d-47b3-b563-7d6c2816cb58@group-17D412075A1C:LeaderElection97] INFO  impl.RoleInfo (RoleInfo.java:updateAndGet(143)) - 862ec94c-cd2d-47b3-b563-7d6c2816cb58: start LeaderState
2019-09-26 16:54:04,009 [579334d3-7c10-42f4-b10c-e6c2267ece25@group-D563116573F6:LeaderElection108] INFO  impl.RoleInfo (RoleInfo.java:shutdownLeaderElection(134)) - 579334d3-7c10-42f4-b10c-e6c2267ece25: shutdown LeaderElection
2019-09-26 16:54:04,009 [579334d3-7c10-42f4-b10c-e6c2267ece25@group-C91694E883F7:LeaderElection75] INFO  segmented.SegmentedRaftLogWorker (SegmentedRaftLogWorker.java:startLogSegment(380)) - 579334d3-7c10-42f4-b10c-e6c2267ece25@group-C91694E883F7-SegmentedRaftLogWorker: Starting segment from index:0
2019-09-26 16:54:04,008 [deac9605-e739-4d95-8360-f57df793faca@group-0BC6163609F7-SegmentedRaftLogWorker] ERROR segmented.SegmentedRaftLogWorker (SegmentedRaftLogWorker.java:run(323)) - deac9605-e739-4d95-8360-f57df793faca@group-0BC6163609F7-SegmentedRaftLogWorker hit exception
java.lang.OutOfMemoryError: Direct buffer memory
	at java.nio.Bits.reserveMemory(Bits.java:666)
	at java.nio.DirectByteBuffer.<init>(DirectByteBuffer.java:123)
	at java.nio.ByteBuffer.allocateDirect(ByteBuffer.java:311)
	at org.apache.ratis.server.raftlog.segmented.BufferedWriteChannel.<init>(BufferedWriteChannel.java:41)
	at org.apache.ratis.server.raftlog.segmented.SegmentedRaftLogOutputStream.<init>(SegmentedRaftLogOutputStream.java:72)
	at org.apache.ratis.server.raftlog.segmented.SegmentedRaftLogWorker$StartLogSegment.execute(SegmentedRaftLogWorker.java:566)
	at org.apache.ratis.server.raftlog.segmented.SegmentedRaftLogWorker.run(SegmentedRaftLogWorker.java:289)
	at java.lang.Thread.run(Thread.java:748)
2019-09-26 16:54:04,008 [5160ea40-cc48-41a9-a1d1-1151a36e77d8@group-51C7E0DD59E4-SegmentedRaftLogWorker] ERROR segmented.SegmentedRaftLogWorker (SegmentedRaftLogWorker.java:run(323)) - 5160ea40-cc48-41a9-a1d1-1151a36e77d8@group-51C7E0DD59E4-SegmentedRaftLogWorker hit exception
java.lang.OutOfMemoryError: Direct buffer memory
	at java.nio.Bits.reserveMemory(Bits.java:666)
	at java.nio.DirectByteBuffer.<init>(DirectByteBuffer.java:123)
	at java.nio.ByteBuffer.allocateDirect(ByteBuffer.java:311)
	at org.apache.ratis.server.raftlog.segmented.BufferedWriteChannel.<init>(BufferedWriteChannel.java:41)
	at org.apache.ratis.server.raftlog.segmented.SegmentedRaftLogOutputStream.<init>(SegmentedRaftLogOutputStream.java:72)
	at org.apache.ratis.server.raftlog.segmented.SegmentedRaftLogWorker$StartLogSegment.execute(SegmentedRaftLogWorker.java:566)
	at org.apache.ratis.server.raftlog.segmented.SegmentedRaftLogWorker.run(SegmentedRaftLogWorker.java:289)
	at java.lang.Thread.run(Thread.java:748)
2019-09-26 16:54:03,842 [862ec94c-cd2d-47b3-b563-7d6c2816cb58@group-9787CA851A74:LeaderElection72] INFO  impl.RaftServerImpl (ServerState.java:setRaftConf(354)) - 862ec94c-cd2d-47b3-b563-7d6c2816cb58@group-9787CA851A74: set configuration 0: [862ec94c-cd2d-47b3-b563-7d6c2816cb58:192.168.151.99:36916], old=null at 0
2019-09-26 16:54:03,841 [4a469c34-60df-4173-8d32-715e2ce97f5d@group-A7BE3457B0E0:LeaderElection105] INFO  impl.RaftServerImpl (RaftServerImpl.java:setRole(174)) - 4a469c34-60df-4173-8d32-715e2ce97f5d@group-A7BE3457B0E0: changes role from CANDIDATE to LEADER at term 1 for changeToLeader
2019-09-26 16:54:03,841 [7fda706b-4e23-4e10-baba-12810c05fbbb@group-4FDFC239BA02:LeaderElection104] INFO  impl.RaftServerImpl (RaftServerImpl.java:setRole(174)) - 7fda706b-4e23-4e10-baba-12810c05fbbb@group-4FDFC239BA02: changes role from CANDIDATE to LEADER at term 1 for changeToLeader
2019-09-26 16:54:03,841 [5160ea40-cc48-41a9-a1d1-1151a36e77d8@group-CAAA41AA227D:LeaderElection95] INFO  impl.RoleInfo (RoleInfo.java:updateAndGet(143)) - 5160ea40-cc48-41a9-a1d1-1151a36e77d8: start LeaderState
2019-09-26 16:54:03,841 [7fda706b-4e23-4e10-baba-12810c05fbbb@group-E1BD43987033:LeaderElection77] INFO  segmented.SegmentedRaftLogWorker (SegmentedRaftLogWorker.java:startLogSegment(380)) - 7fda706b-4e23-4e10-baba-12810c05fbbb@group-E1BD43987033-SegmentedRaftLogWorker: Starting segment from index:0
2019-09-26 16:54:03,840 [5160ea40-cc48-41a9-a1d1-1151a36e77d8@group-D0054841AFC1:LeaderElection71] INFO  segmented.SegmentedRaftLogWorker (SegmentedRaftLogWorker.java:startLogSegment(380)) - 5160ea40-cc48-41a9-a1d1-1151a36e77d8@group-D0054841AFC1-SegmentedRaftLogWorker: Starting segment from index:0
2019-09-26 16:54:03,840 [deac9605-e739-4d95-8360-f57df793faca@group-F2FE724336A6-SegmentedRaftLogWorker] ERROR segmented.SegmentedRaftLogWorker (SegmentedRaftLogWorker.java:run(323)) - deac9605-e739-4d95-8360-f57df793faca@group-F2FE724336A6-SegmentedRaftLogWorker hit exception
java.lang.OutOfMemoryError: Direct buffer memory
	at java.nio.Bits.reserveMemory(Bits.java:666)
	at java.nio.DirectByteBuffer.<init>(DirectByteBuffer.java:123)
	at java.nio.ByteBuffer.allocateDirect(ByteBuffer.java:311)
	at org.apache.ratis.server.raftlog.segmented.BufferedWriteChannel.<init>(BufferedWriteChannel.java:41)
	at org.apache.ratis.server.raftlog.segmented.SegmentedRaftLogOutputStream.<init>(SegmentedRaftLogOutputStream.java:72)
	at org.apache.ratis.server.raftlog.segmented.SegmentedRaftLogWorker$StartLogSegment.execute(SegmentedRaftLogWorker.java:566)
	at org.apache.ratis.server.raftlog.segmented.SegmentedRaftLogWorker.run(SegmentedRaftLogWorker.java:289)
	at java.lang.Thread.run(Thread.java:748)
2019-09-26 16:54:03,840 [579334d3-7c10-42f4-b10c-e6c2267ece25@group-C56D2282E793-SegmentedRaftLogWorker] ERROR segmented.SegmentedRaftLogWorker (SegmentedRaftLogWorker.java:run(323)) - 579334d3-7c10-42f4-b10c-e6c2267ece25@group-C56D2282E793-SegmentedRaftLogWorker hit exception
java.lang.OutOfMemoryError: Direct buffer memory
	at java.nio.Bits.reserveMemory(Bits.java:666)
	at java.nio.DirectByteBuffer.<init>(DirectByteBuffer.java:123)
	at java.nio.ByteBuffer.allocateDirect(ByteBuffer.java:311)
	at org.apache.ratis.server.raftlog.segmented.BufferedWriteChannel.<init>(BufferedWriteChannel.java:41)
	at org.apache.ratis.server.raftlog.segmented.SegmentedRaftLogOutputStream.<init>(SegmentedRaftLogOutputStream.java:72)
	at org.apache.ratis.server.raftlog.segmented.SegmentedRaftLogWorker$StartLogSegment.execute(SegmentedRaftLogWorker.java:566)
	at org.apache.ratis.server.raftlog.segmented.SegmentedRaftLogWorker.run(SegmentedRaftLogWorker.java:289)
	at java.lang.Thread.run(Thread.java:748)
2019-09-26 16:54:03,598 [862ec94c-cd2d-47b3-b563-7d6c2816cb58@group-B5732A1D60A2:LeaderElection92] INFO  impl.RoleInfo (RoleInfo.java:updateAndGet(143)) - 862ec94c-cd2d-47b3-b563-7d6c2816cb58: start LeaderState
2019-09-26 16:54:03,598 [7fda706b-4e23-4e10-baba-12810c05fbbb@group-6E23EBD9EBC2:LeaderElection91] INFO  impl.RoleInfo (RoleInfo.java:updateAndGet(143)) - 7fda706b-4e23-4e10-baba-12810c05fbbb: start LeaderState
2019-09-26 16:54:03,598 [Thread-701] INFO  impl.RoleInfo (RoleInfo.java:updateAndGet(143)) - 862ec94c-cd2d-47b3-b563-7d6c2816cb58: start LeaderElection
2019-09-26 16:54:03,598 [862ec94c-cd2d-47b3-b563-7d6c2816cb58@group-40BFE342F714:LeaderElection81] INFO  impl.RaftServerImpl (ServerState.java:setRaftConf(354)) - 862ec94c-cd2d-47b3-b563-7d6c2816cb58@group-40BFE342F714: set configuration 0: [862ec94c-cd2d-47b3-b563-7d6c2816cb58:192.168.151.99:36916], old=null at 0
2019-09-26 16:54:03,598 [Thread-711] INFO  impl.RaftServerImpl (RaftServerImpl.java:setRole(174)) - 5160ea40-cc48-41a9-a1d1-1151a36e77d8@group-617DE8AE92D0: changes role from  FOLLOWER to CANDIDATE at term 0 for changeToCandidate
2019-09-26 16:54:03,598 [5160ea40-cc48-41a9-a1d1-1151a36e77d8@group-3621D5874B47-SegmentedRaftLogWorker] INFO  impl.PendingRequests (PendingRequests.java:sendNotLeaderResponses(202)) - 5160ea40-cc48-41a9-a1d1-1151a36e77d8-PendingRequests: sendNotLeaderResponses
2019-09-26 16:54:03,598 [4a469c34-60df-4173-8d32-715e2ce97f5d@group-5D6BFF16FFC8:LeaderElection94] INFO  segmented.SegmentedRaftLogWorker (SegmentedRaftLogWorker.java:startLogSegment(380)) - 4a469c34-60df-4173-8d32-715e2ce97f5d@group-5D6BFF16FFC8-SegmentedRaftLogWorker: Starting segment from index:0
2019-09-26 16:54:05,569 [5160ea40-cc48-41a9-a1d1-1151a36e77d8@group-3621D5874B47-SegmentedRaftLogWorker] INFO  impl.StateMachineUpdater (StateMachineUpdater.java:stopAndJoin(125)) - 5160ea40-cc48-41a9-a1d1-1151a36e77d8@group-3621D5874B47-StateMachineUpdater: set stopIndex = -1
2019-09-26 16:54:03,597 [deac9605-e739-4d95-8360-f57df793faca@group-00F88C78472C:LeaderElection93] INFO  impl.RoleInfo (RoleInfo.java:updateAndGet(143)) - deac9605-e739-4d95-8360-f57df793faca: start LeaderState
2019-09-26 16:54:03,597 [Thread-721] INFO  impl.RaftServerImpl (RaftServerImpl.java:setRole(174)) - 5160ea40-cc48-41a9-a1d1-1151a36e77d8@group-1D62C6517019: changes role from  FOLLOWER to CANDIDATE at term 0 for changeToCandidate
2019-09-26 16:54:03,597 [Thread-726] INFO  impl.RoleInfo (RoleInfo.java:shutdownFollowerState(121)) - deac9605-e739-4d95-8360-f57df793faca: shutdown FollowerState
2019-09-26 16:54:03,597 [Thread-715] INFO  impl.RoleInfo (RoleInfo.java:shutdownFollowerState(121)) - d17cca1b-2e6b-48b2-8b1c-3559490fa529: shutdown FollowerState
2019-09-26 16:54:05,835 [Thread-726] INFO  impl.RaftServerImpl (RaftServerImpl.java:setRole(174)) - deac9605-e739-4d95-8360-f57df793faca@group-71380DB631E9: changes role from  FOLLOWER to CANDIDATE at term 0 for changeToCandidate
2019-09-26 16:54:05,835 [5160ea40-cc48-41a9-a1d1-1151a36e77d8@group-3621D5874B47-SegmentedRaftLogWorker] INFO  impl.RaftServerImpl (ServerState.java:close(385)) - 5160ea40-cc48-41a9-a1d1-1151a36e77d8@group-3621D5874B47: closes. applyIndex: -1
2019-09-26 16:54:05,835 [deac9605-e739-4d95-8360-f57df793faca@group-00F88C78472C:LeaderElection93] INFO  segmented.SegmentedRaftLogWorker (SegmentedRaftLogWorker.java:startLogSegment(380)) - deac9605-e739-4d95-8360-f57df793faca@group-00F88C78472C-SegmentedRaftLogWorker: Starting segment from index:0
2019-09-26 16:54:05,835 [Thread-721] INFO  impl.RoleInfo (RoleInfo.java:updateAndGet(143)) - 5160ea40-cc48-41a9-a1d1-1151a36e77d8: start LeaderElection
2019-09-26 16:54:05,835 [4a469c34-60df-4173-8d32-715e2ce97f5d@group-5D6BFF16FFC8:LeaderElection94] INFO  impl.RaftServerImpl (ServerState.java:setRaftConf(354)) - 4a469c34-60df-4173-8d32-715e2ce97f5d@group-5D6BFF16FFC8: set configuration 0: [4a469c34-60df-4173-8d32-715e2ce97f5d:192.168.151.99:42442], old=null at 0
2019-09-26 16:54:05,834 [579334d3-7c10-42f4-b10c-e6c2267ece25@group-B6B8FE2B0F73-SegmentedRaftLogWorker] ERROR segmented.SegmentedRaftLogWorker (SegmentedRaftLogWorker.java:run(323)) - 579334d3-7c10-42f4-b10c-e6c2267ece25@group-B6B8FE2B0F73-SegmentedRaftLogWorker hit exception
java.lang.OutOfMemoryError: Direct buffer memory
	at java.nio.Bits.reserveMemory(Bits.java:666)
	at java.nio.DirectByteBuffer.<init>(DirectByteBuffer.java:123)
	at java.nio.ByteBuffer.allocateDirect(ByteBuffer.java:311)
	at org.apache.ratis.server.raftlog.segmented.BufferedWriteChannel.<init>(BufferedWriteChannel.java:41)
	at org.apache.ratis.server.raftlog.segmented.SegmentedRaftLogOutputStream.<init>(SegmentedRaftLogOutputStream.java:72)
	at org.apache.ratis.server.raftlog.segmented.SegmentedRaftLogWorker$StartLogSegment.execute(SegmentedRaftLogWorker.java:566)
	at org.apache.ratis.server.raftlog.segmented.SegmentedRaftLogWorker.run(SegmentedRaftLogWorker.java:289)
	at java.lang.Thread.run(Thread.java:748)
2019-09-26 16:54:05,828 [4a469c34-60df-4173-8d32-715e2ce97f5d@group-D505D210B7C8-SegmentedRaftLogWorker] ERROR segmented.SegmentedRaftLogWorker (SegmentedRaftLogWorker.java:run(323)) - 4a469c34-60df-4173-8d32-715e2ce97f5d@group-D505D210B7C8-SegmentedRaftLogWorker hit exception
java.lang.OutOfMemoryError: Direct buffer memory
	at java.nio.Bits.reserveMemory(Bits.java:666)
	at java.nio.DirectByteBuffer.<init>(DirectByteBuffer.java:123)
	at java.nio.ByteBuffer.allocateDirect(ByteBuffer.java:311)
	at org.apache.ratis.server.raftlog.segmented.BufferedWriteChannel.<init>(BufferedWriteChannel.java:41)
	at org.apache.ratis.server.raftlog.segmented.SegmentedRaftLogOutputStream.<init>(SegmentedRaftLogOutputStream.java:72)
	at org.apache.ratis.server.raftlog.segmented.SegmentedRaftLogWorker$StartLogSegment.execute(SegmentedRaftLogWorker.java:566)
	at org.apache.ratis.server.raftlog.segmented.SegmentedRaftLogWorker.run(SegmentedRaftLogWorker.java:289)
	at java.lang.Thread.run(Thread.java:748)
2019-09-26 16:54:06,058 [4a469c34-60df-4173-8d32-715e2ce97f5d@group-D505D210B7C8-SegmentedRaftLogWorker] INFO  impl.RaftServerImpl (RaftServerImpl.java:lambda$shutdown$3(251)) - 4a469c34-60df-4173-8d32-715e2ce97f5d@group-D505D210B7C8: shutdown
2019-09-26 16:54:05,568 [Thread-711] INFO  impl.RoleInfo (RoleInfo.java:updateAndGet(143)) - 5160ea40-cc48-41a9-a1d1-1151a36e77d8: start LeaderElection
2019-09-26 16:54:05,560 [7fda706b-4e23-4e10-baba-12810c05fbbb@group-6E23EBD9EBC2:LeaderElection91] INFO  segmented.SegmentedRaftLogWorker (SegmentedRaftLogWorker.java:startLogSegment(380)) - 7fda706b-4e23-4e10-baba-12810c05fbbb@group-6E23EBD9EBC2-SegmentedRaftLogWorker: Starting segment from index:0
2019-09-26 16:54:05,560 [862ec94c-cd2d-47b3-b563-7d6c2816cb58@group-B5732A1D60A2:LeaderElection92] INFO  segmented.SegmentedRaftLogWorker (SegmentedRaftLogWorker.java:startLogSegment(380)) - 862ec94c-cd2d-47b3-b563-7d6c2816cb58@group-B5732A1D60A2-SegmentedRaftLogWorker: Starting segment from index:0
2019-09-26 16:54:05,556 [579334d3-7c10-42f4-b10c-e6c2267ece25@group-C56D2282E793-SegmentedRaftLogWorker] INFO  impl.RaftServerImpl (RaftServerImpl.java:lambda$shutdown$3(251)) - 579334d3-7c10-42f4-b10c-e6c2267ece25@group-C56D2282E793: shutdown
2019-09-26 16:54:05,552 [862ec94c-cd2d-47b3-b563-7d6c2816cb58@group-40BFE342F714-SegmentedRaftLogWorker] ERROR segmented.SegmentedRaftLogWorker (SegmentedRaftLogWorker.java:run(323)) - 862ec94c-cd2d-47b3-b563-7d6c2816cb58@group-40BFE342F714-SegmentedRaftLogWorker hit exception
java.lang.OutOfMemoryError: Direct buffer memory
	at java.nio.Bits.reserveMemory(Bits.java:666)
	at java.nio.DirectByteBuffer.<init>(DirectByteBuffer.java:123)
	at java.nio.ByteBuffer.allocateDirect(ByteBuffer.java:311)
	at org.apache.ratis.server.raftlog.segmented.BufferedWriteChannel.<init>(BufferedWriteChannel.java:41)
	at org.apache.ratis.server.raftlog.segmented.SegmentedRaftLogOutputStream.<init>(SegmentedRaftLogOutputStream.java:72)
	at org.apache.ratis.server.raftlog.segmented.SegmentedRaftLogWorker$StartLogSegment.execute(SegmentedRaftLogWorker.java:566)
	at org.apache.ratis.server.raftlog.segmented.SegmentedRaftLogWorker.run(SegmentedRaftLogWorker.java:289)
	at java.lang.Thread.run(Thread.java:748)
2019-09-26 16:54:05,552 [862ec94c-cd2d-47b3-b563-7d6c2816cb58@group-9787CA851A74-SegmentedRaftLogWorker] ERROR segmented.SegmentedRaftLogWorker (SegmentedRaftLogWorker.java:run(323)) - 862ec94c-cd2d-47b3-b563-7d6c2816cb58@group-9787CA851A74-SegmentedRaftLogWorker hit exception
java.lang.OutOfMemoryError: Direct buffer memory
	at java.nio.Bits.reserveMemory(Bits.java:666)
	at java.nio.DirectByteBuffer.<init>(DirectByteBuffer.java:123)
	at java.nio.ByteBuffer.allocateDirect(ByteBuffer.java:311)
	at org.apache.ratis.server.raftlog.segmented.BufferedWriteChannel.<init>(BufferedWriteChannel.java:41)
	at org.apache.ratis.server.raftlog.segmented.SegmentedRaftLogOutputStream.<init>(SegmentedRaftLogOutputStream.java:72)
	at org.apache.ratis.server.raftlog.segmented.SegmentedRaftLogWorker$StartLogSegment.execute(SegmentedRaftLogWorker.java:566)
	at org.apache.ratis.server.raftlog.segmented.SegmentedRaftLogWorker.run(SegmentedRaftLogWorker.java:289)
	at java.lang.Thread.run(Thread.java:748)
2019-09-26 16:54:05,346 [5160ea40-cc48-41a9-a1d1-1151a36e77d8@group-D0054841AFC1:LeaderElection71] INFO  impl.RaftServerImpl (ServerState.java:setRaftConf(354)) - 5160ea40-cc48-41a9-a1d1-1151a36e77d8@group-D0054841AFC1: set configuration 0: [5160ea40-cc48-41a9-a1d1-1151a36e77d8:192.168.151.99:45356], old=null at 0
2019-09-26 16:54:05,346 [deac9605-e739-4d95-8360-f57df793faca@group-F2FE724336A6-SegmentedRaftLogWorker] INFO  impl.RaftServerImpl (RaftServerImpl.java:lambda$shutdown$3(251)) - deac9605-e739-4d95-8360-f57df793faca@group-F2FE724336A6: shutdown
2019-09-26 16:54:05,345 [4a469c34-60df-4173-8d32-715e2ce97f5d@group-E5385069730C-SegmentedRaftLogWorker] ERROR segmented.SegmentedRaftLogWorker (SegmentedRaftLogWorker.java:run(323)) - 4a469c34-60df-4173-8d32-715e2ce97f5d@group-E5385069730C-SegmentedRaftLogWorker hit exception
java.lang.OutOfMemoryError: Direct buffer memory
	at java.nio.Bits.reserveMemory(Bits.java:666)
	at java.nio.DirectByteBuffer.<init>(DirectByteBuffer.java:123)
	at java.nio.ByteBuffer.allocateDirect(ByteBuffer.java:311)
	at org.apache.ratis.server.raftlog.segmented.BufferedWriteChannel.<init>(BufferedWriteChannel.java:41)
	at org.apache.ratis.server.raftlog.segmented.SegmentedRaftLogOutputStream.<init>(SegmentedRaftLogOutputStream.java:72)
	at org.apache.ratis.server.raftlog.segmented.SegmentedRaftLogWorker$StartLogSegment.execute(SegmentedRaftLogWorker.java:566)
	at org.apache.ratis.server.raftlog.segmented.SegmentedRaftLogWorker.run(SegmentedRaftLogWorker.java:289)
	at java.lang.Thread.run(Thread.java:748)
2019-09-26 16:54:05,109 [7fda706b-4e23-4e10-baba-12810c05fbbb@group-E1BD43987033:LeaderElection77] INFO  impl.RaftServerImpl (ServerState.java:setRaftConf(354)) - 7fda706b-4e23-4e10-baba-12810c05fbbb@group-E1BD43987033: set configuration 0: [7fda706b-4e23-4e10-baba-12810c05fbbb:192.168.151.99:32897], old=null at 0
2019-09-26 16:54:05,109 [5160ea40-cc48-41a9-a1d1-1151a36e77d8@group-CAAA41AA227D:LeaderElection95] INFO  segmented.SegmentedRaftLogWorker (SegmentedRaftLogWorker.java:startLogSegment(380)) - 5160ea40-cc48-41a9-a1d1-1151a36e77d8@group-CAAA41AA227D-SegmentedRaftLogWorker: Starting segment from index:0
2019-09-26 16:54:05,108 [7fda706b-4e23-4e10-baba-12810c05fbbb@group-4FDFC239BA02:LeaderElection104] INFO  impl.RaftServerImpl (ServerState.java:setLeader(253)) - 7fda706b-4e23-4e10-baba-12810c05fbbb@group-4FDFC239BA02: change Leader from null to 7fda706b-4e23-4e10-baba-12810c05fbbb at term 1 for becomeLeader, leader elected after 8298ms
2019-09-26 16:54:05,108 [4a469c34-60df-4173-8d32-715e2ce97f5d@group-A7BE3457B0E0:LeaderElection105] INFO  impl.RaftServerImpl (ServerState.java:setLeader(253)) - 4a469c34-60df-4173-8d32-715e2ce97f5d@group-A7BE3457B0E0: change Leader from null to 4a469c34-60df-4173-8d32-715e2ce97f5d at term 1 for becomeLeader, leader elected after 8360ms
2019-09-26 16:54:05,107 [5160ea40-cc48-41a9-a1d1-1151a36e77d8@group-51C7E0DD59E4-SegmentedRaftLogWorker] INFO  impl.RaftServerImpl (RaftServerImpl.java:lambda$shutdown$3(251)) - 5160ea40-cc48-41a9-a1d1-1151a36e77d8@group-51C7E0DD59E4: shutdown
2019-09-26 16:54:05,107 [579334d3-7c10-42f4-b10c-e6c2267ece25@group-C91694E883F7:LeaderElection75] INFO  impl.RaftServerImpl (ServerState.java:setRaftConf(354)) - 579334d3-7c10-42f4-b10c-e6c2267ece25@group-C91694E883F7: set configuration 0: [579334d3-7c10-42f4-b10c-e6c2267ece25:192.168.151.99:34131], old=null at 0
2019-09-26 16:54:04,886 [deac9605-e739-4d95-8360-f57df793faca@group-0BC6163609F7-SegmentedRaftLogWorker] INFO  impl.RaftServerImpl (RaftServerImpl.java:lambda$shutdown$3(251)) - deac9605-e739-4d95-8360-f57df793faca@group-0BC6163609F7: shutdown
2019-09-26 16:54:04,886 [862ec94c-cd2d-47b3-b563-7d6c2816cb58@group-17D412075A1C:LeaderElection97] INFO  segmented.SegmentedRaftLogWorker (SegmentedRaftLogWorker.java:startLogSegment(380)) - 862ec94c-cd2d-47b3-b563-7d6c2816cb58@group-17D412075A1C-SegmentedRaftLogWorker: Starting segment from index:0
2019-09-26 16:54:04,886 [deac9605-e739-4d95-8360-f57df793faca@group-BB5BC36C6AF2:LeaderElection96] INFO  segmented.SegmentedRaftLogWorker (SegmentedRaftLogWorker.java:startLogSegment(380)) - deac9605-e739-4d95-8360-f57df793faca@group-BB5BC36C6AF2-SegmentedRaftLogWorker: Starting segment from index:0
2019-09-26 16:54:04,886 [579334d3-7c10-42f4-b10c-e6c2267ece25@group-D563116573F6:LeaderElection108] INFO  impl.RaftServerImpl (RaftServerImpl.java:setRole(174)) - 579334d3-7c10-42f4-b10c-e6c2267ece25@group-D563116573F6: changes role from CANDIDATE to LEADER at term 1 for changeToLeader
2019-09-26 16:54:04,885 [Thread-442] INFO  impl.RoleInfo (RoleInfo.java:updateAndGet(143)) - 5160ea40-cc48-41a9-a1d1-1151a36e77d8: start LeaderElection
2019-09-26 16:54:04,885 [4a469c34-60df-4173-8d32-715e2ce97f5d@group-B46AEE984DDF-SegmentedRaftLogWorker] INFO  util.JmxRegister (JmxRegister.java:unregister(73)) - Successfully un-registered JMX Bean with object name Ratis:service=RaftServer,group=group-B46AEE984DDF,id=4a469c34-60df-4173-8d32-715e2ce97f5d
2019-09-26 16:54:04,884 [Thread-439] INFO  impl.RaftServerImpl (RaftServerImpl.java:setRole(174)) - d17cca1b-2e6b-48b2-8b1c-3559490fa529@group-F1CC7F31322C: changes role from  FOLLOWER to CANDIDATE at term 0 for changeToCandidate
2019-09-26 16:54:04,884 [Thread-436] INFO  impl.RoleInfo (RoleInfo.java:updateAndGet(143)) - 7fda706b-4e23-4e10-baba-12810c05fbbb: start LeaderElection
2019-09-26 16:54:04,884 [5160ea40-cc48-41a9-a1d1-1151a36e77d8@group-5CF5DB96C063:LeaderElection117] INFO  impl.LeaderElection (LeaderElection.java:askForVotes(182)) - 5160ea40-cc48-41a9-a1d1-1151a36e77d8@group-5CF5DB96C063:LeaderElection117: begin an election at term 1 for -1: [5160ea40-cc48-41a9-a1d1-1151a36e77d8:192.168.151.99:45356], old=null
2019-09-26 16:54:04,883 [d17cca1b-2e6b-48b2-8b1c-3559490fa529@group-0167F4A9536E-SegmentedRaftLogWorker] ERROR segmented.SegmentedRaftLogWorker (SegmentedRaftLogWorker.java:run(323)) - d17cca1b-2e6b-48b2-8b1c-3559490fa529@group-0167F4A9536E-SegmentedRaftLogWorker hit exception
java.lang.OutOfMemoryError: Direct buffer memory
	at java.nio.Bits.reserveMemory(Bits.java:666)
	at java.nio.DirectByteBuffer.<init>(DirectByteBuffer.java:123)
	at java.nio.ByteBuffer.allocateDirect(ByteBuffer.java:311)
	at org.apache.ratis.server.raftlog.segmented.BufferedWriteChannel.<init>(BufferedWriteChannel.java:41)
	at org.apache.ratis.server.raftlog.segmented.SegmentedRaftLogOutputStream.<init>(SegmentedRaftLogOutputStream.java:72)
	at org.apache.ratis.server.raftlog.segmented.SegmentedRaftLogWorker$StartLogSegment.execute(SegmentedRaftLogWorker.java:566)
	at org.apache.ratis.server.raftlog.segmented.SegmentedRaftLogWorker.run(SegmentedRaftLogWorker.java:289)
	at java.lang.Thread.run(Thread.java:748)
2019-09-26 16:54:04,883 [5160ea40-cc48-41a9-a1d1-1151a36e77d8@group-CF883E79110B-SegmentedRaftLogWorker] ERROR segmented.SegmentedRaftLogWorker (SegmentedRaftLogWorker.java:run(323)) - 5160ea40-cc48-41a9-a1d1-1151a36e77d8@group-CF883E79110B-SegmentedRaftLogWorker hit exception
java.lang.OutOfMemoryError: Direct buffer memory
	at java.nio.Bits.reserveMemory(Bits.java:666)
	at java.nio.DirectByteBuffer.<init>(DirectByteBuffer.java:123)
	at java.nio.ByteBuffer.allocateDirect(ByteBuffer.java:311)
	at org.apache.ratis.server.raftlog.segmented.BufferedWriteChannel.<init>(BufferedWriteChannel.java:41)
	at org.apache.ratis.server.raftlog.segmented.SegmentedRaftLogOutputStream.<init>(SegmentedRaftLogOutputStream.java:72)
	at org.apache.ratis.server.raftlog.segmented.SegmentedRaftLogWorker$StartLogSegment.execute(SegmentedRaftLogWorker.java:566)
	at org.apache.ratis.server.raftlog.segmented.SegmentedRaftLogWorker.run(SegmentedRaftLogWorker.java:289)
	at java.lang.Thread.run(Thread.java:748)
2019-09-26 16:54:07,121 [5160ea40-cc48-41a9-a1d1-1151a36e77d8@group-CF883E79110B-SegmentedRaftLogWorker] INFO  impl.RaftServerImpl (RaftServerImpl.java:lambda$shutdown$3(251)) - 5160ea40-cc48-41a9-a1d1-1151a36e77d8@group-CF883E79110B: shutdown
2019-09-26 16:54:04,644 [pool-87-thread-1] INFO  server.RaftServerConfigKeys (ConfUtils.java:logGet(43)) - raft.server.log.queue.element-limit = 1024 (custom)
2019-09-26 16:54:04,644 [7fda706b-4e23-4e10-baba-12810c05fbbb@group-E1C050BD5AE3:LeaderElection100] INFO  segmented.SegmentedRaftLogWorker (SegmentedRaftLogWorker.java:startLogSegment(380)) - 7fda706b-4e23-4e10-baba-12810c05fbbb@group-E1C050BD5AE3-SegmentedRaftLogWorker: Starting segment from index:0
2019-09-26 16:54:04,644 [5160ea40-cc48-41a9-a1d1-1151a36e77d8@group-786C9481136A:LeaderElection73] INFO  impl.RaftServerImpl (ServerState.java:setRaftConf(354)) - 5160ea40-cc48-41a9-a1d1-1151a36e77d8@group-786C9481136A: set configuration 0: [5160ea40-cc48-41a9-a1d1-1151a36e77d8:192.168.151.99:45356], old=null at 0
2019-09-26 16:54:04,644 [7fda706b-4e23-4e10-baba-12810c05fbbb@group-BEF95ECFF1BD:LeaderElection99] INFO  segmented.SegmentedRaftLogWorker (SegmentedRaftLogWorker.java:startLogSegment(380)) - 7fda706b-4e23-4e10-baba-12810c05fbbb@group-BEF95ECFF1BD-SegmentedRaftLogWorker: Starting segment from index:0
2019-09-26 16:54:04,643 [Thread-739] INFO  impl.RoleInfo (RoleInfo.java:updateAndGet(143)) - 4a469c34-60df-4173-8d32-715e2ce97f5d: start LeaderElection
2019-09-26 16:54:04,643 [Thread-744] INFO  impl.RoleInfo (RoleInfo.java:updateAndGet(143)) - 4a469c34-60df-4173-8d32-715e2ce97f5d: start LeaderElection
2019-09-26 16:54:04,643 [Thread-729] INFO  impl.RoleInfo (RoleInfo.java:updateAndGet(143)) - 862ec94c-cd2d-47b3-b563-7d6c2816cb58: start LeaderElection
2019-09-26 16:54:04,643 [5160ea40-cc48-41a9-a1d1-1151a36e77d8@group-9D0474B365D3-SegmentedRaftLogWorker] INFO  impl.StateMachineUpdater (StateMachineUpdater.java:stopAndJoin(125)) - 5160ea40-cc48-41a9-a1d1-1151a36e77d8@group-9D0474B365D3-StateMachineUpdater: set stopIndex = -1
2019-09-26 16:54:04,642 [d17cca1b-2e6b-48b2-8b1c-3559490fa529@group-5C044592C986:LeaderElection115] INFO  impl.RoleInfo (RoleInfo.java:shutdownLeaderElection(134)) - d17cca1b-2e6b-48b2-8b1c-3559490fa529: shutdown LeaderElection
2019-09-26 16:54:04,642 [d17cca1b-2e6b-48b2-8b1c-3559490fa529@group-0D035646D911:LeaderElection112] INFO  impl.RoleInfo (RoleInfo.java:shutdownLeaderElection(134)) - d17cca1b-2e6b-48b2-8b1c-3559490fa529: shutdown LeaderElection
2019-09-26 16:54:04,642 [d17cca1b-2e6b-48b2-8b1c-3559490fa529@group-5A43D4DE6CA1:LeaderElection114] INFO  impl.RoleInfo (RoleInfo.java:shutdownLeaderElection(134)) - d17cca1b-2e6b-48b2-8b1c-3559490fa529: shutdown LeaderElection
2019-09-26 16:54:04,642 [4a469c34-60df-4173-8d32-715e2ce97f5d@group-7AF6AB2F6015:LeaderElection113] INFO  impl.RoleInfo (RoleInfo.java:shutdownLeaderElection(134)) - 4a469c34-60df-4173-8d32-715e2ce97f5d: shutdown LeaderElection
2019-09-26 16:54:04,641 [5160ea40-cc48-41a9-a1d1-1151a36e77d8@group-C36002BBBA8D:LeaderElection106] INFO  server.RaftServerConfigKeys (ConfUtils.java:logGet(43)) - raft.server.staging.catchup.gap = 1000 (default)
2019-09-26 16:54:07,520 [5160ea40-cc48-41a9-a1d1-1151a36e77d8@group-C36002BBBA8D:LeaderElection106] INFO  server.RaftServerConfigKeys (ConfUtils.java:logGet(43)) - raft.server.rpc.sleep.time = 25ms (default)
2019-09-26 16:54:04,641 [579334d3-7c10-42f4-b10c-e6c2267ece25@group-972B7DA5E6F5:LeaderElection111] INFO  impl.RoleInfo (RoleInfo.java:shutdownLeaderElection(134)) - 579334d3-7c10-42f4-b10c-e6c2267ece25: shutdown LeaderElection
2019-09-26 16:54:04,641 [RatisPipelineUtilsThread] ERROR pipeline.SCMPipelineManager (SCMPipelineManager.java:createPipeline(167)) - Pipeline creation failed.
java.io.IOException: Failed invoke Ratis rpc org.apache.hadoop.hdds.scm.pipeline.RatisPipelineProvider$$Lambda$183/1147569895@7f864a6e for 4a469c34-60df-4173-8d32-715e2ce97f5d
	at org.apache.hadoop.hdds.scm.pipeline.RatisPipelineProvider.lambda$null$2(RatisPipelineProvider.java:176)
	at java.util.stream.ForEachOps$ForEachOp$OfRef.accept(ForEachOps.java:184)
	at java.util.ArrayList$ArrayListSpliterator.forEachRemaining(ArrayList.java:1382)
	at java.util.stream.AbstractPipeline.copyInto(AbstractPipeline.java:482)
	at java.util.stream.ForEachOps$ForEachTask.compute(ForEachOps.java:291)
	at java.util.concurrent.CountedCompleter.exec(CountedCompleter.java:731)
	at java.util.concurrent.ForkJoinTask.doExec(ForkJoinTask.java:289)
	at java.util.concurrent.ForkJoinTask.doInvoke(ForkJoinTask.java:401)
	at java.util.concurrent.ForkJoinTask.invoke(ForkJoinTask.java:734)
	at java.util.stream.ForEachOps$ForEachOp.evaluateParallel(ForEachOps.java:160)
	at java.util.stream.ForEachOps$ForEachOp$OfRef.evaluateParallel(ForEachOps.java:174)
	at java.util.stream.AbstractPipeline.evaluate(AbstractPipeline.java:233)
	at java.util.stream.ReferencePipeline.forEach(ReferencePipeline.java:418)
	at java.util.stream.ReferencePipeline$Head.forEach(ReferencePipeline.java:583)
	at org.apache.hadoop.hdds.scm.pipeline.RatisPipelineProvider.lambda$callRatisRpc$3(RatisPipelineProvider.java:165)
	at java.util.concurrent.ForkJoinTask$AdaptedRunnableAction.exec(ForkJoinTask.java:1386)
	at java.util.concurrent.ForkJoinTask.doExec(ForkJoinTask.java:289)
	at java.util.concurrent.ForkJoinPool$WorkQueue.runTask(ForkJoinPool.java:1056)
	at java.util.concurrent.ForkJoinPool.runWorker(ForkJoinPool.java:1692)
	at java.util.concurrent.ForkJoinWorkerThread.run(ForkJoinWorkerThread.java:157)
Caused by: org.apache.ratis.protocol.TimeoutIOException: deadline exceeded after 2999716526ns
	at org.apache.ratis.grpc.GrpcUtil.tryUnwrapException(GrpcUtil.java:82)
	at org.apache.ratis.grpc.GrpcUtil.unwrapException(GrpcUtil.java:75)
	at org.apache.ratis.grpc.client.GrpcClientProtocolClient.blockingCall(GrpcClientProtocolClient.java:178)
	at org.apache.ratis.grpc.client.GrpcClientProtocolClient.groupAdd(GrpcClientProtocolClient.java:147)
	at org.apache.ratis.grpc.client.GrpcClientRpc.sendRequest(GrpcClientRpc.java:94)
	at org.apache.ratis.client.impl.RaftClientImpl.sendRequest(RaftClientImpl.java:278)
	at org.apache.ratis.client.impl.RaftClientImpl.groupAdd(RaftClientImpl.java:205)
	at org.apache.hadoop.hdds.scm.pipeline.RatisPipelineProvider.lambda$initializePipeline$1(RatisPipelineProvider.java:136)
	at org.apache.hadoop.hdds.scm.pipeline.RatisPipelineProvider.lambda$null$2(RatisPipelineProvider.java:171)
	... 19 more
Caused by: org.apache.ratis.thirdparty.io.grpc.StatusRuntimeException: DEADLINE_EXCEEDED: deadline exceeded after 2999716526ns
	at org.apache.ratis.thirdparty.io.grpc.stub.ClientCalls.toStatusRuntimeException(ClientCalls.java:233)
	at org.apache.ratis.thirdparty.io.grpc.stub.ClientCalls.getUnchecked(ClientCalls.java:214)
	at org.apache.ratis.thirdparty.io.grpc.stub.ClientCalls.blockingUnaryCall(ClientCalls.java:139)
	at org.apache.ratis.proto.grpc.AdminProtocolServiceGrpc$AdminProtocolServiceBlockingStub.groupManagement(AdminProtocolServiceGrpc.java:274)
	at org.apache.ratis.grpc.client.GrpcClientProtocolClient.lambda$groupAdd$3(GrpcClientProtocolClient.java:149)
	at org.apache.ratis.grpc.client.GrpcClientProtocolClient.blockingCall(GrpcClientProtocolClient.java:176)
	... 25 more
2019-09-26 16:54:04,636 [4a469c34-60df-4173-8d32-715e2ce97f5d@group-F6117F20253A:LeaderElection98] INFO  impl.RoleInfo (RoleInfo.java:updateAndGet(143)) - 4a469c34-60df-4173-8d32-715e2ce97f5d: start LeaderState
2019-09-26 16:54:04,636 [579334d3-7c10-42f4-b10c-e6c2267ece25@group-0B8F6A17CAB6:LeaderElection103] INFO  server.RaftServerConfigKeys (ConfUtils.java:logGet(43)) - raft.server.rpc.sleep.time = 25ms (default)
2019-09-26 16:54:04,636 [deac9605-e739-4d95-8360-f57df793faca@group-D1DC469F0812-SegmentedRaftLogWorker] INFO  util.JmxRegister (JmxRegister.java:unregister(73)) - Successfully un-registered JMX Bean with object name Ratis:service=RaftServer,group=group-D1DC469F0812,id=deac9605-e739-4d95-8360-f57df793faca
2019-09-26 16:54:04,636 [d17cca1b-2e6b-48b2-8b1c-3559490fa529@group-9F1614D968BA:LeaderElection107] INFO  impl.RaftServerImpl (RaftServerImpl.java:setRole(174)) - d17cca1b-2e6b-48b2-8b1c-3559490fa529@group-9F1614D968BA: changes role from CANDIDATE to LEADER at term 1 for changeToLeader
2019-09-26 16:54:04,635 [7fda706b-4e23-4e10-baba-12810c05fbbb@group-B2C475E91245:LeaderElection109] INFO  impl.LeaderElection (LeaderElection.java:askForVotes(182)) - 7fda706b-4e23-4e10-baba-12810c05fbbb@group-B2C475E91245:LeaderElection109: begin an election at term 1 for -1: [7fda706b-4e23-4e10-baba-12810c05fbbb:192.168.151.99:32897], old=null
2019-09-26 16:54:04,444 [5160ea40-cc48-41a9-a1d1-1151a36e77d8@group-802909185AE8:LeaderElection87] INFO  impl.RaftServerImpl (ServerState.java:setRaftConf(354)) - 5160ea40-cc48-41a9-a1d1-1151a36e77d8@group-802909185AE8: set configuration 0: [5160ea40-cc48-41a9-a1d1-1151a36e77d8:192.168.151.99:45356], old=null at 0
2019-09-26 16:54:04,444 [862ec94c-cd2d-47b3-b563-7d6c2816cb58@group-C38715E9C60B:LeaderElection101] INFO  server.RaftServerConfigKeys (ConfUtils.java:logGet(43)) - raft.server.write.element-limit = 4096 (default)
2019-09-26 16:54:04,443 [862ec94c-cd2d-47b3-b563-7d6c2816cb58@group-42BFB3A1B838:LeaderElection102] INFO  server.RaftServerConfigKeys (ConfUtils.java:logGet(43)) - raft.server.write.element-limit = 4096 (default)
2019-09-26 16:54:04,443 [4a469c34-60df-4173-8d32-715e2ce97f5d@group-8454D3131D9D:LeaderElection110] INFO  impl.RoleInfo (RoleInfo.java:shutdownLeaderElection(134)) - 4a469c34-60df-4173-8d32-715e2ce97f5d: shutdown LeaderElection
2019-09-26 16:54:07,534 [862ec94c-cd2d-47b3-b563-7d6c2816cb58@group-42BFB3A1B838:LeaderElection102] INFO  server.RaftServerConfigKeys (ConfUtils.java:logGet(43)) - raft.server.watch.timeout = 10s (default)
2019-09-26 16:54:07,534 [862ec94c-cd2d-47b3-b563-7d6c2816cb58@group-26B889F3603E:LeaderElection118] INFO  impl.LeaderElection (LeaderElection.java:askForVotes(182)) - 862ec94c-cd2d-47b3-b563-7d6c2816cb58@group-26B889F3603E:LeaderElection118: begin an election at term 1 for -1: [862ec94c-cd2d-47b3-b563-7d6c2816cb58:192.168.151.99:36916], old=null
2019-09-26 16:54:07,534 [4a469c34-60df-4173-8d32-715e2ce97f5d@group-528B81068606:LeaderElection120] INFO  impl.LeaderElection (LeaderElection.java:askForVotes(182)) - 4a469c34-60df-4173-8d32-715e2ce97f5d@group-528B81068606:LeaderElection120: begin an election at term 1 for -1: [4a469c34-60df-4173-8d32-715e2ce97f5d:192.168.151.99:42442], old=null
2019-09-26 16:54:07,534 [4a469c34-60df-4173-8d32-715e2ce97f5d@group-192151A5EAFE:LeaderElection119] INFO  impl.LeaderElection (LeaderElection.java:askForVotes(182)) - 4a469c34-60df-4173-8d32-715e2ce97f5d@group-192151A5EAFE:LeaderElection119: begin an election at term 1 for -1: [4a469c34-60df-4173-8d32-715e2ce97f5d:192.168.151.99:42442], old=null
2019-09-26 16:54:07,529 [862ec94c-cd2d-47b3-b563-7d6c2816cb58@group-C38715E9C60B:LeaderElection101] INFO  server.RaftServerConfigKeys (ConfUtils.java:logGet(43)) - raft.server.watch.timeout = 10s (default)
2019-09-26 16:54:07,534 [7fda706b-4e23-4e10-baba-12810c05fbbb@group-D4838260B295:LeaderElection121] INFO  impl.LeaderElection (LeaderElection.java:askForVotes(182)) - 7fda706b-4e23-4e10-baba-12810c05fbbb@group-D4838260B295:LeaderElection121: begin an election at term 1 for -1: [7fda706b-4e23-4e10-baba-12810c05fbbb:192.168.151.99:32897], old=null
2019-09-26 16:54:07,528 [7fda706b-4e23-4e10-baba-12810c05fbbb@group-B2C475E91245:LeaderElection109] INFO  impl.RoleInfo (RoleInfo.java:shutdownLeaderElection(134)) - 7fda706b-4e23-4e10-baba-12810c05fbbb: shutdown LeaderElection
2019-09-26 16:54:07,528 [d17cca1b-2e6b-48b2-8b1c-3559490fa529@group-9F1614D968BA:LeaderElection107] INFO  impl.RaftServerImpl (ServerState.java:setLeader(253)) - d17cca1b-2e6b-48b2-8b1c-3559490fa529@group-9F1614D968BA: change Leader from null to d17cca1b-2e6b-48b2-8b1c-3559490fa529 at term 1 for becomeLeader, leader elected after 10482ms
2019-09-26 16:54:07,528 [deac9605-e739-4d95-8360-f57df793faca@group-D1DC469F0812-SegmentedRaftLogWorker] INFO  impl.RoleInfo (RoleInfo.java:shutdownLeaderState(104)) - deac9605-e739-4d95-8360-f57df793faca: shutdown LeaderState
2019-09-26 16:54:07,528 [579334d3-7c10-42f4-b10c-e6c2267ece25@group-0B8F6A17CAB6:LeaderElection103] INFO  server.RaftServerConfigKeys (ConfUtils.java:logGet(43)) - raft.server.write.element-limit = 4096 (default)
2019-09-26 16:54:07,528 [4a469c34-60df-4173-8d32-715e2ce97f5d@group-F6117F20253A:LeaderElection98] INFO  segmented.SegmentedRaftLogWorker (SegmentedRaftLogWorker.java:startLogSegment(380)) - 4a469c34-60df-4173-8d32-715e2ce97f5d@group-F6117F20253A-SegmentedRaftLogWorker: Starting segment from index:0
2019-09-26 16:54:07,521 [579334d3-7c10-42f4-b10c-e6c2267ece25@group-972B7DA5E6F5:LeaderElection111] INFO  impl.RaftServerImpl (RaftServerImpl.java:setRole(174)) - 579334d3-7c10-42f4-b10c-e6c2267ece25@group-972B7DA5E6F5: changes role from CANDIDATE to LEADER at term 1 for changeToLeader
2019-09-26 16:54:07,521 [5160ea40-cc48-41a9-a1d1-1151a36e77d8@group-C36002BBBA8D:LeaderElection106] INFO  server.RaftServerConfigKeys (ConfUtils.java:logGet(43)) - raft.server.write.element-limit = 4096 (default)
2019-09-26 16:54:07,520 [4a469c34-60df-4173-8d32-715e2ce97f5d@group-7AF6AB2F6015:LeaderElection113] INFO  impl.RaftServerImpl (RaftServerImpl.java:setRole(174)) - 4a469c34-60df-4173-8d32-715e2ce97f5d@group-7AF6AB2F6015: changes role from CANDIDATE to LEADER at term 1 for changeToLeader
2019-09-26 16:54:07,520 [d17cca1b-2e6b-48b2-8b1c-3559490fa529@group-5A43D4DE6CA1:LeaderElection114] INFO  impl.RaftServerImpl (RaftServerImpl.java:setRole(174)) - d17cca1b-2e6b-48b2-8b1c-3559490fa529@group-5A43D4DE6CA1: changes role from CANDIDATE to LEADER at term 1 for changeToLeader
2019-09-26 16:54:07,520 [d17cca1b-2e6b-48b2-8b1c-3559490fa529@group-0D035646D911:LeaderElection112] INFO  impl.RaftServerImpl (RaftServerImpl.java:setRole(174)) - d17cca1b-2e6b-48b2-8b1c-3559490fa529@group-0D035646D911: changes role from CANDIDATE to LEADER at term 1 for changeToLeader
2019-09-26 16:54:07,520 [d17cca1b-2e6b-48b2-8b1c-3559490fa529@group-5C044592C986:LeaderElection115] INFO  impl.RaftServerImpl (RaftServerImpl.java:setRole(174)) - d17cca1b-2e6b-48b2-8b1c-3559490fa529@group-5C044592C986: changes role from CANDIDATE to LEADER at term 1 for changeToLeader
2019-09-26 16:54:07,519 [5160ea40-cc48-41a9-a1d1-1151a36e77d8@group-9D0474B365D3-SegmentedRaftLogWorker] INFO  impl.RaftServerImpl (ServerState.java:close(385)) - 5160ea40-cc48-41a9-a1d1-1151a36e77d8@group-9D0474B365D3: closes. applyIndex: -1
2019-09-26 16:54:07,519 [5160ea40-cc48-41a9-a1d1-1151a36e77d8@group-1E272E071DE3:LeaderElection122] INFO  impl.LeaderElection (LeaderElection.java:askForVotes(182)) - 5160ea40-cc48-41a9-a1d1-1151a36e77d8@group-1E272E071DE3:LeaderElection122: begin an election at term 1 for -1: [5160ea40-cc48-41a9-a1d1-1151a36e77d8:192.168.151.99:45356], old=null
2019-09-26 16:54:07,330 [7fda706b-4e23-4e10-baba-12810c05fbbb@group-BEF95ECFF1BD:LeaderElection99] INFO  impl.RaftServerImpl (ServerState.java:setRaftConf(354)) - 7fda706b-4e23-4e10-baba-12810c05fbbb@group-BEF95ECFF1BD: set configuration 0: [7fda706b-4e23-4e10-baba-12810c05fbbb:192.168.151.99:32897], old=null at 0
2019-09-26 16:54:07,329 [7fda706b-4e23-4e10-baba-12810c05fbbb@group-E1C050BD5AE3:LeaderElection100] INFO  impl.RaftServerImpl (ServerState.java:setRaftConf(354)) - 7fda706b-4e23-4e10-baba-12810c05fbbb@group-E1C050BD5AE3: set configuration 0: [7fda706b-4e23-4e10-baba-12810c05fbbb:192.168.151.99:32897], old=null at 0
2019-09-26 16:54:07,326 [5160ea40-cc48-41a9-a1d1-1151a36e77d8@group-D0054841AFC1-SegmentedRaftLogWorker] ERROR segmented.SegmentedRaftLogWorker (SegmentedRaftLogWorker.java:run(323)) - 5160ea40-cc48-41a9-a1d1-1151a36e77d8@group-D0054841AFC1-SegmentedRaftLogWorker hit exception
java.lang.OutOfMemoryError: Direct buffer memory
	at java.nio.Bits.reserveMemory(Bits.java:666)
	at java.nio.DirectByteBuffer.<init>(DirectByteBuffer.java:123)
	at java.nio.ByteBuffer.allocateDirect(ByteBuffer.java:311)
	at org.apache.ratis.server.raftlog.segmented.BufferedWriteChannel.<init>(BufferedWriteChannel.java:41)
	at org.apache.ratis.server.raftlog.segmented.SegmentedRaftLogOutputStream.<init>(SegmentedRaftLogOutputStream.java:72)
	at org.apache.ratis.server.raftlog.segmented.SegmentedRaftLogWorker$StartLogSegment.execute(SegmentedRaftLogWorker.java:566)
	at org.apache.ratis.server.raftlog.segmented.SegmentedRaftLogWorker.run(SegmentedRaftLogWorker.java:289)
	at java.lang.Thread.run(Thread.java:748)
2019-09-26 16:54:07,326 [7fda706b-4e23-4e10-baba-12810c05fbbb@group-E1BD43987033-SegmentedRaftLogWorker] ERROR segmented.SegmentedRaftLogWorker (SegmentedRaftLogWorker.java:run(323)) - 7fda706b-4e23-4e10-baba-12810c05fbbb@group-E1BD43987033-SegmentedRaftLogWorker hit exception
java.lang.OutOfMemoryError: Direct buffer memory
	at java.nio.Bits.reserveMemory(Bits.java:666)
	at java.nio.DirectByteBuffer.<init>(DirectByteBuffer.java:123)
	at java.nio.ByteBuffer.allocateDirect(ByteBuffer.java:311)
	at org.apache.ratis.server.raftlog.segmented.BufferedWriteChannel.<init>(BufferedWriteChannel.java:41)
	at org.apache.ratis.server.raftlog.segmented.SegmentedRaftLogOutputStream.<init>(SegmentedRaftLogOutputStream.java:72)
	at org.apache.ratis.server.raftlog.segmented.SegmentedRaftLogWorker$StartLogSegment.execute(SegmentedRaftLogWorker.java:566)
	at org.apache.ratis.server.raftlog.segmented.SegmentedRaftLogWorker.run(SegmentedRaftLogWorker.java:289)
	at java.lang.Thread.run(Thread.java:748)
2019-09-26 16:54:07,776 [7fda706b-4e23-4e10-baba-12810c05fbbb@group-E1BD43987033-SegmentedRaftLogWorker] INFO  impl.RaftServerImpl (RaftServerImpl.java:lambda$shutdown$3(251)) - 7fda706b-4e23-4e10-baba-12810c05fbbb@group-E1BD43987033: shutdown
2019-09-26 16:54:07,121 [pool-87-thread-1] INFO  server.RaftServerConfigKeys (ConfUtils.java:logGet(43)) - raft.server.log.segment.size.max = 1048576 (custom)
2019-09-26 16:54:07,121 [5160ea40-cc48-41a9-a1d1-1151a36e77d8@group-CF883E79110B-SegmentedRaftLogWorker] INFO  util.JmxRegister (JmxRegister.java:unregister(73)) - Successfully un-registered JMX Bean with object name Ratis:service=RaftServer,group=group-CF883E79110B,id=5160ea40-cc48-41a9-a1d1-1151a36e77d8
2019-09-26 16:54:07,120 [d17cca1b-2e6b-48b2-8b1c-3559490fa529@group-0167F4A9536E-SegmentedRaftLogWorker] INFO  impl.RaftServerImpl (RaftServerImpl.java:lambda$shutdown$3(251)) - d17cca1b-2e6b-48b2-8b1c-3559490fa529@group-0167F4A9536E: shutdown
2019-09-26 16:54:07,117 [Thread-439] INFO  impl.RoleInfo (RoleInfo.java:updateAndGet(143)) - d17cca1b-2e6b-48b2-8b1c-3559490fa529: start LeaderElection
2019-09-26 16:54:07,777 [d17cca1b-2e6b-48b2-8b1c-3559490fa529@group-0167F4A9536E-SegmentedRaftLogWorker] INFO  util.JmxRegister (JmxRegister.java:unregister(73)) - Successfully un-registered JMX Bean with object name Ratis:service=RaftServer,group=group-0167F4A9536E,id=d17cca1b-2e6b-48b2-8b1c-3559490fa529
2019-09-26 16:54:07,117 [5160ea40-cc48-41a9-a1d1-1151a36e77d8@group-5CF5DB96C063:LeaderElection117] INFO  impl.RoleInfo (RoleInfo.java:shutdownLeaderElection(134)) - 5160ea40-cc48-41a9-a1d1-1151a36e77d8: shutdown LeaderElection
2019-09-26 16:54:06,917 [deac9605-e739-4d95-8360-f57df793faca@group-BB5BC36C6AF2:LeaderElection96] INFO  impl.RaftServerImpl (ServerState.java:setRaftConf(354)) - deac9605-e739-4d95-8360-f57df793faca@group-BB5BC36C6AF2: set configuration 0: [deac9605-e739-4d95-8360-f57df793faca:192.168.151.99:46601], old=null at 0
2019-09-26 16:54:06,917 [4a469c34-60df-4173-8d32-715e2ce97f5d@group-B46AEE984DDF-SegmentedRaftLogWorker] INFO  impl.RoleInfo (RoleInfo.java:shutdownLeaderState(104)) - 4a469c34-60df-4173-8d32-715e2ce97f5d: shutdown LeaderState
2019-09-26 16:54:06,916 [862ec94c-cd2d-47b3-b563-7d6c2816cb58@group-17D412075A1C:LeaderElection97] INFO  impl.RaftServerImpl (ServerState.java:setRaftConf(354)) - 862ec94c-cd2d-47b3-b563-7d6c2816cb58@group-17D412075A1C: set configuration 0: [862ec94c-cd2d-47b3-b563-7d6c2816cb58:192.168.151.99:36916], old=null at 0
2019-09-26 16:54:06,912 [579334d3-7c10-42f4-b10c-e6c2267ece25@group-C91694E883F7-SegmentedRaftLogWorker] ERROR segmented.SegmentedRaftLogWorker (SegmentedRaftLogWorker.java:run(323)) - 579334d3-7c10-42f4-b10c-e6c2267ece25@group-C91694E883F7-SegmentedRaftLogWorker hit exception
java.lang.OutOfMemoryError: Direct buffer memory
	at java.nio.Bits.reserveMemory(Bits.java:666)
	at java.nio.DirectByteBuffer.<init>(DirectByteBuffer.java:123)
	at java.nio.ByteBuffer.allocateDirect(ByteBuffer.java:311)
	at org.apache.ratis.server.raftlog.segmented.BufferedWriteChannel.<init>(BufferedWriteChannel.java:41)
	at org.apache.ratis.server.raftlog.segmented.SegmentedRaftLogOutputStream.<init>(SegmentedRaftLogOutputStream.java:72)
	at org.apache.ratis.server.raftlog.segmented.SegmentedRaftLogWorker$StartLogSegment.execute(SegmentedRaftLogWorker.java:566)
	at org.apache.ratis.server.raftlog.segmented.SegmentedRaftLogWorker.run(SegmentedRaftLogWorker.java:289)
	at java.lang.Thread.run(Thread.java:748)
2019-09-26 16:54:07,778 [579334d3-7c10-42f4-b10c-e6c2267ece25@group-C91694E883F7-SegmentedRaftLogWorker] INFO  impl.RaftServerImpl (RaftServerImpl.java:lambda$shutdown$3(251)) - 579334d3-7c10-42f4-b10c-e6c2267ece25@group-C91694E883F7: shutdown
2019-09-26 16:54:06,679 [579334d3-7c10-42f4-b10c-e6c2267ece25@group-D563116573F6:LeaderElection108] INFO  impl.RaftServerImpl (ServerState.java:setLeader(253)) - 579334d3-7c10-42f4-b10c-e6c2267ece25@group-D563116573F6: change Leader from null to 579334d3-7c10-42f4-b10c-e6c2267ece25 at term 1 for becomeLeader, leader elected after 9724ms
2019-09-26 16:54:06,679 [deac9605-e739-4d95-8360-f57df793faca@group-0BC6163609F7-SegmentedRaftLogWorker] INFO  util.JmxRegister (JmxRegister.java:unregister(73)) - Successfully un-registered JMX Bean with object name Ratis:service=RaftServer,group=group-0BC6163609F7,id=deac9605-e739-4d95-8360-f57df793faca
2019-09-26 16:54:06,679 [5160ea40-cc48-41a9-a1d1-1151a36e77d8@group-617DE8AE92D0:LeaderElection123] INFO  impl.LeaderElection (LeaderElection.java:askForVotes(182)) - 5160ea40-cc48-41a9-a1d1-1151a36e77d8@group-617DE8AE92D0:LeaderElection123: begin an election at term 1 for -1: [5160ea40-cc48-41a9-a1d1-1151a36e77d8:192.168.151.99:45356], old=null
2019-09-26 16:54:06,678 [Thread-827] INFO  impl.FollowerState (FollowerState.java:run(106)) - d17cca1b-2e6b-48b2-8b1c-3559490fa529:group-BA65C6CD63B8 changes to CANDIDATE, lastRpcTime:5171, electionTimeout:5031ms
2019-09-26 16:54:06,675 [Thread-826] INFO  impl.FollowerState (FollowerState.java:run(106)) - 7fda706b-4e23-4e10-baba-12810c05fbbb:group-BA65C6CD63B8 changes to CANDIDATE, lastRpcTime:5170, electionTimeout:5081ms
2019-09-26 16:54:06,672 [Thread-824] INFO  impl.FollowerState (FollowerState.java:run(106)) - 579334d3-7c10-42f4-b10c-e6c2267ece25:group-BA65C6CD63B8 changes to CANDIDATE, lastRpcTime:5171, electionTimeout:5139ms
2019-09-26 16:54:06,484 [5160ea40-cc48-41a9-a1d1-1151a36e77d8@group-51C7E0DD59E4-SegmentedRaftLogWorker] INFO  util.JmxRegister (JmxRegister.java:unregister(73)) - Successfully un-registered JMX Bean with object name Ratis:service=RaftServer,group=group-51C7E0DD59E4,id=5160ea40-cc48-41a9-a1d1-1151a36e77d8
2019-09-26 16:54:06,484 [5160ea40-cc48-41a9-a1d1-1151a36e77d8@group-CAAA41AA227D:LeaderElection95] INFO  impl.RaftServerImpl (ServerState.java:setRaftConf(354)) - 5160ea40-cc48-41a9-a1d1-1151a36e77d8@group-CAAA41AA227D: set configuration 0: [5160ea40-cc48-41a9-a1d1-1151a36e77d8:192.168.151.99:45356], old=null at 0
2019-09-26 16:54:06,484 [4a469c34-60df-4173-8d32-715e2ce97f5d@group-A7BE3457B0E0:LeaderElection105] INFO  server.RaftServerConfigKeys (ConfUtils.java:logGet(43)) - raft.server.staging.catchup.gap = 1000 (default)
2019-09-26 16:54:06,484 [7fda706b-4e23-4e10-baba-12810c05fbbb@group-4FDFC239BA02:LeaderElection104] INFO  server.RaftServerConfigKeys (ConfUtils.java:logGet(43)) - raft.server.staging.catchup.gap = 1000 (default)
2019-09-26 16:54:06,483 [5160ea40-cc48-41a9-a1d1-1151a36e77d8@group-802909185AE8-SegmentedRaftLogWorker] ERROR segmented.SegmentedRaftLogWorker (SegmentedRaftLogWorker.java:run(323)) - 5160ea40-cc48-41a9-a1d1-1151a36e77d8@group-802909185AE8-SegmentedRaftLogWorker hit exception
java.lang.OutOfMemoryError: Direct buffer memory
	at java.nio.Bits.reserveMemory(Bits.java:666)
	at java.nio.DirectByteBuffer.<init>(DirectByteBuffer.java:123)
	at java.nio.ByteBuffer.allocateDirect(ByteBuffer.java:311)
	at org.apache.ratis.server.raftlog.segmented.BufferedWriteChannel.<init>(BufferedWriteChannel.java:41)
	at org.apache.ratis.server.raftlog.segmented.SegmentedRaftLogOutputStream.<init>(SegmentedRaftLogOutputStream.java:72)
	at org.apache.ratis.server.raftlog.segmented.SegmentedRaftLogWorker$StartLogSegment.execute(SegmentedRaftLogWorker.java:566)
	at org.apache.ratis.server.raftlog.segmented.SegmentedRaftLogWorker.run(SegmentedRaftLogWorker.java:289)
	at java.lang.Thread.run(Thread.java:748)
2019-09-26 16:54:06,483 [5160ea40-cc48-41a9-a1d1-1151a36e77d8@group-786C9481136A-SegmentedRaftLogWorker] ERROR segmented.SegmentedRaftLogWorker (SegmentedRaftLogWorker.java:run(323)) - 5160ea40-cc48-41a9-a1d1-1151a36e77d8@group-786C9481136A-SegmentedRaftLogWorker hit exception
java.lang.OutOfMemoryError: Direct buffer memory
	at java.nio.Bits.reserveMemory(Bits.java:666)
	at java.nio.DirectByteBuffer.<init>(DirectByteBuffer.java:123)
	at java.nio.ByteBuffer.allocateDirect(ByteBuffer.java:311)
	at org.apache.ratis.server.raftlog.segmented.BufferedWriteChannel.<init>(BufferedWriteChannel.java:41)
	at org.apache.ratis.server.raftlog.segmented.SegmentedRaftLogOutputStream.<init>(SegmentedRaftLogOutputStream.java:72)
	at org.apache.ratis.server.raftlog.segmented.SegmentedRaftLogWorker$StartLogSegment.execute(SegmentedRaftLogWorker.java:566)
	at org.apache.ratis.server.raftlog.segmented.SegmentedRaftLogWorker.run(SegmentedRaftLogWorker.java:289)
	at java.lang.Thread.run(Thread.java:748)
2019-09-26 16:54:06,479 [4a469c34-60df-4173-8d32-715e2ce97f5d@group-E5385069730C-SegmentedRaftLogWorker] INFO  impl.RaftServerImpl (RaftServerImpl.java:lambda$shutdown$3(251)) - 4a469c34-60df-4173-8d32-715e2ce97f5d@group-E5385069730C: shutdown
2019-09-26 16:54:06,479 [deac9605-e739-4d95-8360-f57df793faca@group-F2FE724336A6-SegmentedRaftLogWorker] INFO  util.JmxRegister (JmxRegister.java:unregister(73)) - Successfully un-registered JMX Bean with object name Ratis:service=RaftServer,group=group-F2FE724336A6,id=deac9605-e739-4d95-8360-f57df793faca
2019-09-26 16:54:07,780 [deac9605-e739-4d95-8360-f57df793faca@group-F2FE724336A6-SegmentedRaftLogWorker] INFO  impl.RoleInfo (RoleInfo.java:shutdownLeaderState(104)) - deac9605-e739-4d95-8360-f57df793faca: shutdown LeaderState
2019-09-26 16:54:06,478 [862ec94c-cd2d-47b3-b563-7d6c2816cb58@group-9787CA851A74-SegmentedRaftLogWorker] INFO  impl.RaftServerImpl (RaftServerImpl.java:lambda$shutdown$3(251)) - 862ec94c-cd2d-47b3-b563-7d6c2816cb58@group-9787CA851A74: shutdown
2019-09-26 16:54:06,478 [862ec94c-cd2d-47b3-b563-7d6c2816cb58@group-B5732A1D60A2:LeaderElection92] INFO  impl.RaftServerImpl (ServerState.java:setRaftConf(354)) - 862ec94c-cd2d-47b3-b563-7d6c2816cb58@group-B5732A1D60A2: set configuration 0: [862ec94c-cd2d-47b3-b563-7d6c2816cb58:192.168.151.99:36916], old=null at 0
2019-09-26 16:54:06,478 [862ec94c-cd2d-47b3-b563-7d6c2816cb58@group-40BFE342F714-SegmentedRaftLogWorker] INFO  impl.RaftServerImpl (RaftServerImpl.java:lambda$shutdown$3(251)) - 862ec94c-cd2d-47b3-b563-7d6c2816cb58@group-40BFE342F714: shutdown
2019-09-26 16:54:06,478 [579334d3-7c10-42f4-b10c-e6c2267ece25@group-C56D2282E793-SegmentedRaftLogWorker] INFO  util.JmxRegister (JmxRegister.java:unregister(73)) - Successfully un-registered JMX Bean with object name Ratis:service=RaftServer,group=group-C56D2282E793,id=579334d3-7c10-42f4-b10c-e6c2267ece25
2019-09-26 16:54:07,781 [579334d3-7c10-42f4-b10c-e6c2267ece25@group-C56D2282E793-SegmentedRaftLogWorker] INFO  impl.RoleInfo (RoleInfo.java:shutdownLeaderState(104)) - 579334d3-7c10-42f4-b10c-e6c2267ece25: shutdown LeaderState
2019-09-26 16:54:06,466 [5160ea40-cc48-41a9-a1d1-1151a36e77d8@group-1D62C6517019:LeaderElection124] INFO  impl.LeaderElection (LeaderElection.java:askForVotes(182)) - 5160ea40-cc48-41a9-a1d1-1151a36e77d8@group-1D62C6517019:LeaderElection124: begin an election at term 1 for -1: [5160ea40-cc48-41a9-a1d1-1151a36e77d8:192.168.151.99:45356], old=null
2019-09-26 16:54:07,782 [5160ea40-cc48-41a9-a1d1-1151a36e77d8@group-1D62C6517019:LeaderElection124] INFO  impl.RoleInfo (RoleInfo.java:shutdownLeaderElection(134)) - 5160ea40-cc48-41a9-a1d1-1151a36e77d8: shutdown LeaderElection
2019-09-26 16:54:06,059 [7fda706b-4e23-4e10-baba-12810c05fbbb@group-6E23EBD9EBC2:LeaderElection91] INFO  impl.RaftServerImpl (ServerState.java:setRaftConf(354)) - 7fda706b-4e23-4e10-baba-12810c05fbbb@group-6E23EBD9EBC2: set configuration 0: [7fda706b-4e23-4e10-baba-12810c05fbbb:192.168.151.99:32897], old=null at 0
2019-09-26 16:54:06,058 [4a469c34-60df-4173-8d32-715e2ce97f5d@group-D505D210B7C8-SegmentedRaftLogWorker] INFO  util.JmxRegister (JmxRegister.java:unregister(73)) - Successfully un-registered JMX Bean with object name Ratis:service=RaftServer,group=group-D505D210B7C8,id=4a469c34-60df-4173-8d32-715e2ce97f5d
2019-09-26 16:54:07,782 [4a469c34-60df-4173-8d32-715e2ce97f5d@group-D505D210B7C8-SegmentedRaftLogWorker] INFO  impl.RoleInfo (RoleInfo.java:shutdownLeaderState(104)) - 4a469c34-60df-4173-8d32-715e2ce97f5d: shutdown LeaderState
2019-09-26 16:54:06,057 [579334d3-7c10-42f4-b10c-e6c2267ece25@group-B6B8FE2B0F73-SegmentedRaftLogWorker] INFO  impl.RaftServerImpl (RaftServerImpl.java:lambda$shutdown$3(251)) - 579334d3-7c10-42f4-b10c-e6c2267ece25@group-B6B8FE2B0F73: shutdown
2019-09-26 16:54:06,057 [deac9605-e739-4d95-8360-f57df793faca@group-00F88C78472C:LeaderElection93] INFO  impl.RaftServerImpl (ServerState.java:setRaftConf(354)) - deac9605-e739-4d95-8360-f57df793faca@group-00F88C78472C: set configuration 0: [deac9605-e739-4d95-8360-f57df793faca:192.168.151.99:46601], old=null at 0
2019-09-26 16:54:06,057 [862ec94c-cd2d-47b3-b563-7d6c2816cb58@group-B11DDC6028F8:LeaderElection116] INFO  impl.LeaderElection (LeaderElection.java:askForVotes(182)) - 862ec94c-cd2d-47b3-b563-7d6c2816cb58@group-B11DDC6028F8:LeaderElection116: begin an election at term 1 for -1: [862ec94c-cd2d-47b3-b563-7d6c2816cb58:192.168.151.99:36916], old=null
2019-09-26 16:54:05,836 [5160ea40-cc48-41a9-a1d1-1151a36e77d8@group-3621D5874B47-SegmentedRaftLogWorker] INFO  segmented.SegmentedRaftLogWorker (SegmentedRaftLogWorker.java:close(228)) - 5160ea40-cc48-41a9-a1d1-1151a36e77d8@group-3621D5874B47-SegmentedRaftLogWorker close()
2019-09-26 16:54:05,836 [Thread-726] INFO  impl.RoleInfo (RoleInfo.java:updateAndGet(143)) - deac9605-e739-4d95-8360-f57df793faca: start LeaderElection
2019-09-26 16:54:05,835 [Thread-715] INFO  impl.RaftServerImpl (RaftServerImpl.java:setRole(174)) - d17cca1b-2e6b-48b2-8b1c-3559490fa529@group-1CD36E5E23BA: changes role from  FOLLOWER to CANDIDATE at term 0 for changeToCandidate
2019-09-26 16:54:07,783 [862ec94c-cd2d-47b3-b563-7d6c2816cb58@group-B11DDC6028F8:LeaderElection116] INFO  impl.RoleInfo (RoleInfo.java:shutdownLeaderElection(134)) - 862ec94c-cd2d-47b3-b563-7d6c2816cb58: shutdown LeaderElection
2019-09-26 16:54:07,782 [579334d3-7c10-42f4-b10c-e6c2267ece25@group-B6B8FE2B0F73-SegmentedRaftLogWorker] INFO  util.JmxRegister (JmxRegister.java:unregister(73)) - Successfully un-registered JMX Bean with object name Ratis:service=RaftServer,group=group-B6B8FE2B0F73,id=579334d3-7c10-42f4-b10c-e6c2267ece25
2019-09-26 16:54:07,782 [4a469c34-60df-4173-8d32-715e2ce97f5d@group-D505D210B7C8-SegmentedRaftLogWorker] INFO  impl.PendingRequests (PendingRequests.java:sendNotLeaderResponses(202)) - 4a469c34-60df-4173-8d32-715e2ce97f5d-PendingRequests: sendNotLeaderResponses
2019-09-26 16:54:07,782 [5160ea40-cc48-41a9-a1d1-1151a36e77d8@group-1D62C6517019:LeaderElection124] INFO  impl.RaftServerImpl (RaftServerImpl.java:setRole(174)) - 5160ea40-cc48-41a9-a1d1-1151a36e77d8@group-1D62C6517019: changes role from CANDIDATE to LEADER at term 1 for changeToLeader
2019-09-26 16:54:07,781 [579334d3-7c10-42f4-b10c-e6c2267ece25@group-C56D2282E793-SegmentedRaftLogWorker] INFO  impl.PendingRequests (PendingRequests.java:sendNotLeaderResponses(202)) - 579334d3-7c10-42f4-b10c-e6c2267ece25-PendingRequests: sendNotLeaderResponses
2019-09-26 16:54:07,781 [862ec94c-cd2d-47b3-b563-7d6c2816cb58@group-40BFE342F714-SegmentedRaftLogWorker] INFO  util.JmxRegister (JmxRegister.java:unregister(73)) - Successfully un-registered JMX Bean with object name Ratis:service=RaftServer,group=group-40BFE342F714,id=862ec94c-cd2d-47b3-b563-7d6c2816cb58
2019-09-26 16:54:07,781 [862ec94c-cd2d-47b3-b563-7d6c2816cb58@group-9787CA851A74-SegmentedRaftLogWorker] INFO  util.JmxRegister (JmxRegister.java:unregister(73)) - Successfully un-registered JMX Bean with object name Ratis:service=RaftServer,group=group-9787CA851A74,id=862ec94c-cd2d-47b3-b563-7d6c2816cb58
2019-09-26 16:54:07,791 [862ec94c-cd2d-47b3-b563-7d6c2816cb58@group-9787CA851A74-SegmentedRaftLogWorker] INFO  impl.RoleInfo (RoleInfo.java:shutdownLeaderState(104)) - 862ec94c-cd2d-47b3-b563-7d6c2816cb58: shutdown LeaderState
2019-09-26 16:54:07,781 [deac9605-e739-4d95-8360-f57df793faca@group-F2FE724336A6-SegmentedRaftLogWorker] INFO  impl.PendingRequests (PendingRequests.java:sendNotLeaderResponses(202)) - deac9605-e739-4d95-8360-f57df793faca-PendingRequests: sendNotLeaderResponses
2019-09-26 16:54:07,780 [4a469c34-60df-4173-8d32-715e2ce97f5d@group-E5385069730C-SegmentedRaftLogWorker] INFO  util.JmxRegister (JmxRegister.java:unregister(73)) - Successfully un-registered JMX Bean with object name Ratis:service=RaftServer,group=group-E5385069730C,id=4a469c34-60df-4173-8d32-715e2ce97f5d
2019-09-26 16:54:07,780 [5160ea40-cc48-41a9-a1d1-1151a36e77d8@group-786C9481136A-SegmentedRaftLogWorker] INFO  impl.RaftServerImpl (RaftServerImpl.java:lambda$shutdown$3(251)) - 5160ea40-cc48-41a9-a1d1-1151a36e77d8@group-786C9481136A: shutdown
2019-09-26 16:54:07,780 [5160ea40-cc48-41a9-a1d1-1151a36e77d8@group-802909185AE8-SegmentedRaftLogWorker] INFO  impl.RaftServerImpl (RaftServerImpl.java:lambda$shutdown$3(251)) - 5160ea40-cc48-41a9-a1d1-1151a36e77d8@group-802909185AE8: shutdown
2019-09-26 16:54:07,779 [7fda706b-4e23-4e10-baba-12810c05fbbb@group-4FDFC239BA02:LeaderElection104] INFO  server.RaftServerConfigKeys (ConfUtils.java:logGet(43)) - raft.server.rpc.sleep.time = 25ms (default)
2019-09-26 16:54:07,779 [4a469c34-60df-4173-8d32-715e2ce97f5d@group-A7BE3457B0E0:LeaderElection105] INFO  server.RaftServerConfigKeys (ConfUtils.java:logGet(43)) - raft.server.rpc.sleep.time = 25ms (default)
2019-09-26 16:54:07,779 [pool-77-thread-1] INFO  impl.RaftServerImpl (RaftServerImpl.java:<init>(95)) - d17cca1b-2e6b-48b2-8b1c-3559490fa529: new RaftServerImpl for group-996AF30A5C74:[d17cca1b-2e6b-48b2-8b1c-3559490fa529:192.168.151.99:40714, 579334d3-7c10-42f4-b10c-e6c2267ece25:192.168.151.99:34131, 862ec94c-cd2d-47b3-b563-7d6c2816cb58:192.168.151.99:36916] with ContainerStateMachine:uninitialized
2019-09-26 16:54:07,779 [5160ea40-cc48-41a9-a1d1-1151a36e77d8@group-51C7E0DD59E4-SegmentedRaftLogWorker] INFO  impl.RoleInfo (RoleInfo.java:shutdownLeaderState(104)) - 5160ea40-cc48-41a9-a1d1-1151a36e77d8: shutdown LeaderState
2019-09-26 16:54:07,779 [pool-47-thread-1] INFO  impl.RaftServerImpl (RaftServerImpl.java:<init>(95)) - 579334d3-7c10-42f4-b10c-e6c2267ece25: new RaftServerImpl for group-996AF30A5C74:[d17cca1b-2e6b-48b2-8b1c-3559490fa529:192.168.151.99:40714, 579334d3-7c10-42f4-b10c-e6c2267ece25:192.168.151.99:34131, 862ec94c-cd2d-47b3-b563-7d6c2816cb58:192.168.151.99:36916] with ContainerStateMachine:uninitialized
2019-09-26 16:54:07,779 [Thread-824] INFO  impl.RoleInfo (RoleInfo.java:shutdownFollowerState(121)) - 579334d3-7c10-42f4-b10c-e6c2267ece25: shutdown FollowerState
2019-09-26 16:54:07,779 [Thread-826] INFO  impl.RoleInfo (RoleInfo.java:shutdownFollowerState(121)) - 7fda706b-4e23-4e10-baba-12810c05fbbb: shutdown FollowerState
2019-09-26 16:54:07,779 [Thread-827] INFO  impl.RoleInfo (RoleInfo.java:shutdownFollowerState(121)) - d17cca1b-2e6b-48b2-8b1c-3559490fa529: shutdown FollowerState
2019-09-26 16:54:07,778 [5160ea40-cc48-41a9-a1d1-1151a36e77d8@group-617DE8AE92D0:LeaderElection123] INFO  impl.RoleInfo (RoleInfo.java:shutdownLeaderElection(134)) - 5160ea40-cc48-41a9-a1d1-1151a36e77d8: shutdown LeaderElection
2019-09-26 16:54:07,778 [pool-67-thread-1] INFO  impl.RaftServerImpl (RaftServerImpl.java:<init>(95)) - 862ec94c-cd2d-47b3-b563-7d6c2816cb58: new RaftServerImpl for group-996AF30A5C74:[d17cca1b-2e6b-48b2-8b1c-3559490fa529:192.168.151.99:40714, 579334d3-7c10-42f4-b10c-e6c2267ece25:192.168.151.99:34131, 862ec94c-cd2d-47b3-b563-7d6c2816cb58:192.168.151.99:36916] with ContainerStateMachine:uninitialized
2019-09-26 16:54:07,793 [pool-67-thread-1] INFO  server.RaftServerConfigKeys (ConfUtils.java:logGet(43)) - raft.server.rpc.timeout.min = 5s (custom)
2019-09-26 16:54:07,778 [deac9605-e739-4d95-8360-f57df793faca@group-0BC6163609F7-SegmentedRaftLogWorker] INFO  impl.RoleInfo (RoleInfo.java:shutdownLeaderState(104)) - deac9605-e739-4d95-8360-f57df793faca: shutdown LeaderState
2019-09-26 16:54:07,778 [579334d3-7c10-42f4-b10c-e6c2267ece25@group-D563116573F6:LeaderElection108] INFO  server.RaftServerConfigKeys (ConfUtils.java:logGet(43)) - raft.server.staging.catchup.gap = 1000 (default)
2019-09-26 16:54:07,778 [579334d3-7c10-42f4-b10c-e6c2267ece25@group-C91694E883F7-SegmentedRaftLogWorker] INFO  util.JmxRegister (JmxRegister.java:unregister(73)) - Successfully un-registered JMX Bean with object name Ratis:service=RaftServer,group=group-C91694E883F7,id=579334d3-7c10-42f4-b10c-e6c2267ece25
2019-09-26 16:54:07,777 [4a469c34-60df-4173-8d32-715e2ce97f5d@group-B46AEE984DDF-SegmentedRaftLogWorker] INFO  impl.PendingRequests (PendingRequests.java:sendNotLeaderResponses(202)) - 4a469c34-60df-4173-8d32-715e2ce97f5d-PendingRequests: sendNotLeaderResponses
2019-09-26 16:54:07,777 [5160ea40-cc48-41a9-a1d1-1151a36e77d8@group-5CF5DB96C063:LeaderElection117] INFO  impl.RaftServerImpl (RaftServerImpl.java:setRole(174)) - 5160ea40-cc48-41a9-a1d1-1151a36e77d8@group-5CF5DB96C063: changes role from CANDIDATE to LEADER at term 1 for changeToLeader
2019-09-26 16:54:07,794 [5160ea40-cc48-41a9-a1d1-1151a36e77d8@group-5CF5DB96C063:LeaderElection117] INFO  impl.RaftServerImpl (ServerState.java:setLeader(253)) - 5160ea40-cc48-41a9-a1d1-1151a36e77d8@group-5CF5DB96C063: change Leader from null to 5160ea40-cc48-41a9-a1d1-1151a36e77d8 at term 1 for becomeLeader, leader elected after 10135ms
2019-09-26 16:54:07,777 [grpc-default-executor-2] INFO  impl.RaftServerProxy (RaftServerProxy.java:addNew(89)) - d17cca1b-2e6b-48b2-8b1c-3559490fa529: addNew group-996AF30A5C74:[d17cca1b-2e6b-48b2-8b1c-3559490fa529:192.168.151.99:40714, 579334d3-7c10-42f4-b10c-e6c2267ece25:192.168.151.99:34131, 862ec94c-cd2d-47b3-b563-7d6c2816cb58:192.168.151.99:36916] returns group-996AF30A5C74:java.util.concurrent.CompletableFuture@c44fc10[Not completed]
2019-09-26 16:54:07,777 [d17cca1b-2e6b-48b2-8b1c-3559490fa529@group-0167F4A9536E-SegmentedRaftLogWorker] INFO  impl.RoleInfo (RoleInfo.java:shutdownLeaderState(104)) - d17cca1b-2e6b-48b2-8b1c-3559490fa529: shutdown LeaderState
2019-09-26 16:54:07,777 [grpc-default-executor-0] INFO  impl.RaftServerProxy (RaftServerProxy.java:addNew(89)) - 579334d3-7c10-42f4-b10c-e6c2267ece25: addNew group-996AF30A5C74:[d17cca1b-2e6b-48b2-8b1c-3559490fa529:192.168.151.99:40714, 579334d3-7c10-42f4-b10c-e6c2267ece25:192.168.151.99:34131, 862ec94c-cd2d-47b3-b563-7d6c2816cb58:192.168.151.99:36916] returns group-996AF30A5C74:java.util.concurrent.CompletableFuture@3bd6f29a[Not completed]
2019-09-26 16:54:07,777 [grpc-default-executor-1] INFO  impl.RaftServerProxy (RaftServerProxy.java:addNew(89)) - 862ec94c-cd2d-47b3-b563-7d6c2816cb58: addNew group-996AF30A5C74:[d17cca1b-2e6b-48b2-8b1c-3559490fa529:192.168.151.99:40714, 579334d3-7c10-42f4-b10c-e6c2267ece25:192.168.151.99:34131, 862ec94c-cd2d-47b3-b563-7d6c2816cb58:192.168.151.99:36916] returns group-996AF30A5C74:java.util.concurrent.CompletableFuture@1ced8615[Not completed]
2019-09-26 16:54:07,776 [5160ea40-cc48-41a9-a1d1-1151a36e77d8@group-CF883E79110B-SegmentedRaftLogWorker] INFO  impl.RoleInfo (RoleInfo.java:shutdownLeaderState(104)) - 5160ea40-cc48-41a9-a1d1-1151a36e77d8: shutdown LeaderState
2019-09-26 16:54:07,776 [pool-87-thread-1] INFO  server.RaftServerConfigKeys (ConfUtils.java:logGet(43)) - raft.server.log.preallocated.size = 16384 (custom)
2019-09-26 16:54:07,776 [7fda706b-4e23-4e10-baba-12810c05fbbb@group-E1BD43987033-SegmentedRaftLogWorker] INFO  util.JmxRegister (JmxRegister.java:unregister(73)) - Successfully un-registered JMX Bean with object name Ratis:service=RaftServer,group=group-E1BD43987033,id=7fda706b-4e23-4e10-baba-12810c05fbbb
2019-09-26 16:54:07,775 [5160ea40-cc48-41a9-a1d1-1151a36e77d8@group-D0054841AFC1-SegmentedRaftLogWorker] INFO  impl.RaftServerImpl (RaftServerImpl.java:lambda$shutdown$3(251)) - 5160ea40-cc48-41a9-a1d1-1151a36e77d8@group-D0054841AFC1: shutdown
2019-09-26 16:54:07,775 [5160ea40-cc48-41a9-a1d1-1151a36e77d8@group-1E272E071DE3:LeaderElection122] INFO  impl.RoleInfo (RoleInfo.java:shutdownLeaderElection(134)) - 5160ea40-cc48-41a9-a1d1-1151a36e77d8: shutdown LeaderElection
2019-09-26 16:54:07,775 [5160ea40-cc48-41a9-a1d1-1151a36e77d8@group-9D0474B365D3-SegmentedRaftLogWorker] INFO  segmented.SegmentedRaftLogWorker (SegmentedRaftLogWorker.java:close(228)) - 5160ea40-cc48-41a9-a1d1-1151a36e77d8@group-9D0474B365D3-SegmentedRaftLogWorker close()
2019-09-26 16:54:07,774 [d17cca1b-2e6b-48b2-8b1c-3559490fa529@group-5C044592C986:LeaderElection115] INFO  impl.RaftServerImpl (ServerState.java:setLeader(253)) - d17cca1b-2e6b-48b2-8b1c-3559490fa529@group-5C044592C986: change Leader from null to d17cca1b-2e6b-48b2-8b1c-3559490fa529 at term 1 for becomeLeader, leader elected after 10477ms
2019-09-26 16:54:07,802 [d17cca1b-2e6b-48b2-8b1c-3559490fa529@group-5C044592C986:LeaderElection115] INFO  server.RaftServerConfigKeys (ConfUtils.java:logGet(43)) - raft.server.staging.catchup.gap = 1000 (default)
2019-09-26 16:54:07,774 [d17cca1b-2e6b-48b2-8b1c-3559490fa529@group-0D035646D911:LeaderElection112] INFO  impl.RaftServerImpl (ServerState.java:setLeader(253)) - d17cca1b-2e6b-48b2-8b1c-3559490fa529@group-0D035646D911: change Leader from null to d17cca1b-2e6b-48b2-8b1c-3559490fa529 at term 1 for becomeLeader, leader elected after 10576ms
2019-09-26 16:54:07,769 [d17cca1b-2e6b-48b2-8b1c-3559490fa529@group-5A43D4DE6CA1:LeaderElection114] INFO  impl.RaftServerImpl (ServerState.java:setLeader(253)) - d17cca1b-2e6b-48b2-8b1c-3559490fa529@group-5A43D4DE6CA1: change Leader from null to d17cca1b-2e6b-48b2-8b1c-3559490fa529 at term 1 for becomeLeader, leader elected after 10396ms
2019-09-26 16:54:07,774 [deac9605-e739-4d95-8360-f57df793faca@group-00F88C78472C-SegmentedRaftLogWorker] ERROR segmented.SegmentedRaftLogWorker (SegmentedRaftLogWorker.java:run(323)) - deac9605-e739-4d95-8360-f57df793faca@group-00F88C78472C-SegmentedRaftLogWorker hit exception
java.lang.OutOfMemoryError: Direct buffer memory
	at java.nio.Bits.reserveMemory(Bits.java:666)
	at java.nio.DirectByteBuffer.<init>(DirectByteBuffer.java:123)
	at java.nio.ByteBuffer.allocateDirect(ByteBuffer.java:311)
	at org.apache.ratis.server.raftlog.segmented.BufferedWriteChannel.<init>(BufferedWriteChannel.java:41)
	at org.apache.ratis.server.raftlog.segmented.SegmentedRaftLogOutputStream.<init>(SegmentedRaftLogOutputStream.java:72)
	at org.apache.ratis.server.raftlog.segmented.SegmentedRaftLogWorker$StartLogSegment.execute(SegmentedRaftLogWorker.java:566)
	at org.apache.ratis.server.raftlog.segmented.SegmentedRaftLogWorker.run(SegmentedRaftLogWorker.java:289)
	at java.lang.Thread.run(Thread.java:748)
2019-09-26 16:54:07,769 [4a469c34-60df-4173-8d32-715e2ce97f5d@group-7AF6AB2F6015:LeaderElection113] INFO  impl.RaftServerImpl (ServerState.java:setLeader(253)) - 4a469c34-60df-4173-8d32-715e2ce97f5d@group-7AF6AB2F6015: change Leader from null to 4a469c34-60df-4173-8d32-715e2ce97f5d at term 1 for becomeLeader, leader elected after 10295ms
2019-09-26 16:54:07,768 [4a469c34-60df-4173-8d32-715e2ce97f5d@group-5D6BFF16FFC8-SegmentedRaftLogWorker] ERROR segmented.SegmentedRaftLogWorker (SegmentedRaftLogWorker.java:run(323)) - 4a469c34-60df-4173-8d32-715e2ce97f5d@group-5D6BFF16FFC8-SegmentedRaftLogWorker hit exception
java.lang.OutOfMemoryError: Direct buffer memory
	at java.nio.Bits.reserveMemory(Bits.java:666)
	at java.nio.DirectByteBuffer.<init>(DirectByteBuffer.java:123)
	at java.nio.ByteBuffer.allocateDirect(ByteBuffer.java:311)
	at org.apache.ratis.server.raftlog.segmented.BufferedWriteChannel.<init>(BufferedWriteChannel.java:41)
	at org.apache.ratis.server.raftlog.segmented.SegmentedRaftLogOutputStream.<init>(SegmentedRaftLogOutputStream.java:72)
	at org.apache.ratis.server.raftlog.segmented.SegmentedRaftLogWorker$StartLogSegment.execute(SegmentedRaftLogWorker.java:566)
	at org.apache.ratis.server.raftlog.segmented.SegmentedRaftLogWorker.run(SegmentedRaftLogWorker.java:289)
	at java.lang.Thread.run(Thread.java:748)
2019-09-26 16:54:07,536 [5160ea40-cc48-41a9-a1d1-1151a36e77d8@group-C36002BBBA8D:LeaderElection106] INFO  server.RaftServerConfigKeys (ConfUtils.java:logGet(43)) - raft.server.watch.timeout = 10s (default)
2019-09-26 16:54:07,536 [4a469c34-60df-4173-8d32-715e2ce97f5d@group-F6117F20253A:LeaderElection98] INFO  impl.RaftServerImpl (ServerState.java:setRaftConf(354)) - 4a469c34-60df-4173-8d32-715e2ce97f5d@group-F6117F20253A: set configuration 0: [4a469c34-60df-4173-8d32-715e2ce97f5d:192.168.151.99:42442], old=null at 0
2019-09-26 16:54:07,536 [579334d3-7c10-42f4-b10c-e6c2267ece25@group-972B7DA5E6F5:LeaderElection111] INFO  impl.RaftServerImpl (ServerState.java:setLeader(253)) - 579334d3-7c10-42f4-b10c-e6c2267ece25@group-972B7DA5E6F5: change Leader from null to 579334d3-7c10-42f4-b10c-e6c2267ece25 at term 1 for becomeLeader, leader elected after 10437ms
2019-09-26 16:54:07,804 [deac9605-e739-4d95-8360-f57df793faca@group-71380DB631E9:LeaderElection125] INFO  impl.LeaderElection (LeaderElection.java:askForVotes(182)) - deac9605-e739-4d95-8360-f57df793faca@group-71380DB631E9:LeaderElection125: begin an election at term 1 for -1: [deac9605-e739-4d95-8360-f57df793faca:192.168.151.99:46601], old=null
2019-09-26 16:54:07,536 [579334d3-7c10-42f4-b10c-e6c2267ece25@group-0B8F6A17CAB6:LeaderElection103] INFO  server.RaftServerConfigKeys (ConfUtils.java:logGet(43)) - raft.server.watch.timeout = 10s (default)
2019-09-26 16:54:07,536 [deac9605-e739-4d95-8360-f57df793faca@group-D1DC469F0812-SegmentedRaftLogWorker] INFO  impl.PendingRequests (PendingRequests.java:sendNotLeaderResponses(202)) - deac9605-e739-4d95-8360-f57df793faca-PendingRequests: sendNotLeaderResponses
2019-09-26 16:54:07,536 [d17cca1b-2e6b-48b2-8b1c-3559490fa529@group-9F1614D968BA:LeaderElection107] INFO  server.RaftServerConfigKeys (ConfUtils.java:logGet(43)) - raft.server.staging.catchup.gap = 1000 (default)
2019-09-26 16:54:07,535 [7fda706b-4e23-4e10-baba-12810c05fbbb@group-B2C475E91245:LeaderElection109] INFO  impl.RaftServerImpl (RaftServerImpl.java:setRole(174)) - 7fda706b-4e23-4e10-baba-12810c05fbbb@group-B2C475E91245: changes role from CANDIDATE to LEADER at term 1 for changeToLeader
2019-09-26 16:54:07,805 [7fda706b-4e23-4e10-baba-12810c05fbbb@group-B2C475E91245:LeaderElection109] INFO  impl.RaftServerImpl (ServerState.java:setLeader(253)) - 7fda706b-4e23-4e10-baba-12810c05fbbb@group-B2C475E91245: change Leader from null to 7fda706b-4e23-4e10-baba-12810c05fbbb at term 1 for becomeLeader, leader elected after 10805ms
2019-09-26 16:54:07,535 [7fda706b-4e23-4e10-baba-12810c05fbbb@group-D4838260B295:LeaderElection121] INFO  impl.RoleInfo (RoleInfo.java:shutdownLeaderElection(134)) - 7fda706b-4e23-4e10-baba-12810c05fbbb: shutdown LeaderElection
2019-09-26 16:54:07,535 [862ec94c-cd2d-47b3-b563-7d6c2816cb58@group-C38715E9C60B:LeaderElection101] INFO  server.RaftServerConfigKeys (ConfUtils.java:logGet(43)) - raft.server.watch.timeout.denomination = 1s (default)
2019-09-26 16:54:07,535 [4a469c34-60df-4173-8d32-715e2ce97f5d@group-192151A5EAFE:LeaderElection119] INFO  impl.RoleInfo (RoleInfo.java:shutdownLeaderElection(134)) - 4a469c34-60df-4173-8d32-715e2ce97f5d: shutdown LeaderElection
2019-09-26 16:54:07,805 [4a469c34-60df-4173-8d32-715e2ce97f5d@group-192151A5EAFE:LeaderElection119] INFO  impl.RaftServerImpl (RaftServerImpl.java:setRole(174)) - 4a469c34-60df-4173-8d32-715e2ce97f5d@group-192151A5EAFE: changes role from CANDIDATE to LEADER at term 1 for changeToLeader
2019-09-26 16:54:07,535 [4a469c34-60df-4173-8d32-715e2ce97f5d@group-528B81068606:LeaderElection120] INFO  impl.RoleInfo (RoleInfo.java:shutdownLeaderElection(134)) - 4a469c34-60df-4173-8d32-715e2ce97f5d: shutdown LeaderElection
2019-09-26 16:54:07,535 [862ec94c-cd2d-47b3-b563-7d6c2816cb58@group-26B889F3603E:LeaderElection118] INFO  impl.RoleInfo (RoleInfo.java:shutdownLeaderElection(134)) - 862ec94c-cd2d-47b3-b563-7d6c2816cb58: shutdown LeaderElection
2019-09-26 16:54:07,535 [862ec94c-cd2d-47b3-b563-7d6c2816cb58@group-42BFB3A1B838:LeaderElection102] INFO  server.RaftServerConfigKeys (ConfUtils.java:logGet(43)) - raft.server.watch.timeout.denomination = 1s (default)
2019-09-26 16:54:07,806 [862ec94c-cd2d-47b3-b563-7d6c2816cb58@group-42BFB3A1B838:LeaderElection102] INFO  server.RaftServerConfigKeys (ConfUtils.java:logGet(43)) - raft.server.watch.element-limit = 65536 (default)
2019-09-26 16:54:07,534 [4a469c34-60df-4173-8d32-715e2ce97f5d@group-8454D3131D9D:LeaderElection110] INFO  impl.RaftServerImpl (RaftServerImpl.java:setRole(174)) - 4a469c34-60df-4173-8d32-715e2ce97f5d@group-8454D3131D9D: changes role from CANDIDATE to LEADER at term 1 for changeToLeader
2019-09-26 16:54:07,806 [862ec94c-cd2d-47b3-b563-7d6c2816cb58@group-26B889F3603E:LeaderElection118] INFO  impl.RaftServerImpl (RaftServerImpl.java:setRole(174)) - 862ec94c-cd2d-47b3-b563-7d6c2816cb58@group-26B889F3603E: changes role from CANDIDATE to LEADER at term 1 for changeToLeader
2019-09-26 16:54:07,805 [4a469c34-60df-4173-8d32-715e2ce97f5d@group-528B81068606:LeaderElection120] INFO  impl.RaftServerImpl (RaftServerImpl.java:setRole(174)) - 4a469c34-60df-4173-8d32-715e2ce97f5d@group-528B81068606: changes role from CANDIDATE to LEADER at term 1 for changeToLeader
2019-09-26 16:54:07,805 [4a469c34-60df-4173-8d32-715e2ce97f5d@group-192151A5EAFE:LeaderElection119] INFO  impl.RaftServerImpl (ServerState.java:setLeader(253)) - 4a469c34-60df-4173-8d32-715e2ce97f5d@group-192151A5EAFE: change Leader from null to 4a469c34-60df-4173-8d32-715e2ce97f5d at term 1 for becomeLeader, leader elected after 10043ms
2019-09-26 16:54:07,805 [862ec94c-cd2d-47b3-b563-7d6c2816cb58@group-C38715E9C60B:LeaderElection101] INFO  server.RaftServerConfigKeys (ConfUtils.java:logGet(43)) - raft.server.watch.element-limit = 65536 (default)
2019-09-26 16:54:07,805 [7fda706b-4e23-4e10-baba-12810c05fbbb@group-D4838260B295:LeaderElection121] INFO  impl.RaftServerImpl (RaftServerImpl.java:setRole(174)) - 7fda706b-4e23-4e10-baba-12810c05fbbb@group-D4838260B295: changes role from CANDIDATE to LEADER at term 1 for changeToLeader
2019-09-26 16:54:07,807 [7fda706b-4e23-4e10-baba-12810c05fbbb@group-D4838260B295:LeaderElection121] INFO  impl.RaftServerImpl (ServerState.java:setLeader(253)) - 7fda706b-4e23-4e10-baba-12810c05fbbb@group-D4838260B295: change Leader from null to 7fda706b-4e23-4e10-baba-12810c05fbbb at term 1 for becomeLeader, leader elected after 15013ms
2019-09-26 16:54:07,807 [7fda706b-4e23-4e10-baba-12810c05fbbb@group-D4838260B295:LeaderElection121] INFO  server.RaftServerConfigKeys (ConfUtils.java:logGet(43)) - raft.server.staging.catchup.gap = 1000 (default)
2019-09-26 16:54:07,805 [7fda706b-4e23-4e10-baba-12810c05fbbb@group-B2C475E91245:LeaderElection109] INFO  server.RaftServerConfigKeys (ConfUtils.java:logGet(43)) - raft.server.staging.catchup.gap = 1000 (default)
2019-09-26 16:54:07,805 [d17cca1b-2e6b-48b2-8b1c-3559490fa529@group-9F1614D968BA:LeaderElection107] INFO  server.RaftServerConfigKeys (ConfUtils.java:logGet(43)) - raft.server.rpc.sleep.time = 25ms (default)
2019-09-26 16:54:07,804 [deac9605-e739-4d95-8360-f57df793faca@group-D1DC469F0812-SegmentedRaftLogWorker] INFO  impl.StateMachineUpdater (StateMachineUpdater.java:stopAndJoin(125)) - deac9605-e739-4d95-8360-f57df793faca@group-D1DC469F0812-StateMachineUpdater: set stopIndex = -1
2019-09-26 16:54:07,807 [deac9605-e739-4d95-8360-f57df793faca@group-D1DC469F0812-SegmentedRaftLogWorker] INFO  impl.RaftServerImpl (ServerState.java:close(385)) - deac9605-e739-4d95-8360-f57df793faca@group-D1DC469F0812: closes. applyIndex: -1
2019-09-26 16:54:07,804 [579334d3-7c10-42f4-b10c-e6c2267ece25@group-0B8F6A17CAB6:LeaderElection103] INFO  server.RaftServerConfigKeys (ConfUtils.java:logGet(43)) - raft.server.watch.timeout.denomination = 1s (default)
2019-09-26 16:54:07,804 [deac9605-e739-4d95-8360-f57df793faca@group-71380DB631E9:LeaderElection125] INFO  impl.RoleInfo (RoleInfo.java:shutdownLeaderElection(134)) - deac9605-e739-4d95-8360-f57df793faca: shutdown LeaderElection
2019-09-26 16:54:07,804 [579334d3-7c10-42f4-b10c-e6c2267ece25@group-972B7DA5E6F5:LeaderElection111] INFO  server.RaftServerConfigKeys (ConfUtils.java:logGet(43)) - raft.server.staging.catchup.gap = 1000 (default)
2019-09-26 16:54:07,804 [5160ea40-cc48-41a9-a1d1-1151a36e77d8@group-C36002BBBA8D:LeaderElection106] INFO  server.RaftServerConfigKeys (ConfUtils.java:logGet(43)) - raft.server.watch.timeout.denomination = 1s (default)
2019-09-26 16:54:07,803 [4a469c34-60df-4173-8d32-715e2ce97f5d@group-5D6BFF16FFC8-SegmentedRaftLogWorker] INFO  impl.RaftServerImpl (RaftServerImpl.java:lambda$shutdown$3(251)) - 4a469c34-60df-4173-8d32-715e2ce97f5d@group-5D6BFF16FFC8: shutdown
2019-09-26 16:54:07,803 [4a469c34-60df-4173-8d32-715e2ce97f5d@group-7AF6AB2F6015:LeaderElection113] INFO  server.RaftServerConfigKeys (ConfUtils.java:logGet(43)) - raft.server.staging.catchup.gap = 1000 (default)
2019-09-26 16:54:07,803 [deac9605-e739-4d95-8360-f57df793faca@group-00F88C78472C-SegmentedRaftLogWorker] INFO  impl.RaftServerImpl (RaftServerImpl.java:lambda$shutdown$3(251)) - deac9605-e739-4d95-8360-f57df793faca@group-00F88C78472C: shutdown
2019-09-26 16:54:07,808 [4a469c34-60df-4173-8d32-715e2ce97f5d@group-5D6BFF16FFC8-SegmentedRaftLogWorker] INFO  util.JmxRegister (JmxRegister.java:unregister(73)) - Successfully un-registered JMX Bean with object name Ratis:service=RaftServer,group=group-5D6BFF16FFC8,id=4a469c34-60df-4173-8d32-715e2ce97f5d
2019-09-26 16:54:07,803 [d17cca1b-2e6b-48b2-8b1c-3559490fa529@group-5A43D4DE6CA1:LeaderElection114] INFO  server.RaftServerConfigKeys (ConfUtils.java:logGet(43)) - raft.server.staging.catchup.gap = 1000 (default)
2019-09-26 16:54:07,802 [d17cca1b-2e6b-48b2-8b1c-3559490fa529@group-0D035646D911:LeaderElection112] INFO  server.RaftServerConfigKeys (ConfUtils.java:logGet(43)) - raft.server.staging.catchup.gap = 1000 (default)
2019-09-26 16:54:07,802 [d17cca1b-2e6b-48b2-8b1c-3559490fa529@group-5C044592C986:LeaderElection115] INFO  server.RaftServerConfigKeys (ConfUtils.java:logGet(43)) - raft.server.rpc.sleep.time = 25ms (default)
2019-09-26 16:54:07,796 [5160ea40-cc48-41a9-a1d1-1151a36e77d8@group-1E272E071DE3:LeaderElection122] INFO  impl.RaftServerImpl (RaftServerImpl.java:setRole(174)) - 5160ea40-cc48-41a9-a1d1-1151a36e77d8@group-1E272E071DE3: changes role from CANDIDATE to LEADER at term 1 for changeToLeader
2019-09-26 16:54:07,796 [5160ea40-cc48-41a9-a1d1-1151a36e77d8@group-D0054841AFC1-SegmentedRaftLogWorker] INFO  util.JmxRegister (JmxRegister.java:unregister(73)) - Successfully un-registered JMX Bean with object name Ratis:service=RaftServer,group=group-D0054841AFC1,id=5160ea40-cc48-41a9-a1d1-1151a36e77d8
2019-09-26 16:54:07,796 [7fda706b-4e23-4e10-baba-12810c05fbbb@group-E1BD43987033-SegmentedRaftLogWorker] INFO  impl.RoleInfo (RoleInfo.java:shutdownLeaderState(104)) - 7fda706b-4e23-4e10-baba-12810c05fbbb: shutdown LeaderState
2019-09-26 16:54:07,796 [pool-87-thread-1] INFO  server.RaftServerConfigKeys (ConfUtils.java:logGet(43)) - raft.server.log.write.buffer.size = 33554432 (custom)
2019-09-26 16:54:07,795 [5160ea40-cc48-41a9-a1d1-1151a36e77d8@group-CF883E79110B-SegmentedRaftLogWorker] INFO  impl.PendingRequests (PendingRequests.java:sendNotLeaderResponses(202)) - 5160ea40-cc48-41a9-a1d1-1151a36e77d8-PendingRequests: sendNotLeaderResponses
2019-09-26 16:54:07,795 [d17cca1b-2e6b-48b2-8b1c-3559490fa529@group-0167F4A9536E-SegmentedRaftLogWorker] INFO  impl.PendingRequests (PendingRequests.java:sendNotLeaderResponses(202)) - d17cca1b-2e6b-48b2-8b1c-3559490fa529-PendingRequests: sendNotLeaderResponses
2019-09-26 16:54:07,810 [5160ea40-cc48-41a9-a1d1-1151a36e77d8@group-CF883E79110B-SegmentedRaftLogWorker] INFO  impl.StateMachineUpdater (StateMachineUpdater.java:stopAndJoin(125)) - 5160ea40-cc48-41a9-a1d1-1151a36e77d8@group-CF883E79110B-StateMachineUpdater: set stopIndex = -1
2019-09-26 16:54:07,795 [5160ea40-cc48-41a9-a1d1-1151a36e77d8@group-5CF5DB96C063:LeaderElection117] INFO  server.RaftServerConfigKeys (ConfUtils.java:logGet(43)) - raft.server.staging.catchup.gap = 1000 (default)
2019-09-26 16:54:07,794 [4a469c34-60df-4173-8d32-715e2ce97f5d@group-B46AEE984DDF-SegmentedRaftLogWorker] INFO  impl.StateMachineUpdater (StateMachineUpdater.java:stopAndJoin(125)) - 4a469c34-60df-4173-8d32-715e2ce97f5d@group-B46AEE984DDF-StateMachineUpdater: set stopIndex = -1
2019-09-26 16:54:07,794 [579334d3-7c10-42f4-b10c-e6c2267ece25@group-C91694E883F7-SegmentedRaftLogWorker] INFO  impl.RoleInfo (RoleInfo.java:shutdownLeaderState(104)) - 579334d3-7c10-42f4-b10c-e6c2267ece25: shutdown LeaderState
2019-09-26 16:54:07,794 [579334d3-7c10-42f4-b10c-e6c2267ece25@group-D563116573F6:LeaderElection108] INFO  server.RaftServerConfigKeys (ConfUtils.java:logGet(43)) - raft.server.rpc.sleep.time = 25ms (default)
2019-09-26 16:54:07,794 [deac9605-e739-4d95-8360-f57df793faca@group-0BC6163609F7-SegmentedRaftLogWorker] INFO  impl.PendingRequests (PendingRequests.java:sendNotLeaderResponses(202)) - deac9605-e739-4d95-8360-f57df793faca-PendingRequests: sendNotLeaderResponses
2019-09-26 16:54:07,794 [pool-67-thread-1] INFO  server.RaftServerConfigKeys (ConfUtils.java:logGet(43)) - raft.server.rpc.timeout.max = 5200ms (custom)
2019-09-26 16:54:07,793 [5160ea40-cc48-41a9-a1d1-1151a36e77d8@group-617DE8AE92D0:LeaderElection123] INFO  impl.RaftServerImpl (RaftServerImpl.java:setRole(174)) - 5160ea40-cc48-41a9-a1d1-1151a36e77d8@group-617DE8AE92D0: changes role from CANDIDATE to LEADER at term 1 for changeToLeader
2019-09-26 16:54:07,793 [Thread-827] INFO  impl.RaftServerImpl (RaftServerImpl.java:setRole(174)) - d17cca1b-2e6b-48b2-8b1c-3559490fa529@group-BA65C6CD63B8: changes role from  FOLLOWER to CANDIDATE at term 0 for changeToCandidate
2019-09-26 16:54:07,793 [Thread-826] INFO  impl.RaftServerImpl (RaftServerImpl.java:setRole(174)) - 7fda706b-4e23-4e10-baba-12810c05fbbb@group-BA65C6CD63B8: changes role from  FOLLOWER to CANDIDATE at term 0 for changeToCandidate
2019-09-26 16:54:07,811 [Thread-827] INFO  impl.RoleInfo (RoleInfo.java:updateAndGet(143)) - d17cca1b-2e6b-48b2-8b1c-3559490fa529: start LeaderElection
2019-09-26 16:54:07,793 [Thread-824] INFO  impl.RaftServerImpl (RaftServerImpl.java:setRole(174)) - 579334d3-7c10-42f4-b10c-e6c2267ece25@group-BA65C6CD63B8: changes role from  FOLLOWER to CANDIDATE at term 0 for changeToCandidate
2019-09-26 16:54:07,793 [pool-47-thread-1] INFO  server.RaftServerConfigKeys (ConfUtils.java:logGet(43)) - raft.server.rpc.timeout.min = 5s (custom)
2019-09-26 16:54:07,812 [pool-47-thread-1] INFO  server.RaftServerConfigKeys (ConfUtils.java:logGet(43)) - raft.server.rpc.timeout.max = 5200ms (custom)
2019-09-26 16:54:07,793 [5160ea40-cc48-41a9-a1d1-1151a36e77d8@group-51C7E0DD59E4-SegmentedRaftLogWorker] INFO  impl.PendingRequests (PendingRequests.java:sendNotLeaderResponses(202)) - 5160ea40-cc48-41a9-a1d1-1151a36e77d8-PendingRequests: sendNotLeaderResponses
2019-09-26 16:54:07,793 [pool-77-thread-1] INFO  server.RaftServerConfigKeys (ConfUtils.java:logGet(43)) - raft.server.rpc.timeout.min = 5s (custom)
2019-09-26 16:54:07,812 [5160ea40-cc48-41a9-a1d1-1151a36e77d8@group-51C7E0DD59E4-SegmentedRaftLogWorker] INFO  impl.StateMachineUpdater (StateMachineUpdater.java:stopAndJoin(125)) - 5160ea40-cc48-41a9-a1d1-1151a36e77d8@group-51C7E0DD59E4-StateMachineUpdater: set stopIndex = -1
2019-09-26 16:54:07,792 [4a469c34-60df-4173-8d32-715e2ce97f5d@group-A7BE3457B0E0:LeaderElection105] INFO  server.RaftServerConfigKeys (ConfUtils.java:logGet(43)) - raft.server.write.element-limit = 4096 (default)
2019-09-26 16:54:07,792 [7fda706b-4e23-4e10-baba-12810c05fbbb@group-4FDFC239BA02:LeaderElection104] INFO  server.RaftServerConfigKeys (ConfUtils.java:logGet(43)) - raft.server.write.element-limit = 4096 (default)
2019-09-26 16:54:07,792 [5160ea40-cc48-41a9-a1d1-1151a36e77d8@group-802909185AE8-SegmentedRaftLogWorker] INFO  util.JmxRegister (JmxRegister.java:unregister(73)) - Successfully un-registered JMX Bean with object name Ratis:service=RaftServer,group=group-802909185AE8,id=5160ea40-cc48-41a9-a1d1-1151a36e77d8
2019-09-26 16:54:07,792 [5160ea40-cc48-41a9-a1d1-1151a36e77d8@group-786C9481136A-SegmentedRaftLogWorker] INFO  util.JmxRegister (JmxRegister.java:unregister(73)) - Successfully un-registered JMX Bean with object name Ratis:service=RaftServer,group=group-786C9481136A,id=5160ea40-cc48-41a9-a1d1-1151a36e77d8
2019-09-26 16:54:07,792 [4a469c34-60df-4173-8d32-715e2ce97f5d@group-E5385069730C-SegmentedRaftLogWorker] INFO  impl.RoleInfo (RoleInfo.java:shutdownLeaderState(104)) - 4a469c34-60df-4173-8d32-715e2ce97f5d: shutdown LeaderState
2019-09-26 16:54:07,792 [deac9605-e739-4d95-8360-f57df793faca@group-F2FE724336A6-SegmentedRaftLogWorker] INFO  impl.StateMachineUpdater (StateMachineUpdater.java:stopAndJoin(125)) - deac9605-e739-4d95-8360-f57df793faca@group-F2FE724336A6-StateMachineUpdater: set stopIndex = -1
2019-09-26 16:54:07,791 [862ec94c-cd2d-47b3-b563-7d6c2816cb58@group-9787CA851A74-SegmentedRaftLogWorker] INFO  impl.PendingRequests (PendingRequests.java:sendNotLeaderResponses(202)) - 862ec94c-cd2d-47b3-b563-7d6c2816cb58-PendingRequests: sendNotLeaderResponses
2019-09-26 16:54:07,791 [862ec94c-cd2d-47b3-b563-7d6c2816cb58@group-40BFE342F714-SegmentedRaftLogWorker] INFO  impl.RoleInfo (RoleInfo.java:shutdownLeaderState(104)) - 862ec94c-cd2d-47b3-b563-7d6c2816cb58: shutdown LeaderState
2019-09-26 16:54:07,791 [579334d3-7c10-42f4-b10c-e6c2267ece25@group-C56D2282E793-SegmentedRaftLogWorker] INFO  impl.StateMachineUpdater (StateMachineUpdater.java:stopAndJoin(125)) - 579334d3-7c10-42f4-b10c-e6c2267ece25@group-C56D2282E793-StateMachineUpdater: set stopIndex = -1
2019-09-26 16:54:07,791 [d17cca1b-2e6b-48b2-8b1c-3559490fa529@group-F1CC7F31322C:LeaderElection126] INFO  impl.LeaderElection (LeaderElection.java:askForVotes(182)) - d17cca1b-2e6b-48b2-8b1c-3559490fa529@group-F1CC7F31322C:LeaderElection126: begin an election at term 1 for -1: [d17cca1b-2e6b-48b2-8b1c-3559490fa529:192.168.151.99:40714], old=null
2019-09-26 16:54:07,791 [4a469c34-60df-4173-8d32-715e2ce97f5d@group-D505D210B7C8-SegmentedRaftLogWorker] INFO  impl.StateMachineUpdater (StateMachineUpdater.java:stopAndJoin(125)) - 4a469c34-60df-4173-8d32-715e2ce97f5d@group-D505D210B7C8-StateMachineUpdater: set stopIndex = -1
2019-09-26 16:54:07,814 [4a469c34-60df-4173-8d32-715e2ce97f5d@group-D505D210B7C8-SegmentedRaftLogWorker] INFO  impl.RaftServerImpl (ServerState.java:close(385)) - 4a469c34-60df-4173-8d32-715e2ce97f5d@group-D505D210B7C8: closes. applyIndex: -1
2019-09-26 16:54:07,791 [5160ea40-cc48-41a9-a1d1-1151a36e77d8@group-1D62C6517019:LeaderElection124] INFO  impl.RaftServerImpl (ServerState.java:setLeader(253)) - 5160ea40-cc48-41a9-a1d1-1151a36e77d8@group-1D62C6517019: change Leader from null to 5160ea40-cc48-41a9-a1d1-1151a36e77d8 at term 1 for becomeLeader, leader elected after 10290ms
2019-09-26 16:54:07,814 [4a469c34-60df-4173-8d32-715e2ce97f5d@group-D505D210B7C8-SegmentedRaftLogWorker] INFO  segmented.SegmentedRaftLogWorker (SegmentedRaftLogWorker.java:close(228)) - 4a469c34-60df-4173-8d32-715e2ce97f5d@group-D505D210B7C8-SegmentedRaftLogWorker close()
2019-09-26 16:54:07,791 [579334d3-7c10-42f4-b10c-e6c2267ece25@group-B6B8FE2B0F73-SegmentedRaftLogWorker] INFO  impl.RoleInfo (RoleInfo.java:shutdownLeaderState(104)) - 579334d3-7c10-42f4-b10c-e6c2267ece25: shutdown LeaderState
2019-09-26 16:54:07,790 [862ec94c-cd2d-47b3-b563-7d6c2816cb58@group-B11DDC6028F8:LeaderElection116] INFO  impl.RaftServerImpl (RaftServerImpl.java:setRole(174)) - 862ec94c-cd2d-47b3-b563-7d6c2816cb58@group-B11DDC6028F8: changes role from CANDIDATE to LEADER at term 1 for changeToLeader
2019-09-26 16:54:07,790 [Thread-715] INFO  impl.RoleInfo (RoleInfo.java:updateAndGet(143)) - d17cca1b-2e6b-48b2-8b1c-3559490fa529: start LeaderElection
2019-09-26 16:54:07,826 [862ec94c-cd2d-47b3-b563-7d6c2816cb58@group-B11DDC6028F8:LeaderElection116] INFO  impl.RaftServerImpl (ServerState.java:setLeader(253)) - 862ec94c-cd2d-47b3-b563-7d6c2816cb58@group-B11DDC6028F8: change Leader from null to 862ec94c-cd2d-47b3-b563-7d6c2816cb58 at term 1 for becomeLeader, leader elected after 10482ms
2019-09-26 16:54:07,826 [579334d3-7c10-42f4-b10c-e6c2267ece25@group-B6B8FE2B0F73-SegmentedRaftLogWorker] INFO  impl.PendingRequests (PendingRequests.java:sendNotLeaderResponses(202)) - 579334d3-7c10-42f4-b10c-e6c2267ece25-PendingRequests: sendNotLeaderResponses
2019-09-26 16:54:07,814 [5160ea40-cc48-41a9-a1d1-1151a36e77d8@group-1D62C6517019:LeaderElection124] INFO  server.RaftServerConfigKeys (ConfUtils.java:logGet(43)) - raft.server.staging.catchup.gap = 1000 (default)
2019-09-26 16:54:07,827 [579334d3-7c10-42f4-b10c-e6c2267ece25@group-B6B8FE2B0F73-SegmentedRaftLogWorker] INFO  impl.StateMachineUpdater (StateMachineUpdater.java:stopAndJoin(125)) - 579334d3-7c10-42f4-b10c-e6c2267ece25@group-B6B8FE2B0F73-StateMachineUpdater: set stopIndex = -1
2019-09-26 16:54:07,827 [579334d3-7c10-42f4-b10c-e6c2267ece25@group-B6B8FE2B0F73-SegmentedRaftLogWorker] INFO  impl.RaftServerImpl (ServerState.java:close(385)) - 579334d3-7c10-42f4-b10c-e6c2267ece25@group-B6B8FE2B0F73: closes. applyIndex: -1
2019-09-26 16:54:07,814 [d17cca1b-2e6b-48b2-8b1c-3559490fa529@group-F1CC7F31322C:LeaderElection126] INFO  impl.RoleInfo (RoleInfo.java:shutdownLeaderElection(134)) - d17cca1b-2e6b-48b2-8b1c-3559490fa529: shutdown LeaderElection
2019-09-26 16:54:07,827 [579334d3-7c10-42f4-b10c-e6c2267ece25@group-B6B8FE2B0F73-SegmentedRaftLogWorker] INFO  segmented.SegmentedRaftLogWorker (SegmentedRaftLogWorker.java:close(228)) - 579334d3-7c10-42f4-b10c-e6c2267ece25@group-B6B8FE2B0F73-SegmentedRaftLogWorker close()
2019-09-26 16:54:07,827 [d17cca1b-2e6b-48b2-8b1c-3559490fa529@group-F1CC7F31322C:LeaderElection126] INFO  impl.RaftServerImpl (RaftServerImpl.java:setRole(174)) - d17cca1b-2e6b-48b2-8b1c-3559490fa529@group-F1CC7F31322C: changes role from CANDIDATE to LEADER at term 1 for changeToLeader
2019-09-26 16:54:07,814 [579334d3-7c10-42f4-b10c-e6c2267ece25@group-C56D2282E793-SegmentedRaftLogWorker] INFO  impl.RaftServerImpl (ServerState.java:close(385)) - 579334d3-7c10-42f4-b10c-e6c2267ece25@group-C56D2282E793: closes. applyIndex: -1
2019-09-26 16:54:07,813 [862ec94c-cd2d-47b3-b563-7d6c2816cb58@group-40BFE342F714-SegmentedRaftLogWorker] INFO  impl.PendingRequests (PendingRequests.java:sendNotLeaderResponses(202)) - 862ec94c-cd2d-47b3-b563-7d6c2816cb58-PendingRequests: sendNotLeaderResponses
2019-09-26 16:54:07,813 [862ec94c-cd2d-47b3-b563-7d6c2816cb58@group-9787CA851A74-SegmentedRaftLogWorker] INFO  impl.StateMachineUpdater (StateMachineUpdater.java:stopAndJoin(125)) - 862ec94c-cd2d-47b3-b563-7d6c2816cb58@group-9787CA851A74-StateMachineUpdater: set stopIndex = -1
2019-09-26 16:54:07,813 [deac9605-e739-4d95-8360-f57df793faca@group-F2FE724336A6-SegmentedRaftLogWorker] INFO  impl.RaftServerImpl (ServerState.java:close(385)) - deac9605-e739-4d95-8360-f57df793faca@group-F2FE724336A6: closes. applyIndex: -1
2019-09-26 16:54:07,813 [4a469c34-60df-4173-8d32-715e2ce97f5d@group-E5385069730C-SegmentedRaftLogWorker] INFO  impl.PendingRequests (PendingRequests.java:sendNotLeaderResponses(202)) - 4a469c34-60df-4173-8d32-715e2ce97f5d-PendingRequests: sendNotLeaderResponses
2019-09-26 16:54:07,813 [5160ea40-cc48-41a9-a1d1-1151a36e77d8@group-786C9481136A-SegmentedRaftLogWorker] INFO  impl.RoleInfo (RoleInfo.java:shutdownLeaderState(104)) - 5160ea40-cc48-41a9-a1d1-1151a36e77d8: shutdown LeaderState
2019-09-26 16:54:07,813 [5160ea40-cc48-41a9-a1d1-1151a36e77d8@group-802909185AE8-SegmentedRaftLogWorker] INFO  impl.RoleInfo (RoleInfo.java:shutdownLeaderState(104)) - 5160ea40-cc48-41a9-a1d1-1151a36e77d8: shutdown LeaderState
2019-09-26 16:54:07,813 [7fda706b-4e23-4e10-baba-12810c05fbbb@group-4FDFC239BA02:LeaderElection104] INFO  server.RaftServerConfigKeys (ConfUtils.java:logGet(43)) - raft.server.watch.timeout = 10s (default)
2019-09-26 16:54:07,813 [4a469c34-60df-4173-8d32-715e2ce97f5d@group-A7BE3457B0E0:LeaderElection105] INFO  server.RaftServerConfigKeys (ConfUtils.java:logGet(43)) - raft.server.watch.timeout = 10s (default)
2019-09-26 16:54:07,812 [5160ea40-cc48-41a9-a1d1-1151a36e77d8@group-51C7E0DD59E4-SegmentedRaftLogWorker] INFO  impl.RaftServerImpl (ServerState.java:close(385)) - 5160ea40-cc48-41a9-a1d1-1151a36e77d8@group-51C7E0DD59E4: closes. applyIndex: -1
2019-09-26 16:54:07,812 [pool-77-thread-1] INFO  server.RaftServerConfigKeys (ConfUtils.java:logGet(43)) - raft.server.rpc.timeout.max = 5200ms (custom)
2019-09-26 16:54:07,812 [pool-47-thread-1] INFO  server.RaftServerConfigKeys (ConfUtils.java:logGet(43)) - raft.server.rpcslowness.timeout = 120s (custom)
2019-09-26 16:54:07,811 [Thread-824] INFO  impl.RoleInfo (RoleInfo.java:updateAndGet(143)) - 579334d3-7c10-42f4-b10c-e6c2267ece25: start LeaderElection
2019-09-26 16:54:07,811 [Thread-826] INFO  impl.RoleInfo (RoleInfo.java:updateAndGet(143)) - 7fda706b-4e23-4e10-baba-12810c05fbbb: start LeaderElection
2019-09-26 16:54:07,811 [5160ea40-cc48-41a9-a1d1-1151a36e77d8@group-617DE8AE92D0:LeaderElection123] INFO  impl.RaftServerImpl (ServerState.java:setLeader(253)) - 5160ea40-cc48-41a9-a1d1-1151a36e77d8@group-617DE8AE92D0: change Leader from null to 5160ea40-cc48-41a9-a1d1-1151a36e77d8 at term 1 for becomeLeader, leader elected after 10397ms
2019-09-26 16:54:07,811 [pool-67-thread-1] INFO  server.RaftServerConfigKeys (ConfUtils.java:logGet(43)) - raft.server.rpcslowness.timeout = 120s (custom)
2019-09-26 16:54:07,811 [deac9605-e739-4d95-8360-f57df793faca@group-0BC6163609F7-SegmentedRaftLogWorker] INFO  impl.StateMachineUpdater (StateMachineUpdater.java:stopAndJoin(125)) - deac9605-e739-4d95-8360-f57df793faca@group-0BC6163609F7-StateMachineUpdater: set stopIndex = -1
2019-09-26 16:54:07,810 [579334d3-7c10-42f4-b10c-e6c2267ece25@group-D563116573F6:LeaderElection108] INFO  server.RaftServerConfigKeys (ConfUtils.java:logGet(43)) - raft.server.write.element-limit = 4096 (default)
2019-09-26 16:54:07,810 [579334d3-7c10-42f4-b10c-e6c2267ece25@group-C91694E883F7-SegmentedRaftLogWorker] INFO  impl.PendingRequests (PendingRequests.java:sendNotLeaderResponses(202)) - 579334d3-7c10-42f4-b10c-e6c2267ece25-PendingRequests: sendNotLeaderResponses
2019-09-26 16:54:07,810 [862ec94c-cd2d-47b3-b563-7d6c2816cb58@group-C38715E9C60B:LeaderElection101] INFO  impl.RoleInfo (RoleInfo.java:updateAndGet(143)) - 862ec94c-cd2d-47b3-b563-7d6c2816cb58: start LeaderState
2019-09-26 16:54:07,835 [579334d3-7c10-42f4-b10c-e6c2267ece25@group-C91694E883F7-SegmentedRaftLogWorker] INFO  impl.StateMachineUpdater (StateMachineUpdater.java:stopAndJoin(125)) - 579334d3-7c10-42f4-b10c-e6c2267ece25@group-C91694E883F7-StateMachineUpdater: set stopIndex = -1
2019-09-26 16:54:07,810 [4a469c34-60df-4173-8d32-715e2ce97f5d@group-B46AEE984DDF-SegmentedRaftLogWorker] INFO  impl.RaftServerImpl (ServerState.java:close(385)) - 4a469c34-60df-4173-8d32-715e2ce97f5d@group-B46AEE984DDF: closes. applyIndex: -1
2019-09-26 16:54:07,810 [862ec94c-cd2d-47b3-b563-7d6c2816cb58@group-42BFB3A1B838:LeaderElection102] INFO  impl.RoleInfo (RoleInfo.java:updateAndGet(143)) - 862ec94c-cd2d-47b3-b563-7d6c2816cb58: start LeaderState
2019-09-26 16:54:07,836 [4a469c34-60df-4173-8d32-715e2ce97f5d@group-B46AEE984DDF-SegmentedRaftLogWorker] INFO  segmented.SegmentedRaftLogWorker (SegmentedRaftLogWorker.java:close(228)) - 4a469c34-60df-4173-8d32-715e2ce97f5d@group-B46AEE984DDF-SegmentedRaftLogWorker close()
2019-09-26 16:54:07,810 [5160ea40-cc48-41a9-a1d1-1151a36e77d8@group-5CF5DB96C063:LeaderElection117] INFO  server.RaftServerConfigKeys (ConfUtils.java:logGet(43)) - raft.server.rpc.sleep.time = 25ms (default)
2019-09-26 16:54:07,810 [5160ea40-cc48-41a9-a1d1-1151a36e77d8@group-CF883E79110B-SegmentedRaftLogWorker] INFO  impl.RaftServerImpl (ServerState.java:close(385)) - 5160ea40-cc48-41a9-a1d1-1151a36e77d8@group-CF883E79110B: closes. applyIndex: -1
2019-09-26 16:54:07,840 [5160ea40-cc48-41a9-a1d1-1151a36e77d8@group-5CF5DB96C063:LeaderElection117] INFO  server.RaftServerConfigKeys (ConfUtils.java:logGet(43)) - raft.server.write.element-limit = 4096 (default)
2019-09-26 16:54:07,810 [d17cca1b-2e6b-48b2-8b1c-3559490fa529@group-0167F4A9536E-SegmentedRaftLogWorker] INFO  impl.StateMachineUpdater (StateMachineUpdater.java:stopAndJoin(125)) - d17cca1b-2e6b-48b2-8b1c-3559490fa529@group-0167F4A9536E-StateMachineUpdater: set stopIndex = -1
2019-09-26 16:54:07,841 [d17cca1b-2e6b-48b2-8b1c-3559490fa529@group-0167F4A9536E-SegmentedRaftLogWorker] INFO  impl.RaftServerImpl (ServerState.java:close(385)) - d17cca1b-2e6b-48b2-8b1c-3559490fa529@group-0167F4A9536E: closes. applyIndex: -1
2019-09-26 16:54:07,809 [pool-87-thread-1] INFO  server.RaftServerConfigKeys (ConfUtils.java:logGet(43)) - raft.server.log.force.sync.num = 128 (default)
2019-09-26 16:54:07,841 [pool-87-thread-1] INFO  server.RaftServerConfigKeys (ConfUtils.java:logGet(43)) - raft.server.log.statemachine.data.sync = true (default)
2019-09-26 16:54:07,809 [7fda706b-4e23-4e10-baba-12810c05fbbb@group-E1BD43987033-SegmentedRaftLogWorker] INFO  impl.PendingRequests (PendingRequests.java:sendNotLeaderResponses(202)) - 7fda706b-4e23-4e10-baba-12810c05fbbb-PendingRequests: sendNotLeaderResponses
2019-09-26 16:54:07,809 [5160ea40-cc48-41a9-a1d1-1151a36e77d8@group-D0054841AFC1-SegmentedRaftLogWorker] INFO  impl.RoleInfo (RoleInfo.java:shutdownLeaderState(104)) - 5160ea40-cc48-41a9-a1d1-1151a36e77d8: shutdown LeaderState
2019-09-26 16:54:07,809 [5160ea40-cc48-41a9-a1d1-1151a36e77d8@group-1E272E071DE3:LeaderElection122] INFO  impl.RaftServerImpl (ServerState.java:setLeader(253)) - 5160ea40-cc48-41a9-a1d1-1151a36e77d8@group-1E272E071DE3: change Leader from null to 5160ea40-cc48-41a9-a1d1-1151a36e77d8 at term 1 for becomeLeader, leader elected after 14928ms
2019-09-26 16:54:07,809 [d17cca1b-2e6b-48b2-8b1c-3559490fa529@group-5C044592C986:LeaderElection115] INFO  server.RaftServerConfigKeys (ConfUtils.java:logGet(43)) - raft.server.write.element-limit = 4096 (default)
2019-09-26 16:54:07,809 [d17cca1b-2e6b-48b2-8b1c-3559490fa529@group-0D035646D911:LeaderElection112] INFO  server.RaftServerConfigKeys (ConfUtils.java:logGet(43)) - raft.server.rpc.sleep.time = 25ms (default)
2019-09-26 16:54:07,809 [d17cca1b-2e6b-48b2-8b1c-3559490fa529@group-5A43D4DE6CA1:LeaderElection114] INFO  server.RaftServerConfigKeys (ConfUtils.java:logGet(43)) - raft.server.rpc.sleep.time = 25ms (default)
2019-09-26 16:54:07,808 [deac9605-e739-4d95-8360-f57df793faca@group-00F88C78472C-SegmentedRaftLogWorker] INFO  util.JmxRegister (JmxRegister.java:unregister(73)) - Successfully un-registered JMX Bean with object name Ratis:service=RaftServer,group=group-00F88C78472C,id=deac9605-e739-4d95-8360-f57df793faca
2019-09-26 16:54:07,808 [4a469c34-60df-4173-8d32-715e2ce97f5d@group-5D6BFF16FFC8-SegmentedRaftLogWorker] INFO  impl.RoleInfo (RoleInfo.java:shutdownLeaderState(104)) - 4a469c34-60df-4173-8d32-715e2ce97f5d: shutdown LeaderState
2019-09-26 16:54:07,808 [4a469c34-60df-4173-8d32-715e2ce97f5d@group-7AF6AB2F6015:LeaderElection113] INFO  server.RaftServerConfigKeys (ConfUtils.java:logGet(43)) - raft.server.rpc.sleep.time = 25ms (default)
2019-09-26 16:54:07,808 [5160ea40-cc48-41a9-a1d1-1151a36e77d8@group-C36002BBBA8D:LeaderElection106] INFO  server.RaftServerConfigKeys (ConfUtils.java:logGet(43)) - raft.server.watch.element-limit = 65536 (default)
2019-09-26 16:54:07,808 [579334d3-7c10-42f4-b10c-e6c2267ece25@group-972B7DA5E6F5:LeaderElection111] INFO  server.RaftServerConfigKeys (ConfUtils.java:logGet(43)) - raft.server.rpc.sleep.time = 25ms (default)
2019-09-26 16:54:07,808 [deac9605-e739-4d95-8360-f57df793faca@group-71380DB631E9:LeaderElection125] INFO  impl.RaftServerImpl (RaftServerImpl.java:setRole(174)) - deac9605-e739-4d95-8360-f57df793faca@group-71380DB631E9: changes role from CANDIDATE to LEADER at term 1 for changeToLeader
2019-09-26 16:54:07,808 [579334d3-7c10-42f4-b10c-e6c2267ece25@group-0B8F6A17CAB6:LeaderElection103] INFO  server.RaftServerConfigKeys (ConfUtils.java:logGet(43)) - raft.server.watch.element-limit = 65536 (default)
2019-09-26 16:54:07,808 [deac9605-e739-4d95-8360-f57df793faca@group-D1DC469F0812-SegmentedRaftLogWorker] INFO  segmented.SegmentedRaftLogWorker (SegmentedRaftLogWorker.java:close(228)) - deac9605-e739-4d95-8360-f57df793faca@group-D1DC469F0812-SegmentedRaftLogWorker close()
2019-09-26 16:54:07,807 [d17cca1b-2e6b-48b2-8b1c-3559490fa529@group-9F1614D968BA:LeaderElection107] INFO  server.RaftServerConfigKeys (ConfUtils.java:logGet(43)) - raft.server.write.element-limit = 4096 (default)
2019-09-26 16:54:07,807 [7fda706b-4e23-4e10-baba-12810c05fbbb@group-B2C475E91245:LeaderElection109] INFO  server.RaftServerConfigKeys (ConfUtils.java:logGet(43)) - raft.server.rpc.sleep.time = 25ms (default)
2019-09-26 16:54:07,807 [7fda706b-4e23-4e10-baba-12810c05fbbb@group-D4838260B295:LeaderElection121] INFO  server.RaftServerConfigKeys (ConfUtils.java:logGet(43)) - raft.server.rpc.sleep.time = 25ms (default)
2019-09-26 16:54:07,847 [7fda706b-4e23-4e10-baba-12810c05fbbb@group-B2C475E91245:LeaderElection109] INFO  server.RaftServerConfigKeys (ConfUtils.java:logGet(43)) - raft.server.write.element-limit = 4096 (default)
2019-09-26 16:54:07,806 [4a469c34-60df-4173-8d32-715e2ce97f5d@group-192151A5EAFE:LeaderElection119] INFO  server.RaftServerConfigKeys (ConfUtils.java:logGet(43)) - raft.server.staging.catchup.gap = 1000 (default)
2019-09-26 16:54:07,806 [4a469c34-60df-4173-8d32-715e2ce97f5d@group-528B81068606:LeaderElection120] INFO  impl.RaftServerImpl (ServerState.java:setLeader(253)) - 4a469c34-60df-4173-8d32-715e2ce97f5d@group-528B81068606: change Leader from null to 4a469c34-60df-4173-8d32-715e2ce97f5d at term 1 for becomeLeader, leader elected after 10096ms
2019-09-26 16:54:07,806 [862ec94c-cd2d-47b3-b563-7d6c2816cb58@group-26B889F3603E:LeaderElection118] INFO  impl.RaftServerImpl (ServerState.java:setLeader(253)) - 862ec94c-cd2d-47b3-b563-7d6c2816cb58@group-26B889F3603E: change Leader from null to 862ec94c-cd2d-47b3-b563-7d6c2816cb58 at term 1 for becomeLeader, leader elected after 10196ms
2019-09-26 16:54:07,806 [4a469c34-60df-4173-8d32-715e2ce97f5d@group-8454D3131D9D:LeaderElection110] INFO  impl.RaftServerImpl (ServerState.java:setLeader(253)) - 4a469c34-60df-4173-8d32-715e2ce97f5d@group-8454D3131D9D: change Leader from null to 4a469c34-60df-4173-8d32-715e2ce97f5d at term 1 for becomeLeader, leader elected after 10672ms
2019-09-26 16:54:07,847 [862ec94c-cd2d-47b3-b563-7d6c2816cb58@group-26B889F3603E:LeaderElection118] INFO  server.RaftServerConfigKeys (ConfUtils.java:logGet(43)) - raft.server.staging.catchup.gap = 1000 (default)
2019-09-26 16:54:07,847 [4a469c34-60df-4173-8d32-715e2ce97f5d@group-528B81068606:LeaderElection120] INFO  server.RaftServerConfigKeys (ConfUtils.java:logGet(43)) - raft.server.staging.catchup.gap = 1000 (default)
2019-09-26 16:54:07,847 [4a469c34-60df-4173-8d32-715e2ce97f5d@group-192151A5EAFE:LeaderElection119] INFO  server.RaftServerConfigKeys (ConfUtils.java:logGet(43)) - raft.server.rpc.sleep.time = 25ms (default)
2019-09-26 16:54:07,847 [7fda706b-4e23-4e10-baba-12810c05fbbb@group-B2C475E91245:LeaderElection109] INFO  server.RaftServerConfigKeys (ConfUtils.java:logGet(43)) - raft.server.watch.timeout = 10s (default)
2019-09-26 16:54:07,847 [7fda706b-4e23-4e10-baba-12810c05fbbb@group-D4838260B295:LeaderElection121] INFO  server.RaftServerConfigKeys (ConfUtils.java:logGet(43)) - raft.server.write.element-limit = 4096 (default)
2019-09-26 16:54:07,847 [7fda706b-4e23-4e10-baba-12810c05fbbb@group-BA65C6CD63B8:LeaderElection129] INFO  impl.LeaderElection (LeaderElection.java:askForVotes(182)) - 7fda706b-4e23-4e10-baba-12810c05fbbb@group-BA65C6CD63B8:LeaderElection129: begin an election at term 1 for -1: [579334d3-7c10-42f4-b10c-e6c2267ece25:192.168.151.99:34131, d17cca1b-2e6b-48b2-8b1c-3559490fa529:192.168.151.99:40714, 7fda706b-4e23-4e10-baba-12810c05fbbb:192.168.151.99:32897], old=null
2019-09-26 16:54:07,847 [579334d3-7c10-42f4-b10c-e6c2267ece25@group-BA65C6CD63B8:LeaderElection130] INFO  impl.LeaderElection (LeaderElection.java:askForVotes(182)) - 579334d3-7c10-42f4-b10c-e6c2267ece25@group-BA65C6CD63B8:LeaderElection130: begin an election at term 1 for -1: [579334d3-7c10-42f4-b10c-e6c2267ece25:192.168.151.99:34131, d17cca1b-2e6b-48b2-8b1c-3559490fa529:192.168.151.99:40714, 7fda706b-4e23-4e10-baba-12810c05fbbb:192.168.151.99:32897], old=null
2019-09-26 16:54:07,847 [d17cca1b-2e6b-48b2-8b1c-3559490fa529@group-1CD36E5E23BA:LeaderElection127] INFO  impl.LeaderElection (LeaderElection.java:askForVotes(182)) - d17cca1b-2e6b-48b2-8b1c-3559490fa529@group-1CD36E5E23BA:LeaderElection127: begin an election at term 1 for -1: [d17cca1b-2e6b-48b2-8b1c-3559490fa529:192.168.151.99:40714], old=null
2019-09-26 16:54:07,847 [d17cca1b-2e6b-48b2-8b1c-3559490fa529@group-9F1614D968BA:LeaderElection107] INFO  server.RaftServerConfigKeys (ConfUtils.java:logGet(43)) - raft.server.watch.timeout = 10s (default)
2019-09-26 16:54:07,842 [deac9605-e739-4d95-8360-f57df793faca@group-71380DB631E9:LeaderElection125] INFO  impl.RaftServerImpl (ServerState.java:setLeader(253)) - deac9605-e739-4d95-8360-f57df793faca@group-71380DB631E9: change Leader from null to deac9605-e739-4d95-8360-f57df793faca at term 1 for becomeLeader, leader elected after 10272ms
2019-09-26 16:54:07,842 [579334d3-7c10-42f4-b10c-e6c2267ece25@group-972B7DA5E6F5:LeaderElection111] INFO  server.RaftServerConfigKeys (ConfUtils.java:logGet(43)) - raft.server.write.element-limit = 4096 (default)
2019-09-26 16:54:07,849 [579334d3-7c10-42f4-b10c-e6c2267ece25@group-972B7DA5E6F5:LeaderElection111] INFO  server.RaftServerConfigKeys (ConfUtils.java:logGet(43)) - raft.server.watch.timeout = 10s (default)
2019-09-26 16:54:07,842 [4a469c34-60df-4173-8d32-715e2ce97f5d@group-7AF6AB2F6015:LeaderElection113] INFO  server.RaftServerConfigKeys (ConfUtils.java:logGet(43)) - raft.server.write.element-limit = 4096 (default)
2019-09-26 16:54:07,842 [4a469c34-60df-4173-8d32-715e2ce97f5d@group-5D6BFF16FFC8-SegmentedRaftLogWorker] INFO  impl.PendingRequests (PendingRequests.java:sendNotLeaderResponses(202)) - 4a469c34-60df-4173-8d32-715e2ce97f5d-PendingRequests: sendNotLeaderResponses
2019-09-26 16:54:07,842 [deac9605-e739-4d95-8360-f57df793faca@group-00F88C78472C-SegmentedRaftLogWorker] INFO  impl.RoleInfo (RoleInfo.java:shutdownLeaderState(104)) - deac9605-e739-4d95-8360-f57df793faca: shutdown LeaderState
2019-09-26 16:54:07,842 [d17cca1b-2e6b-48b2-8b1c-3559490fa529@group-5A43D4DE6CA1:LeaderElection114] INFO  server.RaftServerConfigKeys (ConfUtils.java:logGet(43)) - raft.server.write.element-limit = 4096 (default)
2019-09-26 16:54:07,842 [d17cca1b-2e6b-48b2-8b1c-3559490fa529@group-0D035646D911:LeaderElection112] INFO  server.RaftServerConfigKeys (ConfUtils.java:logGet(43)) - raft.server.write.element-limit = 4096 (default)
2019-09-26 16:54:07,849 [d17cca1b-2e6b-48b2-8b1c-3559490fa529@group-0D035646D911:LeaderElection112] INFO  server.RaftServerConfigKeys (ConfUtils.java:logGet(43)) - raft.server.watch.timeout = 10s (default)
2019-09-26 16:54:07,842 [d17cca1b-2e6b-48b2-8b1c-3559490fa529@group-5C044592C986:LeaderElection115] INFO  server.RaftServerConfigKeys (ConfUtils.java:logGet(43)) - raft.server.watch.timeout = 10s (default)
2019-09-26 16:54:07,849 [d17cca1b-2e6b-48b2-8b1c-3559490fa529@group-5C044592C986:LeaderElection115] INFO  server.RaftServerConfigKeys (ConfUtils.java:logGet(43)) - raft.server.watch.timeout.denomination = 1s (default)
2019-09-26 16:54:07,841 [5160ea40-cc48-41a9-a1d1-1151a36e77d8@group-1E272E071DE3:LeaderElection122] INFO  server.RaftServerConfigKeys (ConfUtils.java:logGet(43)) - raft.server.staging.catchup.gap = 1000 (default)
2019-09-26 16:54:07,841 [7fda706b-4e23-4e10-baba-12810c05fbbb@group-E1BD43987033-SegmentedRaftLogWorker] INFO  impl.StateMachineUpdater (StateMachineUpdater.java:stopAndJoin(125)) - 7fda706b-4e23-4e10-baba-12810c05fbbb@group-E1BD43987033-StateMachineUpdater: set stopIndex = -1
2019-09-26 16:54:07,850 [7fda706b-4e23-4e10-baba-12810c05fbbb@group-E1BD43987033-SegmentedRaftLogWorker] INFO  impl.RaftServerImpl (ServerState.java:close(385)) - 7fda706b-4e23-4e10-baba-12810c05fbbb@group-E1BD43987033: closes. applyIndex: -1
2019-09-26 16:54:07,841 [5160ea40-cc48-41a9-a1d1-1151a36e77d8@group-D0054841AFC1-SegmentedRaftLogWorker] INFO  impl.PendingRequests (PendingRequests.java:sendNotLeaderResponses(202)) - 5160ea40-cc48-41a9-a1d1-1151a36e77d8-PendingRequests: sendNotLeaderResponses
2019-09-26 16:54:07,841 [pool-87-thread-1] INFO  server.RaftServerConfigKeys (ConfUtils.java:logGet(43)) - raft.server.log.statemachine.data.sync.timeout = 10s (default)
2019-09-26 16:54:07,841 [d17cca1b-2e6b-48b2-8b1c-3559490fa529@group-0167F4A9536E-SegmentedRaftLogWorker] INFO  segmented.SegmentedRaftLogWorker (SegmentedRaftLogWorker.java:close(228)) - d17cca1b-2e6b-48b2-8b1c-3559490fa529@group-0167F4A9536E-SegmentedRaftLogWorker close()
2019-09-26 16:54:07,841 [5160ea40-cc48-41a9-a1d1-1151a36e77d8@group-5CF5DB96C063:LeaderElection117] INFO  server.RaftServerConfigKeys (ConfUtils.java:logGet(43)) - raft.server.watch.timeout = 10s (default)
2019-09-26 16:54:07,840 [5160ea40-cc48-41a9-a1d1-1151a36e77d8@group-CF883E79110B-SegmentedRaftLogWorker] INFO  segmented.SegmentedRaftLogWorker (SegmentedRaftLogWorker.java:close(228)) - 5160ea40-cc48-41a9-a1d1-1151a36e77d8@group-CF883E79110B-SegmentedRaftLogWorker close()
2019-09-26 16:54:07,836 [862ec94c-cd2d-47b3-b563-7d6c2816cb58@group-42BFB3A1B838:LeaderElection102] INFO  segmented.SegmentedRaftLogWorker (SegmentedRaftLogWorker.java:startLogSegment(380)) - 862ec94c-cd2d-47b3-b563-7d6c2816cb58@group-42BFB3A1B838-SegmentedRaftLogWorker: Starting segment from index:0
2019-09-26 16:54:07,836 [579334d3-7c10-42f4-b10c-e6c2267ece25@group-C91694E883F7-SegmentedRaftLogWorker] INFO  impl.RaftServerImpl (ServerState.java:close(385)) - 579334d3-7c10-42f4-b10c-e6c2267ece25@group-C91694E883F7: closes. applyIndex: -1
2019-09-26 16:54:07,836 [862ec94c-cd2d-47b3-b563-7d6c2816cb58@group-C38715E9C60B:LeaderElection101] INFO  segmented.SegmentedRaftLogWorker (SegmentedRaftLogWorker.java:startLogSegment(380)) - 862ec94c-cd2d-47b3-b563-7d6c2816cb58@group-C38715E9C60B-SegmentedRaftLogWorker: Starting segment from index:0
2019-09-26 16:54:07,835 [579334d3-7c10-42f4-b10c-e6c2267ece25@group-D563116573F6:LeaderElection108] INFO  server.RaftServerConfigKeys (ConfUtils.java:logGet(43)) - raft.server.watch.timeout = 10s (default)
2019-09-26 16:54:07,835 [deac9605-e739-4d95-8360-f57df793faca@group-0BC6163609F7-SegmentedRaftLogWorker] INFO  impl.RaftServerImpl (ServerState.java:close(385)) - deac9605-e739-4d95-8360-f57df793faca@group-0BC6163609F7: closes. applyIndex: -1
2019-09-26 16:54:07,835 [pool-67-thread-1] INFO  server.RaftServerConfigKeys (ConfUtils.java:logGet(43)) - raft.server.sleep.deviation.threshold = 300 (default)
2019-09-26 16:54:07,835 [5160ea40-cc48-41a9-a1d1-1151a36e77d8@group-617DE8AE92D0:LeaderElection123] INFO  server.RaftServerConfigKeys (ConfUtils.java:logGet(43)) - raft.server.staging.catchup.gap = 1000 (default)
2019-09-26 16:54:07,835 [pool-47-thread-1] INFO  server.RaftServerConfigKeys (ConfUtils.java:logGet(43)) - raft.server.sleep.deviation.threshold = 300 (default)
2019-09-26 16:54:08,374 [862ec94c-cd2d-47b3-b563-7d6c2816cb58@group-C38715E9C60B:LeaderElection101] INFO  impl.RaftServerImpl (ServerState.java:setRaftConf(354)) - 862ec94c-cd2d-47b3-b563-7d6c2816cb58@group-C38715E9C60B: set configuration 0: [862ec94c-cd2d-47b3-b563-7d6c2816cb58:192.168.151.99:36916], old=null at 0
2019-09-26 16:54:07,835 [5160ea40-cc48-41a9-a1d1-1151a36e77d8@group-51C7E0DD59E4-SegmentedRaftLogWorker] INFO  segmented.SegmentedRaftLogWorker (SegmentedRaftLogWorker.java:close(228)) - 5160ea40-cc48-41a9-a1d1-1151a36e77d8@group-51C7E0DD59E4-SegmentedRaftLogWorker close()
2019-09-26 16:54:07,834 [pool-77-thread-1] INFO  server.RaftServerConfigKeys (ConfUtils.java:logGet(43)) - raft.server.rpcslowness.timeout = 120s (custom)
2019-09-26 16:54:07,834 [4a469c34-60df-4173-8d32-715e2ce97f5d@group-A7BE3457B0E0:LeaderElection105] INFO  server.RaftServerConfigKeys (ConfUtils.java:logGet(43)) - raft.server.watch.timeout.denomination = 1s (default)
2019-09-26 16:54:07,834 [7fda706b-4e23-4e10-baba-12810c05fbbb@group-4FDFC239BA02:LeaderElection104] INFO  server.RaftServerConfigKeys (ConfUtils.java:logGet(43)) - raft.server.watch.timeout.denomination = 1s (default)
2019-09-26 16:54:07,834 [5160ea40-cc48-41a9-a1d1-1151a36e77d8@group-802909185AE8-SegmentedRaftLogWorker] INFO  impl.PendingRequests (PendingRequests.java:sendNotLeaderResponses(202)) - 5160ea40-cc48-41a9-a1d1-1151a36e77d8-PendingRequests: sendNotLeaderResponses
2019-09-26 16:54:07,834 [5160ea40-cc48-41a9-a1d1-1151a36e77d8@group-786C9481136A-SegmentedRaftLogWorker] INFO  impl.PendingRequests (PendingRequests.java:sendNotLeaderResponses(202)) - 5160ea40-cc48-41a9-a1d1-1151a36e77d8-PendingRequests: sendNotLeaderResponses
2019-09-26 16:54:07,834 [4a469c34-60df-4173-8d32-715e2ce97f5d@group-E5385069730C-SegmentedRaftLogWorker] INFO  impl.StateMachineUpdater (StateMachineUpdater.java:stopAndJoin(125)) - 4a469c34-60df-4173-8d32-715e2ce97f5d@group-E5385069730C-StateMachineUpdater: set stopIndex = -1
2019-09-26 16:54:08,405 [4a469c34-60df-4173-8d32-715e2ce97f5d@group-E5385069730C-SegmentedRaftLogWorker] INFO  impl.RaftServerImpl (ServerState.java:close(385)) - 4a469c34-60df-4173-8d32-715e2ce97f5d@group-E5385069730C: closes. applyIndex: -1
2019-09-26 16:54:07,833 [deac9605-e739-4d95-8360-f57df793faca@group-F2FE724336A6-SegmentedRaftLogWorker] INFO  segmented.SegmentedRaftLogWorker (SegmentedRaftLogWorker.java:close(228)) - deac9605-e739-4d95-8360-f57df793faca@group-F2FE724336A6-SegmentedRaftLogWorker close()
2019-09-26 16:54:08,406 [4a469c34-60df-4173-8d32-715e2ce97f5d@group-E5385069730C-SegmentedRaftLogWorker] INFO  segmented.SegmentedRaftLogWorker (SegmentedRaftLogWorker.java:close(228)) - 4a469c34-60df-4173-8d32-715e2ce97f5d@group-E5385069730C-SegmentedRaftLogWorker close()
2019-09-26 16:54:07,833 [862ec94c-cd2d-47b3-b563-7d6c2816cb58@group-40BFE342F714-SegmentedRaftLogWorker] INFO  impl.StateMachineUpdater (StateMachineUpdater.java:stopAndJoin(125)) - 862ec94c-cd2d-47b3-b563-7d6c2816cb58@group-40BFE342F714-StateMachineUpdater: set stopIndex = -1
2019-09-26 16:54:07,833 [862ec94c-cd2d-47b3-b563-7d6c2816cb58@group-9787CA851A74-SegmentedRaftLogWorker] INFO  impl.RaftServerImpl (ServerState.java:close(385)) - 862ec94c-cd2d-47b3-b563-7d6c2816cb58@group-9787CA851A74: closes. applyIndex: -1
2019-09-26 16:54:07,833 [579334d3-7c10-42f4-b10c-e6c2267ece25@group-C56D2282E793-SegmentedRaftLogWorker] INFO  segmented.SegmentedRaftLogWorker (SegmentedRaftLogWorker.java:close(228)) - 579334d3-7c10-42f4-b10c-e6c2267ece25@group-C56D2282E793-SegmentedRaftLogWorker close()
2019-09-26 16:54:07,833 [d17cca1b-2e6b-48b2-8b1c-3559490fa529@group-F1CC7F31322C:LeaderElection126] INFO  impl.RaftServerImpl (ServerState.java:setLeader(253)) - d17cca1b-2e6b-48b2-8b1c-3559490fa529@group-F1CC7F31322C: change Leader from null to d17cca1b-2e6b-48b2-8b1c-3559490fa529 at term 1 for becomeLeader, leader elected after 14995ms
2019-09-26 16:54:07,827 [5160ea40-cc48-41a9-a1d1-1151a36e77d8@group-1D62C6517019:LeaderElection124] INFO  server.RaftServerConfigKeys (ConfUtils.java:logGet(43)) - raft.server.rpc.sleep.time = 25ms (default)
2019-09-26 16:54:07,826 [862ec94c-cd2d-47b3-b563-7d6c2816cb58@group-B11DDC6028F8:LeaderElection116] INFO  server.RaftServerConfigKeys (ConfUtils.java:logGet(43)) - raft.server.staging.catchup.gap = 1000 (default)
2019-09-26 16:54:07,826 [d17cca1b-2e6b-48b2-8b1c-3559490fa529@group-BA65C6CD63B8:LeaderElection128] INFO  impl.LeaderElection (LeaderElection.java:askForVotes(182)) - d17cca1b-2e6b-48b2-8b1c-3559490fa529@group-BA65C6CD63B8:LeaderElection128: begin an election at term 1 for -1: [579334d3-7c10-42f4-b10c-e6c2267ece25:192.168.151.99:34131, d17cca1b-2e6b-48b2-8b1c-3559490fa529:192.168.151.99:40714, 7fda706b-4e23-4e10-baba-12810c05fbbb:192.168.151.99:32897], old=null
2019-09-26 16:54:08,435 [862ec94c-cd2d-47b3-b563-7d6c2816cb58@group-B11DDC6028F8:LeaderElection116] INFO  server.RaftServerConfigKeys (ConfUtils.java:logGet(43)) - raft.server.rpc.sleep.time = 25ms (default)
2019-09-26 16:54:08,435 [5160ea40-cc48-41a9-a1d1-1151a36e77d8@group-1D62C6517019:LeaderElection124] INFO  server.RaftServerConfigKeys (ConfUtils.java:logGet(43)) - raft.server.write.element-limit = 4096 (default)
2019-09-26 16:54:08,435 [d17cca1b-2e6b-48b2-8b1c-3559490fa529@group-F1CC7F31322C:LeaderElection126] INFO  server.RaftServerConfigKeys (ConfUtils.java:logGet(43)) - raft.server.staging.catchup.gap = 1000 (default)
2019-09-26 16:54:08,435 [862ec94c-cd2d-47b3-b563-7d6c2816cb58@group-9787CA851A74-SegmentedRaftLogWorker] INFO  segmented.SegmentedRaftLogWorker (SegmentedRaftLogWorker.java:close(228)) - 862ec94c-cd2d-47b3-b563-7d6c2816cb58@group-9787CA851A74-SegmentedRaftLogWorker close()
2019-09-26 16:54:08,434 [862ec94c-cd2d-47b3-b563-7d6c2816cb58@group-40BFE342F714-SegmentedRaftLogWorker] INFO  impl.RaftServerImpl (ServerState.java:close(385)) - 862ec94c-cd2d-47b3-b563-7d6c2816cb58@group-40BFE342F714: closes. applyIndex: -1
2019-09-26 16:54:08,412 [5160ea40-cc48-41a9-a1d1-1151a36e77d8@group-CAAA41AA227D-SegmentedRaftLogWorker] ERROR segmented.SegmentedRaftLogWorker (SegmentedRaftLogWorker.java:run(323)) - 5160ea40-cc48-41a9-a1d1-1151a36e77d8@group-CAAA41AA227D-SegmentedRaftLogWorker hit exception
java.lang.OutOfMemoryError: Direct buffer memory
	at java.nio.Bits.reserveMemory(Bits.java:666)
	at java.nio.DirectByteBuffer.<init>(DirectByteBuffer.java:123)
	at java.nio.ByteBuffer.allocateDirect(ByteBuffer.java:311)
	at org.apache.ratis.server.raftlog.segmented.BufferedWriteChannel.<init>(BufferedWriteChannel.java:41)
	at org.apache.ratis.server.raftlog.segmented.SegmentedRaftLogOutputStream.<init>(SegmentedRaftLogOutputStream.java:72)
	at org.apache.ratis.server.raftlog.segmented.SegmentedRaftLogWorker$StartLogSegment.execute(SegmentedRaftLogWorker.java:566)
	at org.apache.ratis.server.raftlog.segmented.SegmentedRaftLogWorker.run(SegmentedRaftLogWorker.java:289)
	at java.lang.Thread.run(Thread.java:748)
2019-09-26 16:54:08,412 [7fda706b-4e23-4e10-baba-12810c05fbbb@group-6E23EBD9EBC2-SegmentedRaftLogWorker] ERROR segmented.SegmentedRaftLogWorker (SegmentedRaftLogWorker.java:run(323)) - 7fda706b-4e23-4e10-baba-12810c05fbbb@group-6E23EBD9EBC2-SegmentedRaftLogWorker hit exception
java.lang.OutOfMemoryError: Direct buffer memory
	at java.nio.Bits.reserveMemory(Bits.java:666)
	at java.nio.DirectByteBuffer.<init>(DirectByteBuffer.java:123)
	at java.nio.ByteBuffer.allocateDirect(ByteBuffer.java:311)
	at org.apache.ratis.server.raftlog.segmented.BufferedWriteChannel.<init>(BufferedWriteChannel.java:41)
	at org.apache.ratis.server.raftlog.segmented.SegmentedRaftLogOutputStream.<init>(SegmentedRaftLogOutputStream.java:72)
	at org.apache.ratis.server.raftlog.segmented.SegmentedRaftLogWorker$StartLogSegment.execute(SegmentedRaftLogWorker.java:566)
	at org.apache.ratis.server.raftlog.segmented.SegmentedRaftLogWorker.run(SegmentedRaftLogWorker.java:289)
	at java.lang.Thread.run(Thread.java:748)
2019-09-26 16:54:08,412 [862ec94c-cd2d-47b3-b563-7d6c2816cb58@group-17D412075A1C-SegmentedRaftLogWorker] ERROR segmented.SegmentedRaftLogWorker (SegmentedRaftLogWorker.java:run(323)) - 862ec94c-cd2d-47b3-b563-7d6c2816cb58@group-17D412075A1C-SegmentedRaftLogWorker hit exception
java.lang.OutOfMemoryError: Direct buffer memory
	at java.nio.Bits.reserveMemory(Bits.java:666)
	at java.nio.DirectByteBuffer.<init>(DirectByteBuffer.java:123)
	at java.nio.ByteBuffer.allocateDirect(ByteBuffer.java:311)
	at org.apache.ratis.server.raftlog.segmented.BufferedWriteChannel.<init>(BufferedWriteChannel.java:41)
	at org.apache.ratis.server.raftlog.segmented.SegmentedRaftLogOutputStream.<init>(SegmentedRaftLogOutputStream.java:72)
	at org.apache.ratis.server.raftlog.segmented.SegmentedRaftLogWorker$StartLogSegment.execute(SegmentedRaftLogWorker.java:566)
	at org.apache.ratis.server.raftlog.segmented.SegmentedRaftLogWorker.run(SegmentedRaftLogWorker.java:289)
	at java.lang.Thread.run(Thread.java:748)
2019-09-26 16:54:08,405 [5160ea40-cc48-41a9-a1d1-1151a36e77d8@group-786C9481136A-SegmentedRaftLogWorker] INFO  impl.StateMachineUpdater (StateMachineUpdater.java:stopAndJoin(125)) - 5160ea40-cc48-41a9-a1d1-1151a36e77d8@group-786C9481136A-StateMachineUpdater: set stopIndex = -1
2019-09-26 16:54:08,405 [5160ea40-cc48-41a9-a1d1-1151a36e77d8@group-802909185AE8-SegmentedRaftLogWorker] INFO  impl.StateMachineUpdater (StateMachineUpdater.java:stopAndJoin(125)) - 5160ea40-cc48-41a9-a1d1-1151a36e77d8@group-802909185AE8-StateMachineUpdater: set stopIndex = -1
2019-09-26 16:54:08,405 [7fda706b-4e23-4e10-baba-12810c05fbbb@group-4FDFC239BA02:LeaderElection104] INFO  server.RaftServerConfigKeys (ConfUtils.java:logGet(43)) - raft.server.watch.element-limit = 65536 (default)
2019-09-26 16:54:08,405 [4a469c34-60df-4173-8d32-715e2ce97f5d@group-A7BE3457B0E0:LeaderElection105] INFO  server.RaftServerConfigKeys (ConfUtils.java:logGet(43)) - raft.server.watch.element-limit = 65536 (default)
2019-09-26 16:54:08,404 [pool-77-thread-1] INFO  server.RaftServerConfigKeys (ConfUtils.java:logGet(43)) - raft.server.sleep.deviation.threshold = 300 (default)
2019-09-26 16:54:08,374 [pool-47-thread-1] INFO  server.RaftServerConfigKeys (ConfUtils.java:logGet(43)) - raft.server.log.appender.install.snapshot.enabled = false (custom)
2019-09-26 16:54:08,374 [5160ea40-cc48-41a9-a1d1-1151a36e77d8@group-617DE8AE92D0:LeaderElection123] INFO  server.RaftServerConfigKeys (ConfUtils.java:logGet(43)) - raft.server.rpc.sleep.time = 25ms (default)
2019-09-26 16:54:08,158 [pool-67-thread-1] INFO  server.RaftServerConfigKeys (ConfUtils.java:logGet(43)) - raft.server.log.appender.install.snapshot.enabled = false (custom)
2019-09-26 16:54:08,158 [deac9605-e739-4d95-8360-f57df793faca@group-0BC6163609F7-SegmentedRaftLogWorker] INFO  segmented.SegmentedRaftLogWorker (SegmentedRaftLogWorker.java:close(228)) - deac9605-e739-4d95-8360-f57df793faca@group-0BC6163609F7-SegmentedRaftLogWorker close()
2019-09-26 16:54:08,158 [579334d3-7c10-42f4-b10c-e6c2267ece25@group-D563116573F6:LeaderElection108] INFO  server.RaftServerConfigKeys (ConfUtils.java:logGet(43)) - raft.server.watch.timeout.denomination = 1s (default)
2019-09-26 16:54:08,158 [862ec94c-cd2d-47b3-b563-7d6c2816cb58@group-42BFB3A1B838:LeaderElection102] INFO  impl.RaftServerImpl (ServerState.java:setRaftConf(354)) - 862ec94c-cd2d-47b3-b563-7d6c2816cb58@group-42BFB3A1B838: set configuration 0: [862ec94c-cd2d-47b3-b563-7d6c2816cb58:192.168.151.99:36916], old=null at 0
2019-09-26 16:54:08,155 [862ec94c-cd2d-47b3-b563-7d6c2816cb58@group-B5732A1D60A2-SegmentedRaftLogWorker] ERROR segmented.SegmentedRaftLogWorker (SegmentedRaftLogWorker.java:run(323)) - 862ec94c-cd2d-47b3-b563-7d6c2816cb58@group-B5732A1D60A2-SegmentedRaftLogWorker hit exception
java.lang.OutOfMemoryError: Direct buffer memory
	at java.nio.Bits.reserveMemory(Bits.java:666)
	at java.nio.DirectByteBuffer.<init>(DirectByteBuffer.java:123)
	at java.nio.ByteBuffer.allocateDirect(ByteBuffer.java:311)
	at org.apache.ratis.server.raftlog.segmented.BufferedWriteChannel.<init>(BufferedWriteChannel.java:41)
	at org.apache.ratis.server.raftlog.segmented.SegmentedRaftLogOutputStream.<init>(SegmentedRaftLogOutputStream.java:72)
	at org.apache.ratis.server.raftlog.segmented.SegmentedRaftLogWorker$StartLogSegment.execute(SegmentedRaftLogWorker.java:566)
	at org.apache.ratis.server.raftlog.segmented.SegmentedRaftLogWorker.run(SegmentedRaftLogWorker.java:289)
	at java.lang.Thread.run(Thread.java:748)
2019-09-26 16:54:07,860 [579334d3-7c10-42f4-b10c-e6c2267ece25@group-C91694E883F7-SegmentedRaftLogWorker] INFO  segmented.SegmentedRaftLogWorker (SegmentedRaftLogWorker.java:close(228)) - 579334d3-7c10-42f4-b10c-e6c2267ece25@group-C91694E883F7-SegmentedRaftLogWorker close()
2019-09-26 16:54:07,855 [5160ea40-cc48-41a9-a1d1-1151a36e77d8@group-5CF5DB96C063:LeaderElection117] INFO  server.RaftServerConfigKeys (ConfUtils.java:logGet(43)) - raft.server.watch.timeout.denomination = 1s (default)
2019-09-26 16:54:08,449 [5160ea40-cc48-41a9-a1d1-1151a36e77d8@group-5CF5DB96C063:LeaderElection117] INFO  server.RaftServerConfigKeys (ConfUtils.java:logGet(43)) - raft.server.watch.element-limit = 65536 (default)
2019-09-26 16:54:07,850 [pool-87-thread-1] INFO  server.RaftServerConfigKeys (ConfUtils.java:logGet(43)) - raft.server.log.statemachine.data.sync.timeout.retry = -1 (default)
2019-09-26 16:54:07,850 [5160ea40-cc48-41a9-a1d1-1151a36e77d8@group-D0054841AFC1-SegmentedRaftLogWorker] INFO  impl.StateMachineUpdater (StateMachineUpdater.java:stopAndJoin(125)) - 5160ea40-cc48-41a9-a1d1-1151a36e77d8@group-D0054841AFC1-StateMachineUpdater: set stopIndex = -1
2019-09-26 16:54:08,449 [5160ea40-cc48-41a9-a1d1-1151a36e77d8@group-D0054841AFC1-SegmentedRaftLogWorker] INFO  impl.RaftServerImpl (ServerState.java:close(385)) - 5160ea40-cc48-41a9-a1d1-1151a36e77d8@group-D0054841AFC1: closes. applyIndex: -1
2019-09-26 16:54:07,850 [7fda706b-4e23-4e10-baba-12810c05fbbb@group-E1BD43987033-SegmentedRaftLogWorker] INFO  segmented.SegmentedRaftLogWorker (SegmentedRaftLogWorker.java:close(228)) - 7fda706b-4e23-4e10-baba-12810c05fbbb@group-E1BD43987033-SegmentedRaftLogWorker close()
2019-09-26 16:54:07,850 [5160ea40-cc48-41a9-a1d1-1151a36e77d8@group-1E272E071DE3:LeaderElection122] INFO  server.RaftServerConfigKeys (ConfUtils.java:logGet(43)) - raft.server.rpc.sleep.time = 25ms (default)
2019-09-26 16:54:07,850 [d17cca1b-2e6b-48b2-8b1c-3559490fa529@group-5C044592C986:LeaderElection115] INFO  server.RaftServerConfigKeys (ConfUtils.java:logGet(43)) - raft.server.watch.element-limit = 65536 (default)
2019-09-26 16:54:07,849 [d17cca1b-2e6b-48b2-8b1c-3559490fa529@group-0D035646D911:LeaderElection112] INFO  server.RaftServerConfigKeys (ConfUtils.java:logGet(43)) - raft.server.watch.timeout.denomination = 1s (default)
2019-09-26 16:54:07,849 [d17cca1b-2e6b-48b2-8b1c-3559490fa529@group-5A43D4DE6CA1:LeaderElection114] INFO  server.RaftServerConfigKeys (ConfUtils.java:logGet(43)) - raft.server.watch.timeout = 10s (default)
2019-09-26 16:54:07,849 [deac9605-e739-4d95-8360-f57df793faca@group-00F88C78472C-SegmentedRaftLogWorker] INFO  impl.PendingRequests (PendingRequests.java:sendNotLeaderResponses(202)) - deac9605-e739-4d95-8360-f57df793faca-PendingRequests: sendNotLeaderResponses
2019-09-26 16:54:07,849 [4a469c34-60df-4173-8d32-715e2ce97f5d@group-5D6BFF16FFC8-SegmentedRaftLogWorker] INFO  impl.StateMachineUpdater (StateMachineUpdater.java:stopAndJoin(125)) - 4a469c34-60df-4173-8d32-715e2ce97f5d@group-5D6BFF16FFC8-StateMachineUpdater: set stopIndex = -1
2019-09-26 16:54:08,455 [4a469c34-60df-4173-8d32-715e2ce97f5d@group-5D6BFF16FFC8-SegmentedRaftLogWorker] INFO  impl.RaftServerImpl (ServerState.java:close(385)) - 4a469c34-60df-4173-8d32-715e2ce97f5d@group-5D6BFF16FFC8: closes. applyIndex: -1
2019-09-26 16:54:07,849 [4a469c34-60df-4173-8d32-715e2ce97f5d@group-7AF6AB2F6015:LeaderElection113] INFO  server.RaftServerConfigKeys (ConfUtils.java:logGet(43)) - raft.server.watch.timeout = 10s (default)
2019-09-26 16:54:07,849 [579334d3-7c10-42f4-b10c-e6c2267ece25@group-972B7DA5E6F5:LeaderElection111] INFO  server.RaftServerConfigKeys (ConfUtils.java:logGet(43)) - raft.server.watch.timeout.denomination = 1s (default)
2019-09-26 16:54:07,849 [579334d3-7c10-42f4-b10c-e6c2267ece25@group-0B8F6A17CAB6:LeaderElection103] INFO  impl.RoleInfo (RoleInfo.java:updateAndGet(143)) - 579334d3-7c10-42f4-b10c-e6c2267ece25: start LeaderState
2019-09-26 16:54:07,848 [deac9605-e739-4d95-8360-f57df793faca@group-71380DB631E9:LeaderElection125] INFO  server.RaftServerConfigKeys (ConfUtils.java:logGet(43)) - raft.server.staging.catchup.gap = 1000 (default)
2019-09-26 16:54:07,848 [5160ea40-cc48-41a9-a1d1-1151a36e77d8@group-C36002BBBA8D:LeaderElection106] INFO  impl.RoleInfo (RoleInfo.java:updateAndGet(143)) - 5160ea40-cc48-41a9-a1d1-1151a36e77d8: start LeaderState
2019-09-26 16:54:07,848 [d17cca1b-2e6b-48b2-8b1c-3559490fa529@group-9F1614D968BA:LeaderElection107] INFO  server.RaftServerConfigKeys (ConfUtils.java:logGet(43)) - raft.server.watch.timeout.denomination = 1s (default)
2019-09-26 16:54:07,848 [d17cca1b-2e6b-48b2-8b1c-3559490fa529@group-1CD36E5E23BA:LeaderElection127] INFO  impl.RoleInfo (RoleInfo.java:shutdownLeaderElection(134)) - d17cca1b-2e6b-48b2-8b1c-3559490fa529: shutdown LeaderElection
2019-09-26 16:54:07,848 [7fda706b-4e23-4e10-baba-12810c05fbbb@group-D4838260B295:LeaderElection121] INFO  server.RaftServerConfigKeys (ConfUtils.java:logGet(43)) - raft.server.watch.timeout = 10s (default)
2019-09-26 16:54:08,456 [7fda706b-4e23-4e10-baba-12810c05fbbb@group-D4838260B295:LeaderElection121] INFO  server.RaftServerConfigKeys (ConfUtils.java:logGet(43)) - raft.server.watch.timeout.denomination = 1s (default)
2019-09-26 16:54:07,848 [7fda706b-4e23-4e10-baba-12810c05fbbb@group-B2C475E91245:LeaderElection109] INFO  server.RaftServerConfigKeys (ConfUtils.java:logGet(43)) - raft.server.watch.timeout.denomination = 1s (default)
2019-09-26 16:54:07,848 [4a469c34-60df-4173-8d32-715e2ce97f5d@group-192151A5EAFE:LeaderElection119] INFO  server.RaftServerConfigKeys (ConfUtils.java:logGet(43)) - raft.server.write.element-limit = 4096 (default)
2019-09-26 16:54:07,848 [4a469c34-60df-4173-8d32-715e2ce97f5d@group-528B81068606:LeaderElection120] INFO  server.RaftServerConfigKeys (ConfUtils.java:logGet(43)) - raft.server.rpc.sleep.time = 25ms (default)
2019-09-26 16:54:07,847 [862ec94c-cd2d-47b3-b563-7d6c2816cb58@group-26B889F3603E:LeaderElection118] INFO  server.RaftServerConfigKeys (ConfUtils.java:logGet(43)) - raft.server.rpc.sleep.time = 25ms (default)
2019-09-26 16:54:07,847 [4a469c34-60df-4173-8d32-715e2ce97f5d@group-8454D3131D9D:LeaderElection110] INFO  server.RaftServerConfigKeys (ConfUtils.java:logGet(43)) - raft.server.staging.catchup.gap = 1000 (default)
2019-09-26 16:54:08,457 [862ec94c-cd2d-47b3-b563-7d6c2816cb58@group-26B889F3603E:LeaderElection118] INFO  server.RaftServerConfigKeys (ConfUtils.java:logGet(43)) - raft.server.write.element-limit = 4096 (default)
2019-09-26 16:54:08,457 [4a469c34-60df-4173-8d32-715e2ce97f5d@group-528B81068606:LeaderElection120] INFO  server.RaftServerConfigKeys (ConfUtils.java:logGet(43)) - raft.server.write.element-limit = 4096 (default)
2019-09-26 16:54:08,457 [7fda706b-4e23-4e10-baba-12810c05fbbb@group-4FDFC239BA02:LeaderElection104] INFO  impl.RoleInfo (RoleInfo.java:updateAndGet(143)) - 7fda706b-4e23-4e10-baba-12810c05fbbb: start LeaderState
2019-09-26 16:54:08,457 [4a469c34-60df-4173-8d32-715e2ce97f5d@group-192151A5EAFE:LeaderElection119] INFO  server.RaftServerConfigKeys (ConfUtils.java:logGet(43)) - raft.server.watch.timeout = 10s (default)
2019-09-26 16:54:08,458 [7fda706b-4e23-4e10-baba-12810c05fbbb@group-4FDFC239BA02:LeaderElection104] INFO  segmented.SegmentedRaftLogWorker (SegmentedRaftLogWorker.java:startLogSegment(380)) - 7fda706b-4e23-4e10-baba-12810c05fbbb@group-4FDFC239BA02-SegmentedRaftLogWorker: Starting segment from index:0
2019-09-26 16:54:08,457 [7fda706b-4e23-4e10-baba-12810c05fbbb@group-B2C475E91245:LeaderElection109] INFO  server.RaftServerConfigKeys (ConfUtils.java:logGet(43)) - raft.server.watch.element-limit = 65536 (default)
2019-09-26 16:54:08,456 [7fda706b-4e23-4e10-baba-12810c05fbbb@group-D4838260B295:LeaderElection121] INFO  server.RaftServerConfigKeys (ConfUtils.java:logGet(43)) - raft.server.watch.element-limit = 65536 (default)
2019-09-26 16:54:08,456 [d17cca1b-2e6b-48b2-8b1c-3559490fa529@group-1CD36E5E23BA:LeaderElection127] INFO  impl.RaftServerImpl (RaftServerImpl.java:setRole(174)) - d17cca1b-2e6b-48b2-8b1c-3559490fa529@group-1CD36E5E23BA: changes role from CANDIDATE to LEADER at term 1 for changeToLeader
2019-09-26 16:54:08,456 [d17cca1b-2e6b-48b2-8b1c-3559490fa529@group-9F1614D968BA:LeaderElection107] INFO  server.RaftServerConfigKeys (ConfUtils.java:logGet(43)) - raft.server.watch.element-limit = 65536 (default)
2019-09-26 16:54:08,456 [5160ea40-cc48-41a9-a1d1-1151a36e77d8@group-C36002BBBA8D:LeaderElection106] INFO  segmented.SegmentedRaftLogWorker (SegmentedRaftLogWorker.java:startLogSegment(380)) - 5160ea40-cc48-41a9-a1d1-1151a36e77d8@group-C36002BBBA8D-SegmentedRaftLogWorker: Starting segment from index:0
2019-09-26 16:54:08,456 [579334d3-7c10-42f4-b10c-e6c2267ece25@group-0B8F6A17CAB6:LeaderElection103] INFO  segmented.SegmentedRaftLogWorker (SegmentedRaftLogWorker.java:startLogSegment(380)) - 579334d3-7c10-42f4-b10c-e6c2267ece25@group-0B8F6A17CAB6-SegmentedRaftLogWorker: Starting segment from index:0
2019-09-26 16:54:08,456 [deac9605-e739-4d95-8360-f57df793faca@group-71380DB631E9:LeaderElection125] INFO  server.RaftServerConfigKeys (ConfUtils.java:logGet(43)) - raft.server.rpc.sleep.time = 25ms (default)
2019-09-26 16:54:08,455 [579334d3-7c10-42f4-b10c-e6c2267ece25@group-972B7DA5E6F5:LeaderElection111] INFO  server.RaftServerConfigKeys (ConfUtils.java:logGet(43)) - raft.server.watch.element-limit = 65536 (default)
2019-09-26 16:54:08,455 [4a469c34-60df-4173-8d32-715e2ce97f5d@group-7AF6AB2F6015:LeaderElection113] INFO  server.RaftServerConfigKeys (ConfUtils.java:logGet(43)) - raft.server.watch.timeout.denomination = 1s (default)
2019-09-26 16:54:08,455 [4a469c34-60df-4173-8d32-715e2ce97f5d@group-5D6BFF16FFC8-SegmentedRaftLogWorker] INFO  segmented.SegmentedRaftLogWorker (SegmentedRaftLogWorker.java:close(228)) - 4a469c34-60df-4173-8d32-715e2ce97f5d@group-5D6BFF16FFC8-SegmentedRaftLogWorker close()
2019-09-26 16:54:08,455 [deac9605-e739-4d95-8360-f57df793faca@group-00F88C78472C-SegmentedRaftLogWorker] INFO  impl.StateMachineUpdater (StateMachineUpdater.java:stopAndJoin(125)) - deac9605-e739-4d95-8360-f57df793faca@group-00F88C78472C-StateMachineUpdater: set stopIndex = -1
2019-09-26 16:54:08,454 [d17cca1b-2e6b-48b2-8b1c-3559490fa529@group-5A43D4DE6CA1:LeaderElection114] INFO  server.RaftServerConfigKeys (ConfUtils.java:logGet(43)) - raft.server.watch.timeout.denomination = 1s (default)
2019-09-26 16:54:08,454 [d17cca1b-2e6b-48b2-8b1c-3559490fa529@group-0D035646D911:LeaderElection112] INFO  server.RaftServerConfigKeys (ConfUtils.java:logGet(43)) - raft.server.watch.element-limit = 65536 (default)
2019-09-26 16:54:08,450 [5160ea40-cc48-41a9-a1d1-1151a36e77d8@group-1E272E071DE3:LeaderElection122] INFO  server.RaftServerConfigKeys (ConfUtils.java:logGet(43)) - raft.server.write.element-limit = 4096 (default)
2019-09-26 16:54:08,450 [5160ea40-cc48-41a9-a1d1-1151a36e77d8@group-D0054841AFC1-SegmentedRaftLogWorker] INFO  segmented.SegmentedRaftLogWorker (SegmentedRaftLogWorker.java:close(228)) - 5160ea40-cc48-41a9-a1d1-1151a36e77d8@group-D0054841AFC1-SegmentedRaftLogWorker close()
2019-09-26 16:54:08,449 [pool-87-thread-1] INFO  server.RaftServerConfigKeys (ConfUtils.java:logGet(43)) - raft.server.log.statemachine.data.caching.enabled = true (custom)
2019-09-26 16:54:08,445 [862ec94c-cd2d-47b3-b563-7d6c2816cb58@group-B5732A1D60A2-SegmentedRaftLogWorker] INFO  impl.RaftServerImpl (RaftServerImpl.java:lambda$shutdown$3(251)) - 862ec94c-cd2d-47b3-b563-7d6c2816cb58@group-B5732A1D60A2: shutdown
2019-09-26 16:54:08,444 [579334d3-7c10-42f4-b10c-e6c2267ece25@group-D563116573F6:LeaderElection108] INFO  server.RaftServerConfigKeys (ConfUtils.java:logGet(43)) - raft.server.watch.element-limit = 65536 (default)
2019-09-26 16:54:08,444 [pool-67-thread-1] INFO  impl.RaftServerImpl (ServerState.java:<init>(103)) - 862ec94c-cd2d-47b3-b563-7d6c2816cb58@group-996AF30A5C74: ConfigurationManager, init=-1: [d17cca1b-2e6b-48b2-8b1c-3559490fa529:192.168.151.99:40714, 579334d3-7c10-42f4-b10c-e6c2267ece25:192.168.151.99:34131, 862ec94c-cd2d-47b3-b563-7d6c2816cb58:192.168.151.99:36916], old=null, confs=<EMPTY_MAP>
2019-09-26 16:54:08,439 [5160ea40-cc48-41a9-a1d1-1151a36e77d8@group-617DE8AE92D0:LeaderElection123] INFO  server.RaftServerConfigKeys (ConfUtils.java:logGet(43)) - raft.server.write.element-limit = 4096 (default)
2019-09-26 16:54:09,194 [pool-67-thread-1] INFO  server.RaftServerConfigKeys (ConfUtils.java:logGet(43)) - raft.server.storage.dir = [/workdir/hadoop-ozone/integration-test/target/test-dir/MiniOzoneClusterImpl-fdc3d401-fab1-4968-a84f-12bf762e2bbf/datanode-4/data/ratis] (custom)
2019-09-26 16:54:08,439 [pool-47-thread-1] INFO  impl.RaftServerImpl (ServerState.java:<init>(103)) - 579334d3-7c10-42f4-b10c-e6c2267ece25@group-996AF30A5C74: ConfigurationManager, init=-1: [d17cca1b-2e6b-48b2-8b1c-3559490fa529:192.168.151.99:40714, 579334d3-7c10-42f4-b10c-e6c2267ece25:192.168.151.99:34131, 862ec94c-cd2d-47b3-b563-7d6c2816cb58:192.168.151.99:36916], old=null, confs=<EMPTY_MAP>
2019-09-26 16:54:08,439 [pool-77-thread-1] INFO  server.RaftServerConfigKeys (ConfUtils.java:logGet(43)) - raft.server.log.appender.install.snapshot.enabled = false (custom)
2019-09-26 16:54:09,195 [pool-67-thread-1] INFO  storage.RaftStorageDirectory (RaftStorageDirectory.java:analyzeStorage(246)) - The storage directory /workdir/hadoop-ozone/integration-test/target/test-dir/MiniOzoneClusterImpl-fdc3d401-fab1-4968-a84f-12bf762e2bbf/datanode-4/data/ratis/d6bb6ef0-0a64-4e40-a8a7-996af30a5c74 does not exist. Creating ...
2019-09-26 16:54:08,438 [5160ea40-cc48-41a9-a1d1-1151a36e77d8@group-802909185AE8-SegmentedRaftLogWorker] INFO  impl.RaftServerImpl (ServerState.java:close(385)) - 5160ea40-cc48-41a9-a1d1-1151a36e77d8@group-802909185AE8: closes. applyIndex: -1
2019-09-26 16:54:08,438 [5160ea40-cc48-41a9-a1d1-1151a36e77d8@group-786C9481136A-SegmentedRaftLogWorker] INFO  impl.RaftServerImpl (ServerState.java:close(385)) - 5160ea40-cc48-41a9-a1d1-1151a36e77d8@group-786C9481136A: closes. applyIndex: -1
2019-09-26 16:54:08,438 [862ec94c-cd2d-47b3-b563-7d6c2816cb58@group-17D412075A1C-SegmentedRaftLogWorker] INFO  impl.RaftServerImpl (RaftServerImpl.java:lambda$shutdown$3(251)) - 862ec94c-cd2d-47b3-b563-7d6c2816cb58@group-17D412075A1C: shutdown
2019-09-26 16:54:08,437 [7fda706b-4e23-4e10-baba-12810c05fbbb@group-6E23EBD9EBC2-SegmentedRaftLogWorker] INFO  impl.RaftServerImpl (RaftServerImpl.java:lambda$shutdown$3(251)) - 7fda706b-4e23-4e10-baba-12810c05fbbb@group-6E23EBD9EBC2: shutdown
2019-09-26 16:54:08,437 [5160ea40-cc48-41a9-a1d1-1151a36e77d8@group-CAAA41AA227D-SegmentedRaftLogWorker] INFO  impl.RaftServerImpl (RaftServerImpl.java:lambda$shutdown$3(251)) - 5160ea40-cc48-41a9-a1d1-1151a36e77d8@group-CAAA41AA227D: shutdown
2019-09-26 16:54:08,436 [862ec94c-cd2d-47b3-b563-7d6c2816cb58@group-40BFE342F714-SegmentedRaftLogWorker] INFO  segmented.SegmentedRaftLogWorker (SegmentedRaftLogWorker.java:close(228)) - 862ec94c-cd2d-47b3-b563-7d6c2816cb58@group-40BFE342F714-SegmentedRaftLogWorker close()
2019-09-26 16:54:08,436 [d17cca1b-2e6b-48b2-8b1c-3559490fa529@group-F1CC7F31322C:LeaderElection126] INFO  server.RaftServerConfigKeys (ConfUtils.java:logGet(43)) - raft.server.rpc.sleep.time = 25ms (default)
2019-09-26 16:54:08,436 [5160ea40-cc48-41a9-a1d1-1151a36e77d8@group-1D62C6517019:LeaderElection124] INFO  server.RaftServerConfigKeys (ConfUtils.java:logGet(43)) - raft.server.watch.timeout = 10s (default)
2019-09-26 16:54:08,436 [862ec94c-cd2d-47b3-b563-7d6c2816cb58@group-B11DDC6028F8:LeaderElection116] INFO  server.RaftServerConfigKeys (ConfUtils.java:logGet(43)) - raft.server.write.element-limit = 4096 (default)
2019-09-26 16:54:09,197 [7fda706b-4e23-4e10-baba-12810c05fbbb@group-6E23EBD9EBC2-SegmentedRaftLogWorker] INFO  util.JmxRegister (JmxRegister.java:unregister(73)) - Successfully un-registered JMX Bean with object name Ratis:service=RaftServer,group=group-6E23EBD9EBC2,id=7fda706b-4e23-4e10-baba-12810c05fbbb
2019-09-26 16:54:09,197 [5160ea40-cc48-41a9-a1d1-1151a36e77d8@group-1D62C6517019:LeaderElection124] INFO  server.RaftServerConfigKeys (ConfUtils.java:logGet(43)) - raft.server.watch.timeout.denomination = 1s (default)
2019-09-26 16:54:09,197 [d17cca1b-2e6b-48b2-8b1c-3559490fa529@group-F1CC7F31322C:LeaderElection126] INFO  server.RaftServerConfigKeys (ConfUtils.java:logGet(43)) - raft.server.write.element-limit = 4096 (default)
2019-09-26 16:54:09,197 [862ec94c-cd2d-47b3-b563-7d6c2816cb58@group-17D412075A1C-SegmentedRaftLogWorker] INFO  util.JmxRegister (JmxRegister.java:unregister(73)) - Successfully un-registered JMX Bean with object name Ratis:service=RaftServer,group=group-17D412075A1C,id=862ec94c-cd2d-47b3-b563-7d6c2816cb58
2019-09-26 16:54:09,196 [5160ea40-cc48-41a9-a1d1-1151a36e77d8@group-786C9481136A-SegmentedRaftLogWorker] INFO  segmented.SegmentedRaftLogWorker (SegmentedRaftLogWorker.java:close(228)) - 5160ea40-cc48-41a9-a1d1-1151a36e77d8@group-786C9481136A-SegmentedRaftLogWorker close()
2019-09-26 16:54:09,196 [5160ea40-cc48-41a9-a1d1-1151a36e77d8@group-802909185AE8-SegmentedRaftLogWorker] INFO  segmented.SegmentedRaftLogWorker (SegmentedRaftLogWorker.java:close(228)) - 5160ea40-cc48-41a9-a1d1-1151a36e77d8@group-802909185AE8-SegmentedRaftLogWorker close()
2019-09-26 16:54:09,195 [pool-77-thread-1] INFO  impl.RaftServerImpl (ServerState.java:<init>(103)) - d17cca1b-2e6b-48b2-8b1c-3559490fa529@group-996AF30A5C74: ConfigurationManager, init=-1: [d17cca1b-2e6b-48b2-8b1c-3559490fa529:192.168.151.99:40714, 579334d3-7c10-42f4-b10c-e6c2267ece25:192.168.151.99:34131, 862ec94c-cd2d-47b3-b563-7d6c2816cb58:192.168.151.99:36916], old=null, confs=<EMPTY_MAP>
2019-09-26 16:54:09,195 [862ec94c-cd2d-47b3-b563-7d6c2816cb58@group-B5732A1D60A2-SegmentedRaftLogWorker] INFO  util.JmxRegister (JmxRegister.java:unregister(73)) - Successfully un-registered JMX Bean with object name Ratis:service=RaftServer,group=group-B5732A1D60A2,id=862ec94c-cd2d-47b3-b563-7d6c2816cb58
2019-09-26 16:54:09,195 [pool-47-thread-1] INFO  server.RaftServerConfigKeys (ConfUtils.java:logGet(43)) - raft.server.storage.dir = [/workdir/hadoop-ozone/integration-test/target/test-dir/MiniOzoneClusterImpl-fdc3d401-fab1-4968-a84f-12bf762e2bbf/datanode-2/data/ratis] (custom)
2019-09-26 16:54:09,194 [5160ea40-cc48-41a9-a1d1-1151a36e77d8@group-617DE8AE92D0:LeaderElection123] INFO  server.RaftServerConfigKeys (ConfUtils.java:logGet(43)) - raft.server.watch.timeout = 10s (default)
2019-09-26 16:54:09,199 [5160ea40-cc48-41a9-a1d1-1151a36e77d8@group-617DE8AE92D0:LeaderElection123] INFO  server.RaftServerConfigKeys (ConfUtils.java:logGet(43)) - raft.server.watch.timeout.denomination = 1s (default)
2019-09-26 16:54:09,199 [pool-47-thread-1] INFO  storage.RaftStorageDirectory (RaftStorageDirectory.java:analyzeStorage(246)) - The storage directory /workdir/hadoop-ozone/integration-test/target/test-dir/MiniOzoneClusterImpl-fdc3d401-fab1-4968-a84f-12bf762e2bbf/datanode-2/data/ratis/d6bb6ef0-0a64-4e40-a8a7-996af30a5c74 does not exist. Creating ...
2019-09-26 16:54:09,194 [pool-87-thread-1] INFO  segmented.SegmentedRaftLogWorker (SegmentedRaftLogWorker.java:lambda$new$0(132)) - 4a469c34-60df-4173-8d32-715e2ce97f5d@group-54603AD2394D-SegmentedRaftLogWorker: flushIndex: setUnconditionally 0 -> -1
2019-09-26 16:54:09,193 [5160ea40-cc48-41a9-a1d1-1151a36e77d8@group-5CF5DB96C063:LeaderElection117] INFO  impl.RoleInfo (RoleInfo.java:updateAndGet(143)) - 5160ea40-cc48-41a9-a1d1-1151a36e77d8: start LeaderState
2019-09-26 16:54:09,193 [5160ea40-cc48-41a9-a1d1-1151a36e77d8@group-1E272E071DE3:LeaderElection122] INFO  server.RaftServerConfigKeys (ConfUtils.java:logGet(43)) - raft.server.watch.timeout = 10s (default)
2019-09-26 16:54:09,193 [d17cca1b-2e6b-48b2-8b1c-3559490fa529@group-5A43D4DE6CA1:LeaderElection114] INFO  server.RaftServerConfigKeys (ConfUtils.java:logGet(43)) - raft.server.watch.element-limit = 65536 (default)
2019-09-26 16:54:09,192 [deac9605-e739-4d95-8360-f57df793faca@group-00F88C78472C-SegmentedRaftLogWorker] INFO  impl.RaftServerImpl (ServerState.java:close(385)) - deac9605-e739-4d95-8360-f57df793faca@group-00F88C78472C: closes. applyIndex: -1
2019-09-26 16:54:08,738 [4a469c34-60df-4173-8d32-715e2ce97f5d@group-7AF6AB2F6015:LeaderElection113] INFO  server.RaftServerConfigKeys (ConfUtils.java:logGet(43)) - raft.server.watch.element-limit = 65536 (default)
2019-09-26 16:54:08,738 [579334d3-7c10-42f4-b10c-e6c2267ece25@group-0B8F6A17CAB6:LeaderElection103] INFO  impl.RaftServerImpl (ServerState.java:setRaftConf(354)) - 579334d3-7c10-42f4-b10c-e6c2267ece25@group-0B8F6A17CAB6: set configuration 0: [579334d3-7c10-42f4-b10c-e6c2267ece25:192.168.151.99:34131], old=null at 0
2019-09-26 16:54:08,737 [5160ea40-cc48-41a9-a1d1-1151a36e77d8@group-C36002BBBA8D:LeaderElection106] INFO  impl.RaftServerImpl (ServerState.java:setRaftConf(354)) - 5160ea40-cc48-41a9-a1d1-1151a36e77d8@group-C36002BBBA8D: set configuration 0: [5160ea40-cc48-41a9-a1d1-1151a36e77d8:192.168.151.99:45356], old=null at 0
2019-09-26 16:54:08,737 [deac9605-e739-4d95-8360-f57df793faca@group-71380DB631E9:LeaderElection125] INFO  server.RaftServerConfigKeys (ConfUtils.java:logGet(43)) - raft.server.write.element-limit = 4096 (default)
2019-09-26 16:54:08,737 [4a469c34-60df-4173-8d32-715e2ce97f5d@group-A7BE3457B0E0:LeaderElection105] INFO  impl.RoleInfo (RoleInfo.java:updateAndGet(143)) - 4a469c34-60df-4173-8d32-715e2ce97f5d: start LeaderState
2019-09-26 16:54:08,733 [deac9605-e739-4d95-8360-f57df793faca@group-BB5BC36C6AF2-SegmentedRaftLogWorker] ERROR segmented.SegmentedRaftLogWorker (SegmentedRaftLogWorker.java:run(323)) - deac9605-e739-4d95-8360-f57df793faca@group-BB5BC36C6AF2-SegmentedRaftLogWorker hit exception
java.lang.OutOfMemoryError: Direct buffer memory
	at java.nio.Bits.reserveMemory(Bits.java:666)
	at java.nio.DirectByteBuffer.<init>(DirectByteBuffer.java:123)
	at java.nio.ByteBuffer.allocateDirect(ByteBuffer.java:311)
	at org.apache.ratis.server.raftlog.segmented.BufferedWriteChannel.<init>(BufferedWriteChannel.java:41)
	at org.apache.ratis.server.raftlog.segmented.SegmentedRaftLogOutputStream.<init>(SegmentedRaftLogOutputStream.java:72)
	at org.apache.ratis.server.raftlog.segmented.SegmentedRaftLogWorker$StartLogSegment.execute(SegmentedRaftLogWorker.java:566)
	at org.apache.ratis.server.raftlog.segmented.SegmentedRaftLogWorker.run(SegmentedRaftLogWorker.java:289)
	at java.lang.Thread.run(Thread.java:748)
2019-09-26 16:54:08,733 [7fda706b-4e23-4e10-baba-12810c05fbbb@group-E1C050BD5AE3-SegmentedRaftLogWorker] ERROR segmented.SegmentedRaftLogWorker (SegmentedRaftLogWorker.java:run(323)) - 7fda706b-4e23-4e10-baba-12810c05fbbb@group-E1C050BD5AE3-SegmentedRaftLogWorker hit exception
java.lang.OutOfMemoryError: Direct buffer memory
	at java.nio.Bits.reserveMemory(Bits.java:666)
	at java.nio.DirectByteBuffer.<init>(DirectByteBuffer.java:123)
	at java.nio.ByteBuffer.allocateDirect(ByteBuffer.java:311)
	at org.apache.ratis.server.raftlog.segmented.BufferedWriteChannel.<init>(BufferedWriteChannel.java:41)
	at org.apache.ratis.server.raftlog.segmented.SegmentedRaftLogOutputStream.<init>(SegmentedRaftLogOutputStream.java:72)
	at org.apache.ratis.server.raftlog.segmented.SegmentedRaftLogWorker$StartLogSegment.execute(SegmentedRaftLogWorker.java:566)
	at org.apache.ratis.server.raftlog.segmented.SegmentedRaftLogWorker.run(SegmentedRaftLogWorker.java:289)
	at java.lang.Thread.run(Thread.java:748)
2019-09-26 16:54:08,733 [4a469c34-60df-4173-8d32-715e2ce97f5d@group-F6117F20253A-SegmentedRaftLogWorker] ERROR segmented.SegmentedRaftLogWorker (SegmentedRaftLogWorker.java:run(323)) - 4a469c34-60df-4173-8d32-715e2ce97f5d@group-F6117F20253A-SegmentedRaftLogWorker hit exception
java.lang.OutOfMemoryError: Direct buffer memory
	at java.nio.Bits.reserveMemory(Bits.java:666)
	at java.nio.DirectByteBuffer.<init>(DirectByteBuffer.java:123)
	at java.nio.ByteBuffer.allocateDirect(ByteBuffer.java:311)
	at org.apache.ratis.server.raftlog.segmented.BufferedWriteChannel.<init>(BufferedWriteChannel.java:41)
	at org.apache.ratis.server.raftlog.segmented.SegmentedRaftLogOutputStream.<init>(SegmentedRaftLogOutputStream.java:72)
	at org.apache.ratis.server.raftlog.segmented.SegmentedRaftLogWorker$StartLogSegment.execute(SegmentedRaftLogWorker.java:566)
	at org.apache.ratis.server.raftlog.segmented.SegmentedRaftLogWorker.run(SegmentedRaftLogWorker.java:289)
	at java.lang.Thread.run(Thread.java:748)
2019-09-26 16:54:08,733 [7fda706b-4e23-4e10-baba-12810c05fbbb@group-BEF95ECFF1BD-SegmentedRaftLogWorker] ERROR segmented.SegmentedRaftLogWorker (SegmentedRaftLogWorker.java:run(323)) - 7fda706b-4e23-4e10-baba-12810c05fbbb@group-BEF95ECFF1BD-SegmentedRaftLogWorker hit exception
java.lang.OutOfMemoryError: Direct buffer memory
	at java.nio.Bits.reserveMemory(Bits.java:666)
	at java.nio.DirectByteBuffer.<init>(DirectByteBuffer.java:123)
	at java.nio.ByteBuffer.allocateDirect(ByteBuffer.java:311)
	at org.apache.ratis.server.raftlog.segmented.BufferedWriteChannel.<init>(BufferedWriteChannel.java:41)
	at org.apache.ratis.server.raftlog.segmented.SegmentedRaftLogOutputStream.<init>(SegmentedRaftLogOutputStream.java:72)
	at org.apache.ratis.server.raftlog.segmented.SegmentedRaftLogWorker$StartLogSegment.execute(SegmentedRaftLogWorker.java:566)
	at org.apache.ratis.server.raftlog.segmented.SegmentedRaftLogWorker.run(SegmentedRaftLogWorker.java:289)
	at java.lang.Thread.run(Thread.java:748)
2019-09-26 16:54:08,458 [d17cca1b-2e6b-48b2-8b1c-3559490fa529@group-1CD36E5E23BA:LeaderElection127] INFO  impl.RaftServerImpl (ServerState.java:setLeader(253)) - d17cca1b-2e6b-48b2-8b1c-3559490fa529@group-1CD36E5E23BA: change Leader from null to d17cca1b-2e6b-48b2-8b1c-3559490fa529 at term 1 for becomeLeader, leader elected after 11003ms
2019-09-26 16:54:08,458 [7fda706b-4e23-4e10-baba-12810c05fbbb@group-4FDFC239BA02:LeaderElection104] INFO  impl.RaftServerImpl (ServerState.java:setRaftConf(354)) - 7fda706b-4e23-4e10-baba-12810c05fbbb@group-4FDFC239BA02: set configuration 0: [7fda706b-4e23-4e10-baba-12810c05fbbb:192.168.151.99:32897], old=null at 0
2019-09-26 16:54:08,458 [4a469c34-60df-4173-8d32-715e2ce97f5d@group-192151A5EAFE:LeaderElection119] INFO  server.RaftServerConfigKeys (ConfUtils.java:logGet(43)) - raft.server.watch.timeout.denomination = 1s (default)
2019-09-26 16:54:08,457 [4a469c34-60df-4173-8d32-715e2ce97f5d@group-528B81068606:LeaderElection120] INFO  server.RaftServerConfigKeys (ConfUtils.java:logGet(43)) - raft.server.watch.timeout = 10s (default)
2019-09-26 16:54:08,457 [862ec94c-cd2d-47b3-b563-7d6c2816cb58@group-26B889F3603E:LeaderElection118] INFO  server.RaftServerConfigKeys (ConfUtils.java:logGet(43)) - raft.server.watch.timeout = 10s (default)
2019-09-26 16:54:08,457 [4a469c34-60df-4173-8d32-715e2ce97f5d@group-8454D3131D9D:LeaderElection110] INFO  server.RaftServerConfigKeys (ConfUtils.java:logGet(43)) - raft.server.rpc.sleep.time = 25ms (default)
2019-09-26 16:54:09,203 [862ec94c-cd2d-47b3-b563-7d6c2816cb58@group-26B889F3603E:LeaderElection118] INFO  server.RaftServerConfigKeys (ConfUtils.java:logGet(43)) - raft.server.watch.timeout.denomination = 1s (default)
2019-09-26 16:54:09,203 [862ec94c-cd2d-47b3-b563-7d6c2816cb58@group-26B889F3603E:LeaderElection118] INFO  server.RaftServerConfigKeys (ConfUtils.java:logGet(43)) - raft.server.watch.element-limit = 65536 (default)
2019-09-26 16:54:09,203 [4a469c34-60df-4173-8d32-715e2ce97f5d@group-528B81068606:LeaderElection120] INFO  server.RaftServerConfigKeys (ConfUtils.java:logGet(43)) - raft.server.watch.timeout.denomination = 1s (default)
2019-09-26 16:54:09,203 [4a469c34-60df-4173-8d32-715e2ce97f5d@group-192151A5EAFE:LeaderElection119] INFO  server.RaftServerConfigKeys (ConfUtils.java:logGet(43)) - raft.server.watch.element-limit = 65536 (default)
2019-09-26 16:54:09,202 [d17cca1b-2e6b-48b2-8b1c-3559490fa529@group-1CD36E5E23BA:LeaderElection127] INFO  server.RaftServerConfigKeys (ConfUtils.java:logGet(43)) - raft.server.staging.catchup.gap = 1000 (default)
2019-09-26 16:54:09,202 [7fda706b-4e23-4e10-baba-12810c05fbbb@group-BEF95ECFF1BD-SegmentedRaftLogWorker] INFO  impl.RaftServerImpl (RaftServerImpl.java:lambda$shutdown$3(251)) - 7fda706b-4e23-4e10-baba-12810c05fbbb@group-BEF95ECFF1BD: shutdown
2019-09-26 16:54:09,202 [4a469c34-60df-4173-8d32-715e2ce97f5d@group-F6117F20253A-SegmentedRaftLogWorker] INFO  impl.RaftServerImpl (RaftServerImpl.java:lambda$shutdown$3(251)) - 4a469c34-60df-4173-8d32-715e2ce97f5d@group-F6117F20253A: shutdown
2019-09-26 16:54:09,202 [7fda706b-4e23-4e10-baba-12810c05fbbb@group-E1C050BD5AE3-SegmentedRaftLogWorker] INFO  impl.RaftServerImpl (RaftServerImpl.java:lambda$shutdown$3(251)) - 7fda706b-4e23-4e10-baba-12810c05fbbb@group-E1C050BD5AE3: shutdown
2019-09-26 16:54:09,202 [deac9605-e739-4d95-8360-f57df793faca@group-BB5BC36C6AF2-SegmentedRaftLogWorker] INFO  impl.RaftServerImpl (RaftServerImpl.java:lambda$shutdown$3(251)) - deac9605-e739-4d95-8360-f57df793faca@group-BB5BC36C6AF2: shutdown
2019-09-26 16:54:09,201 [579334d3-7c10-42f4-b10c-e6c2267ece25@group-BA65C6CD63B8:LeaderElection130] INFO  impl.LeaderElection (LeaderElection.java:logAndReturn(56)) - 579334d3-7c10-42f4-b10c-e6c2267ece25@group-BA65C6CD63B8:LeaderElection130: Election REJECTED; received 2 response(s) [579334d3-7c10-42f4-b10c-e6c2267ece25<-d17cca1b-2e6b-48b2-8b1c-3559490fa529#0:FAIL-t1, 579334d3-7c10-42f4-b10c-e6c2267ece25<-7fda706b-4e23-4e10-baba-12810c05fbbb#0:FAIL-t1] and 0 exception(s); 579334d3-7c10-42f4-b10c-e6c2267ece25@group-BA65C6CD63B8:t1, leader=null, voted=579334d3-7c10-42f4-b10c-e6c2267ece25, raftlog=579334d3-7c10-42f4-b10c-e6c2267ece25@group-BA65C6CD63B8-SegmentedRaftLog:OPENED:c-1,f-1,i0, conf=-1: [579334d3-7c10-42f4-b10c-e6c2267ece25:192.168.151.99:34131, d17cca1b-2e6b-48b2-8b1c-3559490fa529:192.168.151.99:40714, 7fda706b-4e23-4e10-baba-12810c05fbbb:192.168.151.99:32897], old=null
2019-09-26 16:54:09,201 [7fda706b-4e23-4e10-baba-12810c05fbbb@group-BA65C6CD63B8:LeaderElection129] INFO  impl.LeaderElection (LeaderElection.java:logAndReturn(56)) - 7fda706b-4e23-4e10-baba-12810c05fbbb@group-BA65C6CD63B8:LeaderElection129: Election REJECTED; received 2 response(s) [7fda706b-4e23-4e10-baba-12810c05fbbb<-d17cca1b-2e6b-48b2-8b1c-3559490fa529#0:FAIL-t1, 7fda706b-4e23-4e10-baba-12810c05fbbb<-579334d3-7c10-42f4-b10c-e6c2267ece25#0:FAIL-t1] and 0 exception(s); 7fda706b-4e23-4e10-baba-12810c05fbbb@group-BA65C6CD63B8:t1, leader=null, voted=7fda706b-4e23-4e10-baba-12810c05fbbb, raftlog=7fda706b-4e23-4e10-baba-12810c05fbbb@group-BA65C6CD63B8-SegmentedRaftLog:OPENED:c-1,f-1,i0, conf=-1: [579334d3-7c10-42f4-b10c-e6c2267ece25:192.168.151.99:34131, d17cca1b-2e6b-48b2-8b1c-3559490fa529:192.168.151.99:40714, 7fda706b-4e23-4e10-baba-12810c05fbbb:192.168.151.99:32897], old=null
2019-09-26 16:54:09,201 [d17cca1b-2e6b-48b2-8b1c-3559490fa529@group-BA65C6CD63B8:LeaderElection128] INFO  impl.LeaderElection (LeaderElection.java:logAndReturn(56)) - d17cca1b-2e6b-48b2-8b1c-3559490fa529@group-BA65C6CD63B8:LeaderElection128: Election REJECTED; received 2 response(s) [d17cca1b-2e6b-48b2-8b1c-3559490fa529<-579334d3-7c10-42f4-b10c-e6c2267ece25#0:FAIL-t1, d17cca1b-2e6b-48b2-8b1c-3559490fa529<-7fda706b-4e23-4e10-baba-12810c05fbbb#0:FAIL-t1] and 0 exception(s); d17cca1b-2e6b-48b2-8b1c-3559490fa529@group-BA65C6CD63B8:t1, leader=null, voted=d17cca1b-2e6b-48b2-8b1c-3559490fa529, raftlog=d17cca1b-2e6b-48b2-8b1c-3559490fa529@group-BA65C6CD63B8-SegmentedRaftLog:OPENED:c-1,f-1,i0, conf=-1: [579334d3-7c10-42f4-b10c-e6c2267ece25:192.168.151.99:34131, d17cca1b-2e6b-48b2-8b1c-3559490fa529:192.168.151.99:40714, 7fda706b-4e23-4e10-baba-12810c05fbbb:192.168.151.99:32897], old=null
2019-09-26 16:54:09,201 [4a469c34-60df-4173-8d32-715e2ce97f5d@group-A7BE3457B0E0:LeaderElection105] INFO  segmented.SegmentedRaftLogWorker (SegmentedRaftLogWorker.java:startLogSegment(380)) - 4a469c34-60df-4173-8d32-715e2ce97f5d@group-A7BE3457B0E0-SegmentedRaftLogWorker: Starting segment from index:0
2019-09-26 16:54:09,217 [deac9605-e739-4d95-8360-f57df793faca@group-BB5BC36C6AF2-SegmentedRaftLogWorker] INFO  util.JmxRegister (JmxRegister.java:unregister(73)) - Successfully un-registered JMX Bean with object name Ratis:service=RaftServer,group=group-BB5BC36C6AF2,id=deac9605-e739-4d95-8360-f57df793faca
2019-09-26 16:54:09,201 [deac9605-e739-4d95-8360-f57df793faca@group-71380DB631E9:LeaderElection125] INFO  server.RaftServerConfigKeys (ConfUtils.java:logGet(43)) - raft.server.watch.timeout = 10s (default)
2019-09-26 16:54:09,200 [deac9605-e739-4d95-8360-f57df793faca@group-00F88C78472C-SegmentedRaftLogWorker] INFO  segmented.SegmentedRaftLogWorker (SegmentedRaftLogWorker.java:close(228)) - deac9605-e739-4d95-8360-f57df793faca@group-00F88C78472C-SegmentedRaftLogWorker close()
2019-09-26 16:54:09,200 [5160ea40-cc48-41a9-a1d1-1151a36e77d8@group-1E272E071DE3:LeaderElection122] INFO  server.RaftServerConfigKeys (ConfUtils.java:logGet(43)) - raft.server.watch.timeout.denomination = 1s (default)
2019-09-26 16:54:09,200 [5160ea40-cc48-41a9-a1d1-1151a36e77d8@group-5CF5DB96C063:LeaderElection117] INFO  segmented.SegmentedRaftLogWorker (SegmentedRaftLogWorker.java:startLogSegment(380)) - 5160ea40-cc48-41a9-a1d1-1151a36e77d8@group-5CF5DB96C063-SegmentedRaftLogWorker: Starting segment from index:0
2019-09-26 16:54:09,200 [pool-87-thread-1] INFO  server.RaftServerConfigKeys (ConfUtils.java:logGet(43)) - raft.server.snapshot.auto.trigger.enabled = true (custom)
2019-09-26 16:54:09,199 [5160ea40-cc48-41a9-a1d1-1151a36e77d8@group-617DE8AE92D0:LeaderElection123] INFO  server.RaftServerConfigKeys (ConfUtils.java:logGet(43)) - raft.server.watch.element-limit = 65536 (default)
2019-09-26 16:54:09,199 [862ec94c-cd2d-47b3-b563-7d6c2816cb58@group-B5732A1D60A2-SegmentedRaftLogWorker] INFO  impl.RoleInfo (RoleInfo.java:shutdownLeaderState(104)) - 862ec94c-cd2d-47b3-b563-7d6c2816cb58: shutdown LeaderState
2019-09-26 16:54:09,199 [pool-77-thread-1] INFO  server.RaftServerConfigKeys (ConfUtils.java:logGet(43)) - raft.server.storage.dir = [/workdir/hadoop-ozone/integration-test/target/test-dir/MiniOzoneClusterImpl-fdc3d401-fab1-4968-a84f-12bf762e2bbf/datanode-5/data/ratis] (custom)
2019-09-26 16:54:09,198 [d17cca1b-2e6b-48b2-8b1c-3559490fa529@group-5C044592C986:LeaderElection115] INFO  impl.RoleInfo (RoleInfo.java:updateAndGet(143)) - d17cca1b-2e6b-48b2-8b1c-3559490fa529: start LeaderState
2019-09-26 16:54:09,198 [862ec94c-cd2d-47b3-b563-7d6c2816cb58@group-17D412075A1C-SegmentedRaftLogWorker] INFO  impl.RoleInfo (RoleInfo.java:shutdownLeaderState(104)) - 862ec94c-cd2d-47b3-b563-7d6c2816cb58: shutdown LeaderState
2019-09-26 16:54:09,198 [d17cca1b-2e6b-48b2-8b1c-3559490fa529@group-F1CC7F31322C:LeaderElection126] INFO  server.RaftServerConfigKeys (ConfUtils.java:logGet(43)) - raft.server.watch.timeout = 10s (default)
2019-09-26 16:54:09,198 [5160ea40-cc48-41a9-a1d1-1151a36e77d8@group-1D62C6517019:LeaderElection124] INFO  server.RaftServerConfigKeys (ConfUtils.java:logGet(43)) - raft.server.watch.element-limit = 65536 (default)
2019-09-26 16:54:09,197 [7fda706b-4e23-4e10-baba-12810c05fbbb@group-6E23EBD9EBC2-SegmentedRaftLogWorker] INFO  impl.RoleInfo (RoleInfo.java:shutdownLeaderState(104)) - 7fda706b-4e23-4e10-baba-12810c05fbbb: shutdown LeaderState
2019-09-26 16:54:09,197 [5160ea40-cc48-41a9-a1d1-1151a36e77d8@group-CAAA41AA227D-SegmentedRaftLogWorker] INFO  util.JmxRegister (JmxRegister.java:unregister(73)) - Successfully un-registered JMX Bean with object name Ratis:service=RaftServer,group=group-CAAA41AA227D,id=5160ea40-cc48-41a9-a1d1-1151a36e77d8
2019-09-26 16:54:09,197 [862ec94c-cd2d-47b3-b563-7d6c2816cb58@group-B11DDC6028F8:LeaderElection116] INFO  server.RaftServerConfigKeys (ConfUtils.java:logGet(43)) - raft.server.watch.timeout = 10s (default)
2019-09-26 16:54:09,749 [5160ea40-cc48-41a9-a1d1-1151a36e77d8@group-CAAA41AA227D-SegmentedRaftLogWorker] INFO  impl.RoleInfo (RoleInfo.java:shutdownLeaderState(104)) - 5160ea40-cc48-41a9-a1d1-1151a36e77d8: shutdown LeaderState
2019-09-26 16:54:09,749 [7fda706b-4e23-4e10-baba-12810c05fbbb@group-6E23EBD9EBC2-SegmentedRaftLogWorker] INFO  impl.PendingRequests (PendingRequests.java:sendNotLeaderResponses(202)) - 7fda706b-4e23-4e10-baba-12810c05fbbb-PendingRequests: sendNotLeaderResponses
2019-09-26 16:54:09,749 [7fda706b-4e23-4e10-baba-12810c05fbbb@group-D4838260B295:LeaderElection121] INFO  impl.RoleInfo (RoleInfo.java:updateAndGet(143)) - 7fda706b-4e23-4e10-baba-12810c05fbbb: start LeaderState
2019-09-26 16:54:09,749 [d17cca1b-2e6b-48b2-8b1c-3559490fa529@group-F1CC7F31322C:LeaderElection126] INFO  server.RaftServerConfigKeys (ConfUtils.java:logGet(43)) - raft.server.watch.timeout.denomination = 1s (default)
2019-09-26 16:54:09,749 [pool-77-thread-1] INFO  storage.RaftStorageDirectory (RaftStorageDirectory.java:analyzeStorage(246)) - The storage directory /workdir/hadoop-ozone/integration-test/target/test-dir/MiniOzoneClusterImpl-fdc3d401-fab1-4968-a84f-12bf762e2bbf/datanode-5/data/ratis/d6bb6ef0-0a64-4e40-a8a7-996af30a5c74 does not exist. Creating ...
2019-09-26 16:54:09,749 [862ec94c-cd2d-47b3-b563-7d6c2816cb58@group-17D412075A1C-SegmentedRaftLogWorker] INFO  impl.PendingRequests (PendingRequests.java:sendNotLeaderResponses(202)) - 862ec94c-cd2d-47b3-b563-7d6c2816cb58-PendingRequests: sendNotLeaderResponses
2019-09-26 16:54:09,749 [d17cca1b-2e6b-48b2-8b1c-3559490fa529@group-5C044592C986:LeaderElection115] INFO  segmented.SegmentedRaftLogWorker (SegmentedRaftLogWorker.java:startLogSegment(380)) - d17cca1b-2e6b-48b2-8b1c-3559490fa529@group-5C044592C986-SegmentedRaftLogWorker: Starting segment from index:0
2019-09-26 16:54:09,749 [d17cca1b-2e6b-48b2-8b1c-3559490fa529@group-9F1614D968BA:LeaderElection107] INFO  impl.RoleInfo (RoleInfo.java:updateAndGet(143)) - d17cca1b-2e6b-48b2-8b1c-3559490fa529: start LeaderState
2019-09-26 16:54:09,748 [862ec94c-cd2d-47b3-b563-7d6c2816cb58@group-B5732A1D60A2-SegmentedRaftLogWorker] INFO  impl.PendingRequests (PendingRequests.java:sendNotLeaderResponses(202)) - 862ec94c-cd2d-47b3-b563-7d6c2816cb58-PendingRequests: sendNotLeaderResponses
2019-09-26 16:54:09,755 [d17cca1b-2e6b-48b2-8b1c-3559490fa529@group-9F1614D968BA:LeaderElection107] INFO  segmented.SegmentedRaftLogWorker (SegmentedRaftLogWorker.java:startLogSegment(380)) - d17cca1b-2e6b-48b2-8b1c-3559490fa529@group-9F1614D968BA-SegmentedRaftLogWorker: Starting segment from index:0
2019-09-26 16:54:09,518 [862ec94c-cd2d-47b3-b563-7d6c2816cb58@group-42BFB3A1B838-SegmentedRaftLogWorker] ERROR segmented.SegmentedRaftLogWorker (SegmentedRaftLogWorker.java:run(323)) - 862ec94c-cd2d-47b3-b563-7d6c2816cb58@group-42BFB3A1B838-SegmentedRaftLogWorker hit exception
java.lang.OutOfMemoryError: Direct buffer memory
	at java.nio.Bits.reserveMemory(Bits.java:666)
	at java.nio.DirectByteBuffer.<init>(DirectByteBuffer.java:123)
	at java.nio.ByteBuffer.allocateDirect(ByteBuffer.java:311)
	at org.apache.ratis.server.raftlog.segmented.BufferedWriteChannel.<init>(BufferedWriteChannel.java:41)
	at org.apache.ratis.server.raftlog.segmented.SegmentedRaftLogOutputStream.<init>(SegmentedRaftLogOutputStream.java:72)
	at org.apache.ratis.server.raftlog.segmented.SegmentedRaftLogWorker$StartLogSegment.execute(SegmentedRaftLogWorker.java:566)
	at org.apache.ratis.server.raftlog.segmented.SegmentedRaftLogWorker.run(SegmentedRaftLogWorker.java:289)
	at java.lang.Thread.run(Thread.java:748)
2019-09-26 16:54:09,511 [862ec94c-cd2d-47b3-b563-7d6c2816cb58@group-C38715E9C60B-SegmentedRaftLogWorker] ERROR segmented.SegmentedRaftLogWorker (SegmentedRaftLogWorker.java:run(323)) - 862ec94c-cd2d-47b3-b563-7d6c2816cb58@group-C38715E9C60B-SegmentedRaftLogWorker hit exception
java.lang.OutOfMemoryError: Direct buffer memory
	at java.nio.Bits.reserveMemory(Bits.java:666)
	at java.nio.DirectByteBuffer.<init>(DirectByteBuffer.java:123)
	at java.nio.ByteBuffer.allocateDirect(ByteBuffer.java:311)
	at org.apache.ratis.server.raftlog.segmented.BufferedWriteChannel.<init>(BufferedWriteChannel.java:41)
	at org.apache.ratis.server.raftlog.segmented.SegmentedRaftLogOutputStream.<init>(SegmentedRaftLogOutputStream.java:72)
	at org.apache.ratis.server.raftlog.segmented.SegmentedRaftLogWorker$StartLogSegment.execute(SegmentedRaftLogWorker.java:566)
	at org.apache.ratis.server.raftlog.segmented.SegmentedRaftLogWorker.run(SegmentedRaftLogWorker.java:289)
	at java.lang.Thread.run(Thread.java:748)
2019-09-26 16:54:09,221 [5160ea40-cc48-41a9-a1d1-1151a36e77d8@group-5CF5DB96C063:LeaderElection117] INFO  impl.RaftServerImpl (ServerState.java:setRaftConf(354)) - 5160ea40-cc48-41a9-a1d1-1151a36e77d8@group-5CF5DB96C063: set configuration 0: [5160ea40-cc48-41a9-a1d1-1151a36e77d8:192.168.151.99:45356], old=null at 0
2019-09-26 16:54:09,221 [pool-87-thread-1] INFO  server.RaftServerConfigKeys (ConfUtils.java:logGet(43)) - raft.server.snapshot.auto.trigger.threshold = 10000 (custom)
2019-09-26 16:54:09,221 [7fda706b-4e23-4e10-baba-12810c05fbbb@group-B2C475E91245:LeaderElection109] INFO  impl.RoleInfo (RoleInfo.java:updateAndGet(143)) - 7fda706b-4e23-4e10-baba-12810c05fbbb: start LeaderState
2019-09-26 16:54:09,220 [5160ea40-cc48-41a9-a1d1-1151a36e77d8@group-1E272E071DE3:LeaderElection122] INFO  server.RaftServerConfigKeys (ConfUtils.java:logGet(43)) - raft.server.watch.element-limit = 65536 (default)
2019-09-26 16:54:09,220 [4a469c34-60df-4173-8d32-715e2ce97f5d@group-A7BE3457B0E0:LeaderElection105] INFO  impl.RaftServerImpl (ServerState.java:setRaftConf(354)) - 4a469c34-60df-4173-8d32-715e2ce97f5d@group-A7BE3457B0E0: set configuration 0: [4a469c34-60df-4173-8d32-715e2ce97f5d:192.168.151.99:42442], old=null at 0
2019-09-26 16:54:09,220 [deac9605-e739-4d95-8360-f57df793faca@group-71380DB631E9:LeaderElection125] INFO  server.RaftServerConfigKeys (ConfUtils.java:logGet(43)) - raft.server.watch.timeout.denomination = 1s (default)
2019-09-26 16:54:09,220 [d17cca1b-2e6b-48b2-8b1c-3559490fa529@group-BA65C6CD63B8:LeaderElection128] INFO  impl.RaftServerImpl (RaftServerImpl.java:setRole(174)) - d17cca1b-2e6b-48b2-8b1c-3559490fa529@group-BA65C6CD63B8: changes role from CANDIDATE to FOLLOWER at term 1 for DISCOVERED_A_NEW_TERM
2019-09-26 16:54:10,186 [d17cca1b-2e6b-48b2-8b1c-3559490fa529@group-BA65C6CD63B8:LeaderElection128] INFO  impl.RoleInfo (RoleInfo.java:shutdownLeaderElection(134)) - d17cca1b-2e6b-48b2-8b1c-3559490fa529: shutdown LeaderElection
2019-09-26 16:54:09,220 [579334d3-7c10-42f4-b10c-e6c2267ece25@group-BA65C6CD63B8:LeaderElection130] INFO  impl.RaftServerImpl (RaftServerImpl.java:setRole(174)) - 579334d3-7c10-42f4-b10c-e6c2267ece25@group-BA65C6CD63B8: changes role from CANDIDATE to FOLLOWER at term 1 for DISCOVERED_A_NEW_TERM
2019-09-26 16:54:10,186 [579334d3-7c10-42f4-b10c-e6c2267ece25@group-BA65C6CD63B8:LeaderElection130] INFO  impl.RoleInfo (RoleInfo.java:shutdownLeaderElection(134)) - 579334d3-7c10-42f4-b10c-e6c2267ece25: shutdown LeaderElection
2019-09-26 16:54:09,220 [7fda706b-4e23-4e10-baba-12810c05fbbb@group-BA65C6CD63B8:LeaderElection129] INFO  impl.RaftServerImpl (RaftServerImpl.java:setRole(174)) - 7fda706b-4e23-4e10-baba-12810c05fbbb@group-BA65C6CD63B8: changes role from CANDIDATE to FOLLOWER at term 1 for DISCOVERED_A_NEW_TERM
2019-09-26 16:54:09,220 [deac9605-e739-4d95-8360-f57df793faca@group-BB5BC36C6AF2-SegmentedRaftLogWorker] INFO  impl.RoleInfo (RoleInfo.java:shutdownLeaderState(104)) - deac9605-e739-4d95-8360-f57df793faca: shutdown LeaderState
2019-09-26 16:54:09,213 [7fda706b-4e23-4e10-baba-12810c05fbbb@group-E1C050BD5AE3-SegmentedRaftLogWorker] INFO  util.JmxRegister (JmxRegister.java:unregister(73)) - Successfully un-registered JMX Bean with object name Ratis:service=RaftServer,group=group-E1C050BD5AE3,id=7fda706b-4e23-4e10-baba-12810c05fbbb
2019-09-26 16:54:10,187 [7fda706b-4e23-4e10-baba-12810c05fbbb@group-E1C050BD5AE3-SegmentedRaftLogWorker] INFO  impl.RoleInfo (RoleInfo.java:shutdownLeaderState(104)) - 7fda706b-4e23-4e10-baba-12810c05fbbb: shutdown LeaderState
2019-09-26 16:54:09,210 [pool-67-thread-1] INFO  storage.RaftStorageDirectory (RaftStorageDirectory.java:tryLock(328)) - Lock on /workdir/hadoop-ozone/integration-test/target/test-dir/MiniOzoneClusterImpl-fdc3d401-fab1-4968-a84f-12bf762e2bbf/datanode-4/data/ratis/d6bb6ef0-0a64-4e40-a8a7-996af30a5c74/in_use.lock acquired by nodename 15096@pr-hdds-1569-g6sp5-2013761785
2019-09-26 16:54:09,213 [pool-47-thread-1] INFO  storage.RaftStorageDirectory (RaftStorageDirectory.java:tryLock(328)) - Lock on /workdir/hadoop-ozone/integration-test/target/test-dir/MiniOzoneClusterImpl-fdc3d401-fab1-4968-a84f-12bf762e2bbf/datanode-2/data/ratis/d6bb6ef0-0a64-4e40-a8a7-996af30a5c74/in_use.lock acquired by nodename 15096@pr-hdds-1569-g6sp5-2013761785
2019-09-26 16:54:09,205 [4a469c34-60df-4173-8d32-715e2ce97f5d@group-F6117F20253A-SegmentedRaftLogWorker] INFO  util.JmxRegister (JmxRegister.java:unregister(73)) - Successfully un-registered JMX Bean with object name Ratis:service=RaftServer,group=group-F6117F20253A,id=4a469c34-60df-4173-8d32-715e2ce97f5d
2019-09-26 16:54:09,205 [7fda706b-4e23-4e10-baba-12810c05fbbb@group-BEF95ECFF1BD-SegmentedRaftLogWorker] INFO  util.JmxRegister (JmxRegister.java:unregister(73)) - Successfully un-registered JMX Bean with object name Ratis:service=RaftServer,group=group-BEF95ECFF1BD,id=7fda706b-4e23-4e10-baba-12810c05fbbb
2019-09-26 16:54:10,188 [7fda706b-4e23-4e10-baba-12810c05fbbb@group-BEF95ECFF1BD-SegmentedRaftLogWorker] INFO  impl.RoleInfo (RoleInfo.java:shutdownLeaderState(104)) - 7fda706b-4e23-4e10-baba-12810c05fbbb: shutdown LeaderState
2019-09-26 16:54:09,204 [d17cca1b-2e6b-48b2-8b1c-3559490fa529@group-1CD36E5E23BA:LeaderElection127] INFO  server.RaftServerConfigKeys (ConfUtils.java:logGet(43)) - raft.server.rpc.sleep.time = 25ms (default)
2019-09-26 16:54:09,204 [4a469c34-60df-4173-8d32-715e2ce97f5d@group-528B81068606:LeaderElection120] INFO  server.RaftServerConfigKeys (ConfUtils.java:logGet(43)) - raft.server.watch.element-limit = 65536 (default)
2019-09-26 16:54:09,203 [4a469c34-60df-4173-8d32-715e2ce97f5d@group-8454D3131D9D:LeaderElection110] INFO  server.RaftServerConfigKeys (ConfUtils.java:logGet(43)) - raft.server.write.element-limit = 4096 (default)
2019-09-26 16:54:10,188 [7fda706b-4e23-4e10-baba-12810c05fbbb@group-BEF95ECFF1BD-SegmentedRaftLogWorker] INFO  impl.PendingRequests (PendingRequests.java:sendNotLeaderResponses(202)) - 7fda706b-4e23-4e10-baba-12810c05fbbb-PendingRequests: sendNotLeaderResponses
2019-09-26 16:54:10,188 [4a469c34-60df-4173-8d32-715e2ce97f5d@group-F6117F20253A-SegmentedRaftLogWorker] INFO  impl.RoleInfo (RoleInfo.java:shutdownLeaderState(104)) - 4a469c34-60df-4173-8d32-715e2ce97f5d: shutdown LeaderState
2019-09-26 16:54:10,189 [7fda706b-4e23-4e10-baba-12810c05fbbb@group-BEF95ECFF1BD-SegmentedRaftLogWorker] INFO  impl.StateMachineUpdater (StateMachineUpdater.java:stopAndJoin(125)) - 7fda706b-4e23-4e10-baba-12810c05fbbb@group-BEF95ECFF1BD-StateMachineUpdater: set stopIndex = -1
2019-09-26 16:54:10,187 [7fda706b-4e23-4e10-baba-12810c05fbbb@group-E1C050BD5AE3-SegmentedRaftLogWorker] INFO  impl.PendingRequests (PendingRequests.java:sendNotLeaderResponses(202)) - 7fda706b-4e23-4e10-baba-12810c05fbbb-PendingRequests: sendNotLeaderResponses
2019-09-26 16:54:10,187 [deac9605-e739-4d95-8360-f57df793faca@group-BB5BC36C6AF2-SegmentedRaftLogWorker] INFO  impl.PendingRequests (PendingRequests.java:sendNotLeaderResponses(202)) - deac9605-e739-4d95-8360-f57df793faca-PendingRequests: sendNotLeaderResponses
2019-09-26 16:54:10,187 [7fda706b-4e23-4e10-baba-12810c05fbbb@group-BA65C6CD63B8:LeaderElection129] INFO  impl.RoleInfo (RoleInfo.java:shutdownLeaderElection(134)) - 7fda706b-4e23-4e10-baba-12810c05fbbb: shutdown LeaderElection
2019-09-26 16:54:10,187 [579334d3-7c10-42f4-b10c-e6c2267ece25@group-BA65C6CD63B8:LeaderElection130] INFO  impl.RoleInfo (RoleInfo.java:updateAndGet(143)) - 579334d3-7c10-42f4-b10c-e6c2267ece25: start FollowerState
2019-09-26 16:54:10,186 [d17cca1b-2e6b-48b2-8b1c-3559490fa529@group-BA65C6CD63B8:LeaderElection128] INFO  impl.RoleInfo (RoleInfo.java:updateAndGet(143)) - d17cca1b-2e6b-48b2-8b1c-3559490fa529: start FollowerState
2019-09-26 16:54:10,186 [deac9605-e739-4d95-8360-f57df793faca@group-71380DB631E9:LeaderElection125] INFO  server.RaftServerConfigKeys (ConfUtils.java:logGet(43)) - raft.server.watch.element-limit = 65536 (default)
2019-09-26 16:54:10,185 [7fda706b-4e23-4e10-baba-12810c05fbbb@group-B2C475E91245:LeaderElection109] INFO  segmented.SegmentedRaftLogWorker (SegmentedRaftLogWorker.java:startLogSegment(380)) - 7fda706b-4e23-4e10-baba-12810c05fbbb@group-B2C475E91245-SegmentedRaftLogWorker: Starting segment from index:0
2019-09-26 16:54:10,185 [pool-87-thread-1] INFO  server.RaftServerConfigKeys (ConfUtils.java:logGet(43)) - raft.server.snapshot.retention.num.files = 5 (custom)
2019-09-26 16:54:10,184 [579334d3-7c10-42f4-b10c-e6c2267ece25@group-D563116573F6:LeaderElection108] INFO  impl.RoleInfo (RoleInfo.java:updateAndGet(143)) - 579334d3-7c10-42f4-b10c-e6c2267ece25: start LeaderState
2019-09-26 16:54:10,184 [862ec94c-cd2d-47b3-b563-7d6c2816cb58@group-C38715E9C60B-SegmentedRaftLogWorker] INFO  impl.RaftServerImpl (RaftServerImpl.java:lambda$shutdown$3(251)) - 862ec94c-cd2d-47b3-b563-7d6c2816cb58@group-C38715E9C60B: shutdown
2019-09-26 16:54:10,183 [d17cca1b-2e6b-48b2-8b1c-3559490fa529@group-0D035646D911:LeaderElection112] INFO  impl.RoleInfo (RoleInfo.java:updateAndGet(143)) - d17cca1b-2e6b-48b2-8b1c-3559490fa529: start LeaderState
2019-09-26 16:54:09,948 [d17cca1b-2e6b-48b2-8b1c-3559490fa529@group-9F1614D968BA:LeaderElection107] INFO  impl.RaftServerImpl (ServerState.java:setRaftConf(354)) - d17cca1b-2e6b-48b2-8b1c-3559490fa529@group-9F1614D968BA: set configuration 0: [d17cca1b-2e6b-48b2-8b1c-3559490fa529:192.168.151.99:40714], old=null at 0
2019-09-26 16:54:09,948 [862ec94c-cd2d-47b3-b563-7d6c2816cb58@group-42BFB3A1B838-SegmentedRaftLogWorker] INFO  impl.RaftServerImpl (RaftServerImpl.java:lambda$shutdown$3(251)) - 862ec94c-cd2d-47b3-b563-7d6c2816cb58@group-42BFB3A1B838: shutdown
2019-09-26 16:54:09,947 [pool-77-thread-1] INFO  storage.RaftStorageDirectory (RaftStorageDirectory.java:tryLock(328)) - Lock on /workdir/hadoop-ozone/integration-test/target/test-dir/MiniOzoneClusterImpl-fdc3d401-fab1-4968-a84f-12bf762e2bbf/datanode-5/data/ratis/d6bb6ef0-0a64-4e40-a8a7-996af30a5c74/in_use.lock acquired by nodename 15096@pr-hdds-1569-g6sp5-2013761785
2019-09-26 16:54:09,755 [579334d3-7c10-42f4-b10c-e6c2267ece25@group-972B7DA5E6F5:LeaderElection111] INFO  impl.RoleInfo (RoleInfo.java:updateAndGet(143)) - 579334d3-7c10-42f4-b10c-e6c2267ece25: start LeaderState
2019-09-26 16:54:10,192 [5160ea40-cc48-41a9-a1d1-1151a36e77d8@group-1D62C6517019:LeaderElection124] INFO  impl.RoleInfo (RoleInfo.java:updateAndGet(143)) - 5160ea40-cc48-41a9-a1d1-1151a36e77d8: start LeaderState
2019-09-26 16:54:09,755 [862ec94c-cd2d-47b3-b563-7d6c2816cb58@group-B5732A1D60A2-SegmentedRaftLogWorker] INFO  impl.StateMachineUpdater (StateMachineUpdater.java:stopAndJoin(125)) - 862ec94c-cd2d-47b3-b563-7d6c2816cb58@group-B5732A1D60A2-StateMachineUpdater: set stopIndex = -1
2019-09-26 16:54:09,755 [d17cca1b-2e6b-48b2-8b1c-3559490fa529@group-5C044592C986:LeaderElection115] INFO  impl.RaftServerImpl (ServerState.java:setRaftConf(354)) - d17cca1b-2e6b-48b2-8b1c-3559490fa529@group-5C044592C986: set configuration 0: [d17cca1b-2e6b-48b2-8b1c-3559490fa529:192.168.151.99:40714], old=null at 0
2019-09-26 16:54:09,754 [862ec94c-cd2d-47b3-b563-7d6c2816cb58@group-17D412075A1C-SegmentedRaftLogWorker] INFO  impl.StateMachineUpdater (StateMachineUpdater.java:stopAndJoin(125)) - 862ec94c-cd2d-47b3-b563-7d6c2816cb58@group-17D412075A1C-StateMachineUpdater: set stopIndex = -1
2019-09-26 16:54:10,193 [862ec94c-cd2d-47b3-b563-7d6c2816cb58@group-17D412075A1C-SegmentedRaftLogWorker] INFO  impl.RaftServerImpl (ServerState.java:close(385)) - 862ec94c-cd2d-47b3-b563-7d6c2816cb58@group-17D412075A1C: closes. applyIndex: -1
2019-09-26 16:54:09,754 [d17cca1b-2e6b-48b2-8b1c-3559490fa529@group-F1CC7F31322C:LeaderElection126] INFO  server.RaftServerConfigKeys (ConfUtils.java:logGet(43)) - raft.server.watch.element-limit = 65536 (default)
2019-09-26 16:54:09,754 [7fda706b-4e23-4e10-baba-12810c05fbbb@group-D4838260B295:LeaderElection121] INFO  segmented.SegmentedRaftLogWorker (SegmentedRaftLogWorker.java:startLogSegment(380)) - 7fda706b-4e23-4e10-baba-12810c05fbbb@group-D4838260B295-SegmentedRaftLogWorker: Starting segment from index:0
2019-09-26 16:54:09,754 [7fda706b-4e23-4e10-baba-12810c05fbbb@group-6E23EBD9EBC2-SegmentedRaftLogWorker] INFO  impl.StateMachineUpdater (StateMachineUpdater.java:stopAndJoin(125)) - 7fda706b-4e23-4e10-baba-12810c05fbbb@group-6E23EBD9EBC2-StateMachineUpdater: set stopIndex = -1
2019-09-26 16:54:09,753 [5160ea40-cc48-41a9-a1d1-1151a36e77d8@group-CAAA41AA227D-SegmentedRaftLogWorker] INFO  impl.PendingRequests (PendingRequests.java:sendNotLeaderResponses(202)) - 5160ea40-cc48-41a9-a1d1-1151a36e77d8-PendingRequests: sendNotLeaderResponses
2019-09-26 16:54:09,753 [862ec94c-cd2d-47b3-b563-7d6c2816cb58@group-B11DDC6028F8:LeaderElection116] INFO  server.RaftServerConfigKeys (ConfUtils.java:logGet(43)) - raft.server.watch.timeout.denomination = 1s (default)
2019-09-26 16:54:10,194 [5160ea40-cc48-41a9-a1d1-1151a36e77d8@group-CAAA41AA227D-SegmentedRaftLogWorker] INFO  impl.StateMachineUpdater (StateMachineUpdater.java:stopAndJoin(125)) - 5160ea40-cc48-41a9-a1d1-1151a36e77d8@group-CAAA41AA227D-StateMachineUpdater: set stopIndex = -1
2019-09-26 16:54:10,194 [7fda706b-4e23-4e10-baba-12810c05fbbb@group-6E23EBD9EBC2-SegmentedRaftLogWorker] INFO  impl.RaftServerImpl (ServerState.java:close(385)) - 7fda706b-4e23-4e10-baba-12810c05fbbb@group-6E23EBD9EBC2: closes. applyIndex: -1
2019-09-26 16:54:10,193 [862ec94c-cd2d-47b3-b563-7d6c2816cb58@group-17D412075A1C-SegmentedRaftLogWorker] INFO  segmented.SegmentedRaftLogWorker (SegmentedRaftLogWorker.java:close(228)) - 862ec94c-cd2d-47b3-b563-7d6c2816cb58@group-17D412075A1C-SegmentedRaftLogWorker close()
2019-09-26 16:54:10,193 [862ec94c-cd2d-47b3-b563-7d6c2816cb58@group-B5732A1D60A2-SegmentedRaftLogWorker] INFO  impl.RaftServerImpl (ServerState.java:close(385)) - 862ec94c-cd2d-47b3-b563-7d6c2816cb58@group-B5732A1D60A2: closes. applyIndex: -1
2019-09-26 16:54:10,193 [5160ea40-cc48-41a9-a1d1-1151a36e77d8@group-1D62C6517019:LeaderElection124] INFO  segmented.SegmentedRaftLogWorker (SegmentedRaftLogWorker.java:startLogSegment(380)) - 5160ea40-cc48-41a9-a1d1-1151a36e77d8@group-1D62C6517019-SegmentedRaftLogWorker: Starting segment from index:0
2019-09-26 16:54:10,192 [579334d3-7c10-42f4-b10c-e6c2267ece25@group-972B7DA5E6F5:LeaderElection111] INFO  segmented.SegmentedRaftLogWorker (SegmentedRaftLogWorker.java:startLogSegment(380)) - 579334d3-7c10-42f4-b10c-e6c2267ece25@group-972B7DA5E6F5-SegmentedRaftLogWorker: Starting segment from index:0
2019-09-26 16:54:10,192 [5160ea40-cc48-41a9-a1d1-1151a36e77d8@group-617DE8AE92D0:LeaderElection123] INFO  impl.RoleInfo (RoleInfo.java:updateAndGet(143)) - 5160ea40-cc48-41a9-a1d1-1151a36e77d8: start LeaderState
2019-09-26 16:54:10,192 [862ec94c-cd2d-47b3-b563-7d6c2816cb58@group-42BFB3A1B838-SegmentedRaftLogWorker] INFO  util.JmxRegister (JmxRegister.java:unregister(73)) - Successfully un-registered JMX Bean with object name Ratis:service=RaftServer,group=group-42BFB3A1B838,id=862ec94c-cd2d-47b3-b563-7d6c2816cb58
2019-09-26 16:54:10,196 [5160ea40-cc48-41a9-a1d1-1151a36e77d8@group-617DE8AE92D0:LeaderElection123] INFO  segmented.SegmentedRaftLogWorker (SegmentedRaftLogWorker.java:startLogSegment(380)) - 5160ea40-cc48-41a9-a1d1-1151a36e77d8@group-617DE8AE92D0-SegmentedRaftLogWorker: Starting segment from index:0
2019-09-26 16:54:10,192 [d17cca1b-2e6b-48b2-8b1c-3559490fa529@group-0D035646D911:LeaderElection112] INFO  segmented.SegmentedRaftLogWorker (SegmentedRaftLogWorker.java:startLogSegment(380)) - d17cca1b-2e6b-48b2-8b1c-3559490fa529@group-0D035646D911-SegmentedRaftLogWorker: Starting segment from index:0
2019-09-26 16:54:10,192 [862ec94c-cd2d-47b3-b563-7d6c2816cb58@group-C38715E9C60B-SegmentedRaftLogWorker] INFO  util.JmxRegister (JmxRegister.java:unregister(73)) - Successfully un-registered JMX Bean with object name Ratis:service=RaftServer,group=group-C38715E9C60B,id=862ec94c-cd2d-47b3-b563-7d6c2816cb58
2019-09-26 16:54:10,196 [862ec94c-cd2d-47b3-b563-7d6c2816cb58@group-C38715E9C60B-SegmentedRaftLogWorker] INFO  impl.RoleInfo (RoleInfo.java:shutdownLeaderState(104)) - 862ec94c-cd2d-47b3-b563-7d6c2816cb58: shutdown LeaderState
2019-09-26 16:54:10,192 [4a469c34-60df-4173-8d32-715e2ce97f5d@group-192151A5EAFE:LeaderElection119] INFO  impl.RoleInfo (RoleInfo.java:updateAndGet(143)) - 4a469c34-60df-4173-8d32-715e2ce97f5d: start LeaderState
2019-09-26 16:54:10,192 [862ec94c-cd2d-47b3-b563-7d6c2816cb58@group-26B889F3603E:LeaderElection118] INFO  impl.RoleInfo (RoleInfo.java:updateAndGet(143)) - 862ec94c-cd2d-47b3-b563-7d6c2816cb58: start LeaderState
2019-09-26 16:54:10,191 [579334d3-7c10-42f4-b10c-e6c2267ece25@group-D563116573F6:LeaderElection108] INFO  segmented.SegmentedRaftLogWorker (SegmentedRaftLogWorker.java:startLogSegment(380)) - 579334d3-7c10-42f4-b10c-e6c2267ece25@group-D563116573F6-SegmentedRaftLogWorker: Starting segment from index:0
2019-09-26 16:54:10,190 [deac9605-e739-4d95-8360-f57df793faca@group-BB5BC36C6AF2-SegmentedRaftLogWorker] INFO  impl.StateMachineUpdater (StateMachineUpdater.java:stopAndJoin(125)) - deac9605-e739-4d95-8360-f57df793faca@group-BB5BC36C6AF2-StateMachineUpdater: set stopIndex = -1
2019-09-26 16:54:10,197 [deac9605-e739-4d95-8360-f57df793faca@group-BB5BC36C6AF2-SegmentedRaftLogWorker] INFO  impl.RaftServerImpl (ServerState.java:close(385)) - deac9605-e739-4d95-8360-f57df793faca@group-BB5BC36C6AF2: closes. applyIndex: -1
2019-09-26 16:54:10,190 [7fda706b-4e23-4e10-baba-12810c05fbbb@group-E1C050BD5AE3-SegmentedRaftLogWorker] INFO  impl.StateMachineUpdater (StateMachineUpdater.java:stopAndJoin(125)) - 7fda706b-4e23-4e10-baba-12810c05fbbb@group-E1C050BD5AE3-StateMachineUpdater: set stopIndex = -1
2019-09-26 16:54:10,190 [7fda706b-4e23-4e10-baba-12810c05fbbb@group-BEF95ECFF1BD-SegmentedRaftLogWorker] INFO  impl.RaftServerImpl (ServerState.java:close(385)) - 7fda706b-4e23-4e10-baba-12810c05fbbb@group-BEF95ECFF1BD: closes. applyIndex: -1
2019-09-26 16:54:10,190 [4a469c34-60df-4173-8d32-715e2ce97f5d@group-7AF6AB2F6015:LeaderElection113] INFO  impl.RoleInfo (RoleInfo.java:updateAndGet(143)) - 4a469c34-60df-4173-8d32-715e2ce97f5d: start LeaderState
2019-09-26 16:54:10,190 [4a469c34-60df-4173-8d32-715e2ce97f5d@group-F6117F20253A-SegmentedRaftLogWorker] INFO  impl.PendingRequests (PendingRequests.java:sendNotLeaderResponses(202)) - 4a469c34-60df-4173-8d32-715e2ce97f5d-PendingRequests: sendNotLeaderResponses
2019-09-26 16:54:10,189 [d17cca1b-2e6b-48b2-8b1c-3559490fa529@group-5A43D4DE6CA1:LeaderElection114] INFO  impl.RoleInfo (RoleInfo.java:updateAndGet(143)) - d17cca1b-2e6b-48b2-8b1c-3559490fa529: start LeaderState
2019-09-26 16:54:10,198 [579334d3-7c10-42f4-b10c-e6c2267ece25@group-0B8F6A17CAB6-SegmentedRaftLogWorker] ERROR segmented.SegmentedRaftLogWorker (SegmentedRaftLogWorker.java:run(323)) - 579334d3-7c10-42f4-b10c-e6c2267ece25@group-0B8F6A17CAB6-SegmentedRaftLogWorker hit exception
java.lang.OutOfMemoryError: Direct buffer memory
	at java.nio.Bits.reserveMemory(Bits.java:666)
	at java.nio.DirectByteBuffer.<init>(DirectByteBuffer.java:123)
	at java.nio.ByteBuffer.allocateDirect(ByteBuffer.java:311)
	at org.apache.ratis.server.raftlog.segmented.BufferedWriteChannel.<init>(BufferedWriteChannel.java:41)
	at org.apache.ratis.server.raftlog.segmented.SegmentedRaftLogOutputStream.<init>(SegmentedRaftLogOutputStream.java:72)
	at org.apache.ratis.server.raftlog.segmented.SegmentedRaftLogWorker$StartLogSegment.execute(SegmentedRaftLogWorker.java:566)
	at org.apache.ratis.server.raftlog.segmented.SegmentedRaftLogWorker.run(SegmentedRaftLogWorker.java:289)
	at java.lang.Thread.run(Thread.java:748)
2019-09-26 16:54:10,189 [4a469c34-60df-4173-8d32-715e2ce97f5d@group-8454D3131D9D:LeaderElection110] INFO  server.RaftServerConfigKeys (ConfUtils.java:logGet(43)) - raft.server.watch.timeout = 10s (default)
2019-09-26 16:54:10,199 [4a469c34-60df-4173-8d32-715e2ce97f5d@group-8454D3131D9D:LeaderElection110] INFO  server.RaftServerConfigKeys (ConfUtils.java:logGet(43)) - raft.server.watch.timeout.denomination = 1s (default)
2019-09-26 16:54:10,198 [579334d3-7c10-42f4-b10c-e6c2267ece25@group-0B8F6A17CAB6-SegmentedRaftLogWorker] INFO  impl.RaftServerImpl (RaftServerImpl.java:lambda$shutdown$3(251)) - 579334d3-7c10-42f4-b10c-e6c2267ece25@group-0B8F6A17CAB6: shutdown
2019-09-26 16:54:10,198 [d17cca1b-2e6b-48b2-8b1c-3559490fa529@group-5A43D4DE6CA1:LeaderElection114] INFO  segmented.SegmentedRaftLogWorker (SegmentedRaftLogWorker.java:startLogSegment(380)) - d17cca1b-2e6b-48b2-8b1c-3559490fa529@group-5A43D4DE6CA1-SegmentedRaftLogWorker: Starting segment from index:0
2019-09-26 16:54:10,198 [7fda706b-4e23-4e10-baba-12810c05fbbb@group-4FDFC239BA02-SegmentedRaftLogWorker] ERROR segmented.SegmentedRaftLogWorker (SegmentedRaftLogWorker.java:run(323)) - 7fda706b-4e23-4e10-baba-12810c05fbbb@group-4FDFC239BA02-SegmentedRaftLogWorker hit exception
java.lang.OutOfMemoryError: Direct buffer memory
	at java.nio.Bits.reserveMemory(Bits.java:666)
	at java.nio.DirectByteBuffer.<init>(DirectByteBuffer.java:123)
	at java.nio.ByteBuffer.allocateDirect(ByteBuffer.java:311)
	at org.apache.ratis.server.raftlog.segmented.BufferedWriteChannel.<init>(BufferedWriteChannel.java:41)
	at org.apache.ratis.server.raftlog.segmented.SegmentedRaftLogOutputStream.<init>(SegmentedRaftLogOutputStream.java:72)
	at org.apache.ratis.server.raftlog.segmented.SegmentedRaftLogWorker$StartLogSegment.execute(SegmentedRaftLogWorker.java:566)
	at org.apache.ratis.server.raftlog.segmented.SegmentedRaftLogWorker.run(SegmentedRaftLogWorker.java:289)
	at java.lang.Thread.run(Thread.java:748)
2019-09-26 16:54:10,199 [7fda706b-4e23-4e10-baba-12810c05fbbb@group-4FDFC239BA02-SegmentedRaftLogWorker] INFO  impl.RaftServerImpl (RaftServerImpl.java:lambda$shutdown$3(251)) - 7fda706b-4e23-4e10-baba-12810c05fbbb@group-4FDFC239BA02: shutdown
2019-09-26 16:54:10,198 [5160ea40-cc48-41a9-a1d1-1151a36e77d8@group-C36002BBBA8D-SegmentedRaftLogWorker] ERROR segmented.SegmentedRaftLogWorker (SegmentedRaftLogWorker.java:run(323)) - 5160ea40-cc48-41a9-a1d1-1151a36e77d8@group-C36002BBBA8D-SegmentedRaftLogWorker hit exception
java.lang.OutOfMemoryError: Direct buffer memory
	at java.nio.Bits.reserveMemory(Bits.java:666)
	at java.nio.DirectByteBuffer.<init>(DirectByteBuffer.java:123)
	at java.nio.ByteBuffer.allocateDirect(ByteBuffer.java:311)
	at org.apache.ratis.server.raftlog.segmented.BufferedWriteChannel.<init>(BufferedWriteChannel.java:41)
	at org.apache.ratis.server.raftlog.segmented.SegmentedRaftLogOutputStream.<init>(SegmentedRaftLogOutputStream.java:72)
	at org.apache.ratis.server.raftlog.segmented.SegmentedRaftLogWorker$StartLogSegment.execute(SegmentedRaftLogWorker.java:566)
	at org.apache.ratis.server.raftlog.segmented.SegmentedRaftLogWorker.run(SegmentedRaftLogWorker.java:289)
	at java.lang.Thread.run(Thread.java:748)
2019-09-26 16:54:10,198 [4a469c34-60df-4173-8d32-715e2ce97f5d@group-F6117F20253A-SegmentedRaftLogWorker] INFO  impl.StateMachineUpdater (StateMachineUpdater.java:stopAndJoin(125)) - 4a469c34-60df-4173-8d32-715e2ce97f5d@group-F6117F20253A-StateMachineUpdater: set stopIndex = -1
2019-09-26 16:54:10,198 [4a469c34-60df-4173-8d32-715e2ce97f5d@group-7AF6AB2F6015:LeaderElection113] INFO  segmented.SegmentedRaftLogWorker (SegmentedRaftLogWorker.java:startLogSegment(380)) - 4a469c34-60df-4173-8d32-715e2ce97f5d@group-7AF6AB2F6015-SegmentedRaftLogWorker: Starting segment from index:0
2019-09-26 16:54:10,198 [7fda706b-4e23-4e10-baba-12810c05fbbb@group-BEF95ECFF1BD-SegmentedRaftLogWorker] INFO  segmented.SegmentedRaftLogWorker (SegmentedRaftLogWorker.java:close(228)) - 7fda706b-4e23-4e10-baba-12810c05fbbb@group-BEF95ECFF1BD-SegmentedRaftLogWorker close()
2019-09-26 16:54:10,197 [7fda706b-4e23-4e10-baba-12810c05fbbb@group-E1C050BD5AE3-SegmentedRaftLogWorker] INFO  impl.RaftServerImpl (ServerState.java:close(385)) - 7fda706b-4e23-4e10-baba-12810c05fbbb@group-E1C050BD5AE3: closes. applyIndex: -1
2019-09-26 16:54:10,197 [deac9605-e739-4d95-8360-f57df793faca@group-BB5BC36C6AF2-SegmentedRaftLogWorker] INFO  segmented.SegmentedRaftLogWorker (SegmentedRaftLogWorker.java:close(228)) - deac9605-e739-4d95-8360-f57df793faca@group-BB5BC36C6AF2-SegmentedRaftLogWorker close()
2019-09-26 16:54:10,197 [862ec94c-cd2d-47b3-b563-7d6c2816cb58@group-26B889F3603E:LeaderElection118] INFO  segmented.SegmentedRaftLogWorker (SegmentedRaftLogWorker.java:startLogSegment(380)) - 862ec94c-cd2d-47b3-b563-7d6c2816cb58@group-26B889F3603E-SegmentedRaftLogWorker: Starting segment from index:0
2019-09-26 16:54:10,197 [4a469c34-60df-4173-8d32-715e2ce97f5d@group-192151A5EAFE:LeaderElection119] INFO  segmented.SegmentedRaftLogWorker (SegmentedRaftLogWorker.java:startLogSegment(380)) - 4a469c34-60df-4173-8d32-715e2ce97f5d@group-192151A5EAFE-SegmentedRaftLogWorker: Starting segment from index:0
2019-09-26 16:54:10,196 [862ec94c-cd2d-47b3-b563-7d6c2816cb58@group-C38715E9C60B-SegmentedRaftLogWorker] INFO  impl.PendingRequests (PendingRequests.java:sendNotLeaderResponses(202)) - 862ec94c-cd2d-47b3-b563-7d6c2816cb58-PendingRequests: sendNotLeaderResponses
2019-09-26 16:54:10,196 [862ec94c-cd2d-47b3-b563-7d6c2816cb58@group-42BFB3A1B838-SegmentedRaftLogWorker] INFO  impl.RoleInfo (RoleInfo.java:shutdownLeaderState(104)) - 862ec94c-cd2d-47b3-b563-7d6c2816cb58: shutdown LeaderState
2019-09-26 16:54:12,088 [862ec94c-cd2d-47b3-b563-7d6c2816cb58@group-C38715E9C60B-SegmentedRaftLogWorker] INFO  impl.StateMachineUpdater (StateMachineUpdater.java:stopAndJoin(125)) - 862ec94c-cd2d-47b3-b563-7d6c2816cb58@group-C38715E9C60B-StateMachineUpdater: set stopIndex = -1
2019-09-26 16:54:10,195 [862ec94c-cd2d-47b3-b563-7d6c2816cb58@group-B5732A1D60A2-SegmentedRaftLogWorker] INFO  segmented.SegmentedRaftLogWorker (SegmentedRaftLogWorker.java:close(228)) - 862ec94c-cd2d-47b3-b563-7d6c2816cb58@group-B5732A1D60A2-SegmentedRaftLogWorker close()
2019-09-26 16:54:10,195 [7fda706b-4e23-4e10-baba-12810c05fbbb@group-6E23EBD9EBC2-SegmentedRaftLogWorker] INFO  segmented.SegmentedRaftLogWorker (SegmentedRaftLogWorker.java:close(228)) - 7fda706b-4e23-4e10-baba-12810c05fbbb@group-6E23EBD9EBC2-SegmentedRaftLogWorker close()
2019-09-26 16:54:10,195 [5160ea40-cc48-41a9-a1d1-1151a36e77d8@group-CAAA41AA227D-SegmentedRaftLogWorker] INFO  impl.RaftServerImpl (ServerState.java:close(385)) - 5160ea40-cc48-41a9-a1d1-1151a36e77d8@group-CAAA41AA227D: closes. applyIndex: -1
2019-09-26 16:54:10,194 [862ec94c-cd2d-47b3-b563-7d6c2816cb58@group-B11DDC6028F8:LeaderElection116] INFO  server.RaftServerConfigKeys (ConfUtils.java:logGet(43)) - raft.server.watch.element-limit = 65536 (default)
2019-09-26 16:54:12,300 [4a469c34-60df-4173-8d32-715e2ce97f5d@group-7AF6AB2F6015:LeaderElection113] INFO  impl.RaftServerImpl (ServerState.java:setRaftConf(354)) - 4a469c34-60df-4173-8d32-715e2ce97f5d@group-7AF6AB2F6015: set configuration 0: [4a469c34-60df-4173-8d32-715e2ce97f5d:192.168.151.99:42442], old=null at 0
2019-09-26 16:54:12,299 [862ec94c-cd2d-47b3-b563-7d6c2816cb58@group-C38715E9C60B-SegmentedRaftLogWorker] INFO  impl.RaftServerImpl (ServerState.java:close(385)) - 862ec94c-cd2d-47b3-b563-7d6c2816cb58@group-C38715E9C60B: closes. applyIndex: -1
2019-09-26 16:54:12,299 [4a469c34-60df-4173-8d32-715e2ce97f5d@group-192151A5EAFE:LeaderElection119] INFO  impl.RaftServerImpl (ServerState.java:setRaftConf(354)) - 4a469c34-60df-4173-8d32-715e2ce97f5d@group-192151A5EAFE: set configuration 0: [4a469c34-60df-4173-8d32-715e2ce97f5d:192.168.151.99:42442], old=null at 0
2019-09-26 16:54:12,301 [862ec94c-cd2d-47b3-b563-7d6c2816cb58@group-C38715E9C60B-SegmentedRaftLogWorker] INFO  segmented.SegmentedRaftLogWorker (SegmentedRaftLogWorker.java:close(228)) - 862ec94c-cd2d-47b3-b563-7d6c2816cb58@group-C38715E9C60B-SegmentedRaftLogWorker close()
2019-09-26 16:54:12,088 [862ec94c-cd2d-47b3-b563-7d6c2816cb58@group-42BFB3A1B838-SegmentedRaftLogWorker] INFO  impl.PendingRequests (PendingRequests.java:sendNotLeaderResponses(202)) - 862ec94c-cd2d-47b3-b563-7d6c2816cb58-PendingRequests: sendNotLeaderResponses
2019-09-26 16:54:11,106 [862ec94c-cd2d-47b3-b563-7d6c2816cb58@group-26B889F3603E:LeaderElection118] INFO  impl.RaftServerImpl (ServerState.java:setRaftConf(354)) - 862ec94c-cd2d-47b3-b563-7d6c2816cb58@group-26B889F3603E: set configuration 0: [862ec94c-cd2d-47b3-b563-7d6c2816cb58:192.168.151.99:36916], old=null at 0
2019-09-26 16:54:11,099 [RATISCREATEPIPELINE3] ERROR pipeline.RatisPipelineProvider (RatisPipelineProvider.java:lambda$null$2(175)) - Failed invoke Ratis rpc org.apache.hadoop.hdds.scm.pipeline.RatisPipelineProvider$$Lambda$183/1147569895@76c9e3f3 for 862ec94c-cd2d-47b3-b563-7d6c2816cb58
org.apache.ratis.protocol.TimeoutIOException: deadline exceeded after 2999759828ns
	at org.apache.ratis.grpc.GrpcUtil.tryUnwrapException(GrpcUtil.java:82)
	at org.apache.ratis.grpc.GrpcUtil.unwrapException(GrpcUtil.java:75)
	at org.apache.ratis.grpc.client.GrpcClientProtocolClient.blockingCall(GrpcClientProtocolClient.java:178)
	at org.apache.ratis.grpc.client.GrpcClientProtocolClient.groupAdd(GrpcClientProtocolClient.java:147)
	at org.apache.ratis.grpc.client.GrpcClientRpc.sendRequest(GrpcClientRpc.java:94)
	at org.apache.ratis.client.impl.RaftClientImpl.sendRequest(RaftClientImpl.java:278)
	at org.apache.ratis.client.impl.RaftClientImpl.groupAdd(RaftClientImpl.java:205)
	at org.apache.hadoop.hdds.scm.pipeline.RatisPipelineProvider.lambda$initializePipeline$1(RatisPipelineProvider.java:136)
	at org.apache.hadoop.hdds.scm.pipeline.RatisPipelineProvider.lambda$null$2(RatisPipelineProvider.java:171)
	at java.util.stream.ForEachOps$ForEachOp$OfRef.accept(ForEachOps.java:184)
	at java.util.ArrayList$ArrayListSpliterator.forEachRemaining(ArrayList.java:1382)
	at java.util.stream.AbstractPipeline.copyInto(AbstractPipeline.java:482)
	at java.util.stream.ForEachOps$ForEachTask.compute(ForEachOps.java:291)
	at java.util.concurrent.CountedCompleter.exec(CountedCompleter.java:731)
	at java.util.concurrent.ForkJoinTask.doExec(ForkJoinTask.java:289)
	at java.util.concurrent.ForkJoinTask.doInvoke(ForkJoinTask.java:401)
	at java.util.concurrent.ForkJoinTask.invoke(ForkJoinTask.java:734)
	at java.util.stream.ForEachOps$ForEachOp.evaluateParallel(ForEachOps.java:160)
	at java.util.stream.ForEachOps$ForEachOp$OfRef.evaluateParallel(ForEachOps.java:174)
	at java.util.stream.AbstractPipeline.evaluate(AbstractPipeline.java:233)
	at java.util.stream.ReferencePipeline.forEach(ReferencePipeline.java:418)
	at java.util.stream.ReferencePipeline$Head.forEach(ReferencePipeline.java:583)
	at org.apache.hadoop.hdds.scm.pipeline.RatisPipelineProvider.lambda$callRatisRpc$3(RatisPipelineProvider.java:165)
	at java.util.concurrent.ForkJoinTask$AdaptedRunnableAction.exec(ForkJoinTask.java:1386)
	at java.util.concurrent.ForkJoinTask.doExec(ForkJoinTask.java:289)
	at java.util.concurrent.ForkJoinPool$WorkQueue.runTask(ForkJoinPool.java:1056)
	at java.util.concurrent.ForkJoinPool.runWorker(ForkJoinPool.java:1692)
	at java.util.concurrent.ForkJoinWorkerThread.run(ForkJoinWorkerThread.java:157)
Caused by: org.apache.ratis.thirdparty.io.grpc.StatusRuntimeException: DEADLINE_EXCEEDED: deadline exceeded after 2999759828ns
	at org.apache.ratis.thirdparty.io.grpc.stub.ClientCalls.toStatusRuntimeException(ClientCalls.java:233)
	at org.apache.ratis.thirdparty.io.grpc.stub.ClientCalls.getUnchecked(ClientCalls.java:214)
	at org.apache.ratis.thirdparty.io.grpc.stub.ClientCalls.blockingUnaryCall(ClientCalls.java:139)
	at org.apache.ratis.proto.grpc.AdminProtocolServiceGrpc$AdminProtocolServiceBlockingStub.groupManagement(AdminProtocolServiceGrpc.java:274)
	at org.apache.ratis.grpc.client.GrpcClientProtocolClient.lambda$groupAdd$3(GrpcClientProtocolClient.java:149)
	at org.apache.ratis.grpc.client.GrpcClientProtocolClient.blockingCall(GrpcClientProtocolClient.java:176)
	... 25 more
2019-09-26 16:54:11,099 [RATISCREATEPIPELINE0] ERROR pipeline.RatisPipelineProvider (RatisPipelineProvider.java:lambda$null$2(175)) - Failed invoke Ratis rpc org.apache.hadoop.hdds.scm.pipeline.RatisPipelineProvider$$Lambda$183/1147569895@76c9e3f3 for 579334d3-7c10-42f4-b10c-e6c2267ece25
org.apache.ratis.protocol.TimeoutIOException: deadline exceeded after 2999852565ns
	at org.apache.ratis.grpc.GrpcUtil.tryUnwrapException(GrpcUtil.java:82)
	at org.apache.ratis.grpc.GrpcUtil.unwrapException(GrpcUtil.java:75)
	at org.apache.ratis.grpc.client.GrpcClientProtocolClient.blockingCall(GrpcClientProtocolClient.java:178)
	at org.apache.ratis.grpc.client.GrpcClientProtocolClient.groupAdd(GrpcClientProtocolClient.java:147)
	at org.apache.ratis.grpc.client.GrpcClientRpc.sendRequest(GrpcClientRpc.java:94)
	at org.apache.ratis.client.impl.RaftClientImpl.sendRequest(RaftClientImpl.java:278)
	at org.apache.ratis.client.impl.RaftClientImpl.groupAdd(RaftClientImpl.java:205)
	at org.apache.hadoop.hdds.scm.pipeline.RatisPipelineProvider.lambda$initializePipeline$1(RatisPipelineProvider.java:136)
	at org.apache.hadoop.hdds.scm.pipeline.RatisPipelineProvider.lambda$null$2(RatisPipelineProvider.java:171)
	at java.util.stream.ForEachOps$ForEachOp$OfRef.accept(ForEachOps.java:184)
	at java.util.ArrayList$ArrayListSpliterator.forEachRemaining(ArrayList.java:1382)
	at java.util.stream.AbstractPipeline.copyInto(AbstractPipeline.java:482)
	at java.util.stream.ForEachOps$ForEachTask.compute(ForEachOps.java:291)
	at java.util.concurrent.CountedCompleter.exec(CountedCompleter.java:731)
	at java.util.concurrent.ForkJoinTask.doExec(ForkJoinTask.java:289)
	at java.util.concurrent.ForkJoinPool$WorkQueue.runTask(ForkJoinPool.java:1056)
	at java.util.concurrent.ForkJoinPool.runWorker(ForkJoinPool.java:1692)
	at java.util.concurrent.ForkJoinWorkerThread.run(ForkJoinWorkerThread.java:157)
Caused by: org.apache.ratis.thirdparty.io.grpc.StatusRuntimeException: DEADLINE_EXCEEDED: deadline exceeded after 2999852565ns
	at org.apache.ratis.thirdparty.io.grpc.stub.ClientCalls.toStatusRuntimeException(ClientCalls.java:233)
	at org.apache.ratis.thirdparty.io.grpc.stub.ClientCalls.getUnchecked(ClientCalls.java:214)
	at org.apache.ratis.thirdparty.io.grpc.stub.ClientCalls.blockingUnaryCall(ClientCalls.java:139)
	at org.apache.ratis.proto.grpc.AdminProtocolServiceGrpc$AdminProtocolServiceBlockingStub.groupManagement(AdminProtocolServiceGrpc.java:274)
	at org.apache.ratis.grpc.client.GrpcClientProtocolClient.lambda$groupAdd$3(GrpcClientProtocolClient.java:149)
	at org.apache.ratis.grpc.client.GrpcClientProtocolClient.blockingCall(GrpcClientProtocolClient.java:176)
	... 15 more
2019-09-26 16:54:11,099 [d17cca1b-2e6b-48b2-8b1c-3559490fa529@group-1CD36E5E23BA:LeaderElection127] INFO  server.RaftServerConfigKeys (ConfUtils.java:logGet(43)) - raft.server.write.element-limit = 4096 (default)
2019-09-26 16:54:11,099 [RATISCREATEPIPELINE2] ERROR pipeline.RatisPipelineProvider (RatisPipelineProvider.java:lambda$null$2(175)) - Failed invoke Ratis rpc org.apache.hadoop.hdds.scm.pipeline.RatisPipelineProvider$$Lambda$183/1147569895@76c9e3f3 for d17cca1b-2e6b-48b2-8b1c-3559490fa529
org.apache.ratis.protocol.TimeoutIOException: deadline exceeded after 2999720740ns
	at org.apache.ratis.grpc.GrpcUtil.tryUnwrapException(GrpcUtil.java:82)
	at org.apache.ratis.grpc.GrpcUtil.unwrapException(GrpcUtil.java:75)
	at org.apache.ratis.grpc.client.GrpcClientProtocolClient.blockingCall(GrpcClientProtocolClient.java:178)
	at org.apache.ratis.grpc.client.GrpcClientProtocolClient.groupAdd(GrpcClientProtocolClient.java:147)
	at org.apache.ratis.grpc.client.GrpcClientRpc.sendRequest(GrpcClientRpc.java:94)
	at org.apache.ratis.client.impl.RaftClientImpl.sendRequest(RaftClientImpl.java:278)
	at org.apache.ratis.client.impl.RaftClientImpl.groupAdd(RaftClientImpl.java:205)
	at org.apache.hadoop.hdds.scm.pipeline.RatisPipelineProvider.lambda$initializePipeline$1(RatisPipelineProvider.java:136)
	at org.apache.hadoop.hdds.scm.pipeline.RatisPipelineProvider.lambda$null$2(RatisPipelineProvider.java:171)
	at java.util.stream.ForEachOps$ForEachOp$OfRef.accept(ForEachOps.java:184)
	at java.util.ArrayList$ArrayListSpliterator.forEachRemaining(ArrayList.java:1382)
	at java.util.stream.AbstractPipeline.copyInto(AbstractPipeline.java:482)
	at java.util.stream.ForEachOps$ForEachTask.compute(ForEachOps.java:291)
	at java.util.concurrent.CountedCompleter.exec(CountedCompleter.java:731)
	at java.util.concurrent.ForkJoinTask.doExec(ForkJoinTask.java:289)
	at java.util.concurrent.ForkJoinPool$WorkQueue.runTask(ForkJoinPool.java:1056)
	at java.util.concurrent.ForkJoinPool.runWorker(ForkJoinPool.java:1692)
	at java.util.concurrent.ForkJoinWorkerThread.run(ForkJoinWorkerThread.java:157)
Caused by: org.apache.ratis.thirdparty.io.grpc.StatusRuntimeException: DEADLINE_EXCEEDED: deadline exceeded after 2999720740ns
	at org.apache.ratis.thirdparty.io.grpc.stub.ClientCalls.toStatusRuntimeException(ClientCalls.java:233)
	at org.apache.ratis.thirdparty.io.grpc.stub.ClientCalls.getUnchecked(ClientCalls.java:214)
	at org.apache.ratis.thirdparty.io.grpc.stub.ClientCalls.blockingUnaryCall(ClientCalls.java:139)
	at org.apache.ratis.proto.grpc.AdminProtocolServiceGrpc$AdminProtocolServiceBlockingStub.groupManagement(AdminProtocolServiceGrpc.java:274)
	at org.apache.ratis.grpc.client.GrpcClientProtocolClient.lambda$groupAdd$3(GrpcClientProtocolClient.java:149)
	at org.apache.ratis.grpc.client.GrpcClientProtocolClient.blockingCall(GrpcClientProtocolClient.java:176)
	... 15 more
2019-09-26 16:54:10,675 [5160ea40-cc48-41a9-a1d1-1151a36e77d8@group-617DE8AE92D0:LeaderElection123] INFO  impl.RaftServerImpl (ServerState.java:setRaftConf(354)) - 5160ea40-cc48-41a9-a1d1-1151a36e77d8@group-617DE8AE92D0: set configuration 0: [5160ea40-cc48-41a9-a1d1-1151a36e77d8:192.168.151.99:45356], old=null at 0
2019-09-26 16:54:12,575 [RatisPipelineUtilsThread] ERROR pipeline.SCMPipelineManager (SCMPipelineManager.java:createPipeline(167)) - Pipeline creation failed.
org.apache.hadoop.io.MultipleIOException: 3 exceptions [java.io.IOException: Failed invoke Ratis rpc org.apache.hadoop.hdds.scm.pipeline.RatisPipelineProvider$$Lambda$183/1147569895@76c9e3f3 for 862ec94c-cd2d-47b3-b563-7d6c2816cb58, java.io.IOException: Failed invoke Ratis rpc org.apache.hadoop.hdds.scm.pipeline.RatisPipelineProvider$$Lambda$183/1147569895@76c9e3f3 for 579334d3-7c10-42f4-b10c-e6c2267ece25, java.io.IOException: Failed invoke Ratis rpc org.apache.hadoop.hdds.scm.pipeline.RatisPipelineProvider$$Lambda$183/1147569895@76c9e3f3 for d17cca1b-2e6b-48b2-8b1c-3559490fa529]
	at org.apache.hadoop.io.MultipleIOException.createIOException(MultipleIOException.java:53)
	at org.apache.hadoop.hdds.scm.pipeline.RatisPipelineProvider.callRatisRpc(RatisPipelineProvider.java:191)
	at org.apache.hadoop.hdds.scm.pipeline.RatisPipelineProvider.initializePipeline(RatisPipelineProvider.java:134)
	at org.apache.hadoop.hdds.scm.pipeline.RatisPipelineProvider.create(RatisPipelineProvider.java:103)
	at org.apache.hadoop.hdds.scm.pipeline.PipelineFactory.create(PipelineFactory.java:58)
	at org.apache.hadoop.hdds.scm.pipeline.SCMPipelineManager.createPipeline(SCMPipelineManager.java:155)
	at org.apache.hadoop.hdds.scm.pipeline.BackgroundPipelineCreator.createPipelines(BackgroundPipelineCreator.java:99)
	at java.util.concurrent.Executors$RunnableAdapter.call(Executors.java:511)
	at java.util.concurrent.FutureTask.run(FutureTask.java:266)
	at java.util.concurrent.ScheduledThreadPoolExecutor$ScheduledFutureTask.access$201(ScheduledThreadPoolExecutor.java:180)
	at java.util.concurrent.ScheduledThreadPoolExecutor$ScheduledFutureTask.run(ScheduledThreadPoolExecutor.java:293)
	at java.util.concurrent.ThreadPoolExecutor.runWorker(ThreadPoolExecutor.java:1149)
	at java.util.concurrent.ThreadPoolExecutor$Worker.run(ThreadPoolExecutor.java:624)
	at java.lang.Thread.run(Thread.java:748)
2019-09-26 16:54:10,675 [7fda706b-4e23-4e10-baba-12810c05fbbb@group-E1C050BD5AE3-SegmentedRaftLogWorker] INFO  segmented.SegmentedRaftLogWorker (SegmentedRaftLogWorker.java:close(228)) - 7fda706b-4e23-4e10-baba-12810c05fbbb@group-E1C050BD5AE3-SegmentedRaftLogWorker close()
2019-09-26 16:54:10,675 [d17cca1b-2e6b-48b2-8b1c-3559490fa529@group-0D035646D911:LeaderElection112] INFO  impl.RaftServerImpl (ServerState.java:setRaftConf(354)) - d17cca1b-2e6b-48b2-8b1c-3559490fa529@group-0D035646D911: set configuration 0: [d17cca1b-2e6b-48b2-8b1c-3559490fa529:192.168.151.99:40714], old=null at 0
2019-09-26 16:54:10,675 [579334d3-7c10-42f4-b10c-e6c2267ece25@group-972B7DA5E6F5:LeaderElection111] INFO  impl.RaftServerImpl (ServerState.java:setRaftConf(354)) - 579334d3-7c10-42f4-b10c-e6c2267ece25@group-972B7DA5E6F5: set configuration 0: [579334d3-7c10-42f4-b10c-e6c2267ece25:192.168.151.99:34131], old=null at 0
2019-09-26 16:54:10,674 [579334d3-7c10-42f4-b10c-e6c2267ece25@group-D563116573F6:LeaderElection108] INFO  impl.RaftServerImpl (ServerState.java:setRaftConf(354)) - 579334d3-7c10-42f4-b10c-e6c2267ece25@group-D563116573F6: set configuration 0: [579334d3-7c10-42f4-b10c-e6c2267ece25:192.168.151.99:34131], old=null at 0
2019-09-26 16:54:10,674 [d17cca1b-2e6b-48b2-8b1c-3559490fa529@group-5A43D4DE6CA1:LeaderElection114] INFO  impl.RaftServerImpl (ServerState.java:setRaftConf(354)) - d17cca1b-2e6b-48b2-8b1c-3559490fa529@group-5A43D4DE6CA1: set configuration 0: [d17cca1b-2e6b-48b2-8b1c-3559490fa529:192.168.151.99:40714], old=null at 0
2019-09-26 16:54:10,674 [4a469c34-60df-4173-8d32-715e2ce97f5d@group-F6117F20253A-SegmentedRaftLogWorker] INFO  impl.RaftServerImpl (ServerState.java:close(385)) - 4a469c34-60df-4173-8d32-715e2ce97f5d@group-F6117F20253A: closes. applyIndex: -1
2019-09-26 16:54:10,670 [5160ea40-cc48-41a9-a1d1-1151a36e77d8@group-1D62C6517019:LeaderElection124] INFO  impl.RaftServerImpl (ServerState.java:setRaftConf(354)) - 5160ea40-cc48-41a9-a1d1-1151a36e77d8@group-1D62C6517019: set configuration 0: [5160ea40-cc48-41a9-a1d1-1151a36e77d8:192.168.151.99:45356], old=null at 0
2019-09-26 16:54:10,670 [7fda706b-4e23-4e10-baba-12810c05fbbb@group-D4838260B295:LeaderElection121] INFO  impl.RaftServerImpl (ServerState.java:setRaftConf(354)) - 7fda706b-4e23-4e10-baba-12810c05fbbb@group-D4838260B295: set configuration 0: [7fda706b-4e23-4e10-baba-12810c05fbbb:192.168.151.99:32897], old=null at 0
2019-09-26 16:54:10,669 [7fda706b-4e23-4e10-baba-12810c05fbbb@group-B2C475E91245:LeaderElection109] INFO  impl.RaftServerImpl (ServerState.java:setRaftConf(354)) - 7fda706b-4e23-4e10-baba-12810c05fbbb@group-B2C475E91245: set configuration 0: [7fda706b-4e23-4e10-baba-12810c05fbbb:192.168.151.99:32897], old=null at 0
2019-09-26 16:54:10,480 [7fda706b-4e23-4e10-baba-12810c05fbbb@group-BA65C6CD63B8:LeaderElection129] INFO  impl.RoleInfo (RoleInfo.java:updateAndGet(143)) - 7fda706b-4e23-4e10-baba-12810c05fbbb: start FollowerState
2019-09-26 16:54:10,480 [pool-87-thread-1] INFO  server.RaftServerConfigKeys (ConfUtils.java:logGet(43)) - raft.server.retrycache.expirytime = 600000ms (custom)
2019-09-26 16:54:10,259 [5160ea40-cc48-41a9-a1d1-1151a36e77d8@group-C36002BBBA8D-SegmentedRaftLogWorker] INFO  impl.RaftServerImpl (RaftServerImpl.java:lambda$shutdown$3(251)) - 5160ea40-cc48-41a9-a1d1-1151a36e77d8@group-C36002BBBA8D: shutdown
2019-09-26 16:54:10,202 [pool-67-thread-1] INFO  storage.RaftStorage (RaftStorage.java:format(72)) - Storage directory /workdir/hadoop-ozone/integration-test/target/test-dir/MiniOzoneClusterImpl-fdc3d401-fab1-4968-a84f-12bf762e2bbf/datanode-4/data/ratis/d6bb6ef0-0a64-4e40-a8a7-996af30a5c74 has been successfully formatted.
2019-09-26 16:54:10,202 [pool-77-thread-1] INFO  storage.RaftStorage (RaftStorage.java:format(72)) - Storage directory /workdir/hadoop-ozone/integration-test/target/test-dir/MiniOzoneClusterImpl-fdc3d401-fab1-4968-a84f-12bf762e2bbf/datanode-5/data/ratis/d6bb6ef0-0a64-4e40-a8a7-996af30a5c74 has been successfully formatted.
2019-09-26 16:54:10,202 [pool-47-thread-1] INFO  storage.RaftStorage (RaftStorage.java:format(72)) - Storage directory /workdir/hadoop-ozone/integration-test/target/test-dir/MiniOzoneClusterImpl-fdc3d401-fab1-4968-a84f-12bf762e2bbf/datanode-2/data/ratis/d6bb6ef0-0a64-4e40-a8a7-996af30a5c74 has been successfully formatted.
2019-09-26 16:54:10,200 [7fda706b-4e23-4e10-baba-12810c05fbbb@group-4FDFC239BA02-SegmentedRaftLogWorker] INFO  util.JmxRegister (JmxRegister.java:unregister(73)) - Successfully un-registered JMX Bean with object name Ratis:service=RaftServer,group=group-4FDFC239BA02,id=7fda706b-4e23-4e10-baba-12810c05fbbb
2019-09-26 16:54:10,199 [579334d3-7c10-42f4-b10c-e6c2267ece25@group-0B8F6A17CAB6-SegmentedRaftLogWorker] INFO  util.JmxRegister (JmxRegister.java:unregister(73)) - Successfully un-registered JMX Bean with object name Ratis:service=RaftServer,group=group-0B8F6A17CAB6,id=579334d3-7c10-42f4-b10c-e6c2267ece25
2019-09-26 16:54:12,578 [579334d3-7c10-42f4-b10c-e6c2267ece25@group-0B8F6A17CAB6-SegmentedRaftLogWorker] INFO  impl.RoleInfo (RoleInfo.java:shutdownLeaderState(104)) - 579334d3-7c10-42f4-b10c-e6c2267ece25: shutdown LeaderState
2019-09-26 16:54:10,199 [4a469c34-60df-4173-8d32-715e2ce97f5d@group-8454D3131D9D:LeaderElection110] INFO  server.RaftServerConfigKeys (ConfUtils.java:logGet(43)) - raft.server.watch.element-limit = 65536 (default)
2019-09-26 16:54:12,578 [579334d3-7c10-42f4-b10c-e6c2267ece25@group-0B8F6A17CAB6-SegmentedRaftLogWorker] INFO  impl.PendingRequests (PendingRequests.java:sendNotLeaderResponses(202)) - 579334d3-7c10-42f4-b10c-e6c2267ece25-PendingRequests: sendNotLeaderResponses
2019-09-26 16:54:12,578 [pool-47-thread-1] INFO  ratis.ContainerStateMachine (ContainerStateMachine.java:loadSnapshot(230)) - group-996AF30A5C74: The snapshot info is null. Setting the last applied indexto:(t:0, i:~)
2019-09-26 16:54:12,578 [7fda706b-4e23-4e10-baba-12810c05fbbb@group-4FDFC239BA02-SegmentedRaftLogWorker] INFO  impl.RoleInfo (RoleInfo.java:shutdownLeaderState(104)) - 7fda706b-4e23-4e10-baba-12810c05fbbb: shutdown LeaderState
2019-09-26 16:54:12,578 [pool-77-thread-1] INFO  ratis.ContainerStateMachine (ContainerStateMachine.java:loadSnapshot(230)) - group-996AF30A5C74: The snapshot info is null. Setting the last applied indexto:(t:0, i:~)
2019-09-26 16:54:12,578 [pool-67-thread-1] INFO  ratis.ContainerStateMachine (ContainerStateMachine.java:loadSnapshot(230)) - group-996AF30A5C74: The snapshot info is null. Setting the last applied indexto:(t:0, i:~)
2019-09-26 16:54:12,577 [5160ea40-cc48-41a9-a1d1-1151a36e77d8@group-C36002BBBA8D-SegmentedRaftLogWorker] INFO  util.JmxRegister (JmxRegister.java:unregister(73)) - Successfully un-registered JMX Bean with object name Ratis:service=RaftServer,group=group-C36002BBBA8D,id=5160ea40-cc48-41a9-a1d1-1151a36e77d8
2019-09-26 16:54:12,577 [ReplicationMonitor] INFO  container.ReplicationManager (ReplicationManager.java:run(226)) - Replication Monitor Thread took 22199 milliseconds for processing 0 containers.
2019-09-26 16:54:12,576 [4a469c34-60df-4173-8d32-715e2ce97f5d@group-F6117F20253A-SegmentedRaftLogWorker] INFO  segmented.SegmentedRaftLogWorker (SegmentedRaftLogWorker.java:close(228)) - 4a469c34-60df-4173-8d32-715e2ce97f5d@group-F6117F20253A-SegmentedRaftLogWorker close()
2019-09-26 16:54:12,576 [IPC Server handler 6 on 37791] INFO  ipc.Server (Server.java:logException(2726)) - IPC Server handler 6 on 37791, call Call#26 Retry#0 org.apache.hadoop.hdds.scm.protocol.StorageContainerLocationProtocol.allocateContainer from 192.168.151.99:36984
java.io.IOException: Could not allocate container. Cannot get any matching pipeline for Type:RATIS, Factor:THREE, State:PipelineState.OPEN
	at org.apache.hadoop.hdds.scm.container.ContainerStateManager.allocateContainer(ContainerStateManager.java:260)
	at org.apache.hadoop.hdds.scm.container.SCMContainerManager.allocateContainer(SCMContainerManager.java:247)
	at org.apache.hadoop.hdds.scm.server.SCMClientProtocolServer.allocateContainer(SCMClientProtocolServer.java:186)
	at org.apache.hadoop.ozone.protocolPB.StorageContainerLocationProtocolServerSideTranslatorPB.allocateContainer(StorageContainerLocationProtocolServerSideTranslatorPB.java:123)
	at org.apache.hadoop.hdds.protocol.proto.StorageContainerLocationProtocolProtos$StorageContainerLocationProtocolService$2.callBlockingMethod(StorageContainerLocationProtocolProtos.java:21239)
	at org.apache.hadoop.ipc.ProtobufRpcEngine$Server$ProtoBufRpcInvoker.call(ProtobufRpcEngine.java:524)
	at org.apache.hadoop.ipc.RPC$Server.call(RPC.java:1025)
	at org.apache.hadoop.ipc.Server$RpcCall.run(Server.java:876)
	at org.apache.hadoop.ipc.Server$RpcCall.run(Server.java:822)
	at java.security.AccessController.doPrivileged(Native Method)
	at javax.security.auth.Subject.doAs(Subject.java:422)
	at org.apache.hadoop.security.UserGroupInformation.doAs(UserGroupInformation.java:1730)
	at org.apache.hadoop.ipc.Server$Handler.run(Server.java:2682)
2019-09-26 16:54:12,574 [d17cca1b-2e6b-48b2-8b1c-3559490fa529@group-1CD36E5E23BA:LeaderElection127] INFO  server.RaftServerConfigKeys (ConfUtils.java:logGet(43)) - raft.server.watch.timeout = 10s (default)
2019-09-26 16:54:12,566 [d17cca1b-2e6b-48b2-8b1c-3559490fa529@group-9F1614D968BA-SegmentedRaftLogWorker] ERROR segmented.SegmentedRaftLogWorker (SegmentedRaftLogWorker.java:run(323)) - d17cca1b-2e6b-48b2-8b1c-3559490fa529@group-9F1614D968BA-SegmentedRaftLogWorker hit exception
java.lang.OutOfMemoryError: Direct buffer memory
	at java.nio.Bits.reserveMemory(Bits.java:666)
	at java.nio.DirectByteBuffer.<init>(DirectByteBuffer.java:123)
	at java.nio.ByteBuffer.allocateDirect(ByteBuffer.java:311)
	at org.apache.ratis.server.raftlog.segmented.BufferedWriteChannel.<init>(BufferedWriteChannel.java:41)
	at org.apache.ratis.server.raftlog.segmented.SegmentedRaftLogOutputStream.<init>(SegmentedRaftLogOutputStream.java:72)
	at org.apache.ratis.server.raftlog.segmented.SegmentedRaftLogWorker$StartLogSegment.execute(SegmentedRaftLogWorker.java:566)
	at org.apache.ratis.server.raftlog.segmented.SegmentedRaftLogWorker.run(SegmentedRaftLogWorker.java:289)
	at java.lang.Thread.run(Thread.java:748)
2019-09-26 16:54:12,566 [5160ea40-cc48-41a9-a1d1-1151a36e77d8@group-5CF5DB96C063-SegmentedRaftLogWorker] ERROR segmented.SegmentedRaftLogWorker (SegmentedRaftLogWorker.java:run(323)) - 5160ea40-cc48-41a9-a1d1-1151a36e77d8@group-5CF5DB96C063-SegmentedRaftLogWorker hit exception
java.lang.OutOfMemoryError: Direct buffer memory
	at java.nio.Bits.reserveMemory(Bits.java:666)
	at java.nio.DirectByteBuffer.<init>(DirectByteBuffer.java:123)
	at java.nio.ByteBuffer.allocateDirect(ByteBuffer.java:311)
	at org.apache.ratis.server.raftlog.segmented.BufferedWriteChannel.<init>(BufferedWriteChannel.java:41)
	at org.apache.ratis.server.raftlog.segmented.SegmentedRaftLogOutputStream.<init>(SegmentedRaftLogOutputStream.java:72)
	at org.apache.ratis.server.raftlog.segmented.SegmentedRaftLogWorker$StartLogSegment.execute(SegmentedRaftLogWorker.java:566)
	at org.apache.ratis.server.raftlog.segmented.SegmentedRaftLogWorker.run(SegmentedRaftLogWorker.java:289)
	at java.lang.Thread.run(Thread.java:748)
2019-09-26 16:54:12,566 [d17cca1b-2e6b-48b2-8b1c-3559490fa529@group-5C044592C986-SegmentedRaftLogWorker] ERROR segmented.SegmentedRaftLogWorker (SegmentedRaftLogWorker.java:run(323)) - d17cca1b-2e6b-48b2-8b1c-3559490fa529@group-5C044592C986-SegmentedRaftLogWorker hit exception
java.lang.OutOfMemoryError: Direct buffer memory
	at java.nio.Bits.reserveMemory(Bits.java:666)
	at java.nio.DirectByteBuffer.<init>(DirectByteBuffer.java:123)
	at java.nio.ByteBuffer.allocateDirect(ByteBuffer.java:311)
	at org.apache.ratis.server.raftlog.segmented.BufferedWriteChannel.<init>(BufferedWriteChannel.java:41)
	at org.apache.ratis.server.raftlog.segmented.SegmentedRaftLogOutputStream.<init>(SegmentedRaftLogOutputStream.java:72)
	at org.apache.ratis.server.raftlog.segmented.SegmentedRaftLogWorker$StartLogSegment.execute(SegmentedRaftLogWorker.java:566)
	at org.apache.ratis.server.raftlog.segmented.SegmentedRaftLogWorker.run(SegmentedRaftLogWorker.java:289)
	at java.lang.Thread.run(Thread.java:748)
2019-09-26 16:54:12,566 [4a469c34-60df-4173-8d32-715e2ce97f5d@group-A7BE3457B0E0-SegmentedRaftLogWorker] ERROR segmented.SegmentedRaftLogWorker (SegmentedRaftLogWorker.java:run(323)) - 4a469c34-60df-4173-8d32-715e2ce97f5d@group-A7BE3457B0E0-SegmentedRaftLogWorker hit exception
java.lang.OutOfMemoryError: Direct buffer memory
	at java.nio.Bits.reserveMemory(Bits.java:666)
	at java.nio.DirectByteBuffer.<init>(DirectByteBuffer.java:123)
	at java.nio.ByteBuffer.allocateDirect(ByteBuffer.java:311)
	at org.apache.ratis.server.raftlog.segmented.BufferedWriteChannel.<init>(BufferedWriteChannel.java:41)
	at org.apache.ratis.server.raftlog.segmented.SegmentedRaftLogOutputStream.<init>(SegmentedRaftLogOutputStream.java:72)
	at org.apache.ratis.server.raftlog.segmented.SegmentedRaftLogWorker$StartLogSegment.execute(SegmentedRaftLogWorker.java:566)
	at org.apache.ratis.server.raftlog.segmented.SegmentedRaftLogWorker.run(SegmentedRaftLogWorker.java:289)
	at java.lang.Thread.run(Thread.java:748)
2019-09-26 16:54:12,302 [862ec94c-cd2d-47b3-b563-7d6c2816cb58@group-42BFB3A1B838-SegmentedRaftLogWorker] INFO  impl.StateMachineUpdater (StateMachineUpdater.java:stopAndJoin(125)) - 862ec94c-cd2d-47b3-b563-7d6c2816cb58@group-42BFB3A1B838-StateMachineUpdater: set stopIndex = -1
2019-09-26 16:54:12,301 [5160ea40-cc48-41a9-a1d1-1151a36e77d8@group-CAAA41AA227D-SegmentedRaftLogWorker] INFO  segmented.SegmentedRaftLogWorker (SegmentedRaftLogWorker.java:close(228)) - 5160ea40-cc48-41a9-a1d1-1151a36e77d8@group-CAAA41AA227D-SegmentedRaftLogWorker close()
2019-09-26 16:54:12,582 [862ec94c-cd2d-47b3-b563-7d6c2816cb58@group-42BFB3A1B838-SegmentedRaftLogWorker] INFO  impl.RaftServerImpl (ServerState.java:close(385)) - 862ec94c-cd2d-47b3-b563-7d6c2816cb58@group-42BFB3A1B838: closes. applyIndex: -1
2019-09-26 16:54:12,581 [4a469c34-60df-4173-8d32-715e2ce97f5d@group-A7BE3457B0E0-SegmentedRaftLogWorker] INFO  impl.RaftServerImpl (RaftServerImpl.java:lambda$shutdown$3(251)) - 4a469c34-60df-4173-8d32-715e2ce97f5d@group-A7BE3457B0E0: shutdown
2019-09-26 16:54:12,581 [d17cca1b-2e6b-48b2-8b1c-3559490fa529@group-5C044592C986-SegmentedRaftLogWorker] INFO  impl.RaftServerImpl (RaftServerImpl.java:lambda$shutdown$3(251)) - d17cca1b-2e6b-48b2-8b1c-3559490fa529@group-5C044592C986: shutdown
2019-09-26 16:54:12,581 [5160ea40-cc48-41a9-a1d1-1151a36e77d8@group-5CF5DB96C063-SegmentedRaftLogWorker] INFO  impl.RaftServerImpl (RaftServerImpl.java:lambda$shutdown$3(251)) - 5160ea40-cc48-41a9-a1d1-1151a36e77d8@group-5CF5DB96C063: shutdown
2019-09-26 16:54:12,581 [d17cca1b-2e6b-48b2-8b1c-3559490fa529@group-9F1614D968BA-SegmentedRaftLogWorker] INFO  impl.RaftServerImpl (RaftServerImpl.java:lambda$shutdown$3(251)) - d17cca1b-2e6b-48b2-8b1c-3559490fa529@group-9F1614D968BA: shutdown
2019-09-26 16:54:12,580 [d17cca1b-2e6b-48b2-8b1c-3559490fa529@group-1CD36E5E23BA:LeaderElection127] INFO  server.RaftServerConfigKeys (ConfUtils.java:logGet(43)) - raft.server.watch.timeout.denomination = 1s (default)
2019-09-26 16:54:12,583 [d17cca1b-2e6b-48b2-8b1c-3559490fa529@group-1CD36E5E23BA:LeaderElection127] INFO  server.RaftServerConfigKeys (ConfUtils.java:logGet(43)) - raft.server.watch.element-limit = 65536 (default)
2019-09-26 16:54:12,579 [5160ea40-cc48-41a9-a1d1-1151a36e77d8@group-C36002BBBA8D-SegmentedRaftLogWorker] INFO  impl.RoleInfo (RoleInfo.java:shutdownLeaderState(104)) - 5160ea40-cc48-41a9-a1d1-1151a36e77d8: shutdown LeaderState
2019-09-26 16:54:12,579 [pool-67-thread-1] INFO  server.RaftServerConfigKeys (ConfUtils.java:logGet(43)) - raft.server.notification.no-leader.timeout = 120s (custom)
2019-09-26 16:54:12,579 [pool-77-thread-1] INFO  server.RaftServerConfigKeys (ConfUtils.java:logGet(43)) - raft.server.notification.no-leader.timeout = 120s (custom)
2019-09-26 16:54:12,583 [pool-77-thread-1] INFO  server.RaftServerConfigKeys (ConfUtils.java:logGet(43)) - raft.server.log.use.memory = false (default)
2019-09-26 16:54:12,579 [7fda706b-4e23-4e10-baba-12810c05fbbb@group-4FDFC239BA02-SegmentedRaftLogWorker] INFO  impl.PendingRequests (PendingRequests.java:sendNotLeaderResponses(202)) - 7fda706b-4e23-4e10-baba-12810c05fbbb-PendingRequests: sendNotLeaderResponses
2019-09-26 16:54:12,579 [pool-47-thread-1] INFO  server.RaftServerConfigKeys (ConfUtils.java:logGet(43)) - raft.server.notification.no-leader.timeout = 120s (custom)
2019-09-26 16:54:12,579 [579334d3-7c10-42f4-b10c-e6c2267ece25@group-0B8F6A17CAB6-SegmentedRaftLogWorker] INFO  impl.StateMachineUpdater (StateMachineUpdater.java:stopAndJoin(125)) - 579334d3-7c10-42f4-b10c-e6c2267ece25@group-0B8F6A17CAB6-StateMachineUpdater: set stopIndex = -1
2019-09-26 16:54:12,584 [pool-47-thread-1] INFO  server.RaftServerConfigKeys (ConfUtils.java:logGet(43)) - raft.server.log.use.memory = false (default)
2019-09-26 16:54:12,584 [7fda706b-4e23-4e10-baba-12810c05fbbb@group-4FDFC239BA02-SegmentedRaftLogWorker] INFO  impl.StateMachineUpdater (StateMachineUpdater.java:stopAndJoin(125)) - 7fda706b-4e23-4e10-baba-12810c05fbbb@group-4FDFC239BA02-StateMachineUpdater: set stopIndex = -1
2019-09-26 16:54:12,584 [7fda706b-4e23-4e10-baba-12810c05fbbb@group-4FDFC239BA02-SegmentedRaftLogWorker] INFO  impl.RaftServerImpl (ServerState.java:close(385)) - 7fda706b-4e23-4e10-baba-12810c05fbbb@group-4FDFC239BA02: closes. applyIndex: -1
2019-09-26 16:54:12,583 [pool-77-thread-1] INFO  server.RaftServerConfigKeys (ConfUtils.java:logGet(43)) - raft.server.log.purge.gap = 1000000 (custom)
2019-09-26 16:54:12,583 [pool-67-thread-1] INFO  server.RaftServerConfigKeys (ConfUtils.java:logGet(43)) - raft.server.log.use.memory = false (default)
2019-09-26 16:54:12,583 [5160ea40-cc48-41a9-a1d1-1151a36e77d8@group-C36002BBBA8D-SegmentedRaftLogWorker] INFO  impl.PendingRequests (PendingRequests.java:sendNotLeaderResponses(202)) - 5160ea40-cc48-41a9-a1d1-1151a36e77d8-PendingRequests: sendNotLeaderResponses
2019-09-26 16:54:12,582 [d17cca1b-2e6b-48b2-8b1c-3559490fa529@group-9F1614D968BA-SegmentedRaftLogWorker] INFO  util.JmxRegister (JmxRegister.java:unregister(73)) - Successfully un-registered JMX Bean with object name Ratis:service=RaftServer,group=group-9F1614D968BA,id=d17cca1b-2e6b-48b2-8b1c-3559490fa529
2019-09-26 16:54:12,585 [d17cca1b-2e6b-48b2-8b1c-3559490fa529@group-9F1614D968BA-SegmentedRaftLogWorker] INFO  impl.RoleInfo (RoleInfo.java:shutdownLeaderState(104)) - d17cca1b-2e6b-48b2-8b1c-3559490fa529: shutdown LeaderState
2019-09-26 16:54:12,582 [5160ea40-cc48-41a9-a1d1-1151a36e77d8@group-5CF5DB96C063-SegmentedRaftLogWorker] INFO  util.JmxRegister (JmxRegister.java:unregister(73)) - Successfully un-registered JMX Bean with object name Ratis:service=RaftServer,group=group-5CF5DB96C063,id=5160ea40-cc48-41a9-a1d1-1151a36e77d8
2019-09-26 16:54:12,582 [d17cca1b-2e6b-48b2-8b1c-3559490fa529@group-5C044592C986-SegmentedRaftLogWorker] INFO  util.JmxRegister (JmxRegister.java:unregister(73)) - Successfully un-registered JMX Bean with object name Ratis:service=RaftServer,group=group-5C044592C986,id=d17cca1b-2e6b-48b2-8b1c-3559490fa529
2019-09-26 16:54:12,585 [d17cca1b-2e6b-48b2-8b1c-3559490fa529@group-5C044592C986-SegmentedRaftLogWorker] INFO  impl.RoleInfo (RoleInfo.java:shutdownLeaderState(104)) - d17cca1b-2e6b-48b2-8b1c-3559490fa529: shutdown LeaderState
2019-09-26 16:54:12,582 [4a469c34-60df-4173-8d32-715e2ce97f5d@group-A7BE3457B0E0-SegmentedRaftLogWorker] INFO  util.JmxRegister (JmxRegister.java:unregister(73)) - Successfully un-registered JMX Bean with object name Ratis:service=RaftServer,group=group-A7BE3457B0E0,id=4a469c34-60df-4173-8d32-715e2ce97f5d
2019-09-26 16:54:12,586 [4a469c34-60df-4173-8d32-715e2ce97f5d@group-A7BE3457B0E0-SegmentedRaftLogWorker] INFO  impl.RoleInfo (RoleInfo.java:shutdownLeaderState(104)) - 4a469c34-60df-4173-8d32-715e2ce97f5d: shutdown LeaderState
2019-09-26 16:54:12,582 [862ec94c-cd2d-47b3-b563-7d6c2816cb58@group-42BFB3A1B838-SegmentedRaftLogWorker] INFO  segmented.SegmentedRaftLogWorker (SegmentedRaftLogWorker.java:close(228)) - 862ec94c-cd2d-47b3-b563-7d6c2816cb58@group-42BFB3A1B838-SegmentedRaftLogWorker close()
2019-09-26 16:54:12,582 [grpc-default-executor-2] INFO  impl.RaftServerProxy (RaftServerProxy.java:addNew(89)) - 4a469c34-60df-4173-8d32-715e2ce97f5d: addNew group-F315D72E13B3:[4a469c34-60df-4173-8d32-715e2ce97f5d:192.168.151.99:42442] returns group-F315D72E13B3:java.util.concurrent.CompletableFuture@12cb4294[Not completed]
2019-09-26 16:54:12,586 [4a469c34-60df-4173-8d32-715e2ce97f5d@group-A7BE3457B0E0-SegmentedRaftLogWorker] INFO  impl.PendingRequests (PendingRequests.java:sendNotLeaderResponses(202)) - 4a469c34-60df-4173-8d32-715e2ce97f5d-PendingRequests: sendNotLeaderResponses
2019-09-26 16:54:12,585 [d17cca1b-2e6b-48b2-8b1c-3559490fa529@group-5C044592C986-SegmentedRaftLogWorker] INFO  impl.PendingRequests (PendingRequests.java:sendNotLeaderResponses(202)) - d17cca1b-2e6b-48b2-8b1c-3559490fa529-PendingRequests: sendNotLeaderResponses
2019-09-26 16:54:12,585 [5160ea40-cc48-41a9-a1d1-1151a36e77d8@group-5CF5DB96C063-SegmentedRaftLogWorker] INFO  impl.RoleInfo (RoleInfo.java:shutdownLeaderState(104)) - 5160ea40-cc48-41a9-a1d1-1151a36e77d8: shutdown LeaderState
2019-09-26 16:54:12,587 [d17cca1b-2e6b-48b2-8b1c-3559490fa529@group-5C044592C986-SegmentedRaftLogWorker] INFO  impl.StateMachineUpdater (StateMachineUpdater.java:stopAndJoin(125)) - d17cca1b-2e6b-48b2-8b1c-3559490fa529@group-5C044592C986-StateMachineUpdater: set stopIndex = -1
2019-09-26 16:54:12,585 [d17cca1b-2e6b-48b2-8b1c-3559490fa529@group-9F1614D968BA-SegmentedRaftLogWorker] INFO  impl.PendingRequests (PendingRequests.java:sendNotLeaderResponses(202)) - d17cca1b-2e6b-48b2-8b1c-3559490fa529-PendingRequests: sendNotLeaderResponses
2019-09-26 16:54:12,585 [5160ea40-cc48-41a9-a1d1-1151a36e77d8@group-C36002BBBA8D-SegmentedRaftLogWorker] INFO  impl.StateMachineUpdater (StateMachineUpdater.java:stopAndJoin(125)) - 5160ea40-cc48-41a9-a1d1-1151a36e77d8@group-C36002BBBA8D-StateMachineUpdater: set stopIndex = -1
2019-09-26 16:54:12,585 [pool-67-thread-1] INFO  server.RaftServerConfigKeys (ConfUtils.java:logGet(43)) - raft.server.log.purge.gap = 1000000 (custom)
2019-09-26 16:54:12,584 [pool-77-thread-1] INFO  server.RaftServerConfigKeys (ConfUtils.java:logGet(43)) - raft.server.log.appender.buffer.byte-limit = 33554432 (custom)
2019-09-26 16:54:12,584 [7fda706b-4e23-4e10-baba-12810c05fbbb@group-4FDFC239BA02-SegmentedRaftLogWorker] INFO  segmented.SegmentedRaftLogWorker (SegmentedRaftLogWorker.java:close(228)) - 7fda706b-4e23-4e10-baba-12810c05fbbb@group-4FDFC239BA02-SegmentedRaftLogWorker close()
2019-09-26 16:54:12,584 [pool-47-thread-1] INFO  server.RaftServerConfigKeys (ConfUtils.java:logGet(43)) - raft.server.log.purge.gap = 1000000 (custom)
2019-09-26 16:54:12,584 [579334d3-7c10-42f4-b10c-e6c2267ece25@group-0B8F6A17CAB6-SegmentedRaftLogWorker] INFO  impl.RaftServerImpl (ServerState.java:close(385)) - 579334d3-7c10-42f4-b10c-e6c2267ece25@group-0B8F6A17CAB6: closes. applyIndex: -1
2019-09-26 16:54:12,588 [pool-47-thread-1] INFO  server.RaftServerConfigKeys (ConfUtils.java:logGet(43)) - raft.server.log.appender.buffer.byte-limit = 33554432 (custom)
2019-09-26 16:54:12,587 [pool-77-thread-1] INFO  server.RaftServerConfigKeys (ConfUtils.java:logGet(43)) - raft.server.log.segment.size.max = 1048576 (custom)
2019-09-26 16:54:12,587 [pool-67-thread-1] INFO  server.RaftServerConfigKeys (ConfUtils.java:logGet(43)) - raft.server.log.appender.buffer.byte-limit = 33554432 (custom)
2019-09-26 16:54:12,587 [5160ea40-cc48-41a9-a1d1-1151a36e77d8@group-C36002BBBA8D-SegmentedRaftLogWorker] INFO  impl.RaftServerImpl (ServerState.java:close(385)) - 5160ea40-cc48-41a9-a1d1-1151a36e77d8@group-C36002BBBA8D: closes. applyIndex: -1
2019-09-26 16:54:12,587 [d17cca1b-2e6b-48b2-8b1c-3559490fa529@group-9F1614D968BA-SegmentedRaftLogWorker] INFO  impl.StateMachineUpdater (StateMachineUpdater.java:stopAndJoin(125)) - d17cca1b-2e6b-48b2-8b1c-3559490fa529@group-9F1614D968BA-StateMachineUpdater: set stopIndex = -1
2019-09-26 16:54:12,589 [5160ea40-cc48-41a9-a1d1-1151a36e77d8@group-C36002BBBA8D-SegmentedRaftLogWorker] INFO  segmented.SegmentedRaftLogWorker (SegmentedRaftLogWorker.java:close(228)) - 5160ea40-cc48-41a9-a1d1-1151a36e77d8@group-C36002BBBA8D-SegmentedRaftLogWorker close()
2019-09-26 16:54:12,587 [d17cca1b-2e6b-48b2-8b1c-3559490fa529@group-5C044592C986-SegmentedRaftLogWorker] INFO  impl.RaftServerImpl (ServerState.java:close(385)) - d17cca1b-2e6b-48b2-8b1c-3559490fa529@group-5C044592C986: closes. applyIndex: -1
2019-09-26 16:54:12,587 [5160ea40-cc48-41a9-a1d1-1151a36e77d8@group-5CF5DB96C063-SegmentedRaftLogWorker] INFO  impl.PendingRequests (PendingRequests.java:sendNotLeaderResponses(202)) - 5160ea40-cc48-41a9-a1d1-1151a36e77d8-PendingRequests: sendNotLeaderResponses
2019-09-26 16:54:12,586 [4a469c34-60df-4173-8d32-715e2ce97f5d@group-A7BE3457B0E0-SegmentedRaftLogWorker] INFO  impl.StateMachineUpdater (StateMachineUpdater.java:stopAndJoin(125)) - 4a469c34-60df-4173-8d32-715e2ce97f5d@group-A7BE3457B0E0-StateMachineUpdater: set stopIndex = -1
2019-09-26 16:54:12,589 [5160ea40-cc48-41a9-a1d1-1151a36e77d8@group-5CF5DB96C063-SegmentedRaftLogWorker] INFO  impl.StateMachineUpdater (StateMachineUpdater.java:stopAndJoin(125)) - 5160ea40-cc48-41a9-a1d1-1151a36e77d8@group-5CF5DB96C063-StateMachineUpdater: set stopIndex = -1
2019-09-26 16:54:12,589 [5160ea40-cc48-41a9-a1d1-1151a36e77d8@group-5CF5DB96C063-SegmentedRaftLogWorker] INFO  impl.RaftServerImpl (ServerState.java:close(385)) - 5160ea40-cc48-41a9-a1d1-1151a36e77d8@group-5CF5DB96C063: closes. applyIndex: -1
2019-09-26 16:54:12,589 [d17cca1b-2e6b-48b2-8b1c-3559490fa529@group-5C044592C986-SegmentedRaftLogWorker] INFO  segmented.SegmentedRaftLogWorker (SegmentedRaftLogWorker.java:close(228)) - d17cca1b-2e6b-48b2-8b1c-3559490fa529@group-5C044592C986-SegmentedRaftLogWorker close()
2019-09-26 16:54:12,589 [d17cca1b-2e6b-48b2-8b1c-3559490fa529@group-9F1614D968BA-SegmentedRaftLogWorker] INFO  impl.RaftServerImpl (ServerState.java:close(385)) - d17cca1b-2e6b-48b2-8b1c-3559490fa529@group-9F1614D968BA: closes. applyIndex: -1
2019-09-26 16:54:12,588 [pool-67-thread-1] INFO  server.RaftServerConfigKeys (ConfUtils.java:logGet(43)) - raft.server.log.segment.size.max = 1048576 (custom)
2019-09-26 16:54:12,588 [pool-77-thread-1] INFO  server.RaftServerConfigKeys (ConfUtils.java:logGet(43)) - raft.server.log.segment.cache.num.max = 2 (custom)
2019-09-26 16:54:12,590 [pool-77-thread-1] INFO  segmented.SegmentedRaftLogWorker (SegmentedRaftLogWorker.java:<init>(172)) - new d17cca1b-2e6b-48b2-8b1c-3559490fa529@group-996AF30A5C74-SegmentedRaftLogWorker for RaftStorage:Storage Directory /workdir/hadoop-ozone/integration-test/target/test-dir/MiniOzoneClusterImpl-fdc3d401-fab1-4968-a84f-12bf762e2bbf/datanode-5/data/ratis/d6bb6ef0-0a64-4e40-a8a7-996af30a5c74
2019-09-26 16:54:12,588 [pool-47-thread-1] INFO  server.RaftServerConfigKeys (ConfUtils.java:logGet(43)) - raft.server.log.segment.size.max = 1048576 (custom)
2019-09-26 16:54:12,588 [579334d3-7c10-42f4-b10c-e6c2267ece25@group-0B8F6A17CAB6-SegmentedRaftLogWorker] INFO  segmented.SegmentedRaftLogWorker (SegmentedRaftLogWorker.java:close(228)) - 579334d3-7c10-42f4-b10c-e6c2267ece25@group-0B8F6A17CAB6-SegmentedRaftLogWorker close()
2019-09-26 16:54:12,590 [pool-47-thread-1] INFO  server.RaftServerConfigKeys (ConfUtils.java:logGet(43)) - raft.server.log.segment.cache.num.max = 2 (custom)
2019-09-26 16:54:12,590 [pool-77-thread-1] INFO  server.RaftServerConfigKeys (ConfUtils.java:logGet(43)) - raft.server.log.queue.byte-limit = 2147483647 (custom)
2019-09-26 16:54:12,590 [pool-67-thread-1] INFO  server.RaftServerConfigKeys (ConfUtils.java:logGet(43)) - raft.server.log.segment.cache.num.max = 2 (custom)
2019-09-26 16:54:12,591 [pool-67-thread-1] INFO  segmented.SegmentedRaftLogWorker (SegmentedRaftLogWorker.java:<init>(172)) - new 862ec94c-cd2d-47b3-b563-7d6c2816cb58@group-996AF30A5C74-SegmentedRaftLogWorker for RaftStorage:Storage Directory /workdir/hadoop-ozone/integration-test/target/test-dir/MiniOzoneClusterImpl-fdc3d401-fab1-4968-a84f-12bf762e2bbf/datanode-4/data/ratis/d6bb6ef0-0a64-4e40-a8a7-996af30a5c74
2019-09-26 16:54:12,590 [d17cca1b-2e6b-48b2-8b1c-3559490fa529@group-9F1614D968BA-SegmentedRaftLogWorker] INFO  segmented.SegmentedRaftLogWorker (SegmentedRaftLogWorker.java:close(228)) - d17cca1b-2e6b-48b2-8b1c-3559490fa529@group-9F1614D968BA-SegmentedRaftLogWorker close()
2019-09-26 16:54:12,590 [5160ea40-cc48-41a9-a1d1-1151a36e77d8@group-5CF5DB96C063-SegmentedRaftLogWorker] INFO  segmented.SegmentedRaftLogWorker (SegmentedRaftLogWorker.java:close(228)) - 5160ea40-cc48-41a9-a1d1-1151a36e77d8@group-5CF5DB96C063-SegmentedRaftLogWorker close()
2019-09-26 16:54:12,589 [4a469c34-60df-4173-8d32-715e2ce97f5d@group-A7BE3457B0E0-SegmentedRaftLogWorker] INFO  impl.RaftServerImpl (ServerState.java:close(385)) - 4a469c34-60df-4173-8d32-715e2ce97f5d@group-A7BE3457B0E0: closes. applyIndex: -1
2019-09-26 16:54:12,591 [pool-67-thread-1] INFO  server.RaftServerConfigKeys (ConfUtils.java:logGet(43)) - raft.server.log.queue.byte-limit = 2147483647 (custom)
2019-09-26 16:54:12,591 [pool-77-thread-1] INFO  server.RaftServerConfigKeys (ConfUtils.java:logGet(43)) - raft.server.log.queue.element-limit = 1024 (custom)
2019-09-26 16:54:12,591 [pool-47-thread-1] INFO  segmented.SegmentedRaftLogWorker (SegmentedRaftLogWorker.java:<init>(172)) - new 579334d3-7c10-42f4-b10c-e6c2267ece25@group-996AF30A5C74-SegmentedRaftLogWorker for RaftStorage:Storage Directory /workdir/hadoop-ozone/integration-test/target/test-dir/MiniOzoneClusterImpl-fdc3d401-fab1-4968-a84f-12bf762e2bbf/datanode-2/data/ratis/d6bb6ef0-0a64-4e40-a8a7-996af30a5c74
2019-09-26 16:54:12,592 [pool-77-thread-1] INFO  server.RaftServerConfigKeys (ConfUtils.java:logGet(43)) - raft.server.log.segment.size.max = 1048576 (custom)
2019-09-26 16:54:12,592 [pool-67-thread-1] INFO  server.RaftServerConfigKeys (ConfUtils.java:logGet(43)) - raft.server.log.queue.element-limit = 1024 (custom)
2019-09-26 16:54:12,592 [pool-67-thread-1] INFO  server.RaftServerConfigKeys (ConfUtils.java:logGet(43)) - raft.server.log.segment.size.max = 1048576 (custom)
2019-09-26 16:54:12,592 [4a469c34-60df-4173-8d32-715e2ce97f5d@group-A7BE3457B0E0-SegmentedRaftLogWorker] INFO  segmented.SegmentedRaftLogWorker (SegmentedRaftLogWorker.java:close(228)) - 4a469c34-60df-4173-8d32-715e2ce97f5d@group-A7BE3457B0E0-SegmentedRaftLogWorker close()
2019-09-26 16:54:12,592 [pool-67-thread-1] INFO  server.RaftServerConfigKeys (ConfUtils.java:logGet(43)) - raft.server.log.preallocated.size = 16384 (custom)
2019-09-26 16:54:12,593 [pool-67-thread-1] INFO  server.RaftServerConfigKeys (ConfUtils.java:logGet(43)) - raft.server.log.write.buffer.size = 33554432 (custom)
2019-09-26 16:54:12,592 [pool-77-thread-1] INFO  server.RaftServerConfigKeys (ConfUtils.java:logGet(43)) - raft.server.log.preallocated.size = 16384 (custom)
2019-09-26 16:54:12,593 [pool-77-thread-1] INFO  server.RaftServerConfigKeys (ConfUtils.java:logGet(43)) - raft.server.log.write.buffer.size = 33554432 (custom)
2019-09-26 16:54:12,592 [pool-47-thread-1] INFO  server.RaftServerConfigKeys (ConfUtils.java:logGet(43)) - raft.server.log.queue.byte-limit = 2147483647 (custom)
2019-09-26 16:54:12,593 [pool-77-thread-1] INFO  server.RaftServerConfigKeys (ConfUtils.java:logGet(43)) - raft.server.log.force.sync.num = 128 (default)
2019-09-26 16:54:12,593 [pool-67-thread-1] INFO  server.RaftServerConfigKeys (ConfUtils.java:logGet(43)) - raft.server.log.force.sync.num = 128 (default)
2019-09-26 16:54:12,593 [pool-77-thread-1] INFO  server.RaftServerConfigKeys (ConfUtils.java:logGet(43)) - raft.server.log.statemachine.data.sync = true (default)
2019-09-26 16:54:12,594 [pool-77-thread-1] INFO  server.RaftServerConfigKeys (ConfUtils.java:logGet(43)) - raft.server.log.statemachine.data.sync.timeout = 10s (default)
2019-09-26 16:54:12,593 [pool-47-thread-1] INFO  server.RaftServerConfigKeys (ConfUtils.java:logGet(43)) - raft.server.log.queue.element-limit = 1024 (custom)
2019-09-26 16:54:12,594 [pool-77-thread-1] INFO  server.RaftServerConfigKeys (ConfUtils.java:logGet(43)) - raft.server.log.statemachine.data.sync.timeout.retry = -1 (default)
2019-09-26 16:54:12,594 [pool-67-thread-1] INFO  server.RaftServerConfigKeys (ConfUtils.java:logGet(43)) - raft.server.log.statemachine.data.sync = true (default)
2019-09-26 16:54:12,594 [pool-47-thread-1] INFO  server.RaftServerConfigKeys (ConfUtils.java:logGet(43)) - raft.server.log.segment.size.max = 1048576 (custom)
2019-09-26 16:54:12,594 [pool-67-thread-1] INFO  server.RaftServerConfigKeys (ConfUtils.java:logGet(43)) - raft.server.log.statemachine.data.sync.timeout = 10s (default)
2019-09-26 16:54:12,594 [pool-47-thread-1] INFO  server.RaftServerConfigKeys (ConfUtils.java:logGet(43)) - raft.server.log.preallocated.size = 16384 (custom)
2019-09-26 16:54:12,594 [pool-67-thread-1] INFO  server.RaftServerConfigKeys (ConfUtils.java:logGet(43)) - raft.server.log.statemachine.data.sync.timeout.retry = -1 (default)
2019-09-26 16:54:12,595 [pool-47-thread-1] INFO  server.RaftServerConfigKeys (ConfUtils.java:logGet(43)) - raft.server.log.write.buffer.size = 33554432 (custom)
2019-09-26 16:54:12,595 [pool-47-thread-1] INFO  server.RaftServerConfigKeys (ConfUtils.java:logGet(43)) - raft.server.log.force.sync.num = 128 (default)
2019-09-26 16:54:12,595 [pool-47-thread-1] INFO  server.RaftServerConfigKeys (ConfUtils.java:logGet(43)) - raft.server.log.statemachine.data.sync = true (default)
2019-09-26 16:54:12,595 [pool-47-thread-1] INFO  server.RaftServerConfigKeys (ConfUtils.java:logGet(43)) - raft.server.log.statemachine.data.sync.timeout = 10s (default)
2019-09-26 16:54:12,595 [pool-47-thread-1] INFO  server.RaftServerConfigKeys (ConfUtils.java:logGet(43)) - raft.server.log.statemachine.data.sync.timeout.retry = -1 (default)
2019-09-26 16:54:12,617 [pool-47-thread-1] INFO  server.RaftServerConfigKeys (ConfUtils.java:logGet(43)) - raft.server.log.statemachine.data.caching.enabled = true (custom)
2019-09-26 16:54:12,617 [pool-77-thread-1] INFO  server.RaftServerConfigKeys (ConfUtils.java:logGet(43)) - raft.server.log.statemachine.data.caching.enabled = true (custom)
2019-09-26 16:54:12,617 [pool-67-thread-1] INFO  server.RaftServerConfigKeys (ConfUtils.java:logGet(43)) - raft.server.log.statemachine.data.caching.enabled = true (custom)
2019-09-26 16:54:12,618 [pool-77-thread-1] INFO  segmented.SegmentedRaftLogWorker (SegmentedRaftLogWorker.java:lambda$new$0(132)) - d17cca1b-2e6b-48b2-8b1c-3559490fa529@group-996AF30A5C74-SegmentedRaftLogWorker: flushIndex: setUnconditionally 0 -> -1
2019-09-26 16:54:12,618 [pool-47-thread-1] INFO  segmented.SegmentedRaftLogWorker (SegmentedRaftLogWorker.java:lambda$new$0(132)) - 579334d3-7c10-42f4-b10c-e6c2267ece25@group-996AF30A5C74-SegmentedRaftLogWorker: flushIndex: setUnconditionally 0 -> -1
2019-09-26 16:54:12,618 [pool-67-thread-1] INFO  segmented.SegmentedRaftLogWorker (SegmentedRaftLogWorker.java:lambda$new$0(132)) - 862ec94c-cd2d-47b3-b563-7d6c2816cb58@group-996AF30A5C74-SegmentedRaftLogWorker: flushIndex: setUnconditionally 0 -> -1
2019-09-26 16:54:12,618 [pool-77-thread-1] INFO  server.RaftServerConfigKeys (ConfUtils.java:logGet(43)) - raft.server.snapshot.auto.trigger.enabled = true (custom)
2019-09-26 16:54:12,618 [pool-77-thread-1] INFO  server.RaftServerConfigKeys (ConfUtils.java:logGet(43)) - raft.server.snapshot.auto.trigger.threshold = 10000 (custom)
2019-09-26 16:54:12,618 [pool-77-thread-1] INFO  server.RaftServerConfigKeys (ConfUtils.java:logGet(43)) - raft.server.snapshot.retention.num.files = 5 (custom)
2019-09-26 16:54:12,624 [pool-67-thread-1] INFO  server.RaftServerConfigKeys (ConfUtils.java:logGet(43)) - raft.server.snapshot.auto.trigger.enabled = true (custom)
2019-09-26 16:54:12,624 [pool-77-thread-1] INFO  server.RaftServerConfigKeys (ConfUtils.java:logGet(43)) - raft.server.retrycache.expirytime = 600000ms (custom)
2019-09-26 16:54:12,624 [pool-67-thread-1] INFO  server.RaftServerConfigKeys (ConfUtils.java:logGet(43)) - raft.server.snapshot.auto.trigger.threshold = 10000 (custom)
2019-09-26 16:54:12,624 [pool-47-thread-1] INFO  server.RaftServerConfigKeys (ConfUtils.java:logGet(43)) - raft.server.snapshot.auto.trigger.enabled = true (custom)
2019-09-26 16:54:12,624 [pool-67-thread-1] INFO  server.RaftServerConfigKeys (ConfUtils.java:logGet(43)) - raft.server.snapshot.retention.num.files = 5 (custom)
2019-09-26 16:54:12,624 [pool-47-thread-1] INFO  server.RaftServerConfigKeys (ConfUtils.java:logGet(43)) - raft.server.snapshot.auto.trigger.threshold = 10000 (custom)
2019-09-26 16:54:12,625 [pool-67-thread-1] INFO  server.RaftServerConfigKeys (ConfUtils.java:logGet(43)) - raft.server.retrycache.expirytime = 600000ms (custom)
2019-09-26 16:54:12,625 [pool-47-thread-1] INFO  server.RaftServerConfigKeys (ConfUtils.java:logGet(43)) - raft.server.snapshot.retention.num.files = 5 (custom)
2019-09-26 16:54:12,625 [pool-47-thread-1] INFO  server.RaftServerConfigKeys (ConfUtils.java:logGet(43)) - raft.server.retrycache.expirytime = 600000ms (custom)
]]></system-out>
    <system-err><![CDATA[ERROR StatusLogger No Log4j 2 configuration file found. Using default configuration (logging only errors to the console), or user programmatically provided configurations. Set system property 'log4j2.debug' to show Log4j 2 internal initialization logging. See https://logging.apache.org/log4j/2.x/manual/configuration.html for instructions on how to configure Log4j 2
]]></system-err>
  </testcase>
</testsuite>