<?xml version="1.0" encoding="UTF-8"?>
<testsuite xmlns:xsi="http://www.w3.org/2001/XMLSchema-instance" xsi:noNamespaceSchemaLocation="https://maven.apache.org/surefire/maven-surefire-plugin/xsd/surefire-test-report.xsd" name="org.apache.hadoop.ozone.scm.TestGetCommittedBlockLengthAndPutKey" time="232.684" tests="3" errors="1" skipped="0" failures="0">
  <properties>
    <property name="awt.toolkit" value="sun.awt.X11.XToolkit"/>
    <property name="file.encoding.pkg" value="sun.io"/>
    <property name="java.specification.version" value="1.8"/>
    <property name="sun.cpu.isalist" value=""/>
    <property name="sun.jnu.encoding" value="UTF-8"/>
    <property name="java.class.path" value="/workdir/hadoop-ozone/integration-test/target/test-classes:/workdir/hadoop-ozone/integration-test/target/classes:/home/user/.m2/repository/org/apache/hadoop/hadoop-ozone-common/0.5.0-SNAPSHOT/hadoop-ozone-common-0.5.0-SNAPSHOT.jar:/home/user/.m2/repository/org/apache/commons/commons-compress/1.4.1/commons-compress-1.4.1.jar:/home/user/.m2/repository/org/tukaani/xz/1.0/xz-1.0.jar:/home/user/.m2/repository/org/apache/hadoop/hadoop-common/3.2.0/hadoop-common-3.2.0.jar:/home/user/.m2/repository/org/apache/hadoop/hadoop-hdfs/3.2.0/hadoop-hdfs-3.2.0.jar:/home/user/.m2/repository/org/apache/hadoop/hadoop-hdfs-client/3.2.0/hadoop-hdfs-client-3.2.0.jar:/home/user/.m2/repository/com/fasterxml/jackson/core/jackson-annotations/2.9.9/jackson-annotations-2.9.9.jar:/home/user/.m2/repository/org/apache/hadoop/hadoop-hdds-common/0.5.0-SNAPSHOT/hadoop-hdds-common-0.5.0-SNAPSHOT.jar:/home/user/.m2/repository/javax/annotation/javax.annotation-api/1.2/javax.annotation-api-1.2.jar:/home/user/.m2/repository/org/apache/ratis/ratis-server/0.4.0/ratis-server-0.4.0.jar:/home/user/.m2/repository/org/apache/ratis/ratis-thirdparty-misc/0.2.0/ratis-thirdparty-misc-0.2.0.jar:/home/user/.m2/repository/org/apache/ratis/ratis-proto/0.4.0/ratis-proto-0.4.0.jar:/home/user/.m2/repository/org/apache/ratis/ratis-common/0.4.0/ratis-common-0.4.0.jar:/home/user/.m2/repository/org/apache/ratis/ratis-client/0.4.0/ratis-client-0.4.0.jar:/home/user/.m2/repository/org/apache/ratis/ratis-metrics/0.4.0/ratis-metrics-0.4.0.jar:/home/user/.m2/repository/com/github/joshelser/dropwizard-metrics-hadoop-metrics2-reporter/0.1.2/dropwizard-metrics-hadoop-metrics2-reporter-0.1.2.jar:/home/user/.m2/repository/io/dropwizard/metrics/metrics-jvm/3.2.5/metrics-jvm-3.2.5.jar:/home/user/.m2/repository/io/dropwizard/metrics/metrics-ganglia/3.2.5/metrics-ganglia-3.2.5.jar:/home/user/.m2/repository/info/ganglia/gmetric4j/gmetric4j/1.0.7/gmetric4j-1.0.7.jar:/home/user/.m2/repository/org/apache/ratis/ratis-netty/0.4.0/ratis-netty-0.4.0.jar:/home/user/.m2/repository/org/apache/ratis/ratis-grpc/0.4.0/ratis-grpc-0.4.0.jar:/home/user/.m2/repository/org/rocksdb/rocksdbjni/6.0.1/rocksdbjni-6.0.1.jar:/home/user/.m2/repository/org/apache/logging/log4j/log4j-api/2.11.0/log4j-api-2.11.0.jar:/home/user/.m2/repository/org/apache/logging/log4j/log4j-core/2.11.0/log4j-core-2.11.0.jar:/home/user/.m2/repository/com/lmax/disruptor/3.4.2/disruptor-3.4.2.jar:/home/user/.m2/repository/org/apache/commons/commons-pool2/2.6.0/commons-pool2-2.6.0.jar:/home/user/.m2/repository/org/bouncycastle/bcpkix-jdk15on/1.60/bcpkix-jdk15on-1.60.jar:/home/user/.m2/repository/commons-validator/commons-validator/1.6/commons-validator-1.6.jar:/home/user/.m2/repository/commons-digester/commons-digester/1.8.1/commons-digester-1.8.1.jar:/home/user/.m2/repository/io/jaegertracing/jaeger-client/0.34.0/jaeger-client-0.34.0.jar:/home/user/.m2/repository/io/jaegertracing/jaeger-thrift/0.34.0/jaeger-thrift-0.34.0.jar:/home/user/.m2/repository/org/apache/thrift/libthrift/0.12.0/libthrift-0.12.0.jar:/home/user/.m2/repository/com/squareup/okhttp3/okhttp/3.9.0/okhttp-3.9.0.jar:/home/user/.m2/repository/com/squareup/okio/okio/1.13.0/okio-1.13.0.jar:/home/user/.m2/repository/io/jaegertracing/jaeger-core/0.34.0/jaeger-core-0.34.0.jar:/home/user/.m2/repository/io/jaegertracing/jaeger-tracerresolver/0.34.0/jaeger-tracerresolver-0.34.0.jar:/home/user/.m2/repository/io/opentracing/contrib/opentracing-tracerresolver/0.1.5/opentracing-tracerresolver-0.1.5.jar:/home/user/.m2/repository/io/opentracing/opentracing-util/0.31.0/opentracing-util-0.31.0.jar:/home/user/.m2/repository/io/opentracing/opentracing-api/0.31.0/opentracing-api-0.31.0.jar:/home/user/.m2/repository/io/opentracing/opentracing-noop/0.31.0/opentracing-noop-0.31.0.jar:/home/user/.m2/repository/org/apache/hadoop/hadoop-hdds-server-framework/0.5.0-SNAPSHOT/hadoop-hdds-server-framework-0.5.0-SNAPSHOT.jar:/home/user/.m2/repository/org/apache/hadoop/hadoop-hdds-container-service/0.5.0-SNAPSHOT/hadoop-hdds-container-service-0.5.0-SNAPSHOT.jar:/home/user/.m2/repository/org/apache/hadoop/hadoop-hdds-client/0.5.0-SNAPSHOT/hadoop-hdds-client-0.5.0-SNAPSHOT.jar:/home/user/.m2/repository/org/apache/hadoop/hadoop-hdds-tools/0.5.0-SNAPSHOT/hadoop-hdds-tools-0.5.0-SNAPSHOT.jar:/home/user/.m2/repository/org/apache/hadoop/hadoop-hdds-server-scm/0.5.0-SNAPSHOT/hadoop-hdds-server-scm-0.5.0-SNAPSHOT.jar:/home/user/.m2/repository/org/apache/hadoop/hadoop-hdds-docs/0.5.0-SNAPSHOT/hadoop-hdds-docs-0.5.0-SNAPSHOT.jar:/home/user/.m2/repository/io/dropwizard/metrics/metrics-core/3.2.4/metrics-core-3.2.4.jar:/home/user/.m2/repository/org/hamcrest/hamcrest-all/1.3/hamcrest-all-1.3.jar:/home/user/.m2/repository/org/bouncycastle/bcprov-jdk15on/1.60/bcprov-jdk15on-1.60.jar:/home/user/.m2/repository/info/picocli/picocli/3.9.6/picocli-3.9.6.jar:/home/user/.m2/repository/com/google/protobuf/protobuf-java/2.5.0/protobuf-java-2.5.0.jar:/home/user/.m2/repository/com/google/guava/guava/11.0.2/guava-11.0.2.jar:/home/user/.m2/repository/org/apache/hadoop/hadoop-ozone-ozone-manager/0.5.0-SNAPSHOT/hadoop-ozone-ozone-manager-0.5.0-SNAPSHOT.jar:/home/user/.m2/repository/org/apache/hadoop/hadoop-minikdc/3.2.0/hadoop-minikdc-3.2.0.jar:/home/user/.m2/repository/commons-io/commons-io/2.5/commons-io-2.5.jar:/home/user/.m2/repository/org/apache/kerby/kerb-simplekdc/1.0.1/kerb-simplekdc-1.0.1.jar:/home/user/.m2/repository/org/apache/kerby/kerb-client/1.0.1/kerb-client-1.0.1.jar:/home/user/.m2/repository/org/apache/kerby/kerby-config/1.0.1/kerby-config-1.0.1.jar:/home/user/.m2/repository/org/apache/kerby/kerb-core/1.0.1/kerb-core-1.0.1.jar:/home/user/.m2/repository/org/apache/kerby/kerby-pkix/1.0.1/kerby-pkix-1.0.1.jar:/home/user/.m2/repository/org/apache/kerby/kerby-asn1/1.0.1/kerby-asn1-1.0.1.jar:/home/user/.m2/repository/org/apache/kerby/kerby-util/1.0.1/kerby-util-1.0.1.jar:/home/user/.m2/repository/org/apache/kerby/kerb-common/1.0.1/kerb-common-1.0.1.jar:/home/user/.m2/repository/org/apache/kerby/kerb-crypto/1.0.1/kerb-crypto-1.0.1.jar:/home/user/.m2/repository/org/apache/kerby/kerb-util/1.0.1/kerb-util-1.0.1.jar:/home/user/.m2/repository/org/apache/kerby/token-provider/1.0.1/token-provider-1.0.1.jar:/home/user/.m2/repository/org/apache/kerby/kerb-admin/1.0.1/kerb-admin-1.0.1.jar:/home/user/.m2/repository/org/apache/kerby/kerb-server/1.0.1/kerb-server-1.0.1.jar:/home/user/.m2/repository/org/apache/kerby/kerb-identity/1.0.1/kerb-identity-1.0.1.jar:/home/user/.m2/repository/org/apache/kerby/kerby-xdr/1.0.1/kerby-xdr-1.0.1.jar:/home/user/.m2/repository/org/slf4j/slf4j-log4j12/1.7.25/slf4j-log4j12-1.7.25.jar:/home/user/.m2/repository/org/apache/hadoop/hadoop-ozone-s3gateway/0.5.0-SNAPSHOT/hadoop-ozone-s3gateway-0.5.0-SNAPSHOT.jar:/home/user/.m2/repository/org/jboss/weld/servlet/weld-servlet/2.4.7.Final/weld-servlet-2.4.7.Final.jar:/home/user/.m2/repository/org/glassfish/jersey/containers/jersey-container-servlet-core/2.27/jersey-container-servlet-core-2.27.jar:/home/user/.m2/repository/org/glassfish/hk2/external/javax.inject/2.5.0-b42/javax.inject-2.5.0-b42.jar:/home/user/.m2/repository/org/glassfish/jersey/core/jersey-common/2.27/jersey-common-2.27.jar:/home/user/.m2/repository/org/glassfish/hk2/osgi-resource-locator/1.0.1/osgi-resource-locator-1.0.1.jar:/home/user/.m2/repository/javax/ws/rs/javax.ws.rs-api/2.1/javax.ws.rs-api-2.1.jar:/home/user/.m2/repository/org/glassfish/jersey/ext/cdi/jersey-cdi1x/2.27/jersey-cdi1x-2.27.jar:/home/user/.m2/repository/org/glassfish/jersey/inject/jersey-hk2/2.27/jersey-hk2-2.27.jar:/home/user/.m2/repository/org/glassfish/hk2/hk2-locator/2.5.0-b42/hk2-locator-2.5.0-b42.jar:/home/user/.m2/repository/org/javassist/javassist/3.22.0-CR2/javassist-3.22.0-CR2.jar:/home/user/.m2/repository/org/glassfish/hk2/hk2-api/2.5.0/hk2-api-2.5.0.jar:/home/user/.m2/repository/org/glassfish/hk2/external/jakarta.inject/2.5.0/jakarta.inject-2.5.0.jar:/home/user/.m2/repository/org/glassfish/hk2/hk2-utils/2.5.0/hk2-utils-2.5.0.jar:/home/user/.m2/repository/jakarta/annotation/jakarta.annotation-api/1.3.4/jakarta.annotation-api-1.3.4.jar:/home/user/.m2/repository/org/glassfish/hk2/external/aopalliance-repackaged/2.5.0/aopalliance-repackaged-2.5.0.jar:/home/user/.m2/repository/com/fasterxml/jackson/dataformat/jackson-dataformat-xml/2.9.0/jackson-dataformat-xml-2.9.0.jar:/home/user/.m2/repository/com/fasterxml/jackson/core/jackson-core/2.9.9/jackson-core-2.9.9.jar:/home/user/.m2/repository/com/fasterxml/jackson/module/jackson-module-jaxb-annotations/2.9.9/jackson-module-jaxb-annotations-2.9.9.jar:/home/user/.m2/repository/javax/enterprise/cdi-api/1.2/cdi-api-1.2.jar:/home/user/.m2/repository/javax/el/javax.el-api/3.0.0/javax.el-api-3.0.0.jar:/home/user/.m2/repository/javax/interceptor/javax.interceptor-api/1.2/javax.interceptor-api-1.2.jar:/home/user/.m2/repository/javax/inject/javax.inject/1/javax.inject-1.jar:/home/user/.m2/repository/com/sun/xml/bind/jaxb-impl/2.3.0.1/jaxb-impl-2.3.0.1.jar:/home/user/.m2/repository/com/sun/xml/bind/jaxb-core/2.3.0.1/jaxb-core-2.3.0.1.jar:/home/user/.m2/repository/javax/xml/bind/jaxb-api/2.3.0/jaxb-api-2.3.0.jar:/home/user/.m2/repository/javax/activation/activation/1.1.1/activation-1.1.1.jar:/home/user/.m2/repository/org/apache/hadoop/hadoop-ozone-csi/0.5.0-SNAPSHOT/hadoop-ozone-csi-0.5.0-SNAPSHOT.jar:/home/user/.m2/repository/com/google/protobuf/protobuf-java-util/3.5.1/protobuf-java-util-3.5.1.jar:/home/user/.m2/repository/org/apache/hadoop/hadoop-hdds-config/0.5.0-SNAPSHOT/hadoop-hdds-config-0.5.0-SNAPSHOT.jar:/home/user/.m2/repository/io/grpc/grpc-netty/1.17.1/grpc-netty-1.17.1.jar:/home/user/.m2/repository/io/grpc/grpc-core/1.17.1/grpc-core-1.17.1.jar:/home/user/.m2/repository/io/grpc/grpc-context/1.17.1/grpc-context-1.17.1.jar:/home/user/.m2/repository/com/google/errorprone/error_prone_annotations/2.2.0/error_prone_annotations-2.2.0.jar:/home/user/.m2/repository/org/codehaus/mojo/animal-sniffer-annotations/1.17/animal-sniffer-annotations-1.17.jar:/home/user/.m2/repository/io/opencensus/opencensus-api/0.17.0/opencensus-api-0.17.0.jar:/home/user/.m2/repository/io/opencensus/opencensus-contrib-grpc-metrics/0.17.0/opencensus-contrib-grpc-metrics-0.17.0.jar:/home/user/.m2/repository/io/netty/netty-codec-http2/4.1.30.Final/netty-codec-http2-4.1.30.Final.jar:/home/user/.m2/repository/io/netty/netty-codec-http/4.1.30.Final/netty-codec-http-4.1.30.Final.jar:/home/user/.m2/repository/io/netty/netty-codec/4.1.30.Final/netty-codec-4.1.30.Final.jar:/home/user/.m2/repository/io/netty/netty-handler/4.1.30.Final/netty-handler-4.1.30.Final.jar:/home/user/.m2/repository/io/netty/netty-handler-proxy/4.1.30.Final/netty-handler-proxy-4.1.30.Final.jar:/home/user/.m2/repository/io/netty/netty-codec-socks/4.1.30.Final/netty-codec-socks-4.1.30.Final.jar:/home/user/.m2/repository/io/netty/netty-transport-native-epoll/4.1.30.Final/netty-transport-native-epoll-4.1.30.Final.jar:/home/user/.m2/repository/io/netty/netty-common/4.1.30.Final/netty-common-4.1.30.Final.jar:/home/user/.m2/repository/io/netty/netty-buffer/4.1.30.Final/netty-buffer-4.1.30.Final.jar:/home/user/.m2/repository/io/netty/netty-transport/4.1.30.Final/netty-transport-4.1.30.Final.jar:/home/user/.m2/repository/io/netty/netty-resolver/4.1.30.Final/netty-resolver-4.1.30.Final.jar:/home/user/.m2/repository/io/netty/netty-transport-native-unix-common/4.1.30.Final/netty-transport-native-unix-common-4.1.30.Final.jar:/home/user/.m2/repository/io/grpc/grpc-protobuf/1.17.1/grpc-protobuf-1.17.1.jar:/home/user/.m2/repository/com/google/api/grpc/proto-google-common-protos/1.0.0/proto-google-common-protos-1.0.0.jar:/home/user/.m2/repository/io/grpc/grpc-protobuf-lite/1.17.1/grpc-protobuf-lite-1.17.1.jar:/home/user/.m2/repository/io/grpc/grpc-stub/1.17.1/grpc-stub-1.17.1.jar:/home/user/.m2/repository/org/apache/hadoop/hadoop-ozone-recon/0.5.0-SNAPSHOT/hadoop-ozone-recon-0.5.0-SNAPSHOT.jar:/home/user/.m2/repository/org/apache/hadoop/hadoop-ozone-reconcodegen/0.5.0-SNAPSHOT/hadoop-ozone-reconcodegen-0.5.0-SNAPSHOT.jar:/home/user/.m2/repository/com/google/inject/extensions/guice-multibindings/4.0/guice-multibindings-4.0.jar:/home/user/.m2/repository/com/google/inject/guice/4.0/guice-4.0.jar:/home/user/.m2/repository/aopalliance/aopalliance/1.0/aopalliance-1.0.jar:/home/user/.m2/repository/com/google/inject/extensions/guice-servlet/4.0/guice-servlet-4.0.jar:/home/user/.m2/repository/org/glassfish/jersey/containers/jersey-container-servlet/2.27/jersey-container-servlet-2.27.jar:/home/user/.m2/repository/org/glassfish/hk2/guice-bridge/2.5.0/guice-bridge-2.5.0.jar:/home/user/.m2/repository/org/glassfish/jersey/core/jersey-server/2.27/jersey-server-2.27.jar:/home/user/.m2/repository/org/glassfish/jersey/core/jersey-client/2.27/jersey-client-2.27.jar:/home/user/.m2/repository/org/glassfish/jersey/media/jersey-media-jaxb/2.27/jersey-media-jaxb-2.27.jar:/home/user/.m2/repository/javax/validation/validation-api/1.1.0.Final/validation-api-1.1.0.Final.jar:/home/user/.m2/repository/org/glassfish/jersey/media/jersey-media-json-jackson/2.27/jersey-media-json-jackson-2.27.jar:/home/user/.m2/repository/org/glassfish/jersey/ext/jersey-entity-filtering/2.27/jersey-entity-filtering-2.27.jar:/home/user/.m2/repository/com/google/inject/extensions/guice-assistedinject/4.0/guice-assistedinject-4.0.jar:/home/user/.m2/repository/org/jooq/jooq/3.11.10/jooq-3.11.10.jar:/home/user/.m2/repository/org/jooq/jooq-meta/3.11.10/jooq-meta-3.11.10.jar:/home/user/.m2/repository/org/jooq/jooq-codegen/3.11.10/jooq-codegen-3.11.10.jar:/home/user/.m2/repository/com/jolbox/bonecp/0.8.0.RELEASE/bonecp-0.8.0.RELEASE.jar:/home/user/.m2/repository/org/xerial/sqlite-jdbc/3.25.2/sqlite-jdbc-3.25.2.jar:/home/user/.m2/repository/org/springframework/spring-jdbc/5.1.3.RELEASE/spring-jdbc-5.1.3.RELEASE.jar:/home/user/.m2/repository/org/springframework/spring-beans/5.1.3.RELEASE/spring-beans-5.1.3.RELEASE.jar:/home/user/.m2/repository/org/springframework/spring-core/5.1.3.RELEASE/spring-core-5.1.3.RELEASE.jar:/home/user/.m2/repository/org/springframework/spring-jcl/5.1.3.RELEASE/spring-jcl-5.1.3.RELEASE.jar:/home/user/.m2/repository/org/springframework/spring-tx/5.1.3.RELEASE/spring-tx-5.1.3.RELEASE.jar:/home/user/.m2/repository/org/apache/hadoop/hadoop-ozone-client/0.5.0-SNAPSHOT/hadoop-ozone-client-0.5.0-SNAPSHOT.jar:/home/user/.m2/repository/commons-lang/commons-lang/2.6/commons-lang-2.6.jar:/home/user/.m2/repository/org/apache/hadoop/hadoop-ozone-ozone-manager/0.5.0-SNAPSHOT/hadoop-ozone-ozone-manager-0.5.0-SNAPSHOT-tests.jar:/home/user/.m2/repository/junit/junit/4.11/junit-4.11.jar:/home/user/.m2/repository/org/hamcrest/hamcrest-core/1.3/hamcrest-core-1.3.jar:/home/user/.m2/repository/org/openjdk/jmh/jmh-core/1.19/jmh-core-1.19.jar:/home/user/.m2/repository/net/sf/jopt-simple/jopt-simple/4.6/jopt-simple-4.6.jar:/home/user/.m2/repository/org/apache/commons/commons-math3/3.1.1/commons-math3-3.1.1.jar:/home/user/.m2/repository/org/openjdk/jmh/jmh-generator-annprocess/1.19/jmh-generator-annprocess-1.19.jar:/home/user/.m2/repository/org/mockito/mockito-all/1.8.5/mockito-all-1.8.5.jar:/home/user/.m2/repository/org/apache/hadoop/hadoop-kms/3.2.0/hadoop-kms-3.2.0.jar:/home/user/.m2/repository/org/apache/hadoop/hadoop-auth/3.2.0/hadoop-auth-3.2.0.jar:/home/user/.m2/repository/com/nimbusds/nimbus-jose-jwt/4.41.1/nimbus-jose-jwt-4.41.1.jar:/home/user/.m2/repository/com/github/stephenc/jcip/jcip-annotations/1.0-1/jcip-annotations-1.0-1.jar:/home/user/.m2/repository/net/minidev/json-smart/2.3/json-smart-2.3.jar:/home/user/.m2/repository/net/minidev/accessors-smart/1.2/accessors-smart-1.2.jar:/home/user/.m2/repository/org/ow2/asm/asm/5.0.4/asm-5.0.4.jar:/home/user/.m2/repository/org/apache/curator/curator-framework/2.12.0/curator-framework-2.12.0.jar:/home/user/.m2/repository/com/sun/jersey/jersey-core/1.19/jersey-core-1.19.jar:/home/user/.m2/repository/javax/ws/rs/jsr311-api/1.1.1/jsr311-api-1.1.1.jar:/home/user/.m2/repository/com/sun/jersey/jersey-server/1.19/jersey-server-1.19.jar:/home/user/.m2/repository/javax/servlet/javax.servlet-api/3.1.0/javax.servlet-api-3.1.0.jar:/home/user/.m2/repository/org/eclipse/jetty/jetty-server/9.3.25.v20180904/jetty-server-9.3.25.v20180904.jar:/home/user/.m2/repository/org/eclipse/jetty/jetty-http/9.3.25.v20180904/jetty-http-9.3.25.v20180904.jar:/home/user/.m2/repository/org/eclipse/jetty/jetty-io/9.3.25.v20180904/jetty-io-9.3.25.v20180904.jar:/home/user/.m2/repository/org/eclipse/jetty/jetty-webapp/9.3.25.v20180904/jetty-webapp-9.3.25.v20180904.jar:/home/user/.m2/repository/org/eclipse/jetty/jetty-xml/9.3.25.v20180904/jetty-xml-9.3.25.v20180904.jar:/home/user/.m2/repository/log4j/log4j/1.2.17/log4j-1.2.17.jar:/home/user/.m2/repository/org/slf4j/slf4j-api/1.7.25/slf4j-api-1.7.25.jar:/home/user/.m2/repository/org/slf4j/jul-to-slf4j/1.7.25/jul-to-slf4j-1.7.25.jar:/home/user/.m2/repository/org/eclipse/jetty/jetty-util/9.3.25.v20180904/jetty-util-9.3.25.v20180904.jar:/home/user/.m2/repository/com/fasterxml/jackson/core/jackson-databind/2.9.9/jackson-databind-2.9.9.jar:/home/user/.m2/repository/org/apache/hadoop/hadoop-kms/3.2.0/hadoop-kms-3.2.0-tests.jar:/home/user/.m2/repository/org/apache/hadoop/hadoop-hdds-server-scm/0.5.0-SNAPSHOT/hadoop-hdds-server-scm-0.5.0-SNAPSHOT-tests.jar:/home/user/.m2/repository/org/apache/hadoop/hadoop-hdds-container-service/0.5.0-SNAPSHOT/hadoop-hdds-container-service-0.5.0-SNAPSHOT-tests.jar:/home/user/.m2/repository/org/yaml/snakeyaml/1.16/snakeyaml-1.16.jar:/home/user/.m2/repository/org/apache/hadoop/hadoop-common/3.2.0/hadoop-common-3.2.0-tests.jar:/home/user/.m2/repository/org/apache/hadoop/hadoop-annotations/3.2.0/hadoop-annotations-3.2.0.jar:/usr/lib/jvm/java-1.8-openjdk/jre/../lib/tools.jar:/home/user/.m2/repository/commons-cli/commons-cli/1.2/commons-cli-1.2.jar:/home/user/.m2/repository/org/apache/httpcomponents/httpclient/4.5.2/httpclient-4.5.2.jar:/home/user/.m2/repository/org/apache/httpcomponents/httpcore/4.4.4/httpcore-4.4.4.jar:/home/user/.m2/repository/commons-codec/commons-codec/1.11/commons-codec-1.11.jar:/home/user/.m2/repository/commons-net/commons-net/3.6/commons-net-3.6.jar:/home/user/.m2/repository/commons-collections/commons-collections/3.2.2/commons-collections-3.2.2.jar:/home/user/.m2/repository/org/eclipse/jetty/jetty-servlet/9.3.25.v20180904/jetty-servlet-9.3.25.v20180904.jar:/home/user/.m2/repository/org/eclipse/jetty/jetty-security/9.3.25.v20180904/jetty-security-9.3.25.v20180904.jar:/home/user/.m2/repository/javax/servlet/jsp/jsp-api/2.1/jsp-api-2.1.jar:/home/user/.m2/repository/com/sun/jersey/jersey-servlet/1.19/jersey-servlet-1.19.jar:/home/user/.m2/repository/com/sun/jersey/jersey-json/1.19/jersey-json-1.19.jar:/home/user/.m2/repository/org/codehaus/jettison/jettison/1.1/jettison-1.1.jar:/home/user/.m2/repository/org/codehaus/jackson/jackson-core-asl/1.9.13/jackson-core-asl-1.9.13.jar:/home/user/.m2/repository/org/codehaus/jackson/jackson-mapper-asl/1.9.13/jackson-mapper-asl-1.9.13.jar:/home/user/.m2/repository/org/codehaus/jackson/jackson-jaxrs/1.9.13/jackson-jaxrs-1.9.13.jar:/home/user/.m2/repository/org/codehaus/jackson/jackson-xc/1.9.13/jackson-xc-1.9.13.jar:/home/user/.m2/repository/commons-logging/commons-logging/1.1.3/commons-logging-1.1.3.jar:/home/user/.m2/repository/commons-beanutils/commons-beanutils/1.9.4/commons-beanutils-1.9.4.jar:/home/user/.m2/repository/org/apache/commons/commons-configuration2/2.1.1/commons-configuration2-2.1.1.jar:/home/user/.m2/repository/org/apache/commons/commons-lang3/3.7/commons-lang3-3.7.jar:/home/user/.m2/repository/org/apache/commons/commons-text/1.4/commons-text-1.4.jar:/home/user/.m2/repository/org/apache/avro/avro/1.7.7/avro-1.7.7.jar:/home/user/.m2/repository/com/thoughtworks/paranamer/paranamer/2.3/paranamer-2.3.jar:/home/user/.m2/repository/org/xerial/snappy/snappy-java/1.0.5/snappy-java-1.0.5.jar:/home/user/.m2/repository/com/google/re2j/re2j/1.1/re2j-1.1.jar:/home/user/.m2/repository/com/google/code/gson/gson/2.2.4/gson-2.2.4.jar:/home/user/.m2/repository/com/jcraft/jsch/0.1.54/jsch-0.1.54.jar:/home/user/.m2/repository/org/apache/curator/curator-client/2.12.0/curator-client-2.12.0.jar:/home/user/.m2/repository/org/apache/curator/curator-recipes/2.12.0/curator-recipes-2.12.0.jar:/home/user/.m2/repository/com/google/code/findbugs/jsr305/3.0.0/jsr305-3.0.0.jar:/home/user/.m2/repository/org/apache/htrace/htrace-core4/4.1.0-incubating/htrace-core4-4.1.0-incubating.jar:/home/user/.m2/repository/org/apache/zookeeper/zookeeper/3.4.13/zookeeper-3.4.13.jar:/home/user/.m2/repository/jline/jline/0.9.94/jline-0.9.94.jar:/home/user/.m2/repository/org/apache/yetus/audience-annotations/0.5.0/audience-annotations-0.5.0.jar:/home/user/.m2/repository/org/codehaus/woodstox/stax2-api/3.1.4/stax2-api-3.1.4.jar:/home/user/.m2/repository/com/fasterxml/woodstox/woodstox-core/5.0.3/woodstox-core-5.0.3.jar:/home/user/.m2/repository/dnsjava/dnsjava/2.1.7/dnsjava-2.1.7.jar:/home/user/.m2/repository/org/apache/hadoop/hadoop-hdfs/3.2.0/hadoop-hdfs-3.2.0-tests.jar:/home/user/.m2/repository/org/eclipse/jetty/jetty-util-ajax/9.3.25.v20180904/jetty-util-ajax-9.3.25.v20180904.jar:/home/user/.m2/repository/commons-daemon/commons-daemon/1.0.13/commons-daemon-1.0.13.jar:/home/user/.m2/repository/io/netty/netty/3.10.5.Final/netty-3.10.5.Final.jar:/home/user/.m2/repository/io/netty/netty-all/4.0.52.Final/netty-all-4.0.52.Final.jar:/home/user/.m2/repository/org/fusesource/leveldbjni/leveldbjni-all/1.8/leveldbjni-all-1.8.jar:"/>
    <property name="java.vm.vendor" value="IcedTea"/>
    <property name="sun.arch.data.model" value="64"/>
    <property name="test.build.dir" value="/workdir/hadoop-ozone/integration-test/target/test-dir"/>
    <property name="test.cache.data" value=""/>
    <property name="java.vendor.url" value="https://icedtea.classpath.org"/>
    <property name="user.timezone" value=""/>
    <property name="java.vm.specification.version" value="1.8"/>
    <property name="os.name" value="Linux"/>
    <property name="test.build.data" value="/workdir/hadoop-ozone/integration-test/target/test-dir"/>
    <property name="user.country" value="US"/>
    <property name="sun.java.launcher" value="SUN_STANDARD"/>
    <property name="sun.boot.library.path" value="/usr/lib/jvm/java-1.8-openjdk/jre/lib/amd64"/>
    <property name="sun.java.command" value="/workdir/hadoop-ozone/integration-test/target/surefire/surefirebooter4774821624368063930.jar /workdir/hadoop-ozone/integration-test/target/surefire 2019-09-26T14-28-50_291-jvmRun1 surefire583763332054803838tmp surefire_211145960972728408976tmp"/>
    <property name="test" value="!TestMiniChaosOzoneCluster"/>
    <property name="surefire.test.class.path" value="/workdir/hadoop-ozone/integration-test/target/test-classes:/workdir/hadoop-ozone/integration-test/target/classes:/home/user/.m2/repository/org/apache/hadoop/hadoop-ozone-common/0.5.0-SNAPSHOT/hadoop-ozone-common-0.5.0-SNAPSHOT.jar:/home/user/.m2/repository/org/apache/commons/commons-compress/1.4.1/commons-compress-1.4.1.jar:/home/user/.m2/repository/org/tukaani/xz/1.0/xz-1.0.jar:/home/user/.m2/repository/org/apache/hadoop/hadoop-common/3.2.0/hadoop-common-3.2.0.jar:/home/user/.m2/repository/org/apache/hadoop/hadoop-hdfs/3.2.0/hadoop-hdfs-3.2.0.jar:/home/user/.m2/repository/org/apache/hadoop/hadoop-hdfs-client/3.2.0/hadoop-hdfs-client-3.2.0.jar:/home/user/.m2/repository/com/fasterxml/jackson/core/jackson-annotations/2.9.9/jackson-annotations-2.9.9.jar:/home/user/.m2/repository/org/apache/hadoop/hadoop-hdds-common/0.5.0-SNAPSHOT/hadoop-hdds-common-0.5.0-SNAPSHOT.jar:/home/user/.m2/repository/javax/annotation/javax.annotation-api/1.2/javax.annotation-api-1.2.jar:/home/user/.m2/repository/org/apache/ratis/ratis-server/0.4.0/ratis-server-0.4.0.jar:/home/user/.m2/repository/org/apache/ratis/ratis-thirdparty-misc/0.2.0/ratis-thirdparty-misc-0.2.0.jar:/home/user/.m2/repository/org/apache/ratis/ratis-proto/0.4.0/ratis-proto-0.4.0.jar:/home/user/.m2/repository/org/apache/ratis/ratis-common/0.4.0/ratis-common-0.4.0.jar:/home/user/.m2/repository/org/apache/ratis/ratis-client/0.4.0/ratis-client-0.4.0.jar:/home/user/.m2/repository/org/apache/ratis/ratis-metrics/0.4.0/ratis-metrics-0.4.0.jar:/home/user/.m2/repository/com/github/joshelser/dropwizard-metrics-hadoop-metrics2-reporter/0.1.2/dropwizard-metrics-hadoop-metrics2-reporter-0.1.2.jar:/home/user/.m2/repository/io/dropwizard/metrics/metrics-jvm/3.2.5/metrics-jvm-3.2.5.jar:/home/user/.m2/repository/io/dropwizard/metrics/metrics-ganglia/3.2.5/metrics-ganglia-3.2.5.jar:/home/user/.m2/repository/info/ganglia/gmetric4j/gmetric4j/1.0.7/gmetric4j-1.0.7.jar:/home/user/.m2/repository/org/apache/ratis/ratis-netty/0.4.0/ratis-netty-0.4.0.jar:/home/user/.m2/repository/org/apache/ratis/ratis-grpc/0.4.0/ratis-grpc-0.4.0.jar:/home/user/.m2/repository/org/rocksdb/rocksdbjni/6.0.1/rocksdbjni-6.0.1.jar:/home/user/.m2/repository/org/apache/logging/log4j/log4j-api/2.11.0/log4j-api-2.11.0.jar:/home/user/.m2/repository/org/apache/logging/log4j/log4j-core/2.11.0/log4j-core-2.11.0.jar:/home/user/.m2/repository/com/lmax/disruptor/3.4.2/disruptor-3.4.2.jar:/home/user/.m2/repository/org/apache/commons/commons-pool2/2.6.0/commons-pool2-2.6.0.jar:/home/user/.m2/repository/org/bouncycastle/bcpkix-jdk15on/1.60/bcpkix-jdk15on-1.60.jar:/home/user/.m2/repository/commons-validator/commons-validator/1.6/commons-validator-1.6.jar:/home/user/.m2/repository/commons-digester/commons-digester/1.8.1/commons-digester-1.8.1.jar:/home/user/.m2/repository/io/jaegertracing/jaeger-client/0.34.0/jaeger-client-0.34.0.jar:/home/user/.m2/repository/io/jaegertracing/jaeger-thrift/0.34.0/jaeger-thrift-0.34.0.jar:/home/user/.m2/repository/org/apache/thrift/libthrift/0.12.0/libthrift-0.12.0.jar:/home/user/.m2/repository/com/squareup/okhttp3/okhttp/3.9.0/okhttp-3.9.0.jar:/home/user/.m2/repository/com/squareup/okio/okio/1.13.0/okio-1.13.0.jar:/home/user/.m2/repository/io/jaegertracing/jaeger-core/0.34.0/jaeger-core-0.34.0.jar:/home/user/.m2/repository/io/jaegertracing/jaeger-tracerresolver/0.34.0/jaeger-tracerresolver-0.34.0.jar:/home/user/.m2/repository/io/opentracing/contrib/opentracing-tracerresolver/0.1.5/opentracing-tracerresolver-0.1.5.jar:/home/user/.m2/repository/io/opentracing/opentracing-util/0.31.0/opentracing-util-0.31.0.jar:/home/user/.m2/repository/io/opentracing/opentracing-api/0.31.0/opentracing-api-0.31.0.jar:/home/user/.m2/repository/io/opentracing/opentracing-noop/0.31.0/opentracing-noop-0.31.0.jar:/home/user/.m2/repository/org/apache/hadoop/hadoop-hdds-server-framework/0.5.0-SNAPSHOT/hadoop-hdds-server-framework-0.5.0-SNAPSHOT.jar:/home/user/.m2/repository/org/apache/hadoop/hadoop-hdds-container-service/0.5.0-SNAPSHOT/hadoop-hdds-container-service-0.5.0-SNAPSHOT.jar:/home/user/.m2/repository/org/apache/hadoop/hadoop-hdds-client/0.5.0-SNAPSHOT/hadoop-hdds-client-0.5.0-SNAPSHOT.jar:/home/user/.m2/repository/org/apache/hadoop/hadoop-hdds-tools/0.5.0-SNAPSHOT/hadoop-hdds-tools-0.5.0-SNAPSHOT.jar:/home/user/.m2/repository/org/apache/hadoop/hadoop-hdds-server-scm/0.5.0-SNAPSHOT/hadoop-hdds-server-scm-0.5.0-SNAPSHOT.jar:/home/user/.m2/repository/org/apache/hadoop/hadoop-hdds-docs/0.5.0-SNAPSHOT/hadoop-hdds-docs-0.5.0-SNAPSHOT.jar:/home/user/.m2/repository/io/dropwizard/metrics/metrics-core/3.2.4/metrics-core-3.2.4.jar:/home/user/.m2/repository/org/hamcrest/hamcrest-all/1.3/hamcrest-all-1.3.jar:/home/user/.m2/repository/org/bouncycastle/bcprov-jdk15on/1.60/bcprov-jdk15on-1.60.jar:/home/user/.m2/repository/info/picocli/picocli/3.9.6/picocli-3.9.6.jar:/home/user/.m2/repository/com/google/protobuf/protobuf-java/2.5.0/protobuf-java-2.5.0.jar:/home/user/.m2/repository/com/google/guava/guava/11.0.2/guava-11.0.2.jar:/home/user/.m2/repository/org/apache/hadoop/hadoop-ozone-ozone-manager/0.5.0-SNAPSHOT/hadoop-ozone-ozone-manager-0.5.0-SNAPSHOT.jar:/home/user/.m2/repository/org/apache/hadoop/hadoop-minikdc/3.2.0/hadoop-minikdc-3.2.0.jar:/home/user/.m2/repository/commons-io/commons-io/2.5/commons-io-2.5.jar:/home/user/.m2/repository/org/apache/kerby/kerb-simplekdc/1.0.1/kerb-simplekdc-1.0.1.jar:/home/user/.m2/repository/org/apache/kerby/kerb-client/1.0.1/kerb-client-1.0.1.jar:/home/user/.m2/repository/org/apache/kerby/kerby-config/1.0.1/kerby-config-1.0.1.jar:/home/user/.m2/repository/org/apache/kerby/kerb-core/1.0.1/kerb-core-1.0.1.jar:/home/user/.m2/repository/org/apache/kerby/kerby-pkix/1.0.1/kerby-pkix-1.0.1.jar:/home/user/.m2/repository/org/apache/kerby/kerby-asn1/1.0.1/kerby-asn1-1.0.1.jar:/home/user/.m2/repository/org/apache/kerby/kerby-util/1.0.1/kerby-util-1.0.1.jar:/home/user/.m2/repository/org/apache/kerby/kerb-common/1.0.1/kerb-common-1.0.1.jar:/home/user/.m2/repository/org/apache/kerby/kerb-crypto/1.0.1/kerb-crypto-1.0.1.jar:/home/user/.m2/repository/org/apache/kerby/kerb-util/1.0.1/kerb-util-1.0.1.jar:/home/user/.m2/repository/org/apache/kerby/token-provider/1.0.1/token-provider-1.0.1.jar:/home/user/.m2/repository/org/apache/kerby/kerb-admin/1.0.1/kerb-admin-1.0.1.jar:/home/user/.m2/repository/org/apache/kerby/kerb-server/1.0.1/kerb-server-1.0.1.jar:/home/user/.m2/repository/org/apache/kerby/kerb-identity/1.0.1/kerb-identity-1.0.1.jar:/home/user/.m2/repository/org/apache/kerby/kerby-xdr/1.0.1/kerby-xdr-1.0.1.jar:/home/user/.m2/repository/org/slf4j/slf4j-log4j12/1.7.25/slf4j-log4j12-1.7.25.jar:/home/user/.m2/repository/org/apache/hadoop/hadoop-ozone-s3gateway/0.5.0-SNAPSHOT/hadoop-ozone-s3gateway-0.5.0-SNAPSHOT.jar:/home/user/.m2/repository/org/jboss/weld/servlet/weld-servlet/2.4.7.Final/weld-servlet-2.4.7.Final.jar:/home/user/.m2/repository/org/glassfish/jersey/containers/jersey-container-servlet-core/2.27/jersey-container-servlet-core-2.27.jar:/home/user/.m2/repository/org/glassfish/hk2/external/javax.inject/2.5.0-b42/javax.inject-2.5.0-b42.jar:/home/user/.m2/repository/org/glassfish/jersey/core/jersey-common/2.27/jersey-common-2.27.jar:/home/user/.m2/repository/org/glassfish/hk2/osgi-resource-locator/1.0.1/osgi-resource-locator-1.0.1.jar:/home/user/.m2/repository/javax/ws/rs/javax.ws.rs-api/2.1/javax.ws.rs-api-2.1.jar:/home/user/.m2/repository/org/glassfish/jersey/ext/cdi/jersey-cdi1x/2.27/jersey-cdi1x-2.27.jar:/home/user/.m2/repository/org/glassfish/jersey/inject/jersey-hk2/2.27/jersey-hk2-2.27.jar:/home/user/.m2/repository/org/glassfish/hk2/hk2-locator/2.5.0-b42/hk2-locator-2.5.0-b42.jar:/home/user/.m2/repository/org/javassist/javassist/3.22.0-CR2/javassist-3.22.0-CR2.jar:/home/user/.m2/repository/org/glassfish/hk2/hk2-api/2.5.0/hk2-api-2.5.0.jar:/home/user/.m2/repository/org/glassfish/hk2/external/jakarta.inject/2.5.0/jakarta.inject-2.5.0.jar:/home/user/.m2/repository/org/glassfish/hk2/hk2-utils/2.5.0/hk2-utils-2.5.0.jar:/home/user/.m2/repository/jakarta/annotation/jakarta.annotation-api/1.3.4/jakarta.annotation-api-1.3.4.jar:/home/user/.m2/repository/org/glassfish/hk2/external/aopalliance-repackaged/2.5.0/aopalliance-repackaged-2.5.0.jar:/home/user/.m2/repository/com/fasterxml/jackson/dataformat/jackson-dataformat-xml/2.9.0/jackson-dataformat-xml-2.9.0.jar:/home/user/.m2/repository/com/fasterxml/jackson/core/jackson-core/2.9.9/jackson-core-2.9.9.jar:/home/user/.m2/repository/com/fasterxml/jackson/module/jackson-module-jaxb-annotations/2.9.9/jackson-module-jaxb-annotations-2.9.9.jar:/home/user/.m2/repository/javax/enterprise/cdi-api/1.2/cdi-api-1.2.jar:/home/user/.m2/repository/javax/el/javax.el-api/3.0.0/javax.el-api-3.0.0.jar:/home/user/.m2/repository/javax/interceptor/javax.interceptor-api/1.2/javax.interceptor-api-1.2.jar:/home/user/.m2/repository/javax/inject/javax.inject/1/javax.inject-1.jar:/home/user/.m2/repository/com/sun/xml/bind/jaxb-impl/2.3.0.1/jaxb-impl-2.3.0.1.jar:/home/user/.m2/repository/com/sun/xml/bind/jaxb-core/2.3.0.1/jaxb-core-2.3.0.1.jar:/home/user/.m2/repository/javax/xml/bind/jaxb-api/2.3.0/jaxb-api-2.3.0.jar:/home/user/.m2/repository/javax/activation/activation/1.1.1/activation-1.1.1.jar:/home/user/.m2/repository/org/apache/hadoop/hadoop-ozone-csi/0.5.0-SNAPSHOT/hadoop-ozone-csi-0.5.0-SNAPSHOT.jar:/home/user/.m2/repository/com/google/protobuf/protobuf-java-util/3.5.1/protobuf-java-util-3.5.1.jar:/home/user/.m2/repository/org/apache/hadoop/hadoop-hdds-config/0.5.0-SNAPSHOT/hadoop-hdds-config-0.5.0-SNAPSHOT.jar:/home/user/.m2/repository/io/grpc/grpc-netty/1.17.1/grpc-netty-1.17.1.jar:/home/user/.m2/repository/io/grpc/grpc-core/1.17.1/grpc-core-1.17.1.jar:/home/user/.m2/repository/io/grpc/grpc-context/1.17.1/grpc-context-1.17.1.jar:/home/user/.m2/repository/com/google/errorprone/error_prone_annotations/2.2.0/error_prone_annotations-2.2.0.jar:/home/user/.m2/repository/org/codehaus/mojo/animal-sniffer-annotations/1.17/animal-sniffer-annotations-1.17.jar:/home/user/.m2/repository/io/opencensus/opencensus-api/0.17.0/opencensus-api-0.17.0.jar:/home/user/.m2/repository/io/opencensus/opencensus-contrib-grpc-metrics/0.17.0/opencensus-contrib-grpc-metrics-0.17.0.jar:/home/user/.m2/repository/io/netty/netty-codec-http2/4.1.30.Final/netty-codec-http2-4.1.30.Final.jar:/home/user/.m2/repository/io/netty/netty-codec-http/4.1.30.Final/netty-codec-http-4.1.30.Final.jar:/home/user/.m2/repository/io/netty/netty-codec/4.1.30.Final/netty-codec-4.1.30.Final.jar:/home/user/.m2/repository/io/netty/netty-handler/4.1.30.Final/netty-handler-4.1.30.Final.jar:/home/user/.m2/repository/io/netty/netty-handler-proxy/4.1.30.Final/netty-handler-proxy-4.1.30.Final.jar:/home/user/.m2/repository/io/netty/netty-codec-socks/4.1.30.Final/netty-codec-socks-4.1.30.Final.jar:/home/user/.m2/repository/io/netty/netty-transport-native-epoll/4.1.30.Final/netty-transport-native-epoll-4.1.30.Final.jar:/home/user/.m2/repository/io/netty/netty-common/4.1.30.Final/netty-common-4.1.30.Final.jar:/home/user/.m2/repository/io/netty/netty-buffer/4.1.30.Final/netty-buffer-4.1.30.Final.jar:/home/user/.m2/repository/io/netty/netty-transport/4.1.30.Final/netty-transport-4.1.30.Final.jar:/home/user/.m2/repository/io/netty/netty-resolver/4.1.30.Final/netty-resolver-4.1.30.Final.jar:/home/user/.m2/repository/io/netty/netty-transport-native-unix-common/4.1.30.Final/netty-transport-native-unix-common-4.1.30.Final.jar:/home/user/.m2/repository/io/grpc/grpc-protobuf/1.17.1/grpc-protobuf-1.17.1.jar:/home/user/.m2/repository/com/google/api/grpc/proto-google-common-protos/1.0.0/proto-google-common-protos-1.0.0.jar:/home/user/.m2/repository/io/grpc/grpc-protobuf-lite/1.17.1/grpc-protobuf-lite-1.17.1.jar:/home/user/.m2/repository/io/grpc/grpc-stub/1.17.1/grpc-stub-1.17.1.jar:/home/user/.m2/repository/org/apache/hadoop/hadoop-ozone-recon/0.5.0-SNAPSHOT/hadoop-ozone-recon-0.5.0-SNAPSHOT.jar:/home/user/.m2/repository/org/apache/hadoop/hadoop-ozone-reconcodegen/0.5.0-SNAPSHOT/hadoop-ozone-reconcodegen-0.5.0-SNAPSHOT.jar:/home/user/.m2/repository/com/google/inject/extensions/guice-multibindings/4.0/guice-multibindings-4.0.jar:/home/user/.m2/repository/com/google/inject/guice/4.0/guice-4.0.jar:/home/user/.m2/repository/aopalliance/aopalliance/1.0/aopalliance-1.0.jar:/home/user/.m2/repository/com/google/inject/extensions/guice-servlet/4.0/guice-servlet-4.0.jar:/home/user/.m2/repository/org/glassfish/jersey/containers/jersey-container-servlet/2.27/jersey-container-servlet-2.27.jar:/home/user/.m2/repository/org/glassfish/hk2/guice-bridge/2.5.0/guice-bridge-2.5.0.jar:/home/user/.m2/repository/org/glassfish/jersey/core/jersey-server/2.27/jersey-server-2.27.jar:/home/user/.m2/repository/org/glassfish/jersey/core/jersey-client/2.27/jersey-client-2.27.jar:/home/user/.m2/repository/org/glassfish/jersey/media/jersey-media-jaxb/2.27/jersey-media-jaxb-2.27.jar:/home/user/.m2/repository/javax/validation/validation-api/1.1.0.Final/validation-api-1.1.0.Final.jar:/home/user/.m2/repository/org/glassfish/jersey/media/jersey-media-json-jackson/2.27/jersey-media-json-jackson-2.27.jar:/home/user/.m2/repository/org/glassfish/jersey/ext/jersey-entity-filtering/2.27/jersey-entity-filtering-2.27.jar:/home/user/.m2/repository/com/google/inject/extensions/guice-assistedinject/4.0/guice-assistedinject-4.0.jar:/home/user/.m2/repository/org/jooq/jooq/3.11.10/jooq-3.11.10.jar:/home/user/.m2/repository/org/jooq/jooq-meta/3.11.10/jooq-meta-3.11.10.jar:/home/user/.m2/repository/org/jooq/jooq-codegen/3.11.10/jooq-codegen-3.11.10.jar:/home/user/.m2/repository/com/jolbox/bonecp/0.8.0.RELEASE/bonecp-0.8.0.RELEASE.jar:/home/user/.m2/repository/org/xerial/sqlite-jdbc/3.25.2/sqlite-jdbc-3.25.2.jar:/home/user/.m2/repository/org/springframework/spring-jdbc/5.1.3.RELEASE/spring-jdbc-5.1.3.RELEASE.jar:/home/user/.m2/repository/org/springframework/spring-beans/5.1.3.RELEASE/spring-beans-5.1.3.RELEASE.jar:/home/user/.m2/repository/org/springframework/spring-core/5.1.3.RELEASE/spring-core-5.1.3.RELEASE.jar:/home/user/.m2/repository/org/springframework/spring-jcl/5.1.3.RELEASE/spring-jcl-5.1.3.RELEASE.jar:/home/user/.m2/repository/org/springframework/spring-tx/5.1.3.RELEASE/spring-tx-5.1.3.RELEASE.jar:/home/user/.m2/repository/org/apache/hadoop/hadoop-ozone-client/0.5.0-SNAPSHOT/hadoop-ozone-client-0.5.0-SNAPSHOT.jar:/home/user/.m2/repository/commons-lang/commons-lang/2.6/commons-lang-2.6.jar:/home/user/.m2/repository/org/apache/hadoop/hadoop-ozone-ozone-manager/0.5.0-SNAPSHOT/hadoop-ozone-ozone-manager-0.5.0-SNAPSHOT-tests.jar:/home/user/.m2/repository/junit/junit/4.11/junit-4.11.jar:/home/user/.m2/repository/org/hamcrest/hamcrest-core/1.3/hamcrest-core-1.3.jar:/home/user/.m2/repository/org/openjdk/jmh/jmh-core/1.19/jmh-core-1.19.jar:/home/user/.m2/repository/net/sf/jopt-simple/jopt-simple/4.6/jopt-simple-4.6.jar:/home/user/.m2/repository/org/apache/commons/commons-math3/3.1.1/commons-math3-3.1.1.jar:/home/user/.m2/repository/org/openjdk/jmh/jmh-generator-annprocess/1.19/jmh-generator-annprocess-1.19.jar:/home/user/.m2/repository/org/mockito/mockito-all/1.8.5/mockito-all-1.8.5.jar:/home/user/.m2/repository/org/apache/hadoop/hadoop-kms/3.2.0/hadoop-kms-3.2.0.jar:/home/user/.m2/repository/org/apache/hadoop/hadoop-auth/3.2.0/hadoop-auth-3.2.0.jar:/home/user/.m2/repository/com/nimbusds/nimbus-jose-jwt/4.41.1/nimbus-jose-jwt-4.41.1.jar:/home/user/.m2/repository/com/github/stephenc/jcip/jcip-annotations/1.0-1/jcip-annotations-1.0-1.jar:/home/user/.m2/repository/net/minidev/json-smart/2.3/json-smart-2.3.jar:/home/user/.m2/repository/net/minidev/accessors-smart/1.2/accessors-smart-1.2.jar:/home/user/.m2/repository/org/ow2/asm/asm/5.0.4/asm-5.0.4.jar:/home/user/.m2/repository/org/apache/curator/curator-framework/2.12.0/curator-framework-2.12.0.jar:/home/user/.m2/repository/com/sun/jersey/jersey-core/1.19/jersey-core-1.19.jar:/home/user/.m2/repository/javax/ws/rs/jsr311-api/1.1.1/jsr311-api-1.1.1.jar:/home/user/.m2/repository/com/sun/jersey/jersey-server/1.19/jersey-server-1.19.jar:/home/user/.m2/repository/javax/servlet/javax.servlet-api/3.1.0/javax.servlet-api-3.1.0.jar:/home/user/.m2/repository/org/eclipse/jetty/jetty-server/9.3.25.v20180904/jetty-server-9.3.25.v20180904.jar:/home/user/.m2/repository/org/eclipse/jetty/jetty-http/9.3.25.v20180904/jetty-http-9.3.25.v20180904.jar:/home/user/.m2/repository/org/eclipse/jetty/jetty-io/9.3.25.v20180904/jetty-io-9.3.25.v20180904.jar:/home/user/.m2/repository/org/eclipse/jetty/jetty-webapp/9.3.25.v20180904/jetty-webapp-9.3.25.v20180904.jar:/home/user/.m2/repository/org/eclipse/jetty/jetty-xml/9.3.25.v20180904/jetty-xml-9.3.25.v20180904.jar:/home/user/.m2/repository/log4j/log4j/1.2.17/log4j-1.2.17.jar:/home/user/.m2/repository/org/slf4j/slf4j-api/1.7.25/slf4j-api-1.7.25.jar:/home/user/.m2/repository/org/slf4j/jul-to-slf4j/1.7.25/jul-to-slf4j-1.7.25.jar:/home/user/.m2/repository/org/eclipse/jetty/jetty-util/9.3.25.v20180904/jetty-util-9.3.25.v20180904.jar:/home/user/.m2/repository/com/fasterxml/jackson/core/jackson-databind/2.9.9/jackson-databind-2.9.9.jar:/home/user/.m2/repository/org/apache/hadoop/hadoop-kms/3.2.0/hadoop-kms-3.2.0-tests.jar:/home/user/.m2/repository/org/apache/hadoop/hadoop-hdds-server-scm/0.5.0-SNAPSHOT/hadoop-hdds-server-scm-0.5.0-SNAPSHOT-tests.jar:/home/user/.m2/repository/org/apache/hadoop/hadoop-hdds-container-service/0.5.0-SNAPSHOT/hadoop-hdds-container-service-0.5.0-SNAPSHOT-tests.jar:/home/user/.m2/repository/org/yaml/snakeyaml/1.16/snakeyaml-1.16.jar:/home/user/.m2/repository/org/apache/hadoop/hadoop-common/3.2.0/hadoop-common-3.2.0-tests.jar:/home/user/.m2/repository/org/apache/hadoop/hadoop-annotations/3.2.0/hadoop-annotations-3.2.0.jar:/usr/lib/jvm/java-1.8-openjdk/jre/../lib/tools.jar:/home/user/.m2/repository/commons-cli/commons-cli/1.2/commons-cli-1.2.jar:/home/user/.m2/repository/org/apache/httpcomponents/httpclient/4.5.2/httpclient-4.5.2.jar:/home/user/.m2/repository/org/apache/httpcomponents/httpcore/4.4.4/httpcore-4.4.4.jar:/home/user/.m2/repository/commons-codec/commons-codec/1.11/commons-codec-1.11.jar:/home/user/.m2/repository/commons-net/commons-net/3.6/commons-net-3.6.jar:/home/user/.m2/repository/commons-collections/commons-collections/3.2.2/commons-collections-3.2.2.jar:/home/user/.m2/repository/org/eclipse/jetty/jetty-servlet/9.3.25.v20180904/jetty-servlet-9.3.25.v20180904.jar:/home/user/.m2/repository/org/eclipse/jetty/jetty-security/9.3.25.v20180904/jetty-security-9.3.25.v20180904.jar:/home/user/.m2/repository/javax/servlet/jsp/jsp-api/2.1/jsp-api-2.1.jar:/home/user/.m2/repository/com/sun/jersey/jersey-servlet/1.19/jersey-servlet-1.19.jar:/home/user/.m2/repository/com/sun/jersey/jersey-json/1.19/jersey-json-1.19.jar:/home/user/.m2/repository/org/codehaus/jettison/jettison/1.1/jettison-1.1.jar:/home/user/.m2/repository/org/codehaus/jackson/jackson-core-asl/1.9.13/jackson-core-asl-1.9.13.jar:/home/user/.m2/repository/org/codehaus/jackson/jackson-mapper-asl/1.9.13/jackson-mapper-asl-1.9.13.jar:/home/user/.m2/repository/org/codehaus/jackson/jackson-jaxrs/1.9.13/jackson-jaxrs-1.9.13.jar:/home/user/.m2/repository/org/codehaus/jackson/jackson-xc/1.9.13/jackson-xc-1.9.13.jar:/home/user/.m2/repository/commons-logging/commons-logging/1.1.3/commons-logging-1.1.3.jar:/home/user/.m2/repository/commons-beanutils/commons-beanutils/1.9.4/commons-beanutils-1.9.4.jar:/home/user/.m2/repository/org/apache/commons/commons-configuration2/2.1.1/commons-configuration2-2.1.1.jar:/home/user/.m2/repository/org/apache/commons/commons-lang3/3.7/commons-lang3-3.7.jar:/home/user/.m2/repository/org/apache/commons/commons-text/1.4/commons-text-1.4.jar:/home/user/.m2/repository/org/apache/avro/avro/1.7.7/avro-1.7.7.jar:/home/user/.m2/repository/com/thoughtworks/paranamer/paranamer/2.3/paranamer-2.3.jar:/home/user/.m2/repository/org/xerial/snappy/snappy-java/1.0.5/snappy-java-1.0.5.jar:/home/user/.m2/repository/com/google/re2j/re2j/1.1/re2j-1.1.jar:/home/user/.m2/repository/com/google/code/gson/gson/2.2.4/gson-2.2.4.jar:/home/user/.m2/repository/com/jcraft/jsch/0.1.54/jsch-0.1.54.jar:/home/user/.m2/repository/org/apache/curator/curator-client/2.12.0/curator-client-2.12.0.jar:/home/user/.m2/repository/org/apache/curator/curator-recipes/2.12.0/curator-recipes-2.12.0.jar:/home/user/.m2/repository/com/google/code/findbugs/jsr305/3.0.0/jsr305-3.0.0.jar:/home/user/.m2/repository/org/apache/htrace/htrace-core4/4.1.0-incubating/htrace-core4-4.1.0-incubating.jar:/home/user/.m2/repository/org/apache/zookeeper/zookeeper/3.4.13/zookeeper-3.4.13.jar:/home/user/.m2/repository/jline/jline/0.9.94/jline-0.9.94.jar:/home/user/.m2/repository/org/apache/yetus/audience-annotations/0.5.0/audience-annotations-0.5.0.jar:/home/user/.m2/repository/org/codehaus/woodstox/stax2-api/3.1.4/stax2-api-3.1.4.jar:/home/user/.m2/repository/com/fasterxml/woodstox/woodstox-core/5.0.3/woodstox-core-5.0.3.jar:/home/user/.m2/repository/dnsjava/dnsjava/2.1.7/dnsjava-2.1.7.jar:/home/user/.m2/repository/org/apache/hadoop/hadoop-hdfs/3.2.0/hadoop-hdfs-3.2.0-tests.jar:/home/user/.m2/repository/org/eclipse/jetty/jetty-util-ajax/9.3.25.v20180904/jetty-util-ajax-9.3.25.v20180904.jar:/home/user/.m2/repository/commons-daemon/commons-daemon/1.0.13/commons-daemon-1.0.13.jar:/home/user/.m2/repository/io/netty/netty/3.10.5.Final/netty-3.10.5.Final.jar:/home/user/.m2/repository/io/netty/netty-all/4.0.52.Final/netty-all-4.0.52.Final.jar:/home/user/.m2/repository/org/fusesource/leveldbjni/leveldbjni-all/1.8/leveldbjni-all-1.8.jar:"/>
    <property name="sun.cpu.endian" value="little"/>
    <property name="user.home" value="/home/user"/>
    <property name="user.language" value="en"/>
    <property name="java.specification.vendor" value="Oracle Corporation"/>
    <property name="java.home" value="/usr/lib/jvm/java-1.8-openjdk/jre"/>
    <property name="java.security.krb5.conf" value="/workdir/hadoop-ozone/integration-test/target/test-classes/krb5.conf"/>
    <property name="basedir" value="/workdir/hadoop-ozone/integration-test"/>
    <property name="file.separator" value="/"/>
    <property name="line.separator" value="&#10;"/>
    <property name="java.vm.specification.vendor" value="Oracle Corporation"/>
    <property name="java.specification.name" value="Java Platform API Specification"/>
    <property name="java.awt.graphicsenv" value="sun.awt.X11GraphicsEnvironment"/>
    <property name="surefire.real.class.path" value="/workdir/hadoop-ozone/integration-test/target/surefire/surefirebooter4774821624368063930.jar"/>
    <property name="hadoop.log.dir" value="/workdir/hadoop-ozone/integration-test/target/log"/>
    <property name="sun.boot.class.path" value="/usr/lib/jvm/java-1.8-openjdk/jre/lib/resources.jar:/usr/lib/jvm/java-1.8-openjdk/jre/lib/rt.jar:/usr/lib/jvm/java-1.8-openjdk/jre/lib/sunrsasign.jar:/usr/lib/jvm/java-1.8-openjdk/jre/lib/jsse.jar:/usr/lib/jvm/java-1.8-openjdk/jre/lib/jce.jar:/usr/lib/jvm/java-1.8-openjdk/jre/lib/charsets.jar:/usr/lib/jvm/java-1.8-openjdk/jre/lib/jfr.jar:/usr/lib/jvm/java-1.8-openjdk/jre/classes"/>
    <property name="sun.management.compiler" value="HotSpot 64-Bit Tiered Compilers"/>
    <property name="java.runtime.version" value="1.8.0_212-b04"/>
    <property name="java.net.preferIPv4Stack" value="true"/>
    <property name="user.name" value="jenkins1000"/>
    <property name="path.separator" value=":"/>
    <property name="java.security.egd" value="file:///dev/urandom"/>
    <property name="os.version" value="3.10.0-957.12.2.el7.x86_64"/>
    <property name="java.endorsed.dirs" value="/usr/lib/jvm/java-1.8-openjdk/jre/lib/endorsed"/>
    <property name="java.runtime.name" value="OpenJDK Runtime Environment"/>
    <property name="file.encoding" value="UTF-8"/>
    <property name="java.vm.name" value="OpenJDK 64-Bit Server VM"/>
    <property name="test.build.webapps" value=""/>
    <property name="localRepository" value="/home/user/.m2/repository"/>
    <property name="java.vendor.url.bug" value="https://icedtea.classpath.org/bugzilla"/>
    <property name="java.io.tmpdir" value="/tmp"/>
    <property name="require.test.libhadoop" value=""/>
    <property name="java.version" value="1.8.0_212"/>
    <property name="user.dir" value="/workdir/hadoop-ozone/integration-test"/>
    <property name="os.arch" value="amd64"/>
    <property name="java.vm.specification.name" value="Java Virtual Machine Specification"/>
    <property name="test.build.classes" value="/workdir/hadoop-ozone/integration-test/target/test-classes"/>
    <property name="java.awt.printerjob" value="sun.print.PSPrinterJob"/>
    <property name="sun.os.patch.level" value="unknown"/>
    <property name="hadoop.tmp.dir" value="/workdir/hadoop-ozone/integration-test/target/tmp"/>
    <property name="java.library.path" value="/usr/lib/jvm/java-1.8-openjdk/jre/lib/amd64/server:/usr/lib/jvm/java-1.8-openjdk/jre/lib/amd64:/usr/lib/jvm/java-1.8-openjdk/jre/../lib/amd64:/workdir/hadoop-ozone/integration-test/target/native/target/usr/local/lib:/workdir/hadoop-ozone/integration-test/../../hadoop-common-project/hadoop-common/target/native/target/usr/local/lib:/usr/java/packages/lib/amd64:/usr/lib64:/lib64:/lib:/usr/lib"/>
    <property name="java.vm.info" value="mixed mode"/>
    <property name="java.vendor" value="IcedTea"/>
    <property name="java.vm.version" value="25.212-b04"/>
    <property name="java.ext.dirs" value="/usr/lib/jvm/java-1.8-openjdk/jre/lib/ext:/usr/java/packages/lib/ext"/>
    <property name="sun.io.unicode.encoding" value="UnicodeLittle"/>
    <property name="java.class.version" value="52.0"/>
  </properties>
  <testcase name="testGetCommittedBlockLengthForInvalidBlock" classname="org.apache.hadoop.ozone.scm.TestGetCommittedBlockLengthAndPutKey" time="8.302"/>
  <testcase name="tesGetCommittedBlockLength" classname="org.apache.hadoop.ozone.scm.TestGetCommittedBlockLengthAndPutKey" time="16.237"/>
  <testcase name="tesPutKeyResposne" classname="org.apache.hadoop.ozone.scm.TestGetCommittedBlockLengthAndPutKey" time="193.248">
    <error message="Failed to command cmdType: CreateContainer&#10;containerID: 3&#10;datanodeUuid: &quot;8a411a4f-0e32-4dd1-80b9-a797c2117425&quot;&#10;createContainer {&#10;  containerType: KeyValueContainer&#10;}&#10;" type="java.io.IOException">java.io.IOException: 
Failed to command cmdType: CreateContainer
containerID: 3
datanodeUuid: "8a411a4f-0e32-4dd1-80b9-a797c2117425"
createContainer {
  containerType: KeyValueContainer
}

	at org.apache.hadoop.hdds.scm.XceiverClientSpi.sendCommand(XceiverClientSpi.java:137)
	at org.apache.hadoop.hdds.scm.storage.ContainerProtocolCalls.createContainer(ContainerProtocolCalls.java:398)
	at org.apache.hadoop.ozone.scm.TestGetCommittedBlockLengthAndPutKey.tesPutKeyResposne(TestGetCommittedBlockLengthAndPutKey.java:149)
	at sun.reflect.NativeMethodAccessorImpl.invoke0(Native Method)
	at sun.reflect.NativeMethodAccessorImpl.invoke(NativeMethodAccessorImpl.java:62)
	at sun.reflect.DelegatingMethodAccessorImpl.invoke(DelegatingMethodAccessorImpl.java:43)
	at java.lang.reflect.Method.invoke(Method.java:498)
	at org.junit.runners.model.FrameworkMethod$1.runReflectiveCall(FrameworkMethod.java:47)
	at org.junit.internal.runners.model.ReflectiveCallable.run(ReflectiveCallable.java:12)
	at org.junit.runners.model.FrameworkMethod.invokeExplosively(FrameworkMethod.java:44)
	at org.junit.internal.runners.statements.InvokeMethod.evaluate(InvokeMethod.java:17)
	at org.junit.runners.ParentRunner.runLeaf(ParentRunner.java:271)
	at org.junit.runners.BlockJUnit4ClassRunner.runChild(BlockJUnit4ClassRunner.java:70)
	at org.junit.runners.BlockJUnit4ClassRunner.runChild(BlockJUnit4ClassRunner.java:50)
	at org.junit.runners.ParentRunner$3.run(ParentRunner.java:238)
	at org.junit.runners.ParentRunner$1.schedule(ParentRunner.java:63)
	at org.junit.runners.ParentRunner.runChildren(ParentRunner.java:236)
	at org.junit.runners.ParentRunner.access$000(ParentRunner.java:53)
	at org.junit.runners.ParentRunner$2.evaluate(ParentRunner.java:229)
	at org.junit.internal.runners.statements.RunBefores.evaluate(RunBefores.java:26)
	at org.junit.internal.runners.statements.RunAfters.evaluate(RunAfters.java:27)
	at org.junit.runners.ParentRunner.run(ParentRunner.java:309)
	at org.apache.maven.surefire.junit4.JUnit4Provider.execute(JUnit4Provider.java:365)
	at org.apache.maven.surefire.junit4.JUnit4Provider.executeWithRerun(JUnit4Provider.java:273)
	at org.apache.maven.surefire.junit4.JUnit4Provider.executeTestSet(JUnit4Provider.java:238)
	at org.apache.maven.surefire.junit4.JUnit4Provider.invoke(JUnit4Provider.java:159)
	at org.apache.maven.surefire.booter.ForkedBooter.invokeProviderInSameClassLoader(ForkedBooter.java:384)
	at org.apache.maven.surefire.booter.ForkedBooter.runSuitesInProcess(ForkedBooter.java:345)
	at org.apache.maven.surefire.booter.ForkedBooter.execute(ForkedBooter.java:126)
	at org.apache.maven.surefire.booter.ForkedBooter.main(ForkedBooter.java:418)
Caused by: java.util.concurrent.ExecutionException: org.apache.ratis.protocol.RaftRetryFailureException: Failed RaftClientRequest:client-4BCF7F9695B8->8a411a4f-0e32-4dd1-80b9-a797c2117425@group-A8E667162957, cid=148, seq=1*, RW, org.apache.hadoop.hdds.scm.XceiverClientRatis$$Lambda$404/1287875609@7b18db54 for 180 attempts with RetryLimited(maxAttempts=180, sleepTime=1000ms)
	at java.util.concurrent.CompletableFuture.reportGet(CompletableFuture.java:357)
	at java.util.concurrent.CompletableFuture.get(CompletableFuture.java:1895)
	at org.apache.hadoop.hdds.scm.XceiverClientSpi.sendCommand(XceiverClientSpi.java:131)
	... 29 more
Caused by: org.apache.ratis.protocol.RaftRetryFailureException: Failed RaftClientRequest:client-4BCF7F9695B8->8a411a4f-0e32-4dd1-80b9-a797c2117425@group-A8E667162957, cid=148, seq=1*, RW, org.apache.hadoop.hdds.scm.XceiverClientRatis$$Lambda$404/1287875609@7b18db54 for 180 attempts with RetryLimited(maxAttempts=180, sleepTime=1000ms)
	at org.apache.ratis.client.impl.RaftClientImpl.noMoreRetries(RaftClientImpl.java:271)
	at org.apache.ratis.client.impl.OrderedAsync.handleAsyncRetryFailure(OrderedAsync.java:138)
	at org.apache.ratis.client.impl.OrderedAsync.lambda$sendRequest$10(OrderedAsync.java:230)
	at java.util.concurrent.CompletableFuture.uniExceptionally(CompletableFuture.java:870)
	at java.util.concurrent.CompletableFuture.uniExceptionallyStage(CompletableFuture.java:884)
	at java.util.concurrent.CompletableFuture.exceptionally(CompletableFuture.java:2196)
	at org.apache.ratis.client.impl.OrderedAsync.sendRequest(OrderedAsync.java:221)
	at org.apache.ratis.client.impl.OrderedAsync.sendRequestWithRetry(OrderedAsync.java:169)
	at org.apache.ratis.util.SlidingWindow$Client.sendOrDelayRequest(SlidingWindow.java:278)
	at org.apache.ratis.util.SlidingWindow$Client.retry(SlidingWindow.java:294)
	at org.apache.ratis.client.impl.OrderedAsync.lambda$scheduleWithTimeout$7(OrderedAsync.java:195)
	at org.apache.ratis.util.TimeoutScheduler.lambda$onTimeout$0(TimeoutScheduler.java:113)
	at org.apache.ratis.util.TimeoutScheduler.lambda$onTimeout$1(TimeoutScheduler.java:133)
	at org.apache.ratis.util.LogUtils.runAndLog(LogUtils.java:50)
	at org.apache.ratis.util.LogUtils$1.run(LogUtils.java:91)
	at java.util.concurrent.Executors$RunnableAdapter.call(Executors.java:511)
	at java.util.concurrent.FutureTask.run(FutureTask.java:266)
	at java.util.concurrent.ScheduledThreadPoolExecutor$ScheduledFutureTask.access$201(ScheduledThreadPoolExecutor.java:180)
	at java.util.concurrent.ScheduledThreadPoolExecutor$ScheduledFutureTask.run(ScheduledThreadPoolExecutor.java:293)
	at java.util.concurrent.ThreadPoolExecutor.runWorker(ThreadPoolExecutor.java:1149)
	at java.util.concurrent.ThreadPoolExecutor$Worker.run(ThreadPoolExecutor.java:624)
	at java.lang.Thread.run(Thread.java:748)
Caused by: org.apache.ratis.protocol.AlreadyClosedException: client-4BCF7F9695B8->8a411a4f-0e32-4dd1-80b9-a797c2117425 is closed.
	at org.apache.ratis.grpc.client.GrpcClientProtocolClient$AsyncStreamObservers.onNext(GrpcClientProtocolClient.java:301)
	at org.apache.ratis.grpc.client.GrpcClientRpc.sendRequestAsync(GrpcClientRpc.java:68)
	at org.apache.ratis.client.impl.OrderedAsync.sendRequest(OrderedAsync.java:208)
	... 15 more
</error>
    <system-out><![CDATA[2019-09-26 15:06:37,498 [grpc-default-executor-0] INFO  impl.RaftServerProxy (RaftServerProxy.java:addNew(89)) - 8a411a4f-0e32-4dd1-80b9-a797c2117425: addNew group-A8E667162957:[8a411a4f-0e32-4dd1-80b9-a797c2117425:192.168.151.99:37125] returns group-A8E667162957:java.util.concurrent.CompletableFuture@12d4504b[Not completed]
2019-09-26 15:06:37,499 [pool-27-thread-1] INFO  impl.RaftServerImpl (RaftServerImpl.java:<init>(95)) - 8a411a4f-0e32-4dd1-80b9-a797c2117425: new RaftServerImpl for group-A8E667162957:[8a411a4f-0e32-4dd1-80b9-a797c2117425:192.168.151.99:37125] with ContainerStateMachine:uninitialized
2019-09-26 15:06:37,499 [pool-27-thread-1] INFO  server.RaftServerConfigKeys (ConfUtils.java:logGet(43)) - raft.server.rpc.timeout.min = 5s (custom)
2019-09-26 15:06:37,499 [pool-27-thread-1] INFO  server.RaftServerConfigKeys (ConfUtils.java:logGet(43)) - raft.server.rpc.timeout.max = 5200ms (custom)
2019-09-26 15:06:37,499 [pool-27-thread-1] INFO  server.RaftServerConfigKeys (ConfUtils.java:logGet(43)) - raft.server.rpcslowness.timeout = 120s (custom)
2019-09-26 15:06:37,499 [pool-27-thread-1] INFO  server.RaftServerConfigKeys (ConfUtils.java:logGet(43)) - raft.server.sleep.deviation.threshold = 300 (default)
2019-09-26 15:06:37,499 [pool-27-thread-1] INFO  server.RaftServerConfigKeys (ConfUtils.java:logGet(43)) - raft.server.log.appender.install.snapshot.enabled = false (custom)
2019-09-26 15:06:37,499 [pool-27-thread-1] INFO  impl.RaftServerImpl (ServerState.java:<init>(103)) - 8a411a4f-0e32-4dd1-80b9-a797c2117425@group-A8E667162957: ConfigurationManager, init=-1: [8a411a4f-0e32-4dd1-80b9-a797c2117425:192.168.151.99:37125], old=null, confs=<EMPTY_MAP>
2019-09-26 15:06:37,500 [pool-27-thread-1] INFO  server.RaftServerConfigKeys (ConfUtils.java:logGet(43)) - raft.server.storage.dir = [/workdir/hadoop-ozone/integration-test/target/test-dir/MiniOzoneClusterImpl-646ad58d-3cd3-4092-ab15-506251c55e5b/datanode-0/data/ratis] (custom)
2019-09-26 15:06:37,500 [pool-27-thread-1] INFO  storage.RaftStorageDirectory (RaftStorageDirectory.java:analyzeStorage(246)) - The storage directory /workdir/hadoop-ozone/integration-test/target/test-dir/MiniOzoneClusterImpl-646ad58d-3cd3-4092-ab15-506251c55e5b/datanode-0/data/ratis/f991081b-9935-4d66-afa8-a8e667162957 does not exist. Creating ...
2019-09-26 15:06:37,513 [pool-27-thread-1] INFO  storage.RaftStorageDirectory (RaftStorageDirectory.java:tryLock(328)) - Lock on /workdir/hadoop-ozone/integration-test/target/test-dir/MiniOzoneClusterImpl-646ad58d-3cd3-4092-ab15-506251c55e5b/datanode-0/data/ratis/f991081b-9935-4d66-afa8-a8e667162957/in_use.lock acquired by nodename 7157@pr-hdds-1569-g6sp5-2013761785
2019-09-26 15:06:37,526 [pool-27-thread-1] INFO  storage.RaftStorage (RaftStorage.java:format(72)) - Storage directory /workdir/hadoop-ozone/integration-test/target/test-dir/MiniOzoneClusterImpl-646ad58d-3cd3-4092-ab15-506251c55e5b/datanode-0/data/ratis/f991081b-9935-4d66-afa8-a8e667162957 has been successfully formatted.
2019-09-26 15:06:37,526 [pool-27-thread-1] INFO  ratis.ContainerStateMachine (ContainerStateMachine.java:loadSnapshot(230)) - group-A8E667162957: The snapshot info is null. Setting the last applied indexto:(t:0, i:~)
2019-09-26 15:06:37,526 [pool-27-thread-1] INFO  server.RaftServerConfigKeys (ConfUtils.java:logGet(43)) - raft.server.notification.no-leader.timeout = 120s (custom)
2019-09-26 15:06:37,526 [pool-27-thread-1] INFO  server.RaftServerConfigKeys (ConfUtils.java:logGet(43)) - raft.server.log.use.memory = false (default)
2019-09-26 15:06:37,526 [pool-27-thread-1] INFO  server.RaftServerConfigKeys (ConfUtils.java:logGet(43)) - raft.server.log.purge.gap = 1000000 (custom)
2019-09-26 15:06:37,526 [pool-27-thread-1] INFO  server.RaftServerConfigKeys (ConfUtils.java:logGet(43)) - raft.server.log.appender.buffer.byte-limit = 33554432 (custom)
2019-09-26 15:06:37,526 [pool-27-thread-1] INFO  server.RaftServerConfigKeys (ConfUtils.java:logGet(43)) - raft.server.log.segment.size.max = 1048576 (custom)
2019-09-26 15:06:37,526 [pool-27-thread-1] INFO  server.RaftServerConfigKeys (ConfUtils.java:logGet(43)) - raft.server.log.segment.cache.num.max = 2 (custom)
2019-09-26 15:06:37,527 [pool-27-thread-1] INFO  segmented.SegmentedRaftLogWorker (SegmentedRaftLogWorker.java:<init>(172)) - new 8a411a4f-0e32-4dd1-80b9-a797c2117425@group-A8E667162957-SegmentedRaftLogWorker for RaftStorage:Storage Directory /workdir/hadoop-ozone/integration-test/target/test-dir/MiniOzoneClusterImpl-646ad58d-3cd3-4092-ab15-506251c55e5b/datanode-0/data/ratis/f991081b-9935-4d66-afa8-a8e667162957
2019-09-26 15:06:37,527 [pool-27-thread-1] INFO  server.RaftServerConfigKeys (ConfUtils.java:logGet(43)) - raft.server.log.queue.byte-limit = 2147483647 (custom)
2019-09-26 15:06:37,527 [pool-27-thread-1] INFO  server.RaftServerConfigKeys (ConfUtils.java:logGet(43)) - raft.server.log.queue.element-limit = 1024 (custom)
2019-09-26 15:06:37,527 [pool-27-thread-1] INFO  server.RaftServerConfigKeys (ConfUtils.java:logGet(43)) - raft.server.log.segment.size.max = 1048576 (custom)
2019-09-26 15:06:37,527 [pool-27-thread-1] INFO  server.RaftServerConfigKeys (ConfUtils.java:logGet(43)) - raft.server.log.preallocated.size = 16384 (custom)
2019-09-26 15:06:37,527 [pool-27-thread-1] INFO  server.RaftServerConfigKeys (ConfUtils.java:logGet(43)) - raft.server.log.write.buffer.size = 33554432 (custom)
2019-09-26 15:06:37,527 [pool-27-thread-1] INFO  server.RaftServerConfigKeys (ConfUtils.java:logGet(43)) - raft.server.log.force.sync.num = 128 (default)
2019-09-26 15:06:37,527 [pool-27-thread-1] INFO  server.RaftServerConfigKeys (ConfUtils.java:logGet(43)) - raft.server.log.statemachine.data.sync = true (default)
2019-09-26 15:06:37,527 [pool-27-thread-1] INFO  server.RaftServerConfigKeys (ConfUtils.java:logGet(43)) - raft.server.log.statemachine.data.sync.timeout = 10s (default)
2019-09-26 15:06:37,527 [pool-27-thread-1] INFO  server.RaftServerConfigKeys (ConfUtils.java:logGet(43)) - raft.server.log.statemachine.data.sync.timeout.retry = -1 (default)
2019-09-26 15:06:37,528 [pool-27-thread-1] INFO  server.RaftServerConfigKeys (ConfUtils.java:logGet(43)) - raft.server.log.statemachine.data.caching.enabled = true (custom)
2019-09-26 15:06:37,528 [pool-27-thread-1] INFO  segmented.SegmentedRaftLogWorker (SegmentedRaftLogWorker.java:lambda$new$0(132)) - 8a411a4f-0e32-4dd1-80b9-a797c2117425@group-A8E667162957-SegmentedRaftLogWorker: flushIndex: setUnconditionally 0 -> -1
2019-09-26 15:06:37,528 [pool-27-thread-1] INFO  server.RaftServerConfigKeys (ConfUtils.java:logGet(43)) - raft.server.snapshot.auto.trigger.enabled = true (custom)
2019-09-26 15:06:37,528 [pool-27-thread-1] INFO  server.RaftServerConfigKeys (ConfUtils.java:logGet(43)) - raft.server.snapshot.auto.trigger.threshold = 10000 (custom)
2019-09-26 15:06:37,528 [pool-27-thread-1] INFO  server.RaftServerConfigKeys (ConfUtils.java:logGet(43)) - raft.server.snapshot.retention.num.files = 5 (custom)
2019-09-26 15:06:37,528 [pool-27-thread-1] INFO  server.RaftServerConfigKeys (ConfUtils.java:logGet(43)) - raft.server.retrycache.expirytime = 600000ms (custom)
2019-09-26 15:06:37,530 [pool-27-thread-1] INFO  impl.RaftServerImpl (RaftServerImpl.java:start(185)) - 8a411a4f-0e32-4dd1-80b9-a797c2117425@group-A8E667162957: start as a follower, conf=-1: [8a411a4f-0e32-4dd1-80b9-a797c2117425:192.168.151.99:37125], old=null
2019-09-26 15:06:37,530 [pool-27-thread-1] INFO  impl.RaftServerImpl (RaftServerImpl.java:setRole(174)) - 8a411a4f-0e32-4dd1-80b9-a797c2117425@group-A8E667162957: changes role from      null to FOLLOWER at term 0 for startAsFollower
2019-09-26 15:06:37,530 [pool-27-thread-1] INFO  impl.RoleInfo (RoleInfo.java:updateAndGet(143)) - 8a411a4f-0e32-4dd1-80b9-a797c2117425: start FollowerState
2019-09-26 15:06:37,530 [pool-27-thread-1] INFO  util.JmxRegister (JmxRegister.java:tryRegister(44)) - Successfully registered JMX Bean with object name Ratis:service=RaftServer,group=group-A8E667162957,id=8a411a4f-0e32-4dd1-80b9-a797c2117425
2019-09-26 15:06:37,535 [IPC Server handler 8 on 35686] INFO  pipeline.PipelineStateManager (PipelineStateManager.java:addPipeline(56)) - Created pipeline Pipeline[ Id: f991081b-9935-4d66-afa8-a8e667162957, Nodes: 8a411a4f-0e32-4dd1-80b9-a797c2117425{ip: 192.168.151.99, host: pr-hdds-1569-g6sp5-2013761785, networkLocation: /default-rack, certSerialId: null}, Type:RATIS, Factor:ONE, State:OPEN]
2019-09-26 15:06:37,644 [8a411a4f-0e32-4dd1-80b9-a797c2117425@group-BD63FC9B2CBB-SegmentedRaftLogWorker] ERROR segmented.SegmentedRaftLogWorker (SegmentedRaftLogWorker.java:run(323)) - 8a411a4f-0e32-4dd1-80b9-a797c2117425@group-BD63FC9B2CBB-SegmentedRaftLogWorker hit exception
java.lang.OutOfMemoryError: Direct buffer memory
	at java.nio.Bits.reserveMemory(Bits.java:666)
	at java.nio.DirectByteBuffer.<init>(DirectByteBuffer.java:123)
	at java.nio.ByteBuffer.allocateDirect(ByteBuffer.java:311)
	at org.apache.ratis.server.raftlog.segmented.BufferedWriteChannel.<init>(BufferedWriteChannel.java:41)
	at org.apache.ratis.server.raftlog.segmented.SegmentedRaftLogOutputStream.<init>(SegmentedRaftLogOutputStream.java:72)
	at org.apache.ratis.server.raftlog.segmented.SegmentedRaftLogWorker$StartLogSegment.execute(SegmentedRaftLogWorker.java:566)
	at org.apache.ratis.server.raftlog.segmented.SegmentedRaftLogWorker.run(SegmentedRaftLogWorker.java:289)
	at java.lang.Thread.run(Thread.java:748)
2019-09-26 15:06:37,644 [8a411a4f-0e32-4dd1-80b9-a797c2117425@group-A4E4B66B9B8B-SegmentedRaftLogWorker] ERROR segmented.SegmentedRaftLogWorker (SegmentedRaftLogWorker.java:run(323)) - 8a411a4f-0e32-4dd1-80b9-a797c2117425@group-A4E4B66B9B8B-SegmentedRaftLogWorker hit exception
java.lang.OutOfMemoryError: Direct buffer memory
	at java.nio.Bits.reserveMemory(Bits.java:666)
	at java.nio.DirectByteBuffer.<init>(DirectByteBuffer.java:123)
	at java.nio.ByteBuffer.allocateDirect(ByteBuffer.java:311)
	at org.apache.ratis.server.raftlog.segmented.BufferedWriteChannel.<init>(BufferedWriteChannel.java:41)
	at org.apache.ratis.server.raftlog.segmented.SegmentedRaftLogOutputStream.<init>(SegmentedRaftLogOutputStream.java:72)
	at org.apache.ratis.server.raftlog.segmented.SegmentedRaftLogWorker$StartLogSegment.execute(SegmentedRaftLogWorker.java:566)
	at org.apache.ratis.server.raftlog.segmented.SegmentedRaftLogWorker.run(SegmentedRaftLogWorker.java:289)
	at java.lang.Thread.run(Thread.java:748)
2019-09-26 15:06:37,644 [8a411a4f-0e32-4dd1-80b9-a797c2117425@group-A4E4B66B9B8B-SegmentedRaftLogWorker] INFO  impl.RaftServerImpl (RaftServerImpl.java:lambda$shutdown$3(251)) - 8a411a4f-0e32-4dd1-80b9-a797c2117425@group-A4E4B66B9B8B: shutdown
2019-09-26 15:06:37,644 [8a411a4f-0e32-4dd1-80b9-a797c2117425@group-5E3FD63F7A89-SegmentedRaftLogWorker] ERROR segmented.SegmentedRaftLogWorker (SegmentedRaftLogWorker.java:run(323)) - 8a411a4f-0e32-4dd1-80b9-a797c2117425@group-5E3FD63F7A89-SegmentedRaftLogWorker hit exception
java.lang.OutOfMemoryError: Direct buffer memory
	at java.nio.Bits.reserveMemory(Bits.java:666)
	at java.nio.DirectByteBuffer.<init>(DirectByteBuffer.java:123)
	at java.nio.ByteBuffer.allocateDirect(ByteBuffer.java:311)
	at org.apache.ratis.server.raftlog.segmented.BufferedWriteChannel.<init>(BufferedWriteChannel.java:41)
	at org.apache.ratis.server.raftlog.segmented.SegmentedRaftLogOutputStream.<init>(SegmentedRaftLogOutputStream.java:72)
	at org.apache.ratis.server.raftlog.segmented.SegmentedRaftLogWorker$StartLogSegment.execute(SegmentedRaftLogWorker.java:566)
	at org.apache.ratis.server.raftlog.segmented.SegmentedRaftLogWorker.run(SegmentedRaftLogWorker.java:289)
	at java.lang.Thread.run(Thread.java:748)
2019-09-26 15:06:37,645 [8a411a4f-0e32-4dd1-80b9-a797c2117425@group-A4E4B66B9B8B-SegmentedRaftLogWorker] INFO  util.JmxRegister (JmxRegister.java:unregister(73)) - Successfully un-registered JMX Bean with object name Ratis:service=RaftServer,group=group-A4E4B66B9B8B,id=8a411a4f-0e32-4dd1-80b9-a797c2117425
2019-09-26 15:06:37,644 [8a411a4f-0e32-4dd1-80b9-a797c2117425@group-BD63FC9B2CBB-SegmentedRaftLogWorker] INFO  impl.RaftServerImpl (RaftServerImpl.java:lambda$shutdown$3(251)) - 8a411a4f-0e32-4dd1-80b9-a797c2117425@group-BD63FC9B2CBB: shutdown
2019-09-26 15:06:37,645 [8a411a4f-0e32-4dd1-80b9-a797c2117425@group-A4E4B66B9B8B-SegmentedRaftLogWorker] INFO  impl.RoleInfo (RoleInfo.java:shutdownLeaderState(104)) - 8a411a4f-0e32-4dd1-80b9-a797c2117425: shutdown LeaderState
2019-09-26 15:06:37,645 [8a411a4f-0e32-4dd1-80b9-a797c2117425@group-5E3FD63F7A89-SegmentedRaftLogWorker] INFO  impl.RaftServerImpl (RaftServerImpl.java:lambda$shutdown$3(251)) - 8a411a4f-0e32-4dd1-80b9-a797c2117425@group-5E3FD63F7A89: shutdown
2019-09-26 15:06:37,645 [8a411a4f-0e32-4dd1-80b9-a797c2117425@group-A4E4B66B9B8B-SegmentedRaftLogWorker] INFO  impl.PendingRequests (PendingRequests.java:sendNotLeaderResponses(202)) - 8a411a4f-0e32-4dd1-80b9-a797c2117425-PendingRequests: sendNotLeaderResponses
2019-09-26 15:06:37,645 [8a411a4f-0e32-4dd1-80b9-a797c2117425@group-BD63FC9B2CBB-SegmentedRaftLogWorker] INFO  util.JmxRegister (JmxRegister.java:unregister(73)) - Successfully un-registered JMX Bean with object name Ratis:service=RaftServer,group=group-BD63FC9B2CBB,id=8a411a4f-0e32-4dd1-80b9-a797c2117425
2019-09-26 15:06:37,645 [8a411a4f-0e32-4dd1-80b9-a797c2117425@group-5E3FD63F7A89-SegmentedRaftLogWorker] INFO  util.JmxRegister (JmxRegister.java:unregister(73)) - Successfully un-registered JMX Bean with object name Ratis:service=RaftServer,group=group-5E3FD63F7A89,id=8a411a4f-0e32-4dd1-80b9-a797c2117425
2019-09-26 15:06:37,645 [8a411a4f-0e32-4dd1-80b9-a797c2117425@group-A4E4B66B9B8B-SegmentedRaftLogWorker] INFO  impl.StateMachineUpdater (StateMachineUpdater.java:stopAndJoin(125)) - 8a411a4f-0e32-4dd1-80b9-a797c2117425@group-A4E4B66B9B8B-StateMachineUpdater: set stopIndex = -1
2019-09-26 15:06:37,645 [8a411a4f-0e32-4dd1-80b9-a797c2117425@group-BD63FC9B2CBB-SegmentedRaftLogWorker] INFO  impl.RoleInfo (RoleInfo.java:shutdownLeaderState(104)) - 8a411a4f-0e32-4dd1-80b9-a797c2117425: shutdown LeaderState
2019-09-26 15:06:37,646 [8a411a4f-0e32-4dd1-80b9-a797c2117425@group-A4E4B66B9B8B-SegmentedRaftLogWorker] INFO  impl.RaftServerImpl (ServerState.java:close(385)) - 8a411a4f-0e32-4dd1-80b9-a797c2117425@group-A4E4B66B9B8B: closes. applyIndex: -1
2019-09-26 15:06:37,645 [8a411a4f-0e32-4dd1-80b9-a797c2117425@group-5E3FD63F7A89-SegmentedRaftLogWorker] INFO  impl.RoleInfo (RoleInfo.java:shutdownLeaderState(104)) - 8a411a4f-0e32-4dd1-80b9-a797c2117425: shutdown LeaderState
2019-09-26 15:06:37,646 [8a411a4f-0e32-4dd1-80b9-a797c2117425@group-A4E4B66B9B8B-SegmentedRaftLogWorker] INFO  segmented.SegmentedRaftLogWorker (SegmentedRaftLogWorker.java:close(228)) - 8a411a4f-0e32-4dd1-80b9-a797c2117425@group-A4E4B66B9B8B-SegmentedRaftLogWorker close()
2019-09-26 15:06:37,646 [8a411a4f-0e32-4dd1-80b9-a797c2117425@group-BD63FC9B2CBB-SegmentedRaftLogWorker] INFO  impl.PendingRequests (PendingRequests.java:sendNotLeaderResponses(202)) - 8a411a4f-0e32-4dd1-80b9-a797c2117425-PendingRequests: sendNotLeaderResponses
2019-09-26 15:06:37,646 [8a411a4f-0e32-4dd1-80b9-a797c2117425@group-5E3FD63F7A89-SegmentedRaftLogWorker] INFO  impl.PendingRequests (PendingRequests.java:sendNotLeaderResponses(202)) - 8a411a4f-0e32-4dd1-80b9-a797c2117425-PendingRequests: sendNotLeaderResponses
2019-09-26 15:06:37,646 [8a411a4f-0e32-4dd1-80b9-a797c2117425@group-BD63FC9B2CBB-SegmentedRaftLogWorker] INFO  impl.StateMachineUpdater (StateMachineUpdater.java:stopAndJoin(125)) - 8a411a4f-0e32-4dd1-80b9-a797c2117425@group-BD63FC9B2CBB-StateMachineUpdater: set stopIndex = -1
2019-09-26 15:06:37,646 [8a411a4f-0e32-4dd1-80b9-a797c2117425@group-5E3FD63F7A89-SegmentedRaftLogWorker] INFO  impl.StateMachineUpdater (StateMachineUpdater.java:stopAndJoin(125)) - 8a411a4f-0e32-4dd1-80b9-a797c2117425@group-5E3FD63F7A89-StateMachineUpdater: set stopIndex = -1
2019-09-26 15:06:37,646 [8a411a4f-0e32-4dd1-80b9-a797c2117425@group-5E3FD63F7A89-SegmentedRaftLogWorker] INFO  impl.RaftServerImpl (ServerState.java:close(385)) - 8a411a4f-0e32-4dd1-80b9-a797c2117425@group-5E3FD63F7A89: closes. applyIndex: -1
2019-09-26 15:06:37,647 [8a411a4f-0e32-4dd1-80b9-a797c2117425@group-5E3FD63F7A89-SegmentedRaftLogWorker] INFO  segmented.SegmentedRaftLogWorker (SegmentedRaftLogWorker.java:close(228)) - 8a411a4f-0e32-4dd1-80b9-a797c2117425@group-5E3FD63F7A89-SegmentedRaftLogWorker close()
2019-09-26 15:06:37,647 [8a411a4f-0e32-4dd1-80b9-a797c2117425@group-BD63FC9B2CBB-SegmentedRaftLogWorker] INFO  impl.RaftServerImpl (ServerState.java:close(385)) - 8a411a4f-0e32-4dd1-80b9-a797c2117425@group-BD63FC9B2CBB: closes. applyIndex: -1
2019-09-26 15:06:37,647 [8a411a4f-0e32-4dd1-80b9-a797c2117425@group-BD63FC9B2CBB-SegmentedRaftLogWorker] INFO  segmented.SegmentedRaftLogWorker (SegmentedRaftLogWorker.java:close(228)) - 8a411a4f-0e32-4dd1-80b9-a797c2117425@group-BD63FC9B2CBB-SegmentedRaftLogWorker close()
2019-09-26 15:06:37,772 [8a411a4f-0e32-4dd1-80b9-a797c2117425@group-6D38BACD9BCB-SegmentedRaftLogWorker] ERROR segmented.SegmentedRaftLogWorker (SegmentedRaftLogWorker.java:run(323)) - 8a411a4f-0e32-4dd1-80b9-a797c2117425@group-6D38BACD9BCB-SegmentedRaftLogWorker hit exception
java.lang.OutOfMemoryError: Direct buffer memory
	at java.nio.Bits.reserveMemory(Bits.java:666)
	at java.nio.DirectByteBuffer.<init>(DirectByteBuffer.java:123)
	at java.nio.ByteBuffer.allocateDirect(ByteBuffer.java:311)
	at org.apache.ratis.server.raftlog.segmented.BufferedWriteChannel.<init>(BufferedWriteChannel.java:41)
	at org.apache.ratis.server.raftlog.segmented.SegmentedRaftLogOutputStream.<init>(SegmentedRaftLogOutputStream.java:72)
	at org.apache.ratis.server.raftlog.segmented.SegmentedRaftLogWorker$StartLogSegment.execute(SegmentedRaftLogWorker.java:566)
	at org.apache.ratis.server.raftlog.segmented.SegmentedRaftLogWorker.run(SegmentedRaftLogWorker.java:289)
	at java.lang.Thread.run(Thread.java:748)
2019-09-26 15:06:37,773 [8a411a4f-0e32-4dd1-80b9-a797c2117425@group-6323297E31A6-SegmentedRaftLogWorker] ERROR segmented.SegmentedRaftLogWorker (SegmentedRaftLogWorker.java:run(323)) - 8a411a4f-0e32-4dd1-80b9-a797c2117425@group-6323297E31A6-SegmentedRaftLogWorker hit exception
java.lang.OutOfMemoryError: Direct buffer memory
	at java.nio.Bits.reserveMemory(Bits.java:666)
	at java.nio.DirectByteBuffer.<init>(DirectByteBuffer.java:123)
	at java.nio.ByteBuffer.allocateDirect(ByteBuffer.java:311)
	at org.apache.ratis.server.raftlog.segmented.BufferedWriteChannel.<init>(BufferedWriteChannel.java:41)
	at org.apache.ratis.server.raftlog.segmented.SegmentedRaftLogOutputStream.<init>(SegmentedRaftLogOutputStream.java:72)
	at org.apache.ratis.server.raftlog.segmented.SegmentedRaftLogWorker$StartLogSegment.execute(SegmentedRaftLogWorker.java:566)
	at org.apache.ratis.server.raftlog.segmented.SegmentedRaftLogWorker.run(SegmentedRaftLogWorker.java:289)
	at java.lang.Thread.run(Thread.java:748)
2019-09-26 15:06:37,773 [8a411a4f-0e32-4dd1-80b9-a797c2117425@group-6323297E31A6-SegmentedRaftLogWorker] INFO  impl.RaftServerImpl (RaftServerImpl.java:lambda$shutdown$3(251)) - 8a411a4f-0e32-4dd1-80b9-a797c2117425@group-6323297E31A6: shutdown
2019-09-26 15:06:37,773 [8a411a4f-0e32-4dd1-80b9-a797c2117425@group-2ED4545FBEEC-SegmentedRaftLogWorker] ERROR segmented.SegmentedRaftLogWorker (SegmentedRaftLogWorker.java:run(323)) - 8a411a4f-0e32-4dd1-80b9-a797c2117425@group-2ED4545FBEEC-SegmentedRaftLogWorker hit exception
java.lang.OutOfMemoryError: Direct buffer memory
	at java.nio.Bits.reserveMemory(Bits.java:666)
	at java.nio.DirectByteBuffer.<init>(DirectByteBuffer.java:123)
	at java.nio.ByteBuffer.allocateDirect(ByteBuffer.java:311)
	at org.apache.ratis.server.raftlog.segmented.BufferedWriteChannel.<init>(BufferedWriteChannel.java:41)
	at org.apache.ratis.server.raftlog.segmented.SegmentedRaftLogOutputStream.<init>(SegmentedRaftLogOutputStream.java:72)
	at org.apache.ratis.server.raftlog.segmented.SegmentedRaftLogWorker$StartLogSegment.execute(SegmentedRaftLogWorker.java:566)
	at org.apache.ratis.server.raftlog.segmented.SegmentedRaftLogWorker.run(SegmentedRaftLogWorker.java:289)
	at java.lang.Thread.run(Thread.java:748)
2019-09-26 15:06:37,773 [8a411a4f-0e32-4dd1-80b9-a797c2117425@group-6D38E1D17427-SegmentedRaftLogWorker] ERROR segmented.SegmentedRaftLogWorker (SegmentedRaftLogWorker.java:run(323)) - 8a411a4f-0e32-4dd1-80b9-a797c2117425@group-6D38E1D17427-SegmentedRaftLogWorker hit exception
java.lang.OutOfMemoryError: Direct buffer memory
	at java.nio.Bits.reserveMemory(Bits.java:666)
	at java.nio.DirectByteBuffer.<init>(DirectByteBuffer.java:123)
	at java.nio.ByteBuffer.allocateDirect(ByteBuffer.java:311)
	at org.apache.ratis.server.raftlog.segmented.BufferedWriteChannel.<init>(BufferedWriteChannel.java:41)
	at org.apache.ratis.server.raftlog.segmented.SegmentedRaftLogOutputStream.<init>(SegmentedRaftLogOutputStream.java:72)
	at org.apache.ratis.server.raftlog.segmented.SegmentedRaftLogWorker$StartLogSegment.execute(SegmentedRaftLogWorker.java:566)
	at org.apache.ratis.server.raftlog.segmented.SegmentedRaftLogWorker.run(SegmentedRaftLogWorker.java:289)
	at java.lang.Thread.run(Thread.java:748)
2019-09-26 15:06:37,775 [8a411a4f-0e32-4dd1-80b9-a797c2117425@group-6D38E1D17427-SegmentedRaftLogWorker] INFO  impl.RaftServerImpl (RaftServerImpl.java:lambda$shutdown$3(251)) - 8a411a4f-0e32-4dd1-80b9-a797c2117425@group-6D38E1D17427: shutdown
2019-09-26 15:06:37,773 [8a411a4f-0e32-4dd1-80b9-a797c2117425@group-E5A464E25101-SegmentedRaftLogWorker] ERROR segmented.SegmentedRaftLogWorker (SegmentedRaftLogWorker.java:run(323)) - 8a411a4f-0e32-4dd1-80b9-a797c2117425@group-E5A464E25101-SegmentedRaftLogWorker hit exception
java.lang.OutOfMemoryError: Direct buffer memory
	at java.nio.Bits.reserveMemory(Bits.java:666)
	at java.nio.DirectByteBuffer.<init>(DirectByteBuffer.java:123)
	at java.nio.ByteBuffer.allocateDirect(ByteBuffer.java:311)
	at org.apache.ratis.server.raftlog.segmented.BufferedWriteChannel.<init>(BufferedWriteChannel.java:41)
	at org.apache.ratis.server.raftlog.segmented.SegmentedRaftLogOutputStream.<init>(SegmentedRaftLogOutputStream.java:72)
	at org.apache.ratis.server.raftlog.segmented.SegmentedRaftLogWorker$StartLogSegment.execute(SegmentedRaftLogWorker.java:566)
	at org.apache.ratis.server.raftlog.segmented.SegmentedRaftLogWorker.run(SegmentedRaftLogWorker.java:289)
	at java.lang.Thread.run(Thread.java:748)
2019-09-26 15:06:37,775 [8a411a4f-0e32-4dd1-80b9-a797c2117425@group-E5A464E25101-SegmentedRaftLogWorker] INFO  impl.RaftServerImpl (RaftServerImpl.java:lambda$shutdown$3(251)) - 8a411a4f-0e32-4dd1-80b9-a797c2117425@group-E5A464E25101: shutdown
2019-09-26 15:06:37,773 [8a411a4f-0e32-4dd1-80b9-a797c2117425@group-C8C27B688AEE-SegmentedRaftLogWorker] ERROR segmented.SegmentedRaftLogWorker (SegmentedRaftLogWorker.java:run(323)) - 8a411a4f-0e32-4dd1-80b9-a797c2117425@group-C8C27B688AEE-SegmentedRaftLogWorker hit exception
java.lang.OutOfMemoryError: Direct buffer memory
	at java.nio.Bits.reserveMemory(Bits.java:666)
	at java.nio.DirectByteBuffer.<init>(DirectByteBuffer.java:123)
	at java.nio.ByteBuffer.allocateDirect(ByteBuffer.java:311)
	at org.apache.ratis.server.raftlog.segmented.BufferedWriteChannel.<init>(BufferedWriteChannel.java:41)
	at org.apache.ratis.server.raftlog.segmented.SegmentedRaftLogOutputStream.<init>(SegmentedRaftLogOutputStream.java:72)
	at org.apache.ratis.server.raftlog.segmented.SegmentedRaftLogWorker$StartLogSegment.execute(SegmentedRaftLogWorker.java:566)
	at org.apache.ratis.server.raftlog.segmented.SegmentedRaftLogWorker.run(SegmentedRaftLogWorker.java:289)
	at java.lang.Thread.run(Thread.java:748)
2019-09-26 15:06:37,773 [8a411a4f-0e32-4dd1-80b9-a797c2117425@group-E63661AF005A-SegmentedRaftLogWorker] ERROR segmented.SegmentedRaftLogWorker (SegmentedRaftLogWorker.java:run(323)) - 8a411a4f-0e32-4dd1-80b9-a797c2117425@group-E63661AF005A-SegmentedRaftLogWorker hit exception
java.lang.OutOfMemoryError: Direct buffer memory
	at java.nio.Bits.reserveMemory(Bits.java:666)
	at java.nio.DirectByteBuffer.<init>(DirectByteBuffer.java:123)
	at java.nio.ByteBuffer.allocateDirect(ByteBuffer.java:311)
	at org.apache.ratis.server.raftlog.segmented.BufferedWriteChannel.<init>(BufferedWriteChannel.java:41)
	at org.apache.ratis.server.raftlog.segmented.SegmentedRaftLogOutputStream.<init>(SegmentedRaftLogOutputStream.java:72)
	at org.apache.ratis.server.raftlog.segmented.SegmentedRaftLogWorker$StartLogSegment.execute(SegmentedRaftLogWorker.java:566)
	at org.apache.ratis.server.raftlog.segmented.SegmentedRaftLogWorker.run(SegmentedRaftLogWorker.java:289)
	at java.lang.Thread.run(Thread.java:748)
2019-09-26 15:06:37,773 [8a411a4f-0e32-4dd1-80b9-a797c2117425@group-847CEE1B32E4-SegmentedRaftLogWorker] ERROR segmented.SegmentedRaftLogWorker (SegmentedRaftLogWorker.java:run(323)) - 8a411a4f-0e32-4dd1-80b9-a797c2117425@group-847CEE1B32E4-SegmentedRaftLogWorker hit exception
java.lang.OutOfMemoryError: Direct buffer memory
	at java.nio.Bits.reserveMemory(Bits.java:666)
	at java.nio.DirectByteBuffer.<init>(DirectByteBuffer.java:123)
	at java.nio.ByteBuffer.allocateDirect(ByteBuffer.java:311)
	at org.apache.ratis.server.raftlog.segmented.BufferedWriteChannel.<init>(BufferedWriteChannel.java:41)
	at org.apache.ratis.server.raftlog.segmented.SegmentedRaftLogOutputStream.<init>(SegmentedRaftLogOutputStream.java:72)
	at org.apache.ratis.server.raftlog.segmented.SegmentedRaftLogWorker$StartLogSegment.execute(SegmentedRaftLogWorker.java:566)
	at org.apache.ratis.server.raftlog.segmented.SegmentedRaftLogWorker.run(SegmentedRaftLogWorker.java:289)
	at java.lang.Thread.run(Thread.java:748)
2019-09-26 15:06:37,773 [8a411a4f-0e32-4dd1-80b9-a797c2117425@group-389E6F9EEB2C-SegmentedRaftLogWorker] ERROR segmented.SegmentedRaftLogWorker (SegmentedRaftLogWorker.java:run(323)) - 8a411a4f-0e32-4dd1-80b9-a797c2117425@group-389E6F9EEB2C-SegmentedRaftLogWorker hit exception
java.lang.OutOfMemoryError: Direct buffer memory
	at java.nio.Bits.reserveMemory(Bits.java:666)
	at java.nio.DirectByteBuffer.<init>(DirectByteBuffer.java:123)
	at java.nio.ByteBuffer.allocateDirect(ByteBuffer.java:311)
	at org.apache.ratis.server.raftlog.segmented.BufferedWriteChannel.<init>(BufferedWriteChannel.java:41)
	at org.apache.ratis.server.raftlog.segmented.SegmentedRaftLogOutputStream.<init>(SegmentedRaftLogOutputStream.java:72)
	at org.apache.ratis.server.raftlog.segmented.SegmentedRaftLogWorker$StartLogSegment.execute(SegmentedRaftLogWorker.java:566)
	at org.apache.ratis.server.raftlog.segmented.SegmentedRaftLogWorker.run(SegmentedRaftLogWorker.java:289)
	at java.lang.Thread.run(Thread.java:748)
2019-09-26 15:06:37,776 [8a411a4f-0e32-4dd1-80b9-a797c2117425@group-847CEE1B32E4-SegmentedRaftLogWorker] INFO  impl.RaftServerImpl (RaftServerImpl.java:lambda$shutdown$3(251)) - 8a411a4f-0e32-4dd1-80b9-a797c2117425@group-847CEE1B32E4: shutdown
2019-09-26 15:06:37,776 [8a411a4f-0e32-4dd1-80b9-a797c2117425@group-E63661AF005A-SegmentedRaftLogWorker] INFO  impl.RaftServerImpl (RaftServerImpl.java:lambda$shutdown$3(251)) - 8a411a4f-0e32-4dd1-80b9-a797c2117425@group-E63661AF005A: shutdown
2019-09-26 15:06:37,776 [8a411a4f-0e32-4dd1-80b9-a797c2117425@group-C8C27B688AEE-SegmentedRaftLogWorker] INFO  impl.RaftServerImpl (RaftServerImpl.java:lambda$shutdown$3(251)) - 8a411a4f-0e32-4dd1-80b9-a797c2117425@group-C8C27B688AEE: shutdown
2019-09-26 15:06:37,775 [8a411a4f-0e32-4dd1-80b9-a797c2117425@group-E5A464E25101-SegmentedRaftLogWorker] INFO  util.JmxRegister (JmxRegister.java:unregister(73)) - Successfully un-registered JMX Bean with object name Ratis:service=RaftServer,group=group-E5A464E25101,id=8a411a4f-0e32-4dd1-80b9-a797c2117425
2019-09-26 15:06:37,778 [8a411a4f-0e32-4dd1-80b9-a797c2117425@group-E5A464E25101-SegmentedRaftLogWorker] INFO  impl.RoleInfo (RoleInfo.java:shutdownLeaderState(104)) - 8a411a4f-0e32-4dd1-80b9-a797c2117425: shutdown LeaderState
2019-09-26 15:06:37,775 [8a411a4f-0e32-4dd1-80b9-a797c2117425@group-6D38E1D17427-SegmentedRaftLogWorker] INFO  util.JmxRegister (JmxRegister.java:unregister(73)) - Successfully un-registered JMX Bean with object name Ratis:service=RaftServer,group=group-6D38E1D17427,id=8a411a4f-0e32-4dd1-80b9-a797c2117425
2019-09-26 15:06:37,774 [8a411a4f-0e32-4dd1-80b9-a797c2117425@group-2ED4545FBEEC-SegmentedRaftLogWorker] INFO  impl.RaftServerImpl (RaftServerImpl.java:lambda$shutdown$3(251)) - 8a411a4f-0e32-4dd1-80b9-a797c2117425@group-2ED4545FBEEC: shutdown
2019-09-26 15:06:37,774 [8a411a4f-0e32-4dd1-80b9-a797c2117425@group-6323297E31A6-SegmentedRaftLogWorker] INFO  util.JmxRegister (JmxRegister.java:unregister(73)) - Successfully un-registered JMX Bean with object name Ratis:service=RaftServer,group=group-6323297E31A6,id=8a411a4f-0e32-4dd1-80b9-a797c2117425
2019-09-26 15:06:37,773 [8a411a4f-0e32-4dd1-80b9-a797c2117425@group-6D38BACD9BCB-SegmentedRaftLogWorker] INFO  impl.RaftServerImpl (RaftServerImpl.java:lambda$shutdown$3(251)) - 8a411a4f-0e32-4dd1-80b9-a797c2117425@group-6D38BACD9BCB: shutdown
2019-09-26 15:06:37,778 [8a411a4f-0e32-4dd1-80b9-a797c2117425@group-6323297E31A6-SegmentedRaftLogWorker] INFO  impl.RoleInfo (RoleInfo.java:shutdownLeaderState(104)) - 8a411a4f-0e32-4dd1-80b9-a797c2117425: shutdown LeaderState
2019-09-26 15:06:37,778 [8a411a4f-0e32-4dd1-80b9-a797c2117425@group-2ED4545FBEEC-SegmentedRaftLogWorker] INFO  util.JmxRegister (JmxRegister.java:unregister(73)) - Successfully un-registered JMX Bean with object name Ratis:service=RaftServer,group=group-2ED4545FBEEC,id=8a411a4f-0e32-4dd1-80b9-a797c2117425
2019-09-26 15:06:37,779 [8a411a4f-0e32-4dd1-80b9-a797c2117425@group-2ED4545FBEEC-SegmentedRaftLogWorker] INFO  impl.RoleInfo (RoleInfo.java:shutdownLeaderState(104)) - 8a411a4f-0e32-4dd1-80b9-a797c2117425: shutdown LeaderState
2019-09-26 15:06:37,778 [8a411a4f-0e32-4dd1-80b9-a797c2117425@group-6D38E1D17427-SegmentedRaftLogWorker] INFO  impl.RoleInfo (RoleInfo.java:shutdownLeaderState(104)) - 8a411a4f-0e32-4dd1-80b9-a797c2117425: shutdown LeaderState
2019-09-26 15:06:37,778 [8a411a4f-0e32-4dd1-80b9-a797c2117425@group-E5A464E25101-SegmentedRaftLogWorker] INFO  impl.PendingRequests (PendingRequests.java:sendNotLeaderResponses(202)) - 8a411a4f-0e32-4dd1-80b9-a797c2117425-PendingRequests: sendNotLeaderResponses
2019-09-26 15:06:37,777 [8a411a4f-0e32-4dd1-80b9-a797c2117425@group-C8C27B688AEE-SegmentedRaftLogWorker] INFO  util.JmxRegister (JmxRegister.java:unregister(73)) - Successfully un-registered JMX Bean with object name Ratis:service=RaftServer,group=group-C8C27B688AEE,id=8a411a4f-0e32-4dd1-80b9-a797c2117425
2019-09-26 15:06:37,779 [8a411a4f-0e32-4dd1-80b9-a797c2117425@group-C8C27B688AEE-SegmentedRaftLogWorker] INFO  impl.RoleInfo (RoleInfo.java:shutdownLeaderState(104)) - 8a411a4f-0e32-4dd1-80b9-a797c2117425: shutdown LeaderState
2019-09-26 15:06:37,777 [8a411a4f-0e32-4dd1-80b9-a797c2117425@group-E63661AF005A-SegmentedRaftLogWorker] INFO  util.JmxRegister (JmxRegister.java:unregister(73)) - Successfully un-registered JMX Bean with object name Ratis:service=RaftServer,group=group-E63661AF005A,id=8a411a4f-0e32-4dd1-80b9-a797c2117425
2019-09-26 15:06:37,777 [8a411a4f-0e32-4dd1-80b9-a797c2117425@group-847CEE1B32E4-SegmentedRaftLogWorker] INFO  util.JmxRegister (JmxRegister.java:unregister(73)) - Successfully un-registered JMX Bean with object name Ratis:service=RaftServer,group=group-847CEE1B32E4,id=8a411a4f-0e32-4dd1-80b9-a797c2117425
2019-09-26 15:06:37,780 [8a411a4f-0e32-4dd1-80b9-a797c2117425@group-847CEE1B32E4-SegmentedRaftLogWorker] INFO  impl.RoleInfo (RoleInfo.java:shutdownLeaderState(104)) - 8a411a4f-0e32-4dd1-80b9-a797c2117425: shutdown LeaderState
2019-09-26 15:06:37,777 [8a411a4f-0e32-4dd1-80b9-a797c2117425@group-389E6F9EEB2C-SegmentedRaftLogWorker] INFO  impl.RaftServerImpl (RaftServerImpl.java:lambda$shutdown$3(251)) - 8a411a4f-0e32-4dd1-80b9-a797c2117425@group-389E6F9EEB2C: shutdown
2019-09-26 15:06:37,780 [8a411a4f-0e32-4dd1-80b9-a797c2117425@group-847CEE1B32E4-SegmentedRaftLogWorker] INFO  impl.PendingRequests (PendingRequests.java:sendNotLeaderResponses(202)) - 8a411a4f-0e32-4dd1-80b9-a797c2117425-PendingRequests: sendNotLeaderResponses
2019-09-26 15:06:37,780 [8a411a4f-0e32-4dd1-80b9-a797c2117425@group-E63661AF005A-SegmentedRaftLogWorker] INFO  impl.RoleInfo (RoleInfo.java:shutdownLeaderState(104)) - 8a411a4f-0e32-4dd1-80b9-a797c2117425: shutdown LeaderState
2019-09-26 15:06:37,780 [8a411a4f-0e32-4dd1-80b9-a797c2117425@group-C8C27B688AEE-SegmentedRaftLogWorker] INFO  impl.PendingRequests (PendingRequests.java:sendNotLeaderResponses(202)) - 8a411a4f-0e32-4dd1-80b9-a797c2117425-PendingRequests: sendNotLeaderResponses
2019-09-26 15:06:37,779 [8a411a4f-0e32-4dd1-80b9-a797c2117425@group-E5A464E25101-SegmentedRaftLogWorker] INFO  impl.StateMachineUpdater (StateMachineUpdater.java:stopAndJoin(125)) - 8a411a4f-0e32-4dd1-80b9-a797c2117425@group-E5A464E25101-StateMachineUpdater: set stopIndex = -1
2019-09-26 15:06:37,781 [8a411a4f-0e32-4dd1-80b9-a797c2117425@group-E5A464E25101-SegmentedRaftLogWorker] INFO  impl.RaftServerImpl (ServerState.java:close(385)) - 8a411a4f-0e32-4dd1-80b9-a797c2117425@group-E5A464E25101: closes. applyIndex: -1
2019-09-26 15:06:37,779 [8a411a4f-0e32-4dd1-80b9-a797c2117425@group-6D38E1D17427-SegmentedRaftLogWorker] INFO  impl.PendingRequests (PendingRequests.java:sendNotLeaderResponses(202)) - 8a411a4f-0e32-4dd1-80b9-a797c2117425-PendingRequests: sendNotLeaderResponses
2019-09-26 15:06:37,779 [8a411a4f-0e32-4dd1-80b9-a797c2117425@group-2ED4545FBEEC-SegmentedRaftLogWorker] INFO  impl.PendingRequests (PendingRequests.java:sendNotLeaderResponses(202)) - 8a411a4f-0e32-4dd1-80b9-a797c2117425-PendingRequests: sendNotLeaderResponses
2019-09-26 15:06:37,779 [8a411a4f-0e32-4dd1-80b9-a797c2117425@group-6323297E31A6-SegmentedRaftLogWorker] INFO  impl.PendingRequests (PendingRequests.java:sendNotLeaderResponses(202)) - 8a411a4f-0e32-4dd1-80b9-a797c2117425-PendingRequests: sendNotLeaderResponses
2019-09-26 15:06:37,779 [8a411a4f-0e32-4dd1-80b9-a797c2117425@group-6D38BACD9BCB-SegmentedRaftLogWorker] INFO  util.JmxRegister (JmxRegister.java:unregister(73)) - Successfully un-registered JMX Bean with object name Ratis:service=RaftServer,group=group-6D38BACD9BCB,id=8a411a4f-0e32-4dd1-80b9-a797c2117425
2019-09-26 15:06:37,782 [8a411a4f-0e32-4dd1-80b9-a797c2117425@group-6323297E31A6-SegmentedRaftLogWorker] INFO  impl.StateMachineUpdater (StateMachineUpdater.java:stopAndJoin(125)) - 8a411a4f-0e32-4dd1-80b9-a797c2117425@group-6323297E31A6-StateMachineUpdater: set stopIndex = -1
2019-09-26 15:06:37,782 [8a411a4f-0e32-4dd1-80b9-a797c2117425@group-2ED4545FBEEC-SegmentedRaftLogWorker] INFO  impl.StateMachineUpdater (StateMachineUpdater.java:stopAndJoin(125)) - 8a411a4f-0e32-4dd1-80b9-a797c2117425@group-2ED4545FBEEC-StateMachineUpdater: set stopIndex = -1
2019-09-26 15:06:37,782 [8a411a4f-0e32-4dd1-80b9-a797c2117425@group-2ED4545FBEEC-SegmentedRaftLogWorker] INFO  impl.RaftServerImpl (ServerState.java:close(385)) - 8a411a4f-0e32-4dd1-80b9-a797c2117425@group-2ED4545FBEEC: closes. applyIndex: -1
2019-09-26 15:06:37,781 [8a411a4f-0e32-4dd1-80b9-a797c2117425@group-6D38E1D17427-SegmentedRaftLogWorker] INFO  impl.StateMachineUpdater (StateMachineUpdater.java:stopAndJoin(125)) - 8a411a4f-0e32-4dd1-80b9-a797c2117425@group-6D38E1D17427-StateMachineUpdater: set stopIndex = -1
2019-09-26 15:06:37,783 [8a411a4f-0e32-4dd1-80b9-a797c2117425@group-6D38E1D17427-SegmentedRaftLogWorker] INFO  impl.RaftServerImpl (ServerState.java:close(385)) - 8a411a4f-0e32-4dd1-80b9-a797c2117425@group-6D38E1D17427: closes. applyIndex: -1
2019-09-26 15:06:37,781 [8a411a4f-0e32-4dd1-80b9-a797c2117425@group-E5A464E25101-SegmentedRaftLogWorker] INFO  segmented.SegmentedRaftLogWorker (SegmentedRaftLogWorker.java:close(228)) - 8a411a4f-0e32-4dd1-80b9-a797c2117425@group-E5A464E25101-SegmentedRaftLogWorker close()
2019-09-26 15:06:37,781 [8a411a4f-0e32-4dd1-80b9-a797c2117425@group-C8C27B688AEE-SegmentedRaftLogWorker] INFO  impl.StateMachineUpdater (StateMachineUpdater.java:stopAndJoin(125)) - 8a411a4f-0e32-4dd1-80b9-a797c2117425@group-C8C27B688AEE-StateMachineUpdater: set stopIndex = -1
2019-09-26 15:06:37,781 [8a411a4f-0e32-4dd1-80b9-a797c2117425@group-E63661AF005A-SegmentedRaftLogWorker] INFO  impl.PendingRequests (PendingRequests.java:sendNotLeaderResponses(202)) - 8a411a4f-0e32-4dd1-80b9-a797c2117425-PendingRequests: sendNotLeaderResponses
2019-09-26 15:06:37,781 [8a411a4f-0e32-4dd1-80b9-a797c2117425@group-847CEE1B32E4-SegmentedRaftLogWorker] INFO  impl.StateMachineUpdater (StateMachineUpdater.java:stopAndJoin(125)) - 8a411a4f-0e32-4dd1-80b9-a797c2117425@group-847CEE1B32E4-StateMachineUpdater: set stopIndex = -1
2019-09-26 15:06:37,783 [8a411a4f-0e32-4dd1-80b9-a797c2117425@group-847CEE1B32E4-SegmentedRaftLogWorker] INFO  impl.RaftServerImpl (ServerState.java:close(385)) - 8a411a4f-0e32-4dd1-80b9-a797c2117425@group-847CEE1B32E4: closes. applyIndex: -1
2019-09-26 15:06:37,780 [8a411a4f-0e32-4dd1-80b9-a797c2117425@group-389E6F9EEB2C-SegmentedRaftLogWorker] INFO  util.JmxRegister (JmxRegister.java:unregister(73)) - Successfully un-registered JMX Bean with object name Ratis:service=RaftServer,group=group-389E6F9EEB2C,id=8a411a4f-0e32-4dd1-80b9-a797c2117425
2019-09-26 15:06:37,784 [8a411a4f-0e32-4dd1-80b9-a797c2117425@group-847CEE1B32E4-SegmentedRaftLogWorker] INFO  segmented.SegmentedRaftLogWorker (SegmentedRaftLogWorker.java:close(228)) - 8a411a4f-0e32-4dd1-80b9-a797c2117425@group-847CEE1B32E4-SegmentedRaftLogWorker close()
2019-09-26 15:06:37,783 [8a411a4f-0e32-4dd1-80b9-a797c2117425@group-E63661AF005A-SegmentedRaftLogWorker] INFO  impl.StateMachineUpdater (StateMachineUpdater.java:stopAndJoin(125)) - 8a411a4f-0e32-4dd1-80b9-a797c2117425@group-E63661AF005A-StateMachineUpdater: set stopIndex = -1
2019-09-26 15:06:37,784 [8a411a4f-0e32-4dd1-80b9-a797c2117425@group-E63661AF005A-SegmentedRaftLogWorker] INFO  impl.RaftServerImpl (ServerState.java:close(385)) - 8a411a4f-0e32-4dd1-80b9-a797c2117425@group-E63661AF005A: closes. applyIndex: -1
2019-09-26 15:06:37,783 [8a411a4f-0e32-4dd1-80b9-a797c2117425@group-C8C27B688AEE-SegmentedRaftLogWorker] INFO  impl.RaftServerImpl (ServerState.java:close(385)) - 8a411a4f-0e32-4dd1-80b9-a797c2117425@group-C8C27B688AEE: closes. applyIndex: -1
2019-09-26 15:06:37,783 [8a411a4f-0e32-4dd1-80b9-a797c2117425@group-6D38E1D17427-SegmentedRaftLogWorker] INFO  segmented.SegmentedRaftLogWorker (SegmentedRaftLogWorker.java:close(228)) - 8a411a4f-0e32-4dd1-80b9-a797c2117425@group-6D38E1D17427-SegmentedRaftLogWorker close()
2019-09-26 15:06:37,783 [8a411a4f-0e32-4dd1-80b9-a797c2117425@group-2ED4545FBEEC-SegmentedRaftLogWorker] INFO  segmented.SegmentedRaftLogWorker (SegmentedRaftLogWorker.java:close(228)) - 8a411a4f-0e32-4dd1-80b9-a797c2117425@group-2ED4545FBEEC-SegmentedRaftLogWorker close()
2019-09-26 15:06:37,782 [8a411a4f-0e32-4dd1-80b9-a797c2117425@group-6323297E31A6-SegmentedRaftLogWorker] INFO  impl.RaftServerImpl (ServerState.java:close(385)) - 8a411a4f-0e32-4dd1-80b9-a797c2117425@group-6323297E31A6: closes. applyIndex: -1
2019-09-26 15:06:37,782 [8a411a4f-0e32-4dd1-80b9-a797c2117425@group-6D38BACD9BCB-SegmentedRaftLogWorker] INFO  impl.RoleInfo (RoleInfo.java:shutdownLeaderState(104)) - 8a411a4f-0e32-4dd1-80b9-a797c2117425: shutdown LeaderState
2019-09-26 15:06:37,785 [8a411a4f-0e32-4dd1-80b9-a797c2117425@group-6323297E31A6-SegmentedRaftLogWorker] INFO  segmented.SegmentedRaftLogWorker (SegmentedRaftLogWorker.java:close(228)) - 8a411a4f-0e32-4dd1-80b9-a797c2117425@group-6323297E31A6-SegmentedRaftLogWorker close()
2019-09-26 15:06:37,784 [8a411a4f-0e32-4dd1-80b9-a797c2117425@group-C8C27B688AEE-SegmentedRaftLogWorker] INFO  segmented.SegmentedRaftLogWorker (SegmentedRaftLogWorker.java:close(228)) - 8a411a4f-0e32-4dd1-80b9-a797c2117425@group-C8C27B688AEE-SegmentedRaftLogWorker close()
2019-09-26 15:06:37,784 [8a411a4f-0e32-4dd1-80b9-a797c2117425@group-E63661AF005A-SegmentedRaftLogWorker] INFO  segmented.SegmentedRaftLogWorker (SegmentedRaftLogWorker.java:close(228)) - 8a411a4f-0e32-4dd1-80b9-a797c2117425@group-E63661AF005A-SegmentedRaftLogWorker close()
2019-09-26 15:06:37,784 [8a411a4f-0e32-4dd1-80b9-a797c2117425@group-389E6F9EEB2C-SegmentedRaftLogWorker] INFO  impl.RoleInfo (RoleInfo.java:shutdownLeaderState(104)) - 8a411a4f-0e32-4dd1-80b9-a797c2117425: shutdown LeaderState
2019-09-26 15:06:37,785 [8a411a4f-0e32-4dd1-80b9-a797c2117425@group-6D38BACD9BCB-SegmentedRaftLogWorker] INFO  impl.PendingRequests (PendingRequests.java:sendNotLeaderResponses(202)) - 8a411a4f-0e32-4dd1-80b9-a797c2117425-PendingRequests: sendNotLeaderResponses
2019-09-26 15:06:37,786 [8a411a4f-0e32-4dd1-80b9-a797c2117425@group-389E6F9EEB2C-SegmentedRaftLogWorker] INFO  impl.PendingRequests (PendingRequests.java:sendNotLeaderResponses(202)) - 8a411a4f-0e32-4dd1-80b9-a797c2117425-PendingRequests: sendNotLeaderResponses
2019-09-26 15:06:37,786 [8a411a4f-0e32-4dd1-80b9-a797c2117425@group-6D38BACD9BCB-SegmentedRaftLogWorker] INFO  impl.StateMachineUpdater (StateMachineUpdater.java:stopAndJoin(125)) - 8a411a4f-0e32-4dd1-80b9-a797c2117425@group-6D38BACD9BCB-StateMachineUpdater: set stopIndex = -1
2019-09-26 15:06:37,786 [8a411a4f-0e32-4dd1-80b9-a797c2117425@group-389E6F9EEB2C-SegmentedRaftLogWorker] INFO  impl.StateMachineUpdater (StateMachineUpdater.java:stopAndJoin(125)) - 8a411a4f-0e32-4dd1-80b9-a797c2117425@group-389E6F9EEB2C-StateMachineUpdater: set stopIndex = -1
2019-09-26 15:06:37,786 [8a411a4f-0e32-4dd1-80b9-a797c2117425@group-6D38BACD9BCB-SegmentedRaftLogWorker] INFO  impl.RaftServerImpl (ServerState.java:close(385)) - 8a411a4f-0e32-4dd1-80b9-a797c2117425@group-6D38BACD9BCB: closes. applyIndex: -1
2019-09-26 15:06:37,787 [8a411a4f-0e32-4dd1-80b9-a797c2117425@group-389E6F9EEB2C-SegmentedRaftLogWorker] INFO  impl.RaftServerImpl (ServerState.java:close(385)) - 8a411a4f-0e32-4dd1-80b9-a797c2117425@group-389E6F9EEB2C: closes. applyIndex: -1
2019-09-26 15:06:37,787 [8a411a4f-0e32-4dd1-80b9-a797c2117425@group-6D38BACD9BCB-SegmentedRaftLogWorker] INFO  segmented.SegmentedRaftLogWorker (SegmentedRaftLogWorker.java:close(228)) - 8a411a4f-0e32-4dd1-80b9-a797c2117425@group-6D38BACD9BCB-SegmentedRaftLogWorker close()
2019-09-26 15:06:37,787 [8a411a4f-0e32-4dd1-80b9-a797c2117425@group-389E6F9EEB2C-SegmentedRaftLogWorker] INFO  segmented.SegmentedRaftLogWorker (SegmentedRaftLogWorker.java:close(228)) - 8a411a4f-0e32-4dd1-80b9-a797c2117425@group-389E6F9EEB2C-SegmentedRaftLogWorker close()
2019-09-26 15:06:37,886 [8a411a4f-0e32-4dd1-80b9-a797c2117425@group-F7143D84811B-SegmentedRaftLogWorker] ERROR segmented.SegmentedRaftLogWorker (SegmentedRaftLogWorker.java:run(323)) - 8a411a4f-0e32-4dd1-80b9-a797c2117425@group-F7143D84811B-SegmentedRaftLogWorker hit exception
java.lang.OutOfMemoryError: Direct buffer memory
	at java.nio.Bits.reserveMemory(Bits.java:666)
	at java.nio.DirectByteBuffer.<init>(DirectByteBuffer.java:123)
	at java.nio.ByteBuffer.allocateDirect(ByteBuffer.java:311)
	at org.apache.ratis.server.raftlog.segmented.BufferedWriteChannel.<init>(BufferedWriteChannel.java:41)
	at org.apache.ratis.server.raftlog.segmented.SegmentedRaftLogOutputStream.<init>(SegmentedRaftLogOutputStream.java:72)
	at org.apache.ratis.server.raftlog.segmented.SegmentedRaftLogWorker$StartLogSegment.execute(SegmentedRaftLogWorker.java:566)
	at org.apache.ratis.server.raftlog.segmented.SegmentedRaftLogWorker.run(SegmentedRaftLogWorker.java:289)
	at java.lang.Thread.run(Thread.java:748)
2019-09-26 15:06:37,886 [8a411a4f-0e32-4dd1-80b9-a797c2117425@group-F7143D84811B-SegmentedRaftLogWorker] INFO  impl.RaftServerImpl (RaftServerImpl.java:lambda$shutdown$3(251)) - 8a411a4f-0e32-4dd1-80b9-a797c2117425@group-F7143D84811B: shutdown
2019-09-26 15:06:37,887 [8a411a4f-0e32-4dd1-80b9-a797c2117425@group-F7143D84811B-SegmentedRaftLogWorker] INFO  util.JmxRegister (JmxRegister.java:unregister(73)) - Successfully un-registered JMX Bean with object name Ratis:service=RaftServer,group=group-F7143D84811B,id=8a411a4f-0e32-4dd1-80b9-a797c2117425
2019-09-26 15:06:37,887 [8a411a4f-0e32-4dd1-80b9-a797c2117425@group-F7143D84811B-SegmentedRaftLogWorker] INFO  impl.RoleInfo (RoleInfo.java:shutdownLeaderState(104)) - 8a411a4f-0e32-4dd1-80b9-a797c2117425: shutdown LeaderState
2019-09-26 15:06:37,887 [8a411a4f-0e32-4dd1-80b9-a797c2117425@group-F7143D84811B-SegmentedRaftLogWorker] INFO  impl.PendingRequests (PendingRequests.java:sendNotLeaderResponses(202)) - 8a411a4f-0e32-4dd1-80b9-a797c2117425-PendingRequests: sendNotLeaderResponses
2019-09-26 15:06:37,887 [8a411a4f-0e32-4dd1-80b9-a797c2117425@group-F7143D84811B-SegmentedRaftLogWorker] INFO  impl.StateMachineUpdater (StateMachineUpdater.java:stopAndJoin(125)) - 8a411a4f-0e32-4dd1-80b9-a797c2117425@group-F7143D84811B-StateMachineUpdater: set stopIndex = -1
2019-09-26 15:06:37,888 [8a411a4f-0e32-4dd1-80b9-a797c2117425@group-F7143D84811B-SegmentedRaftLogWorker] INFO  impl.RaftServerImpl (ServerState.java:close(385)) - 8a411a4f-0e32-4dd1-80b9-a797c2117425@group-F7143D84811B: closes. applyIndex: -1
2019-09-26 15:06:37,888 [8a411a4f-0e32-4dd1-80b9-a797c2117425@group-F7143D84811B-SegmentedRaftLogWorker] INFO  segmented.SegmentedRaftLogWorker (SegmentedRaftLogWorker.java:close(228)) - 8a411a4f-0e32-4dd1-80b9-a797c2117425@group-F7143D84811B-SegmentedRaftLogWorker close()
2019-09-26 15:06:37,898 [8a411a4f-0e32-4dd1-80b9-a797c2117425@group-CD914CD72D71-SegmentedRaftLogWorker] ERROR segmented.SegmentedRaftLogWorker (SegmentedRaftLogWorker.java:run(323)) - 8a411a4f-0e32-4dd1-80b9-a797c2117425@group-CD914CD72D71-SegmentedRaftLogWorker hit exception
java.lang.OutOfMemoryError: Direct buffer memory
	at java.nio.Bits.reserveMemory(Bits.java:666)
	at java.nio.DirectByteBuffer.<init>(DirectByteBuffer.java:123)
	at java.nio.ByteBuffer.allocateDirect(ByteBuffer.java:311)
	at org.apache.ratis.server.raftlog.segmented.BufferedWriteChannel.<init>(BufferedWriteChannel.java:41)
	at org.apache.ratis.server.raftlog.segmented.SegmentedRaftLogOutputStream.<init>(SegmentedRaftLogOutputStream.java:72)
	at org.apache.ratis.server.raftlog.segmented.SegmentedRaftLogWorker$StartLogSegment.execute(SegmentedRaftLogWorker.java:566)
	at org.apache.ratis.server.raftlog.segmented.SegmentedRaftLogWorker.run(SegmentedRaftLogWorker.java:289)
	at java.lang.Thread.run(Thread.java:748)
2019-09-26 15:06:37,899 [8a411a4f-0e32-4dd1-80b9-a797c2117425@group-CD914CD72D71-SegmentedRaftLogWorker] INFO  impl.RaftServerImpl (RaftServerImpl.java:lambda$shutdown$3(251)) - 8a411a4f-0e32-4dd1-80b9-a797c2117425@group-CD914CD72D71: shutdown
2019-09-26 15:06:37,899 [8a411a4f-0e32-4dd1-80b9-a797c2117425@group-CD914CD72D71-SegmentedRaftLogWorker] INFO  util.JmxRegister (JmxRegister.java:unregister(73)) - Successfully un-registered JMX Bean with object name Ratis:service=RaftServer,group=group-CD914CD72D71,id=8a411a4f-0e32-4dd1-80b9-a797c2117425
2019-09-26 15:06:37,899 [8a411a4f-0e32-4dd1-80b9-a797c2117425@group-CD914CD72D71-SegmentedRaftLogWorker] INFO  impl.RoleInfo (RoleInfo.java:shutdownLeaderState(104)) - 8a411a4f-0e32-4dd1-80b9-a797c2117425: shutdown LeaderState
2019-09-26 15:06:37,899 [8a411a4f-0e32-4dd1-80b9-a797c2117425@group-CD914CD72D71-SegmentedRaftLogWorker] INFO  impl.PendingRequests (PendingRequests.java:sendNotLeaderResponses(202)) - 8a411a4f-0e32-4dd1-80b9-a797c2117425-PendingRequests: sendNotLeaderResponses
2019-09-26 15:06:37,899 [8a411a4f-0e32-4dd1-80b9-a797c2117425@group-CD914CD72D71-SegmentedRaftLogWorker] INFO  impl.StateMachineUpdater (StateMachineUpdater.java:stopAndJoin(125)) - 8a411a4f-0e32-4dd1-80b9-a797c2117425@group-CD914CD72D71-StateMachineUpdater: set stopIndex = -1
2019-09-26 15:06:37,899 [8a411a4f-0e32-4dd1-80b9-a797c2117425@group-CD914CD72D71-SegmentedRaftLogWorker] INFO  impl.RaftServerImpl (ServerState.java:close(385)) - 8a411a4f-0e32-4dd1-80b9-a797c2117425@group-CD914CD72D71: closes. applyIndex: -1
2019-09-26 15:06:37,900 [8a411a4f-0e32-4dd1-80b9-a797c2117425@group-CD914CD72D71-SegmentedRaftLogWorker] INFO  segmented.SegmentedRaftLogWorker (SegmentedRaftLogWorker.java:close(228)) - 8a411a4f-0e32-4dd1-80b9-a797c2117425@group-CD914CD72D71-SegmentedRaftLogWorker close()
2019-09-26 15:06:42,085 [Thread-882] INFO  impl.FollowerState (FollowerState.java:run(106)) - 8a411a4f-0e32-4dd1-80b9-a797c2117425:group-1B4E6A8422D3 changes to CANDIDATE, lastRpcTime:5173, electionTimeout:5173ms
2019-09-26 15:06:42,087 [Thread-882] INFO  impl.RoleInfo (RoleInfo.java:shutdownFollowerState(121)) - 8a411a4f-0e32-4dd1-80b9-a797c2117425: shutdown FollowerState
2019-09-26 15:06:42,088 [Thread-882] INFO  impl.RaftServerImpl (RaftServerImpl.java:setRole(174)) - 8a411a4f-0e32-4dd1-80b9-a797c2117425@group-1B4E6A8422D3: changes role from  FOLLOWER to CANDIDATE at term 0 for changeToCandidate
2019-09-26 15:06:42,088 [Thread-882] INFO  impl.RoleInfo (RoleInfo.java:updateAndGet(143)) - 8a411a4f-0e32-4dd1-80b9-a797c2117425: start LeaderElection
2019-09-26 15:06:42,103 [8a411a4f-0e32-4dd1-80b9-a797c2117425@group-1B4E6A8422D3:LeaderElection147] INFO  impl.LeaderElection (LeaderElection.java:askForVotes(182)) - 8a411a4f-0e32-4dd1-80b9-a797c2117425@group-1B4E6A8422D3:LeaderElection147: begin an election at term 1 for -1: [8a411a4f-0e32-4dd1-80b9-a797c2117425:192.168.151.99:37125], old=null
2019-09-26 15:06:42,104 [8a411a4f-0e32-4dd1-80b9-a797c2117425@group-1B4E6A8422D3:LeaderElection147] INFO  impl.RoleInfo (RoleInfo.java:shutdownLeaderElection(134)) - 8a411a4f-0e32-4dd1-80b9-a797c2117425: shutdown LeaderElection
2019-09-26 15:06:42,104 [8a411a4f-0e32-4dd1-80b9-a797c2117425@group-1B4E6A8422D3:LeaderElection147] INFO  impl.RaftServerImpl (RaftServerImpl.java:setRole(174)) - 8a411a4f-0e32-4dd1-80b9-a797c2117425@group-1B4E6A8422D3: changes role from CANDIDATE to LEADER at term 1 for changeToLeader
2019-09-26 15:06:42,104 [8a411a4f-0e32-4dd1-80b9-a797c2117425@group-1B4E6A8422D3:LeaderElection147] INFO  impl.RaftServerImpl (ServerState.java:setLeader(253)) - 8a411a4f-0e32-4dd1-80b9-a797c2117425@group-1B4E6A8422D3: change Leader from null to 8a411a4f-0e32-4dd1-80b9-a797c2117425 at term 1 for becomeLeader, leader elected after 5204ms
2019-09-26 15:06:42,104 [8a411a4f-0e32-4dd1-80b9-a797c2117425@group-1B4E6A8422D3:LeaderElection147] INFO  server.RaftServerConfigKeys (ConfUtils.java:logGet(43)) - raft.server.staging.catchup.gap = 1000 (default)
2019-09-26 15:06:42,105 [8a411a4f-0e32-4dd1-80b9-a797c2117425@group-1B4E6A8422D3:LeaderElection147] INFO  server.RaftServerConfigKeys (ConfUtils.java:logGet(43)) - raft.server.rpc.sleep.time = 25ms (default)
2019-09-26 15:06:42,105 [8a411a4f-0e32-4dd1-80b9-a797c2117425@group-1B4E6A8422D3:LeaderElection147] INFO  server.RaftServerConfigKeys (ConfUtils.java:logGet(43)) - raft.server.write.element-limit = 4096 (default)
2019-09-26 15:06:42,105 [8a411a4f-0e32-4dd1-80b9-a797c2117425@group-1B4E6A8422D3:LeaderElection147] INFO  server.RaftServerConfigKeys (ConfUtils.java:logGet(43)) - raft.server.watch.timeout = 10s (default)
2019-09-26 15:06:42,105 [8a411a4f-0e32-4dd1-80b9-a797c2117425@group-1B4E6A8422D3:LeaderElection147] INFO  server.RaftServerConfigKeys (ConfUtils.java:logGet(43)) - raft.server.watch.timeout.denomination = 1s (default)
2019-09-26 15:06:42,106 [8a411a4f-0e32-4dd1-80b9-a797c2117425@group-1B4E6A8422D3:LeaderElection147] INFO  server.RaftServerConfigKeys (ConfUtils.java:logGet(43)) - raft.server.watch.element-limit = 65536 (default)
2019-09-26 15:06:42,110 [8a411a4f-0e32-4dd1-80b9-a797c2117425@group-1B4E6A8422D3:LeaderElection147] INFO  impl.RoleInfo (RoleInfo.java:updateAndGet(143)) - 8a411a4f-0e32-4dd1-80b9-a797c2117425: start LeaderState
2019-09-26 15:06:42,111 [8a411a4f-0e32-4dd1-80b9-a797c2117425@group-1B4E6A8422D3:LeaderElection147] INFO  segmented.SegmentedRaftLogWorker (SegmentedRaftLogWorker.java:startLogSegment(380)) - 8a411a4f-0e32-4dd1-80b9-a797c2117425@group-1B4E6A8422D3-SegmentedRaftLogWorker: Starting segment from index:0
2019-09-26 15:06:42,459 [8a411a4f-0e32-4dd1-80b9-a797c2117425@group-1B4E6A8422D3:LeaderElection147] INFO  impl.RaftServerImpl (ServerState.java:setRaftConf(354)) - 8a411a4f-0e32-4dd1-80b9-a797c2117425@group-1B4E6A8422D3: set configuration 0: [8a411a4f-0e32-4dd1-80b9-a797c2117425:192.168.151.99:37125], old=null at 0
2019-09-26 15:06:42,543 [Thread-887] INFO  impl.FollowerState (FollowerState.java:run(106)) - 8a411a4f-0e32-4dd1-80b9-a797c2117425:group-A8E667162957 changes to CANDIDATE, lastRpcTime:5012, electionTimeout:5012ms
2019-09-26 15:06:42,543 [Thread-887] INFO  impl.RoleInfo (RoleInfo.java:shutdownFollowerState(121)) - 8a411a4f-0e32-4dd1-80b9-a797c2117425: shutdown FollowerState
2019-09-26 15:06:42,543 [Thread-887] INFO  impl.RaftServerImpl (RaftServerImpl.java:setRole(174)) - 8a411a4f-0e32-4dd1-80b9-a797c2117425@group-A8E667162957: changes role from  FOLLOWER to CANDIDATE at term 0 for changeToCandidate
2019-09-26 15:06:42,543 [Thread-887] INFO  impl.RoleInfo (RoleInfo.java:updateAndGet(143)) - 8a411a4f-0e32-4dd1-80b9-a797c2117425: start LeaderElection
2019-09-26 15:06:42,556 [8a411a4f-0e32-4dd1-80b9-a797c2117425@group-A8E667162957:LeaderElection148] INFO  impl.LeaderElection (LeaderElection.java:askForVotes(182)) - 8a411a4f-0e32-4dd1-80b9-a797c2117425@group-A8E667162957:LeaderElection148: begin an election at term 1 for -1: [8a411a4f-0e32-4dd1-80b9-a797c2117425:192.168.151.99:37125], old=null
2019-09-26 15:06:42,557 [8a411a4f-0e32-4dd1-80b9-a797c2117425@group-A8E667162957:LeaderElection148] INFO  impl.RoleInfo (RoleInfo.java:shutdownLeaderElection(134)) - 8a411a4f-0e32-4dd1-80b9-a797c2117425: shutdown LeaderElection
2019-09-26 15:06:42,557 [8a411a4f-0e32-4dd1-80b9-a797c2117425@group-A8E667162957:LeaderElection148] INFO  impl.RaftServerImpl (RaftServerImpl.java:setRole(174)) - 8a411a4f-0e32-4dd1-80b9-a797c2117425@group-A8E667162957: changes role from CANDIDATE to LEADER at term 1 for changeToLeader
2019-09-26 15:06:42,557 [8a411a4f-0e32-4dd1-80b9-a797c2117425@group-A8E667162957:LeaderElection148] INFO  impl.RaftServerImpl (ServerState.java:setLeader(253)) - 8a411a4f-0e32-4dd1-80b9-a797c2117425@group-A8E667162957: change Leader from null to 8a411a4f-0e32-4dd1-80b9-a797c2117425 at term 1 for becomeLeader, leader elected after 5030ms
2019-09-26 15:06:42,557 [8a411a4f-0e32-4dd1-80b9-a797c2117425@group-A8E667162957:LeaderElection148] INFO  server.RaftServerConfigKeys (ConfUtils.java:logGet(43)) - raft.server.staging.catchup.gap = 1000 (default)
2019-09-26 15:06:42,557 [8a411a4f-0e32-4dd1-80b9-a797c2117425@group-A8E667162957:LeaderElection148] INFO  server.RaftServerConfigKeys (ConfUtils.java:logGet(43)) - raft.server.rpc.sleep.time = 25ms (default)
2019-09-26 15:06:42,557 [8a411a4f-0e32-4dd1-80b9-a797c2117425@group-A8E667162957:LeaderElection148] INFO  server.RaftServerConfigKeys (ConfUtils.java:logGet(43)) - raft.server.write.element-limit = 4096 (default)
2019-09-26 15:06:42,558 [8a411a4f-0e32-4dd1-80b9-a797c2117425@group-A8E667162957:LeaderElection148] INFO  server.RaftServerConfigKeys (ConfUtils.java:logGet(43)) - raft.server.watch.timeout = 10s (default)
2019-09-26 15:06:42,558 [8a411a4f-0e32-4dd1-80b9-a797c2117425@group-A8E667162957:LeaderElection148] INFO  server.RaftServerConfigKeys (ConfUtils.java:logGet(43)) - raft.server.watch.timeout.denomination = 1s (default)
2019-09-26 15:06:42,558 [8a411a4f-0e32-4dd1-80b9-a797c2117425@group-A8E667162957:LeaderElection148] INFO  server.RaftServerConfigKeys (ConfUtils.java:logGet(43)) - raft.server.watch.element-limit = 65536 (default)
2019-09-26 15:06:42,560 [8a411a4f-0e32-4dd1-80b9-a797c2117425@group-A8E667162957:LeaderElection148] INFO  impl.RoleInfo (RoleInfo.java:updateAndGet(143)) - 8a411a4f-0e32-4dd1-80b9-a797c2117425: start LeaderState
2019-09-26 15:06:42,560 [8a411a4f-0e32-4dd1-80b9-a797c2117425@group-A8E667162957:LeaderElection148] INFO  segmented.SegmentedRaftLogWorker (SegmentedRaftLogWorker.java:startLogSegment(380)) - 8a411a4f-0e32-4dd1-80b9-a797c2117425@group-A8E667162957-SegmentedRaftLogWorker: Starting segment from index:0
2019-09-26 15:06:42,789 [8a411a4f-0e32-4dd1-80b9-a797c2117425@group-A8E667162957:LeaderElection148] INFO  impl.RaftServerImpl (ServerState.java:setRaftConf(354)) - 8a411a4f-0e32-4dd1-80b9-a797c2117425@group-A8E667162957: set configuration 0: [8a411a4f-0e32-4dd1-80b9-a797c2117425:192.168.151.99:37125], old=null at 0
2019-09-26 15:06:43,173 [8a411a4f-0e32-4dd1-80b9-a797c2117425@group-1B4E6A8422D3-SegmentedRaftLogWorker] ERROR segmented.SegmentedRaftLogWorker (SegmentedRaftLogWorker.java:run(323)) - 8a411a4f-0e32-4dd1-80b9-a797c2117425@group-1B4E6A8422D3-SegmentedRaftLogWorker hit exception
java.lang.OutOfMemoryError: Direct buffer memory
	at java.nio.Bits.reserveMemory(Bits.java:666)
	at java.nio.DirectByteBuffer.<init>(DirectByteBuffer.java:123)
	at java.nio.ByteBuffer.allocateDirect(ByteBuffer.java:311)
	at org.apache.ratis.server.raftlog.segmented.BufferedWriteChannel.<init>(BufferedWriteChannel.java:41)
	at org.apache.ratis.server.raftlog.segmented.SegmentedRaftLogOutputStream.<init>(SegmentedRaftLogOutputStream.java:72)
	at org.apache.ratis.server.raftlog.segmented.SegmentedRaftLogWorker$StartLogSegment.execute(SegmentedRaftLogWorker.java:566)
	at org.apache.ratis.server.raftlog.segmented.SegmentedRaftLogWorker.run(SegmentedRaftLogWorker.java:289)
	at java.lang.Thread.run(Thread.java:748)
2019-09-26 15:06:43,173 [8a411a4f-0e32-4dd1-80b9-a797c2117425@group-1B4E6A8422D3-SegmentedRaftLogWorker] INFO  impl.RaftServerImpl (RaftServerImpl.java:lambda$shutdown$3(251)) - 8a411a4f-0e32-4dd1-80b9-a797c2117425@group-1B4E6A8422D3: shutdown
2019-09-26 15:06:43,173 [8a411a4f-0e32-4dd1-80b9-a797c2117425@group-1B4E6A8422D3-SegmentedRaftLogWorker] INFO  util.JmxRegister (JmxRegister.java:unregister(73)) - Successfully un-registered JMX Bean with object name Ratis:service=RaftServer,group=group-1B4E6A8422D3,id=8a411a4f-0e32-4dd1-80b9-a797c2117425
2019-09-26 15:06:43,173 [8a411a4f-0e32-4dd1-80b9-a797c2117425@group-1B4E6A8422D3-SegmentedRaftLogWorker] INFO  impl.RoleInfo (RoleInfo.java:shutdownLeaderState(104)) - 8a411a4f-0e32-4dd1-80b9-a797c2117425: shutdown LeaderState
2019-09-26 15:06:43,174 [8a411a4f-0e32-4dd1-80b9-a797c2117425@group-1B4E6A8422D3-SegmentedRaftLogWorker] INFO  impl.PendingRequests (PendingRequests.java:sendNotLeaderResponses(202)) - 8a411a4f-0e32-4dd1-80b9-a797c2117425-PendingRequests: sendNotLeaderResponses
2019-09-26 15:06:43,174 [8a411a4f-0e32-4dd1-80b9-a797c2117425@group-1B4E6A8422D3-SegmentedRaftLogWorker] INFO  impl.StateMachineUpdater (StateMachineUpdater.java:stopAndJoin(125)) - 8a411a4f-0e32-4dd1-80b9-a797c2117425@group-1B4E6A8422D3-StateMachineUpdater: set stopIndex = -1
2019-09-26 15:06:43,174 [8a411a4f-0e32-4dd1-80b9-a797c2117425@group-1B4E6A8422D3-SegmentedRaftLogWorker] INFO  impl.RaftServerImpl (ServerState.java:close(385)) - 8a411a4f-0e32-4dd1-80b9-a797c2117425@group-1B4E6A8422D3: closes. applyIndex: -1
2019-09-26 15:06:43,174 [8a411a4f-0e32-4dd1-80b9-a797c2117425@group-1B4E6A8422D3-SegmentedRaftLogWorker] INFO  segmented.SegmentedRaftLogWorker (SegmentedRaftLogWorker.java:close(228)) - 8a411a4f-0e32-4dd1-80b9-a797c2117425@group-1B4E6A8422D3-SegmentedRaftLogWorker close()
2019-09-26 15:06:43,298 [8a411a4f-0e32-4dd1-80b9-a797c2117425@group-A8E667162957-SegmentedRaftLogWorker] ERROR segmented.SegmentedRaftLogWorker (SegmentedRaftLogWorker.java:run(323)) - 8a411a4f-0e32-4dd1-80b9-a797c2117425@group-A8E667162957-SegmentedRaftLogWorker hit exception
java.lang.OutOfMemoryError: Direct buffer memory
	at java.nio.Bits.reserveMemory(Bits.java:666)
	at java.nio.DirectByteBuffer.<init>(DirectByteBuffer.java:123)
	at java.nio.ByteBuffer.allocateDirect(ByteBuffer.java:311)
	at org.apache.ratis.server.raftlog.segmented.BufferedWriteChannel.<init>(BufferedWriteChannel.java:41)
	at org.apache.ratis.server.raftlog.segmented.SegmentedRaftLogOutputStream.<init>(SegmentedRaftLogOutputStream.java:72)
	at org.apache.ratis.server.raftlog.segmented.SegmentedRaftLogWorker$StartLogSegment.execute(SegmentedRaftLogWorker.java:566)
	at org.apache.ratis.server.raftlog.segmented.SegmentedRaftLogWorker.run(SegmentedRaftLogWorker.java:289)
	at java.lang.Thread.run(Thread.java:748)
2019-09-26 15:06:43,298 [8a411a4f-0e32-4dd1-80b9-a797c2117425@group-A8E667162957-SegmentedRaftLogWorker] INFO  impl.RaftServerImpl (RaftServerImpl.java:lambda$shutdown$3(251)) - 8a411a4f-0e32-4dd1-80b9-a797c2117425@group-A8E667162957: shutdown
2019-09-26 15:06:43,298 [8a411a4f-0e32-4dd1-80b9-a797c2117425@group-A8E667162957-SegmentedRaftLogWorker] INFO  util.JmxRegister (JmxRegister.java:unregister(73)) - Successfully un-registered JMX Bean with object name Ratis:service=RaftServer,group=group-A8E667162957,id=8a411a4f-0e32-4dd1-80b9-a797c2117425
2019-09-26 15:06:43,298 [8a411a4f-0e32-4dd1-80b9-a797c2117425@group-A8E667162957-SegmentedRaftLogWorker] INFO  impl.RoleInfo (RoleInfo.java:shutdownLeaderState(104)) - 8a411a4f-0e32-4dd1-80b9-a797c2117425: shutdown LeaderState
2019-09-26 15:06:43,299 [8a411a4f-0e32-4dd1-80b9-a797c2117425@group-A8E667162957-SegmentedRaftLogWorker] INFO  impl.PendingRequests (PendingRequests.java:sendNotLeaderResponses(202)) - 8a411a4f-0e32-4dd1-80b9-a797c2117425-PendingRequests: sendNotLeaderResponses
2019-09-26 15:06:43,299 [8a411a4f-0e32-4dd1-80b9-a797c2117425@group-A8E667162957-SegmentedRaftLogWorker] INFO  impl.StateMachineUpdater (StateMachineUpdater.java:stopAndJoin(125)) - 8a411a4f-0e32-4dd1-80b9-a797c2117425@group-A8E667162957-StateMachineUpdater: set stopIndex = -1
2019-09-26 15:06:43,299 [8a411a4f-0e32-4dd1-80b9-a797c2117425@group-A8E667162957-SegmentedRaftLogWorker] INFO  impl.RaftServerImpl (ServerState.java:close(385)) - 8a411a4f-0e32-4dd1-80b9-a797c2117425@group-A8E667162957: closes. applyIndex: -1
2019-09-26 15:06:43,299 [8a411a4f-0e32-4dd1-80b9-a797c2117425@group-A8E667162957-SegmentedRaftLogWorker] INFO  segmented.SegmentedRaftLogWorker (SegmentedRaftLogWorker.java:close(228)) - 8a411a4f-0e32-4dd1-80b9-a797c2117425@group-A8E667162957-SegmentedRaftLogWorker close()
2019-09-26 15:07:11,871 [EventQueue-ContainerReportForContainerReportHandler] WARN  container.ContainerReportHandler (AbstractContainerReportHandler.java:updateContainerState(143)) - Container #1 is in OPEN state, but the datanode 8a411a4f-0e32-4dd1-80b9-a797c2117425{ip: 192.168.151.99, host: pr-hdds-1569-g6sp5-2013761785, networkLocation: /default-rack, certSerialId: null} reports an CLOSED replica.
2019-09-26 15:07:32,887 [grpc-default-executor-1] INFO  impl.RaftServerProxy (RaftServerProxy.java:remove(95)) - 8a411a4f-0e32-4dd1-80b9-a797c2117425: remove    LEADER 8a411a4f-0e32-4dd1-80b9-a797c2117425@group-1B4E6A8422D3:t1, leader=8a411a4f-0e32-4dd1-80b9-a797c2117425, voted=8a411a4f-0e32-4dd1-80b9-a797c2117425, raftlog=8a411a4f-0e32-4dd1-80b9-a797c2117425@group-1B4E6A8422D3-SegmentedRaftLog:CLOSED:c-1, conf=0: [8a411a4f-0e32-4dd1-80b9-a797c2117425:192.168.151.99:37125], old=null CLOSED
2019-09-26 15:07:32,900 [grpc-default-executor-1] INFO  impl.RaftServerProxy (RaftServerProxy.java:remove(95)) - 8a411a4f-0e32-4dd1-80b9-a797c2117425: remove    LEADER 8a411a4f-0e32-4dd1-80b9-a797c2117425@group-CD914CD72D71:t1, leader=8a411a4f-0e32-4dd1-80b9-a797c2117425, voted=8a411a4f-0e32-4dd1-80b9-a797c2117425, raftlog=8a411a4f-0e32-4dd1-80b9-a797c2117425@group-CD914CD72D71-SegmentedRaftLog:CLOSED:c-1, conf=0: [8a411a4f-0e32-4dd1-80b9-a797c2117425:192.168.151.99:37125], old=null CLOSED
2019-09-26 15:08:33,928 [grpc-default-executor-0] INFO  impl.RaftServerProxy (RaftServerProxy.java:addNew(89)) - 8a411a4f-0e32-4dd1-80b9-a797c2117425: addNew group-41D518DC092B:[8a411a4f-0e32-4dd1-80b9-a797c2117425:192.168.151.99:37125] returns group-41D518DC092B:java.util.concurrent.CompletableFuture@2587a811[Not completed]
2019-09-26 15:08:33,930 [pool-27-thread-1] INFO  impl.RaftServerImpl (RaftServerImpl.java:<init>(95)) - 8a411a4f-0e32-4dd1-80b9-a797c2117425: new RaftServerImpl for group-41D518DC092B:[8a411a4f-0e32-4dd1-80b9-a797c2117425:192.168.151.99:37125] with ContainerStateMachine:uninitialized
2019-09-26 15:08:33,930 [pool-27-thread-1] INFO  server.RaftServerConfigKeys (ConfUtils.java:logGet(43)) - raft.server.rpc.timeout.min = 5s (custom)
2019-09-26 15:08:33,930 [pool-27-thread-1] INFO  server.RaftServerConfigKeys (ConfUtils.java:logGet(43)) - raft.server.rpc.timeout.max = 5200ms (custom)
2019-09-26 15:08:33,930 [pool-27-thread-1] INFO  server.RaftServerConfigKeys (ConfUtils.java:logGet(43)) - raft.server.rpcslowness.timeout = 120s (custom)
2019-09-26 15:08:33,930 [pool-27-thread-1] INFO  server.RaftServerConfigKeys (ConfUtils.java:logGet(43)) - raft.server.sleep.deviation.threshold = 300 (default)
2019-09-26 15:08:33,930 [pool-27-thread-1] INFO  server.RaftServerConfigKeys (ConfUtils.java:logGet(43)) - raft.server.log.appender.install.snapshot.enabled = false (custom)
2019-09-26 15:08:33,930 [pool-27-thread-1] INFO  impl.RaftServerImpl (ServerState.java:<init>(103)) - 8a411a4f-0e32-4dd1-80b9-a797c2117425@group-41D518DC092B: ConfigurationManager, init=-1: [8a411a4f-0e32-4dd1-80b9-a797c2117425:192.168.151.99:37125], old=null, confs=<EMPTY_MAP>
2019-09-26 15:08:33,931 [pool-27-thread-1] INFO  server.RaftServerConfigKeys (ConfUtils.java:logGet(43)) - raft.server.storage.dir = [/workdir/hadoop-ozone/integration-test/target/test-dir/MiniOzoneClusterImpl-646ad58d-3cd3-4092-ab15-506251c55e5b/datanode-0/data/ratis] (custom)
2019-09-26 15:08:33,932 [pool-27-thread-1] INFO  storage.RaftStorageDirectory (RaftStorageDirectory.java:analyzeStorage(246)) - The storage directory /workdir/hadoop-ozone/integration-test/target/test-dir/MiniOzoneClusterImpl-646ad58d-3cd3-4092-ab15-506251c55e5b/datanode-0/data/ratis/f1735a1a-e489-40c3-bf0e-41d518dc092b does not exist. Creating ...
2019-09-26 15:08:33,944 [pool-27-thread-1] INFO  storage.RaftStorageDirectory (RaftStorageDirectory.java:tryLock(328)) - Lock on /workdir/hadoop-ozone/integration-test/target/test-dir/MiniOzoneClusterImpl-646ad58d-3cd3-4092-ab15-506251c55e5b/datanode-0/data/ratis/f1735a1a-e489-40c3-bf0e-41d518dc092b/in_use.lock acquired by nodename 7157@pr-hdds-1569-g6sp5-2013761785
2019-09-26 15:08:33,958 [pool-27-thread-1] INFO  storage.RaftStorage (RaftStorage.java:format(72)) - Storage directory /workdir/hadoop-ozone/integration-test/target/test-dir/MiniOzoneClusterImpl-646ad58d-3cd3-4092-ab15-506251c55e5b/datanode-0/data/ratis/f1735a1a-e489-40c3-bf0e-41d518dc092b has been successfully formatted.
2019-09-26 15:08:33,958 [pool-27-thread-1] INFO  ratis.ContainerStateMachine (ContainerStateMachine.java:loadSnapshot(230)) - group-41D518DC092B: The snapshot info is null. Setting the last applied indexto:(t:0, i:~)
2019-09-26 15:08:33,958 [pool-27-thread-1] INFO  server.RaftServerConfigKeys (ConfUtils.java:logGet(43)) - raft.server.notification.no-leader.timeout = 120s (custom)
2019-09-26 15:08:33,959 [pool-27-thread-1] INFO  server.RaftServerConfigKeys (ConfUtils.java:logGet(43)) - raft.server.log.use.memory = false (default)
2019-09-26 15:08:33,959 [pool-27-thread-1] INFO  server.RaftServerConfigKeys (ConfUtils.java:logGet(43)) - raft.server.log.purge.gap = 1000000 (custom)
2019-09-26 15:08:33,959 [pool-27-thread-1] INFO  server.RaftServerConfigKeys (ConfUtils.java:logGet(43)) - raft.server.log.appender.buffer.byte-limit = 33554432 (custom)
2019-09-26 15:08:33,959 [pool-27-thread-1] INFO  server.RaftServerConfigKeys (ConfUtils.java:logGet(43)) - raft.server.log.segment.size.max = 1048576 (custom)
2019-09-26 15:08:33,959 [pool-27-thread-1] INFO  server.RaftServerConfigKeys (ConfUtils.java:logGet(43)) - raft.server.log.segment.cache.num.max = 2 (custom)
2019-09-26 15:08:33,960 [pool-27-thread-1] INFO  segmented.SegmentedRaftLogWorker (SegmentedRaftLogWorker.java:<init>(172)) - new 8a411a4f-0e32-4dd1-80b9-a797c2117425@group-41D518DC092B-SegmentedRaftLogWorker for RaftStorage:Storage Directory /workdir/hadoop-ozone/integration-test/target/test-dir/MiniOzoneClusterImpl-646ad58d-3cd3-4092-ab15-506251c55e5b/datanode-0/data/ratis/f1735a1a-e489-40c3-bf0e-41d518dc092b
2019-09-26 15:08:33,960 [pool-27-thread-1] INFO  server.RaftServerConfigKeys (ConfUtils.java:logGet(43)) - raft.server.log.queue.byte-limit = 2147483647 (custom)
2019-09-26 15:08:33,960 [pool-27-thread-1] INFO  server.RaftServerConfigKeys (ConfUtils.java:logGet(43)) - raft.server.log.queue.element-limit = 1024 (custom)
2019-09-26 15:08:33,960 [pool-27-thread-1] INFO  server.RaftServerConfigKeys (ConfUtils.java:logGet(43)) - raft.server.log.segment.size.max = 1048576 (custom)
2019-09-26 15:08:33,960 [pool-27-thread-1] INFO  server.RaftServerConfigKeys (ConfUtils.java:logGet(43)) - raft.server.log.preallocated.size = 16384 (custom)
2019-09-26 15:08:33,961 [pool-27-thread-1] INFO  server.RaftServerConfigKeys (ConfUtils.java:logGet(43)) - raft.server.log.write.buffer.size = 33554432 (custom)
2019-09-26 15:08:33,961 [pool-27-thread-1] INFO  server.RaftServerConfigKeys (ConfUtils.java:logGet(43)) - raft.server.log.force.sync.num = 128 (default)
2019-09-26 15:08:33,961 [pool-27-thread-1] INFO  server.RaftServerConfigKeys (ConfUtils.java:logGet(43)) - raft.server.log.statemachine.data.sync = true (default)
2019-09-26 15:08:33,961 [pool-27-thread-1] INFO  server.RaftServerConfigKeys (ConfUtils.java:logGet(43)) - raft.server.log.statemachine.data.sync.timeout = 10s (default)
2019-09-26 15:08:33,961 [pool-27-thread-1] INFO  server.RaftServerConfigKeys (ConfUtils.java:logGet(43)) - raft.server.log.statemachine.data.sync.timeout.retry = -1 (default)
2019-09-26 15:08:33,961 [pool-27-thread-1] INFO  server.RaftServerConfigKeys (ConfUtils.java:logGet(43)) - raft.server.log.statemachine.data.caching.enabled = true (custom)
2019-09-26 15:08:33,962 [pool-27-thread-1] INFO  segmented.SegmentedRaftLogWorker (SegmentedRaftLogWorker.java:lambda$new$0(132)) - 8a411a4f-0e32-4dd1-80b9-a797c2117425@group-41D518DC092B-SegmentedRaftLogWorker: flushIndex: setUnconditionally 0 -> -1
2019-09-26 15:08:33,962 [pool-27-thread-1] INFO  server.RaftServerConfigKeys (ConfUtils.java:logGet(43)) - raft.server.snapshot.auto.trigger.enabled = true (custom)
2019-09-26 15:08:33,963 [pool-27-thread-1] INFO  server.RaftServerConfigKeys (ConfUtils.java:logGet(43)) - raft.server.snapshot.auto.trigger.threshold = 10000 (custom)
2019-09-26 15:08:33,963 [pool-27-thread-1] INFO  server.RaftServerConfigKeys (ConfUtils.java:logGet(43)) - raft.server.snapshot.retention.num.files = 5 (custom)
2019-09-26 15:08:33,963 [pool-27-thread-1] INFO  server.RaftServerConfigKeys (ConfUtils.java:logGet(43)) - raft.server.retrycache.expirytime = 600000ms (custom)
2019-09-26 15:08:33,966 [pool-27-thread-1] INFO  impl.RaftServerImpl (RaftServerImpl.java:start(185)) - 8a411a4f-0e32-4dd1-80b9-a797c2117425@group-41D518DC092B: start as a follower, conf=-1: [8a411a4f-0e32-4dd1-80b9-a797c2117425:192.168.151.99:37125], old=null
2019-09-26 15:08:33,966 [pool-27-thread-1] INFO  impl.RaftServerImpl (RaftServerImpl.java:setRole(174)) - 8a411a4f-0e32-4dd1-80b9-a797c2117425@group-41D518DC092B: changes role from      null to FOLLOWER at term 0 for startAsFollower
2019-09-26 15:08:33,966 [pool-27-thread-1] INFO  impl.RoleInfo (RoleInfo.java:updateAndGet(143)) - 8a411a4f-0e32-4dd1-80b9-a797c2117425: start FollowerState
2019-09-26 15:08:33,967 [pool-27-thread-1] INFO  util.JmxRegister (JmxRegister.java:tryRegister(44)) - Successfully registered JMX Bean with object name Ratis:service=RaftServer,group=group-41D518DC092B,id=8a411a4f-0e32-4dd1-80b9-a797c2117425
2019-09-26 15:08:33,971 [RatisPipelineUtilsThread] INFO  pipeline.PipelineStateManager (PipelineStateManager.java:addPipeline(56)) - Created pipeline Pipeline[ Id: f1735a1a-e489-40c3-bf0e-41d518dc092b, Nodes: 8a411a4f-0e32-4dd1-80b9-a797c2117425{ip: 192.168.151.99, host: pr-hdds-1569-g6sp5-2013761785, networkLocation: /default-rack, certSerialId: null}, Type:RATIS, Factor:ONE, State:OPEN]
2019-09-26 15:08:33,979 [grpc-default-executor-0] INFO  impl.RaftServerProxy (RaftServerProxy.java:addNew(89)) - 8a411a4f-0e32-4dd1-80b9-a797c2117425: addNew group-46ECC70944D4:[8a411a4f-0e32-4dd1-80b9-a797c2117425:192.168.151.99:37125] returns group-46ECC70944D4:java.util.concurrent.CompletableFuture@206c9697[Not completed]
2019-09-26 15:08:33,982 [pool-27-thread-1] INFO  impl.RaftServerImpl (RaftServerImpl.java:<init>(95)) - 8a411a4f-0e32-4dd1-80b9-a797c2117425: new RaftServerImpl for group-46ECC70944D4:[8a411a4f-0e32-4dd1-80b9-a797c2117425:192.168.151.99:37125] with ContainerStateMachine:uninitialized
2019-09-26 15:08:33,983 [pool-27-thread-1] INFO  server.RaftServerConfigKeys (ConfUtils.java:logGet(43)) - raft.server.rpc.timeout.min = 5s (custom)
2019-09-26 15:08:33,983 [pool-27-thread-1] INFO  server.RaftServerConfigKeys (ConfUtils.java:logGet(43)) - raft.server.rpc.timeout.max = 5200ms (custom)
2019-09-26 15:08:33,983 [pool-27-thread-1] INFO  server.RaftServerConfigKeys (ConfUtils.java:logGet(43)) - raft.server.rpcslowness.timeout = 120s (custom)
2019-09-26 15:08:33,983 [pool-27-thread-1] INFO  server.RaftServerConfigKeys (ConfUtils.java:logGet(43)) - raft.server.sleep.deviation.threshold = 300 (default)
2019-09-26 15:08:33,983 [pool-27-thread-1] INFO  server.RaftServerConfigKeys (ConfUtils.java:logGet(43)) - raft.server.log.appender.install.snapshot.enabled = false (custom)
2019-09-26 15:08:33,984 [pool-27-thread-1] INFO  impl.RaftServerImpl (ServerState.java:<init>(103)) - 8a411a4f-0e32-4dd1-80b9-a797c2117425@group-46ECC70944D4: ConfigurationManager, init=-1: [8a411a4f-0e32-4dd1-80b9-a797c2117425:192.168.151.99:37125], old=null, confs=<EMPTY_MAP>
2019-09-26 15:08:33,984 [pool-27-thread-1] INFO  server.RaftServerConfigKeys (ConfUtils.java:logGet(43)) - raft.server.storage.dir = [/workdir/hadoop-ozone/integration-test/target/test-dir/MiniOzoneClusterImpl-646ad58d-3cd3-4092-ab15-506251c55e5b/datanode-0/data/ratis] (custom)
2019-09-26 15:08:33,985 [pool-27-thread-1] INFO  storage.RaftStorageDirectory (RaftStorageDirectory.java:analyzeStorage(246)) - The storage directory /workdir/hadoop-ozone/integration-test/target/test-dir/MiniOzoneClusterImpl-646ad58d-3cd3-4092-ab15-506251c55e5b/datanode-0/data/ratis/d9faa06f-4ebf-4510-b92f-46ecc70944d4 does not exist. Creating ...
2019-09-26 15:08:33,997 [pool-27-thread-1] INFO  storage.RaftStorageDirectory (RaftStorageDirectory.java:tryLock(328)) - Lock on /workdir/hadoop-ozone/integration-test/target/test-dir/MiniOzoneClusterImpl-646ad58d-3cd3-4092-ab15-506251c55e5b/datanode-0/data/ratis/d9faa06f-4ebf-4510-b92f-46ecc70944d4/in_use.lock acquired by nodename 7157@pr-hdds-1569-g6sp5-2013761785
2019-09-26 15:08:34,011 [pool-27-thread-1] INFO  storage.RaftStorage (RaftStorage.java:format(72)) - Storage directory /workdir/hadoop-ozone/integration-test/target/test-dir/MiniOzoneClusterImpl-646ad58d-3cd3-4092-ab15-506251c55e5b/datanode-0/data/ratis/d9faa06f-4ebf-4510-b92f-46ecc70944d4 has been successfully formatted.
2019-09-26 15:08:34,011 [pool-27-thread-1] INFO  ratis.ContainerStateMachine (ContainerStateMachine.java:loadSnapshot(230)) - group-46ECC70944D4: The snapshot info is null. Setting the last applied indexto:(t:0, i:~)
2019-09-26 15:08:34,011 [pool-27-thread-1] INFO  server.RaftServerConfigKeys (ConfUtils.java:logGet(43)) - raft.server.notification.no-leader.timeout = 120s (custom)
2019-09-26 15:08:34,011 [pool-27-thread-1] INFO  server.RaftServerConfigKeys (ConfUtils.java:logGet(43)) - raft.server.log.use.memory = false (default)
2019-09-26 15:08:34,011 [pool-27-thread-1] INFO  server.RaftServerConfigKeys (ConfUtils.java:logGet(43)) - raft.server.log.purge.gap = 1000000 (custom)
2019-09-26 15:08:34,012 [pool-27-thread-1] INFO  server.RaftServerConfigKeys (ConfUtils.java:logGet(43)) - raft.server.log.appender.buffer.byte-limit = 33554432 (custom)
2019-09-26 15:08:34,012 [pool-27-thread-1] INFO  server.RaftServerConfigKeys (ConfUtils.java:logGet(43)) - raft.server.log.segment.size.max = 1048576 (custom)
2019-09-26 15:08:34,012 [pool-27-thread-1] INFO  server.RaftServerConfigKeys (ConfUtils.java:logGet(43)) - raft.server.log.segment.cache.num.max = 2 (custom)
2019-09-26 15:08:34,012 [pool-27-thread-1] INFO  segmented.SegmentedRaftLogWorker (SegmentedRaftLogWorker.java:<init>(172)) - new 8a411a4f-0e32-4dd1-80b9-a797c2117425@group-46ECC70944D4-SegmentedRaftLogWorker for RaftStorage:Storage Directory /workdir/hadoop-ozone/integration-test/target/test-dir/MiniOzoneClusterImpl-646ad58d-3cd3-4092-ab15-506251c55e5b/datanode-0/data/ratis/d9faa06f-4ebf-4510-b92f-46ecc70944d4
2019-09-26 15:08:34,012 [pool-27-thread-1] INFO  server.RaftServerConfigKeys (ConfUtils.java:logGet(43)) - raft.server.log.queue.byte-limit = 2147483647 (custom)
2019-09-26 15:08:34,012 [pool-27-thread-1] INFO  server.RaftServerConfigKeys (ConfUtils.java:logGet(43)) - raft.server.log.queue.element-limit = 1024 (custom)
2019-09-26 15:08:34,012 [pool-27-thread-1] INFO  server.RaftServerConfigKeys (ConfUtils.java:logGet(43)) - raft.server.log.segment.size.max = 1048576 (custom)
2019-09-26 15:08:34,012 [pool-27-thread-1] INFO  server.RaftServerConfigKeys (ConfUtils.java:logGet(43)) - raft.server.log.preallocated.size = 16384 (custom)
2019-09-26 15:08:34,012 [pool-27-thread-1] INFO  server.RaftServerConfigKeys (ConfUtils.java:logGet(43)) - raft.server.log.write.buffer.size = 33554432 (custom)
2019-09-26 15:08:34,012 [pool-27-thread-1] INFO  server.RaftServerConfigKeys (ConfUtils.java:logGet(43)) - raft.server.log.force.sync.num = 128 (default)
2019-09-26 15:08:34,013 [pool-27-thread-1] INFO  server.RaftServerConfigKeys (ConfUtils.java:logGet(43)) - raft.server.log.statemachine.data.sync = true (default)
2019-09-26 15:08:34,013 [pool-27-thread-1] INFO  server.RaftServerConfigKeys (ConfUtils.java:logGet(43)) - raft.server.log.statemachine.data.sync.timeout = 10s (default)
2019-09-26 15:08:34,013 [pool-27-thread-1] INFO  server.RaftServerConfigKeys (ConfUtils.java:logGet(43)) - raft.server.log.statemachine.data.sync.timeout.retry = -1 (default)
2019-09-26 15:08:34,013 [pool-27-thread-1] INFO  server.RaftServerConfigKeys (ConfUtils.java:logGet(43)) - raft.server.log.statemachine.data.caching.enabled = true (custom)
2019-09-26 15:08:34,013 [pool-27-thread-1] INFO  segmented.SegmentedRaftLogWorker (SegmentedRaftLogWorker.java:lambda$new$0(132)) - 8a411a4f-0e32-4dd1-80b9-a797c2117425@group-46ECC70944D4-SegmentedRaftLogWorker: flushIndex: setUnconditionally 0 -> -1
2019-09-26 15:08:34,013 [pool-27-thread-1] INFO  server.RaftServerConfigKeys (ConfUtils.java:logGet(43)) - raft.server.snapshot.auto.trigger.enabled = true (custom)
2019-09-26 15:08:34,013 [pool-27-thread-1] INFO  server.RaftServerConfigKeys (ConfUtils.java:logGet(43)) - raft.server.snapshot.auto.trigger.threshold = 10000 (custom)
2019-09-26 15:08:34,013 [pool-27-thread-1] INFO  server.RaftServerConfigKeys (ConfUtils.java:logGet(43)) - raft.server.snapshot.retention.num.files = 5 (custom)
2019-09-26 15:08:34,014 [pool-27-thread-1] INFO  server.RaftServerConfigKeys (ConfUtils.java:logGet(43)) - raft.server.retrycache.expirytime = 600000ms (custom)
2019-09-26 15:08:34,015 [pool-27-thread-1] INFO  impl.RaftServerImpl (RaftServerImpl.java:start(185)) - 8a411a4f-0e32-4dd1-80b9-a797c2117425@group-46ECC70944D4: start as a follower, conf=-1: [8a411a4f-0e32-4dd1-80b9-a797c2117425:192.168.151.99:37125], old=null
2019-09-26 15:08:34,015 [pool-27-thread-1] INFO  impl.RaftServerImpl (RaftServerImpl.java:setRole(174)) - 8a411a4f-0e32-4dd1-80b9-a797c2117425@group-46ECC70944D4: changes role from      null to FOLLOWER at term 0 for startAsFollower
2019-09-26 15:08:34,015 [pool-27-thread-1] INFO  impl.RoleInfo (RoleInfo.java:updateAndGet(143)) - 8a411a4f-0e32-4dd1-80b9-a797c2117425: start FollowerState
2019-09-26 15:08:34,015 [pool-27-thread-1] INFO  util.JmxRegister (JmxRegister.java:tryRegister(44)) - Successfully registered JMX Bean with object name Ratis:service=RaftServer,group=group-46ECC70944D4,id=8a411a4f-0e32-4dd1-80b9-a797c2117425
2019-09-26 15:08:34,019 [RatisPipelineUtilsThread] INFO  pipeline.PipelineStateManager (PipelineStateManager.java:addPipeline(56)) - Created pipeline Pipeline[ Id: d9faa06f-4ebf-4510-b92f-46ecc70944d4, Nodes: 8a411a4f-0e32-4dd1-80b9-a797c2117425{ip: 192.168.151.99, host: pr-hdds-1569-g6sp5-2013761785, networkLocation: /default-rack, certSerialId: null}, Type:RATIS, Factor:ONE, State:OPEN]
2019-09-26 15:08:34,025 [grpc-default-executor-0] INFO  impl.RaftServerProxy (RaftServerProxy.java:addNew(89)) - 8a411a4f-0e32-4dd1-80b9-a797c2117425: addNew group-2B78330446BC:[8a411a4f-0e32-4dd1-80b9-a797c2117425:192.168.151.99:37125] returns group-2B78330446BC:java.util.concurrent.CompletableFuture@7bde8c3e[Not completed]
2019-09-26 15:08:34,026 [pool-27-thread-1] INFO  impl.RaftServerImpl (RaftServerImpl.java:<init>(95)) - 8a411a4f-0e32-4dd1-80b9-a797c2117425: new RaftServerImpl for group-2B78330446BC:[8a411a4f-0e32-4dd1-80b9-a797c2117425:192.168.151.99:37125] with ContainerStateMachine:uninitialized
2019-09-26 15:08:34,026 [pool-27-thread-1] INFO  server.RaftServerConfigKeys (ConfUtils.java:logGet(43)) - raft.server.rpc.timeout.min = 5s (custom)
2019-09-26 15:08:34,026 [pool-27-thread-1] INFO  server.RaftServerConfigKeys (ConfUtils.java:logGet(43)) - raft.server.rpc.timeout.max = 5200ms (custom)
2019-09-26 15:08:34,026 [pool-27-thread-1] INFO  server.RaftServerConfigKeys (ConfUtils.java:logGet(43)) - raft.server.rpcslowness.timeout = 120s (custom)
2019-09-26 15:08:34,026 [pool-27-thread-1] INFO  server.RaftServerConfigKeys (ConfUtils.java:logGet(43)) - raft.server.sleep.deviation.threshold = 300 (default)
2019-09-26 15:08:34,026 [pool-27-thread-1] INFO  server.RaftServerConfigKeys (ConfUtils.java:logGet(43)) - raft.server.log.appender.install.snapshot.enabled = false (custom)
2019-09-26 15:08:34,026 [pool-27-thread-1] INFO  impl.RaftServerImpl (ServerState.java:<init>(103)) - 8a411a4f-0e32-4dd1-80b9-a797c2117425@group-2B78330446BC: ConfigurationManager, init=-1: [8a411a4f-0e32-4dd1-80b9-a797c2117425:192.168.151.99:37125], old=null, confs=<EMPTY_MAP>
2019-09-26 15:08:34,026 [pool-27-thread-1] INFO  server.RaftServerConfigKeys (ConfUtils.java:logGet(43)) - raft.server.storage.dir = [/workdir/hadoop-ozone/integration-test/target/test-dir/MiniOzoneClusterImpl-646ad58d-3cd3-4092-ab15-506251c55e5b/datanode-0/data/ratis] (custom)
2019-09-26 15:08:34,027 [pool-27-thread-1] INFO  storage.RaftStorageDirectory (RaftStorageDirectory.java:analyzeStorage(246)) - The storage directory /workdir/hadoop-ozone/integration-test/target/test-dir/MiniOzoneClusterImpl-646ad58d-3cd3-4092-ab15-506251c55e5b/datanode-0/data/ratis/492b9f8c-0eeb-4bd1-815b-2b78330446bc does not exist. Creating ...
2019-09-26 15:08:34,040 [pool-27-thread-1] INFO  storage.RaftStorageDirectory (RaftStorageDirectory.java:tryLock(328)) - Lock on /workdir/hadoop-ozone/integration-test/target/test-dir/MiniOzoneClusterImpl-646ad58d-3cd3-4092-ab15-506251c55e5b/datanode-0/data/ratis/492b9f8c-0eeb-4bd1-815b-2b78330446bc/in_use.lock acquired by nodename 7157@pr-hdds-1569-g6sp5-2013761785
2019-09-26 15:08:34,053 [pool-27-thread-1] INFO  storage.RaftStorage (RaftStorage.java:format(72)) - Storage directory /workdir/hadoop-ozone/integration-test/target/test-dir/MiniOzoneClusterImpl-646ad58d-3cd3-4092-ab15-506251c55e5b/datanode-0/data/ratis/492b9f8c-0eeb-4bd1-815b-2b78330446bc has been successfully formatted.
2019-09-26 15:08:34,053 [pool-27-thread-1] INFO  ratis.ContainerStateMachine (ContainerStateMachine.java:loadSnapshot(230)) - group-2B78330446BC: The snapshot info is null. Setting the last applied indexto:(t:0, i:~)
2019-09-26 15:08:34,053 [pool-27-thread-1] INFO  server.RaftServerConfigKeys (ConfUtils.java:logGet(43)) - raft.server.notification.no-leader.timeout = 120s (custom)
2019-09-26 15:08:34,054 [pool-27-thread-1] INFO  server.RaftServerConfigKeys (ConfUtils.java:logGet(43)) - raft.server.log.use.memory = false (default)
2019-09-26 15:08:34,054 [pool-27-thread-1] INFO  server.RaftServerConfigKeys (ConfUtils.java:logGet(43)) - raft.server.log.purge.gap = 1000000 (custom)
2019-09-26 15:08:34,054 [pool-27-thread-1] INFO  server.RaftServerConfigKeys (ConfUtils.java:logGet(43)) - raft.server.log.appender.buffer.byte-limit = 33554432 (custom)
2019-09-26 15:08:34,054 [pool-27-thread-1] INFO  server.RaftServerConfigKeys (ConfUtils.java:logGet(43)) - raft.server.log.segment.size.max = 1048576 (custom)
2019-09-26 15:08:34,054 [pool-27-thread-1] INFO  server.RaftServerConfigKeys (ConfUtils.java:logGet(43)) - raft.server.log.segment.cache.num.max = 2 (custom)
2019-09-26 15:08:34,054 [pool-27-thread-1] INFO  segmented.SegmentedRaftLogWorker (SegmentedRaftLogWorker.java:<init>(172)) - new 8a411a4f-0e32-4dd1-80b9-a797c2117425@group-2B78330446BC-SegmentedRaftLogWorker for RaftStorage:Storage Directory /workdir/hadoop-ozone/integration-test/target/test-dir/MiniOzoneClusterImpl-646ad58d-3cd3-4092-ab15-506251c55e5b/datanode-0/data/ratis/492b9f8c-0eeb-4bd1-815b-2b78330446bc
2019-09-26 15:08:34,054 [pool-27-thread-1] INFO  server.RaftServerConfigKeys (ConfUtils.java:logGet(43)) - raft.server.log.queue.byte-limit = 2147483647 (custom)
2019-09-26 15:08:34,054 [pool-27-thread-1] INFO  server.RaftServerConfigKeys (ConfUtils.java:logGet(43)) - raft.server.log.queue.element-limit = 1024 (custom)
2019-09-26 15:08:34,054 [pool-27-thread-1] INFO  server.RaftServerConfigKeys (ConfUtils.java:logGet(43)) - raft.server.log.segment.size.max = 1048576 (custom)
2019-09-26 15:08:34,054 [pool-27-thread-1] INFO  server.RaftServerConfigKeys (ConfUtils.java:logGet(43)) - raft.server.log.preallocated.size = 16384 (custom)
2019-09-26 15:08:34,054 [pool-27-thread-1] INFO  server.RaftServerConfigKeys (ConfUtils.java:logGet(43)) - raft.server.log.write.buffer.size = 33554432 (custom)
2019-09-26 15:08:34,054 [pool-27-thread-1] INFO  server.RaftServerConfigKeys (ConfUtils.java:logGet(43)) - raft.server.log.force.sync.num = 128 (default)
2019-09-26 15:08:34,055 [pool-27-thread-1] INFO  server.RaftServerConfigKeys (ConfUtils.java:logGet(43)) - raft.server.log.statemachine.data.sync = true (default)
2019-09-26 15:08:34,055 [pool-27-thread-1] INFO  server.RaftServerConfigKeys (ConfUtils.java:logGet(43)) - raft.server.log.statemachine.data.sync.timeout = 10s (default)
2019-09-26 15:08:34,055 [pool-27-thread-1] INFO  server.RaftServerConfigKeys (ConfUtils.java:logGet(43)) - raft.server.log.statemachine.data.sync.timeout.retry = -1 (default)
2019-09-26 15:08:34,055 [pool-27-thread-1] INFO  server.RaftServerConfigKeys (ConfUtils.java:logGet(43)) - raft.server.log.statemachine.data.caching.enabled = true (custom)
2019-09-26 15:08:34,055 [pool-27-thread-1] INFO  segmented.SegmentedRaftLogWorker (SegmentedRaftLogWorker.java:lambda$new$0(132)) - 8a411a4f-0e32-4dd1-80b9-a797c2117425@group-2B78330446BC-SegmentedRaftLogWorker: flushIndex: setUnconditionally 0 -> -1
2019-09-26 15:08:34,056 [pool-27-thread-1] INFO  server.RaftServerConfigKeys (ConfUtils.java:logGet(43)) - raft.server.snapshot.auto.trigger.enabled = true (custom)
2019-09-26 15:08:34,056 [pool-27-thread-1] INFO  server.RaftServerConfigKeys (ConfUtils.java:logGet(43)) - raft.server.snapshot.auto.trigger.threshold = 10000 (custom)
2019-09-26 15:08:34,056 [pool-27-thread-1] INFO  server.RaftServerConfigKeys (ConfUtils.java:logGet(43)) - raft.server.snapshot.retention.num.files = 5 (custom)
2019-09-26 15:08:34,056 [pool-27-thread-1] INFO  server.RaftServerConfigKeys (ConfUtils.java:logGet(43)) - raft.server.retrycache.expirytime = 600000ms (custom)
2019-09-26 15:08:34,058 [pool-27-thread-1] INFO  impl.RaftServerImpl (RaftServerImpl.java:start(185)) - 8a411a4f-0e32-4dd1-80b9-a797c2117425@group-2B78330446BC: start as a follower, conf=-1: [8a411a4f-0e32-4dd1-80b9-a797c2117425:192.168.151.99:37125], old=null
2019-09-26 15:08:34,058 [pool-27-thread-1] INFO  impl.RaftServerImpl (RaftServerImpl.java:setRole(174)) - 8a411a4f-0e32-4dd1-80b9-a797c2117425@group-2B78330446BC: changes role from      null to FOLLOWER at term 0 for startAsFollower
2019-09-26 15:08:34,058 [pool-27-thread-1] INFO  impl.RoleInfo (RoleInfo.java:updateAndGet(143)) - 8a411a4f-0e32-4dd1-80b9-a797c2117425: start FollowerState
2019-09-26 15:08:34,058 [pool-27-thread-1] INFO  util.JmxRegister (JmxRegister.java:tryRegister(44)) - Successfully registered JMX Bean with object name Ratis:service=RaftServer,group=group-2B78330446BC,id=8a411a4f-0e32-4dd1-80b9-a797c2117425
2019-09-26 15:08:34,061 [RatisPipelineUtilsThread] INFO  pipeline.PipelineStateManager (PipelineStateManager.java:addPipeline(56)) - Created pipeline Pipeline[ Id: 492b9f8c-0eeb-4bd1-815b-2b78330446bc, Nodes: 8a411a4f-0e32-4dd1-80b9-a797c2117425{ip: 192.168.151.99, host: pr-hdds-1569-g6sp5-2013761785, networkLocation: /default-rack, certSerialId: null}, Type:RATIS, Factor:ONE, State:OPEN]
2019-09-26 15:08:34,071 [grpc-default-executor-0] INFO  impl.RaftServerProxy (RaftServerProxy.java:addNew(89)) - 8a411a4f-0e32-4dd1-80b9-a797c2117425: addNew group-B82DE6D48904:[8a411a4f-0e32-4dd1-80b9-a797c2117425:192.168.151.99:37125] returns group-B82DE6D48904:java.util.concurrent.CompletableFuture@5e641a26[Not completed]
2019-09-26 15:08:34,074 [pool-27-thread-1] INFO  impl.RaftServerImpl (RaftServerImpl.java:<init>(95)) - 8a411a4f-0e32-4dd1-80b9-a797c2117425: new RaftServerImpl for group-B82DE6D48904:[8a411a4f-0e32-4dd1-80b9-a797c2117425:192.168.151.99:37125] with ContainerStateMachine:uninitialized
2019-09-26 15:08:34,075 [pool-27-thread-1] INFO  server.RaftServerConfigKeys (ConfUtils.java:logGet(43)) - raft.server.rpc.timeout.min = 5s (custom)
2019-09-26 15:08:34,075 [pool-27-thread-1] INFO  server.RaftServerConfigKeys (ConfUtils.java:logGet(43)) - raft.server.rpc.timeout.max = 5200ms (custom)
2019-09-26 15:08:34,075 [pool-27-thread-1] INFO  server.RaftServerConfigKeys (ConfUtils.java:logGet(43)) - raft.server.rpcslowness.timeout = 120s (custom)
2019-09-26 15:08:34,075 [pool-27-thread-1] INFO  server.RaftServerConfigKeys (ConfUtils.java:logGet(43)) - raft.server.sleep.deviation.threshold = 300 (default)
2019-09-26 15:08:34,075 [pool-27-thread-1] INFO  server.RaftServerConfigKeys (ConfUtils.java:logGet(43)) - raft.server.log.appender.install.snapshot.enabled = false (custom)
2019-09-26 15:08:34,075 [pool-27-thread-1] INFO  impl.RaftServerImpl (ServerState.java:<init>(103)) - 8a411a4f-0e32-4dd1-80b9-a797c2117425@group-B82DE6D48904: ConfigurationManager, init=-1: [8a411a4f-0e32-4dd1-80b9-a797c2117425:192.168.151.99:37125], old=null, confs=<EMPTY_MAP>
2019-09-26 15:08:34,076 [pool-27-thread-1] INFO  server.RaftServerConfigKeys (ConfUtils.java:logGet(43)) - raft.server.storage.dir = [/workdir/hadoop-ozone/integration-test/target/test-dir/MiniOzoneClusterImpl-646ad58d-3cd3-4092-ab15-506251c55e5b/datanode-0/data/ratis] (custom)
2019-09-26 15:08:34,077 [pool-27-thread-1] INFO  storage.RaftStorageDirectory (RaftStorageDirectory.java:analyzeStorage(246)) - The storage directory /workdir/hadoop-ozone/integration-test/target/test-dir/MiniOzoneClusterImpl-646ad58d-3cd3-4092-ab15-506251c55e5b/datanode-0/data/ratis/1655d447-7f61-422b-8aa7-b82de6d48904 does not exist. Creating ...
2019-09-26 15:08:34,089 [pool-27-thread-1] INFO  storage.RaftStorageDirectory (RaftStorageDirectory.java:tryLock(328)) - Lock on /workdir/hadoop-ozone/integration-test/target/test-dir/MiniOzoneClusterImpl-646ad58d-3cd3-4092-ab15-506251c55e5b/datanode-0/data/ratis/1655d447-7f61-422b-8aa7-b82de6d48904/in_use.lock acquired by nodename 7157@pr-hdds-1569-g6sp5-2013761785
2019-09-26 15:08:34,102 [pool-27-thread-1] INFO  storage.RaftStorage (RaftStorage.java:format(72)) - Storage directory /workdir/hadoop-ozone/integration-test/target/test-dir/MiniOzoneClusterImpl-646ad58d-3cd3-4092-ab15-506251c55e5b/datanode-0/data/ratis/1655d447-7f61-422b-8aa7-b82de6d48904 has been successfully formatted.
2019-09-26 15:08:34,102 [pool-27-thread-1] INFO  ratis.ContainerStateMachine (ContainerStateMachine.java:loadSnapshot(230)) - group-B82DE6D48904: The snapshot info is null. Setting the last applied indexto:(t:0, i:~)
2019-09-26 15:08:34,102 [pool-27-thread-1] INFO  server.RaftServerConfigKeys (ConfUtils.java:logGet(43)) - raft.server.notification.no-leader.timeout = 120s (custom)
2019-09-26 15:08:34,103 [pool-27-thread-1] INFO  server.RaftServerConfigKeys (ConfUtils.java:logGet(43)) - raft.server.log.use.memory = false (default)
2019-09-26 15:08:34,103 [pool-27-thread-1] INFO  server.RaftServerConfigKeys (ConfUtils.java:logGet(43)) - raft.server.log.purge.gap = 1000000 (custom)
2019-09-26 15:08:34,103 [pool-27-thread-1] INFO  server.RaftServerConfigKeys (ConfUtils.java:logGet(43)) - raft.server.log.appender.buffer.byte-limit = 33554432 (custom)
2019-09-26 15:08:34,103 [pool-27-thread-1] INFO  server.RaftServerConfigKeys (ConfUtils.java:logGet(43)) - raft.server.log.segment.size.max = 1048576 (custom)
2019-09-26 15:08:34,103 [pool-27-thread-1] INFO  server.RaftServerConfigKeys (ConfUtils.java:logGet(43)) - raft.server.log.segment.cache.num.max = 2 (custom)
2019-09-26 15:08:34,103 [pool-27-thread-1] INFO  segmented.SegmentedRaftLogWorker (SegmentedRaftLogWorker.java:<init>(172)) - new 8a411a4f-0e32-4dd1-80b9-a797c2117425@group-B82DE6D48904-SegmentedRaftLogWorker for RaftStorage:Storage Directory /workdir/hadoop-ozone/integration-test/target/test-dir/MiniOzoneClusterImpl-646ad58d-3cd3-4092-ab15-506251c55e5b/datanode-0/data/ratis/1655d447-7f61-422b-8aa7-b82de6d48904
2019-09-26 15:08:34,103 [pool-27-thread-1] INFO  server.RaftServerConfigKeys (ConfUtils.java:logGet(43)) - raft.server.log.queue.byte-limit = 2147483647 (custom)
2019-09-26 15:08:34,103 [pool-27-thread-1] INFO  server.RaftServerConfigKeys (ConfUtils.java:logGet(43)) - raft.server.log.queue.element-limit = 1024 (custom)
2019-09-26 15:08:34,103 [pool-27-thread-1] INFO  server.RaftServerConfigKeys (ConfUtils.java:logGet(43)) - raft.server.log.segment.size.max = 1048576 (custom)
2019-09-26 15:08:34,103 [pool-27-thread-1] INFO  server.RaftServerConfigKeys (ConfUtils.java:logGet(43)) - raft.server.log.preallocated.size = 16384 (custom)
2019-09-26 15:08:34,104 [pool-27-thread-1] INFO  server.RaftServerConfigKeys (ConfUtils.java:logGet(43)) - raft.server.log.write.buffer.size = 33554432 (custom)
2019-09-26 15:08:34,104 [pool-27-thread-1] INFO  server.RaftServerConfigKeys (ConfUtils.java:logGet(43)) - raft.server.log.force.sync.num = 128 (default)
2019-09-26 15:08:34,104 [pool-27-thread-1] INFO  server.RaftServerConfigKeys (ConfUtils.java:logGet(43)) - raft.server.log.statemachine.data.sync = true (default)
2019-09-26 15:08:34,104 [pool-27-thread-1] INFO  server.RaftServerConfigKeys (ConfUtils.java:logGet(43)) - raft.server.log.statemachine.data.sync.timeout = 10s (default)
2019-09-26 15:08:34,104 [pool-27-thread-1] INFO  server.RaftServerConfigKeys (ConfUtils.java:logGet(43)) - raft.server.log.statemachine.data.sync.timeout.retry = -1 (default)
2019-09-26 15:08:34,104 [pool-27-thread-1] INFO  server.RaftServerConfigKeys (ConfUtils.java:logGet(43)) - raft.server.log.statemachine.data.caching.enabled = true (custom)
2019-09-26 15:08:34,104 [pool-27-thread-1] INFO  segmented.SegmentedRaftLogWorker (SegmentedRaftLogWorker.java:lambda$new$0(132)) - 8a411a4f-0e32-4dd1-80b9-a797c2117425@group-B82DE6D48904-SegmentedRaftLogWorker: flushIndex: setUnconditionally 0 -> -1
2019-09-26 15:08:34,104 [pool-27-thread-1] INFO  server.RaftServerConfigKeys (ConfUtils.java:logGet(43)) - raft.server.snapshot.auto.trigger.enabled = true (custom)
2019-09-26 15:08:34,105 [pool-27-thread-1] INFO  server.RaftServerConfigKeys (ConfUtils.java:logGet(43)) - raft.server.snapshot.auto.trigger.threshold = 10000 (custom)
2019-09-26 15:08:34,105 [pool-27-thread-1] INFO  server.RaftServerConfigKeys (ConfUtils.java:logGet(43)) - raft.server.snapshot.retention.num.files = 5 (custom)
2019-09-26 15:08:34,105 [pool-27-thread-1] INFO  server.RaftServerConfigKeys (ConfUtils.java:logGet(43)) - raft.server.retrycache.expirytime = 600000ms (custom)
2019-09-26 15:08:34,107 [pool-27-thread-1] INFO  impl.RaftServerImpl (RaftServerImpl.java:start(185)) - 8a411a4f-0e32-4dd1-80b9-a797c2117425@group-B82DE6D48904: start as a follower, conf=-1: [8a411a4f-0e32-4dd1-80b9-a797c2117425:192.168.151.99:37125], old=null
2019-09-26 15:08:34,107 [pool-27-thread-1] INFO  impl.RaftServerImpl (RaftServerImpl.java:setRole(174)) - 8a411a4f-0e32-4dd1-80b9-a797c2117425@group-B82DE6D48904: changes role from      null to FOLLOWER at term 0 for startAsFollower
2019-09-26 15:08:34,107 [pool-27-thread-1] INFO  impl.RoleInfo (RoleInfo.java:updateAndGet(143)) - 8a411a4f-0e32-4dd1-80b9-a797c2117425: start FollowerState
2019-09-26 15:08:34,107 [pool-27-thread-1] INFO  util.JmxRegister (JmxRegister.java:tryRegister(44)) - Successfully registered JMX Bean with object name Ratis:service=RaftServer,group=group-B82DE6D48904,id=8a411a4f-0e32-4dd1-80b9-a797c2117425
2019-09-26 15:08:34,110 [RatisPipelineUtilsThread] INFO  pipeline.PipelineStateManager (PipelineStateManager.java:addPipeline(56)) - Created pipeline Pipeline[ Id: 1655d447-7f61-422b-8aa7-b82de6d48904, Nodes: 8a411a4f-0e32-4dd1-80b9-a797c2117425{ip: 192.168.151.99, host: pr-hdds-1569-g6sp5-2013761785, networkLocation: /default-rack, certSerialId: null}, Type:RATIS, Factor:ONE, State:OPEN]
2019-09-26 15:08:34,114 [grpc-default-executor-0] INFO  impl.RaftServerProxy (RaftServerProxy.java:addNew(89)) - 8a411a4f-0e32-4dd1-80b9-a797c2117425: addNew group-FECB0F3475E8:[8a411a4f-0e32-4dd1-80b9-a797c2117425:192.168.151.99:37125] returns group-FECB0F3475E8:java.util.concurrent.CompletableFuture@3986710e[Not completed]
2019-09-26 15:08:34,116 [pool-27-thread-1] INFO  impl.RaftServerImpl (RaftServerImpl.java:<init>(95)) - 8a411a4f-0e32-4dd1-80b9-a797c2117425: new RaftServerImpl for group-FECB0F3475E8:[8a411a4f-0e32-4dd1-80b9-a797c2117425:192.168.151.99:37125] with ContainerStateMachine:uninitialized
2019-09-26 15:08:34,117 [pool-27-thread-1] INFO  server.RaftServerConfigKeys (ConfUtils.java:logGet(43)) - raft.server.rpc.timeout.min = 5s (custom)
2019-09-26 15:08:34,117 [pool-27-thread-1] INFO  server.RaftServerConfigKeys (ConfUtils.java:logGet(43)) - raft.server.rpc.timeout.max = 5200ms (custom)
2019-09-26 15:08:34,117 [pool-27-thread-1] INFO  server.RaftServerConfigKeys (ConfUtils.java:logGet(43)) - raft.server.rpcslowness.timeout = 120s (custom)
2019-09-26 15:08:34,117 [pool-27-thread-1] INFO  server.RaftServerConfigKeys (ConfUtils.java:logGet(43)) - raft.server.sleep.deviation.threshold = 300 (default)
2019-09-26 15:08:34,117 [pool-27-thread-1] INFO  server.RaftServerConfigKeys (ConfUtils.java:logGet(43)) - raft.server.log.appender.install.snapshot.enabled = false (custom)
2019-09-26 15:08:34,117 [pool-27-thread-1] INFO  impl.RaftServerImpl (ServerState.java:<init>(103)) - 8a411a4f-0e32-4dd1-80b9-a797c2117425@group-FECB0F3475E8: ConfigurationManager, init=-1: [8a411a4f-0e32-4dd1-80b9-a797c2117425:192.168.151.99:37125], old=null, confs=<EMPTY_MAP>
2019-09-26 15:08:34,118 [pool-27-thread-1] INFO  server.RaftServerConfigKeys (ConfUtils.java:logGet(43)) - raft.server.storage.dir = [/workdir/hadoop-ozone/integration-test/target/test-dir/MiniOzoneClusterImpl-646ad58d-3cd3-4092-ab15-506251c55e5b/datanode-0/data/ratis] (custom)
2019-09-26 15:08:34,118 [pool-27-thread-1] INFO  storage.RaftStorageDirectory (RaftStorageDirectory.java:analyzeStorage(246)) - The storage directory /workdir/hadoop-ozone/integration-test/target/test-dir/MiniOzoneClusterImpl-646ad58d-3cd3-4092-ab15-506251c55e5b/datanode-0/data/ratis/e76dc3d0-8348-4afa-8aa9-fecb0f3475e8 does not exist. Creating ...
2019-09-26 15:08:34,131 [pool-27-thread-1] INFO  storage.RaftStorageDirectory (RaftStorageDirectory.java:tryLock(328)) - Lock on /workdir/hadoop-ozone/integration-test/target/test-dir/MiniOzoneClusterImpl-646ad58d-3cd3-4092-ab15-506251c55e5b/datanode-0/data/ratis/e76dc3d0-8348-4afa-8aa9-fecb0f3475e8/in_use.lock acquired by nodename 7157@pr-hdds-1569-g6sp5-2013761785
2019-09-26 15:08:34,144 [pool-27-thread-1] INFO  storage.RaftStorage (RaftStorage.java:format(72)) - Storage directory /workdir/hadoop-ozone/integration-test/target/test-dir/MiniOzoneClusterImpl-646ad58d-3cd3-4092-ab15-506251c55e5b/datanode-0/data/ratis/e76dc3d0-8348-4afa-8aa9-fecb0f3475e8 has been successfully formatted.
2019-09-26 15:08:34,144 [pool-27-thread-1] INFO  ratis.ContainerStateMachine (ContainerStateMachine.java:loadSnapshot(230)) - group-FECB0F3475E8: The snapshot info is null. Setting the last applied indexto:(t:0, i:~)
2019-09-26 15:08:34,145 [pool-27-thread-1] INFO  server.RaftServerConfigKeys (ConfUtils.java:logGet(43)) - raft.server.notification.no-leader.timeout = 120s (custom)
2019-09-26 15:08:34,145 [pool-27-thread-1] INFO  server.RaftServerConfigKeys (ConfUtils.java:logGet(43)) - raft.server.log.use.memory = false (default)
2019-09-26 15:08:34,145 [pool-27-thread-1] INFO  server.RaftServerConfigKeys (ConfUtils.java:logGet(43)) - raft.server.log.purge.gap = 1000000 (custom)
2019-09-26 15:08:34,145 [pool-27-thread-1] INFO  server.RaftServerConfigKeys (ConfUtils.java:logGet(43)) - raft.server.log.appender.buffer.byte-limit = 33554432 (custom)
2019-09-26 15:08:34,145 [pool-27-thread-1] INFO  server.RaftServerConfigKeys (ConfUtils.java:logGet(43)) - raft.server.log.segment.size.max = 1048576 (custom)
2019-09-26 15:08:34,145 [pool-27-thread-1] INFO  server.RaftServerConfigKeys (ConfUtils.java:logGet(43)) - raft.server.log.segment.cache.num.max = 2 (custom)
2019-09-26 15:08:34,145 [pool-27-thread-1] INFO  segmented.SegmentedRaftLogWorker (SegmentedRaftLogWorker.java:<init>(172)) - new 8a411a4f-0e32-4dd1-80b9-a797c2117425@group-FECB0F3475E8-SegmentedRaftLogWorker for RaftStorage:Storage Directory /workdir/hadoop-ozone/integration-test/target/test-dir/MiniOzoneClusterImpl-646ad58d-3cd3-4092-ab15-506251c55e5b/datanode-0/data/ratis/e76dc3d0-8348-4afa-8aa9-fecb0f3475e8
2019-09-26 15:08:34,145 [pool-27-thread-1] INFO  server.RaftServerConfigKeys (ConfUtils.java:logGet(43)) - raft.server.log.queue.byte-limit = 2147483647 (custom)
2019-09-26 15:08:34,146 [pool-27-thread-1] INFO  server.RaftServerConfigKeys (ConfUtils.java:logGet(43)) - raft.server.log.queue.element-limit = 1024 (custom)
2019-09-26 15:08:34,146 [pool-27-thread-1] INFO  server.RaftServerConfigKeys (ConfUtils.java:logGet(43)) - raft.server.log.segment.size.max = 1048576 (custom)
2019-09-26 15:08:34,146 [pool-27-thread-1] INFO  server.RaftServerConfigKeys (ConfUtils.java:logGet(43)) - raft.server.log.preallocated.size = 16384 (custom)
2019-09-26 15:08:34,146 [pool-27-thread-1] INFO  server.RaftServerConfigKeys (ConfUtils.java:logGet(43)) - raft.server.log.write.buffer.size = 33554432 (custom)
2019-09-26 15:08:34,146 [pool-27-thread-1] INFO  server.RaftServerConfigKeys (ConfUtils.java:logGet(43)) - raft.server.log.force.sync.num = 128 (default)
2019-09-26 15:08:34,146 [pool-27-thread-1] INFO  server.RaftServerConfigKeys (ConfUtils.java:logGet(43)) - raft.server.log.statemachine.data.sync = true (default)
2019-09-26 15:08:34,146 [pool-27-thread-1] INFO  server.RaftServerConfigKeys (ConfUtils.java:logGet(43)) - raft.server.log.statemachine.data.sync.timeout = 10s (default)
2019-09-26 15:08:34,146 [pool-27-thread-1] INFO  server.RaftServerConfigKeys (ConfUtils.java:logGet(43)) - raft.server.log.statemachine.data.sync.timeout.retry = -1 (default)
2019-09-26 15:08:34,147 [pool-27-thread-1] INFO  server.RaftServerConfigKeys (ConfUtils.java:logGet(43)) - raft.server.log.statemachine.data.caching.enabled = true (custom)
2019-09-26 15:08:34,147 [pool-27-thread-1] INFO  segmented.SegmentedRaftLogWorker (SegmentedRaftLogWorker.java:lambda$new$0(132)) - 8a411a4f-0e32-4dd1-80b9-a797c2117425@group-FECB0F3475E8-SegmentedRaftLogWorker: flushIndex: setUnconditionally 0 -> -1
2019-09-26 15:08:34,147 [pool-27-thread-1] INFO  server.RaftServerConfigKeys (ConfUtils.java:logGet(43)) - raft.server.snapshot.auto.trigger.enabled = true (custom)
2019-09-26 15:08:34,147 [pool-27-thread-1] INFO  server.RaftServerConfigKeys (ConfUtils.java:logGet(43)) - raft.server.snapshot.auto.trigger.threshold = 10000 (custom)
2019-09-26 15:08:34,147 [pool-27-thread-1] INFO  server.RaftServerConfigKeys (ConfUtils.java:logGet(43)) - raft.server.snapshot.retention.num.files = 5 (custom)
2019-09-26 15:08:34,148 [pool-27-thread-1] INFO  server.RaftServerConfigKeys (ConfUtils.java:logGet(43)) - raft.server.retrycache.expirytime = 600000ms (custom)
2019-09-26 15:08:34,149 [pool-27-thread-1] INFO  impl.RaftServerImpl (RaftServerImpl.java:start(185)) - 8a411a4f-0e32-4dd1-80b9-a797c2117425@group-FECB0F3475E8: start as a follower, conf=-1: [8a411a4f-0e32-4dd1-80b9-a797c2117425:192.168.151.99:37125], old=null
2019-09-26 15:08:34,150 [pool-27-thread-1] INFO  impl.RaftServerImpl (RaftServerImpl.java:setRole(174)) - 8a411a4f-0e32-4dd1-80b9-a797c2117425@group-FECB0F3475E8: changes role from      null to FOLLOWER at term 0 for startAsFollower
2019-09-26 15:08:34,150 [pool-27-thread-1] INFO  impl.RoleInfo (RoleInfo.java:updateAndGet(143)) - 8a411a4f-0e32-4dd1-80b9-a797c2117425: start FollowerState
2019-09-26 15:08:34,150 [pool-27-thread-1] INFO  util.JmxRegister (JmxRegister.java:tryRegister(44)) - Successfully registered JMX Bean with object name Ratis:service=RaftServer,group=group-FECB0F3475E8,id=8a411a4f-0e32-4dd1-80b9-a797c2117425
2019-09-26 15:08:34,153 [RatisPipelineUtilsThread] INFO  pipeline.PipelineStateManager (PipelineStateManager.java:addPipeline(56)) - Created pipeline Pipeline[ Id: e76dc3d0-8348-4afa-8aa9-fecb0f3475e8, Nodes: 8a411a4f-0e32-4dd1-80b9-a797c2117425{ip: 192.168.151.99, host: pr-hdds-1569-g6sp5-2013761785, networkLocation: /default-rack, certSerialId: null}, Type:RATIS, Factor:ONE, State:OPEN]
2019-09-26 15:08:34,159 [grpc-default-executor-0] INFO  impl.RaftServerProxy (RaftServerProxy.java:addNew(89)) - 8a411a4f-0e32-4dd1-80b9-a797c2117425: addNew group-0B799EF4D341:[8a411a4f-0e32-4dd1-80b9-a797c2117425:192.168.151.99:37125] returns group-0B799EF4D341:java.util.concurrent.CompletableFuture@1a169c06[Not completed]
2019-09-26 15:08:34,160 [pool-27-thread-1] INFO  impl.RaftServerImpl (RaftServerImpl.java:<init>(95)) - 8a411a4f-0e32-4dd1-80b9-a797c2117425: new RaftServerImpl for group-0B799EF4D341:[8a411a4f-0e32-4dd1-80b9-a797c2117425:192.168.151.99:37125] with ContainerStateMachine:uninitialized
2019-09-26 15:08:34,160 [pool-27-thread-1] INFO  server.RaftServerConfigKeys (ConfUtils.java:logGet(43)) - raft.server.rpc.timeout.min = 5s (custom)
2019-09-26 15:08:34,160 [pool-27-thread-1] INFO  server.RaftServerConfigKeys (ConfUtils.java:logGet(43)) - raft.server.rpc.timeout.max = 5200ms (custom)
2019-09-26 15:08:34,160 [pool-27-thread-1] INFO  server.RaftServerConfigKeys (ConfUtils.java:logGet(43)) - raft.server.rpcslowness.timeout = 120s (custom)
2019-09-26 15:08:34,160 [pool-27-thread-1] INFO  server.RaftServerConfigKeys (ConfUtils.java:logGet(43)) - raft.server.sleep.deviation.threshold = 300 (default)
2019-09-26 15:08:34,160 [pool-27-thread-1] INFO  server.RaftServerConfigKeys (ConfUtils.java:logGet(43)) - raft.server.log.appender.install.snapshot.enabled = false (custom)
2019-09-26 15:08:34,161 [pool-27-thread-1] INFO  impl.RaftServerImpl (ServerState.java:<init>(103)) - 8a411a4f-0e32-4dd1-80b9-a797c2117425@group-0B799EF4D341: ConfigurationManager, init=-1: [8a411a4f-0e32-4dd1-80b9-a797c2117425:192.168.151.99:37125], old=null, confs=<EMPTY_MAP>
2019-09-26 15:08:34,161 [pool-27-thread-1] INFO  server.RaftServerConfigKeys (ConfUtils.java:logGet(43)) - raft.server.storage.dir = [/workdir/hadoop-ozone/integration-test/target/test-dir/MiniOzoneClusterImpl-646ad58d-3cd3-4092-ab15-506251c55e5b/datanode-0/data/ratis] (custom)
2019-09-26 15:08:34,161 [pool-27-thread-1] INFO  storage.RaftStorageDirectory (RaftStorageDirectory.java:analyzeStorage(246)) - The storage directory /workdir/hadoop-ozone/integration-test/target/test-dir/MiniOzoneClusterImpl-646ad58d-3cd3-4092-ab15-506251c55e5b/datanode-0/data/ratis/2cb00347-c734-48cd-9b77-0b799ef4d341 does not exist. Creating ...
2019-09-26 15:08:34,165 [pool-27-thread-1] INFO  storage.RaftStorageDirectory (RaftStorageDirectory.java:tryLock(328)) - Lock on /workdir/hadoop-ozone/integration-test/target/test-dir/MiniOzoneClusterImpl-646ad58d-3cd3-4092-ab15-506251c55e5b/datanode-0/data/ratis/2cb00347-c734-48cd-9b77-0b799ef4d341/in_use.lock acquired by nodename 7157@pr-hdds-1569-g6sp5-2013761785
2019-09-26 15:08:34,168 [pool-27-thread-1] INFO  storage.RaftStorage (RaftStorage.java:format(72)) - Storage directory /workdir/hadoop-ozone/integration-test/target/test-dir/MiniOzoneClusterImpl-646ad58d-3cd3-4092-ab15-506251c55e5b/datanode-0/data/ratis/2cb00347-c734-48cd-9b77-0b799ef4d341 has been successfully formatted.
2019-09-26 15:08:34,168 [pool-27-thread-1] INFO  ratis.ContainerStateMachine (ContainerStateMachine.java:loadSnapshot(230)) - group-0B799EF4D341: The snapshot info is null. Setting the last applied indexto:(t:0, i:~)
2019-09-26 15:08:34,169 [pool-27-thread-1] INFO  server.RaftServerConfigKeys (ConfUtils.java:logGet(43)) - raft.server.notification.no-leader.timeout = 120s (custom)
2019-09-26 15:08:34,169 [pool-27-thread-1] INFO  server.RaftServerConfigKeys (ConfUtils.java:logGet(43)) - raft.server.log.use.memory = false (default)
2019-09-26 15:08:34,169 [pool-27-thread-1] INFO  server.RaftServerConfigKeys (ConfUtils.java:logGet(43)) - raft.server.log.purge.gap = 1000000 (custom)
2019-09-26 15:08:34,169 [pool-27-thread-1] INFO  server.RaftServerConfigKeys (ConfUtils.java:logGet(43)) - raft.server.log.appender.buffer.byte-limit = 33554432 (custom)
2019-09-26 15:08:34,169 [pool-27-thread-1] INFO  server.RaftServerConfigKeys (ConfUtils.java:logGet(43)) - raft.server.log.segment.size.max = 1048576 (custom)
2019-09-26 15:08:34,169 [pool-27-thread-1] INFO  server.RaftServerConfigKeys (ConfUtils.java:logGet(43)) - raft.server.log.segment.cache.num.max = 2 (custom)
2019-09-26 15:08:34,170 [pool-27-thread-1] INFO  segmented.SegmentedRaftLogWorker (SegmentedRaftLogWorker.java:<init>(172)) - new 8a411a4f-0e32-4dd1-80b9-a797c2117425@group-0B799EF4D341-SegmentedRaftLogWorker for RaftStorage:Storage Directory /workdir/hadoop-ozone/integration-test/target/test-dir/MiniOzoneClusterImpl-646ad58d-3cd3-4092-ab15-506251c55e5b/datanode-0/data/ratis/2cb00347-c734-48cd-9b77-0b799ef4d341
2019-09-26 15:08:34,170 [pool-27-thread-1] INFO  server.RaftServerConfigKeys (ConfUtils.java:logGet(43)) - raft.server.log.queue.byte-limit = 2147483647 (custom)
2019-09-26 15:08:34,170 [pool-27-thread-1] INFO  server.RaftServerConfigKeys (ConfUtils.java:logGet(43)) - raft.server.log.queue.element-limit = 1024 (custom)
2019-09-26 15:08:34,170 [pool-27-thread-1] INFO  server.RaftServerConfigKeys (ConfUtils.java:logGet(43)) - raft.server.log.segment.size.max = 1048576 (custom)
2019-09-26 15:08:34,170 [pool-27-thread-1] INFO  server.RaftServerConfigKeys (ConfUtils.java:logGet(43)) - raft.server.log.preallocated.size = 16384 (custom)
2019-09-26 15:08:34,170 [pool-27-thread-1] INFO  server.RaftServerConfigKeys (ConfUtils.java:logGet(43)) - raft.server.log.write.buffer.size = 33554432 (custom)
2019-09-26 15:08:34,171 [pool-27-thread-1] INFO  server.RaftServerConfigKeys (ConfUtils.java:logGet(43)) - raft.server.log.force.sync.num = 128 (default)
2019-09-26 15:08:34,171 [pool-27-thread-1] INFO  server.RaftServerConfigKeys (ConfUtils.java:logGet(43)) - raft.server.log.statemachine.data.sync = true (default)
2019-09-26 15:08:34,171 [pool-27-thread-1] INFO  server.RaftServerConfigKeys (ConfUtils.java:logGet(43)) - raft.server.log.statemachine.data.sync.timeout = 10s (default)
2019-09-26 15:08:34,171 [pool-27-thread-1] INFO  server.RaftServerConfigKeys (ConfUtils.java:logGet(43)) - raft.server.log.statemachine.data.sync.timeout.retry = -1 (default)
2019-09-26 15:08:34,171 [pool-27-thread-1] INFO  server.RaftServerConfigKeys (ConfUtils.java:logGet(43)) - raft.server.log.statemachine.data.caching.enabled = true (custom)
2019-09-26 15:08:34,172 [pool-27-thread-1] INFO  segmented.SegmentedRaftLogWorker (SegmentedRaftLogWorker.java:lambda$new$0(132)) - 8a411a4f-0e32-4dd1-80b9-a797c2117425@group-0B799EF4D341-SegmentedRaftLogWorker: flushIndex: setUnconditionally 0 -> -1
2019-09-26 15:08:34,172 [pool-27-thread-1] INFO  server.RaftServerConfigKeys (ConfUtils.java:logGet(43)) - raft.server.snapshot.auto.trigger.enabled = true (custom)
2019-09-26 15:08:34,172 [pool-27-thread-1] INFO  server.RaftServerConfigKeys (ConfUtils.java:logGet(43)) - raft.server.snapshot.auto.trigger.threshold = 10000 (custom)
2019-09-26 15:08:34,172 [pool-27-thread-1] INFO  server.RaftServerConfigKeys (ConfUtils.java:logGet(43)) - raft.server.snapshot.retention.num.files = 5 (custom)
2019-09-26 15:08:34,172 [pool-27-thread-1] INFO  server.RaftServerConfigKeys (ConfUtils.java:logGet(43)) - raft.server.retrycache.expirytime = 600000ms (custom)
2019-09-26 15:08:34,174 [pool-27-thread-1] INFO  impl.RaftServerImpl (RaftServerImpl.java:start(185)) - 8a411a4f-0e32-4dd1-80b9-a797c2117425@group-0B799EF4D341: start as a follower, conf=-1: [8a411a4f-0e32-4dd1-80b9-a797c2117425:192.168.151.99:37125], old=null
2019-09-26 15:08:34,174 [pool-27-thread-1] INFO  impl.RaftServerImpl (RaftServerImpl.java:setRole(174)) - 8a411a4f-0e32-4dd1-80b9-a797c2117425@group-0B799EF4D341: changes role from      null to FOLLOWER at term 0 for startAsFollower
2019-09-26 15:08:34,174 [pool-27-thread-1] INFO  impl.RoleInfo (RoleInfo.java:updateAndGet(143)) - 8a411a4f-0e32-4dd1-80b9-a797c2117425: start FollowerState
2019-09-26 15:08:34,175 [pool-27-thread-1] INFO  util.JmxRegister (JmxRegister.java:tryRegister(44)) - Successfully registered JMX Bean with object name Ratis:service=RaftServer,group=group-0B799EF4D341,id=8a411a4f-0e32-4dd1-80b9-a797c2117425
2019-09-26 15:08:34,179 [RatisPipelineUtilsThread] INFO  pipeline.PipelineStateManager (PipelineStateManager.java:addPipeline(56)) - Created pipeline Pipeline[ Id: 2cb00347-c734-48cd-9b77-0b799ef4d341, Nodes: 8a411a4f-0e32-4dd1-80b9-a797c2117425{ip: 192.168.151.99, host: pr-hdds-1569-g6sp5-2013761785, networkLocation: /default-rack, certSerialId: null}, Type:RATIS, Factor:ONE, State:OPEN]
2019-09-26 15:08:34,188 [grpc-default-executor-0] INFO  impl.RaftServerProxy (RaftServerProxy.java:addNew(89)) - 8a411a4f-0e32-4dd1-80b9-a797c2117425: addNew group-56CC94C0701C:[8a411a4f-0e32-4dd1-80b9-a797c2117425:192.168.151.99:37125] returns group-56CC94C0701C:java.util.concurrent.CompletableFuture@1303f505[Not completed]
2019-09-26 15:08:34,189 [pool-27-thread-1] INFO  impl.RaftServerImpl (RaftServerImpl.java:<init>(95)) - 8a411a4f-0e32-4dd1-80b9-a797c2117425: new RaftServerImpl for group-56CC94C0701C:[8a411a4f-0e32-4dd1-80b9-a797c2117425:192.168.151.99:37125] with ContainerStateMachine:uninitialized
2019-09-26 15:08:34,189 [pool-27-thread-1] INFO  server.RaftServerConfigKeys (ConfUtils.java:logGet(43)) - raft.server.rpc.timeout.min = 5s (custom)
2019-09-26 15:08:34,190 [pool-27-thread-1] INFO  server.RaftServerConfigKeys (ConfUtils.java:logGet(43)) - raft.server.rpc.timeout.max = 5200ms (custom)
2019-09-26 15:08:34,190 [pool-27-thread-1] INFO  server.RaftServerConfigKeys (ConfUtils.java:logGet(43)) - raft.server.rpcslowness.timeout = 120s (custom)
2019-09-26 15:08:34,190 [pool-27-thread-1] INFO  server.RaftServerConfigKeys (ConfUtils.java:logGet(43)) - raft.server.sleep.deviation.threshold = 300 (default)
2019-09-26 15:08:34,190 [pool-27-thread-1] INFO  server.RaftServerConfigKeys (ConfUtils.java:logGet(43)) - raft.server.log.appender.install.snapshot.enabled = false (custom)
2019-09-26 15:08:34,190 [pool-27-thread-1] INFO  impl.RaftServerImpl (ServerState.java:<init>(103)) - 8a411a4f-0e32-4dd1-80b9-a797c2117425@group-56CC94C0701C: ConfigurationManager, init=-1: [8a411a4f-0e32-4dd1-80b9-a797c2117425:192.168.151.99:37125], old=null, confs=<EMPTY_MAP>
2019-09-26 15:08:34,190 [pool-27-thread-1] INFO  server.RaftServerConfigKeys (ConfUtils.java:logGet(43)) - raft.server.storage.dir = [/workdir/hadoop-ozone/integration-test/target/test-dir/MiniOzoneClusterImpl-646ad58d-3cd3-4092-ab15-506251c55e5b/datanode-0/data/ratis] (custom)
2019-09-26 15:08:34,191 [pool-27-thread-1] INFO  storage.RaftStorageDirectory (RaftStorageDirectory.java:analyzeStorage(246)) - The storage directory /workdir/hadoop-ozone/integration-test/target/test-dir/MiniOzoneClusterImpl-646ad58d-3cd3-4092-ab15-506251c55e5b/datanode-0/data/ratis/8b4c7792-fa8b-4588-b1a2-56cc94c0701c does not exist. Creating ...
2019-09-26 15:08:34,194 [pool-27-thread-1] INFO  storage.RaftStorageDirectory (RaftStorageDirectory.java:tryLock(328)) - Lock on /workdir/hadoop-ozone/integration-test/target/test-dir/MiniOzoneClusterImpl-646ad58d-3cd3-4092-ab15-506251c55e5b/datanode-0/data/ratis/8b4c7792-fa8b-4588-b1a2-56cc94c0701c/in_use.lock acquired by nodename 7157@pr-hdds-1569-g6sp5-2013761785
2019-09-26 15:08:34,197 [pool-27-thread-1] INFO  storage.RaftStorage (RaftStorage.java:format(72)) - Storage directory /workdir/hadoop-ozone/integration-test/target/test-dir/MiniOzoneClusterImpl-646ad58d-3cd3-4092-ab15-506251c55e5b/datanode-0/data/ratis/8b4c7792-fa8b-4588-b1a2-56cc94c0701c has been successfully formatted.
2019-09-26 15:08:34,198 [pool-27-thread-1] INFO  ratis.ContainerStateMachine (ContainerStateMachine.java:loadSnapshot(230)) - group-56CC94C0701C: The snapshot info is null. Setting the last applied indexto:(t:0, i:~)
2019-09-26 15:08:34,198 [pool-27-thread-1] INFO  server.RaftServerConfigKeys (ConfUtils.java:logGet(43)) - raft.server.notification.no-leader.timeout = 120s (custom)
2019-09-26 15:08:34,198 [pool-27-thread-1] INFO  server.RaftServerConfigKeys (ConfUtils.java:logGet(43)) - raft.server.log.use.memory = false (default)
2019-09-26 15:08:34,198 [pool-27-thread-1] INFO  server.RaftServerConfigKeys (ConfUtils.java:logGet(43)) - raft.server.log.purge.gap = 1000000 (custom)
2019-09-26 15:08:34,198 [pool-27-thread-1] INFO  server.RaftServerConfigKeys (ConfUtils.java:logGet(43)) - raft.server.log.appender.buffer.byte-limit = 33554432 (custom)
2019-09-26 15:08:34,198 [pool-27-thread-1] INFO  server.RaftServerConfigKeys (ConfUtils.java:logGet(43)) - raft.server.log.segment.size.max = 1048576 (custom)
2019-09-26 15:08:34,198 [pool-27-thread-1] INFO  server.RaftServerConfigKeys (ConfUtils.java:logGet(43)) - raft.server.log.segment.cache.num.max = 2 (custom)
2019-09-26 15:08:34,199 [pool-27-thread-1] INFO  segmented.SegmentedRaftLogWorker (SegmentedRaftLogWorker.java:<init>(172)) - new 8a411a4f-0e32-4dd1-80b9-a797c2117425@group-56CC94C0701C-SegmentedRaftLogWorker for RaftStorage:Storage Directory /workdir/hadoop-ozone/integration-test/target/test-dir/MiniOzoneClusterImpl-646ad58d-3cd3-4092-ab15-506251c55e5b/datanode-0/data/ratis/8b4c7792-fa8b-4588-b1a2-56cc94c0701c
2019-09-26 15:08:34,199 [pool-27-thread-1] INFO  server.RaftServerConfigKeys (ConfUtils.java:logGet(43)) - raft.server.log.queue.byte-limit = 2147483647 (custom)
2019-09-26 15:08:34,199 [pool-27-thread-1] INFO  server.RaftServerConfigKeys (ConfUtils.java:logGet(43)) - raft.server.log.queue.element-limit = 1024 (custom)
2019-09-26 15:08:34,199 [pool-27-thread-1] INFO  server.RaftServerConfigKeys (ConfUtils.java:logGet(43)) - raft.server.log.segment.size.max = 1048576 (custom)
2019-09-26 15:08:34,199 [pool-27-thread-1] INFO  server.RaftServerConfigKeys (ConfUtils.java:logGet(43)) - raft.server.log.preallocated.size = 16384 (custom)
2019-09-26 15:08:34,199 [pool-27-thread-1] INFO  server.RaftServerConfigKeys (ConfUtils.java:logGet(43)) - raft.server.log.write.buffer.size = 33554432 (custom)
2019-09-26 15:08:34,199 [pool-27-thread-1] INFO  server.RaftServerConfigKeys (ConfUtils.java:logGet(43)) - raft.server.log.force.sync.num = 128 (default)
2019-09-26 15:08:34,200 [pool-27-thread-1] INFO  server.RaftServerConfigKeys (ConfUtils.java:logGet(43)) - raft.server.log.statemachine.data.sync = true (default)
2019-09-26 15:08:34,200 [pool-27-thread-1] INFO  server.RaftServerConfigKeys (ConfUtils.java:logGet(43)) - raft.server.log.statemachine.data.sync.timeout = 10s (default)
2019-09-26 15:08:34,200 [pool-27-thread-1] INFO  server.RaftServerConfigKeys (ConfUtils.java:logGet(43)) - raft.server.log.statemachine.data.sync.timeout.retry = -1 (default)
2019-09-26 15:08:34,200 [pool-27-thread-1] INFO  server.RaftServerConfigKeys (ConfUtils.java:logGet(43)) - raft.server.log.statemachine.data.caching.enabled = true (custom)
2019-09-26 15:08:34,200 [pool-27-thread-1] INFO  segmented.SegmentedRaftLogWorker (SegmentedRaftLogWorker.java:lambda$new$0(132)) - 8a411a4f-0e32-4dd1-80b9-a797c2117425@group-56CC94C0701C-SegmentedRaftLogWorker: flushIndex: setUnconditionally 0 -> -1
2019-09-26 15:08:34,201 [pool-27-thread-1] INFO  server.RaftServerConfigKeys (ConfUtils.java:logGet(43)) - raft.server.snapshot.auto.trigger.enabled = true (custom)
2019-09-26 15:08:34,201 [pool-27-thread-1] INFO  server.RaftServerConfigKeys (ConfUtils.java:logGet(43)) - raft.server.snapshot.auto.trigger.threshold = 10000 (custom)
2019-09-26 15:08:34,201 [pool-27-thread-1] INFO  server.RaftServerConfigKeys (ConfUtils.java:logGet(43)) - raft.server.snapshot.retention.num.files = 5 (custom)
2019-09-26 15:08:34,201 [pool-27-thread-1] INFO  server.RaftServerConfigKeys (ConfUtils.java:logGet(43)) - raft.server.retrycache.expirytime = 600000ms (custom)
2019-09-26 15:08:34,203 [pool-27-thread-1] INFO  impl.RaftServerImpl (RaftServerImpl.java:start(185)) - 8a411a4f-0e32-4dd1-80b9-a797c2117425@group-56CC94C0701C: start as a follower, conf=-1: [8a411a4f-0e32-4dd1-80b9-a797c2117425:192.168.151.99:37125], old=null
2019-09-26 15:08:34,203 [pool-27-thread-1] INFO  impl.RaftServerImpl (RaftServerImpl.java:setRole(174)) - 8a411a4f-0e32-4dd1-80b9-a797c2117425@group-56CC94C0701C: changes role from      null to FOLLOWER at term 0 for startAsFollower
2019-09-26 15:08:34,203 [pool-27-thread-1] INFO  impl.RoleInfo (RoleInfo.java:updateAndGet(143)) - 8a411a4f-0e32-4dd1-80b9-a797c2117425: start FollowerState
2019-09-26 15:08:34,204 [pool-27-thread-1] INFO  util.JmxRegister (JmxRegister.java:tryRegister(44)) - Successfully registered JMX Bean with object name Ratis:service=RaftServer,group=group-56CC94C0701C,id=8a411a4f-0e32-4dd1-80b9-a797c2117425
2019-09-26 15:08:34,208 [RatisPipelineUtilsThread] INFO  pipeline.PipelineStateManager (PipelineStateManager.java:addPipeline(56)) - Created pipeline Pipeline[ Id: 8b4c7792-fa8b-4588-b1a2-56cc94c0701c, Nodes: 8a411a4f-0e32-4dd1-80b9-a797c2117425{ip: 192.168.151.99, host: pr-hdds-1569-g6sp5-2013761785, networkLocation: /default-rack, certSerialId: null}, Type:RATIS, Factor:ONE, State:OPEN]
2019-09-26 15:08:34,213 [grpc-default-executor-0] INFO  impl.RaftServerProxy (RaftServerProxy.java:addNew(89)) - 8a411a4f-0e32-4dd1-80b9-a797c2117425: addNew group-BEEA3F674A0C:[8a411a4f-0e32-4dd1-80b9-a797c2117425:192.168.151.99:37125] returns group-BEEA3F674A0C:java.util.concurrent.CompletableFuture@31f618ac[Not completed]
2019-09-26 15:08:34,214 [pool-27-thread-1] INFO  impl.RaftServerImpl (RaftServerImpl.java:<init>(95)) - 8a411a4f-0e32-4dd1-80b9-a797c2117425: new RaftServerImpl for group-BEEA3F674A0C:[8a411a4f-0e32-4dd1-80b9-a797c2117425:192.168.151.99:37125] with ContainerStateMachine:uninitialized
2019-09-26 15:08:34,214 [pool-27-thread-1] INFO  server.RaftServerConfigKeys (ConfUtils.java:logGet(43)) - raft.server.rpc.timeout.min = 5s (custom)
2019-09-26 15:08:34,214 [pool-27-thread-1] INFO  server.RaftServerConfigKeys (ConfUtils.java:logGet(43)) - raft.server.rpc.timeout.max = 5200ms (custom)
2019-09-26 15:08:34,214 [pool-27-thread-1] INFO  server.RaftServerConfigKeys (ConfUtils.java:logGet(43)) - raft.server.rpcslowness.timeout = 120s (custom)
2019-09-26 15:08:34,214 [pool-27-thread-1] INFO  server.RaftServerConfigKeys (ConfUtils.java:logGet(43)) - raft.server.sleep.deviation.threshold = 300 (default)
2019-09-26 15:08:34,214 [pool-27-thread-1] INFO  server.RaftServerConfigKeys (ConfUtils.java:logGet(43)) - raft.server.log.appender.install.snapshot.enabled = false (custom)
2019-09-26 15:08:34,215 [pool-27-thread-1] INFO  impl.RaftServerImpl (ServerState.java:<init>(103)) - 8a411a4f-0e32-4dd1-80b9-a797c2117425@group-BEEA3F674A0C: ConfigurationManager, init=-1: [8a411a4f-0e32-4dd1-80b9-a797c2117425:192.168.151.99:37125], old=null, confs=<EMPTY_MAP>
2019-09-26 15:08:34,215 [pool-27-thread-1] INFO  server.RaftServerConfigKeys (ConfUtils.java:logGet(43)) - raft.server.storage.dir = [/workdir/hadoop-ozone/integration-test/target/test-dir/MiniOzoneClusterImpl-646ad58d-3cd3-4092-ab15-506251c55e5b/datanode-0/data/ratis] (custom)
2019-09-26 15:08:34,215 [pool-27-thread-1] INFO  storage.RaftStorageDirectory (RaftStorageDirectory.java:analyzeStorage(246)) - The storage directory /workdir/hadoop-ozone/integration-test/target/test-dir/MiniOzoneClusterImpl-646ad58d-3cd3-4092-ab15-506251c55e5b/datanode-0/data/ratis/89aeba50-1e85-4970-8e6d-beea3f674a0c does not exist. Creating ...
2019-09-26 15:08:34,230 [pool-27-thread-1] INFO  storage.RaftStorageDirectory (RaftStorageDirectory.java:tryLock(328)) - Lock on /workdir/hadoop-ozone/integration-test/target/test-dir/MiniOzoneClusterImpl-646ad58d-3cd3-4092-ab15-506251c55e5b/datanode-0/data/ratis/89aeba50-1e85-4970-8e6d-beea3f674a0c/in_use.lock acquired by nodename 7157@pr-hdds-1569-g6sp5-2013761785
2019-09-26 15:08:34,243 [pool-27-thread-1] INFO  storage.RaftStorage (RaftStorage.java:format(72)) - Storage directory /workdir/hadoop-ozone/integration-test/target/test-dir/MiniOzoneClusterImpl-646ad58d-3cd3-4092-ab15-506251c55e5b/datanode-0/data/ratis/89aeba50-1e85-4970-8e6d-beea3f674a0c has been successfully formatted.
2019-09-26 15:08:34,243 [pool-27-thread-1] INFO  ratis.ContainerStateMachine (ContainerStateMachine.java:loadSnapshot(230)) - group-BEEA3F674A0C: The snapshot info is null. Setting the last applied indexto:(t:0, i:~)
2019-09-26 15:08:34,244 [pool-27-thread-1] INFO  server.RaftServerConfigKeys (ConfUtils.java:logGet(43)) - raft.server.notification.no-leader.timeout = 120s (custom)
2019-09-26 15:08:34,244 [pool-27-thread-1] INFO  server.RaftServerConfigKeys (ConfUtils.java:logGet(43)) - raft.server.log.use.memory = false (default)
2019-09-26 15:08:34,244 [pool-27-thread-1] INFO  server.RaftServerConfigKeys (ConfUtils.java:logGet(43)) - raft.server.log.purge.gap = 1000000 (custom)
2019-09-26 15:08:34,244 [pool-27-thread-1] INFO  server.RaftServerConfigKeys (ConfUtils.java:logGet(43)) - raft.server.log.appender.buffer.byte-limit = 33554432 (custom)
2019-09-26 15:08:34,244 [pool-27-thread-1] INFO  server.RaftServerConfigKeys (ConfUtils.java:logGet(43)) - raft.server.log.segment.size.max = 1048576 (custom)
2019-09-26 15:08:34,244 [pool-27-thread-1] INFO  server.RaftServerConfigKeys (ConfUtils.java:logGet(43)) - raft.server.log.segment.cache.num.max = 2 (custom)
2019-09-26 15:08:34,245 [pool-27-thread-1] INFO  segmented.SegmentedRaftLogWorker (SegmentedRaftLogWorker.java:<init>(172)) - new 8a411a4f-0e32-4dd1-80b9-a797c2117425@group-BEEA3F674A0C-SegmentedRaftLogWorker for RaftStorage:Storage Directory /workdir/hadoop-ozone/integration-test/target/test-dir/MiniOzoneClusterImpl-646ad58d-3cd3-4092-ab15-506251c55e5b/datanode-0/data/ratis/89aeba50-1e85-4970-8e6d-beea3f674a0c
2019-09-26 15:08:34,245 [pool-27-thread-1] INFO  server.RaftServerConfigKeys (ConfUtils.java:logGet(43)) - raft.server.log.queue.byte-limit = 2147483647 (custom)
2019-09-26 15:08:34,245 [pool-27-thread-1] INFO  server.RaftServerConfigKeys (ConfUtils.java:logGet(43)) - raft.server.log.queue.element-limit = 1024 (custom)
2019-09-26 15:08:34,245 [pool-27-thread-1] INFO  server.RaftServerConfigKeys (ConfUtils.java:logGet(43)) - raft.server.log.segment.size.max = 1048576 (custom)
2019-09-26 15:08:34,245 [pool-27-thread-1] INFO  server.RaftServerConfigKeys (ConfUtils.java:logGet(43)) - raft.server.log.preallocated.size = 16384 (custom)
2019-09-26 15:08:34,245 [pool-27-thread-1] INFO  server.RaftServerConfigKeys (ConfUtils.java:logGet(43)) - raft.server.log.write.buffer.size = 33554432 (custom)
2019-09-26 15:08:34,245 [pool-27-thread-1] INFO  server.RaftServerConfigKeys (ConfUtils.java:logGet(43)) - raft.server.log.force.sync.num = 128 (default)
2019-09-26 15:08:34,245 [pool-27-thread-1] INFO  server.RaftServerConfigKeys (ConfUtils.java:logGet(43)) - raft.server.log.statemachine.data.sync = true (default)
2019-09-26 15:08:34,245 [pool-27-thread-1] INFO  server.RaftServerConfigKeys (ConfUtils.java:logGet(43)) - raft.server.log.statemachine.data.sync.timeout = 10s (default)
2019-09-26 15:08:34,246 [pool-27-thread-1] INFO  server.RaftServerConfigKeys (ConfUtils.java:logGet(43)) - raft.server.log.statemachine.data.sync.timeout.retry = -1 (default)
2019-09-26 15:08:34,246 [pool-27-thread-1] INFO  server.RaftServerConfigKeys (ConfUtils.java:logGet(43)) - raft.server.log.statemachine.data.caching.enabled = true (custom)
2019-09-26 15:08:34,246 [pool-27-thread-1] INFO  segmented.SegmentedRaftLogWorker (SegmentedRaftLogWorker.java:lambda$new$0(132)) - 8a411a4f-0e32-4dd1-80b9-a797c2117425@group-BEEA3F674A0C-SegmentedRaftLogWorker: flushIndex: setUnconditionally 0 -> -1
2019-09-26 15:08:34,246 [pool-27-thread-1] INFO  server.RaftServerConfigKeys (ConfUtils.java:logGet(43)) - raft.server.snapshot.auto.trigger.enabled = true (custom)
2019-09-26 15:08:34,246 [pool-27-thread-1] INFO  server.RaftServerConfigKeys (ConfUtils.java:logGet(43)) - raft.server.snapshot.auto.trigger.threshold = 10000 (custom)
2019-09-26 15:08:34,246 [pool-27-thread-1] INFO  server.RaftServerConfigKeys (ConfUtils.java:logGet(43)) - raft.server.snapshot.retention.num.files = 5 (custom)
2019-09-26 15:08:34,247 [pool-27-thread-1] INFO  server.RaftServerConfigKeys (ConfUtils.java:logGet(43)) - raft.server.retrycache.expirytime = 600000ms (custom)
2019-09-26 15:08:34,248 [pool-27-thread-1] INFO  impl.RaftServerImpl (RaftServerImpl.java:start(185)) - 8a411a4f-0e32-4dd1-80b9-a797c2117425@group-BEEA3F674A0C: start as a follower, conf=-1: [8a411a4f-0e32-4dd1-80b9-a797c2117425:192.168.151.99:37125], old=null
2019-09-26 15:08:34,248 [pool-27-thread-1] INFO  impl.RaftServerImpl (RaftServerImpl.java:setRole(174)) - 8a411a4f-0e32-4dd1-80b9-a797c2117425@group-BEEA3F674A0C: changes role from      null to FOLLOWER at term 0 for startAsFollower
2019-09-26 15:08:34,249 [pool-27-thread-1] INFO  impl.RoleInfo (RoleInfo.java:updateAndGet(143)) - 8a411a4f-0e32-4dd1-80b9-a797c2117425: start FollowerState
2019-09-26 15:08:34,249 [pool-27-thread-1] INFO  util.JmxRegister (JmxRegister.java:tryRegister(44)) - Successfully registered JMX Bean with object name Ratis:service=RaftServer,group=group-BEEA3F674A0C,id=8a411a4f-0e32-4dd1-80b9-a797c2117425
2019-09-26 15:08:34,251 [RatisPipelineUtilsThread] INFO  pipeline.PipelineStateManager (PipelineStateManager.java:addPipeline(56)) - Created pipeline Pipeline[ Id: 89aeba50-1e85-4970-8e6d-beea3f674a0c, Nodes: 8a411a4f-0e32-4dd1-80b9-a797c2117425{ip: 192.168.151.99, host: pr-hdds-1569-g6sp5-2013761785, networkLocation: /default-rack, certSerialId: null}, Type:RATIS, Factor:ONE, State:OPEN]
2019-09-26 15:08:34,255 [grpc-default-executor-0] INFO  impl.RaftServerProxy (RaftServerProxy.java:addNew(89)) - 8a411a4f-0e32-4dd1-80b9-a797c2117425: addNew group-8E69DC84651B:[8a411a4f-0e32-4dd1-80b9-a797c2117425:192.168.151.99:37125] returns group-8E69DC84651B:java.util.concurrent.CompletableFuture@1b398d3a[Not completed]
2019-09-26 15:08:34,257 [pool-27-thread-1] INFO  impl.RaftServerImpl (RaftServerImpl.java:<init>(95)) - 8a411a4f-0e32-4dd1-80b9-a797c2117425: new RaftServerImpl for group-8E69DC84651B:[8a411a4f-0e32-4dd1-80b9-a797c2117425:192.168.151.99:37125] with ContainerStateMachine:uninitialized
2019-09-26 15:08:34,258 [pool-27-thread-1] INFO  server.RaftServerConfigKeys (ConfUtils.java:logGet(43)) - raft.server.rpc.timeout.min = 5s (custom)
2019-09-26 15:08:34,258 [pool-27-thread-1] INFO  server.RaftServerConfigKeys (ConfUtils.java:logGet(43)) - raft.server.rpc.timeout.max = 5200ms (custom)
2019-09-26 15:08:34,258 [pool-27-thread-1] INFO  server.RaftServerConfigKeys (ConfUtils.java:logGet(43)) - raft.server.rpcslowness.timeout = 120s (custom)
2019-09-26 15:08:34,259 [pool-27-thread-1] INFO  server.RaftServerConfigKeys (ConfUtils.java:logGet(43)) - raft.server.sleep.deviation.threshold = 300 (default)
2019-09-26 15:08:34,259 [pool-27-thread-1] INFO  server.RaftServerConfigKeys (ConfUtils.java:logGet(43)) - raft.server.log.appender.install.snapshot.enabled = false (custom)
2019-09-26 15:08:34,259 [pool-27-thread-1] INFO  impl.RaftServerImpl (ServerState.java:<init>(103)) - 8a411a4f-0e32-4dd1-80b9-a797c2117425@group-8E69DC84651B: ConfigurationManager, init=-1: [8a411a4f-0e32-4dd1-80b9-a797c2117425:192.168.151.99:37125], old=null, confs=<EMPTY_MAP>
2019-09-26 15:08:34,259 [pool-27-thread-1] INFO  server.RaftServerConfigKeys (ConfUtils.java:logGet(43)) - raft.server.storage.dir = [/workdir/hadoop-ozone/integration-test/target/test-dir/MiniOzoneClusterImpl-646ad58d-3cd3-4092-ab15-506251c55e5b/datanode-0/data/ratis] (custom)
2019-09-26 15:08:34,260 [pool-27-thread-1] INFO  storage.RaftStorageDirectory (RaftStorageDirectory.java:analyzeStorage(246)) - The storage directory /workdir/hadoop-ozone/integration-test/target/test-dir/MiniOzoneClusterImpl-646ad58d-3cd3-4092-ab15-506251c55e5b/datanode-0/data/ratis/fb0b042c-ec11-4e8c-8a4f-8e69dc84651b does not exist. Creating ...
2019-09-26 15:08:34,273 [pool-27-thread-1] INFO  storage.RaftStorageDirectory (RaftStorageDirectory.java:tryLock(328)) - Lock on /workdir/hadoop-ozone/integration-test/target/test-dir/MiniOzoneClusterImpl-646ad58d-3cd3-4092-ab15-506251c55e5b/datanode-0/data/ratis/fb0b042c-ec11-4e8c-8a4f-8e69dc84651b/in_use.lock acquired by nodename 7157@pr-hdds-1569-g6sp5-2013761785
2019-09-26 15:08:34,287 [pool-27-thread-1] INFO  storage.RaftStorage (RaftStorage.java:format(72)) - Storage directory /workdir/hadoop-ozone/integration-test/target/test-dir/MiniOzoneClusterImpl-646ad58d-3cd3-4092-ab15-506251c55e5b/datanode-0/data/ratis/fb0b042c-ec11-4e8c-8a4f-8e69dc84651b has been successfully formatted.
2019-09-26 15:08:34,287 [pool-27-thread-1] INFO  ratis.ContainerStateMachine (ContainerStateMachine.java:loadSnapshot(230)) - group-8E69DC84651B: The snapshot info is null. Setting the last applied indexto:(t:0, i:~)
2019-09-26 15:08:34,287 [pool-27-thread-1] INFO  server.RaftServerConfigKeys (ConfUtils.java:logGet(43)) - raft.server.notification.no-leader.timeout = 120s (custom)
2019-09-26 15:08:34,287 [pool-27-thread-1] INFO  server.RaftServerConfigKeys (ConfUtils.java:logGet(43)) - raft.server.log.use.memory = false (default)
2019-09-26 15:08:34,287 [pool-27-thread-1] INFO  server.RaftServerConfigKeys (ConfUtils.java:logGet(43)) - raft.server.log.purge.gap = 1000000 (custom)
2019-09-26 15:08:34,288 [pool-27-thread-1] INFO  server.RaftServerConfigKeys (ConfUtils.java:logGet(43)) - raft.server.log.appender.buffer.byte-limit = 33554432 (custom)
2019-09-26 15:08:34,288 [pool-27-thread-1] INFO  server.RaftServerConfigKeys (ConfUtils.java:logGet(43)) - raft.server.log.segment.size.max = 1048576 (custom)
2019-09-26 15:08:34,288 [pool-27-thread-1] INFO  server.RaftServerConfigKeys (ConfUtils.java:logGet(43)) - raft.server.log.segment.cache.num.max = 2 (custom)
2019-09-26 15:08:34,288 [pool-27-thread-1] INFO  segmented.SegmentedRaftLogWorker (SegmentedRaftLogWorker.java:<init>(172)) - new 8a411a4f-0e32-4dd1-80b9-a797c2117425@group-8E69DC84651B-SegmentedRaftLogWorker for RaftStorage:Storage Directory /workdir/hadoop-ozone/integration-test/target/test-dir/MiniOzoneClusterImpl-646ad58d-3cd3-4092-ab15-506251c55e5b/datanode-0/data/ratis/fb0b042c-ec11-4e8c-8a4f-8e69dc84651b
2019-09-26 15:08:34,288 [pool-27-thread-1] INFO  server.RaftServerConfigKeys (ConfUtils.java:logGet(43)) - raft.server.log.queue.byte-limit = 2147483647 (custom)
2019-09-26 15:08:34,288 [pool-27-thread-1] INFO  server.RaftServerConfigKeys (ConfUtils.java:logGet(43)) - raft.server.log.queue.element-limit = 1024 (custom)
2019-09-26 15:08:34,289 [pool-27-thread-1] INFO  server.RaftServerConfigKeys (ConfUtils.java:logGet(43)) - raft.server.log.segment.size.max = 1048576 (custom)
2019-09-26 15:08:34,289 [pool-27-thread-1] INFO  server.RaftServerConfigKeys (ConfUtils.java:logGet(43)) - raft.server.log.preallocated.size = 16384 (custom)
2019-09-26 15:08:34,289 [pool-27-thread-1] INFO  server.RaftServerConfigKeys (ConfUtils.java:logGet(43)) - raft.server.log.write.buffer.size = 33554432 (custom)
2019-09-26 15:08:34,289 [pool-27-thread-1] INFO  server.RaftServerConfigKeys (ConfUtils.java:logGet(43)) - raft.server.log.force.sync.num = 128 (default)
2019-09-26 15:08:34,289 [pool-27-thread-1] INFO  server.RaftServerConfigKeys (ConfUtils.java:logGet(43)) - raft.server.log.statemachine.data.sync = true (default)
2019-09-26 15:08:34,289 [pool-27-thread-1] INFO  server.RaftServerConfigKeys (ConfUtils.java:logGet(43)) - raft.server.log.statemachine.data.sync.timeout = 10s (default)
2019-09-26 15:08:34,289 [pool-27-thread-1] INFO  server.RaftServerConfigKeys (ConfUtils.java:logGet(43)) - raft.server.log.statemachine.data.sync.timeout.retry = -1 (default)
2019-09-26 15:08:34,290 [pool-27-thread-1] INFO  server.RaftServerConfigKeys (ConfUtils.java:logGet(43)) - raft.server.log.statemachine.data.caching.enabled = true (custom)
2019-09-26 15:08:34,290 [pool-27-thread-1] INFO  segmented.SegmentedRaftLogWorker (SegmentedRaftLogWorker.java:lambda$new$0(132)) - 8a411a4f-0e32-4dd1-80b9-a797c2117425@group-8E69DC84651B-SegmentedRaftLogWorker: flushIndex: setUnconditionally 0 -> -1
2019-09-26 15:08:34,290 [pool-27-thread-1] INFO  server.RaftServerConfigKeys (ConfUtils.java:logGet(43)) - raft.server.snapshot.auto.trigger.enabled = true (custom)
2019-09-26 15:08:34,290 [pool-27-thread-1] INFO  server.RaftServerConfigKeys (ConfUtils.java:logGet(43)) - raft.server.snapshot.auto.trigger.threshold = 10000 (custom)
2019-09-26 15:08:34,291 [pool-27-thread-1] INFO  server.RaftServerConfigKeys (ConfUtils.java:logGet(43)) - raft.server.snapshot.retention.num.files = 5 (custom)
2019-09-26 15:08:34,291 [pool-27-thread-1] INFO  server.RaftServerConfigKeys (ConfUtils.java:logGet(43)) - raft.server.retrycache.expirytime = 600000ms (custom)
2019-09-26 15:08:34,293 [pool-27-thread-1] INFO  impl.RaftServerImpl (RaftServerImpl.java:start(185)) - 8a411a4f-0e32-4dd1-80b9-a797c2117425@group-8E69DC84651B: start as a follower, conf=-1: [8a411a4f-0e32-4dd1-80b9-a797c2117425:192.168.151.99:37125], old=null
2019-09-26 15:08:34,293 [pool-27-thread-1] INFO  impl.RaftServerImpl (RaftServerImpl.java:setRole(174)) - 8a411a4f-0e32-4dd1-80b9-a797c2117425@group-8E69DC84651B: changes role from      null to FOLLOWER at term 0 for startAsFollower
2019-09-26 15:08:34,293 [pool-27-thread-1] INFO  impl.RoleInfo (RoleInfo.java:updateAndGet(143)) - 8a411a4f-0e32-4dd1-80b9-a797c2117425: start FollowerState
2019-09-26 15:08:34,294 [pool-27-thread-1] INFO  util.JmxRegister (JmxRegister.java:tryRegister(44)) - Successfully registered JMX Bean with object name Ratis:service=RaftServer,group=group-8E69DC84651B,id=8a411a4f-0e32-4dd1-80b9-a797c2117425
2019-09-26 15:08:34,297 [RatisPipelineUtilsThread] INFO  pipeline.PipelineStateManager (PipelineStateManager.java:addPipeline(56)) - Created pipeline Pipeline[ Id: fb0b042c-ec11-4e8c-8a4f-8e69dc84651b, Nodes: 8a411a4f-0e32-4dd1-80b9-a797c2117425{ip: 192.168.151.99, host: pr-hdds-1569-g6sp5-2013761785, networkLocation: /default-rack, certSerialId: null}, Type:RATIS, Factor:ONE, State:OPEN]
2019-09-26 15:08:34,302 [grpc-default-executor-0] INFO  impl.RaftServerProxy (RaftServerProxy.java:addNew(89)) - 8a411a4f-0e32-4dd1-80b9-a797c2117425: addNew group-4150286250A6:[8a411a4f-0e32-4dd1-80b9-a797c2117425:192.168.151.99:37125] returns group-4150286250A6:java.util.concurrent.CompletableFuture@7747336d[Not completed]
2019-09-26 15:08:34,310 [pool-27-thread-1] INFO  impl.RaftServerImpl (RaftServerImpl.java:<init>(95)) - 8a411a4f-0e32-4dd1-80b9-a797c2117425: new RaftServerImpl for group-4150286250A6:[8a411a4f-0e32-4dd1-80b9-a797c2117425:192.168.151.99:37125] with ContainerStateMachine:uninitialized
2019-09-26 15:08:34,310 [pool-27-thread-1] INFO  server.RaftServerConfigKeys (ConfUtils.java:logGet(43)) - raft.server.rpc.timeout.min = 5s (custom)
2019-09-26 15:08:34,310 [pool-27-thread-1] INFO  server.RaftServerConfigKeys (ConfUtils.java:logGet(43)) - raft.server.rpc.timeout.max = 5200ms (custom)
2019-09-26 15:08:34,310 [pool-27-thread-1] INFO  server.RaftServerConfigKeys (ConfUtils.java:logGet(43)) - raft.server.rpcslowness.timeout = 120s (custom)
2019-09-26 15:08:34,310 [pool-27-thread-1] INFO  server.RaftServerConfigKeys (ConfUtils.java:logGet(43)) - raft.server.sleep.deviation.threshold = 300 (default)
2019-09-26 15:08:34,310 [pool-27-thread-1] INFO  server.RaftServerConfigKeys (ConfUtils.java:logGet(43)) - raft.server.log.appender.install.snapshot.enabled = false (custom)
2019-09-26 15:08:34,311 [pool-27-thread-1] INFO  impl.RaftServerImpl (ServerState.java:<init>(103)) - 8a411a4f-0e32-4dd1-80b9-a797c2117425@group-4150286250A6: ConfigurationManager, init=-1: [8a411a4f-0e32-4dd1-80b9-a797c2117425:192.168.151.99:37125], old=null, confs=<EMPTY_MAP>
2019-09-26 15:08:34,311 [pool-27-thread-1] INFO  server.RaftServerConfigKeys (ConfUtils.java:logGet(43)) - raft.server.storage.dir = [/workdir/hadoop-ozone/integration-test/target/test-dir/MiniOzoneClusterImpl-646ad58d-3cd3-4092-ab15-506251c55e5b/datanode-0/data/ratis] (custom)
2019-09-26 15:08:34,312 [pool-27-thread-1] INFO  storage.RaftStorageDirectory (RaftStorageDirectory.java:analyzeStorage(246)) - The storage directory /workdir/hadoop-ozone/integration-test/target/test-dir/MiniOzoneClusterImpl-646ad58d-3cd3-4092-ab15-506251c55e5b/datanode-0/data/ratis/6d7474fb-a421-40df-a6e4-4150286250a6 does not exist. Creating ...
2019-09-26 15:08:34,333 [pool-27-thread-1] INFO  storage.RaftStorageDirectory (RaftStorageDirectory.java:tryLock(328)) - Lock on /workdir/hadoop-ozone/integration-test/target/test-dir/MiniOzoneClusterImpl-646ad58d-3cd3-4092-ab15-506251c55e5b/datanode-0/data/ratis/6d7474fb-a421-40df-a6e4-4150286250a6/in_use.lock acquired by nodename 7157@pr-hdds-1569-g6sp5-2013761785
2019-09-26 15:08:34,336 [pool-27-thread-1] INFO  storage.RaftStorage (RaftStorage.java:format(72)) - Storage directory /workdir/hadoop-ozone/integration-test/target/test-dir/MiniOzoneClusterImpl-646ad58d-3cd3-4092-ab15-506251c55e5b/datanode-0/data/ratis/6d7474fb-a421-40df-a6e4-4150286250a6 has been successfully formatted.
2019-09-26 15:08:34,336 [pool-27-thread-1] INFO  ratis.ContainerStateMachine (ContainerStateMachine.java:loadSnapshot(230)) - group-4150286250A6: The snapshot info is null. Setting the last applied indexto:(t:0, i:~)
2019-09-26 15:08:34,336 [pool-27-thread-1] INFO  server.RaftServerConfigKeys (ConfUtils.java:logGet(43)) - raft.server.notification.no-leader.timeout = 120s (custom)
2019-09-26 15:08:34,337 [pool-27-thread-1] INFO  server.RaftServerConfigKeys (ConfUtils.java:logGet(43)) - raft.server.log.use.memory = false (default)
2019-09-26 15:08:34,337 [pool-27-thread-1] INFO  server.RaftServerConfigKeys (ConfUtils.java:logGet(43)) - raft.server.log.purge.gap = 1000000 (custom)
2019-09-26 15:08:34,337 [pool-27-thread-1] INFO  server.RaftServerConfigKeys (ConfUtils.java:logGet(43)) - raft.server.log.appender.buffer.byte-limit = 33554432 (custom)
2019-09-26 15:08:34,337 [pool-27-thread-1] INFO  server.RaftServerConfigKeys (ConfUtils.java:logGet(43)) - raft.server.log.segment.size.max = 1048576 (custom)
2019-09-26 15:08:34,337 [pool-27-thread-1] INFO  server.RaftServerConfigKeys (ConfUtils.java:logGet(43)) - raft.server.log.segment.cache.num.max = 2 (custom)
2019-09-26 15:08:34,337 [pool-27-thread-1] INFO  segmented.SegmentedRaftLogWorker (SegmentedRaftLogWorker.java:<init>(172)) - new 8a411a4f-0e32-4dd1-80b9-a797c2117425@group-4150286250A6-SegmentedRaftLogWorker for RaftStorage:Storage Directory /workdir/hadoop-ozone/integration-test/target/test-dir/MiniOzoneClusterImpl-646ad58d-3cd3-4092-ab15-506251c55e5b/datanode-0/data/ratis/6d7474fb-a421-40df-a6e4-4150286250a6
2019-09-26 15:08:34,337 [pool-27-thread-1] INFO  server.RaftServerConfigKeys (ConfUtils.java:logGet(43)) - raft.server.log.queue.byte-limit = 2147483647 (custom)
2019-09-26 15:08:34,338 [pool-27-thread-1] INFO  server.RaftServerConfigKeys (ConfUtils.java:logGet(43)) - raft.server.log.queue.element-limit = 1024 (custom)
2019-09-26 15:08:34,338 [pool-27-thread-1] INFO  server.RaftServerConfigKeys (ConfUtils.java:logGet(43)) - raft.server.log.segment.size.max = 1048576 (custom)
2019-09-26 15:08:34,338 [pool-27-thread-1] INFO  server.RaftServerConfigKeys (ConfUtils.java:logGet(43)) - raft.server.log.preallocated.size = 16384 (custom)
2019-09-26 15:08:34,338 [pool-27-thread-1] INFO  server.RaftServerConfigKeys (ConfUtils.java:logGet(43)) - raft.server.log.write.buffer.size = 33554432 (custom)
2019-09-26 15:08:34,338 [pool-27-thread-1] INFO  server.RaftServerConfigKeys (ConfUtils.java:logGet(43)) - raft.server.log.force.sync.num = 128 (default)
2019-09-26 15:08:34,338 [pool-27-thread-1] INFO  server.RaftServerConfigKeys (ConfUtils.java:logGet(43)) - raft.server.log.statemachine.data.sync = true (default)
2019-09-26 15:08:34,338 [pool-27-thread-1] INFO  server.RaftServerConfigKeys (ConfUtils.java:logGet(43)) - raft.server.log.statemachine.data.sync.timeout = 10s (default)
2019-09-26 15:08:34,339 [pool-27-thread-1] INFO  server.RaftServerConfigKeys (ConfUtils.java:logGet(43)) - raft.server.log.statemachine.data.sync.timeout.retry = -1 (default)
2019-09-26 15:08:34,339 [pool-27-thread-1] INFO  server.RaftServerConfigKeys (ConfUtils.java:logGet(43)) - raft.server.log.statemachine.data.caching.enabled = true (custom)
2019-09-26 15:08:34,339 [pool-27-thread-1] INFO  segmented.SegmentedRaftLogWorker (SegmentedRaftLogWorker.java:lambda$new$0(132)) - 8a411a4f-0e32-4dd1-80b9-a797c2117425@group-4150286250A6-SegmentedRaftLogWorker: flushIndex: setUnconditionally 0 -> -1
2019-09-26 15:08:34,339 [pool-27-thread-1] INFO  server.RaftServerConfigKeys (ConfUtils.java:logGet(43)) - raft.server.snapshot.auto.trigger.enabled = true (custom)
2019-09-26 15:08:34,339 [pool-27-thread-1] INFO  server.RaftServerConfigKeys (ConfUtils.java:logGet(43)) - raft.server.snapshot.auto.trigger.threshold = 10000 (custom)
2019-09-26 15:08:34,339 [pool-27-thread-1] INFO  server.RaftServerConfigKeys (ConfUtils.java:logGet(43)) - raft.server.snapshot.retention.num.files = 5 (custom)
2019-09-26 15:08:34,339 [pool-27-thread-1] INFO  server.RaftServerConfigKeys (ConfUtils.java:logGet(43)) - raft.server.retrycache.expirytime = 600000ms (custom)
2019-09-26 15:08:34,341 [pool-27-thread-1] INFO  impl.RaftServerImpl (RaftServerImpl.java:start(185)) - 8a411a4f-0e32-4dd1-80b9-a797c2117425@group-4150286250A6: start as a follower, conf=-1: [8a411a4f-0e32-4dd1-80b9-a797c2117425:192.168.151.99:37125], old=null
2019-09-26 15:08:34,341 [pool-27-thread-1] INFO  impl.RaftServerImpl (RaftServerImpl.java:setRole(174)) - 8a411a4f-0e32-4dd1-80b9-a797c2117425@group-4150286250A6: changes role from      null to FOLLOWER at term 0 for startAsFollower
2019-09-26 15:08:34,341 [pool-27-thread-1] INFO  impl.RoleInfo (RoleInfo.java:updateAndGet(143)) - 8a411a4f-0e32-4dd1-80b9-a797c2117425: start FollowerState
2019-09-26 15:08:34,342 [pool-27-thread-1] INFO  util.JmxRegister (JmxRegister.java:tryRegister(44)) - Successfully registered JMX Bean with object name Ratis:service=RaftServer,group=group-4150286250A6,id=8a411a4f-0e32-4dd1-80b9-a797c2117425
2019-09-26 15:08:34,344 [RatisPipelineUtilsThread] INFO  pipeline.PipelineStateManager (PipelineStateManager.java:addPipeline(56)) - Created pipeline Pipeline[ Id: 6d7474fb-a421-40df-a6e4-4150286250a6, Nodes: 8a411a4f-0e32-4dd1-80b9-a797c2117425{ip: 192.168.151.99, host: pr-hdds-1569-g6sp5-2013761785, networkLocation: /default-rack, certSerialId: null}, Type:RATIS, Factor:ONE, State:OPEN]
2019-09-26 15:08:34,348 [grpc-default-executor-0] INFO  impl.RaftServerProxy (RaftServerProxy.java:addNew(89)) - 8a411a4f-0e32-4dd1-80b9-a797c2117425: addNew group-171E6B5B65D9:[8a411a4f-0e32-4dd1-80b9-a797c2117425:192.168.151.99:37125] returns group-171E6B5B65D9:java.util.concurrent.CompletableFuture@40f685ec[Not completed]
2019-09-26 15:08:34,349 [pool-27-thread-1] INFO  impl.RaftServerImpl (RaftServerImpl.java:<init>(95)) - 8a411a4f-0e32-4dd1-80b9-a797c2117425: new RaftServerImpl for group-171E6B5B65D9:[8a411a4f-0e32-4dd1-80b9-a797c2117425:192.168.151.99:37125] with ContainerStateMachine:uninitialized
2019-09-26 15:08:34,349 [pool-27-thread-1] INFO  server.RaftServerConfigKeys (ConfUtils.java:logGet(43)) - raft.server.rpc.timeout.min = 5s (custom)
2019-09-26 15:08:34,350 [pool-27-thread-1] INFO  server.RaftServerConfigKeys (ConfUtils.java:logGet(43)) - raft.server.rpc.timeout.max = 5200ms (custom)
2019-09-26 15:08:34,350 [pool-27-thread-1] INFO  server.RaftServerConfigKeys (ConfUtils.java:logGet(43)) - raft.server.rpcslowness.timeout = 120s (custom)
2019-09-26 15:08:34,350 [pool-27-thread-1] INFO  server.RaftServerConfigKeys (ConfUtils.java:logGet(43)) - raft.server.sleep.deviation.threshold = 300 (default)
2019-09-26 15:08:34,350 [pool-27-thread-1] INFO  server.RaftServerConfigKeys (ConfUtils.java:logGet(43)) - raft.server.log.appender.install.snapshot.enabled = false (custom)
2019-09-26 15:08:34,350 [pool-27-thread-1] INFO  impl.RaftServerImpl (ServerState.java:<init>(103)) - 8a411a4f-0e32-4dd1-80b9-a797c2117425@group-171E6B5B65D9: ConfigurationManager, init=-1: [8a411a4f-0e32-4dd1-80b9-a797c2117425:192.168.151.99:37125], old=null, confs=<EMPTY_MAP>
2019-09-26 15:08:34,350 [pool-27-thread-1] INFO  server.RaftServerConfigKeys (ConfUtils.java:logGet(43)) - raft.server.storage.dir = [/workdir/hadoop-ozone/integration-test/target/test-dir/MiniOzoneClusterImpl-646ad58d-3cd3-4092-ab15-506251c55e5b/datanode-0/data/ratis] (custom)
2019-09-26 15:08:34,351 [pool-27-thread-1] INFO  storage.RaftStorageDirectory (RaftStorageDirectory.java:analyzeStorage(246)) - The storage directory /workdir/hadoop-ozone/integration-test/target/test-dir/MiniOzoneClusterImpl-646ad58d-3cd3-4092-ab15-506251c55e5b/datanode-0/data/ratis/2cba2004-01a2-468b-b5d7-171e6b5b65d9 does not exist. Creating ...
2019-09-26 15:08:34,353 [pool-27-thread-1] INFO  storage.RaftStorageDirectory (RaftStorageDirectory.java:tryLock(328)) - Lock on /workdir/hadoop-ozone/integration-test/target/test-dir/MiniOzoneClusterImpl-646ad58d-3cd3-4092-ab15-506251c55e5b/datanode-0/data/ratis/2cba2004-01a2-468b-b5d7-171e6b5b65d9/in_use.lock acquired by nodename 7157@pr-hdds-1569-g6sp5-2013761785
2019-09-26 15:08:34,357 [pool-27-thread-1] INFO  storage.RaftStorage (RaftStorage.java:format(72)) - Storage directory /workdir/hadoop-ozone/integration-test/target/test-dir/MiniOzoneClusterImpl-646ad58d-3cd3-4092-ab15-506251c55e5b/datanode-0/data/ratis/2cba2004-01a2-468b-b5d7-171e6b5b65d9 has been successfully formatted.
2019-09-26 15:08:34,357 [pool-27-thread-1] INFO  ratis.ContainerStateMachine (ContainerStateMachine.java:loadSnapshot(230)) - group-171E6B5B65D9: The snapshot info is null. Setting the last applied indexto:(t:0, i:~)
2019-09-26 15:08:34,357 [pool-27-thread-1] INFO  server.RaftServerConfigKeys (ConfUtils.java:logGet(43)) - raft.server.notification.no-leader.timeout = 120s (custom)
2019-09-26 15:08:34,357 [pool-27-thread-1] INFO  server.RaftServerConfigKeys (ConfUtils.java:logGet(43)) - raft.server.log.use.memory = false (default)
2019-09-26 15:08:34,357 [pool-27-thread-1] INFO  server.RaftServerConfigKeys (ConfUtils.java:logGet(43)) - raft.server.log.purge.gap = 1000000 (custom)
2019-09-26 15:08:34,358 [pool-27-thread-1] INFO  server.RaftServerConfigKeys (ConfUtils.java:logGet(43)) - raft.server.log.appender.buffer.byte-limit = 33554432 (custom)
2019-09-26 15:08:34,358 [pool-27-thread-1] INFO  server.RaftServerConfigKeys (ConfUtils.java:logGet(43)) - raft.server.log.segment.size.max = 1048576 (custom)
2019-09-26 15:08:34,358 [pool-27-thread-1] INFO  server.RaftServerConfigKeys (ConfUtils.java:logGet(43)) - raft.server.log.segment.cache.num.max = 2 (custom)
2019-09-26 15:08:34,358 [pool-27-thread-1] INFO  segmented.SegmentedRaftLogWorker (SegmentedRaftLogWorker.java:<init>(172)) - new 8a411a4f-0e32-4dd1-80b9-a797c2117425@group-171E6B5B65D9-SegmentedRaftLogWorker for RaftStorage:Storage Directory /workdir/hadoop-ozone/integration-test/target/test-dir/MiniOzoneClusterImpl-646ad58d-3cd3-4092-ab15-506251c55e5b/datanode-0/data/ratis/2cba2004-01a2-468b-b5d7-171e6b5b65d9
2019-09-26 15:08:34,358 [pool-27-thread-1] INFO  server.RaftServerConfigKeys (ConfUtils.java:logGet(43)) - raft.server.log.queue.byte-limit = 2147483647 (custom)
2019-09-26 15:08:34,358 [pool-27-thread-1] INFO  server.RaftServerConfigKeys (ConfUtils.java:logGet(43)) - raft.server.log.queue.element-limit = 1024 (custom)
2019-09-26 15:08:34,358 [pool-27-thread-1] INFO  server.RaftServerConfigKeys (ConfUtils.java:logGet(43)) - raft.server.log.segment.size.max = 1048576 (custom)
2019-09-26 15:08:34,358 [pool-27-thread-1] INFO  server.RaftServerConfigKeys (ConfUtils.java:logGet(43)) - raft.server.log.preallocated.size = 16384 (custom)
2019-09-26 15:08:34,358 [pool-27-thread-1] INFO  server.RaftServerConfigKeys (ConfUtils.java:logGet(43)) - raft.server.log.write.buffer.size = 33554432 (custom)
2019-09-26 15:08:34,359 [pool-27-thread-1] INFO  server.RaftServerConfigKeys (ConfUtils.java:logGet(43)) - raft.server.log.force.sync.num = 128 (default)
2019-09-26 15:08:34,359 [pool-27-thread-1] INFO  server.RaftServerConfigKeys (ConfUtils.java:logGet(43)) - raft.server.log.statemachine.data.sync = true (default)
2019-09-26 15:08:34,359 [pool-27-thread-1] INFO  server.RaftServerConfigKeys (ConfUtils.java:logGet(43)) - raft.server.log.statemachine.data.sync.timeout = 10s (default)
2019-09-26 15:08:34,359 [pool-27-thread-1] INFO  server.RaftServerConfigKeys (ConfUtils.java:logGet(43)) - raft.server.log.statemachine.data.sync.timeout.retry = -1 (default)
2019-09-26 15:08:34,359 [pool-27-thread-1] INFO  server.RaftServerConfigKeys (ConfUtils.java:logGet(43)) - raft.server.log.statemachine.data.caching.enabled = true (custom)
2019-09-26 15:08:34,359 [pool-27-thread-1] INFO  segmented.SegmentedRaftLogWorker (SegmentedRaftLogWorker.java:lambda$new$0(132)) - 8a411a4f-0e32-4dd1-80b9-a797c2117425@group-171E6B5B65D9-SegmentedRaftLogWorker: flushIndex: setUnconditionally 0 -> -1
2019-09-26 15:08:34,360 [pool-27-thread-1] INFO  server.RaftServerConfigKeys (ConfUtils.java:logGet(43)) - raft.server.snapshot.auto.trigger.enabled = true (custom)
2019-09-26 15:08:34,360 [pool-27-thread-1] INFO  server.RaftServerConfigKeys (ConfUtils.java:logGet(43)) - raft.server.snapshot.auto.trigger.threshold = 10000 (custom)
2019-09-26 15:08:34,360 [pool-27-thread-1] INFO  server.RaftServerConfigKeys (ConfUtils.java:logGet(43)) - raft.server.snapshot.retention.num.files = 5 (custom)
2019-09-26 15:08:34,360 [pool-27-thread-1] INFO  server.RaftServerConfigKeys (ConfUtils.java:logGet(43)) - raft.server.retrycache.expirytime = 600000ms (custom)
2019-09-26 15:08:34,362 [pool-27-thread-1] INFO  impl.RaftServerImpl (RaftServerImpl.java:start(185)) - 8a411a4f-0e32-4dd1-80b9-a797c2117425@group-171E6B5B65D9: start as a follower, conf=-1: [8a411a4f-0e32-4dd1-80b9-a797c2117425:192.168.151.99:37125], old=null
2019-09-26 15:08:34,362 [pool-27-thread-1] INFO  impl.RaftServerImpl (RaftServerImpl.java:setRole(174)) - 8a411a4f-0e32-4dd1-80b9-a797c2117425@group-171E6B5B65D9: changes role from      null to FOLLOWER at term 0 for startAsFollower
2019-09-26 15:08:34,362 [pool-27-thread-1] INFO  impl.RoleInfo (RoleInfo.java:updateAndGet(143)) - 8a411a4f-0e32-4dd1-80b9-a797c2117425: start FollowerState
2019-09-26 15:08:34,362 [pool-27-thread-1] INFO  util.JmxRegister (JmxRegister.java:tryRegister(44)) - Successfully registered JMX Bean with object name Ratis:service=RaftServer,group=group-171E6B5B65D9,id=8a411a4f-0e32-4dd1-80b9-a797c2117425
2019-09-26 15:08:34,365 [RatisPipelineUtilsThread] INFO  pipeline.PipelineStateManager (PipelineStateManager.java:addPipeline(56)) - Created pipeline Pipeline[ Id: 2cba2004-01a2-468b-b5d7-171e6b5b65d9, Nodes: 8a411a4f-0e32-4dd1-80b9-a797c2117425{ip: 192.168.151.99, host: pr-hdds-1569-g6sp5-2013761785, networkLocation: /default-rack, certSerialId: null}, Type:RATIS, Factor:ONE, State:OPEN]
2019-09-26 15:08:34,368 [grpc-default-executor-0] INFO  impl.RaftServerProxy (RaftServerProxy.java:addNew(89)) - 8a411a4f-0e32-4dd1-80b9-a797c2117425: addNew group-42B53E77480F:[8a411a4f-0e32-4dd1-80b9-a797c2117425:192.168.151.99:37125] returns group-42B53E77480F:java.util.concurrent.CompletableFuture@53ff9150[Not completed]
2019-09-26 15:08:34,370 [pool-27-thread-1] INFO  impl.RaftServerImpl (RaftServerImpl.java:<init>(95)) - 8a411a4f-0e32-4dd1-80b9-a797c2117425: new RaftServerImpl for group-42B53E77480F:[8a411a4f-0e32-4dd1-80b9-a797c2117425:192.168.151.99:37125] with ContainerStateMachine:uninitialized
2019-09-26 15:08:34,370 [pool-27-thread-1] INFO  server.RaftServerConfigKeys (ConfUtils.java:logGet(43)) - raft.server.rpc.timeout.min = 5s (custom)
2019-09-26 15:08:34,370 [pool-27-thread-1] INFO  server.RaftServerConfigKeys (ConfUtils.java:logGet(43)) - raft.server.rpc.timeout.max = 5200ms (custom)
2019-09-26 15:08:34,370 [pool-27-thread-1] INFO  server.RaftServerConfigKeys (ConfUtils.java:logGet(43)) - raft.server.rpcslowness.timeout = 120s (custom)
2019-09-26 15:08:34,370 [pool-27-thread-1] INFO  server.RaftServerConfigKeys (ConfUtils.java:logGet(43)) - raft.server.sleep.deviation.threshold = 300 (default)
2019-09-26 15:08:34,370 [pool-27-thread-1] INFO  server.RaftServerConfigKeys (ConfUtils.java:logGet(43)) - raft.server.log.appender.install.snapshot.enabled = false (custom)
2019-09-26 15:08:34,370 [pool-27-thread-1] INFO  impl.RaftServerImpl (ServerState.java:<init>(103)) - 8a411a4f-0e32-4dd1-80b9-a797c2117425@group-42B53E77480F: ConfigurationManager, init=-1: [8a411a4f-0e32-4dd1-80b9-a797c2117425:192.168.151.99:37125], old=null, confs=<EMPTY_MAP>
2019-09-26 15:08:34,370 [pool-27-thread-1] INFO  server.RaftServerConfigKeys (ConfUtils.java:logGet(43)) - raft.server.storage.dir = [/workdir/hadoop-ozone/integration-test/target/test-dir/MiniOzoneClusterImpl-646ad58d-3cd3-4092-ab15-506251c55e5b/datanode-0/data/ratis] (custom)
2019-09-26 15:08:34,371 [pool-27-thread-1] INFO  storage.RaftStorageDirectory (RaftStorageDirectory.java:analyzeStorage(246)) - The storage directory /workdir/hadoop-ozone/integration-test/target/test-dir/MiniOzoneClusterImpl-646ad58d-3cd3-4092-ab15-506251c55e5b/datanode-0/data/ratis/907a6880-4bd9-4a67-abc2-42b53e77480f does not exist. Creating ...
2019-09-26 15:08:34,375 [pool-27-thread-1] INFO  storage.RaftStorageDirectory (RaftStorageDirectory.java:tryLock(328)) - Lock on /workdir/hadoop-ozone/integration-test/target/test-dir/MiniOzoneClusterImpl-646ad58d-3cd3-4092-ab15-506251c55e5b/datanode-0/data/ratis/907a6880-4bd9-4a67-abc2-42b53e77480f/in_use.lock acquired by nodename 7157@pr-hdds-1569-g6sp5-2013761785
2019-09-26 15:08:34,380 [pool-27-thread-1] INFO  storage.RaftStorage (RaftStorage.java:format(72)) - Storage directory /workdir/hadoop-ozone/integration-test/target/test-dir/MiniOzoneClusterImpl-646ad58d-3cd3-4092-ab15-506251c55e5b/datanode-0/data/ratis/907a6880-4bd9-4a67-abc2-42b53e77480f has been successfully formatted.
2019-09-26 15:08:34,381 [pool-27-thread-1] INFO  ratis.ContainerStateMachine (ContainerStateMachine.java:loadSnapshot(230)) - group-42B53E77480F: The snapshot info is null. Setting the last applied indexto:(t:0, i:~)
2019-09-26 15:08:34,381 [pool-27-thread-1] INFO  server.RaftServerConfigKeys (ConfUtils.java:logGet(43)) - raft.server.notification.no-leader.timeout = 120s (custom)
2019-09-26 15:08:34,381 [pool-27-thread-1] INFO  server.RaftServerConfigKeys (ConfUtils.java:logGet(43)) - raft.server.log.use.memory = false (default)
2019-09-26 15:08:34,381 [pool-27-thread-1] INFO  server.RaftServerConfigKeys (ConfUtils.java:logGet(43)) - raft.server.log.purge.gap = 1000000 (custom)
2019-09-26 15:08:34,381 [pool-27-thread-1] INFO  server.RaftServerConfigKeys (ConfUtils.java:logGet(43)) - raft.server.log.appender.buffer.byte-limit = 33554432 (custom)
2019-09-26 15:08:34,381 [pool-27-thread-1] INFO  server.RaftServerConfigKeys (ConfUtils.java:logGet(43)) - raft.server.log.segment.size.max = 1048576 (custom)
2019-09-26 15:08:34,381 [pool-27-thread-1] INFO  server.RaftServerConfigKeys (ConfUtils.java:logGet(43)) - raft.server.log.segment.cache.num.max = 2 (custom)
2019-09-26 15:08:34,381 [pool-27-thread-1] INFO  segmented.SegmentedRaftLogWorker (SegmentedRaftLogWorker.java:<init>(172)) - new 8a411a4f-0e32-4dd1-80b9-a797c2117425@group-42B53E77480F-SegmentedRaftLogWorker for RaftStorage:Storage Directory /workdir/hadoop-ozone/integration-test/target/test-dir/MiniOzoneClusterImpl-646ad58d-3cd3-4092-ab15-506251c55e5b/datanode-0/data/ratis/907a6880-4bd9-4a67-abc2-42b53e77480f
2019-09-26 15:08:34,382 [pool-27-thread-1] INFO  server.RaftServerConfigKeys (ConfUtils.java:logGet(43)) - raft.server.log.queue.byte-limit = 2147483647 (custom)
2019-09-26 15:08:34,382 [pool-27-thread-1] INFO  server.RaftServerConfigKeys (ConfUtils.java:logGet(43)) - raft.server.log.queue.element-limit = 1024 (custom)
2019-09-26 15:08:34,382 [pool-27-thread-1] INFO  server.RaftServerConfigKeys (ConfUtils.java:logGet(43)) - raft.server.log.segment.size.max = 1048576 (custom)
2019-09-26 15:08:34,382 [pool-27-thread-1] INFO  server.RaftServerConfigKeys (ConfUtils.java:logGet(43)) - raft.server.log.preallocated.size = 16384 (custom)
2019-09-26 15:08:34,382 [pool-27-thread-1] INFO  server.RaftServerConfigKeys (ConfUtils.java:logGet(43)) - raft.server.log.write.buffer.size = 33554432 (custom)
2019-09-26 15:08:34,382 [pool-27-thread-1] INFO  server.RaftServerConfigKeys (ConfUtils.java:logGet(43)) - raft.server.log.force.sync.num = 128 (default)
2019-09-26 15:08:34,382 [pool-27-thread-1] INFO  server.RaftServerConfigKeys (ConfUtils.java:logGet(43)) - raft.server.log.statemachine.data.sync = true (default)
2019-09-26 15:08:34,382 [pool-27-thread-1] INFO  server.RaftServerConfigKeys (ConfUtils.java:logGet(43)) - raft.server.log.statemachine.data.sync.timeout = 10s (default)
2019-09-26 15:08:34,382 [pool-27-thread-1] INFO  server.RaftServerConfigKeys (ConfUtils.java:logGet(43)) - raft.server.log.statemachine.data.sync.timeout.retry = -1 (default)
2019-09-26 15:08:34,383 [pool-27-thread-1] INFO  server.RaftServerConfigKeys (ConfUtils.java:logGet(43)) - raft.server.log.statemachine.data.caching.enabled = true (custom)
2019-09-26 15:08:34,383 [pool-27-thread-1] INFO  segmented.SegmentedRaftLogWorker (SegmentedRaftLogWorker.java:lambda$new$0(132)) - 8a411a4f-0e32-4dd1-80b9-a797c2117425@group-42B53E77480F-SegmentedRaftLogWorker: flushIndex: setUnconditionally 0 -> -1
2019-09-26 15:08:34,383 [pool-27-thread-1] INFO  server.RaftServerConfigKeys (ConfUtils.java:logGet(43)) - raft.server.snapshot.auto.trigger.enabled = true (custom)
2019-09-26 15:08:34,383 [pool-27-thread-1] INFO  server.RaftServerConfigKeys (ConfUtils.java:logGet(43)) - raft.server.snapshot.auto.trigger.threshold = 10000 (custom)
2019-09-26 15:08:34,383 [pool-27-thread-1] INFO  server.RaftServerConfigKeys (ConfUtils.java:logGet(43)) - raft.server.snapshot.retention.num.files = 5 (custom)
2019-09-26 15:08:34,383 [pool-27-thread-1] INFO  server.RaftServerConfigKeys (ConfUtils.java:logGet(43)) - raft.server.retrycache.expirytime = 600000ms (custom)
2019-09-26 15:08:34,385 [pool-27-thread-1] INFO  impl.RaftServerImpl (RaftServerImpl.java:start(185)) - 8a411a4f-0e32-4dd1-80b9-a797c2117425@group-42B53E77480F: start as a follower, conf=-1: [8a411a4f-0e32-4dd1-80b9-a797c2117425:192.168.151.99:37125], old=null
2019-09-26 15:08:34,385 [pool-27-thread-1] INFO  impl.RaftServerImpl (RaftServerImpl.java:setRole(174)) - 8a411a4f-0e32-4dd1-80b9-a797c2117425@group-42B53E77480F: changes role from      null to FOLLOWER at term 0 for startAsFollower
2019-09-26 15:08:34,385 [pool-27-thread-1] INFO  impl.RoleInfo (RoleInfo.java:updateAndGet(143)) - 8a411a4f-0e32-4dd1-80b9-a797c2117425: start FollowerState
2019-09-26 15:08:34,385 [pool-27-thread-1] INFO  util.JmxRegister (JmxRegister.java:tryRegister(44)) - Successfully registered JMX Bean with object name Ratis:service=RaftServer,group=group-42B53E77480F,id=8a411a4f-0e32-4dd1-80b9-a797c2117425
2019-09-26 15:08:34,388 [RatisPipelineUtilsThread] INFO  pipeline.PipelineStateManager (PipelineStateManager.java:addPipeline(56)) - Created pipeline Pipeline[ Id: 907a6880-4bd9-4a67-abc2-42b53e77480f, Nodes: 8a411a4f-0e32-4dd1-80b9-a797c2117425{ip: 192.168.151.99, host: pr-hdds-1569-g6sp5-2013761785, networkLocation: /default-rack, certSerialId: null}, Type:RATIS, Factor:ONE, State:OPEN]
2019-09-26 15:08:34,392 [grpc-default-executor-0] INFO  impl.RaftServerProxy (RaftServerProxy.java:addNew(89)) - 8a411a4f-0e32-4dd1-80b9-a797c2117425: addNew group-22226669EE23:[8a411a4f-0e32-4dd1-80b9-a797c2117425:192.168.151.99:37125] returns group-22226669EE23:java.util.concurrent.CompletableFuture@3ceb3ee9[Not completed]
2019-09-26 15:08:34,393 [pool-27-thread-1] INFO  impl.RaftServerImpl (RaftServerImpl.java:<init>(95)) - 8a411a4f-0e32-4dd1-80b9-a797c2117425: new RaftServerImpl for group-22226669EE23:[8a411a4f-0e32-4dd1-80b9-a797c2117425:192.168.151.99:37125] with ContainerStateMachine:uninitialized
2019-09-26 15:08:34,393 [pool-27-thread-1] INFO  server.RaftServerConfigKeys (ConfUtils.java:logGet(43)) - raft.server.rpc.timeout.min = 5s (custom)
2019-09-26 15:08:34,393 [pool-27-thread-1] INFO  server.RaftServerConfigKeys (ConfUtils.java:logGet(43)) - raft.server.rpc.timeout.max = 5200ms (custom)
2019-09-26 15:08:34,394 [pool-27-thread-1] INFO  server.RaftServerConfigKeys (ConfUtils.java:logGet(43)) - raft.server.rpcslowness.timeout = 120s (custom)
2019-09-26 15:08:34,394 [pool-27-thread-1] INFO  server.RaftServerConfigKeys (ConfUtils.java:logGet(43)) - raft.server.sleep.deviation.threshold = 300 (default)
2019-09-26 15:08:34,394 [pool-27-thread-1] INFO  server.RaftServerConfigKeys (ConfUtils.java:logGet(43)) - raft.server.log.appender.install.snapshot.enabled = false (custom)
2019-09-26 15:08:34,394 [pool-27-thread-1] INFO  impl.RaftServerImpl (ServerState.java:<init>(103)) - 8a411a4f-0e32-4dd1-80b9-a797c2117425@group-22226669EE23: ConfigurationManager, init=-1: [8a411a4f-0e32-4dd1-80b9-a797c2117425:192.168.151.99:37125], old=null, confs=<EMPTY_MAP>
2019-09-26 15:08:34,394 [pool-27-thread-1] INFO  server.RaftServerConfigKeys (ConfUtils.java:logGet(43)) - raft.server.storage.dir = [/workdir/hadoop-ozone/integration-test/target/test-dir/MiniOzoneClusterImpl-646ad58d-3cd3-4092-ab15-506251c55e5b/datanode-0/data/ratis] (custom)
2019-09-26 15:08:34,395 [pool-27-thread-1] INFO  storage.RaftStorageDirectory (RaftStorageDirectory.java:analyzeStorage(246)) - The storage directory /workdir/hadoop-ozone/integration-test/target/test-dir/MiniOzoneClusterImpl-646ad58d-3cd3-4092-ab15-506251c55e5b/datanode-0/data/ratis/95708b32-d405-4c76-970e-22226669ee23 does not exist. Creating ...
2019-09-26 15:08:34,398 [pool-27-thread-1] INFO  storage.RaftStorageDirectory (RaftStorageDirectory.java:tryLock(328)) - Lock on /workdir/hadoop-ozone/integration-test/target/test-dir/MiniOzoneClusterImpl-646ad58d-3cd3-4092-ab15-506251c55e5b/datanode-0/data/ratis/95708b32-d405-4c76-970e-22226669ee23/in_use.lock acquired by nodename 7157@pr-hdds-1569-g6sp5-2013761785
2019-09-26 15:08:34,406 [pool-27-thread-1] INFO  storage.RaftStorage (RaftStorage.java:format(72)) - Storage directory /workdir/hadoop-ozone/integration-test/target/test-dir/MiniOzoneClusterImpl-646ad58d-3cd3-4092-ab15-506251c55e5b/datanode-0/data/ratis/95708b32-d405-4c76-970e-22226669ee23 has been successfully formatted.
2019-09-26 15:08:34,406 [pool-27-thread-1] INFO  ratis.ContainerStateMachine (ContainerStateMachine.java:loadSnapshot(230)) - group-22226669EE23: The snapshot info is null. Setting the last applied indexto:(t:0, i:~)
2019-09-26 15:08:34,406 [pool-27-thread-1] INFO  server.RaftServerConfigKeys (ConfUtils.java:logGet(43)) - raft.server.notification.no-leader.timeout = 120s (custom)
2019-09-26 15:08:34,406 [pool-27-thread-1] INFO  server.RaftServerConfigKeys (ConfUtils.java:logGet(43)) - raft.server.log.use.memory = false (default)
2019-09-26 15:08:34,406 [pool-27-thread-1] INFO  server.RaftServerConfigKeys (ConfUtils.java:logGet(43)) - raft.server.log.purge.gap = 1000000 (custom)
2019-09-26 15:08:34,407 [pool-27-thread-1] INFO  server.RaftServerConfigKeys (ConfUtils.java:logGet(43)) - raft.server.log.appender.buffer.byte-limit = 33554432 (custom)
2019-09-26 15:08:34,407 [pool-27-thread-1] INFO  server.RaftServerConfigKeys (ConfUtils.java:logGet(43)) - raft.server.log.segment.size.max = 1048576 (custom)
2019-09-26 15:08:34,407 [pool-27-thread-1] INFO  server.RaftServerConfigKeys (ConfUtils.java:logGet(43)) - raft.server.log.segment.cache.num.max = 2 (custom)
2019-09-26 15:08:34,407 [pool-27-thread-1] INFO  segmented.SegmentedRaftLogWorker (SegmentedRaftLogWorker.java:<init>(172)) - new 8a411a4f-0e32-4dd1-80b9-a797c2117425@group-22226669EE23-SegmentedRaftLogWorker for RaftStorage:Storage Directory /workdir/hadoop-ozone/integration-test/target/test-dir/MiniOzoneClusterImpl-646ad58d-3cd3-4092-ab15-506251c55e5b/datanode-0/data/ratis/95708b32-d405-4c76-970e-22226669ee23
2019-09-26 15:08:34,407 [pool-27-thread-1] INFO  server.RaftServerConfigKeys (ConfUtils.java:logGet(43)) - raft.server.log.queue.byte-limit = 2147483647 (custom)
2019-09-26 15:08:34,407 [pool-27-thread-1] INFO  server.RaftServerConfigKeys (ConfUtils.java:logGet(43)) - raft.server.log.queue.element-limit = 1024 (custom)
2019-09-26 15:08:34,408 [pool-27-thread-1] INFO  server.RaftServerConfigKeys (ConfUtils.java:logGet(43)) - raft.server.log.segment.size.max = 1048576 (custom)
2019-09-26 15:08:34,408 [pool-27-thread-1] INFO  server.RaftServerConfigKeys (ConfUtils.java:logGet(43)) - raft.server.log.preallocated.size = 16384 (custom)
2019-09-26 15:08:34,408 [pool-27-thread-1] INFO  server.RaftServerConfigKeys (ConfUtils.java:logGet(43)) - raft.server.log.write.buffer.size = 33554432 (custom)
2019-09-26 15:08:34,408 [pool-27-thread-1] INFO  server.RaftServerConfigKeys (ConfUtils.java:logGet(43)) - raft.server.log.force.sync.num = 128 (default)
2019-09-26 15:08:34,408 [pool-27-thread-1] INFO  server.RaftServerConfigKeys (ConfUtils.java:logGet(43)) - raft.server.log.statemachine.data.sync = true (default)
2019-09-26 15:08:34,409 [pool-27-thread-1] INFO  server.RaftServerConfigKeys (ConfUtils.java:logGet(43)) - raft.server.log.statemachine.data.sync.timeout = 10s (default)
2019-09-26 15:08:34,409 [pool-27-thread-1] INFO  server.RaftServerConfigKeys (ConfUtils.java:logGet(43)) - raft.server.log.statemachine.data.sync.timeout.retry = -1 (default)
2019-09-26 15:08:34,409 [pool-27-thread-1] INFO  server.RaftServerConfigKeys (ConfUtils.java:logGet(43)) - raft.server.log.statemachine.data.caching.enabled = true (custom)
2019-09-26 15:08:34,409 [pool-27-thread-1] INFO  segmented.SegmentedRaftLogWorker (SegmentedRaftLogWorker.java:lambda$new$0(132)) - 8a411a4f-0e32-4dd1-80b9-a797c2117425@group-22226669EE23-SegmentedRaftLogWorker: flushIndex: setUnconditionally 0 -> -1
2019-09-26 15:08:34,410 [pool-27-thread-1] INFO  server.RaftServerConfigKeys (ConfUtils.java:logGet(43)) - raft.server.snapshot.auto.trigger.enabled = true (custom)
2019-09-26 15:08:34,410 [pool-27-thread-1] INFO  server.RaftServerConfigKeys (ConfUtils.java:logGet(43)) - raft.server.snapshot.auto.trigger.threshold = 10000 (custom)
2019-09-26 15:08:34,410 [pool-27-thread-1] INFO  server.RaftServerConfigKeys (ConfUtils.java:logGet(43)) - raft.server.snapshot.retention.num.files = 5 (custom)
2019-09-26 15:08:34,410 [pool-27-thread-1] INFO  server.RaftServerConfigKeys (ConfUtils.java:logGet(43)) - raft.server.retrycache.expirytime = 600000ms (custom)
2019-09-26 15:08:34,412 [pool-27-thread-1] INFO  impl.RaftServerImpl (RaftServerImpl.java:start(185)) - 8a411a4f-0e32-4dd1-80b9-a797c2117425@group-22226669EE23: start as a follower, conf=-1: [8a411a4f-0e32-4dd1-80b9-a797c2117425:192.168.151.99:37125], old=null
2019-09-26 15:08:34,412 [pool-27-thread-1] INFO  impl.RaftServerImpl (RaftServerImpl.java:setRole(174)) - 8a411a4f-0e32-4dd1-80b9-a797c2117425@group-22226669EE23: changes role from      null to FOLLOWER at term 0 for startAsFollower
2019-09-26 15:08:34,412 [pool-27-thread-1] INFO  impl.RoleInfo (RoleInfo.java:updateAndGet(143)) - 8a411a4f-0e32-4dd1-80b9-a797c2117425: start FollowerState
2019-09-26 15:08:34,412 [pool-27-thread-1] INFO  util.JmxRegister (JmxRegister.java:tryRegister(44)) - Successfully registered JMX Bean with object name Ratis:service=RaftServer,group=group-22226669EE23,id=8a411a4f-0e32-4dd1-80b9-a797c2117425
2019-09-26 15:08:34,414 [RatisPipelineUtilsThread] INFO  pipeline.PipelineStateManager (PipelineStateManager.java:addPipeline(56)) - Created pipeline Pipeline[ Id: 95708b32-d405-4c76-970e-22226669ee23, Nodes: 8a411a4f-0e32-4dd1-80b9-a797c2117425{ip: 192.168.151.99, host: pr-hdds-1569-g6sp5-2013761785, networkLocation: /default-rack, certSerialId: null}, Type:RATIS, Factor:ONE, State:OPEN]
2019-09-26 15:08:34,419 [grpc-default-executor-0] INFO  impl.RaftServerProxy (RaftServerProxy.java:addNew(89)) - 8a411a4f-0e32-4dd1-80b9-a797c2117425: addNew group-3ACE71D3EB17:[8a411a4f-0e32-4dd1-80b9-a797c2117425:192.168.151.99:37125] returns group-3ACE71D3EB17:java.util.concurrent.CompletableFuture@66075a88[Not completed]
2019-09-26 15:08:34,420 [pool-27-thread-1] INFO  impl.RaftServerImpl (RaftServerImpl.java:<init>(95)) - 8a411a4f-0e32-4dd1-80b9-a797c2117425: new RaftServerImpl for group-3ACE71D3EB17:[8a411a4f-0e32-4dd1-80b9-a797c2117425:192.168.151.99:37125] with ContainerStateMachine:uninitialized
2019-09-26 15:08:34,420 [pool-27-thread-1] INFO  server.RaftServerConfigKeys (ConfUtils.java:logGet(43)) - raft.server.rpc.timeout.min = 5s (custom)
2019-09-26 15:08:34,421 [pool-27-thread-1] INFO  server.RaftServerConfigKeys (ConfUtils.java:logGet(43)) - raft.server.rpc.timeout.max = 5200ms (custom)
2019-09-26 15:08:34,421 [pool-27-thread-1] INFO  server.RaftServerConfigKeys (ConfUtils.java:logGet(43)) - raft.server.rpcslowness.timeout = 120s (custom)
2019-09-26 15:08:34,421 [pool-27-thread-1] INFO  server.RaftServerConfigKeys (ConfUtils.java:logGet(43)) - raft.server.sleep.deviation.threshold = 300 (default)
2019-09-26 15:08:34,421 [pool-27-thread-1] INFO  server.RaftServerConfigKeys (ConfUtils.java:logGet(43)) - raft.server.log.appender.install.snapshot.enabled = false (custom)
2019-09-26 15:08:34,421 [pool-27-thread-1] INFO  impl.RaftServerImpl (ServerState.java:<init>(103)) - 8a411a4f-0e32-4dd1-80b9-a797c2117425@group-3ACE71D3EB17: ConfigurationManager, init=-1: [8a411a4f-0e32-4dd1-80b9-a797c2117425:192.168.151.99:37125], old=null, confs=<EMPTY_MAP>
2019-09-26 15:08:34,421 [pool-27-thread-1] INFO  server.RaftServerConfigKeys (ConfUtils.java:logGet(43)) - raft.server.storage.dir = [/workdir/hadoop-ozone/integration-test/target/test-dir/MiniOzoneClusterImpl-646ad58d-3cd3-4092-ab15-506251c55e5b/datanode-0/data/ratis] (custom)
2019-09-26 15:08:34,422 [pool-27-thread-1] INFO  storage.RaftStorageDirectory (RaftStorageDirectory.java:analyzeStorage(246)) - The storage directory /workdir/hadoop-ozone/integration-test/target/test-dir/MiniOzoneClusterImpl-646ad58d-3cd3-4092-ab15-506251c55e5b/datanode-0/data/ratis/1488cfa6-03c9-4c06-8b95-3ace71d3eb17 does not exist. Creating ...
2019-09-26 15:08:34,425 [pool-27-thread-1] INFO  storage.RaftStorageDirectory (RaftStorageDirectory.java:tryLock(328)) - Lock on /workdir/hadoop-ozone/integration-test/target/test-dir/MiniOzoneClusterImpl-646ad58d-3cd3-4092-ab15-506251c55e5b/datanode-0/data/ratis/1488cfa6-03c9-4c06-8b95-3ace71d3eb17/in_use.lock acquired by nodename 7157@pr-hdds-1569-g6sp5-2013761785
2019-09-26 15:08:34,428 [pool-27-thread-1] INFO  storage.RaftStorage (RaftStorage.java:format(72)) - Storage directory /workdir/hadoop-ozone/integration-test/target/test-dir/MiniOzoneClusterImpl-646ad58d-3cd3-4092-ab15-506251c55e5b/datanode-0/data/ratis/1488cfa6-03c9-4c06-8b95-3ace71d3eb17 has been successfully formatted.
2019-09-26 15:08:34,428 [pool-27-thread-1] INFO  ratis.ContainerStateMachine (ContainerStateMachine.java:loadSnapshot(230)) - group-3ACE71D3EB17: The snapshot info is null. Setting the last applied indexto:(t:0, i:~)
2019-09-26 15:08:34,429 [pool-27-thread-1] INFO  server.RaftServerConfigKeys (ConfUtils.java:logGet(43)) - raft.server.notification.no-leader.timeout = 120s (custom)
2019-09-26 15:08:34,429 [pool-27-thread-1] INFO  server.RaftServerConfigKeys (ConfUtils.java:logGet(43)) - raft.server.log.use.memory = false (default)
2019-09-26 15:08:34,429 [pool-27-thread-1] INFO  server.RaftServerConfigKeys (ConfUtils.java:logGet(43)) - raft.server.log.purge.gap = 1000000 (custom)
2019-09-26 15:08:34,429 [pool-27-thread-1] INFO  server.RaftServerConfigKeys (ConfUtils.java:logGet(43)) - raft.server.log.appender.buffer.byte-limit = 33554432 (custom)
2019-09-26 15:08:34,429 [pool-27-thread-1] INFO  server.RaftServerConfigKeys (ConfUtils.java:logGet(43)) - raft.server.log.segment.size.max = 1048576 (custom)
2019-09-26 15:08:34,429 [pool-27-thread-1] INFO  server.RaftServerConfigKeys (ConfUtils.java:logGet(43)) - raft.server.log.segment.cache.num.max = 2 (custom)
2019-09-26 15:08:34,429 [pool-27-thread-1] INFO  segmented.SegmentedRaftLogWorker (SegmentedRaftLogWorker.java:<init>(172)) - new 8a411a4f-0e32-4dd1-80b9-a797c2117425@group-3ACE71D3EB17-SegmentedRaftLogWorker for RaftStorage:Storage Directory /workdir/hadoop-ozone/integration-test/target/test-dir/MiniOzoneClusterImpl-646ad58d-3cd3-4092-ab15-506251c55e5b/datanode-0/data/ratis/1488cfa6-03c9-4c06-8b95-3ace71d3eb17
2019-09-26 15:08:34,429 [pool-27-thread-1] INFO  server.RaftServerConfigKeys (ConfUtils.java:logGet(43)) - raft.server.log.queue.byte-limit = 2147483647 (custom)
2019-09-26 15:08:34,429 [pool-27-thread-1] INFO  server.RaftServerConfigKeys (ConfUtils.java:logGet(43)) - raft.server.log.queue.element-limit = 1024 (custom)
2019-09-26 15:08:34,429 [pool-27-thread-1] INFO  server.RaftServerConfigKeys (ConfUtils.java:logGet(43)) - raft.server.log.segment.size.max = 1048576 (custom)
2019-09-26 15:08:34,429 [pool-27-thread-1] INFO  server.RaftServerConfigKeys (ConfUtils.java:logGet(43)) - raft.server.log.preallocated.size = 16384 (custom)
2019-09-26 15:08:34,430 [pool-27-thread-1] INFO  server.RaftServerConfigKeys (ConfUtils.java:logGet(43)) - raft.server.log.write.buffer.size = 33554432 (custom)
2019-09-26 15:08:34,430 [pool-27-thread-1] INFO  server.RaftServerConfigKeys (ConfUtils.java:logGet(43)) - raft.server.log.force.sync.num = 128 (default)
2019-09-26 15:08:34,430 [pool-27-thread-1] INFO  server.RaftServerConfigKeys (ConfUtils.java:logGet(43)) - raft.server.log.statemachine.data.sync = true (default)
2019-09-26 15:08:34,430 [pool-27-thread-1] INFO  server.RaftServerConfigKeys (ConfUtils.java:logGet(43)) - raft.server.log.statemachine.data.sync.timeout = 10s (default)
2019-09-26 15:08:34,430 [pool-27-thread-1] INFO  server.RaftServerConfigKeys (ConfUtils.java:logGet(43)) - raft.server.log.statemachine.data.sync.timeout.retry = -1 (default)
2019-09-26 15:08:34,430 [pool-27-thread-1] INFO  server.RaftServerConfigKeys (ConfUtils.java:logGet(43)) - raft.server.log.statemachine.data.caching.enabled = true (custom)
2019-09-26 15:08:34,430 [pool-27-thread-1] INFO  segmented.SegmentedRaftLogWorker (SegmentedRaftLogWorker.java:lambda$new$0(132)) - 8a411a4f-0e32-4dd1-80b9-a797c2117425@group-3ACE71D3EB17-SegmentedRaftLogWorker: flushIndex: setUnconditionally 0 -> -1
2019-09-26 15:08:34,430 [pool-27-thread-1] INFO  server.RaftServerConfigKeys (ConfUtils.java:logGet(43)) - raft.server.snapshot.auto.trigger.enabled = true (custom)
2019-09-26 15:08:34,431 [pool-27-thread-1] INFO  server.RaftServerConfigKeys (ConfUtils.java:logGet(43)) - raft.server.snapshot.auto.trigger.threshold = 10000 (custom)
2019-09-26 15:08:34,431 [pool-27-thread-1] INFO  server.RaftServerConfigKeys (ConfUtils.java:logGet(43)) - raft.server.snapshot.retention.num.files = 5 (custom)
2019-09-26 15:08:34,431 [pool-27-thread-1] INFO  server.RaftServerConfigKeys (ConfUtils.java:logGet(43)) - raft.server.retrycache.expirytime = 600000ms (custom)
2019-09-26 15:08:34,432 [pool-27-thread-1] INFO  impl.RaftServerImpl (RaftServerImpl.java:start(185)) - 8a411a4f-0e32-4dd1-80b9-a797c2117425@group-3ACE71D3EB17: start as a follower, conf=-1: [8a411a4f-0e32-4dd1-80b9-a797c2117425:192.168.151.99:37125], old=null
2019-09-26 15:08:34,432 [pool-27-thread-1] INFO  impl.RaftServerImpl (RaftServerImpl.java:setRole(174)) - 8a411a4f-0e32-4dd1-80b9-a797c2117425@group-3ACE71D3EB17: changes role from      null to FOLLOWER at term 0 for startAsFollower
2019-09-26 15:08:34,432 [pool-27-thread-1] INFO  impl.RoleInfo (RoleInfo.java:updateAndGet(143)) - 8a411a4f-0e32-4dd1-80b9-a797c2117425: start FollowerState
2019-09-26 15:08:34,432 [pool-27-thread-1] INFO  util.JmxRegister (JmxRegister.java:tryRegister(44)) - Successfully registered JMX Bean with object name Ratis:service=RaftServer,group=group-3ACE71D3EB17,id=8a411a4f-0e32-4dd1-80b9-a797c2117425
2019-09-26 15:08:34,435 [RatisPipelineUtilsThread] INFO  pipeline.PipelineStateManager (PipelineStateManager.java:addPipeline(56)) - Created pipeline Pipeline[ Id: 1488cfa6-03c9-4c06-8b95-3ace71d3eb17, Nodes: 8a411a4f-0e32-4dd1-80b9-a797c2117425{ip: 192.168.151.99, host: pr-hdds-1569-g6sp5-2013761785, networkLocation: /default-rack, certSerialId: null}, Type:RATIS, Factor:ONE, State:OPEN]
2019-09-26 15:08:34,439 [grpc-default-executor-0] INFO  impl.RaftServerProxy (RaftServerProxy.java:addNew(89)) - 8a411a4f-0e32-4dd1-80b9-a797c2117425: addNew group-24E75438A6C2:[8a411a4f-0e32-4dd1-80b9-a797c2117425:192.168.151.99:37125] returns group-24E75438A6C2:java.util.concurrent.CompletableFuture@7b1f6db8[Not completed]
2019-09-26 15:08:34,440 [pool-27-thread-1] INFO  impl.RaftServerImpl (RaftServerImpl.java:<init>(95)) - 8a411a4f-0e32-4dd1-80b9-a797c2117425: new RaftServerImpl for group-24E75438A6C2:[8a411a4f-0e32-4dd1-80b9-a797c2117425:192.168.151.99:37125] with ContainerStateMachine:uninitialized
2019-09-26 15:08:34,440 [pool-27-thread-1] INFO  server.RaftServerConfigKeys (ConfUtils.java:logGet(43)) - raft.server.rpc.timeout.min = 5s (custom)
2019-09-26 15:08:34,440 [pool-27-thread-1] INFO  server.RaftServerConfigKeys (ConfUtils.java:logGet(43)) - raft.server.rpc.timeout.max = 5200ms (custom)
2019-09-26 15:08:34,440 [pool-27-thread-1] INFO  server.RaftServerConfigKeys (ConfUtils.java:logGet(43)) - raft.server.rpcslowness.timeout = 120s (custom)
2019-09-26 15:08:34,440 [pool-27-thread-1] INFO  server.RaftServerConfigKeys (ConfUtils.java:logGet(43)) - raft.server.sleep.deviation.threshold = 300 (default)
2019-09-26 15:08:34,440 [pool-27-thread-1] INFO  server.RaftServerConfigKeys (ConfUtils.java:logGet(43)) - raft.server.log.appender.install.snapshot.enabled = false (custom)
2019-09-26 15:08:34,440 [pool-27-thread-1] INFO  impl.RaftServerImpl (ServerState.java:<init>(103)) - 8a411a4f-0e32-4dd1-80b9-a797c2117425@group-24E75438A6C2: ConfigurationManager, init=-1: [8a411a4f-0e32-4dd1-80b9-a797c2117425:192.168.151.99:37125], old=null, confs=<EMPTY_MAP>
2019-09-26 15:08:34,440 [pool-27-thread-1] INFO  server.RaftServerConfigKeys (ConfUtils.java:logGet(43)) - raft.server.storage.dir = [/workdir/hadoop-ozone/integration-test/target/test-dir/MiniOzoneClusterImpl-646ad58d-3cd3-4092-ab15-506251c55e5b/datanode-0/data/ratis] (custom)
2019-09-26 15:08:34,441 [pool-27-thread-1] INFO  storage.RaftStorageDirectory (RaftStorageDirectory.java:analyzeStorage(246)) - The storage directory /workdir/hadoop-ozone/integration-test/target/test-dir/MiniOzoneClusterImpl-646ad58d-3cd3-4092-ab15-506251c55e5b/datanode-0/data/ratis/d5cd73e1-0489-4fe5-998f-24e75438a6c2 does not exist. Creating ...
2019-09-26 15:08:34,444 [pool-27-thread-1] INFO  storage.RaftStorageDirectory (RaftStorageDirectory.java:tryLock(328)) - Lock on /workdir/hadoop-ozone/integration-test/target/test-dir/MiniOzoneClusterImpl-646ad58d-3cd3-4092-ab15-506251c55e5b/datanode-0/data/ratis/d5cd73e1-0489-4fe5-998f-24e75438a6c2/in_use.lock acquired by nodename 7157@pr-hdds-1569-g6sp5-2013761785
2019-09-26 15:08:34,448 [pool-27-thread-1] INFO  storage.RaftStorage (RaftStorage.java:format(72)) - Storage directory /workdir/hadoop-ozone/integration-test/target/test-dir/MiniOzoneClusterImpl-646ad58d-3cd3-4092-ab15-506251c55e5b/datanode-0/data/ratis/d5cd73e1-0489-4fe5-998f-24e75438a6c2 has been successfully formatted.
2019-09-26 15:08:34,449 [pool-27-thread-1] INFO  ratis.ContainerStateMachine (ContainerStateMachine.java:loadSnapshot(230)) - group-24E75438A6C2: The snapshot info is null. Setting the last applied indexto:(t:0, i:~)
2019-09-26 15:08:34,449 [pool-27-thread-1] INFO  server.RaftServerConfigKeys (ConfUtils.java:logGet(43)) - raft.server.notification.no-leader.timeout = 120s (custom)
2019-09-26 15:08:34,449 [pool-27-thread-1] INFO  server.RaftServerConfigKeys (ConfUtils.java:logGet(43)) - raft.server.log.use.memory = false (default)
2019-09-26 15:08:34,449 [pool-27-thread-1] INFO  server.RaftServerConfigKeys (ConfUtils.java:logGet(43)) - raft.server.log.purge.gap = 1000000 (custom)
2019-09-26 15:08:34,449 [pool-27-thread-1] INFO  server.RaftServerConfigKeys (ConfUtils.java:logGet(43)) - raft.server.log.appender.buffer.byte-limit = 33554432 (custom)
2019-09-26 15:08:34,449 [pool-27-thread-1] INFO  server.RaftServerConfigKeys (ConfUtils.java:logGet(43)) - raft.server.log.segment.size.max = 1048576 (custom)
2019-09-26 15:08:34,449 [pool-27-thread-1] INFO  server.RaftServerConfigKeys (ConfUtils.java:logGet(43)) - raft.server.log.segment.cache.num.max = 2 (custom)
2019-09-26 15:08:34,449 [pool-27-thread-1] INFO  segmented.SegmentedRaftLogWorker (SegmentedRaftLogWorker.java:<init>(172)) - new 8a411a4f-0e32-4dd1-80b9-a797c2117425@group-24E75438A6C2-SegmentedRaftLogWorker for RaftStorage:Storage Directory /workdir/hadoop-ozone/integration-test/target/test-dir/MiniOzoneClusterImpl-646ad58d-3cd3-4092-ab15-506251c55e5b/datanode-0/data/ratis/d5cd73e1-0489-4fe5-998f-24e75438a6c2
2019-09-26 15:08:34,449 [pool-27-thread-1] INFO  server.RaftServerConfigKeys (ConfUtils.java:logGet(43)) - raft.server.log.queue.byte-limit = 2147483647 (custom)
2019-09-26 15:08:34,450 [pool-27-thread-1] INFO  server.RaftServerConfigKeys (ConfUtils.java:logGet(43)) - raft.server.log.queue.element-limit = 1024 (custom)
2019-09-26 15:08:34,450 [pool-27-thread-1] INFO  server.RaftServerConfigKeys (ConfUtils.java:logGet(43)) - raft.server.log.segment.size.max = 1048576 (custom)
2019-09-26 15:08:34,450 [pool-27-thread-1] INFO  server.RaftServerConfigKeys (ConfUtils.java:logGet(43)) - raft.server.log.preallocated.size = 16384 (custom)
2019-09-26 15:08:34,450 [pool-27-thread-1] INFO  server.RaftServerConfigKeys (ConfUtils.java:logGet(43)) - raft.server.log.write.buffer.size = 33554432 (custom)
2019-09-26 15:08:34,450 [pool-27-thread-1] INFO  server.RaftServerConfigKeys (ConfUtils.java:logGet(43)) - raft.server.log.force.sync.num = 128 (default)
2019-09-26 15:08:34,450 [pool-27-thread-1] INFO  server.RaftServerConfigKeys (ConfUtils.java:logGet(43)) - raft.server.log.statemachine.data.sync = true (default)
2019-09-26 15:08:34,450 [pool-27-thread-1] INFO  server.RaftServerConfigKeys (ConfUtils.java:logGet(43)) - raft.server.log.statemachine.data.sync.timeout = 10s (default)
2019-09-26 15:08:34,450 [pool-27-thread-1] INFO  server.RaftServerConfigKeys (ConfUtils.java:logGet(43)) - raft.server.log.statemachine.data.sync.timeout.retry = -1 (default)
2019-09-26 15:08:34,450 [pool-27-thread-1] INFO  server.RaftServerConfigKeys (ConfUtils.java:logGet(43)) - raft.server.log.statemachine.data.caching.enabled = true (custom)
2019-09-26 15:08:34,450 [pool-27-thread-1] INFO  segmented.SegmentedRaftLogWorker (SegmentedRaftLogWorker.java:lambda$new$0(132)) - 8a411a4f-0e32-4dd1-80b9-a797c2117425@group-24E75438A6C2-SegmentedRaftLogWorker: flushIndex: setUnconditionally 0 -> -1
2019-09-26 15:08:34,451 [pool-27-thread-1] INFO  server.RaftServerConfigKeys (ConfUtils.java:logGet(43)) - raft.server.snapshot.auto.trigger.enabled = true (custom)
2019-09-26 15:08:34,451 [pool-27-thread-1] INFO  server.RaftServerConfigKeys (ConfUtils.java:logGet(43)) - raft.server.snapshot.auto.trigger.threshold = 10000 (custom)
2019-09-26 15:08:34,451 [pool-27-thread-1] INFO  server.RaftServerConfigKeys (ConfUtils.java:logGet(43)) - raft.server.snapshot.retention.num.files = 5 (custom)
2019-09-26 15:08:34,451 [pool-27-thread-1] INFO  server.RaftServerConfigKeys (ConfUtils.java:logGet(43)) - raft.server.retrycache.expirytime = 600000ms (custom)
2019-09-26 15:08:34,452 [pool-27-thread-1] INFO  impl.RaftServerImpl (RaftServerImpl.java:start(185)) - 8a411a4f-0e32-4dd1-80b9-a797c2117425@group-24E75438A6C2: start as a follower, conf=-1: [8a411a4f-0e32-4dd1-80b9-a797c2117425:192.168.151.99:37125], old=null
2019-09-26 15:08:34,453 [pool-27-thread-1] INFO  impl.RaftServerImpl (RaftServerImpl.java:setRole(174)) - 8a411a4f-0e32-4dd1-80b9-a797c2117425@group-24E75438A6C2: changes role from      null to FOLLOWER at term 0 for startAsFollower
2019-09-26 15:08:34,453 [pool-27-thread-1] INFO  impl.RoleInfo (RoleInfo.java:updateAndGet(143)) - 8a411a4f-0e32-4dd1-80b9-a797c2117425: start FollowerState
2019-09-26 15:08:34,453 [pool-27-thread-1] INFO  util.JmxRegister (JmxRegister.java:tryRegister(44)) - Successfully registered JMX Bean with object name Ratis:service=RaftServer,group=group-24E75438A6C2,id=8a411a4f-0e32-4dd1-80b9-a797c2117425
2019-09-26 15:08:34,456 [RatisPipelineUtilsThread] INFO  pipeline.PipelineStateManager (PipelineStateManager.java:addPipeline(56)) - Created pipeline Pipeline[ Id: d5cd73e1-0489-4fe5-998f-24e75438a6c2, Nodes: 8a411a4f-0e32-4dd1-80b9-a797c2117425{ip: 192.168.151.99, host: pr-hdds-1569-g6sp5-2013761785, networkLocation: /default-rack, certSerialId: null}, Type:RATIS, Factor:ONE, State:OPEN]
2019-09-26 15:08:34,459 [grpc-default-executor-0] INFO  impl.RaftServerProxy (RaftServerProxy.java:addNew(89)) - 8a411a4f-0e32-4dd1-80b9-a797c2117425: addNew group-0BF01F02E0AC:[8a411a4f-0e32-4dd1-80b9-a797c2117425:192.168.151.99:37125] returns group-0BF01F02E0AC:java.util.concurrent.CompletableFuture@752f5f7[Not completed]
2019-09-26 15:08:34,461 [pool-27-thread-1] INFO  impl.RaftServerImpl (RaftServerImpl.java:<init>(95)) - 8a411a4f-0e32-4dd1-80b9-a797c2117425: new RaftServerImpl for group-0BF01F02E0AC:[8a411a4f-0e32-4dd1-80b9-a797c2117425:192.168.151.99:37125] with ContainerStateMachine:uninitialized
2019-09-26 15:08:34,461 [pool-27-thread-1] INFO  server.RaftServerConfigKeys (ConfUtils.java:logGet(43)) - raft.server.rpc.timeout.min = 5s (custom)
2019-09-26 15:08:34,461 [pool-27-thread-1] INFO  server.RaftServerConfigKeys (ConfUtils.java:logGet(43)) - raft.server.rpc.timeout.max = 5200ms (custom)
2019-09-26 15:08:34,461 [pool-27-thread-1] INFO  server.RaftServerConfigKeys (ConfUtils.java:logGet(43)) - raft.server.rpcslowness.timeout = 120s (custom)
2019-09-26 15:08:34,461 [pool-27-thread-1] INFO  server.RaftServerConfigKeys (ConfUtils.java:logGet(43)) - raft.server.sleep.deviation.threshold = 300 (default)
2019-09-26 15:08:34,461 [pool-27-thread-1] INFO  server.RaftServerConfigKeys (ConfUtils.java:logGet(43)) - raft.server.log.appender.install.snapshot.enabled = false (custom)
2019-09-26 15:08:34,462 [pool-27-thread-1] INFO  impl.RaftServerImpl (ServerState.java:<init>(103)) - 8a411a4f-0e32-4dd1-80b9-a797c2117425@group-0BF01F02E0AC: ConfigurationManager, init=-1: [8a411a4f-0e32-4dd1-80b9-a797c2117425:192.168.151.99:37125], old=null, confs=<EMPTY_MAP>
2019-09-26 15:08:34,462 [pool-27-thread-1] INFO  server.RaftServerConfigKeys (ConfUtils.java:logGet(43)) - raft.server.storage.dir = [/workdir/hadoop-ozone/integration-test/target/test-dir/MiniOzoneClusterImpl-646ad58d-3cd3-4092-ab15-506251c55e5b/datanode-0/data/ratis] (custom)
2019-09-26 15:08:34,463 [pool-27-thread-1] INFO  storage.RaftStorageDirectory (RaftStorageDirectory.java:analyzeStorage(246)) - The storage directory /workdir/hadoop-ozone/integration-test/target/test-dir/MiniOzoneClusterImpl-646ad58d-3cd3-4092-ab15-506251c55e5b/datanode-0/data/ratis/722a622f-c2a9-42e3-8155-0bf01f02e0ac does not exist. Creating ...
2019-09-26 15:08:34,469 [pool-27-thread-1] INFO  storage.RaftStorageDirectory (RaftStorageDirectory.java:tryLock(328)) - Lock on /workdir/hadoop-ozone/integration-test/target/test-dir/MiniOzoneClusterImpl-646ad58d-3cd3-4092-ab15-506251c55e5b/datanode-0/data/ratis/722a622f-c2a9-42e3-8155-0bf01f02e0ac/in_use.lock acquired by nodename 7157@pr-hdds-1569-g6sp5-2013761785
2019-09-26 15:08:34,482 [pool-27-thread-1] INFO  storage.RaftStorage (RaftStorage.java:format(72)) - Storage directory /workdir/hadoop-ozone/integration-test/target/test-dir/MiniOzoneClusterImpl-646ad58d-3cd3-4092-ab15-506251c55e5b/datanode-0/data/ratis/722a622f-c2a9-42e3-8155-0bf01f02e0ac has been successfully formatted.
2019-09-26 15:08:34,482 [pool-27-thread-1] INFO  ratis.ContainerStateMachine (ContainerStateMachine.java:loadSnapshot(230)) - group-0BF01F02E0AC: The snapshot info is null. Setting the last applied indexto:(t:0, i:~)
2019-09-26 15:08:34,482 [pool-27-thread-1] INFO  server.RaftServerConfigKeys (ConfUtils.java:logGet(43)) - raft.server.notification.no-leader.timeout = 120s (custom)
2019-09-26 15:08:34,483 [pool-27-thread-1] INFO  server.RaftServerConfigKeys (ConfUtils.java:logGet(43)) - raft.server.log.use.memory = false (default)
2019-09-26 15:08:34,483 [pool-27-thread-1] INFO  server.RaftServerConfigKeys (ConfUtils.java:logGet(43)) - raft.server.log.purge.gap = 1000000 (custom)
2019-09-26 15:08:34,483 [pool-27-thread-1] INFO  server.RaftServerConfigKeys (ConfUtils.java:logGet(43)) - raft.server.log.appender.buffer.byte-limit = 33554432 (custom)
2019-09-26 15:08:34,483 [pool-27-thread-1] INFO  server.RaftServerConfigKeys (ConfUtils.java:logGet(43)) - raft.server.log.segment.size.max = 1048576 (custom)
2019-09-26 15:08:34,483 [pool-27-thread-1] INFO  server.RaftServerConfigKeys (ConfUtils.java:logGet(43)) - raft.server.log.segment.cache.num.max = 2 (custom)
2019-09-26 15:08:34,483 [pool-27-thread-1] INFO  segmented.SegmentedRaftLogWorker (SegmentedRaftLogWorker.java:<init>(172)) - new 8a411a4f-0e32-4dd1-80b9-a797c2117425@group-0BF01F02E0AC-SegmentedRaftLogWorker for RaftStorage:Storage Directory /workdir/hadoop-ozone/integration-test/target/test-dir/MiniOzoneClusterImpl-646ad58d-3cd3-4092-ab15-506251c55e5b/datanode-0/data/ratis/722a622f-c2a9-42e3-8155-0bf01f02e0ac
2019-09-26 15:08:34,483 [pool-27-thread-1] INFO  server.RaftServerConfigKeys (ConfUtils.java:logGet(43)) - raft.server.log.queue.byte-limit = 2147483647 (custom)
2019-09-26 15:08:34,483 [pool-27-thread-1] INFO  server.RaftServerConfigKeys (ConfUtils.java:logGet(43)) - raft.server.log.queue.element-limit = 1024 (custom)
2019-09-26 15:08:34,483 [pool-27-thread-1] INFO  server.RaftServerConfigKeys (ConfUtils.java:logGet(43)) - raft.server.log.segment.size.max = 1048576 (custom)
2019-09-26 15:08:34,484 [pool-27-thread-1] INFO  server.RaftServerConfigKeys (ConfUtils.java:logGet(43)) - raft.server.log.preallocated.size = 16384 (custom)
2019-09-26 15:08:34,484 [pool-27-thread-1] INFO  server.RaftServerConfigKeys (ConfUtils.java:logGet(43)) - raft.server.log.write.buffer.size = 33554432 (custom)
2019-09-26 15:08:34,484 [pool-27-thread-1] INFO  server.RaftServerConfigKeys (ConfUtils.java:logGet(43)) - raft.server.log.force.sync.num = 128 (default)
2019-09-26 15:08:34,484 [pool-27-thread-1] INFO  server.RaftServerConfigKeys (ConfUtils.java:logGet(43)) - raft.server.log.statemachine.data.sync = true (default)
2019-09-26 15:08:34,484 [pool-27-thread-1] INFO  server.RaftServerConfigKeys (ConfUtils.java:logGet(43)) - raft.server.log.statemachine.data.sync.timeout = 10s (default)
2019-09-26 15:08:34,484 [pool-27-thread-1] INFO  server.RaftServerConfigKeys (ConfUtils.java:logGet(43)) - raft.server.log.statemachine.data.sync.timeout.retry = -1 (default)
2019-09-26 15:08:34,484 [pool-27-thread-1] INFO  server.RaftServerConfigKeys (ConfUtils.java:logGet(43)) - raft.server.log.statemachine.data.caching.enabled = true (custom)
2019-09-26 15:08:34,484 [pool-27-thread-1] INFO  segmented.SegmentedRaftLogWorker (SegmentedRaftLogWorker.java:lambda$new$0(132)) - 8a411a4f-0e32-4dd1-80b9-a797c2117425@group-0BF01F02E0AC-SegmentedRaftLogWorker: flushIndex: setUnconditionally 0 -> -1
2019-09-26 15:08:34,485 [pool-27-thread-1] INFO  server.RaftServerConfigKeys (ConfUtils.java:logGet(43)) - raft.server.snapshot.auto.trigger.enabled = true (custom)
2019-09-26 15:08:34,485 [pool-27-thread-1] INFO  server.RaftServerConfigKeys (ConfUtils.java:logGet(43)) - raft.server.snapshot.auto.trigger.threshold = 10000 (custom)
2019-09-26 15:08:34,485 [pool-27-thread-1] INFO  server.RaftServerConfigKeys (ConfUtils.java:logGet(43)) - raft.server.snapshot.retention.num.files = 5 (custom)
2019-09-26 15:08:34,485 [pool-27-thread-1] INFO  server.RaftServerConfigKeys (ConfUtils.java:logGet(43)) - raft.server.retrycache.expirytime = 600000ms (custom)
2019-09-26 15:08:34,486 [pool-27-thread-1] INFO  impl.RaftServerImpl (RaftServerImpl.java:start(185)) - 8a411a4f-0e32-4dd1-80b9-a797c2117425@group-0BF01F02E0AC: start as a follower, conf=-1: [8a411a4f-0e32-4dd1-80b9-a797c2117425:192.168.151.99:37125], old=null
2019-09-26 15:08:34,486 [pool-27-thread-1] INFO  impl.RaftServerImpl (RaftServerImpl.java:setRole(174)) - 8a411a4f-0e32-4dd1-80b9-a797c2117425@group-0BF01F02E0AC: changes role from      null to FOLLOWER at term 0 for startAsFollower
2019-09-26 15:08:34,486 [pool-27-thread-1] INFO  impl.RoleInfo (RoleInfo.java:updateAndGet(143)) - 8a411a4f-0e32-4dd1-80b9-a797c2117425: start FollowerState
2019-09-26 15:08:34,487 [pool-27-thread-1] INFO  util.JmxRegister (JmxRegister.java:tryRegister(44)) - Successfully registered JMX Bean with object name Ratis:service=RaftServer,group=group-0BF01F02E0AC,id=8a411a4f-0e32-4dd1-80b9-a797c2117425
2019-09-26 15:08:34,489 [RatisPipelineUtilsThread] INFO  pipeline.PipelineStateManager (PipelineStateManager.java:addPipeline(56)) - Created pipeline Pipeline[ Id: 722a622f-c2a9-42e3-8155-0bf01f02e0ac, Nodes: 8a411a4f-0e32-4dd1-80b9-a797c2117425{ip: 192.168.151.99, host: pr-hdds-1569-g6sp5-2013761785, networkLocation: /default-rack, certSerialId: null}, Type:RATIS, Factor:ONE, State:OPEN]
2019-09-26 15:08:34,494 [grpc-default-executor-0] INFO  impl.RaftServerProxy (RaftServerProxy.java:addNew(89)) - 8a411a4f-0e32-4dd1-80b9-a797c2117425: addNew group-358F631A9058:[8a411a4f-0e32-4dd1-80b9-a797c2117425:192.168.151.99:37125] returns group-358F631A9058:java.util.concurrent.CompletableFuture@294fb288[Not completed]
2019-09-26 15:08:34,495 [pool-27-thread-1] INFO  impl.RaftServerImpl (RaftServerImpl.java:<init>(95)) - 8a411a4f-0e32-4dd1-80b9-a797c2117425: new RaftServerImpl for group-358F631A9058:[8a411a4f-0e32-4dd1-80b9-a797c2117425:192.168.151.99:37125] with ContainerStateMachine:uninitialized
2019-09-26 15:08:34,495 [pool-27-thread-1] INFO  server.RaftServerConfigKeys (ConfUtils.java:logGet(43)) - raft.server.rpc.timeout.min = 5s (custom)
2019-09-26 15:08:34,495 [pool-27-thread-1] INFO  server.RaftServerConfigKeys (ConfUtils.java:logGet(43)) - raft.server.rpc.timeout.max = 5200ms (custom)
2019-09-26 15:08:34,495 [pool-27-thread-1] INFO  server.RaftServerConfigKeys (ConfUtils.java:logGet(43)) - raft.server.rpcslowness.timeout = 120s (custom)
2019-09-26 15:08:34,495 [pool-27-thread-1] INFO  server.RaftServerConfigKeys (ConfUtils.java:logGet(43)) - raft.server.sleep.deviation.threshold = 300 (default)
2019-09-26 15:08:34,496 [pool-27-thread-1] INFO  server.RaftServerConfigKeys (ConfUtils.java:logGet(43)) - raft.server.log.appender.install.snapshot.enabled = false (custom)
2019-09-26 15:08:34,496 [pool-27-thread-1] INFO  impl.RaftServerImpl (ServerState.java:<init>(103)) - 8a411a4f-0e32-4dd1-80b9-a797c2117425@group-358F631A9058: ConfigurationManager, init=-1: [8a411a4f-0e32-4dd1-80b9-a797c2117425:192.168.151.99:37125], old=null, confs=<EMPTY_MAP>
2019-09-26 15:08:34,496 [pool-27-thread-1] INFO  server.RaftServerConfigKeys (ConfUtils.java:logGet(43)) - raft.server.storage.dir = [/workdir/hadoop-ozone/integration-test/target/test-dir/MiniOzoneClusterImpl-646ad58d-3cd3-4092-ab15-506251c55e5b/datanode-0/data/ratis] (custom)
2019-09-26 15:08:34,497 [pool-27-thread-1] INFO  storage.RaftStorageDirectory (RaftStorageDirectory.java:analyzeStorage(246)) - The storage directory /workdir/hadoop-ozone/integration-test/target/test-dir/MiniOzoneClusterImpl-646ad58d-3cd3-4092-ab15-506251c55e5b/datanode-0/data/ratis/77547d0f-6df8-47e1-8472-358f631a9058 does not exist. Creating ...
2019-09-26 15:08:34,510 [pool-27-thread-1] INFO  storage.RaftStorageDirectory (RaftStorageDirectory.java:tryLock(328)) - Lock on /workdir/hadoop-ozone/integration-test/target/test-dir/MiniOzoneClusterImpl-646ad58d-3cd3-4092-ab15-506251c55e5b/datanode-0/data/ratis/77547d0f-6df8-47e1-8472-358f631a9058/in_use.lock acquired by nodename 7157@pr-hdds-1569-g6sp5-2013761785
2019-09-26 15:08:34,523 [pool-27-thread-1] INFO  storage.RaftStorage (RaftStorage.java:format(72)) - Storage directory /workdir/hadoop-ozone/integration-test/target/test-dir/MiniOzoneClusterImpl-646ad58d-3cd3-4092-ab15-506251c55e5b/datanode-0/data/ratis/77547d0f-6df8-47e1-8472-358f631a9058 has been successfully formatted.
2019-09-26 15:08:34,523 [pool-27-thread-1] INFO  ratis.ContainerStateMachine (ContainerStateMachine.java:loadSnapshot(230)) - group-358F631A9058: The snapshot info is null. Setting the last applied indexto:(t:0, i:~)
2019-09-26 15:08:34,523 [pool-27-thread-1] INFO  server.RaftServerConfigKeys (ConfUtils.java:logGet(43)) - raft.server.notification.no-leader.timeout = 120s (custom)
2019-09-26 15:08:34,523 [pool-27-thread-1] INFO  server.RaftServerConfigKeys (ConfUtils.java:logGet(43)) - raft.server.log.use.memory = false (default)
2019-09-26 15:08:34,524 [pool-27-thread-1] INFO  server.RaftServerConfigKeys (ConfUtils.java:logGet(43)) - raft.server.log.purge.gap = 1000000 (custom)
2019-09-26 15:08:34,524 [pool-27-thread-1] INFO  server.RaftServerConfigKeys (ConfUtils.java:logGet(43)) - raft.server.log.appender.buffer.byte-limit = 33554432 (custom)
2019-09-26 15:08:34,524 [pool-27-thread-1] INFO  server.RaftServerConfigKeys (ConfUtils.java:logGet(43)) - raft.server.log.segment.size.max = 1048576 (custom)
2019-09-26 15:08:34,524 [pool-27-thread-1] INFO  server.RaftServerConfigKeys (ConfUtils.java:logGet(43)) - raft.server.log.segment.cache.num.max = 2 (custom)
2019-09-26 15:08:34,524 [pool-27-thread-1] INFO  segmented.SegmentedRaftLogWorker (SegmentedRaftLogWorker.java:<init>(172)) - new 8a411a4f-0e32-4dd1-80b9-a797c2117425@group-358F631A9058-SegmentedRaftLogWorker for RaftStorage:Storage Directory /workdir/hadoop-ozone/integration-test/target/test-dir/MiniOzoneClusterImpl-646ad58d-3cd3-4092-ab15-506251c55e5b/datanode-0/data/ratis/77547d0f-6df8-47e1-8472-358f631a9058
2019-09-26 15:08:34,524 [pool-27-thread-1] INFO  server.RaftServerConfigKeys (ConfUtils.java:logGet(43)) - raft.server.log.queue.byte-limit = 2147483647 (custom)
2019-09-26 15:08:34,524 [pool-27-thread-1] INFO  server.RaftServerConfigKeys (ConfUtils.java:logGet(43)) - raft.server.log.queue.element-limit = 1024 (custom)
2019-09-26 15:08:34,524 [pool-27-thread-1] INFO  server.RaftServerConfigKeys (ConfUtils.java:logGet(43)) - raft.server.log.segment.size.max = 1048576 (custom)
2019-09-26 15:08:34,524 [pool-27-thread-1] INFO  server.RaftServerConfigKeys (ConfUtils.java:logGet(43)) - raft.server.log.preallocated.size = 16384 (custom)
2019-09-26 15:08:34,524 [pool-27-thread-1] INFO  server.RaftServerConfigKeys (ConfUtils.java:logGet(43)) - raft.server.log.write.buffer.size = 33554432 (custom)
2019-09-26 15:08:34,524 [pool-27-thread-1] INFO  server.RaftServerConfigKeys (ConfUtils.java:logGet(43)) - raft.server.log.force.sync.num = 128 (default)
2019-09-26 15:08:34,524 [pool-27-thread-1] INFO  server.RaftServerConfigKeys (ConfUtils.java:logGet(43)) - raft.server.log.statemachine.data.sync = true (default)
2019-09-26 15:08:34,525 [pool-27-thread-1] INFO  server.RaftServerConfigKeys (ConfUtils.java:logGet(43)) - raft.server.log.statemachine.data.sync.timeout = 10s (default)
2019-09-26 15:08:34,525 [pool-27-thread-1] INFO  server.RaftServerConfigKeys (ConfUtils.java:logGet(43)) - raft.server.log.statemachine.data.sync.timeout.retry = -1 (default)
2019-09-26 15:08:34,525 [pool-27-thread-1] INFO  server.RaftServerConfigKeys (ConfUtils.java:logGet(43)) - raft.server.log.statemachine.data.caching.enabled = true (custom)
2019-09-26 15:08:34,525 [pool-27-thread-1] INFO  segmented.SegmentedRaftLogWorker (SegmentedRaftLogWorker.java:lambda$new$0(132)) - 8a411a4f-0e32-4dd1-80b9-a797c2117425@group-358F631A9058-SegmentedRaftLogWorker: flushIndex: setUnconditionally 0 -> -1
2019-09-26 15:08:34,525 [pool-27-thread-1] INFO  server.RaftServerConfigKeys (ConfUtils.java:logGet(43)) - raft.server.snapshot.auto.trigger.enabled = true (custom)
2019-09-26 15:08:34,525 [pool-27-thread-1] INFO  server.RaftServerConfigKeys (ConfUtils.java:logGet(43)) - raft.server.snapshot.auto.trigger.threshold = 10000 (custom)
2019-09-26 15:08:34,525 [pool-27-thread-1] INFO  server.RaftServerConfigKeys (ConfUtils.java:logGet(43)) - raft.server.snapshot.retention.num.files = 5 (custom)
2019-09-26 15:08:34,525 [pool-27-thread-1] INFO  server.RaftServerConfigKeys (ConfUtils.java:logGet(43)) - raft.server.retrycache.expirytime = 600000ms (custom)
2019-09-26 15:08:34,527 [pool-27-thread-1] INFO  impl.RaftServerImpl (RaftServerImpl.java:start(185)) - 8a411a4f-0e32-4dd1-80b9-a797c2117425@group-358F631A9058: start as a follower, conf=-1: [8a411a4f-0e32-4dd1-80b9-a797c2117425:192.168.151.99:37125], old=null
2019-09-26 15:08:34,527 [pool-27-thread-1] INFO  impl.RaftServerImpl (RaftServerImpl.java:setRole(174)) - 8a411a4f-0e32-4dd1-80b9-a797c2117425@group-358F631A9058: changes role from      null to FOLLOWER at term 0 for startAsFollower
2019-09-26 15:08:34,527 [pool-27-thread-1] INFO  impl.RoleInfo (RoleInfo.java:updateAndGet(143)) - 8a411a4f-0e32-4dd1-80b9-a797c2117425: start FollowerState
2019-09-26 15:08:34,529 [pool-27-thread-1] INFO  util.JmxRegister (JmxRegister.java:tryRegister(44)) - Successfully registered JMX Bean with object name Ratis:service=RaftServer,group=group-358F631A9058,id=8a411a4f-0e32-4dd1-80b9-a797c2117425
2019-09-26 15:08:34,532 [RatisPipelineUtilsThread] INFO  pipeline.PipelineStateManager (PipelineStateManager.java:addPipeline(56)) - Created pipeline Pipeline[ Id: 77547d0f-6df8-47e1-8472-358f631a9058, Nodes: 8a411a4f-0e32-4dd1-80b9-a797c2117425{ip: 192.168.151.99, host: pr-hdds-1569-g6sp5-2013761785, networkLocation: /default-rack, certSerialId: null}, Type:RATIS, Factor:ONE, State:OPEN]
2019-09-26 15:08:34,536 [grpc-default-executor-0] INFO  impl.RaftServerProxy (RaftServerProxy.java:addNew(89)) - 8a411a4f-0e32-4dd1-80b9-a797c2117425: addNew group-338C79B436FD:[8a411a4f-0e32-4dd1-80b9-a797c2117425:192.168.151.99:37125] returns group-338C79B436FD:java.util.concurrent.CompletableFuture@b753621[Not completed]
2019-09-26 15:08:34,537 [pool-27-thread-1] INFO  impl.RaftServerImpl (RaftServerImpl.java:<init>(95)) - 8a411a4f-0e32-4dd1-80b9-a797c2117425: new RaftServerImpl for group-338C79B436FD:[8a411a4f-0e32-4dd1-80b9-a797c2117425:192.168.151.99:37125] with ContainerStateMachine:uninitialized
2019-09-26 15:08:34,538 [pool-27-thread-1] INFO  server.RaftServerConfigKeys (ConfUtils.java:logGet(43)) - raft.server.rpc.timeout.min = 5s (custom)
2019-09-26 15:08:34,538 [pool-27-thread-1] INFO  server.RaftServerConfigKeys (ConfUtils.java:logGet(43)) - raft.server.rpc.timeout.max = 5200ms (custom)
2019-09-26 15:08:34,538 [pool-27-thread-1] INFO  server.RaftServerConfigKeys (ConfUtils.java:logGet(43)) - raft.server.rpcslowness.timeout = 120s (custom)
2019-09-26 15:08:34,538 [pool-27-thread-1] INFO  server.RaftServerConfigKeys (ConfUtils.java:logGet(43)) - raft.server.sleep.deviation.threshold = 300 (default)
2019-09-26 15:08:34,538 [pool-27-thread-1] INFO  server.RaftServerConfigKeys (ConfUtils.java:logGet(43)) - raft.server.log.appender.install.snapshot.enabled = false (custom)
2019-09-26 15:08:34,538 [pool-27-thread-1] INFO  impl.RaftServerImpl (ServerState.java:<init>(103)) - 8a411a4f-0e32-4dd1-80b9-a797c2117425@group-338C79B436FD: ConfigurationManager, init=-1: [8a411a4f-0e32-4dd1-80b9-a797c2117425:192.168.151.99:37125], old=null, confs=<EMPTY_MAP>
2019-09-26 15:08:34,538 [pool-27-thread-1] INFO  server.RaftServerConfigKeys (ConfUtils.java:logGet(43)) - raft.server.storage.dir = [/workdir/hadoop-ozone/integration-test/target/test-dir/MiniOzoneClusterImpl-646ad58d-3cd3-4092-ab15-506251c55e5b/datanode-0/data/ratis] (custom)
2019-09-26 15:08:34,539 [pool-27-thread-1] INFO  storage.RaftStorageDirectory (RaftStorageDirectory.java:analyzeStorage(246)) - The storage directory /workdir/hadoop-ozone/integration-test/target/test-dir/MiniOzoneClusterImpl-646ad58d-3cd3-4092-ab15-506251c55e5b/datanode-0/data/ratis/85b2b091-e420-45a0-ab43-338c79b436fd does not exist. Creating ...
2019-09-26 15:08:34,553 [pool-27-thread-1] INFO  storage.RaftStorageDirectory (RaftStorageDirectory.java:tryLock(328)) - Lock on /workdir/hadoop-ozone/integration-test/target/test-dir/MiniOzoneClusterImpl-646ad58d-3cd3-4092-ab15-506251c55e5b/datanode-0/data/ratis/85b2b091-e420-45a0-ab43-338c79b436fd/in_use.lock acquired by nodename 7157@pr-hdds-1569-g6sp5-2013761785
2019-09-26 15:08:34,566 [pool-27-thread-1] INFO  storage.RaftStorage (RaftStorage.java:format(72)) - Storage directory /workdir/hadoop-ozone/integration-test/target/test-dir/MiniOzoneClusterImpl-646ad58d-3cd3-4092-ab15-506251c55e5b/datanode-0/data/ratis/85b2b091-e420-45a0-ab43-338c79b436fd has been successfully formatted.
2019-09-26 15:08:34,567 [pool-27-thread-1] INFO  ratis.ContainerStateMachine (ContainerStateMachine.java:loadSnapshot(230)) - group-338C79B436FD: The snapshot info is null. Setting the last applied indexto:(t:0, i:~)
2019-09-26 15:08:34,567 [pool-27-thread-1] INFO  server.RaftServerConfigKeys (ConfUtils.java:logGet(43)) - raft.server.notification.no-leader.timeout = 120s (custom)
2019-09-26 15:08:34,567 [pool-27-thread-1] INFO  server.RaftServerConfigKeys (ConfUtils.java:logGet(43)) - raft.server.log.use.memory = false (default)
2019-09-26 15:08:34,567 [pool-27-thread-1] INFO  server.RaftServerConfigKeys (ConfUtils.java:logGet(43)) - raft.server.log.purge.gap = 1000000 (custom)
2019-09-26 15:08:34,568 [pool-27-thread-1] INFO  server.RaftServerConfigKeys (ConfUtils.java:logGet(43)) - raft.server.log.appender.buffer.byte-limit = 33554432 (custom)
2019-09-26 15:08:34,568 [pool-27-thread-1] INFO  server.RaftServerConfigKeys (ConfUtils.java:logGet(43)) - raft.server.log.segment.size.max = 1048576 (custom)
2019-09-26 15:08:34,568 [pool-27-thread-1] INFO  server.RaftServerConfigKeys (ConfUtils.java:logGet(43)) - raft.server.log.segment.cache.num.max = 2 (custom)
2019-09-26 15:08:34,568 [pool-27-thread-1] INFO  segmented.SegmentedRaftLogWorker (SegmentedRaftLogWorker.java:<init>(172)) - new 8a411a4f-0e32-4dd1-80b9-a797c2117425@group-338C79B436FD-SegmentedRaftLogWorker for RaftStorage:Storage Directory /workdir/hadoop-ozone/integration-test/target/test-dir/MiniOzoneClusterImpl-646ad58d-3cd3-4092-ab15-506251c55e5b/datanode-0/data/ratis/85b2b091-e420-45a0-ab43-338c79b436fd
2019-09-26 15:08:34,568 [pool-27-thread-1] INFO  server.RaftServerConfigKeys (ConfUtils.java:logGet(43)) - raft.server.log.queue.byte-limit = 2147483647 (custom)
2019-09-26 15:08:34,568 [pool-27-thread-1] INFO  server.RaftServerConfigKeys (ConfUtils.java:logGet(43)) - raft.server.log.queue.element-limit = 1024 (custom)
2019-09-26 15:08:34,568 [pool-27-thread-1] INFO  server.RaftServerConfigKeys (ConfUtils.java:logGet(43)) - raft.server.log.segment.size.max = 1048576 (custom)
2019-09-26 15:08:34,569 [pool-27-thread-1] INFO  server.RaftServerConfigKeys (ConfUtils.java:logGet(43)) - raft.server.log.preallocated.size = 16384 (custom)
2019-09-26 15:08:34,569 [pool-27-thread-1] INFO  server.RaftServerConfigKeys (ConfUtils.java:logGet(43)) - raft.server.log.write.buffer.size = 33554432 (custom)
2019-09-26 15:08:34,569 [pool-27-thread-1] INFO  server.RaftServerConfigKeys (ConfUtils.java:logGet(43)) - raft.server.log.force.sync.num = 128 (default)
2019-09-26 15:08:34,569 [pool-27-thread-1] INFO  server.RaftServerConfigKeys (ConfUtils.java:logGet(43)) - raft.server.log.statemachine.data.sync = true (default)
2019-09-26 15:08:34,569 [pool-27-thread-1] INFO  server.RaftServerConfigKeys (ConfUtils.java:logGet(43)) - raft.server.log.statemachine.data.sync.timeout = 10s (default)
2019-09-26 15:08:34,569 [pool-27-thread-1] INFO  server.RaftServerConfigKeys (ConfUtils.java:logGet(43)) - raft.server.log.statemachine.data.sync.timeout.retry = -1 (default)
2019-09-26 15:08:34,570 [pool-27-thread-1] INFO  server.RaftServerConfigKeys (ConfUtils.java:logGet(43)) - raft.server.log.statemachine.data.caching.enabled = true (custom)
2019-09-26 15:08:34,570 [pool-27-thread-1] INFO  segmented.SegmentedRaftLogWorker (SegmentedRaftLogWorker.java:lambda$new$0(132)) - 8a411a4f-0e32-4dd1-80b9-a797c2117425@group-338C79B436FD-SegmentedRaftLogWorker: flushIndex: setUnconditionally 0 -> -1
2019-09-26 15:08:34,570 [pool-27-thread-1] INFO  server.RaftServerConfigKeys (ConfUtils.java:logGet(43)) - raft.server.snapshot.auto.trigger.enabled = true (custom)
2019-09-26 15:08:34,570 [pool-27-thread-1] INFO  server.RaftServerConfigKeys (ConfUtils.java:logGet(43)) - raft.server.snapshot.auto.trigger.threshold = 10000 (custom)
2019-09-26 15:08:34,571 [pool-27-thread-1] INFO  server.RaftServerConfigKeys (ConfUtils.java:logGet(43)) - raft.server.snapshot.retention.num.files = 5 (custom)
2019-09-26 15:08:34,571 [pool-27-thread-1] INFO  server.RaftServerConfigKeys (ConfUtils.java:logGet(43)) - raft.server.retrycache.expirytime = 600000ms (custom)
2019-09-26 15:08:34,573 [pool-27-thread-1] INFO  impl.RaftServerImpl (RaftServerImpl.java:start(185)) - 8a411a4f-0e32-4dd1-80b9-a797c2117425@group-338C79B436FD: start as a follower, conf=-1: [8a411a4f-0e32-4dd1-80b9-a797c2117425:192.168.151.99:37125], old=null
2019-09-26 15:08:34,573 [pool-27-thread-1] INFO  impl.RaftServerImpl (RaftServerImpl.java:setRole(174)) - 8a411a4f-0e32-4dd1-80b9-a797c2117425@group-338C79B436FD: changes role from      null to FOLLOWER at term 0 for startAsFollower
2019-09-26 15:08:34,573 [pool-27-thread-1] INFO  impl.RoleInfo (RoleInfo.java:updateAndGet(143)) - 8a411a4f-0e32-4dd1-80b9-a797c2117425: start FollowerState
2019-09-26 15:08:34,574 [pool-27-thread-1] INFO  util.JmxRegister (JmxRegister.java:tryRegister(44)) - Successfully registered JMX Bean with object name Ratis:service=RaftServer,group=group-338C79B436FD,id=8a411a4f-0e32-4dd1-80b9-a797c2117425
2019-09-26 15:08:34,576 [RatisPipelineUtilsThread] INFO  pipeline.PipelineStateManager (PipelineStateManager.java:addPipeline(56)) - Created pipeline Pipeline[ Id: 85b2b091-e420-45a0-ab43-338c79b436fd, Nodes: 8a411a4f-0e32-4dd1-80b9-a797c2117425{ip: 192.168.151.99, host: pr-hdds-1569-g6sp5-2013761785, networkLocation: /default-rack, certSerialId: null}, Type:RATIS, Factor:ONE, State:OPEN]
2019-09-26 15:08:34,580 [grpc-default-executor-0] INFO  impl.RaftServerProxy (RaftServerProxy.java:addNew(89)) - 8a411a4f-0e32-4dd1-80b9-a797c2117425: addNew group-D220E74A09E8:[8a411a4f-0e32-4dd1-80b9-a797c2117425:192.168.151.99:37125] returns group-D220E74A09E8:java.util.concurrent.CompletableFuture@1dc0471e[Not completed]
2019-09-26 15:08:34,581 [pool-27-thread-1] INFO  impl.RaftServerImpl (RaftServerImpl.java:<init>(95)) - 8a411a4f-0e32-4dd1-80b9-a797c2117425: new RaftServerImpl for group-D220E74A09E8:[8a411a4f-0e32-4dd1-80b9-a797c2117425:192.168.151.99:37125] with ContainerStateMachine:uninitialized
2019-09-26 15:08:34,582 [pool-27-thread-1] INFO  server.RaftServerConfigKeys (ConfUtils.java:logGet(43)) - raft.server.rpc.timeout.min = 5s (custom)
2019-09-26 15:08:34,582 [pool-27-thread-1] INFO  server.RaftServerConfigKeys (ConfUtils.java:logGet(43)) - raft.server.rpc.timeout.max = 5200ms (custom)
2019-09-26 15:08:34,582 [pool-27-thread-1] INFO  server.RaftServerConfigKeys (ConfUtils.java:logGet(43)) - raft.server.rpcslowness.timeout = 120s (custom)
2019-09-26 15:08:34,582 [pool-27-thread-1] INFO  server.RaftServerConfigKeys (ConfUtils.java:logGet(43)) - raft.server.sleep.deviation.threshold = 300 (default)
2019-09-26 15:08:34,582 [pool-27-thread-1] INFO  server.RaftServerConfigKeys (ConfUtils.java:logGet(43)) - raft.server.log.appender.install.snapshot.enabled = false (custom)
2019-09-26 15:08:34,582 [pool-27-thread-1] INFO  impl.RaftServerImpl (ServerState.java:<init>(103)) - 8a411a4f-0e32-4dd1-80b9-a797c2117425@group-D220E74A09E8: ConfigurationManager, init=-1: [8a411a4f-0e32-4dd1-80b9-a797c2117425:192.168.151.99:37125], old=null, confs=<EMPTY_MAP>
2019-09-26 15:08:34,582 [pool-27-thread-1] INFO  server.RaftServerConfigKeys (ConfUtils.java:logGet(43)) - raft.server.storage.dir = [/workdir/hadoop-ozone/integration-test/target/test-dir/MiniOzoneClusterImpl-646ad58d-3cd3-4092-ab15-506251c55e5b/datanode-0/data/ratis] (custom)
2019-09-26 15:08:34,583 [pool-27-thread-1] INFO  storage.RaftStorageDirectory (RaftStorageDirectory.java:analyzeStorage(246)) - The storage directory /workdir/hadoop-ozone/integration-test/target/test-dir/MiniOzoneClusterImpl-646ad58d-3cd3-4092-ab15-506251c55e5b/datanode-0/data/ratis/c32dd69c-03d6-46b0-b532-d220e74a09e8 does not exist. Creating ...
2019-09-26 15:08:34,606 [pool-27-thread-1] INFO  storage.RaftStorageDirectory (RaftStorageDirectory.java:tryLock(328)) - Lock on /workdir/hadoop-ozone/integration-test/target/test-dir/MiniOzoneClusterImpl-646ad58d-3cd3-4092-ab15-506251c55e5b/datanode-0/data/ratis/c32dd69c-03d6-46b0-b532-d220e74a09e8/in_use.lock acquired by nodename 7157@pr-hdds-1569-g6sp5-2013761785
2019-09-26 15:08:34,619 [pool-27-thread-1] INFO  storage.RaftStorage (RaftStorage.java:format(72)) - Storage directory /workdir/hadoop-ozone/integration-test/target/test-dir/MiniOzoneClusterImpl-646ad58d-3cd3-4092-ab15-506251c55e5b/datanode-0/data/ratis/c32dd69c-03d6-46b0-b532-d220e74a09e8 has been successfully formatted.
2019-09-26 15:08:34,620 [pool-27-thread-1] INFO  ratis.ContainerStateMachine (ContainerStateMachine.java:loadSnapshot(230)) - group-D220E74A09E8: The snapshot info is null. Setting the last applied indexto:(t:0, i:~)
2019-09-26 15:08:34,620 [pool-27-thread-1] INFO  server.RaftServerConfigKeys (ConfUtils.java:logGet(43)) - raft.server.notification.no-leader.timeout = 120s (custom)
2019-09-26 15:08:34,620 [pool-27-thread-1] INFO  server.RaftServerConfigKeys (ConfUtils.java:logGet(43)) - raft.server.log.use.memory = false (default)
2019-09-26 15:08:34,620 [pool-27-thread-1] INFO  server.RaftServerConfigKeys (ConfUtils.java:logGet(43)) - raft.server.log.purge.gap = 1000000 (custom)
2019-09-26 15:08:34,620 [pool-27-thread-1] INFO  server.RaftServerConfigKeys (ConfUtils.java:logGet(43)) - raft.server.log.appender.buffer.byte-limit = 33554432 (custom)
2019-09-26 15:08:34,620 [pool-27-thread-1] INFO  server.RaftServerConfigKeys (ConfUtils.java:logGet(43)) - raft.server.log.segment.size.max = 1048576 (custom)
2019-09-26 15:08:34,621 [pool-27-thread-1] INFO  server.RaftServerConfigKeys (ConfUtils.java:logGet(43)) - raft.server.log.segment.cache.num.max = 2 (custom)
2019-09-26 15:08:34,621 [pool-27-thread-1] INFO  segmented.SegmentedRaftLogWorker (SegmentedRaftLogWorker.java:<init>(172)) - new 8a411a4f-0e32-4dd1-80b9-a797c2117425@group-D220E74A09E8-SegmentedRaftLogWorker for RaftStorage:Storage Directory /workdir/hadoop-ozone/integration-test/target/test-dir/MiniOzoneClusterImpl-646ad58d-3cd3-4092-ab15-506251c55e5b/datanode-0/data/ratis/c32dd69c-03d6-46b0-b532-d220e74a09e8
2019-09-26 15:08:34,621 [pool-27-thread-1] INFO  server.RaftServerConfigKeys (ConfUtils.java:logGet(43)) - raft.server.log.queue.byte-limit = 2147483647 (custom)
2019-09-26 15:08:34,621 [pool-27-thread-1] INFO  server.RaftServerConfigKeys (ConfUtils.java:logGet(43)) - raft.server.log.queue.element-limit = 1024 (custom)
2019-09-26 15:08:34,621 [pool-27-thread-1] INFO  server.RaftServerConfigKeys (ConfUtils.java:logGet(43)) - raft.server.log.segment.size.max = 1048576 (custom)
2019-09-26 15:08:34,621 [pool-27-thread-1] INFO  server.RaftServerConfigKeys (ConfUtils.java:logGet(43)) - raft.server.log.preallocated.size = 16384 (custom)
2019-09-26 15:08:34,621 [pool-27-thread-1] INFO  server.RaftServerConfigKeys (ConfUtils.java:logGet(43)) - raft.server.log.write.buffer.size = 33554432 (custom)
2019-09-26 15:08:34,622 [pool-27-thread-1] INFO  server.RaftServerConfigKeys (ConfUtils.java:logGet(43)) - raft.server.log.force.sync.num = 128 (default)
2019-09-26 15:08:34,622 [pool-27-thread-1] INFO  server.RaftServerConfigKeys (ConfUtils.java:logGet(43)) - raft.server.log.statemachine.data.sync = true (default)
2019-09-26 15:08:34,622 [pool-27-thread-1] INFO  server.RaftServerConfigKeys (ConfUtils.java:logGet(43)) - raft.server.log.statemachine.data.sync.timeout = 10s (default)
2019-09-26 15:08:34,622 [pool-27-thread-1] INFO  server.RaftServerConfigKeys (ConfUtils.java:logGet(43)) - raft.server.log.statemachine.data.sync.timeout.retry = -1 (default)
2019-09-26 15:08:34,622 [pool-27-thread-1] INFO  server.RaftServerConfigKeys (ConfUtils.java:logGet(43)) - raft.server.log.statemachine.data.caching.enabled = true (custom)
2019-09-26 15:08:34,622 [pool-27-thread-1] INFO  segmented.SegmentedRaftLogWorker (SegmentedRaftLogWorker.java:lambda$new$0(132)) - 8a411a4f-0e32-4dd1-80b9-a797c2117425@group-D220E74A09E8-SegmentedRaftLogWorker: flushIndex: setUnconditionally 0 -> -1
2019-09-26 15:08:34,623 [pool-27-thread-1] INFO  server.RaftServerConfigKeys (ConfUtils.java:logGet(43)) - raft.server.snapshot.auto.trigger.enabled = true (custom)
2019-09-26 15:08:34,623 [pool-27-thread-1] INFO  server.RaftServerConfigKeys (ConfUtils.java:logGet(43)) - raft.server.snapshot.auto.trigger.threshold = 10000 (custom)
2019-09-26 15:08:34,623 [pool-27-thread-1] INFO  server.RaftServerConfigKeys (ConfUtils.java:logGet(43)) - raft.server.snapshot.retention.num.files = 5 (custom)
2019-09-26 15:08:34,623 [pool-27-thread-1] INFO  server.RaftServerConfigKeys (ConfUtils.java:logGet(43)) - raft.server.retrycache.expirytime = 600000ms (custom)
2019-09-26 15:08:34,625 [pool-27-thread-1] INFO  impl.RaftServerImpl (RaftServerImpl.java:start(185)) - 8a411a4f-0e32-4dd1-80b9-a797c2117425@group-D220E74A09E8: start as a follower, conf=-1: [8a411a4f-0e32-4dd1-80b9-a797c2117425:192.168.151.99:37125], old=null
2019-09-26 15:08:34,625 [pool-27-thread-1] INFO  impl.RaftServerImpl (RaftServerImpl.java:setRole(174)) - 8a411a4f-0e32-4dd1-80b9-a797c2117425@group-D220E74A09E8: changes role from      null to FOLLOWER at term 0 for startAsFollower
2019-09-26 15:08:34,625 [pool-27-thread-1] INFO  impl.RoleInfo (RoleInfo.java:updateAndGet(143)) - 8a411a4f-0e32-4dd1-80b9-a797c2117425: start FollowerState
2019-09-26 15:08:34,625 [pool-27-thread-1] INFO  util.JmxRegister (JmxRegister.java:tryRegister(44)) - Successfully registered JMX Bean with object name Ratis:service=RaftServer,group=group-D220E74A09E8,id=8a411a4f-0e32-4dd1-80b9-a797c2117425
2019-09-26 15:08:34,627 [RatisPipelineUtilsThread] INFO  pipeline.PipelineStateManager (PipelineStateManager.java:addPipeline(56)) - Created pipeline Pipeline[ Id: c32dd69c-03d6-46b0-b532-d220e74a09e8, Nodes: 8a411a4f-0e32-4dd1-80b9-a797c2117425{ip: 192.168.151.99, host: pr-hdds-1569-g6sp5-2013761785, networkLocation: /default-rack, certSerialId: null}, Type:RATIS, Factor:ONE, State:OPEN]
2019-09-26 15:08:34,630 [grpc-default-executor-0] INFO  impl.RaftServerProxy (RaftServerProxy.java:addNew(89)) - 8a411a4f-0e32-4dd1-80b9-a797c2117425: addNew group-AF9A2420E8C8:[8a411a4f-0e32-4dd1-80b9-a797c2117425:192.168.151.99:37125] returns group-AF9A2420E8C8:java.util.concurrent.CompletableFuture@604e5451[Not completed]
2019-09-26 15:08:34,632 [pool-27-thread-1] INFO  impl.RaftServerImpl (RaftServerImpl.java:<init>(95)) - 8a411a4f-0e32-4dd1-80b9-a797c2117425: new RaftServerImpl for group-AF9A2420E8C8:[8a411a4f-0e32-4dd1-80b9-a797c2117425:192.168.151.99:37125] with ContainerStateMachine:uninitialized
2019-09-26 15:08:34,632 [pool-27-thread-1] INFO  server.RaftServerConfigKeys (ConfUtils.java:logGet(43)) - raft.server.rpc.timeout.min = 5s (custom)
2019-09-26 15:08:34,632 [pool-27-thread-1] INFO  server.RaftServerConfigKeys (ConfUtils.java:logGet(43)) - raft.server.rpc.timeout.max = 5200ms (custom)
2019-09-26 15:08:34,632 [pool-27-thread-1] INFO  server.RaftServerConfigKeys (ConfUtils.java:logGet(43)) - raft.server.rpcslowness.timeout = 120s (custom)
2019-09-26 15:08:34,632 [pool-27-thread-1] INFO  server.RaftServerConfigKeys (ConfUtils.java:logGet(43)) - raft.server.sleep.deviation.threshold = 300 (default)
2019-09-26 15:08:34,632 [pool-27-thread-1] INFO  server.RaftServerConfigKeys (ConfUtils.java:logGet(43)) - raft.server.log.appender.install.snapshot.enabled = false (custom)
2019-09-26 15:08:34,633 [pool-27-thread-1] INFO  impl.RaftServerImpl (ServerState.java:<init>(103)) - 8a411a4f-0e32-4dd1-80b9-a797c2117425@group-AF9A2420E8C8: ConfigurationManager, init=-1: [8a411a4f-0e32-4dd1-80b9-a797c2117425:192.168.151.99:37125], old=null, confs=<EMPTY_MAP>
2019-09-26 15:08:34,633 [pool-27-thread-1] INFO  server.RaftServerConfigKeys (ConfUtils.java:logGet(43)) - raft.server.storage.dir = [/workdir/hadoop-ozone/integration-test/target/test-dir/MiniOzoneClusterImpl-646ad58d-3cd3-4092-ab15-506251c55e5b/datanode-0/data/ratis] (custom)
2019-09-26 15:08:34,634 [pool-27-thread-1] INFO  storage.RaftStorageDirectory (RaftStorageDirectory.java:analyzeStorage(246)) - The storage directory /workdir/hadoop-ozone/integration-test/target/test-dir/MiniOzoneClusterImpl-646ad58d-3cd3-4092-ab15-506251c55e5b/datanode-0/data/ratis/b84547bf-0c6b-474e-914f-af9a2420e8c8 does not exist. Creating ...
2019-09-26 15:08:34,647 [pool-27-thread-1] INFO  storage.RaftStorageDirectory (RaftStorageDirectory.java:tryLock(328)) - Lock on /workdir/hadoop-ozone/integration-test/target/test-dir/MiniOzoneClusterImpl-646ad58d-3cd3-4092-ab15-506251c55e5b/datanode-0/data/ratis/b84547bf-0c6b-474e-914f-af9a2420e8c8/in_use.lock acquired by nodename 7157@pr-hdds-1569-g6sp5-2013761785
2019-09-26 15:08:34,660 [pool-27-thread-1] INFO  storage.RaftStorage (RaftStorage.java:format(72)) - Storage directory /workdir/hadoop-ozone/integration-test/target/test-dir/MiniOzoneClusterImpl-646ad58d-3cd3-4092-ab15-506251c55e5b/datanode-0/data/ratis/b84547bf-0c6b-474e-914f-af9a2420e8c8 has been successfully formatted.
2019-09-26 15:08:34,660 [pool-27-thread-1] INFO  ratis.ContainerStateMachine (ContainerStateMachine.java:loadSnapshot(230)) - group-AF9A2420E8C8: The snapshot info is null. Setting the last applied indexto:(t:0, i:~)
2019-09-26 15:08:34,660 [pool-27-thread-1] INFO  server.RaftServerConfigKeys (ConfUtils.java:logGet(43)) - raft.server.notification.no-leader.timeout = 120s (custom)
2019-09-26 15:08:34,660 [pool-27-thread-1] INFO  server.RaftServerConfigKeys (ConfUtils.java:logGet(43)) - raft.server.log.use.memory = false (default)
2019-09-26 15:08:34,661 [pool-27-thread-1] INFO  server.RaftServerConfigKeys (ConfUtils.java:logGet(43)) - raft.server.log.purge.gap = 1000000 (custom)
2019-09-26 15:08:34,661 [pool-27-thread-1] INFO  server.RaftServerConfigKeys (ConfUtils.java:logGet(43)) - raft.server.log.appender.buffer.byte-limit = 33554432 (custom)
2019-09-26 15:08:34,661 [pool-27-thread-1] INFO  server.RaftServerConfigKeys (ConfUtils.java:logGet(43)) - raft.server.log.segment.size.max = 1048576 (custom)
2019-09-26 15:08:34,661 [pool-27-thread-1] INFO  server.RaftServerConfigKeys (ConfUtils.java:logGet(43)) - raft.server.log.segment.cache.num.max = 2 (custom)
2019-09-26 15:08:34,661 [pool-27-thread-1] INFO  segmented.SegmentedRaftLogWorker (SegmentedRaftLogWorker.java:<init>(172)) - new 8a411a4f-0e32-4dd1-80b9-a797c2117425@group-AF9A2420E8C8-SegmentedRaftLogWorker for RaftStorage:Storage Directory /workdir/hadoop-ozone/integration-test/target/test-dir/MiniOzoneClusterImpl-646ad58d-3cd3-4092-ab15-506251c55e5b/datanode-0/data/ratis/b84547bf-0c6b-474e-914f-af9a2420e8c8
2019-09-26 15:08:34,661 [pool-27-thread-1] INFO  server.RaftServerConfigKeys (ConfUtils.java:logGet(43)) - raft.server.log.queue.byte-limit = 2147483647 (custom)
2019-09-26 15:08:34,661 [pool-27-thread-1] INFO  server.RaftServerConfigKeys (ConfUtils.java:logGet(43)) - raft.server.log.queue.element-limit = 1024 (custom)
2019-09-26 15:08:34,661 [pool-27-thread-1] INFO  server.RaftServerConfigKeys (ConfUtils.java:logGet(43)) - raft.server.log.segment.size.max = 1048576 (custom)
2019-09-26 15:08:34,662 [pool-27-thread-1] INFO  server.RaftServerConfigKeys (ConfUtils.java:logGet(43)) - raft.server.log.preallocated.size = 16384 (custom)
2019-09-26 15:08:34,662 [pool-27-thread-1] INFO  server.RaftServerConfigKeys (ConfUtils.java:logGet(43)) - raft.server.log.write.buffer.size = 33554432 (custom)
2019-09-26 15:08:34,662 [pool-27-thread-1] INFO  server.RaftServerConfigKeys (ConfUtils.java:logGet(43)) - raft.server.log.force.sync.num = 128 (default)
2019-09-26 15:08:34,662 [pool-27-thread-1] INFO  server.RaftServerConfigKeys (ConfUtils.java:logGet(43)) - raft.server.log.statemachine.data.sync = true (default)
2019-09-26 15:08:34,662 [pool-27-thread-1] INFO  server.RaftServerConfigKeys (ConfUtils.java:logGet(43)) - raft.server.log.statemachine.data.sync.timeout = 10s (default)
2019-09-26 15:08:34,662 [pool-27-thread-1] INFO  server.RaftServerConfigKeys (ConfUtils.java:logGet(43)) - raft.server.log.statemachine.data.sync.timeout.retry = -1 (default)
2019-09-26 15:08:34,662 [pool-27-thread-1] INFO  server.RaftServerConfigKeys (ConfUtils.java:logGet(43)) - raft.server.log.statemachine.data.caching.enabled = true (custom)
2019-09-26 15:08:34,663 [pool-27-thread-1] INFO  segmented.SegmentedRaftLogWorker (SegmentedRaftLogWorker.java:lambda$new$0(132)) - 8a411a4f-0e32-4dd1-80b9-a797c2117425@group-AF9A2420E8C8-SegmentedRaftLogWorker: flushIndex: setUnconditionally 0 -> -1
2019-09-26 15:08:34,663 [pool-27-thread-1] INFO  server.RaftServerConfigKeys (ConfUtils.java:logGet(43)) - raft.server.snapshot.auto.trigger.enabled = true (custom)
2019-09-26 15:08:34,663 [pool-27-thread-1] INFO  server.RaftServerConfigKeys (ConfUtils.java:logGet(43)) - raft.server.snapshot.auto.trigger.threshold = 10000 (custom)
2019-09-26 15:08:34,663 [pool-27-thread-1] INFO  server.RaftServerConfigKeys (ConfUtils.java:logGet(43)) - raft.server.snapshot.retention.num.files = 5 (custom)
2019-09-26 15:08:34,663 [pool-27-thread-1] INFO  server.RaftServerConfigKeys (ConfUtils.java:logGet(43)) - raft.server.retrycache.expirytime = 600000ms (custom)
2019-09-26 15:08:34,665 [pool-27-thread-1] INFO  impl.RaftServerImpl (RaftServerImpl.java:start(185)) - 8a411a4f-0e32-4dd1-80b9-a797c2117425@group-AF9A2420E8C8: start as a follower, conf=-1: [8a411a4f-0e32-4dd1-80b9-a797c2117425:192.168.151.99:37125], old=null
2019-09-26 15:08:34,665 [pool-27-thread-1] INFO  impl.RaftServerImpl (RaftServerImpl.java:setRole(174)) - 8a411a4f-0e32-4dd1-80b9-a797c2117425@group-AF9A2420E8C8: changes role from      null to FOLLOWER at term 0 for startAsFollower
2019-09-26 15:08:34,665 [pool-27-thread-1] INFO  impl.RoleInfo (RoleInfo.java:updateAndGet(143)) - 8a411a4f-0e32-4dd1-80b9-a797c2117425: start FollowerState
2019-09-26 15:08:34,666 [pool-27-thread-1] INFO  util.JmxRegister (JmxRegister.java:tryRegister(44)) - Successfully registered JMX Bean with object name Ratis:service=RaftServer,group=group-AF9A2420E8C8,id=8a411a4f-0e32-4dd1-80b9-a797c2117425
2019-09-26 15:08:34,668 [RatisPipelineUtilsThread] INFO  pipeline.PipelineStateManager (PipelineStateManager.java:addPipeline(56)) - Created pipeline Pipeline[ Id: b84547bf-0c6b-474e-914f-af9a2420e8c8, Nodes: 8a411a4f-0e32-4dd1-80b9-a797c2117425{ip: 192.168.151.99, host: pr-hdds-1569-g6sp5-2013761785, networkLocation: /default-rack, certSerialId: null}, Type:RATIS, Factor:ONE, State:OPEN]
2019-09-26 15:08:34,672 [grpc-default-executor-0] INFO  impl.RaftServerProxy (RaftServerProxy.java:addNew(89)) - 8a411a4f-0e32-4dd1-80b9-a797c2117425: addNew group-4A9996C7FAA7:[8a411a4f-0e32-4dd1-80b9-a797c2117425:192.168.151.99:37125] returns group-4A9996C7FAA7:java.util.concurrent.CompletableFuture@4dee6772[Not completed]
2019-09-26 15:08:34,673 [pool-27-thread-1] INFO  impl.RaftServerImpl (RaftServerImpl.java:<init>(95)) - 8a411a4f-0e32-4dd1-80b9-a797c2117425: new RaftServerImpl for group-4A9996C7FAA7:[8a411a4f-0e32-4dd1-80b9-a797c2117425:192.168.151.99:37125] with ContainerStateMachine:uninitialized
2019-09-26 15:08:34,673 [pool-27-thread-1] INFO  server.RaftServerConfigKeys (ConfUtils.java:logGet(43)) - raft.server.rpc.timeout.min = 5s (custom)
2019-09-26 15:08:34,673 [pool-27-thread-1] INFO  server.RaftServerConfigKeys (ConfUtils.java:logGet(43)) - raft.server.rpc.timeout.max = 5200ms (custom)
2019-09-26 15:08:34,673 [pool-27-thread-1] INFO  server.RaftServerConfigKeys (ConfUtils.java:logGet(43)) - raft.server.rpcslowness.timeout = 120s (custom)
2019-09-26 15:08:34,673 [pool-27-thread-1] INFO  server.RaftServerConfigKeys (ConfUtils.java:logGet(43)) - raft.server.sleep.deviation.threshold = 300 (default)
2019-09-26 15:08:34,673 [pool-27-thread-1] INFO  server.RaftServerConfigKeys (ConfUtils.java:logGet(43)) - raft.server.log.appender.install.snapshot.enabled = false (custom)
2019-09-26 15:08:34,673 [pool-27-thread-1] INFO  impl.RaftServerImpl (ServerState.java:<init>(103)) - 8a411a4f-0e32-4dd1-80b9-a797c2117425@group-4A9996C7FAA7: ConfigurationManager, init=-1: [8a411a4f-0e32-4dd1-80b9-a797c2117425:192.168.151.99:37125], old=null, confs=<EMPTY_MAP>
2019-09-26 15:08:34,674 [pool-27-thread-1] INFO  server.RaftServerConfigKeys (ConfUtils.java:logGet(43)) - raft.server.storage.dir = [/workdir/hadoop-ozone/integration-test/target/test-dir/MiniOzoneClusterImpl-646ad58d-3cd3-4092-ab15-506251c55e5b/datanode-0/data/ratis] (custom)
2019-09-26 15:08:34,674 [pool-27-thread-1] INFO  storage.RaftStorageDirectory (RaftStorageDirectory.java:analyzeStorage(246)) - The storage directory /workdir/hadoop-ozone/integration-test/target/test-dir/MiniOzoneClusterImpl-646ad58d-3cd3-4092-ab15-506251c55e5b/datanode-0/data/ratis/b88972fc-2de4-4abe-a918-4a9996c7faa7 does not exist. Creating ...
2019-09-26 15:08:34,677 [pool-27-thread-1] INFO  storage.RaftStorageDirectory (RaftStorageDirectory.java:tryLock(328)) - Lock on /workdir/hadoop-ozone/integration-test/target/test-dir/MiniOzoneClusterImpl-646ad58d-3cd3-4092-ab15-506251c55e5b/datanode-0/data/ratis/b88972fc-2de4-4abe-a918-4a9996c7faa7/in_use.lock acquired by nodename 7157@pr-hdds-1569-g6sp5-2013761785
2019-09-26 15:08:34,680 [pool-27-thread-1] INFO  storage.RaftStorage (RaftStorage.java:format(72)) - Storage directory /workdir/hadoop-ozone/integration-test/target/test-dir/MiniOzoneClusterImpl-646ad58d-3cd3-4092-ab15-506251c55e5b/datanode-0/data/ratis/b88972fc-2de4-4abe-a918-4a9996c7faa7 has been successfully formatted.
2019-09-26 15:08:34,680 [pool-27-thread-1] INFO  ratis.ContainerStateMachine (ContainerStateMachine.java:loadSnapshot(230)) - group-4A9996C7FAA7: The snapshot info is null. Setting the last applied indexto:(t:0, i:~)
2019-09-26 15:08:34,680 [pool-27-thread-1] INFO  server.RaftServerConfigKeys (ConfUtils.java:logGet(43)) - raft.server.notification.no-leader.timeout = 120s (custom)
2019-09-26 15:08:34,681 [pool-27-thread-1] INFO  server.RaftServerConfigKeys (ConfUtils.java:logGet(43)) - raft.server.log.use.memory = false (default)
2019-09-26 15:08:34,681 [pool-27-thread-1] INFO  server.RaftServerConfigKeys (ConfUtils.java:logGet(43)) - raft.server.log.purge.gap = 1000000 (custom)
2019-09-26 15:08:34,681 [pool-27-thread-1] INFO  server.RaftServerConfigKeys (ConfUtils.java:logGet(43)) - raft.server.log.appender.buffer.byte-limit = 33554432 (custom)
2019-09-26 15:08:34,681 [pool-27-thread-1] INFO  server.RaftServerConfigKeys (ConfUtils.java:logGet(43)) - raft.server.log.segment.size.max = 1048576 (custom)
2019-09-26 15:08:34,681 [pool-27-thread-1] INFO  server.RaftServerConfigKeys (ConfUtils.java:logGet(43)) - raft.server.log.segment.cache.num.max = 2 (custom)
2019-09-26 15:08:34,681 [pool-27-thread-1] INFO  segmented.SegmentedRaftLogWorker (SegmentedRaftLogWorker.java:<init>(172)) - new 8a411a4f-0e32-4dd1-80b9-a797c2117425@group-4A9996C7FAA7-SegmentedRaftLogWorker for RaftStorage:Storage Directory /workdir/hadoop-ozone/integration-test/target/test-dir/MiniOzoneClusterImpl-646ad58d-3cd3-4092-ab15-506251c55e5b/datanode-0/data/ratis/b88972fc-2de4-4abe-a918-4a9996c7faa7
2019-09-26 15:08:34,681 [pool-27-thread-1] INFO  server.RaftServerConfigKeys (ConfUtils.java:logGet(43)) - raft.server.log.queue.byte-limit = 2147483647 (custom)
2019-09-26 15:08:34,681 [pool-27-thread-1] INFO  server.RaftServerConfigKeys (ConfUtils.java:logGet(43)) - raft.server.log.queue.element-limit = 1024 (custom)
2019-09-26 15:08:34,682 [pool-27-thread-1] INFO  server.RaftServerConfigKeys (ConfUtils.java:logGet(43)) - raft.server.log.segment.size.max = 1048576 (custom)
2019-09-26 15:08:34,682 [pool-27-thread-1] INFO  server.RaftServerConfigKeys (ConfUtils.java:logGet(43)) - raft.server.log.preallocated.size = 16384 (custom)
2019-09-26 15:08:34,682 [pool-27-thread-1] INFO  server.RaftServerConfigKeys (ConfUtils.java:logGet(43)) - raft.server.log.write.buffer.size = 33554432 (custom)
2019-09-26 15:08:34,682 [pool-27-thread-1] INFO  server.RaftServerConfigKeys (ConfUtils.java:logGet(43)) - raft.server.log.force.sync.num = 128 (default)
2019-09-26 15:08:34,682 [pool-27-thread-1] INFO  server.RaftServerConfigKeys (ConfUtils.java:logGet(43)) - raft.server.log.statemachine.data.sync = true (default)
2019-09-26 15:08:34,682 [pool-27-thread-1] INFO  server.RaftServerConfigKeys (ConfUtils.java:logGet(43)) - raft.server.log.statemachine.data.sync.timeout = 10s (default)
2019-09-26 15:08:34,682 [pool-27-thread-1] INFO  server.RaftServerConfigKeys (ConfUtils.java:logGet(43)) - raft.server.log.statemachine.data.sync.timeout.retry = -1 (default)
2019-09-26 15:08:34,682 [pool-27-thread-1] INFO  server.RaftServerConfigKeys (ConfUtils.java:logGet(43)) - raft.server.log.statemachine.data.caching.enabled = true (custom)
2019-09-26 15:08:34,683 [pool-27-thread-1] INFO  segmented.SegmentedRaftLogWorker (SegmentedRaftLogWorker.java:lambda$new$0(132)) - 8a411a4f-0e32-4dd1-80b9-a797c2117425@group-4A9996C7FAA7-SegmentedRaftLogWorker: flushIndex: setUnconditionally 0 -> -1
2019-09-26 15:08:34,683 [pool-27-thread-1] INFO  server.RaftServerConfigKeys (ConfUtils.java:logGet(43)) - raft.server.snapshot.auto.trigger.enabled = true (custom)
2019-09-26 15:08:34,683 [pool-27-thread-1] INFO  server.RaftServerConfigKeys (ConfUtils.java:logGet(43)) - raft.server.snapshot.auto.trigger.threshold = 10000 (custom)
2019-09-26 15:08:34,683 [pool-27-thread-1] INFO  server.RaftServerConfigKeys (ConfUtils.java:logGet(43)) - raft.server.snapshot.retention.num.files = 5 (custom)
2019-09-26 15:08:34,683 [pool-27-thread-1] INFO  server.RaftServerConfigKeys (ConfUtils.java:logGet(43)) - raft.server.retrycache.expirytime = 600000ms (custom)
2019-09-26 15:08:34,685 [pool-27-thread-1] INFO  impl.RaftServerImpl (RaftServerImpl.java:start(185)) - 8a411a4f-0e32-4dd1-80b9-a797c2117425@group-4A9996C7FAA7: start as a follower, conf=-1: [8a411a4f-0e32-4dd1-80b9-a797c2117425:192.168.151.99:37125], old=null
2019-09-26 15:08:34,685 [pool-27-thread-1] INFO  impl.RaftServerImpl (RaftServerImpl.java:setRole(174)) - 8a411a4f-0e32-4dd1-80b9-a797c2117425@group-4A9996C7FAA7: changes role from      null to FOLLOWER at term 0 for startAsFollower
2019-09-26 15:08:34,685 [pool-27-thread-1] INFO  impl.RoleInfo (RoleInfo.java:updateAndGet(143)) - 8a411a4f-0e32-4dd1-80b9-a797c2117425: start FollowerState
2019-09-26 15:08:34,685 [pool-27-thread-1] INFO  util.JmxRegister (JmxRegister.java:tryRegister(44)) - Successfully registered JMX Bean with object name Ratis:service=RaftServer,group=group-4A9996C7FAA7,id=8a411a4f-0e32-4dd1-80b9-a797c2117425
2019-09-26 15:08:34,687 [RatisPipelineUtilsThread] INFO  pipeline.PipelineStateManager (PipelineStateManager.java:addPipeline(56)) - Created pipeline Pipeline[ Id: b88972fc-2de4-4abe-a918-4a9996c7faa7, Nodes: 8a411a4f-0e32-4dd1-80b9-a797c2117425{ip: 192.168.151.99, host: pr-hdds-1569-g6sp5-2013761785, networkLocation: /default-rack, certSerialId: null}, Type:RATIS, Factor:ONE, State:OPEN]
2019-09-26 15:08:34,691 [grpc-default-executor-0] INFO  impl.RaftServerProxy (RaftServerProxy.java:addNew(89)) - 8a411a4f-0e32-4dd1-80b9-a797c2117425: addNew group-83D70F78A169:[8a411a4f-0e32-4dd1-80b9-a797c2117425:192.168.151.99:37125] returns group-83D70F78A169:java.util.concurrent.CompletableFuture@580f31f9[Not completed]
2019-09-26 15:08:34,692 [pool-27-thread-1] INFO  impl.RaftServerImpl (RaftServerImpl.java:<init>(95)) - 8a411a4f-0e32-4dd1-80b9-a797c2117425: new RaftServerImpl for group-83D70F78A169:[8a411a4f-0e32-4dd1-80b9-a797c2117425:192.168.151.99:37125] with ContainerStateMachine:uninitialized
2019-09-26 15:08:34,692 [pool-27-thread-1] INFO  server.RaftServerConfigKeys (ConfUtils.java:logGet(43)) - raft.server.rpc.timeout.min = 5s (custom)
2019-09-26 15:08:34,692 [pool-27-thread-1] INFO  server.RaftServerConfigKeys (ConfUtils.java:logGet(43)) - raft.server.rpc.timeout.max = 5200ms (custom)
2019-09-26 15:08:34,692 [pool-27-thread-1] INFO  server.RaftServerConfigKeys (ConfUtils.java:logGet(43)) - raft.server.rpcslowness.timeout = 120s (custom)
2019-09-26 15:08:34,692 [pool-27-thread-1] INFO  server.RaftServerConfigKeys (ConfUtils.java:logGet(43)) - raft.server.sleep.deviation.threshold = 300 (default)
2019-09-26 15:08:34,692 [pool-27-thread-1] INFO  server.RaftServerConfigKeys (ConfUtils.java:logGet(43)) - raft.server.log.appender.install.snapshot.enabled = false (custom)
2019-09-26 15:08:34,692 [pool-27-thread-1] INFO  impl.RaftServerImpl (ServerState.java:<init>(103)) - 8a411a4f-0e32-4dd1-80b9-a797c2117425@group-83D70F78A169: ConfigurationManager, init=-1: [8a411a4f-0e32-4dd1-80b9-a797c2117425:192.168.151.99:37125], old=null, confs=<EMPTY_MAP>
2019-09-26 15:08:34,693 [pool-27-thread-1] INFO  server.RaftServerConfigKeys (ConfUtils.java:logGet(43)) - raft.server.storage.dir = [/workdir/hadoop-ozone/integration-test/target/test-dir/MiniOzoneClusterImpl-646ad58d-3cd3-4092-ab15-506251c55e5b/datanode-0/data/ratis] (custom)
2019-09-26 15:08:34,693 [pool-27-thread-1] INFO  storage.RaftStorageDirectory (RaftStorageDirectory.java:analyzeStorage(246)) - The storage directory /workdir/hadoop-ozone/integration-test/target/test-dir/MiniOzoneClusterImpl-646ad58d-3cd3-4092-ab15-506251c55e5b/datanode-0/data/ratis/220418ed-67b7-4cdc-9150-83d70f78a169 does not exist. Creating ...
2019-09-26 15:08:34,697 [pool-27-thread-1] INFO  storage.RaftStorageDirectory (RaftStorageDirectory.java:tryLock(328)) - Lock on /workdir/hadoop-ozone/integration-test/target/test-dir/MiniOzoneClusterImpl-646ad58d-3cd3-4092-ab15-506251c55e5b/datanode-0/data/ratis/220418ed-67b7-4cdc-9150-83d70f78a169/in_use.lock acquired by nodename 7157@pr-hdds-1569-g6sp5-2013761785
2019-09-26 15:08:34,728 [pool-27-thread-1] INFO  storage.RaftStorage (RaftStorage.java:format(72)) - Storage directory /workdir/hadoop-ozone/integration-test/target/test-dir/MiniOzoneClusterImpl-646ad58d-3cd3-4092-ab15-506251c55e5b/datanode-0/data/ratis/220418ed-67b7-4cdc-9150-83d70f78a169 has been successfully formatted.
2019-09-26 15:08:34,729 [pool-27-thread-1] INFO  ratis.ContainerStateMachine (ContainerStateMachine.java:loadSnapshot(230)) - group-83D70F78A169: The snapshot info is null. Setting the last applied indexto:(t:0, i:~)
2019-09-26 15:08:34,729 [pool-27-thread-1] INFO  server.RaftServerConfigKeys (ConfUtils.java:logGet(43)) - raft.server.notification.no-leader.timeout = 120s (custom)
2019-09-26 15:08:34,729 [pool-27-thread-1] INFO  server.RaftServerConfigKeys (ConfUtils.java:logGet(43)) - raft.server.log.use.memory = false (default)
2019-09-26 15:08:34,729 [pool-27-thread-1] INFO  server.RaftServerConfigKeys (ConfUtils.java:logGet(43)) - raft.server.log.purge.gap = 1000000 (custom)
2019-09-26 15:08:34,729 [pool-27-thread-1] INFO  server.RaftServerConfigKeys (ConfUtils.java:logGet(43)) - raft.server.log.appender.buffer.byte-limit = 33554432 (custom)
2019-09-26 15:08:34,729 [pool-27-thread-1] INFO  server.RaftServerConfigKeys (ConfUtils.java:logGet(43)) - raft.server.log.segment.size.max = 1048576 (custom)
2019-09-26 15:08:34,729 [pool-27-thread-1] INFO  server.RaftServerConfigKeys (ConfUtils.java:logGet(43)) - raft.server.log.segment.cache.num.max = 2 (custom)
2019-09-26 15:08:34,729 [pool-27-thread-1] INFO  segmented.SegmentedRaftLogWorker (SegmentedRaftLogWorker.java:<init>(172)) - new 8a411a4f-0e32-4dd1-80b9-a797c2117425@group-83D70F78A169-SegmentedRaftLogWorker for RaftStorage:Storage Directory /workdir/hadoop-ozone/integration-test/target/test-dir/MiniOzoneClusterImpl-646ad58d-3cd3-4092-ab15-506251c55e5b/datanode-0/data/ratis/220418ed-67b7-4cdc-9150-83d70f78a169
2019-09-26 15:08:34,730 [pool-27-thread-1] INFO  server.RaftServerConfigKeys (ConfUtils.java:logGet(43)) - raft.server.log.queue.byte-limit = 2147483647 (custom)
2019-09-26 15:08:34,730 [pool-27-thread-1] INFO  server.RaftServerConfigKeys (ConfUtils.java:logGet(43)) - raft.server.log.queue.element-limit = 1024 (custom)
2019-09-26 15:08:34,730 [pool-27-thread-1] INFO  server.RaftServerConfigKeys (ConfUtils.java:logGet(43)) - raft.server.log.segment.size.max = 1048576 (custom)
2019-09-26 15:08:34,730 [pool-27-thread-1] INFO  server.RaftServerConfigKeys (ConfUtils.java:logGet(43)) - raft.server.log.preallocated.size = 16384 (custom)
2019-09-26 15:08:34,730 [pool-27-thread-1] INFO  server.RaftServerConfigKeys (ConfUtils.java:logGet(43)) - raft.server.log.write.buffer.size = 33554432 (custom)
2019-09-26 15:08:34,730 [pool-27-thread-1] INFO  server.RaftServerConfigKeys (ConfUtils.java:logGet(43)) - raft.server.log.force.sync.num = 128 (default)
2019-09-26 15:08:34,730 [pool-27-thread-1] INFO  server.RaftServerConfigKeys (ConfUtils.java:logGet(43)) - raft.server.log.statemachine.data.sync = true (default)
2019-09-26 15:08:34,730 [pool-27-thread-1] INFO  server.RaftServerConfigKeys (ConfUtils.java:logGet(43)) - raft.server.log.statemachine.data.sync.timeout = 10s (default)
2019-09-26 15:08:34,730 [pool-27-thread-1] INFO  server.RaftServerConfigKeys (ConfUtils.java:logGet(43)) - raft.server.log.statemachine.data.sync.timeout.retry = -1 (default)
2019-09-26 15:08:34,730 [pool-27-thread-1] INFO  server.RaftServerConfigKeys (ConfUtils.java:logGet(43)) - raft.server.log.statemachine.data.caching.enabled = true (custom)
2019-09-26 15:08:34,730 [pool-27-thread-1] INFO  segmented.SegmentedRaftLogWorker (SegmentedRaftLogWorker.java:lambda$new$0(132)) - 8a411a4f-0e32-4dd1-80b9-a797c2117425@group-83D70F78A169-SegmentedRaftLogWorker: flushIndex: setUnconditionally 0 -> -1
2019-09-26 15:08:34,731 [pool-27-thread-1] INFO  server.RaftServerConfigKeys (ConfUtils.java:logGet(43)) - raft.server.snapshot.auto.trigger.enabled = true (custom)
2019-09-26 15:08:34,731 [pool-27-thread-1] INFO  server.RaftServerConfigKeys (ConfUtils.java:logGet(43)) - raft.server.snapshot.auto.trigger.threshold = 10000 (custom)
2019-09-26 15:08:34,731 [pool-27-thread-1] INFO  server.RaftServerConfigKeys (ConfUtils.java:logGet(43)) - raft.server.snapshot.retention.num.files = 5 (custom)
2019-09-26 15:08:34,731 [pool-27-thread-1] INFO  server.RaftServerConfigKeys (ConfUtils.java:logGet(43)) - raft.server.retrycache.expirytime = 600000ms (custom)
2019-09-26 15:08:34,732 [pool-27-thread-1] INFO  impl.RaftServerImpl (RaftServerImpl.java:start(185)) - 8a411a4f-0e32-4dd1-80b9-a797c2117425@group-83D70F78A169: start as a follower, conf=-1: [8a411a4f-0e32-4dd1-80b9-a797c2117425:192.168.151.99:37125], old=null
2019-09-26 15:08:34,732 [pool-27-thread-1] INFO  impl.RaftServerImpl (RaftServerImpl.java:setRole(174)) - 8a411a4f-0e32-4dd1-80b9-a797c2117425@group-83D70F78A169: changes role from      null to FOLLOWER at term 0 for startAsFollower
2019-09-26 15:08:34,732 [pool-27-thread-1] INFO  impl.RoleInfo (RoleInfo.java:updateAndGet(143)) - 8a411a4f-0e32-4dd1-80b9-a797c2117425: start FollowerState
2019-09-26 15:08:34,733 [pool-27-thread-1] INFO  util.JmxRegister (JmxRegister.java:tryRegister(44)) - Successfully registered JMX Bean with object name Ratis:service=RaftServer,group=group-83D70F78A169,id=8a411a4f-0e32-4dd1-80b9-a797c2117425
2019-09-26 15:08:34,735 [RatisPipelineUtilsThread] INFO  pipeline.PipelineStateManager (PipelineStateManager.java:addPipeline(56)) - Created pipeline Pipeline[ Id: 220418ed-67b7-4cdc-9150-83d70f78a169, Nodes: 8a411a4f-0e32-4dd1-80b9-a797c2117425{ip: 192.168.151.99, host: pr-hdds-1569-g6sp5-2013761785, networkLocation: /default-rack, certSerialId: null}, Type:RATIS, Factor:ONE, State:OPEN]
2019-09-26 15:08:34,739 [grpc-default-executor-0] INFO  impl.RaftServerProxy (RaftServerProxy.java:addNew(89)) - 8a411a4f-0e32-4dd1-80b9-a797c2117425: addNew group-545C9FF84361:[8a411a4f-0e32-4dd1-80b9-a797c2117425:192.168.151.99:37125] returns group-545C9FF84361:java.util.concurrent.CompletableFuture@7de2fff4[Not completed]
2019-09-26 15:08:34,740 [pool-27-thread-1] INFO  impl.RaftServerImpl (RaftServerImpl.java:<init>(95)) - 8a411a4f-0e32-4dd1-80b9-a797c2117425: new RaftServerImpl for group-545C9FF84361:[8a411a4f-0e32-4dd1-80b9-a797c2117425:192.168.151.99:37125] with ContainerStateMachine:uninitialized
2019-09-26 15:08:34,741 [pool-27-thread-1] INFO  server.RaftServerConfigKeys (ConfUtils.java:logGet(43)) - raft.server.rpc.timeout.min = 5s (custom)
2019-09-26 15:08:34,741 [pool-27-thread-1] INFO  server.RaftServerConfigKeys (ConfUtils.java:logGet(43)) - raft.server.rpc.timeout.max = 5200ms (custom)
2019-09-26 15:08:34,741 [pool-27-thread-1] INFO  server.RaftServerConfigKeys (ConfUtils.java:logGet(43)) - raft.server.rpcslowness.timeout = 120s (custom)
2019-09-26 15:08:34,741 [pool-27-thread-1] INFO  server.RaftServerConfigKeys (ConfUtils.java:logGet(43)) - raft.server.sleep.deviation.threshold = 300 (default)
2019-09-26 15:08:34,741 [pool-27-thread-1] INFO  server.RaftServerConfigKeys (ConfUtils.java:logGet(43)) - raft.server.log.appender.install.snapshot.enabled = false (custom)
2019-09-26 15:08:34,741 [pool-27-thread-1] INFO  impl.RaftServerImpl (ServerState.java:<init>(103)) - 8a411a4f-0e32-4dd1-80b9-a797c2117425@group-545C9FF84361: ConfigurationManager, init=-1: [8a411a4f-0e32-4dd1-80b9-a797c2117425:192.168.151.99:37125], old=null, confs=<EMPTY_MAP>
2019-09-26 15:08:34,741 [pool-27-thread-1] INFO  server.RaftServerConfigKeys (ConfUtils.java:logGet(43)) - raft.server.storage.dir = [/workdir/hadoop-ozone/integration-test/target/test-dir/MiniOzoneClusterImpl-646ad58d-3cd3-4092-ab15-506251c55e5b/datanode-0/data/ratis] (custom)
2019-09-26 15:08:34,742 [pool-27-thread-1] INFO  storage.RaftStorageDirectory (RaftStorageDirectory.java:analyzeStorage(246)) - The storage directory /workdir/hadoop-ozone/integration-test/target/test-dir/MiniOzoneClusterImpl-646ad58d-3cd3-4092-ab15-506251c55e5b/datanode-0/data/ratis/fa13ede7-7fc8-40b3-8493-545c9ff84361 does not exist. Creating ...
2019-09-26 15:08:34,763 [pool-27-thread-1] INFO  storage.RaftStorageDirectory (RaftStorageDirectory.java:tryLock(328)) - Lock on /workdir/hadoop-ozone/integration-test/target/test-dir/MiniOzoneClusterImpl-646ad58d-3cd3-4092-ab15-506251c55e5b/datanode-0/data/ratis/fa13ede7-7fc8-40b3-8493-545c9ff84361/in_use.lock acquired by nodename 7157@pr-hdds-1569-g6sp5-2013761785
2019-09-26 15:08:34,777 [pool-27-thread-1] INFO  storage.RaftStorage (RaftStorage.java:format(72)) - Storage directory /workdir/hadoop-ozone/integration-test/target/test-dir/MiniOzoneClusterImpl-646ad58d-3cd3-4092-ab15-506251c55e5b/datanode-0/data/ratis/fa13ede7-7fc8-40b3-8493-545c9ff84361 has been successfully formatted.
2019-09-26 15:08:34,777 [pool-27-thread-1] INFO  ratis.ContainerStateMachine (ContainerStateMachine.java:loadSnapshot(230)) - group-545C9FF84361: The snapshot info is null. Setting the last applied indexto:(t:0, i:~)
2019-09-26 15:08:34,777 [pool-27-thread-1] INFO  server.RaftServerConfigKeys (ConfUtils.java:logGet(43)) - raft.server.notification.no-leader.timeout = 120s (custom)
2019-09-26 15:08:34,777 [pool-27-thread-1] INFO  server.RaftServerConfigKeys (ConfUtils.java:logGet(43)) - raft.server.log.use.memory = false (default)
2019-09-26 15:08:34,777 [pool-27-thread-1] INFO  server.RaftServerConfigKeys (ConfUtils.java:logGet(43)) - raft.server.log.purge.gap = 1000000 (custom)
2019-09-26 15:08:34,777 [pool-27-thread-1] INFO  server.RaftServerConfigKeys (ConfUtils.java:logGet(43)) - raft.server.log.appender.buffer.byte-limit = 33554432 (custom)
2019-09-26 15:08:34,778 [pool-27-thread-1] INFO  server.RaftServerConfigKeys (ConfUtils.java:logGet(43)) - raft.server.log.segment.size.max = 1048576 (custom)
2019-09-26 15:08:34,778 [pool-27-thread-1] INFO  server.RaftServerConfigKeys (ConfUtils.java:logGet(43)) - raft.server.log.segment.cache.num.max = 2 (custom)
2019-09-26 15:08:34,778 [pool-27-thread-1] INFO  segmented.SegmentedRaftLogWorker (SegmentedRaftLogWorker.java:<init>(172)) - new 8a411a4f-0e32-4dd1-80b9-a797c2117425@group-545C9FF84361-SegmentedRaftLogWorker for RaftStorage:Storage Directory /workdir/hadoop-ozone/integration-test/target/test-dir/MiniOzoneClusterImpl-646ad58d-3cd3-4092-ab15-506251c55e5b/datanode-0/data/ratis/fa13ede7-7fc8-40b3-8493-545c9ff84361
2019-09-26 15:08:34,778 [pool-27-thread-1] INFO  server.RaftServerConfigKeys (ConfUtils.java:logGet(43)) - raft.server.log.queue.byte-limit = 2147483647 (custom)
2019-09-26 15:08:34,778 [pool-27-thread-1] INFO  server.RaftServerConfigKeys (ConfUtils.java:logGet(43)) - raft.server.log.queue.element-limit = 1024 (custom)
2019-09-26 15:08:34,778 [pool-27-thread-1] INFO  server.RaftServerConfigKeys (ConfUtils.java:logGet(43)) - raft.server.log.segment.size.max = 1048576 (custom)
2019-09-26 15:08:34,778 [pool-27-thread-1] INFO  server.RaftServerConfigKeys (ConfUtils.java:logGet(43)) - raft.server.log.preallocated.size = 16384 (custom)
2019-09-26 15:08:34,778 [pool-27-thread-1] INFO  server.RaftServerConfigKeys (ConfUtils.java:logGet(43)) - raft.server.log.write.buffer.size = 33554432 (custom)
2019-09-26 15:08:34,778 [pool-27-thread-1] INFO  server.RaftServerConfigKeys (ConfUtils.java:logGet(43)) - raft.server.log.force.sync.num = 128 (default)
2019-09-26 15:08:34,778 [pool-27-thread-1] INFO  server.RaftServerConfigKeys (ConfUtils.java:logGet(43)) - raft.server.log.statemachine.data.sync = true (default)
2019-09-26 15:08:34,778 [pool-27-thread-1] INFO  server.RaftServerConfigKeys (ConfUtils.java:logGet(43)) - raft.server.log.statemachine.data.sync.timeout = 10s (default)
2019-09-26 15:08:34,778 [pool-27-thread-1] INFO  server.RaftServerConfigKeys (ConfUtils.java:logGet(43)) - raft.server.log.statemachine.data.sync.timeout.retry = -1 (default)
2019-09-26 15:08:34,779 [pool-27-thread-1] INFO  server.RaftServerConfigKeys (ConfUtils.java:logGet(43)) - raft.server.log.statemachine.data.caching.enabled = true (custom)
2019-09-26 15:08:34,779 [pool-27-thread-1] INFO  segmented.SegmentedRaftLogWorker (SegmentedRaftLogWorker.java:lambda$new$0(132)) - 8a411a4f-0e32-4dd1-80b9-a797c2117425@group-545C9FF84361-SegmentedRaftLogWorker: flushIndex: setUnconditionally 0 -> -1
2019-09-26 15:08:34,779 [pool-27-thread-1] INFO  server.RaftServerConfigKeys (ConfUtils.java:logGet(43)) - raft.server.snapshot.auto.trigger.enabled = true (custom)
2019-09-26 15:08:34,779 [pool-27-thread-1] INFO  server.RaftServerConfigKeys (ConfUtils.java:logGet(43)) - raft.server.snapshot.auto.trigger.threshold = 10000 (custom)
2019-09-26 15:08:34,779 [pool-27-thread-1] INFO  server.RaftServerConfigKeys (ConfUtils.java:logGet(43)) - raft.server.snapshot.retention.num.files = 5 (custom)
2019-09-26 15:08:34,779 [pool-27-thread-1] INFO  server.RaftServerConfigKeys (ConfUtils.java:logGet(43)) - raft.server.retrycache.expirytime = 600000ms (custom)
2019-09-26 15:08:34,780 [pool-27-thread-1] INFO  impl.RaftServerImpl (RaftServerImpl.java:start(185)) - 8a411a4f-0e32-4dd1-80b9-a797c2117425@group-545C9FF84361: start as a follower, conf=-1: [8a411a4f-0e32-4dd1-80b9-a797c2117425:192.168.151.99:37125], old=null
2019-09-26 15:08:34,781 [pool-27-thread-1] INFO  impl.RaftServerImpl (RaftServerImpl.java:setRole(174)) - 8a411a4f-0e32-4dd1-80b9-a797c2117425@group-545C9FF84361: changes role from      null to FOLLOWER at term 0 for startAsFollower
2019-09-26 15:08:34,781 [pool-27-thread-1] INFO  impl.RoleInfo (RoleInfo.java:updateAndGet(143)) - 8a411a4f-0e32-4dd1-80b9-a797c2117425: start FollowerState
2019-09-26 15:08:34,781 [pool-27-thread-1] INFO  util.JmxRegister (JmxRegister.java:tryRegister(44)) - Successfully registered JMX Bean with object name Ratis:service=RaftServer,group=group-545C9FF84361,id=8a411a4f-0e32-4dd1-80b9-a797c2117425
2019-09-26 15:08:34,783 [RatisPipelineUtilsThread] INFO  pipeline.PipelineStateManager (PipelineStateManager.java:addPipeline(56)) - Created pipeline Pipeline[ Id: fa13ede7-7fc8-40b3-8493-545c9ff84361, Nodes: 8a411a4f-0e32-4dd1-80b9-a797c2117425{ip: 192.168.151.99, host: pr-hdds-1569-g6sp5-2013761785, networkLocation: /default-rack, certSerialId: null}, Type:RATIS, Factor:ONE, State:OPEN]
2019-09-26 15:08:34,787 [grpc-default-executor-0] INFO  impl.RaftServerProxy (RaftServerProxy.java:addNew(89)) - 8a411a4f-0e32-4dd1-80b9-a797c2117425: addNew group-ACFFAC7539DC:[8a411a4f-0e32-4dd1-80b9-a797c2117425:192.168.151.99:37125] returns group-ACFFAC7539DC:java.util.concurrent.CompletableFuture@1e3176c8[Not completed]
2019-09-26 15:08:34,788 [pool-27-thread-1] INFO  impl.RaftServerImpl (RaftServerImpl.java:<init>(95)) - 8a411a4f-0e32-4dd1-80b9-a797c2117425: new RaftServerImpl for group-ACFFAC7539DC:[8a411a4f-0e32-4dd1-80b9-a797c2117425:192.168.151.99:37125] with ContainerStateMachine:uninitialized
2019-09-26 15:08:34,788 [pool-27-thread-1] INFO  server.RaftServerConfigKeys (ConfUtils.java:logGet(43)) - raft.server.rpc.timeout.min = 5s (custom)
2019-09-26 15:08:34,788 [pool-27-thread-1] INFO  server.RaftServerConfigKeys (ConfUtils.java:logGet(43)) - raft.server.rpc.timeout.max = 5200ms (custom)
2019-09-26 15:08:34,788 [pool-27-thread-1] INFO  server.RaftServerConfigKeys (ConfUtils.java:logGet(43)) - raft.server.rpcslowness.timeout = 120s (custom)
2019-09-26 15:08:34,788 [pool-27-thread-1] INFO  server.RaftServerConfigKeys (ConfUtils.java:logGet(43)) - raft.server.sleep.deviation.threshold = 300 (default)
2019-09-26 15:08:34,788 [pool-27-thread-1] INFO  server.RaftServerConfigKeys (ConfUtils.java:logGet(43)) - raft.server.log.appender.install.snapshot.enabled = false (custom)
2019-09-26 15:08:34,788 [pool-27-thread-1] INFO  impl.RaftServerImpl (ServerState.java:<init>(103)) - 8a411a4f-0e32-4dd1-80b9-a797c2117425@group-ACFFAC7539DC: ConfigurationManager, init=-1: [8a411a4f-0e32-4dd1-80b9-a797c2117425:192.168.151.99:37125], old=null, confs=<EMPTY_MAP>
2019-09-26 15:08:34,789 [pool-27-thread-1] INFO  server.RaftServerConfigKeys (ConfUtils.java:logGet(43)) - raft.server.storage.dir = [/workdir/hadoop-ozone/integration-test/target/test-dir/MiniOzoneClusterImpl-646ad58d-3cd3-4092-ab15-506251c55e5b/datanode-0/data/ratis] (custom)
2019-09-26 15:08:34,789 [pool-27-thread-1] INFO  storage.RaftStorageDirectory (RaftStorageDirectory.java:analyzeStorage(246)) - The storage directory /workdir/hadoop-ozone/integration-test/target/test-dir/MiniOzoneClusterImpl-646ad58d-3cd3-4092-ab15-506251c55e5b/datanode-0/data/ratis/4d6b3578-4c01-4705-9e94-acffac7539dc does not exist. Creating ...
2019-09-26 15:08:34,802 [pool-27-thread-1] INFO  storage.RaftStorageDirectory (RaftStorageDirectory.java:tryLock(328)) - Lock on /workdir/hadoop-ozone/integration-test/target/test-dir/MiniOzoneClusterImpl-646ad58d-3cd3-4092-ab15-506251c55e5b/datanode-0/data/ratis/4d6b3578-4c01-4705-9e94-acffac7539dc/in_use.lock acquired by nodename 7157@pr-hdds-1569-g6sp5-2013761785
2019-09-26 15:08:34,815 [pool-27-thread-1] INFO  storage.RaftStorage (RaftStorage.java:format(72)) - Storage directory /workdir/hadoop-ozone/integration-test/target/test-dir/MiniOzoneClusterImpl-646ad58d-3cd3-4092-ab15-506251c55e5b/datanode-0/data/ratis/4d6b3578-4c01-4705-9e94-acffac7539dc has been successfully formatted.
2019-09-26 15:08:34,816 [pool-27-thread-1] INFO  ratis.ContainerStateMachine (ContainerStateMachine.java:loadSnapshot(230)) - group-ACFFAC7539DC: The snapshot info is null. Setting the last applied indexto:(t:0, i:~)
2019-09-26 15:08:34,816 [pool-27-thread-1] INFO  server.RaftServerConfigKeys (ConfUtils.java:logGet(43)) - raft.server.notification.no-leader.timeout = 120s (custom)
2019-09-26 15:08:34,816 [pool-27-thread-1] INFO  server.RaftServerConfigKeys (ConfUtils.java:logGet(43)) - raft.server.log.use.memory = false (default)
2019-09-26 15:08:34,816 [pool-27-thread-1] INFO  server.RaftServerConfigKeys (ConfUtils.java:logGet(43)) - raft.server.log.purge.gap = 1000000 (custom)
2019-09-26 15:08:34,816 [pool-27-thread-1] INFO  server.RaftServerConfigKeys (ConfUtils.java:logGet(43)) - raft.server.log.appender.buffer.byte-limit = 33554432 (custom)
2019-09-26 15:08:34,816 [pool-27-thread-1] INFO  server.RaftServerConfigKeys (ConfUtils.java:logGet(43)) - raft.server.log.segment.size.max = 1048576 (custom)
2019-09-26 15:08:34,816 [pool-27-thread-1] INFO  server.RaftServerConfigKeys (ConfUtils.java:logGet(43)) - raft.server.log.segment.cache.num.max = 2 (custom)
2019-09-26 15:08:34,816 [pool-27-thread-1] INFO  segmented.SegmentedRaftLogWorker (SegmentedRaftLogWorker.java:<init>(172)) - new 8a411a4f-0e32-4dd1-80b9-a797c2117425@group-ACFFAC7539DC-SegmentedRaftLogWorker for RaftStorage:Storage Directory /workdir/hadoop-ozone/integration-test/target/test-dir/MiniOzoneClusterImpl-646ad58d-3cd3-4092-ab15-506251c55e5b/datanode-0/data/ratis/4d6b3578-4c01-4705-9e94-acffac7539dc
2019-09-26 15:08:34,817 [pool-27-thread-1] INFO  server.RaftServerConfigKeys (ConfUtils.java:logGet(43)) - raft.server.log.queue.byte-limit = 2147483647 (custom)
2019-09-26 15:08:34,817 [pool-27-thread-1] INFO  server.RaftServerConfigKeys (ConfUtils.java:logGet(43)) - raft.server.log.queue.element-limit = 1024 (custom)
2019-09-26 15:08:34,817 [pool-27-thread-1] INFO  server.RaftServerConfigKeys (ConfUtils.java:logGet(43)) - raft.server.log.segment.size.max = 1048576 (custom)
2019-09-26 15:08:34,817 [pool-27-thread-1] INFO  server.RaftServerConfigKeys (ConfUtils.java:logGet(43)) - raft.server.log.preallocated.size = 16384 (custom)
2019-09-26 15:08:34,817 [pool-27-thread-1] INFO  server.RaftServerConfigKeys (ConfUtils.java:logGet(43)) - raft.server.log.write.buffer.size = 33554432 (custom)
2019-09-26 15:08:34,817 [pool-27-thread-1] INFO  server.RaftServerConfigKeys (ConfUtils.java:logGet(43)) - raft.server.log.force.sync.num = 128 (default)
2019-09-26 15:08:34,817 [pool-27-thread-1] INFO  server.RaftServerConfigKeys (ConfUtils.java:logGet(43)) - raft.server.log.statemachine.data.sync = true (default)
2019-09-26 15:08:34,817 [pool-27-thread-1] INFO  server.RaftServerConfigKeys (ConfUtils.java:logGet(43)) - raft.server.log.statemachine.data.sync.timeout = 10s (default)
2019-09-26 15:08:34,817 [pool-27-thread-1] INFO  server.RaftServerConfigKeys (ConfUtils.java:logGet(43)) - raft.server.log.statemachine.data.sync.timeout.retry = -1 (default)
2019-09-26 15:08:34,817 [pool-27-thread-1] INFO  server.RaftServerConfigKeys (ConfUtils.java:logGet(43)) - raft.server.log.statemachine.data.caching.enabled = true (custom)
2019-09-26 15:08:34,818 [pool-27-thread-1] INFO  segmented.SegmentedRaftLogWorker (SegmentedRaftLogWorker.java:lambda$new$0(132)) - 8a411a4f-0e32-4dd1-80b9-a797c2117425@group-ACFFAC7539DC-SegmentedRaftLogWorker: flushIndex: setUnconditionally 0 -> -1
2019-09-26 15:08:34,818 [pool-27-thread-1] INFO  server.RaftServerConfigKeys (ConfUtils.java:logGet(43)) - raft.server.snapshot.auto.trigger.enabled = true (custom)
2019-09-26 15:08:34,818 [pool-27-thread-1] INFO  server.RaftServerConfigKeys (ConfUtils.java:logGet(43)) - raft.server.snapshot.auto.trigger.threshold = 10000 (custom)
2019-09-26 15:08:34,818 [pool-27-thread-1] INFO  server.RaftServerConfigKeys (ConfUtils.java:logGet(43)) - raft.server.snapshot.retention.num.files = 5 (custom)
2019-09-26 15:08:34,818 [pool-27-thread-1] INFO  server.RaftServerConfigKeys (ConfUtils.java:logGet(43)) - raft.server.retrycache.expirytime = 600000ms (custom)
2019-09-26 15:08:34,820 [pool-27-thread-1] INFO  impl.RaftServerImpl (RaftServerImpl.java:start(185)) - 8a411a4f-0e32-4dd1-80b9-a797c2117425@group-ACFFAC7539DC: start as a follower, conf=-1: [8a411a4f-0e32-4dd1-80b9-a797c2117425:192.168.151.99:37125], old=null
2019-09-26 15:08:34,820 [pool-27-thread-1] INFO  impl.RaftServerImpl (RaftServerImpl.java:setRole(174)) - 8a411a4f-0e32-4dd1-80b9-a797c2117425@group-ACFFAC7539DC: changes role from      null to FOLLOWER at term 0 for startAsFollower
2019-09-26 15:08:34,820 [pool-27-thread-1] INFO  impl.RoleInfo (RoleInfo.java:updateAndGet(143)) - 8a411a4f-0e32-4dd1-80b9-a797c2117425: start FollowerState
2019-09-26 15:08:34,820 [pool-27-thread-1] INFO  util.JmxRegister (JmxRegister.java:tryRegister(44)) - Successfully registered JMX Bean with object name Ratis:service=RaftServer,group=group-ACFFAC7539DC,id=8a411a4f-0e32-4dd1-80b9-a797c2117425
2019-09-26 15:08:34,823 [RatisPipelineUtilsThread] INFO  pipeline.PipelineStateManager (PipelineStateManager.java:addPipeline(56)) - Created pipeline Pipeline[ Id: 4d6b3578-4c01-4705-9e94-acffac7539dc, Nodes: 8a411a4f-0e32-4dd1-80b9-a797c2117425{ip: 192.168.151.99, host: pr-hdds-1569-g6sp5-2013761785, networkLocation: /default-rack, certSerialId: null}, Type:RATIS, Factor:ONE, State:OPEN]
2019-09-26 15:08:34,826 [grpc-default-executor-0] INFO  impl.RaftServerProxy (RaftServerProxy.java:addNew(89)) - 8a411a4f-0e32-4dd1-80b9-a797c2117425: addNew group-B50C770756F4:[8a411a4f-0e32-4dd1-80b9-a797c2117425:192.168.151.99:37125] returns group-B50C770756F4:java.util.concurrent.CompletableFuture@79eac113[Not completed]
2019-09-26 15:08:34,827 [pool-27-thread-1] INFO  impl.RaftServerImpl (RaftServerImpl.java:<init>(95)) - 8a411a4f-0e32-4dd1-80b9-a797c2117425: new RaftServerImpl for group-B50C770756F4:[8a411a4f-0e32-4dd1-80b9-a797c2117425:192.168.151.99:37125] with ContainerStateMachine:uninitialized
2019-09-26 15:08:34,827 [pool-27-thread-1] INFO  server.RaftServerConfigKeys (ConfUtils.java:logGet(43)) - raft.server.rpc.timeout.min = 5s (custom)
2019-09-26 15:08:34,827 [pool-27-thread-1] INFO  server.RaftServerConfigKeys (ConfUtils.java:logGet(43)) - raft.server.rpc.timeout.max = 5200ms (custom)
2019-09-26 15:08:34,827 [pool-27-thread-1] INFO  server.RaftServerConfigKeys (ConfUtils.java:logGet(43)) - raft.server.rpcslowness.timeout = 120s (custom)
2019-09-26 15:08:34,827 [pool-27-thread-1] INFO  server.RaftServerConfigKeys (ConfUtils.java:logGet(43)) - raft.server.sleep.deviation.threshold = 300 (default)
2019-09-26 15:08:34,827 [pool-27-thread-1] INFO  server.RaftServerConfigKeys (ConfUtils.java:logGet(43)) - raft.server.log.appender.install.snapshot.enabled = false (custom)
2019-09-26 15:08:34,827 [pool-27-thread-1] INFO  impl.RaftServerImpl (ServerState.java:<init>(103)) - 8a411a4f-0e32-4dd1-80b9-a797c2117425@group-B50C770756F4: ConfigurationManager, init=-1: [8a411a4f-0e32-4dd1-80b9-a797c2117425:192.168.151.99:37125], old=null, confs=<EMPTY_MAP>
2019-09-26 15:08:34,828 [pool-27-thread-1] INFO  server.RaftServerConfigKeys (ConfUtils.java:logGet(43)) - raft.server.storage.dir = [/workdir/hadoop-ozone/integration-test/target/test-dir/MiniOzoneClusterImpl-646ad58d-3cd3-4092-ab15-506251c55e5b/datanode-0/data/ratis] (custom)
2019-09-26 15:08:34,828 [pool-27-thread-1] INFO  storage.RaftStorageDirectory (RaftStorageDirectory.java:analyzeStorage(246)) - The storage directory /workdir/hadoop-ozone/integration-test/target/test-dir/MiniOzoneClusterImpl-646ad58d-3cd3-4092-ab15-506251c55e5b/datanode-0/data/ratis/0932c609-5414-4e5a-abc9-b50c770756f4 does not exist. Creating ...
2019-09-26 15:08:34,842 [pool-27-thread-1] INFO  storage.RaftStorageDirectory (RaftStorageDirectory.java:tryLock(328)) - Lock on /workdir/hadoop-ozone/integration-test/target/test-dir/MiniOzoneClusterImpl-646ad58d-3cd3-4092-ab15-506251c55e5b/datanode-0/data/ratis/0932c609-5414-4e5a-abc9-b50c770756f4/in_use.lock acquired by nodename 7157@pr-hdds-1569-g6sp5-2013761785
2019-09-26 15:08:34,854 [pool-27-thread-1] INFO  storage.RaftStorage (RaftStorage.java:format(72)) - Storage directory /workdir/hadoop-ozone/integration-test/target/test-dir/MiniOzoneClusterImpl-646ad58d-3cd3-4092-ab15-506251c55e5b/datanode-0/data/ratis/0932c609-5414-4e5a-abc9-b50c770756f4 has been successfully formatted.
2019-09-26 15:08:34,854 [pool-27-thread-1] INFO  ratis.ContainerStateMachine (ContainerStateMachine.java:loadSnapshot(230)) - group-B50C770756F4: The snapshot info is null. Setting the last applied indexto:(t:0, i:~)
2019-09-26 15:08:34,855 [pool-27-thread-1] INFO  server.RaftServerConfigKeys (ConfUtils.java:logGet(43)) - raft.server.notification.no-leader.timeout = 120s (custom)
2019-09-26 15:08:34,855 [pool-27-thread-1] INFO  server.RaftServerConfigKeys (ConfUtils.java:logGet(43)) - raft.server.log.use.memory = false (default)
2019-09-26 15:08:34,855 [pool-27-thread-1] INFO  server.RaftServerConfigKeys (ConfUtils.java:logGet(43)) - raft.server.log.purge.gap = 1000000 (custom)
2019-09-26 15:08:34,855 [pool-27-thread-1] INFO  server.RaftServerConfigKeys (ConfUtils.java:logGet(43)) - raft.server.log.appender.buffer.byte-limit = 33554432 (custom)
2019-09-26 15:08:34,855 [pool-27-thread-1] INFO  server.RaftServerConfigKeys (ConfUtils.java:logGet(43)) - raft.server.log.segment.size.max = 1048576 (custom)
2019-09-26 15:08:34,855 [pool-27-thread-1] INFO  server.RaftServerConfigKeys (ConfUtils.java:logGet(43)) - raft.server.log.segment.cache.num.max = 2 (custom)
2019-09-26 15:08:34,855 [pool-27-thread-1] INFO  segmented.SegmentedRaftLogWorker (SegmentedRaftLogWorker.java:<init>(172)) - new 8a411a4f-0e32-4dd1-80b9-a797c2117425@group-B50C770756F4-SegmentedRaftLogWorker for RaftStorage:Storage Directory /workdir/hadoop-ozone/integration-test/target/test-dir/MiniOzoneClusterImpl-646ad58d-3cd3-4092-ab15-506251c55e5b/datanode-0/data/ratis/0932c609-5414-4e5a-abc9-b50c770756f4
2019-09-26 15:08:34,855 [pool-27-thread-1] INFO  server.RaftServerConfigKeys (ConfUtils.java:logGet(43)) - raft.server.log.queue.byte-limit = 2147483647 (custom)
2019-09-26 15:08:34,855 [pool-27-thread-1] INFO  server.RaftServerConfigKeys (ConfUtils.java:logGet(43)) - raft.server.log.queue.element-limit = 1024 (custom)
2019-09-26 15:08:34,856 [pool-27-thread-1] INFO  server.RaftServerConfigKeys (ConfUtils.java:logGet(43)) - raft.server.log.segment.size.max = 1048576 (custom)
2019-09-26 15:08:34,856 [pool-27-thread-1] INFO  server.RaftServerConfigKeys (ConfUtils.java:logGet(43)) - raft.server.log.preallocated.size = 16384 (custom)
2019-09-26 15:08:34,856 [pool-27-thread-1] INFO  server.RaftServerConfigKeys (ConfUtils.java:logGet(43)) - raft.server.log.write.buffer.size = 33554432 (custom)
2019-09-26 15:08:34,856 [pool-27-thread-1] INFO  server.RaftServerConfigKeys (ConfUtils.java:logGet(43)) - raft.server.log.force.sync.num = 128 (default)
2019-09-26 15:08:34,856 [pool-27-thread-1] INFO  server.RaftServerConfigKeys (ConfUtils.java:logGet(43)) - raft.server.log.statemachine.data.sync = true (default)
2019-09-26 15:08:34,856 [pool-27-thread-1] INFO  server.RaftServerConfigKeys (ConfUtils.java:logGet(43)) - raft.server.log.statemachine.data.sync.timeout = 10s (default)
2019-09-26 15:08:34,856 [pool-27-thread-1] INFO  server.RaftServerConfigKeys (ConfUtils.java:logGet(43)) - raft.server.log.statemachine.data.sync.timeout.retry = -1 (default)
2019-09-26 15:08:34,856 [pool-27-thread-1] INFO  server.RaftServerConfigKeys (ConfUtils.java:logGet(43)) - raft.server.log.statemachine.data.caching.enabled = true (custom)
2019-09-26 15:08:34,856 [pool-27-thread-1] INFO  segmented.SegmentedRaftLogWorker (SegmentedRaftLogWorker.java:lambda$new$0(132)) - 8a411a4f-0e32-4dd1-80b9-a797c2117425@group-B50C770756F4-SegmentedRaftLogWorker: flushIndex: setUnconditionally 0 -> -1
2019-09-26 15:08:34,857 [pool-27-thread-1] INFO  server.RaftServerConfigKeys (ConfUtils.java:logGet(43)) - raft.server.snapshot.auto.trigger.enabled = true (custom)
2019-09-26 15:08:34,857 [pool-27-thread-1] INFO  server.RaftServerConfigKeys (ConfUtils.java:logGet(43)) - raft.server.snapshot.auto.trigger.threshold = 10000 (custom)
2019-09-26 15:08:34,857 [pool-27-thread-1] INFO  server.RaftServerConfigKeys (ConfUtils.java:logGet(43)) - raft.server.snapshot.retention.num.files = 5 (custom)
2019-09-26 15:08:34,857 [pool-27-thread-1] INFO  server.RaftServerConfigKeys (ConfUtils.java:logGet(43)) - raft.server.retrycache.expirytime = 600000ms (custom)
2019-09-26 15:08:34,858 [pool-27-thread-1] INFO  impl.RaftServerImpl (RaftServerImpl.java:start(185)) - 8a411a4f-0e32-4dd1-80b9-a797c2117425@group-B50C770756F4: start as a follower, conf=-1: [8a411a4f-0e32-4dd1-80b9-a797c2117425:192.168.151.99:37125], old=null
2019-09-26 15:08:34,858 [pool-27-thread-1] INFO  impl.RaftServerImpl (RaftServerImpl.java:setRole(174)) - 8a411a4f-0e32-4dd1-80b9-a797c2117425@group-B50C770756F4: changes role from      null to FOLLOWER at term 0 for startAsFollower
2019-09-26 15:08:34,858 [pool-27-thread-1] INFO  impl.RoleInfo (RoleInfo.java:updateAndGet(143)) - 8a411a4f-0e32-4dd1-80b9-a797c2117425: start FollowerState
2019-09-26 15:08:34,859 [pool-27-thread-1] INFO  util.JmxRegister (JmxRegister.java:tryRegister(44)) - Successfully registered JMX Bean with object name Ratis:service=RaftServer,group=group-B50C770756F4,id=8a411a4f-0e32-4dd1-80b9-a797c2117425
2019-09-26 15:08:34,861 [RatisPipelineUtilsThread] INFO  pipeline.PipelineStateManager (PipelineStateManager.java:addPipeline(56)) - Created pipeline Pipeline[ Id: 0932c609-5414-4e5a-abc9-b50c770756f4, Nodes: 8a411a4f-0e32-4dd1-80b9-a797c2117425{ip: 192.168.151.99, host: pr-hdds-1569-g6sp5-2013761785, networkLocation: /default-rack, certSerialId: null}, Type:RATIS, Factor:ONE, State:OPEN]
2019-09-26 15:08:34,871 [grpc-default-executor-1] INFO  impl.RaftServerProxy (RaftServerProxy.java:addNew(89)) - 8a411a4f-0e32-4dd1-80b9-a797c2117425: addNew group-E7D8D4CC70D9:[8a411a4f-0e32-4dd1-80b9-a797c2117425:192.168.151.99:37125] returns group-E7D8D4CC70D9:java.util.concurrent.CompletableFuture@7e96b8c3[Not completed]
2019-09-26 15:08:34,872 [pool-27-thread-1] INFO  impl.RaftServerImpl (RaftServerImpl.java:<init>(95)) - 8a411a4f-0e32-4dd1-80b9-a797c2117425: new RaftServerImpl for group-E7D8D4CC70D9:[8a411a4f-0e32-4dd1-80b9-a797c2117425:192.168.151.99:37125] with ContainerStateMachine:uninitialized
2019-09-26 15:08:34,872 [pool-27-thread-1] INFO  server.RaftServerConfigKeys (ConfUtils.java:logGet(43)) - raft.server.rpc.timeout.min = 5s (custom)
2019-09-26 15:08:34,872 [pool-27-thread-1] INFO  server.RaftServerConfigKeys (ConfUtils.java:logGet(43)) - raft.server.rpc.timeout.max = 5200ms (custom)
2019-09-26 15:08:34,872 [pool-27-thread-1] INFO  server.RaftServerConfigKeys (ConfUtils.java:logGet(43)) - raft.server.rpcslowness.timeout = 120s (custom)
2019-09-26 15:08:34,872 [pool-27-thread-1] INFO  server.RaftServerConfigKeys (ConfUtils.java:logGet(43)) - raft.server.sleep.deviation.threshold = 300 (default)
2019-09-26 15:08:34,872 [pool-27-thread-1] INFO  server.RaftServerConfigKeys (ConfUtils.java:logGet(43)) - raft.server.log.appender.install.snapshot.enabled = false (custom)
2019-09-26 15:08:34,873 [pool-27-thread-1] INFO  impl.RaftServerImpl (ServerState.java:<init>(103)) - 8a411a4f-0e32-4dd1-80b9-a797c2117425@group-E7D8D4CC70D9: ConfigurationManager, init=-1: [8a411a4f-0e32-4dd1-80b9-a797c2117425:192.168.151.99:37125], old=null, confs=<EMPTY_MAP>
2019-09-26 15:08:34,873 [pool-27-thread-1] INFO  server.RaftServerConfigKeys (ConfUtils.java:logGet(43)) - raft.server.storage.dir = [/workdir/hadoop-ozone/integration-test/target/test-dir/MiniOzoneClusterImpl-646ad58d-3cd3-4092-ab15-506251c55e5b/datanode-0/data/ratis] (custom)
2019-09-26 15:08:34,873 [pool-27-thread-1] INFO  storage.RaftStorageDirectory (RaftStorageDirectory.java:analyzeStorage(246)) - The storage directory /workdir/hadoop-ozone/integration-test/target/test-dir/MiniOzoneClusterImpl-646ad58d-3cd3-4092-ab15-506251c55e5b/datanode-0/data/ratis/84942f5e-5fa9-4350-bfe5-e7d8d4cc70d9 does not exist. Creating ...
2019-09-26 15:08:34,884 [pool-27-thread-1] INFO  storage.RaftStorageDirectory (RaftStorageDirectory.java:tryLock(328)) - Lock on /workdir/hadoop-ozone/integration-test/target/test-dir/MiniOzoneClusterImpl-646ad58d-3cd3-4092-ab15-506251c55e5b/datanode-0/data/ratis/84942f5e-5fa9-4350-bfe5-e7d8d4cc70d9/in_use.lock acquired by nodename 7157@pr-hdds-1569-g6sp5-2013761785
2019-09-26 15:08:34,886 [pool-27-thread-1] INFO  storage.RaftStorage (RaftStorage.java:format(72)) - Storage directory /workdir/hadoop-ozone/integration-test/target/test-dir/MiniOzoneClusterImpl-646ad58d-3cd3-4092-ab15-506251c55e5b/datanode-0/data/ratis/84942f5e-5fa9-4350-bfe5-e7d8d4cc70d9 has been successfully formatted.
2019-09-26 15:08:34,887 [pool-27-thread-1] INFO  ratis.ContainerStateMachine (ContainerStateMachine.java:loadSnapshot(230)) - group-E7D8D4CC70D9: The snapshot info is null. Setting the last applied indexto:(t:0, i:~)
2019-09-26 15:08:34,887 [pool-27-thread-1] INFO  server.RaftServerConfigKeys (ConfUtils.java:logGet(43)) - raft.server.notification.no-leader.timeout = 120s (custom)
2019-09-26 15:08:34,887 [pool-27-thread-1] INFO  server.RaftServerConfigKeys (ConfUtils.java:logGet(43)) - raft.server.log.use.memory = false (default)
2019-09-26 15:08:34,887 [pool-27-thread-1] INFO  server.RaftServerConfigKeys (ConfUtils.java:logGet(43)) - raft.server.log.purge.gap = 1000000 (custom)
2019-09-26 15:08:34,887 [pool-27-thread-1] INFO  server.RaftServerConfigKeys (ConfUtils.java:logGet(43)) - raft.server.log.appender.buffer.byte-limit = 33554432 (custom)
2019-09-26 15:08:34,887 [pool-27-thread-1] INFO  server.RaftServerConfigKeys (ConfUtils.java:logGet(43)) - raft.server.log.segment.size.max = 1048576 (custom)
2019-09-26 15:08:34,887 [pool-27-thread-1] INFO  server.RaftServerConfigKeys (ConfUtils.java:logGet(43)) - raft.server.log.segment.cache.num.max = 2 (custom)
2019-09-26 15:08:34,887 [pool-27-thread-1] INFO  segmented.SegmentedRaftLogWorker (SegmentedRaftLogWorker.java:<init>(172)) - new 8a411a4f-0e32-4dd1-80b9-a797c2117425@group-E7D8D4CC70D9-SegmentedRaftLogWorker for RaftStorage:Storage Directory /workdir/hadoop-ozone/integration-test/target/test-dir/MiniOzoneClusterImpl-646ad58d-3cd3-4092-ab15-506251c55e5b/datanode-0/data/ratis/84942f5e-5fa9-4350-bfe5-e7d8d4cc70d9
2019-09-26 15:08:34,887 [pool-27-thread-1] INFO  server.RaftServerConfigKeys (ConfUtils.java:logGet(43)) - raft.server.log.queue.byte-limit = 2147483647 (custom)
2019-09-26 15:08:34,887 [pool-27-thread-1] INFO  server.RaftServerConfigKeys (ConfUtils.java:logGet(43)) - raft.server.log.queue.element-limit = 1024 (custom)
2019-09-26 15:08:34,887 [pool-27-thread-1] INFO  server.RaftServerConfigKeys (ConfUtils.java:logGet(43)) - raft.server.log.segment.size.max = 1048576 (custom)
2019-09-26 15:08:34,887 [pool-27-thread-1] INFO  server.RaftServerConfigKeys (ConfUtils.java:logGet(43)) - raft.server.log.preallocated.size = 16384 (custom)
2019-09-26 15:08:34,888 [pool-27-thread-1] INFO  server.RaftServerConfigKeys (ConfUtils.java:logGet(43)) - raft.server.log.write.buffer.size = 33554432 (custom)
2019-09-26 15:08:34,888 [pool-27-thread-1] INFO  server.RaftServerConfigKeys (ConfUtils.java:logGet(43)) - raft.server.log.force.sync.num = 128 (default)
2019-09-26 15:08:34,888 [pool-27-thread-1] INFO  server.RaftServerConfigKeys (ConfUtils.java:logGet(43)) - raft.server.log.statemachine.data.sync = true (default)
2019-09-26 15:08:34,888 [pool-27-thread-1] INFO  server.RaftServerConfigKeys (ConfUtils.java:logGet(43)) - raft.server.log.statemachine.data.sync.timeout = 10s (default)
2019-09-26 15:08:34,888 [pool-27-thread-1] INFO  server.RaftServerConfigKeys (ConfUtils.java:logGet(43)) - raft.server.log.statemachine.data.sync.timeout.retry = -1 (default)
2019-09-26 15:08:34,888 [pool-27-thread-1] INFO  server.RaftServerConfigKeys (ConfUtils.java:logGet(43)) - raft.server.log.statemachine.data.caching.enabled = true (custom)
2019-09-26 15:08:34,888 [pool-27-thread-1] INFO  segmented.SegmentedRaftLogWorker (SegmentedRaftLogWorker.java:lambda$new$0(132)) - 8a411a4f-0e32-4dd1-80b9-a797c2117425@group-E7D8D4CC70D9-SegmentedRaftLogWorker: flushIndex: setUnconditionally 0 -> -1
2019-09-26 15:08:34,888 [pool-27-thread-1] INFO  server.RaftServerConfigKeys (ConfUtils.java:logGet(43)) - raft.server.snapshot.auto.trigger.enabled = true (custom)
2019-09-26 15:08:34,888 [pool-27-thread-1] INFO  server.RaftServerConfigKeys (ConfUtils.java:logGet(43)) - raft.server.snapshot.auto.trigger.threshold = 10000 (custom)
2019-09-26 15:08:34,889 [pool-27-thread-1] INFO  server.RaftServerConfigKeys (ConfUtils.java:logGet(43)) - raft.server.snapshot.retention.num.files = 5 (custom)
2019-09-26 15:08:34,889 [pool-27-thread-1] INFO  server.RaftServerConfigKeys (ConfUtils.java:logGet(43)) - raft.server.retrycache.expirytime = 600000ms (custom)
2019-09-26 15:08:34,890 [pool-27-thread-1] INFO  impl.RaftServerImpl (RaftServerImpl.java:start(185)) - 8a411a4f-0e32-4dd1-80b9-a797c2117425@group-E7D8D4CC70D9: start as a follower, conf=-1: [8a411a4f-0e32-4dd1-80b9-a797c2117425:192.168.151.99:37125], old=null
2019-09-26 15:08:34,890 [pool-27-thread-1] INFO  impl.RaftServerImpl (RaftServerImpl.java:setRole(174)) - 8a411a4f-0e32-4dd1-80b9-a797c2117425@group-E7D8D4CC70D9: changes role from      null to FOLLOWER at term 0 for startAsFollower
2019-09-26 15:08:34,891 [pool-27-thread-1] INFO  impl.RoleInfo (RoleInfo.java:updateAndGet(143)) - 8a411a4f-0e32-4dd1-80b9-a797c2117425: start FollowerState
2019-09-26 15:08:34,891 [pool-27-thread-1] INFO  util.JmxRegister (JmxRegister.java:tryRegister(44)) - Successfully registered JMX Bean with object name Ratis:service=RaftServer,group=group-E7D8D4CC70D9,id=8a411a4f-0e32-4dd1-80b9-a797c2117425
2019-09-26 15:08:34,893 [RatisPipelineUtilsThread] INFO  pipeline.PipelineStateManager (PipelineStateManager.java:addPipeline(56)) - Created pipeline Pipeline[ Id: 84942f5e-5fa9-4350-bfe5-e7d8d4cc70d9, Nodes: 8a411a4f-0e32-4dd1-80b9-a797c2117425{ip: 192.168.151.99, host: pr-hdds-1569-g6sp5-2013761785, networkLocation: /default-rack, certSerialId: null}, Type:RATIS, Factor:ONE, State:OPEN]
2019-09-26 15:08:34,896 [grpc-default-executor-1] INFO  impl.RaftServerProxy (RaftServerProxy.java:addNew(89)) - 8a411a4f-0e32-4dd1-80b9-a797c2117425: addNew group-61F50073A647:[8a411a4f-0e32-4dd1-80b9-a797c2117425:192.168.151.99:37125] returns group-61F50073A647:java.util.concurrent.CompletableFuture@9578c20[Not completed]
2019-09-26 15:08:34,897 [pool-27-thread-1] INFO  impl.RaftServerImpl (RaftServerImpl.java:<init>(95)) - 8a411a4f-0e32-4dd1-80b9-a797c2117425: new RaftServerImpl for group-61F50073A647:[8a411a4f-0e32-4dd1-80b9-a797c2117425:192.168.151.99:37125] with ContainerStateMachine:uninitialized
2019-09-26 15:08:34,897 [pool-27-thread-1] INFO  server.RaftServerConfigKeys (ConfUtils.java:logGet(43)) - raft.server.rpc.timeout.min = 5s (custom)
2019-09-26 15:08:34,897 [pool-27-thread-1] INFO  server.RaftServerConfigKeys (ConfUtils.java:logGet(43)) - raft.server.rpc.timeout.max = 5200ms (custom)
2019-09-26 15:08:34,897 [pool-27-thread-1] INFO  server.RaftServerConfigKeys (ConfUtils.java:logGet(43)) - raft.server.rpcslowness.timeout = 120s (custom)
2019-09-26 15:08:34,897 [pool-27-thread-1] INFO  server.RaftServerConfigKeys (ConfUtils.java:logGet(43)) - raft.server.sleep.deviation.threshold = 300 (default)
2019-09-26 15:08:34,898 [pool-27-thread-1] INFO  server.RaftServerConfigKeys (ConfUtils.java:logGet(43)) - raft.server.log.appender.install.snapshot.enabled = false (custom)
2019-09-26 15:08:34,898 [pool-27-thread-1] INFO  impl.RaftServerImpl (ServerState.java:<init>(103)) - 8a411a4f-0e32-4dd1-80b9-a797c2117425@group-61F50073A647: ConfigurationManager, init=-1: [8a411a4f-0e32-4dd1-80b9-a797c2117425:192.168.151.99:37125], old=null, confs=<EMPTY_MAP>
2019-09-26 15:08:34,898 [pool-27-thread-1] INFO  server.RaftServerConfigKeys (ConfUtils.java:logGet(43)) - raft.server.storage.dir = [/workdir/hadoop-ozone/integration-test/target/test-dir/MiniOzoneClusterImpl-646ad58d-3cd3-4092-ab15-506251c55e5b/datanode-0/data/ratis] (custom)
2019-09-26 15:08:34,898 [pool-27-thread-1] INFO  storage.RaftStorageDirectory (RaftStorageDirectory.java:analyzeStorage(246)) - The storage directory /workdir/hadoop-ozone/integration-test/target/test-dir/MiniOzoneClusterImpl-646ad58d-3cd3-4092-ab15-506251c55e5b/datanode-0/data/ratis/5a999b3d-0ff9-498b-860d-61f50073a647 does not exist. Creating ...
2019-09-26 15:08:34,912 [pool-27-thread-1] INFO  storage.RaftStorageDirectory (RaftStorageDirectory.java:tryLock(328)) - Lock on /workdir/hadoop-ozone/integration-test/target/test-dir/MiniOzoneClusterImpl-646ad58d-3cd3-4092-ab15-506251c55e5b/datanode-0/data/ratis/5a999b3d-0ff9-498b-860d-61f50073a647/in_use.lock acquired by nodename 7157@pr-hdds-1569-g6sp5-2013761785
2019-09-26 15:08:34,924 [pool-27-thread-1] INFO  storage.RaftStorage (RaftStorage.java:format(72)) - Storage directory /workdir/hadoop-ozone/integration-test/target/test-dir/MiniOzoneClusterImpl-646ad58d-3cd3-4092-ab15-506251c55e5b/datanode-0/data/ratis/5a999b3d-0ff9-498b-860d-61f50073a647 has been successfully formatted.
2019-09-26 15:08:34,924 [pool-27-thread-1] INFO  ratis.ContainerStateMachine (ContainerStateMachine.java:loadSnapshot(230)) - group-61F50073A647: The snapshot info is null. Setting the last applied indexto:(t:0, i:~)
2019-09-26 15:08:34,925 [pool-27-thread-1] INFO  server.RaftServerConfigKeys (ConfUtils.java:logGet(43)) - raft.server.notification.no-leader.timeout = 120s (custom)
2019-09-26 15:08:34,925 [pool-27-thread-1] INFO  server.RaftServerConfigKeys (ConfUtils.java:logGet(43)) - raft.server.log.use.memory = false (default)
2019-09-26 15:08:34,925 [pool-27-thread-1] INFO  server.RaftServerConfigKeys (ConfUtils.java:logGet(43)) - raft.server.log.purge.gap = 1000000 (custom)
2019-09-26 15:08:34,925 [pool-27-thread-1] INFO  server.RaftServerConfigKeys (ConfUtils.java:logGet(43)) - raft.server.log.appender.buffer.byte-limit = 33554432 (custom)
2019-09-26 15:08:34,925 [pool-27-thread-1] INFO  server.RaftServerConfigKeys (ConfUtils.java:logGet(43)) - raft.server.log.segment.size.max = 1048576 (custom)
2019-09-26 15:08:34,925 [pool-27-thread-1] INFO  server.RaftServerConfigKeys (ConfUtils.java:logGet(43)) - raft.server.log.segment.cache.num.max = 2 (custom)
2019-09-26 15:08:34,925 [pool-27-thread-1] INFO  segmented.SegmentedRaftLogWorker (SegmentedRaftLogWorker.java:<init>(172)) - new 8a411a4f-0e32-4dd1-80b9-a797c2117425@group-61F50073A647-SegmentedRaftLogWorker for RaftStorage:Storage Directory /workdir/hadoop-ozone/integration-test/target/test-dir/MiniOzoneClusterImpl-646ad58d-3cd3-4092-ab15-506251c55e5b/datanode-0/data/ratis/5a999b3d-0ff9-498b-860d-61f50073a647
2019-09-26 15:08:34,925 [pool-27-thread-1] INFO  server.RaftServerConfigKeys (ConfUtils.java:logGet(43)) - raft.server.log.queue.byte-limit = 2147483647 (custom)
2019-09-26 15:08:34,925 [pool-27-thread-1] INFO  server.RaftServerConfigKeys (ConfUtils.java:logGet(43)) - raft.server.log.queue.element-limit = 1024 (custom)
2019-09-26 15:08:34,925 [pool-27-thread-1] INFO  server.RaftServerConfigKeys (ConfUtils.java:logGet(43)) - raft.server.log.segment.size.max = 1048576 (custom)
2019-09-26 15:08:34,925 [pool-27-thread-1] INFO  server.RaftServerConfigKeys (ConfUtils.java:logGet(43)) - raft.server.log.preallocated.size = 16384 (custom)
2019-09-26 15:08:34,925 [pool-27-thread-1] INFO  server.RaftServerConfigKeys (ConfUtils.java:logGet(43)) - raft.server.log.write.buffer.size = 33554432 (custom)
2019-09-26 15:08:34,925 [pool-27-thread-1] INFO  server.RaftServerConfigKeys (ConfUtils.java:logGet(43)) - raft.server.log.force.sync.num = 128 (default)
2019-09-26 15:08:34,926 [pool-27-thread-1] INFO  server.RaftServerConfigKeys (ConfUtils.java:logGet(43)) - raft.server.log.statemachine.data.sync = true (default)
2019-09-26 15:08:34,926 [pool-27-thread-1] INFO  server.RaftServerConfigKeys (ConfUtils.java:logGet(43)) - raft.server.log.statemachine.data.sync.timeout = 10s (default)
2019-09-26 15:08:34,926 [pool-27-thread-1] INFO  server.RaftServerConfigKeys (ConfUtils.java:logGet(43)) - raft.server.log.statemachine.data.sync.timeout.retry = -1 (default)
2019-09-26 15:08:34,926 [pool-27-thread-1] INFO  server.RaftServerConfigKeys (ConfUtils.java:logGet(43)) - raft.server.log.statemachine.data.caching.enabled = true (custom)
2019-09-26 15:08:34,926 [pool-27-thread-1] INFO  segmented.SegmentedRaftLogWorker (SegmentedRaftLogWorker.java:lambda$new$0(132)) - 8a411a4f-0e32-4dd1-80b9-a797c2117425@group-61F50073A647-SegmentedRaftLogWorker: flushIndex: setUnconditionally 0 -> -1
2019-09-26 15:08:34,926 [pool-27-thread-1] INFO  server.RaftServerConfigKeys (ConfUtils.java:logGet(43)) - raft.server.snapshot.auto.trigger.enabled = true (custom)
2019-09-26 15:08:34,926 [pool-27-thread-1] INFO  server.RaftServerConfigKeys (ConfUtils.java:logGet(43)) - raft.server.snapshot.auto.trigger.threshold = 10000 (custom)
2019-09-26 15:08:34,926 [pool-27-thread-1] INFO  server.RaftServerConfigKeys (ConfUtils.java:logGet(43)) - raft.server.snapshot.retention.num.files = 5 (custom)
2019-09-26 15:08:34,927 [pool-27-thread-1] INFO  server.RaftServerConfigKeys (ConfUtils.java:logGet(43)) - raft.server.retrycache.expirytime = 600000ms (custom)
2019-09-26 15:08:34,928 [pool-27-thread-1] INFO  impl.RaftServerImpl (RaftServerImpl.java:start(185)) - 8a411a4f-0e32-4dd1-80b9-a797c2117425@group-61F50073A647: start as a follower, conf=-1: [8a411a4f-0e32-4dd1-80b9-a797c2117425:192.168.151.99:37125], old=null
2019-09-26 15:08:34,928 [pool-27-thread-1] INFO  impl.RaftServerImpl (RaftServerImpl.java:setRole(174)) - 8a411a4f-0e32-4dd1-80b9-a797c2117425@group-61F50073A647: changes role from      null to FOLLOWER at term 0 for startAsFollower
2019-09-26 15:08:34,928 [pool-27-thread-1] INFO  impl.RoleInfo (RoleInfo.java:updateAndGet(143)) - 8a411a4f-0e32-4dd1-80b9-a797c2117425: start FollowerState
2019-09-26 15:08:34,928 [pool-27-thread-1] INFO  util.JmxRegister (JmxRegister.java:tryRegister(44)) - Successfully registered JMX Bean with object name Ratis:service=RaftServer,group=group-61F50073A647,id=8a411a4f-0e32-4dd1-80b9-a797c2117425
2019-09-26 15:08:34,930 [RatisPipelineUtilsThread] INFO  pipeline.PipelineStateManager (PipelineStateManager.java:addPipeline(56)) - Created pipeline Pipeline[ Id: 5a999b3d-0ff9-498b-860d-61f50073a647, Nodes: 8a411a4f-0e32-4dd1-80b9-a797c2117425{ip: 192.168.151.99, host: pr-hdds-1569-g6sp5-2013761785, networkLocation: /default-rack, certSerialId: null}, Type:RATIS, Factor:ONE, State:OPEN]
2019-09-26 15:08:34,934 [grpc-default-executor-1] INFO  impl.RaftServerProxy (RaftServerProxy.java:addNew(89)) - 8a411a4f-0e32-4dd1-80b9-a797c2117425: addNew group-157AB0181C30:[8a411a4f-0e32-4dd1-80b9-a797c2117425:192.168.151.99:37125] returns group-157AB0181C30:java.util.concurrent.CompletableFuture@1fa9623c[Not completed]
2019-09-26 15:08:34,935 [pool-27-thread-1] INFO  impl.RaftServerImpl (RaftServerImpl.java:<init>(95)) - 8a411a4f-0e32-4dd1-80b9-a797c2117425: new RaftServerImpl for group-157AB0181C30:[8a411a4f-0e32-4dd1-80b9-a797c2117425:192.168.151.99:37125] with ContainerStateMachine:uninitialized
2019-09-26 15:08:34,935 [pool-27-thread-1] INFO  server.RaftServerConfigKeys (ConfUtils.java:logGet(43)) - raft.server.rpc.timeout.min = 5s (custom)
2019-09-26 15:08:34,935 [pool-27-thread-1] INFO  server.RaftServerConfigKeys (ConfUtils.java:logGet(43)) - raft.server.rpc.timeout.max = 5200ms (custom)
2019-09-26 15:08:34,935 [pool-27-thread-1] INFO  server.RaftServerConfigKeys (ConfUtils.java:logGet(43)) - raft.server.rpcslowness.timeout = 120s (custom)
2019-09-26 15:08:34,935 [pool-27-thread-1] INFO  server.RaftServerConfigKeys (ConfUtils.java:logGet(43)) - raft.server.sleep.deviation.threshold = 300 (default)
2019-09-26 15:08:34,936 [pool-27-thread-1] INFO  server.RaftServerConfigKeys (ConfUtils.java:logGet(43)) - raft.server.log.appender.install.snapshot.enabled = false (custom)
2019-09-26 15:08:34,936 [pool-27-thread-1] INFO  impl.RaftServerImpl (ServerState.java:<init>(103)) - 8a411a4f-0e32-4dd1-80b9-a797c2117425@group-157AB0181C30: ConfigurationManager, init=-1: [8a411a4f-0e32-4dd1-80b9-a797c2117425:192.168.151.99:37125], old=null, confs=<EMPTY_MAP>
2019-09-26 15:08:34,936 [pool-27-thread-1] INFO  server.RaftServerConfigKeys (ConfUtils.java:logGet(43)) - raft.server.storage.dir = [/workdir/hadoop-ozone/integration-test/target/test-dir/MiniOzoneClusterImpl-646ad58d-3cd3-4092-ab15-506251c55e5b/datanode-0/data/ratis] (custom)
2019-09-26 15:08:34,936 [pool-27-thread-1] INFO  storage.RaftStorageDirectory (RaftStorageDirectory.java:analyzeStorage(246)) - The storage directory /workdir/hadoop-ozone/integration-test/target/test-dir/MiniOzoneClusterImpl-646ad58d-3cd3-4092-ab15-506251c55e5b/datanode-0/data/ratis/10bbff9a-bf57-4520-aee3-157ab0181c30 does not exist. Creating ...
2019-09-26 15:08:34,951 [pool-27-thread-1] INFO  storage.RaftStorageDirectory (RaftStorageDirectory.java:tryLock(328)) - Lock on /workdir/hadoop-ozone/integration-test/target/test-dir/MiniOzoneClusterImpl-646ad58d-3cd3-4092-ab15-506251c55e5b/datanode-0/data/ratis/10bbff9a-bf57-4520-aee3-157ab0181c30/in_use.lock acquired by nodename 7157@pr-hdds-1569-g6sp5-2013761785
2019-09-26 15:08:34,971 [pool-27-thread-1] INFO  storage.RaftStorage (RaftStorage.java:format(72)) - Storage directory /workdir/hadoop-ozone/integration-test/target/test-dir/MiniOzoneClusterImpl-646ad58d-3cd3-4092-ab15-506251c55e5b/datanode-0/data/ratis/10bbff9a-bf57-4520-aee3-157ab0181c30 has been successfully formatted.
2019-09-26 15:08:34,972 [pool-27-thread-1] INFO  ratis.ContainerStateMachine (ContainerStateMachine.java:loadSnapshot(230)) - group-157AB0181C30: The snapshot info is null. Setting the last applied indexto:(t:0, i:~)
2019-09-26 15:08:34,972 [pool-27-thread-1] INFO  server.RaftServerConfigKeys (ConfUtils.java:logGet(43)) - raft.server.notification.no-leader.timeout = 120s (custom)
2019-09-26 15:08:34,972 [pool-27-thread-1] INFO  server.RaftServerConfigKeys (ConfUtils.java:logGet(43)) - raft.server.log.use.memory = false (default)
2019-09-26 15:08:34,972 [pool-27-thread-1] INFO  server.RaftServerConfigKeys (ConfUtils.java:logGet(43)) - raft.server.log.purge.gap = 1000000 (custom)
2019-09-26 15:08:34,972 [pool-27-thread-1] INFO  server.RaftServerConfigKeys (ConfUtils.java:logGet(43)) - raft.server.log.appender.buffer.byte-limit = 33554432 (custom)
2019-09-26 15:08:34,972 [pool-27-thread-1] INFO  server.RaftServerConfigKeys (ConfUtils.java:logGet(43)) - raft.server.log.segment.size.max = 1048576 (custom)
2019-09-26 15:08:34,972 [pool-27-thread-1] INFO  server.RaftServerConfigKeys (ConfUtils.java:logGet(43)) - raft.server.log.segment.cache.num.max = 2 (custom)
2019-09-26 15:08:34,972 [pool-27-thread-1] INFO  segmented.SegmentedRaftLogWorker (SegmentedRaftLogWorker.java:<init>(172)) - new 8a411a4f-0e32-4dd1-80b9-a797c2117425@group-157AB0181C30-SegmentedRaftLogWorker for RaftStorage:Storage Directory /workdir/hadoop-ozone/integration-test/target/test-dir/MiniOzoneClusterImpl-646ad58d-3cd3-4092-ab15-506251c55e5b/datanode-0/data/ratis/10bbff9a-bf57-4520-aee3-157ab0181c30
2019-09-26 15:08:34,973 [pool-27-thread-1] INFO  server.RaftServerConfigKeys (ConfUtils.java:logGet(43)) - raft.server.log.queue.byte-limit = 2147483647 (custom)
2019-09-26 15:08:34,973 [pool-27-thread-1] INFO  server.RaftServerConfigKeys (ConfUtils.java:logGet(43)) - raft.server.log.queue.element-limit = 1024 (custom)
2019-09-26 15:08:34,973 [pool-27-thread-1] INFO  server.RaftServerConfigKeys (ConfUtils.java:logGet(43)) - raft.server.log.segment.size.max = 1048576 (custom)
2019-09-26 15:08:34,973 [pool-27-thread-1] INFO  server.RaftServerConfigKeys (ConfUtils.java:logGet(43)) - raft.server.log.preallocated.size = 16384 (custom)
2019-09-26 15:08:34,973 [pool-27-thread-1] INFO  server.RaftServerConfigKeys (ConfUtils.java:logGet(43)) - raft.server.log.write.buffer.size = 33554432 (custom)
2019-09-26 15:08:34,973 [pool-27-thread-1] INFO  server.RaftServerConfigKeys (ConfUtils.java:logGet(43)) - raft.server.log.force.sync.num = 128 (default)
2019-09-26 15:08:34,973 [pool-27-thread-1] INFO  server.RaftServerConfigKeys (ConfUtils.java:logGet(43)) - raft.server.log.statemachine.data.sync = true (default)
2019-09-26 15:08:34,973 [pool-27-thread-1] INFO  server.RaftServerConfigKeys (ConfUtils.java:logGet(43)) - raft.server.log.statemachine.data.sync.timeout = 10s (default)
2019-09-26 15:08:34,973 [pool-27-thread-1] INFO  server.RaftServerConfigKeys (ConfUtils.java:logGet(43)) - raft.server.log.statemachine.data.sync.timeout.retry = -1 (default)
2019-09-26 15:08:34,973 [pool-27-thread-1] INFO  server.RaftServerConfigKeys (ConfUtils.java:logGet(43)) - raft.server.log.statemachine.data.caching.enabled = true (custom)
2019-09-26 15:08:34,973 [pool-27-thread-1] INFO  segmented.SegmentedRaftLogWorker (SegmentedRaftLogWorker.java:lambda$new$0(132)) - 8a411a4f-0e32-4dd1-80b9-a797c2117425@group-157AB0181C30-SegmentedRaftLogWorker: flushIndex: setUnconditionally 0 -> -1
2019-09-26 15:08:34,974 [pool-27-thread-1] INFO  server.RaftServerConfigKeys (ConfUtils.java:logGet(43)) - raft.server.snapshot.auto.trigger.enabled = true (custom)
2019-09-26 15:08:34,974 [pool-27-thread-1] INFO  server.RaftServerConfigKeys (ConfUtils.java:logGet(43)) - raft.server.snapshot.auto.trigger.threshold = 10000 (custom)
2019-09-26 15:08:34,974 [pool-27-thread-1] INFO  server.RaftServerConfigKeys (ConfUtils.java:logGet(43)) - raft.server.snapshot.retention.num.files = 5 (custom)
2019-09-26 15:08:34,974 [pool-27-thread-1] INFO  server.RaftServerConfigKeys (ConfUtils.java:logGet(43)) - raft.server.retrycache.expirytime = 600000ms (custom)
2019-09-26 15:08:34,975 [pool-27-thread-1] INFO  impl.RaftServerImpl (RaftServerImpl.java:start(185)) - 8a411a4f-0e32-4dd1-80b9-a797c2117425@group-157AB0181C30: start as a follower, conf=-1: [8a411a4f-0e32-4dd1-80b9-a797c2117425:192.168.151.99:37125], old=null
2019-09-26 15:08:34,975 [pool-27-thread-1] INFO  impl.RaftServerImpl (RaftServerImpl.java:setRole(174)) - 8a411a4f-0e32-4dd1-80b9-a797c2117425@group-157AB0181C30: changes role from      null to FOLLOWER at term 0 for startAsFollower
2019-09-26 15:08:34,975 [pool-27-thread-1] INFO  impl.RoleInfo (RoleInfo.java:updateAndGet(143)) - 8a411a4f-0e32-4dd1-80b9-a797c2117425: start FollowerState
2019-09-26 15:08:34,976 [pool-27-thread-1] INFO  util.JmxRegister (JmxRegister.java:tryRegister(44)) - Successfully registered JMX Bean with object name Ratis:service=RaftServer,group=group-157AB0181C30,id=8a411a4f-0e32-4dd1-80b9-a797c2117425
2019-09-26 15:08:34,978 [RatisPipelineUtilsThread] INFO  pipeline.PipelineStateManager (PipelineStateManager.java:addPipeline(56)) - Created pipeline Pipeline[ Id: 10bbff9a-bf57-4520-aee3-157ab0181c30, Nodes: 8a411a4f-0e32-4dd1-80b9-a797c2117425{ip: 192.168.151.99, host: pr-hdds-1569-g6sp5-2013761785, networkLocation: /default-rack, certSerialId: null}, Type:RATIS, Factor:ONE, State:OPEN]
2019-09-26 15:08:34,984 [grpc-default-executor-1] INFO  impl.RaftServerProxy (RaftServerProxy.java:addNew(89)) - 8a411a4f-0e32-4dd1-80b9-a797c2117425: addNew group-A06E2440B4E9:[8a411a4f-0e32-4dd1-80b9-a797c2117425:192.168.151.99:37125] returns group-A06E2440B4E9:java.util.concurrent.CompletableFuture@4ff37640[Not completed]
2019-09-26 15:08:34,985 [pool-27-thread-1] INFO  impl.RaftServerImpl (RaftServerImpl.java:<init>(95)) - 8a411a4f-0e32-4dd1-80b9-a797c2117425: new RaftServerImpl for group-A06E2440B4E9:[8a411a4f-0e32-4dd1-80b9-a797c2117425:192.168.151.99:37125] with ContainerStateMachine:uninitialized
2019-09-26 15:08:34,985 [pool-27-thread-1] INFO  server.RaftServerConfigKeys (ConfUtils.java:logGet(43)) - raft.server.rpc.timeout.min = 5s (custom)
2019-09-26 15:08:34,985 [pool-27-thread-1] INFO  server.RaftServerConfigKeys (ConfUtils.java:logGet(43)) - raft.server.rpc.timeout.max = 5200ms (custom)
2019-09-26 15:08:34,985 [pool-27-thread-1] INFO  server.RaftServerConfigKeys (ConfUtils.java:logGet(43)) - raft.server.rpcslowness.timeout = 120s (custom)
2019-09-26 15:08:34,985 [pool-27-thread-1] INFO  server.RaftServerConfigKeys (ConfUtils.java:logGet(43)) - raft.server.sleep.deviation.threshold = 300 (default)
2019-09-26 15:08:34,985 [pool-27-thread-1] INFO  server.RaftServerConfigKeys (ConfUtils.java:logGet(43)) - raft.server.log.appender.install.snapshot.enabled = false (custom)
2019-09-26 15:08:34,985 [pool-27-thread-1] INFO  impl.RaftServerImpl (ServerState.java:<init>(103)) - 8a411a4f-0e32-4dd1-80b9-a797c2117425@group-A06E2440B4E9: ConfigurationManager, init=-1: [8a411a4f-0e32-4dd1-80b9-a797c2117425:192.168.151.99:37125], old=null, confs=<EMPTY_MAP>
2019-09-26 15:08:34,985 [pool-27-thread-1] INFO  server.RaftServerConfigKeys (ConfUtils.java:logGet(43)) - raft.server.storage.dir = [/workdir/hadoop-ozone/integration-test/target/test-dir/MiniOzoneClusterImpl-646ad58d-3cd3-4092-ab15-506251c55e5b/datanode-0/data/ratis] (custom)
2019-09-26 15:08:34,986 [pool-27-thread-1] INFO  storage.RaftStorageDirectory (RaftStorageDirectory.java:analyzeStorage(246)) - The storage directory /workdir/hadoop-ozone/integration-test/target/test-dir/MiniOzoneClusterImpl-646ad58d-3cd3-4092-ab15-506251c55e5b/datanode-0/data/ratis/ec8d0741-54b5-4e8d-987d-a06e2440b4e9 does not exist. Creating ...
2019-09-26 15:08:34,999 [pool-27-thread-1] INFO  storage.RaftStorageDirectory (RaftStorageDirectory.java:tryLock(328)) - Lock on /workdir/hadoop-ozone/integration-test/target/test-dir/MiniOzoneClusterImpl-646ad58d-3cd3-4092-ab15-506251c55e5b/datanode-0/data/ratis/ec8d0741-54b5-4e8d-987d-a06e2440b4e9/in_use.lock acquired by nodename 7157@pr-hdds-1569-g6sp5-2013761785
2019-09-26 15:08:35,011 [pool-27-thread-1] INFO  storage.RaftStorage (RaftStorage.java:format(72)) - Storage directory /workdir/hadoop-ozone/integration-test/target/test-dir/MiniOzoneClusterImpl-646ad58d-3cd3-4092-ab15-506251c55e5b/datanode-0/data/ratis/ec8d0741-54b5-4e8d-987d-a06e2440b4e9 has been successfully formatted.
2019-09-26 15:08:35,012 [pool-27-thread-1] INFO  ratis.ContainerStateMachine (ContainerStateMachine.java:loadSnapshot(230)) - group-A06E2440B4E9: The snapshot info is null. Setting the last applied indexto:(t:0, i:~)
2019-09-26 15:08:35,012 [pool-27-thread-1] INFO  server.RaftServerConfigKeys (ConfUtils.java:logGet(43)) - raft.server.notification.no-leader.timeout = 120s (custom)
2019-09-26 15:08:35,012 [pool-27-thread-1] INFO  server.RaftServerConfigKeys (ConfUtils.java:logGet(43)) - raft.server.log.use.memory = false (default)
2019-09-26 15:08:35,012 [pool-27-thread-1] INFO  server.RaftServerConfigKeys (ConfUtils.java:logGet(43)) - raft.server.log.purge.gap = 1000000 (custom)
2019-09-26 15:08:35,012 [pool-27-thread-1] INFO  server.RaftServerConfigKeys (ConfUtils.java:logGet(43)) - raft.server.log.appender.buffer.byte-limit = 33554432 (custom)
2019-09-26 15:08:35,012 [pool-27-thread-1] INFO  server.RaftServerConfigKeys (ConfUtils.java:logGet(43)) - raft.server.log.segment.size.max = 1048576 (custom)
2019-09-26 15:08:35,012 [pool-27-thread-1] INFO  server.RaftServerConfigKeys (ConfUtils.java:logGet(43)) - raft.server.log.segment.cache.num.max = 2 (custom)
2019-09-26 15:08:35,012 [pool-27-thread-1] INFO  segmented.SegmentedRaftLogWorker (SegmentedRaftLogWorker.java:<init>(172)) - new 8a411a4f-0e32-4dd1-80b9-a797c2117425@group-A06E2440B4E9-SegmentedRaftLogWorker for RaftStorage:Storage Directory /workdir/hadoop-ozone/integration-test/target/test-dir/MiniOzoneClusterImpl-646ad58d-3cd3-4092-ab15-506251c55e5b/datanode-0/data/ratis/ec8d0741-54b5-4e8d-987d-a06e2440b4e9
2019-09-26 15:08:35,012 [pool-27-thread-1] INFO  server.RaftServerConfigKeys (ConfUtils.java:logGet(43)) - raft.server.log.queue.byte-limit = 2147483647 (custom)
2019-09-26 15:08:35,012 [pool-27-thread-1] INFO  server.RaftServerConfigKeys (ConfUtils.java:logGet(43)) - raft.server.log.queue.element-limit = 1024 (custom)
2019-09-26 15:08:35,012 [pool-27-thread-1] INFO  server.RaftServerConfigKeys (ConfUtils.java:logGet(43)) - raft.server.log.segment.size.max = 1048576 (custom)
2019-09-26 15:08:35,012 [pool-27-thread-1] INFO  server.RaftServerConfigKeys (ConfUtils.java:logGet(43)) - raft.server.log.preallocated.size = 16384 (custom)
2019-09-26 15:08:35,012 [pool-27-thread-1] INFO  server.RaftServerConfigKeys (ConfUtils.java:logGet(43)) - raft.server.log.write.buffer.size = 33554432 (custom)
2019-09-26 15:08:35,013 [pool-27-thread-1] INFO  server.RaftServerConfigKeys (ConfUtils.java:logGet(43)) - raft.server.log.force.sync.num = 128 (default)
2019-09-26 15:08:35,013 [pool-27-thread-1] INFO  server.RaftServerConfigKeys (ConfUtils.java:logGet(43)) - raft.server.log.statemachine.data.sync = true (default)
2019-09-26 15:08:35,013 [pool-27-thread-1] INFO  server.RaftServerConfigKeys (ConfUtils.java:logGet(43)) - raft.server.log.statemachine.data.sync.timeout = 10s (default)
2019-09-26 15:08:35,013 [pool-27-thread-1] INFO  server.RaftServerConfigKeys (ConfUtils.java:logGet(43)) - raft.server.log.statemachine.data.sync.timeout.retry = -1 (default)
2019-09-26 15:08:35,013 [pool-27-thread-1] INFO  server.RaftServerConfigKeys (ConfUtils.java:logGet(43)) - raft.server.log.statemachine.data.caching.enabled = true (custom)
2019-09-26 15:08:35,013 [pool-27-thread-1] INFO  segmented.SegmentedRaftLogWorker (SegmentedRaftLogWorker.java:lambda$new$0(132)) - 8a411a4f-0e32-4dd1-80b9-a797c2117425@group-A06E2440B4E9-SegmentedRaftLogWorker: flushIndex: setUnconditionally 0 -> -1
2019-09-26 15:08:35,013 [pool-27-thread-1] INFO  server.RaftServerConfigKeys (ConfUtils.java:logGet(43)) - raft.server.snapshot.auto.trigger.enabled = true (custom)
2019-09-26 15:08:35,013 [pool-27-thread-1] INFO  server.RaftServerConfigKeys (ConfUtils.java:logGet(43)) - raft.server.snapshot.auto.trigger.threshold = 10000 (custom)
2019-09-26 15:08:35,013 [pool-27-thread-1] INFO  server.RaftServerConfigKeys (ConfUtils.java:logGet(43)) - raft.server.snapshot.retention.num.files = 5 (custom)
2019-09-26 15:08:35,013 [pool-27-thread-1] INFO  server.RaftServerConfigKeys (ConfUtils.java:logGet(43)) - raft.server.retrycache.expirytime = 600000ms (custom)
2019-09-26 15:08:35,015 [pool-27-thread-1] INFO  impl.RaftServerImpl (RaftServerImpl.java:start(185)) - 8a411a4f-0e32-4dd1-80b9-a797c2117425@group-A06E2440B4E9: start as a follower, conf=-1: [8a411a4f-0e32-4dd1-80b9-a797c2117425:192.168.151.99:37125], old=null
2019-09-26 15:08:35,015 [pool-27-thread-1] INFO  impl.RaftServerImpl (RaftServerImpl.java:setRole(174)) - 8a411a4f-0e32-4dd1-80b9-a797c2117425@group-A06E2440B4E9: changes role from      null to FOLLOWER at term 0 for startAsFollower
2019-09-26 15:08:35,015 [pool-27-thread-1] INFO  impl.RoleInfo (RoleInfo.java:updateAndGet(143)) - 8a411a4f-0e32-4dd1-80b9-a797c2117425: start FollowerState
2019-09-26 15:08:35,015 [pool-27-thread-1] INFO  util.JmxRegister (JmxRegister.java:tryRegister(44)) - Successfully registered JMX Bean with object name Ratis:service=RaftServer,group=group-A06E2440B4E9,id=8a411a4f-0e32-4dd1-80b9-a797c2117425
2019-09-26 15:08:35,018 [RatisPipelineUtilsThread] INFO  pipeline.PipelineStateManager (PipelineStateManager.java:addPipeline(56)) - Created pipeline Pipeline[ Id: ec8d0741-54b5-4e8d-987d-a06e2440b4e9, Nodes: 8a411a4f-0e32-4dd1-80b9-a797c2117425{ip: 192.168.151.99, host: pr-hdds-1569-g6sp5-2013761785, networkLocation: /default-rack, certSerialId: null}, Type:RATIS, Factor:ONE, State:OPEN]
2019-09-26 15:08:35,022 [grpc-default-executor-1] INFO  impl.RaftServerProxy (RaftServerProxy.java:addNew(89)) - 8a411a4f-0e32-4dd1-80b9-a797c2117425: addNew group-938D56FE126F:[8a411a4f-0e32-4dd1-80b9-a797c2117425:192.168.151.99:37125] returns group-938D56FE126F:java.util.concurrent.CompletableFuture@5babf0f1[Not completed]
2019-09-26 15:08:35,023 [pool-27-thread-1] INFO  impl.RaftServerImpl (RaftServerImpl.java:<init>(95)) - 8a411a4f-0e32-4dd1-80b9-a797c2117425: new RaftServerImpl for group-938D56FE126F:[8a411a4f-0e32-4dd1-80b9-a797c2117425:192.168.151.99:37125] with ContainerStateMachine:uninitialized
2019-09-26 15:08:35,023 [pool-27-thread-1] INFO  server.RaftServerConfigKeys (ConfUtils.java:logGet(43)) - raft.server.rpc.timeout.min = 5s (custom)
2019-09-26 15:08:35,024 [pool-27-thread-1] INFO  server.RaftServerConfigKeys (ConfUtils.java:logGet(43)) - raft.server.rpc.timeout.max = 5200ms (custom)
2019-09-26 15:08:35,024 [pool-27-thread-1] INFO  server.RaftServerConfigKeys (ConfUtils.java:logGet(43)) - raft.server.rpcslowness.timeout = 120s (custom)
2019-09-26 15:08:35,024 [pool-27-thread-1] INFO  server.RaftServerConfigKeys (ConfUtils.java:logGet(43)) - raft.server.sleep.deviation.threshold = 300 (default)
2019-09-26 15:08:35,024 [pool-27-thread-1] INFO  server.RaftServerConfigKeys (ConfUtils.java:logGet(43)) - raft.server.log.appender.install.snapshot.enabled = false (custom)
2019-09-26 15:08:35,024 [pool-27-thread-1] INFO  impl.RaftServerImpl (ServerState.java:<init>(103)) - 8a411a4f-0e32-4dd1-80b9-a797c2117425@group-938D56FE126F: ConfigurationManager, init=-1: [8a411a4f-0e32-4dd1-80b9-a797c2117425:192.168.151.99:37125], old=null, confs=<EMPTY_MAP>
2019-09-26 15:08:35,024 [pool-27-thread-1] INFO  server.RaftServerConfigKeys (ConfUtils.java:logGet(43)) - raft.server.storage.dir = [/workdir/hadoop-ozone/integration-test/target/test-dir/MiniOzoneClusterImpl-646ad58d-3cd3-4092-ab15-506251c55e5b/datanode-0/data/ratis] (custom)
2019-09-26 15:08:35,025 [pool-27-thread-1] INFO  storage.RaftStorageDirectory (RaftStorageDirectory.java:analyzeStorage(246)) - The storage directory /workdir/hadoop-ozone/integration-test/target/test-dir/MiniOzoneClusterImpl-646ad58d-3cd3-4092-ab15-506251c55e5b/datanode-0/data/ratis/d245b0b5-b77e-43ed-b042-938d56fe126f does not exist. Creating ...
2019-09-26 15:08:35,038 [pool-27-thread-1] INFO  storage.RaftStorageDirectory (RaftStorageDirectory.java:tryLock(328)) - Lock on /workdir/hadoop-ozone/integration-test/target/test-dir/MiniOzoneClusterImpl-646ad58d-3cd3-4092-ab15-506251c55e5b/datanode-0/data/ratis/d245b0b5-b77e-43ed-b042-938d56fe126f/in_use.lock acquired by nodename 7157@pr-hdds-1569-g6sp5-2013761785
2019-09-26 15:08:35,051 [pool-27-thread-1] INFO  storage.RaftStorage (RaftStorage.java:format(72)) - Storage directory /workdir/hadoop-ozone/integration-test/target/test-dir/MiniOzoneClusterImpl-646ad58d-3cd3-4092-ab15-506251c55e5b/datanode-0/data/ratis/d245b0b5-b77e-43ed-b042-938d56fe126f has been successfully formatted.
2019-09-26 15:08:35,051 [pool-27-thread-1] INFO  ratis.ContainerStateMachine (ContainerStateMachine.java:loadSnapshot(230)) - group-938D56FE126F: The snapshot info is null. Setting the last applied indexto:(t:0, i:~)
2019-09-26 15:08:35,051 [pool-27-thread-1] INFO  server.RaftServerConfigKeys (ConfUtils.java:logGet(43)) - raft.server.notification.no-leader.timeout = 120s (custom)
2019-09-26 15:08:35,051 [pool-27-thread-1] INFO  server.RaftServerConfigKeys (ConfUtils.java:logGet(43)) - raft.server.log.use.memory = false (default)
2019-09-26 15:08:35,051 [pool-27-thread-1] INFO  server.RaftServerConfigKeys (ConfUtils.java:logGet(43)) - raft.server.log.purge.gap = 1000000 (custom)
2019-09-26 15:08:35,052 [pool-27-thread-1] INFO  server.RaftServerConfigKeys (ConfUtils.java:logGet(43)) - raft.server.log.appender.buffer.byte-limit = 33554432 (custom)
2019-09-26 15:08:35,052 [pool-27-thread-1] INFO  server.RaftServerConfigKeys (ConfUtils.java:logGet(43)) - raft.server.log.segment.size.max = 1048576 (custom)
2019-09-26 15:08:35,052 [pool-27-thread-1] INFO  server.RaftServerConfigKeys (ConfUtils.java:logGet(43)) - raft.server.log.segment.cache.num.max = 2 (custom)
2019-09-26 15:08:35,052 [pool-27-thread-1] INFO  segmented.SegmentedRaftLogWorker (SegmentedRaftLogWorker.java:<init>(172)) - new 8a411a4f-0e32-4dd1-80b9-a797c2117425@group-938D56FE126F-SegmentedRaftLogWorker for RaftStorage:Storage Directory /workdir/hadoop-ozone/integration-test/target/test-dir/MiniOzoneClusterImpl-646ad58d-3cd3-4092-ab15-506251c55e5b/datanode-0/data/ratis/d245b0b5-b77e-43ed-b042-938d56fe126f
2019-09-26 15:08:35,052 [pool-27-thread-1] INFO  server.RaftServerConfigKeys (ConfUtils.java:logGet(43)) - raft.server.log.queue.byte-limit = 2147483647 (custom)
2019-09-26 15:08:35,052 [pool-27-thread-1] INFO  server.RaftServerConfigKeys (ConfUtils.java:logGet(43)) - raft.server.log.queue.element-limit = 1024 (custom)
2019-09-26 15:08:35,052 [pool-27-thread-1] INFO  server.RaftServerConfigKeys (ConfUtils.java:logGet(43)) - raft.server.log.segment.size.max = 1048576 (custom)
2019-09-26 15:08:35,052 [pool-27-thread-1] INFO  server.RaftServerConfigKeys (ConfUtils.java:logGet(43)) - raft.server.log.preallocated.size = 16384 (custom)
2019-09-26 15:08:35,053 [pool-27-thread-1] INFO  server.RaftServerConfigKeys (ConfUtils.java:logGet(43)) - raft.server.log.write.buffer.size = 33554432 (custom)
2019-09-26 15:08:35,053 [pool-27-thread-1] INFO  server.RaftServerConfigKeys (ConfUtils.java:logGet(43)) - raft.server.log.force.sync.num = 128 (default)
2019-09-26 15:08:35,053 [pool-27-thread-1] INFO  server.RaftServerConfigKeys (ConfUtils.java:logGet(43)) - raft.server.log.statemachine.data.sync = true (default)
2019-09-26 15:08:35,053 [pool-27-thread-1] INFO  server.RaftServerConfigKeys (ConfUtils.java:logGet(43)) - raft.server.log.statemachine.data.sync.timeout = 10s (default)
2019-09-26 15:08:35,053 [pool-27-thread-1] INFO  server.RaftServerConfigKeys (ConfUtils.java:logGet(43)) - raft.server.log.statemachine.data.sync.timeout.retry = -1 (default)
2019-09-26 15:08:35,053 [pool-27-thread-1] INFO  server.RaftServerConfigKeys (ConfUtils.java:logGet(43)) - raft.server.log.statemachine.data.caching.enabled = true (custom)
2019-09-26 15:08:35,053 [pool-27-thread-1] INFO  segmented.SegmentedRaftLogWorker (SegmentedRaftLogWorker.java:lambda$new$0(132)) - 8a411a4f-0e32-4dd1-80b9-a797c2117425@group-938D56FE126F-SegmentedRaftLogWorker: flushIndex: setUnconditionally 0 -> -1
2019-09-26 15:08:35,054 [pool-27-thread-1] INFO  server.RaftServerConfigKeys (ConfUtils.java:logGet(43)) - raft.server.snapshot.auto.trigger.enabled = true (custom)
2019-09-26 15:08:35,054 [pool-27-thread-1] INFO  server.RaftServerConfigKeys (ConfUtils.java:logGet(43)) - raft.server.snapshot.auto.trigger.threshold = 10000 (custom)
2019-09-26 15:08:35,054 [pool-27-thread-1] INFO  server.RaftServerConfigKeys (ConfUtils.java:logGet(43)) - raft.server.snapshot.retention.num.files = 5 (custom)
2019-09-26 15:08:35,054 [pool-27-thread-1] INFO  server.RaftServerConfigKeys (ConfUtils.java:logGet(43)) - raft.server.retrycache.expirytime = 600000ms (custom)
2019-09-26 15:08:35,055 [pool-27-thread-1] INFO  impl.RaftServerImpl (RaftServerImpl.java:start(185)) - 8a411a4f-0e32-4dd1-80b9-a797c2117425@group-938D56FE126F: start as a follower, conf=-1: [8a411a4f-0e32-4dd1-80b9-a797c2117425:192.168.151.99:37125], old=null
2019-09-26 15:08:35,056 [pool-27-thread-1] INFO  impl.RaftServerImpl (RaftServerImpl.java:setRole(174)) - 8a411a4f-0e32-4dd1-80b9-a797c2117425@group-938D56FE126F: changes role from      null to FOLLOWER at term 0 for startAsFollower
2019-09-26 15:08:35,056 [pool-27-thread-1] INFO  impl.RoleInfo (RoleInfo.java:updateAndGet(143)) - 8a411a4f-0e32-4dd1-80b9-a797c2117425: start FollowerState
2019-09-26 15:08:35,056 [pool-27-thread-1] INFO  util.JmxRegister (JmxRegister.java:tryRegister(44)) - Successfully registered JMX Bean with object name Ratis:service=RaftServer,group=group-938D56FE126F,id=8a411a4f-0e32-4dd1-80b9-a797c2117425
2019-09-26 15:08:35,059 [RatisPipelineUtilsThread] INFO  pipeline.PipelineStateManager (PipelineStateManager.java:addPipeline(56)) - Created pipeline Pipeline[ Id: d245b0b5-b77e-43ed-b042-938d56fe126f, Nodes: 8a411a4f-0e32-4dd1-80b9-a797c2117425{ip: 192.168.151.99, host: pr-hdds-1569-g6sp5-2013761785, networkLocation: /default-rack, certSerialId: null}, Type:RATIS, Factor:ONE, State:OPEN]
2019-09-26 15:08:35,064 [grpc-default-executor-1] INFO  impl.RaftServerProxy (RaftServerProxy.java:addNew(89)) - 8a411a4f-0e32-4dd1-80b9-a797c2117425: addNew group-AF909D263E7A:[8a411a4f-0e32-4dd1-80b9-a797c2117425:192.168.151.99:37125] returns group-AF909D263E7A:java.util.concurrent.CompletableFuture@73afe6b4[Not completed]
2019-09-26 15:08:35,065 [pool-27-thread-1] INFO  impl.RaftServerImpl (RaftServerImpl.java:<init>(95)) - 8a411a4f-0e32-4dd1-80b9-a797c2117425: new RaftServerImpl for group-AF909D263E7A:[8a411a4f-0e32-4dd1-80b9-a797c2117425:192.168.151.99:37125] with ContainerStateMachine:uninitialized
2019-09-26 15:08:35,065 [pool-27-thread-1] INFO  server.RaftServerConfigKeys (ConfUtils.java:logGet(43)) - raft.server.rpc.timeout.min = 5s (custom)
2019-09-26 15:08:35,066 [pool-27-thread-1] INFO  server.RaftServerConfigKeys (ConfUtils.java:logGet(43)) - raft.server.rpc.timeout.max = 5200ms (custom)
2019-09-26 15:08:35,066 [pool-27-thread-1] INFO  server.RaftServerConfigKeys (ConfUtils.java:logGet(43)) - raft.server.rpcslowness.timeout = 120s (custom)
2019-09-26 15:08:35,066 [pool-27-thread-1] INFO  server.RaftServerConfigKeys (ConfUtils.java:logGet(43)) - raft.server.sleep.deviation.threshold = 300 (default)
2019-09-26 15:08:35,066 [pool-27-thread-1] INFO  server.RaftServerConfigKeys (ConfUtils.java:logGet(43)) - raft.server.log.appender.install.snapshot.enabled = false (custom)
2019-09-26 15:08:35,066 [pool-27-thread-1] INFO  impl.RaftServerImpl (ServerState.java:<init>(103)) - 8a411a4f-0e32-4dd1-80b9-a797c2117425@group-AF909D263E7A: ConfigurationManager, init=-1: [8a411a4f-0e32-4dd1-80b9-a797c2117425:192.168.151.99:37125], old=null, confs=<EMPTY_MAP>
2019-09-26 15:08:35,066 [pool-27-thread-1] INFO  server.RaftServerConfigKeys (ConfUtils.java:logGet(43)) - raft.server.storage.dir = [/workdir/hadoop-ozone/integration-test/target/test-dir/MiniOzoneClusterImpl-646ad58d-3cd3-4092-ab15-506251c55e5b/datanode-0/data/ratis] (custom)
2019-09-26 15:08:35,067 [pool-27-thread-1] INFO  storage.RaftStorageDirectory (RaftStorageDirectory.java:analyzeStorage(246)) - The storage directory /workdir/hadoop-ozone/integration-test/target/test-dir/MiniOzoneClusterImpl-646ad58d-3cd3-4092-ab15-506251c55e5b/datanode-0/data/ratis/2ae64c57-5cfe-4ab1-8d1e-af909d263e7a does not exist. Creating ...
2019-09-26 15:08:35,080 [pool-27-thread-1] INFO  storage.RaftStorageDirectory (RaftStorageDirectory.java:tryLock(328)) - Lock on /workdir/hadoop-ozone/integration-test/target/test-dir/MiniOzoneClusterImpl-646ad58d-3cd3-4092-ab15-506251c55e5b/datanode-0/data/ratis/2ae64c57-5cfe-4ab1-8d1e-af909d263e7a/in_use.lock acquired by nodename 7157@pr-hdds-1569-g6sp5-2013761785
2019-09-26 15:08:35,093 [pool-27-thread-1] INFO  storage.RaftStorage (RaftStorage.java:format(72)) - Storage directory /workdir/hadoop-ozone/integration-test/target/test-dir/MiniOzoneClusterImpl-646ad58d-3cd3-4092-ab15-506251c55e5b/datanode-0/data/ratis/2ae64c57-5cfe-4ab1-8d1e-af909d263e7a has been successfully formatted.
2019-09-26 15:08:35,093 [pool-27-thread-1] INFO  ratis.ContainerStateMachine (ContainerStateMachine.java:loadSnapshot(230)) - group-AF909D263E7A: The snapshot info is null. Setting the last applied indexto:(t:0, i:~)
2019-09-26 15:08:35,093 [pool-27-thread-1] INFO  server.RaftServerConfigKeys (ConfUtils.java:logGet(43)) - raft.server.notification.no-leader.timeout = 120s (custom)
2019-09-26 15:08:35,093 [pool-27-thread-1] INFO  server.RaftServerConfigKeys (ConfUtils.java:logGet(43)) - raft.server.log.use.memory = false (default)
2019-09-26 15:08:35,093 [pool-27-thread-1] INFO  server.RaftServerConfigKeys (ConfUtils.java:logGet(43)) - raft.server.log.purge.gap = 1000000 (custom)
2019-09-26 15:08:35,093 [pool-27-thread-1] INFO  server.RaftServerConfigKeys (ConfUtils.java:logGet(43)) - raft.server.log.appender.buffer.byte-limit = 33554432 (custom)
2019-09-26 15:08:35,093 [pool-27-thread-1] INFO  server.RaftServerConfigKeys (ConfUtils.java:logGet(43)) - raft.server.log.segment.size.max = 1048576 (custom)
2019-09-26 15:08:35,094 [pool-27-thread-1] INFO  server.RaftServerConfigKeys (ConfUtils.java:logGet(43)) - raft.server.log.segment.cache.num.max = 2 (custom)
2019-09-26 15:08:35,094 [pool-27-thread-1] INFO  segmented.SegmentedRaftLogWorker (SegmentedRaftLogWorker.java:<init>(172)) - new 8a411a4f-0e32-4dd1-80b9-a797c2117425@group-AF909D263E7A-SegmentedRaftLogWorker for RaftStorage:Storage Directory /workdir/hadoop-ozone/integration-test/target/test-dir/MiniOzoneClusterImpl-646ad58d-3cd3-4092-ab15-506251c55e5b/datanode-0/data/ratis/2ae64c57-5cfe-4ab1-8d1e-af909d263e7a
2019-09-26 15:08:35,094 [pool-27-thread-1] INFO  server.RaftServerConfigKeys (ConfUtils.java:logGet(43)) - raft.server.log.queue.byte-limit = 2147483647 (custom)
2019-09-26 15:08:35,094 [pool-27-thread-1] INFO  server.RaftServerConfigKeys (ConfUtils.java:logGet(43)) - raft.server.log.queue.element-limit = 1024 (custom)
2019-09-26 15:08:35,094 [pool-27-thread-1] INFO  server.RaftServerConfigKeys (ConfUtils.java:logGet(43)) - raft.server.log.segment.size.max = 1048576 (custom)
2019-09-26 15:08:35,094 [pool-27-thread-1] INFO  server.RaftServerConfigKeys (ConfUtils.java:logGet(43)) - raft.server.log.preallocated.size = 16384 (custom)
2019-09-26 15:08:35,094 [pool-27-thread-1] INFO  server.RaftServerConfigKeys (ConfUtils.java:logGet(43)) - raft.server.log.write.buffer.size = 33554432 (custom)
2019-09-26 15:08:35,094 [pool-27-thread-1] INFO  server.RaftServerConfigKeys (ConfUtils.java:logGet(43)) - raft.server.log.force.sync.num = 128 (default)
2019-09-26 15:08:35,094 [pool-27-thread-1] INFO  server.RaftServerConfigKeys (ConfUtils.java:logGet(43)) - raft.server.log.statemachine.data.sync = true (default)
2019-09-26 15:08:35,094 [pool-27-thread-1] INFO  server.RaftServerConfigKeys (ConfUtils.java:logGet(43)) - raft.server.log.statemachine.data.sync.timeout = 10s (default)
2019-09-26 15:08:35,095 [pool-27-thread-1] INFO  server.RaftServerConfigKeys (ConfUtils.java:logGet(43)) - raft.server.log.statemachine.data.sync.timeout.retry = -1 (default)
2019-09-26 15:08:35,095 [pool-27-thread-1] INFO  server.RaftServerConfigKeys (ConfUtils.java:logGet(43)) - raft.server.log.statemachine.data.caching.enabled = true (custom)
2019-09-26 15:08:35,095 [pool-27-thread-1] INFO  segmented.SegmentedRaftLogWorker (SegmentedRaftLogWorker.java:lambda$new$0(132)) - 8a411a4f-0e32-4dd1-80b9-a797c2117425@group-AF909D263E7A-SegmentedRaftLogWorker: flushIndex: setUnconditionally 0 -> -1
2019-09-26 15:08:35,095 [pool-27-thread-1] INFO  server.RaftServerConfigKeys (ConfUtils.java:logGet(43)) - raft.server.snapshot.auto.trigger.enabled = true (custom)
2019-09-26 15:08:35,095 [pool-27-thread-1] INFO  server.RaftServerConfigKeys (ConfUtils.java:logGet(43)) - raft.server.snapshot.auto.trigger.threshold = 10000 (custom)
2019-09-26 15:08:35,095 [pool-27-thread-1] INFO  server.RaftServerConfigKeys (ConfUtils.java:logGet(43)) - raft.server.snapshot.retention.num.files = 5 (custom)
2019-09-26 15:08:35,096 [pool-27-thread-1] INFO  server.RaftServerConfigKeys (ConfUtils.java:logGet(43)) - raft.server.retrycache.expirytime = 600000ms (custom)
2019-09-26 15:08:35,097 [pool-27-thread-1] INFO  impl.RaftServerImpl (RaftServerImpl.java:start(185)) - 8a411a4f-0e32-4dd1-80b9-a797c2117425@group-AF909D263E7A: start as a follower, conf=-1: [8a411a4f-0e32-4dd1-80b9-a797c2117425:192.168.151.99:37125], old=null
2019-09-26 15:08:35,097 [pool-27-thread-1] INFO  impl.RaftServerImpl (RaftServerImpl.java:setRole(174)) - 8a411a4f-0e32-4dd1-80b9-a797c2117425@group-AF909D263E7A: changes role from      null to FOLLOWER at term 0 for startAsFollower
2019-09-26 15:08:35,097 [pool-27-thread-1] INFO  impl.RoleInfo (RoleInfo.java:updateAndGet(143)) - 8a411a4f-0e32-4dd1-80b9-a797c2117425: start FollowerState
2019-09-26 15:08:35,098 [pool-27-thread-1] INFO  util.JmxRegister (JmxRegister.java:tryRegister(44)) - Successfully registered JMX Bean with object name Ratis:service=RaftServer,group=group-AF909D263E7A,id=8a411a4f-0e32-4dd1-80b9-a797c2117425
2019-09-26 15:08:35,100 [RatisPipelineUtilsThread] INFO  pipeline.PipelineStateManager (PipelineStateManager.java:addPipeline(56)) - Created pipeline Pipeline[ Id: 2ae64c57-5cfe-4ab1-8d1e-af909d263e7a, Nodes: 8a411a4f-0e32-4dd1-80b9-a797c2117425{ip: 192.168.151.99, host: pr-hdds-1569-g6sp5-2013761785, networkLocation: /default-rack, certSerialId: null}, Type:RATIS, Factor:ONE, State:OPEN]
2019-09-26 15:08:35,105 [grpc-default-executor-1] INFO  impl.RaftServerProxy (RaftServerProxy.java:addNew(89)) - 8a411a4f-0e32-4dd1-80b9-a797c2117425: addNew group-3AAC4688A9E6:[8a411a4f-0e32-4dd1-80b9-a797c2117425:192.168.151.99:37125] returns group-3AAC4688A9E6:java.util.concurrent.CompletableFuture@46ac5d4c[Not completed]
2019-09-26 15:08:35,106 [pool-27-thread-1] INFO  impl.RaftServerImpl (RaftServerImpl.java:<init>(95)) - 8a411a4f-0e32-4dd1-80b9-a797c2117425: new RaftServerImpl for group-3AAC4688A9E6:[8a411a4f-0e32-4dd1-80b9-a797c2117425:192.168.151.99:37125] with ContainerStateMachine:uninitialized
2019-09-26 15:08:35,106 [pool-27-thread-1] INFO  server.RaftServerConfigKeys (ConfUtils.java:logGet(43)) - raft.server.rpc.timeout.min = 5s (custom)
2019-09-26 15:08:35,106 [pool-27-thread-1] INFO  server.RaftServerConfigKeys (ConfUtils.java:logGet(43)) - raft.server.rpc.timeout.max = 5200ms (custom)
2019-09-26 15:08:35,107 [pool-27-thread-1] INFO  server.RaftServerConfigKeys (ConfUtils.java:logGet(43)) - raft.server.rpcslowness.timeout = 120s (custom)
2019-09-26 15:08:35,107 [pool-27-thread-1] INFO  server.RaftServerConfigKeys (ConfUtils.java:logGet(43)) - raft.server.sleep.deviation.threshold = 300 (default)
2019-09-26 15:08:35,107 [pool-27-thread-1] INFO  server.RaftServerConfigKeys (ConfUtils.java:logGet(43)) - raft.server.log.appender.install.snapshot.enabled = false (custom)
2019-09-26 15:08:35,107 [pool-27-thread-1] INFO  impl.RaftServerImpl (ServerState.java:<init>(103)) - 8a411a4f-0e32-4dd1-80b9-a797c2117425@group-3AAC4688A9E6: ConfigurationManager, init=-1: [8a411a4f-0e32-4dd1-80b9-a797c2117425:192.168.151.99:37125], old=null, confs=<EMPTY_MAP>
2019-09-26 15:08:35,107 [pool-27-thread-1] INFO  server.RaftServerConfigKeys (ConfUtils.java:logGet(43)) - raft.server.storage.dir = [/workdir/hadoop-ozone/integration-test/target/test-dir/MiniOzoneClusterImpl-646ad58d-3cd3-4092-ab15-506251c55e5b/datanode-0/data/ratis] (custom)
2019-09-26 15:08:35,108 [pool-27-thread-1] INFO  storage.RaftStorageDirectory (RaftStorageDirectory.java:analyzeStorage(246)) - The storage directory /workdir/hadoop-ozone/integration-test/target/test-dir/MiniOzoneClusterImpl-646ad58d-3cd3-4092-ab15-506251c55e5b/datanode-0/data/ratis/5fbc1fca-54c2-4146-888a-3aac4688a9e6 does not exist. Creating ...
2019-09-26 15:08:35,120 [pool-27-thread-1] INFO  storage.RaftStorageDirectory (RaftStorageDirectory.java:tryLock(328)) - Lock on /workdir/hadoop-ozone/integration-test/target/test-dir/MiniOzoneClusterImpl-646ad58d-3cd3-4092-ab15-506251c55e5b/datanode-0/data/ratis/5fbc1fca-54c2-4146-888a-3aac4688a9e6/in_use.lock acquired by nodename 7157@pr-hdds-1569-g6sp5-2013761785
2019-09-26 15:08:35,133 [pool-27-thread-1] INFO  storage.RaftStorage (RaftStorage.java:format(72)) - Storage directory /workdir/hadoop-ozone/integration-test/target/test-dir/MiniOzoneClusterImpl-646ad58d-3cd3-4092-ab15-506251c55e5b/datanode-0/data/ratis/5fbc1fca-54c2-4146-888a-3aac4688a9e6 has been successfully formatted.
2019-09-26 15:08:35,133 [pool-27-thread-1] INFO  ratis.ContainerStateMachine (ContainerStateMachine.java:loadSnapshot(230)) - group-3AAC4688A9E6: The snapshot info is null. Setting the last applied indexto:(t:0, i:~)
2019-09-26 15:08:35,134 [pool-27-thread-1] INFO  server.RaftServerConfigKeys (ConfUtils.java:logGet(43)) - raft.server.notification.no-leader.timeout = 120s (custom)
2019-09-26 15:08:35,134 [pool-27-thread-1] INFO  server.RaftServerConfigKeys (ConfUtils.java:logGet(43)) - raft.server.log.use.memory = false (default)
2019-09-26 15:08:35,134 [pool-27-thread-1] INFO  server.RaftServerConfigKeys (ConfUtils.java:logGet(43)) - raft.server.log.purge.gap = 1000000 (custom)
2019-09-26 15:08:35,134 [pool-27-thread-1] INFO  server.RaftServerConfigKeys (ConfUtils.java:logGet(43)) - raft.server.log.appender.buffer.byte-limit = 33554432 (custom)
2019-09-26 15:08:35,134 [pool-27-thread-1] INFO  server.RaftServerConfigKeys (ConfUtils.java:logGet(43)) - raft.server.log.segment.size.max = 1048576 (custom)
2019-09-26 15:08:35,134 [pool-27-thread-1] INFO  server.RaftServerConfigKeys (ConfUtils.java:logGet(43)) - raft.server.log.segment.cache.num.max = 2 (custom)
2019-09-26 15:08:35,134 [pool-27-thread-1] INFO  segmented.SegmentedRaftLogWorker (SegmentedRaftLogWorker.java:<init>(172)) - new 8a411a4f-0e32-4dd1-80b9-a797c2117425@group-3AAC4688A9E6-SegmentedRaftLogWorker for RaftStorage:Storage Directory /workdir/hadoop-ozone/integration-test/target/test-dir/MiniOzoneClusterImpl-646ad58d-3cd3-4092-ab15-506251c55e5b/datanode-0/data/ratis/5fbc1fca-54c2-4146-888a-3aac4688a9e6
2019-09-26 15:08:35,134 [pool-27-thread-1] INFO  server.RaftServerConfigKeys (ConfUtils.java:logGet(43)) - raft.server.log.queue.byte-limit = 2147483647 (custom)
2019-09-26 15:08:35,135 [pool-27-thread-1] INFO  server.RaftServerConfigKeys (ConfUtils.java:logGet(43)) - raft.server.log.queue.element-limit = 1024 (custom)
2019-09-26 15:08:35,135 [pool-27-thread-1] INFO  server.RaftServerConfigKeys (ConfUtils.java:logGet(43)) - raft.server.log.segment.size.max = 1048576 (custom)
2019-09-26 15:08:35,135 [pool-27-thread-1] INFO  server.RaftServerConfigKeys (ConfUtils.java:logGet(43)) - raft.server.log.preallocated.size = 16384 (custom)
2019-09-26 15:08:35,135 [pool-27-thread-1] INFO  server.RaftServerConfigKeys (ConfUtils.java:logGet(43)) - raft.server.log.write.buffer.size = 33554432 (custom)
2019-09-26 15:08:35,135 [pool-27-thread-1] INFO  server.RaftServerConfigKeys (ConfUtils.java:logGet(43)) - raft.server.log.force.sync.num = 128 (default)
2019-09-26 15:08:35,135 [pool-27-thread-1] INFO  server.RaftServerConfigKeys (ConfUtils.java:logGet(43)) - raft.server.log.statemachine.data.sync = true (default)
2019-09-26 15:08:35,135 [pool-27-thread-1] INFO  server.RaftServerConfigKeys (ConfUtils.java:logGet(43)) - raft.server.log.statemachine.data.sync.timeout = 10s (default)
2019-09-26 15:08:35,135 [pool-27-thread-1] INFO  server.RaftServerConfigKeys (ConfUtils.java:logGet(43)) - raft.server.log.statemachine.data.sync.timeout.retry = -1 (default)
2019-09-26 15:08:35,135 [pool-27-thread-1] INFO  server.RaftServerConfigKeys (ConfUtils.java:logGet(43)) - raft.server.log.statemachine.data.caching.enabled = true (custom)
2019-09-26 15:08:35,136 [pool-27-thread-1] INFO  segmented.SegmentedRaftLogWorker (SegmentedRaftLogWorker.java:lambda$new$0(132)) - 8a411a4f-0e32-4dd1-80b9-a797c2117425@group-3AAC4688A9E6-SegmentedRaftLogWorker: flushIndex: setUnconditionally 0 -> -1
2019-09-26 15:08:35,136 [pool-27-thread-1] INFO  server.RaftServerConfigKeys (ConfUtils.java:logGet(43)) - raft.server.snapshot.auto.trigger.enabled = true (custom)
2019-09-26 15:08:35,136 [pool-27-thread-1] INFO  server.RaftServerConfigKeys (ConfUtils.java:logGet(43)) - raft.server.snapshot.auto.trigger.threshold = 10000 (custom)
2019-09-26 15:08:35,136 [pool-27-thread-1] INFO  server.RaftServerConfigKeys (ConfUtils.java:logGet(43)) - raft.server.snapshot.retention.num.files = 5 (custom)
2019-09-26 15:08:35,136 [pool-27-thread-1] INFO  server.RaftServerConfigKeys (ConfUtils.java:logGet(43)) - raft.server.retrycache.expirytime = 600000ms (custom)
2019-09-26 15:08:35,138 [pool-27-thread-1] INFO  impl.RaftServerImpl (RaftServerImpl.java:start(185)) - 8a411a4f-0e32-4dd1-80b9-a797c2117425@group-3AAC4688A9E6: start as a follower, conf=-1: [8a411a4f-0e32-4dd1-80b9-a797c2117425:192.168.151.99:37125], old=null
2019-09-26 15:08:35,139 [pool-27-thread-1] INFO  impl.RaftServerImpl (RaftServerImpl.java:setRole(174)) - 8a411a4f-0e32-4dd1-80b9-a797c2117425@group-3AAC4688A9E6: changes role from      null to FOLLOWER at term 0 for startAsFollower
2019-09-26 15:08:35,139 [pool-27-thread-1] INFO  impl.RoleInfo (RoleInfo.java:updateAndGet(143)) - 8a411a4f-0e32-4dd1-80b9-a797c2117425: start FollowerState
2019-09-26 15:08:35,139 [pool-27-thread-1] INFO  util.JmxRegister (JmxRegister.java:tryRegister(44)) - Successfully registered JMX Bean with object name Ratis:service=RaftServer,group=group-3AAC4688A9E6,id=8a411a4f-0e32-4dd1-80b9-a797c2117425
2019-09-26 15:08:35,141 [RatisPipelineUtilsThread] INFO  pipeline.PipelineStateManager (PipelineStateManager.java:addPipeline(56)) - Created pipeline Pipeline[ Id: 5fbc1fca-54c2-4146-888a-3aac4688a9e6, Nodes: 8a411a4f-0e32-4dd1-80b9-a797c2117425{ip: 192.168.151.99, host: pr-hdds-1569-g6sp5-2013761785, networkLocation: /default-rack, certSerialId: null}, Type:RATIS, Factor:ONE, State:OPEN]
2019-09-26 15:08:35,145 [grpc-default-executor-1] INFO  impl.RaftServerProxy (RaftServerProxy.java:addNew(89)) - 8a411a4f-0e32-4dd1-80b9-a797c2117425: addNew group-6DE3712AF134:[8a411a4f-0e32-4dd1-80b9-a797c2117425:192.168.151.99:37125] returns group-6DE3712AF134:java.util.concurrent.CompletableFuture@3bdaf38a[Not completed]
2019-09-26 15:08:35,146 [pool-27-thread-1] INFO  impl.RaftServerImpl (RaftServerImpl.java:<init>(95)) - 8a411a4f-0e32-4dd1-80b9-a797c2117425: new RaftServerImpl for group-6DE3712AF134:[8a411a4f-0e32-4dd1-80b9-a797c2117425:192.168.151.99:37125] with ContainerStateMachine:uninitialized
2019-09-26 15:08:35,146 [pool-27-thread-1] INFO  server.RaftServerConfigKeys (ConfUtils.java:logGet(43)) - raft.server.rpc.timeout.min = 5s (custom)
2019-09-26 15:08:35,146 [pool-27-thread-1] INFO  server.RaftServerConfigKeys (ConfUtils.java:logGet(43)) - raft.server.rpc.timeout.max = 5200ms (custom)
2019-09-26 15:08:35,147 [pool-27-thread-1] INFO  server.RaftServerConfigKeys (ConfUtils.java:logGet(43)) - raft.server.rpcslowness.timeout = 120s (custom)
2019-09-26 15:08:35,147 [pool-27-thread-1] INFO  server.RaftServerConfigKeys (ConfUtils.java:logGet(43)) - raft.server.sleep.deviation.threshold = 300 (default)
2019-09-26 15:08:35,147 [pool-27-thread-1] INFO  server.RaftServerConfigKeys (ConfUtils.java:logGet(43)) - raft.server.log.appender.install.snapshot.enabled = false (custom)
2019-09-26 15:08:35,147 [pool-27-thread-1] INFO  impl.RaftServerImpl (ServerState.java:<init>(103)) - 8a411a4f-0e32-4dd1-80b9-a797c2117425@group-6DE3712AF134: ConfigurationManager, init=-1: [8a411a4f-0e32-4dd1-80b9-a797c2117425:192.168.151.99:37125], old=null, confs=<EMPTY_MAP>
2019-09-26 15:08:35,147 [pool-27-thread-1] INFO  server.RaftServerConfigKeys (ConfUtils.java:logGet(43)) - raft.server.storage.dir = [/workdir/hadoop-ozone/integration-test/target/test-dir/MiniOzoneClusterImpl-646ad58d-3cd3-4092-ab15-506251c55e5b/datanode-0/data/ratis] (custom)
2019-09-26 15:08:35,148 [pool-27-thread-1] INFO  storage.RaftStorageDirectory (RaftStorageDirectory.java:analyzeStorage(246)) - The storage directory /workdir/hadoop-ozone/integration-test/target/test-dir/MiniOzoneClusterImpl-646ad58d-3cd3-4092-ab15-506251c55e5b/datanode-0/data/ratis/aa2d9af0-6534-4132-b433-6de3712af134 does not exist. Creating ...
2019-09-26 15:08:35,161 [pool-27-thread-1] INFO  storage.RaftStorageDirectory (RaftStorageDirectory.java:tryLock(328)) - Lock on /workdir/hadoop-ozone/integration-test/target/test-dir/MiniOzoneClusterImpl-646ad58d-3cd3-4092-ab15-506251c55e5b/datanode-0/data/ratis/aa2d9af0-6534-4132-b433-6de3712af134/in_use.lock acquired by nodename 7157@pr-hdds-1569-g6sp5-2013761785
2019-09-26 15:08:35,174 [pool-27-thread-1] INFO  storage.RaftStorage (RaftStorage.java:format(72)) - Storage directory /workdir/hadoop-ozone/integration-test/target/test-dir/MiniOzoneClusterImpl-646ad58d-3cd3-4092-ab15-506251c55e5b/datanode-0/data/ratis/aa2d9af0-6534-4132-b433-6de3712af134 has been successfully formatted.
2019-09-26 15:08:35,175 [pool-27-thread-1] INFO  ratis.ContainerStateMachine (ContainerStateMachine.java:loadSnapshot(230)) - group-6DE3712AF134: The snapshot info is null. Setting the last applied indexto:(t:0, i:~)
2019-09-26 15:08:35,175 [pool-27-thread-1] INFO  server.RaftServerConfigKeys (ConfUtils.java:logGet(43)) - raft.server.notification.no-leader.timeout = 120s (custom)
2019-09-26 15:08:35,175 [pool-27-thread-1] INFO  server.RaftServerConfigKeys (ConfUtils.java:logGet(43)) - raft.server.log.use.memory = false (default)
2019-09-26 15:08:35,175 [pool-27-thread-1] INFO  server.RaftServerConfigKeys (ConfUtils.java:logGet(43)) - raft.server.log.purge.gap = 1000000 (custom)
2019-09-26 15:08:35,175 [pool-27-thread-1] INFO  server.RaftServerConfigKeys (ConfUtils.java:logGet(43)) - raft.server.log.appender.buffer.byte-limit = 33554432 (custom)
2019-09-26 15:08:35,176 [pool-27-thread-1] INFO  server.RaftServerConfigKeys (ConfUtils.java:logGet(43)) - raft.server.log.segment.size.max = 1048576 (custom)
2019-09-26 15:08:35,176 [pool-27-thread-1] INFO  server.RaftServerConfigKeys (ConfUtils.java:logGet(43)) - raft.server.log.segment.cache.num.max = 2 (custom)
2019-09-26 15:08:35,176 [pool-27-thread-1] INFO  segmented.SegmentedRaftLogWorker (SegmentedRaftLogWorker.java:<init>(172)) - new 8a411a4f-0e32-4dd1-80b9-a797c2117425@group-6DE3712AF134-SegmentedRaftLogWorker for RaftStorage:Storage Directory /workdir/hadoop-ozone/integration-test/target/test-dir/MiniOzoneClusterImpl-646ad58d-3cd3-4092-ab15-506251c55e5b/datanode-0/data/ratis/aa2d9af0-6534-4132-b433-6de3712af134
2019-09-26 15:08:35,176 [pool-27-thread-1] INFO  server.RaftServerConfigKeys (ConfUtils.java:logGet(43)) - raft.server.log.queue.byte-limit = 2147483647 (custom)
2019-09-26 15:08:35,176 [pool-27-thread-1] INFO  server.RaftServerConfigKeys (ConfUtils.java:logGet(43)) - raft.server.log.queue.element-limit = 1024 (custom)
2019-09-26 15:08:35,176 [pool-27-thread-1] INFO  server.RaftServerConfigKeys (ConfUtils.java:logGet(43)) - raft.server.log.segment.size.max = 1048576 (custom)
2019-09-26 15:08:35,177 [pool-27-thread-1] INFO  server.RaftServerConfigKeys (ConfUtils.java:logGet(43)) - raft.server.log.preallocated.size = 16384 (custom)
2019-09-26 15:08:35,177 [pool-27-thread-1] INFO  server.RaftServerConfigKeys (ConfUtils.java:logGet(43)) - raft.server.log.write.buffer.size = 33554432 (custom)
2019-09-26 15:08:35,177 [pool-27-thread-1] INFO  server.RaftServerConfigKeys (ConfUtils.java:logGet(43)) - raft.server.log.force.sync.num = 128 (default)
2019-09-26 15:08:35,177 [pool-27-thread-1] INFO  server.RaftServerConfigKeys (ConfUtils.java:logGet(43)) - raft.server.log.statemachine.data.sync = true (default)
2019-09-26 15:08:35,177 [pool-27-thread-1] INFO  server.RaftServerConfigKeys (ConfUtils.java:logGet(43)) - raft.server.log.statemachine.data.sync.timeout = 10s (default)
2019-09-26 15:08:35,177 [pool-27-thread-1] INFO  server.RaftServerConfigKeys (ConfUtils.java:logGet(43)) - raft.server.log.statemachine.data.sync.timeout.retry = -1 (default)
2019-09-26 15:08:35,178 [pool-27-thread-1] INFO  server.RaftServerConfigKeys (ConfUtils.java:logGet(43)) - raft.server.log.statemachine.data.caching.enabled = true (custom)
2019-09-26 15:08:35,178 [pool-27-thread-1] INFO  segmented.SegmentedRaftLogWorker (SegmentedRaftLogWorker.java:lambda$new$0(132)) - 8a411a4f-0e32-4dd1-80b9-a797c2117425@group-6DE3712AF134-SegmentedRaftLogWorker: flushIndex: setUnconditionally 0 -> -1
2019-09-26 15:08:35,178 [pool-27-thread-1] INFO  server.RaftServerConfigKeys (ConfUtils.java:logGet(43)) - raft.server.snapshot.auto.trigger.enabled = true (custom)
2019-09-26 15:08:35,178 [pool-27-thread-1] INFO  server.RaftServerConfigKeys (ConfUtils.java:logGet(43)) - raft.server.snapshot.auto.trigger.threshold = 10000 (custom)
2019-09-26 15:08:35,179 [pool-27-thread-1] INFO  server.RaftServerConfigKeys (ConfUtils.java:logGet(43)) - raft.server.snapshot.retention.num.files = 5 (custom)
2019-09-26 15:08:35,179 [pool-27-thread-1] INFO  server.RaftServerConfigKeys (ConfUtils.java:logGet(43)) - raft.server.retrycache.expirytime = 600000ms (custom)
2019-09-26 15:08:35,181 [pool-27-thread-1] INFO  impl.RaftServerImpl (RaftServerImpl.java:start(185)) - 8a411a4f-0e32-4dd1-80b9-a797c2117425@group-6DE3712AF134: start as a follower, conf=-1: [8a411a4f-0e32-4dd1-80b9-a797c2117425:192.168.151.99:37125], old=null
2019-09-26 15:08:35,181 [pool-27-thread-1] INFO  impl.RaftServerImpl (RaftServerImpl.java:setRole(174)) - 8a411a4f-0e32-4dd1-80b9-a797c2117425@group-6DE3712AF134: changes role from      null to FOLLOWER at term 0 for startAsFollower
2019-09-26 15:08:35,181 [pool-27-thread-1] INFO  impl.RoleInfo (RoleInfo.java:updateAndGet(143)) - 8a411a4f-0e32-4dd1-80b9-a797c2117425: start FollowerState
2019-09-26 15:08:35,182 [pool-27-thread-1] INFO  util.JmxRegister (JmxRegister.java:tryRegister(44)) - Successfully registered JMX Bean with object name Ratis:service=RaftServer,group=group-6DE3712AF134,id=8a411a4f-0e32-4dd1-80b9-a797c2117425
2019-09-26 15:08:35,184 [RatisPipelineUtilsThread] INFO  pipeline.PipelineStateManager (PipelineStateManager.java:addPipeline(56)) - Created pipeline Pipeline[ Id: aa2d9af0-6534-4132-b433-6de3712af134, Nodes: 8a411a4f-0e32-4dd1-80b9-a797c2117425{ip: 192.168.151.99, host: pr-hdds-1569-g6sp5-2013761785, networkLocation: /default-rack, certSerialId: null}, Type:RATIS, Factor:ONE, State:OPEN]
2019-09-26 15:08:35,188 [grpc-default-executor-1] INFO  impl.RaftServerProxy (RaftServerProxy.java:addNew(89)) - 8a411a4f-0e32-4dd1-80b9-a797c2117425: addNew group-D2E29C0D0AAA:[8a411a4f-0e32-4dd1-80b9-a797c2117425:192.168.151.99:37125] returns group-D2E29C0D0AAA:java.util.concurrent.CompletableFuture@7d52a59a[Not completed]
2019-09-26 15:08:35,189 [pool-27-thread-1] INFO  impl.RaftServerImpl (RaftServerImpl.java:<init>(95)) - 8a411a4f-0e32-4dd1-80b9-a797c2117425: new RaftServerImpl for group-D2E29C0D0AAA:[8a411a4f-0e32-4dd1-80b9-a797c2117425:192.168.151.99:37125] with ContainerStateMachine:uninitialized
2019-09-26 15:08:35,189 [pool-27-thread-1] INFO  server.RaftServerConfigKeys (ConfUtils.java:logGet(43)) - raft.server.rpc.timeout.min = 5s (custom)
2019-09-26 15:08:35,190 [pool-27-thread-1] INFO  server.RaftServerConfigKeys (ConfUtils.java:logGet(43)) - raft.server.rpc.timeout.max = 5200ms (custom)
2019-09-26 15:08:35,190 [pool-27-thread-1] INFO  server.RaftServerConfigKeys (ConfUtils.java:logGet(43)) - raft.server.rpcslowness.timeout = 120s (custom)
2019-09-26 15:08:35,190 [pool-27-thread-1] INFO  server.RaftServerConfigKeys (ConfUtils.java:logGet(43)) - raft.server.sleep.deviation.threshold = 300 (default)
2019-09-26 15:08:35,190 [pool-27-thread-1] INFO  server.RaftServerConfigKeys (ConfUtils.java:logGet(43)) - raft.server.log.appender.install.snapshot.enabled = false (custom)
2019-09-26 15:08:35,190 [pool-27-thread-1] INFO  impl.RaftServerImpl (ServerState.java:<init>(103)) - 8a411a4f-0e32-4dd1-80b9-a797c2117425@group-D2E29C0D0AAA: ConfigurationManager, init=-1: [8a411a4f-0e32-4dd1-80b9-a797c2117425:192.168.151.99:37125], old=null, confs=<EMPTY_MAP>
2019-09-26 15:08:35,190 [pool-27-thread-1] INFO  server.RaftServerConfigKeys (ConfUtils.java:logGet(43)) - raft.server.storage.dir = [/workdir/hadoop-ozone/integration-test/target/test-dir/MiniOzoneClusterImpl-646ad58d-3cd3-4092-ab15-506251c55e5b/datanode-0/data/ratis] (custom)
2019-09-26 15:08:35,191 [pool-27-thread-1] INFO  storage.RaftStorageDirectory (RaftStorageDirectory.java:analyzeStorage(246)) - The storage directory /workdir/hadoop-ozone/integration-test/target/test-dir/MiniOzoneClusterImpl-646ad58d-3cd3-4092-ab15-506251c55e5b/datanode-0/data/ratis/fb592e00-c8bb-4496-8644-d2e29c0d0aaa does not exist. Creating ...
2019-09-26 15:08:35,194 [pool-27-thread-1] INFO  storage.RaftStorageDirectory (RaftStorageDirectory.java:tryLock(328)) - Lock on /workdir/hadoop-ozone/integration-test/target/test-dir/MiniOzoneClusterImpl-646ad58d-3cd3-4092-ab15-506251c55e5b/datanode-0/data/ratis/fb592e00-c8bb-4496-8644-d2e29c0d0aaa/in_use.lock acquired by nodename 7157@pr-hdds-1569-g6sp5-2013761785
2019-09-26 15:08:35,197 [pool-27-thread-1] INFO  storage.RaftStorage (RaftStorage.java:format(72)) - Storage directory /workdir/hadoop-ozone/integration-test/target/test-dir/MiniOzoneClusterImpl-646ad58d-3cd3-4092-ab15-506251c55e5b/datanode-0/data/ratis/fb592e00-c8bb-4496-8644-d2e29c0d0aaa has been successfully formatted.
2019-09-26 15:08:35,198 [pool-27-thread-1] INFO  ratis.ContainerStateMachine (ContainerStateMachine.java:loadSnapshot(230)) - group-D2E29C0D0AAA: The snapshot info is null. Setting the last applied indexto:(t:0, i:~)
2019-09-26 15:08:35,198 [pool-27-thread-1] INFO  server.RaftServerConfigKeys (ConfUtils.java:logGet(43)) - raft.server.notification.no-leader.timeout = 120s (custom)
2019-09-26 15:08:35,198 [pool-27-thread-1] INFO  server.RaftServerConfigKeys (ConfUtils.java:logGet(43)) - raft.server.log.use.memory = false (default)
2019-09-26 15:08:35,198 [pool-27-thread-1] INFO  server.RaftServerConfigKeys (ConfUtils.java:logGet(43)) - raft.server.log.purge.gap = 1000000 (custom)
2019-09-26 15:08:35,198 [pool-27-thread-1] INFO  server.RaftServerConfigKeys (ConfUtils.java:logGet(43)) - raft.server.log.appender.buffer.byte-limit = 33554432 (custom)
2019-09-26 15:08:35,198 [pool-27-thread-1] INFO  server.RaftServerConfigKeys (ConfUtils.java:logGet(43)) - raft.server.log.segment.size.max = 1048576 (custom)
2019-09-26 15:08:35,198 [pool-27-thread-1] INFO  server.RaftServerConfigKeys (ConfUtils.java:logGet(43)) - raft.server.log.segment.cache.num.max = 2 (custom)
2019-09-26 15:08:35,198 [pool-27-thread-1] INFO  segmented.SegmentedRaftLogWorker (SegmentedRaftLogWorker.java:<init>(172)) - new 8a411a4f-0e32-4dd1-80b9-a797c2117425@group-D2E29C0D0AAA-SegmentedRaftLogWorker for RaftStorage:Storage Directory /workdir/hadoop-ozone/integration-test/target/test-dir/MiniOzoneClusterImpl-646ad58d-3cd3-4092-ab15-506251c55e5b/datanode-0/data/ratis/fb592e00-c8bb-4496-8644-d2e29c0d0aaa
2019-09-26 15:08:35,198 [pool-27-thread-1] INFO  server.RaftServerConfigKeys (ConfUtils.java:logGet(43)) - raft.server.log.queue.byte-limit = 2147483647 (custom)
2019-09-26 15:08:35,198 [pool-27-thread-1] INFO  server.RaftServerConfigKeys (ConfUtils.java:logGet(43)) - raft.server.log.queue.element-limit = 1024 (custom)
2019-09-26 15:08:35,199 [pool-27-thread-1] INFO  server.RaftServerConfigKeys (ConfUtils.java:logGet(43)) - raft.server.log.segment.size.max = 1048576 (custom)
2019-09-26 15:08:35,199 [pool-27-thread-1] INFO  server.RaftServerConfigKeys (ConfUtils.java:logGet(43)) - raft.server.log.preallocated.size = 16384 (custom)
2019-09-26 15:08:35,199 [pool-27-thread-1] INFO  server.RaftServerConfigKeys (ConfUtils.java:logGet(43)) - raft.server.log.write.buffer.size = 33554432 (custom)
2019-09-26 15:08:35,199 [pool-27-thread-1] INFO  server.RaftServerConfigKeys (ConfUtils.java:logGet(43)) - raft.server.log.force.sync.num = 128 (default)
2019-09-26 15:08:35,199 [pool-27-thread-1] INFO  server.RaftServerConfigKeys (ConfUtils.java:logGet(43)) - raft.server.log.statemachine.data.sync = true (default)
2019-09-26 15:08:35,199 [pool-27-thread-1] INFO  server.RaftServerConfigKeys (ConfUtils.java:logGet(43)) - raft.server.log.statemachine.data.sync.timeout = 10s (default)
2019-09-26 15:08:35,199 [pool-27-thread-1] INFO  server.RaftServerConfigKeys (ConfUtils.java:logGet(43)) - raft.server.log.statemachine.data.sync.timeout.retry = -1 (default)
2019-09-26 15:08:35,199 [pool-27-thread-1] INFO  server.RaftServerConfigKeys (ConfUtils.java:logGet(43)) - raft.server.log.statemachine.data.caching.enabled = true (custom)
2019-09-26 15:08:35,199 [pool-27-thread-1] INFO  segmented.SegmentedRaftLogWorker (SegmentedRaftLogWorker.java:lambda$new$0(132)) - 8a411a4f-0e32-4dd1-80b9-a797c2117425@group-D2E29C0D0AAA-SegmentedRaftLogWorker: flushIndex: setUnconditionally 0 -> -1
2019-09-26 15:08:35,200 [pool-27-thread-1] INFO  server.RaftServerConfigKeys (ConfUtils.java:logGet(43)) - raft.server.snapshot.auto.trigger.enabled = true (custom)
2019-09-26 15:08:35,200 [pool-27-thread-1] INFO  server.RaftServerConfigKeys (ConfUtils.java:logGet(43)) - raft.server.snapshot.auto.trigger.threshold = 10000 (custom)
2019-09-26 15:08:35,200 [pool-27-thread-1] INFO  server.RaftServerConfigKeys (ConfUtils.java:logGet(43)) - raft.server.snapshot.retention.num.files = 5 (custom)
2019-09-26 15:08:35,200 [pool-27-thread-1] INFO  server.RaftServerConfigKeys (ConfUtils.java:logGet(43)) - raft.server.retrycache.expirytime = 600000ms (custom)
2019-09-26 15:08:35,201 [pool-27-thread-1] INFO  impl.RaftServerImpl (RaftServerImpl.java:start(185)) - 8a411a4f-0e32-4dd1-80b9-a797c2117425@group-D2E29C0D0AAA: start as a follower, conf=-1: [8a411a4f-0e32-4dd1-80b9-a797c2117425:192.168.151.99:37125], old=null
2019-09-26 15:08:35,201 [pool-27-thread-1] INFO  impl.RaftServerImpl (RaftServerImpl.java:setRole(174)) - 8a411a4f-0e32-4dd1-80b9-a797c2117425@group-D2E29C0D0AAA: changes role from      null to FOLLOWER at term 0 for startAsFollower
2019-09-26 15:08:35,201 [pool-27-thread-1] INFO  impl.RoleInfo (RoleInfo.java:updateAndGet(143)) - 8a411a4f-0e32-4dd1-80b9-a797c2117425: start FollowerState
2019-09-26 15:08:35,202 [pool-27-thread-1] INFO  util.JmxRegister (JmxRegister.java:tryRegister(44)) - Successfully registered JMX Bean with object name Ratis:service=RaftServer,group=group-D2E29C0D0AAA,id=8a411a4f-0e32-4dd1-80b9-a797c2117425
2019-09-26 15:08:35,203 [RatisPipelineUtilsThread] INFO  pipeline.PipelineStateManager (PipelineStateManager.java:addPipeline(56)) - Created pipeline Pipeline[ Id: fb592e00-c8bb-4496-8644-d2e29c0d0aaa, Nodes: 8a411a4f-0e32-4dd1-80b9-a797c2117425{ip: 192.168.151.99, host: pr-hdds-1569-g6sp5-2013761785, networkLocation: /default-rack, certSerialId: null}, Type:RATIS, Factor:ONE, State:OPEN]
2019-09-26 15:08:35,207 [grpc-default-executor-1] INFO  impl.RaftServerProxy (RaftServerProxy.java:addNew(89)) - 8a411a4f-0e32-4dd1-80b9-a797c2117425: addNew group-884660014B94:[8a411a4f-0e32-4dd1-80b9-a797c2117425:192.168.151.99:37125] returns group-884660014B94:java.util.concurrent.CompletableFuture@472e6b59[Not completed]
2019-09-26 15:08:35,208 [pool-27-thread-1] INFO  impl.RaftServerImpl (RaftServerImpl.java:<init>(95)) - 8a411a4f-0e32-4dd1-80b9-a797c2117425: new RaftServerImpl for group-884660014B94:[8a411a4f-0e32-4dd1-80b9-a797c2117425:192.168.151.99:37125] with ContainerStateMachine:uninitialized
2019-09-26 15:08:35,208 [pool-27-thread-1] INFO  server.RaftServerConfigKeys (ConfUtils.java:logGet(43)) - raft.server.rpc.timeout.min = 5s (custom)
2019-09-26 15:08:35,208 [pool-27-thread-1] INFO  server.RaftServerConfigKeys (ConfUtils.java:logGet(43)) - raft.server.rpc.timeout.max = 5200ms (custom)
2019-09-26 15:08:35,208 [pool-27-thread-1] INFO  server.RaftServerConfigKeys (ConfUtils.java:logGet(43)) - raft.server.rpcslowness.timeout = 120s (custom)
2019-09-26 15:08:35,208 [pool-27-thread-1] INFO  server.RaftServerConfigKeys (ConfUtils.java:logGet(43)) - raft.server.sleep.deviation.threshold = 300 (default)
2019-09-26 15:08:35,208 [pool-27-thread-1] INFO  server.RaftServerConfigKeys (ConfUtils.java:logGet(43)) - raft.server.log.appender.install.snapshot.enabled = false (custom)
2019-09-26 15:08:35,208 [pool-27-thread-1] INFO  impl.RaftServerImpl (ServerState.java:<init>(103)) - 8a411a4f-0e32-4dd1-80b9-a797c2117425@group-884660014B94: ConfigurationManager, init=-1: [8a411a4f-0e32-4dd1-80b9-a797c2117425:192.168.151.99:37125], old=null, confs=<EMPTY_MAP>
2019-09-26 15:08:35,209 [pool-27-thread-1] INFO  server.RaftServerConfigKeys (ConfUtils.java:logGet(43)) - raft.server.storage.dir = [/workdir/hadoop-ozone/integration-test/target/test-dir/MiniOzoneClusterImpl-646ad58d-3cd3-4092-ab15-506251c55e5b/datanode-0/data/ratis] (custom)
2019-09-26 15:08:35,209 [pool-27-thread-1] INFO  storage.RaftStorageDirectory (RaftStorageDirectory.java:analyzeStorage(246)) - The storage directory /workdir/hadoop-ozone/integration-test/target/test-dir/MiniOzoneClusterImpl-646ad58d-3cd3-4092-ab15-506251c55e5b/datanode-0/data/ratis/90bd8e86-d43a-41b7-aa95-884660014b94 does not exist. Creating ...
2019-09-26 15:08:35,212 [pool-27-thread-1] INFO  storage.RaftStorageDirectory (RaftStorageDirectory.java:tryLock(328)) - Lock on /workdir/hadoop-ozone/integration-test/target/test-dir/MiniOzoneClusterImpl-646ad58d-3cd3-4092-ab15-506251c55e5b/datanode-0/data/ratis/90bd8e86-d43a-41b7-aa95-884660014b94/in_use.lock acquired by nodename 7157@pr-hdds-1569-g6sp5-2013761785
2019-09-26 15:08:35,218 [pool-27-thread-1] INFO  storage.RaftStorage (RaftStorage.java:format(72)) - Storage directory /workdir/hadoop-ozone/integration-test/target/test-dir/MiniOzoneClusterImpl-646ad58d-3cd3-4092-ab15-506251c55e5b/datanode-0/data/ratis/90bd8e86-d43a-41b7-aa95-884660014b94 has been successfully formatted.
2019-09-26 15:08:35,218 [pool-27-thread-1] INFO  ratis.ContainerStateMachine (ContainerStateMachine.java:loadSnapshot(230)) - group-884660014B94: The snapshot info is null. Setting the last applied indexto:(t:0, i:~)
2019-09-26 15:08:35,218 [pool-27-thread-1] INFO  server.RaftServerConfigKeys (ConfUtils.java:logGet(43)) - raft.server.notification.no-leader.timeout = 120s (custom)
2019-09-26 15:08:35,218 [pool-27-thread-1] INFO  server.RaftServerConfigKeys (ConfUtils.java:logGet(43)) - raft.server.log.use.memory = false (default)
2019-09-26 15:08:35,218 [pool-27-thread-1] INFO  server.RaftServerConfigKeys (ConfUtils.java:logGet(43)) - raft.server.log.purge.gap = 1000000 (custom)
2019-09-26 15:08:35,218 [pool-27-thread-1] INFO  server.RaftServerConfigKeys (ConfUtils.java:logGet(43)) - raft.server.log.appender.buffer.byte-limit = 33554432 (custom)
2019-09-26 15:08:35,218 [pool-27-thread-1] INFO  server.RaftServerConfigKeys (ConfUtils.java:logGet(43)) - raft.server.log.segment.size.max = 1048576 (custom)
2019-09-26 15:08:35,218 [pool-27-thread-1] INFO  server.RaftServerConfigKeys (ConfUtils.java:logGet(43)) - raft.server.log.segment.cache.num.max = 2 (custom)
2019-09-26 15:08:35,218 [pool-27-thread-1] INFO  segmented.SegmentedRaftLogWorker (SegmentedRaftLogWorker.java:<init>(172)) - new 8a411a4f-0e32-4dd1-80b9-a797c2117425@group-884660014B94-SegmentedRaftLogWorker for RaftStorage:Storage Directory /workdir/hadoop-ozone/integration-test/target/test-dir/MiniOzoneClusterImpl-646ad58d-3cd3-4092-ab15-506251c55e5b/datanode-0/data/ratis/90bd8e86-d43a-41b7-aa95-884660014b94
2019-09-26 15:08:35,219 [pool-27-thread-1] INFO  server.RaftServerConfigKeys (ConfUtils.java:logGet(43)) - raft.server.log.queue.byte-limit = 2147483647 (custom)
2019-09-26 15:08:35,219 [pool-27-thread-1] INFO  server.RaftServerConfigKeys (ConfUtils.java:logGet(43)) - raft.server.log.queue.element-limit = 1024 (custom)
2019-09-26 15:08:35,219 [pool-27-thread-1] INFO  server.RaftServerConfigKeys (ConfUtils.java:logGet(43)) - raft.server.log.segment.size.max = 1048576 (custom)
2019-09-26 15:08:35,219 [pool-27-thread-1] INFO  server.RaftServerConfigKeys (ConfUtils.java:logGet(43)) - raft.server.log.preallocated.size = 16384 (custom)
2019-09-26 15:08:35,219 [pool-27-thread-1] INFO  server.RaftServerConfigKeys (ConfUtils.java:logGet(43)) - raft.server.log.write.buffer.size = 33554432 (custom)
2019-09-26 15:08:35,219 [pool-27-thread-1] INFO  server.RaftServerConfigKeys (ConfUtils.java:logGet(43)) - raft.server.log.force.sync.num = 128 (default)
2019-09-26 15:08:35,219 [pool-27-thread-1] INFO  server.RaftServerConfigKeys (ConfUtils.java:logGet(43)) - raft.server.log.statemachine.data.sync = true (default)
2019-09-26 15:08:35,219 [pool-27-thread-1] INFO  server.RaftServerConfigKeys (ConfUtils.java:logGet(43)) - raft.server.log.statemachine.data.sync.timeout = 10s (default)
2019-09-26 15:08:35,219 [pool-27-thread-1] INFO  server.RaftServerConfigKeys (ConfUtils.java:logGet(43)) - raft.server.log.statemachine.data.sync.timeout.retry = -1 (default)
2019-09-26 15:08:35,219 [pool-27-thread-1] INFO  server.RaftServerConfigKeys (ConfUtils.java:logGet(43)) - raft.server.log.statemachine.data.caching.enabled = true (custom)
2019-09-26 15:08:35,220 [pool-27-thread-1] INFO  segmented.SegmentedRaftLogWorker (SegmentedRaftLogWorker.java:lambda$new$0(132)) - 8a411a4f-0e32-4dd1-80b9-a797c2117425@group-884660014B94-SegmentedRaftLogWorker: flushIndex: setUnconditionally 0 -> -1
2019-09-26 15:08:35,220 [pool-27-thread-1] INFO  server.RaftServerConfigKeys (ConfUtils.java:logGet(43)) - raft.server.snapshot.auto.trigger.enabled = true (custom)
2019-09-26 15:08:35,220 [pool-27-thread-1] INFO  server.RaftServerConfigKeys (ConfUtils.java:logGet(43)) - raft.server.snapshot.auto.trigger.threshold = 10000 (custom)
2019-09-26 15:08:35,220 [pool-27-thread-1] INFO  server.RaftServerConfigKeys (ConfUtils.java:logGet(43)) - raft.server.snapshot.retention.num.files = 5 (custom)
2019-09-26 15:08:35,220 [pool-27-thread-1] INFO  server.RaftServerConfigKeys (ConfUtils.java:logGet(43)) - raft.server.retrycache.expirytime = 600000ms (custom)
2019-09-26 15:08:35,221 [pool-27-thread-1] INFO  impl.RaftServerImpl (RaftServerImpl.java:start(185)) - 8a411a4f-0e32-4dd1-80b9-a797c2117425@group-884660014B94: start as a follower, conf=-1: [8a411a4f-0e32-4dd1-80b9-a797c2117425:192.168.151.99:37125], old=null
2019-09-26 15:08:35,222 [pool-27-thread-1] INFO  impl.RaftServerImpl (RaftServerImpl.java:setRole(174)) - 8a411a4f-0e32-4dd1-80b9-a797c2117425@group-884660014B94: changes role from      null to FOLLOWER at term 0 for startAsFollower
2019-09-26 15:08:35,222 [pool-27-thread-1] INFO  impl.RoleInfo (RoleInfo.java:updateAndGet(143)) - 8a411a4f-0e32-4dd1-80b9-a797c2117425: start FollowerState
2019-09-26 15:08:35,222 [pool-27-thread-1] INFO  util.JmxRegister (JmxRegister.java:tryRegister(44)) - Successfully registered JMX Bean with object name Ratis:service=RaftServer,group=group-884660014B94,id=8a411a4f-0e32-4dd1-80b9-a797c2117425
2019-09-26 15:08:35,224 [RatisPipelineUtilsThread] INFO  pipeline.PipelineStateManager (PipelineStateManager.java:addPipeline(56)) - Created pipeline Pipeline[ Id: 90bd8e86-d43a-41b7-aa95-884660014b94, Nodes: 8a411a4f-0e32-4dd1-80b9-a797c2117425{ip: 192.168.151.99, host: pr-hdds-1569-g6sp5-2013761785, networkLocation: /default-rack, certSerialId: null}, Type:RATIS, Factor:ONE, State:OPEN]
2019-09-26 15:08:35,227 [grpc-default-executor-1] INFO  impl.RaftServerProxy (RaftServerProxy.java:addNew(89)) - 8a411a4f-0e32-4dd1-80b9-a797c2117425: addNew group-13FFAC1DF739:[8a411a4f-0e32-4dd1-80b9-a797c2117425:192.168.151.99:37125] returns group-13FFAC1DF739:java.util.concurrent.CompletableFuture@7079d83e[Not completed]
2019-09-26 15:08:35,228 [pool-27-thread-1] INFO  impl.RaftServerImpl (RaftServerImpl.java:<init>(95)) - 8a411a4f-0e32-4dd1-80b9-a797c2117425: new RaftServerImpl for group-13FFAC1DF739:[8a411a4f-0e32-4dd1-80b9-a797c2117425:192.168.151.99:37125] with ContainerStateMachine:uninitialized
2019-09-26 15:08:35,228 [pool-27-thread-1] INFO  server.RaftServerConfigKeys (ConfUtils.java:logGet(43)) - raft.server.rpc.timeout.min = 5s (custom)
2019-09-26 15:08:35,228 [pool-27-thread-1] INFO  server.RaftServerConfigKeys (ConfUtils.java:logGet(43)) - raft.server.rpc.timeout.max = 5200ms (custom)
2019-09-26 15:08:35,228 [pool-27-thread-1] INFO  server.RaftServerConfigKeys (ConfUtils.java:logGet(43)) - raft.server.rpcslowness.timeout = 120s (custom)
2019-09-26 15:08:35,228 [pool-27-thread-1] INFO  server.RaftServerConfigKeys (ConfUtils.java:logGet(43)) - raft.server.sleep.deviation.threshold = 300 (default)
2019-09-26 15:08:35,228 [pool-27-thread-1] INFO  server.RaftServerConfigKeys (ConfUtils.java:logGet(43)) - raft.server.log.appender.install.snapshot.enabled = false (custom)
2019-09-26 15:08:35,228 [pool-27-thread-1] INFO  impl.RaftServerImpl (ServerState.java:<init>(103)) - 8a411a4f-0e32-4dd1-80b9-a797c2117425@group-13FFAC1DF739: ConfigurationManager, init=-1: [8a411a4f-0e32-4dd1-80b9-a797c2117425:192.168.151.99:37125], old=null, confs=<EMPTY_MAP>
2019-09-26 15:08:35,228 [pool-27-thread-1] INFO  server.RaftServerConfigKeys (ConfUtils.java:logGet(43)) - raft.server.storage.dir = [/workdir/hadoop-ozone/integration-test/target/test-dir/MiniOzoneClusterImpl-646ad58d-3cd3-4092-ab15-506251c55e5b/datanode-0/data/ratis] (custom)
2019-09-26 15:08:35,229 [pool-27-thread-1] INFO  storage.RaftStorageDirectory (RaftStorageDirectory.java:analyzeStorage(246)) - The storage directory /workdir/hadoop-ozone/integration-test/target/test-dir/MiniOzoneClusterImpl-646ad58d-3cd3-4092-ab15-506251c55e5b/datanode-0/data/ratis/b24c3ff9-a0e9-48de-9d61-13ffac1df739 does not exist. Creating ...
2019-09-26 15:08:35,238 [pool-27-thread-1] INFO  storage.RaftStorageDirectory (RaftStorageDirectory.java:tryLock(328)) - Lock on /workdir/hadoop-ozone/integration-test/target/test-dir/MiniOzoneClusterImpl-646ad58d-3cd3-4092-ab15-506251c55e5b/datanode-0/data/ratis/b24c3ff9-a0e9-48de-9d61-13ffac1df739/in_use.lock acquired by nodename 7157@pr-hdds-1569-g6sp5-2013761785
2019-09-26 15:08:35,252 [pool-27-thread-1] INFO  storage.RaftStorage (RaftStorage.java:format(72)) - Storage directory /workdir/hadoop-ozone/integration-test/target/test-dir/MiniOzoneClusterImpl-646ad58d-3cd3-4092-ab15-506251c55e5b/datanode-0/data/ratis/b24c3ff9-a0e9-48de-9d61-13ffac1df739 has been successfully formatted.
2019-09-26 15:08:35,252 [pool-27-thread-1] INFO  ratis.ContainerStateMachine (ContainerStateMachine.java:loadSnapshot(230)) - group-13FFAC1DF739: The snapshot info is null. Setting the last applied indexto:(t:0, i:~)
2019-09-26 15:08:35,253 [pool-27-thread-1] INFO  server.RaftServerConfigKeys (ConfUtils.java:logGet(43)) - raft.server.notification.no-leader.timeout = 120s (custom)
2019-09-26 15:08:35,253 [pool-27-thread-1] INFO  server.RaftServerConfigKeys (ConfUtils.java:logGet(43)) - raft.server.log.use.memory = false (default)
2019-09-26 15:08:35,253 [pool-27-thread-1] INFO  server.RaftServerConfigKeys (ConfUtils.java:logGet(43)) - raft.server.log.purge.gap = 1000000 (custom)
2019-09-26 15:08:35,253 [pool-27-thread-1] INFO  server.RaftServerConfigKeys (ConfUtils.java:logGet(43)) - raft.server.log.appender.buffer.byte-limit = 33554432 (custom)
2019-09-26 15:08:35,253 [pool-27-thread-1] INFO  server.RaftServerConfigKeys (ConfUtils.java:logGet(43)) - raft.server.log.segment.size.max = 1048576 (custom)
2019-09-26 15:08:35,253 [pool-27-thread-1] INFO  server.RaftServerConfigKeys (ConfUtils.java:logGet(43)) - raft.server.log.segment.cache.num.max = 2 (custom)
2019-09-26 15:08:35,254 [pool-27-thread-1] INFO  segmented.SegmentedRaftLogWorker (SegmentedRaftLogWorker.java:<init>(172)) - new 8a411a4f-0e32-4dd1-80b9-a797c2117425@group-13FFAC1DF739-SegmentedRaftLogWorker for RaftStorage:Storage Directory /workdir/hadoop-ozone/integration-test/target/test-dir/MiniOzoneClusterImpl-646ad58d-3cd3-4092-ab15-506251c55e5b/datanode-0/data/ratis/b24c3ff9-a0e9-48de-9d61-13ffac1df739
2019-09-26 15:08:35,254 [pool-27-thread-1] INFO  server.RaftServerConfigKeys (ConfUtils.java:logGet(43)) - raft.server.log.queue.byte-limit = 2147483647 (custom)
2019-09-26 15:08:35,254 [pool-27-thread-1] INFO  server.RaftServerConfigKeys (ConfUtils.java:logGet(43)) - raft.server.log.queue.element-limit = 1024 (custom)
2019-09-26 15:08:35,254 [pool-27-thread-1] INFO  server.RaftServerConfigKeys (ConfUtils.java:logGet(43)) - raft.server.log.segment.size.max = 1048576 (custom)
2019-09-26 15:08:35,254 [pool-27-thread-1] INFO  server.RaftServerConfigKeys (ConfUtils.java:logGet(43)) - raft.server.log.preallocated.size = 16384 (custom)
2019-09-26 15:08:35,254 [pool-27-thread-1] INFO  server.RaftServerConfigKeys (ConfUtils.java:logGet(43)) - raft.server.log.write.buffer.size = 33554432 (custom)
2019-09-26 15:08:35,254 [pool-27-thread-1] INFO  server.RaftServerConfigKeys (ConfUtils.java:logGet(43)) - raft.server.log.force.sync.num = 128 (default)
2019-09-26 15:08:35,255 [pool-27-thread-1] INFO  server.RaftServerConfigKeys (ConfUtils.java:logGet(43)) - raft.server.log.statemachine.data.sync = true (default)
2019-09-26 15:08:35,255 [pool-27-thread-1] INFO  server.RaftServerConfigKeys (ConfUtils.java:logGet(43)) - raft.server.log.statemachine.data.sync.timeout = 10s (default)
2019-09-26 15:08:35,255 [pool-27-thread-1] INFO  server.RaftServerConfigKeys (ConfUtils.java:logGet(43)) - raft.server.log.statemachine.data.sync.timeout.retry = -1 (default)
2019-09-26 15:08:35,255 [pool-27-thread-1] INFO  server.RaftServerConfigKeys (ConfUtils.java:logGet(43)) - raft.server.log.statemachine.data.caching.enabled = true (custom)
2019-09-26 15:08:35,255 [pool-27-thread-1] INFO  segmented.SegmentedRaftLogWorker (SegmentedRaftLogWorker.java:lambda$new$0(132)) - 8a411a4f-0e32-4dd1-80b9-a797c2117425@group-13FFAC1DF739-SegmentedRaftLogWorker: flushIndex: setUnconditionally 0 -> -1
2019-09-26 15:08:35,256 [pool-27-thread-1] INFO  server.RaftServerConfigKeys (ConfUtils.java:logGet(43)) - raft.server.snapshot.auto.trigger.enabled = true (custom)
2019-09-26 15:08:35,256 [pool-27-thread-1] INFO  server.RaftServerConfigKeys (ConfUtils.java:logGet(43)) - raft.server.snapshot.auto.trigger.threshold = 10000 (custom)
2019-09-26 15:08:35,256 [pool-27-thread-1] INFO  server.RaftServerConfigKeys (ConfUtils.java:logGet(43)) - raft.server.snapshot.retention.num.files = 5 (custom)
2019-09-26 15:08:35,256 [pool-27-thread-1] INFO  server.RaftServerConfigKeys (ConfUtils.java:logGet(43)) - raft.server.retrycache.expirytime = 600000ms (custom)
2019-09-26 15:08:35,258 [pool-27-thread-1] INFO  impl.RaftServerImpl (RaftServerImpl.java:start(185)) - 8a411a4f-0e32-4dd1-80b9-a797c2117425@group-13FFAC1DF739: start as a follower, conf=-1: [8a411a4f-0e32-4dd1-80b9-a797c2117425:192.168.151.99:37125], old=null
2019-09-26 15:08:35,258 [pool-27-thread-1] INFO  impl.RaftServerImpl (RaftServerImpl.java:setRole(174)) - 8a411a4f-0e32-4dd1-80b9-a797c2117425@group-13FFAC1DF739: changes role from      null to FOLLOWER at term 0 for startAsFollower
2019-09-26 15:08:35,259 [pool-27-thread-1] INFO  impl.RoleInfo (RoleInfo.java:updateAndGet(143)) - 8a411a4f-0e32-4dd1-80b9-a797c2117425: start FollowerState
2019-09-26 15:08:35,259 [pool-27-thread-1] INFO  util.JmxRegister (JmxRegister.java:tryRegister(44)) - Successfully registered JMX Bean with object name Ratis:service=RaftServer,group=group-13FFAC1DF739,id=8a411a4f-0e32-4dd1-80b9-a797c2117425
2019-09-26 15:08:35,261 [RatisPipelineUtilsThread] INFO  pipeline.PipelineStateManager (PipelineStateManager.java:addPipeline(56)) - Created pipeline Pipeline[ Id: b24c3ff9-a0e9-48de-9d61-13ffac1df739, Nodes: 8a411a4f-0e32-4dd1-80b9-a797c2117425{ip: 192.168.151.99, host: pr-hdds-1569-g6sp5-2013761785, networkLocation: /default-rack, certSerialId: null}, Type:RATIS, Factor:ONE, State:OPEN]
2019-09-26 15:08:35,264 [grpc-default-executor-1] INFO  impl.RaftServerProxy (RaftServerProxy.java:addNew(89)) - 8a411a4f-0e32-4dd1-80b9-a797c2117425: addNew group-E916E844E274:[8a411a4f-0e32-4dd1-80b9-a797c2117425:192.168.151.99:37125] returns group-E916E844E274:java.util.concurrent.CompletableFuture@4b6a5935[Not completed]
2019-09-26 15:08:35,266 [pool-27-thread-1] INFO  impl.RaftServerImpl (RaftServerImpl.java:<init>(95)) - 8a411a4f-0e32-4dd1-80b9-a797c2117425: new RaftServerImpl for group-E916E844E274:[8a411a4f-0e32-4dd1-80b9-a797c2117425:192.168.151.99:37125] with ContainerStateMachine:uninitialized
2019-09-26 15:08:35,266 [pool-27-thread-1] INFO  server.RaftServerConfigKeys (ConfUtils.java:logGet(43)) - raft.server.rpc.timeout.min = 5s (custom)
2019-09-26 15:08:35,266 [pool-27-thread-1] INFO  server.RaftServerConfigKeys (ConfUtils.java:logGet(43)) - raft.server.rpc.timeout.max = 5200ms (custom)
2019-09-26 15:08:35,266 [pool-27-thread-1] INFO  server.RaftServerConfigKeys (ConfUtils.java:logGet(43)) - raft.server.rpcslowness.timeout = 120s (custom)
2019-09-26 15:08:35,267 [pool-27-thread-1] INFO  server.RaftServerConfigKeys (ConfUtils.java:logGet(43)) - raft.server.sleep.deviation.threshold = 300 (default)
2019-09-26 15:08:35,267 [pool-27-thread-1] INFO  server.RaftServerConfigKeys (ConfUtils.java:logGet(43)) - raft.server.log.appender.install.snapshot.enabled = false (custom)
2019-09-26 15:08:35,267 [pool-27-thread-1] INFO  impl.RaftServerImpl (ServerState.java:<init>(103)) - 8a411a4f-0e32-4dd1-80b9-a797c2117425@group-E916E844E274: ConfigurationManager, init=-1: [8a411a4f-0e32-4dd1-80b9-a797c2117425:192.168.151.99:37125], old=null, confs=<EMPTY_MAP>
2019-09-26 15:08:35,267 [pool-27-thread-1] INFO  server.RaftServerConfigKeys (ConfUtils.java:logGet(43)) - raft.server.storage.dir = [/workdir/hadoop-ozone/integration-test/target/test-dir/MiniOzoneClusterImpl-646ad58d-3cd3-4092-ab15-506251c55e5b/datanode-0/data/ratis] (custom)
2019-09-26 15:08:35,268 [pool-27-thread-1] INFO  storage.RaftStorageDirectory (RaftStorageDirectory.java:analyzeStorage(246)) - The storage directory /workdir/hadoop-ozone/integration-test/target/test-dir/MiniOzoneClusterImpl-646ad58d-3cd3-4092-ab15-506251c55e5b/datanode-0/data/ratis/9af69c10-f2f5-4cee-97aa-e916e844e274 does not exist. Creating ...
2019-09-26 15:08:35,289 [pool-27-thread-1] INFO  storage.RaftStorageDirectory (RaftStorageDirectory.java:tryLock(328)) - Lock on /workdir/hadoop-ozone/integration-test/target/test-dir/MiniOzoneClusterImpl-646ad58d-3cd3-4092-ab15-506251c55e5b/datanode-0/data/ratis/9af69c10-f2f5-4cee-97aa-e916e844e274/in_use.lock acquired by nodename 7157@pr-hdds-1569-g6sp5-2013761785
2019-09-26 15:08:35,303 [pool-27-thread-1] INFO  storage.RaftStorage (RaftStorage.java:format(72)) - Storage directory /workdir/hadoop-ozone/integration-test/target/test-dir/MiniOzoneClusterImpl-646ad58d-3cd3-4092-ab15-506251c55e5b/datanode-0/data/ratis/9af69c10-f2f5-4cee-97aa-e916e844e274 has been successfully formatted.
2019-09-26 15:08:35,303 [pool-27-thread-1] INFO  ratis.ContainerStateMachine (ContainerStateMachine.java:loadSnapshot(230)) - group-E916E844E274: The snapshot info is null. Setting the last applied indexto:(t:0, i:~)
2019-09-26 15:08:35,303 [pool-27-thread-1] INFO  server.RaftServerConfigKeys (ConfUtils.java:logGet(43)) - raft.server.notification.no-leader.timeout = 120s (custom)
2019-09-26 15:08:35,304 [pool-27-thread-1] INFO  server.RaftServerConfigKeys (ConfUtils.java:logGet(43)) - raft.server.log.use.memory = false (default)
2019-09-26 15:08:35,304 [pool-27-thread-1] INFO  server.RaftServerConfigKeys (ConfUtils.java:logGet(43)) - raft.server.log.purge.gap = 1000000 (custom)
2019-09-26 15:08:35,304 [pool-27-thread-1] INFO  server.RaftServerConfigKeys (ConfUtils.java:logGet(43)) - raft.server.log.appender.buffer.byte-limit = 33554432 (custom)
2019-09-26 15:08:35,304 [pool-27-thread-1] INFO  server.RaftServerConfigKeys (ConfUtils.java:logGet(43)) - raft.server.log.segment.size.max = 1048576 (custom)
2019-09-26 15:08:35,304 [pool-27-thread-1] INFO  server.RaftServerConfigKeys (ConfUtils.java:logGet(43)) - raft.server.log.segment.cache.num.max = 2 (custom)
2019-09-26 15:08:35,304 [pool-27-thread-1] INFO  segmented.SegmentedRaftLogWorker (SegmentedRaftLogWorker.java:<init>(172)) - new 8a411a4f-0e32-4dd1-80b9-a797c2117425@group-E916E844E274-SegmentedRaftLogWorker for RaftStorage:Storage Directory /workdir/hadoop-ozone/integration-test/target/test-dir/MiniOzoneClusterImpl-646ad58d-3cd3-4092-ab15-506251c55e5b/datanode-0/data/ratis/9af69c10-f2f5-4cee-97aa-e916e844e274
2019-09-26 15:08:35,304 [pool-27-thread-1] INFO  server.RaftServerConfigKeys (ConfUtils.java:logGet(43)) - raft.server.log.queue.byte-limit = 2147483647 (custom)
2019-09-26 15:08:35,304 [pool-27-thread-1] INFO  server.RaftServerConfigKeys (ConfUtils.java:logGet(43)) - raft.server.log.queue.element-limit = 1024 (custom)
2019-09-26 15:08:35,304 [pool-27-thread-1] INFO  server.RaftServerConfigKeys (ConfUtils.java:logGet(43)) - raft.server.log.segment.size.max = 1048576 (custom)
2019-09-26 15:08:35,304 [pool-27-thread-1] INFO  server.RaftServerConfigKeys (ConfUtils.java:logGet(43)) - raft.server.log.preallocated.size = 16384 (custom)
2019-09-26 15:08:35,305 [pool-27-thread-1] INFO  server.RaftServerConfigKeys (ConfUtils.java:logGet(43)) - raft.server.log.write.buffer.size = 33554432 (custom)
2019-09-26 15:08:35,305 [pool-27-thread-1] INFO  server.RaftServerConfigKeys (ConfUtils.java:logGet(43)) - raft.server.log.force.sync.num = 128 (default)
2019-09-26 15:08:35,305 [pool-27-thread-1] INFO  server.RaftServerConfigKeys (ConfUtils.java:logGet(43)) - raft.server.log.statemachine.data.sync = true (default)
2019-09-26 15:08:35,305 [pool-27-thread-1] INFO  server.RaftServerConfigKeys (ConfUtils.java:logGet(43)) - raft.server.log.statemachine.data.sync.timeout = 10s (default)
2019-09-26 15:08:35,305 [pool-27-thread-1] INFO  server.RaftServerConfigKeys (ConfUtils.java:logGet(43)) - raft.server.log.statemachine.data.sync.timeout.retry = -1 (default)
2019-09-26 15:08:35,305 [pool-27-thread-1] INFO  server.RaftServerConfigKeys (ConfUtils.java:logGet(43)) - raft.server.log.statemachine.data.caching.enabled = true (custom)
2019-09-26 15:08:35,305 [pool-27-thread-1] INFO  segmented.SegmentedRaftLogWorker (SegmentedRaftLogWorker.java:lambda$new$0(132)) - 8a411a4f-0e32-4dd1-80b9-a797c2117425@group-E916E844E274-SegmentedRaftLogWorker: flushIndex: setUnconditionally 0 -> -1
2019-09-26 15:08:35,305 [pool-27-thread-1] INFO  server.RaftServerConfigKeys (ConfUtils.java:logGet(43)) - raft.server.snapshot.auto.trigger.enabled = true (custom)
2019-09-26 15:08:35,306 [pool-27-thread-1] INFO  server.RaftServerConfigKeys (ConfUtils.java:logGet(43)) - raft.server.snapshot.auto.trigger.threshold = 10000 (custom)
2019-09-26 15:08:35,306 [pool-27-thread-1] INFO  server.RaftServerConfigKeys (ConfUtils.java:logGet(43)) - raft.server.snapshot.retention.num.files = 5 (custom)
2019-09-26 15:08:35,306 [pool-27-thread-1] INFO  server.RaftServerConfigKeys (ConfUtils.java:logGet(43)) - raft.server.retrycache.expirytime = 600000ms (custom)
2019-09-26 15:08:35,307 [pool-27-thread-1] INFO  impl.RaftServerImpl (RaftServerImpl.java:start(185)) - 8a411a4f-0e32-4dd1-80b9-a797c2117425@group-E916E844E274: start as a follower, conf=-1: [8a411a4f-0e32-4dd1-80b9-a797c2117425:192.168.151.99:37125], old=null
2019-09-26 15:08:35,307 [pool-27-thread-1] INFO  impl.RaftServerImpl (RaftServerImpl.java:setRole(174)) - 8a411a4f-0e32-4dd1-80b9-a797c2117425@group-E916E844E274: changes role from      null to FOLLOWER at term 0 for startAsFollower
2019-09-26 15:08:35,307 [pool-27-thread-1] INFO  impl.RoleInfo (RoleInfo.java:updateAndGet(143)) - 8a411a4f-0e32-4dd1-80b9-a797c2117425: start FollowerState
2019-09-26 15:08:35,307 [pool-27-thread-1] INFO  util.JmxRegister (JmxRegister.java:tryRegister(44)) - Successfully registered JMX Bean with object name Ratis:service=RaftServer,group=group-E916E844E274,id=8a411a4f-0e32-4dd1-80b9-a797c2117425
2019-09-26 15:08:35,310 [RatisPipelineUtilsThread] INFO  pipeline.PipelineStateManager (PipelineStateManager.java:addPipeline(56)) - Created pipeline Pipeline[ Id: 9af69c10-f2f5-4cee-97aa-e916e844e274, Nodes: 8a411a4f-0e32-4dd1-80b9-a797c2117425{ip: 192.168.151.99, host: pr-hdds-1569-g6sp5-2013761785, networkLocation: /default-rack, certSerialId: null}, Type:RATIS, Factor:ONE, State:OPEN]
2019-09-26 15:08:35,313 [grpc-default-executor-1] INFO  impl.RaftServerProxy (RaftServerProxy.java:addNew(89)) - 8a411a4f-0e32-4dd1-80b9-a797c2117425: addNew group-34FCBFD36539:[8a411a4f-0e32-4dd1-80b9-a797c2117425:192.168.151.99:37125] returns group-34FCBFD36539:java.util.concurrent.CompletableFuture@13e31c1e[Not completed]
2019-09-26 15:08:35,314 [pool-27-thread-1] INFO  impl.RaftServerImpl (RaftServerImpl.java:<init>(95)) - 8a411a4f-0e32-4dd1-80b9-a797c2117425: new RaftServerImpl for group-34FCBFD36539:[8a411a4f-0e32-4dd1-80b9-a797c2117425:192.168.151.99:37125] with ContainerStateMachine:uninitialized
2019-09-26 15:08:35,314 [pool-27-thread-1] INFO  server.RaftServerConfigKeys (ConfUtils.java:logGet(43)) - raft.server.rpc.timeout.min = 5s (custom)
2019-09-26 15:08:35,314 [pool-27-thread-1] INFO  server.RaftServerConfigKeys (ConfUtils.java:logGet(43)) - raft.server.rpc.timeout.max = 5200ms (custom)
2019-09-26 15:08:35,315 [pool-27-thread-1] INFO  server.RaftServerConfigKeys (ConfUtils.java:logGet(43)) - raft.server.rpcslowness.timeout = 120s (custom)
2019-09-26 15:08:35,315 [pool-27-thread-1] INFO  server.RaftServerConfigKeys (ConfUtils.java:logGet(43)) - raft.server.sleep.deviation.threshold = 300 (default)
2019-09-26 15:08:35,315 [pool-27-thread-1] INFO  server.RaftServerConfigKeys (ConfUtils.java:logGet(43)) - raft.server.log.appender.install.snapshot.enabled = false (custom)
2019-09-26 15:08:35,315 [pool-27-thread-1] INFO  impl.RaftServerImpl (ServerState.java:<init>(103)) - 8a411a4f-0e32-4dd1-80b9-a797c2117425@group-34FCBFD36539: ConfigurationManager, init=-1: [8a411a4f-0e32-4dd1-80b9-a797c2117425:192.168.151.99:37125], old=null, confs=<EMPTY_MAP>
2019-09-26 15:08:35,315 [pool-27-thread-1] INFO  server.RaftServerConfigKeys (ConfUtils.java:logGet(43)) - raft.server.storage.dir = [/workdir/hadoop-ozone/integration-test/target/test-dir/MiniOzoneClusterImpl-646ad58d-3cd3-4092-ab15-506251c55e5b/datanode-0/data/ratis] (custom)
2019-09-26 15:08:35,316 [pool-27-thread-1] INFO  storage.RaftStorageDirectory (RaftStorageDirectory.java:analyzeStorage(246)) - The storage directory /workdir/hadoop-ozone/integration-test/target/test-dir/MiniOzoneClusterImpl-646ad58d-3cd3-4092-ab15-506251c55e5b/datanode-0/data/ratis/5bdd47f3-726b-4604-9d45-34fcbfd36539 does not exist. Creating ...
2019-09-26 15:08:35,329 [pool-27-thread-1] INFO  storage.RaftStorageDirectory (RaftStorageDirectory.java:tryLock(328)) - Lock on /workdir/hadoop-ozone/integration-test/target/test-dir/MiniOzoneClusterImpl-646ad58d-3cd3-4092-ab15-506251c55e5b/datanode-0/data/ratis/5bdd47f3-726b-4604-9d45-34fcbfd36539/in_use.lock acquired by nodename 7157@pr-hdds-1569-g6sp5-2013761785
2019-09-26 15:08:35,342 [pool-27-thread-1] INFO  storage.RaftStorage (RaftStorage.java:format(72)) - Storage directory /workdir/hadoop-ozone/integration-test/target/test-dir/MiniOzoneClusterImpl-646ad58d-3cd3-4092-ab15-506251c55e5b/datanode-0/data/ratis/5bdd47f3-726b-4604-9d45-34fcbfd36539 has been successfully formatted.
2019-09-26 15:08:35,342 [pool-27-thread-1] INFO  ratis.ContainerStateMachine (ContainerStateMachine.java:loadSnapshot(230)) - group-34FCBFD36539: The snapshot info is null. Setting the last applied indexto:(t:0, i:~)
2019-09-26 15:08:35,342 [pool-27-thread-1] INFO  server.RaftServerConfigKeys (ConfUtils.java:logGet(43)) - raft.server.notification.no-leader.timeout = 120s (custom)
2019-09-26 15:08:35,342 [pool-27-thread-1] INFO  server.RaftServerConfigKeys (ConfUtils.java:logGet(43)) - raft.server.log.use.memory = false (default)
2019-09-26 15:08:35,342 [pool-27-thread-1] INFO  server.RaftServerConfigKeys (ConfUtils.java:logGet(43)) - raft.server.log.purge.gap = 1000000 (custom)
2019-09-26 15:08:35,342 [pool-27-thread-1] INFO  server.RaftServerConfigKeys (ConfUtils.java:logGet(43)) - raft.server.log.appender.buffer.byte-limit = 33554432 (custom)
2019-09-26 15:08:35,343 [pool-27-thread-1] INFO  server.RaftServerConfigKeys (ConfUtils.java:logGet(43)) - raft.server.log.segment.size.max = 1048576 (custom)
2019-09-26 15:08:35,343 [pool-27-thread-1] INFO  server.RaftServerConfigKeys (ConfUtils.java:logGet(43)) - raft.server.log.segment.cache.num.max = 2 (custom)
2019-09-26 15:08:35,343 [pool-27-thread-1] INFO  segmented.SegmentedRaftLogWorker (SegmentedRaftLogWorker.java:<init>(172)) - new 8a411a4f-0e32-4dd1-80b9-a797c2117425@group-34FCBFD36539-SegmentedRaftLogWorker for RaftStorage:Storage Directory /workdir/hadoop-ozone/integration-test/target/test-dir/MiniOzoneClusterImpl-646ad58d-3cd3-4092-ab15-506251c55e5b/datanode-0/data/ratis/5bdd47f3-726b-4604-9d45-34fcbfd36539
2019-09-26 15:08:35,343 [pool-27-thread-1] INFO  server.RaftServerConfigKeys (ConfUtils.java:logGet(43)) - raft.server.log.queue.byte-limit = 2147483647 (custom)
2019-09-26 15:08:35,343 [pool-27-thread-1] INFO  server.RaftServerConfigKeys (ConfUtils.java:logGet(43)) - raft.server.log.queue.element-limit = 1024 (custom)
2019-09-26 15:08:35,343 [pool-27-thread-1] INFO  server.RaftServerConfigKeys (ConfUtils.java:logGet(43)) - raft.server.log.segment.size.max = 1048576 (custom)
2019-09-26 15:08:35,343 [pool-27-thread-1] INFO  server.RaftServerConfigKeys (ConfUtils.java:logGet(43)) - raft.server.log.preallocated.size = 16384 (custom)
2019-09-26 15:08:35,343 [pool-27-thread-1] INFO  server.RaftServerConfigKeys (ConfUtils.java:logGet(43)) - raft.server.log.write.buffer.size = 33554432 (custom)
2019-09-26 15:08:35,343 [pool-27-thread-1] INFO  server.RaftServerConfigKeys (ConfUtils.java:logGet(43)) - raft.server.log.force.sync.num = 128 (default)
2019-09-26 15:08:35,343 [pool-27-thread-1] INFO  server.RaftServerConfigKeys (ConfUtils.java:logGet(43)) - raft.server.log.statemachine.data.sync = true (default)
2019-09-26 15:08:35,343 [pool-27-thread-1] INFO  server.RaftServerConfigKeys (ConfUtils.java:logGet(43)) - raft.server.log.statemachine.data.sync.timeout = 10s (default)
2019-09-26 15:08:35,343 [pool-27-thread-1] INFO  server.RaftServerConfigKeys (ConfUtils.java:logGet(43)) - raft.server.log.statemachine.data.sync.timeout.retry = -1 (default)
2019-09-26 15:08:35,344 [pool-27-thread-1] INFO  server.RaftServerConfigKeys (ConfUtils.java:logGet(43)) - raft.server.log.statemachine.data.caching.enabled = true (custom)
2019-09-26 15:08:35,344 [pool-27-thread-1] INFO  segmented.SegmentedRaftLogWorker (SegmentedRaftLogWorker.java:lambda$new$0(132)) - 8a411a4f-0e32-4dd1-80b9-a797c2117425@group-34FCBFD36539-SegmentedRaftLogWorker: flushIndex: setUnconditionally 0 -> -1
2019-09-26 15:08:35,344 [pool-27-thread-1] INFO  server.RaftServerConfigKeys (ConfUtils.java:logGet(43)) - raft.server.snapshot.auto.trigger.enabled = true (custom)
2019-09-26 15:08:35,344 [pool-27-thread-1] INFO  server.RaftServerConfigKeys (ConfUtils.java:logGet(43)) - raft.server.snapshot.auto.trigger.threshold = 10000 (custom)
2019-09-26 15:08:35,344 [pool-27-thread-1] INFO  server.RaftServerConfigKeys (ConfUtils.java:logGet(43)) - raft.server.snapshot.retention.num.files = 5 (custom)
2019-09-26 15:08:35,344 [pool-27-thread-1] INFO  server.RaftServerConfigKeys (ConfUtils.java:logGet(43)) - raft.server.retrycache.expirytime = 600000ms (custom)
2019-09-26 15:08:35,345 [pool-27-thread-1] INFO  impl.RaftServerImpl (RaftServerImpl.java:start(185)) - 8a411a4f-0e32-4dd1-80b9-a797c2117425@group-34FCBFD36539: start as a follower, conf=-1: [8a411a4f-0e32-4dd1-80b9-a797c2117425:192.168.151.99:37125], old=null
2019-09-26 15:08:35,345 [pool-27-thread-1] INFO  impl.RaftServerImpl (RaftServerImpl.java:setRole(174)) - 8a411a4f-0e32-4dd1-80b9-a797c2117425@group-34FCBFD36539: changes role from      null to FOLLOWER at term 0 for startAsFollower
2019-09-26 15:08:35,346 [pool-27-thread-1] INFO  impl.RoleInfo (RoleInfo.java:updateAndGet(143)) - 8a411a4f-0e32-4dd1-80b9-a797c2117425: start FollowerState
2019-09-26 15:08:35,346 [pool-27-thread-1] INFO  util.JmxRegister (JmxRegister.java:tryRegister(44)) - Successfully registered JMX Bean with object name Ratis:service=RaftServer,group=group-34FCBFD36539,id=8a411a4f-0e32-4dd1-80b9-a797c2117425
2019-09-26 15:08:35,348 [RatisPipelineUtilsThread] INFO  pipeline.PipelineStateManager (PipelineStateManager.java:addPipeline(56)) - Created pipeline Pipeline[ Id: 5bdd47f3-726b-4604-9d45-34fcbfd36539, Nodes: 8a411a4f-0e32-4dd1-80b9-a797c2117425{ip: 192.168.151.99, host: pr-hdds-1569-g6sp5-2013761785, networkLocation: /default-rack, certSerialId: null}, Type:RATIS, Factor:ONE, State:OPEN]
2019-09-26 15:08:35,351 [grpc-default-executor-1] INFO  impl.RaftServerProxy (RaftServerProxy.java:addNew(89)) - 8a411a4f-0e32-4dd1-80b9-a797c2117425: addNew group-7C9D8199E53A:[8a411a4f-0e32-4dd1-80b9-a797c2117425:192.168.151.99:37125] returns group-7C9D8199E53A:java.util.concurrent.CompletableFuture@2151b940[Not completed]
2019-09-26 15:08:35,352 [pool-27-thread-1] INFO  impl.RaftServerImpl (RaftServerImpl.java:<init>(95)) - 8a411a4f-0e32-4dd1-80b9-a797c2117425: new RaftServerImpl for group-7C9D8199E53A:[8a411a4f-0e32-4dd1-80b9-a797c2117425:192.168.151.99:37125] with ContainerStateMachine:uninitialized
2019-09-26 15:08:35,352 [pool-27-thread-1] INFO  server.RaftServerConfigKeys (ConfUtils.java:logGet(43)) - raft.server.rpc.timeout.min = 5s (custom)
2019-09-26 15:08:35,353 [pool-27-thread-1] INFO  server.RaftServerConfigKeys (ConfUtils.java:logGet(43)) - raft.server.rpc.timeout.max = 5200ms (custom)
2019-09-26 15:08:35,353 [pool-27-thread-1] INFO  server.RaftServerConfigKeys (ConfUtils.java:logGet(43)) - raft.server.rpcslowness.timeout = 120s (custom)
2019-09-26 15:08:35,353 [pool-27-thread-1] INFO  server.RaftServerConfigKeys (ConfUtils.java:logGet(43)) - raft.server.sleep.deviation.threshold = 300 (default)
2019-09-26 15:08:35,353 [pool-27-thread-1] INFO  server.RaftServerConfigKeys (ConfUtils.java:logGet(43)) - raft.server.log.appender.install.snapshot.enabled = false (custom)
2019-09-26 15:08:35,353 [pool-27-thread-1] INFO  impl.RaftServerImpl (ServerState.java:<init>(103)) - 8a411a4f-0e32-4dd1-80b9-a797c2117425@group-7C9D8199E53A: ConfigurationManager, init=-1: [8a411a4f-0e32-4dd1-80b9-a797c2117425:192.168.151.99:37125], old=null, confs=<EMPTY_MAP>
2019-09-26 15:08:35,353 [pool-27-thread-1] INFO  server.RaftServerConfigKeys (ConfUtils.java:logGet(43)) - raft.server.storage.dir = [/workdir/hadoop-ozone/integration-test/target/test-dir/MiniOzoneClusterImpl-646ad58d-3cd3-4092-ab15-506251c55e5b/datanode-0/data/ratis] (custom)
2019-09-26 15:08:35,354 [pool-27-thread-1] INFO  storage.RaftStorageDirectory (RaftStorageDirectory.java:analyzeStorage(246)) - The storage directory /workdir/hadoop-ozone/integration-test/target/test-dir/MiniOzoneClusterImpl-646ad58d-3cd3-4092-ab15-506251c55e5b/datanode-0/data/ratis/72a9ddac-cc22-4142-9890-7c9d8199e53a does not exist. Creating ...
2019-09-26 15:08:35,367 [pool-27-thread-1] INFO  storage.RaftStorageDirectory (RaftStorageDirectory.java:tryLock(328)) - Lock on /workdir/hadoop-ozone/integration-test/target/test-dir/MiniOzoneClusterImpl-646ad58d-3cd3-4092-ab15-506251c55e5b/datanode-0/data/ratis/72a9ddac-cc22-4142-9890-7c9d8199e53a/in_use.lock acquired by nodename 7157@pr-hdds-1569-g6sp5-2013761785
2019-09-26 15:08:35,381 [pool-27-thread-1] INFO  storage.RaftStorage (RaftStorage.java:format(72)) - Storage directory /workdir/hadoop-ozone/integration-test/target/test-dir/MiniOzoneClusterImpl-646ad58d-3cd3-4092-ab15-506251c55e5b/datanode-0/data/ratis/72a9ddac-cc22-4142-9890-7c9d8199e53a has been successfully formatted.
2019-09-26 15:08:35,381 [pool-27-thread-1] INFO  ratis.ContainerStateMachine (ContainerStateMachine.java:loadSnapshot(230)) - group-7C9D8199E53A: The snapshot info is null. Setting the last applied indexto:(t:0, i:~)
2019-09-26 15:08:35,381 [pool-27-thread-1] INFO  server.RaftServerConfigKeys (ConfUtils.java:logGet(43)) - raft.server.notification.no-leader.timeout = 120s (custom)
2019-09-26 15:08:35,382 [pool-27-thread-1] INFO  server.RaftServerConfigKeys (ConfUtils.java:logGet(43)) - raft.server.log.use.memory = false (default)
2019-09-26 15:08:35,382 [pool-27-thread-1] INFO  server.RaftServerConfigKeys (ConfUtils.java:logGet(43)) - raft.server.log.purge.gap = 1000000 (custom)
2019-09-26 15:08:35,382 [pool-27-thread-1] INFO  server.RaftServerConfigKeys (ConfUtils.java:logGet(43)) - raft.server.log.appender.buffer.byte-limit = 33554432 (custom)
2019-09-26 15:08:35,382 [pool-27-thread-1] INFO  server.RaftServerConfigKeys (ConfUtils.java:logGet(43)) - raft.server.log.segment.size.max = 1048576 (custom)
2019-09-26 15:08:35,382 [pool-27-thread-1] INFO  server.RaftServerConfigKeys (ConfUtils.java:logGet(43)) - raft.server.log.segment.cache.num.max = 2 (custom)
2019-09-26 15:08:35,382 [pool-27-thread-1] INFO  segmented.SegmentedRaftLogWorker (SegmentedRaftLogWorker.java:<init>(172)) - new 8a411a4f-0e32-4dd1-80b9-a797c2117425@group-7C9D8199E53A-SegmentedRaftLogWorker for RaftStorage:Storage Directory /workdir/hadoop-ozone/integration-test/target/test-dir/MiniOzoneClusterImpl-646ad58d-3cd3-4092-ab15-506251c55e5b/datanode-0/data/ratis/72a9ddac-cc22-4142-9890-7c9d8199e53a
2019-09-26 15:08:35,382 [pool-27-thread-1] INFO  server.RaftServerConfigKeys (ConfUtils.java:logGet(43)) - raft.server.log.queue.byte-limit = 2147483647 (custom)
2019-09-26 15:08:35,383 [pool-27-thread-1] INFO  server.RaftServerConfigKeys (ConfUtils.java:logGet(43)) - raft.server.log.queue.element-limit = 1024 (custom)
2019-09-26 15:08:35,383 [pool-27-thread-1] INFO  server.RaftServerConfigKeys (ConfUtils.java:logGet(43)) - raft.server.log.segment.size.max = 1048576 (custom)
2019-09-26 15:08:35,383 [pool-27-thread-1] INFO  server.RaftServerConfigKeys (ConfUtils.java:logGet(43)) - raft.server.log.preallocated.size = 16384 (custom)
2019-09-26 15:08:35,383 [pool-27-thread-1] INFO  server.RaftServerConfigKeys (ConfUtils.java:logGet(43)) - raft.server.log.write.buffer.size = 33554432 (custom)
2019-09-26 15:08:35,383 [pool-27-thread-1] INFO  server.RaftServerConfigKeys (ConfUtils.java:logGet(43)) - raft.server.log.force.sync.num = 128 (default)
2019-09-26 15:08:35,384 [pool-27-thread-1] INFO  server.RaftServerConfigKeys (ConfUtils.java:logGet(43)) - raft.server.log.statemachine.data.sync = true (default)
2019-09-26 15:08:35,384 [pool-27-thread-1] INFO  server.RaftServerConfigKeys (ConfUtils.java:logGet(43)) - raft.server.log.statemachine.data.sync.timeout = 10s (default)
2019-09-26 15:08:35,384 [pool-27-thread-1] INFO  server.RaftServerConfigKeys (ConfUtils.java:logGet(43)) - raft.server.log.statemachine.data.sync.timeout.retry = -1 (default)
2019-09-26 15:08:35,384 [pool-27-thread-1] INFO  server.RaftServerConfigKeys (ConfUtils.java:logGet(43)) - raft.server.log.statemachine.data.caching.enabled = true (custom)
2019-09-26 15:08:35,384 [pool-27-thread-1] INFO  segmented.SegmentedRaftLogWorker (SegmentedRaftLogWorker.java:lambda$new$0(132)) - 8a411a4f-0e32-4dd1-80b9-a797c2117425@group-7C9D8199E53A-SegmentedRaftLogWorker: flushIndex: setUnconditionally 0 -> -1
2019-09-26 15:08:35,385 [pool-27-thread-1] INFO  server.RaftServerConfigKeys (ConfUtils.java:logGet(43)) - raft.server.snapshot.auto.trigger.enabled = true (custom)
2019-09-26 15:08:35,385 [pool-27-thread-1] INFO  server.RaftServerConfigKeys (ConfUtils.java:logGet(43)) - raft.server.snapshot.auto.trigger.threshold = 10000 (custom)
2019-09-26 15:08:35,385 [pool-27-thread-1] INFO  server.RaftServerConfigKeys (ConfUtils.java:logGet(43)) - raft.server.snapshot.retention.num.files = 5 (custom)
2019-09-26 15:08:35,385 [pool-27-thread-1] INFO  server.RaftServerConfigKeys (ConfUtils.java:logGet(43)) - raft.server.retrycache.expirytime = 600000ms (custom)
2019-09-26 15:08:35,387 [pool-27-thread-1] INFO  impl.RaftServerImpl (RaftServerImpl.java:start(185)) - 8a411a4f-0e32-4dd1-80b9-a797c2117425@group-7C9D8199E53A: start as a follower, conf=-1: [8a411a4f-0e32-4dd1-80b9-a797c2117425:192.168.151.99:37125], old=null
2019-09-26 15:08:35,387 [pool-27-thread-1] INFO  impl.RaftServerImpl (RaftServerImpl.java:setRole(174)) - 8a411a4f-0e32-4dd1-80b9-a797c2117425@group-7C9D8199E53A: changes role from      null to FOLLOWER at term 0 for startAsFollower
2019-09-26 15:08:35,387 [pool-27-thread-1] INFO  impl.RoleInfo (RoleInfo.java:updateAndGet(143)) - 8a411a4f-0e32-4dd1-80b9-a797c2117425: start FollowerState
2019-09-26 15:08:35,387 [pool-27-thread-1] INFO  util.JmxRegister (JmxRegister.java:tryRegister(44)) - Successfully registered JMX Bean with object name Ratis:service=RaftServer,group=group-7C9D8199E53A,id=8a411a4f-0e32-4dd1-80b9-a797c2117425
2019-09-26 15:08:35,389 [RatisPipelineUtilsThread] INFO  pipeline.PipelineStateManager (PipelineStateManager.java:addPipeline(56)) - Created pipeline Pipeline[ Id: 72a9ddac-cc22-4142-9890-7c9d8199e53a, Nodes: 8a411a4f-0e32-4dd1-80b9-a797c2117425{ip: 192.168.151.99, host: pr-hdds-1569-g6sp5-2013761785, networkLocation: /default-rack, certSerialId: null}, Type:RATIS, Factor:ONE, State:OPEN]
2019-09-26 15:08:35,393 [grpc-default-executor-1] INFO  impl.RaftServerProxy (RaftServerProxy.java:addNew(89)) - 8a411a4f-0e32-4dd1-80b9-a797c2117425: addNew group-F0ABC0A80C00:[8a411a4f-0e32-4dd1-80b9-a797c2117425:192.168.151.99:37125] returns group-F0ABC0A80C00:java.util.concurrent.CompletableFuture@2b70d71a[Not completed]
2019-09-26 15:08:35,394 [pool-27-thread-1] INFO  impl.RaftServerImpl (RaftServerImpl.java:<init>(95)) - 8a411a4f-0e32-4dd1-80b9-a797c2117425: new RaftServerImpl for group-F0ABC0A80C00:[8a411a4f-0e32-4dd1-80b9-a797c2117425:192.168.151.99:37125] with ContainerStateMachine:uninitialized
2019-09-26 15:08:35,394 [pool-27-thread-1] INFO  server.RaftServerConfigKeys (ConfUtils.java:logGet(43)) - raft.server.rpc.timeout.min = 5s (custom)
2019-09-26 15:08:35,394 [pool-27-thread-1] INFO  server.RaftServerConfigKeys (ConfUtils.java:logGet(43)) - raft.server.rpc.timeout.max = 5200ms (custom)
2019-09-26 15:08:35,394 [pool-27-thread-1] INFO  server.RaftServerConfigKeys (ConfUtils.java:logGet(43)) - raft.server.rpcslowness.timeout = 120s (custom)
2019-09-26 15:08:35,394 [pool-27-thread-1] INFO  server.RaftServerConfigKeys (ConfUtils.java:logGet(43)) - raft.server.sleep.deviation.threshold = 300 (default)
2019-09-26 15:08:35,394 [pool-27-thread-1] INFO  server.RaftServerConfigKeys (ConfUtils.java:logGet(43)) - raft.server.log.appender.install.snapshot.enabled = false (custom)
2019-09-26 15:08:35,394 [pool-27-thread-1] INFO  impl.RaftServerImpl (ServerState.java:<init>(103)) - 8a411a4f-0e32-4dd1-80b9-a797c2117425@group-F0ABC0A80C00: ConfigurationManager, init=-1: [8a411a4f-0e32-4dd1-80b9-a797c2117425:192.168.151.99:37125], old=null, confs=<EMPTY_MAP>
2019-09-26 15:08:35,394 [pool-27-thread-1] INFO  server.RaftServerConfigKeys (ConfUtils.java:logGet(43)) - raft.server.storage.dir = [/workdir/hadoop-ozone/integration-test/target/test-dir/MiniOzoneClusterImpl-646ad58d-3cd3-4092-ab15-506251c55e5b/datanode-0/data/ratis] (custom)
2019-09-26 15:08:35,395 [pool-27-thread-1] INFO  storage.RaftStorageDirectory (RaftStorageDirectory.java:analyzeStorage(246)) - The storage directory /workdir/hadoop-ozone/integration-test/target/test-dir/MiniOzoneClusterImpl-646ad58d-3cd3-4092-ab15-506251c55e5b/datanode-0/data/ratis/abfae29d-4c3e-4b8f-8cec-f0abc0a80c00 does not exist. Creating ...
2019-09-26 15:08:35,407 [pool-27-thread-1] INFO  storage.RaftStorageDirectory (RaftStorageDirectory.java:tryLock(328)) - Lock on /workdir/hadoop-ozone/integration-test/target/test-dir/MiniOzoneClusterImpl-646ad58d-3cd3-4092-ab15-506251c55e5b/datanode-0/data/ratis/abfae29d-4c3e-4b8f-8cec-f0abc0a80c00/in_use.lock acquired by nodename 7157@pr-hdds-1569-g6sp5-2013761785
2019-09-26 15:08:35,421 [pool-27-thread-1] INFO  storage.RaftStorage (RaftStorage.java:format(72)) - Storage directory /workdir/hadoop-ozone/integration-test/target/test-dir/MiniOzoneClusterImpl-646ad58d-3cd3-4092-ab15-506251c55e5b/datanode-0/data/ratis/abfae29d-4c3e-4b8f-8cec-f0abc0a80c00 has been successfully formatted.
2019-09-26 15:08:35,421 [pool-27-thread-1] INFO  ratis.ContainerStateMachine (ContainerStateMachine.java:loadSnapshot(230)) - group-F0ABC0A80C00: The snapshot info is null. Setting the last applied indexto:(t:0, i:~)
2019-09-26 15:08:35,421 [pool-27-thread-1] INFO  server.RaftServerConfigKeys (ConfUtils.java:logGet(43)) - raft.server.notification.no-leader.timeout = 120s (custom)
2019-09-26 15:08:35,421 [pool-27-thread-1] INFO  server.RaftServerConfigKeys (ConfUtils.java:logGet(43)) - raft.server.log.use.memory = false (default)
2019-09-26 15:08:35,422 [pool-27-thread-1] INFO  server.RaftServerConfigKeys (ConfUtils.java:logGet(43)) - raft.server.log.purge.gap = 1000000 (custom)
2019-09-26 15:08:35,422 [pool-27-thread-1] INFO  server.RaftServerConfigKeys (ConfUtils.java:logGet(43)) - raft.server.log.appender.buffer.byte-limit = 33554432 (custom)
2019-09-26 15:08:35,422 [pool-27-thread-1] INFO  server.RaftServerConfigKeys (ConfUtils.java:logGet(43)) - raft.server.log.segment.size.max = 1048576 (custom)
2019-09-26 15:08:35,422 [pool-27-thread-1] INFO  server.RaftServerConfigKeys (ConfUtils.java:logGet(43)) - raft.server.log.segment.cache.num.max = 2 (custom)
2019-09-26 15:08:35,422 [pool-27-thread-1] INFO  segmented.SegmentedRaftLogWorker (SegmentedRaftLogWorker.java:<init>(172)) - new 8a411a4f-0e32-4dd1-80b9-a797c2117425@group-F0ABC0A80C00-SegmentedRaftLogWorker for RaftStorage:Storage Directory /workdir/hadoop-ozone/integration-test/target/test-dir/MiniOzoneClusterImpl-646ad58d-3cd3-4092-ab15-506251c55e5b/datanode-0/data/ratis/abfae29d-4c3e-4b8f-8cec-f0abc0a80c00
2019-09-26 15:08:35,422 [pool-27-thread-1] INFO  server.RaftServerConfigKeys (ConfUtils.java:logGet(43)) - raft.server.log.queue.byte-limit = 2147483647 (custom)
2019-09-26 15:08:35,423 [pool-27-thread-1] INFO  server.RaftServerConfigKeys (ConfUtils.java:logGet(43)) - raft.server.log.queue.element-limit = 1024 (custom)
2019-09-26 15:08:35,423 [pool-27-thread-1] INFO  server.RaftServerConfigKeys (ConfUtils.java:logGet(43)) - raft.server.log.segment.size.max = 1048576 (custom)
2019-09-26 15:08:35,423 [pool-27-thread-1] INFO  server.RaftServerConfigKeys (ConfUtils.java:logGet(43)) - raft.server.log.preallocated.size = 16384 (custom)
2019-09-26 15:08:35,423 [pool-27-thread-1] INFO  server.RaftServerConfigKeys (ConfUtils.java:logGet(43)) - raft.server.log.write.buffer.size = 33554432 (custom)
2019-09-26 15:08:35,423 [pool-27-thread-1] INFO  server.RaftServerConfigKeys (ConfUtils.java:logGet(43)) - raft.server.log.force.sync.num = 128 (default)
2019-09-26 15:08:35,423 [pool-27-thread-1] INFO  server.RaftServerConfigKeys (ConfUtils.java:logGet(43)) - raft.server.log.statemachine.data.sync = true (default)
2019-09-26 15:08:35,424 [pool-27-thread-1] INFO  server.RaftServerConfigKeys (ConfUtils.java:logGet(43)) - raft.server.log.statemachine.data.sync.timeout = 10s (default)
2019-09-26 15:08:35,424 [pool-27-thread-1] INFO  server.RaftServerConfigKeys (ConfUtils.java:logGet(43)) - raft.server.log.statemachine.data.sync.timeout.retry = -1 (default)
2019-09-26 15:08:35,424 [pool-27-thread-1] INFO  server.RaftServerConfigKeys (ConfUtils.java:logGet(43)) - raft.server.log.statemachine.data.caching.enabled = true (custom)
2019-09-26 15:08:35,424 [pool-27-thread-1] INFO  segmented.SegmentedRaftLogWorker (SegmentedRaftLogWorker.java:lambda$new$0(132)) - 8a411a4f-0e32-4dd1-80b9-a797c2117425@group-F0ABC0A80C00-SegmentedRaftLogWorker: flushIndex: setUnconditionally 0 -> -1
2019-09-26 15:08:35,424 [pool-27-thread-1] INFO  server.RaftServerConfigKeys (ConfUtils.java:logGet(43)) - raft.server.snapshot.auto.trigger.enabled = true (custom)
2019-09-26 15:08:35,425 [pool-27-thread-1] INFO  server.RaftServerConfigKeys (ConfUtils.java:logGet(43)) - raft.server.snapshot.auto.trigger.threshold = 10000 (custom)
2019-09-26 15:08:35,425 [pool-27-thread-1] INFO  server.RaftServerConfigKeys (ConfUtils.java:logGet(43)) - raft.server.snapshot.retention.num.files = 5 (custom)
2019-09-26 15:08:35,425 [pool-27-thread-1] INFO  server.RaftServerConfigKeys (ConfUtils.java:logGet(43)) - raft.server.retrycache.expirytime = 600000ms (custom)
2019-09-26 15:08:35,426 [pool-27-thread-1] INFO  impl.RaftServerImpl (RaftServerImpl.java:start(185)) - 8a411a4f-0e32-4dd1-80b9-a797c2117425@group-F0ABC0A80C00: start as a follower, conf=-1: [8a411a4f-0e32-4dd1-80b9-a797c2117425:192.168.151.99:37125], old=null
2019-09-26 15:08:35,426 [pool-27-thread-1] INFO  impl.RaftServerImpl (RaftServerImpl.java:setRole(174)) - 8a411a4f-0e32-4dd1-80b9-a797c2117425@group-F0ABC0A80C00: changes role from      null to FOLLOWER at term 0 for startAsFollower
2019-09-26 15:08:35,427 [pool-27-thread-1] INFO  impl.RoleInfo (RoleInfo.java:updateAndGet(143)) - 8a411a4f-0e32-4dd1-80b9-a797c2117425: start FollowerState
2019-09-26 15:08:35,427 [pool-27-thread-1] INFO  util.JmxRegister (JmxRegister.java:tryRegister(44)) - Successfully registered JMX Bean with object name Ratis:service=RaftServer,group=group-F0ABC0A80C00,id=8a411a4f-0e32-4dd1-80b9-a797c2117425
2019-09-26 15:08:35,430 [RatisPipelineUtilsThread] INFO  pipeline.PipelineStateManager (PipelineStateManager.java:addPipeline(56)) - Created pipeline Pipeline[ Id: abfae29d-4c3e-4b8f-8cec-f0abc0a80c00, Nodes: 8a411a4f-0e32-4dd1-80b9-a797c2117425{ip: 192.168.151.99, host: pr-hdds-1569-g6sp5-2013761785, networkLocation: /default-rack, certSerialId: null}, Type:RATIS, Factor:ONE, State:OPEN]
2019-09-26 15:08:35,434 [grpc-default-executor-1] INFO  impl.RaftServerProxy (RaftServerProxy.java:addNew(89)) - 8a411a4f-0e32-4dd1-80b9-a797c2117425: addNew group-AE79292C071A:[8a411a4f-0e32-4dd1-80b9-a797c2117425:192.168.151.99:37125] returns group-AE79292C071A:java.util.concurrent.CompletableFuture@602fd2b3[Not completed]
2019-09-26 15:08:35,435 [pool-27-thread-1] INFO  impl.RaftServerImpl (RaftServerImpl.java:<init>(95)) - 8a411a4f-0e32-4dd1-80b9-a797c2117425: new RaftServerImpl for group-AE79292C071A:[8a411a4f-0e32-4dd1-80b9-a797c2117425:192.168.151.99:37125] with ContainerStateMachine:uninitialized
2019-09-26 15:08:35,435 [pool-27-thread-1] INFO  server.RaftServerConfigKeys (ConfUtils.java:logGet(43)) - raft.server.rpc.timeout.min = 5s (custom)
2019-09-26 15:08:35,435 [pool-27-thread-1] INFO  server.RaftServerConfigKeys (ConfUtils.java:logGet(43)) - raft.server.rpc.timeout.max = 5200ms (custom)
2019-09-26 15:08:35,435 [pool-27-thread-1] INFO  server.RaftServerConfigKeys (ConfUtils.java:logGet(43)) - raft.server.rpcslowness.timeout = 120s (custom)
2019-09-26 15:08:35,435 [pool-27-thread-1] INFO  server.RaftServerConfigKeys (ConfUtils.java:logGet(43)) - raft.server.sleep.deviation.threshold = 300 (default)
2019-09-26 15:08:35,435 [pool-27-thread-1] INFO  server.RaftServerConfigKeys (ConfUtils.java:logGet(43)) - raft.server.log.appender.install.snapshot.enabled = false (custom)
2019-09-26 15:08:35,435 [pool-27-thread-1] INFO  impl.RaftServerImpl (ServerState.java:<init>(103)) - 8a411a4f-0e32-4dd1-80b9-a797c2117425@group-AE79292C071A: ConfigurationManager, init=-1: [8a411a4f-0e32-4dd1-80b9-a797c2117425:192.168.151.99:37125], old=null, confs=<EMPTY_MAP>
2019-09-26 15:08:35,435 [pool-27-thread-1] INFO  server.RaftServerConfigKeys (ConfUtils.java:logGet(43)) - raft.server.storage.dir = [/workdir/hadoop-ozone/integration-test/target/test-dir/MiniOzoneClusterImpl-646ad58d-3cd3-4092-ab15-506251c55e5b/datanode-0/data/ratis] (custom)
2019-09-26 15:08:35,436 [pool-27-thread-1] INFO  storage.RaftStorageDirectory (RaftStorageDirectory.java:analyzeStorage(246)) - The storage directory /workdir/hadoop-ozone/integration-test/target/test-dir/MiniOzoneClusterImpl-646ad58d-3cd3-4092-ab15-506251c55e5b/datanode-0/data/ratis/a1dd6819-b1ac-4807-9d00-ae79292c071a does not exist. Creating ...
2019-09-26 15:08:35,450 [pool-27-thread-1] INFO  storage.RaftStorageDirectory (RaftStorageDirectory.java:tryLock(328)) - Lock on /workdir/hadoop-ozone/integration-test/target/test-dir/MiniOzoneClusterImpl-646ad58d-3cd3-4092-ab15-506251c55e5b/datanode-0/data/ratis/a1dd6819-b1ac-4807-9d00-ae79292c071a/in_use.lock acquired by nodename 7157@pr-hdds-1569-g6sp5-2013761785
2019-09-26 15:08:35,463 [pool-27-thread-1] INFO  storage.RaftStorage (RaftStorage.java:format(72)) - Storage directory /workdir/hadoop-ozone/integration-test/target/test-dir/MiniOzoneClusterImpl-646ad58d-3cd3-4092-ab15-506251c55e5b/datanode-0/data/ratis/a1dd6819-b1ac-4807-9d00-ae79292c071a has been successfully formatted.
2019-09-26 15:08:35,464 [pool-27-thread-1] INFO  ratis.ContainerStateMachine (ContainerStateMachine.java:loadSnapshot(230)) - group-AE79292C071A: The snapshot info is null. Setting the last applied indexto:(t:0, i:~)
2019-09-26 15:08:35,464 [pool-27-thread-1] INFO  server.RaftServerConfigKeys (ConfUtils.java:logGet(43)) - raft.server.notification.no-leader.timeout = 120s (custom)
2019-09-26 15:08:35,464 [pool-27-thread-1] INFO  server.RaftServerConfigKeys (ConfUtils.java:logGet(43)) - raft.server.log.use.memory = false (default)
2019-09-26 15:08:35,464 [pool-27-thread-1] INFO  server.RaftServerConfigKeys (ConfUtils.java:logGet(43)) - raft.server.log.purge.gap = 1000000 (custom)
2019-09-26 15:08:35,464 [pool-27-thread-1] INFO  server.RaftServerConfigKeys (ConfUtils.java:logGet(43)) - raft.server.log.appender.buffer.byte-limit = 33554432 (custom)
2019-09-26 15:08:35,464 [pool-27-thread-1] INFO  server.RaftServerConfigKeys (ConfUtils.java:logGet(43)) - raft.server.log.segment.size.max = 1048576 (custom)
2019-09-26 15:08:35,464 [pool-27-thread-1] INFO  server.RaftServerConfigKeys (ConfUtils.java:logGet(43)) - raft.server.log.segment.cache.num.max = 2 (custom)
2019-09-26 15:08:35,465 [pool-27-thread-1] INFO  segmented.SegmentedRaftLogWorker (SegmentedRaftLogWorker.java:<init>(172)) - new 8a411a4f-0e32-4dd1-80b9-a797c2117425@group-AE79292C071A-SegmentedRaftLogWorker for RaftStorage:Storage Directory /workdir/hadoop-ozone/integration-test/target/test-dir/MiniOzoneClusterImpl-646ad58d-3cd3-4092-ab15-506251c55e5b/datanode-0/data/ratis/a1dd6819-b1ac-4807-9d00-ae79292c071a
2019-09-26 15:08:35,465 [pool-27-thread-1] INFO  server.RaftServerConfigKeys (ConfUtils.java:logGet(43)) - raft.server.log.queue.byte-limit = 2147483647 (custom)
2019-09-26 15:08:35,465 [pool-27-thread-1] INFO  server.RaftServerConfigKeys (ConfUtils.java:logGet(43)) - raft.server.log.queue.element-limit = 1024 (custom)
2019-09-26 15:08:35,465 [pool-27-thread-1] INFO  server.RaftServerConfigKeys (ConfUtils.java:logGet(43)) - raft.server.log.segment.size.max = 1048576 (custom)
2019-09-26 15:08:35,465 [pool-27-thread-1] INFO  server.RaftServerConfigKeys (ConfUtils.java:logGet(43)) - raft.server.log.preallocated.size = 16384 (custom)
2019-09-26 15:08:35,465 [pool-27-thread-1] INFO  server.RaftServerConfigKeys (ConfUtils.java:logGet(43)) - raft.server.log.write.buffer.size = 33554432 (custom)
2019-09-26 15:08:35,465 [pool-27-thread-1] INFO  server.RaftServerConfigKeys (ConfUtils.java:logGet(43)) - raft.server.log.force.sync.num = 128 (default)
2019-09-26 15:08:35,465 [pool-27-thread-1] INFO  server.RaftServerConfigKeys (ConfUtils.java:logGet(43)) - raft.server.log.statemachine.data.sync = true (default)
2019-09-26 15:08:35,465 [pool-27-thread-1] INFO  server.RaftServerConfigKeys (ConfUtils.java:logGet(43)) - raft.server.log.statemachine.data.sync.timeout = 10s (default)
2019-09-26 15:08:35,465 [pool-27-thread-1] INFO  server.RaftServerConfigKeys (ConfUtils.java:logGet(43)) - raft.server.log.statemachine.data.sync.timeout.retry = -1 (default)
2019-09-26 15:08:35,465 [pool-27-thread-1] INFO  server.RaftServerConfigKeys (ConfUtils.java:logGet(43)) - raft.server.log.statemachine.data.caching.enabled = true (custom)
2019-09-26 15:08:35,466 [pool-27-thread-1] INFO  segmented.SegmentedRaftLogWorker (SegmentedRaftLogWorker.java:lambda$new$0(132)) - 8a411a4f-0e32-4dd1-80b9-a797c2117425@group-AE79292C071A-SegmentedRaftLogWorker: flushIndex: setUnconditionally 0 -> -1
2019-09-26 15:08:35,466 [pool-27-thread-1] INFO  server.RaftServerConfigKeys (ConfUtils.java:logGet(43)) - raft.server.snapshot.auto.trigger.enabled = true (custom)
2019-09-26 15:08:35,466 [pool-27-thread-1] INFO  server.RaftServerConfigKeys (ConfUtils.java:logGet(43)) - raft.server.snapshot.auto.trigger.threshold = 10000 (custom)
2019-09-26 15:08:35,466 [pool-27-thread-1] INFO  server.RaftServerConfigKeys (ConfUtils.java:logGet(43)) - raft.server.snapshot.retention.num.files = 5 (custom)
2019-09-26 15:08:35,466 [pool-27-thread-1] INFO  server.RaftServerConfigKeys (ConfUtils.java:logGet(43)) - raft.server.retrycache.expirytime = 600000ms (custom)
2019-09-26 15:08:35,467 [pool-27-thread-1] INFO  impl.RaftServerImpl (RaftServerImpl.java:start(185)) - 8a411a4f-0e32-4dd1-80b9-a797c2117425@group-AE79292C071A: start as a follower, conf=-1: [8a411a4f-0e32-4dd1-80b9-a797c2117425:192.168.151.99:37125], old=null
2019-09-26 15:08:35,467 [pool-27-thread-1] INFO  impl.RaftServerImpl (RaftServerImpl.java:setRole(174)) - 8a411a4f-0e32-4dd1-80b9-a797c2117425@group-AE79292C071A: changes role from      null to FOLLOWER at term 0 for startAsFollower
2019-09-26 15:08:35,468 [pool-27-thread-1] INFO  impl.RoleInfo (RoleInfo.java:updateAndGet(143)) - 8a411a4f-0e32-4dd1-80b9-a797c2117425: start FollowerState
2019-09-26 15:08:35,468 [pool-27-thread-1] INFO  util.JmxRegister (JmxRegister.java:tryRegister(44)) - Successfully registered JMX Bean with object name Ratis:service=RaftServer,group=group-AE79292C071A,id=8a411a4f-0e32-4dd1-80b9-a797c2117425
2019-09-26 15:08:35,470 [RatisPipelineUtilsThread] INFO  pipeline.PipelineStateManager (PipelineStateManager.java:addPipeline(56)) - Created pipeline Pipeline[ Id: a1dd6819-b1ac-4807-9d00-ae79292c071a, Nodes: 8a411a4f-0e32-4dd1-80b9-a797c2117425{ip: 192.168.151.99, host: pr-hdds-1569-g6sp5-2013761785, networkLocation: /default-rack, certSerialId: null}, Type:RATIS, Factor:ONE, State:OPEN]
2019-09-26 15:08:35,474 [grpc-default-executor-1] INFO  impl.RaftServerProxy (RaftServerProxy.java:addNew(89)) - 8a411a4f-0e32-4dd1-80b9-a797c2117425: addNew group-5C09A8D6B935:[8a411a4f-0e32-4dd1-80b9-a797c2117425:192.168.151.99:37125] returns group-5C09A8D6B935:java.util.concurrent.CompletableFuture@2cb41af2[Not completed]
2019-09-26 15:08:35,475 [pool-27-thread-1] INFO  impl.RaftServerImpl (RaftServerImpl.java:<init>(95)) - 8a411a4f-0e32-4dd1-80b9-a797c2117425: new RaftServerImpl for group-5C09A8D6B935:[8a411a4f-0e32-4dd1-80b9-a797c2117425:192.168.151.99:37125] with ContainerStateMachine:uninitialized
2019-09-26 15:08:35,475 [pool-27-thread-1] INFO  server.RaftServerConfigKeys (ConfUtils.java:logGet(43)) - raft.server.rpc.timeout.min = 5s (custom)
2019-09-26 15:08:35,475 [pool-27-thread-1] INFO  server.RaftServerConfigKeys (ConfUtils.java:logGet(43)) - raft.server.rpc.timeout.max = 5200ms (custom)
2019-09-26 15:08:35,476 [pool-27-thread-1] INFO  server.RaftServerConfigKeys (ConfUtils.java:logGet(43)) - raft.server.rpcslowness.timeout = 120s (custom)
2019-09-26 15:08:35,476 [pool-27-thread-1] INFO  server.RaftServerConfigKeys (ConfUtils.java:logGet(43)) - raft.server.sleep.deviation.threshold = 300 (default)
2019-09-26 15:08:35,476 [pool-27-thread-1] INFO  server.RaftServerConfigKeys (ConfUtils.java:logGet(43)) - raft.server.log.appender.install.snapshot.enabled = false (custom)
2019-09-26 15:08:35,476 [pool-27-thread-1] INFO  impl.RaftServerImpl (ServerState.java:<init>(103)) - 8a411a4f-0e32-4dd1-80b9-a797c2117425@group-5C09A8D6B935: ConfigurationManager, init=-1: [8a411a4f-0e32-4dd1-80b9-a797c2117425:192.168.151.99:37125], old=null, confs=<EMPTY_MAP>
2019-09-26 15:08:35,476 [pool-27-thread-1] INFO  server.RaftServerConfigKeys (ConfUtils.java:logGet(43)) - raft.server.storage.dir = [/workdir/hadoop-ozone/integration-test/target/test-dir/MiniOzoneClusterImpl-646ad58d-3cd3-4092-ab15-506251c55e5b/datanode-0/data/ratis] (custom)
2019-09-26 15:08:35,477 [pool-27-thread-1] INFO  storage.RaftStorageDirectory (RaftStorageDirectory.java:analyzeStorage(246)) - The storage directory /workdir/hadoop-ozone/integration-test/target/test-dir/MiniOzoneClusterImpl-646ad58d-3cd3-4092-ab15-506251c55e5b/datanode-0/data/ratis/dff1a34f-fb80-4cc7-be4e-5c09a8d6b935 does not exist. Creating ...
2019-09-26 15:08:35,509 [pool-27-thread-1] INFO  storage.RaftStorageDirectory (RaftStorageDirectory.java:tryLock(328)) - Lock on /workdir/hadoop-ozone/integration-test/target/test-dir/MiniOzoneClusterImpl-646ad58d-3cd3-4092-ab15-506251c55e5b/datanode-0/data/ratis/dff1a34f-fb80-4cc7-be4e-5c09a8d6b935/in_use.lock acquired by nodename 7157@pr-hdds-1569-g6sp5-2013761785
2019-09-26 15:08:35,522 [pool-27-thread-1] INFO  storage.RaftStorage (RaftStorage.java:format(72)) - Storage directory /workdir/hadoop-ozone/integration-test/target/test-dir/MiniOzoneClusterImpl-646ad58d-3cd3-4092-ab15-506251c55e5b/datanode-0/data/ratis/dff1a34f-fb80-4cc7-be4e-5c09a8d6b935 has been successfully formatted.
2019-09-26 15:08:35,522 [pool-27-thread-1] INFO  ratis.ContainerStateMachine (ContainerStateMachine.java:loadSnapshot(230)) - group-5C09A8D6B935: The snapshot info is null. Setting the last applied indexto:(t:0, i:~)
2019-09-26 15:08:35,522 [pool-27-thread-1] INFO  server.RaftServerConfigKeys (ConfUtils.java:logGet(43)) - raft.server.notification.no-leader.timeout = 120s (custom)
2019-09-26 15:08:35,522 [pool-27-thread-1] INFO  server.RaftServerConfigKeys (ConfUtils.java:logGet(43)) - raft.server.log.use.memory = false (default)
2019-09-26 15:08:35,523 [pool-27-thread-1] INFO  server.RaftServerConfigKeys (ConfUtils.java:logGet(43)) - raft.server.log.purge.gap = 1000000 (custom)
2019-09-26 15:08:35,523 [pool-27-thread-1] INFO  server.RaftServerConfigKeys (ConfUtils.java:logGet(43)) - raft.server.log.appender.buffer.byte-limit = 33554432 (custom)
2019-09-26 15:08:35,523 [pool-27-thread-1] INFO  server.RaftServerConfigKeys (ConfUtils.java:logGet(43)) - raft.server.log.segment.size.max = 1048576 (custom)
2019-09-26 15:08:35,523 [pool-27-thread-1] INFO  server.RaftServerConfigKeys (ConfUtils.java:logGet(43)) - raft.server.log.segment.cache.num.max = 2 (custom)
2019-09-26 15:08:35,523 [pool-27-thread-1] INFO  segmented.SegmentedRaftLogWorker (SegmentedRaftLogWorker.java:<init>(172)) - new 8a411a4f-0e32-4dd1-80b9-a797c2117425@group-5C09A8D6B935-SegmentedRaftLogWorker for RaftStorage:Storage Directory /workdir/hadoop-ozone/integration-test/target/test-dir/MiniOzoneClusterImpl-646ad58d-3cd3-4092-ab15-506251c55e5b/datanode-0/data/ratis/dff1a34f-fb80-4cc7-be4e-5c09a8d6b935
2019-09-26 15:08:35,523 [pool-27-thread-1] INFO  server.RaftServerConfigKeys (ConfUtils.java:logGet(43)) - raft.server.log.queue.byte-limit = 2147483647 (custom)
2019-09-26 15:08:35,523 [pool-27-thread-1] INFO  server.RaftServerConfigKeys (ConfUtils.java:logGet(43)) - raft.server.log.queue.element-limit = 1024 (custom)
2019-09-26 15:08:35,523 [pool-27-thread-1] INFO  server.RaftServerConfigKeys (ConfUtils.java:logGet(43)) - raft.server.log.segment.size.max = 1048576 (custom)
2019-09-26 15:08:35,523 [pool-27-thread-1] INFO  server.RaftServerConfigKeys (ConfUtils.java:logGet(43)) - raft.server.log.preallocated.size = 16384 (custom)
2019-09-26 15:08:35,523 [pool-27-thread-1] INFO  server.RaftServerConfigKeys (ConfUtils.java:logGet(43)) - raft.server.log.write.buffer.size = 33554432 (custom)
2019-09-26 15:08:35,523 [pool-27-thread-1] INFO  server.RaftServerConfigKeys (ConfUtils.java:logGet(43)) - raft.server.log.force.sync.num = 128 (default)
2019-09-26 15:08:35,523 [pool-27-thread-1] INFO  server.RaftServerConfigKeys (ConfUtils.java:logGet(43)) - raft.server.log.statemachine.data.sync = true (default)
2019-09-26 15:08:35,524 [pool-27-thread-1] INFO  server.RaftServerConfigKeys (ConfUtils.java:logGet(43)) - raft.server.log.statemachine.data.sync.timeout = 10s (default)
2019-09-26 15:08:35,524 [pool-27-thread-1] INFO  server.RaftServerConfigKeys (ConfUtils.java:logGet(43)) - raft.server.log.statemachine.data.sync.timeout.retry = -1 (default)
2019-09-26 15:08:35,524 [pool-27-thread-1] INFO  server.RaftServerConfigKeys (ConfUtils.java:logGet(43)) - raft.server.log.statemachine.data.caching.enabled = true (custom)
2019-09-26 15:08:35,524 [pool-27-thread-1] INFO  segmented.SegmentedRaftLogWorker (SegmentedRaftLogWorker.java:lambda$new$0(132)) - 8a411a4f-0e32-4dd1-80b9-a797c2117425@group-5C09A8D6B935-SegmentedRaftLogWorker: flushIndex: setUnconditionally 0 -> -1
2019-09-26 15:08:35,524 [pool-27-thread-1] INFO  server.RaftServerConfigKeys (ConfUtils.java:logGet(43)) - raft.server.snapshot.auto.trigger.enabled = true (custom)
2019-09-26 15:08:35,524 [pool-27-thread-1] INFO  server.RaftServerConfigKeys (ConfUtils.java:logGet(43)) - raft.server.snapshot.auto.trigger.threshold = 10000 (custom)
2019-09-26 15:08:35,524 [pool-27-thread-1] INFO  server.RaftServerConfigKeys (ConfUtils.java:logGet(43)) - raft.server.snapshot.retention.num.files = 5 (custom)
2019-09-26 15:08:35,524 [pool-27-thread-1] INFO  server.RaftServerConfigKeys (ConfUtils.java:logGet(43)) - raft.server.retrycache.expirytime = 600000ms (custom)
2019-09-26 15:08:35,526 [pool-27-thread-1] INFO  impl.RaftServerImpl (RaftServerImpl.java:start(185)) - 8a411a4f-0e32-4dd1-80b9-a797c2117425@group-5C09A8D6B935: start as a follower, conf=-1: [8a411a4f-0e32-4dd1-80b9-a797c2117425:192.168.151.99:37125], old=null
2019-09-26 15:08:35,526 [pool-27-thread-1] INFO  impl.RaftServerImpl (RaftServerImpl.java:setRole(174)) - 8a411a4f-0e32-4dd1-80b9-a797c2117425@group-5C09A8D6B935: changes role from      null to FOLLOWER at term 0 for startAsFollower
2019-09-26 15:08:35,526 [pool-27-thread-1] INFO  impl.RoleInfo (RoleInfo.java:updateAndGet(143)) - 8a411a4f-0e32-4dd1-80b9-a797c2117425: start FollowerState
2019-09-26 15:08:35,526 [pool-27-thread-1] INFO  util.JmxRegister (JmxRegister.java:tryRegister(44)) - Successfully registered JMX Bean with object name Ratis:service=RaftServer,group=group-5C09A8D6B935,id=8a411a4f-0e32-4dd1-80b9-a797c2117425
2019-09-26 15:08:35,529 [RatisPipelineUtilsThread] INFO  pipeline.PipelineStateManager (PipelineStateManager.java:addPipeline(56)) - Created pipeline Pipeline[ Id: dff1a34f-fb80-4cc7-be4e-5c09a8d6b935, Nodes: 8a411a4f-0e32-4dd1-80b9-a797c2117425{ip: 192.168.151.99, host: pr-hdds-1569-g6sp5-2013761785, networkLocation: /default-rack, certSerialId: null}, Type:RATIS, Factor:ONE, State:OPEN]
2019-09-26 15:08:35,534 [grpc-default-executor-1] INFO  impl.RaftServerProxy (RaftServerProxy.java:addNew(89)) - 8a411a4f-0e32-4dd1-80b9-a797c2117425: addNew group-24DB933FF523:[8a411a4f-0e32-4dd1-80b9-a797c2117425:192.168.151.99:37125] returns group-24DB933FF523:java.util.concurrent.CompletableFuture@394d1c88[Not completed]
2019-09-26 15:08:35,535 [pool-27-thread-1] INFO  impl.RaftServerImpl (RaftServerImpl.java:<init>(95)) - 8a411a4f-0e32-4dd1-80b9-a797c2117425: new RaftServerImpl for group-24DB933FF523:[8a411a4f-0e32-4dd1-80b9-a797c2117425:192.168.151.99:37125] with ContainerStateMachine:uninitialized
2019-09-26 15:08:35,535 [pool-27-thread-1] INFO  server.RaftServerConfigKeys (ConfUtils.java:logGet(43)) - raft.server.rpc.timeout.min = 5s (custom)
2019-09-26 15:08:35,535 [pool-27-thread-1] INFO  server.RaftServerConfigKeys (ConfUtils.java:logGet(43)) - raft.server.rpc.timeout.max = 5200ms (custom)
2019-09-26 15:08:35,535 [pool-27-thread-1] INFO  server.RaftServerConfigKeys (ConfUtils.java:logGet(43)) - raft.server.rpcslowness.timeout = 120s (custom)
2019-09-26 15:08:35,535 [pool-27-thread-1] INFO  server.RaftServerConfigKeys (ConfUtils.java:logGet(43)) - raft.server.sleep.deviation.threshold = 300 (default)
2019-09-26 15:08:35,535 [pool-27-thread-1] INFO  server.RaftServerConfigKeys (ConfUtils.java:logGet(43)) - raft.server.log.appender.install.snapshot.enabled = false (custom)
2019-09-26 15:08:35,535 [pool-27-thread-1] INFO  impl.RaftServerImpl (ServerState.java:<init>(103)) - 8a411a4f-0e32-4dd1-80b9-a797c2117425@group-24DB933FF523: ConfigurationManager, init=-1: [8a411a4f-0e32-4dd1-80b9-a797c2117425:192.168.151.99:37125], old=null, confs=<EMPTY_MAP>
2019-09-26 15:08:35,536 [pool-27-thread-1] INFO  server.RaftServerConfigKeys (ConfUtils.java:logGet(43)) - raft.server.storage.dir = [/workdir/hadoop-ozone/integration-test/target/test-dir/MiniOzoneClusterImpl-646ad58d-3cd3-4092-ab15-506251c55e5b/datanode-0/data/ratis] (custom)
2019-09-26 15:08:35,537 [pool-27-thread-1] INFO  storage.RaftStorageDirectory (RaftStorageDirectory.java:analyzeStorage(246)) - The storage directory /workdir/hadoop-ozone/integration-test/target/test-dir/MiniOzoneClusterImpl-646ad58d-3cd3-4092-ab15-506251c55e5b/datanode-0/data/ratis/b70ac10b-f9fb-4591-b619-24db933ff523 does not exist. Creating ...
2019-09-26 15:08:35,542 [pool-27-thread-1] INFO  storage.RaftStorageDirectory (RaftStorageDirectory.java:tryLock(328)) - Lock on /workdir/hadoop-ozone/integration-test/target/test-dir/MiniOzoneClusterImpl-646ad58d-3cd3-4092-ab15-506251c55e5b/datanode-0/data/ratis/b70ac10b-f9fb-4591-b619-24db933ff523/in_use.lock acquired by nodename 7157@pr-hdds-1569-g6sp5-2013761785
2019-09-26 15:08:35,555 [pool-27-thread-1] INFO  storage.RaftStorage (RaftStorage.java:format(72)) - Storage directory /workdir/hadoop-ozone/integration-test/target/test-dir/MiniOzoneClusterImpl-646ad58d-3cd3-4092-ab15-506251c55e5b/datanode-0/data/ratis/b70ac10b-f9fb-4591-b619-24db933ff523 has been successfully formatted.
2019-09-26 15:08:35,556 [pool-27-thread-1] INFO  ratis.ContainerStateMachine (ContainerStateMachine.java:loadSnapshot(230)) - group-24DB933FF523: The snapshot info is null. Setting the last applied indexto:(t:0, i:~)
2019-09-26 15:08:35,556 [pool-27-thread-1] INFO  server.RaftServerConfigKeys (ConfUtils.java:logGet(43)) - raft.server.notification.no-leader.timeout = 120s (custom)
2019-09-26 15:08:35,556 [pool-27-thread-1] INFO  server.RaftServerConfigKeys (ConfUtils.java:logGet(43)) - raft.server.log.use.memory = false (default)
2019-09-26 15:08:35,556 [pool-27-thread-1] INFO  server.RaftServerConfigKeys (ConfUtils.java:logGet(43)) - raft.server.log.purge.gap = 1000000 (custom)
2019-09-26 15:08:35,556 [pool-27-thread-1] INFO  server.RaftServerConfigKeys (ConfUtils.java:logGet(43)) - raft.server.log.appender.buffer.byte-limit = 33554432 (custom)
2019-09-26 15:08:35,556 [pool-27-thread-1] INFO  server.RaftServerConfigKeys (ConfUtils.java:logGet(43)) - raft.server.log.segment.size.max = 1048576 (custom)
2019-09-26 15:08:35,556 [pool-27-thread-1] INFO  server.RaftServerConfigKeys (ConfUtils.java:logGet(43)) - raft.server.log.segment.cache.num.max = 2 (custom)
2019-09-26 15:08:35,556 [pool-27-thread-1] INFO  segmented.SegmentedRaftLogWorker (SegmentedRaftLogWorker.java:<init>(172)) - new 8a411a4f-0e32-4dd1-80b9-a797c2117425@group-24DB933FF523-SegmentedRaftLogWorker for RaftStorage:Storage Directory /workdir/hadoop-ozone/integration-test/target/test-dir/MiniOzoneClusterImpl-646ad58d-3cd3-4092-ab15-506251c55e5b/datanode-0/data/ratis/b70ac10b-f9fb-4591-b619-24db933ff523
2019-09-26 15:08:35,556 [pool-27-thread-1] INFO  server.RaftServerConfigKeys (ConfUtils.java:logGet(43)) - raft.server.log.queue.byte-limit = 2147483647 (custom)
2019-09-26 15:08:35,557 [pool-27-thread-1] INFO  server.RaftServerConfigKeys (ConfUtils.java:logGet(43)) - raft.server.log.queue.element-limit = 1024 (custom)
2019-09-26 15:08:35,557 [pool-27-thread-1] INFO  server.RaftServerConfigKeys (ConfUtils.java:logGet(43)) - raft.server.log.segment.size.max = 1048576 (custom)
2019-09-26 15:08:35,557 [pool-27-thread-1] INFO  server.RaftServerConfigKeys (ConfUtils.java:logGet(43)) - raft.server.log.preallocated.size = 16384 (custom)
2019-09-26 15:08:35,557 [pool-27-thread-1] INFO  server.RaftServerConfigKeys (ConfUtils.java:logGet(43)) - raft.server.log.write.buffer.size = 33554432 (custom)
2019-09-26 15:08:35,557 [pool-27-thread-1] INFO  server.RaftServerConfigKeys (ConfUtils.java:logGet(43)) - raft.server.log.force.sync.num = 128 (default)
2019-09-26 15:08:35,557 [pool-27-thread-1] INFO  server.RaftServerConfigKeys (ConfUtils.java:logGet(43)) - raft.server.log.statemachine.data.sync = true (default)
2019-09-26 15:08:35,557 [pool-27-thread-1] INFO  server.RaftServerConfigKeys (ConfUtils.java:logGet(43)) - raft.server.log.statemachine.data.sync.timeout = 10s (default)
2019-09-26 15:08:35,557 [pool-27-thread-1] INFO  server.RaftServerConfigKeys (ConfUtils.java:logGet(43)) - raft.server.log.statemachine.data.sync.timeout.retry = -1 (default)
2019-09-26 15:08:35,563 [pool-27-thread-1] INFO  server.RaftServerConfigKeys (ConfUtils.java:logGet(43)) - raft.server.log.statemachine.data.caching.enabled = true (custom)
2019-09-26 15:08:35,563 [pool-27-thread-1] INFO  segmented.SegmentedRaftLogWorker (SegmentedRaftLogWorker.java:lambda$new$0(132)) - 8a411a4f-0e32-4dd1-80b9-a797c2117425@group-24DB933FF523-SegmentedRaftLogWorker: flushIndex: setUnconditionally 0 -> -1
2019-09-26 15:08:35,563 [pool-27-thread-1] INFO  server.RaftServerConfigKeys (ConfUtils.java:logGet(43)) - raft.server.snapshot.auto.trigger.enabled = true (custom)
2019-09-26 15:08:35,563 [pool-27-thread-1] INFO  server.RaftServerConfigKeys (ConfUtils.java:logGet(43)) - raft.server.snapshot.auto.trigger.threshold = 10000 (custom)
2019-09-26 15:08:35,564 [pool-27-thread-1] INFO  server.RaftServerConfigKeys (ConfUtils.java:logGet(43)) - raft.server.snapshot.retention.num.files = 5 (custom)
2019-09-26 15:08:35,564 [pool-27-thread-1] INFO  server.RaftServerConfigKeys (ConfUtils.java:logGet(43)) - raft.server.retrycache.expirytime = 600000ms (custom)
2019-09-26 15:08:35,593 [Timer for 'StorageContainerManager' metrics system] INFO  lib.Interns (Interns.java:removeEldestEntry(50)) - Metrics intern cache overflow at 2011 for MetricsSystem={MetricsSystem=MetricsInfoImpl{name=MetricsSystem, description=MetricsSystem}, MetricsSystem record=MetricsInfoImpl{name=MetricsSystem, description=MetricsSystem record}}
2019-09-26 15:08:35,597 [pool-27-thread-1] INFO  impl.RaftServerImpl (RaftServerImpl.java:start(185)) - 8a411a4f-0e32-4dd1-80b9-a797c2117425@group-24DB933FF523: start as a follower, conf=-1: [8a411a4f-0e32-4dd1-80b9-a797c2117425:192.168.151.99:37125], old=null
2019-09-26 15:08:35,597 [pool-27-thread-1] INFO  impl.RaftServerImpl (RaftServerImpl.java:setRole(174)) - 8a411a4f-0e32-4dd1-80b9-a797c2117425@group-24DB933FF523: changes role from      null to FOLLOWER at term 0 for startAsFollower
2019-09-26 15:08:35,597 [pool-27-thread-1] INFO  impl.RoleInfo (RoleInfo.java:updateAndGet(143)) - 8a411a4f-0e32-4dd1-80b9-a797c2117425: start FollowerState
2019-09-26 15:08:35,597 [pool-27-thread-1] INFO  util.JmxRegister (JmxRegister.java:tryRegister(44)) - Successfully registered JMX Bean with object name Ratis:service=RaftServer,group=group-24DB933FF523,id=8a411a4f-0e32-4dd1-80b9-a797c2117425
2019-09-26 15:08:35,600 [RatisPipelineUtilsThread] INFO  pipeline.PipelineStateManager (PipelineStateManager.java:addPipeline(56)) - Created pipeline Pipeline[ Id: b70ac10b-f9fb-4591-b619-24db933ff523, Nodes: 8a411a4f-0e32-4dd1-80b9-a797c2117425{ip: 192.168.151.99, host: pr-hdds-1569-g6sp5-2013761785, networkLocation: /default-rack, certSerialId: null}, Type:RATIS, Factor:ONE, State:OPEN]
2019-09-26 15:08:35,605 [grpc-default-executor-1] INFO  impl.RaftServerProxy (RaftServerProxy.java:addNew(89)) - 8a411a4f-0e32-4dd1-80b9-a797c2117425: addNew group-4D95ED7A34E1:[8a411a4f-0e32-4dd1-80b9-a797c2117425:192.168.151.99:37125] returns group-4D95ED7A34E1:java.util.concurrent.CompletableFuture@3a5266b6[Not completed]
2019-09-26 15:08:35,606 [pool-27-thread-1] INFO  impl.RaftServerImpl (RaftServerImpl.java:<init>(95)) - 8a411a4f-0e32-4dd1-80b9-a797c2117425: new RaftServerImpl for group-4D95ED7A34E1:[8a411a4f-0e32-4dd1-80b9-a797c2117425:192.168.151.99:37125] with ContainerStateMachine:uninitialized
2019-09-26 15:08:35,606 [pool-27-thread-1] INFO  server.RaftServerConfigKeys (ConfUtils.java:logGet(43)) - raft.server.rpc.timeout.min = 5s (custom)
2019-09-26 15:08:35,606 [pool-27-thread-1] INFO  server.RaftServerConfigKeys (ConfUtils.java:logGet(43)) - raft.server.rpc.timeout.max = 5200ms (custom)
2019-09-26 15:08:35,606 [pool-27-thread-1] INFO  server.RaftServerConfigKeys (ConfUtils.java:logGet(43)) - raft.server.rpcslowness.timeout = 120s (custom)
2019-09-26 15:08:35,607 [pool-27-thread-1] INFO  server.RaftServerConfigKeys (ConfUtils.java:logGet(43)) - raft.server.sleep.deviation.threshold = 300 (default)
2019-09-26 15:08:35,607 [pool-27-thread-1] INFO  server.RaftServerConfigKeys (ConfUtils.java:logGet(43)) - raft.server.log.appender.install.snapshot.enabled = false (custom)
2019-09-26 15:08:35,607 [pool-27-thread-1] INFO  impl.RaftServerImpl (ServerState.java:<init>(103)) - 8a411a4f-0e32-4dd1-80b9-a797c2117425@group-4D95ED7A34E1: ConfigurationManager, init=-1: [8a411a4f-0e32-4dd1-80b9-a797c2117425:192.168.151.99:37125], old=null, confs=<EMPTY_MAP>
2019-09-26 15:08:35,607 [pool-27-thread-1] INFO  server.RaftServerConfigKeys (ConfUtils.java:logGet(43)) - raft.server.storage.dir = [/workdir/hadoop-ozone/integration-test/target/test-dir/MiniOzoneClusterImpl-646ad58d-3cd3-4092-ab15-506251c55e5b/datanode-0/data/ratis] (custom)
2019-09-26 15:08:35,608 [pool-27-thread-1] INFO  storage.RaftStorageDirectory (RaftStorageDirectory.java:analyzeStorage(246)) - The storage directory /workdir/hadoop-ozone/integration-test/target/test-dir/MiniOzoneClusterImpl-646ad58d-3cd3-4092-ab15-506251c55e5b/datanode-0/data/ratis/fddbe4c9-4a65-4043-8e61-4d95ed7a34e1 does not exist. Creating ...
2019-09-26 15:08:35,633 [pool-27-thread-1] INFO  storage.RaftStorageDirectory (RaftStorageDirectory.java:tryLock(328)) - Lock on /workdir/hadoop-ozone/integration-test/target/test-dir/MiniOzoneClusterImpl-646ad58d-3cd3-4092-ab15-506251c55e5b/datanode-0/data/ratis/fddbe4c9-4a65-4043-8e61-4d95ed7a34e1/in_use.lock acquired by nodename 7157@pr-hdds-1569-g6sp5-2013761785
2019-09-26 15:08:35,647 [pool-27-thread-1] INFO  storage.RaftStorage (RaftStorage.java:format(72)) - Storage directory /workdir/hadoop-ozone/integration-test/target/test-dir/MiniOzoneClusterImpl-646ad58d-3cd3-4092-ab15-506251c55e5b/datanode-0/data/ratis/fddbe4c9-4a65-4043-8e61-4d95ed7a34e1 has been successfully formatted.
2019-09-26 15:08:35,647 [pool-27-thread-1] INFO  ratis.ContainerStateMachine (ContainerStateMachine.java:loadSnapshot(230)) - group-4D95ED7A34E1: The snapshot info is null. Setting the last applied indexto:(t:0, i:~)
2019-09-26 15:08:35,648 [pool-27-thread-1] INFO  server.RaftServerConfigKeys (ConfUtils.java:logGet(43)) - raft.server.notification.no-leader.timeout = 120s (custom)
2019-09-26 15:08:35,648 [pool-27-thread-1] INFO  server.RaftServerConfigKeys (ConfUtils.java:logGet(43)) - raft.server.log.use.memory = false (default)
2019-09-26 15:08:35,648 [pool-27-thread-1] INFO  server.RaftServerConfigKeys (ConfUtils.java:logGet(43)) - raft.server.log.purge.gap = 1000000 (custom)
2019-09-26 15:08:35,648 [pool-27-thread-1] INFO  server.RaftServerConfigKeys (ConfUtils.java:logGet(43)) - raft.server.log.appender.buffer.byte-limit = 33554432 (custom)
2019-09-26 15:08:35,648 [pool-27-thread-1] INFO  server.RaftServerConfigKeys (ConfUtils.java:logGet(43)) - raft.server.log.segment.size.max = 1048576 (custom)
2019-09-26 15:08:35,648 [pool-27-thread-1] INFO  server.RaftServerConfigKeys (ConfUtils.java:logGet(43)) - raft.server.log.segment.cache.num.max = 2 (custom)
2019-09-26 15:08:35,648 [pool-27-thread-1] INFO  segmented.SegmentedRaftLogWorker (SegmentedRaftLogWorker.java:<init>(172)) - new 8a411a4f-0e32-4dd1-80b9-a797c2117425@group-4D95ED7A34E1-SegmentedRaftLogWorker for RaftStorage:Storage Directory /workdir/hadoop-ozone/integration-test/target/test-dir/MiniOzoneClusterImpl-646ad58d-3cd3-4092-ab15-506251c55e5b/datanode-0/data/ratis/fddbe4c9-4a65-4043-8e61-4d95ed7a34e1
2019-09-26 15:08:35,648 [pool-27-thread-1] INFO  server.RaftServerConfigKeys (ConfUtils.java:logGet(43)) - raft.server.log.queue.byte-limit = 2147483647 (custom)
2019-09-26 15:08:35,648 [pool-27-thread-1] INFO  server.RaftServerConfigKeys (ConfUtils.java:logGet(43)) - raft.server.log.queue.element-limit = 1024 (custom)
2019-09-26 15:08:35,648 [pool-27-thread-1] INFO  server.RaftServerConfigKeys (ConfUtils.java:logGet(43)) - raft.server.log.segment.size.max = 1048576 (custom)
2019-09-26 15:08:35,648 [pool-27-thread-1] INFO  server.RaftServerConfigKeys (ConfUtils.java:logGet(43)) - raft.server.log.preallocated.size = 16384 (custom)
2019-09-26 15:08:35,649 [pool-27-thread-1] INFO  server.RaftServerConfigKeys (ConfUtils.java:logGet(43)) - raft.server.log.write.buffer.size = 33554432 (custom)
2019-09-26 15:08:35,649 [pool-27-thread-1] INFO  server.RaftServerConfigKeys (ConfUtils.java:logGet(43)) - raft.server.log.force.sync.num = 128 (default)
2019-09-26 15:08:35,649 [pool-27-thread-1] INFO  server.RaftServerConfigKeys (ConfUtils.java:logGet(43)) - raft.server.log.statemachine.data.sync = true (default)
2019-09-26 15:08:35,649 [pool-27-thread-1] INFO  server.RaftServerConfigKeys (ConfUtils.java:logGet(43)) - raft.server.log.statemachine.data.sync.timeout = 10s (default)
2019-09-26 15:08:35,649 [pool-27-thread-1] INFO  server.RaftServerConfigKeys (ConfUtils.java:logGet(43)) - raft.server.log.statemachine.data.sync.timeout.retry = -1 (default)
2019-09-26 15:08:35,649 [pool-27-thread-1] INFO  server.RaftServerConfigKeys (ConfUtils.java:logGet(43)) - raft.server.log.statemachine.data.caching.enabled = true (custom)
2019-09-26 15:08:35,649 [pool-27-thread-1] INFO  segmented.SegmentedRaftLogWorker (SegmentedRaftLogWorker.java:lambda$new$0(132)) - 8a411a4f-0e32-4dd1-80b9-a797c2117425@group-4D95ED7A34E1-SegmentedRaftLogWorker: flushIndex: setUnconditionally 0 -> -1
2019-09-26 15:08:35,649 [pool-27-thread-1] INFO  server.RaftServerConfigKeys (ConfUtils.java:logGet(43)) - raft.server.snapshot.auto.trigger.enabled = true (custom)
2019-09-26 15:08:35,649 [pool-27-thread-1] INFO  server.RaftServerConfigKeys (ConfUtils.java:logGet(43)) - raft.server.snapshot.auto.trigger.threshold = 10000 (custom)
2019-09-26 15:08:35,650 [pool-27-thread-1] INFO  server.RaftServerConfigKeys (ConfUtils.java:logGet(43)) - raft.server.snapshot.retention.num.files = 5 (custom)
2019-09-26 15:08:35,650 [pool-27-thread-1] INFO  server.RaftServerConfigKeys (ConfUtils.java:logGet(43)) - raft.server.retrycache.expirytime = 600000ms (custom)
2019-09-26 15:08:35,651 [pool-27-thread-1] INFO  impl.RaftServerImpl (RaftServerImpl.java:start(185)) - 8a411a4f-0e32-4dd1-80b9-a797c2117425@group-4D95ED7A34E1: start as a follower, conf=-1: [8a411a4f-0e32-4dd1-80b9-a797c2117425:192.168.151.99:37125], old=null
2019-09-26 15:08:35,651 [pool-27-thread-1] INFO  impl.RaftServerImpl (RaftServerImpl.java:setRole(174)) - 8a411a4f-0e32-4dd1-80b9-a797c2117425@group-4D95ED7A34E1: changes role from      null to FOLLOWER at term 0 for startAsFollower
2019-09-26 15:08:35,651 [pool-27-thread-1] INFO  impl.RoleInfo (RoleInfo.java:updateAndGet(143)) - 8a411a4f-0e32-4dd1-80b9-a797c2117425: start FollowerState
2019-09-26 15:08:35,651 [pool-27-thread-1] INFO  util.JmxRegister (JmxRegister.java:tryRegister(44)) - Successfully registered JMX Bean with object name Ratis:service=RaftServer,group=group-4D95ED7A34E1,id=8a411a4f-0e32-4dd1-80b9-a797c2117425
2019-09-26 15:08:35,654 [RatisPipelineUtilsThread] INFO  pipeline.PipelineStateManager (PipelineStateManager.java:addPipeline(56)) - Created pipeline Pipeline[ Id: fddbe4c9-4a65-4043-8e61-4d95ed7a34e1, Nodes: 8a411a4f-0e32-4dd1-80b9-a797c2117425{ip: 192.168.151.99, host: pr-hdds-1569-g6sp5-2013761785, networkLocation: /default-rack, certSerialId: null}, Type:RATIS, Factor:ONE, State:OPEN]
2019-09-26 15:08:35,660 [grpc-default-executor-1] INFO  impl.RaftServerProxy (RaftServerProxy.java:addNew(89)) - 8a411a4f-0e32-4dd1-80b9-a797c2117425: addNew group-38020CCA7F83:[8a411a4f-0e32-4dd1-80b9-a797c2117425:192.168.151.99:37125] returns group-38020CCA7F83:java.util.concurrent.CompletableFuture@36fbbfe[Not completed]
2019-09-26 15:08:35,661 [pool-27-thread-1] INFO  impl.RaftServerImpl (RaftServerImpl.java:<init>(95)) - 8a411a4f-0e32-4dd1-80b9-a797c2117425: new RaftServerImpl for group-38020CCA7F83:[8a411a4f-0e32-4dd1-80b9-a797c2117425:192.168.151.99:37125] with ContainerStateMachine:uninitialized
2019-09-26 15:08:35,661 [pool-27-thread-1] INFO  server.RaftServerConfigKeys (ConfUtils.java:logGet(43)) - raft.server.rpc.timeout.min = 5s (custom)
2019-09-26 15:08:35,661 [pool-27-thread-1] INFO  server.RaftServerConfigKeys (ConfUtils.java:logGet(43)) - raft.server.rpc.timeout.max = 5200ms (custom)
2019-09-26 15:08:35,661 [pool-27-thread-1] INFO  server.RaftServerConfigKeys (ConfUtils.java:logGet(43)) - raft.server.rpcslowness.timeout = 120s (custom)
2019-09-26 15:08:35,661 [pool-27-thread-1] INFO  server.RaftServerConfigKeys (ConfUtils.java:logGet(43)) - raft.server.sleep.deviation.threshold = 300 (default)
2019-09-26 15:08:35,661 [pool-27-thread-1] INFO  server.RaftServerConfigKeys (ConfUtils.java:logGet(43)) - raft.server.log.appender.install.snapshot.enabled = false (custom)
2019-09-26 15:08:35,661 [pool-27-thread-1] INFO  impl.RaftServerImpl (ServerState.java:<init>(103)) - 8a411a4f-0e32-4dd1-80b9-a797c2117425@group-38020CCA7F83: ConfigurationManager, init=-1: [8a411a4f-0e32-4dd1-80b9-a797c2117425:192.168.151.99:37125], old=null, confs=<EMPTY_MAP>
2019-09-26 15:08:35,661 [pool-27-thread-1] INFO  server.RaftServerConfigKeys (ConfUtils.java:logGet(43)) - raft.server.storage.dir = [/workdir/hadoop-ozone/integration-test/target/test-dir/MiniOzoneClusterImpl-646ad58d-3cd3-4092-ab15-506251c55e5b/datanode-0/data/ratis] (custom)
2019-09-26 15:08:35,662 [pool-27-thread-1] INFO  storage.RaftStorageDirectory (RaftStorageDirectory.java:analyzeStorage(246)) - The storage directory /workdir/hadoop-ozone/integration-test/target/test-dir/MiniOzoneClusterImpl-646ad58d-3cd3-4092-ab15-506251c55e5b/datanode-0/data/ratis/a549f3fe-84c9-4754-a03f-38020cca7f83 does not exist. Creating ...
2019-09-26 15:08:35,675 [pool-27-thread-1] INFO  storage.RaftStorageDirectory (RaftStorageDirectory.java:tryLock(328)) - Lock on /workdir/hadoop-ozone/integration-test/target/test-dir/MiniOzoneClusterImpl-646ad58d-3cd3-4092-ab15-506251c55e5b/datanode-0/data/ratis/a549f3fe-84c9-4754-a03f-38020cca7f83/in_use.lock acquired by nodename 7157@pr-hdds-1569-g6sp5-2013761785
2019-09-26 15:08:35,688 [pool-27-thread-1] INFO  storage.RaftStorage (RaftStorage.java:format(72)) - Storage directory /workdir/hadoop-ozone/integration-test/target/test-dir/MiniOzoneClusterImpl-646ad58d-3cd3-4092-ab15-506251c55e5b/datanode-0/data/ratis/a549f3fe-84c9-4754-a03f-38020cca7f83 has been successfully formatted.
2019-09-26 15:08:35,688 [pool-27-thread-1] INFO  ratis.ContainerStateMachine (ContainerStateMachine.java:loadSnapshot(230)) - group-38020CCA7F83: The snapshot info is null. Setting the last applied indexto:(t:0, i:~)
2019-09-26 15:08:35,689 [pool-27-thread-1] INFO  server.RaftServerConfigKeys (ConfUtils.java:logGet(43)) - raft.server.notification.no-leader.timeout = 120s (custom)
2019-09-26 15:08:35,689 [pool-27-thread-1] INFO  server.RaftServerConfigKeys (ConfUtils.java:logGet(43)) - raft.server.log.use.memory = false (default)
2019-09-26 15:08:35,689 [pool-27-thread-1] INFO  server.RaftServerConfigKeys (ConfUtils.java:logGet(43)) - raft.server.log.purge.gap = 1000000 (custom)
2019-09-26 15:08:35,689 [pool-27-thread-1] INFO  server.RaftServerConfigKeys (ConfUtils.java:logGet(43)) - raft.server.log.appender.buffer.byte-limit = 33554432 (custom)
2019-09-26 15:08:35,689 [pool-27-thread-1] INFO  server.RaftServerConfigKeys (ConfUtils.java:logGet(43)) - raft.server.log.segment.size.max = 1048576 (custom)
2019-09-26 15:08:35,689 [pool-27-thread-1] INFO  server.RaftServerConfigKeys (ConfUtils.java:logGet(43)) - raft.server.log.segment.cache.num.max = 2 (custom)
2019-09-26 15:08:35,689 [pool-27-thread-1] INFO  segmented.SegmentedRaftLogWorker (SegmentedRaftLogWorker.java:<init>(172)) - new 8a411a4f-0e32-4dd1-80b9-a797c2117425@group-38020CCA7F83-SegmentedRaftLogWorker for RaftStorage:Storage Directory /workdir/hadoop-ozone/integration-test/target/test-dir/MiniOzoneClusterImpl-646ad58d-3cd3-4092-ab15-506251c55e5b/datanode-0/data/ratis/a549f3fe-84c9-4754-a03f-38020cca7f83
2019-09-26 15:08:35,689 [pool-27-thread-1] INFO  server.RaftServerConfigKeys (ConfUtils.java:logGet(43)) - raft.server.log.queue.byte-limit = 2147483647 (custom)
2019-09-26 15:08:35,689 [pool-27-thread-1] INFO  server.RaftServerConfigKeys (ConfUtils.java:logGet(43)) - raft.server.log.queue.element-limit = 1024 (custom)
2019-09-26 15:08:35,689 [pool-27-thread-1] INFO  server.RaftServerConfigKeys (ConfUtils.java:logGet(43)) - raft.server.log.segment.size.max = 1048576 (custom)
2019-09-26 15:08:35,690 [pool-27-thread-1] INFO  server.RaftServerConfigKeys (ConfUtils.java:logGet(43)) - raft.server.log.preallocated.size = 16384 (custom)
2019-09-26 15:08:35,690 [pool-27-thread-1] INFO  server.RaftServerConfigKeys (ConfUtils.java:logGet(43)) - raft.server.log.write.buffer.size = 33554432 (custom)
2019-09-26 15:08:35,690 [pool-27-thread-1] INFO  server.RaftServerConfigKeys (ConfUtils.java:logGet(43)) - raft.server.log.force.sync.num = 128 (default)
2019-09-26 15:08:35,690 [pool-27-thread-1] INFO  server.RaftServerConfigKeys (ConfUtils.java:logGet(43)) - raft.server.log.statemachine.data.sync = true (default)
2019-09-26 15:08:35,690 [pool-27-thread-1] INFO  server.RaftServerConfigKeys (ConfUtils.java:logGet(43)) - raft.server.log.statemachine.data.sync.timeout = 10s (default)
2019-09-26 15:08:35,690 [pool-27-thread-1] INFO  server.RaftServerConfigKeys (ConfUtils.java:logGet(43)) - raft.server.log.statemachine.data.sync.timeout.retry = -1 (default)
2019-09-26 15:08:35,690 [pool-27-thread-1] INFO  server.RaftServerConfigKeys (ConfUtils.java:logGet(43)) - raft.server.log.statemachine.data.caching.enabled = true (custom)
2019-09-26 15:08:35,690 [pool-27-thread-1] INFO  segmented.SegmentedRaftLogWorker (SegmentedRaftLogWorker.java:lambda$new$0(132)) - 8a411a4f-0e32-4dd1-80b9-a797c2117425@group-38020CCA7F83-SegmentedRaftLogWorker: flushIndex: setUnconditionally 0 -> -1
2019-09-26 15:08:35,691 [pool-27-thread-1] INFO  server.RaftServerConfigKeys (ConfUtils.java:logGet(43)) - raft.server.snapshot.auto.trigger.enabled = true (custom)
2019-09-26 15:08:35,691 [pool-27-thread-1] INFO  server.RaftServerConfigKeys (ConfUtils.java:logGet(43)) - raft.server.snapshot.auto.trigger.threshold = 10000 (custom)
2019-09-26 15:08:35,691 [pool-27-thread-1] INFO  server.RaftServerConfigKeys (ConfUtils.java:logGet(43)) - raft.server.snapshot.retention.num.files = 5 (custom)
2019-09-26 15:08:35,691 [pool-27-thread-1] INFO  server.RaftServerConfigKeys (ConfUtils.java:logGet(43)) - raft.server.retrycache.expirytime = 600000ms (custom)
2019-09-26 15:08:35,693 [pool-27-thread-1] INFO  impl.RaftServerImpl (RaftServerImpl.java:start(185)) - 8a411a4f-0e32-4dd1-80b9-a797c2117425@group-38020CCA7F83: start as a follower, conf=-1: [8a411a4f-0e32-4dd1-80b9-a797c2117425:192.168.151.99:37125], old=null
2019-09-26 15:08:35,693 [pool-27-thread-1] INFO  impl.RaftServerImpl (RaftServerImpl.java:setRole(174)) - 8a411a4f-0e32-4dd1-80b9-a797c2117425@group-38020CCA7F83: changes role from      null to FOLLOWER at term 0 for startAsFollower
2019-09-26 15:08:35,693 [pool-27-thread-1] INFO  impl.RoleInfo (RoleInfo.java:updateAndGet(143)) - 8a411a4f-0e32-4dd1-80b9-a797c2117425: start FollowerState
2019-09-26 15:08:35,693 [pool-27-thread-1] INFO  util.JmxRegister (JmxRegister.java:tryRegister(44)) - Successfully registered JMX Bean with object name Ratis:service=RaftServer,group=group-38020CCA7F83,id=8a411a4f-0e32-4dd1-80b9-a797c2117425
2019-09-26 15:08:35,696 [RatisPipelineUtilsThread] INFO  pipeline.PipelineStateManager (PipelineStateManager.java:addPipeline(56)) - Created pipeline Pipeline[ Id: a549f3fe-84c9-4754-a03f-38020cca7f83, Nodes: 8a411a4f-0e32-4dd1-80b9-a797c2117425{ip: 192.168.151.99, host: pr-hdds-1569-g6sp5-2013761785, networkLocation: /default-rack, certSerialId: null}, Type:RATIS, Factor:ONE, State:OPEN]
2019-09-26 15:08:35,703 [grpc-default-executor-1] INFO  impl.RaftServerProxy (RaftServerProxy.java:addNew(89)) - 8a411a4f-0e32-4dd1-80b9-a797c2117425: addNew group-06EC7D0DF22B:[8a411a4f-0e32-4dd1-80b9-a797c2117425:192.168.151.99:37125] returns group-06EC7D0DF22B:java.util.concurrent.CompletableFuture@708e2593[Not completed]
2019-09-26 15:08:35,705 [pool-27-thread-1] INFO  impl.RaftServerImpl (RaftServerImpl.java:<init>(95)) - 8a411a4f-0e32-4dd1-80b9-a797c2117425: new RaftServerImpl for group-06EC7D0DF22B:[8a411a4f-0e32-4dd1-80b9-a797c2117425:192.168.151.99:37125] with ContainerStateMachine:uninitialized
2019-09-26 15:08:35,705 [pool-27-thread-1] INFO  server.RaftServerConfigKeys (ConfUtils.java:logGet(43)) - raft.server.rpc.timeout.min = 5s (custom)
2019-09-26 15:08:35,705 [pool-27-thread-1] INFO  server.RaftServerConfigKeys (ConfUtils.java:logGet(43)) - raft.server.rpc.timeout.max = 5200ms (custom)
2019-09-26 15:08:35,705 [pool-27-thread-1] INFO  server.RaftServerConfigKeys (ConfUtils.java:logGet(43)) - raft.server.rpcslowness.timeout = 120s (custom)
2019-09-26 15:08:35,705 [pool-27-thread-1] INFO  server.RaftServerConfigKeys (ConfUtils.java:logGet(43)) - raft.server.sleep.deviation.threshold = 300 (default)
2019-09-26 15:08:35,705 [pool-27-thread-1] INFO  server.RaftServerConfigKeys (ConfUtils.java:logGet(43)) - raft.server.log.appender.install.snapshot.enabled = false (custom)
2019-09-26 15:08:35,705 [pool-27-thread-1] INFO  impl.RaftServerImpl (ServerState.java:<init>(103)) - 8a411a4f-0e32-4dd1-80b9-a797c2117425@group-06EC7D0DF22B: ConfigurationManager, init=-1: [8a411a4f-0e32-4dd1-80b9-a797c2117425:192.168.151.99:37125], old=null, confs=<EMPTY_MAP>
2019-09-26 15:08:35,705 [pool-27-thread-1] INFO  server.RaftServerConfigKeys (ConfUtils.java:logGet(43)) - raft.server.storage.dir = [/workdir/hadoop-ozone/integration-test/target/test-dir/MiniOzoneClusterImpl-646ad58d-3cd3-4092-ab15-506251c55e5b/datanode-0/data/ratis] (custom)
2019-09-26 15:08:35,706 [pool-27-thread-1] INFO  storage.RaftStorageDirectory (RaftStorageDirectory.java:analyzeStorage(246)) - The storage directory /workdir/hadoop-ozone/integration-test/target/test-dir/MiniOzoneClusterImpl-646ad58d-3cd3-4092-ab15-506251c55e5b/datanode-0/data/ratis/49b47759-825f-4c72-9fc9-06ec7d0df22b does not exist. Creating ...
2019-09-26 15:08:35,718 [pool-27-thread-1] INFO  storage.RaftStorageDirectory (RaftStorageDirectory.java:tryLock(328)) - Lock on /workdir/hadoop-ozone/integration-test/target/test-dir/MiniOzoneClusterImpl-646ad58d-3cd3-4092-ab15-506251c55e5b/datanode-0/data/ratis/49b47759-825f-4c72-9fc9-06ec7d0df22b/in_use.lock acquired by nodename 7157@pr-hdds-1569-g6sp5-2013761785
2019-09-26 15:08:35,742 [pool-27-thread-1] INFO  storage.RaftStorage (RaftStorage.java:format(72)) - Storage directory /workdir/hadoop-ozone/integration-test/target/test-dir/MiniOzoneClusterImpl-646ad58d-3cd3-4092-ab15-506251c55e5b/datanode-0/data/ratis/49b47759-825f-4c72-9fc9-06ec7d0df22b has been successfully formatted.
2019-09-26 15:08:35,742 [pool-27-thread-1] INFO  ratis.ContainerStateMachine (ContainerStateMachine.java:loadSnapshot(230)) - group-06EC7D0DF22B: The snapshot info is null. Setting the last applied indexto:(t:0, i:~)
2019-09-26 15:08:35,742 [pool-27-thread-1] INFO  server.RaftServerConfigKeys (ConfUtils.java:logGet(43)) - raft.server.notification.no-leader.timeout = 120s (custom)
2019-09-26 15:08:35,742 [pool-27-thread-1] INFO  server.RaftServerConfigKeys (ConfUtils.java:logGet(43)) - raft.server.log.use.memory = false (default)
2019-09-26 15:08:35,742 [pool-27-thread-1] INFO  server.RaftServerConfigKeys (ConfUtils.java:logGet(43)) - raft.server.log.purge.gap = 1000000 (custom)
2019-09-26 15:08:35,742 [pool-27-thread-1] INFO  server.RaftServerConfigKeys (ConfUtils.java:logGet(43)) - raft.server.log.appender.buffer.byte-limit = 33554432 (custom)
2019-09-26 15:08:35,743 [pool-27-thread-1] INFO  server.RaftServerConfigKeys (ConfUtils.java:logGet(43)) - raft.server.log.segment.size.max = 1048576 (custom)
2019-09-26 15:08:35,743 [pool-27-thread-1] INFO  server.RaftServerConfigKeys (ConfUtils.java:logGet(43)) - raft.server.log.segment.cache.num.max = 2 (custom)
2019-09-26 15:08:35,743 [pool-27-thread-1] INFO  segmented.SegmentedRaftLogWorker (SegmentedRaftLogWorker.java:<init>(172)) - new 8a411a4f-0e32-4dd1-80b9-a797c2117425@group-06EC7D0DF22B-SegmentedRaftLogWorker for RaftStorage:Storage Directory /workdir/hadoop-ozone/integration-test/target/test-dir/MiniOzoneClusterImpl-646ad58d-3cd3-4092-ab15-506251c55e5b/datanode-0/data/ratis/49b47759-825f-4c72-9fc9-06ec7d0df22b
2019-09-26 15:08:35,743 [pool-27-thread-1] INFO  server.RaftServerConfigKeys (ConfUtils.java:logGet(43)) - raft.server.log.queue.byte-limit = 2147483647 (custom)
2019-09-26 15:08:35,743 [pool-27-thread-1] INFO  server.RaftServerConfigKeys (ConfUtils.java:logGet(43)) - raft.server.log.queue.element-limit = 1024 (custom)
2019-09-26 15:08:35,743 [pool-27-thread-1] INFO  server.RaftServerConfigKeys (ConfUtils.java:logGet(43)) - raft.server.log.segment.size.max = 1048576 (custom)
2019-09-26 15:08:35,743 [pool-27-thread-1] INFO  server.RaftServerConfigKeys (ConfUtils.java:logGet(43)) - raft.server.log.preallocated.size = 16384 (custom)
2019-09-26 15:08:35,743 [pool-27-thread-1] INFO  server.RaftServerConfigKeys (ConfUtils.java:logGet(43)) - raft.server.log.write.buffer.size = 33554432 (custom)
2019-09-26 15:08:35,743 [pool-27-thread-1] INFO  server.RaftServerConfigKeys (ConfUtils.java:logGet(43)) - raft.server.log.force.sync.num = 128 (default)
2019-09-26 15:08:35,743 [pool-27-thread-1] INFO  server.RaftServerConfigKeys (ConfUtils.java:logGet(43)) - raft.server.log.statemachine.data.sync = true (default)
2019-09-26 15:08:35,744 [pool-27-thread-1] INFO  server.RaftServerConfigKeys (ConfUtils.java:logGet(43)) - raft.server.log.statemachine.data.sync.timeout = 10s (default)
2019-09-26 15:08:35,744 [pool-27-thread-1] INFO  server.RaftServerConfigKeys (ConfUtils.java:logGet(43)) - raft.server.log.statemachine.data.sync.timeout.retry = -1 (default)
2019-09-26 15:08:35,744 [pool-27-thread-1] INFO  server.RaftServerConfigKeys (ConfUtils.java:logGet(43)) - raft.server.log.statemachine.data.caching.enabled = true (custom)
2019-09-26 15:08:35,744 [pool-27-thread-1] INFO  segmented.SegmentedRaftLogWorker (SegmentedRaftLogWorker.java:lambda$new$0(132)) - 8a411a4f-0e32-4dd1-80b9-a797c2117425@group-06EC7D0DF22B-SegmentedRaftLogWorker: flushIndex: setUnconditionally 0 -> -1
2019-09-26 15:08:35,744 [pool-27-thread-1] INFO  server.RaftServerConfigKeys (ConfUtils.java:logGet(43)) - raft.server.snapshot.auto.trigger.enabled = true (custom)
2019-09-26 15:08:35,744 [pool-27-thread-1] INFO  server.RaftServerConfigKeys (ConfUtils.java:logGet(43)) - raft.server.snapshot.auto.trigger.threshold = 10000 (custom)
2019-09-26 15:08:35,744 [pool-27-thread-1] INFO  server.RaftServerConfigKeys (ConfUtils.java:logGet(43)) - raft.server.snapshot.retention.num.files = 5 (custom)
2019-09-26 15:08:35,745 [pool-27-thread-1] INFO  server.RaftServerConfigKeys (ConfUtils.java:logGet(43)) - raft.server.retrycache.expirytime = 600000ms (custom)
2019-09-26 15:08:35,746 [pool-27-thread-1] INFO  impl.RaftServerImpl (RaftServerImpl.java:start(185)) - 8a411a4f-0e32-4dd1-80b9-a797c2117425@group-06EC7D0DF22B: start as a follower, conf=-1: [8a411a4f-0e32-4dd1-80b9-a797c2117425:192.168.151.99:37125], old=null
2019-09-26 15:08:35,746 [pool-27-thread-1] INFO  impl.RaftServerImpl (RaftServerImpl.java:setRole(174)) - 8a411a4f-0e32-4dd1-80b9-a797c2117425@group-06EC7D0DF22B: changes role from      null to FOLLOWER at term 0 for startAsFollower
2019-09-26 15:08:35,746 [pool-27-thread-1] INFO  impl.RoleInfo (RoleInfo.java:updateAndGet(143)) - 8a411a4f-0e32-4dd1-80b9-a797c2117425: start FollowerState
2019-09-26 15:08:35,747 [pool-27-thread-1] INFO  util.JmxRegister (JmxRegister.java:tryRegister(44)) - Successfully registered JMX Bean with object name Ratis:service=RaftServer,group=group-06EC7D0DF22B,id=8a411a4f-0e32-4dd1-80b9-a797c2117425
2019-09-26 15:08:35,749 [RatisPipelineUtilsThread] INFO  pipeline.PipelineStateManager (PipelineStateManager.java:addPipeline(56)) - Created pipeline Pipeline[ Id: 49b47759-825f-4c72-9fc9-06ec7d0df22b, Nodes: 8a411a4f-0e32-4dd1-80b9-a797c2117425{ip: 192.168.151.99, host: pr-hdds-1569-g6sp5-2013761785, networkLocation: /default-rack, certSerialId: null}, Type:RATIS, Factor:ONE, State:OPEN]
2019-09-26 15:08:35,755 [grpc-default-executor-1] INFO  impl.RaftServerProxy (RaftServerProxy.java:addNew(89)) - 8a411a4f-0e32-4dd1-80b9-a797c2117425: addNew group-5E95C319A20F:[8a411a4f-0e32-4dd1-80b9-a797c2117425:192.168.151.99:37125] returns group-5E95C319A20F:java.util.concurrent.CompletableFuture@661cf351[Not completed]
2019-09-26 15:08:35,756 [pool-27-thread-1] INFO  impl.RaftServerImpl (RaftServerImpl.java:<init>(95)) - 8a411a4f-0e32-4dd1-80b9-a797c2117425: new RaftServerImpl for group-5E95C319A20F:[8a411a4f-0e32-4dd1-80b9-a797c2117425:192.168.151.99:37125] with ContainerStateMachine:uninitialized
2019-09-26 15:08:35,756 [pool-27-thread-1] INFO  server.RaftServerConfigKeys (ConfUtils.java:logGet(43)) - raft.server.rpc.timeout.min = 5s (custom)
2019-09-26 15:08:35,756 [pool-27-thread-1] INFO  server.RaftServerConfigKeys (ConfUtils.java:logGet(43)) - raft.server.rpc.timeout.max = 5200ms (custom)
2019-09-26 15:08:35,756 [pool-27-thread-1] INFO  server.RaftServerConfigKeys (ConfUtils.java:logGet(43)) - raft.server.rpcslowness.timeout = 120s (custom)
2019-09-26 15:08:35,756 [pool-27-thread-1] INFO  server.RaftServerConfigKeys (ConfUtils.java:logGet(43)) - raft.server.sleep.deviation.threshold = 300 (default)
2019-09-26 15:08:35,756 [pool-27-thread-1] INFO  server.RaftServerConfigKeys (ConfUtils.java:logGet(43)) - raft.server.log.appender.install.snapshot.enabled = false (custom)
2019-09-26 15:08:35,757 [pool-27-thread-1] INFO  impl.RaftServerImpl (ServerState.java:<init>(103)) - 8a411a4f-0e32-4dd1-80b9-a797c2117425@group-5E95C319A20F: ConfigurationManager, init=-1: [8a411a4f-0e32-4dd1-80b9-a797c2117425:192.168.151.99:37125], old=null, confs=<EMPTY_MAP>
2019-09-26 15:08:35,757 [pool-27-thread-1] INFO  server.RaftServerConfigKeys (ConfUtils.java:logGet(43)) - raft.server.storage.dir = [/workdir/hadoop-ozone/integration-test/target/test-dir/MiniOzoneClusterImpl-646ad58d-3cd3-4092-ab15-506251c55e5b/datanode-0/data/ratis] (custom)
2019-09-26 15:08:35,758 [pool-27-thread-1] INFO  storage.RaftStorageDirectory (RaftStorageDirectory.java:analyzeStorage(246)) - The storage directory /workdir/hadoop-ozone/integration-test/target/test-dir/MiniOzoneClusterImpl-646ad58d-3cd3-4092-ab15-506251c55e5b/datanode-0/data/ratis/2e2fc1e4-bbed-4a48-b773-5e95c319a20f does not exist. Creating ...
2019-09-26 15:08:35,772 [pool-27-thread-1] INFO  storage.RaftStorageDirectory (RaftStorageDirectory.java:tryLock(328)) - Lock on /workdir/hadoop-ozone/integration-test/target/test-dir/MiniOzoneClusterImpl-646ad58d-3cd3-4092-ab15-506251c55e5b/datanode-0/data/ratis/2e2fc1e4-bbed-4a48-b773-5e95c319a20f/in_use.lock acquired by nodename 7157@pr-hdds-1569-g6sp5-2013761785
2019-09-26 15:08:35,785 [pool-27-thread-1] INFO  storage.RaftStorage (RaftStorage.java:format(72)) - Storage directory /workdir/hadoop-ozone/integration-test/target/test-dir/MiniOzoneClusterImpl-646ad58d-3cd3-4092-ab15-506251c55e5b/datanode-0/data/ratis/2e2fc1e4-bbed-4a48-b773-5e95c319a20f has been successfully formatted.
2019-09-26 15:08:35,785 [pool-27-thread-1] INFO  ratis.ContainerStateMachine (ContainerStateMachine.java:loadSnapshot(230)) - group-5E95C319A20F: The snapshot info is null. Setting the last applied indexto:(t:0, i:~)
2019-09-26 15:08:35,786 [pool-27-thread-1] INFO  server.RaftServerConfigKeys (ConfUtils.java:logGet(43)) - raft.server.notification.no-leader.timeout = 120s (custom)
2019-09-26 15:08:35,786 [pool-27-thread-1] INFO  server.RaftServerConfigKeys (ConfUtils.java:logGet(43)) - raft.server.log.use.memory = false (default)
2019-09-26 15:08:35,786 [pool-27-thread-1] INFO  server.RaftServerConfigKeys (ConfUtils.java:logGet(43)) - raft.server.log.purge.gap = 1000000 (custom)
2019-09-26 15:08:35,786 [pool-27-thread-1] INFO  server.RaftServerConfigKeys (ConfUtils.java:logGet(43)) - raft.server.log.appender.buffer.byte-limit = 33554432 (custom)
2019-09-26 15:08:35,786 [pool-27-thread-1] INFO  server.RaftServerConfigKeys (ConfUtils.java:logGet(43)) - raft.server.log.segment.size.max = 1048576 (custom)
2019-09-26 15:08:35,786 [pool-27-thread-1] INFO  server.RaftServerConfigKeys (ConfUtils.java:logGet(43)) - raft.server.log.segment.cache.num.max = 2 (custom)
2019-09-26 15:08:35,787 [pool-27-thread-1] INFO  segmented.SegmentedRaftLogWorker (SegmentedRaftLogWorker.java:<init>(172)) - new 8a411a4f-0e32-4dd1-80b9-a797c2117425@group-5E95C319A20F-SegmentedRaftLogWorker for RaftStorage:Storage Directory /workdir/hadoop-ozone/integration-test/target/test-dir/MiniOzoneClusterImpl-646ad58d-3cd3-4092-ab15-506251c55e5b/datanode-0/data/ratis/2e2fc1e4-bbed-4a48-b773-5e95c319a20f
2019-09-26 15:08:35,787 [pool-27-thread-1] INFO  server.RaftServerConfigKeys (ConfUtils.java:logGet(43)) - raft.server.log.queue.byte-limit = 2147483647 (custom)
2019-09-26 15:08:35,787 [pool-27-thread-1] INFO  server.RaftServerConfigKeys (ConfUtils.java:logGet(43)) - raft.server.log.queue.element-limit = 1024 (custom)
2019-09-26 15:08:35,787 [pool-27-thread-1] INFO  server.RaftServerConfigKeys (ConfUtils.java:logGet(43)) - raft.server.log.segment.size.max = 1048576 (custom)
2019-09-26 15:08:35,787 [pool-27-thread-1] INFO  server.RaftServerConfigKeys (ConfUtils.java:logGet(43)) - raft.server.log.preallocated.size = 16384 (custom)
2019-09-26 15:08:35,787 [pool-27-thread-1] INFO  server.RaftServerConfigKeys (ConfUtils.java:logGet(43)) - raft.server.log.write.buffer.size = 33554432 (custom)
2019-09-26 15:08:35,787 [pool-27-thread-1] INFO  server.RaftServerConfigKeys (ConfUtils.java:logGet(43)) - raft.server.log.force.sync.num = 128 (default)
2019-09-26 15:08:35,787 [pool-27-thread-1] INFO  server.RaftServerConfigKeys (ConfUtils.java:logGet(43)) - raft.server.log.statemachine.data.sync = true (default)
2019-09-26 15:08:35,788 [pool-27-thread-1] INFO  server.RaftServerConfigKeys (ConfUtils.java:logGet(43)) - raft.server.log.statemachine.data.sync.timeout = 10s (default)
2019-09-26 15:08:35,788 [pool-27-thread-1] INFO  server.RaftServerConfigKeys (ConfUtils.java:logGet(43)) - raft.server.log.statemachine.data.sync.timeout.retry = -1 (default)
2019-09-26 15:08:35,788 [pool-27-thread-1] INFO  server.RaftServerConfigKeys (ConfUtils.java:logGet(43)) - raft.server.log.statemachine.data.caching.enabled = true (custom)
2019-09-26 15:08:35,788 [pool-27-thread-1] INFO  segmented.SegmentedRaftLogWorker (SegmentedRaftLogWorker.java:lambda$new$0(132)) - 8a411a4f-0e32-4dd1-80b9-a797c2117425@group-5E95C319A20F-SegmentedRaftLogWorker: flushIndex: setUnconditionally 0 -> -1
2019-09-26 15:08:35,789 [pool-27-thread-1] INFO  server.RaftServerConfigKeys (ConfUtils.java:logGet(43)) - raft.server.snapshot.auto.trigger.enabled = true (custom)
2019-09-26 15:08:35,789 [pool-27-thread-1] INFO  server.RaftServerConfigKeys (ConfUtils.java:logGet(43)) - raft.server.snapshot.auto.trigger.threshold = 10000 (custom)
2019-09-26 15:08:35,789 [pool-27-thread-1] INFO  server.RaftServerConfigKeys (ConfUtils.java:logGet(43)) - raft.server.snapshot.retention.num.files = 5 (custom)
2019-09-26 15:08:35,789 [pool-27-thread-1] INFO  server.RaftServerConfigKeys (ConfUtils.java:logGet(43)) - raft.server.retrycache.expirytime = 600000ms (custom)
2019-09-26 15:08:35,791 [pool-27-thread-1] INFO  impl.RaftServerImpl (RaftServerImpl.java:start(185)) - 8a411a4f-0e32-4dd1-80b9-a797c2117425@group-5E95C319A20F: start as a follower, conf=-1: [8a411a4f-0e32-4dd1-80b9-a797c2117425:192.168.151.99:37125], old=null
2019-09-26 15:08:35,791 [pool-27-thread-1] INFO  impl.RaftServerImpl (RaftServerImpl.java:setRole(174)) - 8a411a4f-0e32-4dd1-80b9-a797c2117425@group-5E95C319A20F: changes role from      null to FOLLOWER at term 0 for startAsFollower
2019-09-26 15:08:35,791 [pool-27-thread-1] INFO  impl.RoleInfo (RoleInfo.java:updateAndGet(143)) - 8a411a4f-0e32-4dd1-80b9-a797c2117425: start FollowerState
2019-09-26 15:08:35,791 [pool-27-thread-1] INFO  util.JmxRegister (JmxRegister.java:tryRegister(44)) - Successfully registered JMX Bean with object name Ratis:service=RaftServer,group=group-5E95C319A20F,id=8a411a4f-0e32-4dd1-80b9-a797c2117425
2019-09-26 15:08:35,794 [RatisPipelineUtilsThread] INFO  pipeline.PipelineStateManager (PipelineStateManager.java:addPipeline(56)) - Created pipeline Pipeline[ Id: 2e2fc1e4-bbed-4a48-b773-5e95c319a20f, Nodes: 8a411a4f-0e32-4dd1-80b9-a797c2117425{ip: 192.168.151.99, host: pr-hdds-1569-g6sp5-2013761785, networkLocation: /default-rack, certSerialId: null}, Type:RATIS, Factor:ONE, State:OPEN]
2019-09-26 15:08:35,798 [grpc-default-executor-1] INFO  impl.RaftServerProxy (RaftServerProxy.java:addNew(89)) - 8a411a4f-0e32-4dd1-80b9-a797c2117425: addNew group-F71E95AE8AB3:[8a411a4f-0e32-4dd1-80b9-a797c2117425:192.168.151.99:37125] returns group-F71E95AE8AB3:java.util.concurrent.CompletableFuture@3a5c9e4f[Not completed]
2019-09-26 15:08:35,800 [pool-27-thread-1] INFO  impl.RaftServerImpl (RaftServerImpl.java:<init>(95)) - 8a411a4f-0e32-4dd1-80b9-a797c2117425: new RaftServerImpl for group-F71E95AE8AB3:[8a411a4f-0e32-4dd1-80b9-a797c2117425:192.168.151.99:37125] with ContainerStateMachine:uninitialized
2019-09-26 15:08:35,800 [pool-27-thread-1] INFO  server.RaftServerConfigKeys (ConfUtils.java:logGet(43)) - raft.server.rpc.timeout.min = 5s (custom)
2019-09-26 15:08:35,800 [pool-27-thread-1] INFO  server.RaftServerConfigKeys (ConfUtils.java:logGet(43)) - raft.server.rpc.timeout.max = 5200ms (custom)
2019-09-26 15:08:35,800 [pool-27-thread-1] INFO  server.RaftServerConfigKeys (ConfUtils.java:logGet(43)) - raft.server.rpcslowness.timeout = 120s (custom)
2019-09-26 15:08:35,800 [pool-27-thread-1] INFO  server.RaftServerConfigKeys (ConfUtils.java:logGet(43)) - raft.server.sleep.deviation.threshold = 300 (default)
2019-09-26 15:08:35,801 [pool-27-thread-1] INFO  server.RaftServerConfigKeys (ConfUtils.java:logGet(43)) - raft.server.log.appender.install.snapshot.enabled = false (custom)
2019-09-26 15:08:35,801 [pool-27-thread-1] INFO  impl.RaftServerImpl (ServerState.java:<init>(103)) - 8a411a4f-0e32-4dd1-80b9-a797c2117425@group-F71E95AE8AB3: ConfigurationManager, init=-1: [8a411a4f-0e32-4dd1-80b9-a797c2117425:192.168.151.99:37125], old=null, confs=<EMPTY_MAP>
2019-09-26 15:08:35,801 [pool-27-thread-1] INFO  server.RaftServerConfigKeys (ConfUtils.java:logGet(43)) - raft.server.storage.dir = [/workdir/hadoop-ozone/integration-test/target/test-dir/MiniOzoneClusterImpl-646ad58d-3cd3-4092-ab15-506251c55e5b/datanode-0/data/ratis] (custom)
2019-09-26 15:08:35,802 [pool-27-thread-1] INFO  storage.RaftStorageDirectory (RaftStorageDirectory.java:analyzeStorage(246)) - The storage directory /workdir/hadoop-ozone/integration-test/target/test-dir/MiniOzoneClusterImpl-646ad58d-3cd3-4092-ab15-506251c55e5b/datanode-0/data/ratis/cf9cd79a-50ab-4834-b2e1-f71e95ae8ab3 does not exist. Creating ...
2019-09-26 15:08:35,816 [pool-27-thread-1] INFO  storage.RaftStorageDirectory (RaftStorageDirectory.java:tryLock(328)) - Lock on /workdir/hadoop-ozone/integration-test/target/test-dir/MiniOzoneClusterImpl-646ad58d-3cd3-4092-ab15-506251c55e5b/datanode-0/data/ratis/cf9cd79a-50ab-4834-b2e1-f71e95ae8ab3/in_use.lock acquired by nodename 7157@pr-hdds-1569-g6sp5-2013761785
2019-09-26 15:08:35,829 [pool-27-thread-1] INFO  storage.RaftStorage (RaftStorage.java:format(72)) - Storage directory /workdir/hadoop-ozone/integration-test/target/test-dir/MiniOzoneClusterImpl-646ad58d-3cd3-4092-ab15-506251c55e5b/datanode-0/data/ratis/cf9cd79a-50ab-4834-b2e1-f71e95ae8ab3 has been successfully formatted.
2019-09-26 15:08:35,829 [pool-27-thread-1] INFO  ratis.ContainerStateMachine (ContainerStateMachine.java:loadSnapshot(230)) - group-F71E95AE8AB3: The snapshot info is null. Setting the last applied indexto:(t:0, i:~)
2019-09-26 15:08:35,829 [pool-27-thread-1] INFO  server.RaftServerConfigKeys (ConfUtils.java:logGet(43)) - raft.server.notification.no-leader.timeout = 120s (custom)
2019-09-26 15:08:35,829 [pool-27-thread-1] INFO  server.RaftServerConfigKeys (ConfUtils.java:logGet(43)) - raft.server.log.use.memory = false (default)
2019-09-26 15:08:35,829 [pool-27-thread-1] INFO  server.RaftServerConfigKeys (ConfUtils.java:logGet(43)) - raft.server.log.purge.gap = 1000000 (custom)
2019-09-26 15:08:35,829 [pool-27-thread-1] INFO  server.RaftServerConfigKeys (ConfUtils.java:logGet(43)) - raft.server.log.appender.buffer.byte-limit = 33554432 (custom)
2019-09-26 15:08:35,829 [pool-27-thread-1] INFO  server.RaftServerConfigKeys (ConfUtils.java:logGet(43)) - raft.server.log.segment.size.max = 1048576 (custom)
2019-09-26 15:08:35,829 [pool-27-thread-1] INFO  server.RaftServerConfigKeys (ConfUtils.java:logGet(43)) - raft.server.log.segment.cache.num.max = 2 (custom)
2019-09-26 15:08:35,829 [pool-27-thread-1] INFO  segmented.SegmentedRaftLogWorker (SegmentedRaftLogWorker.java:<init>(172)) - new 8a411a4f-0e32-4dd1-80b9-a797c2117425@group-F71E95AE8AB3-SegmentedRaftLogWorker for RaftStorage:Storage Directory /workdir/hadoop-ozone/integration-test/target/test-dir/MiniOzoneClusterImpl-646ad58d-3cd3-4092-ab15-506251c55e5b/datanode-0/data/ratis/cf9cd79a-50ab-4834-b2e1-f71e95ae8ab3
2019-09-26 15:08:35,829 [pool-27-thread-1] INFO  server.RaftServerConfigKeys (ConfUtils.java:logGet(43)) - raft.server.log.queue.byte-limit = 2147483647 (custom)
2019-09-26 15:08:35,830 [pool-27-thread-1] INFO  server.RaftServerConfigKeys (ConfUtils.java:logGet(43)) - raft.server.log.queue.element-limit = 1024 (custom)
2019-09-26 15:08:35,830 [pool-27-thread-1] INFO  server.RaftServerConfigKeys (ConfUtils.java:logGet(43)) - raft.server.log.segment.size.max = 1048576 (custom)
2019-09-26 15:08:35,830 [pool-27-thread-1] INFO  server.RaftServerConfigKeys (ConfUtils.java:logGet(43)) - raft.server.log.preallocated.size = 16384 (custom)
2019-09-26 15:08:35,830 [pool-27-thread-1] INFO  server.RaftServerConfigKeys (ConfUtils.java:logGet(43)) - raft.server.log.write.buffer.size = 33554432 (custom)
2019-09-26 15:08:35,830 [pool-27-thread-1] INFO  server.RaftServerConfigKeys (ConfUtils.java:logGet(43)) - raft.server.log.force.sync.num = 128 (default)
2019-09-26 15:08:35,830 [pool-27-thread-1] INFO  server.RaftServerConfigKeys (ConfUtils.java:logGet(43)) - raft.server.log.statemachine.data.sync = true (default)
2019-09-26 15:08:35,830 [pool-27-thread-1] INFO  server.RaftServerConfigKeys (ConfUtils.java:logGet(43)) - raft.server.log.statemachine.data.sync.timeout = 10s (default)
2019-09-26 15:08:35,830 [pool-27-thread-1] INFO  server.RaftServerConfigKeys (ConfUtils.java:logGet(43)) - raft.server.log.statemachine.data.sync.timeout.retry = -1 (default)
2019-09-26 15:08:35,830 [pool-27-thread-1] INFO  server.RaftServerConfigKeys (ConfUtils.java:logGet(43)) - raft.server.log.statemachine.data.caching.enabled = true (custom)
2019-09-26 15:08:35,830 [pool-27-thread-1] INFO  segmented.SegmentedRaftLogWorker (SegmentedRaftLogWorker.java:lambda$new$0(132)) - 8a411a4f-0e32-4dd1-80b9-a797c2117425@group-F71E95AE8AB3-SegmentedRaftLogWorker: flushIndex: setUnconditionally 0 -> -1
2019-09-26 15:08:35,831 [pool-27-thread-1] INFO  server.RaftServerConfigKeys (ConfUtils.java:logGet(43)) - raft.server.snapshot.auto.trigger.enabled = true (custom)
2019-09-26 15:08:35,831 [pool-27-thread-1] INFO  server.RaftServerConfigKeys (ConfUtils.java:logGet(43)) - raft.server.snapshot.auto.trigger.threshold = 10000 (custom)
2019-09-26 15:08:35,831 [pool-27-thread-1] INFO  server.RaftServerConfigKeys (ConfUtils.java:logGet(43)) - raft.server.snapshot.retention.num.files = 5 (custom)
2019-09-26 15:08:35,831 [pool-27-thread-1] INFO  server.RaftServerConfigKeys (ConfUtils.java:logGet(43)) - raft.server.retrycache.expirytime = 600000ms (custom)
2019-09-26 15:08:35,832 [pool-27-thread-1] INFO  impl.RaftServerImpl (RaftServerImpl.java:start(185)) - 8a411a4f-0e32-4dd1-80b9-a797c2117425@group-F71E95AE8AB3: start as a follower, conf=-1: [8a411a4f-0e32-4dd1-80b9-a797c2117425:192.168.151.99:37125], old=null
2019-09-26 15:08:35,832 [pool-27-thread-1] INFO  impl.RaftServerImpl (RaftServerImpl.java:setRole(174)) - 8a411a4f-0e32-4dd1-80b9-a797c2117425@group-F71E95AE8AB3: changes role from      null to FOLLOWER at term 0 for startAsFollower
2019-09-26 15:08:35,832 [pool-27-thread-1] INFO  impl.RoleInfo (RoleInfo.java:updateAndGet(143)) - 8a411a4f-0e32-4dd1-80b9-a797c2117425: start FollowerState
2019-09-26 15:08:35,833 [pool-27-thread-1] INFO  util.JmxRegister (JmxRegister.java:tryRegister(44)) - Successfully registered JMX Bean with object name Ratis:service=RaftServer,group=group-F71E95AE8AB3,id=8a411a4f-0e32-4dd1-80b9-a797c2117425
2019-09-26 15:08:35,835 [RatisPipelineUtilsThread] INFO  pipeline.PipelineStateManager (PipelineStateManager.java:addPipeline(56)) - Created pipeline Pipeline[ Id: cf9cd79a-50ab-4834-b2e1-f71e95ae8ab3, Nodes: 8a411a4f-0e32-4dd1-80b9-a797c2117425{ip: 192.168.151.99, host: pr-hdds-1569-g6sp5-2013761785, networkLocation: /default-rack, certSerialId: null}, Type:RATIS, Factor:ONE, State:OPEN]
2019-09-26 15:08:35,841 [grpc-default-executor-1] INFO  impl.RaftServerProxy (RaftServerProxy.java:addNew(89)) - 8a411a4f-0e32-4dd1-80b9-a797c2117425: addNew group-B3C8B28B000E:[8a411a4f-0e32-4dd1-80b9-a797c2117425:192.168.151.99:37125] returns group-B3C8B28B000E:java.util.concurrent.CompletableFuture@33de84f0[Not completed]
2019-09-26 15:08:35,841 [pool-27-thread-1] INFO  impl.RaftServerImpl (RaftServerImpl.java:<init>(95)) - 8a411a4f-0e32-4dd1-80b9-a797c2117425: new RaftServerImpl for group-B3C8B28B000E:[8a411a4f-0e32-4dd1-80b9-a797c2117425:192.168.151.99:37125] with ContainerStateMachine:uninitialized
2019-09-26 15:08:35,842 [pool-27-thread-1] INFO  server.RaftServerConfigKeys (ConfUtils.java:logGet(43)) - raft.server.rpc.timeout.min = 5s (custom)
2019-09-26 15:08:35,842 [pool-27-thread-1] INFO  server.RaftServerConfigKeys (ConfUtils.java:logGet(43)) - raft.server.rpc.timeout.max = 5200ms (custom)
2019-09-26 15:08:35,842 [pool-27-thread-1] INFO  server.RaftServerConfigKeys (ConfUtils.java:logGet(43)) - raft.server.rpcslowness.timeout = 120s (custom)
2019-09-26 15:08:35,842 [pool-27-thread-1] INFO  server.RaftServerConfigKeys (ConfUtils.java:logGet(43)) - raft.server.sleep.deviation.threshold = 300 (default)
2019-09-26 15:08:35,842 [pool-27-thread-1] INFO  server.RaftServerConfigKeys (ConfUtils.java:logGet(43)) - raft.server.log.appender.install.snapshot.enabled = false (custom)
2019-09-26 15:08:35,842 [pool-27-thread-1] INFO  impl.RaftServerImpl (ServerState.java:<init>(103)) - 8a411a4f-0e32-4dd1-80b9-a797c2117425@group-B3C8B28B000E: ConfigurationManager, init=-1: [8a411a4f-0e32-4dd1-80b9-a797c2117425:192.168.151.99:37125], old=null, confs=<EMPTY_MAP>
2019-09-26 15:08:35,842 [pool-27-thread-1] INFO  server.RaftServerConfigKeys (ConfUtils.java:logGet(43)) - raft.server.storage.dir = [/workdir/hadoop-ozone/integration-test/target/test-dir/MiniOzoneClusterImpl-646ad58d-3cd3-4092-ab15-506251c55e5b/datanode-0/data/ratis] (custom)
2019-09-26 15:08:35,843 [pool-27-thread-1] INFO  storage.RaftStorageDirectory (RaftStorageDirectory.java:analyzeStorage(246)) - The storage directory /workdir/hadoop-ozone/integration-test/target/test-dir/MiniOzoneClusterImpl-646ad58d-3cd3-4092-ab15-506251c55e5b/datanode-0/data/ratis/4df167a0-7907-4e02-a96f-b3c8b28b000e does not exist. Creating ...
2019-09-26 15:08:35,857 [pool-27-thread-1] INFO  storage.RaftStorageDirectory (RaftStorageDirectory.java:tryLock(328)) - Lock on /workdir/hadoop-ozone/integration-test/target/test-dir/MiniOzoneClusterImpl-646ad58d-3cd3-4092-ab15-506251c55e5b/datanode-0/data/ratis/4df167a0-7907-4e02-a96f-b3c8b28b000e/in_use.lock acquired by nodename 7157@pr-hdds-1569-g6sp5-2013761785
2019-09-26 15:08:35,869 [pool-27-thread-1] INFO  storage.RaftStorage (RaftStorage.java:format(72)) - Storage directory /workdir/hadoop-ozone/integration-test/target/test-dir/MiniOzoneClusterImpl-646ad58d-3cd3-4092-ab15-506251c55e5b/datanode-0/data/ratis/4df167a0-7907-4e02-a96f-b3c8b28b000e has been successfully formatted.
2019-09-26 15:08:35,869 [pool-27-thread-1] INFO  ratis.ContainerStateMachine (ContainerStateMachine.java:loadSnapshot(230)) - group-B3C8B28B000E: The snapshot info is null. Setting the last applied indexto:(t:0, i:~)
2019-09-26 15:08:35,870 [pool-27-thread-1] INFO  server.RaftServerConfigKeys (ConfUtils.java:logGet(43)) - raft.server.notification.no-leader.timeout = 120s (custom)
2019-09-26 15:08:35,870 [pool-27-thread-1] INFO  server.RaftServerConfigKeys (ConfUtils.java:logGet(43)) - raft.server.log.use.memory = false (default)
2019-09-26 15:08:35,870 [pool-27-thread-1] INFO  server.RaftServerConfigKeys (ConfUtils.java:logGet(43)) - raft.server.log.purge.gap = 1000000 (custom)
2019-09-26 15:08:35,870 [pool-27-thread-1] INFO  server.RaftServerConfigKeys (ConfUtils.java:logGet(43)) - raft.server.log.appender.buffer.byte-limit = 33554432 (custom)
2019-09-26 15:08:35,870 [pool-27-thread-1] INFO  server.RaftServerConfigKeys (ConfUtils.java:logGet(43)) - raft.server.log.segment.size.max = 1048576 (custom)
2019-09-26 15:08:35,870 [pool-27-thread-1] INFO  server.RaftServerConfigKeys (ConfUtils.java:logGet(43)) - raft.server.log.segment.cache.num.max = 2 (custom)
2019-09-26 15:08:35,870 [pool-27-thread-1] INFO  segmented.SegmentedRaftLogWorker (SegmentedRaftLogWorker.java:<init>(172)) - new 8a411a4f-0e32-4dd1-80b9-a797c2117425@group-B3C8B28B000E-SegmentedRaftLogWorker for RaftStorage:Storage Directory /workdir/hadoop-ozone/integration-test/target/test-dir/MiniOzoneClusterImpl-646ad58d-3cd3-4092-ab15-506251c55e5b/datanode-0/data/ratis/4df167a0-7907-4e02-a96f-b3c8b28b000e
2019-09-26 15:08:35,870 [pool-27-thread-1] INFO  server.RaftServerConfigKeys (ConfUtils.java:logGet(43)) - raft.server.log.queue.byte-limit = 2147483647 (custom)
2019-09-26 15:08:35,870 [pool-27-thread-1] INFO  server.RaftServerConfigKeys (ConfUtils.java:logGet(43)) - raft.server.log.queue.element-limit = 1024 (custom)
2019-09-26 15:08:35,870 [pool-27-thread-1] INFO  server.RaftServerConfigKeys (ConfUtils.java:logGet(43)) - raft.server.log.segment.size.max = 1048576 (custom)
2019-09-26 15:08:35,870 [pool-27-thread-1] INFO  server.RaftServerConfigKeys (ConfUtils.java:logGet(43)) - raft.server.log.preallocated.size = 16384 (custom)
2019-09-26 15:08:35,870 [pool-27-thread-1] INFO  server.RaftServerConfigKeys (ConfUtils.java:logGet(43)) - raft.server.log.write.buffer.size = 33554432 (custom)
2019-09-26 15:08:35,870 [pool-27-thread-1] INFO  server.RaftServerConfigKeys (ConfUtils.java:logGet(43)) - raft.server.log.force.sync.num = 128 (default)
2019-09-26 15:08:35,874 [pool-27-thread-1] INFO  server.RaftServerConfigKeys (ConfUtils.java:logGet(43)) - raft.server.log.statemachine.data.sync = true (default)
2019-09-26 15:08:35,874 [pool-27-thread-1] INFO  server.RaftServerConfigKeys (ConfUtils.java:logGet(43)) - raft.server.log.statemachine.data.sync.timeout = 10s (default)
2019-09-26 15:08:35,875 [pool-27-thread-1] INFO  server.RaftServerConfigKeys (ConfUtils.java:logGet(43)) - raft.server.log.statemachine.data.sync.timeout.retry = -1 (default)
2019-09-26 15:08:35,875 [pool-27-thread-1] INFO  server.RaftServerConfigKeys (ConfUtils.java:logGet(43)) - raft.server.log.statemachine.data.caching.enabled = true (custom)
2019-09-26 15:08:35,875 [pool-27-thread-1] INFO  segmented.SegmentedRaftLogWorker (SegmentedRaftLogWorker.java:lambda$new$0(132)) - 8a411a4f-0e32-4dd1-80b9-a797c2117425@group-B3C8B28B000E-SegmentedRaftLogWorker: flushIndex: setUnconditionally 0 -> -1
2019-09-26 15:08:35,875 [pool-27-thread-1] INFO  server.RaftServerConfigKeys (ConfUtils.java:logGet(43)) - raft.server.snapshot.auto.trigger.enabled = true (custom)
2019-09-26 15:08:35,875 [pool-27-thread-1] INFO  server.RaftServerConfigKeys (ConfUtils.java:logGet(43)) - raft.server.snapshot.auto.trigger.threshold = 10000 (custom)
2019-09-26 15:08:35,875 [pool-27-thread-1] INFO  server.RaftServerConfigKeys (ConfUtils.java:logGet(43)) - raft.server.snapshot.retention.num.files = 5 (custom)
2019-09-26 15:08:35,875 [pool-27-thread-1] INFO  server.RaftServerConfigKeys (ConfUtils.java:logGet(43)) - raft.server.retrycache.expirytime = 600000ms (custom)
2019-09-26 15:08:35,877 [pool-27-thread-1] INFO  impl.RaftServerImpl (RaftServerImpl.java:start(185)) - 8a411a4f-0e32-4dd1-80b9-a797c2117425@group-B3C8B28B000E: start as a follower, conf=-1: [8a411a4f-0e32-4dd1-80b9-a797c2117425:192.168.151.99:37125], old=null
2019-09-26 15:08:35,877 [pool-27-thread-1] INFO  impl.RaftServerImpl (RaftServerImpl.java:setRole(174)) - 8a411a4f-0e32-4dd1-80b9-a797c2117425@group-B3C8B28B000E: changes role from      null to FOLLOWER at term 0 for startAsFollower
2019-09-26 15:08:35,877 [pool-27-thread-1] INFO  impl.RoleInfo (RoleInfo.java:updateAndGet(143)) - 8a411a4f-0e32-4dd1-80b9-a797c2117425: start FollowerState
2019-09-26 15:08:35,878 [pool-27-thread-1] INFO  util.JmxRegister (JmxRegister.java:tryRegister(44)) - Successfully registered JMX Bean with object name Ratis:service=RaftServer,group=group-B3C8B28B000E,id=8a411a4f-0e32-4dd1-80b9-a797c2117425
2019-09-26 15:08:35,880 [RatisPipelineUtilsThread] INFO  pipeline.PipelineStateManager (PipelineStateManager.java:addPipeline(56)) - Created pipeline Pipeline[ Id: 4df167a0-7907-4e02-a96f-b3c8b28b000e, Nodes: 8a411a4f-0e32-4dd1-80b9-a797c2117425{ip: 192.168.151.99, host: pr-hdds-1569-g6sp5-2013761785, networkLocation: /default-rack, certSerialId: null}, Type:RATIS, Factor:ONE, State:OPEN]
2019-09-26 15:08:35,883 [grpc-default-executor-1] INFO  impl.RaftServerProxy (RaftServerProxy.java:addNew(89)) - 8a411a4f-0e32-4dd1-80b9-a797c2117425: addNew group-F5831FDAC3B9:[8a411a4f-0e32-4dd1-80b9-a797c2117425:192.168.151.99:37125] returns group-F5831FDAC3B9:java.util.concurrent.CompletableFuture@2a26edc0[Not completed]
2019-09-26 15:08:35,884 [pool-27-thread-1] INFO  impl.RaftServerImpl (RaftServerImpl.java:<init>(95)) - 8a411a4f-0e32-4dd1-80b9-a797c2117425: new RaftServerImpl for group-F5831FDAC3B9:[8a411a4f-0e32-4dd1-80b9-a797c2117425:192.168.151.99:37125] with ContainerStateMachine:uninitialized
2019-09-26 15:08:35,884 [pool-27-thread-1] INFO  server.RaftServerConfigKeys (ConfUtils.java:logGet(43)) - raft.server.rpc.timeout.min = 5s (custom)
2019-09-26 15:08:35,884 [pool-27-thread-1] INFO  server.RaftServerConfigKeys (ConfUtils.java:logGet(43)) - raft.server.rpc.timeout.max = 5200ms (custom)
2019-09-26 15:08:35,884 [pool-27-thread-1] INFO  server.RaftServerConfigKeys (ConfUtils.java:logGet(43)) - raft.server.rpcslowness.timeout = 120s (custom)
2019-09-26 15:08:35,884 [pool-27-thread-1] INFO  server.RaftServerConfigKeys (ConfUtils.java:logGet(43)) - raft.server.sleep.deviation.threshold = 300 (default)
2019-09-26 15:08:35,884 [pool-27-thread-1] INFO  server.RaftServerConfigKeys (ConfUtils.java:logGet(43)) - raft.server.log.appender.install.snapshot.enabled = false (custom)
2019-09-26 15:08:35,884 [pool-27-thread-1] INFO  impl.RaftServerImpl (ServerState.java:<init>(103)) - 8a411a4f-0e32-4dd1-80b9-a797c2117425@group-F5831FDAC3B9: ConfigurationManager, init=-1: [8a411a4f-0e32-4dd1-80b9-a797c2117425:192.168.151.99:37125], old=null, confs=<EMPTY_MAP>
2019-09-26 15:08:35,884 [pool-27-thread-1] INFO  server.RaftServerConfigKeys (ConfUtils.java:logGet(43)) - raft.server.storage.dir = [/workdir/hadoop-ozone/integration-test/target/test-dir/MiniOzoneClusterImpl-646ad58d-3cd3-4092-ab15-506251c55e5b/datanode-0/data/ratis] (custom)
2019-09-26 15:08:35,885 [pool-27-thread-1] INFO  storage.RaftStorageDirectory (RaftStorageDirectory.java:analyzeStorage(246)) - The storage directory /workdir/hadoop-ozone/integration-test/target/test-dir/MiniOzoneClusterImpl-646ad58d-3cd3-4092-ab15-506251c55e5b/datanode-0/data/ratis/ae2e724d-d831-4258-87b8-f5831fdac3b9 does not exist. Creating ...
2019-09-26 15:08:35,898 [pool-27-thread-1] INFO  storage.RaftStorageDirectory (RaftStorageDirectory.java:tryLock(328)) - Lock on /workdir/hadoop-ozone/integration-test/target/test-dir/MiniOzoneClusterImpl-646ad58d-3cd3-4092-ab15-506251c55e5b/datanode-0/data/ratis/ae2e724d-d831-4258-87b8-f5831fdac3b9/in_use.lock acquired by nodename 7157@pr-hdds-1569-g6sp5-2013761785
2019-09-26 15:08:35,910 [pool-27-thread-1] INFO  storage.RaftStorage (RaftStorage.java:format(72)) - Storage directory /workdir/hadoop-ozone/integration-test/target/test-dir/MiniOzoneClusterImpl-646ad58d-3cd3-4092-ab15-506251c55e5b/datanode-0/data/ratis/ae2e724d-d831-4258-87b8-f5831fdac3b9 has been successfully formatted.
2019-09-26 15:08:35,911 [pool-27-thread-1] INFO  ratis.ContainerStateMachine (ContainerStateMachine.java:loadSnapshot(230)) - group-F5831FDAC3B9: The snapshot info is null. Setting the last applied indexto:(t:0, i:~)
2019-09-26 15:08:35,911 [pool-27-thread-1] INFO  server.RaftServerConfigKeys (ConfUtils.java:logGet(43)) - raft.server.notification.no-leader.timeout = 120s (custom)
2019-09-26 15:08:35,911 [pool-27-thread-1] INFO  server.RaftServerConfigKeys (ConfUtils.java:logGet(43)) - raft.server.log.use.memory = false (default)
2019-09-26 15:08:35,911 [pool-27-thread-1] INFO  server.RaftServerConfigKeys (ConfUtils.java:logGet(43)) - raft.server.log.purge.gap = 1000000 (custom)
2019-09-26 15:08:35,911 [pool-27-thread-1] INFO  server.RaftServerConfigKeys (ConfUtils.java:logGet(43)) - raft.server.log.appender.buffer.byte-limit = 33554432 (custom)
2019-09-26 15:08:35,911 [pool-27-thread-1] INFO  server.RaftServerConfigKeys (ConfUtils.java:logGet(43)) - raft.server.log.segment.size.max = 1048576 (custom)
2019-09-26 15:08:35,911 [pool-27-thread-1] INFO  server.RaftServerConfigKeys (ConfUtils.java:logGet(43)) - raft.server.log.segment.cache.num.max = 2 (custom)
2019-09-26 15:08:35,911 [pool-27-thread-1] INFO  segmented.SegmentedRaftLogWorker (SegmentedRaftLogWorker.java:<init>(172)) - new 8a411a4f-0e32-4dd1-80b9-a797c2117425@group-F5831FDAC3B9-SegmentedRaftLogWorker for RaftStorage:Storage Directory /workdir/hadoop-ozone/integration-test/target/test-dir/MiniOzoneClusterImpl-646ad58d-3cd3-4092-ab15-506251c55e5b/datanode-0/data/ratis/ae2e724d-d831-4258-87b8-f5831fdac3b9
2019-09-26 15:08:35,911 [pool-27-thread-1] INFO  server.RaftServerConfigKeys (ConfUtils.java:logGet(43)) - raft.server.log.queue.byte-limit = 2147483647 (custom)
2019-09-26 15:08:35,912 [pool-27-thread-1] INFO  server.RaftServerConfigKeys (ConfUtils.java:logGet(43)) - raft.server.log.queue.element-limit = 1024 (custom)
2019-09-26 15:08:35,912 [pool-27-thread-1] INFO  server.RaftServerConfigKeys (ConfUtils.java:logGet(43)) - raft.server.log.segment.size.max = 1048576 (custom)
2019-09-26 15:08:35,912 [pool-27-thread-1] INFO  server.RaftServerConfigKeys (ConfUtils.java:logGet(43)) - raft.server.log.preallocated.size = 16384 (custom)
2019-09-26 15:08:35,912 [pool-27-thread-1] INFO  server.RaftServerConfigKeys (ConfUtils.java:logGet(43)) - raft.server.log.write.buffer.size = 33554432 (custom)
2019-09-26 15:08:35,912 [pool-27-thread-1] INFO  server.RaftServerConfigKeys (ConfUtils.java:logGet(43)) - raft.server.log.force.sync.num = 128 (default)
2019-09-26 15:08:35,912 [pool-27-thread-1] INFO  server.RaftServerConfigKeys (ConfUtils.java:logGet(43)) - raft.server.log.statemachine.data.sync = true (default)
2019-09-26 15:08:35,912 [pool-27-thread-1] INFO  server.RaftServerConfigKeys (ConfUtils.java:logGet(43)) - raft.server.log.statemachine.data.sync.timeout = 10s (default)
2019-09-26 15:08:35,912 [pool-27-thread-1] INFO  server.RaftServerConfigKeys (ConfUtils.java:logGet(43)) - raft.server.log.statemachine.data.sync.timeout.retry = -1 (default)
2019-09-26 15:08:35,912 [pool-27-thread-1] INFO  server.RaftServerConfigKeys (ConfUtils.java:logGet(43)) - raft.server.log.statemachine.data.caching.enabled = true (custom)
2019-09-26 15:08:35,912 [pool-27-thread-1] INFO  segmented.SegmentedRaftLogWorker (SegmentedRaftLogWorker.java:lambda$new$0(132)) - 8a411a4f-0e32-4dd1-80b9-a797c2117425@group-F5831FDAC3B9-SegmentedRaftLogWorker: flushIndex: setUnconditionally 0 -> -1
2019-09-26 15:08:35,913 [pool-27-thread-1] INFO  server.RaftServerConfigKeys (ConfUtils.java:logGet(43)) - raft.server.snapshot.auto.trigger.enabled = true (custom)
2019-09-26 15:08:35,913 [pool-27-thread-1] INFO  server.RaftServerConfigKeys (ConfUtils.java:logGet(43)) - raft.server.snapshot.auto.trigger.threshold = 10000 (custom)
2019-09-26 15:08:35,913 [pool-27-thread-1] INFO  server.RaftServerConfigKeys (ConfUtils.java:logGet(43)) - raft.server.snapshot.retention.num.files = 5 (custom)
2019-09-26 15:08:35,913 [pool-27-thread-1] INFO  server.RaftServerConfigKeys (ConfUtils.java:logGet(43)) - raft.server.retrycache.expirytime = 600000ms (custom)
2019-09-26 15:08:35,914 [pool-27-thread-1] INFO  impl.RaftServerImpl (RaftServerImpl.java:start(185)) - 8a411a4f-0e32-4dd1-80b9-a797c2117425@group-F5831FDAC3B9: start as a follower, conf=-1: [8a411a4f-0e32-4dd1-80b9-a797c2117425:192.168.151.99:37125], old=null
2019-09-26 15:08:35,914 [pool-27-thread-1] INFO  impl.RaftServerImpl (RaftServerImpl.java:setRole(174)) - 8a411a4f-0e32-4dd1-80b9-a797c2117425@group-F5831FDAC3B9: changes role from      null to FOLLOWER at term 0 for startAsFollower
2019-09-26 15:08:35,914 [pool-27-thread-1] INFO  impl.RoleInfo (RoleInfo.java:updateAndGet(143)) - 8a411a4f-0e32-4dd1-80b9-a797c2117425: start FollowerState
2019-09-26 15:08:35,914 [pool-27-thread-1] INFO  util.JmxRegister (JmxRegister.java:tryRegister(44)) - Successfully registered JMX Bean with object name Ratis:service=RaftServer,group=group-F5831FDAC3B9,id=8a411a4f-0e32-4dd1-80b9-a797c2117425
2019-09-26 15:08:35,916 [RatisPipelineUtilsThread] INFO  pipeline.PipelineStateManager (PipelineStateManager.java:addPipeline(56)) - Created pipeline Pipeline[ Id: ae2e724d-d831-4258-87b8-f5831fdac3b9, Nodes: 8a411a4f-0e32-4dd1-80b9-a797c2117425{ip: 192.168.151.99, host: pr-hdds-1569-g6sp5-2013761785, networkLocation: /default-rack, certSerialId: null}, Type:RATIS, Factor:ONE, State:OPEN]
2019-09-26 15:08:35,920 [grpc-default-executor-1] INFO  impl.RaftServerProxy (RaftServerProxy.java:addNew(89)) - 8a411a4f-0e32-4dd1-80b9-a797c2117425: addNew group-FC1790118091:[8a411a4f-0e32-4dd1-80b9-a797c2117425:192.168.151.99:37125] returns group-FC1790118091:java.util.concurrent.CompletableFuture@14c4dde9[Not completed]
2019-09-26 15:08:35,921 [pool-27-thread-1] INFO  impl.RaftServerImpl (RaftServerImpl.java:<init>(95)) - 8a411a4f-0e32-4dd1-80b9-a797c2117425: new RaftServerImpl for group-FC1790118091:[8a411a4f-0e32-4dd1-80b9-a797c2117425:192.168.151.99:37125] with ContainerStateMachine:uninitialized
2019-09-26 15:08:35,921 [pool-27-thread-1] INFO  server.RaftServerConfigKeys (ConfUtils.java:logGet(43)) - raft.server.rpc.timeout.min = 5s (custom)
2019-09-26 15:08:35,921 [pool-27-thread-1] INFO  server.RaftServerConfigKeys (ConfUtils.java:logGet(43)) - raft.server.rpc.timeout.max = 5200ms (custom)
2019-09-26 15:08:35,921 [pool-27-thread-1] INFO  server.RaftServerConfigKeys (ConfUtils.java:logGet(43)) - raft.server.rpcslowness.timeout = 120s (custom)
2019-09-26 15:08:35,921 [pool-27-thread-1] INFO  server.RaftServerConfigKeys (ConfUtils.java:logGet(43)) - raft.server.sleep.deviation.threshold = 300 (default)
2019-09-26 15:08:35,921 [pool-27-thread-1] INFO  server.RaftServerConfigKeys (ConfUtils.java:logGet(43)) - raft.server.log.appender.install.snapshot.enabled = false (custom)
2019-09-26 15:08:35,921 [pool-27-thread-1] INFO  impl.RaftServerImpl (ServerState.java:<init>(103)) - 8a411a4f-0e32-4dd1-80b9-a797c2117425@group-FC1790118091: ConfigurationManager, init=-1: [8a411a4f-0e32-4dd1-80b9-a797c2117425:192.168.151.99:37125], old=null, confs=<EMPTY_MAP>
2019-09-26 15:08:35,921 [pool-27-thread-1] INFO  server.RaftServerConfigKeys (ConfUtils.java:logGet(43)) - raft.server.storage.dir = [/workdir/hadoop-ozone/integration-test/target/test-dir/MiniOzoneClusterImpl-646ad58d-3cd3-4092-ab15-506251c55e5b/datanode-0/data/ratis] (custom)
2019-09-26 15:08:35,922 [pool-27-thread-1] INFO  storage.RaftStorageDirectory (RaftStorageDirectory.java:analyzeStorage(246)) - The storage directory /workdir/hadoop-ozone/integration-test/target/test-dir/MiniOzoneClusterImpl-646ad58d-3cd3-4092-ab15-506251c55e5b/datanode-0/data/ratis/72b90207-8261-4406-9406-fc1790118091 does not exist. Creating ...
2019-09-26 15:08:35,934 [pool-27-thread-1] INFO  storage.RaftStorageDirectory (RaftStorageDirectory.java:tryLock(328)) - Lock on /workdir/hadoop-ozone/integration-test/target/test-dir/MiniOzoneClusterImpl-646ad58d-3cd3-4092-ab15-506251c55e5b/datanode-0/data/ratis/72b90207-8261-4406-9406-fc1790118091/in_use.lock acquired by nodename 7157@pr-hdds-1569-g6sp5-2013761785
2019-09-26 15:08:35,947 [pool-27-thread-1] INFO  storage.RaftStorage (RaftStorage.java:format(72)) - Storage directory /workdir/hadoop-ozone/integration-test/target/test-dir/MiniOzoneClusterImpl-646ad58d-3cd3-4092-ab15-506251c55e5b/datanode-0/data/ratis/72b90207-8261-4406-9406-fc1790118091 has been successfully formatted.
2019-09-26 15:08:35,947 [pool-27-thread-1] INFO  ratis.ContainerStateMachine (ContainerStateMachine.java:loadSnapshot(230)) - group-FC1790118091: The snapshot info is null. Setting the last applied indexto:(t:0, i:~)
2019-09-26 15:08:35,947 [pool-27-thread-1] INFO  server.RaftServerConfigKeys (ConfUtils.java:logGet(43)) - raft.server.notification.no-leader.timeout = 120s (custom)
2019-09-26 15:08:35,947 [pool-27-thread-1] INFO  server.RaftServerConfigKeys (ConfUtils.java:logGet(43)) - raft.server.log.use.memory = false (default)
2019-09-26 15:08:35,947 [pool-27-thread-1] INFO  server.RaftServerConfigKeys (ConfUtils.java:logGet(43)) - raft.server.log.purge.gap = 1000000 (custom)
2019-09-26 15:08:35,947 [pool-27-thread-1] INFO  server.RaftServerConfigKeys (ConfUtils.java:logGet(43)) - raft.server.log.appender.buffer.byte-limit = 33554432 (custom)
2019-09-26 15:08:35,947 [pool-27-thread-1] INFO  server.RaftServerConfigKeys (ConfUtils.java:logGet(43)) - raft.server.log.segment.size.max = 1048576 (custom)
2019-09-26 15:08:35,947 [pool-27-thread-1] INFO  server.RaftServerConfigKeys (ConfUtils.java:logGet(43)) - raft.server.log.segment.cache.num.max = 2 (custom)
2019-09-26 15:08:35,948 [pool-27-thread-1] INFO  segmented.SegmentedRaftLogWorker (SegmentedRaftLogWorker.java:<init>(172)) - new 8a411a4f-0e32-4dd1-80b9-a797c2117425@group-FC1790118091-SegmentedRaftLogWorker for RaftStorage:Storage Directory /workdir/hadoop-ozone/integration-test/target/test-dir/MiniOzoneClusterImpl-646ad58d-3cd3-4092-ab15-506251c55e5b/datanode-0/data/ratis/72b90207-8261-4406-9406-fc1790118091
2019-09-26 15:08:35,948 [pool-27-thread-1] INFO  server.RaftServerConfigKeys (ConfUtils.java:logGet(43)) - raft.server.log.queue.byte-limit = 2147483647 (custom)
2019-09-26 15:08:35,948 [pool-27-thread-1] INFO  server.RaftServerConfigKeys (ConfUtils.java:logGet(43)) - raft.server.log.queue.element-limit = 1024 (custom)
2019-09-26 15:08:35,948 [pool-27-thread-1] INFO  server.RaftServerConfigKeys (ConfUtils.java:logGet(43)) - raft.server.log.segment.size.max = 1048576 (custom)
2019-09-26 15:08:35,948 [pool-27-thread-1] INFO  server.RaftServerConfigKeys (ConfUtils.java:logGet(43)) - raft.server.log.preallocated.size = 16384 (custom)
2019-09-26 15:08:35,948 [pool-27-thread-1] INFO  server.RaftServerConfigKeys (ConfUtils.java:logGet(43)) - raft.server.log.write.buffer.size = 33554432 (custom)
2019-09-26 15:08:35,948 [pool-27-thread-1] INFO  server.RaftServerConfigKeys (ConfUtils.java:logGet(43)) - raft.server.log.force.sync.num = 128 (default)
2019-09-26 15:08:35,948 [pool-27-thread-1] INFO  server.RaftServerConfigKeys (ConfUtils.java:logGet(43)) - raft.server.log.statemachine.data.sync = true (default)
2019-09-26 15:08:35,948 [pool-27-thread-1] INFO  server.RaftServerConfigKeys (ConfUtils.java:logGet(43)) - raft.server.log.statemachine.data.sync.timeout = 10s (default)
2019-09-26 15:08:35,948 [pool-27-thread-1] INFO  server.RaftServerConfigKeys (ConfUtils.java:logGet(43)) - raft.server.log.statemachine.data.sync.timeout.retry = -1 (default)
2019-09-26 15:08:35,948 [pool-27-thread-1] INFO  server.RaftServerConfigKeys (ConfUtils.java:logGet(43)) - raft.server.log.statemachine.data.caching.enabled = true (custom)
2019-09-26 15:08:35,948 [pool-27-thread-1] INFO  segmented.SegmentedRaftLogWorker (SegmentedRaftLogWorker.java:lambda$new$0(132)) - 8a411a4f-0e32-4dd1-80b9-a797c2117425@group-FC1790118091-SegmentedRaftLogWorker: flushIndex: setUnconditionally 0 -> -1
2019-09-26 15:08:35,949 [pool-27-thread-1] INFO  server.RaftServerConfigKeys (ConfUtils.java:logGet(43)) - raft.server.snapshot.auto.trigger.enabled = true (custom)
2019-09-26 15:08:35,949 [pool-27-thread-1] INFO  server.RaftServerConfigKeys (ConfUtils.java:logGet(43)) - raft.server.snapshot.auto.trigger.threshold = 10000 (custom)
2019-09-26 15:08:35,949 [pool-27-thread-1] INFO  server.RaftServerConfigKeys (ConfUtils.java:logGet(43)) - raft.server.snapshot.retention.num.files = 5 (custom)
2019-09-26 15:08:35,949 [pool-27-thread-1] INFO  server.RaftServerConfigKeys (ConfUtils.java:logGet(43)) - raft.server.retrycache.expirytime = 600000ms (custom)
2019-09-26 15:08:35,950 [pool-27-thread-1] INFO  impl.RaftServerImpl (RaftServerImpl.java:start(185)) - 8a411a4f-0e32-4dd1-80b9-a797c2117425@group-FC1790118091: start as a follower, conf=-1: [8a411a4f-0e32-4dd1-80b9-a797c2117425:192.168.151.99:37125], old=null
2019-09-26 15:08:35,950 [pool-27-thread-1] INFO  impl.RaftServerImpl (RaftServerImpl.java:setRole(174)) - 8a411a4f-0e32-4dd1-80b9-a797c2117425@group-FC1790118091: changes role from      null to FOLLOWER at term 0 for startAsFollower
2019-09-26 15:08:35,950 [pool-27-thread-1] INFO  impl.RoleInfo (RoleInfo.java:updateAndGet(143)) - 8a411a4f-0e32-4dd1-80b9-a797c2117425: start FollowerState
2019-09-26 15:08:35,950 [pool-27-thread-1] INFO  util.JmxRegister (JmxRegister.java:tryRegister(44)) - Successfully registered JMX Bean with object name Ratis:service=RaftServer,group=group-FC1790118091,id=8a411a4f-0e32-4dd1-80b9-a797c2117425
2019-09-26 15:08:35,953 [RatisPipelineUtilsThread] INFO  pipeline.PipelineStateManager (PipelineStateManager.java:addPipeline(56)) - Created pipeline Pipeline[ Id: 72b90207-8261-4406-9406-fc1790118091, Nodes: 8a411a4f-0e32-4dd1-80b9-a797c2117425{ip: 192.168.151.99, host: pr-hdds-1569-g6sp5-2013761785, networkLocation: /default-rack, certSerialId: null}, Type:RATIS, Factor:ONE, State:OPEN]
2019-09-26 15:08:35,957 [grpc-default-executor-1] INFO  impl.RaftServerProxy (RaftServerProxy.java:addNew(89)) - 8a411a4f-0e32-4dd1-80b9-a797c2117425: addNew group-464AB6351F7D:[8a411a4f-0e32-4dd1-80b9-a797c2117425:192.168.151.99:37125] returns group-464AB6351F7D:java.util.concurrent.CompletableFuture@48d9da2d[Not completed]
2019-09-26 15:08:35,957 [pool-27-thread-1] INFO  impl.RaftServerImpl (RaftServerImpl.java:<init>(95)) - 8a411a4f-0e32-4dd1-80b9-a797c2117425: new RaftServerImpl for group-464AB6351F7D:[8a411a4f-0e32-4dd1-80b9-a797c2117425:192.168.151.99:37125] with ContainerStateMachine:uninitialized
2019-09-26 15:08:35,957 [pool-27-thread-1] INFO  server.RaftServerConfigKeys (ConfUtils.java:logGet(43)) - raft.server.rpc.timeout.min = 5s (custom)
2019-09-26 15:08:35,957 [pool-27-thread-1] INFO  server.RaftServerConfigKeys (ConfUtils.java:logGet(43)) - raft.server.rpc.timeout.max = 5200ms (custom)
2019-09-26 15:08:35,957 [pool-27-thread-1] INFO  server.RaftServerConfigKeys (ConfUtils.java:logGet(43)) - raft.server.rpcslowness.timeout = 120s (custom)
2019-09-26 15:08:35,957 [pool-27-thread-1] INFO  server.RaftServerConfigKeys (ConfUtils.java:logGet(43)) - raft.server.sleep.deviation.threshold = 300 (default)
2019-09-26 15:08:35,958 [pool-27-thread-1] INFO  server.RaftServerConfigKeys (ConfUtils.java:logGet(43)) - raft.server.log.appender.install.snapshot.enabled = false (custom)
2019-09-26 15:08:35,958 [pool-27-thread-1] INFO  impl.RaftServerImpl (ServerState.java:<init>(103)) - 8a411a4f-0e32-4dd1-80b9-a797c2117425@group-464AB6351F7D: ConfigurationManager, init=-1: [8a411a4f-0e32-4dd1-80b9-a797c2117425:192.168.151.99:37125], old=null, confs=<EMPTY_MAP>
2019-09-26 15:08:35,958 [pool-27-thread-1] INFO  server.RaftServerConfigKeys (ConfUtils.java:logGet(43)) - raft.server.storage.dir = [/workdir/hadoop-ozone/integration-test/target/test-dir/MiniOzoneClusterImpl-646ad58d-3cd3-4092-ab15-506251c55e5b/datanode-0/data/ratis] (custom)
2019-09-26 15:08:35,958 [pool-27-thread-1] INFO  storage.RaftStorageDirectory (RaftStorageDirectory.java:analyzeStorage(246)) - The storage directory /workdir/hadoop-ozone/integration-test/target/test-dir/MiniOzoneClusterImpl-646ad58d-3cd3-4092-ab15-506251c55e5b/datanode-0/data/ratis/4228ee47-d235-4f26-9501-464ab6351f7d does not exist. Creating ...
2019-09-26 15:08:35,961 [pool-27-thread-1] INFO  storage.RaftStorageDirectory (RaftStorageDirectory.java:tryLock(328)) - Lock on /workdir/hadoop-ozone/integration-test/target/test-dir/MiniOzoneClusterImpl-646ad58d-3cd3-4092-ab15-506251c55e5b/datanode-0/data/ratis/4228ee47-d235-4f26-9501-464ab6351f7d/in_use.lock acquired by nodename 7157@pr-hdds-1569-g6sp5-2013761785
2019-09-26 15:08:35,963 [pool-27-thread-1] INFO  storage.RaftStorage (RaftStorage.java:format(72)) - Storage directory /workdir/hadoop-ozone/integration-test/target/test-dir/MiniOzoneClusterImpl-646ad58d-3cd3-4092-ab15-506251c55e5b/datanode-0/data/ratis/4228ee47-d235-4f26-9501-464ab6351f7d has been successfully formatted.
2019-09-26 15:08:35,963 [pool-27-thread-1] INFO  ratis.ContainerStateMachine (ContainerStateMachine.java:loadSnapshot(230)) - group-464AB6351F7D: The snapshot info is null. Setting the last applied indexto:(t:0, i:~)
2019-09-26 15:08:35,963 [pool-27-thread-1] INFO  server.RaftServerConfigKeys (ConfUtils.java:logGet(43)) - raft.server.notification.no-leader.timeout = 120s (custom)
2019-09-26 15:08:35,963 [pool-27-thread-1] INFO  server.RaftServerConfigKeys (ConfUtils.java:logGet(43)) - raft.server.log.use.memory = false (default)
2019-09-26 15:08:35,964 [pool-27-thread-1] INFO  server.RaftServerConfigKeys (ConfUtils.java:logGet(43)) - raft.server.log.purge.gap = 1000000 (custom)
2019-09-26 15:08:35,964 [pool-27-thread-1] INFO  server.RaftServerConfigKeys (ConfUtils.java:logGet(43)) - raft.server.log.appender.buffer.byte-limit = 33554432 (custom)
2019-09-26 15:08:35,964 [pool-27-thread-1] INFO  server.RaftServerConfigKeys (ConfUtils.java:logGet(43)) - raft.server.log.segment.size.max = 1048576 (custom)
2019-09-26 15:08:35,964 [pool-27-thread-1] INFO  server.RaftServerConfigKeys (ConfUtils.java:logGet(43)) - raft.server.log.segment.cache.num.max = 2 (custom)
2019-09-26 15:08:35,964 [pool-27-thread-1] INFO  segmented.SegmentedRaftLogWorker (SegmentedRaftLogWorker.java:<init>(172)) - new 8a411a4f-0e32-4dd1-80b9-a797c2117425@group-464AB6351F7D-SegmentedRaftLogWorker for RaftStorage:Storage Directory /workdir/hadoop-ozone/integration-test/target/test-dir/MiniOzoneClusterImpl-646ad58d-3cd3-4092-ab15-506251c55e5b/datanode-0/data/ratis/4228ee47-d235-4f26-9501-464ab6351f7d
2019-09-26 15:08:35,964 [pool-27-thread-1] INFO  server.RaftServerConfigKeys (ConfUtils.java:logGet(43)) - raft.server.log.queue.byte-limit = 2147483647 (custom)
2019-09-26 15:08:35,964 [pool-27-thread-1] INFO  server.RaftServerConfigKeys (ConfUtils.java:logGet(43)) - raft.server.log.queue.element-limit = 1024 (custom)
2019-09-26 15:08:35,964 [pool-27-thread-1] INFO  server.RaftServerConfigKeys (ConfUtils.java:logGet(43)) - raft.server.log.segment.size.max = 1048576 (custom)
2019-09-26 15:08:35,964 [pool-27-thread-1] INFO  server.RaftServerConfigKeys (ConfUtils.java:logGet(43)) - raft.server.log.preallocated.size = 16384 (custom)
2019-09-26 15:08:35,964 [pool-27-thread-1] INFO  server.RaftServerConfigKeys (ConfUtils.java:logGet(43)) - raft.server.log.write.buffer.size = 33554432 (custom)
2019-09-26 15:08:35,964 [pool-27-thread-1] INFO  server.RaftServerConfigKeys (ConfUtils.java:logGet(43)) - raft.server.log.force.sync.num = 128 (default)
2019-09-26 15:08:35,964 [pool-27-thread-1] INFO  server.RaftServerConfigKeys (ConfUtils.java:logGet(43)) - raft.server.log.statemachine.data.sync = true (default)
2019-09-26 15:08:35,965 [pool-27-thread-1] INFO  server.RaftServerConfigKeys (ConfUtils.java:logGet(43)) - raft.server.log.statemachine.data.sync.timeout = 10s (default)
2019-09-26 15:08:35,965 [pool-27-thread-1] INFO  server.RaftServerConfigKeys (ConfUtils.java:logGet(43)) - raft.server.log.statemachine.data.sync.timeout.retry = -1 (default)
2019-09-26 15:08:35,965 [pool-27-thread-1] INFO  server.RaftServerConfigKeys (ConfUtils.java:logGet(43)) - raft.server.log.statemachine.data.caching.enabled = true (custom)
2019-09-26 15:08:35,965 [pool-27-thread-1] INFO  segmented.SegmentedRaftLogWorker (SegmentedRaftLogWorker.java:lambda$new$0(132)) - 8a411a4f-0e32-4dd1-80b9-a797c2117425@group-464AB6351F7D-SegmentedRaftLogWorker: flushIndex: setUnconditionally 0 -> -1
2019-09-26 15:08:35,965 [pool-27-thread-1] INFO  server.RaftServerConfigKeys (ConfUtils.java:logGet(43)) - raft.server.snapshot.auto.trigger.enabled = true (custom)
2019-09-26 15:08:35,965 [pool-27-thread-1] INFO  server.RaftServerConfigKeys (ConfUtils.java:logGet(43)) - raft.server.snapshot.auto.trigger.threshold = 10000 (custom)
2019-09-26 15:08:35,965 [pool-27-thread-1] INFO  server.RaftServerConfigKeys (ConfUtils.java:logGet(43)) - raft.server.snapshot.retention.num.files = 5 (custom)
2019-09-26 15:08:35,965 [pool-27-thread-1] INFO  server.RaftServerConfigKeys (ConfUtils.java:logGet(43)) - raft.server.retrycache.expirytime = 600000ms (custom)
2019-09-26 15:08:35,966 [pool-27-thread-1] INFO  impl.RaftServerImpl (RaftServerImpl.java:start(185)) - 8a411a4f-0e32-4dd1-80b9-a797c2117425@group-464AB6351F7D: start as a follower, conf=-1: [8a411a4f-0e32-4dd1-80b9-a797c2117425:192.168.151.99:37125], old=null
2019-09-26 15:08:35,966 [pool-27-thread-1] INFO  impl.RaftServerImpl (RaftServerImpl.java:setRole(174)) - 8a411a4f-0e32-4dd1-80b9-a797c2117425@group-464AB6351F7D: changes role from      null to FOLLOWER at term 0 for startAsFollower
2019-09-26 15:08:35,967 [pool-27-thread-1] INFO  impl.RoleInfo (RoleInfo.java:updateAndGet(143)) - 8a411a4f-0e32-4dd1-80b9-a797c2117425: start FollowerState
2019-09-26 15:08:35,967 [pool-27-thread-1] INFO  util.JmxRegister (JmxRegister.java:tryRegister(44)) - Successfully registered JMX Bean with object name Ratis:service=RaftServer,group=group-464AB6351F7D,id=8a411a4f-0e32-4dd1-80b9-a797c2117425
2019-09-26 15:08:35,968 [RatisPipelineUtilsThread] INFO  pipeline.PipelineStateManager (PipelineStateManager.java:addPipeline(56)) - Created pipeline Pipeline[ Id: 4228ee47-d235-4f26-9501-464ab6351f7d, Nodes: 8a411a4f-0e32-4dd1-80b9-a797c2117425{ip: 192.168.151.99, host: pr-hdds-1569-g6sp5-2013761785, networkLocation: /default-rack, certSerialId: null}, Type:RATIS, Factor:ONE, State:OPEN]
2019-09-26 15:08:35,971 [grpc-default-executor-1] INFO  impl.RaftServerProxy (RaftServerProxy.java:addNew(89)) - 8a411a4f-0e32-4dd1-80b9-a797c2117425: addNew group-9FBC4F4584D8:[8a411a4f-0e32-4dd1-80b9-a797c2117425:192.168.151.99:37125] returns group-9FBC4F4584D8:java.util.concurrent.CompletableFuture@786be74c[Not completed]
2019-09-26 15:08:35,972 [pool-27-thread-1] INFO  impl.RaftServerImpl (RaftServerImpl.java:<init>(95)) - 8a411a4f-0e32-4dd1-80b9-a797c2117425: new RaftServerImpl for group-9FBC4F4584D8:[8a411a4f-0e32-4dd1-80b9-a797c2117425:192.168.151.99:37125] with ContainerStateMachine:uninitialized
2019-09-26 15:08:35,972 [pool-27-thread-1] INFO  server.RaftServerConfigKeys (ConfUtils.java:logGet(43)) - raft.server.rpc.timeout.min = 5s (custom)
2019-09-26 15:08:35,972 [pool-27-thread-1] INFO  server.RaftServerConfigKeys (ConfUtils.java:logGet(43)) - raft.server.rpc.timeout.max = 5200ms (custom)
2019-09-26 15:08:35,972 [pool-27-thread-1] INFO  server.RaftServerConfigKeys (ConfUtils.java:logGet(43)) - raft.server.rpcslowness.timeout = 120s (custom)
2019-09-26 15:08:35,972 [pool-27-thread-1] INFO  server.RaftServerConfigKeys (ConfUtils.java:logGet(43)) - raft.server.sleep.deviation.threshold = 300 (default)
2019-09-26 15:08:35,972 [pool-27-thread-1] INFO  server.RaftServerConfigKeys (ConfUtils.java:logGet(43)) - raft.server.log.appender.install.snapshot.enabled = false (custom)
2019-09-26 15:08:35,972 [pool-27-thread-1] INFO  impl.RaftServerImpl (ServerState.java:<init>(103)) - 8a411a4f-0e32-4dd1-80b9-a797c2117425@group-9FBC4F4584D8: ConfigurationManager, init=-1: [8a411a4f-0e32-4dd1-80b9-a797c2117425:192.168.151.99:37125], old=null, confs=<EMPTY_MAP>
2019-09-26 15:08:35,973 [pool-27-thread-1] INFO  server.RaftServerConfigKeys (ConfUtils.java:logGet(43)) - raft.server.storage.dir = [/workdir/hadoop-ozone/integration-test/target/test-dir/MiniOzoneClusterImpl-646ad58d-3cd3-4092-ab15-506251c55e5b/datanode-0/data/ratis] (custom)
2019-09-26 15:08:35,973 [pool-27-thread-1] INFO  storage.RaftStorageDirectory (RaftStorageDirectory.java:analyzeStorage(246)) - The storage directory /workdir/hadoop-ozone/integration-test/target/test-dir/MiniOzoneClusterImpl-646ad58d-3cd3-4092-ab15-506251c55e5b/datanode-0/data/ratis/2947708c-6002-4510-87f7-9fbc4f4584d8 does not exist. Creating ...
2019-09-26 15:08:35,976 [pool-27-thread-1] INFO  storage.RaftStorageDirectory (RaftStorageDirectory.java:tryLock(328)) - Lock on /workdir/hadoop-ozone/integration-test/target/test-dir/MiniOzoneClusterImpl-646ad58d-3cd3-4092-ab15-506251c55e5b/datanode-0/data/ratis/2947708c-6002-4510-87f7-9fbc4f4584d8/in_use.lock acquired by nodename 7157@pr-hdds-1569-g6sp5-2013761785
2019-09-26 15:08:35,980 [pool-27-thread-1] INFO  storage.RaftStorage (RaftStorage.java:format(72)) - Storage directory /workdir/hadoop-ozone/integration-test/target/test-dir/MiniOzoneClusterImpl-646ad58d-3cd3-4092-ab15-506251c55e5b/datanode-0/data/ratis/2947708c-6002-4510-87f7-9fbc4f4584d8 has been successfully formatted.
2019-09-26 15:08:35,980 [pool-27-thread-1] INFO  ratis.ContainerStateMachine (ContainerStateMachine.java:loadSnapshot(230)) - group-9FBC4F4584D8: The snapshot info is null. Setting the last applied indexto:(t:0, i:~)
2019-09-26 15:08:35,981 [pool-27-thread-1] INFO  server.RaftServerConfigKeys (ConfUtils.java:logGet(43)) - raft.server.notification.no-leader.timeout = 120s (custom)
2019-09-26 15:08:35,981 [pool-27-thread-1] INFO  server.RaftServerConfigKeys (ConfUtils.java:logGet(43)) - raft.server.log.use.memory = false (default)
2019-09-26 15:08:35,981 [pool-27-thread-1] INFO  server.RaftServerConfigKeys (ConfUtils.java:logGet(43)) - raft.server.log.purge.gap = 1000000 (custom)
2019-09-26 15:08:35,981 [pool-27-thread-1] INFO  server.RaftServerConfigKeys (ConfUtils.java:logGet(43)) - raft.server.log.appender.buffer.byte-limit = 33554432 (custom)
2019-09-26 15:08:35,981 [pool-27-thread-1] INFO  server.RaftServerConfigKeys (ConfUtils.java:logGet(43)) - raft.server.log.segment.size.max = 1048576 (custom)
2019-09-26 15:08:35,981 [pool-27-thread-1] INFO  server.RaftServerConfigKeys (ConfUtils.java:logGet(43)) - raft.server.log.segment.cache.num.max = 2 (custom)
2019-09-26 15:08:35,981 [pool-27-thread-1] INFO  segmented.SegmentedRaftLogWorker (SegmentedRaftLogWorker.java:<init>(172)) - new 8a411a4f-0e32-4dd1-80b9-a797c2117425@group-9FBC4F4584D8-SegmentedRaftLogWorker for RaftStorage:Storage Directory /workdir/hadoop-ozone/integration-test/target/test-dir/MiniOzoneClusterImpl-646ad58d-3cd3-4092-ab15-506251c55e5b/datanode-0/data/ratis/2947708c-6002-4510-87f7-9fbc4f4584d8
2019-09-26 15:08:35,981 [pool-27-thread-1] INFO  server.RaftServerConfigKeys (ConfUtils.java:logGet(43)) - raft.server.log.queue.byte-limit = 2147483647 (custom)
2019-09-26 15:08:35,982 [pool-27-thread-1] INFO  server.RaftServerConfigKeys (ConfUtils.java:logGet(43)) - raft.server.log.queue.element-limit = 1024 (custom)
2019-09-26 15:08:35,982 [pool-27-thread-1] INFO  server.RaftServerConfigKeys (ConfUtils.java:logGet(43)) - raft.server.log.segment.size.max = 1048576 (custom)
2019-09-26 15:08:35,982 [pool-27-thread-1] INFO  server.RaftServerConfigKeys (ConfUtils.java:logGet(43)) - raft.server.log.preallocated.size = 16384 (custom)
2019-09-26 15:08:35,982 [pool-27-thread-1] INFO  server.RaftServerConfigKeys (ConfUtils.java:logGet(43)) - raft.server.log.write.buffer.size = 33554432 (custom)
2019-09-26 15:08:35,982 [pool-27-thread-1] INFO  server.RaftServerConfigKeys (ConfUtils.java:logGet(43)) - raft.server.log.force.sync.num = 128 (default)
2019-09-26 15:08:35,982 [pool-27-thread-1] INFO  server.RaftServerConfigKeys (ConfUtils.java:logGet(43)) - raft.server.log.statemachine.data.sync = true (default)
2019-09-26 15:08:35,982 [pool-27-thread-1] INFO  server.RaftServerConfigKeys (ConfUtils.java:logGet(43)) - raft.server.log.statemachine.data.sync.timeout = 10s (default)
2019-09-26 15:08:35,982 [pool-27-thread-1] INFO  server.RaftServerConfigKeys (ConfUtils.java:logGet(43)) - raft.server.log.statemachine.data.sync.timeout.retry = -1 (default)
2019-09-26 15:08:35,983 [pool-27-thread-1] INFO  server.RaftServerConfigKeys (ConfUtils.java:logGet(43)) - raft.server.log.statemachine.data.caching.enabled = true (custom)
2019-09-26 15:08:35,983 [pool-27-thread-1] INFO  segmented.SegmentedRaftLogWorker (SegmentedRaftLogWorker.java:lambda$new$0(132)) - 8a411a4f-0e32-4dd1-80b9-a797c2117425@group-9FBC4F4584D8-SegmentedRaftLogWorker: flushIndex: setUnconditionally 0 -> -1
2019-09-26 15:08:35,983 [pool-27-thread-1] INFO  server.RaftServerConfigKeys (ConfUtils.java:logGet(43)) - raft.server.snapshot.auto.trigger.enabled = true (custom)
2019-09-26 15:08:35,983 [pool-27-thread-1] INFO  server.RaftServerConfigKeys (ConfUtils.java:logGet(43)) - raft.server.snapshot.auto.trigger.threshold = 10000 (custom)
2019-09-26 15:08:35,983 [pool-27-thread-1] INFO  server.RaftServerConfigKeys (ConfUtils.java:logGet(43)) - raft.server.snapshot.retention.num.files = 5 (custom)
2019-09-26 15:08:35,983 [pool-27-thread-1] INFO  server.RaftServerConfigKeys (ConfUtils.java:logGet(43)) - raft.server.retrycache.expirytime = 600000ms (custom)
2019-09-26 15:08:35,985 [pool-27-thread-1] INFO  impl.RaftServerImpl (RaftServerImpl.java:start(185)) - 8a411a4f-0e32-4dd1-80b9-a797c2117425@group-9FBC4F4584D8: start as a follower, conf=-1: [8a411a4f-0e32-4dd1-80b9-a797c2117425:192.168.151.99:37125], old=null
2019-09-26 15:08:35,985 [pool-27-thread-1] INFO  impl.RaftServerImpl (RaftServerImpl.java:setRole(174)) - 8a411a4f-0e32-4dd1-80b9-a797c2117425@group-9FBC4F4584D8: changes role from      null to FOLLOWER at term 0 for startAsFollower
2019-09-26 15:08:35,985 [pool-27-thread-1] INFO  impl.RoleInfo (RoleInfo.java:updateAndGet(143)) - 8a411a4f-0e32-4dd1-80b9-a797c2117425: start FollowerState
2019-09-26 15:08:35,985 [pool-27-thread-1] INFO  util.JmxRegister (JmxRegister.java:tryRegister(44)) - Successfully registered JMX Bean with object name Ratis:service=RaftServer,group=group-9FBC4F4584D8,id=8a411a4f-0e32-4dd1-80b9-a797c2117425
2019-09-26 15:08:35,987 [RatisPipelineUtilsThread] INFO  pipeline.PipelineStateManager (PipelineStateManager.java:addPipeline(56)) - Created pipeline Pipeline[ Id: 2947708c-6002-4510-87f7-9fbc4f4584d8, Nodes: 8a411a4f-0e32-4dd1-80b9-a797c2117425{ip: 192.168.151.99, host: pr-hdds-1569-g6sp5-2013761785, networkLocation: /default-rack, certSerialId: null}, Type:RATIS, Factor:ONE, State:OPEN]
2019-09-26 15:08:35,991 [grpc-default-executor-1] INFO  impl.RaftServerProxy (RaftServerProxy.java:addNew(89)) - 8a411a4f-0e32-4dd1-80b9-a797c2117425: addNew group-815581757129:[8a411a4f-0e32-4dd1-80b9-a797c2117425:192.168.151.99:37125] returns group-815581757129:java.util.concurrent.CompletableFuture@48f2875d[Not completed]
2019-09-26 15:08:35,991 [pool-27-thread-1] INFO  impl.RaftServerImpl (RaftServerImpl.java:<init>(95)) - 8a411a4f-0e32-4dd1-80b9-a797c2117425: new RaftServerImpl for group-815581757129:[8a411a4f-0e32-4dd1-80b9-a797c2117425:192.168.151.99:37125] with ContainerStateMachine:uninitialized
2019-09-26 15:08:35,991 [pool-27-thread-1] INFO  server.RaftServerConfigKeys (ConfUtils.java:logGet(43)) - raft.server.rpc.timeout.min = 5s (custom)
2019-09-26 15:08:35,992 [pool-27-thread-1] INFO  server.RaftServerConfigKeys (ConfUtils.java:logGet(43)) - raft.server.rpc.timeout.max = 5200ms (custom)
2019-09-26 15:08:35,992 [pool-27-thread-1] INFO  server.RaftServerConfigKeys (ConfUtils.java:logGet(43)) - raft.server.rpcslowness.timeout = 120s (custom)
2019-09-26 15:08:35,992 [pool-27-thread-1] INFO  server.RaftServerConfigKeys (ConfUtils.java:logGet(43)) - raft.server.sleep.deviation.threshold = 300 (default)
2019-09-26 15:08:35,992 [pool-27-thread-1] INFO  server.RaftServerConfigKeys (ConfUtils.java:logGet(43)) - raft.server.log.appender.install.snapshot.enabled = false (custom)
2019-09-26 15:08:35,992 [pool-27-thread-1] INFO  impl.RaftServerImpl (ServerState.java:<init>(103)) - 8a411a4f-0e32-4dd1-80b9-a797c2117425@group-815581757129: ConfigurationManager, init=-1: [8a411a4f-0e32-4dd1-80b9-a797c2117425:192.168.151.99:37125], old=null, confs=<EMPTY_MAP>
2019-09-26 15:08:35,992 [pool-27-thread-1] INFO  server.RaftServerConfigKeys (ConfUtils.java:logGet(43)) - raft.server.storage.dir = [/workdir/hadoop-ozone/integration-test/target/test-dir/MiniOzoneClusterImpl-646ad58d-3cd3-4092-ab15-506251c55e5b/datanode-0/data/ratis] (custom)
2019-09-26 15:08:35,993 [pool-27-thread-1] INFO  storage.RaftStorageDirectory (RaftStorageDirectory.java:analyzeStorage(246)) - The storage directory /workdir/hadoop-ozone/integration-test/target/test-dir/MiniOzoneClusterImpl-646ad58d-3cd3-4092-ab15-506251c55e5b/datanode-0/data/ratis/0c021525-ba67-47e2-97b3-815581757129 does not exist. Creating ...
2019-09-26 15:08:36,004 [pool-27-thread-1] INFO  storage.RaftStorageDirectory (RaftStorageDirectory.java:tryLock(328)) - Lock on /workdir/hadoop-ozone/integration-test/target/test-dir/MiniOzoneClusterImpl-646ad58d-3cd3-4092-ab15-506251c55e5b/datanode-0/data/ratis/0c021525-ba67-47e2-97b3-815581757129/in_use.lock acquired by nodename 7157@pr-hdds-1569-g6sp5-2013761785
2019-09-26 15:08:36,017 [pool-27-thread-1] INFO  storage.RaftStorage (RaftStorage.java:format(72)) - Storage directory /workdir/hadoop-ozone/integration-test/target/test-dir/MiniOzoneClusterImpl-646ad58d-3cd3-4092-ab15-506251c55e5b/datanode-0/data/ratis/0c021525-ba67-47e2-97b3-815581757129 has been successfully formatted.
2019-09-26 15:08:36,018 [pool-27-thread-1] INFO  ratis.ContainerStateMachine (ContainerStateMachine.java:loadSnapshot(230)) - group-815581757129: The snapshot info is null. Setting the last applied indexto:(t:0, i:~)
2019-09-26 15:08:36,018 [pool-27-thread-1] INFO  server.RaftServerConfigKeys (ConfUtils.java:logGet(43)) - raft.server.notification.no-leader.timeout = 120s (custom)
2019-09-26 15:08:36,018 [pool-27-thread-1] INFO  server.RaftServerConfigKeys (ConfUtils.java:logGet(43)) - raft.server.log.use.memory = false (default)
2019-09-26 15:08:36,018 [pool-27-thread-1] INFO  server.RaftServerConfigKeys (ConfUtils.java:logGet(43)) - raft.server.log.purge.gap = 1000000 (custom)
2019-09-26 15:08:36,018 [pool-27-thread-1] INFO  server.RaftServerConfigKeys (ConfUtils.java:logGet(43)) - raft.server.log.appender.buffer.byte-limit = 33554432 (custom)
2019-09-26 15:08:36,018 [pool-27-thread-1] INFO  server.RaftServerConfigKeys (ConfUtils.java:logGet(43)) - raft.server.log.segment.size.max = 1048576 (custom)
2019-09-26 15:08:36,018 [pool-27-thread-1] INFO  server.RaftServerConfigKeys (ConfUtils.java:logGet(43)) - raft.server.log.segment.cache.num.max = 2 (custom)
2019-09-26 15:08:36,018 [pool-27-thread-1] INFO  segmented.SegmentedRaftLogWorker (SegmentedRaftLogWorker.java:<init>(172)) - new 8a411a4f-0e32-4dd1-80b9-a797c2117425@group-815581757129-SegmentedRaftLogWorker for RaftStorage:Storage Directory /workdir/hadoop-ozone/integration-test/target/test-dir/MiniOzoneClusterImpl-646ad58d-3cd3-4092-ab15-506251c55e5b/datanode-0/data/ratis/0c021525-ba67-47e2-97b3-815581757129
2019-09-26 15:08:36,018 [pool-27-thread-1] INFO  server.RaftServerConfigKeys (ConfUtils.java:logGet(43)) - raft.server.log.queue.byte-limit = 2147483647 (custom)
2019-09-26 15:08:36,018 [pool-27-thread-1] INFO  server.RaftServerConfigKeys (ConfUtils.java:logGet(43)) - raft.server.log.queue.element-limit = 1024 (custom)
2019-09-26 15:08:36,018 [pool-27-thread-1] INFO  server.RaftServerConfigKeys (ConfUtils.java:logGet(43)) - raft.server.log.segment.size.max = 1048576 (custom)
2019-09-26 15:08:36,018 [pool-27-thread-1] INFO  server.RaftServerConfigKeys (ConfUtils.java:logGet(43)) - raft.server.log.preallocated.size = 16384 (custom)
2019-09-26 15:08:36,018 [pool-27-thread-1] INFO  server.RaftServerConfigKeys (ConfUtils.java:logGet(43)) - raft.server.log.write.buffer.size = 33554432 (custom)
2019-09-26 15:08:36,019 [pool-27-thread-1] INFO  server.RaftServerConfigKeys (ConfUtils.java:logGet(43)) - raft.server.log.force.sync.num = 128 (default)
2019-09-26 15:08:36,019 [pool-27-thread-1] INFO  server.RaftServerConfigKeys (ConfUtils.java:logGet(43)) - raft.server.log.statemachine.data.sync = true (default)
2019-09-26 15:08:36,019 [pool-27-thread-1] INFO  server.RaftServerConfigKeys (ConfUtils.java:logGet(43)) - raft.server.log.statemachine.data.sync.timeout = 10s (default)
2019-09-26 15:08:36,019 [pool-27-thread-1] INFO  server.RaftServerConfigKeys (ConfUtils.java:logGet(43)) - raft.server.log.statemachine.data.sync.timeout.retry = -1 (default)
2019-09-26 15:08:36,019 [pool-27-thread-1] INFO  server.RaftServerConfigKeys (ConfUtils.java:logGet(43)) - raft.server.log.statemachine.data.caching.enabled = true (custom)
2019-09-26 15:08:36,019 [pool-27-thread-1] INFO  segmented.SegmentedRaftLogWorker (SegmentedRaftLogWorker.java:lambda$new$0(132)) - 8a411a4f-0e32-4dd1-80b9-a797c2117425@group-815581757129-SegmentedRaftLogWorker: flushIndex: setUnconditionally 0 -> -1
2019-09-26 15:08:36,019 [pool-27-thread-1] INFO  server.RaftServerConfigKeys (ConfUtils.java:logGet(43)) - raft.server.snapshot.auto.trigger.enabled = true (custom)
2019-09-26 15:08:36,019 [pool-27-thread-1] INFO  server.RaftServerConfigKeys (ConfUtils.java:logGet(43)) - raft.server.snapshot.auto.trigger.threshold = 10000 (custom)
2019-09-26 15:08:36,019 [pool-27-thread-1] INFO  server.RaftServerConfigKeys (ConfUtils.java:logGet(43)) - raft.server.snapshot.retention.num.files = 5 (custom)
2019-09-26 15:08:36,020 [pool-27-thread-1] INFO  server.RaftServerConfigKeys (ConfUtils.java:logGet(43)) - raft.server.retrycache.expirytime = 600000ms (custom)
2019-09-26 15:08:36,021 [pool-27-thread-1] INFO  impl.RaftServerImpl (RaftServerImpl.java:start(185)) - 8a411a4f-0e32-4dd1-80b9-a797c2117425@group-815581757129: start as a follower, conf=-1: [8a411a4f-0e32-4dd1-80b9-a797c2117425:192.168.151.99:37125], old=null
2019-09-26 15:08:36,021 [pool-27-thread-1] INFO  impl.RaftServerImpl (RaftServerImpl.java:setRole(174)) - 8a411a4f-0e32-4dd1-80b9-a797c2117425@group-815581757129: changes role from      null to FOLLOWER at term 0 for startAsFollower
2019-09-26 15:08:36,021 [pool-27-thread-1] INFO  impl.RoleInfo (RoleInfo.java:updateAndGet(143)) - 8a411a4f-0e32-4dd1-80b9-a797c2117425: start FollowerState
2019-09-26 15:08:36,021 [pool-27-thread-1] INFO  util.JmxRegister (JmxRegister.java:tryRegister(44)) - Successfully registered JMX Bean with object name Ratis:service=RaftServer,group=group-815581757129,id=8a411a4f-0e32-4dd1-80b9-a797c2117425
2019-09-26 15:08:36,023 [RatisPipelineUtilsThread] INFO  pipeline.PipelineStateManager (PipelineStateManager.java:addPipeline(56)) - Created pipeline Pipeline[ Id: 0c021525-ba67-47e2-97b3-815581757129, Nodes: 8a411a4f-0e32-4dd1-80b9-a797c2117425{ip: 192.168.151.99, host: pr-hdds-1569-g6sp5-2013761785, networkLocation: /default-rack, certSerialId: null}, Type:RATIS, Factor:ONE, State:OPEN]
2019-09-26 15:08:36,026 [grpc-default-executor-1] INFO  impl.RaftServerProxy (RaftServerProxy.java:addNew(89)) - 8a411a4f-0e32-4dd1-80b9-a797c2117425: addNew group-AD41E9BABF33:[8a411a4f-0e32-4dd1-80b9-a797c2117425:192.168.151.99:37125] returns group-AD41E9BABF33:java.util.concurrent.CompletableFuture@372d9bdd[Not completed]
2019-09-26 15:08:36,027 [pool-27-thread-1] INFO  impl.RaftServerImpl (RaftServerImpl.java:<init>(95)) - 8a411a4f-0e32-4dd1-80b9-a797c2117425: new RaftServerImpl for group-AD41E9BABF33:[8a411a4f-0e32-4dd1-80b9-a797c2117425:192.168.151.99:37125] with ContainerStateMachine:uninitialized
2019-09-26 15:08:36,027 [pool-27-thread-1] INFO  server.RaftServerConfigKeys (ConfUtils.java:logGet(43)) - raft.server.rpc.timeout.min = 5s (custom)
2019-09-26 15:08:36,027 [pool-27-thread-1] INFO  server.RaftServerConfigKeys (ConfUtils.java:logGet(43)) - raft.server.rpc.timeout.max = 5200ms (custom)
2019-09-26 15:08:36,027 [pool-27-thread-1] INFO  server.RaftServerConfigKeys (ConfUtils.java:logGet(43)) - raft.server.rpcslowness.timeout = 120s (custom)
2019-09-26 15:08:36,027 [pool-27-thread-1] INFO  server.RaftServerConfigKeys (ConfUtils.java:logGet(43)) - raft.server.sleep.deviation.threshold = 300 (default)
2019-09-26 15:08:36,027 [pool-27-thread-1] INFO  server.RaftServerConfigKeys (ConfUtils.java:logGet(43)) - raft.server.log.appender.install.snapshot.enabled = false (custom)
2019-09-26 15:08:36,027 [pool-27-thread-1] INFO  impl.RaftServerImpl (ServerState.java:<init>(103)) - 8a411a4f-0e32-4dd1-80b9-a797c2117425@group-AD41E9BABF33: ConfigurationManager, init=-1: [8a411a4f-0e32-4dd1-80b9-a797c2117425:192.168.151.99:37125], old=null, confs=<EMPTY_MAP>
2019-09-26 15:08:36,027 [pool-27-thread-1] INFO  server.RaftServerConfigKeys (ConfUtils.java:logGet(43)) - raft.server.storage.dir = [/workdir/hadoop-ozone/integration-test/target/test-dir/MiniOzoneClusterImpl-646ad58d-3cd3-4092-ab15-506251c55e5b/datanode-0/data/ratis] (custom)
2019-09-26 15:08:36,028 [pool-27-thread-1] INFO  storage.RaftStorageDirectory (RaftStorageDirectory.java:analyzeStorage(246)) - The storage directory /workdir/hadoop-ozone/integration-test/target/test-dir/MiniOzoneClusterImpl-646ad58d-3cd3-4092-ab15-506251c55e5b/datanode-0/data/ratis/f4708b8f-368d-4f0f-90f1-ad41e9babf33 does not exist. Creating ...
2019-09-26 15:08:36,041 [pool-27-thread-1] INFO  storage.RaftStorageDirectory (RaftStorageDirectory.java:tryLock(328)) - Lock on /workdir/hadoop-ozone/integration-test/target/test-dir/MiniOzoneClusterImpl-646ad58d-3cd3-4092-ab15-506251c55e5b/datanode-0/data/ratis/f4708b8f-368d-4f0f-90f1-ad41e9babf33/in_use.lock acquired by nodename 7157@pr-hdds-1569-g6sp5-2013761785
2019-09-26 15:08:36,055 [pool-27-thread-1] INFO  storage.RaftStorage (RaftStorage.java:format(72)) - Storage directory /workdir/hadoop-ozone/integration-test/target/test-dir/MiniOzoneClusterImpl-646ad58d-3cd3-4092-ab15-506251c55e5b/datanode-0/data/ratis/f4708b8f-368d-4f0f-90f1-ad41e9babf33 has been successfully formatted.
2019-09-26 15:08:36,055 [pool-27-thread-1] INFO  ratis.ContainerStateMachine (ContainerStateMachine.java:loadSnapshot(230)) - group-AD41E9BABF33: The snapshot info is null. Setting the last applied indexto:(t:0, i:~)
2019-09-26 15:08:36,055 [pool-27-thread-1] INFO  server.RaftServerConfigKeys (ConfUtils.java:logGet(43)) - raft.server.notification.no-leader.timeout = 120s (custom)
2019-09-26 15:08:36,056 [pool-27-thread-1] INFO  server.RaftServerConfigKeys (ConfUtils.java:logGet(43)) - raft.server.log.use.memory = false (default)
2019-09-26 15:08:36,056 [pool-27-thread-1] INFO  server.RaftServerConfigKeys (ConfUtils.java:logGet(43)) - raft.server.log.purge.gap = 1000000 (custom)
2019-09-26 15:08:36,056 [pool-27-thread-1] INFO  server.RaftServerConfigKeys (ConfUtils.java:logGet(43)) - raft.server.log.appender.buffer.byte-limit = 33554432 (custom)
2019-09-26 15:08:36,056 [pool-27-thread-1] INFO  server.RaftServerConfigKeys (ConfUtils.java:logGet(43)) - raft.server.log.segment.size.max = 1048576 (custom)
2019-09-26 15:08:36,056 [pool-27-thread-1] INFO  server.RaftServerConfigKeys (ConfUtils.java:logGet(43)) - raft.server.log.segment.cache.num.max = 2 (custom)
2019-09-26 15:08:36,056 [pool-27-thread-1] INFO  segmented.SegmentedRaftLogWorker (SegmentedRaftLogWorker.java:<init>(172)) - new 8a411a4f-0e32-4dd1-80b9-a797c2117425@group-AD41E9BABF33-SegmentedRaftLogWorker for RaftStorage:Storage Directory /workdir/hadoop-ozone/integration-test/target/test-dir/MiniOzoneClusterImpl-646ad58d-3cd3-4092-ab15-506251c55e5b/datanode-0/data/ratis/f4708b8f-368d-4f0f-90f1-ad41e9babf33
2019-09-26 15:08:36,056 [pool-27-thread-1] INFO  server.RaftServerConfigKeys (ConfUtils.java:logGet(43)) - raft.server.log.queue.byte-limit = 2147483647 (custom)
2019-09-26 15:08:36,056 [pool-27-thread-1] INFO  server.RaftServerConfigKeys (ConfUtils.java:logGet(43)) - raft.server.log.queue.element-limit = 1024 (custom)
2019-09-26 15:08:36,056 [pool-27-thread-1] INFO  server.RaftServerConfigKeys (ConfUtils.java:logGet(43)) - raft.server.log.segment.size.max = 1048576 (custom)
2019-09-26 15:08:36,056 [pool-27-thread-1] INFO  server.RaftServerConfigKeys (ConfUtils.java:logGet(43)) - raft.server.log.preallocated.size = 16384 (custom)
2019-09-26 15:08:36,057 [pool-27-thread-1] INFO  server.RaftServerConfigKeys (ConfUtils.java:logGet(43)) - raft.server.log.write.buffer.size = 33554432 (custom)
2019-09-26 15:08:36,057 [pool-27-thread-1] INFO  server.RaftServerConfigKeys (ConfUtils.java:logGet(43)) - raft.server.log.force.sync.num = 128 (default)
2019-09-26 15:08:36,057 [pool-27-thread-1] INFO  server.RaftServerConfigKeys (ConfUtils.java:logGet(43)) - raft.server.log.statemachine.data.sync = true (default)
2019-09-26 15:08:36,057 [pool-27-thread-1] INFO  server.RaftServerConfigKeys (ConfUtils.java:logGet(43)) - raft.server.log.statemachine.data.sync.timeout = 10s (default)
2019-09-26 15:08:36,057 [pool-27-thread-1] INFO  server.RaftServerConfigKeys (ConfUtils.java:logGet(43)) - raft.server.log.statemachine.data.sync.timeout.retry = -1 (default)
2019-09-26 15:08:36,057 [pool-27-thread-1] INFO  server.RaftServerConfigKeys (ConfUtils.java:logGet(43)) - raft.server.log.statemachine.data.caching.enabled = true (custom)
2019-09-26 15:08:36,057 [pool-27-thread-1] INFO  segmented.SegmentedRaftLogWorker (SegmentedRaftLogWorker.java:lambda$new$0(132)) - 8a411a4f-0e32-4dd1-80b9-a797c2117425@group-AD41E9BABF33-SegmentedRaftLogWorker: flushIndex: setUnconditionally 0 -> -1
2019-09-26 15:08:36,057 [pool-27-thread-1] INFO  server.RaftServerConfigKeys (ConfUtils.java:logGet(43)) - raft.server.snapshot.auto.trigger.enabled = true (custom)
2019-09-26 15:08:36,058 [pool-27-thread-1] INFO  server.RaftServerConfigKeys (ConfUtils.java:logGet(43)) - raft.server.snapshot.auto.trigger.threshold = 10000 (custom)
2019-09-26 15:08:36,058 [pool-27-thread-1] INFO  server.RaftServerConfigKeys (ConfUtils.java:logGet(43)) - raft.server.snapshot.retention.num.files = 5 (custom)
2019-09-26 15:08:36,058 [pool-27-thread-1] INFO  server.RaftServerConfigKeys (ConfUtils.java:logGet(43)) - raft.server.retrycache.expirytime = 600000ms (custom)
2019-09-26 15:08:36,059 [pool-27-thread-1] INFO  impl.RaftServerImpl (RaftServerImpl.java:start(185)) - 8a411a4f-0e32-4dd1-80b9-a797c2117425@group-AD41E9BABF33: start as a follower, conf=-1: [8a411a4f-0e32-4dd1-80b9-a797c2117425:192.168.151.99:37125], old=null
2019-09-26 15:08:36,059 [pool-27-thread-1] INFO  impl.RaftServerImpl (RaftServerImpl.java:setRole(174)) - 8a411a4f-0e32-4dd1-80b9-a797c2117425@group-AD41E9BABF33: changes role from      null to FOLLOWER at term 0 for startAsFollower
2019-09-26 15:08:36,059 [pool-27-thread-1] INFO  impl.RoleInfo (RoleInfo.java:updateAndGet(143)) - 8a411a4f-0e32-4dd1-80b9-a797c2117425: start FollowerState
2019-09-26 15:08:36,059 [pool-27-thread-1] INFO  util.JmxRegister (JmxRegister.java:tryRegister(44)) - Successfully registered JMX Bean with object name Ratis:service=RaftServer,group=group-AD41E9BABF33,id=8a411a4f-0e32-4dd1-80b9-a797c2117425
2019-09-26 15:08:36,061 [RatisPipelineUtilsThread] INFO  pipeline.PipelineStateManager (PipelineStateManager.java:addPipeline(56)) - Created pipeline Pipeline[ Id: f4708b8f-368d-4f0f-90f1-ad41e9babf33, Nodes: 8a411a4f-0e32-4dd1-80b9-a797c2117425{ip: 192.168.151.99, host: pr-hdds-1569-g6sp5-2013761785, networkLocation: /default-rack, certSerialId: null}, Type:RATIS, Factor:ONE, State:OPEN]
2019-09-26 15:08:36,065 [grpc-default-executor-1] INFO  impl.RaftServerProxy (RaftServerProxy.java:addNew(89)) - 8a411a4f-0e32-4dd1-80b9-a797c2117425: addNew group-E5D9BD4A2B02:[8a411a4f-0e32-4dd1-80b9-a797c2117425:192.168.151.99:37125] returns group-E5D9BD4A2B02:java.util.concurrent.CompletableFuture@44caa950[Not completed]
2019-09-26 15:08:36,066 [pool-27-thread-1] INFO  impl.RaftServerImpl (RaftServerImpl.java:<init>(95)) - 8a411a4f-0e32-4dd1-80b9-a797c2117425: new RaftServerImpl for group-E5D9BD4A2B02:[8a411a4f-0e32-4dd1-80b9-a797c2117425:192.168.151.99:37125] with ContainerStateMachine:uninitialized
2019-09-26 15:08:36,066 [pool-27-thread-1] INFO  server.RaftServerConfigKeys (ConfUtils.java:logGet(43)) - raft.server.rpc.timeout.min = 5s (custom)
2019-09-26 15:08:36,066 [pool-27-thread-1] INFO  server.RaftServerConfigKeys (ConfUtils.java:logGet(43)) - raft.server.rpc.timeout.max = 5200ms (custom)
2019-09-26 15:08:36,066 [pool-27-thread-1] INFO  server.RaftServerConfigKeys (ConfUtils.java:logGet(43)) - raft.server.rpcslowness.timeout = 120s (custom)
2019-09-26 15:08:36,066 [pool-27-thread-1] INFO  server.RaftServerConfigKeys (ConfUtils.java:logGet(43)) - raft.server.sleep.deviation.threshold = 300 (default)
2019-09-26 15:08:36,066 [pool-27-thread-1] INFO  server.RaftServerConfigKeys (ConfUtils.java:logGet(43)) - raft.server.log.appender.install.snapshot.enabled = false (custom)
2019-09-26 15:08:36,066 [pool-27-thread-1] INFO  impl.RaftServerImpl (ServerState.java:<init>(103)) - 8a411a4f-0e32-4dd1-80b9-a797c2117425@group-E5D9BD4A2B02: ConfigurationManager, init=-1: [8a411a4f-0e32-4dd1-80b9-a797c2117425:192.168.151.99:37125], old=null, confs=<EMPTY_MAP>
2019-09-26 15:08:36,067 [pool-27-thread-1] INFO  server.RaftServerConfigKeys (ConfUtils.java:logGet(43)) - raft.server.storage.dir = [/workdir/hadoop-ozone/integration-test/target/test-dir/MiniOzoneClusterImpl-646ad58d-3cd3-4092-ab15-506251c55e5b/datanode-0/data/ratis] (custom)
2019-09-26 15:08:36,068 [pool-27-thread-1] INFO  storage.RaftStorageDirectory (RaftStorageDirectory.java:analyzeStorage(246)) - The storage directory /workdir/hadoop-ozone/integration-test/target/test-dir/MiniOzoneClusterImpl-646ad58d-3cd3-4092-ab15-506251c55e5b/datanode-0/data/ratis/aade89eb-a0d9-4c39-a21a-e5d9bd4a2b02 does not exist. Creating ...
2019-09-26 15:08:36,080 [pool-27-thread-1] INFO  storage.RaftStorageDirectory (RaftStorageDirectory.java:tryLock(328)) - Lock on /workdir/hadoop-ozone/integration-test/target/test-dir/MiniOzoneClusterImpl-646ad58d-3cd3-4092-ab15-506251c55e5b/datanode-0/data/ratis/aade89eb-a0d9-4c39-a21a-e5d9bd4a2b02/in_use.lock acquired by nodename 7157@pr-hdds-1569-g6sp5-2013761785
2019-09-26 15:08:36,093 [pool-27-thread-1] INFO  storage.RaftStorage (RaftStorage.java:format(72)) - Storage directory /workdir/hadoop-ozone/integration-test/target/test-dir/MiniOzoneClusterImpl-646ad58d-3cd3-4092-ab15-506251c55e5b/datanode-0/data/ratis/aade89eb-a0d9-4c39-a21a-e5d9bd4a2b02 has been successfully formatted.
2019-09-26 15:08:36,093 [pool-27-thread-1] INFO  ratis.ContainerStateMachine (ContainerStateMachine.java:loadSnapshot(230)) - group-E5D9BD4A2B02: The snapshot info is null. Setting the last applied indexto:(t:0, i:~)
2019-09-26 15:08:36,093 [pool-27-thread-1] INFO  server.RaftServerConfigKeys (ConfUtils.java:logGet(43)) - raft.server.notification.no-leader.timeout = 120s (custom)
2019-09-26 15:08:36,093 [pool-27-thread-1] INFO  server.RaftServerConfigKeys (ConfUtils.java:logGet(43)) - raft.server.log.use.memory = false (default)
2019-09-26 15:08:36,093 [pool-27-thread-1] INFO  server.RaftServerConfigKeys (ConfUtils.java:logGet(43)) - raft.server.log.purge.gap = 1000000 (custom)
2019-09-26 15:08:36,093 [pool-27-thread-1] INFO  server.RaftServerConfigKeys (ConfUtils.java:logGet(43)) - raft.server.log.appender.buffer.byte-limit = 33554432 (custom)
2019-09-26 15:08:36,094 [pool-27-thread-1] INFO  server.RaftServerConfigKeys (ConfUtils.java:logGet(43)) - raft.server.log.segment.size.max = 1048576 (custom)
2019-09-26 15:08:36,094 [pool-27-thread-1] INFO  server.RaftServerConfigKeys (ConfUtils.java:logGet(43)) - raft.server.log.segment.cache.num.max = 2 (custom)
2019-09-26 15:08:36,094 [pool-27-thread-1] INFO  segmented.SegmentedRaftLogWorker (SegmentedRaftLogWorker.java:<init>(172)) - new 8a411a4f-0e32-4dd1-80b9-a797c2117425@group-E5D9BD4A2B02-SegmentedRaftLogWorker for RaftStorage:Storage Directory /workdir/hadoop-ozone/integration-test/target/test-dir/MiniOzoneClusterImpl-646ad58d-3cd3-4092-ab15-506251c55e5b/datanode-0/data/ratis/aade89eb-a0d9-4c39-a21a-e5d9bd4a2b02
2019-09-26 15:08:36,094 [pool-27-thread-1] INFO  server.RaftServerConfigKeys (ConfUtils.java:logGet(43)) - raft.server.log.queue.byte-limit = 2147483647 (custom)
2019-09-26 15:08:36,094 [pool-27-thread-1] INFO  server.RaftServerConfigKeys (ConfUtils.java:logGet(43)) - raft.server.log.queue.element-limit = 1024 (custom)
2019-09-26 15:08:36,094 [pool-27-thread-1] INFO  server.RaftServerConfigKeys (ConfUtils.java:logGet(43)) - raft.server.log.segment.size.max = 1048576 (custom)
2019-09-26 15:08:36,094 [pool-27-thread-1] INFO  server.RaftServerConfigKeys (ConfUtils.java:logGet(43)) - raft.server.log.preallocated.size = 16384 (custom)
2019-09-26 15:08:36,094 [pool-27-thread-1] INFO  server.RaftServerConfigKeys (ConfUtils.java:logGet(43)) - raft.server.log.write.buffer.size = 33554432 (custom)
2019-09-26 15:08:36,094 [pool-27-thread-1] INFO  server.RaftServerConfigKeys (ConfUtils.java:logGet(43)) - raft.server.log.force.sync.num = 128 (default)
2019-09-26 15:08:36,094 [pool-27-thread-1] INFO  server.RaftServerConfigKeys (ConfUtils.java:logGet(43)) - raft.server.log.statemachine.data.sync = true (default)
2019-09-26 15:08:36,094 [pool-27-thread-1] INFO  server.RaftServerConfigKeys (ConfUtils.java:logGet(43)) - raft.server.log.statemachine.data.sync.timeout = 10s (default)
2019-09-26 15:08:36,095 [pool-27-thread-1] INFO  server.RaftServerConfigKeys (ConfUtils.java:logGet(43)) - raft.server.log.statemachine.data.sync.timeout.retry = -1 (default)
2019-09-26 15:08:36,095 [pool-27-thread-1] INFO  server.RaftServerConfigKeys (ConfUtils.java:logGet(43)) - raft.server.log.statemachine.data.caching.enabled = true (custom)
2019-09-26 15:08:36,095 [pool-27-thread-1] INFO  segmented.SegmentedRaftLogWorker (SegmentedRaftLogWorker.java:lambda$new$0(132)) - 8a411a4f-0e32-4dd1-80b9-a797c2117425@group-E5D9BD4A2B02-SegmentedRaftLogWorker: flushIndex: setUnconditionally 0 -> -1
2019-09-26 15:08:36,095 [pool-27-thread-1] INFO  server.RaftServerConfigKeys (ConfUtils.java:logGet(43)) - raft.server.snapshot.auto.trigger.enabled = true (custom)
2019-09-26 15:08:36,095 [pool-27-thread-1] INFO  server.RaftServerConfigKeys (ConfUtils.java:logGet(43)) - raft.server.snapshot.auto.trigger.threshold = 10000 (custom)
2019-09-26 15:08:36,095 [pool-27-thread-1] INFO  server.RaftServerConfigKeys (ConfUtils.java:logGet(43)) - raft.server.snapshot.retention.num.files = 5 (custom)
2019-09-26 15:08:36,095 [pool-27-thread-1] INFO  server.RaftServerConfigKeys (ConfUtils.java:logGet(43)) - raft.server.retrycache.expirytime = 600000ms (custom)
2019-09-26 15:08:36,097 [pool-27-thread-1] INFO  impl.RaftServerImpl (RaftServerImpl.java:start(185)) - 8a411a4f-0e32-4dd1-80b9-a797c2117425@group-E5D9BD4A2B02: start as a follower, conf=-1: [8a411a4f-0e32-4dd1-80b9-a797c2117425:192.168.151.99:37125], old=null
2019-09-26 15:08:36,097 [pool-27-thread-1] INFO  impl.RaftServerImpl (RaftServerImpl.java:setRole(174)) - 8a411a4f-0e32-4dd1-80b9-a797c2117425@group-E5D9BD4A2B02: changes role from      null to FOLLOWER at term 0 for startAsFollower
2019-09-26 15:08:36,097 [pool-27-thread-1] INFO  impl.RoleInfo (RoleInfo.java:updateAndGet(143)) - 8a411a4f-0e32-4dd1-80b9-a797c2117425: start FollowerState
2019-09-26 15:08:36,097 [pool-27-thread-1] INFO  util.JmxRegister (JmxRegister.java:tryRegister(44)) - Successfully registered JMX Bean with object name Ratis:service=RaftServer,group=group-E5D9BD4A2B02,id=8a411a4f-0e32-4dd1-80b9-a797c2117425
2019-09-26 15:08:36,099 [RatisPipelineUtilsThread] INFO  pipeline.PipelineStateManager (PipelineStateManager.java:addPipeline(56)) - Created pipeline Pipeline[ Id: aade89eb-a0d9-4c39-a21a-e5d9bd4a2b02, Nodes: 8a411a4f-0e32-4dd1-80b9-a797c2117425{ip: 192.168.151.99, host: pr-hdds-1569-g6sp5-2013761785, networkLocation: /default-rack, certSerialId: null}, Type:RATIS, Factor:ONE, State:OPEN]
2019-09-26 15:08:36,102 [grpc-default-executor-1] INFO  impl.RaftServerProxy (RaftServerProxy.java:addNew(89)) - 8a411a4f-0e32-4dd1-80b9-a797c2117425: addNew group-CD788BB93D49:[8a411a4f-0e32-4dd1-80b9-a797c2117425:192.168.151.99:37125] returns group-CD788BB93D49:java.util.concurrent.CompletableFuture@550b3409[Not completed]
2019-09-26 15:08:36,102 [pool-27-thread-1] INFO  impl.RaftServerImpl (RaftServerImpl.java:<init>(95)) - 8a411a4f-0e32-4dd1-80b9-a797c2117425: new RaftServerImpl for group-CD788BB93D49:[8a411a4f-0e32-4dd1-80b9-a797c2117425:192.168.151.99:37125] with ContainerStateMachine:uninitialized
2019-09-26 15:08:36,102 [pool-27-thread-1] INFO  server.RaftServerConfigKeys (ConfUtils.java:logGet(43)) - raft.server.rpc.timeout.min = 5s (custom)
2019-09-26 15:08:36,103 [pool-27-thread-1] INFO  server.RaftServerConfigKeys (ConfUtils.java:logGet(43)) - raft.server.rpc.timeout.max = 5200ms (custom)
2019-09-26 15:08:36,103 [pool-27-thread-1] INFO  server.RaftServerConfigKeys (ConfUtils.java:logGet(43)) - raft.server.rpcslowness.timeout = 120s (custom)
2019-09-26 15:08:36,103 [pool-27-thread-1] INFO  server.RaftServerConfigKeys (ConfUtils.java:logGet(43)) - raft.server.sleep.deviation.threshold = 300 (default)
2019-09-26 15:08:36,103 [pool-27-thread-1] INFO  server.RaftServerConfigKeys (ConfUtils.java:logGet(43)) - raft.server.log.appender.install.snapshot.enabled = false (custom)
2019-09-26 15:08:36,103 [pool-27-thread-1] INFO  impl.RaftServerImpl (ServerState.java:<init>(103)) - 8a411a4f-0e32-4dd1-80b9-a797c2117425@group-CD788BB93D49: ConfigurationManager, init=-1: [8a411a4f-0e32-4dd1-80b9-a797c2117425:192.168.151.99:37125], old=null, confs=<EMPTY_MAP>
2019-09-26 15:08:36,103 [pool-27-thread-1] INFO  server.RaftServerConfigKeys (ConfUtils.java:logGet(43)) - raft.server.storage.dir = [/workdir/hadoop-ozone/integration-test/target/test-dir/MiniOzoneClusterImpl-646ad58d-3cd3-4092-ab15-506251c55e5b/datanode-0/data/ratis] (custom)
2019-09-26 15:08:36,104 [pool-27-thread-1] INFO  storage.RaftStorageDirectory (RaftStorageDirectory.java:analyzeStorage(246)) - The storage directory /workdir/hadoop-ozone/integration-test/target/test-dir/MiniOzoneClusterImpl-646ad58d-3cd3-4092-ab15-506251c55e5b/datanode-0/data/ratis/e120741c-d31b-4bae-a248-cd788bb93d49 does not exist. Creating ...
2019-09-26 15:08:36,116 [pool-27-thread-1] INFO  storage.RaftStorageDirectory (RaftStorageDirectory.java:tryLock(328)) - Lock on /workdir/hadoop-ozone/integration-test/target/test-dir/MiniOzoneClusterImpl-646ad58d-3cd3-4092-ab15-506251c55e5b/datanode-0/data/ratis/e120741c-d31b-4bae-a248-cd788bb93d49/in_use.lock acquired by nodename 7157@pr-hdds-1569-g6sp5-2013761785
2019-09-26 15:08:36,129 [pool-27-thread-1] INFO  storage.RaftStorage (RaftStorage.java:format(72)) - Storage directory /workdir/hadoop-ozone/integration-test/target/test-dir/MiniOzoneClusterImpl-646ad58d-3cd3-4092-ab15-506251c55e5b/datanode-0/data/ratis/e120741c-d31b-4bae-a248-cd788bb93d49 has been successfully formatted.
2019-09-26 15:08:36,129 [pool-27-thread-1] INFO  ratis.ContainerStateMachine (ContainerStateMachine.java:loadSnapshot(230)) - group-CD788BB93D49: The snapshot info is null. Setting the last applied indexto:(t:0, i:~)
2019-09-26 15:08:36,129 [pool-27-thread-1] INFO  server.RaftServerConfigKeys (ConfUtils.java:logGet(43)) - raft.server.notification.no-leader.timeout = 120s (custom)
2019-09-26 15:08:36,129 [pool-27-thread-1] INFO  server.RaftServerConfigKeys (ConfUtils.java:logGet(43)) - raft.server.log.use.memory = false (default)
2019-09-26 15:08:36,130 [pool-27-thread-1] INFO  server.RaftServerConfigKeys (ConfUtils.java:logGet(43)) - raft.server.log.purge.gap = 1000000 (custom)
2019-09-26 15:08:36,130 [pool-27-thread-1] INFO  server.RaftServerConfigKeys (ConfUtils.java:logGet(43)) - raft.server.log.appender.buffer.byte-limit = 33554432 (custom)
2019-09-26 15:08:36,130 [pool-27-thread-1] INFO  server.RaftServerConfigKeys (ConfUtils.java:logGet(43)) - raft.server.log.segment.size.max = 1048576 (custom)
2019-09-26 15:08:36,130 [pool-27-thread-1] INFO  server.RaftServerConfigKeys (ConfUtils.java:logGet(43)) - raft.server.log.segment.cache.num.max = 2 (custom)
2019-09-26 15:08:36,130 [pool-27-thread-1] INFO  segmented.SegmentedRaftLogWorker (SegmentedRaftLogWorker.java:<init>(172)) - new 8a411a4f-0e32-4dd1-80b9-a797c2117425@group-CD788BB93D49-SegmentedRaftLogWorker for RaftStorage:Storage Directory /workdir/hadoop-ozone/integration-test/target/test-dir/MiniOzoneClusterImpl-646ad58d-3cd3-4092-ab15-506251c55e5b/datanode-0/data/ratis/e120741c-d31b-4bae-a248-cd788bb93d49
2019-09-26 15:08:36,130 [pool-27-thread-1] INFO  server.RaftServerConfigKeys (ConfUtils.java:logGet(43)) - raft.server.log.queue.byte-limit = 2147483647 (custom)
2019-09-26 15:08:36,130 [pool-27-thread-1] INFO  server.RaftServerConfigKeys (ConfUtils.java:logGet(43)) - raft.server.log.queue.element-limit = 1024 (custom)
2019-09-26 15:08:36,131 [pool-27-thread-1] INFO  server.RaftServerConfigKeys (ConfUtils.java:logGet(43)) - raft.server.log.segment.size.max = 1048576 (custom)
2019-09-26 15:08:36,131 [pool-27-thread-1] INFO  server.RaftServerConfigKeys (ConfUtils.java:logGet(43)) - raft.server.log.preallocated.size = 16384 (custom)
2019-09-26 15:08:36,131 [pool-27-thread-1] INFO  server.RaftServerConfigKeys (ConfUtils.java:logGet(43)) - raft.server.log.write.buffer.size = 33554432 (custom)
2019-09-26 15:08:36,131 [pool-27-thread-1] INFO  server.RaftServerConfigKeys (ConfUtils.java:logGet(43)) - raft.server.log.force.sync.num = 128 (default)
2019-09-26 15:08:36,131 [pool-27-thread-1] INFO  server.RaftServerConfigKeys (ConfUtils.java:logGet(43)) - raft.server.log.statemachine.data.sync = true (default)
2019-09-26 15:08:36,131 [pool-27-thread-1] INFO  server.RaftServerConfigKeys (ConfUtils.java:logGet(43)) - raft.server.log.statemachine.data.sync.timeout = 10s (default)
2019-09-26 15:08:36,131 [pool-27-thread-1] INFO  server.RaftServerConfigKeys (ConfUtils.java:logGet(43)) - raft.server.log.statemachine.data.sync.timeout.retry = -1 (default)
2019-09-26 15:08:36,131 [pool-27-thread-1] INFO  server.RaftServerConfigKeys (ConfUtils.java:logGet(43)) - raft.server.log.statemachine.data.caching.enabled = true (custom)
2019-09-26 15:08:36,132 [pool-27-thread-1] INFO  segmented.SegmentedRaftLogWorker (SegmentedRaftLogWorker.java:lambda$new$0(132)) - 8a411a4f-0e32-4dd1-80b9-a797c2117425@group-CD788BB93D49-SegmentedRaftLogWorker: flushIndex: setUnconditionally 0 -> -1
2019-09-26 15:08:36,132 [pool-27-thread-1] INFO  server.RaftServerConfigKeys (ConfUtils.java:logGet(43)) - raft.server.snapshot.auto.trigger.enabled = true (custom)
2019-09-26 15:08:36,132 [pool-27-thread-1] INFO  server.RaftServerConfigKeys (ConfUtils.java:logGet(43)) - raft.server.snapshot.auto.trigger.threshold = 10000 (custom)
2019-09-26 15:08:36,132 [pool-27-thread-1] INFO  server.RaftServerConfigKeys (ConfUtils.java:logGet(43)) - raft.server.snapshot.retention.num.files = 5 (custom)
2019-09-26 15:08:36,132 [pool-27-thread-1] INFO  server.RaftServerConfigKeys (ConfUtils.java:logGet(43)) - raft.server.retrycache.expirytime = 600000ms (custom)
2019-09-26 15:08:36,134 [pool-27-thread-1] INFO  impl.RaftServerImpl (RaftServerImpl.java:start(185)) - 8a411a4f-0e32-4dd1-80b9-a797c2117425@group-CD788BB93D49: start as a follower, conf=-1: [8a411a4f-0e32-4dd1-80b9-a797c2117425:192.168.151.99:37125], old=null
2019-09-26 15:08:36,134 [pool-27-thread-1] INFO  impl.RaftServerImpl (RaftServerImpl.java:setRole(174)) - 8a411a4f-0e32-4dd1-80b9-a797c2117425@group-CD788BB93D49: changes role from      null to FOLLOWER at term 0 for startAsFollower
2019-09-26 15:08:36,134 [pool-27-thread-1] INFO  impl.RoleInfo (RoleInfo.java:updateAndGet(143)) - 8a411a4f-0e32-4dd1-80b9-a797c2117425: start FollowerState
2019-09-26 15:08:36,134 [pool-27-thread-1] INFO  util.JmxRegister (JmxRegister.java:tryRegister(44)) - Successfully registered JMX Bean with object name Ratis:service=RaftServer,group=group-CD788BB93D49,id=8a411a4f-0e32-4dd1-80b9-a797c2117425
2019-09-26 15:08:36,136 [RatisPipelineUtilsThread] INFO  pipeline.PipelineStateManager (PipelineStateManager.java:addPipeline(56)) - Created pipeline Pipeline[ Id: e120741c-d31b-4bae-a248-cd788bb93d49, Nodes: 8a411a4f-0e32-4dd1-80b9-a797c2117425{ip: 192.168.151.99, host: pr-hdds-1569-g6sp5-2013761785, networkLocation: /default-rack, certSerialId: null}, Type:RATIS, Factor:ONE, State:OPEN]
2019-09-26 15:08:36,142 [grpc-default-executor-1] INFO  impl.RaftServerProxy (RaftServerProxy.java:addNew(89)) - 8a411a4f-0e32-4dd1-80b9-a797c2117425: addNew group-C4458528C18D:[8a411a4f-0e32-4dd1-80b9-a797c2117425:192.168.151.99:37125] returns group-C4458528C18D:java.util.concurrent.CompletableFuture@2c47f047[Not completed]
2019-09-26 15:08:36,143 [pool-27-thread-1] INFO  impl.RaftServerImpl (RaftServerImpl.java:<init>(95)) - 8a411a4f-0e32-4dd1-80b9-a797c2117425: new RaftServerImpl for group-C4458528C18D:[8a411a4f-0e32-4dd1-80b9-a797c2117425:192.168.151.99:37125] with ContainerStateMachine:uninitialized
2019-09-26 15:08:36,143 [pool-27-thread-1] INFO  server.RaftServerConfigKeys (ConfUtils.java:logGet(43)) - raft.server.rpc.timeout.min = 5s (custom)
2019-09-26 15:08:36,143 [pool-27-thread-1] INFO  server.RaftServerConfigKeys (ConfUtils.java:logGet(43)) - raft.server.rpc.timeout.max = 5200ms (custom)
2019-09-26 15:08:36,143 [pool-27-thread-1] INFO  server.RaftServerConfigKeys (ConfUtils.java:logGet(43)) - raft.server.rpcslowness.timeout = 120s (custom)
2019-09-26 15:08:36,144 [pool-27-thread-1] INFO  server.RaftServerConfigKeys (ConfUtils.java:logGet(43)) - raft.server.sleep.deviation.threshold = 300 (default)
2019-09-26 15:08:36,144 [pool-27-thread-1] INFO  server.RaftServerConfigKeys (ConfUtils.java:logGet(43)) - raft.server.log.appender.install.snapshot.enabled = false (custom)
2019-09-26 15:08:36,144 [pool-27-thread-1] INFO  impl.RaftServerImpl (ServerState.java:<init>(103)) - 8a411a4f-0e32-4dd1-80b9-a797c2117425@group-C4458528C18D: ConfigurationManager, init=-1: [8a411a4f-0e32-4dd1-80b9-a797c2117425:192.168.151.99:37125], old=null, confs=<EMPTY_MAP>
2019-09-26 15:08:36,144 [pool-27-thread-1] INFO  server.RaftServerConfigKeys (ConfUtils.java:logGet(43)) - raft.server.storage.dir = [/workdir/hadoop-ozone/integration-test/target/test-dir/MiniOzoneClusterImpl-646ad58d-3cd3-4092-ab15-506251c55e5b/datanode-0/data/ratis] (custom)
2019-09-26 15:08:36,145 [pool-27-thread-1] INFO  storage.RaftStorageDirectory (RaftStorageDirectory.java:analyzeStorage(246)) - The storage directory /workdir/hadoop-ozone/integration-test/target/test-dir/MiniOzoneClusterImpl-646ad58d-3cd3-4092-ab15-506251c55e5b/datanode-0/data/ratis/9933cba8-dbaf-4b00-b100-c4458528c18d does not exist. Creating ...
2019-09-26 15:08:36,157 [pool-27-thread-1] INFO  storage.RaftStorageDirectory (RaftStorageDirectory.java:tryLock(328)) - Lock on /workdir/hadoop-ozone/integration-test/target/test-dir/MiniOzoneClusterImpl-646ad58d-3cd3-4092-ab15-506251c55e5b/datanode-0/data/ratis/9933cba8-dbaf-4b00-b100-c4458528c18d/in_use.lock acquired by nodename 7157@pr-hdds-1569-g6sp5-2013761785
2019-09-26 15:08:36,170 [pool-27-thread-1] INFO  storage.RaftStorage (RaftStorage.java:format(72)) - Storage directory /workdir/hadoop-ozone/integration-test/target/test-dir/MiniOzoneClusterImpl-646ad58d-3cd3-4092-ab15-506251c55e5b/datanode-0/data/ratis/9933cba8-dbaf-4b00-b100-c4458528c18d has been successfully formatted.
2019-09-26 15:08:36,170 [pool-27-thread-1] INFO  ratis.ContainerStateMachine (ContainerStateMachine.java:loadSnapshot(230)) - group-C4458528C18D: The snapshot info is null. Setting the last applied indexto:(t:0, i:~)
2019-09-26 15:08:36,170 [pool-27-thread-1] INFO  server.RaftServerConfigKeys (ConfUtils.java:logGet(43)) - raft.server.notification.no-leader.timeout = 120s (custom)
2019-09-26 15:08:36,170 [pool-27-thread-1] INFO  server.RaftServerConfigKeys (ConfUtils.java:logGet(43)) - raft.server.log.use.memory = false (default)
2019-09-26 15:08:36,171 [pool-27-thread-1] INFO  server.RaftServerConfigKeys (ConfUtils.java:logGet(43)) - raft.server.log.purge.gap = 1000000 (custom)
2019-09-26 15:08:36,171 [pool-27-thread-1] INFO  server.RaftServerConfigKeys (ConfUtils.java:logGet(43)) - raft.server.log.appender.buffer.byte-limit = 33554432 (custom)
2019-09-26 15:08:36,171 [pool-27-thread-1] INFO  server.RaftServerConfigKeys (ConfUtils.java:logGet(43)) - raft.server.log.segment.size.max = 1048576 (custom)
2019-09-26 15:08:36,171 [pool-27-thread-1] INFO  server.RaftServerConfigKeys (ConfUtils.java:logGet(43)) - raft.server.log.segment.cache.num.max = 2 (custom)
2019-09-26 15:08:36,171 [pool-27-thread-1] INFO  segmented.SegmentedRaftLogWorker (SegmentedRaftLogWorker.java:<init>(172)) - new 8a411a4f-0e32-4dd1-80b9-a797c2117425@group-C4458528C18D-SegmentedRaftLogWorker for RaftStorage:Storage Directory /workdir/hadoop-ozone/integration-test/target/test-dir/MiniOzoneClusterImpl-646ad58d-3cd3-4092-ab15-506251c55e5b/datanode-0/data/ratis/9933cba8-dbaf-4b00-b100-c4458528c18d
2019-09-26 15:08:36,171 [pool-27-thread-1] INFO  server.RaftServerConfigKeys (ConfUtils.java:logGet(43)) - raft.server.log.queue.byte-limit = 2147483647 (custom)
2019-09-26 15:08:36,171 [pool-27-thread-1] INFO  server.RaftServerConfigKeys (ConfUtils.java:logGet(43)) - raft.server.log.queue.element-limit = 1024 (custom)
2019-09-26 15:08:36,171 [pool-27-thread-1] INFO  server.RaftServerConfigKeys (ConfUtils.java:logGet(43)) - raft.server.log.segment.size.max = 1048576 (custom)
2019-09-26 15:08:36,171 [pool-27-thread-1] INFO  server.RaftServerConfigKeys (ConfUtils.java:logGet(43)) - raft.server.log.preallocated.size = 16384 (custom)
2019-09-26 15:08:36,171 [pool-27-thread-1] INFO  server.RaftServerConfigKeys (ConfUtils.java:logGet(43)) - raft.server.log.write.buffer.size = 33554432 (custom)
2019-09-26 15:08:36,171 [pool-27-thread-1] INFO  server.RaftServerConfigKeys (ConfUtils.java:logGet(43)) - raft.server.log.force.sync.num = 128 (default)
2019-09-26 15:08:36,171 [pool-27-thread-1] INFO  server.RaftServerConfigKeys (ConfUtils.java:logGet(43)) - raft.server.log.statemachine.data.sync = true (default)
2019-09-26 15:08:36,171 [pool-27-thread-1] INFO  server.RaftServerConfigKeys (ConfUtils.java:logGet(43)) - raft.server.log.statemachine.data.sync.timeout = 10s (default)
2019-09-26 15:08:36,171 [pool-27-thread-1] INFO  server.RaftServerConfigKeys (ConfUtils.java:logGet(43)) - raft.server.log.statemachine.data.sync.timeout.retry = -1 (default)
2019-09-26 15:08:36,172 [pool-27-thread-1] INFO  server.RaftServerConfigKeys (ConfUtils.java:logGet(43)) - raft.server.log.statemachine.data.caching.enabled = true (custom)
2019-09-26 15:08:36,172 [pool-27-thread-1] INFO  segmented.SegmentedRaftLogWorker (SegmentedRaftLogWorker.java:lambda$new$0(132)) - 8a411a4f-0e32-4dd1-80b9-a797c2117425@group-C4458528C18D-SegmentedRaftLogWorker: flushIndex: setUnconditionally 0 -> -1
2019-09-26 15:08:36,172 [pool-27-thread-1] INFO  server.RaftServerConfigKeys (ConfUtils.java:logGet(43)) - raft.server.snapshot.auto.trigger.enabled = true (custom)
2019-09-26 15:08:36,172 [pool-27-thread-1] INFO  server.RaftServerConfigKeys (ConfUtils.java:logGet(43)) - raft.server.snapshot.auto.trigger.threshold = 10000 (custom)
2019-09-26 15:08:36,172 [pool-27-thread-1] INFO  server.RaftServerConfigKeys (ConfUtils.java:logGet(43)) - raft.server.snapshot.retention.num.files = 5 (custom)
2019-09-26 15:08:36,172 [pool-27-thread-1] INFO  server.RaftServerConfigKeys (ConfUtils.java:logGet(43)) - raft.server.retrycache.expirytime = 600000ms (custom)
2019-09-26 15:08:36,173 [pool-27-thread-1] INFO  impl.RaftServerImpl (RaftServerImpl.java:start(185)) - 8a411a4f-0e32-4dd1-80b9-a797c2117425@group-C4458528C18D: start as a follower, conf=-1: [8a411a4f-0e32-4dd1-80b9-a797c2117425:192.168.151.99:37125], old=null
2019-09-26 15:08:36,174 [pool-27-thread-1] INFO  impl.RaftServerImpl (RaftServerImpl.java:setRole(174)) - 8a411a4f-0e32-4dd1-80b9-a797c2117425@group-C4458528C18D: changes role from      null to FOLLOWER at term 0 for startAsFollower
2019-09-26 15:08:36,174 [pool-27-thread-1] INFO  impl.RoleInfo (RoleInfo.java:updateAndGet(143)) - 8a411a4f-0e32-4dd1-80b9-a797c2117425: start FollowerState
2019-09-26 15:08:36,174 [pool-27-thread-1] INFO  util.JmxRegister (JmxRegister.java:tryRegister(44)) - Successfully registered JMX Bean with object name Ratis:service=RaftServer,group=group-C4458528C18D,id=8a411a4f-0e32-4dd1-80b9-a797c2117425
2019-09-26 15:08:36,176 [RatisPipelineUtilsThread] INFO  pipeline.PipelineStateManager (PipelineStateManager.java:addPipeline(56)) - Created pipeline Pipeline[ Id: 9933cba8-dbaf-4b00-b100-c4458528c18d, Nodes: 8a411a4f-0e32-4dd1-80b9-a797c2117425{ip: 192.168.151.99, host: pr-hdds-1569-g6sp5-2013761785, networkLocation: /default-rack, certSerialId: null}, Type:RATIS, Factor:ONE, State:OPEN]
2019-09-26 15:08:36,179 [grpc-default-executor-1] INFO  impl.RaftServerProxy (RaftServerProxy.java:addNew(89)) - 8a411a4f-0e32-4dd1-80b9-a797c2117425: addNew group-08ECA622B824:[8a411a4f-0e32-4dd1-80b9-a797c2117425:192.168.151.99:37125] returns group-08ECA622B824:java.util.concurrent.CompletableFuture@33fb008f[Not completed]
2019-09-26 15:08:36,180 [pool-27-thread-1] INFO  impl.RaftServerImpl (RaftServerImpl.java:<init>(95)) - 8a411a4f-0e32-4dd1-80b9-a797c2117425: new RaftServerImpl for group-08ECA622B824:[8a411a4f-0e32-4dd1-80b9-a797c2117425:192.168.151.99:37125] with ContainerStateMachine:uninitialized
2019-09-26 15:08:36,180 [pool-27-thread-1] INFO  server.RaftServerConfigKeys (ConfUtils.java:logGet(43)) - raft.server.rpc.timeout.min = 5s (custom)
2019-09-26 15:08:36,180 [pool-27-thread-1] INFO  server.RaftServerConfigKeys (ConfUtils.java:logGet(43)) - raft.server.rpc.timeout.max = 5200ms (custom)
2019-09-26 15:08:36,180 [pool-27-thread-1] INFO  server.RaftServerConfigKeys (ConfUtils.java:logGet(43)) - raft.server.rpcslowness.timeout = 120s (custom)
2019-09-26 15:08:36,180 [pool-27-thread-1] INFO  server.RaftServerConfigKeys (ConfUtils.java:logGet(43)) - raft.server.sleep.deviation.threshold = 300 (default)
2019-09-26 15:08:36,180 [pool-27-thread-1] INFO  server.RaftServerConfigKeys (ConfUtils.java:logGet(43)) - raft.server.log.appender.install.snapshot.enabled = false (custom)
2019-09-26 15:08:36,180 [pool-27-thread-1] INFO  impl.RaftServerImpl (ServerState.java:<init>(103)) - 8a411a4f-0e32-4dd1-80b9-a797c2117425@group-08ECA622B824: ConfigurationManager, init=-1: [8a411a4f-0e32-4dd1-80b9-a797c2117425:192.168.151.99:37125], old=null, confs=<EMPTY_MAP>
2019-09-26 15:08:36,180 [pool-27-thread-1] INFO  server.RaftServerConfigKeys (ConfUtils.java:logGet(43)) - raft.server.storage.dir = [/workdir/hadoop-ozone/integration-test/target/test-dir/MiniOzoneClusterImpl-646ad58d-3cd3-4092-ab15-506251c55e5b/datanode-0/data/ratis] (custom)
2019-09-26 15:08:36,181 [pool-27-thread-1] INFO  storage.RaftStorageDirectory (RaftStorageDirectory.java:analyzeStorage(246)) - The storage directory /workdir/hadoop-ozone/integration-test/target/test-dir/MiniOzoneClusterImpl-646ad58d-3cd3-4092-ab15-506251c55e5b/datanode-0/data/ratis/052d46da-223f-468a-b4fc-08eca622b824 does not exist. Creating ...
2019-09-26 15:08:36,193 [pool-27-thread-1] INFO  storage.RaftStorageDirectory (RaftStorageDirectory.java:tryLock(328)) - Lock on /workdir/hadoop-ozone/integration-test/target/test-dir/MiniOzoneClusterImpl-646ad58d-3cd3-4092-ab15-506251c55e5b/datanode-0/data/ratis/052d46da-223f-468a-b4fc-08eca622b824/in_use.lock acquired by nodename 7157@pr-hdds-1569-g6sp5-2013761785
2019-09-26 15:08:36,206 [pool-27-thread-1] INFO  storage.RaftStorage (RaftStorage.java:format(72)) - Storage directory /workdir/hadoop-ozone/integration-test/target/test-dir/MiniOzoneClusterImpl-646ad58d-3cd3-4092-ab15-506251c55e5b/datanode-0/data/ratis/052d46da-223f-468a-b4fc-08eca622b824 has been successfully formatted.
2019-09-26 15:08:36,206 [pool-27-thread-1] INFO  ratis.ContainerStateMachine (ContainerStateMachine.java:loadSnapshot(230)) - group-08ECA622B824: The snapshot info is null. Setting the last applied indexto:(t:0, i:~)
2019-09-26 15:08:36,206 [pool-27-thread-1] INFO  server.RaftServerConfigKeys (ConfUtils.java:logGet(43)) - raft.server.notification.no-leader.timeout = 120s (custom)
2019-09-26 15:08:36,206 [pool-27-thread-1] INFO  server.RaftServerConfigKeys (ConfUtils.java:logGet(43)) - raft.server.log.use.memory = false (default)
2019-09-26 15:08:36,207 [pool-27-thread-1] INFO  server.RaftServerConfigKeys (ConfUtils.java:logGet(43)) - raft.server.log.purge.gap = 1000000 (custom)
2019-09-26 15:08:36,207 [pool-27-thread-1] INFO  server.RaftServerConfigKeys (ConfUtils.java:logGet(43)) - raft.server.log.appender.buffer.byte-limit = 33554432 (custom)
2019-09-26 15:08:36,207 [pool-27-thread-1] INFO  server.RaftServerConfigKeys (ConfUtils.java:logGet(43)) - raft.server.log.segment.size.max = 1048576 (custom)
2019-09-26 15:08:36,207 [pool-27-thread-1] INFO  server.RaftServerConfigKeys (ConfUtils.java:logGet(43)) - raft.server.log.segment.cache.num.max = 2 (custom)
2019-09-26 15:08:36,207 [pool-27-thread-1] INFO  segmented.SegmentedRaftLogWorker (SegmentedRaftLogWorker.java:<init>(172)) - new 8a411a4f-0e32-4dd1-80b9-a797c2117425@group-08ECA622B824-SegmentedRaftLogWorker for RaftStorage:Storage Directory /workdir/hadoop-ozone/integration-test/target/test-dir/MiniOzoneClusterImpl-646ad58d-3cd3-4092-ab15-506251c55e5b/datanode-0/data/ratis/052d46da-223f-468a-b4fc-08eca622b824
2019-09-26 15:08:36,207 [pool-27-thread-1] INFO  server.RaftServerConfigKeys (ConfUtils.java:logGet(43)) - raft.server.log.queue.byte-limit = 2147483647 (custom)
2019-09-26 15:08:36,207 [pool-27-thread-1] INFO  server.RaftServerConfigKeys (ConfUtils.java:logGet(43)) - raft.server.log.queue.element-limit = 1024 (custom)
2019-09-26 15:08:36,207 [pool-27-thread-1] INFO  server.RaftServerConfigKeys (ConfUtils.java:logGet(43)) - raft.server.log.segment.size.max = 1048576 (custom)
2019-09-26 15:08:36,207 [pool-27-thread-1] INFO  server.RaftServerConfigKeys (ConfUtils.java:logGet(43)) - raft.server.log.preallocated.size = 16384 (custom)
2019-09-26 15:08:36,207 [pool-27-thread-1] INFO  server.RaftServerConfigKeys (ConfUtils.java:logGet(43)) - raft.server.log.write.buffer.size = 33554432 (custom)
2019-09-26 15:08:36,207 [pool-27-thread-1] INFO  server.RaftServerConfigKeys (ConfUtils.java:logGet(43)) - raft.server.log.force.sync.num = 128 (default)
2019-09-26 15:08:36,207 [pool-27-thread-1] INFO  server.RaftServerConfigKeys (ConfUtils.java:logGet(43)) - raft.server.log.statemachine.data.sync = true (default)
2019-09-26 15:08:36,207 [pool-27-thread-1] INFO  server.RaftServerConfigKeys (ConfUtils.java:logGet(43)) - raft.server.log.statemachine.data.sync.timeout = 10s (default)
2019-09-26 15:08:36,208 [pool-27-thread-1] INFO  server.RaftServerConfigKeys (ConfUtils.java:logGet(43)) - raft.server.log.statemachine.data.sync.timeout.retry = -1 (default)
2019-09-26 15:08:36,208 [pool-27-thread-1] INFO  server.RaftServerConfigKeys (ConfUtils.java:logGet(43)) - raft.server.log.statemachine.data.caching.enabled = true (custom)
2019-09-26 15:08:36,208 [pool-27-thread-1] INFO  segmented.SegmentedRaftLogWorker (SegmentedRaftLogWorker.java:lambda$new$0(132)) - 8a411a4f-0e32-4dd1-80b9-a797c2117425@group-08ECA622B824-SegmentedRaftLogWorker: flushIndex: setUnconditionally 0 -> -1
2019-09-26 15:08:36,208 [pool-27-thread-1] INFO  server.RaftServerConfigKeys (ConfUtils.java:logGet(43)) - raft.server.snapshot.auto.trigger.enabled = true (custom)
2019-09-26 15:08:36,208 [pool-27-thread-1] INFO  server.RaftServerConfigKeys (ConfUtils.java:logGet(43)) - raft.server.snapshot.auto.trigger.threshold = 10000 (custom)
2019-09-26 15:08:36,208 [pool-27-thread-1] INFO  server.RaftServerConfigKeys (ConfUtils.java:logGet(43)) - raft.server.snapshot.retention.num.files = 5 (custom)
2019-09-26 15:08:36,208 [pool-27-thread-1] INFO  server.RaftServerConfigKeys (ConfUtils.java:logGet(43)) - raft.server.retrycache.expirytime = 600000ms (custom)
2019-09-26 15:08:36,210 [pool-27-thread-1] INFO  impl.RaftServerImpl (RaftServerImpl.java:start(185)) - 8a411a4f-0e32-4dd1-80b9-a797c2117425@group-08ECA622B824: start as a follower, conf=-1: [8a411a4f-0e32-4dd1-80b9-a797c2117425:192.168.151.99:37125], old=null
2019-09-26 15:08:36,210 [pool-27-thread-1] INFO  impl.RaftServerImpl (RaftServerImpl.java:setRole(174)) - 8a411a4f-0e32-4dd1-80b9-a797c2117425@group-08ECA622B824: changes role from      null to FOLLOWER at term 0 for startAsFollower
2019-09-26 15:08:36,210 [pool-27-thread-1] INFO  impl.RoleInfo (RoleInfo.java:updateAndGet(143)) - 8a411a4f-0e32-4dd1-80b9-a797c2117425: start FollowerState
2019-09-26 15:08:36,210 [pool-27-thread-1] INFO  util.JmxRegister (JmxRegister.java:tryRegister(44)) - Successfully registered JMX Bean with object name Ratis:service=RaftServer,group=group-08ECA622B824,id=8a411a4f-0e32-4dd1-80b9-a797c2117425
2019-09-26 15:08:36,212 [RatisPipelineUtilsThread] INFO  pipeline.PipelineStateManager (PipelineStateManager.java:addPipeline(56)) - Created pipeline Pipeline[ Id: 052d46da-223f-468a-b4fc-08eca622b824, Nodes: 8a411a4f-0e32-4dd1-80b9-a797c2117425{ip: 192.168.151.99, host: pr-hdds-1569-g6sp5-2013761785, networkLocation: /default-rack, certSerialId: null}, Type:RATIS, Factor:ONE, State:OPEN]
2019-09-26 15:08:36,215 [grpc-default-executor-1] INFO  impl.RaftServerProxy (RaftServerProxy.java:addNew(89)) - 8a411a4f-0e32-4dd1-80b9-a797c2117425: addNew group-9B2ED3ACC3BA:[8a411a4f-0e32-4dd1-80b9-a797c2117425:192.168.151.99:37125] returns group-9B2ED3ACC3BA:java.util.concurrent.CompletableFuture@2f80400f[Not completed]
2019-09-26 15:08:36,216 [pool-27-thread-1] INFO  impl.RaftServerImpl (RaftServerImpl.java:<init>(95)) - 8a411a4f-0e32-4dd1-80b9-a797c2117425: new RaftServerImpl for group-9B2ED3ACC3BA:[8a411a4f-0e32-4dd1-80b9-a797c2117425:192.168.151.99:37125] with ContainerStateMachine:uninitialized
2019-09-26 15:08:36,216 [pool-27-thread-1] INFO  server.RaftServerConfigKeys (ConfUtils.java:logGet(43)) - raft.server.rpc.timeout.min = 5s (custom)
2019-09-26 15:08:36,216 [pool-27-thread-1] INFO  server.RaftServerConfigKeys (ConfUtils.java:logGet(43)) - raft.server.rpc.timeout.max = 5200ms (custom)
2019-09-26 15:08:36,216 [pool-27-thread-1] INFO  server.RaftServerConfigKeys (ConfUtils.java:logGet(43)) - raft.server.rpcslowness.timeout = 120s (custom)
2019-09-26 15:08:36,217 [pool-27-thread-1] INFO  server.RaftServerConfigKeys (ConfUtils.java:logGet(43)) - raft.server.sleep.deviation.threshold = 300 (default)
2019-09-26 15:08:36,217 [pool-27-thread-1] INFO  server.RaftServerConfigKeys (ConfUtils.java:logGet(43)) - raft.server.log.appender.install.snapshot.enabled = false (custom)
2019-09-26 15:08:36,217 [pool-27-thread-1] INFO  impl.RaftServerImpl (ServerState.java:<init>(103)) - 8a411a4f-0e32-4dd1-80b9-a797c2117425@group-9B2ED3ACC3BA: ConfigurationManager, init=-1: [8a411a4f-0e32-4dd1-80b9-a797c2117425:192.168.151.99:37125], old=null, confs=<EMPTY_MAP>
2019-09-26 15:08:36,217 [pool-27-thread-1] INFO  server.RaftServerConfigKeys (ConfUtils.java:logGet(43)) - raft.server.storage.dir = [/workdir/hadoop-ozone/integration-test/target/test-dir/MiniOzoneClusterImpl-646ad58d-3cd3-4092-ab15-506251c55e5b/datanode-0/data/ratis] (custom)
2019-09-26 15:08:36,217 [pool-27-thread-1] INFO  storage.RaftStorageDirectory (RaftStorageDirectory.java:analyzeStorage(246)) - The storage directory /workdir/hadoop-ozone/integration-test/target/test-dir/MiniOzoneClusterImpl-646ad58d-3cd3-4092-ab15-506251c55e5b/datanode-0/data/ratis/4068b748-85f2-40d6-9889-9b2ed3acc3ba does not exist. Creating ...
2019-09-26 15:08:36,220 [pool-27-thread-1] INFO  storage.RaftStorageDirectory (RaftStorageDirectory.java:tryLock(328)) - Lock on /workdir/hadoop-ozone/integration-test/target/test-dir/MiniOzoneClusterImpl-646ad58d-3cd3-4092-ab15-506251c55e5b/datanode-0/data/ratis/4068b748-85f2-40d6-9889-9b2ed3acc3ba/in_use.lock acquired by nodename 7157@pr-hdds-1569-g6sp5-2013761785
2019-09-26 15:08:36,223 [pool-27-thread-1] INFO  storage.RaftStorage (RaftStorage.java:format(72)) - Storage directory /workdir/hadoop-ozone/integration-test/target/test-dir/MiniOzoneClusterImpl-646ad58d-3cd3-4092-ab15-506251c55e5b/datanode-0/data/ratis/4068b748-85f2-40d6-9889-9b2ed3acc3ba has been successfully formatted.
2019-09-26 15:08:36,223 [pool-27-thread-1] INFO  ratis.ContainerStateMachine (ContainerStateMachine.java:loadSnapshot(230)) - group-9B2ED3ACC3BA: The snapshot info is null. Setting the last applied indexto:(t:0, i:~)
2019-09-26 15:08:36,223 [pool-27-thread-1] INFO  server.RaftServerConfigKeys (ConfUtils.java:logGet(43)) - raft.server.notification.no-leader.timeout = 120s (custom)
2019-09-26 15:08:36,223 [pool-27-thread-1] INFO  server.RaftServerConfigKeys (ConfUtils.java:logGet(43)) - raft.server.log.use.memory = false (default)
2019-09-26 15:08:36,223 [pool-27-thread-1] INFO  server.RaftServerConfigKeys (ConfUtils.java:logGet(43)) - raft.server.log.purge.gap = 1000000 (custom)
2019-09-26 15:08:36,223 [pool-27-thread-1] INFO  server.RaftServerConfigKeys (ConfUtils.java:logGet(43)) - raft.server.log.appender.buffer.byte-limit = 33554432 (custom)
2019-09-26 15:08:36,223 [pool-27-thread-1] INFO  server.RaftServerConfigKeys (ConfUtils.java:logGet(43)) - raft.server.log.segment.size.max = 1048576 (custom)
2019-09-26 15:08:36,224 [pool-27-thread-1] INFO  server.RaftServerConfigKeys (ConfUtils.java:logGet(43)) - raft.server.log.segment.cache.num.max = 2 (custom)
2019-09-26 15:08:36,224 [pool-27-thread-1] INFO  segmented.SegmentedRaftLogWorker (SegmentedRaftLogWorker.java:<init>(172)) - new 8a411a4f-0e32-4dd1-80b9-a797c2117425@group-9B2ED3ACC3BA-SegmentedRaftLogWorker for RaftStorage:Storage Directory /workdir/hadoop-ozone/integration-test/target/test-dir/MiniOzoneClusterImpl-646ad58d-3cd3-4092-ab15-506251c55e5b/datanode-0/data/ratis/4068b748-85f2-40d6-9889-9b2ed3acc3ba
2019-09-26 15:08:36,224 [pool-27-thread-1] INFO  server.RaftServerConfigKeys (ConfUtils.java:logGet(43)) - raft.server.log.queue.byte-limit = 2147483647 (custom)
2019-09-26 15:08:36,224 [pool-27-thread-1] INFO  server.RaftServerConfigKeys (ConfUtils.java:logGet(43)) - raft.server.log.queue.element-limit = 1024 (custom)
2019-09-26 15:08:36,224 [pool-27-thread-1] INFO  server.RaftServerConfigKeys (ConfUtils.java:logGet(43)) - raft.server.log.segment.size.max = 1048576 (custom)
2019-09-26 15:08:36,224 [pool-27-thread-1] INFO  server.RaftServerConfigKeys (ConfUtils.java:logGet(43)) - raft.server.log.preallocated.size = 16384 (custom)
2019-09-26 15:08:36,224 [pool-27-thread-1] INFO  server.RaftServerConfigKeys (ConfUtils.java:logGet(43)) - raft.server.log.write.buffer.size = 33554432 (custom)
2019-09-26 15:08:36,224 [pool-27-thread-1] INFO  server.RaftServerConfigKeys (ConfUtils.java:logGet(43)) - raft.server.log.force.sync.num = 128 (default)
2019-09-26 15:08:36,224 [pool-27-thread-1] INFO  server.RaftServerConfigKeys (ConfUtils.java:logGet(43)) - raft.server.log.statemachine.data.sync = true (default)
2019-09-26 15:08:36,224 [pool-27-thread-1] INFO  server.RaftServerConfigKeys (ConfUtils.java:logGet(43)) - raft.server.log.statemachine.data.sync.timeout = 10s (default)
2019-09-26 15:08:36,224 [pool-27-thread-1] INFO  server.RaftServerConfigKeys (ConfUtils.java:logGet(43)) - raft.server.log.statemachine.data.sync.timeout.retry = -1 (default)
2019-09-26 15:08:36,224 [pool-27-thread-1] INFO  server.RaftServerConfigKeys (ConfUtils.java:logGet(43)) - raft.server.log.statemachine.data.caching.enabled = true (custom)
2019-09-26 15:08:36,225 [pool-27-thread-1] INFO  segmented.SegmentedRaftLogWorker (SegmentedRaftLogWorker.java:lambda$new$0(132)) - 8a411a4f-0e32-4dd1-80b9-a797c2117425@group-9B2ED3ACC3BA-SegmentedRaftLogWorker: flushIndex: setUnconditionally 0 -> -1
2019-09-26 15:08:36,225 [pool-27-thread-1] INFO  server.RaftServerConfigKeys (ConfUtils.java:logGet(43)) - raft.server.snapshot.auto.trigger.enabled = true (custom)
2019-09-26 15:08:36,225 [pool-27-thread-1] INFO  server.RaftServerConfigKeys (ConfUtils.java:logGet(43)) - raft.server.snapshot.auto.trigger.threshold = 10000 (custom)
2019-09-26 15:08:36,225 [pool-27-thread-1] INFO  server.RaftServerConfigKeys (ConfUtils.java:logGet(43)) - raft.server.snapshot.retention.num.files = 5 (custom)
2019-09-26 15:08:36,225 [pool-27-thread-1] INFO  server.RaftServerConfigKeys (ConfUtils.java:logGet(43)) - raft.server.retrycache.expirytime = 600000ms (custom)
2019-09-26 15:08:36,226 [pool-27-thread-1] INFO  impl.RaftServerImpl (RaftServerImpl.java:start(185)) - 8a411a4f-0e32-4dd1-80b9-a797c2117425@group-9B2ED3ACC3BA: start as a follower, conf=-1: [8a411a4f-0e32-4dd1-80b9-a797c2117425:192.168.151.99:37125], old=null
2019-09-26 15:08:36,226 [pool-27-thread-1] INFO  impl.RaftServerImpl (RaftServerImpl.java:setRole(174)) - 8a411a4f-0e32-4dd1-80b9-a797c2117425@group-9B2ED3ACC3BA: changes role from      null to FOLLOWER at term 0 for startAsFollower
2019-09-26 15:08:36,226 [pool-27-thread-1] INFO  impl.RoleInfo (RoleInfo.java:updateAndGet(143)) - 8a411a4f-0e32-4dd1-80b9-a797c2117425: start FollowerState
2019-09-26 15:08:36,226 [pool-27-thread-1] INFO  util.JmxRegister (JmxRegister.java:tryRegister(44)) - Successfully registered JMX Bean with object name Ratis:service=RaftServer,group=group-9B2ED3ACC3BA,id=8a411a4f-0e32-4dd1-80b9-a797c2117425
2019-09-26 15:08:36,228 [RatisPipelineUtilsThread] INFO  pipeline.PipelineStateManager (PipelineStateManager.java:addPipeline(56)) - Created pipeline Pipeline[ Id: 4068b748-85f2-40d6-9889-9b2ed3acc3ba, Nodes: 8a411a4f-0e32-4dd1-80b9-a797c2117425{ip: 192.168.151.99, host: pr-hdds-1569-g6sp5-2013761785, networkLocation: /default-rack, certSerialId: null}, Type:RATIS, Factor:ONE, State:OPEN]
2019-09-26 15:08:36,231 [grpc-default-executor-1] INFO  impl.RaftServerProxy (RaftServerProxy.java:addNew(89)) - 8a411a4f-0e32-4dd1-80b9-a797c2117425: addNew group-1955C9B62640:[8a411a4f-0e32-4dd1-80b9-a797c2117425:192.168.151.99:37125] returns group-1955C9B62640:java.util.concurrent.CompletableFuture@1d915811[Not completed]
2019-09-26 15:08:36,232 [pool-27-thread-1] INFO  impl.RaftServerImpl (RaftServerImpl.java:<init>(95)) - 8a411a4f-0e32-4dd1-80b9-a797c2117425: new RaftServerImpl for group-1955C9B62640:[8a411a4f-0e32-4dd1-80b9-a797c2117425:192.168.151.99:37125] with ContainerStateMachine:uninitialized
2019-09-26 15:08:36,232 [pool-27-thread-1] INFO  server.RaftServerConfigKeys (ConfUtils.java:logGet(43)) - raft.server.rpc.timeout.min = 5s (custom)
2019-09-26 15:08:36,232 [pool-27-thread-1] INFO  server.RaftServerConfigKeys (ConfUtils.java:logGet(43)) - raft.server.rpc.timeout.max = 5200ms (custom)
2019-09-26 15:08:36,232 [pool-27-thread-1] INFO  server.RaftServerConfigKeys (ConfUtils.java:logGet(43)) - raft.server.rpcslowness.timeout = 120s (custom)
2019-09-26 15:08:36,232 [pool-27-thread-1] INFO  server.RaftServerConfigKeys (ConfUtils.java:logGet(43)) - raft.server.sleep.deviation.threshold = 300 (default)
2019-09-26 15:08:36,232 [pool-27-thread-1] INFO  server.RaftServerConfigKeys (ConfUtils.java:logGet(43)) - raft.server.log.appender.install.snapshot.enabled = false (custom)
2019-09-26 15:08:36,232 [pool-27-thread-1] INFO  impl.RaftServerImpl (ServerState.java:<init>(103)) - 8a411a4f-0e32-4dd1-80b9-a797c2117425@group-1955C9B62640: ConfigurationManager, init=-1: [8a411a4f-0e32-4dd1-80b9-a797c2117425:192.168.151.99:37125], old=null, confs=<EMPTY_MAP>
2019-09-26 15:08:36,232 [pool-27-thread-1] INFO  server.RaftServerConfigKeys (ConfUtils.java:logGet(43)) - raft.server.storage.dir = [/workdir/hadoop-ozone/integration-test/target/test-dir/MiniOzoneClusterImpl-646ad58d-3cd3-4092-ab15-506251c55e5b/datanode-0/data/ratis] (custom)
2019-09-26 15:08:36,233 [pool-27-thread-1] INFO  storage.RaftStorageDirectory (RaftStorageDirectory.java:analyzeStorage(246)) - The storage directory /workdir/hadoop-ozone/integration-test/target/test-dir/MiniOzoneClusterImpl-646ad58d-3cd3-4092-ab15-506251c55e5b/datanode-0/data/ratis/9cf10dc9-ed4b-465a-bd39-1955c9b62640 does not exist. Creating ...
2019-09-26 15:08:36,272 [pool-27-thread-1] INFO  storage.RaftStorageDirectory (RaftStorageDirectory.java:tryLock(328)) - Lock on /workdir/hadoop-ozone/integration-test/target/test-dir/MiniOzoneClusterImpl-646ad58d-3cd3-4092-ab15-506251c55e5b/datanode-0/data/ratis/9cf10dc9-ed4b-465a-bd39-1955c9b62640/in_use.lock acquired by nodename 7157@pr-hdds-1569-g6sp5-2013761785
2019-09-26 15:08:36,298 [pool-27-thread-1] INFO  storage.RaftStorage (RaftStorage.java:format(72)) - Storage directory /workdir/hadoop-ozone/integration-test/target/test-dir/MiniOzoneClusterImpl-646ad58d-3cd3-4092-ab15-506251c55e5b/datanode-0/data/ratis/9cf10dc9-ed4b-465a-bd39-1955c9b62640 has been successfully formatted.
2019-09-26 15:08:36,299 [pool-27-thread-1] INFO  ratis.ContainerStateMachine (ContainerStateMachine.java:loadSnapshot(230)) - group-1955C9B62640: The snapshot info is null. Setting the last applied indexto:(t:0, i:~)
2019-09-26 15:08:36,299 [pool-27-thread-1] INFO  server.RaftServerConfigKeys (ConfUtils.java:logGet(43)) - raft.server.notification.no-leader.timeout = 120s (custom)
2019-09-26 15:08:36,299 [pool-27-thread-1] INFO  server.RaftServerConfigKeys (ConfUtils.java:logGet(43)) - raft.server.log.use.memory = false (default)
2019-09-26 15:08:36,299 [pool-27-thread-1] INFO  server.RaftServerConfigKeys (ConfUtils.java:logGet(43)) - raft.server.log.purge.gap = 1000000 (custom)
2019-09-26 15:08:36,300 [pool-27-thread-1] INFO  server.RaftServerConfigKeys (ConfUtils.java:logGet(43)) - raft.server.log.appender.buffer.byte-limit = 33554432 (custom)
2019-09-26 15:08:36,300 [pool-27-thread-1] INFO  server.RaftServerConfigKeys (ConfUtils.java:logGet(43)) - raft.server.log.segment.size.max = 1048576 (custom)
2019-09-26 15:08:36,300 [pool-27-thread-1] INFO  server.RaftServerConfigKeys (ConfUtils.java:logGet(43)) - raft.server.log.segment.cache.num.max = 2 (custom)
2019-09-26 15:08:36,300 [pool-27-thread-1] INFO  segmented.SegmentedRaftLogWorker (SegmentedRaftLogWorker.java:<init>(172)) - new 8a411a4f-0e32-4dd1-80b9-a797c2117425@group-1955C9B62640-SegmentedRaftLogWorker for RaftStorage:Storage Directory /workdir/hadoop-ozone/integration-test/target/test-dir/MiniOzoneClusterImpl-646ad58d-3cd3-4092-ab15-506251c55e5b/datanode-0/data/ratis/9cf10dc9-ed4b-465a-bd39-1955c9b62640
2019-09-26 15:08:36,301 [pool-27-thread-1] INFO  server.RaftServerConfigKeys (ConfUtils.java:logGet(43)) - raft.server.log.queue.byte-limit = 2147483647 (custom)
2019-09-26 15:08:36,301 [pool-27-thread-1] INFO  server.RaftServerConfigKeys (ConfUtils.java:logGet(43)) - raft.server.log.queue.element-limit = 1024 (custom)
2019-09-26 15:08:36,301 [pool-27-thread-1] INFO  server.RaftServerConfigKeys (ConfUtils.java:logGet(43)) - raft.server.log.segment.size.max = 1048576 (custom)
2019-09-26 15:08:36,301 [pool-27-thread-1] INFO  server.RaftServerConfigKeys (ConfUtils.java:logGet(43)) - raft.server.log.preallocated.size = 16384 (custom)
2019-09-26 15:08:36,301 [pool-27-thread-1] INFO  server.RaftServerConfigKeys (ConfUtils.java:logGet(43)) - raft.server.log.write.buffer.size = 33554432 (custom)
2019-09-26 15:08:36,302 [pool-27-thread-1] INFO  server.RaftServerConfigKeys (ConfUtils.java:logGet(43)) - raft.server.log.force.sync.num = 128 (default)
2019-09-26 15:08:36,302 [pool-27-thread-1] INFO  server.RaftServerConfigKeys (ConfUtils.java:logGet(43)) - raft.server.log.statemachine.data.sync = true (default)
2019-09-26 15:08:36,302 [pool-27-thread-1] INFO  server.RaftServerConfigKeys (ConfUtils.java:logGet(43)) - raft.server.log.statemachine.data.sync.timeout = 10s (default)
2019-09-26 15:08:36,302 [pool-27-thread-1] INFO  server.RaftServerConfigKeys (ConfUtils.java:logGet(43)) - raft.server.log.statemachine.data.sync.timeout.retry = -1 (default)
2019-09-26 15:08:36,302 [pool-27-thread-1] INFO  server.RaftServerConfigKeys (ConfUtils.java:logGet(43)) - raft.server.log.statemachine.data.caching.enabled = true (custom)
2019-09-26 15:08:36,303 [pool-27-thread-1] INFO  segmented.SegmentedRaftLogWorker (SegmentedRaftLogWorker.java:lambda$new$0(132)) - 8a411a4f-0e32-4dd1-80b9-a797c2117425@group-1955C9B62640-SegmentedRaftLogWorker: flushIndex: setUnconditionally 0 -> -1
2019-09-26 15:08:36,303 [pool-27-thread-1] INFO  server.RaftServerConfigKeys (ConfUtils.java:logGet(43)) - raft.server.snapshot.auto.trigger.enabled = true (custom)
2019-09-26 15:08:36,304 [pool-27-thread-1] INFO  server.RaftServerConfigKeys (ConfUtils.java:logGet(43)) - raft.server.snapshot.auto.trigger.threshold = 10000 (custom)
2019-09-26 15:08:36,304 [pool-27-thread-1] INFO  server.RaftServerConfigKeys (ConfUtils.java:logGet(43)) - raft.server.snapshot.retention.num.files = 5 (custom)
2019-09-26 15:08:36,304 [pool-27-thread-1] INFO  server.RaftServerConfigKeys (ConfUtils.java:logGet(43)) - raft.server.retrycache.expirytime = 600000ms (custom)
2019-09-26 15:08:36,307 [pool-27-thread-1] INFO  impl.RaftServerImpl (RaftServerImpl.java:start(185)) - 8a411a4f-0e32-4dd1-80b9-a797c2117425@group-1955C9B62640: start as a follower, conf=-1: [8a411a4f-0e32-4dd1-80b9-a797c2117425:192.168.151.99:37125], old=null
2019-09-26 15:08:36,307 [pool-27-thread-1] INFO  impl.RaftServerImpl (RaftServerImpl.java:setRole(174)) - 8a411a4f-0e32-4dd1-80b9-a797c2117425@group-1955C9B62640: changes role from      null to FOLLOWER at term 0 for startAsFollower
2019-09-26 15:08:36,307 [pool-27-thread-1] INFO  impl.RoleInfo (RoleInfo.java:updateAndGet(143)) - 8a411a4f-0e32-4dd1-80b9-a797c2117425: start FollowerState
2019-09-26 15:08:36,307 [pool-27-thread-1] INFO  util.JmxRegister (JmxRegister.java:tryRegister(44)) - Successfully registered JMX Bean with object name Ratis:service=RaftServer,group=group-1955C9B62640,id=8a411a4f-0e32-4dd1-80b9-a797c2117425
2019-09-26 15:08:36,309 [RatisPipelineUtilsThread] INFO  pipeline.PipelineStateManager (PipelineStateManager.java:addPipeline(56)) - Created pipeline Pipeline[ Id: 9cf10dc9-ed4b-465a-bd39-1955c9b62640, Nodes: 8a411a4f-0e32-4dd1-80b9-a797c2117425{ip: 192.168.151.99, host: pr-hdds-1569-g6sp5-2013761785, networkLocation: /default-rack, certSerialId: null}, Type:RATIS, Factor:ONE, State:OPEN]
2019-09-26 15:08:36,313 [grpc-default-executor-1] INFO  impl.RaftServerProxy (RaftServerProxy.java:addNew(89)) - 8a411a4f-0e32-4dd1-80b9-a797c2117425: addNew group-1E5C55F9AE7D:[8a411a4f-0e32-4dd1-80b9-a797c2117425:192.168.151.99:37125] returns group-1E5C55F9AE7D:java.util.concurrent.CompletableFuture@3eb4ede7[Not completed]
2019-09-26 15:08:36,314 [pool-27-thread-1] INFO  impl.RaftServerImpl (RaftServerImpl.java:<init>(95)) - 8a411a4f-0e32-4dd1-80b9-a797c2117425: new RaftServerImpl for group-1E5C55F9AE7D:[8a411a4f-0e32-4dd1-80b9-a797c2117425:192.168.151.99:37125] with ContainerStateMachine:uninitialized
2019-09-26 15:08:36,314 [pool-27-thread-1] INFO  server.RaftServerConfigKeys (ConfUtils.java:logGet(43)) - raft.server.rpc.timeout.min = 5s (custom)
2019-09-26 15:08:36,314 [pool-27-thread-1] INFO  server.RaftServerConfigKeys (ConfUtils.java:logGet(43)) - raft.server.rpc.timeout.max = 5200ms (custom)
2019-09-26 15:08:36,314 [pool-27-thread-1] INFO  server.RaftServerConfigKeys (ConfUtils.java:logGet(43)) - raft.server.rpcslowness.timeout = 120s (custom)
2019-09-26 15:08:36,315 [pool-27-thread-1] INFO  server.RaftServerConfigKeys (ConfUtils.java:logGet(43)) - raft.server.sleep.deviation.threshold = 300 (default)
2019-09-26 15:08:36,315 [pool-27-thread-1] INFO  server.RaftServerConfigKeys (ConfUtils.java:logGet(43)) - raft.server.log.appender.install.snapshot.enabled = false (custom)
2019-09-26 15:08:36,315 [pool-27-thread-1] INFO  impl.RaftServerImpl (ServerState.java:<init>(103)) - 8a411a4f-0e32-4dd1-80b9-a797c2117425@group-1E5C55F9AE7D: ConfigurationManager, init=-1: [8a411a4f-0e32-4dd1-80b9-a797c2117425:192.168.151.99:37125], old=null, confs=<EMPTY_MAP>
2019-09-26 15:08:36,315 [pool-27-thread-1] INFO  server.RaftServerConfigKeys (ConfUtils.java:logGet(43)) - raft.server.storage.dir = [/workdir/hadoop-ozone/integration-test/target/test-dir/MiniOzoneClusterImpl-646ad58d-3cd3-4092-ab15-506251c55e5b/datanode-0/data/ratis] (custom)
2019-09-26 15:08:36,316 [pool-27-thread-1] INFO  storage.RaftStorageDirectory (RaftStorageDirectory.java:analyzeStorage(246)) - The storage directory /workdir/hadoop-ozone/integration-test/target/test-dir/MiniOzoneClusterImpl-646ad58d-3cd3-4092-ab15-506251c55e5b/datanode-0/data/ratis/dc990e1f-ef55-4fd3-bb6c-1e5c55f9ae7d does not exist. Creating ...
2019-09-26 15:08:36,328 [pool-27-thread-1] INFO  storage.RaftStorageDirectory (RaftStorageDirectory.java:tryLock(328)) - Lock on /workdir/hadoop-ozone/integration-test/target/test-dir/MiniOzoneClusterImpl-646ad58d-3cd3-4092-ab15-506251c55e5b/datanode-0/data/ratis/dc990e1f-ef55-4fd3-bb6c-1e5c55f9ae7d/in_use.lock acquired by nodename 7157@pr-hdds-1569-g6sp5-2013761785
2019-09-26 15:08:36,341 [pool-27-thread-1] INFO  storage.RaftStorage (RaftStorage.java:format(72)) - Storage directory /workdir/hadoop-ozone/integration-test/target/test-dir/MiniOzoneClusterImpl-646ad58d-3cd3-4092-ab15-506251c55e5b/datanode-0/data/ratis/dc990e1f-ef55-4fd3-bb6c-1e5c55f9ae7d has been successfully formatted.
2019-09-26 15:08:36,342 [pool-27-thread-1] INFO  ratis.ContainerStateMachine (ContainerStateMachine.java:loadSnapshot(230)) - group-1E5C55F9AE7D: The snapshot info is null. Setting the last applied indexto:(t:0, i:~)
2019-09-26 15:08:36,342 [pool-27-thread-1] INFO  server.RaftServerConfigKeys (ConfUtils.java:logGet(43)) - raft.server.notification.no-leader.timeout = 120s (custom)
2019-09-26 15:08:36,342 [pool-27-thread-1] INFO  server.RaftServerConfigKeys (ConfUtils.java:logGet(43)) - raft.server.log.use.memory = false (default)
2019-09-26 15:08:36,342 [pool-27-thread-1] INFO  server.RaftServerConfigKeys (ConfUtils.java:logGet(43)) - raft.server.log.purge.gap = 1000000 (custom)
2019-09-26 15:08:36,342 [pool-27-thread-1] INFO  server.RaftServerConfigKeys (ConfUtils.java:logGet(43)) - raft.server.log.appender.buffer.byte-limit = 33554432 (custom)
2019-09-26 15:08:36,342 [pool-27-thread-1] INFO  server.RaftServerConfigKeys (ConfUtils.java:logGet(43)) - raft.server.log.segment.size.max = 1048576 (custom)
2019-09-26 15:08:36,343 [pool-27-thread-1] INFO  server.RaftServerConfigKeys (ConfUtils.java:logGet(43)) - raft.server.log.segment.cache.num.max = 2 (custom)
2019-09-26 15:08:36,343 [pool-27-thread-1] INFO  segmented.SegmentedRaftLogWorker (SegmentedRaftLogWorker.java:<init>(172)) - new 8a411a4f-0e32-4dd1-80b9-a797c2117425@group-1E5C55F9AE7D-SegmentedRaftLogWorker for RaftStorage:Storage Directory /workdir/hadoop-ozone/integration-test/target/test-dir/MiniOzoneClusterImpl-646ad58d-3cd3-4092-ab15-506251c55e5b/datanode-0/data/ratis/dc990e1f-ef55-4fd3-bb6c-1e5c55f9ae7d
2019-09-26 15:08:36,343 [pool-27-thread-1] INFO  server.RaftServerConfigKeys (ConfUtils.java:logGet(43)) - raft.server.log.queue.byte-limit = 2147483647 (custom)
2019-09-26 15:08:36,343 [pool-27-thread-1] INFO  server.RaftServerConfigKeys (ConfUtils.java:logGet(43)) - raft.server.log.queue.element-limit = 1024 (custom)
2019-09-26 15:08:36,343 [pool-27-thread-1] INFO  server.RaftServerConfigKeys (ConfUtils.java:logGet(43)) - raft.server.log.segment.size.max = 1048576 (custom)
2019-09-26 15:08:36,343 [pool-27-thread-1] INFO  server.RaftServerConfigKeys (ConfUtils.java:logGet(43)) - raft.server.log.preallocated.size = 16384 (custom)
2019-09-26 15:08:36,343 [pool-27-thread-1] INFO  server.RaftServerConfigKeys (ConfUtils.java:logGet(43)) - raft.server.log.write.buffer.size = 33554432 (custom)
2019-09-26 15:08:36,343 [pool-27-thread-1] INFO  server.RaftServerConfigKeys (ConfUtils.java:logGet(43)) - raft.server.log.force.sync.num = 128 (default)
2019-09-26 15:08:36,343 [pool-27-thread-1] INFO  server.RaftServerConfigKeys (ConfUtils.java:logGet(43)) - raft.server.log.statemachine.data.sync = true (default)
2019-09-26 15:08:36,344 [pool-27-thread-1] INFO  server.RaftServerConfigKeys (ConfUtils.java:logGet(43)) - raft.server.log.statemachine.data.sync.timeout = 10s (default)
2019-09-26 15:08:36,344 [pool-27-thread-1] INFO  server.RaftServerConfigKeys (ConfUtils.java:logGet(43)) - raft.server.log.statemachine.data.sync.timeout.retry = -1 (default)
2019-09-26 15:08:36,344 [pool-27-thread-1] INFO  server.RaftServerConfigKeys (ConfUtils.java:logGet(43)) - raft.server.log.statemachine.data.caching.enabled = true (custom)
2019-09-26 15:08:36,344 [pool-27-thread-1] INFO  segmented.SegmentedRaftLogWorker (SegmentedRaftLogWorker.java:lambda$new$0(132)) - 8a411a4f-0e32-4dd1-80b9-a797c2117425@group-1E5C55F9AE7D-SegmentedRaftLogWorker: flushIndex: setUnconditionally 0 -> -1
2019-09-26 15:08:36,344 [pool-27-thread-1] INFO  server.RaftServerConfigKeys (ConfUtils.java:logGet(43)) - raft.server.snapshot.auto.trigger.enabled = true (custom)
2019-09-26 15:08:36,345 [pool-27-thread-1] INFO  server.RaftServerConfigKeys (ConfUtils.java:logGet(43)) - raft.server.snapshot.auto.trigger.threshold = 10000 (custom)
2019-09-26 15:08:36,345 [pool-27-thread-1] INFO  server.RaftServerConfigKeys (ConfUtils.java:logGet(43)) - raft.server.snapshot.retention.num.files = 5 (custom)
2019-09-26 15:08:36,345 [pool-27-thread-1] INFO  server.RaftServerConfigKeys (ConfUtils.java:logGet(43)) - raft.server.retrycache.expirytime = 600000ms (custom)
2019-09-26 15:08:36,346 [pool-27-thread-1] INFO  impl.RaftServerImpl (RaftServerImpl.java:start(185)) - 8a411a4f-0e32-4dd1-80b9-a797c2117425@group-1E5C55F9AE7D: start as a follower, conf=-1: [8a411a4f-0e32-4dd1-80b9-a797c2117425:192.168.151.99:37125], old=null
2019-09-26 15:08:36,346 [pool-27-thread-1] INFO  impl.RaftServerImpl (RaftServerImpl.java:setRole(174)) - 8a411a4f-0e32-4dd1-80b9-a797c2117425@group-1E5C55F9AE7D: changes role from      null to FOLLOWER at term 0 for startAsFollower
2019-09-26 15:08:36,346 [pool-27-thread-1] INFO  impl.RoleInfo (RoleInfo.java:updateAndGet(143)) - 8a411a4f-0e32-4dd1-80b9-a797c2117425: start FollowerState
2019-09-26 15:08:36,347 [pool-27-thread-1] INFO  util.JmxRegister (JmxRegister.java:tryRegister(44)) - Successfully registered JMX Bean with object name Ratis:service=RaftServer,group=group-1E5C55F9AE7D,id=8a411a4f-0e32-4dd1-80b9-a797c2117425
2019-09-26 15:08:36,348 [RatisPipelineUtilsThread] INFO  pipeline.PipelineStateManager (PipelineStateManager.java:addPipeline(56)) - Created pipeline Pipeline[ Id: dc990e1f-ef55-4fd3-bb6c-1e5c55f9ae7d, Nodes: 8a411a4f-0e32-4dd1-80b9-a797c2117425{ip: 192.168.151.99, host: pr-hdds-1569-g6sp5-2013761785, networkLocation: /default-rack, certSerialId: null}, Type:RATIS, Factor:ONE, State:OPEN]
2019-09-26 15:08:36,355 [grpc-default-executor-1] INFO  impl.RaftServerProxy (RaftServerProxy.java:addNew(89)) - 8a411a4f-0e32-4dd1-80b9-a797c2117425: addNew group-00BC2B0139A4:[8a411a4f-0e32-4dd1-80b9-a797c2117425:192.168.151.99:37125] returns group-00BC2B0139A4:java.util.concurrent.CompletableFuture@71268aeb[Not completed]
2019-09-26 15:08:36,355 [pool-27-thread-1] INFO  impl.RaftServerImpl (RaftServerImpl.java:<init>(95)) - 8a411a4f-0e32-4dd1-80b9-a797c2117425: new RaftServerImpl for group-00BC2B0139A4:[8a411a4f-0e32-4dd1-80b9-a797c2117425:192.168.151.99:37125] with ContainerStateMachine:uninitialized
2019-09-26 15:08:36,356 [pool-27-thread-1] INFO  server.RaftServerConfigKeys (ConfUtils.java:logGet(43)) - raft.server.rpc.timeout.min = 5s (custom)
2019-09-26 15:08:36,356 [pool-27-thread-1] INFO  server.RaftServerConfigKeys (ConfUtils.java:logGet(43)) - raft.server.rpc.timeout.max = 5200ms (custom)
2019-09-26 15:08:36,356 [pool-27-thread-1] INFO  server.RaftServerConfigKeys (ConfUtils.java:logGet(43)) - raft.server.rpcslowness.timeout = 120s (custom)
2019-09-26 15:08:36,356 [pool-27-thread-1] INFO  server.RaftServerConfigKeys (ConfUtils.java:logGet(43)) - raft.server.sleep.deviation.threshold = 300 (default)
2019-09-26 15:08:36,356 [pool-27-thread-1] INFO  server.RaftServerConfigKeys (ConfUtils.java:logGet(43)) - raft.server.log.appender.install.snapshot.enabled = false (custom)
2019-09-26 15:08:36,356 [pool-27-thread-1] INFO  impl.RaftServerImpl (ServerState.java:<init>(103)) - 8a411a4f-0e32-4dd1-80b9-a797c2117425@group-00BC2B0139A4: ConfigurationManager, init=-1: [8a411a4f-0e32-4dd1-80b9-a797c2117425:192.168.151.99:37125], old=null, confs=<EMPTY_MAP>
2019-09-26 15:08:36,356 [pool-27-thread-1] INFO  server.RaftServerConfigKeys (ConfUtils.java:logGet(43)) - raft.server.storage.dir = [/workdir/hadoop-ozone/integration-test/target/test-dir/MiniOzoneClusterImpl-646ad58d-3cd3-4092-ab15-506251c55e5b/datanode-0/data/ratis] (custom)
2019-09-26 15:08:36,357 [pool-27-thread-1] INFO  storage.RaftStorageDirectory (RaftStorageDirectory.java:analyzeStorage(246)) - The storage directory /workdir/hadoop-ozone/integration-test/target/test-dir/MiniOzoneClusterImpl-646ad58d-3cd3-4092-ab15-506251c55e5b/datanode-0/data/ratis/8947b114-ffe9-4b06-b9a5-00bc2b0139a4 does not exist. Creating ...
2019-09-26 15:08:36,369 [pool-27-thread-1] INFO  storage.RaftStorageDirectory (RaftStorageDirectory.java:tryLock(328)) - Lock on /workdir/hadoop-ozone/integration-test/target/test-dir/MiniOzoneClusterImpl-646ad58d-3cd3-4092-ab15-506251c55e5b/datanode-0/data/ratis/8947b114-ffe9-4b06-b9a5-00bc2b0139a4/in_use.lock acquired by nodename 7157@pr-hdds-1569-g6sp5-2013761785
2019-09-26 15:08:36,382 [pool-27-thread-1] INFO  storage.RaftStorage (RaftStorage.java:format(72)) - Storage directory /workdir/hadoop-ozone/integration-test/target/test-dir/MiniOzoneClusterImpl-646ad58d-3cd3-4092-ab15-506251c55e5b/datanode-0/data/ratis/8947b114-ffe9-4b06-b9a5-00bc2b0139a4 has been successfully formatted.
2019-09-26 15:08:36,382 [pool-27-thread-1] INFO  ratis.ContainerStateMachine (ContainerStateMachine.java:loadSnapshot(230)) - group-00BC2B0139A4: The snapshot info is null. Setting the last applied indexto:(t:0, i:~)
2019-09-26 15:08:36,383 [pool-27-thread-1] INFO  server.RaftServerConfigKeys (ConfUtils.java:logGet(43)) - raft.server.notification.no-leader.timeout = 120s (custom)
2019-09-26 15:08:36,383 [pool-27-thread-1] INFO  server.RaftServerConfigKeys (ConfUtils.java:logGet(43)) - raft.server.log.use.memory = false (default)
2019-09-26 15:08:36,383 [pool-27-thread-1] INFO  server.RaftServerConfigKeys (ConfUtils.java:logGet(43)) - raft.server.log.purge.gap = 1000000 (custom)
2019-09-26 15:08:36,383 [pool-27-thread-1] INFO  server.RaftServerConfigKeys (ConfUtils.java:logGet(43)) - raft.server.log.appender.buffer.byte-limit = 33554432 (custom)
2019-09-26 15:08:36,383 [pool-27-thread-1] INFO  server.RaftServerConfigKeys (ConfUtils.java:logGet(43)) - raft.server.log.segment.size.max = 1048576 (custom)
2019-09-26 15:08:36,383 [pool-27-thread-1] INFO  server.RaftServerConfigKeys (ConfUtils.java:logGet(43)) - raft.server.log.segment.cache.num.max = 2 (custom)
2019-09-26 15:08:36,383 [pool-27-thread-1] INFO  segmented.SegmentedRaftLogWorker (SegmentedRaftLogWorker.java:<init>(172)) - new 8a411a4f-0e32-4dd1-80b9-a797c2117425@group-00BC2B0139A4-SegmentedRaftLogWorker for RaftStorage:Storage Directory /workdir/hadoop-ozone/integration-test/target/test-dir/MiniOzoneClusterImpl-646ad58d-3cd3-4092-ab15-506251c55e5b/datanode-0/data/ratis/8947b114-ffe9-4b06-b9a5-00bc2b0139a4
2019-09-26 15:08:36,383 [pool-27-thread-1] INFO  server.RaftServerConfigKeys (ConfUtils.java:logGet(43)) - raft.server.log.queue.byte-limit = 2147483647 (custom)
2019-09-26 15:08:36,384 [pool-27-thread-1] INFO  server.RaftServerConfigKeys (ConfUtils.java:logGet(43)) - raft.server.log.queue.element-limit = 1024 (custom)
2019-09-26 15:08:36,384 [pool-27-thread-1] INFO  server.RaftServerConfigKeys (ConfUtils.java:logGet(43)) - raft.server.log.segment.size.max = 1048576 (custom)
2019-09-26 15:08:36,384 [pool-27-thread-1] INFO  server.RaftServerConfigKeys (ConfUtils.java:logGet(43)) - raft.server.log.preallocated.size = 16384 (custom)
2019-09-26 15:08:36,384 [pool-27-thread-1] INFO  server.RaftServerConfigKeys (ConfUtils.java:logGet(43)) - raft.server.log.write.buffer.size = 33554432 (custom)
2019-09-26 15:08:36,384 [pool-27-thread-1] INFO  server.RaftServerConfigKeys (ConfUtils.java:logGet(43)) - raft.server.log.force.sync.num = 128 (default)
2019-09-26 15:08:36,384 [pool-27-thread-1] INFO  server.RaftServerConfigKeys (ConfUtils.java:logGet(43)) - raft.server.log.statemachine.data.sync = true (default)
2019-09-26 15:08:36,384 [pool-27-thread-1] INFO  server.RaftServerConfigKeys (ConfUtils.java:logGet(43)) - raft.server.log.statemachine.data.sync.timeout = 10s (default)
2019-09-26 15:08:36,385 [pool-27-thread-1] INFO  server.RaftServerConfigKeys (ConfUtils.java:logGet(43)) - raft.server.log.statemachine.data.sync.timeout.retry = -1 (default)
2019-09-26 15:08:36,385 [pool-27-thread-1] INFO  server.RaftServerConfigKeys (ConfUtils.java:logGet(43)) - raft.server.log.statemachine.data.caching.enabled = true (custom)
2019-09-26 15:08:36,385 [pool-27-thread-1] INFO  segmented.SegmentedRaftLogWorker (SegmentedRaftLogWorker.java:lambda$new$0(132)) - 8a411a4f-0e32-4dd1-80b9-a797c2117425@group-00BC2B0139A4-SegmentedRaftLogWorker: flushIndex: setUnconditionally 0 -> -1
2019-09-26 15:08:36,385 [pool-27-thread-1] INFO  server.RaftServerConfigKeys (ConfUtils.java:logGet(43)) - raft.server.snapshot.auto.trigger.enabled = true (custom)
2019-09-26 15:08:36,386 [pool-27-thread-1] INFO  server.RaftServerConfigKeys (ConfUtils.java:logGet(43)) - raft.server.snapshot.auto.trigger.threshold = 10000 (custom)
2019-09-26 15:08:36,386 [pool-27-thread-1] INFO  server.RaftServerConfigKeys (ConfUtils.java:logGet(43)) - raft.server.snapshot.retention.num.files = 5 (custom)
2019-09-26 15:08:36,386 [pool-27-thread-1] INFO  server.RaftServerConfigKeys (ConfUtils.java:logGet(43)) - raft.server.retrycache.expirytime = 600000ms (custom)
2019-09-26 15:08:36,387 [pool-27-thread-1] INFO  impl.RaftServerImpl (RaftServerImpl.java:start(185)) - 8a411a4f-0e32-4dd1-80b9-a797c2117425@group-00BC2B0139A4: start as a follower, conf=-1: [8a411a4f-0e32-4dd1-80b9-a797c2117425:192.168.151.99:37125], old=null
2019-09-26 15:08:36,387 [pool-27-thread-1] INFO  impl.RaftServerImpl (RaftServerImpl.java:setRole(174)) - 8a411a4f-0e32-4dd1-80b9-a797c2117425@group-00BC2B0139A4: changes role from      null to FOLLOWER at term 0 for startAsFollower
2019-09-26 15:08:36,387 [pool-27-thread-1] INFO  impl.RoleInfo (RoleInfo.java:updateAndGet(143)) - 8a411a4f-0e32-4dd1-80b9-a797c2117425: start FollowerState
2019-09-26 15:08:36,387 [pool-27-thread-1] INFO  util.JmxRegister (JmxRegister.java:tryRegister(44)) - Successfully registered JMX Bean with object name Ratis:service=RaftServer,group=group-00BC2B0139A4,id=8a411a4f-0e32-4dd1-80b9-a797c2117425
2019-09-26 15:08:36,389 [RatisPipelineUtilsThread] INFO  pipeline.PipelineStateManager (PipelineStateManager.java:addPipeline(56)) - Created pipeline Pipeline[ Id: 8947b114-ffe9-4b06-b9a5-00bc2b0139a4, Nodes: 8a411a4f-0e32-4dd1-80b9-a797c2117425{ip: 192.168.151.99, host: pr-hdds-1569-g6sp5-2013761785, networkLocation: /default-rack, certSerialId: null}, Type:RATIS, Factor:ONE, State:OPEN]
2019-09-26 15:08:36,393 [grpc-default-executor-1] INFO  impl.RaftServerProxy (RaftServerProxy.java:addNew(89)) - 8a411a4f-0e32-4dd1-80b9-a797c2117425: addNew group-789513F6DACF:[8a411a4f-0e32-4dd1-80b9-a797c2117425:192.168.151.99:37125] returns group-789513F6DACF:java.util.concurrent.CompletableFuture@3119f48a[Not completed]
2019-09-26 15:08:36,393 [pool-27-thread-1] INFO  impl.RaftServerImpl (RaftServerImpl.java:<init>(95)) - 8a411a4f-0e32-4dd1-80b9-a797c2117425: new RaftServerImpl for group-789513F6DACF:[8a411a4f-0e32-4dd1-80b9-a797c2117425:192.168.151.99:37125] with ContainerStateMachine:uninitialized
2019-09-26 15:08:36,393 [pool-27-thread-1] INFO  server.RaftServerConfigKeys (ConfUtils.java:logGet(43)) - raft.server.rpc.timeout.min = 5s (custom)
2019-09-26 15:08:36,393 [pool-27-thread-1] INFO  server.RaftServerConfigKeys (ConfUtils.java:logGet(43)) - raft.server.rpc.timeout.max = 5200ms (custom)
2019-09-26 15:08:36,393 [pool-27-thread-1] INFO  server.RaftServerConfigKeys (ConfUtils.java:logGet(43)) - raft.server.rpcslowness.timeout = 120s (custom)
2019-09-26 15:08:36,394 [pool-27-thread-1] INFO  server.RaftServerConfigKeys (ConfUtils.java:logGet(43)) - raft.server.sleep.deviation.threshold = 300 (default)
2019-09-26 15:08:36,394 [pool-27-thread-1] INFO  server.RaftServerConfigKeys (ConfUtils.java:logGet(43)) - raft.server.log.appender.install.snapshot.enabled = false (custom)
2019-09-26 15:08:36,394 [pool-27-thread-1] INFO  impl.RaftServerImpl (ServerState.java:<init>(103)) - 8a411a4f-0e32-4dd1-80b9-a797c2117425@group-789513F6DACF: ConfigurationManager, init=-1: [8a411a4f-0e32-4dd1-80b9-a797c2117425:192.168.151.99:37125], old=null, confs=<EMPTY_MAP>
2019-09-26 15:08:36,394 [pool-27-thread-1] INFO  server.RaftServerConfigKeys (ConfUtils.java:logGet(43)) - raft.server.storage.dir = [/workdir/hadoop-ozone/integration-test/target/test-dir/MiniOzoneClusterImpl-646ad58d-3cd3-4092-ab15-506251c55e5b/datanode-0/data/ratis] (custom)
2019-09-26 15:08:36,395 [pool-27-thread-1] INFO  storage.RaftStorageDirectory (RaftStorageDirectory.java:analyzeStorage(246)) - The storage directory /workdir/hadoop-ozone/integration-test/target/test-dir/MiniOzoneClusterImpl-646ad58d-3cd3-4092-ab15-506251c55e5b/datanode-0/data/ratis/73125648-9d41-449b-bf9c-789513f6dacf does not exist. Creating ...
2019-09-26 15:08:36,407 [pool-27-thread-1] INFO  storage.RaftStorageDirectory (RaftStorageDirectory.java:tryLock(328)) - Lock on /workdir/hadoop-ozone/integration-test/target/test-dir/MiniOzoneClusterImpl-646ad58d-3cd3-4092-ab15-506251c55e5b/datanode-0/data/ratis/73125648-9d41-449b-bf9c-789513f6dacf/in_use.lock acquired by nodename 7157@pr-hdds-1569-g6sp5-2013761785
2019-09-26 15:08:36,420 [pool-27-thread-1] INFO  storage.RaftStorage (RaftStorage.java:format(72)) - Storage directory /workdir/hadoop-ozone/integration-test/target/test-dir/MiniOzoneClusterImpl-646ad58d-3cd3-4092-ab15-506251c55e5b/datanode-0/data/ratis/73125648-9d41-449b-bf9c-789513f6dacf has been successfully formatted.
2019-09-26 15:08:36,420 [pool-27-thread-1] INFO  ratis.ContainerStateMachine (ContainerStateMachine.java:loadSnapshot(230)) - group-789513F6DACF: The snapshot info is null. Setting the last applied indexto:(t:0, i:~)
2019-09-26 15:08:36,420 [pool-27-thread-1] INFO  server.RaftServerConfigKeys (ConfUtils.java:logGet(43)) - raft.server.notification.no-leader.timeout = 120s (custom)
2019-09-26 15:08:36,420 [pool-27-thread-1] INFO  server.RaftServerConfigKeys (ConfUtils.java:logGet(43)) - raft.server.log.use.memory = false (default)
2019-09-26 15:08:36,420 [pool-27-thread-1] INFO  server.RaftServerConfigKeys (ConfUtils.java:logGet(43)) - raft.server.log.purge.gap = 1000000 (custom)
2019-09-26 15:08:36,421 [pool-27-thread-1] INFO  server.RaftServerConfigKeys (ConfUtils.java:logGet(43)) - raft.server.log.appender.buffer.byte-limit = 33554432 (custom)
2019-09-26 15:08:36,421 [pool-27-thread-1] INFO  server.RaftServerConfigKeys (ConfUtils.java:logGet(43)) - raft.server.log.segment.size.max = 1048576 (custom)
2019-09-26 15:08:36,421 [pool-27-thread-1] INFO  server.RaftServerConfigKeys (ConfUtils.java:logGet(43)) - raft.server.log.segment.cache.num.max = 2 (custom)
2019-09-26 15:08:36,421 [pool-27-thread-1] INFO  segmented.SegmentedRaftLogWorker (SegmentedRaftLogWorker.java:<init>(172)) - new 8a411a4f-0e32-4dd1-80b9-a797c2117425@group-789513F6DACF-SegmentedRaftLogWorker for RaftStorage:Storage Directory /workdir/hadoop-ozone/integration-test/target/test-dir/MiniOzoneClusterImpl-646ad58d-3cd3-4092-ab15-506251c55e5b/datanode-0/data/ratis/73125648-9d41-449b-bf9c-789513f6dacf
2019-09-26 15:08:36,421 [pool-27-thread-1] INFO  server.RaftServerConfigKeys (ConfUtils.java:logGet(43)) - raft.server.log.queue.byte-limit = 2147483647 (custom)
2019-09-26 15:08:36,421 [pool-27-thread-1] INFO  server.RaftServerConfigKeys (ConfUtils.java:logGet(43)) - raft.server.log.queue.element-limit = 1024 (custom)
2019-09-26 15:08:36,421 [pool-27-thread-1] INFO  server.RaftServerConfigKeys (ConfUtils.java:logGet(43)) - raft.server.log.segment.size.max = 1048576 (custom)
2019-09-26 15:08:36,421 [pool-27-thread-1] INFO  server.RaftServerConfigKeys (ConfUtils.java:logGet(43)) - raft.server.log.preallocated.size = 16384 (custom)
2019-09-26 15:08:36,422 [pool-27-thread-1] INFO  server.RaftServerConfigKeys (ConfUtils.java:logGet(43)) - raft.server.log.write.buffer.size = 33554432 (custom)
2019-09-26 15:08:36,422 [pool-27-thread-1] INFO  server.RaftServerConfigKeys (ConfUtils.java:logGet(43)) - raft.server.log.force.sync.num = 128 (default)
2019-09-26 15:08:36,422 [pool-27-thread-1] INFO  server.RaftServerConfigKeys (ConfUtils.java:logGet(43)) - raft.server.log.statemachine.data.sync = true (default)
2019-09-26 15:08:36,422 [pool-27-thread-1] INFO  server.RaftServerConfigKeys (ConfUtils.java:logGet(43)) - raft.server.log.statemachine.data.sync.timeout = 10s (default)
2019-09-26 15:08:36,422 [pool-27-thread-1] INFO  server.RaftServerConfigKeys (ConfUtils.java:logGet(43)) - raft.server.log.statemachine.data.sync.timeout.retry = -1 (default)
2019-09-26 15:08:36,422 [pool-27-thread-1] INFO  server.RaftServerConfigKeys (ConfUtils.java:logGet(43)) - raft.server.log.statemachine.data.caching.enabled = true (custom)
2019-09-26 15:08:36,422 [pool-27-thread-1] INFO  segmented.SegmentedRaftLogWorker (SegmentedRaftLogWorker.java:lambda$new$0(132)) - 8a411a4f-0e32-4dd1-80b9-a797c2117425@group-789513F6DACF-SegmentedRaftLogWorker: flushIndex: setUnconditionally 0 -> -1
2019-09-26 15:08:36,423 [pool-27-thread-1] INFO  server.RaftServerConfigKeys (ConfUtils.java:logGet(43)) - raft.server.snapshot.auto.trigger.enabled = true (custom)
2019-09-26 15:08:36,423 [pool-27-thread-1] INFO  server.RaftServerConfigKeys (ConfUtils.java:logGet(43)) - raft.server.snapshot.auto.trigger.threshold = 10000 (custom)
2019-09-26 15:08:36,423 [pool-27-thread-1] INFO  server.RaftServerConfigKeys (ConfUtils.java:logGet(43)) - raft.server.snapshot.retention.num.files = 5 (custom)
2019-09-26 15:08:36,423 [pool-27-thread-1] INFO  server.RaftServerConfigKeys (ConfUtils.java:logGet(43)) - raft.server.retrycache.expirytime = 600000ms (custom)
2019-09-26 15:08:36,425 [pool-27-thread-1] INFO  impl.RaftServerImpl (RaftServerImpl.java:start(185)) - 8a411a4f-0e32-4dd1-80b9-a797c2117425@group-789513F6DACF: start as a follower, conf=-1: [8a411a4f-0e32-4dd1-80b9-a797c2117425:192.168.151.99:37125], old=null
2019-09-26 15:08:36,425 [pool-27-thread-1] INFO  impl.RaftServerImpl (RaftServerImpl.java:setRole(174)) - 8a411a4f-0e32-4dd1-80b9-a797c2117425@group-789513F6DACF: changes role from      null to FOLLOWER at term 0 for startAsFollower
2019-09-26 15:08:36,425 [pool-27-thread-1] INFO  impl.RoleInfo (RoleInfo.java:updateAndGet(143)) - 8a411a4f-0e32-4dd1-80b9-a797c2117425: start FollowerState
2019-09-26 15:08:36,425 [pool-27-thread-1] INFO  util.JmxRegister (JmxRegister.java:tryRegister(44)) - Successfully registered JMX Bean with object name Ratis:service=RaftServer,group=group-789513F6DACF,id=8a411a4f-0e32-4dd1-80b9-a797c2117425
2019-09-26 15:08:36,427 [RatisPipelineUtilsThread] INFO  pipeline.PipelineStateManager (PipelineStateManager.java:addPipeline(56)) - Created pipeline Pipeline[ Id: 73125648-9d41-449b-bf9c-789513f6dacf, Nodes: 8a411a4f-0e32-4dd1-80b9-a797c2117425{ip: 192.168.151.99, host: pr-hdds-1569-g6sp5-2013761785, networkLocation: /default-rack, certSerialId: null}, Type:RATIS, Factor:ONE, State:OPEN]
2019-09-26 15:08:36,431 [grpc-default-executor-1] INFO  impl.RaftServerProxy (RaftServerProxy.java:addNew(89)) - 8a411a4f-0e32-4dd1-80b9-a797c2117425: addNew group-5915C1BC536E:[8a411a4f-0e32-4dd1-80b9-a797c2117425:192.168.151.99:37125] returns group-5915C1BC536E:java.util.concurrent.CompletableFuture@1294b3b5[Not completed]
2019-09-26 15:08:36,432 [pool-27-thread-1] INFO  impl.RaftServerImpl (RaftServerImpl.java:<init>(95)) - 8a411a4f-0e32-4dd1-80b9-a797c2117425: new RaftServerImpl for group-5915C1BC536E:[8a411a4f-0e32-4dd1-80b9-a797c2117425:192.168.151.99:37125] with ContainerStateMachine:uninitialized
2019-09-26 15:08:36,432 [pool-27-thread-1] INFO  server.RaftServerConfigKeys (ConfUtils.java:logGet(43)) - raft.server.rpc.timeout.min = 5s (custom)
2019-09-26 15:08:36,432 [pool-27-thread-1] INFO  server.RaftServerConfigKeys (ConfUtils.java:logGet(43)) - raft.server.rpc.timeout.max = 5200ms (custom)
2019-09-26 15:08:36,432 [pool-27-thread-1] INFO  server.RaftServerConfigKeys (ConfUtils.java:logGet(43)) - raft.server.rpcslowness.timeout = 120s (custom)
2019-09-26 15:08:36,432 [pool-27-thread-1] INFO  server.RaftServerConfigKeys (ConfUtils.java:logGet(43)) - raft.server.sleep.deviation.threshold = 300 (default)
2019-09-26 15:08:36,432 [pool-27-thread-1] INFO  server.RaftServerConfigKeys (ConfUtils.java:logGet(43)) - raft.server.log.appender.install.snapshot.enabled = false (custom)
2019-09-26 15:08:36,432 [pool-27-thread-1] INFO  impl.RaftServerImpl (ServerState.java:<init>(103)) - 8a411a4f-0e32-4dd1-80b9-a797c2117425@group-5915C1BC536E: ConfigurationManager, init=-1: [8a411a4f-0e32-4dd1-80b9-a797c2117425:192.168.151.99:37125], old=null, confs=<EMPTY_MAP>
2019-09-26 15:08:36,433 [pool-27-thread-1] INFO  server.RaftServerConfigKeys (ConfUtils.java:logGet(43)) - raft.server.storage.dir = [/workdir/hadoop-ozone/integration-test/target/test-dir/MiniOzoneClusterImpl-646ad58d-3cd3-4092-ab15-506251c55e5b/datanode-0/data/ratis] (custom)
2019-09-26 15:08:36,433 [pool-27-thread-1] INFO  storage.RaftStorageDirectory (RaftStorageDirectory.java:analyzeStorage(246)) - The storage directory /workdir/hadoop-ozone/integration-test/target/test-dir/MiniOzoneClusterImpl-646ad58d-3cd3-4092-ab15-506251c55e5b/datanode-0/data/ratis/455b0224-6039-4c90-987c-5915c1bc536e does not exist. Creating ...
2019-09-26 15:08:36,448 [pool-27-thread-1] INFO  storage.RaftStorageDirectory (RaftStorageDirectory.java:tryLock(328)) - Lock on /workdir/hadoop-ozone/integration-test/target/test-dir/MiniOzoneClusterImpl-646ad58d-3cd3-4092-ab15-506251c55e5b/datanode-0/data/ratis/455b0224-6039-4c90-987c-5915c1bc536e/in_use.lock acquired by nodename 7157@pr-hdds-1569-g6sp5-2013761785
2019-09-26 15:08:36,461 [pool-27-thread-1] INFO  storage.RaftStorage (RaftStorage.java:format(72)) - Storage directory /workdir/hadoop-ozone/integration-test/target/test-dir/MiniOzoneClusterImpl-646ad58d-3cd3-4092-ab15-506251c55e5b/datanode-0/data/ratis/455b0224-6039-4c90-987c-5915c1bc536e has been successfully formatted.
2019-09-26 15:08:36,461 [pool-27-thread-1] INFO  ratis.ContainerStateMachine (ContainerStateMachine.java:loadSnapshot(230)) - group-5915C1BC536E: The snapshot info is null. Setting the last applied indexto:(t:0, i:~)
2019-09-26 15:08:36,461 [pool-27-thread-1] INFO  server.RaftServerConfigKeys (ConfUtils.java:logGet(43)) - raft.server.notification.no-leader.timeout = 120s (custom)
2019-09-26 15:08:36,461 [pool-27-thread-1] INFO  server.RaftServerConfigKeys (ConfUtils.java:logGet(43)) - raft.server.log.use.memory = false (default)
2019-09-26 15:08:36,461 [pool-27-thread-1] INFO  server.RaftServerConfigKeys (ConfUtils.java:logGet(43)) - raft.server.log.purge.gap = 1000000 (custom)
2019-09-26 15:08:36,461 [pool-27-thread-1] INFO  server.RaftServerConfigKeys (ConfUtils.java:logGet(43)) - raft.server.log.appender.buffer.byte-limit = 33554432 (custom)
2019-09-26 15:08:36,461 [pool-27-thread-1] INFO  server.RaftServerConfigKeys (ConfUtils.java:logGet(43)) - raft.server.log.segment.size.max = 1048576 (custom)
2019-09-26 15:08:36,461 [pool-27-thread-1] INFO  server.RaftServerConfigKeys (ConfUtils.java:logGet(43)) - raft.server.log.segment.cache.num.max = 2 (custom)
2019-09-26 15:08:36,462 [pool-27-thread-1] INFO  segmented.SegmentedRaftLogWorker (SegmentedRaftLogWorker.java:<init>(172)) - new 8a411a4f-0e32-4dd1-80b9-a797c2117425@group-5915C1BC536E-SegmentedRaftLogWorker for RaftStorage:Storage Directory /workdir/hadoop-ozone/integration-test/target/test-dir/MiniOzoneClusterImpl-646ad58d-3cd3-4092-ab15-506251c55e5b/datanode-0/data/ratis/455b0224-6039-4c90-987c-5915c1bc536e
2019-09-26 15:08:36,462 [pool-27-thread-1] INFO  server.RaftServerConfigKeys (ConfUtils.java:logGet(43)) - raft.server.log.queue.byte-limit = 2147483647 (custom)
2019-09-26 15:08:36,462 [pool-27-thread-1] INFO  server.RaftServerConfigKeys (ConfUtils.java:logGet(43)) - raft.server.log.queue.element-limit = 1024 (custom)
2019-09-26 15:08:36,462 [pool-27-thread-1] INFO  server.RaftServerConfigKeys (ConfUtils.java:logGet(43)) - raft.server.log.segment.size.max = 1048576 (custom)
2019-09-26 15:08:36,462 [pool-27-thread-1] INFO  server.RaftServerConfigKeys (ConfUtils.java:logGet(43)) - raft.server.log.preallocated.size = 16384 (custom)
2019-09-26 15:08:36,462 [pool-27-thread-1] INFO  server.RaftServerConfigKeys (ConfUtils.java:logGet(43)) - raft.server.log.write.buffer.size = 33554432 (custom)
2019-09-26 15:08:36,462 [pool-27-thread-1] INFO  server.RaftServerConfigKeys (ConfUtils.java:logGet(43)) - raft.server.log.force.sync.num = 128 (default)
2019-09-26 15:08:36,462 [pool-27-thread-1] INFO  server.RaftServerConfigKeys (ConfUtils.java:logGet(43)) - raft.server.log.statemachine.data.sync = true (default)
2019-09-26 15:08:36,462 [pool-27-thread-1] INFO  server.RaftServerConfigKeys (ConfUtils.java:logGet(43)) - raft.server.log.statemachine.data.sync.timeout = 10s (default)
2019-09-26 15:08:36,462 [pool-27-thread-1] INFO  server.RaftServerConfigKeys (ConfUtils.java:logGet(43)) - raft.server.log.statemachine.data.sync.timeout.retry = -1 (default)
2019-09-26 15:08:36,462 [pool-27-thread-1] INFO  server.RaftServerConfigKeys (ConfUtils.java:logGet(43)) - raft.server.log.statemachine.data.caching.enabled = true (custom)
2019-09-26 15:08:36,463 [pool-27-thread-1] INFO  segmented.SegmentedRaftLogWorker (SegmentedRaftLogWorker.java:lambda$new$0(132)) - 8a411a4f-0e32-4dd1-80b9-a797c2117425@group-5915C1BC536E-SegmentedRaftLogWorker: flushIndex: setUnconditionally 0 -> -1
2019-09-26 15:08:36,463 [pool-27-thread-1] INFO  server.RaftServerConfigKeys (ConfUtils.java:logGet(43)) - raft.server.snapshot.auto.trigger.enabled = true (custom)
2019-09-26 15:08:36,463 [pool-27-thread-1] INFO  server.RaftServerConfigKeys (ConfUtils.java:logGet(43)) - raft.server.snapshot.auto.trigger.threshold = 10000 (custom)
2019-09-26 15:08:36,463 [pool-27-thread-1] INFO  server.RaftServerConfigKeys (ConfUtils.java:logGet(43)) - raft.server.snapshot.retention.num.files = 5 (custom)
2019-09-26 15:08:36,463 [pool-27-thread-1] INFO  server.RaftServerConfigKeys (ConfUtils.java:logGet(43)) - raft.server.retrycache.expirytime = 600000ms (custom)
2019-09-26 15:08:36,464 [pool-27-thread-1] INFO  impl.RaftServerImpl (RaftServerImpl.java:start(185)) - 8a411a4f-0e32-4dd1-80b9-a797c2117425@group-5915C1BC536E: start as a follower, conf=-1: [8a411a4f-0e32-4dd1-80b9-a797c2117425:192.168.151.99:37125], old=null
2019-09-26 15:08:36,464 [pool-27-thread-1] INFO  impl.RaftServerImpl (RaftServerImpl.java:setRole(174)) - 8a411a4f-0e32-4dd1-80b9-a797c2117425@group-5915C1BC536E: changes role from      null to FOLLOWER at term 0 for startAsFollower
2019-09-26 15:08:36,465 [pool-27-thread-1] INFO  impl.RoleInfo (RoleInfo.java:updateAndGet(143)) - 8a411a4f-0e32-4dd1-80b9-a797c2117425: start FollowerState
2019-09-26 15:08:36,465 [pool-27-thread-1] INFO  util.JmxRegister (JmxRegister.java:tryRegister(44)) - Successfully registered JMX Bean with object name Ratis:service=RaftServer,group=group-5915C1BC536E,id=8a411a4f-0e32-4dd1-80b9-a797c2117425
2019-09-26 15:08:36,467 [RatisPipelineUtilsThread] INFO  pipeline.PipelineStateManager (PipelineStateManager.java:addPipeline(56)) - Created pipeline Pipeline[ Id: 455b0224-6039-4c90-987c-5915c1bc536e, Nodes: 8a411a4f-0e32-4dd1-80b9-a797c2117425{ip: 192.168.151.99, host: pr-hdds-1569-g6sp5-2013761785, networkLocation: /default-rack, certSerialId: null}, Type:RATIS, Factor:ONE, State:OPEN]
2019-09-26 15:08:36,470 [grpc-default-executor-1] INFO  impl.RaftServerProxy (RaftServerProxy.java:addNew(89)) - 8a411a4f-0e32-4dd1-80b9-a797c2117425: addNew group-E8F94CDE43C3:[8a411a4f-0e32-4dd1-80b9-a797c2117425:192.168.151.99:37125] returns group-E8F94CDE43C3:java.util.concurrent.CompletableFuture@1b0675a5[Not completed]
2019-09-26 15:08:36,471 [pool-27-thread-1] INFO  impl.RaftServerImpl (RaftServerImpl.java:<init>(95)) - 8a411a4f-0e32-4dd1-80b9-a797c2117425: new RaftServerImpl for group-E8F94CDE43C3:[8a411a4f-0e32-4dd1-80b9-a797c2117425:192.168.151.99:37125] with ContainerStateMachine:uninitialized
2019-09-26 15:08:36,471 [pool-27-thread-1] INFO  server.RaftServerConfigKeys (ConfUtils.java:logGet(43)) - raft.server.rpc.timeout.min = 5s (custom)
2019-09-26 15:08:36,471 [pool-27-thread-1] INFO  server.RaftServerConfigKeys (ConfUtils.java:logGet(43)) - raft.server.rpc.timeout.max = 5200ms (custom)
2019-09-26 15:08:36,471 [pool-27-thread-1] INFO  server.RaftServerConfigKeys (ConfUtils.java:logGet(43)) - raft.server.rpcslowness.timeout = 120s (custom)
2019-09-26 15:08:36,471 [pool-27-thread-1] INFO  server.RaftServerConfigKeys (ConfUtils.java:logGet(43)) - raft.server.sleep.deviation.threshold = 300 (default)
2019-09-26 15:08:36,472 [pool-27-thread-1] INFO  server.RaftServerConfigKeys (ConfUtils.java:logGet(43)) - raft.server.log.appender.install.snapshot.enabled = false (custom)
2019-09-26 15:08:36,472 [pool-27-thread-1] INFO  impl.RaftServerImpl (ServerState.java:<init>(103)) - 8a411a4f-0e32-4dd1-80b9-a797c2117425@group-E8F94CDE43C3: ConfigurationManager, init=-1: [8a411a4f-0e32-4dd1-80b9-a797c2117425:192.168.151.99:37125], old=null, confs=<EMPTY_MAP>
2019-09-26 15:08:36,472 [pool-27-thread-1] INFO  server.RaftServerConfigKeys (ConfUtils.java:logGet(43)) - raft.server.storage.dir = [/workdir/hadoop-ozone/integration-test/target/test-dir/MiniOzoneClusterImpl-646ad58d-3cd3-4092-ab15-506251c55e5b/datanode-0/data/ratis] (custom)
2019-09-26 15:08:36,473 [pool-27-thread-1] INFO  storage.RaftStorageDirectory (RaftStorageDirectory.java:analyzeStorage(246)) - The storage directory /workdir/hadoop-ozone/integration-test/target/test-dir/MiniOzoneClusterImpl-646ad58d-3cd3-4092-ab15-506251c55e5b/datanode-0/data/ratis/9e038a74-7bf8-411f-ac75-e8f94cde43c3 does not exist. Creating ...
2019-09-26 15:08:36,485 [pool-27-thread-1] INFO  storage.RaftStorageDirectory (RaftStorageDirectory.java:tryLock(328)) - Lock on /workdir/hadoop-ozone/integration-test/target/test-dir/MiniOzoneClusterImpl-646ad58d-3cd3-4092-ab15-506251c55e5b/datanode-0/data/ratis/9e038a74-7bf8-411f-ac75-e8f94cde43c3/in_use.lock acquired by nodename 7157@pr-hdds-1569-g6sp5-2013761785
2019-09-26 15:08:36,505 [pool-27-thread-1] INFO  storage.RaftStorage (RaftStorage.java:format(72)) - Storage directory /workdir/hadoop-ozone/integration-test/target/test-dir/MiniOzoneClusterImpl-646ad58d-3cd3-4092-ab15-506251c55e5b/datanode-0/data/ratis/9e038a74-7bf8-411f-ac75-e8f94cde43c3 has been successfully formatted.
2019-09-26 15:08:36,505 [pool-27-thread-1] INFO  ratis.ContainerStateMachine (ContainerStateMachine.java:loadSnapshot(230)) - group-E8F94CDE43C3: The snapshot info is null. Setting the last applied indexto:(t:0, i:~)
2019-09-26 15:08:36,506 [pool-27-thread-1] INFO  server.RaftServerConfigKeys (ConfUtils.java:logGet(43)) - raft.server.notification.no-leader.timeout = 120s (custom)
2019-09-26 15:08:36,506 [pool-27-thread-1] INFO  server.RaftServerConfigKeys (ConfUtils.java:logGet(43)) - raft.server.log.use.memory = false (default)
2019-09-26 15:08:36,506 [pool-27-thread-1] INFO  server.RaftServerConfigKeys (ConfUtils.java:logGet(43)) - raft.server.log.purge.gap = 1000000 (custom)
2019-09-26 15:08:36,506 [pool-27-thread-1] INFO  server.RaftServerConfigKeys (ConfUtils.java:logGet(43)) - raft.server.log.appender.buffer.byte-limit = 33554432 (custom)
2019-09-26 15:08:36,506 [pool-27-thread-1] INFO  server.RaftServerConfigKeys (ConfUtils.java:logGet(43)) - raft.server.log.segment.size.max = 1048576 (custom)
2019-09-26 15:08:36,506 [pool-27-thread-1] INFO  server.RaftServerConfigKeys (ConfUtils.java:logGet(43)) - raft.server.log.segment.cache.num.max = 2 (custom)
2019-09-26 15:08:36,506 [pool-27-thread-1] INFO  segmented.SegmentedRaftLogWorker (SegmentedRaftLogWorker.java:<init>(172)) - new 8a411a4f-0e32-4dd1-80b9-a797c2117425@group-E8F94CDE43C3-SegmentedRaftLogWorker for RaftStorage:Storage Directory /workdir/hadoop-ozone/integration-test/target/test-dir/MiniOzoneClusterImpl-646ad58d-3cd3-4092-ab15-506251c55e5b/datanode-0/data/ratis/9e038a74-7bf8-411f-ac75-e8f94cde43c3
2019-09-26 15:08:36,507 [pool-27-thread-1] INFO  server.RaftServerConfigKeys (ConfUtils.java:logGet(43)) - raft.server.log.queue.byte-limit = 2147483647 (custom)
2019-09-26 15:08:36,507 [pool-27-thread-1] INFO  server.RaftServerConfigKeys (ConfUtils.java:logGet(43)) - raft.server.log.queue.element-limit = 1024 (custom)
2019-09-26 15:08:36,507 [pool-27-thread-1] INFO  server.RaftServerConfigKeys (ConfUtils.java:logGet(43)) - raft.server.log.segment.size.max = 1048576 (custom)
2019-09-26 15:08:36,507 [pool-27-thread-1] INFO  server.RaftServerConfigKeys (ConfUtils.java:logGet(43)) - raft.server.log.preallocated.size = 16384 (custom)
2019-09-26 15:08:36,507 [pool-27-thread-1] INFO  server.RaftServerConfigKeys (ConfUtils.java:logGet(43)) - raft.server.log.write.buffer.size = 33554432 (custom)
2019-09-26 15:08:36,507 [pool-27-thread-1] INFO  server.RaftServerConfigKeys (ConfUtils.java:logGet(43)) - raft.server.log.force.sync.num = 128 (default)
2019-09-26 15:08:36,507 [pool-27-thread-1] INFO  server.RaftServerConfigKeys (ConfUtils.java:logGet(43)) - raft.server.log.statemachine.data.sync = true (default)
2019-09-26 15:08:36,507 [pool-27-thread-1] INFO  server.RaftServerConfigKeys (ConfUtils.java:logGet(43)) - raft.server.log.statemachine.data.sync.timeout = 10s (default)
2019-09-26 15:08:36,508 [pool-27-thread-1] INFO  server.RaftServerConfigKeys (ConfUtils.java:logGet(43)) - raft.server.log.statemachine.data.sync.timeout.retry = -1 (default)
2019-09-26 15:08:36,508 [pool-27-thread-1] INFO  server.RaftServerConfigKeys (ConfUtils.java:logGet(43)) - raft.server.log.statemachine.data.caching.enabled = true (custom)
2019-09-26 15:08:36,508 [pool-27-thread-1] INFO  segmented.SegmentedRaftLogWorker (SegmentedRaftLogWorker.java:lambda$new$0(132)) - 8a411a4f-0e32-4dd1-80b9-a797c2117425@group-E8F94CDE43C3-SegmentedRaftLogWorker: flushIndex: setUnconditionally 0 -> -1
2019-09-26 15:08:36,524 [pool-27-thread-1] INFO  server.RaftServerConfigKeys (ConfUtils.java:logGet(43)) - raft.server.snapshot.auto.trigger.enabled = true (custom)
2019-09-26 15:08:36,524 [pool-27-thread-1] INFO  server.RaftServerConfigKeys (ConfUtils.java:logGet(43)) - raft.server.snapshot.auto.trigger.threshold = 10000 (custom)
2019-09-26 15:08:36,525 [pool-27-thread-1] INFO  server.RaftServerConfigKeys (ConfUtils.java:logGet(43)) - raft.server.snapshot.retention.num.files = 5 (custom)
2019-09-26 15:08:36,525 [pool-27-thread-1] INFO  server.RaftServerConfigKeys (ConfUtils.java:logGet(43)) - raft.server.retrycache.expirytime = 600000ms (custom)
2019-09-26 15:08:36,527 [pool-27-thread-1] INFO  impl.RaftServerImpl (RaftServerImpl.java:start(185)) - 8a411a4f-0e32-4dd1-80b9-a797c2117425@group-E8F94CDE43C3: start as a follower, conf=-1: [8a411a4f-0e32-4dd1-80b9-a797c2117425:192.168.151.99:37125], old=null
2019-09-26 15:08:36,527 [pool-27-thread-1] INFO  impl.RaftServerImpl (RaftServerImpl.java:setRole(174)) - 8a411a4f-0e32-4dd1-80b9-a797c2117425@group-E8F94CDE43C3: changes role from      null to FOLLOWER at term 0 for startAsFollower
2019-09-26 15:08:36,527 [pool-27-thread-1] INFO  impl.RoleInfo (RoleInfo.java:updateAndGet(143)) - 8a411a4f-0e32-4dd1-80b9-a797c2117425: start FollowerState
2019-09-26 15:08:36,527 [pool-27-thread-1] INFO  util.JmxRegister (JmxRegister.java:tryRegister(44)) - Successfully registered JMX Bean with object name Ratis:service=RaftServer,group=group-E8F94CDE43C3,id=8a411a4f-0e32-4dd1-80b9-a797c2117425
2019-09-26 15:08:36,531 [RatisPipelineUtilsThread] INFO  pipeline.PipelineStateManager (PipelineStateManager.java:addPipeline(56)) - Created pipeline Pipeline[ Id: 9e038a74-7bf8-411f-ac75-e8f94cde43c3, Nodes: 8a411a4f-0e32-4dd1-80b9-a797c2117425{ip: 192.168.151.99, host: pr-hdds-1569-g6sp5-2013761785, networkLocation: /default-rack, certSerialId: null}, Type:RATIS, Factor:ONE, State:OPEN]
2019-09-26 15:08:36,535 [grpc-default-executor-1] INFO  impl.RaftServerProxy (RaftServerProxy.java:addNew(89)) - 8a411a4f-0e32-4dd1-80b9-a797c2117425: addNew group-C0E431E566D9:[8a411a4f-0e32-4dd1-80b9-a797c2117425:192.168.151.99:37125] returns group-C0E431E566D9:java.util.concurrent.CompletableFuture@7b9cc4cd[Not completed]
2019-09-26 15:08:36,536 [pool-27-thread-1] INFO  impl.RaftServerImpl (RaftServerImpl.java:<init>(95)) - 8a411a4f-0e32-4dd1-80b9-a797c2117425: new RaftServerImpl for group-C0E431E566D9:[8a411a4f-0e32-4dd1-80b9-a797c2117425:192.168.151.99:37125] with ContainerStateMachine:uninitialized
2019-09-26 15:08:36,536 [pool-27-thread-1] INFO  server.RaftServerConfigKeys (ConfUtils.java:logGet(43)) - raft.server.rpc.timeout.min = 5s (custom)
2019-09-26 15:08:36,536 [pool-27-thread-1] INFO  server.RaftServerConfigKeys (ConfUtils.java:logGet(43)) - raft.server.rpc.timeout.max = 5200ms (custom)
2019-09-26 15:08:36,536 [pool-27-thread-1] INFO  server.RaftServerConfigKeys (ConfUtils.java:logGet(43)) - raft.server.rpcslowness.timeout = 120s (custom)
2019-09-26 15:08:36,537 [pool-27-thread-1] INFO  server.RaftServerConfigKeys (ConfUtils.java:logGet(43)) - raft.server.sleep.deviation.threshold = 300 (default)
2019-09-26 15:08:36,537 [pool-27-thread-1] INFO  server.RaftServerConfigKeys (ConfUtils.java:logGet(43)) - raft.server.log.appender.install.snapshot.enabled = false (custom)
2019-09-26 15:08:36,537 [pool-27-thread-1] INFO  impl.RaftServerImpl (ServerState.java:<init>(103)) - 8a411a4f-0e32-4dd1-80b9-a797c2117425@group-C0E431E566D9: ConfigurationManager, init=-1: [8a411a4f-0e32-4dd1-80b9-a797c2117425:192.168.151.99:37125], old=null, confs=<EMPTY_MAP>
2019-09-26 15:08:36,537 [pool-27-thread-1] INFO  server.RaftServerConfigKeys (ConfUtils.java:logGet(43)) - raft.server.storage.dir = [/workdir/hadoop-ozone/integration-test/target/test-dir/MiniOzoneClusterImpl-646ad58d-3cd3-4092-ab15-506251c55e5b/datanode-0/data/ratis] (custom)
2019-09-26 15:08:36,538 [pool-27-thread-1] INFO  storage.RaftStorageDirectory (RaftStorageDirectory.java:analyzeStorage(246)) - The storage directory /workdir/hadoop-ozone/integration-test/target/test-dir/MiniOzoneClusterImpl-646ad58d-3cd3-4092-ab15-506251c55e5b/datanode-0/data/ratis/2be17b60-2830-4cd2-a75d-c0e431e566d9 does not exist. Creating ...
2019-09-26 15:08:36,551 [pool-27-thread-1] INFO  storage.RaftStorageDirectory (RaftStorageDirectory.java:tryLock(328)) - Lock on /workdir/hadoop-ozone/integration-test/target/test-dir/MiniOzoneClusterImpl-646ad58d-3cd3-4092-ab15-506251c55e5b/datanode-0/data/ratis/2be17b60-2830-4cd2-a75d-c0e431e566d9/in_use.lock acquired by nodename 7157@pr-hdds-1569-g6sp5-2013761785
2019-09-26 15:08:36,564 [pool-27-thread-1] INFO  storage.RaftStorage (RaftStorage.java:format(72)) - Storage directory /workdir/hadoop-ozone/integration-test/target/test-dir/MiniOzoneClusterImpl-646ad58d-3cd3-4092-ab15-506251c55e5b/datanode-0/data/ratis/2be17b60-2830-4cd2-a75d-c0e431e566d9 has been successfully formatted.
2019-09-26 15:08:36,564 [pool-27-thread-1] INFO  ratis.ContainerStateMachine (ContainerStateMachine.java:loadSnapshot(230)) - group-C0E431E566D9: The snapshot info is null. Setting the last applied indexto:(t:0, i:~)
2019-09-26 15:08:36,564 [pool-27-thread-1] INFO  server.RaftServerConfigKeys (ConfUtils.java:logGet(43)) - raft.server.notification.no-leader.timeout = 120s (custom)
2019-09-26 15:08:36,564 [pool-27-thread-1] INFO  server.RaftServerConfigKeys (ConfUtils.java:logGet(43)) - raft.server.log.use.memory = false (default)
2019-09-26 15:08:36,564 [pool-27-thread-1] INFO  server.RaftServerConfigKeys (ConfUtils.java:logGet(43)) - raft.server.log.purge.gap = 1000000 (custom)
2019-09-26 15:08:36,565 [pool-27-thread-1] INFO  server.RaftServerConfigKeys (ConfUtils.java:logGet(43)) - raft.server.log.appender.buffer.byte-limit = 33554432 (custom)
2019-09-26 15:08:36,565 [pool-27-thread-1] INFO  server.RaftServerConfigKeys (ConfUtils.java:logGet(43)) - raft.server.log.segment.size.max = 1048576 (custom)
2019-09-26 15:08:36,565 [pool-27-thread-1] INFO  server.RaftServerConfigKeys (ConfUtils.java:logGet(43)) - raft.server.log.segment.cache.num.max = 2 (custom)
2019-09-26 15:08:36,565 [pool-27-thread-1] INFO  segmented.SegmentedRaftLogWorker (SegmentedRaftLogWorker.java:<init>(172)) - new 8a411a4f-0e32-4dd1-80b9-a797c2117425@group-C0E431E566D9-SegmentedRaftLogWorker for RaftStorage:Storage Directory /workdir/hadoop-ozone/integration-test/target/test-dir/MiniOzoneClusterImpl-646ad58d-3cd3-4092-ab15-506251c55e5b/datanode-0/data/ratis/2be17b60-2830-4cd2-a75d-c0e431e566d9
2019-09-26 15:08:36,565 [pool-27-thread-1] INFO  server.RaftServerConfigKeys (ConfUtils.java:logGet(43)) - raft.server.log.queue.byte-limit = 2147483647 (custom)
2019-09-26 15:08:36,565 [pool-27-thread-1] INFO  server.RaftServerConfigKeys (ConfUtils.java:logGet(43)) - raft.server.log.queue.element-limit = 1024 (custom)
2019-09-26 15:08:36,565 [pool-27-thread-1] INFO  server.RaftServerConfigKeys (ConfUtils.java:logGet(43)) - raft.server.log.segment.size.max = 1048576 (custom)
2019-09-26 15:08:36,565 [pool-27-thread-1] INFO  server.RaftServerConfigKeys (ConfUtils.java:logGet(43)) - raft.server.log.preallocated.size = 16384 (custom)
2019-09-26 15:08:36,566 [pool-27-thread-1] INFO  server.RaftServerConfigKeys (ConfUtils.java:logGet(43)) - raft.server.log.write.buffer.size = 33554432 (custom)
2019-09-26 15:08:36,566 [pool-27-thread-1] INFO  server.RaftServerConfigKeys (ConfUtils.java:logGet(43)) - raft.server.log.force.sync.num = 128 (default)
2019-09-26 15:08:36,566 [pool-27-thread-1] INFO  server.RaftServerConfigKeys (ConfUtils.java:logGet(43)) - raft.server.log.statemachine.data.sync = true (default)
2019-09-26 15:08:36,566 [pool-27-thread-1] INFO  server.RaftServerConfigKeys (ConfUtils.java:logGet(43)) - raft.server.log.statemachine.data.sync.timeout = 10s (default)
2019-09-26 15:08:36,566 [pool-27-thread-1] INFO  server.RaftServerConfigKeys (ConfUtils.java:logGet(43)) - raft.server.log.statemachine.data.sync.timeout.retry = -1 (default)
2019-09-26 15:08:36,566 [pool-27-thread-1] INFO  server.RaftServerConfigKeys (ConfUtils.java:logGet(43)) - raft.server.log.statemachine.data.caching.enabled = true (custom)
2019-09-26 15:08:36,567 [pool-27-thread-1] INFO  segmented.SegmentedRaftLogWorker (SegmentedRaftLogWorker.java:lambda$new$0(132)) - 8a411a4f-0e32-4dd1-80b9-a797c2117425@group-C0E431E566D9-SegmentedRaftLogWorker: flushIndex: setUnconditionally 0 -> -1
2019-09-26 15:08:36,567 [pool-27-thread-1] INFO  server.RaftServerConfigKeys (ConfUtils.java:logGet(43)) - raft.server.snapshot.auto.trigger.enabled = true (custom)
2019-09-26 15:08:36,567 [pool-27-thread-1] INFO  server.RaftServerConfigKeys (ConfUtils.java:logGet(43)) - raft.server.snapshot.auto.trigger.threshold = 10000 (custom)
2019-09-26 15:08:36,567 [pool-27-thread-1] INFO  server.RaftServerConfigKeys (ConfUtils.java:logGet(43)) - raft.server.snapshot.retention.num.files = 5 (custom)
2019-09-26 15:08:36,567 [pool-27-thread-1] INFO  server.RaftServerConfigKeys (ConfUtils.java:logGet(43)) - raft.server.retrycache.expirytime = 600000ms (custom)
2019-09-26 15:08:36,569 [pool-27-thread-1] INFO  impl.RaftServerImpl (RaftServerImpl.java:start(185)) - 8a411a4f-0e32-4dd1-80b9-a797c2117425@group-C0E431E566D9: start as a follower, conf=-1: [8a411a4f-0e32-4dd1-80b9-a797c2117425:192.168.151.99:37125], old=null
2019-09-26 15:08:36,569 [pool-27-thread-1] INFO  impl.RaftServerImpl (RaftServerImpl.java:setRole(174)) - 8a411a4f-0e32-4dd1-80b9-a797c2117425@group-C0E431E566D9: changes role from      null to FOLLOWER at term 0 for startAsFollower
2019-09-26 15:08:36,569 [pool-27-thread-1] INFO  impl.RoleInfo (RoleInfo.java:updateAndGet(143)) - 8a411a4f-0e32-4dd1-80b9-a797c2117425: start FollowerState
2019-09-26 15:08:36,570 [pool-27-thread-1] INFO  util.JmxRegister (JmxRegister.java:tryRegister(44)) - Successfully registered JMX Bean with object name Ratis:service=RaftServer,group=group-C0E431E566D9,id=8a411a4f-0e32-4dd1-80b9-a797c2117425
2019-09-26 15:08:36,573 [RatisPipelineUtilsThread] INFO  pipeline.PipelineStateManager (PipelineStateManager.java:addPipeline(56)) - Created pipeline Pipeline[ Id: 2be17b60-2830-4cd2-a75d-c0e431e566d9, Nodes: 8a411a4f-0e32-4dd1-80b9-a797c2117425{ip: 192.168.151.99, host: pr-hdds-1569-g6sp5-2013761785, networkLocation: /default-rack, certSerialId: null}, Type:RATIS, Factor:ONE, State:OPEN]
2019-09-26 15:08:36,579 [grpc-default-executor-1] INFO  impl.RaftServerProxy (RaftServerProxy.java:addNew(89)) - 8a411a4f-0e32-4dd1-80b9-a797c2117425: addNew group-3C71898FAFED:[8a411a4f-0e32-4dd1-80b9-a797c2117425:192.168.151.99:37125] returns group-3C71898FAFED:java.util.concurrent.CompletableFuture@1d95072f[Not completed]
2019-09-26 15:08:36,580 [pool-27-thread-1] INFO  impl.RaftServerImpl (RaftServerImpl.java:<init>(95)) - 8a411a4f-0e32-4dd1-80b9-a797c2117425: new RaftServerImpl for group-3C71898FAFED:[8a411a4f-0e32-4dd1-80b9-a797c2117425:192.168.151.99:37125] with ContainerStateMachine:uninitialized
2019-09-26 15:08:36,580 [pool-27-thread-1] INFO  server.RaftServerConfigKeys (ConfUtils.java:logGet(43)) - raft.server.rpc.timeout.min = 5s (custom)
2019-09-26 15:08:36,580 [pool-27-thread-1] INFO  server.RaftServerConfigKeys (ConfUtils.java:logGet(43)) - raft.server.rpc.timeout.max = 5200ms (custom)
2019-09-26 15:08:36,580 [pool-27-thread-1] INFO  server.RaftServerConfigKeys (ConfUtils.java:logGet(43)) - raft.server.rpcslowness.timeout = 120s (custom)
2019-09-26 15:08:36,580 [pool-27-thread-1] INFO  server.RaftServerConfigKeys (ConfUtils.java:logGet(43)) - raft.server.sleep.deviation.threshold = 300 (default)
2019-09-26 15:08:36,580 [pool-27-thread-1] INFO  server.RaftServerConfigKeys (ConfUtils.java:logGet(43)) - raft.server.log.appender.install.snapshot.enabled = false (custom)
2019-09-26 15:08:36,581 [pool-27-thread-1] INFO  impl.RaftServerImpl (ServerState.java:<init>(103)) - 8a411a4f-0e32-4dd1-80b9-a797c2117425@group-3C71898FAFED: ConfigurationManager, init=-1: [8a411a4f-0e32-4dd1-80b9-a797c2117425:192.168.151.99:37125], old=null, confs=<EMPTY_MAP>
2019-09-26 15:08:36,581 [pool-27-thread-1] INFO  server.RaftServerConfigKeys (ConfUtils.java:logGet(43)) - raft.server.storage.dir = [/workdir/hadoop-ozone/integration-test/target/test-dir/MiniOzoneClusterImpl-646ad58d-3cd3-4092-ab15-506251c55e5b/datanode-0/data/ratis] (custom)
2019-09-26 15:08:36,582 [pool-27-thread-1] INFO  storage.RaftStorageDirectory (RaftStorageDirectory.java:analyzeStorage(246)) - The storage directory /workdir/hadoop-ozone/integration-test/target/test-dir/MiniOzoneClusterImpl-646ad58d-3cd3-4092-ab15-506251c55e5b/datanode-0/data/ratis/89cecb3d-d4d5-49a3-92bc-3c71898fafed does not exist. Creating ...
2019-09-26 15:08:36,604 [pool-27-thread-1] INFO  storage.RaftStorageDirectory (RaftStorageDirectory.java:tryLock(328)) - Lock on /workdir/hadoop-ozone/integration-test/target/test-dir/MiniOzoneClusterImpl-646ad58d-3cd3-4092-ab15-506251c55e5b/datanode-0/data/ratis/89cecb3d-d4d5-49a3-92bc-3c71898fafed/in_use.lock acquired by nodename 7157@pr-hdds-1569-g6sp5-2013761785
2019-09-26 15:08:36,617 [pool-27-thread-1] INFO  storage.RaftStorage (RaftStorage.java:format(72)) - Storage directory /workdir/hadoop-ozone/integration-test/target/test-dir/MiniOzoneClusterImpl-646ad58d-3cd3-4092-ab15-506251c55e5b/datanode-0/data/ratis/89cecb3d-d4d5-49a3-92bc-3c71898fafed has been successfully formatted.
2019-09-26 15:08:36,618 [pool-27-thread-1] INFO  ratis.ContainerStateMachine (ContainerStateMachine.java:loadSnapshot(230)) - group-3C71898FAFED: The snapshot info is null. Setting the last applied indexto:(t:0, i:~)
2019-09-26 15:08:36,618 [pool-27-thread-1] INFO  server.RaftServerConfigKeys (ConfUtils.java:logGet(43)) - raft.server.notification.no-leader.timeout = 120s (custom)
2019-09-26 15:08:36,618 [pool-27-thread-1] INFO  server.RaftServerConfigKeys (ConfUtils.java:logGet(43)) - raft.server.log.use.memory = false (default)
2019-09-26 15:08:36,618 [pool-27-thread-1] INFO  server.RaftServerConfigKeys (ConfUtils.java:logGet(43)) - raft.server.log.purge.gap = 1000000 (custom)
2019-09-26 15:08:36,618 [pool-27-thread-1] INFO  server.RaftServerConfigKeys (ConfUtils.java:logGet(43)) - raft.server.log.appender.buffer.byte-limit = 33554432 (custom)
2019-09-26 15:08:36,619 [pool-27-thread-1] INFO  server.RaftServerConfigKeys (ConfUtils.java:logGet(43)) - raft.server.log.segment.size.max = 1048576 (custom)
2019-09-26 15:08:36,619 [pool-27-thread-1] INFO  server.RaftServerConfigKeys (ConfUtils.java:logGet(43)) - raft.server.log.segment.cache.num.max = 2 (custom)
2019-09-26 15:08:36,619 [pool-27-thread-1] INFO  segmented.SegmentedRaftLogWorker (SegmentedRaftLogWorker.java:<init>(172)) - new 8a411a4f-0e32-4dd1-80b9-a797c2117425@group-3C71898FAFED-SegmentedRaftLogWorker for RaftStorage:Storage Directory /workdir/hadoop-ozone/integration-test/target/test-dir/MiniOzoneClusterImpl-646ad58d-3cd3-4092-ab15-506251c55e5b/datanode-0/data/ratis/89cecb3d-d4d5-49a3-92bc-3c71898fafed
2019-09-26 15:08:36,619 [pool-27-thread-1] INFO  server.RaftServerConfigKeys (ConfUtils.java:logGet(43)) - raft.server.log.queue.byte-limit = 2147483647 (custom)
2019-09-26 15:08:36,619 [pool-27-thread-1] INFO  server.RaftServerConfigKeys (ConfUtils.java:logGet(43)) - raft.server.log.queue.element-limit = 1024 (custom)
2019-09-26 15:08:36,619 [pool-27-thread-1] INFO  server.RaftServerConfigKeys (ConfUtils.java:logGet(43)) - raft.server.log.segment.size.max = 1048576 (custom)
2019-09-26 15:08:36,620 [pool-27-thread-1] INFO  server.RaftServerConfigKeys (ConfUtils.java:logGet(43)) - raft.server.log.preallocated.size = 16384 (custom)
2019-09-26 15:08:36,620 [pool-27-thread-1] INFO  server.RaftServerConfigKeys (ConfUtils.java:logGet(43)) - raft.server.log.write.buffer.size = 33554432 (custom)
2019-09-26 15:08:36,620 [pool-27-thread-1] INFO  server.RaftServerConfigKeys (ConfUtils.java:logGet(43)) - raft.server.log.force.sync.num = 128 (default)
2019-09-26 15:08:36,620 [pool-27-thread-1] INFO  server.RaftServerConfigKeys (ConfUtils.java:logGet(43)) - raft.server.log.statemachine.data.sync = true (default)
2019-09-26 15:08:36,620 [pool-27-thread-1] INFO  server.RaftServerConfigKeys (ConfUtils.java:logGet(43)) - raft.server.log.statemachine.data.sync.timeout = 10s (default)
2019-09-26 15:08:36,620 [pool-27-thread-1] INFO  server.RaftServerConfigKeys (ConfUtils.java:logGet(43)) - raft.server.log.statemachine.data.sync.timeout.retry = -1 (default)
2019-09-26 15:08:36,621 [pool-27-thread-1] INFO  server.RaftServerConfigKeys (ConfUtils.java:logGet(43)) - raft.server.log.statemachine.data.caching.enabled = true (custom)
2019-09-26 15:08:36,621 [pool-27-thread-1] INFO  segmented.SegmentedRaftLogWorker (SegmentedRaftLogWorker.java:lambda$new$0(132)) - 8a411a4f-0e32-4dd1-80b9-a797c2117425@group-3C71898FAFED-SegmentedRaftLogWorker: flushIndex: setUnconditionally 0 -> -1
2019-09-26 15:08:36,621 [pool-27-thread-1] INFO  server.RaftServerConfigKeys (ConfUtils.java:logGet(43)) - raft.server.snapshot.auto.trigger.enabled = true (custom)
2019-09-26 15:08:36,621 [pool-27-thread-1] INFO  server.RaftServerConfigKeys (ConfUtils.java:logGet(43)) - raft.server.snapshot.auto.trigger.threshold = 10000 (custom)
2019-09-26 15:08:36,621 [pool-27-thread-1] INFO  server.RaftServerConfigKeys (ConfUtils.java:logGet(43)) - raft.server.snapshot.retention.num.files = 5 (custom)
2019-09-26 15:08:36,622 [pool-27-thread-1] INFO  server.RaftServerConfigKeys (ConfUtils.java:logGet(43)) - raft.server.retrycache.expirytime = 600000ms (custom)
2019-09-26 15:08:36,623 [pool-27-thread-1] INFO  impl.RaftServerImpl (RaftServerImpl.java:start(185)) - 8a411a4f-0e32-4dd1-80b9-a797c2117425@group-3C71898FAFED: start as a follower, conf=-1: [8a411a4f-0e32-4dd1-80b9-a797c2117425:192.168.151.99:37125], old=null
2019-09-26 15:08:36,624 [pool-27-thread-1] INFO  impl.RaftServerImpl (RaftServerImpl.java:setRole(174)) - 8a411a4f-0e32-4dd1-80b9-a797c2117425@group-3C71898FAFED: changes role from      null to FOLLOWER at term 0 for startAsFollower
2019-09-26 15:08:36,624 [pool-27-thread-1] INFO  impl.RoleInfo (RoleInfo.java:updateAndGet(143)) - 8a411a4f-0e32-4dd1-80b9-a797c2117425: start FollowerState
2019-09-26 15:08:36,624 [pool-27-thread-1] INFO  util.JmxRegister (JmxRegister.java:tryRegister(44)) - Successfully registered JMX Bean with object name Ratis:service=RaftServer,group=group-3C71898FAFED,id=8a411a4f-0e32-4dd1-80b9-a797c2117425
2019-09-26 15:08:36,627 [RatisPipelineUtilsThread] INFO  pipeline.PipelineStateManager (PipelineStateManager.java:addPipeline(56)) - Created pipeline Pipeline[ Id: 89cecb3d-d4d5-49a3-92bc-3c71898fafed, Nodes: 8a411a4f-0e32-4dd1-80b9-a797c2117425{ip: 192.168.151.99, host: pr-hdds-1569-g6sp5-2013761785, networkLocation: /default-rack, certSerialId: null}, Type:RATIS, Factor:ONE, State:OPEN]
2019-09-26 15:08:36,631 [grpc-default-executor-1] INFO  impl.RaftServerProxy (RaftServerProxy.java:addNew(89)) - 8a411a4f-0e32-4dd1-80b9-a797c2117425: addNew group-69E0C5198CB5:[8a411a4f-0e32-4dd1-80b9-a797c2117425:192.168.151.99:37125] returns group-69E0C5198CB5:java.util.concurrent.CompletableFuture@5ab5209e[Not completed]
2019-09-26 15:08:36,632 [pool-27-thread-1] INFO  impl.RaftServerImpl (RaftServerImpl.java:<init>(95)) - 8a411a4f-0e32-4dd1-80b9-a797c2117425: new RaftServerImpl for group-69E0C5198CB5:[8a411a4f-0e32-4dd1-80b9-a797c2117425:192.168.151.99:37125] with ContainerStateMachine:uninitialized
2019-09-26 15:08:36,632 [pool-27-thread-1] INFO  server.RaftServerConfigKeys (ConfUtils.java:logGet(43)) - raft.server.rpc.timeout.min = 5s (custom)
2019-09-26 15:08:36,633 [pool-27-thread-1] INFO  server.RaftServerConfigKeys (ConfUtils.java:logGet(43)) - raft.server.rpc.timeout.max = 5200ms (custom)
2019-09-26 15:08:36,633 [pool-27-thread-1] INFO  server.RaftServerConfigKeys (ConfUtils.java:logGet(43)) - raft.server.rpcslowness.timeout = 120s (custom)
2019-09-26 15:08:36,633 [pool-27-thread-1] INFO  server.RaftServerConfigKeys (ConfUtils.java:logGet(43)) - raft.server.sleep.deviation.threshold = 300 (default)
2019-09-26 15:08:36,633 [pool-27-thread-1] INFO  server.RaftServerConfigKeys (ConfUtils.java:logGet(43)) - raft.server.log.appender.install.snapshot.enabled = false (custom)
2019-09-26 15:08:36,633 [pool-27-thread-1] INFO  impl.RaftServerImpl (ServerState.java:<init>(103)) - 8a411a4f-0e32-4dd1-80b9-a797c2117425@group-69E0C5198CB5: ConfigurationManager, init=-1: [8a411a4f-0e32-4dd1-80b9-a797c2117425:192.168.151.99:37125], old=null, confs=<EMPTY_MAP>
2019-09-26 15:08:36,633 [pool-27-thread-1] INFO  server.RaftServerConfigKeys (ConfUtils.java:logGet(43)) - raft.server.storage.dir = [/workdir/hadoop-ozone/integration-test/target/test-dir/MiniOzoneClusterImpl-646ad58d-3cd3-4092-ab15-506251c55e5b/datanode-0/data/ratis] (custom)
2019-09-26 15:08:36,634 [pool-27-thread-1] INFO  storage.RaftStorageDirectory (RaftStorageDirectory.java:analyzeStorage(246)) - The storage directory /workdir/hadoop-ozone/integration-test/target/test-dir/MiniOzoneClusterImpl-646ad58d-3cd3-4092-ab15-506251c55e5b/datanode-0/data/ratis/064f947c-3759-4620-a1f9-69e0c5198cb5 does not exist. Creating ...
2019-09-26 15:08:36,647 [pool-27-thread-1] INFO  storage.RaftStorageDirectory (RaftStorageDirectory.java:tryLock(328)) - Lock on /workdir/hadoop-ozone/integration-test/target/test-dir/MiniOzoneClusterImpl-646ad58d-3cd3-4092-ab15-506251c55e5b/datanode-0/data/ratis/064f947c-3759-4620-a1f9-69e0c5198cb5/in_use.lock acquired by nodename 7157@pr-hdds-1569-g6sp5-2013761785
2019-09-26 15:08:36,660 [pool-27-thread-1] INFO  storage.RaftStorage (RaftStorage.java:format(72)) - Storage directory /workdir/hadoop-ozone/integration-test/target/test-dir/MiniOzoneClusterImpl-646ad58d-3cd3-4092-ab15-506251c55e5b/datanode-0/data/ratis/064f947c-3759-4620-a1f9-69e0c5198cb5 has been successfully formatted.
2019-09-26 15:08:36,660 [pool-27-thread-1] INFO  ratis.ContainerStateMachine (ContainerStateMachine.java:loadSnapshot(230)) - group-69E0C5198CB5: The snapshot info is null. Setting the last applied indexto:(t:0, i:~)
2019-09-26 15:08:36,660 [pool-27-thread-1] INFO  server.RaftServerConfigKeys (ConfUtils.java:logGet(43)) - raft.server.notification.no-leader.timeout = 120s (custom)
2019-09-26 15:08:36,660 [pool-27-thread-1] INFO  server.RaftServerConfigKeys (ConfUtils.java:logGet(43)) - raft.server.log.use.memory = false (default)
2019-09-26 15:08:36,660 [pool-27-thread-1] INFO  server.RaftServerConfigKeys (ConfUtils.java:logGet(43)) - raft.server.log.purge.gap = 1000000 (custom)
2019-09-26 15:08:36,661 [pool-27-thread-1] INFO  server.RaftServerConfigKeys (ConfUtils.java:logGet(43)) - raft.server.log.appender.buffer.byte-limit = 33554432 (custom)
2019-09-26 15:08:36,661 [pool-27-thread-1] INFO  server.RaftServerConfigKeys (ConfUtils.java:logGet(43)) - raft.server.log.segment.size.max = 1048576 (custom)
2019-09-26 15:08:36,661 [pool-27-thread-1] INFO  server.RaftServerConfigKeys (ConfUtils.java:logGet(43)) - raft.server.log.segment.cache.num.max = 2 (custom)
2019-09-26 15:08:36,661 [pool-27-thread-1] INFO  segmented.SegmentedRaftLogWorker (SegmentedRaftLogWorker.java:<init>(172)) - new 8a411a4f-0e32-4dd1-80b9-a797c2117425@group-69E0C5198CB5-SegmentedRaftLogWorker for RaftStorage:Storage Directory /workdir/hadoop-ozone/integration-test/target/test-dir/MiniOzoneClusterImpl-646ad58d-3cd3-4092-ab15-506251c55e5b/datanode-0/data/ratis/064f947c-3759-4620-a1f9-69e0c5198cb5
2019-09-26 15:08:36,661 [pool-27-thread-1] INFO  server.RaftServerConfigKeys (ConfUtils.java:logGet(43)) - raft.server.log.queue.byte-limit = 2147483647 (custom)
2019-09-26 15:08:36,661 [pool-27-thread-1] INFO  server.RaftServerConfigKeys (ConfUtils.java:logGet(43)) - raft.server.log.queue.element-limit = 1024 (custom)
2019-09-26 15:08:36,662 [pool-27-thread-1] INFO  server.RaftServerConfigKeys (ConfUtils.java:logGet(43)) - raft.server.log.segment.size.max = 1048576 (custom)
2019-09-26 15:08:36,662 [pool-27-thread-1] INFO  server.RaftServerConfigKeys (ConfUtils.java:logGet(43)) - raft.server.log.preallocated.size = 16384 (custom)
2019-09-26 15:08:36,662 [pool-27-thread-1] INFO  server.RaftServerConfigKeys (ConfUtils.java:logGet(43)) - raft.server.log.write.buffer.size = 33554432 (custom)
2019-09-26 15:08:36,662 [pool-27-thread-1] INFO  server.RaftServerConfigKeys (ConfUtils.java:logGet(43)) - raft.server.log.force.sync.num = 128 (default)
2019-09-26 15:08:36,662 [pool-27-thread-1] INFO  server.RaftServerConfigKeys (ConfUtils.java:logGet(43)) - raft.server.log.statemachine.data.sync = true (default)
2019-09-26 15:08:36,662 [pool-27-thread-1] INFO  server.RaftServerConfigKeys (ConfUtils.java:logGet(43)) - raft.server.log.statemachine.data.sync.timeout = 10s (default)
2019-09-26 15:08:36,662 [pool-27-thread-1] INFO  server.RaftServerConfigKeys (ConfUtils.java:logGet(43)) - raft.server.log.statemachine.data.sync.timeout.retry = -1 (default)
2019-09-26 15:08:36,663 [pool-27-thread-1] INFO  server.RaftServerConfigKeys (ConfUtils.java:logGet(43)) - raft.server.log.statemachine.data.caching.enabled = true (custom)
2019-09-26 15:08:36,663 [pool-27-thread-1] INFO  segmented.SegmentedRaftLogWorker (SegmentedRaftLogWorker.java:lambda$new$0(132)) - 8a411a4f-0e32-4dd1-80b9-a797c2117425@group-69E0C5198CB5-SegmentedRaftLogWorker: flushIndex: setUnconditionally 0 -> -1
2019-09-26 15:08:36,663 [pool-27-thread-1] INFO  server.RaftServerConfigKeys (ConfUtils.java:logGet(43)) - raft.server.snapshot.auto.trigger.enabled = true (custom)
2019-09-26 15:08:36,663 [pool-27-thread-1] INFO  server.RaftServerConfigKeys (ConfUtils.java:logGet(43)) - raft.server.snapshot.auto.trigger.threshold = 10000 (custom)
2019-09-26 15:08:36,664 [pool-27-thread-1] INFO  server.RaftServerConfigKeys (ConfUtils.java:logGet(43)) - raft.server.snapshot.retention.num.files = 5 (custom)
2019-09-26 15:08:36,664 [pool-27-thread-1] INFO  server.RaftServerConfigKeys (ConfUtils.java:logGet(43)) - raft.server.retrycache.expirytime = 600000ms (custom)
2019-09-26 15:08:36,665 [pool-27-thread-1] INFO  impl.RaftServerImpl (RaftServerImpl.java:start(185)) - 8a411a4f-0e32-4dd1-80b9-a797c2117425@group-69E0C5198CB5: start as a follower, conf=-1: [8a411a4f-0e32-4dd1-80b9-a797c2117425:192.168.151.99:37125], old=null
2019-09-26 15:08:36,666 [pool-27-thread-1] INFO  impl.RaftServerImpl (RaftServerImpl.java:setRole(174)) - 8a411a4f-0e32-4dd1-80b9-a797c2117425@group-69E0C5198CB5: changes role from      null to FOLLOWER at term 0 for startAsFollower
2019-09-26 15:08:36,666 [pool-27-thread-1] INFO  impl.RoleInfo (RoleInfo.java:updateAndGet(143)) - 8a411a4f-0e32-4dd1-80b9-a797c2117425: start FollowerState
2019-09-26 15:08:36,666 [pool-27-thread-1] INFO  util.JmxRegister (JmxRegister.java:tryRegister(44)) - Successfully registered JMX Bean with object name Ratis:service=RaftServer,group=group-69E0C5198CB5,id=8a411a4f-0e32-4dd1-80b9-a797c2117425
2019-09-26 15:08:36,670 [RatisPipelineUtilsThread] INFO  pipeline.PipelineStateManager (PipelineStateManager.java:addPipeline(56)) - Created pipeline Pipeline[ Id: 064f947c-3759-4620-a1f9-69e0c5198cb5, Nodes: 8a411a4f-0e32-4dd1-80b9-a797c2117425{ip: 192.168.151.99, host: pr-hdds-1569-g6sp5-2013761785, networkLocation: /default-rack, certSerialId: null}, Type:RATIS, Factor:ONE, State:OPEN]
2019-09-26 15:08:36,675 [grpc-default-executor-1] INFO  impl.RaftServerProxy (RaftServerProxy.java:addNew(89)) - 8a411a4f-0e32-4dd1-80b9-a797c2117425: addNew group-F516CA13D34C:[8a411a4f-0e32-4dd1-80b9-a797c2117425:192.168.151.99:37125] returns group-F516CA13D34C:java.util.concurrent.CompletableFuture@6d8311a1[Not completed]
2019-09-26 15:08:36,676 [pool-27-thread-1] INFO  impl.RaftServerImpl (RaftServerImpl.java:<init>(95)) - 8a411a4f-0e32-4dd1-80b9-a797c2117425: new RaftServerImpl for group-F516CA13D34C:[8a411a4f-0e32-4dd1-80b9-a797c2117425:192.168.151.99:37125] with ContainerStateMachine:uninitialized
2019-09-26 15:08:36,676 [pool-27-thread-1] INFO  server.RaftServerConfigKeys (ConfUtils.java:logGet(43)) - raft.server.rpc.timeout.min = 5s (custom)
2019-09-26 15:08:36,677 [pool-27-thread-1] INFO  server.RaftServerConfigKeys (ConfUtils.java:logGet(43)) - raft.server.rpc.timeout.max = 5200ms (custom)
2019-09-26 15:08:36,677 [pool-27-thread-1] INFO  server.RaftServerConfigKeys (ConfUtils.java:logGet(43)) - raft.server.rpcslowness.timeout = 120s (custom)
2019-09-26 15:08:36,677 [pool-27-thread-1] INFO  server.RaftServerConfigKeys (ConfUtils.java:logGet(43)) - raft.server.sleep.deviation.threshold = 300 (default)
2019-09-26 15:08:36,677 [pool-27-thread-1] INFO  server.RaftServerConfigKeys (ConfUtils.java:logGet(43)) - raft.server.log.appender.install.snapshot.enabled = false (custom)
2019-09-26 15:08:36,677 [pool-27-thread-1] INFO  impl.RaftServerImpl (ServerState.java:<init>(103)) - 8a411a4f-0e32-4dd1-80b9-a797c2117425@group-F516CA13D34C: ConfigurationManager, init=-1: [8a411a4f-0e32-4dd1-80b9-a797c2117425:192.168.151.99:37125], old=null, confs=<EMPTY_MAP>
2019-09-26 15:08:36,677 [pool-27-thread-1] INFO  server.RaftServerConfigKeys (ConfUtils.java:logGet(43)) - raft.server.storage.dir = [/workdir/hadoop-ozone/integration-test/target/test-dir/MiniOzoneClusterImpl-646ad58d-3cd3-4092-ab15-506251c55e5b/datanode-0/data/ratis] (custom)
2019-09-26 15:08:36,678 [pool-27-thread-1] INFO  storage.RaftStorageDirectory (RaftStorageDirectory.java:analyzeStorage(246)) - The storage directory /workdir/hadoop-ozone/integration-test/target/test-dir/MiniOzoneClusterImpl-646ad58d-3cd3-4092-ab15-506251c55e5b/datanode-0/data/ratis/f5dd6c33-6ca3-4da3-9d70-f516ca13d34c does not exist. Creating ...
2019-09-26 15:08:36,691 [pool-27-thread-1] INFO  storage.RaftStorageDirectory (RaftStorageDirectory.java:tryLock(328)) - Lock on /workdir/hadoop-ozone/integration-test/target/test-dir/MiniOzoneClusterImpl-646ad58d-3cd3-4092-ab15-506251c55e5b/datanode-0/data/ratis/f5dd6c33-6ca3-4da3-9d70-f516ca13d34c/in_use.lock acquired by nodename 7157@pr-hdds-1569-g6sp5-2013761785
2019-09-26 15:08:36,694 [pool-27-thread-1] INFO  storage.RaftStorage (RaftStorage.java:format(72)) - Storage directory /workdir/hadoop-ozone/integration-test/target/test-dir/MiniOzoneClusterImpl-646ad58d-3cd3-4092-ab15-506251c55e5b/datanode-0/data/ratis/f5dd6c33-6ca3-4da3-9d70-f516ca13d34c has been successfully formatted.
2019-09-26 15:08:36,694 [pool-27-thread-1] INFO  ratis.ContainerStateMachine (ContainerStateMachine.java:loadSnapshot(230)) - group-F516CA13D34C: The snapshot info is null. Setting the last applied indexto:(t:0, i:~)
2019-09-26 15:08:36,695 [pool-27-thread-1] INFO  server.RaftServerConfigKeys (ConfUtils.java:logGet(43)) - raft.server.notification.no-leader.timeout = 120s (custom)
2019-09-26 15:08:36,695 [pool-27-thread-1] INFO  server.RaftServerConfigKeys (ConfUtils.java:logGet(43)) - raft.server.log.use.memory = false (default)
2019-09-26 15:08:36,695 [pool-27-thread-1] INFO  server.RaftServerConfigKeys (ConfUtils.java:logGet(43)) - raft.server.log.purge.gap = 1000000 (custom)
2019-09-26 15:08:36,695 [pool-27-thread-1] INFO  server.RaftServerConfigKeys (ConfUtils.java:logGet(43)) - raft.server.log.appender.buffer.byte-limit = 33554432 (custom)
2019-09-26 15:08:36,695 [pool-27-thread-1] INFO  server.RaftServerConfigKeys (ConfUtils.java:logGet(43)) - raft.server.log.segment.size.max = 1048576 (custom)
2019-09-26 15:08:36,695 [pool-27-thread-1] INFO  server.RaftServerConfigKeys (ConfUtils.java:logGet(43)) - raft.server.log.segment.cache.num.max = 2 (custom)
2019-09-26 15:08:36,695 [pool-27-thread-1] INFO  segmented.SegmentedRaftLogWorker (SegmentedRaftLogWorker.java:<init>(172)) - new 8a411a4f-0e32-4dd1-80b9-a797c2117425@group-F516CA13D34C-SegmentedRaftLogWorker for RaftStorage:Storage Directory /workdir/hadoop-ozone/integration-test/target/test-dir/MiniOzoneClusterImpl-646ad58d-3cd3-4092-ab15-506251c55e5b/datanode-0/data/ratis/f5dd6c33-6ca3-4da3-9d70-f516ca13d34c
2019-09-26 15:08:36,695 [pool-27-thread-1] INFO  server.RaftServerConfigKeys (ConfUtils.java:logGet(43)) - raft.server.log.queue.byte-limit = 2147483647 (custom)
2019-09-26 15:08:36,695 [pool-27-thread-1] INFO  server.RaftServerConfigKeys (ConfUtils.java:logGet(43)) - raft.server.log.queue.element-limit = 1024 (custom)
2019-09-26 15:08:36,695 [pool-27-thread-1] INFO  server.RaftServerConfigKeys (ConfUtils.java:logGet(43)) - raft.server.log.segment.size.max = 1048576 (custom)
2019-09-26 15:08:36,695 [pool-27-thread-1] INFO  server.RaftServerConfigKeys (ConfUtils.java:logGet(43)) - raft.server.log.preallocated.size = 16384 (custom)
2019-09-26 15:08:36,695 [pool-27-thread-1] INFO  server.RaftServerConfigKeys (ConfUtils.java:logGet(43)) - raft.server.log.write.buffer.size = 33554432 (custom)
2019-09-26 15:08:36,696 [pool-27-thread-1] INFO  server.RaftServerConfigKeys (ConfUtils.java:logGet(43)) - raft.server.log.force.sync.num = 128 (default)
2019-09-26 15:08:36,696 [pool-27-thread-1] INFO  server.RaftServerConfigKeys (ConfUtils.java:logGet(43)) - raft.server.log.statemachine.data.sync = true (default)
2019-09-26 15:08:36,696 [pool-27-thread-1] INFO  server.RaftServerConfigKeys (ConfUtils.java:logGet(43)) - raft.server.log.statemachine.data.sync.timeout = 10s (default)
2019-09-26 15:08:36,696 [pool-27-thread-1] INFO  server.RaftServerConfigKeys (ConfUtils.java:logGet(43)) - raft.server.log.statemachine.data.sync.timeout.retry = -1 (default)
2019-09-26 15:08:36,696 [pool-27-thread-1] INFO  server.RaftServerConfigKeys (ConfUtils.java:logGet(43)) - raft.server.log.statemachine.data.caching.enabled = true (custom)
2019-09-26 15:08:36,696 [pool-27-thread-1] INFO  segmented.SegmentedRaftLogWorker (SegmentedRaftLogWorker.java:lambda$new$0(132)) - 8a411a4f-0e32-4dd1-80b9-a797c2117425@group-F516CA13D34C-SegmentedRaftLogWorker: flushIndex: setUnconditionally 0 -> -1
2019-09-26 15:08:36,696 [pool-27-thread-1] INFO  server.RaftServerConfigKeys (ConfUtils.java:logGet(43)) - raft.server.snapshot.auto.trigger.enabled = true (custom)
2019-09-26 15:08:36,697 [pool-27-thread-1] INFO  server.RaftServerConfigKeys (ConfUtils.java:logGet(43)) - raft.server.snapshot.auto.trigger.threshold = 10000 (custom)
2019-09-26 15:08:36,697 [pool-27-thread-1] INFO  server.RaftServerConfigKeys (ConfUtils.java:logGet(43)) - raft.server.snapshot.retention.num.files = 5 (custom)
2019-09-26 15:08:36,697 [pool-27-thread-1] INFO  server.RaftServerConfigKeys (ConfUtils.java:logGet(43)) - raft.server.retrycache.expirytime = 600000ms (custom)
2019-09-26 15:08:36,698 [pool-27-thread-1] INFO  impl.RaftServerImpl (RaftServerImpl.java:start(185)) - 8a411a4f-0e32-4dd1-80b9-a797c2117425@group-F516CA13D34C: start as a follower, conf=-1: [8a411a4f-0e32-4dd1-80b9-a797c2117425:192.168.151.99:37125], old=null
2019-09-26 15:08:36,698 [pool-27-thread-1] INFO  impl.RaftServerImpl (RaftServerImpl.java:setRole(174)) - 8a411a4f-0e32-4dd1-80b9-a797c2117425@group-F516CA13D34C: changes role from      null to FOLLOWER at term 0 for startAsFollower
2019-09-26 15:08:36,698 [pool-27-thread-1] INFO  impl.RoleInfo (RoleInfo.java:updateAndGet(143)) - 8a411a4f-0e32-4dd1-80b9-a797c2117425: start FollowerState
2019-09-26 15:08:36,698 [pool-27-thread-1] INFO  util.JmxRegister (JmxRegister.java:tryRegister(44)) - Successfully registered JMX Bean with object name Ratis:service=RaftServer,group=group-F516CA13D34C,id=8a411a4f-0e32-4dd1-80b9-a797c2117425
2019-09-26 15:08:36,700 [RatisPipelineUtilsThread] INFO  pipeline.PipelineStateManager (PipelineStateManager.java:addPipeline(56)) - Created pipeline Pipeline[ Id: f5dd6c33-6ca3-4da3-9d70-f516ca13d34c, Nodes: 8a411a4f-0e32-4dd1-80b9-a797c2117425{ip: 192.168.151.99, host: pr-hdds-1569-g6sp5-2013761785, networkLocation: /default-rack, certSerialId: null}, Type:RATIS, Factor:ONE, State:OPEN]
2019-09-26 15:08:36,703 [grpc-default-executor-1] INFO  impl.RaftServerProxy (RaftServerProxy.java:addNew(89)) - 8a411a4f-0e32-4dd1-80b9-a797c2117425: addNew group-BF7801AC219F:[8a411a4f-0e32-4dd1-80b9-a797c2117425:192.168.151.99:37125] returns group-BF7801AC219F:java.util.concurrent.CompletableFuture@48f55e62[Not completed]
2019-09-26 15:08:36,704 [pool-27-thread-1] INFO  impl.RaftServerImpl (RaftServerImpl.java:<init>(95)) - 8a411a4f-0e32-4dd1-80b9-a797c2117425: new RaftServerImpl for group-BF7801AC219F:[8a411a4f-0e32-4dd1-80b9-a797c2117425:192.168.151.99:37125] with ContainerStateMachine:uninitialized
2019-09-26 15:08:36,704 [pool-27-thread-1] INFO  server.RaftServerConfigKeys (ConfUtils.java:logGet(43)) - raft.server.rpc.timeout.min = 5s (custom)
2019-09-26 15:08:36,704 [pool-27-thread-1] INFO  server.RaftServerConfigKeys (ConfUtils.java:logGet(43)) - raft.server.rpc.timeout.max = 5200ms (custom)
2019-09-26 15:08:36,704 [pool-27-thread-1] INFO  server.RaftServerConfigKeys (ConfUtils.java:logGet(43)) - raft.server.rpcslowness.timeout = 120s (custom)
2019-09-26 15:08:36,704 [pool-27-thread-1] INFO  server.RaftServerConfigKeys (ConfUtils.java:logGet(43)) - raft.server.sleep.deviation.threshold = 300 (default)
2019-09-26 15:08:36,704 [pool-27-thread-1] INFO  server.RaftServerConfigKeys (ConfUtils.java:logGet(43)) - raft.server.log.appender.install.snapshot.enabled = false (custom)
2019-09-26 15:08:36,705 [pool-27-thread-1] INFO  impl.RaftServerImpl (ServerState.java:<init>(103)) - 8a411a4f-0e32-4dd1-80b9-a797c2117425@group-BF7801AC219F: ConfigurationManager, init=-1: [8a411a4f-0e32-4dd1-80b9-a797c2117425:192.168.151.99:37125], old=null, confs=<EMPTY_MAP>
2019-09-26 15:08:36,705 [pool-27-thread-1] INFO  server.RaftServerConfigKeys (ConfUtils.java:logGet(43)) - raft.server.storage.dir = [/workdir/hadoop-ozone/integration-test/target/test-dir/MiniOzoneClusterImpl-646ad58d-3cd3-4092-ab15-506251c55e5b/datanode-0/data/ratis] (custom)
2019-09-26 15:08:36,705 [pool-27-thread-1] INFO  storage.RaftStorageDirectory (RaftStorageDirectory.java:analyzeStorage(246)) - The storage directory /workdir/hadoop-ozone/integration-test/target/test-dir/MiniOzoneClusterImpl-646ad58d-3cd3-4092-ab15-506251c55e5b/datanode-0/data/ratis/70f18ae6-c283-40c2-a8e9-bf7801ac219f does not exist. Creating ...
2019-09-26 15:08:36,708 [pool-27-thread-1] INFO  storage.RaftStorageDirectory (RaftStorageDirectory.java:tryLock(328)) - Lock on /workdir/hadoop-ozone/integration-test/target/test-dir/MiniOzoneClusterImpl-646ad58d-3cd3-4092-ab15-506251c55e5b/datanode-0/data/ratis/70f18ae6-c283-40c2-a8e9-bf7801ac219f/in_use.lock acquired by nodename 7157@pr-hdds-1569-g6sp5-2013761785
2019-09-26 15:08:36,711 [pool-27-thread-1] INFO  storage.RaftStorage (RaftStorage.java:format(72)) - Storage directory /workdir/hadoop-ozone/integration-test/target/test-dir/MiniOzoneClusterImpl-646ad58d-3cd3-4092-ab15-506251c55e5b/datanode-0/data/ratis/70f18ae6-c283-40c2-a8e9-bf7801ac219f has been successfully formatted.
2019-09-26 15:08:36,711 [pool-27-thread-1] INFO  ratis.ContainerStateMachine (ContainerStateMachine.java:loadSnapshot(230)) - group-BF7801AC219F: The snapshot info is null. Setting the last applied indexto:(t:0, i:~)
2019-09-26 15:08:36,711 [pool-27-thread-1] INFO  server.RaftServerConfigKeys (ConfUtils.java:logGet(43)) - raft.server.notification.no-leader.timeout = 120s (custom)
2019-09-26 15:08:36,712 [pool-27-thread-1] INFO  server.RaftServerConfigKeys (ConfUtils.java:logGet(43)) - raft.server.log.use.memory = false (default)
2019-09-26 15:08:36,712 [pool-27-thread-1] INFO  server.RaftServerConfigKeys (ConfUtils.java:logGet(43)) - raft.server.log.purge.gap = 1000000 (custom)
2019-09-26 15:08:36,712 [pool-27-thread-1] INFO  server.RaftServerConfigKeys (ConfUtils.java:logGet(43)) - raft.server.log.appender.buffer.byte-limit = 33554432 (custom)
2019-09-26 15:08:36,712 [pool-27-thread-1] INFO  server.RaftServerConfigKeys (ConfUtils.java:logGet(43)) - raft.server.log.segment.size.max = 1048576 (custom)
2019-09-26 15:08:36,712 [pool-27-thread-1] INFO  server.RaftServerConfigKeys (ConfUtils.java:logGet(43)) - raft.server.log.segment.cache.num.max = 2 (custom)
2019-09-26 15:08:36,712 [pool-27-thread-1] INFO  segmented.SegmentedRaftLogWorker (SegmentedRaftLogWorker.java:<init>(172)) - new 8a411a4f-0e32-4dd1-80b9-a797c2117425@group-BF7801AC219F-SegmentedRaftLogWorker for RaftStorage:Storage Directory /workdir/hadoop-ozone/integration-test/target/test-dir/MiniOzoneClusterImpl-646ad58d-3cd3-4092-ab15-506251c55e5b/datanode-0/data/ratis/70f18ae6-c283-40c2-a8e9-bf7801ac219f
2019-09-26 15:08:36,712 [pool-27-thread-1] INFO  server.RaftServerConfigKeys (ConfUtils.java:logGet(43)) - raft.server.log.queue.byte-limit = 2147483647 (custom)
2019-09-26 15:08:36,712 [pool-27-thread-1] INFO  server.RaftServerConfigKeys (ConfUtils.java:logGet(43)) - raft.server.log.queue.element-limit = 1024 (custom)
2019-09-26 15:08:36,712 [pool-27-thread-1] INFO  server.RaftServerConfigKeys (ConfUtils.java:logGet(43)) - raft.server.log.segment.size.max = 1048576 (custom)
2019-09-26 15:08:36,712 [pool-27-thread-1] INFO  server.RaftServerConfigKeys (ConfUtils.java:logGet(43)) - raft.server.log.preallocated.size = 16384 (custom)
2019-09-26 15:08:36,713 [pool-27-thread-1] INFO  server.RaftServerConfigKeys (ConfUtils.java:logGet(43)) - raft.server.log.write.buffer.size = 33554432 (custom)
2019-09-26 15:08:36,713 [pool-27-thread-1] INFO  server.RaftServerConfigKeys (ConfUtils.java:logGet(43)) - raft.server.log.force.sync.num = 128 (default)
2019-09-26 15:08:36,713 [pool-27-thread-1] INFO  server.RaftServerConfigKeys (ConfUtils.java:logGet(43)) - raft.server.log.statemachine.data.sync = true (default)
2019-09-26 15:08:36,713 [pool-27-thread-1] INFO  server.RaftServerConfigKeys (ConfUtils.java:logGet(43)) - raft.server.log.statemachine.data.sync.timeout = 10s (default)
2019-09-26 15:08:36,713 [pool-27-thread-1] INFO  server.RaftServerConfigKeys (ConfUtils.java:logGet(43)) - raft.server.log.statemachine.data.sync.timeout.retry = -1 (default)
2019-09-26 15:08:36,713 [pool-27-thread-1] INFO  server.RaftServerConfigKeys (ConfUtils.java:logGet(43)) - raft.server.log.statemachine.data.caching.enabled = true (custom)
2019-09-26 15:08:36,713 [pool-27-thread-1] INFO  segmented.SegmentedRaftLogWorker (SegmentedRaftLogWorker.java:lambda$new$0(132)) - 8a411a4f-0e32-4dd1-80b9-a797c2117425@group-BF7801AC219F-SegmentedRaftLogWorker: flushIndex: setUnconditionally 0 -> -1
2019-09-26 15:08:36,713 [pool-27-thread-1] INFO  server.RaftServerConfigKeys (ConfUtils.java:logGet(43)) - raft.server.snapshot.auto.trigger.enabled = true (custom)
2019-09-26 15:08:36,713 [pool-27-thread-1] INFO  server.RaftServerConfigKeys (ConfUtils.java:logGet(43)) - raft.server.snapshot.auto.trigger.threshold = 10000 (custom)
2019-09-26 15:08:36,714 [pool-27-thread-1] INFO  server.RaftServerConfigKeys (ConfUtils.java:logGet(43)) - raft.server.snapshot.retention.num.files = 5 (custom)
2019-09-26 15:08:36,714 [pool-27-thread-1] INFO  server.RaftServerConfigKeys (ConfUtils.java:logGet(43)) - raft.server.retrycache.expirytime = 600000ms (custom)
2019-09-26 15:08:36,715 [pool-27-thread-1] INFO  impl.RaftServerImpl (RaftServerImpl.java:start(185)) - 8a411a4f-0e32-4dd1-80b9-a797c2117425@group-BF7801AC219F: start as a follower, conf=-1: [8a411a4f-0e32-4dd1-80b9-a797c2117425:192.168.151.99:37125], old=null
2019-09-26 15:08:36,715 [pool-27-thread-1] INFO  impl.RaftServerImpl (RaftServerImpl.java:setRole(174)) - 8a411a4f-0e32-4dd1-80b9-a797c2117425@group-BF7801AC219F: changes role from      null to FOLLOWER at term 0 for startAsFollower
2019-09-26 15:08:36,715 [pool-27-thread-1] INFO  impl.RoleInfo (RoleInfo.java:updateAndGet(143)) - 8a411a4f-0e32-4dd1-80b9-a797c2117425: start FollowerState
2019-09-26 15:08:36,715 [pool-27-thread-1] INFO  util.JmxRegister (JmxRegister.java:tryRegister(44)) - Successfully registered JMX Bean with object name Ratis:service=RaftServer,group=group-BF7801AC219F,id=8a411a4f-0e32-4dd1-80b9-a797c2117425
2019-09-26 15:08:36,717 [RatisPipelineUtilsThread] INFO  pipeline.PipelineStateManager (PipelineStateManager.java:addPipeline(56)) - Created pipeline Pipeline[ Id: 70f18ae6-c283-40c2-a8e9-bf7801ac219f, Nodes: 8a411a4f-0e32-4dd1-80b9-a797c2117425{ip: 192.168.151.99, host: pr-hdds-1569-g6sp5-2013761785, networkLocation: /default-rack, certSerialId: null}, Type:RATIS, Factor:ONE, State:OPEN]
2019-09-26 15:08:36,719 [grpc-default-executor-1] INFO  impl.RaftServerProxy (RaftServerProxy.java:addNew(89)) - 8a411a4f-0e32-4dd1-80b9-a797c2117425: addNew group-5EAF20E60177:[8a411a4f-0e32-4dd1-80b9-a797c2117425:192.168.151.99:37125] returns group-5EAF20E60177:java.util.concurrent.CompletableFuture@3355542a[Not completed]
2019-09-26 15:08:36,720 [pool-27-thread-1] INFO  impl.RaftServerImpl (RaftServerImpl.java:<init>(95)) - 8a411a4f-0e32-4dd1-80b9-a797c2117425: new RaftServerImpl for group-5EAF20E60177:[8a411a4f-0e32-4dd1-80b9-a797c2117425:192.168.151.99:37125] with ContainerStateMachine:uninitialized
2019-09-26 15:08:36,720 [pool-27-thread-1] INFO  server.RaftServerConfigKeys (ConfUtils.java:logGet(43)) - raft.server.rpc.timeout.min = 5s (custom)
2019-09-26 15:08:36,720 [pool-27-thread-1] INFO  server.RaftServerConfigKeys (ConfUtils.java:logGet(43)) - raft.server.rpc.timeout.max = 5200ms (custom)
2019-09-26 15:08:36,720 [pool-27-thread-1] INFO  server.RaftServerConfigKeys (ConfUtils.java:logGet(43)) - raft.server.rpcslowness.timeout = 120s (custom)
2019-09-26 15:08:36,720 [pool-27-thread-1] INFO  server.RaftServerConfigKeys (ConfUtils.java:logGet(43)) - raft.server.sleep.deviation.threshold = 300 (default)
2019-09-26 15:08:36,720 [pool-27-thread-1] INFO  server.RaftServerConfigKeys (ConfUtils.java:logGet(43)) - raft.server.log.appender.install.snapshot.enabled = false (custom)
2019-09-26 15:08:36,721 [pool-27-thread-1] INFO  impl.RaftServerImpl (ServerState.java:<init>(103)) - 8a411a4f-0e32-4dd1-80b9-a797c2117425@group-5EAF20E60177: ConfigurationManager, init=-1: [8a411a4f-0e32-4dd1-80b9-a797c2117425:192.168.151.99:37125], old=null, confs=<EMPTY_MAP>
2019-09-26 15:08:36,721 [pool-27-thread-1] INFO  server.RaftServerConfigKeys (ConfUtils.java:logGet(43)) - raft.server.storage.dir = [/workdir/hadoop-ozone/integration-test/target/test-dir/MiniOzoneClusterImpl-646ad58d-3cd3-4092-ab15-506251c55e5b/datanode-0/data/ratis] (custom)
2019-09-26 15:08:36,721 [pool-27-thread-1] INFO  storage.RaftStorageDirectory (RaftStorageDirectory.java:analyzeStorage(246)) - The storage directory /workdir/hadoop-ozone/integration-test/target/test-dir/MiniOzoneClusterImpl-646ad58d-3cd3-4092-ab15-506251c55e5b/datanode-0/data/ratis/4f1bba25-78d5-4c11-bdc6-5eaf20e60177 does not exist. Creating ...
2019-09-26 15:08:36,725 [pool-27-thread-1] INFO  storage.RaftStorageDirectory (RaftStorageDirectory.java:tryLock(328)) - Lock on /workdir/hadoop-ozone/integration-test/target/test-dir/MiniOzoneClusterImpl-646ad58d-3cd3-4092-ab15-506251c55e5b/datanode-0/data/ratis/4f1bba25-78d5-4c11-bdc6-5eaf20e60177/in_use.lock acquired by nodename 7157@pr-hdds-1569-g6sp5-2013761785
2019-09-26 15:08:36,728 [pool-27-thread-1] INFO  storage.RaftStorage (RaftStorage.java:format(72)) - Storage directory /workdir/hadoop-ozone/integration-test/target/test-dir/MiniOzoneClusterImpl-646ad58d-3cd3-4092-ab15-506251c55e5b/datanode-0/data/ratis/4f1bba25-78d5-4c11-bdc6-5eaf20e60177 has been successfully formatted.
2019-09-26 15:08:36,728 [pool-27-thread-1] INFO  ratis.ContainerStateMachine (ContainerStateMachine.java:loadSnapshot(230)) - group-5EAF20E60177: The snapshot info is null. Setting the last applied indexto:(t:0, i:~)
2019-09-26 15:08:36,728 [pool-27-thread-1] INFO  server.RaftServerConfigKeys (ConfUtils.java:logGet(43)) - raft.server.notification.no-leader.timeout = 120s (custom)
2019-09-26 15:08:36,729 [pool-27-thread-1] INFO  server.RaftServerConfigKeys (ConfUtils.java:logGet(43)) - raft.server.log.use.memory = false (default)
2019-09-26 15:08:36,729 [pool-27-thread-1] INFO  server.RaftServerConfigKeys (ConfUtils.java:logGet(43)) - raft.server.log.purge.gap = 1000000 (custom)
2019-09-26 15:08:36,729 [pool-27-thread-1] INFO  server.RaftServerConfigKeys (ConfUtils.java:logGet(43)) - raft.server.log.appender.buffer.byte-limit = 33554432 (custom)
2019-09-26 15:08:36,729 [pool-27-thread-1] INFO  server.RaftServerConfigKeys (ConfUtils.java:logGet(43)) - raft.server.log.segment.size.max = 1048576 (custom)
2019-09-26 15:08:36,729 [pool-27-thread-1] INFO  server.RaftServerConfigKeys (ConfUtils.java:logGet(43)) - raft.server.log.segment.cache.num.max = 2 (custom)
2019-09-26 15:08:36,729 [pool-27-thread-1] INFO  segmented.SegmentedRaftLogWorker (SegmentedRaftLogWorker.java:<init>(172)) - new 8a411a4f-0e32-4dd1-80b9-a797c2117425@group-5EAF20E60177-SegmentedRaftLogWorker for RaftStorage:Storage Directory /workdir/hadoop-ozone/integration-test/target/test-dir/MiniOzoneClusterImpl-646ad58d-3cd3-4092-ab15-506251c55e5b/datanode-0/data/ratis/4f1bba25-78d5-4c11-bdc6-5eaf20e60177
2019-09-26 15:08:36,729 [pool-27-thread-1] INFO  server.RaftServerConfigKeys (ConfUtils.java:logGet(43)) - raft.server.log.queue.byte-limit = 2147483647 (custom)
2019-09-26 15:08:36,729 [pool-27-thread-1] INFO  server.RaftServerConfigKeys (ConfUtils.java:logGet(43)) - raft.server.log.queue.element-limit = 1024 (custom)
2019-09-26 15:08:36,729 [pool-27-thread-1] INFO  server.RaftServerConfigKeys (ConfUtils.java:logGet(43)) - raft.server.log.segment.size.max = 1048576 (custom)
2019-09-26 15:08:36,729 [pool-27-thread-1] INFO  server.RaftServerConfigKeys (ConfUtils.java:logGet(43)) - raft.server.log.preallocated.size = 16384 (custom)
2019-09-26 15:08:36,729 [pool-27-thread-1] INFO  server.RaftServerConfigKeys (ConfUtils.java:logGet(43)) - raft.server.log.write.buffer.size = 33554432 (custom)
2019-09-26 15:08:36,729 [pool-27-thread-1] INFO  server.RaftServerConfigKeys (ConfUtils.java:logGet(43)) - raft.server.log.force.sync.num = 128 (default)
2019-09-26 15:08:36,729 [pool-27-thread-1] INFO  server.RaftServerConfigKeys (ConfUtils.java:logGet(43)) - raft.server.log.statemachine.data.sync = true (default)
2019-09-26 15:08:36,729 [pool-27-thread-1] INFO  server.RaftServerConfigKeys (ConfUtils.java:logGet(43)) - raft.server.log.statemachine.data.sync.timeout = 10s (default)
2019-09-26 15:08:36,730 [pool-27-thread-1] INFO  server.RaftServerConfigKeys (ConfUtils.java:logGet(43)) - raft.server.log.statemachine.data.sync.timeout.retry = -1 (default)
2019-09-26 15:08:36,730 [pool-27-thread-1] INFO  server.RaftServerConfigKeys (ConfUtils.java:logGet(43)) - raft.server.log.statemachine.data.caching.enabled = true (custom)
2019-09-26 15:08:36,730 [pool-27-thread-1] INFO  segmented.SegmentedRaftLogWorker (SegmentedRaftLogWorker.java:lambda$new$0(132)) - 8a411a4f-0e32-4dd1-80b9-a797c2117425@group-5EAF20E60177-SegmentedRaftLogWorker: flushIndex: setUnconditionally 0 -> -1
2019-09-26 15:08:36,730 [pool-27-thread-1] INFO  server.RaftServerConfigKeys (ConfUtils.java:logGet(43)) - raft.server.snapshot.auto.trigger.enabled = true (custom)
2019-09-26 15:08:36,730 [pool-27-thread-1] INFO  server.RaftServerConfigKeys (ConfUtils.java:logGet(43)) - raft.server.snapshot.auto.trigger.threshold = 10000 (custom)
2019-09-26 15:08:36,730 [pool-27-thread-1] INFO  server.RaftServerConfigKeys (ConfUtils.java:logGet(43)) - raft.server.snapshot.retention.num.files = 5 (custom)
2019-09-26 15:08:36,730 [pool-27-thread-1] INFO  server.RaftServerConfigKeys (ConfUtils.java:logGet(43)) - raft.server.retrycache.expirytime = 600000ms (custom)
2019-09-26 15:08:36,732 [pool-27-thread-1] INFO  impl.RaftServerImpl (RaftServerImpl.java:start(185)) - 8a411a4f-0e32-4dd1-80b9-a797c2117425@group-5EAF20E60177: start as a follower, conf=-1: [8a411a4f-0e32-4dd1-80b9-a797c2117425:192.168.151.99:37125], old=null
2019-09-26 15:08:36,732 [pool-27-thread-1] INFO  impl.RaftServerImpl (RaftServerImpl.java:setRole(174)) - 8a411a4f-0e32-4dd1-80b9-a797c2117425@group-5EAF20E60177: changes role from      null to FOLLOWER at term 0 for startAsFollower
2019-09-26 15:08:36,732 [pool-27-thread-1] INFO  impl.RoleInfo (RoleInfo.java:updateAndGet(143)) - 8a411a4f-0e32-4dd1-80b9-a797c2117425: start FollowerState
2019-09-26 15:08:36,732 [pool-27-thread-1] INFO  util.JmxRegister (JmxRegister.java:tryRegister(44)) - Successfully registered JMX Bean with object name Ratis:service=RaftServer,group=group-5EAF20E60177,id=8a411a4f-0e32-4dd1-80b9-a797c2117425
2019-09-26 15:08:36,734 [RatisPipelineUtilsThread] INFO  pipeline.PipelineStateManager (PipelineStateManager.java:addPipeline(56)) - Created pipeline Pipeline[ Id: 4f1bba25-78d5-4c11-bdc6-5eaf20e60177, Nodes: 8a411a4f-0e32-4dd1-80b9-a797c2117425{ip: 192.168.151.99, host: pr-hdds-1569-g6sp5-2013761785, networkLocation: /default-rack, certSerialId: null}, Type:RATIS, Factor:ONE, State:OPEN]
2019-09-26 15:08:36,737 [grpc-default-executor-1] INFO  impl.RaftServerProxy (RaftServerProxy.java:addNew(89)) - 8a411a4f-0e32-4dd1-80b9-a797c2117425: addNew group-3884FFF625F6:[8a411a4f-0e32-4dd1-80b9-a797c2117425:192.168.151.99:37125] returns group-3884FFF625F6:java.util.concurrent.CompletableFuture@53c6916a[Not completed]
2019-09-26 15:08:36,738 [pool-27-thread-1] INFO  impl.RaftServerImpl (RaftServerImpl.java:<init>(95)) - 8a411a4f-0e32-4dd1-80b9-a797c2117425: new RaftServerImpl for group-3884FFF625F6:[8a411a4f-0e32-4dd1-80b9-a797c2117425:192.168.151.99:37125] with ContainerStateMachine:uninitialized
2019-09-26 15:08:36,738 [pool-27-thread-1] INFO  server.RaftServerConfigKeys (ConfUtils.java:logGet(43)) - raft.server.rpc.timeout.min = 5s (custom)
2019-09-26 15:08:36,738 [pool-27-thread-1] INFO  server.RaftServerConfigKeys (ConfUtils.java:logGet(43)) - raft.server.rpc.timeout.max = 5200ms (custom)
2019-09-26 15:08:36,738 [pool-27-thread-1] INFO  server.RaftServerConfigKeys (ConfUtils.java:logGet(43)) - raft.server.rpcslowness.timeout = 120s (custom)
2019-09-26 15:08:36,738 [pool-27-thread-1] INFO  server.RaftServerConfigKeys (ConfUtils.java:logGet(43)) - raft.server.sleep.deviation.threshold = 300 (default)
2019-09-26 15:08:36,738 [pool-27-thread-1] INFO  server.RaftServerConfigKeys (ConfUtils.java:logGet(43)) - raft.server.log.appender.install.snapshot.enabled = false (custom)
2019-09-26 15:08:36,738 [pool-27-thread-1] INFO  impl.RaftServerImpl (ServerState.java:<init>(103)) - 8a411a4f-0e32-4dd1-80b9-a797c2117425@group-3884FFF625F6: ConfigurationManager, init=-1: [8a411a4f-0e32-4dd1-80b9-a797c2117425:192.168.151.99:37125], old=null, confs=<EMPTY_MAP>
2019-09-26 15:08:36,739 [pool-27-thread-1] INFO  server.RaftServerConfigKeys (ConfUtils.java:logGet(43)) - raft.server.storage.dir = [/workdir/hadoop-ozone/integration-test/target/test-dir/MiniOzoneClusterImpl-646ad58d-3cd3-4092-ab15-506251c55e5b/datanode-0/data/ratis] (custom)
2019-09-26 15:08:36,739 [pool-27-thread-1] INFO  storage.RaftStorageDirectory (RaftStorageDirectory.java:analyzeStorage(246)) - The storage directory /workdir/hadoop-ozone/integration-test/target/test-dir/MiniOzoneClusterImpl-646ad58d-3cd3-4092-ab15-506251c55e5b/datanode-0/data/ratis/f52e61c7-41a6-416e-ac5c-3884fff625f6 does not exist. Creating ...
2019-09-26 15:08:36,744 [pool-27-thread-1] INFO  storage.RaftStorageDirectory (RaftStorageDirectory.java:tryLock(328)) - Lock on /workdir/hadoop-ozone/integration-test/target/test-dir/MiniOzoneClusterImpl-646ad58d-3cd3-4092-ab15-506251c55e5b/datanode-0/data/ratis/f52e61c7-41a6-416e-ac5c-3884fff625f6/in_use.lock acquired by nodename 7157@pr-hdds-1569-g6sp5-2013761785
2019-09-26 15:08:36,763 [pool-27-thread-1] INFO  storage.RaftStorage (RaftStorage.java:format(72)) - Storage directory /workdir/hadoop-ozone/integration-test/target/test-dir/MiniOzoneClusterImpl-646ad58d-3cd3-4092-ab15-506251c55e5b/datanode-0/data/ratis/f52e61c7-41a6-416e-ac5c-3884fff625f6 has been successfully formatted.
2019-09-26 15:08:36,764 [pool-27-thread-1] INFO  ratis.ContainerStateMachine (ContainerStateMachine.java:loadSnapshot(230)) - group-3884FFF625F6: The snapshot info is null. Setting the last applied indexto:(t:0, i:~)
2019-09-26 15:08:36,764 [pool-27-thread-1] INFO  server.RaftServerConfigKeys (ConfUtils.java:logGet(43)) - raft.server.notification.no-leader.timeout = 120s (custom)
2019-09-26 15:08:36,764 [pool-27-thread-1] INFO  server.RaftServerConfigKeys (ConfUtils.java:logGet(43)) - raft.server.log.use.memory = false (default)
2019-09-26 15:08:36,764 [pool-27-thread-1] INFO  server.RaftServerConfigKeys (ConfUtils.java:logGet(43)) - raft.server.log.purge.gap = 1000000 (custom)
2019-09-26 15:08:36,764 [pool-27-thread-1] INFO  server.RaftServerConfigKeys (ConfUtils.java:logGet(43)) - raft.server.log.appender.buffer.byte-limit = 33554432 (custom)
2019-09-26 15:08:36,764 [pool-27-thread-1] INFO  server.RaftServerConfigKeys (ConfUtils.java:logGet(43)) - raft.server.log.segment.size.max = 1048576 (custom)
2019-09-26 15:08:36,764 [pool-27-thread-1] INFO  server.RaftServerConfigKeys (ConfUtils.java:logGet(43)) - raft.server.log.segment.cache.num.max = 2 (custom)
2019-09-26 15:08:36,764 [pool-27-thread-1] INFO  segmented.SegmentedRaftLogWorker (SegmentedRaftLogWorker.java:<init>(172)) - new 8a411a4f-0e32-4dd1-80b9-a797c2117425@group-3884FFF625F6-SegmentedRaftLogWorker for RaftStorage:Storage Directory /workdir/hadoop-ozone/integration-test/target/test-dir/MiniOzoneClusterImpl-646ad58d-3cd3-4092-ab15-506251c55e5b/datanode-0/data/ratis/f52e61c7-41a6-416e-ac5c-3884fff625f6
2019-09-26 15:08:36,764 [pool-27-thread-1] INFO  server.RaftServerConfigKeys (ConfUtils.java:logGet(43)) - raft.server.log.queue.byte-limit = 2147483647 (custom)
2019-09-26 15:08:36,764 [pool-27-thread-1] INFO  server.RaftServerConfigKeys (ConfUtils.java:logGet(43)) - raft.server.log.queue.element-limit = 1024 (custom)
2019-09-26 15:08:36,765 [pool-27-thread-1] INFO  server.RaftServerConfigKeys (ConfUtils.java:logGet(43)) - raft.server.log.segment.size.max = 1048576 (custom)
2019-09-26 15:08:36,765 [pool-27-thread-1] INFO  server.RaftServerConfigKeys (ConfUtils.java:logGet(43)) - raft.server.log.preallocated.size = 16384 (custom)
2019-09-26 15:08:36,765 [pool-27-thread-1] INFO  server.RaftServerConfigKeys (ConfUtils.java:logGet(43)) - raft.server.log.write.buffer.size = 33554432 (custom)
2019-09-26 15:08:36,765 [pool-27-thread-1] INFO  server.RaftServerConfigKeys (ConfUtils.java:logGet(43)) - raft.server.log.force.sync.num = 128 (default)
2019-09-26 15:08:36,765 [pool-27-thread-1] INFO  server.RaftServerConfigKeys (ConfUtils.java:logGet(43)) - raft.server.log.statemachine.data.sync = true (default)
2019-09-26 15:08:36,765 [pool-27-thread-1] INFO  server.RaftServerConfigKeys (ConfUtils.java:logGet(43)) - raft.server.log.statemachine.data.sync.timeout = 10s (default)
2019-09-26 15:08:36,765 [pool-27-thread-1] INFO  server.RaftServerConfigKeys (ConfUtils.java:logGet(43)) - raft.server.log.statemachine.data.sync.timeout.retry = -1 (default)
2019-09-26 15:08:36,765 [pool-27-thread-1] INFO  server.RaftServerConfigKeys (ConfUtils.java:logGet(43)) - raft.server.log.statemachine.data.caching.enabled = true (custom)
2019-09-26 15:08:36,765 [pool-27-thread-1] INFO  segmented.SegmentedRaftLogWorker (SegmentedRaftLogWorker.java:lambda$new$0(132)) - 8a411a4f-0e32-4dd1-80b9-a797c2117425@group-3884FFF625F6-SegmentedRaftLogWorker: flushIndex: setUnconditionally 0 -> -1
2019-09-26 15:08:36,766 [pool-27-thread-1] INFO  server.RaftServerConfigKeys (ConfUtils.java:logGet(43)) - raft.server.snapshot.auto.trigger.enabled = true (custom)
2019-09-26 15:08:36,766 [pool-27-thread-1] INFO  server.RaftServerConfigKeys (ConfUtils.java:logGet(43)) - raft.server.snapshot.auto.trigger.threshold = 10000 (custom)
2019-09-26 15:08:36,766 [pool-27-thread-1] INFO  server.RaftServerConfigKeys (ConfUtils.java:logGet(43)) - raft.server.snapshot.retention.num.files = 5 (custom)
2019-09-26 15:08:36,766 [pool-27-thread-1] INFO  server.RaftServerConfigKeys (ConfUtils.java:logGet(43)) - raft.server.retrycache.expirytime = 600000ms (custom)
2019-09-26 15:08:36,769 [pool-27-thread-1] INFO  impl.RaftServerImpl (RaftServerImpl.java:start(185)) - 8a411a4f-0e32-4dd1-80b9-a797c2117425@group-3884FFF625F6: start as a follower, conf=-1: [8a411a4f-0e32-4dd1-80b9-a797c2117425:192.168.151.99:37125], old=null
2019-09-26 15:08:36,769 [pool-27-thread-1] INFO  impl.RaftServerImpl (RaftServerImpl.java:setRole(174)) - 8a411a4f-0e32-4dd1-80b9-a797c2117425@group-3884FFF625F6: changes role from      null to FOLLOWER at term 0 for startAsFollower
2019-09-26 15:08:36,769 [pool-27-thread-1] INFO  impl.RoleInfo (RoleInfo.java:updateAndGet(143)) - 8a411a4f-0e32-4dd1-80b9-a797c2117425: start FollowerState
2019-09-26 15:08:36,769 [pool-27-thread-1] INFO  util.JmxRegister (JmxRegister.java:tryRegister(44)) - Successfully registered JMX Bean with object name Ratis:service=RaftServer,group=group-3884FFF625F6,id=8a411a4f-0e32-4dd1-80b9-a797c2117425
2019-09-26 15:08:36,771 [RatisPipelineUtilsThread] INFO  pipeline.PipelineStateManager (PipelineStateManager.java:addPipeline(56)) - Created pipeline Pipeline[ Id: f52e61c7-41a6-416e-ac5c-3884fff625f6, Nodes: 8a411a4f-0e32-4dd1-80b9-a797c2117425{ip: 192.168.151.99, host: pr-hdds-1569-g6sp5-2013761785, networkLocation: /default-rack, certSerialId: null}, Type:RATIS, Factor:ONE, State:OPEN]
2019-09-26 15:08:36,774 [grpc-default-executor-1] INFO  impl.RaftServerProxy (RaftServerProxy.java:addNew(89)) - 8a411a4f-0e32-4dd1-80b9-a797c2117425: addNew group-FC1F641A5BB5:[8a411a4f-0e32-4dd1-80b9-a797c2117425:192.168.151.99:37125] returns group-FC1F641A5BB5:java.util.concurrent.CompletableFuture@7e6b60f8[Not completed]
2019-09-26 15:08:36,775 [pool-27-thread-1] INFO  impl.RaftServerImpl (RaftServerImpl.java:<init>(95)) - 8a411a4f-0e32-4dd1-80b9-a797c2117425: new RaftServerImpl for group-FC1F641A5BB5:[8a411a4f-0e32-4dd1-80b9-a797c2117425:192.168.151.99:37125] with ContainerStateMachine:uninitialized
2019-09-26 15:08:36,776 [pool-27-thread-1] INFO  server.RaftServerConfigKeys (ConfUtils.java:logGet(43)) - raft.server.rpc.timeout.min = 5s (custom)
2019-09-26 15:08:36,776 [pool-27-thread-1] INFO  server.RaftServerConfigKeys (ConfUtils.java:logGet(43)) - raft.server.rpc.timeout.max = 5200ms (custom)
2019-09-26 15:08:36,776 [pool-27-thread-1] INFO  server.RaftServerConfigKeys (ConfUtils.java:logGet(43)) - raft.server.rpcslowness.timeout = 120s (custom)
2019-09-26 15:08:36,776 [pool-27-thread-1] INFO  server.RaftServerConfigKeys (ConfUtils.java:logGet(43)) - raft.server.sleep.deviation.threshold = 300 (default)
2019-09-26 15:08:36,776 [pool-27-thread-1] INFO  server.RaftServerConfigKeys (ConfUtils.java:logGet(43)) - raft.server.log.appender.install.snapshot.enabled = false (custom)
2019-09-26 15:08:36,776 [pool-27-thread-1] INFO  impl.RaftServerImpl (ServerState.java:<init>(103)) - 8a411a4f-0e32-4dd1-80b9-a797c2117425@group-FC1F641A5BB5: ConfigurationManager, init=-1: [8a411a4f-0e32-4dd1-80b9-a797c2117425:192.168.151.99:37125], old=null, confs=<EMPTY_MAP>
2019-09-26 15:08:36,776 [pool-27-thread-1] INFO  server.RaftServerConfigKeys (ConfUtils.java:logGet(43)) - raft.server.storage.dir = [/workdir/hadoop-ozone/integration-test/target/test-dir/MiniOzoneClusterImpl-646ad58d-3cd3-4092-ab15-506251c55e5b/datanode-0/data/ratis] (custom)
2019-09-26 15:08:36,777 [pool-27-thread-1] INFO  storage.RaftStorageDirectory (RaftStorageDirectory.java:analyzeStorage(246)) - The storage directory /workdir/hadoop-ozone/integration-test/target/test-dir/MiniOzoneClusterImpl-646ad58d-3cd3-4092-ab15-506251c55e5b/datanode-0/data/ratis/e8f50967-6f26-4cdd-b6f4-fc1f641a5bb5 does not exist. Creating ...
2019-09-26 15:08:36,790 [pool-27-thread-1] INFO  storage.RaftStorageDirectory (RaftStorageDirectory.java:tryLock(328)) - Lock on /workdir/hadoop-ozone/integration-test/target/test-dir/MiniOzoneClusterImpl-646ad58d-3cd3-4092-ab15-506251c55e5b/datanode-0/data/ratis/e8f50967-6f26-4cdd-b6f4-fc1f641a5bb5/in_use.lock acquired by nodename 7157@pr-hdds-1569-g6sp5-2013761785
2019-09-26 15:08:36,805 [pool-27-thread-1] INFO  storage.RaftStorage (RaftStorage.java:format(72)) - Storage directory /workdir/hadoop-ozone/integration-test/target/test-dir/MiniOzoneClusterImpl-646ad58d-3cd3-4092-ab15-506251c55e5b/datanode-0/data/ratis/e8f50967-6f26-4cdd-b6f4-fc1f641a5bb5 has been successfully formatted.
2019-09-26 15:08:36,805 [pool-27-thread-1] INFO  ratis.ContainerStateMachine (ContainerStateMachine.java:loadSnapshot(230)) - group-FC1F641A5BB5: The snapshot info is null. Setting the last applied indexto:(t:0, i:~)
2019-09-26 15:08:36,805 [pool-27-thread-1] INFO  server.RaftServerConfigKeys (ConfUtils.java:logGet(43)) - raft.server.notification.no-leader.timeout = 120s (custom)
2019-09-26 15:08:36,805 [pool-27-thread-1] INFO  server.RaftServerConfigKeys (ConfUtils.java:logGet(43)) - raft.server.log.use.memory = false (default)
2019-09-26 15:08:36,805 [pool-27-thread-1] INFO  server.RaftServerConfigKeys (ConfUtils.java:logGet(43)) - raft.server.log.purge.gap = 1000000 (custom)
2019-09-26 15:08:36,805 [pool-27-thread-1] INFO  server.RaftServerConfigKeys (ConfUtils.java:logGet(43)) - raft.server.log.appender.buffer.byte-limit = 33554432 (custom)
2019-09-26 15:08:36,806 [pool-27-thread-1] INFO  server.RaftServerConfigKeys (ConfUtils.java:logGet(43)) - raft.server.log.segment.size.max = 1048576 (custom)
2019-09-26 15:08:36,806 [pool-27-thread-1] INFO  server.RaftServerConfigKeys (ConfUtils.java:logGet(43)) - raft.server.log.segment.cache.num.max = 2 (custom)
2019-09-26 15:08:36,806 [pool-27-thread-1] INFO  segmented.SegmentedRaftLogWorker (SegmentedRaftLogWorker.java:<init>(172)) - new 8a411a4f-0e32-4dd1-80b9-a797c2117425@group-FC1F641A5BB5-SegmentedRaftLogWorker for RaftStorage:Storage Directory /workdir/hadoop-ozone/integration-test/target/test-dir/MiniOzoneClusterImpl-646ad58d-3cd3-4092-ab15-506251c55e5b/datanode-0/data/ratis/e8f50967-6f26-4cdd-b6f4-fc1f641a5bb5
2019-09-26 15:08:36,806 [pool-27-thread-1] INFO  server.RaftServerConfigKeys (ConfUtils.java:logGet(43)) - raft.server.log.queue.byte-limit = 2147483647 (custom)
2019-09-26 15:08:36,806 [pool-27-thread-1] INFO  server.RaftServerConfigKeys (ConfUtils.java:logGet(43)) - raft.server.log.queue.element-limit = 1024 (custom)
2019-09-26 15:08:36,806 [pool-27-thread-1] INFO  server.RaftServerConfigKeys (ConfUtils.java:logGet(43)) - raft.server.log.segment.size.max = 1048576 (custom)
2019-09-26 15:08:36,806 [pool-27-thread-1] INFO  server.RaftServerConfigKeys (ConfUtils.java:logGet(43)) - raft.server.log.preallocated.size = 16384 (custom)
2019-09-26 15:08:36,806 [pool-27-thread-1] INFO  server.RaftServerConfigKeys (ConfUtils.java:logGet(43)) - raft.server.log.write.buffer.size = 33554432 (custom)
2019-09-26 15:08:36,806 [pool-27-thread-1] INFO  server.RaftServerConfigKeys (ConfUtils.java:logGet(43)) - raft.server.log.force.sync.num = 128 (default)
2019-09-26 15:08:36,806 [pool-27-thread-1] INFO  server.RaftServerConfigKeys (ConfUtils.java:logGet(43)) - raft.server.log.statemachine.data.sync = true (default)
2019-09-26 15:08:36,806 [pool-27-thread-1] INFO  server.RaftServerConfigKeys (ConfUtils.java:logGet(43)) - raft.server.log.statemachine.data.sync.timeout = 10s (default)
2019-09-26 15:08:36,806 [pool-27-thread-1] INFO  server.RaftServerConfigKeys (ConfUtils.java:logGet(43)) - raft.server.log.statemachine.data.sync.timeout.retry = -1 (default)
2019-09-26 15:08:36,806 [pool-27-thread-1] INFO  server.RaftServerConfigKeys (ConfUtils.java:logGet(43)) - raft.server.log.statemachine.data.caching.enabled = true (custom)
2019-09-26 15:08:36,807 [pool-27-thread-1] INFO  segmented.SegmentedRaftLogWorker (SegmentedRaftLogWorker.java:lambda$new$0(132)) - 8a411a4f-0e32-4dd1-80b9-a797c2117425@group-FC1F641A5BB5-SegmentedRaftLogWorker: flushIndex: setUnconditionally 0 -> -1
2019-09-26 15:08:36,807 [pool-27-thread-1] INFO  server.RaftServerConfigKeys (ConfUtils.java:logGet(43)) - raft.server.snapshot.auto.trigger.enabled = true (custom)
2019-09-26 15:08:36,807 [pool-27-thread-1] INFO  server.RaftServerConfigKeys (ConfUtils.java:logGet(43)) - raft.server.snapshot.auto.trigger.threshold = 10000 (custom)
2019-09-26 15:08:36,807 [pool-27-thread-1] INFO  server.RaftServerConfigKeys (ConfUtils.java:logGet(43)) - raft.server.snapshot.retention.num.files = 5 (custom)
2019-09-26 15:08:36,807 [pool-27-thread-1] INFO  server.RaftServerConfigKeys (ConfUtils.java:logGet(43)) - raft.server.retrycache.expirytime = 600000ms (custom)
2019-09-26 15:08:36,808 [pool-27-thread-1] INFO  impl.RaftServerImpl (RaftServerImpl.java:start(185)) - 8a411a4f-0e32-4dd1-80b9-a797c2117425@group-FC1F641A5BB5: start as a follower, conf=-1: [8a411a4f-0e32-4dd1-80b9-a797c2117425:192.168.151.99:37125], old=null
2019-09-26 15:08:36,808 [pool-27-thread-1] INFO  impl.RaftServerImpl (RaftServerImpl.java:setRole(174)) - 8a411a4f-0e32-4dd1-80b9-a797c2117425@group-FC1F641A5BB5: changes role from      null to FOLLOWER at term 0 for startAsFollower
2019-09-26 15:08:36,808 [pool-27-thread-1] INFO  impl.RoleInfo (RoleInfo.java:updateAndGet(143)) - 8a411a4f-0e32-4dd1-80b9-a797c2117425: start FollowerState
2019-09-26 15:08:36,809 [pool-27-thread-1] INFO  util.JmxRegister (JmxRegister.java:tryRegister(44)) - Successfully registered JMX Bean with object name Ratis:service=RaftServer,group=group-FC1F641A5BB5,id=8a411a4f-0e32-4dd1-80b9-a797c2117425
2019-09-26 15:08:36,810 [RatisPipelineUtilsThread] INFO  pipeline.PipelineStateManager (PipelineStateManager.java:addPipeline(56)) - Created pipeline Pipeline[ Id: e8f50967-6f26-4cdd-b6f4-fc1f641a5bb5, Nodes: 8a411a4f-0e32-4dd1-80b9-a797c2117425{ip: 192.168.151.99, host: pr-hdds-1569-g6sp5-2013761785, networkLocation: /default-rack, certSerialId: null}, Type:RATIS, Factor:ONE, State:OPEN]
2019-09-26 15:08:36,813 [grpc-default-executor-1] INFO  impl.RaftServerProxy (RaftServerProxy.java:addNew(89)) - 8a411a4f-0e32-4dd1-80b9-a797c2117425: addNew group-04E195EC18D6:[8a411a4f-0e32-4dd1-80b9-a797c2117425:192.168.151.99:37125] returns group-04E195EC18D6:java.util.concurrent.CompletableFuture@3ebf7e11[Not completed]
2019-09-26 15:08:36,814 [pool-27-thread-1] INFO  impl.RaftServerImpl (RaftServerImpl.java:<init>(95)) - 8a411a4f-0e32-4dd1-80b9-a797c2117425: new RaftServerImpl for group-04E195EC18D6:[8a411a4f-0e32-4dd1-80b9-a797c2117425:192.168.151.99:37125] with ContainerStateMachine:uninitialized
2019-09-26 15:08:36,814 [pool-27-thread-1] INFO  server.RaftServerConfigKeys (ConfUtils.java:logGet(43)) - raft.server.rpc.timeout.min = 5s (custom)
2019-09-26 15:08:36,814 [pool-27-thread-1] INFO  server.RaftServerConfigKeys (ConfUtils.java:logGet(43)) - raft.server.rpc.timeout.max = 5200ms (custom)
2019-09-26 15:08:36,814 [pool-27-thread-1] INFO  server.RaftServerConfigKeys (ConfUtils.java:logGet(43)) - raft.server.rpcslowness.timeout = 120s (custom)
2019-09-26 15:08:36,814 [pool-27-thread-1] INFO  server.RaftServerConfigKeys (ConfUtils.java:logGet(43)) - raft.server.sleep.deviation.threshold = 300 (default)
2019-09-26 15:08:36,814 [pool-27-thread-1] INFO  server.RaftServerConfigKeys (ConfUtils.java:logGet(43)) - raft.server.log.appender.install.snapshot.enabled = false (custom)
2019-09-26 15:08:36,814 [pool-27-thread-1] INFO  impl.RaftServerImpl (ServerState.java:<init>(103)) - 8a411a4f-0e32-4dd1-80b9-a797c2117425@group-04E195EC18D6: ConfigurationManager, init=-1: [8a411a4f-0e32-4dd1-80b9-a797c2117425:192.168.151.99:37125], old=null, confs=<EMPTY_MAP>
2019-09-26 15:08:36,814 [pool-27-thread-1] INFO  server.RaftServerConfigKeys (ConfUtils.java:logGet(43)) - raft.server.storage.dir = [/workdir/hadoop-ozone/integration-test/target/test-dir/MiniOzoneClusterImpl-646ad58d-3cd3-4092-ab15-506251c55e5b/datanode-0/data/ratis] (custom)
2019-09-26 15:08:36,815 [pool-27-thread-1] INFO  storage.RaftStorageDirectory (RaftStorageDirectory.java:analyzeStorage(246)) - The storage directory /workdir/hadoop-ozone/integration-test/target/test-dir/MiniOzoneClusterImpl-646ad58d-3cd3-4092-ab15-506251c55e5b/datanode-0/data/ratis/1aba4526-c2b6-4b02-b7e0-04e195ec18d6 does not exist. Creating ...
2019-09-26 15:08:36,829 [pool-27-thread-1] INFO  storage.RaftStorageDirectory (RaftStorageDirectory.java:tryLock(328)) - Lock on /workdir/hadoop-ozone/integration-test/target/test-dir/MiniOzoneClusterImpl-646ad58d-3cd3-4092-ab15-506251c55e5b/datanode-0/data/ratis/1aba4526-c2b6-4b02-b7e0-04e195ec18d6/in_use.lock acquired by nodename 7157@pr-hdds-1569-g6sp5-2013761785
2019-09-26 15:08:36,842 [pool-27-thread-1] INFO  storage.RaftStorage (RaftStorage.java:format(72)) - Storage directory /workdir/hadoop-ozone/integration-test/target/test-dir/MiniOzoneClusterImpl-646ad58d-3cd3-4092-ab15-506251c55e5b/datanode-0/data/ratis/1aba4526-c2b6-4b02-b7e0-04e195ec18d6 has been successfully formatted.
2019-09-26 15:08:36,842 [pool-27-thread-1] INFO  ratis.ContainerStateMachine (ContainerStateMachine.java:loadSnapshot(230)) - group-04E195EC18D6: The snapshot info is null. Setting the last applied indexto:(t:0, i:~)
2019-09-26 15:08:36,842 [pool-27-thread-1] INFO  server.RaftServerConfigKeys (ConfUtils.java:logGet(43)) - raft.server.notification.no-leader.timeout = 120s (custom)
2019-09-26 15:08:36,842 [pool-27-thread-1] INFO  server.RaftServerConfigKeys (ConfUtils.java:logGet(43)) - raft.server.log.use.memory = false (default)
2019-09-26 15:08:36,842 [pool-27-thread-1] INFO  server.RaftServerConfigKeys (ConfUtils.java:logGet(43)) - raft.server.log.purge.gap = 1000000 (custom)
2019-09-26 15:08:36,842 [pool-27-thread-1] INFO  server.RaftServerConfigKeys (ConfUtils.java:logGet(43)) - raft.server.log.appender.buffer.byte-limit = 33554432 (custom)
2019-09-26 15:08:36,843 [pool-27-thread-1] INFO  server.RaftServerConfigKeys (ConfUtils.java:logGet(43)) - raft.server.log.segment.size.max = 1048576 (custom)
2019-09-26 15:08:36,843 [pool-27-thread-1] INFO  server.RaftServerConfigKeys (ConfUtils.java:logGet(43)) - raft.server.log.segment.cache.num.max = 2 (custom)
2019-09-26 15:08:36,843 [pool-27-thread-1] INFO  segmented.SegmentedRaftLogWorker (SegmentedRaftLogWorker.java:<init>(172)) - new 8a411a4f-0e32-4dd1-80b9-a797c2117425@group-04E195EC18D6-SegmentedRaftLogWorker for RaftStorage:Storage Directory /workdir/hadoop-ozone/integration-test/target/test-dir/MiniOzoneClusterImpl-646ad58d-3cd3-4092-ab15-506251c55e5b/datanode-0/data/ratis/1aba4526-c2b6-4b02-b7e0-04e195ec18d6
2019-09-26 15:08:36,843 [pool-27-thread-1] INFO  server.RaftServerConfigKeys (ConfUtils.java:logGet(43)) - raft.server.log.queue.byte-limit = 2147483647 (custom)
2019-09-26 15:08:36,843 [pool-27-thread-1] INFO  server.RaftServerConfigKeys (ConfUtils.java:logGet(43)) - raft.server.log.queue.element-limit = 1024 (custom)
2019-09-26 15:08:36,843 [pool-27-thread-1] INFO  server.RaftServerConfigKeys (ConfUtils.java:logGet(43)) - raft.server.log.segment.size.max = 1048576 (custom)
2019-09-26 15:08:36,843 [pool-27-thread-1] INFO  server.RaftServerConfigKeys (ConfUtils.java:logGet(43)) - raft.server.log.preallocated.size = 16384 (custom)
2019-09-26 15:08:36,843 [pool-27-thread-1] INFO  server.RaftServerConfigKeys (ConfUtils.java:logGet(43)) - raft.server.log.write.buffer.size = 33554432 (custom)
2019-09-26 15:08:36,843 [pool-27-thread-1] INFO  server.RaftServerConfigKeys (ConfUtils.java:logGet(43)) - raft.server.log.force.sync.num = 128 (default)
2019-09-26 15:08:36,843 [pool-27-thread-1] INFO  server.RaftServerConfigKeys (ConfUtils.java:logGet(43)) - raft.server.log.statemachine.data.sync = true (default)
2019-09-26 15:08:36,843 [pool-27-thread-1] INFO  server.RaftServerConfigKeys (ConfUtils.java:logGet(43)) - raft.server.log.statemachine.data.sync.timeout = 10s (default)
2019-09-26 15:08:36,844 [pool-27-thread-1] INFO  server.RaftServerConfigKeys (ConfUtils.java:logGet(43)) - raft.server.log.statemachine.data.sync.timeout.retry = -1 (default)
2019-09-26 15:08:36,844 [pool-27-thread-1] INFO  server.RaftServerConfigKeys (ConfUtils.java:logGet(43)) - raft.server.log.statemachine.data.caching.enabled = true (custom)
2019-09-26 15:08:36,844 [pool-27-thread-1] INFO  segmented.SegmentedRaftLogWorker (SegmentedRaftLogWorker.java:lambda$new$0(132)) - 8a411a4f-0e32-4dd1-80b9-a797c2117425@group-04E195EC18D6-SegmentedRaftLogWorker: flushIndex: setUnconditionally 0 -> -1
2019-09-26 15:08:36,844 [pool-27-thread-1] INFO  server.RaftServerConfigKeys (ConfUtils.java:logGet(43)) - raft.server.snapshot.auto.trigger.enabled = true (custom)
2019-09-26 15:08:36,844 [pool-27-thread-1] INFO  server.RaftServerConfigKeys (ConfUtils.java:logGet(43)) - raft.server.snapshot.auto.trigger.threshold = 10000 (custom)
2019-09-26 15:08:36,844 [pool-27-thread-1] INFO  server.RaftServerConfigKeys (ConfUtils.java:logGet(43)) - raft.server.snapshot.retention.num.files = 5 (custom)
2019-09-26 15:08:36,844 [pool-27-thread-1] INFO  server.RaftServerConfigKeys (ConfUtils.java:logGet(43)) - raft.server.retrycache.expirytime = 600000ms (custom)
2019-09-26 15:08:36,846 [pool-27-thread-1] INFO  impl.RaftServerImpl (RaftServerImpl.java:start(185)) - 8a411a4f-0e32-4dd1-80b9-a797c2117425@group-04E195EC18D6: start as a follower, conf=-1: [8a411a4f-0e32-4dd1-80b9-a797c2117425:192.168.151.99:37125], old=null
2019-09-26 15:08:36,846 [pool-27-thread-1] INFO  impl.RaftServerImpl (RaftServerImpl.java:setRole(174)) - 8a411a4f-0e32-4dd1-80b9-a797c2117425@group-04E195EC18D6: changes role from      null to FOLLOWER at term 0 for startAsFollower
2019-09-26 15:08:36,846 [pool-27-thread-1] INFO  impl.RoleInfo (RoleInfo.java:updateAndGet(143)) - 8a411a4f-0e32-4dd1-80b9-a797c2117425: start FollowerState
2019-09-26 15:08:36,846 [pool-27-thread-1] INFO  util.JmxRegister (JmxRegister.java:tryRegister(44)) - Successfully registered JMX Bean with object name Ratis:service=RaftServer,group=group-04E195EC18D6,id=8a411a4f-0e32-4dd1-80b9-a797c2117425
2019-09-26 15:08:36,847 [RatisPipelineUtilsThread] INFO  pipeline.PipelineStateManager (PipelineStateManager.java:addPipeline(56)) - Created pipeline Pipeline[ Id: 1aba4526-c2b6-4b02-b7e0-04e195ec18d6, Nodes: 8a411a4f-0e32-4dd1-80b9-a797c2117425{ip: 192.168.151.99, host: pr-hdds-1569-g6sp5-2013761785, networkLocation: /default-rack, certSerialId: null}, Type:RATIS, Factor:ONE, State:OPEN]
2019-09-26 15:08:36,850 [grpc-default-executor-1] INFO  impl.RaftServerProxy (RaftServerProxy.java:addNew(89)) - 8a411a4f-0e32-4dd1-80b9-a797c2117425: addNew group-5709F8A61C02:[8a411a4f-0e32-4dd1-80b9-a797c2117425:192.168.151.99:37125] returns group-5709F8A61C02:java.util.concurrent.CompletableFuture@4842f335[Not completed]
2019-09-26 15:08:36,851 [pool-27-thread-1] INFO  impl.RaftServerImpl (RaftServerImpl.java:<init>(95)) - 8a411a4f-0e32-4dd1-80b9-a797c2117425: new RaftServerImpl for group-5709F8A61C02:[8a411a4f-0e32-4dd1-80b9-a797c2117425:192.168.151.99:37125] with ContainerStateMachine:uninitialized
2019-09-26 15:08:36,851 [pool-27-thread-1] INFO  server.RaftServerConfigKeys (ConfUtils.java:logGet(43)) - raft.server.rpc.timeout.min = 5s (custom)
2019-09-26 15:08:36,851 [pool-27-thread-1] INFO  server.RaftServerConfigKeys (ConfUtils.java:logGet(43)) - raft.server.rpc.timeout.max = 5200ms (custom)
2019-09-26 15:08:36,851 [pool-27-thread-1] INFO  server.RaftServerConfigKeys (ConfUtils.java:logGet(43)) - raft.server.rpcslowness.timeout = 120s (custom)
2019-09-26 15:08:36,851 [pool-27-thread-1] INFO  server.RaftServerConfigKeys (ConfUtils.java:logGet(43)) - raft.server.sleep.deviation.threshold = 300 (default)
2019-09-26 15:08:36,851 [pool-27-thread-1] INFO  server.RaftServerConfigKeys (ConfUtils.java:logGet(43)) - raft.server.log.appender.install.snapshot.enabled = false (custom)
2019-09-26 15:08:36,851 [pool-27-thread-1] INFO  impl.RaftServerImpl (ServerState.java:<init>(103)) - 8a411a4f-0e32-4dd1-80b9-a797c2117425@group-5709F8A61C02: ConfigurationManager, init=-1: [8a411a4f-0e32-4dd1-80b9-a797c2117425:192.168.151.99:37125], old=null, confs=<EMPTY_MAP>
2019-09-26 15:08:36,851 [pool-27-thread-1] INFO  server.RaftServerConfigKeys (ConfUtils.java:logGet(43)) - raft.server.storage.dir = [/workdir/hadoop-ozone/integration-test/target/test-dir/MiniOzoneClusterImpl-646ad58d-3cd3-4092-ab15-506251c55e5b/datanode-0/data/ratis] (custom)
2019-09-26 15:08:36,852 [pool-27-thread-1] INFO  storage.RaftStorageDirectory (RaftStorageDirectory.java:analyzeStorage(246)) - The storage directory /workdir/hadoop-ozone/integration-test/target/test-dir/MiniOzoneClusterImpl-646ad58d-3cd3-4092-ab15-506251c55e5b/datanode-0/data/ratis/39416c60-28b0-4090-afbc-5709f8a61c02 does not exist. Creating ...
2019-09-26 15:08:36,866 [pool-27-thread-1] INFO  storage.RaftStorageDirectory (RaftStorageDirectory.java:tryLock(328)) - Lock on /workdir/hadoop-ozone/integration-test/target/test-dir/MiniOzoneClusterImpl-646ad58d-3cd3-4092-ab15-506251c55e5b/datanode-0/data/ratis/39416c60-28b0-4090-afbc-5709f8a61c02/in_use.lock acquired by nodename 7157@pr-hdds-1569-g6sp5-2013761785
2019-09-26 15:08:36,879 [pool-27-thread-1] INFO  storage.RaftStorage (RaftStorage.java:format(72)) - Storage directory /workdir/hadoop-ozone/integration-test/target/test-dir/MiniOzoneClusterImpl-646ad58d-3cd3-4092-ab15-506251c55e5b/datanode-0/data/ratis/39416c60-28b0-4090-afbc-5709f8a61c02 has been successfully formatted.
2019-09-26 15:08:36,879 [pool-27-thread-1] INFO  ratis.ContainerStateMachine (ContainerStateMachine.java:loadSnapshot(230)) - group-5709F8A61C02: The snapshot info is null. Setting the last applied indexto:(t:0, i:~)
2019-09-26 15:08:36,880 [pool-27-thread-1] INFO  server.RaftServerConfigKeys (ConfUtils.java:logGet(43)) - raft.server.notification.no-leader.timeout = 120s (custom)
2019-09-26 15:08:36,880 [pool-27-thread-1] INFO  server.RaftServerConfigKeys (ConfUtils.java:logGet(43)) - raft.server.log.use.memory = false (default)
2019-09-26 15:08:36,880 [pool-27-thread-1] INFO  server.RaftServerConfigKeys (ConfUtils.java:logGet(43)) - raft.server.log.purge.gap = 1000000 (custom)
2019-09-26 15:08:36,880 [pool-27-thread-1] INFO  server.RaftServerConfigKeys (ConfUtils.java:logGet(43)) - raft.server.log.appender.buffer.byte-limit = 33554432 (custom)
2019-09-26 15:08:36,880 [pool-27-thread-1] INFO  server.RaftServerConfigKeys (ConfUtils.java:logGet(43)) - raft.server.log.segment.size.max = 1048576 (custom)
2019-09-26 15:08:36,880 [pool-27-thread-1] INFO  server.RaftServerConfigKeys (ConfUtils.java:logGet(43)) - raft.server.log.segment.cache.num.max = 2 (custom)
2019-09-26 15:08:36,880 [pool-27-thread-1] INFO  segmented.SegmentedRaftLogWorker (SegmentedRaftLogWorker.java:<init>(172)) - new 8a411a4f-0e32-4dd1-80b9-a797c2117425@group-5709F8A61C02-SegmentedRaftLogWorker for RaftStorage:Storage Directory /workdir/hadoop-ozone/integration-test/target/test-dir/MiniOzoneClusterImpl-646ad58d-3cd3-4092-ab15-506251c55e5b/datanode-0/data/ratis/39416c60-28b0-4090-afbc-5709f8a61c02
2019-09-26 15:08:36,880 [pool-27-thread-1] INFO  server.RaftServerConfigKeys (ConfUtils.java:logGet(43)) - raft.server.log.queue.byte-limit = 2147483647 (custom)
2019-09-26 15:08:36,880 [pool-27-thread-1] INFO  server.RaftServerConfigKeys (ConfUtils.java:logGet(43)) - raft.server.log.queue.element-limit = 1024 (custom)
2019-09-26 15:08:36,880 [pool-27-thread-1] INFO  server.RaftServerConfigKeys (ConfUtils.java:logGet(43)) - raft.server.log.segment.size.max = 1048576 (custom)
2019-09-26 15:08:36,880 [pool-27-thread-1] INFO  server.RaftServerConfigKeys (ConfUtils.java:logGet(43)) - raft.server.log.preallocated.size = 16384 (custom)
2019-09-26 15:08:36,881 [pool-27-thread-1] INFO  server.RaftServerConfigKeys (ConfUtils.java:logGet(43)) - raft.server.log.write.buffer.size = 33554432 (custom)
2019-09-26 15:08:36,883 [pool-27-thread-1] INFO  server.RaftServerConfigKeys (ConfUtils.java:logGet(43)) - raft.server.log.force.sync.num = 128 (default)
2019-09-26 15:08:36,884 [pool-27-thread-1] INFO  server.RaftServerConfigKeys (ConfUtils.java:logGet(43)) - raft.server.log.statemachine.data.sync = true (default)
2019-09-26 15:08:36,884 [pool-27-thread-1] INFO  server.RaftServerConfigKeys (ConfUtils.java:logGet(43)) - raft.server.log.statemachine.data.sync.timeout = 10s (default)
2019-09-26 15:08:36,884 [pool-27-thread-1] INFO  server.RaftServerConfigKeys (ConfUtils.java:logGet(43)) - raft.server.log.statemachine.data.sync.timeout.retry = -1 (default)
2019-09-26 15:08:36,884 [pool-27-thread-1] INFO  server.RaftServerConfigKeys (ConfUtils.java:logGet(43)) - raft.server.log.statemachine.data.caching.enabled = true (custom)
2019-09-26 15:08:36,884 [pool-27-thread-1] INFO  segmented.SegmentedRaftLogWorker (SegmentedRaftLogWorker.java:lambda$new$0(132)) - 8a411a4f-0e32-4dd1-80b9-a797c2117425@group-5709F8A61C02-SegmentedRaftLogWorker: flushIndex: setUnconditionally 0 -> -1
2019-09-26 15:08:36,884 [pool-27-thread-1] INFO  server.RaftServerConfigKeys (ConfUtils.java:logGet(43)) - raft.server.snapshot.auto.trigger.enabled = true (custom)
2019-09-26 15:08:36,884 [pool-27-thread-1] INFO  server.RaftServerConfigKeys (ConfUtils.java:logGet(43)) - raft.server.snapshot.auto.trigger.threshold = 10000 (custom)
2019-09-26 15:08:36,884 [pool-27-thread-1] INFO  server.RaftServerConfigKeys (ConfUtils.java:logGet(43)) - raft.server.snapshot.retention.num.files = 5 (custom)
2019-09-26 15:08:36,885 [pool-27-thread-1] INFO  server.RaftServerConfigKeys (ConfUtils.java:logGet(43)) - raft.server.retrycache.expirytime = 600000ms (custom)
2019-09-26 15:08:36,886 [pool-27-thread-1] INFO  impl.RaftServerImpl (RaftServerImpl.java:start(185)) - 8a411a4f-0e32-4dd1-80b9-a797c2117425@group-5709F8A61C02: start as a follower, conf=-1: [8a411a4f-0e32-4dd1-80b9-a797c2117425:192.168.151.99:37125], old=null
2019-09-26 15:08:36,886 [pool-27-thread-1] INFO  impl.RaftServerImpl (RaftServerImpl.java:setRole(174)) - 8a411a4f-0e32-4dd1-80b9-a797c2117425@group-5709F8A61C02: changes role from      null to FOLLOWER at term 0 for startAsFollower
2019-09-26 15:08:36,886 [pool-27-thread-1] INFO  impl.RoleInfo (RoleInfo.java:updateAndGet(143)) - 8a411a4f-0e32-4dd1-80b9-a797c2117425: start FollowerState
2019-09-26 15:08:36,886 [pool-27-thread-1] INFO  util.JmxRegister (JmxRegister.java:tryRegister(44)) - Successfully registered JMX Bean with object name Ratis:service=RaftServer,group=group-5709F8A61C02,id=8a411a4f-0e32-4dd1-80b9-a797c2117425
2019-09-26 15:08:36,889 [RatisPipelineUtilsThread] INFO  pipeline.PipelineStateManager (PipelineStateManager.java:addPipeline(56)) - Created pipeline Pipeline[ Id: 39416c60-28b0-4090-afbc-5709f8a61c02, Nodes: 8a411a4f-0e32-4dd1-80b9-a797c2117425{ip: 192.168.151.99, host: pr-hdds-1569-g6sp5-2013761785, networkLocation: /default-rack, certSerialId: null}, Type:RATIS, Factor:ONE, State:OPEN]
2019-09-26 15:08:36,892 [grpc-default-executor-1] INFO  impl.RaftServerProxy (RaftServerProxy.java:addNew(89)) - 8a411a4f-0e32-4dd1-80b9-a797c2117425: addNew group-53CD7F03AB35:[8a411a4f-0e32-4dd1-80b9-a797c2117425:192.168.151.99:37125] returns group-53CD7F03AB35:java.util.concurrent.CompletableFuture@22916304[Not completed]
2019-09-26 15:08:36,893 [pool-27-thread-1] INFO  impl.RaftServerImpl (RaftServerImpl.java:<init>(95)) - 8a411a4f-0e32-4dd1-80b9-a797c2117425: new RaftServerImpl for group-53CD7F03AB35:[8a411a4f-0e32-4dd1-80b9-a797c2117425:192.168.151.99:37125] with ContainerStateMachine:uninitialized
2019-09-26 15:08:36,893 [pool-27-thread-1] INFO  server.RaftServerConfigKeys (ConfUtils.java:logGet(43)) - raft.server.rpc.timeout.min = 5s (custom)
2019-09-26 15:08:36,893 [pool-27-thread-1] INFO  server.RaftServerConfigKeys (ConfUtils.java:logGet(43)) - raft.server.rpc.timeout.max = 5200ms (custom)
2019-09-26 15:08:36,893 [pool-27-thread-1] INFO  server.RaftServerConfigKeys (ConfUtils.java:logGet(43)) - raft.server.rpcslowness.timeout = 120s (custom)
2019-09-26 15:08:36,893 [pool-27-thread-1] INFO  server.RaftServerConfigKeys (ConfUtils.java:logGet(43)) - raft.server.sleep.deviation.threshold = 300 (default)
2019-09-26 15:08:36,893 [pool-27-thread-1] INFO  server.RaftServerConfigKeys (ConfUtils.java:logGet(43)) - raft.server.log.appender.install.snapshot.enabled = false (custom)
2019-09-26 15:08:36,893 [pool-27-thread-1] INFO  impl.RaftServerImpl (ServerState.java:<init>(103)) - 8a411a4f-0e32-4dd1-80b9-a797c2117425@group-53CD7F03AB35: ConfigurationManager, init=-1: [8a411a4f-0e32-4dd1-80b9-a797c2117425:192.168.151.99:37125], old=null, confs=<EMPTY_MAP>
2019-09-26 15:08:36,893 [pool-27-thread-1] INFO  server.RaftServerConfigKeys (ConfUtils.java:logGet(43)) - raft.server.storage.dir = [/workdir/hadoop-ozone/integration-test/target/test-dir/MiniOzoneClusterImpl-646ad58d-3cd3-4092-ab15-506251c55e5b/datanode-0/data/ratis] (custom)
2019-09-26 15:08:36,894 [pool-27-thread-1] INFO  storage.RaftStorageDirectory (RaftStorageDirectory.java:analyzeStorage(246)) - The storage directory /workdir/hadoop-ozone/integration-test/target/test-dir/MiniOzoneClusterImpl-646ad58d-3cd3-4092-ab15-506251c55e5b/datanode-0/data/ratis/c79c188d-87a5-4e1e-a265-53cd7f03ab35 does not exist. Creating ...
2019-09-26 15:08:36,907 [pool-27-thread-1] INFO  storage.RaftStorageDirectory (RaftStorageDirectory.java:tryLock(328)) - Lock on /workdir/hadoop-ozone/integration-test/target/test-dir/MiniOzoneClusterImpl-646ad58d-3cd3-4092-ab15-506251c55e5b/datanode-0/data/ratis/c79c188d-87a5-4e1e-a265-53cd7f03ab35/in_use.lock acquired by nodename 7157@pr-hdds-1569-g6sp5-2013761785
2019-09-26 15:08:36,920 [pool-27-thread-1] INFO  storage.RaftStorage (RaftStorage.java:format(72)) - Storage directory /workdir/hadoop-ozone/integration-test/target/test-dir/MiniOzoneClusterImpl-646ad58d-3cd3-4092-ab15-506251c55e5b/datanode-0/data/ratis/c79c188d-87a5-4e1e-a265-53cd7f03ab35 has been successfully formatted.
2019-09-26 15:08:36,920 [pool-27-thread-1] INFO  ratis.ContainerStateMachine (ContainerStateMachine.java:loadSnapshot(230)) - group-53CD7F03AB35: The snapshot info is null. Setting the last applied indexto:(t:0, i:~)
2019-09-26 15:08:36,920 [pool-27-thread-1] INFO  server.RaftServerConfigKeys (ConfUtils.java:logGet(43)) - raft.server.notification.no-leader.timeout = 120s (custom)
2019-09-26 15:08:36,920 [pool-27-thread-1] INFO  server.RaftServerConfigKeys (ConfUtils.java:logGet(43)) - raft.server.log.use.memory = false (default)
2019-09-26 15:08:36,920 [pool-27-thread-1] INFO  server.RaftServerConfigKeys (ConfUtils.java:logGet(43)) - raft.server.log.purge.gap = 1000000 (custom)
2019-09-26 15:08:36,920 [pool-27-thread-1] INFO  server.RaftServerConfigKeys (ConfUtils.java:logGet(43)) - raft.server.log.appender.buffer.byte-limit = 33554432 (custom)
2019-09-26 15:08:36,920 [pool-27-thread-1] INFO  server.RaftServerConfigKeys (ConfUtils.java:logGet(43)) - raft.server.log.segment.size.max = 1048576 (custom)
2019-09-26 15:08:36,920 [pool-27-thread-1] INFO  server.RaftServerConfigKeys (ConfUtils.java:logGet(43)) - raft.server.log.segment.cache.num.max = 2 (custom)
2019-09-26 15:08:36,920 [pool-27-thread-1] INFO  segmented.SegmentedRaftLogWorker (SegmentedRaftLogWorker.java:<init>(172)) - new 8a411a4f-0e32-4dd1-80b9-a797c2117425@group-53CD7F03AB35-SegmentedRaftLogWorker for RaftStorage:Storage Directory /workdir/hadoop-ozone/integration-test/target/test-dir/MiniOzoneClusterImpl-646ad58d-3cd3-4092-ab15-506251c55e5b/datanode-0/data/ratis/c79c188d-87a5-4e1e-a265-53cd7f03ab35
2019-09-26 15:08:36,921 [pool-27-thread-1] INFO  server.RaftServerConfigKeys (ConfUtils.java:logGet(43)) - raft.server.log.queue.byte-limit = 2147483647 (custom)
2019-09-26 15:08:36,921 [pool-27-thread-1] INFO  server.RaftServerConfigKeys (ConfUtils.java:logGet(43)) - raft.server.log.queue.element-limit = 1024 (custom)
2019-09-26 15:08:36,921 [pool-27-thread-1] INFO  server.RaftServerConfigKeys (ConfUtils.java:logGet(43)) - raft.server.log.segment.size.max = 1048576 (custom)
2019-09-26 15:08:36,921 [pool-27-thread-1] INFO  server.RaftServerConfigKeys (ConfUtils.java:logGet(43)) - raft.server.log.preallocated.size = 16384 (custom)
2019-09-26 15:08:36,921 [pool-27-thread-1] INFO  server.RaftServerConfigKeys (ConfUtils.java:logGet(43)) - raft.server.log.write.buffer.size = 33554432 (custom)
2019-09-26 15:08:36,921 [pool-27-thread-1] INFO  server.RaftServerConfigKeys (ConfUtils.java:logGet(43)) - raft.server.log.force.sync.num = 128 (default)
2019-09-26 15:08:36,921 [pool-27-thread-1] INFO  server.RaftServerConfigKeys (ConfUtils.java:logGet(43)) - raft.server.log.statemachine.data.sync = true (default)
2019-09-26 15:08:36,921 [pool-27-thread-1] INFO  server.RaftServerConfigKeys (ConfUtils.java:logGet(43)) - raft.server.log.statemachine.data.sync.timeout = 10s (default)
2019-09-26 15:08:36,921 [pool-27-thread-1] INFO  server.RaftServerConfigKeys (ConfUtils.java:logGet(43)) - raft.server.log.statemachine.data.sync.timeout.retry = -1 (default)
2019-09-26 15:08:36,921 [pool-27-thread-1] INFO  server.RaftServerConfigKeys (ConfUtils.java:logGet(43)) - raft.server.log.statemachine.data.caching.enabled = true (custom)
2019-09-26 15:08:36,921 [pool-27-thread-1] INFO  segmented.SegmentedRaftLogWorker (SegmentedRaftLogWorker.java:lambda$new$0(132)) - 8a411a4f-0e32-4dd1-80b9-a797c2117425@group-53CD7F03AB35-SegmentedRaftLogWorker: flushIndex: setUnconditionally 0 -> -1
2019-09-26 15:08:36,922 [pool-27-thread-1] INFO  server.RaftServerConfigKeys (ConfUtils.java:logGet(43)) - raft.server.snapshot.auto.trigger.enabled = true (custom)
2019-09-26 15:08:36,922 [pool-27-thread-1] INFO  server.RaftServerConfigKeys (ConfUtils.java:logGet(43)) - raft.server.snapshot.auto.trigger.threshold = 10000 (custom)
2019-09-26 15:08:36,922 [pool-27-thread-1] INFO  server.RaftServerConfigKeys (ConfUtils.java:logGet(43)) - raft.server.snapshot.retention.num.files = 5 (custom)
2019-09-26 15:08:36,922 [pool-27-thread-1] INFO  server.RaftServerConfigKeys (ConfUtils.java:logGet(43)) - raft.server.retrycache.expirytime = 600000ms (custom)
2019-09-26 15:08:36,923 [pool-27-thread-1] INFO  impl.RaftServerImpl (RaftServerImpl.java:start(185)) - 8a411a4f-0e32-4dd1-80b9-a797c2117425@group-53CD7F03AB35: start as a follower, conf=-1: [8a411a4f-0e32-4dd1-80b9-a797c2117425:192.168.151.99:37125], old=null
2019-09-26 15:08:36,923 [pool-27-thread-1] INFO  impl.RaftServerImpl (RaftServerImpl.java:setRole(174)) - 8a411a4f-0e32-4dd1-80b9-a797c2117425@group-53CD7F03AB35: changes role from      null to FOLLOWER at term 0 for startAsFollower
2019-09-26 15:08:36,923 [pool-27-thread-1] INFO  impl.RoleInfo (RoleInfo.java:updateAndGet(143)) - 8a411a4f-0e32-4dd1-80b9-a797c2117425: start FollowerState
2019-09-26 15:08:36,924 [pool-27-thread-1] INFO  util.JmxRegister (JmxRegister.java:tryRegister(44)) - Successfully registered JMX Bean with object name Ratis:service=RaftServer,group=group-53CD7F03AB35,id=8a411a4f-0e32-4dd1-80b9-a797c2117425
2019-09-26 15:08:36,925 [RatisPipelineUtilsThread] INFO  pipeline.PipelineStateManager (PipelineStateManager.java:addPipeline(56)) - Created pipeline Pipeline[ Id: c79c188d-87a5-4e1e-a265-53cd7f03ab35, Nodes: 8a411a4f-0e32-4dd1-80b9-a797c2117425{ip: 192.168.151.99, host: pr-hdds-1569-g6sp5-2013761785, networkLocation: /default-rack, certSerialId: null}, Type:RATIS, Factor:ONE, State:OPEN]
2019-09-26 15:08:36,928 [grpc-default-executor-1] INFO  impl.RaftServerProxy (RaftServerProxy.java:addNew(89)) - 8a411a4f-0e32-4dd1-80b9-a797c2117425: addNew group-4746F350A503:[8a411a4f-0e32-4dd1-80b9-a797c2117425:192.168.151.99:37125] returns group-4746F350A503:java.util.concurrent.CompletableFuture@403375f6[Not completed]
2019-09-26 15:08:36,929 [pool-27-thread-1] INFO  impl.RaftServerImpl (RaftServerImpl.java:<init>(95)) - 8a411a4f-0e32-4dd1-80b9-a797c2117425: new RaftServerImpl for group-4746F350A503:[8a411a4f-0e32-4dd1-80b9-a797c2117425:192.168.151.99:37125] with ContainerStateMachine:uninitialized
2019-09-26 15:08:36,929 [pool-27-thread-1] INFO  server.RaftServerConfigKeys (ConfUtils.java:logGet(43)) - raft.server.rpc.timeout.min = 5s (custom)
2019-09-26 15:08:36,929 [pool-27-thread-1] INFO  server.RaftServerConfigKeys (ConfUtils.java:logGet(43)) - raft.server.rpc.timeout.max = 5200ms (custom)
2019-09-26 15:08:36,929 [pool-27-thread-1] INFO  server.RaftServerConfigKeys (ConfUtils.java:logGet(43)) - raft.server.rpcslowness.timeout = 120s (custom)
2019-09-26 15:08:36,929 [pool-27-thread-1] INFO  server.RaftServerConfigKeys (ConfUtils.java:logGet(43)) - raft.server.sleep.deviation.threshold = 300 (default)
2019-09-26 15:08:36,929 [pool-27-thread-1] INFO  server.RaftServerConfigKeys (ConfUtils.java:logGet(43)) - raft.server.log.appender.install.snapshot.enabled = false (custom)
2019-09-26 15:08:36,929 [pool-27-thread-1] INFO  impl.RaftServerImpl (ServerState.java:<init>(103)) - 8a411a4f-0e32-4dd1-80b9-a797c2117425@group-4746F350A503: ConfigurationManager, init=-1: [8a411a4f-0e32-4dd1-80b9-a797c2117425:192.168.151.99:37125], old=null, confs=<EMPTY_MAP>
2019-09-26 15:08:36,929 [pool-27-thread-1] INFO  server.RaftServerConfigKeys (ConfUtils.java:logGet(43)) - raft.server.storage.dir = [/workdir/hadoop-ozone/integration-test/target/test-dir/MiniOzoneClusterImpl-646ad58d-3cd3-4092-ab15-506251c55e5b/datanode-0/data/ratis] (custom)
2019-09-26 15:08:36,930 [pool-27-thread-1] INFO  storage.RaftStorageDirectory (RaftStorageDirectory.java:analyzeStorage(246)) - The storage directory /workdir/hadoop-ozone/integration-test/target/test-dir/MiniOzoneClusterImpl-646ad58d-3cd3-4092-ab15-506251c55e5b/datanode-0/data/ratis/93a28a4d-34e0-4c7d-a4a7-4746f350a503 does not exist. Creating ...
2019-09-26 15:08:36,944 [pool-27-thread-1] INFO  storage.RaftStorageDirectory (RaftStorageDirectory.java:tryLock(328)) - Lock on /workdir/hadoop-ozone/integration-test/target/test-dir/MiniOzoneClusterImpl-646ad58d-3cd3-4092-ab15-506251c55e5b/datanode-0/data/ratis/93a28a4d-34e0-4c7d-a4a7-4746f350a503/in_use.lock acquired by nodename 7157@pr-hdds-1569-g6sp5-2013761785
2019-09-26 15:08:36,958 [pool-27-thread-1] INFO  storage.RaftStorage (RaftStorage.java:format(72)) - Storage directory /workdir/hadoop-ozone/integration-test/target/test-dir/MiniOzoneClusterImpl-646ad58d-3cd3-4092-ab15-506251c55e5b/datanode-0/data/ratis/93a28a4d-34e0-4c7d-a4a7-4746f350a503 has been successfully formatted.
2019-09-26 15:08:36,958 [pool-27-thread-1] INFO  ratis.ContainerStateMachine (ContainerStateMachine.java:loadSnapshot(230)) - group-4746F350A503: The snapshot info is null. Setting the last applied indexto:(t:0, i:~)
2019-09-26 15:08:36,958 [pool-27-thread-1] INFO  server.RaftServerConfigKeys (ConfUtils.java:logGet(43)) - raft.server.notification.no-leader.timeout = 120s (custom)
2019-09-26 15:08:36,958 [pool-27-thread-1] INFO  server.RaftServerConfigKeys (ConfUtils.java:logGet(43)) - raft.server.log.use.memory = false (default)
2019-09-26 15:08:36,958 [pool-27-thread-1] INFO  server.RaftServerConfigKeys (ConfUtils.java:logGet(43)) - raft.server.log.purge.gap = 1000000 (custom)
2019-09-26 15:08:36,958 [pool-27-thread-1] INFO  server.RaftServerConfigKeys (ConfUtils.java:logGet(43)) - raft.server.log.appender.buffer.byte-limit = 33554432 (custom)
2019-09-26 15:08:36,958 [pool-27-thread-1] INFO  server.RaftServerConfigKeys (ConfUtils.java:logGet(43)) - raft.server.log.segment.size.max = 1048576 (custom)
2019-09-26 15:08:36,958 [pool-27-thread-1] INFO  server.RaftServerConfigKeys (ConfUtils.java:logGet(43)) - raft.server.log.segment.cache.num.max = 2 (custom)
2019-09-26 15:08:36,959 [pool-27-thread-1] INFO  segmented.SegmentedRaftLogWorker (SegmentedRaftLogWorker.java:<init>(172)) - new 8a411a4f-0e32-4dd1-80b9-a797c2117425@group-4746F350A503-SegmentedRaftLogWorker for RaftStorage:Storage Directory /workdir/hadoop-ozone/integration-test/target/test-dir/MiniOzoneClusterImpl-646ad58d-3cd3-4092-ab15-506251c55e5b/datanode-0/data/ratis/93a28a4d-34e0-4c7d-a4a7-4746f350a503
2019-09-26 15:08:36,959 [pool-27-thread-1] INFO  server.RaftServerConfigKeys (ConfUtils.java:logGet(43)) - raft.server.log.queue.byte-limit = 2147483647 (custom)
2019-09-26 15:08:36,959 [pool-27-thread-1] INFO  server.RaftServerConfigKeys (ConfUtils.java:logGet(43)) - raft.server.log.queue.element-limit = 1024 (custom)
2019-09-26 15:08:36,959 [pool-27-thread-1] INFO  server.RaftServerConfigKeys (ConfUtils.java:logGet(43)) - raft.server.log.segment.size.max = 1048576 (custom)
2019-09-26 15:08:36,959 [pool-27-thread-1] INFO  server.RaftServerConfigKeys (ConfUtils.java:logGet(43)) - raft.server.log.preallocated.size = 16384 (custom)
2019-09-26 15:08:36,959 [pool-27-thread-1] INFO  server.RaftServerConfigKeys (ConfUtils.java:logGet(43)) - raft.server.log.write.buffer.size = 33554432 (custom)
2019-09-26 15:08:36,959 [pool-27-thread-1] INFO  server.RaftServerConfigKeys (ConfUtils.java:logGet(43)) - raft.server.log.force.sync.num = 128 (default)
2019-09-26 15:08:36,959 [pool-27-thread-1] INFO  server.RaftServerConfigKeys (ConfUtils.java:logGet(43)) - raft.server.log.statemachine.data.sync = true (default)
2019-09-26 15:08:36,959 [pool-27-thread-1] INFO  server.RaftServerConfigKeys (ConfUtils.java:logGet(43)) - raft.server.log.statemachine.data.sync.timeout = 10s (default)
2019-09-26 15:08:36,959 [pool-27-thread-1] INFO  server.RaftServerConfigKeys (ConfUtils.java:logGet(43)) - raft.server.log.statemachine.data.sync.timeout.retry = -1 (default)
2019-09-26 15:08:36,959 [pool-27-thread-1] INFO  server.RaftServerConfigKeys (ConfUtils.java:logGet(43)) - raft.server.log.statemachine.data.caching.enabled = true (custom)
2019-09-26 15:08:36,959 [pool-27-thread-1] INFO  segmented.SegmentedRaftLogWorker (SegmentedRaftLogWorker.java:lambda$new$0(132)) - 8a411a4f-0e32-4dd1-80b9-a797c2117425@group-4746F350A503-SegmentedRaftLogWorker: flushIndex: setUnconditionally 0 -> -1
2019-09-26 15:08:36,960 [pool-27-thread-1] INFO  server.RaftServerConfigKeys (ConfUtils.java:logGet(43)) - raft.server.snapshot.auto.trigger.enabled = true (custom)
2019-09-26 15:08:36,960 [pool-27-thread-1] INFO  server.RaftServerConfigKeys (ConfUtils.java:logGet(43)) - raft.server.snapshot.auto.trigger.threshold = 10000 (custom)
2019-09-26 15:08:36,960 [pool-27-thread-1] INFO  server.RaftServerConfigKeys (ConfUtils.java:logGet(43)) - raft.server.snapshot.retention.num.files = 5 (custom)
2019-09-26 15:08:36,960 [pool-27-thread-1] INFO  server.RaftServerConfigKeys (ConfUtils.java:logGet(43)) - raft.server.retrycache.expirytime = 600000ms (custom)
2019-09-26 15:08:36,961 [pool-27-thread-1] INFO  impl.RaftServerImpl (RaftServerImpl.java:start(185)) - 8a411a4f-0e32-4dd1-80b9-a797c2117425@group-4746F350A503: start as a follower, conf=-1: [8a411a4f-0e32-4dd1-80b9-a797c2117425:192.168.151.99:37125], old=null
2019-09-26 15:08:36,961 [pool-27-thread-1] INFO  impl.RaftServerImpl (RaftServerImpl.java:setRole(174)) - 8a411a4f-0e32-4dd1-80b9-a797c2117425@group-4746F350A503: changes role from      null to FOLLOWER at term 0 for startAsFollower
2019-09-26 15:08:36,961 [pool-27-thread-1] INFO  impl.RoleInfo (RoleInfo.java:updateAndGet(143)) - 8a411a4f-0e32-4dd1-80b9-a797c2117425: start FollowerState
2019-09-26 15:08:36,961 [pool-27-thread-1] INFO  util.JmxRegister (JmxRegister.java:tryRegister(44)) - Successfully registered JMX Bean with object name Ratis:service=RaftServer,group=group-4746F350A503,id=8a411a4f-0e32-4dd1-80b9-a797c2117425
2019-09-26 15:08:36,962 [RatisPipelineUtilsThread] INFO  pipeline.PipelineStateManager (PipelineStateManager.java:addPipeline(56)) - Created pipeline Pipeline[ Id: 93a28a4d-34e0-4c7d-a4a7-4746f350a503, Nodes: 8a411a4f-0e32-4dd1-80b9-a797c2117425{ip: 192.168.151.99, host: pr-hdds-1569-g6sp5-2013761785, networkLocation: /default-rack, certSerialId: null}, Type:RATIS, Factor:ONE, State:OPEN]
2019-09-26 15:08:36,965 [grpc-default-executor-1] INFO  impl.RaftServerProxy (RaftServerProxy.java:addNew(89)) - 8a411a4f-0e32-4dd1-80b9-a797c2117425: addNew group-CFBE5C1BAA60:[8a411a4f-0e32-4dd1-80b9-a797c2117425:192.168.151.99:37125] returns group-CFBE5C1BAA60:java.util.concurrent.CompletableFuture@22957faf[Not completed]
2019-09-26 15:08:36,966 [pool-27-thread-1] INFO  impl.RaftServerImpl (RaftServerImpl.java:<init>(95)) - 8a411a4f-0e32-4dd1-80b9-a797c2117425: new RaftServerImpl for group-CFBE5C1BAA60:[8a411a4f-0e32-4dd1-80b9-a797c2117425:192.168.151.99:37125] with ContainerStateMachine:uninitialized
2019-09-26 15:08:36,966 [pool-27-thread-1] INFO  server.RaftServerConfigKeys (ConfUtils.java:logGet(43)) - raft.server.rpc.timeout.min = 5s (custom)
2019-09-26 15:08:36,966 [pool-27-thread-1] INFO  server.RaftServerConfigKeys (ConfUtils.java:logGet(43)) - raft.server.rpc.timeout.max = 5200ms (custom)
2019-09-26 15:08:36,966 [pool-27-thread-1] INFO  server.RaftServerConfigKeys (ConfUtils.java:logGet(43)) - raft.server.rpcslowness.timeout = 120s (custom)
2019-09-26 15:08:36,966 [pool-27-thread-1] INFO  server.RaftServerConfigKeys (ConfUtils.java:logGet(43)) - raft.server.sleep.deviation.threshold = 300 (default)
2019-09-26 15:08:36,966 [pool-27-thread-1] INFO  server.RaftServerConfigKeys (ConfUtils.java:logGet(43)) - raft.server.log.appender.install.snapshot.enabled = false (custom)
2019-09-26 15:08:36,966 [pool-27-thread-1] INFO  impl.RaftServerImpl (ServerState.java:<init>(103)) - 8a411a4f-0e32-4dd1-80b9-a797c2117425@group-CFBE5C1BAA60: ConfigurationManager, init=-1: [8a411a4f-0e32-4dd1-80b9-a797c2117425:192.168.151.99:37125], old=null, confs=<EMPTY_MAP>
2019-09-26 15:08:36,966 [pool-27-thread-1] INFO  server.RaftServerConfigKeys (ConfUtils.java:logGet(43)) - raft.server.storage.dir = [/workdir/hadoop-ozone/integration-test/target/test-dir/MiniOzoneClusterImpl-646ad58d-3cd3-4092-ab15-506251c55e5b/datanode-0/data/ratis] (custom)
2019-09-26 15:08:36,967 [pool-27-thread-1] INFO  storage.RaftStorageDirectory (RaftStorageDirectory.java:analyzeStorage(246)) - The storage directory /workdir/hadoop-ozone/integration-test/target/test-dir/MiniOzoneClusterImpl-646ad58d-3cd3-4092-ab15-506251c55e5b/datanode-0/data/ratis/b12ef758-f8e9-49df-b3fb-cfbe5c1baa60 does not exist. Creating ...
2019-09-26 15:08:36,969 [pool-27-thread-1] INFO  storage.RaftStorageDirectory (RaftStorageDirectory.java:tryLock(328)) - Lock on /workdir/hadoop-ozone/integration-test/target/test-dir/MiniOzoneClusterImpl-646ad58d-3cd3-4092-ab15-506251c55e5b/datanode-0/data/ratis/b12ef758-f8e9-49df-b3fb-cfbe5c1baa60/in_use.lock acquired by nodename 7157@pr-hdds-1569-g6sp5-2013761785
2019-09-26 15:08:36,972 [pool-27-thread-1] INFO  storage.RaftStorage (RaftStorage.java:format(72)) - Storage directory /workdir/hadoop-ozone/integration-test/target/test-dir/MiniOzoneClusterImpl-646ad58d-3cd3-4092-ab15-506251c55e5b/datanode-0/data/ratis/b12ef758-f8e9-49df-b3fb-cfbe5c1baa60 has been successfully formatted.
2019-09-26 15:08:36,973 [pool-27-thread-1] INFO  ratis.ContainerStateMachine (ContainerStateMachine.java:loadSnapshot(230)) - group-CFBE5C1BAA60: The snapshot info is null. Setting the last applied indexto:(t:0, i:~)
2019-09-26 15:08:36,973 [pool-27-thread-1] INFO  server.RaftServerConfigKeys (ConfUtils.java:logGet(43)) - raft.server.notification.no-leader.timeout = 120s (custom)
2019-09-26 15:08:36,973 [pool-27-thread-1] INFO  server.RaftServerConfigKeys (ConfUtils.java:logGet(43)) - raft.server.log.use.memory = false (default)
2019-09-26 15:08:36,973 [pool-27-thread-1] INFO  server.RaftServerConfigKeys (ConfUtils.java:logGet(43)) - raft.server.log.purge.gap = 1000000 (custom)
2019-09-26 15:08:36,973 [pool-27-thread-1] INFO  server.RaftServerConfigKeys (ConfUtils.java:logGet(43)) - raft.server.log.appender.buffer.byte-limit = 33554432 (custom)
2019-09-26 15:08:36,973 [pool-27-thread-1] INFO  server.RaftServerConfigKeys (ConfUtils.java:logGet(43)) - raft.server.log.segment.size.max = 1048576 (custom)
2019-09-26 15:08:36,973 [pool-27-thread-1] INFO  server.RaftServerConfigKeys (ConfUtils.java:logGet(43)) - raft.server.log.segment.cache.num.max = 2 (custom)
2019-09-26 15:08:36,973 [pool-27-thread-1] INFO  segmented.SegmentedRaftLogWorker (SegmentedRaftLogWorker.java:<init>(172)) - new 8a411a4f-0e32-4dd1-80b9-a797c2117425@group-CFBE5C1BAA60-SegmentedRaftLogWorker for RaftStorage:Storage Directory /workdir/hadoop-ozone/integration-test/target/test-dir/MiniOzoneClusterImpl-646ad58d-3cd3-4092-ab15-506251c55e5b/datanode-0/data/ratis/b12ef758-f8e9-49df-b3fb-cfbe5c1baa60
2019-09-26 15:08:36,973 [pool-27-thread-1] INFO  server.RaftServerConfigKeys (ConfUtils.java:logGet(43)) - raft.server.log.queue.byte-limit = 2147483647 (custom)
2019-09-26 15:08:36,973 [pool-27-thread-1] INFO  server.RaftServerConfigKeys (ConfUtils.java:logGet(43)) - raft.server.log.queue.element-limit = 1024 (custom)
2019-09-26 15:08:36,973 [pool-27-thread-1] INFO  server.RaftServerConfigKeys (ConfUtils.java:logGet(43)) - raft.server.log.segment.size.max = 1048576 (custom)
2019-09-26 15:08:36,973 [pool-27-thread-1] INFO  server.RaftServerConfigKeys (ConfUtils.java:logGet(43)) - raft.server.log.preallocated.size = 16384 (custom)
2019-09-26 15:08:36,973 [pool-27-thread-1] INFO  server.RaftServerConfigKeys (ConfUtils.java:logGet(43)) - raft.server.log.write.buffer.size = 33554432 (custom)
2019-09-26 15:08:36,974 [pool-27-thread-1] INFO  server.RaftServerConfigKeys (ConfUtils.java:logGet(43)) - raft.server.log.force.sync.num = 128 (default)
2019-09-26 15:08:36,974 [pool-27-thread-1] INFO  server.RaftServerConfigKeys (ConfUtils.java:logGet(43)) - raft.server.log.statemachine.data.sync = true (default)
2019-09-26 15:08:36,974 [pool-27-thread-1] INFO  server.RaftServerConfigKeys (ConfUtils.java:logGet(43)) - raft.server.log.statemachine.data.sync.timeout = 10s (default)
2019-09-26 15:08:36,974 [pool-27-thread-1] INFO  server.RaftServerConfigKeys (ConfUtils.java:logGet(43)) - raft.server.log.statemachine.data.sync.timeout.retry = -1 (default)
2019-09-26 15:08:36,974 [pool-27-thread-1] INFO  server.RaftServerConfigKeys (ConfUtils.java:logGet(43)) - raft.server.log.statemachine.data.caching.enabled = true (custom)
2019-09-26 15:08:36,974 [pool-27-thread-1] INFO  segmented.SegmentedRaftLogWorker (SegmentedRaftLogWorker.java:lambda$new$0(132)) - 8a411a4f-0e32-4dd1-80b9-a797c2117425@group-CFBE5C1BAA60-SegmentedRaftLogWorker: flushIndex: setUnconditionally 0 -> -1
2019-09-26 15:08:36,974 [pool-27-thread-1] INFO  server.RaftServerConfigKeys (ConfUtils.java:logGet(43)) - raft.server.snapshot.auto.trigger.enabled = true (custom)
2019-09-26 15:08:36,974 [pool-27-thread-1] INFO  server.RaftServerConfigKeys (ConfUtils.java:logGet(43)) - raft.server.snapshot.auto.trigger.threshold = 10000 (custom)
2019-09-26 15:08:36,974 [pool-27-thread-1] INFO  server.RaftServerConfigKeys (ConfUtils.java:logGet(43)) - raft.server.snapshot.retention.num.files = 5 (custom)
2019-09-26 15:08:36,974 [pool-27-thread-1] INFO  server.RaftServerConfigKeys (ConfUtils.java:logGet(43)) - raft.server.retrycache.expirytime = 600000ms (custom)
2019-09-26 15:08:36,975 [pool-27-thread-1] INFO  impl.RaftServerImpl (RaftServerImpl.java:start(185)) - 8a411a4f-0e32-4dd1-80b9-a797c2117425@group-CFBE5C1BAA60: start as a follower, conf=-1: [8a411a4f-0e32-4dd1-80b9-a797c2117425:192.168.151.99:37125], old=null
2019-09-26 15:08:36,975 [pool-27-thread-1] INFO  impl.RaftServerImpl (RaftServerImpl.java:setRole(174)) - 8a411a4f-0e32-4dd1-80b9-a797c2117425@group-CFBE5C1BAA60: changes role from      null to FOLLOWER at term 0 for startAsFollower
2019-09-26 15:08:36,975 [pool-27-thread-1] INFO  impl.RoleInfo (RoleInfo.java:updateAndGet(143)) - 8a411a4f-0e32-4dd1-80b9-a797c2117425: start FollowerState
2019-09-26 15:08:36,976 [pool-27-thread-1] INFO  util.JmxRegister (JmxRegister.java:tryRegister(44)) - Successfully registered JMX Bean with object name Ratis:service=RaftServer,group=group-CFBE5C1BAA60,id=8a411a4f-0e32-4dd1-80b9-a797c2117425
2019-09-26 15:08:36,977 [RatisPipelineUtilsThread] INFO  pipeline.PipelineStateManager (PipelineStateManager.java:addPipeline(56)) - Created pipeline Pipeline[ Id: b12ef758-f8e9-49df-b3fb-cfbe5c1baa60, Nodes: 8a411a4f-0e32-4dd1-80b9-a797c2117425{ip: 192.168.151.99, host: pr-hdds-1569-g6sp5-2013761785, networkLocation: /default-rack, certSerialId: null}, Type:RATIS, Factor:ONE, State:OPEN]
2019-09-26 15:08:36,979 [grpc-default-executor-1] INFO  impl.RaftServerProxy (RaftServerProxy.java:addNew(89)) - 8a411a4f-0e32-4dd1-80b9-a797c2117425: addNew group-3FF9DA04F6D3:[8a411a4f-0e32-4dd1-80b9-a797c2117425:192.168.151.99:37125] returns group-3FF9DA04F6D3:java.util.concurrent.CompletableFuture@75e55857[Not completed]
2019-09-26 15:08:36,980 [pool-27-thread-1] INFO  impl.RaftServerImpl (RaftServerImpl.java:<init>(95)) - 8a411a4f-0e32-4dd1-80b9-a797c2117425: new RaftServerImpl for group-3FF9DA04F6D3:[8a411a4f-0e32-4dd1-80b9-a797c2117425:192.168.151.99:37125] with ContainerStateMachine:uninitialized
2019-09-26 15:08:36,980 [pool-27-thread-1] INFO  server.RaftServerConfigKeys (ConfUtils.java:logGet(43)) - raft.server.rpc.timeout.min = 5s (custom)
2019-09-26 15:08:36,980 [pool-27-thread-1] INFO  server.RaftServerConfigKeys (ConfUtils.java:logGet(43)) - raft.server.rpc.timeout.max = 5200ms (custom)
2019-09-26 15:08:36,980 [pool-27-thread-1] INFO  server.RaftServerConfigKeys (ConfUtils.java:logGet(43)) - raft.server.rpcslowness.timeout = 120s (custom)
2019-09-26 15:08:36,980 [pool-27-thread-1] INFO  server.RaftServerConfigKeys (ConfUtils.java:logGet(43)) - raft.server.sleep.deviation.threshold = 300 (default)
2019-09-26 15:08:36,980 [pool-27-thread-1] INFO  server.RaftServerConfigKeys (ConfUtils.java:logGet(43)) - raft.server.log.appender.install.snapshot.enabled = false (custom)
2019-09-26 15:08:36,980 [pool-27-thread-1] INFO  impl.RaftServerImpl (ServerState.java:<init>(103)) - 8a411a4f-0e32-4dd1-80b9-a797c2117425@group-3FF9DA04F6D3: ConfigurationManager, init=-1: [8a411a4f-0e32-4dd1-80b9-a797c2117425:192.168.151.99:37125], old=null, confs=<EMPTY_MAP>
2019-09-26 15:08:36,980 [pool-27-thread-1] INFO  server.RaftServerConfigKeys (ConfUtils.java:logGet(43)) - raft.server.storage.dir = [/workdir/hadoop-ozone/integration-test/target/test-dir/MiniOzoneClusterImpl-646ad58d-3cd3-4092-ab15-506251c55e5b/datanode-0/data/ratis] (custom)
2019-09-26 15:08:36,981 [pool-27-thread-1] INFO  storage.RaftStorageDirectory (RaftStorageDirectory.java:analyzeStorage(246)) - The storage directory /workdir/hadoop-ozone/integration-test/target/test-dir/MiniOzoneClusterImpl-646ad58d-3cd3-4092-ab15-506251c55e5b/datanode-0/data/ratis/0568122c-b1cc-47af-acd9-3ff9da04f6d3 does not exist. Creating ...
2019-09-26 15:08:36,985 [pool-27-thread-1] INFO  storage.RaftStorageDirectory (RaftStorageDirectory.java:tryLock(328)) - Lock on /workdir/hadoop-ozone/integration-test/target/test-dir/MiniOzoneClusterImpl-646ad58d-3cd3-4092-ab15-506251c55e5b/datanode-0/data/ratis/0568122c-b1cc-47af-acd9-3ff9da04f6d3/in_use.lock acquired by nodename 7157@pr-hdds-1569-g6sp5-2013761785
2019-09-26 15:08:36,988 [pool-27-thread-1] INFO  storage.RaftStorage (RaftStorage.java:format(72)) - Storage directory /workdir/hadoop-ozone/integration-test/target/test-dir/MiniOzoneClusterImpl-646ad58d-3cd3-4092-ab15-506251c55e5b/datanode-0/data/ratis/0568122c-b1cc-47af-acd9-3ff9da04f6d3 has been successfully formatted.
2019-09-26 15:08:36,988 [pool-27-thread-1] INFO  ratis.ContainerStateMachine (ContainerStateMachine.java:loadSnapshot(230)) - group-3FF9DA04F6D3: The snapshot info is null. Setting the last applied indexto:(t:0, i:~)
2019-09-26 15:08:36,988 [pool-27-thread-1] INFO  server.RaftServerConfigKeys (ConfUtils.java:logGet(43)) - raft.server.notification.no-leader.timeout = 120s (custom)
2019-09-26 15:08:36,989 [pool-27-thread-1] INFO  server.RaftServerConfigKeys (ConfUtils.java:logGet(43)) - raft.server.log.use.memory = false (default)
2019-09-26 15:08:36,989 [pool-27-thread-1] INFO  server.RaftServerConfigKeys (ConfUtils.java:logGet(43)) - raft.server.log.purge.gap = 1000000 (custom)
2019-09-26 15:08:36,989 [pool-27-thread-1] INFO  server.RaftServerConfigKeys (ConfUtils.java:logGet(43)) - raft.server.log.appender.buffer.byte-limit = 33554432 (custom)
2019-09-26 15:08:36,989 [pool-27-thread-1] INFO  server.RaftServerConfigKeys (ConfUtils.java:logGet(43)) - raft.server.log.segment.size.max = 1048576 (custom)
2019-09-26 15:08:36,989 [pool-27-thread-1] INFO  server.RaftServerConfigKeys (ConfUtils.java:logGet(43)) - raft.server.log.segment.cache.num.max = 2 (custom)
2019-09-26 15:08:36,989 [pool-27-thread-1] INFO  segmented.SegmentedRaftLogWorker (SegmentedRaftLogWorker.java:<init>(172)) - new 8a411a4f-0e32-4dd1-80b9-a797c2117425@group-3FF9DA04F6D3-SegmentedRaftLogWorker for RaftStorage:Storage Directory /workdir/hadoop-ozone/integration-test/target/test-dir/MiniOzoneClusterImpl-646ad58d-3cd3-4092-ab15-506251c55e5b/datanode-0/data/ratis/0568122c-b1cc-47af-acd9-3ff9da04f6d3
2019-09-26 15:08:36,989 [pool-27-thread-1] INFO  server.RaftServerConfigKeys (ConfUtils.java:logGet(43)) - raft.server.log.queue.byte-limit = 2147483647 (custom)
2019-09-26 15:08:36,989 [pool-27-thread-1] INFO  server.RaftServerConfigKeys (ConfUtils.java:logGet(43)) - raft.server.log.queue.element-limit = 1024 (custom)
2019-09-26 15:08:36,989 [pool-27-thread-1] INFO  server.RaftServerConfigKeys (ConfUtils.java:logGet(43)) - raft.server.log.segment.size.max = 1048576 (custom)
2019-09-26 15:08:36,989 [pool-27-thread-1] INFO  server.RaftServerConfigKeys (ConfUtils.java:logGet(43)) - raft.server.log.preallocated.size = 16384 (custom)
2019-09-26 15:08:36,989 [pool-27-thread-1] INFO  server.RaftServerConfigKeys (ConfUtils.java:logGet(43)) - raft.server.log.write.buffer.size = 33554432 (custom)
2019-09-26 15:08:36,989 [pool-27-thread-1] INFO  server.RaftServerConfigKeys (ConfUtils.java:logGet(43)) - raft.server.log.force.sync.num = 128 (default)
2019-09-26 15:08:36,989 [pool-27-thread-1] INFO  server.RaftServerConfigKeys (ConfUtils.java:logGet(43)) - raft.server.log.statemachine.data.sync = true (default)
2019-09-26 15:08:36,989 [pool-27-thread-1] INFO  server.RaftServerConfigKeys (ConfUtils.java:logGet(43)) - raft.server.log.statemachine.data.sync.timeout = 10s (default)
2019-09-26 15:08:36,989 [pool-27-thread-1] INFO  server.RaftServerConfigKeys (ConfUtils.java:logGet(43)) - raft.server.log.statemachine.data.sync.timeout.retry = -1 (default)
2019-09-26 15:08:36,990 [pool-27-thread-1] INFO  server.RaftServerConfigKeys (ConfUtils.java:logGet(43)) - raft.server.log.statemachine.data.caching.enabled = true (custom)
2019-09-26 15:08:36,990 [pool-27-thread-1] INFO  segmented.SegmentedRaftLogWorker (SegmentedRaftLogWorker.java:lambda$new$0(132)) - 8a411a4f-0e32-4dd1-80b9-a797c2117425@group-3FF9DA04F6D3-SegmentedRaftLogWorker: flushIndex: setUnconditionally 0 -> -1
2019-09-26 15:08:36,990 [pool-27-thread-1] INFO  server.RaftServerConfigKeys (ConfUtils.java:logGet(43)) - raft.server.snapshot.auto.trigger.enabled = true (custom)
2019-09-26 15:08:36,990 [pool-27-thread-1] INFO  server.RaftServerConfigKeys (ConfUtils.java:logGet(43)) - raft.server.snapshot.auto.trigger.threshold = 10000 (custom)
2019-09-26 15:08:36,990 [pool-27-thread-1] INFO  server.RaftServerConfigKeys (ConfUtils.java:logGet(43)) - raft.server.snapshot.retention.num.files = 5 (custom)
2019-09-26 15:08:36,990 [pool-27-thread-1] INFO  server.RaftServerConfigKeys (ConfUtils.java:logGet(43)) - raft.server.retrycache.expirytime = 600000ms (custom)
2019-09-26 15:08:36,991 [pool-27-thread-1] INFO  impl.RaftServerImpl (RaftServerImpl.java:start(185)) - 8a411a4f-0e32-4dd1-80b9-a797c2117425@group-3FF9DA04F6D3: start as a follower, conf=-1: [8a411a4f-0e32-4dd1-80b9-a797c2117425:192.168.151.99:37125], old=null
2019-09-26 15:08:36,991 [pool-27-thread-1] INFO  impl.RaftServerImpl (RaftServerImpl.java:setRole(174)) - 8a411a4f-0e32-4dd1-80b9-a797c2117425@group-3FF9DA04F6D3: changes role from      null to FOLLOWER at term 0 for startAsFollower
2019-09-26 15:08:36,991 [pool-27-thread-1] INFO  impl.RoleInfo (RoleInfo.java:updateAndGet(143)) - 8a411a4f-0e32-4dd1-80b9-a797c2117425: start FollowerState
2019-09-26 15:08:36,991 [pool-27-thread-1] INFO  util.JmxRegister (JmxRegister.java:tryRegister(44)) - Successfully registered JMX Bean with object name Ratis:service=RaftServer,group=group-3FF9DA04F6D3,id=8a411a4f-0e32-4dd1-80b9-a797c2117425
2019-09-26 15:08:36,993 [RatisPipelineUtilsThread] INFO  pipeline.PipelineStateManager (PipelineStateManager.java:addPipeline(56)) - Created pipeline Pipeline[ Id: 0568122c-b1cc-47af-acd9-3ff9da04f6d3, Nodes: 8a411a4f-0e32-4dd1-80b9-a797c2117425{ip: 192.168.151.99, host: pr-hdds-1569-g6sp5-2013761785, networkLocation: /default-rack, certSerialId: null}, Type:RATIS, Factor:ONE, State:OPEN]
2019-09-26 15:08:36,995 [grpc-default-executor-1] INFO  impl.RaftServerProxy (RaftServerProxy.java:addNew(89)) - 8a411a4f-0e32-4dd1-80b9-a797c2117425: addNew group-070482571D29:[8a411a4f-0e32-4dd1-80b9-a797c2117425:192.168.151.99:37125] returns group-070482571D29:java.util.concurrent.CompletableFuture@5ab3f663[Not completed]
2019-09-26 15:08:36,996 [pool-27-thread-1] INFO  impl.RaftServerImpl (RaftServerImpl.java:<init>(95)) - 8a411a4f-0e32-4dd1-80b9-a797c2117425: new RaftServerImpl for group-070482571D29:[8a411a4f-0e32-4dd1-80b9-a797c2117425:192.168.151.99:37125] with ContainerStateMachine:uninitialized
2019-09-26 15:08:36,996 [pool-27-thread-1] INFO  server.RaftServerConfigKeys (ConfUtils.java:logGet(43)) - raft.server.rpc.timeout.min = 5s (custom)
2019-09-26 15:08:36,996 [pool-27-thread-1] INFO  server.RaftServerConfigKeys (ConfUtils.java:logGet(43)) - raft.server.rpc.timeout.max = 5200ms (custom)
2019-09-26 15:08:36,996 [pool-27-thread-1] INFO  server.RaftServerConfigKeys (ConfUtils.java:logGet(43)) - raft.server.rpcslowness.timeout = 120s (custom)
2019-09-26 15:08:36,996 [pool-27-thread-1] INFO  server.RaftServerConfigKeys (ConfUtils.java:logGet(43)) - raft.server.sleep.deviation.threshold = 300 (default)
2019-09-26 15:08:36,996 [pool-27-thread-1] INFO  server.RaftServerConfigKeys (ConfUtils.java:logGet(43)) - raft.server.log.appender.install.snapshot.enabled = false (custom)
2019-09-26 15:08:36,996 [pool-27-thread-1] INFO  impl.RaftServerImpl (ServerState.java:<init>(103)) - 8a411a4f-0e32-4dd1-80b9-a797c2117425@group-070482571D29: ConfigurationManager, init=-1: [8a411a4f-0e32-4dd1-80b9-a797c2117425:192.168.151.99:37125], old=null, confs=<EMPTY_MAP>
2019-09-26 15:08:36,996 [pool-27-thread-1] INFO  server.RaftServerConfigKeys (ConfUtils.java:logGet(43)) - raft.server.storage.dir = [/workdir/hadoop-ozone/integration-test/target/test-dir/MiniOzoneClusterImpl-646ad58d-3cd3-4092-ab15-506251c55e5b/datanode-0/data/ratis] (custom)
2019-09-26 15:08:36,997 [pool-27-thread-1] INFO  storage.RaftStorageDirectory (RaftStorageDirectory.java:analyzeStorage(246)) - The storage directory /workdir/hadoop-ozone/integration-test/target/test-dir/MiniOzoneClusterImpl-646ad58d-3cd3-4092-ab15-506251c55e5b/datanode-0/data/ratis/ecc5bf5b-780f-4140-8a29-070482571d29 does not exist. Creating ...
2019-09-26 15:08:37,001 [pool-27-thread-1] INFO  storage.RaftStorageDirectory (RaftStorageDirectory.java:tryLock(328)) - Lock on /workdir/hadoop-ozone/integration-test/target/test-dir/MiniOzoneClusterImpl-646ad58d-3cd3-4092-ab15-506251c55e5b/datanode-0/data/ratis/ecc5bf5b-780f-4140-8a29-070482571d29/in_use.lock acquired by nodename 7157@pr-hdds-1569-g6sp5-2013761785
2019-09-26 15:08:37,021 [pool-27-thread-1] INFO  storage.RaftStorage (RaftStorage.java:format(72)) - Storage directory /workdir/hadoop-ozone/integration-test/target/test-dir/MiniOzoneClusterImpl-646ad58d-3cd3-4092-ab15-506251c55e5b/datanode-0/data/ratis/ecc5bf5b-780f-4140-8a29-070482571d29 has been successfully formatted.
2019-09-26 15:08:37,021 [pool-27-thread-1] INFO  ratis.ContainerStateMachine (ContainerStateMachine.java:loadSnapshot(230)) - group-070482571D29: The snapshot info is null. Setting the last applied indexto:(t:0, i:~)
2019-09-26 15:08:37,021 [pool-27-thread-1] INFO  server.RaftServerConfigKeys (ConfUtils.java:logGet(43)) - raft.server.notification.no-leader.timeout = 120s (custom)
2019-09-26 15:08:37,021 [pool-27-thread-1] INFO  server.RaftServerConfigKeys (ConfUtils.java:logGet(43)) - raft.server.log.use.memory = false (default)
2019-09-26 15:08:37,022 [pool-27-thread-1] INFO  server.RaftServerConfigKeys (ConfUtils.java:logGet(43)) - raft.server.log.purge.gap = 1000000 (custom)
2019-09-26 15:08:37,022 [pool-27-thread-1] INFO  server.RaftServerConfigKeys (ConfUtils.java:logGet(43)) - raft.server.log.appender.buffer.byte-limit = 33554432 (custom)
2019-09-26 15:08:37,022 [pool-27-thread-1] INFO  server.RaftServerConfigKeys (ConfUtils.java:logGet(43)) - raft.server.log.segment.size.max = 1048576 (custom)
2019-09-26 15:08:37,022 [pool-27-thread-1] INFO  server.RaftServerConfigKeys (ConfUtils.java:logGet(43)) - raft.server.log.segment.cache.num.max = 2 (custom)
2019-09-26 15:08:37,022 [pool-27-thread-1] INFO  segmented.SegmentedRaftLogWorker (SegmentedRaftLogWorker.java:<init>(172)) - new 8a411a4f-0e32-4dd1-80b9-a797c2117425@group-070482571D29-SegmentedRaftLogWorker for RaftStorage:Storage Directory /workdir/hadoop-ozone/integration-test/target/test-dir/MiniOzoneClusterImpl-646ad58d-3cd3-4092-ab15-506251c55e5b/datanode-0/data/ratis/ecc5bf5b-780f-4140-8a29-070482571d29
2019-09-26 15:08:37,022 [pool-27-thread-1] INFO  server.RaftServerConfigKeys (ConfUtils.java:logGet(43)) - raft.server.log.queue.byte-limit = 2147483647 (custom)
2019-09-26 15:08:37,022 [pool-27-thread-1] INFO  server.RaftServerConfigKeys (ConfUtils.java:logGet(43)) - raft.server.log.queue.element-limit = 1024 (custom)
2019-09-26 15:08:37,022 [pool-27-thread-1] INFO  server.RaftServerConfigKeys (ConfUtils.java:logGet(43)) - raft.server.log.segment.size.max = 1048576 (custom)
2019-09-26 15:08:37,022 [pool-27-thread-1] INFO  server.RaftServerConfigKeys (ConfUtils.java:logGet(43)) - raft.server.log.preallocated.size = 16384 (custom)
2019-09-26 15:08:37,022 [pool-27-thread-1] INFO  server.RaftServerConfigKeys (ConfUtils.java:logGet(43)) - raft.server.log.write.buffer.size = 33554432 (custom)
2019-09-26 15:08:37,022 [pool-27-thread-1] INFO  server.RaftServerConfigKeys (ConfUtils.java:logGet(43)) - raft.server.log.force.sync.num = 128 (default)
2019-09-26 15:08:37,022 [pool-27-thread-1] INFO  server.RaftServerConfigKeys (ConfUtils.java:logGet(43)) - raft.server.log.statemachine.data.sync = true (default)
2019-09-26 15:08:37,023 [pool-27-thread-1] INFO  server.RaftServerConfigKeys (ConfUtils.java:logGet(43)) - raft.server.log.statemachine.data.sync.timeout = 10s (default)
2019-09-26 15:08:37,023 [pool-27-thread-1] INFO  server.RaftServerConfigKeys (ConfUtils.java:logGet(43)) - raft.server.log.statemachine.data.sync.timeout.retry = -1 (default)
2019-09-26 15:08:37,023 [pool-27-thread-1] INFO  server.RaftServerConfigKeys (ConfUtils.java:logGet(43)) - raft.server.log.statemachine.data.caching.enabled = true (custom)
2019-09-26 15:08:37,023 [pool-27-thread-1] INFO  segmented.SegmentedRaftLogWorker (SegmentedRaftLogWorker.java:lambda$new$0(132)) - 8a411a4f-0e32-4dd1-80b9-a797c2117425@group-070482571D29-SegmentedRaftLogWorker: flushIndex: setUnconditionally 0 -> -1
2019-09-26 15:08:37,023 [pool-27-thread-1] INFO  server.RaftServerConfigKeys (ConfUtils.java:logGet(43)) - raft.server.snapshot.auto.trigger.enabled = true (custom)
2019-09-26 15:08:37,023 [pool-27-thread-1] INFO  server.RaftServerConfigKeys (ConfUtils.java:logGet(43)) - raft.server.snapshot.auto.trigger.threshold = 10000 (custom)
2019-09-26 15:08:37,023 [pool-27-thread-1] INFO  server.RaftServerConfigKeys (ConfUtils.java:logGet(43)) - raft.server.snapshot.retention.num.files = 5 (custom)
2019-09-26 15:08:37,023 [pool-27-thread-1] INFO  server.RaftServerConfigKeys (ConfUtils.java:logGet(43)) - raft.server.retrycache.expirytime = 600000ms (custom)
2019-09-26 15:08:37,025 [pool-27-thread-1] INFO  impl.RaftServerImpl (RaftServerImpl.java:start(185)) - 8a411a4f-0e32-4dd1-80b9-a797c2117425@group-070482571D29: start as a follower, conf=-1: [8a411a4f-0e32-4dd1-80b9-a797c2117425:192.168.151.99:37125], old=null
2019-09-26 15:08:37,025 [pool-27-thread-1] INFO  impl.RaftServerImpl (RaftServerImpl.java:setRole(174)) - 8a411a4f-0e32-4dd1-80b9-a797c2117425@group-070482571D29: changes role from      null to FOLLOWER at term 0 for startAsFollower
2019-09-26 15:08:37,025 [pool-27-thread-1] INFO  impl.RoleInfo (RoleInfo.java:updateAndGet(143)) - 8a411a4f-0e32-4dd1-80b9-a797c2117425: start FollowerState
2019-09-26 15:08:37,025 [pool-27-thread-1] INFO  util.JmxRegister (JmxRegister.java:tryRegister(44)) - Successfully registered JMX Bean with object name Ratis:service=RaftServer,group=group-070482571D29,id=8a411a4f-0e32-4dd1-80b9-a797c2117425
2019-09-26 15:08:37,026 [RatisPipelineUtilsThread] INFO  pipeline.PipelineStateManager (PipelineStateManager.java:addPipeline(56)) - Created pipeline Pipeline[ Id: ecc5bf5b-780f-4140-8a29-070482571d29, Nodes: 8a411a4f-0e32-4dd1-80b9-a797c2117425{ip: 192.168.151.99, host: pr-hdds-1569-g6sp5-2013761785, networkLocation: /default-rack, certSerialId: null}, Type:RATIS, Factor:ONE, State:OPEN]
2019-09-26 15:08:37,029 [grpc-default-executor-1] INFO  impl.RaftServerProxy (RaftServerProxy.java:addNew(89)) - 8a411a4f-0e32-4dd1-80b9-a797c2117425: addNew group-953CCBC0A9E0:[8a411a4f-0e32-4dd1-80b9-a797c2117425:192.168.151.99:37125] returns group-953CCBC0A9E0:java.util.concurrent.CompletableFuture@3bf23537[Not completed]
2019-09-26 15:08:37,030 [pool-27-thread-1] INFO  impl.RaftServerImpl (RaftServerImpl.java:<init>(95)) - 8a411a4f-0e32-4dd1-80b9-a797c2117425: new RaftServerImpl for group-953CCBC0A9E0:[8a411a4f-0e32-4dd1-80b9-a797c2117425:192.168.151.99:37125] with ContainerStateMachine:uninitialized
2019-09-26 15:08:37,030 [pool-27-thread-1] INFO  server.RaftServerConfigKeys (ConfUtils.java:logGet(43)) - raft.server.rpc.timeout.min = 5s (custom)
2019-09-26 15:08:37,030 [pool-27-thread-1] INFO  server.RaftServerConfigKeys (ConfUtils.java:logGet(43)) - raft.server.rpc.timeout.max = 5200ms (custom)
2019-09-26 15:08:37,030 [pool-27-thread-1] INFO  server.RaftServerConfigKeys (ConfUtils.java:logGet(43)) - raft.server.rpcslowness.timeout = 120s (custom)
2019-09-26 15:08:37,030 [pool-27-thread-1] INFO  server.RaftServerConfigKeys (ConfUtils.java:logGet(43)) - raft.server.sleep.deviation.threshold = 300 (default)
2019-09-26 15:08:37,030 [pool-27-thread-1] INFO  server.RaftServerConfigKeys (ConfUtils.java:logGet(43)) - raft.server.log.appender.install.snapshot.enabled = false (custom)
2019-09-26 15:08:37,030 [pool-27-thread-1] INFO  impl.RaftServerImpl (ServerState.java:<init>(103)) - 8a411a4f-0e32-4dd1-80b9-a797c2117425@group-953CCBC0A9E0: ConfigurationManager, init=-1: [8a411a4f-0e32-4dd1-80b9-a797c2117425:192.168.151.99:37125], old=null, confs=<EMPTY_MAP>
2019-09-26 15:08:37,030 [pool-27-thread-1] INFO  server.RaftServerConfigKeys (ConfUtils.java:logGet(43)) - raft.server.storage.dir = [/workdir/hadoop-ozone/integration-test/target/test-dir/MiniOzoneClusterImpl-646ad58d-3cd3-4092-ab15-506251c55e5b/datanode-0/data/ratis] (custom)
2019-09-26 15:08:37,031 [pool-27-thread-1] INFO  storage.RaftStorageDirectory (RaftStorageDirectory.java:analyzeStorage(246)) - The storage directory /workdir/hadoop-ozone/integration-test/target/test-dir/MiniOzoneClusterImpl-646ad58d-3cd3-4092-ab15-506251c55e5b/datanode-0/data/ratis/d2822186-07ff-4ca7-9010-953ccbc0a9e0 does not exist. Creating ...
2019-09-26 15:08:37,056 [pool-27-thread-1] INFO  storage.RaftStorageDirectory (RaftStorageDirectory.java:tryLock(328)) - Lock on /workdir/hadoop-ozone/integration-test/target/test-dir/MiniOzoneClusterImpl-646ad58d-3cd3-4092-ab15-506251c55e5b/datanode-0/data/ratis/d2822186-07ff-4ca7-9010-953ccbc0a9e0/in_use.lock acquired by nodename 7157@pr-hdds-1569-g6sp5-2013761785
2019-09-26 15:08:37,069 [pool-27-thread-1] INFO  storage.RaftStorage (RaftStorage.java:format(72)) - Storage directory /workdir/hadoop-ozone/integration-test/target/test-dir/MiniOzoneClusterImpl-646ad58d-3cd3-4092-ab15-506251c55e5b/datanode-0/data/ratis/d2822186-07ff-4ca7-9010-953ccbc0a9e0 has been successfully formatted.
2019-09-26 15:08:37,069 [pool-27-thread-1] INFO  ratis.ContainerStateMachine (ContainerStateMachine.java:loadSnapshot(230)) - group-953CCBC0A9E0: The snapshot info is null. Setting the last applied indexto:(t:0, i:~)
2019-09-26 15:08:37,069 [pool-27-thread-1] INFO  server.RaftServerConfigKeys (ConfUtils.java:logGet(43)) - raft.server.notification.no-leader.timeout = 120s (custom)
2019-09-26 15:08:37,069 [pool-27-thread-1] INFO  server.RaftServerConfigKeys (ConfUtils.java:logGet(43)) - raft.server.log.use.memory = false (default)
2019-09-26 15:08:37,069 [pool-27-thread-1] INFO  server.RaftServerConfigKeys (ConfUtils.java:logGet(43)) - raft.server.log.purge.gap = 1000000 (custom)
2019-09-26 15:08:37,069 [pool-27-thread-1] INFO  server.RaftServerConfigKeys (ConfUtils.java:logGet(43)) - raft.server.log.appender.buffer.byte-limit = 33554432 (custom)
2019-09-26 15:08:37,069 [pool-27-thread-1] INFO  server.RaftServerConfigKeys (ConfUtils.java:logGet(43)) - raft.server.log.segment.size.max = 1048576 (custom)
2019-09-26 15:08:37,069 [pool-27-thread-1] INFO  server.RaftServerConfigKeys (ConfUtils.java:logGet(43)) - raft.server.log.segment.cache.num.max = 2 (custom)
2019-09-26 15:08:37,069 [pool-27-thread-1] INFO  segmented.SegmentedRaftLogWorker (SegmentedRaftLogWorker.java:<init>(172)) - new 8a411a4f-0e32-4dd1-80b9-a797c2117425@group-953CCBC0A9E0-SegmentedRaftLogWorker for RaftStorage:Storage Directory /workdir/hadoop-ozone/integration-test/target/test-dir/MiniOzoneClusterImpl-646ad58d-3cd3-4092-ab15-506251c55e5b/datanode-0/data/ratis/d2822186-07ff-4ca7-9010-953ccbc0a9e0
2019-09-26 15:08:37,069 [pool-27-thread-1] INFO  server.RaftServerConfigKeys (ConfUtils.java:logGet(43)) - raft.server.log.queue.byte-limit = 2147483647 (custom)
2019-09-26 15:08:37,069 [pool-27-thread-1] INFO  server.RaftServerConfigKeys (ConfUtils.java:logGet(43)) - raft.server.log.queue.element-limit = 1024 (custom)
2019-09-26 15:08:37,070 [pool-27-thread-1] INFO  server.RaftServerConfigKeys (ConfUtils.java:logGet(43)) - raft.server.log.segment.size.max = 1048576 (custom)
2019-09-26 15:08:37,070 [pool-27-thread-1] INFO  server.RaftServerConfigKeys (ConfUtils.java:logGet(43)) - raft.server.log.preallocated.size = 16384 (custom)
2019-09-26 15:08:37,070 [pool-27-thread-1] INFO  server.RaftServerConfigKeys (ConfUtils.java:logGet(43)) - raft.server.log.write.buffer.size = 33554432 (custom)
2019-09-26 15:08:37,070 [pool-27-thread-1] INFO  server.RaftServerConfigKeys (ConfUtils.java:logGet(43)) - raft.server.log.force.sync.num = 128 (default)
2019-09-26 15:08:37,070 [pool-27-thread-1] INFO  server.RaftServerConfigKeys (ConfUtils.java:logGet(43)) - raft.server.log.statemachine.data.sync = true (default)
2019-09-26 15:08:37,070 [pool-27-thread-1] INFO  server.RaftServerConfigKeys (ConfUtils.java:logGet(43)) - raft.server.log.statemachine.data.sync.timeout = 10s (default)
2019-09-26 15:08:37,070 [pool-27-thread-1] INFO  server.RaftServerConfigKeys (ConfUtils.java:logGet(43)) - raft.server.log.statemachine.data.sync.timeout.retry = -1 (default)
2019-09-26 15:08:37,070 [pool-27-thread-1] INFO  server.RaftServerConfigKeys (ConfUtils.java:logGet(43)) - raft.server.log.statemachine.data.caching.enabled = true (custom)
2019-09-26 15:08:37,070 [pool-27-thread-1] INFO  segmented.SegmentedRaftLogWorker (SegmentedRaftLogWorker.java:lambda$new$0(132)) - 8a411a4f-0e32-4dd1-80b9-a797c2117425@group-953CCBC0A9E0-SegmentedRaftLogWorker: flushIndex: setUnconditionally 0 -> -1
2019-09-26 15:08:37,071 [pool-27-thread-1] INFO  server.RaftServerConfigKeys (ConfUtils.java:logGet(43)) - raft.server.snapshot.auto.trigger.enabled = true (custom)
2019-09-26 15:08:37,071 [pool-27-thread-1] INFO  server.RaftServerConfigKeys (ConfUtils.java:logGet(43)) - raft.server.snapshot.auto.trigger.threshold = 10000 (custom)
2019-09-26 15:08:37,071 [pool-27-thread-1] INFO  server.RaftServerConfigKeys (ConfUtils.java:logGet(43)) - raft.server.snapshot.retention.num.files = 5 (custom)
2019-09-26 15:08:37,071 [pool-27-thread-1] INFO  server.RaftServerConfigKeys (ConfUtils.java:logGet(43)) - raft.server.retrycache.expirytime = 600000ms (custom)
2019-09-26 15:08:37,073 [pool-27-thread-1] INFO  impl.RaftServerImpl (RaftServerImpl.java:start(185)) - 8a411a4f-0e32-4dd1-80b9-a797c2117425@group-953CCBC0A9E0: start as a follower, conf=-1: [8a411a4f-0e32-4dd1-80b9-a797c2117425:192.168.151.99:37125], old=null
2019-09-26 15:08:37,073 [pool-27-thread-1] INFO  impl.RaftServerImpl (RaftServerImpl.java:setRole(174)) - 8a411a4f-0e32-4dd1-80b9-a797c2117425@group-953CCBC0A9E0: changes role from      null to FOLLOWER at term 0 for startAsFollower
2019-09-26 15:08:37,073 [pool-27-thread-1] INFO  impl.RoleInfo (RoleInfo.java:updateAndGet(143)) - 8a411a4f-0e32-4dd1-80b9-a797c2117425: start FollowerState
2019-09-26 15:08:37,073 [pool-27-thread-1] INFO  util.JmxRegister (JmxRegister.java:tryRegister(44)) - Successfully registered JMX Bean with object name Ratis:service=RaftServer,group=group-953CCBC0A9E0,id=8a411a4f-0e32-4dd1-80b9-a797c2117425
2019-09-26 15:08:37,076 [RatisPipelineUtilsThread] INFO  pipeline.PipelineStateManager (PipelineStateManager.java:addPipeline(56)) - Created pipeline Pipeline[ Id: d2822186-07ff-4ca7-9010-953ccbc0a9e0, Nodes: 8a411a4f-0e32-4dd1-80b9-a797c2117425{ip: 192.168.151.99, host: pr-hdds-1569-g6sp5-2013761785, networkLocation: /default-rack, certSerialId: null}, Type:RATIS, Factor:ONE, State:OPEN]
2019-09-26 15:08:37,079 [grpc-default-executor-1] INFO  impl.RaftServerProxy (RaftServerProxy.java:addNew(89)) - 8a411a4f-0e32-4dd1-80b9-a797c2117425: addNew group-A5B80CCFC499:[8a411a4f-0e32-4dd1-80b9-a797c2117425:192.168.151.99:37125] returns group-A5B80CCFC499:java.util.concurrent.CompletableFuture@393f17f1[Not completed]
2019-09-26 15:08:37,081 [pool-27-thread-1] INFO  impl.RaftServerImpl (RaftServerImpl.java:<init>(95)) - 8a411a4f-0e32-4dd1-80b9-a797c2117425: new RaftServerImpl for group-A5B80CCFC499:[8a411a4f-0e32-4dd1-80b9-a797c2117425:192.168.151.99:37125] with ContainerStateMachine:uninitialized
2019-09-26 15:08:37,081 [pool-27-thread-1] INFO  server.RaftServerConfigKeys (ConfUtils.java:logGet(43)) - raft.server.rpc.timeout.min = 5s (custom)
2019-09-26 15:08:37,081 [pool-27-thread-1] INFO  server.RaftServerConfigKeys (ConfUtils.java:logGet(43)) - raft.server.rpc.timeout.max = 5200ms (custom)
2019-09-26 15:08:37,081 [pool-27-thread-1] INFO  server.RaftServerConfigKeys (ConfUtils.java:logGet(43)) - raft.server.rpcslowness.timeout = 120s (custom)
2019-09-26 15:08:37,082 [pool-27-thread-1] INFO  server.RaftServerConfigKeys (ConfUtils.java:logGet(43)) - raft.server.sleep.deviation.threshold = 300 (default)
2019-09-26 15:08:37,082 [pool-27-thread-1] INFO  server.RaftServerConfigKeys (ConfUtils.java:logGet(43)) - raft.server.log.appender.install.snapshot.enabled = false (custom)
2019-09-26 15:08:37,082 [pool-27-thread-1] INFO  impl.RaftServerImpl (ServerState.java:<init>(103)) - 8a411a4f-0e32-4dd1-80b9-a797c2117425@group-A5B80CCFC499: ConfigurationManager, init=-1: [8a411a4f-0e32-4dd1-80b9-a797c2117425:192.168.151.99:37125], old=null, confs=<EMPTY_MAP>
2019-09-26 15:08:37,082 [pool-27-thread-1] INFO  server.RaftServerConfigKeys (ConfUtils.java:logGet(43)) - raft.server.storage.dir = [/workdir/hadoop-ozone/integration-test/target/test-dir/MiniOzoneClusterImpl-646ad58d-3cd3-4092-ab15-506251c55e5b/datanode-0/data/ratis] (custom)
2019-09-26 15:08:37,083 [pool-27-thread-1] INFO  storage.RaftStorageDirectory (RaftStorageDirectory.java:analyzeStorage(246)) - The storage directory /workdir/hadoop-ozone/integration-test/target/test-dir/MiniOzoneClusterImpl-646ad58d-3cd3-4092-ab15-506251c55e5b/datanode-0/data/ratis/97638819-1259-4c6c-bb8b-a5b80ccfc499 does not exist. Creating ...
2019-09-26 15:08:37,097 [pool-27-thread-1] INFO  storage.RaftStorageDirectory (RaftStorageDirectory.java:tryLock(328)) - Lock on /workdir/hadoop-ozone/integration-test/target/test-dir/MiniOzoneClusterImpl-646ad58d-3cd3-4092-ab15-506251c55e5b/datanode-0/data/ratis/97638819-1259-4c6c-bb8b-a5b80ccfc499/in_use.lock acquired by nodename 7157@pr-hdds-1569-g6sp5-2013761785
2019-09-26 15:08:37,110 [pool-27-thread-1] INFO  storage.RaftStorage (RaftStorage.java:format(72)) - Storage directory /workdir/hadoop-ozone/integration-test/target/test-dir/MiniOzoneClusterImpl-646ad58d-3cd3-4092-ab15-506251c55e5b/datanode-0/data/ratis/97638819-1259-4c6c-bb8b-a5b80ccfc499 has been successfully formatted.
2019-09-26 15:08:37,111 [pool-27-thread-1] INFO  ratis.ContainerStateMachine (ContainerStateMachine.java:loadSnapshot(230)) - group-A5B80CCFC499: The snapshot info is null. Setting the last applied indexto:(t:0, i:~)
2019-09-26 15:08:37,111 [pool-27-thread-1] INFO  server.RaftServerConfigKeys (ConfUtils.java:logGet(43)) - raft.server.notification.no-leader.timeout = 120s (custom)
2019-09-26 15:08:37,111 [pool-27-thread-1] INFO  server.RaftServerConfigKeys (ConfUtils.java:logGet(43)) - raft.server.log.use.memory = false (default)
2019-09-26 15:08:37,111 [pool-27-thread-1] INFO  server.RaftServerConfigKeys (ConfUtils.java:logGet(43)) - raft.server.log.purge.gap = 1000000 (custom)
2019-09-26 15:08:37,111 [pool-27-thread-1] INFO  server.RaftServerConfigKeys (ConfUtils.java:logGet(43)) - raft.server.log.appender.buffer.byte-limit = 33554432 (custom)
2019-09-26 15:08:37,111 [pool-27-thread-1] INFO  server.RaftServerConfigKeys (ConfUtils.java:logGet(43)) - raft.server.log.segment.size.max = 1048576 (custom)
2019-09-26 15:08:37,111 [pool-27-thread-1] INFO  server.RaftServerConfigKeys (ConfUtils.java:logGet(43)) - raft.server.log.segment.cache.num.max = 2 (custom)
2019-09-26 15:08:37,112 [pool-27-thread-1] INFO  segmented.SegmentedRaftLogWorker (SegmentedRaftLogWorker.java:<init>(172)) - new 8a411a4f-0e32-4dd1-80b9-a797c2117425@group-A5B80CCFC499-SegmentedRaftLogWorker for RaftStorage:Storage Directory /workdir/hadoop-ozone/integration-test/target/test-dir/MiniOzoneClusterImpl-646ad58d-3cd3-4092-ab15-506251c55e5b/datanode-0/data/ratis/97638819-1259-4c6c-bb8b-a5b80ccfc499
2019-09-26 15:08:37,112 [pool-27-thread-1] INFO  server.RaftServerConfigKeys (ConfUtils.java:logGet(43)) - raft.server.log.queue.byte-limit = 2147483647 (custom)
2019-09-26 15:08:37,112 [pool-27-thread-1] INFO  server.RaftServerConfigKeys (ConfUtils.java:logGet(43)) - raft.server.log.queue.element-limit = 1024 (custom)
2019-09-26 15:08:37,112 [pool-27-thread-1] INFO  server.RaftServerConfigKeys (ConfUtils.java:logGet(43)) - raft.server.log.segment.size.max = 1048576 (custom)
2019-09-26 15:08:37,112 [pool-27-thread-1] INFO  server.RaftServerConfigKeys (ConfUtils.java:logGet(43)) - raft.server.log.preallocated.size = 16384 (custom)
2019-09-26 15:08:37,112 [pool-27-thread-1] INFO  server.RaftServerConfigKeys (ConfUtils.java:logGet(43)) - raft.server.log.write.buffer.size = 33554432 (custom)
2019-09-26 15:08:37,112 [pool-27-thread-1] INFO  server.RaftServerConfigKeys (ConfUtils.java:logGet(43)) - raft.server.log.force.sync.num = 128 (default)
2019-09-26 15:08:37,112 [pool-27-thread-1] INFO  server.RaftServerConfigKeys (ConfUtils.java:logGet(43)) - raft.server.log.statemachine.data.sync = true (default)
2019-09-26 15:08:37,113 [pool-27-thread-1] INFO  server.RaftServerConfigKeys (ConfUtils.java:logGet(43)) - raft.server.log.statemachine.data.sync.timeout = 10s (default)
2019-09-26 15:08:37,113 [pool-27-thread-1] INFO  server.RaftServerConfigKeys (ConfUtils.java:logGet(43)) - raft.server.log.statemachine.data.sync.timeout.retry = -1 (default)
2019-09-26 15:08:37,113 [pool-27-thread-1] INFO  server.RaftServerConfigKeys (ConfUtils.java:logGet(43)) - raft.server.log.statemachine.data.caching.enabled = true (custom)
2019-09-26 15:08:37,113 [pool-27-thread-1] INFO  segmented.SegmentedRaftLogWorker (SegmentedRaftLogWorker.java:lambda$new$0(132)) - 8a411a4f-0e32-4dd1-80b9-a797c2117425@group-A5B80CCFC499-SegmentedRaftLogWorker: flushIndex: setUnconditionally 0 -> -1
2019-09-26 15:08:37,113 [pool-27-thread-1] INFO  server.RaftServerConfigKeys (ConfUtils.java:logGet(43)) - raft.server.snapshot.auto.trigger.enabled = true (custom)
2019-09-26 15:08:37,114 [pool-27-thread-1] INFO  server.RaftServerConfigKeys (ConfUtils.java:logGet(43)) - raft.server.snapshot.auto.trigger.threshold = 10000 (custom)
2019-09-26 15:08:37,114 [pool-27-thread-1] INFO  server.RaftServerConfigKeys (ConfUtils.java:logGet(43)) - raft.server.snapshot.retention.num.files = 5 (custom)
2019-09-26 15:08:37,114 [pool-27-thread-1] INFO  server.RaftServerConfigKeys (ConfUtils.java:logGet(43)) - raft.server.retrycache.expirytime = 600000ms (custom)
2019-09-26 15:08:37,116 [pool-27-thread-1] INFO  impl.RaftServerImpl (RaftServerImpl.java:start(185)) - 8a411a4f-0e32-4dd1-80b9-a797c2117425@group-A5B80CCFC499: start as a follower, conf=-1: [8a411a4f-0e32-4dd1-80b9-a797c2117425:192.168.151.99:37125], old=null
2019-09-26 15:08:37,116 [pool-27-thread-1] INFO  impl.RaftServerImpl (RaftServerImpl.java:setRole(174)) - 8a411a4f-0e32-4dd1-80b9-a797c2117425@group-A5B80CCFC499: changes role from      null to FOLLOWER at term 0 for startAsFollower
2019-09-26 15:08:37,116 [pool-27-thread-1] INFO  impl.RoleInfo (RoleInfo.java:updateAndGet(143)) - 8a411a4f-0e32-4dd1-80b9-a797c2117425: start FollowerState
2019-09-26 15:08:37,116 [pool-27-thread-1] INFO  util.JmxRegister (JmxRegister.java:tryRegister(44)) - Successfully registered JMX Bean with object name Ratis:service=RaftServer,group=group-A5B80CCFC499,id=8a411a4f-0e32-4dd1-80b9-a797c2117425
2019-09-26 15:08:37,119 [RatisPipelineUtilsThread] INFO  pipeline.PipelineStateManager (PipelineStateManager.java:addPipeline(56)) - Created pipeline Pipeline[ Id: 97638819-1259-4c6c-bb8b-a5b80ccfc499, Nodes: 8a411a4f-0e32-4dd1-80b9-a797c2117425{ip: 192.168.151.99, host: pr-hdds-1569-g6sp5-2013761785, networkLocation: /default-rack, certSerialId: null}, Type:RATIS, Factor:ONE, State:OPEN]
2019-09-26 15:08:37,122 [grpc-default-executor-1] INFO  impl.RaftServerProxy (RaftServerProxy.java:addNew(89)) - 8a411a4f-0e32-4dd1-80b9-a797c2117425: addNew group-19C985EAA9F4:[8a411a4f-0e32-4dd1-80b9-a797c2117425:192.168.151.99:37125] returns group-19C985EAA9F4:java.util.concurrent.CompletableFuture@20074bd5[Not completed]
2019-09-26 15:08:37,123 [pool-27-thread-1] INFO  impl.RaftServerImpl (RaftServerImpl.java:<init>(95)) - 8a411a4f-0e32-4dd1-80b9-a797c2117425: new RaftServerImpl for group-19C985EAA9F4:[8a411a4f-0e32-4dd1-80b9-a797c2117425:192.168.151.99:37125] with ContainerStateMachine:uninitialized
2019-09-26 15:08:37,123 [pool-27-thread-1] INFO  server.RaftServerConfigKeys (ConfUtils.java:logGet(43)) - raft.server.rpc.timeout.min = 5s (custom)
2019-09-26 15:08:37,123 [pool-27-thread-1] INFO  server.RaftServerConfigKeys (ConfUtils.java:logGet(43)) - raft.server.rpc.timeout.max = 5200ms (custom)
2019-09-26 15:08:37,123 [pool-27-thread-1] INFO  server.RaftServerConfigKeys (ConfUtils.java:logGet(43)) - raft.server.rpcslowness.timeout = 120s (custom)
2019-09-26 15:08:37,123 [pool-27-thread-1] INFO  server.RaftServerConfigKeys (ConfUtils.java:logGet(43)) - raft.server.sleep.deviation.threshold = 300 (default)
2019-09-26 15:08:37,123 [pool-27-thread-1] INFO  server.RaftServerConfigKeys (ConfUtils.java:logGet(43)) - raft.server.log.appender.install.snapshot.enabled = false (custom)
2019-09-26 15:08:37,124 [pool-27-thread-1] INFO  impl.RaftServerImpl (ServerState.java:<init>(103)) - 8a411a4f-0e32-4dd1-80b9-a797c2117425@group-19C985EAA9F4: ConfigurationManager, init=-1: [8a411a4f-0e32-4dd1-80b9-a797c2117425:192.168.151.99:37125], old=null, confs=<EMPTY_MAP>
2019-09-26 15:08:37,124 [pool-27-thread-1] INFO  server.RaftServerConfigKeys (ConfUtils.java:logGet(43)) - raft.server.storage.dir = [/workdir/hadoop-ozone/integration-test/target/test-dir/MiniOzoneClusterImpl-646ad58d-3cd3-4092-ab15-506251c55e5b/datanode-0/data/ratis] (custom)
2019-09-26 15:08:37,124 [pool-27-thread-1] INFO  storage.RaftStorageDirectory (RaftStorageDirectory.java:analyzeStorage(246)) - The storage directory /workdir/hadoop-ozone/integration-test/target/test-dir/MiniOzoneClusterImpl-646ad58d-3cd3-4092-ab15-506251c55e5b/datanode-0/data/ratis/c114f600-2028-49b4-b477-19c985eaa9f4 does not exist. Creating ...
2019-09-26 15:08:37,137 [pool-27-thread-1] INFO  storage.RaftStorageDirectory (RaftStorageDirectory.java:tryLock(328)) - Lock on /workdir/hadoop-ozone/integration-test/target/test-dir/MiniOzoneClusterImpl-646ad58d-3cd3-4092-ab15-506251c55e5b/datanode-0/data/ratis/c114f600-2028-49b4-b477-19c985eaa9f4/in_use.lock acquired by nodename 7157@pr-hdds-1569-g6sp5-2013761785
2019-09-26 15:08:37,149 [pool-27-thread-1] INFO  storage.RaftStorage (RaftStorage.java:format(72)) - Storage directory /workdir/hadoop-ozone/integration-test/target/test-dir/MiniOzoneClusterImpl-646ad58d-3cd3-4092-ab15-506251c55e5b/datanode-0/data/ratis/c114f600-2028-49b4-b477-19c985eaa9f4 has been successfully formatted.
2019-09-26 15:08:37,150 [pool-27-thread-1] INFO  ratis.ContainerStateMachine (ContainerStateMachine.java:loadSnapshot(230)) - group-19C985EAA9F4: The snapshot info is null. Setting the last applied indexto:(t:0, i:~)
2019-09-26 15:08:37,150 [pool-27-thread-1] INFO  server.RaftServerConfigKeys (ConfUtils.java:logGet(43)) - raft.server.notification.no-leader.timeout = 120s (custom)
2019-09-26 15:08:37,150 [pool-27-thread-1] INFO  server.RaftServerConfigKeys (ConfUtils.java:logGet(43)) - raft.server.log.use.memory = false (default)
2019-09-26 15:08:37,150 [pool-27-thread-1] INFO  server.RaftServerConfigKeys (ConfUtils.java:logGet(43)) - raft.server.log.purge.gap = 1000000 (custom)
2019-09-26 15:08:37,150 [pool-27-thread-1] INFO  server.RaftServerConfigKeys (ConfUtils.java:logGet(43)) - raft.server.log.appender.buffer.byte-limit = 33554432 (custom)
2019-09-26 15:08:37,150 [pool-27-thread-1] INFO  server.RaftServerConfigKeys (ConfUtils.java:logGet(43)) - raft.server.log.segment.size.max = 1048576 (custom)
2019-09-26 15:08:37,150 [pool-27-thread-1] INFO  server.RaftServerConfigKeys (ConfUtils.java:logGet(43)) - raft.server.log.segment.cache.num.max = 2 (custom)
2019-09-26 15:08:37,150 [pool-27-thread-1] INFO  segmented.SegmentedRaftLogWorker (SegmentedRaftLogWorker.java:<init>(172)) - new 8a411a4f-0e32-4dd1-80b9-a797c2117425@group-19C985EAA9F4-SegmentedRaftLogWorker for RaftStorage:Storage Directory /workdir/hadoop-ozone/integration-test/target/test-dir/MiniOzoneClusterImpl-646ad58d-3cd3-4092-ab15-506251c55e5b/datanode-0/data/ratis/c114f600-2028-49b4-b477-19c985eaa9f4
2019-09-26 15:08:37,150 [pool-27-thread-1] INFO  server.RaftServerConfigKeys (ConfUtils.java:logGet(43)) - raft.server.log.queue.byte-limit = 2147483647 (custom)
2019-09-26 15:08:37,150 [pool-27-thread-1] INFO  server.RaftServerConfigKeys (ConfUtils.java:logGet(43)) - raft.server.log.queue.element-limit = 1024 (custom)
2019-09-26 15:08:37,150 [pool-27-thread-1] INFO  server.RaftServerConfigKeys (ConfUtils.java:logGet(43)) - raft.server.log.segment.size.max = 1048576 (custom)
2019-09-26 15:08:37,151 [pool-27-thread-1] INFO  server.RaftServerConfigKeys (ConfUtils.java:logGet(43)) - raft.server.log.preallocated.size = 16384 (custom)
2019-09-26 15:08:37,151 [pool-27-thread-1] INFO  server.RaftServerConfigKeys (ConfUtils.java:logGet(43)) - raft.server.log.write.buffer.size = 33554432 (custom)
2019-09-26 15:08:37,151 [pool-27-thread-1] INFO  server.RaftServerConfigKeys (ConfUtils.java:logGet(43)) - raft.server.log.force.sync.num = 128 (default)
2019-09-26 15:08:37,151 [pool-27-thread-1] INFO  server.RaftServerConfigKeys (ConfUtils.java:logGet(43)) - raft.server.log.statemachine.data.sync = true (default)
2019-09-26 15:08:37,151 [pool-27-thread-1] INFO  server.RaftServerConfigKeys (ConfUtils.java:logGet(43)) - raft.server.log.statemachine.data.sync.timeout = 10s (default)
2019-09-26 15:08:37,151 [pool-27-thread-1] INFO  server.RaftServerConfigKeys (ConfUtils.java:logGet(43)) - raft.server.log.statemachine.data.sync.timeout.retry = -1 (default)
2019-09-26 15:08:37,151 [pool-27-thread-1] INFO  server.RaftServerConfigKeys (ConfUtils.java:logGet(43)) - raft.server.log.statemachine.data.caching.enabled = true (custom)
2019-09-26 15:08:37,151 [pool-27-thread-1] INFO  segmented.SegmentedRaftLogWorker (SegmentedRaftLogWorker.java:lambda$new$0(132)) - 8a411a4f-0e32-4dd1-80b9-a797c2117425@group-19C985EAA9F4-SegmentedRaftLogWorker: flushIndex: setUnconditionally 0 -> -1
2019-09-26 15:08:37,152 [pool-27-thread-1] INFO  server.RaftServerConfigKeys (ConfUtils.java:logGet(43)) - raft.server.snapshot.auto.trigger.enabled = true (custom)
2019-09-26 15:08:37,152 [pool-27-thread-1] INFO  server.RaftServerConfigKeys (ConfUtils.java:logGet(43)) - raft.server.snapshot.auto.trigger.threshold = 10000 (custom)
2019-09-26 15:08:37,152 [pool-27-thread-1] INFO  server.RaftServerConfigKeys (ConfUtils.java:logGet(43)) - raft.server.snapshot.retention.num.files = 5 (custom)
2019-09-26 15:08:37,152 [pool-27-thread-1] INFO  server.RaftServerConfigKeys (ConfUtils.java:logGet(43)) - raft.server.retrycache.expirytime = 600000ms (custom)
2019-09-26 15:08:37,153 [pool-27-thread-1] INFO  impl.RaftServerImpl (RaftServerImpl.java:start(185)) - 8a411a4f-0e32-4dd1-80b9-a797c2117425@group-19C985EAA9F4: start as a follower, conf=-1: [8a411a4f-0e32-4dd1-80b9-a797c2117425:192.168.151.99:37125], old=null
2019-09-26 15:08:37,153 [pool-27-thread-1] INFO  impl.RaftServerImpl (RaftServerImpl.java:setRole(174)) - 8a411a4f-0e32-4dd1-80b9-a797c2117425@group-19C985EAA9F4: changes role from      null to FOLLOWER at term 0 for startAsFollower
2019-09-26 15:08:37,153 [pool-27-thread-1] INFO  impl.RoleInfo (RoleInfo.java:updateAndGet(143)) - 8a411a4f-0e32-4dd1-80b9-a797c2117425: start FollowerState
2019-09-26 15:08:37,154 [pool-27-thread-1] INFO  util.JmxRegister (JmxRegister.java:tryRegister(44)) - Successfully registered JMX Bean with object name Ratis:service=RaftServer,group=group-19C985EAA9F4,id=8a411a4f-0e32-4dd1-80b9-a797c2117425
2019-09-26 15:08:37,157 [RatisPipelineUtilsThread] INFO  pipeline.PipelineStateManager (PipelineStateManager.java:addPipeline(56)) - Created pipeline Pipeline[ Id: c114f600-2028-49b4-b477-19c985eaa9f4, Nodes: 8a411a4f-0e32-4dd1-80b9-a797c2117425{ip: 192.168.151.99, host: pr-hdds-1569-g6sp5-2013761785, networkLocation: /default-rack, certSerialId: null}, Type:RATIS, Factor:ONE, State:OPEN]
2019-09-26 15:08:37,162 [grpc-default-executor-1] INFO  impl.RaftServerProxy (RaftServerProxy.java:addNew(89)) - 8a411a4f-0e32-4dd1-80b9-a797c2117425: addNew group-1BAA2484A192:[8a411a4f-0e32-4dd1-80b9-a797c2117425:192.168.151.99:37125] returns group-1BAA2484A192:java.util.concurrent.CompletableFuture@4a20e24a[Not completed]
2019-09-26 15:08:37,163 [pool-27-thread-1] INFO  impl.RaftServerImpl (RaftServerImpl.java:<init>(95)) - 8a411a4f-0e32-4dd1-80b9-a797c2117425: new RaftServerImpl for group-1BAA2484A192:[8a411a4f-0e32-4dd1-80b9-a797c2117425:192.168.151.99:37125] with ContainerStateMachine:uninitialized
2019-09-26 15:08:37,163 [pool-27-thread-1] INFO  server.RaftServerConfigKeys (ConfUtils.java:logGet(43)) - raft.server.rpc.timeout.min = 5s (custom)
2019-09-26 15:08:37,163 [pool-27-thread-1] INFO  server.RaftServerConfigKeys (ConfUtils.java:logGet(43)) - raft.server.rpc.timeout.max = 5200ms (custom)
2019-09-26 15:08:37,164 [pool-27-thread-1] INFO  server.RaftServerConfigKeys (ConfUtils.java:logGet(43)) - raft.server.rpcslowness.timeout = 120s (custom)
2019-09-26 15:08:37,164 [pool-27-thread-1] INFO  server.RaftServerConfigKeys (ConfUtils.java:logGet(43)) - raft.server.sleep.deviation.threshold = 300 (default)
2019-09-26 15:08:37,164 [pool-27-thread-1] INFO  server.RaftServerConfigKeys (ConfUtils.java:logGet(43)) - raft.server.log.appender.install.snapshot.enabled = false (custom)
2019-09-26 15:08:37,164 [pool-27-thread-1] INFO  impl.RaftServerImpl (ServerState.java:<init>(103)) - 8a411a4f-0e32-4dd1-80b9-a797c2117425@group-1BAA2484A192: ConfigurationManager, init=-1: [8a411a4f-0e32-4dd1-80b9-a797c2117425:192.168.151.99:37125], old=null, confs=<EMPTY_MAP>
2019-09-26 15:08:37,164 [pool-27-thread-1] INFO  server.RaftServerConfigKeys (ConfUtils.java:logGet(43)) - raft.server.storage.dir = [/workdir/hadoop-ozone/integration-test/target/test-dir/MiniOzoneClusterImpl-646ad58d-3cd3-4092-ab15-506251c55e5b/datanode-0/data/ratis] (custom)
2019-09-26 15:08:37,165 [pool-27-thread-1] INFO  storage.RaftStorageDirectory (RaftStorageDirectory.java:analyzeStorage(246)) - The storage directory /workdir/hadoop-ozone/integration-test/target/test-dir/MiniOzoneClusterImpl-646ad58d-3cd3-4092-ab15-506251c55e5b/datanode-0/data/ratis/7e386206-f8fa-45fd-aac8-1baa2484a192 does not exist. Creating ...
2019-09-26 15:08:37,180 [pool-27-thread-1] INFO  storage.RaftStorageDirectory (RaftStorageDirectory.java:tryLock(328)) - Lock on /workdir/hadoop-ozone/integration-test/target/test-dir/MiniOzoneClusterImpl-646ad58d-3cd3-4092-ab15-506251c55e5b/datanode-0/data/ratis/7e386206-f8fa-45fd-aac8-1baa2484a192/in_use.lock acquired by nodename 7157@pr-hdds-1569-g6sp5-2013761785
2019-09-26 15:08:37,193 [pool-27-thread-1] INFO  storage.RaftStorage (RaftStorage.java:format(72)) - Storage directory /workdir/hadoop-ozone/integration-test/target/test-dir/MiniOzoneClusterImpl-646ad58d-3cd3-4092-ab15-506251c55e5b/datanode-0/data/ratis/7e386206-f8fa-45fd-aac8-1baa2484a192 has been successfully formatted.
2019-09-26 15:08:37,193 [pool-27-thread-1] INFO  ratis.ContainerStateMachine (ContainerStateMachine.java:loadSnapshot(230)) - group-1BAA2484A192: The snapshot info is null. Setting the last applied indexto:(t:0, i:~)
2019-09-26 15:08:37,193 [pool-27-thread-1] INFO  server.RaftServerConfigKeys (ConfUtils.java:logGet(43)) - raft.server.notification.no-leader.timeout = 120s (custom)
2019-09-26 15:08:37,193 [pool-27-thread-1] INFO  server.RaftServerConfigKeys (ConfUtils.java:logGet(43)) - raft.server.log.use.memory = false (default)
2019-09-26 15:08:37,193 [pool-27-thread-1] INFO  server.RaftServerConfigKeys (ConfUtils.java:logGet(43)) - raft.server.log.purge.gap = 1000000 (custom)
2019-09-26 15:08:37,193 [pool-27-thread-1] INFO  server.RaftServerConfigKeys (ConfUtils.java:logGet(43)) - raft.server.log.appender.buffer.byte-limit = 33554432 (custom)
2019-09-26 15:08:37,193 [pool-27-thread-1] INFO  server.RaftServerConfigKeys (ConfUtils.java:logGet(43)) - raft.server.log.segment.size.max = 1048576 (custom)
2019-09-26 15:08:37,193 [pool-27-thread-1] INFO  server.RaftServerConfigKeys (ConfUtils.java:logGet(43)) - raft.server.log.segment.cache.num.max = 2 (custom)
2019-09-26 15:08:37,193 [pool-27-thread-1] INFO  segmented.SegmentedRaftLogWorker (SegmentedRaftLogWorker.java:<init>(172)) - new 8a411a4f-0e32-4dd1-80b9-a797c2117425@group-1BAA2484A192-SegmentedRaftLogWorker for RaftStorage:Storage Directory /workdir/hadoop-ozone/integration-test/target/test-dir/MiniOzoneClusterImpl-646ad58d-3cd3-4092-ab15-506251c55e5b/datanode-0/data/ratis/7e386206-f8fa-45fd-aac8-1baa2484a192
2019-09-26 15:08:37,193 [pool-27-thread-1] INFO  server.RaftServerConfigKeys (ConfUtils.java:logGet(43)) - raft.server.log.queue.byte-limit = 2147483647 (custom)
2019-09-26 15:08:37,193 [pool-27-thread-1] INFO  server.RaftServerConfigKeys (ConfUtils.java:logGet(43)) - raft.server.log.queue.element-limit = 1024 (custom)
2019-09-26 15:08:37,194 [pool-27-thread-1] INFO  server.RaftServerConfigKeys (ConfUtils.java:logGet(43)) - raft.server.log.segment.size.max = 1048576 (custom)
2019-09-26 15:08:37,194 [pool-27-thread-1] INFO  server.RaftServerConfigKeys (ConfUtils.java:logGet(43)) - raft.server.log.preallocated.size = 16384 (custom)
2019-09-26 15:08:37,194 [pool-27-thread-1] INFO  server.RaftServerConfigKeys (ConfUtils.java:logGet(43)) - raft.server.log.write.buffer.size = 33554432 (custom)
2019-09-26 15:08:37,194 [pool-27-thread-1] INFO  server.RaftServerConfigKeys (ConfUtils.java:logGet(43)) - raft.server.log.force.sync.num = 128 (default)
2019-09-26 15:08:37,194 [pool-27-thread-1] INFO  server.RaftServerConfigKeys (ConfUtils.java:logGet(43)) - raft.server.log.statemachine.data.sync = true (default)
2019-09-26 15:08:37,194 [pool-27-thread-1] INFO  server.RaftServerConfigKeys (ConfUtils.java:logGet(43)) - raft.server.log.statemachine.data.sync.timeout = 10s (default)
2019-09-26 15:08:37,194 [pool-27-thread-1] INFO  server.RaftServerConfigKeys (ConfUtils.java:logGet(43)) - raft.server.log.statemachine.data.sync.timeout.retry = -1 (default)
2019-09-26 15:08:37,194 [pool-27-thread-1] INFO  server.RaftServerConfigKeys (ConfUtils.java:logGet(43)) - raft.server.log.statemachine.data.caching.enabled = true (custom)
2019-09-26 15:08:37,194 [pool-27-thread-1] INFO  segmented.SegmentedRaftLogWorker (SegmentedRaftLogWorker.java:lambda$new$0(132)) - 8a411a4f-0e32-4dd1-80b9-a797c2117425@group-1BAA2484A192-SegmentedRaftLogWorker: flushIndex: setUnconditionally 0 -> -1
2019-09-26 15:08:37,194 [pool-27-thread-1] INFO  server.RaftServerConfigKeys (ConfUtils.java:logGet(43)) - raft.server.snapshot.auto.trigger.enabled = true (custom)
2019-09-26 15:08:37,194 [pool-27-thread-1] INFO  server.RaftServerConfigKeys (ConfUtils.java:logGet(43)) - raft.server.snapshot.auto.trigger.threshold = 10000 (custom)
2019-09-26 15:08:37,195 [pool-27-thread-1] INFO  server.RaftServerConfigKeys (ConfUtils.java:logGet(43)) - raft.server.snapshot.retention.num.files = 5 (custom)
2019-09-26 15:08:37,195 [pool-27-thread-1] INFO  server.RaftServerConfigKeys (ConfUtils.java:logGet(43)) - raft.server.retrycache.expirytime = 600000ms (custom)
2019-09-26 15:08:37,196 [pool-27-thread-1] INFO  impl.RaftServerImpl (RaftServerImpl.java:start(185)) - 8a411a4f-0e32-4dd1-80b9-a797c2117425@group-1BAA2484A192: start as a follower, conf=-1: [8a411a4f-0e32-4dd1-80b9-a797c2117425:192.168.151.99:37125], old=null
2019-09-26 15:08:37,196 [pool-27-thread-1] INFO  impl.RaftServerImpl (RaftServerImpl.java:setRole(174)) - 8a411a4f-0e32-4dd1-80b9-a797c2117425@group-1BAA2484A192: changes role from      null to FOLLOWER at term 0 for startAsFollower
2019-09-26 15:08:37,196 [pool-27-thread-1] INFO  impl.RoleInfo (RoleInfo.java:updateAndGet(143)) - 8a411a4f-0e32-4dd1-80b9-a797c2117425: start FollowerState
2019-09-26 15:08:37,196 [pool-27-thread-1] INFO  util.JmxRegister (JmxRegister.java:tryRegister(44)) - Successfully registered JMX Bean with object name Ratis:service=RaftServer,group=group-1BAA2484A192,id=8a411a4f-0e32-4dd1-80b9-a797c2117425
2019-09-26 15:08:37,198 [RatisPipelineUtilsThread] INFO  pipeline.PipelineStateManager (PipelineStateManager.java:addPipeline(56)) - Created pipeline Pipeline[ Id: 7e386206-f8fa-45fd-aac8-1baa2484a192, Nodes: 8a411a4f-0e32-4dd1-80b9-a797c2117425{ip: 192.168.151.99, host: pr-hdds-1569-g6sp5-2013761785, networkLocation: /default-rack, certSerialId: null}, Type:RATIS, Factor:ONE, State:OPEN]
2019-09-26 15:08:37,203 [grpc-default-executor-1] INFO  impl.RaftServerProxy (RaftServerProxy.java:addNew(89)) - 8a411a4f-0e32-4dd1-80b9-a797c2117425: addNew group-78F806914167:[8a411a4f-0e32-4dd1-80b9-a797c2117425:192.168.151.99:37125] returns group-78F806914167:java.util.concurrent.CompletableFuture@6ecacc9c[Not completed]
2019-09-26 15:08:37,203 [pool-27-thread-1] INFO  impl.RaftServerImpl (RaftServerImpl.java:<init>(95)) - 8a411a4f-0e32-4dd1-80b9-a797c2117425: new RaftServerImpl for group-78F806914167:[8a411a4f-0e32-4dd1-80b9-a797c2117425:192.168.151.99:37125] with ContainerStateMachine:uninitialized
2019-09-26 15:08:37,203 [pool-27-thread-1] INFO  server.RaftServerConfigKeys (ConfUtils.java:logGet(43)) - raft.server.rpc.timeout.min = 5s (custom)
2019-09-26 15:08:37,203 [pool-27-thread-1] INFO  server.RaftServerConfigKeys (ConfUtils.java:logGet(43)) - raft.server.rpc.timeout.max = 5200ms (custom)
2019-09-26 15:08:37,203 [pool-27-thread-1] INFO  server.RaftServerConfigKeys (ConfUtils.java:logGet(43)) - raft.server.rpcslowness.timeout = 120s (custom)
2019-09-26 15:08:37,203 [pool-27-thread-1] INFO  server.RaftServerConfigKeys (ConfUtils.java:logGet(43)) - raft.server.sleep.deviation.threshold = 300 (default)
2019-09-26 15:08:37,204 [pool-27-thread-1] INFO  server.RaftServerConfigKeys (ConfUtils.java:logGet(43)) - raft.server.log.appender.install.snapshot.enabled = false (custom)
2019-09-26 15:08:37,204 [pool-27-thread-1] INFO  impl.RaftServerImpl (ServerState.java:<init>(103)) - 8a411a4f-0e32-4dd1-80b9-a797c2117425@group-78F806914167: ConfigurationManager, init=-1: [8a411a4f-0e32-4dd1-80b9-a797c2117425:192.168.151.99:37125], old=null, confs=<EMPTY_MAP>
2019-09-26 15:08:37,204 [pool-27-thread-1] INFO  server.RaftServerConfigKeys (ConfUtils.java:logGet(43)) - raft.server.storage.dir = [/workdir/hadoop-ozone/integration-test/target/test-dir/MiniOzoneClusterImpl-646ad58d-3cd3-4092-ab15-506251c55e5b/datanode-0/data/ratis] (custom)
2019-09-26 15:08:37,204 [pool-27-thread-1] INFO  storage.RaftStorageDirectory (RaftStorageDirectory.java:analyzeStorage(246)) - The storage directory /workdir/hadoop-ozone/integration-test/target/test-dir/MiniOzoneClusterImpl-646ad58d-3cd3-4092-ab15-506251c55e5b/datanode-0/data/ratis/e3779f3c-83bc-4c71-9dc2-78f806914167 does not exist. Creating ...
2019-09-26 15:08:37,216 [pool-27-thread-1] INFO  storage.RaftStorageDirectory (RaftStorageDirectory.java:tryLock(328)) - Lock on /workdir/hadoop-ozone/integration-test/target/test-dir/MiniOzoneClusterImpl-646ad58d-3cd3-4092-ab15-506251c55e5b/datanode-0/data/ratis/e3779f3c-83bc-4c71-9dc2-78f806914167/in_use.lock acquired by nodename 7157@pr-hdds-1569-g6sp5-2013761785
2019-09-26 15:08:37,231 [pool-27-thread-1] INFO  storage.RaftStorage (RaftStorage.java:format(72)) - Storage directory /workdir/hadoop-ozone/integration-test/target/test-dir/MiniOzoneClusterImpl-646ad58d-3cd3-4092-ab15-506251c55e5b/datanode-0/data/ratis/e3779f3c-83bc-4c71-9dc2-78f806914167 has been successfully formatted.
2019-09-26 15:08:37,231 [pool-27-thread-1] INFO  ratis.ContainerStateMachine (ContainerStateMachine.java:loadSnapshot(230)) - group-78F806914167: The snapshot info is null. Setting the last applied indexto:(t:0, i:~)
2019-09-26 15:08:37,231 [pool-27-thread-1] INFO  server.RaftServerConfigKeys (ConfUtils.java:logGet(43)) - raft.server.notification.no-leader.timeout = 120s (custom)
2019-09-26 15:08:37,231 [pool-27-thread-1] INFO  server.RaftServerConfigKeys (ConfUtils.java:logGet(43)) - raft.server.log.use.memory = false (default)
2019-09-26 15:08:37,231 [pool-27-thread-1] INFO  server.RaftServerConfigKeys (ConfUtils.java:logGet(43)) - raft.server.log.purge.gap = 1000000 (custom)
2019-09-26 15:08:37,231 [pool-27-thread-1] INFO  server.RaftServerConfigKeys (ConfUtils.java:logGet(43)) - raft.server.log.appender.buffer.byte-limit = 33554432 (custom)
2019-09-26 15:08:37,231 [pool-27-thread-1] INFO  server.RaftServerConfigKeys (ConfUtils.java:logGet(43)) - raft.server.log.segment.size.max = 1048576 (custom)
2019-09-26 15:08:37,231 [pool-27-thread-1] INFO  server.RaftServerConfigKeys (ConfUtils.java:logGet(43)) - raft.server.log.segment.cache.num.max = 2 (custom)
2019-09-26 15:08:37,231 [pool-27-thread-1] INFO  segmented.SegmentedRaftLogWorker (SegmentedRaftLogWorker.java:<init>(172)) - new 8a411a4f-0e32-4dd1-80b9-a797c2117425@group-78F806914167-SegmentedRaftLogWorker for RaftStorage:Storage Directory /workdir/hadoop-ozone/integration-test/target/test-dir/MiniOzoneClusterImpl-646ad58d-3cd3-4092-ab15-506251c55e5b/datanode-0/data/ratis/e3779f3c-83bc-4c71-9dc2-78f806914167
2019-09-26 15:08:37,231 [pool-27-thread-1] INFO  server.RaftServerConfigKeys (ConfUtils.java:logGet(43)) - raft.server.log.queue.byte-limit = 2147483647 (custom)
2019-09-26 15:08:37,232 [pool-27-thread-1] INFO  server.RaftServerConfigKeys (ConfUtils.java:logGet(43)) - raft.server.log.queue.element-limit = 1024 (custom)
2019-09-26 15:08:37,232 [pool-27-thread-1] INFO  server.RaftServerConfigKeys (ConfUtils.java:logGet(43)) - raft.server.log.segment.size.max = 1048576 (custom)
2019-09-26 15:08:37,232 [pool-27-thread-1] INFO  server.RaftServerConfigKeys (ConfUtils.java:logGet(43)) - raft.server.log.preallocated.size = 16384 (custom)
2019-09-26 15:08:37,232 [pool-27-thread-1] INFO  server.RaftServerConfigKeys (ConfUtils.java:logGet(43)) - raft.server.log.write.buffer.size = 33554432 (custom)
2019-09-26 15:08:37,232 [pool-27-thread-1] INFO  server.RaftServerConfigKeys (ConfUtils.java:logGet(43)) - raft.server.log.force.sync.num = 128 (default)
2019-09-26 15:08:37,232 [pool-27-thread-1] INFO  server.RaftServerConfigKeys (ConfUtils.java:logGet(43)) - raft.server.log.statemachine.data.sync = true (default)
2019-09-26 15:08:37,232 [pool-27-thread-1] INFO  server.RaftServerConfigKeys (ConfUtils.java:logGet(43)) - raft.server.log.statemachine.data.sync.timeout = 10s (default)
2019-09-26 15:08:37,232 [pool-27-thread-1] INFO  server.RaftServerConfigKeys (ConfUtils.java:logGet(43)) - raft.server.log.statemachine.data.sync.timeout.retry = -1 (default)
2019-09-26 15:08:37,232 [pool-27-thread-1] INFO  server.RaftServerConfigKeys (ConfUtils.java:logGet(43)) - raft.server.log.statemachine.data.caching.enabled = true (custom)
2019-09-26 15:08:37,232 [pool-27-thread-1] INFO  segmented.SegmentedRaftLogWorker (SegmentedRaftLogWorker.java:lambda$new$0(132)) - 8a411a4f-0e32-4dd1-80b9-a797c2117425@group-78F806914167-SegmentedRaftLogWorker: flushIndex: setUnconditionally 0 -> -1
2019-09-26 15:08:37,233 [pool-27-thread-1] INFO  server.RaftServerConfigKeys (ConfUtils.java:logGet(43)) - raft.server.snapshot.auto.trigger.enabled = true (custom)
2019-09-26 15:08:37,233 [pool-27-thread-1] INFO  server.RaftServerConfigKeys (ConfUtils.java:logGet(43)) - raft.server.snapshot.auto.trigger.threshold = 10000 (custom)
2019-09-26 15:08:37,233 [pool-27-thread-1] INFO  server.RaftServerConfigKeys (ConfUtils.java:logGet(43)) - raft.server.snapshot.retention.num.files = 5 (custom)
2019-09-26 15:08:37,233 [pool-27-thread-1] INFO  server.RaftServerConfigKeys (ConfUtils.java:logGet(43)) - raft.server.retrycache.expirytime = 600000ms (custom)
2019-09-26 15:08:37,234 [pool-27-thread-1] INFO  impl.RaftServerImpl (RaftServerImpl.java:start(185)) - 8a411a4f-0e32-4dd1-80b9-a797c2117425@group-78F806914167: start as a follower, conf=-1: [8a411a4f-0e32-4dd1-80b9-a797c2117425:192.168.151.99:37125], old=null
2019-09-26 15:08:37,234 [pool-27-thread-1] INFO  impl.RaftServerImpl (RaftServerImpl.java:setRole(174)) - 8a411a4f-0e32-4dd1-80b9-a797c2117425@group-78F806914167: changes role from      null to FOLLOWER at term 0 for startAsFollower
2019-09-26 15:08:37,234 [pool-27-thread-1] INFO  impl.RoleInfo (RoleInfo.java:updateAndGet(143)) - 8a411a4f-0e32-4dd1-80b9-a797c2117425: start FollowerState
2019-09-26 15:08:37,234 [pool-27-thread-1] INFO  util.JmxRegister (JmxRegister.java:tryRegister(44)) - Successfully registered JMX Bean with object name Ratis:service=RaftServer,group=group-78F806914167,id=8a411a4f-0e32-4dd1-80b9-a797c2117425
2019-09-26 15:08:37,236 [RatisPipelineUtilsThread] INFO  pipeline.PipelineStateManager (PipelineStateManager.java:addPipeline(56)) - Created pipeline Pipeline[ Id: e3779f3c-83bc-4c71-9dc2-78f806914167, Nodes: 8a411a4f-0e32-4dd1-80b9-a797c2117425{ip: 192.168.151.99, host: pr-hdds-1569-g6sp5-2013761785, networkLocation: /default-rack, certSerialId: null}, Type:RATIS, Factor:ONE, State:OPEN]
2019-09-26 15:08:37,239 [grpc-default-executor-1] INFO  impl.RaftServerProxy (RaftServerProxy.java:addNew(89)) - 8a411a4f-0e32-4dd1-80b9-a797c2117425: addNew group-CAAD3C9AE29A:[8a411a4f-0e32-4dd1-80b9-a797c2117425:192.168.151.99:37125] returns group-CAAD3C9AE29A:java.util.concurrent.CompletableFuture@2732f310[Not completed]
2019-09-26 15:08:37,240 [pool-27-thread-1] INFO  impl.RaftServerImpl (RaftServerImpl.java:<init>(95)) - 8a411a4f-0e32-4dd1-80b9-a797c2117425: new RaftServerImpl for group-CAAD3C9AE29A:[8a411a4f-0e32-4dd1-80b9-a797c2117425:192.168.151.99:37125] with ContainerStateMachine:uninitialized
2019-09-26 15:08:37,240 [pool-27-thread-1] INFO  server.RaftServerConfigKeys (ConfUtils.java:logGet(43)) - raft.server.rpc.timeout.min = 5s (custom)
2019-09-26 15:08:37,240 [pool-27-thread-1] INFO  server.RaftServerConfigKeys (ConfUtils.java:logGet(43)) - raft.server.rpc.timeout.max = 5200ms (custom)
2019-09-26 15:08:37,240 [pool-27-thread-1] INFO  server.RaftServerConfigKeys (ConfUtils.java:logGet(43)) - raft.server.rpcslowness.timeout = 120s (custom)
2019-09-26 15:08:37,240 [pool-27-thread-1] INFO  server.RaftServerConfigKeys (ConfUtils.java:logGet(43)) - raft.server.sleep.deviation.threshold = 300 (default)
2019-09-26 15:08:37,240 [pool-27-thread-1] INFO  server.RaftServerConfigKeys (ConfUtils.java:logGet(43)) - raft.server.log.appender.install.snapshot.enabled = false (custom)
2019-09-26 15:08:37,240 [pool-27-thread-1] INFO  impl.RaftServerImpl (ServerState.java:<init>(103)) - 8a411a4f-0e32-4dd1-80b9-a797c2117425@group-CAAD3C9AE29A: ConfigurationManager, init=-1: [8a411a4f-0e32-4dd1-80b9-a797c2117425:192.168.151.99:37125], old=null, confs=<EMPTY_MAP>
2019-09-26 15:08:37,240 [pool-27-thread-1] INFO  server.RaftServerConfigKeys (ConfUtils.java:logGet(43)) - raft.server.storage.dir = [/workdir/hadoop-ozone/integration-test/target/test-dir/MiniOzoneClusterImpl-646ad58d-3cd3-4092-ab15-506251c55e5b/datanode-0/data/ratis] (custom)
2019-09-26 15:08:37,241 [pool-27-thread-1] INFO  storage.RaftStorageDirectory (RaftStorageDirectory.java:analyzeStorage(246)) - The storage directory /workdir/hadoop-ozone/integration-test/target/test-dir/MiniOzoneClusterImpl-646ad58d-3cd3-4092-ab15-506251c55e5b/datanode-0/data/ratis/0aaea433-b9eb-48c0-8262-caad3c9ae29a does not exist. Creating ...
2019-09-26 15:08:37,245 [pool-27-thread-1] INFO  storage.RaftStorageDirectory (RaftStorageDirectory.java:tryLock(328)) - Lock on /workdir/hadoop-ozone/integration-test/target/test-dir/MiniOzoneClusterImpl-646ad58d-3cd3-4092-ab15-506251c55e5b/datanode-0/data/ratis/0aaea433-b9eb-48c0-8262-caad3c9ae29a/in_use.lock acquired by nodename 7157@pr-hdds-1569-g6sp5-2013761785
2019-09-26 15:08:37,248 [pool-27-thread-1] INFO  storage.RaftStorage (RaftStorage.java:format(72)) - Storage directory /workdir/hadoop-ozone/integration-test/target/test-dir/MiniOzoneClusterImpl-646ad58d-3cd3-4092-ab15-506251c55e5b/datanode-0/data/ratis/0aaea433-b9eb-48c0-8262-caad3c9ae29a has been successfully formatted.
2019-09-26 15:08:37,249 [pool-27-thread-1] INFO  ratis.ContainerStateMachine (ContainerStateMachine.java:loadSnapshot(230)) - group-CAAD3C9AE29A: The snapshot info is null. Setting the last applied indexto:(t:0, i:~)
2019-09-26 15:08:37,249 [pool-27-thread-1] INFO  server.RaftServerConfigKeys (ConfUtils.java:logGet(43)) - raft.server.notification.no-leader.timeout = 120s (custom)
2019-09-26 15:08:37,249 [pool-27-thread-1] INFO  server.RaftServerConfigKeys (ConfUtils.java:logGet(43)) - raft.server.log.use.memory = false (default)
2019-09-26 15:08:37,249 [pool-27-thread-1] INFO  server.RaftServerConfigKeys (ConfUtils.java:logGet(43)) - raft.server.log.purge.gap = 1000000 (custom)
2019-09-26 15:08:37,249 [pool-27-thread-1] INFO  server.RaftServerConfigKeys (ConfUtils.java:logGet(43)) - raft.server.log.appender.buffer.byte-limit = 33554432 (custom)
2019-09-26 15:08:37,249 [pool-27-thread-1] INFO  server.RaftServerConfigKeys (ConfUtils.java:logGet(43)) - raft.server.log.segment.size.max = 1048576 (custom)
2019-09-26 15:08:37,249 [pool-27-thread-1] INFO  server.RaftServerConfigKeys (ConfUtils.java:logGet(43)) - raft.server.log.segment.cache.num.max = 2 (custom)
2019-09-26 15:08:37,249 [pool-27-thread-1] INFO  segmented.SegmentedRaftLogWorker (SegmentedRaftLogWorker.java:<init>(172)) - new 8a411a4f-0e32-4dd1-80b9-a797c2117425@group-CAAD3C9AE29A-SegmentedRaftLogWorker for RaftStorage:Storage Directory /workdir/hadoop-ozone/integration-test/target/test-dir/MiniOzoneClusterImpl-646ad58d-3cd3-4092-ab15-506251c55e5b/datanode-0/data/ratis/0aaea433-b9eb-48c0-8262-caad3c9ae29a
2019-09-26 15:08:37,249 [pool-27-thread-1] INFO  server.RaftServerConfigKeys (ConfUtils.java:logGet(43)) - raft.server.log.queue.byte-limit = 2147483647 (custom)
2019-09-26 15:08:37,249 [pool-27-thread-1] INFO  server.RaftServerConfigKeys (ConfUtils.java:logGet(43)) - raft.server.log.queue.element-limit = 1024 (custom)
2019-09-26 15:08:37,249 [pool-27-thread-1] INFO  server.RaftServerConfigKeys (ConfUtils.java:logGet(43)) - raft.server.log.segment.size.max = 1048576 (custom)
2019-09-26 15:08:37,249 [pool-27-thread-1] INFO  server.RaftServerConfigKeys (ConfUtils.java:logGet(43)) - raft.server.log.preallocated.size = 16384 (custom)
2019-09-26 15:08:37,250 [pool-27-thread-1] INFO  server.RaftServerConfigKeys (ConfUtils.java:logGet(43)) - raft.server.log.write.buffer.size = 33554432 (custom)
2019-09-26 15:08:37,250 [pool-27-thread-1] INFO  server.RaftServerConfigKeys (ConfUtils.java:logGet(43)) - raft.server.log.force.sync.num = 128 (default)
2019-09-26 15:08:37,250 [pool-27-thread-1] INFO  server.RaftServerConfigKeys (ConfUtils.java:logGet(43)) - raft.server.log.statemachine.data.sync = true (default)
2019-09-26 15:08:37,250 [pool-27-thread-1] INFO  server.RaftServerConfigKeys (ConfUtils.java:logGet(43)) - raft.server.log.statemachine.data.sync.timeout = 10s (default)
2019-09-26 15:08:37,250 [pool-27-thread-1] INFO  server.RaftServerConfigKeys (ConfUtils.java:logGet(43)) - raft.server.log.statemachine.data.sync.timeout.retry = -1 (default)
2019-09-26 15:08:37,250 [pool-27-thread-1] INFO  server.RaftServerConfigKeys (ConfUtils.java:logGet(43)) - raft.server.log.statemachine.data.caching.enabled = true (custom)
2019-09-26 15:08:37,250 [pool-27-thread-1] INFO  segmented.SegmentedRaftLogWorker (SegmentedRaftLogWorker.java:lambda$new$0(132)) - 8a411a4f-0e32-4dd1-80b9-a797c2117425@group-CAAD3C9AE29A-SegmentedRaftLogWorker: flushIndex: setUnconditionally 0 -> -1
2019-09-26 15:08:37,250 [pool-27-thread-1] INFO  server.RaftServerConfigKeys (ConfUtils.java:logGet(43)) - raft.server.snapshot.auto.trigger.enabled = true (custom)
2019-09-26 15:08:37,251 [pool-27-thread-1] INFO  server.RaftServerConfigKeys (ConfUtils.java:logGet(43)) - raft.server.snapshot.auto.trigger.threshold = 10000 (custom)
2019-09-26 15:08:37,251 [pool-27-thread-1] INFO  server.RaftServerConfigKeys (ConfUtils.java:logGet(43)) - raft.server.snapshot.retention.num.files = 5 (custom)
2019-09-26 15:08:37,251 [pool-27-thread-1] INFO  server.RaftServerConfigKeys (ConfUtils.java:logGet(43)) - raft.server.retrycache.expirytime = 600000ms (custom)
2019-09-26 15:08:37,252 [pool-27-thread-1] INFO  impl.RaftServerImpl (RaftServerImpl.java:start(185)) - 8a411a4f-0e32-4dd1-80b9-a797c2117425@group-CAAD3C9AE29A: start as a follower, conf=-1: [8a411a4f-0e32-4dd1-80b9-a797c2117425:192.168.151.99:37125], old=null
2019-09-26 15:08:37,252 [pool-27-thread-1] INFO  impl.RaftServerImpl (RaftServerImpl.java:setRole(174)) - 8a411a4f-0e32-4dd1-80b9-a797c2117425@group-CAAD3C9AE29A: changes role from      null to FOLLOWER at term 0 for startAsFollower
2019-09-26 15:08:37,252 [pool-27-thread-1] INFO  impl.RoleInfo (RoleInfo.java:updateAndGet(143)) - 8a411a4f-0e32-4dd1-80b9-a797c2117425: start FollowerState
2019-09-26 15:08:37,252 [pool-27-thread-1] INFO  util.JmxRegister (JmxRegister.java:tryRegister(44)) - Successfully registered JMX Bean with object name Ratis:service=RaftServer,group=group-CAAD3C9AE29A,id=8a411a4f-0e32-4dd1-80b9-a797c2117425
2019-09-26 15:08:37,255 [RatisPipelineUtilsThread] INFO  pipeline.PipelineStateManager (PipelineStateManager.java:addPipeline(56)) - Created pipeline Pipeline[ Id: 0aaea433-b9eb-48c0-8262-caad3c9ae29a, Nodes: 8a411a4f-0e32-4dd1-80b9-a797c2117425{ip: 192.168.151.99, host: pr-hdds-1569-g6sp5-2013761785, networkLocation: /default-rack, certSerialId: null}, Type:RATIS, Factor:ONE, State:OPEN]
2019-09-26 15:08:37,259 [grpc-default-executor-1] INFO  impl.RaftServerProxy (RaftServerProxy.java:addNew(89)) - 8a411a4f-0e32-4dd1-80b9-a797c2117425: addNew group-D864432FC37C:[8a411a4f-0e32-4dd1-80b9-a797c2117425:192.168.151.99:37125] returns group-D864432FC37C:java.util.concurrent.CompletableFuture@20d39ed5[Not completed]
2019-09-26 15:08:37,259 [pool-27-thread-1] INFO  impl.RaftServerImpl (RaftServerImpl.java:<init>(95)) - 8a411a4f-0e32-4dd1-80b9-a797c2117425: new RaftServerImpl for group-D864432FC37C:[8a411a4f-0e32-4dd1-80b9-a797c2117425:192.168.151.99:37125] with ContainerStateMachine:uninitialized
2019-09-26 15:08:37,259 [pool-27-thread-1] INFO  server.RaftServerConfigKeys (ConfUtils.java:logGet(43)) - raft.server.rpc.timeout.min = 5s (custom)
2019-09-26 15:08:37,259 [pool-27-thread-1] INFO  server.RaftServerConfigKeys (ConfUtils.java:logGet(43)) - raft.server.rpc.timeout.max = 5200ms (custom)
2019-09-26 15:08:37,259 [pool-27-thread-1] INFO  server.RaftServerConfigKeys (ConfUtils.java:logGet(43)) - raft.server.rpcslowness.timeout = 120s (custom)
2019-09-26 15:08:37,259 [pool-27-thread-1] INFO  server.RaftServerConfigKeys (ConfUtils.java:logGet(43)) - raft.server.sleep.deviation.threshold = 300 (default)
2019-09-26 15:08:37,260 [pool-27-thread-1] INFO  server.RaftServerConfigKeys (ConfUtils.java:logGet(43)) - raft.server.log.appender.install.snapshot.enabled = false (custom)
2019-09-26 15:08:37,260 [pool-27-thread-1] INFO  impl.RaftServerImpl (ServerState.java:<init>(103)) - 8a411a4f-0e32-4dd1-80b9-a797c2117425@group-D864432FC37C: ConfigurationManager, init=-1: [8a411a4f-0e32-4dd1-80b9-a797c2117425:192.168.151.99:37125], old=null, confs=<EMPTY_MAP>
2019-09-26 15:08:37,260 [pool-27-thread-1] INFO  server.RaftServerConfigKeys (ConfUtils.java:logGet(43)) - raft.server.storage.dir = [/workdir/hadoop-ozone/integration-test/target/test-dir/MiniOzoneClusterImpl-646ad58d-3cd3-4092-ab15-506251c55e5b/datanode-0/data/ratis] (custom)
2019-09-26 15:08:37,260 [pool-27-thread-1] INFO  storage.RaftStorageDirectory (RaftStorageDirectory.java:analyzeStorage(246)) - The storage directory /workdir/hadoop-ozone/integration-test/target/test-dir/MiniOzoneClusterImpl-646ad58d-3cd3-4092-ab15-506251c55e5b/datanode-0/data/ratis/314057e5-2f48-4c60-a990-d864432fc37c does not exist. Creating ...
2019-09-26 15:08:37,294 [pool-27-thread-1] INFO  storage.RaftStorageDirectory (RaftStorageDirectory.java:tryLock(328)) - Lock on /workdir/hadoop-ozone/integration-test/target/test-dir/MiniOzoneClusterImpl-646ad58d-3cd3-4092-ab15-506251c55e5b/datanode-0/data/ratis/314057e5-2f48-4c60-a990-d864432fc37c/in_use.lock acquired by nodename 7157@pr-hdds-1569-g6sp5-2013761785
2019-09-26 15:08:37,308 [pool-27-thread-1] INFO  storage.RaftStorage (RaftStorage.java:format(72)) - Storage directory /workdir/hadoop-ozone/integration-test/target/test-dir/MiniOzoneClusterImpl-646ad58d-3cd3-4092-ab15-506251c55e5b/datanode-0/data/ratis/314057e5-2f48-4c60-a990-d864432fc37c has been successfully formatted.
2019-09-26 15:08:37,308 [pool-27-thread-1] INFO  ratis.ContainerStateMachine (ContainerStateMachine.java:loadSnapshot(230)) - group-D864432FC37C: The snapshot info is null. Setting the last applied indexto:(t:0, i:~)
2019-09-26 15:08:37,308 [pool-27-thread-1] INFO  server.RaftServerConfigKeys (ConfUtils.java:logGet(43)) - raft.server.notification.no-leader.timeout = 120s (custom)
2019-09-26 15:08:37,308 [pool-27-thread-1] INFO  server.RaftServerConfigKeys (ConfUtils.java:logGet(43)) - raft.server.log.use.memory = false (default)
2019-09-26 15:08:37,308 [pool-27-thread-1] INFO  server.RaftServerConfigKeys (ConfUtils.java:logGet(43)) - raft.server.log.purge.gap = 1000000 (custom)
2019-09-26 15:08:37,308 [pool-27-thread-1] INFO  server.RaftServerConfigKeys (ConfUtils.java:logGet(43)) - raft.server.log.appender.buffer.byte-limit = 33554432 (custom)
2019-09-26 15:08:37,308 [pool-27-thread-1] INFO  server.RaftServerConfigKeys (ConfUtils.java:logGet(43)) - raft.server.log.segment.size.max = 1048576 (custom)
2019-09-26 15:08:37,308 [pool-27-thread-1] INFO  server.RaftServerConfigKeys (ConfUtils.java:logGet(43)) - raft.server.log.segment.cache.num.max = 2 (custom)
2019-09-26 15:08:37,308 [pool-27-thread-1] INFO  segmented.SegmentedRaftLogWorker (SegmentedRaftLogWorker.java:<init>(172)) - new 8a411a4f-0e32-4dd1-80b9-a797c2117425@group-D864432FC37C-SegmentedRaftLogWorker for RaftStorage:Storage Directory /workdir/hadoop-ozone/integration-test/target/test-dir/MiniOzoneClusterImpl-646ad58d-3cd3-4092-ab15-506251c55e5b/datanode-0/data/ratis/314057e5-2f48-4c60-a990-d864432fc37c
2019-09-26 15:08:37,308 [pool-27-thread-1] INFO  server.RaftServerConfigKeys (ConfUtils.java:logGet(43)) - raft.server.log.queue.byte-limit = 2147483647 (custom)
2019-09-26 15:08:37,309 [pool-27-thread-1] INFO  server.RaftServerConfigKeys (ConfUtils.java:logGet(43)) - raft.server.log.queue.element-limit = 1024 (custom)
2019-09-26 15:08:37,309 [pool-27-thread-1] INFO  server.RaftServerConfigKeys (ConfUtils.java:logGet(43)) - raft.server.log.segment.size.max = 1048576 (custom)
2019-09-26 15:08:37,309 [pool-27-thread-1] INFO  server.RaftServerConfigKeys (ConfUtils.java:logGet(43)) - raft.server.log.preallocated.size = 16384 (custom)
2019-09-26 15:08:37,309 [pool-27-thread-1] INFO  server.RaftServerConfigKeys (ConfUtils.java:logGet(43)) - raft.server.log.write.buffer.size = 33554432 (custom)
2019-09-26 15:08:37,309 [pool-27-thread-1] INFO  server.RaftServerConfigKeys (ConfUtils.java:logGet(43)) - raft.server.log.force.sync.num = 128 (default)
2019-09-26 15:08:37,309 [pool-27-thread-1] INFO  server.RaftServerConfigKeys (ConfUtils.java:logGet(43)) - raft.server.log.statemachine.data.sync = true (default)
2019-09-26 15:08:37,309 [pool-27-thread-1] INFO  server.RaftServerConfigKeys (ConfUtils.java:logGet(43)) - raft.server.log.statemachine.data.sync.timeout = 10s (default)
2019-09-26 15:08:37,309 [pool-27-thread-1] INFO  server.RaftServerConfigKeys (ConfUtils.java:logGet(43)) - raft.server.log.statemachine.data.sync.timeout.retry = -1 (default)
2019-09-26 15:08:37,310 [pool-27-thread-1] INFO  server.RaftServerConfigKeys (ConfUtils.java:logGet(43)) - raft.server.log.statemachine.data.caching.enabled = true (custom)
2019-09-26 15:08:37,310 [pool-27-thread-1] INFO  segmented.SegmentedRaftLogWorker (SegmentedRaftLogWorker.java:lambda$new$0(132)) - 8a411a4f-0e32-4dd1-80b9-a797c2117425@group-D864432FC37C-SegmentedRaftLogWorker: flushIndex: setUnconditionally 0 -> -1
2019-09-26 15:08:37,310 [pool-27-thread-1] INFO  server.RaftServerConfigKeys (ConfUtils.java:logGet(43)) - raft.server.snapshot.auto.trigger.enabled = true (custom)
2019-09-26 15:08:37,310 [pool-27-thread-1] INFO  server.RaftServerConfigKeys (ConfUtils.java:logGet(43)) - raft.server.snapshot.auto.trigger.threshold = 10000 (custom)
2019-09-26 15:08:37,310 [pool-27-thread-1] INFO  server.RaftServerConfigKeys (ConfUtils.java:logGet(43)) - raft.server.snapshot.retention.num.files = 5 (custom)
2019-09-26 15:08:37,310 [pool-27-thread-1] INFO  server.RaftServerConfigKeys (ConfUtils.java:logGet(43)) - raft.server.retrycache.expirytime = 600000ms (custom)
2019-09-26 15:08:37,311 [pool-27-thread-1] INFO  impl.RaftServerImpl (RaftServerImpl.java:start(185)) - 8a411a4f-0e32-4dd1-80b9-a797c2117425@group-D864432FC37C: start as a follower, conf=-1: [8a411a4f-0e32-4dd1-80b9-a797c2117425:192.168.151.99:37125], old=null
2019-09-26 15:08:37,311 [pool-27-thread-1] INFO  impl.RaftServerImpl (RaftServerImpl.java:setRole(174)) - 8a411a4f-0e32-4dd1-80b9-a797c2117425@group-D864432FC37C: changes role from      null to FOLLOWER at term 0 for startAsFollower
2019-09-26 15:08:37,311 [pool-27-thread-1] INFO  impl.RoleInfo (RoleInfo.java:updateAndGet(143)) - 8a411a4f-0e32-4dd1-80b9-a797c2117425: start FollowerState
2019-09-26 15:08:37,312 [pool-27-thread-1] INFO  util.JmxRegister (JmxRegister.java:tryRegister(44)) - Successfully registered JMX Bean with object name Ratis:service=RaftServer,group=group-D864432FC37C,id=8a411a4f-0e32-4dd1-80b9-a797c2117425
2019-09-26 15:08:37,313 [RatisPipelineUtilsThread] INFO  pipeline.PipelineStateManager (PipelineStateManager.java:addPipeline(56)) - Created pipeline Pipeline[ Id: 314057e5-2f48-4c60-a990-d864432fc37c, Nodes: 8a411a4f-0e32-4dd1-80b9-a797c2117425{ip: 192.168.151.99, host: pr-hdds-1569-g6sp5-2013761785, networkLocation: /default-rack, certSerialId: null}, Type:RATIS, Factor:ONE, State:OPEN]
2019-09-26 15:08:37,318 [grpc-default-executor-1] INFO  impl.RaftServerProxy (RaftServerProxy.java:addNew(89)) - 8a411a4f-0e32-4dd1-80b9-a797c2117425: addNew group-D65568051C37:[8a411a4f-0e32-4dd1-80b9-a797c2117425:192.168.151.99:37125] returns group-D65568051C37:java.util.concurrent.CompletableFuture@11f00946[Not completed]
2019-09-26 15:08:37,318 [pool-27-thread-1] INFO  impl.RaftServerImpl (RaftServerImpl.java:<init>(95)) - 8a411a4f-0e32-4dd1-80b9-a797c2117425: new RaftServerImpl for group-D65568051C37:[8a411a4f-0e32-4dd1-80b9-a797c2117425:192.168.151.99:37125] with ContainerStateMachine:uninitialized
2019-09-26 15:08:37,318 [pool-27-thread-1] INFO  server.RaftServerConfigKeys (ConfUtils.java:logGet(43)) - raft.server.rpc.timeout.min = 5s (custom)
2019-09-26 15:08:37,318 [pool-27-thread-1] INFO  server.RaftServerConfigKeys (ConfUtils.java:logGet(43)) - raft.server.rpc.timeout.max = 5200ms (custom)
2019-09-26 15:08:37,318 [pool-27-thread-1] INFO  server.RaftServerConfigKeys (ConfUtils.java:logGet(43)) - raft.server.rpcslowness.timeout = 120s (custom)
2019-09-26 15:08:37,318 [pool-27-thread-1] INFO  server.RaftServerConfigKeys (ConfUtils.java:logGet(43)) - raft.server.sleep.deviation.threshold = 300 (default)
2019-09-26 15:08:37,318 [pool-27-thread-1] INFO  server.RaftServerConfigKeys (ConfUtils.java:logGet(43)) - raft.server.log.appender.install.snapshot.enabled = false (custom)
2019-09-26 15:08:37,319 [pool-27-thread-1] INFO  impl.RaftServerImpl (ServerState.java:<init>(103)) - 8a411a4f-0e32-4dd1-80b9-a797c2117425@group-D65568051C37: ConfigurationManager, init=-1: [8a411a4f-0e32-4dd1-80b9-a797c2117425:192.168.151.99:37125], old=null, confs=<EMPTY_MAP>
2019-09-26 15:08:37,319 [pool-27-thread-1] INFO  server.RaftServerConfigKeys (ConfUtils.java:logGet(43)) - raft.server.storage.dir = [/workdir/hadoop-ozone/integration-test/target/test-dir/MiniOzoneClusterImpl-646ad58d-3cd3-4092-ab15-506251c55e5b/datanode-0/data/ratis] (custom)
2019-09-26 15:08:37,319 [pool-27-thread-1] INFO  storage.RaftStorageDirectory (RaftStorageDirectory.java:analyzeStorage(246)) - The storage directory /workdir/hadoop-ozone/integration-test/target/test-dir/MiniOzoneClusterImpl-646ad58d-3cd3-4092-ab15-506251c55e5b/datanode-0/data/ratis/014ccb87-15dd-4dd2-b732-d65568051c37 does not exist. Creating ...
2019-09-26 15:08:37,326 [pool-27-thread-1] INFO  storage.RaftStorageDirectory (RaftStorageDirectory.java:tryLock(328)) - Lock on /workdir/hadoop-ozone/integration-test/target/test-dir/MiniOzoneClusterImpl-646ad58d-3cd3-4092-ab15-506251c55e5b/datanode-0/data/ratis/014ccb87-15dd-4dd2-b732-d65568051c37/in_use.lock acquired by nodename 7157@pr-hdds-1569-g6sp5-2013761785
2019-09-26 15:08:37,338 [pool-27-thread-1] INFO  storage.RaftStorage (RaftStorage.java:format(72)) - Storage directory /workdir/hadoop-ozone/integration-test/target/test-dir/MiniOzoneClusterImpl-646ad58d-3cd3-4092-ab15-506251c55e5b/datanode-0/data/ratis/014ccb87-15dd-4dd2-b732-d65568051c37 has been successfully formatted.
2019-09-26 15:08:37,339 [pool-27-thread-1] INFO  ratis.ContainerStateMachine (ContainerStateMachine.java:loadSnapshot(230)) - group-D65568051C37: The snapshot info is null. Setting the last applied indexto:(t:0, i:~)
2019-09-26 15:08:37,339 [pool-27-thread-1] INFO  server.RaftServerConfigKeys (ConfUtils.java:logGet(43)) - raft.server.notification.no-leader.timeout = 120s (custom)
2019-09-26 15:08:37,339 [pool-27-thread-1] INFO  server.RaftServerConfigKeys (ConfUtils.java:logGet(43)) - raft.server.log.use.memory = false (default)
2019-09-26 15:08:37,339 [pool-27-thread-1] INFO  server.RaftServerConfigKeys (ConfUtils.java:logGet(43)) - raft.server.log.purge.gap = 1000000 (custom)
2019-09-26 15:08:37,339 [pool-27-thread-1] INFO  server.RaftServerConfigKeys (ConfUtils.java:logGet(43)) - raft.server.log.appender.buffer.byte-limit = 33554432 (custom)
2019-09-26 15:08:37,339 [pool-27-thread-1] INFO  server.RaftServerConfigKeys (ConfUtils.java:logGet(43)) - raft.server.log.segment.size.max = 1048576 (custom)
2019-09-26 15:08:37,339 [pool-27-thread-1] INFO  server.RaftServerConfigKeys (ConfUtils.java:logGet(43)) - raft.server.log.segment.cache.num.max = 2 (custom)
2019-09-26 15:08:37,339 [pool-27-thread-1] INFO  segmented.SegmentedRaftLogWorker (SegmentedRaftLogWorker.java:<init>(172)) - new 8a411a4f-0e32-4dd1-80b9-a797c2117425@group-D65568051C37-SegmentedRaftLogWorker for RaftStorage:Storage Directory /workdir/hadoop-ozone/integration-test/target/test-dir/MiniOzoneClusterImpl-646ad58d-3cd3-4092-ab15-506251c55e5b/datanode-0/data/ratis/014ccb87-15dd-4dd2-b732-d65568051c37
2019-09-26 15:08:37,339 [pool-27-thread-1] INFO  server.RaftServerConfigKeys (ConfUtils.java:logGet(43)) - raft.server.log.queue.byte-limit = 2147483647 (custom)
2019-09-26 15:08:37,339 [pool-27-thread-1] INFO  server.RaftServerConfigKeys (ConfUtils.java:logGet(43)) - raft.server.log.queue.element-limit = 1024 (custom)
2019-09-26 15:08:37,339 [pool-27-thread-1] INFO  server.RaftServerConfigKeys (ConfUtils.java:logGet(43)) - raft.server.log.segment.size.max = 1048576 (custom)
2019-09-26 15:08:37,339 [pool-27-thread-1] INFO  server.RaftServerConfigKeys (ConfUtils.java:logGet(43)) - raft.server.log.preallocated.size = 16384 (custom)
2019-09-26 15:08:37,340 [pool-27-thread-1] INFO  server.RaftServerConfigKeys (ConfUtils.java:logGet(43)) - raft.server.log.write.buffer.size = 33554432 (custom)
2019-09-26 15:08:37,340 [pool-27-thread-1] INFO  server.RaftServerConfigKeys (ConfUtils.java:logGet(43)) - raft.server.log.force.sync.num = 128 (default)
2019-09-26 15:08:37,340 [pool-27-thread-1] INFO  server.RaftServerConfigKeys (ConfUtils.java:logGet(43)) - raft.server.log.statemachine.data.sync = true (default)
2019-09-26 15:08:37,340 [pool-27-thread-1] INFO  server.RaftServerConfigKeys (ConfUtils.java:logGet(43)) - raft.server.log.statemachine.data.sync.timeout = 10s (default)
2019-09-26 15:08:37,340 [pool-27-thread-1] INFO  server.RaftServerConfigKeys (ConfUtils.java:logGet(43)) - raft.server.log.statemachine.data.sync.timeout.retry = -1 (default)
2019-09-26 15:08:37,340 [pool-27-thread-1] INFO  server.RaftServerConfigKeys (ConfUtils.java:logGet(43)) - raft.server.log.statemachine.data.caching.enabled = true (custom)
2019-09-26 15:08:37,340 [pool-27-thread-1] INFO  segmented.SegmentedRaftLogWorker (SegmentedRaftLogWorker.java:lambda$new$0(132)) - 8a411a4f-0e32-4dd1-80b9-a797c2117425@group-D65568051C37-SegmentedRaftLogWorker: flushIndex: setUnconditionally 0 -> -1
2019-09-26 15:08:37,340 [pool-27-thread-1] INFO  server.RaftServerConfigKeys (ConfUtils.java:logGet(43)) - raft.server.snapshot.auto.trigger.enabled = true (custom)
2019-09-26 15:08:37,340 [pool-27-thread-1] INFO  server.RaftServerConfigKeys (ConfUtils.java:logGet(43)) - raft.server.snapshot.auto.trigger.threshold = 10000 (custom)
2019-09-26 15:08:37,340 [pool-27-thread-1] INFO  server.RaftServerConfigKeys (ConfUtils.java:logGet(43)) - raft.server.snapshot.retention.num.files = 5 (custom)
2019-09-26 15:08:37,341 [pool-27-thread-1] INFO  server.RaftServerConfigKeys (ConfUtils.java:logGet(43)) - raft.server.retrycache.expirytime = 600000ms (custom)
2019-09-26 15:08:37,342 [pool-27-thread-1] INFO  impl.RaftServerImpl (RaftServerImpl.java:start(185)) - 8a411a4f-0e32-4dd1-80b9-a797c2117425@group-D65568051C37: start as a follower, conf=-1: [8a411a4f-0e32-4dd1-80b9-a797c2117425:192.168.151.99:37125], old=null
2019-09-26 15:08:37,342 [pool-27-thread-1] INFO  impl.RaftServerImpl (RaftServerImpl.java:setRole(174)) - 8a411a4f-0e32-4dd1-80b9-a797c2117425@group-D65568051C37: changes role from      null to FOLLOWER at term 0 for startAsFollower
2019-09-26 15:08:37,342 [pool-27-thread-1] INFO  impl.RoleInfo (RoleInfo.java:updateAndGet(143)) - 8a411a4f-0e32-4dd1-80b9-a797c2117425: start FollowerState
2019-09-26 15:08:37,342 [pool-27-thread-1] INFO  util.JmxRegister (JmxRegister.java:tryRegister(44)) - Successfully registered JMX Bean with object name Ratis:service=RaftServer,group=group-D65568051C37,id=8a411a4f-0e32-4dd1-80b9-a797c2117425
2019-09-26 15:08:37,345 [RatisPipelineUtilsThread] INFO  pipeline.PipelineStateManager (PipelineStateManager.java:addPipeline(56)) - Created pipeline Pipeline[ Id: 014ccb87-15dd-4dd2-b732-d65568051c37, Nodes: 8a411a4f-0e32-4dd1-80b9-a797c2117425{ip: 192.168.151.99, host: pr-hdds-1569-g6sp5-2013761785, networkLocation: /default-rack, certSerialId: null}, Type:RATIS, Factor:ONE, State:OPEN]
2019-09-26 15:08:37,350 [grpc-default-executor-1] INFO  impl.RaftServerProxy (RaftServerProxy.java:addNew(89)) - 8a411a4f-0e32-4dd1-80b9-a797c2117425: addNew group-56F119E5147E:[8a411a4f-0e32-4dd1-80b9-a797c2117425:192.168.151.99:37125] returns group-56F119E5147E:java.util.concurrent.CompletableFuture@1d6755be[Not completed]
2019-09-26 15:08:37,350 [pool-27-thread-1] INFO  impl.RaftServerImpl (RaftServerImpl.java:<init>(95)) - 8a411a4f-0e32-4dd1-80b9-a797c2117425: new RaftServerImpl for group-56F119E5147E:[8a411a4f-0e32-4dd1-80b9-a797c2117425:192.168.151.99:37125] with ContainerStateMachine:uninitialized
2019-09-26 15:08:37,350 [pool-27-thread-1] INFO  server.RaftServerConfigKeys (ConfUtils.java:logGet(43)) - raft.server.rpc.timeout.min = 5s (custom)
2019-09-26 15:08:37,350 [pool-27-thread-1] INFO  server.RaftServerConfigKeys (ConfUtils.java:logGet(43)) - raft.server.rpc.timeout.max = 5200ms (custom)
2019-09-26 15:08:37,351 [pool-27-thread-1] INFO  server.RaftServerConfigKeys (ConfUtils.java:logGet(43)) - raft.server.rpcslowness.timeout = 120s (custom)
2019-09-26 15:08:37,351 [pool-27-thread-1] INFO  server.RaftServerConfigKeys (ConfUtils.java:logGet(43)) - raft.server.sleep.deviation.threshold = 300 (default)
2019-09-26 15:08:37,351 [pool-27-thread-1] INFO  server.RaftServerConfigKeys (ConfUtils.java:logGet(43)) - raft.server.log.appender.install.snapshot.enabled = false (custom)
2019-09-26 15:08:37,351 [pool-27-thread-1] INFO  impl.RaftServerImpl (ServerState.java:<init>(103)) - 8a411a4f-0e32-4dd1-80b9-a797c2117425@group-56F119E5147E: ConfigurationManager, init=-1: [8a411a4f-0e32-4dd1-80b9-a797c2117425:192.168.151.99:37125], old=null, confs=<EMPTY_MAP>
2019-09-26 15:08:37,351 [pool-27-thread-1] INFO  server.RaftServerConfigKeys (ConfUtils.java:logGet(43)) - raft.server.storage.dir = [/workdir/hadoop-ozone/integration-test/target/test-dir/MiniOzoneClusterImpl-646ad58d-3cd3-4092-ab15-506251c55e5b/datanode-0/data/ratis] (custom)
2019-09-26 15:08:37,352 [pool-27-thread-1] INFO  storage.RaftStorageDirectory (RaftStorageDirectory.java:analyzeStorage(246)) - The storage directory /workdir/hadoop-ozone/integration-test/target/test-dir/MiniOzoneClusterImpl-646ad58d-3cd3-4092-ab15-506251c55e5b/datanode-0/data/ratis/36449bab-6a76-43ba-bb94-56f119e5147e does not exist. Creating ...
2019-09-26 15:08:37,365 [pool-27-thread-1] INFO  storage.RaftStorageDirectory (RaftStorageDirectory.java:tryLock(328)) - Lock on /workdir/hadoop-ozone/integration-test/target/test-dir/MiniOzoneClusterImpl-646ad58d-3cd3-4092-ab15-506251c55e5b/datanode-0/data/ratis/36449bab-6a76-43ba-bb94-56f119e5147e/in_use.lock acquired by nodename 7157@pr-hdds-1569-g6sp5-2013761785
2019-09-26 15:08:37,378 [pool-27-thread-1] INFO  storage.RaftStorage (RaftStorage.java:format(72)) - Storage directory /workdir/hadoop-ozone/integration-test/target/test-dir/MiniOzoneClusterImpl-646ad58d-3cd3-4092-ab15-506251c55e5b/datanode-0/data/ratis/36449bab-6a76-43ba-bb94-56f119e5147e has been successfully formatted.
2019-09-26 15:08:37,378 [pool-27-thread-1] INFO  ratis.ContainerStateMachine (ContainerStateMachine.java:loadSnapshot(230)) - group-56F119E5147E: The snapshot info is null. Setting the last applied indexto:(t:0, i:~)
2019-09-26 15:08:37,378 [pool-27-thread-1] INFO  server.RaftServerConfigKeys (ConfUtils.java:logGet(43)) - raft.server.notification.no-leader.timeout = 120s (custom)
2019-09-26 15:08:37,378 [pool-27-thread-1] INFO  server.RaftServerConfigKeys (ConfUtils.java:logGet(43)) - raft.server.log.use.memory = false (default)
2019-09-26 15:08:37,378 [pool-27-thread-1] INFO  server.RaftServerConfigKeys (ConfUtils.java:logGet(43)) - raft.server.log.purge.gap = 1000000 (custom)
2019-09-26 15:08:37,378 [pool-27-thread-1] INFO  server.RaftServerConfigKeys (ConfUtils.java:logGet(43)) - raft.server.log.appender.buffer.byte-limit = 33554432 (custom)
2019-09-26 15:08:37,378 [pool-27-thread-1] INFO  server.RaftServerConfigKeys (ConfUtils.java:logGet(43)) - raft.server.log.segment.size.max = 1048576 (custom)
2019-09-26 15:08:37,378 [pool-27-thread-1] INFO  server.RaftServerConfigKeys (ConfUtils.java:logGet(43)) - raft.server.log.segment.cache.num.max = 2 (custom)
2019-09-26 15:08:37,378 [pool-27-thread-1] INFO  segmented.SegmentedRaftLogWorker (SegmentedRaftLogWorker.java:<init>(172)) - new 8a411a4f-0e32-4dd1-80b9-a797c2117425@group-56F119E5147E-SegmentedRaftLogWorker for RaftStorage:Storage Directory /workdir/hadoop-ozone/integration-test/target/test-dir/MiniOzoneClusterImpl-646ad58d-3cd3-4092-ab15-506251c55e5b/datanode-0/data/ratis/36449bab-6a76-43ba-bb94-56f119e5147e
2019-09-26 15:08:37,379 [pool-27-thread-1] INFO  server.RaftServerConfigKeys (ConfUtils.java:logGet(43)) - raft.server.log.queue.byte-limit = 2147483647 (custom)
2019-09-26 15:08:37,379 [pool-27-thread-1] INFO  server.RaftServerConfigKeys (ConfUtils.java:logGet(43)) - raft.server.log.queue.element-limit = 1024 (custom)
2019-09-26 15:08:37,379 [pool-27-thread-1] INFO  server.RaftServerConfigKeys (ConfUtils.java:logGet(43)) - raft.server.log.segment.size.max = 1048576 (custom)
2019-09-26 15:08:37,379 [pool-27-thread-1] INFO  server.RaftServerConfigKeys (ConfUtils.java:logGet(43)) - raft.server.log.preallocated.size = 16384 (custom)
2019-09-26 15:08:37,379 [pool-27-thread-1] INFO  server.RaftServerConfigKeys (ConfUtils.java:logGet(43)) - raft.server.log.write.buffer.size = 33554432 (custom)
2019-09-26 15:08:37,379 [pool-27-thread-1] INFO  server.RaftServerConfigKeys (ConfUtils.java:logGet(43)) - raft.server.log.force.sync.num = 128 (default)
2019-09-26 15:08:37,379 [pool-27-thread-1] INFO  server.RaftServerConfigKeys (ConfUtils.java:logGet(43)) - raft.server.log.statemachine.data.sync = true (default)
2019-09-26 15:08:37,379 [pool-27-thread-1] INFO  server.RaftServerConfigKeys (ConfUtils.java:logGet(43)) - raft.server.log.statemachine.data.sync.timeout = 10s (default)
2019-09-26 15:08:37,379 [pool-27-thread-1] INFO  server.RaftServerConfigKeys (ConfUtils.java:logGet(43)) - raft.server.log.statemachine.data.sync.timeout.retry = -1 (default)
2019-09-26 15:08:37,379 [pool-27-thread-1] INFO  server.RaftServerConfigKeys (ConfUtils.java:logGet(43)) - raft.server.log.statemachine.data.caching.enabled = true (custom)
2019-09-26 15:08:37,379 [pool-27-thread-1] INFO  segmented.SegmentedRaftLogWorker (SegmentedRaftLogWorker.java:lambda$new$0(132)) - 8a411a4f-0e32-4dd1-80b9-a797c2117425@group-56F119E5147E-SegmentedRaftLogWorker: flushIndex: setUnconditionally 0 -> -1
2019-09-26 15:08:37,380 [pool-27-thread-1] INFO  server.RaftServerConfigKeys (ConfUtils.java:logGet(43)) - raft.server.snapshot.auto.trigger.enabled = true (custom)
2019-09-26 15:08:37,380 [pool-27-thread-1] INFO  server.RaftServerConfigKeys (ConfUtils.java:logGet(43)) - raft.server.snapshot.auto.trigger.threshold = 10000 (custom)
2019-09-26 15:08:37,380 [pool-27-thread-1] INFO  server.RaftServerConfigKeys (ConfUtils.java:logGet(43)) - raft.server.snapshot.retention.num.files = 5 (custom)
2019-09-26 15:08:37,380 [pool-27-thread-1] INFO  server.RaftServerConfigKeys (ConfUtils.java:logGet(43)) - raft.server.retrycache.expirytime = 600000ms (custom)
2019-09-26 15:08:37,381 [pool-27-thread-1] INFO  impl.RaftServerImpl (RaftServerImpl.java:start(185)) - 8a411a4f-0e32-4dd1-80b9-a797c2117425@group-56F119E5147E: start as a follower, conf=-1: [8a411a4f-0e32-4dd1-80b9-a797c2117425:192.168.151.99:37125], old=null
2019-09-26 15:08:37,381 [pool-27-thread-1] INFO  impl.RaftServerImpl (RaftServerImpl.java:setRole(174)) - 8a411a4f-0e32-4dd1-80b9-a797c2117425@group-56F119E5147E: changes role from      null to FOLLOWER at term 0 for startAsFollower
2019-09-26 15:08:37,381 [pool-27-thread-1] INFO  impl.RoleInfo (RoleInfo.java:updateAndGet(143)) - 8a411a4f-0e32-4dd1-80b9-a797c2117425: start FollowerState
2019-09-26 15:08:37,381 [pool-27-thread-1] INFO  util.JmxRegister (JmxRegister.java:tryRegister(44)) - Successfully registered JMX Bean with object name Ratis:service=RaftServer,group=group-56F119E5147E,id=8a411a4f-0e32-4dd1-80b9-a797c2117425
2019-09-26 15:08:37,383 [RatisPipelineUtilsThread] INFO  pipeline.PipelineStateManager (PipelineStateManager.java:addPipeline(56)) - Created pipeline Pipeline[ Id: 36449bab-6a76-43ba-bb94-56f119e5147e, Nodes: 8a411a4f-0e32-4dd1-80b9-a797c2117425{ip: 192.168.151.99, host: pr-hdds-1569-g6sp5-2013761785, networkLocation: /default-rack, certSerialId: null}, Type:RATIS, Factor:ONE, State:OPEN]
2019-09-26 15:08:37,388 [grpc-default-executor-1] INFO  impl.RaftServerProxy (RaftServerProxy.java:addNew(89)) - 8a411a4f-0e32-4dd1-80b9-a797c2117425: addNew group-8700CBCF3B52:[8a411a4f-0e32-4dd1-80b9-a797c2117425:192.168.151.99:37125] returns group-8700CBCF3B52:java.util.concurrent.CompletableFuture@7bf186aa[Not completed]
2019-09-26 15:08:37,388 [pool-27-thread-1] INFO  impl.RaftServerImpl (RaftServerImpl.java:<init>(95)) - 8a411a4f-0e32-4dd1-80b9-a797c2117425: new RaftServerImpl for group-8700CBCF3B52:[8a411a4f-0e32-4dd1-80b9-a797c2117425:192.168.151.99:37125] with ContainerStateMachine:uninitialized
2019-09-26 15:08:37,388 [pool-27-thread-1] INFO  server.RaftServerConfigKeys (ConfUtils.java:logGet(43)) - raft.server.rpc.timeout.min = 5s (custom)
2019-09-26 15:08:37,388 [pool-27-thread-1] INFO  server.RaftServerConfigKeys (ConfUtils.java:logGet(43)) - raft.server.rpc.timeout.max = 5200ms (custom)
2019-09-26 15:08:37,388 [pool-27-thread-1] INFO  server.RaftServerConfigKeys (ConfUtils.java:logGet(43)) - raft.server.rpcslowness.timeout = 120s (custom)
2019-09-26 15:08:37,388 [pool-27-thread-1] INFO  server.RaftServerConfigKeys (ConfUtils.java:logGet(43)) - raft.server.sleep.deviation.threshold = 300 (default)
2019-09-26 15:08:37,388 [pool-27-thread-1] INFO  server.RaftServerConfigKeys (ConfUtils.java:logGet(43)) - raft.server.log.appender.install.snapshot.enabled = false (custom)
2019-09-26 15:08:37,389 [pool-27-thread-1] INFO  impl.RaftServerImpl (ServerState.java:<init>(103)) - 8a411a4f-0e32-4dd1-80b9-a797c2117425@group-8700CBCF3B52: ConfigurationManager, init=-1: [8a411a4f-0e32-4dd1-80b9-a797c2117425:192.168.151.99:37125], old=null, confs=<EMPTY_MAP>
2019-09-26 15:08:37,389 [pool-27-thread-1] INFO  server.RaftServerConfigKeys (ConfUtils.java:logGet(43)) - raft.server.storage.dir = [/workdir/hadoop-ozone/integration-test/target/test-dir/MiniOzoneClusterImpl-646ad58d-3cd3-4092-ab15-506251c55e5b/datanode-0/data/ratis] (custom)
2019-09-26 15:08:37,389 [pool-27-thread-1] INFO  storage.RaftStorageDirectory (RaftStorageDirectory.java:analyzeStorage(246)) - The storage directory /workdir/hadoop-ozone/integration-test/target/test-dir/MiniOzoneClusterImpl-646ad58d-3cd3-4092-ab15-506251c55e5b/datanode-0/data/ratis/d61cd4d8-4078-4f55-8b2a-8700cbcf3b52 does not exist. Creating ...
2019-09-26 15:08:37,403 [pool-27-thread-1] INFO  storage.RaftStorageDirectory (RaftStorageDirectory.java:tryLock(328)) - Lock on /workdir/hadoop-ozone/integration-test/target/test-dir/MiniOzoneClusterImpl-646ad58d-3cd3-4092-ab15-506251c55e5b/datanode-0/data/ratis/d61cd4d8-4078-4f55-8b2a-8700cbcf3b52/in_use.lock acquired by nodename 7157@pr-hdds-1569-g6sp5-2013761785
2019-09-26 15:08:37,416 [pool-27-thread-1] INFO  storage.RaftStorage (RaftStorage.java:format(72)) - Storage directory /workdir/hadoop-ozone/integration-test/target/test-dir/MiniOzoneClusterImpl-646ad58d-3cd3-4092-ab15-506251c55e5b/datanode-0/data/ratis/d61cd4d8-4078-4f55-8b2a-8700cbcf3b52 has been successfully formatted.
2019-09-26 15:08:37,416 [pool-27-thread-1] INFO  ratis.ContainerStateMachine (ContainerStateMachine.java:loadSnapshot(230)) - group-8700CBCF3B52: The snapshot info is null. Setting the last applied indexto:(t:0, i:~)
2019-09-26 15:08:37,416 [pool-27-thread-1] INFO  server.RaftServerConfigKeys (ConfUtils.java:logGet(43)) - raft.server.notification.no-leader.timeout = 120s (custom)
2019-09-26 15:08:37,416 [pool-27-thread-1] INFO  server.RaftServerConfigKeys (ConfUtils.java:logGet(43)) - raft.server.log.use.memory = false (default)
2019-09-26 15:08:37,416 [pool-27-thread-1] INFO  server.RaftServerConfigKeys (ConfUtils.java:logGet(43)) - raft.server.log.purge.gap = 1000000 (custom)
2019-09-26 15:08:37,416 [pool-27-thread-1] INFO  server.RaftServerConfigKeys (ConfUtils.java:logGet(43)) - raft.server.log.appender.buffer.byte-limit = 33554432 (custom)
2019-09-26 15:08:37,416 [pool-27-thread-1] INFO  server.RaftServerConfigKeys (ConfUtils.java:logGet(43)) - raft.server.log.segment.size.max = 1048576 (custom)
2019-09-26 15:08:37,417 [pool-27-thread-1] INFO  server.RaftServerConfigKeys (ConfUtils.java:logGet(43)) - raft.server.log.segment.cache.num.max = 2 (custom)
2019-09-26 15:08:37,417 [pool-27-thread-1] INFO  segmented.SegmentedRaftLogWorker (SegmentedRaftLogWorker.java:<init>(172)) - new 8a411a4f-0e32-4dd1-80b9-a797c2117425@group-8700CBCF3B52-SegmentedRaftLogWorker for RaftStorage:Storage Directory /workdir/hadoop-ozone/integration-test/target/test-dir/MiniOzoneClusterImpl-646ad58d-3cd3-4092-ab15-506251c55e5b/datanode-0/data/ratis/d61cd4d8-4078-4f55-8b2a-8700cbcf3b52
2019-09-26 15:08:37,417 [pool-27-thread-1] INFO  server.RaftServerConfigKeys (ConfUtils.java:logGet(43)) - raft.server.log.queue.byte-limit = 2147483647 (custom)
2019-09-26 15:08:37,417 [pool-27-thread-1] INFO  server.RaftServerConfigKeys (ConfUtils.java:logGet(43)) - raft.server.log.queue.element-limit = 1024 (custom)
2019-09-26 15:08:37,417 [pool-27-thread-1] INFO  server.RaftServerConfigKeys (ConfUtils.java:logGet(43)) - raft.server.log.segment.size.max = 1048576 (custom)
2019-09-26 15:08:37,417 [pool-27-thread-1] INFO  server.RaftServerConfigKeys (ConfUtils.java:logGet(43)) - raft.server.log.preallocated.size = 16384 (custom)
2019-09-26 15:08:37,417 [pool-27-thread-1] INFO  server.RaftServerConfigKeys (ConfUtils.java:logGet(43)) - raft.server.log.write.buffer.size = 33554432 (custom)
2019-09-26 15:08:37,417 [pool-27-thread-1] INFO  server.RaftServerConfigKeys (ConfUtils.java:logGet(43)) - raft.server.log.force.sync.num = 128 (default)
2019-09-26 15:08:37,417 [pool-27-thread-1] INFO  server.RaftServerConfigKeys (ConfUtils.java:logGet(43)) - raft.server.log.statemachine.data.sync = true (default)
2019-09-26 15:08:37,417 [pool-27-thread-1] INFO  server.RaftServerConfigKeys (ConfUtils.java:logGet(43)) - raft.server.log.statemachine.data.sync.timeout = 10s (default)
2019-09-26 15:08:37,417 [pool-27-thread-1] INFO  server.RaftServerConfigKeys (ConfUtils.java:logGet(43)) - raft.server.log.statemachine.data.sync.timeout.retry = -1 (default)
2019-09-26 15:08:37,417 [pool-27-thread-1] INFO  server.RaftServerConfigKeys (ConfUtils.java:logGet(43)) - raft.server.log.statemachine.data.caching.enabled = true (custom)
2019-09-26 15:08:37,417 [pool-27-thread-1] INFO  segmented.SegmentedRaftLogWorker (SegmentedRaftLogWorker.java:lambda$new$0(132)) - 8a411a4f-0e32-4dd1-80b9-a797c2117425@group-8700CBCF3B52-SegmentedRaftLogWorker: flushIndex: setUnconditionally 0 -> -1
2019-09-26 15:08:37,418 [pool-27-thread-1] INFO  server.RaftServerConfigKeys (ConfUtils.java:logGet(43)) - raft.server.snapshot.auto.trigger.enabled = true (custom)
2019-09-26 15:08:37,418 [pool-27-thread-1] INFO  server.RaftServerConfigKeys (ConfUtils.java:logGet(43)) - raft.server.snapshot.auto.trigger.threshold = 10000 (custom)
2019-09-26 15:08:37,418 [pool-27-thread-1] INFO  server.RaftServerConfigKeys (ConfUtils.java:logGet(43)) - raft.server.snapshot.retention.num.files = 5 (custom)
2019-09-26 15:08:37,418 [pool-27-thread-1] INFO  server.RaftServerConfigKeys (ConfUtils.java:logGet(43)) - raft.server.retrycache.expirytime = 600000ms (custom)
2019-09-26 15:08:37,419 [pool-27-thread-1] INFO  impl.RaftServerImpl (RaftServerImpl.java:start(185)) - 8a411a4f-0e32-4dd1-80b9-a797c2117425@group-8700CBCF3B52: start as a follower, conf=-1: [8a411a4f-0e32-4dd1-80b9-a797c2117425:192.168.151.99:37125], old=null
2019-09-26 15:08:37,419 [pool-27-thread-1] INFO  impl.RaftServerImpl (RaftServerImpl.java:setRole(174)) - 8a411a4f-0e32-4dd1-80b9-a797c2117425@group-8700CBCF3B52: changes role from      null to FOLLOWER at term 0 for startAsFollower
2019-09-26 15:08:37,419 [pool-27-thread-1] INFO  impl.RoleInfo (RoleInfo.java:updateAndGet(143)) - 8a411a4f-0e32-4dd1-80b9-a797c2117425: start FollowerState
2019-09-26 15:08:37,419 [pool-27-thread-1] INFO  util.JmxRegister (JmxRegister.java:tryRegister(44)) - Successfully registered JMX Bean with object name Ratis:service=RaftServer,group=group-8700CBCF3B52,id=8a411a4f-0e32-4dd1-80b9-a797c2117425
2019-09-26 15:08:37,421 [RatisPipelineUtilsThread] INFO  pipeline.PipelineStateManager (PipelineStateManager.java:addPipeline(56)) - Created pipeline Pipeline[ Id: d61cd4d8-4078-4f55-8b2a-8700cbcf3b52, Nodes: 8a411a4f-0e32-4dd1-80b9-a797c2117425{ip: 192.168.151.99, host: pr-hdds-1569-g6sp5-2013761785, networkLocation: /default-rack, certSerialId: null}, Type:RATIS, Factor:ONE, State:OPEN]
2019-09-26 15:08:37,425 [grpc-default-executor-1] INFO  impl.RaftServerProxy (RaftServerProxy.java:addNew(89)) - 8a411a4f-0e32-4dd1-80b9-a797c2117425: addNew group-72E1DE38373A:[8a411a4f-0e32-4dd1-80b9-a797c2117425:192.168.151.99:37125] returns group-72E1DE38373A:java.util.concurrent.CompletableFuture@f22cc76[Not completed]
2019-09-26 15:08:37,426 [pool-27-thread-1] INFO  impl.RaftServerImpl (RaftServerImpl.java:<init>(95)) - 8a411a4f-0e32-4dd1-80b9-a797c2117425: new RaftServerImpl for group-72E1DE38373A:[8a411a4f-0e32-4dd1-80b9-a797c2117425:192.168.151.99:37125] with ContainerStateMachine:uninitialized
2019-09-26 15:08:37,426 [pool-27-thread-1] INFO  server.RaftServerConfigKeys (ConfUtils.java:logGet(43)) - raft.server.rpc.timeout.min = 5s (custom)
2019-09-26 15:08:37,426 [pool-27-thread-1] INFO  server.RaftServerConfigKeys (ConfUtils.java:logGet(43)) - raft.server.rpc.timeout.max = 5200ms (custom)
2019-09-26 15:08:37,426 [pool-27-thread-1] INFO  server.RaftServerConfigKeys (ConfUtils.java:logGet(43)) - raft.server.rpcslowness.timeout = 120s (custom)
2019-09-26 15:08:37,426 [pool-27-thread-1] INFO  server.RaftServerConfigKeys (ConfUtils.java:logGet(43)) - raft.server.sleep.deviation.threshold = 300 (default)
2019-09-26 15:08:37,426 [pool-27-thread-1] INFO  server.RaftServerConfigKeys (ConfUtils.java:logGet(43)) - raft.server.log.appender.install.snapshot.enabled = false (custom)
2019-09-26 15:08:37,426 [pool-27-thread-1] INFO  impl.RaftServerImpl (ServerState.java:<init>(103)) - 8a411a4f-0e32-4dd1-80b9-a797c2117425@group-72E1DE38373A: ConfigurationManager, init=-1: [8a411a4f-0e32-4dd1-80b9-a797c2117425:192.168.151.99:37125], old=null, confs=<EMPTY_MAP>
2019-09-26 15:08:37,426 [pool-27-thread-1] INFO  server.RaftServerConfigKeys (ConfUtils.java:logGet(43)) - raft.server.storage.dir = [/workdir/hadoop-ozone/integration-test/target/test-dir/MiniOzoneClusterImpl-646ad58d-3cd3-4092-ab15-506251c55e5b/datanode-0/data/ratis] (custom)
2019-09-26 15:08:37,427 [pool-27-thread-1] INFO  storage.RaftStorageDirectory (RaftStorageDirectory.java:analyzeStorage(246)) - The storage directory /workdir/hadoop-ozone/integration-test/target/test-dir/MiniOzoneClusterImpl-646ad58d-3cd3-4092-ab15-506251c55e5b/datanode-0/data/ratis/14448856-9384-4bfb-ac07-72e1de38373a does not exist. Creating ...
2019-09-26 15:08:37,439 [pool-27-thread-1] INFO  storage.RaftStorageDirectory (RaftStorageDirectory.java:tryLock(328)) - Lock on /workdir/hadoop-ozone/integration-test/target/test-dir/MiniOzoneClusterImpl-646ad58d-3cd3-4092-ab15-506251c55e5b/datanode-0/data/ratis/14448856-9384-4bfb-ac07-72e1de38373a/in_use.lock acquired by nodename 7157@pr-hdds-1569-g6sp5-2013761785
2019-09-26 15:08:37,452 [pool-27-thread-1] INFO  storage.RaftStorage (RaftStorage.java:format(72)) - Storage directory /workdir/hadoop-ozone/integration-test/target/test-dir/MiniOzoneClusterImpl-646ad58d-3cd3-4092-ab15-506251c55e5b/datanode-0/data/ratis/14448856-9384-4bfb-ac07-72e1de38373a has been successfully formatted.
2019-09-26 15:08:37,452 [pool-27-thread-1] INFO  ratis.ContainerStateMachine (ContainerStateMachine.java:loadSnapshot(230)) - group-72E1DE38373A: The snapshot info is null. Setting the last applied indexto:(t:0, i:~)
2019-09-26 15:08:37,452 [pool-27-thread-1] INFO  server.RaftServerConfigKeys (ConfUtils.java:logGet(43)) - raft.server.notification.no-leader.timeout = 120s (custom)
2019-09-26 15:08:37,452 [pool-27-thread-1] INFO  server.RaftServerConfigKeys (ConfUtils.java:logGet(43)) - raft.server.log.use.memory = false (default)
2019-09-26 15:08:37,452 [pool-27-thread-1] INFO  server.RaftServerConfigKeys (ConfUtils.java:logGet(43)) - raft.server.log.purge.gap = 1000000 (custom)
2019-09-26 15:08:37,453 [pool-27-thread-1] INFO  server.RaftServerConfigKeys (ConfUtils.java:logGet(43)) - raft.server.log.appender.buffer.byte-limit = 33554432 (custom)
2019-09-26 15:08:37,453 [pool-27-thread-1] INFO  server.RaftServerConfigKeys (ConfUtils.java:logGet(43)) - raft.server.log.segment.size.max = 1048576 (custom)
2019-09-26 15:08:37,453 [pool-27-thread-1] INFO  server.RaftServerConfigKeys (ConfUtils.java:logGet(43)) - raft.server.log.segment.cache.num.max = 2 (custom)
2019-09-26 15:08:37,453 [pool-27-thread-1] INFO  segmented.SegmentedRaftLogWorker (SegmentedRaftLogWorker.java:<init>(172)) - new 8a411a4f-0e32-4dd1-80b9-a797c2117425@group-72E1DE38373A-SegmentedRaftLogWorker for RaftStorage:Storage Directory /workdir/hadoop-ozone/integration-test/target/test-dir/MiniOzoneClusterImpl-646ad58d-3cd3-4092-ab15-506251c55e5b/datanode-0/data/ratis/14448856-9384-4bfb-ac07-72e1de38373a
2019-09-26 15:08:37,453 [pool-27-thread-1] INFO  server.RaftServerConfigKeys (ConfUtils.java:logGet(43)) - raft.server.log.queue.byte-limit = 2147483647 (custom)
2019-09-26 15:08:37,453 [pool-27-thread-1] INFO  server.RaftServerConfigKeys (ConfUtils.java:logGet(43)) - raft.server.log.queue.element-limit = 1024 (custom)
2019-09-26 15:08:37,453 [pool-27-thread-1] INFO  server.RaftServerConfigKeys (ConfUtils.java:logGet(43)) - raft.server.log.segment.size.max = 1048576 (custom)
2019-09-26 15:08:37,453 [pool-27-thread-1] INFO  server.RaftServerConfigKeys (ConfUtils.java:logGet(43)) - raft.server.log.preallocated.size = 16384 (custom)
2019-09-26 15:08:37,453 [pool-27-thread-1] INFO  server.RaftServerConfigKeys (ConfUtils.java:logGet(43)) - raft.server.log.write.buffer.size = 33554432 (custom)
2019-09-26 15:08:37,453 [pool-27-thread-1] INFO  server.RaftServerConfigKeys (ConfUtils.java:logGet(43)) - raft.server.log.force.sync.num = 128 (default)
2019-09-26 15:08:37,453 [pool-27-thread-1] INFO  server.RaftServerConfigKeys (ConfUtils.java:logGet(43)) - raft.server.log.statemachine.data.sync = true (default)
2019-09-26 15:08:37,453 [pool-27-thread-1] INFO  server.RaftServerConfigKeys (ConfUtils.java:logGet(43)) - raft.server.log.statemachine.data.sync.timeout = 10s (default)
2019-09-26 15:08:37,454 [pool-27-thread-1] INFO  server.RaftServerConfigKeys (ConfUtils.java:logGet(43)) - raft.server.log.statemachine.data.sync.timeout.retry = -1 (default)
2019-09-26 15:08:37,454 [pool-27-thread-1] INFO  server.RaftServerConfigKeys (ConfUtils.java:logGet(43)) - raft.server.log.statemachine.data.caching.enabled = true (custom)
2019-09-26 15:08:37,454 [pool-27-thread-1] INFO  segmented.SegmentedRaftLogWorker (SegmentedRaftLogWorker.java:lambda$new$0(132)) - 8a411a4f-0e32-4dd1-80b9-a797c2117425@group-72E1DE38373A-SegmentedRaftLogWorker: flushIndex: setUnconditionally 0 -> -1
2019-09-26 15:08:37,454 [pool-27-thread-1] INFO  server.RaftServerConfigKeys (ConfUtils.java:logGet(43)) - raft.server.snapshot.auto.trigger.enabled = true (custom)
2019-09-26 15:08:37,454 [pool-27-thread-1] INFO  server.RaftServerConfigKeys (ConfUtils.java:logGet(43)) - raft.server.snapshot.auto.trigger.threshold = 10000 (custom)
2019-09-26 15:08:37,454 [pool-27-thread-1] INFO  server.RaftServerConfigKeys (ConfUtils.java:logGet(43)) - raft.server.snapshot.retention.num.files = 5 (custom)
2019-09-26 15:08:37,454 [pool-27-thread-1] INFO  server.RaftServerConfigKeys (ConfUtils.java:logGet(43)) - raft.server.retrycache.expirytime = 600000ms (custom)
2019-09-26 15:08:37,455 [pool-27-thread-1] INFO  impl.RaftServerImpl (RaftServerImpl.java:start(185)) - 8a411a4f-0e32-4dd1-80b9-a797c2117425@group-72E1DE38373A: start as a follower, conf=-1: [8a411a4f-0e32-4dd1-80b9-a797c2117425:192.168.151.99:37125], old=null
2019-09-26 15:08:37,455 [pool-27-thread-1] INFO  impl.RaftServerImpl (RaftServerImpl.java:setRole(174)) - 8a411a4f-0e32-4dd1-80b9-a797c2117425@group-72E1DE38373A: changes role from      null to FOLLOWER at term 0 for startAsFollower
2019-09-26 15:08:37,456 [pool-27-thread-1] INFO  impl.RoleInfo (RoleInfo.java:updateAndGet(143)) - 8a411a4f-0e32-4dd1-80b9-a797c2117425: start FollowerState
2019-09-26 15:08:37,456 [pool-27-thread-1] INFO  util.JmxRegister (JmxRegister.java:tryRegister(44)) - Successfully registered JMX Bean with object name Ratis:service=RaftServer,group=group-72E1DE38373A,id=8a411a4f-0e32-4dd1-80b9-a797c2117425
2019-09-26 15:08:37,458 [RatisPipelineUtilsThread] INFO  pipeline.PipelineStateManager (PipelineStateManager.java:addPipeline(56)) - Created pipeline Pipeline[ Id: 14448856-9384-4bfb-ac07-72e1de38373a, Nodes: 8a411a4f-0e32-4dd1-80b9-a797c2117425{ip: 192.168.151.99, host: pr-hdds-1569-g6sp5-2013761785, networkLocation: /default-rack, certSerialId: null}, Type:RATIS, Factor:ONE, State:OPEN]
2019-09-26 15:08:37,461 [grpc-default-executor-1] INFO  impl.RaftServerProxy (RaftServerProxy.java:addNew(89)) - 8a411a4f-0e32-4dd1-80b9-a797c2117425: addNew group-B3783F4873A6:[8a411a4f-0e32-4dd1-80b9-a797c2117425:192.168.151.99:37125] returns group-B3783F4873A6:java.util.concurrent.CompletableFuture@4235afa8[Not completed]
2019-09-26 15:08:37,462 [pool-27-thread-1] INFO  impl.RaftServerImpl (RaftServerImpl.java:<init>(95)) - 8a411a4f-0e32-4dd1-80b9-a797c2117425: new RaftServerImpl for group-B3783F4873A6:[8a411a4f-0e32-4dd1-80b9-a797c2117425:192.168.151.99:37125] with ContainerStateMachine:uninitialized
2019-09-26 15:08:37,462 [pool-27-thread-1] INFO  server.RaftServerConfigKeys (ConfUtils.java:logGet(43)) - raft.server.rpc.timeout.min = 5s (custom)
2019-09-26 15:08:37,462 [pool-27-thread-1] INFO  server.RaftServerConfigKeys (ConfUtils.java:logGet(43)) - raft.server.rpc.timeout.max = 5200ms (custom)
2019-09-26 15:08:37,463 [pool-27-thread-1] INFO  server.RaftServerConfigKeys (ConfUtils.java:logGet(43)) - raft.server.rpcslowness.timeout = 120s (custom)
2019-09-26 15:08:37,463 [pool-27-thread-1] INFO  server.RaftServerConfigKeys (ConfUtils.java:logGet(43)) - raft.server.sleep.deviation.threshold = 300 (default)
2019-09-26 15:08:37,463 [pool-27-thread-1] INFO  server.RaftServerConfigKeys (ConfUtils.java:logGet(43)) - raft.server.log.appender.install.snapshot.enabled = false (custom)
2019-09-26 15:08:37,463 [pool-27-thread-1] INFO  impl.RaftServerImpl (ServerState.java:<init>(103)) - 8a411a4f-0e32-4dd1-80b9-a797c2117425@group-B3783F4873A6: ConfigurationManager, init=-1: [8a411a4f-0e32-4dd1-80b9-a797c2117425:192.168.151.99:37125], old=null, confs=<EMPTY_MAP>
2019-09-26 15:08:37,463 [pool-27-thread-1] INFO  server.RaftServerConfigKeys (ConfUtils.java:logGet(43)) - raft.server.storage.dir = [/workdir/hadoop-ozone/integration-test/target/test-dir/MiniOzoneClusterImpl-646ad58d-3cd3-4092-ab15-506251c55e5b/datanode-0/data/ratis] (custom)
2019-09-26 15:08:37,464 [pool-27-thread-1] INFO  storage.RaftStorageDirectory (RaftStorageDirectory.java:analyzeStorage(246)) - The storage directory /workdir/hadoop-ozone/integration-test/target/test-dir/MiniOzoneClusterImpl-646ad58d-3cd3-4092-ab15-506251c55e5b/datanode-0/data/ratis/6c74c4e3-e35f-4bd5-9c78-b3783f4873a6 does not exist. Creating ...
2019-09-26 15:08:37,476 [pool-27-thread-1] INFO  storage.RaftStorageDirectory (RaftStorageDirectory.java:tryLock(328)) - Lock on /workdir/hadoop-ozone/integration-test/target/test-dir/MiniOzoneClusterImpl-646ad58d-3cd3-4092-ab15-506251c55e5b/datanode-0/data/ratis/6c74c4e3-e35f-4bd5-9c78-b3783f4873a6/in_use.lock acquired by nodename 7157@pr-hdds-1569-g6sp5-2013761785
2019-09-26 15:08:37,488 [pool-27-thread-1] INFO  storage.RaftStorage (RaftStorage.java:format(72)) - Storage directory /workdir/hadoop-ozone/integration-test/target/test-dir/MiniOzoneClusterImpl-646ad58d-3cd3-4092-ab15-506251c55e5b/datanode-0/data/ratis/6c74c4e3-e35f-4bd5-9c78-b3783f4873a6 has been successfully formatted.
2019-09-26 15:08:37,489 [pool-27-thread-1] INFO  ratis.ContainerStateMachine (ContainerStateMachine.java:loadSnapshot(230)) - group-B3783F4873A6: The snapshot info is null. Setting the last applied indexto:(t:0, i:~)
2019-09-26 15:08:37,489 [pool-27-thread-1] INFO  server.RaftServerConfigKeys (ConfUtils.java:logGet(43)) - raft.server.notification.no-leader.timeout = 120s (custom)
2019-09-26 15:08:37,489 [pool-27-thread-1] INFO  server.RaftServerConfigKeys (ConfUtils.java:logGet(43)) - raft.server.log.use.memory = false (default)
2019-09-26 15:08:37,489 [pool-27-thread-1] INFO  server.RaftServerConfigKeys (ConfUtils.java:logGet(43)) - raft.server.log.purge.gap = 1000000 (custom)
2019-09-26 15:08:37,489 [pool-27-thread-1] INFO  server.RaftServerConfigKeys (ConfUtils.java:logGet(43)) - raft.server.log.appender.buffer.byte-limit = 33554432 (custom)
2019-09-26 15:08:37,489 [pool-27-thread-1] INFO  server.RaftServerConfigKeys (ConfUtils.java:logGet(43)) - raft.server.log.segment.size.max = 1048576 (custom)
2019-09-26 15:08:37,489 [pool-27-thread-1] INFO  server.RaftServerConfigKeys (ConfUtils.java:logGet(43)) - raft.server.log.segment.cache.num.max = 2 (custom)
2019-09-26 15:08:37,490 [pool-27-thread-1] INFO  segmented.SegmentedRaftLogWorker (SegmentedRaftLogWorker.java:<init>(172)) - new 8a411a4f-0e32-4dd1-80b9-a797c2117425@group-B3783F4873A6-SegmentedRaftLogWorker for RaftStorage:Storage Directory /workdir/hadoop-ozone/integration-test/target/test-dir/MiniOzoneClusterImpl-646ad58d-3cd3-4092-ab15-506251c55e5b/datanode-0/data/ratis/6c74c4e3-e35f-4bd5-9c78-b3783f4873a6
2019-09-26 15:08:37,490 [pool-27-thread-1] INFO  server.RaftServerConfigKeys (ConfUtils.java:logGet(43)) - raft.server.log.queue.byte-limit = 2147483647 (custom)
2019-09-26 15:08:37,490 [pool-27-thread-1] INFO  server.RaftServerConfigKeys (ConfUtils.java:logGet(43)) - raft.server.log.queue.element-limit = 1024 (custom)
2019-09-26 15:08:37,490 [pool-27-thread-1] INFO  server.RaftServerConfigKeys (ConfUtils.java:logGet(43)) - raft.server.log.segment.size.max = 1048576 (custom)
2019-09-26 15:08:37,490 [pool-27-thread-1] INFO  server.RaftServerConfigKeys (ConfUtils.java:logGet(43)) - raft.server.log.preallocated.size = 16384 (custom)
2019-09-26 15:08:37,490 [pool-27-thread-1] INFO  server.RaftServerConfigKeys (ConfUtils.java:logGet(43)) - raft.server.log.write.buffer.size = 33554432 (custom)
2019-09-26 15:08:37,490 [pool-27-thread-1] INFO  server.RaftServerConfigKeys (ConfUtils.java:logGet(43)) - raft.server.log.force.sync.num = 128 (default)
2019-09-26 15:08:37,490 [pool-27-thread-1] INFO  server.RaftServerConfigKeys (ConfUtils.java:logGet(43)) - raft.server.log.statemachine.data.sync = true (default)
2019-09-26 15:08:37,490 [pool-27-thread-1] INFO  server.RaftServerConfigKeys (ConfUtils.java:logGet(43)) - raft.server.log.statemachine.data.sync.timeout = 10s (default)
2019-09-26 15:08:37,491 [pool-27-thread-1] INFO  server.RaftServerConfigKeys (ConfUtils.java:logGet(43)) - raft.server.log.statemachine.data.sync.timeout.retry = -1 (default)
2019-09-26 15:08:37,491 [pool-27-thread-1] INFO  server.RaftServerConfigKeys (ConfUtils.java:logGet(43)) - raft.server.log.statemachine.data.caching.enabled = true (custom)
2019-09-26 15:08:37,491 [pool-27-thread-1] INFO  segmented.SegmentedRaftLogWorker (SegmentedRaftLogWorker.java:lambda$new$0(132)) - 8a411a4f-0e32-4dd1-80b9-a797c2117425@group-B3783F4873A6-SegmentedRaftLogWorker: flushIndex: setUnconditionally 0 -> -1
2019-09-26 15:08:37,491 [pool-27-thread-1] INFO  server.RaftServerConfigKeys (ConfUtils.java:logGet(43)) - raft.server.snapshot.auto.trigger.enabled = true (custom)
2019-09-26 15:08:37,492 [pool-27-thread-1] INFO  server.RaftServerConfigKeys (ConfUtils.java:logGet(43)) - raft.server.snapshot.auto.trigger.threshold = 10000 (custom)
2019-09-26 15:08:37,492 [pool-27-thread-1] INFO  server.RaftServerConfigKeys (ConfUtils.java:logGet(43)) - raft.server.snapshot.retention.num.files = 5 (custom)
2019-09-26 15:08:37,492 [pool-27-thread-1] INFO  server.RaftServerConfigKeys (ConfUtils.java:logGet(43)) - raft.server.retrycache.expirytime = 600000ms (custom)
2019-09-26 15:08:37,494 [pool-27-thread-1] INFO  impl.RaftServerImpl (RaftServerImpl.java:start(185)) - 8a411a4f-0e32-4dd1-80b9-a797c2117425@group-B3783F4873A6: start as a follower, conf=-1: [8a411a4f-0e32-4dd1-80b9-a797c2117425:192.168.151.99:37125], old=null
2019-09-26 15:08:37,494 [pool-27-thread-1] INFO  impl.RaftServerImpl (RaftServerImpl.java:setRole(174)) - 8a411a4f-0e32-4dd1-80b9-a797c2117425@group-B3783F4873A6: changes role from      null to FOLLOWER at term 0 for startAsFollower
2019-09-26 15:08:37,494 [pool-27-thread-1] INFO  impl.RoleInfo (RoleInfo.java:updateAndGet(143)) - 8a411a4f-0e32-4dd1-80b9-a797c2117425: start FollowerState
2019-09-26 15:08:37,494 [pool-27-thread-1] INFO  util.JmxRegister (JmxRegister.java:tryRegister(44)) - Successfully registered JMX Bean with object name Ratis:service=RaftServer,group=group-B3783F4873A6,id=8a411a4f-0e32-4dd1-80b9-a797c2117425
2019-09-26 15:08:37,496 [RatisPipelineUtilsThread] INFO  pipeline.PipelineStateManager (PipelineStateManager.java:addPipeline(56)) - Created pipeline Pipeline[ Id: 6c74c4e3-e35f-4bd5-9c78-b3783f4873a6, Nodes: 8a411a4f-0e32-4dd1-80b9-a797c2117425{ip: 192.168.151.99, host: pr-hdds-1569-g6sp5-2013761785, networkLocation: /default-rack, certSerialId: null}, Type:RATIS, Factor:ONE, State:OPEN]
2019-09-26 15:08:37,500 [grpc-default-executor-1] INFO  impl.RaftServerProxy (RaftServerProxy.java:addNew(89)) - 8a411a4f-0e32-4dd1-80b9-a797c2117425: addNew group-282779247581:[8a411a4f-0e32-4dd1-80b9-a797c2117425:192.168.151.99:37125] returns group-282779247581:java.util.concurrent.CompletableFuture@ec462e5[Not completed]
2019-09-26 15:08:37,500 [pool-27-thread-1] INFO  impl.RaftServerImpl (RaftServerImpl.java:<init>(95)) - 8a411a4f-0e32-4dd1-80b9-a797c2117425: new RaftServerImpl for group-282779247581:[8a411a4f-0e32-4dd1-80b9-a797c2117425:192.168.151.99:37125] with ContainerStateMachine:uninitialized
2019-09-26 15:08:37,501 [pool-27-thread-1] INFO  server.RaftServerConfigKeys (ConfUtils.java:logGet(43)) - raft.server.rpc.timeout.min = 5s (custom)
2019-09-26 15:08:37,501 [pool-27-thread-1] INFO  server.RaftServerConfigKeys (ConfUtils.java:logGet(43)) - raft.server.rpc.timeout.max = 5200ms (custom)
2019-09-26 15:08:37,501 [pool-27-thread-1] INFO  server.RaftServerConfigKeys (ConfUtils.java:logGet(43)) - raft.server.rpcslowness.timeout = 120s (custom)
2019-09-26 15:08:37,501 [pool-27-thread-1] INFO  server.RaftServerConfigKeys (ConfUtils.java:logGet(43)) - raft.server.sleep.deviation.threshold = 300 (default)
2019-09-26 15:08:37,501 [pool-27-thread-1] INFO  server.RaftServerConfigKeys (ConfUtils.java:logGet(43)) - raft.server.log.appender.install.snapshot.enabled = false (custom)
2019-09-26 15:08:37,501 [pool-27-thread-1] INFO  impl.RaftServerImpl (ServerState.java:<init>(103)) - 8a411a4f-0e32-4dd1-80b9-a797c2117425@group-282779247581: ConfigurationManager, init=-1: [8a411a4f-0e32-4dd1-80b9-a797c2117425:192.168.151.99:37125], old=null, confs=<EMPTY_MAP>
2019-09-26 15:08:37,501 [pool-27-thread-1] INFO  server.RaftServerConfigKeys (ConfUtils.java:logGet(43)) - raft.server.storage.dir = [/workdir/hadoop-ozone/integration-test/target/test-dir/MiniOzoneClusterImpl-646ad58d-3cd3-4092-ab15-506251c55e5b/datanode-0/data/ratis] (custom)
2019-09-26 15:08:37,503 [pool-27-thread-1] INFO  storage.RaftStorageDirectory (RaftStorageDirectory.java:analyzeStorage(246)) - The storage directory /workdir/hadoop-ozone/integration-test/target/test-dir/MiniOzoneClusterImpl-646ad58d-3cd3-4092-ab15-506251c55e5b/datanode-0/data/ratis/53438284-ed9e-4e14-922f-282779247581 does not exist. Creating ...
2019-09-26 15:08:37,516 [pool-27-thread-1] INFO  storage.RaftStorageDirectory (RaftStorageDirectory.java:tryLock(328)) - Lock on /workdir/hadoop-ozone/integration-test/target/test-dir/MiniOzoneClusterImpl-646ad58d-3cd3-4092-ab15-506251c55e5b/datanode-0/data/ratis/53438284-ed9e-4e14-922f-282779247581/in_use.lock acquired by nodename 7157@pr-hdds-1569-g6sp5-2013761785
2019-09-26 15:08:37,558 [pool-27-thread-1] INFO  storage.RaftStorage (RaftStorage.java:format(72)) - Storage directory /workdir/hadoop-ozone/integration-test/target/test-dir/MiniOzoneClusterImpl-646ad58d-3cd3-4092-ab15-506251c55e5b/datanode-0/data/ratis/53438284-ed9e-4e14-922f-282779247581 has been successfully formatted.
2019-09-26 15:08:37,558 [pool-27-thread-1] INFO  ratis.ContainerStateMachine (ContainerStateMachine.java:loadSnapshot(230)) - group-282779247581: The snapshot info is null. Setting the last applied indexto:(t:0, i:~)
2019-09-26 15:08:37,558 [pool-27-thread-1] INFO  server.RaftServerConfigKeys (ConfUtils.java:logGet(43)) - raft.server.notification.no-leader.timeout = 120s (custom)
2019-09-26 15:08:37,558 [pool-27-thread-1] INFO  server.RaftServerConfigKeys (ConfUtils.java:logGet(43)) - raft.server.log.use.memory = false (default)
2019-09-26 15:08:37,558 [pool-27-thread-1] INFO  server.RaftServerConfigKeys (ConfUtils.java:logGet(43)) - raft.server.log.purge.gap = 1000000 (custom)
2019-09-26 15:08:37,558 [pool-27-thread-1] INFO  server.RaftServerConfigKeys (ConfUtils.java:logGet(43)) - raft.server.log.appender.buffer.byte-limit = 33554432 (custom)
2019-09-26 15:08:37,559 [pool-27-thread-1] INFO  server.RaftServerConfigKeys (ConfUtils.java:logGet(43)) - raft.server.log.segment.size.max = 1048576 (custom)
2019-09-26 15:08:37,559 [pool-27-thread-1] INFO  server.RaftServerConfigKeys (ConfUtils.java:logGet(43)) - raft.server.log.segment.cache.num.max = 2 (custom)
2019-09-26 15:08:37,559 [pool-27-thread-1] INFO  segmented.SegmentedRaftLogWorker (SegmentedRaftLogWorker.java:<init>(172)) - new 8a411a4f-0e32-4dd1-80b9-a797c2117425@group-282779247581-SegmentedRaftLogWorker for RaftStorage:Storage Directory /workdir/hadoop-ozone/integration-test/target/test-dir/MiniOzoneClusterImpl-646ad58d-3cd3-4092-ab15-506251c55e5b/datanode-0/data/ratis/53438284-ed9e-4e14-922f-282779247581
2019-09-26 15:08:37,559 [pool-27-thread-1] INFO  server.RaftServerConfigKeys (ConfUtils.java:logGet(43)) - raft.server.log.queue.byte-limit = 2147483647 (custom)
2019-09-26 15:08:37,559 [pool-27-thread-1] INFO  server.RaftServerConfigKeys (ConfUtils.java:logGet(43)) - raft.server.log.queue.element-limit = 1024 (custom)
2019-09-26 15:08:37,559 [pool-27-thread-1] INFO  server.RaftServerConfigKeys (ConfUtils.java:logGet(43)) - raft.server.log.segment.size.max = 1048576 (custom)
2019-09-26 15:08:37,559 [pool-27-thread-1] INFO  server.RaftServerConfigKeys (ConfUtils.java:logGet(43)) - raft.server.log.preallocated.size = 16384 (custom)
2019-09-26 15:08:37,559 [pool-27-thread-1] INFO  server.RaftServerConfigKeys (ConfUtils.java:logGet(43)) - raft.server.log.write.buffer.size = 33554432 (custom)
2019-09-26 15:08:37,559 [pool-27-thread-1] INFO  server.RaftServerConfigKeys (ConfUtils.java:logGet(43)) - raft.server.log.force.sync.num = 128 (default)
2019-09-26 15:08:37,559 [pool-27-thread-1] INFO  server.RaftServerConfigKeys (ConfUtils.java:logGet(43)) - raft.server.log.statemachine.data.sync = true (default)
2019-09-26 15:08:37,559 [pool-27-thread-1] INFO  server.RaftServerConfigKeys (ConfUtils.java:logGet(43)) - raft.server.log.statemachine.data.sync.timeout = 10s (default)
2019-09-26 15:08:37,560 [pool-27-thread-1] INFO  server.RaftServerConfigKeys (ConfUtils.java:logGet(43)) - raft.server.log.statemachine.data.sync.timeout.retry = -1 (default)
2019-09-26 15:08:37,560 [pool-27-thread-1] INFO  server.RaftServerConfigKeys (ConfUtils.java:logGet(43)) - raft.server.log.statemachine.data.caching.enabled = true (custom)
2019-09-26 15:08:37,560 [pool-27-thread-1] INFO  segmented.SegmentedRaftLogWorker (SegmentedRaftLogWorker.java:lambda$new$0(132)) - 8a411a4f-0e32-4dd1-80b9-a797c2117425@group-282779247581-SegmentedRaftLogWorker: flushIndex: setUnconditionally 0 -> -1
2019-09-26 15:08:37,560 [pool-27-thread-1] INFO  server.RaftServerConfigKeys (ConfUtils.java:logGet(43)) - raft.server.snapshot.auto.trigger.enabled = true (custom)
2019-09-26 15:08:37,560 [pool-27-thread-1] INFO  server.RaftServerConfigKeys (ConfUtils.java:logGet(43)) - raft.server.snapshot.auto.trigger.threshold = 10000 (custom)
2019-09-26 15:08:37,560 [pool-27-thread-1] INFO  server.RaftServerConfigKeys (ConfUtils.java:logGet(43)) - raft.server.snapshot.retention.num.files = 5 (custom)
2019-09-26 15:08:37,560 [pool-27-thread-1] INFO  server.RaftServerConfigKeys (ConfUtils.java:logGet(43)) - raft.server.retrycache.expirytime = 600000ms (custom)
2019-09-26 15:08:37,562 [pool-27-thread-1] INFO  impl.RaftServerImpl (RaftServerImpl.java:start(185)) - 8a411a4f-0e32-4dd1-80b9-a797c2117425@group-282779247581: start as a follower, conf=-1: [8a411a4f-0e32-4dd1-80b9-a797c2117425:192.168.151.99:37125], old=null
2019-09-26 15:08:37,562 [pool-27-thread-1] INFO  impl.RaftServerImpl (RaftServerImpl.java:setRole(174)) - 8a411a4f-0e32-4dd1-80b9-a797c2117425@group-282779247581: changes role from      null to FOLLOWER at term 0 for startAsFollower
2019-09-26 15:08:37,562 [pool-27-thread-1] INFO  impl.RoleInfo (RoleInfo.java:updateAndGet(143)) - 8a411a4f-0e32-4dd1-80b9-a797c2117425: start FollowerState
2019-09-26 15:08:37,562 [pool-27-thread-1] INFO  util.JmxRegister (JmxRegister.java:tryRegister(44)) - Successfully registered JMX Bean with object name Ratis:service=RaftServer,group=group-282779247581,id=8a411a4f-0e32-4dd1-80b9-a797c2117425
2019-09-26 15:08:37,564 [RatisPipelineUtilsThread] INFO  pipeline.PipelineStateManager (PipelineStateManager.java:addPipeline(56)) - Created pipeline Pipeline[ Id: 53438284-ed9e-4e14-922f-282779247581, Nodes: 8a411a4f-0e32-4dd1-80b9-a797c2117425{ip: 192.168.151.99, host: pr-hdds-1569-g6sp5-2013761785, networkLocation: /default-rack, certSerialId: null}, Type:RATIS, Factor:ONE, State:OPEN]
2019-09-26 15:08:37,568 [grpc-default-executor-1] INFO  impl.RaftServerProxy (RaftServerProxy.java:addNew(89)) - 8a411a4f-0e32-4dd1-80b9-a797c2117425: addNew group-ACB2ABC0275F:[8a411a4f-0e32-4dd1-80b9-a797c2117425:192.168.151.99:37125] returns group-ACB2ABC0275F:java.util.concurrent.CompletableFuture@61be83c6[Not completed]
2019-09-26 15:08:37,569 [pool-27-thread-1] INFO  impl.RaftServerImpl (RaftServerImpl.java:<init>(95)) - 8a411a4f-0e32-4dd1-80b9-a797c2117425: new RaftServerImpl for group-ACB2ABC0275F:[8a411a4f-0e32-4dd1-80b9-a797c2117425:192.168.151.99:37125] with ContainerStateMachine:uninitialized
2019-09-26 15:08:37,569 [pool-27-thread-1] INFO  server.RaftServerConfigKeys (ConfUtils.java:logGet(43)) - raft.server.rpc.timeout.min = 5s (custom)
2019-09-26 15:08:37,570 [pool-27-thread-1] INFO  server.RaftServerConfigKeys (ConfUtils.java:logGet(43)) - raft.server.rpc.timeout.max = 5200ms (custom)
2019-09-26 15:08:37,570 [pool-27-thread-1] INFO  server.RaftServerConfigKeys (ConfUtils.java:logGet(43)) - raft.server.rpcslowness.timeout = 120s (custom)
2019-09-26 15:08:37,570 [pool-27-thread-1] INFO  server.RaftServerConfigKeys (ConfUtils.java:logGet(43)) - raft.server.sleep.deviation.threshold = 300 (default)
2019-09-26 15:08:37,570 [pool-27-thread-1] INFO  server.RaftServerConfigKeys (ConfUtils.java:logGet(43)) - raft.server.log.appender.install.snapshot.enabled = false (custom)
2019-09-26 15:08:37,570 [pool-27-thread-1] INFO  impl.RaftServerImpl (ServerState.java:<init>(103)) - 8a411a4f-0e32-4dd1-80b9-a797c2117425@group-ACB2ABC0275F: ConfigurationManager, init=-1: [8a411a4f-0e32-4dd1-80b9-a797c2117425:192.168.151.99:37125], old=null, confs=<EMPTY_MAP>
2019-09-26 15:08:37,570 [pool-27-thread-1] INFO  server.RaftServerConfigKeys (ConfUtils.java:logGet(43)) - raft.server.storage.dir = [/workdir/hadoop-ozone/integration-test/target/test-dir/MiniOzoneClusterImpl-646ad58d-3cd3-4092-ab15-506251c55e5b/datanode-0/data/ratis] (custom)
2019-09-26 15:08:37,571 [pool-27-thread-1] INFO  storage.RaftStorageDirectory (RaftStorageDirectory.java:analyzeStorage(246)) - The storage directory /workdir/hadoop-ozone/integration-test/target/test-dir/MiniOzoneClusterImpl-646ad58d-3cd3-4092-ab15-506251c55e5b/datanode-0/data/ratis/34330ea0-4f5a-4ee3-8931-acb2abc0275f does not exist. Creating ...
2019-09-26 15:08:37,597 [pool-27-thread-1] INFO  storage.RaftStorageDirectory (RaftStorageDirectory.java:tryLock(328)) - Lock on /workdir/hadoop-ozone/integration-test/target/test-dir/MiniOzoneClusterImpl-646ad58d-3cd3-4092-ab15-506251c55e5b/datanode-0/data/ratis/34330ea0-4f5a-4ee3-8931-acb2abc0275f/in_use.lock acquired by nodename 7157@pr-hdds-1569-g6sp5-2013761785
2019-09-26 15:08:37,610 [pool-27-thread-1] INFO  storage.RaftStorage (RaftStorage.java:format(72)) - Storage directory /workdir/hadoop-ozone/integration-test/target/test-dir/MiniOzoneClusterImpl-646ad58d-3cd3-4092-ab15-506251c55e5b/datanode-0/data/ratis/34330ea0-4f5a-4ee3-8931-acb2abc0275f has been successfully formatted.
2019-09-26 15:08:37,610 [pool-27-thread-1] INFO  ratis.ContainerStateMachine (ContainerStateMachine.java:loadSnapshot(230)) - group-ACB2ABC0275F: The snapshot info is null. Setting the last applied indexto:(t:0, i:~)
2019-09-26 15:08:37,610 [pool-27-thread-1] INFO  server.RaftServerConfigKeys (ConfUtils.java:logGet(43)) - raft.server.notification.no-leader.timeout = 120s (custom)
2019-09-26 15:08:37,610 [pool-27-thread-1] INFO  server.RaftServerConfigKeys (ConfUtils.java:logGet(43)) - raft.server.log.use.memory = false (default)
2019-09-26 15:08:37,610 [pool-27-thread-1] INFO  server.RaftServerConfigKeys (ConfUtils.java:logGet(43)) - raft.server.log.purge.gap = 1000000 (custom)
2019-09-26 15:08:37,610 [pool-27-thread-1] INFO  server.RaftServerConfigKeys (ConfUtils.java:logGet(43)) - raft.server.log.appender.buffer.byte-limit = 33554432 (custom)
2019-09-26 15:08:37,611 [pool-27-thread-1] INFO  server.RaftServerConfigKeys (ConfUtils.java:logGet(43)) - raft.server.log.segment.size.max = 1048576 (custom)
2019-09-26 15:08:37,611 [pool-27-thread-1] INFO  server.RaftServerConfigKeys (ConfUtils.java:logGet(43)) - raft.server.log.segment.cache.num.max = 2 (custom)
2019-09-26 15:08:37,611 [pool-27-thread-1] INFO  segmented.SegmentedRaftLogWorker (SegmentedRaftLogWorker.java:<init>(172)) - new 8a411a4f-0e32-4dd1-80b9-a797c2117425@group-ACB2ABC0275F-SegmentedRaftLogWorker for RaftStorage:Storage Directory /workdir/hadoop-ozone/integration-test/target/test-dir/MiniOzoneClusterImpl-646ad58d-3cd3-4092-ab15-506251c55e5b/datanode-0/data/ratis/34330ea0-4f5a-4ee3-8931-acb2abc0275f
2019-09-26 15:08:37,611 [pool-27-thread-1] INFO  server.RaftServerConfigKeys (ConfUtils.java:logGet(43)) - raft.server.log.queue.byte-limit = 2147483647 (custom)
2019-09-26 15:08:37,611 [pool-27-thread-1] INFO  server.RaftServerConfigKeys (ConfUtils.java:logGet(43)) - raft.server.log.queue.element-limit = 1024 (custom)
2019-09-26 15:08:37,611 [pool-27-thread-1] INFO  server.RaftServerConfigKeys (ConfUtils.java:logGet(43)) - raft.server.log.segment.size.max = 1048576 (custom)
2019-09-26 15:08:37,611 [pool-27-thread-1] INFO  server.RaftServerConfigKeys (ConfUtils.java:logGet(43)) - raft.server.log.preallocated.size = 16384 (custom)
2019-09-26 15:08:37,611 [pool-27-thread-1] INFO  server.RaftServerConfigKeys (ConfUtils.java:logGet(43)) - raft.server.log.write.buffer.size = 33554432 (custom)
2019-09-26 15:08:37,612 [pool-27-thread-1] INFO  server.RaftServerConfigKeys (ConfUtils.java:logGet(43)) - raft.server.log.force.sync.num = 128 (default)
2019-09-26 15:08:37,612 [pool-27-thread-1] INFO  server.RaftServerConfigKeys (ConfUtils.java:logGet(43)) - raft.server.log.statemachine.data.sync = true (default)
2019-09-26 15:08:37,612 [pool-27-thread-1] INFO  server.RaftServerConfigKeys (ConfUtils.java:logGet(43)) - raft.server.log.statemachine.data.sync.timeout = 10s (default)
2019-09-26 15:08:37,612 [pool-27-thread-1] INFO  server.RaftServerConfigKeys (ConfUtils.java:logGet(43)) - raft.server.log.statemachine.data.sync.timeout.retry = -1 (default)
2019-09-26 15:08:37,612 [pool-27-thread-1] INFO  server.RaftServerConfigKeys (ConfUtils.java:logGet(43)) - raft.server.log.statemachine.data.caching.enabled = true (custom)
2019-09-26 15:08:37,612 [pool-27-thread-1] INFO  segmented.SegmentedRaftLogWorker (SegmentedRaftLogWorker.java:lambda$new$0(132)) - 8a411a4f-0e32-4dd1-80b9-a797c2117425@group-ACB2ABC0275F-SegmentedRaftLogWorker: flushIndex: setUnconditionally 0 -> -1
2019-09-26 15:08:37,613 [pool-27-thread-1] INFO  server.RaftServerConfigKeys (ConfUtils.java:logGet(43)) - raft.server.snapshot.auto.trigger.enabled = true (custom)
2019-09-26 15:08:37,613 [pool-27-thread-1] INFO  server.RaftServerConfigKeys (ConfUtils.java:logGet(43)) - raft.server.snapshot.auto.trigger.threshold = 10000 (custom)
2019-09-26 15:08:37,613 [pool-27-thread-1] INFO  server.RaftServerConfigKeys (ConfUtils.java:logGet(43)) - raft.server.snapshot.retention.num.files = 5 (custom)
2019-09-26 15:08:37,613 [pool-27-thread-1] INFO  server.RaftServerConfigKeys (ConfUtils.java:logGet(43)) - raft.server.retrycache.expirytime = 600000ms (custom)
2019-09-26 15:08:37,615 [pool-27-thread-1] INFO  impl.RaftServerImpl (RaftServerImpl.java:start(185)) - 8a411a4f-0e32-4dd1-80b9-a797c2117425@group-ACB2ABC0275F: start as a follower, conf=-1: [8a411a4f-0e32-4dd1-80b9-a797c2117425:192.168.151.99:37125], old=null
2019-09-26 15:08:37,615 [pool-27-thread-1] INFO  impl.RaftServerImpl (RaftServerImpl.java:setRole(174)) - 8a411a4f-0e32-4dd1-80b9-a797c2117425@group-ACB2ABC0275F: changes role from      null to FOLLOWER at term 0 for startAsFollower
2019-09-26 15:08:37,615 [pool-27-thread-1] INFO  impl.RoleInfo (RoleInfo.java:updateAndGet(143)) - 8a411a4f-0e32-4dd1-80b9-a797c2117425: start FollowerState
2019-09-26 15:08:37,615 [pool-27-thread-1] INFO  util.JmxRegister (JmxRegister.java:tryRegister(44)) - Successfully registered JMX Bean with object name Ratis:service=RaftServer,group=group-ACB2ABC0275F,id=8a411a4f-0e32-4dd1-80b9-a797c2117425
2019-09-26 15:08:37,617 [RatisPipelineUtilsThread] INFO  pipeline.PipelineStateManager (PipelineStateManager.java:addPipeline(56)) - Created pipeline Pipeline[ Id: 34330ea0-4f5a-4ee3-8931-acb2abc0275f, Nodes: 8a411a4f-0e32-4dd1-80b9-a797c2117425{ip: 192.168.151.99, host: pr-hdds-1569-g6sp5-2013761785, networkLocation: /default-rack, certSerialId: null}, Type:RATIS, Factor:ONE, State:OPEN]
2019-09-26 15:08:37,622 [grpc-default-executor-1] INFO  impl.RaftServerProxy (RaftServerProxy.java:addNew(89)) - 8a411a4f-0e32-4dd1-80b9-a797c2117425: addNew group-AE0AA035EF40:[8a411a4f-0e32-4dd1-80b9-a797c2117425:192.168.151.99:37125] returns group-AE0AA035EF40:java.util.concurrent.CompletableFuture@39c1cdf8[Not completed]
2019-09-26 15:08:37,623 [pool-27-thread-1] INFO  impl.RaftServerImpl (RaftServerImpl.java:<init>(95)) - 8a411a4f-0e32-4dd1-80b9-a797c2117425: new RaftServerImpl for group-AE0AA035EF40:[8a411a4f-0e32-4dd1-80b9-a797c2117425:192.168.151.99:37125] with ContainerStateMachine:uninitialized
2019-09-26 15:08:37,623 [pool-27-thread-1] INFO  server.RaftServerConfigKeys (ConfUtils.java:logGet(43)) - raft.server.rpc.timeout.min = 5s (custom)
2019-09-26 15:08:37,624 [pool-27-thread-1] INFO  server.RaftServerConfigKeys (ConfUtils.java:logGet(43)) - raft.server.rpc.timeout.max = 5200ms (custom)
2019-09-26 15:08:37,624 [pool-27-thread-1] INFO  server.RaftServerConfigKeys (ConfUtils.java:logGet(43)) - raft.server.rpcslowness.timeout = 120s (custom)
2019-09-26 15:08:37,624 [pool-27-thread-1] INFO  server.RaftServerConfigKeys (ConfUtils.java:logGet(43)) - raft.server.sleep.deviation.threshold = 300 (default)
2019-09-26 15:08:37,624 [pool-27-thread-1] INFO  server.RaftServerConfigKeys (ConfUtils.java:logGet(43)) - raft.server.log.appender.install.snapshot.enabled = false (custom)
2019-09-26 15:08:37,624 [pool-27-thread-1] INFO  impl.RaftServerImpl (ServerState.java:<init>(103)) - 8a411a4f-0e32-4dd1-80b9-a797c2117425@group-AE0AA035EF40: ConfigurationManager, init=-1: [8a411a4f-0e32-4dd1-80b9-a797c2117425:192.168.151.99:37125], old=null, confs=<EMPTY_MAP>
2019-09-26 15:08:37,624 [pool-27-thread-1] INFO  server.RaftServerConfigKeys (ConfUtils.java:logGet(43)) - raft.server.storage.dir = [/workdir/hadoop-ozone/integration-test/target/test-dir/MiniOzoneClusterImpl-646ad58d-3cd3-4092-ab15-506251c55e5b/datanode-0/data/ratis] (custom)
2019-09-26 15:08:37,626 [pool-27-thread-1] INFO  storage.RaftStorageDirectory (RaftStorageDirectory.java:analyzeStorage(246)) - The storage directory /workdir/hadoop-ozone/integration-test/target/test-dir/MiniOzoneClusterImpl-646ad58d-3cd3-4092-ab15-506251c55e5b/datanode-0/data/ratis/45627d07-cbc3-4a29-ac2a-ae0aa035ef40 does not exist. Creating ...
2019-09-26 15:08:37,638 [pool-27-thread-1] INFO  storage.RaftStorageDirectory (RaftStorageDirectory.java:tryLock(328)) - Lock on /workdir/hadoop-ozone/integration-test/target/test-dir/MiniOzoneClusterImpl-646ad58d-3cd3-4092-ab15-506251c55e5b/datanode-0/data/ratis/45627d07-cbc3-4a29-ac2a-ae0aa035ef40/in_use.lock acquired by nodename 7157@pr-hdds-1569-g6sp5-2013761785
2019-09-26 15:08:37,652 [pool-27-thread-1] INFO  storage.RaftStorage (RaftStorage.java:format(72)) - Storage directory /workdir/hadoop-ozone/integration-test/target/test-dir/MiniOzoneClusterImpl-646ad58d-3cd3-4092-ab15-506251c55e5b/datanode-0/data/ratis/45627d07-cbc3-4a29-ac2a-ae0aa035ef40 has been successfully formatted.
2019-09-26 15:08:37,652 [pool-27-thread-1] INFO  ratis.ContainerStateMachine (ContainerStateMachine.java:loadSnapshot(230)) - group-AE0AA035EF40: The snapshot info is null. Setting the last applied indexto:(t:0, i:~)
2019-09-26 15:08:37,652 [pool-27-thread-1] INFO  server.RaftServerConfigKeys (ConfUtils.java:logGet(43)) - raft.server.notification.no-leader.timeout = 120s (custom)
2019-09-26 15:08:37,652 [pool-27-thread-1] INFO  server.RaftServerConfigKeys (ConfUtils.java:logGet(43)) - raft.server.log.use.memory = false (default)
2019-09-26 15:08:37,652 [pool-27-thread-1] INFO  server.RaftServerConfigKeys (ConfUtils.java:logGet(43)) - raft.server.log.purge.gap = 1000000 (custom)
2019-09-26 15:08:37,652 [pool-27-thread-1] INFO  server.RaftServerConfigKeys (ConfUtils.java:logGet(43)) - raft.server.log.appender.buffer.byte-limit = 33554432 (custom)
2019-09-26 15:08:37,653 [pool-27-thread-1] INFO  server.RaftServerConfigKeys (ConfUtils.java:logGet(43)) - raft.server.log.segment.size.max = 1048576 (custom)
2019-09-26 15:08:37,653 [pool-27-thread-1] INFO  server.RaftServerConfigKeys (ConfUtils.java:logGet(43)) - raft.server.log.segment.cache.num.max = 2 (custom)
2019-09-26 15:08:37,653 [pool-27-thread-1] INFO  segmented.SegmentedRaftLogWorker (SegmentedRaftLogWorker.java:<init>(172)) - new 8a411a4f-0e32-4dd1-80b9-a797c2117425@group-AE0AA035EF40-SegmentedRaftLogWorker for RaftStorage:Storage Directory /workdir/hadoop-ozone/integration-test/target/test-dir/MiniOzoneClusterImpl-646ad58d-3cd3-4092-ab15-506251c55e5b/datanode-0/data/ratis/45627d07-cbc3-4a29-ac2a-ae0aa035ef40
2019-09-26 15:08:37,653 [pool-27-thread-1] INFO  server.RaftServerConfigKeys (ConfUtils.java:logGet(43)) - raft.server.log.queue.byte-limit = 2147483647 (custom)
2019-09-26 15:08:37,653 [pool-27-thread-1] INFO  server.RaftServerConfigKeys (ConfUtils.java:logGet(43)) - raft.server.log.queue.element-limit = 1024 (custom)
2019-09-26 15:08:37,653 [pool-27-thread-1] INFO  server.RaftServerConfigKeys (ConfUtils.java:logGet(43)) - raft.server.log.segment.size.max = 1048576 (custom)
2019-09-26 15:08:37,653 [pool-27-thread-1] INFO  server.RaftServerConfigKeys (ConfUtils.java:logGet(43)) - raft.server.log.preallocated.size = 16384 (custom)
2019-09-26 15:08:37,653 [pool-27-thread-1] INFO  server.RaftServerConfigKeys (ConfUtils.java:logGet(43)) - raft.server.log.write.buffer.size = 33554432 (custom)
2019-09-26 15:08:37,654 [pool-27-thread-1] INFO  server.RaftServerConfigKeys (ConfUtils.java:logGet(43)) - raft.server.log.force.sync.num = 128 (default)
2019-09-26 15:08:37,654 [pool-27-thread-1] INFO  server.RaftServerConfigKeys (ConfUtils.java:logGet(43)) - raft.server.log.statemachine.data.sync = true (default)
2019-09-26 15:08:37,654 [pool-27-thread-1] INFO  server.RaftServerConfigKeys (ConfUtils.java:logGet(43)) - raft.server.log.statemachine.data.sync.timeout = 10s (default)
2019-09-26 15:08:37,654 [pool-27-thread-1] INFO  server.RaftServerConfigKeys (ConfUtils.java:logGet(43)) - raft.server.log.statemachine.data.sync.timeout.retry = -1 (default)
2019-09-26 15:08:37,654 [pool-27-thread-1] INFO  server.RaftServerConfigKeys (ConfUtils.java:logGet(43)) - raft.server.log.statemachine.data.caching.enabled = true (custom)
2019-09-26 15:08:37,654 [pool-27-thread-1] INFO  segmented.SegmentedRaftLogWorker (SegmentedRaftLogWorker.java:lambda$new$0(132)) - 8a411a4f-0e32-4dd1-80b9-a797c2117425@group-AE0AA035EF40-SegmentedRaftLogWorker: flushIndex: setUnconditionally 0 -> -1
2019-09-26 15:08:37,655 [pool-27-thread-1] INFO  server.RaftServerConfigKeys (ConfUtils.java:logGet(43)) - raft.server.snapshot.auto.trigger.enabled = true (custom)
2019-09-26 15:08:37,655 [pool-27-thread-1] INFO  server.RaftServerConfigKeys (ConfUtils.java:logGet(43)) - raft.server.snapshot.auto.trigger.threshold = 10000 (custom)
2019-09-26 15:08:37,655 [pool-27-thread-1] INFO  server.RaftServerConfigKeys (ConfUtils.java:logGet(43)) - raft.server.snapshot.retention.num.files = 5 (custom)
2019-09-26 15:08:37,655 [pool-27-thread-1] INFO  server.RaftServerConfigKeys (ConfUtils.java:logGet(43)) - raft.server.retrycache.expirytime = 600000ms (custom)
2019-09-26 15:08:37,657 [pool-27-thread-1] INFO  impl.RaftServerImpl (RaftServerImpl.java:start(185)) - 8a411a4f-0e32-4dd1-80b9-a797c2117425@group-AE0AA035EF40: start as a follower, conf=-1: [8a411a4f-0e32-4dd1-80b9-a797c2117425:192.168.151.99:37125], old=null
2019-09-26 15:08:37,657 [pool-27-thread-1] INFO  impl.RaftServerImpl (RaftServerImpl.java:setRole(174)) - 8a411a4f-0e32-4dd1-80b9-a797c2117425@group-AE0AA035EF40: changes role from      null to FOLLOWER at term 0 for startAsFollower
2019-09-26 15:08:37,657 [pool-27-thread-1] INFO  impl.RoleInfo (RoleInfo.java:updateAndGet(143)) - 8a411a4f-0e32-4dd1-80b9-a797c2117425: start FollowerState
2019-09-26 15:08:37,658 [pool-27-thread-1] INFO  util.JmxRegister (JmxRegister.java:tryRegister(44)) - Successfully registered JMX Bean with object name Ratis:service=RaftServer,group=group-AE0AA035EF40,id=8a411a4f-0e32-4dd1-80b9-a797c2117425
2019-09-26 15:08:37,660 [RatisPipelineUtilsThread] INFO  pipeline.PipelineStateManager (PipelineStateManager.java:addPipeline(56)) - Created pipeline Pipeline[ Id: 45627d07-cbc3-4a29-ac2a-ae0aa035ef40, Nodes: 8a411a4f-0e32-4dd1-80b9-a797c2117425{ip: 192.168.151.99, host: pr-hdds-1569-g6sp5-2013761785, networkLocation: /default-rack, certSerialId: null}, Type:RATIS, Factor:ONE, State:OPEN]
2019-09-26 15:08:37,664 [grpc-default-executor-1] INFO  impl.RaftServerProxy (RaftServerProxy.java:addNew(89)) - 8a411a4f-0e32-4dd1-80b9-a797c2117425: addNew group-FEC7288BDF94:[8a411a4f-0e32-4dd1-80b9-a797c2117425:192.168.151.99:37125] returns group-FEC7288BDF94:java.util.concurrent.CompletableFuture@6b80c004[Not completed]
2019-09-26 15:08:37,665 [pool-27-thread-1] INFO  impl.RaftServerImpl (RaftServerImpl.java:<init>(95)) - 8a411a4f-0e32-4dd1-80b9-a797c2117425: new RaftServerImpl for group-FEC7288BDF94:[8a411a4f-0e32-4dd1-80b9-a797c2117425:192.168.151.99:37125] with ContainerStateMachine:uninitialized
2019-09-26 15:08:37,665 [pool-27-thread-1] INFO  server.RaftServerConfigKeys (ConfUtils.java:logGet(43)) - raft.server.rpc.timeout.min = 5s (custom)
2019-09-26 15:08:37,665 [pool-27-thread-1] INFO  server.RaftServerConfigKeys (ConfUtils.java:logGet(43)) - raft.server.rpc.timeout.max = 5200ms (custom)
2019-09-26 15:08:37,665 [pool-27-thread-1] INFO  server.RaftServerConfigKeys (ConfUtils.java:logGet(43)) - raft.server.rpcslowness.timeout = 120s (custom)
2019-09-26 15:08:37,665 [pool-27-thread-1] INFO  server.RaftServerConfigKeys (ConfUtils.java:logGet(43)) - raft.server.sleep.deviation.threshold = 300 (default)
2019-09-26 15:08:37,666 [pool-27-thread-1] INFO  server.RaftServerConfigKeys (ConfUtils.java:logGet(43)) - raft.server.log.appender.install.snapshot.enabled = false (custom)
2019-09-26 15:08:37,666 [pool-27-thread-1] INFO  impl.RaftServerImpl (ServerState.java:<init>(103)) - 8a411a4f-0e32-4dd1-80b9-a797c2117425@group-FEC7288BDF94: ConfigurationManager, init=-1: [8a411a4f-0e32-4dd1-80b9-a797c2117425:192.168.151.99:37125], old=null, confs=<EMPTY_MAP>
2019-09-26 15:08:37,666 [pool-27-thread-1] INFO  server.RaftServerConfigKeys (ConfUtils.java:logGet(43)) - raft.server.storage.dir = [/workdir/hadoop-ozone/integration-test/target/test-dir/MiniOzoneClusterImpl-646ad58d-3cd3-4092-ab15-506251c55e5b/datanode-0/data/ratis] (custom)
2019-09-26 15:08:37,667 [pool-27-thread-1] INFO  storage.RaftStorageDirectory (RaftStorageDirectory.java:analyzeStorage(246)) - The storage directory /workdir/hadoop-ozone/integration-test/target/test-dir/MiniOzoneClusterImpl-646ad58d-3cd3-4092-ab15-506251c55e5b/datanode-0/data/ratis/5123cf7a-a618-4911-9dc9-fec7288bdf94 does not exist. Creating ...
2019-09-26 15:08:37,679 [pool-27-thread-1] INFO  storage.RaftStorageDirectory (RaftStorageDirectory.java:tryLock(328)) - Lock on /workdir/hadoop-ozone/integration-test/target/test-dir/MiniOzoneClusterImpl-646ad58d-3cd3-4092-ab15-506251c55e5b/datanode-0/data/ratis/5123cf7a-a618-4911-9dc9-fec7288bdf94/in_use.lock acquired by nodename 7157@pr-hdds-1569-g6sp5-2013761785
2019-09-26 15:08:37,692 [pool-27-thread-1] INFO  storage.RaftStorage (RaftStorage.java:format(72)) - Storage directory /workdir/hadoop-ozone/integration-test/target/test-dir/MiniOzoneClusterImpl-646ad58d-3cd3-4092-ab15-506251c55e5b/datanode-0/data/ratis/5123cf7a-a618-4911-9dc9-fec7288bdf94 has been successfully formatted.
2019-09-26 15:08:37,692 [pool-27-thread-1] INFO  ratis.ContainerStateMachine (ContainerStateMachine.java:loadSnapshot(230)) - group-FEC7288BDF94: The snapshot info is null. Setting the last applied indexto:(t:0, i:~)
2019-09-26 15:08:37,692 [pool-27-thread-1] INFO  server.RaftServerConfigKeys (ConfUtils.java:logGet(43)) - raft.server.notification.no-leader.timeout = 120s (custom)
2019-09-26 15:08:37,692 [pool-27-thread-1] INFO  server.RaftServerConfigKeys (ConfUtils.java:logGet(43)) - raft.server.log.use.memory = false (default)
2019-09-26 15:08:37,693 [pool-27-thread-1] INFO  server.RaftServerConfigKeys (ConfUtils.java:logGet(43)) - raft.server.log.purge.gap = 1000000 (custom)
2019-09-26 15:08:37,693 [pool-27-thread-1] INFO  server.RaftServerConfigKeys (ConfUtils.java:logGet(43)) - raft.server.log.appender.buffer.byte-limit = 33554432 (custom)
2019-09-26 15:08:37,693 [pool-27-thread-1] INFO  server.RaftServerConfigKeys (ConfUtils.java:logGet(43)) - raft.server.log.segment.size.max = 1048576 (custom)
2019-09-26 15:08:37,694 [pool-27-thread-1] INFO  server.RaftServerConfigKeys (ConfUtils.java:logGet(43)) - raft.server.log.segment.cache.num.max = 2 (custom)
2019-09-26 15:08:37,694 [pool-27-thread-1] INFO  segmented.SegmentedRaftLogWorker (SegmentedRaftLogWorker.java:<init>(172)) - new 8a411a4f-0e32-4dd1-80b9-a797c2117425@group-FEC7288BDF94-SegmentedRaftLogWorker for RaftStorage:Storage Directory /workdir/hadoop-ozone/integration-test/target/test-dir/MiniOzoneClusterImpl-646ad58d-3cd3-4092-ab15-506251c55e5b/datanode-0/data/ratis/5123cf7a-a618-4911-9dc9-fec7288bdf94
2019-09-26 15:08:37,694 [pool-27-thread-1] INFO  server.RaftServerConfigKeys (ConfUtils.java:logGet(43)) - raft.server.log.queue.byte-limit = 2147483647 (custom)
2019-09-26 15:08:37,694 [pool-27-thread-1] INFO  server.RaftServerConfigKeys (ConfUtils.java:logGet(43)) - raft.server.log.queue.element-limit = 1024 (custom)
2019-09-26 15:08:37,695 [pool-27-thread-1] INFO  server.RaftServerConfigKeys (ConfUtils.java:logGet(43)) - raft.server.log.segment.size.max = 1048576 (custom)
2019-09-26 15:08:37,695 [pool-27-thread-1] INFO  server.RaftServerConfigKeys (ConfUtils.java:logGet(43)) - raft.server.log.preallocated.size = 16384 (custom)
2019-09-26 15:08:37,695 [pool-27-thread-1] INFO  server.RaftServerConfigKeys (ConfUtils.java:logGet(43)) - raft.server.log.write.buffer.size = 33554432 (custom)
2019-09-26 15:08:37,695 [pool-27-thread-1] INFO  server.RaftServerConfigKeys (ConfUtils.java:logGet(43)) - raft.server.log.force.sync.num = 128 (default)
2019-09-26 15:08:37,695 [pool-27-thread-1] INFO  server.RaftServerConfigKeys (ConfUtils.java:logGet(43)) - raft.server.log.statemachine.data.sync = true (default)
2019-09-26 15:08:37,695 [pool-27-thread-1] INFO  server.RaftServerConfigKeys (ConfUtils.java:logGet(43)) - raft.server.log.statemachine.data.sync.timeout = 10s (default)
2019-09-26 15:08:37,695 [pool-27-thread-1] INFO  server.RaftServerConfigKeys (ConfUtils.java:logGet(43)) - raft.server.log.statemachine.data.sync.timeout.retry = -1 (default)
2019-09-26 15:08:37,696 [pool-27-thread-1] INFO  server.RaftServerConfigKeys (ConfUtils.java:logGet(43)) - raft.server.log.statemachine.data.caching.enabled = true (custom)
2019-09-26 15:08:37,696 [pool-27-thread-1] INFO  segmented.SegmentedRaftLogWorker (SegmentedRaftLogWorker.java:lambda$new$0(132)) - 8a411a4f-0e32-4dd1-80b9-a797c2117425@group-FEC7288BDF94-SegmentedRaftLogWorker: flushIndex: setUnconditionally 0 -> -1
2019-09-26 15:08:37,697 [pool-27-thread-1] INFO  server.RaftServerConfigKeys (ConfUtils.java:logGet(43)) - raft.server.snapshot.auto.trigger.enabled = true (custom)
2019-09-26 15:08:37,697 [pool-27-thread-1] INFO  server.RaftServerConfigKeys (ConfUtils.java:logGet(43)) - raft.server.snapshot.auto.trigger.threshold = 10000 (custom)
2019-09-26 15:08:37,697 [pool-27-thread-1] INFO  server.RaftServerConfigKeys (ConfUtils.java:logGet(43)) - raft.server.snapshot.retention.num.files = 5 (custom)
2019-09-26 15:08:37,697 [pool-27-thread-1] INFO  server.RaftServerConfigKeys (ConfUtils.java:logGet(43)) - raft.server.retrycache.expirytime = 600000ms (custom)
2019-09-26 15:08:37,699 [pool-27-thread-1] INFO  impl.RaftServerImpl (RaftServerImpl.java:start(185)) - 8a411a4f-0e32-4dd1-80b9-a797c2117425@group-FEC7288BDF94: start as a follower, conf=-1: [8a411a4f-0e32-4dd1-80b9-a797c2117425:192.168.151.99:37125], old=null
2019-09-26 15:08:37,699 [pool-27-thread-1] INFO  impl.RaftServerImpl (RaftServerImpl.java:setRole(174)) - 8a411a4f-0e32-4dd1-80b9-a797c2117425@group-FEC7288BDF94: changes role from      null to FOLLOWER at term 0 for startAsFollower
2019-09-26 15:08:37,699 [pool-27-thread-1] INFO  impl.RoleInfo (RoleInfo.java:updateAndGet(143)) - 8a411a4f-0e32-4dd1-80b9-a797c2117425: start FollowerState
2019-09-26 15:08:37,700 [pool-27-thread-1] INFO  util.JmxRegister (JmxRegister.java:tryRegister(44)) - Successfully registered JMX Bean with object name Ratis:service=RaftServer,group=group-FEC7288BDF94,id=8a411a4f-0e32-4dd1-80b9-a797c2117425
2019-09-26 15:08:37,704 [RatisPipelineUtilsThread] INFO  pipeline.PipelineStateManager (PipelineStateManager.java:addPipeline(56)) - Created pipeline Pipeline[ Id: 5123cf7a-a618-4911-9dc9-fec7288bdf94, Nodes: 8a411a4f-0e32-4dd1-80b9-a797c2117425{ip: 192.168.151.99, host: pr-hdds-1569-g6sp5-2013761785, networkLocation: /default-rack, certSerialId: null}, Type:RATIS, Factor:ONE, State:OPEN]
2019-09-26 15:08:37,709 [grpc-default-executor-1] INFO  impl.RaftServerProxy (RaftServerProxy.java:addNew(89)) - 8a411a4f-0e32-4dd1-80b9-a797c2117425: addNew group-966319DBCAF8:[8a411a4f-0e32-4dd1-80b9-a797c2117425:192.168.151.99:37125] returns group-966319DBCAF8:java.util.concurrent.CompletableFuture@327e21bb[Not completed]
2019-09-26 15:08:37,711 [pool-27-thread-1] INFO  impl.RaftServerImpl (RaftServerImpl.java:<init>(95)) - 8a411a4f-0e32-4dd1-80b9-a797c2117425: new RaftServerImpl for group-966319DBCAF8:[8a411a4f-0e32-4dd1-80b9-a797c2117425:192.168.151.99:37125] with ContainerStateMachine:uninitialized
2019-09-26 15:08:37,711 [pool-27-thread-1] INFO  server.RaftServerConfigKeys (ConfUtils.java:logGet(43)) - raft.server.rpc.timeout.min = 5s (custom)
2019-09-26 15:08:37,711 [pool-27-thread-1] INFO  server.RaftServerConfigKeys (ConfUtils.java:logGet(43)) - raft.server.rpc.timeout.max = 5200ms (custom)
2019-09-26 15:08:37,711 [pool-27-thread-1] INFO  server.RaftServerConfigKeys (ConfUtils.java:logGet(43)) - raft.server.rpcslowness.timeout = 120s (custom)
2019-09-26 15:08:37,712 [pool-27-thread-1] INFO  server.RaftServerConfigKeys (ConfUtils.java:logGet(43)) - raft.server.sleep.deviation.threshold = 300 (default)
2019-09-26 15:08:37,712 [pool-27-thread-1] INFO  server.RaftServerConfigKeys (ConfUtils.java:logGet(43)) - raft.server.log.appender.install.snapshot.enabled = false (custom)
2019-09-26 15:08:37,712 [pool-27-thread-1] INFO  impl.RaftServerImpl (ServerState.java:<init>(103)) - 8a411a4f-0e32-4dd1-80b9-a797c2117425@group-966319DBCAF8: ConfigurationManager, init=-1: [8a411a4f-0e32-4dd1-80b9-a797c2117425:192.168.151.99:37125], old=null, confs=<EMPTY_MAP>
2019-09-26 15:08:37,712 [pool-27-thread-1] INFO  server.RaftServerConfigKeys (ConfUtils.java:logGet(43)) - raft.server.storage.dir = [/workdir/hadoop-ozone/integration-test/target/test-dir/MiniOzoneClusterImpl-646ad58d-3cd3-4092-ab15-506251c55e5b/datanode-0/data/ratis] (custom)
2019-09-26 15:08:37,714 [pool-27-thread-1] INFO  storage.RaftStorageDirectory (RaftStorageDirectory.java:analyzeStorage(246)) - The storage directory /workdir/hadoop-ozone/integration-test/target/test-dir/MiniOzoneClusterImpl-646ad58d-3cd3-4092-ab15-506251c55e5b/datanode-0/data/ratis/f19def73-2887-4a2b-a45d-966319dbcaf8 does not exist. Creating ...
2019-09-26 15:08:37,727 [pool-27-thread-1] INFO  storage.RaftStorageDirectory (RaftStorageDirectory.java:tryLock(328)) - Lock on /workdir/hadoop-ozone/integration-test/target/test-dir/MiniOzoneClusterImpl-646ad58d-3cd3-4092-ab15-506251c55e5b/datanode-0/data/ratis/f19def73-2887-4a2b-a45d-966319dbcaf8/in_use.lock acquired by nodename 7157@pr-hdds-1569-g6sp5-2013761785
2019-09-26 15:08:37,741 [pool-27-thread-1] INFO  storage.RaftStorage (RaftStorage.java:format(72)) - Storage directory /workdir/hadoop-ozone/integration-test/target/test-dir/MiniOzoneClusterImpl-646ad58d-3cd3-4092-ab15-506251c55e5b/datanode-0/data/ratis/f19def73-2887-4a2b-a45d-966319dbcaf8 has been successfully formatted.
2019-09-26 15:08:37,741 [pool-27-thread-1] INFO  ratis.ContainerStateMachine (ContainerStateMachine.java:loadSnapshot(230)) - group-966319DBCAF8: The snapshot info is null. Setting the last applied indexto:(t:0, i:~)
2019-09-26 15:08:37,741 [pool-27-thread-1] INFO  server.RaftServerConfigKeys (ConfUtils.java:logGet(43)) - raft.server.notification.no-leader.timeout = 120s (custom)
2019-09-26 15:08:37,741 [pool-27-thread-1] INFO  server.RaftServerConfigKeys (ConfUtils.java:logGet(43)) - raft.server.log.use.memory = false (default)
2019-09-26 15:08:37,741 [pool-27-thread-1] INFO  server.RaftServerConfigKeys (ConfUtils.java:logGet(43)) - raft.server.log.purge.gap = 1000000 (custom)
2019-09-26 15:08:37,741 [pool-27-thread-1] INFO  server.RaftServerConfigKeys (ConfUtils.java:logGet(43)) - raft.server.log.appender.buffer.byte-limit = 33554432 (custom)
2019-09-26 15:08:37,741 [pool-27-thread-1] INFO  server.RaftServerConfigKeys (ConfUtils.java:logGet(43)) - raft.server.log.segment.size.max = 1048576 (custom)
2019-09-26 15:08:37,741 [pool-27-thread-1] INFO  server.RaftServerConfigKeys (ConfUtils.java:logGet(43)) - raft.server.log.segment.cache.num.max = 2 (custom)
2019-09-26 15:08:37,742 [pool-27-thread-1] INFO  segmented.SegmentedRaftLogWorker (SegmentedRaftLogWorker.java:<init>(172)) - new 8a411a4f-0e32-4dd1-80b9-a797c2117425@group-966319DBCAF8-SegmentedRaftLogWorker for RaftStorage:Storage Directory /workdir/hadoop-ozone/integration-test/target/test-dir/MiniOzoneClusterImpl-646ad58d-3cd3-4092-ab15-506251c55e5b/datanode-0/data/ratis/f19def73-2887-4a2b-a45d-966319dbcaf8
2019-09-26 15:08:37,742 [pool-27-thread-1] INFO  server.RaftServerConfigKeys (ConfUtils.java:logGet(43)) - raft.server.log.queue.byte-limit = 2147483647 (custom)
2019-09-26 15:08:37,742 [pool-27-thread-1] INFO  server.RaftServerConfigKeys (ConfUtils.java:logGet(43)) - raft.server.log.queue.element-limit = 1024 (custom)
2019-09-26 15:08:37,742 [pool-27-thread-1] INFO  server.RaftServerConfigKeys (ConfUtils.java:logGet(43)) - raft.server.log.segment.size.max = 1048576 (custom)
2019-09-26 15:08:37,742 [pool-27-thread-1] INFO  server.RaftServerConfigKeys (ConfUtils.java:logGet(43)) - raft.server.log.preallocated.size = 16384 (custom)
2019-09-26 15:08:37,742 [pool-27-thread-1] INFO  server.RaftServerConfigKeys (ConfUtils.java:logGet(43)) - raft.server.log.write.buffer.size = 33554432 (custom)
2019-09-26 15:08:37,742 [pool-27-thread-1] INFO  server.RaftServerConfigKeys (ConfUtils.java:logGet(43)) - raft.server.log.force.sync.num = 128 (default)
2019-09-26 15:08:37,742 [pool-27-thread-1] INFO  server.RaftServerConfigKeys (ConfUtils.java:logGet(43)) - raft.server.log.statemachine.data.sync = true (default)
2019-09-26 15:08:37,742 [pool-27-thread-1] INFO  server.RaftServerConfigKeys (ConfUtils.java:logGet(43)) - raft.server.log.statemachine.data.sync.timeout = 10s (default)
2019-09-26 15:08:37,742 [pool-27-thread-1] INFO  server.RaftServerConfigKeys (ConfUtils.java:logGet(43)) - raft.server.log.statemachine.data.sync.timeout.retry = -1 (default)
2019-09-26 15:08:37,742 [pool-27-thread-1] INFO  server.RaftServerConfigKeys (ConfUtils.java:logGet(43)) - raft.server.log.statemachine.data.caching.enabled = true (custom)
2019-09-26 15:08:37,743 [pool-27-thread-1] INFO  segmented.SegmentedRaftLogWorker (SegmentedRaftLogWorker.java:lambda$new$0(132)) - 8a411a4f-0e32-4dd1-80b9-a797c2117425@group-966319DBCAF8-SegmentedRaftLogWorker: flushIndex: setUnconditionally 0 -> -1
2019-09-26 15:08:37,743 [pool-27-thread-1] INFO  server.RaftServerConfigKeys (ConfUtils.java:logGet(43)) - raft.server.snapshot.auto.trigger.enabled = true (custom)
2019-09-26 15:08:37,743 [pool-27-thread-1] INFO  server.RaftServerConfigKeys (ConfUtils.java:logGet(43)) - raft.server.snapshot.auto.trigger.threshold = 10000 (custom)
2019-09-26 15:08:37,743 [pool-27-thread-1] INFO  server.RaftServerConfigKeys (ConfUtils.java:logGet(43)) - raft.server.snapshot.retention.num.files = 5 (custom)
2019-09-26 15:08:37,743 [pool-27-thread-1] INFO  server.RaftServerConfigKeys (ConfUtils.java:logGet(43)) - raft.server.retrycache.expirytime = 600000ms (custom)
2019-09-26 15:08:37,744 [pool-27-thread-1] INFO  impl.RaftServerImpl (RaftServerImpl.java:start(185)) - 8a411a4f-0e32-4dd1-80b9-a797c2117425@group-966319DBCAF8: start as a follower, conf=-1: [8a411a4f-0e32-4dd1-80b9-a797c2117425:192.168.151.99:37125], old=null
2019-09-26 15:08:37,744 [pool-27-thread-1] INFO  impl.RaftServerImpl (RaftServerImpl.java:setRole(174)) - 8a411a4f-0e32-4dd1-80b9-a797c2117425@group-966319DBCAF8: changes role from      null to FOLLOWER at term 0 for startAsFollower
2019-09-26 15:08:37,744 [pool-27-thread-1] INFO  impl.RoleInfo (RoleInfo.java:updateAndGet(143)) - 8a411a4f-0e32-4dd1-80b9-a797c2117425: start FollowerState
2019-09-26 15:08:37,745 [pool-27-thread-1] INFO  util.JmxRegister (JmxRegister.java:tryRegister(44)) - Successfully registered JMX Bean with object name Ratis:service=RaftServer,group=group-966319DBCAF8,id=8a411a4f-0e32-4dd1-80b9-a797c2117425
2019-09-26 15:08:37,747 [RatisPipelineUtilsThread] INFO  pipeline.PipelineStateManager (PipelineStateManager.java:addPipeline(56)) - Created pipeline Pipeline[ Id: f19def73-2887-4a2b-a45d-966319dbcaf8, Nodes: 8a411a4f-0e32-4dd1-80b9-a797c2117425{ip: 192.168.151.99, host: pr-hdds-1569-g6sp5-2013761785, networkLocation: /default-rack, certSerialId: null}, Type:RATIS, Factor:ONE, State:OPEN]
2019-09-26 15:08:37,752 [grpc-default-executor-1] INFO  impl.RaftServerProxy (RaftServerProxy.java:addNew(89)) - 8a411a4f-0e32-4dd1-80b9-a797c2117425: addNew group-9CAEA4046C8E:[8a411a4f-0e32-4dd1-80b9-a797c2117425:192.168.151.99:37125] returns group-9CAEA4046C8E:java.util.concurrent.CompletableFuture@f93ef8c[Not completed]
2019-09-26 15:08:37,752 [pool-27-thread-1] INFO  impl.RaftServerImpl (RaftServerImpl.java:<init>(95)) - 8a411a4f-0e32-4dd1-80b9-a797c2117425: new RaftServerImpl for group-9CAEA4046C8E:[8a411a4f-0e32-4dd1-80b9-a797c2117425:192.168.151.99:37125] with ContainerStateMachine:uninitialized
2019-09-26 15:08:37,752 [pool-27-thread-1] INFO  server.RaftServerConfigKeys (ConfUtils.java:logGet(43)) - raft.server.rpc.timeout.min = 5s (custom)
2019-09-26 15:08:37,752 [pool-27-thread-1] INFO  server.RaftServerConfigKeys (ConfUtils.java:logGet(43)) - raft.server.rpc.timeout.max = 5200ms (custom)
2019-09-26 15:08:37,753 [pool-27-thread-1] INFO  server.RaftServerConfigKeys (ConfUtils.java:logGet(43)) - raft.server.rpcslowness.timeout = 120s (custom)
2019-09-26 15:08:37,753 [pool-27-thread-1] INFO  server.RaftServerConfigKeys (ConfUtils.java:logGet(43)) - raft.server.sleep.deviation.threshold = 300 (default)
2019-09-26 15:08:37,753 [pool-27-thread-1] INFO  server.RaftServerConfigKeys (ConfUtils.java:logGet(43)) - raft.server.log.appender.install.snapshot.enabled = false (custom)
2019-09-26 15:08:37,753 [pool-27-thread-1] INFO  impl.RaftServerImpl (ServerState.java:<init>(103)) - 8a411a4f-0e32-4dd1-80b9-a797c2117425@group-9CAEA4046C8E: ConfigurationManager, init=-1: [8a411a4f-0e32-4dd1-80b9-a797c2117425:192.168.151.99:37125], old=null, confs=<EMPTY_MAP>
2019-09-26 15:08:37,753 [pool-27-thread-1] INFO  server.RaftServerConfigKeys (ConfUtils.java:logGet(43)) - raft.server.storage.dir = [/workdir/hadoop-ozone/integration-test/target/test-dir/MiniOzoneClusterImpl-646ad58d-3cd3-4092-ab15-506251c55e5b/datanode-0/data/ratis] (custom)
2019-09-26 15:08:37,754 [pool-27-thread-1] INFO  storage.RaftStorageDirectory (RaftStorageDirectory.java:analyzeStorage(246)) - The storage directory /workdir/hadoop-ozone/integration-test/target/test-dir/MiniOzoneClusterImpl-646ad58d-3cd3-4092-ab15-506251c55e5b/datanode-0/data/ratis/2cfce625-f955-41ac-b249-9caea4046c8e does not exist. Creating ...
2019-09-26 15:08:37,766 [pool-27-thread-1] INFO  storage.RaftStorageDirectory (RaftStorageDirectory.java:tryLock(328)) - Lock on /workdir/hadoop-ozone/integration-test/target/test-dir/MiniOzoneClusterImpl-646ad58d-3cd3-4092-ab15-506251c55e5b/datanode-0/data/ratis/2cfce625-f955-41ac-b249-9caea4046c8e/in_use.lock acquired by nodename 7157@pr-hdds-1569-g6sp5-2013761785
2019-09-26 15:08:37,769 [pool-27-thread-1] INFO  storage.RaftStorage (RaftStorage.java:format(72)) - Storage directory /workdir/hadoop-ozone/integration-test/target/test-dir/MiniOzoneClusterImpl-646ad58d-3cd3-4092-ab15-506251c55e5b/datanode-0/data/ratis/2cfce625-f955-41ac-b249-9caea4046c8e has been successfully formatted.
2019-09-26 15:08:37,769 [pool-27-thread-1] INFO  ratis.ContainerStateMachine (ContainerStateMachine.java:loadSnapshot(230)) - group-9CAEA4046C8E: The snapshot info is null. Setting the last applied indexto:(t:0, i:~)
2019-09-26 15:08:37,769 [pool-27-thread-1] INFO  server.RaftServerConfigKeys (ConfUtils.java:logGet(43)) - raft.server.notification.no-leader.timeout = 120s (custom)
2019-09-26 15:08:37,770 [pool-27-thread-1] INFO  server.RaftServerConfigKeys (ConfUtils.java:logGet(43)) - raft.server.log.use.memory = false (default)
2019-09-26 15:08:37,770 [pool-27-thread-1] INFO  server.RaftServerConfigKeys (ConfUtils.java:logGet(43)) - raft.server.log.purge.gap = 1000000 (custom)
2019-09-26 15:08:37,770 [pool-27-thread-1] INFO  server.RaftServerConfigKeys (ConfUtils.java:logGet(43)) - raft.server.log.appender.buffer.byte-limit = 33554432 (custom)
2019-09-26 15:08:37,770 [pool-27-thread-1] INFO  server.RaftServerConfigKeys (ConfUtils.java:logGet(43)) - raft.server.log.segment.size.max = 1048576 (custom)
2019-09-26 15:08:37,770 [pool-27-thread-1] INFO  server.RaftServerConfigKeys (ConfUtils.java:logGet(43)) - raft.server.log.segment.cache.num.max = 2 (custom)
2019-09-26 15:08:37,770 [pool-27-thread-1] INFO  segmented.SegmentedRaftLogWorker (SegmentedRaftLogWorker.java:<init>(172)) - new 8a411a4f-0e32-4dd1-80b9-a797c2117425@group-9CAEA4046C8E-SegmentedRaftLogWorker for RaftStorage:Storage Directory /workdir/hadoop-ozone/integration-test/target/test-dir/MiniOzoneClusterImpl-646ad58d-3cd3-4092-ab15-506251c55e5b/datanode-0/data/ratis/2cfce625-f955-41ac-b249-9caea4046c8e
2019-09-26 15:08:37,770 [pool-27-thread-1] INFO  server.RaftServerConfigKeys (ConfUtils.java:logGet(43)) - raft.server.log.queue.byte-limit = 2147483647 (custom)
2019-09-26 15:08:37,770 [pool-27-thread-1] INFO  server.RaftServerConfigKeys (ConfUtils.java:logGet(43)) - raft.server.log.queue.element-limit = 1024 (custom)
2019-09-26 15:08:37,770 [pool-27-thread-1] INFO  server.RaftServerConfigKeys (ConfUtils.java:logGet(43)) - raft.server.log.segment.size.max = 1048576 (custom)
2019-09-26 15:08:37,770 [pool-27-thread-1] INFO  server.RaftServerConfigKeys (ConfUtils.java:logGet(43)) - raft.server.log.preallocated.size = 16384 (custom)
2019-09-26 15:08:37,770 [pool-27-thread-1] INFO  server.RaftServerConfigKeys (ConfUtils.java:logGet(43)) - raft.server.log.write.buffer.size = 33554432 (custom)
2019-09-26 15:08:37,770 [pool-27-thread-1] INFO  server.RaftServerConfigKeys (ConfUtils.java:logGet(43)) - raft.server.log.force.sync.num = 128 (default)
2019-09-26 15:08:37,770 [pool-27-thread-1] INFO  server.RaftServerConfigKeys (ConfUtils.java:logGet(43)) - raft.server.log.statemachine.data.sync = true (default)
2019-09-26 15:08:37,771 [pool-27-thread-1] INFO  server.RaftServerConfigKeys (ConfUtils.java:logGet(43)) - raft.server.log.statemachine.data.sync.timeout = 10s (default)
2019-09-26 15:08:37,771 [pool-27-thread-1] INFO  server.RaftServerConfigKeys (ConfUtils.java:logGet(43)) - raft.server.log.statemachine.data.sync.timeout.retry = -1 (default)
2019-09-26 15:08:37,771 [pool-27-thread-1] INFO  server.RaftServerConfigKeys (ConfUtils.java:logGet(43)) - raft.server.log.statemachine.data.caching.enabled = true (custom)
2019-09-26 15:08:37,771 [pool-27-thread-1] INFO  segmented.SegmentedRaftLogWorker (SegmentedRaftLogWorker.java:lambda$new$0(132)) - 8a411a4f-0e32-4dd1-80b9-a797c2117425@group-9CAEA4046C8E-SegmentedRaftLogWorker: flushIndex: setUnconditionally 0 -> -1
2019-09-26 15:08:37,771 [pool-27-thread-1] INFO  server.RaftServerConfigKeys (ConfUtils.java:logGet(43)) - raft.server.snapshot.auto.trigger.enabled = true (custom)
2019-09-26 15:08:37,771 [pool-27-thread-1] INFO  server.RaftServerConfigKeys (ConfUtils.java:logGet(43)) - raft.server.snapshot.auto.trigger.threshold = 10000 (custom)
2019-09-26 15:08:37,771 [pool-27-thread-1] INFO  server.RaftServerConfigKeys (ConfUtils.java:logGet(43)) - raft.server.snapshot.retention.num.files = 5 (custom)
2019-09-26 15:08:37,771 [pool-27-thread-1] INFO  server.RaftServerConfigKeys (ConfUtils.java:logGet(43)) - raft.server.retrycache.expirytime = 600000ms (custom)
2019-09-26 15:08:37,772 [pool-27-thread-1] INFO  impl.RaftServerImpl (RaftServerImpl.java:start(185)) - 8a411a4f-0e32-4dd1-80b9-a797c2117425@group-9CAEA4046C8E: start as a follower, conf=-1: [8a411a4f-0e32-4dd1-80b9-a797c2117425:192.168.151.99:37125], old=null
2019-09-26 15:08:37,772 [pool-27-thread-1] INFO  impl.RaftServerImpl (RaftServerImpl.java:setRole(174)) - 8a411a4f-0e32-4dd1-80b9-a797c2117425@group-9CAEA4046C8E: changes role from      null to FOLLOWER at term 0 for startAsFollower
2019-09-26 15:08:37,772 [pool-27-thread-1] INFO  impl.RoleInfo (RoleInfo.java:updateAndGet(143)) - 8a411a4f-0e32-4dd1-80b9-a797c2117425: start FollowerState
2019-09-26 15:08:37,773 [pool-27-thread-1] INFO  util.JmxRegister (JmxRegister.java:tryRegister(44)) - Successfully registered JMX Bean with object name Ratis:service=RaftServer,group=group-9CAEA4046C8E,id=8a411a4f-0e32-4dd1-80b9-a797c2117425
2019-09-26 15:08:37,775 [RatisPipelineUtilsThread] INFO  pipeline.PipelineStateManager (PipelineStateManager.java:addPipeline(56)) - Created pipeline Pipeline[ Id: 2cfce625-f955-41ac-b249-9caea4046c8e, Nodes: 8a411a4f-0e32-4dd1-80b9-a797c2117425{ip: 192.168.151.99, host: pr-hdds-1569-g6sp5-2013761785, networkLocation: /default-rack, certSerialId: null}, Type:RATIS, Factor:ONE, State:OPEN]
2019-09-26 15:08:37,779 [grpc-default-executor-1] INFO  impl.RaftServerProxy (RaftServerProxy.java:addNew(89)) - 8a411a4f-0e32-4dd1-80b9-a797c2117425: addNew group-BF52FF77A681:[8a411a4f-0e32-4dd1-80b9-a797c2117425:192.168.151.99:37125] returns group-BF52FF77A681:java.util.concurrent.CompletableFuture@36da8c1e[Not completed]
2019-09-26 15:08:37,780 [pool-27-thread-1] INFO  impl.RaftServerImpl (RaftServerImpl.java:<init>(95)) - 8a411a4f-0e32-4dd1-80b9-a797c2117425: new RaftServerImpl for group-BF52FF77A681:[8a411a4f-0e32-4dd1-80b9-a797c2117425:192.168.151.99:37125] with ContainerStateMachine:uninitialized
2019-09-26 15:08:37,780 [pool-27-thread-1] INFO  server.RaftServerConfigKeys (ConfUtils.java:logGet(43)) - raft.server.rpc.timeout.min = 5s (custom)
2019-09-26 15:08:37,780 [pool-27-thread-1] INFO  server.RaftServerConfigKeys (ConfUtils.java:logGet(43)) - raft.server.rpc.timeout.max = 5200ms (custom)
2019-09-26 15:08:37,780 [pool-27-thread-1] INFO  server.RaftServerConfigKeys (ConfUtils.java:logGet(43)) - raft.server.rpcslowness.timeout = 120s (custom)
2019-09-26 15:08:37,780 [pool-27-thread-1] INFO  server.RaftServerConfigKeys (ConfUtils.java:logGet(43)) - raft.server.sleep.deviation.threshold = 300 (default)
2019-09-26 15:08:37,780 [pool-27-thread-1] INFO  server.RaftServerConfigKeys (ConfUtils.java:logGet(43)) - raft.server.log.appender.install.snapshot.enabled = false (custom)
2019-09-26 15:08:37,780 [pool-27-thread-1] INFO  impl.RaftServerImpl (ServerState.java:<init>(103)) - 8a411a4f-0e32-4dd1-80b9-a797c2117425@group-BF52FF77A681: ConfigurationManager, init=-1: [8a411a4f-0e32-4dd1-80b9-a797c2117425:192.168.151.99:37125], old=null, confs=<EMPTY_MAP>
2019-09-26 15:08:37,780 [pool-27-thread-1] INFO  server.RaftServerConfigKeys (ConfUtils.java:logGet(43)) - raft.server.storage.dir = [/workdir/hadoop-ozone/integration-test/target/test-dir/MiniOzoneClusterImpl-646ad58d-3cd3-4092-ab15-506251c55e5b/datanode-0/data/ratis] (custom)
2019-09-26 15:08:37,781 [pool-27-thread-1] INFO  storage.RaftStorageDirectory (RaftStorageDirectory.java:analyzeStorage(246)) - The storage directory /workdir/hadoop-ozone/integration-test/target/test-dir/MiniOzoneClusterImpl-646ad58d-3cd3-4092-ab15-506251c55e5b/datanode-0/data/ratis/88dac187-7d59-42cd-adee-bf52ff77a681 does not exist. Creating ...
2019-09-26 15:08:37,812 [pool-27-thread-1] INFO  storage.RaftStorageDirectory (RaftStorageDirectory.java:tryLock(328)) - Lock on /workdir/hadoop-ozone/integration-test/target/test-dir/MiniOzoneClusterImpl-646ad58d-3cd3-4092-ab15-506251c55e5b/datanode-0/data/ratis/88dac187-7d59-42cd-adee-bf52ff77a681/in_use.lock acquired by nodename 7157@pr-hdds-1569-g6sp5-2013761785
2019-09-26 15:08:37,825 [pool-27-thread-1] INFO  storage.RaftStorage (RaftStorage.java:format(72)) - Storage directory /workdir/hadoop-ozone/integration-test/target/test-dir/MiniOzoneClusterImpl-646ad58d-3cd3-4092-ab15-506251c55e5b/datanode-0/data/ratis/88dac187-7d59-42cd-adee-bf52ff77a681 has been successfully formatted.
2019-09-26 15:08:37,825 [pool-27-thread-1] INFO  ratis.ContainerStateMachine (ContainerStateMachine.java:loadSnapshot(230)) - group-BF52FF77A681: The snapshot info is null. Setting the last applied indexto:(t:0, i:~)
2019-09-26 15:08:37,826 [pool-27-thread-1] INFO  server.RaftServerConfigKeys (ConfUtils.java:logGet(43)) - raft.server.notification.no-leader.timeout = 120s (custom)
2019-09-26 15:08:37,826 [pool-27-thread-1] INFO  server.RaftServerConfigKeys (ConfUtils.java:logGet(43)) - raft.server.log.use.memory = false (default)
2019-09-26 15:08:37,826 [pool-27-thread-1] INFO  server.RaftServerConfigKeys (ConfUtils.java:logGet(43)) - raft.server.log.purge.gap = 1000000 (custom)
2019-09-26 15:08:37,826 [pool-27-thread-1] INFO  server.RaftServerConfigKeys (ConfUtils.java:logGet(43)) - raft.server.log.appender.buffer.byte-limit = 33554432 (custom)
2019-09-26 15:08:37,826 [pool-27-thread-1] INFO  server.RaftServerConfigKeys (ConfUtils.java:logGet(43)) - raft.server.log.segment.size.max = 1048576 (custom)
2019-09-26 15:08:37,826 [pool-27-thread-1] INFO  server.RaftServerConfigKeys (ConfUtils.java:logGet(43)) - raft.server.log.segment.cache.num.max = 2 (custom)
2019-09-26 15:08:37,826 [pool-27-thread-1] INFO  segmented.SegmentedRaftLogWorker (SegmentedRaftLogWorker.java:<init>(172)) - new 8a411a4f-0e32-4dd1-80b9-a797c2117425@group-BF52FF77A681-SegmentedRaftLogWorker for RaftStorage:Storage Directory /workdir/hadoop-ozone/integration-test/target/test-dir/MiniOzoneClusterImpl-646ad58d-3cd3-4092-ab15-506251c55e5b/datanode-0/data/ratis/88dac187-7d59-42cd-adee-bf52ff77a681
2019-09-26 15:08:37,826 [pool-27-thread-1] INFO  server.RaftServerConfigKeys (ConfUtils.java:logGet(43)) - raft.server.log.queue.byte-limit = 2147483647 (custom)
2019-09-26 15:08:37,826 [pool-27-thread-1] INFO  server.RaftServerConfigKeys (ConfUtils.java:logGet(43)) - raft.server.log.queue.element-limit = 1024 (custom)
2019-09-26 15:08:37,826 [pool-27-thread-1] INFO  server.RaftServerConfigKeys (ConfUtils.java:logGet(43)) - raft.server.log.segment.size.max = 1048576 (custom)
2019-09-26 15:08:37,826 [pool-27-thread-1] INFO  server.RaftServerConfigKeys (ConfUtils.java:logGet(43)) - raft.server.log.preallocated.size = 16384 (custom)
2019-09-26 15:08:37,827 [pool-27-thread-1] INFO  server.RaftServerConfigKeys (ConfUtils.java:logGet(43)) - raft.server.log.write.buffer.size = 33554432 (custom)
2019-09-26 15:08:37,827 [pool-27-thread-1] INFO  server.RaftServerConfigKeys (ConfUtils.java:logGet(43)) - raft.server.log.force.sync.num = 128 (default)
2019-09-26 15:08:37,827 [pool-27-thread-1] INFO  server.RaftServerConfigKeys (ConfUtils.java:logGet(43)) - raft.server.log.statemachine.data.sync = true (default)
2019-09-26 15:08:37,827 [pool-27-thread-1] INFO  server.RaftServerConfigKeys (ConfUtils.java:logGet(43)) - raft.server.log.statemachine.data.sync.timeout = 10s (default)
2019-09-26 15:08:37,827 [pool-27-thread-1] INFO  server.RaftServerConfigKeys (ConfUtils.java:logGet(43)) - raft.server.log.statemachine.data.sync.timeout.retry = -1 (default)
2019-09-26 15:08:37,827 [pool-27-thread-1] INFO  server.RaftServerConfigKeys (ConfUtils.java:logGet(43)) - raft.server.log.statemachine.data.caching.enabled = true (custom)
2019-09-26 15:08:37,827 [pool-27-thread-1] INFO  segmented.SegmentedRaftLogWorker (SegmentedRaftLogWorker.java:lambda$new$0(132)) - 8a411a4f-0e32-4dd1-80b9-a797c2117425@group-BF52FF77A681-SegmentedRaftLogWorker: flushIndex: setUnconditionally 0 -> -1
2019-09-26 15:08:37,827 [pool-27-thread-1] INFO  server.RaftServerConfigKeys (ConfUtils.java:logGet(43)) - raft.server.snapshot.auto.trigger.enabled = true (custom)
2019-09-26 15:08:37,827 [pool-27-thread-1] INFO  server.RaftServerConfigKeys (ConfUtils.java:logGet(43)) - raft.server.snapshot.auto.trigger.threshold = 10000 (custom)
2019-09-26 15:08:37,828 [pool-27-thread-1] INFO  server.RaftServerConfigKeys (ConfUtils.java:logGet(43)) - raft.server.snapshot.retention.num.files = 5 (custom)
2019-09-26 15:08:37,828 [pool-27-thread-1] INFO  server.RaftServerConfigKeys (ConfUtils.java:logGet(43)) - raft.server.retrycache.expirytime = 600000ms (custom)
2019-09-26 15:08:37,829 [pool-27-thread-1] INFO  impl.RaftServerImpl (RaftServerImpl.java:start(185)) - 8a411a4f-0e32-4dd1-80b9-a797c2117425@group-BF52FF77A681: start as a follower, conf=-1: [8a411a4f-0e32-4dd1-80b9-a797c2117425:192.168.151.99:37125], old=null
2019-09-26 15:08:37,829 [pool-27-thread-1] INFO  impl.RaftServerImpl (RaftServerImpl.java:setRole(174)) - 8a411a4f-0e32-4dd1-80b9-a797c2117425@group-BF52FF77A681: changes role from      null to FOLLOWER at term 0 for startAsFollower
2019-09-26 15:08:37,829 [pool-27-thread-1] INFO  impl.RoleInfo (RoleInfo.java:updateAndGet(143)) - 8a411a4f-0e32-4dd1-80b9-a797c2117425: start FollowerState
2019-09-26 15:08:37,829 [pool-27-thread-1] INFO  util.JmxRegister (JmxRegister.java:tryRegister(44)) - Successfully registered JMX Bean with object name Ratis:service=RaftServer,group=group-BF52FF77A681,id=8a411a4f-0e32-4dd1-80b9-a797c2117425
2019-09-26 15:08:37,831 [RatisPipelineUtilsThread] INFO  pipeline.PipelineStateManager (PipelineStateManager.java:addPipeline(56)) - Created pipeline Pipeline[ Id: 88dac187-7d59-42cd-adee-bf52ff77a681, Nodes: 8a411a4f-0e32-4dd1-80b9-a797c2117425{ip: 192.168.151.99, host: pr-hdds-1569-g6sp5-2013761785, networkLocation: /default-rack, certSerialId: null}, Type:RATIS, Factor:ONE, State:OPEN]
2019-09-26 15:08:37,835 [grpc-default-executor-1] INFO  impl.RaftServerProxy (RaftServerProxy.java:addNew(89)) - 8a411a4f-0e32-4dd1-80b9-a797c2117425: addNew group-2F139598710B:[8a411a4f-0e32-4dd1-80b9-a797c2117425:192.168.151.99:37125] returns group-2F139598710B:java.util.concurrent.CompletableFuture@639b52a6[Not completed]
2019-09-26 15:08:37,836 [pool-27-thread-1] INFO  impl.RaftServerImpl (RaftServerImpl.java:<init>(95)) - 8a411a4f-0e32-4dd1-80b9-a797c2117425: new RaftServerImpl for group-2F139598710B:[8a411a4f-0e32-4dd1-80b9-a797c2117425:192.168.151.99:37125] with ContainerStateMachine:uninitialized
2019-09-26 15:08:37,836 [pool-27-thread-1] INFO  server.RaftServerConfigKeys (ConfUtils.java:logGet(43)) - raft.server.rpc.timeout.min = 5s (custom)
2019-09-26 15:08:37,836 [pool-27-thread-1] INFO  server.RaftServerConfigKeys (ConfUtils.java:logGet(43)) - raft.server.rpc.timeout.max = 5200ms (custom)
2019-09-26 15:08:37,836 [pool-27-thread-1] INFO  server.RaftServerConfigKeys (ConfUtils.java:logGet(43)) - raft.server.rpcslowness.timeout = 120s (custom)
2019-09-26 15:08:37,837 [pool-27-thread-1] INFO  server.RaftServerConfigKeys (ConfUtils.java:logGet(43)) - raft.server.sleep.deviation.threshold = 300 (default)
2019-09-26 15:08:37,837 [pool-27-thread-1] INFO  server.RaftServerConfigKeys (ConfUtils.java:logGet(43)) - raft.server.log.appender.install.snapshot.enabled = false (custom)
2019-09-26 15:08:37,837 [pool-27-thread-1] INFO  impl.RaftServerImpl (ServerState.java:<init>(103)) - 8a411a4f-0e32-4dd1-80b9-a797c2117425@group-2F139598710B: ConfigurationManager, init=-1: [8a411a4f-0e32-4dd1-80b9-a797c2117425:192.168.151.99:37125], old=null, confs=<EMPTY_MAP>
2019-09-26 15:08:37,837 [pool-27-thread-1] INFO  server.RaftServerConfigKeys (ConfUtils.java:logGet(43)) - raft.server.storage.dir = [/workdir/hadoop-ozone/integration-test/target/test-dir/MiniOzoneClusterImpl-646ad58d-3cd3-4092-ab15-506251c55e5b/datanode-0/data/ratis] (custom)
2019-09-26 15:08:37,838 [pool-27-thread-1] INFO  storage.RaftStorageDirectory (RaftStorageDirectory.java:analyzeStorage(246)) - The storage directory /workdir/hadoop-ozone/integration-test/target/test-dir/MiniOzoneClusterImpl-646ad58d-3cd3-4092-ab15-506251c55e5b/datanode-0/data/ratis/430df0ea-f7a0-4afe-adf1-2f139598710b does not exist. Creating ...
2019-09-26 15:08:37,843 [pool-27-thread-1] INFO  storage.RaftStorageDirectory (RaftStorageDirectory.java:tryLock(328)) - Lock on /workdir/hadoop-ozone/integration-test/target/test-dir/MiniOzoneClusterImpl-646ad58d-3cd3-4092-ab15-506251c55e5b/datanode-0/data/ratis/430df0ea-f7a0-4afe-adf1-2f139598710b/in_use.lock acquired by nodename 7157@pr-hdds-1569-g6sp5-2013761785
2019-09-26 15:08:37,855 [pool-27-thread-1] INFO  storage.RaftStorage (RaftStorage.java:format(72)) - Storage directory /workdir/hadoop-ozone/integration-test/target/test-dir/MiniOzoneClusterImpl-646ad58d-3cd3-4092-ab15-506251c55e5b/datanode-0/data/ratis/430df0ea-f7a0-4afe-adf1-2f139598710b has been successfully formatted.
2019-09-26 15:08:37,856 [pool-27-thread-1] INFO  ratis.ContainerStateMachine (ContainerStateMachine.java:loadSnapshot(230)) - group-2F139598710B: The snapshot info is null. Setting the last applied indexto:(t:0, i:~)
2019-09-26 15:08:37,856 [pool-27-thread-1] INFO  server.RaftServerConfigKeys (ConfUtils.java:logGet(43)) - raft.server.notification.no-leader.timeout = 120s (custom)
2019-09-26 15:08:37,856 [pool-27-thread-1] INFO  server.RaftServerConfigKeys (ConfUtils.java:logGet(43)) - raft.server.log.use.memory = false (default)
2019-09-26 15:08:37,856 [pool-27-thread-1] INFO  server.RaftServerConfigKeys (ConfUtils.java:logGet(43)) - raft.server.log.purge.gap = 1000000 (custom)
2019-09-26 15:08:37,856 [pool-27-thread-1] INFO  server.RaftServerConfigKeys (ConfUtils.java:logGet(43)) - raft.server.log.appender.buffer.byte-limit = 33554432 (custom)
2019-09-26 15:08:37,856 [pool-27-thread-1] INFO  server.RaftServerConfigKeys (ConfUtils.java:logGet(43)) - raft.server.log.segment.size.max = 1048576 (custom)
2019-09-26 15:08:37,856 [pool-27-thread-1] INFO  server.RaftServerConfigKeys (ConfUtils.java:logGet(43)) - raft.server.log.segment.cache.num.max = 2 (custom)
2019-09-26 15:08:37,856 [pool-27-thread-1] INFO  segmented.SegmentedRaftLogWorker (SegmentedRaftLogWorker.java:<init>(172)) - new 8a411a4f-0e32-4dd1-80b9-a797c2117425@group-2F139598710B-SegmentedRaftLogWorker for RaftStorage:Storage Directory /workdir/hadoop-ozone/integration-test/target/test-dir/MiniOzoneClusterImpl-646ad58d-3cd3-4092-ab15-506251c55e5b/datanode-0/data/ratis/430df0ea-f7a0-4afe-adf1-2f139598710b
2019-09-26 15:08:37,857 [pool-27-thread-1] INFO  server.RaftServerConfigKeys (ConfUtils.java:logGet(43)) - raft.server.log.queue.byte-limit = 2147483647 (custom)
2019-09-26 15:08:37,857 [pool-27-thread-1] INFO  server.RaftServerConfigKeys (ConfUtils.java:logGet(43)) - raft.server.log.queue.element-limit = 1024 (custom)
2019-09-26 15:08:37,857 [pool-27-thread-1] INFO  server.RaftServerConfigKeys (ConfUtils.java:logGet(43)) - raft.server.log.segment.size.max = 1048576 (custom)
2019-09-26 15:08:37,857 [pool-27-thread-1] INFO  server.RaftServerConfigKeys (ConfUtils.java:logGet(43)) - raft.server.log.preallocated.size = 16384 (custom)
2019-09-26 15:08:37,857 [pool-27-thread-1] INFO  server.RaftServerConfigKeys (ConfUtils.java:logGet(43)) - raft.server.log.write.buffer.size = 33554432 (custom)
2019-09-26 15:08:37,857 [pool-27-thread-1] INFO  server.RaftServerConfigKeys (ConfUtils.java:logGet(43)) - raft.server.log.force.sync.num = 128 (default)
2019-09-26 15:08:37,857 [pool-27-thread-1] INFO  server.RaftServerConfigKeys (ConfUtils.java:logGet(43)) - raft.server.log.statemachine.data.sync = true (default)
2019-09-26 15:08:37,857 [pool-27-thread-1] INFO  server.RaftServerConfigKeys (ConfUtils.java:logGet(43)) - raft.server.log.statemachine.data.sync.timeout = 10s (default)
2019-09-26 15:08:37,857 [pool-27-thread-1] INFO  server.RaftServerConfigKeys (ConfUtils.java:logGet(43)) - raft.server.log.statemachine.data.sync.timeout.retry = -1 (default)
2019-09-26 15:08:37,858 [pool-27-thread-1] INFO  server.RaftServerConfigKeys (ConfUtils.java:logGet(43)) - raft.server.log.statemachine.data.caching.enabled = true (custom)
2019-09-26 15:08:37,858 [pool-27-thread-1] INFO  segmented.SegmentedRaftLogWorker (SegmentedRaftLogWorker.java:lambda$new$0(132)) - 8a411a4f-0e32-4dd1-80b9-a797c2117425@group-2F139598710B-SegmentedRaftLogWorker: flushIndex: setUnconditionally 0 -> -1
2019-09-26 15:08:37,858 [pool-27-thread-1] INFO  server.RaftServerConfigKeys (ConfUtils.java:logGet(43)) - raft.server.snapshot.auto.trigger.enabled = true (custom)
2019-09-26 15:08:37,858 [pool-27-thread-1] INFO  server.RaftServerConfigKeys (ConfUtils.java:logGet(43)) - raft.server.snapshot.auto.trigger.threshold = 10000 (custom)
2019-09-26 15:08:37,858 [pool-27-thread-1] INFO  server.RaftServerConfigKeys (ConfUtils.java:logGet(43)) - raft.server.snapshot.retention.num.files = 5 (custom)
2019-09-26 15:08:37,858 [pool-27-thread-1] INFO  server.RaftServerConfigKeys (ConfUtils.java:logGet(43)) - raft.server.retrycache.expirytime = 600000ms (custom)
2019-09-26 15:08:37,860 [pool-27-thread-1] INFO  impl.RaftServerImpl (RaftServerImpl.java:start(185)) - 8a411a4f-0e32-4dd1-80b9-a797c2117425@group-2F139598710B: start as a follower, conf=-1: [8a411a4f-0e32-4dd1-80b9-a797c2117425:192.168.151.99:37125], old=null
2019-09-26 15:08:37,860 [pool-27-thread-1] INFO  impl.RaftServerImpl (RaftServerImpl.java:setRole(174)) - 8a411a4f-0e32-4dd1-80b9-a797c2117425@group-2F139598710B: changes role from      null to FOLLOWER at term 0 for startAsFollower
2019-09-26 15:08:37,860 [pool-27-thread-1] INFO  impl.RoleInfo (RoleInfo.java:updateAndGet(143)) - 8a411a4f-0e32-4dd1-80b9-a797c2117425: start FollowerState
2019-09-26 15:08:37,860 [pool-27-thread-1] INFO  util.JmxRegister (JmxRegister.java:tryRegister(44)) - Successfully registered JMX Bean with object name Ratis:service=RaftServer,group=group-2F139598710B,id=8a411a4f-0e32-4dd1-80b9-a797c2117425
2019-09-26 15:08:37,863 [RatisPipelineUtilsThread] INFO  pipeline.PipelineStateManager (PipelineStateManager.java:addPipeline(56)) - Created pipeline Pipeline[ Id: 430df0ea-f7a0-4afe-adf1-2f139598710b, Nodes: 8a411a4f-0e32-4dd1-80b9-a797c2117425{ip: 192.168.151.99, host: pr-hdds-1569-g6sp5-2013761785, networkLocation: /default-rack, certSerialId: null}, Type:RATIS, Factor:ONE, State:OPEN]
2019-09-26 15:08:37,867 [grpc-default-executor-1] INFO  impl.RaftServerProxy (RaftServerProxy.java:addNew(89)) - 8a411a4f-0e32-4dd1-80b9-a797c2117425: addNew group-7740B1DAF25C:[8a411a4f-0e32-4dd1-80b9-a797c2117425:192.168.151.99:37125] returns group-7740B1DAF25C:java.util.concurrent.CompletableFuture@113cf6d8[Not completed]
2019-09-26 15:08:37,867 [pool-27-thread-1] INFO  impl.RaftServerImpl (RaftServerImpl.java:<init>(95)) - 8a411a4f-0e32-4dd1-80b9-a797c2117425: new RaftServerImpl for group-7740B1DAF25C:[8a411a4f-0e32-4dd1-80b9-a797c2117425:192.168.151.99:37125] with ContainerStateMachine:uninitialized
2019-09-26 15:08:37,867 [pool-27-thread-1] INFO  server.RaftServerConfigKeys (ConfUtils.java:logGet(43)) - raft.server.rpc.timeout.min = 5s (custom)
2019-09-26 15:08:37,867 [pool-27-thread-1] INFO  server.RaftServerConfigKeys (ConfUtils.java:logGet(43)) - raft.server.rpc.timeout.max = 5200ms (custom)
2019-09-26 15:08:37,867 [pool-27-thread-1] INFO  server.RaftServerConfigKeys (ConfUtils.java:logGet(43)) - raft.server.rpcslowness.timeout = 120s (custom)
2019-09-26 15:08:37,868 [pool-27-thread-1] INFO  server.RaftServerConfigKeys (ConfUtils.java:logGet(43)) - raft.server.sleep.deviation.threshold = 300 (default)
2019-09-26 15:08:37,868 [pool-27-thread-1] INFO  server.RaftServerConfigKeys (ConfUtils.java:logGet(43)) - raft.server.log.appender.install.snapshot.enabled = false (custom)
2019-09-26 15:08:37,868 [pool-27-thread-1] INFO  impl.RaftServerImpl (ServerState.java:<init>(103)) - 8a411a4f-0e32-4dd1-80b9-a797c2117425@group-7740B1DAF25C: ConfigurationManager, init=-1: [8a411a4f-0e32-4dd1-80b9-a797c2117425:192.168.151.99:37125], old=null, confs=<EMPTY_MAP>
2019-09-26 15:08:37,868 [pool-27-thread-1] INFO  server.RaftServerConfigKeys (ConfUtils.java:logGet(43)) - raft.server.storage.dir = [/workdir/hadoop-ozone/integration-test/target/test-dir/MiniOzoneClusterImpl-646ad58d-3cd3-4092-ab15-506251c55e5b/datanode-0/data/ratis] (custom)
2019-09-26 15:08:37,869 [pool-27-thread-1] INFO  storage.RaftStorageDirectory (RaftStorageDirectory.java:analyzeStorage(246)) - The storage directory /workdir/hadoop-ozone/integration-test/target/test-dir/MiniOzoneClusterImpl-646ad58d-3cd3-4092-ab15-506251c55e5b/datanode-0/data/ratis/f31b5c65-3ed5-434d-866f-7740b1daf25c does not exist. Creating ...
2019-09-26 15:08:37,882 [pool-27-thread-1] INFO  storage.RaftStorageDirectory (RaftStorageDirectory.java:tryLock(328)) - Lock on /workdir/hadoop-ozone/integration-test/target/test-dir/MiniOzoneClusterImpl-646ad58d-3cd3-4092-ab15-506251c55e5b/datanode-0/data/ratis/f31b5c65-3ed5-434d-866f-7740b1daf25c/in_use.lock acquired by nodename 7157@pr-hdds-1569-g6sp5-2013761785
2019-09-26 15:08:37,897 [pool-27-thread-1] INFO  storage.RaftStorage (RaftStorage.java:format(72)) - Storage directory /workdir/hadoop-ozone/integration-test/target/test-dir/MiniOzoneClusterImpl-646ad58d-3cd3-4092-ab15-506251c55e5b/datanode-0/data/ratis/f31b5c65-3ed5-434d-866f-7740b1daf25c has been successfully formatted.
2019-09-26 15:08:37,897 [pool-27-thread-1] INFO  ratis.ContainerStateMachine (ContainerStateMachine.java:loadSnapshot(230)) - group-7740B1DAF25C: The snapshot info is null. Setting the last applied indexto:(t:0, i:~)
2019-09-26 15:08:37,897 [pool-27-thread-1] INFO  server.RaftServerConfigKeys (ConfUtils.java:logGet(43)) - raft.server.notification.no-leader.timeout = 120s (custom)
2019-09-26 15:08:37,897 [pool-27-thread-1] INFO  server.RaftServerConfigKeys (ConfUtils.java:logGet(43)) - raft.server.log.use.memory = false (default)
2019-09-26 15:08:37,897 [pool-27-thread-1] INFO  server.RaftServerConfigKeys (ConfUtils.java:logGet(43)) - raft.server.log.purge.gap = 1000000 (custom)
2019-09-26 15:08:37,897 [pool-27-thread-1] INFO  server.RaftServerConfigKeys (ConfUtils.java:logGet(43)) - raft.server.log.appender.buffer.byte-limit = 33554432 (custom)
2019-09-26 15:08:37,897 [pool-27-thread-1] INFO  server.RaftServerConfigKeys (ConfUtils.java:logGet(43)) - raft.server.log.segment.size.max = 1048576 (custom)
2019-09-26 15:08:37,897 [pool-27-thread-1] INFO  server.RaftServerConfigKeys (ConfUtils.java:logGet(43)) - raft.server.log.segment.cache.num.max = 2 (custom)
2019-09-26 15:08:37,897 [pool-27-thread-1] INFO  segmented.SegmentedRaftLogWorker (SegmentedRaftLogWorker.java:<init>(172)) - new 8a411a4f-0e32-4dd1-80b9-a797c2117425@group-7740B1DAF25C-SegmentedRaftLogWorker for RaftStorage:Storage Directory /workdir/hadoop-ozone/integration-test/target/test-dir/MiniOzoneClusterImpl-646ad58d-3cd3-4092-ab15-506251c55e5b/datanode-0/data/ratis/f31b5c65-3ed5-434d-866f-7740b1daf25c
2019-09-26 15:08:37,897 [pool-27-thread-1] INFO  server.RaftServerConfigKeys (ConfUtils.java:logGet(43)) - raft.server.log.queue.byte-limit = 2147483647 (custom)
2019-09-26 15:08:37,897 [pool-27-thread-1] INFO  server.RaftServerConfigKeys (ConfUtils.java:logGet(43)) - raft.server.log.queue.element-limit = 1024 (custom)
2019-09-26 15:08:37,898 [pool-27-thread-1] INFO  server.RaftServerConfigKeys (ConfUtils.java:logGet(43)) - raft.server.log.segment.size.max = 1048576 (custom)
2019-09-26 15:08:37,898 [pool-27-thread-1] INFO  server.RaftServerConfigKeys (ConfUtils.java:logGet(43)) - raft.server.log.preallocated.size = 16384 (custom)
2019-09-26 15:08:37,898 [pool-27-thread-1] INFO  server.RaftServerConfigKeys (ConfUtils.java:logGet(43)) - raft.server.log.write.buffer.size = 33554432 (custom)
2019-09-26 15:08:37,898 [pool-27-thread-1] INFO  server.RaftServerConfigKeys (ConfUtils.java:logGet(43)) - raft.server.log.force.sync.num = 128 (default)
2019-09-26 15:08:37,898 [pool-27-thread-1] INFO  server.RaftServerConfigKeys (ConfUtils.java:logGet(43)) - raft.server.log.statemachine.data.sync = true (default)
2019-09-26 15:08:37,898 [pool-27-thread-1] INFO  server.RaftServerConfigKeys (ConfUtils.java:logGet(43)) - raft.server.log.statemachine.data.sync.timeout = 10s (default)
2019-09-26 15:08:37,898 [pool-27-thread-1] INFO  server.RaftServerConfigKeys (ConfUtils.java:logGet(43)) - raft.server.log.statemachine.data.sync.timeout.retry = -1 (default)
2019-09-26 15:08:37,898 [pool-27-thread-1] INFO  server.RaftServerConfigKeys (ConfUtils.java:logGet(43)) - raft.server.log.statemachine.data.caching.enabled = true (custom)
2019-09-26 15:08:37,898 [pool-27-thread-1] INFO  segmented.SegmentedRaftLogWorker (SegmentedRaftLogWorker.java:lambda$new$0(132)) - 8a411a4f-0e32-4dd1-80b9-a797c2117425@group-7740B1DAF25C-SegmentedRaftLogWorker: flushIndex: setUnconditionally 0 -> -1
2019-09-26 15:08:37,898 [pool-27-thread-1] INFO  server.RaftServerConfigKeys (ConfUtils.java:logGet(43)) - raft.server.snapshot.auto.trigger.enabled = true (custom)
2019-09-26 15:08:37,898 [pool-27-thread-1] INFO  server.RaftServerConfigKeys (ConfUtils.java:logGet(43)) - raft.server.snapshot.auto.trigger.threshold = 10000 (custom)
2019-09-26 15:08:37,899 [pool-27-thread-1] INFO  server.RaftServerConfigKeys (ConfUtils.java:logGet(43)) - raft.server.snapshot.retention.num.files = 5 (custom)
2019-09-26 15:08:37,899 [pool-27-thread-1] INFO  server.RaftServerConfigKeys (ConfUtils.java:logGet(43)) - raft.server.retrycache.expirytime = 600000ms (custom)
2019-09-26 15:08:37,900 [pool-27-thread-1] INFO  impl.RaftServerImpl (RaftServerImpl.java:start(185)) - 8a411a4f-0e32-4dd1-80b9-a797c2117425@group-7740B1DAF25C: start as a follower, conf=-1: [8a411a4f-0e32-4dd1-80b9-a797c2117425:192.168.151.99:37125], old=null
2019-09-26 15:08:37,900 [pool-27-thread-1] INFO  impl.RaftServerImpl (RaftServerImpl.java:setRole(174)) - 8a411a4f-0e32-4dd1-80b9-a797c2117425@group-7740B1DAF25C: changes role from      null to FOLLOWER at term 0 for startAsFollower
2019-09-26 15:08:37,900 [pool-27-thread-1] INFO  impl.RoleInfo (RoleInfo.java:updateAndGet(143)) - 8a411a4f-0e32-4dd1-80b9-a797c2117425: start FollowerState
2019-09-26 15:08:37,900 [pool-27-thread-1] INFO  util.JmxRegister (JmxRegister.java:tryRegister(44)) - Successfully registered JMX Bean with object name Ratis:service=RaftServer,group=group-7740B1DAF25C,id=8a411a4f-0e32-4dd1-80b9-a797c2117425
2019-09-26 15:08:37,902 [RatisPipelineUtilsThread] INFO  pipeline.PipelineStateManager (PipelineStateManager.java:addPipeline(56)) - Created pipeline Pipeline[ Id: f31b5c65-3ed5-434d-866f-7740b1daf25c, Nodes: 8a411a4f-0e32-4dd1-80b9-a797c2117425{ip: 192.168.151.99, host: pr-hdds-1569-g6sp5-2013761785, networkLocation: /default-rack, certSerialId: null}, Type:RATIS, Factor:ONE, State:OPEN]
2019-09-26 15:08:37,906 [grpc-default-executor-1] INFO  impl.RaftServerProxy (RaftServerProxy.java:addNew(89)) - 8a411a4f-0e32-4dd1-80b9-a797c2117425: addNew group-FDA5C66D66D8:[8a411a4f-0e32-4dd1-80b9-a797c2117425:192.168.151.99:37125] returns group-FDA5C66D66D8:java.util.concurrent.CompletableFuture@dc0d81a[Not completed]
2019-09-26 15:08:37,907 [pool-27-thread-1] INFO  impl.RaftServerImpl (RaftServerImpl.java:<init>(95)) - 8a411a4f-0e32-4dd1-80b9-a797c2117425: new RaftServerImpl for group-FDA5C66D66D8:[8a411a4f-0e32-4dd1-80b9-a797c2117425:192.168.151.99:37125] with ContainerStateMachine:uninitialized
2019-09-26 15:08:37,907 [pool-27-thread-1] INFO  server.RaftServerConfigKeys (ConfUtils.java:logGet(43)) - raft.server.rpc.timeout.min = 5s (custom)
2019-09-26 15:08:37,907 [pool-27-thread-1] INFO  server.RaftServerConfigKeys (ConfUtils.java:logGet(43)) - raft.server.rpc.timeout.max = 5200ms (custom)
2019-09-26 15:08:37,907 [pool-27-thread-1] INFO  server.RaftServerConfigKeys (ConfUtils.java:logGet(43)) - raft.server.rpcslowness.timeout = 120s (custom)
2019-09-26 15:08:37,907 [pool-27-thread-1] INFO  server.RaftServerConfigKeys (ConfUtils.java:logGet(43)) - raft.server.sleep.deviation.threshold = 300 (default)
2019-09-26 15:08:37,907 [pool-27-thread-1] INFO  server.RaftServerConfigKeys (ConfUtils.java:logGet(43)) - raft.server.log.appender.install.snapshot.enabled = false (custom)
2019-09-26 15:08:37,907 [pool-27-thread-1] INFO  impl.RaftServerImpl (ServerState.java:<init>(103)) - 8a411a4f-0e32-4dd1-80b9-a797c2117425@group-FDA5C66D66D8: ConfigurationManager, init=-1: [8a411a4f-0e32-4dd1-80b9-a797c2117425:192.168.151.99:37125], old=null, confs=<EMPTY_MAP>
2019-09-26 15:08:37,907 [pool-27-thread-1] INFO  server.RaftServerConfigKeys (ConfUtils.java:logGet(43)) - raft.server.storage.dir = [/workdir/hadoop-ozone/integration-test/target/test-dir/MiniOzoneClusterImpl-646ad58d-3cd3-4092-ab15-506251c55e5b/datanode-0/data/ratis] (custom)
2019-09-26 15:08:37,908 [pool-27-thread-1] INFO  storage.RaftStorageDirectory (RaftStorageDirectory.java:analyzeStorage(246)) - The storage directory /workdir/hadoop-ozone/integration-test/target/test-dir/MiniOzoneClusterImpl-646ad58d-3cd3-4092-ab15-506251c55e5b/datanode-0/data/ratis/3c8d5dd7-93de-4a3c-a3ea-fda5c66d66d8 does not exist. Creating ...
2019-09-26 15:08:37,922 [pool-27-thread-1] INFO  storage.RaftStorageDirectory (RaftStorageDirectory.java:tryLock(328)) - Lock on /workdir/hadoop-ozone/integration-test/target/test-dir/MiniOzoneClusterImpl-646ad58d-3cd3-4092-ab15-506251c55e5b/datanode-0/data/ratis/3c8d5dd7-93de-4a3c-a3ea-fda5c66d66d8/in_use.lock acquired by nodename 7157@pr-hdds-1569-g6sp5-2013761785
2019-09-26 15:08:37,935 [pool-27-thread-1] INFO  storage.RaftStorage (RaftStorage.java:format(72)) - Storage directory /workdir/hadoop-ozone/integration-test/target/test-dir/MiniOzoneClusterImpl-646ad58d-3cd3-4092-ab15-506251c55e5b/datanode-0/data/ratis/3c8d5dd7-93de-4a3c-a3ea-fda5c66d66d8 has been successfully formatted.
2019-09-26 15:08:37,935 [pool-27-thread-1] INFO  ratis.ContainerStateMachine (ContainerStateMachine.java:loadSnapshot(230)) - group-FDA5C66D66D8: The snapshot info is null. Setting the last applied indexto:(t:0, i:~)
2019-09-26 15:08:37,935 [pool-27-thread-1] INFO  server.RaftServerConfigKeys (ConfUtils.java:logGet(43)) - raft.server.notification.no-leader.timeout = 120s (custom)
2019-09-26 15:08:37,935 [pool-27-thread-1] INFO  server.RaftServerConfigKeys (ConfUtils.java:logGet(43)) - raft.server.log.use.memory = false (default)
2019-09-26 15:08:37,935 [pool-27-thread-1] INFO  server.RaftServerConfigKeys (ConfUtils.java:logGet(43)) - raft.server.log.purge.gap = 1000000 (custom)
2019-09-26 15:08:37,935 [pool-27-thread-1] INFO  server.RaftServerConfigKeys (ConfUtils.java:logGet(43)) - raft.server.log.appender.buffer.byte-limit = 33554432 (custom)
2019-09-26 15:08:37,935 [pool-27-thread-1] INFO  server.RaftServerConfigKeys (ConfUtils.java:logGet(43)) - raft.server.log.segment.size.max = 1048576 (custom)
2019-09-26 15:08:37,935 [pool-27-thread-1] INFO  server.RaftServerConfigKeys (ConfUtils.java:logGet(43)) - raft.server.log.segment.cache.num.max = 2 (custom)
2019-09-26 15:08:37,935 [pool-27-thread-1] INFO  segmented.SegmentedRaftLogWorker (SegmentedRaftLogWorker.java:<init>(172)) - new 8a411a4f-0e32-4dd1-80b9-a797c2117425@group-FDA5C66D66D8-SegmentedRaftLogWorker for RaftStorage:Storage Directory /workdir/hadoop-ozone/integration-test/target/test-dir/MiniOzoneClusterImpl-646ad58d-3cd3-4092-ab15-506251c55e5b/datanode-0/data/ratis/3c8d5dd7-93de-4a3c-a3ea-fda5c66d66d8
2019-09-26 15:08:37,936 [pool-27-thread-1] INFO  server.RaftServerConfigKeys (ConfUtils.java:logGet(43)) - raft.server.log.queue.byte-limit = 2147483647 (custom)
2019-09-26 15:08:37,936 [pool-27-thread-1] INFO  server.RaftServerConfigKeys (ConfUtils.java:logGet(43)) - raft.server.log.queue.element-limit = 1024 (custom)
2019-09-26 15:08:37,936 [pool-27-thread-1] INFO  server.RaftServerConfigKeys (ConfUtils.java:logGet(43)) - raft.server.log.segment.size.max = 1048576 (custom)
2019-09-26 15:08:37,936 [pool-27-thread-1] INFO  server.RaftServerConfigKeys (ConfUtils.java:logGet(43)) - raft.server.log.preallocated.size = 16384 (custom)
2019-09-26 15:08:37,936 [pool-27-thread-1] INFO  server.RaftServerConfigKeys (ConfUtils.java:logGet(43)) - raft.server.log.write.buffer.size = 33554432 (custom)
2019-09-26 15:08:37,936 [pool-27-thread-1] INFO  server.RaftServerConfigKeys (ConfUtils.java:logGet(43)) - raft.server.log.force.sync.num = 128 (default)
2019-09-26 15:08:37,936 [pool-27-thread-1] INFO  server.RaftServerConfigKeys (ConfUtils.java:logGet(43)) - raft.server.log.statemachine.data.sync = true (default)
2019-09-26 15:08:37,936 [pool-27-thread-1] INFO  server.RaftServerConfigKeys (ConfUtils.java:logGet(43)) - raft.server.log.statemachine.data.sync.timeout = 10s (default)
2019-09-26 15:08:37,936 [pool-27-thread-1] INFO  server.RaftServerConfigKeys (ConfUtils.java:logGet(43)) - raft.server.log.statemachine.data.sync.timeout.retry = -1 (default)
2019-09-26 15:08:37,936 [pool-27-thread-1] INFO  server.RaftServerConfigKeys (ConfUtils.java:logGet(43)) - raft.server.log.statemachine.data.caching.enabled = true (custom)
2019-09-26 15:08:37,936 [pool-27-thread-1] INFO  segmented.SegmentedRaftLogWorker (SegmentedRaftLogWorker.java:lambda$new$0(132)) - 8a411a4f-0e32-4dd1-80b9-a797c2117425@group-FDA5C66D66D8-SegmentedRaftLogWorker: flushIndex: setUnconditionally 0 -> -1
2019-09-26 15:08:37,936 [pool-27-thread-1] INFO  server.RaftServerConfigKeys (ConfUtils.java:logGet(43)) - raft.server.snapshot.auto.trigger.enabled = true (custom)
2019-09-26 15:08:37,937 [pool-27-thread-1] INFO  server.RaftServerConfigKeys (ConfUtils.java:logGet(43)) - raft.server.snapshot.auto.trigger.threshold = 10000 (custom)
2019-09-26 15:08:37,937 [pool-27-thread-1] INFO  server.RaftServerConfigKeys (ConfUtils.java:logGet(43)) - raft.server.snapshot.retention.num.files = 5 (custom)
2019-09-26 15:08:37,937 [pool-27-thread-1] INFO  server.RaftServerConfigKeys (ConfUtils.java:logGet(43)) - raft.server.retrycache.expirytime = 600000ms (custom)
2019-09-26 15:08:37,938 [pool-27-thread-1] INFO  impl.RaftServerImpl (RaftServerImpl.java:start(185)) - 8a411a4f-0e32-4dd1-80b9-a797c2117425@group-FDA5C66D66D8: start as a follower, conf=-1: [8a411a4f-0e32-4dd1-80b9-a797c2117425:192.168.151.99:37125], old=null
2019-09-26 15:08:37,938 [pool-27-thread-1] INFO  impl.RaftServerImpl (RaftServerImpl.java:setRole(174)) - 8a411a4f-0e32-4dd1-80b9-a797c2117425@group-FDA5C66D66D8: changes role from      null to FOLLOWER at term 0 for startAsFollower
2019-09-26 15:08:37,938 [pool-27-thread-1] INFO  impl.RoleInfo (RoleInfo.java:updateAndGet(143)) - 8a411a4f-0e32-4dd1-80b9-a797c2117425: start FollowerState
2019-09-26 15:08:37,938 [pool-27-thread-1] INFO  util.JmxRegister (JmxRegister.java:tryRegister(44)) - Successfully registered JMX Bean with object name Ratis:service=RaftServer,group=group-FDA5C66D66D8,id=8a411a4f-0e32-4dd1-80b9-a797c2117425
2019-09-26 15:08:37,940 [RatisPipelineUtilsThread] INFO  pipeline.PipelineStateManager (PipelineStateManager.java:addPipeline(56)) - Created pipeline Pipeline[ Id: 3c8d5dd7-93de-4a3c-a3ea-fda5c66d66d8, Nodes: 8a411a4f-0e32-4dd1-80b9-a797c2117425{ip: 192.168.151.99, host: pr-hdds-1569-g6sp5-2013761785, networkLocation: /default-rack, certSerialId: null}, Type:RATIS, Factor:ONE, State:OPEN]
2019-09-26 15:08:37,944 [grpc-default-executor-1] INFO  impl.RaftServerProxy (RaftServerProxy.java:addNew(89)) - 8a411a4f-0e32-4dd1-80b9-a797c2117425: addNew group-FC070601F0EC:[8a411a4f-0e32-4dd1-80b9-a797c2117425:192.168.151.99:37125] returns group-FC070601F0EC:java.util.concurrent.CompletableFuture@297cf2e4[Not completed]
2019-09-26 15:08:37,944 [pool-27-thread-1] INFO  impl.RaftServerImpl (RaftServerImpl.java:<init>(95)) - 8a411a4f-0e32-4dd1-80b9-a797c2117425: new RaftServerImpl for group-FC070601F0EC:[8a411a4f-0e32-4dd1-80b9-a797c2117425:192.168.151.99:37125] with ContainerStateMachine:uninitialized
2019-09-26 15:08:37,944 [pool-27-thread-1] INFO  server.RaftServerConfigKeys (ConfUtils.java:logGet(43)) - raft.server.rpc.timeout.min = 5s (custom)
2019-09-26 15:08:37,944 [pool-27-thread-1] INFO  server.RaftServerConfigKeys (ConfUtils.java:logGet(43)) - raft.server.rpc.timeout.max = 5200ms (custom)
2019-09-26 15:08:37,945 [pool-27-thread-1] INFO  server.RaftServerConfigKeys (ConfUtils.java:logGet(43)) - raft.server.rpcslowness.timeout = 120s (custom)
2019-09-26 15:08:37,945 [pool-27-thread-1] INFO  server.RaftServerConfigKeys (ConfUtils.java:logGet(43)) - raft.server.sleep.deviation.threshold = 300 (default)
2019-09-26 15:08:37,945 [pool-27-thread-1] INFO  server.RaftServerConfigKeys (ConfUtils.java:logGet(43)) - raft.server.log.appender.install.snapshot.enabled = false (custom)
2019-09-26 15:08:37,945 [pool-27-thread-1] INFO  impl.RaftServerImpl (ServerState.java:<init>(103)) - 8a411a4f-0e32-4dd1-80b9-a797c2117425@group-FC070601F0EC: ConfigurationManager, init=-1: [8a411a4f-0e32-4dd1-80b9-a797c2117425:192.168.151.99:37125], old=null, confs=<EMPTY_MAP>
2019-09-26 15:08:37,945 [pool-27-thread-1] INFO  server.RaftServerConfigKeys (ConfUtils.java:logGet(43)) - raft.server.storage.dir = [/workdir/hadoop-ozone/integration-test/target/test-dir/MiniOzoneClusterImpl-646ad58d-3cd3-4092-ab15-506251c55e5b/datanode-0/data/ratis] (custom)
2019-09-26 15:08:37,946 [pool-27-thread-1] INFO  storage.RaftStorageDirectory (RaftStorageDirectory.java:analyzeStorage(246)) - The storage directory /workdir/hadoop-ozone/integration-test/target/test-dir/MiniOzoneClusterImpl-646ad58d-3cd3-4092-ab15-506251c55e5b/datanode-0/data/ratis/b47491d5-f406-42ac-93e1-fc070601f0ec does not exist. Creating ...
2019-09-26 15:08:37,958 [pool-27-thread-1] INFO  storage.RaftStorageDirectory (RaftStorageDirectory.java:tryLock(328)) - Lock on /workdir/hadoop-ozone/integration-test/target/test-dir/MiniOzoneClusterImpl-646ad58d-3cd3-4092-ab15-506251c55e5b/datanode-0/data/ratis/b47491d5-f406-42ac-93e1-fc070601f0ec/in_use.lock acquired by nodename 7157@pr-hdds-1569-g6sp5-2013761785
2019-09-26 15:08:37,971 [pool-27-thread-1] INFO  storage.RaftStorage (RaftStorage.java:format(72)) - Storage directory /workdir/hadoop-ozone/integration-test/target/test-dir/MiniOzoneClusterImpl-646ad58d-3cd3-4092-ab15-506251c55e5b/datanode-0/data/ratis/b47491d5-f406-42ac-93e1-fc070601f0ec has been successfully formatted.
2019-09-26 15:08:37,971 [pool-27-thread-1] INFO  ratis.ContainerStateMachine (ContainerStateMachine.java:loadSnapshot(230)) - group-FC070601F0EC: The snapshot info is null. Setting the last applied indexto:(t:0, i:~)
2019-09-26 15:08:37,971 [pool-27-thread-1] INFO  server.RaftServerConfigKeys (ConfUtils.java:logGet(43)) - raft.server.notification.no-leader.timeout = 120s (custom)
2019-09-26 15:08:37,971 [pool-27-thread-1] INFO  server.RaftServerConfigKeys (ConfUtils.java:logGet(43)) - raft.server.log.use.memory = false (default)
2019-09-26 15:08:37,971 [pool-27-thread-1] INFO  server.RaftServerConfigKeys (ConfUtils.java:logGet(43)) - raft.server.log.purge.gap = 1000000 (custom)
2019-09-26 15:08:37,971 [pool-27-thread-1] INFO  server.RaftServerConfigKeys (ConfUtils.java:logGet(43)) - raft.server.log.appender.buffer.byte-limit = 33554432 (custom)
2019-09-26 15:08:37,971 [pool-27-thread-1] INFO  server.RaftServerConfigKeys (ConfUtils.java:logGet(43)) - raft.server.log.segment.size.max = 1048576 (custom)
2019-09-26 15:08:37,971 [pool-27-thread-1] INFO  server.RaftServerConfigKeys (ConfUtils.java:logGet(43)) - raft.server.log.segment.cache.num.max = 2 (custom)
2019-09-26 15:08:37,971 [pool-27-thread-1] INFO  segmented.SegmentedRaftLogWorker (SegmentedRaftLogWorker.java:<init>(172)) - new 8a411a4f-0e32-4dd1-80b9-a797c2117425@group-FC070601F0EC-SegmentedRaftLogWorker for RaftStorage:Storage Directory /workdir/hadoop-ozone/integration-test/target/test-dir/MiniOzoneClusterImpl-646ad58d-3cd3-4092-ab15-506251c55e5b/datanode-0/data/ratis/b47491d5-f406-42ac-93e1-fc070601f0ec
2019-09-26 15:08:37,972 [pool-27-thread-1] INFO  server.RaftServerConfigKeys (ConfUtils.java:logGet(43)) - raft.server.log.queue.byte-limit = 2147483647 (custom)
2019-09-26 15:08:37,972 [pool-27-thread-1] INFO  server.RaftServerConfigKeys (ConfUtils.java:logGet(43)) - raft.server.log.queue.element-limit = 1024 (custom)
2019-09-26 15:08:37,972 [pool-27-thread-1] INFO  server.RaftServerConfigKeys (ConfUtils.java:logGet(43)) - raft.server.log.segment.size.max = 1048576 (custom)
2019-09-26 15:08:37,972 [pool-27-thread-1] INFO  server.RaftServerConfigKeys (ConfUtils.java:logGet(43)) - raft.server.log.preallocated.size = 16384 (custom)
2019-09-26 15:08:37,972 [pool-27-thread-1] INFO  server.RaftServerConfigKeys (ConfUtils.java:logGet(43)) - raft.server.log.write.buffer.size = 33554432 (custom)
2019-09-26 15:08:37,972 [pool-27-thread-1] INFO  server.RaftServerConfigKeys (ConfUtils.java:logGet(43)) - raft.server.log.force.sync.num = 128 (default)
2019-09-26 15:08:37,972 [pool-27-thread-1] INFO  server.RaftServerConfigKeys (ConfUtils.java:logGet(43)) - raft.server.log.statemachine.data.sync = true (default)
2019-09-26 15:08:37,972 [pool-27-thread-1] INFO  server.RaftServerConfigKeys (ConfUtils.java:logGet(43)) - raft.server.log.statemachine.data.sync.timeout = 10s (default)
2019-09-26 15:08:37,972 [pool-27-thread-1] INFO  server.RaftServerConfigKeys (ConfUtils.java:logGet(43)) - raft.server.log.statemachine.data.sync.timeout.retry = -1 (default)
2019-09-26 15:08:37,972 [pool-27-thread-1] INFO  server.RaftServerConfigKeys (ConfUtils.java:logGet(43)) - raft.server.log.statemachine.data.caching.enabled = true (custom)
2019-09-26 15:08:37,972 [pool-27-thread-1] INFO  segmented.SegmentedRaftLogWorker (SegmentedRaftLogWorker.java:lambda$new$0(132)) - 8a411a4f-0e32-4dd1-80b9-a797c2117425@group-FC070601F0EC-SegmentedRaftLogWorker: flushIndex: setUnconditionally 0 -> -1
2019-09-26 15:08:37,973 [pool-27-thread-1] INFO  server.RaftServerConfigKeys (ConfUtils.java:logGet(43)) - raft.server.snapshot.auto.trigger.enabled = true (custom)
2019-09-26 15:08:37,973 [pool-27-thread-1] INFO  server.RaftServerConfigKeys (ConfUtils.java:logGet(43)) - raft.server.snapshot.auto.trigger.threshold = 10000 (custom)
2019-09-26 15:08:37,973 [pool-27-thread-1] INFO  server.RaftServerConfigKeys (ConfUtils.java:logGet(43)) - raft.server.snapshot.retention.num.files = 5 (custom)
2019-09-26 15:08:37,973 [pool-27-thread-1] INFO  server.RaftServerConfigKeys (ConfUtils.java:logGet(43)) - raft.server.retrycache.expirytime = 600000ms (custom)
2019-09-26 15:08:37,974 [pool-27-thread-1] INFO  impl.RaftServerImpl (RaftServerImpl.java:start(185)) - 8a411a4f-0e32-4dd1-80b9-a797c2117425@group-FC070601F0EC: start as a follower, conf=-1: [8a411a4f-0e32-4dd1-80b9-a797c2117425:192.168.151.99:37125], old=null
2019-09-26 15:08:37,974 [pool-27-thread-1] INFO  impl.RaftServerImpl (RaftServerImpl.java:setRole(174)) - 8a411a4f-0e32-4dd1-80b9-a797c2117425@group-FC070601F0EC: changes role from      null to FOLLOWER at term 0 for startAsFollower
2019-09-26 15:08:37,974 [pool-27-thread-1] INFO  impl.RoleInfo (RoleInfo.java:updateAndGet(143)) - 8a411a4f-0e32-4dd1-80b9-a797c2117425: start FollowerState
2019-09-26 15:08:37,974 [pool-27-thread-1] INFO  util.JmxRegister (JmxRegister.java:tryRegister(44)) - Successfully registered JMX Bean with object name Ratis:service=RaftServer,group=group-FC070601F0EC,id=8a411a4f-0e32-4dd1-80b9-a797c2117425
2019-09-26 15:08:37,976 [RatisPipelineUtilsThread] INFO  pipeline.PipelineStateManager (PipelineStateManager.java:addPipeline(56)) - Created pipeline Pipeline[ Id: b47491d5-f406-42ac-93e1-fc070601f0ec, Nodes: 8a411a4f-0e32-4dd1-80b9-a797c2117425{ip: 192.168.151.99, host: pr-hdds-1569-g6sp5-2013761785, networkLocation: /default-rack, certSerialId: null}, Type:RATIS, Factor:ONE, State:OPEN]
2019-09-26 15:08:37,980 [grpc-default-executor-1] INFO  impl.RaftServerProxy (RaftServerProxy.java:addNew(89)) - 8a411a4f-0e32-4dd1-80b9-a797c2117425: addNew group-DE38E862BFA6:[8a411a4f-0e32-4dd1-80b9-a797c2117425:192.168.151.99:37125] returns group-DE38E862BFA6:java.util.concurrent.CompletableFuture@2b1bbc29[Not completed]
2019-09-26 15:08:37,981 [pool-27-thread-1] INFO  impl.RaftServerImpl (RaftServerImpl.java:<init>(95)) - 8a411a4f-0e32-4dd1-80b9-a797c2117425: new RaftServerImpl for group-DE38E862BFA6:[8a411a4f-0e32-4dd1-80b9-a797c2117425:192.168.151.99:37125] with ContainerStateMachine:uninitialized
2019-09-26 15:08:37,981 [pool-27-thread-1] INFO  server.RaftServerConfigKeys (ConfUtils.java:logGet(43)) - raft.server.rpc.timeout.min = 5s (custom)
2019-09-26 15:08:37,981 [pool-27-thread-1] INFO  server.RaftServerConfigKeys (ConfUtils.java:logGet(43)) - raft.server.rpc.timeout.max = 5200ms (custom)
2019-09-26 15:08:37,981 [pool-27-thread-1] INFO  server.RaftServerConfigKeys (ConfUtils.java:logGet(43)) - raft.server.rpcslowness.timeout = 120s (custom)
2019-09-26 15:08:37,981 [pool-27-thread-1] INFO  server.RaftServerConfigKeys (ConfUtils.java:logGet(43)) - raft.server.sleep.deviation.threshold = 300 (default)
2019-09-26 15:08:37,981 [pool-27-thread-1] INFO  server.RaftServerConfigKeys (ConfUtils.java:logGet(43)) - raft.server.log.appender.install.snapshot.enabled = false (custom)
2019-09-26 15:08:37,981 [pool-27-thread-1] INFO  impl.RaftServerImpl (ServerState.java:<init>(103)) - 8a411a4f-0e32-4dd1-80b9-a797c2117425@group-DE38E862BFA6: ConfigurationManager, init=-1: [8a411a4f-0e32-4dd1-80b9-a797c2117425:192.168.151.99:37125], old=null, confs=<EMPTY_MAP>
2019-09-26 15:08:37,981 [pool-27-thread-1] INFO  server.RaftServerConfigKeys (ConfUtils.java:logGet(43)) - raft.server.storage.dir = [/workdir/hadoop-ozone/integration-test/target/test-dir/MiniOzoneClusterImpl-646ad58d-3cd3-4092-ab15-506251c55e5b/datanode-0/data/ratis] (custom)
2019-09-26 15:08:37,982 [pool-27-thread-1] INFO  storage.RaftStorageDirectory (RaftStorageDirectory.java:analyzeStorage(246)) - The storage directory /workdir/hadoop-ozone/integration-test/target/test-dir/MiniOzoneClusterImpl-646ad58d-3cd3-4092-ab15-506251c55e5b/datanode-0/data/ratis/a6092e48-3542-41de-a81e-de38e862bfa6 does not exist. Creating ...
2019-09-26 15:08:37,994 [pool-27-thread-1] INFO  storage.RaftStorageDirectory (RaftStorageDirectory.java:tryLock(328)) - Lock on /workdir/hadoop-ozone/integration-test/target/test-dir/MiniOzoneClusterImpl-646ad58d-3cd3-4092-ab15-506251c55e5b/datanode-0/data/ratis/a6092e48-3542-41de-a81e-de38e862bfa6/in_use.lock acquired by nodename 7157@pr-hdds-1569-g6sp5-2013761785
2019-09-26 15:08:38,007 [pool-27-thread-1] INFO  storage.RaftStorage (RaftStorage.java:format(72)) - Storage directory /workdir/hadoop-ozone/integration-test/target/test-dir/MiniOzoneClusterImpl-646ad58d-3cd3-4092-ab15-506251c55e5b/datanode-0/data/ratis/a6092e48-3542-41de-a81e-de38e862bfa6 has been successfully formatted.
2019-09-26 15:08:38,007 [pool-27-thread-1] INFO  ratis.ContainerStateMachine (ContainerStateMachine.java:loadSnapshot(230)) - group-DE38E862BFA6: The snapshot info is null. Setting the last applied indexto:(t:0, i:~)
2019-09-26 15:08:38,007 [pool-27-thread-1] INFO  server.RaftServerConfigKeys (ConfUtils.java:logGet(43)) - raft.server.notification.no-leader.timeout = 120s (custom)
2019-09-26 15:08:38,007 [pool-27-thread-1] INFO  server.RaftServerConfigKeys (ConfUtils.java:logGet(43)) - raft.server.log.use.memory = false (default)
2019-09-26 15:08:38,007 [pool-27-thread-1] INFO  server.RaftServerConfigKeys (ConfUtils.java:logGet(43)) - raft.server.log.purge.gap = 1000000 (custom)
2019-09-26 15:08:38,008 [pool-27-thread-1] INFO  server.RaftServerConfigKeys (ConfUtils.java:logGet(43)) - raft.server.log.appender.buffer.byte-limit = 33554432 (custom)
2019-09-26 15:08:38,008 [pool-27-thread-1] INFO  server.RaftServerConfigKeys (ConfUtils.java:logGet(43)) - raft.server.log.segment.size.max = 1048576 (custom)
2019-09-26 15:08:38,008 [pool-27-thread-1] INFO  server.RaftServerConfigKeys (ConfUtils.java:logGet(43)) - raft.server.log.segment.cache.num.max = 2 (custom)
2019-09-26 15:08:38,008 [pool-27-thread-1] INFO  segmented.SegmentedRaftLogWorker (SegmentedRaftLogWorker.java:<init>(172)) - new 8a411a4f-0e32-4dd1-80b9-a797c2117425@group-DE38E862BFA6-SegmentedRaftLogWorker for RaftStorage:Storage Directory /workdir/hadoop-ozone/integration-test/target/test-dir/MiniOzoneClusterImpl-646ad58d-3cd3-4092-ab15-506251c55e5b/datanode-0/data/ratis/a6092e48-3542-41de-a81e-de38e862bfa6
2019-09-26 15:08:38,008 [pool-27-thread-1] INFO  server.RaftServerConfigKeys (ConfUtils.java:logGet(43)) - raft.server.log.queue.byte-limit = 2147483647 (custom)
2019-09-26 15:08:38,008 [pool-27-thread-1] INFO  server.RaftServerConfigKeys (ConfUtils.java:logGet(43)) - raft.server.log.queue.element-limit = 1024 (custom)
2019-09-26 15:08:38,008 [pool-27-thread-1] INFO  server.RaftServerConfigKeys (ConfUtils.java:logGet(43)) - raft.server.log.segment.size.max = 1048576 (custom)
2019-09-26 15:08:38,008 [pool-27-thread-1] INFO  server.RaftServerConfigKeys (ConfUtils.java:logGet(43)) - raft.server.log.preallocated.size = 16384 (custom)
2019-09-26 15:08:38,008 [pool-27-thread-1] INFO  server.RaftServerConfigKeys (ConfUtils.java:logGet(43)) - raft.server.log.write.buffer.size = 33554432 (custom)
2019-09-26 15:08:38,008 [pool-27-thread-1] INFO  server.RaftServerConfigKeys (ConfUtils.java:logGet(43)) - raft.server.log.force.sync.num = 128 (default)
2019-09-26 15:08:38,008 [pool-27-thread-1] INFO  server.RaftServerConfigKeys (ConfUtils.java:logGet(43)) - raft.server.log.statemachine.data.sync = true (default)
2019-09-26 15:08:38,008 [pool-27-thread-1] INFO  server.RaftServerConfigKeys (ConfUtils.java:logGet(43)) - raft.server.log.statemachine.data.sync.timeout = 10s (default)
2019-09-26 15:08:38,008 [pool-27-thread-1] INFO  server.RaftServerConfigKeys (ConfUtils.java:logGet(43)) - raft.server.log.statemachine.data.sync.timeout.retry = -1 (default)
2019-09-26 15:08:38,008 [pool-27-thread-1] INFO  server.RaftServerConfigKeys (ConfUtils.java:logGet(43)) - raft.server.log.statemachine.data.caching.enabled = true (custom)
2019-09-26 15:08:38,009 [pool-27-thread-1] INFO  segmented.SegmentedRaftLogWorker (SegmentedRaftLogWorker.java:lambda$new$0(132)) - 8a411a4f-0e32-4dd1-80b9-a797c2117425@group-DE38E862BFA6-SegmentedRaftLogWorker: flushIndex: setUnconditionally 0 -> -1
2019-09-26 15:08:38,009 [pool-27-thread-1] INFO  server.RaftServerConfigKeys (ConfUtils.java:logGet(43)) - raft.server.snapshot.auto.trigger.enabled = true (custom)
2019-09-26 15:08:38,009 [pool-27-thread-1] INFO  server.RaftServerConfigKeys (ConfUtils.java:logGet(43)) - raft.server.snapshot.auto.trigger.threshold = 10000 (custom)
2019-09-26 15:08:38,009 [pool-27-thread-1] INFO  server.RaftServerConfigKeys (ConfUtils.java:logGet(43)) - raft.server.snapshot.retention.num.files = 5 (custom)
2019-09-26 15:08:38,009 [pool-27-thread-1] INFO  server.RaftServerConfigKeys (ConfUtils.java:logGet(43)) - raft.server.retrycache.expirytime = 600000ms (custom)
2019-09-26 15:08:38,010 [pool-27-thread-1] INFO  impl.RaftServerImpl (RaftServerImpl.java:start(185)) - 8a411a4f-0e32-4dd1-80b9-a797c2117425@group-DE38E862BFA6: start as a follower, conf=-1: [8a411a4f-0e32-4dd1-80b9-a797c2117425:192.168.151.99:37125], old=null
2019-09-26 15:08:38,010 [pool-27-thread-1] INFO  impl.RaftServerImpl (RaftServerImpl.java:setRole(174)) - 8a411a4f-0e32-4dd1-80b9-a797c2117425@group-DE38E862BFA6: changes role from      null to FOLLOWER at term 0 for startAsFollower
2019-09-26 15:08:38,010 [pool-27-thread-1] INFO  impl.RoleInfo (RoleInfo.java:updateAndGet(143)) - 8a411a4f-0e32-4dd1-80b9-a797c2117425: start FollowerState
2019-09-26 15:08:38,010 [pool-27-thread-1] INFO  util.JmxRegister (JmxRegister.java:tryRegister(44)) - Successfully registered JMX Bean with object name Ratis:service=RaftServer,group=group-DE38E862BFA6,id=8a411a4f-0e32-4dd1-80b9-a797c2117425
2019-09-26 15:08:38,012 [RatisPipelineUtilsThread] INFO  pipeline.PipelineStateManager (PipelineStateManager.java:addPipeline(56)) - Created pipeline Pipeline[ Id: a6092e48-3542-41de-a81e-de38e862bfa6, Nodes: 8a411a4f-0e32-4dd1-80b9-a797c2117425{ip: 192.168.151.99, host: pr-hdds-1569-g6sp5-2013761785, networkLocation: /default-rack, certSerialId: null}, Type:RATIS, Factor:ONE, State:OPEN]
2019-09-26 15:08:38,015 [grpc-default-executor-1] INFO  impl.RaftServerProxy (RaftServerProxy.java:addNew(89)) - 8a411a4f-0e32-4dd1-80b9-a797c2117425: addNew group-080076819465:[8a411a4f-0e32-4dd1-80b9-a797c2117425:192.168.151.99:37125] returns group-080076819465:java.util.concurrent.CompletableFuture@38ccb44e[Not completed]
2019-09-26 15:08:38,016 [pool-27-thread-1] INFO  impl.RaftServerImpl (RaftServerImpl.java:<init>(95)) - 8a411a4f-0e32-4dd1-80b9-a797c2117425: new RaftServerImpl for group-080076819465:[8a411a4f-0e32-4dd1-80b9-a797c2117425:192.168.151.99:37125] with ContainerStateMachine:uninitialized
2019-09-26 15:08:38,016 [pool-27-thread-1] INFO  server.RaftServerConfigKeys (ConfUtils.java:logGet(43)) - raft.server.rpc.timeout.min = 5s (custom)
2019-09-26 15:08:38,016 [pool-27-thread-1] INFO  server.RaftServerConfigKeys (ConfUtils.java:logGet(43)) - raft.server.rpc.timeout.max = 5200ms (custom)
2019-09-26 15:08:38,016 [pool-27-thread-1] INFO  server.RaftServerConfigKeys (ConfUtils.java:logGet(43)) - raft.server.rpcslowness.timeout = 120s (custom)
2019-09-26 15:08:38,016 [pool-27-thread-1] INFO  server.RaftServerConfigKeys (ConfUtils.java:logGet(43)) - raft.server.sleep.deviation.threshold = 300 (default)
2019-09-26 15:08:38,016 [pool-27-thread-1] INFO  server.RaftServerConfigKeys (ConfUtils.java:logGet(43)) - raft.server.log.appender.install.snapshot.enabled = false (custom)
2019-09-26 15:08:38,016 [pool-27-thread-1] INFO  impl.RaftServerImpl (ServerState.java:<init>(103)) - 8a411a4f-0e32-4dd1-80b9-a797c2117425@group-080076819465: ConfigurationManager, init=-1: [8a411a4f-0e32-4dd1-80b9-a797c2117425:192.168.151.99:37125], old=null, confs=<EMPTY_MAP>
2019-09-26 15:08:38,016 [pool-27-thread-1] INFO  server.RaftServerConfigKeys (ConfUtils.java:logGet(43)) - raft.server.storage.dir = [/workdir/hadoop-ozone/integration-test/target/test-dir/MiniOzoneClusterImpl-646ad58d-3cd3-4092-ab15-506251c55e5b/datanode-0/data/ratis] (custom)
2019-09-26 15:08:38,017 [pool-27-thread-1] INFO  storage.RaftStorageDirectory (RaftStorageDirectory.java:analyzeStorage(246)) - The storage directory /workdir/hadoop-ozone/integration-test/target/test-dir/MiniOzoneClusterImpl-646ad58d-3cd3-4092-ab15-506251c55e5b/datanode-0/data/ratis/90531185-3d45-4499-98e8-080076819465 does not exist. Creating ...
2019-09-26 15:08:38,032 [pool-27-thread-1] INFO  storage.RaftStorageDirectory (RaftStorageDirectory.java:tryLock(328)) - Lock on /workdir/hadoop-ozone/integration-test/target/test-dir/MiniOzoneClusterImpl-646ad58d-3cd3-4092-ab15-506251c55e5b/datanode-0/data/ratis/90531185-3d45-4499-98e8-080076819465/in_use.lock acquired by nodename 7157@pr-hdds-1569-g6sp5-2013761785
2019-09-26 15:08:38,046 [pool-27-thread-1] INFO  storage.RaftStorage (RaftStorage.java:format(72)) - Storage directory /workdir/hadoop-ozone/integration-test/target/test-dir/MiniOzoneClusterImpl-646ad58d-3cd3-4092-ab15-506251c55e5b/datanode-0/data/ratis/90531185-3d45-4499-98e8-080076819465 has been successfully formatted.
2019-09-26 15:08:38,046 [pool-27-thread-1] INFO  ratis.ContainerStateMachine (ContainerStateMachine.java:loadSnapshot(230)) - group-080076819465: The snapshot info is null. Setting the last applied indexto:(t:0, i:~)
2019-09-26 15:08:38,046 [pool-27-thread-1] INFO  server.RaftServerConfigKeys (ConfUtils.java:logGet(43)) - raft.server.notification.no-leader.timeout = 120s (custom)
2019-09-26 15:08:38,046 [pool-27-thread-1] INFO  server.RaftServerConfigKeys (ConfUtils.java:logGet(43)) - raft.server.log.use.memory = false (default)
2019-09-26 15:08:38,046 [pool-27-thread-1] INFO  server.RaftServerConfigKeys (ConfUtils.java:logGet(43)) - raft.server.log.purge.gap = 1000000 (custom)
2019-09-26 15:08:38,046 [pool-27-thread-1] INFO  server.RaftServerConfigKeys (ConfUtils.java:logGet(43)) - raft.server.log.appender.buffer.byte-limit = 33554432 (custom)
2019-09-26 15:08:38,047 [pool-27-thread-1] INFO  server.RaftServerConfigKeys (ConfUtils.java:logGet(43)) - raft.server.log.segment.size.max = 1048576 (custom)
2019-09-26 15:08:38,047 [pool-27-thread-1] INFO  server.RaftServerConfigKeys (ConfUtils.java:logGet(43)) - raft.server.log.segment.cache.num.max = 2 (custom)
2019-09-26 15:08:38,047 [pool-27-thread-1] INFO  segmented.SegmentedRaftLogWorker (SegmentedRaftLogWorker.java:<init>(172)) - new 8a411a4f-0e32-4dd1-80b9-a797c2117425@group-080076819465-SegmentedRaftLogWorker for RaftStorage:Storage Directory /workdir/hadoop-ozone/integration-test/target/test-dir/MiniOzoneClusterImpl-646ad58d-3cd3-4092-ab15-506251c55e5b/datanode-0/data/ratis/90531185-3d45-4499-98e8-080076819465
2019-09-26 15:08:38,047 [pool-27-thread-1] INFO  server.RaftServerConfigKeys (ConfUtils.java:logGet(43)) - raft.server.log.queue.byte-limit = 2147483647 (custom)
2019-09-26 15:08:38,047 [pool-27-thread-1] INFO  server.RaftServerConfigKeys (ConfUtils.java:logGet(43)) - raft.server.log.queue.element-limit = 1024 (custom)
2019-09-26 15:08:38,047 [pool-27-thread-1] INFO  server.RaftServerConfigKeys (ConfUtils.java:logGet(43)) - raft.server.log.segment.size.max = 1048576 (custom)
2019-09-26 15:08:38,047 [pool-27-thread-1] INFO  server.RaftServerConfigKeys (ConfUtils.java:logGet(43)) - raft.server.log.preallocated.size = 16384 (custom)
2019-09-26 15:08:38,047 [pool-27-thread-1] INFO  server.RaftServerConfigKeys (ConfUtils.java:logGet(43)) - raft.server.log.write.buffer.size = 33554432 (custom)
2019-09-26 15:08:38,047 [pool-27-thread-1] INFO  server.RaftServerConfigKeys (ConfUtils.java:logGet(43)) - raft.server.log.force.sync.num = 128 (default)
2019-09-26 15:08:38,047 [pool-27-thread-1] INFO  server.RaftServerConfigKeys (ConfUtils.java:logGet(43)) - raft.server.log.statemachine.data.sync = true (default)
2019-09-26 15:08:38,047 [pool-27-thread-1] INFO  server.RaftServerConfigKeys (ConfUtils.java:logGet(43)) - raft.server.log.statemachine.data.sync.timeout = 10s (default)
2019-09-26 15:08:38,047 [pool-27-thread-1] INFO  server.RaftServerConfigKeys (ConfUtils.java:logGet(43)) - raft.server.log.statemachine.data.sync.timeout.retry = -1 (default)
2019-09-26 15:08:38,047 [pool-27-thread-1] INFO  server.RaftServerConfigKeys (ConfUtils.java:logGet(43)) - raft.server.log.statemachine.data.caching.enabled = true (custom)
2019-09-26 15:08:38,048 [pool-27-thread-1] INFO  segmented.SegmentedRaftLogWorker (SegmentedRaftLogWorker.java:lambda$new$0(132)) - 8a411a4f-0e32-4dd1-80b9-a797c2117425@group-080076819465-SegmentedRaftLogWorker: flushIndex: setUnconditionally 0 -> -1
2019-09-26 15:08:38,048 [pool-27-thread-1] INFO  server.RaftServerConfigKeys (ConfUtils.java:logGet(43)) - raft.server.snapshot.auto.trigger.enabled = true (custom)
2019-09-26 15:08:38,048 [pool-27-thread-1] INFO  server.RaftServerConfigKeys (ConfUtils.java:logGet(43)) - raft.server.snapshot.auto.trigger.threshold = 10000 (custom)
2019-09-26 15:08:38,048 [pool-27-thread-1] INFO  server.RaftServerConfigKeys (ConfUtils.java:logGet(43)) - raft.server.snapshot.retention.num.files = 5 (custom)
2019-09-26 15:08:38,048 [pool-27-thread-1] INFO  server.RaftServerConfigKeys (ConfUtils.java:logGet(43)) - raft.server.retrycache.expirytime = 600000ms (custom)
2019-09-26 15:08:38,049 [pool-27-thread-1] INFO  impl.RaftServerImpl (RaftServerImpl.java:start(185)) - 8a411a4f-0e32-4dd1-80b9-a797c2117425@group-080076819465: start as a follower, conf=-1: [8a411a4f-0e32-4dd1-80b9-a797c2117425:192.168.151.99:37125], old=null
2019-09-26 15:08:38,049 [pool-27-thread-1] INFO  impl.RaftServerImpl (RaftServerImpl.java:setRole(174)) - 8a411a4f-0e32-4dd1-80b9-a797c2117425@group-080076819465: changes role from      null to FOLLOWER at term 0 for startAsFollower
2019-09-26 15:08:38,049 [pool-27-thread-1] INFO  impl.RoleInfo (RoleInfo.java:updateAndGet(143)) - 8a411a4f-0e32-4dd1-80b9-a797c2117425: start FollowerState
2019-09-26 15:08:38,049 [pool-27-thread-1] INFO  util.JmxRegister (JmxRegister.java:tryRegister(44)) - Successfully registered JMX Bean with object name Ratis:service=RaftServer,group=group-080076819465,id=8a411a4f-0e32-4dd1-80b9-a797c2117425
2019-09-26 15:08:38,051 [RatisPipelineUtilsThread] INFO  pipeline.PipelineStateManager (PipelineStateManager.java:addPipeline(56)) - Created pipeline Pipeline[ Id: 90531185-3d45-4499-98e8-080076819465, Nodes: 8a411a4f-0e32-4dd1-80b9-a797c2117425{ip: 192.168.151.99, host: pr-hdds-1569-g6sp5-2013761785, networkLocation: /default-rack, certSerialId: null}, Type:RATIS, Factor:ONE, State:OPEN]
2019-09-26 15:08:38,055 [grpc-default-executor-1] INFO  impl.RaftServerProxy (RaftServerProxy.java:addNew(89)) - 8a411a4f-0e32-4dd1-80b9-a797c2117425: addNew group-43557E0D0B54:[8a411a4f-0e32-4dd1-80b9-a797c2117425:192.168.151.99:37125] returns group-43557E0D0B54:java.util.concurrent.CompletableFuture@6b74c7e4[Not completed]
2019-09-26 15:08:38,055 [pool-27-thread-1] INFO  impl.RaftServerImpl (RaftServerImpl.java:<init>(95)) - 8a411a4f-0e32-4dd1-80b9-a797c2117425: new RaftServerImpl for group-43557E0D0B54:[8a411a4f-0e32-4dd1-80b9-a797c2117425:192.168.151.99:37125] with ContainerStateMachine:uninitialized
2019-09-26 15:08:38,055 [pool-27-thread-1] INFO  server.RaftServerConfigKeys (ConfUtils.java:logGet(43)) - raft.server.rpc.timeout.min = 5s (custom)
2019-09-26 15:08:38,055 [pool-27-thread-1] INFO  server.RaftServerConfigKeys (ConfUtils.java:logGet(43)) - raft.server.rpc.timeout.max = 5200ms (custom)
2019-09-26 15:08:38,055 [pool-27-thread-1] INFO  server.RaftServerConfigKeys (ConfUtils.java:logGet(43)) - raft.server.rpcslowness.timeout = 120s (custom)
2019-09-26 15:08:38,055 [pool-27-thread-1] INFO  server.RaftServerConfigKeys (ConfUtils.java:logGet(43)) - raft.server.sleep.deviation.threshold = 300 (default)
2019-09-26 15:08:38,056 [pool-27-thread-1] INFO  server.RaftServerConfigKeys (ConfUtils.java:logGet(43)) - raft.server.log.appender.install.snapshot.enabled = false (custom)
2019-09-26 15:08:38,056 [pool-27-thread-1] INFO  impl.RaftServerImpl (ServerState.java:<init>(103)) - 8a411a4f-0e32-4dd1-80b9-a797c2117425@group-43557E0D0B54: ConfigurationManager, init=-1: [8a411a4f-0e32-4dd1-80b9-a797c2117425:192.168.151.99:37125], old=null, confs=<EMPTY_MAP>
2019-09-26 15:08:38,056 [pool-27-thread-1] INFO  server.RaftServerConfigKeys (ConfUtils.java:logGet(43)) - raft.server.storage.dir = [/workdir/hadoop-ozone/integration-test/target/test-dir/MiniOzoneClusterImpl-646ad58d-3cd3-4092-ab15-506251c55e5b/datanode-0/data/ratis] (custom)
2019-09-26 15:08:38,056 [pool-27-thread-1] INFO  storage.RaftStorageDirectory (RaftStorageDirectory.java:analyzeStorage(246)) - The storage directory /workdir/hadoop-ozone/integration-test/target/test-dir/MiniOzoneClusterImpl-646ad58d-3cd3-4092-ab15-506251c55e5b/datanode-0/data/ratis/1244f9a5-7578-4e23-b9ec-43557e0d0b54 does not exist. Creating ...
2019-09-26 15:08:38,069 [pool-27-thread-1] INFO  storage.RaftStorageDirectory (RaftStorageDirectory.java:tryLock(328)) - Lock on /workdir/hadoop-ozone/integration-test/target/test-dir/MiniOzoneClusterImpl-646ad58d-3cd3-4092-ab15-506251c55e5b/datanode-0/data/ratis/1244f9a5-7578-4e23-b9ec-43557e0d0b54/in_use.lock acquired by nodename 7157@pr-hdds-1569-g6sp5-2013761785
2019-09-26 15:08:38,082 [pool-27-thread-1] INFO  storage.RaftStorage (RaftStorage.java:format(72)) - Storage directory /workdir/hadoop-ozone/integration-test/target/test-dir/MiniOzoneClusterImpl-646ad58d-3cd3-4092-ab15-506251c55e5b/datanode-0/data/ratis/1244f9a5-7578-4e23-b9ec-43557e0d0b54 has been successfully formatted.
2019-09-26 15:08:38,082 [pool-27-thread-1] INFO  ratis.ContainerStateMachine (ContainerStateMachine.java:loadSnapshot(230)) - group-43557E0D0B54: The snapshot info is null. Setting the last applied indexto:(t:0, i:~)
2019-09-26 15:08:38,082 [pool-27-thread-1] INFO  server.RaftServerConfigKeys (ConfUtils.java:logGet(43)) - raft.server.notification.no-leader.timeout = 120s (custom)
2019-09-26 15:08:38,082 [pool-27-thread-1] INFO  server.RaftServerConfigKeys (ConfUtils.java:logGet(43)) - raft.server.log.use.memory = false (default)
2019-09-26 15:08:38,082 [pool-27-thread-1] INFO  server.RaftServerConfigKeys (ConfUtils.java:logGet(43)) - raft.server.log.purge.gap = 1000000 (custom)
2019-09-26 15:08:38,082 [pool-27-thread-1] INFO  server.RaftServerConfigKeys (ConfUtils.java:logGet(43)) - raft.server.log.appender.buffer.byte-limit = 33554432 (custom)
2019-09-26 15:08:38,082 [pool-27-thread-1] INFO  server.RaftServerConfigKeys (ConfUtils.java:logGet(43)) - raft.server.log.segment.size.max = 1048576 (custom)
2019-09-26 15:08:38,083 [pool-27-thread-1] INFO  server.RaftServerConfigKeys (ConfUtils.java:logGet(43)) - raft.server.log.segment.cache.num.max = 2 (custom)
2019-09-26 15:08:38,083 [pool-27-thread-1] INFO  segmented.SegmentedRaftLogWorker (SegmentedRaftLogWorker.java:<init>(172)) - new 8a411a4f-0e32-4dd1-80b9-a797c2117425@group-43557E0D0B54-SegmentedRaftLogWorker for RaftStorage:Storage Directory /workdir/hadoop-ozone/integration-test/target/test-dir/MiniOzoneClusterImpl-646ad58d-3cd3-4092-ab15-506251c55e5b/datanode-0/data/ratis/1244f9a5-7578-4e23-b9ec-43557e0d0b54
2019-09-26 15:08:38,083 [pool-27-thread-1] INFO  server.RaftServerConfigKeys (ConfUtils.java:logGet(43)) - raft.server.log.queue.byte-limit = 2147483647 (custom)
2019-09-26 15:08:38,083 [pool-27-thread-1] INFO  server.RaftServerConfigKeys (ConfUtils.java:logGet(43)) - raft.server.log.queue.element-limit = 1024 (custom)
2019-09-26 15:08:38,083 [pool-27-thread-1] INFO  server.RaftServerConfigKeys (ConfUtils.java:logGet(43)) - raft.server.log.segment.size.max = 1048576 (custom)
2019-09-26 15:08:38,083 [pool-27-thread-1] INFO  server.RaftServerConfigKeys (ConfUtils.java:logGet(43)) - raft.server.log.preallocated.size = 16384 (custom)
2019-09-26 15:08:38,083 [pool-27-thread-1] INFO  server.RaftServerConfigKeys (ConfUtils.java:logGet(43)) - raft.server.log.write.buffer.size = 33554432 (custom)
2019-09-26 15:08:38,083 [pool-27-thread-1] INFO  server.RaftServerConfigKeys (ConfUtils.java:logGet(43)) - raft.server.log.force.sync.num = 128 (default)
2019-09-26 15:08:38,083 [pool-27-thread-1] INFO  server.RaftServerConfigKeys (ConfUtils.java:logGet(43)) - raft.server.log.statemachine.data.sync = true (default)
2019-09-26 15:08:38,083 [pool-27-thread-1] INFO  server.RaftServerConfigKeys (ConfUtils.java:logGet(43)) - raft.server.log.statemachine.data.sync.timeout = 10s (default)
2019-09-26 15:08:38,083 [pool-27-thread-1] INFO  server.RaftServerConfigKeys (ConfUtils.java:logGet(43)) - raft.server.log.statemachine.data.sync.timeout.retry = -1 (default)
2019-09-26 15:08:38,083 [pool-27-thread-1] INFO  server.RaftServerConfigKeys (ConfUtils.java:logGet(43)) - raft.server.log.statemachine.data.caching.enabled = true (custom)
2019-09-26 15:08:38,084 [pool-27-thread-1] INFO  segmented.SegmentedRaftLogWorker (SegmentedRaftLogWorker.java:lambda$new$0(132)) - 8a411a4f-0e32-4dd1-80b9-a797c2117425@group-43557E0D0B54-SegmentedRaftLogWorker: flushIndex: setUnconditionally 0 -> -1
2019-09-26 15:08:38,084 [pool-27-thread-1] INFO  server.RaftServerConfigKeys (ConfUtils.java:logGet(43)) - raft.server.snapshot.auto.trigger.enabled = true (custom)
2019-09-26 15:08:38,084 [pool-27-thread-1] INFO  server.RaftServerConfigKeys (ConfUtils.java:logGet(43)) - raft.server.snapshot.auto.trigger.threshold = 10000 (custom)
2019-09-26 15:08:38,084 [pool-27-thread-1] INFO  server.RaftServerConfigKeys (ConfUtils.java:logGet(43)) - raft.server.snapshot.retention.num.files = 5 (custom)
2019-09-26 15:08:38,084 [pool-27-thread-1] INFO  server.RaftServerConfigKeys (ConfUtils.java:logGet(43)) - raft.server.retrycache.expirytime = 600000ms (custom)
2019-09-26 15:08:38,085 [pool-27-thread-1] INFO  impl.RaftServerImpl (RaftServerImpl.java:start(185)) - 8a411a4f-0e32-4dd1-80b9-a797c2117425@group-43557E0D0B54: start as a follower, conf=-1: [8a411a4f-0e32-4dd1-80b9-a797c2117425:192.168.151.99:37125], old=null
2019-09-26 15:08:38,085 [pool-27-thread-1] INFO  impl.RaftServerImpl (RaftServerImpl.java:setRole(174)) - 8a411a4f-0e32-4dd1-80b9-a797c2117425@group-43557E0D0B54: changes role from      null to FOLLOWER at term 0 for startAsFollower
2019-09-26 15:08:38,085 [pool-27-thread-1] INFO  impl.RoleInfo (RoleInfo.java:updateAndGet(143)) - 8a411a4f-0e32-4dd1-80b9-a797c2117425: start FollowerState
2019-09-26 15:08:38,085 [pool-27-thread-1] INFO  util.JmxRegister (JmxRegister.java:tryRegister(44)) - Successfully registered JMX Bean with object name Ratis:service=RaftServer,group=group-43557E0D0B54,id=8a411a4f-0e32-4dd1-80b9-a797c2117425
2019-09-26 15:08:38,087 [RatisPipelineUtilsThread] INFO  pipeline.PipelineStateManager (PipelineStateManager.java:addPipeline(56)) - Created pipeline Pipeline[ Id: 1244f9a5-7578-4e23-b9ec-43557e0d0b54, Nodes: 8a411a4f-0e32-4dd1-80b9-a797c2117425{ip: 192.168.151.99, host: pr-hdds-1569-g6sp5-2013761785, networkLocation: /default-rack, certSerialId: null}, Type:RATIS, Factor:ONE, State:OPEN]
2019-09-26 15:08:38,090 [grpc-default-executor-1] INFO  impl.RaftServerProxy (RaftServerProxy.java:addNew(89)) - 8a411a4f-0e32-4dd1-80b9-a797c2117425: addNew group-D946C9146714:[8a411a4f-0e32-4dd1-80b9-a797c2117425:192.168.151.99:37125] returns group-D946C9146714:java.util.concurrent.CompletableFuture@c0935b9[Not completed]
2019-09-26 15:08:38,091 [pool-27-thread-1] INFO  impl.RaftServerImpl (RaftServerImpl.java:<init>(95)) - 8a411a4f-0e32-4dd1-80b9-a797c2117425: new RaftServerImpl for group-D946C9146714:[8a411a4f-0e32-4dd1-80b9-a797c2117425:192.168.151.99:37125] with ContainerStateMachine:uninitialized
2019-09-26 15:08:38,091 [pool-27-thread-1] INFO  server.RaftServerConfigKeys (ConfUtils.java:logGet(43)) - raft.server.rpc.timeout.min = 5s (custom)
2019-09-26 15:08:38,091 [pool-27-thread-1] INFO  server.RaftServerConfigKeys (ConfUtils.java:logGet(43)) - raft.server.rpc.timeout.max = 5200ms (custom)
2019-09-26 15:08:38,091 [pool-27-thread-1] INFO  server.RaftServerConfigKeys (ConfUtils.java:logGet(43)) - raft.server.rpcslowness.timeout = 120s (custom)
2019-09-26 15:08:38,092 [pool-27-thread-1] INFO  server.RaftServerConfigKeys (ConfUtils.java:logGet(43)) - raft.server.sleep.deviation.threshold = 300 (default)
2019-09-26 15:08:38,092 [pool-27-thread-1] INFO  server.RaftServerConfigKeys (ConfUtils.java:logGet(43)) - raft.server.log.appender.install.snapshot.enabled = false (custom)
2019-09-26 15:08:38,092 [pool-27-thread-1] INFO  impl.RaftServerImpl (ServerState.java:<init>(103)) - 8a411a4f-0e32-4dd1-80b9-a797c2117425@group-D946C9146714: ConfigurationManager, init=-1: [8a411a4f-0e32-4dd1-80b9-a797c2117425:192.168.151.99:37125], old=null, confs=<EMPTY_MAP>
2019-09-26 15:08:38,092 [pool-27-thread-1] INFO  server.RaftServerConfigKeys (ConfUtils.java:logGet(43)) - raft.server.storage.dir = [/workdir/hadoop-ozone/integration-test/target/test-dir/MiniOzoneClusterImpl-646ad58d-3cd3-4092-ab15-506251c55e5b/datanode-0/data/ratis] (custom)
2019-09-26 15:08:38,093 [pool-27-thread-1] INFO  storage.RaftStorageDirectory (RaftStorageDirectory.java:analyzeStorage(246)) - The storage directory /workdir/hadoop-ozone/integration-test/target/test-dir/MiniOzoneClusterImpl-646ad58d-3cd3-4092-ab15-506251c55e5b/datanode-0/data/ratis/bd02128c-fc57-40a2-9655-d946c9146714 does not exist. Creating ...
2019-09-26 15:08:38,107 [pool-27-thread-1] INFO  storage.RaftStorageDirectory (RaftStorageDirectory.java:tryLock(328)) - Lock on /workdir/hadoop-ozone/integration-test/target/test-dir/MiniOzoneClusterImpl-646ad58d-3cd3-4092-ab15-506251c55e5b/datanode-0/data/ratis/bd02128c-fc57-40a2-9655-d946c9146714/in_use.lock acquired by nodename 7157@pr-hdds-1569-g6sp5-2013761785
2019-09-26 15:08:38,119 [pool-27-thread-1] INFO  storage.RaftStorage (RaftStorage.java:format(72)) - Storage directory /workdir/hadoop-ozone/integration-test/target/test-dir/MiniOzoneClusterImpl-646ad58d-3cd3-4092-ab15-506251c55e5b/datanode-0/data/ratis/bd02128c-fc57-40a2-9655-d946c9146714 has been successfully formatted.
2019-09-26 15:08:38,120 [pool-27-thread-1] INFO  ratis.ContainerStateMachine (ContainerStateMachine.java:loadSnapshot(230)) - group-D946C9146714: The snapshot info is null. Setting the last applied indexto:(t:0, i:~)
2019-09-26 15:08:38,120 [pool-27-thread-1] INFO  server.RaftServerConfigKeys (ConfUtils.java:logGet(43)) - raft.server.notification.no-leader.timeout = 120s (custom)
2019-09-26 15:08:38,121 [pool-27-thread-1] INFO  server.RaftServerConfigKeys (ConfUtils.java:logGet(43)) - raft.server.log.use.memory = false (default)
2019-09-26 15:08:38,121 [pool-27-thread-1] INFO  server.RaftServerConfigKeys (ConfUtils.java:logGet(43)) - raft.server.log.purge.gap = 1000000 (custom)
2019-09-26 15:08:38,121 [pool-27-thread-1] INFO  server.RaftServerConfigKeys (ConfUtils.java:logGet(43)) - raft.server.log.appender.buffer.byte-limit = 33554432 (custom)
2019-09-26 15:08:38,121 [pool-27-thread-1] INFO  server.RaftServerConfigKeys (ConfUtils.java:logGet(43)) - raft.server.log.segment.size.max = 1048576 (custom)
2019-09-26 15:08:38,121 [pool-27-thread-1] INFO  server.RaftServerConfigKeys (ConfUtils.java:logGet(43)) - raft.server.log.segment.cache.num.max = 2 (custom)
2019-09-26 15:08:38,121 [pool-27-thread-1] INFO  segmented.SegmentedRaftLogWorker (SegmentedRaftLogWorker.java:<init>(172)) - new 8a411a4f-0e32-4dd1-80b9-a797c2117425@group-D946C9146714-SegmentedRaftLogWorker for RaftStorage:Storage Directory /workdir/hadoop-ozone/integration-test/target/test-dir/MiniOzoneClusterImpl-646ad58d-3cd3-4092-ab15-506251c55e5b/datanode-0/data/ratis/bd02128c-fc57-40a2-9655-d946c9146714
2019-09-26 15:08:38,121 [pool-27-thread-1] INFO  server.RaftServerConfigKeys (ConfUtils.java:logGet(43)) - raft.server.log.queue.byte-limit = 2147483647 (custom)
2019-09-26 15:08:38,121 [pool-27-thread-1] INFO  server.RaftServerConfigKeys (ConfUtils.java:logGet(43)) - raft.server.log.queue.element-limit = 1024 (custom)
2019-09-26 15:08:38,121 [pool-27-thread-1] INFO  server.RaftServerConfigKeys (ConfUtils.java:logGet(43)) - raft.server.log.segment.size.max = 1048576 (custom)
2019-09-26 15:08:38,121 [pool-27-thread-1] INFO  server.RaftServerConfigKeys (ConfUtils.java:logGet(43)) - raft.server.log.preallocated.size = 16384 (custom)
2019-09-26 15:08:38,122 [pool-27-thread-1] INFO  server.RaftServerConfigKeys (ConfUtils.java:logGet(43)) - raft.server.log.write.buffer.size = 33554432 (custom)
2019-09-26 15:08:38,122 [pool-27-thread-1] INFO  server.RaftServerConfigKeys (ConfUtils.java:logGet(43)) - raft.server.log.force.sync.num = 128 (default)
2019-09-26 15:08:38,122 [pool-27-thread-1] INFO  server.RaftServerConfigKeys (ConfUtils.java:logGet(43)) - raft.server.log.statemachine.data.sync = true (default)
2019-09-26 15:08:38,122 [pool-27-thread-1] INFO  server.RaftServerConfigKeys (ConfUtils.java:logGet(43)) - raft.server.log.statemachine.data.sync.timeout = 10s (default)
2019-09-26 15:08:38,122 [pool-27-thread-1] INFO  server.RaftServerConfigKeys (ConfUtils.java:logGet(43)) - raft.server.log.statemachine.data.sync.timeout.retry = -1 (default)
2019-09-26 15:08:38,122 [pool-27-thread-1] INFO  server.RaftServerConfigKeys (ConfUtils.java:logGet(43)) - raft.server.log.statemachine.data.caching.enabled = true (custom)
2019-09-26 15:08:38,122 [pool-27-thread-1] INFO  segmented.SegmentedRaftLogWorker (SegmentedRaftLogWorker.java:lambda$new$0(132)) - 8a411a4f-0e32-4dd1-80b9-a797c2117425@group-D946C9146714-SegmentedRaftLogWorker: flushIndex: setUnconditionally 0 -> -1
2019-09-26 15:08:38,123 [pool-27-thread-1] INFO  server.RaftServerConfigKeys (ConfUtils.java:logGet(43)) - raft.server.snapshot.auto.trigger.enabled = true (custom)
2019-09-26 15:08:38,123 [pool-27-thread-1] INFO  server.RaftServerConfigKeys (ConfUtils.java:logGet(43)) - raft.server.snapshot.auto.trigger.threshold = 10000 (custom)
2019-09-26 15:08:38,123 [pool-27-thread-1] INFO  server.RaftServerConfigKeys (ConfUtils.java:logGet(43)) - raft.server.snapshot.retention.num.files = 5 (custom)
2019-09-26 15:08:38,123 [pool-27-thread-1] INFO  server.RaftServerConfigKeys (ConfUtils.java:logGet(43)) - raft.server.retrycache.expirytime = 600000ms (custom)
2019-09-26 15:08:38,125 [pool-27-thread-1] INFO  impl.RaftServerImpl (RaftServerImpl.java:start(185)) - 8a411a4f-0e32-4dd1-80b9-a797c2117425@group-D946C9146714: start as a follower, conf=-1: [8a411a4f-0e32-4dd1-80b9-a797c2117425:192.168.151.99:37125], old=null
2019-09-26 15:08:38,125 [pool-27-thread-1] INFO  impl.RaftServerImpl (RaftServerImpl.java:setRole(174)) - 8a411a4f-0e32-4dd1-80b9-a797c2117425@group-D946C9146714: changes role from      null to FOLLOWER at term 0 for startAsFollower
2019-09-26 15:08:38,125 [pool-27-thread-1] INFO  impl.RoleInfo (RoleInfo.java:updateAndGet(143)) - 8a411a4f-0e32-4dd1-80b9-a797c2117425: start FollowerState
2019-09-26 15:08:38,125 [pool-27-thread-1] INFO  util.JmxRegister (JmxRegister.java:tryRegister(44)) - Successfully registered JMX Bean with object name Ratis:service=RaftServer,group=group-D946C9146714,id=8a411a4f-0e32-4dd1-80b9-a797c2117425
2019-09-26 15:08:38,129 [RatisPipelineUtilsThread] INFO  pipeline.PipelineStateManager (PipelineStateManager.java:addPipeline(56)) - Created pipeline Pipeline[ Id: bd02128c-fc57-40a2-9655-d946c9146714, Nodes: 8a411a4f-0e32-4dd1-80b9-a797c2117425{ip: 192.168.151.99, host: pr-hdds-1569-g6sp5-2013761785, networkLocation: /default-rack, certSerialId: null}, Type:RATIS, Factor:ONE, State:OPEN]
2019-09-26 15:08:38,134 [grpc-default-executor-1] INFO  impl.RaftServerProxy (RaftServerProxy.java:addNew(89)) - 8a411a4f-0e32-4dd1-80b9-a797c2117425: addNew group-4A3018D7CF99:[8a411a4f-0e32-4dd1-80b9-a797c2117425:192.168.151.99:37125] returns group-4A3018D7CF99:java.util.concurrent.CompletableFuture@1af8d428[Not completed]
2019-09-26 15:08:38,135 [pool-27-thread-1] INFO  impl.RaftServerImpl (RaftServerImpl.java:<init>(95)) - 8a411a4f-0e32-4dd1-80b9-a797c2117425: new RaftServerImpl for group-4A3018D7CF99:[8a411a4f-0e32-4dd1-80b9-a797c2117425:192.168.151.99:37125] with ContainerStateMachine:uninitialized
2019-09-26 15:08:38,135 [pool-27-thread-1] INFO  server.RaftServerConfigKeys (ConfUtils.java:logGet(43)) - raft.server.rpc.timeout.min = 5s (custom)
2019-09-26 15:08:38,135 [pool-27-thread-1] INFO  server.RaftServerConfigKeys (ConfUtils.java:logGet(43)) - raft.server.rpc.timeout.max = 5200ms (custom)
2019-09-26 15:08:38,135 [pool-27-thread-1] INFO  server.RaftServerConfigKeys (ConfUtils.java:logGet(43)) - raft.server.rpcslowness.timeout = 120s (custom)
2019-09-26 15:08:38,135 [pool-27-thread-1] INFO  server.RaftServerConfigKeys (ConfUtils.java:logGet(43)) - raft.server.sleep.deviation.threshold = 300 (default)
2019-09-26 15:08:38,135 [pool-27-thread-1] INFO  server.RaftServerConfigKeys (ConfUtils.java:logGet(43)) - raft.server.log.appender.install.snapshot.enabled = false (custom)
2019-09-26 15:08:38,135 [pool-27-thread-1] INFO  impl.RaftServerImpl (ServerState.java:<init>(103)) - 8a411a4f-0e32-4dd1-80b9-a797c2117425@group-4A3018D7CF99: ConfigurationManager, init=-1: [8a411a4f-0e32-4dd1-80b9-a797c2117425:192.168.151.99:37125], old=null, confs=<EMPTY_MAP>
2019-09-26 15:08:38,135 [pool-27-thread-1] INFO  server.RaftServerConfigKeys (ConfUtils.java:logGet(43)) - raft.server.storage.dir = [/workdir/hadoop-ozone/integration-test/target/test-dir/MiniOzoneClusterImpl-646ad58d-3cd3-4092-ab15-506251c55e5b/datanode-0/data/ratis] (custom)
2019-09-26 15:08:38,136 [pool-27-thread-1] INFO  storage.RaftStorageDirectory (RaftStorageDirectory.java:analyzeStorage(246)) - The storage directory /workdir/hadoop-ozone/integration-test/target/test-dir/MiniOzoneClusterImpl-646ad58d-3cd3-4092-ab15-506251c55e5b/datanode-0/data/ratis/77ef95da-1276-4011-a724-4a3018d7cf99 does not exist. Creating ...
2019-09-26 15:08:38,148 [pool-27-thread-1] INFO  storage.RaftStorageDirectory (RaftStorageDirectory.java:tryLock(328)) - Lock on /workdir/hadoop-ozone/integration-test/target/test-dir/MiniOzoneClusterImpl-646ad58d-3cd3-4092-ab15-506251c55e5b/datanode-0/data/ratis/77ef95da-1276-4011-a724-4a3018d7cf99/in_use.lock acquired by nodename 7157@pr-hdds-1569-g6sp5-2013761785
2019-09-26 15:08:38,162 [pool-27-thread-1] INFO  storage.RaftStorage (RaftStorage.java:format(72)) - Storage directory /workdir/hadoop-ozone/integration-test/target/test-dir/MiniOzoneClusterImpl-646ad58d-3cd3-4092-ab15-506251c55e5b/datanode-0/data/ratis/77ef95da-1276-4011-a724-4a3018d7cf99 has been successfully formatted.
2019-09-26 15:08:38,162 [pool-27-thread-1] INFO  ratis.ContainerStateMachine (ContainerStateMachine.java:loadSnapshot(230)) - group-4A3018D7CF99: The snapshot info is null. Setting the last applied indexto:(t:0, i:~)
2019-09-26 15:08:38,162 [pool-27-thread-1] INFO  server.RaftServerConfigKeys (ConfUtils.java:logGet(43)) - raft.server.notification.no-leader.timeout = 120s (custom)
2019-09-26 15:08:38,162 [pool-27-thread-1] INFO  server.RaftServerConfigKeys (ConfUtils.java:logGet(43)) - raft.server.log.use.memory = false (default)
2019-09-26 15:08:38,163 [pool-27-thread-1] INFO  server.RaftServerConfigKeys (ConfUtils.java:logGet(43)) - raft.server.log.purge.gap = 1000000 (custom)
2019-09-26 15:08:38,163 [pool-27-thread-1] INFO  server.RaftServerConfigKeys (ConfUtils.java:logGet(43)) - raft.server.log.appender.buffer.byte-limit = 33554432 (custom)
2019-09-26 15:08:38,163 [pool-27-thread-1] INFO  server.RaftServerConfigKeys (ConfUtils.java:logGet(43)) - raft.server.log.segment.size.max = 1048576 (custom)
2019-09-26 15:08:38,163 [pool-27-thread-1] INFO  server.RaftServerConfigKeys (ConfUtils.java:logGet(43)) - raft.server.log.segment.cache.num.max = 2 (custom)
2019-09-26 15:08:38,163 [pool-27-thread-1] INFO  segmented.SegmentedRaftLogWorker (SegmentedRaftLogWorker.java:<init>(172)) - new 8a411a4f-0e32-4dd1-80b9-a797c2117425@group-4A3018D7CF99-SegmentedRaftLogWorker for RaftStorage:Storage Directory /workdir/hadoop-ozone/integration-test/target/test-dir/MiniOzoneClusterImpl-646ad58d-3cd3-4092-ab15-506251c55e5b/datanode-0/data/ratis/77ef95da-1276-4011-a724-4a3018d7cf99
2019-09-26 15:08:38,163 [pool-27-thread-1] INFO  server.RaftServerConfigKeys (ConfUtils.java:logGet(43)) - raft.server.log.queue.byte-limit = 2147483647 (custom)
2019-09-26 15:08:38,163 [pool-27-thread-1] INFO  server.RaftServerConfigKeys (ConfUtils.java:logGet(43)) - raft.server.log.queue.element-limit = 1024 (custom)
2019-09-26 15:08:38,163 [pool-27-thread-1] INFO  server.RaftServerConfigKeys (ConfUtils.java:logGet(43)) - raft.server.log.segment.size.max = 1048576 (custom)
2019-09-26 15:08:38,163 [pool-27-thread-1] INFO  server.RaftServerConfigKeys (ConfUtils.java:logGet(43)) - raft.server.log.preallocated.size = 16384 (custom)
2019-09-26 15:08:38,164 [pool-27-thread-1] INFO  server.RaftServerConfigKeys (ConfUtils.java:logGet(43)) - raft.server.log.write.buffer.size = 33554432 (custom)
2019-09-26 15:08:38,164 [pool-27-thread-1] INFO  server.RaftServerConfigKeys (ConfUtils.java:logGet(43)) - raft.server.log.force.sync.num = 128 (default)
2019-09-26 15:08:38,164 [pool-27-thread-1] INFO  server.RaftServerConfigKeys (ConfUtils.java:logGet(43)) - raft.server.log.statemachine.data.sync = true (default)
2019-09-26 15:08:38,164 [pool-27-thread-1] INFO  server.RaftServerConfigKeys (ConfUtils.java:logGet(43)) - raft.server.log.statemachine.data.sync.timeout = 10s (default)
2019-09-26 15:08:38,164 [pool-27-thread-1] INFO  server.RaftServerConfigKeys (ConfUtils.java:logGet(43)) - raft.server.log.statemachine.data.sync.timeout.retry = -1 (default)
2019-09-26 15:08:38,164 [pool-27-thread-1] INFO  server.RaftServerConfigKeys (ConfUtils.java:logGet(43)) - raft.server.log.statemachine.data.caching.enabled = true (custom)
2019-09-26 15:08:38,164 [pool-27-thread-1] INFO  segmented.SegmentedRaftLogWorker (SegmentedRaftLogWorker.java:lambda$new$0(132)) - 8a411a4f-0e32-4dd1-80b9-a797c2117425@group-4A3018D7CF99-SegmentedRaftLogWorker: flushIndex: setUnconditionally 0 -> -1
2019-09-26 15:08:38,164 [pool-27-thread-1] INFO  server.RaftServerConfigKeys (ConfUtils.java:logGet(43)) - raft.server.snapshot.auto.trigger.enabled = true (custom)
2019-09-26 15:08:38,164 [pool-27-thread-1] INFO  server.RaftServerConfigKeys (ConfUtils.java:logGet(43)) - raft.server.snapshot.auto.trigger.threshold = 10000 (custom)
2019-09-26 15:08:38,164 [pool-27-thread-1] INFO  server.RaftServerConfigKeys (ConfUtils.java:logGet(43)) - raft.server.snapshot.retention.num.files = 5 (custom)
2019-09-26 15:08:38,165 [pool-27-thread-1] INFO  server.RaftServerConfigKeys (ConfUtils.java:logGet(43)) - raft.server.retrycache.expirytime = 600000ms (custom)
2019-09-26 15:08:38,166 [pool-27-thread-1] INFO  impl.RaftServerImpl (RaftServerImpl.java:start(185)) - 8a411a4f-0e32-4dd1-80b9-a797c2117425@group-4A3018D7CF99: start as a follower, conf=-1: [8a411a4f-0e32-4dd1-80b9-a797c2117425:192.168.151.99:37125], old=null
2019-09-26 15:08:38,166 [pool-27-thread-1] INFO  impl.RaftServerImpl (RaftServerImpl.java:setRole(174)) - 8a411a4f-0e32-4dd1-80b9-a797c2117425@group-4A3018D7CF99: changes role from      null to FOLLOWER at term 0 for startAsFollower
2019-09-26 15:08:38,166 [pool-27-thread-1] INFO  impl.RoleInfo (RoleInfo.java:updateAndGet(143)) - 8a411a4f-0e32-4dd1-80b9-a797c2117425: start FollowerState
2019-09-26 15:08:38,166 [pool-27-thread-1] INFO  util.JmxRegister (JmxRegister.java:tryRegister(44)) - Successfully registered JMX Bean with object name Ratis:service=RaftServer,group=group-4A3018D7CF99,id=8a411a4f-0e32-4dd1-80b9-a797c2117425
2019-09-26 15:08:38,168 [RatisPipelineUtilsThread] INFO  pipeline.PipelineStateManager (PipelineStateManager.java:addPipeline(56)) - Created pipeline Pipeline[ Id: 77ef95da-1276-4011-a724-4a3018d7cf99, Nodes: 8a411a4f-0e32-4dd1-80b9-a797c2117425{ip: 192.168.151.99, host: pr-hdds-1569-g6sp5-2013761785, networkLocation: /default-rack, certSerialId: null}, Type:RATIS, Factor:ONE, State:OPEN]
2019-09-26 15:08:38,171 [grpc-default-executor-1] INFO  impl.RaftServerProxy (RaftServerProxy.java:addNew(89)) - 8a411a4f-0e32-4dd1-80b9-a797c2117425: addNew group-797476ADB718:[8a411a4f-0e32-4dd1-80b9-a797c2117425:192.168.151.99:37125] returns group-797476ADB718:java.util.concurrent.CompletableFuture@5a8ebaff[Not completed]
2019-09-26 15:08:38,172 [pool-27-thread-1] INFO  impl.RaftServerImpl (RaftServerImpl.java:<init>(95)) - 8a411a4f-0e32-4dd1-80b9-a797c2117425: new RaftServerImpl for group-797476ADB718:[8a411a4f-0e32-4dd1-80b9-a797c2117425:192.168.151.99:37125] with ContainerStateMachine:uninitialized
2019-09-26 15:08:38,172 [pool-27-thread-1] INFO  server.RaftServerConfigKeys (ConfUtils.java:logGet(43)) - raft.server.rpc.timeout.min = 5s (custom)
2019-09-26 15:08:38,172 [pool-27-thread-1] INFO  server.RaftServerConfigKeys (ConfUtils.java:logGet(43)) - raft.server.rpc.timeout.max = 5200ms (custom)
2019-09-26 15:08:38,172 [pool-27-thread-1] INFO  server.RaftServerConfigKeys (ConfUtils.java:logGet(43)) - raft.server.rpcslowness.timeout = 120s (custom)
2019-09-26 15:08:38,172 [pool-27-thread-1] INFO  server.RaftServerConfigKeys (ConfUtils.java:logGet(43)) - raft.server.sleep.deviation.threshold = 300 (default)
2019-09-26 15:08:38,172 [pool-27-thread-1] INFO  server.RaftServerConfigKeys (ConfUtils.java:logGet(43)) - raft.server.log.appender.install.snapshot.enabled = false (custom)
2019-09-26 15:08:38,173 [pool-27-thread-1] INFO  impl.RaftServerImpl (ServerState.java:<init>(103)) - 8a411a4f-0e32-4dd1-80b9-a797c2117425@group-797476ADB718: ConfigurationManager, init=-1: [8a411a4f-0e32-4dd1-80b9-a797c2117425:192.168.151.99:37125], old=null, confs=<EMPTY_MAP>
2019-09-26 15:08:38,173 [pool-27-thread-1] INFO  server.RaftServerConfigKeys (ConfUtils.java:logGet(43)) - raft.server.storage.dir = [/workdir/hadoop-ozone/integration-test/target/test-dir/MiniOzoneClusterImpl-646ad58d-3cd3-4092-ab15-506251c55e5b/datanode-0/data/ratis] (custom)
2019-09-26 15:08:38,174 [pool-27-thread-1] INFO  storage.RaftStorageDirectory (RaftStorageDirectory.java:analyzeStorage(246)) - The storage directory /workdir/hadoop-ozone/integration-test/target/test-dir/MiniOzoneClusterImpl-646ad58d-3cd3-4092-ab15-506251c55e5b/datanode-0/data/ratis/fdd189a8-aef0-40f5-a62c-797476adb718 does not exist. Creating ...
2019-09-26 15:08:38,186 [pool-27-thread-1] INFO  storage.RaftStorageDirectory (RaftStorageDirectory.java:tryLock(328)) - Lock on /workdir/hadoop-ozone/integration-test/target/test-dir/MiniOzoneClusterImpl-646ad58d-3cd3-4092-ab15-506251c55e5b/datanode-0/data/ratis/fdd189a8-aef0-40f5-a62c-797476adb718/in_use.lock acquired by nodename 7157@pr-hdds-1569-g6sp5-2013761785
2019-09-26 15:08:38,199 [pool-27-thread-1] INFO  storage.RaftStorage (RaftStorage.java:format(72)) - Storage directory /workdir/hadoop-ozone/integration-test/target/test-dir/MiniOzoneClusterImpl-646ad58d-3cd3-4092-ab15-506251c55e5b/datanode-0/data/ratis/fdd189a8-aef0-40f5-a62c-797476adb718 has been successfully formatted.
2019-09-26 15:08:38,200 [pool-27-thread-1] INFO  ratis.ContainerStateMachine (ContainerStateMachine.java:loadSnapshot(230)) - group-797476ADB718: The snapshot info is null. Setting the last applied indexto:(t:0, i:~)
2019-09-26 15:08:38,200 [pool-27-thread-1] INFO  server.RaftServerConfigKeys (ConfUtils.java:logGet(43)) - raft.server.notification.no-leader.timeout = 120s (custom)
2019-09-26 15:08:38,200 [pool-27-thread-1] INFO  server.RaftServerConfigKeys (ConfUtils.java:logGet(43)) - raft.server.log.use.memory = false (default)
2019-09-26 15:08:38,200 [pool-27-thread-1] INFO  server.RaftServerConfigKeys (ConfUtils.java:logGet(43)) - raft.server.log.purge.gap = 1000000 (custom)
2019-09-26 15:08:38,200 [pool-27-thread-1] INFO  server.RaftServerConfigKeys (ConfUtils.java:logGet(43)) - raft.server.log.appender.buffer.byte-limit = 33554432 (custom)
2019-09-26 15:08:38,200 [pool-27-thread-1] INFO  server.RaftServerConfigKeys (ConfUtils.java:logGet(43)) - raft.server.log.segment.size.max = 1048576 (custom)
2019-09-26 15:08:38,201 [pool-27-thread-1] INFO  server.RaftServerConfigKeys (ConfUtils.java:logGet(43)) - raft.server.log.segment.cache.num.max = 2 (custom)
2019-09-26 15:08:38,201 [pool-27-thread-1] INFO  segmented.SegmentedRaftLogWorker (SegmentedRaftLogWorker.java:<init>(172)) - new 8a411a4f-0e32-4dd1-80b9-a797c2117425@group-797476ADB718-SegmentedRaftLogWorker for RaftStorage:Storage Directory /workdir/hadoop-ozone/integration-test/target/test-dir/MiniOzoneClusterImpl-646ad58d-3cd3-4092-ab15-506251c55e5b/datanode-0/data/ratis/fdd189a8-aef0-40f5-a62c-797476adb718
2019-09-26 15:08:38,201 [pool-27-thread-1] INFO  server.RaftServerConfigKeys (ConfUtils.java:logGet(43)) - raft.server.log.queue.byte-limit = 2147483647 (custom)
2019-09-26 15:08:38,201 [pool-27-thread-1] INFO  server.RaftServerConfigKeys (ConfUtils.java:logGet(43)) - raft.server.log.queue.element-limit = 1024 (custom)
2019-09-26 15:08:38,201 [pool-27-thread-1] INFO  server.RaftServerConfigKeys (ConfUtils.java:logGet(43)) - raft.server.log.segment.size.max = 1048576 (custom)
2019-09-26 15:08:38,201 [pool-27-thread-1] INFO  server.RaftServerConfigKeys (ConfUtils.java:logGet(43)) - raft.server.log.preallocated.size = 16384 (custom)
2019-09-26 15:08:38,201 [pool-27-thread-1] INFO  server.RaftServerConfigKeys (ConfUtils.java:logGet(43)) - raft.server.log.write.buffer.size = 33554432 (custom)
2019-09-26 15:08:38,202 [pool-27-thread-1] INFO  server.RaftServerConfigKeys (ConfUtils.java:logGet(43)) - raft.server.log.force.sync.num = 128 (default)
2019-09-26 15:08:38,202 [pool-27-thread-1] INFO  server.RaftServerConfigKeys (ConfUtils.java:logGet(43)) - raft.server.log.statemachine.data.sync = true (default)
2019-09-26 15:08:38,202 [pool-27-thread-1] INFO  server.RaftServerConfigKeys (ConfUtils.java:logGet(43)) - raft.server.log.statemachine.data.sync.timeout = 10s (default)
2019-09-26 15:08:38,202 [pool-27-thread-1] INFO  server.RaftServerConfigKeys (ConfUtils.java:logGet(43)) - raft.server.log.statemachine.data.sync.timeout.retry = -1 (default)
2019-09-26 15:08:38,202 [pool-27-thread-1] INFO  server.RaftServerConfigKeys (ConfUtils.java:logGet(43)) - raft.server.log.statemachine.data.caching.enabled = true (custom)
2019-09-26 15:08:38,202 [pool-27-thread-1] INFO  segmented.SegmentedRaftLogWorker (SegmentedRaftLogWorker.java:lambda$new$0(132)) - 8a411a4f-0e32-4dd1-80b9-a797c2117425@group-797476ADB718-SegmentedRaftLogWorker: flushIndex: setUnconditionally 0 -> -1
2019-09-26 15:08:38,203 [pool-27-thread-1] INFO  server.RaftServerConfigKeys (ConfUtils.java:logGet(43)) - raft.server.snapshot.auto.trigger.enabled = true (custom)
2019-09-26 15:08:38,203 [pool-27-thread-1] INFO  server.RaftServerConfigKeys (ConfUtils.java:logGet(43)) - raft.server.snapshot.auto.trigger.threshold = 10000 (custom)
2019-09-26 15:08:38,203 [pool-27-thread-1] INFO  server.RaftServerConfigKeys (ConfUtils.java:logGet(43)) - raft.server.snapshot.retention.num.files = 5 (custom)
2019-09-26 15:08:38,203 [pool-27-thread-1] INFO  server.RaftServerConfigKeys (ConfUtils.java:logGet(43)) - raft.server.retrycache.expirytime = 600000ms (custom)
2019-09-26 15:08:38,205 [pool-27-thread-1] INFO  impl.RaftServerImpl (RaftServerImpl.java:start(185)) - 8a411a4f-0e32-4dd1-80b9-a797c2117425@group-797476ADB718: start as a follower, conf=-1: [8a411a4f-0e32-4dd1-80b9-a797c2117425:192.168.151.99:37125], old=null
2019-09-26 15:08:38,205 [pool-27-thread-1] INFO  impl.RaftServerImpl (RaftServerImpl.java:setRole(174)) - 8a411a4f-0e32-4dd1-80b9-a797c2117425@group-797476ADB718: changes role from      null to FOLLOWER at term 0 for startAsFollower
2019-09-26 15:08:38,205 [pool-27-thread-1] INFO  impl.RoleInfo (RoleInfo.java:updateAndGet(143)) - 8a411a4f-0e32-4dd1-80b9-a797c2117425: start FollowerState
2019-09-26 15:08:38,206 [pool-27-thread-1] INFO  util.JmxRegister (JmxRegister.java:tryRegister(44)) - Successfully registered JMX Bean with object name Ratis:service=RaftServer,group=group-797476ADB718,id=8a411a4f-0e32-4dd1-80b9-a797c2117425
2019-09-26 15:08:38,207 [RatisPipelineUtilsThread] INFO  pipeline.PipelineStateManager (PipelineStateManager.java:addPipeline(56)) - Created pipeline Pipeline[ Id: fdd189a8-aef0-40f5-a62c-797476adb718, Nodes: 8a411a4f-0e32-4dd1-80b9-a797c2117425{ip: 192.168.151.99, host: pr-hdds-1569-g6sp5-2013761785, networkLocation: /default-rack, certSerialId: null}, Type:RATIS, Factor:ONE, State:OPEN]
2019-09-26 15:08:38,211 [grpc-default-executor-1] INFO  impl.RaftServerProxy (RaftServerProxy.java:addNew(89)) - 8a411a4f-0e32-4dd1-80b9-a797c2117425: addNew group-CA9544AD4330:[8a411a4f-0e32-4dd1-80b9-a797c2117425:192.168.151.99:37125] returns group-CA9544AD4330:java.util.concurrent.CompletableFuture@22c7d9dc[Not completed]
2019-09-26 15:08:38,212 [pool-27-thread-1] INFO  impl.RaftServerImpl (RaftServerImpl.java:<init>(95)) - 8a411a4f-0e32-4dd1-80b9-a797c2117425: new RaftServerImpl for group-CA9544AD4330:[8a411a4f-0e32-4dd1-80b9-a797c2117425:192.168.151.99:37125] with ContainerStateMachine:uninitialized
2019-09-26 15:08:38,212 [pool-27-thread-1] INFO  server.RaftServerConfigKeys (ConfUtils.java:logGet(43)) - raft.server.rpc.timeout.min = 5s (custom)
2019-09-26 15:08:38,212 [pool-27-thread-1] INFO  server.RaftServerConfigKeys (ConfUtils.java:logGet(43)) - raft.server.rpc.timeout.max = 5200ms (custom)
2019-09-26 15:08:38,212 [pool-27-thread-1] INFO  server.RaftServerConfigKeys (ConfUtils.java:logGet(43)) - raft.server.rpcslowness.timeout = 120s (custom)
2019-09-26 15:08:38,212 [pool-27-thread-1] INFO  server.RaftServerConfigKeys (ConfUtils.java:logGet(43)) - raft.server.sleep.deviation.threshold = 300 (default)
2019-09-26 15:08:38,212 [pool-27-thread-1] INFO  server.RaftServerConfigKeys (ConfUtils.java:logGet(43)) - raft.server.log.appender.install.snapshot.enabled = false (custom)
2019-09-26 15:08:38,212 [pool-27-thread-1] INFO  impl.RaftServerImpl (ServerState.java:<init>(103)) - 8a411a4f-0e32-4dd1-80b9-a797c2117425@group-CA9544AD4330: ConfigurationManager, init=-1: [8a411a4f-0e32-4dd1-80b9-a797c2117425:192.168.151.99:37125], old=null, confs=<EMPTY_MAP>
2019-09-26 15:08:38,213 [pool-27-thread-1] INFO  server.RaftServerConfigKeys (ConfUtils.java:logGet(43)) - raft.server.storage.dir = [/workdir/hadoop-ozone/integration-test/target/test-dir/MiniOzoneClusterImpl-646ad58d-3cd3-4092-ab15-506251c55e5b/datanode-0/data/ratis] (custom)
2019-09-26 15:08:38,214 [pool-27-thread-1] INFO  storage.RaftStorageDirectory (RaftStorageDirectory.java:analyzeStorage(246)) - The storage directory /workdir/hadoop-ozone/integration-test/target/test-dir/MiniOzoneClusterImpl-646ad58d-3cd3-4092-ab15-506251c55e5b/datanode-0/data/ratis/fee9e609-ce72-4432-befa-ca9544ad4330 does not exist. Creating ...
2019-09-26 15:08:38,229 [pool-27-thread-1] INFO  storage.RaftStorageDirectory (RaftStorageDirectory.java:tryLock(328)) - Lock on /workdir/hadoop-ozone/integration-test/target/test-dir/MiniOzoneClusterImpl-646ad58d-3cd3-4092-ab15-506251c55e5b/datanode-0/data/ratis/fee9e609-ce72-4432-befa-ca9544ad4330/in_use.lock acquired by nodename 7157@pr-hdds-1569-g6sp5-2013761785
2019-09-26 15:08:38,241 [pool-27-thread-1] INFO  storage.RaftStorage (RaftStorage.java:format(72)) - Storage directory /workdir/hadoop-ozone/integration-test/target/test-dir/MiniOzoneClusterImpl-646ad58d-3cd3-4092-ab15-506251c55e5b/datanode-0/data/ratis/fee9e609-ce72-4432-befa-ca9544ad4330 has been successfully formatted.
2019-09-26 15:08:38,242 [pool-27-thread-1] INFO  ratis.ContainerStateMachine (ContainerStateMachine.java:loadSnapshot(230)) - group-CA9544AD4330: The snapshot info is null. Setting the last applied indexto:(t:0, i:~)
2019-09-26 15:08:38,242 [pool-27-thread-1] INFO  server.RaftServerConfigKeys (ConfUtils.java:logGet(43)) - raft.server.notification.no-leader.timeout = 120s (custom)
2019-09-26 15:08:38,242 [pool-27-thread-1] INFO  server.RaftServerConfigKeys (ConfUtils.java:logGet(43)) - raft.server.log.use.memory = false (default)
2019-09-26 15:08:38,242 [pool-27-thread-1] INFO  server.RaftServerConfigKeys (ConfUtils.java:logGet(43)) - raft.server.log.purge.gap = 1000000 (custom)
2019-09-26 15:08:38,242 [pool-27-thread-1] INFO  server.RaftServerConfigKeys (ConfUtils.java:logGet(43)) - raft.server.log.appender.buffer.byte-limit = 33554432 (custom)
2019-09-26 15:08:38,242 [pool-27-thread-1] INFO  server.RaftServerConfigKeys (ConfUtils.java:logGet(43)) - raft.server.log.segment.size.max = 1048576 (custom)
2019-09-26 15:08:38,242 [pool-27-thread-1] INFO  server.RaftServerConfigKeys (ConfUtils.java:logGet(43)) - raft.server.log.segment.cache.num.max = 2 (custom)
2019-09-26 15:08:38,243 [pool-27-thread-1] INFO  segmented.SegmentedRaftLogWorker (SegmentedRaftLogWorker.java:<init>(172)) - new 8a411a4f-0e32-4dd1-80b9-a797c2117425@group-CA9544AD4330-SegmentedRaftLogWorker for RaftStorage:Storage Directory /workdir/hadoop-ozone/integration-test/target/test-dir/MiniOzoneClusterImpl-646ad58d-3cd3-4092-ab15-506251c55e5b/datanode-0/data/ratis/fee9e609-ce72-4432-befa-ca9544ad4330
2019-09-26 15:08:38,243 [pool-27-thread-1] INFO  server.RaftServerConfigKeys (ConfUtils.java:logGet(43)) - raft.server.log.queue.byte-limit = 2147483647 (custom)
2019-09-26 15:08:38,243 [pool-27-thread-1] INFO  server.RaftServerConfigKeys (ConfUtils.java:logGet(43)) - raft.server.log.queue.element-limit = 1024 (custom)
2019-09-26 15:08:38,243 [pool-27-thread-1] INFO  server.RaftServerConfigKeys (ConfUtils.java:logGet(43)) - raft.server.log.segment.size.max = 1048576 (custom)
2019-09-26 15:08:38,243 [pool-27-thread-1] INFO  server.RaftServerConfigKeys (ConfUtils.java:logGet(43)) - raft.server.log.preallocated.size = 16384 (custom)
2019-09-26 15:08:38,243 [pool-27-thread-1] INFO  server.RaftServerConfigKeys (ConfUtils.java:logGet(43)) - raft.server.log.write.buffer.size = 33554432 (custom)
2019-09-26 15:08:38,243 [pool-27-thread-1] INFO  server.RaftServerConfigKeys (ConfUtils.java:logGet(43)) - raft.server.log.force.sync.num = 128 (default)
2019-09-26 15:08:38,243 [pool-27-thread-1] INFO  server.RaftServerConfigKeys (ConfUtils.java:logGet(43)) - raft.server.log.statemachine.data.sync = true (default)
2019-09-26 15:08:38,244 [pool-27-thread-1] INFO  server.RaftServerConfigKeys (ConfUtils.java:logGet(43)) - raft.server.log.statemachine.data.sync.timeout = 10s (default)
2019-09-26 15:08:38,244 [pool-27-thread-1] INFO  server.RaftServerConfigKeys (ConfUtils.java:logGet(43)) - raft.server.log.statemachine.data.sync.timeout.retry = -1 (default)
2019-09-26 15:08:38,244 [pool-27-thread-1] INFO  server.RaftServerConfigKeys (ConfUtils.java:logGet(43)) - raft.server.log.statemachine.data.caching.enabled = true (custom)
2019-09-26 15:08:38,244 [pool-27-thread-1] INFO  segmented.SegmentedRaftLogWorker (SegmentedRaftLogWorker.java:lambda$new$0(132)) - 8a411a4f-0e32-4dd1-80b9-a797c2117425@group-CA9544AD4330-SegmentedRaftLogWorker: flushIndex: setUnconditionally 0 -> -1
2019-09-26 15:08:38,244 [pool-27-thread-1] INFO  server.RaftServerConfigKeys (ConfUtils.java:logGet(43)) - raft.server.snapshot.auto.trigger.enabled = true (custom)
2019-09-26 15:08:38,244 [pool-27-thread-1] INFO  server.RaftServerConfigKeys (ConfUtils.java:logGet(43)) - raft.server.snapshot.auto.trigger.threshold = 10000 (custom)
2019-09-26 15:08:38,245 [pool-27-thread-1] INFO  server.RaftServerConfigKeys (ConfUtils.java:logGet(43)) - raft.server.snapshot.retention.num.files = 5 (custom)
2019-09-26 15:08:38,245 [pool-27-thread-1] INFO  server.RaftServerConfigKeys (ConfUtils.java:logGet(43)) - raft.server.retrycache.expirytime = 600000ms (custom)
2019-09-26 15:08:38,246 [pool-27-thread-1] INFO  impl.RaftServerImpl (RaftServerImpl.java:start(185)) - 8a411a4f-0e32-4dd1-80b9-a797c2117425@group-CA9544AD4330: start as a follower, conf=-1: [8a411a4f-0e32-4dd1-80b9-a797c2117425:192.168.151.99:37125], old=null
2019-09-26 15:08:38,247 [pool-27-thread-1] INFO  impl.RaftServerImpl (RaftServerImpl.java:setRole(174)) - 8a411a4f-0e32-4dd1-80b9-a797c2117425@group-CA9544AD4330: changes role from      null to FOLLOWER at term 0 for startAsFollower
2019-09-26 15:08:38,247 [pool-27-thread-1] INFO  impl.RoleInfo (RoleInfo.java:updateAndGet(143)) - 8a411a4f-0e32-4dd1-80b9-a797c2117425: start FollowerState
2019-09-26 15:08:38,247 [pool-27-thread-1] INFO  util.JmxRegister (JmxRegister.java:tryRegister(44)) - Successfully registered JMX Bean with object name Ratis:service=RaftServer,group=group-CA9544AD4330,id=8a411a4f-0e32-4dd1-80b9-a797c2117425
2019-09-26 15:08:38,249 [RatisPipelineUtilsThread] INFO  pipeline.PipelineStateManager (PipelineStateManager.java:addPipeline(56)) - Created pipeline Pipeline[ Id: fee9e609-ce72-4432-befa-ca9544ad4330, Nodes: 8a411a4f-0e32-4dd1-80b9-a797c2117425{ip: 192.168.151.99, host: pr-hdds-1569-g6sp5-2013761785, networkLocation: /default-rack, certSerialId: null}, Type:RATIS, Factor:ONE, State:OPEN]
2019-09-26 15:08:38,253 [grpc-default-executor-1] INFO  impl.RaftServerProxy (RaftServerProxy.java:addNew(89)) - 8a411a4f-0e32-4dd1-80b9-a797c2117425: addNew group-FFBC1D88D468:[8a411a4f-0e32-4dd1-80b9-a797c2117425:192.168.151.99:37125] returns group-FFBC1D88D468:java.util.concurrent.CompletableFuture@6dbcf3e6[Not completed]
2019-09-26 15:08:38,255 [pool-27-thread-1] INFO  impl.RaftServerImpl (RaftServerImpl.java:<init>(95)) - 8a411a4f-0e32-4dd1-80b9-a797c2117425: new RaftServerImpl for group-FFBC1D88D468:[8a411a4f-0e32-4dd1-80b9-a797c2117425:192.168.151.99:37125] with ContainerStateMachine:uninitialized
2019-09-26 15:08:38,255 [pool-27-thread-1] INFO  server.RaftServerConfigKeys (ConfUtils.java:logGet(43)) - raft.server.rpc.timeout.min = 5s (custom)
2019-09-26 15:08:38,255 [pool-27-thread-1] INFO  server.RaftServerConfigKeys (ConfUtils.java:logGet(43)) - raft.server.rpc.timeout.max = 5200ms (custom)
2019-09-26 15:08:38,256 [pool-27-thread-1] INFO  server.RaftServerConfigKeys (ConfUtils.java:logGet(43)) - raft.server.rpcslowness.timeout = 120s (custom)
2019-09-26 15:08:38,256 [pool-27-thread-1] INFO  server.RaftServerConfigKeys (ConfUtils.java:logGet(43)) - raft.server.sleep.deviation.threshold = 300 (default)
2019-09-26 15:08:38,256 [pool-27-thread-1] INFO  server.RaftServerConfigKeys (ConfUtils.java:logGet(43)) - raft.server.log.appender.install.snapshot.enabled = false (custom)
2019-09-26 15:08:38,256 [pool-27-thread-1] INFO  impl.RaftServerImpl (ServerState.java:<init>(103)) - 8a411a4f-0e32-4dd1-80b9-a797c2117425@group-FFBC1D88D468: ConfigurationManager, init=-1: [8a411a4f-0e32-4dd1-80b9-a797c2117425:192.168.151.99:37125], old=null, confs=<EMPTY_MAP>
2019-09-26 15:08:38,256 [pool-27-thread-1] INFO  server.RaftServerConfigKeys (ConfUtils.java:logGet(43)) - raft.server.storage.dir = [/workdir/hadoop-ozone/integration-test/target/test-dir/MiniOzoneClusterImpl-646ad58d-3cd3-4092-ab15-506251c55e5b/datanode-0/data/ratis] (custom)
2019-09-26 15:08:38,258 [pool-27-thread-1] INFO  storage.RaftStorageDirectory (RaftStorageDirectory.java:analyzeStorage(246)) - The storage directory /workdir/hadoop-ozone/integration-test/target/test-dir/MiniOzoneClusterImpl-646ad58d-3cd3-4092-ab15-506251c55e5b/datanode-0/data/ratis/7a169544-55d7-46eb-b132-ffbc1d88d468 does not exist. Creating ...
2019-09-26 15:08:38,261 [pool-27-thread-1] INFO  storage.RaftStorageDirectory (RaftStorageDirectory.java:tryLock(328)) - Lock on /workdir/hadoop-ozone/integration-test/target/test-dir/MiniOzoneClusterImpl-646ad58d-3cd3-4092-ab15-506251c55e5b/datanode-0/data/ratis/7a169544-55d7-46eb-b132-ffbc1d88d468/in_use.lock acquired by nodename 7157@pr-hdds-1569-g6sp5-2013761785
2019-09-26 15:08:38,370 [pool-27-thread-1] INFO  storage.RaftStorage (RaftStorage.java:format(72)) - Storage directory /workdir/hadoop-ozone/integration-test/target/test-dir/MiniOzoneClusterImpl-646ad58d-3cd3-4092-ab15-506251c55e5b/datanode-0/data/ratis/7a169544-55d7-46eb-b132-ffbc1d88d468 has been successfully formatted.
2019-09-26 15:08:38,371 [pool-27-thread-1] INFO  ratis.ContainerStateMachine (ContainerStateMachine.java:loadSnapshot(230)) - group-FFBC1D88D468: The snapshot info is null. Setting the last applied indexto:(t:0, i:~)
2019-09-26 15:08:38,371 [pool-27-thread-1] INFO  server.RaftServerConfigKeys (ConfUtils.java:logGet(43)) - raft.server.notification.no-leader.timeout = 120s (custom)
2019-09-26 15:08:38,371 [pool-27-thread-1] INFO  server.RaftServerConfigKeys (ConfUtils.java:logGet(43)) - raft.server.log.use.memory = false (default)
2019-09-26 15:08:38,371 [pool-27-thread-1] INFO  server.RaftServerConfigKeys (ConfUtils.java:logGet(43)) - raft.server.log.purge.gap = 1000000 (custom)
2019-09-26 15:08:38,372 [pool-27-thread-1] INFO  server.RaftServerConfigKeys (ConfUtils.java:logGet(43)) - raft.server.log.appender.buffer.byte-limit = 33554432 (custom)
2019-09-26 15:08:38,372 [pool-27-thread-1] INFO  server.RaftServerConfigKeys (ConfUtils.java:logGet(43)) - raft.server.log.segment.size.max = 1048576 (custom)
2019-09-26 15:08:38,372 [pool-27-thread-1] INFO  server.RaftServerConfigKeys (ConfUtils.java:logGet(43)) - raft.server.log.segment.cache.num.max = 2 (custom)
2019-09-26 15:08:38,372 [pool-27-thread-1] INFO  segmented.SegmentedRaftLogWorker (SegmentedRaftLogWorker.java:<init>(172)) - new 8a411a4f-0e32-4dd1-80b9-a797c2117425@group-FFBC1D88D468-SegmentedRaftLogWorker for RaftStorage:Storage Directory /workdir/hadoop-ozone/integration-test/target/test-dir/MiniOzoneClusterImpl-646ad58d-3cd3-4092-ab15-506251c55e5b/datanode-0/data/ratis/7a169544-55d7-46eb-b132-ffbc1d88d468
2019-09-26 15:08:38,373 [pool-27-thread-1] INFO  server.RaftServerConfigKeys (ConfUtils.java:logGet(43)) - raft.server.log.queue.byte-limit = 2147483647 (custom)
2019-09-26 15:08:38,373 [pool-27-thread-1] INFO  server.RaftServerConfigKeys (ConfUtils.java:logGet(43)) - raft.server.log.queue.element-limit = 1024 (custom)
2019-09-26 15:08:38,373 [pool-27-thread-1] INFO  server.RaftServerConfigKeys (ConfUtils.java:logGet(43)) - raft.server.log.segment.size.max = 1048576 (custom)
2019-09-26 15:08:38,373 [pool-27-thread-1] INFO  server.RaftServerConfigKeys (ConfUtils.java:logGet(43)) - raft.server.log.preallocated.size = 16384 (custom)
2019-09-26 15:08:38,374 [pool-27-thread-1] INFO  server.RaftServerConfigKeys (ConfUtils.java:logGet(43)) - raft.server.log.write.buffer.size = 33554432 (custom)
2019-09-26 15:08:38,374 [pool-27-thread-1] INFO  server.RaftServerConfigKeys (ConfUtils.java:logGet(43)) - raft.server.log.force.sync.num = 128 (default)
2019-09-26 15:08:38,374 [pool-27-thread-1] INFO  server.RaftServerConfigKeys (ConfUtils.java:logGet(43)) - raft.server.log.statemachine.data.sync = true (default)
2019-09-26 15:08:38,374 [pool-27-thread-1] INFO  server.RaftServerConfigKeys (ConfUtils.java:logGet(43)) - raft.server.log.statemachine.data.sync.timeout = 10s (default)
2019-09-26 15:08:38,374 [pool-27-thread-1] INFO  server.RaftServerConfigKeys (ConfUtils.java:logGet(43)) - raft.server.log.statemachine.data.sync.timeout.retry = -1 (default)
2019-09-26 15:08:38,375 [pool-27-thread-1] INFO  server.RaftServerConfigKeys (ConfUtils.java:logGet(43)) - raft.server.log.statemachine.data.caching.enabled = true (custom)
2019-09-26 15:08:38,375 [pool-27-thread-1] INFO  segmented.SegmentedRaftLogWorker (SegmentedRaftLogWorker.java:lambda$new$0(132)) - 8a411a4f-0e32-4dd1-80b9-a797c2117425@group-FFBC1D88D468-SegmentedRaftLogWorker: flushIndex: setUnconditionally 0 -> -1
2019-09-26 15:08:38,376 [pool-27-thread-1] INFO  server.RaftServerConfigKeys (ConfUtils.java:logGet(43)) - raft.server.snapshot.auto.trigger.enabled = true (custom)
2019-09-26 15:08:38,376 [pool-27-thread-1] INFO  server.RaftServerConfigKeys (ConfUtils.java:logGet(43)) - raft.server.snapshot.auto.trigger.threshold = 10000 (custom)
2019-09-26 15:08:38,376 [pool-27-thread-1] INFO  server.RaftServerConfigKeys (ConfUtils.java:logGet(43)) - raft.server.snapshot.retention.num.files = 5 (custom)
2019-09-26 15:08:38,376 [pool-27-thread-1] INFO  server.RaftServerConfigKeys (ConfUtils.java:logGet(43)) - raft.server.retrycache.expirytime = 600000ms (custom)
2019-09-26 15:08:38,378 [pool-27-thread-1] INFO  impl.RaftServerImpl (RaftServerImpl.java:start(185)) - 8a411a4f-0e32-4dd1-80b9-a797c2117425@group-FFBC1D88D468: start as a follower, conf=-1: [8a411a4f-0e32-4dd1-80b9-a797c2117425:192.168.151.99:37125], old=null
2019-09-26 15:08:38,378 [pool-27-thread-1] INFO  impl.RaftServerImpl (RaftServerImpl.java:setRole(174)) - 8a411a4f-0e32-4dd1-80b9-a797c2117425@group-FFBC1D88D468: changes role from      null to FOLLOWER at term 0 for startAsFollower
2019-09-26 15:08:38,378 [pool-27-thread-1] INFO  impl.RoleInfo (RoleInfo.java:updateAndGet(143)) - 8a411a4f-0e32-4dd1-80b9-a797c2117425: start FollowerState
2019-09-26 15:08:38,378 [pool-27-thread-1] INFO  util.JmxRegister (JmxRegister.java:tryRegister(44)) - Successfully registered JMX Bean with object name Ratis:service=RaftServer,group=group-FFBC1D88D468,id=8a411a4f-0e32-4dd1-80b9-a797c2117425
2019-09-26 15:08:38,380 [RatisPipelineUtilsThread] INFO  pipeline.PipelineStateManager (PipelineStateManager.java:addPipeline(56)) - Created pipeline Pipeline[ Id: 7a169544-55d7-46eb-b132-ffbc1d88d468, Nodes: 8a411a4f-0e32-4dd1-80b9-a797c2117425{ip: 192.168.151.99, host: pr-hdds-1569-g6sp5-2013761785, networkLocation: /default-rack, certSerialId: null}, Type:RATIS, Factor:ONE, State:OPEN]
2019-09-26 15:08:38,384 [grpc-default-executor-1] INFO  impl.RaftServerProxy (RaftServerProxy.java:addNew(89)) - 8a411a4f-0e32-4dd1-80b9-a797c2117425: addNew group-817B3DD20E3E:[8a411a4f-0e32-4dd1-80b9-a797c2117425:192.168.151.99:37125] returns group-817B3DD20E3E:java.util.concurrent.CompletableFuture@1fd80a2e[Not completed]
2019-09-26 15:08:38,385 [pool-27-thread-1] INFO  impl.RaftServerImpl (RaftServerImpl.java:<init>(95)) - 8a411a4f-0e32-4dd1-80b9-a797c2117425: new RaftServerImpl for group-817B3DD20E3E:[8a411a4f-0e32-4dd1-80b9-a797c2117425:192.168.151.99:37125] with ContainerStateMachine:uninitialized
2019-09-26 15:08:38,385 [pool-27-thread-1] INFO  server.RaftServerConfigKeys (ConfUtils.java:logGet(43)) - raft.server.rpc.timeout.min = 5s (custom)
2019-09-26 15:08:38,385 [pool-27-thread-1] INFO  server.RaftServerConfigKeys (ConfUtils.java:logGet(43)) - raft.server.rpc.timeout.max = 5200ms (custom)
2019-09-26 15:08:38,385 [pool-27-thread-1] INFO  server.RaftServerConfigKeys (ConfUtils.java:logGet(43)) - raft.server.rpcslowness.timeout = 120s (custom)
2019-09-26 15:08:38,385 [pool-27-thread-1] INFO  server.RaftServerConfigKeys (ConfUtils.java:logGet(43)) - raft.server.sleep.deviation.threshold = 300 (default)
2019-09-26 15:08:38,385 [pool-27-thread-1] INFO  server.RaftServerConfigKeys (ConfUtils.java:logGet(43)) - raft.server.log.appender.install.snapshot.enabled = false (custom)
2019-09-26 15:08:38,385 [pool-27-thread-1] INFO  impl.RaftServerImpl (ServerState.java:<init>(103)) - 8a411a4f-0e32-4dd1-80b9-a797c2117425@group-817B3DD20E3E: ConfigurationManager, init=-1: [8a411a4f-0e32-4dd1-80b9-a797c2117425:192.168.151.99:37125], old=null, confs=<EMPTY_MAP>
2019-09-26 15:08:38,385 [pool-27-thread-1] INFO  server.RaftServerConfigKeys (ConfUtils.java:logGet(43)) - raft.server.storage.dir = [/workdir/hadoop-ozone/integration-test/target/test-dir/MiniOzoneClusterImpl-646ad58d-3cd3-4092-ab15-506251c55e5b/datanode-0/data/ratis] (custom)
2019-09-26 15:08:38,387 [pool-27-thread-1] INFO  storage.RaftStorageDirectory (RaftStorageDirectory.java:analyzeStorage(246)) - The storage directory /workdir/hadoop-ozone/integration-test/target/test-dir/MiniOzoneClusterImpl-646ad58d-3cd3-4092-ab15-506251c55e5b/datanode-0/data/ratis/d7213f45-c358-437a-9525-817b3dd20e3e does not exist. Creating ...
2019-09-26 15:08:38,422 [pool-27-thread-1] INFO  storage.RaftStorageDirectory (RaftStorageDirectory.java:tryLock(328)) - Lock on /workdir/hadoop-ozone/integration-test/target/test-dir/MiniOzoneClusterImpl-646ad58d-3cd3-4092-ab15-506251c55e5b/datanode-0/data/ratis/d7213f45-c358-437a-9525-817b3dd20e3e/in_use.lock acquired by nodename 7157@pr-hdds-1569-g6sp5-2013761785
2019-09-26 15:08:38,433 [pool-27-thread-1] INFO  storage.RaftStorage (RaftStorage.java:format(72)) - Storage directory /workdir/hadoop-ozone/integration-test/target/test-dir/MiniOzoneClusterImpl-646ad58d-3cd3-4092-ab15-506251c55e5b/datanode-0/data/ratis/d7213f45-c358-437a-9525-817b3dd20e3e has been successfully formatted.
2019-09-26 15:08:38,433 [pool-27-thread-1] INFO  ratis.ContainerStateMachine (ContainerStateMachine.java:loadSnapshot(230)) - group-817B3DD20E3E: The snapshot info is null. Setting the last applied indexto:(t:0, i:~)
2019-09-26 15:08:38,433 [pool-27-thread-1] INFO  server.RaftServerConfigKeys (ConfUtils.java:logGet(43)) - raft.server.notification.no-leader.timeout = 120s (custom)
2019-09-26 15:08:38,434 [pool-27-thread-1] INFO  server.RaftServerConfigKeys (ConfUtils.java:logGet(43)) - raft.server.log.use.memory = false (default)
2019-09-26 15:08:38,434 [pool-27-thread-1] INFO  server.RaftServerConfigKeys (ConfUtils.java:logGet(43)) - raft.server.log.purge.gap = 1000000 (custom)
2019-09-26 15:08:38,434 [pool-27-thread-1] INFO  server.RaftServerConfigKeys (ConfUtils.java:logGet(43)) - raft.server.log.appender.buffer.byte-limit = 33554432 (custom)
2019-09-26 15:08:38,434 [pool-27-thread-1] INFO  server.RaftServerConfigKeys (ConfUtils.java:logGet(43)) - raft.server.log.segment.size.max = 1048576 (custom)
2019-09-26 15:08:38,434 [pool-27-thread-1] INFO  server.RaftServerConfigKeys (ConfUtils.java:logGet(43)) - raft.server.log.segment.cache.num.max = 2 (custom)
2019-09-26 15:08:38,434 [pool-27-thread-1] INFO  segmented.SegmentedRaftLogWorker (SegmentedRaftLogWorker.java:<init>(172)) - new 8a411a4f-0e32-4dd1-80b9-a797c2117425@group-817B3DD20E3E-SegmentedRaftLogWorker for RaftStorage:Storage Directory /workdir/hadoop-ozone/integration-test/target/test-dir/MiniOzoneClusterImpl-646ad58d-3cd3-4092-ab15-506251c55e5b/datanode-0/data/ratis/d7213f45-c358-437a-9525-817b3dd20e3e
2019-09-26 15:08:38,434 [pool-27-thread-1] INFO  server.RaftServerConfigKeys (ConfUtils.java:logGet(43)) - raft.server.log.queue.byte-limit = 2147483647 (custom)
2019-09-26 15:08:38,435 [pool-27-thread-1] INFO  server.RaftServerConfigKeys (ConfUtils.java:logGet(43)) - raft.server.log.queue.element-limit = 1024 (custom)
2019-09-26 15:08:38,435 [pool-27-thread-1] INFO  server.RaftServerConfigKeys (ConfUtils.java:logGet(43)) - raft.server.log.segment.size.max = 1048576 (custom)
2019-09-26 15:08:38,435 [pool-27-thread-1] INFO  server.RaftServerConfigKeys (ConfUtils.java:logGet(43)) - raft.server.log.preallocated.size = 16384 (custom)
2019-09-26 15:08:38,435 [pool-27-thread-1] INFO  server.RaftServerConfigKeys (ConfUtils.java:logGet(43)) - raft.server.log.write.buffer.size = 33554432 (custom)
2019-09-26 15:08:38,435 [pool-27-thread-1] INFO  server.RaftServerConfigKeys (ConfUtils.java:logGet(43)) - raft.server.log.force.sync.num = 128 (default)
2019-09-26 15:08:38,435 [pool-27-thread-1] INFO  server.RaftServerConfigKeys (ConfUtils.java:logGet(43)) - raft.server.log.statemachine.data.sync = true (default)
2019-09-26 15:08:38,435 [pool-27-thread-1] INFO  server.RaftServerConfigKeys (ConfUtils.java:logGet(43)) - raft.server.log.statemachine.data.sync.timeout = 10s (default)
2019-09-26 15:08:38,435 [pool-27-thread-1] INFO  server.RaftServerConfigKeys (ConfUtils.java:logGet(43)) - raft.server.log.statemachine.data.sync.timeout.retry = -1 (default)
2019-09-26 15:08:38,435 [pool-27-thread-1] INFO  server.RaftServerConfigKeys (ConfUtils.java:logGet(43)) - raft.server.log.statemachine.data.caching.enabled = true (custom)
2019-09-26 15:08:38,436 [pool-27-thread-1] INFO  segmented.SegmentedRaftLogWorker (SegmentedRaftLogWorker.java:lambda$new$0(132)) - 8a411a4f-0e32-4dd1-80b9-a797c2117425@group-817B3DD20E3E-SegmentedRaftLogWorker: flushIndex: setUnconditionally 0 -> -1
2019-09-26 15:08:38,436 [pool-27-thread-1] INFO  server.RaftServerConfigKeys (ConfUtils.java:logGet(43)) - raft.server.snapshot.auto.trigger.enabled = true (custom)
2019-09-26 15:08:38,436 [pool-27-thread-1] INFO  server.RaftServerConfigKeys (ConfUtils.java:logGet(43)) - raft.server.snapshot.auto.trigger.threshold = 10000 (custom)
2019-09-26 15:08:38,436 [pool-27-thread-1] INFO  server.RaftServerConfigKeys (ConfUtils.java:logGet(43)) - raft.server.snapshot.retention.num.files = 5 (custom)
2019-09-26 15:08:38,436 [pool-27-thread-1] INFO  server.RaftServerConfigKeys (ConfUtils.java:logGet(43)) - raft.server.retrycache.expirytime = 600000ms (custom)
2019-09-26 15:08:38,437 [pool-27-thread-1] INFO  impl.RaftServerImpl (RaftServerImpl.java:start(185)) - 8a411a4f-0e32-4dd1-80b9-a797c2117425@group-817B3DD20E3E: start as a follower, conf=-1: [8a411a4f-0e32-4dd1-80b9-a797c2117425:192.168.151.99:37125], old=null
2019-09-26 15:08:38,438 [pool-27-thread-1] INFO  impl.RaftServerImpl (RaftServerImpl.java:setRole(174)) - 8a411a4f-0e32-4dd1-80b9-a797c2117425@group-817B3DD20E3E: changes role from      null to FOLLOWER at term 0 for startAsFollower
2019-09-26 15:08:38,438 [pool-27-thread-1] INFO  impl.RoleInfo (RoleInfo.java:updateAndGet(143)) - 8a411a4f-0e32-4dd1-80b9-a797c2117425: start FollowerState
2019-09-26 15:08:38,438 [pool-27-thread-1] INFO  util.JmxRegister (JmxRegister.java:tryRegister(44)) - Successfully registered JMX Bean with object name Ratis:service=RaftServer,group=group-817B3DD20E3E,id=8a411a4f-0e32-4dd1-80b9-a797c2117425
2019-09-26 15:08:38,440 [RatisPipelineUtilsThread] INFO  pipeline.PipelineStateManager (PipelineStateManager.java:addPipeline(56)) - Created pipeline Pipeline[ Id: d7213f45-c358-437a-9525-817b3dd20e3e, Nodes: 8a411a4f-0e32-4dd1-80b9-a797c2117425{ip: 192.168.151.99, host: pr-hdds-1569-g6sp5-2013761785, networkLocation: /default-rack, certSerialId: null}, Type:RATIS, Factor:ONE, State:OPEN]
2019-09-26 15:08:38,443 [grpc-default-executor-1] INFO  impl.RaftServerProxy (RaftServerProxy.java:addNew(89)) - 8a411a4f-0e32-4dd1-80b9-a797c2117425: addNew group-9758B97C7A43:[8a411a4f-0e32-4dd1-80b9-a797c2117425:192.168.151.99:37125] returns group-9758B97C7A43:java.util.concurrent.CompletableFuture@2e52d2[Not completed]
2019-09-26 15:08:38,443 [pool-27-thread-1] INFO  impl.RaftServerImpl (RaftServerImpl.java:<init>(95)) - 8a411a4f-0e32-4dd1-80b9-a797c2117425: new RaftServerImpl for group-9758B97C7A43:[8a411a4f-0e32-4dd1-80b9-a797c2117425:192.168.151.99:37125] with ContainerStateMachine:uninitialized
2019-09-26 15:08:38,444 [pool-27-thread-1] INFO  server.RaftServerConfigKeys (ConfUtils.java:logGet(43)) - raft.server.rpc.timeout.min = 5s (custom)
2019-09-26 15:08:38,444 [pool-27-thread-1] INFO  server.RaftServerConfigKeys (ConfUtils.java:logGet(43)) - raft.server.rpc.timeout.max = 5200ms (custom)
2019-09-26 15:08:38,444 [pool-27-thread-1] INFO  server.RaftServerConfigKeys (ConfUtils.java:logGet(43)) - raft.server.rpcslowness.timeout = 120s (custom)
2019-09-26 15:08:38,444 [pool-27-thread-1] INFO  server.RaftServerConfigKeys (ConfUtils.java:logGet(43)) - raft.server.sleep.deviation.threshold = 300 (default)
2019-09-26 15:08:38,444 [pool-27-thread-1] INFO  server.RaftServerConfigKeys (ConfUtils.java:logGet(43)) - raft.server.log.appender.install.snapshot.enabled = false (custom)
2019-09-26 15:08:38,444 [pool-27-thread-1] INFO  impl.RaftServerImpl (ServerState.java:<init>(103)) - 8a411a4f-0e32-4dd1-80b9-a797c2117425@group-9758B97C7A43: ConfigurationManager, init=-1: [8a411a4f-0e32-4dd1-80b9-a797c2117425:192.168.151.99:37125], old=null, confs=<EMPTY_MAP>
2019-09-26 15:08:38,444 [pool-27-thread-1] INFO  server.RaftServerConfigKeys (ConfUtils.java:logGet(43)) - raft.server.storage.dir = [/workdir/hadoop-ozone/integration-test/target/test-dir/MiniOzoneClusterImpl-646ad58d-3cd3-4092-ab15-506251c55e5b/datanode-0/data/ratis] (custom)
2019-09-26 15:08:38,445 [pool-27-thread-1] INFO  storage.RaftStorageDirectory (RaftStorageDirectory.java:analyzeStorage(246)) - The storage directory /workdir/hadoop-ozone/integration-test/target/test-dir/MiniOzoneClusterImpl-646ad58d-3cd3-4092-ab15-506251c55e5b/datanode-0/data/ratis/8c0d92bb-c6c3-4908-b5a1-9758b97c7a43 does not exist. Creating ...
2019-09-26 15:08:38,467 [pool-27-thread-1] INFO  storage.RaftStorageDirectory (RaftStorageDirectory.java:tryLock(328)) - Lock on /workdir/hadoop-ozone/integration-test/target/test-dir/MiniOzoneClusterImpl-646ad58d-3cd3-4092-ab15-506251c55e5b/datanode-0/data/ratis/8c0d92bb-c6c3-4908-b5a1-9758b97c7a43/in_use.lock acquired by nodename 7157@pr-hdds-1569-g6sp5-2013761785
2019-09-26 15:08:38,481 [pool-27-thread-1] INFO  storage.RaftStorage (RaftStorage.java:format(72)) - Storage directory /workdir/hadoop-ozone/integration-test/target/test-dir/MiniOzoneClusterImpl-646ad58d-3cd3-4092-ab15-506251c55e5b/datanode-0/data/ratis/8c0d92bb-c6c3-4908-b5a1-9758b97c7a43 has been successfully formatted.
2019-09-26 15:08:38,482 [pool-27-thread-1] INFO  ratis.ContainerStateMachine (ContainerStateMachine.java:loadSnapshot(230)) - group-9758B97C7A43: The snapshot info is null. Setting the last applied indexto:(t:0, i:~)
2019-09-26 15:08:38,482 [pool-27-thread-1] INFO  server.RaftServerConfigKeys (ConfUtils.java:logGet(43)) - raft.server.notification.no-leader.timeout = 120s (custom)
2019-09-26 15:08:38,482 [pool-27-thread-1] INFO  server.RaftServerConfigKeys (ConfUtils.java:logGet(43)) - raft.server.log.use.memory = false (default)
2019-09-26 15:08:38,482 [pool-27-thread-1] INFO  server.RaftServerConfigKeys (ConfUtils.java:logGet(43)) - raft.server.log.purge.gap = 1000000 (custom)
2019-09-26 15:08:38,482 [pool-27-thread-1] INFO  server.RaftServerConfigKeys (ConfUtils.java:logGet(43)) - raft.server.log.appender.buffer.byte-limit = 33554432 (custom)
2019-09-26 15:08:38,482 [pool-27-thread-1] INFO  server.RaftServerConfigKeys (ConfUtils.java:logGet(43)) - raft.server.log.segment.size.max = 1048576 (custom)
2019-09-26 15:08:38,482 [pool-27-thread-1] INFO  server.RaftServerConfigKeys (ConfUtils.java:logGet(43)) - raft.server.log.segment.cache.num.max = 2 (custom)
2019-09-26 15:08:38,482 [pool-27-thread-1] INFO  segmented.SegmentedRaftLogWorker (SegmentedRaftLogWorker.java:<init>(172)) - new 8a411a4f-0e32-4dd1-80b9-a797c2117425@group-9758B97C7A43-SegmentedRaftLogWorker for RaftStorage:Storage Directory /workdir/hadoop-ozone/integration-test/target/test-dir/MiniOzoneClusterImpl-646ad58d-3cd3-4092-ab15-506251c55e5b/datanode-0/data/ratis/8c0d92bb-c6c3-4908-b5a1-9758b97c7a43
2019-09-26 15:08:38,482 [pool-27-thread-1] INFO  server.RaftServerConfigKeys (ConfUtils.java:logGet(43)) - raft.server.log.queue.byte-limit = 2147483647 (custom)
2019-09-26 15:08:38,482 [pool-27-thread-1] INFO  server.RaftServerConfigKeys (ConfUtils.java:logGet(43)) - raft.server.log.queue.element-limit = 1024 (custom)
2019-09-26 15:08:38,482 [pool-27-thread-1] INFO  server.RaftServerConfigKeys (ConfUtils.java:logGet(43)) - raft.server.log.segment.size.max = 1048576 (custom)
2019-09-26 15:08:38,482 [pool-27-thread-1] INFO  server.RaftServerConfigKeys (ConfUtils.java:logGet(43)) - raft.server.log.preallocated.size = 16384 (custom)
2019-09-26 15:08:38,483 [pool-27-thread-1] INFO  server.RaftServerConfigKeys (ConfUtils.java:logGet(43)) - raft.server.log.write.buffer.size = 33554432 (custom)
2019-09-26 15:08:38,483 [pool-27-thread-1] INFO  server.RaftServerConfigKeys (ConfUtils.java:logGet(43)) - raft.server.log.force.sync.num = 128 (default)
2019-09-26 15:08:38,483 [pool-27-thread-1] INFO  server.RaftServerConfigKeys (ConfUtils.java:logGet(43)) - raft.server.log.statemachine.data.sync = true (default)
2019-09-26 15:08:38,483 [pool-27-thread-1] INFO  server.RaftServerConfigKeys (ConfUtils.java:logGet(43)) - raft.server.log.statemachine.data.sync.timeout = 10s (default)
2019-09-26 15:08:38,483 [pool-27-thread-1] INFO  server.RaftServerConfigKeys (ConfUtils.java:logGet(43)) - raft.server.log.statemachine.data.sync.timeout.retry = -1 (default)
2019-09-26 15:08:38,483 [pool-27-thread-1] INFO  server.RaftServerConfigKeys (ConfUtils.java:logGet(43)) - raft.server.log.statemachine.data.caching.enabled = true (custom)
2019-09-26 15:08:38,483 [pool-27-thread-1] INFO  segmented.SegmentedRaftLogWorker (SegmentedRaftLogWorker.java:lambda$new$0(132)) - 8a411a4f-0e32-4dd1-80b9-a797c2117425@group-9758B97C7A43-SegmentedRaftLogWorker: flushIndex: setUnconditionally 0 -> -1
2019-09-26 15:08:38,483 [pool-27-thread-1] INFO  server.RaftServerConfigKeys (ConfUtils.java:logGet(43)) - raft.server.snapshot.auto.trigger.enabled = true (custom)
2019-09-26 15:08:38,483 [pool-27-thread-1] INFO  server.RaftServerConfigKeys (ConfUtils.java:logGet(43)) - raft.server.snapshot.auto.trigger.threshold = 10000 (custom)
2019-09-26 15:08:38,484 [pool-27-thread-1] INFO  server.RaftServerConfigKeys (ConfUtils.java:logGet(43)) - raft.server.snapshot.retention.num.files = 5 (custom)
2019-09-26 15:08:38,484 [pool-27-thread-1] INFO  server.RaftServerConfigKeys (ConfUtils.java:logGet(43)) - raft.server.retrycache.expirytime = 600000ms (custom)
2019-09-26 15:08:38,485 [pool-27-thread-1] INFO  impl.RaftServerImpl (RaftServerImpl.java:start(185)) - 8a411a4f-0e32-4dd1-80b9-a797c2117425@group-9758B97C7A43: start as a follower, conf=-1: [8a411a4f-0e32-4dd1-80b9-a797c2117425:192.168.151.99:37125], old=null
2019-09-26 15:08:38,485 [pool-27-thread-1] INFO  impl.RaftServerImpl (RaftServerImpl.java:setRole(174)) - 8a411a4f-0e32-4dd1-80b9-a797c2117425@group-9758B97C7A43: changes role from      null to FOLLOWER at term 0 for startAsFollower
2019-09-26 15:08:38,485 [pool-27-thread-1] INFO  impl.RoleInfo (RoleInfo.java:updateAndGet(143)) - 8a411a4f-0e32-4dd1-80b9-a797c2117425: start FollowerState
2019-09-26 15:08:38,485 [pool-27-thread-1] INFO  util.JmxRegister (JmxRegister.java:tryRegister(44)) - Successfully registered JMX Bean with object name Ratis:service=RaftServer,group=group-9758B97C7A43,id=8a411a4f-0e32-4dd1-80b9-a797c2117425
2019-09-26 15:08:38,487 [RatisPipelineUtilsThread] INFO  pipeline.PipelineStateManager (PipelineStateManager.java:addPipeline(56)) - Created pipeline Pipeline[ Id: 8c0d92bb-c6c3-4908-b5a1-9758b97c7a43, Nodes: 8a411a4f-0e32-4dd1-80b9-a797c2117425{ip: 192.168.151.99, host: pr-hdds-1569-g6sp5-2013761785, networkLocation: /default-rack, certSerialId: null}, Type:RATIS, Factor:ONE, State:OPEN]
2019-09-26 15:08:38,490 [grpc-default-executor-1] INFO  impl.RaftServerProxy (RaftServerProxy.java:addNew(89)) - 8a411a4f-0e32-4dd1-80b9-a797c2117425: addNew group-08B3FA40B821:[8a411a4f-0e32-4dd1-80b9-a797c2117425:192.168.151.99:37125] returns group-08B3FA40B821:java.util.concurrent.CompletableFuture@350a1e50[Not completed]
2019-09-26 15:08:38,491 [pool-27-thread-1] INFO  impl.RaftServerImpl (RaftServerImpl.java:<init>(95)) - 8a411a4f-0e32-4dd1-80b9-a797c2117425: new RaftServerImpl for group-08B3FA40B821:[8a411a4f-0e32-4dd1-80b9-a797c2117425:192.168.151.99:37125] with ContainerStateMachine:uninitialized
2019-09-26 15:08:38,491 [pool-27-thread-1] INFO  server.RaftServerConfigKeys (ConfUtils.java:logGet(43)) - raft.server.rpc.timeout.min = 5s (custom)
2019-09-26 15:08:38,491 [pool-27-thread-1] INFO  server.RaftServerConfigKeys (ConfUtils.java:logGet(43)) - raft.server.rpc.timeout.max = 5200ms (custom)
2019-09-26 15:08:38,491 [pool-27-thread-1] INFO  server.RaftServerConfigKeys (ConfUtils.java:logGet(43)) - raft.server.rpcslowness.timeout = 120s (custom)
2019-09-26 15:08:38,491 [pool-27-thread-1] INFO  server.RaftServerConfigKeys (ConfUtils.java:logGet(43)) - raft.server.sleep.deviation.threshold = 300 (default)
2019-09-26 15:08:38,491 [pool-27-thread-1] INFO  server.RaftServerConfigKeys (ConfUtils.java:logGet(43)) - raft.server.log.appender.install.snapshot.enabled = false (custom)
2019-09-26 15:08:38,491 [pool-27-thread-1] INFO  impl.RaftServerImpl (ServerState.java:<init>(103)) - 8a411a4f-0e32-4dd1-80b9-a797c2117425@group-08B3FA40B821: ConfigurationManager, init=-1: [8a411a4f-0e32-4dd1-80b9-a797c2117425:192.168.151.99:37125], old=null, confs=<EMPTY_MAP>
2019-09-26 15:08:38,491 [pool-27-thread-1] INFO  server.RaftServerConfigKeys (ConfUtils.java:logGet(43)) - raft.server.storage.dir = [/workdir/hadoop-ozone/integration-test/target/test-dir/MiniOzoneClusterImpl-646ad58d-3cd3-4092-ab15-506251c55e5b/datanode-0/data/ratis] (custom)
2019-09-26 15:08:38,492 [pool-27-thread-1] INFO  storage.RaftStorageDirectory (RaftStorageDirectory.java:analyzeStorage(246)) - The storage directory /workdir/hadoop-ozone/integration-test/target/test-dir/MiniOzoneClusterImpl-646ad58d-3cd3-4092-ab15-506251c55e5b/datanode-0/data/ratis/9f8ee89e-e6ed-4996-a291-08b3fa40b821 does not exist. Creating ...
2019-09-26 15:08:38,507 [pool-27-thread-1] INFO  storage.RaftStorageDirectory (RaftStorageDirectory.java:tryLock(328)) - Lock on /workdir/hadoop-ozone/integration-test/target/test-dir/MiniOzoneClusterImpl-646ad58d-3cd3-4092-ab15-506251c55e5b/datanode-0/data/ratis/9f8ee89e-e6ed-4996-a291-08b3fa40b821/in_use.lock acquired by nodename 7157@pr-hdds-1569-g6sp5-2013761785
2019-09-26 15:08:38,520 [pool-27-thread-1] INFO  storage.RaftStorage (RaftStorage.java:format(72)) - Storage directory /workdir/hadoop-ozone/integration-test/target/test-dir/MiniOzoneClusterImpl-646ad58d-3cd3-4092-ab15-506251c55e5b/datanode-0/data/ratis/9f8ee89e-e6ed-4996-a291-08b3fa40b821 has been successfully formatted.
2019-09-26 15:08:38,520 [pool-27-thread-1] INFO  ratis.ContainerStateMachine (ContainerStateMachine.java:loadSnapshot(230)) - group-08B3FA40B821: The snapshot info is null. Setting the last applied indexto:(t:0, i:~)
2019-09-26 15:08:38,520 [pool-27-thread-1] INFO  server.RaftServerConfigKeys (ConfUtils.java:logGet(43)) - raft.server.notification.no-leader.timeout = 120s (custom)
2019-09-26 15:08:38,520 [pool-27-thread-1] INFO  server.RaftServerConfigKeys (ConfUtils.java:logGet(43)) - raft.server.log.use.memory = false (default)
2019-09-26 15:08:38,520 [pool-27-thread-1] INFO  server.RaftServerConfigKeys (ConfUtils.java:logGet(43)) - raft.server.log.purge.gap = 1000000 (custom)
2019-09-26 15:08:38,521 [pool-27-thread-1] INFO  server.RaftServerConfigKeys (ConfUtils.java:logGet(43)) - raft.server.log.appender.buffer.byte-limit = 33554432 (custom)
2019-09-26 15:08:38,521 [pool-27-thread-1] INFO  server.RaftServerConfigKeys (ConfUtils.java:logGet(43)) - raft.server.log.segment.size.max = 1048576 (custom)
2019-09-26 15:08:38,521 [pool-27-thread-1] INFO  server.RaftServerConfigKeys (ConfUtils.java:logGet(43)) - raft.server.log.segment.cache.num.max = 2 (custom)
2019-09-26 15:08:38,521 [pool-27-thread-1] INFO  segmented.SegmentedRaftLogWorker (SegmentedRaftLogWorker.java:<init>(172)) - new 8a411a4f-0e32-4dd1-80b9-a797c2117425@group-08B3FA40B821-SegmentedRaftLogWorker for RaftStorage:Storage Directory /workdir/hadoop-ozone/integration-test/target/test-dir/MiniOzoneClusterImpl-646ad58d-3cd3-4092-ab15-506251c55e5b/datanode-0/data/ratis/9f8ee89e-e6ed-4996-a291-08b3fa40b821
2019-09-26 15:08:38,521 [pool-27-thread-1] INFO  server.RaftServerConfigKeys (ConfUtils.java:logGet(43)) - raft.server.log.queue.byte-limit = 2147483647 (custom)
2019-09-26 15:08:38,521 [pool-27-thread-1] INFO  server.RaftServerConfigKeys (ConfUtils.java:logGet(43)) - raft.server.log.queue.element-limit = 1024 (custom)
2019-09-26 15:08:38,521 [pool-27-thread-1] INFO  server.RaftServerConfigKeys (ConfUtils.java:logGet(43)) - raft.server.log.segment.size.max = 1048576 (custom)
2019-09-26 15:08:38,521 [pool-27-thread-1] INFO  server.RaftServerConfigKeys (ConfUtils.java:logGet(43)) - raft.server.log.preallocated.size = 16384 (custom)
2019-09-26 15:08:38,521 [pool-27-thread-1] INFO  server.RaftServerConfigKeys (ConfUtils.java:logGet(43)) - raft.server.log.write.buffer.size = 33554432 (custom)
2019-09-26 15:08:38,521 [pool-27-thread-1] INFO  server.RaftServerConfigKeys (ConfUtils.java:logGet(43)) - raft.server.log.force.sync.num = 128 (default)
2019-09-26 15:08:38,522 [pool-27-thread-1] INFO  server.RaftServerConfigKeys (ConfUtils.java:logGet(43)) - raft.server.log.statemachine.data.sync = true (default)
2019-09-26 15:08:38,522 [pool-27-thread-1] INFO  server.RaftServerConfigKeys (ConfUtils.java:logGet(43)) - raft.server.log.statemachine.data.sync.timeout = 10s (default)
2019-09-26 15:08:38,522 [pool-27-thread-1] INFO  server.RaftServerConfigKeys (ConfUtils.java:logGet(43)) - raft.server.log.statemachine.data.sync.timeout.retry = -1 (default)
2019-09-26 15:08:38,522 [pool-27-thread-1] INFO  server.RaftServerConfigKeys (ConfUtils.java:logGet(43)) - raft.server.log.statemachine.data.caching.enabled = true (custom)
2019-09-26 15:08:38,522 [pool-27-thread-1] INFO  segmented.SegmentedRaftLogWorker (SegmentedRaftLogWorker.java:lambda$new$0(132)) - 8a411a4f-0e32-4dd1-80b9-a797c2117425@group-08B3FA40B821-SegmentedRaftLogWorker: flushIndex: setUnconditionally 0 -> -1
2019-09-26 15:08:38,522 [pool-27-thread-1] INFO  server.RaftServerConfigKeys (ConfUtils.java:logGet(43)) - raft.server.snapshot.auto.trigger.enabled = true (custom)
2019-09-26 15:08:38,522 [pool-27-thread-1] INFO  server.RaftServerConfigKeys (ConfUtils.java:logGet(43)) - raft.server.snapshot.auto.trigger.threshold = 10000 (custom)
2019-09-26 15:08:38,523 [pool-27-thread-1] INFO  server.RaftServerConfigKeys (ConfUtils.java:logGet(43)) - raft.server.snapshot.retention.num.files = 5 (custom)
2019-09-26 15:08:38,523 [pool-27-thread-1] INFO  server.RaftServerConfigKeys (ConfUtils.java:logGet(43)) - raft.server.retrycache.expirytime = 600000ms (custom)
2019-09-26 15:08:38,524 [pool-27-thread-1] INFO  impl.RaftServerImpl (RaftServerImpl.java:start(185)) - 8a411a4f-0e32-4dd1-80b9-a797c2117425@group-08B3FA40B821: start as a follower, conf=-1: [8a411a4f-0e32-4dd1-80b9-a797c2117425:192.168.151.99:37125], old=null
2019-09-26 15:08:38,524 [pool-27-thread-1] INFO  impl.RaftServerImpl (RaftServerImpl.java:setRole(174)) - 8a411a4f-0e32-4dd1-80b9-a797c2117425@group-08B3FA40B821: changes role from      null to FOLLOWER at term 0 for startAsFollower
2019-09-26 15:08:38,524 [pool-27-thread-1] INFO  impl.RoleInfo (RoleInfo.java:updateAndGet(143)) - 8a411a4f-0e32-4dd1-80b9-a797c2117425: start FollowerState
2019-09-26 15:08:38,524 [pool-27-thread-1] INFO  util.JmxRegister (JmxRegister.java:tryRegister(44)) - Successfully registered JMX Bean with object name Ratis:service=RaftServer,group=group-08B3FA40B821,id=8a411a4f-0e32-4dd1-80b9-a797c2117425
2019-09-26 15:08:38,526 [RatisPipelineUtilsThread] INFO  pipeline.PipelineStateManager (PipelineStateManager.java:addPipeline(56)) - Created pipeline Pipeline[ Id: 9f8ee89e-e6ed-4996-a291-08b3fa40b821, Nodes: 8a411a4f-0e32-4dd1-80b9-a797c2117425{ip: 192.168.151.99, host: pr-hdds-1569-g6sp5-2013761785, networkLocation: /default-rack, certSerialId: null}, Type:RATIS, Factor:ONE, State:OPEN]
2019-09-26 15:08:38,529 [grpc-default-executor-1] INFO  impl.RaftServerProxy (RaftServerProxy.java:addNew(89)) - 8a411a4f-0e32-4dd1-80b9-a797c2117425: addNew group-5997EE45F5E1:[8a411a4f-0e32-4dd1-80b9-a797c2117425:192.168.151.99:37125] returns group-5997EE45F5E1:java.util.concurrent.CompletableFuture@706df389[Not completed]
2019-09-26 15:08:38,530 [pool-27-thread-1] INFO  impl.RaftServerImpl (RaftServerImpl.java:<init>(95)) - 8a411a4f-0e32-4dd1-80b9-a797c2117425: new RaftServerImpl for group-5997EE45F5E1:[8a411a4f-0e32-4dd1-80b9-a797c2117425:192.168.151.99:37125] with ContainerStateMachine:uninitialized
2019-09-26 15:08:38,530 [pool-27-thread-1] INFO  server.RaftServerConfigKeys (ConfUtils.java:logGet(43)) - raft.server.rpc.timeout.min = 5s (custom)
2019-09-26 15:08:38,530 [pool-27-thread-1] INFO  server.RaftServerConfigKeys (ConfUtils.java:logGet(43)) - raft.server.rpc.timeout.max = 5200ms (custom)
2019-09-26 15:08:38,530 [pool-27-thread-1] INFO  server.RaftServerConfigKeys (ConfUtils.java:logGet(43)) - raft.server.rpcslowness.timeout = 120s (custom)
2019-09-26 15:08:38,530 [pool-27-thread-1] INFO  server.RaftServerConfigKeys (ConfUtils.java:logGet(43)) - raft.server.sleep.deviation.threshold = 300 (default)
2019-09-26 15:08:38,530 [pool-27-thread-1] INFO  server.RaftServerConfigKeys (ConfUtils.java:logGet(43)) - raft.server.log.appender.install.snapshot.enabled = false (custom)
2019-09-26 15:08:38,530 [pool-27-thread-1] INFO  impl.RaftServerImpl (ServerState.java:<init>(103)) - 8a411a4f-0e32-4dd1-80b9-a797c2117425@group-5997EE45F5E1: ConfigurationManager, init=-1: [8a411a4f-0e32-4dd1-80b9-a797c2117425:192.168.151.99:37125], old=null, confs=<EMPTY_MAP>
2019-09-26 15:08:38,530 [pool-27-thread-1] INFO  server.RaftServerConfigKeys (ConfUtils.java:logGet(43)) - raft.server.storage.dir = [/workdir/hadoop-ozone/integration-test/target/test-dir/MiniOzoneClusterImpl-646ad58d-3cd3-4092-ab15-506251c55e5b/datanode-0/data/ratis] (custom)
2019-09-26 15:08:38,531 [pool-27-thread-1] INFO  storage.RaftStorageDirectory (RaftStorageDirectory.java:analyzeStorage(246)) - The storage directory /workdir/hadoop-ozone/integration-test/target/test-dir/MiniOzoneClusterImpl-646ad58d-3cd3-4092-ab15-506251c55e5b/datanode-0/data/ratis/a736628a-04a6-4288-9a68-5997ee45f5e1 does not exist. Creating ...
2019-09-26 15:08:38,544 [pool-27-thread-1] INFO  storage.RaftStorageDirectory (RaftStorageDirectory.java:tryLock(328)) - Lock on /workdir/hadoop-ozone/integration-test/target/test-dir/MiniOzoneClusterImpl-646ad58d-3cd3-4092-ab15-506251c55e5b/datanode-0/data/ratis/a736628a-04a6-4288-9a68-5997ee45f5e1/in_use.lock acquired by nodename 7157@pr-hdds-1569-g6sp5-2013761785
2019-09-26 15:08:38,565 [pool-27-thread-1] INFO  storage.RaftStorage (RaftStorage.java:format(72)) - Storage directory /workdir/hadoop-ozone/integration-test/target/test-dir/MiniOzoneClusterImpl-646ad58d-3cd3-4092-ab15-506251c55e5b/datanode-0/data/ratis/a736628a-04a6-4288-9a68-5997ee45f5e1 has been successfully formatted.
2019-09-26 15:08:38,566 [pool-27-thread-1] INFO  ratis.ContainerStateMachine (ContainerStateMachine.java:loadSnapshot(230)) - group-5997EE45F5E1: The snapshot info is null. Setting the last applied indexto:(t:0, i:~)
2019-09-26 15:08:38,566 [pool-27-thread-1] INFO  server.RaftServerConfigKeys (ConfUtils.java:logGet(43)) - raft.server.notification.no-leader.timeout = 120s (custom)
2019-09-26 15:08:38,566 [pool-27-thread-1] INFO  server.RaftServerConfigKeys (ConfUtils.java:logGet(43)) - raft.server.log.use.memory = false (default)
2019-09-26 15:08:38,566 [pool-27-thread-1] INFO  server.RaftServerConfigKeys (ConfUtils.java:logGet(43)) - raft.server.log.purge.gap = 1000000 (custom)
2019-09-26 15:08:38,566 [pool-27-thread-1] INFO  server.RaftServerConfigKeys (ConfUtils.java:logGet(43)) - raft.server.log.appender.buffer.byte-limit = 33554432 (custom)
2019-09-26 15:08:38,566 [pool-27-thread-1] INFO  server.RaftServerConfigKeys (ConfUtils.java:logGet(43)) - raft.server.log.segment.size.max = 1048576 (custom)
2019-09-26 15:08:38,566 [pool-27-thread-1] INFO  server.RaftServerConfigKeys (ConfUtils.java:logGet(43)) - raft.server.log.segment.cache.num.max = 2 (custom)
2019-09-26 15:08:38,566 [pool-27-thread-1] INFO  segmented.SegmentedRaftLogWorker (SegmentedRaftLogWorker.java:<init>(172)) - new 8a411a4f-0e32-4dd1-80b9-a797c2117425@group-5997EE45F5E1-SegmentedRaftLogWorker for RaftStorage:Storage Directory /workdir/hadoop-ozone/integration-test/target/test-dir/MiniOzoneClusterImpl-646ad58d-3cd3-4092-ab15-506251c55e5b/datanode-0/data/ratis/a736628a-04a6-4288-9a68-5997ee45f5e1
2019-09-26 15:08:38,567 [pool-27-thread-1] INFO  server.RaftServerConfigKeys (ConfUtils.java:logGet(43)) - raft.server.log.queue.byte-limit = 2147483647 (custom)
2019-09-26 15:08:38,567 [pool-27-thread-1] INFO  server.RaftServerConfigKeys (ConfUtils.java:logGet(43)) - raft.server.log.queue.element-limit = 1024 (custom)
2019-09-26 15:08:38,567 [pool-27-thread-1] INFO  server.RaftServerConfigKeys (ConfUtils.java:logGet(43)) - raft.server.log.segment.size.max = 1048576 (custom)
2019-09-26 15:08:38,567 [pool-27-thread-1] INFO  server.RaftServerConfigKeys (ConfUtils.java:logGet(43)) - raft.server.log.preallocated.size = 16384 (custom)
2019-09-26 15:08:38,567 [pool-27-thread-1] INFO  server.RaftServerConfigKeys (ConfUtils.java:logGet(43)) - raft.server.log.write.buffer.size = 33554432 (custom)
2019-09-26 15:08:38,567 [pool-27-thread-1] INFO  server.RaftServerConfigKeys (ConfUtils.java:logGet(43)) - raft.server.log.force.sync.num = 128 (default)
2019-09-26 15:08:38,567 [pool-27-thread-1] INFO  server.RaftServerConfigKeys (ConfUtils.java:logGet(43)) - raft.server.log.statemachine.data.sync = true (default)
2019-09-26 15:08:38,567 [pool-27-thread-1] INFO  server.RaftServerConfigKeys (ConfUtils.java:logGet(43)) - raft.server.log.statemachine.data.sync.timeout = 10s (default)
2019-09-26 15:08:38,567 [pool-27-thread-1] INFO  server.RaftServerConfigKeys (ConfUtils.java:logGet(43)) - raft.server.log.statemachine.data.sync.timeout.retry = -1 (default)
2019-09-26 15:08:38,567 [pool-27-thread-1] INFO  server.RaftServerConfigKeys (ConfUtils.java:logGet(43)) - raft.server.log.statemachine.data.caching.enabled = true (custom)
2019-09-26 15:08:38,568 [pool-27-thread-1] INFO  segmented.SegmentedRaftLogWorker (SegmentedRaftLogWorker.java:lambda$new$0(132)) - 8a411a4f-0e32-4dd1-80b9-a797c2117425@group-5997EE45F5E1-SegmentedRaftLogWorker: flushIndex: setUnconditionally 0 -> -1
2019-09-26 15:08:38,568 [pool-27-thread-1] INFO  server.RaftServerConfigKeys (ConfUtils.java:logGet(43)) - raft.server.snapshot.auto.trigger.enabled = true (custom)
2019-09-26 15:08:38,568 [pool-27-thread-1] INFO  server.RaftServerConfigKeys (ConfUtils.java:logGet(43)) - raft.server.snapshot.auto.trigger.threshold = 10000 (custom)
2019-09-26 15:08:38,568 [pool-27-thread-1] INFO  server.RaftServerConfigKeys (ConfUtils.java:logGet(43)) - raft.server.snapshot.retention.num.files = 5 (custom)
2019-09-26 15:08:38,568 [pool-27-thread-1] INFO  server.RaftServerConfigKeys (ConfUtils.java:logGet(43)) - raft.server.retrycache.expirytime = 600000ms (custom)
2019-09-26 15:08:38,569 [pool-27-thread-1] INFO  impl.RaftServerImpl (RaftServerImpl.java:start(185)) - 8a411a4f-0e32-4dd1-80b9-a797c2117425@group-5997EE45F5E1: start as a follower, conf=-1: [8a411a4f-0e32-4dd1-80b9-a797c2117425:192.168.151.99:37125], old=null
2019-09-26 15:08:38,570 [pool-27-thread-1] INFO  impl.RaftServerImpl (RaftServerImpl.java:setRole(174)) - 8a411a4f-0e32-4dd1-80b9-a797c2117425@group-5997EE45F5E1: changes role from      null to FOLLOWER at term 0 for startAsFollower
2019-09-26 15:08:38,570 [pool-27-thread-1] INFO  impl.RoleInfo (RoleInfo.java:updateAndGet(143)) - 8a411a4f-0e32-4dd1-80b9-a797c2117425: start FollowerState
2019-09-26 15:08:38,570 [pool-27-thread-1] INFO  util.JmxRegister (JmxRegister.java:tryRegister(44)) - Successfully registered JMX Bean with object name Ratis:service=RaftServer,group=group-5997EE45F5E1,id=8a411a4f-0e32-4dd1-80b9-a797c2117425
2019-09-26 15:08:38,571 [RatisPipelineUtilsThread] INFO  pipeline.PipelineStateManager (PipelineStateManager.java:addPipeline(56)) - Created pipeline Pipeline[ Id: a736628a-04a6-4288-9a68-5997ee45f5e1, Nodes: 8a411a4f-0e32-4dd1-80b9-a797c2117425{ip: 192.168.151.99, host: pr-hdds-1569-g6sp5-2013761785, networkLocation: /default-rack, certSerialId: null}, Type:RATIS, Factor:ONE, State:OPEN]
2019-09-26 15:08:38,574 [grpc-default-executor-1] INFO  impl.RaftServerProxy (RaftServerProxy.java:addNew(89)) - 8a411a4f-0e32-4dd1-80b9-a797c2117425: addNew group-6A12D702F30C:[8a411a4f-0e32-4dd1-80b9-a797c2117425:192.168.151.99:37125] returns group-6A12D702F30C:java.util.concurrent.CompletableFuture@1823c2ba[Not completed]
2019-09-26 15:08:38,575 [pool-27-thread-1] INFO  impl.RaftServerImpl (RaftServerImpl.java:<init>(95)) - 8a411a4f-0e32-4dd1-80b9-a797c2117425: new RaftServerImpl for group-6A12D702F30C:[8a411a4f-0e32-4dd1-80b9-a797c2117425:192.168.151.99:37125] with ContainerStateMachine:uninitialized
2019-09-26 15:08:38,575 [pool-27-thread-1] INFO  server.RaftServerConfigKeys (ConfUtils.java:logGet(43)) - raft.server.rpc.timeout.min = 5s (custom)
2019-09-26 15:08:38,575 [pool-27-thread-1] INFO  server.RaftServerConfigKeys (ConfUtils.java:logGet(43)) - raft.server.rpc.timeout.max = 5200ms (custom)
2019-09-26 15:08:38,575 [pool-27-thread-1] INFO  server.RaftServerConfigKeys (ConfUtils.java:logGet(43)) - raft.server.rpcslowness.timeout = 120s (custom)
2019-09-26 15:08:38,576 [pool-27-thread-1] INFO  server.RaftServerConfigKeys (ConfUtils.java:logGet(43)) - raft.server.sleep.deviation.threshold = 300 (default)
2019-09-26 15:08:38,576 [pool-27-thread-1] INFO  server.RaftServerConfigKeys (ConfUtils.java:logGet(43)) - raft.server.log.appender.install.snapshot.enabled = false (custom)
2019-09-26 15:08:38,576 [pool-27-thread-1] INFO  impl.RaftServerImpl (ServerState.java:<init>(103)) - 8a411a4f-0e32-4dd1-80b9-a797c2117425@group-6A12D702F30C: ConfigurationManager, init=-1: [8a411a4f-0e32-4dd1-80b9-a797c2117425:192.168.151.99:37125], old=null, confs=<EMPTY_MAP>
2019-09-26 15:08:38,576 [pool-27-thread-1] INFO  server.RaftServerConfigKeys (ConfUtils.java:logGet(43)) - raft.server.storage.dir = [/workdir/hadoop-ozone/integration-test/target/test-dir/MiniOzoneClusterImpl-646ad58d-3cd3-4092-ab15-506251c55e5b/datanode-0/data/ratis] (custom)
2019-09-26 15:08:38,577 [pool-27-thread-1] INFO  storage.RaftStorageDirectory (RaftStorageDirectory.java:analyzeStorage(246)) - The storage directory /workdir/hadoop-ozone/integration-test/target/test-dir/MiniOzoneClusterImpl-646ad58d-3cd3-4092-ab15-506251c55e5b/datanode-0/data/ratis/153deba4-e2fa-4fb4-acca-6a12d702f30c does not exist. Creating ...
2019-09-26 15:08:38,583 [pool-27-thread-1] INFO  storage.RaftStorageDirectory (RaftStorageDirectory.java:tryLock(328)) - Lock on /workdir/hadoop-ozone/integration-test/target/test-dir/MiniOzoneClusterImpl-646ad58d-3cd3-4092-ab15-506251c55e5b/datanode-0/data/ratis/153deba4-e2fa-4fb4-acca-6a12d702f30c/in_use.lock acquired by nodename 7157@pr-hdds-1569-g6sp5-2013761785
2019-09-26 15:08:38,598 [pool-27-thread-1] INFO  storage.RaftStorage (RaftStorage.java:format(72)) - Storage directory /workdir/hadoop-ozone/integration-test/target/test-dir/MiniOzoneClusterImpl-646ad58d-3cd3-4092-ab15-506251c55e5b/datanode-0/data/ratis/153deba4-e2fa-4fb4-acca-6a12d702f30c has been successfully formatted.
2019-09-26 15:08:38,598 [pool-27-thread-1] INFO  ratis.ContainerStateMachine (ContainerStateMachine.java:loadSnapshot(230)) - group-6A12D702F30C: The snapshot info is null. Setting the last applied indexto:(t:0, i:~)
2019-09-26 15:08:38,598 [pool-27-thread-1] INFO  server.RaftServerConfigKeys (ConfUtils.java:logGet(43)) - raft.server.notification.no-leader.timeout = 120s (custom)
2019-09-26 15:08:38,598 [pool-27-thread-1] INFO  server.RaftServerConfigKeys (ConfUtils.java:logGet(43)) - raft.server.log.use.memory = false (default)
2019-09-26 15:08:38,598 [pool-27-thread-1] INFO  server.RaftServerConfigKeys (ConfUtils.java:logGet(43)) - raft.server.log.purge.gap = 1000000 (custom)
2019-09-26 15:08:38,598 [pool-27-thread-1] INFO  server.RaftServerConfigKeys (ConfUtils.java:logGet(43)) - raft.server.log.appender.buffer.byte-limit = 33554432 (custom)
2019-09-26 15:08:38,598 [pool-27-thread-1] INFO  server.RaftServerConfigKeys (ConfUtils.java:logGet(43)) - raft.server.log.segment.size.max = 1048576 (custom)
2019-09-26 15:08:38,599 [pool-27-thread-1] INFO  server.RaftServerConfigKeys (ConfUtils.java:logGet(43)) - raft.server.log.segment.cache.num.max = 2 (custom)
2019-09-26 15:08:38,599 [pool-27-thread-1] INFO  segmented.SegmentedRaftLogWorker (SegmentedRaftLogWorker.java:<init>(172)) - new 8a411a4f-0e32-4dd1-80b9-a797c2117425@group-6A12D702F30C-SegmentedRaftLogWorker for RaftStorage:Storage Directory /workdir/hadoop-ozone/integration-test/target/test-dir/MiniOzoneClusterImpl-646ad58d-3cd3-4092-ab15-506251c55e5b/datanode-0/data/ratis/153deba4-e2fa-4fb4-acca-6a12d702f30c
2019-09-26 15:08:38,599 [pool-27-thread-1] INFO  server.RaftServerConfigKeys (ConfUtils.java:logGet(43)) - raft.server.log.queue.byte-limit = 2147483647 (custom)
2019-09-26 15:08:38,599 [pool-27-thread-1] INFO  server.RaftServerConfigKeys (ConfUtils.java:logGet(43)) - raft.server.log.queue.element-limit = 1024 (custom)
2019-09-26 15:08:38,599 [pool-27-thread-1] INFO  server.RaftServerConfigKeys (ConfUtils.java:logGet(43)) - raft.server.log.segment.size.max = 1048576 (custom)
2019-09-26 15:08:38,599 [pool-27-thread-1] INFO  server.RaftServerConfigKeys (ConfUtils.java:logGet(43)) - raft.server.log.preallocated.size = 16384 (custom)
2019-09-26 15:08:38,599 [pool-27-thread-1] INFO  server.RaftServerConfigKeys (ConfUtils.java:logGet(43)) - raft.server.log.write.buffer.size = 33554432 (custom)
2019-09-26 15:08:38,599 [pool-27-thread-1] INFO  server.RaftServerConfigKeys (ConfUtils.java:logGet(43)) - raft.server.log.force.sync.num = 128 (default)
2019-09-26 15:08:38,599 [pool-27-thread-1] INFO  server.RaftServerConfigKeys (ConfUtils.java:logGet(43)) - raft.server.log.statemachine.data.sync = true (default)
2019-09-26 15:08:38,599 [pool-27-thread-1] INFO  server.RaftServerConfigKeys (ConfUtils.java:logGet(43)) - raft.server.log.statemachine.data.sync.timeout = 10s (default)
2019-09-26 15:08:38,600 [pool-27-thread-1] INFO  server.RaftServerConfigKeys (ConfUtils.java:logGet(43)) - raft.server.log.statemachine.data.sync.timeout.retry = -1 (default)
2019-09-26 15:08:38,600 [pool-27-thread-1] INFO  server.RaftServerConfigKeys (ConfUtils.java:logGet(43)) - raft.server.log.statemachine.data.caching.enabled = true (custom)
2019-09-26 15:08:38,600 [pool-27-thread-1] INFO  segmented.SegmentedRaftLogWorker (SegmentedRaftLogWorker.java:lambda$new$0(132)) - 8a411a4f-0e32-4dd1-80b9-a797c2117425@group-6A12D702F30C-SegmentedRaftLogWorker: flushIndex: setUnconditionally 0 -> -1
2019-09-26 15:08:38,600 [pool-27-thread-1] INFO  server.RaftServerConfigKeys (ConfUtils.java:logGet(43)) - raft.server.snapshot.auto.trigger.enabled = true (custom)
2019-09-26 15:08:38,600 [pool-27-thread-1] INFO  server.RaftServerConfigKeys (ConfUtils.java:logGet(43)) - raft.server.snapshot.auto.trigger.threshold = 10000 (custom)
2019-09-26 15:08:38,600 [pool-27-thread-1] INFO  server.RaftServerConfigKeys (ConfUtils.java:logGet(43)) - raft.server.snapshot.retention.num.files = 5 (custom)
2019-09-26 15:08:38,600 [pool-27-thread-1] INFO  server.RaftServerConfigKeys (ConfUtils.java:logGet(43)) - raft.server.retrycache.expirytime = 600000ms (custom)
2019-09-26 15:08:38,602 [pool-27-thread-1] INFO  impl.RaftServerImpl (RaftServerImpl.java:start(185)) - 8a411a4f-0e32-4dd1-80b9-a797c2117425@group-6A12D702F30C: start as a follower, conf=-1: [8a411a4f-0e32-4dd1-80b9-a797c2117425:192.168.151.99:37125], old=null
2019-09-26 15:08:38,602 [pool-27-thread-1] INFO  impl.RaftServerImpl (RaftServerImpl.java:setRole(174)) - 8a411a4f-0e32-4dd1-80b9-a797c2117425@group-6A12D702F30C: changes role from      null to FOLLOWER at term 0 for startAsFollower
2019-09-26 15:08:38,602 [pool-27-thread-1] INFO  impl.RoleInfo (RoleInfo.java:updateAndGet(143)) - 8a411a4f-0e32-4dd1-80b9-a797c2117425: start FollowerState
2019-09-26 15:08:38,602 [pool-27-thread-1] INFO  util.JmxRegister (JmxRegister.java:tryRegister(44)) - Successfully registered JMX Bean with object name Ratis:service=RaftServer,group=group-6A12D702F30C,id=8a411a4f-0e32-4dd1-80b9-a797c2117425
2019-09-26 15:08:38,603 [RatisPipelineUtilsThread] INFO  pipeline.PipelineStateManager (PipelineStateManager.java:addPipeline(56)) - Created pipeline Pipeline[ Id: 153deba4-e2fa-4fb4-acca-6a12d702f30c, Nodes: 8a411a4f-0e32-4dd1-80b9-a797c2117425{ip: 192.168.151.99, host: pr-hdds-1569-g6sp5-2013761785, networkLocation: /default-rack, certSerialId: null}, Type:RATIS, Factor:ONE, State:OPEN]
2019-09-26 15:08:38,606 [grpc-default-executor-1] INFO  impl.RaftServerProxy (RaftServerProxy.java:addNew(89)) - 8a411a4f-0e32-4dd1-80b9-a797c2117425: addNew group-533E6FD97CDD:[8a411a4f-0e32-4dd1-80b9-a797c2117425:192.168.151.99:37125] returns group-533E6FD97CDD:java.util.concurrent.CompletableFuture@399a07ee[Not completed]
2019-09-26 15:08:38,607 [pool-27-thread-1] INFO  impl.RaftServerImpl (RaftServerImpl.java:<init>(95)) - 8a411a4f-0e32-4dd1-80b9-a797c2117425: new RaftServerImpl for group-533E6FD97CDD:[8a411a4f-0e32-4dd1-80b9-a797c2117425:192.168.151.99:37125] with ContainerStateMachine:uninitialized
2019-09-26 15:08:38,607 [pool-27-thread-1] INFO  server.RaftServerConfigKeys (ConfUtils.java:logGet(43)) - raft.server.rpc.timeout.min = 5s (custom)
2019-09-26 15:08:38,607 [pool-27-thread-1] INFO  server.RaftServerConfigKeys (ConfUtils.java:logGet(43)) - raft.server.rpc.timeout.max = 5200ms (custom)
2019-09-26 15:08:38,607 [pool-27-thread-1] INFO  server.RaftServerConfigKeys (ConfUtils.java:logGet(43)) - raft.server.rpcslowness.timeout = 120s (custom)
2019-09-26 15:08:38,607 [pool-27-thread-1] INFO  server.RaftServerConfigKeys (ConfUtils.java:logGet(43)) - raft.server.sleep.deviation.threshold = 300 (default)
2019-09-26 15:08:38,608 [pool-27-thread-1] INFO  server.RaftServerConfigKeys (ConfUtils.java:logGet(43)) - raft.server.log.appender.install.snapshot.enabled = false (custom)
2019-09-26 15:08:38,608 [pool-27-thread-1] INFO  impl.RaftServerImpl (ServerState.java:<init>(103)) - 8a411a4f-0e32-4dd1-80b9-a797c2117425@group-533E6FD97CDD: ConfigurationManager, init=-1: [8a411a4f-0e32-4dd1-80b9-a797c2117425:192.168.151.99:37125], old=null, confs=<EMPTY_MAP>
2019-09-26 15:08:38,608 [pool-27-thread-1] INFO  server.RaftServerConfigKeys (ConfUtils.java:logGet(43)) - raft.server.storage.dir = [/workdir/hadoop-ozone/integration-test/target/test-dir/MiniOzoneClusterImpl-646ad58d-3cd3-4092-ab15-506251c55e5b/datanode-0/data/ratis] (custom)
2019-09-26 15:08:38,609 [pool-27-thread-1] INFO  storage.RaftStorageDirectory (RaftStorageDirectory.java:analyzeStorage(246)) - The storage directory /workdir/hadoop-ozone/integration-test/target/test-dir/MiniOzoneClusterImpl-646ad58d-3cd3-4092-ab15-506251c55e5b/datanode-0/data/ratis/9edf7b5b-6e21-445c-b1bc-533e6fd97cdd does not exist. Creating ...
2019-09-26 15:08:38,624 [pool-27-thread-1] INFO  storage.RaftStorageDirectory (RaftStorageDirectory.java:tryLock(328)) - Lock on /workdir/hadoop-ozone/integration-test/target/test-dir/MiniOzoneClusterImpl-646ad58d-3cd3-4092-ab15-506251c55e5b/datanode-0/data/ratis/9edf7b5b-6e21-445c-b1bc-533e6fd97cdd/in_use.lock acquired by nodename 7157@pr-hdds-1569-g6sp5-2013761785
2019-09-26 15:08:38,638 [pool-27-thread-1] INFO  storage.RaftStorage (RaftStorage.java:format(72)) - Storage directory /workdir/hadoop-ozone/integration-test/target/test-dir/MiniOzoneClusterImpl-646ad58d-3cd3-4092-ab15-506251c55e5b/datanode-0/data/ratis/9edf7b5b-6e21-445c-b1bc-533e6fd97cdd has been successfully formatted.
2019-09-26 15:08:38,638 [pool-27-thread-1] INFO  ratis.ContainerStateMachine (ContainerStateMachine.java:loadSnapshot(230)) - group-533E6FD97CDD: The snapshot info is null. Setting the last applied indexto:(t:0, i:~)
2019-09-26 15:08:38,638 [pool-27-thread-1] INFO  server.RaftServerConfigKeys (ConfUtils.java:logGet(43)) - raft.server.notification.no-leader.timeout = 120s (custom)
2019-09-26 15:08:38,638 [pool-27-thread-1] INFO  server.RaftServerConfigKeys (ConfUtils.java:logGet(43)) - raft.server.log.use.memory = false (default)
2019-09-26 15:08:38,638 [pool-27-thread-1] INFO  server.RaftServerConfigKeys (ConfUtils.java:logGet(43)) - raft.server.log.purge.gap = 1000000 (custom)
2019-09-26 15:08:38,638 [pool-27-thread-1] INFO  server.RaftServerConfigKeys (ConfUtils.java:logGet(43)) - raft.server.log.appender.buffer.byte-limit = 33554432 (custom)
2019-09-26 15:08:38,638 [pool-27-thread-1] INFO  server.RaftServerConfigKeys (ConfUtils.java:logGet(43)) - raft.server.log.segment.size.max = 1048576 (custom)
2019-09-26 15:08:38,638 [pool-27-thread-1] INFO  server.RaftServerConfigKeys (ConfUtils.java:logGet(43)) - raft.server.log.segment.cache.num.max = 2 (custom)
2019-09-26 15:08:38,639 [pool-27-thread-1] INFO  segmented.SegmentedRaftLogWorker (SegmentedRaftLogWorker.java:<init>(172)) - new 8a411a4f-0e32-4dd1-80b9-a797c2117425@group-533E6FD97CDD-SegmentedRaftLogWorker for RaftStorage:Storage Directory /workdir/hadoop-ozone/integration-test/target/test-dir/MiniOzoneClusterImpl-646ad58d-3cd3-4092-ab15-506251c55e5b/datanode-0/data/ratis/9edf7b5b-6e21-445c-b1bc-533e6fd97cdd
2019-09-26 15:08:38,639 [pool-27-thread-1] INFO  server.RaftServerConfigKeys (ConfUtils.java:logGet(43)) - raft.server.log.queue.byte-limit = 2147483647 (custom)
2019-09-26 15:08:38,639 [pool-27-thread-1] INFO  server.RaftServerConfigKeys (ConfUtils.java:logGet(43)) - raft.server.log.queue.element-limit = 1024 (custom)
2019-09-26 15:08:38,639 [pool-27-thread-1] INFO  server.RaftServerConfigKeys (ConfUtils.java:logGet(43)) - raft.server.log.segment.size.max = 1048576 (custom)
2019-09-26 15:08:38,639 [pool-27-thread-1] INFO  server.RaftServerConfigKeys (ConfUtils.java:logGet(43)) - raft.server.log.preallocated.size = 16384 (custom)
2019-09-26 15:08:38,639 [pool-27-thread-1] INFO  server.RaftServerConfigKeys (ConfUtils.java:logGet(43)) - raft.server.log.write.buffer.size = 33554432 (custom)
2019-09-26 15:08:38,639 [pool-27-thread-1] INFO  server.RaftServerConfigKeys (ConfUtils.java:logGet(43)) - raft.server.log.force.sync.num = 128 (default)
2019-09-26 15:08:38,639 [pool-27-thread-1] INFO  server.RaftServerConfigKeys (ConfUtils.java:logGet(43)) - raft.server.log.statemachine.data.sync = true (default)
2019-09-26 15:08:38,639 [pool-27-thread-1] INFO  server.RaftServerConfigKeys (ConfUtils.java:logGet(43)) - raft.server.log.statemachine.data.sync.timeout = 10s (default)
2019-09-26 15:08:38,639 [pool-27-thread-1] INFO  server.RaftServerConfigKeys (ConfUtils.java:logGet(43)) - raft.server.log.statemachine.data.sync.timeout.retry = -1 (default)
2019-09-26 15:08:38,639 [pool-27-thread-1] INFO  server.RaftServerConfigKeys (ConfUtils.java:logGet(43)) - raft.server.log.statemachine.data.caching.enabled = true (custom)
2019-09-26 15:08:38,639 [pool-27-thread-1] INFO  segmented.SegmentedRaftLogWorker (SegmentedRaftLogWorker.java:lambda$new$0(132)) - 8a411a4f-0e32-4dd1-80b9-a797c2117425@group-533E6FD97CDD-SegmentedRaftLogWorker: flushIndex: setUnconditionally 0 -> -1
2019-09-26 15:08:38,640 [pool-27-thread-1] INFO  server.RaftServerConfigKeys (ConfUtils.java:logGet(43)) - raft.server.snapshot.auto.trigger.enabled = true (custom)
2019-09-26 15:08:38,640 [pool-27-thread-1] INFO  server.RaftServerConfigKeys (ConfUtils.java:logGet(43)) - raft.server.snapshot.auto.trigger.threshold = 10000 (custom)
2019-09-26 15:08:38,640 [pool-27-thread-1] INFO  server.RaftServerConfigKeys (ConfUtils.java:logGet(43)) - raft.server.snapshot.retention.num.files = 5 (custom)
2019-09-26 15:08:38,640 [pool-27-thread-1] INFO  server.RaftServerConfigKeys (ConfUtils.java:logGet(43)) - raft.server.retrycache.expirytime = 600000ms (custom)
2019-09-26 15:08:38,641 [pool-27-thread-1] INFO  impl.RaftServerImpl (RaftServerImpl.java:start(185)) - 8a411a4f-0e32-4dd1-80b9-a797c2117425@group-533E6FD97CDD: start as a follower, conf=-1: [8a411a4f-0e32-4dd1-80b9-a797c2117425:192.168.151.99:37125], old=null
2019-09-26 15:08:38,641 [pool-27-thread-1] INFO  impl.RaftServerImpl (RaftServerImpl.java:setRole(174)) - 8a411a4f-0e32-4dd1-80b9-a797c2117425@group-533E6FD97CDD: changes role from      null to FOLLOWER at term 0 for startAsFollower
2019-09-26 15:08:38,641 [pool-27-thread-1] INFO  impl.RoleInfo (RoleInfo.java:updateAndGet(143)) - 8a411a4f-0e32-4dd1-80b9-a797c2117425: start FollowerState
2019-09-26 15:08:38,641 [pool-27-thread-1] INFO  util.JmxRegister (JmxRegister.java:tryRegister(44)) - Successfully registered JMX Bean with object name Ratis:service=RaftServer,group=group-533E6FD97CDD,id=8a411a4f-0e32-4dd1-80b9-a797c2117425
2019-09-26 15:08:38,643 [RatisPipelineUtilsThread] INFO  pipeline.PipelineStateManager (PipelineStateManager.java:addPipeline(56)) - Created pipeline Pipeline[ Id: 9edf7b5b-6e21-445c-b1bc-533e6fd97cdd, Nodes: 8a411a4f-0e32-4dd1-80b9-a797c2117425{ip: 192.168.151.99, host: pr-hdds-1569-g6sp5-2013761785, networkLocation: /default-rack, certSerialId: null}, Type:RATIS, Factor:ONE, State:OPEN]
2019-09-26 15:08:38,646 [grpc-default-executor-1] INFO  impl.RaftServerProxy (RaftServerProxy.java:addNew(89)) - 8a411a4f-0e32-4dd1-80b9-a797c2117425: addNew group-2AD62173610F:[8a411a4f-0e32-4dd1-80b9-a797c2117425:192.168.151.99:37125] returns group-2AD62173610F:java.util.concurrent.CompletableFuture@37c261bb[Not completed]
2019-09-26 15:08:38,646 [pool-27-thread-1] INFO  impl.RaftServerImpl (RaftServerImpl.java:<init>(95)) - 8a411a4f-0e32-4dd1-80b9-a797c2117425: new RaftServerImpl for group-2AD62173610F:[8a411a4f-0e32-4dd1-80b9-a797c2117425:192.168.151.99:37125] with ContainerStateMachine:uninitialized
2019-09-26 15:08:38,647 [pool-27-thread-1] INFO  server.RaftServerConfigKeys (ConfUtils.java:logGet(43)) - raft.server.rpc.timeout.min = 5s (custom)
2019-09-26 15:08:38,647 [pool-27-thread-1] INFO  server.RaftServerConfigKeys (ConfUtils.java:logGet(43)) - raft.server.rpc.timeout.max = 5200ms (custom)
2019-09-26 15:08:38,647 [pool-27-thread-1] INFO  server.RaftServerConfigKeys (ConfUtils.java:logGet(43)) - raft.server.rpcslowness.timeout = 120s (custom)
2019-09-26 15:08:38,647 [pool-27-thread-1] INFO  server.RaftServerConfigKeys (ConfUtils.java:logGet(43)) - raft.server.sleep.deviation.threshold = 300 (default)
2019-09-26 15:08:38,647 [pool-27-thread-1] INFO  server.RaftServerConfigKeys (ConfUtils.java:logGet(43)) - raft.server.log.appender.install.snapshot.enabled = false (custom)
2019-09-26 15:08:38,647 [pool-27-thread-1] INFO  impl.RaftServerImpl (ServerState.java:<init>(103)) - 8a411a4f-0e32-4dd1-80b9-a797c2117425@group-2AD62173610F: ConfigurationManager, init=-1: [8a411a4f-0e32-4dd1-80b9-a797c2117425:192.168.151.99:37125], old=null, confs=<EMPTY_MAP>
2019-09-26 15:08:38,647 [pool-27-thread-1] INFO  server.RaftServerConfigKeys (ConfUtils.java:logGet(43)) - raft.server.storage.dir = [/workdir/hadoop-ozone/integration-test/target/test-dir/MiniOzoneClusterImpl-646ad58d-3cd3-4092-ab15-506251c55e5b/datanode-0/data/ratis] (custom)
2019-09-26 15:08:38,648 [pool-27-thread-1] INFO  storage.RaftStorageDirectory (RaftStorageDirectory.java:analyzeStorage(246)) - The storage directory /workdir/hadoop-ozone/integration-test/target/test-dir/MiniOzoneClusterImpl-646ad58d-3cd3-4092-ab15-506251c55e5b/datanode-0/data/ratis/24d5c57b-88cd-4608-9f8d-2ad62173610f does not exist. Creating ...
2019-09-26 15:08:38,654 [pool-27-thread-1] INFO  storage.RaftStorageDirectory (RaftStorageDirectory.java:tryLock(328)) - Lock on /workdir/hadoop-ozone/integration-test/target/test-dir/MiniOzoneClusterImpl-646ad58d-3cd3-4092-ab15-506251c55e5b/datanode-0/data/ratis/24d5c57b-88cd-4608-9f8d-2ad62173610f/in_use.lock acquired by nodename 7157@pr-hdds-1569-g6sp5-2013761785
2019-09-26 15:08:38,658 [pool-27-thread-1] INFO  storage.RaftStorage (RaftStorage.java:format(72)) - Storage directory /workdir/hadoop-ozone/integration-test/target/test-dir/MiniOzoneClusterImpl-646ad58d-3cd3-4092-ab15-506251c55e5b/datanode-0/data/ratis/24d5c57b-88cd-4608-9f8d-2ad62173610f has been successfully formatted.
2019-09-26 15:08:38,658 [pool-27-thread-1] INFO  ratis.ContainerStateMachine (ContainerStateMachine.java:loadSnapshot(230)) - group-2AD62173610F: The snapshot info is null. Setting the last applied indexto:(t:0, i:~)
2019-09-26 15:08:38,658 [pool-27-thread-1] INFO  server.RaftServerConfigKeys (ConfUtils.java:logGet(43)) - raft.server.notification.no-leader.timeout = 120s (custom)
2019-09-26 15:08:38,658 [pool-27-thread-1] INFO  server.RaftServerConfigKeys (ConfUtils.java:logGet(43)) - raft.server.log.use.memory = false (default)
2019-09-26 15:08:38,658 [pool-27-thread-1] INFO  server.RaftServerConfigKeys (ConfUtils.java:logGet(43)) - raft.server.log.purge.gap = 1000000 (custom)
2019-09-26 15:08:38,658 [pool-27-thread-1] INFO  server.RaftServerConfigKeys (ConfUtils.java:logGet(43)) - raft.server.log.appender.buffer.byte-limit = 33554432 (custom)
2019-09-26 15:08:38,658 [pool-27-thread-1] INFO  server.RaftServerConfigKeys (ConfUtils.java:logGet(43)) - raft.server.log.segment.size.max = 1048576 (custom)
2019-09-26 15:08:38,658 [pool-27-thread-1] INFO  server.RaftServerConfigKeys (ConfUtils.java:logGet(43)) - raft.server.log.segment.cache.num.max = 2 (custom)
2019-09-26 15:08:38,658 [pool-27-thread-1] INFO  segmented.SegmentedRaftLogWorker (SegmentedRaftLogWorker.java:<init>(172)) - new 8a411a4f-0e32-4dd1-80b9-a797c2117425@group-2AD62173610F-SegmentedRaftLogWorker for RaftStorage:Storage Directory /workdir/hadoop-ozone/integration-test/target/test-dir/MiniOzoneClusterImpl-646ad58d-3cd3-4092-ab15-506251c55e5b/datanode-0/data/ratis/24d5c57b-88cd-4608-9f8d-2ad62173610f
2019-09-26 15:08:38,658 [pool-27-thread-1] INFO  server.RaftServerConfigKeys (ConfUtils.java:logGet(43)) - raft.server.log.queue.byte-limit = 2147483647 (custom)
2019-09-26 15:08:38,659 [pool-27-thread-1] INFO  server.RaftServerConfigKeys (ConfUtils.java:logGet(43)) - raft.server.log.queue.element-limit = 1024 (custom)
2019-09-26 15:08:38,659 [pool-27-thread-1] INFO  server.RaftServerConfigKeys (ConfUtils.java:logGet(43)) - raft.server.log.segment.size.max = 1048576 (custom)
2019-09-26 15:08:38,659 [pool-27-thread-1] INFO  server.RaftServerConfigKeys (ConfUtils.java:logGet(43)) - raft.server.log.preallocated.size = 16384 (custom)
2019-09-26 15:08:38,659 [pool-27-thread-1] INFO  server.RaftServerConfigKeys (ConfUtils.java:logGet(43)) - raft.server.log.write.buffer.size = 33554432 (custom)
2019-09-26 15:08:38,659 [pool-27-thread-1] INFO  server.RaftServerConfigKeys (ConfUtils.java:logGet(43)) - raft.server.log.force.sync.num = 128 (default)
2019-09-26 15:08:38,659 [pool-27-thread-1] INFO  server.RaftServerConfigKeys (ConfUtils.java:logGet(43)) - raft.server.log.statemachine.data.sync = true (default)
2019-09-26 15:08:38,659 [pool-27-thread-1] INFO  server.RaftServerConfigKeys (ConfUtils.java:logGet(43)) - raft.server.log.statemachine.data.sync.timeout = 10s (default)
2019-09-26 15:08:38,659 [pool-27-thread-1] INFO  server.RaftServerConfigKeys (ConfUtils.java:logGet(43)) - raft.server.log.statemachine.data.sync.timeout.retry = -1 (default)
2019-09-26 15:08:38,659 [pool-27-thread-1] INFO  server.RaftServerConfigKeys (ConfUtils.java:logGet(43)) - raft.server.log.statemachine.data.caching.enabled = true (custom)
2019-09-26 15:08:38,659 [pool-27-thread-1] INFO  segmented.SegmentedRaftLogWorker (SegmentedRaftLogWorker.java:lambda$new$0(132)) - 8a411a4f-0e32-4dd1-80b9-a797c2117425@group-2AD62173610F-SegmentedRaftLogWorker: flushIndex: setUnconditionally 0 -> -1
2019-09-26 15:08:38,660 [pool-27-thread-1] INFO  server.RaftServerConfigKeys (ConfUtils.java:logGet(43)) - raft.server.snapshot.auto.trigger.enabled = true (custom)
2019-09-26 15:08:38,660 [pool-27-thread-1] INFO  server.RaftServerConfigKeys (ConfUtils.java:logGet(43)) - raft.server.snapshot.auto.trigger.threshold = 10000 (custom)
2019-09-26 15:08:38,660 [pool-27-thread-1] INFO  server.RaftServerConfigKeys (ConfUtils.java:logGet(43)) - raft.server.snapshot.retention.num.files = 5 (custom)
2019-09-26 15:08:38,660 [pool-27-thread-1] INFO  server.RaftServerConfigKeys (ConfUtils.java:logGet(43)) - raft.server.retrycache.expirytime = 600000ms (custom)
2019-09-26 15:08:38,661 [pool-27-thread-1] INFO  impl.RaftServerImpl (RaftServerImpl.java:start(185)) - 8a411a4f-0e32-4dd1-80b9-a797c2117425@group-2AD62173610F: start as a follower, conf=-1: [8a411a4f-0e32-4dd1-80b9-a797c2117425:192.168.151.99:37125], old=null
2019-09-26 15:08:38,661 [pool-27-thread-1] INFO  impl.RaftServerImpl (RaftServerImpl.java:setRole(174)) - 8a411a4f-0e32-4dd1-80b9-a797c2117425@group-2AD62173610F: changes role from      null to FOLLOWER at term 0 for startAsFollower
2019-09-26 15:08:38,661 [pool-27-thread-1] INFO  impl.RoleInfo (RoleInfo.java:updateAndGet(143)) - 8a411a4f-0e32-4dd1-80b9-a797c2117425: start FollowerState
2019-09-26 15:08:38,661 [pool-27-thread-1] INFO  util.JmxRegister (JmxRegister.java:tryRegister(44)) - Successfully registered JMX Bean with object name Ratis:service=RaftServer,group=group-2AD62173610F,id=8a411a4f-0e32-4dd1-80b9-a797c2117425
2019-09-26 15:08:38,663 [RatisPipelineUtilsThread] INFO  pipeline.PipelineStateManager (PipelineStateManager.java:addPipeline(56)) - Created pipeline Pipeline[ Id: 24d5c57b-88cd-4608-9f8d-2ad62173610f, Nodes: 8a411a4f-0e32-4dd1-80b9-a797c2117425{ip: 192.168.151.99, host: pr-hdds-1569-g6sp5-2013761785, networkLocation: /default-rack, certSerialId: null}, Type:RATIS, Factor:ONE, State:OPEN]
2019-09-26 15:08:38,665 [grpc-default-executor-1] INFO  impl.RaftServerProxy (RaftServerProxy.java:addNew(89)) - 8a411a4f-0e32-4dd1-80b9-a797c2117425: addNew group-A010A9011A71:[8a411a4f-0e32-4dd1-80b9-a797c2117425:192.168.151.99:37125] returns group-A010A9011A71:java.util.concurrent.CompletableFuture@5a36467e[Not completed]
2019-09-26 15:08:38,666 [pool-27-thread-1] INFO  impl.RaftServerImpl (RaftServerImpl.java:<init>(95)) - 8a411a4f-0e32-4dd1-80b9-a797c2117425: new RaftServerImpl for group-A010A9011A71:[8a411a4f-0e32-4dd1-80b9-a797c2117425:192.168.151.99:37125] with ContainerStateMachine:uninitialized
2019-09-26 15:08:38,666 [pool-27-thread-1] INFO  server.RaftServerConfigKeys (ConfUtils.java:logGet(43)) - raft.server.rpc.timeout.min = 5s (custom)
2019-09-26 15:08:38,666 [pool-27-thread-1] INFO  server.RaftServerConfigKeys (ConfUtils.java:logGet(43)) - raft.server.rpc.timeout.max = 5200ms (custom)
2019-09-26 15:08:38,666 [pool-27-thread-1] INFO  server.RaftServerConfigKeys (ConfUtils.java:logGet(43)) - raft.server.rpcslowness.timeout = 120s (custom)
2019-09-26 15:08:38,666 [pool-27-thread-1] INFO  server.RaftServerConfigKeys (ConfUtils.java:logGet(43)) - raft.server.sleep.deviation.threshold = 300 (default)
2019-09-26 15:08:38,666 [pool-27-thread-1] INFO  server.RaftServerConfigKeys (ConfUtils.java:logGet(43)) - raft.server.log.appender.install.snapshot.enabled = false (custom)
2019-09-26 15:08:38,666 [pool-27-thread-1] INFO  impl.RaftServerImpl (ServerState.java:<init>(103)) - 8a411a4f-0e32-4dd1-80b9-a797c2117425@group-A010A9011A71: ConfigurationManager, init=-1: [8a411a4f-0e32-4dd1-80b9-a797c2117425:192.168.151.99:37125], old=null, confs=<EMPTY_MAP>
2019-09-26 15:08:38,666 [pool-27-thread-1] INFO  server.RaftServerConfigKeys (ConfUtils.java:logGet(43)) - raft.server.storage.dir = [/workdir/hadoop-ozone/integration-test/target/test-dir/MiniOzoneClusterImpl-646ad58d-3cd3-4092-ab15-506251c55e5b/datanode-0/data/ratis] (custom)
2019-09-26 15:08:38,667 [pool-27-thread-1] INFO  storage.RaftStorageDirectory (RaftStorageDirectory.java:analyzeStorage(246)) - The storage directory /workdir/hadoop-ozone/integration-test/target/test-dir/MiniOzoneClusterImpl-646ad58d-3cd3-4092-ab15-506251c55e5b/datanode-0/data/ratis/35147673-9898-482c-a36f-a010a9011a71 does not exist. Creating ...
2019-09-26 15:08:38,671 [pool-27-thread-1] INFO  storage.RaftStorageDirectory (RaftStorageDirectory.java:tryLock(328)) - Lock on /workdir/hadoop-ozone/integration-test/target/test-dir/MiniOzoneClusterImpl-646ad58d-3cd3-4092-ab15-506251c55e5b/datanode-0/data/ratis/35147673-9898-482c-a36f-a010a9011a71/in_use.lock acquired by nodename 7157@pr-hdds-1569-g6sp5-2013761785
2019-09-26 15:08:38,684 [pool-27-thread-1] INFO  storage.RaftStorage (RaftStorage.java:format(72)) - Storage directory /workdir/hadoop-ozone/integration-test/target/test-dir/MiniOzoneClusterImpl-646ad58d-3cd3-4092-ab15-506251c55e5b/datanode-0/data/ratis/35147673-9898-482c-a36f-a010a9011a71 has been successfully formatted.
2019-09-26 15:08:38,684 [pool-27-thread-1] INFO  ratis.ContainerStateMachine (ContainerStateMachine.java:loadSnapshot(230)) - group-A010A9011A71: The snapshot info is null. Setting the last applied indexto:(t:0, i:~)
2019-09-26 15:08:38,684 [pool-27-thread-1] INFO  server.RaftServerConfigKeys (ConfUtils.java:logGet(43)) - raft.server.notification.no-leader.timeout = 120s (custom)
2019-09-26 15:08:38,684 [pool-27-thread-1] INFO  server.RaftServerConfigKeys (ConfUtils.java:logGet(43)) - raft.server.log.use.memory = false (default)
2019-09-26 15:08:38,684 [pool-27-thread-1] INFO  server.RaftServerConfigKeys (ConfUtils.java:logGet(43)) - raft.server.log.purge.gap = 1000000 (custom)
2019-09-26 15:08:38,684 [pool-27-thread-1] INFO  server.RaftServerConfigKeys (ConfUtils.java:logGet(43)) - raft.server.log.appender.buffer.byte-limit = 33554432 (custom)
2019-09-26 15:08:38,684 [pool-27-thread-1] INFO  server.RaftServerConfigKeys (ConfUtils.java:logGet(43)) - raft.server.log.segment.size.max = 1048576 (custom)
2019-09-26 15:08:38,684 [pool-27-thread-1] INFO  server.RaftServerConfigKeys (ConfUtils.java:logGet(43)) - raft.server.log.segment.cache.num.max = 2 (custom)
2019-09-26 15:08:38,685 [pool-27-thread-1] INFO  segmented.SegmentedRaftLogWorker (SegmentedRaftLogWorker.java:<init>(172)) - new 8a411a4f-0e32-4dd1-80b9-a797c2117425@group-A010A9011A71-SegmentedRaftLogWorker for RaftStorage:Storage Directory /workdir/hadoop-ozone/integration-test/target/test-dir/MiniOzoneClusterImpl-646ad58d-3cd3-4092-ab15-506251c55e5b/datanode-0/data/ratis/35147673-9898-482c-a36f-a010a9011a71
2019-09-26 15:08:38,685 [pool-27-thread-1] INFO  server.RaftServerConfigKeys (ConfUtils.java:logGet(43)) - raft.server.log.queue.byte-limit = 2147483647 (custom)
2019-09-26 15:08:38,685 [pool-27-thread-1] INFO  server.RaftServerConfigKeys (ConfUtils.java:logGet(43)) - raft.server.log.queue.element-limit = 1024 (custom)
2019-09-26 15:08:38,685 [pool-27-thread-1] INFO  server.RaftServerConfigKeys (ConfUtils.java:logGet(43)) - raft.server.log.segment.size.max = 1048576 (custom)
2019-09-26 15:08:38,685 [pool-27-thread-1] INFO  server.RaftServerConfigKeys (ConfUtils.java:logGet(43)) - raft.server.log.preallocated.size = 16384 (custom)
2019-09-26 15:08:38,685 [pool-27-thread-1] INFO  server.RaftServerConfigKeys (ConfUtils.java:logGet(43)) - raft.server.log.write.buffer.size = 33554432 (custom)
2019-09-26 15:08:38,685 [pool-27-thread-1] INFO  server.RaftServerConfigKeys (ConfUtils.java:logGet(43)) - raft.server.log.force.sync.num = 128 (default)
2019-09-26 15:08:38,685 [pool-27-thread-1] INFO  server.RaftServerConfigKeys (ConfUtils.java:logGet(43)) - raft.server.log.statemachine.data.sync = true (default)
2019-09-26 15:08:38,685 [pool-27-thread-1] INFO  server.RaftServerConfigKeys (ConfUtils.java:logGet(43)) - raft.server.log.statemachine.data.sync.timeout = 10s (default)
2019-09-26 15:08:38,685 [pool-27-thread-1] INFO  server.RaftServerConfigKeys (ConfUtils.java:logGet(43)) - raft.server.log.statemachine.data.sync.timeout.retry = -1 (default)
2019-09-26 15:08:38,685 [pool-27-thread-1] INFO  server.RaftServerConfigKeys (ConfUtils.java:logGet(43)) - raft.server.log.statemachine.data.caching.enabled = true (custom)
2019-09-26 15:08:38,685 [pool-27-thread-1] INFO  segmented.SegmentedRaftLogWorker (SegmentedRaftLogWorker.java:lambda$new$0(132)) - 8a411a4f-0e32-4dd1-80b9-a797c2117425@group-A010A9011A71-SegmentedRaftLogWorker: flushIndex: setUnconditionally 0 -> -1
2019-09-26 15:08:38,686 [pool-27-thread-1] INFO  server.RaftServerConfigKeys (ConfUtils.java:logGet(43)) - raft.server.snapshot.auto.trigger.enabled = true (custom)
2019-09-26 15:08:38,686 [pool-27-thread-1] INFO  server.RaftServerConfigKeys (ConfUtils.java:logGet(43)) - raft.server.snapshot.auto.trigger.threshold = 10000 (custom)
2019-09-26 15:08:38,686 [pool-27-thread-1] INFO  server.RaftServerConfigKeys (ConfUtils.java:logGet(43)) - raft.server.snapshot.retention.num.files = 5 (custom)
2019-09-26 15:08:38,686 [pool-27-thread-1] INFO  server.RaftServerConfigKeys (ConfUtils.java:logGet(43)) - raft.server.retrycache.expirytime = 600000ms (custom)
2019-09-26 15:08:38,687 [pool-27-thread-1] INFO  impl.RaftServerImpl (RaftServerImpl.java:start(185)) - 8a411a4f-0e32-4dd1-80b9-a797c2117425@group-A010A9011A71: start as a follower, conf=-1: [8a411a4f-0e32-4dd1-80b9-a797c2117425:192.168.151.99:37125], old=null
2019-09-26 15:08:38,687 [pool-27-thread-1] INFO  impl.RaftServerImpl (RaftServerImpl.java:setRole(174)) - 8a411a4f-0e32-4dd1-80b9-a797c2117425@group-A010A9011A71: changes role from      null to FOLLOWER at term 0 for startAsFollower
2019-09-26 15:08:38,687 [pool-27-thread-1] INFO  impl.RoleInfo (RoleInfo.java:updateAndGet(143)) - 8a411a4f-0e32-4dd1-80b9-a797c2117425: start FollowerState
2019-09-26 15:08:38,687 [pool-27-thread-1] INFO  util.JmxRegister (JmxRegister.java:tryRegister(44)) - Successfully registered JMX Bean with object name Ratis:service=RaftServer,group=group-A010A9011A71,id=8a411a4f-0e32-4dd1-80b9-a797c2117425
2019-09-26 15:08:38,689 [RatisPipelineUtilsThread] INFO  pipeline.PipelineStateManager (PipelineStateManager.java:addPipeline(56)) - Created pipeline Pipeline[ Id: 35147673-9898-482c-a36f-a010a9011a71, Nodes: 8a411a4f-0e32-4dd1-80b9-a797c2117425{ip: 192.168.151.99, host: pr-hdds-1569-g6sp5-2013761785, networkLocation: /default-rack, certSerialId: null}, Type:RATIS, Factor:ONE, State:OPEN]
2019-09-26 15:08:38,692 [grpc-default-executor-1] INFO  impl.RaftServerProxy (RaftServerProxy.java:addNew(89)) - 8a411a4f-0e32-4dd1-80b9-a797c2117425: addNew group-8C4965DA48D4:[8a411a4f-0e32-4dd1-80b9-a797c2117425:192.168.151.99:37125] returns group-8C4965DA48D4:java.util.concurrent.CompletableFuture@5d156483[Not completed]
2019-09-26 15:08:38,695 [pool-27-thread-1] INFO  impl.RaftServerImpl (RaftServerImpl.java:<init>(95)) - 8a411a4f-0e32-4dd1-80b9-a797c2117425: new RaftServerImpl for group-8C4965DA48D4:[8a411a4f-0e32-4dd1-80b9-a797c2117425:192.168.151.99:37125] with ContainerStateMachine:uninitialized
2019-09-26 15:08:38,695 [pool-27-thread-1] INFO  server.RaftServerConfigKeys (ConfUtils.java:logGet(43)) - raft.server.rpc.timeout.min = 5s (custom)
2019-09-26 15:08:38,696 [pool-27-thread-1] INFO  server.RaftServerConfigKeys (ConfUtils.java:logGet(43)) - raft.server.rpc.timeout.max = 5200ms (custom)
2019-09-26 15:08:38,696 [pool-27-thread-1] INFO  server.RaftServerConfigKeys (ConfUtils.java:logGet(43)) - raft.server.rpcslowness.timeout = 120s (custom)
2019-09-26 15:08:38,696 [pool-27-thread-1] INFO  server.RaftServerConfigKeys (ConfUtils.java:logGet(43)) - raft.server.sleep.deviation.threshold = 300 (default)
2019-09-26 15:08:38,696 [pool-27-thread-1] INFO  server.RaftServerConfigKeys (ConfUtils.java:logGet(43)) - raft.server.log.appender.install.snapshot.enabled = false (custom)
2019-09-26 15:08:38,696 [pool-27-thread-1] INFO  impl.RaftServerImpl (ServerState.java:<init>(103)) - 8a411a4f-0e32-4dd1-80b9-a797c2117425@group-8C4965DA48D4: ConfigurationManager, init=-1: [8a411a4f-0e32-4dd1-80b9-a797c2117425:192.168.151.99:37125], old=null, confs=<EMPTY_MAP>
2019-09-26 15:08:38,696 [pool-27-thread-1] INFO  server.RaftServerConfigKeys (ConfUtils.java:logGet(43)) - raft.server.storage.dir = [/workdir/hadoop-ozone/integration-test/target/test-dir/MiniOzoneClusterImpl-646ad58d-3cd3-4092-ab15-506251c55e5b/datanode-0/data/ratis] (custom)
2019-09-26 15:08:38,697 [pool-27-thread-1] INFO  storage.RaftStorageDirectory (RaftStorageDirectory.java:analyzeStorage(246)) - The storage directory /workdir/hadoop-ozone/integration-test/target/test-dir/MiniOzoneClusterImpl-646ad58d-3cd3-4092-ab15-506251c55e5b/datanode-0/data/ratis/52eb0cea-c69f-434a-9a2f-8c4965da48d4 does not exist. Creating ...
2019-09-26 15:08:38,705 [pool-27-thread-1] INFO  storage.RaftStorageDirectory (RaftStorageDirectory.java:tryLock(328)) - Lock on /workdir/hadoop-ozone/integration-test/target/test-dir/MiniOzoneClusterImpl-646ad58d-3cd3-4092-ab15-506251c55e5b/datanode-0/data/ratis/52eb0cea-c69f-434a-9a2f-8c4965da48d4/in_use.lock acquired by nodename 7157@pr-hdds-1569-g6sp5-2013761785
2019-09-26 15:08:38,718 [pool-27-thread-1] INFO  storage.RaftStorage (RaftStorage.java:format(72)) - Storage directory /workdir/hadoop-ozone/integration-test/target/test-dir/MiniOzoneClusterImpl-646ad58d-3cd3-4092-ab15-506251c55e5b/datanode-0/data/ratis/52eb0cea-c69f-434a-9a2f-8c4965da48d4 has been successfully formatted.
2019-09-26 15:08:38,718 [pool-27-thread-1] INFO  ratis.ContainerStateMachine (ContainerStateMachine.java:loadSnapshot(230)) - group-8C4965DA48D4: The snapshot info is null. Setting the last applied indexto:(t:0, i:~)
2019-09-26 15:08:38,718 [pool-27-thread-1] INFO  server.RaftServerConfigKeys (ConfUtils.java:logGet(43)) - raft.server.notification.no-leader.timeout = 120s (custom)
2019-09-26 15:08:38,718 [pool-27-thread-1] INFO  server.RaftServerConfigKeys (ConfUtils.java:logGet(43)) - raft.server.log.use.memory = false (default)
2019-09-26 15:08:38,718 [pool-27-thread-1] INFO  server.RaftServerConfigKeys (ConfUtils.java:logGet(43)) - raft.server.log.purge.gap = 1000000 (custom)
2019-09-26 15:08:38,718 [pool-27-thread-1] INFO  server.RaftServerConfigKeys (ConfUtils.java:logGet(43)) - raft.server.log.appender.buffer.byte-limit = 33554432 (custom)
2019-09-26 15:08:38,718 [pool-27-thread-1] INFO  server.RaftServerConfigKeys (ConfUtils.java:logGet(43)) - raft.server.log.segment.size.max = 1048576 (custom)
2019-09-26 15:08:38,718 [pool-27-thread-1] INFO  server.RaftServerConfigKeys (ConfUtils.java:logGet(43)) - raft.server.log.segment.cache.num.max = 2 (custom)
2019-09-26 15:08:38,719 [pool-27-thread-1] INFO  segmented.SegmentedRaftLogWorker (SegmentedRaftLogWorker.java:<init>(172)) - new 8a411a4f-0e32-4dd1-80b9-a797c2117425@group-8C4965DA48D4-SegmentedRaftLogWorker for RaftStorage:Storage Directory /workdir/hadoop-ozone/integration-test/target/test-dir/MiniOzoneClusterImpl-646ad58d-3cd3-4092-ab15-506251c55e5b/datanode-0/data/ratis/52eb0cea-c69f-434a-9a2f-8c4965da48d4
2019-09-26 15:08:38,719 [pool-27-thread-1] INFO  server.RaftServerConfigKeys (ConfUtils.java:logGet(43)) - raft.server.log.queue.byte-limit = 2147483647 (custom)
2019-09-26 15:08:38,719 [pool-27-thread-1] INFO  server.RaftServerConfigKeys (ConfUtils.java:logGet(43)) - raft.server.log.queue.element-limit = 1024 (custom)
2019-09-26 15:08:38,719 [pool-27-thread-1] INFO  server.RaftServerConfigKeys (ConfUtils.java:logGet(43)) - raft.server.log.segment.size.max = 1048576 (custom)
2019-09-26 15:08:38,719 [pool-27-thread-1] INFO  server.RaftServerConfigKeys (ConfUtils.java:logGet(43)) - raft.server.log.preallocated.size = 16384 (custom)
2019-09-26 15:08:38,719 [pool-27-thread-1] INFO  server.RaftServerConfigKeys (ConfUtils.java:logGet(43)) - raft.server.log.write.buffer.size = 33554432 (custom)
2019-09-26 15:08:38,719 [pool-27-thread-1] INFO  server.RaftServerConfigKeys (ConfUtils.java:logGet(43)) - raft.server.log.force.sync.num = 128 (default)
2019-09-26 15:08:38,719 [pool-27-thread-1] INFO  server.RaftServerConfigKeys (ConfUtils.java:logGet(43)) - raft.server.log.statemachine.data.sync = true (default)
2019-09-26 15:08:38,719 [pool-27-thread-1] INFO  server.RaftServerConfigKeys (ConfUtils.java:logGet(43)) - raft.server.log.statemachine.data.sync.timeout = 10s (default)
2019-09-26 15:08:38,719 [pool-27-thread-1] INFO  server.RaftServerConfigKeys (ConfUtils.java:logGet(43)) - raft.server.log.statemachine.data.sync.timeout.retry = -1 (default)
2019-09-26 15:08:38,719 [pool-27-thread-1] INFO  server.RaftServerConfigKeys (ConfUtils.java:logGet(43)) - raft.server.log.statemachine.data.caching.enabled = true (custom)
2019-09-26 15:08:38,720 [pool-27-thread-1] INFO  segmented.SegmentedRaftLogWorker (SegmentedRaftLogWorker.java:lambda$new$0(132)) - 8a411a4f-0e32-4dd1-80b9-a797c2117425@group-8C4965DA48D4-SegmentedRaftLogWorker: flushIndex: setUnconditionally 0 -> -1
2019-09-26 15:08:38,720 [pool-27-thread-1] INFO  server.RaftServerConfigKeys (ConfUtils.java:logGet(43)) - raft.server.snapshot.auto.trigger.enabled = true (custom)
2019-09-26 15:08:38,720 [pool-27-thread-1] INFO  server.RaftServerConfigKeys (ConfUtils.java:logGet(43)) - raft.server.snapshot.auto.trigger.threshold = 10000 (custom)
2019-09-26 15:08:38,720 [pool-27-thread-1] INFO  server.RaftServerConfigKeys (ConfUtils.java:logGet(43)) - raft.server.snapshot.retention.num.files = 5 (custom)
2019-09-26 15:08:38,720 [pool-27-thread-1] INFO  server.RaftServerConfigKeys (ConfUtils.java:logGet(43)) - raft.server.retrycache.expirytime = 600000ms (custom)
2019-09-26 15:08:38,721 [pool-27-thread-1] INFO  impl.RaftServerImpl (RaftServerImpl.java:start(185)) - 8a411a4f-0e32-4dd1-80b9-a797c2117425@group-8C4965DA48D4: start as a follower, conf=-1: [8a411a4f-0e32-4dd1-80b9-a797c2117425:192.168.151.99:37125], old=null
2019-09-26 15:08:38,721 [pool-27-thread-1] INFO  impl.RaftServerImpl (RaftServerImpl.java:setRole(174)) - 8a411a4f-0e32-4dd1-80b9-a797c2117425@group-8C4965DA48D4: changes role from      null to FOLLOWER at term 0 for startAsFollower
2019-09-26 15:08:38,721 [pool-27-thread-1] INFO  impl.RoleInfo (RoleInfo.java:updateAndGet(143)) - 8a411a4f-0e32-4dd1-80b9-a797c2117425: start FollowerState
2019-09-26 15:08:38,722 [pool-27-thread-1] INFO  util.JmxRegister (JmxRegister.java:tryRegister(44)) - Successfully registered JMX Bean with object name Ratis:service=RaftServer,group=group-8C4965DA48D4,id=8a411a4f-0e32-4dd1-80b9-a797c2117425
2019-09-26 15:08:38,723 [RatisPipelineUtilsThread] INFO  pipeline.PipelineStateManager (PipelineStateManager.java:addPipeline(56)) - Created pipeline Pipeline[ Id: 52eb0cea-c69f-434a-9a2f-8c4965da48d4, Nodes: 8a411a4f-0e32-4dd1-80b9-a797c2117425{ip: 192.168.151.99, host: pr-hdds-1569-g6sp5-2013761785, networkLocation: /default-rack, certSerialId: null}, Type:RATIS, Factor:ONE, State:OPEN]
2019-09-26 15:08:38,726 [grpc-default-executor-1] INFO  impl.RaftServerProxy (RaftServerProxy.java:addNew(89)) - 8a411a4f-0e32-4dd1-80b9-a797c2117425: addNew group-9134F99A9F4A:[8a411a4f-0e32-4dd1-80b9-a797c2117425:192.168.151.99:37125] returns group-9134F99A9F4A:java.util.concurrent.CompletableFuture@52f177e0[Not completed]
2019-09-26 15:08:38,727 [pool-27-thread-1] INFO  impl.RaftServerImpl (RaftServerImpl.java:<init>(95)) - 8a411a4f-0e32-4dd1-80b9-a797c2117425: new RaftServerImpl for group-9134F99A9F4A:[8a411a4f-0e32-4dd1-80b9-a797c2117425:192.168.151.99:37125] with ContainerStateMachine:uninitialized
2019-09-26 15:08:38,727 [pool-27-thread-1] INFO  server.RaftServerConfigKeys (ConfUtils.java:logGet(43)) - raft.server.rpc.timeout.min = 5s (custom)
2019-09-26 15:08:38,727 [pool-27-thread-1] INFO  server.RaftServerConfigKeys (ConfUtils.java:logGet(43)) - raft.server.rpc.timeout.max = 5200ms (custom)
2019-09-26 15:08:38,727 [pool-27-thread-1] INFO  server.RaftServerConfigKeys (ConfUtils.java:logGet(43)) - raft.server.rpcslowness.timeout = 120s (custom)
2019-09-26 15:08:38,727 [pool-27-thread-1] INFO  server.RaftServerConfigKeys (ConfUtils.java:logGet(43)) - raft.server.sleep.deviation.threshold = 300 (default)
2019-09-26 15:08:38,727 [pool-27-thread-1] INFO  server.RaftServerConfigKeys (ConfUtils.java:logGet(43)) - raft.server.log.appender.install.snapshot.enabled = false (custom)
2019-09-26 15:08:38,727 [pool-27-thread-1] INFO  impl.RaftServerImpl (ServerState.java:<init>(103)) - 8a411a4f-0e32-4dd1-80b9-a797c2117425@group-9134F99A9F4A: ConfigurationManager, init=-1: [8a411a4f-0e32-4dd1-80b9-a797c2117425:192.168.151.99:37125], old=null, confs=<EMPTY_MAP>
2019-09-26 15:08:38,727 [pool-27-thread-1] INFO  server.RaftServerConfigKeys (ConfUtils.java:logGet(43)) - raft.server.storage.dir = [/workdir/hadoop-ozone/integration-test/target/test-dir/MiniOzoneClusterImpl-646ad58d-3cd3-4092-ab15-506251c55e5b/datanode-0/data/ratis] (custom)
2019-09-26 15:08:38,728 [pool-27-thread-1] INFO  storage.RaftStorageDirectory (RaftStorageDirectory.java:analyzeStorage(246)) - The storage directory /workdir/hadoop-ozone/integration-test/target/test-dir/MiniOzoneClusterImpl-646ad58d-3cd3-4092-ab15-506251c55e5b/datanode-0/data/ratis/f2c54c82-0765-418d-b8dc-9134f99a9f4a does not exist. Creating ...
2019-09-26 15:08:38,735 [pool-27-thread-1] INFO  storage.RaftStorageDirectory (RaftStorageDirectory.java:tryLock(328)) - Lock on /workdir/hadoop-ozone/integration-test/target/test-dir/MiniOzoneClusterImpl-646ad58d-3cd3-4092-ab15-506251c55e5b/datanode-0/data/ratis/f2c54c82-0765-418d-b8dc-9134f99a9f4a/in_use.lock acquired by nodename 7157@pr-hdds-1569-g6sp5-2013761785
2019-09-26 15:08:38,737 [pool-27-thread-1] INFO  storage.RaftStorage (RaftStorage.java:format(72)) - Storage directory /workdir/hadoop-ozone/integration-test/target/test-dir/MiniOzoneClusterImpl-646ad58d-3cd3-4092-ab15-506251c55e5b/datanode-0/data/ratis/f2c54c82-0765-418d-b8dc-9134f99a9f4a has been successfully formatted.
2019-09-26 15:08:38,737 [pool-27-thread-1] INFO  ratis.ContainerStateMachine (ContainerStateMachine.java:loadSnapshot(230)) - group-9134F99A9F4A: The snapshot info is null. Setting the last applied indexto:(t:0, i:~)
2019-09-26 15:08:38,737 [pool-27-thread-1] INFO  server.RaftServerConfigKeys (ConfUtils.java:logGet(43)) - raft.server.notification.no-leader.timeout = 120s (custom)
2019-09-26 15:08:38,738 [pool-27-thread-1] INFO  server.RaftServerConfigKeys (ConfUtils.java:logGet(43)) - raft.server.log.use.memory = false (default)
2019-09-26 15:08:38,738 [pool-27-thread-1] INFO  server.RaftServerConfigKeys (ConfUtils.java:logGet(43)) - raft.server.log.purge.gap = 1000000 (custom)
2019-09-26 15:08:38,738 [pool-27-thread-1] INFO  server.RaftServerConfigKeys (ConfUtils.java:logGet(43)) - raft.server.log.appender.buffer.byte-limit = 33554432 (custom)
2019-09-26 15:08:38,738 [pool-27-thread-1] INFO  server.RaftServerConfigKeys (ConfUtils.java:logGet(43)) - raft.server.log.segment.size.max = 1048576 (custom)
2019-09-26 15:08:38,738 [pool-27-thread-1] INFO  server.RaftServerConfigKeys (ConfUtils.java:logGet(43)) - raft.server.log.segment.cache.num.max = 2 (custom)
2019-09-26 15:08:38,738 [pool-27-thread-1] INFO  segmented.SegmentedRaftLogWorker (SegmentedRaftLogWorker.java:<init>(172)) - new 8a411a4f-0e32-4dd1-80b9-a797c2117425@group-9134F99A9F4A-SegmentedRaftLogWorker for RaftStorage:Storage Directory /workdir/hadoop-ozone/integration-test/target/test-dir/MiniOzoneClusterImpl-646ad58d-3cd3-4092-ab15-506251c55e5b/datanode-0/data/ratis/f2c54c82-0765-418d-b8dc-9134f99a9f4a
2019-09-26 15:08:38,738 [pool-27-thread-1] INFO  server.RaftServerConfigKeys (ConfUtils.java:logGet(43)) - raft.server.log.queue.byte-limit = 2147483647 (custom)
2019-09-26 15:08:38,738 [pool-27-thread-1] INFO  server.RaftServerConfigKeys (ConfUtils.java:logGet(43)) - raft.server.log.queue.element-limit = 1024 (custom)
2019-09-26 15:08:38,738 [pool-27-thread-1] INFO  server.RaftServerConfigKeys (ConfUtils.java:logGet(43)) - raft.server.log.segment.size.max = 1048576 (custom)
2019-09-26 15:08:38,738 [pool-27-thread-1] INFO  server.RaftServerConfigKeys (ConfUtils.java:logGet(43)) - raft.server.log.preallocated.size = 16384 (custom)
2019-09-26 15:08:38,738 [pool-27-thread-1] INFO  server.RaftServerConfigKeys (ConfUtils.java:logGet(43)) - raft.server.log.write.buffer.size = 33554432 (custom)
2019-09-26 15:08:38,738 [pool-27-thread-1] INFO  server.RaftServerConfigKeys (ConfUtils.java:logGet(43)) - raft.server.log.force.sync.num = 128 (default)
2019-09-26 15:08:38,739 [pool-27-thread-1] INFO  server.RaftServerConfigKeys (ConfUtils.java:logGet(43)) - raft.server.log.statemachine.data.sync = true (default)
2019-09-26 15:08:38,739 [pool-27-thread-1] INFO  server.RaftServerConfigKeys (ConfUtils.java:logGet(43)) - raft.server.log.statemachine.data.sync.timeout = 10s (default)
2019-09-26 15:08:38,739 [pool-27-thread-1] INFO  server.RaftServerConfigKeys (ConfUtils.java:logGet(43)) - raft.server.log.statemachine.data.sync.timeout.retry = -1 (default)
2019-09-26 15:08:38,739 [pool-27-thread-1] INFO  server.RaftServerConfigKeys (ConfUtils.java:logGet(43)) - raft.server.log.statemachine.data.caching.enabled = true (custom)
2019-09-26 15:08:38,739 [pool-27-thread-1] INFO  segmented.SegmentedRaftLogWorker (SegmentedRaftLogWorker.java:lambda$new$0(132)) - 8a411a4f-0e32-4dd1-80b9-a797c2117425@group-9134F99A9F4A-SegmentedRaftLogWorker: flushIndex: setUnconditionally 0 -> -1
2019-09-26 15:08:38,739 [pool-27-thread-1] INFO  server.RaftServerConfigKeys (ConfUtils.java:logGet(43)) - raft.server.snapshot.auto.trigger.enabled = true (custom)
2019-09-26 15:08:38,739 [pool-27-thread-1] INFO  server.RaftServerConfigKeys (ConfUtils.java:logGet(43)) - raft.server.snapshot.auto.trigger.threshold = 10000 (custom)
2019-09-26 15:08:38,739 [pool-27-thread-1] INFO  server.RaftServerConfigKeys (ConfUtils.java:logGet(43)) - raft.server.snapshot.retention.num.files = 5 (custom)
2019-09-26 15:08:38,739 [pool-27-thread-1] INFO  server.RaftServerConfigKeys (ConfUtils.java:logGet(43)) - raft.server.retrycache.expirytime = 600000ms (custom)
2019-09-26 15:08:38,740 [pool-27-thread-1] INFO  impl.RaftServerImpl (RaftServerImpl.java:start(185)) - 8a411a4f-0e32-4dd1-80b9-a797c2117425@group-9134F99A9F4A: start as a follower, conf=-1: [8a411a4f-0e32-4dd1-80b9-a797c2117425:192.168.151.99:37125], old=null
2019-09-26 15:08:38,741 [pool-27-thread-1] INFO  impl.RaftServerImpl (RaftServerImpl.java:setRole(174)) - 8a411a4f-0e32-4dd1-80b9-a797c2117425@group-9134F99A9F4A: changes role from      null to FOLLOWER at term 0 for startAsFollower
2019-09-26 15:08:38,741 [pool-27-thread-1] INFO  impl.RoleInfo (RoleInfo.java:updateAndGet(143)) - 8a411a4f-0e32-4dd1-80b9-a797c2117425: start FollowerState
2019-09-26 15:08:38,741 [pool-27-thread-1] INFO  util.JmxRegister (JmxRegister.java:tryRegister(44)) - Successfully registered JMX Bean with object name Ratis:service=RaftServer,group=group-9134F99A9F4A,id=8a411a4f-0e32-4dd1-80b9-a797c2117425
2019-09-26 15:08:38,742 [RatisPipelineUtilsThread] INFO  pipeline.PipelineStateManager (PipelineStateManager.java:addPipeline(56)) - Created pipeline Pipeline[ Id: f2c54c82-0765-418d-b8dc-9134f99a9f4a, Nodes: 8a411a4f-0e32-4dd1-80b9-a797c2117425{ip: 192.168.151.99, host: pr-hdds-1569-g6sp5-2013761785, networkLocation: /default-rack, certSerialId: null}, Type:RATIS, Factor:ONE, State:OPEN]
2019-09-26 15:08:38,745 [grpc-default-executor-1] INFO  impl.RaftServerProxy (RaftServerProxy.java:addNew(89)) - 8a411a4f-0e32-4dd1-80b9-a797c2117425: addNew group-D5C2E6A1B48A:[8a411a4f-0e32-4dd1-80b9-a797c2117425:192.168.151.99:37125] returns group-D5C2E6A1B48A:java.util.concurrent.CompletableFuture@2dacd57f[Not completed]
2019-09-26 15:08:38,746 [pool-27-thread-1] INFO  impl.RaftServerImpl (RaftServerImpl.java:<init>(95)) - 8a411a4f-0e32-4dd1-80b9-a797c2117425: new RaftServerImpl for group-D5C2E6A1B48A:[8a411a4f-0e32-4dd1-80b9-a797c2117425:192.168.151.99:37125] with ContainerStateMachine:uninitialized
2019-09-26 15:08:38,746 [pool-27-thread-1] INFO  server.RaftServerConfigKeys (ConfUtils.java:logGet(43)) - raft.server.rpc.timeout.min = 5s (custom)
2019-09-26 15:08:38,746 [pool-27-thread-1] INFO  server.RaftServerConfigKeys (ConfUtils.java:logGet(43)) - raft.server.rpc.timeout.max = 5200ms (custom)
2019-09-26 15:08:38,746 [pool-27-thread-1] INFO  server.RaftServerConfigKeys (ConfUtils.java:logGet(43)) - raft.server.rpcslowness.timeout = 120s (custom)
2019-09-26 15:08:38,746 [pool-27-thread-1] INFO  server.RaftServerConfigKeys (ConfUtils.java:logGet(43)) - raft.server.sleep.deviation.threshold = 300 (default)
2019-09-26 15:08:38,746 [pool-27-thread-1] INFO  server.RaftServerConfigKeys (ConfUtils.java:logGet(43)) - raft.server.log.appender.install.snapshot.enabled = false (custom)
2019-09-26 15:08:38,746 [pool-27-thread-1] INFO  impl.RaftServerImpl (ServerState.java:<init>(103)) - 8a411a4f-0e32-4dd1-80b9-a797c2117425@group-D5C2E6A1B48A: ConfigurationManager, init=-1: [8a411a4f-0e32-4dd1-80b9-a797c2117425:192.168.151.99:37125], old=null, confs=<EMPTY_MAP>
2019-09-26 15:08:38,747 [pool-27-thread-1] INFO  server.RaftServerConfigKeys (ConfUtils.java:logGet(43)) - raft.server.storage.dir = [/workdir/hadoop-ozone/integration-test/target/test-dir/MiniOzoneClusterImpl-646ad58d-3cd3-4092-ab15-506251c55e5b/datanode-0/data/ratis] (custom)
2019-09-26 15:08:38,748 [pool-27-thread-1] INFO  storage.RaftStorageDirectory (RaftStorageDirectory.java:analyzeStorage(246)) - The storage directory /workdir/hadoop-ozone/integration-test/target/test-dir/MiniOzoneClusterImpl-646ad58d-3cd3-4092-ab15-506251c55e5b/datanode-0/data/ratis/7f346af0-2107-422f-85f7-d5c2e6a1b48a does not exist. Creating ...
2019-09-26 15:08:38,754 [pool-27-thread-1] INFO  storage.RaftStorageDirectory (RaftStorageDirectory.java:tryLock(328)) - Lock on /workdir/hadoop-ozone/integration-test/target/test-dir/MiniOzoneClusterImpl-646ad58d-3cd3-4092-ab15-506251c55e5b/datanode-0/data/ratis/7f346af0-2107-422f-85f7-d5c2e6a1b48a/in_use.lock acquired by nodename 7157@pr-hdds-1569-g6sp5-2013761785
2019-09-26 15:08:38,768 [pool-27-thread-1] INFO  storage.RaftStorage (RaftStorage.java:format(72)) - Storage directory /workdir/hadoop-ozone/integration-test/target/test-dir/MiniOzoneClusterImpl-646ad58d-3cd3-4092-ab15-506251c55e5b/datanode-0/data/ratis/7f346af0-2107-422f-85f7-d5c2e6a1b48a has been successfully formatted.
2019-09-26 15:08:38,769 [pool-27-thread-1] INFO  ratis.ContainerStateMachine (ContainerStateMachine.java:loadSnapshot(230)) - group-D5C2E6A1B48A: The snapshot info is null. Setting the last applied indexto:(t:0, i:~)
2019-09-26 15:08:38,769 [pool-27-thread-1] INFO  server.RaftServerConfigKeys (ConfUtils.java:logGet(43)) - raft.server.notification.no-leader.timeout = 120s (custom)
2019-09-26 15:08:38,769 [pool-27-thread-1] INFO  server.RaftServerConfigKeys (ConfUtils.java:logGet(43)) - raft.server.log.use.memory = false (default)
2019-09-26 15:08:38,769 [pool-27-thread-1] INFO  server.RaftServerConfigKeys (ConfUtils.java:logGet(43)) - raft.server.log.purge.gap = 1000000 (custom)
2019-09-26 15:08:38,769 [pool-27-thread-1] INFO  server.RaftServerConfigKeys (ConfUtils.java:logGet(43)) - raft.server.log.appender.buffer.byte-limit = 33554432 (custom)
2019-09-26 15:08:38,769 [pool-27-thread-1] INFO  server.RaftServerConfigKeys (ConfUtils.java:logGet(43)) - raft.server.log.segment.size.max = 1048576 (custom)
2019-09-26 15:08:38,769 [pool-27-thread-1] INFO  server.RaftServerConfigKeys (ConfUtils.java:logGet(43)) - raft.server.log.segment.cache.num.max = 2 (custom)
2019-09-26 15:08:38,769 [pool-27-thread-1] INFO  segmented.SegmentedRaftLogWorker (SegmentedRaftLogWorker.java:<init>(172)) - new 8a411a4f-0e32-4dd1-80b9-a797c2117425@group-D5C2E6A1B48A-SegmentedRaftLogWorker for RaftStorage:Storage Directory /workdir/hadoop-ozone/integration-test/target/test-dir/MiniOzoneClusterImpl-646ad58d-3cd3-4092-ab15-506251c55e5b/datanode-0/data/ratis/7f346af0-2107-422f-85f7-d5c2e6a1b48a
2019-09-26 15:08:38,769 [pool-27-thread-1] INFO  server.RaftServerConfigKeys (ConfUtils.java:logGet(43)) - raft.server.log.queue.byte-limit = 2147483647 (custom)
2019-09-26 15:08:38,769 [pool-27-thread-1] INFO  server.RaftServerConfigKeys (ConfUtils.java:logGet(43)) - raft.server.log.queue.element-limit = 1024 (custom)
2019-09-26 15:08:38,770 [pool-27-thread-1] INFO  server.RaftServerConfigKeys (ConfUtils.java:logGet(43)) - raft.server.log.segment.size.max = 1048576 (custom)
2019-09-26 15:08:38,770 [pool-27-thread-1] INFO  server.RaftServerConfigKeys (ConfUtils.java:logGet(43)) - raft.server.log.preallocated.size = 16384 (custom)
2019-09-26 15:08:38,770 [pool-27-thread-1] INFO  server.RaftServerConfigKeys (ConfUtils.java:logGet(43)) - raft.server.log.write.buffer.size = 33554432 (custom)
2019-09-26 15:08:38,770 [pool-27-thread-1] INFO  server.RaftServerConfigKeys (ConfUtils.java:logGet(43)) - raft.server.log.force.sync.num = 128 (default)
2019-09-26 15:08:38,770 [pool-27-thread-1] INFO  server.RaftServerConfigKeys (ConfUtils.java:logGet(43)) - raft.server.log.statemachine.data.sync = true (default)
2019-09-26 15:08:38,770 [pool-27-thread-1] INFO  server.RaftServerConfigKeys (ConfUtils.java:logGet(43)) - raft.server.log.statemachine.data.sync.timeout = 10s (default)
2019-09-26 15:08:38,770 [pool-27-thread-1] INFO  server.RaftServerConfigKeys (ConfUtils.java:logGet(43)) - raft.server.log.statemachine.data.sync.timeout.retry = -1 (default)
2019-09-26 15:08:38,770 [pool-27-thread-1] INFO  server.RaftServerConfigKeys (ConfUtils.java:logGet(43)) - raft.server.log.statemachine.data.caching.enabled = true (custom)
2019-09-26 15:08:38,770 [pool-27-thread-1] INFO  segmented.SegmentedRaftLogWorker (SegmentedRaftLogWorker.java:lambda$new$0(132)) - 8a411a4f-0e32-4dd1-80b9-a797c2117425@group-D5C2E6A1B48A-SegmentedRaftLogWorker: flushIndex: setUnconditionally 0 -> -1
2019-09-26 15:08:38,771 [pool-27-thread-1] INFO  server.RaftServerConfigKeys (ConfUtils.java:logGet(43)) - raft.server.snapshot.auto.trigger.enabled = true (custom)
2019-09-26 15:08:38,771 [pool-27-thread-1] INFO  server.RaftServerConfigKeys (ConfUtils.java:logGet(43)) - raft.server.snapshot.auto.trigger.threshold = 10000 (custom)
2019-09-26 15:08:38,771 [pool-27-thread-1] INFO  server.RaftServerConfigKeys (ConfUtils.java:logGet(43)) - raft.server.snapshot.retention.num.files = 5 (custom)
2019-09-26 15:08:38,771 [pool-27-thread-1] INFO  server.RaftServerConfigKeys (ConfUtils.java:logGet(43)) - raft.server.retrycache.expirytime = 600000ms (custom)
2019-09-26 15:08:38,772 [pool-27-thread-1] INFO  impl.RaftServerImpl (RaftServerImpl.java:start(185)) - 8a411a4f-0e32-4dd1-80b9-a797c2117425@group-D5C2E6A1B48A: start as a follower, conf=-1: [8a411a4f-0e32-4dd1-80b9-a797c2117425:192.168.151.99:37125], old=null
2019-09-26 15:08:38,772 [pool-27-thread-1] INFO  impl.RaftServerImpl (RaftServerImpl.java:setRole(174)) - 8a411a4f-0e32-4dd1-80b9-a797c2117425@group-D5C2E6A1B48A: changes role from      null to FOLLOWER at term 0 for startAsFollower
2019-09-26 15:08:38,772 [pool-27-thread-1] INFO  impl.RoleInfo (RoleInfo.java:updateAndGet(143)) - 8a411a4f-0e32-4dd1-80b9-a797c2117425: start FollowerState
2019-09-26 15:08:38,772 [pool-27-thread-1] INFO  util.JmxRegister (JmxRegister.java:tryRegister(44)) - Successfully registered JMX Bean with object name Ratis:service=RaftServer,group=group-D5C2E6A1B48A,id=8a411a4f-0e32-4dd1-80b9-a797c2117425
2019-09-26 15:08:38,774 [RatisPipelineUtilsThread] INFO  pipeline.PipelineStateManager (PipelineStateManager.java:addPipeline(56)) - Created pipeline Pipeline[ Id: 7f346af0-2107-422f-85f7-d5c2e6a1b48a, Nodes: 8a411a4f-0e32-4dd1-80b9-a797c2117425{ip: 192.168.151.99, host: pr-hdds-1569-g6sp5-2013761785, networkLocation: /default-rack, certSerialId: null}, Type:RATIS, Factor:ONE, State:OPEN]
2019-09-26 15:08:38,777 [grpc-default-executor-1] INFO  impl.RaftServerProxy (RaftServerProxy.java:addNew(89)) - 8a411a4f-0e32-4dd1-80b9-a797c2117425: addNew group-AA1C07C3D689:[8a411a4f-0e32-4dd1-80b9-a797c2117425:192.168.151.99:37125] returns group-AA1C07C3D689:java.util.concurrent.CompletableFuture@28606b83[Not completed]
2019-09-26 15:08:38,778 [pool-27-thread-1] INFO  impl.RaftServerImpl (RaftServerImpl.java:<init>(95)) - 8a411a4f-0e32-4dd1-80b9-a797c2117425: new RaftServerImpl for group-AA1C07C3D689:[8a411a4f-0e32-4dd1-80b9-a797c2117425:192.168.151.99:37125] with ContainerStateMachine:uninitialized
2019-09-26 15:08:38,778 [pool-27-thread-1] INFO  server.RaftServerConfigKeys (ConfUtils.java:logGet(43)) - raft.server.rpc.timeout.min = 5s (custom)
2019-09-26 15:08:38,778 [pool-27-thread-1] INFO  server.RaftServerConfigKeys (ConfUtils.java:logGet(43)) - raft.server.rpc.timeout.max = 5200ms (custom)
2019-09-26 15:08:38,778 [pool-27-thread-1] INFO  server.RaftServerConfigKeys (ConfUtils.java:logGet(43)) - raft.server.rpcslowness.timeout = 120s (custom)
2019-09-26 15:08:38,778 [pool-27-thread-1] INFO  server.RaftServerConfigKeys (ConfUtils.java:logGet(43)) - raft.server.sleep.deviation.threshold = 300 (default)
2019-09-26 15:08:38,778 [pool-27-thread-1] INFO  server.RaftServerConfigKeys (ConfUtils.java:logGet(43)) - raft.server.log.appender.install.snapshot.enabled = false (custom)
2019-09-26 15:08:38,778 [pool-27-thread-1] INFO  impl.RaftServerImpl (ServerState.java:<init>(103)) - 8a411a4f-0e32-4dd1-80b9-a797c2117425@group-AA1C07C3D689: ConfigurationManager, init=-1: [8a411a4f-0e32-4dd1-80b9-a797c2117425:192.168.151.99:37125], old=null, confs=<EMPTY_MAP>
2019-09-26 15:08:38,778 [pool-27-thread-1] INFO  server.RaftServerConfigKeys (ConfUtils.java:logGet(43)) - raft.server.storage.dir = [/workdir/hadoop-ozone/integration-test/target/test-dir/MiniOzoneClusterImpl-646ad58d-3cd3-4092-ab15-506251c55e5b/datanode-0/data/ratis] (custom)
2019-09-26 15:08:38,779 [pool-27-thread-1] INFO  storage.RaftStorageDirectory (RaftStorageDirectory.java:analyzeStorage(246)) - The storage directory /workdir/hadoop-ozone/integration-test/target/test-dir/MiniOzoneClusterImpl-646ad58d-3cd3-4092-ab15-506251c55e5b/datanode-0/data/ratis/dd8b330f-835b-4aff-8f25-aa1c07c3d689 does not exist. Creating ...
2019-09-26 15:08:38,786 [pool-27-thread-1] INFO  storage.RaftStorageDirectory (RaftStorageDirectory.java:tryLock(328)) - Lock on /workdir/hadoop-ozone/integration-test/target/test-dir/MiniOzoneClusterImpl-646ad58d-3cd3-4092-ab15-506251c55e5b/datanode-0/data/ratis/dd8b330f-835b-4aff-8f25-aa1c07c3d689/in_use.lock acquired by nodename 7157@pr-hdds-1569-g6sp5-2013761785
2019-09-26 15:08:38,799 [pool-27-thread-1] INFO  storage.RaftStorage (RaftStorage.java:format(72)) - Storage directory /workdir/hadoop-ozone/integration-test/target/test-dir/MiniOzoneClusterImpl-646ad58d-3cd3-4092-ab15-506251c55e5b/datanode-0/data/ratis/dd8b330f-835b-4aff-8f25-aa1c07c3d689 has been successfully formatted.
2019-09-26 15:08:38,799 [pool-27-thread-1] INFO  ratis.ContainerStateMachine (ContainerStateMachine.java:loadSnapshot(230)) - group-AA1C07C3D689: The snapshot info is null. Setting the last applied indexto:(t:0, i:~)
2019-09-26 15:08:38,799 [pool-27-thread-1] INFO  server.RaftServerConfigKeys (ConfUtils.java:logGet(43)) - raft.server.notification.no-leader.timeout = 120s (custom)
2019-09-26 15:08:38,799 [pool-27-thread-1] INFO  server.RaftServerConfigKeys (ConfUtils.java:logGet(43)) - raft.server.log.use.memory = false (default)
2019-09-26 15:08:38,799 [pool-27-thread-1] INFO  server.RaftServerConfigKeys (ConfUtils.java:logGet(43)) - raft.server.log.purge.gap = 1000000 (custom)
2019-09-26 15:08:38,799 [pool-27-thread-1] INFO  server.RaftServerConfigKeys (ConfUtils.java:logGet(43)) - raft.server.log.appender.buffer.byte-limit = 33554432 (custom)
2019-09-26 15:08:38,799 [pool-27-thread-1] INFO  server.RaftServerConfigKeys (ConfUtils.java:logGet(43)) - raft.server.log.segment.size.max = 1048576 (custom)
2019-09-26 15:08:38,800 [pool-27-thread-1] INFO  server.RaftServerConfigKeys (ConfUtils.java:logGet(43)) - raft.server.log.segment.cache.num.max = 2 (custom)
2019-09-26 15:08:38,800 [pool-27-thread-1] INFO  segmented.SegmentedRaftLogWorker (SegmentedRaftLogWorker.java:<init>(172)) - new 8a411a4f-0e32-4dd1-80b9-a797c2117425@group-AA1C07C3D689-SegmentedRaftLogWorker for RaftStorage:Storage Directory /workdir/hadoop-ozone/integration-test/target/test-dir/MiniOzoneClusterImpl-646ad58d-3cd3-4092-ab15-506251c55e5b/datanode-0/data/ratis/dd8b330f-835b-4aff-8f25-aa1c07c3d689
2019-09-26 15:08:38,800 [pool-27-thread-1] INFO  server.RaftServerConfigKeys (ConfUtils.java:logGet(43)) - raft.server.log.queue.byte-limit = 2147483647 (custom)
2019-09-26 15:08:38,800 [pool-27-thread-1] INFO  server.RaftServerConfigKeys (ConfUtils.java:logGet(43)) - raft.server.log.queue.element-limit = 1024 (custom)
2019-09-26 15:08:38,800 [pool-27-thread-1] INFO  server.RaftServerConfigKeys (ConfUtils.java:logGet(43)) - raft.server.log.segment.size.max = 1048576 (custom)
2019-09-26 15:08:38,800 [pool-27-thread-1] INFO  server.RaftServerConfigKeys (ConfUtils.java:logGet(43)) - raft.server.log.preallocated.size = 16384 (custom)
2019-09-26 15:08:38,800 [pool-27-thread-1] INFO  server.RaftServerConfigKeys (ConfUtils.java:logGet(43)) - raft.server.log.write.buffer.size = 33554432 (custom)
2019-09-26 15:08:38,800 [pool-27-thread-1] INFO  server.RaftServerConfigKeys (ConfUtils.java:logGet(43)) - raft.server.log.force.sync.num = 128 (default)
2019-09-26 15:08:38,800 [pool-27-thread-1] INFO  server.RaftServerConfigKeys (ConfUtils.java:logGet(43)) - raft.server.log.statemachine.data.sync = true (default)
2019-09-26 15:08:38,800 [pool-27-thread-1] INFO  server.RaftServerConfigKeys (ConfUtils.java:logGet(43)) - raft.server.log.statemachine.data.sync.timeout = 10s (default)
2019-09-26 15:08:38,800 [pool-27-thread-1] INFO  server.RaftServerConfigKeys (ConfUtils.java:logGet(43)) - raft.server.log.statemachine.data.sync.timeout.retry = -1 (default)
2019-09-26 15:08:38,800 [pool-27-thread-1] INFO  server.RaftServerConfigKeys (ConfUtils.java:logGet(43)) - raft.server.log.statemachine.data.caching.enabled = true (custom)
2019-09-26 15:08:38,801 [pool-27-thread-1] INFO  segmented.SegmentedRaftLogWorker (SegmentedRaftLogWorker.java:lambda$new$0(132)) - 8a411a4f-0e32-4dd1-80b9-a797c2117425@group-AA1C07C3D689-SegmentedRaftLogWorker: flushIndex: setUnconditionally 0 -> -1
2019-09-26 15:08:38,801 [pool-27-thread-1] INFO  server.RaftServerConfigKeys (ConfUtils.java:logGet(43)) - raft.server.snapshot.auto.trigger.enabled = true (custom)
2019-09-26 15:08:38,801 [pool-27-thread-1] INFO  server.RaftServerConfigKeys (ConfUtils.java:logGet(43)) - raft.server.snapshot.auto.trigger.threshold = 10000 (custom)
2019-09-26 15:08:38,801 [pool-27-thread-1] INFO  server.RaftServerConfigKeys (ConfUtils.java:logGet(43)) - raft.server.snapshot.retention.num.files = 5 (custom)
2019-09-26 15:08:38,801 [pool-27-thread-1] INFO  server.RaftServerConfigKeys (ConfUtils.java:logGet(43)) - raft.server.retrycache.expirytime = 600000ms (custom)
2019-09-26 15:08:38,802 [pool-27-thread-1] INFO  impl.RaftServerImpl (RaftServerImpl.java:start(185)) - 8a411a4f-0e32-4dd1-80b9-a797c2117425@group-AA1C07C3D689: start as a follower, conf=-1: [8a411a4f-0e32-4dd1-80b9-a797c2117425:192.168.151.99:37125], old=null
2019-09-26 15:08:38,802 [pool-27-thread-1] INFO  impl.RaftServerImpl (RaftServerImpl.java:setRole(174)) - 8a411a4f-0e32-4dd1-80b9-a797c2117425@group-AA1C07C3D689: changes role from      null to FOLLOWER at term 0 for startAsFollower
2019-09-26 15:08:38,803 [pool-27-thread-1] INFO  impl.RoleInfo (RoleInfo.java:updateAndGet(143)) - 8a411a4f-0e32-4dd1-80b9-a797c2117425: start FollowerState
2019-09-26 15:08:38,803 [pool-27-thread-1] INFO  util.JmxRegister (JmxRegister.java:tryRegister(44)) - Successfully registered JMX Bean with object name Ratis:service=RaftServer,group=group-AA1C07C3D689,id=8a411a4f-0e32-4dd1-80b9-a797c2117425
2019-09-26 15:08:38,804 [RatisPipelineUtilsThread] INFO  pipeline.PipelineStateManager (PipelineStateManager.java:addPipeline(56)) - Created pipeline Pipeline[ Id: dd8b330f-835b-4aff-8f25-aa1c07c3d689, Nodes: 8a411a4f-0e32-4dd1-80b9-a797c2117425{ip: 192.168.151.99, host: pr-hdds-1569-g6sp5-2013761785, networkLocation: /default-rack, certSerialId: null}, Type:RATIS, Factor:ONE, State:OPEN]
2019-09-26 15:08:38,807 [grpc-default-executor-1] INFO  impl.RaftServerProxy (RaftServerProxy.java:addNew(89)) - 8a411a4f-0e32-4dd1-80b9-a797c2117425: addNew group-DA5E89A2DC85:[8a411a4f-0e32-4dd1-80b9-a797c2117425:192.168.151.99:37125] returns group-DA5E89A2DC85:java.util.concurrent.CompletableFuture@645f4e39[Not completed]
2019-09-26 15:08:38,808 [pool-27-thread-1] INFO  impl.RaftServerImpl (RaftServerImpl.java:<init>(95)) - 8a411a4f-0e32-4dd1-80b9-a797c2117425: new RaftServerImpl for group-DA5E89A2DC85:[8a411a4f-0e32-4dd1-80b9-a797c2117425:192.168.151.99:37125] with ContainerStateMachine:uninitialized
2019-09-26 15:08:38,808 [pool-27-thread-1] INFO  server.RaftServerConfigKeys (ConfUtils.java:logGet(43)) - raft.server.rpc.timeout.min = 5s (custom)
2019-09-26 15:08:38,808 [pool-27-thread-1] INFO  server.RaftServerConfigKeys (ConfUtils.java:logGet(43)) - raft.server.rpc.timeout.max = 5200ms (custom)
2019-09-26 15:08:38,808 [pool-27-thread-1] INFO  server.RaftServerConfigKeys (ConfUtils.java:logGet(43)) - raft.server.rpcslowness.timeout = 120s (custom)
2019-09-26 15:08:38,808 [pool-27-thread-1] INFO  server.RaftServerConfigKeys (ConfUtils.java:logGet(43)) - raft.server.sleep.deviation.threshold = 300 (default)
2019-09-26 15:08:38,808 [pool-27-thread-1] INFO  server.RaftServerConfigKeys (ConfUtils.java:logGet(43)) - raft.server.log.appender.install.snapshot.enabled = false (custom)
2019-09-26 15:08:38,808 [pool-27-thread-1] INFO  impl.RaftServerImpl (ServerState.java:<init>(103)) - 8a411a4f-0e32-4dd1-80b9-a797c2117425@group-DA5E89A2DC85: ConfigurationManager, init=-1: [8a411a4f-0e32-4dd1-80b9-a797c2117425:192.168.151.99:37125], old=null, confs=<EMPTY_MAP>
2019-09-26 15:08:38,809 [pool-27-thread-1] INFO  server.RaftServerConfigKeys (ConfUtils.java:logGet(43)) - raft.server.storage.dir = [/workdir/hadoop-ozone/integration-test/target/test-dir/MiniOzoneClusterImpl-646ad58d-3cd3-4092-ab15-506251c55e5b/datanode-0/data/ratis] (custom)
2019-09-26 15:08:38,810 [pool-27-thread-1] INFO  storage.RaftStorageDirectory (RaftStorageDirectory.java:analyzeStorage(246)) - The storage directory /workdir/hadoop-ozone/integration-test/target/test-dir/MiniOzoneClusterImpl-646ad58d-3cd3-4092-ab15-506251c55e5b/datanode-0/data/ratis/781a2846-1146-4c3a-b164-da5e89a2dc85 does not exist. Creating ...
2019-09-26 15:08:38,828 [pool-27-thread-1] INFO  storage.RaftStorageDirectory (RaftStorageDirectory.java:tryLock(328)) - Lock on /workdir/hadoop-ozone/integration-test/target/test-dir/MiniOzoneClusterImpl-646ad58d-3cd3-4092-ab15-506251c55e5b/datanode-0/data/ratis/781a2846-1146-4c3a-b164-da5e89a2dc85/in_use.lock acquired by nodename 7157@pr-hdds-1569-g6sp5-2013761785
2019-09-26 15:08:38,839 [pool-27-thread-1] INFO  storage.RaftStorage (RaftStorage.java:format(72)) - Storage directory /workdir/hadoop-ozone/integration-test/target/test-dir/MiniOzoneClusterImpl-646ad58d-3cd3-4092-ab15-506251c55e5b/datanode-0/data/ratis/781a2846-1146-4c3a-b164-da5e89a2dc85 has been successfully formatted.
2019-09-26 15:08:38,839 [pool-27-thread-1] INFO  ratis.ContainerStateMachine (ContainerStateMachine.java:loadSnapshot(230)) - group-DA5E89A2DC85: The snapshot info is null. Setting the last applied indexto:(t:0, i:~)
2019-09-26 15:08:38,839 [pool-27-thread-1] INFO  server.RaftServerConfigKeys (ConfUtils.java:logGet(43)) - raft.server.notification.no-leader.timeout = 120s (custom)
2019-09-26 15:08:38,839 [pool-27-thread-1] INFO  server.RaftServerConfigKeys (ConfUtils.java:logGet(43)) - raft.server.log.use.memory = false (default)
2019-09-26 15:08:38,839 [pool-27-thread-1] INFO  server.RaftServerConfigKeys (ConfUtils.java:logGet(43)) - raft.server.log.purge.gap = 1000000 (custom)
2019-09-26 15:08:38,839 [pool-27-thread-1] INFO  server.RaftServerConfigKeys (ConfUtils.java:logGet(43)) - raft.server.log.appender.buffer.byte-limit = 33554432 (custom)
2019-09-26 15:08:38,840 [pool-27-thread-1] INFO  server.RaftServerConfigKeys (ConfUtils.java:logGet(43)) - raft.server.log.segment.size.max = 1048576 (custom)
2019-09-26 15:08:38,840 [pool-27-thread-1] INFO  server.RaftServerConfigKeys (ConfUtils.java:logGet(43)) - raft.server.log.segment.cache.num.max = 2 (custom)
2019-09-26 15:08:38,840 [pool-27-thread-1] INFO  segmented.SegmentedRaftLogWorker (SegmentedRaftLogWorker.java:<init>(172)) - new 8a411a4f-0e32-4dd1-80b9-a797c2117425@group-DA5E89A2DC85-SegmentedRaftLogWorker for RaftStorage:Storage Directory /workdir/hadoop-ozone/integration-test/target/test-dir/MiniOzoneClusterImpl-646ad58d-3cd3-4092-ab15-506251c55e5b/datanode-0/data/ratis/781a2846-1146-4c3a-b164-da5e89a2dc85
2019-09-26 15:08:38,840 [pool-27-thread-1] INFO  server.RaftServerConfigKeys (ConfUtils.java:logGet(43)) - raft.server.log.queue.byte-limit = 2147483647 (custom)
2019-09-26 15:08:38,840 [pool-27-thread-1] INFO  server.RaftServerConfigKeys (ConfUtils.java:logGet(43)) - raft.server.log.queue.element-limit = 1024 (custom)
2019-09-26 15:08:38,840 [pool-27-thread-1] INFO  server.RaftServerConfigKeys (ConfUtils.java:logGet(43)) - raft.server.log.segment.size.max = 1048576 (custom)
2019-09-26 15:08:38,840 [pool-27-thread-1] INFO  server.RaftServerConfigKeys (ConfUtils.java:logGet(43)) - raft.server.log.preallocated.size = 16384 (custom)
2019-09-26 15:08:38,840 [pool-27-thread-1] INFO  server.RaftServerConfigKeys (ConfUtils.java:logGet(43)) - raft.server.log.write.buffer.size = 33554432 (custom)
2019-09-26 15:08:38,840 [pool-27-thread-1] INFO  server.RaftServerConfigKeys (ConfUtils.java:logGet(43)) - raft.server.log.force.sync.num = 128 (default)
2019-09-26 15:08:38,840 [pool-27-thread-1] INFO  server.RaftServerConfigKeys (ConfUtils.java:logGet(43)) - raft.server.log.statemachine.data.sync = true (default)
2019-09-26 15:08:38,840 [pool-27-thread-1] INFO  server.RaftServerConfigKeys (ConfUtils.java:logGet(43)) - raft.server.log.statemachine.data.sync.timeout = 10s (default)
2019-09-26 15:08:38,840 [pool-27-thread-1] INFO  server.RaftServerConfigKeys (ConfUtils.java:logGet(43)) - raft.server.log.statemachine.data.sync.timeout.retry = -1 (default)
2019-09-26 15:08:38,840 [pool-27-thread-1] INFO  server.RaftServerConfigKeys (ConfUtils.java:logGet(43)) - raft.server.log.statemachine.data.caching.enabled = true (custom)
2019-09-26 15:08:38,841 [pool-27-thread-1] INFO  segmented.SegmentedRaftLogWorker (SegmentedRaftLogWorker.java:lambda$new$0(132)) - 8a411a4f-0e32-4dd1-80b9-a797c2117425@group-DA5E89A2DC85-SegmentedRaftLogWorker: flushIndex: setUnconditionally 0 -> -1
2019-09-26 15:08:38,841 [pool-27-thread-1] INFO  server.RaftServerConfigKeys (ConfUtils.java:logGet(43)) - raft.server.snapshot.auto.trigger.enabled = true (custom)
2019-09-26 15:08:38,841 [pool-27-thread-1] INFO  server.RaftServerConfigKeys (ConfUtils.java:logGet(43)) - raft.server.snapshot.auto.trigger.threshold = 10000 (custom)
2019-09-26 15:08:38,841 [pool-27-thread-1] INFO  server.RaftServerConfigKeys (ConfUtils.java:logGet(43)) - raft.server.snapshot.retention.num.files = 5 (custom)
2019-09-26 15:08:38,841 [pool-27-thread-1] INFO  server.RaftServerConfigKeys (ConfUtils.java:logGet(43)) - raft.server.retrycache.expirytime = 600000ms (custom)
2019-09-26 15:08:38,842 [pool-27-thread-1] INFO  impl.RaftServerImpl (RaftServerImpl.java:start(185)) - 8a411a4f-0e32-4dd1-80b9-a797c2117425@group-DA5E89A2DC85: start as a follower, conf=-1: [8a411a4f-0e32-4dd1-80b9-a797c2117425:192.168.151.99:37125], old=null
2019-09-26 15:08:38,843 [pool-27-thread-1] INFO  impl.RaftServerImpl (RaftServerImpl.java:setRole(174)) - 8a411a4f-0e32-4dd1-80b9-a797c2117425@group-DA5E89A2DC85: changes role from      null to FOLLOWER at term 0 for startAsFollower
2019-09-26 15:08:38,843 [pool-27-thread-1] INFO  impl.RoleInfo (RoleInfo.java:updateAndGet(143)) - 8a411a4f-0e32-4dd1-80b9-a797c2117425: start FollowerState
2019-09-26 15:08:38,843 [pool-27-thread-1] INFO  util.JmxRegister (JmxRegister.java:tryRegister(44)) - Successfully registered JMX Bean with object name Ratis:service=RaftServer,group=group-DA5E89A2DC85,id=8a411a4f-0e32-4dd1-80b9-a797c2117425
2019-09-26 15:08:38,845 [RatisPipelineUtilsThread] INFO  pipeline.PipelineStateManager (PipelineStateManager.java:addPipeline(56)) - Created pipeline Pipeline[ Id: 781a2846-1146-4c3a-b164-da5e89a2dc85, Nodes: 8a411a4f-0e32-4dd1-80b9-a797c2117425{ip: 192.168.151.99, host: pr-hdds-1569-g6sp5-2013761785, networkLocation: /default-rack, certSerialId: null}, Type:RATIS, Factor:ONE, State:OPEN]
2019-09-26 15:08:38,848 [grpc-default-executor-1] INFO  impl.RaftServerProxy (RaftServerProxy.java:addNew(89)) - 8a411a4f-0e32-4dd1-80b9-a797c2117425: addNew group-2234F8D63BBB:[8a411a4f-0e32-4dd1-80b9-a797c2117425:192.168.151.99:37125] returns group-2234F8D63BBB:java.util.concurrent.CompletableFuture@4150214[Not completed]
2019-09-26 15:08:38,848 [pool-27-thread-1] INFO  impl.RaftServerImpl (RaftServerImpl.java:<init>(95)) - 8a411a4f-0e32-4dd1-80b9-a797c2117425: new RaftServerImpl for group-2234F8D63BBB:[8a411a4f-0e32-4dd1-80b9-a797c2117425:192.168.151.99:37125] with ContainerStateMachine:uninitialized
2019-09-26 15:08:38,848 [pool-27-thread-1] INFO  server.RaftServerConfigKeys (ConfUtils.java:logGet(43)) - raft.server.rpc.timeout.min = 5s (custom)
2019-09-26 15:08:38,849 [pool-27-thread-1] INFO  server.RaftServerConfigKeys (ConfUtils.java:logGet(43)) - raft.server.rpc.timeout.max = 5200ms (custom)
2019-09-26 15:08:38,849 [pool-27-thread-1] INFO  server.RaftServerConfigKeys (ConfUtils.java:logGet(43)) - raft.server.rpcslowness.timeout = 120s (custom)
2019-09-26 15:08:38,849 [pool-27-thread-1] INFO  server.RaftServerConfigKeys (ConfUtils.java:logGet(43)) - raft.server.sleep.deviation.threshold = 300 (default)
2019-09-26 15:08:38,849 [pool-27-thread-1] INFO  server.RaftServerConfigKeys (ConfUtils.java:logGet(43)) - raft.server.log.appender.install.snapshot.enabled = false (custom)
2019-09-26 15:08:38,849 [pool-27-thread-1] INFO  impl.RaftServerImpl (ServerState.java:<init>(103)) - 8a411a4f-0e32-4dd1-80b9-a797c2117425@group-2234F8D63BBB: ConfigurationManager, init=-1: [8a411a4f-0e32-4dd1-80b9-a797c2117425:192.168.151.99:37125], old=null, confs=<EMPTY_MAP>
2019-09-26 15:08:38,849 [pool-27-thread-1] INFO  server.RaftServerConfigKeys (ConfUtils.java:logGet(43)) - raft.server.storage.dir = [/workdir/hadoop-ozone/integration-test/target/test-dir/MiniOzoneClusterImpl-646ad58d-3cd3-4092-ab15-506251c55e5b/datanode-0/data/ratis] (custom)
2019-09-26 15:08:38,850 [pool-27-thread-1] INFO  storage.RaftStorageDirectory (RaftStorageDirectory.java:analyzeStorage(246)) - The storage directory /workdir/hadoop-ozone/integration-test/target/test-dir/MiniOzoneClusterImpl-646ad58d-3cd3-4092-ab15-506251c55e5b/datanode-0/data/ratis/c776ebac-9aa9-4679-a1e3-2234f8d63bbb does not exist. Creating ...
2019-09-26 15:08:38,855 [pool-27-thread-1] INFO  storage.RaftStorageDirectory (RaftStorageDirectory.java:tryLock(328)) - Lock on /workdir/hadoop-ozone/integration-test/target/test-dir/MiniOzoneClusterImpl-646ad58d-3cd3-4092-ab15-506251c55e5b/datanode-0/data/ratis/c776ebac-9aa9-4679-a1e3-2234f8d63bbb/in_use.lock acquired by nodename 7157@pr-hdds-1569-g6sp5-2013761785
2019-09-26 15:08:38,860 [pool-27-thread-1] INFO  storage.RaftStorage (RaftStorage.java:format(72)) - Storage directory /workdir/hadoop-ozone/integration-test/target/test-dir/MiniOzoneClusterImpl-646ad58d-3cd3-4092-ab15-506251c55e5b/datanode-0/data/ratis/c776ebac-9aa9-4679-a1e3-2234f8d63bbb has been successfully formatted.
2019-09-26 15:08:38,860 [pool-27-thread-1] INFO  ratis.ContainerStateMachine (ContainerStateMachine.java:loadSnapshot(230)) - group-2234F8D63BBB: The snapshot info is null. Setting the last applied indexto:(t:0, i:~)
2019-09-26 15:08:38,860 [pool-27-thread-1] INFO  server.RaftServerConfigKeys (ConfUtils.java:logGet(43)) - raft.server.notification.no-leader.timeout = 120s (custom)
2019-09-26 15:08:38,860 [pool-27-thread-1] INFO  server.RaftServerConfigKeys (ConfUtils.java:logGet(43)) - raft.server.log.use.memory = false (default)
2019-09-26 15:08:38,860 [pool-27-thread-1] INFO  server.RaftServerConfigKeys (ConfUtils.java:logGet(43)) - raft.server.log.purge.gap = 1000000 (custom)
2019-09-26 15:08:38,860 [pool-27-thread-1] INFO  server.RaftServerConfigKeys (ConfUtils.java:logGet(43)) - raft.server.log.appender.buffer.byte-limit = 33554432 (custom)
2019-09-26 15:08:38,860 [pool-27-thread-1] INFO  server.RaftServerConfigKeys (ConfUtils.java:logGet(43)) - raft.server.log.segment.size.max = 1048576 (custom)
2019-09-26 15:08:38,860 [pool-27-thread-1] INFO  server.RaftServerConfigKeys (ConfUtils.java:logGet(43)) - raft.server.log.segment.cache.num.max = 2 (custom)
2019-09-26 15:08:38,860 [pool-27-thread-1] INFO  segmented.SegmentedRaftLogWorker (SegmentedRaftLogWorker.java:<init>(172)) - new 8a411a4f-0e32-4dd1-80b9-a797c2117425@group-2234F8D63BBB-SegmentedRaftLogWorker for RaftStorage:Storage Directory /workdir/hadoop-ozone/integration-test/target/test-dir/MiniOzoneClusterImpl-646ad58d-3cd3-4092-ab15-506251c55e5b/datanode-0/data/ratis/c776ebac-9aa9-4679-a1e3-2234f8d63bbb
2019-09-26 15:08:38,860 [pool-27-thread-1] INFO  server.RaftServerConfigKeys (ConfUtils.java:logGet(43)) - raft.server.log.queue.byte-limit = 2147483647 (custom)
2019-09-26 15:08:38,860 [pool-27-thread-1] INFO  server.RaftServerConfigKeys (ConfUtils.java:logGet(43)) - raft.server.log.queue.element-limit = 1024 (custom)
2019-09-26 15:08:38,861 [pool-27-thread-1] INFO  server.RaftServerConfigKeys (ConfUtils.java:logGet(43)) - raft.server.log.segment.size.max = 1048576 (custom)
2019-09-26 15:08:38,861 [pool-27-thread-1] INFO  server.RaftServerConfigKeys (ConfUtils.java:logGet(43)) - raft.server.log.preallocated.size = 16384 (custom)
2019-09-26 15:08:38,861 [pool-27-thread-1] INFO  server.RaftServerConfigKeys (ConfUtils.java:logGet(43)) - raft.server.log.write.buffer.size = 33554432 (custom)
2019-09-26 15:08:38,861 [pool-27-thread-1] INFO  server.RaftServerConfigKeys (ConfUtils.java:logGet(43)) - raft.server.log.force.sync.num = 128 (default)
2019-09-26 15:08:38,861 [pool-27-thread-1] INFO  server.RaftServerConfigKeys (ConfUtils.java:logGet(43)) - raft.server.log.statemachine.data.sync = true (default)
2019-09-26 15:08:38,861 [pool-27-thread-1] INFO  server.RaftServerConfigKeys (ConfUtils.java:logGet(43)) - raft.server.log.statemachine.data.sync.timeout = 10s (default)
2019-09-26 15:08:38,861 [pool-27-thread-1] INFO  server.RaftServerConfigKeys (ConfUtils.java:logGet(43)) - raft.server.log.statemachine.data.sync.timeout.retry = -1 (default)
2019-09-26 15:08:38,861 [pool-27-thread-1] INFO  server.RaftServerConfigKeys (ConfUtils.java:logGet(43)) - raft.server.log.statemachine.data.caching.enabled = true (custom)
2019-09-26 15:08:38,861 [pool-27-thread-1] INFO  segmented.SegmentedRaftLogWorker (SegmentedRaftLogWorker.java:lambda$new$0(132)) - 8a411a4f-0e32-4dd1-80b9-a797c2117425@group-2234F8D63BBB-SegmentedRaftLogWorker: flushIndex: setUnconditionally 0 -> -1
2019-09-26 15:08:38,861 [pool-27-thread-1] INFO  server.RaftServerConfigKeys (ConfUtils.java:logGet(43)) - raft.server.snapshot.auto.trigger.enabled = true (custom)
2019-09-26 15:08:38,862 [pool-27-thread-1] INFO  server.RaftServerConfigKeys (ConfUtils.java:logGet(43)) - raft.server.snapshot.auto.trigger.threshold = 10000 (custom)
2019-09-26 15:08:38,862 [pool-27-thread-1] INFO  server.RaftServerConfigKeys (ConfUtils.java:logGet(43)) - raft.server.snapshot.retention.num.files = 5 (custom)
2019-09-26 15:08:38,862 [pool-27-thread-1] INFO  server.RaftServerConfigKeys (ConfUtils.java:logGet(43)) - raft.server.retrycache.expirytime = 600000ms (custom)
2019-09-26 15:08:38,863 [pool-27-thread-1] INFO  impl.RaftServerImpl (RaftServerImpl.java:start(185)) - 8a411a4f-0e32-4dd1-80b9-a797c2117425@group-2234F8D63BBB: start as a follower, conf=-1: [8a411a4f-0e32-4dd1-80b9-a797c2117425:192.168.151.99:37125], old=null
2019-09-26 15:08:38,863 [pool-27-thread-1] INFO  impl.RaftServerImpl (RaftServerImpl.java:setRole(174)) - 8a411a4f-0e32-4dd1-80b9-a797c2117425@group-2234F8D63BBB: changes role from      null to FOLLOWER at term 0 for startAsFollower
2019-09-26 15:08:38,863 [pool-27-thread-1] INFO  impl.RoleInfo (RoleInfo.java:updateAndGet(143)) - 8a411a4f-0e32-4dd1-80b9-a797c2117425: start FollowerState
2019-09-26 15:08:38,863 [pool-27-thread-1] INFO  util.JmxRegister (JmxRegister.java:tryRegister(44)) - Successfully registered JMX Bean with object name Ratis:service=RaftServer,group=group-2234F8D63BBB,id=8a411a4f-0e32-4dd1-80b9-a797c2117425
2019-09-26 15:08:38,865 [RatisPipelineUtilsThread] INFO  pipeline.PipelineStateManager (PipelineStateManager.java:addPipeline(56)) - Created pipeline Pipeline[ Id: c776ebac-9aa9-4679-a1e3-2234f8d63bbb, Nodes: 8a411a4f-0e32-4dd1-80b9-a797c2117425{ip: 192.168.151.99, host: pr-hdds-1569-g6sp5-2013761785, networkLocation: /default-rack, certSerialId: null}, Type:RATIS, Factor:ONE, State:OPEN]
2019-09-26 15:08:38,868 [grpc-default-executor-1] INFO  impl.RaftServerProxy (RaftServerProxy.java:addNew(89)) - 8a411a4f-0e32-4dd1-80b9-a797c2117425: addNew group-FF69114B1B03:[8a411a4f-0e32-4dd1-80b9-a797c2117425:192.168.151.99:37125] returns group-FF69114B1B03:java.util.concurrent.CompletableFuture@2e0e8a1e[Not completed]
2019-09-26 15:08:38,868 [pool-27-thread-1] INFO  impl.RaftServerImpl (RaftServerImpl.java:<init>(95)) - 8a411a4f-0e32-4dd1-80b9-a797c2117425: new RaftServerImpl for group-FF69114B1B03:[8a411a4f-0e32-4dd1-80b9-a797c2117425:192.168.151.99:37125] with ContainerStateMachine:uninitialized
2019-09-26 15:08:38,868 [pool-27-thread-1] INFO  server.RaftServerConfigKeys (ConfUtils.java:logGet(43)) - raft.server.rpc.timeout.min = 5s (custom)
2019-09-26 15:08:38,868 [pool-27-thread-1] INFO  server.RaftServerConfigKeys (ConfUtils.java:logGet(43)) - raft.server.rpc.timeout.max = 5200ms (custom)
2019-09-26 15:08:38,868 [pool-27-thread-1] INFO  server.RaftServerConfigKeys (ConfUtils.java:logGet(43)) - raft.server.rpcslowness.timeout = 120s (custom)
2019-09-26 15:08:38,868 [pool-27-thread-1] INFO  server.RaftServerConfigKeys (ConfUtils.java:logGet(43)) - raft.server.sleep.deviation.threshold = 300 (default)
2019-09-26 15:08:38,868 [pool-27-thread-1] INFO  server.RaftServerConfigKeys (ConfUtils.java:logGet(43)) - raft.server.log.appender.install.snapshot.enabled = false (custom)
2019-09-26 15:08:38,869 [pool-27-thread-1] INFO  impl.RaftServerImpl (ServerState.java:<init>(103)) - 8a411a4f-0e32-4dd1-80b9-a797c2117425@group-FF69114B1B03: ConfigurationManager, init=-1: [8a411a4f-0e32-4dd1-80b9-a797c2117425:192.168.151.99:37125], old=null, confs=<EMPTY_MAP>
2019-09-26 15:08:38,869 [pool-27-thread-1] INFO  server.RaftServerConfigKeys (ConfUtils.java:logGet(43)) - raft.server.storage.dir = [/workdir/hadoop-ozone/integration-test/target/test-dir/MiniOzoneClusterImpl-646ad58d-3cd3-4092-ab15-506251c55e5b/datanode-0/data/ratis] (custom)
2019-09-26 15:08:38,870 [pool-27-thread-1] INFO  storage.RaftStorageDirectory (RaftStorageDirectory.java:analyzeStorage(246)) - The storage directory /workdir/hadoop-ozone/integration-test/target/test-dir/MiniOzoneClusterImpl-646ad58d-3cd3-4092-ab15-506251c55e5b/datanode-0/data/ratis/e5293c6e-b68d-4b7a-a4a8-ff69114b1b03 does not exist. Creating ...
2019-09-26 15:08:38,875 [pool-27-thread-1] INFO  storage.RaftStorageDirectory (RaftStorageDirectory.java:tryLock(328)) - Lock on /workdir/hadoop-ozone/integration-test/target/test-dir/MiniOzoneClusterImpl-646ad58d-3cd3-4092-ab15-506251c55e5b/datanode-0/data/ratis/e5293c6e-b68d-4b7a-a4a8-ff69114b1b03/in_use.lock acquired by nodename 7157@pr-hdds-1569-g6sp5-2013761785
2019-09-26 15:08:38,879 [pool-27-thread-1] INFO  storage.RaftStorage (RaftStorage.java:format(72)) - Storage directory /workdir/hadoop-ozone/integration-test/target/test-dir/MiniOzoneClusterImpl-646ad58d-3cd3-4092-ab15-506251c55e5b/datanode-0/data/ratis/e5293c6e-b68d-4b7a-a4a8-ff69114b1b03 has been successfully formatted.
2019-09-26 15:08:38,879 [pool-27-thread-1] INFO  ratis.ContainerStateMachine (ContainerStateMachine.java:loadSnapshot(230)) - group-FF69114B1B03: The snapshot info is null. Setting the last applied indexto:(t:0, i:~)
2019-09-26 15:08:38,879 [pool-27-thread-1] INFO  server.RaftServerConfigKeys (ConfUtils.java:logGet(43)) - raft.server.notification.no-leader.timeout = 120s (custom)
2019-09-26 15:08:38,879 [pool-27-thread-1] INFO  server.RaftServerConfigKeys (ConfUtils.java:logGet(43)) - raft.server.log.use.memory = false (default)
2019-09-26 15:08:38,879 [pool-27-thread-1] INFO  server.RaftServerConfigKeys (ConfUtils.java:logGet(43)) - raft.server.log.purge.gap = 1000000 (custom)
2019-09-26 15:08:38,879 [pool-27-thread-1] INFO  server.RaftServerConfigKeys (ConfUtils.java:logGet(43)) - raft.server.log.appender.buffer.byte-limit = 33554432 (custom)
2019-09-26 15:08:38,879 [pool-27-thread-1] INFO  server.RaftServerConfigKeys (ConfUtils.java:logGet(43)) - raft.server.log.segment.size.max = 1048576 (custom)
2019-09-26 15:08:38,879 [pool-27-thread-1] INFO  server.RaftServerConfigKeys (ConfUtils.java:logGet(43)) - raft.server.log.segment.cache.num.max = 2 (custom)
2019-09-26 15:08:38,880 [pool-27-thread-1] INFO  segmented.SegmentedRaftLogWorker (SegmentedRaftLogWorker.java:<init>(172)) - new 8a411a4f-0e32-4dd1-80b9-a797c2117425@group-FF69114B1B03-SegmentedRaftLogWorker for RaftStorage:Storage Directory /workdir/hadoop-ozone/integration-test/target/test-dir/MiniOzoneClusterImpl-646ad58d-3cd3-4092-ab15-506251c55e5b/datanode-0/data/ratis/e5293c6e-b68d-4b7a-a4a8-ff69114b1b03
2019-09-26 15:08:38,880 [pool-27-thread-1] INFO  server.RaftServerConfigKeys (ConfUtils.java:logGet(43)) - raft.server.log.queue.byte-limit = 2147483647 (custom)
2019-09-26 15:08:38,880 [pool-27-thread-1] INFO  server.RaftServerConfigKeys (ConfUtils.java:logGet(43)) - raft.server.log.queue.element-limit = 1024 (custom)
2019-09-26 15:08:38,880 [pool-27-thread-1] INFO  server.RaftServerConfigKeys (ConfUtils.java:logGet(43)) - raft.server.log.segment.size.max = 1048576 (custom)
2019-09-26 15:08:38,880 [pool-27-thread-1] INFO  server.RaftServerConfigKeys (ConfUtils.java:logGet(43)) - raft.server.log.preallocated.size = 16384 (custom)
2019-09-26 15:08:38,880 [pool-27-thread-1] INFO  server.RaftServerConfigKeys (ConfUtils.java:logGet(43)) - raft.server.log.write.buffer.size = 33554432 (custom)
2019-09-26 15:08:38,880 [pool-27-thread-1] INFO  server.RaftServerConfigKeys (ConfUtils.java:logGet(43)) - raft.server.log.force.sync.num = 128 (default)
2019-09-26 15:08:38,880 [pool-27-thread-1] INFO  server.RaftServerConfigKeys (ConfUtils.java:logGet(43)) - raft.server.log.statemachine.data.sync = true (default)
2019-09-26 15:08:38,880 [pool-27-thread-1] INFO  server.RaftServerConfigKeys (ConfUtils.java:logGet(43)) - raft.server.log.statemachine.data.sync.timeout = 10s (default)
2019-09-26 15:08:38,880 [pool-27-thread-1] INFO  server.RaftServerConfigKeys (ConfUtils.java:logGet(43)) - raft.server.log.statemachine.data.sync.timeout.retry = -1 (default)
2019-09-26 15:08:38,880 [pool-27-thread-1] INFO  server.RaftServerConfigKeys (ConfUtils.java:logGet(43)) - raft.server.log.statemachine.data.caching.enabled = true (custom)
2019-09-26 15:08:38,880 [pool-27-thread-1] INFO  segmented.SegmentedRaftLogWorker (SegmentedRaftLogWorker.java:lambda$new$0(132)) - 8a411a4f-0e32-4dd1-80b9-a797c2117425@group-FF69114B1B03-SegmentedRaftLogWorker: flushIndex: setUnconditionally 0 -> -1
2019-09-26 15:08:38,881 [pool-27-thread-1] INFO  server.RaftServerConfigKeys (ConfUtils.java:logGet(43)) - raft.server.snapshot.auto.trigger.enabled = true (custom)
2019-09-26 15:08:38,881 [pool-27-thread-1] INFO  server.RaftServerConfigKeys (ConfUtils.java:logGet(43)) - raft.server.snapshot.auto.trigger.threshold = 10000 (custom)
2019-09-26 15:08:38,881 [pool-27-thread-1] INFO  server.RaftServerConfigKeys (ConfUtils.java:logGet(43)) - raft.server.snapshot.retention.num.files = 5 (custom)
2019-09-26 15:08:38,881 [pool-27-thread-1] INFO  server.RaftServerConfigKeys (ConfUtils.java:logGet(43)) - raft.server.retrycache.expirytime = 600000ms (custom)
2019-09-26 15:08:38,882 [pool-27-thread-1] INFO  impl.RaftServerImpl (RaftServerImpl.java:start(185)) - 8a411a4f-0e32-4dd1-80b9-a797c2117425@group-FF69114B1B03: start as a follower, conf=-1: [8a411a4f-0e32-4dd1-80b9-a797c2117425:192.168.151.99:37125], old=null
2019-09-26 15:08:38,882 [pool-27-thread-1] INFO  impl.RaftServerImpl (RaftServerImpl.java:setRole(174)) - 8a411a4f-0e32-4dd1-80b9-a797c2117425@group-FF69114B1B03: changes role from      null to FOLLOWER at term 0 for startAsFollower
2019-09-26 15:08:38,882 [pool-27-thread-1] INFO  impl.RoleInfo (RoleInfo.java:updateAndGet(143)) - 8a411a4f-0e32-4dd1-80b9-a797c2117425: start FollowerState
2019-09-26 15:08:38,882 [pool-27-thread-1] INFO  util.JmxRegister (JmxRegister.java:tryRegister(44)) - Successfully registered JMX Bean with object name Ratis:service=RaftServer,group=group-FF69114B1B03,id=8a411a4f-0e32-4dd1-80b9-a797c2117425
2019-09-26 15:08:38,884 [RatisPipelineUtilsThread] INFO  pipeline.PipelineStateManager (PipelineStateManager.java:addPipeline(56)) - Created pipeline Pipeline[ Id: e5293c6e-b68d-4b7a-a4a8-ff69114b1b03, Nodes: 8a411a4f-0e32-4dd1-80b9-a797c2117425{ip: 192.168.151.99, host: pr-hdds-1569-g6sp5-2013761785, networkLocation: /default-rack, certSerialId: null}, Type:RATIS, Factor:ONE, State:OPEN]
2019-09-26 15:08:38,887 [grpc-default-executor-1] INFO  impl.RaftServerProxy (RaftServerProxy.java:addNew(89)) - 8a411a4f-0e32-4dd1-80b9-a797c2117425: addNew group-C78D9C690071:[8a411a4f-0e32-4dd1-80b9-a797c2117425:192.168.151.99:37125] returns group-C78D9C690071:java.util.concurrent.CompletableFuture@3fd8006b[Not completed]
2019-09-26 15:08:38,888 [pool-27-thread-1] INFO  impl.RaftServerImpl (RaftServerImpl.java:<init>(95)) - 8a411a4f-0e32-4dd1-80b9-a797c2117425: new RaftServerImpl for group-C78D9C690071:[8a411a4f-0e32-4dd1-80b9-a797c2117425:192.168.151.99:37125] with ContainerStateMachine:uninitialized
2019-09-26 15:08:38,888 [pool-27-thread-1] INFO  server.RaftServerConfigKeys (ConfUtils.java:logGet(43)) - raft.server.rpc.timeout.min = 5s (custom)
2019-09-26 15:08:38,888 [pool-27-thread-1] INFO  server.RaftServerConfigKeys (ConfUtils.java:logGet(43)) - raft.server.rpc.timeout.max = 5200ms (custom)
2019-09-26 15:08:38,888 [pool-27-thread-1] INFO  server.RaftServerConfigKeys (ConfUtils.java:logGet(43)) - raft.server.rpcslowness.timeout = 120s (custom)
2019-09-26 15:08:38,888 [pool-27-thread-1] INFO  server.RaftServerConfigKeys (ConfUtils.java:logGet(43)) - raft.server.sleep.deviation.threshold = 300 (default)
2019-09-26 15:08:38,888 [pool-27-thread-1] INFO  server.RaftServerConfigKeys (ConfUtils.java:logGet(43)) - raft.server.log.appender.install.snapshot.enabled = false (custom)
2019-09-26 15:08:38,888 [pool-27-thread-1] INFO  impl.RaftServerImpl (ServerState.java:<init>(103)) - 8a411a4f-0e32-4dd1-80b9-a797c2117425@group-C78D9C690071: ConfigurationManager, init=-1: [8a411a4f-0e32-4dd1-80b9-a797c2117425:192.168.151.99:37125], old=null, confs=<EMPTY_MAP>
2019-09-26 15:08:38,888 [pool-27-thread-1] INFO  server.RaftServerConfigKeys (ConfUtils.java:logGet(43)) - raft.server.storage.dir = [/workdir/hadoop-ozone/integration-test/target/test-dir/MiniOzoneClusterImpl-646ad58d-3cd3-4092-ab15-506251c55e5b/datanode-0/data/ratis] (custom)
2019-09-26 15:08:38,889 [pool-27-thread-1] INFO  storage.RaftStorageDirectory (RaftStorageDirectory.java:analyzeStorage(246)) - The storage directory /workdir/hadoop-ozone/integration-test/target/test-dir/MiniOzoneClusterImpl-646ad58d-3cd3-4092-ab15-506251c55e5b/datanode-0/data/ratis/2d949ac8-7de4-4bde-a95c-c78d9c690071 does not exist. Creating ...
2019-09-26 15:08:38,907 [pool-27-thread-1] INFO  storage.RaftStorageDirectory (RaftStorageDirectory.java:tryLock(328)) - Lock on /workdir/hadoop-ozone/integration-test/target/test-dir/MiniOzoneClusterImpl-646ad58d-3cd3-4092-ab15-506251c55e5b/datanode-0/data/ratis/2d949ac8-7de4-4bde-a95c-c78d9c690071/in_use.lock acquired by nodename 7157@pr-hdds-1569-g6sp5-2013761785
2019-09-26 15:08:38,918 [pool-27-thread-1] INFO  storage.RaftStorage (RaftStorage.java:format(72)) - Storage directory /workdir/hadoop-ozone/integration-test/target/test-dir/MiniOzoneClusterImpl-646ad58d-3cd3-4092-ab15-506251c55e5b/datanode-0/data/ratis/2d949ac8-7de4-4bde-a95c-c78d9c690071 has been successfully formatted.
2019-09-26 15:08:38,918 [pool-27-thread-1] INFO  ratis.ContainerStateMachine (ContainerStateMachine.java:loadSnapshot(230)) - group-C78D9C690071: The snapshot info is null. Setting the last applied indexto:(t:0, i:~)
2019-09-26 15:08:38,918 [pool-27-thread-1] INFO  server.RaftServerConfigKeys (ConfUtils.java:logGet(43)) - raft.server.notification.no-leader.timeout = 120s (custom)
2019-09-26 15:08:38,918 [pool-27-thread-1] INFO  server.RaftServerConfigKeys (ConfUtils.java:logGet(43)) - raft.server.log.use.memory = false (default)
2019-09-26 15:08:38,918 [pool-27-thread-1] INFO  server.RaftServerConfigKeys (ConfUtils.java:logGet(43)) - raft.server.log.purge.gap = 1000000 (custom)
2019-09-26 15:08:38,918 [pool-27-thread-1] INFO  server.RaftServerConfigKeys (ConfUtils.java:logGet(43)) - raft.server.log.appender.buffer.byte-limit = 33554432 (custom)
2019-09-26 15:08:38,918 [pool-27-thread-1] INFO  server.RaftServerConfigKeys (ConfUtils.java:logGet(43)) - raft.server.log.segment.size.max = 1048576 (custom)
2019-09-26 15:08:38,918 [pool-27-thread-1] INFO  server.RaftServerConfigKeys (ConfUtils.java:logGet(43)) - raft.server.log.segment.cache.num.max = 2 (custom)
2019-09-26 15:08:38,919 [pool-27-thread-1] INFO  segmented.SegmentedRaftLogWorker (SegmentedRaftLogWorker.java:<init>(172)) - new 8a411a4f-0e32-4dd1-80b9-a797c2117425@group-C78D9C690071-SegmentedRaftLogWorker for RaftStorage:Storage Directory /workdir/hadoop-ozone/integration-test/target/test-dir/MiniOzoneClusterImpl-646ad58d-3cd3-4092-ab15-506251c55e5b/datanode-0/data/ratis/2d949ac8-7de4-4bde-a95c-c78d9c690071
2019-09-26 15:08:38,919 [pool-27-thread-1] INFO  server.RaftServerConfigKeys (ConfUtils.java:logGet(43)) - raft.server.log.queue.byte-limit = 2147483647 (custom)
2019-09-26 15:08:38,919 [pool-27-thread-1] INFO  server.RaftServerConfigKeys (ConfUtils.java:logGet(43)) - raft.server.log.queue.element-limit = 1024 (custom)
2019-09-26 15:08:38,919 [pool-27-thread-1] INFO  server.RaftServerConfigKeys (ConfUtils.java:logGet(43)) - raft.server.log.segment.size.max = 1048576 (custom)
2019-09-26 15:08:38,919 [pool-27-thread-1] INFO  server.RaftServerConfigKeys (ConfUtils.java:logGet(43)) - raft.server.log.preallocated.size = 16384 (custom)
2019-09-26 15:08:38,919 [pool-27-thread-1] INFO  server.RaftServerConfigKeys (ConfUtils.java:logGet(43)) - raft.server.log.write.buffer.size = 33554432 (custom)
2019-09-26 15:08:38,919 [pool-27-thread-1] INFO  server.RaftServerConfigKeys (ConfUtils.java:logGet(43)) - raft.server.log.force.sync.num = 128 (default)
2019-09-26 15:08:38,919 [pool-27-thread-1] INFO  server.RaftServerConfigKeys (ConfUtils.java:logGet(43)) - raft.server.log.statemachine.data.sync = true (default)
2019-09-26 15:08:38,919 [pool-27-thread-1] INFO  server.RaftServerConfigKeys (ConfUtils.java:logGet(43)) - raft.server.log.statemachine.data.sync.timeout = 10s (default)
2019-09-26 15:08:38,919 [pool-27-thread-1] INFO  server.RaftServerConfigKeys (ConfUtils.java:logGet(43)) - raft.server.log.statemachine.data.sync.timeout.retry = -1 (default)
2019-09-26 15:08:38,919 [pool-27-thread-1] INFO  server.RaftServerConfigKeys (ConfUtils.java:logGet(43)) - raft.server.log.statemachine.data.caching.enabled = true (custom)
2019-09-26 15:08:38,920 [pool-27-thread-1] INFO  segmented.SegmentedRaftLogWorker (SegmentedRaftLogWorker.java:lambda$new$0(132)) - 8a411a4f-0e32-4dd1-80b9-a797c2117425@group-C78D9C690071-SegmentedRaftLogWorker: flushIndex: setUnconditionally 0 -> -1
2019-09-26 15:08:38,920 [pool-27-thread-1] INFO  server.RaftServerConfigKeys (ConfUtils.java:logGet(43)) - raft.server.snapshot.auto.trigger.enabled = true (custom)
2019-09-26 15:08:38,920 [pool-27-thread-1] INFO  server.RaftServerConfigKeys (ConfUtils.java:logGet(43)) - raft.server.snapshot.auto.trigger.threshold = 10000 (custom)
2019-09-26 15:08:38,920 [pool-27-thread-1] INFO  server.RaftServerConfigKeys (ConfUtils.java:logGet(43)) - raft.server.snapshot.retention.num.files = 5 (custom)
2019-09-26 15:08:38,920 [pool-27-thread-1] INFO  server.RaftServerConfigKeys (ConfUtils.java:logGet(43)) - raft.server.retrycache.expirytime = 600000ms (custom)
2019-09-26 15:08:38,921 [pool-27-thread-1] INFO  impl.RaftServerImpl (RaftServerImpl.java:start(185)) - 8a411a4f-0e32-4dd1-80b9-a797c2117425@group-C78D9C690071: start as a follower, conf=-1: [8a411a4f-0e32-4dd1-80b9-a797c2117425:192.168.151.99:37125], old=null
2019-09-26 15:08:38,921 [pool-27-thread-1] INFO  impl.RaftServerImpl (RaftServerImpl.java:setRole(174)) - 8a411a4f-0e32-4dd1-80b9-a797c2117425@group-C78D9C690071: changes role from      null to FOLLOWER at term 0 for startAsFollower
2019-09-26 15:08:38,921 [pool-27-thread-1] INFO  impl.RoleInfo (RoleInfo.java:updateAndGet(143)) - 8a411a4f-0e32-4dd1-80b9-a797c2117425: start FollowerState
2019-09-26 15:08:38,922 [pool-27-thread-1] INFO  util.JmxRegister (JmxRegister.java:tryRegister(44)) - Successfully registered JMX Bean with object name Ratis:service=RaftServer,group=group-C78D9C690071,id=8a411a4f-0e32-4dd1-80b9-a797c2117425
2019-09-26 15:08:38,923 [RatisPipelineUtilsThread] INFO  pipeline.PipelineStateManager (PipelineStateManager.java:addPipeline(56)) - Created pipeline Pipeline[ Id: 2d949ac8-7de4-4bde-a95c-c78d9c690071, Nodes: 8a411a4f-0e32-4dd1-80b9-a797c2117425{ip: 192.168.151.99, host: pr-hdds-1569-g6sp5-2013761785, networkLocation: /default-rack, certSerialId: null}, Type:RATIS, Factor:ONE, State:OPEN]
2019-09-26 15:08:38,926 [grpc-default-executor-0] INFO  impl.RaftServerProxy (RaftServerProxy.java:addNew(89)) - 8a411a4f-0e32-4dd1-80b9-a797c2117425: addNew group-D2571D42C563:[8a411a4f-0e32-4dd1-80b9-a797c2117425:192.168.151.99:37125] returns group-D2571D42C563:java.util.concurrent.CompletableFuture@3a798f4e[Not completed]
2019-09-26 15:08:38,926 [pool-27-thread-1] INFO  impl.RaftServerImpl (RaftServerImpl.java:<init>(95)) - 8a411a4f-0e32-4dd1-80b9-a797c2117425: new RaftServerImpl for group-D2571D42C563:[8a411a4f-0e32-4dd1-80b9-a797c2117425:192.168.151.99:37125] with ContainerStateMachine:uninitialized
2019-09-26 15:08:38,926 [pool-27-thread-1] INFO  server.RaftServerConfigKeys (ConfUtils.java:logGet(43)) - raft.server.rpc.timeout.min = 5s (custom)
2019-09-26 15:08:38,927 [pool-27-thread-1] INFO  server.RaftServerConfigKeys (ConfUtils.java:logGet(43)) - raft.server.rpc.timeout.max = 5200ms (custom)
2019-09-26 15:08:38,927 [pool-27-thread-1] INFO  server.RaftServerConfigKeys (ConfUtils.java:logGet(43)) - raft.server.rpcslowness.timeout = 120s (custom)
2019-09-26 15:08:38,927 [pool-27-thread-1] INFO  server.RaftServerConfigKeys (ConfUtils.java:logGet(43)) - raft.server.sleep.deviation.threshold = 300 (default)
2019-09-26 15:08:38,927 [pool-27-thread-1] INFO  server.RaftServerConfigKeys (ConfUtils.java:logGet(43)) - raft.server.log.appender.install.snapshot.enabled = false (custom)
2019-09-26 15:08:38,927 [pool-27-thread-1] INFO  impl.RaftServerImpl (ServerState.java:<init>(103)) - 8a411a4f-0e32-4dd1-80b9-a797c2117425@group-D2571D42C563: ConfigurationManager, init=-1: [8a411a4f-0e32-4dd1-80b9-a797c2117425:192.168.151.99:37125], old=null, confs=<EMPTY_MAP>
2019-09-26 15:08:38,927 [pool-27-thread-1] INFO  server.RaftServerConfigKeys (ConfUtils.java:logGet(43)) - raft.server.storage.dir = [/workdir/hadoop-ozone/integration-test/target/test-dir/MiniOzoneClusterImpl-646ad58d-3cd3-4092-ab15-506251c55e5b/datanode-0/data/ratis] (custom)
2019-09-26 15:08:38,928 [pool-27-thread-1] INFO  storage.RaftStorageDirectory (RaftStorageDirectory.java:analyzeStorage(246)) - The storage directory /workdir/hadoop-ozone/integration-test/target/test-dir/MiniOzoneClusterImpl-646ad58d-3cd3-4092-ab15-506251c55e5b/datanode-0/data/ratis/794d95b2-4496-469b-aa94-d2571d42c563 does not exist. Creating ...
2019-09-26 15:08:38,933 [pool-27-thread-1] INFO  storage.RaftStorageDirectory (RaftStorageDirectory.java:tryLock(328)) - Lock on /workdir/hadoop-ozone/integration-test/target/test-dir/MiniOzoneClusterImpl-646ad58d-3cd3-4092-ab15-506251c55e5b/datanode-0/data/ratis/794d95b2-4496-469b-aa94-d2571d42c563/in_use.lock acquired by nodename 7157@pr-hdds-1569-g6sp5-2013761785
2019-09-26 15:08:38,947 [pool-27-thread-1] INFO  storage.RaftStorage (RaftStorage.java:format(72)) - Storage directory /workdir/hadoop-ozone/integration-test/target/test-dir/MiniOzoneClusterImpl-646ad58d-3cd3-4092-ab15-506251c55e5b/datanode-0/data/ratis/794d95b2-4496-469b-aa94-d2571d42c563 has been successfully formatted.
2019-09-26 15:08:38,948 [pool-27-thread-1] INFO  ratis.ContainerStateMachine (ContainerStateMachine.java:loadSnapshot(230)) - group-D2571D42C563: The snapshot info is null. Setting the last applied indexto:(t:0, i:~)
2019-09-26 15:08:38,948 [pool-27-thread-1] INFO  server.RaftServerConfigKeys (ConfUtils.java:logGet(43)) - raft.server.notification.no-leader.timeout = 120s (custom)
2019-09-26 15:08:38,948 [pool-27-thread-1] INFO  server.RaftServerConfigKeys (ConfUtils.java:logGet(43)) - raft.server.log.use.memory = false (default)
2019-09-26 15:08:38,948 [pool-27-thread-1] INFO  server.RaftServerConfigKeys (ConfUtils.java:logGet(43)) - raft.server.log.purge.gap = 1000000 (custom)
2019-09-26 15:08:38,948 [pool-27-thread-1] INFO  server.RaftServerConfigKeys (ConfUtils.java:logGet(43)) - raft.server.log.appender.buffer.byte-limit = 33554432 (custom)
2019-09-26 15:08:38,948 [pool-27-thread-1] INFO  server.RaftServerConfigKeys (ConfUtils.java:logGet(43)) - raft.server.log.segment.size.max = 1048576 (custom)
2019-09-26 15:08:38,948 [pool-27-thread-1] INFO  server.RaftServerConfigKeys (ConfUtils.java:logGet(43)) - raft.server.log.segment.cache.num.max = 2 (custom)
2019-09-26 15:08:38,948 [pool-27-thread-1] INFO  segmented.SegmentedRaftLogWorker (SegmentedRaftLogWorker.java:<init>(172)) - new 8a411a4f-0e32-4dd1-80b9-a797c2117425@group-D2571D42C563-SegmentedRaftLogWorker for RaftStorage:Storage Directory /workdir/hadoop-ozone/integration-test/target/test-dir/MiniOzoneClusterImpl-646ad58d-3cd3-4092-ab15-506251c55e5b/datanode-0/data/ratis/794d95b2-4496-469b-aa94-d2571d42c563
2019-09-26 15:08:38,948 [pool-27-thread-1] INFO  server.RaftServerConfigKeys (ConfUtils.java:logGet(43)) - raft.server.log.queue.byte-limit = 2147483647 (custom)
2019-09-26 15:08:38,948 [pool-27-thread-1] INFO  server.RaftServerConfigKeys (ConfUtils.java:logGet(43)) - raft.server.log.queue.element-limit = 1024 (custom)
2019-09-26 15:08:38,948 [pool-27-thread-1] INFO  server.RaftServerConfigKeys (ConfUtils.java:logGet(43)) - raft.server.log.segment.size.max = 1048576 (custom)
2019-09-26 15:08:38,949 [pool-27-thread-1] INFO  server.RaftServerConfigKeys (ConfUtils.java:logGet(43)) - raft.server.log.preallocated.size = 16384 (custom)
2019-09-26 15:08:38,949 [pool-27-thread-1] INFO  server.RaftServerConfigKeys (ConfUtils.java:logGet(43)) - raft.server.log.write.buffer.size = 33554432 (custom)
2019-09-26 15:08:38,949 [pool-27-thread-1] INFO  server.RaftServerConfigKeys (ConfUtils.java:logGet(43)) - raft.server.log.force.sync.num = 128 (default)
2019-09-26 15:08:38,949 [pool-27-thread-1] INFO  server.RaftServerConfigKeys (ConfUtils.java:logGet(43)) - raft.server.log.statemachine.data.sync = true (default)
2019-09-26 15:08:38,949 [pool-27-thread-1] INFO  server.RaftServerConfigKeys (ConfUtils.java:logGet(43)) - raft.server.log.statemachine.data.sync.timeout = 10s (default)
2019-09-26 15:08:38,949 [pool-27-thread-1] INFO  server.RaftServerConfigKeys (ConfUtils.java:logGet(43)) - raft.server.log.statemachine.data.sync.timeout.retry = -1 (default)
2019-09-26 15:08:38,949 [pool-27-thread-1] INFO  server.RaftServerConfigKeys (ConfUtils.java:logGet(43)) - raft.server.log.statemachine.data.caching.enabled = true (custom)
2019-09-26 15:08:38,949 [pool-27-thread-1] INFO  segmented.SegmentedRaftLogWorker (SegmentedRaftLogWorker.java:lambda$new$0(132)) - 8a411a4f-0e32-4dd1-80b9-a797c2117425@group-D2571D42C563-SegmentedRaftLogWorker: flushIndex: setUnconditionally 0 -> -1
2019-09-26 15:08:38,950 [pool-27-thread-1] INFO  server.RaftServerConfigKeys (ConfUtils.java:logGet(43)) - raft.server.snapshot.auto.trigger.enabled = true (custom)
2019-09-26 15:08:38,950 [pool-27-thread-1] INFO  server.RaftServerConfigKeys (ConfUtils.java:logGet(43)) - raft.server.snapshot.auto.trigger.threshold = 10000 (custom)
2019-09-26 15:08:38,950 [pool-27-thread-1] INFO  server.RaftServerConfigKeys (ConfUtils.java:logGet(43)) - raft.server.snapshot.retention.num.files = 5 (custom)
2019-09-26 15:08:38,950 [pool-27-thread-1] INFO  server.RaftServerConfigKeys (ConfUtils.java:logGet(43)) - raft.server.retrycache.expirytime = 600000ms (custom)
2019-09-26 15:08:38,951 [pool-27-thread-1] INFO  impl.RaftServerImpl (RaftServerImpl.java:start(185)) - 8a411a4f-0e32-4dd1-80b9-a797c2117425@group-D2571D42C563: start as a follower, conf=-1: [8a411a4f-0e32-4dd1-80b9-a797c2117425:192.168.151.99:37125], old=null
2019-09-26 15:08:38,951 [pool-27-thread-1] INFO  impl.RaftServerImpl (RaftServerImpl.java:setRole(174)) - 8a411a4f-0e32-4dd1-80b9-a797c2117425@group-D2571D42C563: changes role from      null to FOLLOWER at term 0 for startAsFollower
2019-09-26 15:08:38,951 [pool-27-thread-1] INFO  impl.RoleInfo (RoleInfo.java:updateAndGet(143)) - 8a411a4f-0e32-4dd1-80b9-a797c2117425: start FollowerState
2019-09-26 15:08:38,951 [pool-27-thread-1] INFO  util.JmxRegister (JmxRegister.java:tryRegister(44)) - Successfully registered JMX Bean with object name Ratis:service=RaftServer,group=group-D2571D42C563,id=8a411a4f-0e32-4dd1-80b9-a797c2117425
2019-09-26 15:08:38,953 [RatisPipelineUtilsThread] INFO  pipeline.PipelineStateManager (PipelineStateManager.java:addPipeline(56)) - Created pipeline Pipeline[ Id: 794d95b2-4496-469b-aa94-d2571d42c563, Nodes: 8a411a4f-0e32-4dd1-80b9-a797c2117425{ip: 192.168.151.99, host: pr-hdds-1569-g6sp5-2013761785, networkLocation: /default-rack, certSerialId: null}, Type:RATIS, Factor:ONE, State:OPEN]
2019-09-26 15:08:38,956 [grpc-default-executor-0] INFO  impl.RaftServerProxy (RaftServerProxy.java:addNew(89)) - 8a411a4f-0e32-4dd1-80b9-a797c2117425: addNew group-A085057DFB26:[8a411a4f-0e32-4dd1-80b9-a797c2117425:192.168.151.99:37125] returns group-A085057DFB26:java.util.concurrent.CompletableFuture@4cb17b9b[Not completed]
2019-09-26 15:08:38,956 [pool-27-thread-1] INFO  impl.RaftServerImpl (RaftServerImpl.java:<init>(95)) - 8a411a4f-0e32-4dd1-80b9-a797c2117425: new RaftServerImpl for group-A085057DFB26:[8a411a4f-0e32-4dd1-80b9-a797c2117425:192.168.151.99:37125] with ContainerStateMachine:uninitialized
2019-09-26 15:08:38,957 [pool-27-thread-1] INFO  server.RaftServerConfigKeys (ConfUtils.java:logGet(43)) - raft.server.rpc.timeout.min = 5s (custom)
2019-09-26 15:08:38,957 [pool-27-thread-1] INFO  server.RaftServerConfigKeys (ConfUtils.java:logGet(43)) - raft.server.rpc.timeout.max = 5200ms (custom)
2019-09-26 15:08:38,957 [pool-27-thread-1] INFO  server.RaftServerConfigKeys (ConfUtils.java:logGet(43)) - raft.server.rpcslowness.timeout = 120s (custom)
2019-09-26 15:08:38,957 [pool-27-thread-1] INFO  server.RaftServerConfigKeys (ConfUtils.java:logGet(43)) - raft.server.sleep.deviation.threshold = 300 (default)
2019-09-26 15:08:38,957 [pool-27-thread-1] INFO  server.RaftServerConfigKeys (ConfUtils.java:logGet(43)) - raft.server.log.appender.install.snapshot.enabled = false (custom)
2019-09-26 15:08:38,957 [pool-27-thread-1] INFO  impl.RaftServerImpl (ServerState.java:<init>(103)) - 8a411a4f-0e32-4dd1-80b9-a797c2117425@group-A085057DFB26: ConfigurationManager, init=-1: [8a411a4f-0e32-4dd1-80b9-a797c2117425:192.168.151.99:37125], old=null, confs=<EMPTY_MAP>
2019-09-26 15:08:38,957 [pool-27-thread-1] INFO  server.RaftServerConfigKeys (ConfUtils.java:logGet(43)) - raft.server.storage.dir = [/workdir/hadoop-ozone/integration-test/target/test-dir/MiniOzoneClusterImpl-646ad58d-3cd3-4092-ab15-506251c55e5b/datanode-0/data/ratis] (custom)
2019-09-26 15:08:38,958 [pool-27-thread-1] INFO  storage.RaftStorageDirectory (RaftStorageDirectory.java:analyzeStorage(246)) - The storage directory /workdir/hadoop-ozone/integration-test/target/test-dir/MiniOzoneClusterImpl-646ad58d-3cd3-4092-ab15-506251c55e5b/datanode-0/data/ratis/b9ac99c7-ed20-4788-a3ab-a085057dfb26 does not exist. Creating ...
2019-09-26 15:08:38,981 [pool-27-thread-1] INFO  storage.RaftStorageDirectory (RaftStorageDirectory.java:tryLock(328)) - Lock on /workdir/hadoop-ozone/integration-test/target/test-dir/MiniOzoneClusterImpl-646ad58d-3cd3-4092-ab15-506251c55e5b/datanode-0/data/ratis/b9ac99c7-ed20-4788-a3ab-a085057dfb26/in_use.lock acquired by nodename 7157@pr-hdds-1569-g6sp5-2013761785
2019-09-26 15:08:38,996 [pool-27-thread-1] INFO  storage.RaftStorage (RaftStorage.java:format(72)) - Storage directory /workdir/hadoop-ozone/integration-test/target/test-dir/MiniOzoneClusterImpl-646ad58d-3cd3-4092-ab15-506251c55e5b/datanode-0/data/ratis/b9ac99c7-ed20-4788-a3ab-a085057dfb26 has been successfully formatted.
2019-09-26 15:08:38,996 [pool-27-thread-1] INFO  ratis.ContainerStateMachine (ContainerStateMachine.java:loadSnapshot(230)) - group-A085057DFB26: The snapshot info is null. Setting the last applied indexto:(t:0, i:~)
2019-09-26 15:08:38,996 [pool-27-thread-1] INFO  server.RaftServerConfigKeys (ConfUtils.java:logGet(43)) - raft.server.notification.no-leader.timeout = 120s (custom)
2019-09-26 15:08:38,996 [pool-27-thread-1] INFO  server.RaftServerConfigKeys (ConfUtils.java:logGet(43)) - raft.server.log.use.memory = false (default)
2019-09-26 15:08:38,996 [pool-27-thread-1] INFO  server.RaftServerConfigKeys (ConfUtils.java:logGet(43)) - raft.server.log.purge.gap = 1000000 (custom)
2019-09-26 15:08:38,996 [pool-27-thread-1] INFO  server.RaftServerConfigKeys (ConfUtils.java:logGet(43)) - raft.server.log.appender.buffer.byte-limit = 33554432 (custom)
2019-09-26 15:08:38,996 [pool-27-thread-1] INFO  server.RaftServerConfigKeys (ConfUtils.java:logGet(43)) - raft.server.log.segment.size.max = 1048576 (custom)
2019-09-26 15:08:38,996 [pool-27-thread-1] INFO  server.RaftServerConfigKeys (ConfUtils.java:logGet(43)) - raft.server.log.segment.cache.num.max = 2 (custom)
2019-09-26 15:08:38,996 [pool-27-thread-1] INFO  segmented.SegmentedRaftLogWorker (SegmentedRaftLogWorker.java:<init>(172)) - new 8a411a4f-0e32-4dd1-80b9-a797c2117425@group-A085057DFB26-SegmentedRaftLogWorker for RaftStorage:Storage Directory /workdir/hadoop-ozone/integration-test/target/test-dir/MiniOzoneClusterImpl-646ad58d-3cd3-4092-ab15-506251c55e5b/datanode-0/data/ratis/b9ac99c7-ed20-4788-a3ab-a085057dfb26
2019-09-26 15:08:38,997 [pool-27-thread-1] INFO  server.RaftServerConfigKeys (ConfUtils.java:logGet(43)) - raft.server.log.queue.byte-limit = 2147483647 (custom)
2019-09-26 15:08:38,997 [pool-27-thread-1] INFO  server.RaftServerConfigKeys (ConfUtils.java:logGet(43)) - raft.server.log.queue.element-limit = 1024 (custom)
2019-09-26 15:08:38,997 [pool-27-thread-1] INFO  server.RaftServerConfigKeys (ConfUtils.java:logGet(43)) - raft.server.log.segment.size.max = 1048576 (custom)
2019-09-26 15:08:38,997 [pool-27-thread-1] INFO  server.RaftServerConfigKeys (ConfUtils.java:logGet(43)) - raft.server.log.preallocated.size = 16384 (custom)
2019-09-26 15:08:38,997 [pool-27-thread-1] INFO  server.RaftServerConfigKeys (ConfUtils.java:logGet(43)) - raft.server.log.write.buffer.size = 33554432 (custom)
2019-09-26 15:08:38,997 [pool-27-thread-1] INFO  server.RaftServerConfigKeys (ConfUtils.java:logGet(43)) - raft.server.log.force.sync.num = 128 (default)
2019-09-26 15:08:38,997 [pool-27-thread-1] INFO  server.RaftServerConfigKeys (ConfUtils.java:logGet(43)) - raft.server.log.statemachine.data.sync = true (default)
2019-09-26 15:08:38,997 [pool-27-thread-1] INFO  server.RaftServerConfigKeys (ConfUtils.java:logGet(43)) - raft.server.log.statemachine.data.sync.timeout = 10s (default)
2019-09-26 15:08:38,997 [pool-27-thread-1] INFO  server.RaftServerConfigKeys (ConfUtils.java:logGet(43)) - raft.server.log.statemachine.data.sync.timeout.retry = -1 (default)
2019-09-26 15:08:38,997 [pool-27-thread-1] INFO  server.RaftServerConfigKeys (ConfUtils.java:logGet(43)) - raft.server.log.statemachine.data.caching.enabled = true (custom)
2019-09-26 15:08:38,998 [pool-27-thread-1] INFO  segmented.SegmentedRaftLogWorker (SegmentedRaftLogWorker.java:lambda$new$0(132)) - 8a411a4f-0e32-4dd1-80b9-a797c2117425@group-A085057DFB26-SegmentedRaftLogWorker: flushIndex: setUnconditionally 0 -> -1
2019-09-26 15:08:38,998 [pool-27-thread-1] INFO  server.RaftServerConfigKeys (ConfUtils.java:logGet(43)) - raft.server.snapshot.auto.trigger.enabled = true (custom)
2019-09-26 15:08:38,998 [pool-27-thread-1] INFO  server.RaftServerConfigKeys (ConfUtils.java:logGet(43)) - raft.server.snapshot.auto.trigger.threshold = 10000 (custom)
2019-09-26 15:08:38,998 [pool-27-thread-1] INFO  server.RaftServerConfigKeys (ConfUtils.java:logGet(43)) - raft.server.snapshot.retention.num.files = 5 (custom)
2019-09-26 15:08:38,998 [pool-27-thread-1] INFO  server.RaftServerConfigKeys (ConfUtils.java:logGet(43)) - raft.server.retrycache.expirytime = 600000ms (custom)
2019-09-26 15:08:38,999 [pool-27-thread-1] INFO  impl.RaftServerImpl (RaftServerImpl.java:start(185)) - 8a411a4f-0e32-4dd1-80b9-a797c2117425@group-A085057DFB26: start as a follower, conf=-1: [8a411a4f-0e32-4dd1-80b9-a797c2117425:192.168.151.99:37125], old=null
2019-09-26 15:08:38,999 [pool-27-thread-1] INFO  impl.RaftServerImpl (RaftServerImpl.java:setRole(174)) - 8a411a4f-0e32-4dd1-80b9-a797c2117425@group-A085057DFB26: changes role from      null to FOLLOWER at term 0 for startAsFollower
2019-09-26 15:08:38,999 [pool-27-thread-1] INFO  impl.RoleInfo (RoleInfo.java:updateAndGet(143)) - 8a411a4f-0e32-4dd1-80b9-a797c2117425: start FollowerState
2019-09-26 15:08:39,000 [pool-27-thread-1] INFO  util.JmxRegister (JmxRegister.java:tryRegister(44)) - Successfully registered JMX Bean with object name Ratis:service=RaftServer,group=group-A085057DFB26,id=8a411a4f-0e32-4dd1-80b9-a797c2117425
2019-09-26 15:08:39,001 [RatisPipelineUtilsThread] INFO  pipeline.PipelineStateManager (PipelineStateManager.java:addPipeline(56)) - Created pipeline Pipeline[ Id: b9ac99c7-ed20-4788-a3ab-a085057dfb26, Nodes: 8a411a4f-0e32-4dd1-80b9-a797c2117425{ip: 192.168.151.99, host: pr-hdds-1569-g6sp5-2013761785, networkLocation: /default-rack, certSerialId: null}, Type:RATIS, Factor:ONE, State:OPEN]
2019-09-26 15:08:39,005 [grpc-default-executor-0] INFO  impl.RaftServerProxy (RaftServerProxy.java:addNew(89)) - 8a411a4f-0e32-4dd1-80b9-a797c2117425: addNew group-BDE5A38AA11F:[8a411a4f-0e32-4dd1-80b9-a797c2117425:192.168.151.99:37125] returns group-BDE5A38AA11F:java.util.concurrent.CompletableFuture@37ea7dcc[Not completed]
2019-09-26 15:08:39,005 [pool-27-thread-1] INFO  impl.RaftServerImpl (RaftServerImpl.java:<init>(95)) - 8a411a4f-0e32-4dd1-80b9-a797c2117425: new RaftServerImpl for group-BDE5A38AA11F:[8a411a4f-0e32-4dd1-80b9-a797c2117425:192.168.151.99:37125] with ContainerStateMachine:uninitialized
2019-09-26 15:08:39,005 [pool-27-thread-1] INFO  server.RaftServerConfigKeys (ConfUtils.java:logGet(43)) - raft.server.rpc.timeout.min = 5s (custom)
2019-09-26 15:08:39,005 [pool-27-thread-1] INFO  server.RaftServerConfigKeys (ConfUtils.java:logGet(43)) - raft.server.rpc.timeout.max = 5200ms (custom)
2019-09-26 15:08:39,005 [pool-27-thread-1] INFO  server.RaftServerConfigKeys (ConfUtils.java:logGet(43)) - raft.server.rpcslowness.timeout = 120s (custom)
2019-09-26 15:08:39,006 [pool-27-thread-1] INFO  server.RaftServerConfigKeys (ConfUtils.java:logGet(43)) - raft.server.sleep.deviation.threshold = 300 (default)
2019-09-26 15:08:39,006 [pool-27-thread-1] INFO  server.RaftServerConfigKeys (ConfUtils.java:logGet(43)) - raft.server.log.appender.install.snapshot.enabled = false (custom)
2019-09-26 15:08:39,006 [pool-27-thread-1] INFO  impl.RaftServerImpl (ServerState.java:<init>(103)) - 8a411a4f-0e32-4dd1-80b9-a797c2117425@group-BDE5A38AA11F: ConfigurationManager, init=-1: [8a411a4f-0e32-4dd1-80b9-a797c2117425:192.168.151.99:37125], old=null, confs=<EMPTY_MAP>
2019-09-26 15:08:39,006 [pool-27-thread-1] INFO  server.RaftServerConfigKeys (ConfUtils.java:logGet(43)) - raft.server.storage.dir = [/workdir/hadoop-ozone/integration-test/target/test-dir/MiniOzoneClusterImpl-646ad58d-3cd3-4092-ab15-506251c55e5b/datanode-0/data/ratis] (custom)
2019-09-26 15:08:39,007 [pool-27-thread-1] INFO  storage.RaftStorageDirectory (RaftStorageDirectory.java:analyzeStorage(246)) - The storage directory /workdir/hadoop-ozone/integration-test/target/test-dir/MiniOzoneClusterImpl-646ad58d-3cd3-4092-ab15-506251c55e5b/datanode-0/data/ratis/66f1bd3d-db0e-4d41-bca0-bde5a38aa11f does not exist. Creating ...
2019-09-26 15:08:39,013 [pool-27-thread-1] INFO  storage.RaftStorageDirectory (RaftStorageDirectory.java:tryLock(328)) - Lock on /workdir/hadoop-ozone/integration-test/target/test-dir/MiniOzoneClusterImpl-646ad58d-3cd3-4092-ab15-506251c55e5b/datanode-0/data/ratis/66f1bd3d-db0e-4d41-bca0-bde5a38aa11f/in_use.lock acquired by nodename 7157@pr-hdds-1569-g6sp5-2013761785
2019-09-26 15:08:39,026 [pool-27-thread-1] INFO  storage.RaftStorage (RaftStorage.java:format(72)) - Storage directory /workdir/hadoop-ozone/integration-test/target/test-dir/MiniOzoneClusterImpl-646ad58d-3cd3-4092-ab15-506251c55e5b/datanode-0/data/ratis/66f1bd3d-db0e-4d41-bca0-bde5a38aa11f has been successfully formatted.
2019-09-26 15:08:39,026 [pool-27-thread-1] INFO  ratis.ContainerStateMachine (ContainerStateMachine.java:loadSnapshot(230)) - group-BDE5A38AA11F: The snapshot info is null. Setting the last applied indexto:(t:0, i:~)
2019-09-26 15:08:39,026 [pool-27-thread-1] INFO  server.RaftServerConfigKeys (ConfUtils.java:logGet(43)) - raft.server.notification.no-leader.timeout = 120s (custom)
2019-09-26 15:08:39,026 [pool-27-thread-1] INFO  server.RaftServerConfigKeys (ConfUtils.java:logGet(43)) - raft.server.log.use.memory = false (default)
2019-09-26 15:08:39,026 [pool-27-thread-1] INFO  server.RaftServerConfigKeys (ConfUtils.java:logGet(43)) - raft.server.log.purge.gap = 1000000 (custom)
2019-09-26 15:08:39,026 [pool-27-thread-1] INFO  server.RaftServerConfigKeys (ConfUtils.java:logGet(43)) - raft.server.log.appender.buffer.byte-limit = 33554432 (custom)
2019-09-26 15:08:39,026 [pool-27-thread-1] INFO  server.RaftServerConfigKeys (ConfUtils.java:logGet(43)) - raft.server.log.segment.size.max = 1048576 (custom)
2019-09-26 15:08:39,026 [pool-27-thread-1] INFO  server.RaftServerConfigKeys (ConfUtils.java:logGet(43)) - raft.server.log.segment.cache.num.max = 2 (custom)
2019-09-26 15:08:39,026 [pool-27-thread-1] INFO  segmented.SegmentedRaftLogWorker (SegmentedRaftLogWorker.java:<init>(172)) - new 8a411a4f-0e32-4dd1-80b9-a797c2117425@group-BDE5A38AA11F-SegmentedRaftLogWorker for RaftStorage:Storage Directory /workdir/hadoop-ozone/integration-test/target/test-dir/MiniOzoneClusterImpl-646ad58d-3cd3-4092-ab15-506251c55e5b/datanode-0/data/ratis/66f1bd3d-db0e-4d41-bca0-bde5a38aa11f
2019-09-26 15:08:39,027 [pool-27-thread-1] INFO  server.RaftServerConfigKeys (ConfUtils.java:logGet(43)) - raft.server.log.queue.byte-limit = 2147483647 (custom)
2019-09-26 15:08:39,027 [pool-27-thread-1] INFO  server.RaftServerConfigKeys (ConfUtils.java:logGet(43)) - raft.server.log.queue.element-limit = 1024 (custom)
2019-09-26 15:08:39,027 [pool-27-thread-1] INFO  server.RaftServerConfigKeys (ConfUtils.java:logGet(43)) - raft.server.log.segment.size.max = 1048576 (custom)
2019-09-26 15:08:39,027 [pool-27-thread-1] INFO  server.RaftServerConfigKeys (ConfUtils.java:logGet(43)) - raft.server.log.preallocated.size = 16384 (custom)
2019-09-26 15:08:39,027 [pool-27-thread-1] INFO  server.RaftServerConfigKeys (ConfUtils.java:logGet(43)) - raft.server.log.write.buffer.size = 33554432 (custom)
2019-09-26 15:08:39,027 [pool-27-thread-1] INFO  server.RaftServerConfigKeys (ConfUtils.java:logGet(43)) - raft.server.log.force.sync.num = 128 (default)
2019-09-26 15:08:39,027 [pool-27-thread-1] INFO  server.RaftServerConfigKeys (ConfUtils.java:logGet(43)) - raft.server.log.statemachine.data.sync = true (default)
2019-09-26 15:08:39,027 [pool-27-thread-1] INFO  server.RaftServerConfigKeys (ConfUtils.java:logGet(43)) - raft.server.log.statemachine.data.sync.timeout = 10s (default)
2019-09-26 15:08:39,027 [pool-27-thread-1] INFO  server.RaftServerConfigKeys (ConfUtils.java:logGet(43)) - raft.server.log.statemachine.data.sync.timeout.retry = -1 (default)
2019-09-26 15:08:39,027 [pool-27-thread-1] INFO  server.RaftServerConfigKeys (ConfUtils.java:logGet(43)) - raft.server.log.statemachine.data.caching.enabled = true (custom)
2019-09-26 15:08:39,028 [pool-27-thread-1] INFO  segmented.SegmentedRaftLogWorker (SegmentedRaftLogWorker.java:lambda$new$0(132)) - 8a411a4f-0e32-4dd1-80b9-a797c2117425@group-BDE5A38AA11F-SegmentedRaftLogWorker: flushIndex: setUnconditionally 0 -> -1
2019-09-26 15:08:39,028 [pool-27-thread-1] INFO  server.RaftServerConfigKeys (ConfUtils.java:logGet(43)) - raft.server.snapshot.auto.trigger.enabled = true (custom)
2019-09-26 15:08:39,028 [pool-27-thread-1] INFO  server.RaftServerConfigKeys (ConfUtils.java:logGet(43)) - raft.server.snapshot.auto.trigger.threshold = 10000 (custom)
2019-09-26 15:08:39,028 [pool-27-thread-1] INFO  server.RaftServerConfigKeys (ConfUtils.java:logGet(43)) - raft.server.snapshot.retention.num.files = 5 (custom)
2019-09-26 15:08:39,028 [pool-27-thread-1] INFO  server.RaftServerConfigKeys (ConfUtils.java:logGet(43)) - raft.server.retrycache.expirytime = 600000ms (custom)
2019-09-26 15:08:39,029 [pool-27-thread-1] INFO  impl.RaftServerImpl (RaftServerImpl.java:start(185)) - 8a411a4f-0e32-4dd1-80b9-a797c2117425@group-BDE5A38AA11F: start as a follower, conf=-1: [8a411a4f-0e32-4dd1-80b9-a797c2117425:192.168.151.99:37125], old=null
2019-09-26 15:08:39,029 [pool-27-thread-1] INFO  impl.RaftServerImpl (RaftServerImpl.java:setRole(174)) - 8a411a4f-0e32-4dd1-80b9-a797c2117425@group-BDE5A38AA11F: changes role from      null to FOLLOWER at term 0 for startAsFollower
2019-09-26 15:08:39,029 [pool-27-thread-1] INFO  impl.RoleInfo (RoleInfo.java:updateAndGet(143)) - 8a411a4f-0e32-4dd1-80b9-a797c2117425: start FollowerState
2019-09-26 15:08:39,030 [pool-27-thread-1] INFO  util.JmxRegister (JmxRegister.java:tryRegister(44)) - Successfully registered JMX Bean with object name Ratis:service=RaftServer,group=group-BDE5A38AA11F,id=8a411a4f-0e32-4dd1-80b9-a797c2117425
2019-09-26 15:08:39,031 [RatisPipelineUtilsThread] INFO  pipeline.PipelineStateManager (PipelineStateManager.java:addPipeline(56)) - Created pipeline Pipeline[ Id: 66f1bd3d-db0e-4d41-bca0-bde5a38aa11f, Nodes: 8a411a4f-0e32-4dd1-80b9-a797c2117425{ip: 192.168.151.99, host: pr-hdds-1569-g6sp5-2013761785, networkLocation: /default-rack, certSerialId: null}, Type:RATIS, Factor:ONE, State:OPEN]
2019-09-26 15:08:39,034 [grpc-default-executor-0] INFO  impl.RaftServerProxy (RaftServerProxy.java:addNew(89)) - 8a411a4f-0e32-4dd1-80b9-a797c2117425: addNew group-D6588462D619:[8a411a4f-0e32-4dd1-80b9-a797c2117425:192.168.151.99:37125] returns group-D6588462D619:java.util.concurrent.CompletableFuture@a2d98b9[Not completed]
2019-09-26 15:08:39,035 [pool-27-thread-1] INFO  impl.RaftServerImpl (RaftServerImpl.java:<init>(95)) - 8a411a4f-0e32-4dd1-80b9-a797c2117425: new RaftServerImpl for group-D6588462D619:[8a411a4f-0e32-4dd1-80b9-a797c2117425:192.168.151.99:37125] with ContainerStateMachine:uninitialized
2019-09-26 15:08:39,035 [pool-27-thread-1] INFO  server.RaftServerConfigKeys (ConfUtils.java:logGet(43)) - raft.server.rpc.timeout.min = 5s (custom)
2019-09-26 15:08:39,035 [pool-27-thread-1] INFO  server.RaftServerConfigKeys (ConfUtils.java:logGet(43)) - raft.server.rpc.timeout.max = 5200ms (custom)
2019-09-26 15:08:39,035 [pool-27-thread-1] INFO  server.RaftServerConfigKeys (ConfUtils.java:logGet(43)) - raft.server.rpcslowness.timeout = 120s (custom)
2019-09-26 15:08:39,035 [pool-27-thread-1] INFO  server.RaftServerConfigKeys (ConfUtils.java:logGet(43)) - raft.server.sleep.deviation.threshold = 300 (default)
2019-09-26 15:08:39,035 [pool-27-thread-1] INFO  server.RaftServerConfigKeys (ConfUtils.java:logGet(43)) - raft.server.log.appender.install.snapshot.enabled = false (custom)
2019-09-26 15:08:39,036 [pool-27-thread-1] INFO  impl.RaftServerImpl (ServerState.java:<init>(103)) - 8a411a4f-0e32-4dd1-80b9-a797c2117425@group-D6588462D619: ConfigurationManager, init=-1: [8a411a4f-0e32-4dd1-80b9-a797c2117425:192.168.151.99:37125], old=null, confs=<EMPTY_MAP>
2019-09-26 15:08:39,036 [pool-27-thread-1] INFO  server.RaftServerConfigKeys (ConfUtils.java:logGet(43)) - raft.server.storage.dir = [/workdir/hadoop-ozone/integration-test/target/test-dir/MiniOzoneClusterImpl-646ad58d-3cd3-4092-ab15-506251c55e5b/datanode-0/data/ratis] (custom)
2019-09-26 15:08:39,037 [pool-27-thread-1] INFO  storage.RaftStorageDirectory (RaftStorageDirectory.java:analyzeStorage(246)) - The storage directory /workdir/hadoop-ozone/integration-test/target/test-dir/MiniOzoneClusterImpl-646ad58d-3cd3-4092-ab15-506251c55e5b/datanode-0/data/ratis/6e0c3178-0a22-4b8a-8f24-d6588462d619 does not exist. Creating ...
2019-09-26 15:08:39,042 [pool-27-thread-1] INFO  storage.RaftStorageDirectory (RaftStorageDirectory.java:tryLock(328)) - Lock on /workdir/hadoop-ozone/integration-test/target/test-dir/MiniOzoneClusterImpl-646ad58d-3cd3-4092-ab15-506251c55e5b/datanode-0/data/ratis/6e0c3178-0a22-4b8a-8f24-d6588462d619/in_use.lock acquired by nodename 7157@pr-hdds-1569-g6sp5-2013761785
2019-09-26 15:08:39,056 [pool-27-thread-1] INFO  storage.RaftStorage (RaftStorage.java:format(72)) - Storage directory /workdir/hadoop-ozone/integration-test/target/test-dir/MiniOzoneClusterImpl-646ad58d-3cd3-4092-ab15-506251c55e5b/datanode-0/data/ratis/6e0c3178-0a22-4b8a-8f24-d6588462d619 has been successfully formatted.
2019-09-26 15:08:39,056 [pool-27-thread-1] INFO  ratis.ContainerStateMachine (ContainerStateMachine.java:loadSnapshot(230)) - group-D6588462D619: The snapshot info is null. Setting the last applied indexto:(t:0, i:~)
2019-09-26 15:08:39,056 [pool-27-thread-1] INFO  server.RaftServerConfigKeys (ConfUtils.java:logGet(43)) - raft.server.notification.no-leader.timeout = 120s (custom)
2019-09-26 15:08:39,056 [pool-27-thread-1] INFO  server.RaftServerConfigKeys (ConfUtils.java:logGet(43)) - raft.server.log.use.memory = false (default)
2019-09-26 15:08:39,057 [pool-27-thread-1] INFO  server.RaftServerConfigKeys (ConfUtils.java:logGet(43)) - raft.server.log.purge.gap = 1000000 (custom)
2019-09-26 15:08:39,057 [pool-27-thread-1] INFO  server.RaftServerConfigKeys (ConfUtils.java:logGet(43)) - raft.server.log.appender.buffer.byte-limit = 33554432 (custom)
2019-09-26 15:08:39,057 [pool-27-thread-1] INFO  server.RaftServerConfigKeys (ConfUtils.java:logGet(43)) - raft.server.log.segment.size.max = 1048576 (custom)
2019-09-26 15:08:39,057 [pool-27-thread-1] INFO  server.RaftServerConfigKeys (ConfUtils.java:logGet(43)) - raft.server.log.segment.cache.num.max = 2 (custom)
2019-09-26 15:08:39,057 [pool-27-thread-1] INFO  segmented.SegmentedRaftLogWorker (SegmentedRaftLogWorker.java:<init>(172)) - new 8a411a4f-0e32-4dd1-80b9-a797c2117425@group-D6588462D619-SegmentedRaftLogWorker for RaftStorage:Storage Directory /workdir/hadoop-ozone/integration-test/target/test-dir/MiniOzoneClusterImpl-646ad58d-3cd3-4092-ab15-506251c55e5b/datanode-0/data/ratis/6e0c3178-0a22-4b8a-8f24-d6588462d619
2019-09-26 15:08:39,057 [pool-27-thread-1] INFO  server.RaftServerConfigKeys (ConfUtils.java:logGet(43)) - raft.server.log.queue.byte-limit = 2147483647 (custom)
2019-09-26 15:08:39,057 [pool-27-thread-1] INFO  server.RaftServerConfigKeys (ConfUtils.java:logGet(43)) - raft.server.log.queue.element-limit = 1024 (custom)
2019-09-26 15:08:39,057 [pool-27-thread-1] INFO  server.RaftServerConfigKeys (ConfUtils.java:logGet(43)) - raft.server.log.segment.size.max = 1048576 (custom)
2019-09-26 15:08:39,057 [pool-27-thread-1] INFO  server.RaftServerConfigKeys (ConfUtils.java:logGet(43)) - raft.server.log.preallocated.size = 16384 (custom)
2019-09-26 15:08:39,057 [pool-27-thread-1] INFO  server.RaftServerConfigKeys (ConfUtils.java:logGet(43)) - raft.server.log.write.buffer.size = 33554432 (custom)
2019-09-26 15:08:39,057 [pool-27-thread-1] INFO  server.RaftServerConfigKeys (ConfUtils.java:logGet(43)) - raft.server.log.force.sync.num = 128 (default)
2019-09-26 15:08:39,058 [pool-27-thread-1] INFO  server.RaftServerConfigKeys (ConfUtils.java:logGet(43)) - raft.server.log.statemachine.data.sync = true (default)
2019-09-26 15:08:39,058 [pool-27-thread-1] INFO  server.RaftServerConfigKeys (ConfUtils.java:logGet(43)) - raft.server.log.statemachine.data.sync.timeout = 10s (default)
2019-09-26 15:08:39,058 [pool-27-thread-1] INFO  server.RaftServerConfigKeys (ConfUtils.java:logGet(43)) - raft.server.log.statemachine.data.sync.timeout.retry = -1 (default)
2019-09-26 15:08:39,058 [pool-27-thread-1] INFO  server.RaftServerConfigKeys (ConfUtils.java:logGet(43)) - raft.server.log.statemachine.data.caching.enabled = true (custom)
2019-09-26 15:08:39,058 [pool-27-thread-1] INFO  segmented.SegmentedRaftLogWorker (SegmentedRaftLogWorker.java:lambda$new$0(132)) - 8a411a4f-0e32-4dd1-80b9-a797c2117425@group-D6588462D619-SegmentedRaftLogWorker: flushIndex: setUnconditionally 0 -> -1
2019-09-26 15:08:39,058 [pool-27-thread-1] INFO  server.RaftServerConfigKeys (ConfUtils.java:logGet(43)) - raft.server.snapshot.auto.trigger.enabled = true (custom)
2019-09-26 15:08:39,058 [pool-27-thread-1] INFO  server.RaftServerConfigKeys (ConfUtils.java:logGet(43)) - raft.server.snapshot.auto.trigger.threshold = 10000 (custom)
2019-09-26 15:08:39,058 [pool-27-thread-1] INFO  server.RaftServerConfigKeys (ConfUtils.java:logGet(43)) - raft.server.snapshot.retention.num.files = 5 (custom)
2019-09-26 15:08:39,059 [pool-27-thread-1] INFO  server.RaftServerConfigKeys (ConfUtils.java:logGet(43)) - raft.server.retrycache.expirytime = 600000ms (custom)
2019-09-26 15:08:39,060 [pool-27-thread-1] INFO  impl.RaftServerImpl (RaftServerImpl.java:start(185)) - 8a411a4f-0e32-4dd1-80b9-a797c2117425@group-D6588462D619: start as a follower, conf=-1: [8a411a4f-0e32-4dd1-80b9-a797c2117425:192.168.151.99:37125], old=null
2019-09-26 15:08:39,060 [pool-27-thread-1] INFO  impl.RaftServerImpl (RaftServerImpl.java:setRole(174)) - 8a411a4f-0e32-4dd1-80b9-a797c2117425@group-D6588462D619: changes role from      null to FOLLOWER at term 0 for startAsFollower
2019-09-26 15:08:39,060 [pool-27-thread-1] INFO  impl.RoleInfo (RoleInfo.java:updateAndGet(143)) - 8a411a4f-0e32-4dd1-80b9-a797c2117425: start FollowerState
2019-09-26 15:08:39,060 [pool-27-thread-1] INFO  util.JmxRegister (JmxRegister.java:tryRegister(44)) - Successfully registered JMX Bean with object name Ratis:service=RaftServer,group=group-D6588462D619,id=8a411a4f-0e32-4dd1-80b9-a797c2117425
2019-09-26 15:08:39,062 [RatisPipelineUtilsThread] INFO  pipeline.PipelineStateManager (PipelineStateManager.java:addPipeline(56)) - Created pipeline Pipeline[ Id: 6e0c3178-0a22-4b8a-8f24-d6588462d619, Nodes: 8a411a4f-0e32-4dd1-80b9-a797c2117425{ip: 192.168.151.99, host: pr-hdds-1569-g6sp5-2013761785, networkLocation: /default-rack, certSerialId: null}, Type:RATIS, Factor:ONE, State:OPEN]
2019-09-26 15:08:39,066 [grpc-default-executor-0] INFO  impl.RaftServerProxy (RaftServerProxy.java:addNew(89)) - 8a411a4f-0e32-4dd1-80b9-a797c2117425: addNew group-C79884FD6F3D:[8a411a4f-0e32-4dd1-80b9-a797c2117425:192.168.151.99:37125] returns group-C79884FD6F3D:java.util.concurrent.CompletableFuture@53a53a62[Not completed]
2019-09-26 15:08:39,067 [pool-27-thread-1] INFO  impl.RaftServerImpl (RaftServerImpl.java:<init>(95)) - 8a411a4f-0e32-4dd1-80b9-a797c2117425: new RaftServerImpl for group-C79884FD6F3D:[8a411a4f-0e32-4dd1-80b9-a797c2117425:192.168.151.99:37125] with ContainerStateMachine:uninitialized
2019-09-26 15:08:39,067 [pool-27-thread-1] INFO  server.RaftServerConfigKeys (ConfUtils.java:logGet(43)) - raft.server.rpc.timeout.min = 5s (custom)
2019-09-26 15:08:39,067 [pool-27-thread-1] INFO  server.RaftServerConfigKeys (ConfUtils.java:logGet(43)) - raft.server.rpc.timeout.max = 5200ms (custom)
2019-09-26 15:08:39,067 [pool-27-thread-1] INFO  server.RaftServerConfigKeys (ConfUtils.java:logGet(43)) - raft.server.rpcslowness.timeout = 120s (custom)
2019-09-26 15:08:39,067 [pool-27-thread-1] INFO  server.RaftServerConfigKeys (ConfUtils.java:logGet(43)) - raft.server.sleep.deviation.threshold = 300 (default)
2019-09-26 15:08:39,067 [pool-27-thread-1] INFO  server.RaftServerConfigKeys (ConfUtils.java:logGet(43)) - raft.server.log.appender.install.snapshot.enabled = false (custom)
2019-09-26 15:08:39,067 [pool-27-thread-1] INFO  impl.RaftServerImpl (ServerState.java:<init>(103)) - 8a411a4f-0e32-4dd1-80b9-a797c2117425@group-C79884FD6F3D: ConfigurationManager, init=-1: [8a411a4f-0e32-4dd1-80b9-a797c2117425:192.168.151.99:37125], old=null, confs=<EMPTY_MAP>
2019-09-26 15:08:39,067 [pool-27-thread-1] INFO  server.RaftServerConfigKeys (ConfUtils.java:logGet(43)) - raft.server.storage.dir = [/workdir/hadoop-ozone/integration-test/target/test-dir/MiniOzoneClusterImpl-646ad58d-3cd3-4092-ab15-506251c55e5b/datanode-0/data/ratis] (custom)
2019-09-26 15:08:39,069 [pool-27-thread-1] INFO  storage.RaftStorageDirectory (RaftStorageDirectory.java:analyzeStorage(246)) - The storage directory /workdir/hadoop-ozone/integration-test/target/test-dir/MiniOzoneClusterImpl-646ad58d-3cd3-4092-ab15-506251c55e5b/datanode-0/data/ratis/756e32ca-5039-44d1-b378-c79884fd6f3d does not exist. Creating ...
2019-09-26 15:08:39,077 [pool-27-thread-1] INFO  storage.RaftStorageDirectory (RaftStorageDirectory.java:tryLock(328)) - Lock on /workdir/hadoop-ozone/integration-test/target/test-dir/MiniOzoneClusterImpl-646ad58d-3cd3-4092-ab15-506251c55e5b/datanode-0/data/ratis/756e32ca-5039-44d1-b378-c79884fd6f3d/in_use.lock acquired by nodename 7157@pr-hdds-1569-g6sp5-2013761785
2019-09-26 15:08:39,083 [Thread-967] INFO  impl.FollowerState (FollowerState.java:run(106)) - 8a411a4f-0e32-4dd1-80b9-a797c2117425:group-2B78330446BC changes to CANDIDATE, lastRpcTime:5025, electionTimeout:5025ms
2019-09-26 15:08:39,083 [Thread-967] INFO  impl.RoleInfo (RoleInfo.java:shutdownFollowerState(121)) - 8a411a4f-0e32-4dd1-80b9-a797c2117425: shutdown FollowerState
2019-09-26 15:08:39,083 [Thread-967] INFO  impl.RaftServerImpl (RaftServerImpl.java:setRole(174)) - 8a411a4f-0e32-4dd1-80b9-a797c2117425@group-2B78330446BC: changes role from  FOLLOWER to CANDIDATE at term 0 for changeToCandidate
2019-09-26 15:08:39,084 [Thread-967] INFO  impl.RoleInfo (RoleInfo.java:updateAndGet(143)) - 8a411a4f-0e32-4dd1-80b9-a797c2117425: start LeaderElection
2019-09-26 15:08:39,094 [Thread-961] INFO  impl.FollowerState (FollowerState.java:run(106)) - 8a411a4f-0e32-4dd1-80b9-a797c2117425:group-41D518DC092B changes to CANDIDATE, lastRpcTime:5127, electionTimeout:5127ms
2019-09-26 15:08:39,094 [Thread-961] INFO  impl.RoleInfo (RoleInfo.java:shutdownFollowerState(121)) - 8a411a4f-0e32-4dd1-80b9-a797c2117425: shutdown FollowerState
2019-09-26 15:08:39,094 [Thread-961] INFO  impl.RaftServerImpl (RaftServerImpl.java:setRole(174)) - 8a411a4f-0e32-4dd1-80b9-a797c2117425@group-41D518DC092B: changes role from  FOLLOWER to CANDIDATE at term 0 for changeToCandidate
2019-09-26 15:08:39,094 [Thread-961] INFO  impl.RoleInfo (RoleInfo.java:updateAndGet(143)) - 8a411a4f-0e32-4dd1-80b9-a797c2117425: start LeaderElection
2019-09-26 15:08:39,102 [8a411a4f-0e32-4dd1-80b9-a797c2117425@group-2B78330446BC:LeaderElection149] INFO  impl.LeaderElection (LeaderElection.java:askForVotes(182)) - 8a411a4f-0e32-4dd1-80b9-a797c2117425@group-2B78330446BC:LeaderElection149: begin an election at term 1 for -1: [8a411a4f-0e32-4dd1-80b9-a797c2117425:192.168.151.99:37125], old=null
2019-09-26 15:08:39,102 [pool-27-thread-1] INFO  storage.RaftStorage (RaftStorage.java:format(72)) - Storage directory /workdir/hadoop-ozone/integration-test/target/test-dir/MiniOzoneClusterImpl-646ad58d-3cd3-4092-ab15-506251c55e5b/datanode-0/data/ratis/756e32ca-5039-44d1-b378-c79884fd6f3d has been successfully formatted.
2019-09-26 15:08:39,102 [8a411a4f-0e32-4dd1-80b9-a797c2117425@group-2B78330446BC:LeaderElection149] INFO  impl.RoleInfo (RoleInfo.java:shutdownLeaderElection(134)) - 8a411a4f-0e32-4dd1-80b9-a797c2117425: shutdown LeaderElection
2019-09-26 15:08:39,102 [8a411a4f-0e32-4dd1-80b9-a797c2117425@group-2B78330446BC:LeaderElection149] INFO  impl.RaftServerImpl (RaftServerImpl.java:setRole(174)) - 8a411a4f-0e32-4dd1-80b9-a797c2117425@group-2B78330446BC: changes role from CANDIDATE to LEADER at term 1 for changeToLeader
2019-09-26 15:08:39,102 [8a411a4f-0e32-4dd1-80b9-a797c2117425@group-2B78330446BC:LeaderElection149] INFO  impl.RaftServerImpl (ServerState.java:setLeader(253)) - 8a411a4f-0e32-4dd1-80b9-a797c2117425@group-2B78330446BC: change Leader from null to 8a411a4f-0e32-4dd1-80b9-a797c2117425 at term 1 for becomeLeader, leader elected after 5048ms
2019-09-26 15:08:39,103 [8a411a4f-0e32-4dd1-80b9-a797c2117425@group-2B78330446BC:LeaderElection149] INFO  server.RaftServerConfigKeys (ConfUtils.java:logGet(43)) - raft.server.staging.catchup.gap = 1000 (default)
2019-09-26 15:08:39,103 [8a411a4f-0e32-4dd1-80b9-a797c2117425@group-2B78330446BC:LeaderElection149] INFO  server.RaftServerConfigKeys (ConfUtils.java:logGet(43)) - raft.server.rpc.sleep.time = 25ms (default)
2019-09-26 15:08:39,103 [8a411a4f-0e32-4dd1-80b9-a797c2117425@group-2B78330446BC:LeaderElection149] INFO  server.RaftServerConfigKeys (ConfUtils.java:logGet(43)) - raft.server.write.element-limit = 4096 (default)
2019-09-26 15:08:39,103 [8a411a4f-0e32-4dd1-80b9-a797c2117425@group-2B78330446BC:LeaderElection149] INFO  server.RaftServerConfigKeys (ConfUtils.java:logGet(43)) - raft.server.watch.timeout = 10s (default)
2019-09-26 15:08:39,103 [8a411a4f-0e32-4dd1-80b9-a797c2117425@group-2B78330446BC:LeaderElection149] INFO  server.RaftServerConfigKeys (ConfUtils.java:logGet(43)) - raft.server.watch.timeout.denomination = 1s (default)
2019-09-26 15:08:39,103 [8a411a4f-0e32-4dd1-80b9-a797c2117425@group-2B78330446BC:LeaderElection149] INFO  server.RaftServerConfigKeys (ConfUtils.java:logGet(43)) - raft.server.watch.element-limit = 65536 (default)
2019-09-26 15:08:39,103 [pool-27-thread-1] INFO  ratis.ContainerStateMachine (ContainerStateMachine.java:loadSnapshot(230)) - group-C79884FD6F3D: The snapshot info is null. Setting the last applied indexto:(t:0, i:~)
2019-09-26 15:08:39,103 [pool-27-thread-1] INFO  server.RaftServerConfigKeys (ConfUtils.java:logGet(43)) - raft.server.notification.no-leader.timeout = 120s (custom)
2019-09-26 15:08:39,103 [pool-27-thread-1] INFO  server.RaftServerConfigKeys (ConfUtils.java:logGet(43)) - raft.server.log.use.memory = false (default)
2019-09-26 15:08:39,104 [pool-27-thread-1] INFO  server.RaftServerConfigKeys (ConfUtils.java:logGet(43)) - raft.server.log.purge.gap = 1000000 (custom)
2019-09-26 15:08:39,104 [8a411a4f-0e32-4dd1-80b9-a797c2117425@group-41D518DC092B:LeaderElection150] INFO  impl.LeaderElection (LeaderElection.java:askForVotes(182)) - 8a411a4f-0e32-4dd1-80b9-a797c2117425@group-41D518DC092B:LeaderElection150: begin an election at term 1 for -1: [8a411a4f-0e32-4dd1-80b9-a797c2117425:192.168.151.99:37125], old=null
2019-09-26 15:08:39,104 [pool-27-thread-1] INFO  server.RaftServerConfigKeys (ConfUtils.java:logGet(43)) - raft.server.log.appender.buffer.byte-limit = 33554432 (custom)
2019-09-26 15:08:39,104 [8a411a4f-0e32-4dd1-80b9-a797c2117425@group-41D518DC092B:LeaderElection150] INFO  impl.RoleInfo (RoleInfo.java:shutdownLeaderElection(134)) - 8a411a4f-0e32-4dd1-80b9-a797c2117425: shutdown LeaderElection
2019-09-26 15:08:39,104 [pool-27-thread-1] INFO  server.RaftServerConfigKeys (ConfUtils.java:logGet(43)) - raft.server.log.segment.size.max = 1048576 (custom)
2019-09-26 15:08:39,104 [8a411a4f-0e32-4dd1-80b9-a797c2117425@group-41D518DC092B:LeaderElection150] INFO  impl.RaftServerImpl (RaftServerImpl.java:setRole(174)) - 8a411a4f-0e32-4dd1-80b9-a797c2117425@group-41D518DC092B: changes role from CANDIDATE to LEADER at term 1 for changeToLeader
2019-09-26 15:08:39,104 [pool-27-thread-1] INFO  server.RaftServerConfigKeys (ConfUtils.java:logGet(43)) - raft.server.log.segment.cache.num.max = 2 (custom)
2019-09-26 15:08:39,104 [8a411a4f-0e32-4dd1-80b9-a797c2117425@group-41D518DC092B:LeaderElection150] INFO  impl.RaftServerImpl (ServerState.java:setLeader(253)) - 8a411a4f-0e32-4dd1-80b9-a797c2117425@group-41D518DC092B: change Leader from null to 8a411a4f-0e32-4dd1-80b9-a797c2117425 at term 1 for becomeLeader, leader elected after 5145ms
2019-09-26 15:08:39,104 [pool-27-thread-1] INFO  segmented.SegmentedRaftLogWorker (SegmentedRaftLogWorker.java:<init>(172)) - new 8a411a4f-0e32-4dd1-80b9-a797c2117425@group-C79884FD6F3D-SegmentedRaftLogWorker for RaftStorage:Storage Directory /workdir/hadoop-ozone/integration-test/target/test-dir/MiniOzoneClusterImpl-646ad58d-3cd3-4092-ab15-506251c55e5b/datanode-0/data/ratis/756e32ca-5039-44d1-b378-c79884fd6f3d
2019-09-26 15:08:39,105 [8a411a4f-0e32-4dd1-80b9-a797c2117425@group-41D518DC092B:LeaderElection150] INFO  server.RaftServerConfigKeys (ConfUtils.java:logGet(43)) - raft.server.staging.catchup.gap = 1000 (default)
2019-09-26 15:08:39,105 [pool-27-thread-1] INFO  server.RaftServerConfigKeys (ConfUtils.java:logGet(43)) - raft.server.log.queue.byte-limit = 2147483647 (custom)
2019-09-26 15:08:39,105 [8a411a4f-0e32-4dd1-80b9-a797c2117425@group-41D518DC092B:LeaderElection150] INFO  server.RaftServerConfigKeys (ConfUtils.java:logGet(43)) - raft.server.rpc.sleep.time = 25ms (default)
2019-09-26 15:08:39,105 [pool-27-thread-1] INFO  server.RaftServerConfigKeys (ConfUtils.java:logGet(43)) - raft.server.log.queue.element-limit = 1024 (custom)
2019-09-26 15:08:39,105 [8a411a4f-0e32-4dd1-80b9-a797c2117425@group-2B78330446BC:LeaderElection149] INFO  impl.RoleInfo (RoleInfo.java:updateAndGet(143)) - 8a411a4f-0e32-4dd1-80b9-a797c2117425: start LeaderState
2019-09-26 15:08:39,105 [pool-27-thread-1] INFO  server.RaftServerConfigKeys (ConfUtils.java:logGet(43)) - raft.server.log.segment.size.max = 1048576 (custom)
2019-09-26 15:08:39,105 [8a411a4f-0e32-4dd1-80b9-a797c2117425@group-41D518DC092B:LeaderElection150] INFO  server.RaftServerConfigKeys (ConfUtils.java:logGet(43)) - raft.server.write.element-limit = 4096 (default)
2019-09-26 15:08:39,105 [pool-27-thread-1] INFO  server.RaftServerConfigKeys (ConfUtils.java:logGet(43)) - raft.server.log.preallocated.size = 16384 (custom)
2019-09-26 15:08:39,106 [8a411a4f-0e32-4dd1-80b9-a797c2117425@group-41D518DC092B:LeaderElection150] INFO  server.RaftServerConfigKeys (ConfUtils.java:logGet(43)) - raft.server.watch.timeout = 10s (default)
2019-09-26 15:08:39,106 [8a411a4f-0e32-4dd1-80b9-a797c2117425@group-2B78330446BC:LeaderElection149] INFO  segmented.SegmentedRaftLogWorker (SegmentedRaftLogWorker.java:startLogSegment(380)) - 8a411a4f-0e32-4dd1-80b9-a797c2117425@group-2B78330446BC-SegmentedRaftLogWorker: Starting segment from index:0
2019-09-26 15:08:39,106 [pool-27-thread-1] INFO  server.RaftServerConfigKeys (ConfUtils.java:logGet(43)) - raft.server.log.write.buffer.size = 33554432 (custom)
2019-09-26 15:08:39,106 [8a411a4f-0e32-4dd1-80b9-a797c2117425@group-41D518DC092B:LeaderElection150] INFO  server.RaftServerConfigKeys (ConfUtils.java:logGet(43)) - raft.server.watch.timeout.denomination = 1s (default)
2019-09-26 15:08:39,106 [pool-27-thread-1] INFO  server.RaftServerConfigKeys (ConfUtils.java:logGet(43)) - raft.server.log.force.sync.num = 128 (default)
2019-09-26 15:08:39,106 [8a411a4f-0e32-4dd1-80b9-a797c2117425@group-41D518DC092B:LeaderElection150] INFO  server.RaftServerConfigKeys (ConfUtils.java:logGet(43)) - raft.server.watch.element-limit = 65536 (default)
2019-09-26 15:08:39,106 [pool-27-thread-1] INFO  server.RaftServerConfigKeys (ConfUtils.java:logGet(43)) - raft.server.log.statemachine.data.sync = true (default)
2019-09-26 15:08:39,564 [8a411a4f-0e32-4dd1-80b9-a797c2117425@group-2B78330446BC:LeaderElection149] INFO  impl.RaftServerImpl (ServerState.java:setRaftConf(354)) - 8a411a4f-0e32-4dd1-80b9-a797c2117425@group-2B78330446BC: set configuration 0: [8a411a4f-0e32-4dd1-80b9-a797c2117425:192.168.151.99:37125], old=null at 0
2019-09-26 15:08:39,564 [Thread-964] WARN  util.JavaUtils (JavaUtils.java:sleep(250)) - Unexpected long sleep: sleep(5136ms) actually took 5548ms which is over the threshold 300ms
2019-09-26 15:08:39,563 [Thread-970] WARN  util.JavaUtils (JavaUtils.java:sleep(250)) - Unexpected long sleep: sleep(5075ms) actually took 5456ms which is over the threshold 300ms
2019-09-26 15:08:39,562 [Thread-979] WARN  util.JavaUtils (JavaUtils.java:sleep(250)) - Unexpected long sleep: sleep(5054ms) actually took 5358ms which is over the threshold 300ms
2019-09-26 15:08:39,562 [Thread-973] INFO  impl.FollowerState (FollowerState.java:run(106)) - 8a411a4f-0e32-4dd1-80b9-a797c2117425:group-FECB0F3475E8 changes to CANDIDATE, lastRpcTime:5412, electionTimeout:5122ms
2019-09-26 15:08:39,561 [Thread-976] INFO  impl.FollowerState (FollowerState.java:run(106)) - 8a411a4f-0e32-4dd1-80b9-a797c2117425:group-0B799EF4D341 changes to CANDIDATE, lastRpcTime:5387, electionTimeout:5145ms
2019-09-26 15:08:39,561 [Thread-991] INFO  impl.FollowerState (FollowerState.java:run(106)) - 8a411a4f-0e32-4dd1-80b9-a797c2117425:group-171E6B5B65D9 changes to CANDIDATE, lastRpcTime:5198, electionTimeout:5008ms
2019-09-26 15:08:39,561 [Thread-985] INFO  impl.FollowerState (FollowerState.java:run(106)) - 8a411a4f-0e32-4dd1-80b9-a797c2117425:group-8E69DC84651B changes to CANDIDATE, lastRpcTime:5267, electionTimeout:5085ms
2019-09-26 15:08:39,561 [Thread-988] INFO  impl.FollowerState (FollowerState.java:run(106)) - 8a411a4f-0e32-4dd1-80b9-a797c2117425:group-4150286250A6 changes to CANDIDATE, lastRpcTime:5219, electionTimeout:5050ms
2019-09-26 15:08:39,561 [Thread-994] INFO  impl.FollowerState (FollowerState.java:run(106)) - 8a411a4f-0e32-4dd1-80b9-a797c2117425:group-42B53E77480F changes to CANDIDATE, lastRpcTime:5175, electionTimeout:5024ms
2019-09-26 15:08:39,560 [Thread-982] INFO  impl.FollowerState (FollowerState.java:run(106)) - 8a411a4f-0e32-4dd1-80b9-a797c2117425:group-BEEA3F674A0C changes to CANDIDATE, lastRpcTime:5311, electionTimeout:5195ms
2019-09-26 15:08:39,560 [Thread-1000] INFO  impl.FollowerState (FollowerState.java:run(106)) - 8a411a4f-0e32-4dd1-80b9-a797c2117425:group-3ACE71D3EB17 changes to CANDIDATE, lastRpcTime:5127, electionTimeout:5024ms
2019-09-26 15:08:39,560 [Thread-1003] INFO  impl.FollowerState (FollowerState.java:run(106)) - 8a411a4f-0e32-4dd1-80b9-a797c2117425:group-24E75438A6C2 changes to CANDIDATE, lastRpcTime:5107, electionTimeout:5024ms
2019-09-26 15:08:39,559 [Thread-1006] INFO  impl.FollowerState (FollowerState.java:run(106)) - 8a411a4f-0e32-4dd1-80b9-a797c2117425:group-0BF01F02E0AC changes to CANDIDATE, lastRpcTime:5072, electionTimeout:5044ms
2019-09-26 15:08:39,566 [Thread-1003] INFO  impl.RoleInfo (RoleInfo.java:shutdownFollowerState(121)) - 8a411a4f-0e32-4dd1-80b9-a797c2117425: shutdown FollowerState
2019-09-26 15:08:39,566 [Thread-1006] INFO  impl.RoleInfo (RoleInfo.java:shutdownFollowerState(121)) - 8a411a4f-0e32-4dd1-80b9-a797c2117425: shutdown FollowerState
2019-09-26 15:08:39,566 [Thread-1000] INFO  impl.RoleInfo (RoleInfo.java:shutdownFollowerState(121)) - 8a411a4f-0e32-4dd1-80b9-a797c2117425: shutdown FollowerState
2019-09-26 15:08:39,566 [Thread-982] INFO  impl.RoleInfo (RoleInfo.java:shutdownFollowerState(121)) - 8a411a4f-0e32-4dd1-80b9-a797c2117425: shutdown FollowerState
2019-09-26 15:08:39,566 [Thread-994] INFO  impl.RoleInfo (RoleInfo.java:shutdownFollowerState(121)) - 8a411a4f-0e32-4dd1-80b9-a797c2117425: shutdown FollowerState
2019-09-26 15:08:39,566 [Thread-994] INFO  impl.RaftServerImpl (RaftServerImpl.java:setRole(174)) - 8a411a4f-0e32-4dd1-80b9-a797c2117425@group-42B53E77480F: changes role from  FOLLOWER to CANDIDATE at term 0 for changeToCandidate
2019-09-26 15:08:39,565 [Thread-988] INFO  impl.RoleInfo (RoleInfo.java:shutdownFollowerState(121)) - 8a411a4f-0e32-4dd1-80b9-a797c2117425: shutdown FollowerState
2019-09-26 15:08:39,565 [Thread-985] INFO  impl.RoleInfo (RoleInfo.java:shutdownFollowerState(121)) - 8a411a4f-0e32-4dd1-80b9-a797c2117425: shutdown FollowerState
2019-09-26 15:08:39,565 [Thread-991] INFO  impl.RoleInfo (RoleInfo.java:shutdownFollowerState(121)) - 8a411a4f-0e32-4dd1-80b9-a797c2117425: shutdown FollowerState
2019-09-26 15:08:39,565 [Thread-976] INFO  impl.RoleInfo (RoleInfo.java:shutdownFollowerState(121)) - 8a411a4f-0e32-4dd1-80b9-a797c2117425: shutdown FollowerState
2019-09-26 15:08:39,565 [Thread-973] INFO  impl.RoleInfo (RoleInfo.java:shutdownFollowerState(121)) - 8a411a4f-0e32-4dd1-80b9-a797c2117425: shutdown FollowerState
2019-09-26 15:08:39,565 [pool-27-thread-1] INFO  server.RaftServerConfigKeys (ConfUtils.java:logGet(43)) - raft.server.log.statemachine.data.sync.timeout = 10s (default)
2019-09-26 15:08:39,567 [Thread-973] INFO  impl.RaftServerImpl (RaftServerImpl.java:setRole(174)) - 8a411a4f-0e32-4dd1-80b9-a797c2117425@group-FECB0F3475E8: changes role from  FOLLOWER to CANDIDATE at term 0 for changeToCandidate
2019-09-26 15:08:39,567 [Thread-976] INFO  impl.RaftServerImpl (RaftServerImpl.java:setRole(174)) - 8a411a4f-0e32-4dd1-80b9-a797c2117425@group-0B799EF4D341: changes role from  FOLLOWER to CANDIDATE at term 0 for changeToCandidate
2019-09-26 15:08:39,567 [Thread-991] INFO  impl.RaftServerImpl (RaftServerImpl.java:setRole(174)) - 8a411a4f-0e32-4dd1-80b9-a797c2117425@group-171E6B5B65D9: changes role from  FOLLOWER to CANDIDATE at term 0 for changeToCandidate
2019-09-26 15:08:39,566 [Thread-985] INFO  impl.RaftServerImpl (RaftServerImpl.java:setRole(174)) - 8a411a4f-0e32-4dd1-80b9-a797c2117425@group-8E69DC84651B: changes role from  FOLLOWER to CANDIDATE at term 0 for changeToCandidate
2019-09-26 15:08:39,566 [Thread-988] INFO  impl.RaftServerImpl (RaftServerImpl.java:setRole(174)) - 8a411a4f-0e32-4dd1-80b9-a797c2117425@group-4150286250A6: changes role from  FOLLOWER to CANDIDATE at term 0 for changeToCandidate
2019-09-26 15:08:39,566 [Thread-994] INFO  impl.RoleInfo (RoleInfo.java:updateAndGet(143)) - 8a411a4f-0e32-4dd1-80b9-a797c2117425: start LeaderElection
2019-09-26 15:08:39,566 [Thread-982] INFO  impl.RaftServerImpl (RaftServerImpl.java:setRole(174)) - 8a411a4f-0e32-4dd1-80b9-a797c2117425@group-BEEA3F674A0C: changes role from  FOLLOWER to CANDIDATE at term 0 for changeToCandidate
2019-09-26 15:08:39,566 [8a411a4f-0e32-4dd1-80b9-a797c2117425@group-41D518DC092B:LeaderElection150] INFO  impl.RoleInfo (RoleInfo.java:updateAndGet(143)) - 8a411a4f-0e32-4dd1-80b9-a797c2117425: start LeaderState
2019-09-26 15:08:39,567 [Thread-982] INFO  impl.RoleInfo (RoleInfo.java:updateAndGet(143)) - 8a411a4f-0e32-4dd1-80b9-a797c2117425: start LeaderElection
2019-09-26 15:08:39,566 [Thread-1000] INFO  impl.RaftServerImpl (RaftServerImpl.java:setRole(174)) - 8a411a4f-0e32-4dd1-80b9-a797c2117425@group-3ACE71D3EB17: changes role from  FOLLOWER to CANDIDATE at term 0 for changeToCandidate
2019-09-26 15:08:39,566 [Thread-1006] INFO  impl.RaftServerImpl (RaftServerImpl.java:setRole(174)) - 8a411a4f-0e32-4dd1-80b9-a797c2117425@group-0BF01F02E0AC: changes role from  FOLLOWER to CANDIDATE at term 0 for changeToCandidate
2019-09-26 15:08:39,566 [Thread-1003] INFO  impl.RaftServerImpl (RaftServerImpl.java:setRole(174)) - 8a411a4f-0e32-4dd1-80b9-a797c2117425@group-24E75438A6C2: changes role from  FOLLOWER to CANDIDATE at term 0 for changeToCandidate
2019-09-26 15:08:39,568 [Thread-1006] INFO  impl.RoleInfo (RoleInfo.java:updateAndGet(143)) - 8a411a4f-0e32-4dd1-80b9-a797c2117425: start LeaderElection
2019-09-26 15:08:39,568 [Thread-1000] INFO  impl.RoleInfo (RoleInfo.java:updateAndGet(143)) - 8a411a4f-0e32-4dd1-80b9-a797c2117425: start LeaderElection
2019-09-26 15:08:39,568 [8a411a4f-0e32-4dd1-80b9-a797c2117425@group-41D518DC092B:LeaderElection150] INFO  segmented.SegmentedRaftLogWorker (SegmentedRaftLogWorker.java:startLogSegment(380)) - 8a411a4f-0e32-4dd1-80b9-a797c2117425@group-41D518DC092B-SegmentedRaftLogWorker: Starting segment from index:0
2019-09-26 15:08:39,567 [Thread-988] INFO  impl.RoleInfo (RoleInfo.java:updateAndGet(143)) - 8a411a4f-0e32-4dd1-80b9-a797c2117425: start LeaderElection
2019-09-26 15:08:39,567 [Thread-985] INFO  impl.RoleInfo (RoleInfo.java:updateAndGet(143)) - 8a411a4f-0e32-4dd1-80b9-a797c2117425: start LeaderElection
2019-09-26 15:08:39,567 [Thread-991] INFO  impl.RoleInfo (RoleInfo.java:updateAndGet(143)) - 8a411a4f-0e32-4dd1-80b9-a797c2117425: start LeaderElection
2019-09-26 15:08:39,567 [Thread-976] INFO  impl.RoleInfo (RoleInfo.java:updateAndGet(143)) - 8a411a4f-0e32-4dd1-80b9-a797c2117425: start LeaderElection
2019-09-26 15:08:39,567 [Thread-973] INFO  impl.RoleInfo (RoleInfo.java:updateAndGet(143)) - 8a411a4f-0e32-4dd1-80b9-a797c2117425: start LeaderElection
2019-09-26 15:08:39,567 [pool-27-thread-1] INFO  server.RaftServerConfigKeys (ConfUtils.java:logGet(43)) - raft.server.log.statemachine.data.sync.timeout.retry = -1 (default)
2019-09-26 15:08:39,568 [8a411a4f-0e32-4dd1-80b9-a797c2117425@group-41D518DC092B:LeaderElection150] INFO  impl.RaftServerImpl (ServerState.java:setRaftConf(354)) - 8a411a4f-0e32-4dd1-80b9-a797c2117425@group-41D518DC092B: set configuration 0: [8a411a4f-0e32-4dd1-80b9-a797c2117425:192.168.151.99:37125], old=null at 0
2019-09-26 15:08:39,568 [Thread-1003] INFO  impl.RoleInfo (RoleInfo.java:updateAndGet(143)) - 8a411a4f-0e32-4dd1-80b9-a797c2117425: start LeaderElection
2019-09-26 15:08:39,908 [Thread-1024] INFO  impl.FollowerState (FollowerState.java:run(106)) - 8a411a4f-0e32-4dd1-80b9-a797c2117425:group-83D70F78A169 changes to CANDIDATE, lastRpcTime:5175, electionTimeout:5143ms
2019-09-26 15:08:39,908 [Thread-1024] INFO  impl.RoleInfo (RoleInfo.java:shutdownFollowerState(121)) - 8a411a4f-0e32-4dd1-80b9-a797c2117425: shutdown FollowerState
2019-09-26 15:08:39,908 [Thread-1024] INFO  impl.RaftServerImpl (RaftServerImpl.java:setRole(174)) - 8a411a4f-0e32-4dd1-80b9-a797c2117425@group-83D70F78A169: changes role from  FOLLOWER to CANDIDATE at term 0 for changeToCandidate
2019-09-26 15:08:39,908 [Thread-1030] INFO  impl.FollowerState (FollowerState.java:run(106)) - 8a411a4f-0e32-4dd1-80b9-a797c2117425:group-ACFFAC7539DC changes to CANDIDATE, lastRpcTime:5087, electionTimeout:5050ms
2019-09-26 15:08:39,908 [Thread-1024] INFO  impl.RoleInfo (RoleInfo.java:updateAndGet(143)) - 8a411a4f-0e32-4dd1-80b9-a797c2117425: start LeaderElection
2019-09-26 15:08:39,908 [Thread-1030] INFO  impl.RoleInfo (RoleInfo.java:shutdownFollowerState(121)) - 8a411a4f-0e32-4dd1-80b9-a797c2117425: shutdown FollowerState
2019-09-26 15:08:39,908 [Thread-1030] INFO  impl.RaftServerImpl (RaftServerImpl.java:setRole(174)) - 8a411a4f-0e32-4dd1-80b9-a797c2117425@group-ACFFAC7539DC: changes role from  FOLLOWER to CANDIDATE at term 0 for changeToCandidate
2019-09-26 15:08:39,909 [Thread-1030] INFO  impl.RoleInfo (RoleInfo.java:updateAndGet(143)) - 8a411a4f-0e32-4dd1-80b9-a797c2117425: start LeaderElection
2019-09-26 15:08:39,910 [Thread-1027] INFO  impl.FollowerState (FollowerState.java:run(106)) - 8a411a4f-0e32-4dd1-80b9-a797c2117425:group-545C9FF84361 changes to CANDIDATE, lastRpcTime:5129, electionTimeout:5051ms
2019-09-26 15:08:39,910 [Thread-1027] INFO  impl.RoleInfo (RoleInfo.java:shutdownFollowerState(121)) - 8a411a4f-0e32-4dd1-80b9-a797c2117425: shutdown FollowerState
2019-09-26 15:08:39,910 [Thread-1027] INFO  impl.RaftServerImpl (RaftServerImpl.java:setRole(174)) - 8a411a4f-0e32-4dd1-80b9-a797c2117425@group-545C9FF84361: changes role from  FOLLOWER to CANDIDATE at term 0 for changeToCandidate
2019-09-26 15:08:39,910 [Thread-1027] INFO  impl.RoleInfo (RoleInfo.java:updateAndGet(143)) - 8a411a4f-0e32-4dd1-80b9-a797c2117425: start LeaderElection
2019-09-26 15:08:39,911 [Thread-1021] INFO  impl.FollowerState (FollowerState.java:run(106)) - 8a411a4f-0e32-4dd1-80b9-a797c2117425:group-4A9996C7FAA7 changes to CANDIDATE, lastRpcTime:5226, electionTimeout:5067ms
2019-09-26 15:08:39,912 [Thread-1021] INFO  impl.RoleInfo (RoleInfo.java:shutdownFollowerState(121)) - 8a411a4f-0e32-4dd1-80b9-a797c2117425: shutdown FollowerState
2019-09-26 15:08:39,912 [Thread-1021] INFO  impl.RaftServerImpl (RaftServerImpl.java:setRole(174)) - 8a411a4f-0e32-4dd1-80b9-a797c2117425@group-4A9996C7FAA7: changes role from  FOLLOWER to CANDIDATE at term 0 for changeToCandidate
2019-09-26 15:08:39,912 [Thread-1021] INFO  impl.RoleInfo (RoleInfo.java:updateAndGet(143)) - 8a411a4f-0e32-4dd1-80b9-a797c2117425: start LeaderElection
2019-09-26 15:08:39,912 [Thread-1018] INFO  impl.FollowerState (FollowerState.java:run(106)) - 8a411a4f-0e32-4dd1-80b9-a797c2117425:group-AF9A2420E8C8 changes to CANDIDATE, lastRpcTime:5246, electionTimeout:5055ms
2019-09-26 15:08:39,912 [Thread-1009] INFO  impl.FollowerState (FollowerState.java:run(106)) - 8a411a4f-0e32-4dd1-80b9-a797c2117425:group-358F631A9058 changes to CANDIDATE, lastRpcTime:5385, electionTimeout:5188ms
2019-09-26 15:08:39,912 [Thread-1018] INFO  impl.RoleInfo (RoleInfo.java:shutdownFollowerState(121)) - 8a411a4f-0e32-4dd1-80b9-a797c2117425: shutdown FollowerState
2019-09-26 15:08:39,912 [Thread-1009] INFO  impl.RoleInfo (RoleInfo.java:shutdownFollowerState(121)) - 8a411a4f-0e32-4dd1-80b9-a797c2117425: shutdown FollowerState
2019-09-26 15:08:39,912 [Thread-1018] INFO  impl.RaftServerImpl (RaftServerImpl.java:setRole(174)) - 8a411a4f-0e32-4dd1-80b9-a797c2117425@group-AF9A2420E8C8: changes role from  FOLLOWER to CANDIDATE at term 0 for changeToCandidate
2019-09-26 15:08:39,912 [Thread-1009] INFO  impl.RaftServerImpl (RaftServerImpl.java:setRole(174)) - 8a411a4f-0e32-4dd1-80b9-a797c2117425@group-358F631A9058: changes role from  FOLLOWER to CANDIDATE at term 0 for changeToCandidate
2019-09-26 15:08:39,912 [Thread-1018] INFO  impl.RoleInfo (RoleInfo.java:updateAndGet(143)) - 8a411a4f-0e32-4dd1-80b9-a797c2117425: start LeaderElection
2019-09-26 15:08:39,912 [Thread-1009] INFO  impl.RoleInfo (RoleInfo.java:updateAndGet(143)) - 8a411a4f-0e32-4dd1-80b9-a797c2117425: start LeaderElection
2019-09-26 15:08:39,913 [Thread-1015] INFO  impl.FollowerState (FollowerState.java:run(106)) - 8a411a4f-0e32-4dd1-80b9-a797c2117425:group-D220E74A09E8 changes to CANDIDATE, lastRpcTime:5288, electionTimeout:5006ms
2019-09-26 15:08:39,913 [Thread-1012] INFO  impl.FollowerState (FollowerState.java:run(106)) - 8a411a4f-0e32-4dd1-80b9-a797c2117425:group-338C79B436FD changes to CANDIDATE, lastRpcTime:5340, electionTimeout:5050ms
2019-09-26 15:08:39,913 [Thread-1015] INFO  impl.RoleInfo (RoleInfo.java:shutdownFollowerState(121)) - 8a411a4f-0e32-4dd1-80b9-a797c2117425: shutdown FollowerState
2019-09-26 15:08:39,913 [Thread-1012] INFO  impl.RoleInfo (RoleInfo.java:shutdownFollowerState(121)) - 8a411a4f-0e32-4dd1-80b9-a797c2117425: shutdown FollowerState
2019-09-26 15:08:39,913 [Thread-1015] INFO  impl.RaftServerImpl (RaftServerImpl.java:setRole(174)) - 8a411a4f-0e32-4dd1-80b9-a797c2117425@group-D220E74A09E8: changes role from  FOLLOWER to CANDIDATE at term 0 for changeToCandidate
2019-09-26 15:08:39,914 [Thread-1012] INFO  impl.RaftServerImpl (RaftServerImpl.java:setRole(174)) - 8a411a4f-0e32-4dd1-80b9-a797c2117425@group-338C79B436FD: changes role from  FOLLOWER to CANDIDATE at term 0 for changeToCandidate
2019-09-26 15:08:39,914 [Thread-1015] INFO  impl.RoleInfo (RoleInfo.java:updateAndGet(143)) - 8a411a4f-0e32-4dd1-80b9-a797c2117425: start LeaderElection
2019-09-26 15:08:39,914 [Thread-1012] INFO  impl.RoleInfo (RoleInfo.java:updateAndGet(143)) - 8a411a4f-0e32-4dd1-80b9-a797c2117425: start LeaderElection
2019-09-26 15:08:39,914 [8a411a4f-0e32-4dd1-80b9-a797c2117425@group-BEEA3F674A0C:LeaderElection157] INFO  impl.LeaderElection (LeaderElection.java:askForVotes(182)) - 8a411a4f-0e32-4dd1-80b9-a797c2117425@group-BEEA3F674A0C:LeaderElection157: begin an election at term 1 for -1: [8a411a4f-0e32-4dd1-80b9-a797c2117425:192.168.151.99:37125], old=null
2019-09-26 15:08:39,914 [8a411a4f-0e32-4dd1-80b9-a797c2117425@group-0BF01F02E0AC:LeaderElection159] INFO  impl.LeaderElection (LeaderElection.java:askForVotes(182)) - 8a411a4f-0e32-4dd1-80b9-a797c2117425@group-0BF01F02E0AC:LeaderElection159: begin an election at term 1 for -1: [8a411a4f-0e32-4dd1-80b9-a797c2117425:192.168.151.99:37125], old=null
2019-09-26 15:08:39,914 [8a411a4f-0e32-4dd1-80b9-a797c2117425@group-BEEA3F674A0C:LeaderElection157] INFO  impl.RoleInfo (RoleInfo.java:shutdownLeaderElection(134)) - 8a411a4f-0e32-4dd1-80b9-a797c2117425: shutdown LeaderElection
2019-09-26 15:08:39,914 [8a411a4f-0e32-4dd1-80b9-a797c2117425@group-42B53E77480F:LeaderElection151] INFO  impl.LeaderElection (LeaderElection.java:askForVotes(182)) - 8a411a4f-0e32-4dd1-80b9-a797c2117425@group-42B53E77480F:LeaderElection151: begin an election at term 1 for -1: [8a411a4f-0e32-4dd1-80b9-a797c2117425:192.168.151.99:37125], old=null
2019-09-26 15:08:39,914 [8a411a4f-0e32-4dd1-80b9-a797c2117425@group-BEEA3F674A0C:LeaderElection157] INFO  impl.RaftServerImpl (RaftServerImpl.java:setRole(174)) - 8a411a4f-0e32-4dd1-80b9-a797c2117425@group-BEEA3F674A0C: changes role from CANDIDATE to LEADER at term 1 for changeToLeader
2019-09-26 15:08:39,914 [8a411a4f-0e32-4dd1-80b9-a797c2117425@group-0BF01F02E0AC:LeaderElection159] INFO  impl.RoleInfo (RoleInfo.java:shutdownLeaderElection(134)) - 8a411a4f-0e32-4dd1-80b9-a797c2117425: shutdown LeaderElection
2019-09-26 15:08:39,914 [8a411a4f-0e32-4dd1-80b9-a797c2117425@group-BEEA3F674A0C:LeaderElection157] INFO  impl.RaftServerImpl (ServerState.java:setLeader(253)) - 8a411a4f-0e32-4dd1-80b9-a797c2117425@group-BEEA3F674A0C: change Leader from null to 8a411a4f-0e32-4dd1-80b9-a797c2117425 at term 1 for becomeLeader, leader elected after 5670ms
2019-09-26 15:08:39,914 [8a411a4f-0e32-4dd1-80b9-a797c2117425@group-42B53E77480F:LeaderElection151] INFO  impl.RoleInfo (RoleInfo.java:shutdownLeaderElection(134)) - 8a411a4f-0e32-4dd1-80b9-a797c2117425: shutdown LeaderElection
2019-09-26 15:08:39,914 [pool-27-thread-1] INFO  server.RaftServerConfigKeys (ConfUtils.java:logGet(43)) - raft.server.log.statemachine.data.caching.enabled = true (custom)
2019-09-26 15:08:39,915 [8a411a4f-0e32-4dd1-80b9-a797c2117425@group-BEEA3F674A0C:LeaderElection157] INFO  server.RaftServerConfigKeys (ConfUtils.java:logGet(43)) - raft.server.staging.catchup.gap = 1000 (default)
2019-09-26 15:08:39,915 [8a411a4f-0e32-4dd1-80b9-a797c2117425@group-42B53E77480F:LeaderElection151] INFO  impl.RaftServerImpl (RaftServerImpl.java:setRole(174)) - 8a411a4f-0e32-4dd1-80b9-a797c2117425@group-42B53E77480F: changes role from CANDIDATE to LEADER at term 1 for changeToLeader
2019-09-26 15:08:39,914 [Thread-997] WARN  util.JavaUtils (JavaUtils.java:sleep(250)) - Unexpected long sleep: sleep(5158ms) actually took 5502ms which is over the threshold 300ms
2019-09-26 15:08:39,915 [pool-27-thread-1] INFO  segmented.SegmentedRaftLogWorker (SegmentedRaftLogWorker.java:lambda$new$0(132)) - 8a411a4f-0e32-4dd1-80b9-a797c2117425@group-C79884FD6F3D-SegmentedRaftLogWorker: flushIndex: setUnconditionally 0 -> -1
2019-09-26 15:08:39,914 [8a411a4f-0e32-4dd1-80b9-a797c2117425@group-0BF01F02E0AC:LeaderElection159] INFO  impl.RaftServerImpl (RaftServerImpl.java:setRole(174)) - 8a411a4f-0e32-4dd1-80b9-a797c2117425@group-0BF01F02E0AC: changes role from CANDIDATE to LEADER at term 1 for changeToLeader
2019-09-26 15:08:39,915 [8a411a4f-0e32-4dd1-80b9-a797c2117425@group-42B53E77480F:LeaderElection151] INFO  impl.RaftServerImpl (ServerState.java:setLeader(253)) - 8a411a4f-0e32-4dd1-80b9-a797c2117425@group-42B53E77480F: change Leader from null to 8a411a4f-0e32-4dd1-80b9-a797c2117425 at term 1 for becomeLeader, leader elected after 5534ms
2019-09-26 15:08:39,916 [pool-27-thread-1] INFO  server.RaftServerConfigKeys (ConfUtils.java:logGet(43)) - raft.server.snapshot.auto.trigger.enabled = true (custom)
2019-09-26 15:08:39,915 [8a411a4f-0e32-4dd1-80b9-a797c2117425@group-BEEA3F674A0C:LeaderElection157] INFO  server.RaftServerConfigKeys (ConfUtils.java:logGet(43)) - raft.server.rpc.sleep.time = 25ms (default)
2019-09-26 15:08:39,916 [pool-27-thread-1] INFO  server.RaftServerConfigKeys (ConfUtils.java:logGet(43)) - raft.server.snapshot.auto.trigger.threshold = 10000 (custom)
2019-09-26 15:08:39,916 [8a411a4f-0e32-4dd1-80b9-a797c2117425@group-42B53E77480F:LeaderElection151] INFO  server.RaftServerConfigKeys (ConfUtils.java:logGet(43)) - raft.server.staging.catchup.gap = 1000 (default)
2019-09-26 15:08:39,915 [8a411a4f-0e32-4dd1-80b9-a797c2117425@group-0BF01F02E0AC:LeaderElection159] INFO  impl.RaftServerImpl (ServerState.java:setLeader(253)) - 8a411a4f-0e32-4dd1-80b9-a797c2117425@group-0BF01F02E0AC: change Leader from null to 8a411a4f-0e32-4dd1-80b9-a797c2117425 at term 1 for becomeLeader, leader elected after 5433ms
2019-09-26 15:08:39,916 [8a411a4f-0e32-4dd1-80b9-a797c2117425@group-42B53E77480F:LeaderElection151] INFO  server.RaftServerConfigKeys (ConfUtils.java:logGet(43)) - raft.server.rpc.sleep.time = 25ms (default)
2019-09-26 15:08:39,916 [pool-27-thread-1] INFO  server.RaftServerConfigKeys (ConfUtils.java:logGet(43)) - raft.server.snapshot.retention.num.files = 5 (custom)
2019-09-26 15:08:39,916 [8a411a4f-0e32-4dd1-80b9-a797c2117425@group-BEEA3F674A0C:LeaderElection157] INFO  server.RaftServerConfigKeys (ConfUtils.java:logGet(43)) - raft.server.write.element-limit = 4096 (default)
2019-09-26 15:08:39,916 [pool-27-thread-1] INFO  server.RaftServerConfigKeys (ConfUtils.java:logGet(43)) - raft.server.retrycache.expirytime = 600000ms (custom)
2019-09-26 15:08:39,916 [8a411a4f-0e32-4dd1-80b9-a797c2117425@group-42B53E77480F:LeaderElection151] INFO  server.RaftServerConfigKeys (ConfUtils.java:logGet(43)) - raft.server.write.element-limit = 4096 (default)
2019-09-26 15:08:39,916 [8a411a4f-0e32-4dd1-80b9-a797c2117425@group-0BF01F02E0AC:LeaderElection159] INFO  server.RaftServerConfigKeys (ConfUtils.java:logGet(43)) - raft.server.staging.catchup.gap = 1000 (default)
2019-09-26 15:08:39,917 [8a411a4f-0e32-4dd1-80b9-a797c2117425@group-42B53E77480F:LeaderElection151] INFO  server.RaftServerConfigKeys (ConfUtils.java:logGet(43)) - raft.server.watch.timeout = 10s (default)
2019-09-26 15:08:39,916 [8a411a4f-0e32-4dd1-80b9-a797c2117425@group-BEEA3F674A0C:LeaderElection157] INFO  server.RaftServerConfigKeys (ConfUtils.java:logGet(43)) - raft.server.watch.timeout = 10s (default)
2019-09-26 15:08:39,917 [8a411a4f-0e32-4dd1-80b9-a797c2117425@group-42B53E77480F:LeaderElection151] INFO  server.RaftServerConfigKeys (ConfUtils.java:logGet(43)) - raft.server.watch.timeout.denomination = 1s (default)
2019-09-26 15:08:39,917 [8a411a4f-0e32-4dd1-80b9-a797c2117425@group-0BF01F02E0AC:LeaderElection159] INFO  server.RaftServerConfigKeys (ConfUtils.java:logGet(43)) - raft.server.rpc.sleep.time = 25ms (default)
2019-09-26 15:08:39,917 [8a411a4f-0e32-4dd1-80b9-a797c2117425@group-42B53E77480F:LeaderElection151] INFO  server.RaftServerConfigKeys (ConfUtils.java:logGet(43)) - raft.server.watch.element-limit = 65536 (default)
2019-09-26 15:08:39,917 [8a411a4f-0e32-4dd1-80b9-a797c2117425@group-BEEA3F674A0C:LeaderElection157] INFO  server.RaftServerConfigKeys (ConfUtils.java:logGet(43)) - raft.server.watch.timeout.denomination = 1s (default)
2019-09-26 15:08:39,917 [8a411a4f-0e32-4dd1-80b9-a797c2117425@group-0BF01F02E0AC:LeaderElection159] INFO  server.RaftServerConfigKeys (ConfUtils.java:logGet(43)) - raft.server.write.element-limit = 4096 (default)
2019-09-26 15:08:39,917 [8a411a4f-0e32-4dd1-80b9-a797c2117425@group-BEEA3F674A0C:LeaderElection157] INFO  server.RaftServerConfigKeys (ConfUtils.java:logGet(43)) - raft.server.watch.element-limit = 65536 (default)
2019-09-26 15:08:39,917 [8a411a4f-0e32-4dd1-80b9-a797c2117425@group-0BF01F02E0AC:LeaderElection159] INFO  server.RaftServerConfigKeys (ConfUtils.java:logGet(43)) - raft.server.watch.timeout = 10s (default)
2019-09-26 15:08:39,917 [8a411a4f-0e32-4dd1-80b9-a797c2117425@group-0BF01F02E0AC:LeaderElection159] INFO  server.RaftServerConfigKeys (ConfUtils.java:logGet(43)) - raft.server.watch.timeout.denomination = 1s (default)
2019-09-26 15:08:39,917 [8a411a4f-0e32-4dd1-80b9-a797c2117425@group-0BF01F02E0AC:LeaderElection159] INFO  server.RaftServerConfigKeys (ConfUtils.java:logGet(43)) - raft.server.watch.element-limit = 65536 (default)
2019-09-26 15:08:39,920 [pool-27-thread-1] INFO  impl.RaftServerImpl (RaftServerImpl.java:start(185)) - 8a411a4f-0e32-4dd1-80b9-a797c2117425@group-C79884FD6F3D: start as a follower, conf=-1: [8a411a4f-0e32-4dd1-80b9-a797c2117425:192.168.151.99:37125], old=null
2019-09-26 15:08:39,920 [pool-27-thread-1] INFO  impl.RaftServerImpl (RaftServerImpl.java:setRole(174)) - 8a411a4f-0e32-4dd1-80b9-a797c2117425@group-C79884FD6F3D: changes role from      null to FOLLOWER at term 0 for startAsFollower
2019-09-26 15:08:39,920 [pool-27-thread-1] INFO  impl.RoleInfo (RoleInfo.java:updateAndGet(143)) - 8a411a4f-0e32-4dd1-80b9-a797c2117425: start FollowerState
2019-09-26 15:08:39,921 [pool-27-thread-1] INFO  util.JmxRegister (JmxRegister.java:tryRegister(44)) - Successfully registered JMX Bean with object name Ratis:service=RaftServer,group=group-C79884FD6F3D,id=8a411a4f-0e32-4dd1-80b9-a797c2117425
2019-09-26 15:08:39,921 [8a411a4f-0e32-4dd1-80b9-a797c2117425@group-42B53E77480F:LeaderElection151] INFO  impl.RoleInfo (RoleInfo.java:updateAndGet(143)) - 8a411a4f-0e32-4dd1-80b9-a797c2117425: start LeaderState
2019-09-26 15:08:39,921 [8a411a4f-0e32-4dd1-80b9-a797c2117425@group-42B53E77480F:LeaderElection151] INFO  segmented.SegmentedRaftLogWorker (SegmentedRaftLogWorker.java:startLogSegment(380)) - 8a411a4f-0e32-4dd1-80b9-a797c2117425@group-42B53E77480F-SegmentedRaftLogWorker: Starting segment from index:0
2019-09-26 15:08:39,921 [8a411a4f-0e32-4dd1-80b9-a797c2117425@group-0BF01F02E0AC:LeaderElection159] INFO  impl.RoleInfo (RoleInfo.java:updateAndGet(143)) - 8a411a4f-0e32-4dd1-80b9-a797c2117425: start LeaderState
2019-09-26 15:08:39,921 [8a411a4f-0e32-4dd1-80b9-a797c2117425@group-BEEA3F674A0C:LeaderElection157] INFO  impl.RoleInfo (RoleInfo.java:updateAndGet(143)) - 8a411a4f-0e32-4dd1-80b9-a797c2117425: start LeaderState
2019-09-26 15:08:39,921 [8a411a4f-0e32-4dd1-80b9-a797c2117425@group-0BF01F02E0AC:LeaderElection159] INFO  segmented.SegmentedRaftLogWorker (SegmentedRaftLogWorker.java:startLogSegment(380)) - 8a411a4f-0e32-4dd1-80b9-a797c2117425@group-0BF01F02E0AC-SegmentedRaftLogWorker: Starting segment from index:0
2019-09-26 15:08:39,921 [8a411a4f-0e32-4dd1-80b9-a797c2117425@group-42B53E77480F:LeaderElection151] INFO  impl.RaftServerImpl (ServerState.java:setRaftConf(354)) - 8a411a4f-0e32-4dd1-80b9-a797c2117425@group-42B53E77480F: set configuration 0: [8a411a4f-0e32-4dd1-80b9-a797c2117425:192.168.151.99:37125], old=null at 0
2019-09-26 15:08:39,921 [8a411a4f-0e32-4dd1-80b9-a797c2117425@group-BEEA3F674A0C:LeaderElection157] INFO  segmented.SegmentedRaftLogWorker (SegmentedRaftLogWorker.java:startLogSegment(380)) - 8a411a4f-0e32-4dd1-80b9-a797c2117425@group-BEEA3F674A0C-SegmentedRaftLogWorker: Starting segment from index:0
2019-09-26 15:08:39,922 [8a411a4f-0e32-4dd1-80b9-a797c2117425@group-0BF01F02E0AC:LeaderElection159] INFO  impl.RaftServerImpl (ServerState.java:setRaftConf(354)) - 8a411a4f-0e32-4dd1-80b9-a797c2117425@group-0BF01F02E0AC: set configuration 0: [8a411a4f-0e32-4dd1-80b9-a797c2117425:192.168.151.99:37125], old=null at 0
2019-09-26 15:08:39,922 [8a411a4f-0e32-4dd1-80b9-a797c2117425@group-BEEA3F674A0C:LeaderElection157] INFO  impl.RaftServerImpl (ServerState.java:setRaftConf(354)) - 8a411a4f-0e32-4dd1-80b9-a797c2117425@group-BEEA3F674A0C: set configuration 0: [8a411a4f-0e32-4dd1-80b9-a797c2117425:192.168.151.99:37125], old=null at 0
2019-09-26 15:08:39,922 [RatisPipelineUtilsThread] INFO  pipeline.PipelineStateManager (PipelineStateManager.java:addPipeline(56)) - Created pipeline Pipeline[ Id: 756e32ca-5039-44d1-b378-c79884fd6f3d, Nodes: 8a411a4f-0e32-4dd1-80b9-a797c2117425{ip: 192.168.151.99, host: pr-hdds-1569-g6sp5-2013761785, networkLocation: /default-rack, certSerialId: null}, Type:RATIS, Factor:ONE, State:OPEN]
2019-09-26 15:08:39,925 [grpc-default-executor-0] INFO  impl.RaftServerProxy (RaftServerProxy.java:addNew(89)) - 8a411a4f-0e32-4dd1-80b9-a797c2117425: addNew group-D2B1D6C9CED8:[8a411a4f-0e32-4dd1-80b9-a797c2117425:192.168.151.99:37125] returns group-D2B1D6C9CED8:java.util.concurrent.CompletableFuture@42a2258c[Not completed]
2019-09-26 15:08:39,926 [pool-27-thread-1] INFO  impl.RaftServerImpl (RaftServerImpl.java:<init>(95)) - 8a411a4f-0e32-4dd1-80b9-a797c2117425: new RaftServerImpl for group-D2B1D6C9CED8:[8a411a4f-0e32-4dd1-80b9-a797c2117425:192.168.151.99:37125] with ContainerStateMachine:uninitialized
2019-09-26 15:08:39,926 [pool-27-thread-1] INFO  server.RaftServerConfigKeys (ConfUtils.java:logGet(43)) - raft.server.rpc.timeout.min = 5s (custom)
2019-09-26 15:08:39,926 [pool-27-thread-1] INFO  server.RaftServerConfigKeys (ConfUtils.java:logGet(43)) - raft.server.rpc.timeout.max = 5200ms (custom)
2019-09-26 15:08:39,926 [pool-27-thread-1] INFO  server.RaftServerConfigKeys (ConfUtils.java:logGet(43)) - raft.server.rpcslowness.timeout = 120s (custom)
2019-09-26 15:08:39,926 [pool-27-thread-1] INFO  server.RaftServerConfigKeys (ConfUtils.java:logGet(43)) - raft.server.sleep.deviation.threshold = 300 (default)
2019-09-26 15:08:39,926 [pool-27-thread-1] INFO  server.RaftServerConfigKeys (ConfUtils.java:logGet(43)) - raft.server.log.appender.install.snapshot.enabled = false (custom)
2019-09-26 15:08:39,926 [pool-27-thread-1] INFO  impl.RaftServerImpl (ServerState.java:<init>(103)) - 8a411a4f-0e32-4dd1-80b9-a797c2117425@group-D2B1D6C9CED8: ConfigurationManager, init=-1: [8a411a4f-0e32-4dd1-80b9-a797c2117425:192.168.151.99:37125], old=null, confs=<EMPTY_MAP>
2019-09-26 15:08:39,926 [pool-27-thread-1] INFO  server.RaftServerConfigKeys (ConfUtils.java:logGet(43)) - raft.server.storage.dir = [/workdir/hadoop-ozone/integration-test/target/test-dir/MiniOzoneClusterImpl-646ad58d-3cd3-4092-ab15-506251c55e5b/datanode-0/data/ratis] (custom)
2019-09-26 15:08:39,927 [pool-27-thread-1] INFO  storage.RaftStorageDirectory (RaftStorageDirectory.java:analyzeStorage(246)) - The storage directory /workdir/hadoop-ozone/integration-test/target/test-dir/MiniOzoneClusterImpl-646ad58d-3cd3-4092-ab15-506251c55e5b/datanode-0/data/ratis/196e6f8b-eeab-468f-8061-d2b1d6c9ced8 does not exist. Creating ...
2019-09-26 15:08:40,356 [Thread-1049] INFO  impl.FollowerState (FollowerState.java:run(106)) - 8a411a4f-0e32-4dd1-80b9-a797c2117425:group-938D56FE126F changes to CANDIDATE, lastRpcTime:5300, electionTimeout:5064ms
2019-09-26 15:08:40,356 [Thread-1046] INFO  impl.FollowerState (FollowerState.java:run(106)) - 8a411a4f-0e32-4dd1-80b9-a797c2117425:group-A06E2440B4E9 changes to CANDIDATE, lastRpcTime:5341, electionTimeout:5096ms
2019-09-26 15:08:40,357 [Thread-1049] INFO  impl.RoleInfo (RoleInfo.java:shutdownFollowerState(121)) - 8a411a4f-0e32-4dd1-80b9-a797c2117425: shutdown FollowerState
2019-09-26 15:08:40,357 [Thread-1046] INFO  impl.RoleInfo (RoleInfo.java:shutdownFollowerState(121)) - 8a411a4f-0e32-4dd1-80b9-a797c2117425: shutdown FollowerState
2019-09-26 15:08:40,357 [Thread-1049] INFO  impl.RaftServerImpl (RaftServerImpl.java:setRole(174)) - 8a411a4f-0e32-4dd1-80b9-a797c2117425@group-938D56FE126F: changes role from  FOLLOWER to CANDIDATE at term 0 for changeToCandidate
2019-09-26 15:08:40,357 [Thread-1046] INFO  impl.RaftServerImpl (RaftServerImpl.java:setRole(174)) - 8a411a4f-0e32-4dd1-80b9-a797c2117425@group-A06E2440B4E9: changes role from  FOLLOWER to CANDIDATE at term 0 for changeToCandidate
2019-09-26 15:08:40,357 [Thread-1049] INFO  impl.RoleInfo (RoleInfo.java:updateAndGet(143)) - 8a411a4f-0e32-4dd1-80b9-a797c2117425: start LeaderElection
2019-09-26 15:08:40,357 [Thread-1046] INFO  impl.RoleInfo (RoleInfo.java:updateAndGet(143)) - 8a411a4f-0e32-4dd1-80b9-a797c2117425: start LeaderElection
2019-09-26 15:08:40,358 [Thread-1043] WARN  util.JavaUtils (JavaUtils.java:sleep(250)) - Unexpected long sleep: sleep(5070ms) actually took 5382ms which is over the threshold 300ms
2019-09-26 15:08:40,358 [Thread-1040] WARN  util.JavaUtils (JavaUtils.java:sleep(250)) - Unexpected long sleep: sleep(5109ms) actually took 5429ms which is over the threshold 300ms
2019-09-26 15:08:40,358 [Thread-1037] WARN  util.JavaUtils (JavaUtils.java:sleep(250)) - Unexpected long sleep: sleep(5132ms) actually took 5467ms which is over the threshold 300ms
2019-09-26 15:08:40,359 [Thread-1033] WARN  util.JavaUtils (JavaUtils.java:sleep(250)) - Unexpected long sleep: sleep(5122ms) actually took 5500ms which is over the threshold 300ms
2019-09-26 15:08:40,360 [8a411a4f-0e32-4dd1-80b9-a797c2117425@group-D220E74A09E8:LeaderElection167] INFO  impl.LeaderElection (LeaderElection.java:askForVotes(182)) - 8a411a4f-0e32-4dd1-80b9-a797c2117425@group-D220E74A09E8:LeaderElection167: begin an election at term 1 for -1: [8a411a4f-0e32-4dd1-80b9-a797c2117425:192.168.151.99:37125], old=null
2019-09-26 15:08:40,360 [8a411a4f-0e32-4dd1-80b9-a797c2117425@group-171E6B5B65D9:LeaderElection154] INFO  impl.LeaderElection (LeaderElection.java:askForVotes(182)) - 8a411a4f-0e32-4dd1-80b9-a797c2117425@group-171E6B5B65D9:LeaderElection154: begin an election at term 1 for -1: [8a411a4f-0e32-4dd1-80b9-a797c2117425:192.168.151.99:37125], old=null
2019-09-26 15:08:40,361 [8a411a4f-0e32-4dd1-80b9-a797c2117425@group-AF9A2420E8C8:LeaderElection165] INFO  impl.LeaderElection (LeaderElection.java:askForVotes(182)) - 8a411a4f-0e32-4dd1-80b9-a797c2117425@group-AF9A2420E8C8:LeaderElection165: begin an election at term 1 for -1: [8a411a4f-0e32-4dd1-80b9-a797c2117425:192.168.151.99:37125], old=null
2019-09-26 15:08:40,361 [8a411a4f-0e32-4dd1-80b9-a797c2117425@group-0B799EF4D341:LeaderElection153] INFO  impl.LeaderElection (LeaderElection.java:askForVotes(182)) - 8a411a4f-0e32-4dd1-80b9-a797c2117425@group-0B799EF4D341:LeaderElection153: begin an election at term 1 for -1: [8a411a4f-0e32-4dd1-80b9-a797c2117425:192.168.151.99:37125], old=null
2019-09-26 15:08:40,361 [8a411a4f-0e32-4dd1-80b9-a797c2117425@group-4150286250A6:LeaderElection156] INFO  impl.LeaderElection (LeaderElection.java:askForVotes(182)) - 8a411a4f-0e32-4dd1-80b9-a797c2117425@group-4150286250A6:LeaderElection156: begin an election at term 1 for -1: [8a411a4f-0e32-4dd1-80b9-a797c2117425:192.168.151.99:37125], old=null
2019-09-26 15:08:40,360 [8a411a4f-0e32-4dd1-80b9-a797c2117425@group-4A9996C7FAA7:LeaderElection164] INFO  impl.LeaderElection (LeaderElection.java:askForVotes(182)) - 8a411a4f-0e32-4dd1-80b9-a797c2117425@group-4A9996C7FAA7:LeaderElection164: begin an election at term 1 for -1: [8a411a4f-0e32-4dd1-80b9-a797c2117425:192.168.151.99:37125], old=null
2019-09-26 15:08:40,360 [8a411a4f-0e32-4dd1-80b9-a797c2117425@group-545C9FF84361:LeaderElection163] INFO  impl.LeaderElection (LeaderElection.java:askForVotes(182)) - 8a411a4f-0e32-4dd1-80b9-a797c2117425@group-545C9FF84361:LeaderElection163: begin an election at term 1 for -1: [8a411a4f-0e32-4dd1-80b9-a797c2117425:192.168.151.99:37125], old=null
2019-09-26 15:08:40,360 [8a411a4f-0e32-4dd1-80b9-a797c2117425@group-FECB0F3475E8:LeaderElection152] INFO  impl.LeaderElection (LeaderElection.java:askForVotes(182)) - 8a411a4f-0e32-4dd1-80b9-a797c2117425@group-FECB0F3475E8:LeaderElection152: begin an election at term 1 for -1: [8a411a4f-0e32-4dd1-80b9-a797c2117425:192.168.151.99:37125], old=null
2019-09-26 15:08:40,360 [8a411a4f-0e32-4dd1-80b9-a797c2117425@group-3ACE71D3EB17:LeaderElection158] INFO  impl.LeaderElection (LeaderElection.java:askForVotes(182)) - 8a411a4f-0e32-4dd1-80b9-a797c2117425@group-3ACE71D3EB17:LeaderElection158: begin an election at term 1 for -1: [8a411a4f-0e32-4dd1-80b9-a797c2117425:192.168.151.99:37125], old=null
2019-09-26 15:08:40,360 [8a411a4f-0e32-4dd1-80b9-a797c2117425@group-338C79B436FD:LeaderElection168] INFO  impl.LeaderElection (LeaderElection.java:askForVotes(182)) - 8a411a4f-0e32-4dd1-80b9-a797c2117425@group-338C79B436FD:LeaderElection168: begin an election at term 1 for -1: [8a411a4f-0e32-4dd1-80b9-a797c2117425:192.168.151.99:37125], old=null
2019-09-26 15:08:40,360 [8a411a4f-0e32-4dd1-80b9-a797c2117425@group-ACFFAC7539DC:LeaderElection162] INFO  impl.LeaderElection (LeaderElection.java:askForVotes(182)) - 8a411a4f-0e32-4dd1-80b9-a797c2117425@group-ACFFAC7539DC:LeaderElection162: begin an election at term 1 for -1: [8a411a4f-0e32-4dd1-80b9-a797c2117425:192.168.151.99:37125], old=null
2019-09-26 15:08:40,360 [8a411a4f-0e32-4dd1-80b9-a797c2117425@group-24E75438A6C2:LeaderElection160] INFO  impl.LeaderElection (LeaderElection.java:askForVotes(182)) - 8a411a4f-0e32-4dd1-80b9-a797c2117425@group-24E75438A6C2:LeaderElection160: begin an election at term 1 for -1: [8a411a4f-0e32-4dd1-80b9-a797c2117425:192.168.151.99:37125], old=null
2019-09-26 15:08:40,362 [8a411a4f-0e32-4dd1-80b9-a797c2117425@group-ACFFAC7539DC:LeaderElection162] INFO  impl.RoleInfo (RoleInfo.java:shutdownLeaderElection(134)) - 8a411a4f-0e32-4dd1-80b9-a797c2117425: shutdown LeaderElection
2019-09-26 15:08:40,362 [8a411a4f-0e32-4dd1-80b9-a797c2117425@group-338C79B436FD:LeaderElection168] INFO  impl.RoleInfo (RoleInfo.java:shutdownLeaderElection(134)) - 8a411a4f-0e32-4dd1-80b9-a797c2117425: shutdown LeaderElection
2019-09-26 15:08:40,361 [Thread-1058] INFO  impl.FollowerState (FollowerState.java:run(106)) - 8a411a4f-0e32-4dd1-80b9-a797c2117425:group-6DE3712AF134 changes to CANDIDATE, lastRpcTime:5180, electionTimeout:5143ms
2019-09-26 15:08:40,361 [8a411a4f-0e32-4dd1-80b9-a797c2117425@group-3ACE71D3EB17:LeaderElection158] INFO  impl.RoleInfo (RoleInfo.java:shutdownLeaderElection(134)) - 8a411a4f-0e32-4dd1-80b9-a797c2117425: shutdown LeaderElection
2019-09-26 15:08:40,361 [8a411a4f-0e32-4dd1-80b9-a797c2117425@group-FECB0F3475E8:LeaderElection152] INFO  impl.RoleInfo (RoleInfo.java:shutdownLeaderElection(134)) - 8a411a4f-0e32-4dd1-80b9-a797c2117425: shutdown LeaderElection
2019-09-26 15:08:40,361 [8a411a4f-0e32-4dd1-80b9-a797c2117425@group-545C9FF84361:LeaderElection163] INFO  impl.RoleInfo (RoleInfo.java:shutdownLeaderElection(134)) - 8a411a4f-0e32-4dd1-80b9-a797c2117425: shutdown LeaderElection
2019-09-26 15:08:40,361 [8a411a4f-0e32-4dd1-80b9-a797c2117425@group-4A9996C7FAA7:LeaderElection164] INFO  impl.RoleInfo (RoleInfo.java:shutdownLeaderElection(134)) - 8a411a4f-0e32-4dd1-80b9-a797c2117425: shutdown LeaderElection
2019-09-26 15:08:40,361 [8a411a4f-0e32-4dd1-80b9-a797c2117425@group-4150286250A6:LeaderElection156] INFO  impl.RoleInfo (RoleInfo.java:shutdownLeaderElection(134)) - 8a411a4f-0e32-4dd1-80b9-a797c2117425: shutdown LeaderElection
2019-09-26 15:08:40,361 [8a411a4f-0e32-4dd1-80b9-a797c2117425@group-0B799EF4D341:LeaderElection153] INFO  impl.RoleInfo (RoleInfo.java:shutdownLeaderElection(134)) - 8a411a4f-0e32-4dd1-80b9-a797c2117425: shutdown LeaderElection
2019-09-26 15:08:40,361 [8a411a4f-0e32-4dd1-80b9-a797c2117425@group-358F631A9058:LeaderElection166] INFO  impl.LeaderElection (LeaderElection.java:askForVotes(182)) - 8a411a4f-0e32-4dd1-80b9-a797c2117425@group-358F631A9058:LeaderElection166: begin an election at term 1 for -1: [8a411a4f-0e32-4dd1-80b9-a797c2117425:192.168.151.99:37125], old=null
2019-09-26 15:08:40,361 [8a411a4f-0e32-4dd1-80b9-a797c2117425@group-AF9A2420E8C8:LeaderElection165] INFO  impl.RoleInfo (RoleInfo.java:shutdownLeaderElection(134)) - 8a411a4f-0e32-4dd1-80b9-a797c2117425: shutdown LeaderElection
2019-09-26 15:08:40,361 [8a411a4f-0e32-4dd1-80b9-a797c2117425@group-8E69DC84651B:LeaderElection155] INFO  impl.LeaderElection (LeaderElection.java:askForVotes(182)) - 8a411a4f-0e32-4dd1-80b9-a797c2117425@group-8E69DC84651B:LeaderElection155: begin an election at term 1 for -1: [8a411a4f-0e32-4dd1-80b9-a797c2117425:192.168.151.99:37125], old=null
2019-09-26 15:08:40,361 [8a411a4f-0e32-4dd1-80b9-a797c2117425@group-171E6B5B65D9:LeaderElection154] INFO  impl.RoleInfo (RoleInfo.java:shutdownLeaderElection(134)) - 8a411a4f-0e32-4dd1-80b9-a797c2117425: shutdown LeaderElection
2019-09-26 15:08:40,360 [8a411a4f-0e32-4dd1-80b9-a797c2117425@group-D220E74A09E8:LeaderElection167] INFO  impl.RoleInfo (RoleInfo.java:shutdownLeaderElection(134)) - 8a411a4f-0e32-4dd1-80b9-a797c2117425: shutdown LeaderElection
2019-09-26 15:08:40,360 [8a411a4f-0e32-4dd1-80b9-a797c2117425@group-83D70F78A169:LeaderElection161] INFO  impl.LeaderElection (LeaderElection.java:askForVotes(182)) - 8a411a4f-0e32-4dd1-80b9-a797c2117425@group-83D70F78A169:LeaderElection161: begin an election at term 1 for -1: [8a411a4f-0e32-4dd1-80b9-a797c2117425:192.168.151.99:37125], old=null
2019-09-26 15:08:40,363 [8a411a4f-0e32-4dd1-80b9-a797c2117425@group-D220E74A09E8:LeaderElection167] INFO  impl.RaftServerImpl (RaftServerImpl.java:setRole(174)) - 8a411a4f-0e32-4dd1-80b9-a797c2117425@group-D220E74A09E8: changes role from CANDIDATE to LEADER at term 1 for changeToLeader
2019-09-26 15:08:40,363 [8a411a4f-0e32-4dd1-80b9-a797c2117425@group-171E6B5B65D9:LeaderElection154] INFO  impl.RaftServerImpl (RaftServerImpl.java:setRole(174)) - 8a411a4f-0e32-4dd1-80b9-a797c2117425@group-171E6B5B65D9: changes role from CANDIDATE to LEADER at term 1 for changeToLeader
2019-09-26 15:08:40,363 [8a411a4f-0e32-4dd1-80b9-a797c2117425@group-8E69DC84651B:LeaderElection155] INFO  impl.RoleInfo (RoleInfo.java:shutdownLeaderElection(134)) - 8a411a4f-0e32-4dd1-80b9-a797c2117425: shutdown LeaderElection
2019-09-26 15:08:40,363 [8a411a4f-0e32-4dd1-80b9-a797c2117425@group-AF9A2420E8C8:LeaderElection165] INFO  impl.RaftServerImpl (RaftServerImpl.java:setRole(174)) - 8a411a4f-0e32-4dd1-80b9-a797c2117425@group-AF9A2420E8C8: changes role from CANDIDATE to LEADER at term 1 for changeToLeader
2019-09-26 15:08:40,363 [8a411a4f-0e32-4dd1-80b9-a797c2117425@group-358F631A9058:LeaderElection166] INFO  impl.RoleInfo (RoleInfo.java:shutdownLeaderElection(134)) - 8a411a4f-0e32-4dd1-80b9-a797c2117425: shutdown LeaderElection
2019-09-26 15:08:40,364 [8a411a4f-0e32-4dd1-80b9-a797c2117425@group-358F631A9058:LeaderElection166] INFO  impl.RaftServerImpl (RaftServerImpl.java:setRole(174)) - 8a411a4f-0e32-4dd1-80b9-a797c2117425@group-358F631A9058: changes role from CANDIDATE to LEADER at term 1 for changeToLeader
2019-09-26 15:08:40,363 [8a411a4f-0e32-4dd1-80b9-a797c2117425@group-0B799EF4D341:LeaderElection153] INFO  impl.RaftServerImpl (RaftServerImpl.java:setRole(174)) - 8a411a4f-0e32-4dd1-80b9-a797c2117425@group-0B799EF4D341: changes role from CANDIDATE to LEADER at term 1 for changeToLeader
2019-09-26 15:08:40,363 [8a411a4f-0e32-4dd1-80b9-a797c2117425@group-4150286250A6:LeaderElection156] INFO  impl.RaftServerImpl (RaftServerImpl.java:setRole(174)) - 8a411a4f-0e32-4dd1-80b9-a797c2117425@group-4150286250A6: changes role from CANDIDATE to LEADER at term 1 for changeToLeader
2019-09-26 15:08:40,364 [8a411a4f-0e32-4dd1-80b9-a797c2117425@group-4150286250A6:LeaderElection156] INFO  impl.RaftServerImpl (ServerState.java:setLeader(253)) - 8a411a4f-0e32-4dd1-80b9-a797c2117425@group-4150286250A6: change Leader from null to 8a411a4f-0e32-4dd1-80b9-a797c2117425 at term 1 for becomeLeader, leader elected after 6028ms
2019-09-26 15:08:40,363 [Thread-1064] INFO  impl.FollowerState (FollowerState.java:run(106)) - 8a411a4f-0e32-4dd1-80b9-a797c2117425:group-884660014B94 changes to CANDIDATE, lastRpcTime:5141, electionTimeout:5028ms
2019-09-26 15:08:40,363 [8a411a4f-0e32-4dd1-80b9-a797c2117425@group-4A9996C7FAA7:LeaderElection164] INFO  impl.RaftServerImpl (RaftServerImpl.java:setRole(174)) - 8a411a4f-0e32-4dd1-80b9-a797c2117425@group-4A9996C7FAA7: changes role from CANDIDATE to LEADER at term 1 for changeToLeader
2019-09-26 15:08:40,363 [Thread-1061] INFO  impl.FollowerState (FollowerState.java:run(106)) - 8a411a4f-0e32-4dd1-80b9-a797c2117425:group-D2E29C0D0AAA changes to CANDIDATE, lastRpcTime:5161, electionTimeout:5050ms
2019-09-26 15:08:40,363 [8a411a4f-0e32-4dd1-80b9-a797c2117425@group-545C9FF84361:LeaderElection163] INFO  impl.RaftServerImpl (RaftServerImpl.java:setRole(174)) - 8a411a4f-0e32-4dd1-80b9-a797c2117425@group-545C9FF84361: changes role from CANDIDATE to LEADER at term 1 for changeToLeader
2019-09-26 15:08:40,362 [8a411a4f-0e32-4dd1-80b9-a797c2117425@group-FECB0F3475E8:LeaderElection152] INFO  impl.RaftServerImpl (RaftServerImpl.java:setRole(174)) - 8a411a4f-0e32-4dd1-80b9-a797c2117425@group-FECB0F3475E8: changes role from CANDIDATE to LEADER at term 1 for changeToLeader
2019-09-26 15:08:40,365 [8a411a4f-0e32-4dd1-80b9-a797c2117425@group-FECB0F3475E8:LeaderElection152] INFO  impl.RaftServerImpl (ServerState.java:setLeader(253)) - 8a411a4f-0e32-4dd1-80b9-a797c2117425@group-FECB0F3475E8: change Leader from null to 8a411a4f-0e32-4dd1-80b9-a797c2117425 at term 1 for becomeLeader, leader elected after 6220ms
2019-09-26 15:08:40,362 [8a411a4f-0e32-4dd1-80b9-a797c2117425@group-3ACE71D3EB17:LeaderElection158] INFO  impl.RaftServerImpl (RaftServerImpl.java:setRole(174)) - 8a411a4f-0e32-4dd1-80b9-a797c2117425@group-3ACE71D3EB17: changes role from CANDIDATE to LEADER at term 1 for changeToLeader
2019-09-26 15:08:40,362 [Thread-1058] INFO  impl.RoleInfo (RoleInfo.java:shutdownFollowerState(121)) - 8a411a4f-0e32-4dd1-80b9-a797c2117425: shutdown FollowerState
2019-09-26 15:08:40,362 [Thread-1052] INFO  impl.FollowerState (FollowerState.java:run(106)) - 8a411a4f-0e32-4dd1-80b9-a797c2117425:group-AF909D263E7A changes to CANDIDATE, lastRpcTime:5264, electionTimeout:5188ms
2019-09-26 15:08:40,362 [8a411a4f-0e32-4dd1-80b9-a797c2117425@group-338C79B436FD:LeaderElection168] INFO  impl.RaftServerImpl (RaftServerImpl.java:setRole(174)) - 8a411a4f-0e32-4dd1-80b9-a797c2117425@group-338C79B436FD: changes role from CANDIDATE to LEADER at term 1 for changeToLeader
2019-09-26 15:08:40,362 [Thread-1055] INFO  impl.FollowerState (FollowerState.java:run(106)) - 8a411a4f-0e32-4dd1-80b9-a797c2117425:group-3AAC4688A9E6 changes to CANDIDATE, lastRpcTime:5223, electionTimeout:5157ms
2019-09-26 15:08:40,362 [8a411a4f-0e32-4dd1-80b9-a797c2117425@group-ACFFAC7539DC:LeaderElection162] INFO  impl.RaftServerImpl (RaftServerImpl.java:setRole(174)) - 8a411a4f-0e32-4dd1-80b9-a797c2117425@group-ACFFAC7539DC: changes role from CANDIDATE to LEADER at term 1 for changeToLeader
2019-09-26 15:08:40,362 [8a411a4f-0e32-4dd1-80b9-a797c2117425@group-24E75438A6C2:LeaderElection160] INFO  impl.RoleInfo (RoleInfo.java:shutdownLeaderElection(134)) - 8a411a4f-0e32-4dd1-80b9-a797c2117425: shutdown LeaderElection
2019-09-26 15:08:40,366 [8a411a4f-0e32-4dd1-80b9-a797c2117425@group-ACFFAC7539DC:LeaderElection162] INFO  impl.RaftServerImpl (ServerState.java:setLeader(253)) - 8a411a4f-0e32-4dd1-80b9-a797c2117425@group-ACFFAC7539DC: change Leader from null to 8a411a4f-0e32-4dd1-80b9-a797c2117425 at term 1 for becomeLeader, leader elected after 5550ms
2019-09-26 15:08:40,366 [Thread-1055] INFO  impl.RoleInfo (RoleInfo.java:shutdownFollowerState(121)) - 8a411a4f-0e32-4dd1-80b9-a797c2117425: shutdown FollowerState
2019-09-26 15:08:40,366 [8a411a4f-0e32-4dd1-80b9-a797c2117425@group-338C79B436FD:LeaderElection168] INFO  impl.RaftServerImpl (ServerState.java:setLeader(253)) - 8a411a4f-0e32-4dd1-80b9-a797c2117425@group-338C79B436FD: change Leader from null to 8a411a4f-0e32-4dd1-80b9-a797c2117425 at term 1 for becomeLeader, leader elected after 5798ms
2019-09-26 15:08:40,366 [Thread-1052] INFO  impl.RoleInfo (RoleInfo.java:shutdownFollowerState(121)) - 8a411a4f-0e32-4dd1-80b9-a797c2117425: shutdown FollowerState
2019-09-26 15:08:40,367 [Thread-1052] INFO  impl.RaftServerImpl (RaftServerImpl.java:setRole(174)) - 8a411a4f-0e32-4dd1-80b9-a797c2117425@group-AF909D263E7A: changes role from  FOLLOWER to CANDIDATE at term 0 for changeToCandidate
2019-09-26 15:08:40,365 [Thread-1058] INFO  impl.RaftServerImpl (RaftServerImpl.java:setRole(174)) - 8a411a4f-0e32-4dd1-80b9-a797c2117425@group-6DE3712AF134: changes role from  FOLLOWER to CANDIDATE at term 0 for changeToCandidate
2019-09-26 15:08:40,365 [8a411a4f-0e32-4dd1-80b9-a797c2117425@group-3ACE71D3EB17:LeaderElection158] INFO  impl.RaftServerImpl (ServerState.java:setLeader(253)) - 8a411a4f-0e32-4dd1-80b9-a797c2117425@group-3ACE71D3EB17: change Leader from null to 8a411a4f-0e32-4dd1-80b9-a797c2117425 at term 1 for becomeLeader, leader elected after 5936ms
2019-09-26 15:08:40,365 [8a411a4f-0e32-4dd1-80b9-a797c2117425@group-FECB0F3475E8:LeaderElection152] INFO  server.RaftServerConfigKeys (ConfUtils.java:logGet(43)) - raft.server.staging.catchup.gap = 1000 (default)
2019-09-26 15:08:40,365 [8a411a4f-0e32-4dd1-80b9-a797c2117425@group-545C9FF84361:LeaderElection163] INFO  impl.RaftServerImpl (ServerState.java:setLeader(253)) - 8a411a4f-0e32-4dd1-80b9-a797c2117425@group-545C9FF84361: change Leader from null to 8a411a4f-0e32-4dd1-80b9-a797c2117425 at term 1 for becomeLeader, leader elected after 5587ms
2019-09-26 15:08:40,365 [Thread-1061] INFO  impl.RoleInfo (RoleInfo.java:shutdownFollowerState(121)) - 8a411a4f-0e32-4dd1-80b9-a797c2117425: shutdown FollowerState
2019-09-26 15:08:40,365 [8a411a4f-0e32-4dd1-80b9-a797c2117425@group-4A9996C7FAA7:LeaderElection164] INFO  impl.RaftServerImpl (ServerState.java:setLeader(253)) - 8a411a4f-0e32-4dd1-80b9-a797c2117425@group-4A9996C7FAA7: change Leader from null to 8a411a4f-0e32-4dd1-80b9-a797c2117425 at term 1 for becomeLeader, leader elected after 5684ms
2019-09-26 15:08:40,365 [Thread-1064] INFO  impl.RoleInfo (RoleInfo.java:shutdownFollowerState(121)) - 8a411a4f-0e32-4dd1-80b9-a797c2117425: shutdown FollowerState
2019-09-26 15:08:40,365 [8a411a4f-0e32-4dd1-80b9-a797c2117425@group-4150286250A6:LeaderElection156] INFO  server.RaftServerConfigKeys (ConfUtils.java:logGet(43)) - raft.server.staging.catchup.gap = 1000 (default)
2019-09-26 15:08:40,364 [8a411a4f-0e32-4dd1-80b9-a797c2117425@group-0B799EF4D341:LeaderElection153] INFO  impl.RaftServerImpl (ServerState.java:setLeader(253)) - 8a411a4f-0e32-4dd1-80b9-a797c2117425@group-0B799EF4D341: change Leader from null to 8a411a4f-0e32-4dd1-80b9-a797c2117425 at term 1 for becomeLeader, leader elected after 6195ms
2019-09-26 15:08:40,364 [8a411a4f-0e32-4dd1-80b9-a797c2117425@group-358F631A9058:LeaderElection166] INFO  impl.RaftServerImpl (ServerState.java:setLeader(253)) - 8a411a4f-0e32-4dd1-80b9-a797c2117425@group-358F631A9058: change Leader from null to 8a411a4f-0e32-4dd1-80b9-a797c2117425 at term 1 for becomeLeader, leader elected after 5840ms
2019-09-26 15:08:40,364 [8a411a4f-0e32-4dd1-80b9-a797c2117425@group-AF9A2420E8C8:LeaderElection165] INFO  impl.RaftServerImpl (ServerState.java:setLeader(253)) - 8a411a4f-0e32-4dd1-80b9-a797c2117425@group-AF9A2420E8C8: change Leader from null to 8a411a4f-0e32-4dd1-80b9-a797c2117425 at term 1 for becomeLeader, leader elected after 5703ms
2019-09-26 15:08:40,364 [8a411a4f-0e32-4dd1-80b9-a797c2117425@group-8E69DC84651B:LeaderElection155] INFO  impl.RaftServerImpl (RaftServerImpl.java:setRole(174)) - 8a411a4f-0e32-4dd1-80b9-a797c2117425@group-8E69DC84651B: changes role from CANDIDATE to LEADER at term 1 for changeToLeader
2019-09-26 15:08:40,368 [8a411a4f-0e32-4dd1-80b9-a797c2117425@group-8E69DC84651B:LeaderElection155] INFO  impl.RaftServerImpl (ServerState.java:setLeader(253)) - 8a411a4f-0e32-4dd1-80b9-a797c2117425@group-8E69DC84651B: change Leader from null to 8a411a4f-0e32-4dd1-80b9-a797c2117425 at term 1 for becomeLeader, leader elected after 6080ms
2019-09-26 15:08:40,364 [8a411a4f-0e32-4dd1-80b9-a797c2117425@group-171E6B5B65D9:LeaderElection154] INFO  impl.RaftServerImpl (ServerState.java:setLeader(253)) - 8a411a4f-0e32-4dd1-80b9-a797c2117425@group-171E6B5B65D9: change Leader from null to 8a411a4f-0e32-4dd1-80b9-a797c2117425 at term 1 for becomeLeader, leader elected after 6006ms
2019-09-26 15:08:40,364 [8a411a4f-0e32-4dd1-80b9-a797c2117425@group-D220E74A09E8:LeaderElection167] INFO  impl.RaftServerImpl (ServerState.java:setLeader(253)) - 8a411a4f-0e32-4dd1-80b9-a797c2117425@group-D220E74A09E8: change Leader from null to 8a411a4f-0e32-4dd1-80b9-a797c2117425 at term 1 for becomeLeader, leader elected after 5743ms
2019-09-26 15:08:40,364 [8a411a4f-0e32-4dd1-80b9-a797c2117425@group-83D70F78A169:LeaderElection161] INFO  impl.RoleInfo (RoleInfo.java:shutdownLeaderElection(134)) - 8a411a4f-0e32-4dd1-80b9-a797c2117425: shutdown LeaderElection
2019-09-26 15:08:40,368 [8a411a4f-0e32-4dd1-80b9-a797c2117425@group-D220E74A09E8:LeaderElection167] INFO  server.RaftServerConfigKeys (ConfUtils.java:logGet(43)) - raft.server.staging.catchup.gap = 1000 (default)
2019-09-26 15:08:40,368 [8a411a4f-0e32-4dd1-80b9-a797c2117425@group-171E6B5B65D9:LeaderElection154] INFO  server.RaftServerConfigKeys (ConfUtils.java:logGet(43)) - raft.server.staging.catchup.gap = 1000 (default)
2019-09-26 15:08:40,368 [8a411a4f-0e32-4dd1-80b9-a797c2117425@group-8E69DC84651B:LeaderElection155] INFO  server.RaftServerConfigKeys (ConfUtils.java:logGet(43)) - raft.server.staging.catchup.gap = 1000 (default)
2019-09-26 15:08:40,368 [8a411a4f-0e32-4dd1-80b9-a797c2117425@group-AF9A2420E8C8:LeaderElection165] INFO  server.RaftServerConfigKeys (ConfUtils.java:logGet(43)) - raft.server.staging.catchup.gap = 1000 (default)
2019-09-26 15:08:40,368 [8a411a4f-0e32-4dd1-80b9-a797c2117425@group-358F631A9058:LeaderElection166] INFO  server.RaftServerConfigKeys (ConfUtils.java:logGet(43)) - raft.server.staging.catchup.gap = 1000 (default)
2019-09-26 15:08:40,368 [8a411a4f-0e32-4dd1-80b9-a797c2117425@group-0B799EF4D341:LeaderElection153] INFO  server.RaftServerConfigKeys (ConfUtils.java:logGet(43)) - raft.server.staging.catchup.gap = 1000 (default)
2019-09-26 15:08:40,368 [8a411a4f-0e32-4dd1-80b9-a797c2117425@group-4150286250A6:LeaderElection156] INFO  server.RaftServerConfigKeys (ConfUtils.java:logGet(43)) - raft.server.rpc.sleep.time = 25ms (default)
2019-09-26 15:08:40,368 [Thread-1064] INFO  impl.RaftServerImpl (RaftServerImpl.java:setRole(174)) - 8a411a4f-0e32-4dd1-80b9-a797c2117425@group-884660014B94: changes role from  FOLLOWER to CANDIDATE at term 0 for changeToCandidate
2019-09-26 15:08:40,367 [8a411a4f-0e32-4dd1-80b9-a797c2117425@group-4A9996C7FAA7:LeaderElection164] INFO  server.RaftServerConfigKeys (ConfUtils.java:logGet(43)) - raft.server.staging.catchup.gap = 1000 (default)
2019-09-26 15:08:40,367 [Thread-1061] INFO  impl.RaftServerImpl (RaftServerImpl.java:setRole(174)) - 8a411a4f-0e32-4dd1-80b9-a797c2117425@group-D2E29C0D0AAA: changes role from  FOLLOWER to CANDIDATE at term 0 for changeToCandidate
2019-09-26 15:08:40,367 [8a411a4f-0e32-4dd1-80b9-a797c2117425@group-545C9FF84361:LeaderElection163] INFO  server.RaftServerConfigKeys (ConfUtils.java:logGet(43)) - raft.server.staging.catchup.gap = 1000 (default)
2019-09-26 15:08:40,367 [8a411a4f-0e32-4dd1-80b9-a797c2117425@group-FECB0F3475E8:LeaderElection152] INFO  server.RaftServerConfigKeys (ConfUtils.java:logGet(43)) - raft.server.rpc.sleep.time = 25ms (default)
2019-09-26 15:08:40,367 [8a411a4f-0e32-4dd1-80b9-a797c2117425@group-3ACE71D3EB17:LeaderElection158] INFO  server.RaftServerConfigKeys (ConfUtils.java:logGet(43)) - raft.server.staging.catchup.gap = 1000 (default)
2019-09-26 15:08:40,367 [Thread-1058] INFO  impl.RoleInfo (RoleInfo.java:updateAndGet(143)) - 8a411a4f-0e32-4dd1-80b9-a797c2117425: start LeaderElection
2019-09-26 15:08:40,367 [Thread-1052] INFO  impl.RoleInfo (RoleInfo.java:updateAndGet(143)) - 8a411a4f-0e32-4dd1-80b9-a797c2117425: start LeaderElection
2019-09-26 15:08:40,367 [8a411a4f-0e32-4dd1-80b9-a797c2117425@group-338C79B436FD:LeaderElection168] INFO  server.RaftServerConfigKeys (ConfUtils.java:logGet(43)) - raft.server.staging.catchup.gap = 1000 (default)
2019-09-26 15:08:40,366 [Thread-1055] INFO  impl.RaftServerImpl (RaftServerImpl.java:setRole(174)) - 8a411a4f-0e32-4dd1-80b9-a797c2117425@group-3AAC4688A9E6: changes role from  FOLLOWER to CANDIDATE at term 0 for changeToCandidate
2019-09-26 15:08:40,366 [8a411a4f-0e32-4dd1-80b9-a797c2117425@group-ACFFAC7539DC:LeaderElection162] INFO  server.RaftServerConfigKeys (ConfUtils.java:logGet(43)) - raft.server.staging.catchup.gap = 1000 (default)
2019-09-26 15:08:40,366 [8a411a4f-0e32-4dd1-80b9-a797c2117425@group-24E75438A6C2:LeaderElection160] INFO  impl.RaftServerImpl (RaftServerImpl.java:setRole(174)) - 8a411a4f-0e32-4dd1-80b9-a797c2117425@group-24E75438A6C2: changes role from CANDIDATE to LEADER at term 1 for changeToLeader
2019-09-26 15:08:40,371 [8a411a4f-0e32-4dd1-80b9-a797c2117425@group-ACFFAC7539DC:LeaderElection162] INFO  server.RaftServerConfigKeys (ConfUtils.java:logGet(43)) - raft.server.rpc.sleep.time = 25ms (default)
2019-09-26 15:08:40,371 [Thread-1055] INFO  impl.RoleInfo (RoleInfo.java:updateAndGet(143)) - 8a411a4f-0e32-4dd1-80b9-a797c2117425: start LeaderElection
2019-09-26 15:08:40,371 [8a411a4f-0e32-4dd1-80b9-a797c2117425@group-338C79B436FD:LeaderElection168] INFO  server.RaftServerConfigKeys (ConfUtils.java:logGet(43)) - raft.server.rpc.sleep.time = 25ms (default)
2019-09-26 15:08:40,370 [8a411a4f-0e32-4dd1-80b9-a797c2117425@group-3ACE71D3EB17:LeaderElection158] INFO  server.RaftServerConfigKeys (ConfUtils.java:logGet(43)) - raft.server.rpc.sleep.time = 25ms (default)
2019-09-26 15:08:40,370 [8a411a4f-0e32-4dd1-80b9-a797c2117425@group-FECB0F3475E8:LeaderElection152] INFO  server.RaftServerConfigKeys (ConfUtils.java:logGet(43)) - raft.server.write.element-limit = 4096 (default)
2019-09-26 15:08:40,370 [8a411a4f-0e32-4dd1-80b9-a797c2117425@group-545C9FF84361:LeaderElection163] INFO  server.RaftServerConfigKeys (ConfUtils.java:logGet(43)) - raft.server.rpc.sleep.time = 25ms (default)
2019-09-26 15:08:40,370 [Thread-1061] INFO  impl.RoleInfo (RoleInfo.java:updateAndGet(143)) - 8a411a4f-0e32-4dd1-80b9-a797c2117425: start LeaderElection
2019-09-26 15:08:40,370 [8a411a4f-0e32-4dd1-80b9-a797c2117425@group-4A9996C7FAA7:LeaderElection164] INFO  server.RaftServerConfigKeys (ConfUtils.java:logGet(43)) - raft.server.rpc.sleep.time = 25ms (default)
2019-09-26 15:08:40,370 [Thread-1064] INFO  impl.RoleInfo (RoleInfo.java:updateAndGet(143)) - 8a411a4f-0e32-4dd1-80b9-a797c2117425: start LeaderElection
2019-09-26 15:08:40,369 [8a411a4f-0e32-4dd1-80b9-a797c2117425@group-4150286250A6:LeaderElection156] INFO  server.RaftServerConfigKeys (ConfUtils.java:logGet(43)) - raft.server.write.element-limit = 4096 (default)
2019-09-26 15:08:40,369 [8a411a4f-0e32-4dd1-80b9-a797c2117425@group-0B799EF4D341:LeaderElection153] INFO  server.RaftServerConfigKeys (ConfUtils.java:logGet(43)) - raft.server.rpc.sleep.time = 25ms (default)
2019-09-26 15:08:40,369 [8a411a4f-0e32-4dd1-80b9-a797c2117425@group-358F631A9058:LeaderElection166] INFO  server.RaftServerConfigKeys (ConfUtils.java:logGet(43)) - raft.server.rpc.sleep.time = 25ms (default)
2019-09-26 15:08:40,369 [8a411a4f-0e32-4dd1-80b9-a797c2117425@group-AF9A2420E8C8:LeaderElection165] INFO  server.RaftServerConfigKeys (ConfUtils.java:logGet(43)) - raft.server.rpc.sleep.time = 25ms (default)
2019-09-26 15:08:40,369 [8a411a4f-0e32-4dd1-80b9-a797c2117425@group-8E69DC84651B:LeaderElection155] INFO  server.RaftServerConfigKeys (ConfUtils.java:logGet(43)) - raft.server.rpc.sleep.time = 25ms (default)
2019-09-26 15:08:40,369 [8a411a4f-0e32-4dd1-80b9-a797c2117425@group-171E6B5B65D9:LeaderElection154] INFO  server.RaftServerConfigKeys (ConfUtils.java:logGet(43)) - raft.server.rpc.sleep.time = 25ms (default)
2019-09-26 15:08:40,369 [8a411a4f-0e32-4dd1-80b9-a797c2117425@group-D220E74A09E8:LeaderElection167] INFO  server.RaftServerConfigKeys (ConfUtils.java:logGet(43)) - raft.server.rpc.sleep.time = 25ms (default)
2019-09-26 15:08:40,369 [8a411a4f-0e32-4dd1-80b9-a797c2117425@group-83D70F78A169:LeaderElection161] INFO  impl.RaftServerImpl (RaftServerImpl.java:setRole(174)) - 8a411a4f-0e32-4dd1-80b9-a797c2117425@group-83D70F78A169: changes role from CANDIDATE to LEADER at term 1 for changeToLeader
2019-09-26 15:08:40,373 [8a411a4f-0e32-4dd1-80b9-a797c2117425@group-D220E74A09E8:LeaderElection167] INFO  server.RaftServerConfigKeys (ConfUtils.java:logGet(43)) - raft.server.write.element-limit = 4096 (default)
2019-09-26 15:08:40,373 [8a411a4f-0e32-4dd1-80b9-a797c2117425@group-171E6B5B65D9:LeaderElection154] INFO  server.RaftServerConfigKeys (ConfUtils.java:logGet(43)) - raft.server.write.element-limit = 4096 (default)
2019-09-26 15:08:40,373 [8a411a4f-0e32-4dd1-80b9-a797c2117425@group-8E69DC84651B:LeaderElection155] INFO  server.RaftServerConfigKeys (ConfUtils.java:logGet(43)) - raft.server.write.element-limit = 4096 (default)
2019-09-26 15:08:40,373 [8a411a4f-0e32-4dd1-80b9-a797c2117425@group-AF9A2420E8C8:LeaderElection165] INFO  server.RaftServerConfigKeys (ConfUtils.java:logGet(43)) - raft.server.write.element-limit = 4096 (default)
2019-09-26 15:08:40,373 [8a411a4f-0e32-4dd1-80b9-a797c2117425@group-358F631A9058:LeaderElection166] INFO  server.RaftServerConfigKeys (ConfUtils.java:logGet(43)) - raft.server.write.element-limit = 4096 (default)
2019-09-26 15:08:40,373 [8a411a4f-0e32-4dd1-80b9-a797c2117425@group-0B799EF4D341:LeaderElection153] INFO  server.RaftServerConfigKeys (ConfUtils.java:logGet(43)) - raft.server.write.element-limit = 4096 (default)
2019-09-26 15:08:40,373 [8a411a4f-0e32-4dd1-80b9-a797c2117425@group-4150286250A6:LeaderElection156] INFO  server.RaftServerConfigKeys (ConfUtils.java:logGet(43)) - raft.server.watch.timeout = 10s (default)
2019-09-26 15:08:40,372 [8a411a4f-0e32-4dd1-80b9-a797c2117425@group-4A9996C7FAA7:LeaderElection164] INFO  server.RaftServerConfigKeys (ConfUtils.java:logGet(43)) - raft.server.write.element-limit = 4096 (default)
2019-09-26 15:08:40,372 [8a411a4f-0e32-4dd1-80b9-a797c2117425@group-545C9FF84361:LeaderElection163] INFO  server.RaftServerConfigKeys (ConfUtils.java:logGet(43)) - raft.server.write.element-limit = 4096 (default)
2019-09-26 15:08:40,372 [8a411a4f-0e32-4dd1-80b9-a797c2117425@group-FECB0F3475E8:LeaderElection152] INFO  server.RaftServerConfigKeys (ConfUtils.java:logGet(43)) - raft.server.watch.timeout = 10s (default)
2019-09-26 15:08:40,372 [8a411a4f-0e32-4dd1-80b9-a797c2117425@group-3ACE71D3EB17:LeaderElection158] INFO  server.RaftServerConfigKeys (ConfUtils.java:logGet(43)) - raft.server.write.element-limit = 4096 (default)
2019-09-26 15:08:40,372 [8a411a4f-0e32-4dd1-80b9-a797c2117425@group-338C79B436FD:LeaderElection168] INFO  server.RaftServerConfigKeys (ConfUtils.java:logGet(43)) - raft.server.write.element-limit = 4096 (default)
2019-09-26 15:08:40,371 [8a411a4f-0e32-4dd1-80b9-a797c2117425@group-ACFFAC7539DC:LeaderElection162] INFO  server.RaftServerConfigKeys (ConfUtils.java:logGet(43)) - raft.server.write.element-limit = 4096 (default)
2019-09-26 15:08:40,371 [8a411a4f-0e32-4dd1-80b9-a797c2117425@group-24E75438A6C2:LeaderElection160] INFO  impl.RaftServerImpl (ServerState.java:setLeader(253)) - 8a411a4f-0e32-4dd1-80b9-a797c2117425@group-24E75438A6C2: change Leader from null to 8a411a4f-0e32-4dd1-80b9-a797c2117425 at term 1 for becomeLeader, leader elected after 5922ms
2019-09-26 15:08:40,375 [8a411a4f-0e32-4dd1-80b9-a797c2117425@group-ACFFAC7539DC:LeaderElection162] INFO  server.RaftServerConfigKeys (ConfUtils.java:logGet(43)) - raft.server.watch.timeout = 10s (default)
2019-09-26 15:08:40,375 [8a411a4f-0e32-4dd1-80b9-a797c2117425@group-338C79B436FD:LeaderElection168] INFO  server.RaftServerConfigKeys (ConfUtils.java:logGet(43)) - raft.server.watch.timeout = 10s (default)
2019-09-26 15:08:40,375 [8a411a4f-0e32-4dd1-80b9-a797c2117425@group-3ACE71D3EB17:LeaderElection158] INFO  server.RaftServerConfigKeys (ConfUtils.java:logGet(43)) - raft.server.watch.timeout = 10s (default)
2019-09-26 15:08:40,375 [8a411a4f-0e32-4dd1-80b9-a797c2117425@group-FECB0F3475E8:LeaderElection152] INFO  server.RaftServerConfigKeys (ConfUtils.java:logGet(43)) - raft.server.watch.timeout.denomination = 1s (default)
2019-09-26 15:08:40,375 [8a411a4f-0e32-4dd1-80b9-a797c2117425@group-545C9FF84361:LeaderElection163] INFO  server.RaftServerConfigKeys (ConfUtils.java:logGet(43)) - raft.server.watch.timeout = 10s (default)
2019-09-26 15:08:40,376 [8a411a4f-0e32-4dd1-80b9-a797c2117425@group-545C9FF84361:LeaderElection163] INFO  server.RaftServerConfigKeys (ConfUtils.java:logGet(43)) - raft.server.watch.timeout.denomination = 1s (default)
2019-09-26 15:08:40,375 [8a411a4f-0e32-4dd1-80b9-a797c2117425@group-938D56FE126F:LeaderElection169] INFO  impl.LeaderElection (LeaderElection.java:askForVotes(182)) - 8a411a4f-0e32-4dd1-80b9-a797c2117425@group-938D56FE126F:LeaderElection169: begin an election at term 1 for -1: [8a411a4f-0e32-4dd1-80b9-a797c2117425:192.168.151.99:37125], old=null
2019-09-26 15:08:40,375 [8a411a4f-0e32-4dd1-80b9-a797c2117425@group-4A9996C7FAA7:LeaderElection164] INFO  server.RaftServerConfigKeys (ConfUtils.java:logGet(43)) - raft.server.watch.timeout = 10s (default)
2019-09-26 15:08:40,375 [8a411a4f-0e32-4dd1-80b9-a797c2117425@group-A06E2440B4E9:LeaderElection170] INFO  impl.LeaderElection (LeaderElection.java:askForVotes(182)) - 8a411a4f-0e32-4dd1-80b9-a797c2117425@group-A06E2440B4E9:LeaderElection170: begin an election at term 1 for -1: [8a411a4f-0e32-4dd1-80b9-a797c2117425:192.168.151.99:37125], old=null
2019-09-26 15:08:40,375 [8a411a4f-0e32-4dd1-80b9-a797c2117425@group-4150286250A6:LeaderElection156] INFO  server.RaftServerConfigKeys (ConfUtils.java:logGet(43)) - raft.server.watch.timeout.denomination = 1s (default)
2019-09-26 15:08:40,375 [pool-27-thread-1] INFO  storage.RaftStorageDirectory (RaftStorageDirectory.java:tryLock(328)) - Lock on /workdir/hadoop-ozone/integration-test/target/test-dir/MiniOzoneClusterImpl-646ad58d-3cd3-4092-ab15-506251c55e5b/datanode-0/data/ratis/196e6f8b-eeab-468f-8061-d2b1d6c9ced8/in_use.lock acquired by nodename 7157@pr-hdds-1569-g6sp5-2013761785
2019-09-26 15:08:40,374 [8a411a4f-0e32-4dd1-80b9-a797c2117425@group-0B799EF4D341:LeaderElection153] INFO  server.RaftServerConfigKeys (ConfUtils.java:logGet(43)) - raft.server.watch.timeout = 10s (default)
2019-09-26 15:08:40,374 [8a411a4f-0e32-4dd1-80b9-a797c2117425@group-358F631A9058:LeaderElection166] INFO  server.RaftServerConfigKeys (ConfUtils.java:logGet(43)) - raft.server.watch.timeout = 10s (default)
2019-09-26 15:08:40,374 [8a411a4f-0e32-4dd1-80b9-a797c2117425@group-AF9A2420E8C8:LeaderElection165] INFO  server.RaftServerConfigKeys (ConfUtils.java:logGet(43)) - raft.server.watch.timeout = 10s (default)
2019-09-26 15:08:40,374 [8a411a4f-0e32-4dd1-80b9-a797c2117425@group-8E69DC84651B:LeaderElection155] INFO  server.RaftServerConfigKeys (ConfUtils.java:logGet(43)) - raft.server.watch.timeout = 10s (default)
2019-09-26 15:08:40,374 [8a411a4f-0e32-4dd1-80b9-a797c2117425@group-171E6B5B65D9:LeaderElection154] INFO  server.RaftServerConfigKeys (ConfUtils.java:logGet(43)) - raft.server.watch.timeout = 10s (default)
2019-09-26 15:08:40,374 [8a411a4f-0e32-4dd1-80b9-a797c2117425@group-D220E74A09E8:LeaderElection167] INFO  server.RaftServerConfigKeys (ConfUtils.java:logGet(43)) - raft.server.watch.timeout = 10s (default)
2019-09-26 15:08:40,374 [8a411a4f-0e32-4dd1-80b9-a797c2117425@group-83D70F78A169:LeaderElection161] INFO  impl.RaftServerImpl (ServerState.java:setLeader(253)) - 8a411a4f-0e32-4dd1-80b9-a797c2117425@group-83D70F78A169: change Leader from null to 8a411a4f-0e32-4dd1-80b9-a797c2117425 at term 1 for becomeLeader, leader elected after 5644ms
2019-09-26 15:08:40,377 [8a411a4f-0e32-4dd1-80b9-a797c2117425@group-D220E74A09E8:LeaderElection167] INFO  server.RaftServerConfigKeys (ConfUtils.java:logGet(43)) - raft.server.watch.timeout.denomination = 1s (default)
2019-09-26 15:08:40,378 [8a411a4f-0e32-4dd1-80b9-a797c2117425@group-D220E74A09E8:LeaderElection167] INFO  server.RaftServerConfigKeys (ConfUtils.java:logGet(43)) - raft.server.watch.element-limit = 65536 (default)
2019-09-26 15:08:40,377 [8a411a4f-0e32-4dd1-80b9-a797c2117425@group-171E6B5B65D9:LeaderElection154] INFO  server.RaftServerConfigKeys (ConfUtils.java:logGet(43)) - raft.server.watch.timeout.denomination = 1s (default)
2019-09-26 15:08:40,378 [8a411a4f-0e32-4dd1-80b9-a797c2117425@group-171E6B5B65D9:LeaderElection154] INFO  server.RaftServerConfigKeys (ConfUtils.java:logGet(43)) - raft.server.watch.element-limit = 65536 (default)
2019-09-26 15:08:40,377 [8a411a4f-0e32-4dd1-80b9-a797c2117425@group-8E69DC84651B:LeaderElection155] INFO  server.RaftServerConfigKeys (ConfUtils.java:logGet(43)) - raft.server.watch.timeout.denomination = 1s (default)
2019-09-26 15:08:40,377 [8a411a4f-0e32-4dd1-80b9-a797c2117425@group-AF9A2420E8C8:LeaderElection165] INFO  server.RaftServerConfigKeys (ConfUtils.java:logGet(43)) - raft.server.watch.timeout.denomination = 1s (default)
2019-09-26 15:08:40,377 [8a411a4f-0e32-4dd1-80b9-a797c2117425@group-358F631A9058:LeaderElection166] INFO  server.RaftServerConfigKeys (ConfUtils.java:logGet(43)) - raft.server.watch.timeout.denomination = 1s (default)
2019-09-26 15:08:40,378 [8a411a4f-0e32-4dd1-80b9-a797c2117425@group-358F631A9058:LeaderElection166] INFO  server.RaftServerConfigKeys (ConfUtils.java:logGet(43)) - raft.server.watch.element-limit = 65536 (default)
2019-09-26 15:08:40,377 [8a411a4f-0e32-4dd1-80b9-a797c2117425@group-0B799EF4D341:LeaderElection153] INFO  server.RaftServerConfigKeys (ConfUtils.java:logGet(43)) - raft.server.watch.timeout.denomination = 1s (default)
2019-09-26 15:08:40,377 [8a411a4f-0e32-4dd1-80b9-a797c2117425@group-4150286250A6:LeaderElection156] INFO  server.RaftServerConfigKeys (ConfUtils.java:logGet(43)) - raft.server.watch.element-limit = 65536 (default)
2019-09-26 15:08:40,376 [8a411a4f-0e32-4dd1-80b9-a797c2117425@group-A06E2440B4E9:LeaderElection170] INFO  impl.RoleInfo (RoleInfo.java:shutdownLeaderElection(134)) - 8a411a4f-0e32-4dd1-80b9-a797c2117425: shutdown LeaderElection
2019-09-26 15:08:40,379 [8a411a4f-0e32-4dd1-80b9-a797c2117425@group-A06E2440B4E9:LeaderElection170] INFO  impl.RaftServerImpl (RaftServerImpl.java:setRole(174)) - 8a411a4f-0e32-4dd1-80b9-a797c2117425@group-A06E2440B4E9: changes role from CANDIDATE to LEADER at term 1 for changeToLeader
2019-09-26 15:08:40,376 [8a411a4f-0e32-4dd1-80b9-a797c2117425@group-4A9996C7FAA7:LeaderElection164] INFO  server.RaftServerConfigKeys (ConfUtils.java:logGet(43)) - raft.server.watch.timeout.denomination = 1s (default)
2019-09-26 15:08:40,376 [8a411a4f-0e32-4dd1-80b9-a797c2117425@group-938D56FE126F:LeaderElection169] INFO  impl.RoleInfo (RoleInfo.java:shutdownLeaderElection(134)) - 8a411a4f-0e32-4dd1-80b9-a797c2117425: shutdown LeaderElection
2019-09-26 15:08:40,379 [8a411a4f-0e32-4dd1-80b9-a797c2117425@group-938D56FE126F:LeaderElection169] INFO  impl.RaftServerImpl (RaftServerImpl.java:setRole(174)) - 8a411a4f-0e32-4dd1-80b9-a797c2117425@group-938D56FE126F: changes role from CANDIDATE to LEADER at term 1 for changeToLeader
2019-09-26 15:08:40,376 [8a411a4f-0e32-4dd1-80b9-a797c2117425@group-545C9FF84361:LeaderElection163] INFO  server.RaftServerConfigKeys (ConfUtils.java:logGet(43)) - raft.server.watch.element-limit = 65536 (default)
2019-09-26 15:08:40,376 [8a411a4f-0e32-4dd1-80b9-a797c2117425@group-FECB0F3475E8:LeaderElection152] INFO  server.RaftServerConfigKeys (ConfUtils.java:logGet(43)) - raft.server.watch.element-limit = 65536 (default)
2019-09-26 15:08:40,376 [8a411a4f-0e32-4dd1-80b9-a797c2117425@group-3ACE71D3EB17:LeaderElection158] INFO  server.RaftServerConfigKeys (ConfUtils.java:logGet(43)) - raft.server.watch.timeout.denomination = 1s (default)
2019-09-26 15:08:40,376 [8a411a4f-0e32-4dd1-80b9-a797c2117425@group-338C79B436FD:LeaderElection168] INFO  server.RaftServerConfigKeys (ConfUtils.java:logGet(43)) - raft.server.watch.timeout.denomination = 1s (default)
2019-09-26 15:08:40,376 [8a411a4f-0e32-4dd1-80b9-a797c2117425@group-ACFFAC7539DC:LeaderElection162] INFO  server.RaftServerConfigKeys (ConfUtils.java:logGet(43)) - raft.server.watch.timeout.denomination = 1s (default)
2019-09-26 15:08:40,375 [8a411a4f-0e32-4dd1-80b9-a797c2117425@group-24E75438A6C2:LeaderElection160] INFO  server.RaftServerConfigKeys (ConfUtils.java:logGet(43)) - raft.server.staging.catchup.gap = 1000 (default)
2019-09-26 15:08:40,380 [8a411a4f-0e32-4dd1-80b9-a797c2117425@group-ACFFAC7539DC:LeaderElection162] INFO  server.RaftServerConfigKeys (ConfUtils.java:logGet(43)) - raft.server.watch.element-limit = 65536 (default)
2019-09-26 15:08:40,380 [8a411a4f-0e32-4dd1-80b9-a797c2117425@group-338C79B436FD:LeaderElection168] INFO  server.RaftServerConfigKeys (ConfUtils.java:logGet(43)) - raft.server.watch.element-limit = 65536 (default)
2019-09-26 15:08:40,380 [8a411a4f-0e32-4dd1-80b9-a797c2117425@group-3ACE71D3EB17:LeaderElection158] INFO  server.RaftServerConfigKeys (ConfUtils.java:logGet(43)) - raft.server.watch.element-limit = 65536 (default)
2019-09-26 15:08:40,379 [8a411a4f-0e32-4dd1-80b9-a797c2117425@group-938D56FE126F:LeaderElection169] INFO  impl.RaftServerImpl (ServerState.java:setLeader(253)) - 8a411a4f-0e32-4dd1-80b9-a797c2117425@group-938D56FE126F: change Leader from null to 8a411a4f-0e32-4dd1-80b9-a797c2117425 at term 1 for becomeLeader, leader elected after 5328ms
2019-09-26 15:08:40,379 [8a411a4f-0e32-4dd1-80b9-a797c2117425@group-4A9996C7FAA7:LeaderElection164] INFO  server.RaftServerConfigKeys (ConfUtils.java:logGet(43)) - raft.server.watch.element-limit = 65536 (default)
2019-09-26 15:08:40,379 [8a411a4f-0e32-4dd1-80b9-a797c2117425@group-A06E2440B4E9:LeaderElection170] INFO  impl.RaftServerImpl (ServerState.java:setLeader(253)) - 8a411a4f-0e32-4dd1-80b9-a797c2117425@group-A06E2440B4E9: change Leader from null to 8a411a4f-0e32-4dd1-80b9-a797c2117425 at term 1 for becomeLeader, leader elected after 5367ms
2019-09-26 15:08:40,379 [8a411a4f-0e32-4dd1-80b9-a797c2117425@group-0B799EF4D341:LeaderElection153] INFO  server.RaftServerConfigKeys (ConfUtils.java:logGet(43)) - raft.server.watch.element-limit = 65536 (default)
2019-09-26 15:08:40,378 [8a411a4f-0e32-4dd1-80b9-a797c2117425@group-AF9A2420E8C8:LeaderElection165] INFO  server.RaftServerConfigKeys (ConfUtils.java:logGet(43)) - raft.server.watch.element-limit = 65536 (default)
2019-09-26 15:08:40,378 [8a411a4f-0e32-4dd1-80b9-a797c2117425@group-8E69DC84651B:LeaderElection155] INFO  server.RaftServerConfigKeys (ConfUtils.java:logGet(43)) - raft.server.watch.element-limit = 65536 (default)
2019-09-26 15:08:40,378 [8a411a4f-0e32-4dd1-80b9-a797c2117425@group-83D70F78A169:LeaderElection161] INFO  server.RaftServerConfigKeys (ConfUtils.java:logGet(43)) - raft.server.staging.catchup.gap = 1000 (default)
2019-09-26 15:08:40,381 [8a411a4f-0e32-4dd1-80b9-a797c2117425@group-A06E2440B4E9:LeaderElection170] INFO  server.RaftServerConfigKeys (ConfUtils.java:logGet(43)) - raft.server.staging.catchup.gap = 1000 (default)
2019-09-26 15:08:40,381 [8a411a4f-0e32-4dd1-80b9-a797c2117425@group-A06E2440B4E9:LeaderElection170] INFO  server.RaftServerConfigKeys (ConfUtils.java:logGet(43)) - raft.server.rpc.sleep.time = 25ms (default)
2019-09-26 15:08:40,381 [8a411a4f-0e32-4dd1-80b9-a797c2117425@group-938D56FE126F:LeaderElection169] INFO  server.RaftServerConfigKeys (ConfUtils.java:logGet(43)) - raft.server.staging.catchup.gap = 1000 (default)
2019-09-26 15:08:40,380 [8a411a4f-0e32-4dd1-80b9-a797c2117425@group-24E75438A6C2:LeaderElection160] INFO  server.RaftServerConfigKeys (ConfUtils.java:logGet(43)) - raft.server.rpc.sleep.time = 25ms (default)
2019-09-26 15:08:40,382 [8a411a4f-0e32-4dd1-80b9-a797c2117425@group-938D56FE126F:LeaderElection169] INFO  server.RaftServerConfigKeys (ConfUtils.java:logGet(43)) - raft.server.rpc.sleep.time = 25ms (default)
2019-09-26 15:08:40,381 [8a411a4f-0e32-4dd1-80b9-a797c2117425@group-A06E2440B4E9:LeaderElection170] INFO  server.RaftServerConfigKeys (ConfUtils.java:logGet(43)) - raft.server.write.element-limit = 4096 (default)
2019-09-26 15:08:40,381 [8a411a4f-0e32-4dd1-80b9-a797c2117425@group-83D70F78A169:LeaderElection161] INFO  server.RaftServerConfigKeys (ConfUtils.java:logGet(43)) - raft.server.rpc.sleep.time = 25ms (default)
2019-09-26 15:08:40,382 [8a411a4f-0e32-4dd1-80b9-a797c2117425@group-A06E2440B4E9:LeaderElection170] INFO  server.RaftServerConfigKeys (ConfUtils.java:logGet(43)) - raft.server.watch.timeout = 10s (default)
2019-09-26 15:08:40,382 [8a411a4f-0e32-4dd1-80b9-a797c2117425@group-938D56FE126F:LeaderElection169] INFO  server.RaftServerConfigKeys (ConfUtils.java:logGet(43)) - raft.server.write.element-limit = 4096 (default)
2019-09-26 15:08:40,382 [8a411a4f-0e32-4dd1-80b9-a797c2117425@group-24E75438A6C2:LeaderElection160] INFO  server.RaftServerConfigKeys (ConfUtils.java:logGet(43)) - raft.server.write.element-limit = 4096 (default)
2019-09-26 15:08:40,382 [8a411a4f-0e32-4dd1-80b9-a797c2117425@group-938D56FE126F:LeaderElection169] INFO  server.RaftServerConfigKeys (ConfUtils.java:logGet(43)) - raft.server.watch.timeout = 10s (default)
2019-09-26 15:08:40,382 [8a411a4f-0e32-4dd1-80b9-a797c2117425@group-A06E2440B4E9:LeaderElection170] INFO  server.RaftServerConfigKeys (ConfUtils.java:logGet(43)) - raft.server.watch.timeout.denomination = 1s (default)
2019-09-26 15:08:40,382 [8a411a4f-0e32-4dd1-80b9-a797c2117425@group-A06E2440B4E9:LeaderElection170] INFO  server.RaftServerConfigKeys (ConfUtils.java:logGet(43)) - raft.server.watch.element-limit = 65536 (default)
2019-09-26 15:08:40,382 [8a411a4f-0e32-4dd1-80b9-a797c2117425@group-83D70F78A169:LeaderElection161] INFO  server.RaftServerConfigKeys (ConfUtils.java:logGet(43)) - raft.server.write.element-limit = 4096 (default)
2019-09-26 15:08:40,382 [8a411a4f-0e32-4dd1-80b9-a797c2117425@group-938D56FE126F:LeaderElection169] INFO  server.RaftServerConfigKeys (ConfUtils.java:logGet(43)) - raft.server.watch.timeout.denomination = 1s (default)
2019-09-26 15:08:40,383 [8a411a4f-0e32-4dd1-80b9-a797c2117425@group-938D56FE126F:LeaderElection169] INFO  server.RaftServerConfigKeys (ConfUtils.java:logGet(43)) - raft.server.watch.element-limit = 65536 (default)
2019-09-26 15:08:40,382 [8a411a4f-0e32-4dd1-80b9-a797c2117425@group-24E75438A6C2:LeaderElection160] INFO  server.RaftServerConfigKeys (ConfUtils.java:logGet(43)) - raft.server.watch.timeout = 10s (default)
2019-09-26 15:08:40,383 [8a411a4f-0e32-4dd1-80b9-a797c2117425@group-83D70F78A169:LeaderElection161] INFO  server.RaftServerConfigKeys (ConfUtils.java:logGet(43)) - raft.server.watch.timeout = 10s (default)
2019-09-26 15:08:40,383 [8a411a4f-0e32-4dd1-80b9-a797c2117425@group-24E75438A6C2:LeaderElection160] INFO  server.RaftServerConfigKeys (ConfUtils.java:logGet(43)) - raft.server.watch.timeout.denomination = 1s (default)
2019-09-26 15:08:40,383 [8a411a4f-0e32-4dd1-80b9-a797c2117425@group-83D70F78A169:LeaderElection161] INFO  server.RaftServerConfigKeys (ConfUtils.java:logGet(43)) - raft.server.watch.timeout.denomination = 1s (default)
2019-09-26 15:08:40,383 [8a411a4f-0e32-4dd1-80b9-a797c2117425@group-24E75438A6C2:LeaderElection160] INFO  server.RaftServerConfigKeys (ConfUtils.java:logGet(43)) - raft.server.watch.element-limit = 65536 (default)
2019-09-26 15:08:40,384 [8a411a4f-0e32-4dd1-80b9-a797c2117425@group-83D70F78A169:LeaderElection161] INFO  server.RaftServerConfigKeys (ConfUtils.java:logGet(43)) - raft.server.watch.element-limit = 65536 (default)
2019-09-26 15:08:40,389 [8a411a4f-0e32-4dd1-80b9-a797c2117425@group-6DE3712AF134:LeaderElection172] INFO  impl.LeaderElection (LeaderElection.java:askForVotes(182)) - 8a411a4f-0e32-4dd1-80b9-a797c2117425@group-6DE3712AF134:LeaderElection172: begin an election at term 1 for -1: [8a411a4f-0e32-4dd1-80b9-a797c2117425:192.168.151.99:37125], old=null
2019-09-26 15:08:40,389 [8a411a4f-0e32-4dd1-80b9-a797c2117425@group-D2E29C0D0AAA:LeaderElection174] INFO  impl.LeaderElection (LeaderElection.java:askForVotes(182)) - 8a411a4f-0e32-4dd1-80b9-a797c2117425@group-D2E29C0D0AAA:LeaderElection174: begin an election at term 1 for -1: [8a411a4f-0e32-4dd1-80b9-a797c2117425:192.168.151.99:37125], old=null
2019-09-26 15:08:40,389 [8a411a4f-0e32-4dd1-80b9-a797c2117425@group-6DE3712AF134:LeaderElection172] INFO  impl.RoleInfo (RoleInfo.java:shutdownLeaderElection(134)) - 8a411a4f-0e32-4dd1-80b9-a797c2117425: shutdown LeaderElection
2019-09-26 15:08:40,389 [8a411a4f-0e32-4dd1-80b9-a797c2117425@group-3AAC4688A9E6:LeaderElection175] INFO  impl.LeaderElection (LeaderElection.java:askForVotes(182)) - 8a411a4f-0e32-4dd1-80b9-a797c2117425@group-3AAC4688A9E6:LeaderElection175: begin an election at term 1 for -1: [8a411a4f-0e32-4dd1-80b9-a797c2117425:192.168.151.99:37125], old=null
2019-09-26 15:08:40,389 [8a411a4f-0e32-4dd1-80b9-a797c2117425@group-6DE3712AF134:LeaderElection172] INFO  impl.RaftServerImpl (RaftServerImpl.java:setRole(174)) - 8a411a4f-0e32-4dd1-80b9-a797c2117425@group-6DE3712AF134: changes role from CANDIDATE to LEADER at term 1 for changeToLeader
2019-09-26 15:08:40,389 [8a411a4f-0e32-4dd1-80b9-a797c2117425@group-D2E29C0D0AAA:LeaderElection174] INFO  impl.RoleInfo (RoleInfo.java:shutdownLeaderElection(134)) - 8a411a4f-0e32-4dd1-80b9-a797c2117425: shutdown LeaderElection
2019-09-26 15:08:40,390 [8a411a4f-0e32-4dd1-80b9-a797c2117425@group-D220E74A09E8:LeaderElection167] INFO  impl.RoleInfo (RoleInfo.java:updateAndGet(143)) - 8a411a4f-0e32-4dd1-80b9-a797c2117425: start LeaderState
2019-09-26 15:08:40,389 [8a411a4f-0e32-4dd1-80b9-a797c2117425@group-6DE3712AF134:LeaderElection172] INFO  impl.RaftServerImpl (ServerState.java:setLeader(253)) - 8a411a4f-0e32-4dd1-80b9-a797c2117425@group-6DE3712AF134: change Leader from null to 8a411a4f-0e32-4dd1-80b9-a797c2117425 at term 1 for becomeLeader, leader elected after 5214ms
2019-09-26 15:08:40,389 [8a411a4f-0e32-4dd1-80b9-a797c2117425@group-3AAC4688A9E6:LeaderElection175] INFO  impl.RoleInfo (RoleInfo.java:shutdownLeaderElection(134)) - 8a411a4f-0e32-4dd1-80b9-a797c2117425: shutdown LeaderElection
2019-09-26 15:08:40,390 [8a411a4f-0e32-4dd1-80b9-a797c2117425@group-D220E74A09E8:LeaderElection167] INFO  segmented.SegmentedRaftLogWorker (SegmentedRaftLogWorker.java:startLogSegment(380)) - 8a411a4f-0e32-4dd1-80b9-a797c2117425@group-D220E74A09E8-SegmentedRaftLogWorker: Starting segment from index:0
2019-09-26 15:08:40,390 [8a411a4f-0e32-4dd1-80b9-a797c2117425@group-6DE3712AF134:LeaderElection172] INFO  server.RaftServerConfigKeys (ConfUtils.java:logGet(43)) - raft.server.staging.catchup.gap = 1000 (default)
2019-09-26 15:08:40,390 [8a411a4f-0e32-4dd1-80b9-a797c2117425@group-D2E29C0D0AAA:LeaderElection174] INFO  impl.RaftServerImpl (RaftServerImpl.java:setRole(174)) - 8a411a4f-0e32-4dd1-80b9-a797c2117425@group-D2E29C0D0AAA: changes role from CANDIDATE to LEADER at term 1 for changeToLeader
2019-09-26 15:08:40,390 [8a411a4f-0e32-4dd1-80b9-a797c2117425@group-6DE3712AF134:LeaderElection172] INFO  server.RaftServerConfigKeys (ConfUtils.java:logGet(43)) - raft.server.rpc.sleep.time = 25ms (default)
2019-09-26 15:08:40,390 [8a411a4f-0e32-4dd1-80b9-a797c2117425@group-3AAC4688A9E6:LeaderElection175] INFO  impl.RaftServerImpl (RaftServerImpl.java:setRole(174)) - 8a411a4f-0e32-4dd1-80b9-a797c2117425@group-3AAC4688A9E6: changes role from CANDIDATE to LEADER at term 1 for changeToLeader
2019-09-26 15:08:40,390 [8a411a4f-0e32-4dd1-80b9-a797c2117425@group-6DE3712AF134:LeaderElection172] INFO  server.RaftServerConfigKeys (ConfUtils.java:logGet(43)) - raft.server.write.element-limit = 4096 (default)
2019-09-26 15:08:40,390 [8a411a4f-0e32-4dd1-80b9-a797c2117425@group-D2E29C0D0AAA:LeaderElection174] INFO  impl.RaftServerImpl (ServerState.java:setLeader(253)) - 8a411a4f-0e32-4dd1-80b9-a797c2117425@group-D2E29C0D0AAA: change Leader from null to 8a411a4f-0e32-4dd1-80b9-a797c2117425 at term 1 for becomeLeader, leader elected after 5192ms
2019-09-26 15:08:40,673 [8a411a4f-0e32-4dd1-80b9-a797c2117425@group-6DE3712AF134:LeaderElection172] INFO  server.RaftServerConfigKeys (ConfUtils.java:logGet(43)) - raft.server.watch.timeout = 10s (default)
2019-09-26 15:08:40,672 [8a411a4f-0e32-4dd1-80b9-a797c2117425@group-AF909D263E7A:LeaderElection171] INFO  impl.LeaderElection (LeaderElection.java:askForVotes(182)) - 8a411a4f-0e32-4dd1-80b9-a797c2117425@group-AF909D263E7A:LeaderElection171: begin an election at term 1 for -1: [8a411a4f-0e32-4dd1-80b9-a797c2117425:192.168.151.99:37125], old=null
2019-09-26 15:08:40,390 [8a411a4f-0e32-4dd1-80b9-a797c2117425@group-D220E74A09E8:LeaderElection167] INFO  impl.RaftServerImpl (ServerState.java:setRaftConf(354)) - 8a411a4f-0e32-4dd1-80b9-a797c2117425@group-D220E74A09E8: set configuration 0: [8a411a4f-0e32-4dd1-80b9-a797c2117425:192.168.151.99:37125], old=null at 0
2019-09-26 15:08:40,672 [8a411a4f-0e32-4dd1-80b9-a797c2117425@group-884660014B94:LeaderElection173] INFO  impl.LeaderElection (LeaderElection.java:askForVotes(182)) - 8a411a4f-0e32-4dd1-80b9-a797c2117425@group-884660014B94:LeaderElection173: begin an election at term 1 for -1: [8a411a4f-0e32-4dd1-80b9-a797c2117425:192.168.151.99:37125], old=null
2019-09-26 15:08:40,672 [pool-27-thread-1] INFO  storage.RaftStorage (RaftStorage.java:format(72)) - Storage directory /workdir/hadoop-ozone/integration-test/target/test-dir/MiniOzoneClusterImpl-646ad58d-3cd3-4092-ab15-506251c55e5b/datanode-0/data/ratis/196e6f8b-eeab-468f-8061-d2b1d6c9ced8 has been successfully formatted.
2019-09-26 15:08:40,672 [Thread-1073] INFO  impl.FollowerState (FollowerState.java:run(106)) - 8a411a4f-0e32-4dd1-80b9-a797c2117425:group-34FCBFD36539 changes to CANDIDATE, lastRpcTime:5326, electionTimeout:5057ms
2019-09-26 15:08:40,672 [Thread-1070] INFO  impl.FollowerState (FollowerState.java:run(106)) - 8a411a4f-0e32-4dd1-80b9-a797c2117425:group-E916E844E274 changes to CANDIDATE, lastRpcTime:5364, electionTimeout:5097ms
2019-09-26 15:08:40,671 [Thread-1067] INFO  impl.FollowerState (FollowerState.java:run(106)) - 8a411a4f-0e32-4dd1-80b9-a797c2117425:group-13FFAC1DF739 changes to CANDIDATE, lastRpcTime:5412, electionTimeout:5176ms
2019-09-26 15:08:40,671 [Thread-1076] INFO  impl.FollowerState (FollowerState.java:run(106)) - 8a411a4f-0e32-4dd1-80b9-a797c2117425:group-7C9D8199E53A changes to CANDIDATE, lastRpcTime:5284, electionTimeout:5048ms
2019-09-26 15:08:40,670 [Thread-1079] INFO  impl.FollowerState (FollowerState.java:run(106)) - 8a411a4f-0e32-4dd1-80b9-a797c2117425:group-F0ABC0A80C00 changes to CANDIDATE, lastRpcTime:5243, electionTimeout:5060ms
2019-09-26 15:08:40,667 [Thread-1085] INFO  impl.FollowerState (FollowerState.java:run(106)) - 8a411a4f-0e32-4dd1-80b9-a797c2117425:group-5C09A8D6B935 changes to CANDIDATE, lastRpcTime:5141, electionTimeout:5110ms
2019-09-26 15:08:40,667 [Thread-1082] INFO  impl.FollowerState (FollowerState.java:run(106)) - 8a411a4f-0e32-4dd1-80b9-a797c2117425:group-AE79292C071A changes to CANDIDATE, lastRpcTime:5199, electionTimeout:5187ms
2019-09-26 15:08:40,667 [Thread-1088] INFO  impl.FollowerState (FollowerState.java:run(106)) - 8a411a4f-0e32-4dd1-80b9-a797c2117425:group-24DB933FF523 changes to CANDIDATE, lastRpcTime:5070, electionTimeout:5059ms
2019-09-26 15:08:40,675 [Thread-1076] INFO  impl.RoleInfo (RoleInfo.java:shutdownFollowerState(121)) - 8a411a4f-0e32-4dd1-80b9-a797c2117425: shutdown FollowerState
2019-09-26 15:08:40,390 [8a411a4f-0e32-4dd1-80b9-a797c2117425@group-3AAC4688A9E6:LeaderElection175] INFO  impl.RaftServerImpl (ServerState.java:setLeader(253)) - 8a411a4f-0e32-4dd1-80b9-a797c2117425@group-3AAC4688A9E6: change Leader from null to 8a411a4f-0e32-4dd1-80b9-a797c2117425 at term 1 for becomeLeader, leader elected after 5256ms
2019-09-26 15:08:40,675 [Thread-1076] INFO  impl.RaftServerImpl (RaftServerImpl.java:setRole(174)) - 8a411a4f-0e32-4dd1-80b9-a797c2117425@group-7C9D8199E53A: changes role from  FOLLOWER to CANDIDATE at term 0 for changeToCandidate
2019-09-26 15:08:40,674 [Thread-1067] INFO  impl.RoleInfo (RoleInfo.java:shutdownFollowerState(121)) - 8a411a4f-0e32-4dd1-80b9-a797c2117425: shutdown FollowerState
2019-09-26 15:08:40,674 [Thread-1070] INFO  impl.RoleInfo (RoleInfo.java:shutdownFollowerState(121)) - 8a411a4f-0e32-4dd1-80b9-a797c2117425: shutdown FollowerState
2019-09-26 15:08:40,674 [Thread-1073] INFO  impl.RoleInfo (RoleInfo.java:shutdownFollowerState(121)) - 8a411a4f-0e32-4dd1-80b9-a797c2117425: shutdown FollowerState
2019-09-26 15:08:40,674 [pool-27-thread-1] INFO  ratis.ContainerStateMachine (ContainerStateMachine.java:loadSnapshot(230)) - group-D2B1D6C9CED8: The snapshot info is null. Setting the last applied indexto:(t:0, i:~)
2019-09-26 15:08:40,673 [8a411a4f-0e32-4dd1-80b9-a797c2117425@group-884660014B94:LeaderElection173] INFO  impl.RoleInfo (RoleInfo.java:shutdownLeaderElection(134)) - 8a411a4f-0e32-4dd1-80b9-a797c2117425: shutdown LeaderElection
2019-09-26 15:08:40,673 [8a411a4f-0e32-4dd1-80b9-a797c2117425@group-AF909D263E7A:LeaderElection171] INFO  impl.RoleInfo (RoleInfo.java:shutdownLeaderElection(134)) - 8a411a4f-0e32-4dd1-80b9-a797c2117425: shutdown LeaderElection
2019-09-26 15:08:40,673 [8a411a4f-0e32-4dd1-80b9-a797c2117425@group-6DE3712AF134:LeaderElection172] INFO  server.RaftServerConfigKeys (ConfUtils.java:logGet(43)) - raft.server.watch.timeout.denomination = 1s (default)
2019-09-26 15:08:40,673 [8a411a4f-0e32-4dd1-80b9-a797c2117425@group-D2E29C0D0AAA:LeaderElection174] INFO  server.RaftServerConfigKeys (ConfUtils.java:logGet(43)) - raft.server.staging.catchup.gap = 1000 (default)
2019-09-26 15:08:40,676 [8a411a4f-0e32-4dd1-80b9-a797c2117425@group-6DE3712AF134:LeaderElection172] INFO  server.RaftServerConfigKeys (ConfUtils.java:logGet(43)) - raft.server.watch.element-limit = 65536 (default)
2019-09-26 15:08:40,676 [8a411a4f-0e32-4dd1-80b9-a797c2117425@group-AF909D263E7A:LeaderElection171] INFO  impl.RaftServerImpl (RaftServerImpl.java:setRole(174)) - 8a411a4f-0e32-4dd1-80b9-a797c2117425@group-AF909D263E7A: changes role from CANDIDATE to LEADER at term 1 for changeToLeader
2019-09-26 15:08:40,675 [8a411a4f-0e32-4dd1-80b9-a797c2117425@group-884660014B94:LeaderElection173] INFO  impl.RaftServerImpl (RaftServerImpl.java:setRole(174)) - 8a411a4f-0e32-4dd1-80b9-a797c2117425@group-884660014B94: changes role from CANDIDATE to LEADER at term 1 for changeToLeader
2019-09-26 15:08:40,675 [pool-27-thread-1] INFO  server.RaftServerConfigKeys (ConfUtils.java:logGet(43)) - raft.server.notification.no-leader.timeout = 120s (custom)
2019-09-26 15:08:40,675 [8a411a4f-0e32-4dd1-80b9-a797c2117425@group-171E6B5B65D9:LeaderElection154] INFO  impl.RoleInfo (RoleInfo.java:updateAndGet(143)) - 8a411a4f-0e32-4dd1-80b9-a797c2117425: start LeaderState
2019-09-26 15:08:40,675 [Thread-1073] INFO  impl.RaftServerImpl (RaftServerImpl.java:setRole(174)) - 8a411a4f-0e32-4dd1-80b9-a797c2117425@group-34FCBFD36539: changes role from  FOLLOWER to CANDIDATE at term 0 for changeToCandidate
2019-09-26 15:08:40,675 [Thread-1088] INFO  impl.RoleInfo (RoleInfo.java:shutdownFollowerState(121)) - 8a411a4f-0e32-4dd1-80b9-a797c2117425: shutdown FollowerState
2019-09-26 15:08:40,675 [Thread-1070] INFO  impl.RaftServerImpl (RaftServerImpl.java:setRole(174)) - 8a411a4f-0e32-4dd1-80b9-a797c2117425@group-E916E844E274: changes role from  FOLLOWER to CANDIDATE at term 0 for changeToCandidate
2019-09-26 15:08:40,675 [Thread-1067] INFO  impl.RaftServerImpl (RaftServerImpl.java:setRole(174)) - 8a411a4f-0e32-4dd1-80b9-a797c2117425@group-13FFAC1DF739: changes role from  FOLLOWER to CANDIDATE at term 0 for changeToCandidate
2019-09-26 15:08:40,675 [Thread-1082] INFO  impl.RoleInfo (RoleInfo.java:shutdownFollowerState(121)) - 8a411a4f-0e32-4dd1-80b9-a797c2117425: shutdown FollowerState
2019-09-26 15:08:40,675 [Thread-1076] INFO  impl.RoleInfo (RoleInfo.java:updateAndGet(143)) - 8a411a4f-0e32-4dd1-80b9-a797c2117425: start LeaderElection
2019-09-26 15:08:40,675 [8a411a4f-0e32-4dd1-80b9-a797c2117425@group-3AAC4688A9E6:LeaderElection175] INFO  server.RaftServerConfigKeys (ConfUtils.java:logGet(43)) - raft.server.staging.catchup.gap = 1000 (default)
2019-09-26 15:08:40,677 [8a411a4f-0e32-4dd1-80b9-a797c2117425@group-3AAC4688A9E6:LeaderElection175] INFO  server.RaftServerConfigKeys (ConfUtils.java:logGet(43)) - raft.server.rpc.sleep.time = 25ms (default)
2019-09-26 15:08:40,675 [Thread-1085] INFO  impl.RoleInfo (RoleInfo.java:shutdownFollowerState(121)) - 8a411a4f-0e32-4dd1-80b9-a797c2117425: shutdown FollowerState
2019-09-26 15:08:40,675 [Thread-1079] INFO  impl.RoleInfo (RoleInfo.java:shutdownFollowerState(121)) - 8a411a4f-0e32-4dd1-80b9-a797c2117425: shutdown FollowerState
2019-09-26 15:08:40,677 [Thread-1085] INFO  impl.RaftServerImpl (RaftServerImpl.java:setRole(174)) - 8a411a4f-0e32-4dd1-80b9-a797c2117425@group-5C09A8D6B935: changes role from  FOLLOWER to CANDIDATE at term 0 for changeToCandidate
2019-09-26 15:08:40,677 [8a411a4f-0e32-4dd1-80b9-a797c2117425@group-3AAC4688A9E6:LeaderElection175] INFO  server.RaftServerConfigKeys (ConfUtils.java:logGet(43)) - raft.server.write.element-limit = 4096 (default)
2019-09-26 15:08:40,677 [Thread-1082] INFO  impl.RaftServerImpl (RaftServerImpl.java:setRole(174)) - 8a411a4f-0e32-4dd1-80b9-a797c2117425@group-AE79292C071A: changes role from  FOLLOWER to CANDIDATE at term 0 for changeToCandidate
2019-09-26 15:08:40,677 [Thread-1067] INFO  impl.RoleInfo (RoleInfo.java:updateAndGet(143)) - 8a411a4f-0e32-4dd1-80b9-a797c2117425: start LeaderElection
2019-09-26 15:08:40,677 [Thread-1070] INFO  impl.RoleInfo (RoleInfo.java:updateAndGet(143)) - 8a411a4f-0e32-4dd1-80b9-a797c2117425: start LeaderElection
2019-09-26 15:08:40,677 [Thread-1088] INFO  impl.RaftServerImpl (RaftServerImpl.java:setRole(174)) - 8a411a4f-0e32-4dd1-80b9-a797c2117425@group-24DB933FF523: changes role from  FOLLOWER to CANDIDATE at term 0 for changeToCandidate
2019-09-26 15:08:40,677 [Thread-1073] INFO  impl.RoleInfo (RoleInfo.java:updateAndGet(143)) - 8a411a4f-0e32-4dd1-80b9-a797c2117425: start LeaderElection
2019-09-26 15:08:40,677 [8a411a4f-0e32-4dd1-80b9-a797c2117425@group-171E6B5B65D9:LeaderElection154] INFO  segmented.SegmentedRaftLogWorker (SegmentedRaftLogWorker.java:startLogSegment(380)) - 8a411a4f-0e32-4dd1-80b9-a797c2117425@group-171E6B5B65D9-SegmentedRaftLogWorker: Starting segment from index:0
2019-09-26 15:08:40,676 [pool-27-thread-1] INFO  server.RaftServerConfigKeys (ConfUtils.java:logGet(43)) - raft.server.log.use.memory = false (default)
2019-09-26 15:08:40,676 [8a411a4f-0e32-4dd1-80b9-a797c2117425@group-884660014B94:LeaderElection173] INFO  impl.RaftServerImpl (ServerState.java:setLeader(253)) - 8a411a4f-0e32-4dd1-80b9-a797c2117425@group-884660014B94: change Leader from null to 8a411a4f-0e32-4dd1-80b9-a797c2117425 at term 1 for becomeLeader, leader elected after 5458ms
2019-09-26 15:08:40,676 [8a411a4f-0e32-4dd1-80b9-a797c2117425@group-AF909D263E7A:LeaderElection171] INFO  impl.RaftServerImpl (ServerState.java:setLeader(253)) - 8a411a4f-0e32-4dd1-80b9-a797c2117425@group-AF909D263E7A: change Leader from null to 8a411a4f-0e32-4dd1-80b9-a797c2117425 at term 1 for becomeLeader, leader elected after 5583ms
2019-09-26 15:08:40,676 [8a411a4f-0e32-4dd1-80b9-a797c2117425@group-D2E29C0D0AAA:LeaderElection174] INFO  server.RaftServerConfigKeys (ConfUtils.java:logGet(43)) - raft.server.rpc.sleep.time = 25ms (default)
2019-09-26 15:08:40,912 [8a411a4f-0e32-4dd1-80b9-a797c2117425@group-AF909D263E7A:LeaderElection171] INFO  server.RaftServerConfigKeys (ConfUtils.java:logGet(43)) - raft.server.staging.catchup.gap = 1000 (default)
2019-09-26 15:08:40,913 [8a411a4f-0e32-4dd1-80b9-a797c2117425@group-D2E29C0D0AAA:LeaderElection174] INFO  server.RaftServerConfigKeys (ConfUtils.java:logGet(43)) - raft.server.write.element-limit = 4096 (default)
2019-09-26 15:08:40,912 [8a411a4f-0e32-4dd1-80b9-a797c2117425@group-7C9D8199E53A:LeaderElection176] INFO  impl.LeaderElection (LeaderElection.java:askForVotes(182)) - 8a411a4f-0e32-4dd1-80b9-a797c2117425@group-7C9D8199E53A:LeaderElection176: begin an election at term 1 for -1: [8a411a4f-0e32-4dd1-80b9-a797c2117425:192.168.151.99:37125], old=null
2019-09-26 15:08:40,909 [Thread-1094] INFO  impl.FollowerState (FollowerState.java:run(106)) - 8a411a4f-0e32-4dd1-80b9-a797c2117425:group-38020CCA7F83 changes to CANDIDATE, lastRpcTime:5215, electionTimeout:5047ms
2019-09-26 15:08:40,908 [Thread-1106] INFO  impl.FollowerState (FollowerState.java:run(106)) - 8a411a4f-0e32-4dd1-80b9-a797c2117425:group-B3C8B28B000E changes to CANDIDATE, lastRpcTime:5030, electionTimeout:5030ms
2019-09-26 15:08:40,905 [Thread-1091] INFO  impl.FollowerState (FollowerState.java:run(106)) - 8a411a4f-0e32-4dd1-80b9-a797c2117425:group-4D95ED7A34E1 changes to CANDIDATE, lastRpcTime:5254, electionTimeout:5112ms
2019-09-26 15:08:40,905 [Thread-1097] INFO  impl.FollowerState (FollowerState.java:run(106)) - 8a411a4f-0e32-4dd1-80b9-a797c2117425:group-06EC7D0DF22B changes to CANDIDATE, lastRpcTime:5158, electionTimeout:5060ms
2019-09-26 15:08:40,903 [Thread-1103] INFO  impl.FollowerState (FollowerState.java:run(106)) - 8a411a4f-0e32-4dd1-80b9-a797c2117425:group-F71E95AE8AB3 changes to CANDIDATE, lastRpcTime:5070, electionTimeout:5064ms
2019-09-26 15:08:40,679 [8a411a4f-0e32-4dd1-80b9-a797c2117425@group-884660014B94:LeaderElection173] INFO  server.RaftServerConfigKeys (ConfUtils.java:logGet(43)) - raft.server.staging.catchup.gap = 1000 (default)
2019-09-26 15:08:40,679 [8a411a4f-0e32-4dd1-80b9-a797c2117425@group-171E6B5B65D9:LeaderElection154] INFO  impl.RaftServerImpl (ServerState.java:setRaftConf(354)) - 8a411a4f-0e32-4dd1-80b9-a797c2117425@group-171E6B5B65D9: set configuration 0: [8a411a4f-0e32-4dd1-80b9-a797c2117425:192.168.151.99:37125], old=null at 0
2019-09-26 15:08:40,679 [pool-27-thread-1] INFO  server.RaftServerConfigKeys (ConfUtils.java:logGet(43)) - raft.server.log.purge.gap = 1000000 (custom)
2019-09-26 15:08:40,678 [Thread-1088] INFO  impl.RoleInfo (RoleInfo.java:updateAndGet(143)) - 8a411a4f-0e32-4dd1-80b9-a797c2117425: start LeaderElection
2019-09-26 15:08:40,678 [8a411a4f-0e32-4dd1-80b9-a797c2117425@group-358F631A9058:LeaderElection166] INFO  impl.RoleInfo (RoleInfo.java:updateAndGet(143)) - 8a411a4f-0e32-4dd1-80b9-a797c2117425: start LeaderState
2019-09-26 15:08:40,678 [Thread-1082] INFO  impl.RoleInfo (RoleInfo.java:updateAndGet(143)) - 8a411a4f-0e32-4dd1-80b9-a797c2117425: start LeaderElection
2019-09-26 15:08:40,678 [8a411a4f-0e32-4dd1-80b9-a797c2117425@group-3AAC4688A9E6:LeaderElection175] INFO  server.RaftServerConfigKeys (ConfUtils.java:logGet(43)) - raft.server.watch.timeout = 10s (default)
2019-09-26 15:08:40,914 [8a411a4f-0e32-4dd1-80b9-a797c2117425@group-3AAC4688A9E6:LeaderElection175] INFO  server.RaftServerConfigKeys (ConfUtils.java:logGet(43)) - raft.server.watch.timeout.denomination = 1s (default)
2019-09-26 15:08:40,915 [8a411a4f-0e32-4dd1-80b9-a797c2117425@group-3AAC4688A9E6:LeaderElection175] INFO  server.RaftServerConfigKeys (ConfUtils.java:logGet(43)) - raft.server.watch.element-limit = 65536 (default)
2019-09-26 15:08:40,678 [Thread-1085] INFO  impl.RoleInfo (RoleInfo.java:updateAndGet(143)) - 8a411a4f-0e32-4dd1-80b9-a797c2117425: start LeaderElection
2019-09-26 15:08:40,678 [Thread-1079] INFO  impl.RaftServerImpl (RaftServerImpl.java:setRole(174)) - 8a411a4f-0e32-4dd1-80b9-a797c2117425@group-F0ABC0A80C00: changes role from  FOLLOWER to CANDIDATE at term 0 for changeToCandidate
2019-09-26 15:08:40,914 [8a411a4f-0e32-4dd1-80b9-a797c2117425@group-358F631A9058:LeaderElection166] INFO  segmented.SegmentedRaftLogWorker (SegmentedRaftLogWorker.java:startLogSegment(380)) - 8a411a4f-0e32-4dd1-80b9-a797c2117425@group-358F631A9058-SegmentedRaftLogWorker: Starting segment from index:0
2019-09-26 15:08:40,914 [Thread-1103] INFO  impl.RoleInfo (RoleInfo.java:shutdownFollowerState(121)) - 8a411a4f-0e32-4dd1-80b9-a797c2117425: shutdown FollowerState
2019-09-26 15:08:40,914 [Thread-1097] INFO  impl.RoleInfo (RoleInfo.java:shutdownFollowerState(121)) - 8a411a4f-0e32-4dd1-80b9-a797c2117425: shutdown FollowerState
2019-09-26 15:08:40,914 [pool-27-thread-1] INFO  server.RaftServerConfigKeys (ConfUtils.java:logGet(43)) - raft.server.log.appender.buffer.byte-limit = 33554432 (custom)
2019-09-26 15:08:40,914 [Thread-1091] INFO  impl.RoleInfo (RoleInfo.java:shutdownFollowerState(121)) - 8a411a4f-0e32-4dd1-80b9-a797c2117425: shutdown FollowerState
2019-09-26 15:08:40,914 [8a411a4f-0e32-4dd1-80b9-a797c2117425@group-884660014B94:LeaderElection173] INFO  server.RaftServerConfigKeys (ConfUtils.java:logGet(43)) - raft.server.rpc.sleep.time = 25ms (default)
2019-09-26 15:08:40,914 [Thread-1106] INFO  impl.RoleInfo (RoleInfo.java:shutdownFollowerState(121)) - 8a411a4f-0e32-4dd1-80b9-a797c2117425: shutdown FollowerState
2019-09-26 15:08:40,914 [Thread-1094] INFO  impl.RoleInfo (RoleInfo.java:shutdownFollowerState(121)) - 8a411a4f-0e32-4dd1-80b9-a797c2117425: shutdown FollowerState
2019-09-26 15:08:40,913 [8a411a4f-0e32-4dd1-80b9-a797c2117425@group-7C9D8199E53A:LeaderElection176] INFO  impl.RoleInfo (RoleInfo.java:shutdownLeaderElection(134)) - 8a411a4f-0e32-4dd1-80b9-a797c2117425: shutdown LeaderElection
2019-09-26 15:08:40,913 [8a411a4f-0e32-4dd1-80b9-a797c2117425@group-D2E29C0D0AAA:LeaderElection174] INFO  server.RaftServerConfigKeys (ConfUtils.java:logGet(43)) - raft.server.watch.timeout = 10s (default)
2019-09-26 15:08:40,913 [8a411a4f-0e32-4dd1-80b9-a797c2117425@group-AF909D263E7A:LeaderElection171] INFO  server.RaftServerConfigKeys (ConfUtils.java:logGet(43)) - raft.server.rpc.sleep.time = 25ms (default)
2019-09-26 15:08:41,211 [8a411a4f-0e32-4dd1-80b9-a797c2117425@group-D2E29C0D0AAA:LeaderElection174] INFO  server.RaftServerConfigKeys (ConfUtils.java:logGet(43)) - raft.server.watch.timeout.denomination = 1s (default)
2019-09-26 15:08:41,211 [8a411a4f-0e32-4dd1-80b9-a797c2117425@group-7C9D8199E53A:LeaderElection176] INFO  impl.RaftServerImpl (RaftServerImpl.java:setRole(174)) - 8a411a4f-0e32-4dd1-80b9-a797c2117425@group-7C9D8199E53A: changes role from CANDIDATE to LEADER at term 1 for changeToLeader
2019-09-26 15:08:41,212 [8a411a4f-0e32-4dd1-80b9-a797c2117425@group-7C9D8199E53A:LeaderElection176] INFO  impl.RaftServerImpl (ServerState.java:setLeader(253)) - 8a411a4f-0e32-4dd1-80b9-a797c2117425@group-7C9D8199E53A: change Leader from null to 8a411a4f-0e32-4dd1-80b9-a797c2117425 at term 1 for becomeLeader, leader elected after 5830ms
2019-09-26 15:08:41,211 [Thread-1094] INFO  impl.RaftServerImpl (RaftServerImpl.java:setRole(174)) - 8a411a4f-0e32-4dd1-80b9-a797c2117425@group-38020CCA7F83: changes role from  FOLLOWER to CANDIDATE at term 0 for changeToCandidate
2019-09-26 15:08:41,211 [Thread-1106] INFO  impl.RaftServerImpl (RaftServerImpl.java:setRole(174)) - 8a411a4f-0e32-4dd1-80b9-a797c2117425@group-B3C8B28B000E: changes role from  FOLLOWER to CANDIDATE at term 0 for changeToCandidate
2019-09-26 15:08:41,211 [8a411a4f-0e32-4dd1-80b9-a797c2117425@group-884660014B94:LeaderElection173] INFO  server.RaftServerConfigKeys (ConfUtils.java:logGet(43)) - raft.server.write.element-limit = 4096 (default)
2019-09-26 15:08:41,211 [Thread-1091] INFO  impl.RaftServerImpl (RaftServerImpl.java:setRole(174)) - 8a411a4f-0e32-4dd1-80b9-a797c2117425@group-4D95ED7A34E1: changes role from  FOLLOWER to CANDIDATE at term 0 for changeToCandidate
2019-09-26 15:08:41,210 [8a411a4f-0e32-4dd1-80b9-a797c2117425@group-34FCBFD36539:LeaderElection177] INFO  impl.LeaderElection (LeaderElection.java:askForVotes(182)) - 8a411a4f-0e32-4dd1-80b9-a797c2117425@group-34FCBFD36539:LeaderElection177: begin an election at term 1 for -1: [8a411a4f-0e32-4dd1-80b9-a797c2117425:192.168.151.99:37125], old=null
2019-09-26 15:08:41,210 [8a411a4f-0e32-4dd1-80b9-a797c2117425@group-13FFAC1DF739:LeaderElection179] INFO  impl.LeaderElection (LeaderElection.java:askForVotes(182)) - 8a411a4f-0e32-4dd1-80b9-a797c2117425@group-13FFAC1DF739:LeaderElection179: begin an election at term 1 for -1: [8a411a4f-0e32-4dd1-80b9-a797c2117425:192.168.151.99:37125], old=null
2019-09-26 15:08:41,210 [8a411a4f-0e32-4dd1-80b9-a797c2117425@group-E916E844E274:LeaderElection178] INFO  impl.LeaderElection (LeaderElection.java:askForVotes(182)) - 8a411a4f-0e32-4dd1-80b9-a797c2117425@group-E916E844E274:LeaderElection178: begin an election at term 1 for -1: [8a411a4f-0e32-4dd1-80b9-a797c2117425:192.168.151.99:37125], old=null
2019-09-26 15:08:41,213 [8a411a4f-0e32-4dd1-80b9-a797c2117425@group-E916E844E274:LeaderElection178] INFO  impl.RoleInfo (RoleInfo.java:shutdownLeaderElection(134)) - 8a411a4f-0e32-4dd1-80b9-a797c2117425: shutdown LeaderElection
2019-09-26 15:08:41,210 [8a411a4f-0e32-4dd1-80b9-a797c2117425@group-AE79292C071A:LeaderElection181] INFO  impl.LeaderElection (LeaderElection.java:askForVotes(182)) - 8a411a4f-0e32-4dd1-80b9-a797c2117425@group-AE79292C071A:LeaderElection181: begin an election at term 1 for -1: [8a411a4f-0e32-4dd1-80b9-a797c2117425:192.168.151.99:37125], old=null
2019-09-26 15:08:41,210 [8a411a4f-0e32-4dd1-80b9-a797c2117425@group-24DB933FF523:LeaderElection182] INFO  impl.LeaderElection (LeaderElection.java:askForVotes(182)) - 8a411a4f-0e32-4dd1-80b9-a797c2117425@group-24DB933FF523:LeaderElection182: begin an election at term 1 for -1: [8a411a4f-0e32-4dd1-80b9-a797c2117425:192.168.151.99:37125], old=null
2019-09-26 15:08:41,209 [Thread-1100] INFO  impl.FollowerState (FollowerState.java:run(106)) - 8a411a4f-0e32-4dd1-80b9-a797c2117425:group-5E95C319A20F changes to CANDIDATE, lastRpcTime:5418, electionTimeout:5149ms
2019-09-26 15:08:41,209 [Thread-1109] INFO  impl.FollowerState (FollowerState.java:run(106)) - 8a411a4f-0e32-4dd1-80b9-a797c2117425:group-F5831FDAC3B9 changes to CANDIDATE, lastRpcTime:5294, electionTimeout:5044ms
2019-09-26 15:08:41,207 [Thread-1115] INFO  impl.FollowerState (FollowerState.java:run(106)) - 8a411a4f-0e32-4dd1-80b9-a797c2117425:group-464AB6351F7D changes to CANDIDATE, lastRpcTime:5240, electionTimeout:5097ms
2019-09-26 15:08:41,207 [Thread-1118] INFO  impl.FollowerState (FollowerState.java:run(106)) - 8a411a4f-0e32-4dd1-80b9-a797c2117425:group-9FBC4F4584D8 changes to CANDIDATE, lastRpcTime:5221, electionTimeout:5093ms
2019-09-26 15:08:41,214 [Thread-1100] INFO  impl.RoleInfo (RoleInfo.java:shutdownFollowerState(121)) - 8a411a4f-0e32-4dd1-80b9-a797c2117425: shutdown FollowerState
2019-09-26 15:08:41,207 [Thread-1124] INFO  impl.FollowerState (FollowerState.java:run(106)) - 8a411a4f-0e32-4dd1-80b9-a797c2117425:group-AD41E9BABF33 changes to CANDIDATE, lastRpcTime:5147, electionTimeout:5063ms
2019-09-26 15:08:41,206 [Thread-1127] INFO  impl.FollowerState (FollowerState.java:run(106)) - 8a411a4f-0e32-4dd1-80b9-a797c2117425:group-E5D9BD4A2B02 changes to CANDIDATE, lastRpcTime:5109, electionTimeout:5035ms
2019-09-26 15:08:41,206 [Thread-1112] INFO  impl.FollowerState (FollowerState.java:run(106)) - 8a411a4f-0e32-4dd1-80b9-a797c2117425:group-FC1790118091 changes to CANDIDATE, lastRpcTime:5255, electionTimeout:5184ms
2019-09-26 15:08:41,206 [Thread-1130] INFO  impl.FollowerState (FollowerState.java:run(106)) - 8a411a4f-0e32-4dd1-80b9-a797c2117425:group-CD788BB93D49 changes to CANDIDATE, lastRpcTime:5071, electionTimeout:5011ms
2019-09-26 15:08:41,206 [8a411a4f-0e32-4dd1-80b9-a797c2117425@group-2B78330446BC-SegmentedRaftLogWorker] ERROR segmented.SegmentedRaftLogWorker (SegmentedRaftLogWorker.java:run(323)) - 8a411a4f-0e32-4dd1-80b9-a797c2117425@group-2B78330446BC-SegmentedRaftLogWorker hit exception
java.lang.OutOfMemoryError: Direct buffer memory
	at java.nio.Bits.reserveMemory(Bits.java:666)
	at java.nio.DirectByteBuffer.<init>(DirectByteBuffer.java:123)
	at java.nio.ByteBuffer.allocateDirect(ByteBuffer.java:311)
	at org.apache.ratis.server.raftlog.segmented.BufferedWriteChannel.<init>(BufferedWriteChannel.java:41)
	at org.apache.ratis.server.raftlog.segmented.SegmentedRaftLogOutputStream.<init>(SegmentedRaftLogOutputStream.java:72)
	at org.apache.ratis.server.raftlog.segmented.SegmentedRaftLogWorker$StartLogSegment.execute(SegmentedRaftLogWorker.java:566)
	at org.apache.ratis.server.raftlog.segmented.SegmentedRaftLogWorker.run(SegmentedRaftLogWorker.java:289)
	at java.lang.Thread.run(Thread.java:748)
2019-09-26 15:08:41,206 [Thread-1121] INFO  impl.FollowerState (FollowerState.java:run(106)) - 8a411a4f-0e32-4dd1-80b9-a797c2117425:group-815581757129 changes to CANDIDATE, lastRpcTime:5184, electionTimeout:5139ms
2019-09-26 15:08:40,916 [8a411a4f-0e32-4dd1-80b9-a797c2117425@group-358F631A9058:LeaderElection166] INFO  impl.RaftServerImpl (ServerState.java:setRaftConf(354)) - 8a411a4f-0e32-4dd1-80b9-a797c2117425@group-358F631A9058: set configuration 0: [8a411a4f-0e32-4dd1-80b9-a797c2117425:192.168.151.99:37125], old=null at 0
2019-09-26 15:08:40,916 [pool-27-thread-1] INFO  server.RaftServerConfigKeys (ConfUtils.java:logGet(43)) - raft.server.log.segment.size.max = 1048576 (custom)
2019-09-26 15:08:40,916 [Thread-1097] INFO  impl.RaftServerImpl (RaftServerImpl.java:setRole(174)) - 8a411a4f-0e32-4dd1-80b9-a797c2117425@group-06EC7D0DF22B: changes role from  FOLLOWER to CANDIDATE at term 0 for changeToCandidate
2019-09-26 15:08:40,916 [Thread-1103] INFO  impl.RaftServerImpl (RaftServerImpl.java:setRole(174)) - 8a411a4f-0e32-4dd1-80b9-a797c2117425@group-F71E95AE8AB3: changes role from  FOLLOWER to CANDIDATE at term 0 for changeToCandidate
2019-09-26 15:08:40,915 [8a411a4f-0e32-4dd1-80b9-a797c2117425@group-4150286250A6:LeaderElection156] INFO  impl.RoleInfo (RoleInfo.java:updateAndGet(143)) - 8a411a4f-0e32-4dd1-80b9-a797c2117425: start LeaderState
2019-09-26 15:08:40,915 [Thread-1079] INFO  impl.RoleInfo (RoleInfo.java:updateAndGet(143)) - 8a411a4f-0e32-4dd1-80b9-a797c2117425: start LeaderElection
2019-09-26 15:08:41,215 [8a411a4f-0e32-4dd1-80b9-a797c2117425@group-4150286250A6:LeaderElection156] INFO  segmented.SegmentedRaftLogWorker (SegmentedRaftLogWorker.java:startLogSegment(380)) - 8a411a4f-0e32-4dd1-80b9-a797c2117425@group-4150286250A6-SegmentedRaftLogWorker: Starting segment from index:0
2019-09-26 15:08:41,215 [Thread-1121] INFO  impl.RoleInfo (RoleInfo.java:shutdownFollowerState(121)) - 8a411a4f-0e32-4dd1-80b9-a797c2117425: shutdown FollowerState
2019-09-26 15:08:41,215 [Thread-1103] INFO  impl.RoleInfo (RoleInfo.java:updateAndGet(143)) - 8a411a4f-0e32-4dd1-80b9-a797c2117425: start LeaderElection
2019-09-26 15:08:41,215 [Thread-1097] INFO  impl.RoleInfo (RoleInfo.java:updateAndGet(143)) - 8a411a4f-0e32-4dd1-80b9-a797c2117425: start LeaderElection
2019-09-26 15:08:41,215 [8a411a4f-0e32-4dd1-80b9-a797c2117425@group-545C9FF84361:LeaderElection163] INFO  impl.RoleInfo (RoleInfo.java:updateAndGet(143)) - 8a411a4f-0e32-4dd1-80b9-a797c2117425: start LeaderState
2019-09-26 15:08:41,215 [pool-27-thread-1] INFO  server.RaftServerConfigKeys (ConfUtils.java:logGet(43)) - raft.server.log.segment.cache.num.max = 2 (custom)
2019-09-26 15:08:41,214 [Thread-1130] INFO  impl.RoleInfo (RoleInfo.java:shutdownFollowerState(121)) - 8a411a4f-0e32-4dd1-80b9-a797c2117425: shutdown FollowerState
2019-09-26 15:08:41,214 [Thread-1112] INFO  impl.RoleInfo (RoleInfo.java:shutdownFollowerState(121)) - 8a411a4f-0e32-4dd1-80b9-a797c2117425: shutdown FollowerState
2019-09-26 15:08:41,214 [8a411a4f-0e32-4dd1-80b9-a797c2117425@group-2B78330446BC-SegmentedRaftLogWorker] INFO  impl.RaftServerImpl (RaftServerImpl.java:lambda$shutdown$3(251)) - 8a411a4f-0e32-4dd1-80b9-a797c2117425@group-2B78330446BC: shutdown
2019-09-26 15:08:41,214 [Thread-1127] INFO  impl.RoleInfo (RoleInfo.java:shutdownFollowerState(121)) - 8a411a4f-0e32-4dd1-80b9-a797c2117425: shutdown FollowerState
2019-09-26 15:08:41,214 [Thread-1124] INFO  impl.RoleInfo (RoleInfo.java:shutdownFollowerState(121)) - 8a411a4f-0e32-4dd1-80b9-a797c2117425: shutdown FollowerState
2019-09-26 15:08:41,470 [Thread-1124] INFO  impl.RaftServerImpl (RaftServerImpl.java:setRole(174)) - 8a411a4f-0e32-4dd1-80b9-a797c2117425@group-AD41E9BABF33: changes role from  FOLLOWER to CANDIDATE at term 0 for changeToCandidate
2019-09-26 15:08:41,214 [Thread-1118] INFO  impl.RoleInfo (RoleInfo.java:shutdownFollowerState(121)) - 8a411a4f-0e32-4dd1-80b9-a797c2117425: shutdown FollowerState
2019-09-26 15:08:41,214 [Thread-1115] INFO  impl.RoleInfo (RoleInfo.java:shutdownFollowerState(121)) - 8a411a4f-0e32-4dd1-80b9-a797c2117425: shutdown FollowerState
2019-09-26 15:08:41,214 [Thread-1109] INFO  impl.RoleInfo (RoleInfo.java:shutdownFollowerState(121)) - 8a411a4f-0e32-4dd1-80b9-a797c2117425: shutdown FollowerState
2019-09-26 15:08:41,471 [Thread-1109] INFO  impl.RaftServerImpl (RaftServerImpl.java:setRole(174)) - 8a411a4f-0e32-4dd1-80b9-a797c2117425@group-F5831FDAC3B9: changes role from  FOLLOWER to CANDIDATE at term 0 for changeToCandidate
2019-09-26 15:08:41,214 [Thread-1100] INFO  impl.RaftServerImpl (RaftServerImpl.java:setRole(174)) - 8a411a4f-0e32-4dd1-80b9-a797c2117425@group-5E95C319A20F: changes role from  FOLLOWER to CANDIDATE at term 0 for changeToCandidate
2019-09-26 15:08:41,213 [8a411a4f-0e32-4dd1-80b9-a797c2117425@group-24DB933FF523:LeaderElection182] INFO  impl.RoleInfo (RoleInfo.java:shutdownLeaderElection(134)) - 8a411a4f-0e32-4dd1-80b9-a797c2117425: shutdown LeaderElection
2019-09-26 15:08:41,213 [8a411a4f-0e32-4dd1-80b9-a797c2117425@group-AE79292C071A:LeaderElection181] INFO  impl.RoleInfo (RoleInfo.java:shutdownLeaderElection(134)) - 8a411a4f-0e32-4dd1-80b9-a797c2117425: shutdown LeaderElection
2019-09-26 15:08:41,213 [8a411a4f-0e32-4dd1-80b9-a797c2117425@group-E916E844E274:LeaderElection178] INFO  impl.RaftServerImpl (RaftServerImpl.java:setRole(174)) - 8a411a4f-0e32-4dd1-80b9-a797c2117425@group-E916E844E274: changes role from CANDIDATE to LEADER at term 1 for changeToLeader
2019-09-26 15:08:41,213 [8a411a4f-0e32-4dd1-80b9-a797c2117425@group-13FFAC1DF739:LeaderElection179] INFO  impl.RoleInfo (RoleInfo.java:shutdownLeaderElection(134)) - 8a411a4f-0e32-4dd1-80b9-a797c2117425: shutdown LeaderElection
2019-09-26 15:08:41,213 [8a411a4f-0e32-4dd1-80b9-a797c2117425@group-34FCBFD36539:LeaderElection177] INFO  impl.RoleInfo (RoleInfo.java:shutdownLeaderElection(134)) - 8a411a4f-0e32-4dd1-80b9-a797c2117425: shutdown LeaderElection
2019-09-26 15:08:41,472 [8a411a4f-0e32-4dd1-80b9-a797c2117425@group-34FCBFD36539:LeaderElection177] INFO  impl.RaftServerImpl (RaftServerImpl.java:setRole(174)) - 8a411a4f-0e32-4dd1-80b9-a797c2117425@group-34FCBFD36539: changes role from CANDIDATE to LEADER at term 1 for changeToLeader
2019-09-26 15:08:41,212 [Thread-1091] INFO  impl.RoleInfo (RoleInfo.java:updateAndGet(143)) - 8a411a4f-0e32-4dd1-80b9-a797c2117425: start LeaderElection
2019-09-26 15:08:41,212 [8a411a4f-0e32-4dd1-80b9-a797c2117425@group-884660014B94:LeaderElection173] INFO  server.RaftServerConfigKeys (ConfUtils.java:logGet(43)) - raft.server.watch.timeout = 10s (default)
2019-09-26 15:08:41,212 [Thread-1106] INFO  impl.RoleInfo (RoleInfo.java:updateAndGet(143)) - 8a411a4f-0e32-4dd1-80b9-a797c2117425: start LeaderElection
2019-09-26 15:08:41,212 [Thread-1094] INFO  impl.RoleInfo (RoleInfo.java:updateAndGet(143)) - 8a411a4f-0e32-4dd1-80b9-a797c2117425: start LeaderElection
2019-09-26 15:08:41,212 [8a411a4f-0e32-4dd1-80b9-a797c2117425@group-7C9D8199E53A:LeaderElection176] INFO  server.RaftServerConfigKeys (ConfUtils.java:logGet(43)) - raft.server.staging.catchup.gap = 1000 (default)
2019-09-26 15:08:41,212 [8a411a4f-0e32-4dd1-80b9-a797c2117425@group-D2E29C0D0AAA:LeaderElection174] INFO  server.RaftServerConfigKeys (ConfUtils.java:logGet(43)) - raft.server.watch.element-limit = 65536 (default)
2019-09-26 15:08:41,212 [8a411a4f-0e32-4dd1-80b9-a797c2117425@group-AF909D263E7A:LeaderElection171] INFO  server.RaftServerConfigKeys (ConfUtils.java:logGet(43)) - raft.server.write.element-limit = 4096 (default)
2019-09-26 15:08:41,473 [8a411a4f-0e32-4dd1-80b9-a797c2117425@group-3ACE71D3EB17:LeaderElection158] INFO  impl.RoleInfo (RoleInfo.java:updateAndGet(143)) - 8a411a4f-0e32-4dd1-80b9-a797c2117425: start LeaderState
2019-09-26 15:08:41,473 [8a411a4f-0e32-4dd1-80b9-a797c2117425@group-7C9D8199E53A:LeaderElection176] INFO  server.RaftServerConfigKeys (ConfUtils.java:logGet(43)) - raft.server.rpc.sleep.time = 25ms (default)
2019-09-26 15:08:41,472 [8a411a4f-0e32-4dd1-80b9-a797c2117425@group-884660014B94:LeaderElection173] INFO  server.RaftServerConfigKeys (ConfUtils.java:logGet(43)) - raft.server.watch.timeout.denomination = 1s (default)
2019-09-26 15:08:41,472 [8a411a4f-0e32-4dd1-80b9-a797c2117425@group-34FCBFD36539:LeaderElection177] INFO  impl.RaftServerImpl (ServerState.java:setLeader(253)) - 8a411a4f-0e32-4dd1-80b9-a797c2117425@group-34FCBFD36539: change Leader from null to 8a411a4f-0e32-4dd1-80b9-a797c2117425 at term 1 for becomeLeader, leader elected after 6129ms
2019-09-26 15:08:41,472 [8a411a4f-0e32-4dd1-80b9-a797c2117425@group-2B78330446BC-SegmentedRaftLogWorker] INFO  util.JmxRegister (JmxRegister.java:unregister(73)) - Successfully un-registered JMX Bean with object name Ratis:service=RaftServer,group=group-2B78330446BC,id=8a411a4f-0e32-4dd1-80b9-a797c2117425
2019-09-26 15:08:41,472 [8a411a4f-0e32-4dd1-80b9-a797c2117425@group-13FFAC1DF739:LeaderElection179] INFO  impl.RaftServerImpl (RaftServerImpl.java:setRole(174)) - 8a411a4f-0e32-4dd1-80b9-a797c2117425@group-13FFAC1DF739: changes role from CANDIDATE to LEADER at term 1 for changeToLeader
2019-09-26 15:08:41,472 [8a411a4f-0e32-4dd1-80b9-a797c2117425@group-FECB0F3475E8:LeaderElection152] INFO  impl.RoleInfo (RoleInfo.java:updateAndGet(143)) - 8a411a4f-0e32-4dd1-80b9-a797c2117425: start LeaderState
2019-09-26 15:08:41,472 [8a411a4f-0e32-4dd1-80b9-a797c2117425@group-E916E844E274:LeaderElection178] INFO  impl.RaftServerImpl (ServerState.java:setLeader(253)) - 8a411a4f-0e32-4dd1-80b9-a797c2117425@group-E916E844E274: change Leader from null to 8a411a4f-0e32-4dd1-80b9-a797c2117425 at term 1 for becomeLeader, leader elected after 6168ms
2019-09-26 15:08:41,471 [8a411a4f-0e32-4dd1-80b9-a797c2117425@group-AE79292C071A:LeaderElection181] INFO  impl.RaftServerImpl (RaftServerImpl.java:setRole(174)) - 8a411a4f-0e32-4dd1-80b9-a797c2117425@group-AE79292C071A: changes role from CANDIDATE to LEADER at term 1 for changeToLeader
2019-09-26 15:08:41,471 [8a411a4f-0e32-4dd1-80b9-a797c2117425@group-24DB933FF523:LeaderElection182] INFO  impl.RaftServerImpl (RaftServerImpl.java:setRole(174)) - 8a411a4f-0e32-4dd1-80b9-a797c2117425@group-24DB933FF523: changes role from CANDIDATE to LEADER at term 1 for changeToLeader
2019-09-26 15:08:41,471 [Thread-1100] INFO  impl.RoleInfo (RoleInfo.java:updateAndGet(143)) - 8a411a4f-0e32-4dd1-80b9-a797c2117425: start LeaderElection
2019-09-26 15:08:41,471 [Thread-1109] INFO  impl.RoleInfo (RoleInfo.java:updateAndGet(143)) - 8a411a4f-0e32-4dd1-80b9-a797c2117425: start LeaderElection
2019-09-26 15:08:41,471 [Thread-1115] INFO  impl.RaftServerImpl (RaftServerImpl.java:setRole(174)) - 8a411a4f-0e32-4dd1-80b9-a797c2117425@group-464AB6351F7D: changes role from  FOLLOWER to CANDIDATE at term 0 for changeToCandidate
2019-09-26 15:08:41,471 [Thread-1118] INFO  impl.RaftServerImpl (RaftServerImpl.java:setRole(174)) - 8a411a4f-0e32-4dd1-80b9-a797c2117425@group-9FBC4F4584D8: changes role from  FOLLOWER to CANDIDATE at term 0 for changeToCandidate
2019-09-26 15:08:41,470 [Thread-1124] INFO  impl.RoleInfo (RoleInfo.java:updateAndGet(143)) - 8a411a4f-0e32-4dd1-80b9-a797c2117425: start LeaderElection
2019-09-26 15:08:41,467 [Thread-1127] INFO  impl.RaftServerImpl (RaftServerImpl.java:setRole(174)) - 8a411a4f-0e32-4dd1-80b9-a797c2117425@group-E5D9BD4A2B02: changes role from  FOLLOWER to CANDIDATE at term 0 for changeToCandidate
2019-09-26 15:08:41,467 [Thread-1112] INFO  impl.RaftServerImpl (RaftServerImpl.java:setRole(174)) - 8a411a4f-0e32-4dd1-80b9-a797c2117425@group-FC1790118091: changes role from  FOLLOWER to CANDIDATE at term 0 for changeToCandidate
2019-09-26 15:08:41,467 [Thread-1130] INFO  impl.RaftServerImpl (RaftServerImpl.java:setRole(174)) - 8a411a4f-0e32-4dd1-80b9-a797c2117425@group-CD788BB93D49: changes role from  FOLLOWER to CANDIDATE at term 0 for changeToCandidate
2019-09-26 15:08:41,467 [pool-27-thread-1] INFO  segmented.SegmentedRaftLogWorker (SegmentedRaftLogWorker.java:<init>(172)) - new 8a411a4f-0e32-4dd1-80b9-a797c2117425@group-D2B1D6C9CED8-SegmentedRaftLogWorker for RaftStorage:Storage Directory /workdir/hadoop-ozone/integration-test/target/test-dir/MiniOzoneClusterImpl-646ad58d-3cd3-4092-ab15-506251c55e5b/datanode-0/data/ratis/196e6f8b-eeab-468f-8061-d2b1d6c9ced8
2019-09-26 15:08:41,467 [8a411a4f-0e32-4dd1-80b9-a797c2117425@group-545C9FF84361:LeaderElection163] INFO  segmented.SegmentedRaftLogWorker (SegmentedRaftLogWorker.java:startLogSegment(380)) - 8a411a4f-0e32-4dd1-80b9-a797c2117425@group-545C9FF84361-SegmentedRaftLogWorker: Starting segment from index:0
2019-09-26 15:08:41,466 [8a411a4f-0e32-4dd1-80b9-a797c2117425@group-5C09A8D6B935:LeaderElection180] INFO  impl.LeaderElection (LeaderElection.java:askForVotes(182)) - 8a411a4f-0e32-4dd1-80b9-a797c2117425@group-5C09A8D6B935:LeaderElection180: begin an election at term 1 for -1: [8a411a4f-0e32-4dd1-80b9-a797c2117425:192.168.151.99:37125], old=null
2019-09-26 15:08:41,464 [Thread-1133] INFO  impl.FollowerState (FollowerState.java:run(106)) - 8a411a4f-0e32-4dd1-80b9-a797c2117425:group-C4458528C18D changes to CANDIDATE, lastRpcTime:5290, electionTimeout:5125ms
2019-09-26 15:08:41,464 [8a411a4f-0e32-4dd1-80b9-a797c2117425@group-42B53E77480F-SegmentedRaftLogWorker] ERROR segmented.SegmentedRaftLogWorker (SegmentedRaftLogWorker.java:run(323)) - 8a411a4f-0e32-4dd1-80b9-a797c2117425@group-42B53E77480F-SegmentedRaftLogWorker hit exception
java.lang.OutOfMemoryError: Direct buffer memory
	at java.nio.Bits.reserveMemory(Bits.java:666)
	at java.nio.DirectByteBuffer.<init>(DirectByteBuffer.java:123)
	at java.nio.ByteBuffer.allocateDirect(ByteBuffer.java:311)
	at org.apache.ratis.server.raftlog.segmented.BufferedWriteChannel.<init>(BufferedWriteChannel.java:41)
	at org.apache.ratis.server.raftlog.segmented.SegmentedRaftLogOutputStream.<init>(SegmentedRaftLogOutputStream.java:72)
	at org.apache.ratis.server.raftlog.segmented.SegmentedRaftLogWorker$StartLogSegment.execute(SegmentedRaftLogWorker.java:566)
	at org.apache.ratis.server.raftlog.segmented.SegmentedRaftLogWorker.run(SegmentedRaftLogWorker.java:289)
	at java.lang.Thread.run(Thread.java:748)
2019-09-26 15:08:41,464 [8a411a4f-0e32-4dd1-80b9-a797c2117425@group-41D518DC092B-SegmentedRaftLogWorker] ERROR segmented.SegmentedRaftLogWorker (SegmentedRaftLogWorker.java:run(323)) - 8a411a4f-0e32-4dd1-80b9-a797c2117425@group-41D518DC092B-SegmentedRaftLogWorker hit exception
java.lang.OutOfMemoryError: Direct buffer memory
	at java.nio.Bits.reserveMemory(Bits.java:666)
	at java.nio.DirectByteBuffer.<init>(DirectByteBuffer.java:123)
	at java.nio.ByteBuffer.allocateDirect(ByteBuffer.java:311)
	at org.apache.ratis.server.raftlog.segmented.BufferedWriteChannel.<init>(BufferedWriteChannel.java:41)
	at org.apache.ratis.server.raftlog.segmented.SegmentedRaftLogOutputStream.<init>(SegmentedRaftLogOutputStream.java:72)
	at org.apache.ratis.server.raftlog.segmented.SegmentedRaftLogWorker$StartLogSegment.execute(SegmentedRaftLogWorker.java:566)
	at org.apache.ratis.server.raftlog.segmented.SegmentedRaftLogWorker.run(SegmentedRaftLogWorker.java:289)
	at java.lang.Thread.run(Thread.java:748)
2019-09-26 15:08:41,464 [8a411a4f-0e32-4dd1-80b9-a797c2117425@group-BEEA3F674A0C-SegmentedRaftLogWorker] ERROR segmented.SegmentedRaftLogWorker (SegmentedRaftLogWorker.java:run(323)) - 8a411a4f-0e32-4dd1-80b9-a797c2117425@group-BEEA3F674A0C-SegmentedRaftLogWorker hit exception
java.lang.OutOfMemoryError: Direct buffer memory
	at java.nio.Bits.reserveMemory(Bits.java:666)
	at java.nio.DirectByteBuffer.<init>(DirectByteBuffer.java:123)
	at java.nio.ByteBuffer.allocateDirect(ByteBuffer.java:311)
	at org.apache.ratis.server.raftlog.segmented.BufferedWriteChannel.<init>(BufferedWriteChannel.java:41)
	at org.apache.ratis.server.raftlog.segmented.SegmentedRaftLogOutputStream.<init>(SegmentedRaftLogOutputStream.java:72)
	at org.apache.ratis.server.raftlog.segmented.SegmentedRaftLogWorker$StartLogSegment.execute(SegmentedRaftLogWorker.java:566)
	at org.apache.ratis.server.raftlog.segmented.SegmentedRaftLogWorker.run(SegmentedRaftLogWorker.java:289)
	at java.lang.Thread.run(Thread.java:748)
2019-09-26 15:08:41,738 [8a411a4f-0e32-4dd1-80b9-a797c2117425@group-BEEA3F674A0C-SegmentedRaftLogWorker] INFO  impl.RaftServerImpl (RaftServerImpl.java:lambda$shutdown$3(251)) - 8a411a4f-0e32-4dd1-80b9-a797c2117425@group-BEEA3F674A0C: shutdown
2019-09-26 15:08:41,462 [Thread-1136] INFO  impl.FollowerState (FollowerState.java:run(106)) - 8a411a4f-0e32-4dd1-80b9-a797c2117425:group-08ECA622B824 changes to CANDIDATE, lastRpcTime:5251, electionTimeout:5168ms
2019-09-26 15:08:41,460 [Thread-1139] INFO  impl.FollowerState (FollowerState.java:run(106)) - 8a411a4f-0e32-4dd1-80b9-a797c2117425:group-9B2ED3ACC3BA changes to CANDIDATE, lastRpcTime:5233, electionTimeout:5198ms
2019-09-26 15:08:41,459 [Thread-1142] INFO  impl.FollowerState (FollowerState.java:run(106)) - 8a411a4f-0e32-4dd1-80b9-a797c2117425:group-1955C9B62640 changes to CANDIDATE, lastRpcTime:5152, electionTimeout:5152ms
2019-09-26 15:08:41,459 [Thread-1145] INFO  impl.FollowerState (FollowerState.java:run(106)) - 8a411a4f-0e32-4dd1-80b9-a797c2117425:group-1E5C55F9AE7D changes to CANDIDATE, lastRpcTime:5112, electionTimeout:5100ms
2019-09-26 15:08:41,459 [Thread-1148] INFO  impl.FollowerState (FollowerState.java:run(106)) - 8a411a4f-0e32-4dd1-80b9-a797c2117425:group-00BC2B0139A4 changes to CANDIDATE, lastRpcTime:5072, electionTimeout:5068ms
2019-09-26 15:08:41,216 [8a411a4f-0e32-4dd1-80b9-a797c2117425@group-4150286250A6:LeaderElection156] INFO  impl.RaftServerImpl (ServerState.java:setRaftConf(354)) - 8a411a4f-0e32-4dd1-80b9-a797c2117425@group-4150286250A6: set configuration 0: [8a411a4f-0e32-4dd1-80b9-a797c2117425:192.168.151.99:37125], old=null at 0
2019-09-26 15:08:41,215 [Thread-1121] INFO  impl.RaftServerImpl (RaftServerImpl.java:setRole(174)) - 8a411a4f-0e32-4dd1-80b9-a797c2117425@group-815581757129: changes role from  FOLLOWER to CANDIDATE at term 0 for changeToCandidate
2019-09-26 15:08:41,739 [Thread-1145] INFO  impl.RoleInfo (RoleInfo.java:shutdownFollowerState(121)) - 8a411a4f-0e32-4dd1-80b9-a797c2117425: shutdown FollowerState
2019-09-26 15:08:41,739 [Thread-1142] INFO  impl.RoleInfo (RoleInfo.java:shutdownFollowerState(121)) - 8a411a4f-0e32-4dd1-80b9-a797c2117425: shutdown FollowerState
2019-09-26 15:08:41,739 [8a411a4f-0e32-4dd1-80b9-a797c2117425@group-83D70F78A169:LeaderElection161] INFO  impl.RoleInfo (RoleInfo.java:updateAndGet(143)) - 8a411a4f-0e32-4dd1-80b9-a797c2117425: start LeaderState
2019-09-26 15:08:41,739 [8a411a4f-0e32-4dd1-80b9-a797c2117425@group-ACFFAC7539DC:LeaderElection162] INFO  impl.RoleInfo (RoleInfo.java:updateAndGet(143)) - 8a411a4f-0e32-4dd1-80b9-a797c2117425: start LeaderState
2019-09-26 15:08:41,739 [8a411a4f-0e32-4dd1-80b9-a797c2117425@group-BEEA3F674A0C-SegmentedRaftLogWorker] INFO  util.JmxRegister (JmxRegister.java:unregister(73)) - Successfully un-registered JMX Bean with object name Ratis:service=RaftServer,group=group-BEEA3F674A0C,id=8a411a4f-0e32-4dd1-80b9-a797c2117425
2019-09-26 15:08:41,739 [Thread-1139] INFO  impl.RoleInfo (RoleInfo.java:shutdownFollowerState(121)) - 8a411a4f-0e32-4dd1-80b9-a797c2117425: shutdown FollowerState
2019-09-26 15:08:41,739 [Thread-1136] INFO  impl.RoleInfo (RoleInfo.java:shutdownFollowerState(121)) - 8a411a4f-0e32-4dd1-80b9-a797c2117425: shutdown FollowerState
2019-09-26 15:08:41,738 [8a411a4f-0e32-4dd1-80b9-a797c2117425@group-338C79B436FD:LeaderElection168] INFO  impl.RoleInfo (RoleInfo.java:updateAndGet(143)) - 8a411a4f-0e32-4dd1-80b9-a797c2117425: start LeaderState
2019-09-26 15:08:41,737 [8a411a4f-0e32-4dd1-80b9-a797c2117425@group-41D518DC092B-SegmentedRaftLogWorker] INFO  impl.RaftServerImpl (RaftServerImpl.java:lambda$shutdown$3(251)) - 8a411a4f-0e32-4dd1-80b9-a797c2117425@group-41D518DC092B: shutdown
2019-09-26 15:08:41,737 [Thread-1169] INFO  impl.FollowerState (FollowerState.java:run(106)) - 8a411a4f-0e32-4dd1-80b9-a797c2117425:group-F516CA13D34C changes to CANDIDATE, lastRpcTime:5039, electionTimeout:5036ms
2019-09-26 15:08:41,733 [8a411a4f-0e32-4dd1-80b9-a797c2117425@group-4A9996C7FAA7:LeaderElection164] INFO  impl.RoleInfo (RoleInfo.java:updateAndGet(143)) - 8a411a4f-0e32-4dd1-80b9-a797c2117425: start LeaderState
2019-09-26 15:08:41,733 [8a411a4f-0e32-4dd1-80b9-a797c2117425@group-42B53E77480F-SegmentedRaftLogWorker] INFO  impl.RaftServerImpl (RaftServerImpl.java:lambda$shutdown$3(251)) - 8a411a4f-0e32-4dd1-80b9-a797c2117425@group-42B53E77480F: shutdown
2019-09-26 15:08:41,733 [Thread-1133] INFO  impl.RoleInfo (RoleInfo.java:shutdownFollowerState(121)) - 8a411a4f-0e32-4dd1-80b9-a797c2117425: shutdown FollowerState
2019-09-26 15:08:41,733 [8a411a4f-0e32-4dd1-80b9-a797c2117425@group-545C9FF84361:LeaderElection163] INFO  impl.RaftServerImpl (ServerState.java:setRaftConf(354)) - 8a411a4f-0e32-4dd1-80b9-a797c2117425@group-545C9FF84361: set configuration 0: [8a411a4f-0e32-4dd1-80b9-a797c2117425:192.168.151.99:37125], old=null at 0
2019-09-26 15:08:41,733 [8a411a4f-0e32-4dd1-80b9-a797c2117425@group-38020CCA7F83:LeaderElection184] INFO  impl.LeaderElection (LeaderElection.java:askForVotes(182)) - 8a411a4f-0e32-4dd1-80b9-a797c2117425@group-38020CCA7F83:LeaderElection184: begin an election at term 1 for -1: [8a411a4f-0e32-4dd1-80b9-a797c2117425:192.168.151.99:37125], old=null
2019-09-26 15:08:41,732 [8a411a4f-0e32-4dd1-80b9-a797c2117425@group-F71E95AE8AB3:LeaderElection188] INFO  impl.LeaderElection (LeaderElection.java:askForVotes(182)) - 8a411a4f-0e32-4dd1-80b9-a797c2117425@group-F71E95AE8AB3:LeaderElection188: begin an election at term 1 for -1: [8a411a4f-0e32-4dd1-80b9-a797c2117425:192.168.151.99:37125], old=null
2019-09-26 15:08:41,742 [8a411a4f-0e32-4dd1-80b9-a797c2117425@group-F71E95AE8AB3:LeaderElection188] INFO  impl.RoleInfo (RoleInfo.java:shutdownLeaderElection(134)) - 8a411a4f-0e32-4dd1-80b9-a797c2117425: shutdown LeaderElection
2019-09-26 15:08:41,732 [8a411a4f-0e32-4dd1-80b9-a797c2117425@group-4D95ED7A34E1:LeaderElection186] INFO  impl.LeaderElection (LeaderElection.java:askForVotes(182)) - 8a411a4f-0e32-4dd1-80b9-a797c2117425@group-4D95ED7A34E1:LeaderElection186: begin an election at term 1 for -1: [8a411a4f-0e32-4dd1-80b9-a797c2117425:192.168.151.99:37125], old=null
2019-09-26 15:08:41,732 [8a411a4f-0e32-4dd1-80b9-a797c2117425@group-F0ABC0A80C00:LeaderElection183] INFO  impl.LeaderElection (LeaderElection.java:askForVotes(182)) - 8a411a4f-0e32-4dd1-80b9-a797c2117425@group-F0ABC0A80C00:LeaderElection183: begin an election at term 1 for -1: [8a411a4f-0e32-4dd1-80b9-a797c2117425:192.168.151.99:37125], old=null
2019-09-26 15:08:41,732 [8a411a4f-0e32-4dd1-80b9-a797c2117425@group-06EC7D0DF22B:LeaderElection187] INFO  impl.LeaderElection (LeaderElection.java:askForVotes(182)) - 8a411a4f-0e32-4dd1-80b9-a797c2117425@group-06EC7D0DF22B:LeaderElection187: begin an election at term 1 for -1: [8a411a4f-0e32-4dd1-80b9-a797c2117425:192.168.151.99:37125], old=null
2019-09-26 15:08:41,732 [8a411a4f-0e32-4dd1-80b9-a797c2117425@group-B3C8B28B000E:LeaderElection185] INFO  impl.LeaderElection (LeaderElection.java:askForVotes(182)) - 8a411a4f-0e32-4dd1-80b9-a797c2117425@group-B3C8B28B000E:LeaderElection185: begin an election at term 1 for -1: [8a411a4f-0e32-4dd1-80b9-a797c2117425:192.168.151.99:37125], old=null
2019-09-26 15:08:41,742 [8a411a4f-0e32-4dd1-80b9-a797c2117425@group-B3C8B28B000E:LeaderElection185] INFO  impl.RoleInfo (RoleInfo.java:shutdownLeaderElection(134)) - 8a411a4f-0e32-4dd1-80b9-a797c2117425: shutdown LeaderElection
2019-09-26 15:08:41,732 [8a411a4f-0e32-4dd1-80b9-a797c2117425@group-5E95C319A20F:LeaderElection191] INFO  impl.LeaderElection (LeaderElection.java:askForVotes(182)) - 8a411a4f-0e32-4dd1-80b9-a797c2117425@group-5E95C319A20F:LeaderElection191: begin an election at term 1 for -1: [8a411a4f-0e32-4dd1-80b9-a797c2117425:192.168.151.99:37125], old=null
2019-09-26 15:08:41,732 [8a411a4f-0e32-4dd1-80b9-a797c2117425@group-F5831FDAC3B9:LeaderElection190] INFO  impl.LeaderElection (LeaderElection.java:askForVotes(182)) - 8a411a4f-0e32-4dd1-80b9-a797c2117425@group-F5831FDAC3B9:LeaderElection190: begin an election at term 1 for -1: [8a411a4f-0e32-4dd1-80b9-a797c2117425:192.168.151.99:37125], old=null
2019-09-26 15:08:41,732 [Thread-1151] INFO  impl.FollowerState (FollowerState.java:run(106)) - 8a411a4f-0e32-4dd1-80b9-a797c2117425:group-789513F6DACF changes to CANDIDATE, lastRpcTime:5307, electionTimeout:5080ms
2019-09-26 15:08:41,731 [Thread-1154] INFO  impl.FollowerState (FollowerState.java:run(106)) - 8a411a4f-0e32-4dd1-80b9-a797c2117425:group-5915C1BC536E changes to CANDIDATE, lastRpcTime:5266, electionTimeout:5077ms
2019-09-26 15:08:41,730 [Thread-1160] INFO  impl.FollowerState (FollowerState.java:run(106)) - 8a411a4f-0e32-4dd1-80b9-a797c2117425:group-C0E431E566D9 changes to CANDIDATE, lastRpcTime:5160, electionTimeout:5067ms
2019-09-26 15:08:41,728 [Thread-1163] INFO  impl.FollowerState (FollowerState.java:run(106)) - 8a411a4f-0e32-4dd1-80b9-a797c2117425:group-3C71898FAFED changes to CANDIDATE, lastRpcTime:5104, electionTimeout:5072ms
2019-09-26 15:08:41,728 [Thread-1157] INFO  impl.FollowerState (FollowerState.java:run(106)) - 8a411a4f-0e32-4dd1-80b9-a797c2117425:group-E8F94CDE43C3 changes to CANDIDATE, lastRpcTime:5200, electionTimeout:5190ms
2019-09-26 15:08:41,728 [8a411a4f-0e32-4dd1-80b9-a797c2117425@group-0BF01F02E0AC-SegmentedRaftLogWorker] ERROR segmented.SegmentedRaftLogWorker (SegmentedRaftLogWorker.java:run(323)) - 8a411a4f-0e32-4dd1-80b9-a797c2117425@group-0BF01F02E0AC-SegmentedRaftLogWorker hit exception
java.lang.OutOfMemoryError: Direct buffer memory
	at java.nio.Bits.reserveMemory(Bits.java:666)
	at java.nio.DirectByteBuffer.<init>(DirectByteBuffer.java:123)
	at java.nio.ByteBuffer.allocateDirect(ByteBuffer.java:311)
	at org.apache.ratis.server.raftlog.segmented.BufferedWriteChannel.<init>(BufferedWriteChannel.java:41)
	at org.apache.ratis.server.raftlog.segmented.SegmentedRaftLogOutputStream.<init>(SegmentedRaftLogOutputStream.java:72)
	at org.apache.ratis.server.raftlog.segmented.SegmentedRaftLogWorker$StartLogSegment.execute(SegmentedRaftLogWorker.java:566)
	at org.apache.ratis.server.raftlog.segmented.SegmentedRaftLogWorker.run(SegmentedRaftLogWorker.java:289)
	at java.lang.Thread.run(Thread.java:748)
2019-09-26 15:08:41,743 [8a411a4f-0e32-4dd1-80b9-a797c2117425@group-0BF01F02E0AC-SegmentedRaftLogWorker] INFO  impl.RaftServerImpl (RaftServerImpl.java:lambda$shutdown$3(251)) - 8a411a4f-0e32-4dd1-80b9-a797c2117425@group-0BF01F02E0AC: shutdown
2019-09-26 15:08:41,476 [8a411a4f-0e32-4dd1-80b9-a797c2117425@group-AF9A2420E8C8:LeaderElection165] INFO  impl.RoleInfo (RoleInfo.java:updateAndGet(143)) - 8a411a4f-0e32-4dd1-80b9-a797c2117425: start LeaderState
2019-09-26 15:08:41,476 [8a411a4f-0e32-4dd1-80b9-a797c2117425@group-5C09A8D6B935:LeaderElection180] INFO  impl.RoleInfo (RoleInfo.java:shutdownLeaderElection(134)) - 8a411a4f-0e32-4dd1-80b9-a797c2117425: shutdown LeaderElection
2019-09-26 15:08:41,476 [pool-27-thread-1] INFO  server.RaftServerConfigKeys (ConfUtils.java:logGet(43)) - raft.server.log.queue.byte-limit = 2147483647 (custom)
2019-09-26 15:08:41,476 [Thread-1130] INFO  impl.RoleInfo (RoleInfo.java:updateAndGet(143)) - 8a411a4f-0e32-4dd1-80b9-a797c2117425: start LeaderElection
2019-09-26 15:08:41,476 [Thread-1112] INFO  impl.RoleInfo (RoleInfo.java:updateAndGet(143)) - 8a411a4f-0e32-4dd1-80b9-a797c2117425: start LeaderElection
2019-09-26 15:08:41,476 [Thread-1127] INFO  impl.RoleInfo (RoleInfo.java:updateAndGet(143)) - 8a411a4f-0e32-4dd1-80b9-a797c2117425: start LeaderElection
2019-09-26 15:08:41,475 [Thread-1118] INFO  impl.RoleInfo (RoleInfo.java:updateAndGet(143)) - 8a411a4f-0e32-4dd1-80b9-a797c2117425: start LeaderElection
2019-09-26 15:08:41,475 [8a411a4f-0e32-4dd1-80b9-a797c2117425@group-8E69DC84651B:LeaderElection155] INFO  impl.RoleInfo (RoleInfo.java:updateAndGet(143)) - 8a411a4f-0e32-4dd1-80b9-a797c2117425: start LeaderState
2019-09-26 15:08:41,475 [Thread-1115] INFO  impl.RoleInfo (RoleInfo.java:updateAndGet(143)) - 8a411a4f-0e32-4dd1-80b9-a797c2117425: start LeaderElection
2019-09-26 15:08:41,475 [8a411a4f-0e32-4dd1-80b9-a797c2117425@group-24DB933FF523:LeaderElection182] INFO  impl.RaftServerImpl (ServerState.java:setLeader(253)) - 8a411a4f-0e32-4dd1-80b9-a797c2117425@group-24DB933FF523: change Leader from null to 8a411a4f-0e32-4dd1-80b9-a797c2117425 at term 1 for becomeLeader, leader elected after 5919ms
2019-09-26 15:08:41,475 [8a411a4f-0e32-4dd1-80b9-a797c2117425@group-AE79292C071A:LeaderElection181] INFO  impl.RaftServerImpl (ServerState.java:setLeader(253)) - 8a411a4f-0e32-4dd1-80b9-a797c2117425@group-AE79292C071A: change Leader from null to 8a411a4f-0e32-4dd1-80b9-a797c2117425 at term 1 for becomeLeader, leader elected after 6010ms
2019-09-26 15:08:41,475 [8a411a4f-0e32-4dd1-80b9-a797c2117425@group-0B799EF4D341:LeaderElection153] INFO  impl.RoleInfo (RoleInfo.java:updateAndGet(143)) - 8a411a4f-0e32-4dd1-80b9-a797c2117425: start LeaderState
2019-09-26 15:08:41,475 [8a411a4f-0e32-4dd1-80b9-a797c2117425@group-E916E844E274:LeaderElection178] INFO  server.RaftServerConfigKeys (ConfUtils.java:logGet(43)) - raft.server.staging.catchup.gap = 1000 (default)
2019-09-26 15:08:41,474 [8a411a4f-0e32-4dd1-80b9-a797c2117425@group-FECB0F3475E8:LeaderElection152] INFO  segmented.SegmentedRaftLogWorker (SegmentedRaftLogWorker.java:startLogSegment(380)) - 8a411a4f-0e32-4dd1-80b9-a797c2117425@group-FECB0F3475E8-SegmentedRaftLogWorker: Starting segment from index:0
2019-09-26 15:08:41,474 [8a411a4f-0e32-4dd1-80b9-a797c2117425@group-13FFAC1DF739:LeaderElection179] INFO  impl.RaftServerImpl (ServerState.java:setLeader(253)) - 8a411a4f-0e32-4dd1-80b9-a797c2117425@group-13FFAC1DF739: change Leader from null to 8a411a4f-0e32-4dd1-80b9-a797c2117425 at term 1 for becomeLeader, leader elected after 6221ms
2019-09-26 15:08:41,474 [8a411a4f-0e32-4dd1-80b9-a797c2117425@group-2B78330446BC-SegmentedRaftLogWorker] INFO  impl.RoleInfo (RoleInfo.java:shutdownLeaderState(104)) - 8a411a4f-0e32-4dd1-80b9-a797c2117425: shutdown LeaderState
2019-09-26 15:08:41,474 [8a411a4f-0e32-4dd1-80b9-a797c2117425@group-34FCBFD36539:LeaderElection177] INFO  server.RaftServerConfigKeys (ConfUtils.java:logGet(43)) - raft.server.staging.catchup.gap = 1000 (default)
2019-09-26 15:08:41,474 [8a411a4f-0e32-4dd1-80b9-a797c2117425@group-884660014B94:LeaderElection173] INFO  server.RaftServerConfigKeys (ConfUtils.java:logGet(43)) - raft.server.watch.element-limit = 65536 (default)
2019-09-26 15:08:41,474 [8a411a4f-0e32-4dd1-80b9-a797c2117425@group-7C9D8199E53A:LeaderElection176] INFO  server.RaftServerConfigKeys (ConfUtils.java:logGet(43)) - raft.server.write.element-limit = 4096 (default)
2019-09-26 15:08:41,473 [8a411a4f-0e32-4dd1-80b9-a797c2117425@group-3ACE71D3EB17:LeaderElection158] INFO  segmented.SegmentedRaftLogWorker (SegmentedRaftLogWorker.java:startLogSegment(380)) - 8a411a4f-0e32-4dd1-80b9-a797c2117425@group-3ACE71D3EB17-SegmentedRaftLogWorker: Starting segment from index:0
2019-09-26 15:08:41,473 [8a411a4f-0e32-4dd1-80b9-a797c2117425@group-AF909D263E7A:LeaderElection171] INFO  server.RaftServerConfigKeys (ConfUtils.java:logGet(43)) - raft.server.watch.timeout = 10s (default)
2019-09-26 15:08:41,747 [8a411a4f-0e32-4dd1-80b9-a797c2117425@group-7C9D8199E53A:LeaderElection176] INFO  server.RaftServerConfigKeys (ConfUtils.java:logGet(43)) - raft.server.watch.timeout = 10s (default)
2019-09-26 15:08:41,747 [8a411a4f-0e32-4dd1-80b9-a797c2117425@group-3ACE71D3EB17:LeaderElection158] INFO  impl.RaftServerImpl (ServerState.java:setRaftConf(354)) - 8a411a4f-0e32-4dd1-80b9-a797c2117425@group-3ACE71D3EB17: set configuration 0: [8a411a4f-0e32-4dd1-80b9-a797c2117425:192.168.151.99:37125], old=null at 0
2019-09-26 15:08:41,746 [8a411a4f-0e32-4dd1-80b9-a797c2117425@group-34FCBFD36539:LeaderElection177] INFO  server.RaftServerConfigKeys (ConfUtils.java:logGet(43)) - raft.server.rpc.sleep.time = 25ms (default)
2019-09-26 15:08:41,746 [8a411a4f-0e32-4dd1-80b9-a797c2117425@group-FECB0F3475E8:LeaderElection152] INFO  impl.RaftServerImpl (ServerState.java:setRaftConf(354)) - 8a411a4f-0e32-4dd1-80b9-a797c2117425@group-FECB0F3475E8: set configuration 0: [8a411a4f-0e32-4dd1-80b9-a797c2117425:192.168.151.99:37125], old=null at 0
2019-09-26 15:08:42,158 [8a411a4f-0e32-4dd1-80b9-a797c2117425@group-34FCBFD36539:LeaderElection177] INFO  server.RaftServerConfigKeys (ConfUtils.java:logGet(43)) - raft.server.write.element-limit = 4096 (default)
2019-09-26 15:08:41,746 [8a411a4f-0e32-4dd1-80b9-a797c2117425@group-2B78330446BC-SegmentedRaftLogWorker] INFO  impl.PendingRequests (PendingRequests.java:sendNotLeaderResponses(202)) - 8a411a4f-0e32-4dd1-80b9-a797c2117425-PendingRequests: sendNotLeaderResponses
2019-09-26 15:08:41,746 [8a411a4f-0e32-4dd1-80b9-a797c2117425@group-13FFAC1DF739:LeaderElection179] INFO  server.RaftServerConfigKeys (ConfUtils.java:logGet(43)) - raft.server.staging.catchup.gap = 1000 (default)
2019-09-26 15:08:41,746 [8a411a4f-0e32-4dd1-80b9-a797c2117425@group-E916E844E274:LeaderElection178] INFO  server.RaftServerConfigKeys (ConfUtils.java:logGet(43)) - raft.server.rpc.sleep.time = 25ms (default)
2019-09-26 15:08:41,745 [8a411a4f-0e32-4dd1-80b9-a797c2117425@group-0B799EF4D341:LeaderElection153] INFO  segmented.SegmentedRaftLogWorker (SegmentedRaftLogWorker.java:startLogSegment(380)) - 8a411a4f-0e32-4dd1-80b9-a797c2117425@group-0B799EF4D341-SegmentedRaftLogWorker: Starting segment from index:0
2019-09-26 15:08:41,745 [8a411a4f-0e32-4dd1-80b9-a797c2117425@group-AE79292C071A:LeaderElection181] INFO  server.RaftServerConfigKeys (ConfUtils.java:logGet(43)) - raft.server.staging.catchup.gap = 1000 (default)
2019-09-26 15:08:41,745 [8a411a4f-0e32-4dd1-80b9-a797c2117425@group-24DB933FF523:LeaderElection182] INFO  server.RaftServerConfigKeys (ConfUtils.java:logGet(43)) - raft.server.staging.catchup.gap = 1000 (default)
2019-09-26 15:08:41,745 [8a411a4f-0e32-4dd1-80b9-a797c2117425@group-8E69DC84651B:LeaderElection155] INFO  segmented.SegmentedRaftLogWorker (SegmentedRaftLogWorker.java:startLogSegment(380)) - 8a411a4f-0e32-4dd1-80b9-a797c2117425@group-8E69DC84651B-SegmentedRaftLogWorker: Starting segment from index:0
2019-09-26 15:08:41,744 [pool-27-thread-1] INFO  server.RaftServerConfigKeys (ConfUtils.java:logGet(43)) - raft.server.log.queue.element-limit = 1024 (custom)
2019-09-26 15:08:41,744 [8a411a4f-0e32-4dd1-80b9-a797c2117425@group-5C09A8D6B935:LeaderElection180] INFO  impl.RaftServerImpl (RaftServerImpl.java:setRole(174)) - 8a411a4f-0e32-4dd1-80b9-a797c2117425@group-5C09A8D6B935: changes role from CANDIDATE to LEADER at term 1 for changeToLeader
2019-09-26 15:08:41,744 [8a411a4f-0e32-4dd1-80b9-a797c2117425@group-AF9A2420E8C8:LeaderElection165] INFO  segmented.SegmentedRaftLogWorker (SegmentedRaftLogWorker.java:startLogSegment(380)) - 8a411a4f-0e32-4dd1-80b9-a797c2117425@group-AF9A2420E8C8-SegmentedRaftLogWorker: Starting segment from index:0
2019-09-26 15:08:41,743 [8a411a4f-0e32-4dd1-80b9-a797c2117425@group-0BF01F02E0AC-SegmentedRaftLogWorker] INFO  util.JmxRegister (JmxRegister.java:unregister(73)) - Successfully un-registered JMX Bean with object name Ratis:service=RaftServer,group=group-0BF01F02E0AC,id=8a411a4f-0e32-4dd1-80b9-a797c2117425
2019-09-26 15:08:42,534 [8a411a4f-0e32-4dd1-80b9-a797c2117425@group-0BF01F02E0AC-SegmentedRaftLogWorker] INFO  impl.RoleInfo (RoleInfo.java:shutdownLeaderState(104)) - 8a411a4f-0e32-4dd1-80b9-a797c2117425: shutdown LeaderState
2019-09-26 15:08:41,743 [Thread-1157] INFO  impl.RoleInfo (RoleInfo.java:shutdownFollowerState(121)) - 8a411a4f-0e32-4dd1-80b9-a797c2117425: shutdown FollowerState
2019-09-26 15:08:41,743 [8a411a4f-0e32-4dd1-80b9-a797c2117425@group-D2E29C0D0AAA:LeaderElection174] INFO  impl.RoleInfo (RoleInfo.java:updateAndGet(143)) - 8a411a4f-0e32-4dd1-80b9-a797c2117425: start LeaderState
2019-09-26 15:08:41,743 [Thread-1163] INFO  impl.RoleInfo (RoleInfo.java:shutdownFollowerState(121)) - 8a411a4f-0e32-4dd1-80b9-a797c2117425: shutdown FollowerState
2019-09-26 15:08:41,743 [Thread-1160] INFO  impl.RoleInfo (RoleInfo.java:shutdownFollowerState(121)) - 8a411a4f-0e32-4dd1-80b9-a797c2117425: shutdown FollowerState
2019-09-26 15:08:41,743 [Thread-1154] INFO  impl.RoleInfo (RoleInfo.java:shutdownFollowerState(121)) - 8a411a4f-0e32-4dd1-80b9-a797c2117425: shutdown FollowerState
2019-09-26 15:08:41,743 [Thread-1151] INFO  impl.RoleInfo (RoleInfo.java:shutdownFollowerState(121)) - 8a411a4f-0e32-4dd1-80b9-a797c2117425: shutdown FollowerState
2019-09-26 15:08:42,723 [Thread-1151] INFO  impl.RaftServerImpl (RaftServerImpl.java:setRole(174)) - 8a411a4f-0e32-4dd1-80b9-a797c2117425@group-789513F6DACF: changes role from  FOLLOWER to CANDIDATE at term 0 for changeToCandidate
2019-09-26 15:08:41,743 [8a411a4f-0e32-4dd1-80b9-a797c2117425@group-3AAC4688A9E6:LeaderElection175] INFO  impl.RoleInfo (RoleInfo.java:updateAndGet(143)) - 8a411a4f-0e32-4dd1-80b9-a797c2117425: start LeaderState
2019-09-26 15:08:41,742 [8a411a4f-0e32-4dd1-80b9-a797c2117425@group-F5831FDAC3B9:LeaderElection190] INFO  impl.RoleInfo (RoleInfo.java:shutdownLeaderElection(134)) - 8a411a4f-0e32-4dd1-80b9-a797c2117425: shutdown LeaderElection
2019-09-26 15:08:41,742 [8a411a4f-0e32-4dd1-80b9-a797c2117425@group-5E95C319A20F:LeaderElection191] INFO  impl.RoleInfo (RoleInfo.java:shutdownLeaderElection(134)) - 8a411a4f-0e32-4dd1-80b9-a797c2117425: shutdown LeaderElection
2019-09-26 15:08:42,723 [8a411a4f-0e32-4dd1-80b9-a797c2117425@group-5E95C319A20F:LeaderElection191] INFO  impl.RaftServerImpl (RaftServerImpl.java:setRole(174)) - 8a411a4f-0e32-4dd1-80b9-a797c2117425@group-5E95C319A20F: changes role from CANDIDATE to LEADER at term 1 for changeToLeader
2019-09-26 15:08:41,742 [8a411a4f-0e32-4dd1-80b9-a797c2117425@group-B3C8B28B000E:LeaderElection185] INFO  impl.RaftServerImpl (RaftServerImpl.java:setRole(174)) - 8a411a4f-0e32-4dd1-80b9-a797c2117425@group-B3C8B28B000E: changes role from CANDIDATE to LEADER at term 1 for changeToLeader
2019-09-26 15:08:41,742 [8a411a4f-0e32-4dd1-80b9-a797c2117425@group-6DE3712AF134:LeaderElection172] INFO  impl.RoleInfo (RoleInfo.java:updateAndGet(143)) - 8a411a4f-0e32-4dd1-80b9-a797c2117425: start LeaderState
2019-09-26 15:08:41,742 [8a411a4f-0e32-4dd1-80b9-a797c2117425@group-06EC7D0DF22B:LeaderElection187] INFO  impl.RoleInfo (RoleInfo.java:shutdownLeaderElection(134)) - 8a411a4f-0e32-4dd1-80b9-a797c2117425: shutdown LeaderElection
2019-09-26 15:08:42,724 [8a411a4f-0e32-4dd1-80b9-a797c2117425@group-06EC7D0DF22B:LeaderElection187] INFO  impl.RaftServerImpl (RaftServerImpl.java:setRole(174)) - 8a411a4f-0e32-4dd1-80b9-a797c2117425@group-06EC7D0DF22B: changes role from CANDIDATE to LEADER at term 1 for changeToLeader
2019-09-26 15:08:41,742 [8a411a4f-0e32-4dd1-80b9-a797c2117425@group-F0ABC0A80C00:LeaderElection183] INFO  impl.RoleInfo (RoleInfo.java:shutdownLeaderElection(134)) - 8a411a4f-0e32-4dd1-80b9-a797c2117425: shutdown LeaderElection
2019-09-26 15:08:42,724 [8a411a4f-0e32-4dd1-80b9-a797c2117425@group-F0ABC0A80C00:LeaderElection183] INFO  impl.RaftServerImpl (RaftServerImpl.java:setRole(174)) - 8a411a4f-0e32-4dd1-80b9-a797c2117425@group-F0ABC0A80C00: changes role from CANDIDATE to LEADER at term 1 for changeToLeader
2019-09-26 15:08:41,742 [8a411a4f-0e32-4dd1-80b9-a797c2117425@group-4D95ED7A34E1:LeaderElection186] INFO  impl.RoleInfo (RoleInfo.java:shutdownLeaderElection(134)) - 8a411a4f-0e32-4dd1-80b9-a797c2117425: shutdown LeaderElection
2019-09-26 15:08:42,724 [8a411a4f-0e32-4dd1-80b9-a797c2117425@group-4D95ED7A34E1:LeaderElection186] INFO  impl.RaftServerImpl (RaftServerImpl.java:setRole(174)) - 8a411a4f-0e32-4dd1-80b9-a797c2117425@group-4D95ED7A34E1: changes role from CANDIDATE to LEADER at term 1 for changeToLeader
2019-09-26 15:08:41,742 [8a411a4f-0e32-4dd1-80b9-a797c2117425@group-F71E95AE8AB3:LeaderElection188] INFO  impl.RaftServerImpl (RaftServerImpl.java:setRole(174)) - 8a411a4f-0e32-4dd1-80b9-a797c2117425@group-F71E95AE8AB3: changes role from CANDIDATE to LEADER at term 1 for changeToLeader
2019-09-26 15:08:42,725 [8a411a4f-0e32-4dd1-80b9-a797c2117425@group-F71E95AE8AB3:LeaderElection188] INFO  impl.RaftServerImpl (ServerState.java:setLeader(253)) - 8a411a4f-0e32-4dd1-80b9-a797c2117425@group-F71E95AE8AB3: change Leader from null to 8a411a4f-0e32-4dd1-80b9-a797c2117425 at term 1 for becomeLeader, leader elected after 6895ms
2019-09-26 15:08:41,741 [8a411a4f-0e32-4dd1-80b9-a797c2117425@group-38020CCA7F83:LeaderElection184] INFO  impl.RoleInfo (RoleInfo.java:shutdownLeaderElection(134)) - 8a411a4f-0e32-4dd1-80b9-a797c2117425: shutdown LeaderElection
2019-09-26 15:08:42,725 [8a411a4f-0e32-4dd1-80b9-a797c2117425@group-38020CCA7F83:LeaderElection184] INFO  impl.RaftServerImpl (RaftServerImpl.java:setRole(174)) - 8a411a4f-0e32-4dd1-80b9-a797c2117425@group-38020CCA7F83: changes role from CANDIDATE to LEADER at term 1 for changeToLeader
2019-09-26 15:08:41,741 [8a411a4f-0e32-4dd1-80b9-a797c2117425@group-42B53E77480F-SegmentedRaftLogWorker] INFO  util.JmxRegister (JmxRegister.java:unregister(73)) - Successfully un-registered JMX Bean with object name Ratis:service=RaftServer,group=group-42B53E77480F,id=8a411a4f-0e32-4dd1-80b9-a797c2117425
2019-09-26 15:08:41,741 [Thread-1133] INFO  impl.RaftServerImpl (RaftServerImpl.java:setRole(174)) - 8a411a4f-0e32-4dd1-80b9-a797c2117425@group-C4458528C18D: changes role from  FOLLOWER to CANDIDATE at term 0 for changeToCandidate
2019-09-26 15:08:41,741 [8a411a4f-0e32-4dd1-80b9-a797c2117425@group-41D518DC092B-SegmentedRaftLogWorker] INFO  util.JmxRegister (JmxRegister.java:unregister(73)) - Successfully un-registered JMX Bean with object name Ratis:service=RaftServer,group=group-41D518DC092B,id=8a411a4f-0e32-4dd1-80b9-a797c2117425
2019-09-26 15:08:42,725 [8a411a4f-0e32-4dd1-80b9-a797c2117425@group-41D518DC092B-SegmentedRaftLogWorker] INFO  impl.RoleInfo (RoleInfo.java:shutdownLeaderState(104)) - 8a411a4f-0e32-4dd1-80b9-a797c2117425: shutdown LeaderState
2019-09-26 15:08:41,741 [8a411a4f-0e32-4dd1-80b9-a797c2117425@group-4A9996C7FAA7:LeaderElection164] INFO  segmented.SegmentedRaftLogWorker (SegmentedRaftLogWorker.java:startLogSegment(380)) - 8a411a4f-0e32-4dd1-80b9-a797c2117425@group-4A9996C7FAA7-SegmentedRaftLogWorker: Starting segment from index:0
2019-09-26 15:08:41,741 [Thread-1169] INFO  impl.RoleInfo (RoleInfo.java:shutdownFollowerState(121)) - 8a411a4f-0e32-4dd1-80b9-a797c2117425: shutdown FollowerState
2019-09-26 15:08:41,740 [8a411a4f-0e32-4dd1-80b9-a797c2117425@group-A06E2440B4E9:LeaderElection170] INFO  impl.RoleInfo (RoleInfo.java:updateAndGet(143)) - 8a411a4f-0e32-4dd1-80b9-a797c2117425: start LeaderState
2019-09-26 15:08:41,740 [8a411a4f-0e32-4dd1-80b9-a797c2117425@group-338C79B436FD:LeaderElection168] INFO  segmented.SegmentedRaftLogWorker (SegmentedRaftLogWorker.java:startLogSegment(380)) - 8a411a4f-0e32-4dd1-80b9-a797c2117425@group-338C79B436FD-SegmentedRaftLogWorker: Starting segment from index:0
2019-09-26 15:08:41,740 [Thread-1136] INFO  impl.RaftServerImpl (RaftServerImpl.java:setRole(174)) - 8a411a4f-0e32-4dd1-80b9-a797c2117425@group-08ECA622B824: changes role from  FOLLOWER to CANDIDATE at term 0 for changeToCandidate
2019-09-26 15:08:41,740 [Thread-1139] INFO  impl.RaftServerImpl (RaftServerImpl.java:setRole(174)) - 8a411a4f-0e32-4dd1-80b9-a797c2117425@group-9B2ED3ACC3BA: changes role from  FOLLOWER to CANDIDATE at term 0 for changeToCandidate
2019-09-26 15:08:41,740 [8a411a4f-0e32-4dd1-80b9-a797c2117425@group-938D56FE126F:LeaderElection169] INFO  impl.RoleInfo (RoleInfo.java:updateAndGet(143)) - 8a411a4f-0e32-4dd1-80b9-a797c2117425: start LeaderState
2019-09-26 15:08:41,740 [8a411a4f-0e32-4dd1-80b9-a797c2117425@group-BEEA3F674A0C-SegmentedRaftLogWorker] INFO  impl.RoleInfo (RoleInfo.java:shutdownLeaderState(104)) - 8a411a4f-0e32-4dd1-80b9-a797c2117425: shutdown LeaderState
2019-09-26 15:08:41,740 [8a411a4f-0e32-4dd1-80b9-a797c2117425@group-83D70F78A169:LeaderElection161] INFO  segmented.SegmentedRaftLogWorker (SegmentedRaftLogWorker.java:startLogSegment(380)) - 8a411a4f-0e32-4dd1-80b9-a797c2117425@group-83D70F78A169-SegmentedRaftLogWorker: Starting segment from index:0
2019-09-26 15:08:41,740 [8a411a4f-0e32-4dd1-80b9-a797c2117425@group-ACFFAC7539DC:LeaderElection162] INFO  segmented.SegmentedRaftLogWorker (SegmentedRaftLogWorker.java:startLogSegment(380)) - 8a411a4f-0e32-4dd1-80b9-a797c2117425@group-ACFFAC7539DC-SegmentedRaftLogWorker: Starting segment from index:0
2019-09-26 15:08:41,740 [8a411a4f-0e32-4dd1-80b9-a797c2117425@group-24E75438A6C2:LeaderElection160] INFO  impl.RoleInfo (RoleInfo.java:updateAndGet(143)) - 8a411a4f-0e32-4dd1-80b9-a797c2117425: start LeaderState
2019-09-26 15:08:41,739 [Thread-1142] INFO  impl.RaftServerImpl (RaftServerImpl.java:setRole(174)) - 8a411a4f-0e32-4dd1-80b9-a797c2117425@group-1955C9B62640: changes role from  FOLLOWER to CANDIDATE at term 0 for changeToCandidate
2019-09-26 15:08:41,739 [Thread-1145] INFO  impl.RaftServerImpl (RaftServerImpl.java:setRole(174)) - 8a411a4f-0e32-4dd1-80b9-a797c2117425@group-1E5C55F9AE7D: changes role from  FOLLOWER to CANDIDATE at term 0 for changeToCandidate
2019-09-26 15:08:41,739 [Thread-1121] INFO  impl.RoleInfo (RoleInfo.java:updateAndGet(143)) - 8a411a4f-0e32-4dd1-80b9-a797c2117425: start LeaderElection
2019-09-26 15:08:43,512 [8a411a4f-0e32-4dd1-80b9-a797c2117425@group-ACFFAC7539DC:LeaderElection162] INFO  impl.RaftServerImpl (ServerState.java:setRaftConf(354)) - 8a411a4f-0e32-4dd1-80b9-a797c2117425@group-ACFFAC7539DC: set configuration 0: [8a411a4f-0e32-4dd1-80b9-a797c2117425:192.168.151.99:37125], old=null at 0
2019-09-26 15:08:41,739 [Thread-1148] INFO  impl.RoleInfo (RoleInfo.java:shutdownFollowerState(121)) - 8a411a4f-0e32-4dd1-80b9-a797c2117425: shutdown FollowerState
2019-09-26 15:08:43,512 [Thread-1145] INFO  impl.RoleInfo (RoleInfo.java:updateAndGet(143)) - 8a411a4f-0e32-4dd1-80b9-a797c2117425: start LeaderElection
2019-09-26 15:08:43,512 [Thread-1287] INFO  impl.FollowerState (FollowerState.java:run(106)) - 8a411a4f-0e32-4dd1-80b9-a797c2117425:group-4A3018D7CF99 changes to CANDIDATE, lastRpcTime:5345, electionTimeout:5177ms
2019-09-26 15:08:43,511 [8a411a4f-0e32-4dd1-80b9-a797c2117425@group-3ACE71D3EB17-SegmentedRaftLogWorker] ERROR segmented.SegmentedRaftLogWorker (SegmentedRaftLogWorker.java:run(323)) - 8a411a4f-0e32-4dd1-80b9-a797c2117425@group-3ACE71D3EB17-SegmentedRaftLogWorker hit exception
java.lang.OutOfMemoryError: Direct buffer memory
	at java.nio.Bits.reserveMemory(Bits.java:666)
	at java.nio.DirectByteBuffer.<init>(DirectByteBuffer.java:123)
	at java.nio.ByteBuffer.allocateDirect(ByteBuffer.java:311)
	at org.apache.ratis.server.raftlog.segmented.BufferedWriteChannel.<init>(BufferedWriteChannel.java:41)
	at org.apache.ratis.server.raftlog.segmented.SegmentedRaftLogOutputStream.<init>(SegmentedRaftLogOutputStream.java:72)
	at org.apache.ratis.server.raftlog.segmented.SegmentedRaftLogWorker$StartLogSegment.execute(SegmentedRaftLogWorker.java:566)
	at org.apache.ratis.server.raftlog.segmented.SegmentedRaftLogWorker.run(SegmentedRaftLogWorker.java:289)
	at java.lang.Thread.run(Thread.java:748)
2019-09-26 15:08:43,510 [Thread-1293] INFO  impl.FollowerState (FollowerState.java:run(106)) - 8a411a4f-0e32-4dd1-80b9-a797c2117425:group-CA9544AD4330 changes to CANDIDATE, lastRpcTime:5263, electionTimeout:5182ms
2019-09-26 15:08:43,509 [Thread-1299] INFO  impl.FollowerState (FollowerState.java:run(106)) - 8a411a4f-0e32-4dd1-80b9-a797c2117425:group-817B3DD20E3E changes to CANDIDATE, lastRpcTime:5071, electionTimeout:5013ms
2019-09-26 15:08:43,508 [Thread-1296] INFO  impl.FollowerState (FollowerState.java:run(106)) - 8a411a4f-0e32-4dd1-80b9-a797c2117425:group-FFBC1D88D468 changes to CANDIDATE, lastRpcTime:5130, electionTimeout:5118ms
2019-09-26 15:08:43,334 [Thread-1142] INFO  impl.RoleInfo (RoleInfo.java:updateAndGet(143)) - 8a411a4f-0e32-4dd1-80b9-a797c2117425: start LeaderElection
2019-09-26 15:08:43,332 [Thread-1284] INFO  impl.FollowerState (FollowerState.java:run(106)) - 8a411a4f-0e32-4dd1-80b9-a797c2117425:group-D946C9146714 changes to CANDIDATE, lastRpcTime:5206, electionTimeout:5041ms
2019-09-26 15:08:43,331 [Thread-1278] INFO  impl.FollowerState (FollowerState.java:run(106)) - 8a411a4f-0e32-4dd1-80b9-a797c2117425:group-080076819465 changes to CANDIDATE, lastRpcTime:5281, electionTimeout:5160ms
2019-09-26 15:08:43,330 [Thread-1290] INFO  impl.FollowerState (FollowerState.java:run(106)) - 8a411a4f-0e32-4dd1-80b9-a797c2117425:group-797476ADB718 changes to CANDIDATE, lastRpcTime:5125, electionTimeout:5046ms
2019-09-26 15:08:43,330 [Thread-1281] INFO  impl.FollowerState (FollowerState.java:run(106)) - 8a411a4f-0e32-4dd1-80b9-a797c2117425:group-43557E0D0B54 changes to CANDIDATE, lastRpcTime:5244, electionTimeout:5194ms
2019-09-26 15:08:43,514 [Thread-1281] INFO  impl.RoleInfo (RoleInfo.java:shutdownFollowerState(121)) - 8a411a4f-0e32-4dd1-80b9-a797c2117425: shutdown FollowerState
2019-09-26 15:08:43,514 [Thread-1281] INFO  impl.RaftServerImpl (RaftServerImpl.java:setRole(174)) - 8a411a4f-0e32-4dd1-80b9-a797c2117425@group-43557E0D0B54: changes role from  FOLLOWER to CANDIDATE at term 0 for changeToCandidate
2019-09-26 15:08:43,144 [8a411a4f-0e32-4dd1-80b9-a797c2117425@group-24E75438A6C2:LeaderElection160] INFO  segmented.SegmentedRaftLogWorker (SegmentedRaftLogWorker.java:startLogSegment(380)) - 8a411a4f-0e32-4dd1-80b9-a797c2117425@group-24E75438A6C2-SegmentedRaftLogWorker: Starting segment from index:0
2019-09-26 15:08:43,144 [8a411a4f-0e32-4dd1-80b9-a797c2117425@group-83D70F78A169:LeaderElection161] INFO  impl.RaftServerImpl (ServerState.java:setRaftConf(354)) - 8a411a4f-0e32-4dd1-80b9-a797c2117425@group-83D70F78A169: set configuration 0: [8a411a4f-0e32-4dd1-80b9-a797c2117425:192.168.151.99:37125], old=null at 0
2019-09-26 15:08:43,143 [8a411a4f-0e32-4dd1-80b9-a797c2117425@group-BEEA3F674A0C-SegmentedRaftLogWorker] INFO  impl.PendingRequests (PendingRequests.java:sendNotLeaderResponses(202)) - 8a411a4f-0e32-4dd1-80b9-a797c2117425-PendingRequests: sendNotLeaderResponses
2019-09-26 15:08:43,143 [8a411a4f-0e32-4dd1-80b9-a797c2117425@group-545C9FF84361-SegmentedRaftLogWorker] ERROR segmented.SegmentedRaftLogWorker (SegmentedRaftLogWorker.java:run(323)) - 8a411a4f-0e32-4dd1-80b9-a797c2117425@group-545C9FF84361-SegmentedRaftLogWorker hit exception
java.lang.OutOfMemoryError: Direct buffer memory
	at java.nio.Bits.reserveMemory(Bits.java:666)
	at java.nio.DirectByteBuffer.<init>(DirectByteBuffer.java:123)
	at java.nio.ByteBuffer.allocateDirect(ByteBuffer.java:311)
	at org.apache.ratis.server.raftlog.segmented.BufferedWriteChannel.<init>(BufferedWriteChannel.java:41)
	at org.apache.ratis.server.raftlog.segmented.SegmentedRaftLogOutputStream.<init>(SegmentedRaftLogOutputStream.java:72)
	at org.apache.ratis.server.raftlog.segmented.SegmentedRaftLogWorker$StartLogSegment.execute(SegmentedRaftLogWorker.java:566)
	at org.apache.ratis.server.raftlog.segmented.SegmentedRaftLogWorker.run(SegmentedRaftLogWorker.java:289)
	at java.lang.Thread.run(Thread.java:748)
2019-09-26 15:08:43,142 [Thread-1263] INFO  impl.FollowerState (FollowerState.java:run(106)) - 8a411a4f-0e32-4dd1-80b9-a797c2117425:group-2F139598710B changes to CANDIDATE, lastRpcTime:5282, electionTimeout:5153ms
2019-09-26 15:08:43,142 [Thread-1275] INFO  impl.FollowerState (FollowerState.java:run(106)) - 8a411a4f-0e32-4dd1-80b9-a797c2117425:group-DE38E862BFA6 changes to CANDIDATE, lastRpcTime:5131, electionTimeout:5046ms
2019-09-26 15:08:43,701 [Thread-1263] INFO  impl.RoleInfo (RoleInfo.java:shutdownFollowerState(121)) - 8a411a4f-0e32-4dd1-80b9-a797c2117425: shutdown FollowerState
2019-09-26 15:08:43,141 [Thread-1272] INFO  impl.FollowerState (FollowerState.java:run(106)) - 8a411a4f-0e32-4dd1-80b9-a797c2117425:group-FC070601F0EC changes to CANDIDATE, lastRpcTime:5167, electionTimeout:5121ms
2019-09-26 15:08:42,727 [8a411a4f-0e32-4dd1-80b9-a797c2117425@group-938D56FE126F:LeaderElection169] INFO  segmented.SegmentedRaftLogWorker (SegmentedRaftLogWorker.java:startLogSegment(380)) - 8a411a4f-0e32-4dd1-80b9-a797c2117425@group-938D56FE126F-SegmentedRaftLogWorker: Starting segment from index:0
2019-09-26 15:08:42,961 [Thread-1251] INFO  impl.FollowerState (FollowerState.java:run(106)) - 8a411a4f-0e32-4dd1-80b9-a797c2117425:group-FEC7288BDF94 changes to CANDIDATE, lastRpcTime:5261, electionTimeout:5043ms
2019-09-26 15:08:42,961 [Thread-1245] INFO  impl.FollowerState (FollowerState.java:run(106)) - 8a411a4f-0e32-4dd1-80b9-a797c2117425:group-ACB2ABC0275F changes to CANDIDATE, lastRpcTime:5345, electionTimeout:5146ms
2019-09-26 15:08:42,960 [8a411a4f-0e32-4dd1-80b9-a797c2117425@group-4150286250A6-SegmentedRaftLogWorker] ERROR segmented.SegmentedRaftLogWorker (SegmentedRaftLogWorker.java:run(323)) - 8a411a4f-0e32-4dd1-80b9-a797c2117425@group-4150286250A6-SegmentedRaftLogWorker hit exception
java.lang.OutOfMemoryError: Direct buffer memory
	at java.nio.Bits.reserveMemory(Bits.java:666)
	at java.nio.DirectByteBuffer.<init>(DirectByteBuffer.java:123)
	at java.nio.ByteBuffer.allocateDirect(ByteBuffer.java:311)
	at org.apache.ratis.server.raftlog.segmented.BufferedWriteChannel.<init>(BufferedWriteChannel.java:41)
	at org.apache.ratis.server.raftlog.segmented.SegmentedRaftLogOutputStream.<init>(SegmentedRaftLogOutputStream.java:72)
	at org.apache.ratis.server.raftlog.segmented.SegmentedRaftLogWorker$StartLogSegment.execute(SegmentedRaftLogWorker.java:566)
	at org.apache.ratis.server.raftlog.segmented.SegmentedRaftLogWorker.run(SegmentedRaftLogWorker.java:289)
	at java.lang.Thread.run(Thread.java:748)
2019-09-26 15:08:42,960 [8a411a4f-0e32-4dd1-80b9-a797c2117425@group-358F631A9058-SegmentedRaftLogWorker] ERROR segmented.SegmentedRaftLogWorker (SegmentedRaftLogWorker.java:run(323)) - 8a411a4f-0e32-4dd1-80b9-a797c2117425@group-358F631A9058-SegmentedRaftLogWorker hit exception
java.lang.OutOfMemoryError: Direct buffer memory
	at java.nio.Bits.reserveMemory(Bits.java:666)
	at java.nio.DirectByteBuffer.<init>(DirectByteBuffer.java:123)
	at java.nio.ByteBuffer.allocateDirect(ByteBuffer.java:311)
	at org.apache.ratis.server.raftlog.segmented.BufferedWriteChannel.<init>(BufferedWriteChannel.java:41)
	at org.apache.ratis.server.raftlog.segmented.SegmentedRaftLogOutputStream.<init>(SegmentedRaftLogOutputStream.java:72)
	at org.apache.ratis.server.raftlog.segmented.SegmentedRaftLogWorker$StartLogSegment.execute(SegmentedRaftLogWorker.java:566)
	at org.apache.ratis.server.raftlog.segmented.SegmentedRaftLogWorker.run(SegmentedRaftLogWorker.java:289)
	at java.lang.Thread.run(Thread.java:748)
2019-09-26 15:08:42,959 [Thread-1257] INFO  impl.FollowerState (FollowerState.java:run(106)) - 8a411a4f-0e32-4dd1-80b9-a797c2117425:group-9CAEA4046C8E changes to CANDIDATE, lastRpcTime:5186, electionTimeout:5054ms
2019-09-26 15:08:42,958 [Thread-1248] INFO  impl.FollowerState (FollowerState.java:run(106)) - 8a411a4f-0e32-4dd1-80b9-a797c2117425:group-AE0AA035EF40 changes to CANDIDATE, lastRpcTime:5301, electionTimeout:5198ms
2019-09-26 15:08:42,958 [Thread-1260] INFO  impl.FollowerState (FollowerState.java:run(106)) - 8a411a4f-0e32-4dd1-80b9-a797c2117425:group-BF52FF77A681 changes to CANDIDATE, lastRpcTime:5129, electionTimeout:5042ms
2019-09-26 15:08:42,958 [RATISCREATEPIPELINE2] ERROR pipeline.RatisPipelineProvider (RatisPipelineProvider.java:lambda$null$2(175)) - Failed invoke Ratis rpc org.apache.hadoop.hdds.scm.pipeline.RatisPipelineProvider$$Lambda$169/1523819729@6ce62e2 for 8a411a4f-0e32-4dd1-80b9-a797c2117425
org.apache.ratis.protocol.TimeoutIOException: deadline exceeded after 2999889385ns
	at org.apache.ratis.grpc.GrpcUtil.tryUnwrapException(GrpcUtil.java:82)
	at org.apache.ratis.grpc.GrpcUtil.unwrapException(GrpcUtil.java:75)
	at org.apache.ratis.grpc.client.GrpcClientProtocolClient.blockingCall(GrpcClientProtocolClient.java:178)
	at org.apache.ratis.grpc.client.GrpcClientProtocolClient.groupAdd(GrpcClientProtocolClient.java:147)
	at org.apache.ratis.grpc.client.GrpcClientRpc.sendRequest(GrpcClientRpc.java:94)
	at org.apache.ratis.client.impl.RaftClientImpl.sendRequest(RaftClientImpl.java:278)
	at org.apache.ratis.client.impl.RaftClientImpl.groupAdd(RaftClientImpl.java:205)
	at org.apache.hadoop.hdds.scm.pipeline.RatisPipelineProvider.lambda$initializePipeline$1(RatisPipelineProvider.java:136)
	at org.apache.hadoop.hdds.scm.pipeline.RatisPipelineProvider.lambda$null$2(RatisPipelineProvider.java:171)
	at java.util.stream.ForEachOps$ForEachOp$OfRef.accept(ForEachOps.java:184)
	at java.util.ArrayList$ArrayListSpliterator.forEachRemaining(ArrayList.java:1382)
	at java.util.stream.AbstractPipeline.copyInto(AbstractPipeline.java:482)
	at java.util.stream.ForEachOps$ForEachTask.compute(ForEachOps.java:291)
	at java.util.concurrent.CountedCompleter.exec(CountedCompleter.java:731)
	at java.util.concurrent.ForkJoinTask.doExec(ForkJoinTask.java:289)
	at java.util.concurrent.ForkJoinTask.doInvoke(ForkJoinTask.java:401)
	at java.util.concurrent.ForkJoinTask.invoke(ForkJoinTask.java:734)
	at java.util.stream.ForEachOps$ForEachOp.evaluateParallel(ForEachOps.java:160)
	at java.util.stream.ForEachOps$ForEachOp$OfRef.evaluateParallel(ForEachOps.java:174)
	at java.util.stream.AbstractPipeline.evaluate(AbstractPipeline.java:233)
	at java.util.stream.ReferencePipeline.forEach(ReferencePipeline.java:418)
	at java.util.stream.ReferencePipeline$Head.forEach(ReferencePipeline.java:583)
	at org.apache.hadoop.hdds.scm.pipeline.RatisPipelineProvider.lambda$callRatisRpc$3(RatisPipelineProvider.java:165)
	at java.util.concurrent.ForkJoinTask$AdaptedRunnableAction.exec(ForkJoinTask.java:1386)
	at java.util.concurrent.ForkJoinTask.doExec(ForkJoinTask.java:289)
	at java.util.concurrent.ForkJoinPool$WorkQueue.runTask(ForkJoinPool.java:1056)
	at java.util.concurrent.ForkJoinPool.runWorker(ForkJoinPool.java:1692)
	at java.util.concurrent.ForkJoinWorkerThread.run(ForkJoinWorkerThread.java:157)
Caused by: org.apache.ratis.thirdparty.io.grpc.StatusRuntimeException: DEADLINE_EXCEEDED: deadline exceeded after 2999889385ns
	at org.apache.ratis.thirdparty.io.grpc.stub.ClientCalls.toStatusRuntimeException(ClientCalls.java:233)
	at org.apache.ratis.thirdparty.io.grpc.stub.ClientCalls.getUnchecked(ClientCalls.java:214)
	at org.apache.ratis.thirdparty.io.grpc.stub.ClientCalls.blockingUnaryCall(ClientCalls.java:139)
	at org.apache.ratis.proto.grpc.AdminProtocolServiceGrpc$AdminProtocolServiceBlockingStub.groupManagement(AdminProtocolServiceGrpc.java:274)
	at org.apache.ratis.grpc.client.GrpcClientProtocolClient.lambda$groupAdd$3(GrpcClientProtocolClient.java:149)
	at org.apache.ratis.grpc.client.GrpcClientProtocolClient.blockingCall(GrpcClientProtocolClient.java:176)
	... 25 more
2019-09-26 15:08:42,957 [Thread-1254] INFO  impl.FollowerState (FollowerState.java:run(106)) - 8a411a4f-0e32-4dd1-80b9-a797c2117425:group-966319DBCAF8 changes to CANDIDATE, lastRpcTime:5213, electionTimeout:5156ms
2019-09-26 15:08:42,957 [Thread-1266] INFO  impl.FollowerState (FollowerState.java:run(106)) - 8a411a4f-0e32-4dd1-80b9-a797c2117425:group-7740B1DAF25C changes to CANDIDATE, lastRpcTime:5057, electionTimeout:5014ms
2019-09-26 15:08:42,956 [Thread-1269] INFO  impl.FollowerState (FollowerState.java:run(106)) - 8a411a4f-0e32-4dd1-80b9-a797c2117425:group-FDA5C66D66D8 changes to CANDIDATE, lastRpcTime:5018, electionTimeout:5015ms
2019-09-26 15:08:42,727 [8a411a4f-0e32-4dd1-80b9-a797c2117425@group-338C79B436FD:LeaderElection168] INFO  impl.RaftServerImpl (ServerState.java:setRaftConf(354)) - 8a411a4f-0e32-4dd1-80b9-a797c2117425@group-338C79B436FD: set configuration 0: [8a411a4f-0e32-4dd1-80b9-a797c2117425:192.168.151.99:37125], old=null at 0
2019-09-26 15:08:42,727 [Thread-1139] INFO  impl.RoleInfo (RoleInfo.java:updateAndGet(143)) - 8a411a4f-0e32-4dd1-80b9-a797c2117425: start LeaderElection
2019-09-26 15:08:42,727 [Thread-1136] INFO  impl.RoleInfo (RoleInfo.java:updateAndGet(143)) - 8a411a4f-0e32-4dd1-80b9-a797c2117425: start LeaderElection
2019-09-26 15:08:42,726 [8a411a4f-0e32-4dd1-80b9-a797c2117425@group-4A9996C7FAA7:LeaderElection164] INFO  impl.RaftServerImpl (ServerState.java:setRaftConf(354)) - 8a411a4f-0e32-4dd1-80b9-a797c2117425@group-4A9996C7FAA7: set configuration 0: [8a411a4f-0e32-4dd1-80b9-a797c2117425:192.168.151.99:37125], old=null at 0
2019-09-26 15:08:42,726 [8a411a4f-0e32-4dd1-80b9-a797c2117425@group-A06E2440B4E9:LeaderElection170] INFO  segmented.SegmentedRaftLogWorker (SegmentedRaftLogWorker.java:startLogSegment(380)) - 8a411a4f-0e32-4dd1-80b9-a797c2117425@group-A06E2440B4E9-SegmentedRaftLogWorker: Starting segment from index:0
2019-09-26 15:08:42,726 [Thread-1169] INFO  impl.RaftServerImpl (RaftServerImpl.java:setRole(174)) - 8a411a4f-0e32-4dd1-80b9-a797c2117425@group-F516CA13D34C: changes role from  FOLLOWER to CANDIDATE at term 0 for changeToCandidate
2019-09-26 15:08:42,726 [8a411a4f-0e32-4dd1-80b9-a797c2117425@group-41D518DC092B-SegmentedRaftLogWorker] INFO  impl.PendingRequests (PendingRequests.java:sendNotLeaderResponses(202)) - 8a411a4f-0e32-4dd1-80b9-a797c2117425-PendingRequests: sendNotLeaderResponses
2019-09-26 15:08:42,725 [Thread-1133] INFO  impl.RoleInfo (RoleInfo.java:updateAndGet(143)) - 8a411a4f-0e32-4dd1-80b9-a797c2117425: start LeaderElection
2019-09-26 15:08:44,108 [8a411a4f-0e32-4dd1-80b9-a797c2117425@group-41D518DC092B-SegmentedRaftLogWorker] INFO  impl.StateMachineUpdater (StateMachineUpdater.java:stopAndJoin(125)) - 8a411a4f-0e32-4dd1-80b9-a797c2117425@group-41D518DC092B-StateMachineUpdater: set stopIndex = -1
2019-09-26 15:08:42,725 [8a411a4f-0e32-4dd1-80b9-a797c2117425@group-42B53E77480F-SegmentedRaftLogWorker] INFO  impl.RoleInfo (RoleInfo.java:shutdownLeaderState(104)) - 8a411a4f-0e32-4dd1-80b9-a797c2117425: shutdown LeaderState
2019-09-26 15:08:42,725 [8a411a4f-0e32-4dd1-80b9-a797c2117425@group-38020CCA7F83:LeaderElection184] INFO  impl.RaftServerImpl (ServerState.java:setLeader(253)) - 8a411a4f-0e32-4dd1-80b9-a797c2117425@group-38020CCA7F83: change Leader from null to 8a411a4f-0e32-4dd1-80b9-a797c2117425 at term 1 for becomeLeader, leader elected after 7036ms
2019-09-26 15:08:42,725 [8a411a4f-0e32-4dd1-80b9-a797c2117425@group-F71E95AE8AB3:LeaderElection188] INFO  server.RaftServerConfigKeys (ConfUtils.java:logGet(43)) - raft.server.staging.catchup.gap = 1000 (default)
2019-09-26 15:08:42,724 [8a411a4f-0e32-4dd1-80b9-a797c2117425@group-4D95ED7A34E1:LeaderElection186] INFO  impl.RaftServerImpl (ServerState.java:setLeader(253)) - 8a411a4f-0e32-4dd1-80b9-a797c2117425@group-4D95ED7A34E1: change Leader from null to 8a411a4f-0e32-4dd1-80b9-a797c2117425 at term 1 for becomeLeader, leader elected after 7076ms
2019-09-26 15:08:42,724 [8a411a4f-0e32-4dd1-80b9-a797c2117425@group-F0ABC0A80C00:LeaderElection183] INFO  impl.RaftServerImpl (ServerState.java:setLeader(253)) - 8a411a4f-0e32-4dd1-80b9-a797c2117425@group-F0ABC0A80C00: change Leader from null to 8a411a4f-0e32-4dd1-80b9-a797c2117425 at term 1 for becomeLeader, leader elected after 7303ms
2019-09-26 15:08:42,724 [8a411a4f-0e32-4dd1-80b9-a797c2117425@group-06EC7D0DF22B:LeaderElection187] INFO  impl.RaftServerImpl (ServerState.java:setLeader(253)) - 8a411a4f-0e32-4dd1-80b9-a797c2117425@group-06EC7D0DF22B: change Leader from null to 8a411a4f-0e32-4dd1-80b9-a797c2117425 at term 1 for becomeLeader, leader elected after 6981ms
2019-09-26 15:08:42,724 [8a411a4f-0e32-4dd1-80b9-a797c2117425@group-6DE3712AF134:LeaderElection172] INFO  segmented.SegmentedRaftLogWorker (SegmentedRaftLogWorker.java:startLogSegment(380)) - 8a411a4f-0e32-4dd1-80b9-a797c2117425@group-6DE3712AF134-SegmentedRaftLogWorker: Starting segment from index:0
2019-09-26 15:08:42,724 [8a411a4f-0e32-4dd1-80b9-a797c2117425@group-B3C8B28B000E:LeaderElection185] INFO  impl.RaftServerImpl (ServerState.java:setLeader(253)) - 8a411a4f-0e32-4dd1-80b9-a797c2117425@group-B3C8B28B000E: change Leader from null to 8a411a4f-0e32-4dd1-80b9-a797c2117425 at term 1 for becomeLeader, leader elected after 6854ms
2019-09-26 15:08:42,723 [8a411a4f-0e32-4dd1-80b9-a797c2117425@group-5E95C319A20F:LeaderElection191] INFO  impl.RaftServerImpl (ServerState.java:setLeader(253)) - 8a411a4f-0e32-4dd1-80b9-a797c2117425@group-5E95C319A20F: change Leader from null to 8a411a4f-0e32-4dd1-80b9-a797c2117425 at term 1 for becomeLeader, leader elected after 6937ms
2019-09-26 15:08:44,109 [8a411a4f-0e32-4dd1-80b9-a797c2117425@group-5E95C319A20F:LeaderElection191] INFO  server.RaftServerConfigKeys (ConfUtils.java:logGet(43)) - raft.server.staging.catchup.gap = 1000 (default)
2019-09-26 15:08:42,723 [8a411a4f-0e32-4dd1-80b9-a797c2117425@group-3AAC4688A9E6:LeaderElection175] INFO  segmented.SegmentedRaftLogWorker (SegmentedRaftLogWorker.java:startLogSegment(380)) - 8a411a4f-0e32-4dd1-80b9-a797c2117425@group-3AAC4688A9E6-SegmentedRaftLogWorker: Starting segment from index:0
2019-09-26 15:08:42,723 [8a411a4f-0e32-4dd1-80b9-a797c2117425@group-F5831FDAC3B9:LeaderElection190] INFO  impl.RaftServerImpl (RaftServerImpl.java:setRole(174)) - 8a411a4f-0e32-4dd1-80b9-a797c2117425@group-F5831FDAC3B9: changes role from CANDIDATE to LEADER at term 1 for changeToLeader
2019-09-26 15:08:44,325 [8a411a4f-0e32-4dd1-80b9-a797c2117425@group-F5831FDAC3B9:LeaderElection190] INFO  impl.RaftServerImpl (ServerState.java:setLeader(253)) - 8a411a4f-0e32-4dd1-80b9-a797c2117425@group-F5831FDAC3B9: change Leader from null to 8a411a4f-0e32-4dd1-80b9-a797c2117425 at term 1 for becomeLeader, leader elected after 8413ms
2019-09-26 15:08:42,723 [Thread-1151] INFO  impl.RoleInfo (RoleInfo.java:updateAndGet(143)) - 8a411a4f-0e32-4dd1-80b9-a797c2117425: start LeaderElection
2019-09-26 15:08:42,723 [Thread-1154] INFO  impl.RaftServerImpl (RaftServerImpl.java:setRole(174)) - 8a411a4f-0e32-4dd1-80b9-a797c2117425@group-5915C1BC536E: changes role from  FOLLOWER to CANDIDATE at term 0 for changeToCandidate
2019-09-26 15:08:42,722 [Thread-1160] INFO  impl.RaftServerImpl (RaftServerImpl.java:setRole(174)) - 8a411a4f-0e32-4dd1-80b9-a797c2117425@group-C0E431E566D9: changes role from  FOLLOWER to CANDIDATE at term 0 for changeToCandidate
2019-09-26 15:08:42,722 [8a411a4f-0e32-4dd1-80b9-a797c2117425@group-D2E29C0D0AAA:LeaderElection174] INFO  segmented.SegmentedRaftLogWorker (SegmentedRaftLogWorker.java:startLogSegment(380)) - 8a411a4f-0e32-4dd1-80b9-a797c2117425@group-D2E29C0D0AAA-SegmentedRaftLogWorker: Starting segment from index:0
2019-09-26 15:08:42,722 [Thread-1163] INFO  impl.RaftServerImpl (RaftServerImpl.java:setRole(174)) - 8a411a4f-0e32-4dd1-80b9-a797c2117425@group-3C71898FAFED: changes role from  FOLLOWER to CANDIDATE at term 0 for changeToCandidate
2019-09-26 15:08:42,722 [Thread-1157] INFO  impl.RaftServerImpl (RaftServerImpl.java:setRole(174)) - 8a411a4f-0e32-4dd1-80b9-a797c2117425@group-E8F94CDE43C3: changes role from  FOLLOWER to CANDIDATE at term 0 for changeToCandidate
2019-09-26 15:08:42,721 [Thread-1227] INFO  impl.FollowerState (FollowerState.java:run(106)) - 8a411a4f-0e32-4dd1-80b9-a797c2117425:group-D65568051C37 changes to CANDIDATE, lastRpcTime:5379, electionTimeout:5199ms
2019-09-26 15:08:42,721 [8a411a4f-0e32-4dd1-80b9-a797c2117425@group-171E6B5B65D9-SegmentedRaftLogWorker] ERROR segmented.SegmentedRaftLogWorker (SegmentedRaftLogWorker.java:run(323)) - 8a411a4f-0e32-4dd1-80b9-a797c2117425@group-171E6B5B65D9-SegmentedRaftLogWorker hit exception
java.lang.OutOfMemoryError: Direct buffer memory
	at java.nio.Bits.reserveMemory(Bits.java:666)
	at java.nio.DirectByteBuffer.<init>(DirectByteBuffer.java:123)
	at java.nio.ByteBuffer.allocateDirect(ByteBuffer.java:311)
	at org.apache.ratis.server.raftlog.segmented.BufferedWriteChannel.<init>(BufferedWriteChannel.java:41)
	at org.apache.ratis.server.raftlog.segmented.SegmentedRaftLogOutputStream.<init>(SegmentedRaftLogOutputStream.java:72)
	at org.apache.ratis.server.raftlog.segmented.SegmentedRaftLogWorker$StartLogSegment.execute(SegmentedRaftLogWorker.java:566)
	at org.apache.ratis.server.raftlog.segmented.SegmentedRaftLogWorker.run(SegmentedRaftLogWorker.java:289)
	at java.lang.Thread.run(Thread.java:748)
2019-09-26 15:08:42,720 [Thread-1236] INFO  impl.FollowerState (FollowerState.java:run(106)) - 8a411a4f-0e32-4dd1-80b9-a797c2117425:group-72E1DE38373A changes to CANDIDATE, lastRpcTime:5264, electionTimeout:5158ms
2019-09-26 15:08:42,720 [Thread-1242] INFO  impl.FollowerState (FollowerState.java:run(106)) - 8a411a4f-0e32-4dd1-80b9-a797c2117425:group-282779247581 changes to CANDIDATE, lastRpcTime:5158, electionTimeout:5063ms
2019-09-26 15:08:42,534 [8a411a4f-0e32-4dd1-80b9-a797c2117425@group-AF9A2420E8C8:LeaderElection165] INFO  impl.RaftServerImpl (ServerState.java:setRaftConf(354)) - 8a411a4f-0e32-4dd1-80b9-a797c2117425@group-AF9A2420E8C8: set configuration 0: [8a411a4f-0e32-4dd1-80b9-a797c2117425:192.168.151.99:37125], old=null at 0
2019-09-26 15:08:42,534 [8a411a4f-0e32-4dd1-80b9-a797c2117425@group-0BF01F02E0AC-SegmentedRaftLogWorker] INFO  impl.PendingRequests (PendingRequests.java:sendNotLeaderResponses(202)) - 8a411a4f-0e32-4dd1-80b9-a797c2117425-PendingRequests: sendNotLeaderResponses
2019-09-26 15:08:42,533 [Thread-1221] INFO  impl.FollowerState (FollowerState.java:run(106)) - 8a411a4f-0e32-4dd1-80b9-a797c2117425:group-CAAD3C9AE29A changes to CANDIDATE, lastRpcTime:5280, electionTimeout:5100ms
2019-09-26 15:08:42,531 [8a411a4f-0e32-4dd1-80b9-a797c2117425@group-D220E74A09E8-SegmentedRaftLogWorker] ERROR segmented.SegmentedRaftLogWorker (SegmentedRaftLogWorker.java:run(323)) - 8a411a4f-0e32-4dd1-80b9-a797c2117425@group-D220E74A09E8-SegmentedRaftLogWorker hit exception
java.lang.OutOfMemoryError: Direct buffer memory
	at java.nio.Bits.reserveMemory(Bits.java:666)
	at java.nio.DirectByteBuffer.<init>(DirectByteBuffer.java:123)
	at java.nio.ByteBuffer.allocateDirect(ByteBuffer.java:311)
	at org.apache.ratis.server.raftlog.segmented.BufferedWriteChannel.<init>(BufferedWriteChannel.java:41)
	at org.apache.ratis.server.raftlog.segmented.SegmentedRaftLogOutputStream.<init>(SegmentedRaftLogOutputStream.java:72)
	at org.apache.ratis.server.raftlog.segmented.SegmentedRaftLogWorker$StartLogSegment.execute(SegmentedRaftLogWorker.java:566)
	at org.apache.ratis.server.raftlog.segmented.SegmentedRaftLogWorker.run(SegmentedRaftLogWorker.java:289)
	at java.lang.Thread.run(Thread.java:748)
2019-09-26 15:08:42,531 [Thread-1218] INFO  impl.FollowerState (FollowerState.java:run(106)) - 8a411a4f-0e32-4dd1-80b9-a797c2117425:group-78F806914167 changes to CANDIDATE, lastRpcTime:5296, electionTimeout:5185ms
2019-09-26 15:08:42,531 [Thread-1224] INFO  impl.FollowerState (FollowerState.java:run(106)) - 8a411a4f-0e32-4dd1-80b9-a797c2117425:group-D864432FC37C changes to CANDIDATE, lastRpcTime:5219, electionTimeout:5108ms
2019-09-26 15:08:42,531 [Thread-1233] INFO  impl.FollowerState (FollowerState.java:run(106)) - 8a411a4f-0e32-4dd1-80b9-a797c2117425:group-8700CBCF3B52 changes to CANDIDATE, lastRpcTime:5111, electionTimeout:5003ms
2019-09-26 15:08:42,529 [Thread-1230] INFO  impl.FollowerState (FollowerState.java:run(106)) - 8a411a4f-0e32-4dd1-80b9-a797c2117425:group-56F119E5147E changes to CANDIDATE, lastRpcTime:5148, electionTimeout:5086ms
2019-09-26 15:08:42,528 [Thread-1239] INFO  impl.FollowerState (FollowerState.java:run(106)) - 8a411a4f-0e32-4dd1-80b9-a797c2117425:group-B3783F4873A6 changes to CANDIDATE, lastRpcTime:5034, electionTimeout:5023ms
2019-09-26 15:08:42,341 [8a411a4f-0e32-4dd1-80b9-a797c2117425@group-5C09A8D6B935:LeaderElection180] INFO  impl.RaftServerImpl (ServerState.java:setLeader(253)) - 8a411a4f-0e32-4dd1-80b9-a797c2117425@group-5C09A8D6B935: change Leader from null to 8a411a4f-0e32-4dd1-80b9-a797c2117425 at term 1 for becomeLeader, leader elected after 6819ms
2019-09-26 15:08:42,341 [pool-27-thread-1] INFO  server.RaftServerConfigKeys (ConfUtils.java:logGet(43)) - raft.server.log.segment.size.max = 1048576 (custom)
2019-09-26 15:08:42,341 [8a411a4f-0e32-4dd1-80b9-a797c2117425@group-8E69DC84651B:LeaderElection155] INFO  impl.RaftServerImpl (ServerState.java:setRaftConf(354)) - 8a411a4f-0e32-4dd1-80b9-a797c2117425@group-8E69DC84651B: set configuration 0: [8a411a4f-0e32-4dd1-80b9-a797c2117425:192.168.151.99:37125], old=null at 0
2019-09-26 15:08:42,341 [8a411a4f-0e32-4dd1-80b9-a797c2117425@group-0B799EF4D341:LeaderElection153] INFO  impl.RaftServerImpl (ServerState.java:setRaftConf(354)) - 8a411a4f-0e32-4dd1-80b9-a797c2117425@group-0B799EF4D341: set configuration 0: [8a411a4f-0e32-4dd1-80b9-a797c2117425:192.168.151.99:37125], old=null at 0
2019-09-26 15:08:42,341 [8a411a4f-0e32-4dd1-80b9-a797c2117425@group-9FBC4F4584D8:LeaderElection193] INFO  impl.LeaderElection (LeaderElection.java:askForVotes(182)) - 8a411a4f-0e32-4dd1-80b9-a797c2117425@group-9FBC4F4584D8:LeaderElection193: begin an election at term 1 for -1: [8a411a4f-0e32-4dd1-80b9-a797c2117425:192.168.151.99:37125], old=null
2019-09-26 15:08:42,341 [8a411a4f-0e32-4dd1-80b9-a797c2117425@group-E5D9BD4A2B02:LeaderElection194] INFO  impl.LeaderElection (LeaderElection.java:askForVotes(182)) - 8a411a4f-0e32-4dd1-80b9-a797c2117425@group-E5D9BD4A2B02:LeaderElection194: begin an election at term 1 for -1: [8a411a4f-0e32-4dd1-80b9-a797c2117425:192.168.151.99:37125], old=null
2019-09-26 15:08:42,341 [8a411a4f-0e32-4dd1-80b9-a797c2117425@group-FC1790118091:LeaderElection195] INFO  impl.LeaderElection (LeaderElection.java:askForVotes(182)) - 8a411a4f-0e32-4dd1-80b9-a797c2117425@group-FC1790118091:LeaderElection195: begin an election at term 1 for -1: [8a411a4f-0e32-4dd1-80b9-a797c2117425:192.168.151.99:37125], old=null
2019-09-26 15:08:42,341 [8a411a4f-0e32-4dd1-80b9-a797c2117425@group-CD788BB93D49:LeaderElection196] INFO  impl.LeaderElection (LeaderElection.java:askForVotes(182)) - 8a411a4f-0e32-4dd1-80b9-a797c2117425@group-CD788BB93D49:LeaderElection196: begin an election at term 1 for -1: [8a411a4f-0e32-4dd1-80b9-a797c2117425:192.168.151.99:37125], old=null
2019-09-26 15:08:42,341 [Thread-1200] INFO  impl.FollowerState (FollowerState.java:run(106)) - 8a411a4f-0e32-4dd1-80b9-a797c2117425:group-3FF9DA04F6D3 changes to CANDIDATE, lastRpcTime:5349, electionTimeout:5195ms
2019-09-26 15:08:42,341 [Thread-1206] INFO  impl.FollowerState (FollowerState.java:run(106)) - 8a411a4f-0e32-4dd1-80b9-a797c2117425:group-953CCBC0A9E0 changes to CANDIDATE, lastRpcTime:5267, electionTimeout:5119ms
2019-09-26 15:08:42,340 [Thread-1215] INFO  impl.FollowerState (FollowerState.java:run(106)) - 8a411a4f-0e32-4dd1-80b9-a797c2117425:group-1BAA2484A192 changes to CANDIDATE, lastRpcTime:5144, electionTimeout:5047ms
2019-09-26 15:08:42,339 [Thread-1209] INFO  impl.FollowerState (FollowerState.java:run(106)) - 8a411a4f-0e32-4dd1-80b9-a797c2117425:group-A5B80CCFC499 changes to CANDIDATE, lastRpcTime:5223, electionTimeout:5184ms
2019-09-26 15:08:42,339 [Thread-1212] INFO  impl.FollowerState (FollowerState.java:run(106)) - 8a411a4f-0e32-4dd1-80b9-a797c2117425:group-19C985EAA9F4 changes to CANDIDATE, lastRpcTime:5185, electionTimeout:5183ms
2019-09-26 15:08:42,338 [Thread-1197] WARN  util.JavaUtils (JavaUtils.java:sleep(250)) - Unexpected long sleep: sleep(5015ms) actually took 5362ms which is over the threshold 300ms
2019-09-26 15:08:42,338 [Thread-1184] WARN  util.JavaUtils (JavaUtils.java:sleep(250)) - Unexpected long sleep: sleep(5158ms) actually took 5492ms which is over the threshold 300ms
2019-09-26 15:08:42,159 [8a411a4f-0e32-4dd1-80b9-a797c2117425@group-24DB933FF523:LeaderElection182] INFO  server.RaftServerConfigKeys (ConfUtils.java:logGet(43)) - raft.server.rpc.sleep.time = 25ms (default)
2019-09-26 15:08:42,159 [8a411a4f-0e32-4dd1-80b9-a797c2117425@group-AE79292C071A:LeaderElection181] INFO  server.RaftServerConfigKeys (ConfUtils.java:logGet(43)) - raft.server.rpc.sleep.time = 25ms (default)
2019-09-26 15:08:42,159 [8a411a4f-0e32-4dd1-80b9-a797c2117425@group-E916E844E274:LeaderElection178] INFO  server.RaftServerConfigKeys (ConfUtils.java:logGet(43)) - raft.server.write.element-limit = 4096 (default)
2019-09-26 15:08:42,159 [8a411a4f-0e32-4dd1-80b9-a797c2117425@group-884660014B94:LeaderElection173] INFO  impl.RoleInfo (RoleInfo.java:updateAndGet(143)) - 8a411a4f-0e32-4dd1-80b9-a797c2117425: start LeaderState
2019-09-26 15:08:42,158 [8a411a4f-0e32-4dd1-80b9-a797c2117425@group-2B78330446BC-SegmentedRaftLogWorker] INFO  impl.StateMachineUpdater (StateMachineUpdater.java:stopAndJoin(125)) - 8a411a4f-0e32-4dd1-80b9-a797c2117425@group-2B78330446BC-StateMachineUpdater: set stopIndex = -1
2019-09-26 15:08:42,158 [Thread-1188] INFO  impl.FollowerState (FollowerState.java:run(106)) - 8a411a4f-0e32-4dd1-80b9-a797c2117425:group-5709F8A61C02 changes to CANDIDATE, lastRpcTime:5272, electionTimeout:5173ms
2019-09-26 15:08:42,158 [8a411a4f-0e32-4dd1-80b9-a797c2117425@group-13FFAC1DF739:LeaderElection179] INFO  server.RaftServerConfigKeys (ConfUtils.java:logGet(43)) - raft.server.rpc.sleep.time = 25ms (default)
2019-09-26 15:08:42,158 [8a411a4f-0e32-4dd1-80b9-a797c2117425@group-34FCBFD36539:LeaderElection177] INFO  server.RaftServerConfigKeys (ConfUtils.java:logGet(43)) - raft.server.watch.timeout = 10s (default)
2019-09-26 15:08:42,158 [Thread-1203] INFO  impl.FollowerState (FollowerState.java:run(106)) - 8a411a4f-0e32-4dd1-80b9-a797c2117425:group-070482571D29 changes to CANDIDATE, lastRpcTime:5133, electionTimeout:5054ms
2019-09-26 15:08:42,157 [8a411a4f-0e32-4dd1-80b9-a797c2117425@group-AD41E9BABF33:LeaderElection189] INFO  impl.LeaderElection (LeaderElection.java:askForVotes(182)) - 8a411a4f-0e32-4dd1-80b9-a797c2117425@group-AD41E9BABF33:LeaderElection189: begin an election at term 1 for -1: [8a411a4f-0e32-4dd1-80b9-a797c2117425:192.168.151.99:37125], old=null
2019-09-26 15:08:42,157 [8a411a4f-0e32-4dd1-80b9-a797c2117425@group-464AB6351F7D:LeaderElection192] INFO  impl.LeaderElection (LeaderElection.java:askForVotes(182)) - 8a411a4f-0e32-4dd1-80b9-a797c2117425@group-464AB6351F7D:LeaderElection192: begin an election at term 1 for -1: [8a411a4f-0e32-4dd1-80b9-a797c2117425:192.168.151.99:37125], old=null
2019-09-26 15:08:42,157 [Thread-1178] WARN  util.JavaUtils (JavaUtils.java:sleep(250)) - Unexpected long sleep: sleep(5006ms) actually took 5387ms which is over the threshold 300ms
2019-09-26 15:08:42,156 [Thread-1175] WARN  util.JavaUtils (JavaUtils.java:sleep(250)) - Unexpected long sleep: sleep(5111ms) actually took 5423ms which is over the threshold 300ms
2019-09-26 15:08:42,155 [Thread-1172] INFO  impl.FollowerState (FollowerState.java:run(106)) - 8a411a4f-0e32-4dd1-80b9-a797c2117425:group-BF7801AC219F changes to CANDIDATE, lastRpcTime:5440, electionTimeout:5142ms
2019-09-26 15:08:42,155 [Thread-1166] INFO  impl.FollowerState (FollowerState.java:run(106)) - 8a411a4f-0e32-4dd1-80b9-a797c2117425:group-69E0C5198CB5 changes to CANDIDATE, lastRpcTime:5489, electionTimeout:5199ms
2019-09-26 15:08:42,150 [Thread-1194] INFO  impl.FollowerState (FollowerState.java:run(106)) - 8a411a4f-0e32-4dd1-80b9-a797c2117425:group-4746F350A503 changes to CANDIDATE, lastRpcTime:5188, electionTimeout:5011ms
2019-09-26 15:08:42,149 [Thread-1191] INFO  impl.FollowerState (FollowerState.java:run(106)) - 8a411a4f-0e32-4dd1-80b9-a797c2117425:group-53CD7F03AB35 changes to CANDIDATE, lastRpcTime:5226, electionTimeout:5053ms
2019-09-26 15:08:41,990 [Thread-1181] INFO  impl.FollowerState (FollowerState.java:run(106)) - 8a411a4f-0e32-4dd1-80b9-a797c2117425:group-FC1F641A5BB5 changes to CANDIDATE, lastRpcTime:5181, electionTimeout:5181ms
2019-09-26 15:08:41,747 [8a411a4f-0e32-4dd1-80b9-a797c2117425@group-7C9D8199E53A:LeaderElection176] INFO  server.RaftServerConfigKeys (ConfUtils.java:logGet(43)) - raft.server.watch.timeout.denomination = 1s (default)
2019-09-26 15:08:41,747 [8a411a4f-0e32-4dd1-80b9-a797c2117425@group-AF909D263E7A:LeaderElection171] INFO  server.RaftServerConfigKeys (ConfUtils.java:logGet(43)) - raft.server.watch.timeout.denomination = 1s (default)
2019-09-26 15:08:44,689 [8a411a4f-0e32-4dd1-80b9-a797c2117425@group-7C9D8199E53A:LeaderElection176] INFO  server.RaftServerConfigKeys (ConfUtils.java:logGet(43)) - raft.server.watch.element-limit = 65536 (default)
2019-09-26 15:08:44,689 [Thread-1181] INFO  impl.RoleInfo (RoleInfo.java:shutdownFollowerState(121)) - 8a411a4f-0e32-4dd1-80b9-a797c2117425: shutdown FollowerState
2019-09-26 15:08:44,689 [Thread-1191] INFO  impl.RoleInfo (RoleInfo.java:shutdownFollowerState(121)) - 8a411a4f-0e32-4dd1-80b9-a797c2117425: shutdown FollowerState
2019-09-26 15:08:44,689 [Thread-1194] INFO  impl.RoleInfo (RoleInfo.java:shutdownFollowerState(121)) - 8a411a4f-0e32-4dd1-80b9-a797c2117425: shutdown FollowerState
2019-09-26 15:08:44,688 [Thread-1166] INFO  impl.RoleInfo (RoleInfo.java:shutdownFollowerState(121)) - 8a411a4f-0e32-4dd1-80b9-a797c2117425: shutdown FollowerState
2019-09-26 15:08:44,688 [Thread-1172] INFO  impl.RoleInfo (RoleInfo.java:shutdownFollowerState(121)) - 8a411a4f-0e32-4dd1-80b9-a797c2117425: shutdown FollowerState
2019-09-26 15:08:44,688 [8a411a4f-0e32-4dd1-80b9-a797c2117425@group-464AB6351F7D:LeaderElection192] INFO  impl.RoleInfo (RoleInfo.java:shutdownLeaderElection(134)) - 8a411a4f-0e32-4dd1-80b9-a797c2117425: shutdown LeaderElection
2019-09-26 15:08:44,688 [8a411a4f-0e32-4dd1-80b9-a797c2117425@group-AD41E9BABF33:LeaderElection189] INFO  impl.RoleInfo (RoleInfo.java:shutdownLeaderElection(134)) - 8a411a4f-0e32-4dd1-80b9-a797c2117425: shutdown LeaderElection
2019-09-26 15:08:44,688 [Thread-1203] INFO  impl.RoleInfo (RoleInfo.java:shutdownFollowerState(121)) - 8a411a4f-0e32-4dd1-80b9-a797c2117425: shutdown FollowerState
2019-09-26 15:08:44,688 [8a411a4f-0e32-4dd1-80b9-a797c2117425@group-34FCBFD36539:LeaderElection177] INFO  server.RaftServerConfigKeys (ConfUtils.java:logGet(43)) - raft.server.watch.timeout.denomination = 1s (default)
2019-09-26 15:08:44,688 [8a411a4f-0e32-4dd1-80b9-a797c2117425@group-13FFAC1DF739:LeaderElection179] INFO  server.RaftServerConfigKeys (ConfUtils.java:logGet(43)) - raft.server.write.element-limit = 4096 (default)
2019-09-26 15:08:44,688 [Thread-1188] INFO  impl.RoleInfo (RoleInfo.java:shutdownFollowerState(121)) - 8a411a4f-0e32-4dd1-80b9-a797c2117425: shutdown FollowerState
2019-09-26 15:08:44,688 [8a411a4f-0e32-4dd1-80b9-a797c2117425@group-884660014B94:LeaderElection173] INFO  segmented.SegmentedRaftLogWorker (SegmentedRaftLogWorker.java:startLogSegment(380)) - 8a411a4f-0e32-4dd1-80b9-a797c2117425@group-884660014B94-SegmentedRaftLogWorker: Starting segment from index:0
2019-09-26 15:08:44,688 [8a411a4f-0e32-4dd1-80b9-a797c2117425@group-2B78330446BC-SegmentedRaftLogWorker] INFO  impl.RaftServerImpl (ServerState.java:close(385)) - 8a411a4f-0e32-4dd1-80b9-a797c2117425@group-2B78330446BC: closes. applyIndex: -1
2019-09-26 15:08:44,687 [8a411a4f-0e32-4dd1-80b9-a797c2117425@group-E916E844E274:LeaderElection178] INFO  server.RaftServerConfigKeys (ConfUtils.java:logGet(43)) - raft.server.watch.timeout = 10s (default)
2019-09-26 15:08:44,687 [8a411a4f-0e32-4dd1-80b9-a797c2117425@group-AE79292C071A:LeaderElection181] INFO  server.RaftServerConfigKeys (ConfUtils.java:logGet(43)) - raft.server.write.element-limit = 4096 (default)
2019-09-26 15:08:44,687 [8a411a4f-0e32-4dd1-80b9-a797c2117425@group-24DB933FF523:LeaderElection182] INFO  server.RaftServerConfigKeys (ConfUtils.java:logGet(43)) - raft.server.write.element-limit = 4096 (default)
2019-09-26 15:08:44,687 [Thread-1212] INFO  impl.RoleInfo (RoleInfo.java:shutdownFollowerState(121)) - 8a411a4f-0e32-4dd1-80b9-a797c2117425: shutdown FollowerState
2019-09-26 15:08:44,687 [Thread-1209] INFO  impl.RoleInfo (RoleInfo.java:shutdownFollowerState(121)) - 8a411a4f-0e32-4dd1-80b9-a797c2117425: shutdown FollowerState
2019-09-26 15:08:44,687 [Thread-1215] INFO  impl.RoleInfo (RoleInfo.java:shutdownFollowerState(121)) - 8a411a4f-0e32-4dd1-80b9-a797c2117425: shutdown FollowerState
2019-09-26 15:08:44,687 [Thread-1206] INFO  impl.RoleInfo (RoleInfo.java:shutdownFollowerState(121)) - 8a411a4f-0e32-4dd1-80b9-a797c2117425: shutdown FollowerState
2019-09-26 15:08:44,686 [Thread-1200] INFO  impl.RoleInfo (RoleInfo.java:shutdownFollowerState(121)) - 8a411a4f-0e32-4dd1-80b9-a797c2117425: shutdown FollowerState
2019-09-26 15:08:44,686 [8a411a4f-0e32-4dd1-80b9-a797c2117425@group-CD788BB93D49:LeaderElection196] INFO  impl.RoleInfo (RoleInfo.java:shutdownLeaderElection(134)) - 8a411a4f-0e32-4dd1-80b9-a797c2117425: shutdown LeaderElection
2019-09-26 15:08:44,686 [8a411a4f-0e32-4dd1-80b9-a797c2117425@group-FC1790118091:LeaderElection195] INFO  impl.RoleInfo (RoleInfo.java:shutdownLeaderElection(134)) - 8a411a4f-0e32-4dd1-80b9-a797c2117425: shutdown LeaderElection
2019-09-26 15:08:44,686 [8a411a4f-0e32-4dd1-80b9-a797c2117425@group-E5D9BD4A2B02:LeaderElection194] INFO  impl.RoleInfo (RoleInfo.java:shutdownLeaderElection(134)) - 8a411a4f-0e32-4dd1-80b9-a797c2117425: shutdown LeaderElection
2019-09-26 15:08:44,686 [8a411a4f-0e32-4dd1-80b9-a797c2117425@group-9FBC4F4584D8:LeaderElection193] INFO  impl.RoleInfo (RoleInfo.java:shutdownLeaderElection(134)) - 8a411a4f-0e32-4dd1-80b9-a797c2117425: shutdown LeaderElection
2019-09-26 15:08:44,686 [pool-27-thread-1] INFO  server.RaftServerConfigKeys (ConfUtils.java:logGet(43)) - raft.server.log.preallocated.size = 16384 (custom)
2019-09-26 15:08:44,686 [8a411a4f-0e32-4dd1-80b9-a797c2117425@group-5C09A8D6B935:LeaderElection180] INFO  server.RaftServerConfigKeys (ConfUtils.java:logGet(43)) - raft.server.staging.catchup.gap = 1000 (default)
2019-09-26 15:08:44,686 [Thread-1239] INFO  impl.RoleInfo (RoleInfo.java:shutdownFollowerState(121)) - 8a411a4f-0e32-4dd1-80b9-a797c2117425: shutdown FollowerState
2019-09-26 15:08:44,685 [Thread-1230] INFO  impl.RoleInfo (RoleInfo.java:shutdownFollowerState(121)) - 8a411a4f-0e32-4dd1-80b9-a797c2117425: shutdown FollowerState
2019-09-26 15:08:44,685 [Thread-1233] INFO  impl.RoleInfo (RoleInfo.java:shutdownFollowerState(121)) - 8a411a4f-0e32-4dd1-80b9-a797c2117425: shutdown FollowerState
2019-09-26 15:08:44,685 [Thread-1224] INFO  impl.RoleInfo (RoleInfo.java:shutdownFollowerState(121)) - 8a411a4f-0e32-4dd1-80b9-a797c2117425: shutdown FollowerState
2019-09-26 15:08:44,685 [Thread-1218] INFO  impl.RoleInfo (RoleInfo.java:shutdownFollowerState(121)) - 8a411a4f-0e32-4dd1-80b9-a797c2117425: shutdown FollowerState
2019-09-26 15:08:44,685 [8a411a4f-0e32-4dd1-80b9-a797c2117425@group-D220E74A09E8-SegmentedRaftLogWorker] INFO  impl.RaftServerImpl (RaftServerImpl.java:lambda$shutdown$3(251)) - 8a411a4f-0e32-4dd1-80b9-a797c2117425@group-D220E74A09E8: shutdown
2019-09-26 15:08:44,685 [Thread-1221] INFO  impl.RoleInfo (RoleInfo.java:shutdownFollowerState(121)) - 8a411a4f-0e32-4dd1-80b9-a797c2117425: shutdown FollowerState
2019-09-26 15:08:44,685 [8a411a4f-0e32-4dd1-80b9-a797c2117425@group-0BF01F02E0AC-SegmentedRaftLogWorker] INFO  impl.StateMachineUpdater (StateMachineUpdater.java:stopAndJoin(125)) - 8a411a4f-0e32-4dd1-80b9-a797c2117425@group-0BF01F02E0AC-StateMachineUpdater: set stopIndex = -1
2019-09-26 15:08:44,685 [Thread-1242] INFO  impl.RoleInfo (RoleInfo.java:shutdownFollowerState(121)) - 8a411a4f-0e32-4dd1-80b9-a797c2117425: shutdown FollowerState
2019-09-26 15:08:44,873 [Thread-1242] INFO  impl.RaftServerImpl (RaftServerImpl.java:setRole(174)) - 8a411a4f-0e32-4dd1-80b9-a797c2117425@group-282779247581: changes role from  FOLLOWER to CANDIDATE at term 0 for changeToCandidate
2019-09-26 15:08:44,684 [Thread-1236] INFO  impl.RoleInfo (RoleInfo.java:shutdownFollowerState(121)) - 8a411a4f-0e32-4dd1-80b9-a797c2117425: shutdown FollowerState
2019-09-26 15:08:44,873 [Thread-1242] INFO  impl.RoleInfo (RoleInfo.java:updateAndGet(143)) - 8a411a4f-0e32-4dd1-80b9-a797c2117425: start LeaderElection
2019-09-26 15:08:44,684 [8a411a4f-0e32-4dd1-80b9-a797c2117425@group-171E6B5B65D9-SegmentedRaftLogWorker] INFO  impl.RaftServerImpl (RaftServerImpl.java:lambda$shutdown$3(251)) - 8a411a4f-0e32-4dd1-80b9-a797c2117425@group-171E6B5B65D9: shutdown
2019-09-26 15:08:44,684 [Thread-1227] INFO  impl.RoleInfo (RoleInfo.java:shutdownFollowerState(121)) - 8a411a4f-0e32-4dd1-80b9-a797c2117425: shutdown FollowerState
2019-09-26 15:08:44,683 [Thread-979] INFO  impl.FollowerState (FollowerState.java:run(106)) - 8a411a4f-0e32-4dd1-80b9-a797c2117425:group-56CC94C0701C changes to CANDIDATE, lastRpcTime:10479, electionTimeout:5007ms
2019-09-26 15:08:44,683 [Thread-964] INFO  impl.FollowerState (FollowerState.java:run(106)) - 8a411a4f-0e32-4dd1-80b9-a797c2117425:group-46ECC70944D4 changes to CANDIDATE, lastRpcTime:10667, electionTimeout:5026ms
2019-09-26 15:08:44,505 [8a411a4f-0e32-4dd1-80b9-a797c2117425@group-D2E29C0D0AAA:LeaderElection174] INFO  impl.RaftServerImpl (ServerState.java:setRaftConf(354)) - 8a411a4f-0e32-4dd1-80b9-a797c2117425@group-D2E29C0D0AAA: set configuration 0: [8a411a4f-0e32-4dd1-80b9-a797c2117425:192.168.151.99:37125], old=null at 0
2019-09-26 15:08:44,505 [Thread-1157] INFO  impl.RoleInfo (RoleInfo.java:updateAndGet(143)) - 8a411a4f-0e32-4dd1-80b9-a797c2117425: start LeaderElection
2019-09-26 15:08:44,505 [Thread-1163] INFO  impl.RoleInfo (RoleInfo.java:updateAndGet(143)) - 8a411a4f-0e32-4dd1-80b9-a797c2117425: start LeaderElection
2019-09-26 15:08:44,504 [Thread-1160] INFO  impl.RoleInfo (RoleInfo.java:updateAndGet(143)) - 8a411a4f-0e32-4dd1-80b9-a797c2117425: start LeaderElection
2019-09-26 15:08:44,504 [Thread-1154] INFO  impl.RoleInfo (RoleInfo.java:updateAndGet(143)) - 8a411a4f-0e32-4dd1-80b9-a797c2117425: start LeaderElection
2019-09-26 15:08:44,500 [8a411a4f-0e32-4dd1-80b9-a797c2117425@group-4A9996C7FAA7-SegmentedRaftLogWorker] ERROR segmented.SegmentedRaftLogWorker (SegmentedRaftLogWorker.java:run(323)) - 8a411a4f-0e32-4dd1-80b9-a797c2117425@group-4A9996C7FAA7-SegmentedRaftLogWorker hit exception
java.lang.OutOfMemoryError: Direct buffer memory
	at java.nio.Bits.reserveMemory(Bits.java:666)
	at java.nio.DirectByteBuffer.<init>(DirectByteBuffer.java:123)
	at java.nio.ByteBuffer.allocateDirect(ByteBuffer.java:311)
	at org.apache.ratis.server.raftlog.segmented.BufferedWriteChannel.<init>(BufferedWriteChannel.java:41)
	at org.apache.ratis.server.raftlog.segmented.SegmentedRaftLogOutputStream.<init>(SegmentedRaftLogOutputStream.java:72)
	at org.apache.ratis.server.raftlog.segmented.SegmentedRaftLogWorker$StartLogSegment.execute(SegmentedRaftLogWorker.java:566)
	at org.apache.ratis.server.raftlog.segmented.SegmentedRaftLogWorker.run(SegmentedRaftLogWorker.java:289)
	at java.lang.Thread.run(Thread.java:748)
2019-09-26 15:08:44,874 [8a411a4f-0e32-4dd1-80b9-a797c2117425@group-4A9996C7FAA7-SegmentedRaftLogWorker] INFO  impl.RaftServerImpl (RaftServerImpl.java:lambda$shutdown$3(251)) - 8a411a4f-0e32-4dd1-80b9-a797c2117425@group-4A9996C7FAA7: shutdown
2019-09-26 15:08:44,325 [8a411a4f-0e32-4dd1-80b9-a797c2117425@group-3AAC4688A9E6:LeaderElection175] INFO  impl.RaftServerImpl (ServerState.java:setRaftConf(354)) - 8a411a4f-0e32-4dd1-80b9-a797c2117425@group-3AAC4688A9E6: set configuration 0: [8a411a4f-0e32-4dd1-80b9-a797c2117425:192.168.151.99:37125], old=null at 0
2019-09-26 15:08:44,325 [8a411a4f-0e32-4dd1-80b9-a797c2117425@group-F5831FDAC3B9:LeaderElection190] INFO  server.RaftServerConfigKeys (ConfUtils.java:logGet(43)) - raft.server.staging.catchup.gap = 1000 (default)
2019-09-26 15:08:44,324 [8a411a4f-0e32-4dd1-80b9-a797c2117425@group-9B2ED3ACC3BA:LeaderElection201] INFO  impl.LeaderElection (LeaderElection.java:askForVotes(182)) - 8a411a4f-0e32-4dd1-80b9-a797c2117425@group-9B2ED3ACC3BA:LeaderElection201: begin an election at term 1 for -1: [8a411a4f-0e32-4dd1-80b9-a797c2117425:192.168.151.99:37125], old=null
2019-09-26 15:08:44,324 [8a411a4f-0e32-4dd1-80b9-a797c2117425@group-08ECA622B824:LeaderElection200] INFO  impl.LeaderElection (LeaderElection.java:askForVotes(182)) - 8a411a4f-0e32-4dd1-80b9-a797c2117425@group-08ECA622B824:LeaderElection200: begin an election at term 1 for -1: [8a411a4f-0e32-4dd1-80b9-a797c2117425:192.168.151.99:37125], old=null
2019-09-26 15:08:44,324 [8a411a4f-0e32-4dd1-80b9-a797c2117425@group-C4458528C18D:LeaderElection199] INFO  impl.LeaderElection (LeaderElection.java:askForVotes(182)) - 8a411a4f-0e32-4dd1-80b9-a797c2117425@group-C4458528C18D:LeaderElection199: begin an election at term 1 for -1: [8a411a4f-0e32-4dd1-80b9-a797c2117425:192.168.151.99:37125], old=null
2019-09-26 15:08:44,324 [Thread-1351] INFO  impl.FollowerState (FollowerState.java:run(106)) - 8a411a4f-0e32-4dd1-80b9-a797c2117425:group-A085057DFB26 changes to CANDIDATE, lastRpcTime:5324, electionTimeout:5119ms
2019-09-26 15:08:44,115 [8a411a4f-0e32-4dd1-80b9-a797c2117425@group-5E95C319A20F:LeaderElection191] INFO  server.RaftServerConfigKeys (ConfUtils.java:logGet(43)) - raft.server.rpc.sleep.time = 25ms (default)
2019-09-26 15:08:44,875 [8a411a4f-0e32-4dd1-80b9-a797c2117425@group-5E95C319A20F:LeaderElection191] INFO  server.RaftServerConfigKeys (ConfUtils.java:logGet(43)) - raft.server.write.element-limit = 4096 (default)
2019-09-26 15:08:44,875 [8a411a4f-0e32-4dd1-80b9-a797c2117425@group-5E95C319A20F:LeaderElection191] INFO  server.RaftServerConfigKeys (ConfUtils.java:logGet(43)) - raft.server.watch.timeout = 10s (default)
2019-09-26 15:08:44,115 [Thread-1348] INFO  impl.FollowerState (FollowerState.java:run(106)) - 8a411a4f-0e32-4dd1-80b9-a797c2117425:group-D2571D42C563 changes to CANDIDATE, lastRpcTime:5163, electionTimeout:5162ms
2019-09-26 15:08:44,110 [8a411a4f-0e32-4dd1-80b9-a797c2117425@group-6DE3712AF134:LeaderElection172] INFO  impl.RaftServerImpl (ServerState.java:setRaftConf(354)) - 8a411a4f-0e32-4dd1-80b9-a797c2117425@group-6DE3712AF134: set configuration 0: [8a411a4f-0e32-4dd1-80b9-a797c2117425:192.168.151.99:37125], old=null at 0
2019-09-26 15:08:44,109 [8a411a4f-0e32-4dd1-80b9-a797c2117425@group-B3C8B28B000E:LeaderElection185] INFO  server.RaftServerConfigKeys (ConfUtils.java:logGet(43)) - raft.server.staging.catchup.gap = 1000 (default)
2019-09-26 15:08:44,109 [8a411a4f-0e32-4dd1-80b9-a797c2117425@group-06EC7D0DF22B:LeaderElection187] INFO  server.RaftServerConfigKeys (ConfUtils.java:logGet(43)) - raft.server.staging.catchup.gap = 1000 (default)
2019-09-26 15:08:44,876 [8a411a4f-0e32-4dd1-80b9-a797c2117425@group-06EC7D0DF22B:LeaderElection187] INFO  server.RaftServerConfigKeys (ConfUtils.java:logGet(43)) - raft.server.rpc.sleep.time = 25ms (default)
2019-09-26 15:08:44,109 [8a411a4f-0e32-4dd1-80b9-a797c2117425@group-F0ABC0A80C00:LeaderElection183] INFO  server.RaftServerConfigKeys (ConfUtils.java:logGet(43)) - raft.server.staging.catchup.gap = 1000 (default)
2019-09-26 15:08:44,109 [8a411a4f-0e32-4dd1-80b9-a797c2117425@group-4D95ED7A34E1:LeaderElection186] INFO  server.RaftServerConfigKeys (ConfUtils.java:logGet(43)) - raft.server.staging.catchup.gap = 1000 (default)
2019-09-26 15:08:44,876 [8a411a4f-0e32-4dd1-80b9-a797c2117425@group-4D95ED7A34E1:LeaderElection186] INFO  server.RaftServerConfigKeys (ConfUtils.java:logGet(43)) - raft.server.rpc.sleep.time = 25ms (default)
2019-09-26 15:08:44,876 [8a411a4f-0e32-4dd1-80b9-a797c2117425@group-4D95ED7A34E1:LeaderElection186] INFO  server.RaftServerConfigKeys (ConfUtils.java:logGet(43)) - raft.server.write.element-limit = 4096 (default)
2019-09-26 15:08:44,109 [8a411a4f-0e32-4dd1-80b9-a797c2117425@group-F71E95AE8AB3:LeaderElection188] INFO  server.RaftServerConfigKeys (ConfUtils.java:logGet(43)) - raft.server.rpc.sleep.time = 25ms (default)
2019-09-26 15:08:44,109 [8a411a4f-0e32-4dd1-80b9-a797c2117425@group-38020CCA7F83:LeaderElection184] INFO  server.RaftServerConfigKeys (ConfUtils.java:logGet(43)) - raft.server.staging.catchup.gap = 1000 (default)
2019-09-26 15:08:44,109 [8a411a4f-0e32-4dd1-80b9-a797c2117425@group-42B53E77480F-SegmentedRaftLogWorker] INFO  impl.PendingRequests (PendingRequests.java:sendNotLeaderResponses(202)) - 8a411a4f-0e32-4dd1-80b9-a797c2117425-PendingRequests: sendNotLeaderResponses
2019-09-26 15:08:44,108 [8a411a4f-0e32-4dd1-80b9-a797c2117425@group-41D518DC092B-SegmentedRaftLogWorker] INFO  impl.RaftServerImpl (ServerState.java:close(385)) - 8a411a4f-0e32-4dd1-80b9-a797c2117425@group-41D518DC092B: closes. applyIndex: -1
2019-09-26 15:08:44,877 [8a411a4f-0e32-4dd1-80b9-a797c2117425@group-42B53E77480F-SegmentedRaftLogWorker] INFO  impl.StateMachineUpdater (StateMachineUpdater.java:stopAndJoin(125)) - 8a411a4f-0e32-4dd1-80b9-a797c2117425@group-42B53E77480F-StateMachineUpdater: set stopIndex = -1
2019-09-26 15:08:44,108 [8a411a4f-0e32-4dd1-80b9-a797c2117425@group-A06E2440B4E9:LeaderElection170] INFO  impl.RaftServerImpl (ServerState.java:setRaftConf(354)) - 8a411a4f-0e32-4dd1-80b9-a797c2117425@group-A06E2440B4E9: set configuration 0: [8a411a4f-0e32-4dd1-80b9-a797c2117425:192.168.151.99:37125], old=null at 0
2019-09-26 15:08:44,107 [Thread-1341] INFO  impl.FollowerState (FollowerState.java:run(106)) - 8a411a4f-0e32-4dd1-80b9-a797c2117425:group-FF69114B1B03 changes to CANDIDATE, lastRpcTime:5224, electionTimeout:5028ms
2019-09-26 15:08:44,107 [8a411a4f-0e32-4dd1-80b9-a797c2117425@group-AF9A2420E8C8-SegmentedRaftLogWorker] ERROR segmented.SegmentedRaftLogWorker (SegmentedRaftLogWorker.java:run(323)) - 8a411a4f-0e32-4dd1-80b9-a797c2117425@group-AF9A2420E8C8-SegmentedRaftLogWorker hit exception
java.lang.OutOfMemoryError: Direct buffer memory
	at java.nio.Bits.reserveMemory(Bits.java:666)
	at java.nio.DirectByteBuffer.<init>(DirectByteBuffer.java:123)
	at java.nio.ByteBuffer.allocateDirect(ByteBuffer.java:311)
	at org.apache.ratis.server.raftlog.segmented.BufferedWriteChannel.<init>(BufferedWriteChannel.java:41)
	at org.apache.ratis.server.raftlog.segmented.SegmentedRaftLogOutputStream.<init>(SegmentedRaftLogOutputStream.java:72)
	at org.apache.ratis.server.raftlog.segmented.SegmentedRaftLogWorker$StartLogSegment.execute(SegmentedRaftLogWorker.java:566)
	at org.apache.ratis.server.raftlog.segmented.SegmentedRaftLogWorker.run(SegmentedRaftLogWorker.java:289)
	at java.lang.Thread.run(Thread.java:748)
2019-09-26 15:08:44,877 [8a411a4f-0e32-4dd1-80b9-a797c2117425@group-AF9A2420E8C8-SegmentedRaftLogWorker] INFO  impl.RaftServerImpl (RaftServerImpl.java:lambda$shutdown$3(251)) - 8a411a4f-0e32-4dd1-80b9-a797c2117425@group-AF9A2420E8C8: shutdown
2019-09-26 15:08:44,877 [8a411a4f-0e32-4dd1-80b9-a797c2117425@group-AF9A2420E8C8-SegmentedRaftLogWorker] INFO  util.JmxRegister (JmxRegister.java:unregister(73)) - Successfully un-registered JMX Bean with object name Ratis:service=RaftServer,group=group-AF9A2420E8C8,id=8a411a4f-0e32-4dd1-80b9-a797c2117425
2019-09-26 15:08:44,877 [8a411a4f-0e32-4dd1-80b9-a797c2117425@group-AF9A2420E8C8-SegmentedRaftLogWorker] INFO  impl.RoleInfo (RoleInfo.java:shutdownLeaderState(104)) - 8a411a4f-0e32-4dd1-80b9-a797c2117425: shutdown LeaderState
2019-09-26 15:08:44,878 [8a411a4f-0e32-4dd1-80b9-a797c2117425@group-AF9A2420E8C8-SegmentedRaftLogWorker] INFO  impl.PendingRequests (PendingRequests.java:sendNotLeaderResponses(202)) - 8a411a4f-0e32-4dd1-80b9-a797c2117425-PendingRequests: sendNotLeaderResponses
2019-09-26 15:08:44,878 [8a411a4f-0e32-4dd1-80b9-a797c2117425@group-AF9A2420E8C8-SegmentedRaftLogWorker] INFO  impl.StateMachineUpdater (StateMachineUpdater.java:stopAndJoin(125)) - 8a411a4f-0e32-4dd1-80b9-a797c2117425@group-AF9A2420E8C8-StateMachineUpdater: set stopIndex = -1
2019-09-26 15:08:44,107 [8a411a4f-0e32-4dd1-80b9-a797c2117425@group-8E69DC84651B-SegmentedRaftLogWorker] ERROR segmented.SegmentedRaftLogWorker (SegmentedRaftLogWorker.java:run(323)) - 8a411a4f-0e32-4dd1-80b9-a797c2117425@group-8E69DC84651B-SegmentedRaftLogWorker hit exception
java.lang.OutOfMemoryError: Direct buffer memory
	at java.nio.Bits.reserveMemory(Bits.java:666)
	at java.nio.DirectByteBuffer.<init>(DirectByteBuffer.java:123)
	at java.nio.ByteBuffer.allocateDirect(ByteBuffer.java:311)
	at org.apache.ratis.server.raftlog.segmented.BufferedWriteChannel.<init>(BufferedWriteChannel.java:41)
	at org.apache.ratis.server.raftlog.segmented.SegmentedRaftLogOutputStream.<init>(SegmentedRaftLogOutputStream.java:72)
	at org.apache.ratis.server.raftlog.segmented.SegmentedRaftLogWorker$StartLogSegment.execute(SegmentedRaftLogWorker.java:566)
	at org.apache.ratis.server.raftlog.segmented.SegmentedRaftLogWorker.run(SegmentedRaftLogWorker.java:289)
	at java.lang.Thread.run(Thread.java:748)
2019-09-26 15:08:44,878 [8a411a4f-0e32-4dd1-80b9-a797c2117425@group-8E69DC84651B-SegmentedRaftLogWorker] INFO  impl.RaftServerImpl (RaftServerImpl.java:lambda$shutdown$3(251)) - 8a411a4f-0e32-4dd1-80b9-a797c2117425@group-8E69DC84651B: shutdown
2019-09-26 15:08:44,878 [8a411a4f-0e32-4dd1-80b9-a797c2117425@group-8E69DC84651B-SegmentedRaftLogWorker] INFO  util.JmxRegister (JmxRegister.java:unregister(73)) - Successfully un-registered JMX Bean with object name Ratis:service=RaftServer,group=group-8E69DC84651B,id=8a411a4f-0e32-4dd1-80b9-a797c2117425
2019-09-26 15:08:44,878 [8a411a4f-0e32-4dd1-80b9-a797c2117425@group-8E69DC84651B-SegmentedRaftLogWorker] INFO  impl.RoleInfo (RoleInfo.java:shutdownLeaderState(104)) - 8a411a4f-0e32-4dd1-80b9-a797c2117425: shutdown LeaderState
2019-09-26 15:08:44,878 [8a411a4f-0e32-4dd1-80b9-a797c2117425@group-8E69DC84651B-SegmentedRaftLogWorker] INFO  impl.PendingRequests (PendingRequests.java:sendNotLeaderResponses(202)) - 8a411a4f-0e32-4dd1-80b9-a797c2117425-PendingRequests: sendNotLeaderResponses
2019-09-26 15:08:44,105 [Thread-1338] INFO  impl.FollowerState (FollowerState.java:run(106)) - 8a411a4f-0e32-4dd1-80b9-a797c2117425:group-2234F8D63BBB changes to CANDIDATE, lastRpcTime:5241, electionTimeout:5156ms
2019-09-26 15:08:44,879 [Thread-1338] INFO  impl.RoleInfo (RoleInfo.java:shutdownFollowerState(121)) - 8a411a4f-0e32-4dd1-80b9-a797c2117425: shutdown FollowerState
2019-09-26 15:08:44,879 [Thread-1338] INFO  impl.RaftServerImpl (RaftServerImpl.java:setRole(174)) - 8a411a4f-0e32-4dd1-80b9-a797c2117425@group-2234F8D63BBB: changes role from  FOLLOWER to CANDIDATE at term 0 for changeToCandidate
2019-09-26 15:08:44,879 [Thread-1338] INFO  impl.RoleInfo (RoleInfo.java:updateAndGet(143)) - 8a411a4f-0e32-4dd1-80b9-a797c2117425: start LeaderElection
2019-09-26 15:08:44,104 [Thread-1354] INFO  impl.FollowerState (FollowerState.java:run(106)) - 8a411a4f-0e32-4dd1-80b9-a797c2117425:group-BDE5A38AA11F changes to CANDIDATE, lastRpcTime:5075, electionTimeout:5009ms
2019-09-26 15:08:44,104 [Thread-1357] INFO  impl.FollowerState (FollowerState.java:run(106)) - 8a411a4f-0e32-4dd1-80b9-a797c2117425:group-D6588462D619 changes to CANDIDATE, lastRpcTime:5044, electionTimeout:5044ms
2019-09-26 15:08:44,104 [Thread-1345] INFO  impl.FollowerState (FollowerState.java:run(106)) - 8a411a4f-0e32-4dd1-80b9-a797c2117425:group-C78D9C690071 changes to CANDIDATE, lastRpcTime:5182, electionTimeout:5172ms
2019-09-26 15:08:43,876 [Thread-1169] INFO  impl.RoleInfo (RoleInfo.java:updateAndGet(143)) - 8a411a4f-0e32-4dd1-80b9-a797c2117425: start LeaderElection
2019-09-26 15:08:43,875 [Thread-1269] INFO  impl.RoleInfo (RoleInfo.java:shutdownFollowerState(121)) - 8a411a4f-0e32-4dd1-80b9-a797c2117425: shutdown FollowerState
2019-09-26 15:08:43,875 [Thread-1266] INFO  impl.RoleInfo (RoleInfo.java:shutdownFollowerState(121)) - 8a411a4f-0e32-4dd1-80b9-a797c2117425: shutdown FollowerState
2019-09-26 15:08:44,880 [Thread-1266] INFO  impl.RaftServerImpl (RaftServerImpl.java:setRole(174)) - 8a411a4f-0e32-4dd1-80b9-a797c2117425@group-7740B1DAF25C: changes role from  FOLLOWER to CANDIDATE at term 0 for changeToCandidate
2019-09-26 15:08:43,875 [Thread-1254] INFO  impl.RoleInfo (RoleInfo.java:shutdownFollowerState(121)) - 8a411a4f-0e32-4dd1-80b9-a797c2117425: shutdown FollowerState
2019-09-26 15:08:43,875 [Thread-1332] INFO  impl.FollowerState (FollowerState.java:run(106)) - 8a411a4f-0e32-4dd1-80b9-a797c2117425:group-AA1C07C3D689 changes to CANDIDATE, lastRpcTime:5072, electionTimeout:5071ms
2019-09-26 15:08:43,875 [RatisPipelineUtilsThread] ERROR pipeline.SCMPipelineManager (SCMPipelineManager.java:createPipeline(167)) - Pipeline creation failed.
java.io.IOException: Failed invoke Ratis rpc org.apache.hadoop.hdds.scm.pipeline.RatisPipelineProvider$$Lambda$169/1523819729@6ce62e2 for 8a411a4f-0e32-4dd1-80b9-a797c2117425
	at org.apache.hadoop.hdds.scm.pipeline.RatisPipelineProvider.lambda$null$2(RatisPipelineProvider.java:176)
	at java.util.stream.ForEachOps$ForEachOp$OfRef.accept(ForEachOps.java:184)
	at java.util.ArrayList$ArrayListSpliterator.forEachRemaining(ArrayList.java:1382)
	at java.util.stream.AbstractPipeline.copyInto(AbstractPipeline.java:482)
	at java.util.stream.ForEachOps$ForEachTask.compute(ForEachOps.java:291)
	at java.util.concurrent.CountedCompleter.exec(CountedCompleter.java:731)
	at java.util.concurrent.ForkJoinTask.doExec(ForkJoinTask.java:289)
	at java.util.concurrent.ForkJoinTask.doInvoke(ForkJoinTask.java:401)
	at java.util.concurrent.ForkJoinTask.invoke(ForkJoinTask.java:734)
	at java.util.stream.ForEachOps$ForEachOp.evaluateParallel(ForEachOps.java:160)
	at java.util.stream.ForEachOps$ForEachOp$OfRef.evaluateParallel(ForEachOps.java:174)
	at java.util.stream.AbstractPipeline.evaluate(AbstractPipeline.java:233)
	at java.util.stream.ReferencePipeline.forEach(ReferencePipeline.java:418)
	at java.util.stream.ReferencePipeline$Head.forEach(ReferencePipeline.java:583)
	at org.apache.hadoop.hdds.scm.pipeline.RatisPipelineProvider.lambda$callRatisRpc$3(RatisPipelineProvider.java:165)
	at java.util.concurrent.ForkJoinTask$AdaptedRunnableAction.exec(ForkJoinTask.java:1386)
	at java.util.concurrent.ForkJoinTask.doExec(ForkJoinTask.java:289)
	at java.util.concurrent.ForkJoinPool$WorkQueue.runTask(ForkJoinPool.java:1056)
	at java.util.concurrent.ForkJoinPool.runWorker(ForkJoinPool.java:1692)
	at java.util.concurrent.ForkJoinWorkerThread.run(ForkJoinWorkerThread.java:157)
Caused by: org.apache.ratis.protocol.TimeoutIOException: deadline exceeded after 2999889385ns
	at org.apache.ratis.grpc.GrpcUtil.tryUnwrapException(GrpcUtil.java:82)
	at org.apache.ratis.grpc.GrpcUtil.unwrapException(GrpcUtil.java:75)
	at org.apache.ratis.grpc.client.GrpcClientProtocolClient.blockingCall(GrpcClientProtocolClient.java:178)
	at org.apache.ratis.grpc.client.GrpcClientProtocolClient.groupAdd(GrpcClientProtocolClient.java:147)
	at org.apache.ratis.grpc.client.GrpcClientRpc.sendRequest(GrpcClientRpc.java:94)
	at org.apache.ratis.client.impl.RaftClientImpl.sendRequest(RaftClientImpl.java:278)
	at org.apache.ratis.client.impl.RaftClientImpl.groupAdd(RaftClientImpl.java:205)
	at org.apache.hadoop.hdds.scm.pipeline.RatisPipelineProvider.lambda$initializePipeline$1(RatisPipelineProvider.java:136)
	at org.apache.hadoop.hdds.scm.pipeline.RatisPipelineProvider.lambda$null$2(RatisPipelineProvider.java:171)
	... 19 more
Caused by: org.apache.ratis.thirdparty.io.grpc.StatusRuntimeException: DEADLINE_EXCEEDED: deadline exceeded after 2999889385ns
	at org.apache.ratis.thirdparty.io.grpc.stub.ClientCalls.toStatusRuntimeException(ClientCalls.java:233)
	at org.apache.ratis.thirdparty.io.grpc.stub.ClientCalls.getUnchecked(ClientCalls.java:214)
	at org.apache.ratis.thirdparty.io.grpc.stub.ClientCalls.blockingUnaryCall(ClientCalls.java:139)
	at org.apache.ratis.proto.grpc.AdminProtocolServiceGrpc$AdminProtocolServiceBlockingStub.groupManagement(AdminProtocolServiceGrpc.java:274)
	at org.apache.ratis.grpc.client.GrpcClientProtocolClient.lambda$groupAdd$3(GrpcClientProtocolClient.java:149)
	at org.apache.ratis.grpc.client.GrpcClientProtocolClient.blockingCall(GrpcClientProtocolClient.java:176)
	... 25 more
2019-09-26 15:08:43,872 [Thread-1326] INFO  impl.FollowerState (FollowerState.java:run(106)) - 8a411a4f-0e32-4dd1-80b9-a797c2117425:group-9134F99A9F4A changes to CANDIDATE, lastRpcTime:5131, electionTimeout:5131ms
2019-09-26 15:08:43,872 [Thread-1260] INFO  impl.RoleInfo (RoleInfo.java:shutdownFollowerState(121)) - 8a411a4f-0e32-4dd1-80b9-a797c2117425: shutdown FollowerState
2019-09-26 15:08:43,872 [Thread-1248] INFO  impl.RoleInfo (RoleInfo.java:shutdownFollowerState(121)) - 8a411a4f-0e32-4dd1-80b9-a797c2117425: shutdown FollowerState
2019-09-26 15:08:43,872 [Thread-1257] INFO  impl.RoleInfo (RoleInfo.java:shutdownFollowerState(121)) - 8a411a4f-0e32-4dd1-80b9-a797c2117425: shutdown FollowerState
2019-09-26 15:08:44,884 [Thread-1257] INFO  impl.RaftServerImpl (RaftServerImpl.java:setRole(174)) - 8a411a4f-0e32-4dd1-80b9-a797c2117425@group-9CAEA4046C8E: changes role from  FOLLOWER to CANDIDATE at term 0 for changeToCandidate
2019-09-26 15:08:43,872 [8a411a4f-0e32-4dd1-80b9-a797c2117425@group-358F631A9058-SegmentedRaftLogWorker] INFO  impl.RaftServerImpl (RaftServerImpl.java:lambda$shutdown$3(251)) - 8a411a4f-0e32-4dd1-80b9-a797c2117425@group-358F631A9058: shutdown
2019-09-26 15:08:43,702 [8a411a4f-0e32-4dd1-80b9-a797c2117425@group-4150286250A6-SegmentedRaftLogWorker] INFO  impl.RaftServerImpl (RaftServerImpl.java:lambda$shutdown$3(251)) - 8a411a4f-0e32-4dd1-80b9-a797c2117425@group-4150286250A6: shutdown
2019-09-26 15:08:43,871 [Thread-1308] INFO  impl.FollowerState (FollowerState.java:run(106)) - 8a411a4f-0e32-4dd1-80b9-a797c2117425:group-5997EE45F5E1 changes to CANDIDATE, lastRpcTime:5301, electionTimeout:5158ms
2019-09-26 15:08:43,870 [8a411a4f-0e32-4dd1-80b9-a797c2117425@group-FECB0F3475E8-SegmentedRaftLogWorker] ERROR segmented.SegmentedRaftLogWorker (SegmentedRaftLogWorker.java:run(323)) - 8a411a4f-0e32-4dd1-80b9-a797c2117425@group-FECB0F3475E8-SegmentedRaftLogWorker hit exception
java.lang.OutOfMemoryError: Direct buffer memory
	at java.nio.Bits.reserveMemory(Bits.java:666)
	at java.nio.DirectByteBuffer.<init>(DirectByteBuffer.java:123)
	at java.nio.ByteBuffer.allocateDirect(ByteBuffer.java:311)
	at org.apache.ratis.server.raftlog.segmented.BufferedWriteChannel.<init>(BufferedWriteChannel.java:41)
	at org.apache.ratis.server.raftlog.segmented.SegmentedRaftLogOutputStream.<init>(SegmentedRaftLogOutputStream.java:72)
	at org.apache.ratis.server.raftlog.segmented.SegmentedRaftLogWorker$StartLogSegment.execute(SegmentedRaftLogWorker.java:566)
	at org.apache.ratis.server.raftlog.segmented.SegmentedRaftLogWorker.run(SegmentedRaftLogWorker.java:289)
	at java.lang.Thread.run(Thread.java:748)
2019-09-26 15:08:43,870 [8a411a4f-0e32-4dd1-80b9-a797c2117425@group-0B799EF4D341-SegmentedRaftLogWorker] ERROR segmented.SegmentedRaftLogWorker (SegmentedRaftLogWorker.java:run(323)) - 8a411a4f-0e32-4dd1-80b9-a797c2117425@group-0B799EF4D341-SegmentedRaftLogWorker hit exception
java.lang.OutOfMemoryError: Direct buffer memory
	at java.nio.Bits.reserveMemory(Bits.java:666)
	at java.nio.DirectByteBuffer.<init>(DirectByteBuffer.java:123)
	at java.nio.ByteBuffer.allocateDirect(ByteBuffer.java:311)
	at org.apache.ratis.server.raftlog.segmented.BufferedWriteChannel.<init>(BufferedWriteChannel.java:41)
	at org.apache.ratis.server.raftlog.segmented.SegmentedRaftLogOutputStream.<init>(SegmentedRaftLogOutputStream.java:72)
	at org.apache.ratis.server.raftlog.segmented.SegmentedRaftLogWorker$StartLogSegment.execute(SegmentedRaftLogWorker.java:566)
	at org.apache.ratis.server.raftlog.segmented.SegmentedRaftLogWorker.run(SegmentedRaftLogWorker.java:289)
	at java.lang.Thread.run(Thread.java:748)
2019-09-26 15:08:44,885 [8a411a4f-0e32-4dd1-80b9-a797c2117425@group-0B799EF4D341-SegmentedRaftLogWorker] INFO  impl.RaftServerImpl (RaftServerImpl.java:lambda$shutdown$3(251)) - 8a411a4f-0e32-4dd1-80b9-a797c2117425@group-0B799EF4D341: shutdown
2019-09-26 15:08:43,869 [Thread-1329] INFO  impl.FollowerState (FollowerState.java:run(106)) - 8a411a4f-0e32-4dd1-80b9-a797c2117425:group-D5C2E6A1B48A changes to CANDIDATE, lastRpcTime:5096, electionTimeout:5004ms
2019-09-26 15:08:43,869 [Thread-1317] INFO  impl.FollowerState (FollowerState.java:run(106)) - 8a411a4f-0e32-4dd1-80b9-a797c2117425:group-2AD62173610F changes to CANDIDATE, lastRpcTime:5207, electionTimeout:5122ms
2019-09-26 15:08:43,869 [Thread-1323] INFO  impl.FollowerState (FollowerState.java:run(106)) - 8a411a4f-0e32-4dd1-80b9-a797c2117425:group-8C4965DA48D4 changes to CANDIDATE, lastRpcTime:5147, electionTimeout:5070ms
2019-09-26 15:08:43,867 [Thread-1335] INFO  impl.FollowerState (FollowerState.java:run(106)) - 8a411a4f-0e32-4dd1-80b9-a797c2117425:group-DA5E89A2DC85 changes to CANDIDATE, lastRpcTime:5024, electionTimeout:5008ms
2019-09-26 15:08:43,702 [8a411a4f-0e32-4dd1-80b9-a797c2117425@group-938D56FE126F:LeaderElection169] INFO  impl.RaftServerImpl (ServerState.java:setRaftConf(354)) - 8a411a4f-0e32-4dd1-80b9-a797c2117425@group-938D56FE126F: set configuration 0: [8a411a4f-0e32-4dd1-80b9-a797c2117425:192.168.151.99:37125], old=null at 0
2019-09-26 15:08:43,702 [Thread-1245] INFO  impl.RoleInfo (RoleInfo.java:shutdownFollowerState(121)) - 8a411a4f-0e32-4dd1-80b9-a797c2117425: shutdown FollowerState
2019-09-26 15:08:43,701 [Thread-1251] INFO  impl.RoleInfo (RoleInfo.java:shutdownFollowerState(121)) - 8a411a4f-0e32-4dd1-80b9-a797c2117425: shutdown FollowerState
2019-09-26 15:08:43,701 [Thread-1272] INFO  impl.RoleInfo (RoleInfo.java:shutdownFollowerState(121)) - 8a411a4f-0e32-4dd1-80b9-a797c2117425: shutdown FollowerState
2019-09-26 15:08:44,885 [Thread-1272] INFO  impl.RaftServerImpl (RaftServerImpl.java:setRole(174)) - 8a411a4f-0e32-4dd1-80b9-a797c2117425@group-FC070601F0EC: changes role from  FOLLOWER to CANDIDATE at term 0 for changeToCandidate
2019-09-26 15:08:43,701 [Thread-1263] INFO  impl.RaftServerImpl (RaftServerImpl.java:setRole(174)) - 8a411a4f-0e32-4dd1-80b9-a797c2117425@group-2F139598710B: changes role from  FOLLOWER to CANDIDATE at term 0 for changeToCandidate
2019-09-26 15:08:43,701 [Thread-1275] INFO  impl.RoleInfo (RoleInfo.java:shutdownFollowerState(121)) - 8a411a4f-0e32-4dd1-80b9-a797c2117425: shutdown FollowerState
2019-09-26 15:08:43,701 [8a411a4f-0e32-4dd1-80b9-a797c2117425@group-545C9FF84361-SegmentedRaftLogWorker] INFO  impl.RaftServerImpl (RaftServerImpl.java:lambda$shutdown$3(251)) - 8a411a4f-0e32-4dd1-80b9-a797c2117425@group-545C9FF84361: shutdown
2019-09-26 15:08:43,701 [8a411a4f-0e32-4dd1-80b9-a797c2117425@group-1E5C55F9AE7D:LeaderElection203] INFO  impl.LeaderElection (LeaderElection.java:askForVotes(182)) - 8a411a4f-0e32-4dd1-80b9-a797c2117425@group-1E5C55F9AE7D:LeaderElection203: begin an election at term 1 for -1: [8a411a4f-0e32-4dd1-80b9-a797c2117425:192.168.151.99:37125], old=null
2019-09-26 15:08:43,701 [8a411a4f-0e32-4dd1-80b9-a797c2117425@group-1955C9B62640:LeaderElection202] INFO  impl.LeaderElection (LeaderElection.java:askForVotes(182)) - 8a411a4f-0e32-4dd1-80b9-a797c2117425@group-1955C9B62640:LeaderElection202: begin an election at term 1 for -1: [8a411a4f-0e32-4dd1-80b9-a797c2117425:192.168.151.99:37125], old=null
2019-09-26 15:08:43,701 [8a411a4f-0e32-4dd1-80b9-a797c2117425@group-815581757129:LeaderElection197] INFO  impl.LeaderElection (LeaderElection.java:askForVotes(182)) - 8a411a4f-0e32-4dd1-80b9-a797c2117425@group-815581757129:LeaderElection197: begin an election at term 1 for -1: [8a411a4f-0e32-4dd1-80b9-a797c2117425:192.168.151.99:37125], old=null
2019-09-26 15:08:43,699 [Thread-1302] INFO  impl.FollowerState (FollowerState.java:run(106)) - 8a411a4f-0e32-4dd1-80b9-a797c2117425:group-9758B97C7A43 changes to CANDIDATE, lastRpcTime:5214, electionTimeout:5102ms
2019-09-26 15:08:43,698 [Thread-1311] INFO  impl.FollowerState (FollowerState.java:run(106)) - 8a411a4f-0e32-4dd1-80b9-a797c2117425:group-6A12D702F30C changes to CANDIDATE, lastRpcTime:5096, electionTimeout:5062ms
2019-09-26 15:08:43,698 [Thread-1305] INFO  impl.FollowerState (FollowerState.java:run(106)) - 8a411a4f-0e32-4dd1-80b9-a797c2117425:group-08B3FA40B821 changes to CANDIDATE, lastRpcTime:5174, electionTimeout:5142ms
2019-09-26 15:08:43,698 [Thread-1314] INFO  impl.FollowerState (FollowerState.java:run(106)) - 8a411a4f-0e32-4dd1-80b9-a797c2117425:group-533E6FD97CDD changes to CANDIDATE, lastRpcTime:5057, electionTimeout:5030ms
2019-09-26 15:08:43,698 [Thread-1320] INFO  impl.FollowerState (FollowerState.java:run(106)) - 8a411a4f-0e32-4dd1-80b9-a797c2117425:group-A010A9011A71 changes to CANDIDATE, lastRpcTime:5011, electionTimeout:5009ms
2019-09-26 15:08:43,515 [8a411a4f-0e32-4dd1-80b9-a797c2117425@group-BEEA3F674A0C-SegmentedRaftLogWorker] INFO  impl.StateMachineUpdater (StateMachineUpdater.java:stopAndJoin(125)) - 8a411a4f-0e32-4dd1-80b9-a797c2117425@group-BEEA3F674A0C-StateMachineUpdater: set stopIndex = -1
2019-09-26 15:08:44,886 [8a411a4f-0e32-4dd1-80b9-a797c2117425@group-BEEA3F674A0C-SegmentedRaftLogWorker] INFO  impl.RaftServerImpl (ServerState.java:close(385)) - 8a411a4f-0e32-4dd1-80b9-a797c2117425@group-BEEA3F674A0C: closes. applyIndex: -1
2019-09-26 15:08:43,515 [8a411a4f-0e32-4dd1-80b9-a797c2117425@group-24E75438A6C2:LeaderElection160] INFO  impl.RaftServerImpl (ServerState.java:setRaftConf(354)) - 8a411a4f-0e32-4dd1-80b9-a797c2117425@group-24E75438A6C2: set configuration 0: [8a411a4f-0e32-4dd1-80b9-a797c2117425:192.168.151.99:37125], old=null at 0
2019-09-26 15:08:44,887 [8a411a4f-0e32-4dd1-80b9-a797c2117425@group-BEEA3F674A0C-SegmentedRaftLogWorker] INFO  segmented.SegmentedRaftLogWorker (SegmentedRaftLogWorker.java:close(228)) - 8a411a4f-0e32-4dd1-80b9-a797c2117425@group-BEEA3F674A0C-SegmentedRaftLogWorker close()
2019-09-26 15:08:43,514 [Thread-1281] INFO  impl.RoleInfo (RoleInfo.java:updateAndGet(143)) - 8a411a4f-0e32-4dd1-80b9-a797c2117425: start LeaderElection
2019-09-26 15:08:43,514 [Thread-1290] INFO  impl.RoleInfo (RoleInfo.java:shutdownFollowerState(121)) - 8a411a4f-0e32-4dd1-80b9-a797c2117425: shutdown FollowerState
2019-09-26 15:08:43,514 [Thread-1278] INFO  impl.RoleInfo (RoleInfo.java:shutdownFollowerState(121)) - 8a411a4f-0e32-4dd1-80b9-a797c2117425: shutdown FollowerState
2019-09-26 15:08:43,514 [Thread-1284] INFO  impl.RoleInfo (RoleInfo.java:shutdownFollowerState(121)) - 8a411a4f-0e32-4dd1-80b9-a797c2117425: shutdown FollowerState
2019-09-26 15:08:43,514 [Thread-1296] INFO  impl.RoleInfo (RoleInfo.java:shutdownFollowerState(121)) - 8a411a4f-0e32-4dd1-80b9-a797c2117425: shutdown FollowerState
2019-09-26 15:08:43,514 [Thread-1299] INFO  impl.RoleInfo (RoleInfo.java:shutdownFollowerState(121)) - 8a411a4f-0e32-4dd1-80b9-a797c2117425: shutdown FollowerState
2019-09-26 15:08:43,513 [Thread-1293] INFO  impl.RoleInfo (RoleInfo.java:shutdownFollowerState(121)) - 8a411a4f-0e32-4dd1-80b9-a797c2117425: shutdown FollowerState
2019-09-26 15:08:44,892 [Thread-1293] INFO  impl.RaftServerImpl (RaftServerImpl.java:setRole(174)) - 8a411a4f-0e32-4dd1-80b9-a797c2117425@group-CA9544AD4330: changes role from  FOLLOWER to CANDIDATE at term 0 for changeToCandidate
2019-09-26 15:08:43,513 [8a411a4f-0e32-4dd1-80b9-a797c2117425@group-3ACE71D3EB17-SegmentedRaftLogWorker] INFO  impl.RaftServerImpl (RaftServerImpl.java:lambda$shutdown$3(251)) - 8a411a4f-0e32-4dd1-80b9-a797c2117425@group-3ACE71D3EB17: shutdown
2019-09-26 15:08:43,513 [Thread-1287] INFO  impl.RoleInfo (RoleInfo.java:shutdownFollowerState(121)) - 8a411a4f-0e32-4dd1-80b9-a797c2117425: shutdown FollowerState
2019-09-26 15:08:43,513 [Thread-1148] INFO  impl.RaftServerImpl (RaftServerImpl.java:setRole(174)) - 8a411a4f-0e32-4dd1-80b9-a797c2117425@group-00BC2B0139A4: changes role from  FOLLOWER to CANDIDATE at term 0 for changeToCandidate
2019-09-26 15:08:44,892 [Thread-1287] INFO  impl.RaftServerImpl (RaftServerImpl.java:setRole(174)) - 8a411a4f-0e32-4dd1-80b9-a797c2117425@group-4A3018D7CF99: changes role from  FOLLOWER to CANDIDATE at term 0 for changeToCandidate
2019-09-26 15:08:44,892 [8a411a4f-0e32-4dd1-80b9-a797c2117425@group-3ACE71D3EB17-SegmentedRaftLogWorker] INFO  util.JmxRegister (JmxRegister.java:unregister(73)) - Successfully un-registered JMX Bean with object name Ratis:service=RaftServer,group=group-3ACE71D3EB17,id=8a411a4f-0e32-4dd1-80b9-a797c2117425
2019-09-26 15:08:44,893 [8a411a4f-0e32-4dd1-80b9-a797c2117425@group-3ACE71D3EB17-SegmentedRaftLogWorker] INFO  impl.RoleInfo (RoleInfo.java:shutdownLeaderState(104)) - 8a411a4f-0e32-4dd1-80b9-a797c2117425: shutdown LeaderState
2019-09-26 15:08:44,892 [Thread-1293] INFO  impl.RoleInfo (RoleInfo.java:updateAndGet(143)) - 8a411a4f-0e32-4dd1-80b9-a797c2117425: start LeaderElection
2019-09-26 15:08:44,892 [Thread-1299] INFO  impl.RaftServerImpl (RaftServerImpl.java:setRole(174)) - 8a411a4f-0e32-4dd1-80b9-a797c2117425@group-817B3DD20E3E: changes role from  FOLLOWER to CANDIDATE at term 0 for changeToCandidate
2019-09-26 15:08:44,892 [Thread-1296] INFO  impl.RaftServerImpl (RaftServerImpl.java:setRole(174)) - 8a411a4f-0e32-4dd1-80b9-a797c2117425@group-FFBC1D88D468: changes role from  FOLLOWER to CANDIDATE at term 0 for changeToCandidate
2019-09-26 15:08:44,892 [Thread-1284] INFO  impl.RaftServerImpl (RaftServerImpl.java:setRole(174)) - 8a411a4f-0e32-4dd1-80b9-a797c2117425@group-D946C9146714: changes role from  FOLLOWER to CANDIDATE at term 0 for changeToCandidate
2019-09-26 15:08:44,892 [Thread-1278] INFO  impl.RaftServerImpl (RaftServerImpl.java:setRole(174)) - 8a411a4f-0e32-4dd1-80b9-a797c2117425@group-080076819465: changes role from  FOLLOWER to CANDIDATE at term 0 for changeToCandidate
2019-09-26 15:08:44,892 [Thread-1290] INFO  impl.RaftServerImpl (RaftServerImpl.java:setRole(174)) - 8a411a4f-0e32-4dd1-80b9-a797c2117425@group-797476ADB718: changes role from  FOLLOWER to CANDIDATE at term 0 for changeToCandidate
2019-09-26 15:08:44,891 [8a411a4f-0e32-4dd1-80b9-a797c2117425@group-282779247581:LeaderElection210] INFO  impl.LeaderElection (LeaderElection.java:askForVotes(182)) - 8a411a4f-0e32-4dd1-80b9-a797c2117425@group-282779247581:LeaderElection210: begin an election at term 1 for -1: [8a411a4f-0e32-4dd1-80b9-a797c2117425:192.168.151.99:37125], old=null
2019-09-26 15:08:44,891 [8a411a4f-0e32-4dd1-80b9-a797c2117425@group-F516CA13D34C:LeaderElection205] INFO  impl.LeaderElection (LeaderElection.java:askForVotes(182)) - 8a411a4f-0e32-4dd1-80b9-a797c2117425@group-F516CA13D34C:LeaderElection205: begin an election at term 1 for -1: [8a411a4f-0e32-4dd1-80b9-a797c2117425:192.168.151.99:37125], old=null
2019-09-26 15:08:44,891 [8a411a4f-0e32-4dd1-80b9-a797c2117425@group-3C71898FAFED:LeaderElection208] INFO  impl.LeaderElection (LeaderElection.java:askForVotes(182)) - 8a411a4f-0e32-4dd1-80b9-a797c2117425@group-3C71898FAFED:LeaderElection208: begin an election at term 1 for -1: [8a411a4f-0e32-4dd1-80b9-a797c2117425:192.168.151.99:37125], old=null
2019-09-26 15:08:44,891 [8a411a4f-0e32-4dd1-80b9-a797c2117425@group-2234F8D63BBB:LeaderElection211] INFO  impl.LeaderElection (LeaderElection.java:askForVotes(182)) - 8a411a4f-0e32-4dd1-80b9-a797c2117425@group-2234F8D63BBB:LeaderElection211: begin an election at term 1 for -1: [8a411a4f-0e32-4dd1-80b9-a797c2117425:192.168.151.99:37125], old=null
2019-09-26 15:08:44,891 [8a411a4f-0e32-4dd1-80b9-a797c2117425@group-5915C1BC536E:LeaderElection206] INFO  impl.LeaderElection (LeaderElection.java:askForVotes(182)) - 8a411a4f-0e32-4dd1-80b9-a797c2117425@group-5915C1BC536E:LeaderElection206: begin an election at term 1 for -1: [8a411a4f-0e32-4dd1-80b9-a797c2117425:192.168.151.99:37125], old=null
2019-09-26 15:08:44,891 [8a411a4f-0e32-4dd1-80b9-a797c2117425@group-E8F94CDE43C3:LeaderElection209] INFO  impl.LeaderElection (LeaderElection.java:askForVotes(182)) - 8a411a4f-0e32-4dd1-80b9-a797c2117425@group-E8F94CDE43C3:LeaderElection209: begin an election at term 1 for -1: [8a411a4f-0e32-4dd1-80b9-a797c2117425:192.168.151.99:37125], old=null
2019-09-26 15:08:44,891 [8a411a4f-0e32-4dd1-80b9-a797c2117425@group-C0E431E566D9:LeaderElection207] INFO  impl.LeaderElection (LeaderElection.java:askForVotes(182)) - 8a411a4f-0e32-4dd1-80b9-a797c2117425@group-C0E431E566D9:LeaderElection207: begin an election at term 1 for -1: [8a411a4f-0e32-4dd1-80b9-a797c2117425:192.168.151.99:37125], old=null
2019-09-26 15:08:44,886 [Thread-1320] INFO  impl.RoleInfo (RoleInfo.java:shutdownFollowerState(121)) - 8a411a4f-0e32-4dd1-80b9-a797c2117425: shutdown FollowerState
2019-09-26 15:08:44,886 [Thread-1314] INFO  impl.RoleInfo (RoleInfo.java:shutdownFollowerState(121)) - 8a411a4f-0e32-4dd1-80b9-a797c2117425: shutdown FollowerState
2019-09-26 15:08:44,886 [Thread-1305] INFO  impl.RoleInfo (RoleInfo.java:shutdownFollowerState(121)) - 8a411a4f-0e32-4dd1-80b9-a797c2117425: shutdown FollowerState
2019-09-26 15:08:44,886 [Thread-1311] INFO  impl.RoleInfo (RoleInfo.java:shutdownFollowerState(121)) - 8a411a4f-0e32-4dd1-80b9-a797c2117425: shutdown FollowerState
2019-09-26 15:08:44,886 [Thread-1302] INFO  impl.RoleInfo (RoleInfo.java:shutdownFollowerState(121)) - 8a411a4f-0e32-4dd1-80b9-a797c2117425: shutdown FollowerState
2019-09-26 15:08:44,886 [8a411a4f-0e32-4dd1-80b9-a797c2117425@group-815581757129:LeaderElection197] INFO  impl.RoleInfo (RoleInfo.java:shutdownLeaderElection(134)) - 8a411a4f-0e32-4dd1-80b9-a797c2117425: shutdown LeaderElection
2019-09-26 15:08:44,894 [8a411a4f-0e32-4dd1-80b9-a797c2117425@group-815581757129:LeaderElection197] INFO  impl.RaftServerImpl (RaftServerImpl.java:setRole(174)) - 8a411a4f-0e32-4dd1-80b9-a797c2117425@group-815581757129: changes role from CANDIDATE to LEADER at term 1 for changeToLeader
2019-09-26 15:08:44,886 [8a411a4f-0e32-4dd1-80b9-a797c2117425@group-1955C9B62640:LeaderElection202] INFO  impl.RoleInfo (RoleInfo.java:shutdownLeaderElection(134)) - 8a411a4f-0e32-4dd1-80b9-a797c2117425: shutdown LeaderElection
2019-09-26 15:08:44,894 [8a411a4f-0e32-4dd1-80b9-a797c2117425@group-1955C9B62640:LeaderElection202] INFO  impl.RaftServerImpl (RaftServerImpl.java:setRole(174)) - 8a411a4f-0e32-4dd1-80b9-a797c2117425@group-1955C9B62640: changes role from CANDIDATE to LEADER at term 1 for changeToLeader
2019-09-26 15:08:44,894 [8a411a4f-0e32-4dd1-80b9-a797c2117425@group-1955C9B62640:LeaderElection202] INFO  impl.RaftServerImpl (ServerState.java:setLeader(253)) - 8a411a4f-0e32-4dd1-80b9-a797c2117425@group-1955C9B62640: change Leader from null to 8a411a4f-0e32-4dd1-80b9-a797c2117425 at term 1 for becomeLeader, leader elected after 8595ms
2019-09-26 15:08:44,886 [8a411a4f-0e32-4dd1-80b9-a797c2117425@group-1E5C55F9AE7D:LeaderElection203] INFO  impl.RoleInfo (RoleInfo.java:shutdownLeaderElection(134)) - 8a411a4f-0e32-4dd1-80b9-a797c2117425: shutdown LeaderElection
2019-09-26 15:08:44,886 [8a411a4f-0e32-4dd1-80b9-a797c2117425@group-545C9FF84361-SegmentedRaftLogWorker] INFO  util.JmxRegister (JmxRegister.java:unregister(73)) - Successfully un-registered JMX Bean with object name Ratis:service=RaftServer,group=group-545C9FF84361,id=8a411a4f-0e32-4dd1-80b9-a797c2117425
2019-09-26 15:08:44,886 [Thread-1275] INFO  impl.RaftServerImpl (RaftServerImpl.java:setRole(174)) - 8a411a4f-0e32-4dd1-80b9-a797c2117425@group-DE38E862BFA6: changes role from  FOLLOWER to CANDIDATE at term 0 for changeToCandidate
2019-09-26 15:08:44,886 [Thread-1263] INFO  impl.RoleInfo (RoleInfo.java:updateAndGet(143)) - 8a411a4f-0e32-4dd1-80b9-a797c2117425: start LeaderElection
2019-09-26 15:08:44,885 [Thread-1272] INFO  impl.RoleInfo (RoleInfo.java:updateAndGet(143)) - 8a411a4f-0e32-4dd1-80b9-a797c2117425: start LeaderElection
2019-09-26 15:08:44,885 [Thread-1251] INFO  impl.RaftServerImpl (RaftServerImpl.java:setRole(174)) - 8a411a4f-0e32-4dd1-80b9-a797c2117425@group-FEC7288BDF94: changes role from  FOLLOWER to CANDIDATE at term 0 for changeToCandidate
2019-09-26 15:08:44,885 [Thread-1245] INFO  impl.RaftServerImpl (RaftServerImpl.java:setRole(174)) - 8a411a4f-0e32-4dd1-80b9-a797c2117425@group-ACB2ABC0275F: changes role from  FOLLOWER to CANDIDATE at term 0 for changeToCandidate
2019-09-26 15:08:44,885 [Thread-1335] INFO  impl.RoleInfo (RoleInfo.java:shutdownFollowerState(121)) - 8a411a4f-0e32-4dd1-80b9-a797c2117425: shutdown FollowerState
2019-09-26 15:08:44,885 [Thread-1323] INFO  impl.RoleInfo (RoleInfo.java:shutdownFollowerState(121)) - 8a411a4f-0e32-4dd1-80b9-a797c2117425: shutdown FollowerState
2019-09-26 15:08:44,885 [Thread-1317] INFO  impl.RoleInfo (RoleInfo.java:shutdownFollowerState(121)) - 8a411a4f-0e32-4dd1-80b9-a797c2117425: shutdown FollowerState
2019-09-26 15:08:44,885 [Thread-1329] INFO  impl.RoleInfo (RoleInfo.java:shutdownFollowerState(121)) - 8a411a4f-0e32-4dd1-80b9-a797c2117425: shutdown FollowerState
2019-09-26 15:08:44,885 [8a411a4f-0e32-4dd1-80b9-a797c2117425@group-0B799EF4D341-SegmentedRaftLogWorker] INFO  util.JmxRegister (JmxRegister.java:unregister(73)) - Successfully un-registered JMX Bean with object name Ratis:service=RaftServer,group=group-0B799EF4D341,id=8a411a4f-0e32-4dd1-80b9-a797c2117425
2019-09-26 15:08:44,884 [8a411a4f-0e32-4dd1-80b9-a797c2117425@group-FECB0F3475E8-SegmentedRaftLogWorker] INFO  impl.RaftServerImpl (RaftServerImpl.java:lambda$shutdown$3(251)) - 8a411a4f-0e32-4dd1-80b9-a797c2117425@group-FECB0F3475E8: shutdown
2019-09-26 15:08:44,884 [Thread-1308] INFO  impl.RoleInfo (RoleInfo.java:shutdownFollowerState(121)) - 8a411a4f-0e32-4dd1-80b9-a797c2117425: shutdown FollowerState
2019-09-26 15:08:44,895 [Thread-1308] INFO  impl.RaftServerImpl (RaftServerImpl.java:setRole(174)) - 8a411a4f-0e32-4dd1-80b9-a797c2117425@group-5997EE45F5E1: changes role from  FOLLOWER to CANDIDATE at term 0 for changeToCandidate
2019-09-26 15:08:44,884 [8a411a4f-0e32-4dd1-80b9-a797c2117425@group-4150286250A6-SegmentedRaftLogWorker] INFO  util.JmxRegister (JmxRegister.java:unregister(73)) - Successfully un-registered JMX Bean with object name Ratis:service=RaftServer,group=group-4150286250A6,id=8a411a4f-0e32-4dd1-80b9-a797c2117425
2019-09-26 15:08:44,895 [8a411a4f-0e32-4dd1-80b9-a797c2117425@group-4150286250A6-SegmentedRaftLogWorker] INFO  impl.RoleInfo (RoleInfo.java:shutdownLeaderState(104)) - 8a411a4f-0e32-4dd1-80b9-a797c2117425: shutdown LeaderState
2019-09-26 15:08:44,884 [8a411a4f-0e32-4dd1-80b9-a797c2117425@group-358F631A9058-SegmentedRaftLogWorker] INFO  util.JmxRegister (JmxRegister.java:unregister(73)) - Successfully un-registered JMX Bean with object name Ratis:service=RaftServer,group=group-358F631A9058,id=8a411a4f-0e32-4dd1-80b9-a797c2117425
2019-09-26 15:08:44,896 [8a411a4f-0e32-4dd1-80b9-a797c2117425@group-358F631A9058-SegmentedRaftLogWorker] INFO  impl.RoleInfo (RoleInfo.java:shutdownLeaderState(104)) - 8a411a4f-0e32-4dd1-80b9-a797c2117425: shutdown LeaderState
2019-09-26 15:08:44,884 [Thread-1257] INFO  impl.RoleInfo (RoleInfo.java:updateAndGet(143)) - 8a411a4f-0e32-4dd1-80b9-a797c2117425: start LeaderElection
2019-09-26 15:08:44,884 [Thread-1248] INFO  impl.RaftServerImpl (RaftServerImpl.java:setRole(174)) - 8a411a4f-0e32-4dd1-80b9-a797c2117425@group-AE0AA035EF40: changes role from  FOLLOWER to CANDIDATE at term 0 for changeToCandidate
2019-09-26 15:08:44,884 [Thread-1260] INFO  impl.RaftServerImpl (RaftServerImpl.java:setRole(174)) - 8a411a4f-0e32-4dd1-80b9-a797c2117425@group-BF52FF77A681: changes role from  FOLLOWER to CANDIDATE at term 0 for changeToCandidate
2019-09-26 15:08:44,884 [Thread-1326] INFO  impl.RoleInfo (RoleInfo.java:shutdownFollowerState(121)) - 8a411a4f-0e32-4dd1-80b9-a797c2117425: shutdown FollowerState
2019-09-26 15:08:44,884 [RatisPipelineUtilsThread] ERROR pipeline.PipelinePlacementPolicy (PipelinePlacementPolicy.java:filterViableNodes(130)) - Not enough healthy nodes to allocate pipeline. 3  datanodes required. Found 1
2019-09-26 15:08:44,880 [Thread-1332] INFO  impl.RoleInfo (RoleInfo.java:shutdownFollowerState(121)) - 8a411a4f-0e32-4dd1-80b9-a797c2117425: shutdown FollowerState
2019-09-26 15:08:44,880 [Thread-1254] INFO  impl.RaftServerImpl (RaftServerImpl.java:setRole(174)) - 8a411a4f-0e32-4dd1-80b9-a797c2117425@group-966319DBCAF8: changes role from  FOLLOWER to CANDIDATE at term 0 for changeToCandidate
2019-09-26 15:08:44,880 [Thread-1266] INFO  impl.RoleInfo (RoleInfo.java:updateAndGet(143)) - 8a411a4f-0e32-4dd1-80b9-a797c2117425: start LeaderElection
2019-09-26 15:08:44,880 [Thread-1269] INFO  impl.RaftServerImpl (RaftServerImpl.java:setRole(174)) - 8a411a4f-0e32-4dd1-80b9-a797c2117425@group-FDA5C66D66D8: changes role from  FOLLOWER to CANDIDATE at term 0 for changeToCandidate
2019-09-26 15:08:44,879 [Thread-1345] INFO  impl.RoleInfo (RoleInfo.java:shutdownFollowerState(121)) - 8a411a4f-0e32-4dd1-80b9-a797c2117425: shutdown FollowerState
2019-09-26 15:08:44,896 [Thread-1345] INFO  impl.RaftServerImpl (RaftServerImpl.java:setRole(174)) - 8a411a4f-0e32-4dd1-80b9-a797c2117425@group-C78D9C690071: changes role from  FOLLOWER to CANDIDATE at term 0 for changeToCandidate
2019-09-26 15:08:44,879 [Thread-1357] INFO  impl.RoleInfo (RoleInfo.java:shutdownFollowerState(121)) - 8a411a4f-0e32-4dd1-80b9-a797c2117425: shutdown FollowerState
2019-09-26 15:08:44,879 [Thread-1354] INFO  impl.RoleInfo (RoleInfo.java:shutdownFollowerState(121)) - 8a411a4f-0e32-4dd1-80b9-a797c2117425: shutdown FollowerState
2019-09-26 15:08:44,879 [8a411a4f-0e32-4dd1-80b9-a797c2117425@group-8E69DC84651B-SegmentedRaftLogWorker] INFO  impl.StateMachineUpdater (StateMachineUpdater.java:stopAndJoin(125)) - 8a411a4f-0e32-4dd1-80b9-a797c2117425@group-8E69DC84651B-StateMachineUpdater: set stopIndex = -1
2019-09-26 15:08:44,897 [8a411a4f-0e32-4dd1-80b9-a797c2117425@group-8E69DC84651B-SegmentedRaftLogWorker] INFO  impl.RaftServerImpl (ServerState.java:close(385)) - 8a411a4f-0e32-4dd1-80b9-a797c2117425@group-8E69DC84651B: closes. applyIndex: -1
2019-09-26 15:08:44,878 [8a411a4f-0e32-4dd1-80b9-a797c2117425@group-AF9A2420E8C8-SegmentedRaftLogWorker] INFO  impl.RaftServerImpl (ServerState.java:close(385)) - 8a411a4f-0e32-4dd1-80b9-a797c2117425@group-AF9A2420E8C8: closes. applyIndex: -1
2019-09-26 15:08:44,877 [Thread-1341] INFO  impl.RoleInfo (RoleInfo.java:shutdownFollowerState(121)) - 8a411a4f-0e32-4dd1-80b9-a797c2117425: shutdown FollowerState
2019-09-26 15:08:44,877 [8a411a4f-0e32-4dd1-80b9-a797c2117425@group-42B53E77480F-SegmentedRaftLogWorker] INFO  impl.RaftServerImpl (ServerState.java:close(385)) - 8a411a4f-0e32-4dd1-80b9-a797c2117425@group-42B53E77480F: closes. applyIndex: -1
2019-09-26 15:08:44,877 [8a411a4f-0e32-4dd1-80b9-a797c2117425@group-41D518DC092B-SegmentedRaftLogWorker] INFO  segmented.SegmentedRaftLogWorker (SegmentedRaftLogWorker.java:close(228)) - 8a411a4f-0e32-4dd1-80b9-a797c2117425@group-41D518DC092B-SegmentedRaftLogWorker close()
2019-09-26 15:08:44,876 [8a411a4f-0e32-4dd1-80b9-a797c2117425@group-38020CCA7F83:LeaderElection184] INFO  server.RaftServerConfigKeys (ConfUtils.java:logGet(43)) - raft.server.rpc.sleep.time = 25ms (default)
2019-09-26 15:08:44,876 [8a411a4f-0e32-4dd1-80b9-a797c2117425@group-F71E95AE8AB3:LeaderElection188] INFO  server.RaftServerConfigKeys (ConfUtils.java:logGet(43)) - raft.server.write.element-limit = 4096 (default)
2019-09-26 15:08:44,876 [8a411a4f-0e32-4dd1-80b9-a797c2117425@group-4D95ED7A34E1:LeaderElection186] INFO  server.RaftServerConfigKeys (ConfUtils.java:logGet(43)) - raft.server.watch.timeout = 10s (default)
2019-09-26 15:08:44,876 [8a411a4f-0e32-4dd1-80b9-a797c2117425@group-F0ABC0A80C00:LeaderElection183] INFO  server.RaftServerConfigKeys (ConfUtils.java:logGet(43)) - raft.server.rpc.sleep.time = 25ms (default)
2019-09-26 15:08:44,876 [8a411a4f-0e32-4dd1-80b9-a797c2117425@group-06EC7D0DF22B:LeaderElection187] INFO  server.RaftServerConfigKeys (ConfUtils.java:logGet(43)) - raft.server.write.element-limit = 4096 (default)
2019-09-26 15:08:44,876 [8a411a4f-0e32-4dd1-80b9-a797c2117425@group-B3C8B28B000E:LeaderElection185] INFO  server.RaftServerConfigKeys (ConfUtils.java:logGet(43)) - raft.server.rpc.sleep.time = 25ms (default)
2019-09-26 15:08:44,875 [Thread-1348] INFO  impl.RoleInfo (RoleInfo.java:shutdownFollowerState(121)) - 8a411a4f-0e32-4dd1-80b9-a797c2117425: shutdown FollowerState
2019-09-26 15:08:44,875 [8a411a4f-0e32-4dd1-80b9-a797c2117425@group-5E95C319A20F:LeaderElection191] INFO  server.RaftServerConfigKeys (ConfUtils.java:logGet(43)) - raft.server.watch.timeout.denomination = 1s (default)
2019-09-26 15:08:44,875 [Thread-1351] INFO  impl.RoleInfo (RoleInfo.java:shutdownFollowerState(121)) - 8a411a4f-0e32-4dd1-80b9-a797c2117425: shutdown FollowerState
2019-09-26 15:08:44,902 [Thread-1351] INFO  impl.RaftServerImpl (RaftServerImpl.java:setRole(174)) - 8a411a4f-0e32-4dd1-80b9-a797c2117425@group-A085057DFB26: changes role from  FOLLOWER to CANDIDATE at term 0 for changeToCandidate
2019-09-26 15:08:44,875 [8a411a4f-0e32-4dd1-80b9-a797c2117425@group-C4458528C18D:LeaderElection199] INFO  impl.RoleInfo (RoleInfo.java:shutdownLeaderElection(134)) - 8a411a4f-0e32-4dd1-80b9-a797c2117425: shutdown LeaderElection
2019-09-26 15:08:44,875 [8a411a4f-0e32-4dd1-80b9-a797c2117425@group-08ECA622B824:LeaderElection200] INFO  impl.RoleInfo (RoleInfo.java:shutdownLeaderElection(134)) - 8a411a4f-0e32-4dd1-80b9-a797c2117425: shutdown LeaderElection
2019-09-26 15:08:44,903 [8a411a4f-0e32-4dd1-80b9-a797c2117425@group-08ECA622B824:LeaderElection200] INFO  impl.RaftServerImpl (RaftServerImpl.java:setRole(174)) - 8a411a4f-0e32-4dd1-80b9-a797c2117425@group-08ECA622B824: changes role from CANDIDATE to LEADER at term 1 for changeToLeader
2019-09-26 15:08:44,875 [8a411a4f-0e32-4dd1-80b9-a797c2117425@group-9B2ED3ACC3BA:LeaderElection201] INFO  impl.RoleInfo (RoleInfo.java:shutdownLeaderElection(134)) - 8a411a4f-0e32-4dd1-80b9-a797c2117425: shutdown LeaderElection
2019-09-26 15:08:44,875 [8a411a4f-0e32-4dd1-80b9-a797c2117425@group-F5831FDAC3B9:LeaderElection190] INFO  server.RaftServerConfigKeys (ConfUtils.java:logGet(43)) - raft.server.rpc.sleep.time = 25ms (default)
2019-09-26 15:08:44,874 [8a411a4f-0e32-4dd1-80b9-a797c2117425@group-4A9996C7FAA7-SegmentedRaftLogWorker] INFO  util.JmxRegister (JmxRegister.java:unregister(73)) - Successfully un-registered JMX Bean with object name Ratis:service=RaftServer,group=group-4A9996C7FAA7,id=8a411a4f-0e32-4dd1-80b9-a797c2117425
2019-09-26 15:08:44,874 [Thread-964] INFO  impl.RoleInfo (RoleInfo.java:shutdownFollowerState(121)) - 8a411a4f-0e32-4dd1-80b9-a797c2117425: shutdown FollowerState
2019-09-26 15:08:44,903 [Thread-964] INFO  impl.RaftServerImpl (RaftServerImpl.java:setRole(174)) - 8a411a4f-0e32-4dd1-80b9-a797c2117425@group-46ECC70944D4: changes role from  FOLLOWER to CANDIDATE at term 0 for changeToCandidate
2019-09-26 15:08:44,874 [Thread-979] INFO  impl.RoleInfo (RoleInfo.java:shutdownFollowerState(121)) - 8a411a4f-0e32-4dd1-80b9-a797c2117425: shutdown FollowerState
2019-09-26 15:08:44,873 [Thread-1227] INFO  impl.RaftServerImpl (RaftServerImpl.java:setRole(174)) - 8a411a4f-0e32-4dd1-80b9-a797c2117425@group-D65568051C37: changes role from  FOLLOWER to CANDIDATE at term 0 for changeToCandidate
2019-09-26 15:08:44,873 [8a411a4f-0e32-4dd1-80b9-a797c2117425@group-171E6B5B65D9-SegmentedRaftLogWorker] INFO  util.JmxRegister (JmxRegister.java:unregister(73)) - Successfully un-registered JMX Bean with object name Ratis:service=RaftServer,group=group-171E6B5B65D9,id=8a411a4f-0e32-4dd1-80b9-a797c2117425
2019-09-26 15:08:44,903 [8a411a4f-0e32-4dd1-80b9-a797c2117425@group-171E6B5B65D9-SegmentedRaftLogWorker] INFO  impl.RoleInfo (RoleInfo.java:shutdownLeaderState(104)) - 8a411a4f-0e32-4dd1-80b9-a797c2117425: shutdown LeaderState
2019-09-26 15:08:44,873 [Thread-1236] INFO  impl.RaftServerImpl (RaftServerImpl.java:setRole(174)) - 8a411a4f-0e32-4dd1-80b9-a797c2117425@group-72E1DE38373A: changes role from  FOLLOWER to CANDIDATE at term 0 for changeToCandidate
2019-09-26 15:08:44,873 [8a411a4f-0e32-4dd1-80b9-a797c2117425@group-0BF01F02E0AC-SegmentedRaftLogWorker] INFO  impl.RaftServerImpl (ServerState.java:close(385)) - 8a411a4f-0e32-4dd1-80b9-a797c2117425@group-0BF01F02E0AC: closes. applyIndex: -1
2019-09-26 15:08:44,873 [Thread-1221] INFO  impl.RaftServerImpl (RaftServerImpl.java:setRole(174)) - 8a411a4f-0e32-4dd1-80b9-a797c2117425@group-CAAD3C9AE29A: changes role from  FOLLOWER to CANDIDATE at term 0 for changeToCandidate
2019-09-26 15:08:44,904 [8a411a4f-0e32-4dd1-80b9-a797c2117425@group-0BF01F02E0AC-SegmentedRaftLogWorker] INFO  segmented.SegmentedRaftLogWorker (SegmentedRaftLogWorker.java:close(228)) - 8a411a4f-0e32-4dd1-80b9-a797c2117425@group-0BF01F02E0AC-SegmentedRaftLogWorker close()
2019-09-26 15:08:44,873 [8a411a4f-0e32-4dd1-80b9-a797c2117425@group-D220E74A09E8-SegmentedRaftLogWorker] INFO  util.JmxRegister (JmxRegister.java:unregister(73)) - Successfully un-registered JMX Bean with object name Ratis:service=RaftServer,group=group-D220E74A09E8,id=8a411a4f-0e32-4dd1-80b9-a797c2117425
2019-09-26 15:08:44,873 [Thread-1218] INFO  impl.RaftServerImpl (RaftServerImpl.java:setRole(174)) - 8a411a4f-0e32-4dd1-80b9-a797c2117425@group-78F806914167: changes role from  FOLLOWER to CANDIDATE at term 0 for changeToCandidate
2019-09-26 15:08:44,908 [8a411a4f-0e32-4dd1-80b9-a797c2117425@group-7740B1DAF25C:LeaderElection212] INFO  impl.LeaderElection (LeaderElection.java:askForVotes(182)) - 8a411a4f-0e32-4dd1-80b9-a797c2117425@group-7740B1DAF25C:LeaderElection212: begin an election at term 1 for -1: [8a411a4f-0e32-4dd1-80b9-a797c2117425:192.168.151.99:37125], old=null
2019-09-26 15:08:44,872 [Thread-1224] INFO  impl.RaftServerImpl (RaftServerImpl.java:setRole(174)) - 8a411a4f-0e32-4dd1-80b9-a797c2117425@group-D864432FC37C: changes role from  FOLLOWER to CANDIDATE at term 0 for changeToCandidate
2019-09-26 15:08:44,872 [Thread-1233] INFO  impl.RaftServerImpl (RaftServerImpl.java:setRole(174)) - 8a411a4f-0e32-4dd1-80b9-a797c2117425@group-8700CBCF3B52: changes role from  FOLLOWER to CANDIDATE at term 0 for changeToCandidate
2019-09-26 15:08:44,872 [Thread-1230] INFO  impl.RaftServerImpl (RaftServerImpl.java:setRole(174)) - 8a411a4f-0e32-4dd1-80b9-a797c2117425@group-56F119E5147E: changes role from  FOLLOWER to CANDIDATE at term 0 for changeToCandidate
2019-09-26 15:08:44,872 [Thread-1239] INFO  impl.RaftServerImpl (RaftServerImpl.java:setRole(174)) - 8a411a4f-0e32-4dd1-80b9-a797c2117425@group-B3783F4873A6: changes role from  FOLLOWER to CANDIDATE at term 0 for changeToCandidate
2019-09-26 15:08:44,872 [8a411a4f-0e32-4dd1-80b9-a797c2117425@group-5C09A8D6B935:LeaderElection180] INFO  server.RaftServerConfigKeys (ConfUtils.java:logGet(43)) - raft.server.rpc.sleep.time = 25ms (default)
2019-09-26 15:08:44,872 [pool-27-thread-1] INFO  server.RaftServerConfigKeys (ConfUtils.java:logGet(43)) - raft.server.log.write.buffer.size = 33554432 (custom)
2019-09-26 15:08:44,872 [8a411a4f-0e32-4dd1-80b9-a797c2117425@group-9FBC4F4584D8:LeaderElection193] INFO  impl.RaftServerImpl (RaftServerImpl.java:setRole(174)) - 8a411a4f-0e32-4dd1-80b9-a797c2117425@group-9FBC4F4584D8: changes role from CANDIDATE to LEADER at term 1 for changeToLeader
2019-09-26 15:08:44,872 [8a411a4f-0e32-4dd1-80b9-a797c2117425@group-E5D9BD4A2B02:LeaderElection194] INFO  impl.RaftServerImpl (RaftServerImpl.java:setRole(174)) - 8a411a4f-0e32-4dd1-80b9-a797c2117425@group-E5D9BD4A2B02: changes role from CANDIDATE to LEADER at term 1 for changeToLeader
2019-09-26 15:08:44,909 [8a411a4f-0e32-4dd1-80b9-a797c2117425@group-E5D9BD4A2B02:LeaderElection194] INFO  impl.RaftServerImpl (ServerState.java:setLeader(253)) - 8a411a4f-0e32-4dd1-80b9-a797c2117425@group-E5D9BD4A2B02: change Leader from null to 8a411a4f-0e32-4dd1-80b9-a797c2117425 at term 1 for becomeLeader, leader elected after 8815ms
2019-09-26 15:08:44,872 [8a411a4f-0e32-4dd1-80b9-a797c2117425@group-FC1790118091:LeaderElection195] INFO  impl.RaftServerImpl (RaftServerImpl.java:setRole(174)) - 8a411a4f-0e32-4dd1-80b9-a797c2117425@group-FC1790118091: changes role from CANDIDATE to LEADER at term 1 for changeToLeader
2019-09-26 15:08:44,909 [8a411a4f-0e32-4dd1-80b9-a797c2117425@group-FC1790118091:LeaderElection195] INFO  impl.RaftServerImpl (ServerState.java:setLeader(253)) - 8a411a4f-0e32-4dd1-80b9-a797c2117425@group-FC1790118091: change Leader from null to 8a411a4f-0e32-4dd1-80b9-a797c2117425 at term 1 for becomeLeader, leader elected after 8961ms
2019-09-26 15:08:44,872 [8a411a4f-0e32-4dd1-80b9-a797c2117425@group-CD788BB93D49:LeaderElection196] INFO  impl.RaftServerImpl (RaftServerImpl.java:setRole(174)) - 8a411a4f-0e32-4dd1-80b9-a797c2117425@group-CD788BB93D49: changes role from CANDIDATE to LEADER at term 1 for changeToLeader
2019-09-26 15:08:44,909 [8a411a4f-0e32-4dd1-80b9-a797c2117425@group-CD788BB93D49:LeaderElection196] INFO  impl.RaftServerImpl (ServerState.java:setLeader(253)) - 8a411a4f-0e32-4dd1-80b9-a797c2117425@group-CD788BB93D49: change Leader from null to 8a411a4f-0e32-4dd1-80b9-a797c2117425 at term 1 for becomeLeader, leader elected after 8779ms
2019-09-26 15:08:44,871 [Thread-1200] INFO  impl.RaftServerImpl (RaftServerImpl.java:setRole(174)) - 8a411a4f-0e32-4dd1-80b9-a797c2117425@group-3FF9DA04F6D3: changes role from  FOLLOWER to CANDIDATE at term 0 for changeToCandidate
2019-09-26 15:08:44,871 [Thread-1206] INFO  impl.RaftServerImpl (RaftServerImpl.java:setRole(174)) - 8a411a4f-0e32-4dd1-80b9-a797c2117425@group-953CCBC0A9E0: changes role from  FOLLOWER to CANDIDATE at term 0 for changeToCandidate
2019-09-26 15:08:44,871 [Thread-1215] INFO  impl.RaftServerImpl (RaftServerImpl.java:setRole(174)) - 8a411a4f-0e32-4dd1-80b9-a797c2117425@group-1BAA2484A192: changes role from  FOLLOWER to CANDIDATE at term 0 for changeToCandidate
2019-09-26 15:08:44,871 [Thread-1209] INFO  impl.RaftServerImpl (RaftServerImpl.java:setRole(174)) - 8a411a4f-0e32-4dd1-80b9-a797c2117425@group-A5B80CCFC499: changes role from  FOLLOWER to CANDIDATE at term 0 for changeToCandidate
2019-09-26 15:08:44,871 [Thread-1212] INFO  impl.RaftServerImpl (RaftServerImpl.java:setRole(174)) - 8a411a4f-0e32-4dd1-80b9-a797c2117425@group-19C985EAA9F4: changes role from  FOLLOWER to CANDIDATE at term 0 for changeToCandidate
2019-09-26 15:08:44,871 [8a411a4f-0e32-4dd1-80b9-a797c2117425@group-24DB933FF523:LeaderElection182] INFO  server.RaftServerConfigKeys (ConfUtils.java:logGet(43)) - raft.server.watch.timeout = 10s (default)
2019-09-26 15:08:44,871 [8a411a4f-0e32-4dd1-80b9-a797c2117425@group-AE79292C071A:LeaderElection181] INFO  server.RaftServerConfigKeys (ConfUtils.java:logGet(43)) - raft.server.watch.timeout = 10s (default)
2019-09-26 15:08:44,870 [8a411a4f-0e32-4dd1-80b9-a797c2117425@group-789513F6DACF:LeaderElection198] INFO  impl.LeaderElection (LeaderElection.java:askForVotes(182)) - 8a411a4f-0e32-4dd1-80b9-a797c2117425@group-789513F6DACF:LeaderElection198: begin an election at term 1 for -1: [8a411a4f-0e32-4dd1-80b9-a797c2117425:192.168.151.99:37125], old=null
2019-09-26 15:08:44,870 [Thread-970] INFO  impl.FollowerState (FollowerState.java:run(106)) - 8a411a4f-0e32-4dd1-80b9-a797c2117425:group-B82DE6D48904 changes to CANDIDATE, lastRpcTime:10763, electionTimeout:5153ms
2019-09-26 15:08:44,869 [8a411a4f-0e32-4dd1-80b9-a797c2117425@group-338C79B436FD-SegmentedRaftLogWorker] ERROR segmented.SegmentedRaftLogWorker (SegmentedRaftLogWorker.java:run(323)) - 8a411a4f-0e32-4dd1-80b9-a797c2117425@group-338C79B436FD-SegmentedRaftLogWorker hit exception
java.lang.OutOfMemoryError: Direct buffer memory
	at java.nio.Bits.reserveMemory(Bits.java:666)
	at java.nio.DirectByteBuffer.<init>(DirectByteBuffer.java:123)
	at java.nio.ByteBuffer.allocateDirect(ByteBuffer.java:311)
	at org.apache.ratis.server.raftlog.segmented.BufferedWriteChannel.<init>(BufferedWriteChannel.java:41)
	at org.apache.ratis.server.raftlog.segmented.SegmentedRaftLogOutputStream.<init>(SegmentedRaftLogOutputStream.java:72)
	at org.apache.ratis.server.raftlog.segmented.SegmentedRaftLogWorker$StartLogSegment.execute(SegmentedRaftLogWorker.java:566)
	at org.apache.ratis.server.raftlog.segmented.SegmentedRaftLogWorker.run(SegmentedRaftLogWorker.java:289)
	at java.lang.Thread.run(Thread.java:748)
2019-09-26 15:08:44,869 [8a411a4f-0e32-4dd1-80b9-a797c2117425@group-83D70F78A169-SegmentedRaftLogWorker] ERROR segmented.SegmentedRaftLogWorker (SegmentedRaftLogWorker.java:run(323)) - 8a411a4f-0e32-4dd1-80b9-a797c2117425@group-83D70F78A169-SegmentedRaftLogWorker hit exception
java.lang.OutOfMemoryError: Direct buffer memory
	at java.nio.Bits.reserveMemory(Bits.java:666)
	at java.nio.DirectByteBuffer.<init>(DirectByteBuffer.java:123)
	at java.nio.ByteBuffer.allocateDirect(ByteBuffer.java:311)
	at org.apache.ratis.server.raftlog.segmented.BufferedWriteChannel.<init>(BufferedWriteChannel.java:41)
	at org.apache.ratis.server.raftlog.segmented.SegmentedRaftLogOutputStream.<init>(SegmentedRaftLogOutputStream.java:72)
	at org.apache.ratis.server.raftlog.segmented.SegmentedRaftLogWorker$StartLogSegment.execute(SegmentedRaftLogWorker.java:566)
	at org.apache.ratis.server.raftlog.segmented.SegmentedRaftLogWorker.run(SegmentedRaftLogWorker.java:289)
	at java.lang.Thread.run(Thread.java:748)
2019-09-26 15:08:44,910 [8a411a4f-0e32-4dd1-80b9-a797c2117425@group-83D70F78A169-SegmentedRaftLogWorker] INFO  impl.RaftServerImpl (RaftServerImpl.java:lambda$shutdown$3(251)) - 8a411a4f-0e32-4dd1-80b9-a797c2117425@group-83D70F78A169: shutdown
2019-09-26 15:08:44,690 [8a411a4f-0e32-4dd1-80b9-a797c2117425@group-E916E844E274:LeaderElection178] INFO  server.RaftServerConfigKeys (ConfUtils.java:logGet(43)) - raft.server.watch.timeout.denomination = 1s (default)
2019-09-26 15:08:44,690 [8a411a4f-0e32-4dd1-80b9-a797c2117425@group-884660014B94:LeaderElection173] INFO  impl.RaftServerImpl (ServerState.java:setRaftConf(354)) - 8a411a4f-0e32-4dd1-80b9-a797c2117425@group-884660014B94: set configuration 0: [8a411a4f-0e32-4dd1-80b9-a797c2117425:192.168.151.99:37125], old=null at 0
2019-09-26 15:08:44,690 [8a411a4f-0e32-4dd1-80b9-a797c2117425@group-2B78330446BC-SegmentedRaftLogWorker] INFO  segmented.SegmentedRaftLogWorker (SegmentedRaftLogWorker.java:close(228)) - 8a411a4f-0e32-4dd1-80b9-a797c2117425@group-2B78330446BC-SegmentedRaftLogWorker close()
2019-09-26 15:08:44,690 [8a411a4f-0e32-4dd1-80b9-a797c2117425@group-7C9D8199E53A:LeaderElection176] INFO  impl.RoleInfo (RoleInfo.java:updateAndGet(143)) - 8a411a4f-0e32-4dd1-80b9-a797c2117425: start LeaderState
2019-09-26 15:08:44,690 [Thread-1188] INFO  impl.RaftServerImpl (RaftServerImpl.java:setRole(174)) - 8a411a4f-0e32-4dd1-80b9-a797c2117425@group-5709F8A61C02: changes role from  FOLLOWER to CANDIDATE at term 0 for changeToCandidate
2019-09-26 15:08:44,915 [8a411a4f-0e32-4dd1-80b9-a797c2117425@group-7C9D8199E53A:LeaderElection176] INFO  segmented.SegmentedRaftLogWorker (SegmentedRaftLogWorker.java:startLogSegment(380)) - 8a411a4f-0e32-4dd1-80b9-a797c2117425@group-7C9D8199E53A-SegmentedRaftLogWorker: Starting segment from index:0
2019-09-26 15:08:44,690 [8a411a4f-0e32-4dd1-80b9-a797c2117425@group-13FFAC1DF739:LeaderElection179] INFO  server.RaftServerConfigKeys (ConfUtils.java:logGet(43)) - raft.server.watch.timeout = 10s (default)
2019-09-26 15:08:44,690 [8a411a4f-0e32-4dd1-80b9-a797c2117425@group-34FCBFD36539:LeaderElection177] INFO  server.RaftServerConfigKeys (ConfUtils.java:logGet(43)) - raft.server.watch.element-limit = 65536 (default)
2019-09-26 15:08:44,690 [Thread-1203] INFO  impl.RaftServerImpl (RaftServerImpl.java:setRole(174)) - 8a411a4f-0e32-4dd1-80b9-a797c2117425@group-070482571D29: changes role from  FOLLOWER to CANDIDATE at term 0 for changeToCandidate
2019-09-26 15:08:44,690 [8a411a4f-0e32-4dd1-80b9-a797c2117425@group-AD41E9BABF33:LeaderElection189] INFO  impl.RaftServerImpl (RaftServerImpl.java:setRole(174)) - 8a411a4f-0e32-4dd1-80b9-a797c2117425@group-AD41E9BABF33: changes role from CANDIDATE to LEADER at term 1 for changeToLeader
2019-09-26 15:08:44,690 [8a411a4f-0e32-4dd1-80b9-a797c2117425@group-464AB6351F7D:LeaderElection192] INFO  impl.RaftServerImpl (RaftServerImpl.java:setRole(174)) - 8a411a4f-0e32-4dd1-80b9-a797c2117425@group-464AB6351F7D: changes role from CANDIDATE to LEADER at term 1 for changeToLeader
2019-09-26 15:08:44,690 [Thread-1172] INFO  impl.RaftServerImpl (RaftServerImpl.java:setRole(174)) - 8a411a4f-0e32-4dd1-80b9-a797c2117425@group-BF7801AC219F: changes role from  FOLLOWER to CANDIDATE at term 0 for changeToCandidate
2019-09-26 15:08:44,689 [Thread-1166] INFO  impl.RaftServerImpl (RaftServerImpl.java:setRole(174)) - 8a411a4f-0e32-4dd1-80b9-a797c2117425@group-69E0C5198CB5: changes role from  FOLLOWER to CANDIDATE at term 0 for changeToCandidate
2019-09-26 15:08:44,689 [Thread-1194] INFO  impl.RaftServerImpl (RaftServerImpl.java:setRole(174)) - 8a411a4f-0e32-4dd1-80b9-a797c2117425@group-4746F350A503: changes role from  FOLLOWER to CANDIDATE at term 0 for changeToCandidate
2019-09-26 15:08:45,129 [Thread-1166] INFO  impl.RoleInfo (RoleInfo.java:updateAndGet(143)) - 8a411a4f-0e32-4dd1-80b9-a797c2117425: start LeaderElection
2019-09-26 15:08:44,689 [Thread-1191] INFO  impl.RaftServerImpl (RaftServerImpl.java:setRole(174)) - 8a411a4f-0e32-4dd1-80b9-a797c2117425@group-53CD7F03AB35: changes role from  FOLLOWER to CANDIDATE at term 0 for changeToCandidate
2019-09-26 15:08:44,689 [Thread-1181] INFO  impl.RaftServerImpl (RaftServerImpl.java:setRole(174)) - 8a411a4f-0e32-4dd1-80b9-a797c2117425@group-FC1F641A5BB5: changes role from  FOLLOWER to CANDIDATE at term 0 for changeToCandidate
2019-09-26 15:08:44,689 [8a411a4f-0e32-4dd1-80b9-a797c2117425@group-AF909D263E7A:LeaderElection171] INFO  server.RaftServerConfigKeys (ConfUtils.java:logGet(43)) - raft.server.watch.element-limit = 65536 (default)
2019-09-26 15:08:45,129 [Thread-1181] INFO  impl.RoleInfo (RoleInfo.java:updateAndGet(143)) - 8a411a4f-0e32-4dd1-80b9-a797c2117425: start LeaderElection
2019-09-26 15:08:45,129 [Thread-1191] INFO  impl.RoleInfo (RoleInfo.java:updateAndGet(143)) - 8a411a4f-0e32-4dd1-80b9-a797c2117425: start LeaderElection
2019-09-26 15:08:45,129 [8a411a4f-0e32-4dd1-80b9-a797c2117425@group-34FCBFD36539:LeaderElection177] INFO  impl.RoleInfo (RoleInfo.java:updateAndGet(143)) - 8a411a4f-0e32-4dd1-80b9-a797c2117425: start LeaderState
2019-09-26 15:08:45,129 [Thread-1194] INFO  impl.RoleInfo (RoleInfo.java:updateAndGet(143)) - 8a411a4f-0e32-4dd1-80b9-a797c2117425: start LeaderElection
2019-09-26 15:08:45,128 [Thread-1172] INFO  impl.RoleInfo (RoleInfo.java:updateAndGet(143)) - 8a411a4f-0e32-4dd1-80b9-a797c2117425: start LeaderElection
2019-09-26 15:08:45,128 [8a411a4f-0e32-4dd1-80b9-a797c2117425@group-464AB6351F7D:LeaderElection192] INFO  impl.RaftServerImpl (ServerState.java:setLeader(253)) - 8a411a4f-0e32-4dd1-80b9-a797c2117425@group-464AB6351F7D: change Leader from null to 8a411a4f-0e32-4dd1-80b9-a797c2117425 at term 1 for becomeLeader, leader elected after 9164ms
2019-09-26 15:08:45,130 [8a411a4f-0e32-4dd1-80b9-a797c2117425@group-464AB6351F7D:LeaderElection192] INFO  server.RaftServerConfigKeys (ConfUtils.java:logGet(43)) - raft.server.staging.catchup.gap = 1000 (default)
2019-09-26 15:08:45,130 [8a411a4f-0e32-4dd1-80b9-a797c2117425@group-464AB6351F7D:LeaderElection192] INFO  server.RaftServerConfigKeys (ConfUtils.java:logGet(43)) - raft.server.rpc.sleep.time = 25ms (default)
2019-09-26 15:08:45,131 [8a411a4f-0e32-4dd1-80b9-a797c2117425@group-464AB6351F7D:LeaderElection192] INFO  server.RaftServerConfigKeys (ConfUtils.java:logGet(43)) - raft.server.write.element-limit = 4096 (default)
2019-09-26 15:08:45,131 [8a411a4f-0e32-4dd1-80b9-a797c2117425@group-464AB6351F7D:LeaderElection192] INFO  server.RaftServerConfigKeys (ConfUtils.java:logGet(43)) - raft.server.watch.timeout = 10s (default)
2019-09-26 15:08:45,131 [8a411a4f-0e32-4dd1-80b9-a797c2117425@group-464AB6351F7D:LeaderElection192] INFO  server.RaftServerConfigKeys (ConfUtils.java:logGet(43)) - raft.server.watch.timeout.denomination = 1s (default)
2019-09-26 15:08:45,131 [8a411a4f-0e32-4dd1-80b9-a797c2117425@group-464AB6351F7D:LeaderElection192] INFO  server.RaftServerConfigKeys (ConfUtils.java:logGet(43)) - raft.server.watch.element-limit = 65536 (default)
2019-09-26 15:08:45,128 [8a411a4f-0e32-4dd1-80b9-a797c2117425@group-AD41E9BABF33:LeaderElection189] INFO  impl.RaftServerImpl (ServerState.java:setLeader(253)) - 8a411a4f-0e32-4dd1-80b9-a797c2117425@group-AD41E9BABF33: change Leader from null to 8a411a4f-0e32-4dd1-80b9-a797c2117425 at term 1 for becomeLeader, leader elected after 9072ms
2019-09-26 15:08:45,132 [8a411a4f-0e32-4dd1-80b9-a797c2117425@group-AD41E9BABF33:LeaderElection189] INFO  server.RaftServerConfigKeys (ConfUtils.java:logGet(43)) - raft.server.staging.catchup.gap = 1000 (default)
2019-09-26 15:08:45,132 [8a411a4f-0e32-4dd1-80b9-a797c2117425@group-AD41E9BABF33:LeaderElection189] INFO  server.RaftServerConfigKeys (ConfUtils.java:logGet(43)) - raft.server.rpc.sleep.time = 25ms (default)
2019-09-26 15:08:45,128 [Thread-1203] INFO  impl.RoleInfo (RoleInfo.java:updateAndGet(143)) - 8a411a4f-0e32-4dd1-80b9-a797c2117425: start LeaderElection
2019-09-26 15:08:45,127 [8a411a4f-0e32-4dd1-80b9-a797c2117425@group-ACFFAC7539DC-SegmentedRaftLogWorker] ERROR segmented.SegmentedRaftLogWorker (SegmentedRaftLogWorker.java:run(323)) - 8a411a4f-0e32-4dd1-80b9-a797c2117425@group-ACFFAC7539DC-SegmentedRaftLogWorker hit exception
java.lang.OutOfMemoryError: Direct buffer memory
	at java.nio.Bits.reserveMemory(Bits.java:666)
	at java.nio.DirectByteBuffer.<init>(DirectByteBuffer.java:123)
	at java.nio.ByteBuffer.allocateDirect(ByteBuffer.java:311)
	at org.apache.ratis.server.raftlog.segmented.BufferedWriteChannel.<init>(BufferedWriteChannel.java:41)
	at org.apache.ratis.server.raftlog.segmented.SegmentedRaftLogOutputStream.<init>(SegmentedRaftLogOutputStream.java:72)
	at org.apache.ratis.server.raftlog.segmented.SegmentedRaftLogWorker$StartLogSegment.execute(SegmentedRaftLogWorker.java:566)
	at org.apache.ratis.server.raftlog.segmented.SegmentedRaftLogWorker.run(SegmentedRaftLogWorker.java:289)
	at java.lang.Thread.run(Thread.java:748)
2019-09-26 15:08:45,133 [8a411a4f-0e32-4dd1-80b9-a797c2117425@group-ACFFAC7539DC-SegmentedRaftLogWorker] INFO  impl.RaftServerImpl (RaftServerImpl.java:lambda$shutdown$3(251)) - 8a411a4f-0e32-4dd1-80b9-a797c2117425@group-ACFFAC7539DC: shutdown
2019-09-26 15:08:45,127 [Thread-1385] INFO  impl.FollowerState (FollowerState.java:run(106)) - 8a411a4f-0e32-4dd1-80b9-a797c2117425:group-C79884FD6F3D changes to CANDIDATE, lastRpcTime:5206, electionTimeout:5062ms
2019-09-26 15:08:45,125 [Thread-997] INFO  impl.FollowerState (FollowerState.java:run(106)) - 8a411a4f-0e32-4dd1-80b9-a797c2117425:group-22226669EE23 changes to CANDIDATE, lastRpcTime:10713, electionTimeout:5150ms
2019-09-26 15:08:45,124 [8a411a4f-0e32-4dd1-80b9-a797c2117425@group-24E75438A6C2-SegmentedRaftLogWorker] ERROR segmented.SegmentedRaftLogWorker (SegmentedRaftLogWorker.java:run(323)) - 8a411a4f-0e32-4dd1-80b9-a797c2117425@group-24E75438A6C2-SegmentedRaftLogWorker hit exception
java.lang.OutOfMemoryError: Direct buffer memory
	at java.nio.Bits.reserveMemory(Bits.java:666)
	at java.nio.DirectByteBuffer.<init>(DirectByteBuffer.java:123)
	at java.nio.ByteBuffer.allocateDirect(ByteBuffer.java:311)
	at org.apache.ratis.server.raftlog.segmented.BufferedWriteChannel.<init>(BufferedWriteChannel.java:41)
	at org.apache.ratis.server.raftlog.segmented.SegmentedRaftLogOutputStream.<init>(SegmentedRaftLogOutputStream.java:72)
	at org.apache.ratis.server.raftlog.segmented.SegmentedRaftLogWorker$StartLogSegment.execute(SegmentedRaftLogWorker.java:566)
	at org.apache.ratis.server.raftlog.segmented.SegmentedRaftLogWorker.run(SegmentedRaftLogWorker.java:289)
	at java.lang.Thread.run(Thread.java:748)
2019-09-26 15:08:45,124 [8a411a4f-0e32-4dd1-80b9-a797c2117425@group-938D56FE126F-SegmentedRaftLogWorker] ERROR segmented.SegmentedRaftLogWorker (SegmentedRaftLogWorker.java:run(323)) - 8a411a4f-0e32-4dd1-80b9-a797c2117425@group-938D56FE126F-SegmentedRaftLogWorker hit exception
java.lang.OutOfMemoryError: Direct buffer memory
	at java.nio.Bits.reserveMemory(Bits.java:666)
	at java.nio.DirectByteBuffer.<init>(DirectByteBuffer.java:123)
	at java.nio.ByteBuffer.allocateDirect(ByteBuffer.java:311)
	at org.apache.ratis.server.raftlog.segmented.BufferedWriteChannel.<init>(BufferedWriteChannel.java:41)
	at org.apache.ratis.server.raftlog.segmented.SegmentedRaftLogOutputStream.<init>(SegmentedRaftLogOutputStream.java:72)
	at org.apache.ratis.server.raftlog.segmented.SegmentedRaftLogWorker$StartLogSegment.execute(SegmentedRaftLogWorker.java:566)
	at org.apache.ratis.server.raftlog.segmented.SegmentedRaftLogWorker.run(SegmentedRaftLogWorker.java:289)
	at java.lang.Thread.run(Thread.java:748)
2019-09-26 15:08:44,915 [8a411a4f-0e32-4dd1-80b9-a797c2117425@group-7C9D8199E53A:LeaderElection176] INFO  impl.RaftServerImpl (ServerState.java:setRaftConf(354)) - 8a411a4f-0e32-4dd1-80b9-a797c2117425@group-7C9D8199E53A: set configuration 0: [8a411a4f-0e32-4dd1-80b9-a797c2117425:192.168.151.99:37125], old=null at 0
2019-09-26 15:08:45,134 [8a411a4f-0e32-4dd1-80b9-a797c2117425@group-AD41E9BABF33:LeaderElection189] INFO  server.RaftServerConfigKeys (ConfUtils.java:logGet(43)) - raft.server.write.element-limit = 4096 (default)
2019-09-26 15:08:45,134 [8a411a4f-0e32-4dd1-80b9-a797c2117425@group-AD41E9BABF33:LeaderElection189] INFO  server.RaftServerConfigKeys (ConfUtils.java:logGet(43)) - raft.server.watch.timeout = 10s (default)
2019-09-26 15:08:45,134 [8a411a4f-0e32-4dd1-80b9-a797c2117425@group-AD41E9BABF33:LeaderElection189] INFO  server.RaftServerConfigKeys (ConfUtils.java:logGet(43)) - raft.server.watch.timeout.denomination = 1s (default)
2019-09-26 15:08:45,134 [8a411a4f-0e32-4dd1-80b9-a797c2117425@group-AD41E9BABF33:LeaderElection189] INFO  server.RaftServerConfigKeys (ConfUtils.java:logGet(43)) - raft.server.watch.element-limit = 65536 (default)
2019-09-26 15:08:44,915 [8a411a4f-0e32-4dd1-80b9-a797c2117425@group-13FFAC1DF739:LeaderElection179] INFO  server.RaftServerConfigKeys (ConfUtils.java:logGet(43)) - raft.server.watch.timeout.denomination = 1s (default)
2019-09-26 15:08:44,915 [Thread-1188] INFO  impl.RoleInfo (RoleInfo.java:updateAndGet(143)) - 8a411a4f-0e32-4dd1-80b9-a797c2117425: start LeaderElection
2019-09-26 15:08:44,910 [8a411a4f-0e32-4dd1-80b9-a797c2117425@group-E916E844E274:LeaderElection178] INFO  server.RaftServerConfigKeys (ConfUtils.java:logGet(43)) - raft.server.watch.element-limit = 65536 (default)
2019-09-26 15:08:44,910 [8a411a4f-0e32-4dd1-80b9-a797c2117425@group-83D70F78A169-SegmentedRaftLogWorker] INFO  util.JmxRegister (JmxRegister.java:unregister(73)) - Successfully un-registered JMX Bean with object name Ratis:service=RaftServer,group=group-83D70F78A169,id=8a411a4f-0e32-4dd1-80b9-a797c2117425
2019-09-26 15:08:45,135 [8a411a4f-0e32-4dd1-80b9-a797c2117425@group-83D70F78A169-SegmentedRaftLogWorker] INFO  impl.RoleInfo (RoleInfo.java:shutdownLeaderState(104)) - 8a411a4f-0e32-4dd1-80b9-a797c2117425: shutdown LeaderState
2019-09-26 15:08:44,910 [8a411a4f-0e32-4dd1-80b9-a797c2117425@group-338C79B436FD-SegmentedRaftLogWorker] INFO  impl.RaftServerImpl (RaftServerImpl.java:lambda$shutdown$3(251)) - 8a411a4f-0e32-4dd1-80b9-a797c2117425@group-338C79B436FD: shutdown
2019-09-26 15:08:44,910 [Thread-970] INFO  impl.RoleInfo (RoleInfo.java:shutdownFollowerState(121)) - 8a411a4f-0e32-4dd1-80b9-a797c2117425: shutdown FollowerState
2019-09-26 15:08:44,910 [8a411a4f-0e32-4dd1-80b9-a797c2117425@group-789513F6DACF:LeaderElection198] INFO  impl.RoleInfo (RoleInfo.java:shutdownLeaderElection(134)) - 8a411a4f-0e32-4dd1-80b9-a797c2117425: shutdown LeaderElection
2019-09-26 15:08:44,910 [8a411a4f-0e32-4dd1-80b9-a797c2117425@group-AE79292C071A:LeaderElection181] INFO  server.RaftServerConfigKeys (ConfUtils.java:logGet(43)) - raft.server.watch.timeout.denomination = 1s (default)
2019-09-26 15:08:44,910 [8a411a4f-0e32-4dd1-80b9-a797c2117425@group-24DB933FF523:LeaderElection182] INFO  server.RaftServerConfigKeys (ConfUtils.java:logGet(43)) - raft.server.watch.timeout.denomination = 1s (default)
2019-09-26 15:08:44,910 [Thread-1212] INFO  impl.RoleInfo (RoleInfo.java:updateAndGet(143)) - 8a411a4f-0e32-4dd1-80b9-a797c2117425: start LeaderElection
2019-09-26 15:08:44,909 [Thread-1209] INFO  impl.RoleInfo (RoleInfo.java:updateAndGet(143)) - 8a411a4f-0e32-4dd1-80b9-a797c2117425: start LeaderElection
2019-09-26 15:08:44,909 [Thread-1215] INFO  impl.RoleInfo (RoleInfo.java:updateAndGet(143)) - 8a411a4f-0e32-4dd1-80b9-a797c2117425: start LeaderElection
2019-09-26 15:08:44,909 [Thread-1206] INFO  impl.RoleInfo (RoleInfo.java:updateAndGet(143)) - 8a411a4f-0e32-4dd1-80b9-a797c2117425: start LeaderElection
2019-09-26 15:08:44,909 [Thread-1200] INFO  impl.RoleInfo (RoleInfo.java:updateAndGet(143)) - 8a411a4f-0e32-4dd1-80b9-a797c2117425: start LeaderElection
2019-09-26 15:08:44,909 [8a411a4f-0e32-4dd1-80b9-a797c2117425@group-CD788BB93D49:LeaderElection196] INFO  server.RaftServerConfigKeys (ConfUtils.java:logGet(43)) - raft.server.staging.catchup.gap = 1000 (default)
2019-09-26 15:08:44,909 [8a411a4f-0e32-4dd1-80b9-a797c2117425@group-FC1790118091:LeaderElection195] INFO  server.RaftServerConfigKeys (ConfUtils.java:logGet(43)) - raft.server.staging.catchup.gap = 1000 (default)
2019-09-26 15:08:44,909 [8a411a4f-0e32-4dd1-80b9-a797c2117425@group-E5D9BD4A2B02:LeaderElection194] INFO  server.RaftServerConfigKeys (ConfUtils.java:logGet(43)) - raft.server.staging.catchup.gap = 1000 (default)
2019-09-26 15:08:44,909 [8a411a4f-0e32-4dd1-80b9-a797c2117425@group-9FBC4F4584D8:LeaderElection193] INFO  impl.RaftServerImpl (ServerState.java:setLeader(253)) - 8a411a4f-0e32-4dd1-80b9-a797c2117425@group-9FBC4F4584D8: change Leader from null to 8a411a4f-0e32-4dd1-80b9-a797c2117425 at term 1 for becomeLeader, leader elected after 8928ms
2019-09-26 15:08:44,909 [pool-27-thread-1] INFO  server.RaftServerConfigKeys (ConfUtils.java:logGet(43)) - raft.server.log.force.sync.num = 128 (default)
2019-09-26 15:08:44,908 [8a411a4f-0e32-4dd1-80b9-a797c2117425@group-5C09A8D6B935:LeaderElection180] INFO  server.RaftServerConfigKeys (ConfUtils.java:logGet(43)) - raft.server.write.element-limit = 4096 (default)
2019-09-26 15:08:44,908 [Thread-1239] INFO  impl.RoleInfo (RoleInfo.java:updateAndGet(143)) - 8a411a4f-0e32-4dd1-80b9-a797c2117425: start LeaderElection
2019-09-26 15:08:44,908 [Thread-1230] INFO  impl.RoleInfo (RoleInfo.java:updateAndGet(143)) - 8a411a4f-0e32-4dd1-80b9-a797c2117425: start LeaderElection
2019-09-26 15:08:44,908 [Thread-1233] INFO  impl.RoleInfo (RoleInfo.java:updateAndGet(143)) - 8a411a4f-0e32-4dd1-80b9-a797c2117425: start LeaderElection
2019-09-26 15:08:44,908 [8a411a4f-0e32-4dd1-80b9-a797c2117425@group-7740B1DAF25C:LeaderElection212] INFO  impl.RoleInfo (RoleInfo.java:shutdownLeaderElection(134)) - 8a411a4f-0e32-4dd1-80b9-a797c2117425: shutdown LeaderElection
2019-09-26 15:08:44,908 [Thread-1224] INFO  impl.RoleInfo (RoleInfo.java:updateAndGet(143)) - 8a411a4f-0e32-4dd1-80b9-a797c2117425: start LeaderElection
2019-09-26 15:08:44,908 [8a411a4f-0e32-4dd1-80b9-a797c2117425@group-FC070601F0EC:LeaderElection214] INFO  impl.LeaderElection (LeaderElection.java:askForVotes(182)) - 8a411a4f-0e32-4dd1-80b9-a797c2117425@group-FC070601F0EC:LeaderElection214: begin an election at term 1 for -1: [8a411a4f-0e32-4dd1-80b9-a797c2117425:192.168.151.99:37125], old=null
2019-09-26 15:08:45,138 [8a411a4f-0e32-4dd1-80b9-a797c2117425@group-FC070601F0EC:LeaderElection214] INFO  impl.RoleInfo (RoleInfo.java:shutdownLeaderElection(134)) - 8a411a4f-0e32-4dd1-80b9-a797c2117425: shutdown LeaderElection
2019-09-26 15:08:45,138 [8a411a4f-0e32-4dd1-80b9-a797c2117425@group-FC070601F0EC:LeaderElection214] INFO  impl.RaftServerImpl (RaftServerImpl.java:setRole(174)) - 8a411a4f-0e32-4dd1-80b9-a797c2117425@group-FC070601F0EC: changes role from CANDIDATE to LEADER at term 1 for changeToLeader
2019-09-26 15:08:45,138 [8a411a4f-0e32-4dd1-80b9-a797c2117425@group-FC070601F0EC:LeaderElection214] INFO  impl.RaftServerImpl (ServerState.java:setLeader(253)) - 8a411a4f-0e32-4dd1-80b9-a797c2117425@group-FC070601F0EC: change Leader from null to 8a411a4f-0e32-4dd1-80b9-a797c2117425 at term 1 for becomeLeader, leader elected after 7167ms
2019-09-26 15:08:45,138 [8a411a4f-0e32-4dd1-80b9-a797c2117425@group-FC070601F0EC:LeaderElection214] INFO  server.RaftServerConfigKeys (ConfUtils.java:logGet(43)) - raft.server.staging.catchup.gap = 1000 (default)
2019-09-26 15:08:45,138 [8a411a4f-0e32-4dd1-80b9-a797c2117425@group-FC070601F0EC:LeaderElection214] INFO  server.RaftServerConfigKeys (ConfUtils.java:logGet(43)) - raft.server.rpc.sleep.time = 25ms (default)
2019-09-26 15:08:44,908 [8a411a4f-0e32-4dd1-80b9-a797c2117425@group-2F139598710B:LeaderElection215] INFO  impl.LeaderElection (LeaderElection.java:askForVotes(182)) - 8a411a4f-0e32-4dd1-80b9-a797c2117425@group-2F139598710B:LeaderElection215: begin an election at term 1 for -1: [8a411a4f-0e32-4dd1-80b9-a797c2117425:192.168.151.99:37125], old=null
2019-09-26 15:08:44,908 [8a411a4f-0e32-4dd1-80b9-a797c2117425@group-CA9544AD4330:LeaderElection216] INFO  impl.LeaderElection (LeaderElection.java:askForVotes(182)) - 8a411a4f-0e32-4dd1-80b9-a797c2117425@group-CA9544AD4330:LeaderElection216: begin an election at term 1 for -1: [8a411a4f-0e32-4dd1-80b9-a797c2117425:192.168.151.99:37125], old=null
2019-09-26 15:08:44,908 [Thread-1218] INFO  impl.RoleInfo (RoleInfo.java:updateAndGet(143)) - 8a411a4f-0e32-4dd1-80b9-a797c2117425: start LeaderElection
2019-09-26 15:08:44,908 [8a411a4f-0e32-4dd1-80b9-a797c2117425@group-43557E0D0B54:LeaderElection204] INFO  impl.LeaderElection (LeaderElection.java:askForVotes(182)) - 8a411a4f-0e32-4dd1-80b9-a797c2117425@group-43557E0D0B54:LeaderElection204: begin an election at term 1 for -1: [8a411a4f-0e32-4dd1-80b9-a797c2117425:192.168.151.99:37125], old=null
2019-09-26 15:08:44,908 [8a411a4f-0e32-4dd1-80b9-a797c2117425@group-9CAEA4046C8E:LeaderElection213] INFO  impl.LeaderElection (LeaderElection.java:askForVotes(182)) - 8a411a4f-0e32-4dd1-80b9-a797c2117425@group-9CAEA4046C8E:LeaderElection213: begin an election at term 1 for -1: [8a411a4f-0e32-4dd1-80b9-a797c2117425:192.168.151.99:37125], old=null
2019-09-26 15:08:44,908 [8a411a4f-0e32-4dd1-80b9-a797c2117425@group-D220E74A09E8-SegmentedRaftLogWorker] INFO  impl.RoleInfo (RoleInfo.java:shutdownLeaderState(104)) - 8a411a4f-0e32-4dd1-80b9-a797c2117425: shutdown LeaderState
2019-09-26 15:08:44,904 [Thread-1221] INFO  impl.RoleInfo (RoleInfo.java:updateAndGet(143)) - 8a411a4f-0e32-4dd1-80b9-a797c2117425: start LeaderElection
2019-09-26 15:08:44,904 [Thread-1236] INFO  impl.RoleInfo (RoleInfo.java:updateAndGet(143)) - 8a411a4f-0e32-4dd1-80b9-a797c2117425: start LeaderElection
2019-09-26 15:08:44,903 [8a411a4f-0e32-4dd1-80b9-a797c2117425@group-171E6B5B65D9-SegmentedRaftLogWorker] INFO  impl.PendingRequests (PendingRequests.java:sendNotLeaderResponses(202)) - 8a411a4f-0e32-4dd1-80b9-a797c2117425-PendingRequests: sendNotLeaderResponses
2019-09-26 15:08:44,903 [Thread-1227] INFO  impl.RoleInfo (RoleInfo.java:updateAndGet(143)) - 8a411a4f-0e32-4dd1-80b9-a797c2117425: start LeaderElection
2019-09-26 15:08:44,903 [Thread-979] INFO  impl.RaftServerImpl (RaftServerImpl.java:setRole(174)) - 8a411a4f-0e32-4dd1-80b9-a797c2117425@group-56CC94C0701C: changes role from  FOLLOWER to CANDIDATE at term 0 for changeToCandidate
2019-09-26 15:08:44,903 [Thread-964] INFO  impl.RoleInfo (RoleInfo.java:updateAndGet(143)) - 8a411a4f-0e32-4dd1-80b9-a797c2117425: start LeaderElection
2019-09-26 15:08:44,903 [8a411a4f-0e32-4dd1-80b9-a797c2117425@group-4A9996C7FAA7-SegmentedRaftLogWorker] INFO  impl.RoleInfo (RoleInfo.java:shutdownLeaderState(104)) - 8a411a4f-0e32-4dd1-80b9-a797c2117425: shutdown LeaderState
2019-09-26 15:08:45,141 [8a411a4f-0e32-4dd1-80b9-a797c2117425@group-4A9996C7FAA7-SegmentedRaftLogWorker] INFO  impl.PendingRequests (PendingRequests.java:sendNotLeaderResponses(202)) - 8a411a4f-0e32-4dd1-80b9-a797c2117425-PendingRequests: sendNotLeaderResponses
2019-09-26 15:08:45,141 [8a411a4f-0e32-4dd1-80b9-a797c2117425@group-4A9996C7FAA7-SegmentedRaftLogWorker] INFO  impl.StateMachineUpdater (StateMachineUpdater.java:stopAndJoin(125)) - 8a411a4f-0e32-4dd1-80b9-a797c2117425@group-4A9996C7FAA7-StateMachineUpdater: set stopIndex = -1
2019-09-26 15:08:45,141 [8a411a4f-0e32-4dd1-80b9-a797c2117425@group-4A9996C7FAA7-SegmentedRaftLogWorker] INFO  impl.RaftServerImpl (ServerState.java:close(385)) - 8a411a4f-0e32-4dd1-80b9-a797c2117425@group-4A9996C7FAA7: closes. applyIndex: -1
2019-09-26 15:08:45,142 [8a411a4f-0e32-4dd1-80b9-a797c2117425@group-4A9996C7FAA7-SegmentedRaftLogWorker] INFO  segmented.SegmentedRaftLogWorker (SegmentedRaftLogWorker.java:close(228)) - 8a411a4f-0e32-4dd1-80b9-a797c2117425@group-4A9996C7FAA7-SegmentedRaftLogWorker close()
2019-09-26 15:08:44,903 [8a411a4f-0e32-4dd1-80b9-a797c2117425@group-F5831FDAC3B9:LeaderElection190] INFO  server.RaftServerConfigKeys (ConfUtils.java:logGet(43)) - raft.server.write.element-limit = 4096 (default)
2019-09-26 15:08:44,903 [8a411a4f-0e32-4dd1-80b9-a797c2117425@group-9B2ED3ACC3BA:LeaderElection201] INFO  impl.RaftServerImpl (RaftServerImpl.java:setRole(174)) - 8a411a4f-0e32-4dd1-80b9-a797c2117425@group-9B2ED3ACC3BA: changes role from CANDIDATE to LEADER at term 1 for changeToLeader
2019-09-26 15:08:44,903 [8a411a4f-0e32-4dd1-80b9-a797c2117425@group-08ECA622B824:LeaderElection200] INFO  impl.RaftServerImpl (ServerState.java:setLeader(253)) - 8a411a4f-0e32-4dd1-80b9-a797c2117425@group-08ECA622B824: change Leader from null to 8a411a4f-0e32-4dd1-80b9-a797c2117425 at term 1 for becomeLeader, leader elected after 8696ms
2019-09-26 15:08:44,903 [8a411a4f-0e32-4dd1-80b9-a797c2117425@group-C4458528C18D:LeaderElection199] INFO  impl.RaftServerImpl (RaftServerImpl.java:setRole(174)) - 8a411a4f-0e32-4dd1-80b9-a797c2117425@group-C4458528C18D: changes role from CANDIDATE to LEADER at term 1 for changeToLeader
2019-09-26 15:08:44,903 [Thread-1351] INFO  impl.RoleInfo (RoleInfo.java:updateAndGet(143)) - 8a411a4f-0e32-4dd1-80b9-a797c2117425: start LeaderElection
2019-09-26 15:08:44,902 [8a411a4f-0e32-4dd1-80b9-a797c2117425@group-5E95C319A20F:LeaderElection191] INFO  server.RaftServerConfigKeys (ConfUtils.java:logGet(43)) - raft.server.watch.element-limit = 65536 (default)
2019-09-26 15:08:44,902 [Thread-1348] INFO  impl.RaftServerImpl (RaftServerImpl.java:setRole(174)) - 8a411a4f-0e32-4dd1-80b9-a797c2117425@group-D2571D42C563: changes role from  FOLLOWER to CANDIDATE at term 0 for changeToCandidate
2019-09-26 15:08:45,148 [Thread-1348] INFO  impl.RoleInfo (RoleInfo.java:updateAndGet(143)) - 8a411a4f-0e32-4dd1-80b9-a797c2117425: start LeaderElection
2019-09-26 15:08:44,902 [8a411a4f-0e32-4dd1-80b9-a797c2117425@group-B3C8B28B000E:LeaderElection185] INFO  server.RaftServerConfigKeys (ConfUtils.java:logGet(43)) - raft.server.write.element-limit = 4096 (default)
2019-09-26 15:08:45,149 [8a411a4f-0e32-4dd1-80b9-a797c2117425@group-B3C8B28B000E:LeaderElection185] INFO  server.RaftServerConfigKeys (ConfUtils.java:logGet(43)) - raft.server.watch.timeout = 10s (default)
2019-09-26 15:08:45,149 [8a411a4f-0e32-4dd1-80b9-a797c2117425@group-B3C8B28B000E:LeaderElection185] INFO  server.RaftServerConfigKeys (ConfUtils.java:logGet(43)) - raft.server.watch.timeout.denomination = 1s (default)
2019-09-26 15:08:45,149 [8a411a4f-0e32-4dd1-80b9-a797c2117425@group-B3C8B28B000E:LeaderElection185] INFO  server.RaftServerConfigKeys (ConfUtils.java:logGet(43)) - raft.server.watch.element-limit = 65536 (default)
2019-09-26 15:08:45,149 [8a411a4f-0e32-4dd1-80b9-a797c2117425@group-5E95C319A20F:LeaderElection191] INFO  impl.RoleInfo (RoleInfo.java:updateAndGet(143)) - 8a411a4f-0e32-4dd1-80b9-a797c2117425: start LeaderState
2019-09-26 15:08:44,902 [8a411a4f-0e32-4dd1-80b9-a797c2117425@group-06EC7D0DF22B:LeaderElection187] INFO  server.RaftServerConfigKeys (ConfUtils.java:logGet(43)) - raft.server.watch.timeout = 10s (default)
2019-09-26 15:08:44,902 [8a411a4f-0e32-4dd1-80b9-a797c2117425@group-F0ABC0A80C00:LeaderElection183] INFO  server.RaftServerConfigKeys (ConfUtils.java:logGet(43)) - raft.server.write.element-limit = 4096 (default)
2019-09-26 15:08:44,902 [8a411a4f-0e32-4dd1-80b9-a797c2117425@group-4D95ED7A34E1:LeaderElection186] INFO  server.RaftServerConfigKeys (ConfUtils.java:logGet(43)) - raft.server.watch.timeout.denomination = 1s (default)
2019-09-26 15:08:44,902 [8a411a4f-0e32-4dd1-80b9-a797c2117425@group-F71E95AE8AB3:LeaderElection188] INFO  server.RaftServerConfigKeys (ConfUtils.java:logGet(43)) - raft.server.watch.timeout = 10s (default)
2019-09-26 15:08:44,902 [8a411a4f-0e32-4dd1-80b9-a797c2117425@group-38020CCA7F83:LeaderElection184] INFO  server.RaftServerConfigKeys (ConfUtils.java:logGet(43)) - raft.server.write.element-limit = 4096 (default)
2019-09-26 15:08:44,897 [8a411a4f-0e32-4dd1-80b9-a797c2117425@group-42B53E77480F-SegmentedRaftLogWorker] INFO  segmented.SegmentedRaftLogWorker (SegmentedRaftLogWorker.java:close(228)) - 8a411a4f-0e32-4dd1-80b9-a797c2117425@group-42B53E77480F-SegmentedRaftLogWorker close()
2019-09-26 15:08:44,897 [Thread-1341] INFO  impl.RaftServerImpl (RaftServerImpl.java:setRole(174)) - 8a411a4f-0e32-4dd1-80b9-a797c2117425@group-FF69114B1B03: changes role from  FOLLOWER to CANDIDATE at term 0 for changeToCandidate
2019-09-26 15:08:44,897 [8a411a4f-0e32-4dd1-80b9-a797c2117425@group-AF9A2420E8C8-SegmentedRaftLogWorker] INFO  segmented.SegmentedRaftLogWorker (SegmentedRaftLogWorker.java:close(228)) - 8a411a4f-0e32-4dd1-80b9-a797c2117425@group-AF9A2420E8C8-SegmentedRaftLogWorker close()
2019-09-26 15:08:45,150 [Thread-1341] INFO  impl.RoleInfo (RoleInfo.java:updateAndGet(143)) - 8a411a4f-0e32-4dd1-80b9-a797c2117425: start LeaderElection
2019-09-26 15:08:45,158 [8a411a4f-0e32-4dd1-80b9-a797c2117425@group-46ECC70944D4:LeaderElection234] INFO  impl.LeaderElection (LeaderElection.java:askForVotes(182)) - 8a411a4f-0e32-4dd1-80b9-a797c2117425@group-46ECC70944D4:LeaderElection234: begin an election at term 1 for -1: [8a411a4f-0e32-4dd1-80b9-a797c2117425:192.168.151.99:37125], old=null
2019-09-26 15:08:45,158 [8a411a4f-0e32-4dd1-80b9-a797c2117425@group-46ECC70944D4:LeaderElection234] INFO  impl.RoleInfo (RoleInfo.java:shutdownLeaderElection(134)) - 8a411a4f-0e32-4dd1-80b9-a797c2117425: shutdown LeaderElection
2019-09-26 15:08:44,897 [8a411a4f-0e32-4dd1-80b9-a797c2117425@group-8E69DC84651B-SegmentedRaftLogWorker] INFO  segmented.SegmentedRaftLogWorker (SegmentedRaftLogWorker.java:close(228)) - 8a411a4f-0e32-4dd1-80b9-a797c2117425@group-8E69DC84651B-SegmentedRaftLogWorker close()
2019-09-26 15:08:44,897 [Thread-1354] INFO  impl.RaftServerImpl (RaftServerImpl.java:setRole(174)) - 8a411a4f-0e32-4dd1-80b9-a797c2117425@group-BDE5A38AA11F: changes role from  FOLLOWER to CANDIDATE at term 0 for changeToCandidate
2019-09-26 15:08:44,897 [Thread-1357] INFO  impl.RaftServerImpl (RaftServerImpl.java:setRole(174)) - 8a411a4f-0e32-4dd1-80b9-a797c2117425@group-D6588462D619: changes role from  FOLLOWER to CANDIDATE at term 0 for changeToCandidate
2019-09-26 15:08:45,164 [Thread-1354] INFO  impl.RoleInfo (RoleInfo.java:updateAndGet(143)) - 8a411a4f-0e32-4dd1-80b9-a797c2117425: start LeaderElection
2019-09-26 15:08:44,897 [Thread-1345] INFO  impl.RoleInfo (RoleInfo.java:updateAndGet(143)) - 8a411a4f-0e32-4dd1-80b9-a797c2117425: start LeaderElection
2019-09-26 15:08:44,896 [Thread-1269] INFO  impl.RoleInfo (RoleInfo.java:updateAndGet(143)) - 8a411a4f-0e32-4dd1-80b9-a797c2117425: start LeaderElection
2019-09-26 15:08:44,896 [Thread-1254] INFO  impl.RoleInfo (RoleInfo.java:updateAndGet(143)) - 8a411a4f-0e32-4dd1-80b9-a797c2117425: start LeaderElection
2019-09-26 15:08:44,896 [Thread-1332] INFO  impl.RaftServerImpl (RaftServerImpl.java:setRole(174)) - 8a411a4f-0e32-4dd1-80b9-a797c2117425@group-AA1C07C3D689: changes role from  FOLLOWER to CANDIDATE at term 0 for changeToCandidate
2019-09-26 15:08:44,896 [RatisPipelineUtilsThread] ERROR pipeline.SCMPipelineManager (SCMPipelineManager.java:createPipeline(167)) - Pipeline creation failed.
org.apache.hadoop.hdds.scm.exceptions.SCMException: Not enough healthy nodes to allocate pipeline. 3  datanodes required. Found 1
	at org.apache.hadoop.hdds.scm.pipeline.PipelinePlacementPolicy.filterViableNodes(PipelinePlacementPolicy.java:131)
	at org.apache.hadoop.hdds.scm.pipeline.PipelinePlacementPolicy.chooseDatanodes(PipelinePlacementPolicy.java:171)
	at org.apache.hadoop.hdds.scm.pipeline.RatisPipelineProvider.create(RatisPipelineProvider.java:93)
	at org.apache.hadoop.hdds.scm.pipeline.PipelineFactory.create(PipelineFactory.java:58)
	at org.apache.hadoop.hdds.scm.pipeline.SCMPipelineManager.createPipeline(SCMPipelineManager.java:155)
	at org.apache.hadoop.hdds.scm.pipeline.BackgroundPipelineCreator.createPipelines(BackgroundPipelineCreator.java:99)
	at org.apache.hadoop.hdds.scm.pipeline.BackgroundPipelineCreator.lambda$startFixedIntervalPipelineCreator$0(BackgroundPipelineCreator.java:70)
	at java.util.concurrent.Executors$RunnableAdapter.call(Executors.java:511)
	at java.util.concurrent.FutureTask.runAndReset(FutureTask.java:308)
	at java.util.concurrent.ScheduledThreadPoolExecutor$ScheduledFutureTask.access$301(ScheduledThreadPoolExecutor.java:180)
	at java.util.concurrent.ScheduledThreadPoolExecutor$ScheduledFutureTask.run(ScheduledThreadPoolExecutor.java:294)
	at java.util.concurrent.ThreadPoolExecutor.runWorker(ThreadPoolExecutor.java:1149)
	at java.util.concurrent.ThreadPoolExecutor$Worker.run(ThreadPoolExecutor.java:624)
	at java.lang.Thread.run(Thread.java:748)
2019-09-26 15:08:44,896 [Thread-1326] INFO  impl.RaftServerImpl (RaftServerImpl.java:setRole(174)) - 8a411a4f-0e32-4dd1-80b9-a797c2117425@group-9134F99A9F4A: changes role from  FOLLOWER to CANDIDATE at term 0 for changeToCandidate
2019-09-26 15:08:44,896 [Thread-1260] INFO  impl.RoleInfo (RoleInfo.java:updateAndGet(143)) - 8a411a4f-0e32-4dd1-80b9-a797c2117425: start LeaderElection
2019-09-26 15:08:44,896 [Thread-1248] INFO  impl.RoleInfo (RoleInfo.java:updateAndGet(143)) - 8a411a4f-0e32-4dd1-80b9-a797c2117425: start LeaderElection
2019-09-26 15:08:44,896 [8a411a4f-0e32-4dd1-80b9-a797c2117425@group-358F631A9058-SegmentedRaftLogWorker] INFO  impl.PendingRequests (PendingRequests.java:sendNotLeaderResponses(202)) - 8a411a4f-0e32-4dd1-80b9-a797c2117425-PendingRequests: sendNotLeaderResponses
2019-09-26 15:08:44,896 [8a411a4f-0e32-4dd1-80b9-a797c2117425@group-4150286250A6-SegmentedRaftLogWorker] INFO  impl.PendingRequests (PendingRequests.java:sendNotLeaderResponses(202)) - 8a411a4f-0e32-4dd1-80b9-a797c2117425-PendingRequests: sendNotLeaderResponses
2019-09-26 15:08:44,895 [Thread-1308] INFO  impl.RoleInfo (RoleInfo.java:updateAndGet(143)) - 8a411a4f-0e32-4dd1-80b9-a797c2117425: start LeaderElection
2019-09-26 15:08:45,166 [8a411a4f-0e32-4dd1-80b9-a797c2117425@group-4150286250A6-SegmentedRaftLogWorker] INFO  impl.StateMachineUpdater (StateMachineUpdater.java:stopAndJoin(125)) - 8a411a4f-0e32-4dd1-80b9-a797c2117425@group-4150286250A6-StateMachineUpdater: set stopIndex = -1
2019-09-26 15:08:44,895 [8a411a4f-0e32-4dd1-80b9-a797c2117425@group-FECB0F3475E8-SegmentedRaftLogWorker] INFO  util.JmxRegister (JmxRegister.java:unregister(73)) - Successfully un-registered JMX Bean with object name Ratis:service=RaftServer,group=group-FECB0F3475E8,id=8a411a4f-0e32-4dd1-80b9-a797c2117425
2019-09-26 15:08:45,167 [8a411a4f-0e32-4dd1-80b9-a797c2117425@group-FECB0F3475E8-SegmentedRaftLogWorker] INFO  impl.RoleInfo (RoleInfo.java:shutdownLeaderState(104)) - 8a411a4f-0e32-4dd1-80b9-a797c2117425: shutdown LeaderState
2019-09-26 15:08:45,167 [8a411a4f-0e32-4dd1-80b9-a797c2117425@group-FECB0F3475E8-SegmentedRaftLogWorker] INFO  impl.PendingRequests (PendingRequests.java:sendNotLeaderResponses(202)) - 8a411a4f-0e32-4dd1-80b9-a797c2117425-PendingRequests: sendNotLeaderResponses
2019-09-26 15:08:45,167 [8a411a4f-0e32-4dd1-80b9-a797c2117425@group-FECB0F3475E8-SegmentedRaftLogWorker] INFO  impl.StateMachineUpdater (StateMachineUpdater.java:stopAndJoin(125)) - 8a411a4f-0e32-4dd1-80b9-a797c2117425@group-FECB0F3475E8-StateMachineUpdater: set stopIndex = -1
2019-09-26 15:08:45,167 [8a411a4f-0e32-4dd1-80b9-a797c2117425@group-FECB0F3475E8-SegmentedRaftLogWorker] INFO  impl.RaftServerImpl (ServerState.java:close(385)) - 8a411a4f-0e32-4dd1-80b9-a797c2117425@group-FECB0F3475E8: closes. applyIndex: -1
2019-09-26 15:08:44,895 [8a411a4f-0e32-4dd1-80b9-a797c2117425@group-0B799EF4D341-SegmentedRaftLogWorker] INFO  impl.RoleInfo (RoleInfo.java:shutdownLeaderState(104)) - 8a411a4f-0e32-4dd1-80b9-a797c2117425: shutdown LeaderState
2019-09-26 15:08:44,895 [Thread-1329] INFO  impl.RaftServerImpl (RaftServerImpl.java:setRole(174)) - 8a411a4f-0e32-4dd1-80b9-a797c2117425@group-D5C2E6A1B48A: changes role from  FOLLOWER to CANDIDATE at term 0 for changeToCandidate
2019-09-26 15:08:44,895 [Thread-1317] INFO  impl.RaftServerImpl (RaftServerImpl.java:setRole(174)) - 8a411a4f-0e32-4dd1-80b9-a797c2117425@group-2AD62173610F: changes role from  FOLLOWER to CANDIDATE at term 0 for changeToCandidate
2019-09-26 15:08:44,895 [Thread-1323] INFO  impl.RaftServerImpl (RaftServerImpl.java:setRole(174)) - 8a411a4f-0e32-4dd1-80b9-a797c2117425@group-8C4965DA48D4: changes role from  FOLLOWER to CANDIDATE at term 0 for changeToCandidate
2019-09-26 15:08:44,895 [Thread-1335] INFO  impl.RaftServerImpl (RaftServerImpl.java:setRole(174)) - 8a411a4f-0e32-4dd1-80b9-a797c2117425@group-DA5E89A2DC85: changes role from  FOLLOWER to CANDIDATE at term 0 for changeToCandidate
2019-09-26 15:08:44,895 [Thread-1245] INFO  impl.RoleInfo (RoleInfo.java:updateAndGet(143)) - 8a411a4f-0e32-4dd1-80b9-a797c2117425: start LeaderElection
2019-09-26 15:08:44,895 [Thread-1251] INFO  impl.RoleInfo (RoleInfo.java:updateAndGet(143)) - 8a411a4f-0e32-4dd1-80b9-a797c2117425: start LeaderElection
2019-09-26 15:08:44,894 [Thread-1275] INFO  impl.RoleInfo (RoleInfo.java:updateAndGet(143)) - 8a411a4f-0e32-4dd1-80b9-a797c2117425: start LeaderElection
2019-09-26 15:08:44,894 [8a411a4f-0e32-4dd1-80b9-a797c2117425@group-545C9FF84361-SegmentedRaftLogWorker] INFO  impl.RoleInfo (RoleInfo.java:shutdownLeaderState(104)) - 8a411a4f-0e32-4dd1-80b9-a797c2117425: shutdown LeaderState
2019-09-26 15:08:44,894 [8a411a4f-0e32-4dd1-80b9-a797c2117425@group-1E5C55F9AE7D:LeaderElection203] INFO  impl.RaftServerImpl (RaftServerImpl.java:setRole(174)) - 8a411a4f-0e32-4dd1-80b9-a797c2117425@group-1E5C55F9AE7D: changes role from CANDIDATE to LEADER at term 1 for changeToLeader
2019-09-26 15:08:44,894 [8a411a4f-0e32-4dd1-80b9-a797c2117425@group-1955C9B62640:LeaderElection202] INFO  server.RaftServerConfigKeys (ConfUtils.java:logGet(43)) - raft.server.staging.catchup.gap = 1000 (default)
2019-09-26 15:08:44,894 [8a411a4f-0e32-4dd1-80b9-a797c2117425@group-815581757129:LeaderElection197] INFO  impl.RaftServerImpl (ServerState.java:setLeader(253)) - 8a411a4f-0e32-4dd1-80b9-a797c2117425@group-815581757129: change Leader from null to 8a411a4f-0e32-4dd1-80b9-a797c2117425 at term 1 for becomeLeader, leader elected after 8876ms
2019-09-26 15:08:44,894 [Thread-1302] INFO  impl.RaftServerImpl (RaftServerImpl.java:setRole(174)) - 8a411a4f-0e32-4dd1-80b9-a797c2117425@group-9758B97C7A43: changes role from  FOLLOWER to CANDIDATE at term 0 for changeToCandidate
2019-09-26 15:08:44,894 [Thread-1311] INFO  impl.RaftServerImpl (RaftServerImpl.java:setRole(174)) - 8a411a4f-0e32-4dd1-80b9-a797c2117425@group-6A12D702F30C: changes role from  FOLLOWER to CANDIDATE at term 0 for changeToCandidate
2019-09-26 15:08:44,894 [Thread-1305] INFO  impl.RaftServerImpl (RaftServerImpl.java:setRole(174)) - 8a411a4f-0e32-4dd1-80b9-a797c2117425@group-08B3FA40B821: changes role from  FOLLOWER to CANDIDATE at term 0 for changeToCandidate
2019-09-26 15:08:44,894 [Thread-1314] INFO  impl.RaftServerImpl (RaftServerImpl.java:setRole(174)) - 8a411a4f-0e32-4dd1-80b9-a797c2117425@group-533E6FD97CDD: changes role from  FOLLOWER to CANDIDATE at term 0 for changeToCandidate
2019-09-26 15:08:44,894 [Thread-1320] INFO  impl.RaftServerImpl (RaftServerImpl.java:setRole(174)) - 8a411a4f-0e32-4dd1-80b9-a797c2117425@group-A010A9011A71: changes role from  FOLLOWER to CANDIDATE at term 0 for changeToCandidate
2019-09-26 15:08:44,894 [8a411a4f-0e32-4dd1-80b9-a797c2117425@group-C0E431E566D9:LeaderElection207] INFO  impl.RoleInfo (RoleInfo.java:shutdownLeaderElection(134)) - 8a411a4f-0e32-4dd1-80b9-a797c2117425: shutdown LeaderElection
2019-09-26 15:08:44,893 [8a411a4f-0e32-4dd1-80b9-a797c2117425@group-E8F94CDE43C3:LeaderElection209] INFO  impl.RoleInfo (RoleInfo.java:shutdownLeaderElection(134)) - 8a411a4f-0e32-4dd1-80b9-a797c2117425: shutdown LeaderElection
2019-09-26 15:08:44,893 [8a411a4f-0e32-4dd1-80b9-a797c2117425@group-5915C1BC536E:LeaderElection206] INFO  impl.RoleInfo (RoleInfo.java:shutdownLeaderElection(134)) - 8a411a4f-0e32-4dd1-80b9-a797c2117425: shutdown LeaderElection
2019-09-26 15:08:44,893 [8a411a4f-0e32-4dd1-80b9-a797c2117425@group-2234F8D63BBB:LeaderElection211] INFO  impl.RoleInfo (RoleInfo.java:shutdownLeaderElection(134)) - 8a411a4f-0e32-4dd1-80b9-a797c2117425: shutdown LeaderElection
2019-09-26 15:08:44,893 [8a411a4f-0e32-4dd1-80b9-a797c2117425@group-3C71898FAFED:LeaderElection208] INFO  impl.RoleInfo (RoleInfo.java:shutdownLeaderElection(134)) - 8a411a4f-0e32-4dd1-80b9-a797c2117425: shutdown LeaderElection
2019-09-26 15:08:44,893 [8a411a4f-0e32-4dd1-80b9-a797c2117425@group-F516CA13D34C:LeaderElection205] INFO  impl.RoleInfo (RoleInfo.java:shutdownLeaderElection(134)) - 8a411a4f-0e32-4dd1-80b9-a797c2117425: shutdown LeaderElection
2019-09-26 15:08:44,893 [8a411a4f-0e32-4dd1-80b9-a797c2117425@group-282779247581:LeaderElection210] INFO  impl.RoleInfo (RoleInfo.java:shutdownLeaderElection(134)) - 8a411a4f-0e32-4dd1-80b9-a797c2117425: shutdown LeaderElection
2019-09-26 15:08:45,170 [8a411a4f-0e32-4dd1-80b9-a797c2117425@group-282779247581:LeaderElection210] INFO  impl.RaftServerImpl (RaftServerImpl.java:setRole(174)) - 8a411a4f-0e32-4dd1-80b9-a797c2117425@group-282779247581: changes role from CANDIDATE to LEADER at term 1 for changeToLeader
2019-09-26 15:08:45,170 [8a411a4f-0e32-4dd1-80b9-a797c2117425@group-282779247581:LeaderElection210] INFO  impl.RaftServerImpl (ServerState.java:setLeader(253)) - 8a411a4f-0e32-4dd1-80b9-a797c2117425@group-282779247581: change Leader from null to 8a411a4f-0e32-4dd1-80b9-a797c2117425 at term 1 for becomeLeader, leader elected after 7612ms
2019-09-26 15:08:45,170 [8a411a4f-0e32-4dd1-80b9-a797c2117425@group-282779247581:LeaderElection210] INFO  server.RaftServerConfigKeys (ConfUtils.java:logGet(43)) - raft.server.staging.catchup.gap = 1000 (default)
2019-09-26 15:08:45,170 [8a411a4f-0e32-4dd1-80b9-a797c2117425@group-282779247581:LeaderElection210] INFO  server.RaftServerConfigKeys (ConfUtils.java:logGet(43)) - raft.server.rpc.sleep.time = 25ms (default)
2019-09-26 15:08:45,170 [8a411a4f-0e32-4dd1-80b9-a797c2117425@group-282779247581:LeaderElection210] INFO  server.RaftServerConfigKeys (ConfUtils.java:logGet(43)) - raft.server.write.element-limit = 4096 (default)
2019-09-26 15:08:45,171 [8a411a4f-0e32-4dd1-80b9-a797c2117425@group-282779247581:LeaderElection210] INFO  server.RaftServerConfigKeys (ConfUtils.java:logGet(43)) - raft.server.watch.timeout = 10s (default)
2019-09-26 15:08:45,171 [8a411a4f-0e32-4dd1-80b9-a797c2117425@group-282779247581:LeaderElection210] INFO  server.RaftServerConfigKeys (ConfUtils.java:logGet(43)) - raft.server.watch.timeout.denomination = 1s (default)
2019-09-26 15:08:44,893 [Thread-1290] INFO  impl.RoleInfo (RoleInfo.java:updateAndGet(143)) - 8a411a4f-0e32-4dd1-80b9-a797c2117425: start LeaderElection
2019-09-26 15:08:44,893 [Thread-1278] INFO  impl.RoleInfo (RoleInfo.java:updateAndGet(143)) - 8a411a4f-0e32-4dd1-80b9-a797c2117425: start LeaderElection
2019-09-26 15:08:44,893 [Thread-1284] INFO  impl.RoleInfo (RoleInfo.java:updateAndGet(143)) - 8a411a4f-0e32-4dd1-80b9-a797c2117425: start LeaderElection
2019-09-26 15:08:44,893 [Thread-1296] INFO  impl.RoleInfo (RoleInfo.java:updateAndGet(143)) - 8a411a4f-0e32-4dd1-80b9-a797c2117425: start LeaderElection
2019-09-26 15:08:44,893 [Thread-1299] INFO  impl.RoleInfo (RoleInfo.java:updateAndGet(143)) - 8a411a4f-0e32-4dd1-80b9-a797c2117425: start LeaderElection
2019-09-26 15:08:44,893 [8a411a4f-0e32-4dd1-80b9-a797c2117425@group-3ACE71D3EB17-SegmentedRaftLogWorker] INFO  impl.PendingRequests (PendingRequests.java:sendNotLeaderResponses(202)) - 8a411a4f-0e32-4dd1-80b9-a797c2117425-PendingRequests: sendNotLeaderResponses
2019-09-26 15:08:44,892 [Thread-1287] INFO  impl.RoleInfo (RoleInfo.java:updateAndGet(143)) - 8a411a4f-0e32-4dd1-80b9-a797c2117425: start LeaderElection
2019-09-26 15:08:45,172 [8a411a4f-0e32-4dd1-80b9-a797c2117425@group-3ACE71D3EB17-SegmentedRaftLogWorker] INFO  impl.StateMachineUpdater (StateMachineUpdater.java:stopAndJoin(125)) - 8a411a4f-0e32-4dd1-80b9-a797c2117425@group-3ACE71D3EB17-StateMachineUpdater: set stopIndex = -1
2019-09-26 15:08:45,172 [8a411a4f-0e32-4dd1-80b9-a797c2117425@group-3ACE71D3EB17-SegmentedRaftLogWorker] INFO  impl.RaftServerImpl (ServerState.java:close(385)) - 8a411a4f-0e32-4dd1-80b9-a797c2117425@group-3ACE71D3EB17: closes. applyIndex: -1
2019-09-26 15:08:45,172 [8a411a4f-0e32-4dd1-80b9-a797c2117425@group-3ACE71D3EB17-SegmentedRaftLogWorker] INFO  segmented.SegmentedRaftLogWorker (SegmentedRaftLogWorker.java:close(228)) - 8a411a4f-0e32-4dd1-80b9-a797c2117425@group-3ACE71D3EB17-SegmentedRaftLogWorker close()
2019-09-26 15:08:45,173 [8a411a4f-0e32-4dd1-80b9-a797c2117425@group-D2571D42C563:LeaderElection256] INFO  impl.LeaderElection (LeaderElection.java:askForVotes(182)) - 8a411a4f-0e32-4dd1-80b9-a797c2117425@group-D2571D42C563:LeaderElection256: begin an election at term 1 for -1: [8a411a4f-0e32-4dd1-80b9-a797c2117425:192.168.151.99:37125], old=null
2019-09-26 15:08:45,173 [8a411a4f-0e32-4dd1-80b9-a797c2117425@group-D2571D42C563:LeaderElection256] INFO  impl.RoleInfo (RoleInfo.java:shutdownLeaderElection(134)) - 8a411a4f-0e32-4dd1-80b9-a797c2117425: shutdown LeaderElection
2019-09-26 15:08:44,892 [Thread-1148] INFO  impl.RoleInfo (RoleInfo.java:updateAndGet(143)) - 8a411a4f-0e32-4dd1-80b9-a797c2117425: start LeaderElection
2019-09-26 15:08:45,173 [8a411a4f-0e32-4dd1-80b9-a797c2117425@group-D2571D42C563:LeaderElection256] INFO  impl.RaftServerImpl (RaftServerImpl.java:setRole(174)) - 8a411a4f-0e32-4dd1-80b9-a797c2117425@group-D2571D42C563: changes role from CANDIDATE to LEADER at term 1 for changeToLeader
2019-09-26 15:08:45,173 [8a411a4f-0e32-4dd1-80b9-a797c2117425@group-D65568051C37:LeaderElection235] INFO  impl.LeaderElection (LeaderElection.java:askForVotes(182)) - 8a411a4f-0e32-4dd1-80b9-a797c2117425@group-D65568051C37:LeaderElection235: begin an election at term 1 for -1: [8a411a4f-0e32-4dd1-80b9-a797c2117425:192.168.151.99:37125], old=null
2019-09-26 15:08:45,171 [8a411a4f-0e32-4dd1-80b9-a797c2117425@group-282779247581:LeaderElection210] INFO  server.RaftServerConfigKeys (ConfUtils.java:logGet(43)) - raft.server.watch.element-limit = 65536 (default)
2019-09-26 15:08:45,170 [8a411a4f-0e32-4dd1-80b9-a797c2117425@group-F516CA13D34C:LeaderElection205] INFO  impl.RaftServerImpl (RaftServerImpl.java:setRole(174)) - 8a411a4f-0e32-4dd1-80b9-a797c2117425@group-F516CA13D34C: changes role from CANDIDATE to LEADER at term 1 for changeToLeader
2019-09-26 15:08:45,174 [8a411a4f-0e32-4dd1-80b9-a797c2117425@group-F516CA13D34C:LeaderElection205] INFO  impl.RaftServerImpl (ServerState.java:setLeader(253)) - 8a411a4f-0e32-4dd1-80b9-a797c2117425@group-F516CA13D34C: change Leader from null to 8a411a4f-0e32-4dd1-80b9-a797c2117425 at term 1 for becomeLeader, leader elected after 8479ms
2019-09-26 15:08:45,170 [8a411a4f-0e32-4dd1-80b9-a797c2117425@group-3C71898FAFED:LeaderElection208] INFO  impl.RaftServerImpl (RaftServerImpl.java:setRole(174)) - 8a411a4f-0e32-4dd1-80b9-a797c2117425@group-3C71898FAFED: changes role from CANDIDATE to LEADER at term 1 for changeToLeader
2019-09-26 15:08:45,170 [8a411a4f-0e32-4dd1-80b9-a797c2117425@group-2234F8D63BBB:LeaderElection211] INFO  impl.RaftServerImpl (RaftServerImpl.java:setRole(174)) - 8a411a4f-0e32-4dd1-80b9-a797c2117425@group-2234F8D63BBB: changes role from CANDIDATE to LEADER at term 1 for changeToLeader
2019-09-26 15:08:45,174 [8a411a4f-0e32-4dd1-80b9-a797c2117425@group-2234F8D63BBB:LeaderElection211] INFO  impl.RaftServerImpl (ServerState.java:setLeader(253)) - 8a411a4f-0e32-4dd1-80b9-a797c2117425@group-2234F8D63BBB: change Leader from null to 8a411a4f-0e32-4dd1-80b9-a797c2117425 at term 1 for becomeLeader, leader elected after 6314ms
2019-09-26 15:08:45,170 [8a411a4f-0e32-4dd1-80b9-a797c2117425@group-5915C1BC536E:LeaderElection206] INFO  impl.RaftServerImpl (RaftServerImpl.java:setRole(174)) - 8a411a4f-0e32-4dd1-80b9-a797c2117425@group-5915C1BC536E: changes role from CANDIDATE to LEADER at term 1 for changeToLeader
2019-09-26 15:08:45,170 [8a411a4f-0e32-4dd1-80b9-a797c2117425@group-E8F94CDE43C3:LeaderElection209] INFO  impl.RaftServerImpl (RaftServerImpl.java:setRole(174)) - 8a411a4f-0e32-4dd1-80b9-a797c2117425@group-E8F94CDE43C3: changes role from CANDIDATE to LEADER at term 1 for changeToLeader
2019-09-26 15:08:45,174 [8a411a4f-0e32-4dd1-80b9-a797c2117425@group-E8F94CDE43C3:LeaderElection209] INFO  impl.RaftServerImpl (ServerState.java:setLeader(253)) - 8a411a4f-0e32-4dd1-80b9-a797c2117425@group-E8F94CDE43C3: change Leader from null to 8a411a4f-0e32-4dd1-80b9-a797c2117425 at term 1 for becomeLeader, leader elected after 8668ms
2019-09-26 15:08:45,169 [8a411a4f-0e32-4dd1-80b9-a797c2117425@group-C0E431E566D9:LeaderElection207] INFO  impl.RaftServerImpl (RaftServerImpl.java:setRole(174)) - 8a411a4f-0e32-4dd1-80b9-a797c2117425@group-C0E431E566D9: changes role from CANDIDATE to LEADER at term 1 for changeToLeader
2019-09-26 15:08:45,175 [8a411a4f-0e32-4dd1-80b9-a797c2117425@group-C0E431E566D9:LeaderElection207] INFO  impl.RaftServerImpl (ServerState.java:setLeader(253)) - 8a411a4f-0e32-4dd1-80b9-a797c2117425@group-C0E431E566D9: change Leader from null to 8a411a4f-0e32-4dd1-80b9-a797c2117425 at term 1 for becomeLeader, leader elected after 8610ms
2019-09-26 15:08:45,169 [Thread-1320] INFO  impl.RoleInfo (RoleInfo.java:updateAndGet(143)) - 8a411a4f-0e32-4dd1-80b9-a797c2117425: start LeaderElection
2019-09-26 15:08:45,169 [Thread-1314] INFO  impl.RoleInfo (RoleInfo.java:updateAndGet(143)) - 8a411a4f-0e32-4dd1-80b9-a797c2117425: start LeaderElection
2019-09-26 15:08:45,169 [Thread-1305] INFO  impl.RoleInfo (RoleInfo.java:updateAndGet(143)) - 8a411a4f-0e32-4dd1-80b9-a797c2117425: start LeaderElection
2019-09-26 15:08:45,169 [Thread-1311] INFO  impl.RoleInfo (RoleInfo.java:updateAndGet(143)) - 8a411a4f-0e32-4dd1-80b9-a797c2117425: start LeaderElection
2019-09-26 15:08:45,169 [Thread-1302] INFO  impl.RoleInfo (RoleInfo.java:updateAndGet(143)) - 8a411a4f-0e32-4dd1-80b9-a797c2117425: start LeaderElection
2019-09-26 15:08:45,169 [8a411a4f-0e32-4dd1-80b9-a797c2117425@group-815581757129:LeaderElection197] INFO  server.RaftServerConfigKeys (ConfUtils.java:logGet(43)) - raft.server.staging.catchup.gap = 1000 (default)
2019-09-26 15:08:45,169 [8a411a4f-0e32-4dd1-80b9-a797c2117425@group-1955C9B62640:LeaderElection202] INFO  server.RaftServerConfigKeys (ConfUtils.java:logGet(43)) - raft.server.rpc.sleep.time = 25ms (default)
2019-09-26 15:08:45,169 [8a411a4f-0e32-4dd1-80b9-a797c2117425@group-1E5C55F9AE7D:LeaderElection203] INFO  impl.RaftServerImpl (ServerState.java:setLeader(253)) - 8a411a4f-0e32-4dd1-80b9-a797c2117425@group-1E5C55F9AE7D: change Leader from null to 8a411a4f-0e32-4dd1-80b9-a797c2117425 at term 1 for becomeLeader, leader elected after 8826ms
2019-09-26 15:08:45,168 [8a411a4f-0e32-4dd1-80b9-a797c2117425@group-545C9FF84361-SegmentedRaftLogWorker] INFO  impl.PendingRequests (PendingRequests.java:sendNotLeaderResponses(202)) - 8a411a4f-0e32-4dd1-80b9-a797c2117425-PendingRequests: sendNotLeaderResponses
2019-09-26 15:08:45,176 [8a411a4f-0e32-4dd1-80b9-a797c2117425@group-545C9FF84361-SegmentedRaftLogWorker] INFO  impl.StateMachineUpdater (StateMachineUpdater.java:stopAndJoin(125)) - 8a411a4f-0e32-4dd1-80b9-a797c2117425@group-545C9FF84361-StateMachineUpdater: set stopIndex = -1
2019-09-26 15:08:45,176 [8a411a4f-0e32-4dd1-80b9-a797c2117425@group-545C9FF84361-SegmentedRaftLogWorker] INFO  impl.RaftServerImpl (ServerState.java:close(385)) - 8a411a4f-0e32-4dd1-80b9-a797c2117425@group-545C9FF84361: closes. applyIndex: -1
2019-09-26 15:08:45,168 [Thread-1335] INFO  impl.RoleInfo (RoleInfo.java:updateAndGet(143)) - 8a411a4f-0e32-4dd1-80b9-a797c2117425: start LeaderElection
2019-09-26 15:08:45,168 [Thread-1323] INFO  impl.RoleInfo (RoleInfo.java:updateAndGet(143)) - 8a411a4f-0e32-4dd1-80b9-a797c2117425: start LeaderElection
2019-09-26 15:08:45,168 [Thread-1317] INFO  impl.RoleInfo (RoleInfo.java:updateAndGet(143)) - 8a411a4f-0e32-4dd1-80b9-a797c2117425: start LeaderElection
2019-09-26 15:08:45,168 [Thread-1329] INFO  impl.RoleInfo (RoleInfo.java:updateAndGet(143)) - 8a411a4f-0e32-4dd1-80b9-a797c2117425: start LeaderElection
2019-09-26 15:08:45,168 [8a411a4f-0e32-4dd1-80b9-a797c2117425@group-0B799EF4D341-SegmentedRaftLogWorker] INFO  impl.PendingRequests (PendingRequests.java:sendNotLeaderResponses(202)) - 8a411a4f-0e32-4dd1-80b9-a797c2117425-PendingRequests: sendNotLeaderResponses
2019-09-26 15:08:45,167 [8a411a4f-0e32-4dd1-80b9-a797c2117425@group-FECB0F3475E8-SegmentedRaftLogWorker] INFO  segmented.SegmentedRaftLogWorker (SegmentedRaftLogWorker.java:close(228)) - 8a411a4f-0e32-4dd1-80b9-a797c2117425@group-FECB0F3475E8-SegmentedRaftLogWorker close()
2019-09-26 15:08:45,186 [8a411a4f-0e32-4dd1-80b9-a797c2117425@group-0B799EF4D341-SegmentedRaftLogWorker] INFO  impl.StateMachineUpdater (StateMachineUpdater.java:stopAndJoin(125)) - 8a411a4f-0e32-4dd1-80b9-a797c2117425@group-0B799EF4D341-StateMachineUpdater: set stopIndex = -1
2019-09-26 15:08:45,167 [8a411a4f-0e32-4dd1-80b9-a797c2117425@group-4150286250A6-SegmentedRaftLogWorker] INFO  impl.RaftServerImpl (ServerState.java:close(385)) - 8a411a4f-0e32-4dd1-80b9-a797c2117425@group-4150286250A6: closes. applyIndex: -1
2019-09-26 15:08:45,166 [8a411a4f-0e32-4dd1-80b9-a797c2117425@group-358F631A9058-SegmentedRaftLogWorker] INFO  impl.StateMachineUpdater (StateMachineUpdater.java:stopAndJoin(125)) - 8a411a4f-0e32-4dd1-80b9-a797c2117425@group-358F631A9058-StateMachineUpdater: set stopIndex = -1
2019-09-26 15:08:45,166 [Thread-1326] INFO  impl.RoleInfo (RoleInfo.java:updateAndGet(143)) - 8a411a4f-0e32-4dd1-80b9-a797c2117425: start LeaderElection
2019-09-26 15:08:45,165 [Thread-1332] INFO  impl.RoleInfo (RoleInfo.java:updateAndGet(143)) - 8a411a4f-0e32-4dd1-80b9-a797c2117425: start LeaderElection
2019-09-26 15:08:45,164 [Thread-1357] INFO  impl.RoleInfo (RoleInfo.java:updateAndGet(143)) - 8a411a4f-0e32-4dd1-80b9-a797c2117425: start LeaderElection
2019-09-26 15:08:45,158 [8a411a4f-0e32-4dd1-80b9-a797c2117425@group-46ECC70944D4:LeaderElection234] INFO  impl.RaftServerImpl (RaftServerImpl.java:setRole(174)) - 8a411a4f-0e32-4dd1-80b9-a797c2117425@group-46ECC70944D4: changes role from CANDIDATE to LEADER at term 1 for changeToLeader
2019-09-26 15:08:45,195 [8a411a4f-0e32-4dd1-80b9-a797c2117425@group-46ECC70944D4:LeaderElection234] INFO  impl.RaftServerImpl (ServerState.java:setLeader(253)) - 8a411a4f-0e32-4dd1-80b9-a797c2117425@group-46ECC70944D4: change Leader from null to 8a411a4f-0e32-4dd1-80b9-a797c2117425 at term 1 for becomeLeader, leader elected after 11184ms
2019-09-26 15:08:45,158 [8a411a4f-0e32-4dd1-80b9-a797c2117425@group-D864432FC37C:LeaderElection239] INFO  impl.LeaderElection (LeaderElection.java:askForVotes(182)) - 8a411a4f-0e32-4dd1-80b9-a797c2117425@group-D864432FC37C:LeaderElection239: begin an election at term 1 for -1: [8a411a4f-0e32-4dd1-80b9-a797c2117425:192.168.151.99:37125], old=null
2019-09-26 15:08:45,158 [8a411a4f-0e32-4dd1-80b9-a797c2117425@group-A5B80CCFC499:LeaderElection246] INFO  impl.LeaderElection (LeaderElection.java:askForVotes(182)) - 8a411a4f-0e32-4dd1-80b9-a797c2117425@group-A5B80CCFC499:LeaderElection246: begin an election at term 1 for -1: [8a411a4f-0e32-4dd1-80b9-a797c2117425:192.168.151.99:37125], old=null
2019-09-26 15:08:45,158 [8a411a4f-0e32-4dd1-80b9-a797c2117425@group-8700CBCF3B52:LeaderElection240] INFO  impl.LeaderElection (LeaderElection.java:askForVotes(182)) - 8a411a4f-0e32-4dd1-80b9-a797c2117425@group-8700CBCF3B52:LeaderElection240: begin an election at term 1 for -1: [8a411a4f-0e32-4dd1-80b9-a797c2117425:192.168.151.99:37125], old=null
2019-09-26 15:08:45,158 [8a411a4f-0e32-4dd1-80b9-a797c2117425@group-070482571D29:LeaderElection249] INFO  impl.LeaderElection (LeaderElection.java:askForVotes(182)) - 8a411a4f-0e32-4dd1-80b9-a797c2117425@group-070482571D29:LeaderElection249: begin an election at term 1 for -1: [8a411a4f-0e32-4dd1-80b9-a797c2117425:192.168.151.99:37125], old=null
2019-09-26 15:08:45,157 [8a411a4f-0e32-4dd1-80b9-a797c2117425@group-4746F350A503:LeaderElection252] INFO  impl.LeaderElection (LeaderElection.java:askForVotes(182)) - 8a411a4f-0e32-4dd1-80b9-a797c2117425@group-4746F350A503:LeaderElection252: begin an election at term 1 for -1: [8a411a4f-0e32-4dd1-80b9-a797c2117425:192.168.151.99:37125], old=null
2019-09-26 15:08:45,157 [8a411a4f-0e32-4dd1-80b9-a797c2117425@group-1BAA2484A192:LeaderElection245] INFO  impl.LeaderElection (LeaderElection.java:askForVotes(182)) - 8a411a4f-0e32-4dd1-80b9-a797c2117425@group-1BAA2484A192:LeaderElection245: begin an election at term 1 for -1: [8a411a4f-0e32-4dd1-80b9-a797c2117425:192.168.151.99:37125], old=null
2019-09-26 15:08:45,157 [8a411a4f-0e32-4dd1-80b9-a797c2117425@group-5709F8A61C02:LeaderElection248] INFO  impl.LeaderElection (LeaderElection.java:askForVotes(182)) - 8a411a4f-0e32-4dd1-80b9-a797c2117425@group-5709F8A61C02:LeaderElection248: begin an election at term 1 for -1: [8a411a4f-0e32-4dd1-80b9-a797c2117425:192.168.151.99:37125], old=null
2019-09-26 15:08:45,157 [8a411a4f-0e32-4dd1-80b9-a797c2117425@group-78F806914167:LeaderElection238] INFO  impl.LeaderElection (LeaderElection.java:askForVotes(182)) - 8a411a4f-0e32-4dd1-80b9-a797c2117425@group-78F806914167:LeaderElection238: begin an election at term 1 for -1: [8a411a4f-0e32-4dd1-80b9-a797c2117425:192.168.151.99:37125], old=null
2019-09-26 15:08:45,157 [8a411a4f-0e32-4dd1-80b9-a797c2117425@group-72E1DE38373A:LeaderElection236] INFO  impl.LeaderElection (LeaderElection.java:askForVotes(182)) - 8a411a4f-0e32-4dd1-80b9-a797c2117425@group-72E1DE38373A:LeaderElection236: begin an election at term 1 for -1: [8a411a4f-0e32-4dd1-80b9-a797c2117425:192.168.151.99:37125], old=null
2019-09-26 15:08:45,157 [8a411a4f-0e32-4dd1-80b9-a797c2117425@group-FC1F641A5BB5:LeaderElection254] INFO  impl.LeaderElection (LeaderElection.java:askForVotes(182)) - 8a411a4f-0e32-4dd1-80b9-a797c2117425@group-FC1F641A5BB5:LeaderElection254: begin an election at term 1 for -1: [8a411a4f-0e32-4dd1-80b9-a797c2117425:192.168.151.99:37125], old=null
2019-09-26 15:08:45,157 [8a411a4f-0e32-4dd1-80b9-a797c2117425@group-B3783F4873A6:LeaderElection242] INFO  impl.LeaderElection (LeaderElection.java:askForVotes(182)) - 8a411a4f-0e32-4dd1-80b9-a797c2117425@group-B3783F4873A6:LeaderElection242: begin an election at term 1 for -1: [8a411a4f-0e32-4dd1-80b9-a797c2117425:192.168.151.99:37125], old=null
2019-09-26 15:08:45,198 [8a411a4f-0e32-4dd1-80b9-a797c2117425@group-B3783F4873A6:LeaderElection242] INFO  impl.RoleInfo (RoleInfo.java:shutdownLeaderElection(134)) - 8a411a4f-0e32-4dd1-80b9-a797c2117425: shutdown LeaderElection
2019-09-26 15:08:45,198 [8a411a4f-0e32-4dd1-80b9-a797c2117425@group-B3783F4873A6:LeaderElection242] INFO  impl.RaftServerImpl (RaftServerImpl.java:setRole(174)) - 8a411a4f-0e32-4dd1-80b9-a797c2117425@group-B3783F4873A6: changes role from CANDIDATE to LEADER at term 1 for changeToLeader
2019-09-26 15:08:45,199 [8a411a4f-0e32-4dd1-80b9-a797c2117425@group-B3783F4873A6:LeaderElection242] INFO  impl.RaftServerImpl (ServerState.java:setLeader(253)) - 8a411a4f-0e32-4dd1-80b9-a797c2117425@group-B3783F4873A6: change Leader from null to 8a411a4f-0e32-4dd1-80b9-a797c2117425 at term 1 for becomeLeader, leader elected after 7709ms
2019-09-26 15:08:45,199 [8a411a4f-0e32-4dd1-80b9-a797c2117425@group-B3783F4873A6:LeaderElection242] INFO  server.RaftServerConfigKeys (ConfUtils.java:logGet(43)) - raft.server.staging.catchup.gap = 1000 (default)
2019-09-26 15:08:45,199 [8a411a4f-0e32-4dd1-80b9-a797c2117425@group-B3783F4873A6:LeaderElection242] INFO  server.RaftServerConfigKeys (ConfUtils.java:logGet(43)) - raft.server.rpc.sleep.time = 25ms (default)
2019-09-26 15:08:45,199 [8a411a4f-0e32-4dd1-80b9-a797c2117425@group-B3783F4873A6:LeaderElection242] INFO  server.RaftServerConfigKeys (ConfUtils.java:logGet(43)) - raft.server.write.element-limit = 4096 (default)
2019-09-26 15:08:45,199 [8a411a4f-0e32-4dd1-80b9-a797c2117425@group-B3783F4873A6:LeaderElection242] INFO  server.RaftServerConfigKeys (ConfUtils.java:logGet(43)) - raft.server.watch.timeout = 10s (default)
2019-09-26 15:08:45,199 [8a411a4f-0e32-4dd1-80b9-a797c2117425@group-B3783F4873A6:LeaderElection242] INFO  server.RaftServerConfigKeys (ConfUtils.java:logGet(43)) - raft.server.watch.timeout.denomination = 1s (default)
2019-09-26 15:08:45,199 [8a411a4f-0e32-4dd1-80b9-a797c2117425@group-B3783F4873A6:LeaderElection242] INFO  server.RaftServerConfigKeys (ConfUtils.java:logGet(43)) - raft.server.watch.element-limit = 65536 (default)
2019-09-26 15:08:45,201 [8a411a4f-0e32-4dd1-80b9-a797c2117425@group-B3783F4873A6:LeaderElection242] INFO  impl.RoleInfo (RoleInfo.java:updateAndGet(143)) - 8a411a4f-0e32-4dd1-80b9-a797c2117425: start LeaderState
2019-09-26 15:08:45,201 [8a411a4f-0e32-4dd1-80b9-a797c2117425@group-B3783F4873A6:LeaderElection242] INFO  segmented.SegmentedRaftLogWorker (SegmentedRaftLogWorker.java:startLogSegment(380)) - 8a411a4f-0e32-4dd1-80b9-a797c2117425@group-B3783F4873A6-SegmentedRaftLogWorker: Starting segment from index:0
2019-09-26 15:08:45,157 [8a411a4f-0e32-4dd1-80b9-a797c2117425@group-53CD7F03AB35:LeaderElection253] INFO  impl.LeaderElection (LeaderElection.java:askForVotes(182)) - 8a411a4f-0e32-4dd1-80b9-a797c2117425@group-53CD7F03AB35:LeaderElection253: begin an election at term 1 for -1: [8a411a4f-0e32-4dd1-80b9-a797c2117425:192.168.151.99:37125], old=null
2019-09-26 15:08:45,157 [8a411a4f-0e32-4dd1-80b9-a797c2117425@group-56F119E5147E:LeaderElection241] INFO  impl.LeaderElection (LeaderElection.java:askForVotes(182)) - 8a411a4f-0e32-4dd1-80b9-a797c2117425@group-56F119E5147E:LeaderElection241: begin an election at term 1 for -1: [8a411a4f-0e32-4dd1-80b9-a797c2117425:192.168.151.99:37125], old=null
2019-09-26 15:08:45,157 [8a411a4f-0e32-4dd1-80b9-a797c2117425@group-CAAD3C9AE29A:LeaderElection237] INFO  impl.LeaderElection (LeaderElection.java:askForVotes(182)) - 8a411a4f-0e32-4dd1-80b9-a797c2117425@group-CAAD3C9AE29A:LeaderElection237: begin an election at term 1 for -1: [8a411a4f-0e32-4dd1-80b9-a797c2117425:192.168.151.99:37125], old=null
2019-09-26 15:08:45,157 [8a411a4f-0e32-4dd1-80b9-a797c2117425@group-19C985EAA9F4:LeaderElection247] INFO  impl.LeaderElection (LeaderElection.java:askForVotes(182)) - 8a411a4f-0e32-4dd1-80b9-a797c2117425@group-19C985EAA9F4:LeaderElection247: begin an election at term 1 for -1: [8a411a4f-0e32-4dd1-80b9-a797c2117425:192.168.151.99:37125], old=null
2019-09-26 15:08:45,157 [8a411a4f-0e32-4dd1-80b9-a797c2117425@group-3FF9DA04F6D3:LeaderElection243] INFO  impl.LeaderElection (LeaderElection.java:askForVotes(182)) - 8a411a4f-0e32-4dd1-80b9-a797c2117425@group-3FF9DA04F6D3:LeaderElection243: begin an election at term 1 for -1: [8a411a4f-0e32-4dd1-80b9-a797c2117425:192.168.151.99:37125], old=null
2019-09-26 15:08:45,202 [8a411a4f-0e32-4dd1-80b9-a797c2117425@group-966319DBCAF8:LeaderElection230] INFO  impl.LeaderElection (LeaderElection.java:askForVotes(182)) - 8a411a4f-0e32-4dd1-80b9-a797c2117425@group-966319DBCAF8:LeaderElection230: begin an election at term 1 for -1: [8a411a4f-0e32-4dd1-80b9-a797c2117425:192.168.151.99:37125], old=null
2019-09-26 15:08:45,157 [8a411a4f-0e32-4dd1-80b9-a797c2117425@group-BF7801AC219F:LeaderElection250] INFO  impl.LeaderElection (LeaderElection.java:askForVotes(182)) - 8a411a4f-0e32-4dd1-80b9-a797c2117425@group-BF7801AC219F:LeaderElection250: begin an election at term 1 for -1: [8a411a4f-0e32-4dd1-80b9-a797c2117425:192.168.151.99:37125], old=null
2019-09-26 15:08:45,157 [8a411a4f-0e32-4dd1-80b9-a797c2117425@group-69E0C5198CB5:LeaderElection251] INFO  impl.LeaderElection (LeaderElection.java:askForVotes(182)) - 8a411a4f-0e32-4dd1-80b9-a797c2117425@group-69E0C5198CB5:LeaderElection251: begin an election at term 1 for -1: [8a411a4f-0e32-4dd1-80b9-a797c2117425:192.168.151.99:37125], old=null
2019-09-26 15:08:45,458 [8a411a4f-0e32-4dd1-80b9-a797c2117425@group-BDE5A38AA11F:LeaderElection258] INFO  impl.LeaderElection (LeaderElection.java:askForVotes(182)) - 8a411a4f-0e32-4dd1-80b9-a797c2117425@group-BDE5A38AA11F:LeaderElection258: begin an election at term 1 for -1: [8a411a4f-0e32-4dd1-80b9-a797c2117425:192.168.151.99:37125], old=null
2019-09-26 15:08:45,157 [8a411a4f-0e32-4dd1-80b9-a797c2117425@group-953CCBC0A9E0:LeaderElection244] INFO  impl.LeaderElection (LeaderElection.java:askForVotes(182)) - 8a411a4f-0e32-4dd1-80b9-a797c2117425@group-953CCBC0A9E0:LeaderElection244: begin an election at term 1 for -1: [8a411a4f-0e32-4dd1-80b9-a797c2117425:192.168.151.99:37125], old=null
2019-09-26 15:08:45,150 [8a411a4f-0e32-4dd1-80b9-a797c2117425@group-B3C8B28B000E:LeaderElection185] INFO  impl.RoleInfo (RoleInfo.java:updateAndGet(143)) - 8a411a4f-0e32-4dd1-80b9-a797c2117425: start LeaderState
2019-09-26 15:08:45,150 [8a411a4f-0e32-4dd1-80b9-a797c2117425@group-38020CCA7F83:LeaderElection184] INFO  server.RaftServerConfigKeys (ConfUtils.java:logGet(43)) - raft.server.watch.timeout = 10s (default)
2019-09-26 15:08:45,150 [8a411a4f-0e32-4dd1-80b9-a797c2117425@group-F71E95AE8AB3:LeaderElection188] INFO  server.RaftServerConfigKeys (ConfUtils.java:logGet(43)) - raft.server.watch.timeout.denomination = 1s (default)
2019-09-26 15:08:45,150 [8a411a4f-0e32-4dd1-80b9-a797c2117425@group-4D95ED7A34E1:LeaderElection186] INFO  server.RaftServerConfigKeys (ConfUtils.java:logGet(43)) - raft.server.watch.element-limit = 65536 (default)
2019-09-26 15:08:45,150 [8a411a4f-0e32-4dd1-80b9-a797c2117425@group-F0ABC0A80C00:LeaderElection183] INFO  server.RaftServerConfigKeys (ConfUtils.java:logGet(43)) - raft.server.watch.timeout = 10s (default)
2019-09-26 15:08:45,150 [8a411a4f-0e32-4dd1-80b9-a797c2117425@group-06EC7D0DF22B:LeaderElection187] INFO  server.RaftServerConfigKeys (ConfUtils.java:logGet(43)) - raft.server.watch.timeout.denomination = 1s (default)
2019-09-26 15:08:45,149 [8a411a4f-0e32-4dd1-80b9-a797c2117425@group-5E95C319A20F:LeaderElection191] INFO  segmented.SegmentedRaftLogWorker (SegmentedRaftLogWorker.java:startLogSegment(380)) - 8a411a4f-0e32-4dd1-80b9-a797c2117425@group-5E95C319A20F-SegmentedRaftLogWorker: Starting segment from index:0
2019-09-26 15:08:45,148 [8a411a4f-0e32-4dd1-80b9-a797c2117425@group-C4458528C18D:LeaderElection199] INFO  impl.RaftServerImpl (ServerState.java:setLeader(253)) - 8a411a4f-0e32-4dd1-80b9-a797c2117425@group-C4458528C18D: change Leader from null to 8a411a4f-0e32-4dd1-80b9-a797c2117425 at term 1 for becomeLeader, leader elected after 8977ms
2019-09-26 15:08:45,148 [8a411a4f-0e32-4dd1-80b9-a797c2117425@group-08ECA622B824:LeaderElection200] INFO  server.RaftServerConfigKeys (ConfUtils.java:logGet(43)) - raft.server.staging.catchup.gap = 1000 (default)
2019-09-26 15:08:45,148 [8a411a4f-0e32-4dd1-80b9-a797c2117425@group-9B2ED3ACC3BA:LeaderElection201] INFO  impl.RaftServerImpl (ServerState.java:setLeader(253)) - 8a411a4f-0e32-4dd1-80b9-a797c2117425@group-9B2ED3ACC3BA: change Leader from null to 8a411a4f-0e32-4dd1-80b9-a797c2117425 at term 1 for becomeLeader, leader elected after 8924ms
2019-09-26 15:08:45,148 [8a411a4f-0e32-4dd1-80b9-a797c2117425@group-F5831FDAC3B9:LeaderElection190] INFO  server.RaftServerConfigKeys (ConfUtils.java:logGet(43)) - raft.server.watch.timeout = 10s (default)
2019-09-26 15:08:45,141 [8a411a4f-0e32-4dd1-80b9-a797c2117425@group-E916E844E274:LeaderElection178] INFO  impl.RoleInfo (RoleInfo.java:updateAndGet(143)) - 8a411a4f-0e32-4dd1-80b9-a797c2117425: start LeaderState
2019-09-26 15:08:45,141 [8a411a4f-0e32-4dd1-80b9-a797c2117425@group-AD41E9BABF33:LeaderElection189] INFO  impl.RoleInfo (RoleInfo.java:updateAndGet(143)) - 8a411a4f-0e32-4dd1-80b9-a797c2117425: start LeaderState
2019-09-26 15:08:45,141 [Thread-979] INFO  impl.RoleInfo (RoleInfo.java:updateAndGet(143)) - 8a411a4f-0e32-4dd1-80b9-a797c2117425: start LeaderElection
2019-09-26 15:08:45,140 [8a411a4f-0e32-4dd1-80b9-a797c2117425@group-171E6B5B65D9-SegmentedRaftLogWorker] INFO  impl.StateMachineUpdater (StateMachineUpdater.java:stopAndJoin(125)) - 8a411a4f-0e32-4dd1-80b9-a797c2117425@group-171E6B5B65D9-StateMachineUpdater: set stopIndex = -1
2019-09-26 15:08:45,140 [8a411a4f-0e32-4dd1-80b9-a797c2117425@group-D220E74A09E8-SegmentedRaftLogWorker] INFO  impl.PendingRequests (PendingRequests.java:sendNotLeaderResponses(202)) - 8a411a4f-0e32-4dd1-80b9-a797c2117425-PendingRequests: sendNotLeaderResponses
2019-09-26 15:08:45,729 [8a411a4f-0e32-4dd1-80b9-a797c2117425@group-D220E74A09E8-SegmentedRaftLogWorker] INFO  impl.StateMachineUpdater (StateMachineUpdater.java:stopAndJoin(125)) - 8a411a4f-0e32-4dd1-80b9-a797c2117425@group-D220E74A09E8-StateMachineUpdater: set stopIndex = -1
2019-09-26 15:08:45,140 [8a411a4f-0e32-4dd1-80b9-a797c2117425@group-9CAEA4046C8E:LeaderElection213] INFO  impl.RoleInfo (RoleInfo.java:shutdownLeaderElection(134)) - 8a411a4f-0e32-4dd1-80b9-a797c2117425: shutdown LeaderElection
2019-09-26 15:08:45,730 [8a411a4f-0e32-4dd1-80b9-a797c2117425@group-D220E74A09E8-SegmentedRaftLogWorker] INFO  impl.RaftServerImpl (ServerState.java:close(385)) - 8a411a4f-0e32-4dd1-80b9-a797c2117425@group-D220E74A09E8: closes. applyIndex: -1
2019-09-26 15:08:45,730 [8a411a4f-0e32-4dd1-80b9-a797c2117425@group-D220E74A09E8-SegmentedRaftLogWorker] INFO  segmented.SegmentedRaftLogWorker (SegmentedRaftLogWorker.java:close(228)) - 8a411a4f-0e32-4dd1-80b9-a797c2117425@group-D220E74A09E8-SegmentedRaftLogWorker close()
2019-09-26 15:08:45,140 [8a411a4f-0e32-4dd1-80b9-a797c2117425@group-43557E0D0B54:LeaderElection204] INFO  impl.RoleInfo (RoleInfo.java:shutdownLeaderElection(134)) - 8a411a4f-0e32-4dd1-80b9-a797c2117425: shutdown LeaderElection
2019-09-26 15:08:45,139 [8a411a4f-0e32-4dd1-80b9-a797c2117425@group-CA9544AD4330:LeaderElection216] INFO  impl.RoleInfo (RoleInfo.java:shutdownLeaderElection(134)) - 8a411a4f-0e32-4dd1-80b9-a797c2117425: shutdown LeaderElection
2019-09-26 15:08:45,139 [8a411a4f-0e32-4dd1-80b9-a797c2117425@group-2F139598710B:LeaderElection215] INFO  impl.RoleInfo (RoleInfo.java:shutdownLeaderElection(134)) - 8a411a4f-0e32-4dd1-80b9-a797c2117425: shutdown LeaderElection
2019-09-26 15:08:45,139 [8a411a4f-0e32-4dd1-80b9-a797c2117425@group-FC070601F0EC:LeaderElection214] INFO  server.RaftServerConfigKeys (ConfUtils.java:logGet(43)) - raft.server.write.element-limit = 4096 (default)
2019-09-26 15:08:45,138 [8a411a4f-0e32-4dd1-80b9-a797c2117425@group-7740B1DAF25C:LeaderElection212] INFO  impl.RaftServerImpl (RaftServerImpl.java:setRole(174)) - 8a411a4f-0e32-4dd1-80b9-a797c2117425@group-7740B1DAF25C: changes role from CANDIDATE to LEADER at term 1 for changeToLeader
2019-09-26 15:08:45,738 [8a411a4f-0e32-4dd1-80b9-a797c2117425@group-7740B1DAF25C:LeaderElection212] INFO  impl.RaftServerImpl (ServerState.java:setLeader(253)) - 8a411a4f-0e32-4dd1-80b9-a797c2117425@group-7740B1DAF25C: change Leader from null to 8a411a4f-0e32-4dd1-80b9-a797c2117425 at term 1 for becomeLeader, leader elected after 7840ms
2019-09-26 15:08:45,137 [8a411a4f-0e32-4dd1-80b9-a797c2117425@group-5C09A8D6B935:LeaderElection180] INFO  server.RaftServerConfigKeys (ConfUtils.java:logGet(43)) - raft.server.watch.timeout = 10s (default)
2019-09-26 15:08:45,137 [pool-27-thread-1] INFO  server.RaftServerConfigKeys (ConfUtils.java:logGet(43)) - raft.server.log.statemachine.data.sync = true (default)
2019-09-26 15:08:45,137 [8a411a4f-0e32-4dd1-80b9-a797c2117425@group-9FBC4F4584D8:LeaderElection193] INFO  server.RaftServerConfigKeys (ConfUtils.java:logGet(43)) - raft.server.staging.catchup.gap = 1000 (default)
2019-09-26 15:08:45,137 [8a411a4f-0e32-4dd1-80b9-a797c2117425@group-E5D9BD4A2B02:LeaderElection194] INFO  server.RaftServerConfigKeys (ConfUtils.java:logGet(43)) - raft.server.rpc.sleep.time = 25ms (default)
2019-09-26 15:08:45,137 [8a411a4f-0e32-4dd1-80b9-a797c2117425@group-FC1790118091:LeaderElection195] INFO  server.RaftServerConfigKeys (ConfUtils.java:logGet(43)) - raft.server.rpc.sleep.time = 25ms (default)
2019-09-26 15:08:45,136 [8a411a4f-0e32-4dd1-80b9-a797c2117425@group-CD788BB93D49:LeaderElection196] INFO  server.RaftServerConfigKeys (ConfUtils.java:logGet(43)) - raft.server.rpc.sleep.time = 25ms (default)
2019-09-26 15:08:45,136 [8a411a4f-0e32-4dd1-80b9-a797c2117425@group-24DB933FF523:LeaderElection182] INFO  server.RaftServerConfigKeys (ConfUtils.java:logGet(43)) - raft.server.watch.element-limit = 65536 (default)
2019-09-26 15:08:45,136 [8a411a4f-0e32-4dd1-80b9-a797c2117425@group-AE79292C071A:LeaderElection181] INFO  server.RaftServerConfigKeys (ConfUtils.java:logGet(43)) - raft.server.watch.element-limit = 65536 (default)
2019-09-26 15:08:45,136 [8a411a4f-0e32-4dd1-80b9-a797c2117425@group-338C79B436FD-SegmentedRaftLogWorker] INFO  util.JmxRegister (JmxRegister.java:unregister(73)) - Successfully un-registered JMX Bean with object name Ratis:service=RaftServer,group=group-338C79B436FD,id=8a411a4f-0e32-4dd1-80b9-a797c2117425
2019-09-26 15:08:45,136 [8a411a4f-0e32-4dd1-80b9-a797c2117425@group-789513F6DACF:LeaderElection198] INFO  impl.RaftServerImpl (RaftServerImpl.java:setRole(174)) - 8a411a4f-0e32-4dd1-80b9-a797c2117425@group-789513F6DACF: changes role from CANDIDATE to LEADER at term 1 for changeToLeader
2019-09-26 15:08:45,135 [Thread-970] INFO  impl.RaftServerImpl (RaftServerImpl.java:setRole(174)) - 8a411a4f-0e32-4dd1-80b9-a797c2117425@group-B82DE6D48904: changes role from  FOLLOWER to CANDIDATE at term 0 for changeToCandidate
2019-09-26 15:08:45,135 [8a411a4f-0e32-4dd1-80b9-a797c2117425@group-83D70F78A169-SegmentedRaftLogWorker] INFO  impl.PendingRequests (PendingRequests.java:sendNotLeaderResponses(202)) - 8a411a4f-0e32-4dd1-80b9-a797c2117425-PendingRequests: sendNotLeaderResponses
2019-09-26 15:08:45,135 [8a411a4f-0e32-4dd1-80b9-a797c2117425@group-13FFAC1DF739:LeaderElection179] INFO  server.RaftServerConfigKeys (ConfUtils.java:logGet(43)) - raft.server.watch.element-limit = 65536 (default)
2019-09-26 15:08:45,133 [8a411a4f-0e32-4dd1-80b9-a797c2117425@group-938D56FE126F-SegmentedRaftLogWorker] INFO  impl.RaftServerImpl (RaftServerImpl.java:lambda$shutdown$3(251)) - 8a411a4f-0e32-4dd1-80b9-a797c2117425@group-938D56FE126F: shutdown
2019-09-26 15:08:45,133 [8a411a4f-0e32-4dd1-80b9-a797c2117425@group-464AB6351F7D:LeaderElection192] INFO  impl.RoleInfo (RoleInfo.java:updateAndGet(143)) - 8a411a4f-0e32-4dd1-80b9-a797c2117425: start LeaderState
2019-09-26 15:08:45,133 [8a411a4f-0e32-4dd1-80b9-a797c2117425@group-24E75438A6C2-SegmentedRaftLogWorker] INFO  impl.RaftServerImpl (RaftServerImpl.java:lambda$shutdown$3(251)) - 8a411a4f-0e32-4dd1-80b9-a797c2117425@group-24E75438A6C2: shutdown
2019-09-26 15:08:45,740 [8a411a4f-0e32-4dd1-80b9-a797c2117425@group-464AB6351F7D:LeaderElection192] INFO  segmented.SegmentedRaftLogWorker (SegmentedRaftLogWorker.java:startLogSegment(380)) - 8a411a4f-0e32-4dd1-80b9-a797c2117425@group-464AB6351F7D-SegmentedRaftLogWorker: Starting segment from index:0
2019-09-26 15:08:45,133 [Thread-997] INFO  impl.RoleInfo (RoleInfo.java:shutdownFollowerState(121)) - 8a411a4f-0e32-4dd1-80b9-a797c2117425: shutdown FollowerState
2019-09-26 15:08:45,133 [Thread-1385] INFO  impl.RoleInfo (RoleInfo.java:shutdownFollowerState(121)) - 8a411a4f-0e32-4dd1-80b9-a797c2117425: shutdown FollowerState
2019-09-26 15:08:45,133 [8a411a4f-0e32-4dd1-80b9-a797c2117425@group-ACFFAC7539DC-SegmentedRaftLogWorker] INFO  util.JmxRegister (JmxRegister.java:unregister(73)) - Successfully un-registered JMX Bean with object name Ratis:service=RaftServer,group=group-ACFFAC7539DC,id=8a411a4f-0e32-4dd1-80b9-a797c2117425
2019-09-26 15:08:45,131 [8a411a4f-0e32-4dd1-80b9-a797c2117425@group-AF909D263E7A:LeaderElection171] INFO  impl.RoleInfo (RoleInfo.java:updateAndGet(143)) - 8a411a4f-0e32-4dd1-80b9-a797c2117425: start LeaderState
2019-09-26 15:08:45,130 [8a411a4f-0e32-4dd1-80b9-a797c2117425@group-34FCBFD36539:LeaderElection177] INFO  segmented.SegmentedRaftLogWorker (SegmentedRaftLogWorker.java:startLogSegment(380)) - 8a411a4f-0e32-4dd1-80b9-a797c2117425@group-34FCBFD36539-SegmentedRaftLogWorker: Starting segment from index:0
2019-09-26 15:08:45,740 [8a411a4f-0e32-4dd1-80b9-a797c2117425@group-ACFFAC7539DC-SegmentedRaftLogWorker] INFO  impl.RoleInfo (RoleInfo.java:shutdownLeaderState(104)) - 8a411a4f-0e32-4dd1-80b9-a797c2117425: shutdown LeaderState
2019-09-26 15:08:45,740 [Thread-1385] INFO  impl.RaftServerImpl (RaftServerImpl.java:setRole(174)) - 8a411a4f-0e32-4dd1-80b9-a797c2117425@group-C79884FD6F3D: changes role from  FOLLOWER to CANDIDATE at term 0 for changeToCandidate
2019-09-26 15:08:45,740 [Thread-997] INFO  impl.RaftServerImpl (RaftServerImpl.java:setRole(174)) - 8a411a4f-0e32-4dd1-80b9-a797c2117425@group-22226669EE23: changes role from  FOLLOWER to CANDIDATE at term 0 for changeToCandidate
2019-09-26 15:08:45,740 [8a411a4f-0e32-4dd1-80b9-a797c2117425@group-24E75438A6C2-SegmentedRaftLogWorker] INFO  util.JmxRegister (JmxRegister.java:unregister(73)) - Successfully un-registered JMX Bean with object name Ratis:service=RaftServer,group=group-24E75438A6C2,id=8a411a4f-0e32-4dd1-80b9-a797c2117425
2019-09-26 15:08:45,740 [8a411a4f-0e32-4dd1-80b9-a797c2117425@group-938D56FE126F-SegmentedRaftLogWorker] INFO  util.JmxRegister (JmxRegister.java:unregister(73)) - Successfully un-registered JMX Bean with object name Ratis:service=RaftServer,group=group-938D56FE126F,id=8a411a4f-0e32-4dd1-80b9-a797c2117425
2019-09-26 15:08:45,739 [8a411a4f-0e32-4dd1-80b9-a797c2117425@group-83D70F78A169-SegmentedRaftLogWorker] INFO  impl.StateMachineUpdater (StateMachineUpdater.java:stopAndJoin(125)) - 8a411a4f-0e32-4dd1-80b9-a797c2117425@group-83D70F78A169-StateMachineUpdater: set stopIndex = -1
2019-09-26 15:08:45,739 [8a411a4f-0e32-4dd1-80b9-a797c2117425@group-789513F6DACF:LeaderElection198] INFO  impl.RaftServerImpl (ServerState.java:setLeader(253)) - 8a411a4f-0e32-4dd1-80b9-a797c2117425@group-789513F6DACF: change Leader from null to 8a411a4f-0e32-4dd1-80b9-a797c2117425 at term 1 for becomeLeader, leader elected after 9318ms
2019-09-26 15:08:45,739 [8a411a4f-0e32-4dd1-80b9-a797c2117425@group-338C79B436FD-SegmentedRaftLogWorker] INFO  impl.RoleInfo (RoleInfo.java:shutdownLeaderState(104)) - 8a411a4f-0e32-4dd1-80b9-a797c2117425: shutdown LeaderState
2019-09-26 15:08:45,738 [8a411a4f-0e32-4dd1-80b9-a797c2117425@group-9FBC4F4584D8:LeaderElection193] INFO  server.RaftServerConfigKeys (ConfUtils.java:logGet(43)) - raft.server.rpc.sleep.time = 25ms (default)
2019-09-26 15:08:45,738 [pool-27-thread-1] INFO  server.RaftServerConfigKeys (ConfUtils.java:logGet(43)) - raft.server.log.statemachine.data.sync.timeout = 10s (default)
2019-09-26 15:08:45,738 [8a411a4f-0e32-4dd1-80b9-a797c2117425@group-5C09A8D6B935:LeaderElection180] INFO  server.RaftServerConfigKeys (ConfUtils.java:logGet(43)) - raft.server.watch.timeout.denomination = 1s (default)
2019-09-26 15:08:45,738 [8a411a4f-0e32-4dd1-80b9-a797c2117425@group-7740B1DAF25C:LeaderElection212] INFO  server.RaftServerConfigKeys (ConfUtils.java:logGet(43)) - raft.server.staging.catchup.gap = 1000 (default)
2019-09-26 15:08:45,738 [8a411a4f-0e32-4dd1-80b9-a797c2117425@group-FC070601F0EC:LeaderElection214] INFO  server.RaftServerConfigKeys (ConfUtils.java:logGet(43)) - raft.server.watch.timeout = 10s (default)
2019-09-26 15:08:45,737 [8a411a4f-0e32-4dd1-80b9-a797c2117425@group-2F139598710B:LeaderElection215] INFO  impl.RaftServerImpl (RaftServerImpl.java:setRole(174)) - 8a411a4f-0e32-4dd1-80b9-a797c2117425@group-2F139598710B: changes role from CANDIDATE to LEADER at term 1 for changeToLeader
2019-09-26 15:08:45,742 [8a411a4f-0e32-4dd1-80b9-a797c2117425@group-2F139598710B:LeaderElection215] INFO  impl.RaftServerImpl (ServerState.java:setLeader(253)) - 8a411a4f-0e32-4dd1-80b9-a797c2117425@group-2F139598710B: change Leader from null to 8a411a4f-0e32-4dd1-80b9-a797c2117425 at term 1 for becomeLeader, leader elected after 7886ms
2019-09-26 15:08:45,737 [8a411a4f-0e32-4dd1-80b9-a797c2117425@group-CA9544AD4330:LeaderElection216] INFO  impl.RaftServerImpl (RaftServerImpl.java:setRole(174)) - 8a411a4f-0e32-4dd1-80b9-a797c2117425@group-CA9544AD4330: changes role from CANDIDATE to LEADER at term 1 for changeToLeader
2019-09-26 15:08:45,737 [8a411a4f-0e32-4dd1-80b9-a797c2117425@group-43557E0D0B54:LeaderElection204] INFO  impl.RaftServerImpl (RaftServerImpl.java:setRole(174)) - 8a411a4f-0e32-4dd1-80b9-a797c2117425@group-43557E0D0B54: changes role from CANDIDATE to LEADER at term 1 for changeToLeader
2019-09-26 15:08:45,730 [8a411a4f-0e32-4dd1-80b9-a797c2117425@group-9CAEA4046C8E:LeaderElection213] INFO  impl.RaftServerImpl (RaftServerImpl.java:setRole(174)) - 8a411a4f-0e32-4dd1-80b9-a797c2117425@group-9CAEA4046C8E: changes role from CANDIDATE to LEADER at term 1 for changeToLeader
2019-09-26 15:08:45,742 [8a411a4f-0e32-4dd1-80b9-a797c2117425@group-9CAEA4046C8E:LeaderElection213] INFO  impl.RaftServerImpl (ServerState.java:setLeader(253)) - 8a411a4f-0e32-4dd1-80b9-a797c2117425@group-9CAEA4046C8E: change Leader from null to 8a411a4f-0e32-4dd1-80b9-a797c2117425 at term 1 for becomeLeader, leader elected after 7972ms
2019-09-26 15:08:45,729 [8a411a4f-0e32-4dd1-80b9-a797c2117425@group-171E6B5B65D9-SegmentedRaftLogWorker] INFO  impl.RaftServerImpl (ServerState.java:close(385)) - 8a411a4f-0e32-4dd1-80b9-a797c2117425@group-171E6B5B65D9: closes. applyIndex: -1
2019-09-26 15:08:45,729 [8a411a4f-0e32-4dd1-80b9-a797c2117425@group-4D95ED7A34E1:LeaderElection186] INFO  impl.RoleInfo (RoleInfo.java:updateAndGet(143)) - 8a411a4f-0e32-4dd1-80b9-a797c2117425: start LeaderState
2019-09-26 15:08:45,729 [8a411a4f-0e32-4dd1-80b9-a797c2117425@group-AD41E9BABF33:LeaderElection189] INFO  segmented.SegmentedRaftLogWorker (SegmentedRaftLogWorker.java:startLogSegment(380)) - 8a411a4f-0e32-4dd1-80b9-a797c2117425@group-AD41E9BABF33-SegmentedRaftLogWorker: Starting segment from index:0
2019-09-26 15:08:45,729 [8a411a4f-0e32-4dd1-80b9-a797c2117425@group-E916E844E274:LeaderElection178] INFO  segmented.SegmentedRaftLogWorker (SegmentedRaftLogWorker.java:startLogSegment(380)) - 8a411a4f-0e32-4dd1-80b9-a797c2117425@group-E916E844E274-SegmentedRaftLogWorker: Starting segment from index:0
2019-09-26 15:08:45,729 [8a411a4f-0e32-4dd1-80b9-a797c2117425@group-F5831FDAC3B9:LeaderElection190] INFO  server.RaftServerConfigKeys (ConfUtils.java:logGet(43)) - raft.server.watch.timeout.denomination = 1s (default)
2019-09-26 15:08:45,729 [8a411a4f-0e32-4dd1-80b9-a797c2117425@group-9B2ED3ACC3BA:LeaderElection201] INFO  server.RaftServerConfigKeys (ConfUtils.java:logGet(43)) - raft.server.staging.catchup.gap = 1000 (default)
2019-09-26 15:08:45,728 [Thread-1037] INFO  impl.FollowerState (FollowerState.java:run(106)) - 8a411a4f-0e32-4dd1-80b9-a797c2117425:group-E7D8D4CC70D9 changes to CANDIDATE, lastRpcTime:10837, electionTimeout:5102ms
2019-09-26 15:08:45,728 [8a411a4f-0e32-4dd1-80b9-a797c2117425@group-5E95C319A20F:LeaderElection191] INFO  impl.RaftServerImpl (ServerState.java:setRaftConf(354)) - 8a411a4f-0e32-4dd1-80b9-a797c2117425@group-5E95C319A20F: set configuration 0: [8a411a4f-0e32-4dd1-80b9-a797c2117425:192.168.151.99:37125], old=null at 0
2019-09-26 15:08:45,728 [8a411a4f-0e32-4dd1-80b9-a797c2117425@group-00BC2B0139A4:LeaderElection217] INFO  impl.LeaderElection (LeaderElection.java:askForVotes(182)) - 8a411a4f-0e32-4dd1-80b9-a797c2117425@group-00BC2B0139A4:LeaderElection217: begin an election at term 1 for -1: [8a411a4f-0e32-4dd1-80b9-a797c2117425:192.168.151.99:37125], old=null
2019-09-26 15:08:45,728 [8a411a4f-0e32-4dd1-80b9-a797c2117425@group-8C4965DA48D4:LeaderElection264] INFO  impl.LeaderElection (LeaderElection.java:askForVotes(182)) - 8a411a4f-0e32-4dd1-80b9-a797c2117425@group-8C4965DA48D4:LeaderElection264: begin an election at term 1 for -1: [8a411a4f-0e32-4dd1-80b9-a797c2117425:192.168.151.99:37125], old=null
2019-09-26 15:08:45,728 [Thread-1040] INFO  impl.FollowerState (FollowerState.java:run(106)) - 8a411a4f-0e32-4dd1-80b9-a797c2117425:group-61F50073A647 changes to CANDIDATE, lastRpcTime:10799, electionTimeout:5141ms
2019-09-26 15:08:45,712 [8a411a4f-0e32-4dd1-80b9-a797c2117425@group-3AAC4688A9E6-SegmentedRaftLogWorker] ERROR segmented.SegmentedRaftLogWorker (SegmentedRaftLogWorker.java:run(323)) - 8a411a4f-0e32-4dd1-80b9-a797c2117425@group-3AAC4688A9E6-SegmentedRaftLogWorker hit exception
java.lang.OutOfMemoryError: Direct buffer memory
	at java.nio.Bits.reserveMemory(Bits.java:666)
	at java.nio.DirectByteBuffer.<init>(DirectByteBuffer.java:123)
	at java.nio.ByteBuffer.allocateDirect(ByteBuffer.java:311)
	at org.apache.ratis.server.raftlog.segmented.BufferedWriteChannel.<init>(BufferedWriteChannel.java:41)
	at org.apache.ratis.server.raftlog.segmented.SegmentedRaftLogOutputStream.<init>(SegmentedRaftLogOutputStream.java:72)
	at org.apache.ratis.server.raftlog.segmented.SegmentedRaftLogWorker$StartLogSegment.execute(SegmentedRaftLogWorker.java:566)
	at org.apache.ratis.server.raftlog.segmented.SegmentedRaftLogWorker.run(SegmentedRaftLogWorker.java:289)
	at java.lang.Thread.run(Thread.java:748)
2019-09-26 15:08:45,712 [8a411a4f-0e32-4dd1-80b9-a797c2117425@group-6DE3712AF134-SegmentedRaftLogWorker] ERROR segmented.SegmentedRaftLogWorker (SegmentedRaftLogWorker.java:run(323)) - 8a411a4f-0e32-4dd1-80b9-a797c2117425@group-6DE3712AF134-SegmentedRaftLogWorker hit exception
java.lang.OutOfMemoryError: Direct buffer memory
	at java.nio.Bits.reserveMemory(Bits.java:666)
	at java.nio.DirectByteBuffer.<init>(DirectByteBuffer.java:123)
	at java.nio.ByteBuffer.allocateDirect(ByteBuffer.java:311)
	at org.apache.ratis.server.raftlog.segmented.BufferedWriteChannel.<init>(BufferedWriteChannel.java:41)
	at org.apache.ratis.server.raftlog.segmented.SegmentedRaftLogOutputStream.<init>(SegmentedRaftLogOutputStream.java:72)
	at org.apache.ratis.server.raftlog.segmented.SegmentedRaftLogWorker$StartLogSegment.execute(SegmentedRaftLogWorker.java:566)
	at org.apache.ratis.server.raftlog.segmented.SegmentedRaftLogWorker.run(SegmentedRaftLogWorker.java:289)
	at java.lang.Thread.run(Thread.java:748)
2019-09-26 15:08:45,710 [8a411a4f-0e32-4dd1-80b9-a797c2117425@group-D2E29C0D0AAA-SegmentedRaftLogWorker] ERROR segmented.SegmentedRaftLogWorker (SegmentedRaftLogWorker.java:run(323)) - 8a411a4f-0e32-4dd1-80b9-a797c2117425@group-D2E29C0D0AAA-SegmentedRaftLogWorker hit exception
java.lang.OutOfMemoryError: Direct buffer memory
	at java.nio.Bits.reserveMemory(Bits.java:666)
	at java.nio.DirectByteBuffer.<init>(DirectByteBuffer.java:123)
	at java.nio.ByteBuffer.allocateDirect(ByteBuffer.java:311)
	at org.apache.ratis.server.raftlog.segmented.BufferedWriteChannel.<init>(BufferedWriteChannel.java:41)
	at org.apache.ratis.server.raftlog.segmented.SegmentedRaftLogOutputStream.<init>(SegmentedRaftLogOutputStream.java:72)
	at org.apache.ratis.server.raftlog.segmented.SegmentedRaftLogWorker$StartLogSegment.execute(SegmentedRaftLogWorker.java:566)
	at org.apache.ratis.server.raftlog.segmented.SegmentedRaftLogWorker.run(SegmentedRaftLogWorker.java:289)
	at java.lang.Thread.run(Thread.java:748)
2019-09-26 15:08:45,745 [8a411a4f-0e32-4dd1-80b9-a797c2117425@group-D2E29C0D0AAA-SegmentedRaftLogWorker] INFO  impl.RaftServerImpl (RaftServerImpl.java:lambda$shutdown$3(251)) - 8a411a4f-0e32-4dd1-80b9-a797c2117425@group-D2E29C0D0AAA: shutdown
2019-09-26 15:08:45,710 [8a411a4f-0e32-4dd1-80b9-a797c2117425@group-884660014B94-SegmentedRaftLogWorker] ERROR segmented.SegmentedRaftLogWorker (SegmentedRaftLogWorker.java:run(323)) - 8a411a4f-0e32-4dd1-80b9-a797c2117425@group-884660014B94-SegmentedRaftLogWorker hit exception
java.lang.OutOfMemoryError: Direct buffer memory
	at java.nio.Bits.reserveMemory(Bits.java:666)
	at java.nio.DirectByteBuffer.<init>(DirectByteBuffer.java:123)
	at java.nio.ByteBuffer.allocateDirect(ByteBuffer.java:311)
	at org.apache.ratis.server.raftlog.segmented.BufferedWriteChannel.<init>(BufferedWriteChannel.java:41)
	at org.apache.ratis.server.raftlog.segmented.SegmentedRaftLogOutputStream.<init>(SegmentedRaftLogOutputStream.java:72)
	at org.apache.ratis.server.raftlog.segmented.SegmentedRaftLogWorker$StartLogSegment.execute(SegmentedRaftLogWorker.java:566)
	at org.apache.ratis.server.raftlog.segmented.SegmentedRaftLogWorker.run(SegmentedRaftLogWorker.java:289)
	at java.lang.Thread.run(Thread.java:748)
2019-09-26 15:08:45,745 [8a411a4f-0e32-4dd1-80b9-a797c2117425@group-884660014B94-SegmentedRaftLogWorker] INFO  impl.RaftServerImpl (RaftServerImpl.java:lambda$shutdown$3(251)) - 8a411a4f-0e32-4dd1-80b9-a797c2117425@group-884660014B94: shutdown
2019-09-26 15:08:45,460 [8a411a4f-0e32-4dd1-80b9-a797c2117425@group-08ECA622B824:LeaderElection200] INFO  server.RaftServerConfigKeys (ConfUtils.java:logGet(43)) - raft.server.rpc.sleep.time = 25ms (default)
2019-09-26 15:08:45,460 [8a411a4f-0e32-4dd1-80b9-a797c2117425@group-C4458528C18D:LeaderElection199] INFO  server.RaftServerConfigKeys (ConfUtils.java:logGet(43)) - raft.server.staging.catchup.gap = 1000 (default)
2019-09-26 15:08:45,460 [8a411a4f-0e32-4dd1-80b9-a797c2117425@group-06EC7D0DF22B:LeaderElection187] INFO  server.RaftServerConfigKeys (ConfUtils.java:logGet(43)) - raft.server.watch.element-limit = 65536 (default)
2019-09-26 15:08:45,459 [8a411a4f-0e32-4dd1-80b9-a797c2117425@group-F0ABC0A80C00:LeaderElection183] INFO  server.RaftServerConfigKeys (ConfUtils.java:logGet(43)) - raft.server.watch.timeout.denomination = 1s (default)
2019-09-26 15:08:45,459 [8a411a4f-0e32-4dd1-80b9-a797c2117425@group-F71E95AE8AB3:LeaderElection188] INFO  server.RaftServerConfigKeys (ConfUtils.java:logGet(43)) - raft.server.watch.element-limit = 65536 (default)
2019-09-26 15:08:45,459 [8a411a4f-0e32-4dd1-80b9-a797c2117425@group-38020CCA7F83:LeaderElection184] INFO  server.RaftServerConfigKeys (ConfUtils.java:logGet(43)) - raft.server.watch.timeout.denomination = 1s (default)
2019-09-26 15:08:45,459 [8a411a4f-0e32-4dd1-80b9-a797c2117425@group-B3C8B28B000E:LeaderElection185] INFO  segmented.SegmentedRaftLogWorker (SegmentedRaftLogWorker.java:startLogSegment(380)) - 8a411a4f-0e32-4dd1-80b9-a797c2117425@group-B3C8B28B000E-SegmentedRaftLogWorker: Starting segment from index:0
2019-09-26 15:08:45,459 [8a411a4f-0e32-4dd1-80b9-a797c2117425@group-953CCBC0A9E0:LeaderElection244] INFO  impl.RoleInfo (RoleInfo.java:shutdownLeaderElection(134)) - 8a411a4f-0e32-4dd1-80b9-a797c2117425: shutdown LeaderElection
2019-09-26 15:08:45,459 [8a411a4f-0e32-4dd1-80b9-a797c2117425@group-BDE5A38AA11F:LeaderElection258] INFO  impl.RoleInfo (RoleInfo.java:shutdownLeaderElection(134)) - 8a411a4f-0e32-4dd1-80b9-a797c2117425: shutdown LeaderElection
2019-09-26 15:08:45,458 [8a411a4f-0e32-4dd1-80b9-a797c2117425@group-69E0C5198CB5:LeaderElection251] INFO  impl.RoleInfo (RoleInfo.java:shutdownLeaderElection(134)) - 8a411a4f-0e32-4dd1-80b9-a797c2117425: shutdown LeaderElection
2019-09-26 15:08:45,458 [8a411a4f-0e32-4dd1-80b9-a797c2117425@group-BF7801AC219F:LeaderElection250] INFO  impl.RoleInfo (RoleInfo.java:shutdownLeaderElection(134)) - 8a411a4f-0e32-4dd1-80b9-a797c2117425: shutdown LeaderElection
2019-09-26 15:08:45,458 [8a411a4f-0e32-4dd1-80b9-a797c2117425@group-BF52FF77A681:LeaderElection229] INFO  impl.LeaderElection (LeaderElection.java:askForVotes(182)) - 8a411a4f-0e32-4dd1-80b9-a797c2117425@group-BF52FF77A681:LeaderElection229: begin an election at term 1 for -1: [8a411a4f-0e32-4dd1-80b9-a797c2117425:192.168.151.99:37125], old=null
2019-09-26 15:08:45,458 [8a411a4f-0e32-4dd1-80b9-a797c2117425@group-ACB2ABC0275F:LeaderElection226] INFO  impl.LeaderElection (LeaderElection.java:askForVotes(182)) - 8a411a4f-0e32-4dd1-80b9-a797c2117425@group-ACB2ABC0275F:LeaderElection226: begin an election at term 1 for -1: [8a411a4f-0e32-4dd1-80b9-a797c2117425:192.168.151.99:37125], old=null
2019-09-26 15:08:45,458 [8a411a4f-0e32-4dd1-80b9-a797c2117425@group-FEC7288BDF94:LeaderElection225] INFO  impl.LeaderElection (LeaderElection.java:askForVotes(182)) - 8a411a4f-0e32-4dd1-80b9-a797c2117425@group-FEC7288BDF94:LeaderElection225: begin an election at term 1 for -1: [8a411a4f-0e32-4dd1-80b9-a797c2117425:192.168.151.99:37125], old=null
2019-09-26 15:08:45,458 [8a411a4f-0e32-4dd1-80b9-a797c2117425@group-5997EE45F5E1:LeaderElection227] INFO  impl.LeaderElection (LeaderElection.java:askForVotes(182)) - 8a411a4f-0e32-4dd1-80b9-a797c2117425@group-5997EE45F5E1:LeaderElection227: begin an election at term 1 for -1: [8a411a4f-0e32-4dd1-80b9-a797c2117425:192.168.151.99:37125], old=null
2019-09-26 15:08:45,458 [8a411a4f-0e32-4dd1-80b9-a797c2117425@group-4A3018D7CF99:LeaderElection218] INFO  impl.LeaderElection (LeaderElection.java:askForVotes(182)) - 8a411a4f-0e32-4dd1-80b9-a797c2117425@group-4A3018D7CF99:LeaderElection218: begin an election at term 1 for -1: [8a411a4f-0e32-4dd1-80b9-a797c2117425:192.168.151.99:37125], old=null
2019-09-26 15:08:45,458 [8a411a4f-0e32-4dd1-80b9-a797c2117425@group-C78D9C690071:LeaderElection232] INFO  impl.LeaderElection (LeaderElection.java:askForVotes(182)) - 8a411a4f-0e32-4dd1-80b9-a797c2117425@group-C78D9C690071:LeaderElection232: begin an election at term 1 for -1: [8a411a4f-0e32-4dd1-80b9-a797c2117425:192.168.151.99:37125], old=null
2019-09-26 15:08:45,458 [8a411a4f-0e32-4dd1-80b9-a797c2117425@group-D946C9146714:LeaderElection221] INFO  impl.LeaderElection (LeaderElection.java:askForVotes(182)) - 8a411a4f-0e32-4dd1-80b9-a797c2117425@group-D946C9146714:LeaderElection221: begin an election at term 1 for -1: [8a411a4f-0e32-4dd1-80b9-a797c2117425:192.168.151.99:37125], old=null
2019-09-26 15:08:45,747 [8a411a4f-0e32-4dd1-80b9-a797c2117425@group-D946C9146714:LeaderElection221] INFO  impl.RoleInfo (RoleInfo.java:shutdownLeaderElection(134)) - 8a411a4f-0e32-4dd1-80b9-a797c2117425: shutdown LeaderElection
2019-09-26 15:08:45,458 [8a411a4f-0e32-4dd1-80b9-a797c2117425@group-A085057DFB26:LeaderElection233] INFO  impl.LeaderElection (LeaderElection.java:askForVotes(182)) - 8a411a4f-0e32-4dd1-80b9-a797c2117425@group-A085057DFB26:LeaderElection233: begin an election at term 1 for -1: [8a411a4f-0e32-4dd1-80b9-a797c2117425:192.168.151.99:37125], old=null
2019-09-26 15:08:45,458 [8a411a4f-0e32-4dd1-80b9-a797c2117425@group-080076819465:LeaderElection222] INFO  impl.LeaderElection (LeaderElection.java:askForVotes(182)) - 8a411a4f-0e32-4dd1-80b9-a797c2117425@group-080076819465:LeaderElection222: begin an election at term 1 for -1: [8a411a4f-0e32-4dd1-80b9-a797c2117425:192.168.151.99:37125], old=null
2019-09-26 15:08:45,458 [8a411a4f-0e32-4dd1-80b9-a797c2117425@group-DA5E89A2DC85:LeaderElection265] INFO  impl.LeaderElection (LeaderElection.java:askForVotes(182)) - 8a411a4f-0e32-4dd1-80b9-a797c2117425@group-DA5E89A2DC85:LeaderElection265: begin an election at term 1 for -1: [8a411a4f-0e32-4dd1-80b9-a797c2117425:192.168.151.99:37125], old=null
2019-09-26 15:08:45,458 [8a411a4f-0e32-4dd1-80b9-a797c2117425@group-A010A9011A71:LeaderElection270] INFO  impl.LeaderElection (LeaderElection.java:askForVotes(182)) - 8a411a4f-0e32-4dd1-80b9-a797c2117425@group-A010A9011A71:LeaderElection270: begin an election at term 1 for -1: [8a411a4f-0e32-4dd1-80b9-a797c2117425:192.168.151.99:37125], old=null
2019-09-26 15:08:45,452 [8a411a4f-0e32-4dd1-80b9-a797c2117425@group-A06E2440B4E9-SegmentedRaftLogWorker] ERROR segmented.SegmentedRaftLogWorker (SegmentedRaftLogWorker.java:run(323)) - 8a411a4f-0e32-4dd1-80b9-a797c2117425@group-A06E2440B4E9-SegmentedRaftLogWorker hit exception
java.lang.OutOfMemoryError: Direct buffer memory
	at java.nio.Bits.reserveMemory(Bits.java:666)
	at java.nio.DirectByteBuffer.<init>(DirectByteBuffer.java:123)
	at java.nio.ByteBuffer.allocateDirect(ByteBuffer.java:311)
	at org.apache.ratis.server.raftlog.segmented.BufferedWriteChannel.<init>(BufferedWriteChannel.java:41)
	at org.apache.ratis.server.raftlog.segmented.SegmentedRaftLogOutputStream.<init>(SegmentedRaftLogOutputStream.java:72)
	at org.apache.ratis.server.raftlog.segmented.SegmentedRaftLogWorker$StartLogSegment.execute(SegmentedRaftLogWorker.java:566)
	at org.apache.ratis.server.raftlog.segmented.SegmentedRaftLogWorker.run(SegmentedRaftLogWorker.java:289)
	at java.lang.Thread.run(Thread.java:748)
2019-09-26 15:08:45,748 [8a411a4f-0e32-4dd1-80b9-a797c2117425@group-A06E2440B4E9-SegmentedRaftLogWorker] INFO  impl.RaftServerImpl (RaftServerImpl.java:lambda$shutdown$3(251)) - 8a411a4f-0e32-4dd1-80b9-a797c2117425@group-A06E2440B4E9: shutdown
2019-09-26 15:08:45,451 [Thread-1033] INFO  impl.FollowerState (FollowerState.java:run(106)) - 8a411a4f-0e32-4dd1-80b9-a797c2117425:group-B50C770756F4 changes to CANDIDATE, lastRpcTime:10592, electionTimeout:5063ms
2019-09-26 15:08:45,450 [Thread-1043] INFO  impl.FollowerState (FollowerState.java:run(106)) - 8a411a4f-0e32-4dd1-80b9-a797c2117425:group-157AB0181C30 changes to CANDIDATE, lastRpcTime:10474, electionTimeout:5092ms
2019-09-26 15:08:45,202 [8a411a4f-0e32-4dd1-80b9-a797c2117425@group-966319DBCAF8:LeaderElection230] INFO  impl.RoleInfo (RoleInfo.java:shutdownLeaderElection(134)) - 8a411a4f-0e32-4dd1-80b9-a797c2117425: shutdown LeaderElection
2019-09-26 15:08:45,202 [8a411a4f-0e32-4dd1-80b9-a797c2117425@group-3FF9DA04F6D3:LeaderElection243] INFO  impl.RoleInfo (RoleInfo.java:shutdownLeaderElection(134)) - 8a411a4f-0e32-4dd1-80b9-a797c2117425: shutdown LeaderElection
2019-09-26 15:08:45,202 [8a411a4f-0e32-4dd1-80b9-a797c2117425@group-FDA5C66D66D8:LeaderElection231] INFO  impl.LeaderElection (LeaderElection.java:askForVotes(182)) - 8a411a4f-0e32-4dd1-80b9-a797c2117425@group-FDA5C66D66D8:LeaderElection231: begin an election at term 1 for -1: [8a411a4f-0e32-4dd1-80b9-a797c2117425:192.168.151.99:37125], old=null
2019-09-26 15:08:45,202 [8a411a4f-0e32-4dd1-80b9-a797c2117425@group-797476ADB718:LeaderElection223] INFO  impl.LeaderElection (LeaderElection.java:askForVotes(182)) - 8a411a4f-0e32-4dd1-80b9-a797c2117425@group-797476ADB718:LeaderElection223: begin an election at term 1 for -1: [8a411a4f-0e32-4dd1-80b9-a797c2117425:192.168.151.99:37125], old=null
2019-09-26 15:08:45,202 [8a411a4f-0e32-4dd1-80b9-a797c2117425@group-817B3DD20E3E:LeaderElection219] INFO  impl.LeaderElection (LeaderElection.java:askForVotes(182)) - 8a411a4f-0e32-4dd1-80b9-a797c2117425@group-817B3DD20E3E:LeaderElection219: begin an election at term 1 for -1: [8a411a4f-0e32-4dd1-80b9-a797c2117425:192.168.151.99:37125], old=null
2019-09-26 15:08:45,202 [8a411a4f-0e32-4dd1-80b9-a797c2117425@group-AE0AA035EF40:LeaderElection228] INFO  impl.LeaderElection (LeaderElection.java:askForVotes(182)) - 8a411a4f-0e32-4dd1-80b9-a797c2117425@group-AE0AA035EF40:LeaderElection228: begin an election at term 1 for -1: [8a411a4f-0e32-4dd1-80b9-a797c2117425:192.168.151.99:37125], old=null
2019-09-26 15:08:45,202 [8a411a4f-0e32-4dd1-80b9-a797c2117425@group-FFBC1D88D468:LeaderElection220] INFO  impl.LeaderElection (LeaderElection.java:askForVotes(182)) - 8a411a4f-0e32-4dd1-80b9-a797c2117425@group-FFBC1D88D468:LeaderElection220: begin an election at term 1 for -1: [8a411a4f-0e32-4dd1-80b9-a797c2117425:192.168.151.99:37125], old=null
2019-09-26 15:08:45,202 [8a411a4f-0e32-4dd1-80b9-a797c2117425@group-DE38E862BFA6:LeaderElection224] INFO  impl.LeaderElection (LeaderElection.java:askForVotes(182)) - 8a411a4f-0e32-4dd1-80b9-a797c2117425@group-DE38E862BFA6:LeaderElection224: begin an election at term 1 for -1: [8a411a4f-0e32-4dd1-80b9-a797c2117425:192.168.151.99:37125], old=null
2019-09-26 15:08:45,202 [8a411a4f-0e32-4dd1-80b9-a797c2117425@group-FF69114B1B03:LeaderElection257] INFO  impl.LeaderElection (LeaderElection.java:askForVotes(182)) - 8a411a4f-0e32-4dd1-80b9-a797c2117425@group-FF69114B1B03:LeaderElection257: begin an election at term 1 for -1: [8a411a4f-0e32-4dd1-80b9-a797c2117425:192.168.151.99:37125], old=null
2019-09-26 15:08:45,202 [8a411a4f-0e32-4dd1-80b9-a797c2117425@group-19C985EAA9F4:LeaderElection247] INFO  impl.RoleInfo (RoleInfo.java:shutdownLeaderElection(134)) - 8a411a4f-0e32-4dd1-80b9-a797c2117425: shutdown LeaderElection
2019-09-26 15:08:45,749 [8a411a4f-0e32-4dd1-80b9-a797c2117425@group-19C985EAA9F4:LeaderElection247] INFO  impl.RaftServerImpl (RaftServerImpl.java:setRole(174)) - 8a411a4f-0e32-4dd1-80b9-a797c2117425@group-19C985EAA9F4: changes role from CANDIDATE to LEADER at term 1 for changeToLeader
2019-09-26 15:08:45,749 [8a411a4f-0e32-4dd1-80b9-a797c2117425@group-19C985EAA9F4:LeaderElection247] INFO  impl.RaftServerImpl (ServerState.java:setLeader(253)) - 8a411a4f-0e32-4dd1-80b9-a797c2117425@group-19C985EAA9F4: change Leader from null to 8a411a4f-0e32-4dd1-80b9-a797c2117425 at term 1 for becomeLeader, leader elected after 8599ms
2019-09-26 15:08:45,750 [8a411a4f-0e32-4dd1-80b9-a797c2117425@group-19C985EAA9F4:LeaderElection247] INFO  server.RaftServerConfigKeys (ConfUtils.java:logGet(43)) - raft.server.staging.catchup.gap = 1000 (default)
2019-09-26 15:08:45,202 [8a411a4f-0e32-4dd1-80b9-a797c2117425@group-CAAD3C9AE29A:LeaderElection237] INFO  impl.RoleInfo (RoleInfo.java:shutdownLeaderElection(134)) - 8a411a4f-0e32-4dd1-80b9-a797c2117425: shutdown LeaderElection
2019-09-26 15:08:45,202 [8a411a4f-0e32-4dd1-80b9-a797c2117425@group-56F119E5147E:LeaderElection241] INFO  impl.RoleInfo (RoleInfo.java:shutdownLeaderElection(134)) - 8a411a4f-0e32-4dd1-80b9-a797c2117425: shutdown LeaderElection
2019-09-26 15:08:45,750 [8a411a4f-0e32-4dd1-80b9-a797c2117425@group-56F119E5147E:LeaderElection241] INFO  impl.RaftServerImpl (RaftServerImpl.java:setRole(174)) - 8a411a4f-0e32-4dd1-80b9-a797c2117425@group-56F119E5147E: changes role from CANDIDATE to LEADER at term 1 for changeToLeader
2019-09-26 15:08:45,750 [8a411a4f-0e32-4dd1-80b9-a797c2117425@group-56F119E5147E:LeaderElection241] INFO  impl.RaftServerImpl (ServerState.java:setLeader(253)) - 8a411a4f-0e32-4dd1-80b9-a797c2117425@group-56F119E5147E: change Leader from null to 8a411a4f-0e32-4dd1-80b9-a797c2117425 at term 1 for becomeLeader, leader elected after 8371ms
2019-09-26 15:08:45,201 [8a411a4f-0e32-4dd1-80b9-a797c2117425@group-B3783F4873A6:LeaderElection242] INFO  impl.RaftServerImpl (ServerState.java:setRaftConf(354)) - 8a411a4f-0e32-4dd1-80b9-a797c2117425@group-B3783F4873A6: set configuration 0: [8a411a4f-0e32-4dd1-80b9-a797c2117425:192.168.151.99:37125], old=null at 0
2019-09-26 15:08:45,201 [8a411a4f-0e32-4dd1-80b9-a797c2117425@group-53CD7F03AB35:LeaderElection253] INFO  impl.RoleInfo (RoleInfo.java:shutdownLeaderElection(134)) - 8a411a4f-0e32-4dd1-80b9-a797c2117425: shutdown LeaderElection
2019-09-26 15:08:45,198 [8a411a4f-0e32-4dd1-80b9-a797c2117425@group-FC1F641A5BB5:LeaderElection254] INFO  impl.RoleInfo (RoleInfo.java:shutdownLeaderElection(134)) - 8a411a4f-0e32-4dd1-80b9-a797c2117425: shutdown LeaderElection
2019-09-26 15:08:45,198 [8a411a4f-0e32-4dd1-80b9-a797c2117425@group-72E1DE38373A:LeaderElection236] INFO  impl.RoleInfo (RoleInfo.java:shutdownLeaderElection(134)) - 8a411a4f-0e32-4dd1-80b9-a797c2117425: shutdown LeaderElection
2019-09-26 15:08:45,198 [8a411a4f-0e32-4dd1-80b9-a797c2117425@group-78F806914167:LeaderElection238] INFO  impl.RoleInfo (RoleInfo.java:shutdownLeaderElection(134)) - 8a411a4f-0e32-4dd1-80b9-a797c2117425: shutdown LeaderElection
2019-09-26 15:08:45,751 [8a411a4f-0e32-4dd1-80b9-a797c2117425@group-78F806914167:LeaderElection238] INFO  impl.RaftServerImpl (RaftServerImpl.java:setRole(174)) - 8a411a4f-0e32-4dd1-80b9-a797c2117425@group-78F806914167: changes role from CANDIDATE to LEADER at term 1 for changeToLeader
2019-09-26 15:08:45,751 [8a411a4f-0e32-4dd1-80b9-a797c2117425@group-78F806914167:LeaderElection238] INFO  impl.RaftServerImpl (ServerState.java:setLeader(253)) - 8a411a4f-0e32-4dd1-80b9-a797c2117425@group-78F806914167: change Leader from null to 8a411a4f-0e32-4dd1-80b9-a797c2117425 at term 1 for becomeLeader, leader elected after 8519ms
2019-09-26 15:08:45,751 [8a411a4f-0e32-4dd1-80b9-a797c2117425@group-78F806914167:LeaderElection238] INFO  server.RaftServerConfigKeys (ConfUtils.java:logGet(43)) - raft.server.staging.catchup.gap = 1000 (default)
2019-09-26 15:08:45,198 [8a411a4f-0e32-4dd1-80b9-a797c2117425@group-5709F8A61C02:LeaderElection248] INFO  impl.RoleInfo (RoleInfo.java:shutdownLeaderElection(134)) - 8a411a4f-0e32-4dd1-80b9-a797c2117425: shutdown LeaderElection
2019-09-26 15:08:45,198 [8a411a4f-0e32-4dd1-80b9-a797c2117425@group-1BAA2484A192:LeaderElection245] INFO  impl.RoleInfo (RoleInfo.java:shutdownLeaderElection(134)) - 8a411a4f-0e32-4dd1-80b9-a797c2117425: shutdown LeaderElection
2019-09-26 15:08:45,198 [8a411a4f-0e32-4dd1-80b9-a797c2117425@group-4746F350A503:LeaderElection252] INFO  impl.RoleInfo (RoleInfo.java:shutdownLeaderElection(134)) - 8a411a4f-0e32-4dd1-80b9-a797c2117425: shutdown LeaderElection
2019-09-26 15:08:45,198 [8a411a4f-0e32-4dd1-80b9-a797c2117425@group-070482571D29:LeaderElection249] INFO  impl.RoleInfo (RoleInfo.java:shutdownLeaderElection(134)) - 8a411a4f-0e32-4dd1-80b9-a797c2117425: shutdown LeaderElection
2019-09-26 15:08:45,198 [8a411a4f-0e32-4dd1-80b9-a797c2117425@group-8700CBCF3B52:LeaderElection240] INFO  impl.RoleInfo (RoleInfo.java:shutdownLeaderElection(134)) - 8a411a4f-0e32-4dd1-80b9-a797c2117425: shutdown LeaderElection
2019-09-26 15:08:45,197 [8a411a4f-0e32-4dd1-80b9-a797c2117425@group-A5B80CCFC499:LeaderElection246] INFO  impl.RoleInfo (RoleInfo.java:shutdownLeaderElection(134)) - 8a411a4f-0e32-4dd1-80b9-a797c2117425: shutdown LeaderElection
2019-09-26 15:08:45,197 [8a411a4f-0e32-4dd1-80b9-a797c2117425@group-D864432FC37C:LeaderElection239] INFO  impl.RoleInfo (RoleInfo.java:shutdownLeaderElection(134)) - 8a411a4f-0e32-4dd1-80b9-a797c2117425: shutdown LeaderElection
2019-09-26 15:08:45,197 [8a411a4f-0e32-4dd1-80b9-a797c2117425@group-282779247581:LeaderElection210] INFO  impl.RoleInfo (RoleInfo.java:updateAndGet(143)) - 8a411a4f-0e32-4dd1-80b9-a797c2117425: start LeaderState
2019-09-26 15:08:45,197 [8a411a4f-0e32-4dd1-80b9-a797c2117425@group-46ECC70944D4:LeaderElection234] INFO  server.RaftServerConfigKeys (ConfUtils.java:logGet(43)) - raft.server.staging.catchup.gap = 1000 (default)
2019-09-26 15:08:45,752 [8a411a4f-0e32-4dd1-80b9-a797c2117425@group-282779247581:LeaderElection210] INFO  segmented.SegmentedRaftLogWorker (SegmentedRaftLogWorker.java:startLogSegment(380)) - 8a411a4f-0e32-4dd1-80b9-a797c2117425@group-282779247581-SegmentedRaftLogWorker: Starting segment from index:0
2019-09-26 15:08:45,195 [8a411a4f-0e32-4dd1-80b9-a797c2117425@group-358F631A9058-SegmentedRaftLogWorker] INFO  impl.RaftServerImpl (ServerState.java:close(385)) - 8a411a4f-0e32-4dd1-80b9-a797c2117425@group-358F631A9058: closes. applyIndex: -1
2019-09-26 15:08:45,195 [8a411a4f-0e32-4dd1-80b9-a797c2117425@group-4150286250A6-SegmentedRaftLogWorker] INFO  segmented.SegmentedRaftLogWorker (SegmentedRaftLogWorker.java:close(228)) - 8a411a4f-0e32-4dd1-80b9-a797c2117425@group-4150286250A6-SegmentedRaftLogWorker close()
2019-09-26 15:08:45,195 [8a411a4f-0e32-4dd1-80b9-a797c2117425@group-0B799EF4D341-SegmentedRaftLogWorker] INFO  impl.RaftServerImpl (ServerState.java:close(385)) - 8a411a4f-0e32-4dd1-80b9-a797c2117425@group-0B799EF4D341: closes. applyIndex: -1
2019-09-26 15:08:45,190 [8a411a4f-0e32-4dd1-80b9-a797c2117425@group-1955C9B62640:LeaderElection202] INFO  server.RaftServerConfigKeys (ConfUtils.java:logGet(43)) - raft.server.write.element-limit = 4096 (default)
2019-09-26 15:08:45,752 [8a411a4f-0e32-4dd1-80b9-a797c2117425@group-0B799EF4D341-SegmentedRaftLogWorker] INFO  segmented.SegmentedRaftLogWorker (SegmentedRaftLogWorker.java:close(228)) - 8a411a4f-0e32-4dd1-80b9-a797c2117425@group-0B799EF4D341-SegmentedRaftLogWorker close()
2019-09-26 15:08:45,185 [8a411a4f-0e32-4dd1-80b9-a797c2117425@group-545C9FF84361-SegmentedRaftLogWorker] INFO  segmented.SegmentedRaftLogWorker (SegmentedRaftLogWorker.java:close(228)) - 8a411a4f-0e32-4dd1-80b9-a797c2117425@group-545C9FF84361-SegmentedRaftLogWorker close()
2019-09-26 15:08:45,176 [8a411a4f-0e32-4dd1-80b9-a797c2117425@group-1E5C55F9AE7D:LeaderElection203] INFO  server.RaftServerConfigKeys (ConfUtils.java:logGet(43)) - raft.server.staging.catchup.gap = 1000 (default)
2019-09-26 15:08:45,176 [8a411a4f-0e32-4dd1-80b9-a797c2117425@group-815581757129:LeaderElection197] INFO  server.RaftServerConfigKeys (ConfUtils.java:logGet(43)) - raft.server.rpc.sleep.time = 25ms (default)
2019-09-26 15:08:45,175 [8a411a4f-0e32-4dd1-80b9-a797c2117425@group-C0E431E566D9:LeaderElection207] INFO  server.RaftServerConfigKeys (ConfUtils.java:logGet(43)) - raft.server.staging.catchup.gap = 1000 (default)
2019-09-26 15:08:45,175 [8a411a4f-0e32-4dd1-80b9-a797c2117425@group-E8F94CDE43C3:LeaderElection209] INFO  server.RaftServerConfigKeys (ConfUtils.java:logGet(43)) - raft.server.staging.catchup.gap = 1000 (default)
2019-09-26 15:08:45,174 [8a411a4f-0e32-4dd1-80b9-a797c2117425@group-5915C1BC536E:LeaderElection206] INFO  impl.RaftServerImpl (ServerState.java:setLeader(253)) - 8a411a4f-0e32-4dd1-80b9-a797c2117425@group-5915C1BC536E: change Leader from null to 8a411a4f-0e32-4dd1-80b9-a797c2117425 at term 1 for becomeLeader, leader elected after 8713ms
2019-09-26 15:08:45,174 [8a411a4f-0e32-4dd1-80b9-a797c2117425@group-D65568051C37:LeaderElection235] INFO  impl.RoleInfo (RoleInfo.java:shutdownLeaderElection(134)) - 8a411a4f-0e32-4dd1-80b9-a797c2117425: shutdown LeaderElection
2019-09-26 15:08:45,174 [8a411a4f-0e32-4dd1-80b9-a797c2117425@group-2234F8D63BBB:LeaderElection211] INFO  server.RaftServerConfigKeys (ConfUtils.java:logGet(43)) - raft.server.staging.catchup.gap = 1000 (default)
2019-09-26 15:08:45,174 [8a411a4f-0e32-4dd1-80b9-a797c2117425@group-3C71898FAFED:LeaderElection208] INFO  impl.RaftServerImpl (ServerState.java:setLeader(253)) - 8a411a4f-0e32-4dd1-80b9-a797c2117425@group-3C71898FAFED: change Leader from null to 8a411a4f-0e32-4dd1-80b9-a797c2117425 at term 1 for becomeLeader, leader elected after 8556ms
2019-09-26 15:08:45,174 [8a411a4f-0e32-4dd1-80b9-a797c2117425@group-F516CA13D34C:LeaderElection205] INFO  server.RaftServerConfigKeys (ConfUtils.java:logGet(43)) - raft.server.staging.catchup.gap = 1000 (default)
2019-09-26 15:08:45,174 [8a411a4f-0e32-4dd1-80b9-a797c2117425@group-D2571D42C563:LeaderElection256] INFO  impl.RaftServerImpl (ServerState.java:setLeader(253)) - 8a411a4f-0e32-4dd1-80b9-a797c2117425@group-D2571D42C563: change Leader from null to 8a411a4f-0e32-4dd1-80b9-a797c2117425 at term 1 for becomeLeader, leader elected after 6225ms
2019-09-26 15:08:45,754 [8a411a4f-0e32-4dd1-80b9-a797c2117425@group-F516CA13D34C:LeaderElection205] INFO  server.RaftServerConfigKeys (ConfUtils.java:logGet(43)) - raft.server.rpc.sleep.time = 25ms (default)
2019-09-26 15:08:45,753 [8a411a4f-0e32-4dd1-80b9-a797c2117425@group-3C71898FAFED:LeaderElection208] INFO  server.RaftServerConfigKeys (ConfUtils.java:logGet(43)) - raft.server.staging.catchup.gap = 1000 (default)
2019-09-26 15:08:45,753 [8a411a4f-0e32-4dd1-80b9-a797c2117425@group-2234F8D63BBB:LeaderElection211] INFO  server.RaftServerConfigKeys (ConfUtils.java:logGet(43)) - raft.server.rpc.sleep.time = 25ms (default)
2019-09-26 15:08:45,753 [8a411a4f-0e32-4dd1-80b9-a797c2117425@group-D65568051C37:LeaderElection235] INFO  impl.RaftServerImpl (RaftServerImpl.java:setRole(174)) - 8a411a4f-0e32-4dd1-80b9-a797c2117425@group-D65568051C37: changes role from CANDIDATE to LEADER at term 1 for changeToLeader
2019-09-26 15:08:45,753 [8a411a4f-0e32-4dd1-80b9-a797c2117425@group-5915C1BC536E:LeaderElection206] INFO  server.RaftServerConfigKeys (ConfUtils.java:logGet(43)) - raft.server.staging.catchup.gap = 1000 (default)
2019-09-26 15:08:45,753 [8a411a4f-0e32-4dd1-80b9-a797c2117425@group-E8F94CDE43C3:LeaderElection209] INFO  server.RaftServerConfigKeys (ConfUtils.java:logGet(43)) - raft.server.rpc.sleep.time = 25ms (default)
2019-09-26 15:08:45,753 [8a411a4f-0e32-4dd1-80b9-a797c2117425@group-C0E431E566D9:LeaderElection207] INFO  server.RaftServerConfigKeys (ConfUtils.java:logGet(43)) - raft.server.rpc.sleep.time = 25ms (default)
2019-09-26 15:08:45,753 [8a411a4f-0e32-4dd1-80b9-a797c2117425@group-1E5C55F9AE7D:LeaderElection203] INFO  server.RaftServerConfigKeys (ConfUtils.java:logGet(43)) - raft.server.rpc.sleep.time = 25ms (default)
2019-09-26 15:08:45,752 [8a411a4f-0e32-4dd1-80b9-a797c2117425@group-1955C9B62640:LeaderElection202] INFO  server.RaftServerConfigKeys (ConfUtils.java:logGet(43)) - raft.server.watch.timeout = 10s (default)
2019-09-26 15:08:45,752 [8a411a4f-0e32-4dd1-80b9-a797c2117425@group-358F631A9058-SegmentedRaftLogWorker] INFO  segmented.SegmentedRaftLogWorker (SegmentedRaftLogWorker.java:close(228)) - 8a411a4f-0e32-4dd1-80b9-a797c2117425@group-358F631A9058-SegmentedRaftLogWorker close()
2019-09-26 15:08:45,752 [8a411a4f-0e32-4dd1-80b9-a797c2117425@group-46ECC70944D4:LeaderElection234] INFO  server.RaftServerConfigKeys (ConfUtils.java:logGet(43)) - raft.server.rpc.sleep.time = 25ms (default)
2019-09-26 15:08:45,752 [8a411a4f-0e32-4dd1-80b9-a797c2117425@group-D864432FC37C:LeaderElection239] INFO  impl.RaftServerImpl (RaftServerImpl.java:setRole(174)) - 8a411a4f-0e32-4dd1-80b9-a797c2117425@group-D864432FC37C: changes role from CANDIDATE to LEADER at term 1 for changeToLeader
2019-09-26 15:08:45,755 [8a411a4f-0e32-4dd1-80b9-a797c2117425@group-D864432FC37C:LeaderElection239] INFO  impl.RaftServerImpl (ServerState.java:setLeader(253)) - 8a411a4f-0e32-4dd1-80b9-a797c2117425@group-D864432FC37C: change Leader from null to 8a411a4f-0e32-4dd1-80b9-a797c2117425 at term 1 for becomeLeader, leader elected after 8446ms
2019-09-26 15:08:45,751 [8a411a4f-0e32-4dd1-80b9-a797c2117425@group-A5B80CCFC499:LeaderElection246] INFO  impl.RaftServerImpl (RaftServerImpl.java:setRole(174)) - 8a411a4f-0e32-4dd1-80b9-a797c2117425@group-A5B80CCFC499: changes role from CANDIDATE to LEADER at term 1 for changeToLeader
2019-09-26 15:08:45,755 [8a411a4f-0e32-4dd1-80b9-a797c2117425@group-A5B80CCFC499:LeaderElection246] INFO  impl.RaftServerImpl (ServerState.java:setLeader(253)) - 8a411a4f-0e32-4dd1-80b9-a797c2117425@group-A5B80CCFC499: change Leader from null to 8a411a4f-0e32-4dd1-80b9-a797c2117425 at term 1 for becomeLeader, leader elected after 8644ms
2019-09-26 15:08:45,751 [8a411a4f-0e32-4dd1-80b9-a797c2117425@group-8700CBCF3B52:LeaderElection240] INFO  impl.RaftServerImpl (RaftServerImpl.java:setRole(174)) - 8a411a4f-0e32-4dd1-80b9-a797c2117425@group-8700CBCF3B52: changes role from CANDIDATE to LEADER at term 1 for changeToLeader
2019-09-26 15:08:45,751 [8a411a4f-0e32-4dd1-80b9-a797c2117425@group-070482571D29:LeaderElection249] INFO  impl.RaftServerImpl (RaftServerImpl.java:setRole(174)) - 8a411a4f-0e32-4dd1-80b9-a797c2117425@group-070482571D29: changes role from CANDIDATE to LEADER at term 1 for changeToLeader
2019-09-26 15:08:45,755 [8a411a4f-0e32-4dd1-80b9-a797c2117425@group-070482571D29:LeaderElection249] INFO  impl.RaftServerImpl (ServerState.java:setLeader(253)) - 8a411a4f-0e32-4dd1-80b9-a797c2117425@group-070482571D29: change Leader from null to 8a411a4f-0e32-4dd1-80b9-a797c2117425 at term 1 for becomeLeader, leader elected after 8733ms
2019-09-26 15:08:45,751 [8a411a4f-0e32-4dd1-80b9-a797c2117425@group-4746F350A503:LeaderElection252] INFO  impl.RaftServerImpl (RaftServerImpl.java:setRole(174)) - 8a411a4f-0e32-4dd1-80b9-a797c2117425@group-4746F350A503: changes role from CANDIDATE to LEADER at term 1 for changeToLeader
2019-09-26 15:08:45,751 [8a411a4f-0e32-4dd1-80b9-a797c2117425@group-1BAA2484A192:LeaderElection245] INFO  impl.RaftServerImpl (RaftServerImpl.java:setRole(174)) - 8a411a4f-0e32-4dd1-80b9-a797c2117425@group-1BAA2484A192: changes role from CANDIDATE to LEADER at term 1 for changeToLeader
2019-09-26 15:08:45,755 [8a411a4f-0e32-4dd1-80b9-a797c2117425@group-1BAA2484A192:LeaderElection245] INFO  impl.RaftServerImpl (ServerState.java:setLeader(253)) - 8a411a4f-0e32-4dd1-80b9-a797c2117425@group-1BAA2484A192: change Leader from null to 8a411a4f-0e32-4dd1-80b9-a797c2117425 at term 1 for becomeLeader, leader elected after 8562ms
2019-09-26 15:08:45,751 [8a411a4f-0e32-4dd1-80b9-a797c2117425@group-5709F8A61C02:LeaderElection248] INFO  impl.RaftServerImpl (RaftServerImpl.java:setRole(174)) - 8a411a4f-0e32-4dd1-80b9-a797c2117425@group-5709F8A61C02: changes role from CANDIDATE to LEADER at term 1 for changeToLeader
2019-09-26 15:08:45,751 [8a411a4f-0e32-4dd1-80b9-a797c2117425@group-78F806914167:LeaderElection238] INFO  server.RaftServerConfigKeys (ConfUtils.java:logGet(43)) - raft.server.rpc.sleep.time = 25ms (default)
2019-09-26 15:08:45,750 [8a411a4f-0e32-4dd1-80b9-a797c2117425@group-72E1DE38373A:LeaderElection236] INFO  impl.RaftServerImpl (RaftServerImpl.java:setRole(174)) - 8a411a4f-0e32-4dd1-80b9-a797c2117425@group-72E1DE38373A: changes role from CANDIDATE to LEADER at term 1 for changeToLeader
2019-09-26 15:08:45,750 [8a411a4f-0e32-4dd1-80b9-a797c2117425@group-FC1F641A5BB5:LeaderElection254] INFO  impl.RaftServerImpl (RaftServerImpl.java:setRole(174)) - 8a411a4f-0e32-4dd1-80b9-a797c2117425@group-FC1F641A5BB5: changes role from CANDIDATE to LEADER at term 1 for changeToLeader
2019-09-26 15:08:45,756 [8a411a4f-0e32-4dd1-80b9-a797c2117425@group-FC1F641A5BB5:LeaderElection254] INFO  impl.RaftServerImpl (ServerState.java:setLeader(253)) - 8a411a4f-0e32-4dd1-80b9-a797c2117425@group-FC1F641A5BB5: change Leader from null to 8a411a4f-0e32-4dd1-80b9-a797c2117425 at term 1 for becomeLeader, leader elected after 8950ms
2019-09-26 15:08:45,750 [8a411a4f-0e32-4dd1-80b9-a797c2117425@group-53CD7F03AB35:LeaderElection253] INFO  impl.RaftServerImpl (RaftServerImpl.java:setRole(174)) - 8a411a4f-0e32-4dd1-80b9-a797c2117425@group-53CD7F03AB35: changes role from CANDIDATE to LEADER at term 1 for changeToLeader
2019-09-26 15:08:45,750 [8a411a4f-0e32-4dd1-80b9-a797c2117425@group-56F119E5147E:LeaderElection241] INFO  server.RaftServerConfigKeys (ConfUtils.java:logGet(43)) - raft.server.staging.catchup.gap = 1000 (default)
2019-09-26 15:08:45,750 [8a411a4f-0e32-4dd1-80b9-a797c2117425@group-CAAD3C9AE29A:LeaderElection237] INFO  impl.RaftServerImpl (RaftServerImpl.java:setRole(174)) - 8a411a4f-0e32-4dd1-80b9-a797c2117425@group-CAAD3C9AE29A: changes role from CANDIDATE to LEADER at term 1 for changeToLeader
2019-09-26 15:08:45,756 [8a411a4f-0e32-4dd1-80b9-a797c2117425@group-CAAD3C9AE29A:LeaderElection237] INFO  impl.RaftServerImpl (ServerState.java:setLeader(253)) - 8a411a4f-0e32-4dd1-80b9-a797c2117425@group-CAAD3C9AE29A: change Leader from null to 8a411a4f-0e32-4dd1-80b9-a797c2117425 at term 1 for becomeLeader, leader elected after 8507ms
2019-09-26 15:08:45,750 [8a411a4f-0e32-4dd1-80b9-a797c2117425@group-19C985EAA9F4:LeaderElection247] INFO  server.RaftServerConfigKeys (ConfUtils.java:logGet(43)) - raft.server.rpc.sleep.time = 25ms (default)
2019-09-26 15:08:45,749 [8a411a4f-0e32-4dd1-80b9-a797c2117425@group-FF69114B1B03:LeaderElection257] INFO  impl.RoleInfo (RoleInfo.java:shutdownLeaderElection(134)) - 8a411a4f-0e32-4dd1-80b9-a797c2117425: shutdown LeaderElection
2019-09-26 15:08:45,749 [8a411a4f-0e32-4dd1-80b9-a797c2117425@group-DE38E862BFA6:LeaderElection224] INFO  impl.RoleInfo (RoleInfo.java:shutdownLeaderElection(134)) - 8a411a4f-0e32-4dd1-80b9-a797c2117425: shutdown LeaderElection
2019-09-26 15:08:45,749 [8a411a4f-0e32-4dd1-80b9-a797c2117425@group-FFBC1D88D468:LeaderElection220] INFO  impl.RoleInfo (RoleInfo.java:shutdownLeaderElection(134)) - 8a411a4f-0e32-4dd1-80b9-a797c2117425: shutdown LeaderElection
2019-09-26 15:08:45,749 [8a411a4f-0e32-4dd1-80b9-a797c2117425@group-AE0AA035EF40:LeaderElection228] INFO  impl.RoleInfo (RoleInfo.java:shutdownLeaderElection(134)) - 8a411a4f-0e32-4dd1-80b9-a797c2117425: shutdown LeaderElection
2019-09-26 15:08:45,749 [8a411a4f-0e32-4dd1-80b9-a797c2117425@group-817B3DD20E3E:LeaderElection219] INFO  impl.RoleInfo (RoleInfo.java:shutdownLeaderElection(134)) - 8a411a4f-0e32-4dd1-80b9-a797c2117425: shutdown LeaderElection
2019-09-26 15:08:45,749 [8a411a4f-0e32-4dd1-80b9-a797c2117425@group-797476ADB718:LeaderElection223] INFO  impl.RoleInfo (RoleInfo.java:shutdownLeaderElection(134)) - 8a411a4f-0e32-4dd1-80b9-a797c2117425: shutdown LeaderElection
2019-09-26 15:08:45,749 [8a411a4f-0e32-4dd1-80b9-a797c2117425@group-FDA5C66D66D8:LeaderElection231] INFO  impl.RoleInfo (RoleInfo.java:shutdownLeaderElection(134)) - 8a411a4f-0e32-4dd1-80b9-a797c2117425: shutdown LeaderElection
2019-09-26 15:08:45,748 [8a411a4f-0e32-4dd1-80b9-a797c2117425@group-3FF9DA04F6D3:LeaderElection243] INFO  impl.RaftServerImpl (RaftServerImpl.java:setRole(174)) - 8a411a4f-0e32-4dd1-80b9-a797c2117425@group-3FF9DA04F6D3: changes role from CANDIDATE to LEADER at term 1 for changeToLeader
2019-09-26 15:08:45,748 [8a411a4f-0e32-4dd1-80b9-a797c2117425@group-966319DBCAF8:LeaderElection230] INFO  impl.RaftServerImpl (RaftServerImpl.java:setRole(174)) - 8a411a4f-0e32-4dd1-80b9-a797c2117425@group-966319DBCAF8: changes role from CANDIDATE to LEADER at term 1 for changeToLeader
2019-09-26 15:08:45,757 [8a411a4f-0e32-4dd1-80b9-a797c2117425@group-966319DBCAF8:LeaderElection230] INFO  impl.RaftServerImpl (ServerState.java:setLeader(253)) - 8a411a4f-0e32-4dd1-80b9-a797c2117425@group-966319DBCAF8: change Leader from null to 8a411a4f-0e32-4dd1-80b9-a797c2117425 at term 1 for becomeLeader, leader elected after 8016ms
2019-09-26 15:08:45,748 [Thread-1043] INFO  impl.RoleInfo (RoleInfo.java:shutdownFollowerState(121)) - 8a411a4f-0e32-4dd1-80b9-a797c2117425: shutdown FollowerState
2019-09-26 15:08:45,748 [Thread-1033] INFO  impl.RoleInfo (RoleInfo.java:shutdownFollowerState(121)) - 8a411a4f-0e32-4dd1-80b9-a797c2117425: shutdown FollowerState
2019-09-26 15:08:45,748 [8a411a4f-0e32-4dd1-80b9-a797c2117425@group-A06E2440B4E9-SegmentedRaftLogWorker] INFO  util.JmxRegister (JmxRegister.java:unregister(73)) - Successfully un-registered JMX Bean with object name Ratis:service=RaftServer,group=group-A06E2440B4E9,id=8a411a4f-0e32-4dd1-80b9-a797c2117425
2019-09-26 15:08:45,748 [8a411a4f-0e32-4dd1-80b9-a797c2117425@group-A010A9011A71:LeaderElection270] INFO  impl.RoleInfo (RoleInfo.java:shutdownLeaderElection(134)) - 8a411a4f-0e32-4dd1-80b9-a797c2117425: shutdown LeaderElection
2019-09-26 15:08:45,747 [8a411a4f-0e32-4dd1-80b9-a797c2117425@group-DA5E89A2DC85:LeaderElection265] INFO  impl.RoleInfo (RoleInfo.java:shutdownLeaderElection(134)) - 8a411a4f-0e32-4dd1-80b9-a797c2117425: shutdown LeaderElection
2019-09-26 15:08:45,747 [8a411a4f-0e32-4dd1-80b9-a797c2117425@group-080076819465:LeaderElection222] INFO  impl.RoleInfo (RoleInfo.java:shutdownLeaderElection(134)) - 8a411a4f-0e32-4dd1-80b9-a797c2117425: shutdown LeaderElection
2019-09-26 15:08:45,747 [8a411a4f-0e32-4dd1-80b9-a797c2117425@group-A085057DFB26:LeaderElection233] INFO  impl.RoleInfo (RoleInfo.java:shutdownLeaderElection(134)) - 8a411a4f-0e32-4dd1-80b9-a797c2117425: shutdown LeaderElection
2019-09-26 15:08:45,747 [8a411a4f-0e32-4dd1-80b9-a797c2117425@group-D946C9146714:LeaderElection221] INFO  impl.RaftServerImpl (RaftServerImpl.java:setRole(174)) - 8a411a4f-0e32-4dd1-80b9-a797c2117425@group-D946C9146714: changes role from CANDIDATE to LEADER at term 1 for changeToLeader
2019-09-26 15:08:45,747 [8a411a4f-0e32-4dd1-80b9-a797c2117425@group-C78D9C690071:LeaderElection232] INFO  impl.RoleInfo (RoleInfo.java:shutdownLeaderElection(134)) - 8a411a4f-0e32-4dd1-80b9-a797c2117425: shutdown LeaderElection
2019-09-26 15:08:45,747 [8a411a4f-0e32-4dd1-80b9-a797c2117425@group-4A3018D7CF99:LeaderElection218] INFO  impl.RoleInfo (RoleInfo.java:shutdownLeaderElection(134)) - 8a411a4f-0e32-4dd1-80b9-a797c2117425: shutdown LeaderElection
2019-09-26 15:08:45,747 [8a411a4f-0e32-4dd1-80b9-a797c2117425@group-5997EE45F5E1:LeaderElection227] INFO  impl.RoleInfo (RoleInfo.java:shutdownLeaderElection(134)) - 8a411a4f-0e32-4dd1-80b9-a797c2117425: shutdown LeaderElection
2019-09-26 15:08:45,747 [8a411a4f-0e32-4dd1-80b9-a797c2117425@group-FEC7288BDF94:LeaderElection225] INFO  impl.RoleInfo (RoleInfo.java:shutdownLeaderElection(134)) - 8a411a4f-0e32-4dd1-80b9-a797c2117425: shutdown LeaderElection
2019-09-26 15:08:45,746 [8a411a4f-0e32-4dd1-80b9-a797c2117425@group-ACB2ABC0275F:LeaderElection226] INFO  impl.RoleInfo (RoleInfo.java:shutdownLeaderElection(134)) - 8a411a4f-0e32-4dd1-80b9-a797c2117425: shutdown LeaderElection
2019-09-26 15:08:45,746 [8a411a4f-0e32-4dd1-80b9-a797c2117425@group-BF52FF77A681:LeaderElection229] INFO  impl.RoleInfo (RoleInfo.java:shutdownLeaderElection(134)) - 8a411a4f-0e32-4dd1-80b9-a797c2117425: shutdown LeaderElection
2019-09-26 15:08:45,746 [8a411a4f-0e32-4dd1-80b9-a797c2117425@group-BF7801AC219F:LeaderElection250] INFO  impl.RaftServerImpl (RaftServerImpl.java:setRole(174)) - 8a411a4f-0e32-4dd1-80b9-a797c2117425@group-BF7801AC219F: changes role from CANDIDATE to LEADER at term 1 for changeToLeader
2019-09-26 15:08:45,746 [8a411a4f-0e32-4dd1-80b9-a797c2117425@group-69E0C5198CB5:LeaderElection251] INFO  impl.RaftServerImpl (RaftServerImpl.java:setRole(174)) - 8a411a4f-0e32-4dd1-80b9-a797c2117425@group-69E0C5198CB5: changes role from CANDIDATE to LEADER at term 1 for changeToLeader
2019-09-26 15:08:45,759 [8a411a4f-0e32-4dd1-80b9-a797c2117425@group-69E0C5198CB5:LeaderElection251] INFO  impl.RaftServerImpl (ServerState.java:setLeader(253)) - 8a411a4f-0e32-4dd1-80b9-a797c2117425@group-69E0C5198CB5: change Leader from null to 8a411a4f-0e32-4dd1-80b9-a797c2117425 at term 1 for becomeLeader, leader elected after 9098ms
2019-09-26 15:08:45,746 [8a411a4f-0e32-4dd1-80b9-a797c2117425@group-BDE5A38AA11F:LeaderElection258] INFO  impl.RaftServerImpl (RaftServerImpl.java:setRole(174)) - 8a411a4f-0e32-4dd1-80b9-a797c2117425@group-BDE5A38AA11F: changes role from CANDIDATE to LEADER at term 1 for changeToLeader
2019-09-26 15:08:45,746 [8a411a4f-0e32-4dd1-80b9-a797c2117425@group-953CCBC0A9E0:LeaderElection244] INFO  impl.RaftServerImpl (RaftServerImpl.java:setRole(174)) - 8a411a4f-0e32-4dd1-80b9-a797c2117425@group-953CCBC0A9E0: changes role from CANDIDATE to LEADER at term 1 for changeToLeader
2019-09-26 15:08:45,746 [8a411a4f-0e32-4dd1-80b9-a797c2117425@group-38020CCA7F83:LeaderElection184] INFO  server.RaftServerConfigKeys (ConfUtils.java:logGet(43)) - raft.server.watch.element-limit = 65536 (default)
2019-09-26 15:08:45,745 [8a411a4f-0e32-4dd1-80b9-a797c2117425@group-F0ABC0A80C00:LeaderElection183] INFO  server.RaftServerConfigKeys (ConfUtils.java:logGet(43)) - raft.server.watch.element-limit = 65536 (default)
2019-09-26 15:08:45,745 [8a411a4f-0e32-4dd1-80b9-a797c2117425@group-C4458528C18D:LeaderElection199] INFO  server.RaftServerConfigKeys (ConfUtils.java:logGet(43)) - raft.server.rpc.sleep.time = 25ms (default)
2019-09-26 15:08:45,745 [8a411a4f-0e32-4dd1-80b9-a797c2117425@group-884660014B94-SegmentedRaftLogWorker] INFO  util.JmxRegister (JmxRegister.java:unregister(73)) - Successfully un-registered JMX Bean with object name Ratis:service=RaftServer,group=group-884660014B94,id=8a411a4f-0e32-4dd1-80b9-a797c2117425
2019-09-26 15:08:45,745 [8a411a4f-0e32-4dd1-80b9-a797c2117425@group-D2E29C0D0AAA-SegmentedRaftLogWorker] INFO  util.JmxRegister (JmxRegister.java:unregister(73)) - Successfully un-registered JMX Bean with object name Ratis:service=RaftServer,group=group-D2E29C0D0AAA,id=8a411a4f-0e32-4dd1-80b9-a797c2117425
2019-09-26 15:08:45,760 [8a411a4f-0e32-4dd1-80b9-a797c2117425@group-D2E29C0D0AAA-SegmentedRaftLogWorker] INFO  impl.RoleInfo (RoleInfo.java:shutdownLeaderState(104)) - 8a411a4f-0e32-4dd1-80b9-a797c2117425: shutdown LeaderState
2019-09-26 15:08:45,744 [8a411a4f-0e32-4dd1-80b9-a797c2117425@group-6DE3712AF134-SegmentedRaftLogWorker] INFO  impl.RaftServerImpl (RaftServerImpl.java:lambda$shutdown$3(251)) - 8a411a4f-0e32-4dd1-80b9-a797c2117425@group-6DE3712AF134: shutdown
2019-09-26 15:08:45,744 [8a411a4f-0e32-4dd1-80b9-a797c2117425@group-3AAC4688A9E6-SegmentedRaftLogWorker] INFO  impl.RaftServerImpl (RaftServerImpl.java:lambda$shutdown$3(251)) - 8a411a4f-0e32-4dd1-80b9-a797c2117425@group-3AAC4688A9E6: shutdown
2019-09-26 15:08:45,744 [Thread-1040] INFO  impl.RoleInfo (RoleInfo.java:shutdownFollowerState(121)) - 8a411a4f-0e32-4dd1-80b9-a797c2117425: shutdown FollowerState
2019-09-26 15:08:45,744 [8a411a4f-0e32-4dd1-80b9-a797c2117425@group-8C4965DA48D4:LeaderElection264] INFO  impl.RoleInfo (RoleInfo.java:shutdownLeaderElection(134)) - 8a411a4f-0e32-4dd1-80b9-a797c2117425: shutdown LeaderElection
2019-09-26 15:08:45,744 [8a411a4f-0e32-4dd1-80b9-a797c2117425@group-00BC2B0139A4:LeaderElection217] INFO  impl.RoleInfo (RoleInfo.java:shutdownLeaderElection(134)) - 8a411a4f-0e32-4dd1-80b9-a797c2117425: shutdown LeaderElection
2019-09-26 15:08:45,743 [Thread-1037] INFO  impl.RoleInfo (RoleInfo.java:shutdownFollowerState(121)) - 8a411a4f-0e32-4dd1-80b9-a797c2117425: shutdown FollowerState
2019-09-26 15:08:45,743 [8a411a4f-0e32-4dd1-80b9-a797c2117425@group-9B2ED3ACC3BA:LeaderElection201] INFO  server.RaftServerConfigKeys (ConfUtils.java:logGet(43)) - raft.server.rpc.sleep.time = 25ms (default)
2019-09-26 15:08:45,743 [8a411a4f-0e32-4dd1-80b9-a797c2117425@group-F5831FDAC3B9:LeaderElection190] INFO  server.RaftServerConfigKeys (ConfUtils.java:logGet(43)) - raft.server.watch.element-limit = 65536 (default)
2019-09-26 15:08:45,743 [8a411a4f-0e32-4dd1-80b9-a797c2117425@group-4D95ED7A34E1:LeaderElection186] INFO  segmented.SegmentedRaftLogWorker (SegmentedRaftLogWorker.java:startLogSegment(380)) - 8a411a4f-0e32-4dd1-80b9-a797c2117425@group-4D95ED7A34E1-SegmentedRaftLogWorker: Starting segment from index:0
2019-09-26 15:08:45,743 [8a411a4f-0e32-4dd1-80b9-a797c2117425@group-171E6B5B65D9-SegmentedRaftLogWorker] INFO  segmented.SegmentedRaftLogWorker (SegmentedRaftLogWorker.java:close(228)) - 8a411a4f-0e32-4dd1-80b9-a797c2117425@group-171E6B5B65D9-SegmentedRaftLogWorker close()
2019-09-26 15:08:45,743 [8a411a4f-0e32-4dd1-80b9-a797c2117425@group-9CAEA4046C8E:LeaderElection213] INFO  server.RaftServerConfigKeys (ConfUtils.java:logGet(43)) - raft.server.staging.catchup.gap = 1000 (default)
2019-09-26 15:08:45,742 [8a411a4f-0e32-4dd1-80b9-a797c2117425@group-43557E0D0B54:LeaderElection204] INFO  impl.RaftServerImpl (ServerState.java:setLeader(253)) - 8a411a4f-0e32-4dd1-80b9-a797c2117425@group-43557E0D0B54: change Leader from null to 8a411a4f-0e32-4dd1-80b9-a797c2117425 at term 1 for becomeLeader, leader elected after 7660ms
2019-09-26 15:08:45,742 [8a411a4f-0e32-4dd1-80b9-a797c2117425@group-CA9544AD4330:LeaderElection216] INFO  impl.RaftServerImpl (ServerState.java:setLeader(253)) - 8a411a4f-0e32-4dd1-80b9-a797c2117425@group-CA9544AD4330: change Leader from null to 8a411a4f-0e32-4dd1-80b9-a797c2117425 at term 1 for becomeLeader, leader elected after 7500ms
2019-09-26 15:08:45,742 [8a411a4f-0e32-4dd1-80b9-a797c2117425@group-2F139598710B:LeaderElection215] INFO  server.RaftServerConfigKeys (ConfUtils.java:logGet(43)) - raft.server.staging.catchup.gap = 1000 (default)
2019-09-26 15:08:45,742 [8a411a4f-0e32-4dd1-80b9-a797c2117425@group-FC070601F0EC:LeaderElection214] INFO  server.RaftServerConfigKeys (ConfUtils.java:logGet(43)) - raft.server.watch.timeout.denomination = 1s (default)
2019-09-26 15:08:45,742 [8a411a4f-0e32-4dd1-80b9-a797c2117425@group-7740B1DAF25C:LeaderElection212] INFO  server.RaftServerConfigKeys (ConfUtils.java:logGet(43)) - raft.server.rpc.sleep.time = 25ms (default)
2019-09-26 15:08:45,742 [8a411a4f-0e32-4dd1-80b9-a797c2117425@group-5C09A8D6B935:LeaderElection180] INFO  server.RaftServerConfigKeys (ConfUtils.java:logGet(43)) - raft.server.watch.element-limit = 65536 (default)
2019-09-26 15:08:45,742 [pool-27-thread-1] INFO  server.RaftServerConfigKeys (ConfUtils.java:logGet(43)) - raft.server.log.statemachine.data.sync.timeout.retry = -1 (default)
2019-09-26 15:08:45,741 [8a411a4f-0e32-4dd1-80b9-a797c2117425@group-338C79B436FD-SegmentedRaftLogWorker] INFO  impl.PendingRequests (PendingRequests.java:sendNotLeaderResponses(202)) - 8a411a4f-0e32-4dd1-80b9-a797c2117425-PendingRequests: sendNotLeaderResponses
2019-09-26 15:08:45,741 [8a411a4f-0e32-4dd1-80b9-a797c2117425@group-789513F6DACF:LeaderElection198] INFO  server.RaftServerConfigKeys (ConfUtils.java:logGet(43)) - raft.server.staging.catchup.gap = 1000 (default)
2019-09-26 15:08:45,741 [8a411a4f-0e32-4dd1-80b9-a797c2117425@group-83D70F78A169-SegmentedRaftLogWorker] INFO  impl.RaftServerImpl (ServerState.java:close(385)) - 8a411a4f-0e32-4dd1-80b9-a797c2117425@group-83D70F78A169: closes. applyIndex: -1
2019-09-26 15:08:45,741 [8a411a4f-0e32-4dd1-80b9-a797c2117425@group-938D56FE126F-SegmentedRaftLogWorker] INFO  impl.RoleInfo (RoleInfo.java:shutdownLeaderState(104)) - 8a411a4f-0e32-4dd1-80b9-a797c2117425: shutdown LeaderState
2019-09-26 15:08:45,763 [8a411a4f-0e32-4dd1-80b9-a797c2117425@group-83D70F78A169-SegmentedRaftLogWorker] INFO  segmented.SegmentedRaftLogWorker (SegmentedRaftLogWorker.java:close(228)) - 8a411a4f-0e32-4dd1-80b9-a797c2117425@group-83D70F78A169-SegmentedRaftLogWorker close()
2019-09-26 15:08:45,741 [8a411a4f-0e32-4dd1-80b9-a797c2117425@group-24E75438A6C2-SegmentedRaftLogWorker] INFO  impl.RoleInfo (RoleInfo.java:shutdownLeaderState(104)) - 8a411a4f-0e32-4dd1-80b9-a797c2117425: shutdown LeaderState
2019-09-26 15:08:45,741 [8a411a4f-0e32-4dd1-80b9-a797c2117425@group-ACFFAC7539DC-SegmentedRaftLogWorker] INFO  impl.PendingRequests (PendingRequests.java:sendNotLeaderResponses(202)) - 8a411a4f-0e32-4dd1-80b9-a797c2117425-PendingRequests: sendNotLeaderResponses
2019-09-26 15:08:45,740 [8a411a4f-0e32-4dd1-80b9-a797c2117425@group-AF909D263E7A:LeaderElection171] INFO  segmented.SegmentedRaftLogWorker (SegmentedRaftLogWorker.java:startLogSegment(380)) - 8a411a4f-0e32-4dd1-80b9-a797c2117425@group-AF909D263E7A-SegmentedRaftLogWorker: Starting segment from index:0
2019-09-26 15:08:45,763 [8a411a4f-0e32-4dd1-80b9-a797c2117425@group-ACFFAC7539DC-SegmentedRaftLogWorker] INFO  impl.StateMachineUpdater (StateMachineUpdater.java:stopAndJoin(125)) - 8a411a4f-0e32-4dd1-80b9-a797c2117425@group-ACFFAC7539DC-StateMachineUpdater: set stopIndex = -1
2019-09-26 15:08:45,763 [8a411a4f-0e32-4dd1-80b9-a797c2117425@group-ACFFAC7539DC-SegmentedRaftLogWorker] INFO  impl.RaftServerImpl (ServerState.java:close(385)) - 8a411a4f-0e32-4dd1-80b9-a797c2117425@group-ACFFAC7539DC: closes. applyIndex: -1
2019-09-26 15:08:45,763 [8a411a4f-0e32-4dd1-80b9-a797c2117425@group-24E75438A6C2-SegmentedRaftLogWorker] INFO  impl.PendingRequests (PendingRequests.java:sendNotLeaderResponses(202)) - 8a411a4f-0e32-4dd1-80b9-a797c2117425-PendingRequests: sendNotLeaderResponses
2019-09-26 15:08:45,763 [8a411a4f-0e32-4dd1-80b9-a797c2117425@group-938D56FE126F-SegmentedRaftLogWorker] INFO  impl.PendingRequests (PendingRequests.java:sendNotLeaderResponses(202)) - 8a411a4f-0e32-4dd1-80b9-a797c2117425-PendingRequests: sendNotLeaderResponses
2019-09-26 15:08:45,762 [8a411a4f-0e32-4dd1-80b9-a797c2117425@group-338C79B436FD-SegmentedRaftLogWorker] INFO  impl.StateMachineUpdater (StateMachineUpdater.java:stopAndJoin(125)) - 8a411a4f-0e32-4dd1-80b9-a797c2117425@group-338C79B436FD-StateMachineUpdater: set stopIndex = -1
2019-09-26 15:08:45,763 [8a411a4f-0e32-4dd1-80b9-a797c2117425@group-338C79B436FD-SegmentedRaftLogWorker] INFO  impl.RaftServerImpl (ServerState.java:close(385)) - 8a411a4f-0e32-4dd1-80b9-a797c2117425@group-338C79B436FD: closes. applyIndex: -1
2019-09-26 15:08:45,762 [8a411a4f-0e32-4dd1-80b9-a797c2117425@group-789513F6DACF:LeaderElection198] INFO  server.RaftServerConfigKeys (ConfUtils.java:logGet(43)) - raft.server.rpc.sleep.time = 25ms (default)
2019-09-26 15:08:45,762 [8a411a4f-0e32-4dd1-80b9-a797c2117425@group-FC070601F0EC:LeaderElection214] INFO  server.RaftServerConfigKeys (ConfUtils.java:logGet(43)) - raft.server.watch.element-limit = 65536 (default)
2019-09-26 15:08:45,762 [8a411a4f-0e32-4dd1-80b9-a797c2117425@group-2F139598710B:LeaderElection215] INFO  server.RaftServerConfigKeys (ConfUtils.java:logGet(43)) - raft.server.rpc.sleep.time = 25ms (default)
2019-09-26 15:08:45,762 [8a411a4f-0e32-4dd1-80b9-a797c2117425@group-CA9544AD4330:LeaderElection216] INFO  server.RaftServerConfigKeys (ConfUtils.java:logGet(43)) - raft.server.staging.catchup.gap = 1000 (default)
2019-09-26 15:08:45,761 [8a411a4f-0e32-4dd1-80b9-a797c2117425@group-43557E0D0B54:LeaderElection204] INFO  server.RaftServerConfigKeys (ConfUtils.java:logGet(43)) - raft.server.staging.catchup.gap = 1000 (default)
2019-09-26 15:08:45,761 [8a411a4f-0e32-4dd1-80b9-a797c2117425@group-9CAEA4046C8E:LeaderElection213] INFO  server.RaftServerConfigKeys (ConfUtils.java:logGet(43)) - raft.server.rpc.sleep.time = 25ms (default)
2019-09-26 15:08:45,761 [Thread-1037] INFO  impl.RaftServerImpl (RaftServerImpl.java:setRole(174)) - 8a411a4f-0e32-4dd1-80b9-a797c2117425@group-E7D8D4CC70D9: changes role from  FOLLOWER to CANDIDATE at term 0 for changeToCandidate
2019-09-26 15:08:45,761 [8a411a4f-0e32-4dd1-80b9-a797c2117425@group-00BC2B0139A4:LeaderElection217] INFO  impl.RaftServerImpl (RaftServerImpl.java:setRole(174)) - 8a411a4f-0e32-4dd1-80b9-a797c2117425@group-00BC2B0139A4: changes role from CANDIDATE to LEADER at term 1 for changeToLeader
2019-09-26 15:08:45,761 [8a411a4f-0e32-4dd1-80b9-a797c2117425@group-8C4965DA48D4:LeaderElection264] INFO  impl.RaftServerImpl (RaftServerImpl.java:setRole(174)) - 8a411a4f-0e32-4dd1-80b9-a797c2117425@group-8C4965DA48D4: changes role from CANDIDATE to LEADER at term 1 for changeToLeader
2019-09-26 15:08:45,761 [Thread-1040] INFO  impl.RaftServerImpl (RaftServerImpl.java:setRole(174)) - 8a411a4f-0e32-4dd1-80b9-a797c2117425@group-61F50073A647: changes role from  FOLLOWER to CANDIDATE at term 0 for changeToCandidate
2019-09-26 15:08:45,760 [8a411a4f-0e32-4dd1-80b9-a797c2117425@group-3AAC4688A9E6-SegmentedRaftLogWorker] INFO  util.JmxRegister (JmxRegister.java:unregister(73)) - Successfully un-registered JMX Bean with object name Ratis:service=RaftServer,group=group-3AAC4688A9E6,id=8a411a4f-0e32-4dd1-80b9-a797c2117425
2019-09-26 15:08:45,760 [8a411a4f-0e32-4dd1-80b9-a797c2117425@group-6DE3712AF134-SegmentedRaftLogWorker] INFO  util.JmxRegister (JmxRegister.java:unregister(73)) - Successfully un-registered JMX Bean with object name Ratis:service=RaftServer,group=group-6DE3712AF134,id=8a411a4f-0e32-4dd1-80b9-a797c2117425
2019-09-26 15:08:45,760 [8a411a4f-0e32-4dd1-80b9-a797c2117425@group-D2E29C0D0AAA-SegmentedRaftLogWorker] INFO  impl.PendingRequests (PendingRequests.java:sendNotLeaderResponses(202)) - 8a411a4f-0e32-4dd1-80b9-a797c2117425-PendingRequests: sendNotLeaderResponses
2019-09-26 15:08:45,760 [8a411a4f-0e32-4dd1-80b9-a797c2117425@group-884660014B94-SegmentedRaftLogWorker] INFO  impl.RoleInfo (RoleInfo.java:shutdownLeaderState(104)) - 8a411a4f-0e32-4dd1-80b9-a797c2117425: shutdown LeaderState
2019-09-26 15:08:45,760 [8a411a4f-0e32-4dd1-80b9-a797c2117425@group-953CCBC0A9E0:LeaderElection244] INFO  impl.RaftServerImpl (ServerState.java:setLeader(253)) - 8a411a4f-0e32-4dd1-80b9-a797c2117425@group-953CCBC0A9E0: change Leader from null to 8a411a4f-0e32-4dd1-80b9-a797c2117425 at term 1 for becomeLeader, leader elected after 8690ms
2019-09-26 15:08:45,759 [8a411a4f-0e32-4dd1-80b9-a797c2117425@group-BDE5A38AA11F:LeaderElection258] INFO  impl.RaftServerImpl (ServerState.java:setLeader(253)) - 8a411a4f-0e32-4dd1-80b9-a797c2117425@group-BDE5A38AA11F: change Leader from null to 8a411a4f-0e32-4dd1-80b9-a797c2117425 at term 1 for becomeLeader, leader elected after 6733ms
2019-09-26 15:08:45,759 [8a411a4f-0e32-4dd1-80b9-a797c2117425@group-69E0C5198CB5:LeaderElection251] INFO  server.RaftServerConfigKeys (ConfUtils.java:logGet(43)) - raft.server.staging.catchup.gap = 1000 (default)
2019-09-26 15:08:45,759 [8a411a4f-0e32-4dd1-80b9-a797c2117425@group-BF7801AC219F:LeaderElection250] INFO  impl.RaftServerImpl (ServerState.java:setLeader(253)) - 8a411a4f-0e32-4dd1-80b9-a797c2117425@group-BF7801AC219F: change Leader from null to 8a411a4f-0e32-4dd1-80b9-a797c2117425 at term 1 for becomeLeader, leader elected after 9047ms
2019-09-26 15:08:45,759 [8a411a4f-0e32-4dd1-80b9-a797c2117425@group-BF52FF77A681:LeaderElection229] INFO  impl.RaftServerImpl (RaftServerImpl.java:setRole(174)) - 8a411a4f-0e32-4dd1-80b9-a797c2117425@group-BF52FF77A681: changes role from CANDIDATE to LEADER at term 1 for changeToLeader
2019-09-26 15:08:45,759 [8a411a4f-0e32-4dd1-80b9-a797c2117425@group-ACB2ABC0275F:LeaderElection226] INFO  impl.RaftServerImpl (RaftServerImpl.java:setRole(174)) - 8a411a4f-0e32-4dd1-80b9-a797c2117425@group-ACB2ABC0275F: changes role from CANDIDATE to LEADER at term 1 for changeToLeader
2019-09-26 15:08:45,766 [8a411a4f-0e32-4dd1-80b9-a797c2117425@group-ACB2ABC0275F:LeaderElection226] INFO  impl.RaftServerImpl (ServerState.java:setLeader(253)) - 8a411a4f-0e32-4dd1-80b9-a797c2117425@group-ACB2ABC0275F: change Leader from null to 8a411a4f-0e32-4dd1-80b9-a797c2117425 at term 1 for becomeLeader, leader elected after 8155ms
2019-09-26 15:08:45,759 [8a411a4f-0e32-4dd1-80b9-a797c2117425@group-FEC7288BDF94:LeaderElection225] INFO  impl.RaftServerImpl (RaftServerImpl.java:setRole(174)) - 8a411a4f-0e32-4dd1-80b9-a797c2117425@group-FEC7288BDF94: changes role from CANDIDATE to LEADER at term 1 for changeToLeader
2019-09-26 15:08:45,759 [8a411a4f-0e32-4dd1-80b9-a797c2117425@group-5997EE45F5E1:LeaderElection227] INFO  impl.RaftServerImpl (RaftServerImpl.java:setRole(174)) - 8a411a4f-0e32-4dd1-80b9-a797c2117425@group-5997EE45F5E1: changes role from CANDIDATE to LEADER at term 1 for changeToLeader
2019-09-26 15:08:45,766 [8a411a4f-0e32-4dd1-80b9-a797c2117425@group-5997EE45F5E1:LeaderElection227] INFO  impl.RaftServerImpl (ServerState.java:setLeader(253)) - 8a411a4f-0e32-4dd1-80b9-a797c2117425@group-5997EE45F5E1: change Leader from null to 8a411a4f-0e32-4dd1-80b9-a797c2117425 at term 1 for becomeLeader, leader elected after 7200ms
2019-09-26 15:08:45,759 [8a411a4f-0e32-4dd1-80b9-a797c2117425@group-4A3018D7CF99:LeaderElection218] INFO  impl.RaftServerImpl (RaftServerImpl.java:setRole(174)) - 8a411a4f-0e32-4dd1-80b9-a797c2117425@group-4A3018D7CF99: changes role from CANDIDATE to LEADER at term 1 for changeToLeader
2019-09-26 15:08:45,758 [8a411a4f-0e32-4dd1-80b9-a797c2117425@group-C78D9C690071:LeaderElection232] INFO  impl.RaftServerImpl (RaftServerImpl.java:setRole(174)) - 8a411a4f-0e32-4dd1-80b9-a797c2117425@group-C78D9C690071: changes role from CANDIDATE to LEADER at term 1 for changeToLeader
2019-09-26 15:08:45,758 [8a411a4f-0e32-4dd1-80b9-a797c2117425@group-D946C9146714:LeaderElection221] INFO  impl.RaftServerImpl (ServerState.java:setLeader(253)) - 8a411a4f-0e32-4dd1-80b9-a797c2117425@group-D946C9146714: change Leader from null to 8a411a4f-0e32-4dd1-80b9-a797c2117425 at term 1 for becomeLeader, leader elected after 7637ms
2019-09-26 15:08:45,758 [8a411a4f-0e32-4dd1-80b9-a797c2117425@group-A085057DFB26:LeaderElection233] INFO  impl.RaftServerImpl (RaftServerImpl.java:setRole(174)) - 8a411a4f-0e32-4dd1-80b9-a797c2117425@group-A085057DFB26: changes role from CANDIDATE to LEADER at term 1 for changeToLeader
2019-09-26 15:08:45,766 [8a411a4f-0e32-4dd1-80b9-a797c2117425@group-A085057DFB26:LeaderElection233] INFO  impl.RaftServerImpl (ServerState.java:setLeader(253)) - 8a411a4f-0e32-4dd1-80b9-a797c2117425@group-A085057DFB26: change Leader from null to 8a411a4f-0e32-4dd1-80b9-a797c2117425 at term 1 for becomeLeader, leader elected after 6770ms
2019-09-26 15:08:45,758 [8a411a4f-0e32-4dd1-80b9-a797c2117425@group-080076819465:LeaderElection222] INFO  impl.RaftServerImpl (RaftServerImpl.java:setRole(174)) - 8a411a4f-0e32-4dd1-80b9-a797c2117425@group-080076819465: changes role from CANDIDATE to LEADER at term 1 for changeToLeader
2019-09-26 15:08:45,758 [8a411a4f-0e32-4dd1-80b9-a797c2117425@group-DA5E89A2DC85:LeaderElection265] INFO  impl.RaftServerImpl (RaftServerImpl.java:setRole(174)) - 8a411a4f-0e32-4dd1-80b9-a797c2117425@group-DA5E89A2DC85: changes role from CANDIDATE to LEADER at term 1 for changeToLeader
2019-09-26 15:08:45,758 [8a411a4f-0e32-4dd1-80b9-a797c2117425@group-A010A9011A71:LeaderElection270] INFO  impl.RaftServerImpl (RaftServerImpl.java:setRole(174)) - 8a411a4f-0e32-4dd1-80b9-a797c2117425@group-A010A9011A71: changes role from CANDIDATE to LEADER at term 1 for changeToLeader
2019-09-26 15:08:45,767 [8a411a4f-0e32-4dd1-80b9-a797c2117425@group-A010A9011A71:LeaderElection270] INFO  impl.RaftServerImpl (ServerState.java:setLeader(253)) - 8a411a4f-0e32-4dd1-80b9-a797c2117425@group-A010A9011A71: change Leader from null to 8a411a4f-0e32-4dd1-80b9-a797c2117425 at term 1 for becomeLeader, leader elected after 7082ms
2019-09-26 15:08:45,758 [8a411a4f-0e32-4dd1-80b9-a797c2117425@group-A06E2440B4E9-SegmentedRaftLogWorker] INFO  impl.RoleInfo (RoleInfo.java:shutdownLeaderState(104)) - 8a411a4f-0e32-4dd1-80b9-a797c2117425: shutdown LeaderState
2019-09-26 15:08:45,758 [Thread-1033] INFO  impl.RaftServerImpl (RaftServerImpl.java:setRole(174)) - 8a411a4f-0e32-4dd1-80b9-a797c2117425@group-B50C770756F4: changes role from  FOLLOWER to CANDIDATE at term 0 for changeToCandidate
2019-09-26 15:08:45,758 [Thread-1043] INFO  impl.RaftServerImpl (RaftServerImpl.java:setRole(174)) - 8a411a4f-0e32-4dd1-80b9-a797c2117425@group-157AB0181C30: changes role from  FOLLOWER to CANDIDATE at term 0 for changeToCandidate
2019-09-26 15:08:45,757 [8a411a4f-0e32-4dd1-80b9-a797c2117425@group-966319DBCAF8:LeaderElection230] INFO  server.RaftServerConfigKeys (ConfUtils.java:logGet(43)) - raft.server.staging.catchup.gap = 1000 (default)
2019-09-26 15:08:45,757 [8a411a4f-0e32-4dd1-80b9-a797c2117425@group-3FF9DA04F6D3:LeaderElection243] INFO  impl.RaftServerImpl (ServerState.java:setLeader(253)) - 8a411a4f-0e32-4dd1-80b9-a797c2117425@group-3FF9DA04F6D3: change Leader from null to 8a411a4f-0e32-4dd1-80b9-a797c2117425 at term 1 for becomeLeader, leader elected after 8768ms
2019-09-26 15:08:45,757 [8a411a4f-0e32-4dd1-80b9-a797c2117425@group-FDA5C66D66D8:LeaderElection231] INFO  impl.RaftServerImpl (RaftServerImpl.java:setRole(174)) - 8a411a4f-0e32-4dd1-80b9-a797c2117425@group-FDA5C66D66D8: changes role from CANDIDATE to LEADER at term 1 for changeToLeader
2019-09-26 15:08:45,757 [8a411a4f-0e32-4dd1-80b9-a797c2117425@group-797476ADB718:LeaderElection223] INFO  impl.RaftServerImpl (RaftServerImpl.java:setRole(174)) - 8a411a4f-0e32-4dd1-80b9-a797c2117425@group-797476ADB718: changes role from CANDIDATE to LEADER at term 1 for changeToLeader
2019-09-26 15:08:45,757 [8a411a4f-0e32-4dd1-80b9-a797c2117425@group-817B3DD20E3E:LeaderElection219] INFO  impl.RaftServerImpl (RaftServerImpl.java:setRole(174)) - 8a411a4f-0e32-4dd1-80b9-a797c2117425@group-817B3DD20E3E: changes role from CANDIDATE to LEADER at term 1 for changeToLeader
2019-09-26 15:08:45,757 [8a411a4f-0e32-4dd1-80b9-a797c2117425@group-AE0AA035EF40:LeaderElection228] INFO  impl.RaftServerImpl (RaftServerImpl.java:setRole(174)) - 8a411a4f-0e32-4dd1-80b9-a797c2117425@group-AE0AA035EF40: changes role from CANDIDATE to LEADER at term 1 for changeToLeader
2019-09-26 15:08:45,757 [8a411a4f-0e32-4dd1-80b9-a797c2117425@group-FFBC1D88D468:LeaderElection220] INFO  impl.RaftServerImpl (RaftServerImpl.java:setRole(174)) - 8a411a4f-0e32-4dd1-80b9-a797c2117425@group-FFBC1D88D468: changes role from CANDIDATE to LEADER at term 1 for changeToLeader
2019-09-26 15:08:45,757 [8a411a4f-0e32-4dd1-80b9-a797c2117425@group-DE38E862BFA6:LeaderElection224] INFO  impl.RaftServerImpl (RaftServerImpl.java:setRole(174)) - 8a411a4f-0e32-4dd1-80b9-a797c2117425@group-DE38E862BFA6: changes role from CANDIDATE to LEADER at term 1 for changeToLeader
2019-09-26 15:08:45,768 [8a411a4f-0e32-4dd1-80b9-a797c2117425@group-DE38E862BFA6:LeaderElection224] INFO  impl.RaftServerImpl (ServerState.java:setLeader(253)) - 8a411a4f-0e32-4dd1-80b9-a797c2117425@group-DE38E862BFA6: change Leader from null to 8a411a4f-0e32-4dd1-80b9-a797c2117425 at term 1 for becomeLeader, leader elected after 7760ms
2019-09-26 15:08:45,757 [8a411a4f-0e32-4dd1-80b9-a797c2117425@group-FF69114B1B03:LeaderElection257] INFO  impl.RaftServerImpl (RaftServerImpl.java:setRole(174)) - 8a411a4f-0e32-4dd1-80b9-a797c2117425@group-FF69114B1B03: changes role from CANDIDATE to LEADER at term 1 for changeToLeader
2019-09-26 15:08:45,756 [8a411a4f-0e32-4dd1-80b9-a797c2117425@group-CAAD3C9AE29A:LeaderElection237] INFO  server.RaftServerConfigKeys (ConfUtils.java:logGet(43)) - raft.server.staging.catchup.gap = 1000 (default)
2019-09-26 15:08:45,756 [8a411a4f-0e32-4dd1-80b9-a797c2117425@group-56F119E5147E:LeaderElection241] INFO  server.RaftServerConfigKeys (ConfUtils.java:logGet(43)) - raft.server.rpc.sleep.time = 25ms (default)
2019-09-26 15:08:45,756 [8a411a4f-0e32-4dd1-80b9-a797c2117425@group-53CD7F03AB35:LeaderElection253] INFO  impl.RaftServerImpl (ServerState.java:setLeader(253)) - 8a411a4f-0e32-4dd1-80b9-a797c2117425@group-53CD7F03AB35: change Leader from null to 8a411a4f-0e32-4dd1-80b9-a797c2117425 at term 1 for becomeLeader, leader elected after 8836ms
2019-09-26 15:08:45,756 [8a411a4f-0e32-4dd1-80b9-a797c2117425@group-FC1F641A5BB5:LeaderElection254] INFO  server.RaftServerConfigKeys (ConfUtils.java:logGet(43)) - raft.server.staging.catchup.gap = 1000 (default)
2019-09-26 15:08:45,756 [8a411a4f-0e32-4dd1-80b9-a797c2117425@group-72E1DE38373A:LeaderElection236] INFO  impl.RaftServerImpl (ServerState.java:setLeader(253)) - 8a411a4f-0e32-4dd1-80b9-a797c2117425@group-72E1DE38373A: change Leader from null to 8a411a4f-0e32-4dd1-80b9-a797c2117425 at term 1 for becomeLeader, leader elected after 8303ms
2019-09-26 15:08:45,756 [8a411a4f-0e32-4dd1-80b9-a797c2117425@group-5709F8A61C02:LeaderElection248] INFO  impl.RaftServerImpl (ServerState.java:setLeader(253)) - 8a411a4f-0e32-4dd1-80b9-a797c2117425@group-5709F8A61C02: change Leader from null to 8a411a4f-0e32-4dd1-80b9-a797c2117425 at term 1 for becomeLeader, leader elected after 8876ms
2019-09-26 15:08:45,756 [8a411a4f-0e32-4dd1-80b9-a797c2117425@group-533E6FD97CDD:LeaderElection269] INFO  impl.LeaderElection (LeaderElection.java:askForVotes(182)) - 8a411a4f-0e32-4dd1-80b9-a797c2117425@group-533E6FD97CDD:LeaderElection269: begin an election at term 1 for -1: [8a411a4f-0e32-4dd1-80b9-a797c2117425:192.168.151.99:37125], old=null
2019-09-26 15:08:45,755 [8a411a4f-0e32-4dd1-80b9-a797c2117425@group-1BAA2484A192:LeaderElection245] INFO  server.RaftServerConfigKeys (ConfUtils.java:logGet(43)) - raft.server.staging.catchup.gap = 1000 (default)
2019-09-26 15:08:45,755 [8a411a4f-0e32-4dd1-80b9-a797c2117425@group-D6588462D619:LeaderElection259] INFO  impl.LeaderElection (LeaderElection.java:askForVotes(182)) - 8a411a4f-0e32-4dd1-80b9-a797c2117425@group-D6588462D619:LeaderElection259: begin an election at term 1 for -1: [8a411a4f-0e32-4dd1-80b9-a797c2117425:192.168.151.99:37125], old=null
2019-09-26 15:08:45,769 [8a411a4f-0e32-4dd1-80b9-a797c2117425@group-D6588462D619:LeaderElection259] INFO  impl.RoleInfo (RoleInfo.java:shutdownLeaderElection(134)) - 8a411a4f-0e32-4dd1-80b9-a797c2117425: shutdown LeaderElection
2019-09-26 15:08:45,755 [8a411a4f-0e32-4dd1-80b9-a797c2117425@group-56CC94C0701C:LeaderElection255] INFO  impl.LeaderElection (LeaderElection.java:askForVotes(182)) - 8a411a4f-0e32-4dd1-80b9-a797c2117425@group-56CC94C0701C:LeaderElection255: begin an election at term 1 for -1: [8a411a4f-0e32-4dd1-80b9-a797c2117425:192.168.151.99:37125], old=null
2019-09-26 15:08:45,755 [8a411a4f-0e32-4dd1-80b9-a797c2117425@group-9758B97C7A43:LeaderElection266] INFO  impl.LeaderElection (LeaderElection.java:askForVotes(182)) - 8a411a4f-0e32-4dd1-80b9-a797c2117425@group-9758B97C7A43:LeaderElection266: begin an election at term 1 for -1: [8a411a4f-0e32-4dd1-80b9-a797c2117425:192.168.151.99:37125], old=null
2019-09-26 15:08:45,770 [8a411a4f-0e32-4dd1-80b9-a797c2117425@group-7740B1DAF25C:LeaderElection212] INFO  server.RaftServerConfigKeys (ConfUtils.java:logGet(43)) - raft.server.write.element-limit = 4096 (default)
2019-09-26 15:08:45,755 [8a411a4f-0e32-4dd1-80b9-a797c2117425@group-4746F350A503:LeaderElection252] INFO  impl.RaftServerImpl (ServerState.java:setLeader(253)) - 8a411a4f-0e32-4dd1-80b9-a797c2117425@group-4746F350A503: change Leader from null to 8a411a4f-0e32-4dd1-80b9-a797c2117425 at term 1 for becomeLeader, leader elected after 8797ms
2019-09-26 15:08:45,770 [8a411a4f-0e32-4dd1-80b9-a797c2117425@group-4746F350A503:LeaderElection252] INFO  server.RaftServerConfigKeys (ConfUtils.java:logGet(43)) - raft.server.staging.catchup.gap = 1000 (default)
2019-09-26 15:08:45,755 [8a411a4f-0e32-4dd1-80b9-a797c2117425@group-AA1C07C3D689:LeaderElection260] INFO  impl.LeaderElection (LeaderElection.java:askForVotes(182)) - 8a411a4f-0e32-4dd1-80b9-a797c2117425@group-AA1C07C3D689:LeaderElection260: begin an election at term 1 for -1: [8a411a4f-0e32-4dd1-80b9-a797c2117425:192.168.151.99:37125], old=null
2019-09-26 15:08:45,770 [8a411a4f-0e32-4dd1-80b9-a797c2117425@group-815581757129:LeaderElection197] INFO  server.RaftServerConfigKeys (ConfUtils.java:logGet(43)) - raft.server.write.element-limit = 4096 (default)
2019-09-26 15:08:45,755 [8a411a4f-0e32-4dd1-80b9-a797c2117425@group-9134F99A9F4A:LeaderElection261] INFO  impl.LeaderElection (LeaderElection.java:askForVotes(182)) - 8a411a4f-0e32-4dd1-80b9-a797c2117425@group-9134F99A9F4A:LeaderElection261: begin an election at term 1 for -1: [8a411a4f-0e32-4dd1-80b9-a797c2117425:192.168.151.99:37125], old=null
2019-09-26 15:08:45,755 [8a411a4f-0e32-4dd1-80b9-a797c2117425@group-6A12D702F30C:LeaderElection267] INFO  impl.LeaderElection (LeaderElection.java:askForVotes(182)) - 8a411a4f-0e32-4dd1-80b9-a797c2117425@group-6A12D702F30C:LeaderElection267: begin an election at term 1 for -1: [8a411a4f-0e32-4dd1-80b9-a797c2117425:192.168.151.99:37125], old=null
2019-09-26 15:08:45,755 [8a411a4f-0e32-4dd1-80b9-a797c2117425@group-2AD62173610F:LeaderElection263] INFO  impl.LeaderElection (LeaderElection.java:askForVotes(182)) - 8a411a4f-0e32-4dd1-80b9-a797c2117425@group-2AD62173610F:LeaderElection263: begin an election at term 1 for -1: [8a411a4f-0e32-4dd1-80b9-a797c2117425:192.168.151.99:37125], old=null
2019-09-26 15:08:45,755 [8a411a4f-0e32-4dd1-80b9-a797c2117425@group-D5C2E6A1B48A:LeaderElection262] INFO  impl.LeaderElection (LeaderElection.java:askForVotes(182)) - 8a411a4f-0e32-4dd1-80b9-a797c2117425@group-D5C2E6A1B48A:LeaderElection262: begin an election at term 1 for -1: [8a411a4f-0e32-4dd1-80b9-a797c2117425:192.168.151.99:37125], old=null
2019-09-26 15:08:45,755 [8a411a4f-0e32-4dd1-80b9-a797c2117425@group-08B3FA40B821:LeaderElection268] INFO  impl.LeaderElection (LeaderElection.java:askForVotes(182)) - 8a411a4f-0e32-4dd1-80b9-a797c2117425@group-08B3FA40B821:LeaderElection268: begin an election at term 1 for -1: [8a411a4f-0e32-4dd1-80b9-a797c2117425:192.168.151.99:37125], old=null
2019-09-26 15:08:45,755 [8a411a4f-0e32-4dd1-80b9-a797c2117425@group-070482571D29:LeaderElection249] INFO  server.RaftServerConfigKeys (ConfUtils.java:logGet(43)) - raft.server.staging.catchup.gap = 1000 (default)
2019-09-26 15:08:47,087 [8a411a4f-0e32-4dd1-80b9-a797c2117425@group-070482571D29:LeaderElection249] INFO  server.RaftServerConfigKeys (ConfUtils.java:logGet(43)) - raft.server.rpc.sleep.time = 25ms (default)
2019-09-26 15:08:47,087 [8a411a4f-0e32-4dd1-80b9-a797c2117425@group-070482571D29:LeaderElection249] INFO  server.RaftServerConfigKeys (ConfUtils.java:logGet(43)) - raft.server.write.element-limit = 4096 (default)
2019-09-26 15:08:47,087 [8a411a4f-0e32-4dd1-80b9-a797c2117425@group-070482571D29:LeaderElection249] INFO  server.RaftServerConfigKeys (ConfUtils.java:logGet(43)) - raft.server.watch.timeout = 10s (default)
2019-09-26 15:08:47,088 [8a411a4f-0e32-4dd1-80b9-a797c2117425@group-070482571D29:LeaderElection249] INFO  server.RaftServerConfigKeys (ConfUtils.java:logGet(43)) - raft.server.watch.timeout.denomination = 1s (default)
2019-09-26 15:08:47,088 [8a411a4f-0e32-4dd1-80b9-a797c2117425@group-070482571D29:LeaderElection249] INFO  server.RaftServerConfigKeys (ConfUtils.java:logGet(43)) - raft.server.watch.element-limit = 65536 (default)
2019-09-26 15:08:45,755 [8a411a4f-0e32-4dd1-80b9-a797c2117425@group-8700CBCF3B52:LeaderElection240] INFO  impl.RaftServerImpl (ServerState.java:setLeader(253)) - 8a411a4f-0e32-4dd1-80b9-a797c2117425@group-8700CBCF3B52: change Leader from null to 8a411a4f-0e32-4dd1-80b9-a797c2117425 at term 1 for becomeLeader, leader elected after 8338ms
2019-09-26 15:08:47,088 [8a411a4f-0e32-4dd1-80b9-a797c2117425@group-8700CBCF3B52:LeaderElection240] INFO  server.RaftServerConfigKeys (ConfUtils.java:logGet(43)) - raft.server.staging.catchup.gap = 1000 (default)
2019-09-26 15:08:47,088 [8a411a4f-0e32-4dd1-80b9-a797c2117425@group-8700CBCF3B52:LeaderElection240] INFO  server.RaftServerConfigKeys (ConfUtils.java:logGet(43)) - raft.server.rpc.sleep.time = 25ms (default)
2019-09-26 15:08:45,755 [8a411a4f-0e32-4dd1-80b9-a797c2117425@group-A5B80CCFC499:LeaderElection246] INFO  server.RaftServerConfigKeys (ConfUtils.java:logGet(43)) - raft.server.staging.catchup.gap = 1000 (default)
2019-09-26 15:08:45,755 [8a411a4f-0e32-4dd1-80b9-a797c2117425@group-D864432FC37C:LeaderElection239] INFO  server.RaftServerConfigKeys (ConfUtils.java:logGet(43)) - raft.server.staging.catchup.gap = 1000 (default)
2019-09-26 15:08:47,088 [8a411a4f-0e32-4dd1-80b9-a797c2117425@group-D864432FC37C:LeaderElection239] INFO  server.RaftServerConfigKeys (ConfUtils.java:logGet(43)) - raft.server.rpc.sleep.time = 25ms (default)
2019-09-26 15:08:47,089 [8a411a4f-0e32-4dd1-80b9-a797c2117425@group-D864432FC37C:LeaderElection239] INFO  server.RaftServerConfigKeys (ConfUtils.java:logGet(43)) - raft.server.write.element-limit = 4096 (default)
2019-09-26 15:08:47,089 [8a411a4f-0e32-4dd1-80b9-a797c2117425@group-D864432FC37C:LeaderElection239] INFO  server.RaftServerConfigKeys (ConfUtils.java:logGet(43)) - raft.server.watch.timeout = 10s (default)
2019-09-26 15:08:47,089 [8a411a4f-0e32-4dd1-80b9-a797c2117425@group-D864432FC37C:LeaderElection239] INFO  server.RaftServerConfigKeys (ConfUtils.java:logGet(43)) - raft.server.watch.timeout.denomination = 1s (default)
2019-09-26 15:08:47,089 [8a411a4f-0e32-4dd1-80b9-a797c2117425@group-D864432FC37C:LeaderElection239] INFO  server.RaftServerConfigKeys (ConfUtils.java:logGet(43)) - raft.server.watch.element-limit = 65536 (default)
2019-09-26 15:08:45,754 [8a411a4f-0e32-4dd1-80b9-a797c2117425@group-1955C9B62640:LeaderElection202] INFO  server.RaftServerConfigKeys (ConfUtils.java:logGet(43)) - raft.server.watch.timeout.denomination = 1s (default)
2019-09-26 15:08:47,090 [8a411a4f-0e32-4dd1-80b9-a797c2117425@group-1955C9B62640:LeaderElection202] INFO  server.RaftServerConfigKeys (ConfUtils.java:logGet(43)) - raft.server.watch.element-limit = 65536 (default)
2019-09-26 15:08:45,754 [8a411a4f-0e32-4dd1-80b9-a797c2117425@group-5915C1BC536E:LeaderElection206] INFO  server.RaftServerConfigKeys (ConfUtils.java:logGet(43)) - raft.server.rpc.sleep.time = 25ms (default)
2019-09-26 15:08:45,754 [8a411a4f-0e32-4dd1-80b9-a797c2117425@group-D65568051C37:LeaderElection235] INFO  impl.RaftServerImpl (ServerState.java:setLeader(253)) - 8a411a4f-0e32-4dd1-80b9-a797c2117425@group-D65568051C37: change Leader from null to 8a411a4f-0e32-4dd1-80b9-a797c2117425 at term 1 for becomeLeader, leader elected after 8415ms
2019-09-26 15:08:45,754 [8a411a4f-0e32-4dd1-80b9-a797c2117425@group-3C71898FAFED:LeaderElection208] INFO  server.RaftServerConfigKeys (ConfUtils.java:logGet(43)) - raft.server.rpc.sleep.time = 25ms (default)
2019-09-26 15:08:45,754 [8a411a4f-0e32-4dd1-80b9-a797c2117425@group-D2571D42C563:LeaderElection256] INFO  server.RaftServerConfigKeys (ConfUtils.java:logGet(43)) - raft.server.staging.catchup.gap = 1000 (default)
2019-09-26 15:08:47,090 [8a411a4f-0e32-4dd1-80b9-a797c2117425@group-3C71898FAFED:LeaderElection208] INFO  server.RaftServerConfigKeys (ConfUtils.java:logGet(43)) - raft.server.write.element-limit = 4096 (default)
2019-09-26 15:08:47,090 [8a411a4f-0e32-4dd1-80b9-a797c2117425@group-D65568051C37:LeaderElection235] INFO  server.RaftServerConfigKeys (ConfUtils.java:logGet(43)) - raft.server.staging.catchup.gap = 1000 (default)
2019-09-26 15:08:47,090 [8a411a4f-0e32-4dd1-80b9-a797c2117425@group-5915C1BC536E:LeaderElection206] INFO  server.RaftServerConfigKeys (ConfUtils.java:logGet(43)) - raft.server.write.element-limit = 4096 (default)
2019-09-26 15:08:47,088 [8a411a4f-0e32-4dd1-80b9-a797c2117425@group-A5B80CCFC499:LeaderElection246] INFO  server.RaftServerConfigKeys (ConfUtils.java:logGet(43)) - raft.server.rpc.sleep.time = 25ms (default)
2019-09-26 15:08:47,088 [8a411a4f-0e32-4dd1-80b9-a797c2117425@group-8700CBCF3B52:LeaderElection240] INFO  server.RaftServerConfigKeys (ConfUtils.java:logGet(43)) - raft.server.write.element-limit = 4096 (default)
2019-09-26 15:08:47,087 [8a411a4f-0e32-4dd1-80b9-a797c2117425@group-08B3FA40B821:LeaderElection268] INFO  impl.RoleInfo (RoleInfo.java:shutdownLeaderElection(134)) - 8a411a4f-0e32-4dd1-80b9-a797c2117425: shutdown LeaderElection
2019-09-26 15:08:47,087 [8a411a4f-0e32-4dd1-80b9-a797c2117425@group-D5C2E6A1B48A:LeaderElection262] INFO  impl.RoleInfo (RoleInfo.java:shutdownLeaderElection(134)) - 8a411a4f-0e32-4dd1-80b9-a797c2117425: shutdown LeaderElection
2019-09-26 15:08:46,007 [8a411a4f-0e32-4dd1-80b9-a797c2117425@group-2AD62173610F:LeaderElection263] INFO  impl.RoleInfo (RoleInfo.java:shutdownLeaderElection(134)) - 8a411a4f-0e32-4dd1-80b9-a797c2117425: shutdown LeaderElection
2019-09-26 15:08:47,091 [8a411a4f-0e32-4dd1-80b9-a797c2117425@group-2AD62173610F:LeaderElection263] INFO  impl.RaftServerImpl (RaftServerImpl.java:setRole(174)) - 8a411a4f-0e32-4dd1-80b9-a797c2117425@group-2AD62173610F: changes role from CANDIDATE to LEADER at term 1 for changeToLeader
2019-09-26 15:08:47,092 [8a411a4f-0e32-4dd1-80b9-a797c2117425@group-2AD62173610F:LeaderElection263] INFO  impl.RaftServerImpl (ServerState.java:setLeader(253)) - 8a411a4f-0e32-4dd1-80b9-a797c2117425@group-2AD62173610F: change Leader from null to 8a411a4f-0e32-4dd1-80b9-a797c2117425 at term 1 for becomeLeader, leader elected after 8433ms
2019-09-26 15:08:46,006 [8a411a4f-0e32-4dd1-80b9-a797c2117425@group-6A12D702F30C:LeaderElection267] INFO  impl.RoleInfo (RoleInfo.java:shutdownLeaderElection(134)) - 8a411a4f-0e32-4dd1-80b9-a797c2117425: shutdown LeaderElection
2019-09-26 15:08:46,006 [8a411a4f-0e32-4dd1-80b9-a797c2117425@group-B3C8B28B000E:LeaderElection185] INFO  impl.RaftServerImpl (ServerState.java:setRaftConf(354)) - 8a411a4f-0e32-4dd1-80b9-a797c2117425@group-B3C8B28B000E: set configuration 0: [8a411a4f-0e32-4dd1-80b9-a797c2117425:192.168.151.99:37125], old=null at 0
2019-09-26 15:08:46,006 [8a411a4f-0e32-4dd1-80b9-a797c2117425@group-9134F99A9F4A:LeaderElection261] INFO  impl.RoleInfo (RoleInfo.java:shutdownLeaderElection(134)) - 8a411a4f-0e32-4dd1-80b9-a797c2117425: shutdown LeaderElection
2019-09-26 15:08:46,006 [8a411a4f-0e32-4dd1-80b9-a797c2117425@group-815581757129:LeaderElection197] INFO  server.RaftServerConfigKeys (ConfUtils.java:logGet(43)) - raft.server.watch.timeout = 10s (default)
2019-09-26 15:08:46,006 [8a411a4f-0e32-4dd1-80b9-a797c2117425@group-4D95ED7A34E1:LeaderElection186] INFO  impl.RaftServerImpl (ServerState.java:setRaftConf(354)) - 8a411a4f-0e32-4dd1-80b9-a797c2117425@group-4D95ED7A34E1: set configuration 0: [8a411a4f-0e32-4dd1-80b9-a797c2117425:192.168.151.99:37125], old=null at 0
2019-09-26 15:08:46,006 [8a411a4f-0e32-4dd1-80b9-a797c2117425@group-AA1C07C3D689:LeaderElection260] INFO  impl.RoleInfo (RoleInfo.java:shutdownLeaderElection(134)) - 8a411a4f-0e32-4dd1-80b9-a797c2117425: shutdown LeaderElection
2019-09-26 15:08:46,002 [8a411a4f-0e32-4dd1-80b9-a797c2117425@group-7C9D8199E53A-SegmentedRaftLogWorker] ERROR segmented.SegmentedRaftLogWorker (SegmentedRaftLogWorker.java:run(323)) - 8a411a4f-0e32-4dd1-80b9-a797c2117425@group-7C9D8199E53A-SegmentedRaftLogWorker hit exception
java.lang.OutOfMemoryError: Direct buffer memory
	at java.nio.Bits.reserveMemory(Bits.java:666)
	at java.nio.DirectByteBuffer.<init>(DirectByteBuffer.java:123)
	at java.nio.ByteBuffer.allocateDirect(ByteBuffer.java:311)
	at org.apache.ratis.server.raftlog.segmented.BufferedWriteChannel.<init>(BufferedWriteChannel.java:41)
	at org.apache.ratis.server.raftlog.segmented.SegmentedRaftLogOutputStream.<init>(SegmentedRaftLogOutputStream.java:72)
	at org.apache.ratis.server.raftlog.segmented.SegmentedRaftLogWorker$StartLogSegment.execute(SegmentedRaftLogWorker.java:566)
	at org.apache.ratis.server.raftlog.segmented.SegmentedRaftLogWorker.run(SegmentedRaftLogWorker.java:289)
	at java.lang.Thread.run(Thread.java:748)
2019-09-26 15:08:45,997 [8a411a4f-0e32-4dd1-80b9-a797c2117425@group-282779247581:LeaderElection210] INFO  impl.RaftServerImpl (ServerState.java:setRaftConf(354)) - 8a411a4f-0e32-4dd1-80b9-a797c2117425@group-282779247581: set configuration 0: [8a411a4f-0e32-4dd1-80b9-a797c2117425:192.168.151.99:37125], old=null at 0
2019-09-26 15:08:45,997 [8a411a4f-0e32-4dd1-80b9-a797c2117425@group-AD41E9BABF33:LeaderElection189] INFO  impl.RaftServerImpl (ServerState.java:setRaftConf(354)) - 8a411a4f-0e32-4dd1-80b9-a797c2117425@group-AD41E9BABF33: set configuration 0: [8a411a4f-0e32-4dd1-80b9-a797c2117425:192.168.151.99:37125], old=null at 0
2019-09-26 15:08:45,997 [8a411a4f-0e32-4dd1-80b9-a797c2117425@group-34FCBFD36539:LeaderElection177] INFO  impl.RaftServerImpl (ServerState.java:setRaftConf(354)) - 8a411a4f-0e32-4dd1-80b9-a797c2117425@group-34FCBFD36539: set configuration 0: [8a411a4f-0e32-4dd1-80b9-a797c2117425:192.168.151.99:37125], old=null at 0
2019-09-26 15:08:45,996 [8a411a4f-0e32-4dd1-80b9-a797c2117425@group-464AB6351F7D:LeaderElection192] INFO  impl.RaftServerImpl (ServerState.java:setRaftConf(354)) - 8a411a4f-0e32-4dd1-80b9-a797c2117425@group-464AB6351F7D: set configuration 0: [8a411a4f-0e32-4dd1-80b9-a797c2117425:192.168.151.99:37125], old=null at 0
2019-09-26 15:08:45,996 [8a411a4f-0e32-4dd1-80b9-a797c2117425@group-FC1790118091:LeaderElection195] INFO  server.RaftServerConfigKeys (ConfUtils.java:logGet(43)) - raft.server.write.element-limit = 4096 (default)
2019-09-26 15:08:45,996 [8a411a4f-0e32-4dd1-80b9-a797c2117425@group-E5D9BD4A2B02:LeaderElection194] INFO  server.RaftServerConfigKeys (ConfUtils.java:logGet(43)) - raft.server.write.element-limit = 4096 (default)
2019-09-26 15:08:45,996 [8a411a4f-0e32-4dd1-80b9-a797c2117425@group-CD788BB93D49:LeaderElection196] INFO  server.RaftServerConfigKeys (ConfUtils.java:logGet(43)) - raft.server.write.element-limit = 4096 (default)
2019-09-26 15:08:45,996 [8a411a4f-0e32-4dd1-80b9-a797c2117425@group-E916E844E274:LeaderElection178] INFO  impl.RaftServerImpl (ServerState.java:setRaftConf(354)) - 8a411a4f-0e32-4dd1-80b9-a797c2117425@group-E916E844E274: set configuration 0: [8a411a4f-0e32-4dd1-80b9-a797c2117425:192.168.151.99:37125], old=null at 0
2019-09-26 15:08:45,996 [Thread-970] INFO  impl.RoleInfo (RoleInfo.java:updateAndGet(143)) - 8a411a4f-0e32-4dd1-80b9-a797c2117425: start LeaderElection
2019-09-26 15:08:45,996 [Thread-997] INFO  impl.RoleInfo (RoleInfo.java:updateAndGet(143)) - 8a411a4f-0e32-4dd1-80b9-a797c2117425: start LeaderElection
2019-09-26 15:08:45,996 [Thread-1385] INFO  impl.RoleInfo (RoleInfo.java:updateAndGet(143)) - 8a411a4f-0e32-4dd1-80b9-a797c2117425: start LeaderElection
2019-09-26 15:08:45,996 [8a411a4f-0e32-4dd1-80b9-a797c2117425@group-9FBC4F4584D8:LeaderElection193] INFO  server.RaftServerConfigKeys (ConfUtils.java:logGet(43)) - raft.server.write.element-limit = 4096 (default)
2019-09-26 15:08:45,996 [8a411a4f-0e32-4dd1-80b9-a797c2117425@group-08ECA622B824:LeaderElection200] INFO  server.RaftServerConfigKeys (ConfUtils.java:logGet(43)) - raft.server.write.element-limit = 4096 (default)
2019-09-26 15:08:47,094 [8a411a4f-0e32-4dd1-80b9-a797c2117425@group-08ECA622B824:LeaderElection200] INFO  server.RaftServerConfigKeys (ConfUtils.java:logGet(43)) - raft.server.watch.timeout = 10s (default)
2019-09-26 15:08:47,094 [8a411a4f-0e32-4dd1-80b9-a797c2117425@group-08ECA622B824:LeaderElection200] INFO  server.RaftServerConfigKeys (ConfUtils.java:logGet(43)) - raft.server.watch.timeout.denomination = 1s (default)
2019-09-26 15:08:47,094 [8a411a4f-0e32-4dd1-80b9-a797c2117425@group-08ECA622B824:LeaderElection200] INFO  server.RaftServerConfigKeys (ConfUtils.java:logGet(43)) - raft.server.watch.element-limit = 65536 (default)
2019-09-26 15:08:45,770 [8a411a4f-0e32-4dd1-80b9-a797c2117425@group-F516CA13D34C:LeaderElection205] INFO  server.RaftServerConfigKeys (ConfUtils.java:logGet(43)) - raft.server.write.element-limit = 4096 (default)
2019-09-26 15:08:45,770 [8a411a4f-0e32-4dd1-80b9-a797c2117425@group-4746F350A503:LeaderElection252] INFO  server.RaftServerConfigKeys (ConfUtils.java:logGet(43)) - raft.server.rpc.sleep.time = 25ms (default)
2019-09-26 15:08:45,770 [8a411a4f-0e32-4dd1-80b9-a797c2117425@group-2234F8D63BBB:LeaderElection211] INFO  server.RaftServerConfigKeys (ConfUtils.java:logGet(43)) - raft.server.write.element-limit = 4096 (default)
2019-09-26 15:08:45,770 [8a411a4f-0e32-4dd1-80b9-a797c2117425@group-E8F94CDE43C3:LeaderElection209] INFO  server.RaftServerConfigKeys (ConfUtils.java:logGet(43)) - raft.server.write.element-limit = 4096 (default)
2019-09-26 15:08:45,770 [8a411a4f-0e32-4dd1-80b9-a797c2117425@group-C0E431E566D9:LeaderElection207] INFO  server.RaftServerConfigKeys (ConfUtils.java:logGet(43)) - raft.server.write.element-limit = 4096 (default)
2019-09-26 15:08:45,770 [8a411a4f-0e32-4dd1-80b9-a797c2117425@group-7740B1DAF25C:LeaderElection212] INFO  server.RaftServerConfigKeys (ConfUtils.java:logGet(43)) - raft.server.watch.timeout = 10s (default)
2019-09-26 15:08:45,770 [8a411a4f-0e32-4dd1-80b9-a797c2117425@group-1E5C55F9AE7D:LeaderElection203] INFO  server.RaftServerConfigKeys (ConfUtils.java:logGet(43)) - raft.server.write.element-limit = 4096 (default)
2019-09-26 15:08:45,770 [8a411a4f-0e32-4dd1-80b9-a797c2117425@group-AF909D263E7A:LeaderElection171] INFO  impl.RaftServerImpl (ServerState.java:setRaftConf(354)) - 8a411a4f-0e32-4dd1-80b9-a797c2117425@group-AF909D263E7A: set configuration 0: [8a411a4f-0e32-4dd1-80b9-a797c2117425:192.168.151.99:37125], old=null at 0
2019-09-26 15:08:45,770 [8a411a4f-0e32-4dd1-80b9-a797c2117425@group-46ECC70944D4:LeaderElection234] INFO  server.RaftServerConfigKeys (ConfUtils.java:logGet(43)) - raft.server.write.element-limit = 4096 (default)
2019-09-26 15:08:45,770 [8a411a4f-0e32-4dd1-80b9-a797c2117425@group-78F806914167:LeaderElection238] INFO  server.RaftServerConfigKeys (ConfUtils.java:logGet(43)) - raft.server.write.element-limit = 4096 (default)
2019-09-26 15:08:45,770 [8a411a4f-0e32-4dd1-80b9-a797c2117425@group-19C985EAA9F4:LeaderElection247] INFO  server.RaftServerConfigKeys (ConfUtils.java:logGet(43)) - raft.server.write.element-limit = 4096 (default)
2019-09-26 15:08:45,770 [8a411a4f-0e32-4dd1-80b9-a797c2117425@group-C4458528C18D:LeaderElection199] INFO  server.RaftServerConfigKeys (ConfUtils.java:logGet(43)) - raft.server.write.element-limit = 4096 (default)
2019-09-26 15:08:45,770 [8a411a4f-0e32-4dd1-80b9-a797c2117425@group-9758B97C7A43:LeaderElection266] INFO  impl.RoleInfo (RoleInfo.java:shutdownLeaderElection(134)) - 8a411a4f-0e32-4dd1-80b9-a797c2117425: shutdown LeaderElection
2019-09-26 15:08:45,770 [8a411a4f-0e32-4dd1-80b9-a797c2117425@group-9B2ED3ACC3BA:LeaderElection201] INFO  server.RaftServerConfigKeys (ConfUtils.java:logGet(43)) - raft.server.write.element-limit = 4096 (default)
2019-09-26 15:08:45,770 [pool-27-thread-1] INFO  server.RaftServerConfigKeys (ConfUtils.java:logGet(43)) - raft.server.log.statemachine.data.caching.enabled = true (custom)
2019-09-26 15:08:45,770 [8a411a4f-0e32-4dd1-80b9-a797c2117425@group-56CC94C0701C:LeaderElection255] INFO  impl.RoleInfo (RoleInfo.java:shutdownLeaderElection(134)) - 8a411a4f-0e32-4dd1-80b9-a797c2117425: shutdown LeaderElection
2019-09-26 15:08:45,769 [8a411a4f-0e32-4dd1-80b9-a797c2117425@group-789513F6DACF:LeaderElection198] INFO  server.RaftServerConfigKeys (ConfUtils.java:logGet(43)) - raft.server.write.element-limit = 4096 (default)
2019-09-26 15:08:45,769 [8a411a4f-0e32-4dd1-80b9-a797c2117425@group-2F139598710B:LeaderElection215] INFO  server.RaftServerConfigKeys (ConfUtils.java:logGet(43)) - raft.server.write.element-limit = 4096 (default)
2019-09-26 15:08:45,769 [8a411a4f-0e32-4dd1-80b9-a797c2117425@group-9CAEA4046C8E:LeaderElection213] INFO  server.RaftServerConfigKeys (ConfUtils.java:logGet(43)) - raft.server.write.element-limit = 4096 (default)
2019-09-26 15:08:45,769 [8a411a4f-0e32-4dd1-80b9-a797c2117425@group-D6588462D619:LeaderElection259] INFO  impl.RaftServerImpl (RaftServerImpl.java:setRole(174)) - 8a411a4f-0e32-4dd1-80b9-a797c2117425@group-D6588462D619: changes role from CANDIDATE to LEADER at term 1 for changeToLeader
2019-09-26 15:08:45,769 [Thread-1037] INFO  impl.RoleInfo (RoleInfo.java:updateAndGet(143)) - 8a411a4f-0e32-4dd1-80b9-a797c2117425: start LeaderElection
2019-09-26 15:08:45,769 [Thread-1040] INFO  impl.RoleInfo (RoleInfo.java:updateAndGet(143)) - 8a411a4f-0e32-4dd1-80b9-a797c2117425: start LeaderElection
2019-09-26 15:08:45,769 [Thread-1033] INFO  impl.RoleInfo (RoleInfo.java:updateAndGet(143)) - 8a411a4f-0e32-4dd1-80b9-a797c2117425: start LeaderElection
2019-09-26 15:08:45,769 [8a411a4f-0e32-4dd1-80b9-a797c2117425@group-1BAA2484A192:LeaderElection245] INFO  server.RaftServerConfigKeys (ConfUtils.java:logGet(43)) - raft.server.rpc.sleep.time = 25ms (default)
2019-09-26 15:08:45,769 [8a411a4f-0e32-4dd1-80b9-a797c2117425@group-533E6FD97CDD:LeaderElection269] INFO  impl.RoleInfo (RoleInfo.java:shutdownLeaderElection(134)) - 8a411a4f-0e32-4dd1-80b9-a797c2117425: shutdown LeaderElection
2019-09-26 15:08:45,769 [Thread-1043] INFO  impl.RoleInfo (RoleInfo.java:updateAndGet(143)) - 8a411a4f-0e32-4dd1-80b9-a797c2117425: start LeaderElection
2019-09-26 15:08:45,769 [8a411a4f-0e32-4dd1-80b9-a797c2117425@group-5709F8A61C02:LeaderElection248] INFO  server.RaftServerConfigKeys (ConfUtils.java:logGet(43)) - raft.server.staging.catchup.gap = 1000 (default)
2019-09-26 15:08:45,769 [8a411a4f-0e32-4dd1-80b9-a797c2117425@group-56F119E5147E:LeaderElection241] INFO  server.RaftServerConfigKeys (ConfUtils.java:logGet(43)) - raft.server.write.element-limit = 4096 (default)
2019-09-26 15:08:45,769 [8a411a4f-0e32-4dd1-80b9-a797c2117425@group-72E1DE38373A:LeaderElection236] INFO  server.RaftServerConfigKeys (ConfUtils.java:logGet(43)) - raft.server.staging.catchup.gap = 1000 (default)
2019-09-26 15:08:45,769 [8a411a4f-0e32-4dd1-80b9-a797c2117425@group-FC1F641A5BB5:LeaderElection254] INFO  server.RaftServerConfigKeys (ConfUtils.java:logGet(43)) - raft.server.rpc.sleep.time = 25ms (default)
2019-09-26 15:08:45,769 [8a411a4f-0e32-4dd1-80b9-a797c2117425@group-53CD7F03AB35:LeaderElection253] INFO  server.RaftServerConfigKeys (ConfUtils.java:logGet(43)) - raft.server.staging.catchup.gap = 1000 (default)
2019-09-26 15:08:47,124 [8a411a4f-0e32-4dd1-80b9-a797c2117425@group-53CD7F03AB35:LeaderElection253] INFO  server.RaftServerConfigKeys (ConfUtils.java:logGet(43)) - raft.server.rpc.sleep.time = 25ms (default)
2019-09-26 15:08:45,768 [8a411a4f-0e32-4dd1-80b9-a797c2117425@group-CAAD3C9AE29A:LeaderElection237] INFO  server.RaftServerConfigKeys (ConfUtils.java:logGet(43)) - raft.server.rpc.sleep.time = 25ms (default)
2019-09-26 15:08:45,768 [8a411a4f-0e32-4dd1-80b9-a797c2117425@group-FF69114B1B03:LeaderElection257] INFO  impl.RaftServerImpl (ServerState.java:setLeader(253)) - 8a411a4f-0e32-4dd1-80b9-a797c2117425@group-FF69114B1B03: change Leader from null to 8a411a4f-0e32-4dd1-80b9-a797c2117425 at term 1 for becomeLeader, leader elected after 6889ms
2019-09-26 15:08:45,768 [8a411a4f-0e32-4dd1-80b9-a797c2117425@group-DE38E862BFA6:LeaderElection224] INFO  server.RaftServerConfigKeys (ConfUtils.java:logGet(43)) - raft.server.staging.catchup.gap = 1000 (default)
2019-09-26 15:08:45,768 [8a411a4f-0e32-4dd1-80b9-a797c2117425@group-FFBC1D88D468:LeaderElection220] INFO  impl.RaftServerImpl (ServerState.java:setLeader(253)) - 8a411a4f-0e32-4dd1-80b9-a797c2117425@group-FFBC1D88D468: change Leader from null to 8a411a4f-0e32-4dd1-80b9-a797c2117425 at term 1 for becomeLeader, leader elected after 7397ms
2019-09-26 15:08:45,768 [8a411a4f-0e32-4dd1-80b9-a797c2117425@group-AE0AA035EF40:LeaderElection228] INFO  impl.RaftServerImpl (ServerState.java:setLeader(253)) - 8a411a4f-0e32-4dd1-80b9-a797c2117425@group-AE0AA035EF40: change Leader from null to 8a411a4f-0e32-4dd1-80b9-a797c2117425 at term 1 for becomeLeader, leader elected after 8116ms
2019-09-26 15:08:45,768 [8a411a4f-0e32-4dd1-80b9-a797c2117425@group-817B3DD20E3E:LeaderElection219] INFO  impl.RaftServerImpl (ServerState.java:setLeader(253)) - 8a411a4f-0e32-4dd1-80b9-a797c2117425@group-817B3DD20E3E: change Leader from null to 8a411a4f-0e32-4dd1-80b9-a797c2117425 at term 1 for becomeLeader, leader elected after 7334ms
2019-09-26 15:08:45,768 [8a411a4f-0e32-4dd1-80b9-a797c2117425@group-797476ADB718:LeaderElection223] INFO  impl.RaftServerImpl (ServerState.java:setLeader(253)) - 8a411a4f-0e32-4dd1-80b9-a797c2117425@group-797476ADB718: change Leader from null to 8a411a4f-0e32-4dd1-80b9-a797c2117425 at term 1 for becomeLeader, leader elected after 7567ms
2019-09-26 15:08:45,768 [8a411a4f-0e32-4dd1-80b9-a797c2117425@group-FDA5C66D66D8:LeaderElection231] INFO  impl.RaftServerImpl (ServerState.java:setLeader(253)) - 8a411a4f-0e32-4dd1-80b9-a797c2117425@group-FDA5C66D66D8: change Leader from null to 8a411a4f-0e32-4dd1-80b9-a797c2117425 at term 1 for becomeLeader, leader elected after 7832ms
2019-09-26 15:08:45,768 [8a411a4f-0e32-4dd1-80b9-a797c2117425@group-3FF9DA04F6D3:LeaderElection243] INFO  server.RaftServerConfigKeys (ConfUtils.java:logGet(43)) - raft.server.staging.catchup.gap = 1000 (default)
2019-09-26 15:08:45,767 [8a411a4f-0e32-4dd1-80b9-a797c2117425@group-966319DBCAF8:LeaderElection230] INFO  server.RaftServerConfigKeys (ConfUtils.java:logGet(43)) - raft.server.rpc.sleep.time = 25ms (default)
2019-09-26 15:08:45,767 [8a411a4f-0e32-4dd1-80b9-a797c2117425@group-A06E2440B4E9-SegmentedRaftLogWorker] INFO  impl.PendingRequests (PendingRequests.java:sendNotLeaderResponses(202)) - 8a411a4f-0e32-4dd1-80b9-a797c2117425-PendingRequests: sendNotLeaderResponses
2019-09-26 15:08:45,767 [8a411a4f-0e32-4dd1-80b9-a797c2117425@group-A010A9011A71:LeaderElection270] INFO  server.RaftServerConfigKeys (ConfUtils.java:logGet(43)) - raft.server.staging.catchup.gap = 1000 (default)
2019-09-26 15:08:45,767 [8a411a4f-0e32-4dd1-80b9-a797c2117425@group-DA5E89A2DC85:LeaderElection265] INFO  impl.RaftServerImpl (ServerState.java:setLeader(253)) - 8a411a4f-0e32-4dd1-80b9-a797c2117425@group-DA5E89A2DC85: change Leader from null to 8a411a4f-0e32-4dd1-80b9-a797c2117425 at term 1 for becomeLeader, leader elected after 6927ms
2019-09-26 15:08:45,767 [8a411a4f-0e32-4dd1-80b9-a797c2117425@group-080076819465:LeaderElection222] INFO  impl.RaftServerImpl (ServerState.java:setLeader(253)) - 8a411a4f-0e32-4dd1-80b9-a797c2117425@group-080076819465: change Leader from null to 8a411a4f-0e32-4dd1-80b9-a797c2117425 at term 1 for becomeLeader, leader elected after 7720ms
2019-09-26 15:08:45,767 [8a411a4f-0e32-4dd1-80b9-a797c2117425@group-A085057DFB26:LeaderElection233] INFO  server.RaftServerConfigKeys (ConfUtils.java:logGet(43)) - raft.server.staging.catchup.gap = 1000 (default)
2019-09-26 15:08:45,766 [8a411a4f-0e32-4dd1-80b9-a797c2117425@group-D946C9146714:LeaderElection221] INFO  server.RaftServerConfigKeys (ConfUtils.java:logGet(43)) - raft.server.staging.catchup.gap = 1000 (default)
2019-09-26 15:08:45,766 [8a411a4f-0e32-4dd1-80b9-a797c2117425@group-C78D9C690071:LeaderElection232] INFO  impl.RaftServerImpl (ServerState.java:setLeader(253)) - 8a411a4f-0e32-4dd1-80b9-a797c2117425@group-C78D9C690071: change Leader from null to 8a411a4f-0e32-4dd1-80b9-a797c2117425 at term 1 for becomeLeader, leader elected after 6848ms
2019-09-26 15:08:45,766 [8a411a4f-0e32-4dd1-80b9-a797c2117425@group-4A3018D7CF99:LeaderElection218] INFO  impl.RaftServerImpl (ServerState.java:setLeader(253)) - 8a411a4f-0e32-4dd1-80b9-a797c2117425@group-4A3018D7CF99: change Leader from null to 8a411a4f-0e32-4dd1-80b9-a797c2117425 at term 1 for becomeLeader, leader elected after 7603ms
2019-09-26 15:08:45,766 [8a411a4f-0e32-4dd1-80b9-a797c2117425@group-5997EE45F5E1:LeaderElection227] INFO  server.RaftServerConfigKeys (ConfUtils.java:logGet(43)) - raft.server.staging.catchup.gap = 1000 (default)
2019-09-26 15:08:45,766 [8a411a4f-0e32-4dd1-80b9-a797c2117425@group-FEC7288BDF94:LeaderElection225] INFO  impl.RaftServerImpl (ServerState.java:setLeader(253)) - 8a411a4f-0e32-4dd1-80b9-a797c2117425@group-FEC7288BDF94: change Leader from null to 8a411a4f-0e32-4dd1-80b9-a797c2117425 at term 1 for becomeLeader, leader elected after 8073ms
2019-09-26 15:08:45,766 [8a411a4f-0e32-4dd1-80b9-a797c2117425@group-ACB2ABC0275F:LeaderElection226] INFO  server.RaftServerConfigKeys (ConfUtils.java:logGet(43)) - raft.server.staging.catchup.gap = 1000 (default)
2019-09-26 15:08:45,766 [8a411a4f-0e32-4dd1-80b9-a797c2117425@group-BF52FF77A681:LeaderElection229] INFO  impl.RaftServerImpl (ServerState.java:setLeader(253)) - 8a411a4f-0e32-4dd1-80b9-a797c2117425@group-BF52FF77A681: change Leader from null to 8a411a4f-0e32-4dd1-80b9-a797c2117425 at term 1 for becomeLeader, leader elected after 7940ms
2019-09-26 15:08:45,766 [8a411a4f-0e32-4dd1-80b9-a797c2117425@group-BF7801AC219F:LeaderElection250] INFO  server.RaftServerConfigKeys (ConfUtils.java:logGet(43)) - raft.server.staging.catchup.gap = 1000 (default)
2019-09-26 15:08:45,765 [8a411a4f-0e32-4dd1-80b9-a797c2117425@group-69E0C5198CB5:LeaderElection251] INFO  server.RaftServerConfigKeys (ConfUtils.java:logGet(43)) - raft.server.rpc.sleep.time = 25ms (default)
2019-09-26 15:08:45,765 [8a411a4f-0e32-4dd1-80b9-a797c2117425@group-BDE5A38AA11F:LeaderElection258] INFO  server.RaftServerConfigKeys (ConfUtils.java:logGet(43)) - raft.server.staging.catchup.gap = 1000 (default)
2019-09-26 15:08:45,765 [8a411a4f-0e32-4dd1-80b9-a797c2117425@group-953CCBC0A9E0:LeaderElection244] INFO  server.RaftServerConfigKeys (ConfUtils.java:logGet(43)) - raft.server.staging.catchup.gap = 1000 (default)
2019-09-26 15:08:45,765 [8a411a4f-0e32-4dd1-80b9-a797c2117425@group-884660014B94-SegmentedRaftLogWorker] INFO  impl.PendingRequests (PendingRequests.java:sendNotLeaderResponses(202)) - 8a411a4f-0e32-4dd1-80b9-a797c2117425-PendingRequests: sendNotLeaderResponses
2019-09-26 15:08:45,765 [8a411a4f-0e32-4dd1-80b9-a797c2117425@group-D2E29C0D0AAA-SegmentedRaftLogWorker] INFO  impl.StateMachineUpdater (StateMachineUpdater.java:stopAndJoin(125)) - 8a411a4f-0e32-4dd1-80b9-a797c2117425@group-D2E29C0D0AAA-StateMachineUpdater: set stopIndex = -1
2019-09-26 15:08:45,765 [8a411a4f-0e32-4dd1-80b9-a797c2117425@group-6DE3712AF134-SegmentedRaftLogWorker] INFO  impl.RoleInfo (RoleInfo.java:shutdownLeaderState(104)) - 8a411a4f-0e32-4dd1-80b9-a797c2117425: shutdown LeaderState
2019-09-26 15:08:45,765 [8a411a4f-0e32-4dd1-80b9-a797c2117425@group-3AAC4688A9E6-SegmentedRaftLogWorker] INFO  impl.RoleInfo (RoleInfo.java:shutdownLeaderState(104)) - 8a411a4f-0e32-4dd1-80b9-a797c2117425: shutdown LeaderState
2019-09-26 15:08:45,765 [8a411a4f-0e32-4dd1-80b9-a797c2117425@group-8C4965DA48D4:LeaderElection264] INFO  impl.RaftServerImpl (ServerState.java:setLeader(253)) - 8a411a4f-0e32-4dd1-80b9-a797c2117425@group-8C4965DA48D4: change Leader from null to 8a411a4f-0e32-4dd1-80b9-a797c2117425 at term 1 for becomeLeader, leader elected after 7046ms
2019-09-26 15:08:45,764 [8a411a4f-0e32-4dd1-80b9-a797c2117425@group-00BC2B0139A4:LeaderElection217] INFO  impl.RaftServerImpl (ServerState.java:setLeader(253)) - 8a411a4f-0e32-4dd1-80b9-a797c2117425@group-00BC2B0139A4: change Leader from null to 8a411a4f-0e32-4dd1-80b9-a797c2117425 at term 1 for becomeLeader, leader elected after 9381ms
2019-09-26 15:08:45,764 [8a411a4f-0e32-4dd1-80b9-a797c2117425@group-43557E0D0B54:LeaderElection204] INFO  server.RaftServerConfigKeys (ConfUtils.java:logGet(43)) - raft.server.rpc.sleep.time = 25ms (default)
2019-09-26 15:08:45,764 [8a411a4f-0e32-4dd1-80b9-a797c2117425@group-CA9544AD4330:LeaderElection216] INFO  server.RaftServerConfigKeys (ConfUtils.java:logGet(43)) - raft.server.rpc.sleep.time = 25ms (default)
2019-09-26 15:08:45,764 [8a411a4f-0e32-4dd1-80b9-a797c2117425@group-338C79B436FD-SegmentedRaftLogWorker] INFO  segmented.SegmentedRaftLogWorker (SegmentedRaftLogWorker.java:close(228)) - 8a411a4f-0e32-4dd1-80b9-a797c2117425@group-338C79B436FD-SegmentedRaftLogWorker close()
2019-09-26 15:08:45,763 [8a411a4f-0e32-4dd1-80b9-a797c2117425@group-938D56FE126F-SegmentedRaftLogWorker] INFO  impl.StateMachineUpdater (StateMachineUpdater.java:stopAndJoin(125)) - 8a411a4f-0e32-4dd1-80b9-a797c2117425@group-938D56FE126F-StateMachineUpdater: set stopIndex = -1
2019-09-26 15:08:47,134 [8a411a4f-0e32-4dd1-80b9-a797c2117425@group-938D56FE126F-SegmentedRaftLogWorker] INFO  impl.RaftServerImpl (ServerState.java:close(385)) - 8a411a4f-0e32-4dd1-80b9-a797c2117425@group-938D56FE126F: closes. applyIndex: -1
2019-09-26 15:08:45,763 [8a411a4f-0e32-4dd1-80b9-a797c2117425@group-24E75438A6C2-SegmentedRaftLogWorker] INFO  impl.StateMachineUpdater (StateMachineUpdater.java:stopAndJoin(125)) - 8a411a4f-0e32-4dd1-80b9-a797c2117425@group-24E75438A6C2-StateMachineUpdater: set stopIndex = -1
2019-09-26 15:08:47,134 [8a411a4f-0e32-4dd1-80b9-a797c2117425@group-938D56FE126F-SegmentedRaftLogWorker] INFO  segmented.SegmentedRaftLogWorker (SegmentedRaftLogWorker.java:close(228)) - 8a411a4f-0e32-4dd1-80b9-a797c2117425@group-938D56FE126F-SegmentedRaftLogWorker close()
2019-09-26 15:08:45,763 [8a411a4f-0e32-4dd1-80b9-a797c2117425@group-ACFFAC7539DC-SegmentedRaftLogWorker] INFO  segmented.SegmentedRaftLogWorker (SegmentedRaftLogWorker.java:close(228)) - 8a411a4f-0e32-4dd1-80b9-a797c2117425@group-ACFFAC7539DC-SegmentedRaftLogWorker close()
2019-09-26 15:08:47,134 [8a411a4f-0e32-4dd1-80b9-a797c2117425@group-24E75438A6C2-SegmentedRaftLogWorker] INFO  impl.RaftServerImpl (ServerState.java:close(385)) - 8a411a4f-0e32-4dd1-80b9-a797c2117425@group-24E75438A6C2: closes. applyIndex: -1
2019-09-26 15:08:47,128 [8a411a4f-0e32-4dd1-80b9-a797c2117425@group-CA9544AD4330:LeaderElection216] INFO  server.RaftServerConfigKeys (ConfUtils.java:logGet(43)) - raft.server.write.element-limit = 4096 (default)
2019-09-26 15:08:47,128 [8a411a4f-0e32-4dd1-80b9-a797c2117425@group-43557E0D0B54:LeaderElection204] INFO  server.RaftServerConfigKeys (ConfUtils.java:logGet(43)) - raft.server.write.element-limit = 4096 (default)
2019-09-26 15:08:47,128 [8a411a4f-0e32-4dd1-80b9-a797c2117425@group-00BC2B0139A4:LeaderElection217] INFO  server.RaftServerConfigKeys (ConfUtils.java:logGet(43)) - raft.server.staging.catchup.gap = 1000 (default)
2019-09-26 15:08:47,128 [8a411a4f-0e32-4dd1-80b9-a797c2117425@group-8C4965DA48D4:LeaderElection264] INFO  server.RaftServerConfigKeys (ConfUtils.java:logGet(43)) - raft.server.staging.catchup.gap = 1000 (default)
2019-09-26 15:08:47,128 [8a411a4f-0e32-4dd1-80b9-a797c2117425@group-3AAC4688A9E6-SegmentedRaftLogWorker] INFO  impl.PendingRequests (PendingRequests.java:sendNotLeaderResponses(202)) - 8a411a4f-0e32-4dd1-80b9-a797c2117425-PendingRequests: sendNotLeaderResponses
2019-09-26 15:08:47,127 [8a411a4f-0e32-4dd1-80b9-a797c2117425@group-6DE3712AF134-SegmentedRaftLogWorker] INFO  impl.PendingRequests (PendingRequests.java:sendNotLeaderResponses(202)) - 8a411a4f-0e32-4dd1-80b9-a797c2117425-PendingRequests: sendNotLeaderResponses
2019-09-26 15:08:47,127 [8a411a4f-0e32-4dd1-80b9-a797c2117425@group-D2E29C0D0AAA-SegmentedRaftLogWorker] INFO  impl.RaftServerImpl (ServerState.java:close(385)) - 8a411a4f-0e32-4dd1-80b9-a797c2117425@group-D2E29C0D0AAA: closes. applyIndex: -1
2019-09-26 15:08:47,127 [8a411a4f-0e32-4dd1-80b9-a797c2117425@group-884660014B94-SegmentedRaftLogWorker] INFO  impl.StateMachineUpdater (StateMachineUpdater.java:stopAndJoin(125)) - 8a411a4f-0e32-4dd1-80b9-a797c2117425@group-884660014B94-StateMachineUpdater: set stopIndex = -1
2019-09-26 15:08:47,127 [8a411a4f-0e32-4dd1-80b9-a797c2117425@group-953CCBC0A9E0:LeaderElection244] INFO  server.RaftServerConfigKeys (ConfUtils.java:logGet(43)) - raft.server.rpc.sleep.time = 25ms (default)
2019-09-26 15:08:47,127 [8a411a4f-0e32-4dd1-80b9-a797c2117425@group-BDE5A38AA11F:LeaderElection258] INFO  server.RaftServerConfigKeys (ConfUtils.java:logGet(43)) - raft.server.rpc.sleep.time = 25ms (default)
2019-09-26 15:08:47,127 [8a411a4f-0e32-4dd1-80b9-a797c2117425@group-69E0C5198CB5:LeaderElection251] INFO  server.RaftServerConfigKeys (ConfUtils.java:logGet(43)) - raft.server.write.element-limit = 4096 (default)
2019-09-26 15:08:47,127 [8a411a4f-0e32-4dd1-80b9-a797c2117425@group-BF7801AC219F:LeaderElection250] INFO  server.RaftServerConfigKeys (ConfUtils.java:logGet(43)) - raft.server.rpc.sleep.time = 25ms (default)
2019-09-26 15:08:47,127 [8a411a4f-0e32-4dd1-80b9-a797c2117425@group-BF52FF77A681:LeaderElection229] INFO  server.RaftServerConfigKeys (ConfUtils.java:logGet(43)) - raft.server.staging.catchup.gap = 1000 (default)
2019-09-26 15:08:47,126 [8a411a4f-0e32-4dd1-80b9-a797c2117425@group-ACB2ABC0275F:LeaderElection226] INFO  server.RaftServerConfigKeys (ConfUtils.java:logGet(43)) - raft.server.rpc.sleep.time = 25ms (default)
2019-09-26 15:08:47,126 [8a411a4f-0e32-4dd1-80b9-a797c2117425@group-FEC7288BDF94:LeaderElection225] INFO  server.RaftServerConfigKeys (ConfUtils.java:logGet(43)) - raft.server.staging.catchup.gap = 1000 (default)
2019-09-26 15:08:47,126 [8a411a4f-0e32-4dd1-80b9-a797c2117425@group-5997EE45F5E1:LeaderElection227] INFO  server.RaftServerConfigKeys (ConfUtils.java:logGet(43)) - raft.server.rpc.sleep.time = 25ms (default)
2019-09-26 15:08:47,126 [8a411a4f-0e32-4dd1-80b9-a797c2117425@group-4A3018D7CF99:LeaderElection218] INFO  server.RaftServerConfigKeys (ConfUtils.java:logGet(43)) - raft.server.staging.catchup.gap = 1000 (default)
2019-09-26 15:08:47,126 [8a411a4f-0e32-4dd1-80b9-a797c2117425@group-C78D9C690071:LeaderElection232] INFO  server.RaftServerConfigKeys (ConfUtils.java:logGet(43)) - raft.server.staging.catchup.gap = 1000 (default)
2019-09-26 15:08:47,126 [8a411a4f-0e32-4dd1-80b9-a797c2117425@group-D946C9146714:LeaderElection221] INFO  server.RaftServerConfigKeys (ConfUtils.java:logGet(43)) - raft.server.rpc.sleep.time = 25ms (default)
2019-09-26 15:08:47,126 [8a411a4f-0e32-4dd1-80b9-a797c2117425@group-A085057DFB26:LeaderElection233] INFO  server.RaftServerConfigKeys (ConfUtils.java:logGet(43)) - raft.server.rpc.sleep.time = 25ms (default)
2019-09-26 15:08:47,126 [8a411a4f-0e32-4dd1-80b9-a797c2117425@group-080076819465:LeaderElection222] INFO  server.RaftServerConfigKeys (ConfUtils.java:logGet(43)) - raft.server.staging.catchup.gap = 1000 (default)
2019-09-26 15:08:47,126 [8a411a4f-0e32-4dd1-80b9-a797c2117425@group-DA5E89A2DC85:LeaderElection265] INFO  server.RaftServerConfigKeys (ConfUtils.java:logGet(43)) - raft.server.staging.catchup.gap = 1000 (default)
2019-09-26 15:08:47,125 [8a411a4f-0e32-4dd1-80b9-a797c2117425@group-A010A9011A71:LeaderElection270] INFO  server.RaftServerConfigKeys (ConfUtils.java:logGet(43)) - raft.server.rpc.sleep.time = 25ms (default)
2019-09-26 15:08:47,125 [8a411a4f-0e32-4dd1-80b9-a797c2117425@group-A06E2440B4E9-SegmentedRaftLogWorker] INFO  impl.StateMachineUpdater (StateMachineUpdater.java:stopAndJoin(125)) - 8a411a4f-0e32-4dd1-80b9-a797c2117425@group-A06E2440B4E9-StateMachineUpdater: set stopIndex = -1
2019-09-26 15:08:47,159 [8a411a4f-0e32-4dd1-80b9-a797c2117425@group-A06E2440B4E9-SegmentedRaftLogWorker] INFO  impl.RaftServerImpl (ServerState.java:close(385)) - 8a411a4f-0e32-4dd1-80b9-a797c2117425@group-A06E2440B4E9: closes. applyIndex: -1
2019-09-26 15:08:47,125 [8a411a4f-0e32-4dd1-80b9-a797c2117425@group-966319DBCAF8:LeaderElection230] INFO  server.RaftServerConfigKeys (ConfUtils.java:logGet(43)) - raft.server.write.element-limit = 4096 (default)
2019-09-26 15:08:47,125 [8a411a4f-0e32-4dd1-80b9-a797c2117425@group-3FF9DA04F6D3:LeaderElection243] INFO  server.RaftServerConfigKeys (ConfUtils.java:logGet(43)) - raft.server.rpc.sleep.time = 25ms (default)
2019-09-26 15:08:47,125 [8a411a4f-0e32-4dd1-80b9-a797c2117425@group-FDA5C66D66D8:LeaderElection231] INFO  server.RaftServerConfigKeys (ConfUtils.java:logGet(43)) - raft.server.staging.catchup.gap = 1000 (default)
2019-09-26 15:08:47,159 [8a411a4f-0e32-4dd1-80b9-a797c2117425@group-FDA5C66D66D8:LeaderElection231] INFO  server.RaftServerConfigKeys (ConfUtils.java:logGet(43)) - raft.server.rpc.sleep.time = 25ms (default)
2019-09-26 15:08:47,125 [8a411a4f-0e32-4dd1-80b9-a797c2117425@group-797476ADB718:LeaderElection223] INFO  server.RaftServerConfigKeys (ConfUtils.java:logGet(43)) - raft.server.staging.catchup.gap = 1000 (default)
2019-09-26 15:08:47,125 [8a411a4f-0e32-4dd1-80b9-a797c2117425@group-817B3DD20E3E:LeaderElection219] INFO  server.RaftServerConfigKeys (ConfUtils.java:logGet(43)) - raft.server.staging.catchup.gap = 1000 (default)
2019-09-26 15:08:47,125 [8a411a4f-0e32-4dd1-80b9-a797c2117425@group-AE0AA035EF40:LeaderElection228] INFO  server.RaftServerConfigKeys (ConfUtils.java:logGet(43)) - raft.server.staging.catchup.gap = 1000 (default)
2019-09-26 15:08:47,125 [8a411a4f-0e32-4dd1-80b9-a797c2117425@group-FFBC1D88D468:LeaderElection220] INFO  server.RaftServerConfigKeys (ConfUtils.java:logGet(43)) - raft.server.staging.catchup.gap = 1000 (default)
2019-09-26 15:08:47,124 [8a411a4f-0e32-4dd1-80b9-a797c2117425@group-DE38E862BFA6:LeaderElection224] INFO  server.RaftServerConfigKeys (ConfUtils.java:logGet(43)) - raft.server.rpc.sleep.time = 25ms (default)
2019-09-26 15:08:47,124 [8a411a4f-0e32-4dd1-80b9-a797c2117425@group-FF69114B1B03:LeaderElection257] INFO  server.RaftServerConfigKeys (ConfUtils.java:logGet(43)) - raft.server.staging.catchup.gap = 1000 (default)
2019-09-26 15:08:47,124 [8a411a4f-0e32-4dd1-80b9-a797c2117425@group-CAAD3C9AE29A:LeaderElection237] INFO  server.RaftServerConfigKeys (ConfUtils.java:logGet(43)) - raft.server.write.element-limit = 4096 (default)
2019-09-26 15:08:47,124 [8a411a4f-0e32-4dd1-80b9-a797c2117425@group-FC1F641A5BB5:LeaderElection254] INFO  server.RaftServerConfigKeys (ConfUtils.java:logGet(43)) - raft.server.write.element-limit = 4096 (default)
2019-09-26 15:08:47,124 [8a411a4f-0e32-4dd1-80b9-a797c2117425@group-53CD7F03AB35:LeaderElection253] INFO  server.RaftServerConfigKeys (ConfUtils.java:logGet(43)) - raft.server.write.element-limit = 4096 (default)
2019-09-26 15:08:47,123 [8a411a4f-0e32-4dd1-80b9-a797c2117425@group-72E1DE38373A:LeaderElection236] INFO  server.RaftServerConfigKeys (ConfUtils.java:logGet(43)) - raft.server.rpc.sleep.time = 25ms (default)
2019-09-26 15:08:47,123 [8a411a4f-0e32-4dd1-80b9-a797c2117425@group-56F119E5147E:LeaderElection241] INFO  server.RaftServerConfigKeys (ConfUtils.java:logGet(43)) - raft.server.watch.timeout = 10s (default)
2019-09-26 15:08:47,123 [8a411a4f-0e32-4dd1-80b9-a797c2117425@group-5709F8A61C02:LeaderElection248] INFO  server.RaftServerConfigKeys (ConfUtils.java:logGet(43)) - raft.server.rpc.sleep.time = 25ms (default)
2019-09-26 15:08:47,123 [8a411a4f-0e32-4dd1-80b9-a797c2117425@group-533E6FD97CDD:LeaderElection269] INFO  impl.RaftServerImpl (RaftServerImpl.java:setRole(174)) - 8a411a4f-0e32-4dd1-80b9-a797c2117425@group-533E6FD97CDD: changes role from CANDIDATE to LEADER at term 1 for changeToLeader
2019-09-26 15:08:47,123 [8a411a4f-0e32-4dd1-80b9-a797c2117425@group-1BAA2484A192:LeaderElection245] INFO  server.RaftServerConfigKeys (ConfUtils.java:logGet(43)) - raft.server.write.element-limit = 4096 (default)
2019-09-26 15:08:47,122 [8a411a4f-0e32-4dd1-80b9-a797c2117425@group-D6588462D619:LeaderElection259] INFO  impl.RaftServerImpl (ServerState.java:setLeader(253)) - 8a411a4f-0e32-4dd1-80b9-a797c2117425@group-D6588462D619: change Leader from null to 8a411a4f-0e32-4dd1-80b9-a797c2117425 at term 1 for becomeLeader, leader elected after 8065ms
2019-09-26 15:08:47,122 [8a411a4f-0e32-4dd1-80b9-a797c2117425@group-9CAEA4046C8E:LeaderElection213] INFO  server.RaftServerConfigKeys (ConfUtils.java:logGet(43)) - raft.server.watch.timeout = 10s (default)
2019-09-26 15:08:47,122 [8a411a4f-0e32-4dd1-80b9-a797c2117425@group-2F139598710B:LeaderElection215] INFO  server.RaftServerConfigKeys (ConfUtils.java:logGet(43)) - raft.server.watch.timeout = 10s (default)
2019-09-26 15:08:47,122 [8a411a4f-0e32-4dd1-80b9-a797c2117425@group-789513F6DACF:LeaderElection198] INFO  server.RaftServerConfigKeys (ConfUtils.java:logGet(43)) - raft.server.watch.timeout = 10s (default)
2019-09-26 15:08:47,122 [pool-27-thread-1] INFO  segmented.SegmentedRaftLogWorker (SegmentedRaftLogWorker.java:lambda$new$0(132)) - 8a411a4f-0e32-4dd1-80b9-a797c2117425@group-D2B1D6C9CED8-SegmentedRaftLogWorker: flushIndex: setUnconditionally 0 -> -1
2019-09-26 15:08:47,122 [8a411a4f-0e32-4dd1-80b9-a797c2117425@group-56CC94C0701C:LeaderElection255] INFO  impl.RaftServerImpl (RaftServerImpl.java:setRole(174)) - 8a411a4f-0e32-4dd1-80b9-a797c2117425@group-56CC94C0701C: changes role from CANDIDATE to LEADER at term 1 for changeToLeader
2019-09-26 15:08:47,121 [8a411a4f-0e32-4dd1-80b9-a797c2117425@group-9B2ED3ACC3BA:LeaderElection201] INFO  server.RaftServerConfigKeys (ConfUtils.java:logGet(43)) - raft.server.watch.timeout = 10s (default)
2019-09-26 15:08:47,121 [8a411a4f-0e32-4dd1-80b9-a797c2117425@group-9758B97C7A43:LeaderElection266] INFO  impl.RaftServerImpl (RaftServerImpl.java:setRole(174)) - 8a411a4f-0e32-4dd1-80b9-a797c2117425@group-9758B97C7A43: changes role from CANDIDATE to LEADER at term 1 for changeToLeader
2019-09-26 15:08:47,161 [8a411a4f-0e32-4dd1-80b9-a797c2117425@group-9758B97C7A43:LeaderElection266] INFO  impl.RaftServerImpl (ServerState.java:setLeader(253)) - 8a411a4f-0e32-4dd1-80b9-a797c2117425@group-9758B97C7A43: change Leader from null to 8a411a4f-0e32-4dd1-80b9-a797c2117425 at term 1 for becomeLeader, leader elected after 8679ms
2019-09-26 15:08:47,121 [8a411a4f-0e32-4dd1-80b9-a797c2117425@group-C4458528C18D:LeaderElection199] INFO  server.RaftServerConfigKeys (ConfUtils.java:logGet(43)) - raft.server.watch.timeout = 10s (default)
2019-09-26 15:08:47,121 [8a411a4f-0e32-4dd1-80b9-a797c2117425@group-19C985EAA9F4:LeaderElection247] INFO  server.RaftServerConfigKeys (ConfUtils.java:logGet(43)) - raft.server.watch.timeout = 10s (default)
2019-09-26 15:08:47,121 [8a411a4f-0e32-4dd1-80b9-a797c2117425@group-78F806914167:LeaderElection238] INFO  server.RaftServerConfigKeys (ConfUtils.java:logGet(43)) - raft.server.watch.timeout = 10s (default)
2019-09-26 15:08:47,121 [8a411a4f-0e32-4dd1-80b9-a797c2117425@group-46ECC70944D4:LeaderElection234] INFO  server.RaftServerConfigKeys (ConfUtils.java:logGet(43)) - raft.server.watch.timeout = 10s (default)
2019-09-26 15:08:47,121 [8a411a4f-0e32-4dd1-80b9-a797c2117425@group-4746F350A503:LeaderElection252] INFO  server.RaftServerConfigKeys (ConfUtils.java:logGet(43)) - raft.server.write.element-limit = 4096 (default)
2019-09-26 15:08:47,121 [8a411a4f-0e32-4dd1-80b9-a797c2117425@group-1E5C55F9AE7D:LeaderElection203] INFO  server.RaftServerConfigKeys (ConfUtils.java:logGet(43)) - raft.server.watch.timeout = 10s (default)
2019-09-26 15:08:47,162 [8a411a4f-0e32-4dd1-80b9-a797c2117425@group-1E5C55F9AE7D:LeaderElection203] INFO  server.RaftServerConfigKeys (ConfUtils.java:logGet(43)) - raft.server.watch.timeout.denomination = 1s (default)
2019-09-26 15:08:47,120 [8a411a4f-0e32-4dd1-80b9-a797c2117425@group-7740B1DAF25C:LeaderElection212] INFO  server.RaftServerConfigKeys (ConfUtils.java:logGet(43)) - raft.server.watch.timeout.denomination = 1s (default)
2019-09-26 15:08:47,120 [8a411a4f-0e32-4dd1-80b9-a797c2117425@group-C0E431E566D9:LeaderElection207] INFO  server.RaftServerConfigKeys (ConfUtils.java:logGet(43)) - raft.server.watch.timeout = 10s (default)
2019-09-26 15:08:47,120 [8a411a4f-0e32-4dd1-80b9-a797c2117425@group-E8F94CDE43C3:LeaderElection209] INFO  server.RaftServerConfigKeys (ConfUtils.java:logGet(43)) - raft.server.watch.timeout = 10s (default)
2019-09-26 15:08:47,120 [8a411a4f-0e32-4dd1-80b9-a797c2117425@group-2234F8D63BBB:LeaderElection211] INFO  server.RaftServerConfigKeys (ConfUtils.java:logGet(43)) - raft.server.watch.timeout = 10s (default)
2019-09-26 15:08:47,120 [8a411a4f-0e32-4dd1-80b9-a797c2117425@group-F516CA13D34C:LeaderElection205] INFO  server.RaftServerConfigKeys (ConfUtils.java:logGet(43)) - raft.server.watch.timeout = 10s (default)
2019-09-26 15:08:47,104 [EventQueue-ContainerReportForContainerReportHandler] WARN  container.ContainerReportHandler (AbstractContainerReportHandler.java:updateContainerState(143)) - Container #1 is in OPEN state, but the datanode 8a411a4f-0e32-4dd1-80b9-a797c2117425{ip: 192.168.151.99, host: pr-hdds-1569-g6sp5-2013761785, networkLocation: /default-rack, certSerialId: null} reports an CLOSED replica.
2019-09-26 15:08:47,094 [8a411a4f-0e32-4dd1-80b9-a797c2117425@group-9FBC4F4584D8:LeaderElection193] INFO  server.RaftServerConfigKeys (ConfUtils.java:logGet(43)) - raft.server.watch.timeout = 10s (default)
2019-09-26 15:08:47,093 [8a411a4f-0e32-4dd1-80b9-a797c2117425@group-CD788BB93D49:LeaderElection196] INFO  server.RaftServerConfigKeys (ConfUtils.java:logGet(43)) - raft.server.watch.timeout = 10s (default)
2019-09-26 15:08:47,093 [8a411a4f-0e32-4dd1-80b9-a797c2117425@group-E5D9BD4A2B02:LeaderElection194] INFO  server.RaftServerConfigKeys (ConfUtils.java:logGet(43)) - raft.server.watch.timeout = 10s (default)
2019-09-26 15:08:47,093 [8a411a4f-0e32-4dd1-80b9-a797c2117425@group-FC1790118091:LeaderElection195] INFO  server.RaftServerConfigKeys (ConfUtils.java:logGet(43)) - raft.server.watch.timeout = 10s (default)
2019-09-26 15:08:47,092 [8a411a4f-0e32-4dd1-80b9-a797c2117425@group-7C9D8199E53A-SegmentedRaftLogWorker] INFO  impl.RaftServerImpl (RaftServerImpl.java:lambda$shutdown$3(251)) - 8a411a4f-0e32-4dd1-80b9-a797c2117425@group-7C9D8199E53A: shutdown
2019-09-26 15:08:47,092 [8a411a4f-0e32-4dd1-80b9-a797c2117425@group-AA1C07C3D689:LeaderElection260] INFO  impl.RaftServerImpl (RaftServerImpl.java:setRole(174)) - 8a411a4f-0e32-4dd1-80b9-a797c2117425@group-AA1C07C3D689: changes role from CANDIDATE to LEADER at term 1 for changeToLeader
2019-09-26 15:08:47,163 [8a411a4f-0e32-4dd1-80b9-a797c2117425@group-1955C9B62640:LeaderElection202] INFO  impl.RoleInfo (RoleInfo.java:updateAndGet(143)) - 8a411a4f-0e32-4dd1-80b9-a797c2117425: start LeaderState
2019-09-26 15:08:47,092 [8a411a4f-0e32-4dd1-80b9-a797c2117425@group-815581757129:LeaderElection197] INFO  server.RaftServerConfigKeys (ConfUtils.java:logGet(43)) - raft.server.watch.timeout.denomination = 1s (default)
2019-09-26 15:08:47,092 [8a411a4f-0e32-4dd1-80b9-a797c2117425@group-9134F99A9F4A:LeaderElection261] INFO  impl.RaftServerImpl (RaftServerImpl.java:setRole(174)) - 8a411a4f-0e32-4dd1-80b9-a797c2117425@group-9134F99A9F4A: changes role from CANDIDATE to LEADER at term 1 for changeToLeader
2019-09-26 15:08:47,092 [8a411a4f-0e32-4dd1-80b9-a797c2117425@group-6A12D702F30C:LeaderElection267] INFO  impl.RaftServerImpl (RaftServerImpl.java:setRole(174)) - 8a411a4f-0e32-4dd1-80b9-a797c2117425@group-6A12D702F30C: changes role from CANDIDATE to LEADER at term 1 for changeToLeader
2019-09-26 15:08:47,092 [8a411a4f-0e32-4dd1-80b9-a797c2117425@group-2AD62173610F:LeaderElection263] INFO  server.RaftServerConfigKeys (ConfUtils.java:logGet(43)) - raft.server.staging.catchup.gap = 1000 (default)
2019-09-26 15:08:47,091 [8a411a4f-0e32-4dd1-80b9-a797c2117425@group-D5C2E6A1B48A:LeaderElection262] INFO  impl.RaftServerImpl (RaftServerImpl.java:setRole(174)) - 8a411a4f-0e32-4dd1-80b9-a797c2117425@group-D5C2E6A1B48A: changes role from CANDIDATE to LEADER at term 1 for changeToLeader
2019-09-26 15:08:47,164 [8a411a4f-0e32-4dd1-80b9-a797c2117425@group-D5C2E6A1B48A:LeaderElection262] INFO  impl.RaftServerImpl (ServerState.java:setLeader(253)) - 8a411a4f-0e32-4dd1-80b9-a797c2117425@group-D5C2E6A1B48A: change Leader from null to 8a411a4f-0e32-4dd1-80b9-a797c2117425 at term 1 for becomeLeader, leader elected after 8394ms
2019-09-26 15:08:47,091 [8a411a4f-0e32-4dd1-80b9-a797c2117425@group-08B3FA40B821:LeaderElection268] INFO  impl.RaftServerImpl (RaftServerImpl.java:setRole(174)) - 8a411a4f-0e32-4dd1-80b9-a797c2117425@group-08B3FA40B821: changes role from CANDIDATE to LEADER at term 1 for changeToLeader
2019-09-26 15:08:47,091 [8a411a4f-0e32-4dd1-80b9-a797c2117425@group-8700CBCF3B52:LeaderElection240] INFO  server.RaftServerConfigKeys (ConfUtils.java:logGet(43)) - raft.server.watch.timeout = 10s (default)
2019-09-26 15:08:47,164 [8a411a4f-0e32-4dd1-80b9-a797c2117425@group-8700CBCF3B52:LeaderElection240] INFO  server.RaftServerConfigKeys (ConfUtils.java:logGet(43)) - raft.server.watch.timeout.denomination = 1s (default)
2019-09-26 15:08:47,091 [8a411a4f-0e32-4dd1-80b9-a797c2117425@group-A5B80CCFC499:LeaderElection246] INFO  server.RaftServerConfigKeys (ConfUtils.java:logGet(43)) - raft.server.write.element-limit = 4096 (default)
2019-09-26 15:08:47,091 [8a411a4f-0e32-4dd1-80b9-a797c2117425@group-5915C1BC536E:LeaderElection206] INFO  server.RaftServerConfigKeys (ConfUtils.java:logGet(43)) - raft.server.watch.timeout = 10s (default)
2019-09-26 15:08:47,091 [8a411a4f-0e32-4dd1-80b9-a797c2117425@group-D65568051C37:LeaderElection235] INFO  server.RaftServerConfigKeys (ConfUtils.java:logGet(43)) - raft.server.rpc.sleep.time = 25ms (default)
2019-09-26 15:08:47,164 [8a411a4f-0e32-4dd1-80b9-a797c2117425@group-D864432FC37C:LeaderElection239] INFO  impl.RoleInfo (RoleInfo.java:updateAndGet(143)) - 8a411a4f-0e32-4dd1-80b9-a797c2117425: start LeaderState
2019-09-26 15:08:47,091 [8a411a4f-0e32-4dd1-80b9-a797c2117425@group-3C71898FAFED:LeaderElection208] INFO  server.RaftServerConfigKeys (ConfUtils.java:logGet(43)) - raft.server.watch.timeout = 10s (default)
2019-09-26 15:08:47,090 [8a411a4f-0e32-4dd1-80b9-a797c2117425@group-D2571D42C563:LeaderElection256] INFO  server.RaftServerConfigKeys (ConfUtils.java:logGet(43)) - raft.server.rpc.sleep.time = 25ms (default)
2019-09-26 15:08:47,164 [8a411a4f-0e32-4dd1-80b9-a797c2117425@group-3C71898FAFED:LeaderElection208] INFO  server.RaftServerConfigKeys (ConfUtils.java:logGet(43)) - raft.server.watch.timeout.denomination = 1s (default)
2019-09-26 15:08:47,164 [8a411a4f-0e32-4dd1-80b9-a797c2117425@group-D864432FC37C:LeaderElection239] INFO  segmented.SegmentedRaftLogWorker (SegmentedRaftLogWorker.java:startLogSegment(380)) - 8a411a4f-0e32-4dd1-80b9-a797c2117425@group-D864432FC37C-SegmentedRaftLogWorker: Starting segment from index:0
2019-09-26 15:08:47,164 [8a411a4f-0e32-4dd1-80b9-a797c2117425@group-D65568051C37:LeaderElection235] INFO  server.RaftServerConfigKeys (ConfUtils.java:logGet(43)) - raft.server.write.element-limit = 4096 (default)
2019-09-26 15:08:47,164 [8a411a4f-0e32-4dd1-80b9-a797c2117425@group-5915C1BC536E:LeaderElection206] INFO  server.RaftServerConfigKeys (ConfUtils.java:logGet(43)) - raft.server.watch.timeout.denomination = 1s (default)
2019-09-26 15:08:47,164 [8a411a4f-0e32-4dd1-80b9-a797c2117425@group-A5B80CCFC499:LeaderElection246] INFO  server.RaftServerConfigKeys (ConfUtils.java:logGet(43)) - raft.server.watch.timeout = 10s (default)
2019-09-26 15:08:47,164 [8a411a4f-0e32-4dd1-80b9-a797c2117425@group-8700CBCF3B52:LeaderElection240] INFO  server.RaftServerConfigKeys (ConfUtils.java:logGet(43)) - raft.server.watch.element-limit = 65536 (default)
2019-09-26 15:08:47,164 [8a411a4f-0e32-4dd1-80b9-a797c2117425@group-08B3FA40B821:LeaderElection268] INFO  impl.RaftServerImpl (ServerState.java:setLeader(253)) - 8a411a4f-0e32-4dd1-80b9-a797c2117425@group-08B3FA40B821: change Leader from null to 8a411a4f-0e32-4dd1-80b9-a797c2117425 at term 1 for becomeLeader, leader elected after 8643ms
2019-09-26 15:08:47,164 [8a411a4f-0e32-4dd1-80b9-a797c2117425@group-D5C2E6A1B48A:LeaderElection262] INFO  server.RaftServerConfigKeys (ConfUtils.java:logGet(43)) - raft.server.staging.catchup.gap = 1000 (default)
2019-09-26 15:08:47,164 [8a411a4f-0e32-4dd1-80b9-a797c2117425@group-08ECA622B824:LeaderElection200] INFO  impl.RoleInfo (RoleInfo.java:updateAndGet(143)) - 8a411a4f-0e32-4dd1-80b9-a797c2117425: start LeaderState
2019-09-26 15:08:47,163 [8a411a4f-0e32-4dd1-80b9-a797c2117425@group-2AD62173610F:LeaderElection263] INFO  server.RaftServerConfigKeys (ConfUtils.java:logGet(43)) - raft.server.rpc.sleep.time = 25ms (default)
2019-09-26 15:08:47,163 [8a411a4f-0e32-4dd1-80b9-a797c2117425@group-7C9D8199E53A-SegmentedRaftLogWorker] INFO  util.JmxRegister (JmxRegister.java:unregister(73)) - Successfully un-registered JMX Bean with object name Ratis:service=RaftServer,group=group-7C9D8199E53A,id=8a411a4f-0e32-4dd1-80b9-a797c2117425
2019-09-26 15:08:47,163 [8a411a4f-0e32-4dd1-80b9-a797c2117425@group-6A12D702F30C:LeaderElection267] INFO  impl.RaftServerImpl (ServerState.java:setLeader(253)) - 8a411a4f-0e32-4dd1-80b9-a797c2117425@group-6A12D702F30C: change Leader from null to 8a411a4f-0e32-4dd1-80b9-a797c2117425 at term 1 for becomeLeader, leader elected after 8565ms
2019-09-26 15:08:47,163 [8a411a4f-0e32-4dd1-80b9-a797c2117425@group-9134F99A9F4A:LeaderElection261] INFO  impl.RaftServerImpl (ServerState.java:setLeader(253)) - 8a411a4f-0e32-4dd1-80b9-a797c2117425@group-9134F99A9F4A: change Leader from null to 8a411a4f-0e32-4dd1-80b9-a797c2117425 at term 1 for becomeLeader, leader elected after 8425ms
2019-09-26 15:08:47,163 [8a411a4f-0e32-4dd1-80b9-a797c2117425@group-815581757129:LeaderElection197] INFO  server.RaftServerConfigKeys (ConfUtils.java:logGet(43)) - raft.server.watch.element-limit = 65536 (default)
2019-09-26 15:08:47,163 [8a411a4f-0e32-4dd1-80b9-a797c2117425@group-1955C9B62640:LeaderElection202] INFO  segmented.SegmentedRaftLogWorker (SegmentedRaftLogWorker.java:startLogSegment(380)) - 8a411a4f-0e32-4dd1-80b9-a797c2117425@group-1955C9B62640-SegmentedRaftLogWorker: Starting segment from index:0
2019-09-26 15:08:47,163 [8a411a4f-0e32-4dd1-80b9-a797c2117425@group-AA1C07C3D689:LeaderElection260] INFO  impl.RaftServerImpl (ServerState.java:setLeader(253)) - 8a411a4f-0e32-4dd1-80b9-a797c2117425@group-AA1C07C3D689: change Leader from null to 8a411a4f-0e32-4dd1-80b9-a797c2117425 at term 1 for becomeLeader, leader elected after 8363ms
2019-09-26 15:08:47,163 [8a411a4f-0e32-4dd1-80b9-a797c2117425@group-FC1790118091:LeaderElection195] INFO  server.RaftServerConfigKeys (ConfUtils.java:logGet(43)) - raft.server.watch.timeout.denomination = 1s (default)
2019-09-26 15:08:47,163 [8a411a4f-0e32-4dd1-80b9-a797c2117425@group-E5D9BD4A2B02:LeaderElection194] INFO  server.RaftServerConfigKeys (ConfUtils.java:logGet(43)) - raft.server.watch.timeout.denomination = 1s (default)
2019-09-26 15:08:47,163 [8a411a4f-0e32-4dd1-80b9-a797c2117425@group-CD788BB93D49:LeaderElection196] INFO  server.RaftServerConfigKeys (ConfUtils.java:logGet(43)) - raft.server.watch.timeout.denomination = 1s (default)
2019-09-26 15:08:47,163 [8a411a4f-0e32-4dd1-80b9-a797c2117425@group-9FBC4F4584D8:LeaderElection193] INFO  server.RaftServerConfigKeys (ConfUtils.java:logGet(43)) - raft.server.watch.timeout.denomination = 1s (default)
2019-09-26 15:08:47,162 [8a411a4f-0e32-4dd1-80b9-a797c2117425@group-F516CA13D34C:LeaderElection205] INFO  server.RaftServerConfigKeys (ConfUtils.java:logGet(43)) - raft.server.watch.timeout.denomination = 1s (default)
2019-09-26 15:08:47,162 [8a411a4f-0e32-4dd1-80b9-a797c2117425@group-2234F8D63BBB:LeaderElection211] INFO  server.RaftServerConfigKeys (ConfUtils.java:logGet(43)) - raft.server.watch.timeout.denomination = 1s (default)
2019-09-26 15:08:47,162 [8a411a4f-0e32-4dd1-80b9-a797c2117425@group-E8F94CDE43C3:LeaderElection209] INFO  server.RaftServerConfigKeys (ConfUtils.java:logGet(43)) - raft.server.watch.timeout.denomination = 1s (default)
2019-09-26 15:08:47,162 [8a411a4f-0e32-4dd1-80b9-a797c2117425@group-C0E431E566D9:LeaderElection207] INFO  server.RaftServerConfigKeys (ConfUtils.java:logGet(43)) - raft.server.watch.timeout.denomination = 1s (default)
2019-09-26 15:08:47,162 [8a411a4f-0e32-4dd1-80b9-a797c2117425@group-7740B1DAF25C:LeaderElection212] INFO  server.RaftServerConfigKeys (ConfUtils.java:logGet(43)) - raft.server.watch.element-limit = 65536 (default)
2019-09-26 15:08:47,656 [8a411a4f-0e32-4dd1-80b9-a797c2117425@group-38020CCA7F83:LeaderElection184] INFO  impl.RoleInfo (RoleInfo.java:updateAndGet(143)) - 8a411a4f-0e32-4dd1-80b9-a797c2117425: start LeaderState
2019-09-26 15:08:47,162 [8a411a4f-0e32-4dd1-80b9-a797c2117425@group-1E5C55F9AE7D:LeaderElection203] INFO  server.RaftServerConfigKeys (ConfUtils.java:logGet(43)) - raft.server.watch.element-limit = 65536 (default)
2019-09-26 15:08:47,162 [8a411a4f-0e32-4dd1-80b9-a797c2117425@group-4746F350A503:LeaderElection252] INFO  server.RaftServerConfigKeys (ConfUtils.java:logGet(43)) - raft.server.watch.timeout = 10s (default)
2019-09-26 15:08:47,162 [8a411a4f-0e32-4dd1-80b9-a797c2117425@group-46ECC70944D4:LeaderElection234] INFO  server.RaftServerConfigKeys (ConfUtils.java:logGet(43)) - raft.server.watch.timeout.denomination = 1s (default)
2019-09-26 15:08:47,162 [8a411a4f-0e32-4dd1-80b9-a797c2117425@group-78F806914167:LeaderElection238] INFO  server.RaftServerConfigKeys (ConfUtils.java:logGet(43)) - raft.server.watch.timeout.denomination = 1s (default)
2019-09-26 15:08:47,162 [8a411a4f-0e32-4dd1-80b9-a797c2117425@group-19C985EAA9F4:LeaderElection247] INFO  server.RaftServerConfigKeys (ConfUtils.java:logGet(43)) - raft.server.watch.timeout.denomination = 1s (default)
2019-09-26 15:08:47,161 [8a411a4f-0e32-4dd1-80b9-a797c2117425@group-C4458528C18D:LeaderElection199] INFO  server.RaftServerConfigKeys (ConfUtils.java:logGet(43)) - raft.server.watch.timeout.denomination = 1s (default)
2019-09-26 15:08:47,161 [8a411a4f-0e32-4dd1-80b9-a797c2117425@group-9758B97C7A43:LeaderElection266] INFO  server.RaftServerConfigKeys (ConfUtils.java:logGet(43)) - raft.server.staging.catchup.gap = 1000 (default)
2019-09-26 15:08:47,657 [8a411a4f-0e32-4dd1-80b9-a797c2117425@group-9758B97C7A43:LeaderElection266] INFO  server.RaftServerConfigKeys (ConfUtils.java:logGet(43)) - raft.server.rpc.sleep.time = 25ms (default)
2019-09-26 15:08:47,161 [8a411a4f-0e32-4dd1-80b9-a797c2117425@group-9B2ED3ACC3BA:LeaderElection201] INFO  server.RaftServerConfigKeys (ConfUtils.java:logGet(43)) - raft.server.watch.timeout.denomination = 1s (default)
2019-09-26 15:08:47,161 [pool-27-thread-1] INFO  server.RaftServerConfigKeys (ConfUtils.java:logGet(43)) - raft.server.snapshot.auto.trigger.enabled = true (custom)
2019-09-26 15:08:47,161 [8a411a4f-0e32-4dd1-80b9-a797c2117425@group-56CC94C0701C:LeaderElection255] INFO  impl.RaftServerImpl (ServerState.java:setLeader(253)) - 8a411a4f-0e32-4dd1-80b9-a797c2117425@group-56CC94C0701C: change Leader from null to 8a411a4f-0e32-4dd1-80b9-a797c2117425 at term 1 for becomeLeader, leader elected after 12963ms
2019-09-26 15:08:47,161 [8a411a4f-0e32-4dd1-80b9-a797c2117425@group-789513F6DACF:LeaderElection198] INFO  server.RaftServerConfigKeys (ConfUtils.java:logGet(43)) - raft.server.watch.timeout.denomination = 1s (default)
2019-09-26 15:08:47,657 [8a411a4f-0e32-4dd1-80b9-a797c2117425@group-789513F6DACF:LeaderElection198] INFO  server.RaftServerConfigKeys (ConfUtils.java:logGet(43)) - raft.server.watch.element-limit = 65536 (default)
2019-09-26 15:08:47,161 [8a411a4f-0e32-4dd1-80b9-a797c2117425@group-2F139598710B:LeaderElection215] INFO  server.RaftServerConfigKeys (ConfUtils.java:logGet(43)) - raft.server.watch.timeout.denomination = 1s (default)
2019-09-26 15:08:47,161 [8a411a4f-0e32-4dd1-80b9-a797c2117425@group-9CAEA4046C8E:LeaderElection213] INFO  server.RaftServerConfigKeys (ConfUtils.java:logGet(43)) - raft.server.watch.timeout.denomination = 1s (default)
2019-09-26 15:08:47,161 [8a411a4f-0e32-4dd1-80b9-a797c2117425@group-D6588462D619:LeaderElection259] INFO  server.RaftServerConfigKeys (ConfUtils.java:logGet(43)) - raft.server.staging.catchup.gap = 1000 (default)
2019-09-26 15:08:47,161 [8a411a4f-0e32-4dd1-80b9-a797c2117425@group-1BAA2484A192:LeaderElection245] INFO  server.RaftServerConfigKeys (ConfUtils.java:logGet(43)) - raft.server.watch.timeout = 10s (default)
2019-09-26 15:08:47,160 [8a411a4f-0e32-4dd1-80b9-a797c2117425@group-533E6FD97CDD:LeaderElection269] INFO  impl.RaftServerImpl (ServerState.java:setLeader(253)) - 8a411a4f-0e32-4dd1-80b9-a797c2117425@group-533E6FD97CDD: change Leader from null to 8a411a4f-0e32-4dd1-80b9-a797c2117425 at term 1 for becomeLeader, leader elected after 8522ms
2019-09-26 15:08:47,160 [8a411a4f-0e32-4dd1-80b9-a797c2117425@group-5709F8A61C02:LeaderElection248] INFO  server.RaftServerConfigKeys (ConfUtils.java:logGet(43)) - raft.server.write.element-limit = 4096 (default)
2019-09-26 15:08:47,160 [8a411a4f-0e32-4dd1-80b9-a797c2117425@group-56F119E5147E:LeaderElection241] INFO  server.RaftServerConfigKeys (ConfUtils.java:logGet(43)) - raft.server.watch.timeout.denomination = 1s (default)
2019-09-26 15:08:47,160 [8a411a4f-0e32-4dd1-80b9-a797c2117425@group-72E1DE38373A:LeaderElection236] INFO  server.RaftServerConfigKeys (ConfUtils.java:logGet(43)) - raft.server.write.element-limit = 4096 (default)
2019-09-26 15:08:47,659 [8a411a4f-0e32-4dd1-80b9-a797c2117425@group-72E1DE38373A:LeaderElection236] INFO  server.RaftServerConfigKeys (ConfUtils.java:logGet(43)) - raft.server.watch.timeout = 10s (default)
2019-09-26 15:08:47,659 [8a411a4f-0e32-4dd1-80b9-a797c2117425@group-72E1DE38373A:LeaderElection236] INFO  server.RaftServerConfigKeys (ConfUtils.java:logGet(43)) - raft.server.watch.timeout.denomination = 1s (default)
2019-09-26 15:08:47,659 [8a411a4f-0e32-4dd1-80b9-a797c2117425@group-72E1DE38373A:LeaderElection236] INFO  server.RaftServerConfigKeys (ConfUtils.java:logGet(43)) - raft.server.watch.element-limit = 65536 (default)
2019-09-26 15:08:47,160 [8a411a4f-0e32-4dd1-80b9-a797c2117425@group-53CD7F03AB35:LeaderElection253] INFO  server.RaftServerConfigKeys (ConfUtils.java:logGet(43)) - raft.server.watch.timeout = 10s (default)
2019-09-26 15:08:47,160 [8a411a4f-0e32-4dd1-80b9-a797c2117425@group-FC1F641A5BB5:LeaderElection254] INFO  server.RaftServerConfigKeys (ConfUtils.java:logGet(43)) - raft.server.watch.timeout = 10s (default)
2019-09-26 15:08:47,660 [8a411a4f-0e32-4dd1-80b9-a797c2117425@group-FC1F641A5BB5:LeaderElection254] INFO  server.RaftServerConfigKeys (ConfUtils.java:logGet(43)) - raft.server.watch.timeout.denomination = 1s (default)
2019-09-26 15:08:47,160 [8a411a4f-0e32-4dd1-80b9-a797c2117425@group-CAAD3C9AE29A:LeaderElection237] INFO  server.RaftServerConfigKeys (ConfUtils.java:logGet(43)) - raft.server.watch.timeout = 10s (default)
2019-09-26 15:08:47,160 [8a411a4f-0e32-4dd1-80b9-a797c2117425@group-FF69114B1B03:LeaderElection257] INFO  server.RaftServerConfigKeys (ConfUtils.java:logGet(43)) - raft.server.rpc.sleep.time = 25ms (default)
2019-09-26 15:08:47,160 [8a411a4f-0e32-4dd1-80b9-a797c2117425@group-DE38E862BFA6:LeaderElection224] INFO  server.RaftServerConfigKeys (ConfUtils.java:logGet(43)) - raft.server.write.element-limit = 4096 (default)
2019-09-26 15:08:47,160 [8a411a4f-0e32-4dd1-80b9-a797c2117425@group-FFBC1D88D468:LeaderElection220] INFO  server.RaftServerConfigKeys (ConfUtils.java:logGet(43)) - raft.server.rpc.sleep.time = 25ms (default)
2019-09-26 15:08:47,159 [8a411a4f-0e32-4dd1-80b9-a797c2117425@group-AE0AA035EF40:LeaderElection228] INFO  server.RaftServerConfigKeys (ConfUtils.java:logGet(43)) - raft.server.rpc.sleep.time = 25ms (default)
2019-09-26 15:08:47,159 [8a411a4f-0e32-4dd1-80b9-a797c2117425@group-817B3DD20E3E:LeaderElection219] INFO  server.RaftServerConfigKeys (ConfUtils.java:logGet(43)) - raft.server.rpc.sleep.time = 25ms (default)
2019-09-26 15:08:47,159 [8a411a4f-0e32-4dd1-80b9-a797c2117425@group-797476ADB718:LeaderElection223] INFO  server.RaftServerConfigKeys (ConfUtils.java:logGet(43)) - raft.server.rpc.sleep.time = 25ms (default)
2019-09-26 15:08:47,159 [8a411a4f-0e32-4dd1-80b9-a797c2117425@group-FDA5C66D66D8:LeaderElection231] INFO  server.RaftServerConfigKeys (ConfUtils.java:logGet(43)) - raft.server.write.element-limit = 4096 (default)
2019-09-26 15:08:47,159 [8a411a4f-0e32-4dd1-80b9-a797c2117425@group-3FF9DA04F6D3:LeaderElection243] INFO  server.RaftServerConfigKeys (ConfUtils.java:logGet(43)) - raft.server.write.element-limit = 4096 (default)
2019-09-26 15:08:47,159 [8a411a4f-0e32-4dd1-80b9-a797c2117425@group-966319DBCAF8:LeaderElection230] INFO  server.RaftServerConfigKeys (ConfUtils.java:logGet(43)) - raft.server.watch.timeout = 10s (default)
2019-09-26 15:08:47,159 [8a411a4f-0e32-4dd1-80b9-a797c2117425@group-A06E2440B4E9-SegmentedRaftLogWorker] INFO  segmented.SegmentedRaftLogWorker (SegmentedRaftLogWorker.java:close(228)) - 8a411a4f-0e32-4dd1-80b9-a797c2117425@group-A06E2440B4E9-SegmentedRaftLogWorker close()
2019-09-26 15:08:47,158 [8a411a4f-0e32-4dd1-80b9-a797c2117425@group-A010A9011A71:LeaderElection270] INFO  server.RaftServerConfigKeys (ConfUtils.java:logGet(43)) - raft.server.write.element-limit = 4096 (default)
2019-09-26 15:08:47,158 [8a411a4f-0e32-4dd1-80b9-a797c2117425@group-DA5E89A2DC85:LeaderElection265] INFO  server.RaftServerConfigKeys (ConfUtils.java:logGet(43)) - raft.server.rpc.sleep.time = 25ms (default)
2019-09-26 15:08:47,158 [8a411a4f-0e32-4dd1-80b9-a797c2117425@group-080076819465:LeaderElection222] INFO  server.RaftServerConfigKeys (ConfUtils.java:logGet(43)) - raft.server.rpc.sleep.time = 25ms (default)
2019-09-26 15:08:47,158 [8a411a4f-0e32-4dd1-80b9-a797c2117425@group-A085057DFB26:LeaderElection233] INFO  server.RaftServerConfigKeys (ConfUtils.java:logGet(43)) - raft.server.write.element-limit = 4096 (default)
2019-09-26 15:08:47,158 [8a411a4f-0e32-4dd1-80b9-a797c2117425@group-D946C9146714:LeaderElection221] INFO  server.RaftServerConfigKeys (ConfUtils.java:logGet(43)) - raft.server.write.element-limit = 4096 (default)
2019-09-26 15:08:47,662 [8a411a4f-0e32-4dd1-80b9-a797c2117425@group-D946C9146714:LeaderElection221] INFO  server.RaftServerConfigKeys (ConfUtils.java:logGet(43)) - raft.server.watch.timeout = 10s (default)
2019-09-26 15:08:47,158 [8a411a4f-0e32-4dd1-80b9-a797c2117425@group-C78D9C690071:LeaderElection232] INFO  server.RaftServerConfigKeys (ConfUtils.java:logGet(43)) - raft.server.rpc.sleep.time = 25ms (default)
2019-09-26 15:08:47,158 [8a411a4f-0e32-4dd1-80b9-a797c2117425@group-4A3018D7CF99:LeaderElection218] INFO  server.RaftServerConfigKeys (ConfUtils.java:logGet(43)) - raft.server.rpc.sleep.time = 25ms (default)
2019-09-26 15:08:47,158 [8a411a4f-0e32-4dd1-80b9-a797c2117425@group-5997EE45F5E1:LeaderElection227] INFO  server.RaftServerConfigKeys (ConfUtils.java:logGet(43)) - raft.server.write.element-limit = 4096 (default)
2019-09-26 15:08:47,158 [8a411a4f-0e32-4dd1-80b9-a797c2117425@group-FEC7288BDF94:LeaderElection225] INFO  server.RaftServerConfigKeys (ConfUtils.java:logGet(43)) - raft.server.rpc.sleep.time = 25ms (default)
2019-09-26 15:08:47,158 [8a411a4f-0e32-4dd1-80b9-a797c2117425@group-ACB2ABC0275F:LeaderElection226] INFO  server.RaftServerConfigKeys (ConfUtils.java:logGet(43)) - raft.server.write.element-limit = 4096 (default)
2019-09-26 15:08:47,157 [8a411a4f-0e32-4dd1-80b9-a797c2117425@group-BF52FF77A681:LeaderElection229] INFO  server.RaftServerConfigKeys (ConfUtils.java:logGet(43)) - raft.server.rpc.sleep.time = 25ms (default)
2019-09-26 15:08:47,157 [8a411a4f-0e32-4dd1-80b9-a797c2117425@group-BF7801AC219F:LeaderElection250] INFO  server.RaftServerConfigKeys (ConfUtils.java:logGet(43)) - raft.server.write.element-limit = 4096 (default)
2019-09-26 15:08:47,157 [8a411a4f-0e32-4dd1-80b9-a797c2117425@group-69E0C5198CB5:LeaderElection251] INFO  server.RaftServerConfigKeys (ConfUtils.java:logGet(43)) - raft.server.watch.timeout = 10s (default)
2019-09-26 15:08:47,663 [8a411a4f-0e32-4dd1-80b9-a797c2117425@group-69E0C5198CB5:LeaderElection251] INFO  server.RaftServerConfigKeys (ConfUtils.java:logGet(43)) - raft.server.watch.timeout.denomination = 1s (default)
2019-09-26 15:08:47,663 [8a411a4f-0e32-4dd1-80b9-a797c2117425@group-69E0C5198CB5:LeaderElection251] INFO  server.RaftServerConfigKeys (ConfUtils.java:logGet(43)) - raft.server.watch.element-limit = 65536 (default)
2019-09-26 15:08:47,157 [8a411a4f-0e32-4dd1-80b9-a797c2117425@group-BDE5A38AA11F:LeaderElection258] INFO  server.RaftServerConfigKeys (ConfUtils.java:logGet(43)) - raft.server.write.element-limit = 4096 (default)
2019-09-26 15:08:47,157 [8a411a4f-0e32-4dd1-80b9-a797c2117425@group-953CCBC0A9E0:LeaderElection244] INFO  server.RaftServerConfigKeys (ConfUtils.java:logGet(43)) - raft.server.write.element-limit = 4096 (default)
2019-09-26 15:08:47,157 [8a411a4f-0e32-4dd1-80b9-a797c2117425@group-884660014B94-SegmentedRaftLogWorker] INFO  impl.RaftServerImpl (ServerState.java:close(385)) - 8a411a4f-0e32-4dd1-80b9-a797c2117425@group-884660014B94: closes. applyIndex: -1
2019-09-26 15:08:47,157 [8a411a4f-0e32-4dd1-80b9-a797c2117425@group-D2E29C0D0AAA-SegmentedRaftLogWorker] INFO  segmented.SegmentedRaftLogWorker (SegmentedRaftLogWorker.java:close(228)) - 8a411a4f-0e32-4dd1-80b9-a797c2117425@group-D2E29C0D0AAA-SegmentedRaftLogWorker close()
2019-09-26 15:08:47,157 [8a411a4f-0e32-4dd1-80b9-a797c2117425@group-6DE3712AF134-SegmentedRaftLogWorker] INFO  impl.StateMachineUpdater (StateMachineUpdater.java:stopAndJoin(125)) - 8a411a4f-0e32-4dd1-80b9-a797c2117425@group-6DE3712AF134-StateMachineUpdater: set stopIndex = -1
2019-09-26 15:08:47,157 [8a411a4f-0e32-4dd1-80b9-a797c2117425@group-3AAC4688A9E6-SegmentedRaftLogWorker] INFO  impl.StateMachineUpdater (StateMachineUpdater.java:stopAndJoin(125)) - 8a411a4f-0e32-4dd1-80b9-a797c2117425@group-3AAC4688A9E6-StateMachineUpdater: set stopIndex = -1
2019-09-26 15:08:47,156 [8a411a4f-0e32-4dd1-80b9-a797c2117425@group-8C4965DA48D4:LeaderElection264] INFO  server.RaftServerConfigKeys (ConfUtils.java:logGet(43)) - raft.server.rpc.sleep.time = 25ms (default)
2019-09-26 15:08:47,156 [8a411a4f-0e32-4dd1-80b9-a797c2117425@group-00BC2B0139A4:LeaderElection217] INFO  server.RaftServerConfigKeys (ConfUtils.java:logGet(43)) - raft.server.rpc.sleep.time = 25ms (default)
2019-09-26 15:08:47,156 [8a411a4f-0e32-4dd1-80b9-a797c2117425@group-43557E0D0B54:LeaderElection204] INFO  server.RaftServerConfigKeys (ConfUtils.java:logGet(43)) - raft.server.watch.timeout = 10s (default)
2019-09-26 15:08:47,156 [8a411a4f-0e32-4dd1-80b9-a797c2117425@group-CA9544AD4330:LeaderElection216] INFO  server.RaftServerConfigKeys (ConfUtils.java:logGet(43)) - raft.server.watch.timeout = 10s (default)
2019-09-26 15:08:47,156 [8a411a4f-0e32-4dd1-80b9-a797c2117425@group-24E75438A6C2-SegmentedRaftLogWorker] INFO  segmented.SegmentedRaftLogWorker (SegmentedRaftLogWorker.java:close(228)) - 8a411a4f-0e32-4dd1-80b9-a797c2117425@group-24E75438A6C2-SegmentedRaftLogWorker close()
2019-09-26 15:08:47,156 [8a411a4f-0e32-4dd1-80b9-a797c2117425@group-B82DE6D48904:LeaderElection271] INFO  impl.LeaderElection (LeaderElection.java:askForVotes(182)) - 8a411a4f-0e32-4dd1-80b9-a797c2117425@group-B82DE6D48904:LeaderElection271: begin an election at term 1 for -1: [8a411a4f-0e32-4dd1-80b9-a797c2117425:192.168.151.99:37125], old=null
2019-09-26 15:08:47,156 [8a411a4f-0e32-4dd1-80b9-a797c2117425@group-B50C770756F4:LeaderElection276] INFO  impl.LeaderElection (LeaderElection.java:askForVotes(182)) - 8a411a4f-0e32-4dd1-80b9-a797c2117425@group-B50C770756F4:LeaderElection276: begin an election at term 1 for -1: [8a411a4f-0e32-4dd1-80b9-a797c2117425:192.168.151.99:37125], old=null
2019-09-26 15:08:47,156 [8a411a4f-0e32-4dd1-80b9-a797c2117425@group-C79884FD6F3D:LeaderElection272] INFO  impl.LeaderElection (LeaderElection.java:askForVotes(182)) - 8a411a4f-0e32-4dd1-80b9-a797c2117425@group-C79884FD6F3D:LeaderElection272: begin an election at term 1 for -1: [8a411a4f-0e32-4dd1-80b9-a797c2117425:192.168.151.99:37125], old=null
2019-09-26 15:08:47,156 [8a411a4f-0e32-4dd1-80b9-a797c2117425@group-22226669EE23:LeaderElection273] INFO  impl.LeaderElection (LeaderElection.java:askForVotes(182)) - 8a411a4f-0e32-4dd1-80b9-a797c2117425@group-22226669EE23:LeaderElection273: begin an election at term 1 for -1: [8a411a4f-0e32-4dd1-80b9-a797c2117425:192.168.151.99:37125], old=null
2019-09-26 15:08:47,156 [8a411a4f-0e32-4dd1-80b9-a797c2117425@group-61F50073A647:LeaderElection275] INFO  impl.LeaderElection (LeaderElection.java:askForVotes(182)) - 8a411a4f-0e32-4dd1-80b9-a797c2117425@group-61F50073A647:LeaderElection275: begin an election at term 1 for -1: [8a411a4f-0e32-4dd1-80b9-a797c2117425:192.168.151.99:37125], old=null
2019-09-26 15:08:47,156 [8a411a4f-0e32-4dd1-80b9-a797c2117425@group-E7D8D4CC70D9:LeaderElection274] INFO  impl.LeaderElection (LeaderElection.java:askForVotes(182)) - 8a411a4f-0e32-4dd1-80b9-a797c2117425@group-E7D8D4CC70D9:LeaderElection274: begin an election at term 1 for -1: [8a411a4f-0e32-4dd1-80b9-a797c2117425:192.168.151.99:37125], old=null
2019-09-26 15:08:47,156 [8a411a4f-0e32-4dd1-80b9-a797c2117425@group-157AB0181C30:LeaderElection277] INFO  impl.LeaderElection (LeaderElection.java:askForVotes(182)) - 8a411a4f-0e32-4dd1-80b9-a797c2117425@group-157AB0181C30:LeaderElection277: begin an election at term 1 for -1: [8a411a4f-0e32-4dd1-80b9-a797c2117425:192.168.151.99:37125], old=null
2019-09-26 15:08:47,668 [8a411a4f-0e32-4dd1-80b9-a797c2117425@group-E7D8D4CC70D9:LeaderElection274] INFO  impl.RoleInfo (RoleInfo.java:shutdownLeaderElection(134)) - 8a411a4f-0e32-4dd1-80b9-a797c2117425: shutdown LeaderElection
2019-09-26 15:08:47,668 [8a411a4f-0e32-4dd1-80b9-a797c2117425@group-61F50073A647:LeaderElection275] INFO  impl.RoleInfo (RoleInfo.java:shutdownLeaderElection(134)) - 8a411a4f-0e32-4dd1-80b9-a797c2117425: shutdown LeaderElection
2019-09-26 15:08:47,668 [8a411a4f-0e32-4dd1-80b9-a797c2117425@group-22226669EE23:LeaderElection273] INFO  impl.RoleInfo (RoleInfo.java:shutdownLeaderElection(134)) - 8a411a4f-0e32-4dd1-80b9-a797c2117425: shutdown LeaderElection
2019-09-26 15:08:47,668 [8a411a4f-0e32-4dd1-80b9-a797c2117425@group-C79884FD6F3D:LeaderElection272] INFO  impl.RoleInfo (RoleInfo.java:shutdownLeaderElection(134)) - 8a411a4f-0e32-4dd1-80b9-a797c2117425: shutdown LeaderElection
2019-09-26 15:08:47,668 [8a411a4f-0e32-4dd1-80b9-a797c2117425@group-B50C770756F4:LeaderElection276] INFO  impl.RoleInfo (RoleInfo.java:shutdownLeaderElection(134)) - 8a411a4f-0e32-4dd1-80b9-a797c2117425: shutdown LeaderElection
2019-09-26 15:08:47,669 [8a411a4f-0e32-4dd1-80b9-a797c2117425@group-B50C770756F4:LeaderElection276] INFO  impl.RaftServerImpl (RaftServerImpl.java:setRole(174)) - 8a411a4f-0e32-4dd1-80b9-a797c2117425@group-B50C770756F4: changes role from CANDIDATE to LEADER at term 1 for changeToLeader
2019-09-26 15:08:47,669 [8a411a4f-0e32-4dd1-80b9-a797c2117425@group-B50C770756F4:LeaderElection276] INFO  impl.RaftServerImpl (ServerState.java:setLeader(253)) - 8a411a4f-0e32-4dd1-80b9-a797c2117425@group-B50C770756F4: change Leader from null to 8a411a4f-0e32-4dd1-80b9-a797c2117425 at term 1 for becomeLeader, leader elected after 12814ms
2019-09-26 15:08:47,669 [8a411a4f-0e32-4dd1-80b9-a797c2117425@group-B50C770756F4:LeaderElection276] INFO  server.RaftServerConfigKeys (ConfUtils.java:logGet(43)) - raft.server.staging.catchup.gap = 1000 (default)
2019-09-26 15:08:47,669 [8a411a4f-0e32-4dd1-80b9-a797c2117425@group-B50C770756F4:LeaderElection276] INFO  server.RaftServerConfigKeys (ConfUtils.java:logGet(43)) - raft.server.rpc.sleep.time = 25ms (default)
2019-09-26 15:08:47,668 [8a411a4f-0e32-4dd1-80b9-a797c2117425@group-B82DE6D48904:LeaderElection271] INFO  impl.RoleInfo (RoleInfo.java:shutdownLeaderElection(134)) - 8a411a4f-0e32-4dd1-80b9-a797c2117425: shutdown LeaderElection
2019-09-26 15:08:47,669 [8a411a4f-0e32-4dd1-80b9-a797c2117425@group-B50C770756F4:LeaderElection276] INFO  server.RaftServerConfigKeys (ConfUtils.java:logGet(43)) - raft.server.write.element-limit = 4096 (default)
2019-09-26 15:08:47,667 [8a411a4f-0e32-4dd1-80b9-a797c2117425@group-CA9544AD4330:LeaderElection216] INFO  server.RaftServerConfigKeys (ConfUtils.java:logGet(43)) - raft.server.watch.timeout.denomination = 1s (default)
2019-09-26 15:08:47,667 [8a411a4f-0e32-4dd1-80b9-a797c2117425@group-43557E0D0B54:LeaderElection204] INFO  server.RaftServerConfigKeys (ConfUtils.java:logGet(43)) - raft.server.watch.timeout.denomination = 1s (default)
2019-09-26 15:08:47,670 [8a411a4f-0e32-4dd1-80b9-a797c2117425@group-43557E0D0B54:LeaderElection204] INFO  server.RaftServerConfigKeys (ConfUtils.java:logGet(43)) - raft.server.watch.element-limit = 65536 (default)
2019-09-26 15:08:47,667 [8a411a4f-0e32-4dd1-80b9-a797c2117425@group-00BC2B0139A4:LeaderElection217] INFO  server.RaftServerConfigKeys (ConfUtils.java:logGet(43)) - raft.server.write.element-limit = 4096 (default)
2019-09-26 15:08:47,667 [8a411a4f-0e32-4dd1-80b9-a797c2117425@group-8C4965DA48D4:LeaderElection264] INFO  server.RaftServerConfigKeys (ConfUtils.java:logGet(43)) - raft.server.write.element-limit = 4096 (default)
2019-09-26 15:08:47,667 [8a411a4f-0e32-4dd1-80b9-a797c2117425@group-3AAC4688A9E6-SegmentedRaftLogWorker] INFO  impl.RaftServerImpl (ServerState.java:close(385)) - 8a411a4f-0e32-4dd1-80b9-a797c2117425@group-3AAC4688A9E6: closes. applyIndex: -1
2019-09-26 15:08:47,667 [8a411a4f-0e32-4dd1-80b9-a797c2117425@group-B3783F4873A6-SegmentedRaftLogWorker] ERROR segmented.SegmentedRaftLogWorker (SegmentedRaftLogWorker.java:run(323)) - 8a411a4f-0e32-4dd1-80b9-a797c2117425@group-B3783F4873A6-SegmentedRaftLogWorker hit exception
java.lang.OutOfMemoryError: Direct buffer memory
	at java.nio.Bits.reserveMemory(Bits.java:666)
	at java.nio.DirectByteBuffer.<init>(DirectByteBuffer.java:123)
	at java.nio.ByteBuffer.allocateDirect(ByteBuffer.java:311)
	at org.apache.ratis.server.raftlog.segmented.BufferedWriteChannel.<init>(BufferedWriteChannel.java:41)
	at org.apache.ratis.server.raftlog.segmented.SegmentedRaftLogOutputStream.<init>(SegmentedRaftLogOutputStream.java:72)
	at org.apache.ratis.server.raftlog.segmented.SegmentedRaftLogWorker$StartLogSegment.execute(SegmentedRaftLogWorker.java:566)
	at org.apache.ratis.server.raftlog.segmented.SegmentedRaftLogWorker.run(SegmentedRaftLogWorker.java:289)
	at java.lang.Thread.run(Thread.java:748)
2019-09-26 15:08:47,667 [8a411a4f-0e32-4dd1-80b9-a797c2117425@group-5E95C319A20F-SegmentedRaftLogWorker] ERROR segmented.SegmentedRaftLogWorker (SegmentedRaftLogWorker.java:run(323)) - 8a411a4f-0e32-4dd1-80b9-a797c2117425@group-5E95C319A20F-SegmentedRaftLogWorker hit exception
java.lang.OutOfMemoryError: Direct buffer memory
	at java.nio.Bits.reserveMemory(Bits.java:666)
	at java.nio.DirectByteBuffer.<init>(DirectByteBuffer.java:123)
	at java.nio.ByteBuffer.allocateDirect(ByteBuffer.java:311)
	at org.apache.ratis.server.raftlog.segmented.BufferedWriteChannel.<init>(BufferedWriteChannel.java:41)
	at org.apache.ratis.server.raftlog.segmented.SegmentedRaftLogOutputStream.<init>(SegmentedRaftLogOutputStream.java:72)
	at org.apache.ratis.server.raftlog.segmented.SegmentedRaftLogWorker$StartLogSegment.execute(SegmentedRaftLogWorker.java:566)
	at org.apache.ratis.server.raftlog.segmented.SegmentedRaftLogWorker.run(SegmentedRaftLogWorker.java:289)
	at java.lang.Thread.run(Thread.java:748)
2019-09-26 15:08:47,667 [8a411a4f-0e32-4dd1-80b9-a797c2117425@group-6DE3712AF134-SegmentedRaftLogWorker] INFO  impl.RaftServerImpl (ServerState.java:close(385)) - 8a411a4f-0e32-4dd1-80b9-a797c2117425@group-6DE3712AF134: closes. applyIndex: -1
2019-09-26 15:08:47,666 [8a411a4f-0e32-4dd1-80b9-a797c2117425@group-884660014B94-SegmentedRaftLogWorker] INFO  segmented.SegmentedRaftLogWorker (SegmentedRaftLogWorker.java:close(228)) - 8a411a4f-0e32-4dd1-80b9-a797c2117425@group-884660014B94-SegmentedRaftLogWorker close()
2019-09-26 15:08:47,666 [8a411a4f-0e32-4dd1-80b9-a797c2117425@group-953CCBC0A9E0:LeaderElection244] INFO  server.RaftServerConfigKeys (ConfUtils.java:logGet(43)) - raft.server.watch.timeout = 10s (default)
2019-09-26 15:08:47,666 [8a411a4f-0e32-4dd1-80b9-a797c2117425@group-BDE5A38AA11F:LeaderElection258] INFO  server.RaftServerConfigKeys (ConfUtils.java:logGet(43)) - raft.server.watch.timeout = 10s (default)
2019-09-26 15:08:47,663 [8a411a4f-0e32-4dd1-80b9-a797c2117425@group-BF7801AC219F:LeaderElection250] INFO  server.RaftServerConfigKeys (ConfUtils.java:logGet(43)) - raft.server.watch.timeout = 10s (default)
2019-09-26 15:08:47,663 [8a411a4f-0e32-4dd1-80b9-a797c2117425@group-BF52FF77A681:LeaderElection229] INFO  server.RaftServerConfigKeys (ConfUtils.java:logGet(43)) - raft.server.write.element-limit = 4096 (default)
2019-09-26 15:08:47,663 [8a411a4f-0e32-4dd1-80b9-a797c2117425@group-ACB2ABC0275F:LeaderElection226] INFO  server.RaftServerConfigKeys (ConfUtils.java:logGet(43)) - raft.server.watch.timeout = 10s (default)
2019-09-26 15:08:47,671 [8a411a4f-0e32-4dd1-80b9-a797c2117425@group-ACB2ABC0275F:LeaderElection226] INFO  server.RaftServerConfigKeys (ConfUtils.java:logGet(43)) - raft.server.watch.timeout.denomination = 1s (default)
2019-09-26 15:08:47,671 [8a411a4f-0e32-4dd1-80b9-a797c2117425@group-ACB2ABC0275F:LeaderElection226] INFO  server.RaftServerConfigKeys (ConfUtils.java:logGet(43)) - raft.server.watch.element-limit = 65536 (default)
2019-09-26 15:08:47,662 [8a411a4f-0e32-4dd1-80b9-a797c2117425@group-FEC7288BDF94:LeaderElection225] INFO  server.RaftServerConfigKeys (ConfUtils.java:logGet(43)) - raft.server.write.element-limit = 4096 (default)
2019-09-26 15:08:47,662 [8a411a4f-0e32-4dd1-80b9-a797c2117425@group-5997EE45F5E1:LeaderElection227] INFO  server.RaftServerConfigKeys (ConfUtils.java:logGet(43)) - raft.server.watch.timeout = 10s (default)
2019-09-26 15:08:47,662 [8a411a4f-0e32-4dd1-80b9-a797c2117425@group-4A3018D7CF99:LeaderElection218] INFO  server.RaftServerConfigKeys (ConfUtils.java:logGet(43)) - raft.server.write.element-limit = 4096 (default)
2019-09-26 15:08:47,662 [8a411a4f-0e32-4dd1-80b9-a797c2117425@group-C78D9C690071:LeaderElection232] INFO  server.RaftServerConfigKeys (ConfUtils.java:logGet(43)) - raft.server.write.element-limit = 4096 (default)
2019-09-26 15:08:47,662 [8a411a4f-0e32-4dd1-80b9-a797c2117425@group-D946C9146714:LeaderElection221] INFO  server.RaftServerConfigKeys (ConfUtils.java:logGet(43)) - raft.server.watch.timeout.denomination = 1s (default)
2019-09-26 15:08:47,672 [8a411a4f-0e32-4dd1-80b9-a797c2117425@group-D946C9146714:LeaderElection221] INFO  server.RaftServerConfigKeys (ConfUtils.java:logGet(43)) - raft.server.watch.element-limit = 65536 (default)
2019-09-26 15:08:47,662 [8a411a4f-0e32-4dd1-80b9-a797c2117425@group-A085057DFB26:LeaderElection233] INFO  server.RaftServerConfigKeys (ConfUtils.java:logGet(43)) - raft.server.watch.timeout = 10s (default)
2019-09-26 15:08:47,662 [8a411a4f-0e32-4dd1-80b9-a797c2117425@group-080076819465:LeaderElection222] INFO  server.RaftServerConfigKeys (ConfUtils.java:logGet(43)) - raft.server.write.element-limit = 4096 (default)
2019-09-26 15:08:47,662 [8a411a4f-0e32-4dd1-80b9-a797c2117425@group-DA5E89A2DC85:LeaderElection265] INFO  server.RaftServerConfigKeys (ConfUtils.java:logGet(43)) - raft.server.write.element-limit = 4096 (default)
2019-09-26 15:08:47,661 [8a411a4f-0e32-4dd1-80b9-a797c2117425@group-A010A9011A71:LeaderElection270] INFO  server.RaftServerConfigKeys (ConfUtils.java:logGet(43)) - raft.server.watch.timeout = 10s (default)
2019-09-26 15:08:47,661 [8a411a4f-0e32-4dd1-80b9-a797c2117425@group-966319DBCAF8:LeaderElection230] INFO  server.RaftServerConfigKeys (ConfUtils.java:logGet(43)) - raft.server.watch.timeout.denomination = 1s (default)
2019-09-26 15:08:47,661 [8a411a4f-0e32-4dd1-80b9-a797c2117425@group-3FF9DA04F6D3:LeaderElection243] INFO  server.RaftServerConfigKeys (ConfUtils.java:logGet(43)) - raft.server.watch.timeout = 10s (default)
2019-09-26 15:08:47,661 [8a411a4f-0e32-4dd1-80b9-a797c2117425@group-FDA5C66D66D8:LeaderElection231] INFO  server.RaftServerConfigKeys (ConfUtils.java:logGet(43)) - raft.server.watch.timeout = 10s (default)
2019-09-26 15:08:47,661 [8a411a4f-0e32-4dd1-80b9-a797c2117425@group-797476ADB718:LeaderElection223] INFO  server.RaftServerConfigKeys (ConfUtils.java:logGet(43)) - raft.server.write.element-limit = 4096 (default)
2019-09-26 15:08:47,661 [8a411a4f-0e32-4dd1-80b9-a797c2117425@group-817B3DD20E3E:LeaderElection219] INFO  server.RaftServerConfigKeys (ConfUtils.java:logGet(43)) - raft.server.write.element-limit = 4096 (default)
2019-09-26 15:08:47,661 [8a411a4f-0e32-4dd1-80b9-a797c2117425@group-AE0AA035EF40:LeaderElection228] INFO  server.RaftServerConfigKeys (ConfUtils.java:logGet(43)) - raft.server.write.element-limit = 4096 (default)
2019-09-26 15:08:47,661 [8a411a4f-0e32-4dd1-80b9-a797c2117425@group-FFBC1D88D468:LeaderElection220] INFO  server.RaftServerConfigKeys (ConfUtils.java:logGet(43)) - raft.server.write.element-limit = 4096 (default)
2019-09-26 15:08:47,661 [8a411a4f-0e32-4dd1-80b9-a797c2117425@group-DE38E862BFA6:LeaderElection224] INFO  server.RaftServerConfigKeys (ConfUtils.java:logGet(43)) - raft.server.watch.timeout = 10s (default)
2019-09-26 15:08:47,674 [8a411a4f-0e32-4dd1-80b9-a797c2117425@group-8700CBCF3B52:LeaderElection240] INFO  impl.RoleInfo (RoleInfo.java:updateAndGet(143)) - 8a411a4f-0e32-4dd1-80b9-a797c2117425: start LeaderState
2019-09-26 15:08:47,674 [8a411a4f-0e32-4dd1-80b9-a797c2117425@group-8700CBCF3B52:LeaderElection240] INFO  segmented.SegmentedRaftLogWorker (SegmentedRaftLogWorker.java:startLogSegment(380)) - 8a411a4f-0e32-4dd1-80b9-a797c2117425@group-8700CBCF3B52-SegmentedRaftLogWorker: Starting segment from index:0
2019-09-26 15:08:47,675 [8a411a4f-0e32-4dd1-80b9-a797c2117425@group-8700CBCF3B52:LeaderElection240] INFO  impl.RaftServerImpl (ServerState.java:setRaftConf(354)) - 8a411a4f-0e32-4dd1-80b9-a797c2117425@group-8700CBCF3B52: set configuration 0: [8a411a4f-0e32-4dd1-80b9-a797c2117425:192.168.151.99:37125], old=null at 0
2019-09-26 15:08:47,660 [8a411a4f-0e32-4dd1-80b9-a797c2117425@group-FF69114B1B03:LeaderElection257] INFO  server.RaftServerConfigKeys (ConfUtils.java:logGet(43)) - raft.server.write.element-limit = 4096 (default)
2019-09-26 15:08:47,660 [8a411a4f-0e32-4dd1-80b9-a797c2117425@group-CAAD3C9AE29A:LeaderElection237] INFO  server.RaftServerConfigKeys (ConfUtils.java:logGet(43)) - raft.server.watch.timeout.denomination = 1s (default)
2019-09-26 15:08:47,660 [8a411a4f-0e32-4dd1-80b9-a797c2117425@group-FC1F641A5BB5:LeaderElection254] INFO  server.RaftServerConfigKeys (ConfUtils.java:logGet(43)) - raft.server.watch.element-limit = 65536 (default)
2019-09-26 15:08:47,896 [8a411a4f-0e32-4dd1-80b9-a797c2117425@group-815581757129:LeaderElection197] INFO  impl.RoleInfo (RoleInfo.java:updateAndGet(143)) - 8a411a4f-0e32-4dd1-80b9-a797c2117425: start LeaderState
2019-09-26 15:08:47,660 [8a411a4f-0e32-4dd1-80b9-a797c2117425@group-53CD7F03AB35:LeaderElection253] INFO  server.RaftServerConfigKeys (ConfUtils.java:logGet(43)) - raft.server.watch.timeout.denomination = 1s (default)
2019-09-26 15:08:47,658 [8a411a4f-0e32-4dd1-80b9-a797c2117425@group-56F119E5147E:LeaderElection241] INFO  server.RaftServerConfigKeys (ConfUtils.java:logGet(43)) - raft.server.watch.element-limit = 65536 (default)
2019-09-26 15:08:47,896 [8a411a4f-0e32-4dd1-80b9-a797c2117425@group-815581757129:LeaderElection197] INFO  segmented.SegmentedRaftLogWorker (SegmentedRaftLogWorker.java:startLogSegment(380)) - 8a411a4f-0e32-4dd1-80b9-a797c2117425@group-815581757129-SegmentedRaftLogWorker: Starting segment from index:0
2019-09-26 15:08:47,658 [8a411a4f-0e32-4dd1-80b9-a797c2117425@group-5709F8A61C02:LeaderElection248] INFO  server.RaftServerConfigKeys (ConfUtils.java:logGet(43)) - raft.server.watch.timeout = 10s (default)
2019-09-26 15:08:47,658 [8a411a4f-0e32-4dd1-80b9-a797c2117425@group-533E6FD97CDD:LeaderElection269] INFO  server.RaftServerConfigKeys (ConfUtils.java:logGet(43)) - raft.server.staging.catchup.gap = 1000 (default)
2019-09-26 15:08:47,658 [8a411a4f-0e32-4dd1-80b9-a797c2117425@group-1BAA2484A192:LeaderElection245] INFO  server.RaftServerConfigKeys (ConfUtils.java:logGet(43)) - raft.server.watch.timeout.denomination = 1s (default)
2019-09-26 15:08:47,658 [8a411a4f-0e32-4dd1-80b9-a797c2117425@group-D6588462D619:LeaderElection259] INFO  server.RaftServerConfigKeys (ConfUtils.java:logGet(43)) - raft.server.rpc.sleep.time = 25ms (default)
2019-09-26 15:08:47,658 [8a411a4f-0e32-4dd1-80b9-a797c2117425@group-9CAEA4046C8E:LeaderElection213] INFO  server.RaftServerConfigKeys (ConfUtils.java:logGet(43)) - raft.server.watch.element-limit = 65536 (default)
2019-09-26 15:08:47,658 [8a411a4f-0e32-4dd1-80b9-a797c2117425@group-2F139598710B:LeaderElection215] INFO  server.RaftServerConfigKeys (ConfUtils.java:logGet(43)) - raft.server.watch.element-limit = 65536 (default)
2019-09-26 15:08:47,657 [8a411a4f-0e32-4dd1-80b9-a797c2117425@group-56CC94C0701C:LeaderElection255] INFO  server.RaftServerConfigKeys (ConfUtils.java:logGet(43)) - raft.server.staging.catchup.gap = 1000 (default)
2019-09-26 15:08:47,657 [8a411a4f-0e32-4dd1-80b9-a797c2117425@group-24DB933FF523:LeaderElection182] INFO  impl.RoleInfo (RoleInfo.java:updateAndGet(143)) - 8a411a4f-0e32-4dd1-80b9-a797c2117425: start LeaderState
2019-09-26 15:08:47,657 [pool-27-thread-1] INFO  server.RaftServerConfigKeys (ConfUtils.java:logGet(43)) - raft.server.snapshot.auto.trigger.threshold = 10000 (custom)
2019-09-26 15:08:48,096 [8a411a4f-0e32-4dd1-80b9-a797c2117425@group-24DB933FF523:LeaderElection182] INFO  segmented.SegmentedRaftLogWorker (SegmentedRaftLogWorker.java:startLogSegment(380)) - 8a411a4f-0e32-4dd1-80b9-a797c2117425@group-24DB933FF523-SegmentedRaftLogWorker: Starting segment from index:0
2019-09-26 15:08:47,657 [8a411a4f-0e32-4dd1-80b9-a797c2117425@group-9B2ED3ACC3BA:LeaderElection201] INFO  server.RaftServerConfigKeys (ConfUtils.java:logGet(43)) - raft.server.watch.element-limit = 65536 (default)
2019-09-26 15:08:48,097 [8a411a4f-0e32-4dd1-80b9-a797c2117425@group-24DB933FF523:LeaderElection182] INFO  impl.RaftServerImpl (ServerState.java:setRaftConf(354)) - 8a411a4f-0e32-4dd1-80b9-a797c2117425@group-24DB933FF523: set configuration 0: [8a411a4f-0e32-4dd1-80b9-a797c2117425:192.168.151.99:37125], old=null at 0
2019-09-26 15:08:48,097 [8a411a4f-0e32-4dd1-80b9-a797c2117425@group-1E5C55F9AE7D:LeaderElection203] INFO  impl.RoleInfo (RoleInfo.java:updateAndGet(143)) - 8a411a4f-0e32-4dd1-80b9-a797c2117425: start LeaderState
2019-09-26 15:08:47,657 [8a411a4f-0e32-4dd1-80b9-a797c2117425@group-9758B97C7A43:LeaderElection266] INFO  server.RaftServerConfigKeys (ConfUtils.java:logGet(43)) - raft.server.write.element-limit = 4096 (default)
2019-09-26 15:08:47,657 [8a411a4f-0e32-4dd1-80b9-a797c2117425@group-AE79292C071A:LeaderElection181] INFO  impl.RoleInfo (RoleInfo.java:updateAndGet(143)) - 8a411a4f-0e32-4dd1-80b9-a797c2117425: start LeaderState
2019-09-26 15:08:47,656 [8a411a4f-0e32-4dd1-80b9-a797c2117425@group-C4458528C18D:LeaderElection199] INFO  server.RaftServerConfigKeys (ConfUtils.java:logGet(43)) - raft.server.watch.element-limit = 65536 (default)
2019-09-26 15:08:47,656 [8a411a4f-0e32-4dd1-80b9-a797c2117425@group-13FFAC1DF739:LeaderElection179] INFO  impl.RoleInfo (RoleInfo.java:updateAndGet(143)) - 8a411a4f-0e32-4dd1-80b9-a797c2117425: start LeaderState
2019-09-26 15:08:47,656 [8a411a4f-0e32-4dd1-80b9-a797c2117425@group-19C985EAA9F4:LeaderElection247] INFO  server.RaftServerConfigKeys (ConfUtils.java:logGet(43)) - raft.server.watch.element-limit = 65536 (default)
2019-09-26 15:08:47,656 [8a411a4f-0e32-4dd1-80b9-a797c2117425@group-78F806914167:LeaderElection238] INFO  server.RaftServerConfigKeys (ConfUtils.java:logGet(43)) - raft.server.watch.element-limit = 65536 (default)
2019-09-26 15:08:47,656 [8a411a4f-0e32-4dd1-80b9-a797c2117425@group-46ECC70944D4:LeaderElection234] INFO  server.RaftServerConfigKeys (ConfUtils.java:logGet(43)) - raft.server.watch.element-limit = 65536 (default)
2019-09-26 15:08:47,656 [8a411a4f-0e32-4dd1-80b9-a797c2117425@group-06EC7D0DF22B:LeaderElection187] INFO  impl.RoleInfo (RoleInfo.java:updateAndGet(143)) - 8a411a4f-0e32-4dd1-80b9-a797c2117425: start LeaderState
2019-09-26 15:08:47,656 [8a411a4f-0e32-4dd1-80b9-a797c2117425@group-4746F350A503:LeaderElection252] INFO  server.RaftServerConfigKeys (ConfUtils.java:logGet(43)) - raft.server.watch.timeout.denomination = 1s (default)
2019-09-26 15:08:48,316 [8a411a4f-0e32-4dd1-80b9-a797c2117425@group-06EC7D0DF22B:LeaderElection187] INFO  segmented.SegmentedRaftLogWorker (SegmentedRaftLogWorker.java:startLogSegment(380)) - 8a411a4f-0e32-4dd1-80b9-a797c2117425@group-06EC7D0DF22B-SegmentedRaftLogWorker: Starting segment from index:0
2019-09-26 15:08:47,656 [8a411a4f-0e32-4dd1-80b9-a797c2117425@group-38020CCA7F83:LeaderElection184] INFO  segmented.SegmentedRaftLogWorker (SegmentedRaftLogWorker.java:startLogSegment(380)) - 8a411a4f-0e32-4dd1-80b9-a797c2117425@group-38020CCA7F83-SegmentedRaftLogWorker: Starting segment from index:0
2019-09-26 15:08:48,317 [8a411a4f-0e32-4dd1-80b9-a797c2117425@group-789513F6DACF:LeaderElection198] INFO  impl.RoleInfo (RoleInfo.java:updateAndGet(143)) - 8a411a4f-0e32-4dd1-80b9-a797c2117425: start LeaderState
2019-09-26 15:08:47,656 [8a411a4f-0e32-4dd1-80b9-a797c2117425@group-F71E95AE8AB3:LeaderElection188] INFO  impl.RoleInfo (RoleInfo.java:updateAndGet(143)) - 8a411a4f-0e32-4dd1-80b9-a797c2117425: start LeaderState
2019-09-26 15:08:47,655 [8a411a4f-0e32-4dd1-80b9-a797c2117425@group-C0E431E566D9:LeaderElection207] INFO  server.RaftServerConfigKeys (ConfUtils.java:logGet(43)) - raft.server.watch.element-limit = 65536 (default)
2019-09-26 15:08:48,510 [8a411a4f-0e32-4dd1-80b9-a797c2117425@group-F71E95AE8AB3:LeaderElection188] INFO  segmented.SegmentedRaftLogWorker (SegmentedRaftLogWorker.java:startLogSegment(380)) - 8a411a4f-0e32-4dd1-80b9-a797c2117425@group-F71E95AE8AB3-SegmentedRaftLogWorker: Starting segment from index:0
2019-09-26 15:08:48,510 [8a411a4f-0e32-4dd1-80b9-a797c2117425@group-38020CCA7F83:LeaderElection184] INFO  impl.RaftServerImpl (ServerState.java:setRaftConf(354)) - 8a411a4f-0e32-4dd1-80b9-a797c2117425@group-38020CCA7F83: set configuration 0: [8a411a4f-0e32-4dd1-80b9-a797c2117425:192.168.151.99:37125], old=null at 0
2019-09-26 15:08:47,655 [8a411a4f-0e32-4dd1-80b9-a797c2117425@group-E8F94CDE43C3:LeaderElection209] INFO  server.RaftServerConfigKeys (ConfUtils.java:logGet(43)) - raft.server.watch.element-limit = 65536 (default)
2019-09-26 15:08:47,655 [8a411a4f-0e32-4dd1-80b9-a797c2117425@group-2234F8D63BBB:LeaderElection211] INFO  server.RaftServerConfigKeys (ConfUtils.java:logGet(43)) - raft.server.watch.element-limit = 65536 (default)
2019-09-26 15:08:47,655 [8a411a4f-0e32-4dd1-80b9-a797c2117425@group-F516CA13D34C:LeaderElection205] INFO  server.RaftServerConfigKeys (ConfUtils.java:logGet(43)) - raft.server.watch.element-limit = 65536 (default)
2019-09-26 15:08:47,655 [8a411a4f-0e32-4dd1-80b9-a797c2117425@group-F0ABC0A80C00:LeaderElection183] INFO  impl.RoleInfo (RoleInfo.java:updateAndGet(143)) - 8a411a4f-0e32-4dd1-80b9-a797c2117425: start LeaderState
2019-09-26 15:08:47,655 [8a411a4f-0e32-4dd1-80b9-a797c2117425@group-9FBC4F4584D8:LeaderElection193] INFO  server.RaftServerConfigKeys (ConfUtils.java:logGet(43)) - raft.server.watch.element-limit = 65536 (default)
2019-09-26 15:08:48,942 [8a411a4f-0e32-4dd1-80b9-a797c2117425@group-F0ABC0A80C00:LeaderElection183] INFO  segmented.SegmentedRaftLogWorker (SegmentedRaftLogWorker.java:startLogSegment(380)) - 8a411a4f-0e32-4dd1-80b9-a797c2117425@group-F0ABC0A80C00-SegmentedRaftLogWorker: Starting segment from index:0
2019-09-26 15:08:47,655 [8a411a4f-0e32-4dd1-80b9-a797c2117425@group-CD788BB93D49:LeaderElection196] INFO  server.RaftServerConfigKeys (ConfUtils.java:logGet(43)) - raft.server.watch.element-limit = 65536 (default)
2019-09-26 15:08:47,413 [8a411a4f-0e32-4dd1-80b9-a797c2117425@group-E5D9BD4A2B02:LeaderElection194] INFO  server.RaftServerConfigKeys (ConfUtils.java:logGet(43)) - raft.server.watch.element-limit = 65536 (default)
2019-09-26 15:08:47,413 [8a411a4f-0e32-4dd1-80b9-a797c2117425@group-1955C9B62640:LeaderElection202] INFO  impl.RaftServerImpl (ServerState.java:setRaftConf(354)) - 8a411a4f-0e32-4dd1-80b9-a797c2117425@group-1955C9B62640: set configuration 0: [8a411a4f-0e32-4dd1-80b9-a797c2117425:192.168.151.99:37125], old=null at 0
2019-09-26 15:08:47,413 [8a411a4f-0e32-4dd1-80b9-a797c2117425@group-FC1790118091:LeaderElection195] INFO  server.RaftServerConfigKeys (ConfUtils.java:logGet(43)) - raft.server.watch.element-limit = 65536 (default)
2019-09-26 15:08:47,413 [8a411a4f-0e32-4dd1-80b9-a797c2117425@group-AA1C07C3D689:LeaderElection260] INFO  server.RaftServerConfigKeys (ConfUtils.java:logGet(43)) - raft.server.staging.catchup.gap = 1000 (default)
2019-09-26 15:08:47,412 [8a411a4f-0e32-4dd1-80b9-a797c2117425@group-9134F99A9F4A:LeaderElection261] INFO  server.RaftServerConfigKeys (ConfUtils.java:logGet(43)) - raft.server.staging.catchup.gap = 1000 (default)
2019-09-26 15:08:49,160 [8a411a4f-0e32-4dd1-80b9-a797c2117425@group-9134F99A9F4A:LeaderElection261] INFO  server.RaftServerConfigKeys (ConfUtils.java:logGet(43)) - raft.server.rpc.sleep.time = 25ms (default)
2019-09-26 15:08:47,412 [8a411a4f-0e32-4dd1-80b9-a797c2117425@group-F5831FDAC3B9:LeaderElection190] INFO  impl.RoleInfo (RoleInfo.java:updateAndGet(143)) - 8a411a4f-0e32-4dd1-80b9-a797c2117425: start LeaderState
2019-09-26 15:08:47,412 [8a411a4f-0e32-4dd1-80b9-a797c2117425@group-6A12D702F30C:LeaderElection267] INFO  server.RaftServerConfigKeys (ConfUtils.java:logGet(43)) - raft.server.staging.catchup.gap = 1000 (default)
2019-09-26 15:08:47,412 [8a411a4f-0e32-4dd1-80b9-a797c2117425@group-7C9D8199E53A-SegmentedRaftLogWorker] INFO  impl.RoleInfo (RoleInfo.java:shutdownLeaderState(104)) - 8a411a4f-0e32-4dd1-80b9-a797c2117425: shutdown LeaderState
2019-09-26 15:08:47,412 [8a411a4f-0e32-4dd1-80b9-a797c2117425@group-2AD62173610F:LeaderElection263] INFO  server.RaftServerConfigKeys (ConfUtils.java:logGet(43)) - raft.server.write.element-limit = 4096 (default)
2019-09-26 15:08:47,412 [8a411a4f-0e32-4dd1-80b9-a797c2117425@group-08ECA622B824:LeaderElection200] INFO  segmented.SegmentedRaftLogWorker (SegmentedRaftLogWorker.java:startLogSegment(380)) - 8a411a4f-0e32-4dd1-80b9-a797c2117425@group-08ECA622B824-SegmentedRaftLogWorker: Starting segment from index:0
2019-09-26 15:08:47,412 [8a411a4f-0e32-4dd1-80b9-a797c2117425@group-5C09A8D6B935:LeaderElection180] INFO  impl.RoleInfo (RoleInfo.java:updateAndGet(143)) - 8a411a4f-0e32-4dd1-80b9-a797c2117425: start LeaderState
2019-09-26 15:08:47,412 [8a411a4f-0e32-4dd1-80b9-a797c2117425@group-D5C2E6A1B48A:LeaderElection262] INFO  server.RaftServerConfigKeys (ConfUtils.java:logGet(43)) - raft.server.rpc.sleep.time = 25ms (default)
2019-09-26 15:08:47,412 [8a411a4f-0e32-4dd1-80b9-a797c2117425@group-08B3FA40B821:LeaderElection268] INFO  server.RaftServerConfigKeys (ConfUtils.java:logGet(43)) - raft.server.staging.catchup.gap = 1000 (default)
2019-09-26 15:08:47,165 [8a411a4f-0e32-4dd1-80b9-a797c2117425@group-FC070601F0EC:LeaderElection214] INFO  impl.RoleInfo (RoleInfo.java:updateAndGet(143)) - 8a411a4f-0e32-4dd1-80b9-a797c2117425: start LeaderState
2019-09-26 15:08:47,165 [8a411a4f-0e32-4dd1-80b9-a797c2117425@group-A5B80CCFC499:LeaderElection246] INFO  server.RaftServerConfigKeys (ConfUtils.java:logGet(43)) - raft.server.watch.timeout.denomination = 1s (default)
2019-09-26 15:08:47,165 [8a411a4f-0e32-4dd1-80b9-a797c2117425@group-D864432FC37C:LeaderElection239] INFO  impl.RaftServerImpl (ServerState.java:setRaftConf(354)) - 8a411a4f-0e32-4dd1-80b9-a797c2117425@group-D864432FC37C: set configuration 0: [8a411a4f-0e32-4dd1-80b9-a797c2117425:192.168.151.99:37125], old=null at 0
2019-09-26 15:08:47,165 [8a411a4f-0e32-4dd1-80b9-a797c2117425@group-5915C1BC536E:LeaderElection206] INFO  server.RaftServerConfigKeys (ConfUtils.java:logGet(43)) - raft.server.watch.element-limit = 65536 (default)
2019-09-26 15:08:47,165 [8a411a4f-0e32-4dd1-80b9-a797c2117425@group-D65568051C37:LeaderElection235] INFO  server.RaftServerConfigKeys (ConfUtils.java:logGet(43)) - raft.server.watch.timeout = 10s (default)
2019-09-26 15:08:47,165 [8a411a4f-0e32-4dd1-80b9-a797c2117425@group-070482571D29:LeaderElection249] INFO  impl.RoleInfo (RoleInfo.java:updateAndGet(143)) - 8a411a4f-0e32-4dd1-80b9-a797c2117425: start LeaderState
2019-09-26 15:08:47,165 [8a411a4f-0e32-4dd1-80b9-a797c2117425@group-3C71898FAFED:LeaderElection208] INFO  server.RaftServerConfigKeys (ConfUtils.java:logGet(43)) - raft.server.watch.element-limit = 65536 (default)
2019-09-26 15:08:47,164 [8a411a4f-0e32-4dd1-80b9-a797c2117425@group-D2571D42C563:LeaderElection256] INFO  server.RaftServerConfigKeys (ConfUtils.java:logGet(43)) - raft.server.write.element-limit = 4096 (default)
2019-09-26 15:08:49,414 [8a411a4f-0e32-4dd1-80b9-a797c2117425@group-070482571D29:LeaderElection249] INFO  segmented.SegmentedRaftLogWorker (SegmentedRaftLogWorker.java:startLogSegment(380)) - 8a411a4f-0e32-4dd1-80b9-a797c2117425@group-070482571D29-SegmentedRaftLogWorker: Starting segment from index:0
2019-09-26 15:08:49,414 [8a411a4f-0e32-4dd1-80b9-a797c2117425@group-D65568051C37:LeaderElection235] INFO  server.RaftServerConfigKeys (ConfUtils.java:logGet(43)) - raft.server.watch.timeout.denomination = 1s (default)
2019-09-26 15:08:49,413 [8a411a4f-0e32-4dd1-80b9-a797c2117425@group-A5B80CCFC499:LeaderElection246] INFO  server.RaftServerConfigKeys (ConfUtils.java:logGet(43)) - raft.server.watch.element-limit = 65536 (default)
2019-09-26 15:08:49,162 [8a411a4f-0e32-4dd1-80b9-a797c2117425@group-FC070601F0EC:LeaderElection214] INFO  segmented.SegmentedRaftLogWorker (SegmentedRaftLogWorker.java:startLogSegment(380)) - 8a411a4f-0e32-4dd1-80b9-a797c2117425@group-FC070601F0EC-SegmentedRaftLogWorker: Starting segment from index:0
2019-09-26 15:08:49,415 [8a411a4f-0e32-4dd1-80b9-a797c2117425@group-070482571D29:LeaderElection249] INFO  impl.RaftServerImpl (ServerState.java:setRaftConf(354)) - 8a411a4f-0e32-4dd1-80b9-a797c2117425@group-070482571D29: set configuration 0: [8a411a4f-0e32-4dd1-80b9-a797c2117425:192.168.151.99:37125], old=null at 0
2019-09-26 15:08:49,161 [8a411a4f-0e32-4dd1-80b9-a797c2117425@group-08B3FA40B821:LeaderElection268] INFO  server.RaftServerConfigKeys (ConfUtils.java:logGet(43)) - raft.server.rpc.sleep.time = 25ms (default)
2019-09-26 15:08:49,161 [8a411a4f-0e32-4dd1-80b9-a797c2117425@group-08ECA622B824:LeaderElection200] INFO  impl.RaftServerImpl (ServerState.java:setRaftConf(354)) - 8a411a4f-0e32-4dd1-80b9-a797c2117425@group-08ECA622B824: set configuration 0: [8a411a4f-0e32-4dd1-80b9-a797c2117425:192.168.151.99:37125], old=null at 0
2019-09-26 15:08:49,615 [8a411a4f-0e32-4dd1-80b9-a797c2117425@group-08B3FA40B821:LeaderElection268] INFO  server.RaftServerConfigKeys (ConfUtils.java:logGet(43)) - raft.server.write.element-limit = 4096 (default)
2019-09-26 15:08:49,161 [8a411a4f-0e32-4dd1-80b9-a797c2117425@group-D5C2E6A1B48A:LeaderElection262] INFO  server.RaftServerConfigKeys (ConfUtils.java:logGet(43)) - raft.server.write.element-limit = 4096 (default)
2019-09-26 15:08:49,161 [8a411a4f-0e32-4dd1-80b9-a797c2117425@group-5C09A8D6B935:LeaderElection180] INFO  segmented.SegmentedRaftLogWorker (SegmentedRaftLogWorker.java:startLogSegment(380)) - 8a411a4f-0e32-4dd1-80b9-a797c2117425@group-5C09A8D6B935-SegmentedRaftLogWorker: Starting segment from index:0
2019-09-26 15:08:49,161 [8a411a4f-0e32-4dd1-80b9-a797c2117425@group-72E1DE38373A:LeaderElection236] INFO  impl.RoleInfo (RoleInfo.java:updateAndGet(143)) - 8a411a4f-0e32-4dd1-80b9-a797c2117425: start LeaderState
2019-09-26 15:08:49,161 [8a411a4f-0e32-4dd1-80b9-a797c2117425@group-2AD62173610F:LeaderElection263] INFO  server.RaftServerConfigKeys (ConfUtils.java:logGet(43)) - raft.server.watch.timeout = 10s (default)
2019-09-26 15:08:49,825 [8a411a4f-0e32-4dd1-80b9-a797c2117425@group-72E1DE38373A:LeaderElection236] INFO  segmented.SegmentedRaftLogWorker (SegmentedRaftLogWorker.java:startLogSegment(380)) - 8a411a4f-0e32-4dd1-80b9-a797c2117425@group-72E1DE38373A-SegmentedRaftLogWorker: Starting segment from index:0
2019-09-26 15:08:49,161 [8a411a4f-0e32-4dd1-80b9-a797c2117425@group-7C9D8199E53A-SegmentedRaftLogWorker] INFO  impl.PendingRequests (PendingRequests.java:sendNotLeaderResponses(202)) - 8a411a4f-0e32-4dd1-80b9-a797c2117425-PendingRequests: sendNotLeaderResponses
2019-09-26 15:08:49,161 [8a411a4f-0e32-4dd1-80b9-a797c2117425@group-F5831FDAC3B9:LeaderElection190] INFO  segmented.SegmentedRaftLogWorker (SegmentedRaftLogWorker.java:startLogSegment(380)) - 8a411a4f-0e32-4dd1-80b9-a797c2117425@group-F5831FDAC3B9-SegmentedRaftLogWorker: Starting segment from index:0
2019-09-26 15:08:49,161 [8a411a4f-0e32-4dd1-80b9-a797c2117425@group-6A12D702F30C:LeaderElection267] INFO  server.RaftServerConfigKeys (ConfUtils.java:logGet(43)) - raft.server.rpc.sleep.time = 25ms (default)
2019-09-26 15:08:49,160 [8a411a4f-0e32-4dd1-80b9-a797c2117425@group-9134F99A9F4A:LeaderElection261] INFO  server.RaftServerConfigKeys (ConfUtils.java:logGet(43)) - raft.server.write.element-limit = 4096 (default)
2019-09-26 15:08:49,160 [8a411a4f-0e32-4dd1-80b9-a797c2117425@group-AA1C07C3D689:LeaderElection260] INFO  server.RaftServerConfigKeys (ConfUtils.java:logGet(43)) - raft.server.rpc.sleep.time = 25ms (default)
2019-09-26 15:08:49,151 [8a411a4f-0e32-4dd1-80b9-a797c2117425@group-1955C9B62640-SegmentedRaftLogWorker] ERROR segmented.SegmentedRaftLogWorker (SegmentedRaftLogWorker.java:run(323)) - 8a411a4f-0e32-4dd1-80b9-a797c2117425@group-1955C9B62640-SegmentedRaftLogWorker hit exception
java.lang.OutOfMemoryError: Direct buffer memory
	at java.nio.Bits.reserveMemory(Bits.java:666)
	at java.nio.DirectByteBuffer.<init>(DirectByteBuffer.java:123)
	at java.nio.ByteBuffer.allocateDirect(ByteBuffer.java:311)
	at org.apache.ratis.server.raftlog.segmented.BufferedWriteChannel.<init>(BufferedWriteChannel.java:41)
	at org.apache.ratis.server.raftlog.segmented.SegmentedRaftLogOutputStream.<init>(SegmentedRaftLogOutputStream.java:72)
	at org.apache.ratis.server.raftlog.segmented.SegmentedRaftLogWorker$StartLogSegment.execute(SegmentedRaftLogWorker.java:566)
	at org.apache.ratis.server.raftlog.segmented.SegmentedRaftLogWorker.run(SegmentedRaftLogWorker.java:289)
	at java.lang.Thread.run(Thread.java:748)
2019-09-26 15:08:49,151 [8a411a4f-0e32-4dd1-80b9-a797c2117425@group-D864432FC37C-SegmentedRaftLogWorker] ERROR segmented.SegmentedRaftLogWorker (SegmentedRaftLogWorker.java:run(323)) - 8a411a4f-0e32-4dd1-80b9-a797c2117425@group-D864432FC37C-SegmentedRaftLogWorker hit exception
java.lang.OutOfMemoryError: Direct buffer memory
	at java.nio.Bits.reserveMemory(Bits.java:666)
	at java.nio.DirectByteBuffer.<init>(DirectByteBuffer.java:123)
	at java.nio.ByteBuffer.allocateDirect(ByteBuffer.java:311)
	at org.apache.ratis.server.raftlog.segmented.BufferedWriteChannel.<init>(BufferedWriteChannel.java:41)
	at org.apache.ratis.server.raftlog.segmented.SegmentedRaftLogOutputStream.<init>(SegmentedRaftLogOutputStream.java:72)
	at org.apache.ratis.server.raftlog.segmented.SegmentedRaftLogWorker$StartLogSegment.execute(SegmentedRaftLogWorker.java:566)
	at org.apache.ratis.server.raftlog.segmented.SegmentedRaftLogWorker.run(SegmentedRaftLogWorker.java:289)
	at java.lang.Thread.run(Thread.java:748)
2019-09-26 15:08:50,459 [8a411a4f-0e32-4dd1-80b9-a797c2117425@group-D864432FC37C-SegmentedRaftLogWorker] INFO  impl.RaftServerImpl (RaftServerImpl.java:lambda$shutdown$3(251)) - 8a411a4f-0e32-4dd1-80b9-a797c2117425@group-D864432FC37C: shutdown
2019-09-26 15:08:48,942 [8a411a4f-0e32-4dd1-80b9-a797c2117425@group-F0ABC0A80C00:LeaderElection183] INFO  impl.RaftServerImpl (ServerState.java:setRaftConf(354)) - 8a411a4f-0e32-4dd1-80b9-a797c2117425@group-F0ABC0A80C00: set configuration 0: [8a411a4f-0e32-4dd1-80b9-a797c2117425:192.168.151.99:37125], old=null at 0
2019-09-26 15:08:48,722 [8a411a4f-0e32-4dd1-80b9-a797c2117425@group-F71E95AE8AB3:LeaderElection188] INFO  impl.RaftServerImpl (ServerState.java:setRaftConf(354)) - 8a411a4f-0e32-4dd1-80b9-a797c2117425@group-F71E95AE8AB3: set configuration 0: [8a411a4f-0e32-4dd1-80b9-a797c2117425:192.168.151.99:37125], old=null at 0
2019-09-26 15:08:48,317 [8a411a4f-0e32-4dd1-80b9-a797c2117425@group-789513F6DACF:LeaderElection198] INFO  segmented.SegmentedRaftLogWorker (SegmentedRaftLogWorker.java:startLogSegment(380)) - 8a411a4f-0e32-4dd1-80b9-a797c2117425@group-789513F6DACF-SegmentedRaftLogWorker: Starting segment from index:0
2019-09-26 15:08:48,317 [8a411a4f-0e32-4dd1-80b9-a797c2117425@group-06EC7D0DF22B:LeaderElection187] INFO  impl.RaftServerImpl (ServerState.java:setRaftConf(354)) - 8a411a4f-0e32-4dd1-80b9-a797c2117425@group-06EC7D0DF22B: set configuration 0: [8a411a4f-0e32-4dd1-80b9-a797c2117425:192.168.151.99:37125], old=null at 0
2019-09-26 15:08:48,316 [8a411a4f-0e32-4dd1-80b9-a797c2117425@group-4746F350A503:LeaderElection252] INFO  server.RaftServerConfigKeys (ConfUtils.java:logGet(43)) - raft.server.watch.element-limit = 65536 (default)
2019-09-26 15:08:50,460 [8a411a4f-0e32-4dd1-80b9-a797c2117425@group-789513F6DACF:LeaderElection198] INFO  impl.RaftServerImpl (ServerState.java:setRaftConf(354)) - 8a411a4f-0e32-4dd1-80b9-a797c2117425@group-789513F6DACF: set configuration 0: [8a411a4f-0e32-4dd1-80b9-a797c2117425:192.168.151.99:37125], old=null at 0
2019-09-26 15:08:48,316 [8a411a4f-0e32-4dd1-80b9-a797c2117425@group-13FFAC1DF739:LeaderElection179] INFO  segmented.SegmentedRaftLogWorker (SegmentedRaftLogWorker.java:startLogSegment(380)) - 8a411a4f-0e32-4dd1-80b9-a797c2117425@group-13FFAC1DF739-SegmentedRaftLogWorker: Starting segment from index:0
2019-09-26 15:08:48,316 [8a411a4f-0e32-4dd1-80b9-a797c2117425@group-AE79292C071A:LeaderElection181] INFO  segmented.SegmentedRaftLogWorker (SegmentedRaftLogWorker.java:startLogSegment(380)) - 8a411a4f-0e32-4dd1-80b9-a797c2117425@group-AE79292C071A-SegmentedRaftLogWorker: Starting segment from index:0
2019-09-26 15:08:48,315 [8a411a4f-0e32-4dd1-80b9-a797c2117425@group-9758B97C7A43:LeaderElection266] INFO  server.RaftServerConfigKeys (ConfUtils.java:logGet(43)) - raft.server.watch.timeout = 10s (default)
2019-09-26 15:08:50,677 [8a411a4f-0e32-4dd1-80b9-a797c2117425@group-13FFAC1DF739:LeaderElection179] INFO  impl.RaftServerImpl (ServerState.java:setRaftConf(354)) - 8a411a4f-0e32-4dd1-80b9-a797c2117425@group-13FFAC1DF739: set configuration 0: [8a411a4f-0e32-4dd1-80b9-a797c2117425:192.168.151.99:37125], old=null at 0
2019-09-26 15:08:48,315 [8a411a4f-0e32-4dd1-80b9-a797c2117425@group-1E5C55F9AE7D:LeaderElection203] INFO  segmented.SegmentedRaftLogWorker (SegmentedRaftLogWorker.java:startLogSegment(380)) - 8a411a4f-0e32-4dd1-80b9-a797c2117425@group-1E5C55F9AE7D-SegmentedRaftLogWorker: Starting segment from index:0
2019-09-26 15:08:48,313 [8a411a4f-0e32-4dd1-80b9-a797c2117425@group-E916E844E274-SegmentedRaftLogWorker] ERROR segmented.SegmentedRaftLogWorker (SegmentedRaftLogWorker.java:run(323)) - 8a411a4f-0e32-4dd1-80b9-a797c2117425@group-E916E844E274-SegmentedRaftLogWorker hit exception
java.lang.OutOfMemoryError: Direct buffer memory
	at java.nio.Bits.reserveMemory(Bits.java:666)
	at java.nio.DirectByteBuffer.<init>(DirectByteBuffer.java:123)
	at java.nio.ByteBuffer.allocateDirect(ByteBuffer.java:311)
	at org.apache.ratis.server.raftlog.segmented.BufferedWriteChannel.<init>(BufferedWriteChannel.java:41)
	at org.apache.ratis.server.raftlog.segmented.SegmentedRaftLogOutputStream.<init>(SegmentedRaftLogOutputStream.java:72)
	at org.apache.ratis.server.raftlog.segmented.SegmentedRaftLogWorker$StartLogSegment.execute(SegmentedRaftLogWorker.java:566)
	at org.apache.ratis.server.raftlog.segmented.SegmentedRaftLogWorker.run(SegmentedRaftLogWorker.java:289)
	at java.lang.Thread.run(Thread.java:748)
2019-09-26 15:08:48,313 [8a411a4f-0e32-4dd1-80b9-a797c2117425@group-282779247581-SegmentedRaftLogWorker] ERROR segmented.SegmentedRaftLogWorker (SegmentedRaftLogWorker.java:run(323)) - 8a411a4f-0e32-4dd1-80b9-a797c2117425@group-282779247581-SegmentedRaftLogWorker hit exception
java.lang.OutOfMemoryError: Direct buffer memory
	at java.nio.Bits.reserveMemory(Bits.java:666)
	at java.nio.DirectByteBuffer.<init>(DirectByteBuffer.java:123)
	at java.nio.ByteBuffer.allocateDirect(ByteBuffer.java:311)
	at org.apache.ratis.server.raftlog.segmented.BufferedWriteChannel.<init>(BufferedWriteChannel.java:41)
	at org.apache.ratis.server.raftlog.segmented.SegmentedRaftLogOutputStream.<init>(SegmentedRaftLogOutputStream.java:72)
	at org.apache.ratis.server.raftlog.segmented.SegmentedRaftLogWorker$StartLogSegment.execute(SegmentedRaftLogWorker.java:566)
	at org.apache.ratis.server.raftlog.segmented.SegmentedRaftLogWorker.run(SegmentedRaftLogWorker.java:289)
	at java.lang.Thread.run(Thread.java:748)
2019-09-26 15:08:48,313 [8a411a4f-0e32-4dd1-80b9-a797c2117425@group-464AB6351F7D-SegmentedRaftLogWorker] ERROR segmented.SegmentedRaftLogWorker (SegmentedRaftLogWorker.java:run(323)) - 8a411a4f-0e32-4dd1-80b9-a797c2117425@group-464AB6351F7D-SegmentedRaftLogWorker hit exception
java.lang.OutOfMemoryError: Direct buffer memory
	at java.nio.Bits.reserveMemory(Bits.java:666)
	at java.nio.DirectByteBuffer.<init>(DirectByteBuffer.java:123)
	at java.nio.ByteBuffer.allocateDirect(ByteBuffer.java:311)
	at org.apache.ratis.server.raftlog.segmented.BufferedWriteChannel.<init>(BufferedWriteChannel.java:41)
	at org.apache.ratis.server.raftlog.segmented.SegmentedRaftLogOutputStream.<init>(SegmentedRaftLogOutputStream.java:72)
	at org.apache.ratis.server.raftlog.segmented.SegmentedRaftLogWorker$StartLogSegment.execute(SegmentedRaftLogWorker.java:566)
	at org.apache.ratis.server.raftlog.segmented.SegmentedRaftLogWorker.run(SegmentedRaftLogWorker.java:289)
	at java.lang.Thread.run(Thread.java:748)
2019-09-26 15:08:51,241 [8a411a4f-0e32-4dd1-80b9-a797c2117425@group-464AB6351F7D-SegmentedRaftLogWorker] INFO  impl.RaftServerImpl (RaftServerImpl.java:lambda$shutdown$3(251)) - 8a411a4f-0e32-4dd1-80b9-a797c2117425@group-464AB6351F7D: shutdown
2019-09-26 15:08:48,313 [8a411a4f-0e32-4dd1-80b9-a797c2117425@group-AF909D263E7A-SegmentedRaftLogWorker] ERROR segmented.SegmentedRaftLogWorker (SegmentedRaftLogWorker.java:run(323)) - 8a411a4f-0e32-4dd1-80b9-a797c2117425@group-AF909D263E7A-SegmentedRaftLogWorker hit exception
java.lang.OutOfMemoryError: Direct buffer memory
	at java.nio.Bits.reserveMemory(Bits.java:666)
	at java.nio.DirectByteBuffer.<init>(DirectByteBuffer.java:123)
	at java.nio.ByteBuffer.allocateDirect(ByteBuffer.java:311)
	at org.apache.ratis.server.raftlog.segmented.BufferedWriteChannel.<init>(BufferedWriteChannel.java:41)
	at org.apache.ratis.server.raftlog.segmented.SegmentedRaftLogOutputStream.<init>(SegmentedRaftLogOutputStream.java:72)
	at org.apache.ratis.server.raftlog.segmented.SegmentedRaftLogWorker$StartLogSegment.execute(SegmentedRaftLogWorker.java:566)
	at org.apache.ratis.server.raftlog.segmented.SegmentedRaftLogWorker.run(SegmentedRaftLogWorker.java:289)
	at java.lang.Thread.run(Thread.java:748)
2019-09-26 15:08:48,313 [8a411a4f-0e32-4dd1-80b9-a797c2117425@group-34FCBFD36539-SegmentedRaftLogWorker] ERROR segmented.SegmentedRaftLogWorker (SegmentedRaftLogWorker.java:run(323)) - 8a411a4f-0e32-4dd1-80b9-a797c2117425@group-34FCBFD36539-SegmentedRaftLogWorker hit exception
java.lang.OutOfMemoryError: Direct buffer memory
	at java.nio.Bits.reserveMemory(Bits.java:666)
	at java.nio.DirectByteBuffer.<init>(DirectByteBuffer.java:123)
	at java.nio.ByteBuffer.allocateDirect(ByteBuffer.java:311)
	at org.apache.ratis.server.raftlog.segmented.BufferedWriteChannel.<init>(BufferedWriteChannel.java:41)
	at org.apache.ratis.server.raftlog.segmented.SegmentedRaftLogOutputStream.<init>(SegmentedRaftLogOutputStream.java:72)
	at org.apache.ratis.server.raftlog.segmented.SegmentedRaftLogWorker$StartLogSegment.execute(SegmentedRaftLogWorker.java:566)
	at org.apache.ratis.server.raftlog.segmented.SegmentedRaftLogWorker.run(SegmentedRaftLogWorker.java:289)
	at java.lang.Thread.run(Thread.java:748)
2019-09-26 15:08:51,242 [8a411a4f-0e32-4dd1-80b9-a797c2117425@group-34FCBFD36539-SegmentedRaftLogWorker] INFO  impl.RaftServerImpl (RaftServerImpl.java:lambda$shutdown$3(251)) - 8a411a4f-0e32-4dd1-80b9-a797c2117425@group-34FCBFD36539: shutdown
2019-09-26 15:08:48,313 [8a411a4f-0e32-4dd1-80b9-a797c2117425@group-AD41E9BABF33-SegmentedRaftLogWorker] ERROR segmented.SegmentedRaftLogWorker (SegmentedRaftLogWorker.java:run(323)) - 8a411a4f-0e32-4dd1-80b9-a797c2117425@group-AD41E9BABF33-SegmentedRaftLogWorker hit exception
java.lang.OutOfMemoryError: Direct buffer memory
	at java.nio.Bits.reserveMemory(Bits.java:666)
	at java.nio.DirectByteBuffer.<init>(DirectByteBuffer.java:123)
	at java.nio.ByteBuffer.allocateDirect(ByteBuffer.java:311)
	at org.apache.ratis.server.raftlog.segmented.BufferedWriteChannel.<init>(BufferedWriteChannel.java:41)
	at org.apache.ratis.server.raftlog.segmented.SegmentedRaftLogOutputStream.<init>(SegmentedRaftLogOutputStream.java:72)
	at org.apache.ratis.server.raftlog.segmented.SegmentedRaftLogWorker$StartLogSegment.execute(SegmentedRaftLogWorker.java:566)
	at org.apache.ratis.server.raftlog.segmented.SegmentedRaftLogWorker.run(SegmentedRaftLogWorker.java:289)
	at java.lang.Thread.run(Thread.java:748)
2019-09-26 15:08:48,313 [8a411a4f-0e32-4dd1-80b9-a797c2117425@group-B3C8B28B000E-SegmentedRaftLogWorker] ERROR segmented.SegmentedRaftLogWorker (SegmentedRaftLogWorker.java:run(323)) - 8a411a4f-0e32-4dd1-80b9-a797c2117425@group-B3C8B28B000E-SegmentedRaftLogWorker hit exception
java.lang.OutOfMemoryError: Direct buffer memory
	at java.nio.Bits.reserveMemory(Bits.java:666)
	at java.nio.DirectByteBuffer.<init>(DirectByteBuffer.java:123)
	at java.nio.ByteBuffer.allocateDirect(ByteBuffer.java:311)
	at org.apache.ratis.server.raftlog.segmented.BufferedWriteChannel.<init>(BufferedWriteChannel.java:41)
	at org.apache.ratis.server.raftlog.segmented.SegmentedRaftLogOutputStream.<init>(SegmentedRaftLogOutputStream.java:72)
	at org.apache.ratis.server.raftlog.segmented.SegmentedRaftLogWorker$StartLogSegment.execute(SegmentedRaftLogWorker.java:566)
	at org.apache.ratis.server.raftlog.segmented.SegmentedRaftLogWorker.run(SegmentedRaftLogWorker.java:289)
	at java.lang.Thread.run(Thread.java:748)
2019-09-26 15:08:51,242 [8a411a4f-0e32-4dd1-80b9-a797c2117425@group-B3C8B28B000E-SegmentedRaftLogWorker] INFO  impl.RaftServerImpl (RaftServerImpl.java:lambda$shutdown$3(251)) - 8a411a4f-0e32-4dd1-80b9-a797c2117425@group-B3C8B28B000E: shutdown
2019-09-26 15:08:48,097 [8a411a4f-0e32-4dd1-80b9-a797c2117425@group-7740B1DAF25C:LeaderElection212] INFO  impl.RoleInfo (RoleInfo.java:updateAndGet(143)) - 8a411a4f-0e32-4dd1-80b9-a797c2117425: start LeaderState
2019-09-26 15:08:48,097 [pool-27-thread-1] INFO  server.RaftServerConfigKeys (ConfUtils.java:logGet(43)) - raft.server.snapshot.retention.num.files = 5 (custom)
2019-09-26 15:08:48,096 [8a411a4f-0e32-4dd1-80b9-a797c2117425@group-56CC94C0701C:LeaderElection255] INFO  server.RaftServerConfigKeys (ConfUtils.java:logGet(43)) - raft.server.rpc.sleep.time = 25ms (default)
2019-09-26 15:08:48,096 [8a411a4f-0e32-4dd1-80b9-a797c2117425@group-D6588462D619:LeaderElection259] INFO  server.RaftServerConfigKeys (ConfUtils.java:logGet(43)) - raft.server.write.element-limit = 4096 (default)
2019-09-26 15:08:48,096 [8a411a4f-0e32-4dd1-80b9-a797c2117425@group-4D95ED7A34E1-SegmentedRaftLogWorker] ERROR segmented.SegmentedRaftLogWorker (SegmentedRaftLogWorker.java:run(323)) - 8a411a4f-0e32-4dd1-80b9-a797c2117425@group-4D95ED7A34E1-SegmentedRaftLogWorker hit exception
java.lang.OutOfMemoryError: Direct buffer memory
	at java.nio.Bits.reserveMemory(Bits.java:666)
	at java.nio.DirectByteBuffer.<init>(DirectByteBuffer.java:123)
	at java.nio.ByteBuffer.allocateDirect(ByteBuffer.java:311)
	at org.apache.ratis.server.raftlog.segmented.BufferedWriteChannel.<init>(BufferedWriteChannel.java:41)
	at org.apache.ratis.server.raftlog.segmented.SegmentedRaftLogOutputStream.<init>(SegmentedRaftLogOutputStream.java:72)
	at org.apache.ratis.server.raftlog.segmented.SegmentedRaftLogWorker$StartLogSegment.execute(SegmentedRaftLogWorker.java:566)
	at org.apache.ratis.server.raftlog.segmented.SegmentedRaftLogWorker.run(SegmentedRaftLogWorker.java:289)
	at java.lang.Thread.run(Thread.java:748)
2019-09-26 15:08:47,897 [8a411a4f-0e32-4dd1-80b9-a797c2117425@group-815581757129:LeaderElection197] INFO  impl.RaftServerImpl (ServerState.java:setRaftConf(354)) - 8a411a4f-0e32-4dd1-80b9-a797c2117425@group-815581757129: set configuration 0: [8a411a4f-0e32-4dd1-80b9-a797c2117425:192.168.151.99:37125], old=null at 0
2019-09-26 15:08:47,897 [8a411a4f-0e32-4dd1-80b9-a797c2117425@group-1BAA2484A192:LeaderElection245] INFO  server.RaftServerConfigKeys (ConfUtils.java:logGet(43)) - raft.server.watch.element-limit = 65536 (default)
2019-09-26 15:08:47,897 [8a411a4f-0e32-4dd1-80b9-a797c2117425@group-533E6FD97CDD:LeaderElection269] INFO  server.RaftServerConfigKeys (ConfUtils.java:logGet(43)) - raft.server.rpc.sleep.time = 25ms (default)
2019-09-26 15:08:47,896 [8a411a4f-0e32-4dd1-80b9-a797c2117425@group-5709F8A61C02:LeaderElection248] INFO  server.RaftServerConfigKeys (ConfUtils.java:logGet(43)) - raft.server.watch.timeout.denomination = 1s (default)
2019-09-26 15:08:47,896 [8a411a4f-0e32-4dd1-80b9-a797c2117425@group-53CD7F03AB35:LeaderElection253] INFO  server.RaftServerConfigKeys (ConfUtils.java:logGet(43)) - raft.server.watch.element-limit = 65536 (default)
2019-09-26 15:08:47,896 [8a411a4f-0e32-4dd1-80b9-a797c2117425@group-CAAD3C9AE29A:LeaderElection237] INFO  server.RaftServerConfigKeys (ConfUtils.java:logGet(43)) - raft.server.watch.element-limit = 65536 (default)
2019-09-26 15:08:47,896 [8a411a4f-0e32-4dd1-80b9-a797c2117425@group-FF69114B1B03:LeaderElection257] INFO  server.RaftServerConfigKeys (ConfUtils.java:logGet(43)) - raft.server.watch.timeout = 10s (default)
2019-09-26 15:08:47,674 [8a411a4f-0e32-4dd1-80b9-a797c2117425@group-DE38E862BFA6:LeaderElection224] INFO  server.RaftServerConfigKeys (ConfUtils.java:logGet(43)) - raft.server.watch.timeout.denomination = 1s (default)
2019-09-26 15:08:47,674 [8a411a4f-0e32-4dd1-80b9-a797c2117425@group-FFBC1D88D468:LeaderElection220] INFO  server.RaftServerConfigKeys (ConfUtils.java:logGet(43)) - raft.server.watch.timeout = 10s (default)
2019-09-26 15:08:47,674 [8a411a4f-0e32-4dd1-80b9-a797c2117425@group-AE0AA035EF40:LeaderElection228] INFO  server.RaftServerConfigKeys (ConfUtils.java:logGet(43)) - raft.server.watch.timeout = 10s (default)
2019-09-26 15:08:47,674 [8a411a4f-0e32-4dd1-80b9-a797c2117425@group-817B3DD20E3E:LeaderElection219] INFO  server.RaftServerConfigKeys (ConfUtils.java:logGet(43)) - raft.server.watch.timeout = 10s (default)
2019-09-26 15:08:47,673 [8a411a4f-0e32-4dd1-80b9-a797c2117425@group-797476ADB718:LeaderElection223] INFO  server.RaftServerConfigKeys (ConfUtils.java:logGet(43)) - raft.server.watch.timeout = 10s (default)
2019-09-26 15:08:47,673 [8a411a4f-0e32-4dd1-80b9-a797c2117425@group-FDA5C66D66D8:LeaderElection231] INFO  server.RaftServerConfigKeys (ConfUtils.java:logGet(43)) - raft.server.watch.timeout.denomination = 1s (default)
2019-09-26 15:08:47,673 [8a411a4f-0e32-4dd1-80b9-a797c2117425@group-3FF9DA04F6D3:LeaderElection243] INFO  server.RaftServerConfigKeys (ConfUtils.java:logGet(43)) - raft.server.watch.timeout.denomination = 1s (default)
2019-09-26 15:08:51,246 [8a411a4f-0e32-4dd1-80b9-a797c2117425@group-3FF9DA04F6D3:LeaderElection243] INFO  server.RaftServerConfigKeys (ConfUtils.java:logGet(43)) - raft.server.watch.element-limit = 65536 (default)
2019-09-26 15:08:47,673 [8a411a4f-0e32-4dd1-80b9-a797c2117425@group-966319DBCAF8:LeaderElection230] INFO  server.RaftServerConfigKeys (ConfUtils.java:logGet(43)) - raft.server.watch.element-limit = 65536 (default)
2019-09-26 15:08:47,673 [8a411a4f-0e32-4dd1-80b9-a797c2117425@group-A010A9011A71:LeaderElection270] INFO  server.RaftServerConfigKeys (ConfUtils.java:logGet(43)) - raft.server.watch.timeout.denomination = 1s (default)
2019-09-26 15:08:51,247 [8a411a4f-0e32-4dd1-80b9-a797c2117425@group-A010A9011A71:LeaderElection270] INFO  server.RaftServerConfigKeys (ConfUtils.java:logGet(43)) - raft.server.watch.element-limit = 65536 (default)
2019-09-26 15:08:47,673 [8a411a4f-0e32-4dd1-80b9-a797c2117425@group-DA5E89A2DC85:LeaderElection265] INFO  server.RaftServerConfigKeys (ConfUtils.java:logGet(43)) - raft.server.watch.timeout = 10s (default)
2019-09-26 15:08:47,673 [8a411a4f-0e32-4dd1-80b9-a797c2117425@group-080076819465:LeaderElection222] INFO  server.RaftServerConfigKeys (ConfUtils.java:logGet(43)) - raft.server.watch.timeout = 10s (default)
2019-09-26 15:08:47,673 [8a411a4f-0e32-4dd1-80b9-a797c2117425@group-A085057DFB26:LeaderElection233] INFO  server.RaftServerConfigKeys (ConfUtils.java:logGet(43)) - raft.server.watch.timeout.denomination = 1s (default)
2019-09-26 15:08:47,672 [8a411a4f-0e32-4dd1-80b9-a797c2117425@group-C78D9C690071:LeaderElection232] INFO  server.RaftServerConfigKeys (ConfUtils.java:logGet(43)) - raft.server.watch.timeout = 10s (default)
2019-09-26 15:08:47,672 [8a411a4f-0e32-4dd1-80b9-a797c2117425@group-4A3018D7CF99:LeaderElection218] INFO  server.RaftServerConfigKeys (ConfUtils.java:logGet(43)) - raft.server.watch.timeout = 10s (default)
2019-09-26 15:08:47,672 [8a411a4f-0e32-4dd1-80b9-a797c2117425@group-5997EE45F5E1:LeaderElection227] INFO  server.RaftServerConfigKeys (ConfUtils.java:logGet(43)) - raft.server.watch.timeout.denomination = 1s (default)
2019-09-26 15:08:47,672 [8a411a4f-0e32-4dd1-80b9-a797c2117425@group-FEC7288BDF94:LeaderElection225] INFO  server.RaftServerConfigKeys (ConfUtils.java:logGet(43)) - raft.server.watch.timeout = 10s (default)
2019-09-26 15:08:47,671 [8a411a4f-0e32-4dd1-80b9-a797c2117425@group-BF52FF77A681:LeaderElection229] INFO  server.RaftServerConfigKeys (ConfUtils.java:logGet(43)) - raft.server.watch.timeout = 10s (default)
2019-09-26 15:08:47,671 [8a411a4f-0e32-4dd1-80b9-a797c2117425@group-BF7801AC219F:LeaderElection250] INFO  server.RaftServerConfigKeys (ConfUtils.java:logGet(43)) - raft.server.watch.timeout.denomination = 1s (default)
2019-09-26 15:08:47,671 [8a411a4f-0e32-4dd1-80b9-a797c2117425@group-BDE5A38AA11F:LeaderElection258] INFO  server.RaftServerConfigKeys (ConfUtils.java:logGet(43)) - raft.server.watch.timeout.denomination = 1s (default)
2019-09-26 15:08:47,671 [8a411a4f-0e32-4dd1-80b9-a797c2117425@group-953CCBC0A9E0:LeaderElection244] INFO  server.RaftServerConfigKeys (ConfUtils.java:logGet(43)) - raft.server.watch.timeout.denomination = 1s (default)
2019-09-26 15:08:47,671 [8a411a4f-0e32-4dd1-80b9-a797c2117425@group-6DE3712AF134-SegmentedRaftLogWorker] INFO  segmented.SegmentedRaftLogWorker (SegmentedRaftLogWorker.java:close(228)) - 8a411a4f-0e32-4dd1-80b9-a797c2117425@group-6DE3712AF134-SegmentedRaftLogWorker close()
2019-09-26 15:08:47,671 [8a411a4f-0e32-4dd1-80b9-a797c2117425@group-5E95C319A20F-SegmentedRaftLogWorker] INFO  impl.RaftServerImpl (RaftServerImpl.java:lambda$shutdown$3(251)) - 8a411a4f-0e32-4dd1-80b9-a797c2117425@group-5E95C319A20F: shutdown
2019-09-26 15:08:47,670 [8a411a4f-0e32-4dd1-80b9-a797c2117425@group-B3783F4873A6-SegmentedRaftLogWorker] INFO  impl.RaftServerImpl (RaftServerImpl.java:lambda$shutdown$3(251)) - 8a411a4f-0e32-4dd1-80b9-a797c2117425@group-B3783F4873A6: shutdown
2019-09-26 15:08:47,670 [8a411a4f-0e32-4dd1-80b9-a797c2117425@group-3AAC4688A9E6-SegmentedRaftLogWorker] INFO  segmented.SegmentedRaftLogWorker (SegmentedRaftLogWorker.java:close(228)) - 8a411a4f-0e32-4dd1-80b9-a797c2117425@group-3AAC4688A9E6-SegmentedRaftLogWorker close()
2019-09-26 15:08:47,670 [8a411a4f-0e32-4dd1-80b9-a797c2117425@group-8C4965DA48D4:LeaderElection264] INFO  server.RaftServerConfigKeys (ConfUtils.java:logGet(43)) - raft.server.watch.timeout = 10s (default)
2019-09-26 15:08:47,670 [8a411a4f-0e32-4dd1-80b9-a797c2117425@group-00BC2B0139A4:LeaderElection217] INFO  server.RaftServerConfigKeys (ConfUtils.java:logGet(43)) - raft.server.watch.timeout = 10s (default)
2019-09-26 15:08:47,670 [8a411a4f-0e32-4dd1-80b9-a797c2117425@group-CA9544AD4330:LeaderElection216] INFO  server.RaftServerConfigKeys (ConfUtils.java:logGet(43)) - raft.server.watch.element-limit = 65536 (default)
2019-09-26 15:08:47,669 [8a411a4f-0e32-4dd1-80b9-a797c2117425@group-B50C770756F4:LeaderElection276] INFO  server.RaftServerConfigKeys (ConfUtils.java:logGet(43)) - raft.server.watch.timeout = 10s (default)
2019-09-26 15:08:47,669 [8a411a4f-0e32-4dd1-80b9-a797c2117425@group-B82DE6D48904:LeaderElection271] INFO  impl.RaftServerImpl (RaftServerImpl.java:setRole(174)) - 8a411a4f-0e32-4dd1-80b9-a797c2117425@group-B82DE6D48904: changes role from CANDIDATE to LEADER at term 1 for changeToLeader
2019-09-26 15:08:51,250 [8a411a4f-0e32-4dd1-80b9-a797c2117425@group-B82DE6D48904:LeaderElection271] INFO  impl.RaftServerImpl (ServerState.java:setLeader(253)) - 8a411a4f-0e32-4dd1-80b9-a797c2117425@group-B82DE6D48904: change Leader from null to 8a411a4f-0e32-4dd1-80b9-a797c2117425 at term 1 for becomeLeader, leader elected after 17147ms
2019-09-26 15:08:47,669 [8a411a4f-0e32-4dd1-80b9-a797c2117425@group-C79884FD6F3D:LeaderElection272] INFO  impl.RaftServerImpl (RaftServerImpl.java:setRole(174)) - 8a411a4f-0e32-4dd1-80b9-a797c2117425@group-C79884FD6F3D: changes role from CANDIDATE to LEADER at term 1 for changeToLeader
2019-09-26 15:08:47,669 [8a411a4f-0e32-4dd1-80b9-a797c2117425@group-22226669EE23:LeaderElection273] INFO  impl.RaftServerImpl (RaftServerImpl.java:setRole(174)) - 8a411a4f-0e32-4dd1-80b9-a797c2117425@group-22226669EE23: changes role from CANDIDATE to LEADER at term 1 for changeToLeader
2019-09-26 15:08:47,669 [8a411a4f-0e32-4dd1-80b9-a797c2117425@group-61F50073A647:LeaderElection275] INFO  impl.RaftServerImpl (RaftServerImpl.java:setRole(174)) - 8a411a4f-0e32-4dd1-80b9-a797c2117425@group-61F50073A647: changes role from CANDIDATE to LEADER at term 1 for changeToLeader
2019-09-26 15:08:51,251 [8a411a4f-0e32-4dd1-80b9-a797c2117425@group-5E95C319A20F-SegmentedRaftLogWorker] INFO  util.JmxRegister (JmxRegister.java:unregister(73)) - Successfully un-registered JMX Bean with object name Ratis:service=RaftServer,group=group-5E95C319A20F,id=8a411a4f-0e32-4dd1-80b9-a797c2117425
2019-09-26 15:08:47,668 [8a411a4f-0e32-4dd1-80b9-a797c2117425@group-E7D8D4CC70D9:LeaderElection274] INFO  impl.RaftServerImpl (RaftServerImpl.java:setRole(174)) - 8a411a4f-0e32-4dd1-80b9-a797c2117425@group-E7D8D4CC70D9: changes role from CANDIDATE to LEADER at term 1 for changeToLeader
2019-09-26 15:08:47,668 [8a411a4f-0e32-4dd1-80b9-a797c2117425@group-157AB0181C30:LeaderElection277] INFO  impl.RoleInfo (RoleInfo.java:shutdownLeaderElection(134)) - 8a411a4f-0e32-4dd1-80b9-a797c2117425: shutdown LeaderElection
2019-09-26 15:08:51,251 [8a411a4f-0e32-4dd1-80b9-a797c2117425@group-E7D8D4CC70D9:LeaderElection274] INFO  impl.RaftServerImpl (ServerState.java:setLeader(253)) - 8a411a4f-0e32-4dd1-80b9-a797c2117425@group-E7D8D4CC70D9: change Leader from null to 8a411a4f-0e32-4dd1-80b9-a797c2117425 at term 1 for becomeLeader, leader elected after 16364ms
2019-09-26 15:08:51,251 [8a411a4f-0e32-4dd1-80b9-a797c2117425@group-5E95C319A20F-SegmentedRaftLogWorker] INFO  impl.RoleInfo (RoleInfo.java:shutdownLeaderState(104)) - 8a411a4f-0e32-4dd1-80b9-a797c2117425: shutdown LeaderState
2019-09-26 15:08:51,251 [8a411a4f-0e32-4dd1-80b9-a797c2117425@group-B3783F4873A6-SegmentedRaftLogWorker] INFO  util.JmxRegister (JmxRegister.java:unregister(73)) - Successfully un-registered JMX Bean with object name Ratis:service=RaftServer,group=group-B3783F4873A6,id=8a411a4f-0e32-4dd1-80b9-a797c2117425
2019-09-26 15:08:51,251 [8a411a4f-0e32-4dd1-80b9-a797c2117425@group-B3783F4873A6-SegmentedRaftLogWorker] INFO  impl.RoleInfo (RoleInfo.java:shutdownLeaderState(104)) - 8a411a4f-0e32-4dd1-80b9-a797c2117425: shutdown LeaderState
2019-09-26 15:08:51,251 [8a411a4f-0e32-4dd1-80b9-a797c2117425@group-61F50073A647:LeaderElection275] INFO  impl.RaftServerImpl (ServerState.java:setLeader(253)) - 8a411a4f-0e32-4dd1-80b9-a797c2117425@group-61F50073A647: change Leader from null to 8a411a4f-0e32-4dd1-80b9-a797c2117425 at term 1 for becomeLeader, leader elected after 16326ms
2019-09-26 15:08:51,251 [8a411a4f-0e32-4dd1-80b9-a797c2117425@group-22226669EE23:LeaderElection273] INFO  impl.RaftServerImpl (ServerState.java:setLeader(253)) - 8a411a4f-0e32-4dd1-80b9-a797c2117425@group-22226669EE23: change Leader from null to 8a411a4f-0e32-4dd1-80b9-a797c2117425 at term 1 for becomeLeader, leader elected after 16844ms
2019-09-26 15:08:51,250 [8a411a4f-0e32-4dd1-80b9-a797c2117425@group-C79884FD6F3D:LeaderElection272] INFO  impl.RaftServerImpl (ServerState.java:setLeader(253)) - 8a411a4f-0e32-4dd1-80b9-a797c2117425@group-C79884FD6F3D: change Leader from null to 8a411a4f-0e32-4dd1-80b9-a797c2117425 at term 1 for becomeLeader, leader elected after 12146ms
2019-09-26 15:08:51,250 [8a411a4f-0e32-4dd1-80b9-a797c2117425@group-B82DE6D48904:LeaderElection271] INFO  server.RaftServerConfigKeys (ConfUtils.java:logGet(43)) - raft.server.staging.catchup.gap = 1000 (default)
2019-09-26 15:08:51,250 [8a411a4f-0e32-4dd1-80b9-a797c2117425@group-B50C770756F4:LeaderElection276] INFO  server.RaftServerConfigKeys (ConfUtils.java:logGet(43)) - raft.server.watch.timeout.denomination = 1s (default)
2019-09-26 15:08:51,250 [8a411a4f-0e32-4dd1-80b9-a797c2117425@group-00BC2B0139A4:LeaderElection217] INFO  server.RaftServerConfigKeys (ConfUtils.java:logGet(43)) - raft.server.watch.timeout.denomination = 1s (default)
2019-09-26 15:08:51,250 [8a411a4f-0e32-4dd1-80b9-a797c2117425@group-8C4965DA48D4:LeaderElection264] INFO  server.RaftServerConfigKeys (ConfUtils.java:logGet(43)) - raft.server.watch.timeout.denomination = 1s (default)
2019-09-26 15:08:51,249 [8a411a4f-0e32-4dd1-80b9-a797c2117425@group-953CCBC0A9E0:LeaderElection244] INFO  server.RaftServerConfigKeys (ConfUtils.java:logGet(43)) - raft.server.watch.element-limit = 65536 (default)
2019-09-26 15:08:51,249 [8a411a4f-0e32-4dd1-80b9-a797c2117425@group-BDE5A38AA11F:LeaderElection258] INFO  server.RaftServerConfigKeys (ConfUtils.java:logGet(43)) - raft.server.watch.element-limit = 65536 (default)
2019-09-26 15:08:51,248 [8a411a4f-0e32-4dd1-80b9-a797c2117425@group-BF7801AC219F:LeaderElection250] INFO  server.RaftServerConfigKeys (ConfUtils.java:logGet(43)) - raft.server.watch.element-limit = 65536 (default)
2019-09-26 15:08:51,248 [8a411a4f-0e32-4dd1-80b9-a797c2117425@group-BF52FF77A681:LeaderElection229] INFO  server.RaftServerConfigKeys (ConfUtils.java:logGet(43)) - raft.server.watch.timeout.denomination = 1s (default)
2019-09-26 15:08:51,248 [8a411a4f-0e32-4dd1-80b9-a797c2117425@group-FEC7288BDF94:LeaderElection225] INFO  server.RaftServerConfigKeys (ConfUtils.java:logGet(43)) - raft.server.watch.timeout.denomination = 1s (default)
2019-09-26 15:08:51,248 [8a411a4f-0e32-4dd1-80b9-a797c2117425@group-5997EE45F5E1:LeaderElection227] INFO  server.RaftServerConfigKeys (ConfUtils.java:logGet(43)) - raft.server.watch.element-limit = 65536 (default)
2019-09-26 15:08:51,248 [8a411a4f-0e32-4dd1-80b9-a797c2117425@group-4A3018D7CF99:LeaderElection218] INFO  server.RaftServerConfigKeys (ConfUtils.java:logGet(43)) - raft.server.watch.timeout.denomination = 1s (default)
2019-09-26 15:08:51,248 [8a411a4f-0e32-4dd1-80b9-a797c2117425@group-C78D9C690071:LeaderElection232] INFO  server.RaftServerConfigKeys (ConfUtils.java:logGet(43)) - raft.server.watch.timeout.denomination = 1s (default)
2019-09-26 15:08:51,247 [8a411a4f-0e32-4dd1-80b9-a797c2117425@group-A085057DFB26:LeaderElection233] INFO  server.RaftServerConfigKeys (ConfUtils.java:logGet(43)) - raft.server.watch.element-limit = 65536 (default)
2019-09-26 15:08:51,247 [8a411a4f-0e32-4dd1-80b9-a797c2117425@group-080076819465:LeaderElection222] INFO  server.RaftServerConfigKeys (ConfUtils.java:logGet(43)) - raft.server.watch.timeout.denomination = 1s (default)
2019-09-26 15:08:51,247 [8a411a4f-0e32-4dd1-80b9-a797c2117425@group-DA5E89A2DC85:LeaderElection265] INFO  server.RaftServerConfigKeys (ConfUtils.java:logGet(43)) - raft.server.watch.timeout.denomination = 1s (default)
2019-09-26 15:08:51,246 [8a411a4f-0e32-4dd1-80b9-a797c2117425@group-FDA5C66D66D8:LeaderElection231] INFO  server.RaftServerConfigKeys (ConfUtils.java:logGet(43)) - raft.server.watch.element-limit = 65536 (default)
2019-09-26 15:08:51,246 [8a411a4f-0e32-4dd1-80b9-a797c2117425@group-797476ADB718:LeaderElection223] INFO  server.RaftServerConfigKeys (ConfUtils.java:logGet(43)) - raft.server.watch.timeout.denomination = 1s (default)
2019-09-26 15:08:51,246 [8a411a4f-0e32-4dd1-80b9-a797c2117425@group-817B3DD20E3E:LeaderElection219] INFO  server.RaftServerConfigKeys (ConfUtils.java:logGet(43)) - raft.server.watch.timeout.denomination = 1s (default)
2019-09-26 15:08:51,254 [8a411a4f-0e32-4dd1-80b9-a797c2117425@group-817B3DD20E3E:LeaderElection219] INFO  server.RaftServerConfigKeys (ConfUtils.java:logGet(43)) - raft.server.watch.element-limit = 65536 (default)
2019-09-26 15:08:51,246 [8a411a4f-0e32-4dd1-80b9-a797c2117425@group-69E0C5198CB5:LeaderElection251] INFO  impl.RoleInfo (RoleInfo.java:updateAndGet(143)) - 8a411a4f-0e32-4dd1-80b9-a797c2117425: start LeaderState
2019-09-26 15:08:51,246 [8a411a4f-0e32-4dd1-80b9-a797c2117425@group-AE0AA035EF40:LeaderElection228] INFO  server.RaftServerConfigKeys (ConfUtils.java:logGet(43)) - raft.server.watch.timeout.denomination = 1s (default)
2019-09-26 15:08:51,255 [8a411a4f-0e32-4dd1-80b9-a797c2117425@group-69E0C5198CB5:LeaderElection251] INFO  segmented.SegmentedRaftLogWorker (SegmentedRaftLogWorker.java:startLogSegment(380)) - 8a411a4f-0e32-4dd1-80b9-a797c2117425@group-69E0C5198CB5-SegmentedRaftLogWorker: Starting segment from index:0
2019-09-26 15:08:51,245 [8a411a4f-0e32-4dd1-80b9-a797c2117425@group-FFBC1D88D468:LeaderElection220] INFO  server.RaftServerConfigKeys (ConfUtils.java:logGet(43)) - raft.server.watch.timeout.denomination = 1s (default)
2019-09-26 15:08:51,245 [8a411a4f-0e32-4dd1-80b9-a797c2117425@group-DE38E862BFA6:LeaderElection224] INFO  server.RaftServerConfigKeys (ConfUtils.java:logGet(43)) - raft.server.watch.element-limit = 65536 (default)
2019-09-26 15:08:51,245 [8a411a4f-0e32-4dd1-80b9-a797c2117425@group-FF69114B1B03:LeaderElection257] INFO  server.RaftServerConfigKeys (ConfUtils.java:logGet(43)) - raft.server.watch.timeout.denomination = 1s (default)
2019-09-26 15:08:51,245 [8a411a4f-0e32-4dd1-80b9-a797c2117425@group-5709F8A61C02:LeaderElection248] INFO  server.RaftServerConfigKeys (ConfUtils.java:logGet(43)) - raft.server.watch.element-limit = 65536 (default)
2019-09-26 15:08:51,245 [8a411a4f-0e32-4dd1-80b9-a797c2117425@group-533E6FD97CDD:LeaderElection269] INFO  server.RaftServerConfigKeys (ConfUtils.java:logGet(43)) - raft.server.write.element-limit = 4096 (default)
2019-09-26 15:08:51,244 [8a411a4f-0e32-4dd1-80b9-a797c2117425@group-B3C8B28B000E-SegmentedRaftLogWorker] INFO  util.JmxRegister (JmxRegister.java:unregister(73)) - Successfully un-registered JMX Bean with object name Ratis:service=RaftServer,group=group-B3C8B28B000E,id=8a411a4f-0e32-4dd1-80b9-a797c2117425
2019-09-26 15:08:51,244 [8a411a4f-0e32-4dd1-80b9-a797c2117425@group-4D95ED7A34E1-SegmentedRaftLogWorker] INFO  impl.RaftServerImpl (RaftServerImpl.java:lambda$shutdown$3(251)) - 8a411a4f-0e32-4dd1-80b9-a797c2117425@group-4D95ED7A34E1: shutdown
2019-09-26 15:08:51,244 [8a411a4f-0e32-4dd1-80b9-a797c2117425@group-34FCBFD36539-SegmentedRaftLogWorker] INFO  util.JmxRegister (JmxRegister.java:unregister(73)) - Successfully un-registered JMX Bean with object name Ratis:service=RaftServer,group=group-34FCBFD36539,id=8a411a4f-0e32-4dd1-80b9-a797c2117425
2019-09-26 15:08:51,243 [8a411a4f-0e32-4dd1-80b9-a797c2117425@group-D6588462D619:LeaderElection259] INFO  server.RaftServerConfigKeys (ConfUtils.java:logGet(43)) - raft.server.watch.timeout = 10s (default)
2019-09-26 15:08:51,243 [8a411a4f-0e32-4dd1-80b9-a797c2117425@group-56CC94C0701C:LeaderElection255] INFO  server.RaftServerConfigKeys (ConfUtils.java:logGet(43)) - raft.server.write.element-limit = 4096 (default)
2019-09-26 15:08:51,243 [pool-27-thread-1] INFO  server.RaftServerConfigKeys (ConfUtils.java:logGet(43)) - raft.server.retrycache.expirytime = 600000ms (custom)
2019-09-26 15:08:51,243 [8a411a4f-0e32-4dd1-80b9-a797c2117425@group-7740B1DAF25C:LeaderElection212] INFO  segmented.SegmentedRaftLogWorker (SegmentedRaftLogWorker.java:startLogSegment(380)) - 8a411a4f-0e32-4dd1-80b9-a797c2117425@group-7740B1DAF25C-SegmentedRaftLogWorker: Starting segment from index:0
2019-09-26 15:08:51,243 [8a411a4f-0e32-4dd1-80b9-a797c2117425@group-464AB6351F7D-SegmentedRaftLogWorker] INFO  util.JmxRegister (JmxRegister.java:unregister(73)) - Successfully un-registered JMX Bean with object name Ratis:service=RaftServer,group=group-464AB6351F7D,id=8a411a4f-0e32-4dd1-80b9-a797c2117425
2019-09-26 15:08:51,242 [8a411a4f-0e32-4dd1-80b9-a797c2117425@group-AD41E9BABF33-SegmentedRaftLogWorker] INFO  impl.RaftServerImpl (RaftServerImpl.java:lambda$shutdown$3(251)) - 8a411a4f-0e32-4dd1-80b9-a797c2117425@group-AD41E9BABF33: shutdown
2019-09-26 15:08:51,242 [8a411a4f-0e32-4dd1-80b9-a797c2117425@group-AF909D263E7A-SegmentedRaftLogWorker] INFO  impl.RaftServerImpl (RaftServerImpl.java:lambda$shutdown$3(251)) - 8a411a4f-0e32-4dd1-80b9-a797c2117425@group-AF909D263E7A: shutdown
2019-09-26 15:08:51,240 [8a411a4f-0e32-4dd1-80b9-a797c2117425@group-282779247581-SegmentedRaftLogWorker] INFO  impl.RaftServerImpl (RaftServerImpl.java:lambda$shutdown$3(251)) - 8a411a4f-0e32-4dd1-80b9-a797c2117425@group-282779247581: shutdown
2019-09-26 15:08:51,239 [8a411a4f-0e32-4dd1-80b9-a797c2117425@group-070482571D29-SegmentedRaftLogWorker] ERROR segmented.SegmentedRaftLogWorker (SegmentedRaftLogWorker.java:run(323)) - 8a411a4f-0e32-4dd1-80b9-a797c2117425@group-070482571D29-SegmentedRaftLogWorker hit exception
java.lang.OutOfMemoryError: Direct buffer memory
	at java.nio.Bits.reserveMemory(Bits.java:666)
	at java.nio.DirectByteBuffer.<init>(DirectByteBuffer.java:123)
	at java.nio.ByteBuffer.allocateDirect(ByteBuffer.java:311)
	at org.apache.ratis.server.raftlog.segmented.BufferedWriteChannel.<init>(BufferedWriteChannel.java:41)
	at org.apache.ratis.server.raftlog.segmented.SegmentedRaftLogOutputStream.<init>(SegmentedRaftLogOutputStream.java:72)
	at org.apache.ratis.server.raftlog.segmented.SegmentedRaftLogWorker$StartLogSegment.execute(SegmentedRaftLogWorker.java:566)
	at org.apache.ratis.server.raftlog.segmented.SegmentedRaftLogWorker.run(SegmentedRaftLogWorker.java:289)
	at java.lang.Thread.run(Thread.java:748)
2019-09-26 15:08:51,055 [8a411a4f-0e32-4dd1-80b9-a797c2117425@group-1E5C55F9AE7D:LeaderElection203] INFO  impl.RaftServerImpl (ServerState.java:setRaftConf(354)) - 8a411a4f-0e32-4dd1-80b9-a797c2117425@group-1E5C55F9AE7D: set configuration 0: [8a411a4f-0e32-4dd1-80b9-a797c2117425:192.168.151.99:37125], old=null at 0
2019-09-26 15:08:51,054 [8a411a4f-0e32-4dd1-80b9-a797c2117425@group-E916E844E274-SegmentedRaftLogWorker] INFO  impl.RaftServerImpl (RaftServerImpl.java:lambda$shutdown$3(251)) - 8a411a4f-0e32-4dd1-80b9-a797c2117425@group-E916E844E274: shutdown
2019-09-26 15:08:50,677 [8a411a4f-0e32-4dd1-80b9-a797c2117425@group-D864432FC37C-SegmentedRaftLogWorker] INFO  util.JmxRegister (JmxRegister.java:unregister(73)) - Successfully un-registered JMX Bean with object name Ratis:service=RaftServer,group=group-D864432FC37C,id=8a411a4f-0e32-4dd1-80b9-a797c2117425
2019-09-26 15:08:50,867 [8a411a4f-0e32-4dd1-80b9-a797c2117425@group-08ECA622B824-SegmentedRaftLogWorker] ERROR segmented.SegmentedRaftLogWorker (SegmentedRaftLogWorker.java:run(323)) - 8a411a4f-0e32-4dd1-80b9-a797c2117425@group-08ECA622B824-SegmentedRaftLogWorker hit exception
java.lang.OutOfMemoryError: Direct buffer memory
	at java.nio.Bits.reserveMemory(Bits.java:666)
	at java.nio.DirectByteBuffer.<init>(DirectByteBuffer.java:123)
	at java.nio.ByteBuffer.allocateDirect(ByteBuffer.java:311)
	at org.apache.ratis.server.raftlog.segmented.BufferedWriteChannel.<init>(BufferedWriteChannel.java:41)
	at org.apache.ratis.server.raftlog.segmented.SegmentedRaftLogOutputStream.<init>(SegmentedRaftLogOutputStream.java:72)
	at org.apache.ratis.server.raftlog.segmented.SegmentedRaftLogWorker$StartLogSegment.execute(SegmentedRaftLogWorker.java:566)
	at org.apache.ratis.server.raftlog.segmented.SegmentedRaftLogWorker.run(SegmentedRaftLogWorker.java:289)
	at java.lang.Thread.run(Thread.java:748)
2019-09-26 15:08:50,867 [8a411a4f-0e32-4dd1-80b9-a797c2117425@group-38020CCA7F83-SegmentedRaftLogWorker] ERROR segmented.SegmentedRaftLogWorker (SegmentedRaftLogWorker.java:run(323)) - 8a411a4f-0e32-4dd1-80b9-a797c2117425@group-38020CCA7F83-SegmentedRaftLogWorker hit exception
java.lang.OutOfMemoryError: Direct buffer memory
	at java.nio.Bits.reserveMemory(Bits.java:666)
	at java.nio.DirectByteBuffer.<init>(DirectByteBuffer.java:123)
	at java.nio.ByteBuffer.allocateDirect(ByteBuffer.java:311)
	at org.apache.ratis.server.raftlog.segmented.BufferedWriteChannel.<init>(BufferedWriteChannel.java:41)
	at org.apache.ratis.server.raftlog.segmented.SegmentedRaftLogOutputStream.<init>(SegmentedRaftLogOutputStream.java:72)
	at org.apache.ratis.server.raftlog.segmented.SegmentedRaftLogWorker$StartLogSegment.execute(SegmentedRaftLogWorker.java:566)
	at org.apache.ratis.server.raftlog.segmented.SegmentedRaftLogWorker.run(SegmentedRaftLogWorker.java:289)
	at java.lang.Thread.run(Thread.java:748)
2019-09-26 15:08:50,677 [8a411a4f-0e32-4dd1-80b9-a797c2117425@group-AE79292C071A:LeaderElection181] INFO  impl.RaftServerImpl (ServerState.java:setRaftConf(354)) - 8a411a4f-0e32-4dd1-80b9-a797c2117425@group-AE79292C071A: set configuration 0: [8a411a4f-0e32-4dd1-80b9-a797c2117425:192.168.151.99:37125], old=null at 0
2019-09-26 15:08:50,677 [8a411a4f-0e32-4dd1-80b9-a797c2117425@group-9758B97C7A43:LeaderElection266] INFO  server.RaftServerConfigKeys (ConfUtils.java:logGet(43)) - raft.server.watch.timeout.denomination = 1s (default)
2019-09-26 15:08:50,675 [8a411a4f-0e32-4dd1-80b9-a797c2117425@group-F0ABC0A80C00-SegmentedRaftLogWorker] ERROR segmented.SegmentedRaftLogWorker (SegmentedRaftLogWorker.java:run(323)) - 8a411a4f-0e32-4dd1-80b9-a797c2117425@group-F0ABC0A80C00-SegmentedRaftLogWorker hit exception
java.lang.OutOfMemoryError: Direct buffer memory
	at java.nio.Bits.reserveMemory(Bits.java:666)
	at java.nio.DirectByteBuffer.<init>(DirectByteBuffer.java:123)
	at java.nio.ByteBuffer.allocateDirect(ByteBuffer.java:311)
	at org.apache.ratis.server.raftlog.segmented.BufferedWriteChannel.<init>(BufferedWriteChannel.java:41)
	at org.apache.ratis.server.raftlog.segmented.SegmentedRaftLogOutputStream.<init>(SegmentedRaftLogOutputStream.java:72)
	at org.apache.ratis.server.raftlog.segmented.SegmentedRaftLogWorker$StartLogSegment.execute(SegmentedRaftLogWorker.java:566)
	at org.apache.ratis.server.raftlog.segmented.SegmentedRaftLogWorker.run(SegmentedRaftLogWorker.java:289)
	at java.lang.Thread.run(Thread.java:748)
2019-09-26 15:08:50,675 [8a411a4f-0e32-4dd1-80b9-a797c2117425@group-F71E95AE8AB3-SegmentedRaftLogWorker] ERROR segmented.SegmentedRaftLogWorker (SegmentedRaftLogWorker.java:run(323)) - 8a411a4f-0e32-4dd1-80b9-a797c2117425@group-F71E95AE8AB3-SegmentedRaftLogWorker hit exception
java.lang.OutOfMemoryError: Direct buffer memory
	at java.nio.Bits.reserveMemory(Bits.java:666)
	at java.nio.DirectByteBuffer.<init>(DirectByteBuffer.java:123)
	at java.nio.ByteBuffer.allocateDirect(ByteBuffer.java:311)
	at org.apache.ratis.server.raftlog.segmented.BufferedWriteChannel.<init>(BufferedWriteChannel.java:41)
	at org.apache.ratis.server.raftlog.segmented.SegmentedRaftLogOutputStream.<init>(SegmentedRaftLogOutputStream.java:72)
	at org.apache.ratis.server.raftlog.segmented.SegmentedRaftLogWorker$StartLogSegment.execute(SegmentedRaftLogWorker.java:566)
	at org.apache.ratis.server.raftlog.segmented.SegmentedRaftLogWorker.run(SegmentedRaftLogWorker.java:289)
	at java.lang.Thread.run(Thread.java:748)
2019-09-26 15:08:50,458 [8a411a4f-0e32-4dd1-80b9-a797c2117425@group-1955C9B62640-SegmentedRaftLogWorker] INFO  impl.RaftServerImpl (RaftServerImpl.java:lambda$shutdown$3(251)) - 8a411a4f-0e32-4dd1-80b9-a797c2117425@group-1955C9B62640: shutdown
2019-09-26 15:08:50,457 [8a411a4f-0e32-4dd1-80b9-a797c2117425@group-06EC7D0DF22B-SegmentedRaftLogWorker] ERROR segmented.SegmentedRaftLogWorker (SegmentedRaftLogWorker.java:run(323)) - 8a411a4f-0e32-4dd1-80b9-a797c2117425@group-06EC7D0DF22B-SegmentedRaftLogWorker hit exception
java.lang.OutOfMemoryError: Direct buffer memory
	at java.nio.Bits.reserveMemory(Bits.java:666)
	at java.nio.DirectByteBuffer.<init>(DirectByteBuffer.java:123)
	at java.nio.ByteBuffer.allocateDirect(ByteBuffer.java:311)
	at org.apache.ratis.server.raftlog.segmented.BufferedWriteChannel.<init>(BufferedWriteChannel.java:41)
	at org.apache.ratis.server.raftlog.segmented.SegmentedRaftLogOutputStream.<init>(SegmentedRaftLogOutputStream.java:72)
	at org.apache.ratis.server.raftlog.segmented.SegmentedRaftLogWorker$StartLogSegment.execute(SegmentedRaftLogWorker.java:566)
	at org.apache.ratis.server.raftlog.segmented.SegmentedRaftLogWorker.run(SegmentedRaftLogWorker.java:289)
	at java.lang.Thread.run(Thread.java:748)
2019-09-26 15:08:51,681 [8a411a4f-0e32-4dd1-80b9-a797c2117425@group-06EC7D0DF22B-SegmentedRaftLogWorker] INFO  impl.RaftServerImpl (RaftServerImpl.java:lambda$shutdown$3(251)) - 8a411a4f-0e32-4dd1-80b9-a797c2117425@group-06EC7D0DF22B: shutdown
2019-09-26 15:08:50,243 [8a411a4f-0e32-4dd1-80b9-a797c2117425@group-AA1C07C3D689:LeaderElection260] INFO  server.RaftServerConfigKeys (ConfUtils.java:logGet(43)) - raft.server.write.element-limit = 4096 (default)
2019-09-26 15:08:50,243 [8a411a4f-0e32-4dd1-80b9-a797c2117425@group-9134F99A9F4A:LeaderElection261] INFO  server.RaftServerConfigKeys (ConfUtils.java:logGet(43)) - raft.server.watch.timeout = 10s (default)
2019-09-26 15:08:50,243 [8a411a4f-0e32-4dd1-80b9-a797c2117425@group-F5831FDAC3B9:LeaderElection190] INFO  impl.RaftServerImpl (ServerState.java:setRaftConf(354)) - 8a411a4f-0e32-4dd1-80b9-a797c2117425@group-F5831FDAC3B9: set configuration 0: [8a411a4f-0e32-4dd1-80b9-a797c2117425:192.168.151.99:37125], old=null at 0
2019-09-26 15:08:50,243 [8a411a4f-0e32-4dd1-80b9-a797c2117425@group-72E1DE38373A:LeaderElection236] INFO  impl.RaftServerImpl (ServerState.java:setRaftConf(354)) - 8a411a4f-0e32-4dd1-80b9-a797c2117425@group-72E1DE38373A: set configuration 0: [8a411a4f-0e32-4dd1-80b9-a797c2117425:192.168.151.99:37125], old=null at 0
2019-09-26 15:08:50,243 [8a411a4f-0e32-4dd1-80b9-a797c2117425@group-6A12D702F30C:LeaderElection267] INFO  server.RaftServerConfigKeys (ConfUtils.java:logGet(43)) - raft.server.write.element-limit = 4096 (default)
2019-09-26 15:08:50,242 [8a411a4f-0e32-4dd1-80b9-a797c2117425@group-24DB933FF523-SegmentedRaftLogWorker] ERROR segmented.SegmentedRaftLogWorker (SegmentedRaftLogWorker.java:run(323)) - 8a411a4f-0e32-4dd1-80b9-a797c2117425@group-24DB933FF523-SegmentedRaftLogWorker hit exception
java.lang.OutOfMemoryError: Direct buffer memory
	at java.nio.Bits.reserveMemory(Bits.java:666)
	at java.nio.DirectByteBuffer.<init>(DirectByteBuffer.java:123)
	at java.nio.ByteBuffer.allocateDirect(ByteBuffer.java:311)
	at org.apache.ratis.server.raftlog.segmented.BufferedWriteChannel.<init>(BufferedWriteChannel.java:41)
	at org.apache.ratis.server.raftlog.segmented.SegmentedRaftLogOutputStream.<init>(SegmentedRaftLogOutputStream.java:72)
	at org.apache.ratis.server.raftlog.segmented.SegmentedRaftLogWorker$StartLogSegment.execute(SegmentedRaftLogWorker.java:566)
	at org.apache.ratis.server.raftlog.segmented.SegmentedRaftLogWorker.run(SegmentedRaftLogWorker.java:289)
	at java.lang.Thread.run(Thread.java:748)
2019-09-26 15:08:50,038 [8a411a4f-0e32-4dd1-80b9-a797c2117425@group-7C9D8199E53A-SegmentedRaftLogWorker] INFO  impl.StateMachineUpdater (StateMachineUpdater.java:stopAndJoin(125)) - 8a411a4f-0e32-4dd1-80b9-a797c2117425@group-7C9D8199E53A-StateMachineUpdater: set stopIndex = -1
2019-09-26 15:08:50,037 [8a411a4f-0e32-4dd1-80b9-a797c2117425@group-815581757129-SegmentedRaftLogWorker] ERROR segmented.SegmentedRaftLogWorker (SegmentedRaftLogWorker.java:run(323)) - 8a411a4f-0e32-4dd1-80b9-a797c2117425@group-815581757129-SegmentedRaftLogWorker hit exception
java.lang.OutOfMemoryError: Direct buffer memory
	at java.nio.Bits.reserveMemory(Bits.java:666)
	at java.nio.DirectByteBuffer.<init>(DirectByteBuffer.java:123)
	at java.nio.ByteBuffer.allocateDirect(ByteBuffer.java:311)
	at org.apache.ratis.server.raftlog.segmented.BufferedWriteChannel.<init>(BufferedWriteChannel.java:41)
	at org.apache.ratis.server.raftlog.segmented.SegmentedRaftLogOutputStream.<init>(SegmentedRaftLogOutputStream.java:72)
	at org.apache.ratis.server.raftlog.segmented.SegmentedRaftLogWorker$StartLogSegment.execute(SegmentedRaftLogWorker.java:566)
	at org.apache.ratis.server.raftlog.segmented.SegmentedRaftLogWorker.run(SegmentedRaftLogWorker.java:289)
	at java.lang.Thread.run(Thread.java:748)
2019-09-26 15:08:50,037 [8a411a4f-0e32-4dd1-80b9-a797c2117425@group-8700CBCF3B52-SegmentedRaftLogWorker] ERROR segmented.SegmentedRaftLogWorker (SegmentedRaftLogWorker.java:run(323)) - 8a411a4f-0e32-4dd1-80b9-a797c2117425@group-8700CBCF3B52-SegmentedRaftLogWorker hit exception
java.lang.OutOfMemoryError: Direct buffer memory
	at java.nio.Bits.reserveMemory(Bits.java:666)
	at java.nio.DirectByteBuffer.<init>(DirectByteBuffer.java:123)
	at java.nio.ByteBuffer.allocateDirect(ByteBuffer.java:311)
	at org.apache.ratis.server.raftlog.segmented.BufferedWriteChannel.<init>(BufferedWriteChannel.java:41)
	at org.apache.ratis.server.raftlog.segmented.SegmentedRaftLogOutputStream.<init>(SegmentedRaftLogOutputStream.java:72)
	at org.apache.ratis.server.raftlog.segmented.SegmentedRaftLogWorker$StartLogSegment.execute(SegmentedRaftLogWorker.java:566)
	at org.apache.ratis.server.raftlog.segmented.SegmentedRaftLogWorker.run(SegmentedRaftLogWorker.java:289)
	at java.lang.Thread.run(Thread.java:748)
2019-09-26 15:08:50,037 [Thread-1175] INFO  impl.FollowerState (FollowerState.java:run(106)) - 8a411a4f-0e32-4dd1-80b9-a797c2117425:group-5EAF20E60177 changes to CANDIDATE, lastRpcTime:13304, electionTimeout:5188ms
2019-09-26 15:08:49,825 [8a411a4f-0e32-4dd1-80b9-a797c2117425@group-2AD62173610F:LeaderElection263] INFO  server.RaftServerConfigKeys (ConfUtils.java:logGet(43)) - raft.server.watch.timeout.denomination = 1s (default)
2019-09-26 15:08:49,825 [8a411a4f-0e32-4dd1-80b9-a797c2117425@group-5C09A8D6B935:LeaderElection180] INFO  impl.RaftServerImpl (ServerState.java:setRaftConf(354)) - 8a411a4f-0e32-4dd1-80b9-a797c2117425@group-5C09A8D6B935: set configuration 0: [8a411a4f-0e32-4dd1-80b9-a797c2117425:192.168.151.99:37125], old=null at 0
2019-09-26 15:08:49,824 [8a411a4f-0e32-4dd1-80b9-a797c2117425@group-D5C2E6A1B48A:LeaderElection262] INFO  server.RaftServerConfigKeys (ConfUtils.java:logGet(43)) - raft.server.watch.timeout = 10s (default)
2019-09-26 15:08:49,824 [8a411a4f-0e32-4dd1-80b9-a797c2117425@group-08B3FA40B821:LeaderElection268] INFO  server.RaftServerConfigKeys (ConfUtils.java:logGet(43)) - raft.server.watch.timeout = 10s (default)
2019-09-26 15:08:49,819 [Thread-1178] INFO  impl.FollowerState (FollowerState.java:run(106)) - 8a411a4f-0e32-4dd1-80b9-a797c2117425:group-3884FFF625F6 changes to CANDIDATE, lastRpcTime:13050, electionTimeout:5087ms
2019-09-26 15:08:49,819 [Thread-1197] INFO  impl.FollowerState (FollowerState.java:run(106)) - 8a411a4f-0e32-4dd1-80b9-a797c2117425:group-CFBE5C1BAA60 changes to CANDIDATE, lastRpcTime:12843, electionTimeout:5115ms
2019-09-26 15:08:49,818 [Thread-1184] INFO  impl.FollowerState (FollowerState.java:run(106)) - 8a411a4f-0e32-4dd1-80b9-a797c2117425:group-04E195EC18D6 changes to CANDIDATE, lastRpcTime:12972, electionTimeout:5130ms
2019-09-26 15:08:49,615 [8a411a4f-0e32-4dd1-80b9-a797c2117425@group-FC070601F0EC:LeaderElection214] INFO  impl.RaftServerImpl (ServerState.java:setRaftConf(354)) - 8a411a4f-0e32-4dd1-80b9-a797c2117425@group-FC070601F0EC: set configuration 0: [8a411a4f-0e32-4dd1-80b9-a797c2117425:192.168.151.99:37125], old=null at 0
2019-09-26 15:08:49,415 [8a411a4f-0e32-4dd1-80b9-a797c2117425@group-D65568051C37:LeaderElection235] INFO  server.RaftServerConfigKeys (ConfUtils.java:logGet(43)) - raft.server.watch.element-limit = 65536 (default)
2019-09-26 15:08:49,414 [8a411a4f-0e32-4dd1-80b9-a797c2117425@group-D2571D42C563:LeaderElection256] INFO  server.RaftServerConfigKeys (ConfUtils.java:logGet(43)) - raft.server.watch.timeout = 10s (default)
2019-09-26 15:08:51,684 [Thread-1175] INFO  impl.RoleInfo (RoleInfo.java:shutdownFollowerState(121)) - 8a411a4f-0e32-4dd1-80b9-a797c2117425: shutdown FollowerState
2019-09-26 15:08:51,683 [8a411a4f-0e32-4dd1-80b9-a797c2117425@group-08B3FA40B821:LeaderElection268] INFO  server.RaftServerConfigKeys (ConfUtils.java:logGet(43)) - raft.server.watch.timeout.denomination = 1s (default)
2019-09-26 15:08:51,683 [8a411a4f-0e32-4dd1-80b9-a797c2117425@group-D5C2E6A1B48A:LeaderElection262] INFO  server.RaftServerConfigKeys (ConfUtils.java:logGet(43)) - raft.server.watch.timeout.denomination = 1s (default)
2019-09-26 15:08:51,683 [8a411a4f-0e32-4dd1-80b9-a797c2117425@group-2AD62173610F:LeaderElection263] INFO  server.RaftServerConfigKeys (ConfUtils.java:logGet(43)) - raft.server.watch.element-limit = 65536 (default)
2019-09-26 15:08:51,683 [8a411a4f-0e32-4dd1-80b9-a797c2117425@group-06EC7D0DF22B-SegmentedRaftLogWorker] INFO  util.JmxRegister (JmxRegister.java:unregister(73)) - Successfully un-registered JMX Bean with object name Ratis:service=RaftServer,group=group-06EC7D0DF22B,id=8a411a4f-0e32-4dd1-80b9-a797c2117425
2019-09-26 15:08:51,683 [8a411a4f-0e32-4dd1-80b9-a797c2117425@group-1955C9B62640-SegmentedRaftLogWorker] INFO  util.JmxRegister (JmxRegister.java:unregister(73)) - Successfully un-registered JMX Bean with object name Ratis:service=RaftServer,group=group-1955C9B62640,id=8a411a4f-0e32-4dd1-80b9-a797c2117425
2019-09-26 15:08:51,685 [8a411a4f-0e32-4dd1-80b9-a797c2117425@group-1955C9B62640-SegmentedRaftLogWorker] INFO  impl.RoleInfo (RoleInfo.java:shutdownLeaderState(104)) - 8a411a4f-0e32-4dd1-80b9-a797c2117425: shutdown LeaderState
2019-09-26 15:08:51,683 [8a411a4f-0e32-4dd1-80b9-a797c2117425@group-8700CBCF3B52-SegmentedRaftLogWorker] INFO  impl.RaftServerImpl (RaftServerImpl.java:lambda$shutdown$3(251)) - 8a411a4f-0e32-4dd1-80b9-a797c2117425@group-8700CBCF3B52: shutdown
2019-09-26 15:08:51,683 [8a411a4f-0e32-4dd1-80b9-a797c2117425@group-815581757129-SegmentedRaftLogWorker] INFO  impl.RaftServerImpl (RaftServerImpl.java:lambda$shutdown$3(251)) - 8a411a4f-0e32-4dd1-80b9-a797c2117425@group-815581757129: shutdown
2019-09-26 15:08:51,682 [8a411a4f-0e32-4dd1-80b9-a797c2117425@group-7C9D8199E53A-SegmentedRaftLogWorker] INFO  impl.RaftServerImpl (ServerState.java:close(385)) - 8a411a4f-0e32-4dd1-80b9-a797c2117425@group-7C9D8199E53A: closes. applyIndex: -1
2019-09-26 15:08:51,682 [8a411a4f-0e32-4dd1-80b9-a797c2117425@group-24DB933FF523-SegmentedRaftLogWorker] INFO  impl.RaftServerImpl (RaftServerImpl.java:lambda$shutdown$3(251)) - 8a411a4f-0e32-4dd1-80b9-a797c2117425@group-24DB933FF523: shutdown
2019-09-26 15:08:51,682 [8a411a4f-0e32-4dd1-80b9-a797c2117425@group-6A12D702F30C:LeaderElection267] INFO  server.RaftServerConfigKeys (ConfUtils.java:logGet(43)) - raft.server.watch.timeout = 10s (default)
2019-09-26 15:08:51,682 [8a411a4f-0e32-4dd1-80b9-a797c2117425@group-E916E844E274-SegmentedRaftLogWorker] INFO  util.JmxRegister (JmxRegister.java:unregister(73)) - Successfully un-registered JMX Bean with object name Ratis:service=RaftServer,group=group-E916E844E274,id=8a411a4f-0e32-4dd1-80b9-a797c2117425
2019-09-26 15:08:51,682 [8a411a4f-0e32-4dd1-80b9-a797c2117425@group-9134F99A9F4A:LeaderElection261] INFO  server.RaftServerConfigKeys (ConfUtils.java:logGet(43)) - raft.server.watch.timeout.denomination = 1s (default)
2019-09-26 15:08:51,681 [8a411a4f-0e32-4dd1-80b9-a797c2117425@group-AF909D263E7A-SegmentedRaftLogWorker] INFO  util.JmxRegister (JmxRegister.java:unregister(73)) - Successfully un-registered JMX Bean with object name Ratis:service=RaftServer,group=group-AF909D263E7A,id=8a411a4f-0e32-4dd1-80b9-a797c2117425
2019-09-26 15:08:51,681 [8a411a4f-0e32-4dd1-80b9-a797c2117425@group-282779247581-SegmentedRaftLogWorker] INFO  util.JmxRegister (JmxRegister.java:unregister(73)) - Successfully un-registered JMX Bean with object name Ratis:service=RaftServer,group=group-282779247581,id=8a411a4f-0e32-4dd1-80b9-a797c2117425
2019-09-26 15:08:51,681 [8a411a4f-0e32-4dd1-80b9-a797c2117425@group-AA1C07C3D689:LeaderElection260] INFO  server.RaftServerConfigKeys (ConfUtils.java:logGet(43)) - raft.server.watch.timeout = 10s (default)
2019-09-26 15:08:51,681 [8a411a4f-0e32-4dd1-80b9-a797c2117425@group-F71E95AE8AB3-SegmentedRaftLogWorker] INFO  impl.RaftServerImpl (RaftServerImpl.java:lambda$shutdown$3(251)) - 8a411a4f-0e32-4dd1-80b9-a797c2117425@group-F71E95AE8AB3: shutdown
2019-09-26 15:08:51,681 [8a411a4f-0e32-4dd1-80b9-a797c2117425@group-AD41E9BABF33-SegmentedRaftLogWorker] INFO  util.JmxRegister (JmxRegister.java:unregister(73)) - Successfully un-registered JMX Bean with object name Ratis:service=RaftServer,group=group-AD41E9BABF33,id=8a411a4f-0e32-4dd1-80b9-a797c2117425
2019-09-26 15:08:51,681 [8a411a4f-0e32-4dd1-80b9-a797c2117425@group-F0ABC0A80C00-SegmentedRaftLogWorker] INFO  impl.RaftServerImpl (RaftServerImpl.java:lambda$shutdown$3(251)) - 8a411a4f-0e32-4dd1-80b9-a797c2117425@group-F0ABC0A80C00: shutdown
2019-09-26 15:08:51,680 [8a411a4f-0e32-4dd1-80b9-a797c2117425@group-9758B97C7A43:LeaderElection266] INFO  server.RaftServerConfigKeys (ConfUtils.java:logGet(43)) - raft.server.watch.element-limit = 65536 (default)
2019-09-26 15:08:51,680 [8a411a4f-0e32-4dd1-80b9-a797c2117425@group-38020CCA7F83-SegmentedRaftLogWorker] INFO  impl.RaftServerImpl (RaftServerImpl.java:lambda$shutdown$3(251)) - 8a411a4f-0e32-4dd1-80b9-a797c2117425@group-38020CCA7F83: shutdown
2019-09-26 15:08:51,679 [8a411a4f-0e32-4dd1-80b9-a797c2117425@group-08ECA622B824-SegmentedRaftLogWorker] INFO  impl.RaftServerImpl (RaftServerImpl.java:lambda$shutdown$3(251)) - 8a411a4f-0e32-4dd1-80b9-a797c2117425@group-08ECA622B824: shutdown
2019-09-26 15:08:51,679 [8a411a4f-0e32-4dd1-80b9-a797c2117425@group-4D95ED7A34E1-SegmentedRaftLogWorker] INFO  util.JmxRegister (JmxRegister.java:unregister(73)) - Successfully un-registered JMX Bean with object name Ratis:service=RaftServer,group=group-4D95ED7A34E1,id=8a411a4f-0e32-4dd1-80b9-a797c2117425
2019-09-26 15:08:51,679 [8a411a4f-0e32-4dd1-80b9-a797c2117425@group-D864432FC37C-SegmentedRaftLogWorker] INFO  impl.RoleInfo (RoleInfo.java:shutdownLeaderState(104)) - 8a411a4f-0e32-4dd1-80b9-a797c2117425: shutdown LeaderState
2019-09-26 15:08:51,679 [8a411a4f-0e32-4dd1-80b9-a797c2117425@group-070482571D29-SegmentedRaftLogWorker] INFO  impl.RaftServerImpl (RaftServerImpl.java:lambda$shutdown$3(251)) - 8a411a4f-0e32-4dd1-80b9-a797c2117425@group-070482571D29: shutdown
2019-09-26 15:08:51,503 [8a411a4f-0e32-4dd1-80b9-a797c2117425@group-7740B1DAF25C:LeaderElection212] INFO  impl.RaftServerImpl (ServerState.java:setRaftConf(354)) - 8a411a4f-0e32-4dd1-80b9-a797c2117425@group-7740B1DAF25C: set configuration 0: [8a411a4f-0e32-4dd1-80b9-a797c2117425:192.168.151.99:37125], old=null at 0
2019-09-26 15:08:51,503 [8a411a4f-0e32-4dd1-80b9-a797c2117425@group-464AB6351F7D-SegmentedRaftLogWorker] INFO  impl.RoleInfo (RoleInfo.java:shutdownLeaderState(104)) - 8a411a4f-0e32-4dd1-80b9-a797c2117425: shutdown LeaderState
2019-09-26 15:08:51,503 [8a411a4f-0e32-4dd1-80b9-a797c2117425@group-56CC94C0701C:LeaderElection255] INFO  server.RaftServerConfigKeys (ConfUtils.java:logGet(43)) - raft.server.watch.timeout = 10s (default)
2019-09-26 15:08:51,502 [8a411a4f-0e32-4dd1-80b9-a797c2117425@group-D6588462D619:LeaderElection259] INFO  server.RaftServerConfigKeys (ConfUtils.java:logGet(43)) - raft.server.watch.timeout.denomination = 1s (default)
2019-09-26 15:08:51,502 [8a411a4f-0e32-4dd1-80b9-a797c2117425@group-34FCBFD36539-SegmentedRaftLogWorker] INFO  impl.RoleInfo (RoleInfo.java:shutdownLeaderState(104)) - 8a411a4f-0e32-4dd1-80b9-a797c2117425: shutdown LeaderState
2019-09-26 15:08:51,502 [8a411a4f-0e32-4dd1-80b9-a797c2117425@group-B3C8B28B000E-SegmentedRaftLogWorker] INFO  impl.RoleInfo (RoleInfo.java:shutdownLeaderState(104)) - 8a411a4f-0e32-4dd1-80b9-a797c2117425: shutdown LeaderState
2019-09-26 15:08:51,502 [8a411a4f-0e32-4dd1-80b9-a797c2117425@group-533E6FD97CDD:LeaderElection269] INFO  server.RaftServerConfigKeys (ConfUtils.java:logGet(43)) - raft.server.watch.timeout = 10s (default)
2019-09-26 15:08:51,501 [8a411a4f-0e32-4dd1-80b9-a797c2117425@group-FC070601F0EC-SegmentedRaftLogWorker] ERROR segmented.SegmentedRaftLogWorker (SegmentedRaftLogWorker.java:run(323)) - 8a411a4f-0e32-4dd1-80b9-a797c2117425@group-FC070601F0EC-SegmentedRaftLogWorker hit exception
java.lang.OutOfMemoryError: Direct buffer memory
	at java.nio.Bits.reserveMemory(Bits.java:666)
	at java.nio.DirectByteBuffer.<init>(DirectByteBuffer.java:123)
	at java.nio.ByteBuffer.allocateDirect(ByteBuffer.java:311)
	at org.apache.ratis.server.raftlog.segmented.BufferedWriteChannel.<init>(BufferedWriteChannel.java:41)
	at org.apache.ratis.server.raftlog.segmented.SegmentedRaftLogOutputStream.<init>(SegmentedRaftLogOutputStream.java:72)
	at org.apache.ratis.server.raftlog.segmented.SegmentedRaftLogWorker$StartLogSegment.execute(SegmentedRaftLogWorker.java:566)
	at org.apache.ratis.server.raftlog.segmented.SegmentedRaftLogWorker.run(SegmentedRaftLogWorker.java:289)
	at java.lang.Thread.run(Thread.java:748)
2019-09-26 15:08:51,496 [8a411a4f-0e32-4dd1-80b9-a797c2117425@group-72E1DE38373A-SegmentedRaftLogWorker] ERROR segmented.SegmentedRaftLogWorker (SegmentedRaftLogWorker.java:run(323)) - 8a411a4f-0e32-4dd1-80b9-a797c2117425@group-72E1DE38373A-SegmentedRaftLogWorker hit exception
java.lang.OutOfMemoryError: Direct buffer memory
	at java.nio.Bits.reserveMemory(Bits.java:666)
	at java.nio.DirectByteBuffer.<init>(DirectByteBuffer.java:123)
	at java.nio.ByteBuffer.allocateDirect(ByteBuffer.java:311)
	at org.apache.ratis.server.raftlog.segmented.BufferedWriteChannel.<init>(BufferedWriteChannel.java:41)
	at org.apache.ratis.server.raftlog.segmented.SegmentedRaftLogOutputStream.<init>(SegmentedRaftLogOutputStream.java:72)
	at org.apache.ratis.server.raftlog.segmented.SegmentedRaftLogWorker$StartLogSegment.execute(SegmentedRaftLogWorker.java:566)
	at org.apache.ratis.server.raftlog.segmented.SegmentedRaftLogWorker.run(SegmentedRaftLogWorker.java:289)
	at java.lang.Thread.run(Thread.java:748)
2019-09-26 15:08:51,688 [8a411a4f-0e32-4dd1-80b9-a797c2117425@group-F71E95AE8AB3-SegmentedRaftLogWorker] INFO  util.JmxRegister (JmxRegister.java:unregister(73)) - Successfully un-registered JMX Bean with object name Ratis:service=RaftServer,group=group-F71E95AE8AB3,id=8a411a4f-0e32-4dd1-80b9-a797c2117425
2019-09-26 15:08:51,496 [8a411a4f-0e32-4dd1-80b9-a797c2117425@group-5C09A8D6B935-SegmentedRaftLogWorker] ERROR segmented.SegmentedRaftLogWorker (SegmentedRaftLogWorker.java:run(323)) - 8a411a4f-0e32-4dd1-80b9-a797c2117425@group-5C09A8D6B935-SegmentedRaftLogWorker hit exception
java.lang.OutOfMemoryError: Direct buffer memory
	at java.nio.Bits.reserveMemory(Bits.java:666)
	at java.nio.DirectByteBuffer.<init>(DirectByteBuffer.java:123)
	at java.nio.ByteBuffer.allocateDirect(ByteBuffer.java:311)
	at org.apache.ratis.server.raftlog.segmented.BufferedWriteChannel.<init>(BufferedWriteChannel.java:41)
	at org.apache.ratis.server.raftlog.segmented.SegmentedRaftLogOutputStream.<init>(SegmentedRaftLogOutputStream.java:72)
	at org.apache.ratis.server.raftlog.segmented.SegmentedRaftLogWorker$StartLogSegment.execute(SegmentedRaftLogWorker.java:566)
	at org.apache.ratis.server.raftlog.segmented.SegmentedRaftLogWorker.run(SegmentedRaftLogWorker.java:289)
	at java.lang.Thread.run(Thread.java:748)
2019-09-26 15:08:51,689 [8a411a4f-0e32-4dd1-80b9-a797c2117425@group-5C09A8D6B935-SegmentedRaftLogWorker] INFO  impl.RaftServerImpl (RaftServerImpl.java:lambda$shutdown$3(251)) - 8a411a4f-0e32-4dd1-80b9-a797c2117425@group-5C09A8D6B935: shutdown
2019-09-26 15:08:51,255 [8a411a4f-0e32-4dd1-80b9-a797c2117425@group-FF69114B1B03:LeaderElection257] INFO  server.RaftServerConfigKeys (ConfUtils.java:logGet(43)) - raft.server.watch.element-limit = 65536 (default)
2019-09-26 15:08:51,255 [8a411a4f-0e32-4dd1-80b9-a797c2117425@group-69E0C5198CB5:LeaderElection251] INFO  impl.RaftServerImpl (ServerState.java:setRaftConf(354)) - 8a411a4f-0e32-4dd1-80b9-a797c2117425@group-69E0C5198CB5: set configuration 0: [8a411a4f-0e32-4dd1-80b9-a797c2117425:192.168.151.99:37125], old=null at 0
2019-09-26 15:08:51,255 [8a411a4f-0e32-4dd1-80b9-a797c2117425@group-FFBC1D88D468:LeaderElection220] INFO  server.RaftServerConfigKeys (ConfUtils.java:logGet(43)) - raft.server.watch.element-limit = 65536 (default)
2019-09-26 15:08:51,255 [8a411a4f-0e32-4dd1-80b9-a797c2117425@group-AE0AA035EF40:LeaderElection228] INFO  server.RaftServerConfigKeys (ConfUtils.java:logGet(43)) - raft.server.watch.element-limit = 65536 (default)
2019-09-26 15:08:51,254 [8a411a4f-0e32-4dd1-80b9-a797c2117425@group-797476ADB718:LeaderElection223] INFO  server.RaftServerConfigKeys (ConfUtils.java:logGet(43)) - raft.server.watch.element-limit = 65536 (default)
2019-09-26 15:08:51,254 [8a411a4f-0e32-4dd1-80b9-a797c2117425@group-DA5E89A2DC85:LeaderElection265] INFO  server.RaftServerConfigKeys (ConfUtils.java:logGet(43)) - raft.server.watch.element-limit = 65536 (default)
2019-09-26 15:08:51,254 [8a411a4f-0e32-4dd1-80b9-a797c2117425@group-080076819465:LeaderElection222] INFO  server.RaftServerConfigKeys (ConfUtils.java:logGet(43)) - raft.server.watch.element-limit = 65536 (default)
2019-09-26 15:08:51,253 [8a411a4f-0e32-4dd1-80b9-a797c2117425@group-C78D9C690071:LeaderElection232] INFO  server.RaftServerConfigKeys (ConfUtils.java:logGet(43)) - raft.server.watch.element-limit = 65536 (default)
2019-09-26 15:08:51,253 [8a411a4f-0e32-4dd1-80b9-a797c2117425@group-4A3018D7CF99:LeaderElection218] INFO  server.RaftServerConfigKeys (ConfUtils.java:logGet(43)) - raft.server.watch.element-limit = 65536 (default)
2019-09-26 15:08:51,253 [8a411a4f-0e32-4dd1-80b9-a797c2117425@group-FEC7288BDF94:LeaderElection225] INFO  server.RaftServerConfigKeys (ConfUtils.java:logGet(43)) - raft.server.watch.element-limit = 65536 (default)
2019-09-26 15:08:51,253 [8a411a4f-0e32-4dd1-80b9-a797c2117425@group-BF52FF77A681:LeaderElection229] INFO  server.RaftServerConfigKeys (ConfUtils.java:logGet(43)) - raft.server.watch.element-limit = 65536 (default)
2019-09-26 15:08:51,252 [8a411a4f-0e32-4dd1-80b9-a797c2117425@group-8C4965DA48D4:LeaderElection264] INFO  server.RaftServerConfigKeys (ConfUtils.java:logGet(43)) - raft.server.watch.element-limit = 65536 (default)
2019-09-26 15:08:51,252 [8a411a4f-0e32-4dd1-80b9-a797c2117425@group-00BC2B0139A4:LeaderElection217] INFO  server.RaftServerConfigKeys (ConfUtils.java:logGet(43)) - raft.server.watch.element-limit = 65536 (default)
2019-09-26 15:08:51,252 [8a411a4f-0e32-4dd1-80b9-a797c2117425@group-B50C770756F4:LeaderElection276] INFO  server.RaftServerConfigKeys (ConfUtils.java:logGet(43)) - raft.server.watch.element-limit = 65536 (default)
2019-09-26 15:08:51,252 [8a411a4f-0e32-4dd1-80b9-a797c2117425@group-B82DE6D48904:LeaderElection271] INFO  server.RaftServerConfigKeys (ConfUtils.java:logGet(43)) - raft.server.rpc.sleep.time = 25ms (default)
2019-09-26 15:08:51,252 [8a411a4f-0e32-4dd1-80b9-a797c2117425@group-C79884FD6F3D:LeaderElection272] INFO  server.RaftServerConfigKeys (ConfUtils.java:logGet(43)) - raft.server.staging.catchup.gap = 1000 (default)
2019-09-26 15:08:51,691 [8a411a4f-0e32-4dd1-80b9-a797c2117425@group-B82DE6D48904:LeaderElection271] INFO  server.RaftServerConfigKeys (ConfUtils.java:logGet(43)) - raft.server.write.element-limit = 4096 (default)
2019-09-26 15:08:51,252 [8a411a4f-0e32-4dd1-80b9-a797c2117425@group-22226669EE23:LeaderElection273] INFO  server.RaftServerConfigKeys (ConfUtils.java:logGet(43)) - raft.server.staging.catchup.gap = 1000 (default)
2019-09-26 15:08:51,691 [8a411a4f-0e32-4dd1-80b9-a797c2117425@group-22226669EE23:LeaderElection273] INFO  server.RaftServerConfigKeys (ConfUtils.java:logGet(43)) - raft.server.rpc.sleep.time = 25ms (default)
2019-09-26 15:08:51,252 [8a411a4f-0e32-4dd1-80b9-a797c2117425@group-61F50073A647:LeaderElection275] INFO  server.RaftServerConfigKeys (ConfUtils.java:logGet(43)) - raft.server.staging.catchup.gap = 1000 (default)
2019-09-26 15:08:51,251 [8a411a4f-0e32-4dd1-80b9-a797c2117425@group-B3783F4873A6-SegmentedRaftLogWorker] INFO  impl.PendingRequests (PendingRequests.java:sendNotLeaderResponses(202)) - 8a411a4f-0e32-4dd1-80b9-a797c2117425-PendingRequests: sendNotLeaderResponses
2019-09-26 15:08:51,251 [8a411a4f-0e32-4dd1-80b9-a797c2117425@group-5E95C319A20F-SegmentedRaftLogWorker] INFO  impl.PendingRequests (PendingRequests.java:sendNotLeaderResponses(202)) - 8a411a4f-0e32-4dd1-80b9-a797c2117425-PendingRequests: sendNotLeaderResponses
2019-09-26 15:08:51,251 [8a411a4f-0e32-4dd1-80b9-a797c2117425@group-E7D8D4CC70D9:LeaderElection274] INFO  server.RaftServerConfigKeys (ConfUtils.java:logGet(43)) - raft.server.staging.catchup.gap = 1000 (default)
2019-09-26 15:08:51,251 [8a411a4f-0e32-4dd1-80b9-a797c2117425@group-157AB0181C30:LeaderElection277] INFO  impl.RaftServerImpl (RaftServerImpl.java:setRole(174)) - 8a411a4f-0e32-4dd1-80b9-a797c2117425@group-157AB0181C30: changes role from CANDIDATE to LEADER at term 1 for changeToLeader
2019-09-26 15:08:51,692 [8a411a4f-0e32-4dd1-80b9-a797c2117425@group-E7D8D4CC70D9:LeaderElection274] INFO  server.RaftServerConfigKeys (ConfUtils.java:logGet(43)) - raft.server.rpc.sleep.time = 25ms (default)
2019-09-26 15:08:51,692 [8a411a4f-0e32-4dd1-80b9-a797c2117425@group-5E95C319A20F-SegmentedRaftLogWorker] INFO  impl.StateMachineUpdater (StateMachineUpdater.java:stopAndJoin(125)) - 8a411a4f-0e32-4dd1-80b9-a797c2117425@group-5E95C319A20F-StateMachineUpdater: set stopIndex = -1
2019-09-26 15:08:51,692 [8a411a4f-0e32-4dd1-80b9-a797c2117425@group-B3783F4873A6-SegmentedRaftLogWorker] INFO  impl.StateMachineUpdater (StateMachineUpdater.java:stopAndJoin(125)) - 8a411a4f-0e32-4dd1-80b9-a797c2117425@group-B3783F4873A6-StateMachineUpdater: set stopIndex = -1
2019-09-26 15:08:51,692 [8a411a4f-0e32-4dd1-80b9-a797c2117425@group-B3783F4873A6-SegmentedRaftLogWorker] INFO  impl.RaftServerImpl (ServerState.java:close(385)) - 8a411a4f-0e32-4dd1-80b9-a797c2117425@group-B3783F4873A6: closes. applyIndex: -1
2019-09-26 15:08:51,691 [8a411a4f-0e32-4dd1-80b9-a797c2117425@group-61F50073A647:LeaderElection275] INFO  server.RaftServerConfigKeys (ConfUtils.java:logGet(43)) - raft.server.rpc.sleep.time = 25ms (default)
2019-09-26 15:08:51,691 [8a411a4f-0e32-4dd1-80b9-a797c2117425@group-22226669EE23:LeaderElection273] INFO  server.RaftServerConfigKeys (ConfUtils.java:logGet(43)) - raft.server.write.element-limit = 4096 (default)
2019-09-26 15:08:51,691 [8a411a4f-0e32-4dd1-80b9-a797c2117425@group-B82DE6D48904:LeaderElection271] INFO  server.RaftServerConfigKeys (ConfUtils.java:logGet(43)) - raft.server.watch.timeout = 10s (default)
2019-09-26 15:08:51,691 [8a411a4f-0e32-4dd1-80b9-a797c2117425@group-C79884FD6F3D:LeaderElection272] INFO  server.RaftServerConfigKeys (ConfUtils.java:logGet(43)) - raft.server.rpc.sleep.time = 25ms (default)
2019-09-26 15:08:51,691 [8a411a4f-0e32-4dd1-80b9-a797c2117425@group-5C09A8D6B935-SegmentedRaftLogWorker] INFO  util.JmxRegister (JmxRegister.java:unregister(73)) - Successfully un-registered JMX Bean with object name Ratis:service=RaftServer,group=group-5C09A8D6B935,id=8a411a4f-0e32-4dd1-80b9-a797c2117425
2019-09-26 15:08:51,690 [8a411a4f-0e32-4dd1-80b9-a797c2117425@group-D946C9146714:LeaderElection221] INFO  impl.RoleInfo (RoleInfo.java:updateAndGet(143)) - 8a411a4f-0e32-4dd1-80b9-a797c2117425: start LeaderState
2019-09-26 15:08:51,690 [8a411a4f-0e32-4dd1-80b9-a797c2117425@group-070482571D29-SegmentedRaftLogWorker] INFO  util.JmxRegister (JmxRegister.java:unregister(73)) - Successfully un-registered JMX Bean with object name Ratis:service=RaftServer,group=group-070482571D29,id=8a411a4f-0e32-4dd1-80b9-a797c2117425
2019-09-26 15:08:51,693 [8a411a4f-0e32-4dd1-80b9-a797c2117425@group-D946C9146714:LeaderElection221] INFO  segmented.SegmentedRaftLogWorker (SegmentedRaftLogWorker.java:startLogSegment(380)) - 8a411a4f-0e32-4dd1-80b9-a797c2117425@group-D946C9146714-SegmentedRaftLogWorker: Starting segment from index:0
2019-09-26 15:08:51,689 [8a411a4f-0e32-4dd1-80b9-a797c2117425@group-08ECA622B824-SegmentedRaftLogWorker] INFO  util.JmxRegister (JmxRegister.java:unregister(73)) - Successfully un-registered JMX Bean with object name Ratis:service=RaftServer,group=group-08ECA622B824,id=8a411a4f-0e32-4dd1-80b9-a797c2117425
2019-09-26 15:08:51,689 [8a411a4f-0e32-4dd1-80b9-a797c2117425@group-38020CCA7F83-SegmentedRaftLogWorker] INFO  util.JmxRegister (JmxRegister.java:unregister(73)) - Successfully un-registered JMX Bean with object name Ratis:service=RaftServer,group=group-38020CCA7F83,id=8a411a4f-0e32-4dd1-80b9-a797c2117425
2019-09-26 15:08:51,689 [8a411a4f-0e32-4dd1-80b9-a797c2117425@group-F0ABC0A80C00-SegmentedRaftLogWorker] INFO  util.JmxRegister (JmxRegister.java:unregister(73)) - Successfully un-registered JMX Bean with object name Ratis:service=RaftServer,group=group-F0ABC0A80C00,id=8a411a4f-0e32-4dd1-80b9-a797c2117425
2019-09-26 15:08:51,688 [8a411a4f-0e32-4dd1-80b9-a797c2117425@group-F71E95AE8AB3-SegmentedRaftLogWorker] INFO  impl.RoleInfo (RoleInfo.java:shutdownLeaderState(104)) - 8a411a4f-0e32-4dd1-80b9-a797c2117425: shutdown LeaderState
2019-09-26 15:08:51,688 [8a411a4f-0e32-4dd1-80b9-a797c2117425@group-72E1DE38373A-SegmentedRaftLogWorker] INFO  impl.RaftServerImpl (RaftServerImpl.java:lambda$shutdown$3(251)) - 8a411a4f-0e32-4dd1-80b9-a797c2117425@group-72E1DE38373A: shutdown
2019-09-26 15:08:51,688 [8a411a4f-0e32-4dd1-80b9-a797c2117425@group-FC070601F0EC-SegmentedRaftLogWorker] INFO  impl.RaftServerImpl (RaftServerImpl.java:lambda$shutdown$3(251)) - 8a411a4f-0e32-4dd1-80b9-a797c2117425@group-FC070601F0EC: shutdown
2019-09-26 15:08:51,688 [8a411a4f-0e32-4dd1-80b9-a797c2117425@group-533E6FD97CDD:LeaderElection269] INFO  server.RaftServerConfigKeys (ConfUtils.java:logGet(43)) - raft.server.watch.timeout.denomination = 1s (default)
2019-09-26 15:08:51,914 [8a411a4f-0e32-4dd1-80b9-a797c2117425@group-56F119E5147E:LeaderElection241] INFO  impl.RoleInfo (RoleInfo.java:updateAndGet(143)) - 8a411a4f-0e32-4dd1-80b9-a797c2117425: start LeaderState
2019-09-26 15:08:51,688 [8a411a4f-0e32-4dd1-80b9-a797c2117425@group-B3C8B28B000E-SegmentedRaftLogWorker] INFO  impl.PendingRequests (PendingRequests.java:sendNotLeaderResponses(202)) - 8a411a4f-0e32-4dd1-80b9-a797c2117425-PendingRequests: sendNotLeaderResponses
2019-09-26 15:08:51,914 [8a411a4f-0e32-4dd1-80b9-a797c2117425@group-56F119E5147E:LeaderElection241] INFO  segmented.SegmentedRaftLogWorker (SegmentedRaftLogWorker.java:startLogSegment(380)) - 8a411a4f-0e32-4dd1-80b9-a797c2117425@group-56F119E5147E-SegmentedRaftLogWorker: Starting segment from index:0
2019-09-26 15:08:51,688 [8a411a4f-0e32-4dd1-80b9-a797c2117425@group-ACB2ABC0275F:LeaderElection226] INFO  impl.RoleInfo (RoleInfo.java:updateAndGet(143)) - 8a411a4f-0e32-4dd1-80b9-a797c2117425: start LeaderState
2019-09-26 15:08:51,688 [8a411a4f-0e32-4dd1-80b9-a797c2117425@group-24DB933FF523-SegmentedRaftLogWorker] INFO  util.JmxRegister (JmxRegister.java:unregister(73)) - Successfully un-registered JMX Bean with object name Ratis:service=RaftServer,group=group-24DB933FF523,id=8a411a4f-0e32-4dd1-80b9-a797c2117425
2019-09-26 15:08:51,688 [8a411a4f-0e32-4dd1-80b9-a797c2117425@group-34FCBFD36539-SegmentedRaftLogWorker] INFO  impl.PendingRequests (PendingRequests.java:sendNotLeaderResponses(202)) - 8a411a4f-0e32-4dd1-80b9-a797c2117425-PendingRequests: sendNotLeaderResponses
2019-09-26 15:08:51,915 [8a411a4f-0e32-4dd1-80b9-a797c2117425@group-34FCBFD36539-SegmentedRaftLogWorker] INFO  impl.StateMachineUpdater (StateMachineUpdater.java:stopAndJoin(125)) - 8a411a4f-0e32-4dd1-80b9-a797c2117425@group-34FCBFD36539-StateMachineUpdater: set stopIndex = -1
2019-09-26 15:08:51,915 [8a411a4f-0e32-4dd1-80b9-a797c2117425@group-34FCBFD36539-SegmentedRaftLogWorker] INFO  impl.RaftServerImpl (ServerState.java:close(385)) - 8a411a4f-0e32-4dd1-80b9-a797c2117425@group-34FCBFD36539: closes. applyIndex: -1
2019-09-26 15:08:51,915 [8a411a4f-0e32-4dd1-80b9-a797c2117425@group-34FCBFD36539-SegmentedRaftLogWorker] INFO  segmented.SegmentedRaftLogWorker (SegmentedRaftLogWorker.java:close(228)) - 8a411a4f-0e32-4dd1-80b9-a797c2117425@group-34FCBFD36539-SegmentedRaftLogWorker close()
2019-09-26 15:08:51,688 [8a411a4f-0e32-4dd1-80b9-a797c2117425@group-D6588462D619:LeaderElection259] INFO  server.RaftServerConfigKeys (ConfUtils.java:logGet(43)) - raft.server.watch.element-limit = 65536 (default)
2019-09-26 15:08:51,687 [8a411a4f-0e32-4dd1-80b9-a797c2117425@group-56CC94C0701C:LeaderElection255] INFO  server.RaftServerConfigKeys (ConfUtils.java:logGet(43)) - raft.server.watch.timeout.denomination = 1s (default)
2019-09-26 15:08:51,687 [8a411a4f-0e32-4dd1-80b9-a797c2117425@group-464AB6351F7D-SegmentedRaftLogWorker] INFO  impl.PendingRequests (PendingRequests.java:sendNotLeaderResponses(202)) - 8a411a4f-0e32-4dd1-80b9-a797c2117425-PendingRequests: sendNotLeaderResponses
2019-09-26 15:08:51,687 [8a411a4f-0e32-4dd1-80b9-a797c2117425@group-815581757129-SegmentedRaftLogWorker] INFO  util.JmxRegister (JmxRegister.java:unregister(73)) - Successfully un-registered JMX Bean with object name Ratis:service=RaftServer,group=group-815581757129,id=8a411a4f-0e32-4dd1-80b9-a797c2117425
2019-09-26 15:08:51,687 [8a411a4f-0e32-4dd1-80b9-a797c2117425@group-D864432FC37C-SegmentedRaftLogWorker] INFO  impl.PendingRequests (PendingRequests.java:sendNotLeaderResponses(202)) - 8a411a4f-0e32-4dd1-80b9-a797c2117425-PendingRequests: sendNotLeaderResponses
2019-09-26 15:08:51,687 [8a411a4f-0e32-4dd1-80b9-a797c2117425@group-8700CBCF3B52-SegmentedRaftLogWorker] INFO  util.JmxRegister (JmxRegister.java:unregister(73)) - Successfully un-registered JMX Bean with object name Ratis:service=RaftServer,group=group-8700CBCF3B52,id=8a411a4f-0e32-4dd1-80b9-a797c2117425
2019-09-26 15:08:51,687 [8a411a4f-0e32-4dd1-80b9-a797c2117425@group-4D95ED7A34E1-SegmentedRaftLogWorker] INFO  impl.RoleInfo (RoleInfo.java:shutdownLeaderState(104)) - 8a411a4f-0e32-4dd1-80b9-a797c2117425: shutdown LeaderState
2019-09-26 15:08:51,686 [8a411a4f-0e32-4dd1-80b9-a797c2117425@group-AD41E9BABF33-SegmentedRaftLogWorker] INFO  impl.RoleInfo (RoleInfo.java:shutdownLeaderState(104)) - 8a411a4f-0e32-4dd1-80b9-a797c2117425: shutdown LeaderState
2019-09-26 15:08:51,686 [8a411a4f-0e32-4dd1-80b9-a797c2117425@group-AA1C07C3D689:LeaderElection260] INFO  server.RaftServerConfigKeys (ConfUtils.java:logGet(43)) - raft.server.watch.timeout.denomination = 1s (default)
2019-09-26 15:08:51,686 [8a411a4f-0e32-4dd1-80b9-a797c2117425@group-282779247581-SegmentedRaftLogWorker] INFO  impl.RoleInfo (RoleInfo.java:shutdownLeaderState(104)) - 8a411a4f-0e32-4dd1-80b9-a797c2117425: shutdown LeaderState
2019-09-26 15:08:51,686 [8a411a4f-0e32-4dd1-80b9-a797c2117425@group-AF909D263E7A-SegmentedRaftLogWorker] INFO  impl.RoleInfo (RoleInfo.java:shutdownLeaderState(104)) - 8a411a4f-0e32-4dd1-80b9-a797c2117425: shutdown LeaderState
2019-09-26 15:08:51,686 [8a411a4f-0e32-4dd1-80b9-a797c2117425@group-9134F99A9F4A:LeaderElection261] INFO  server.RaftServerConfigKeys (ConfUtils.java:logGet(43)) - raft.server.watch.element-limit = 65536 (default)
2019-09-26 15:08:51,686 [8a411a4f-0e32-4dd1-80b9-a797c2117425@group-E916E844E274-SegmentedRaftLogWorker] INFO  impl.RoleInfo (RoleInfo.java:shutdownLeaderState(104)) - 8a411a4f-0e32-4dd1-80b9-a797c2117425: shutdown LeaderState
2019-09-26 15:08:51,686 [8a411a4f-0e32-4dd1-80b9-a797c2117425@group-6A12D702F30C:LeaderElection267] INFO  server.RaftServerConfigKeys (ConfUtils.java:logGet(43)) - raft.server.watch.timeout.denomination = 1s (default)
2019-09-26 15:08:51,686 [8a411a4f-0e32-4dd1-80b9-a797c2117425@group-7C9D8199E53A-SegmentedRaftLogWorker] INFO  segmented.SegmentedRaftLogWorker (SegmentedRaftLogWorker.java:close(228)) - 8a411a4f-0e32-4dd1-80b9-a797c2117425@group-7C9D8199E53A-SegmentedRaftLogWorker close()
2019-09-26 15:08:51,685 [8a411a4f-0e32-4dd1-80b9-a797c2117425@group-1955C9B62640-SegmentedRaftLogWorker] INFO  impl.PendingRequests (PendingRequests.java:sendNotLeaderResponses(202)) - 8a411a4f-0e32-4dd1-80b9-a797c2117425-PendingRequests: sendNotLeaderResponses
2019-09-26 15:08:51,685 [Thread-1184] INFO  impl.RoleInfo (RoleInfo.java:shutdownFollowerState(121)) - 8a411a4f-0e32-4dd1-80b9-a797c2117425: shutdown FollowerState
2019-09-26 15:08:51,685 [Thread-1197] INFO  impl.RoleInfo (RoleInfo.java:shutdownFollowerState(121)) - 8a411a4f-0e32-4dd1-80b9-a797c2117425: shutdown FollowerState
2019-09-26 15:08:51,685 [8a411a4f-0e32-4dd1-80b9-a797c2117425@group-06EC7D0DF22B-SegmentedRaftLogWorker] INFO  impl.RoleInfo (RoleInfo.java:shutdownLeaderState(104)) - 8a411a4f-0e32-4dd1-80b9-a797c2117425: shutdown LeaderState
2019-09-26 15:08:51,685 [8a411a4f-0e32-4dd1-80b9-a797c2117425@group-43557E0D0B54:LeaderElection204] INFO  impl.RoleInfo (RoleInfo.java:updateAndGet(143)) - 8a411a4f-0e32-4dd1-80b9-a797c2117425: start LeaderState
2019-09-26 15:08:51,685 [Thread-1178] INFO  impl.RoleInfo (RoleInfo.java:shutdownFollowerState(121)) - 8a411a4f-0e32-4dd1-80b9-a797c2117425: shutdown FollowerState
2019-09-26 15:08:51,685 [8a411a4f-0e32-4dd1-80b9-a797c2117425@group-D5C2E6A1B48A:LeaderElection262] INFO  server.RaftServerConfigKeys (ConfUtils.java:logGet(43)) - raft.server.watch.element-limit = 65536 (default)
2019-09-26 15:08:51,684 [8a411a4f-0e32-4dd1-80b9-a797c2117425@group-08B3FA40B821:LeaderElection268] INFO  server.RaftServerConfigKeys (ConfUtils.java:logGet(43)) - raft.server.watch.element-limit = 65536 (default)
2019-09-26 15:08:51,684 [Thread-1175] INFO  impl.RaftServerImpl (RaftServerImpl.java:setRole(174)) - 8a411a4f-0e32-4dd1-80b9-a797c2117425@group-5EAF20E60177: changes role from  FOLLOWER to CANDIDATE at term 0 for changeToCandidate
2019-09-26 15:08:51,684 [8a411a4f-0e32-4dd1-80b9-a797c2117425@group-D2571D42C563:LeaderElection256] INFO  server.RaftServerConfigKeys (ConfUtils.java:logGet(43)) - raft.server.watch.timeout.denomination = 1s (default)
2019-09-26 15:08:52,104 [Thread-1175] INFO  impl.RoleInfo (RoleInfo.java:updateAndGet(143)) - 8a411a4f-0e32-4dd1-80b9-a797c2117425: start LeaderElection
2019-09-26 15:08:52,104 [Thread-1178] INFO  impl.RaftServerImpl (RaftServerImpl.java:setRole(174)) - 8a411a4f-0e32-4dd1-80b9-a797c2117425@group-3884FFF625F6: changes role from  FOLLOWER to CANDIDATE at term 0 for changeToCandidate
2019-09-26 15:08:52,104 [8a411a4f-0e32-4dd1-80b9-a797c2117425@group-43557E0D0B54:LeaderElection204] INFO  segmented.SegmentedRaftLogWorker (SegmentedRaftLogWorker.java:startLogSegment(380)) - 8a411a4f-0e32-4dd1-80b9-a797c2117425@group-43557E0D0B54-SegmentedRaftLogWorker: Starting segment from index:0
2019-09-26 15:08:52,104 [8a411a4f-0e32-4dd1-80b9-a797c2117425@group-06EC7D0DF22B-SegmentedRaftLogWorker] INFO  impl.PendingRequests (PendingRequests.java:sendNotLeaderResponses(202)) - 8a411a4f-0e32-4dd1-80b9-a797c2117425-PendingRequests: sendNotLeaderResponses
2019-09-26 15:08:52,103 [8a411a4f-0e32-4dd1-80b9-a797c2117425@group-FC070601F0EC-SegmentedRaftLogWorker] INFO  util.JmxRegister (JmxRegister.java:unregister(73)) - Successfully un-registered JMX Bean with object name Ratis:service=RaftServer,group=group-FC070601F0EC,id=8a411a4f-0e32-4dd1-80b9-a797c2117425
2019-09-26 15:08:52,105 [8a411a4f-0e32-4dd1-80b9-a797c2117425@group-FC070601F0EC-SegmentedRaftLogWorker] INFO  impl.RoleInfo (RoleInfo.java:shutdownLeaderState(104)) - 8a411a4f-0e32-4dd1-80b9-a797c2117425: shutdown LeaderState
2019-09-26 15:08:52,103 [Thread-1197] INFO  impl.RaftServerImpl (RaftServerImpl.java:setRole(174)) - 8a411a4f-0e32-4dd1-80b9-a797c2117425@group-CFBE5C1BAA60: changes role from  FOLLOWER to CANDIDATE at term 0 for changeToCandidate
2019-09-26 15:08:52,103 [8a411a4f-0e32-4dd1-80b9-a797c2117425@group-72E1DE38373A-SegmentedRaftLogWorker] INFO  util.JmxRegister (JmxRegister.java:unregister(73)) - Successfully un-registered JMX Bean with object name Ratis:service=RaftServer,group=group-72E1DE38373A,id=8a411a4f-0e32-4dd1-80b9-a797c2117425
2019-09-26 15:08:52,103 [Thread-1184] INFO  impl.RaftServerImpl (RaftServerImpl.java:setRole(174)) - 8a411a4f-0e32-4dd1-80b9-a797c2117425@group-04E195EC18D6: changes role from  FOLLOWER to CANDIDATE at term 0 for changeToCandidate
2019-09-26 15:08:52,103 [8a411a4f-0e32-4dd1-80b9-a797c2117425@group-1955C9B62640-SegmentedRaftLogWorker] INFO  impl.StateMachineUpdater (StateMachineUpdater.java:stopAndJoin(125)) - 8a411a4f-0e32-4dd1-80b9-a797c2117425@group-1955C9B62640-StateMachineUpdater: set stopIndex = -1
2019-09-26 15:08:52,328 [Thread-1184] INFO  impl.RoleInfo (RoleInfo.java:updateAndGet(143)) - 8a411a4f-0e32-4dd1-80b9-a797c2117425: start LeaderElection
2019-09-26 15:08:52,103 [8a411a4f-0e32-4dd1-80b9-a797c2117425@group-6A12D702F30C:LeaderElection267] INFO  server.RaftServerConfigKeys (ConfUtils.java:logGet(43)) - raft.server.watch.element-limit = 65536 (default)
2019-09-26 15:08:52,103 [8a411a4f-0e32-4dd1-80b9-a797c2117425@group-E916E844E274-SegmentedRaftLogWorker] INFO  impl.PendingRequests (PendingRequests.java:sendNotLeaderResponses(202)) - 8a411a4f-0e32-4dd1-80b9-a797c2117425-PendingRequests: sendNotLeaderResponses
2019-09-26 15:08:52,103 [8a411a4f-0e32-4dd1-80b9-a797c2117425@group-AF909D263E7A-SegmentedRaftLogWorker] INFO  impl.PendingRequests (PendingRequests.java:sendNotLeaderResponses(202)) - 8a411a4f-0e32-4dd1-80b9-a797c2117425-PendingRequests: sendNotLeaderResponses
2019-09-26 15:08:52,102 [8a411a4f-0e32-4dd1-80b9-a797c2117425@group-282779247581-SegmentedRaftLogWorker] INFO  impl.PendingRequests (PendingRequests.java:sendNotLeaderResponses(202)) - 8a411a4f-0e32-4dd1-80b9-a797c2117425-PendingRequests: sendNotLeaderResponses
2019-09-26 15:08:52,102 [8a411a4f-0e32-4dd1-80b9-a797c2117425@group-AA1C07C3D689:LeaderElection260] INFO  server.RaftServerConfigKeys (ConfUtils.java:logGet(43)) - raft.server.watch.element-limit = 65536 (default)
2019-09-26 15:08:52,329 [8a411a4f-0e32-4dd1-80b9-a797c2117425@group-282779247581-SegmentedRaftLogWorker] INFO  impl.StateMachineUpdater (StateMachineUpdater.java:stopAndJoin(125)) - 8a411a4f-0e32-4dd1-80b9-a797c2117425@group-282779247581-StateMachineUpdater: set stopIndex = -1
2019-09-26 15:08:52,329 [8a411a4f-0e32-4dd1-80b9-a797c2117425@group-282779247581-SegmentedRaftLogWorker] INFO  impl.RaftServerImpl (ServerState.java:close(385)) - 8a411a4f-0e32-4dd1-80b9-a797c2117425@group-282779247581: closes. applyIndex: -1
2019-09-26 15:08:52,102 [8a411a4f-0e32-4dd1-80b9-a797c2117425@group-AD41E9BABF33-SegmentedRaftLogWorker] INFO  impl.PendingRequests (PendingRequests.java:sendNotLeaderResponses(202)) - 8a411a4f-0e32-4dd1-80b9-a797c2117425-PendingRequests: sendNotLeaderResponses
2019-09-26 15:08:52,102 [8a411a4f-0e32-4dd1-80b9-a797c2117425@group-4D95ED7A34E1-SegmentedRaftLogWorker] INFO  impl.PendingRequests (PendingRequests.java:sendNotLeaderResponses(202)) - 8a411a4f-0e32-4dd1-80b9-a797c2117425-PendingRequests: sendNotLeaderResponses
2019-09-26 15:08:52,102 [8a411a4f-0e32-4dd1-80b9-a797c2117425@group-8700CBCF3B52-SegmentedRaftLogWorker] INFO  impl.RoleInfo (RoleInfo.java:shutdownLeaderState(104)) - 8a411a4f-0e32-4dd1-80b9-a797c2117425: shutdown LeaderState
2019-09-26 15:08:52,102 [8a411a4f-0e32-4dd1-80b9-a797c2117425@group-D864432FC37C-SegmentedRaftLogWorker] INFO  impl.StateMachineUpdater (StateMachineUpdater.java:stopAndJoin(125)) - 8a411a4f-0e32-4dd1-80b9-a797c2117425@group-D864432FC37C-StateMachineUpdater: set stopIndex = -1
2019-09-26 15:08:52,102 [8a411a4f-0e32-4dd1-80b9-a797c2117425@group-815581757129-SegmentedRaftLogWorker] INFO  impl.RoleInfo (RoleInfo.java:shutdownLeaderState(104)) - 8a411a4f-0e32-4dd1-80b9-a797c2117425: shutdown LeaderState
2019-09-26 15:08:52,330 [8a411a4f-0e32-4dd1-80b9-a797c2117425@group-D864432FC37C-SegmentedRaftLogWorker] INFO  impl.RaftServerImpl (ServerState.java:close(385)) - 8a411a4f-0e32-4dd1-80b9-a797c2117425@group-D864432FC37C: closes. applyIndex: -1
2019-09-26 15:08:52,102 [8a411a4f-0e32-4dd1-80b9-a797c2117425@group-464AB6351F7D-SegmentedRaftLogWorker] INFO  impl.StateMachineUpdater (StateMachineUpdater.java:stopAndJoin(125)) - 8a411a4f-0e32-4dd1-80b9-a797c2117425@group-464AB6351F7D-StateMachineUpdater: set stopIndex = -1
2019-09-26 15:08:52,101 [8a411a4f-0e32-4dd1-80b9-a797c2117425@group-56CC94C0701C:LeaderElection255] INFO  server.RaftServerConfigKeys (ConfUtils.java:logGet(43)) - raft.server.watch.element-limit = 65536 (default)
2019-09-26 15:08:51,915 [8a411a4f-0e32-4dd1-80b9-a797c2117425@group-56F119E5147E:LeaderElection241] INFO  impl.RaftServerImpl (ServerState.java:setRaftConf(354)) - 8a411a4f-0e32-4dd1-80b9-a797c2117425@group-56F119E5147E: set configuration 0: [8a411a4f-0e32-4dd1-80b9-a797c2117425:192.168.151.99:37125], old=null at 0
2019-09-26 15:08:51,914 [8a411a4f-0e32-4dd1-80b9-a797c2117425@group-24DB933FF523-SegmentedRaftLogWorker] INFO  impl.RoleInfo (RoleInfo.java:shutdownLeaderState(104)) - 8a411a4f-0e32-4dd1-80b9-a797c2117425: shutdown LeaderState
2019-09-26 15:08:51,914 [8a411a4f-0e32-4dd1-80b9-a797c2117425@group-ACB2ABC0275F:LeaderElection226] INFO  segmented.SegmentedRaftLogWorker (SegmentedRaftLogWorker.java:startLogSegment(380)) - 8a411a4f-0e32-4dd1-80b9-a797c2117425@group-ACB2ABC0275F-SegmentedRaftLogWorker: Starting segment from index:0
2019-09-26 15:08:51,914 [8a411a4f-0e32-4dd1-80b9-a797c2117425@group-B3C8B28B000E-SegmentedRaftLogWorker] INFO  impl.StateMachineUpdater (StateMachineUpdater.java:stopAndJoin(125)) - 8a411a4f-0e32-4dd1-80b9-a797c2117425@group-B3C8B28B000E-StateMachineUpdater: set stopIndex = -1
2019-09-26 15:08:51,914 [8a411a4f-0e32-4dd1-80b9-a797c2117425@group-533E6FD97CDD:LeaderElection269] INFO  server.RaftServerConfigKeys (ConfUtils.java:logGet(43)) - raft.server.watch.element-limit = 65536 (default)
2019-09-26 15:08:51,909 [8a411a4f-0e32-4dd1-80b9-a797c2117425@group-F5831FDAC3B9-SegmentedRaftLogWorker] ERROR segmented.SegmentedRaftLogWorker (SegmentedRaftLogWorker.java:run(323)) - 8a411a4f-0e32-4dd1-80b9-a797c2117425@group-F5831FDAC3B9-SegmentedRaftLogWorker hit exception
java.lang.OutOfMemoryError: Direct buffer memory
	at java.nio.Bits.reserveMemory(Bits.java:666)
	at java.nio.DirectByteBuffer.<init>(DirectByteBuffer.java:123)
	at java.nio.ByteBuffer.allocateDirect(ByteBuffer.java:311)
	at org.apache.ratis.server.raftlog.segmented.BufferedWriteChannel.<init>(BufferedWriteChannel.java:41)
	at org.apache.ratis.server.raftlog.segmented.SegmentedRaftLogOutputStream.<init>(SegmentedRaftLogOutputStream.java:72)
	at org.apache.ratis.server.raftlog.segmented.SegmentedRaftLogWorker$StartLogSegment.execute(SegmentedRaftLogWorker.java:566)
	at org.apache.ratis.server.raftlog.segmented.SegmentedRaftLogWorker.run(SegmentedRaftLogWorker.java:289)
	at java.lang.Thread.run(Thread.java:748)
2019-09-26 15:08:51,693 [8a411a4f-0e32-4dd1-80b9-a797c2117425@group-F71E95AE8AB3-SegmentedRaftLogWorker] INFO  impl.PendingRequests (PendingRequests.java:sendNotLeaderResponses(202)) - 8a411a4f-0e32-4dd1-80b9-a797c2117425-PendingRequests: sendNotLeaderResponses
2019-09-26 15:08:51,693 [8a411a4f-0e32-4dd1-80b9-a797c2117425@group-D946C9146714:LeaderElection221] INFO  impl.RaftServerImpl (ServerState.java:setRaftConf(354)) - 8a411a4f-0e32-4dd1-80b9-a797c2117425@group-D946C9146714: set configuration 0: [8a411a4f-0e32-4dd1-80b9-a797c2117425:192.168.151.99:37125], old=null at 0
2019-09-26 15:08:51,693 [8a411a4f-0e32-4dd1-80b9-a797c2117425@group-F0ABC0A80C00-SegmentedRaftLogWorker] INFO  impl.RoleInfo (RoleInfo.java:shutdownLeaderState(104)) - 8a411a4f-0e32-4dd1-80b9-a797c2117425: shutdown LeaderState
2019-09-26 15:08:51,693 [8a411a4f-0e32-4dd1-80b9-a797c2117425@group-38020CCA7F83-SegmentedRaftLogWorker] INFO  impl.RoleInfo (RoleInfo.java:shutdownLeaderState(104)) - 8a411a4f-0e32-4dd1-80b9-a797c2117425: shutdown LeaderState
2019-09-26 15:08:51,693 [8a411a4f-0e32-4dd1-80b9-a797c2117425@group-08ECA622B824-SegmentedRaftLogWorker] INFO  impl.RoleInfo (RoleInfo.java:shutdownLeaderState(104)) - 8a411a4f-0e32-4dd1-80b9-a797c2117425: shutdown LeaderState
2019-09-26 15:08:51,693 [8a411a4f-0e32-4dd1-80b9-a797c2117425@group-070482571D29-SegmentedRaftLogWorker] INFO  impl.RoleInfo (RoleInfo.java:shutdownLeaderState(104)) - 8a411a4f-0e32-4dd1-80b9-a797c2117425: shutdown LeaderState
2019-09-26 15:08:51,693 [8a411a4f-0e32-4dd1-80b9-a797c2117425@group-FC1F641A5BB5:LeaderElection254] INFO  impl.RoleInfo (RoleInfo.java:updateAndGet(143)) - 8a411a4f-0e32-4dd1-80b9-a797c2117425: start LeaderState
2019-09-26 15:08:51,693 [8a411a4f-0e32-4dd1-80b9-a797c2117425@group-5C09A8D6B935-SegmentedRaftLogWorker] INFO  impl.RoleInfo (RoleInfo.java:shutdownLeaderState(104)) - 8a411a4f-0e32-4dd1-80b9-a797c2117425: shutdown LeaderState
2019-09-26 15:08:51,693 [8a411a4f-0e32-4dd1-80b9-a797c2117425@group-C79884FD6F3D:LeaderElection272] INFO  server.RaftServerConfigKeys (ConfUtils.java:logGet(43)) - raft.server.write.element-limit = 4096 (default)
2019-09-26 15:08:51,693 [8a411a4f-0e32-4dd1-80b9-a797c2117425@group-B82DE6D48904:LeaderElection271] INFO  server.RaftServerConfigKeys (ConfUtils.java:logGet(43)) - raft.server.watch.timeout.denomination = 1s (default)
2019-09-26 15:08:51,692 [8a411a4f-0e32-4dd1-80b9-a797c2117425@group-22226669EE23:LeaderElection273] INFO  server.RaftServerConfigKeys (ConfUtils.java:logGet(43)) - raft.server.watch.timeout = 10s (default)
2019-09-26 15:08:52,333 [8a411a4f-0e32-4dd1-80b9-a797c2117425@group-22226669EE23:LeaderElection273] INFO  server.RaftServerConfigKeys (ConfUtils.java:logGet(43)) - raft.server.watch.timeout.denomination = 1s (default)
2019-09-26 15:08:51,692 [8a411a4f-0e32-4dd1-80b9-a797c2117425@group-61F50073A647:LeaderElection275] INFO  server.RaftServerConfigKeys (ConfUtils.java:logGet(43)) - raft.server.write.element-limit = 4096 (default)
2019-09-26 15:08:51,692 [8a411a4f-0e32-4dd1-80b9-a797c2117425@group-B3783F4873A6-SegmentedRaftLogWorker] INFO  segmented.SegmentedRaftLogWorker (SegmentedRaftLogWorker.java:close(228)) - 8a411a4f-0e32-4dd1-80b9-a797c2117425@group-B3783F4873A6-SegmentedRaftLogWorker close()
2019-09-26 15:08:51,692 [8a411a4f-0e32-4dd1-80b9-a797c2117425@group-5E95C319A20F-SegmentedRaftLogWorker] INFO  impl.RaftServerImpl (ServerState.java:close(385)) - 8a411a4f-0e32-4dd1-80b9-a797c2117425@group-5E95C319A20F: closes. applyIndex: -1
2019-09-26 15:08:51,692 [8a411a4f-0e32-4dd1-80b9-a797c2117425@group-E7D8D4CC70D9:LeaderElection274] INFO  server.RaftServerConfigKeys (ConfUtils.java:logGet(43)) - raft.server.write.element-limit = 4096 (default)
2019-09-26 15:08:51,692 [8a411a4f-0e32-4dd1-80b9-a797c2117425@group-157AB0181C30:LeaderElection277] INFO  impl.RaftServerImpl (ServerState.java:setLeader(253)) - 8a411a4f-0e32-4dd1-80b9-a797c2117425@group-157AB0181C30: change Leader from null to 8a411a4f-0e32-4dd1-80b9-a797c2117425 at term 1 for becomeLeader, leader elected after 16719ms
2019-09-26 15:08:52,336 [8a411a4f-0e32-4dd1-80b9-a797c2117425@group-E7D8D4CC70D9:LeaderElection274] INFO  server.RaftServerConfigKeys (ConfUtils.java:logGet(43)) - raft.server.watch.timeout = 10s (default)
2019-09-26 15:08:52,336 [8a411a4f-0e32-4dd1-80b9-a797c2117425@group-5E95C319A20F-SegmentedRaftLogWorker] INFO  segmented.SegmentedRaftLogWorker (SegmentedRaftLogWorker.java:close(228)) - 8a411a4f-0e32-4dd1-80b9-a797c2117425@group-5E95C319A20F-SegmentedRaftLogWorker close()
2019-09-26 15:08:52,334 [8a411a4f-0e32-4dd1-80b9-a797c2117425@group-61F50073A647:LeaderElection275] INFO  server.RaftServerConfigKeys (ConfUtils.java:logGet(43)) - raft.server.watch.timeout = 10s (default)
2019-09-26 15:08:52,333 [8a411a4f-0e32-4dd1-80b9-a797c2117425@group-22226669EE23:LeaderElection273] INFO  server.RaftServerConfigKeys (ConfUtils.java:logGet(43)) - raft.server.watch.element-limit = 65536 (default)
2019-09-26 15:08:52,333 [8a411a4f-0e32-4dd1-80b9-a797c2117425@group-B82DE6D48904:LeaderElection271] INFO  server.RaftServerConfigKeys (ConfUtils.java:logGet(43)) - raft.server.watch.element-limit = 65536 (default)
2019-09-26 15:08:52,333 [8a411a4f-0e32-4dd1-80b9-a797c2117425@group-C79884FD6F3D:LeaderElection272] INFO  server.RaftServerConfigKeys (ConfUtils.java:logGet(43)) - raft.server.watch.timeout = 10s (default)
2019-09-26 15:08:52,333 [8a411a4f-0e32-4dd1-80b9-a797c2117425@group-5C09A8D6B935-SegmentedRaftLogWorker] INFO  impl.PendingRequests (PendingRequests.java:sendNotLeaderResponses(202)) - 8a411a4f-0e32-4dd1-80b9-a797c2117425-PendingRequests: sendNotLeaderResponses
2019-09-26 15:08:52,333 [8a411a4f-0e32-4dd1-80b9-a797c2117425@group-FC1F641A5BB5:LeaderElection254] INFO  segmented.SegmentedRaftLogWorker (SegmentedRaftLogWorker.java:startLogSegment(380)) - 8a411a4f-0e32-4dd1-80b9-a797c2117425@group-FC1F641A5BB5-SegmentedRaftLogWorker: Starting segment from index:0
2019-09-26 15:08:52,332 [8a411a4f-0e32-4dd1-80b9-a797c2117425@group-070482571D29-SegmentedRaftLogWorker] INFO  impl.PendingRequests (PendingRequests.java:sendNotLeaderResponses(202)) - 8a411a4f-0e32-4dd1-80b9-a797c2117425-PendingRequests: sendNotLeaderResponses
2019-09-26 15:08:52,332 [8a411a4f-0e32-4dd1-80b9-a797c2117425@group-08ECA622B824-SegmentedRaftLogWorker] INFO  impl.PendingRequests (PendingRequests.java:sendNotLeaderResponses(202)) - 8a411a4f-0e32-4dd1-80b9-a797c2117425-PendingRequests: sendNotLeaderResponses
2019-09-26 15:08:52,332 [8a411a4f-0e32-4dd1-80b9-a797c2117425@group-38020CCA7F83-SegmentedRaftLogWorker] INFO  impl.PendingRequests (PendingRequests.java:sendNotLeaderResponses(202)) - 8a411a4f-0e32-4dd1-80b9-a797c2117425-PendingRequests: sendNotLeaderResponses
2019-09-26 15:08:52,332 [8a411a4f-0e32-4dd1-80b9-a797c2117425@group-9B2ED3ACC3BA:LeaderElection201] INFO  impl.RoleInfo (RoleInfo.java:updateAndGet(143)) - 8a411a4f-0e32-4dd1-80b9-a797c2117425: start LeaderState
2019-09-26 15:08:52,332 [8a411a4f-0e32-4dd1-80b9-a797c2117425@group-F0ABC0A80C00-SegmentedRaftLogWorker] INFO  impl.PendingRequests (PendingRequests.java:sendNotLeaderResponses(202)) - 8a411a4f-0e32-4dd1-80b9-a797c2117425-PendingRequests: sendNotLeaderResponses
2019-09-26 15:08:52,339 [8a411a4f-0e32-4dd1-80b9-a797c2117425@group-F0ABC0A80C00-SegmentedRaftLogWorker] INFO  impl.StateMachineUpdater (StateMachineUpdater.java:stopAndJoin(125)) - 8a411a4f-0e32-4dd1-80b9-a797c2117425@group-F0ABC0A80C00-StateMachineUpdater: set stopIndex = -1
2019-09-26 15:08:52,332 [8a411a4f-0e32-4dd1-80b9-a797c2117425@group-F71E95AE8AB3-SegmentedRaftLogWorker] INFO  impl.StateMachineUpdater (StateMachineUpdater.java:stopAndJoin(125)) - 8a411a4f-0e32-4dd1-80b9-a797c2117425@group-F71E95AE8AB3-StateMachineUpdater: set stopIndex = -1
2019-09-26 15:08:52,332 [8a411a4f-0e32-4dd1-80b9-a797c2117425@group-F5831FDAC3B9-SegmentedRaftLogWorker] INFO  impl.RaftServerImpl (RaftServerImpl.java:lambda$shutdown$3(251)) - 8a411a4f-0e32-4dd1-80b9-a797c2117425@group-F5831FDAC3B9: shutdown
2019-09-26 15:08:52,331 [8a411a4f-0e32-4dd1-80b9-a797c2117425@group-ACB2ABC0275F:LeaderElection226] INFO  impl.RaftServerImpl (ServerState.java:setRaftConf(354)) - 8a411a4f-0e32-4dd1-80b9-a797c2117425@group-ACB2ABC0275F: set configuration 0: [8a411a4f-0e32-4dd1-80b9-a797c2117425:192.168.151.99:37125], old=null at 0
2019-09-26 15:08:52,331 [8a411a4f-0e32-4dd1-80b9-a797c2117425@group-B3C8B28B000E-SegmentedRaftLogWorker] INFO  impl.RaftServerImpl (ServerState.java:close(385)) - 8a411a4f-0e32-4dd1-80b9-a797c2117425@group-B3C8B28B000E: closes. applyIndex: -1
2019-09-26 15:08:52,331 [8a411a4f-0e32-4dd1-80b9-a797c2117425@group-24DB933FF523-SegmentedRaftLogWorker] INFO  impl.PendingRequests (PendingRequests.java:sendNotLeaderResponses(202)) - 8a411a4f-0e32-4dd1-80b9-a797c2117425-PendingRequests: sendNotLeaderResponses
2019-09-26 15:08:52,331 [8a411a4f-0e32-4dd1-80b9-a797c2117425@group-464AB6351F7D-SegmentedRaftLogWorker] INFO  impl.RaftServerImpl (ServerState.java:close(385)) - 8a411a4f-0e32-4dd1-80b9-a797c2117425@group-464AB6351F7D: closes. applyIndex: -1
2019-09-26 15:08:52,331 [8a411a4f-0e32-4dd1-80b9-a797c2117425@group-2F139598710B:LeaderElection215] INFO  impl.RoleInfo (RoleInfo.java:updateAndGet(143)) - 8a411a4f-0e32-4dd1-80b9-a797c2117425: start LeaderState
2019-09-26 15:08:52,331 [8a411a4f-0e32-4dd1-80b9-a797c2117425@group-815581757129-SegmentedRaftLogWorker] INFO  impl.PendingRequests (PendingRequests.java:sendNotLeaderResponses(202)) - 8a411a4f-0e32-4dd1-80b9-a797c2117425-PendingRequests: sendNotLeaderResponses
2019-09-26 15:08:52,339 [8a411a4f-0e32-4dd1-80b9-a797c2117425@group-2F139598710B:LeaderElection215] INFO  segmented.SegmentedRaftLogWorker (SegmentedRaftLogWorker.java:startLogSegment(380)) - 8a411a4f-0e32-4dd1-80b9-a797c2117425@group-2F139598710B-SegmentedRaftLogWorker: Starting segment from index:0
2019-09-26 15:08:52,331 [8a411a4f-0e32-4dd1-80b9-a797c2117425@group-D864432FC37C-SegmentedRaftLogWorker] INFO  segmented.SegmentedRaftLogWorker (SegmentedRaftLogWorker.java:close(228)) - 8a411a4f-0e32-4dd1-80b9-a797c2117425@group-D864432FC37C-SegmentedRaftLogWorker close()
2019-09-26 15:08:52,330 [8a411a4f-0e32-4dd1-80b9-a797c2117425@group-8700CBCF3B52-SegmentedRaftLogWorker] INFO  impl.PendingRequests (PendingRequests.java:sendNotLeaderResponses(202)) - 8a411a4f-0e32-4dd1-80b9-a797c2117425-PendingRequests: sendNotLeaderResponses
2019-09-26 15:08:52,330 [8a411a4f-0e32-4dd1-80b9-a797c2117425@group-4D95ED7A34E1-SegmentedRaftLogWorker] INFO  impl.StateMachineUpdater (StateMachineUpdater.java:stopAndJoin(125)) - 8a411a4f-0e32-4dd1-80b9-a797c2117425@group-4D95ED7A34E1-StateMachineUpdater: set stopIndex = -1
2019-09-26 15:08:52,330 [8a411a4f-0e32-4dd1-80b9-a797c2117425@group-AD41E9BABF33-SegmentedRaftLogWorker] INFO  impl.StateMachineUpdater (StateMachineUpdater.java:stopAndJoin(125)) - 8a411a4f-0e32-4dd1-80b9-a797c2117425@group-AD41E9BABF33-StateMachineUpdater: set stopIndex = -1
2019-09-26 15:08:52,330 [8a411a4f-0e32-4dd1-80b9-a797c2117425@group-282779247581-SegmentedRaftLogWorker] INFO  segmented.SegmentedRaftLogWorker (SegmentedRaftLogWorker.java:close(228)) - 8a411a4f-0e32-4dd1-80b9-a797c2117425@group-282779247581-SegmentedRaftLogWorker close()
2019-09-26 15:08:52,329 [8a411a4f-0e32-4dd1-80b9-a797c2117425@group-AF909D263E7A-SegmentedRaftLogWorker] INFO  impl.StateMachineUpdater (StateMachineUpdater.java:stopAndJoin(125)) - 8a411a4f-0e32-4dd1-80b9-a797c2117425@group-AF909D263E7A-StateMachineUpdater: set stopIndex = -1
2019-09-26 15:08:52,329 [8a411a4f-0e32-4dd1-80b9-a797c2117425@group-E916E844E274-SegmentedRaftLogWorker] INFO  impl.StateMachineUpdater (StateMachineUpdater.java:stopAndJoin(125)) - 8a411a4f-0e32-4dd1-80b9-a797c2117425@group-E916E844E274-StateMachineUpdater: set stopIndex = -1
2019-09-26 15:08:52,328 [8a411a4f-0e32-4dd1-80b9-a797c2117425@group-1955C9B62640-SegmentedRaftLogWorker] INFO  impl.RaftServerImpl (ServerState.java:close(385)) - 8a411a4f-0e32-4dd1-80b9-a797c2117425@group-1955C9B62640: closes. applyIndex: -1
2019-09-26 15:08:52,328 [8a411a4f-0e32-4dd1-80b9-a797c2117425@group-72E1DE38373A-SegmentedRaftLogWorker] INFO  impl.RoleInfo (RoleInfo.java:shutdownLeaderState(104)) - 8a411a4f-0e32-4dd1-80b9-a797c2117425: shutdown LeaderState
2019-09-26 15:08:52,328 [Thread-1197] INFO  impl.RoleInfo (RoleInfo.java:updateAndGet(143)) - 8a411a4f-0e32-4dd1-80b9-a797c2117425: start LeaderElection
2019-09-26 15:08:52,327 [8a411a4f-0e32-4dd1-80b9-a797c2117425@group-789513F6DACF-SegmentedRaftLogWorker] ERROR segmented.SegmentedRaftLogWorker (SegmentedRaftLogWorker.java:run(323)) - 8a411a4f-0e32-4dd1-80b9-a797c2117425@group-789513F6DACF-SegmentedRaftLogWorker hit exception
java.lang.OutOfMemoryError: Direct buffer memory
	at java.nio.Bits.reserveMemory(Bits.java:666)
	at java.nio.DirectByteBuffer.<init>(DirectByteBuffer.java:123)
	at java.nio.ByteBuffer.allocateDirect(ByteBuffer.java:311)
	at org.apache.ratis.server.raftlog.segmented.BufferedWriteChannel.<init>(BufferedWriteChannel.java:41)
	at org.apache.ratis.server.raftlog.segmented.SegmentedRaftLogOutputStream.<init>(SegmentedRaftLogOutputStream.java:72)
	at org.apache.ratis.server.raftlog.segmented.SegmentedRaftLogWorker$StartLogSegment.execute(SegmentedRaftLogWorker.java:566)
	at org.apache.ratis.server.raftlog.segmented.SegmentedRaftLogWorker.run(SegmentedRaftLogWorker.java:289)
	at java.lang.Thread.run(Thread.java:748)
2019-09-26 15:08:52,341 [8a411a4f-0e32-4dd1-80b9-a797c2117425@group-789513F6DACF-SegmentedRaftLogWorker] INFO  impl.RaftServerImpl (RaftServerImpl.java:lambda$shutdown$3(251)) - 8a411a4f-0e32-4dd1-80b9-a797c2117425@group-789513F6DACF: shutdown
2019-09-26 15:08:52,105 [8a411a4f-0e32-4dd1-80b9-a797c2117425@group-FC070601F0EC-SegmentedRaftLogWorker] INFO  impl.PendingRequests (PendingRequests.java:sendNotLeaderResponses(202)) - 8a411a4f-0e32-4dd1-80b9-a797c2117425-PendingRequests: sendNotLeaderResponses
2019-09-26 15:08:52,105 [8a411a4f-0e32-4dd1-80b9-a797c2117425@group-43557E0D0B54:LeaderElection204] INFO  impl.RaftServerImpl (ServerState.java:setRaftConf(354)) - 8a411a4f-0e32-4dd1-80b9-a797c2117425@group-43557E0D0B54: set configuration 0: [8a411a4f-0e32-4dd1-80b9-a797c2117425:192.168.151.99:37125], old=null at 0
2019-09-26 15:08:52,105 [8a411a4f-0e32-4dd1-80b9-a797c2117425@group-06EC7D0DF22B-SegmentedRaftLogWorker] INFO  impl.StateMachineUpdater (StateMachineUpdater.java:stopAndJoin(125)) - 8a411a4f-0e32-4dd1-80b9-a797c2117425@group-06EC7D0DF22B-StateMachineUpdater: set stopIndex = -1
2019-09-26 15:08:52,105 [8a411a4f-0e32-4dd1-80b9-a797c2117425@group-9CAEA4046C8E:LeaderElection213] INFO  impl.RoleInfo (RoleInfo.java:updateAndGet(143)) - 8a411a4f-0e32-4dd1-80b9-a797c2117425: start LeaderState
2019-09-26 15:08:52,105 [Thread-1178] INFO  impl.RoleInfo (RoleInfo.java:updateAndGet(143)) - 8a411a4f-0e32-4dd1-80b9-a797c2117425: start LeaderElection
2019-09-26 15:08:52,104 [8a411a4f-0e32-4dd1-80b9-a797c2117425@group-D2571D42C563:LeaderElection256] INFO  server.RaftServerConfigKeys (ConfUtils.java:logGet(43)) - raft.server.watch.element-limit = 65536 (default)
2019-09-26 15:08:52,342 [8a411a4f-0e32-4dd1-80b9-a797c2117425@group-FC070601F0EC-SegmentedRaftLogWorker] INFO  impl.StateMachineUpdater (StateMachineUpdater.java:stopAndJoin(125)) - 8a411a4f-0e32-4dd1-80b9-a797c2117425@group-FC070601F0EC-StateMachineUpdater: set stopIndex = -1
2019-09-26 15:08:52,342 [8a411a4f-0e32-4dd1-80b9-a797c2117425@group-9CAEA4046C8E:LeaderElection213] INFO  segmented.SegmentedRaftLogWorker (SegmentedRaftLogWorker.java:startLogSegment(380)) - 8a411a4f-0e32-4dd1-80b9-a797c2117425@group-9CAEA4046C8E-SegmentedRaftLogWorker: Starting segment from index:0
2019-09-26 15:08:52,342 [8a411a4f-0e32-4dd1-80b9-a797c2117425@group-F5831FDAC3B9-SegmentedRaftLogWorker] INFO  util.JmxRegister (JmxRegister.java:unregister(73)) - Successfully un-registered JMX Bean with object name Ratis:service=RaftServer,group=group-F5831FDAC3B9,id=8a411a4f-0e32-4dd1-80b9-a797c2117425
2019-09-26 15:08:52,342 [8a411a4f-0e32-4dd1-80b9-a797c2117425@group-06EC7D0DF22B-SegmentedRaftLogWorker] INFO  impl.RaftServerImpl (ServerState.java:close(385)) - 8a411a4f-0e32-4dd1-80b9-a797c2117425@group-06EC7D0DF22B: closes. applyIndex: -1
2019-09-26 15:08:52,341 [8a411a4f-0e32-4dd1-80b9-a797c2117425@group-1955C9B62640-SegmentedRaftLogWorker] INFO  segmented.SegmentedRaftLogWorker (SegmentedRaftLogWorker.java:close(228)) - 8a411a4f-0e32-4dd1-80b9-a797c2117425@group-1955C9B62640-SegmentedRaftLogWorker close()
2019-09-26 15:08:52,341 [8a411a4f-0e32-4dd1-80b9-a797c2117425@group-72E1DE38373A-SegmentedRaftLogWorker] INFO  impl.PendingRequests (PendingRequests.java:sendNotLeaderResponses(202)) - 8a411a4f-0e32-4dd1-80b9-a797c2117425-PendingRequests: sendNotLeaderResponses
2019-09-26 15:08:52,341 [8a411a4f-0e32-4dd1-80b9-a797c2117425@group-E916E844E274-SegmentedRaftLogWorker] INFO  impl.RaftServerImpl (ServerState.java:close(385)) - 8a411a4f-0e32-4dd1-80b9-a797c2117425@group-E916E844E274: closes. applyIndex: -1
2019-09-26 15:08:52,341 [8a411a4f-0e32-4dd1-80b9-a797c2117425@group-C4458528C18D:LeaderElection199] INFO  impl.RoleInfo (RoleInfo.java:updateAndGet(143)) - 8a411a4f-0e32-4dd1-80b9-a797c2117425: start LeaderState
2019-09-26 15:08:52,340 [8a411a4f-0e32-4dd1-80b9-a797c2117425@group-AF909D263E7A-SegmentedRaftLogWorker] INFO  impl.RaftServerImpl (ServerState.java:close(385)) - 8a411a4f-0e32-4dd1-80b9-a797c2117425@group-AF909D263E7A: closes. applyIndex: -1
2019-09-26 15:08:53,087 [8a411a4f-0e32-4dd1-80b9-a797c2117425@group-C4458528C18D:LeaderElection199] INFO  segmented.SegmentedRaftLogWorker (SegmentedRaftLogWorker.java:startLogSegment(380)) - 8a411a4f-0e32-4dd1-80b9-a797c2117425@group-C4458528C18D-SegmentedRaftLogWorker: Starting segment from index:0
2019-09-26 15:08:52,340 [8a411a4f-0e32-4dd1-80b9-a797c2117425@group-AD41E9BABF33-SegmentedRaftLogWorker] INFO  impl.RaftServerImpl (ServerState.java:close(385)) - 8a411a4f-0e32-4dd1-80b9-a797c2117425@group-AD41E9BABF33: closes. applyIndex: -1
2019-09-26 15:08:52,340 [8a411a4f-0e32-4dd1-80b9-a797c2117425@group-4D95ED7A34E1-SegmentedRaftLogWorker] INFO  impl.RaftServerImpl (ServerState.java:close(385)) - 8a411a4f-0e32-4dd1-80b9-a797c2117425@group-4D95ED7A34E1: closes. applyIndex: -1
2019-09-26 15:08:52,340 [8a411a4f-0e32-4dd1-80b9-a797c2117425@group-8700CBCF3B52-SegmentedRaftLogWorker] INFO  impl.StateMachineUpdater (StateMachineUpdater.java:stopAndJoin(125)) - 8a411a4f-0e32-4dd1-80b9-a797c2117425@group-8700CBCF3B52-StateMachineUpdater: set stopIndex = -1
2019-09-26 15:08:52,340 [8a411a4f-0e32-4dd1-80b9-a797c2117425@group-2F139598710B:LeaderElection215] INFO  impl.RaftServerImpl (ServerState.java:setRaftConf(354)) - 8a411a4f-0e32-4dd1-80b9-a797c2117425@group-2F139598710B: set configuration 0: [8a411a4f-0e32-4dd1-80b9-a797c2117425:192.168.151.99:37125], old=null at 0
2019-09-26 15:08:52,339 [8a411a4f-0e32-4dd1-80b9-a797c2117425@group-815581757129-SegmentedRaftLogWorker] INFO  impl.StateMachineUpdater (StateMachineUpdater.java:stopAndJoin(125)) - 8a411a4f-0e32-4dd1-80b9-a797c2117425@group-815581757129-StateMachineUpdater: set stopIndex = -1
2019-09-26 15:08:52,339 [8a411a4f-0e32-4dd1-80b9-a797c2117425@group-464AB6351F7D-SegmentedRaftLogWorker] INFO  segmented.SegmentedRaftLogWorker (SegmentedRaftLogWorker.java:close(228)) - 8a411a4f-0e32-4dd1-80b9-a797c2117425@group-464AB6351F7D-SegmentedRaftLogWorker close()
2019-09-26 15:08:52,339 [8a411a4f-0e32-4dd1-80b9-a797c2117425@group-24DB933FF523-SegmentedRaftLogWorker] INFO  impl.StateMachineUpdater (StateMachineUpdater.java:stopAndJoin(125)) - 8a411a4f-0e32-4dd1-80b9-a797c2117425@group-24DB933FF523-StateMachineUpdater: set stopIndex = -1
2019-09-26 15:08:52,339 [8a411a4f-0e32-4dd1-80b9-a797c2117425@group-B3C8B28B000E-SegmentedRaftLogWorker] INFO  segmented.SegmentedRaftLogWorker (SegmentedRaftLogWorker.java:close(228)) - 8a411a4f-0e32-4dd1-80b9-a797c2117425@group-B3C8B28B000E-SegmentedRaftLogWorker close()
2019-09-26 15:08:52,339 [8a411a4f-0e32-4dd1-80b9-a797c2117425@group-F71E95AE8AB3-SegmentedRaftLogWorker] INFO  impl.RaftServerImpl (ServerState.java:close(385)) - 8a411a4f-0e32-4dd1-80b9-a797c2117425@group-F71E95AE8AB3: closes. applyIndex: -1
2019-09-26 15:08:52,339 [8a411a4f-0e32-4dd1-80b9-a797c2117425@group-F0ABC0A80C00-SegmentedRaftLogWorker] INFO  impl.RaftServerImpl (ServerState.java:close(385)) - 8a411a4f-0e32-4dd1-80b9-a797c2117425@group-F0ABC0A80C00: closes. applyIndex: -1
2019-09-26 15:08:52,338 [8a411a4f-0e32-4dd1-80b9-a797c2117425@group-9B2ED3ACC3BA:LeaderElection201] INFO  segmented.SegmentedRaftLogWorker (SegmentedRaftLogWorker.java:startLogSegment(380)) - 8a411a4f-0e32-4dd1-80b9-a797c2117425@group-9B2ED3ACC3BA-SegmentedRaftLogWorker: Starting segment from index:0
2019-09-26 15:08:52,338 [8a411a4f-0e32-4dd1-80b9-a797c2117425@group-38020CCA7F83-SegmentedRaftLogWorker] INFO  impl.StateMachineUpdater (StateMachineUpdater.java:stopAndJoin(125)) - 8a411a4f-0e32-4dd1-80b9-a797c2117425@group-38020CCA7F83-StateMachineUpdater: set stopIndex = -1
2019-09-26 15:08:52,338 [8a411a4f-0e32-4dd1-80b9-a797c2117425@group-FC1F641A5BB5:LeaderElection254] INFO  impl.RaftServerImpl (ServerState.java:setRaftConf(354)) - 8a411a4f-0e32-4dd1-80b9-a797c2117425@group-FC1F641A5BB5: set configuration 0: [8a411a4f-0e32-4dd1-80b9-a797c2117425:192.168.151.99:37125], old=null at 0
2019-09-26 15:08:52,338 [8a411a4f-0e32-4dd1-80b9-a797c2117425@group-08ECA622B824-SegmentedRaftLogWorker] INFO  impl.StateMachineUpdater (StateMachineUpdater.java:stopAndJoin(125)) - 8a411a4f-0e32-4dd1-80b9-a797c2117425@group-08ECA622B824-StateMachineUpdater: set stopIndex = -1
2019-09-26 15:08:52,338 [8a411a4f-0e32-4dd1-80b9-a797c2117425@group-070482571D29-SegmentedRaftLogWorker] INFO  impl.StateMachineUpdater (StateMachineUpdater.java:stopAndJoin(125)) - 8a411a4f-0e32-4dd1-80b9-a797c2117425@group-070482571D29-StateMachineUpdater: set stopIndex = -1
2019-09-26 15:08:53,469 [8a411a4f-0e32-4dd1-80b9-a797c2117425@group-070482571D29-SegmentedRaftLogWorker] INFO  impl.RaftServerImpl (ServerState.java:close(385)) - 8a411a4f-0e32-4dd1-80b9-a797c2117425@group-070482571D29: closes. applyIndex: -1
2019-09-26 15:08:52,338 [8a411a4f-0e32-4dd1-80b9-a797c2117425@group-5C09A8D6B935-SegmentedRaftLogWorker] INFO  impl.StateMachineUpdater (StateMachineUpdater.java:stopAndJoin(125)) - 8a411a4f-0e32-4dd1-80b9-a797c2117425@group-5C09A8D6B935-StateMachineUpdater: set stopIndex = -1
2019-09-26 15:08:52,338 [8a411a4f-0e32-4dd1-80b9-a797c2117425@group-C79884FD6F3D:LeaderElection272] INFO  server.RaftServerConfigKeys (ConfUtils.java:logGet(43)) - raft.server.watch.timeout.denomination = 1s (default)
2019-09-26 15:08:52,337 [8a411a4f-0e32-4dd1-80b9-a797c2117425@group-61F50073A647:LeaderElection275] INFO  server.RaftServerConfigKeys (ConfUtils.java:logGet(43)) - raft.server.watch.timeout.denomination = 1s (default)
2019-09-26 15:08:52,337 [8a411a4f-0e32-4dd1-80b9-a797c2117425@group-E7D8D4CC70D9:LeaderElection274] INFO  server.RaftServerConfigKeys (ConfUtils.java:logGet(43)) - raft.server.watch.timeout.denomination = 1s (default)
2019-09-26 15:08:52,337 [8a411a4f-0e32-4dd1-80b9-a797c2117425@group-157AB0181C30:LeaderElection277] INFO  server.RaftServerConfigKeys (ConfUtils.java:logGet(43)) - raft.server.staging.catchup.gap = 1000 (default)
2019-09-26 15:08:53,470 [8a411a4f-0e32-4dd1-80b9-a797c2117425@group-E7D8D4CC70D9:LeaderElection274] INFO  server.RaftServerConfigKeys (ConfUtils.java:logGet(43)) - raft.server.watch.element-limit = 65536 (default)
2019-09-26 15:08:53,470 [8a411a4f-0e32-4dd1-80b9-a797c2117425@group-61F50073A647:LeaderElection275] INFO  server.RaftServerConfigKeys (ConfUtils.java:logGet(43)) - raft.server.watch.element-limit = 65536 (default)
2019-09-26 15:08:53,470 [8a411a4f-0e32-4dd1-80b9-a797c2117425@group-C79884FD6F3D:LeaderElection272] INFO  server.RaftServerConfigKeys (ConfUtils.java:logGet(43)) - raft.server.watch.element-limit = 65536 (default)
2019-09-26 15:08:53,470 [8a411a4f-0e32-4dd1-80b9-a797c2117425@group-5C09A8D6B935-SegmentedRaftLogWorker] INFO  impl.RaftServerImpl (ServerState.java:close(385)) - 8a411a4f-0e32-4dd1-80b9-a797c2117425@group-5C09A8D6B935: closes. applyIndex: -1
2019-09-26 15:08:53,470 [8a411a4f-0e32-4dd1-80b9-a797c2117425@group-070482571D29-SegmentedRaftLogWorker] INFO  segmented.SegmentedRaftLogWorker (SegmentedRaftLogWorker.java:close(228)) - 8a411a4f-0e32-4dd1-80b9-a797c2117425@group-070482571D29-SegmentedRaftLogWorker close()
2019-09-26 15:08:53,469 [8a411a4f-0e32-4dd1-80b9-a797c2117425@group-789513F6DACF-SegmentedRaftLogWorker] INFO  util.JmxRegister (JmxRegister.java:unregister(73)) - Successfully un-registered JMX Bean with object name Ratis:service=RaftServer,group=group-789513F6DACF,id=8a411a4f-0e32-4dd1-80b9-a797c2117425
2019-09-26 15:08:53,469 [8a411a4f-0e32-4dd1-80b9-a797c2117425@group-08ECA622B824-SegmentedRaftLogWorker] INFO  impl.RaftServerImpl (ServerState.java:close(385)) - 8a411a4f-0e32-4dd1-80b9-a797c2117425@group-08ECA622B824: closes. applyIndex: -1
2019-09-26 15:08:53,302 [8a411a4f-0e32-4dd1-80b9-a797c2117425@group-9B2ED3ACC3BA:LeaderElection201] INFO  impl.RaftServerImpl (ServerState.java:setRaftConf(354)) - 8a411a4f-0e32-4dd1-80b9-a797c2117425@group-9B2ED3ACC3BA: set configuration 0: [8a411a4f-0e32-4dd1-80b9-a797c2117425:192.168.151.99:37125], old=null at 0
2019-09-26 15:08:53,302 [8a411a4f-0e32-4dd1-80b9-a797c2117425@group-38020CCA7F83-SegmentedRaftLogWorker] INFO  impl.RaftServerImpl (ServerState.java:close(385)) - 8a411a4f-0e32-4dd1-80b9-a797c2117425@group-38020CCA7F83: closes. applyIndex: -1
2019-09-26 15:08:53,302 [8a411a4f-0e32-4dd1-80b9-a797c2117425@group-F0ABC0A80C00-SegmentedRaftLogWorker] INFO  segmented.SegmentedRaftLogWorker (SegmentedRaftLogWorker.java:close(228)) - 8a411a4f-0e32-4dd1-80b9-a797c2117425@group-F0ABC0A80C00-SegmentedRaftLogWorker close()
2019-09-26 15:08:53,302 [8a411a4f-0e32-4dd1-80b9-a797c2117425@group-F71E95AE8AB3-SegmentedRaftLogWorker] INFO  segmented.SegmentedRaftLogWorker (SegmentedRaftLogWorker.java:close(228)) - 8a411a4f-0e32-4dd1-80b9-a797c2117425@group-F71E95AE8AB3-SegmentedRaftLogWorker close()
2019-09-26 15:08:53,302 [8a411a4f-0e32-4dd1-80b9-a797c2117425@group-24DB933FF523-SegmentedRaftLogWorker] INFO  impl.RaftServerImpl (ServerState.java:close(385)) - 8a411a4f-0e32-4dd1-80b9-a797c2117425@group-24DB933FF523: closes. applyIndex: -1
2019-09-26 15:08:53,301 [8a411a4f-0e32-4dd1-80b9-a797c2117425@group-04E195EC18D6:LeaderElection281] INFO  impl.LeaderElection (LeaderElection.java:askForVotes(182)) - 8a411a4f-0e32-4dd1-80b9-a797c2117425@group-04E195EC18D6:LeaderElection281: begin an election at term 1 for -1: [8a411a4f-0e32-4dd1-80b9-a797c2117425:192.168.151.99:37125], old=null
2019-09-26 15:08:53,088 [8a411a4f-0e32-4dd1-80b9-a797c2117425@group-815581757129-SegmentedRaftLogWorker] INFO  impl.RaftServerImpl (ServerState.java:close(385)) - 8a411a4f-0e32-4dd1-80b9-a797c2117425@group-815581757129: closes. applyIndex: -1
2019-09-26 15:08:53,087 [8a411a4f-0e32-4dd1-80b9-a797c2117425@group-8700CBCF3B52-SegmentedRaftLogWorker] INFO  impl.RaftServerImpl (ServerState.java:close(385)) - 8a411a4f-0e32-4dd1-80b9-a797c2117425@group-8700CBCF3B52: closes. applyIndex: -1
2019-09-26 15:08:53,087 [8a411a4f-0e32-4dd1-80b9-a797c2117425@group-C4458528C18D:LeaderElection199] INFO  impl.RaftServerImpl (ServerState.java:setRaftConf(354)) - 8a411a4f-0e32-4dd1-80b9-a797c2117425@group-C4458528C18D: set configuration 0: [8a411a4f-0e32-4dd1-80b9-a797c2117425:192.168.151.99:37125], old=null at 0
2019-09-26 15:08:53,473 [8a411a4f-0e32-4dd1-80b9-a797c2117425@group-8700CBCF3B52-SegmentedRaftLogWorker] INFO  segmented.SegmentedRaftLogWorker (SegmentedRaftLogWorker.java:close(228)) - 8a411a4f-0e32-4dd1-80b9-a797c2117425@group-8700CBCF3B52-SegmentedRaftLogWorker close()
2019-09-26 15:08:53,087 [8a411a4f-0e32-4dd1-80b9-a797c2117425@group-4D95ED7A34E1-SegmentedRaftLogWorker] INFO  segmented.SegmentedRaftLogWorker (SegmentedRaftLogWorker.java:close(228)) - 8a411a4f-0e32-4dd1-80b9-a797c2117425@group-4D95ED7A34E1-SegmentedRaftLogWorker close()
2019-09-26 15:08:53,087 [8a411a4f-0e32-4dd1-80b9-a797c2117425@group-AD41E9BABF33-SegmentedRaftLogWorker] INFO  segmented.SegmentedRaftLogWorker (SegmentedRaftLogWorker.java:close(228)) - 8a411a4f-0e32-4dd1-80b9-a797c2117425@group-AD41E9BABF33-SegmentedRaftLogWorker close()
2019-09-26 15:08:53,087 [8a411a4f-0e32-4dd1-80b9-a797c2117425@group-AF909D263E7A-SegmentedRaftLogWorker] INFO  segmented.SegmentedRaftLogWorker (SegmentedRaftLogWorker.java:close(228)) - 8a411a4f-0e32-4dd1-80b9-a797c2117425@group-AF909D263E7A-SegmentedRaftLogWorker close()
2019-09-26 15:08:53,473 [8a411a4f-0e32-4dd1-80b9-a797c2117425@group-F516CA13D34C:LeaderElection205] INFO  impl.RoleInfo (RoleInfo.java:updateAndGet(143)) - 8a411a4f-0e32-4dd1-80b9-a797c2117425: start LeaderState
2019-09-26 15:08:53,087 [8a411a4f-0e32-4dd1-80b9-a797c2117425@group-E916E844E274-SegmentedRaftLogWorker] INFO  segmented.SegmentedRaftLogWorker (SegmentedRaftLogWorker.java:close(228)) - 8a411a4f-0e32-4dd1-80b9-a797c2117425@group-E916E844E274-SegmentedRaftLogWorker close()
2019-09-26 15:08:53,087 [8a411a4f-0e32-4dd1-80b9-a797c2117425@group-72E1DE38373A-SegmentedRaftLogWorker] INFO  impl.StateMachineUpdater (StateMachineUpdater.java:stopAndJoin(125)) - 8a411a4f-0e32-4dd1-80b9-a797c2117425@group-72E1DE38373A-StateMachineUpdater: set stopIndex = -1
2019-09-26 15:08:53,086 [8a411a4f-0e32-4dd1-80b9-a797c2117425@group-CFBE5C1BAA60:LeaderElection280] INFO  impl.LeaderElection (LeaderElection.java:askForVotes(182)) - 8a411a4f-0e32-4dd1-80b9-a797c2117425@group-CFBE5C1BAA60:LeaderElection280: begin an election at term 1 for -1: [8a411a4f-0e32-4dd1-80b9-a797c2117425:192.168.151.99:37125], old=null
2019-09-26 15:08:52,584 [8a411a4f-0e32-4dd1-80b9-a797c2117425@group-5EAF20E60177:LeaderElection278] INFO  impl.LeaderElection (LeaderElection.java:askForVotes(182)) - 8a411a4f-0e32-4dd1-80b9-a797c2117425@group-5EAF20E60177:LeaderElection278: begin an election at term 1 for -1: [8a411a4f-0e32-4dd1-80b9-a797c2117425:192.168.151.99:37125], old=null
2019-09-26 15:08:52,916 [8a411a4f-0e32-4dd1-80b9-a797c2117425@group-69E0C5198CB5-SegmentedRaftLogWorker] ERROR segmented.SegmentedRaftLogWorker (SegmentedRaftLogWorker.java:run(323)) - 8a411a4f-0e32-4dd1-80b9-a797c2117425@group-69E0C5198CB5-SegmentedRaftLogWorker hit exception
java.lang.OutOfMemoryError: Direct buffer memory
	at java.nio.Bits.reserveMemory(Bits.java:666)
	at java.nio.DirectByteBuffer.<init>(DirectByteBuffer.java:123)
	at java.nio.ByteBuffer.allocateDirect(ByteBuffer.java:311)
	at org.apache.ratis.server.raftlog.segmented.BufferedWriteChannel.<init>(BufferedWriteChannel.java:41)
	at org.apache.ratis.server.raftlog.segmented.SegmentedRaftLogOutputStream.<init>(SegmentedRaftLogOutputStream.java:72)
	at org.apache.ratis.server.raftlog.segmented.SegmentedRaftLogWorker$StartLogSegment.execute(SegmentedRaftLogWorker.java:566)
	at org.apache.ratis.server.raftlog.segmented.SegmentedRaftLogWorker.run(SegmentedRaftLogWorker.java:289)
	at java.lang.Thread.run(Thread.java:748)
2019-09-26 15:08:52,916 [8a411a4f-0e32-4dd1-80b9-a797c2117425@group-7740B1DAF25C-SegmentedRaftLogWorker] ERROR segmented.SegmentedRaftLogWorker (SegmentedRaftLogWorker.java:run(323)) - 8a411a4f-0e32-4dd1-80b9-a797c2117425@group-7740B1DAF25C-SegmentedRaftLogWorker hit exception
java.lang.OutOfMemoryError: Direct buffer memory
	at java.nio.Bits.reserveMemory(Bits.java:666)
	at java.nio.DirectByteBuffer.<init>(DirectByteBuffer.java:123)
	at java.nio.ByteBuffer.allocateDirect(ByteBuffer.java:311)
	at org.apache.ratis.server.raftlog.segmented.BufferedWriteChannel.<init>(BufferedWriteChannel.java:41)
	at org.apache.ratis.server.raftlog.segmented.SegmentedRaftLogOutputStream.<init>(SegmentedRaftLogOutputStream.java:72)
	at org.apache.ratis.server.raftlog.segmented.SegmentedRaftLogWorker$StartLogSegment.execute(SegmentedRaftLogWorker.java:566)
	at org.apache.ratis.server.raftlog.segmented.SegmentedRaftLogWorker.run(SegmentedRaftLogWorker.java:289)
	at java.lang.Thread.run(Thread.java:748)
2019-09-26 15:08:52,584 [8a411a4f-0e32-4dd1-80b9-a797c2117425@group-06EC7D0DF22B-SegmentedRaftLogWorker] INFO  segmented.SegmentedRaftLogWorker (SegmentedRaftLogWorker.java:close(228)) - 8a411a4f-0e32-4dd1-80b9-a797c2117425@group-06EC7D0DF22B-SegmentedRaftLogWorker close()
2019-09-26 15:08:52,584 [8a411a4f-0e32-4dd1-80b9-a797c2117425@group-AE79292C071A-SegmentedRaftLogWorker] ERROR segmented.SegmentedRaftLogWorker (SegmentedRaftLogWorker.java:run(323)) - 8a411a4f-0e32-4dd1-80b9-a797c2117425@group-AE79292C071A-SegmentedRaftLogWorker hit exception
java.lang.OutOfMemoryError: Direct buffer memory
	at java.nio.Bits.reserveMemory(Bits.java:666)
	at java.nio.DirectByteBuffer.<init>(DirectByteBuffer.java:123)
	at java.nio.ByteBuffer.allocateDirect(ByteBuffer.java:311)
	at org.apache.ratis.server.raftlog.segmented.BufferedWriteChannel.<init>(BufferedWriteChannel.java:41)
	at org.apache.ratis.server.raftlog.segmented.SegmentedRaftLogOutputStream.<init>(SegmentedRaftLogOutputStream.java:72)
	at org.apache.ratis.server.raftlog.segmented.SegmentedRaftLogWorker$StartLogSegment.execute(SegmentedRaftLogWorker.java:566)
	at org.apache.ratis.server.raftlog.segmented.SegmentedRaftLogWorker.run(SegmentedRaftLogWorker.java:289)
	at java.lang.Thread.run(Thread.java:748)
2019-09-26 15:08:52,584 [8a411a4f-0e32-4dd1-80b9-a797c2117425@group-13FFAC1DF739-SegmentedRaftLogWorker] ERROR segmented.SegmentedRaftLogWorker (SegmentedRaftLogWorker.java:run(323)) - 8a411a4f-0e32-4dd1-80b9-a797c2117425@group-13FFAC1DF739-SegmentedRaftLogWorker hit exception
java.lang.OutOfMemoryError: Direct buffer memory
	at java.nio.Bits.reserveMemory(Bits.java:666)
	at java.nio.DirectByteBuffer.<init>(DirectByteBuffer.java:123)
	at java.nio.ByteBuffer.allocateDirect(ByteBuffer.java:311)
	at org.apache.ratis.server.raftlog.segmented.BufferedWriteChannel.<init>(BufferedWriteChannel.java:41)
	at org.apache.ratis.server.raftlog.segmented.SegmentedRaftLogOutputStream.<init>(SegmentedRaftLogOutputStream.java:72)
	at org.apache.ratis.server.raftlog.segmented.SegmentedRaftLogWorker$StartLogSegment.execute(SegmentedRaftLogWorker.java:566)
	at org.apache.ratis.server.raftlog.segmented.SegmentedRaftLogWorker.run(SegmentedRaftLogWorker.java:289)
	at java.lang.Thread.run(Thread.java:748)
2019-09-26 15:08:53,475 [8a411a4f-0e32-4dd1-80b9-a797c2117425@group-13FFAC1DF739-SegmentedRaftLogWorker] INFO  impl.RaftServerImpl (RaftServerImpl.java:lambda$shutdown$3(251)) - 8a411a4f-0e32-4dd1-80b9-a797c2117425@group-13FFAC1DF739: shutdown
2019-09-26 15:08:52,582 [8a411a4f-0e32-4dd1-80b9-a797c2117425@group-1E5C55F9AE7D-SegmentedRaftLogWorker] ERROR segmented.SegmentedRaftLogWorker (SegmentedRaftLogWorker.java:run(323)) - 8a411a4f-0e32-4dd1-80b9-a797c2117425@group-1E5C55F9AE7D-SegmentedRaftLogWorker hit exception
java.lang.OutOfMemoryError: Direct buffer memory
	at java.nio.Bits.reserveMemory(Bits.java:666)
	at java.nio.DirectByteBuffer.<init>(DirectByteBuffer.java:123)
	at java.nio.ByteBuffer.allocateDirect(ByteBuffer.java:311)
	at org.apache.ratis.server.raftlog.segmented.BufferedWriteChannel.<init>(BufferedWriteChannel.java:41)
	at org.apache.ratis.server.raftlog.segmented.SegmentedRaftLogOutputStream.<init>(SegmentedRaftLogOutputStream.java:72)
	at org.apache.ratis.server.raftlog.segmented.SegmentedRaftLogWorker$StartLogSegment.execute(SegmentedRaftLogWorker.java:566)
	at org.apache.ratis.server.raftlog.segmented.SegmentedRaftLogWorker.run(SegmentedRaftLogWorker.java:289)
	at java.lang.Thread.run(Thread.java:748)
2019-09-26 15:08:53,475 [8a411a4f-0e32-4dd1-80b9-a797c2117425@group-1E5C55F9AE7D-SegmentedRaftLogWorker] INFO  impl.RaftServerImpl (RaftServerImpl.java:lambda$shutdown$3(251)) - 8a411a4f-0e32-4dd1-80b9-a797c2117425@group-1E5C55F9AE7D: shutdown
2019-09-26 15:08:52,343 [8a411a4f-0e32-4dd1-80b9-a797c2117425@group-F5831FDAC3B9-SegmentedRaftLogWorker] INFO  impl.RoleInfo (RoleInfo.java:shutdownLeaderState(104)) - 8a411a4f-0e32-4dd1-80b9-a797c2117425: shutdown LeaderState
2019-09-26 15:08:52,343 [8a411a4f-0e32-4dd1-80b9-a797c2117425@group-9CAEA4046C8E:LeaderElection213] INFO  impl.RaftServerImpl (ServerState.java:setRaftConf(354)) - 8a411a4f-0e32-4dd1-80b9-a797c2117425@group-9CAEA4046C8E: set configuration 0: [8a411a4f-0e32-4dd1-80b9-a797c2117425:192.168.151.99:37125], old=null at 0
2019-09-26 15:08:52,343 [8a411a4f-0e32-4dd1-80b9-a797c2117425@group-78F806914167:LeaderElection238] INFO  impl.RoleInfo (RoleInfo.java:updateAndGet(143)) - 8a411a4f-0e32-4dd1-80b9-a797c2117425: start LeaderState
2019-09-26 15:08:52,342 [8a411a4f-0e32-4dd1-80b9-a797c2117425@group-FC070601F0EC-SegmentedRaftLogWorker] INFO  impl.RaftServerImpl (ServerState.java:close(385)) - 8a411a4f-0e32-4dd1-80b9-a797c2117425@group-FC070601F0EC: closes. applyIndex: -1
2019-09-26 15:08:53,476 [8a411a4f-0e32-4dd1-80b9-a797c2117425@group-78F806914167:LeaderElection238] INFO  segmented.SegmentedRaftLogWorker (SegmentedRaftLogWorker.java:startLogSegment(380)) - 8a411a4f-0e32-4dd1-80b9-a797c2117425@group-78F806914167-SegmentedRaftLogWorker: Starting segment from index:0
2019-09-26 15:08:53,476 [8a411a4f-0e32-4dd1-80b9-a797c2117425@group-FC1790118091:LeaderElection195] INFO  impl.RoleInfo (RoleInfo.java:updateAndGet(143)) - 8a411a4f-0e32-4dd1-80b9-a797c2117425: start LeaderState
2019-09-26 15:08:53,475 [8a411a4f-0e32-4dd1-80b9-a797c2117425@group-F5831FDAC3B9-SegmentedRaftLogWorker] INFO  impl.PendingRequests (PendingRequests.java:sendNotLeaderResponses(202)) - 8a411a4f-0e32-4dd1-80b9-a797c2117425-PendingRequests: sendNotLeaderResponses
2019-09-26 15:08:53,475 [8a411a4f-0e32-4dd1-80b9-a797c2117425@group-AE79292C071A-SegmentedRaftLogWorker] INFO  impl.RaftServerImpl (RaftServerImpl.java:lambda$shutdown$3(251)) - 8a411a4f-0e32-4dd1-80b9-a797c2117425@group-AE79292C071A: shutdown
2019-09-26 15:08:53,481 [8a411a4f-0e32-4dd1-80b9-a797c2117425@group-78F806914167:LeaderElection238] INFO  impl.RaftServerImpl (ServerState.java:setRaftConf(354)) - 8a411a4f-0e32-4dd1-80b9-a797c2117425@group-78F806914167: set configuration 0: [8a411a4f-0e32-4dd1-80b9-a797c2117425:192.168.151.99:37125], old=null at 0
2019-09-26 15:08:53,474 [8a411a4f-0e32-4dd1-80b9-a797c2117425@group-7740B1DAF25C-SegmentedRaftLogWorker] INFO  impl.RaftServerImpl (RaftServerImpl.java:lambda$shutdown$3(251)) - 8a411a4f-0e32-4dd1-80b9-a797c2117425@group-7740B1DAF25C: shutdown
2019-09-26 15:08:53,474 [8a411a4f-0e32-4dd1-80b9-a797c2117425@group-69E0C5198CB5-SegmentedRaftLogWorker] INFO  impl.RaftServerImpl (RaftServerImpl.java:lambda$shutdown$3(251)) - 8a411a4f-0e32-4dd1-80b9-a797c2117425@group-69E0C5198CB5: shutdown
2019-09-26 15:08:53,474 [8a411a4f-0e32-4dd1-80b9-a797c2117425@group-5EAF20E60177:LeaderElection278] INFO  impl.RoleInfo (RoleInfo.java:shutdownLeaderElection(134)) - 8a411a4f-0e32-4dd1-80b9-a797c2117425: shutdown LeaderElection
2019-09-26 15:08:53,474 [8a411a4f-0e32-4dd1-80b9-a797c2117425@group-CFBE5C1BAA60:LeaderElection280] INFO  impl.RoleInfo (RoleInfo.java:shutdownLeaderElection(134)) - 8a411a4f-0e32-4dd1-80b9-a797c2117425: shutdown LeaderElection
2019-09-26 15:08:53,474 [8a411a4f-0e32-4dd1-80b9-a797c2117425@group-72E1DE38373A-SegmentedRaftLogWorker] INFO  impl.RaftServerImpl (ServerState.java:close(385)) - 8a411a4f-0e32-4dd1-80b9-a797c2117425@group-72E1DE38373A: closes. applyIndex: -1
2019-09-26 15:08:53,473 [8a411a4f-0e32-4dd1-80b9-a797c2117425@group-F516CA13D34C:LeaderElection205] INFO  segmented.SegmentedRaftLogWorker (SegmentedRaftLogWorker.java:startLogSegment(380)) - 8a411a4f-0e32-4dd1-80b9-a797c2117425@group-F516CA13D34C-SegmentedRaftLogWorker: Starting segment from index:0
2019-09-26 15:08:53,472 [8a411a4f-0e32-4dd1-80b9-a797c2117425@group-815581757129-SegmentedRaftLogWorker] INFO  segmented.SegmentedRaftLogWorker (SegmentedRaftLogWorker.java:close(228)) - 8a411a4f-0e32-4dd1-80b9-a797c2117425@group-815581757129-SegmentedRaftLogWorker close()
2019-09-26 15:08:53,472 [8a411a4f-0e32-4dd1-80b9-a797c2117425@group-04E195EC18D6:LeaderElection281] INFO  impl.RoleInfo (RoleInfo.java:shutdownLeaderElection(134)) - 8a411a4f-0e32-4dd1-80b9-a797c2117425: shutdown LeaderElection
2019-09-26 15:08:53,472 [8a411a4f-0e32-4dd1-80b9-a797c2117425@group-24DB933FF523-SegmentedRaftLogWorker] INFO  segmented.SegmentedRaftLogWorker (SegmentedRaftLogWorker.java:close(228)) - 8a411a4f-0e32-4dd1-80b9-a797c2117425@group-24DB933FF523-SegmentedRaftLogWorker close()
2019-09-26 15:08:53,472 [8a411a4f-0e32-4dd1-80b9-a797c2117425@group-38020CCA7F83-SegmentedRaftLogWorker] INFO  segmented.SegmentedRaftLogWorker (SegmentedRaftLogWorker.java:close(228)) - 8a411a4f-0e32-4dd1-80b9-a797c2117425@group-38020CCA7F83-SegmentedRaftLogWorker close()
2019-09-26 15:08:53,471 [8a411a4f-0e32-4dd1-80b9-a797c2117425@group-08ECA622B824-SegmentedRaftLogWorker] INFO  segmented.SegmentedRaftLogWorker (SegmentedRaftLogWorker.java:close(228)) - 8a411a4f-0e32-4dd1-80b9-a797c2117425@group-08ECA622B824-SegmentedRaftLogWorker close()
2019-09-26 15:08:53,471 [8a411a4f-0e32-4dd1-80b9-a797c2117425@group-789513F6DACF-SegmentedRaftLogWorker] INFO  impl.RoleInfo (RoleInfo.java:shutdownLeaderState(104)) - 8a411a4f-0e32-4dd1-80b9-a797c2117425: shutdown LeaderState
2019-09-26 15:08:53,471 [8a411a4f-0e32-4dd1-80b9-a797c2117425@group-5C09A8D6B935-SegmentedRaftLogWorker] INFO  segmented.SegmentedRaftLogWorker (SegmentedRaftLogWorker.java:close(228)) - 8a411a4f-0e32-4dd1-80b9-a797c2117425@group-5C09A8D6B935-SegmentedRaftLogWorker close()
2019-09-26 15:08:53,471 [8a411a4f-0e32-4dd1-80b9-a797c2117425@group-19C985EAA9F4:LeaderElection247] INFO  impl.RoleInfo (RoleInfo.java:updateAndGet(143)) - 8a411a4f-0e32-4dd1-80b9-a797c2117425: start LeaderState
2019-09-26 15:08:53,908 [8a411a4f-0e32-4dd1-80b9-a797c2117425@group-2234F8D63BBB:LeaderElection211] INFO  impl.RoleInfo (RoleInfo.java:updateAndGet(143)) - 8a411a4f-0e32-4dd1-80b9-a797c2117425: start LeaderState
2019-09-26 15:08:53,470 [8a411a4f-0e32-4dd1-80b9-a797c2117425@group-157AB0181C30:LeaderElection277] INFO  server.RaftServerConfigKeys (ConfUtils.java:logGet(43)) - raft.server.rpc.sleep.time = 25ms (default)
2019-09-26 15:08:53,908 [8a411a4f-0e32-4dd1-80b9-a797c2117425@group-2234F8D63BBB:LeaderElection211] INFO  segmented.SegmentedRaftLogWorker (SegmentedRaftLogWorker.java:startLogSegment(380)) - 8a411a4f-0e32-4dd1-80b9-a797c2117425@group-2234F8D63BBB-SegmentedRaftLogWorker: Starting segment from index:0
2019-09-26 15:08:53,908 [8a411a4f-0e32-4dd1-80b9-a797c2117425@group-19C985EAA9F4:LeaderElection247] INFO  segmented.SegmentedRaftLogWorker (SegmentedRaftLogWorker.java:startLogSegment(380)) - 8a411a4f-0e32-4dd1-80b9-a797c2117425@group-19C985EAA9F4-SegmentedRaftLogWorker: Starting segment from index:0
2019-09-26 15:08:53,908 [8a411a4f-0e32-4dd1-80b9-a797c2117425@group-789513F6DACF-SegmentedRaftLogWorker] INFO  impl.PendingRequests (PendingRequests.java:sendNotLeaderResponses(202)) - 8a411a4f-0e32-4dd1-80b9-a797c2117425-PendingRequests: sendNotLeaderResponses
2019-09-26 15:08:53,731 [8a411a4f-0e32-4dd1-80b9-a797c2117425@group-F516CA13D34C:LeaderElection205] INFO  impl.RaftServerImpl (ServerState.java:setRaftConf(354)) - 8a411a4f-0e32-4dd1-80b9-a797c2117425@group-F516CA13D34C: set configuration 0: [8a411a4f-0e32-4dd1-80b9-a797c2117425:192.168.151.99:37125], old=null at 0
2019-09-26 15:08:53,909 [8a411a4f-0e32-4dd1-80b9-a797c2117425@group-2234F8D63BBB:LeaderElection211] INFO  impl.RaftServerImpl (ServerState.java:setRaftConf(354)) - 8a411a4f-0e32-4dd1-80b9-a797c2117425@group-2234F8D63BBB: set configuration 0: [8a411a4f-0e32-4dd1-80b9-a797c2117425:192.168.151.99:37125], old=null at 0
2019-09-26 15:08:53,731 [8a411a4f-0e32-4dd1-80b9-a797c2117425@group-04E195EC18D6:LeaderElection281] INFO  impl.RaftServerImpl (RaftServerImpl.java:setRole(174)) - 8a411a4f-0e32-4dd1-80b9-a797c2117425@group-04E195EC18D6: changes role from CANDIDATE to LEADER at term 1 for changeToLeader
2019-09-26 15:08:53,909 [8a411a4f-0e32-4dd1-80b9-a797c2117425@group-04E195EC18D6:LeaderElection281] INFO  impl.RaftServerImpl (ServerState.java:setLeader(253)) - 8a411a4f-0e32-4dd1-80b9-a797c2117425@group-04E195EC18D6: change Leader from null to 8a411a4f-0e32-4dd1-80b9-a797c2117425 at term 1 for becomeLeader, leader elected after 17066ms
2019-09-26 15:08:53,909 [8a411a4f-0e32-4dd1-80b9-a797c2117425@group-04E195EC18D6:LeaderElection281] INFO  server.RaftServerConfigKeys (ConfUtils.java:logGet(43)) - raft.server.staging.catchup.gap = 1000 (default)
2019-09-26 15:08:53,909 [8a411a4f-0e32-4dd1-80b9-a797c2117425@group-04E195EC18D6:LeaderElection281] INFO  server.RaftServerConfigKeys (ConfUtils.java:logGet(43)) - raft.server.rpc.sleep.time = 25ms (default)
2019-09-26 15:08:53,909 [8a411a4f-0e32-4dd1-80b9-a797c2117425@group-04E195EC18D6:LeaderElection281] INFO  server.RaftServerConfigKeys (ConfUtils.java:logGet(43)) - raft.server.write.element-limit = 4096 (default)
2019-09-26 15:08:53,909 [8a411a4f-0e32-4dd1-80b9-a797c2117425@group-04E195EC18D6:LeaderElection281] INFO  server.RaftServerConfigKeys (ConfUtils.java:logGet(43)) - raft.server.watch.timeout = 10s (default)
2019-09-26 15:08:53,909 [8a411a4f-0e32-4dd1-80b9-a797c2117425@group-04E195EC18D6:LeaderElection281] INFO  server.RaftServerConfigKeys (ConfUtils.java:logGet(43)) - raft.server.watch.timeout.denomination = 1s (default)
2019-09-26 15:08:53,910 [8a411a4f-0e32-4dd1-80b9-a797c2117425@group-04E195EC18D6:LeaderElection281] INFO  server.RaftServerConfigKeys (ConfUtils.java:logGet(43)) - raft.server.watch.element-limit = 65536 (default)
2019-09-26 15:08:53,731 [8a411a4f-0e32-4dd1-80b9-a797c2117425@group-72E1DE38373A-SegmentedRaftLogWorker] INFO  segmented.SegmentedRaftLogWorker (SegmentedRaftLogWorker.java:close(228)) - 8a411a4f-0e32-4dd1-80b9-a797c2117425@group-72E1DE38373A-SegmentedRaftLogWorker close()
2019-09-26 15:08:53,731 [8a411a4f-0e32-4dd1-80b9-a797c2117425@group-CFBE5C1BAA60:LeaderElection280] INFO  impl.RaftServerImpl (RaftServerImpl.java:setRole(174)) - 8a411a4f-0e32-4dd1-80b9-a797c2117425@group-CFBE5C1BAA60: changes role from CANDIDATE to LEADER at term 1 for changeToLeader
2019-09-26 15:08:53,731 [8a411a4f-0e32-4dd1-80b9-a797c2117425@group-5EAF20E60177:LeaderElection278] INFO  impl.RaftServerImpl (RaftServerImpl.java:setRole(174)) - 8a411a4f-0e32-4dd1-80b9-a797c2117425@group-5EAF20E60177: changes role from CANDIDATE to LEADER at term 1 for changeToLeader
2019-09-26 15:08:54,278 [8a411a4f-0e32-4dd1-80b9-a797c2117425@group-5EAF20E60177:LeaderElection278] INFO  impl.RaftServerImpl (ServerState.java:setLeader(253)) - 8a411a4f-0e32-4dd1-80b9-a797c2117425@group-5EAF20E60177: change Leader from null to 8a411a4f-0e32-4dd1-80b9-a797c2117425 at term 1 for becomeLeader, leader elected after 17549ms
2019-09-26 15:08:53,730 [8a411a4f-0e32-4dd1-80b9-a797c2117425@group-3884FFF625F6:LeaderElection279] INFO  impl.LeaderElection (LeaderElection.java:askForVotes(182)) - 8a411a4f-0e32-4dd1-80b9-a797c2117425@group-3884FFF625F6:LeaderElection279: begin an election at term 1 for -1: [8a411a4f-0e32-4dd1-80b9-a797c2117425:192.168.151.99:37125], old=null
2019-09-26 15:08:54,278 [8a411a4f-0e32-4dd1-80b9-a797c2117425@group-3884FFF625F6:LeaderElection279] INFO  impl.RoleInfo (RoleInfo.java:shutdownLeaderElection(134)) - 8a411a4f-0e32-4dd1-80b9-a797c2117425: shutdown LeaderElection
2019-09-26 15:08:53,729 [8a411a4f-0e32-4dd1-80b9-a797c2117425@group-D946C9146714-SegmentedRaftLogWorker] ERROR segmented.SegmentedRaftLogWorker (SegmentedRaftLogWorker.java:run(323)) - 8a411a4f-0e32-4dd1-80b9-a797c2117425@group-D946C9146714-SegmentedRaftLogWorker hit exception
java.lang.OutOfMemoryError: Direct buffer memory
	at java.nio.Bits.reserveMemory(Bits.java:666)
	at java.nio.DirectByteBuffer.<init>(DirectByteBuffer.java:123)
	at java.nio.ByteBuffer.allocateDirect(ByteBuffer.java:311)
	at org.apache.ratis.server.raftlog.segmented.BufferedWriteChannel.<init>(BufferedWriteChannel.java:41)
	at org.apache.ratis.server.raftlog.segmented.SegmentedRaftLogOutputStream.<init>(SegmentedRaftLogOutputStream.java:72)
	at org.apache.ratis.server.raftlog.segmented.SegmentedRaftLogWorker$StartLogSegment.execute(SegmentedRaftLogWorker.java:566)
	at org.apache.ratis.server.raftlog.segmented.SegmentedRaftLogWorker.run(SegmentedRaftLogWorker.java:289)
	at java.lang.Thread.run(Thread.java:748)
2019-09-26 15:08:53,724 [8a411a4f-0e32-4dd1-80b9-a797c2117425@group-56F119E5147E-SegmentedRaftLogWorker] ERROR segmented.SegmentedRaftLogWorker (SegmentedRaftLogWorker.java:run(323)) - 8a411a4f-0e32-4dd1-80b9-a797c2117425@group-56F119E5147E-SegmentedRaftLogWorker hit exception
java.lang.OutOfMemoryError: Direct buffer memory
	at java.nio.Bits.reserveMemory(Bits.java:666)
	at java.nio.DirectByteBuffer.<init>(DirectByteBuffer.java:123)
	at java.nio.ByteBuffer.allocateDirect(ByteBuffer.java:311)
	at org.apache.ratis.server.raftlog.segmented.BufferedWriteChannel.<init>(BufferedWriteChannel.java:41)
	at org.apache.ratis.server.raftlog.segmented.SegmentedRaftLogOutputStream.<init>(SegmentedRaftLogOutputStream.java:72)
	at org.apache.ratis.server.raftlog.segmented.SegmentedRaftLogWorker$StartLogSegment.execute(SegmentedRaftLogWorker.java:566)
	at org.apache.ratis.server.raftlog.segmented.SegmentedRaftLogWorker.run(SegmentedRaftLogWorker.java:289)
	at java.lang.Thread.run(Thread.java:748)
2019-09-26 15:08:54,278 [8a411a4f-0e32-4dd1-80b9-a797c2117425@group-56F119E5147E-SegmentedRaftLogWorker] INFO  impl.RaftServerImpl (RaftServerImpl.java:lambda$shutdown$3(251)) - 8a411a4f-0e32-4dd1-80b9-a797c2117425@group-56F119E5147E: shutdown
2019-09-26 15:08:53,724 [8a411a4f-0e32-4dd1-80b9-a797c2117425@group-43557E0D0B54-SegmentedRaftLogWorker] ERROR segmented.SegmentedRaftLogWorker (SegmentedRaftLogWorker.java:run(323)) - 8a411a4f-0e32-4dd1-80b9-a797c2117425@group-43557E0D0B54-SegmentedRaftLogWorker hit exception
java.lang.OutOfMemoryError: Direct buffer memory
	at java.nio.Bits.reserveMemory(Bits.java:666)
	at java.nio.DirectByteBuffer.<init>(DirectByteBuffer.java:123)
	at java.nio.ByteBuffer.allocateDirect(ByteBuffer.java:311)
	at org.apache.ratis.server.raftlog.segmented.BufferedWriteChannel.<init>(BufferedWriteChannel.java:41)
	at org.apache.ratis.server.raftlog.segmented.SegmentedRaftLogOutputStream.<init>(SegmentedRaftLogOutputStream.java:72)
	at org.apache.ratis.server.raftlog.segmented.SegmentedRaftLogWorker$StartLogSegment.execute(SegmentedRaftLogWorker.java:566)
	at org.apache.ratis.server.raftlog.segmented.SegmentedRaftLogWorker.run(SegmentedRaftLogWorker.java:289)
	at java.lang.Thread.run(Thread.java:748)
2019-09-26 15:08:53,481 [8a411a4f-0e32-4dd1-80b9-a797c2117425@group-F5831FDAC3B9-SegmentedRaftLogWorker] INFO  impl.StateMachineUpdater (StateMachineUpdater.java:stopAndJoin(125)) - 8a411a4f-0e32-4dd1-80b9-a797c2117425@group-F5831FDAC3B9-StateMachineUpdater: set stopIndex = -1
2019-09-26 15:08:53,476 [8a411a4f-0e32-4dd1-80b9-a797c2117425@group-FC1790118091:LeaderElection195] INFO  segmented.SegmentedRaftLogWorker (SegmentedRaftLogWorker.java:startLogSegment(380)) - 8a411a4f-0e32-4dd1-80b9-a797c2117425@group-FC1790118091-SegmentedRaftLogWorker: Starting segment from index:0
2019-09-26 15:08:53,476 [8a411a4f-0e32-4dd1-80b9-a797c2117425@group-FC070601F0EC-SegmentedRaftLogWorker] INFO  segmented.SegmentedRaftLogWorker (SegmentedRaftLogWorker.java:close(228)) - 8a411a4f-0e32-4dd1-80b9-a797c2117425@group-FC070601F0EC-SegmentedRaftLogWorker close()
2019-09-26 15:08:54,279 [8a411a4f-0e32-4dd1-80b9-a797c2117425@group-F5831FDAC3B9-SegmentedRaftLogWorker] INFO  impl.RaftServerImpl (ServerState.java:close(385)) - 8a411a4f-0e32-4dd1-80b9-a797c2117425@group-F5831FDAC3B9: closes. applyIndex: -1
2019-09-26 15:08:54,279 [8a411a4f-0e32-4dd1-80b9-a797c2117425@group-43557E0D0B54-SegmentedRaftLogWorker] INFO  impl.RaftServerImpl (RaftServerImpl.java:lambda$shutdown$3(251)) - 8a411a4f-0e32-4dd1-80b9-a797c2117425@group-43557E0D0B54: shutdown
2019-09-26 15:08:54,280 [8a411a4f-0e32-4dd1-80b9-a797c2117425@group-F5831FDAC3B9-SegmentedRaftLogWorker] INFO  segmented.SegmentedRaftLogWorker (SegmentedRaftLogWorker.java:close(228)) - 8a411a4f-0e32-4dd1-80b9-a797c2117425@group-F5831FDAC3B9-SegmentedRaftLogWorker close()
2019-09-26 15:08:54,278 [8a411a4f-0e32-4dd1-80b9-a797c2117425@group-69E0C5198CB5-SegmentedRaftLogWorker] INFO  util.JmxRegister (JmxRegister.java:unregister(73)) - Successfully un-registered JMX Bean with object name Ratis:service=RaftServer,group=group-69E0C5198CB5,id=8a411a4f-0e32-4dd1-80b9-a797c2117425
2019-09-26 15:08:54,278 [8a411a4f-0e32-4dd1-80b9-a797c2117425@group-7740B1DAF25C-SegmentedRaftLogWorker] INFO  util.JmxRegister (JmxRegister.java:unregister(73)) - Successfully un-registered JMX Bean with object name Ratis:service=RaftServer,group=group-7740B1DAF25C,id=8a411a4f-0e32-4dd1-80b9-a797c2117425
2019-09-26 15:08:54,278 [8a411a4f-0e32-4dd1-80b9-a797c2117425@group-AE79292C071A-SegmentedRaftLogWorker] INFO  util.JmxRegister (JmxRegister.java:unregister(73)) - Successfully un-registered JMX Bean with object name Ratis:service=RaftServer,group=group-AE79292C071A,id=8a411a4f-0e32-4dd1-80b9-a797c2117425
2019-09-26 15:08:54,278 [8a411a4f-0e32-4dd1-80b9-a797c2117425@group-D946C9146714-SegmentedRaftLogWorker] INFO  impl.RaftServerImpl (RaftServerImpl.java:lambda$shutdown$3(251)) - 8a411a4f-0e32-4dd1-80b9-a797c2117425@group-D946C9146714: shutdown
2019-09-26 15:08:54,278 [8a411a4f-0e32-4dd1-80b9-a797c2117425@group-3884FFF625F6:LeaderElection279] INFO  impl.RaftServerImpl (RaftServerImpl.java:setRole(174)) - 8a411a4f-0e32-4dd1-80b9-a797c2117425@group-3884FFF625F6: changes role from CANDIDATE to LEADER at term 1 for changeToLeader
2019-09-26 15:08:54,278 [8a411a4f-0e32-4dd1-80b9-a797c2117425@group-5EAF20E60177:LeaderElection278] INFO  server.RaftServerConfigKeys (ConfUtils.java:logGet(43)) - raft.server.staging.catchup.gap = 1000 (default)
2019-09-26 15:08:54,277 [8a411a4f-0e32-4dd1-80b9-a797c2117425@group-CFBE5C1BAA60:LeaderElection280] INFO  impl.RaftServerImpl (ServerState.java:setLeader(253)) - 8a411a4f-0e32-4dd1-80b9-a797c2117425@group-CFBE5C1BAA60: change Leader from null to 8a411a4f-0e32-4dd1-80b9-a797c2117425 at term 1 for becomeLeader, leader elected after 17304ms
2019-09-26 15:08:54,280 [8a411a4f-0e32-4dd1-80b9-a797c2117425@group-CFBE5C1BAA60:LeaderElection280] INFO  server.RaftServerConfigKeys (ConfUtils.java:logGet(43)) - raft.server.staging.catchup.gap = 1000 (default)
2019-09-26 15:08:54,280 [8a411a4f-0e32-4dd1-80b9-a797c2117425@group-CFBE5C1BAA60:LeaderElection280] INFO  server.RaftServerConfigKeys (ConfUtils.java:logGet(43)) - raft.server.rpc.sleep.time = 25ms (default)
2019-09-26 15:08:54,277 [8a411a4f-0e32-4dd1-80b9-a797c2117425@group-1E5C55F9AE7D-SegmentedRaftLogWorker] INFO  util.JmxRegister (JmxRegister.java:unregister(73)) - Successfully un-registered JMX Bean with object name Ratis:service=RaftServer,group=group-1E5C55F9AE7D,id=8a411a4f-0e32-4dd1-80b9-a797c2117425
2019-09-26 15:08:53,909 [8a411a4f-0e32-4dd1-80b9-a797c2117425@group-19C985EAA9F4:LeaderElection247] INFO  impl.RaftServerImpl (ServerState.java:setRaftConf(354)) - 8a411a4f-0e32-4dd1-80b9-a797c2117425@group-19C985EAA9F4: set configuration 0: [8a411a4f-0e32-4dd1-80b9-a797c2117425:192.168.151.99:37125], old=null at 0
2019-09-26 15:08:53,909 [8a411a4f-0e32-4dd1-80b9-a797c2117425@group-789513F6DACF-SegmentedRaftLogWorker] INFO  impl.StateMachineUpdater (StateMachineUpdater.java:stopAndJoin(125)) - 8a411a4f-0e32-4dd1-80b9-a797c2117425@group-789513F6DACF-StateMachineUpdater: set stopIndex = -1
2019-09-26 15:08:53,908 [8a411a4f-0e32-4dd1-80b9-a797c2117425@group-13FFAC1DF739-SegmentedRaftLogWorker] INFO  util.JmxRegister (JmxRegister.java:unregister(73)) - Successfully un-registered JMX Bean with object name Ratis:service=RaftServer,group=group-13FFAC1DF739,id=8a411a4f-0e32-4dd1-80b9-a797c2117425
2019-09-26 15:08:53,908 [8a411a4f-0e32-4dd1-80b9-a797c2117425@group-157AB0181C30:LeaderElection277] INFO  server.RaftServerConfigKeys (ConfUtils.java:logGet(43)) - raft.server.write.element-limit = 4096 (default)
2019-09-26 15:08:54,281 [8a411a4f-0e32-4dd1-80b9-a797c2117425@group-13FFAC1DF739-SegmentedRaftLogWorker] INFO  impl.RoleInfo (RoleInfo.java:shutdownLeaderState(104)) - 8a411a4f-0e32-4dd1-80b9-a797c2117425: shutdown LeaderState
2019-09-26 15:08:54,281 [8a411a4f-0e32-4dd1-80b9-a797c2117425@group-13FFAC1DF739-SegmentedRaftLogWorker] INFO  impl.PendingRequests (PendingRequests.java:sendNotLeaderResponses(202)) - 8a411a4f-0e32-4dd1-80b9-a797c2117425-PendingRequests: sendNotLeaderResponses
2019-09-26 15:08:54,281 [8a411a4f-0e32-4dd1-80b9-a797c2117425@group-789513F6DACF-SegmentedRaftLogWorker] INFO  impl.RaftServerImpl (ServerState.java:close(385)) - 8a411a4f-0e32-4dd1-80b9-a797c2117425@group-789513F6DACF: closes. applyIndex: -1
2019-09-26 15:08:54,281 [8a411a4f-0e32-4dd1-80b9-a797c2117425@group-E8F94CDE43C3:LeaderElection209] INFO  impl.RoleInfo (RoleInfo.java:updateAndGet(143)) - 8a411a4f-0e32-4dd1-80b9-a797c2117425: start LeaderState
2019-09-26 15:08:54,485 [8a411a4f-0e32-4dd1-80b9-a797c2117425@group-E8F94CDE43C3:LeaderElection209] INFO  segmented.SegmentedRaftLogWorker (SegmentedRaftLogWorker.java:startLogSegment(380)) - 8a411a4f-0e32-4dd1-80b9-a797c2117425@group-E8F94CDE43C3-SegmentedRaftLogWorker: Starting segment from index:0
2019-09-26 15:08:54,281 [8a411a4f-0e32-4dd1-80b9-a797c2117425@group-1E5C55F9AE7D-SegmentedRaftLogWorker] INFO  impl.RoleInfo (RoleInfo.java:shutdownLeaderState(104)) - 8a411a4f-0e32-4dd1-80b9-a797c2117425: shutdown LeaderState
2019-09-26 15:08:54,489 [8a411a4f-0e32-4dd1-80b9-a797c2117425@group-1E5C55F9AE7D-SegmentedRaftLogWorker] INFO  impl.PendingRequests (PendingRequests.java:sendNotLeaderResponses(202)) - 8a411a4f-0e32-4dd1-80b9-a797c2117425-PendingRequests: sendNotLeaderResponses
2019-09-26 15:08:54,281 [8a411a4f-0e32-4dd1-80b9-a797c2117425@group-CFBE5C1BAA60:LeaderElection280] INFO  server.RaftServerConfigKeys (ConfUtils.java:logGet(43)) - raft.server.write.element-limit = 4096 (default)
2019-09-26 15:08:54,281 [8a411a4f-0e32-4dd1-80b9-a797c2117425@group-FC1F641A5BB5-SegmentedRaftLogWorker] ERROR segmented.SegmentedRaftLogWorker (SegmentedRaftLogWorker.java:run(323)) - 8a411a4f-0e32-4dd1-80b9-a797c2117425@group-FC1F641A5BB5-SegmentedRaftLogWorker hit exception
java.lang.OutOfMemoryError: Direct buffer memory
	at java.nio.Bits.reserveMemory(Bits.java:666)
	at java.nio.DirectByteBuffer.<init>(DirectByteBuffer.java:123)
	at java.nio.ByteBuffer.allocateDirect(ByteBuffer.java:311)
	at org.apache.ratis.server.raftlog.segmented.BufferedWriteChannel.<init>(BufferedWriteChannel.java:41)
	at org.apache.ratis.server.raftlog.segmented.SegmentedRaftLogOutputStream.<init>(SegmentedRaftLogOutputStream.java:72)
	at org.apache.ratis.server.raftlog.segmented.SegmentedRaftLogWorker$StartLogSegment.execute(SegmentedRaftLogWorker.java:566)
	at org.apache.ratis.server.raftlog.segmented.SegmentedRaftLogWorker.run(SegmentedRaftLogWorker.java:289)
	at java.lang.Thread.run(Thread.java:748)
2019-09-26 15:08:54,280 [8a411a4f-0e32-4dd1-80b9-a797c2117425@group-5EAF20E60177:LeaderElection278] INFO  server.RaftServerConfigKeys (ConfUtils.java:logGet(43)) - raft.server.rpc.sleep.time = 25ms (default)
2019-09-26 15:08:54,280 [8a411a4f-0e32-4dd1-80b9-a797c2117425@group-3884FFF625F6:LeaderElection279] INFO  impl.RaftServerImpl (ServerState.java:setLeader(253)) - 8a411a4f-0e32-4dd1-80b9-a797c2117425@group-3884FFF625F6: change Leader from null to 8a411a4f-0e32-4dd1-80b9-a797c2117425 at term 1 for becomeLeader, leader elected after 17516ms
2019-09-26 15:08:54,280 [8a411a4f-0e32-4dd1-80b9-a797c2117425@group-AE79292C071A-SegmentedRaftLogWorker] INFO  impl.RoleInfo (RoleInfo.java:shutdownLeaderState(104)) - 8a411a4f-0e32-4dd1-80b9-a797c2117425: shutdown LeaderState
2019-09-26 15:08:54,280 [8a411a4f-0e32-4dd1-80b9-a797c2117425@group-7740B1DAF25C-SegmentedRaftLogWorker] INFO  impl.RoleInfo (RoleInfo.java:shutdownLeaderState(104)) - 8a411a4f-0e32-4dd1-80b9-a797c2117425: shutdown LeaderState
2019-09-26 15:08:54,280 [8a411a4f-0e32-4dd1-80b9-a797c2117425@group-69E0C5198CB5-SegmentedRaftLogWorker] INFO  impl.RoleInfo (RoleInfo.java:shutdownLeaderState(104)) - 8a411a4f-0e32-4dd1-80b9-a797c2117425: shutdown LeaderState
2019-09-26 15:08:54,280 [8a411a4f-0e32-4dd1-80b9-a797c2117425@group-FC1790118091:LeaderElection195] INFO  impl.RaftServerImpl (ServerState.java:setRaftConf(354)) - 8a411a4f-0e32-4dd1-80b9-a797c2117425@group-FC1790118091: set configuration 0: [8a411a4f-0e32-4dd1-80b9-a797c2117425:192.168.151.99:37125], old=null at 0
2019-09-26 15:08:54,693 [8a411a4f-0e32-4dd1-80b9-a797c2117425@group-43557E0D0B54-SegmentedRaftLogWorker] INFO  util.JmxRegister (JmxRegister.java:unregister(73)) - Successfully un-registered JMX Bean with object name Ratis:service=RaftServer,group=group-43557E0D0B54,id=8a411a4f-0e32-4dd1-80b9-a797c2117425
2019-09-26 15:08:54,693 [8a411a4f-0e32-4dd1-80b9-a797c2117425@group-69E0C5198CB5-SegmentedRaftLogWorker] INFO  impl.PendingRequests (PendingRequests.java:sendNotLeaderResponses(202)) - 8a411a4f-0e32-4dd1-80b9-a797c2117425-PendingRequests: sendNotLeaderResponses
2019-09-26 15:08:54,692 [8a411a4f-0e32-4dd1-80b9-a797c2117425@group-7740B1DAF25C-SegmentedRaftLogWorker] INFO  impl.PendingRequests (PendingRequests.java:sendNotLeaderResponses(202)) - 8a411a4f-0e32-4dd1-80b9-a797c2117425-PendingRequests: sendNotLeaderResponses
2019-09-26 15:08:54,692 [8a411a4f-0e32-4dd1-80b9-a797c2117425@group-56F119E5147E-SegmentedRaftLogWorker] INFO  util.JmxRegister (JmxRegister.java:unregister(73)) - Successfully un-registered JMX Bean with object name Ratis:service=RaftServer,group=group-56F119E5147E,id=8a411a4f-0e32-4dd1-80b9-a797c2117425
2019-09-26 15:08:54,692 [8a411a4f-0e32-4dd1-80b9-a797c2117425@group-AE79292C071A-SegmentedRaftLogWorker] INFO  impl.PendingRequests (PendingRequests.java:sendNotLeaderResponses(202)) - 8a411a4f-0e32-4dd1-80b9-a797c2117425-PendingRequests: sendNotLeaderResponses
2019-09-26 15:08:54,692 [8a411a4f-0e32-4dd1-80b9-a797c2117425@group-3884FFF625F6:LeaderElection279] INFO  server.RaftServerConfigKeys (ConfUtils.java:logGet(43)) - raft.server.staging.catchup.gap = 1000 (default)
2019-09-26 15:08:54,490 [8a411a4f-0e32-4dd1-80b9-a797c2117425@group-5EAF20E60177:LeaderElection278] INFO  server.RaftServerConfigKeys (ConfUtils.java:logGet(43)) - raft.server.write.element-limit = 4096 (default)
2019-09-26 15:08:54,490 [8a411a4f-0e32-4dd1-80b9-a797c2117425@group-FC1F641A5BB5-SegmentedRaftLogWorker] INFO  impl.RaftServerImpl (RaftServerImpl.java:lambda$shutdown$3(251)) - 8a411a4f-0e32-4dd1-80b9-a797c2117425@group-FC1F641A5BB5: shutdown
2019-09-26 15:08:54,490 [8a411a4f-0e32-4dd1-80b9-a797c2117425@group-CFBE5C1BAA60:LeaderElection280] INFO  server.RaftServerConfigKeys (ConfUtils.java:logGet(43)) - raft.server.watch.timeout = 10s (default)
2019-09-26 15:08:54,490 [8a411a4f-0e32-4dd1-80b9-a797c2117425@group-E8F94CDE43C3:LeaderElection209] INFO  impl.RaftServerImpl (ServerState.java:setRaftConf(354)) - 8a411a4f-0e32-4dd1-80b9-a797c2117425@group-E8F94CDE43C3: set configuration 0: [8a411a4f-0e32-4dd1-80b9-a797c2117425:192.168.151.99:37125], old=null at 0
2019-09-26 15:08:54,490 [8a411a4f-0e32-4dd1-80b9-a797c2117425@group-1E5C55F9AE7D-SegmentedRaftLogWorker] INFO  impl.StateMachineUpdater (StateMachineUpdater.java:stopAndJoin(125)) - 8a411a4f-0e32-4dd1-80b9-a797c2117425@group-1E5C55F9AE7D-StateMachineUpdater: set stopIndex = -1
2019-09-26 15:08:54,694 [8a411a4f-0e32-4dd1-80b9-a797c2117425@group-1E5C55F9AE7D-SegmentedRaftLogWorker] INFO  impl.RaftServerImpl (ServerState.java:close(385)) - 8a411a4f-0e32-4dd1-80b9-a797c2117425@group-1E5C55F9AE7D: closes. applyIndex: -1
2019-09-26 15:08:54,485 [8a411a4f-0e32-4dd1-80b9-a797c2117425@group-789513F6DACF-SegmentedRaftLogWorker] INFO  segmented.SegmentedRaftLogWorker (SegmentedRaftLogWorker.java:close(228)) - 8a411a4f-0e32-4dd1-80b9-a797c2117425@group-789513F6DACF-SegmentedRaftLogWorker close()
2019-09-26 15:08:54,484 [8a411a4f-0e32-4dd1-80b9-a797c2117425@group-13FFAC1DF739-SegmentedRaftLogWorker] INFO  impl.StateMachineUpdater (StateMachineUpdater.java:stopAndJoin(125)) - 8a411a4f-0e32-4dd1-80b9-a797c2117425@group-13FFAC1DF739-StateMachineUpdater: set stopIndex = -1
2019-09-26 15:08:54,695 [8a411a4f-0e32-4dd1-80b9-a797c2117425@group-13FFAC1DF739-SegmentedRaftLogWorker] INFO  impl.RaftServerImpl (ServerState.java:close(385)) - 8a411a4f-0e32-4dd1-80b9-a797c2117425@group-13FFAC1DF739: closes. applyIndex: -1
2019-09-26 15:08:54,281 [8a411a4f-0e32-4dd1-80b9-a797c2117425@group-157AB0181C30:LeaderElection277] INFO  server.RaftServerConfigKeys (ConfUtils.java:logGet(43)) - raft.server.watch.timeout = 10s (default)
2019-09-26 15:08:54,694 [8a411a4f-0e32-4dd1-80b9-a797c2117425@group-1E5C55F9AE7D-SegmentedRaftLogWorker] INFO  segmented.SegmentedRaftLogWorker (SegmentedRaftLogWorker.java:close(228)) - 8a411a4f-0e32-4dd1-80b9-a797c2117425@group-1E5C55F9AE7D-SegmentedRaftLogWorker close()
2019-09-26 15:08:54,694 [8a411a4f-0e32-4dd1-80b9-a797c2117425@group-CFBE5C1BAA60:LeaderElection280] INFO  server.RaftServerConfigKeys (ConfUtils.java:logGet(43)) - raft.server.watch.timeout.denomination = 1s (default)
2019-09-26 15:08:54,694 [8a411a4f-0e32-4dd1-80b9-a797c2117425@group-5EAF20E60177:LeaderElection278] INFO  server.RaftServerConfigKeys (ConfUtils.java:logGet(43)) - raft.server.watch.timeout = 10s (default)
2019-09-26 15:08:54,694 [8a411a4f-0e32-4dd1-80b9-a797c2117425@group-3884FFF625F6:LeaderElection279] INFO  server.RaftServerConfigKeys (ConfUtils.java:logGet(43)) - raft.server.rpc.sleep.time = 25ms (default)
2019-09-26 15:08:54,694 [8a411a4f-0e32-4dd1-80b9-a797c2117425@group-AE79292C071A-SegmentedRaftLogWorker] INFO  impl.StateMachineUpdater (StateMachineUpdater.java:stopAndJoin(125)) - 8a411a4f-0e32-4dd1-80b9-a797c2117425@group-AE79292C071A-StateMachineUpdater: set stopIndex = -1
2019-09-26 15:08:54,693 [8a411a4f-0e32-4dd1-80b9-a797c2117425@group-C0E431E566D9:LeaderElection207] INFO  impl.RoleInfo (RoleInfo.java:updateAndGet(143)) - 8a411a4f-0e32-4dd1-80b9-a797c2117425: start LeaderState
2019-09-26 15:08:54,693 [8a411a4f-0e32-4dd1-80b9-a797c2117425@group-56F119E5147E-SegmentedRaftLogWorker] INFO  impl.RoleInfo (RoleInfo.java:shutdownLeaderState(104)) - 8a411a4f-0e32-4dd1-80b9-a797c2117425: shutdown LeaderState
2019-09-26 15:08:54,693 [8a411a4f-0e32-4dd1-80b9-a797c2117425@group-7740B1DAF25C-SegmentedRaftLogWorker] INFO  impl.StateMachineUpdater (StateMachineUpdater.java:stopAndJoin(125)) - 8a411a4f-0e32-4dd1-80b9-a797c2117425@group-7740B1DAF25C-StateMachineUpdater: set stopIndex = -1
2019-09-26 15:08:54,693 [8a411a4f-0e32-4dd1-80b9-a797c2117425@group-69E0C5198CB5-SegmentedRaftLogWorker] INFO  impl.StateMachineUpdater (StateMachineUpdater.java:stopAndJoin(125)) - 8a411a4f-0e32-4dd1-80b9-a797c2117425@group-69E0C5198CB5-StateMachineUpdater: set stopIndex = -1
2019-09-26 15:08:54,693 [8a411a4f-0e32-4dd1-80b9-a797c2117425@group-43557E0D0B54-SegmentedRaftLogWorker] INFO  impl.RoleInfo (RoleInfo.java:shutdownLeaderState(104)) - 8a411a4f-0e32-4dd1-80b9-a797c2117425: shutdown LeaderState
2019-09-26 15:08:54,693 [8a411a4f-0e32-4dd1-80b9-a797c2117425@group-D946C9146714-SegmentedRaftLogWorker] INFO  util.JmxRegister (JmxRegister.java:unregister(73)) - Successfully un-registered JMX Bean with object name Ratis:service=RaftServer,group=group-D946C9146714,id=8a411a4f-0e32-4dd1-80b9-a797c2117425
2019-09-26 15:08:54,696 [8a411a4f-0e32-4dd1-80b9-a797c2117425@group-43557E0D0B54-SegmentedRaftLogWorker] INFO  impl.PendingRequests (PendingRequests.java:sendNotLeaderResponses(202)) - 8a411a4f-0e32-4dd1-80b9-a797c2117425-PendingRequests: sendNotLeaderResponses
2019-09-26 15:08:54,696 [8a411a4f-0e32-4dd1-80b9-a797c2117425@group-69E0C5198CB5-SegmentedRaftLogWorker] INFO  impl.RaftServerImpl (ServerState.java:close(385)) - 8a411a4f-0e32-4dd1-80b9-a797c2117425@group-69E0C5198CB5: closes. applyIndex: -1
2019-09-26 15:08:54,696 [8a411a4f-0e32-4dd1-80b9-a797c2117425@group-7740B1DAF25C-SegmentedRaftLogWorker] INFO  impl.RaftServerImpl (ServerState.java:close(385)) - 8a411a4f-0e32-4dd1-80b9-a797c2117425@group-7740B1DAF25C: closes. applyIndex: -1
2019-09-26 15:08:54,696 [8a411a4f-0e32-4dd1-80b9-a797c2117425@group-C0E431E566D9:LeaderElection207] INFO  segmented.SegmentedRaftLogWorker (SegmentedRaftLogWorker.java:startLogSegment(380)) - 8a411a4f-0e32-4dd1-80b9-a797c2117425@group-C0E431E566D9-SegmentedRaftLogWorker: Starting segment from index:0
2019-09-26 15:08:54,696 [8a411a4f-0e32-4dd1-80b9-a797c2117425@group-56F119E5147E-SegmentedRaftLogWorker] INFO  impl.PendingRequests (PendingRequests.java:sendNotLeaderResponses(202)) - 8a411a4f-0e32-4dd1-80b9-a797c2117425-PendingRequests: sendNotLeaderResponses
2019-09-26 15:08:54,696 [8a411a4f-0e32-4dd1-80b9-a797c2117425@group-46ECC70944D4:LeaderElection234] INFO  impl.RoleInfo (RoleInfo.java:updateAndGet(143)) - 8a411a4f-0e32-4dd1-80b9-a797c2117425: start LeaderState
2019-09-26 15:08:54,695 [8a411a4f-0e32-4dd1-80b9-a797c2117425@group-AE79292C071A-SegmentedRaftLogWorker] INFO  impl.RaftServerImpl (ServerState.java:close(385)) - 8a411a4f-0e32-4dd1-80b9-a797c2117425@group-AE79292C071A: closes. applyIndex: -1
2019-09-26 15:08:54,697 [8a411a4f-0e32-4dd1-80b9-a797c2117425@group-C0E431E566D9:LeaderElection207] INFO  impl.RaftServerImpl (ServerState.java:setRaftConf(354)) - 8a411a4f-0e32-4dd1-80b9-a797c2117425@group-C0E431E566D9: set configuration 0: [8a411a4f-0e32-4dd1-80b9-a797c2117425:192.168.151.99:37125], old=null at 0
2019-09-26 15:08:54,695 [8a411a4f-0e32-4dd1-80b9-a797c2117425@group-3884FFF625F6:LeaderElection279] INFO  server.RaftServerConfigKeys (ConfUtils.java:logGet(43)) - raft.server.write.element-limit = 4096 (default)
2019-09-26 15:08:54,695 [8a411a4f-0e32-4dd1-80b9-a797c2117425@group-5EAF20E60177:LeaderElection278] INFO  server.RaftServerConfigKeys (ConfUtils.java:logGet(43)) - raft.server.watch.timeout.denomination = 1s (default)
2019-09-26 15:08:54,695 [8a411a4f-0e32-4dd1-80b9-a797c2117425@group-CFBE5C1BAA60:LeaderElection280] INFO  server.RaftServerConfigKeys (ConfUtils.java:logGet(43)) - raft.server.watch.element-limit = 65536 (default)
2019-09-26 15:08:54,695 [8a411a4f-0e32-4dd1-80b9-a797c2117425@group-13FFAC1DF739-SegmentedRaftLogWorker] INFO  segmented.SegmentedRaftLogWorker (SegmentedRaftLogWorker.java:close(228)) - 8a411a4f-0e32-4dd1-80b9-a797c2117425@group-13FFAC1DF739-SegmentedRaftLogWorker close()
2019-09-26 15:08:54,695 [8a411a4f-0e32-4dd1-80b9-a797c2117425@group-157AB0181C30:LeaderElection277] INFO  server.RaftServerConfigKeys (ConfUtils.java:logGet(43)) - raft.server.watch.timeout.denomination = 1s (default)
2019-09-26 15:08:54,940 [8a411a4f-0e32-4dd1-80b9-a797c2117425@group-5EAF20E60177:LeaderElection278] INFO  server.RaftServerConfigKeys (ConfUtils.java:logGet(43)) - raft.server.watch.element-limit = 65536 (default)
2019-09-26 15:08:54,940 [8a411a4f-0e32-4dd1-80b9-a797c2117425@group-3884FFF625F6:LeaderElection279] INFO  server.RaftServerConfigKeys (ConfUtils.java:logGet(43)) - raft.server.watch.timeout = 10s (default)
2019-09-26 15:08:54,938 [8a411a4f-0e32-4dd1-80b9-a797c2117425@group-9CAEA4046C8E-SegmentedRaftLogWorker] ERROR segmented.SegmentedRaftLogWorker (SegmentedRaftLogWorker.java:run(323)) - 8a411a4f-0e32-4dd1-80b9-a797c2117425@group-9CAEA4046C8E-SegmentedRaftLogWorker hit exception
java.lang.OutOfMemoryError: Direct buffer memory
	at java.nio.Bits.reserveMemory(Bits.java:666)
	at java.nio.DirectByteBuffer.<init>(DirectByteBuffer.java:123)
	at java.nio.ByteBuffer.allocateDirect(ByteBuffer.java:311)
	at org.apache.ratis.server.raftlog.segmented.BufferedWriteChannel.<init>(BufferedWriteChannel.java:41)
	at org.apache.ratis.server.raftlog.segmented.SegmentedRaftLogOutputStream.<init>(SegmentedRaftLogOutputStream.java:72)
	at org.apache.ratis.server.raftlog.segmented.SegmentedRaftLogWorker$StartLogSegment.execute(SegmentedRaftLogWorker.java:566)
	at org.apache.ratis.server.raftlog.segmented.SegmentedRaftLogWorker.run(SegmentedRaftLogWorker.java:289)
	at java.lang.Thread.run(Thread.java:748)
2019-09-26 15:08:54,938 [8a411a4f-0e32-4dd1-80b9-a797c2117425@group-2F139598710B-SegmentedRaftLogWorker] ERROR segmented.SegmentedRaftLogWorker (SegmentedRaftLogWorker.java:run(323)) - 8a411a4f-0e32-4dd1-80b9-a797c2117425@group-2F139598710B-SegmentedRaftLogWorker hit exception
java.lang.OutOfMemoryError: Direct buffer memory
	at java.nio.Bits.reserveMemory(Bits.java:666)
	at java.nio.DirectByteBuffer.<init>(DirectByteBuffer.java:123)
	at java.nio.ByteBuffer.allocateDirect(ByteBuffer.java:311)
	at org.apache.ratis.server.raftlog.segmented.BufferedWriteChannel.<init>(BufferedWriteChannel.java:41)
	at org.apache.ratis.server.raftlog.segmented.SegmentedRaftLogOutputStream.<init>(SegmentedRaftLogOutputStream.java:72)
	at org.apache.ratis.server.raftlog.segmented.SegmentedRaftLogWorker$StartLogSegment.execute(SegmentedRaftLogWorker.java:566)
	at org.apache.ratis.server.raftlog.segmented.SegmentedRaftLogWorker.run(SegmentedRaftLogWorker.java:289)
	at java.lang.Thread.run(Thread.java:748)
2019-09-26 15:08:54,938 [8a411a4f-0e32-4dd1-80b9-a797c2117425@group-9B2ED3ACC3BA-SegmentedRaftLogWorker] ERROR segmented.SegmentedRaftLogWorker (SegmentedRaftLogWorker.java:run(323)) - 8a411a4f-0e32-4dd1-80b9-a797c2117425@group-9B2ED3ACC3BA-SegmentedRaftLogWorker hit exception
java.lang.OutOfMemoryError: Direct buffer memory
	at java.nio.Bits.reserveMemory(Bits.java:666)
	at java.nio.DirectByteBuffer.<init>(DirectByteBuffer.java:123)
	at java.nio.ByteBuffer.allocateDirect(ByteBuffer.java:311)
	at org.apache.ratis.server.raftlog.segmented.BufferedWriteChannel.<init>(BufferedWriteChannel.java:41)
	at org.apache.ratis.server.raftlog.segmented.SegmentedRaftLogOutputStream.<init>(SegmentedRaftLogOutputStream.java:72)
	at org.apache.ratis.server.raftlog.segmented.SegmentedRaftLogWorker$StartLogSegment.execute(SegmentedRaftLogWorker.java:566)
	at org.apache.ratis.server.raftlog.segmented.SegmentedRaftLogWorker.run(SegmentedRaftLogWorker.java:289)
	at java.lang.Thread.run(Thread.java:748)
2019-09-26 15:08:54,938 [8a411a4f-0e32-4dd1-80b9-a797c2117425@group-ACB2ABC0275F-SegmentedRaftLogWorker] ERROR segmented.SegmentedRaftLogWorker (SegmentedRaftLogWorker.java:run(323)) - 8a411a4f-0e32-4dd1-80b9-a797c2117425@group-ACB2ABC0275F-SegmentedRaftLogWorker hit exception
java.lang.OutOfMemoryError: Direct buffer memory
	at java.nio.Bits.reserveMemory(Bits.java:666)
	at java.nio.DirectByteBuffer.<init>(DirectByteBuffer.java:123)
	at java.nio.ByteBuffer.allocateDirect(ByteBuffer.java:311)
	at org.apache.ratis.server.raftlog.segmented.BufferedWriteChannel.<init>(BufferedWriteChannel.java:41)
	at org.apache.ratis.server.raftlog.segmented.SegmentedRaftLogOutputStream.<init>(SegmentedRaftLogOutputStream.java:72)
	at org.apache.ratis.server.raftlog.segmented.SegmentedRaftLogWorker$StartLogSegment.execute(SegmentedRaftLogWorker.java:566)
	at org.apache.ratis.server.raftlog.segmented.SegmentedRaftLogWorker.run(SegmentedRaftLogWorker.java:289)
	at java.lang.Thread.run(Thread.java:748)
2019-09-26 15:08:54,938 [8a411a4f-0e32-4dd1-80b9-a797c2117425@group-C4458528C18D-SegmentedRaftLogWorker] ERROR segmented.SegmentedRaftLogWorker (SegmentedRaftLogWorker.java:run(323)) - 8a411a4f-0e32-4dd1-80b9-a797c2117425@group-C4458528C18D-SegmentedRaftLogWorker hit exception
java.lang.OutOfMemoryError: Direct buffer memory
	at java.nio.Bits.reserveMemory(Bits.java:666)
	at java.nio.DirectByteBuffer.<init>(DirectByteBuffer.java:123)
	at java.nio.ByteBuffer.allocateDirect(ByteBuffer.java:311)
	at org.apache.ratis.server.raftlog.segmented.BufferedWriteChannel.<init>(BufferedWriteChannel.java:41)
	at org.apache.ratis.server.raftlog.segmented.SegmentedRaftLogOutputStream.<init>(SegmentedRaftLogOutputStream.java:72)
	at org.apache.ratis.server.raftlog.segmented.SegmentedRaftLogWorker$StartLogSegment.execute(SegmentedRaftLogWorker.java:566)
	at org.apache.ratis.server.raftlog.segmented.SegmentedRaftLogWorker.run(SegmentedRaftLogWorker.java:289)
	at java.lang.Thread.run(Thread.java:748)
2019-09-26 15:08:54,942 [8a411a4f-0e32-4dd1-80b9-a797c2117425@group-C4458528C18D-SegmentedRaftLogWorker] INFO  impl.RaftServerImpl (RaftServerImpl.java:lambda$shutdown$3(251)) - 8a411a4f-0e32-4dd1-80b9-a797c2117425@group-C4458528C18D: shutdown
2019-09-26 15:08:54,697 [8a411a4f-0e32-4dd1-80b9-a797c2117425@group-AE79292C071A-SegmentedRaftLogWorker] INFO  segmented.SegmentedRaftLogWorker (SegmentedRaftLogWorker.java:close(228)) - 8a411a4f-0e32-4dd1-80b9-a797c2117425@group-AE79292C071A-SegmentedRaftLogWorker close()
2019-09-26 15:08:54,697 [8a411a4f-0e32-4dd1-80b9-a797c2117425@group-FC1F641A5BB5-SegmentedRaftLogWorker] INFO  util.JmxRegister (JmxRegister.java:unregister(73)) - Successfully un-registered JMX Bean with object name Ratis:service=RaftServer,group=group-FC1F641A5BB5,id=8a411a4f-0e32-4dd1-80b9-a797c2117425
2019-09-26 15:08:54,697 [8a411a4f-0e32-4dd1-80b9-a797c2117425@group-46ECC70944D4:LeaderElection234] INFO  segmented.SegmentedRaftLogWorker (SegmentedRaftLogWorker.java:startLogSegment(380)) - 8a411a4f-0e32-4dd1-80b9-a797c2117425@group-46ECC70944D4-SegmentedRaftLogWorker: Starting segment from index:0
2019-09-26 15:08:54,697 [8a411a4f-0e32-4dd1-80b9-a797c2117425@group-56F119E5147E-SegmentedRaftLogWorker] INFO  impl.StateMachineUpdater (StateMachineUpdater.java:stopAndJoin(125)) - 8a411a4f-0e32-4dd1-80b9-a797c2117425@group-56F119E5147E-StateMachineUpdater: set stopIndex = -1
2019-09-26 15:08:54,944 [8a411a4f-0e32-4dd1-80b9-a797c2117425@group-56F119E5147E-SegmentedRaftLogWorker] INFO  impl.RaftServerImpl (ServerState.java:close(385)) - 8a411a4f-0e32-4dd1-80b9-a797c2117425@group-56F119E5147E: closes. applyIndex: -1
2019-09-26 15:08:54,697 [8a411a4f-0e32-4dd1-80b9-a797c2117425@group-7740B1DAF25C-SegmentedRaftLogWorker] INFO  segmented.SegmentedRaftLogWorker (SegmentedRaftLogWorker.java:close(228)) - 8a411a4f-0e32-4dd1-80b9-a797c2117425@group-7740B1DAF25C-SegmentedRaftLogWorker close()
2019-09-26 15:08:54,696 [8a411a4f-0e32-4dd1-80b9-a797c2117425@group-69E0C5198CB5-SegmentedRaftLogWorker] INFO  segmented.SegmentedRaftLogWorker (SegmentedRaftLogWorker.java:close(228)) - 8a411a4f-0e32-4dd1-80b9-a797c2117425@group-69E0C5198CB5-SegmentedRaftLogWorker close()
2019-09-26 15:08:54,696 [8a411a4f-0e32-4dd1-80b9-a797c2117425@group-43557E0D0B54-SegmentedRaftLogWorker] INFO  impl.StateMachineUpdater (StateMachineUpdater.java:stopAndJoin(125)) - 8a411a4f-0e32-4dd1-80b9-a797c2117425@group-43557E0D0B54-StateMachineUpdater: set stopIndex = -1
2019-09-26 15:08:55,174 [8a411a4f-0e32-4dd1-80b9-a797c2117425@group-43557E0D0B54-SegmentedRaftLogWorker] INFO  impl.RaftServerImpl (ServerState.java:close(385)) - 8a411a4f-0e32-4dd1-80b9-a797c2117425@group-43557E0D0B54: closes. applyIndex: -1
2019-09-26 15:08:54,696 [8a411a4f-0e32-4dd1-80b9-a797c2117425@group-D946C9146714-SegmentedRaftLogWorker] INFO  impl.RoleInfo (RoleInfo.java:shutdownLeaderState(104)) - 8a411a4f-0e32-4dd1-80b9-a797c2117425: shutdown LeaderState
2019-09-26 15:08:55,174 [8a411a4f-0e32-4dd1-80b9-a797c2117425@group-43557E0D0B54-SegmentedRaftLogWorker] INFO  segmented.SegmentedRaftLogWorker (SegmentedRaftLogWorker.java:close(228)) - 8a411a4f-0e32-4dd1-80b9-a797c2117425@group-43557E0D0B54-SegmentedRaftLogWorker close()
2019-09-26 15:08:54,944 [8a411a4f-0e32-4dd1-80b9-a797c2117425@group-56F119E5147E-SegmentedRaftLogWorker] INFO  segmented.SegmentedRaftLogWorker (SegmentedRaftLogWorker.java:close(228)) - 8a411a4f-0e32-4dd1-80b9-a797c2117425@group-56F119E5147E-SegmentedRaftLogWorker close()
2019-09-26 15:08:54,944 [8a411a4f-0e32-4dd1-80b9-a797c2117425@group-46ECC70944D4:LeaderElection234] INFO  impl.RaftServerImpl (ServerState.java:setRaftConf(354)) - 8a411a4f-0e32-4dd1-80b9-a797c2117425@group-46ECC70944D4: set configuration 0: [8a411a4f-0e32-4dd1-80b9-a797c2117425:192.168.151.99:37125], old=null at 0
2019-09-26 15:08:54,943 [8a411a4f-0e32-4dd1-80b9-a797c2117425@group-FC1F641A5BB5-SegmentedRaftLogWorker] INFO  impl.RoleInfo (RoleInfo.java:shutdownLeaderState(104)) - 8a411a4f-0e32-4dd1-80b9-a797c2117425: shutdown LeaderState
2019-09-26 15:08:54,943 [8a411a4f-0e32-4dd1-80b9-a797c2117425@group-3C71898FAFED:LeaderElection208] INFO  impl.RoleInfo (RoleInfo.java:updateAndGet(143)) - 8a411a4f-0e32-4dd1-80b9-a797c2117425: start LeaderState
2019-09-26 15:08:54,942 [8a411a4f-0e32-4dd1-80b9-a797c2117425@group-ACB2ABC0275F-SegmentedRaftLogWorker] INFO  impl.RaftServerImpl (RaftServerImpl.java:lambda$shutdown$3(251)) - 8a411a4f-0e32-4dd1-80b9-a797c2117425@group-ACB2ABC0275F: shutdown
2019-09-26 15:08:54,942 [8a411a4f-0e32-4dd1-80b9-a797c2117425@group-9B2ED3ACC3BA-SegmentedRaftLogWorker] INFO  impl.RaftServerImpl (RaftServerImpl.java:lambda$shutdown$3(251)) - 8a411a4f-0e32-4dd1-80b9-a797c2117425@group-9B2ED3ACC3BA: shutdown
2019-09-26 15:08:54,942 [8a411a4f-0e32-4dd1-80b9-a797c2117425@group-2F139598710B-SegmentedRaftLogWorker] INFO  impl.RaftServerImpl (RaftServerImpl.java:lambda$shutdown$3(251)) - 8a411a4f-0e32-4dd1-80b9-a797c2117425@group-2F139598710B: shutdown
2019-09-26 15:08:54,941 [8a411a4f-0e32-4dd1-80b9-a797c2117425@group-9CAEA4046C8E-SegmentedRaftLogWorker] INFO  impl.RaftServerImpl (RaftServerImpl.java:lambda$shutdown$3(251)) - 8a411a4f-0e32-4dd1-80b9-a797c2117425@group-9CAEA4046C8E: shutdown
2019-09-26 15:08:54,941 [8a411a4f-0e32-4dd1-80b9-a797c2117425@group-A5B80CCFC499:LeaderElection246] INFO  impl.RoleInfo (RoleInfo.java:updateAndGet(143)) - 8a411a4f-0e32-4dd1-80b9-a797c2117425: start LeaderState
2019-09-26 15:08:54,941 [8a411a4f-0e32-4dd1-80b9-a797c2117425@group-3884FFF625F6:LeaderElection279] INFO  server.RaftServerConfigKeys (ConfUtils.java:logGet(43)) - raft.server.watch.timeout.denomination = 1s (default)
2019-09-26 15:08:55,175 [8a411a4f-0e32-4dd1-80b9-a797c2117425@group-A5B80CCFC499:LeaderElection246] INFO  segmented.SegmentedRaftLogWorker (SegmentedRaftLogWorker.java:startLogSegment(380)) - 8a411a4f-0e32-4dd1-80b9-a797c2117425@group-A5B80CCFC499-SegmentedRaftLogWorker: Starting segment from index:0
2019-09-26 15:08:54,941 [8a411a4f-0e32-4dd1-80b9-a797c2117425@group-157AB0181C30:LeaderElection277] INFO  server.RaftServerConfigKeys (ConfUtils.java:logGet(43)) - raft.server.watch.element-limit = 65536 (default)
2019-09-26 15:08:55,176 [8a411a4f-0e32-4dd1-80b9-a797c2117425@group-3884FFF625F6:LeaderElection279] INFO  server.RaftServerConfigKeys (ConfUtils.java:logGet(43)) - raft.server.watch.element-limit = 65536 (default)
2019-09-26 15:08:55,175 [8a411a4f-0e32-4dd1-80b9-a797c2117425@group-3C71898FAFED:LeaderElection208] INFO  segmented.SegmentedRaftLogWorker (SegmentedRaftLogWorker.java:startLogSegment(380)) - 8a411a4f-0e32-4dd1-80b9-a797c2117425@group-3C71898FAFED-SegmentedRaftLogWorker: Starting segment from index:0
2019-09-26 15:08:55,175 [8a411a4f-0e32-4dd1-80b9-a797c2117425@group-FC1F641A5BB5-SegmentedRaftLogWorker] INFO  impl.PendingRequests (PendingRequests.java:sendNotLeaderResponses(202)) - 8a411a4f-0e32-4dd1-80b9-a797c2117425-PendingRequests: sendNotLeaderResponses
2019-09-26 15:08:55,174 [8a411a4f-0e32-4dd1-80b9-a797c2117425@group-5915C1BC536E:LeaderElection206] INFO  impl.RoleInfo (RoleInfo.java:updateAndGet(143)) - 8a411a4f-0e32-4dd1-80b9-a797c2117425: start LeaderState
2019-09-26 15:08:55,174 [8a411a4f-0e32-4dd1-80b9-a797c2117425@group-C4458528C18D-SegmentedRaftLogWorker] INFO  util.JmxRegister (JmxRegister.java:unregister(73)) - Successfully un-registered JMX Bean with object name Ratis:service=RaftServer,group=group-C4458528C18D,id=8a411a4f-0e32-4dd1-80b9-a797c2117425
2019-09-26 15:08:55,174 [8a411a4f-0e32-4dd1-80b9-a797c2117425@group-D946C9146714-SegmentedRaftLogWorker] INFO  impl.PendingRequests (PendingRequests.java:sendNotLeaderResponses(202)) - 8a411a4f-0e32-4dd1-80b9-a797c2117425-PendingRequests: sendNotLeaderResponses
2019-09-26 15:08:55,370 [8a411a4f-0e32-4dd1-80b9-a797c2117425@group-C4458528C18D-SegmentedRaftLogWorker] INFO  impl.RoleInfo (RoleInfo.java:shutdownLeaderState(104)) - 8a411a4f-0e32-4dd1-80b9-a797c2117425: shutdown LeaderState
2019-09-26 15:08:55,370 [8a411a4f-0e32-4dd1-80b9-a797c2117425@group-D946C9146714-SegmentedRaftLogWorker] INFO  impl.StateMachineUpdater (StateMachineUpdater.java:stopAndJoin(125)) - 8a411a4f-0e32-4dd1-80b9-a797c2117425@group-D946C9146714-StateMachineUpdater: set stopIndex = -1
2019-09-26 15:08:55,370 [8a411a4f-0e32-4dd1-80b9-a797c2117425@group-5915C1BC536E:LeaderElection206] INFO  segmented.SegmentedRaftLogWorker (SegmentedRaftLogWorker.java:startLogSegment(380)) - 8a411a4f-0e32-4dd1-80b9-a797c2117425@group-5915C1BC536E-SegmentedRaftLogWorker: Starting segment from index:0
2019-09-26 15:08:55,370 [8a411a4f-0e32-4dd1-80b9-a797c2117425@group-3C71898FAFED:LeaderElection208] INFO  impl.RaftServerImpl (ServerState.java:setRaftConf(354)) - 8a411a4f-0e32-4dd1-80b9-a797c2117425@group-3C71898FAFED: set configuration 0: [8a411a4f-0e32-4dd1-80b9-a797c2117425:192.168.151.99:37125], old=null at 0
2019-09-26 15:08:55,369 [8a411a4f-0e32-4dd1-80b9-a797c2117425@group-78F806914167-SegmentedRaftLogWorker] ERROR segmented.SegmentedRaftLogWorker (SegmentedRaftLogWorker.java:run(323)) - 8a411a4f-0e32-4dd1-80b9-a797c2117425@group-78F806914167-SegmentedRaftLogWorker hit exception
java.lang.OutOfMemoryError: Direct buffer memory
	at java.nio.Bits.reserveMemory(Bits.java:666)
	at java.nio.DirectByteBuffer.<init>(DirectByteBuffer.java:123)
	at java.nio.ByteBuffer.allocateDirect(ByteBuffer.java:311)
	at org.apache.ratis.server.raftlog.segmented.BufferedWriteChannel.<init>(BufferedWriteChannel.java:41)
	at org.apache.ratis.server.raftlog.segmented.SegmentedRaftLogOutputStream.<init>(SegmentedRaftLogOutputStream.java:72)
	at org.apache.ratis.server.raftlog.segmented.SegmentedRaftLogWorker$StartLogSegment.execute(SegmentedRaftLogWorker.java:566)
	at org.apache.ratis.server.raftlog.segmented.SegmentedRaftLogWorker.run(SegmentedRaftLogWorker.java:289)
	at java.lang.Thread.run(Thread.java:748)
2019-09-26 15:08:55,369 [8a411a4f-0e32-4dd1-80b9-a797c2117425@group-9FBC4F4584D8:LeaderElection193] INFO  impl.RoleInfo (RoleInfo.java:updateAndGet(143)) - 8a411a4f-0e32-4dd1-80b9-a797c2117425: start LeaderState
2019-09-26 15:08:55,367 [8a411a4f-0e32-4dd1-80b9-a797c2117425@group-9CAEA4046C8E-SegmentedRaftLogWorker] INFO  util.JmxRegister (JmxRegister.java:unregister(73)) - Successfully un-registered JMX Bean with object name Ratis:service=RaftServer,group=group-9CAEA4046C8E,id=8a411a4f-0e32-4dd1-80b9-a797c2117425
2019-09-26 15:08:55,367 [8a411a4f-0e32-4dd1-80b9-a797c2117425@group-2F139598710B-SegmentedRaftLogWorker] INFO  util.JmxRegister (JmxRegister.java:unregister(73)) - Successfully un-registered JMX Bean with object name Ratis:service=RaftServer,group=group-2F139598710B,id=8a411a4f-0e32-4dd1-80b9-a797c2117425
2019-09-26 15:08:55,367 [8a411a4f-0e32-4dd1-80b9-a797c2117425@group-9B2ED3ACC3BA-SegmentedRaftLogWorker] INFO  util.JmxRegister (JmxRegister.java:unregister(73)) - Successfully un-registered JMX Bean with object name Ratis:service=RaftServer,group=group-9B2ED3ACC3BA,id=8a411a4f-0e32-4dd1-80b9-a797c2117425
2019-09-26 15:08:55,366 [8a411a4f-0e32-4dd1-80b9-a797c2117425@group-ACB2ABC0275F-SegmentedRaftLogWorker] INFO  util.JmxRegister (JmxRegister.java:unregister(73)) - Successfully un-registered JMX Bean with object name Ratis:service=RaftServer,group=group-ACB2ABC0275F,id=8a411a4f-0e32-4dd1-80b9-a797c2117425
2019-09-26 15:08:55,366 [8a411a4f-0e32-4dd1-80b9-a797c2117425@group-CD788BB93D49:LeaderElection196] INFO  impl.RoleInfo (RoleInfo.java:updateAndGet(143)) - 8a411a4f-0e32-4dd1-80b9-a797c2117425: start LeaderState
2019-09-26 15:08:55,176 [8a411a4f-0e32-4dd1-80b9-a797c2117425@group-FC1F641A5BB5-SegmentedRaftLogWorker] INFO  impl.StateMachineUpdater (StateMachineUpdater.java:stopAndJoin(125)) - 8a411a4f-0e32-4dd1-80b9-a797c2117425@group-FC1F641A5BB5-StateMachineUpdater: set stopIndex = -1
2019-09-26 15:08:55,823 [8a411a4f-0e32-4dd1-80b9-a797c2117425@group-FC1F641A5BB5-SegmentedRaftLogWorker] INFO  impl.RaftServerImpl (ServerState.java:close(385)) - 8a411a4f-0e32-4dd1-80b9-a797c2117425@group-FC1F641A5BB5: closes. applyIndex: -1
2019-09-26 15:08:55,176 [8a411a4f-0e32-4dd1-80b9-a797c2117425@group-A5B80CCFC499:LeaderElection246] INFO  impl.RaftServerImpl (ServerState.java:setRaftConf(354)) - 8a411a4f-0e32-4dd1-80b9-a797c2117425@group-A5B80CCFC499: set configuration 0: [8a411a4f-0e32-4dd1-80b9-a797c2117425:192.168.151.99:37125], old=null at 0
2019-09-26 15:08:55,176 [8a411a4f-0e32-4dd1-80b9-a797c2117425@group-E5D9BD4A2B02:LeaderElection194] INFO  impl.RoleInfo (RoleInfo.java:updateAndGet(143)) - 8a411a4f-0e32-4dd1-80b9-a797c2117425: start LeaderState
2019-09-26 15:08:55,823 [8a411a4f-0e32-4dd1-80b9-a797c2117425@group-FC1F641A5BB5-SegmentedRaftLogWorker] INFO  segmented.SegmentedRaftLogWorker (SegmentedRaftLogWorker.java:close(228)) - 8a411a4f-0e32-4dd1-80b9-a797c2117425@group-FC1F641A5BB5-SegmentedRaftLogWorker close()
2019-09-26 15:08:55,823 [8a411a4f-0e32-4dd1-80b9-a797c2117425@group-CD788BB93D49:LeaderElection196] INFO  segmented.SegmentedRaftLogWorker (SegmentedRaftLogWorker.java:startLogSegment(380)) - 8a411a4f-0e32-4dd1-80b9-a797c2117425@group-CD788BB93D49-SegmentedRaftLogWorker: Starting segment from index:0
2019-09-26 15:08:55,823 [8a411a4f-0e32-4dd1-80b9-a797c2117425@group-ACB2ABC0275F-SegmentedRaftLogWorker] INFO  impl.RoleInfo (RoleInfo.java:shutdownLeaderState(104)) - 8a411a4f-0e32-4dd1-80b9-a797c2117425: shutdown LeaderState
2019-09-26 15:08:55,823 [8a411a4f-0e32-4dd1-80b9-a797c2117425@group-9B2ED3ACC3BA-SegmentedRaftLogWorker] INFO  impl.RoleInfo (RoleInfo.java:shutdownLeaderState(104)) - 8a411a4f-0e32-4dd1-80b9-a797c2117425: shutdown LeaderState
2019-09-26 15:08:55,823 [8a411a4f-0e32-4dd1-80b9-a797c2117425@group-2F139598710B-SegmentedRaftLogWorker] INFO  impl.RoleInfo (RoleInfo.java:shutdownLeaderState(104)) - 8a411a4f-0e32-4dd1-80b9-a797c2117425: shutdown LeaderState
2019-09-26 15:08:55,823 [8a411a4f-0e32-4dd1-80b9-a797c2117425@group-9CAEA4046C8E-SegmentedRaftLogWorker] INFO  impl.RoleInfo (RoleInfo.java:shutdownLeaderState(104)) - 8a411a4f-0e32-4dd1-80b9-a797c2117425: shutdown LeaderState
2019-09-26 15:08:55,824 [8a411a4f-0e32-4dd1-80b9-a797c2117425@group-9CAEA4046C8E-SegmentedRaftLogWorker] INFO  impl.PendingRequests (PendingRequests.java:sendNotLeaderResponses(202)) - 8a411a4f-0e32-4dd1-80b9-a797c2117425-PendingRequests: sendNotLeaderResponses
2019-09-26 15:08:55,824 [8a411a4f-0e32-4dd1-80b9-a797c2117425@group-9CAEA4046C8E-SegmentedRaftLogWorker] INFO  impl.StateMachineUpdater (StateMachineUpdater.java:stopAndJoin(125)) - 8a411a4f-0e32-4dd1-80b9-a797c2117425@group-9CAEA4046C8E-StateMachineUpdater: set stopIndex = -1
2019-09-26 15:08:55,824 [8a411a4f-0e32-4dd1-80b9-a797c2117425@group-9CAEA4046C8E-SegmentedRaftLogWorker] INFO  impl.RaftServerImpl (ServerState.java:close(385)) - 8a411a4f-0e32-4dd1-80b9-a797c2117425@group-9CAEA4046C8E: closes. applyIndex: -1
2019-09-26 15:08:55,822 [8a411a4f-0e32-4dd1-80b9-a797c2117425@group-9FBC4F4584D8:LeaderElection193] INFO  segmented.SegmentedRaftLogWorker (SegmentedRaftLogWorker.java:startLogSegment(380)) - 8a411a4f-0e32-4dd1-80b9-a797c2117425@group-9FBC4F4584D8-SegmentedRaftLogWorker: Starting segment from index:0
2019-09-26 15:08:55,371 [8a411a4f-0e32-4dd1-80b9-a797c2117425@group-78F806914167-SegmentedRaftLogWorker] INFO  impl.RaftServerImpl (RaftServerImpl.java:lambda$shutdown$3(251)) - 8a411a4f-0e32-4dd1-80b9-a797c2117425@group-78F806914167: shutdown
2019-09-26 15:08:55,371 [8a411a4f-0e32-4dd1-80b9-a797c2117425@group-5915C1BC536E:LeaderElection206] INFO  impl.RaftServerImpl (ServerState.java:setRaftConf(354)) - 8a411a4f-0e32-4dd1-80b9-a797c2117425@group-5915C1BC536E: set configuration 0: [8a411a4f-0e32-4dd1-80b9-a797c2117425:192.168.151.99:37125], old=null at 0
2019-09-26 15:08:55,370 [8a411a4f-0e32-4dd1-80b9-a797c2117425@group-4746F350A503:LeaderElection252] INFO  impl.RoleInfo (RoleInfo.java:updateAndGet(143)) - 8a411a4f-0e32-4dd1-80b9-a797c2117425: start LeaderState
2019-09-26 15:08:55,370 [8a411a4f-0e32-4dd1-80b9-a797c2117425@group-D946C9146714-SegmentedRaftLogWorker] INFO  impl.RaftServerImpl (ServerState.java:close(385)) - 8a411a4f-0e32-4dd1-80b9-a797c2117425@group-D946C9146714: closes. applyIndex: -1
2019-09-26 15:08:55,370 [8a411a4f-0e32-4dd1-80b9-a797c2117425@group-C4458528C18D-SegmentedRaftLogWorker] INFO  impl.PendingRequests (PendingRequests.java:sendNotLeaderResponses(202)) - 8a411a4f-0e32-4dd1-80b9-a797c2117425-PendingRequests: sendNotLeaderResponses
2019-09-26 15:08:55,825 [8a411a4f-0e32-4dd1-80b9-a797c2117425@group-D946C9146714-SegmentedRaftLogWorker] INFO  segmented.SegmentedRaftLogWorker (SegmentedRaftLogWorker.java:close(228)) - 8a411a4f-0e32-4dd1-80b9-a797c2117425@group-D946C9146714-SegmentedRaftLogWorker close()
2019-09-26 15:08:55,825 [8a411a4f-0e32-4dd1-80b9-a797c2117425@group-4746F350A503:LeaderElection252] INFO  segmented.SegmentedRaftLogWorker (SegmentedRaftLogWorker.java:startLogSegment(380)) - 8a411a4f-0e32-4dd1-80b9-a797c2117425@group-4746F350A503-SegmentedRaftLogWorker: Starting segment from index:0
2019-09-26 15:08:55,825 [8a411a4f-0e32-4dd1-80b9-a797c2117425@group-9CAEA4046C8E-SegmentedRaftLogWorker] INFO  segmented.SegmentedRaftLogWorker (SegmentedRaftLogWorker.java:close(228)) - 8a411a4f-0e32-4dd1-80b9-a797c2117425@group-9CAEA4046C8E-SegmentedRaftLogWorker close()
2019-09-26 15:08:55,826 [8a411a4f-0e32-4dd1-80b9-a797c2117425@group-CAAD3C9AE29A:LeaderElection237] INFO  impl.RoleInfo (RoleInfo.java:updateAndGet(143)) - 8a411a4f-0e32-4dd1-80b9-a797c2117425: start LeaderState
2019-09-26 15:08:55,824 [8a411a4f-0e32-4dd1-80b9-a797c2117425@group-1BAA2484A192:LeaderElection245] INFO  impl.RoleInfo (RoleInfo.java:updateAndGet(143)) - 8a411a4f-0e32-4dd1-80b9-a797c2117425: start LeaderState
2019-09-26 15:08:55,824 [8a411a4f-0e32-4dd1-80b9-a797c2117425@group-2F139598710B-SegmentedRaftLogWorker] INFO  impl.PendingRequests (PendingRequests.java:sendNotLeaderResponses(202)) - 8a411a4f-0e32-4dd1-80b9-a797c2117425-PendingRequests: sendNotLeaderResponses
2019-09-26 15:08:55,824 [8a411a4f-0e32-4dd1-80b9-a797c2117425@group-9B2ED3ACC3BA-SegmentedRaftLogWorker] INFO  impl.PendingRequests (PendingRequests.java:sendNotLeaderResponses(202)) - 8a411a4f-0e32-4dd1-80b9-a797c2117425-PendingRequests: sendNotLeaderResponses
2019-09-26 15:08:55,824 [8a411a4f-0e32-4dd1-80b9-a797c2117425@group-ACB2ABC0275F-SegmentedRaftLogWorker] INFO  impl.PendingRequests (PendingRequests.java:sendNotLeaderResponses(202)) - 8a411a4f-0e32-4dd1-80b9-a797c2117425-PendingRequests: sendNotLeaderResponses
2019-09-26 15:08:55,823 [8a411a4f-0e32-4dd1-80b9-a797c2117425@group-E5D9BD4A2B02:LeaderElection194] INFO  segmented.SegmentedRaftLogWorker (SegmentedRaftLogWorker.java:startLogSegment(380)) - 8a411a4f-0e32-4dd1-80b9-a797c2117425@group-E5D9BD4A2B02-SegmentedRaftLogWorker: Starting segment from index:0
2019-09-26 15:08:55,826 [8a411a4f-0e32-4dd1-80b9-a797c2117425@group-ACB2ABC0275F-SegmentedRaftLogWorker] INFO  impl.StateMachineUpdater (StateMachineUpdater.java:stopAndJoin(125)) - 8a411a4f-0e32-4dd1-80b9-a797c2117425@group-ACB2ABC0275F-StateMachineUpdater: set stopIndex = -1
2019-09-26 15:08:55,826 [8a411a4f-0e32-4dd1-80b9-a797c2117425@group-9B2ED3ACC3BA-SegmentedRaftLogWorker] INFO  impl.StateMachineUpdater (StateMachineUpdater.java:stopAndJoin(125)) - 8a411a4f-0e32-4dd1-80b9-a797c2117425@group-9B2ED3ACC3BA-StateMachineUpdater: set stopIndex = -1
2019-09-26 15:08:55,826 [8a411a4f-0e32-4dd1-80b9-a797c2117425@group-9B2ED3ACC3BA-SegmentedRaftLogWorker] INFO  impl.RaftServerImpl (ServerState.java:close(385)) - 8a411a4f-0e32-4dd1-80b9-a797c2117425@group-9B2ED3ACC3BA: closes. applyIndex: -1
2019-09-26 15:08:55,826 [8a411a4f-0e32-4dd1-80b9-a797c2117425@group-1BAA2484A192:LeaderElection245] INFO  segmented.SegmentedRaftLogWorker (SegmentedRaftLogWorker.java:startLogSegment(380)) - 8a411a4f-0e32-4dd1-80b9-a797c2117425@group-1BAA2484A192-SegmentedRaftLogWorker: Starting segment from index:0
2019-09-26 15:08:55,826 [8a411a4f-0e32-4dd1-80b9-a797c2117425@group-2F139598710B-SegmentedRaftLogWorker] INFO  impl.StateMachineUpdater (StateMachineUpdater.java:stopAndJoin(125)) - 8a411a4f-0e32-4dd1-80b9-a797c2117425@group-2F139598710B-StateMachineUpdater: set stopIndex = -1
2019-09-26 15:08:55,826 [8a411a4f-0e32-4dd1-80b9-a797c2117425@group-CAAD3C9AE29A:LeaderElection237] INFO  segmented.SegmentedRaftLogWorker (SegmentedRaftLogWorker.java:startLogSegment(380)) - 8a411a4f-0e32-4dd1-80b9-a797c2117425@group-CAAD3C9AE29A-SegmentedRaftLogWorker: Starting segment from index:0
2019-09-26 15:08:55,825 [8a411a4f-0e32-4dd1-80b9-a797c2117425@group-C4458528C18D-SegmentedRaftLogWorker] INFO  impl.StateMachineUpdater (StateMachineUpdater.java:stopAndJoin(125)) - 8a411a4f-0e32-4dd1-80b9-a797c2117425@group-C4458528C18D-StateMachineUpdater: set stopIndex = -1
2019-09-26 15:08:55,827 [8a411a4f-0e32-4dd1-80b9-a797c2117425@group-2F139598710B-SegmentedRaftLogWorker] INFO  impl.RaftServerImpl (ServerState.java:close(385)) - 8a411a4f-0e32-4dd1-80b9-a797c2117425@group-2F139598710B: closes. applyIndex: -1
2019-09-26 15:08:55,826 [8a411a4f-0e32-4dd1-80b9-a797c2117425@group-78F806914167-SegmentedRaftLogWorker] INFO  util.JmxRegister (JmxRegister.java:unregister(73)) - Successfully un-registered JMX Bean with object name Ratis:service=RaftServer,group=group-78F806914167,id=8a411a4f-0e32-4dd1-80b9-a797c2117425
2019-09-26 15:08:55,826 [8a411a4f-0e32-4dd1-80b9-a797c2117425@group-9B2ED3ACC3BA-SegmentedRaftLogWorker] INFO  segmented.SegmentedRaftLogWorker (SegmentedRaftLogWorker.java:close(228)) - 8a411a4f-0e32-4dd1-80b9-a797c2117425@group-9B2ED3ACC3BA-SegmentedRaftLogWorker close()
2019-09-26 15:08:55,826 [8a411a4f-0e32-4dd1-80b9-a797c2117425@group-53CD7F03AB35:LeaderElection253] INFO  impl.RoleInfo (RoleInfo.java:updateAndGet(143)) - 8a411a4f-0e32-4dd1-80b9-a797c2117425: start LeaderState
2019-09-26 15:08:55,826 [8a411a4f-0e32-4dd1-80b9-a797c2117425@group-ACB2ABC0275F-SegmentedRaftLogWorker] INFO  impl.RaftServerImpl (ServerState.java:close(385)) - 8a411a4f-0e32-4dd1-80b9-a797c2117425@group-ACB2ABC0275F: closes. applyIndex: -1
2019-09-26 15:08:55,827 [8a411a4f-0e32-4dd1-80b9-a797c2117425@group-53CD7F03AB35:LeaderElection253] INFO  segmented.SegmentedRaftLogWorker (SegmentedRaftLogWorker.java:startLogSegment(380)) - 8a411a4f-0e32-4dd1-80b9-a797c2117425@group-53CD7F03AB35-SegmentedRaftLogWorker: Starting segment from index:0
2019-09-26 15:08:55,827 [8a411a4f-0e32-4dd1-80b9-a797c2117425@group-78F806914167-SegmentedRaftLogWorker] INFO  impl.RoleInfo (RoleInfo.java:shutdownLeaderState(104)) - 8a411a4f-0e32-4dd1-80b9-a797c2117425: shutdown LeaderState
2019-09-26 15:08:55,827 [8a411a4f-0e32-4dd1-80b9-a797c2117425@group-2F139598710B-SegmentedRaftLogWorker] INFO  segmented.SegmentedRaftLogWorker (SegmentedRaftLogWorker.java:close(228)) - 8a411a4f-0e32-4dd1-80b9-a797c2117425@group-2F139598710B-SegmentedRaftLogWorker close()
2019-09-26 15:08:55,827 [8a411a4f-0e32-4dd1-80b9-a797c2117425@group-C4458528C18D-SegmentedRaftLogWorker] INFO  impl.RaftServerImpl (ServerState.java:close(385)) - 8a411a4f-0e32-4dd1-80b9-a797c2117425@group-C4458528C18D: closes. applyIndex: -1
2019-09-26 15:08:55,828 [8a411a4f-0e32-4dd1-80b9-a797c2117425@group-78F806914167-SegmentedRaftLogWorker] INFO  impl.PendingRequests (PendingRequests.java:sendNotLeaderResponses(202)) - 8a411a4f-0e32-4dd1-80b9-a797c2117425-PendingRequests: sendNotLeaderResponses
2019-09-26 15:08:55,827 [8a411a4f-0e32-4dd1-80b9-a797c2117425@group-A010A9011A71:LeaderElection270] INFO  impl.RoleInfo (RoleInfo.java:updateAndGet(143)) - 8a411a4f-0e32-4dd1-80b9-a797c2117425: start LeaderState
2019-09-26 15:08:55,827 [8a411a4f-0e32-4dd1-80b9-a797c2117425@group-ACB2ABC0275F-SegmentedRaftLogWorker] INFO  segmented.SegmentedRaftLogWorker (SegmentedRaftLogWorker.java:close(228)) - 8a411a4f-0e32-4dd1-80b9-a797c2117425@group-ACB2ABC0275F-SegmentedRaftLogWorker close()
2019-09-26 15:08:55,828 [8a411a4f-0e32-4dd1-80b9-a797c2117425@group-A010A9011A71:LeaderElection270] INFO  segmented.SegmentedRaftLogWorker (SegmentedRaftLogWorker.java:startLogSegment(380)) - 8a411a4f-0e32-4dd1-80b9-a797c2117425@group-A010A9011A71-SegmentedRaftLogWorker: Starting segment from index:0
2019-09-26 15:08:55,828 [8a411a4f-0e32-4dd1-80b9-a797c2117425@group-78F806914167-SegmentedRaftLogWorker] INFO  impl.StateMachineUpdater (StateMachineUpdater.java:stopAndJoin(125)) - 8a411a4f-0e32-4dd1-80b9-a797c2117425@group-78F806914167-StateMachineUpdater: set stopIndex = -1
2019-09-26 15:08:55,828 [8a411a4f-0e32-4dd1-80b9-a797c2117425@group-C4458528C18D-SegmentedRaftLogWorker] INFO  segmented.SegmentedRaftLogWorker (SegmentedRaftLogWorker.java:close(228)) - 8a411a4f-0e32-4dd1-80b9-a797c2117425@group-C4458528C18D-SegmentedRaftLogWorker close()
2019-09-26 15:08:55,828 [8a411a4f-0e32-4dd1-80b9-a797c2117425@group-78F806914167-SegmentedRaftLogWorker] INFO  impl.RaftServerImpl (ServerState.java:close(385)) - 8a411a4f-0e32-4dd1-80b9-a797c2117425@group-78F806914167: closes. applyIndex: -1
2019-09-26 15:08:55,828 [8a411a4f-0e32-4dd1-80b9-a797c2117425@group-966319DBCAF8:LeaderElection230] INFO  impl.RoleInfo (RoleInfo.java:updateAndGet(143)) - 8a411a4f-0e32-4dd1-80b9-a797c2117425: start LeaderState
2019-09-26 15:08:55,828 [8a411a4f-0e32-4dd1-80b9-a797c2117425@group-78F806914167-SegmentedRaftLogWorker] INFO  segmented.SegmentedRaftLogWorker (SegmentedRaftLogWorker.java:close(228)) - 8a411a4f-0e32-4dd1-80b9-a797c2117425@group-78F806914167-SegmentedRaftLogWorker close()
2019-09-26 15:08:55,828 [8a411a4f-0e32-4dd1-80b9-a797c2117425@group-966319DBCAF8:LeaderElection230] INFO  segmented.SegmentedRaftLogWorker (SegmentedRaftLogWorker.java:startLogSegment(380)) - 8a411a4f-0e32-4dd1-80b9-a797c2117425@group-966319DBCAF8-SegmentedRaftLogWorker: Starting segment from index:0
2019-09-26 15:08:55,829 [8a411a4f-0e32-4dd1-80b9-a797c2117425@group-3FF9DA04F6D3:LeaderElection243] INFO  impl.RoleInfo (RoleInfo.java:updateAndGet(143)) - 8a411a4f-0e32-4dd1-80b9-a797c2117425: start LeaderState
2019-09-26 15:08:55,829 [8a411a4f-0e32-4dd1-80b9-a797c2117425@group-3FF9DA04F6D3:LeaderElection243] INFO  segmented.SegmentedRaftLogWorker (SegmentedRaftLogWorker.java:startLogSegment(380)) - 8a411a4f-0e32-4dd1-80b9-a797c2117425@group-3FF9DA04F6D3-SegmentedRaftLogWorker: Starting segment from index:0
2019-09-26 15:08:55,830 [8a411a4f-0e32-4dd1-80b9-a797c2117425@group-CA9544AD4330:LeaderElection216] INFO  impl.RoleInfo (RoleInfo.java:updateAndGet(143)) - 8a411a4f-0e32-4dd1-80b9-a797c2117425: start LeaderState
2019-09-26 15:08:55,830 [8a411a4f-0e32-4dd1-80b9-a797c2117425@group-CA9544AD4330:LeaderElection216] INFO  segmented.SegmentedRaftLogWorker (SegmentedRaftLogWorker.java:startLogSegment(380)) - 8a411a4f-0e32-4dd1-80b9-a797c2117425@group-CA9544AD4330-SegmentedRaftLogWorker: Starting segment from index:0
2019-09-26 15:08:55,832 [8a411a4f-0e32-4dd1-80b9-a797c2117425@group-953CCBC0A9E0:LeaderElection244] INFO  impl.RoleInfo (RoleInfo.java:updateAndGet(143)) - 8a411a4f-0e32-4dd1-80b9-a797c2117425: start LeaderState
2019-09-26 15:08:55,832 [8a411a4f-0e32-4dd1-80b9-a797c2117425@group-953CCBC0A9E0:LeaderElection244] INFO  segmented.SegmentedRaftLogWorker (SegmentedRaftLogWorker.java:startLogSegment(380)) - 8a411a4f-0e32-4dd1-80b9-a797c2117425@group-953CCBC0A9E0-SegmentedRaftLogWorker: Starting segment from index:0
2019-09-26 15:08:55,833 [8a411a4f-0e32-4dd1-80b9-a797c2117425@group-5997EE45F5E1:LeaderElection227] INFO  impl.RoleInfo (RoleInfo.java:updateAndGet(143)) - 8a411a4f-0e32-4dd1-80b9-a797c2117425: start LeaderState
2019-09-26 15:08:55,833 [8a411a4f-0e32-4dd1-80b9-a797c2117425@group-5997EE45F5E1:LeaderElection227] INFO  segmented.SegmentedRaftLogWorker (SegmentedRaftLogWorker.java:startLogSegment(380)) - 8a411a4f-0e32-4dd1-80b9-a797c2117425@group-5997EE45F5E1-SegmentedRaftLogWorker: Starting segment from index:0
2019-09-26 15:08:55,834 [8a411a4f-0e32-4dd1-80b9-a797c2117425@group-BF7801AC219F:LeaderElection250] INFO  impl.RoleInfo (RoleInfo.java:updateAndGet(143)) - 8a411a4f-0e32-4dd1-80b9-a797c2117425: start LeaderState
2019-09-26 15:08:55,835 [8a411a4f-0e32-4dd1-80b9-a797c2117425@group-BF7801AC219F:LeaderElection250] INFO  segmented.SegmentedRaftLogWorker (SegmentedRaftLogWorker.java:startLogSegment(380)) - 8a411a4f-0e32-4dd1-80b9-a797c2117425@group-BF7801AC219F-SegmentedRaftLogWorker: Starting segment from index:0
2019-09-26 15:08:55,835 [8a411a4f-0e32-4dd1-80b9-a797c2117425@group-BDE5A38AA11F:LeaderElection258] INFO  impl.RoleInfo (RoleInfo.java:updateAndGet(143)) - 8a411a4f-0e32-4dd1-80b9-a797c2117425: start LeaderState
2019-09-26 15:08:55,835 [8a411a4f-0e32-4dd1-80b9-a797c2117425@group-BDE5A38AA11F:LeaderElection258] INFO  segmented.SegmentedRaftLogWorker (SegmentedRaftLogWorker.java:startLogSegment(380)) - 8a411a4f-0e32-4dd1-80b9-a797c2117425@group-BDE5A38AA11F-SegmentedRaftLogWorker: Starting segment from index:0
2019-09-26 15:08:55,837 [8a411a4f-0e32-4dd1-80b9-a797c2117425@group-5709F8A61C02:LeaderElection248] INFO  impl.RoleInfo (RoleInfo.java:updateAndGet(143)) - 8a411a4f-0e32-4dd1-80b9-a797c2117425: start LeaderState
2019-09-26 15:08:55,837 [8a411a4f-0e32-4dd1-80b9-a797c2117425@group-5709F8A61C02:LeaderElection248] INFO  segmented.SegmentedRaftLogWorker (SegmentedRaftLogWorker.java:startLogSegment(380)) - 8a411a4f-0e32-4dd1-80b9-a797c2117425@group-5709F8A61C02-SegmentedRaftLogWorker: Starting segment from index:0
2019-09-26 15:08:55,838 [pool-27-thread-1] INFO  impl.RaftServerImpl (RaftServerImpl.java:start(185)) - 8a411a4f-0e32-4dd1-80b9-a797c2117425@group-D2B1D6C9CED8: start as a follower, conf=-1: [8a411a4f-0e32-4dd1-80b9-a797c2117425:192.168.151.99:37125], old=null
2019-09-26 15:08:55,838 [pool-27-thread-1] INFO  impl.RaftServerImpl (RaftServerImpl.java:setRole(174)) - 8a411a4f-0e32-4dd1-80b9-a797c2117425@group-D2B1D6C9CED8: changes role from      null to FOLLOWER at term 0 for startAsFollower
2019-09-26 15:08:55,838 [8a411a4f-0e32-4dd1-80b9-a797c2117425@group-DE38E862BFA6:LeaderElection224] INFO  impl.RoleInfo (RoleInfo.java:updateAndGet(143)) - 8a411a4f-0e32-4dd1-80b9-a797c2117425: start LeaderState
2019-09-26 15:08:55,838 [8a411a4f-0e32-4dd1-80b9-a797c2117425@group-DE38E862BFA6:LeaderElection224] INFO  segmented.SegmentedRaftLogWorker (SegmentedRaftLogWorker.java:startLogSegment(380)) - 8a411a4f-0e32-4dd1-80b9-a797c2117425@group-DE38E862BFA6-SegmentedRaftLogWorker: Starting segment from index:0
2019-09-26 15:08:55,839 [8a411a4f-0e32-4dd1-80b9-a797c2117425@group-817B3DD20E3E:LeaderElection219] INFO  impl.RoleInfo (RoleInfo.java:updateAndGet(143)) - 8a411a4f-0e32-4dd1-80b9-a797c2117425: start LeaderState
2019-09-26 15:08:55,839 [8a411a4f-0e32-4dd1-80b9-a797c2117425@group-817B3DD20E3E:LeaderElection219] INFO  segmented.SegmentedRaftLogWorker (SegmentedRaftLogWorker.java:startLogSegment(380)) - 8a411a4f-0e32-4dd1-80b9-a797c2117425@group-817B3DD20E3E-SegmentedRaftLogWorker: Starting segment from index:0
2019-09-26 15:08:55,840 [8a411a4f-0e32-4dd1-80b9-a797c2117425@group-FDA5C66D66D8:LeaderElection231] INFO  impl.RoleInfo (RoleInfo.java:updateAndGet(143)) - 8a411a4f-0e32-4dd1-80b9-a797c2117425: start LeaderState
2019-09-26 15:08:55,840 [8a411a4f-0e32-4dd1-80b9-a797c2117425@group-FDA5C66D66D8:LeaderElection231] INFO  segmented.SegmentedRaftLogWorker (SegmentedRaftLogWorker.java:startLogSegment(380)) - 8a411a4f-0e32-4dd1-80b9-a797c2117425@group-FDA5C66D66D8-SegmentedRaftLogWorker: Starting segment from index:0
2019-09-26 15:08:55,840 [8a411a4f-0e32-4dd1-80b9-a797c2117425@group-A085057DFB26:LeaderElection233] INFO  impl.RoleInfo (RoleInfo.java:updateAndGet(143)) - 8a411a4f-0e32-4dd1-80b9-a797c2117425: start LeaderState
2019-09-26 15:08:55,840 [8a411a4f-0e32-4dd1-80b9-a797c2117425@group-A085057DFB26:LeaderElection233] INFO  segmented.SegmentedRaftLogWorker (SegmentedRaftLogWorker.java:startLogSegment(380)) - 8a411a4f-0e32-4dd1-80b9-a797c2117425@group-A085057DFB26-SegmentedRaftLogWorker: Starting segment from index:0
2019-09-26 15:08:55,841 [8a411a4f-0e32-4dd1-80b9-a797c2117425@group-2AD62173610F:LeaderElection263] INFO  impl.RoleInfo (RoleInfo.java:updateAndGet(143)) - 8a411a4f-0e32-4dd1-80b9-a797c2117425: start LeaderState
2019-09-26 15:08:55,841 [8a411a4f-0e32-4dd1-80b9-a797c2117425@group-2AD62173610F:LeaderElection263] INFO  segmented.SegmentedRaftLogWorker (SegmentedRaftLogWorker.java:startLogSegment(380)) - 8a411a4f-0e32-4dd1-80b9-a797c2117425@group-2AD62173610F-SegmentedRaftLogWorker: Starting segment from index:0
2019-09-26 15:08:55,842 [8a411a4f-0e32-4dd1-80b9-a797c2117425@group-D65568051C37:LeaderElection235] INFO  impl.RoleInfo (RoleInfo.java:updateAndGet(143)) - 8a411a4f-0e32-4dd1-80b9-a797c2117425: start LeaderState
2019-09-26 15:08:55,842 [8a411a4f-0e32-4dd1-80b9-a797c2117425@group-D65568051C37:LeaderElection235] INFO  segmented.SegmentedRaftLogWorker (SegmentedRaftLogWorker.java:startLogSegment(380)) - 8a411a4f-0e32-4dd1-80b9-a797c2117425@group-D65568051C37-SegmentedRaftLogWorker: Starting segment from index:0
2019-09-26 15:08:55,842 [8a411a4f-0e32-4dd1-80b9-a797c2117425@group-FF69114B1B03:LeaderElection257] INFO  impl.RoleInfo (RoleInfo.java:updateAndGet(143)) - 8a411a4f-0e32-4dd1-80b9-a797c2117425: start LeaderState
2019-09-26 15:08:55,843 [8a411a4f-0e32-4dd1-80b9-a797c2117425@group-FF69114B1B03:LeaderElection257] INFO  segmented.SegmentedRaftLogWorker (SegmentedRaftLogWorker.java:startLogSegment(380)) - 8a411a4f-0e32-4dd1-80b9-a797c2117425@group-FF69114B1B03-SegmentedRaftLogWorker: Starting segment from index:0
2019-09-26 15:08:55,843 [8a411a4f-0e32-4dd1-80b9-a797c2117425@group-9758B97C7A43:LeaderElection266] INFO  impl.RoleInfo (RoleInfo.java:updateAndGet(143)) - 8a411a4f-0e32-4dd1-80b9-a797c2117425: start LeaderState
2019-09-26 15:08:55,843 [8a411a4f-0e32-4dd1-80b9-a797c2117425@group-9758B97C7A43:LeaderElection266] INFO  segmented.SegmentedRaftLogWorker (SegmentedRaftLogWorker.java:startLogSegment(380)) - 8a411a4f-0e32-4dd1-80b9-a797c2117425@group-9758B97C7A43-SegmentedRaftLogWorker: Starting segment from index:0
2019-09-26 15:08:55,844 [8a411a4f-0e32-4dd1-80b9-a797c2117425@group-B50C770756F4:LeaderElection276] INFO  impl.RoleInfo (RoleInfo.java:updateAndGet(143)) - 8a411a4f-0e32-4dd1-80b9-a797c2117425: start LeaderState
2019-09-26 15:08:55,844 [8a411a4f-0e32-4dd1-80b9-a797c2117425@group-B50C770756F4:LeaderElection276] INFO  segmented.SegmentedRaftLogWorker (SegmentedRaftLogWorker.java:startLogSegment(380)) - 8a411a4f-0e32-4dd1-80b9-a797c2117425@group-B50C770756F4-SegmentedRaftLogWorker: Starting segment from index:0
2019-09-26 15:08:55,845 [8a411a4f-0e32-4dd1-80b9-a797c2117425@group-00BC2B0139A4:LeaderElection217] INFO  impl.RoleInfo (RoleInfo.java:updateAndGet(143)) - 8a411a4f-0e32-4dd1-80b9-a797c2117425: start LeaderState
2019-09-26 15:08:55,845 [8a411a4f-0e32-4dd1-80b9-a797c2117425@group-00BC2B0139A4:LeaderElection217] INFO  segmented.SegmentedRaftLogWorker (SegmentedRaftLogWorker.java:startLogSegment(380)) - 8a411a4f-0e32-4dd1-80b9-a797c2117425@group-00BC2B0139A4-SegmentedRaftLogWorker: Starting segment from index:0
2019-09-26 15:08:55,845 [8a411a4f-0e32-4dd1-80b9-a797c2117425@group-8C4965DA48D4:LeaderElection264] INFO  impl.RoleInfo (RoleInfo.java:updateAndGet(143)) - 8a411a4f-0e32-4dd1-80b9-a797c2117425: start LeaderState
2019-09-26 15:08:55,846 [8a411a4f-0e32-4dd1-80b9-a797c2117425@group-8C4965DA48D4:LeaderElection264] INFO  segmented.SegmentedRaftLogWorker (SegmentedRaftLogWorker.java:startLogSegment(380)) - 8a411a4f-0e32-4dd1-80b9-a797c2117425@group-8C4965DA48D4-SegmentedRaftLogWorker: Starting segment from index:0
2019-09-26 15:08:55,846 [8a411a4f-0e32-4dd1-80b9-a797c2117425@group-BF52FF77A681:LeaderElection229] INFO  impl.RoleInfo (RoleInfo.java:updateAndGet(143)) - 8a411a4f-0e32-4dd1-80b9-a797c2117425: start LeaderState
2019-09-26 15:08:55,846 [8a411a4f-0e32-4dd1-80b9-a797c2117425@group-BF52FF77A681:LeaderElection229] INFO  segmented.SegmentedRaftLogWorker (SegmentedRaftLogWorker.java:startLogSegment(380)) - 8a411a4f-0e32-4dd1-80b9-a797c2117425@group-BF52FF77A681-SegmentedRaftLogWorker: Starting segment from index:0
2019-09-26 15:08:55,846 [8a411a4f-0e32-4dd1-80b9-a797c2117425@group-FEC7288BDF94:LeaderElection225] INFO  impl.RoleInfo (RoleInfo.java:updateAndGet(143)) - 8a411a4f-0e32-4dd1-80b9-a797c2117425: start LeaderState
2019-09-26 15:08:55,846 [8a411a4f-0e32-4dd1-80b9-a797c2117425@group-FEC7288BDF94:LeaderElection225] INFO  segmented.SegmentedRaftLogWorker (SegmentedRaftLogWorker.java:startLogSegment(380)) - 8a411a4f-0e32-4dd1-80b9-a797c2117425@group-FEC7288BDF94-SegmentedRaftLogWorker: Starting segment from index:0
2019-09-26 15:08:55,847 [8a411a4f-0e32-4dd1-80b9-a797c2117425@group-4A3018D7CF99:LeaderElection218] INFO  impl.RoleInfo (RoleInfo.java:updateAndGet(143)) - 8a411a4f-0e32-4dd1-80b9-a797c2117425: start LeaderState
2019-09-26 15:08:55,847 [8a411a4f-0e32-4dd1-80b9-a797c2117425@group-4A3018D7CF99:LeaderElection218] INFO  segmented.SegmentedRaftLogWorker (SegmentedRaftLogWorker.java:startLogSegment(380)) - 8a411a4f-0e32-4dd1-80b9-a797c2117425@group-4A3018D7CF99-SegmentedRaftLogWorker: Starting segment from index:0
2019-09-26 15:08:55,847 [8a411a4f-0e32-4dd1-80b9-a797c2117425@group-C78D9C690071:LeaderElection232] INFO  impl.RoleInfo (RoleInfo.java:updateAndGet(143)) - 8a411a4f-0e32-4dd1-80b9-a797c2117425: start LeaderState
2019-09-26 15:08:55,848 [8a411a4f-0e32-4dd1-80b9-a797c2117425@group-C78D9C690071:LeaderElection232] INFO  segmented.SegmentedRaftLogWorker (SegmentedRaftLogWorker.java:startLogSegment(380)) - 8a411a4f-0e32-4dd1-80b9-a797c2117425@group-C78D9C690071-SegmentedRaftLogWorker: Starting segment from index:0
2019-09-26 15:08:55,848 [8a411a4f-0e32-4dd1-80b9-a797c2117425@group-080076819465:LeaderElection222] INFO  impl.RoleInfo (RoleInfo.java:updateAndGet(143)) - 8a411a4f-0e32-4dd1-80b9-a797c2117425: start LeaderState
2019-09-26 15:08:55,848 [8a411a4f-0e32-4dd1-80b9-a797c2117425@group-080076819465:LeaderElection222] INFO  segmented.SegmentedRaftLogWorker (SegmentedRaftLogWorker.java:startLogSegment(380)) - 8a411a4f-0e32-4dd1-80b9-a797c2117425@group-080076819465-SegmentedRaftLogWorker: Starting segment from index:0
2019-09-26 15:08:55,848 [8a411a4f-0e32-4dd1-80b9-a797c2117425@group-DA5E89A2DC85:LeaderElection265] INFO  impl.RoleInfo (RoleInfo.java:updateAndGet(143)) - 8a411a4f-0e32-4dd1-80b9-a797c2117425: start LeaderState
2019-09-26 15:08:55,849 [8a411a4f-0e32-4dd1-80b9-a797c2117425@group-DA5E89A2DC85:LeaderElection265] INFO  segmented.SegmentedRaftLogWorker (SegmentedRaftLogWorker.java:startLogSegment(380)) - 8a411a4f-0e32-4dd1-80b9-a797c2117425@group-DA5E89A2DC85-SegmentedRaftLogWorker: Starting segment from index:0
2019-09-26 15:08:55,849 [8a411a4f-0e32-4dd1-80b9-a797c2117425@group-797476ADB718:LeaderElection223] INFO  impl.RoleInfo (RoleInfo.java:updateAndGet(143)) - 8a411a4f-0e32-4dd1-80b9-a797c2117425: start LeaderState
2019-09-26 15:08:55,849 [8a411a4f-0e32-4dd1-80b9-a797c2117425@group-797476ADB718:LeaderElection223] INFO  segmented.SegmentedRaftLogWorker (SegmentedRaftLogWorker.java:startLogSegment(380)) - 8a411a4f-0e32-4dd1-80b9-a797c2117425@group-797476ADB718-SegmentedRaftLogWorker: Starting segment from index:0
2019-09-26 15:08:55,850 [8a411a4f-0e32-4dd1-80b9-a797c2117425@group-AE0AA035EF40:LeaderElection228] INFO  impl.RoleInfo (RoleInfo.java:updateAndGet(143)) - 8a411a4f-0e32-4dd1-80b9-a797c2117425: start LeaderState
2019-09-26 15:08:55,850 [8a411a4f-0e32-4dd1-80b9-a797c2117425@group-AE0AA035EF40:LeaderElection228] INFO  segmented.SegmentedRaftLogWorker (SegmentedRaftLogWorker.java:startLogSegment(380)) - 8a411a4f-0e32-4dd1-80b9-a797c2117425@group-AE0AA035EF40-SegmentedRaftLogWorker: Starting segment from index:0
2019-09-26 15:08:55,850 [8a411a4f-0e32-4dd1-80b9-a797c2117425@group-FFBC1D88D468:LeaderElection220] INFO  impl.RoleInfo (RoleInfo.java:updateAndGet(143)) - 8a411a4f-0e32-4dd1-80b9-a797c2117425: start LeaderState
2019-09-26 15:08:55,850 [8a411a4f-0e32-4dd1-80b9-a797c2117425@group-FFBC1D88D468:LeaderElection220] INFO  segmented.SegmentedRaftLogWorker (SegmentedRaftLogWorker.java:startLogSegment(380)) - 8a411a4f-0e32-4dd1-80b9-a797c2117425@group-FFBC1D88D468-SegmentedRaftLogWorker: Starting segment from index:0
2019-09-26 15:08:55,851 [8a411a4f-0e32-4dd1-80b9-a797c2117425@group-B82DE6D48904:LeaderElection271] INFO  impl.RoleInfo (RoleInfo.java:updateAndGet(143)) - 8a411a4f-0e32-4dd1-80b9-a797c2117425: start LeaderState
2019-09-26 15:08:55,851 [8a411a4f-0e32-4dd1-80b9-a797c2117425@group-B82DE6D48904:LeaderElection271] INFO  segmented.SegmentedRaftLogWorker (SegmentedRaftLogWorker.java:startLogSegment(380)) - 8a411a4f-0e32-4dd1-80b9-a797c2117425@group-B82DE6D48904-SegmentedRaftLogWorker: Starting segment from index:0
2019-09-26 15:08:55,851 [8a411a4f-0e32-4dd1-80b9-a797c2117425@group-22226669EE23:LeaderElection273] INFO  impl.RoleInfo (RoleInfo.java:updateAndGet(143)) - 8a411a4f-0e32-4dd1-80b9-a797c2117425: start LeaderState
2019-09-26 15:08:55,851 [8a411a4f-0e32-4dd1-80b9-a797c2117425@group-22226669EE23:LeaderElection273] INFO  segmented.SegmentedRaftLogWorker (SegmentedRaftLogWorker.java:startLogSegment(380)) - 8a411a4f-0e32-4dd1-80b9-a797c2117425@group-22226669EE23-SegmentedRaftLogWorker: Starting segment from index:0
2019-09-26 15:08:55,851 [8a411a4f-0e32-4dd1-80b9-a797c2117425@group-533E6FD97CDD:LeaderElection269] INFO  impl.RoleInfo (RoleInfo.java:updateAndGet(143)) - 8a411a4f-0e32-4dd1-80b9-a797c2117425: start LeaderState
2019-09-26 15:08:55,852 [8a411a4f-0e32-4dd1-80b9-a797c2117425@group-533E6FD97CDD:LeaderElection269] INFO  segmented.SegmentedRaftLogWorker (SegmentedRaftLogWorker.java:startLogSegment(380)) - 8a411a4f-0e32-4dd1-80b9-a797c2117425@group-533E6FD97CDD-SegmentedRaftLogWorker: Starting segment from index:0
2019-09-26 15:08:55,852 [8a411a4f-0e32-4dd1-80b9-a797c2117425@group-533E6FD97CDD:LeaderElection269] INFO  impl.RaftServerImpl (ServerState.java:setRaftConf(354)) - 8a411a4f-0e32-4dd1-80b9-a797c2117425@group-533E6FD97CDD: set configuration 0: [8a411a4f-0e32-4dd1-80b9-a797c2117425:192.168.151.99:37125], old=null at 0
2019-09-26 15:08:55,853 [8a411a4f-0e32-4dd1-80b9-a797c2117425@group-56CC94C0701C:LeaderElection255] INFO  impl.RoleInfo (RoleInfo.java:updateAndGet(143)) - 8a411a4f-0e32-4dd1-80b9-a797c2117425: start LeaderState
2019-09-26 15:08:55,853 [8a411a4f-0e32-4dd1-80b9-a797c2117425@group-56CC94C0701C:LeaderElection255] INFO  segmented.SegmentedRaftLogWorker (SegmentedRaftLogWorker.java:startLogSegment(380)) - 8a411a4f-0e32-4dd1-80b9-a797c2117425@group-56CC94C0701C-SegmentedRaftLogWorker: Starting segment from index:0
2019-09-26 15:08:55,854 [8a411a4f-0e32-4dd1-80b9-a797c2117425@group-56CC94C0701C:LeaderElection255] INFO  impl.RaftServerImpl (ServerState.java:setRaftConf(354)) - 8a411a4f-0e32-4dd1-80b9-a797c2117425@group-56CC94C0701C: set configuration 0: [8a411a4f-0e32-4dd1-80b9-a797c2117425:192.168.151.99:37125], old=null at 0
2019-09-26 15:08:56,416 [8a411a4f-0e32-4dd1-80b9-a797c2117425@group-AA1C07C3D689:LeaderElection260] INFO  impl.RoleInfo (RoleInfo.java:updateAndGet(143)) - 8a411a4f-0e32-4dd1-80b9-a797c2117425: start LeaderState
2019-09-26 15:08:56,229 [8a411a4f-0e32-4dd1-80b9-a797c2117425@group-FC1790118091-SegmentedRaftLogWorker] ERROR segmented.SegmentedRaftLogWorker (SegmentedRaftLogWorker.java:run(323)) - 8a411a4f-0e32-4dd1-80b9-a797c2117425@group-FC1790118091-SegmentedRaftLogWorker hit exception
java.lang.OutOfMemoryError: Direct buffer memory
	at java.nio.Bits.reserveMemory(Bits.java:666)
	at java.nio.DirectByteBuffer.<init>(DirectByteBuffer.java:123)
	at java.nio.ByteBuffer.allocateDirect(ByteBuffer.java:311)
	at org.apache.ratis.server.raftlog.segmented.BufferedWriteChannel.<init>(BufferedWriteChannel.java:41)
	at org.apache.ratis.server.raftlog.segmented.SegmentedRaftLogOutputStream.<init>(SegmentedRaftLogOutputStream.java:72)
	at org.apache.ratis.server.raftlog.segmented.SegmentedRaftLogWorker$StartLogSegment.execute(SegmentedRaftLogWorker.java:566)
	at org.apache.ratis.server.raftlog.segmented.SegmentedRaftLogWorker.run(SegmentedRaftLogWorker.java:289)
	at java.lang.Thread.run(Thread.java:748)
2019-09-26 15:08:56,229 [8a411a4f-0e32-4dd1-80b9-a797c2117425@group-2234F8D63BBB-SegmentedRaftLogWorker] ERROR segmented.SegmentedRaftLogWorker (SegmentedRaftLogWorker.java:run(323)) - 8a411a4f-0e32-4dd1-80b9-a797c2117425@group-2234F8D63BBB-SegmentedRaftLogWorker hit exception
java.lang.OutOfMemoryError: Direct buffer memory
	at java.nio.Bits.reserveMemory(Bits.java:666)
	at java.nio.DirectByteBuffer.<init>(DirectByteBuffer.java:123)
	at java.nio.ByteBuffer.allocateDirect(ByteBuffer.java:311)
	at org.apache.ratis.server.raftlog.segmented.BufferedWriteChannel.<init>(BufferedWriteChannel.java:41)
	at org.apache.ratis.server.raftlog.segmented.SegmentedRaftLogOutputStream.<init>(SegmentedRaftLogOutputStream.java:72)
	at org.apache.ratis.server.raftlog.segmented.SegmentedRaftLogWorker$StartLogSegment.execute(SegmentedRaftLogWorker.java:566)
	at org.apache.ratis.server.raftlog.segmented.SegmentedRaftLogWorker.run(SegmentedRaftLogWorker.java:289)
	at java.lang.Thread.run(Thread.java:748)
2019-09-26 15:08:56,227 [8a411a4f-0e32-4dd1-80b9-a797c2117425@group-F516CA13D34C-SegmentedRaftLogWorker] ERROR segmented.SegmentedRaftLogWorker (SegmentedRaftLogWorker.java:run(323)) - 8a411a4f-0e32-4dd1-80b9-a797c2117425@group-F516CA13D34C-SegmentedRaftLogWorker hit exception
java.lang.OutOfMemoryError: Direct buffer memory
	at java.nio.Bits.reserveMemory(Bits.java:666)
	at java.nio.DirectByteBuffer.<init>(DirectByteBuffer.java:123)
	at java.nio.ByteBuffer.allocateDirect(ByteBuffer.java:311)
	at org.apache.ratis.server.raftlog.segmented.BufferedWriteChannel.<init>(BufferedWriteChannel.java:41)
	at org.apache.ratis.server.raftlog.segmented.SegmentedRaftLogOutputStream.<init>(SegmentedRaftLogOutputStream.java:72)
	at org.apache.ratis.server.raftlog.segmented.SegmentedRaftLogWorker$StartLogSegment.execute(SegmentedRaftLogWorker.java:566)
	at org.apache.ratis.server.raftlog.segmented.SegmentedRaftLogWorker.run(SegmentedRaftLogWorker.java:289)
	at java.lang.Thread.run(Thread.java:748)
2019-09-26 15:08:56,418 [8a411a4f-0e32-4dd1-80b9-a797c2117425@group-8C4965DA48D4:LeaderElection264] INFO  impl.RaftServerImpl (ServerState.java:setRaftConf(354)) - 8a411a4f-0e32-4dd1-80b9-a797c2117425@group-8C4965DA48D4: set configuration 0: [8a411a4f-0e32-4dd1-80b9-a797c2117425:192.168.151.99:37125], old=null at 0
2019-09-26 15:08:56,227 [8a411a4f-0e32-4dd1-80b9-a797c2117425@group-19C985EAA9F4-SegmentedRaftLogWorker] ERROR segmented.SegmentedRaftLogWorker (SegmentedRaftLogWorker.java:run(323)) - 8a411a4f-0e32-4dd1-80b9-a797c2117425@group-19C985EAA9F4-SegmentedRaftLogWorker hit exception
java.lang.OutOfMemoryError: Direct buffer memory
	at java.nio.Bits.reserveMemory(Bits.java:666)
	at java.nio.DirectByteBuffer.<init>(DirectByteBuffer.java:123)
	at java.nio.ByteBuffer.allocateDirect(ByteBuffer.java:311)
	at org.apache.ratis.server.raftlog.segmented.BufferedWriteChannel.<init>(BufferedWriteChannel.java:41)
	at org.apache.ratis.server.raftlog.segmented.SegmentedRaftLogOutputStream.<init>(SegmentedRaftLogOutputStream.java:72)
	at org.apache.ratis.server.raftlog.segmented.SegmentedRaftLogWorker$StartLogSegment.execute(SegmentedRaftLogWorker.java:566)
	at org.apache.ratis.server.raftlog.segmented.SegmentedRaftLogWorker.run(SegmentedRaftLogWorker.java:289)
	at java.lang.Thread.run(Thread.java:748)
2019-09-26 15:08:56,418 [8a411a4f-0e32-4dd1-80b9-a797c2117425@group-B50C770756F4:LeaderElection276] INFO  impl.RaftServerImpl (ServerState.java:setRaftConf(354)) - 8a411a4f-0e32-4dd1-80b9-a797c2117425@group-B50C770756F4: set configuration 0: [8a411a4f-0e32-4dd1-80b9-a797c2117425:192.168.151.99:37125], old=null at 0
2019-09-26 15:08:56,418 [8a411a4f-0e32-4dd1-80b9-a797c2117425@group-F516CA13D34C-SegmentedRaftLogWorker] INFO  impl.RaftServerImpl (RaftServerImpl.java:lambda$shutdown$3(251)) - 8a411a4f-0e32-4dd1-80b9-a797c2117425@group-F516CA13D34C: shutdown
2019-09-26 15:08:56,417 [8a411a4f-0e32-4dd1-80b9-a797c2117425@group-2234F8D63BBB-SegmentedRaftLogWorker] INFO  impl.RaftServerImpl (RaftServerImpl.java:lambda$shutdown$3(251)) - 8a411a4f-0e32-4dd1-80b9-a797c2117425@group-2234F8D63BBB: shutdown
2019-09-26 15:08:56,417 [8a411a4f-0e32-4dd1-80b9-a797c2117425@group-C78D9C690071:LeaderElection232] INFO  impl.RaftServerImpl (ServerState.java:setRaftConf(354)) - 8a411a4f-0e32-4dd1-80b9-a797c2117425@group-C78D9C690071: set configuration 0: [8a411a4f-0e32-4dd1-80b9-a797c2117425:192.168.151.99:37125], old=null at 0
2019-09-26 15:08:56,417 [8a411a4f-0e32-4dd1-80b9-a797c2117425@group-DA5E89A2DC85:LeaderElection265] INFO  impl.RaftServerImpl (ServerState.java:setRaftConf(354)) - 8a411a4f-0e32-4dd1-80b9-a797c2117425@group-DA5E89A2DC85: set configuration 0: [8a411a4f-0e32-4dd1-80b9-a797c2117425:192.168.151.99:37125], old=null at 0
2019-09-26 15:08:56,417 [8a411a4f-0e32-4dd1-80b9-a797c2117425@group-FC1790118091-SegmentedRaftLogWorker] INFO  impl.RaftServerImpl (RaftServerImpl.java:lambda$shutdown$3(251)) - 8a411a4f-0e32-4dd1-80b9-a797c2117425@group-FC1790118091: shutdown
2019-09-26 15:08:56,417 [8a411a4f-0e32-4dd1-80b9-a797c2117425@group-6A12D702F30C:LeaderElection267] INFO  impl.RoleInfo (RoleInfo.java:updateAndGet(143)) - 8a411a4f-0e32-4dd1-80b9-a797c2117425: start LeaderState
2019-09-26 15:08:56,417 [8a411a4f-0e32-4dd1-80b9-a797c2117425@group-AA1C07C3D689:LeaderElection260] INFO  segmented.SegmentedRaftLogWorker (SegmentedRaftLogWorker.java:startLogSegment(380)) - 8a411a4f-0e32-4dd1-80b9-a797c2117425@group-AA1C07C3D689-SegmentedRaftLogWorker: Starting segment from index:0
2019-09-26 15:08:56,419 [8a411a4f-0e32-4dd1-80b9-a797c2117425@group-9134F99A9F4A:LeaderElection261] INFO  impl.RoleInfo (RoleInfo.java:updateAndGet(143)) - 8a411a4f-0e32-4dd1-80b9-a797c2117425: start LeaderState
2019-09-26 15:08:56,417 [8a411a4f-0e32-4dd1-80b9-a797c2117425@group-22226669EE23:LeaderElection273] INFO  impl.RaftServerImpl (ServerState.java:setRaftConf(354)) - 8a411a4f-0e32-4dd1-80b9-a797c2117425@group-22226669EE23: set configuration 0: [8a411a4f-0e32-4dd1-80b9-a797c2117425:192.168.151.99:37125], old=null at 0
2019-09-26 15:08:56,419 [8a411a4f-0e32-4dd1-80b9-a797c2117425@group-5997EE45F5E1:LeaderElection227] INFO  impl.RaftServerImpl (ServerState.java:setRaftConf(354)) - 8a411a4f-0e32-4dd1-80b9-a797c2117425@group-5997EE45F5E1: set configuration 0: [8a411a4f-0e32-4dd1-80b9-a797c2117425:192.168.151.99:37125], old=null at 0
2019-09-26 15:08:56,419 [8a411a4f-0e32-4dd1-80b9-a797c2117425@group-D6588462D619:LeaderElection259] INFO  impl.RoleInfo (RoleInfo.java:updateAndGet(143)) - 8a411a4f-0e32-4dd1-80b9-a797c2117425: start LeaderState
2019-09-26 15:08:56,419 [8a411a4f-0e32-4dd1-80b9-a797c2117425@group-F516CA13D34C-SegmentedRaftLogWorker] INFO  util.JmxRegister (JmxRegister.java:unregister(73)) - Successfully un-registered JMX Bean with object name Ratis:service=RaftServer,group=group-F516CA13D34C,id=8a411a4f-0e32-4dd1-80b9-a797c2117425
2019-09-26 15:08:56,419 [8a411a4f-0e32-4dd1-80b9-a797c2117425@group-DE38E862BFA6:LeaderElection224] INFO  impl.RaftServerImpl (ServerState.java:setRaftConf(354)) - 8a411a4f-0e32-4dd1-80b9-a797c2117425@group-DE38E862BFA6: set configuration 0: [8a411a4f-0e32-4dd1-80b9-a797c2117425:192.168.151.99:37125], old=null at 0
2019-09-26 15:08:56,419 [8a411a4f-0e32-4dd1-80b9-a797c2117425@group-6A12D702F30C:LeaderElection267] INFO  segmented.SegmentedRaftLogWorker (SegmentedRaftLogWorker.java:startLogSegment(380)) - 8a411a4f-0e32-4dd1-80b9-a797c2117425@group-6A12D702F30C-SegmentedRaftLogWorker: Starting segment from index:0
2019-09-26 15:08:56,418 [pool-27-thread-1] INFO  impl.RoleInfo (RoleInfo.java:updateAndGet(143)) - 8a411a4f-0e32-4dd1-80b9-a797c2117425: start FollowerState
2019-09-26 15:08:56,418 [8a411a4f-0e32-4dd1-80b9-a797c2117425@group-D65568051C37:LeaderElection235] INFO  impl.RaftServerImpl (ServerState.java:setRaftConf(354)) - 8a411a4f-0e32-4dd1-80b9-a797c2117425@group-D65568051C37: set configuration 0: [8a411a4f-0e32-4dd1-80b9-a797c2117425:192.168.151.99:37125], old=null at 0
2019-09-26 15:08:56,418 [8a411a4f-0e32-4dd1-80b9-a797c2117425@group-D5C2E6A1B48A:LeaderElection262] INFO  impl.RoleInfo (RoleInfo.java:updateAndGet(143)) - 8a411a4f-0e32-4dd1-80b9-a797c2117425: start LeaderState
2019-09-26 15:08:56,418 [8a411a4f-0e32-4dd1-80b9-a797c2117425@group-FF69114B1B03:LeaderElection257] INFO  impl.RaftServerImpl (ServerState.java:setRaftConf(354)) - 8a411a4f-0e32-4dd1-80b9-a797c2117425@group-FF69114B1B03: set configuration 0: [8a411a4f-0e32-4dd1-80b9-a797c2117425:192.168.151.99:37125], old=null at 0
2019-09-26 15:08:56,418 [8a411a4f-0e32-4dd1-80b9-a797c2117425@group-08B3FA40B821:LeaderElection268] INFO  impl.RoleInfo (RoleInfo.java:updateAndGet(143)) - 8a411a4f-0e32-4dd1-80b9-a797c2117425: start LeaderState
2019-09-26 15:08:56,418 [8a411a4f-0e32-4dd1-80b9-a797c2117425@group-19C985EAA9F4-SegmentedRaftLogWorker] INFO  impl.RaftServerImpl (RaftServerImpl.java:lambda$shutdown$3(251)) - 8a411a4f-0e32-4dd1-80b9-a797c2117425@group-19C985EAA9F4: shutdown
2019-09-26 15:08:56,420 [8a411a4f-0e32-4dd1-80b9-a797c2117425@group-08B3FA40B821:LeaderElection268] INFO  segmented.SegmentedRaftLogWorker (SegmentedRaftLogWorker.java:startLogSegment(380)) - 8a411a4f-0e32-4dd1-80b9-a797c2117425@group-08B3FA40B821-SegmentedRaftLogWorker: Starting segment from index:0
2019-09-26 15:08:56,420 [8a411a4f-0e32-4dd1-80b9-a797c2117425@group-D5C2E6A1B48A:LeaderElection262] INFO  segmented.SegmentedRaftLogWorker (SegmentedRaftLogWorker.java:startLogSegment(380)) - 8a411a4f-0e32-4dd1-80b9-a797c2117425@group-D5C2E6A1B48A-SegmentedRaftLogWorker: Starting segment from index:0
2019-09-26 15:08:56,419 [8a411a4f-0e32-4dd1-80b9-a797c2117425@group-C79884FD6F3D:LeaderElection272] INFO  impl.RoleInfo (RoleInfo.java:updateAndGet(143)) - 8a411a4f-0e32-4dd1-80b9-a797c2117425: start LeaderState
2019-09-26 15:08:56,419 [8a411a4f-0e32-4dd1-80b9-a797c2117425@group-53CD7F03AB35:LeaderElection253] INFO  impl.RaftServerImpl (ServerState.java:setRaftConf(354)) - 8a411a4f-0e32-4dd1-80b9-a797c2117425@group-53CD7F03AB35: set configuration 0: [8a411a4f-0e32-4dd1-80b9-a797c2117425:192.168.151.99:37125], old=null at 0
2019-09-26 15:08:56,420 [8a411a4f-0e32-4dd1-80b9-a797c2117425@group-1BAA2484A192:LeaderElection245] INFO  impl.RaftServerImpl (ServerState.java:setRaftConf(354)) - 8a411a4f-0e32-4dd1-80b9-a797c2117425@group-1BAA2484A192: set configuration 0: [8a411a4f-0e32-4dd1-80b9-a797c2117425:192.168.151.99:37125], old=null at 0
2019-09-26 15:08:56,420 [8a411a4f-0e32-4dd1-80b9-a797c2117425@group-E7D8D4CC70D9:LeaderElection274] INFO  impl.RoleInfo (RoleInfo.java:updateAndGet(143)) - 8a411a4f-0e32-4dd1-80b9-a797c2117425: start LeaderState
2019-09-26 15:08:56,419 [8a411a4f-0e32-4dd1-80b9-a797c2117425@group-04E195EC18D6:LeaderElection281] INFO  impl.RoleInfo (RoleInfo.java:updateAndGet(143)) - 8a411a4f-0e32-4dd1-80b9-a797c2117425: start LeaderState
2019-09-26 15:08:56,420 [8a411a4f-0e32-4dd1-80b9-a797c2117425@group-E7D8D4CC70D9:LeaderElection274] INFO  segmented.SegmentedRaftLogWorker (SegmentedRaftLogWorker.java:startLogSegment(380)) - 8a411a4f-0e32-4dd1-80b9-a797c2117425@group-E7D8D4CC70D9-SegmentedRaftLogWorker: Starting segment from index:0
2019-09-26 15:08:56,421 [8a411a4f-0e32-4dd1-80b9-a797c2117425@group-5EAF20E60177:LeaderElection278] INFO  impl.RoleInfo (RoleInfo.java:updateAndGet(143)) - 8a411a4f-0e32-4dd1-80b9-a797c2117425: start LeaderState
2019-09-26 15:08:56,419 [8a411a4f-0e32-4dd1-80b9-a797c2117425@group-FC1790118091-SegmentedRaftLogWorker] INFO  util.JmxRegister (JmxRegister.java:unregister(73)) - Successfully un-registered JMX Bean with object name Ratis:service=RaftServer,group=group-FC1790118091,id=8a411a4f-0e32-4dd1-80b9-a797c2117425
2019-09-26 15:08:56,419 [8a411a4f-0e32-4dd1-80b9-a797c2117425@group-F516CA13D34C-SegmentedRaftLogWorker] INFO  impl.RoleInfo (RoleInfo.java:shutdownLeaderState(104)) - 8a411a4f-0e32-4dd1-80b9-a797c2117425: shutdown LeaderState
2019-09-26 15:08:56,421 [8a411a4f-0e32-4dd1-80b9-a797c2117425@group-F516CA13D34C-SegmentedRaftLogWorker] INFO  impl.PendingRequests (PendingRequests.java:sendNotLeaderResponses(202)) - 8a411a4f-0e32-4dd1-80b9-a797c2117425-PendingRequests: sendNotLeaderResponses
2019-09-26 15:08:56,421 [8a411a4f-0e32-4dd1-80b9-a797c2117425@group-E7D8D4CC70D9:LeaderElection274] INFO  impl.RaftServerImpl (ServerState.java:setRaftConf(354)) - 8a411a4f-0e32-4dd1-80b9-a797c2117425@group-E7D8D4CC70D9: set configuration 0: [8a411a4f-0e32-4dd1-80b9-a797c2117425:192.168.151.99:37125], old=null at 0
2019-09-26 15:08:56,419 [8a411a4f-0e32-4dd1-80b9-a797c2117425@group-D6588462D619:LeaderElection259] INFO  segmented.SegmentedRaftLogWorker (SegmentedRaftLogWorker.java:startLogSegment(380)) - 8a411a4f-0e32-4dd1-80b9-a797c2117425@group-D6588462D619-SegmentedRaftLogWorker: Starting segment from index:0
2019-09-26 15:08:56,419 [8a411a4f-0e32-4dd1-80b9-a797c2117425@group-2234F8D63BBB-SegmentedRaftLogWorker] INFO  util.JmxRegister (JmxRegister.java:unregister(73)) - Successfully un-registered JMX Bean with object name Ratis:service=RaftServer,group=group-2234F8D63BBB,id=8a411a4f-0e32-4dd1-80b9-a797c2117425
2019-09-26 15:08:56,419 [8a411a4f-0e32-4dd1-80b9-a797c2117425@group-966319DBCAF8:LeaderElection230] INFO  impl.RaftServerImpl (ServerState.java:setRaftConf(354)) - 8a411a4f-0e32-4dd1-80b9-a797c2117425@group-966319DBCAF8: set configuration 0: [8a411a4f-0e32-4dd1-80b9-a797c2117425:192.168.151.99:37125], old=null at 0
2019-09-26 15:08:56,421 [8a411a4f-0e32-4dd1-80b9-a797c2117425@group-E5D9BD4A2B02:LeaderElection194] INFO  impl.RaftServerImpl (ServerState.java:setRaftConf(354)) - 8a411a4f-0e32-4dd1-80b9-a797c2117425@group-E5D9BD4A2B02: set configuration 0: [8a411a4f-0e32-4dd1-80b9-a797c2117425:192.168.151.99:37125], old=null at 0
2019-09-26 15:08:56,419 [8a411a4f-0e32-4dd1-80b9-a797c2117425@group-9134F99A9F4A:LeaderElection261] INFO  segmented.SegmentedRaftLogWorker (SegmentedRaftLogWorker.java:startLogSegment(380)) - 8a411a4f-0e32-4dd1-80b9-a797c2117425@group-9134F99A9F4A-SegmentedRaftLogWorker: Starting segment from index:0
2019-09-26 15:08:56,422 [8a411a4f-0e32-4dd1-80b9-a797c2117425@group-08B3FA40B821:LeaderElection268] INFO  impl.RaftServerImpl (ServerState.java:setRaftConf(354)) - 8a411a4f-0e32-4dd1-80b9-a797c2117425@group-08B3FA40B821: set configuration 0: [8a411a4f-0e32-4dd1-80b9-a797c2117425:192.168.151.99:37125], old=null at 0
2019-09-26 15:08:56,421 [8a411a4f-0e32-4dd1-80b9-a797c2117425@group-4746F350A503:LeaderElection252] INFO  impl.RaftServerImpl (ServerState.java:setRaftConf(354)) - 8a411a4f-0e32-4dd1-80b9-a797c2117425@group-4746F350A503: set configuration 0: [8a411a4f-0e32-4dd1-80b9-a797c2117425:192.168.151.99:37125], old=null at 0
2019-09-26 15:08:56,421 [8a411a4f-0e32-4dd1-80b9-a797c2117425@group-2234F8D63BBB-SegmentedRaftLogWorker] INFO  impl.RoleInfo (RoleInfo.java:shutdownLeaderState(104)) - 8a411a4f-0e32-4dd1-80b9-a797c2117425: shutdown LeaderState
2019-09-26 15:08:56,422 [8a411a4f-0e32-4dd1-80b9-a797c2117425@group-2234F8D63BBB-SegmentedRaftLogWorker] INFO  impl.PendingRequests (PendingRequests.java:sendNotLeaderResponses(202)) - 8a411a4f-0e32-4dd1-80b9-a797c2117425-PendingRequests: sendNotLeaderResponses
2019-09-26 15:08:56,422 [8a411a4f-0e32-4dd1-80b9-a797c2117425@group-A010A9011A71:LeaderElection270] INFO  impl.RaftServerImpl (ServerState.java:setRaftConf(354)) - 8a411a4f-0e32-4dd1-80b9-a797c2117425@group-A010A9011A71: set configuration 0: [8a411a4f-0e32-4dd1-80b9-a797c2117425:192.168.151.99:37125], old=null at 0
2019-09-26 15:08:56,421 [8a411a4f-0e32-4dd1-80b9-a797c2117425@group-CD788BB93D49:LeaderElection196] INFO  impl.RaftServerImpl (ServerState.java:setRaftConf(354)) - 8a411a4f-0e32-4dd1-80b9-a797c2117425@group-CD788BB93D49: set configuration 0: [8a411a4f-0e32-4dd1-80b9-a797c2117425:192.168.151.99:37125], old=null at 0
2019-09-26 15:08:56,422 [8a411a4f-0e32-4dd1-80b9-a797c2117425@group-3FF9DA04F6D3:LeaderElection243] INFO  impl.RaftServerImpl (ServerState.java:setRaftConf(354)) - 8a411a4f-0e32-4dd1-80b9-a797c2117425@group-3FF9DA04F6D3: set configuration 0: [8a411a4f-0e32-4dd1-80b9-a797c2117425:192.168.151.99:37125], old=null at 0
2019-09-26 15:08:56,421 [8a411a4f-0e32-4dd1-80b9-a797c2117425@group-F516CA13D34C-SegmentedRaftLogWorker] INFO  impl.StateMachineUpdater (StateMachineUpdater.java:stopAndJoin(125)) - 8a411a4f-0e32-4dd1-80b9-a797c2117425@group-F516CA13D34C-StateMachineUpdater: set stopIndex = -1
2019-09-26 15:08:56,421 [8a411a4f-0e32-4dd1-80b9-a797c2117425@group-FC1790118091-SegmentedRaftLogWorker] INFO  impl.RoleInfo (RoleInfo.java:shutdownLeaderState(104)) - 8a411a4f-0e32-4dd1-80b9-a797c2117425: shutdown LeaderState
2019-09-26 15:08:56,421 [8a411a4f-0e32-4dd1-80b9-a797c2117425@group-5EAF20E60177:LeaderElection278] INFO  segmented.SegmentedRaftLogWorker (SegmentedRaftLogWorker.java:startLogSegment(380)) - 8a411a4f-0e32-4dd1-80b9-a797c2117425@group-5EAF20E60177-SegmentedRaftLogWorker: Starting segment from index:0
2019-09-26 15:08:56,423 [8a411a4f-0e32-4dd1-80b9-a797c2117425@group-BDE5A38AA11F:LeaderElection258] INFO  impl.RaftServerImpl (ServerState.java:setRaftConf(354)) - 8a411a4f-0e32-4dd1-80b9-a797c2117425@group-BDE5A38AA11F: set configuration 0: [8a411a4f-0e32-4dd1-80b9-a797c2117425:192.168.151.99:37125], old=null at 0
2019-09-26 15:08:56,421 [8a411a4f-0e32-4dd1-80b9-a797c2117425@group-157AB0181C30:LeaderElection277] INFO  impl.RoleInfo (RoleInfo.java:updateAndGet(143)) - 8a411a4f-0e32-4dd1-80b9-a797c2117425: start LeaderState
2019-09-26 15:08:56,421 [8a411a4f-0e32-4dd1-80b9-a797c2117425@group-3884FFF625F6:LeaderElection279] INFO  impl.RoleInfo (RoleInfo.java:updateAndGet(143)) - 8a411a4f-0e32-4dd1-80b9-a797c2117425: start LeaderState
2019-09-26 15:08:56,423 [8a411a4f-0e32-4dd1-80b9-a797c2117425@group-157AB0181C30:LeaderElection277] INFO  segmented.SegmentedRaftLogWorker (SegmentedRaftLogWorker.java:startLogSegment(380)) - 8a411a4f-0e32-4dd1-80b9-a797c2117425@group-157AB0181C30-SegmentedRaftLogWorker: Starting segment from index:0
2019-09-26 15:08:56,421 [8a411a4f-0e32-4dd1-80b9-a797c2117425@group-9FBC4F4584D8:LeaderElection193] INFO  impl.RaftServerImpl (ServerState.java:setRaftConf(354)) - 8a411a4f-0e32-4dd1-80b9-a797c2117425@group-9FBC4F4584D8: set configuration 0: [8a411a4f-0e32-4dd1-80b9-a797c2117425:192.168.151.99:37125], old=null at 0
2019-09-26 15:08:56,421 [8a411a4f-0e32-4dd1-80b9-a797c2117425@group-CFBE5C1BAA60:LeaderElection280] INFO  impl.RoleInfo (RoleInfo.java:updateAndGet(143)) - 8a411a4f-0e32-4dd1-80b9-a797c2117425: start LeaderState
2019-09-26 15:08:56,423 [8a411a4f-0e32-4dd1-80b9-a797c2117425@group-A085057DFB26:LeaderElection233] INFO  impl.RaftServerImpl (ServerState.java:setRaftConf(354)) - 8a411a4f-0e32-4dd1-80b9-a797c2117425@group-A085057DFB26: set configuration 0: [8a411a4f-0e32-4dd1-80b9-a797c2117425:192.168.151.99:37125], old=null at 0
2019-09-26 15:08:56,420 [8a411a4f-0e32-4dd1-80b9-a797c2117425@group-04E195EC18D6:LeaderElection281] INFO  segmented.SegmentedRaftLogWorker (SegmentedRaftLogWorker.java:startLogSegment(380)) - 8a411a4f-0e32-4dd1-80b9-a797c2117425@group-04E195EC18D6-SegmentedRaftLogWorker: Starting segment from index:0
2019-09-26 15:08:56,420 [8a411a4f-0e32-4dd1-80b9-a797c2117425@group-D2571D42C563:LeaderElection256] INFO  impl.RoleInfo (RoleInfo.java:updateAndGet(143)) - 8a411a4f-0e32-4dd1-80b9-a797c2117425: start LeaderState
2019-09-26 15:08:56,420 [8a411a4f-0e32-4dd1-80b9-a797c2117425@group-19C985EAA9F4-SegmentedRaftLogWorker] INFO  util.JmxRegister (JmxRegister.java:unregister(73)) - Successfully un-registered JMX Bean with object name Ratis:service=RaftServer,group=group-19C985EAA9F4,id=8a411a4f-0e32-4dd1-80b9-a797c2117425
2019-09-26 15:08:56,420 [8a411a4f-0e32-4dd1-80b9-a797c2117425@group-C79884FD6F3D:LeaderElection272] INFO  segmented.SegmentedRaftLogWorker (SegmentedRaftLogWorker.java:startLogSegment(380)) - 8a411a4f-0e32-4dd1-80b9-a797c2117425@group-C79884FD6F3D-SegmentedRaftLogWorker: Starting segment from index:0
2019-09-26 15:08:56,420 [8a411a4f-0e32-4dd1-80b9-a797c2117425@group-61F50073A647:LeaderElection275] INFO  impl.RoleInfo (RoleInfo.java:updateAndGet(143)) - 8a411a4f-0e32-4dd1-80b9-a797c2117425: start LeaderState
2019-09-26 15:08:56,420 [pool-27-thread-1] INFO  util.JmxRegister (JmxRegister.java:tryRegister(44)) - Successfully registered JMX Bean with object name Ratis:service=RaftServer,group=group-D2B1D6C9CED8,id=8a411a4f-0e32-4dd1-80b9-a797c2117425
2019-09-26 15:09:03,458 [8a411a4f-0e32-4dd1-80b9-a797c2117425@group-080076819465:LeaderElection222] INFO  impl.RaftServerImpl (ServerState.java:setRaftConf(354)) - 8a411a4f-0e32-4dd1-80b9-a797c2117425@group-080076819465: set configuration 0: [8a411a4f-0e32-4dd1-80b9-a797c2117425:192.168.151.99:37125], old=null at 0
2019-09-26 15:09:03,455 [8a411a4f-0e32-4dd1-80b9-a797c2117425@group-E8F94CDE43C3-SegmentedRaftLogWorker] ERROR segmented.SegmentedRaftLogWorker (SegmentedRaftLogWorker.java:run(323)) - 8a411a4f-0e32-4dd1-80b9-a797c2117425@group-E8F94CDE43C3-SegmentedRaftLogWorker hit exception
java.lang.OutOfMemoryError: Direct buffer memory
	at java.nio.Bits.reserveMemory(Bits.java:666)
	at java.nio.DirectByteBuffer.<init>(DirectByteBuffer.java:123)
	at java.nio.ByteBuffer.allocateDirect(ByteBuffer.java:311)
	at org.apache.ratis.server.raftlog.segmented.BufferedWriteChannel.<init>(BufferedWriteChannel.java:41)
	at org.apache.ratis.server.raftlog.segmented.SegmentedRaftLogOutputStream.<init>(SegmentedRaftLogOutputStream.java:72)
	at org.apache.ratis.server.raftlog.segmented.SegmentedRaftLogWorker$StartLogSegment.execute(SegmentedRaftLogWorker.java:566)
	at org.apache.ratis.server.raftlog.segmented.SegmentedRaftLogWorker.run(SegmentedRaftLogWorker.java:289)
	at java.lang.Thread.run(Thread.java:748)
2019-09-26 15:08:56,668 [8a411a4f-0e32-4dd1-80b9-a797c2117425@group-B82DE6D48904:LeaderElection271] INFO  impl.RaftServerImpl (ServerState.java:setRaftConf(354)) - 8a411a4f-0e32-4dd1-80b9-a797c2117425@group-B82DE6D48904: set configuration 0: [8a411a4f-0e32-4dd1-80b9-a797c2117425:192.168.151.99:37125], old=null at 0
2019-09-26 15:08:56,668 [8a411a4f-0e32-4dd1-80b9-a797c2117425@group-AE0AA035EF40:LeaderElection228] INFO  impl.RaftServerImpl (ServerState.java:setRaftConf(354)) - 8a411a4f-0e32-4dd1-80b9-a797c2117425@group-AE0AA035EF40: set configuration 0: [8a411a4f-0e32-4dd1-80b9-a797c2117425:192.168.151.99:37125], old=null at 0
2019-09-26 15:08:56,668 [8a411a4f-0e32-4dd1-80b9-a797c2117425@group-797476ADB718:LeaderElection223] INFO  impl.RaftServerImpl (ServerState.java:setRaftConf(354)) - 8a411a4f-0e32-4dd1-80b9-a797c2117425@group-797476ADB718: set configuration 0: [8a411a4f-0e32-4dd1-80b9-a797c2117425:192.168.151.99:37125], old=null at 0
2019-09-26 15:09:03,459 [8a411a4f-0e32-4dd1-80b9-a797c2117425@group-6A12D702F30C:LeaderElection267] INFO  impl.RaftServerImpl (ServerState.java:setRaftConf(354)) - 8a411a4f-0e32-4dd1-80b9-a797c2117425@group-6A12D702F30C: set configuration 0: [8a411a4f-0e32-4dd1-80b9-a797c2117425:192.168.151.99:37125], old=null at 0
2019-09-26 15:08:56,667 [8a411a4f-0e32-4dd1-80b9-a797c2117425@group-FFBC1D88D468:LeaderElection220] INFO  impl.RaftServerImpl (ServerState.java:setRaftConf(354)) - 8a411a4f-0e32-4dd1-80b9-a797c2117425@group-FFBC1D88D468: set configuration 0: [8a411a4f-0e32-4dd1-80b9-a797c2117425:192.168.151.99:37125], old=null at 0
2019-09-26 15:08:56,424 [8a411a4f-0e32-4dd1-80b9-a797c2117425@group-61F50073A647:LeaderElection275] INFO  segmented.SegmentedRaftLogWorker (SegmentedRaftLogWorker.java:startLogSegment(380)) - 8a411a4f-0e32-4dd1-80b9-a797c2117425@group-61F50073A647-SegmentedRaftLogWorker: Starting segment from index:0
2019-09-26 15:08:56,424 [8a411a4f-0e32-4dd1-80b9-a797c2117425@group-4A3018D7CF99:LeaderElection218] INFO  impl.RaftServerImpl (ServerState.java:setRaftConf(354)) - 8a411a4f-0e32-4dd1-80b9-a797c2117425@group-4A3018D7CF99: set configuration 0: [8a411a4f-0e32-4dd1-80b9-a797c2117425:192.168.151.99:37125], old=null at 0
2019-09-26 15:08:56,424 [8a411a4f-0e32-4dd1-80b9-a797c2117425@group-FEC7288BDF94:LeaderElection225] INFO  impl.RaftServerImpl (ServerState.java:setRaftConf(354)) - 8a411a4f-0e32-4dd1-80b9-a797c2117425@group-FEC7288BDF94: set configuration 0: [8a411a4f-0e32-4dd1-80b9-a797c2117425:192.168.151.99:37125], old=null at 0
2019-09-26 15:08:56,424 [8a411a4f-0e32-4dd1-80b9-a797c2117425@group-19C985EAA9F4-SegmentedRaftLogWorker] INFO  impl.RoleInfo (RoleInfo.java:shutdownLeaderState(104)) - 8a411a4f-0e32-4dd1-80b9-a797c2117425: shutdown LeaderState
2019-09-26 15:08:56,424 [8a411a4f-0e32-4dd1-80b9-a797c2117425@group-BF52FF77A681:LeaderElection229] INFO  impl.RaftServerImpl (ServerState.java:setRaftConf(354)) - 8a411a4f-0e32-4dd1-80b9-a797c2117425@group-BF52FF77A681: set configuration 0: [8a411a4f-0e32-4dd1-80b9-a797c2117425:192.168.151.99:37125], old=null at 0
2019-09-26 15:08:56,424 [8a411a4f-0e32-4dd1-80b9-a797c2117425@group-D2571D42C563:LeaderElection256] INFO  segmented.SegmentedRaftLogWorker (SegmentedRaftLogWorker.java:startLogSegment(380)) - 8a411a4f-0e32-4dd1-80b9-a797c2117425@group-D2571D42C563-SegmentedRaftLogWorker: Starting segment from index:0
2019-09-26 15:08:56,424 [8a411a4f-0e32-4dd1-80b9-a797c2117425@group-00BC2B0139A4:LeaderElection217] INFO  impl.RaftServerImpl (ServerState.java:setRaftConf(354)) - 8a411a4f-0e32-4dd1-80b9-a797c2117425@group-00BC2B0139A4: set configuration 0: [8a411a4f-0e32-4dd1-80b9-a797c2117425:192.168.151.99:37125], old=null at 0
2019-09-26 15:08:56,423 [8a411a4f-0e32-4dd1-80b9-a797c2117425@group-9758B97C7A43:LeaderElection266] INFO  impl.RaftServerImpl (ServerState.java:setRaftConf(354)) - 8a411a4f-0e32-4dd1-80b9-a797c2117425@group-9758B97C7A43: set configuration 0: [8a411a4f-0e32-4dd1-80b9-a797c2117425:192.168.151.99:37125], old=null at 0
2019-09-26 15:08:56,423 [8a411a4f-0e32-4dd1-80b9-a797c2117425@group-CFBE5C1BAA60:LeaderElection280] INFO  segmented.SegmentedRaftLogWorker (SegmentedRaftLogWorker.java:startLogSegment(380)) - 8a411a4f-0e32-4dd1-80b9-a797c2117425@group-CFBE5C1BAA60-SegmentedRaftLogWorker: Starting segment from index:0
2019-09-26 15:08:56,423 [8a411a4f-0e32-4dd1-80b9-a797c2117425@group-2AD62173610F:LeaderElection263] INFO  impl.RaftServerImpl (ServerState.java:setRaftConf(354)) - 8a411a4f-0e32-4dd1-80b9-a797c2117425@group-2AD62173610F: set configuration 0: [8a411a4f-0e32-4dd1-80b9-a797c2117425:192.168.151.99:37125], old=null at 0
2019-09-26 15:08:56,423 [8a411a4f-0e32-4dd1-80b9-a797c2117425@group-FDA5C66D66D8:LeaderElection231] INFO  impl.RaftServerImpl (ServerState.java:setRaftConf(354)) - 8a411a4f-0e32-4dd1-80b9-a797c2117425@group-FDA5C66D66D8: set configuration 0: [8a411a4f-0e32-4dd1-80b9-a797c2117425:192.168.151.99:37125], old=null at 0
2019-09-26 15:08:56,423 [8a411a4f-0e32-4dd1-80b9-a797c2117425@group-3884FFF625F6:LeaderElection279] INFO  segmented.SegmentedRaftLogWorker (SegmentedRaftLogWorker.java:startLogSegment(380)) - 8a411a4f-0e32-4dd1-80b9-a797c2117425@group-3884FFF625F6-SegmentedRaftLogWorker: Starting segment from index:0
2019-09-26 15:08:56,423 [8a411a4f-0e32-4dd1-80b9-a797c2117425@group-5709F8A61C02:LeaderElection248] INFO  impl.RaftServerImpl (ServerState.java:setRaftConf(354)) - 8a411a4f-0e32-4dd1-80b9-a797c2117425@group-5709F8A61C02: set configuration 0: [8a411a4f-0e32-4dd1-80b9-a797c2117425:192.168.151.99:37125], old=null at 0
2019-09-26 15:08:56,423 [8a411a4f-0e32-4dd1-80b9-a797c2117425@group-817B3DD20E3E:LeaderElection219] INFO  impl.RaftServerImpl (ServerState.java:setRaftConf(354)) - 8a411a4f-0e32-4dd1-80b9-a797c2117425@group-817B3DD20E3E: set configuration 0: [8a411a4f-0e32-4dd1-80b9-a797c2117425:192.168.151.99:37125], old=null at 0
2019-09-26 15:08:56,423 [8a411a4f-0e32-4dd1-80b9-a797c2117425@group-BF7801AC219F:LeaderElection250] INFO  impl.RaftServerImpl (ServerState.java:setRaftConf(354)) - 8a411a4f-0e32-4dd1-80b9-a797c2117425@group-BF7801AC219F: set configuration 0: [8a411a4f-0e32-4dd1-80b9-a797c2117425:192.168.151.99:37125], old=null at 0
2019-09-26 15:08:56,423 [8a411a4f-0e32-4dd1-80b9-a797c2117425@group-FC1790118091-SegmentedRaftLogWorker] INFO  impl.PendingRequests (PendingRequests.java:sendNotLeaderResponses(202)) - 8a411a4f-0e32-4dd1-80b9-a797c2117425-PendingRequests: sendNotLeaderResponses
2019-09-26 15:08:56,422 [8a411a4f-0e32-4dd1-80b9-a797c2117425@group-953CCBC0A9E0:LeaderElection244] INFO  impl.RaftServerImpl (ServerState.java:setRaftConf(354)) - 8a411a4f-0e32-4dd1-80b9-a797c2117425@group-953CCBC0A9E0: set configuration 0: [8a411a4f-0e32-4dd1-80b9-a797c2117425:192.168.151.99:37125], old=null at 0
2019-09-26 15:08:56,422 [8a411a4f-0e32-4dd1-80b9-a797c2117425@group-F516CA13D34C-SegmentedRaftLogWorker] INFO  impl.RaftServerImpl (ServerState.java:close(385)) - 8a411a4f-0e32-4dd1-80b9-a797c2117425@group-F516CA13D34C: closes. applyIndex: -1
2019-09-26 15:08:56,422 [8a411a4f-0e32-4dd1-80b9-a797c2117425@group-CA9544AD4330:LeaderElection216] INFO  impl.RaftServerImpl (ServerState.java:setRaftConf(354)) - 8a411a4f-0e32-4dd1-80b9-a797c2117425@group-CA9544AD4330: set configuration 0: [8a411a4f-0e32-4dd1-80b9-a797c2117425:192.168.151.99:37125], old=null at 0
2019-09-26 15:08:56,422 [8a411a4f-0e32-4dd1-80b9-a797c2117425@group-2234F8D63BBB-SegmentedRaftLogWorker] INFO  impl.StateMachineUpdater (StateMachineUpdater.java:stopAndJoin(125)) - 8a411a4f-0e32-4dd1-80b9-a797c2117425@group-2234F8D63BBB-StateMachineUpdater: set stopIndex = -1
2019-09-26 15:08:56,422 [8a411a4f-0e32-4dd1-80b9-a797c2117425@group-CAAD3C9AE29A:LeaderElection237] INFO  impl.RaftServerImpl (ServerState.java:setRaftConf(354)) - 8a411a4f-0e32-4dd1-80b9-a797c2117425@group-CAAD3C9AE29A: set configuration 0: [8a411a4f-0e32-4dd1-80b9-a797c2117425:192.168.151.99:37125], old=null at 0
2019-09-26 15:09:03,463 [8a411a4f-0e32-4dd1-80b9-a797c2117425@group-2234F8D63BBB-SegmentedRaftLogWorker] INFO  impl.RaftServerImpl (ServerState.java:close(385)) - 8a411a4f-0e32-4dd1-80b9-a797c2117425@group-2234F8D63BBB: closes. applyIndex: -1
2019-09-26 15:09:03,463 [Thread-1635] WARN  util.JavaUtils (JavaUtils.java:sleep(250)) - Unexpected long sleep: sleep(5018ms) actually took 7042ms which is over the threshold 300ms
2019-09-26 15:09:03,463 [8a411a4f-0e32-4dd1-80b9-a797c2117425@group-F516CA13D34C-SegmentedRaftLogWorker] INFO  segmented.SegmentedRaftLogWorker (SegmentedRaftLogWorker.java:close(228)) - 8a411a4f-0e32-4dd1-80b9-a797c2117425@group-F516CA13D34C-SegmentedRaftLogWorker close()
2019-09-26 15:09:03,463 [8a411a4f-0e32-4dd1-80b9-a797c2117425@group-FC1790118091-SegmentedRaftLogWorker] INFO  impl.StateMachineUpdater (StateMachineUpdater.java:stopAndJoin(125)) - 8a411a4f-0e32-4dd1-80b9-a797c2117425@group-FC1790118091-StateMachineUpdater: set stopIndex = -1
2019-09-26 15:09:03,462 [8a411a4f-0e32-4dd1-80b9-a797c2117425@group-3884FFF625F6:LeaderElection279] INFO  impl.RaftServerImpl (ServerState.java:setRaftConf(354)) - 8a411a4f-0e32-4dd1-80b9-a797c2117425@group-3884FFF625F6: set configuration 0: [8a411a4f-0e32-4dd1-80b9-a797c2117425:192.168.151.99:37125], old=null at 0
2019-09-26 15:09:03,462 [8a411a4f-0e32-4dd1-80b9-a797c2117425@group-CFBE5C1BAA60:LeaderElection280] INFO  impl.RaftServerImpl (ServerState.java:setRaftConf(354)) - 8a411a4f-0e32-4dd1-80b9-a797c2117425@group-CFBE5C1BAA60: set configuration 0: [8a411a4f-0e32-4dd1-80b9-a797c2117425:192.168.151.99:37125], old=null at 0
2019-09-26 15:09:03,461 [8a411a4f-0e32-4dd1-80b9-a797c2117425@group-C79884FD6F3D:LeaderElection272] INFO  impl.RaftServerImpl (ServerState.java:setRaftConf(354)) - 8a411a4f-0e32-4dd1-80b9-a797c2117425@group-C79884FD6F3D: set configuration 0: [8a411a4f-0e32-4dd1-80b9-a797c2117425:192.168.151.99:37125], old=null at 0
2019-09-26 15:09:03,460 [8a411a4f-0e32-4dd1-80b9-a797c2117425@group-04E195EC18D6:LeaderElection281] INFO  impl.RaftServerImpl (ServerState.java:setRaftConf(354)) - 8a411a4f-0e32-4dd1-80b9-a797c2117425@group-04E195EC18D6: set configuration 0: [8a411a4f-0e32-4dd1-80b9-a797c2117425:192.168.151.99:37125], old=null at 0
2019-09-26 15:09:03,460 [8a411a4f-0e32-4dd1-80b9-a797c2117425@group-19C985EAA9F4-SegmentedRaftLogWorker] INFO  impl.PendingRequests (PendingRequests.java:sendNotLeaderResponses(202)) - 8a411a4f-0e32-4dd1-80b9-a797c2117425-PendingRequests: sendNotLeaderResponses
2019-09-26 15:09:03,460 [8a411a4f-0e32-4dd1-80b9-a797c2117425@group-9134F99A9F4A:LeaderElection261] INFO  impl.RaftServerImpl (ServerState.java:setRaftConf(354)) - 8a411a4f-0e32-4dd1-80b9-a797c2117425@group-9134F99A9F4A: set configuration 0: [8a411a4f-0e32-4dd1-80b9-a797c2117425:192.168.151.99:37125], old=null at 0
2019-09-26 15:09:03,460 [8a411a4f-0e32-4dd1-80b9-a797c2117425@group-157AB0181C30:LeaderElection277] INFO  impl.RaftServerImpl (ServerState.java:setRaftConf(354)) - 8a411a4f-0e32-4dd1-80b9-a797c2117425@group-157AB0181C30: set configuration 0: [8a411a4f-0e32-4dd1-80b9-a797c2117425:192.168.151.99:37125], old=null at 0
2019-09-26 15:09:03,460 [8a411a4f-0e32-4dd1-80b9-a797c2117425@group-D5C2E6A1B48A:LeaderElection262] INFO  impl.RaftServerImpl (ServerState.java:setRaftConf(354)) - 8a411a4f-0e32-4dd1-80b9-a797c2117425@group-D5C2E6A1B48A: set configuration 0: [8a411a4f-0e32-4dd1-80b9-a797c2117425:192.168.151.99:37125], old=null at 0
2019-09-26 15:09:03,459 [8a411a4f-0e32-4dd1-80b9-a797c2117425@group-5EAF20E60177:LeaderElection278] INFO  impl.RaftServerImpl (ServerState.java:setRaftConf(354)) - 8a411a4f-0e32-4dd1-80b9-a797c2117425@group-5EAF20E60177: set configuration 0: [8a411a4f-0e32-4dd1-80b9-a797c2117425:192.168.151.99:37125], old=null at 0
2019-09-26 15:09:03,459 [8a411a4f-0e32-4dd1-80b9-a797c2117425@group-AA1C07C3D689:LeaderElection260] INFO  impl.RaftServerImpl (ServerState.java:setRaftConf(354)) - 8a411a4f-0e32-4dd1-80b9-a797c2117425@group-AA1C07C3D689: set configuration 0: [8a411a4f-0e32-4dd1-80b9-a797c2117425:192.168.151.99:37125], old=null at 0
2019-09-26 15:09:03,458 [8a411a4f-0e32-4dd1-80b9-a797c2117425@group-E8F94CDE43C3-SegmentedRaftLogWorker] INFO  impl.RaftServerImpl (RaftServerImpl.java:lambda$shutdown$3(251)) - 8a411a4f-0e32-4dd1-80b9-a797c2117425@group-E8F94CDE43C3: shutdown
2019-09-26 15:09:03,465 [8a411a4f-0e32-4dd1-80b9-a797c2117425@group-19C985EAA9F4-SegmentedRaftLogWorker] INFO  impl.StateMachineUpdater (StateMachineUpdater.java:stopAndJoin(125)) - 8a411a4f-0e32-4dd1-80b9-a797c2117425@group-19C985EAA9F4-StateMachineUpdater: set stopIndex = -1
2019-09-26 15:09:03,464 [8a411a4f-0e32-4dd1-80b9-a797c2117425@group-FC1790118091-SegmentedRaftLogWorker] INFO  impl.RaftServerImpl (ServerState.java:close(385)) - 8a411a4f-0e32-4dd1-80b9-a797c2117425@group-FC1790118091: closes. applyIndex: -1
2019-09-26 15:09:03,464 [8a411a4f-0e32-4dd1-80b9-a797c2117425@group-2234F8D63BBB-SegmentedRaftLogWorker] INFO  segmented.SegmentedRaftLogWorker (SegmentedRaftLogWorker.java:close(228)) - 8a411a4f-0e32-4dd1-80b9-a797c2117425@group-2234F8D63BBB-SegmentedRaftLogWorker close()
2019-09-26 15:09:03,466 [8a411a4f-0e32-4dd1-80b9-a797c2117425@group-19C985EAA9F4-SegmentedRaftLogWorker] INFO  impl.RaftServerImpl (ServerState.java:close(385)) - 8a411a4f-0e32-4dd1-80b9-a797c2117425@group-19C985EAA9F4: closes. applyIndex: -1
2019-09-26 15:09:03,466 [8a411a4f-0e32-4dd1-80b9-a797c2117425@group-E8F94CDE43C3-SegmentedRaftLogWorker] INFO  util.JmxRegister (JmxRegister.java:unregister(73)) - Successfully un-registered JMX Bean with object name Ratis:service=RaftServer,group=group-E8F94CDE43C3,id=8a411a4f-0e32-4dd1-80b9-a797c2117425
2019-09-26 15:09:03,467 [8a411a4f-0e32-4dd1-80b9-a797c2117425@group-19C985EAA9F4-SegmentedRaftLogWorker] INFO  segmented.SegmentedRaftLogWorker (SegmentedRaftLogWorker.java:close(228)) - 8a411a4f-0e32-4dd1-80b9-a797c2117425@group-19C985EAA9F4-SegmentedRaftLogWorker close()
2019-09-26 15:09:03,467 [8a411a4f-0e32-4dd1-80b9-a797c2117425@group-FC1790118091-SegmentedRaftLogWorker] INFO  segmented.SegmentedRaftLogWorker (SegmentedRaftLogWorker.java:close(228)) - 8a411a4f-0e32-4dd1-80b9-a797c2117425@group-FC1790118091-SegmentedRaftLogWorker close()
2019-09-26 15:09:03,467 [8a411a4f-0e32-4dd1-80b9-a797c2117425@group-E8F94CDE43C3-SegmentedRaftLogWorker] INFO  impl.RoleInfo (RoleInfo.java:shutdownLeaderState(104)) - 8a411a4f-0e32-4dd1-80b9-a797c2117425: shutdown LeaderState
2019-09-26 15:09:03,468 [8a411a4f-0e32-4dd1-80b9-a797c2117425@group-E8F94CDE43C3-SegmentedRaftLogWorker] INFO  impl.PendingRequests (PendingRequests.java:sendNotLeaderResponses(202)) - 8a411a4f-0e32-4dd1-80b9-a797c2117425-PendingRequests: sendNotLeaderResponses
2019-09-26 15:09:03,468 [8a411a4f-0e32-4dd1-80b9-a797c2117425@group-E8F94CDE43C3-SegmentedRaftLogWorker] INFO  impl.StateMachineUpdater (StateMachineUpdater.java:stopAndJoin(125)) - 8a411a4f-0e32-4dd1-80b9-a797c2117425@group-E8F94CDE43C3-StateMachineUpdater: set stopIndex = -1
2019-09-26 15:09:03,468 [8a411a4f-0e32-4dd1-80b9-a797c2117425@group-E8F94CDE43C3-SegmentedRaftLogWorker] INFO  impl.RaftServerImpl (ServerState.java:close(385)) - 8a411a4f-0e32-4dd1-80b9-a797c2117425@group-E8F94CDE43C3: closes. applyIndex: -1
2019-09-26 15:09:03,468 [8a411a4f-0e32-4dd1-80b9-a797c2117425@group-E8F94CDE43C3-SegmentedRaftLogWorker] INFO  segmented.SegmentedRaftLogWorker (SegmentedRaftLogWorker.java:close(228)) - 8a411a4f-0e32-4dd1-80b9-a797c2117425@group-E8F94CDE43C3-SegmentedRaftLogWorker close()
2019-09-26 15:09:03,471 [Datanode State Machine Thread - 0] ERROR statemachine.EndpointStateMachine (EndpointStateMachine.java:logIfNeeded(204)) - Unable to communicate to SCM server at 0.0.0.0:39576 for past 0 seconds.
java.net.SocketTimeoutException: Call From pr-hdds-1569-g6sp5-2013761785/192.168.151.99 to 0.0.0.0:39576 failed on socket timeout exception: java.net.SocketTimeoutException: 1000 millis timeout while waiting for channel to be ready for read. ch : java.nio.channels.SocketChannel[connected local=/192.168.151.99:41022 remote=/0.0.0.0:39576]; For more details see:  http://wiki.apache.org/hadoop/SocketTimeout
	at sun.reflect.NativeConstructorAccessorImpl.newInstance0(Native Method)
	at sun.reflect.NativeConstructorAccessorImpl.newInstance(NativeConstructorAccessorImpl.java:62)
	at sun.reflect.DelegatingConstructorAccessorImpl.newInstance(DelegatingConstructorAccessorImpl.java:45)
	at java.lang.reflect.Constructor.newInstance(Constructor.java:423)
	at org.apache.hadoop.net.NetUtils.wrapWithMessage(NetUtils.java:831)
	at org.apache.hadoop.net.NetUtils.wrapException(NetUtils.java:775)
	at org.apache.hadoop.ipc.Client.getRpcResponse(Client.java:1515)
	at org.apache.hadoop.ipc.Client.call(Client.java:1457)
	at org.apache.hadoop.ipc.Client.call(Client.java:1367)
	at org.apache.hadoop.ipc.ProtobufRpcEngine$Invoker.invoke(ProtobufRpcEngine.java:228)
	at org.apache.hadoop.ipc.ProtobufRpcEngine$Invoker.invoke(ProtobufRpcEngine.java:116)
	at com.sun.proxy.$Proxy33.sendHeartbeat(Unknown Source)
	at org.apache.hadoop.ozone.protocolPB.StorageContainerDatanodeProtocolClientSideTranslatorPB.sendHeartbeat(StorageContainerDatanodeProtocolClientSideTranslatorPB.java:131)
	at org.apache.hadoop.ozone.container.common.states.endpoint.HeartbeatEndpointTask.call(HeartbeatEndpointTask.java:143)
	at org.apache.hadoop.ozone.container.common.states.endpoint.HeartbeatEndpointTask.call(HeartbeatEndpointTask.java:74)
	at java.util.concurrent.FutureTask.run(FutureTask.java:266)
	at java.util.concurrent.Executors$RunnableAdapter.call(Executors.java:511)
	at java.util.concurrent.FutureTask.run(FutureTask.java:266)
	at java.util.concurrent.ThreadPoolExecutor.runWorker(ThreadPoolExecutor.java:1149)
	at java.util.concurrent.ThreadPoolExecutor$Worker.run(ThreadPoolExecutor.java:624)
	at java.lang.Thread.run(Thread.java:748)
Caused by: java.net.SocketTimeoutException: 1000 millis timeout while waiting for channel to be ready for read. ch : java.nio.channels.SocketChannel[connected local=/192.168.151.99:41022 remote=/0.0.0.0:39576]
	at org.apache.hadoop.net.SocketIOWithTimeout.doIO(SocketIOWithTimeout.java:164)
	at org.apache.hadoop.net.SocketInputStream.read(SocketInputStream.java:161)
	at org.apache.hadoop.net.SocketInputStream.read(SocketInputStream.java:131)
	at java.io.FilterInputStream.read(FilterInputStream.java:133)
	at java.io.BufferedInputStream.fill(BufferedInputStream.java:246)
	at java.io.BufferedInputStream.read(BufferedInputStream.java:265)
	at java.io.FilterInputStream.read(FilterInputStream.java:83)
	at java.io.FilterInputStream.read(FilterInputStream.java:83)
	at org.apache.hadoop.ipc.Client$Connection$PingInputStream.read(Client.java:557)
	at java.io.DataInputStream.readInt(DataInputStream.java:387)
	at org.apache.hadoop.ipc.Client$IpcStreams.readResponse(Client.java:1816)
	at org.apache.hadoop.ipc.Client$Connection.receiveRpcResponse(Client.java:1173)
	at org.apache.hadoop.ipc.Client$Connection.run(Client.java:1069)
2019-09-26 15:09:03,472 [org.apache.hadoop.util.JvmPauseMonitor$Monitor@58c540cf] INFO  util.JvmPauseMonitor (JvmPauseMonitor.java:run(205)) - Detected pause in JVM or host machine (eg GC): pause of approximately 6302ms
GC pool 'PS MarkSweep' had collection(s): count=39 time=6404ms
GC pool 'PS Scavenge' had collection(s): count=39 time=259ms
2019-09-26 15:09:03,472 [org.apache.hadoop.util.JvmPauseMonitor$Monitor@20f54cad] INFO  util.JvmPauseMonitor (JvmPauseMonitor.java:run(205)) - Detected pause in JVM or host machine (eg GC): pause of approximately 6302ms
GC pool 'PS MarkSweep' had collection(s): count=39 time=6404ms
GC pool 'PS Scavenge' had collection(s): count=39 time=259ms
2019-09-26 15:09:05,352 [java.util.concurrent.ThreadPoolExecutor$Worker@4ab6798a[State = -1, empty queue]] WARN  util.TimeoutScheduler (LogUtils.java:runAndLog(55)) - Failed to task #0: java.lang.NullPointerException
2019-09-26 15:09:05,349 [org.apache.hadoop.util.JvmPauseMonitor$Monitor@58c540cf] INFO  util.JvmPauseMonitor (JvmPauseMonitor.java:run(205)) - Detected pause in JVM or host machine (eg GC): pause of approximately 1040ms
GC pool 'PS MarkSweep' had collection(s): count=10 time=1768ms
GC pool 'PS Scavenge' had collection(s): count=10 time=59ms
2019-09-26 15:09:04,208 [8a411a4f-0e32-4dd1-80b9-a797c2117425@group-D6588462D619:LeaderElection259] INFO  impl.RaftServerImpl (ServerState.java:setRaftConf(354)) - 8a411a4f-0e32-4dd1-80b9-a797c2117425@group-D6588462D619: set configuration 0: [8a411a4f-0e32-4dd1-80b9-a797c2117425:192.168.151.99:37125], old=null at 0
2019-09-26 15:09:04,205 [IPC Server handler 14 on 39576] WARN  ipc.Server (Server.java:processResponse(1523)) - IPC Server handler 14 on 39576, call Call#166 Retry#0 org.apache.hadoop.ozone.protocol.StorageContainerDatanodeProtocol.sendHeartbeat from 192.168.151.99:41022: output error
2019-09-26 15:09:04,205 [8a411a4f-0e32-4dd1-80b9-a797c2117425@group-D2571D42C563:LeaderElection256] INFO  impl.RaftServerImpl (ServerState.java:setRaftConf(354)) - 8a411a4f-0e32-4dd1-80b9-a797c2117425@group-D2571D42C563: set configuration 0: [8a411a4f-0e32-4dd1-80b9-a797c2117425:192.168.151.99:37125], old=null at 0
2019-09-26 15:09:05,353 [IPC Server handler 14 on 39576] INFO  ipc.Server (Server.java:run(2695)) - IPC Server handler 14 on 39576 caught an exception
java.nio.channels.ClosedChannelException
	at sun.nio.ch.SocketChannelImpl.ensureWriteOpen(SocketChannelImpl.java:270)
	at sun.nio.ch.SocketChannelImpl.write(SocketChannelImpl.java:461)
	at org.apache.hadoop.ipc.Server.channelWrite(Server.java:3250)
	at org.apache.hadoop.ipc.Server.access$1700(Server.java:137)
	at org.apache.hadoop.ipc.Server$Responder.processResponse(Server.java:1473)
	at org.apache.hadoop.ipc.Server$Responder.doRespond(Server.java:1543)
	at org.apache.hadoop.ipc.Server$Connection.sendResponse(Server.java:2593)
	at org.apache.hadoop.ipc.Server$Connection.access$300(Server.java:1615)
	at org.apache.hadoop.ipc.Server$RpcCall.doResponse(Server.java:940)
	at org.apache.hadoop.ipc.Server$Call.sendResponse(Server.java:774)
	at org.apache.hadoop.ipc.Server$RpcCall.run(Server.java:885)
	at org.apache.hadoop.ipc.Server$RpcCall.run(Server.java:822)
	at java.security.AccessController.doPrivileged(Native Method)
	at javax.security.auth.Subject.doAs(Subject.java:422)
	at org.apache.hadoop.security.UserGroupInformation.doAs(UserGroupInformation.java:1730)
	at org.apache.hadoop.ipc.Server$Handler.run(Server.java:2682)
2019-09-26 15:09:04,200 [8a411a4f-0e32-4dd1-80b9-a797c2117425@group-3C71898FAFED-SegmentedRaftLogWorker] ERROR segmented.SegmentedRaftLogWorker (SegmentedRaftLogWorker.java:run(323)) - 8a411a4f-0e32-4dd1-80b9-a797c2117425@group-3C71898FAFED-SegmentedRaftLogWorker hit exception
java.lang.OutOfMemoryError: Direct buffer memory
	at java.nio.Bits.reserveMemory(Bits.java:666)
	at java.nio.DirectByteBuffer.<init>(DirectByteBuffer.java:123)
	at java.nio.ByteBuffer.allocateDirect(ByteBuffer.java:311)
	at org.apache.ratis.server.raftlog.segmented.BufferedWriteChannel.<init>(BufferedWriteChannel.java:41)
	at org.apache.ratis.server.raftlog.segmented.SegmentedRaftLogOutputStream.<init>(SegmentedRaftLogOutputStream.java:72)
	at org.apache.ratis.server.raftlog.segmented.SegmentedRaftLogWorker$StartLogSegment.execute(SegmentedRaftLogWorker.java:566)
	at org.apache.ratis.server.raftlog.segmented.SegmentedRaftLogWorker.run(SegmentedRaftLogWorker.java:289)
	at java.lang.Thread.run(Thread.java:748)
2019-09-26 15:09:04,200 [8a411a4f-0e32-4dd1-80b9-a797c2117425@group-C0E431E566D9-SegmentedRaftLogWorker] ERROR segmented.SegmentedRaftLogWorker (SegmentedRaftLogWorker.java:run(323)) - 8a411a4f-0e32-4dd1-80b9-a797c2117425@group-C0E431E566D9-SegmentedRaftLogWorker hit exception
java.lang.OutOfMemoryError: Direct buffer memory
	at java.nio.Bits.reserveMemory(Bits.java:666)
	at java.nio.DirectByteBuffer.<init>(DirectByteBuffer.java:123)
	at java.nio.ByteBuffer.allocateDirect(ByteBuffer.java:311)
	at org.apache.ratis.server.raftlog.segmented.BufferedWriteChannel.<init>(BufferedWriteChannel.java:41)
	at org.apache.ratis.server.raftlog.segmented.SegmentedRaftLogOutputStream.<init>(SegmentedRaftLogOutputStream.java:72)
	at org.apache.ratis.server.raftlog.segmented.SegmentedRaftLogWorker$StartLogSegment.execute(SegmentedRaftLogWorker.java:566)
	at org.apache.ratis.server.raftlog.segmented.SegmentedRaftLogWorker.run(SegmentedRaftLogWorker.java:289)
	at java.lang.Thread.run(Thread.java:748)
2019-09-26 15:09:05,354 [8a411a4f-0e32-4dd1-80b9-a797c2117425@group-C0E431E566D9-SegmentedRaftLogWorker] INFO  impl.RaftServerImpl (RaftServerImpl.java:lambda$shutdown$3(251)) - 8a411a4f-0e32-4dd1-80b9-a797c2117425@group-C0E431E566D9: shutdown
2019-09-26 15:09:03,809 [8a411a4f-0e32-4dd1-80b9-a797c2117425@group-61F50073A647:LeaderElection275] INFO  impl.RaftServerImpl (ServerState.java:setRaftConf(354)) - 8a411a4f-0e32-4dd1-80b9-a797c2117425@group-61F50073A647: set configuration 0: [8a411a4f-0e32-4dd1-80b9-a797c2117425:192.168.151.99:37125], old=null at 0
2019-09-26 15:09:05,354 [8a411a4f-0e32-4dd1-80b9-a797c2117425@group-C0E431E566D9-SegmentedRaftLogWorker] INFO  util.JmxRegister (JmxRegister.java:unregister(73)) - Successfully un-registered JMX Bean with object name Ratis:service=RaftServer,group=group-C0E431E566D9,id=8a411a4f-0e32-4dd1-80b9-a797c2117425
2019-09-26 15:09:05,353 [8a411a4f-0e32-4dd1-80b9-a797c2117425@group-3C71898FAFED-SegmentedRaftLogWorker] INFO  impl.RaftServerImpl (RaftServerImpl.java:lambda$shutdown$3(251)) - 8a411a4f-0e32-4dd1-80b9-a797c2117425@group-3C71898FAFED: shutdown
2019-09-26 15:09:05,354 [8a411a4f-0e32-4dd1-80b9-a797c2117425@group-C0E431E566D9-SegmentedRaftLogWorker] INFO  impl.RoleInfo (RoleInfo.java:shutdownLeaderState(104)) - 8a411a4f-0e32-4dd1-80b9-a797c2117425: shutdown LeaderState
2019-09-26 15:09:05,354 [8a411a4f-0e32-4dd1-80b9-a797c2117425@group-3C71898FAFED-SegmentedRaftLogWorker] INFO  util.JmxRegister (JmxRegister.java:unregister(73)) - Successfully un-registered JMX Bean with object name Ratis:service=RaftServer,group=group-3C71898FAFED,id=8a411a4f-0e32-4dd1-80b9-a797c2117425
2019-09-26 15:09:05,355 [8a411a4f-0e32-4dd1-80b9-a797c2117425@group-3C71898FAFED-SegmentedRaftLogWorker] INFO  impl.RoleInfo (RoleInfo.java:shutdownLeaderState(104)) - 8a411a4f-0e32-4dd1-80b9-a797c2117425: shutdown LeaderState
2019-09-26 15:09:05,354 [8a411a4f-0e32-4dd1-80b9-a797c2117425@group-C0E431E566D9-SegmentedRaftLogWorker] INFO  impl.PendingRequests (PendingRequests.java:sendNotLeaderResponses(202)) - 8a411a4f-0e32-4dd1-80b9-a797c2117425-PendingRequests: sendNotLeaderResponses
2019-09-26 15:09:05,355 [8a411a4f-0e32-4dd1-80b9-a797c2117425@group-3C71898FAFED-SegmentedRaftLogWorker] INFO  impl.PendingRequests (PendingRequests.java:sendNotLeaderResponses(202)) - 8a411a4f-0e32-4dd1-80b9-a797c2117425-PendingRequests: sendNotLeaderResponses
2019-09-26 15:09:05,355 [8a411a4f-0e32-4dd1-80b9-a797c2117425@group-C0E431E566D9-SegmentedRaftLogWorker] INFO  impl.StateMachineUpdater (StateMachineUpdater.java:stopAndJoin(125)) - 8a411a4f-0e32-4dd1-80b9-a797c2117425@group-C0E431E566D9-StateMachineUpdater: set stopIndex = -1
2019-09-26 15:09:05,355 [8a411a4f-0e32-4dd1-80b9-a797c2117425@group-3C71898FAFED-SegmentedRaftLogWorker] INFO  impl.StateMachineUpdater (StateMachineUpdater.java:stopAndJoin(125)) - 8a411a4f-0e32-4dd1-80b9-a797c2117425@group-3C71898FAFED-StateMachineUpdater: set stopIndex = -1
2019-09-26 15:09:05,355 [8a411a4f-0e32-4dd1-80b9-a797c2117425@group-C0E431E566D9-SegmentedRaftLogWorker] INFO  impl.RaftServerImpl (ServerState.java:close(385)) - 8a411a4f-0e32-4dd1-80b9-a797c2117425@group-C0E431E566D9: closes. applyIndex: -1
2019-09-26 15:09:05,355 [8a411a4f-0e32-4dd1-80b9-a797c2117425@group-3C71898FAFED-SegmentedRaftLogWorker] INFO  impl.RaftServerImpl (ServerState.java:close(385)) - 8a411a4f-0e32-4dd1-80b9-a797c2117425@group-3C71898FAFED: closes. applyIndex: -1
2019-09-26 15:09:05,355 [8a411a4f-0e32-4dd1-80b9-a797c2117425@group-C0E431E566D9-SegmentedRaftLogWorker] INFO  segmented.SegmentedRaftLogWorker (SegmentedRaftLogWorker.java:close(228)) - 8a411a4f-0e32-4dd1-80b9-a797c2117425@group-C0E431E566D9-SegmentedRaftLogWorker close()
2019-09-26 15:09:05,355 [8a411a4f-0e32-4dd1-80b9-a797c2117425@group-3C71898FAFED-SegmentedRaftLogWorker] INFO  segmented.SegmentedRaftLogWorker (SegmentedRaftLogWorker.java:close(228)) - 8a411a4f-0e32-4dd1-80b9-a797c2117425@group-3C71898FAFED-SegmentedRaftLogWorker close()
2019-09-26 15:09:05,381 [grpc-default-executor-0] INFO  impl.RaftServerProxy (RaftServerProxy.java:remove(95)) - 8a411a4f-0e32-4dd1-80b9-a797c2117425: remove  FOLLOWER 8a411a4f-0e32-4dd1-80b9-a797c2117425@group-D2B1D6C9CED8:t0, leader=null, voted=null, raftlog=8a411a4f-0e32-4dd1-80b9-a797c2117425@group-D2B1D6C9CED8-SegmentedRaftLog:OPENED:c-1,f-1,i0, conf=-1: [8a411a4f-0e32-4dd1-80b9-a797c2117425:192.168.151.99:37125], old=null RUNNING
2019-09-26 15:09:05,381 [grpc-default-executor-0] INFO  impl.RaftServerImpl (RaftServerImpl.java:lambda$shutdown$3(251)) - 8a411a4f-0e32-4dd1-80b9-a797c2117425@group-D2B1D6C9CED8: shutdown
2019-09-26 15:09:05,382 [grpc-default-executor-0] INFO  util.JmxRegister (JmxRegister.java:unregister(73)) - Successfully un-registered JMX Bean with object name Ratis:service=RaftServer,group=group-D2B1D6C9CED8,id=8a411a4f-0e32-4dd1-80b9-a797c2117425
2019-09-26 15:09:05,382 [grpc-default-executor-0] INFO  impl.RoleInfo (RoleInfo.java:shutdownFollowerState(121)) - 8a411a4f-0e32-4dd1-80b9-a797c2117425: shutdown FollowerState
2019-09-26 15:09:05,382 [grpc-default-executor-0] INFO  impl.StateMachineUpdater (StateMachineUpdater.java:stopAndJoin(125)) - 8a411a4f-0e32-4dd1-80b9-a797c2117425@group-D2B1D6C9CED8-StateMachineUpdater: set stopIndex = -1
2019-09-26 15:09:05,382 [Thread-1635] INFO  impl.FollowerState (FollowerState.java:run(115)) - 8a411a4f-0e32-4dd1-80b9-a797c2117425: FollowerState was interrupted: java.lang.InterruptedException: sleep interrupted
2019-09-26 15:09:05,382 [grpc-default-executor-0] INFO  impl.RaftServerImpl (ServerState.java:close(385)) - 8a411a4f-0e32-4dd1-80b9-a797c2117425@group-D2B1D6C9CED8: closes. applyIndex: -1
2019-09-26 15:09:05,383 [8a411a4f-0e32-4dd1-80b9-a797c2117425@group-D2B1D6C9CED8-SegmentedRaftLogWorker] INFO  segmented.SegmentedRaftLogWorker (SegmentedRaftLogWorker.java:run(313)) - 8a411a4f-0e32-4dd1-80b9-a797c2117425@group-D2B1D6C9CED8-SegmentedRaftLogWorker was interrupted, exiting. There are 0 tasks remaining in the queue.
2019-09-26 15:09:05,383 [grpc-default-executor-0] INFO  segmented.SegmentedRaftLogWorker (SegmentedRaftLogWorker.java:close(228)) - 8a411a4f-0e32-4dd1-80b9-a797c2117425@group-D2B1D6C9CED8-SegmentedRaftLogWorker close()
2019-09-26 15:09:05,605 [8a411a4f-0e32-4dd1-80b9-a797c2117425@group-46ECC70944D4-SegmentedRaftLogWorker] ERROR segmented.SegmentedRaftLogWorker (SegmentedRaftLogWorker.java:run(323)) - 8a411a4f-0e32-4dd1-80b9-a797c2117425@group-46ECC70944D4-SegmentedRaftLogWorker hit exception
java.lang.OutOfMemoryError: Direct buffer memory
	at java.nio.Bits.reserveMemory(Bits.java:666)
	at java.nio.DirectByteBuffer.<init>(DirectByteBuffer.java:123)
	at java.nio.ByteBuffer.allocateDirect(ByteBuffer.java:311)
	at org.apache.ratis.server.raftlog.segmented.BufferedWriteChannel.<init>(BufferedWriteChannel.java:41)
	at org.apache.ratis.server.raftlog.segmented.SegmentedRaftLogOutputStream.<init>(SegmentedRaftLogOutputStream.java:72)
	at org.apache.ratis.server.raftlog.segmented.SegmentedRaftLogWorker$StartLogSegment.execute(SegmentedRaftLogWorker.java:566)
	at org.apache.ratis.server.raftlog.segmented.SegmentedRaftLogWorker.run(SegmentedRaftLogWorker.java:289)
	at java.lang.Thread.run(Thread.java:748)
2019-09-26 15:09:05,605 [8a411a4f-0e32-4dd1-80b9-a797c2117425@group-A5B80CCFC499-SegmentedRaftLogWorker] ERROR segmented.SegmentedRaftLogWorker (SegmentedRaftLogWorker.java:run(323)) - 8a411a4f-0e32-4dd1-80b9-a797c2117425@group-A5B80CCFC499-SegmentedRaftLogWorker hit exception
java.lang.OutOfMemoryError: Direct buffer memory
	at java.nio.Bits.reserveMemory(Bits.java:666)
	at java.nio.DirectByteBuffer.<init>(DirectByteBuffer.java:123)
	at java.nio.ByteBuffer.allocateDirect(ByteBuffer.java:311)
	at org.apache.ratis.server.raftlog.segmented.BufferedWriteChannel.<init>(BufferedWriteChannel.java:41)
	at org.apache.ratis.server.raftlog.segmented.SegmentedRaftLogOutputStream.<init>(SegmentedRaftLogOutputStream.java:72)
	at org.apache.ratis.server.raftlog.segmented.SegmentedRaftLogWorker$StartLogSegment.execute(SegmentedRaftLogWorker.java:566)
	at org.apache.ratis.server.raftlog.segmented.SegmentedRaftLogWorker.run(SegmentedRaftLogWorker.java:289)
	at java.lang.Thread.run(Thread.java:748)
2019-09-26 15:09:05,605 [8a411a4f-0e32-4dd1-80b9-a797c2117425@group-46ECC70944D4-SegmentedRaftLogWorker] INFO  impl.RaftServerImpl (RaftServerImpl.java:lambda$shutdown$3(251)) - 8a411a4f-0e32-4dd1-80b9-a797c2117425@group-46ECC70944D4: shutdown
2019-09-26 15:09:05,605 [8a411a4f-0e32-4dd1-80b9-a797c2117425@group-A5B80CCFC499-SegmentedRaftLogWorker] INFO  impl.RaftServerImpl (RaftServerImpl.java:lambda$shutdown$3(251)) - 8a411a4f-0e32-4dd1-80b9-a797c2117425@group-A5B80CCFC499: shutdown
2019-09-26 15:09:05,606 [8a411a4f-0e32-4dd1-80b9-a797c2117425@group-46ECC70944D4-SegmentedRaftLogWorker] INFO  util.JmxRegister (JmxRegister.java:unregister(73)) - Successfully un-registered JMX Bean with object name Ratis:service=RaftServer,group=group-46ECC70944D4,id=8a411a4f-0e32-4dd1-80b9-a797c2117425
2019-09-26 15:09:05,606 [8a411a4f-0e32-4dd1-80b9-a797c2117425@group-A5B80CCFC499-SegmentedRaftLogWorker] INFO  util.JmxRegister (JmxRegister.java:unregister(73)) - Successfully un-registered JMX Bean with object name Ratis:service=RaftServer,group=group-A5B80CCFC499,id=8a411a4f-0e32-4dd1-80b9-a797c2117425
2019-09-26 15:09:05,606 [8a411a4f-0e32-4dd1-80b9-a797c2117425@group-46ECC70944D4-SegmentedRaftLogWorker] INFO  impl.RoleInfo (RoleInfo.java:shutdownLeaderState(104)) - 8a411a4f-0e32-4dd1-80b9-a797c2117425: shutdown LeaderState
2019-09-26 15:09:05,606 [8a411a4f-0e32-4dd1-80b9-a797c2117425@group-A5B80CCFC499-SegmentedRaftLogWorker] INFO  impl.RoleInfo (RoleInfo.java:shutdownLeaderState(104)) - 8a411a4f-0e32-4dd1-80b9-a797c2117425: shutdown LeaderState
2019-09-26 15:09:05,606 [8a411a4f-0e32-4dd1-80b9-a797c2117425@group-46ECC70944D4-SegmentedRaftLogWorker] INFO  impl.PendingRequests (PendingRequests.java:sendNotLeaderResponses(202)) - 8a411a4f-0e32-4dd1-80b9-a797c2117425-PendingRequests: sendNotLeaderResponses
2019-09-26 15:09:05,606 [8a411a4f-0e32-4dd1-80b9-a797c2117425@group-A5B80CCFC499-SegmentedRaftLogWorker] INFO  impl.PendingRequests (PendingRequests.java:sendNotLeaderResponses(202)) - 8a411a4f-0e32-4dd1-80b9-a797c2117425-PendingRequests: sendNotLeaderResponses
2019-09-26 15:09:05,606 [8a411a4f-0e32-4dd1-80b9-a797c2117425@group-46ECC70944D4-SegmentedRaftLogWorker] INFO  impl.StateMachineUpdater (StateMachineUpdater.java:stopAndJoin(125)) - 8a411a4f-0e32-4dd1-80b9-a797c2117425@group-46ECC70944D4-StateMachineUpdater: set stopIndex = -1
2019-09-26 15:09:05,606 [8a411a4f-0e32-4dd1-80b9-a797c2117425@group-A5B80CCFC499-SegmentedRaftLogWorker] INFO  impl.StateMachineUpdater (StateMachineUpdater.java:stopAndJoin(125)) - 8a411a4f-0e32-4dd1-80b9-a797c2117425@group-A5B80CCFC499-StateMachineUpdater: set stopIndex = -1
2019-09-26 15:09:05,606 [8a411a4f-0e32-4dd1-80b9-a797c2117425@group-46ECC70944D4-SegmentedRaftLogWorker] INFO  impl.RaftServerImpl (ServerState.java:close(385)) - 8a411a4f-0e32-4dd1-80b9-a797c2117425@group-46ECC70944D4: closes. applyIndex: -1
2019-09-26 15:09:05,607 [8a411a4f-0e32-4dd1-80b9-a797c2117425@group-A5B80CCFC499-SegmentedRaftLogWorker] INFO  impl.RaftServerImpl (ServerState.java:close(385)) - 8a411a4f-0e32-4dd1-80b9-a797c2117425@group-A5B80CCFC499: closes. applyIndex: -1
2019-09-26 15:09:05,607 [8a411a4f-0e32-4dd1-80b9-a797c2117425@group-46ECC70944D4-SegmentedRaftLogWorker] INFO  segmented.SegmentedRaftLogWorker (SegmentedRaftLogWorker.java:close(228)) - 8a411a4f-0e32-4dd1-80b9-a797c2117425@group-46ECC70944D4-SegmentedRaftLogWorker close()
2019-09-26 15:09:05,607 [8a411a4f-0e32-4dd1-80b9-a797c2117425@group-A5B80CCFC499-SegmentedRaftLogWorker] INFO  segmented.SegmentedRaftLogWorker (SegmentedRaftLogWorker.java:close(228)) - 8a411a4f-0e32-4dd1-80b9-a797c2117425@group-A5B80CCFC499-SegmentedRaftLogWorker close()
2019-09-26 15:09:05,797 [8a411a4f-0e32-4dd1-80b9-a797c2117425@group-5915C1BC536E-SegmentedRaftLogWorker] ERROR segmented.SegmentedRaftLogWorker (SegmentedRaftLogWorker.java:run(323)) - 8a411a4f-0e32-4dd1-80b9-a797c2117425@group-5915C1BC536E-SegmentedRaftLogWorker hit exception
java.lang.OutOfMemoryError: Direct buffer memory
	at java.nio.Bits.reserveMemory(Bits.java:666)
	at java.nio.DirectByteBuffer.<init>(DirectByteBuffer.java:123)
	at java.nio.ByteBuffer.allocateDirect(ByteBuffer.java:311)
	at org.apache.ratis.server.raftlog.segmented.BufferedWriteChannel.<init>(BufferedWriteChannel.java:41)
	at org.apache.ratis.server.raftlog.segmented.SegmentedRaftLogOutputStream.<init>(SegmentedRaftLogOutputStream.java:72)
	at org.apache.ratis.server.raftlog.segmented.SegmentedRaftLogWorker$StartLogSegment.execute(SegmentedRaftLogWorker.java:566)
	at org.apache.ratis.server.raftlog.segmented.SegmentedRaftLogWorker.run(SegmentedRaftLogWorker.java:289)
	at java.lang.Thread.run(Thread.java:748)
2019-09-26 15:09:05,797 [8a411a4f-0e32-4dd1-80b9-a797c2117425@group-533E6FD97CDD-SegmentedRaftLogWorker] ERROR segmented.SegmentedRaftLogWorker (SegmentedRaftLogWorker.java:run(323)) - 8a411a4f-0e32-4dd1-80b9-a797c2117425@group-533E6FD97CDD-SegmentedRaftLogWorker hit exception
java.lang.OutOfMemoryError: Direct buffer memory
	at java.nio.Bits.reserveMemory(Bits.java:666)
	at java.nio.DirectByteBuffer.<init>(DirectByteBuffer.java:123)
	at java.nio.ByteBuffer.allocateDirect(ByteBuffer.java:311)
	at org.apache.ratis.server.raftlog.segmented.BufferedWriteChannel.<init>(BufferedWriteChannel.java:41)
	at org.apache.ratis.server.raftlog.segmented.SegmentedRaftLogOutputStream.<init>(SegmentedRaftLogOutputStream.java:72)
	at org.apache.ratis.server.raftlog.segmented.SegmentedRaftLogWorker$StartLogSegment.execute(SegmentedRaftLogWorker.java:566)
	at org.apache.ratis.server.raftlog.segmented.SegmentedRaftLogWorker.run(SegmentedRaftLogWorker.java:289)
	at java.lang.Thread.run(Thread.java:748)
2019-09-26 15:09:05,797 [8a411a4f-0e32-4dd1-80b9-a797c2117425@group-533E6FD97CDD-SegmentedRaftLogWorker] INFO  impl.RaftServerImpl (RaftServerImpl.java:lambda$shutdown$3(251)) - 8a411a4f-0e32-4dd1-80b9-a797c2117425@group-533E6FD97CDD: shutdown
2019-09-26 15:09:05,797 [8a411a4f-0e32-4dd1-80b9-a797c2117425@group-56CC94C0701C-SegmentedRaftLogWorker] ERROR segmented.SegmentedRaftLogWorker (SegmentedRaftLogWorker.java:run(323)) - 8a411a4f-0e32-4dd1-80b9-a797c2117425@group-56CC94C0701C-SegmentedRaftLogWorker hit exception
java.lang.OutOfMemoryError: Direct buffer memory
	at java.nio.Bits.reserveMemory(Bits.java:666)
	at java.nio.DirectByteBuffer.<init>(DirectByteBuffer.java:123)
	at java.nio.ByteBuffer.allocateDirect(ByteBuffer.java:311)
	at org.apache.ratis.server.raftlog.segmented.BufferedWriteChannel.<init>(BufferedWriteChannel.java:41)
	at org.apache.ratis.server.raftlog.segmented.SegmentedRaftLogOutputStream.<init>(SegmentedRaftLogOutputStream.java:72)
	at org.apache.ratis.server.raftlog.segmented.SegmentedRaftLogWorker$StartLogSegment.execute(SegmentedRaftLogWorker.java:566)
	at org.apache.ratis.server.raftlog.segmented.SegmentedRaftLogWorker.run(SegmentedRaftLogWorker.java:289)
	at java.lang.Thread.run(Thread.java:748)
2019-09-26 15:09:05,797 [8a411a4f-0e32-4dd1-80b9-a797c2117425@group-533E6FD97CDD-SegmentedRaftLogWorker] INFO  util.JmxRegister (JmxRegister.java:unregister(73)) - Successfully un-registered JMX Bean with object name Ratis:service=RaftServer,group=group-533E6FD97CDD,id=8a411a4f-0e32-4dd1-80b9-a797c2117425
2019-09-26 15:09:05,797 [8a411a4f-0e32-4dd1-80b9-a797c2117425@group-5915C1BC536E-SegmentedRaftLogWorker] INFO  impl.RaftServerImpl (RaftServerImpl.java:lambda$shutdown$3(251)) - 8a411a4f-0e32-4dd1-80b9-a797c2117425@group-5915C1BC536E: shutdown
2019-09-26 15:09:05,798 [8a411a4f-0e32-4dd1-80b9-a797c2117425@group-533E6FD97CDD-SegmentedRaftLogWorker] INFO  impl.RoleInfo (RoleInfo.java:shutdownLeaderState(104)) - 8a411a4f-0e32-4dd1-80b9-a797c2117425: shutdown LeaderState
2019-09-26 15:09:05,798 [8a411a4f-0e32-4dd1-80b9-a797c2117425@group-56CC94C0701C-SegmentedRaftLogWorker] INFO  impl.RaftServerImpl (RaftServerImpl.java:lambda$shutdown$3(251)) - 8a411a4f-0e32-4dd1-80b9-a797c2117425@group-56CC94C0701C: shutdown
2019-09-26 15:09:05,798 [8a411a4f-0e32-4dd1-80b9-a797c2117425@group-533E6FD97CDD-SegmentedRaftLogWorker] INFO  impl.PendingRequests (PendingRequests.java:sendNotLeaderResponses(202)) - 8a411a4f-0e32-4dd1-80b9-a797c2117425-PendingRequests: sendNotLeaderResponses
2019-09-26 15:09:05,798 [8a411a4f-0e32-4dd1-80b9-a797c2117425@group-5915C1BC536E-SegmentedRaftLogWorker] INFO  util.JmxRegister (JmxRegister.java:unregister(73)) - Successfully un-registered JMX Bean with object name Ratis:service=RaftServer,group=group-5915C1BC536E,id=8a411a4f-0e32-4dd1-80b9-a797c2117425
2019-09-26 15:09:05,798 [8a411a4f-0e32-4dd1-80b9-a797c2117425@group-533E6FD97CDD-SegmentedRaftLogWorker] INFO  impl.StateMachineUpdater (StateMachineUpdater.java:stopAndJoin(125)) - 8a411a4f-0e32-4dd1-80b9-a797c2117425@group-533E6FD97CDD-StateMachineUpdater: set stopIndex = -1
2019-09-26 15:09:05,799 [8a411a4f-0e32-4dd1-80b9-a797c2117425@group-533E6FD97CDD-SegmentedRaftLogWorker] INFO  impl.RaftServerImpl (ServerState.java:close(385)) - 8a411a4f-0e32-4dd1-80b9-a797c2117425@group-533E6FD97CDD: closes. applyIndex: -1
2019-09-26 15:09:05,798 [8a411a4f-0e32-4dd1-80b9-a797c2117425@group-56CC94C0701C-SegmentedRaftLogWorker] INFO  util.JmxRegister (JmxRegister.java:unregister(73)) - Successfully un-registered JMX Bean with object name Ratis:service=RaftServer,group=group-56CC94C0701C,id=8a411a4f-0e32-4dd1-80b9-a797c2117425
2019-09-26 15:09:05,799 [8a411a4f-0e32-4dd1-80b9-a797c2117425@group-533E6FD97CDD-SegmentedRaftLogWorker] INFO  segmented.SegmentedRaftLogWorker (SegmentedRaftLogWorker.java:close(228)) - 8a411a4f-0e32-4dd1-80b9-a797c2117425@group-533E6FD97CDD-SegmentedRaftLogWorker close()
2019-09-26 15:09:05,798 [8a411a4f-0e32-4dd1-80b9-a797c2117425@group-5915C1BC536E-SegmentedRaftLogWorker] INFO  impl.RoleInfo (RoleInfo.java:shutdownLeaderState(104)) - 8a411a4f-0e32-4dd1-80b9-a797c2117425: shutdown LeaderState
2019-09-26 15:09:05,799 [8a411a4f-0e32-4dd1-80b9-a797c2117425@group-56CC94C0701C-SegmentedRaftLogWorker] INFO  impl.RoleInfo (RoleInfo.java:shutdownLeaderState(104)) - 8a411a4f-0e32-4dd1-80b9-a797c2117425: shutdown LeaderState
2019-09-26 15:09:05,799 [8a411a4f-0e32-4dd1-80b9-a797c2117425@group-5915C1BC536E-SegmentedRaftLogWorker] INFO  impl.PendingRequests (PendingRequests.java:sendNotLeaderResponses(202)) - 8a411a4f-0e32-4dd1-80b9-a797c2117425-PendingRequests: sendNotLeaderResponses
2019-09-26 15:09:05,799 [8a411a4f-0e32-4dd1-80b9-a797c2117425@group-53CD7F03AB35-SegmentedRaftLogWorker] ERROR segmented.SegmentedRaftLogWorker (SegmentedRaftLogWorker.java:run(323)) - 8a411a4f-0e32-4dd1-80b9-a797c2117425@group-53CD7F03AB35-SegmentedRaftLogWorker hit exception
java.lang.OutOfMemoryError: Direct buffer memory
	at java.nio.Bits.reserveMemory(Bits.java:666)
	at java.nio.DirectByteBuffer.<init>(DirectByteBuffer.java:123)
	at java.nio.ByteBuffer.allocateDirect(ByteBuffer.java:311)
	at org.apache.ratis.server.raftlog.segmented.BufferedWriteChannel.<init>(BufferedWriteChannel.java:41)
	at org.apache.ratis.server.raftlog.segmented.SegmentedRaftLogOutputStream.<init>(SegmentedRaftLogOutputStream.java:72)
	at org.apache.ratis.server.raftlog.segmented.SegmentedRaftLogWorker$StartLogSegment.execute(SegmentedRaftLogWorker.java:566)
	at org.apache.ratis.server.raftlog.segmented.SegmentedRaftLogWorker.run(SegmentedRaftLogWorker.java:289)
	at java.lang.Thread.run(Thread.java:748)
2019-09-26 15:09:05,799 [8a411a4f-0e32-4dd1-80b9-a797c2117425@group-AE0AA035EF40-SegmentedRaftLogWorker] ERROR segmented.SegmentedRaftLogWorker (SegmentedRaftLogWorker.java:run(323)) - 8a411a4f-0e32-4dd1-80b9-a797c2117425@group-AE0AA035EF40-SegmentedRaftLogWorker hit exception
java.lang.OutOfMemoryError: Direct buffer memory
	at java.nio.Bits.reserveMemory(Bits.java:666)
	at java.nio.DirectByteBuffer.<init>(DirectByteBuffer.java:123)
	at java.nio.ByteBuffer.allocateDirect(ByteBuffer.java:311)
	at org.apache.ratis.server.raftlog.segmented.BufferedWriteChannel.<init>(BufferedWriteChannel.java:41)
	at org.apache.ratis.server.raftlog.segmented.SegmentedRaftLogOutputStream.<init>(SegmentedRaftLogOutputStream.java:72)
	at org.apache.ratis.server.raftlog.segmented.SegmentedRaftLogWorker$StartLogSegment.execute(SegmentedRaftLogWorker.java:566)
	at org.apache.ratis.server.raftlog.segmented.SegmentedRaftLogWorker.run(SegmentedRaftLogWorker.java:289)
	at java.lang.Thread.run(Thread.java:748)
2019-09-26 15:09:05,799 [8a411a4f-0e32-4dd1-80b9-a797c2117425@group-56CC94C0701C-SegmentedRaftLogWorker] INFO  impl.PendingRequests (PendingRequests.java:sendNotLeaderResponses(202)) - 8a411a4f-0e32-4dd1-80b9-a797c2117425-PendingRequests: sendNotLeaderResponses
2019-09-26 15:09:05,800 [8a411a4f-0e32-4dd1-80b9-a797c2117425@group-AE0AA035EF40-SegmentedRaftLogWorker] INFO  impl.RaftServerImpl (RaftServerImpl.java:lambda$shutdown$3(251)) - 8a411a4f-0e32-4dd1-80b9-a797c2117425@group-AE0AA035EF40: shutdown
2019-09-26 15:09:05,800 [8a411a4f-0e32-4dd1-80b9-a797c2117425@group-53CD7F03AB35-SegmentedRaftLogWorker] INFO  impl.RaftServerImpl (RaftServerImpl.java:lambda$shutdown$3(251)) - 8a411a4f-0e32-4dd1-80b9-a797c2117425@group-53CD7F03AB35: shutdown
2019-09-26 15:09:05,799 [8a411a4f-0e32-4dd1-80b9-a797c2117425@group-5915C1BC536E-SegmentedRaftLogWorker] INFO  impl.StateMachineUpdater (StateMachineUpdater.java:stopAndJoin(125)) - 8a411a4f-0e32-4dd1-80b9-a797c2117425@group-5915C1BC536E-StateMachineUpdater: set stopIndex = -1
2019-09-26 15:09:05,800 [8a411a4f-0e32-4dd1-80b9-a797c2117425@group-53CD7F03AB35-SegmentedRaftLogWorker] INFO  util.JmxRegister (JmxRegister.java:unregister(73)) - Successfully un-registered JMX Bean with object name Ratis:service=RaftServer,group=group-53CD7F03AB35,id=8a411a4f-0e32-4dd1-80b9-a797c2117425
2019-09-26 15:09:05,800 [8a411a4f-0e32-4dd1-80b9-a797c2117425@group-AE0AA035EF40-SegmentedRaftLogWorker] INFO  util.JmxRegister (JmxRegister.java:unregister(73)) - Successfully un-registered JMX Bean with object name Ratis:service=RaftServer,group=group-AE0AA035EF40,id=8a411a4f-0e32-4dd1-80b9-a797c2117425
2019-09-26 15:09:05,800 [8a411a4f-0e32-4dd1-80b9-a797c2117425@group-56CC94C0701C-SegmentedRaftLogWorker] INFO  impl.StateMachineUpdater (StateMachineUpdater.java:stopAndJoin(125)) - 8a411a4f-0e32-4dd1-80b9-a797c2117425@group-56CC94C0701C-StateMachineUpdater: set stopIndex = -1
2019-09-26 15:09:05,801 [8a411a4f-0e32-4dd1-80b9-a797c2117425@group-AE0AA035EF40-SegmentedRaftLogWorker] INFO  impl.RoleInfo (RoleInfo.java:shutdownLeaderState(104)) - 8a411a4f-0e32-4dd1-80b9-a797c2117425: shutdown LeaderState
2019-09-26 15:09:05,801 [8a411a4f-0e32-4dd1-80b9-a797c2117425@group-53CD7F03AB35-SegmentedRaftLogWorker] INFO  impl.RoleInfo (RoleInfo.java:shutdownLeaderState(104)) - 8a411a4f-0e32-4dd1-80b9-a797c2117425: shutdown LeaderState
2019-09-26 15:09:05,801 [8a411a4f-0e32-4dd1-80b9-a797c2117425@group-5915C1BC536E-SegmentedRaftLogWorker] INFO  impl.RaftServerImpl (ServerState.java:close(385)) - 8a411a4f-0e32-4dd1-80b9-a797c2117425@group-5915C1BC536E: closes. applyIndex: -1
2019-09-26 15:09:05,801 [8a411a4f-0e32-4dd1-80b9-a797c2117425@group-53CD7F03AB35-SegmentedRaftLogWorker] INFO  impl.PendingRequests (PendingRequests.java:sendNotLeaderResponses(202)) - 8a411a4f-0e32-4dd1-80b9-a797c2117425-PendingRequests: sendNotLeaderResponses
2019-09-26 15:09:05,801 [8a411a4f-0e32-4dd1-80b9-a797c2117425@group-AE0AA035EF40-SegmentedRaftLogWorker] INFO  impl.PendingRequests (PendingRequests.java:sendNotLeaderResponses(202)) - 8a411a4f-0e32-4dd1-80b9-a797c2117425-PendingRequests: sendNotLeaderResponses
2019-09-26 15:09:05,801 [8a411a4f-0e32-4dd1-80b9-a797c2117425@group-56CC94C0701C-SegmentedRaftLogWorker] INFO  impl.RaftServerImpl (ServerState.java:close(385)) - 8a411a4f-0e32-4dd1-80b9-a797c2117425@group-56CC94C0701C: closes. applyIndex: -1
2019-09-26 15:09:05,802 [8a411a4f-0e32-4dd1-80b9-a797c2117425@group-AE0AA035EF40-SegmentedRaftLogWorker] INFO  impl.StateMachineUpdater (StateMachineUpdater.java:stopAndJoin(125)) - 8a411a4f-0e32-4dd1-80b9-a797c2117425@group-AE0AA035EF40-StateMachineUpdater: set stopIndex = -1
2019-09-26 15:09:05,802 [8a411a4f-0e32-4dd1-80b9-a797c2117425@group-56CC94C0701C-SegmentedRaftLogWorker] INFO  segmented.SegmentedRaftLogWorker (SegmentedRaftLogWorker.java:close(228)) - 8a411a4f-0e32-4dd1-80b9-a797c2117425@group-56CC94C0701C-SegmentedRaftLogWorker close()
2019-09-26 15:09:05,802 [8a411a4f-0e32-4dd1-80b9-a797c2117425@group-53CD7F03AB35-SegmentedRaftLogWorker] INFO  impl.StateMachineUpdater (StateMachineUpdater.java:stopAndJoin(125)) - 8a411a4f-0e32-4dd1-80b9-a797c2117425@group-53CD7F03AB35-StateMachineUpdater: set stopIndex = -1
2019-09-26 15:09:05,802 [8a411a4f-0e32-4dd1-80b9-a797c2117425@group-53CD7F03AB35-SegmentedRaftLogWorker] INFO  impl.RaftServerImpl (ServerState.java:close(385)) - 8a411a4f-0e32-4dd1-80b9-a797c2117425@group-53CD7F03AB35: closes. applyIndex: -1
2019-09-26 15:09:05,801 [8a411a4f-0e32-4dd1-80b9-a797c2117425@group-5915C1BC536E-SegmentedRaftLogWorker] INFO  segmented.SegmentedRaftLogWorker (SegmentedRaftLogWorker.java:close(228)) - 8a411a4f-0e32-4dd1-80b9-a797c2117425@group-5915C1BC536E-SegmentedRaftLogWorker close()
2019-09-26 15:09:05,802 [8a411a4f-0e32-4dd1-80b9-a797c2117425@group-53CD7F03AB35-SegmentedRaftLogWorker] INFO  segmented.SegmentedRaftLogWorker (SegmentedRaftLogWorker.java:close(228)) - 8a411a4f-0e32-4dd1-80b9-a797c2117425@group-53CD7F03AB35-SegmentedRaftLogWorker close()
2019-09-26 15:09:05,802 [8a411a4f-0e32-4dd1-80b9-a797c2117425@group-AE0AA035EF40-SegmentedRaftLogWorker] INFO  impl.RaftServerImpl (ServerState.java:close(385)) - 8a411a4f-0e32-4dd1-80b9-a797c2117425@group-AE0AA035EF40: closes. applyIndex: -1
2019-09-26 15:09:05,803 [8a411a4f-0e32-4dd1-80b9-a797c2117425@group-AE0AA035EF40-SegmentedRaftLogWorker] INFO  segmented.SegmentedRaftLogWorker (SegmentedRaftLogWorker.java:close(228)) - 8a411a4f-0e32-4dd1-80b9-a797c2117425@group-AE0AA035EF40-SegmentedRaftLogWorker close()
2019-09-26 15:09:05,828 [8a411a4f-0e32-4dd1-80b9-a797c2117425@group-9758B97C7A43-SegmentedRaftLogWorker] ERROR segmented.SegmentedRaftLogWorker (SegmentedRaftLogWorker.java:run(323)) - 8a411a4f-0e32-4dd1-80b9-a797c2117425@group-9758B97C7A43-SegmentedRaftLogWorker hit exception
java.lang.OutOfMemoryError: Direct buffer memory
	at java.nio.Bits.reserveMemory(Bits.java:666)
	at java.nio.DirectByteBuffer.<init>(DirectByteBuffer.java:123)
	at java.nio.ByteBuffer.allocateDirect(ByteBuffer.java:311)
	at org.apache.ratis.server.raftlog.segmented.BufferedWriteChannel.<init>(BufferedWriteChannel.java:41)
	at org.apache.ratis.server.raftlog.segmented.SegmentedRaftLogOutputStream.<init>(SegmentedRaftLogOutputStream.java:72)
	at org.apache.ratis.server.raftlog.segmented.SegmentedRaftLogWorker$StartLogSegment.execute(SegmentedRaftLogWorker.java:566)
	at org.apache.ratis.server.raftlog.segmented.SegmentedRaftLogWorker.run(SegmentedRaftLogWorker.java:289)
	at java.lang.Thread.run(Thread.java:748)
2019-09-26 15:09:05,829 [8a411a4f-0e32-4dd1-80b9-a797c2117425@group-22226669EE23-SegmentedRaftLogWorker] ERROR segmented.SegmentedRaftLogWorker (SegmentedRaftLogWorker.java:run(323)) - 8a411a4f-0e32-4dd1-80b9-a797c2117425@group-22226669EE23-SegmentedRaftLogWorker hit exception
java.lang.OutOfMemoryError: Direct buffer memory
	at java.nio.Bits.reserveMemory(Bits.java:666)
	at java.nio.DirectByteBuffer.<init>(DirectByteBuffer.java:123)
	at java.nio.ByteBuffer.allocateDirect(ByteBuffer.java:311)
	at org.apache.ratis.server.raftlog.segmented.BufferedWriteChannel.<init>(BufferedWriteChannel.java:41)
	at org.apache.ratis.server.raftlog.segmented.SegmentedRaftLogOutputStream.<init>(SegmentedRaftLogOutputStream.java:72)
	at org.apache.ratis.server.raftlog.segmented.SegmentedRaftLogWorker$StartLogSegment.execute(SegmentedRaftLogWorker.java:566)
	at org.apache.ratis.server.raftlog.segmented.SegmentedRaftLogWorker.run(SegmentedRaftLogWorker.java:289)
	at java.lang.Thread.run(Thread.java:748)
2019-09-26 15:09:05,829 [8a411a4f-0e32-4dd1-80b9-a797c2117425@group-22226669EE23-SegmentedRaftLogWorker] INFO  impl.RaftServerImpl (RaftServerImpl.java:lambda$shutdown$3(251)) - 8a411a4f-0e32-4dd1-80b9-a797c2117425@group-22226669EE23: shutdown
2019-09-26 15:09:05,828 [8a411a4f-0e32-4dd1-80b9-a797c2117425@group-00BC2B0139A4-SegmentedRaftLogWorker] ERROR segmented.SegmentedRaftLogWorker (SegmentedRaftLogWorker.java:run(323)) - 8a411a4f-0e32-4dd1-80b9-a797c2117425@group-00BC2B0139A4-SegmentedRaftLogWorker hit exception
java.lang.OutOfMemoryError: Direct buffer memory
	at java.nio.Bits.reserveMemory(Bits.java:666)
	at java.nio.DirectByteBuffer.<init>(DirectByteBuffer.java:123)
	at java.nio.ByteBuffer.allocateDirect(ByteBuffer.java:311)
	at org.apache.ratis.server.raftlog.segmented.BufferedWriteChannel.<init>(BufferedWriteChannel.java:41)
	at org.apache.ratis.server.raftlog.segmented.SegmentedRaftLogOutputStream.<init>(SegmentedRaftLogOutputStream.java:72)
	at org.apache.ratis.server.raftlog.segmented.SegmentedRaftLogWorker$StartLogSegment.execute(SegmentedRaftLogWorker.java:566)
	at org.apache.ratis.server.raftlog.segmented.SegmentedRaftLogWorker.run(SegmentedRaftLogWorker.java:289)
	at java.lang.Thread.run(Thread.java:748)
2019-09-26 15:09:05,828 [8a411a4f-0e32-4dd1-80b9-a797c2117425@group-FEC7288BDF94-SegmentedRaftLogWorker] ERROR segmented.SegmentedRaftLogWorker (SegmentedRaftLogWorker.java:run(323)) - 8a411a4f-0e32-4dd1-80b9-a797c2117425@group-FEC7288BDF94-SegmentedRaftLogWorker hit exception
java.lang.OutOfMemoryError: Direct buffer memory
	at java.nio.Bits.reserveMemory(Bits.java:666)
	at java.nio.DirectByteBuffer.<init>(DirectByteBuffer.java:123)
	at java.nio.ByteBuffer.allocateDirect(ByteBuffer.java:311)
	at org.apache.ratis.server.raftlog.segmented.BufferedWriteChannel.<init>(BufferedWriteChannel.java:41)
	at org.apache.ratis.server.raftlog.segmented.SegmentedRaftLogOutputStream.<init>(SegmentedRaftLogOutputStream.java:72)
	at org.apache.ratis.server.raftlog.segmented.SegmentedRaftLogWorker$StartLogSegment.execute(SegmentedRaftLogWorker.java:566)
	at org.apache.ratis.server.raftlog.segmented.SegmentedRaftLogWorker.run(SegmentedRaftLogWorker.java:289)
	at java.lang.Thread.run(Thread.java:748)
2019-09-26 15:09:05,830 [8a411a4f-0e32-4dd1-80b9-a797c2117425@group-FEC7288BDF94-SegmentedRaftLogWorker] INFO  impl.RaftServerImpl (RaftServerImpl.java:lambda$shutdown$3(251)) - 8a411a4f-0e32-4dd1-80b9-a797c2117425@group-FEC7288BDF94: shutdown
2019-09-26 15:09:05,828 [8a411a4f-0e32-4dd1-80b9-a797c2117425@group-FFBC1D88D468-SegmentedRaftLogWorker] ERROR segmented.SegmentedRaftLogWorker (SegmentedRaftLogWorker.java:run(323)) - 8a411a4f-0e32-4dd1-80b9-a797c2117425@group-FFBC1D88D468-SegmentedRaftLogWorker hit exception
java.lang.OutOfMemoryError: Direct buffer memory
	at java.nio.Bits.reserveMemory(Bits.java:666)
	at java.nio.DirectByteBuffer.<init>(DirectByteBuffer.java:123)
	at java.nio.ByteBuffer.allocateDirect(ByteBuffer.java:311)
	at org.apache.ratis.server.raftlog.segmented.BufferedWriteChannel.<init>(BufferedWriteChannel.java:41)
	at org.apache.ratis.server.raftlog.segmented.SegmentedRaftLogOutputStream.<init>(SegmentedRaftLogOutputStream.java:72)
	at org.apache.ratis.server.raftlog.segmented.SegmentedRaftLogWorker$StartLogSegment.execute(SegmentedRaftLogWorker.java:566)
	at org.apache.ratis.server.raftlog.segmented.SegmentedRaftLogWorker.run(SegmentedRaftLogWorker.java:289)
	at java.lang.Thread.run(Thread.java:748)
2019-09-26 15:09:05,830 [8a411a4f-0e32-4dd1-80b9-a797c2117425@group-FFBC1D88D468-SegmentedRaftLogWorker] INFO  impl.RaftServerImpl (RaftServerImpl.java:lambda$shutdown$3(251)) - 8a411a4f-0e32-4dd1-80b9-a797c2117425@group-FFBC1D88D468: shutdown
2019-09-26 15:09:05,828 [8a411a4f-0e32-4dd1-80b9-a797c2117425@group-8C4965DA48D4-SegmentedRaftLogWorker] ERROR segmented.SegmentedRaftLogWorker (SegmentedRaftLogWorker.java:run(323)) - 8a411a4f-0e32-4dd1-80b9-a797c2117425@group-8C4965DA48D4-SegmentedRaftLogWorker hit exception
java.lang.OutOfMemoryError: Direct buffer memory
	at java.nio.Bits.reserveMemory(Bits.java:666)
	at java.nio.DirectByteBuffer.<init>(DirectByteBuffer.java:123)
	at java.nio.ByteBuffer.allocateDirect(ByteBuffer.java:311)
	at org.apache.ratis.server.raftlog.segmented.BufferedWriteChannel.<init>(BufferedWriteChannel.java:41)
	at org.apache.ratis.server.raftlog.segmented.SegmentedRaftLogOutputStream.<init>(SegmentedRaftLogOutputStream.java:72)
	at org.apache.ratis.server.raftlog.segmented.SegmentedRaftLogWorker$StartLogSegment.execute(SegmentedRaftLogWorker.java:566)
	at org.apache.ratis.server.raftlog.segmented.SegmentedRaftLogWorker.run(SegmentedRaftLogWorker.java:289)
	at java.lang.Thread.run(Thread.java:748)
2019-09-26 15:09:05,830 [8a411a4f-0e32-4dd1-80b9-a797c2117425@group-8C4965DA48D4-SegmentedRaftLogWorker] INFO  impl.RaftServerImpl (RaftServerImpl.java:lambda$shutdown$3(251)) - 8a411a4f-0e32-4dd1-80b9-a797c2117425@group-8C4965DA48D4: shutdown
2019-09-26 15:09:05,829 [8a411a4f-0e32-4dd1-80b9-a797c2117425@group-797476ADB718-SegmentedRaftLogWorker] ERROR segmented.SegmentedRaftLogWorker (SegmentedRaftLogWorker.java:run(323)) - 8a411a4f-0e32-4dd1-80b9-a797c2117425@group-797476ADB718-SegmentedRaftLogWorker hit exception
java.lang.OutOfMemoryError: Direct buffer memory
	at java.nio.Bits.reserveMemory(Bits.java:666)
	at java.nio.DirectByteBuffer.<init>(DirectByteBuffer.java:123)
	at java.nio.ByteBuffer.allocateDirect(ByteBuffer.java:311)
	at org.apache.ratis.server.raftlog.segmented.BufferedWriteChannel.<init>(BufferedWriteChannel.java:41)
	at org.apache.ratis.server.raftlog.segmented.SegmentedRaftLogOutputStream.<init>(SegmentedRaftLogOutputStream.java:72)
	at org.apache.ratis.server.raftlog.segmented.SegmentedRaftLogWorker$StartLogSegment.execute(SegmentedRaftLogWorker.java:566)
	at org.apache.ratis.server.raftlog.segmented.SegmentedRaftLogWorker.run(SegmentedRaftLogWorker.java:289)
	at java.lang.Thread.run(Thread.java:748)
2019-09-26 15:09:05,828 [8a411a4f-0e32-4dd1-80b9-a797c2117425@group-C78D9C690071-SegmentedRaftLogWorker] ERROR segmented.SegmentedRaftLogWorker (SegmentedRaftLogWorker.java:run(323)) - 8a411a4f-0e32-4dd1-80b9-a797c2117425@group-C78D9C690071-SegmentedRaftLogWorker hit exception
java.lang.OutOfMemoryError: Direct buffer memory
	at java.nio.Bits.reserveMemory(Bits.java:666)
	at java.nio.DirectByteBuffer.<init>(DirectByteBuffer.java:123)
	at java.nio.ByteBuffer.allocateDirect(ByteBuffer.java:311)
	at org.apache.ratis.server.raftlog.segmented.BufferedWriteChannel.<init>(BufferedWriteChannel.java:41)
	at org.apache.ratis.server.raftlog.segmented.SegmentedRaftLogOutputStream.<init>(SegmentedRaftLogOutputStream.java:72)
	at org.apache.ratis.server.raftlog.segmented.SegmentedRaftLogWorker$StartLogSegment.execute(SegmentedRaftLogWorker.java:566)
	at org.apache.ratis.server.raftlog.segmented.SegmentedRaftLogWorker.run(SegmentedRaftLogWorker.java:289)
	at java.lang.Thread.run(Thread.java:748)
2019-09-26 15:09:05,828 [8a411a4f-0e32-4dd1-80b9-a797c2117425@group-080076819465-SegmentedRaftLogWorker] ERROR segmented.SegmentedRaftLogWorker (SegmentedRaftLogWorker.java:run(323)) - 8a411a4f-0e32-4dd1-80b9-a797c2117425@group-080076819465-SegmentedRaftLogWorker hit exception
java.lang.OutOfMemoryError: Direct buffer memory
	at java.nio.Bits.reserveMemory(Bits.java:666)
	at java.nio.DirectByteBuffer.<init>(DirectByteBuffer.java:123)
	at java.nio.ByteBuffer.allocateDirect(ByteBuffer.java:311)
	at org.apache.ratis.server.raftlog.segmented.BufferedWriteChannel.<init>(BufferedWriteChannel.java:41)
	at org.apache.ratis.server.raftlog.segmented.SegmentedRaftLogOutputStream.<init>(SegmentedRaftLogOutputStream.java:72)
	at org.apache.ratis.server.raftlog.segmented.SegmentedRaftLogWorker$StartLogSegment.execute(SegmentedRaftLogWorker.java:566)
	at org.apache.ratis.server.raftlog.segmented.SegmentedRaftLogWorker.run(SegmentedRaftLogWorker.java:289)
	at java.lang.Thread.run(Thread.java:748)
2019-09-26 15:09:05,831 [8a411a4f-0e32-4dd1-80b9-a797c2117425@group-080076819465-SegmentedRaftLogWorker] INFO  impl.RaftServerImpl (RaftServerImpl.java:lambda$shutdown$3(251)) - 8a411a4f-0e32-4dd1-80b9-a797c2117425@group-080076819465: shutdown
2019-09-26 15:09:05,829 [8a411a4f-0e32-4dd1-80b9-a797c2117425@group-4A3018D7CF99-SegmentedRaftLogWorker] ERROR segmented.SegmentedRaftLogWorker (SegmentedRaftLogWorker.java:run(323)) - 8a411a4f-0e32-4dd1-80b9-a797c2117425@group-4A3018D7CF99-SegmentedRaftLogWorker hit exception
java.lang.OutOfMemoryError: Direct buffer memory
	at java.nio.Bits.reserveMemory(Bits.java:666)
	at java.nio.DirectByteBuffer.<init>(DirectByteBuffer.java:123)
	at java.nio.ByteBuffer.allocateDirect(ByteBuffer.java:311)
	at org.apache.ratis.server.raftlog.segmented.BufferedWriteChannel.<init>(BufferedWriteChannel.java:41)
	at org.apache.ratis.server.raftlog.segmented.SegmentedRaftLogOutputStream.<init>(SegmentedRaftLogOutputStream.java:72)
	at org.apache.ratis.server.raftlog.segmented.SegmentedRaftLogWorker$StartLogSegment.execute(SegmentedRaftLogWorker.java:566)
	at org.apache.ratis.server.raftlog.segmented.SegmentedRaftLogWorker.run(SegmentedRaftLogWorker.java:289)
	at java.lang.Thread.run(Thread.java:748)
2019-09-26 15:09:05,832 [8a411a4f-0e32-4dd1-80b9-a797c2117425@group-4A3018D7CF99-SegmentedRaftLogWorker] INFO  impl.RaftServerImpl (RaftServerImpl.java:lambda$shutdown$3(251)) - 8a411a4f-0e32-4dd1-80b9-a797c2117425@group-4A3018D7CF99: shutdown
2019-09-26 15:09:05,828 [8a411a4f-0e32-4dd1-80b9-a797c2117425@group-BF52FF77A681-SegmentedRaftLogWorker] ERROR segmented.SegmentedRaftLogWorker (SegmentedRaftLogWorker.java:run(323)) - 8a411a4f-0e32-4dd1-80b9-a797c2117425@group-BF52FF77A681-SegmentedRaftLogWorker hit exception
java.lang.OutOfMemoryError: Direct buffer memory
	at java.nio.Bits.reserveMemory(Bits.java:666)
	at java.nio.DirectByteBuffer.<init>(DirectByteBuffer.java:123)
	at java.nio.ByteBuffer.allocateDirect(ByteBuffer.java:311)
	at org.apache.ratis.server.raftlog.segmented.BufferedWriteChannel.<init>(BufferedWriteChannel.java:41)
	at org.apache.ratis.server.raftlog.segmented.SegmentedRaftLogOutputStream.<init>(SegmentedRaftLogOutputStream.java:72)
	at org.apache.ratis.server.raftlog.segmented.SegmentedRaftLogWorker$StartLogSegment.execute(SegmentedRaftLogWorker.java:566)
	at org.apache.ratis.server.raftlog.segmented.SegmentedRaftLogWorker.run(SegmentedRaftLogWorker.java:289)
	at java.lang.Thread.run(Thread.java:748)
2019-09-26 15:09:05,832 [8a411a4f-0e32-4dd1-80b9-a797c2117425@group-D65568051C37-SegmentedRaftLogWorker] ERROR segmented.SegmentedRaftLogWorker (SegmentedRaftLogWorker.java:run(323)) - 8a411a4f-0e32-4dd1-80b9-a797c2117425@group-D65568051C37-SegmentedRaftLogWorker hit exception
java.lang.OutOfMemoryError: Direct buffer memory
	at java.nio.Bits.reserveMemory(Bits.java:666)
	at java.nio.DirectByteBuffer.<init>(DirectByteBuffer.java:123)
	at java.nio.ByteBuffer.allocateDirect(ByteBuffer.java:311)
	at org.apache.ratis.server.raftlog.segmented.BufferedWriteChannel.<init>(BufferedWriteChannel.java:41)
	at org.apache.ratis.server.raftlog.segmented.SegmentedRaftLogOutputStream.<init>(SegmentedRaftLogOutputStream.java:72)
	at org.apache.ratis.server.raftlog.segmented.SegmentedRaftLogWorker$StartLogSegment.execute(SegmentedRaftLogWorker.java:566)
	at org.apache.ratis.server.raftlog.segmented.SegmentedRaftLogWorker.run(SegmentedRaftLogWorker.java:289)
	at java.lang.Thread.run(Thread.java:748)
2019-09-26 15:09:05,832 [8a411a4f-0e32-4dd1-80b9-a797c2117425@group-D65568051C37-SegmentedRaftLogWorker] INFO  impl.RaftServerImpl (RaftServerImpl.java:lambda$shutdown$3(251)) - 8a411a4f-0e32-4dd1-80b9-a797c2117425@group-D65568051C37: shutdown
2019-09-26 15:09:05,832 [8a411a4f-0e32-4dd1-80b9-a797c2117425@group-E7D8D4CC70D9-SegmentedRaftLogWorker] ERROR segmented.SegmentedRaftLogWorker (SegmentedRaftLogWorker.java:run(323)) - 8a411a4f-0e32-4dd1-80b9-a797c2117425@group-E7D8D4CC70D9-SegmentedRaftLogWorker hit exception
java.lang.OutOfMemoryError: Direct buffer memory
	at java.nio.Bits.reserveMemory(Bits.java:666)
	at java.nio.DirectByteBuffer.<init>(DirectByteBuffer.java:123)
	at java.nio.ByteBuffer.allocateDirect(ByteBuffer.java:311)
	at org.apache.ratis.server.raftlog.segmented.BufferedWriteChannel.<init>(BufferedWriteChannel.java:41)
	at org.apache.ratis.server.raftlog.segmented.SegmentedRaftLogOutputStream.<init>(SegmentedRaftLogOutputStream.java:72)
	at org.apache.ratis.server.raftlog.segmented.SegmentedRaftLogWorker$StartLogSegment.execute(SegmentedRaftLogWorker.java:566)
	at org.apache.ratis.server.raftlog.segmented.SegmentedRaftLogWorker.run(SegmentedRaftLogWorker.java:289)
	at java.lang.Thread.run(Thread.java:748)
2019-09-26 15:09:05,833 [8a411a4f-0e32-4dd1-80b9-a797c2117425@group-E7D8D4CC70D9-SegmentedRaftLogWorker] INFO  impl.RaftServerImpl (RaftServerImpl.java:lambda$shutdown$3(251)) - 8a411a4f-0e32-4dd1-80b9-a797c2117425@group-E7D8D4CC70D9: shutdown
2019-09-26 15:09:05,832 [8a411a4f-0e32-4dd1-80b9-a797c2117425@group-4A3018D7CF99-SegmentedRaftLogWorker] INFO  util.JmxRegister (JmxRegister.java:unregister(73)) - Successfully un-registered JMX Bean with object name Ratis:service=RaftServer,group=group-4A3018D7CF99,id=8a411a4f-0e32-4dd1-80b9-a797c2117425
2019-09-26 15:09:05,831 [8a411a4f-0e32-4dd1-80b9-a797c2117425@group-080076819465-SegmentedRaftLogWorker] INFO  util.JmxRegister (JmxRegister.java:unregister(73)) - Successfully un-registered JMX Bean with object name Ratis:service=RaftServer,group=group-080076819465,id=8a411a4f-0e32-4dd1-80b9-a797c2117425
2019-09-26 15:09:05,831 [8a411a4f-0e32-4dd1-80b9-a797c2117425@group-C78D9C690071-SegmentedRaftLogWorker] INFO  impl.RaftServerImpl (RaftServerImpl.java:lambda$shutdown$3(251)) - 8a411a4f-0e32-4dd1-80b9-a797c2117425@group-C78D9C690071: shutdown
2019-09-26 15:09:05,831 [8a411a4f-0e32-4dd1-80b9-a797c2117425@group-797476ADB718-SegmentedRaftLogWorker] INFO  impl.RaftServerImpl (RaftServerImpl.java:lambda$shutdown$3(251)) - 8a411a4f-0e32-4dd1-80b9-a797c2117425@group-797476ADB718: shutdown
2019-09-26 15:09:05,830 [8a411a4f-0e32-4dd1-80b9-a797c2117425@group-8C4965DA48D4-SegmentedRaftLogWorker] INFO  util.JmxRegister (JmxRegister.java:unregister(73)) - Successfully un-registered JMX Bean with object name Ratis:service=RaftServer,group=group-8C4965DA48D4,id=8a411a4f-0e32-4dd1-80b9-a797c2117425
2019-09-26 15:09:05,830 [8a411a4f-0e32-4dd1-80b9-a797c2117425@group-FFBC1D88D468-SegmentedRaftLogWorker] INFO  util.JmxRegister (JmxRegister.java:unregister(73)) - Successfully un-registered JMX Bean with object name Ratis:service=RaftServer,group=group-FFBC1D88D468,id=8a411a4f-0e32-4dd1-80b9-a797c2117425
2019-09-26 15:09:05,830 [8a411a4f-0e32-4dd1-80b9-a797c2117425@group-FEC7288BDF94-SegmentedRaftLogWorker] INFO  util.JmxRegister (JmxRegister.java:unregister(73)) - Successfully un-registered JMX Bean with object name Ratis:service=RaftServer,group=group-FEC7288BDF94,id=8a411a4f-0e32-4dd1-80b9-a797c2117425
2019-09-26 15:09:05,834 [8a411a4f-0e32-4dd1-80b9-a797c2117425@group-FEC7288BDF94-SegmentedRaftLogWorker] INFO  impl.RoleInfo (RoleInfo.java:shutdownLeaderState(104)) - 8a411a4f-0e32-4dd1-80b9-a797c2117425: shutdown LeaderState
2019-09-26 15:09:05,829 [8a411a4f-0e32-4dd1-80b9-a797c2117425@group-00BC2B0139A4-SegmentedRaftLogWorker] INFO  impl.RaftServerImpl (RaftServerImpl.java:lambda$shutdown$3(251)) - 8a411a4f-0e32-4dd1-80b9-a797c2117425@group-00BC2B0139A4: shutdown
2019-09-26 15:09:05,829 [8a411a4f-0e32-4dd1-80b9-a797c2117425@group-22226669EE23-SegmentedRaftLogWorker] INFO  util.JmxRegister (JmxRegister.java:unregister(73)) - Successfully un-registered JMX Bean with object name Ratis:service=RaftServer,group=group-22226669EE23,id=8a411a4f-0e32-4dd1-80b9-a797c2117425
2019-09-26 15:09:05,834 [8a411a4f-0e32-4dd1-80b9-a797c2117425@group-22226669EE23-SegmentedRaftLogWorker] INFO  impl.RoleInfo (RoleInfo.java:shutdownLeaderState(104)) - 8a411a4f-0e32-4dd1-80b9-a797c2117425: shutdown LeaderState
2019-09-26 15:09:05,829 [8a411a4f-0e32-4dd1-80b9-a797c2117425@group-5709F8A61C02-SegmentedRaftLogWorker] ERROR segmented.SegmentedRaftLogWorker (SegmentedRaftLogWorker.java:run(323)) - 8a411a4f-0e32-4dd1-80b9-a797c2117425@group-5709F8A61C02-SegmentedRaftLogWorker hit exception
java.lang.OutOfMemoryError: Direct buffer memory
	at java.nio.Bits.reserveMemory(Bits.java:666)
	at java.nio.DirectByteBuffer.<init>(DirectByteBuffer.java:123)
	at java.nio.ByteBuffer.allocateDirect(ByteBuffer.java:311)
	at org.apache.ratis.server.raftlog.segmented.BufferedWriteChannel.<init>(BufferedWriteChannel.java:41)
	at org.apache.ratis.server.raftlog.segmented.SegmentedRaftLogOutputStream.<init>(SegmentedRaftLogOutputStream.java:72)
	at org.apache.ratis.server.raftlog.segmented.SegmentedRaftLogWorker$StartLogSegment.execute(SegmentedRaftLogWorker.java:566)
	at org.apache.ratis.server.raftlog.segmented.SegmentedRaftLogWorker.run(SegmentedRaftLogWorker.java:289)
	at java.lang.Thread.run(Thread.java:748)
2019-09-26 15:09:05,829 [8a411a4f-0e32-4dd1-80b9-a797c2117425@group-FF69114B1B03-SegmentedRaftLogWorker] ERROR segmented.SegmentedRaftLogWorker (SegmentedRaftLogWorker.java:run(323)) - 8a411a4f-0e32-4dd1-80b9-a797c2117425@group-FF69114B1B03-SegmentedRaftLogWorker hit exception
java.lang.OutOfMemoryError: Direct buffer memory
	at java.nio.Bits.reserveMemory(Bits.java:666)
	at java.nio.DirectByteBuffer.<init>(DirectByteBuffer.java:123)
	at java.nio.ByteBuffer.allocateDirect(ByteBuffer.java:311)
	at org.apache.ratis.server.raftlog.segmented.BufferedWriteChannel.<init>(BufferedWriteChannel.java:41)
	at org.apache.ratis.server.raftlog.segmented.SegmentedRaftLogOutputStream.<init>(SegmentedRaftLogOutputStream.java:72)
	at org.apache.ratis.server.raftlog.segmented.SegmentedRaftLogWorker$StartLogSegment.execute(SegmentedRaftLogWorker.java:566)
	at org.apache.ratis.server.raftlog.segmented.SegmentedRaftLogWorker.run(SegmentedRaftLogWorker.java:289)
	at java.lang.Thread.run(Thread.java:748)
2019-09-26 15:09:05,829 [8a411a4f-0e32-4dd1-80b9-a797c2117425@group-B82DE6D48904-SegmentedRaftLogWorker] ERROR segmented.SegmentedRaftLogWorker (SegmentedRaftLogWorker.java:run(323)) - 8a411a4f-0e32-4dd1-80b9-a797c2117425@group-B82DE6D48904-SegmentedRaftLogWorker hit exception
java.lang.OutOfMemoryError: Direct buffer memory
	at java.nio.Bits.reserveMemory(Bits.java:666)
	at java.nio.DirectByteBuffer.<init>(DirectByteBuffer.java:123)
	at java.nio.ByteBuffer.allocateDirect(ByteBuffer.java:311)
	at org.apache.ratis.server.raftlog.segmented.BufferedWriteChannel.<init>(BufferedWriteChannel.java:41)
	at org.apache.ratis.server.raftlog.segmented.SegmentedRaftLogOutputStream.<init>(SegmentedRaftLogOutputStream.java:72)
	at org.apache.ratis.server.raftlog.segmented.SegmentedRaftLogWorker$StartLogSegment.execute(SegmentedRaftLogWorker.java:566)
	at org.apache.ratis.server.raftlog.segmented.SegmentedRaftLogWorker.run(SegmentedRaftLogWorker.java:289)
	at java.lang.Thread.run(Thread.java:748)
2019-09-26 15:09:05,835 [8a411a4f-0e32-4dd1-80b9-a797c2117425@group-B82DE6D48904-SegmentedRaftLogWorker] INFO  impl.RaftServerImpl (RaftServerImpl.java:lambda$shutdown$3(251)) - 8a411a4f-0e32-4dd1-80b9-a797c2117425@group-B82DE6D48904: shutdown
2019-09-26 15:09:05,829 [8a411a4f-0e32-4dd1-80b9-a797c2117425@group-9758B97C7A43-SegmentedRaftLogWorker] INFO  impl.RaftServerImpl (RaftServerImpl.java:lambda$shutdown$3(251)) - 8a411a4f-0e32-4dd1-80b9-a797c2117425@group-9758B97C7A43: shutdown
2019-09-26 15:09:05,835 [8a411a4f-0e32-4dd1-80b9-a797c2117425@group-B82DE6D48904-SegmentedRaftLogWorker] INFO  util.JmxRegister (JmxRegister.java:unregister(73)) - Successfully un-registered JMX Bean with object name Ratis:service=RaftServer,group=group-B82DE6D48904,id=8a411a4f-0e32-4dd1-80b9-a797c2117425
2019-09-26 15:09:05,835 [8a411a4f-0e32-4dd1-80b9-a797c2117425@group-FF69114B1B03-SegmentedRaftLogWorker] INFO  impl.RaftServerImpl (RaftServerImpl.java:lambda$shutdown$3(251)) - 8a411a4f-0e32-4dd1-80b9-a797c2117425@group-FF69114B1B03: shutdown
2019-09-26 15:09:05,835 [8a411a4f-0e32-4dd1-80b9-a797c2117425@group-FF69114B1B03-SegmentedRaftLogWorker] INFO  util.JmxRegister (JmxRegister.java:unregister(73)) - Successfully un-registered JMX Bean with object name Ratis:service=RaftServer,group=group-FF69114B1B03,id=8a411a4f-0e32-4dd1-80b9-a797c2117425
2019-09-26 15:09:05,835 [8a411a4f-0e32-4dd1-80b9-a797c2117425@group-5709F8A61C02-SegmentedRaftLogWorker] INFO  impl.RaftServerImpl (RaftServerImpl.java:lambda$shutdown$3(251)) - 8a411a4f-0e32-4dd1-80b9-a797c2117425@group-5709F8A61C02: shutdown
2019-09-26 15:09:05,834 [8a411a4f-0e32-4dd1-80b9-a797c2117425@group-22226669EE23-SegmentedRaftLogWorker] INFO  impl.PendingRequests (PendingRequests.java:sendNotLeaderResponses(202)) - 8a411a4f-0e32-4dd1-80b9-a797c2117425-PendingRequests: sendNotLeaderResponses
2019-09-26 15:09:05,834 [8a411a4f-0e32-4dd1-80b9-a797c2117425@group-00BC2B0139A4-SegmentedRaftLogWorker] INFO  util.JmxRegister (JmxRegister.java:unregister(73)) - Successfully un-registered JMX Bean with object name Ratis:service=RaftServer,group=group-00BC2B0139A4,id=8a411a4f-0e32-4dd1-80b9-a797c2117425
2019-09-26 15:09:05,834 [8a411a4f-0e32-4dd1-80b9-a797c2117425@group-FEC7288BDF94-SegmentedRaftLogWorker] INFO  impl.PendingRequests (PendingRequests.java:sendNotLeaderResponses(202)) - 8a411a4f-0e32-4dd1-80b9-a797c2117425-PendingRequests: sendNotLeaderResponses
2019-09-26 15:09:05,834 [8a411a4f-0e32-4dd1-80b9-a797c2117425@group-FFBC1D88D468-SegmentedRaftLogWorker] INFO  impl.RoleInfo (RoleInfo.java:shutdownLeaderState(104)) - 8a411a4f-0e32-4dd1-80b9-a797c2117425: shutdown LeaderState
2019-09-26 15:09:05,836 [8a411a4f-0e32-4dd1-80b9-a797c2117425@group-6A12D702F30C-SegmentedRaftLogWorker] ERROR segmented.SegmentedRaftLogWorker (SegmentedRaftLogWorker.java:run(323)) - 8a411a4f-0e32-4dd1-80b9-a797c2117425@group-6A12D702F30C-SegmentedRaftLogWorker hit exception
java.lang.OutOfMemoryError: Direct buffer memory
	at java.nio.Bits.reserveMemory(Bits.java:666)
	at java.nio.DirectByteBuffer.<init>(DirectByteBuffer.java:123)
	at java.nio.ByteBuffer.allocateDirect(ByteBuffer.java:311)
	at org.apache.ratis.server.raftlog.segmented.BufferedWriteChannel.<init>(BufferedWriteChannel.java:41)
	at org.apache.ratis.server.raftlog.segmented.SegmentedRaftLogOutputStream.<init>(SegmentedRaftLogOutputStream.java:72)
	at org.apache.ratis.server.raftlog.segmented.SegmentedRaftLogWorker$StartLogSegment.execute(SegmentedRaftLogWorker.java:566)
	at org.apache.ratis.server.raftlog.segmented.SegmentedRaftLogWorker.run(SegmentedRaftLogWorker.java:289)
	at java.lang.Thread.run(Thread.java:748)
2019-09-26 15:09:05,836 [8a411a4f-0e32-4dd1-80b9-a797c2117425@group-6A12D702F30C-SegmentedRaftLogWorker] INFO  impl.RaftServerImpl (RaftServerImpl.java:lambda$shutdown$3(251)) - 8a411a4f-0e32-4dd1-80b9-a797c2117425@group-6A12D702F30C: shutdown
2019-09-26 15:09:05,834 [8a411a4f-0e32-4dd1-80b9-a797c2117425@group-8C4965DA48D4-SegmentedRaftLogWorker] INFO  impl.RoleInfo (RoleInfo.java:shutdownLeaderState(104)) - 8a411a4f-0e32-4dd1-80b9-a797c2117425: shutdown LeaderState
2019-09-26 15:09:05,833 [8a411a4f-0e32-4dd1-80b9-a797c2117425@group-797476ADB718-SegmentedRaftLogWorker] INFO  util.JmxRegister (JmxRegister.java:unregister(73)) - Successfully un-registered JMX Bean with object name Ratis:service=RaftServer,group=group-797476ADB718,id=8a411a4f-0e32-4dd1-80b9-a797c2117425
2019-09-26 15:09:05,833 [8a411a4f-0e32-4dd1-80b9-a797c2117425@group-C78D9C690071-SegmentedRaftLogWorker] INFO  util.JmxRegister (JmxRegister.java:unregister(73)) - Successfully un-registered JMX Bean with object name Ratis:service=RaftServer,group=group-C78D9C690071,id=8a411a4f-0e32-4dd1-80b9-a797c2117425
2019-09-26 15:09:05,833 [8a411a4f-0e32-4dd1-80b9-a797c2117425@group-080076819465-SegmentedRaftLogWorker] INFO  impl.RoleInfo (RoleInfo.java:shutdownLeaderState(104)) - 8a411a4f-0e32-4dd1-80b9-a797c2117425: shutdown LeaderState
2019-09-26 15:09:05,833 [8a411a4f-0e32-4dd1-80b9-a797c2117425@group-4A3018D7CF99-SegmentedRaftLogWorker] INFO  impl.RoleInfo (RoleInfo.java:shutdownLeaderState(104)) - 8a411a4f-0e32-4dd1-80b9-a797c2117425: shutdown LeaderState
2019-09-26 15:09:05,837 [8a411a4f-0e32-4dd1-80b9-a797c2117425@group-4A3018D7CF99-SegmentedRaftLogWorker] INFO  impl.PendingRequests (PendingRequests.java:sendNotLeaderResponses(202)) - 8a411a4f-0e32-4dd1-80b9-a797c2117425-PendingRequests: sendNotLeaderResponses
2019-09-26 15:09:05,833 [8a411a4f-0e32-4dd1-80b9-a797c2117425@group-E7D8D4CC70D9-SegmentedRaftLogWorker] INFO  util.JmxRegister (JmxRegister.java:unregister(73)) - Successfully un-registered JMX Bean with object name Ratis:service=RaftServer,group=group-E7D8D4CC70D9,id=8a411a4f-0e32-4dd1-80b9-a797c2117425
2019-09-26 15:09:05,837 [8a411a4f-0e32-4dd1-80b9-a797c2117425@group-E7D8D4CC70D9-SegmentedRaftLogWorker] INFO  impl.RoleInfo (RoleInfo.java:shutdownLeaderState(104)) - 8a411a4f-0e32-4dd1-80b9-a797c2117425: shutdown LeaderState
2019-09-26 15:09:05,833 [8a411a4f-0e32-4dd1-80b9-a797c2117425@group-D65568051C37-SegmentedRaftLogWorker] INFO  util.JmxRegister (JmxRegister.java:unregister(73)) - Successfully un-registered JMX Bean with object name Ratis:service=RaftServer,group=group-D65568051C37,id=8a411a4f-0e32-4dd1-80b9-a797c2117425
2019-09-26 15:09:05,832 [8a411a4f-0e32-4dd1-80b9-a797c2117425@group-BF52FF77A681-SegmentedRaftLogWorker] INFO  impl.RaftServerImpl (RaftServerImpl.java:lambda$shutdown$3(251)) - 8a411a4f-0e32-4dd1-80b9-a797c2117425@group-BF52FF77A681: shutdown
2019-09-26 15:09:05,838 [8a411a4f-0e32-4dd1-80b9-a797c2117425@group-D65568051C37-SegmentedRaftLogWorker] INFO  impl.RoleInfo (RoleInfo.java:shutdownLeaderState(104)) - 8a411a4f-0e32-4dd1-80b9-a797c2117425: shutdown LeaderState
2019-09-26 15:09:05,838 [8a411a4f-0e32-4dd1-80b9-a797c2117425@group-E7D8D4CC70D9-SegmentedRaftLogWorker] INFO  impl.PendingRequests (PendingRequests.java:sendNotLeaderResponses(202)) - 8a411a4f-0e32-4dd1-80b9-a797c2117425-PendingRequests: sendNotLeaderResponses
2019-09-26 15:09:05,837 [8a411a4f-0e32-4dd1-80b9-a797c2117425@group-4A3018D7CF99-SegmentedRaftLogWorker] INFO  impl.StateMachineUpdater (StateMachineUpdater.java:stopAndJoin(125)) - 8a411a4f-0e32-4dd1-80b9-a797c2117425@group-4A3018D7CF99-StateMachineUpdater: set stopIndex = -1
2019-09-26 15:09:05,837 [8a411a4f-0e32-4dd1-80b9-a797c2117425@group-080076819465-SegmentedRaftLogWorker] INFO  impl.PendingRequests (PendingRequests.java:sendNotLeaderResponses(202)) - 8a411a4f-0e32-4dd1-80b9-a797c2117425-PendingRequests: sendNotLeaderResponses
2019-09-26 15:09:05,837 [8a411a4f-0e32-4dd1-80b9-a797c2117425@group-C78D9C690071-SegmentedRaftLogWorker] INFO  impl.RoleInfo (RoleInfo.java:shutdownLeaderState(104)) - 8a411a4f-0e32-4dd1-80b9-a797c2117425: shutdown LeaderState
2019-09-26 15:09:05,837 [8a411a4f-0e32-4dd1-80b9-a797c2117425@group-797476ADB718-SegmentedRaftLogWorker] INFO  impl.RoleInfo (RoleInfo.java:shutdownLeaderState(104)) - 8a411a4f-0e32-4dd1-80b9-a797c2117425: shutdown LeaderState
2019-09-26 15:09:05,837 [8a411a4f-0e32-4dd1-80b9-a797c2117425@group-8C4965DA48D4-SegmentedRaftLogWorker] INFO  impl.PendingRequests (PendingRequests.java:sendNotLeaderResponses(202)) - 8a411a4f-0e32-4dd1-80b9-a797c2117425-PendingRequests: sendNotLeaderResponses
2019-09-26 15:09:05,837 [8a411a4f-0e32-4dd1-80b9-a797c2117425@group-6A12D702F30C-SegmentedRaftLogWorker] INFO  util.JmxRegister (JmxRegister.java:unregister(73)) - Successfully un-registered JMX Bean with object name Ratis:service=RaftServer,group=group-6A12D702F30C,id=8a411a4f-0e32-4dd1-80b9-a797c2117425
2019-09-26 15:09:05,839 [8a411a4f-0e32-4dd1-80b9-a797c2117425@group-6A12D702F30C-SegmentedRaftLogWorker] INFO  impl.RoleInfo (RoleInfo.java:shutdownLeaderState(104)) - 8a411a4f-0e32-4dd1-80b9-a797c2117425: shutdown LeaderState
2019-09-26 15:09:05,836 [8a411a4f-0e32-4dd1-80b9-a797c2117425@group-B50C770756F4-SegmentedRaftLogWorker] ERROR segmented.SegmentedRaftLogWorker (SegmentedRaftLogWorker.java:run(323)) - 8a411a4f-0e32-4dd1-80b9-a797c2117425@group-B50C770756F4-SegmentedRaftLogWorker hit exception
java.lang.OutOfMemoryError: Direct buffer memory
	at java.nio.Bits.reserveMemory(Bits.java:666)
	at java.nio.DirectByteBuffer.<init>(DirectByteBuffer.java:123)
	at java.nio.ByteBuffer.allocateDirect(ByteBuffer.java:311)
	at org.apache.ratis.server.raftlog.segmented.BufferedWriteChannel.<init>(BufferedWriteChannel.java:41)
	at org.apache.ratis.server.raftlog.segmented.SegmentedRaftLogOutputStream.<init>(SegmentedRaftLogOutputStream.java:72)
	at org.apache.ratis.server.raftlog.segmented.SegmentedRaftLogWorker$StartLogSegment.execute(SegmentedRaftLogWorker.java:566)
	at org.apache.ratis.server.raftlog.segmented.SegmentedRaftLogWorker.run(SegmentedRaftLogWorker.java:289)
	at java.lang.Thread.run(Thread.java:748)
2019-09-26 15:09:05,839 [8a411a4f-0e32-4dd1-80b9-a797c2117425@group-B50C770756F4-SegmentedRaftLogWorker] INFO  impl.RaftServerImpl (RaftServerImpl.java:lambda$shutdown$3(251)) - 8a411a4f-0e32-4dd1-80b9-a797c2117425@group-B50C770756F4: shutdown
2019-09-26 15:09:05,836 [8a411a4f-0e32-4dd1-80b9-a797c2117425@group-FFBC1D88D468-SegmentedRaftLogWorker] INFO  impl.PendingRequests (PendingRequests.java:sendNotLeaderResponses(202)) - 8a411a4f-0e32-4dd1-80b9-a797c2117425-PendingRequests: sendNotLeaderResponses
2019-09-26 15:09:05,836 [8a411a4f-0e32-4dd1-80b9-a797c2117425@group-9FBC4F4584D8-SegmentedRaftLogWorker] ERROR segmented.SegmentedRaftLogWorker (SegmentedRaftLogWorker.java:run(323)) - 8a411a4f-0e32-4dd1-80b9-a797c2117425@group-9FBC4F4584D8-SegmentedRaftLogWorker hit exception
java.lang.OutOfMemoryError: Direct buffer memory
	at java.nio.Bits.reserveMemory(Bits.java:666)
	at java.nio.DirectByteBuffer.<init>(DirectByteBuffer.java:123)
	at java.nio.ByteBuffer.allocateDirect(ByteBuffer.java:311)
	at org.apache.ratis.server.raftlog.segmented.BufferedWriteChannel.<init>(BufferedWriteChannel.java:41)
	at org.apache.ratis.server.raftlog.segmented.SegmentedRaftLogOutputStream.<init>(SegmentedRaftLogOutputStream.java:72)
	at org.apache.ratis.server.raftlog.segmented.SegmentedRaftLogWorker$StartLogSegment.execute(SegmentedRaftLogWorker.java:566)
	at org.apache.ratis.server.raftlog.segmented.SegmentedRaftLogWorker.run(SegmentedRaftLogWorker.java:289)
	at java.lang.Thread.run(Thread.java:748)
2019-09-26 15:09:05,840 [8a411a4f-0e32-4dd1-80b9-a797c2117425@group-9FBC4F4584D8-SegmentedRaftLogWorker] INFO  impl.RaftServerImpl (RaftServerImpl.java:lambda$shutdown$3(251)) - 8a411a4f-0e32-4dd1-80b9-a797c2117425@group-9FBC4F4584D8: shutdown
2019-09-26 15:09:05,836 [8a411a4f-0e32-4dd1-80b9-a797c2117425@group-FEC7288BDF94-SegmentedRaftLogWorker] INFO  impl.StateMachineUpdater (StateMachineUpdater.java:stopAndJoin(125)) - 8a411a4f-0e32-4dd1-80b9-a797c2117425@group-FEC7288BDF94-StateMachineUpdater: set stopIndex = -1
2019-09-26 15:09:05,840 [8a411a4f-0e32-4dd1-80b9-a797c2117425@group-FEC7288BDF94-SegmentedRaftLogWorker] INFO  impl.RaftServerImpl (ServerState.java:close(385)) - 8a411a4f-0e32-4dd1-80b9-a797c2117425@group-FEC7288BDF94: closes. applyIndex: -1
2019-09-26 15:09:05,836 [8a411a4f-0e32-4dd1-80b9-a797c2117425@group-00BC2B0139A4-SegmentedRaftLogWorker] INFO  impl.RoleInfo (RoleInfo.java:shutdownLeaderState(104)) - 8a411a4f-0e32-4dd1-80b9-a797c2117425: shutdown LeaderState
2019-09-26 15:09:05,840 [8a411a4f-0e32-4dd1-80b9-a797c2117425@group-FEC7288BDF94-SegmentedRaftLogWorker] INFO  segmented.SegmentedRaftLogWorker (SegmentedRaftLogWorker.java:close(228)) - 8a411a4f-0e32-4dd1-80b9-a797c2117425@group-FEC7288BDF94-SegmentedRaftLogWorker close()
2019-09-26 15:09:05,836 [8a411a4f-0e32-4dd1-80b9-a797c2117425@group-22226669EE23-SegmentedRaftLogWorker] INFO  impl.StateMachineUpdater (StateMachineUpdater.java:stopAndJoin(125)) - 8a411a4f-0e32-4dd1-80b9-a797c2117425@group-22226669EE23-StateMachineUpdater: set stopIndex = -1
2019-09-26 15:09:05,836 [8a411a4f-0e32-4dd1-80b9-a797c2117425@group-5709F8A61C02-SegmentedRaftLogWorker] INFO  util.JmxRegister (JmxRegister.java:unregister(73)) - Successfully un-registered JMX Bean with object name Ratis:service=RaftServer,group=group-5709F8A61C02,id=8a411a4f-0e32-4dd1-80b9-a797c2117425
2019-09-26 15:09:05,836 [8a411a4f-0e32-4dd1-80b9-a797c2117425@group-FF69114B1B03-SegmentedRaftLogWorker] INFO  impl.RoleInfo (RoleInfo.java:shutdownLeaderState(104)) - 8a411a4f-0e32-4dd1-80b9-a797c2117425: shutdown LeaderState
2019-09-26 15:09:05,835 [8a411a4f-0e32-4dd1-80b9-a797c2117425@group-B82DE6D48904-SegmentedRaftLogWorker] INFO  impl.RoleInfo (RoleInfo.java:shutdownLeaderState(104)) - 8a411a4f-0e32-4dd1-80b9-a797c2117425: shutdown LeaderState
2019-09-26 15:09:05,835 [8a411a4f-0e32-4dd1-80b9-a797c2117425@group-9758B97C7A43-SegmentedRaftLogWorker] INFO  util.JmxRegister (JmxRegister.java:unregister(73)) - Successfully un-registered JMX Bean with object name Ratis:service=RaftServer,group=group-9758B97C7A43,id=8a411a4f-0e32-4dd1-80b9-a797c2117425
2019-09-26 15:09:05,841 [8a411a4f-0e32-4dd1-80b9-a797c2117425@group-B82DE6D48904-SegmentedRaftLogWorker] INFO  impl.PendingRequests (PendingRequests.java:sendNotLeaderResponses(202)) - 8a411a4f-0e32-4dd1-80b9-a797c2117425-PendingRequests: sendNotLeaderResponses
2019-09-26 15:09:05,841 [8a411a4f-0e32-4dd1-80b9-a797c2117425@group-FF69114B1B03-SegmentedRaftLogWorker] INFO  impl.PendingRequests (PendingRequests.java:sendNotLeaderResponses(202)) - 8a411a4f-0e32-4dd1-80b9-a797c2117425-PendingRequests: sendNotLeaderResponses
2019-09-26 15:09:05,841 [8a411a4f-0e32-4dd1-80b9-a797c2117425@group-5709F8A61C02-SegmentedRaftLogWorker] INFO  impl.RoleInfo (RoleInfo.java:shutdownLeaderState(104)) - 8a411a4f-0e32-4dd1-80b9-a797c2117425: shutdown LeaderState
2019-09-26 15:09:05,841 [8a411a4f-0e32-4dd1-80b9-a797c2117425@group-22226669EE23-SegmentedRaftLogWorker] INFO  impl.RaftServerImpl (ServerState.java:close(385)) - 8a411a4f-0e32-4dd1-80b9-a797c2117425@group-22226669EE23: closes. applyIndex: -1
2019-09-26 15:09:05,840 [8a411a4f-0e32-4dd1-80b9-a797c2117425@group-00BC2B0139A4-SegmentedRaftLogWorker] INFO  impl.PendingRequests (PendingRequests.java:sendNotLeaderResponses(202)) - 8a411a4f-0e32-4dd1-80b9-a797c2117425-PendingRequests: sendNotLeaderResponses
2019-09-26 15:09:05,840 [8a411a4f-0e32-4dd1-80b9-a797c2117425@group-9FBC4F4584D8-SegmentedRaftLogWorker] INFO  util.JmxRegister (JmxRegister.java:unregister(73)) - Successfully un-registered JMX Bean with object name Ratis:service=RaftServer,group=group-9FBC4F4584D8,id=8a411a4f-0e32-4dd1-80b9-a797c2117425
2019-09-26 15:09:05,842 [8a411a4f-0e32-4dd1-80b9-a797c2117425@group-9FBC4F4584D8-SegmentedRaftLogWorker] INFO  impl.RoleInfo (RoleInfo.java:shutdownLeaderState(104)) - 8a411a4f-0e32-4dd1-80b9-a797c2117425: shutdown LeaderState
2019-09-26 15:09:05,840 [8a411a4f-0e32-4dd1-80b9-a797c2117425@group-FFBC1D88D468-SegmentedRaftLogWorker] INFO  impl.StateMachineUpdater (StateMachineUpdater.java:stopAndJoin(125)) - 8a411a4f-0e32-4dd1-80b9-a797c2117425@group-FFBC1D88D468-StateMachineUpdater: set stopIndex = -1
2019-09-26 15:09:05,842 [8a411a4f-0e32-4dd1-80b9-a797c2117425@group-FFBC1D88D468-SegmentedRaftLogWorker] INFO  impl.RaftServerImpl (ServerState.java:close(385)) - 8a411a4f-0e32-4dd1-80b9-a797c2117425@group-FFBC1D88D468: closes. applyIndex: -1
2019-09-26 15:09:05,840 [8a411a4f-0e32-4dd1-80b9-a797c2117425@group-B50C770756F4-SegmentedRaftLogWorker] INFO  util.JmxRegister (JmxRegister.java:unregister(73)) - Successfully un-registered JMX Bean with object name Ratis:service=RaftServer,group=group-B50C770756F4,id=8a411a4f-0e32-4dd1-80b9-a797c2117425
2019-09-26 15:09:05,842 [8a411a4f-0e32-4dd1-80b9-a797c2117425@group-B50C770756F4-SegmentedRaftLogWorker] INFO  impl.RoleInfo (RoleInfo.java:shutdownLeaderState(104)) - 8a411a4f-0e32-4dd1-80b9-a797c2117425: shutdown LeaderState
2019-09-26 15:09:05,839 [8a411a4f-0e32-4dd1-80b9-a797c2117425@group-6A12D702F30C-SegmentedRaftLogWorker] INFO  impl.PendingRequests (PendingRequests.java:sendNotLeaderResponses(202)) - 8a411a4f-0e32-4dd1-80b9-a797c2117425-PendingRequests: sendNotLeaderResponses
2019-09-26 15:09:05,839 [8a411a4f-0e32-4dd1-80b9-a797c2117425@group-8C4965DA48D4-SegmentedRaftLogWorker] INFO  impl.StateMachineUpdater (StateMachineUpdater.java:stopAndJoin(125)) - 8a411a4f-0e32-4dd1-80b9-a797c2117425@group-8C4965DA48D4-StateMachineUpdater: set stopIndex = -1
2019-09-26 15:09:05,839 [8a411a4f-0e32-4dd1-80b9-a797c2117425@group-797476ADB718-SegmentedRaftLogWorker] INFO  impl.PendingRequests (PendingRequests.java:sendNotLeaderResponses(202)) - 8a411a4f-0e32-4dd1-80b9-a797c2117425-PendingRequests: sendNotLeaderResponses
2019-09-26 15:09:05,839 [8a411a4f-0e32-4dd1-80b9-a797c2117425@group-C78D9C690071-SegmentedRaftLogWorker] INFO  impl.PendingRequests (PendingRequests.java:sendNotLeaderResponses(202)) - 8a411a4f-0e32-4dd1-80b9-a797c2117425-PendingRequests: sendNotLeaderResponses
2019-09-26 15:09:05,839 [8a411a4f-0e32-4dd1-80b9-a797c2117425@group-080076819465-SegmentedRaftLogWorker] INFO  impl.StateMachineUpdater (StateMachineUpdater.java:stopAndJoin(125)) - 8a411a4f-0e32-4dd1-80b9-a797c2117425@group-080076819465-StateMachineUpdater: set stopIndex = -1
2019-09-26 15:09:05,843 [8a411a4f-0e32-4dd1-80b9-a797c2117425@group-080076819465-SegmentedRaftLogWorker] INFO  impl.RaftServerImpl (ServerState.java:close(385)) - 8a411a4f-0e32-4dd1-80b9-a797c2117425@group-080076819465: closes. applyIndex: -1
2019-09-26 15:09:05,838 [8a411a4f-0e32-4dd1-80b9-a797c2117425@group-4A3018D7CF99-SegmentedRaftLogWorker] INFO  impl.RaftServerImpl (ServerState.java:close(385)) - 8a411a4f-0e32-4dd1-80b9-a797c2117425@group-4A3018D7CF99: closes. applyIndex: -1
2019-09-26 15:09:05,838 [8a411a4f-0e32-4dd1-80b9-a797c2117425@group-E7D8D4CC70D9-SegmentedRaftLogWorker] INFO  impl.StateMachineUpdater (StateMachineUpdater.java:stopAndJoin(125)) - 8a411a4f-0e32-4dd1-80b9-a797c2117425@group-E7D8D4CC70D9-StateMachineUpdater: set stopIndex = -1
2019-09-26 15:09:05,843 [8a411a4f-0e32-4dd1-80b9-a797c2117425@group-E7D8D4CC70D9-SegmentedRaftLogWorker] INFO  impl.RaftServerImpl (ServerState.java:close(385)) - 8a411a4f-0e32-4dd1-80b9-a797c2117425@group-E7D8D4CC70D9: closes. applyIndex: -1
2019-09-26 15:09:05,838 [8a411a4f-0e32-4dd1-80b9-a797c2117425@group-D65568051C37-SegmentedRaftLogWorker] INFO  impl.PendingRequests (PendingRequests.java:sendNotLeaderResponses(202)) - 8a411a4f-0e32-4dd1-80b9-a797c2117425-PendingRequests: sendNotLeaderResponses
2019-09-26 15:09:05,838 [8a411a4f-0e32-4dd1-80b9-a797c2117425@group-BF52FF77A681-SegmentedRaftLogWorker] INFO  util.JmxRegister (JmxRegister.java:unregister(73)) - Successfully un-registered JMX Bean with object name Ratis:service=RaftServer,group=group-BF52FF77A681,id=8a411a4f-0e32-4dd1-80b9-a797c2117425
2019-09-26 15:09:05,844 [8a411a4f-0e32-4dd1-80b9-a797c2117425@group-D65568051C37-SegmentedRaftLogWorker] INFO  impl.StateMachineUpdater (StateMachineUpdater.java:stopAndJoin(125)) - 8a411a4f-0e32-4dd1-80b9-a797c2117425@group-D65568051C37-StateMachineUpdater: set stopIndex = -1
2019-09-26 15:09:05,844 [8a411a4f-0e32-4dd1-80b9-a797c2117425@group-D65568051C37-SegmentedRaftLogWorker] INFO  impl.RaftServerImpl (ServerState.java:close(385)) - 8a411a4f-0e32-4dd1-80b9-a797c2117425@group-D65568051C37: closes. applyIndex: -1
2019-09-26 15:09:05,844 [8a411a4f-0e32-4dd1-80b9-a797c2117425@group-E7D8D4CC70D9-SegmentedRaftLogWorker] INFO  segmented.SegmentedRaftLogWorker (SegmentedRaftLogWorker.java:close(228)) - 8a411a4f-0e32-4dd1-80b9-a797c2117425@group-E7D8D4CC70D9-SegmentedRaftLogWorker close()
2019-09-26 15:09:05,843 [8a411a4f-0e32-4dd1-80b9-a797c2117425@group-4A3018D7CF99-SegmentedRaftLogWorker] INFO  segmented.SegmentedRaftLogWorker (SegmentedRaftLogWorker.java:close(228)) - 8a411a4f-0e32-4dd1-80b9-a797c2117425@group-4A3018D7CF99-SegmentedRaftLogWorker close()
2019-09-26 15:09:05,843 [8a411a4f-0e32-4dd1-80b9-a797c2117425@group-080076819465-SegmentedRaftLogWorker] INFO  segmented.SegmentedRaftLogWorker (SegmentedRaftLogWorker.java:close(228)) - 8a411a4f-0e32-4dd1-80b9-a797c2117425@group-080076819465-SegmentedRaftLogWorker close()
2019-09-26 15:09:05,843 [8a411a4f-0e32-4dd1-80b9-a797c2117425@group-C78D9C690071-SegmentedRaftLogWorker] INFO  impl.StateMachineUpdater (StateMachineUpdater.java:stopAndJoin(125)) - 8a411a4f-0e32-4dd1-80b9-a797c2117425@group-C78D9C690071-StateMachineUpdater: set stopIndex = -1
2019-09-26 15:09:05,845 [8a411a4f-0e32-4dd1-80b9-a797c2117425@group-C78D9C690071-SegmentedRaftLogWorker] INFO  impl.RaftServerImpl (ServerState.java:close(385)) - 8a411a4f-0e32-4dd1-80b9-a797c2117425@group-C78D9C690071: closes. applyIndex: -1
2019-09-26 15:09:05,843 [8a411a4f-0e32-4dd1-80b9-a797c2117425@group-797476ADB718-SegmentedRaftLogWorker] INFO  impl.StateMachineUpdater (StateMachineUpdater.java:stopAndJoin(125)) - 8a411a4f-0e32-4dd1-80b9-a797c2117425@group-797476ADB718-StateMachineUpdater: set stopIndex = -1
2019-09-26 15:09:05,845 [8a411a4f-0e32-4dd1-80b9-a797c2117425@group-797476ADB718-SegmentedRaftLogWorker] INFO  impl.RaftServerImpl (ServerState.java:close(385)) - 8a411a4f-0e32-4dd1-80b9-a797c2117425@group-797476ADB718: closes. applyIndex: -1
2019-09-26 15:09:05,843 [8a411a4f-0e32-4dd1-80b9-a797c2117425@group-8C4965DA48D4-SegmentedRaftLogWorker] INFO  impl.RaftServerImpl (ServerState.java:close(385)) - 8a411a4f-0e32-4dd1-80b9-a797c2117425@group-8C4965DA48D4: closes. applyIndex: -1
2019-09-26 15:09:05,843 [8a411a4f-0e32-4dd1-80b9-a797c2117425@group-6A12D702F30C-SegmentedRaftLogWorker] INFO  impl.StateMachineUpdater (StateMachineUpdater.java:stopAndJoin(125)) - 8a411a4f-0e32-4dd1-80b9-a797c2117425@group-6A12D702F30C-StateMachineUpdater: set stopIndex = -1
2019-09-26 15:09:05,845 [8a411a4f-0e32-4dd1-80b9-a797c2117425@group-6A12D702F30C-SegmentedRaftLogWorker] INFO  impl.RaftServerImpl (ServerState.java:close(385)) - 8a411a4f-0e32-4dd1-80b9-a797c2117425@group-6A12D702F30C: closes. applyIndex: -1
2019-09-26 15:09:05,842 [8a411a4f-0e32-4dd1-80b9-a797c2117425@group-B50C770756F4-SegmentedRaftLogWorker] INFO  impl.PendingRequests (PendingRequests.java:sendNotLeaderResponses(202)) - 8a411a4f-0e32-4dd1-80b9-a797c2117425-PendingRequests: sendNotLeaderResponses
2019-09-26 15:09:05,842 [8a411a4f-0e32-4dd1-80b9-a797c2117425@group-FFBC1D88D468-SegmentedRaftLogWorker] INFO  segmented.SegmentedRaftLogWorker (SegmentedRaftLogWorker.java:close(228)) - 8a411a4f-0e32-4dd1-80b9-a797c2117425@group-FFBC1D88D468-SegmentedRaftLogWorker close()
2019-09-26 15:09:05,842 [8a411a4f-0e32-4dd1-80b9-a797c2117425@group-9FBC4F4584D8-SegmentedRaftLogWorker] INFO  impl.PendingRequests (PendingRequests.java:sendNotLeaderResponses(202)) - 8a411a4f-0e32-4dd1-80b9-a797c2117425-PendingRequests: sendNotLeaderResponses
2019-09-26 15:09:05,842 [8a411a4f-0e32-4dd1-80b9-a797c2117425@group-00BC2B0139A4-SegmentedRaftLogWorker] INFO  impl.StateMachineUpdater (StateMachineUpdater.java:stopAndJoin(125)) - 8a411a4f-0e32-4dd1-80b9-a797c2117425@group-00BC2B0139A4-StateMachineUpdater: set stopIndex = -1
2019-09-26 15:09:05,846 [8a411a4f-0e32-4dd1-80b9-a797c2117425@group-00BC2B0139A4-SegmentedRaftLogWorker] INFO  impl.RaftServerImpl (ServerState.java:close(385)) - 8a411a4f-0e32-4dd1-80b9-a797c2117425@group-00BC2B0139A4: closes. applyIndex: -1
2019-09-26 15:09:05,842 [8a411a4f-0e32-4dd1-80b9-a797c2117425@group-22226669EE23-SegmentedRaftLogWorker] INFO  segmented.SegmentedRaftLogWorker (SegmentedRaftLogWorker.java:close(228)) - 8a411a4f-0e32-4dd1-80b9-a797c2117425@group-22226669EE23-SegmentedRaftLogWorker close()
2019-09-26 15:09:05,841 [8a411a4f-0e32-4dd1-80b9-a797c2117425@group-5709F8A61C02-SegmentedRaftLogWorker] INFO  impl.PendingRequests (PendingRequests.java:sendNotLeaderResponses(202)) - 8a411a4f-0e32-4dd1-80b9-a797c2117425-PendingRequests: sendNotLeaderResponses
2019-09-26 15:09:05,841 [8a411a4f-0e32-4dd1-80b9-a797c2117425@group-FF69114B1B03-SegmentedRaftLogWorker] INFO  impl.StateMachineUpdater (StateMachineUpdater.java:stopAndJoin(125)) - 8a411a4f-0e32-4dd1-80b9-a797c2117425@group-FF69114B1B03-StateMachineUpdater: set stopIndex = -1
2019-09-26 15:09:05,841 [8a411a4f-0e32-4dd1-80b9-a797c2117425@group-B82DE6D48904-SegmentedRaftLogWorker] INFO  impl.StateMachineUpdater (StateMachineUpdater.java:stopAndJoin(125)) - 8a411a4f-0e32-4dd1-80b9-a797c2117425@group-B82DE6D48904-StateMachineUpdater: set stopIndex = -1
2019-09-26 15:09:05,847 [8a411a4f-0e32-4dd1-80b9-a797c2117425@group-B82DE6D48904-SegmentedRaftLogWorker] INFO  impl.RaftServerImpl (ServerState.java:close(385)) - 8a411a4f-0e32-4dd1-80b9-a797c2117425@group-B82DE6D48904: closes. applyIndex: -1
2019-09-26 15:09:05,841 [8a411a4f-0e32-4dd1-80b9-a797c2117425@group-9758B97C7A43-SegmentedRaftLogWorker] INFO  impl.RoleInfo (RoleInfo.java:shutdownLeaderState(104)) - 8a411a4f-0e32-4dd1-80b9-a797c2117425: shutdown LeaderState
2019-09-26 15:09:05,847 [8a411a4f-0e32-4dd1-80b9-a797c2117425@group-BDE5A38AA11F-SegmentedRaftLogWorker] ERROR segmented.SegmentedRaftLogWorker (SegmentedRaftLogWorker.java:run(323)) - 8a411a4f-0e32-4dd1-80b9-a797c2117425@group-BDE5A38AA11F-SegmentedRaftLogWorker hit exception
java.lang.OutOfMemoryError: Direct buffer memory
	at java.nio.Bits.reserveMemory(Bits.java:666)
	at java.nio.DirectByteBuffer.<init>(DirectByteBuffer.java:123)
	at java.nio.ByteBuffer.allocateDirect(ByteBuffer.java:311)
	at org.apache.ratis.server.raftlog.segmented.BufferedWriteChannel.<init>(BufferedWriteChannel.java:41)
	at org.apache.ratis.server.raftlog.segmented.SegmentedRaftLogOutputStream.<init>(SegmentedRaftLogOutputStream.java:72)
	at org.apache.ratis.server.raftlog.segmented.SegmentedRaftLogWorker$StartLogSegment.execute(SegmentedRaftLogWorker.java:566)
	at org.apache.ratis.server.raftlog.segmented.SegmentedRaftLogWorker.run(SegmentedRaftLogWorker.java:289)
	at java.lang.Thread.run(Thread.java:748)
2019-09-26 15:09:05,847 [8a411a4f-0e32-4dd1-80b9-a797c2117425@group-5997EE45F5E1-SegmentedRaftLogWorker] ERROR segmented.SegmentedRaftLogWorker (SegmentedRaftLogWorker.java:run(323)) - 8a411a4f-0e32-4dd1-80b9-a797c2117425@group-5997EE45F5E1-SegmentedRaftLogWorker hit exception
java.lang.OutOfMemoryError: Direct buffer memory
	at java.nio.Bits.reserveMemory(Bits.java:666)
	at java.nio.DirectByteBuffer.<init>(DirectByteBuffer.java:123)
	at java.nio.ByteBuffer.allocateDirect(ByteBuffer.java:311)
	at org.apache.ratis.server.raftlog.segmented.BufferedWriteChannel.<init>(BufferedWriteChannel.java:41)
	at org.apache.ratis.server.raftlog.segmented.SegmentedRaftLogOutputStream.<init>(SegmentedRaftLogOutputStream.java:72)
	at org.apache.ratis.server.raftlog.segmented.SegmentedRaftLogWorker$StartLogSegment.execute(SegmentedRaftLogWorker.java:566)
	at org.apache.ratis.server.raftlog.segmented.SegmentedRaftLogWorker.run(SegmentedRaftLogWorker.java:289)
	at java.lang.Thread.run(Thread.java:748)
2019-09-26 15:09:05,847 [8a411a4f-0e32-4dd1-80b9-a797c2117425@group-3FF9DA04F6D3-SegmentedRaftLogWorker] ERROR segmented.SegmentedRaftLogWorker (SegmentedRaftLogWorker.java:run(323)) - 8a411a4f-0e32-4dd1-80b9-a797c2117425@group-3FF9DA04F6D3-SegmentedRaftLogWorker hit exception
java.lang.OutOfMemoryError: Direct buffer memory
	at java.nio.Bits.reserveMemory(Bits.java:666)
	at java.nio.DirectByteBuffer.<init>(DirectByteBuffer.java:123)
	at java.nio.ByteBuffer.allocateDirect(ByteBuffer.java:311)
	at org.apache.ratis.server.raftlog.segmented.BufferedWriteChannel.<init>(BufferedWriteChannel.java:41)
	at org.apache.ratis.server.raftlog.segmented.SegmentedRaftLogOutputStream.<init>(SegmentedRaftLogOutputStream.java:72)
	at org.apache.ratis.server.raftlog.segmented.SegmentedRaftLogWorker$StartLogSegment.execute(SegmentedRaftLogWorker.java:566)
	at org.apache.ratis.server.raftlog.segmented.SegmentedRaftLogWorker.run(SegmentedRaftLogWorker.java:289)
	at java.lang.Thread.run(Thread.java:748)
2019-09-26 15:09:05,847 [8a411a4f-0e32-4dd1-80b9-a797c2117425@group-A085057DFB26-SegmentedRaftLogWorker] ERROR segmented.SegmentedRaftLogWorker (SegmentedRaftLogWorker.java:run(323)) - 8a411a4f-0e32-4dd1-80b9-a797c2117425@group-A085057DFB26-SegmentedRaftLogWorker hit exception
java.lang.OutOfMemoryError: Direct buffer memory
	at java.nio.Bits.reserveMemory(Bits.java:666)
	at java.nio.DirectByteBuffer.<init>(DirectByteBuffer.java:123)
	at java.nio.ByteBuffer.allocateDirect(ByteBuffer.java:311)
	at org.apache.ratis.server.raftlog.segmented.BufferedWriteChannel.<init>(BufferedWriteChannel.java:41)
	at org.apache.ratis.server.raftlog.segmented.SegmentedRaftLogOutputStream.<init>(SegmentedRaftLogOutputStream.java:72)
	at org.apache.ratis.server.raftlog.segmented.SegmentedRaftLogWorker$StartLogSegment.execute(SegmentedRaftLogWorker.java:566)
	at org.apache.ratis.server.raftlog.segmented.SegmentedRaftLogWorker.run(SegmentedRaftLogWorker.java:289)
	at java.lang.Thread.run(Thread.java:748)
2019-09-26 15:09:05,847 [8a411a4f-0e32-4dd1-80b9-a797c2117425@group-2AD62173610F-SegmentedRaftLogWorker] ERROR segmented.SegmentedRaftLogWorker (SegmentedRaftLogWorker.java:run(323)) - 8a411a4f-0e32-4dd1-80b9-a797c2117425@group-2AD62173610F-SegmentedRaftLogWorker hit exception
java.lang.OutOfMemoryError: Direct buffer memory
	at java.nio.Bits.reserveMemory(Bits.java:666)
	at java.nio.DirectByteBuffer.<init>(DirectByteBuffer.java:123)
	at java.nio.ByteBuffer.allocateDirect(ByteBuffer.java:311)
	at org.apache.ratis.server.raftlog.segmented.BufferedWriteChannel.<init>(BufferedWriteChannel.java:41)
	at org.apache.ratis.server.raftlog.segmented.SegmentedRaftLogOutputStream.<init>(SegmentedRaftLogOutputStream.java:72)
	at org.apache.ratis.server.raftlog.segmented.SegmentedRaftLogWorker$StartLogSegment.execute(SegmentedRaftLogWorker.java:566)
	at org.apache.ratis.server.raftlog.segmented.SegmentedRaftLogWorker.run(SegmentedRaftLogWorker.java:289)
	at java.lang.Thread.run(Thread.java:748)
2019-09-26 15:09:05,848 [8a411a4f-0e32-4dd1-80b9-a797c2117425@group-2AD62173610F-SegmentedRaftLogWorker] INFO  impl.RaftServerImpl (RaftServerImpl.java:lambda$shutdown$3(251)) - 8a411a4f-0e32-4dd1-80b9-a797c2117425@group-2AD62173610F: shutdown
2019-09-26 15:09:05,847 [8a411a4f-0e32-4dd1-80b9-a797c2117425@group-FDA5C66D66D8-SegmentedRaftLogWorker] ERROR segmented.SegmentedRaftLogWorker (SegmentedRaftLogWorker.java:run(323)) - 8a411a4f-0e32-4dd1-80b9-a797c2117425@group-FDA5C66D66D8-SegmentedRaftLogWorker hit exception
java.lang.OutOfMemoryError: Direct buffer memory
	at java.nio.Bits.reserveMemory(Bits.java:666)
	at java.nio.DirectByteBuffer.<init>(DirectByteBuffer.java:123)
	at java.nio.ByteBuffer.allocateDirect(ByteBuffer.java:311)
	at org.apache.ratis.server.raftlog.segmented.BufferedWriteChannel.<init>(BufferedWriteChannel.java:41)
	at org.apache.ratis.server.raftlog.segmented.SegmentedRaftLogOutputStream.<init>(SegmentedRaftLogOutputStream.java:72)
	at org.apache.ratis.server.raftlog.segmented.SegmentedRaftLogWorker$StartLogSegment.execute(SegmentedRaftLogWorker.java:566)
	at org.apache.ratis.server.raftlog.segmented.SegmentedRaftLogWorker.run(SegmentedRaftLogWorker.java:289)
	at java.lang.Thread.run(Thread.java:748)
2019-09-26 15:09:05,848 [8a411a4f-0e32-4dd1-80b9-a797c2117425@group-FDA5C66D66D8-SegmentedRaftLogWorker] INFO  impl.RaftServerImpl (RaftServerImpl.java:lambda$shutdown$3(251)) - 8a411a4f-0e32-4dd1-80b9-a797c2117425@group-FDA5C66D66D8: shutdown
2019-09-26 15:09:05,847 [8a411a4f-0e32-4dd1-80b9-a797c2117425@group-B82DE6D48904-SegmentedRaftLogWorker] INFO  segmented.SegmentedRaftLogWorker (SegmentedRaftLogWorker.java:close(228)) - 8a411a4f-0e32-4dd1-80b9-a797c2117425@group-B82DE6D48904-SegmentedRaftLogWorker close()
2019-09-26 15:09:05,846 [8a411a4f-0e32-4dd1-80b9-a797c2117425@group-FF69114B1B03-SegmentedRaftLogWorker] INFO  impl.RaftServerImpl (ServerState.java:close(385)) - 8a411a4f-0e32-4dd1-80b9-a797c2117425@group-FF69114B1B03: closes. applyIndex: -1
2019-09-26 15:09:05,846 [8a411a4f-0e32-4dd1-80b9-a797c2117425@group-5709F8A61C02-SegmentedRaftLogWorker] INFO  impl.StateMachineUpdater (StateMachineUpdater.java:stopAndJoin(125)) - 8a411a4f-0e32-4dd1-80b9-a797c2117425@group-5709F8A61C02-StateMachineUpdater: set stopIndex = -1
2019-09-26 15:09:05,849 [8a411a4f-0e32-4dd1-80b9-a797c2117425@group-5709F8A61C02-SegmentedRaftLogWorker] INFO  impl.RaftServerImpl (ServerState.java:close(385)) - 8a411a4f-0e32-4dd1-80b9-a797c2117425@group-5709F8A61C02: closes. applyIndex: -1
2019-09-26 15:09:05,846 [8a411a4f-0e32-4dd1-80b9-a797c2117425@group-00BC2B0139A4-SegmentedRaftLogWorker] INFO  segmented.SegmentedRaftLogWorker (SegmentedRaftLogWorker.java:close(228)) - 8a411a4f-0e32-4dd1-80b9-a797c2117425@group-00BC2B0139A4-SegmentedRaftLogWorker close()
2019-09-26 15:09:05,846 [8a411a4f-0e32-4dd1-80b9-a797c2117425@group-9FBC4F4584D8-SegmentedRaftLogWorker] INFO  impl.StateMachineUpdater (StateMachineUpdater.java:stopAndJoin(125)) - 8a411a4f-0e32-4dd1-80b9-a797c2117425@group-9FBC4F4584D8-StateMachineUpdater: set stopIndex = -1
2019-09-26 15:09:05,849 [8a411a4f-0e32-4dd1-80b9-a797c2117425@group-9FBC4F4584D8-SegmentedRaftLogWorker] INFO  impl.RaftServerImpl (ServerState.java:close(385)) - 8a411a4f-0e32-4dd1-80b9-a797c2117425@group-9FBC4F4584D8: closes. applyIndex: -1
2019-09-26 15:09:05,846 [8a411a4f-0e32-4dd1-80b9-a797c2117425@group-B50C770756F4-SegmentedRaftLogWorker] INFO  impl.StateMachineUpdater (StateMachineUpdater.java:stopAndJoin(125)) - 8a411a4f-0e32-4dd1-80b9-a797c2117425@group-B50C770756F4-StateMachineUpdater: set stopIndex = -1
2019-09-26 15:09:05,849 [8a411a4f-0e32-4dd1-80b9-a797c2117425@group-B50C770756F4-SegmentedRaftLogWorker] INFO  impl.RaftServerImpl (ServerState.java:close(385)) - 8a411a4f-0e32-4dd1-80b9-a797c2117425@group-B50C770756F4: closes. applyIndex: -1
2019-09-26 15:09:05,845 [8a411a4f-0e32-4dd1-80b9-a797c2117425@group-6A12D702F30C-SegmentedRaftLogWorker] INFO  segmented.SegmentedRaftLogWorker (SegmentedRaftLogWorker.java:close(228)) - 8a411a4f-0e32-4dd1-80b9-a797c2117425@group-6A12D702F30C-SegmentedRaftLogWorker close()
2019-09-26 15:09:05,845 [8a411a4f-0e32-4dd1-80b9-a797c2117425@group-8C4965DA48D4-SegmentedRaftLogWorker] INFO  segmented.SegmentedRaftLogWorker (SegmentedRaftLogWorker.java:close(228)) - 8a411a4f-0e32-4dd1-80b9-a797c2117425@group-8C4965DA48D4-SegmentedRaftLogWorker close()
2019-09-26 15:09:05,845 [8a411a4f-0e32-4dd1-80b9-a797c2117425@group-797476ADB718-SegmentedRaftLogWorker] INFO  segmented.SegmentedRaftLogWorker (SegmentedRaftLogWorker.java:close(228)) - 8a411a4f-0e32-4dd1-80b9-a797c2117425@group-797476ADB718-SegmentedRaftLogWorker close()
2019-09-26 15:09:05,845 [8a411a4f-0e32-4dd1-80b9-a797c2117425@group-C78D9C690071-SegmentedRaftLogWorker] INFO  segmented.SegmentedRaftLogWorker (SegmentedRaftLogWorker.java:close(228)) - 8a411a4f-0e32-4dd1-80b9-a797c2117425@group-C78D9C690071-SegmentedRaftLogWorker close()
2019-09-26 15:09:05,844 [8a411a4f-0e32-4dd1-80b9-a797c2117425@group-D65568051C37-SegmentedRaftLogWorker] INFO  segmented.SegmentedRaftLogWorker (SegmentedRaftLogWorker.java:close(228)) - 8a411a4f-0e32-4dd1-80b9-a797c2117425@group-D65568051C37-SegmentedRaftLogWorker close()
2019-09-26 15:09:05,844 [8a411a4f-0e32-4dd1-80b9-a797c2117425@group-DA5E89A2DC85-SegmentedRaftLogWorker] ERROR segmented.SegmentedRaftLogWorker (SegmentedRaftLogWorker.java:run(323)) - 8a411a4f-0e32-4dd1-80b9-a797c2117425@group-DA5E89A2DC85-SegmentedRaftLogWorker hit exception
java.lang.OutOfMemoryError: Direct buffer memory
	at java.nio.Bits.reserveMemory(Bits.java:666)
	at java.nio.DirectByteBuffer.<init>(DirectByteBuffer.java:123)
	at java.nio.ByteBuffer.allocateDirect(ByteBuffer.java:311)
	at org.apache.ratis.server.raftlog.segmented.BufferedWriteChannel.<init>(BufferedWriteChannel.java:41)
	at org.apache.ratis.server.raftlog.segmented.SegmentedRaftLogOutputStream.<init>(SegmentedRaftLogOutputStream.java:72)
	at org.apache.ratis.server.raftlog.segmented.SegmentedRaftLogWorker$StartLogSegment.execute(SegmentedRaftLogWorker.java:566)
	at org.apache.ratis.server.raftlog.segmented.SegmentedRaftLogWorker.run(SegmentedRaftLogWorker.java:289)
	at java.lang.Thread.run(Thread.java:748)
2019-09-26 15:09:05,850 [8a411a4f-0e32-4dd1-80b9-a797c2117425@group-DA5E89A2DC85-SegmentedRaftLogWorker] INFO  impl.RaftServerImpl (RaftServerImpl.java:lambda$shutdown$3(251)) - 8a411a4f-0e32-4dd1-80b9-a797c2117425@group-DA5E89A2DC85: shutdown
2019-09-26 15:09:05,844 [8a411a4f-0e32-4dd1-80b9-a797c2117425@group-BF52FF77A681-SegmentedRaftLogWorker] INFO  impl.RoleInfo (RoleInfo.java:shutdownLeaderState(104)) - 8a411a4f-0e32-4dd1-80b9-a797c2117425: shutdown LeaderState
2019-09-26 15:09:05,850 [8a411a4f-0e32-4dd1-80b9-a797c2117425@group-DA5E89A2DC85-SegmentedRaftLogWorker] INFO  util.JmxRegister (JmxRegister.java:unregister(73)) - Successfully un-registered JMX Bean with object name Ratis:service=RaftServer,group=group-DA5E89A2DC85,id=8a411a4f-0e32-4dd1-80b9-a797c2117425
2019-09-26 15:09:05,851 [8a411a4f-0e32-4dd1-80b9-a797c2117425@group-DA5E89A2DC85-SegmentedRaftLogWorker] INFO  impl.RoleInfo (RoleInfo.java:shutdownLeaderState(104)) - 8a411a4f-0e32-4dd1-80b9-a797c2117425: shutdown LeaderState
2019-09-26 15:09:05,849 [8a411a4f-0e32-4dd1-80b9-a797c2117425@group-B50C770756F4-SegmentedRaftLogWorker] INFO  segmented.SegmentedRaftLogWorker (SegmentedRaftLogWorker.java:close(228)) - 8a411a4f-0e32-4dd1-80b9-a797c2117425@group-B50C770756F4-SegmentedRaftLogWorker close()
2019-09-26 15:09:05,849 [8a411a4f-0e32-4dd1-80b9-a797c2117425@group-9FBC4F4584D8-SegmentedRaftLogWorker] INFO  segmented.SegmentedRaftLogWorker (SegmentedRaftLogWorker.java:close(228)) - 8a411a4f-0e32-4dd1-80b9-a797c2117425@group-9FBC4F4584D8-SegmentedRaftLogWorker close()
2019-09-26 15:09:05,849 [8a411a4f-0e32-4dd1-80b9-a797c2117425@group-5709F8A61C02-SegmentedRaftLogWorker] INFO  segmented.SegmentedRaftLogWorker (SegmentedRaftLogWorker.java:close(228)) - 8a411a4f-0e32-4dd1-80b9-a797c2117425@group-5709F8A61C02-SegmentedRaftLogWorker close()
2019-09-26 15:09:05,848 [8a411a4f-0e32-4dd1-80b9-a797c2117425@group-FF69114B1B03-SegmentedRaftLogWorker] INFO  segmented.SegmentedRaftLogWorker (SegmentedRaftLogWorker.java:close(228)) - 8a411a4f-0e32-4dd1-80b9-a797c2117425@group-FF69114B1B03-SegmentedRaftLogWorker close()
2019-09-26 15:09:05,848 [8a411a4f-0e32-4dd1-80b9-a797c2117425@group-FDA5C66D66D8-SegmentedRaftLogWorker] INFO  util.JmxRegister (JmxRegister.java:unregister(73)) - Successfully un-registered JMX Bean with object name Ratis:service=RaftServer,group=group-FDA5C66D66D8,id=8a411a4f-0e32-4dd1-80b9-a797c2117425
2019-09-26 15:09:05,848 [8a411a4f-0e32-4dd1-80b9-a797c2117425@group-2AD62173610F-SegmentedRaftLogWorker] INFO  util.JmxRegister (JmxRegister.java:unregister(73)) - Successfully un-registered JMX Bean with object name Ratis:service=RaftServer,group=group-2AD62173610F,id=8a411a4f-0e32-4dd1-80b9-a797c2117425
2019-09-26 15:09:05,848 [8a411a4f-0e32-4dd1-80b9-a797c2117425@group-A085057DFB26-SegmentedRaftLogWorker] INFO  impl.RaftServerImpl (RaftServerImpl.java:lambda$shutdown$3(251)) - 8a411a4f-0e32-4dd1-80b9-a797c2117425@group-A085057DFB26: shutdown
2019-09-26 15:09:05,847 [8a411a4f-0e32-4dd1-80b9-a797c2117425@group-3FF9DA04F6D3-SegmentedRaftLogWorker] INFO  impl.RaftServerImpl (RaftServerImpl.java:lambda$shutdown$3(251)) - 8a411a4f-0e32-4dd1-80b9-a797c2117425@group-3FF9DA04F6D3: shutdown
2019-09-26 15:09:05,847 [8a411a4f-0e32-4dd1-80b9-a797c2117425@group-5997EE45F5E1-SegmentedRaftLogWorker] INFO  impl.RaftServerImpl (RaftServerImpl.java:lambda$shutdown$3(251)) - 8a411a4f-0e32-4dd1-80b9-a797c2117425@group-5997EE45F5E1: shutdown
2019-09-26 15:09:05,847 [8a411a4f-0e32-4dd1-80b9-a797c2117425@group-CA9544AD4330-SegmentedRaftLogWorker] ERROR segmented.SegmentedRaftLogWorker (SegmentedRaftLogWorker.java:run(323)) - 8a411a4f-0e32-4dd1-80b9-a797c2117425@group-CA9544AD4330-SegmentedRaftLogWorker hit exception
java.lang.OutOfMemoryError: Direct buffer memory
	at java.nio.Bits.reserveMemory(Bits.java:666)
	at java.nio.DirectByteBuffer.<init>(DirectByteBuffer.java:123)
	at java.nio.ByteBuffer.allocateDirect(ByteBuffer.java:311)
	at org.apache.ratis.server.raftlog.segmented.BufferedWriteChannel.<init>(BufferedWriteChannel.java:41)
	at org.apache.ratis.server.raftlog.segmented.SegmentedRaftLogOutputStream.<init>(SegmentedRaftLogOutputStream.java:72)
	at org.apache.ratis.server.raftlog.segmented.SegmentedRaftLogWorker$StartLogSegment.execute(SegmentedRaftLogWorker.java:566)
	at org.apache.ratis.server.raftlog.segmented.SegmentedRaftLogWorker.run(SegmentedRaftLogWorker.java:289)
	at java.lang.Thread.run(Thread.java:748)
2019-09-26 15:09:05,847 [8a411a4f-0e32-4dd1-80b9-a797c2117425@group-D5C2E6A1B48A-SegmentedRaftLogWorker] ERROR segmented.SegmentedRaftLogWorker (SegmentedRaftLogWorker.java:run(323)) - 8a411a4f-0e32-4dd1-80b9-a797c2117425@group-D5C2E6A1B48A-SegmentedRaftLogWorker hit exception
java.lang.OutOfMemoryError: Direct buffer memory
	at java.nio.Bits.reserveMemory(Bits.java:666)
	at java.nio.DirectByteBuffer.<init>(DirectByteBuffer.java:123)
	at java.nio.ByteBuffer.allocateDirect(ByteBuffer.java:311)
	at org.apache.ratis.server.raftlog.segmented.BufferedWriteChannel.<init>(BufferedWriteChannel.java:41)
	at org.apache.ratis.server.raftlog.segmented.SegmentedRaftLogOutputStream.<init>(SegmentedRaftLogOutputStream.java:72)
	at org.apache.ratis.server.raftlog.segmented.SegmentedRaftLogWorker$StartLogSegment.execute(SegmentedRaftLogWorker.java:566)
	at org.apache.ratis.server.raftlog.segmented.SegmentedRaftLogWorker.run(SegmentedRaftLogWorker.java:289)
	at java.lang.Thread.run(Thread.java:748)
2019-09-26 15:09:05,847 [8a411a4f-0e32-4dd1-80b9-a797c2117425@group-BDE5A38AA11F-SegmentedRaftLogWorker] INFO  impl.RaftServerImpl (RaftServerImpl.java:lambda$shutdown$3(251)) - 8a411a4f-0e32-4dd1-80b9-a797c2117425@group-BDE5A38AA11F: shutdown
2019-09-26 15:09:05,852 [8a411a4f-0e32-4dd1-80b9-a797c2117425@group-E5D9BD4A2B02-SegmentedRaftLogWorker] ERROR segmented.SegmentedRaftLogWorker (SegmentedRaftLogWorker.java:run(323)) - 8a411a4f-0e32-4dd1-80b9-a797c2117425@group-E5D9BD4A2B02-SegmentedRaftLogWorker hit exception
java.lang.OutOfMemoryError: Direct buffer memory
	at java.nio.Bits.reserveMemory(Bits.java:666)
	at java.nio.DirectByteBuffer.<init>(DirectByteBuffer.java:123)
	at java.nio.ByteBuffer.allocateDirect(ByteBuffer.java:311)
	at org.apache.ratis.server.raftlog.segmented.BufferedWriteChannel.<init>(BufferedWriteChannel.java:41)
	at org.apache.ratis.server.raftlog.segmented.SegmentedRaftLogOutputStream.<init>(SegmentedRaftLogOutputStream.java:72)
	at org.apache.ratis.server.raftlog.segmented.SegmentedRaftLogWorker$StartLogSegment.execute(SegmentedRaftLogWorker.java:566)
	at org.apache.ratis.server.raftlog.segmented.SegmentedRaftLogWorker.run(SegmentedRaftLogWorker.java:289)
	at java.lang.Thread.run(Thread.java:748)
2019-09-26 15:09:05,847 [8a411a4f-0e32-4dd1-80b9-a797c2117425@group-817B3DD20E3E-SegmentedRaftLogWorker] ERROR segmented.SegmentedRaftLogWorker (SegmentedRaftLogWorker.java:run(323)) - 8a411a4f-0e32-4dd1-80b9-a797c2117425@group-817B3DD20E3E-SegmentedRaftLogWorker hit exception
java.lang.OutOfMemoryError: Direct buffer memory
	at java.nio.Bits.reserveMemory(Bits.java:666)
	at java.nio.DirectByteBuffer.<init>(DirectByteBuffer.java:123)
	at java.nio.ByteBuffer.allocateDirect(ByteBuffer.java:311)
	at org.apache.ratis.server.raftlog.segmented.BufferedWriteChannel.<init>(BufferedWriteChannel.java:41)
	at org.apache.ratis.server.raftlog.segmented.SegmentedRaftLogOutputStream.<init>(SegmentedRaftLogOutputStream.java:72)
	at org.apache.ratis.server.raftlog.segmented.SegmentedRaftLogWorker$StartLogSegment.execute(SegmentedRaftLogWorker.java:566)
	at org.apache.ratis.server.raftlog.segmented.SegmentedRaftLogWorker.run(SegmentedRaftLogWorker.java:289)
	at java.lang.Thread.run(Thread.java:748)
2019-09-26 15:09:05,847 [8a411a4f-0e32-4dd1-80b9-a797c2117425@group-9758B97C7A43-SegmentedRaftLogWorker] INFO  impl.PendingRequests (PendingRequests.java:sendNotLeaderResponses(202)) - 8a411a4f-0e32-4dd1-80b9-a797c2117425-PendingRequests: sendNotLeaderResponses
2019-09-26 15:09:05,847 [8a411a4f-0e32-4dd1-80b9-a797c2117425@group-DE38E862BFA6-SegmentedRaftLogWorker] ERROR segmented.SegmentedRaftLogWorker (SegmentedRaftLogWorker.java:run(323)) - 8a411a4f-0e32-4dd1-80b9-a797c2117425@group-DE38E862BFA6-SegmentedRaftLogWorker hit exception
java.lang.OutOfMemoryError: Direct buffer memory
	at java.nio.Bits.reserveMemory(Bits.java:666)
	at java.nio.DirectByteBuffer.<init>(DirectByteBuffer.java:123)
	at java.nio.ByteBuffer.allocateDirect(ByteBuffer.java:311)
	at org.apache.ratis.server.raftlog.segmented.BufferedWriteChannel.<init>(BufferedWriteChannel.java:41)
	at org.apache.ratis.server.raftlog.segmented.SegmentedRaftLogOutputStream.<init>(SegmentedRaftLogOutputStream.java:72)
	at org.apache.ratis.server.raftlog.segmented.SegmentedRaftLogWorker$StartLogSegment.execute(SegmentedRaftLogWorker.java:566)
	at org.apache.ratis.server.raftlog.segmented.SegmentedRaftLogWorker.run(SegmentedRaftLogWorker.java:289)
	at java.lang.Thread.run(Thread.java:748)
2019-09-26 15:09:05,847 [8a411a4f-0e32-4dd1-80b9-a797c2117425@group-BF7801AC219F-SegmentedRaftLogWorker] ERROR segmented.SegmentedRaftLogWorker (SegmentedRaftLogWorker.java:run(323)) - 8a411a4f-0e32-4dd1-80b9-a797c2117425@group-BF7801AC219F-SegmentedRaftLogWorker hit exception
java.lang.OutOfMemoryError: Direct buffer memory
	at java.nio.Bits.reserveMemory(Bits.java:666)
	at java.nio.DirectByteBuffer.<init>(DirectByteBuffer.java:123)
	at java.nio.ByteBuffer.allocateDirect(ByteBuffer.java:311)
	at org.apache.ratis.server.raftlog.segmented.BufferedWriteChannel.<init>(BufferedWriteChannel.java:41)
	at org.apache.ratis.server.raftlog.segmented.SegmentedRaftLogOutputStream.<init>(SegmentedRaftLogOutputStream.java:72)
	at org.apache.ratis.server.raftlog.segmented.SegmentedRaftLogWorker$StartLogSegment.execute(SegmentedRaftLogWorker.java:566)
	at org.apache.ratis.server.raftlog.segmented.SegmentedRaftLogWorker.run(SegmentedRaftLogWorker.java:289)
	at java.lang.Thread.run(Thread.java:748)
2019-09-26 15:09:05,853 [8a411a4f-0e32-4dd1-80b9-a797c2117425@group-DE38E862BFA6-SegmentedRaftLogWorker] INFO  impl.RaftServerImpl (RaftServerImpl.java:lambda$shutdown$3(251)) - 8a411a4f-0e32-4dd1-80b9-a797c2117425@group-DE38E862BFA6: shutdown
2019-09-26 15:09:05,853 [8a411a4f-0e32-4dd1-80b9-a797c2117425@group-9758B97C7A43-SegmentedRaftLogWorker] INFO  impl.StateMachineUpdater (StateMachineUpdater.java:stopAndJoin(125)) - 8a411a4f-0e32-4dd1-80b9-a797c2117425@group-9758B97C7A43-StateMachineUpdater: set stopIndex = -1
2019-09-26 15:09:05,853 [8a411a4f-0e32-4dd1-80b9-a797c2117425@group-9758B97C7A43-SegmentedRaftLogWorker] INFO  impl.RaftServerImpl (ServerState.java:close(385)) - 8a411a4f-0e32-4dd1-80b9-a797c2117425@group-9758B97C7A43: closes. applyIndex: -1
2019-09-26 15:09:05,852 [8a411a4f-0e32-4dd1-80b9-a797c2117425@group-817B3DD20E3E-SegmentedRaftLogWorker] INFO  impl.RaftServerImpl (RaftServerImpl.java:lambda$shutdown$3(251)) - 8a411a4f-0e32-4dd1-80b9-a797c2117425@group-817B3DD20E3E: shutdown
2019-09-26 15:09:05,852 [8a411a4f-0e32-4dd1-80b9-a797c2117425@group-E5D9BD4A2B02-SegmentedRaftLogWorker] INFO  impl.RaftServerImpl (RaftServerImpl.java:lambda$shutdown$3(251)) - 8a411a4f-0e32-4dd1-80b9-a797c2117425@group-E5D9BD4A2B02: shutdown
2019-09-26 15:09:05,852 [8a411a4f-0e32-4dd1-80b9-a797c2117425@group-953CCBC0A9E0-SegmentedRaftLogWorker] ERROR segmented.SegmentedRaftLogWorker (SegmentedRaftLogWorker.java:run(323)) - 8a411a4f-0e32-4dd1-80b9-a797c2117425@group-953CCBC0A9E0-SegmentedRaftLogWorker hit exception
java.lang.OutOfMemoryError: Direct buffer memory
	at java.nio.Bits.reserveMemory(Bits.java:666)
	at java.nio.DirectByteBuffer.<init>(DirectByteBuffer.java:123)
	at java.nio.ByteBuffer.allocateDirect(ByteBuffer.java:311)
	at org.apache.ratis.server.raftlog.segmented.BufferedWriteChannel.<init>(BufferedWriteChannel.java:41)
	at org.apache.ratis.server.raftlog.segmented.SegmentedRaftLogOutputStream.<init>(SegmentedRaftLogOutputStream.java:72)
	at org.apache.ratis.server.raftlog.segmented.SegmentedRaftLogWorker$StartLogSegment.execute(SegmentedRaftLogWorker.java:566)
	at org.apache.ratis.server.raftlog.segmented.SegmentedRaftLogWorker.run(SegmentedRaftLogWorker.java:289)
	at java.lang.Thread.run(Thread.java:748)
2019-09-26 15:09:05,854 [8a411a4f-0e32-4dd1-80b9-a797c2117425@group-953CCBC0A9E0-SegmentedRaftLogWorker] INFO  impl.RaftServerImpl (RaftServerImpl.java:lambda$shutdown$3(251)) - 8a411a4f-0e32-4dd1-80b9-a797c2117425@group-953CCBC0A9E0: shutdown
2019-09-26 15:09:05,852 [8a411a4f-0e32-4dd1-80b9-a797c2117425@group-966319DBCAF8-SegmentedRaftLogWorker] ERROR segmented.SegmentedRaftLogWorker (SegmentedRaftLogWorker.java:run(323)) - 8a411a4f-0e32-4dd1-80b9-a797c2117425@group-966319DBCAF8-SegmentedRaftLogWorker hit exception
java.lang.OutOfMemoryError: Direct buffer memory
	at java.nio.Bits.reserveMemory(Bits.java:666)
	at java.nio.DirectByteBuffer.<init>(DirectByteBuffer.java:123)
	at java.nio.ByteBuffer.allocateDirect(ByteBuffer.java:311)
	at org.apache.ratis.server.raftlog.segmented.BufferedWriteChannel.<init>(BufferedWriteChannel.java:41)
	at org.apache.ratis.server.raftlog.segmented.SegmentedRaftLogOutputStream.<init>(SegmentedRaftLogOutputStream.java:72)
	at org.apache.ratis.server.raftlog.segmented.SegmentedRaftLogWorker$StartLogSegment.execute(SegmentedRaftLogWorker.java:566)
	at org.apache.ratis.server.raftlog.segmented.SegmentedRaftLogWorker.run(SegmentedRaftLogWorker.java:289)
	at java.lang.Thread.run(Thread.java:748)
2019-09-26 15:09:05,852 [8a411a4f-0e32-4dd1-80b9-a797c2117425@group-CAAD3C9AE29A-SegmentedRaftLogWorker] ERROR segmented.SegmentedRaftLogWorker (SegmentedRaftLogWorker.java:run(323)) - 8a411a4f-0e32-4dd1-80b9-a797c2117425@group-CAAD3C9AE29A-SegmentedRaftLogWorker hit exception
java.lang.OutOfMemoryError: Direct buffer memory
	at java.nio.Bits.reserveMemory(Bits.java:666)
	at java.nio.DirectByteBuffer.<init>(DirectByteBuffer.java:123)
	at java.nio.ByteBuffer.allocateDirect(ByteBuffer.java:311)
	at org.apache.ratis.server.raftlog.segmented.BufferedWriteChannel.<init>(BufferedWriteChannel.java:41)
	at org.apache.ratis.server.raftlog.segmented.SegmentedRaftLogOutputStream.<init>(SegmentedRaftLogOutputStream.java:72)
	at org.apache.ratis.server.raftlog.segmented.SegmentedRaftLogWorker$StartLogSegment.execute(SegmentedRaftLogWorker.java:566)
	at org.apache.ratis.server.raftlog.segmented.SegmentedRaftLogWorker.run(SegmentedRaftLogWorker.java:289)
	at java.lang.Thread.run(Thread.java:748)
2019-09-26 15:09:05,854 [8a411a4f-0e32-4dd1-80b9-a797c2117425@group-CAAD3C9AE29A-SegmentedRaftLogWorker] INFO  impl.RaftServerImpl (RaftServerImpl.java:lambda$shutdown$3(251)) - 8a411a4f-0e32-4dd1-80b9-a797c2117425@group-CAAD3C9AE29A: shutdown
2019-09-26 15:09:05,852 [8a411a4f-0e32-4dd1-80b9-a797c2117425@group-1BAA2484A192-SegmentedRaftLogWorker] ERROR segmented.SegmentedRaftLogWorker (SegmentedRaftLogWorker.java:run(323)) - 8a411a4f-0e32-4dd1-80b9-a797c2117425@group-1BAA2484A192-SegmentedRaftLogWorker hit exception
java.lang.OutOfMemoryError: Direct buffer memory
	at java.nio.Bits.reserveMemory(Bits.java:666)
	at java.nio.DirectByteBuffer.<init>(DirectByteBuffer.java:123)
	at java.nio.ByteBuffer.allocateDirect(ByteBuffer.java:311)
	at org.apache.ratis.server.raftlog.segmented.BufferedWriteChannel.<init>(BufferedWriteChannel.java:41)
	at org.apache.ratis.server.raftlog.segmented.SegmentedRaftLogOutputStream.<init>(SegmentedRaftLogOutputStream.java:72)
	at org.apache.ratis.server.raftlog.segmented.SegmentedRaftLogWorker$StartLogSegment.execute(SegmentedRaftLogWorker.java:566)
	at org.apache.ratis.server.raftlog.segmented.SegmentedRaftLogWorker.run(SegmentedRaftLogWorker.java:289)
	at java.lang.Thread.run(Thread.java:748)
2019-09-26 15:09:05,854 [8a411a4f-0e32-4dd1-80b9-a797c2117425@group-1BAA2484A192-SegmentedRaftLogWorker] INFO  impl.RaftServerImpl (RaftServerImpl.java:lambda$shutdown$3(251)) - 8a411a4f-0e32-4dd1-80b9-a797c2117425@group-1BAA2484A192: shutdown
2019-09-26 15:09:05,852 [8a411a4f-0e32-4dd1-80b9-a797c2117425@group-BDE5A38AA11F-SegmentedRaftLogWorker] INFO  util.JmxRegister (JmxRegister.java:unregister(73)) - Successfully un-registered JMX Bean with object name Ratis:service=RaftServer,group=group-BDE5A38AA11F,id=8a411a4f-0e32-4dd1-80b9-a797c2117425
2019-09-26 15:09:05,854 [8a411a4f-0e32-4dd1-80b9-a797c2117425@group-BDE5A38AA11F-SegmentedRaftLogWorker] INFO  impl.RoleInfo (RoleInfo.java:shutdownLeaderState(104)) - 8a411a4f-0e32-4dd1-80b9-a797c2117425: shutdown LeaderState
2019-09-26 15:09:05,852 [8a411a4f-0e32-4dd1-80b9-a797c2117425@group-A010A9011A71-SegmentedRaftLogWorker] ERROR segmented.SegmentedRaftLogWorker (SegmentedRaftLogWorker.java:run(323)) - 8a411a4f-0e32-4dd1-80b9-a797c2117425@group-A010A9011A71-SegmentedRaftLogWorker hit exception
java.lang.OutOfMemoryError: Direct buffer memory
	at java.nio.Bits.reserveMemory(Bits.java:666)
	at java.nio.DirectByteBuffer.<init>(DirectByteBuffer.java:123)
	at java.nio.ByteBuffer.allocateDirect(ByteBuffer.java:311)
	at org.apache.ratis.server.raftlog.segmented.BufferedWriteChannel.<init>(BufferedWriteChannel.java:41)
	at org.apache.ratis.server.raftlog.segmented.SegmentedRaftLogOutputStream.<init>(SegmentedRaftLogOutputStream.java:72)
	at org.apache.ratis.server.raftlog.segmented.SegmentedRaftLogWorker$StartLogSegment.execute(SegmentedRaftLogWorker.java:566)
	at org.apache.ratis.server.raftlog.segmented.SegmentedRaftLogWorker.run(SegmentedRaftLogWorker.java:289)
	at java.lang.Thread.run(Thread.java:748)
2019-09-26 15:09:05,852 [8a411a4f-0e32-4dd1-80b9-a797c2117425@group-CD788BB93D49-SegmentedRaftLogWorker] ERROR segmented.SegmentedRaftLogWorker (SegmentedRaftLogWorker.java:run(323)) - 8a411a4f-0e32-4dd1-80b9-a797c2117425@group-CD788BB93D49-SegmentedRaftLogWorker hit exception
java.lang.OutOfMemoryError: Direct buffer memory
	at java.nio.Bits.reserveMemory(Bits.java:666)
	at java.nio.DirectByteBuffer.<init>(DirectByteBuffer.java:123)
	at java.nio.ByteBuffer.allocateDirect(ByteBuffer.java:311)
	at org.apache.ratis.server.raftlog.segmented.BufferedWriteChannel.<init>(BufferedWriteChannel.java:41)
	at org.apache.ratis.server.raftlog.segmented.SegmentedRaftLogOutputStream.<init>(SegmentedRaftLogOutputStream.java:72)
	at org.apache.ratis.server.raftlog.segmented.SegmentedRaftLogWorker$StartLogSegment.execute(SegmentedRaftLogWorker.java:566)
	at org.apache.ratis.server.raftlog.segmented.SegmentedRaftLogWorker.run(SegmentedRaftLogWorker.java:289)
	at java.lang.Thread.run(Thread.java:748)
2019-09-26 15:09:05,852 [8a411a4f-0e32-4dd1-80b9-a797c2117425@group-4746F350A503-SegmentedRaftLogWorker] ERROR segmented.SegmentedRaftLogWorker (SegmentedRaftLogWorker.java:run(323)) - 8a411a4f-0e32-4dd1-80b9-a797c2117425@group-4746F350A503-SegmentedRaftLogWorker hit exception
java.lang.OutOfMemoryError: Direct buffer memory
	at java.nio.Bits.reserveMemory(Bits.java:666)
	at java.nio.DirectByteBuffer.<init>(DirectByteBuffer.java:123)
	at java.nio.ByteBuffer.allocateDirect(ByteBuffer.java:311)
	at org.apache.ratis.server.raftlog.segmented.BufferedWriteChannel.<init>(BufferedWriteChannel.java:41)
	at org.apache.ratis.server.raftlog.segmented.SegmentedRaftLogOutputStream.<init>(SegmentedRaftLogOutputStream.java:72)
	at org.apache.ratis.server.raftlog.segmented.SegmentedRaftLogWorker$StartLogSegment.execute(SegmentedRaftLogWorker.java:566)
	at org.apache.ratis.server.raftlog.segmented.SegmentedRaftLogWorker.run(SegmentedRaftLogWorker.java:289)
	at java.lang.Thread.run(Thread.java:748)
2019-09-26 15:09:05,855 [8a411a4f-0e32-4dd1-80b9-a797c2117425@group-4746F350A503-SegmentedRaftLogWorker] INFO  impl.RaftServerImpl (RaftServerImpl.java:lambda$shutdown$3(251)) - 8a411a4f-0e32-4dd1-80b9-a797c2117425@group-4746F350A503: shutdown
2019-09-26 15:09:05,852 [8a411a4f-0e32-4dd1-80b9-a797c2117425@group-D5C2E6A1B48A-SegmentedRaftLogWorker] INFO  impl.RaftServerImpl (RaftServerImpl.java:lambda$shutdown$3(251)) - 8a411a4f-0e32-4dd1-80b9-a797c2117425@group-D5C2E6A1B48A: shutdown
2019-09-26 15:09:05,852 [8a411a4f-0e32-4dd1-80b9-a797c2117425@group-CA9544AD4330-SegmentedRaftLogWorker] INFO  impl.RaftServerImpl (RaftServerImpl.java:lambda$shutdown$3(251)) - 8a411a4f-0e32-4dd1-80b9-a797c2117425@group-CA9544AD4330: shutdown
2019-09-26 15:09:05,852 [8a411a4f-0e32-4dd1-80b9-a797c2117425@group-5997EE45F5E1-SegmentedRaftLogWorker] INFO  util.JmxRegister (JmxRegister.java:unregister(73)) - Successfully un-registered JMX Bean with object name Ratis:service=RaftServer,group=group-5997EE45F5E1,id=8a411a4f-0e32-4dd1-80b9-a797c2117425
2019-09-26 15:09:05,852 [8a411a4f-0e32-4dd1-80b9-a797c2117425@group-3FF9DA04F6D3-SegmentedRaftLogWorker] INFO  util.JmxRegister (JmxRegister.java:unregister(73)) - Successfully un-registered JMX Bean with object name Ratis:service=RaftServer,group=group-3FF9DA04F6D3,id=8a411a4f-0e32-4dd1-80b9-a797c2117425
2019-09-26 15:09:05,851 [8a411a4f-0e32-4dd1-80b9-a797c2117425@group-A085057DFB26-SegmentedRaftLogWorker] INFO  util.JmxRegister (JmxRegister.java:unregister(73)) - Successfully un-registered JMX Bean with object name Ratis:service=RaftServer,group=group-A085057DFB26,id=8a411a4f-0e32-4dd1-80b9-a797c2117425
2019-09-26 15:09:05,851 [8a411a4f-0e32-4dd1-80b9-a797c2117425@group-2AD62173610F-SegmentedRaftLogWorker] INFO  impl.RoleInfo (RoleInfo.java:shutdownLeaderState(104)) - 8a411a4f-0e32-4dd1-80b9-a797c2117425: shutdown LeaderState
2019-09-26 15:09:05,851 [8a411a4f-0e32-4dd1-80b9-a797c2117425@group-FDA5C66D66D8-SegmentedRaftLogWorker] INFO  impl.RoleInfo (RoleInfo.java:shutdownLeaderState(104)) - 8a411a4f-0e32-4dd1-80b9-a797c2117425: shutdown LeaderState
2019-09-26 15:09:05,851 [8a411a4f-0e32-4dd1-80b9-a797c2117425@group-DA5E89A2DC85-SegmentedRaftLogWorker] INFO  impl.PendingRequests (PendingRequests.java:sendNotLeaderResponses(202)) - 8a411a4f-0e32-4dd1-80b9-a797c2117425-PendingRequests: sendNotLeaderResponses
2019-09-26 15:09:05,850 [8a411a4f-0e32-4dd1-80b9-a797c2117425@group-BF52FF77A681-SegmentedRaftLogWorker] INFO  impl.PendingRequests (PendingRequests.java:sendNotLeaderResponses(202)) - 8a411a4f-0e32-4dd1-80b9-a797c2117425-PendingRequests: sendNotLeaderResponses
2019-09-26 15:09:05,856 [8a411a4f-0e32-4dd1-80b9-a797c2117425@group-DA5E89A2DC85-SegmentedRaftLogWorker] INFO  impl.StateMachineUpdater (StateMachineUpdater.java:stopAndJoin(125)) - 8a411a4f-0e32-4dd1-80b9-a797c2117425@group-DA5E89A2DC85-StateMachineUpdater: set stopIndex = -1
2019-09-26 15:09:05,856 [8a411a4f-0e32-4dd1-80b9-a797c2117425@group-FDA5C66D66D8-SegmentedRaftLogWorker] INFO  impl.PendingRequests (PendingRequests.java:sendNotLeaderResponses(202)) - 8a411a4f-0e32-4dd1-80b9-a797c2117425-PendingRequests: sendNotLeaderResponses
2019-09-26 15:09:05,856 [8a411a4f-0e32-4dd1-80b9-a797c2117425@group-2AD62173610F-SegmentedRaftLogWorker] INFO  impl.PendingRequests (PendingRequests.java:sendNotLeaderResponses(202)) - 8a411a4f-0e32-4dd1-80b9-a797c2117425-PendingRequests: sendNotLeaderResponses
2019-09-26 15:09:05,856 [8a411a4f-0e32-4dd1-80b9-a797c2117425@group-A085057DFB26-SegmentedRaftLogWorker] INFO  impl.RoleInfo (RoleInfo.java:shutdownLeaderState(104)) - 8a411a4f-0e32-4dd1-80b9-a797c2117425: shutdown LeaderState
2019-09-26 15:09:05,856 [8a411a4f-0e32-4dd1-80b9-a797c2117425@group-3FF9DA04F6D3-SegmentedRaftLogWorker] INFO  impl.RoleInfo (RoleInfo.java:shutdownLeaderState(104)) - 8a411a4f-0e32-4dd1-80b9-a797c2117425: shutdown LeaderState
2019-09-26 15:09:05,855 [8a411a4f-0e32-4dd1-80b9-a797c2117425@group-5997EE45F5E1-SegmentedRaftLogWorker] INFO  impl.RoleInfo (RoleInfo.java:shutdownLeaderState(104)) - 8a411a4f-0e32-4dd1-80b9-a797c2117425: shutdown LeaderState
2019-09-26 15:09:05,855 [8a411a4f-0e32-4dd1-80b9-a797c2117425@group-CA9544AD4330-SegmentedRaftLogWorker] INFO  util.JmxRegister (JmxRegister.java:unregister(73)) - Successfully un-registered JMX Bean with object name Ratis:service=RaftServer,group=group-CA9544AD4330,id=8a411a4f-0e32-4dd1-80b9-a797c2117425
2019-09-26 15:09:05,855 [8a411a4f-0e32-4dd1-80b9-a797c2117425@group-D5C2E6A1B48A-SegmentedRaftLogWorker] INFO  util.JmxRegister (JmxRegister.java:unregister(73)) - Successfully un-registered JMX Bean with object name Ratis:service=RaftServer,group=group-D5C2E6A1B48A,id=8a411a4f-0e32-4dd1-80b9-a797c2117425
2019-09-26 15:09:05,855 [8a411a4f-0e32-4dd1-80b9-a797c2117425@group-4746F350A503-SegmentedRaftLogWorker] INFO  util.JmxRegister (JmxRegister.java:unregister(73)) - Successfully un-registered JMX Bean with object name Ratis:service=RaftServer,group=group-4746F350A503,id=8a411a4f-0e32-4dd1-80b9-a797c2117425
2019-09-26 15:09:05,855 [8a411a4f-0e32-4dd1-80b9-a797c2117425@group-CD788BB93D49-SegmentedRaftLogWorker] INFO  impl.RaftServerImpl (RaftServerImpl.java:lambda$shutdown$3(251)) - 8a411a4f-0e32-4dd1-80b9-a797c2117425@group-CD788BB93D49: shutdown
2019-09-26 15:09:05,855 [8a411a4f-0e32-4dd1-80b9-a797c2117425@group-A010A9011A71-SegmentedRaftLogWorker] INFO  impl.RaftServerImpl (RaftServerImpl.java:lambda$shutdown$3(251)) - 8a411a4f-0e32-4dd1-80b9-a797c2117425@group-A010A9011A71: shutdown
2019-09-26 15:09:05,855 [8a411a4f-0e32-4dd1-80b9-a797c2117425@group-BDE5A38AA11F-SegmentedRaftLogWorker] INFO  impl.PendingRequests (PendingRequests.java:sendNotLeaderResponses(202)) - 8a411a4f-0e32-4dd1-80b9-a797c2117425-PendingRequests: sendNotLeaderResponses
2019-09-26 15:09:05,854 [8a411a4f-0e32-4dd1-80b9-a797c2117425@group-1BAA2484A192-SegmentedRaftLogWorker] INFO  util.JmxRegister (JmxRegister.java:unregister(73)) - Successfully un-registered JMX Bean with object name Ratis:service=RaftServer,group=group-1BAA2484A192,id=8a411a4f-0e32-4dd1-80b9-a797c2117425
2019-09-26 15:09:05,857 [8a411a4f-0e32-4dd1-80b9-a797c2117425@group-1BAA2484A192-SegmentedRaftLogWorker] INFO  impl.RoleInfo (RoleInfo.java:shutdownLeaderState(104)) - 8a411a4f-0e32-4dd1-80b9-a797c2117425: shutdown LeaderState
2019-09-26 15:09:05,857 [8a411a4f-0e32-4dd1-80b9-a797c2117425@group-1BAA2484A192-SegmentedRaftLogWorker] INFO  impl.PendingRequests (PendingRequests.java:sendNotLeaderResponses(202)) - 8a411a4f-0e32-4dd1-80b9-a797c2117425-PendingRequests: sendNotLeaderResponses
2019-09-26 15:09:05,854 [8a411a4f-0e32-4dd1-80b9-a797c2117425@group-CAAD3C9AE29A-SegmentedRaftLogWorker] INFO  util.JmxRegister (JmxRegister.java:unregister(73)) - Successfully un-registered JMX Bean with object name Ratis:service=RaftServer,group=group-CAAD3C9AE29A,id=8a411a4f-0e32-4dd1-80b9-a797c2117425
2019-09-26 15:09:05,854 [8a411a4f-0e32-4dd1-80b9-a797c2117425@group-966319DBCAF8-SegmentedRaftLogWorker] INFO  impl.RaftServerImpl (RaftServerImpl.java:lambda$shutdown$3(251)) - 8a411a4f-0e32-4dd1-80b9-a797c2117425@group-966319DBCAF8: shutdown
2019-09-26 15:09:05,854 [8a411a4f-0e32-4dd1-80b9-a797c2117425@group-953CCBC0A9E0-SegmentedRaftLogWorker] INFO  util.JmxRegister (JmxRegister.java:unregister(73)) - Successfully un-registered JMX Bean with object name Ratis:service=RaftServer,group=group-953CCBC0A9E0,id=8a411a4f-0e32-4dd1-80b9-a797c2117425
2019-09-26 15:09:05,858 [8a411a4f-0e32-4dd1-80b9-a797c2117425@group-953CCBC0A9E0-SegmentedRaftLogWorker] INFO  impl.RoleInfo (RoleInfo.java:shutdownLeaderState(104)) - 8a411a4f-0e32-4dd1-80b9-a797c2117425: shutdown LeaderState
2019-09-26 15:09:05,853 [8a411a4f-0e32-4dd1-80b9-a797c2117425@group-E5D9BD4A2B02-SegmentedRaftLogWorker] INFO  util.JmxRegister (JmxRegister.java:unregister(73)) - Successfully un-registered JMX Bean with object name Ratis:service=RaftServer,group=group-E5D9BD4A2B02,id=8a411a4f-0e32-4dd1-80b9-a797c2117425
2019-09-26 15:09:05,853 [8a411a4f-0e32-4dd1-80b9-a797c2117425@group-817B3DD20E3E-SegmentedRaftLogWorker] INFO  util.JmxRegister (JmxRegister.java:unregister(73)) - Successfully un-registered JMX Bean with object name Ratis:service=RaftServer,group=group-817B3DD20E3E,id=8a411a4f-0e32-4dd1-80b9-a797c2117425
2019-09-26 15:09:05,858 [8a411a4f-0e32-4dd1-80b9-a797c2117425@group-817B3DD20E3E-SegmentedRaftLogWorker] INFO  impl.RoleInfo (RoleInfo.java:shutdownLeaderState(104)) - 8a411a4f-0e32-4dd1-80b9-a797c2117425: shutdown LeaderState
2019-09-26 15:09:05,853 [8a411a4f-0e32-4dd1-80b9-a797c2117425@group-9758B97C7A43-SegmentedRaftLogWorker] INFO  segmented.SegmentedRaftLogWorker (SegmentedRaftLogWorker.java:close(228)) - 8a411a4f-0e32-4dd1-80b9-a797c2117425@group-9758B97C7A43-SegmentedRaftLogWorker close()
2019-09-26 15:09:05,853 [8a411a4f-0e32-4dd1-80b9-a797c2117425@group-DE38E862BFA6-SegmentedRaftLogWorker] INFO  util.JmxRegister (JmxRegister.java:unregister(73)) - Successfully un-registered JMX Bean with object name Ratis:service=RaftServer,group=group-DE38E862BFA6,id=8a411a4f-0e32-4dd1-80b9-a797c2117425
2019-09-26 15:09:05,853 [8a411a4f-0e32-4dd1-80b9-a797c2117425@group-BF7801AC219F-SegmentedRaftLogWorker] INFO  impl.RaftServerImpl (RaftServerImpl.java:lambda$shutdown$3(251)) - 8a411a4f-0e32-4dd1-80b9-a797c2117425@group-BF7801AC219F: shutdown
2019-09-26 15:09:05,858 [8a411a4f-0e32-4dd1-80b9-a797c2117425@group-DE38E862BFA6-SegmentedRaftLogWorker] INFO  impl.RoleInfo (RoleInfo.java:shutdownLeaderState(104)) - 8a411a4f-0e32-4dd1-80b9-a797c2117425: shutdown LeaderState
2019-09-26 15:09:05,858 [8a411a4f-0e32-4dd1-80b9-a797c2117425@group-817B3DD20E3E-SegmentedRaftLogWorker] INFO  impl.PendingRequests (PendingRequests.java:sendNotLeaderResponses(202)) - 8a411a4f-0e32-4dd1-80b9-a797c2117425-PendingRequests: sendNotLeaderResponses
2019-09-26 15:09:05,858 [8a411a4f-0e32-4dd1-80b9-a797c2117425@group-E5D9BD4A2B02-SegmentedRaftLogWorker] INFO  impl.RoleInfo (RoleInfo.java:shutdownLeaderState(104)) - 8a411a4f-0e32-4dd1-80b9-a797c2117425: shutdown LeaderState
2019-09-26 15:09:05,858 [8a411a4f-0e32-4dd1-80b9-a797c2117425@group-953CCBC0A9E0-SegmentedRaftLogWorker] INFO  impl.PendingRequests (PendingRequests.java:sendNotLeaderResponses(202)) - 8a411a4f-0e32-4dd1-80b9-a797c2117425-PendingRequests: sendNotLeaderResponses
2019-09-26 15:09:05,858 [8a411a4f-0e32-4dd1-80b9-a797c2117425@group-966319DBCAF8-SegmentedRaftLogWorker] INFO  util.JmxRegister (JmxRegister.java:unregister(73)) - Successfully un-registered JMX Bean with object name Ratis:service=RaftServer,group=group-966319DBCAF8,id=8a411a4f-0e32-4dd1-80b9-a797c2117425
2019-09-26 15:09:05,858 [8a411a4f-0e32-4dd1-80b9-a797c2117425@group-CAAD3C9AE29A-SegmentedRaftLogWorker] INFO  impl.RoleInfo (RoleInfo.java:shutdownLeaderState(104)) - 8a411a4f-0e32-4dd1-80b9-a797c2117425: shutdown LeaderState
2019-09-26 15:09:05,858 [8a411a4f-0e32-4dd1-80b9-a797c2117425@group-1BAA2484A192-SegmentedRaftLogWorker] INFO  impl.StateMachineUpdater (StateMachineUpdater.java:stopAndJoin(125)) - 8a411a4f-0e32-4dd1-80b9-a797c2117425@group-1BAA2484A192-StateMachineUpdater: set stopIndex = -1
2019-09-26 15:09:05,857 [8a411a4f-0e32-4dd1-80b9-a797c2117425@group-BDE5A38AA11F-SegmentedRaftLogWorker] INFO  impl.StateMachineUpdater (StateMachineUpdater.java:stopAndJoin(125)) - 8a411a4f-0e32-4dd1-80b9-a797c2117425@group-BDE5A38AA11F-StateMachineUpdater: set stopIndex = -1
2019-09-26 15:09:05,859 [8a411a4f-0e32-4dd1-80b9-a797c2117425@group-BDE5A38AA11F-SegmentedRaftLogWorker] INFO  impl.RaftServerImpl (ServerState.java:close(385)) - 8a411a4f-0e32-4dd1-80b9-a797c2117425@group-BDE5A38AA11F: closes. applyIndex: -1
2019-09-26 15:09:05,857 [8a411a4f-0e32-4dd1-80b9-a797c2117425@group-A010A9011A71-SegmentedRaftLogWorker] INFO  util.JmxRegister (JmxRegister.java:unregister(73)) - Successfully un-registered JMX Bean with object name Ratis:service=RaftServer,group=group-A010A9011A71,id=8a411a4f-0e32-4dd1-80b9-a797c2117425
2019-09-26 15:09:05,857 [8a411a4f-0e32-4dd1-80b9-a797c2117425@group-CD788BB93D49-SegmentedRaftLogWorker] INFO  util.JmxRegister (JmxRegister.java:unregister(73)) - Successfully un-registered JMX Bean with object name Ratis:service=RaftServer,group=group-CD788BB93D49,id=8a411a4f-0e32-4dd1-80b9-a797c2117425
2019-09-26 15:09:05,857 [8a411a4f-0e32-4dd1-80b9-a797c2117425@group-4746F350A503-SegmentedRaftLogWorker] INFO  impl.RoleInfo (RoleInfo.java:shutdownLeaderState(104)) - 8a411a4f-0e32-4dd1-80b9-a797c2117425: shutdown LeaderState
2019-09-26 15:09:05,857 [8a411a4f-0e32-4dd1-80b9-a797c2117425@group-D5C2E6A1B48A-SegmentedRaftLogWorker] INFO  impl.RoleInfo (RoleInfo.java:shutdownLeaderState(104)) - 8a411a4f-0e32-4dd1-80b9-a797c2117425: shutdown LeaderState
2019-09-26 15:09:05,857 [8a411a4f-0e32-4dd1-80b9-a797c2117425@group-CA9544AD4330-SegmentedRaftLogWorker] INFO  impl.RoleInfo (RoleInfo.java:shutdownLeaderState(104)) - 8a411a4f-0e32-4dd1-80b9-a797c2117425: shutdown LeaderState
2019-09-26 15:09:05,860 [8a411a4f-0e32-4dd1-80b9-a797c2117425@group-CA9544AD4330-SegmentedRaftLogWorker] INFO  impl.PendingRequests (PendingRequests.java:sendNotLeaderResponses(202)) - 8a411a4f-0e32-4dd1-80b9-a797c2117425-PendingRequests: sendNotLeaderResponses
2019-09-26 15:09:05,857 [8a411a4f-0e32-4dd1-80b9-a797c2117425@group-5997EE45F5E1-SegmentedRaftLogWorker] INFO  impl.PendingRequests (PendingRequests.java:sendNotLeaderResponses(202)) - 8a411a4f-0e32-4dd1-80b9-a797c2117425-PendingRequests: sendNotLeaderResponses
2019-09-26 15:09:05,857 [8a411a4f-0e32-4dd1-80b9-a797c2117425@group-3FF9DA04F6D3-SegmentedRaftLogWorker] INFO  impl.PendingRequests (PendingRequests.java:sendNotLeaderResponses(202)) - 8a411a4f-0e32-4dd1-80b9-a797c2117425-PendingRequests: sendNotLeaderResponses
2019-09-26 15:09:05,856 [8a411a4f-0e32-4dd1-80b9-a797c2117425@group-A085057DFB26-SegmentedRaftLogWorker] INFO  impl.PendingRequests (PendingRequests.java:sendNotLeaderResponses(202)) - 8a411a4f-0e32-4dd1-80b9-a797c2117425-PendingRequests: sendNotLeaderResponses
2019-09-26 15:09:05,856 [8a411a4f-0e32-4dd1-80b9-a797c2117425@group-2AD62173610F-SegmentedRaftLogWorker] INFO  impl.StateMachineUpdater (StateMachineUpdater.java:stopAndJoin(125)) - 8a411a4f-0e32-4dd1-80b9-a797c2117425@group-2AD62173610F-StateMachineUpdater: set stopIndex = -1
2019-09-26 15:09:05,860 [8a411a4f-0e32-4dd1-80b9-a797c2117425@group-04E195EC18D6-SegmentedRaftLogWorker] ERROR segmented.SegmentedRaftLogWorker (SegmentedRaftLogWorker.java:run(323)) - 8a411a4f-0e32-4dd1-80b9-a797c2117425@group-04E195EC18D6-SegmentedRaftLogWorker hit exception
java.lang.OutOfMemoryError: Direct buffer memory
	at java.nio.Bits.reserveMemory(Bits.java:666)
	at java.nio.DirectByteBuffer.<init>(DirectByteBuffer.java:123)
	at java.nio.ByteBuffer.allocateDirect(ByteBuffer.java:311)
	at org.apache.ratis.server.raftlog.segmented.BufferedWriteChannel.<init>(BufferedWriteChannel.java:41)
	at org.apache.ratis.server.raftlog.segmented.SegmentedRaftLogOutputStream.<init>(SegmentedRaftLogOutputStream.java:72)
	at org.apache.ratis.server.raftlog.segmented.SegmentedRaftLogWorker$StartLogSegment.execute(SegmentedRaftLogWorker.java:566)
	at org.apache.ratis.server.raftlog.segmented.SegmentedRaftLogWorker.run(SegmentedRaftLogWorker.java:289)
	at java.lang.Thread.run(Thread.java:748)
2019-09-26 15:09:05,861 [8a411a4f-0e32-4dd1-80b9-a797c2117425@group-04E195EC18D6-SegmentedRaftLogWorker] INFO  impl.RaftServerImpl (RaftServerImpl.java:lambda$shutdown$3(251)) - 8a411a4f-0e32-4dd1-80b9-a797c2117425@group-04E195EC18D6: shutdown
2019-09-26 15:09:05,856 [8a411a4f-0e32-4dd1-80b9-a797c2117425@group-FDA5C66D66D8-SegmentedRaftLogWorker] INFO  impl.StateMachineUpdater (StateMachineUpdater.java:stopAndJoin(125)) - 8a411a4f-0e32-4dd1-80b9-a797c2117425@group-FDA5C66D66D8-StateMachineUpdater: set stopIndex = -1
2019-09-26 15:09:05,856 [8a411a4f-0e32-4dd1-80b9-a797c2117425@group-08B3FA40B821-SegmentedRaftLogWorker] ERROR segmented.SegmentedRaftLogWorker (SegmentedRaftLogWorker.java:run(323)) - 8a411a4f-0e32-4dd1-80b9-a797c2117425@group-08B3FA40B821-SegmentedRaftLogWorker hit exception
java.lang.OutOfMemoryError: Direct buffer memory
	at java.nio.Bits.reserveMemory(Bits.java:666)
	at java.nio.DirectByteBuffer.<init>(DirectByteBuffer.java:123)
	at java.nio.ByteBuffer.allocateDirect(ByteBuffer.java:311)
	at org.apache.ratis.server.raftlog.segmented.BufferedWriteChannel.<init>(BufferedWriteChannel.java:41)
	at org.apache.ratis.server.raftlog.segmented.SegmentedRaftLogOutputStream.<init>(SegmentedRaftLogOutputStream.java:72)
	at org.apache.ratis.server.raftlog.segmented.SegmentedRaftLogWorker$StartLogSegment.execute(SegmentedRaftLogWorker.java:566)
	at org.apache.ratis.server.raftlog.segmented.SegmentedRaftLogWorker.run(SegmentedRaftLogWorker.java:289)
	at java.lang.Thread.run(Thread.java:748)
2019-09-26 15:09:05,861 [8a411a4f-0e32-4dd1-80b9-a797c2117425@group-08B3FA40B821-SegmentedRaftLogWorker] INFO  impl.RaftServerImpl (RaftServerImpl.java:lambda$shutdown$3(251)) - 8a411a4f-0e32-4dd1-80b9-a797c2117425@group-08B3FA40B821: shutdown
2019-09-26 15:09:05,856 [8a411a4f-0e32-4dd1-80b9-a797c2117425@group-DA5E89A2DC85-SegmentedRaftLogWorker] INFO  impl.RaftServerImpl (ServerState.java:close(385)) - 8a411a4f-0e32-4dd1-80b9-a797c2117425@group-DA5E89A2DC85: closes. applyIndex: -1
2019-09-26 15:09:05,856 [8a411a4f-0e32-4dd1-80b9-a797c2117425@group-BF52FF77A681-SegmentedRaftLogWorker] INFO  impl.StateMachineUpdater (StateMachineUpdater.java:stopAndJoin(125)) - 8a411a4f-0e32-4dd1-80b9-a797c2117425@group-BF52FF77A681-StateMachineUpdater: set stopIndex = -1
2019-09-26 15:09:05,861 [8a411a4f-0e32-4dd1-80b9-a797c2117425@group-DA5E89A2DC85-SegmentedRaftLogWorker] INFO  segmented.SegmentedRaftLogWorker (SegmentedRaftLogWorker.java:close(228)) - 8a411a4f-0e32-4dd1-80b9-a797c2117425@group-DA5E89A2DC85-SegmentedRaftLogWorker close()
2019-09-26 15:09:05,861 [8a411a4f-0e32-4dd1-80b9-a797c2117425@group-08B3FA40B821-SegmentedRaftLogWorker] INFO  util.JmxRegister (JmxRegister.java:unregister(73)) - Successfully un-registered JMX Bean with object name Ratis:service=RaftServer,group=group-08B3FA40B821,id=8a411a4f-0e32-4dd1-80b9-a797c2117425
2019-09-26 15:09:05,861 [8a411a4f-0e32-4dd1-80b9-a797c2117425@group-FDA5C66D66D8-SegmentedRaftLogWorker] INFO  impl.RaftServerImpl (ServerState.java:close(385)) - 8a411a4f-0e32-4dd1-80b9-a797c2117425@group-FDA5C66D66D8: closes. applyIndex: -1
2019-09-26 15:09:05,861 [8a411a4f-0e32-4dd1-80b9-a797c2117425@group-04E195EC18D6-SegmentedRaftLogWorker] INFO  util.JmxRegister (JmxRegister.java:unregister(73)) - Successfully un-registered JMX Bean with object name Ratis:service=RaftServer,group=group-04E195EC18D6,id=8a411a4f-0e32-4dd1-80b9-a797c2117425
2019-09-26 15:09:05,862 [8a411a4f-0e32-4dd1-80b9-a797c2117425@group-04E195EC18D6-SegmentedRaftLogWorker] INFO  impl.RoleInfo (RoleInfo.java:shutdownLeaderState(104)) - 8a411a4f-0e32-4dd1-80b9-a797c2117425: shutdown LeaderState
2019-09-26 15:09:05,860 [8a411a4f-0e32-4dd1-80b9-a797c2117425@group-5EAF20E60177-SegmentedRaftLogWorker] ERROR segmented.SegmentedRaftLogWorker (SegmentedRaftLogWorker.java:run(323)) - 8a411a4f-0e32-4dd1-80b9-a797c2117425@group-5EAF20E60177-SegmentedRaftLogWorker hit exception
java.lang.OutOfMemoryError: Direct buffer memory
	at java.nio.Bits.reserveMemory(Bits.java:666)
	at java.nio.DirectByteBuffer.<init>(DirectByteBuffer.java:123)
	at java.nio.ByteBuffer.allocateDirect(ByteBuffer.java:311)
	at org.apache.ratis.server.raftlog.segmented.BufferedWriteChannel.<init>(BufferedWriteChannel.java:41)
	at org.apache.ratis.server.raftlog.segmented.SegmentedRaftLogOutputStream.<init>(SegmentedRaftLogOutputStream.java:72)
	at org.apache.ratis.server.raftlog.segmented.SegmentedRaftLogWorker$StartLogSegment.execute(SegmentedRaftLogWorker.java:566)
	at org.apache.ratis.server.raftlog.segmented.SegmentedRaftLogWorker.run(SegmentedRaftLogWorker.java:289)
	at java.lang.Thread.run(Thread.java:748)
2019-09-26 15:09:05,860 [8a411a4f-0e32-4dd1-80b9-a797c2117425@group-2AD62173610F-SegmentedRaftLogWorker] INFO  impl.RaftServerImpl (ServerState.java:close(385)) - 8a411a4f-0e32-4dd1-80b9-a797c2117425@group-2AD62173610F: closes. applyIndex: -1
2019-09-26 15:09:05,860 [8a411a4f-0e32-4dd1-80b9-a797c2117425@group-D2571D42C563-SegmentedRaftLogWorker] ERROR segmented.SegmentedRaftLogWorker (SegmentedRaftLogWorker.java:run(323)) - 8a411a4f-0e32-4dd1-80b9-a797c2117425@group-D2571D42C563-SegmentedRaftLogWorker hit exception
java.lang.OutOfMemoryError: Direct buffer memory
	at java.nio.Bits.reserveMemory(Bits.java:666)
	at java.nio.DirectByteBuffer.<init>(DirectByteBuffer.java:123)
	at java.nio.ByteBuffer.allocateDirect(ByteBuffer.java:311)
	at org.apache.ratis.server.raftlog.segmented.BufferedWriteChannel.<init>(BufferedWriteChannel.java:41)
	at org.apache.ratis.server.raftlog.segmented.SegmentedRaftLogOutputStream.<init>(SegmentedRaftLogOutputStream.java:72)
	at org.apache.ratis.server.raftlog.segmented.SegmentedRaftLogWorker$StartLogSegment.execute(SegmentedRaftLogWorker.java:566)
	at org.apache.ratis.server.raftlog.segmented.SegmentedRaftLogWorker.run(SegmentedRaftLogWorker.java:289)
	at java.lang.Thread.run(Thread.java:748)
2019-09-26 15:09:05,860 [8a411a4f-0e32-4dd1-80b9-a797c2117425@group-A085057DFB26-SegmentedRaftLogWorker] INFO  impl.StateMachineUpdater (StateMachineUpdater.java:stopAndJoin(125)) - 8a411a4f-0e32-4dd1-80b9-a797c2117425@group-A085057DFB26-StateMachineUpdater: set stopIndex = -1
2019-09-26 15:09:05,860 [8a411a4f-0e32-4dd1-80b9-a797c2117425@group-3884FFF625F6-SegmentedRaftLogWorker] ERROR segmented.SegmentedRaftLogWorker (SegmentedRaftLogWorker.java:run(323)) - 8a411a4f-0e32-4dd1-80b9-a797c2117425@group-3884FFF625F6-SegmentedRaftLogWorker hit exception
java.lang.OutOfMemoryError: Direct buffer memory
	at java.nio.Bits.reserveMemory(Bits.java:666)
	at java.nio.DirectByteBuffer.<init>(DirectByteBuffer.java:123)
	at java.nio.ByteBuffer.allocateDirect(ByteBuffer.java:311)
	at org.apache.ratis.server.raftlog.segmented.BufferedWriteChannel.<init>(BufferedWriteChannel.java:41)
	at org.apache.ratis.server.raftlog.segmented.SegmentedRaftLogOutputStream.<init>(SegmentedRaftLogOutputStream.java:72)
	at org.apache.ratis.server.raftlog.segmented.SegmentedRaftLogWorker$StartLogSegment.execute(SegmentedRaftLogWorker.java:566)
	at org.apache.ratis.server.raftlog.segmented.SegmentedRaftLogWorker.run(SegmentedRaftLogWorker.java:289)
	at java.lang.Thread.run(Thread.java:748)
2019-09-26 15:09:05,862 [8a411a4f-0e32-4dd1-80b9-a797c2117425@group-3884FFF625F6-SegmentedRaftLogWorker] INFO  impl.RaftServerImpl (RaftServerImpl.java:lambda$shutdown$3(251)) - 8a411a4f-0e32-4dd1-80b9-a797c2117425@group-3884FFF625F6: shutdown
2019-09-26 15:09:05,860 [8a411a4f-0e32-4dd1-80b9-a797c2117425@group-3FF9DA04F6D3-SegmentedRaftLogWorker] INFO  impl.StateMachineUpdater (StateMachineUpdater.java:stopAndJoin(125)) - 8a411a4f-0e32-4dd1-80b9-a797c2117425@group-3FF9DA04F6D3-StateMachineUpdater: set stopIndex = -1
2019-09-26 15:09:05,862 [8a411a4f-0e32-4dd1-80b9-a797c2117425@group-3FF9DA04F6D3-SegmentedRaftLogWorker] INFO  impl.RaftServerImpl (ServerState.java:close(385)) - 8a411a4f-0e32-4dd1-80b9-a797c2117425@group-3FF9DA04F6D3: closes. applyIndex: -1
2019-09-26 15:09:05,860 [8a411a4f-0e32-4dd1-80b9-a797c2117425@group-5997EE45F5E1-SegmentedRaftLogWorker] INFO  impl.StateMachineUpdater (StateMachineUpdater.java:stopAndJoin(125)) - 8a411a4f-0e32-4dd1-80b9-a797c2117425@group-5997EE45F5E1-StateMachineUpdater: set stopIndex = -1
2019-09-26 15:09:05,860 [8a411a4f-0e32-4dd1-80b9-a797c2117425@group-CA9544AD4330-SegmentedRaftLogWorker] INFO  impl.StateMachineUpdater (StateMachineUpdater.java:stopAndJoin(125)) - 8a411a4f-0e32-4dd1-80b9-a797c2117425@group-CA9544AD4330-StateMachineUpdater: set stopIndex = -1
2019-09-26 15:09:05,863 [8a411a4f-0e32-4dd1-80b9-a797c2117425@group-CA9544AD4330-SegmentedRaftLogWorker] INFO  impl.RaftServerImpl (ServerState.java:close(385)) - 8a411a4f-0e32-4dd1-80b9-a797c2117425@group-CA9544AD4330: closes. applyIndex: -1
2019-09-26 15:09:05,860 [8a411a4f-0e32-4dd1-80b9-a797c2117425@group-D5C2E6A1B48A-SegmentedRaftLogWorker] INFO  impl.PendingRequests (PendingRequests.java:sendNotLeaderResponses(202)) - 8a411a4f-0e32-4dd1-80b9-a797c2117425-PendingRequests: sendNotLeaderResponses
2019-09-26 15:09:05,860 [8a411a4f-0e32-4dd1-80b9-a797c2117425@group-4746F350A503-SegmentedRaftLogWorker] INFO  impl.PendingRequests (PendingRequests.java:sendNotLeaderResponses(202)) - 8a411a4f-0e32-4dd1-80b9-a797c2117425-PendingRequests: sendNotLeaderResponses
2019-09-26 15:09:05,859 [8a411a4f-0e32-4dd1-80b9-a797c2117425@group-CD788BB93D49-SegmentedRaftLogWorker] INFO  impl.RoleInfo (RoleInfo.java:shutdownLeaderState(104)) - 8a411a4f-0e32-4dd1-80b9-a797c2117425: shutdown LeaderState
2019-09-26 15:09:05,859 [8a411a4f-0e32-4dd1-80b9-a797c2117425@group-A010A9011A71-SegmentedRaftLogWorker] INFO  impl.RoleInfo (RoleInfo.java:shutdownLeaderState(104)) - 8a411a4f-0e32-4dd1-80b9-a797c2117425: shutdown LeaderState
2019-09-26 15:09:05,859 [8a411a4f-0e32-4dd1-80b9-a797c2117425@group-BDE5A38AA11F-SegmentedRaftLogWorker] INFO  segmented.SegmentedRaftLogWorker (SegmentedRaftLogWorker.java:close(228)) - 8a411a4f-0e32-4dd1-80b9-a797c2117425@group-BDE5A38AA11F-SegmentedRaftLogWorker close()
2019-09-26 15:09:05,859 [8a411a4f-0e32-4dd1-80b9-a797c2117425@group-1BAA2484A192-SegmentedRaftLogWorker] INFO  impl.RaftServerImpl (ServerState.java:close(385)) - 8a411a4f-0e32-4dd1-80b9-a797c2117425@group-1BAA2484A192: closes. applyIndex: -1
2019-09-26 15:09:05,859 [8a411a4f-0e32-4dd1-80b9-a797c2117425@group-CAAD3C9AE29A-SegmentedRaftLogWorker] INFO  impl.PendingRequests (PendingRequests.java:sendNotLeaderResponses(202)) - 8a411a4f-0e32-4dd1-80b9-a797c2117425-PendingRequests: sendNotLeaderResponses
2019-09-26 15:09:05,863 [8a411a4f-0e32-4dd1-80b9-a797c2117425@group-1BAA2484A192-SegmentedRaftLogWorker] INFO  segmented.SegmentedRaftLogWorker (SegmentedRaftLogWorker.java:close(228)) - 8a411a4f-0e32-4dd1-80b9-a797c2117425@group-1BAA2484A192-SegmentedRaftLogWorker close()
2019-09-26 15:09:05,859 [8a411a4f-0e32-4dd1-80b9-a797c2117425@group-966319DBCAF8-SegmentedRaftLogWorker] INFO  impl.RoleInfo (RoleInfo.java:shutdownLeaderState(104)) - 8a411a4f-0e32-4dd1-80b9-a797c2117425: shutdown LeaderState
2019-09-26 15:09:05,859 [8a411a4f-0e32-4dd1-80b9-a797c2117425@group-953CCBC0A9E0-SegmentedRaftLogWorker] INFO  impl.StateMachineUpdater (StateMachineUpdater.java:stopAndJoin(125)) - 8a411a4f-0e32-4dd1-80b9-a797c2117425@group-953CCBC0A9E0-StateMachineUpdater: set stopIndex = -1
2019-09-26 15:09:05,864 [8a411a4f-0e32-4dd1-80b9-a797c2117425@group-953CCBC0A9E0-SegmentedRaftLogWorker] INFO  impl.RaftServerImpl (ServerState.java:close(385)) - 8a411a4f-0e32-4dd1-80b9-a797c2117425@group-953CCBC0A9E0: closes. applyIndex: -1
2019-09-26 15:09:05,859 [8a411a4f-0e32-4dd1-80b9-a797c2117425@group-E5D9BD4A2B02-SegmentedRaftLogWorker] INFO  impl.PendingRequests (PendingRequests.java:sendNotLeaderResponses(202)) - 8a411a4f-0e32-4dd1-80b9-a797c2117425-PendingRequests: sendNotLeaderResponses
2019-09-26 15:09:05,859 [8a411a4f-0e32-4dd1-80b9-a797c2117425@group-817B3DD20E3E-SegmentedRaftLogWorker] INFO  impl.StateMachineUpdater (StateMachineUpdater.java:stopAndJoin(125)) - 8a411a4f-0e32-4dd1-80b9-a797c2117425@group-817B3DD20E3E-StateMachineUpdater: set stopIndex = -1
2019-09-26 15:09:05,864 [8a411a4f-0e32-4dd1-80b9-a797c2117425@group-817B3DD20E3E-SegmentedRaftLogWorker] INFO  impl.RaftServerImpl (ServerState.java:close(385)) - 8a411a4f-0e32-4dd1-80b9-a797c2117425@group-817B3DD20E3E: closes. applyIndex: -1
2019-09-26 15:09:05,859 [8a411a4f-0e32-4dd1-80b9-a797c2117425@group-DE38E862BFA6-SegmentedRaftLogWorker] INFO  impl.PendingRequests (PendingRequests.java:sendNotLeaderResponses(202)) - 8a411a4f-0e32-4dd1-80b9-a797c2117425-PendingRequests: sendNotLeaderResponses
2019-09-26 15:09:05,859 [8a411a4f-0e32-4dd1-80b9-a797c2117425@group-BF7801AC219F-SegmentedRaftLogWorker] INFO  util.JmxRegister (JmxRegister.java:unregister(73)) - Successfully un-registered JMX Bean with object name Ratis:service=RaftServer,group=group-BF7801AC219F,id=8a411a4f-0e32-4dd1-80b9-a797c2117425
2019-09-26 15:09:05,864 [8a411a4f-0e32-4dd1-80b9-a797c2117425@group-DE38E862BFA6-SegmentedRaftLogWorker] INFO  impl.StateMachineUpdater (StateMachineUpdater.java:stopAndJoin(125)) - 8a411a4f-0e32-4dd1-80b9-a797c2117425@group-DE38E862BFA6-StateMachineUpdater: set stopIndex = -1
2019-09-26 15:09:05,864 [8a411a4f-0e32-4dd1-80b9-a797c2117425@group-817B3DD20E3E-SegmentedRaftLogWorker] INFO  segmented.SegmentedRaftLogWorker (SegmentedRaftLogWorker.java:close(228)) - 8a411a4f-0e32-4dd1-80b9-a797c2117425@group-817B3DD20E3E-SegmentedRaftLogWorker close()
2019-09-26 15:09:05,864 [8a411a4f-0e32-4dd1-80b9-a797c2117425@group-E5D9BD4A2B02-SegmentedRaftLogWorker] INFO  impl.StateMachineUpdater (StateMachineUpdater.java:stopAndJoin(125)) - 8a411a4f-0e32-4dd1-80b9-a797c2117425@group-E5D9BD4A2B02-StateMachineUpdater: set stopIndex = -1
2019-09-26 15:09:05,864 [8a411a4f-0e32-4dd1-80b9-a797c2117425@group-E5D9BD4A2B02-SegmentedRaftLogWorker] INFO  impl.RaftServerImpl (ServerState.java:close(385)) - 8a411a4f-0e32-4dd1-80b9-a797c2117425@group-E5D9BD4A2B02: closes. applyIndex: -1
2019-09-26 15:09:05,864 [8a411a4f-0e32-4dd1-80b9-a797c2117425@group-953CCBC0A9E0-SegmentedRaftLogWorker] INFO  segmented.SegmentedRaftLogWorker (SegmentedRaftLogWorker.java:close(228)) - 8a411a4f-0e32-4dd1-80b9-a797c2117425@group-953CCBC0A9E0-SegmentedRaftLogWorker close()
2019-09-26 15:09:05,864 [8a411a4f-0e32-4dd1-80b9-a797c2117425@group-CFBE5C1BAA60-SegmentedRaftLogWorker] ERROR segmented.SegmentedRaftLogWorker (SegmentedRaftLogWorker.java:run(323)) - 8a411a4f-0e32-4dd1-80b9-a797c2117425@group-CFBE5C1BAA60-SegmentedRaftLogWorker hit exception
java.lang.OutOfMemoryError: Direct buffer memory
	at java.nio.Bits.reserveMemory(Bits.java:666)
	at java.nio.DirectByteBuffer.<init>(DirectByteBuffer.java:123)
	at java.nio.ByteBuffer.allocateDirect(ByteBuffer.java:311)
	at org.apache.ratis.server.raftlog.segmented.BufferedWriteChannel.<init>(BufferedWriteChannel.java:41)
	at org.apache.ratis.server.raftlog.segmented.SegmentedRaftLogOutputStream.<init>(SegmentedRaftLogOutputStream.java:72)
	at org.apache.ratis.server.raftlog.segmented.SegmentedRaftLogWorker$StartLogSegment.execute(SegmentedRaftLogWorker.java:566)
	at org.apache.ratis.server.raftlog.segmented.SegmentedRaftLogWorker.run(SegmentedRaftLogWorker.java:289)
	at java.lang.Thread.run(Thread.java:748)
2019-09-26 15:09:05,864 [8a411a4f-0e32-4dd1-80b9-a797c2117425@group-966319DBCAF8-SegmentedRaftLogWorker] INFO  impl.PendingRequests (PendingRequests.java:sendNotLeaderResponses(202)) - 8a411a4f-0e32-4dd1-80b9-a797c2117425-PendingRequests: sendNotLeaderResponses
2019-09-26 15:09:05,864 [8a411a4f-0e32-4dd1-80b9-a797c2117425@group-157AB0181C30-SegmentedRaftLogWorker] ERROR segmented.SegmentedRaftLogWorker (SegmentedRaftLogWorker.java:run(323)) - 8a411a4f-0e32-4dd1-80b9-a797c2117425@group-157AB0181C30-SegmentedRaftLogWorker hit exception
java.lang.OutOfMemoryError: Direct buffer memory
	at java.nio.Bits.reserveMemory(Bits.java:666)
	at java.nio.DirectByteBuffer.<init>(DirectByteBuffer.java:123)
	at java.nio.ByteBuffer.allocateDirect(ByteBuffer.java:311)
	at org.apache.ratis.server.raftlog.segmented.BufferedWriteChannel.<init>(BufferedWriteChannel.java:41)
	at org.apache.ratis.server.raftlog.segmented.SegmentedRaftLogOutputStream.<init>(SegmentedRaftLogOutputStream.java:72)
	at org.apache.ratis.server.raftlog.segmented.SegmentedRaftLogWorker$StartLogSegment.execute(SegmentedRaftLogWorker.java:566)
	at org.apache.ratis.server.raftlog.segmented.SegmentedRaftLogWorker.run(SegmentedRaftLogWorker.java:289)
	at java.lang.Thread.run(Thread.java:748)
2019-09-26 15:09:05,863 [8a411a4f-0e32-4dd1-80b9-a797c2117425@group-CAAD3C9AE29A-SegmentedRaftLogWorker] INFO  impl.StateMachineUpdater (StateMachineUpdater.java:stopAndJoin(125)) - 8a411a4f-0e32-4dd1-80b9-a797c2117425@group-CAAD3C9AE29A-StateMachineUpdater: set stopIndex = -1
2019-09-26 15:09:05,865 [8a411a4f-0e32-4dd1-80b9-a797c2117425@group-CAAD3C9AE29A-SegmentedRaftLogWorker] INFO  impl.RaftServerImpl (ServerState.java:close(385)) - 8a411a4f-0e32-4dd1-80b9-a797c2117425@group-CAAD3C9AE29A: closes. applyIndex: -1
2019-09-26 15:09:05,863 [8a411a4f-0e32-4dd1-80b9-a797c2117425@group-A010A9011A71-SegmentedRaftLogWorker] INFO  impl.PendingRequests (PendingRequests.java:sendNotLeaderResponses(202)) - 8a411a4f-0e32-4dd1-80b9-a797c2117425-PendingRequests: sendNotLeaderResponses
2019-09-26 15:09:05,863 [8a411a4f-0e32-4dd1-80b9-a797c2117425@group-61F50073A647-SegmentedRaftLogWorker] ERROR segmented.SegmentedRaftLogWorker (SegmentedRaftLogWorker.java:run(323)) - 8a411a4f-0e32-4dd1-80b9-a797c2117425@group-61F50073A647-SegmentedRaftLogWorker hit exception
java.lang.OutOfMemoryError: Direct buffer memory
	at java.nio.Bits.reserveMemory(Bits.java:666)
	at java.nio.DirectByteBuffer.<init>(DirectByteBuffer.java:123)
	at java.nio.ByteBuffer.allocateDirect(ByteBuffer.java:311)
	at org.apache.ratis.server.raftlog.segmented.BufferedWriteChannel.<init>(BufferedWriteChannel.java:41)
	at org.apache.ratis.server.raftlog.segmented.SegmentedRaftLogOutputStream.<init>(SegmentedRaftLogOutputStream.java:72)
	at org.apache.ratis.server.raftlog.segmented.SegmentedRaftLogWorker$StartLogSegment.execute(SegmentedRaftLogWorker.java:566)
	at org.apache.ratis.server.raftlog.segmented.SegmentedRaftLogWorker.run(SegmentedRaftLogWorker.java:289)
	at java.lang.Thread.run(Thread.java:748)
2019-09-26 15:09:05,863 [8a411a4f-0e32-4dd1-80b9-a797c2117425@group-D6588462D619-SegmentedRaftLogWorker] ERROR segmented.SegmentedRaftLogWorker (SegmentedRaftLogWorker.java:run(323)) - 8a411a4f-0e32-4dd1-80b9-a797c2117425@group-D6588462D619-SegmentedRaftLogWorker hit exception
java.lang.OutOfMemoryError: Direct buffer memory
	at java.nio.Bits.reserveMemory(Bits.java:666)
	at java.nio.DirectByteBuffer.<init>(DirectByteBuffer.java:123)
	at java.nio.ByteBuffer.allocateDirect(ByteBuffer.java:311)
	at org.apache.ratis.server.raftlog.segmented.BufferedWriteChannel.<init>(BufferedWriteChannel.java:41)
	at org.apache.ratis.server.raftlog.segmented.SegmentedRaftLogOutputStream.<init>(SegmentedRaftLogOutputStream.java:72)
	at org.apache.ratis.server.raftlog.segmented.SegmentedRaftLogWorker$StartLogSegment.execute(SegmentedRaftLogWorker.java:566)
	at org.apache.ratis.server.raftlog.segmented.SegmentedRaftLogWorker.run(SegmentedRaftLogWorker.java:289)
	at java.lang.Thread.run(Thread.java:748)
2019-09-26 15:09:05,863 [8a411a4f-0e32-4dd1-80b9-a797c2117425@group-CD788BB93D49-SegmentedRaftLogWorker] INFO  impl.PendingRequests (PendingRequests.java:sendNotLeaderResponses(202)) - 8a411a4f-0e32-4dd1-80b9-a797c2117425-PendingRequests: sendNotLeaderResponses
2019-09-26 15:09:05,863 [8a411a4f-0e32-4dd1-80b9-a797c2117425@group-4746F350A503-SegmentedRaftLogWorker] INFO  impl.StateMachineUpdater (StateMachineUpdater.java:stopAndJoin(125)) - 8a411a4f-0e32-4dd1-80b9-a797c2117425@group-4746F350A503-StateMachineUpdater: set stopIndex = -1
2019-09-26 15:09:05,863 [8a411a4f-0e32-4dd1-80b9-a797c2117425@group-D5C2E6A1B48A-SegmentedRaftLogWorker] INFO  impl.StateMachineUpdater (StateMachineUpdater.java:stopAndJoin(125)) - 8a411a4f-0e32-4dd1-80b9-a797c2117425@group-D5C2E6A1B48A-StateMachineUpdater: set stopIndex = -1
2019-09-26 15:09:05,866 [8a411a4f-0e32-4dd1-80b9-a797c2117425@group-D5C2E6A1B48A-SegmentedRaftLogWorker] INFO  impl.RaftServerImpl (ServerState.java:close(385)) - 8a411a4f-0e32-4dd1-80b9-a797c2117425@group-D5C2E6A1B48A: closes. applyIndex: -1
2019-09-26 15:09:05,863 [8a411a4f-0e32-4dd1-80b9-a797c2117425@group-CA9544AD4330-SegmentedRaftLogWorker] INFO  segmented.SegmentedRaftLogWorker (SegmentedRaftLogWorker.java:close(228)) - 8a411a4f-0e32-4dd1-80b9-a797c2117425@group-CA9544AD4330-SegmentedRaftLogWorker close()
2019-09-26 15:09:05,863 [8a411a4f-0e32-4dd1-80b9-a797c2117425@group-AA1C07C3D689-SegmentedRaftLogWorker] ERROR segmented.SegmentedRaftLogWorker (SegmentedRaftLogWorker.java:run(323)) - 8a411a4f-0e32-4dd1-80b9-a797c2117425@group-AA1C07C3D689-SegmentedRaftLogWorker hit exception
java.lang.OutOfMemoryError: Direct buffer memory
	at java.nio.Bits.reserveMemory(Bits.java:666)
	at java.nio.DirectByteBuffer.<init>(DirectByteBuffer.java:123)
	at java.nio.ByteBuffer.allocateDirect(ByteBuffer.java:311)
	at org.apache.ratis.server.raftlog.segmented.BufferedWriteChannel.<init>(BufferedWriteChannel.java:41)
	at org.apache.ratis.server.raftlog.segmented.SegmentedRaftLogOutputStream.<init>(SegmentedRaftLogOutputStream.java:72)
	at org.apache.ratis.server.raftlog.segmented.SegmentedRaftLogWorker$StartLogSegment.execute(SegmentedRaftLogWorker.java:566)
	at org.apache.ratis.server.raftlog.segmented.SegmentedRaftLogWorker.run(SegmentedRaftLogWorker.java:289)
	at java.lang.Thread.run(Thread.java:748)
2019-09-26 15:09:05,866 [8a411a4f-0e32-4dd1-80b9-a797c2117425@group-AA1C07C3D689-SegmentedRaftLogWorker] INFO  impl.RaftServerImpl (RaftServerImpl.java:lambda$shutdown$3(251)) - 8a411a4f-0e32-4dd1-80b9-a797c2117425@group-AA1C07C3D689: shutdown
2019-09-26 15:09:05,863 [8a411a4f-0e32-4dd1-80b9-a797c2117425@group-5997EE45F5E1-SegmentedRaftLogWorker] INFO  impl.RaftServerImpl (ServerState.java:close(385)) - 8a411a4f-0e32-4dd1-80b9-a797c2117425@group-5997EE45F5E1: closes. applyIndex: -1
2019-09-26 15:09:05,863 [8a411a4f-0e32-4dd1-80b9-a797c2117425@group-3FF9DA04F6D3-SegmentedRaftLogWorker] INFO  segmented.SegmentedRaftLogWorker (SegmentedRaftLogWorker.java:close(228)) - 8a411a4f-0e32-4dd1-80b9-a797c2117425@group-3FF9DA04F6D3-SegmentedRaftLogWorker close()
2019-09-26 15:09:05,862 [8a411a4f-0e32-4dd1-80b9-a797c2117425@group-3884FFF625F6-SegmentedRaftLogWorker] INFO  util.JmxRegister (JmxRegister.java:unregister(73)) - Successfully un-registered JMX Bean with object name Ratis:service=RaftServer,group=group-3884FFF625F6,id=8a411a4f-0e32-4dd1-80b9-a797c2117425
2019-09-26 15:09:05,862 [8a411a4f-0e32-4dd1-80b9-a797c2117425@group-A085057DFB26-SegmentedRaftLogWorker] INFO  impl.RaftServerImpl (ServerState.java:close(385)) - 8a411a4f-0e32-4dd1-80b9-a797c2117425@group-A085057DFB26: closes. applyIndex: -1
2019-09-26 15:09:05,862 [8a411a4f-0e32-4dd1-80b9-a797c2117425@group-D2571D42C563-SegmentedRaftLogWorker] INFO  impl.RaftServerImpl (RaftServerImpl.java:lambda$shutdown$3(251)) - 8a411a4f-0e32-4dd1-80b9-a797c2117425@group-D2571D42C563: shutdown
2019-09-26 15:09:05,867 [8a411a4f-0e32-4dd1-80b9-a797c2117425@group-A085057DFB26-SegmentedRaftLogWorker] INFO  segmented.SegmentedRaftLogWorker (SegmentedRaftLogWorker.java:close(228)) - 8a411a4f-0e32-4dd1-80b9-a797c2117425@group-A085057DFB26-SegmentedRaftLogWorker close()
2019-09-26 15:09:05,862 [8a411a4f-0e32-4dd1-80b9-a797c2117425@group-2AD62173610F-SegmentedRaftLogWorker] INFO  segmented.SegmentedRaftLogWorker (SegmentedRaftLogWorker.java:close(228)) - 8a411a4f-0e32-4dd1-80b9-a797c2117425@group-2AD62173610F-SegmentedRaftLogWorker close()
2019-09-26 15:09:05,862 [8a411a4f-0e32-4dd1-80b9-a797c2117425@group-5EAF20E60177-SegmentedRaftLogWorker] INFO  impl.RaftServerImpl (RaftServerImpl.java:lambda$shutdown$3(251)) - 8a411a4f-0e32-4dd1-80b9-a797c2117425@group-5EAF20E60177: shutdown
2019-09-26 15:09:05,862 [8a411a4f-0e32-4dd1-80b9-a797c2117425@group-04E195EC18D6-SegmentedRaftLogWorker] INFO  impl.PendingRequests (PendingRequests.java:sendNotLeaderResponses(202)) - 8a411a4f-0e32-4dd1-80b9-a797c2117425-PendingRequests: sendNotLeaderResponses
2019-09-26 15:09:05,862 [8a411a4f-0e32-4dd1-80b9-a797c2117425@group-FDA5C66D66D8-SegmentedRaftLogWorker] INFO  segmented.SegmentedRaftLogWorker (SegmentedRaftLogWorker.java:close(228)) - 8a411a4f-0e32-4dd1-80b9-a797c2117425@group-FDA5C66D66D8-SegmentedRaftLogWorker close()
2019-09-26 15:09:05,861 [8a411a4f-0e32-4dd1-80b9-a797c2117425@group-08B3FA40B821-SegmentedRaftLogWorker] INFO  impl.RoleInfo (RoleInfo.java:shutdownLeaderState(104)) - 8a411a4f-0e32-4dd1-80b9-a797c2117425: shutdown LeaderState
2019-09-26 15:09:05,861 [8a411a4f-0e32-4dd1-80b9-a797c2117425@group-BF52FF77A681-SegmentedRaftLogWorker] INFO  impl.RaftServerImpl (ServerState.java:close(385)) - 8a411a4f-0e32-4dd1-80b9-a797c2117425@group-BF52FF77A681: closes. applyIndex: -1
2019-09-26 15:09:05,868 [8a411a4f-0e32-4dd1-80b9-a797c2117425@group-08B3FA40B821-SegmentedRaftLogWorker] INFO  impl.PendingRequests (PendingRequests.java:sendNotLeaderResponses(202)) - 8a411a4f-0e32-4dd1-80b9-a797c2117425-PendingRequests: sendNotLeaderResponses
2019-09-26 15:09:05,868 [8a411a4f-0e32-4dd1-80b9-a797c2117425@group-BF52FF77A681-SegmentedRaftLogWorker] INFO  segmented.SegmentedRaftLogWorker (SegmentedRaftLogWorker.java:close(228)) - 8a411a4f-0e32-4dd1-80b9-a797c2117425@group-BF52FF77A681-SegmentedRaftLogWorker close()
2019-09-26 15:09:05,867 [8a411a4f-0e32-4dd1-80b9-a797c2117425@group-04E195EC18D6-SegmentedRaftLogWorker] INFO  impl.StateMachineUpdater (StateMachineUpdater.java:stopAndJoin(125)) - 8a411a4f-0e32-4dd1-80b9-a797c2117425@group-04E195EC18D6-StateMachineUpdater: set stopIndex = -1
2019-09-26 15:09:05,867 [8a411a4f-0e32-4dd1-80b9-a797c2117425@group-5EAF20E60177-SegmentedRaftLogWorker] INFO  util.JmxRegister (JmxRegister.java:unregister(73)) - Successfully un-registered JMX Bean with object name Ratis:service=RaftServer,group=group-5EAF20E60177,id=8a411a4f-0e32-4dd1-80b9-a797c2117425
2019-09-26 15:09:05,868 [8a411a4f-0e32-4dd1-80b9-a797c2117425@group-5EAF20E60177-SegmentedRaftLogWorker] INFO  impl.RoleInfo (RoleInfo.java:shutdownLeaderState(104)) - 8a411a4f-0e32-4dd1-80b9-a797c2117425: shutdown LeaderState
2019-09-26 15:09:05,867 [8a411a4f-0e32-4dd1-80b9-a797c2117425@group-D2571D42C563-SegmentedRaftLogWorker] INFO  util.JmxRegister (JmxRegister.java:unregister(73)) - Successfully un-registered JMX Bean with object name Ratis:service=RaftServer,group=group-D2571D42C563,id=8a411a4f-0e32-4dd1-80b9-a797c2117425
2019-09-26 15:09:05,867 [8a411a4f-0e32-4dd1-80b9-a797c2117425@group-3884FFF625F6-SegmentedRaftLogWorker] INFO  impl.RoleInfo (RoleInfo.java:shutdownLeaderState(104)) - 8a411a4f-0e32-4dd1-80b9-a797c2117425: shutdown LeaderState
2019-09-26 15:09:05,868 [8a411a4f-0e32-4dd1-80b9-a797c2117425@group-3884FFF625F6-SegmentedRaftLogWorker] INFO  impl.PendingRequests (PendingRequests.java:sendNotLeaderResponses(202)) - 8a411a4f-0e32-4dd1-80b9-a797c2117425-PendingRequests: sendNotLeaderResponses
2019-09-26 15:09:05,867 [8a411a4f-0e32-4dd1-80b9-a797c2117425@group-5997EE45F5E1-SegmentedRaftLogWorker] INFO  segmented.SegmentedRaftLogWorker (SegmentedRaftLogWorker.java:close(228)) - 8a411a4f-0e32-4dd1-80b9-a797c2117425@group-5997EE45F5E1-SegmentedRaftLogWorker close()
2019-09-26 15:09:05,866 [8a411a4f-0e32-4dd1-80b9-a797c2117425@group-AA1C07C3D689-SegmentedRaftLogWorker] INFO  util.JmxRegister (JmxRegister.java:unregister(73)) - Successfully un-registered JMX Bean with object name Ratis:service=RaftServer,group=group-AA1C07C3D689,id=8a411a4f-0e32-4dd1-80b9-a797c2117425
2019-09-26 15:09:05,866 [8a411a4f-0e32-4dd1-80b9-a797c2117425@group-D5C2E6A1B48A-SegmentedRaftLogWorker] INFO  segmented.SegmentedRaftLogWorker (SegmentedRaftLogWorker.java:close(228)) - 8a411a4f-0e32-4dd1-80b9-a797c2117425@group-D5C2E6A1B48A-SegmentedRaftLogWorker close()
2019-09-26 15:09:05,866 [8a411a4f-0e32-4dd1-80b9-a797c2117425@group-4746F350A503-SegmentedRaftLogWorker] INFO  impl.RaftServerImpl (ServerState.java:close(385)) - 8a411a4f-0e32-4dd1-80b9-a797c2117425@group-4746F350A503: closes. applyIndex: -1
2019-09-26 15:09:05,866 [8a411a4f-0e32-4dd1-80b9-a797c2117425@group-CD788BB93D49-SegmentedRaftLogWorker] INFO  impl.StateMachineUpdater (StateMachineUpdater.java:stopAndJoin(125)) - 8a411a4f-0e32-4dd1-80b9-a797c2117425@group-CD788BB93D49-StateMachineUpdater: set stopIndex = -1
2019-09-26 15:09:05,866 [8a411a4f-0e32-4dd1-80b9-a797c2117425@group-D6588462D619-SegmentedRaftLogWorker] INFO  impl.RaftServerImpl (RaftServerImpl.java:lambda$shutdown$3(251)) - 8a411a4f-0e32-4dd1-80b9-a797c2117425@group-D6588462D619: shutdown
2019-09-26 15:09:05,866 [8a411a4f-0e32-4dd1-80b9-a797c2117425@group-61F50073A647-SegmentedRaftLogWorker] INFO  impl.RaftServerImpl (RaftServerImpl.java:lambda$shutdown$3(251)) - 8a411a4f-0e32-4dd1-80b9-a797c2117425@group-61F50073A647: shutdown
2019-09-26 15:09:05,865 [8a411a4f-0e32-4dd1-80b9-a797c2117425@group-A010A9011A71-SegmentedRaftLogWorker] INFO  impl.StateMachineUpdater (StateMachineUpdater.java:stopAndJoin(125)) - 8a411a4f-0e32-4dd1-80b9-a797c2117425@group-A010A9011A71-StateMachineUpdater: set stopIndex = -1
2019-09-26 15:09:05,869 [8a411a4f-0e32-4dd1-80b9-a797c2117425@group-A010A9011A71-SegmentedRaftLogWorker] INFO  impl.RaftServerImpl (ServerState.java:close(385)) - 8a411a4f-0e32-4dd1-80b9-a797c2117425@group-A010A9011A71: closes. applyIndex: -1
2019-09-26 15:09:05,865 [8a411a4f-0e32-4dd1-80b9-a797c2117425@group-CAAD3C9AE29A-SegmentedRaftLogWorker] INFO  segmented.SegmentedRaftLogWorker (SegmentedRaftLogWorker.java:close(228)) - 8a411a4f-0e32-4dd1-80b9-a797c2117425@group-CAAD3C9AE29A-SegmentedRaftLogWorker close()
2019-09-26 15:09:05,865 [8a411a4f-0e32-4dd1-80b9-a797c2117425@group-157AB0181C30-SegmentedRaftLogWorker] INFO  impl.RaftServerImpl (RaftServerImpl.java:lambda$shutdown$3(251)) - 8a411a4f-0e32-4dd1-80b9-a797c2117425@group-157AB0181C30: shutdown
2019-09-26 15:09:05,865 [8a411a4f-0e32-4dd1-80b9-a797c2117425@group-966319DBCAF8-SegmentedRaftLogWorker] INFO  impl.StateMachineUpdater (StateMachineUpdater.java:stopAndJoin(125)) - 8a411a4f-0e32-4dd1-80b9-a797c2117425@group-966319DBCAF8-StateMachineUpdater: set stopIndex = -1
2019-09-26 15:09:05,869 [8a411a4f-0e32-4dd1-80b9-a797c2117425@group-966319DBCAF8-SegmentedRaftLogWorker] INFO  impl.RaftServerImpl (ServerState.java:close(385)) - 8a411a4f-0e32-4dd1-80b9-a797c2117425@group-966319DBCAF8: closes. applyIndex: -1
2019-09-26 15:09:05,865 [8a411a4f-0e32-4dd1-80b9-a797c2117425@group-CFBE5C1BAA60-SegmentedRaftLogWorker] INFO  impl.RaftServerImpl (RaftServerImpl.java:lambda$shutdown$3(251)) - 8a411a4f-0e32-4dd1-80b9-a797c2117425@group-CFBE5C1BAA60: shutdown
2019-09-26 15:09:05,865 [8a411a4f-0e32-4dd1-80b9-a797c2117425@group-E5D9BD4A2B02-SegmentedRaftLogWorker] INFO  segmented.SegmentedRaftLogWorker (SegmentedRaftLogWorker.java:close(228)) - 8a411a4f-0e32-4dd1-80b9-a797c2117425@group-E5D9BD4A2B02-SegmentedRaftLogWorker close()
2019-09-26 15:09:05,864 [8a411a4f-0e32-4dd1-80b9-a797c2117425@group-DE38E862BFA6-SegmentedRaftLogWorker] INFO  impl.RaftServerImpl (ServerState.java:close(385)) - 8a411a4f-0e32-4dd1-80b9-a797c2117425@group-DE38E862BFA6: closes. applyIndex: -1
2019-09-26 15:09:05,864 [8a411a4f-0e32-4dd1-80b9-a797c2117425@group-BF7801AC219F-SegmentedRaftLogWorker] INFO  impl.RoleInfo (RoleInfo.java:shutdownLeaderState(104)) - 8a411a4f-0e32-4dd1-80b9-a797c2117425: shutdown LeaderState
2019-09-26 15:09:05,870 [8a411a4f-0e32-4dd1-80b9-a797c2117425@group-DE38E862BFA6-SegmentedRaftLogWorker] INFO  segmented.SegmentedRaftLogWorker (SegmentedRaftLogWorker.java:close(228)) - 8a411a4f-0e32-4dd1-80b9-a797c2117425@group-DE38E862BFA6-SegmentedRaftLogWorker close()
2019-09-26 15:09:05,870 [8a411a4f-0e32-4dd1-80b9-a797c2117425@group-CFBE5C1BAA60-SegmentedRaftLogWorker] INFO  util.JmxRegister (JmxRegister.java:unregister(73)) - Successfully un-registered JMX Bean with object name Ratis:service=RaftServer,group=group-CFBE5C1BAA60,id=8a411a4f-0e32-4dd1-80b9-a797c2117425
2019-09-26 15:09:05,870 [8a411a4f-0e32-4dd1-80b9-a797c2117425@group-966319DBCAF8-SegmentedRaftLogWorker] INFO  segmented.SegmentedRaftLogWorker (SegmentedRaftLogWorker.java:close(228)) - 8a411a4f-0e32-4dd1-80b9-a797c2117425@group-966319DBCAF8-SegmentedRaftLogWorker close()
2019-09-26 15:09:05,869 [8a411a4f-0e32-4dd1-80b9-a797c2117425@group-157AB0181C30-SegmentedRaftLogWorker] INFO  util.JmxRegister (JmxRegister.java:unregister(73)) - Successfully un-registered JMX Bean with object name Ratis:service=RaftServer,group=group-157AB0181C30,id=8a411a4f-0e32-4dd1-80b9-a797c2117425
2019-09-26 15:09:05,869 [8a411a4f-0e32-4dd1-80b9-a797c2117425@group-A010A9011A71-SegmentedRaftLogWorker] INFO  segmented.SegmentedRaftLogWorker (SegmentedRaftLogWorker.java:close(228)) - 8a411a4f-0e32-4dd1-80b9-a797c2117425@group-A010A9011A71-SegmentedRaftLogWorker close()
2019-09-26 15:09:05,869 [8a411a4f-0e32-4dd1-80b9-a797c2117425@group-61F50073A647-SegmentedRaftLogWorker] INFO  util.JmxRegister (JmxRegister.java:unregister(73)) - Successfully un-registered JMX Bean with object name Ratis:service=RaftServer,group=group-61F50073A647,id=8a411a4f-0e32-4dd1-80b9-a797c2117425
2019-09-26 15:09:05,870 [8a411a4f-0e32-4dd1-80b9-a797c2117425@group-61F50073A647-SegmentedRaftLogWorker] INFO  impl.RoleInfo (RoleInfo.java:shutdownLeaderState(104)) - 8a411a4f-0e32-4dd1-80b9-a797c2117425: shutdown LeaderState
2019-09-26 15:09:05,869 [8a411a4f-0e32-4dd1-80b9-a797c2117425@group-D6588462D619-SegmentedRaftLogWorker] INFO  util.JmxRegister (JmxRegister.java:unregister(73)) - Successfully un-registered JMX Bean with object name Ratis:service=RaftServer,group=group-D6588462D619,id=8a411a4f-0e32-4dd1-80b9-a797c2117425
2019-09-26 15:09:05,869 [8a411a4f-0e32-4dd1-80b9-a797c2117425@group-CD788BB93D49-SegmentedRaftLogWorker] INFO  impl.RaftServerImpl (ServerState.java:close(385)) - 8a411a4f-0e32-4dd1-80b9-a797c2117425@group-CD788BB93D49: closes. applyIndex: -1
2019-09-26 15:09:05,869 [8a411a4f-0e32-4dd1-80b9-a797c2117425@group-4746F350A503-SegmentedRaftLogWorker] INFO  segmented.SegmentedRaftLogWorker (SegmentedRaftLogWorker.java:close(228)) - 8a411a4f-0e32-4dd1-80b9-a797c2117425@group-4746F350A503-SegmentedRaftLogWorker close()
2019-09-26 15:09:05,869 [8a411a4f-0e32-4dd1-80b9-a797c2117425@group-AA1C07C3D689-SegmentedRaftLogWorker] INFO  impl.RoleInfo (RoleInfo.java:shutdownLeaderState(104)) - 8a411a4f-0e32-4dd1-80b9-a797c2117425: shutdown LeaderState
2019-09-26 15:09:05,868 [8a411a4f-0e32-4dd1-80b9-a797c2117425@group-C79884FD6F3D-SegmentedRaftLogWorker] ERROR segmented.SegmentedRaftLogWorker (SegmentedRaftLogWorker.java:run(323)) - 8a411a4f-0e32-4dd1-80b9-a797c2117425@group-C79884FD6F3D-SegmentedRaftLogWorker hit exception
java.lang.OutOfMemoryError: Direct buffer memory
	at java.nio.Bits.reserveMemory(Bits.java:666)
	at java.nio.DirectByteBuffer.<init>(DirectByteBuffer.java:123)
	at java.nio.ByteBuffer.allocateDirect(ByteBuffer.java:311)
	at org.apache.ratis.server.raftlog.segmented.BufferedWriteChannel.<init>(BufferedWriteChannel.java:41)
	at org.apache.ratis.server.raftlog.segmented.SegmentedRaftLogOutputStream.<init>(SegmentedRaftLogOutputStream.java:72)
	at org.apache.ratis.server.raftlog.segmented.SegmentedRaftLogWorker$StartLogSegment.execute(SegmentedRaftLogWorker.java:566)
	at org.apache.ratis.server.raftlog.segmented.SegmentedRaftLogWorker.run(SegmentedRaftLogWorker.java:289)
	at java.lang.Thread.run(Thread.java:748)
2019-09-26 15:09:05,871 [8a411a4f-0e32-4dd1-80b9-a797c2117425@group-C79884FD6F3D-SegmentedRaftLogWorker] INFO  impl.RaftServerImpl (RaftServerImpl.java:lambda$shutdown$3(251)) - 8a411a4f-0e32-4dd1-80b9-a797c2117425@group-C79884FD6F3D: shutdown
2019-09-26 15:09:05,868 [8a411a4f-0e32-4dd1-80b9-a797c2117425@group-3884FFF625F6-SegmentedRaftLogWorker] INFO  impl.StateMachineUpdater (StateMachineUpdater.java:stopAndJoin(125)) - 8a411a4f-0e32-4dd1-80b9-a797c2117425@group-3884FFF625F6-StateMachineUpdater: set stopIndex = -1
2019-09-26 15:09:05,871 [8a411a4f-0e32-4dd1-80b9-a797c2117425@group-3884FFF625F6-SegmentedRaftLogWorker] INFO  impl.RaftServerImpl (ServerState.java:close(385)) - 8a411a4f-0e32-4dd1-80b9-a797c2117425@group-3884FFF625F6: closes. applyIndex: -1
2019-09-26 15:09:05,868 [8a411a4f-0e32-4dd1-80b9-a797c2117425@group-D2571D42C563-SegmentedRaftLogWorker] INFO  impl.RoleInfo (RoleInfo.java:shutdownLeaderState(104)) - 8a411a4f-0e32-4dd1-80b9-a797c2117425: shutdown LeaderState
2019-09-26 15:09:05,871 [8a411a4f-0e32-4dd1-80b9-a797c2117425@group-D2571D42C563-SegmentedRaftLogWorker] INFO  impl.PendingRequests (PendingRequests.java:sendNotLeaderResponses(202)) - 8a411a4f-0e32-4dd1-80b9-a797c2117425-PendingRequests: sendNotLeaderResponses
2019-09-26 15:09:05,868 [8a411a4f-0e32-4dd1-80b9-a797c2117425@group-5EAF20E60177-SegmentedRaftLogWorker] INFO  impl.PendingRequests (PendingRequests.java:sendNotLeaderResponses(202)) - 8a411a4f-0e32-4dd1-80b9-a797c2117425-PendingRequests: sendNotLeaderResponses
2019-09-26 15:09:05,868 [8a411a4f-0e32-4dd1-80b9-a797c2117425@group-04E195EC18D6-SegmentedRaftLogWorker] INFO  impl.RaftServerImpl (ServerState.java:close(385)) - 8a411a4f-0e32-4dd1-80b9-a797c2117425@group-04E195EC18D6: closes. applyIndex: -1
2019-09-26 15:09:05,868 [8a411a4f-0e32-4dd1-80b9-a797c2117425@group-08B3FA40B821-SegmentedRaftLogWorker] INFO  impl.StateMachineUpdater (StateMachineUpdater.java:stopAndJoin(125)) - 8a411a4f-0e32-4dd1-80b9-a797c2117425@group-08B3FA40B821-StateMachineUpdater: set stopIndex = -1
2019-09-26 15:09:05,872 [8a411a4f-0e32-4dd1-80b9-a797c2117425@group-04E195EC18D6-SegmentedRaftLogWorker] INFO  segmented.SegmentedRaftLogWorker (SegmentedRaftLogWorker.java:close(228)) - 8a411a4f-0e32-4dd1-80b9-a797c2117425@group-04E195EC18D6-SegmentedRaftLogWorker close()
2019-09-26 15:09:05,872 [8a411a4f-0e32-4dd1-80b9-a797c2117425@group-5EAF20E60177-SegmentedRaftLogWorker] INFO  impl.StateMachineUpdater (StateMachineUpdater.java:stopAndJoin(125)) - 8a411a4f-0e32-4dd1-80b9-a797c2117425@group-5EAF20E60177-StateMachineUpdater: set stopIndex = -1
2019-09-26 15:09:05,872 [8a411a4f-0e32-4dd1-80b9-a797c2117425@group-D2571D42C563-SegmentedRaftLogWorker] INFO  impl.StateMachineUpdater (StateMachineUpdater.java:stopAndJoin(125)) - 8a411a4f-0e32-4dd1-80b9-a797c2117425@group-D2571D42C563-StateMachineUpdater: set stopIndex = -1
2019-09-26 15:09:05,872 [8a411a4f-0e32-4dd1-80b9-a797c2117425@group-D2571D42C563-SegmentedRaftLogWorker] INFO  impl.RaftServerImpl (ServerState.java:close(385)) - 8a411a4f-0e32-4dd1-80b9-a797c2117425@group-D2571D42C563: closes. applyIndex: -1
2019-09-26 15:09:05,871 [8a411a4f-0e32-4dd1-80b9-a797c2117425@group-3884FFF625F6-SegmentedRaftLogWorker] INFO  segmented.SegmentedRaftLogWorker (SegmentedRaftLogWorker.java:close(228)) - 8a411a4f-0e32-4dd1-80b9-a797c2117425@group-3884FFF625F6-SegmentedRaftLogWorker close()
2019-09-26 15:09:05,871 [8a411a4f-0e32-4dd1-80b9-a797c2117425@group-C79884FD6F3D-SegmentedRaftLogWorker] INFO  util.JmxRegister (JmxRegister.java:unregister(73)) - Successfully un-registered JMX Bean with object name Ratis:service=RaftServer,group=group-C79884FD6F3D,id=8a411a4f-0e32-4dd1-80b9-a797c2117425
2019-09-26 15:09:05,871 [8a411a4f-0e32-4dd1-80b9-a797c2117425@group-AA1C07C3D689-SegmentedRaftLogWorker] INFO  impl.PendingRequests (PendingRequests.java:sendNotLeaderResponses(202)) - 8a411a4f-0e32-4dd1-80b9-a797c2117425-PendingRequests: sendNotLeaderResponses
2019-09-26 15:09:05,872 [8a411a4f-0e32-4dd1-80b9-a797c2117425@group-9134F99A9F4A-SegmentedRaftLogWorker] ERROR segmented.SegmentedRaftLogWorker (SegmentedRaftLogWorker.java:run(323)) - 8a411a4f-0e32-4dd1-80b9-a797c2117425@group-9134F99A9F4A-SegmentedRaftLogWorker hit exception
java.lang.OutOfMemoryError: Direct buffer memory
	at java.nio.Bits.reserveMemory(Bits.java:666)
	at java.nio.DirectByteBuffer.<init>(DirectByteBuffer.java:123)
	at java.nio.ByteBuffer.allocateDirect(ByteBuffer.java:311)
	at org.apache.ratis.server.raftlog.segmented.BufferedWriteChannel.<init>(BufferedWriteChannel.java:41)
	at org.apache.ratis.server.raftlog.segmented.SegmentedRaftLogOutputStream.<init>(SegmentedRaftLogOutputStream.java:72)
	at org.apache.ratis.server.raftlog.segmented.SegmentedRaftLogWorker$StartLogSegment.execute(SegmentedRaftLogWorker.java:566)
	at org.apache.ratis.server.raftlog.segmented.SegmentedRaftLogWorker.run(SegmentedRaftLogWorker.java:289)
	at java.lang.Thread.run(Thread.java:748)
2019-09-26 15:09:05,871 [8a411a4f-0e32-4dd1-80b9-a797c2117425@group-CD788BB93D49-SegmentedRaftLogWorker] INFO  segmented.SegmentedRaftLogWorker (SegmentedRaftLogWorker.java:close(228)) - 8a411a4f-0e32-4dd1-80b9-a797c2117425@group-CD788BB93D49-SegmentedRaftLogWorker close()
2019-09-26 15:09:05,871 [8a411a4f-0e32-4dd1-80b9-a797c2117425@group-D6588462D619-SegmentedRaftLogWorker] INFO  impl.RoleInfo (RoleInfo.java:shutdownLeaderState(104)) - 8a411a4f-0e32-4dd1-80b9-a797c2117425: shutdown LeaderState
2019-09-26 15:09:05,871 [8a411a4f-0e32-4dd1-80b9-a797c2117425@group-61F50073A647-SegmentedRaftLogWorker] INFO  impl.PendingRequests (PendingRequests.java:sendNotLeaderResponses(202)) - 8a411a4f-0e32-4dd1-80b9-a797c2117425-PendingRequests: sendNotLeaderResponses
2019-09-26 15:09:05,870 [8a411a4f-0e32-4dd1-80b9-a797c2117425@group-157AB0181C30-SegmentedRaftLogWorker] INFO  impl.RoleInfo (RoleInfo.java:shutdownLeaderState(104)) - 8a411a4f-0e32-4dd1-80b9-a797c2117425: shutdown LeaderState
2019-09-26 15:09:05,870 [8a411a4f-0e32-4dd1-80b9-a797c2117425@group-CFBE5C1BAA60-SegmentedRaftLogWorker] INFO  impl.RoleInfo (RoleInfo.java:shutdownLeaderState(104)) - 8a411a4f-0e32-4dd1-80b9-a797c2117425: shutdown LeaderState
2019-09-26 15:09:05,870 [8a411a4f-0e32-4dd1-80b9-a797c2117425@group-BF7801AC219F-SegmentedRaftLogWorker] INFO  impl.PendingRequests (PendingRequests.java:sendNotLeaderResponses(202)) - 8a411a4f-0e32-4dd1-80b9-a797c2117425-PendingRequests: sendNotLeaderResponses
2019-09-26 15:09:05,873 [8a411a4f-0e32-4dd1-80b9-a797c2117425@group-CFBE5C1BAA60-SegmentedRaftLogWorker] INFO  impl.PendingRequests (PendingRequests.java:sendNotLeaderResponses(202)) - 8a411a4f-0e32-4dd1-80b9-a797c2117425-PendingRequests: sendNotLeaderResponses
2019-09-26 15:09:05,873 [8a411a4f-0e32-4dd1-80b9-a797c2117425@group-157AB0181C30-SegmentedRaftLogWorker] INFO  impl.PendingRequests (PendingRequests.java:sendNotLeaderResponses(202)) - 8a411a4f-0e32-4dd1-80b9-a797c2117425-PendingRequests: sendNotLeaderResponses
2019-09-26 15:09:05,873 [8a411a4f-0e32-4dd1-80b9-a797c2117425@group-61F50073A647-SegmentedRaftLogWorker] INFO  impl.StateMachineUpdater (StateMachineUpdater.java:stopAndJoin(125)) - 8a411a4f-0e32-4dd1-80b9-a797c2117425@group-61F50073A647-StateMachineUpdater: set stopIndex = -1
2019-09-26 15:09:05,873 [8a411a4f-0e32-4dd1-80b9-a797c2117425@group-61F50073A647-SegmentedRaftLogWorker] INFO  impl.RaftServerImpl (ServerState.java:close(385)) - 8a411a4f-0e32-4dd1-80b9-a797c2117425@group-61F50073A647: closes. applyIndex: -1
2019-09-26 15:09:05,873 [8a411a4f-0e32-4dd1-80b9-a797c2117425@group-D6588462D619-SegmentedRaftLogWorker] INFO  impl.PendingRequests (PendingRequests.java:sendNotLeaderResponses(202)) - 8a411a4f-0e32-4dd1-80b9-a797c2117425-PendingRequests: sendNotLeaderResponses
2019-09-26 15:09:05,873 [8a411a4f-0e32-4dd1-80b9-a797c2117425@group-9134F99A9F4A-SegmentedRaftLogWorker] INFO  impl.RaftServerImpl (RaftServerImpl.java:lambda$shutdown$3(251)) - 8a411a4f-0e32-4dd1-80b9-a797c2117425@group-9134F99A9F4A: shutdown
2019-09-26 15:09:05,872 [8a411a4f-0e32-4dd1-80b9-a797c2117425@group-AA1C07C3D689-SegmentedRaftLogWorker] INFO  impl.StateMachineUpdater (StateMachineUpdater.java:stopAndJoin(125)) - 8a411a4f-0e32-4dd1-80b9-a797c2117425@group-AA1C07C3D689-StateMachineUpdater: set stopIndex = -1
2019-09-26 15:09:05,872 [8a411a4f-0e32-4dd1-80b9-a797c2117425@group-C79884FD6F3D-SegmentedRaftLogWorker] INFO  impl.RoleInfo (RoleInfo.java:shutdownLeaderState(104)) - 8a411a4f-0e32-4dd1-80b9-a797c2117425: shutdown LeaderState
2019-09-26 15:09:05,872 [8a411a4f-0e32-4dd1-80b9-a797c2117425@group-D2571D42C563-SegmentedRaftLogWorker] INFO  segmented.SegmentedRaftLogWorker (SegmentedRaftLogWorker.java:close(228)) - 8a411a4f-0e32-4dd1-80b9-a797c2117425@group-D2571D42C563-SegmentedRaftLogWorker close()
2019-09-26 15:09:05,872 [8a411a4f-0e32-4dd1-80b9-a797c2117425@group-5EAF20E60177-SegmentedRaftLogWorker] INFO  impl.RaftServerImpl (ServerState.java:close(385)) - 8a411a4f-0e32-4dd1-80b9-a797c2117425@group-5EAF20E60177: closes. applyIndex: -1
2019-09-26 15:09:05,872 [8a411a4f-0e32-4dd1-80b9-a797c2117425@group-08B3FA40B821-SegmentedRaftLogWorker] INFO  impl.RaftServerImpl (ServerState.java:close(385)) - 8a411a4f-0e32-4dd1-80b9-a797c2117425@group-08B3FA40B821: closes. applyIndex: -1
2019-09-26 15:09:05,874 [8a411a4f-0e32-4dd1-80b9-a797c2117425@group-5EAF20E60177-SegmentedRaftLogWorker] INFO  segmented.SegmentedRaftLogWorker (SegmentedRaftLogWorker.java:close(228)) - 8a411a4f-0e32-4dd1-80b9-a797c2117425@group-5EAF20E60177-SegmentedRaftLogWorker close()
2019-09-26 15:09:05,874 [8a411a4f-0e32-4dd1-80b9-a797c2117425@group-C79884FD6F3D-SegmentedRaftLogWorker] INFO  impl.PendingRequests (PendingRequests.java:sendNotLeaderResponses(202)) - 8a411a4f-0e32-4dd1-80b9-a797c2117425-PendingRequests: sendNotLeaderResponses
2019-09-26 15:09:05,874 [8a411a4f-0e32-4dd1-80b9-a797c2117425@group-AA1C07C3D689-SegmentedRaftLogWorker] INFO  impl.RaftServerImpl (ServerState.java:close(385)) - 8a411a4f-0e32-4dd1-80b9-a797c2117425@group-AA1C07C3D689: closes. applyIndex: -1
2019-09-26 15:09:05,874 [8a411a4f-0e32-4dd1-80b9-a797c2117425@group-9134F99A9F4A-SegmentedRaftLogWorker] INFO  util.JmxRegister (JmxRegister.java:unregister(73)) - Successfully un-registered JMX Bean with object name Ratis:service=RaftServer,group=group-9134F99A9F4A,id=8a411a4f-0e32-4dd1-80b9-a797c2117425
2019-09-26 15:09:05,875 [8a411a4f-0e32-4dd1-80b9-a797c2117425@group-AA1C07C3D689-SegmentedRaftLogWorker] INFO  segmented.SegmentedRaftLogWorker (SegmentedRaftLogWorker.java:close(228)) - 8a411a4f-0e32-4dd1-80b9-a797c2117425@group-AA1C07C3D689-SegmentedRaftLogWorker close()
2019-09-26 15:09:05,874 [8a411a4f-0e32-4dd1-80b9-a797c2117425@group-D6588462D619-SegmentedRaftLogWorker] INFO  impl.StateMachineUpdater (StateMachineUpdater.java:stopAndJoin(125)) - 8a411a4f-0e32-4dd1-80b9-a797c2117425@group-D6588462D619-StateMachineUpdater: set stopIndex = -1
2019-09-26 15:09:05,874 [8a411a4f-0e32-4dd1-80b9-a797c2117425@group-61F50073A647-SegmentedRaftLogWorker] INFO  segmented.SegmentedRaftLogWorker (SegmentedRaftLogWorker.java:close(228)) - 8a411a4f-0e32-4dd1-80b9-a797c2117425@group-61F50073A647-SegmentedRaftLogWorker close()
2019-09-26 15:09:05,873 [8a411a4f-0e32-4dd1-80b9-a797c2117425@group-157AB0181C30-SegmentedRaftLogWorker] INFO  impl.StateMachineUpdater (StateMachineUpdater.java:stopAndJoin(125)) - 8a411a4f-0e32-4dd1-80b9-a797c2117425@group-157AB0181C30-StateMachineUpdater: set stopIndex = -1
2019-09-26 15:09:05,873 [8a411a4f-0e32-4dd1-80b9-a797c2117425@group-CFBE5C1BAA60-SegmentedRaftLogWorker] INFO  impl.StateMachineUpdater (StateMachineUpdater.java:stopAndJoin(125)) - 8a411a4f-0e32-4dd1-80b9-a797c2117425@group-CFBE5C1BAA60-StateMachineUpdater: set stopIndex = -1
2019-09-26 15:09:05,875 [8a411a4f-0e32-4dd1-80b9-a797c2117425@group-CFBE5C1BAA60-SegmentedRaftLogWorker] INFO  impl.RaftServerImpl (ServerState.java:close(385)) - 8a411a4f-0e32-4dd1-80b9-a797c2117425@group-CFBE5C1BAA60: closes. applyIndex: -1
2019-09-26 15:09:05,873 [8a411a4f-0e32-4dd1-80b9-a797c2117425@group-BF7801AC219F-SegmentedRaftLogWorker] INFO  impl.StateMachineUpdater (StateMachineUpdater.java:stopAndJoin(125)) - 8a411a4f-0e32-4dd1-80b9-a797c2117425@group-BF7801AC219F-StateMachineUpdater: set stopIndex = -1
2019-09-26 15:09:05,875 [8a411a4f-0e32-4dd1-80b9-a797c2117425@group-CFBE5C1BAA60-SegmentedRaftLogWorker] INFO  segmented.SegmentedRaftLogWorker (SegmentedRaftLogWorker.java:close(228)) - 8a411a4f-0e32-4dd1-80b9-a797c2117425@group-CFBE5C1BAA60-SegmentedRaftLogWorker close()
2019-09-26 15:09:05,875 [8a411a4f-0e32-4dd1-80b9-a797c2117425@group-157AB0181C30-SegmentedRaftLogWorker] INFO  impl.RaftServerImpl (ServerState.java:close(385)) - 8a411a4f-0e32-4dd1-80b9-a797c2117425@group-157AB0181C30: closes. applyIndex: -1
2019-09-26 15:09:05,875 [8a411a4f-0e32-4dd1-80b9-a797c2117425@group-D6588462D619-SegmentedRaftLogWorker] INFO  impl.RaftServerImpl (ServerState.java:close(385)) - 8a411a4f-0e32-4dd1-80b9-a797c2117425@group-D6588462D619: closes. applyIndex: -1
2019-09-26 15:09:05,875 [8a411a4f-0e32-4dd1-80b9-a797c2117425@group-9134F99A9F4A-SegmentedRaftLogWorker] INFO  impl.RoleInfo (RoleInfo.java:shutdownLeaderState(104)) - 8a411a4f-0e32-4dd1-80b9-a797c2117425: shutdown LeaderState
2019-09-26 15:09:05,874 [8a411a4f-0e32-4dd1-80b9-a797c2117425@group-C79884FD6F3D-SegmentedRaftLogWorker] INFO  impl.StateMachineUpdater (StateMachineUpdater.java:stopAndJoin(125)) - 8a411a4f-0e32-4dd1-80b9-a797c2117425@group-C79884FD6F3D-StateMachineUpdater: set stopIndex = -1
2019-09-26 15:09:05,876 [8a411a4f-0e32-4dd1-80b9-a797c2117425@group-C79884FD6F3D-SegmentedRaftLogWorker] INFO  impl.RaftServerImpl (ServerState.java:close(385)) - 8a411a4f-0e32-4dd1-80b9-a797c2117425@group-C79884FD6F3D: closes. applyIndex: -1
2019-09-26 15:09:05,874 [8a411a4f-0e32-4dd1-80b9-a797c2117425@group-08B3FA40B821-SegmentedRaftLogWorker] INFO  segmented.SegmentedRaftLogWorker (SegmentedRaftLogWorker.java:close(228)) - 8a411a4f-0e32-4dd1-80b9-a797c2117425@group-08B3FA40B821-SegmentedRaftLogWorker close()
2019-09-26 15:09:05,876 [8a411a4f-0e32-4dd1-80b9-a797c2117425@group-C79884FD6F3D-SegmentedRaftLogWorker] INFO  segmented.SegmentedRaftLogWorker (SegmentedRaftLogWorker.java:close(228)) - 8a411a4f-0e32-4dd1-80b9-a797c2117425@group-C79884FD6F3D-SegmentedRaftLogWorker close()
2019-09-26 15:09:05,875 [8a411a4f-0e32-4dd1-80b9-a797c2117425@group-9134F99A9F4A-SegmentedRaftLogWorker] INFO  impl.PendingRequests (PendingRequests.java:sendNotLeaderResponses(202)) - 8a411a4f-0e32-4dd1-80b9-a797c2117425-PendingRequests: sendNotLeaderResponses
2019-09-26 15:09:05,875 [8a411a4f-0e32-4dd1-80b9-a797c2117425@group-D6588462D619-SegmentedRaftLogWorker] INFO  segmented.SegmentedRaftLogWorker (SegmentedRaftLogWorker.java:close(228)) - 8a411a4f-0e32-4dd1-80b9-a797c2117425@group-D6588462D619-SegmentedRaftLogWorker close()
2019-09-26 15:09:05,875 [8a411a4f-0e32-4dd1-80b9-a797c2117425@group-157AB0181C30-SegmentedRaftLogWorker] INFO  segmented.SegmentedRaftLogWorker (SegmentedRaftLogWorker.java:close(228)) - 8a411a4f-0e32-4dd1-80b9-a797c2117425@group-157AB0181C30-SegmentedRaftLogWorker close()
2019-09-26 15:09:05,875 [8a411a4f-0e32-4dd1-80b9-a797c2117425@group-BF7801AC219F-SegmentedRaftLogWorker] INFO  impl.RaftServerImpl (ServerState.java:close(385)) - 8a411a4f-0e32-4dd1-80b9-a797c2117425@group-BF7801AC219F: closes. applyIndex: -1
2019-09-26 15:09:05,876 [8a411a4f-0e32-4dd1-80b9-a797c2117425@group-9134F99A9F4A-SegmentedRaftLogWorker] INFO  impl.StateMachineUpdater (StateMachineUpdater.java:stopAndJoin(125)) - 8a411a4f-0e32-4dd1-80b9-a797c2117425@group-9134F99A9F4A-StateMachineUpdater: set stopIndex = -1
2019-09-26 15:09:05,876 [8a411a4f-0e32-4dd1-80b9-a797c2117425@group-BF7801AC219F-SegmentedRaftLogWorker] INFO  segmented.SegmentedRaftLogWorker (SegmentedRaftLogWorker.java:close(228)) - 8a411a4f-0e32-4dd1-80b9-a797c2117425@group-BF7801AC219F-SegmentedRaftLogWorker close()
2019-09-26 15:09:05,876 [8a411a4f-0e32-4dd1-80b9-a797c2117425@group-9134F99A9F4A-SegmentedRaftLogWorker] INFO  impl.RaftServerImpl (ServerState.java:close(385)) - 8a411a4f-0e32-4dd1-80b9-a797c2117425@group-9134F99A9F4A: closes. applyIndex: -1
2019-09-26 15:09:05,877 [8a411a4f-0e32-4dd1-80b9-a797c2117425@group-9134F99A9F4A-SegmentedRaftLogWorker] INFO  segmented.SegmentedRaftLogWorker (SegmentedRaftLogWorker.java:close(228)) - 8a411a4f-0e32-4dd1-80b9-a797c2117425@group-9134F99A9F4A-SegmentedRaftLogWorker close()
]]></system-out>
  </testcase>
</testsuite>