<?xml version="1.0" encoding="UTF-8"?>
<testsuite xmlns:xsi="http://www.w3.org/2001/XMLSchema-instance" xsi:noNamespaceSchemaLocation="https://maven.apache.org/surefire/maven-surefire-plugin/xsd/surefire-test-report.xsd" name="org.apache.hadoop.ozone.om.TestOzoneManagerRestart" time="95.396" tests="3" errors="1" skipped="0" failures="0">
  <properties>
    <property name="awt.toolkit" value="sun.awt.X11.XToolkit"/>
    <property name="file.encoding.pkg" value="sun.io"/>
    <property name="java.specification.version" value="1.8"/>
    <property name="sun.cpu.isalist" value=""/>
    <property name="sun.jnu.encoding" value="UTF-8"/>
    <property name="java.class.path" value="/workdir/hadoop-ozone/integration-test/target/test-classes:/workdir/hadoop-ozone/integration-test/target/classes:/home/user/.m2/repository/org/apache/hadoop/hadoop-ozone-common/0.5.0-SNAPSHOT/hadoop-ozone-common-0.5.0-SNAPSHOT.jar:/home/user/.m2/repository/org/apache/commons/commons-compress/1.4.1/commons-compress-1.4.1.jar:/home/user/.m2/repository/org/tukaani/xz/1.0/xz-1.0.jar:/home/user/.m2/repository/org/apache/hadoop/hadoop-common/3.2.0/hadoop-common-3.2.0.jar:/home/user/.m2/repository/org/apache/hadoop/hadoop-hdfs/3.2.0/hadoop-hdfs-3.2.0.jar:/home/user/.m2/repository/org/apache/hadoop/hadoop-hdfs-client/3.2.0/hadoop-hdfs-client-3.2.0.jar:/home/user/.m2/repository/com/fasterxml/jackson/core/jackson-annotations/2.9.9/jackson-annotations-2.9.9.jar:/home/user/.m2/repository/org/apache/hadoop/hadoop-hdds-common/0.5.0-SNAPSHOT/hadoop-hdds-common-0.5.0-SNAPSHOT.jar:/home/user/.m2/repository/javax/annotation/javax.annotation-api/1.2/javax.annotation-api-1.2.jar:/home/user/.m2/repository/org/apache/ratis/ratis-server/0.4.0/ratis-server-0.4.0.jar:/home/user/.m2/repository/org/apache/ratis/ratis-thirdparty-misc/0.2.0/ratis-thirdparty-misc-0.2.0.jar:/home/user/.m2/repository/org/apache/ratis/ratis-proto/0.4.0/ratis-proto-0.4.0.jar:/home/user/.m2/repository/org/apache/ratis/ratis-common/0.4.0/ratis-common-0.4.0.jar:/home/user/.m2/repository/org/apache/ratis/ratis-client/0.4.0/ratis-client-0.4.0.jar:/home/user/.m2/repository/org/apache/ratis/ratis-metrics/0.4.0/ratis-metrics-0.4.0.jar:/home/user/.m2/repository/com/github/joshelser/dropwizard-metrics-hadoop-metrics2-reporter/0.1.2/dropwizard-metrics-hadoop-metrics2-reporter-0.1.2.jar:/home/user/.m2/repository/io/dropwizard/metrics/metrics-jvm/3.2.5/metrics-jvm-3.2.5.jar:/home/user/.m2/repository/io/dropwizard/metrics/metrics-ganglia/3.2.5/metrics-ganglia-3.2.5.jar:/home/user/.m2/repository/info/ganglia/gmetric4j/gmetric4j/1.0.7/gmetric4j-1.0.7.jar:/home/user/.m2/repository/org/apache/ratis/ratis-netty/0.4.0/ratis-netty-0.4.0.jar:/home/user/.m2/repository/org/apache/ratis/ratis-grpc/0.4.0/ratis-grpc-0.4.0.jar:/home/user/.m2/repository/org/rocksdb/rocksdbjni/6.0.1/rocksdbjni-6.0.1.jar:/home/user/.m2/repository/org/apache/logging/log4j/log4j-api/2.11.0/log4j-api-2.11.0.jar:/home/user/.m2/repository/org/apache/logging/log4j/log4j-core/2.11.0/log4j-core-2.11.0.jar:/home/user/.m2/repository/com/lmax/disruptor/3.4.2/disruptor-3.4.2.jar:/home/user/.m2/repository/org/apache/commons/commons-pool2/2.6.0/commons-pool2-2.6.0.jar:/home/user/.m2/repository/org/bouncycastle/bcpkix-jdk15on/1.60/bcpkix-jdk15on-1.60.jar:/home/user/.m2/repository/commons-validator/commons-validator/1.6/commons-validator-1.6.jar:/home/user/.m2/repository/commons-digester/commons-digester/1.8.1/commons-digester-1.8.1.jar:/home/user/.m2/repository/io/jaegertracing/jaeger-client/0.34.0/jaeger-client-0.34.0.jar:/home/user/.m2/repository/io/jaegertracing/jaeger-thrift/0.34.0/jaeger-thrift-0.34.0.jar:/home/user/.m2/repository/org/apache/thrift/libthrift/0.12.0/libthrift-0.12.0.jar:/home/user/.m2/repository/com/squareup/okhttp3/okhttp/3.9.0/okhttp-3.9.0.jar:/home/user/.m2/repository/com/squareup/okio/okio/1.13.0/okio-1.13.0.jar:/home/user/.m2/repository/io/jaegertracing/jaeger-core/0.34.0/jaeger-core-0.34.0.jar:/home/user/.m2/repository/io/jaegertracing/jaeger-tracerresolver/0.34.0/jaeger-tracerresolver-0.34.0.jar:/home/user/.m2/repository/io/opentracing/contrib/opentracing-tracerresolver/0.1.5/opentracing-tracerresolver-0.1.5.jar:/home/user/.m2/repository/io/opentracing/opentracing-util/0.31.0/opentracing-util-0.31.0.jar:/home/user/.m2/repository/io/opentracing/opentracing-api/0.31.0/opentracing-api-0.31.0.jar:/home/user/.m2/repository/io/opentracing/opentracing-noop/0.31.0/opentracing-noop-0.31.0.jar:/home/user/.m2/repository/org/apache/hadoop/hadoop-hdds-server-framework/0.5.0-SNAPSHOT/hadoop-hdds-server-framework-0.5.0-SNAPSHOT.jar:/home/user/.m2/repository/org/apache/hadoop/hadoop-hdds-container-service/0.5.0-SNAPSHOT/hadoop-hdds-container-service-0.5.0-SNAPSHOT.jar:/home/user/.m2/repository/org/apache/hadoop/hadoop-hdds-client/0.5.0-SNAPSHOT/hadoop-hdds-client-0.5.0-SNAPSHOT.jar:/home/user/.m2/repository/org/apache/hadoop/hadoop-hdds-tools/0.5.0-SNAPSHOT/hadoop-hdds-tools-0.5.0-SNAPSHOT.jar:/home/user/.m2/repository/org/apache/hadoop/hadoop-hdds-server-scm/0.5.0-SNAPSHOT/hadoop-hdds-server-scm-0.5.0-SNAPSHOT.jar:/home/user/.m2/repository/org/apache/hadoop/hadoop-hdds-docs/0.5.0-SNAPSHOT/hadoop-hdds-docs-0.5.0-SNAPSHOT.jar:/home/user/.m2/repository/io/dropwizard/metrics/metrics-core/3.2.4/metrics-core-3.2.4.jar:/home/user/.m2/repository/org/hamcrest/hamcrest-all/1.3/hamcrest-all-1.3.jar:/home/user/.m2/repository/org/bouncycastle/bcprov-jdk15on/1.60/bcprov-jdk15on-1.60.jar:/home/user/.m2/repository/info/picocli/picocli/3.9.6/picocli-3.9.6.jar:/home/user/.m2/repository/com/google/protobuf/protobuf-java/2.5.0/protobuf-java-2.5.0.jar:/home/user/.m2/repository/com/google/guava/guava/11.0.2/guava-11.0.2.jar:/home/user/.m2/repository/org/apache/hadoop/hadoop-ozone-ozone-manager/0.5.0-SNAPSHOT/hadoop-ozone-ozone-manager-0.5.0-SNAPSHOT.jar:/home/user/.m2/repository/org/apache/hadoop/hadoop-minikdc/3.2.0/hadoop-minikdc-3.2.0.jar:/home/user/.m2/repository/commons-io/commons-io/2.5/commons-io-2.5.jar:/home/user/.m2/repository/org/apache/kerby/kerb-simplekdc/1.0.1/kerb-simplekdc-1.0.1.jar:/home/user/.m2/repository/org/apache/kerby/kerb-client/1.0.1/kerb-client-1.0.1.jar:/home/user/.m2/repository/org/apache/kerby/kerby-config/1.0.1/kerby-config-1.0.1.jar:/home/user/.m2/repository/org/apache/kerby/kerb-core/1.0.1/kerb-core-1.0.1.jar:/home/user/.m2/repository/org/apache/kerby/kerby-pkix/1.0.1/kerby-pkix-1.0.1.jar:/home/user/.m2/repository/org/apache/kerby/kerby-asn1/1.0.1/kerby-asn1-1.0.1.jar:/home/user/.m2/repository/org/apache/kerby/kerby-util/1.0.1/kerby-util-1.0.1.jar:/home/user/.m2/repository/org/apache/kerby/kerb-common/1.0.1/kerb-common-1.0.1.jar:/home/user/.m2/repository/org/apache/kerby/kerb-crypto/1.0.1/kerb-crypto-1.0.1.jar:/home/user/.m2/repository/org/apache/kerby/kerb-util/1.0.1/kerb-util-1.0.1.jar:/home/user/.m2/repository/org/apache/kerby/token-provider/1.0.1/token-provider-1.0.1.jar:/home/user/.m2/repository/org/apache/kerby/kerb-admin/1.0.1/kerb-admin-1.0.1.jar:/home/user/.m2/repository/org/apache/kerby/kerb-server/1.0.1/kerb-server-1.0.1.jar:/home/user/.m2/repository/org/apache/kerby/kerb-identity/1.0.1/kerb-identity-1.0.1.jar:/home/user/.m2/repository/org/apache/kerby/kerby-xdr/1.0.1/kerby-xdr-1.0.1.jar:/home/user/.m2/repository/org/slf4j/slf4j-log4j12/1.7.25/slf4j-log4j12-1.7.25.jar:/home/user/.m2/repository/org/apache/hadoop/hadoop-ozone-s3gateway/0.5.0-SNAPSHOT/hadoop-ozone-s3gateway-0.5.0-SNAPSHOT.jar:/home/user/.m2/repository/org/jboss/weld/servlet/weld-servlet/2.4.7.Final/weld-servlet-2.4.7.Final.jar:/home/user/.m2/repository/org/glassfish/jersey/containers/jersey-container-servlet-core/2.27/jersey-container-servlet-core-2.27.jar:/home/user/.m2/repository/org/glassfish/hk2/external/javax.inject/2.5.0-b42/javax.inject-2.5.0-b42.jar:/home/user/.m2/repository/org/glassfish/jersey/core/jersey-common/2.27/jersey-common-2.27.jar:/home/user/.m2/repository/org/glassfish/hk2/osgi-resource-locator/1.0.1/osgi-resource-locator-1.0.1.jar:/home/user/.m2/repository/javax/ws/rs/javax.ws.rs-api/2.1/javax.ws.rs-api-2.1.jar:/home/user/.m2/repository/org/glassfish/jersey/ext/cdi/jersey-cdi1x/2.27/jersey-cdi1x-2.27.jar:/home/user/.m2/repository/org/glassfish/jersey/inject/jersey-hk2/2.27/jersey-hk2-2.27.jar:/home/user/.m2/repository/org/glassfish/hk2/hk2-locator/2.5.0-b42/hk2-locator-2.5.0-b42.jar:/home/user/.m2/repository/org/javassist/javassist/3.22.0-CR2/javassist-3.22.0-CR2.jar:/home/user/.m2/repository/org/glassfish/hk2/hk2-api/2.5.0/hk2-api-2.5.0.jar:/home/user/.m2/repository/org/glassfish/hk2/external/jakarta.inject/2.5.0/jakarta.inject-2.5.0.jar:/home/user/.m2/repository/org/glassfish/hk2/hk2-utils/2.5.0/hk2-utils-2.5.0.jar:/home/user/.m2/repository/jakarta/annotation/jakarta.annotation-api/1.3.4/jakarta.annotation-api-1.3.4.jar:/home/user/.m2/repository/org/glassfish/hk2/external/aopalliance-repackaged/2.5.0/aopalliance-repackaged-2.5.0.jar:/home/user/.m2/repository/com/fasterxml/jackson/dataformat/jackson-dataformat-xml/2.9.0/jackson-dataformat-xml-2.9.0.jar:/home/user/.m2/repository/com/fasterxml/jackson/core/jackson-core/2.9.9/jackson-core-2.9.9.jar:/home/user/.m2/repository/com/fasterxml/jackson/module/jackson-module-jaxb-annotations/2.9.9/jackson-module-jaxb-annotations-2.9.9.jar:/home/user/.m2/repository/javax/enterprise/cdi-api/1.2/cdi-api-1.2.jar:/home/user/.m2/repository/javax/el/javax.el-api/3.0.0/javax.el-api-3.0.0.jar:/home/user/.m2/repository/javax/interceptor/javax.interceptor-api/1.2/javax.interceptor-api-1.2.jar:/home/user/.m2/repository/javax/inject/javax.inject/1/javax.inject-1.jar:/home/user/.m2/repository/com/sun/xml/bind/jaxb-impl/2.3.0.1/jaxb-impl-2.3.0.1.jar:/home/user/.m2/repository/com/sun/xml/bind/jaxb-core/2.3.0.1/jaxb-core-2.3.0.1.jar:/home/user/.m2/repository/javax/xml/bind/jaxb-api/2.3.0/jaxb-api-2.3.0.jar:/home/user/.m2/repository/javax/activation/activation/1.1.1/activation-1.1.1.jar:/home/user/.m2/repository/org/apache/hadoop/hadoop-ozone-csi/0.5.0-SNAPSHOT/hadoop-ozone-csi-0.5.0-SNAPSHOT.jar:/home/user/.m2/repository/com/google/protobuf/protobuf-java-util/3.5.1/protobuf-java-util-3.5.1.jar:/home/user/.m2/repository/org/apache/hadoop/hadoop-hdds-config/0.5.0-SNAPSHOT/hadoop-hdds-config-0.5.0-SNAPSHOT.jar:/home/user/.m2/repository/io/grpc/grpc-netty/1.17.1/grpc-netty-1.17.1.jar:/home/user/.m2/repository/io/grpc/grpc-core/1.17.1/grpc-core-1.17.1.jar:/home/user/.m2/repository/io/grpc/grpc-context/1.17.1/grpc-context-1.17.1.jar:/home/user/.m2/repository/com/google/errorprone/error_prone_annotations/2.2.0/error_prone_annotations-2.2.0.jar:/home/user/.m2/repository/org/codehaus/mojo/animal-sniffer-annotations/1.17/animal-sniffer-annotations-1.17.jar:/home/user/.m2/repository/io/opencensus/opencensus-api/0.17.0/opencensus-api-0.17.0.jar:/home/user/.m2/repository/io/opencensus/opencensus-contrib-grpc-metrics/0.17.0/opencensus-contrib-grpc-metrics-0.17.0.jar:/home/user/.m2/repository/io/netty/netty-codec-http2/4.1.30.Final/netty-codec-http2-4.1.30.Final.jar:/home/user/.m2/repository/io/netty/netty-codec-http/4.1.30.Final/netty-codec-http-4.1.30.Final.jar:/home/user/.m2/repository/io/netty/netty-codec/4.1.30.Final/netty-codec-4.1.30.Final.jar:/home/user/.m2/repository/io/netty/netty-handler/4.1.30.Final/netty-handler-4.1.30.Final.jar:/home/user/.m2/repository/io/netty/netty-handler-proxy/4.1.30.Final/netty-handler-proxy-4.1.30.Final.jar:/home/user/.m2/repository/io/netty/netty-codec-socks/4.1.30.Final/netty-codec-socks-4.1.30.Final.jar:/home/user/.m2/repository/io/netty/netty-transport-native-epoll/4.1.30.Final/netty-transport-native-epoll-4.1.30.Final.jar:/home/user/.m2/repository/io/netty/netty-common/4.1.30.Final/netty-common-4.1.30.Final.jar:/home/user/.m2/repository/io/netty/netty-buffer/4.1.30.Final/netty-buffer-4.1.30.Final.jar:/home/user/.m2/repository/io/netty/netty-transport/4.1.30.Final/netty-transport-4.1.30.Final.jar:/home/user/.m2/repository/io/netty/netty-resolver/4.1.30.Final/netty-resolver-4.1.30.Final.jar:/home/user/.m2/repository/io/netty/netty-transport-native-unix-common/4.1.30.Final/netty-transport-native-unix-common-4.1.30.Final.jar:/home/user/.m2/repository/io/grpc/grpc-protobuf/1.17.1/grpc-protobuf-1.17.1.jar:/home/user/.m2/repository/com/google/api/grpc/proto-google-common-protos/1.0.0/proto-google-common-protos-1.0.0.jar:/home/user/.m2/repository/io/grpc/grpc-protobuf-lite/1.17.1/grpc-protobuf-lite-1.17.1.jar:/home/user/.m2/repository/io/grpc/grpc-stub/1.17.1/grpc-stub-1.17.1.jar:/home/user/.m2/repository/org/apache/hadoop/hadoop-ozone-recon/0.5.0-SNAPSHOT/hadoop-ozone-recon-0.5.0-SNAPSHOT.jar:/home/user/.m2/repository/org/apache/hadoop/hadoop-ozone-reconcodegen/0.5.0-SNAPSHOT/hadoop-ozone-reconcodegen-0.5.0-SNAPSHOT.jar:/home/user/.m2/repository/com/google/inject/extensions/guice-multibindings/4.0/guice-multibindings-4.0.jar:/home/user/.m2/repository/com/google/inject/guice/4.0/guice-4.0.jar:/home/user/.m2/repository/aopalliance/aopalliance/1.0/aopalliance-1.0.jar:/home/user/.m2/repository/com/google/inject/extensions/guice-servlet/4.0/guice-servlet-4.0.jar:/home/user/.m2/repository/org/glassfish/jersey/containers/jersey-container-servlet/2.27/jersey-container-servlet-2.27.jar:/home/user/.m2/repository/org/glassfish/hk2/guice-bridge/2.5.0/guice-bridge-2.5.0.jar:/home/user/.m2/repository/org/glassfish/jersey/core/jersey-server/2.27/jersey-server-2.27.jar:/home/user/.m2/repository/org/glassfish/jersey/core/jersey-client/2.27/jersey-client-2.27.jar:/home/user/.m2/repository/org/glassfish/jersey/media/jersey-media-jaxb/2.27/jersey-media-jaxb-2.27.jar:/home/user/.m2/repository/javax/validation/validation-api/1.1.0.Final/validation-api-1.1.0.Final.jar:/home/user/.m2/repository/org/glassfish/jersey/media/jersey-media-json-jackson/2.27/jersey-media-json-jackson-2.27.jar:/home/user/.m2/repository/org/glassfish/jersey/ext/jersey-entity-filtering/2.27/jersey-entity-filtering-2.27.jar:/home/user/.m2/repository/com/google/inject/extensions/guice-assistedinject/4.0/guice-assistedinject-4.0.jar:/home/user/.m2/repository/org/jooq/jooq/3.11.10/jooq-3.11.10.jar:/home/user/.m2/repository/org/jooq/jooq-meta/3.11.10/jooq-meta-3.11.10.jar:/home/user/.m2/repository/org/jooq/jooq-codegen/3.11.10/jooq-codegen-3.11.10.jar:/home/user/.m2/repository/com/jolbox/bonecp/0.8.0.RELEASE/bonecp-0.8.0.RELEASE.jar:/home/user/.m2/repository/org/xerial/sqlite-jdbc/3.25.2/sqlite-jdbc-3.25.2.jar:/home/user/.m2/repository/org/springframework/spring-jdbc/5.1.3.RELEASE/spring-jdbc-5.1.3.RELEASE.jar:/home/user/.m2/repository/org/springframework/spring-beans/5.1.3.RELEASE/spring-beans-5.1.3.RELEASE.jar:/home/user/.m2/repository/org/springframework/spring-core/5.1.3.RELEASE/spring-core-5.1.3.RELEASE.jar:/home/user/.m2/repository/org/springframework/spring-jcl/5.1.3.RELEASE/spring-jcl-5.1.3.RELEASE.jar:/home/user/.m2/repository/org/springframework/spring-tx/5.1.3.RELEASE/spring-tx-5.1.3.RELEASE.jar:/home/user/.m2/repository/org/apache/hadoop/hadoop-ozone-client/0.5.0-SNAPSHOT/hadoop-ozone-client-0.5.0-SNAPSHOT.jar:/home/user/.m2/repository/commons-lang/commons-lang/2.6/commons-lang-2.6.jar:/home/user/.m2/repository/org/apache/hadoop/hadoop-ozone-ozone-manager/0.5.0-SNAPSHOT/hadoop-ozone-ozone-manager-0.5.0-SNAPSHOT-tests.jar:/home/user/.m2/repository/junit/junit/4.11/junit-4.11.jar:/home/user/.m2/repository/org/hamcrest/hamcrest-core/1.3/hamcrest-core-1.3.jar:/home/user/.m2/repository/org/openjdk/jmh/jmh-core/1.19/jmh-core-1.19.jar:/home/user/.m2/repository/net/sf/jopt-simple/jopt-simple/4.6/jopt-simple-4.6.jar:/home/user/.m2/repository/org/apache/commons/commons-math3/3.1.1/commons-math3-3.1.1.jar:/home/user/.m2/repository/org/openjdk/jmh/jmh-generator-annprocess/1.19/jmh-generator-annprocess-1.19.jar:/home/user/.m2/repository/org/mockito/mockito-all/1.8.5/mockito-all-1.8.5.jar:/home/user/.m2/repository/org/apache/hadoop/hadoop-kms/3.2.0/hadoop-kms-3.2.0.jar:/home/user/.m2/repository/org/apache/hadoop/hadoop-auth/3.2.0/hadoop-auth-3.2.0.jar:/home/user/.m2/repository/com/nimbusds/nimbus-jose-jwt/4.41.1/nimbus-jose-jwt-4.41.1.jar:/home/user/.m2/repository/com/github/stephenc/jcip/jcip-annotations/1.0-1/jcip-annotations-1.0-1.jar:/home/user/.m2/repository/net/minidev/json-smart/2.3/json-smart-2.3.jar:/home/user/.m2/repository/net/minidev/accessors-smart/1.2/accessors-smart-1.2.jar:/home/user/.m2/repository/org/ow2/asm/asm/5.0.4/asm-5.0.4.jar:/home/user/.m2/repository/org/apache/curator/curator-framework/2.12.0/curator-framework-2.12.0.jar:/home/user/.m2/repository/com/sun/jersey/jersey-core/1.19/jersey-core-1.19.jar:/home/user/.m2/repository/javax/ws/rs/jsr311-api/1.1.1/jsr311-api-1.1.1.jar:/home/user/.m2/repository/com/sun/jersey/jersey-server/1.19/jersey-server-1.19.jar:/home/user/.m2/repository/javax/servlet/javax.servlet-api/3.1.0/javax.servlet-api-3.1.0.jar:/home/user/.m2/repository/org/eclipse/jetty/jetty-server/9.3.25.v20180904/jetty-server-9.3.25.v20180904.jar:/home/user/.m2/repository/org/eclipse/jetty/jetty-http/9.3.25.v20180904/jetty-http-9.3.25.v20180904.jar:/home/user/.m2/repository/org/eclipse/jetty/jetty-io/9.3.25.v20180904/jetty-io-9.3.25.v20180904.jar:/home/user/.m2/repository/org/eclipse/jetty/jetty-webapp/9.3.25.v20180904/jetty-webapp-9.3.25.v20180904.jar:/home/user/.m2/repository/org/eclipse/jetty/jetty-xml/9.3.25.v20180904/jetty-xml-9.3.25.v20180904.jar:/home/user/.m2/repository/log4j/log4j/1.2.17/log4j-1.2.17.jar:/home/user/.m2/repository/org/slf4j/slf4j-api/1.7.25/slf4j-api-1.7.25.jar:/home/user/.m2/repository/org/slf4j/jul-to-slf4j/1.7.25/jul-to-slf4j-1.7.25.jar:/home/user/.m2/repository/org/eclipse/jetty/jetty-util/9.3.25.v20180904/jetty-util-9.3.25.v20180904.jar:/home/user/.m2/repository/com/fasterxml/jackson/core/jackson-databind/2.9.9/jackson-databind-2.9.9.jar:/home/user/.m2/repository/org/apache/hadoop/hadoop-kms/3.2.0/hadoop-kms-3.2.0-tests.jar:/home/user/.m2/repository/org/apache/hadoop/hadoop-hdds-server-scm/0.5.0-SNAPSHOT/hadoop-hdds-server-scm-0.5.0-SNAPSHOT-tests.jar:/home/user/.m2/repository/org/apache/hadoop/hadoop-hdds-container-service/0.5.0-SNAPSHOT/hadoop-hdds-container-service-0.5.0-SNAPSHOT-tests.jar:/home/user/.m2/repository/org/yaml/snakeyaml/1.16/snakeyaml-1.16.jar:/home/user/.m2/repository/org/apache/hadoop/hadoop-common/3.2.0/hadoop-common-3.2.0-tests.jar:/home/user/.m2/repository/org/apache/hadoop/hadoop-annotations/3.2.0/hadoop-annotations-3.2.0.jar:/usr/lib/jvm/java-1.8-openjdk/jre/../lib/tools.jar:/home/user/.m2/repository/commons-cli/commons-cli/1.2/commons-cli-1.2.jar:/home/user/.m2/repository/org/apache/httpcomponents/httpclient/4.5.2/httpclient-4.5.2.jar:/home/user/.m2/repository/org/apache/httpcomponents/httpcore/4.4.4/httpcore-4.4.4.jar:/home/user/.m2/repository/commons-codec/commons-codec/1.11/commons-codec-1.11.jar:/home/user/.m2/repository/commons-net/commons-net/3.6/commons-net-3.6.jar:/home/user/.m2/repository/commons-collections/commons-collections/3.2.2/commons-collections-3.2.2.jar:/home/user/.m2/repository/org/eclipse/jetty/jetty-servlet/9.3.25.v20180904/jetty-servlet-9.3.25.v20180904.jar:/home/user/.m2/repository/org/eclipse/jetty/jetty-security/9.3.25.v20180904/jetty-security-9.3.25.v20180904.jar:/home/user/.m2/repository/javax/servlet/jsp/jsp-api/2.1/jsp-api-2.1.jar:/home/user/.m2/repository/com/sun/jersey/jersey-servlet/1.19/jersey-servlet-1.19.jar:/home/user/.m2/repository/com/sun/jersey/jersey-json/1.19/jersey-json-1.19.jar:/home/user/.m2/repository/org/codehaus/jettison/jettison/1.1/jettison-1.1.jar:/home/user/.m2/repository/org/codehaus/jackson/jackson-core-asl/1.9.13/jackson-core-asl-1.9.13.jar:/home/user/.m2/repository/org/codehaus/jackson/jackson-mapper-asl/1.9.13/jackson-mapper-asl-1.9.13.jar:/home/user/.m2/repository/org/codehaus/jackson/jackson-jaxrs/1.9.13/jackson-jaxrs-1.9.13.jar:/home/user/.m2/repository/org/codehaus/jackson/jackson-xc/1.9.13/jackson-xc-1.9.13.jar:/home/user/.m2/repository/commons-logging/commons-logging/1.1.3/commons-logging-1.1.3.jar:/home/user/.m2/repository/commons-beanutils/commons-beanutils/1.9.4/commons-beanutils-1.9.4.jar:/home/user/.m2/repository/org/apache/commons/commons-configuration2/2.1.1/commons-configuration2-2.1.1.jar:/home/user/.m2/repository/org/apache/commons/commons-lang3/3.7/commons-lang3-3.7.jar:/home/user/.m2/repository/org/apache/commons/commons-text/1.4/commons-text-1.4.jar:/home/user/.m2/repository/org/apache/avro/avro/1.7.7/avro-1.7.7.jar:/home/user/.m2/repository/com/thoughtworks/paranamer/paranamer/2.3/paranamer-2.3.jar:/home/user/.m2/repository/org/xerial/snappy/snappy-java/1.0.5/snappy-java-1.0.5.jar:/home/user/.m2/repository/com/google/re2j/re2j/1.1/re2j-1.1.jar:/home/user/.m2/repository/com/google/code/gson/gson/2.2.4/gson-2.2.4.jar:/home/user/.m2/repository/com/jcraft/jsch/0.1.54/jsch-0.1.54.jar:/home/user/.m2/repository/org/apache/curator/curator-client/2.12.0/curator-client-2.12.0.jar:/home/user/.m2/repository/org/apache/curator/curator-recipes/2.12.0/curator-recipes-2.12.0.jar:/home/user/.m2/repository/com/google/code/findbugs/jsr305/3.0.0/jsr305-3.0.0.jar:/home/user/.m2/repository/org/apache/htrace/htrace-core4/4.1.0-incubating/htrace-core4-4.1.0-incubating.jar:/home/user/.m2/repository/org/apache/zookeeper/zookeeper/3.4.13/zookeeper-3.4.13.jar:/home/user/.m2/repository/jline/jline/0.9.94/jline-0.9.94.jar:/home/user/.m2/repository/org/apache/yetus/audience-annotations/0.5.0/audience-annotations-0.5.0.jar:/home/user/.m2/repository/org/codehaus/woodstox/stax2-api/3.1.4/stax2-api-3.1.4.jar:/home/user/.m2/repository/com/fasterxml/woodstox/woodstox-core/5.0.3/woodstox-core-5.0.3.jar:/home/user/.m2/repository/dnsjava/dnsjava/2.1.7/dnsjava-2.1.7.jar:/home/user/.m2/repository/org/apache/hadoop/hadoop-hdfs/3.2.0/hadoop-hdfs-3.2.0-tests.jar:/home/user/.m2/repository/org/eclipse/jetty/jetty-util-ajax/9.3.25.v20180904/jetty-util-ajax-9.3.25.v20180904.jar:/home/user/.m2/repository/commons-daemon/commons-daemon/1.0.13/commons-daemon-1.0.13.jar:/home/user/.m2/repository/io/netty/netty/3.10.5.Final/netty-3.10.5.Final.jar:/home/user/.m2/repository/io/netty/netty-all/4.0.52.Final/netty-all-4.0.52.Final.jar:/home/user/.m2/repository/org/fusesource/leveldbjni/leveldbjni-all/1.8/leveldbjni-all-1.8.jar:"/>
    <property name="java.vm.vendor" value="IcedTea"/>
    <property name="sun.arch.data.model" value="64"/>
    <property name="test.build.dir" value="/workdir/hadoop-ozone/integration-test/target/test-dir"/>
    <property name="test.cache.data" value=""/>
    <property name="java.vendor.url" value="https://icedtea.classpath.org"/>
    <property name="user.timezone" value=""/>
    <property name="java.vm.specification.version" value="1.8"/>
    <property name="os.name" value="Linux"/>
    <property name="test.build.data" value="/workdir/hadoop-ozone/integration-test/target/test-dir"/>
    <property name="user.country" value="US"/>
    <property name="sun.java.launcher" value="SUN_STANDARD"/>
    <property name="sun.boot.library.path" value="/usr/lib/jvm/java-1.8-openjdk/jre/lib/amd64"/>
    <property name="sun.java.command" value="/workdir/hadoop-ozone/integration-test/target/surefire/surefirebooter6199694833996440753.jar /workdir/hadoop-ozone/integration-test/target/surefire 2019-09-26T14-28-50_291-jvmRun1 surefire9073496528979443105tmp surefire_414272688787688458166tmp"/>
    <property name="test" value="!TestMiniChaosOzoneCluster"/>
    <property name="surefire.test.class.path" value="/workdir/hadoop-ozone/integration-test/target/test-classes:/workdir/hadoop-ozone/integration-test/target/classes:/home/user/.m2/repository/org/apache/hadoop/hadoop-ozone-common/0.5.0-SNAPSHOT/hadoop-ozone-common-0.5.0-SNAPSHOT.jar:/home/user/.m2/repository/org/apache/commons/commons-compress/1.4.1/commons-compress-1.4.1.jar:/home/user/.m2/repository/org/tukaani/xz/1.0/xz-1.0.jar:/home/user/.m2/repository/org/apache/hadoop/hadoop-common/3.2.0/hadoop-common-3.2.0.jar:/home/user/.m2/repository/org/apache/hadoop/hadoop-hdfs/3.2.0/hadoop-hdfs-3.2.0.jar:/home/user/.m2/repository/org/apache/hadoop/hadoop-hdfs-client/3.2.0/hadoop-hdfs-client-3.2.0.jar:/home/user/.m2/repository/com/fasterxml/jackson/core/jackson-annotations/2.9.9/jackson-annotations-2.9.9.jar:/home/user/.m2/repository/org/apache/hadoop/hadoop-hdds-common/0.5.0-SNAPSHOT/hadoop-hdds-common-0.5.0-SNAPSHOT.jar:/home/user/.m2/repository/javax/annotation/javax.annotation-api/1.2/javax.annotation-api-1.2.jar:/home/user/.m2/repository/org/apache/ratis/ratis-server/0.4.0/ratis-server-0.4.0.jar:/home/user/.m2/repository/org/apache/ratis/ratis-thirdparty-misc/0.2.0/ratis-thirdparty-misc-0.2.0.jar:/home/user/.m2/repository/org/apache/ratis/ratis-proto/0.4.0/ratis-proto-0.4.0.jar:/home/user/.m2/repository/org/apache/ratis/ratis-common/0.4.0/ratis-common-0.4.0.jar:/home/user/.m2/repository/org/apache/ratis/ratis-client/0.4.0/ratis-client-0.4.0.jar:/home/user/.m2/repository/org/apache/ratis/ratis-metrics/0.4.0/ratis-metrics-0.4.0.jar:/home/user/.m2/repository/com/github/joshelser/dropwizard-metrics-hadoop-metrics2-reporter/0.1.2/dropwizard-metrics-hadoop-metrics2-reporter-0.1.2.jar:/home/user/.m2/repository/io/dropwizard/metrics/metrics-jvm/3.2.5/metrics-jvm-3.2.5.jar:/home/user/.m2/repository/io/dropwizard/metrics/metrics-ganglia/3.2.5/metrics-ganglia-3.2.5.jar:/home/user/.m2/repository/info/ganglia/gmetric4j/gmetric4j/1.0.7/gmetric4j-1.0.7.jar:/home/user/.m2/repository/org/apache/ratis/ratis-netty/0.4.0/ratis-netty-0.4.0.jar:/home/user/.m2/repository/org/apache/ratis/ratis-grpc/0.4.0/ratis-grpc-0.4.0.jar:/home/user/.m2/repository/org/rocksdb/rocksdbjni/6.0.1/rocksdbjni-6.0.1.jar:/home/user/.m2/repository/org/apache/logging/log4j/log4j-api/2.11.0/log4j-api-2.11.0.jar:/home/user/.m2/repository/org/apache/logging/log4j/log4j-core/2.11.0/log4j-core-2.11.0.jar:/home/user/.m2/repository/com/lmax/disruptor/3.4.2/disruptor-3.4.2.jar:/home/user/.m2/repository/org/apache/commons/commons-pool2/2.6.0/commons-pool2-2.6.0.jar:/home/user/.m2/repository/org/bouncycastle/bcpkix-jdk15on/1.60/bcpkix-jdk15on-1.60.jar:/home/user/.m2/repository/commons-validator/commons-validator/1.6/commons-validator-1.6.jar:/home/user/.m2/repository/commons-digester/commons-digester/1.8.1/commons-digester-1.8.1.jar:/home/user/.m2/repository/io/jaegertracing/jaeger-client/0.34.0/jaeger-client-0.34.0.jar:/home/user/.m2/repository/io/jaegertracing/jaeger-thrift/0.34.0/jaeger-thrift-0.34.0.jar:/home/user/.m2/repository/org/apache/thrift/libthrift/0.12.0/libthrift-0.12.0.jar:/home/user/.m2/repository/com/squareup/okhttp3/okhttp/3.9.0/okhttp-3.9.0.jar:/home/user/.m2/repository/com/squareup/okio/okio/1.13.0/okio-1.13.0.jar:/home/user/.m2/repository/io/jaegertracing/jaeger-core/0.34.0/jaeger-core-0.34.0.jar:/home/user/.m2/repository/io/jaegertracing/jaeger-tracerresolver/0.34.0/jaeger-tracerresolver-0.34.0.jar:/home/user/.m2/repository/io/opentracing/contrib/opentracing-tracerresolver/0.1.5/opentracing-tracerresolver-0.1.5.jar:/home/user/.m2/repository/io/opentracing/opentracing-util/0.31.0/opentracing-util-0.31.0.jar:/home/user/.m2/repository/io/opentracing/opentracing-api/0.31.0/opentracing-api-0.31.0.jar:/home/user/.m2/repository/io/opentracing/opentracing-noop/0.31.0/opentracing-noop-0.31.0.jar:/home/user/.m2/repository/org/apache/hadoop/hadoop-hdds-server-framework/0.5.0-SNAPSHOT/hadoop-hdds-server-framework-0.5.0-SNAPSHOT.jar:/home/user/.m2/repository/org/apache/hadoop/hadoop-hdds-container-service/0.5.0-SNAPSHOT/hadoop-hdds-container-service-0.5.0-SNAPSHOT.jar:/home/user/.m2/repository/org/apache/hadoop/hadoop-hdds-client/0.5.0-SNAPSHOT/hadoop-hdds-client-0.5.0-SNAPSHOT.jar:/home/user/.m2/repository/org/apache/hadoop/hadoop-hdds-tools/0.5.0-SNAPSHOT/hadoop-hdds-tools-0.5.0-SNAPSHOT.jar:/home/user/.m2/repository/org/apache/hadoop/hadoop-hdds-server-scm/0.5.0-SNAPSHOT/hadoop-hdds-server-scm-0.5.0-SNAPSHOT.jar:/home/user/.m2/repository/org/apache/hadoop/hadoop-hdds-docs/0.5.0-SNAPSHOT/hadoop-hdds-docs-0.5.0-SNAPSHOT.jar:/home/user/.m2/repository/io/dropwizard/metrics/metrics-core/3.2.4/metrics-core-3.2.4.jar:/home/user/.m2/repository/org/hamcrest/hamcrest-all/1.3/hamcrest-all-1.3.jar:/home/user/.m2/repository/org/bouncycastle/bcprov-jdk15on/1.60/bcprov-jdk15on-1.60.jar:/home/user/.m2/repository/info/picocli/picocli/3.9.6/picocli-3.9.6.jar:/home/user/.m2/repository/com/google/protobuf/protobuf-java/2.5.0/protobuf-java-2.5.0.jar:/home/user/.m2/repository/com/google/guava/guava/11.0.2/guava-11.0.2.jar:/home/user/.m2/repository/org/apache/hadoop/hadoop-ozone-ozone-manager/0.5.0-SNAPSHOT/hadoop-ozone-ozone-manager-0.5.0-SNAPSHOT.jar:/home/user/.m2/repository/org/apache/hadoop/hadoop-minikdc/3.2.0/hadoop-minikdc-3.2.0.jar:/home/user/.m2/repository/commons-io/commons-io/2.5/commons-io-2.5.jar:/home/user/.m2/repository/org/apache/kerby/kerb-simplekdc/1.0.1/kerb-simplekdc-1.0.1.jar:/home/user/.m2/repository/org/apache/kerby/kerb-client/1.0.1/kerb-client-1.0.1.jar:/home/user/.m2/repository/org/apache/kerby/kerby-config/1.0.1/kerby-config-1.0.1.jar:/home/user/.m2/repository/org/apache/kerby/kerb-core/1.0.1/kerb-core-1.0.1.jar:/home/user/.m2/repository/org/apache/kerby/kerby-pkix/1.0.1/kerby-pkix-1.0.1.jar:/home/user/.m2/repository/org/apache/kerby/kerby-asn1/1.0.1/kerby-asn1-1.0.1.jar:/home/user/.m2/repository/org/apache/kerby/kerby-util/1.0.1/kerby-util-1.0.1.jar:/home/user/.m2/repository/org/apache/kerby/kerb-common/1.0.1/kerb-common-1.0.1.jar:/home/user/.m2/repository/org/apache/kerby/kerb-crypto/1.0.1/kerb-crypto-1.0.1.jar:/home/user/.m2/repository/org/apache/kerby/kerb-util/1.0.1/kerb-util-1.0.1.jar:/home/user/.m2/repository/org/apache/kerby/token-provider/1.0.1/token-provider-1.0.1.jar:/home/user/.m2/repository/org/apache/kerby/kerb-admin/1.0.1/kerb-admin-1.0.1.jar:/home/user/.m2/repository/org/apache/kerby/kerb-server/1.0.1/kerb-server-1.0.1.jar:/home/user/.m2/repository/org/apache/kerby/kerb-identity/1.0.1/kerb-identity-1.0.1.jar:/home/user/.m2/repository/org/apache/kerby/kerby-xdr/1.0.1/kerby-xdr-1.0.1.jar:/home/user/.m2/repository/org/slf4j/slf4j-log4j12/1.7.25/slf4j-log4j12-1.7.25.jar:/home/user/.m2/repository/org/apache/hadoop/hadoop-ozone-s3gateway/0.5.0-SNAPSHOT/hadoop-ozone-s3gateway-0.5.0-SNAPSHOT.jar:/home/user/.m2/repository/org/jboss/weld/servlet/weld-servlet/2.4.7.Final/weld-servlet-2.4.7.Final.jar:/home/user/.m2/repository/org/glassfish/jersey/containers/jersey-container-servlet-core/2.27/jersey-container-servlet-core-2.27.jar:/home/user/.m2/repository/org/glassfish/hk2/external/javax.inject/2.5.0-b42/javax.inject-2.5.0-b42.jar:/home/user/.m2/repository/org/glassfish/jersey/core/jersey-common/2.27/jersey-common-2.27.jar:/home/user/.m2/repository/org/glassfish/hk2/osgi-resource-locator/1.0.1/osgi-resource-locator-1.0.1.jar:/home/user/.m2/repository/javax/ws/rs/javax.ws.rs-api/2.1/javax.ws.rs-api-2.1.jar:/home/user/.m2/repository/org/glassfish/jersey/ext/cdi/jersey-cdi1x/2.27/jersey-cdi1x-2.27.jar:/home/user/.m2/repository/org/glassfish/jersey/inject/jersey-hk2/2.27/jersey-hk2-2.27.jar:/home/user/.m2/repository/org/glassfish/hk2/hk2-locator/2.5.0-b42/hk2-locator-2.5.0-b42.jar:/home/user/.m2/repository/org/javassist/javassist/3.22.0-CR2/javassist-3.22.0-CR2.jar:/home/user/.m2/repository/org/glassfish/hk2/hk2-api/2.5.0/hk2-api-2.5.0.jar:/home/user/.m2/repository/org/glassfish/hk2/external/jakarta.inject/2.5.0/jakarta.inject-2.5.0.jar:/home/user/.m2/repository/org/glassfish/hk2/hk2-utils/2.5.0/hk2-utils-2.5.0.jar:/home/user/.m2/repository/jakarta/annotation/jakarta.annotation-api/1.3.4/jakarta.annotation-api-1.3.4.jar:/home/user/.m2/repository/org/glassfish/hk2/external/aopalliance-repackaged/2.5.0/aopalliance-repackaged-2.5.0.jar:/home/user/.m2/repository/com/fasterxml/jackson/dataformat/jackson-dataformat-xml/2.9.0/jackson-dataformat-xml-2.9.0.jar:/home/user/.m2/repository/com/fasterxml/jackson/core/jackson-core/2.9.9/jackson-core-2.9.9.jar:/home/user/.m2/repository/com/fasterxml/jackson/module/jackson-module-jaxb-annotations/2.9.9/jackson-module-jaxb-annotations-2.9.9.jar:/home/user/.m2/repository/javax/enterprise/cdi-api/1.2/cdi-api-1.2.jar:/home/user/.m2/repository/javax/el/javax.el-api/3.0.0/javax.el-api-3.0.0.jar:/home/user/.m2/repository/javax/interceptor/javax.interceptor-api/1.2/javax.interceptor-api-1.2.jar:/home/user/.m2/repository/javax/inject/javax.inject/1/javax.inject-1.jar:/home/user/.m2/repository/com/sun/xml/bind/jaxb-impl/2.3.0.1/jaxb-impl-2.3.0.1.jar:/home/user/.m2/repository/com/sun/xml/bind/jaxb-core/2.3.0.1/jaxb-core-2.3.0.1.jar:/home/user/.m2/repository/javax/xml/bind/jaxb-api/2.3.0/jaxb-api-2.3.0.jar:/home/user/.m2/repository/javax/activation/activation/1.1.1/activation-1.1.1.jar:/home/user/.m2/repository/org/apache/hadoop/hadoop-ozone-csi/0.5.0-SNAPSHOT/hadoop-ozone-csi-0.5.0-SNAPSHOT.jar:/home/user/.m2/repository/com/google/protobuf/protobuf-java-util/3.5.1/protobuf-java-util-3.5.1.jar:/home/user/.m2/repository/org/apache/hadoop/hadoop-hdds-config/0.5.0-SNAPSHOT/hadoop-hdds-config-0.5.0-SNAPSHOT.jar:/home/user/.m2/repository/io/grpc/grpc-netty/1.17.1/grpc-netty-1.17.1.jar:/home/user/.m2/repository/io/grpc/grpc-core/1.17.1/grpc-core-1.17.1.jar:/home/user/.m2/repository/io/grpc/grpc-context/1.17.1/grpc-context-1.17.1.jar:/home/user/.m2/repository/com/google/errorprone/error_prone_annotations/2.2.0/error_prone_annotations-2.2.0.jar:/home/user/.m2/repository/org/codehaus/mojo/animal-sniffer-annotations/1.17/animal-sniffer-annotations-1.17.jar:/home/user/.m2/repository/io/opencensus/opencensus-api/0.17.0/opencensus-api-0.17.0.jar:/home/user/.m2/repository/io/opencensus/opencensus-contrib-grpc-metrics/0.17.0/opencensus-contrib-grpc-metrics-0.17.0.jar:/home/user/.m2/repository/io/netty/netty-codec-http2/4.1.30.Final/netty-codec-http2-4.1.30.Final.jar:/home/user/.m2/repository/io/netty/netty-codec-http/4.1.30.Final/netty-codec-http-4.1.30.Final.jar:/home/user/.m2/repository/io/netty/netty-codec/4.1.30.Final/netty-codec-4.1.30.Final.jar:/home/user/.m2/repository/io/netty/netty-handler/4.1.30.Final/netty-handler-4.1.30.Final.jar:/home/user/.m2/repository/io/netty/netty-handler-proxy/4.1.30.Final/netty-handler-proxy-4.1.30.Final.jar:/home/user/.m2/repository/io/netty/netty-codec-socks/4.1.30.Final/netty-codec-socks-4.1.30.Final.jar:/home/user/.m2/repository/io/netty/netty-transport-native-epoll/4.1.30.Final/netty-transport-native-epoll-4.1.30.Final.jar:/home/user/.m2/repository/io/netty/netty-common/4.1.30.Final/netty-common-4.1.30.Final.jar:/home/user/.m2/repository/io/netty/netty-buffer/4.1.30.Final/netty-buffer-4.1.30.Final.jar:/home/user/.m2/repository/io/netty/netty-transport/4.1.30.Final/netty-transport-4.1.30.Final.jar:/home/user/.m2/repository/io/netty/netty-resolver/4.1.30.Final/netty-resolver-4.1.30.Final.jar:/home/user/.m2/repository/io/netty/netty-transport-native-unix-common/4.1.30.Final/netty-transport-native-unix-common-4.1.30.Final.jar:/home/user/.m2/repository/io/grpc/grpc-protobuf/1.17.1/grpc-protobuf-1.17.1.jar:/home/user/.m2/repository/com/google/api/grpc/proto-google-common-protos/1.0.0/proto-google-common-protos-1.0.0.jar:/home/user/.m2/repository/io/grpc/grpc-protobuf-lite/1.17.1/grpc-protobuf-lite-1.17.1.jar:/home/user/.m2/repository/io/grpc/grpc-stub/1.17.1/grpc-stub-1.17.1.jar:/home/user/.m2/repository/org/apache/hadoop/hadoop-ozone-recon/0.5.0-SNAPSHOT/hadoop-ozone-recon-0.5.0-SNAPSHOT.jar:/home/user/.m2/repository/org/apache/hadoop/hadoop-ozone-reconcodegen/0.5.0-SNAPSHOT/hadoop-ozone-reconcodegen-0.5.0-SNAPSHOT.jar:/home/user/.m2/repository/com/google/inject/extensions/guice-multibindings/4.0/guice-multibindings-4.0.jar:/home/user/.m2/repository/com/google/inject/guice/4.0/guice-4.0.jar:/home/user/.m2/repository/aopalliance/aopalliance/1.0/aopalliance-1.0.jar:/home/user/.m2/repository/com/google/inject/extensions/guice-servlet/4.0/guice-servlet-4.0.jar:/home/user/.m2/repository/org/glassfish/jersey/containers/jersey-container-servlet/2.27/jersey-container-servlet-2.27.jar:/home/user/.m2/repository/org/glassfish/hk2/guice-bridge/2.5.0/guice-bridge-2.5.0.jar:/home/user/.m2/repository/org/glassfish/jersey/core/jersey-server/2.27/jersey-server-2.27.jar:/home/user/.m2/repository/org/glassfish/jersey/core/jersey-client/2.27/jersey-client-2.27.jar:/home/user/.m2/repository/org/glassfish/jersey/media/jersey-media-jaxb/2.27/jersey-media-jaxb-2.27.jar:/home/user/.m2/repository/javax/validation/validation-api/1.1.0.Final/validation-api-1.1.0.Final.jar:/home/user/.m2/repository/org/glassfish/jersey/media/jersey-media-json-jackson/2.27/jersey-media-json-jackson-2.27.jar:/home/user/.m2/repository/org/glassfish/jersey/ext/jersey-entity-filtering/2.27/jersey-entity-filtering-2.27.jar:/home/user/.m2/repository/com/google/inject/extensions/guice-assistedinject/4.0/guice-assistedinject-4.0.jar:/home/user/.m2/repository/org/jooq/jooq/3.11.10/jooq-3.11.10.jar:/home/user/.m2/repository/org/jooq/jooq-meta/3.11.10/jooq-meta-3.11.10.jar:/home/user/.m2/repository/org/jooq/jooq-codegen/3.11.10/jooq-codegen-3.11.10.jar:/home/user/.m2/repository/com/jolbox/bonecp/0.8.0.RELEASE/bonecp-0.8.0.RELEASE.jar:/home/user/.m2/repository/org/xerial/sqlite-jdbc/3.25.2/sqlite-jdbc-3.25.2.jar:/home/user/.m2/repository/org/springframework/spring-jdbc/5.1.3.RELEASE/spring-jdbc-5.1.3.RELEASE.jar:/home/user/.m2/repository/org/springframework/spring-beans/5.1.3.RELEASE/spring-beans-5.1.3.RELEASE.jar:/home/user/.m2/repository/org/springframework/spring-core/5.1.3.RELEASE/spring-core-5.1.3.RELEASE.jar:/home/user/.m2/repository/org/springframework/spring-jcl/5.1.3.RELEASE/spring-jcl-5.1.3.RELEASE.jar:/home/user/.m2/repository/org/springframework/spring-tx/5.1.3.RELEASE/spring-tx-5.1.3.RELEASE.jar:/home/user/.m2/repository/org/apache/hadoop/hadoop-ozone-client/0.5.0-SNAPSHOT/hadoop-ozone-client-0.5.0-SNAPSHOT.jar:/home/user/.m2/repository/commons-lang/commons-lang/2.6/commons-lang-2.6.jar:/home/user/.m2/repository/org/apache/hadoop/hadoop-ozone-ozone-manager/0.5.0-SNAPSHOT/hadoop-ozone-ozone-manager-0.5.0-SNAPSHOT-tests.jar:/home/user/.m2/repository/junit/junit/4.11/junit-4.11.jar:/home/user/.m2/repository/org/hamcrest/hamcrest-core/1.3/hamcrest-core-1.3.jar:/home/user/.m2/repository/org/openjdk/jmh/jmh-core/1.19/jmh-core-1.19.jar:/home/user/.m2/repository/net/sf/jopt-simple/jopt-simple/4.6/jopt-simple-4.6.jar:/home/user/.m2/repository/org/apache/commons/commons-math3/3.1.1/commons-math3-3.1.1.jar:/home/user/.m2/repository/org/openjdk/jmh/jmh-generator-annprocess/1.19/jmh-generator-annprocess-1.19.jar:/home/user/.m2/repository/org/mockito/mockito-all/1.8.5/mockito-all-1.8.5.jar:/home/user/.m2/repository/org/apache/hadoop/hadoop-kms/3.2.0/hadoop-kms-3.2.0.jar:/home/user/.m2/repository/org/apache/hadoop/hadoop-auth/3.2.0/hadoop-auth-3.2.0.jar:/home/user/.m2/repository/com/nimbusds/nimbus-jose-jwt/4.41.1/nimbus-jose-jwt-4.41.1.jar:/home/user/.m2/repository/com/github/stephenc/jcip/jcip-annotations/1.0-1/jcip-annotations-1.0-1.jar:/home/user/.m2/repository/net/minidev/json-smart/2.3/json-smart-2.3.jar:/home/user/.m2/repository/net/minidev/accessors-smart/1.2/accessors-smart-1.2.jar:/home/user/.m2/repository/org/ow2/asm/asm/5.0.4/asm-5.0.4.jar:/home/user/.m2/repository/org/apache/curator/curator-framework/2.12.0/curator-framework-2.12.0.jar:/home/user/.m2/repository/com/sun/jersey/jersey-core/1.19/jersey-core-1.19.jar:/home/user/.m2/repository/javax/ws/rs/jsr311-api/1.1.1/jsr311-api-1.1.1.jar:/home/user/.m2/repository/com/sun/jersey/jersey-server/1.19/jersey-server-1.19.jar:/home/user/.m2/repository/javax/servlet/javax.servlet-api/3.1.0/javax.servlet-api-3.1.0.jar:/home/user/.m2/repository/org/eclipse/jetty/jetty-server/9.3.25.v20180904/jetty-server-9.3.25.v20180904.jar:/home/user/.m2/repository/org/eclipse/jetty/jetty-http/9.3.25.v20180904/jetty-http-9.3.25.v20180904.jar:/home/user/.m2/repository/org/eclipse/jetty/jetty-io/9.3.25.v20180904/jetty-io-9.3.25.v20180904.jar:/home/user/.m2/repository/org/eclipse/jetty/jetty-webapp/9.3.25.v20180904/jetty-webapp-9.3.25.v20180904.jar:/home/user/.m2/repository/org/eclipse/jetty/jetty-xml/9.3.25.v20180904/jetty-xml-9.3.25.v20180904.jar:/home/user/.m2/repository/log4j/log4j/1.2.17/log4j-1.2.17.jar:/home/user/.m2/repository/org/slf4j/slf4j-api/1.7.25/slf4j-api-1.7.25.jar:/home/user/.m2/repository/org/slf4j/jul-to-slf4j/1.7.25/jul-to-slf4j-1.7.25.jar:/home/user/.m2/repository/org/eclipse/jetty/jetty-util/9.3.25.v20180904/jetty-util-9.3.25.v20180904.jar:/home/user/.m2/repository/com/fasterxml/jackson/core/jackson-databind/2.9.9/jackson-databind-2.9.9.jar:/home/user/.m2/repository/org/apache/hadoop/hadoop-kms/3.2.0/hadoop-kms-3.2.0-tests.jar:/home/user/.m2/repository/org/apache/hadoop/hadoop-hdds-server-scm/0.5.0-SNAPSHOT/hadoop-hdds-server-scm-0.5.0-SNAPSHOT-tests.jar:/home/user/.m2/repository/org/apache/hadoop/hadoop-hdds-container-service/0.5.0-SNAPSHOT/hadoop-hdds-container-service-0.5.0-SNAPSHOT-tests.jar:/home/user/.m2/repository/org/yaml/snakeyaml/1.16/snakeyaml-1.16.jar:/home/user/.m2/repository/org/apache/hadoop/hadoop-common/3.2.0/hadoop-common-3.2.0-tests.jar:/home/user/.m2/repository/org/apache/hadoop/hadoop-annotations/3.2.0/hadoop-annotations-3.2.0.jar:/usr/lib/jvm/java-1.8-openjdk/jre/../lib/tools.jar:/home/user/.m2/repository/commons-cli/commons-cli/1.2/commons-cli-1.2.jar:/home/user/.m2/repository/org/apache/httpcomponents/httpclient/4.5.2/httpclient-4.5.2.jar:/home/user/.m2/repository/org/apache/httpcomponents/httpcore/4.4.4/httpcore-4.4.4.jar:/home/user/.m2/repository/commons-codec/commons-codec/1.11/commons-codec-1.11.jar:/home/user/.m2/repository/commons-net/commons-net/3.6/commons-net-3.6.jar:/home/user/.m2/repository/commons-collections/commons-collections/3.2.2/commons-collections-3.2.2.jar:/home/user/.m2/repository/org/eclipse/jetty/jetty-servlet/9.3.25.v20180904/jetty-servlet-9.3.25.v20180904.jar:/home/user/.m2/repository/org/eclipse/jetty/jetty-security/9.3.25.v20180904/jetty-security-9.3.25.v20180904.jar:/home/user/.m2/repository/javax/servlet/jsp/jsp-api/2.1/jsp-api-2.1.jar:/home/user/.m2/repository/com/sun/jersey/jersey-servlet/1.19/jersey-servlet-1.19.jar:/home/user/.m2/repository/com/sun/jersey/jersey-json/1.19/jersey-json-1.19.jar:/home/user/.m2/repository/org/codehaus/jettison/jettison/1.1/jettison-1.1.jar:/home/user/.m2/repository/org/codehaus/jackson/jackson-core-asl/1.9.13/jackson-core-asl-1.9.13.jar:/home/user/.m2/repository/org/codehaus/jackson/jackson-mapper-asl/1.9.13/jackson-mapper-asl-1.9.13.jar:/home/user/.m2/repository/org/codehaus/jackson/jackson-jaxrs/1.9.13/jackson-jaxrs-1.9.13.jar:/home/user/.m2/repository/org/codehaus/jackson/jackson-xc/1.9.13/jackson-xc-1.9.13.jar:/home/user/.m2/repository/commons-logging/commons-logging/1.1.3/commons-logging-1.1.3.jar:/home/user/.m2/repository/commons-beanutils/commons-beanutils/1.9.4/commons-beanutils-1.9.4.jar:/home/user/.m2/repository/org/apache/commons/commons-configuration2/2.1.1/commons-configuration2-2.1.1.jar:/home/user/.m2/repository/org/apache/commons/commons-lang3/3.7/commons-lang3-3.7.jar:/home/user/.m2/repository/org/apache/commons/commons-text/1.4/commons-text-1.4.jar:/home/user/.m2/repository/org/apache/avro/avro/1.7.7/avro-1.7.7.jar:/home/user/.m2/repository/com/thoughtworks/paranamer/paranamer/2.3/paranamer-2.3.jar:/home/user/.m2/repository/org/xerial/snappy/snappy-java/1.0.5/snappy-java-1.0.5.jar:/home/user/.m2/repository/com/google/re2j/re2j/1.1/re2j-1.1.jar:/home/user/.m2/repository/com/google/code/gson/gson/2.2.4/gson-2.2.4.jar:/home/user/.m2/repository/com/jcraft/jsch/0.1.54/jsch-0.1.54.jar:/home/user/.m2/repository/org/apache/curator/curator-client/2.12.0/curator-client-2.12.0.jar:/home/user/.m2/repository/org/apache/curator/curator-recipes/2.12.0/curator-recipes-2.12.0.jar:/home/user/.m2/repository/com/google/code/findbugs/jsr305/3.0.0/jsr305-3.0.0.jar:/home/user/.m2/repository/org/apache/htrace/htrace-core4/4.1.0-incubating/htrace-core4-4.1.0-incubating.jar:/home/user/.m2/repository/org/apache/zookeeper/zookeeper/3.4.13/zookeeper-3.4.13.jar:/home/user/.m2/repository/jline/jline/0.9.94/jline-0.9.94.jar:/home/user/.m2/repository/org/apache/yetus/audience-annotations/0.5.0/audience-annotations-0.5.0.jar:/home/user/.m2/repository/org/codehaus/woodstox/stax2-api/3.1.4/stax2-api-3.1.4.jar:/home/user/.m2/repository/com/fasterxml/woodstox/woodstox-core/5.0.3/woodstox-core-5.0.3.jar:/home/user/.m2/repository/dnsjava/dnsjava/2.1.7/dnsjava-2.1.7.jar:/home/user/.m2/repository/org/apache/hadoop/hadoop-hdfs/3.2.0/hadoop-hdfs-3.2.0-tests.jar:/home/user/.m2/repository/org/eclipse/jetty/jetty-util-ajax/9.3.25.v20180904/jetty-util-ajax-9.3.25.v20180904.jar:/home/user/.m2/repository/commons-daemon/commons-daemon/1.0.13/commons-daemon-1.0.13.jar:/home/user/.m2/repository/io/netty/netty/3.10.5.Final/netty-3.10.5.Final.jar:/home/user/.m2/repository/io/netty/netty-all/4.0.52.Final/netty-all-4.0.52.Final.jar:/home/user/.m2/repository/org/fusesource/leveldbjni/leveldbjni-all/1.8/leveldbjni-all-1.8.jar:"/>
    <property name="sun.cpu.endian" value="little"/>
    <property name="user.home" value="/home/user"/>
    <property name="user.language" value="en"/>
    <property name="java.specification.vendor" value="Oracle Corporation"/>
    <property name="java.home" value="/usr/lib/jvm/java-1.8-openjdk/jre"/>
    <property name="java.security.krb5.conf" value="/workdir/hadoop-ozone/integration-test/target/test-classes/krb5.conf"/>
    <property name="basedir" value="/workdir/hadoop-ozone/integration-test"/>
    <property name="file.separator" value="/"/>
    <property name="line.separator" value="&#10;"/>
    <property name="java.vm.specification.vendor" value="Oracle Corporation"/>
    <property name="java.specification.name" value="Java Platform API Specification"/>
    <property name="java.awt.graphicsenv" value="sun.awt.X11GraphicsEnvironment"/>
    <property name="surefire.real.class.path" value="/workdir/hadoop-ozone/integration-test/target/surefire/surefirebooter6199694833996440753.jar"/>
    <property name="hadoop.log.dir" value="/workdir/hadoop-ozone/integration-test/target/log"/>
    <property name="sun.boot.class.path" value="/usr/lib/jvm/java-1.8-openjdk/jre/lib/resources.jar:/usr/lib/jvm/java-1.8-openjdk/jre/lib/rt.jar:/usr/lib/jvm/java-1.8-openjdk/jre/lib/sunrsasign.jar:/usr/lib/jvm/java-1.8-openjdk/jre/lib/jsse.jar:/usr/lib/jvm/java-1.8-openjdk/jre/lib/jce.jar:/usr/lib/jvm/java-1.8-openjdk/jre/lib/charsets.jar:/usr/lib/jvm/java-1.8-openjdk/jre/lib/jfr.jar:/usr/lib/jvm/java-1.8-openjdk/jre/classes"/>
    <property name="sun.management.compiler" value="HotSpot 64-Bit Tiered Compilers"/>
    <property name="java.runtime.version" value="1.8.0_212-b04"/>
    <property name="java.net.preferIPv4Stack" value="true"/>
    <property name="user.name" value="jenkins1000"/>
    <property name="path.separator" value=":"/>
    <property name="java.security.egd" value="file:///dev/urandom"/>
    <property name="os.version" value="3.10.0-957.12.2.el7.x86_64"/>
    <property name="java.endorsed.dirs" value="/usr/lib/jvm/java-1.8-openjdk/jre/lib/endorsed"/>
    <property name="java.runtime.name" value="OpenJDK Runtime Environment"/>
    <property name="file.encoding" value="UTF-8"/>
    <property name="java.vm.name" value="OpenJDK 64-Bit Server VM"/>
    <property name="test.build.webapps" value=""/>
    <property name="localRepository" value="/home/user/.m2/repository"/>
    <property name="java.vendor.url.bug" value="https://icedtea.classpath.org/bugzilla"/>
    <property name="java.io.tmpdir" value="/tmp"/>
    <property name="require.test.libhadoop" value=""/>
    <property name="java.version" value="1.8.0_212"/>
    <property name="user.dir" value="/workdir/hadoop-ozone/integration-test"/>
    <property name="os.arch" value="amd64"/>
    <property name="java.vm.specification.name" value="Java Virtual Machine Specification"/>
    <property name="test.build.classes" value="/workdir/hadoop-ozone/integration-test/target/test-classes"/>
    <property name="java.awt.printerjob" value="sun.print.PSPrinterJob"/>
    <property name="sun.os.patch.level" value="unknown"/>
    <property name="hadoop.tmp.dir" value="/workdir/hadoop-ozone/integration-test/target/tmp"/>
    <property name="java.library.path" value="/usr/lib/jvm/java-1.8-openjdk/jre/lib/amd64/server:/usr/lib/jvm/java-1.8-openjdk/jre/lib/amd64:/usr/lib/jvm/java-1.8-openjdk/jre/../lib/amd64:/workdir/hadoop-ozone/integration-test/target/native/target/usr/local/lib:/workdir/hadoop-ozone/integration-test/../../hadoop-common-project/hadoop-common/target/native/target/usr/local/lib:/usr/java/packages/lib/amd64:/usr/lib64:/lib64:/lib:/usr/lib"/>
    <property name="java.vm.info" value="mixed mode"/>
    <property name="java.vendor" value="IcedTea"/>
    <property name="java.vm.version" value="25.212-b04"/>
    <property name="java.ext.dirs" value="/usr/lib/jvm/java-1.8-openjdk/jre/lib/ext:/usr/java/packages/lib/ext"/>
    <property name="sun.io.unicode.encoding" value="UnicodeLittle"/>
    <property name="java.class.version" value="52.0"/>
  </properties>
  <testcase name="testRestartOMWithVolumeOperation" classname="org.apache.hadoop.ozone.om.TestOzoneManagerRestart" time="19.347"/>
  <testcase name="testRestartOMWithBucketOperation" classname="org.apache.hadoop.ozone.om.TestOzoneManagerRestart" time="15.942"/>
  <testcase name="testRestartOMWithKeyOperation" classname="org.apache.hadoop.ozone.om.TestOzoneManagerRestart" time="60.038">
    <error message="test timed out after 60000 milliseconds" type="java.lang.Exception">java.lang.Exception: test timed out after 60000 milliseconds
	at sun.misc.Unsafe.park(Native Method)
	at java.util.concurrent.locks.LockSupport.park(LockSupport.java:175)
	at java.util.concurrent.CompletableFuture$Signaller.block(CompletableFuture.java:1693)
	at java.util.concurrent.ForkJoinPool.managedBlock(ForkJoinPool.java:3323)
	at java.util.concurrent.CompletableFuture.waitingGet(CompletableFuture.java:1729)
	at java.util.concurrent.CompletableFuture.get(CompletableFuture.java:1895)
	at org.apache.hadoop.hdds.scm.storage.BlockOutputStream.waitOnFlushFutures(BlockOutputStream.java:515)
	at org.apache.hadoop.hdds.scm.storage.BlockOutputStream.handleFlush(BlockOutputStream.java:478)
	at org.apache.hadoop.hdds.scm.storage.BlockOutputStream.close(BlockOutputStream.java:493)
	at org.apache.hadoop.ozone.client.io.BlockOutputStreamEntry.close(BlockOutputStreamEntry.java:143)
	at org.apache.hadoop.ozone.client.io.KeyOutputStream.handleFlushOrClose(KeyOutputStream.java:435)
	at org.apache.hadoop.ozone.client.io.KeyOutputStream.close(KeyOutputStream.java:473)
	at org.apache.hadoop.ozone.client.io.OzoneOutputStream.close(OzoneOutputStream.java:60)
	at org.apache.hadoop.ozone.om.TestOzoneManagerRestart.testRestartOMWithKeyOperation(TestOzoneManagerRestart.java:193)
	at sun.reflect.NativeMethodAccessorImpl.invoke0(Native Method)
	at sun.reflect.NativeMethodAccessorImpl.invoke(NativeMethodAccessorImpl.java:62)
	at sun.reflect.DelegatingMethodAccessorImpl.invoke(DelegatingMethodAccessorImpl.java:43)
	at java.lang.reflect.Method.invoke(Method.java:498)
	at org.junit.runners.model.FrameworkMethod$1.runReflectiveCall(FrameworkMethod.java:47)
	at org.junit.internal.runners.model.ReflectiveCallable.run(ReflectiveCallable.java:12)
	at org.junit.runners.model.FrameworkMethod.invokeExplosively(FrameworkMethod.java:44)
	at org.junit.internal.runners.statements.InvokeMethod.evaluate(InvokeMethod.java:17)
	at org.junit.internal.runners.statements.RunBefores.evaluate(RunBefores.java:26)
	at org.junit.internal.runners.statements.RunAfters.evaluate(RunAfters.java:27)
	at org.junit.internal.runners.statements.FailOnTimeout$StatementThread.run(FailOnTimeout.java:74)
</error>
    <system-out><![CDATA[2019-09-26 15:38:48,027 [Thread-1655] WARN  server.ServerUtils (ServerUtils.java:getScmDbDir(145)) - ozone.scm.db.dirs is not configured. We recommend adding this setting. Falling back to ozone.metadata.dirs instead.
2019-09-26 15:38:48,071 [Thread-1655] WARN  server.ServerUtils (ServerUtils.java:getScmDbDir(145)) - ozone.scm.db.dirs is not configured. We recommend adding this setting. Falling back to ozone.metadata.dirs instead.
2019-09-26 15:38:48,072 [Thread-1655] WARN  server.ServerUtils (ServerUtils.java:getScmDbDir(145)) - ozone.scm.db.dirs is not configured. We recommend adding this setting. Falling back to ozone.metadata.dirs instead.
2019-09-26 15:38:48,072 [Thread-1655] INFO  db.DBStoreBuilder (DBStoreBuilder.java:addTable(110)) - using custom profile for table: deletedBlocks
2019-09-26 15:38:48,073 [Thread-1655] INFO  db.DBStoreBuilder (DBStoreBuilder.java:processTables(161)) - Using default column profile:DBProfile.DISK for Table:deletedBlocks
2019-09-26 15:38:48,073 [Thread-1655] INFO  db.DBStoreBuilder (DBStoreBuilder.java:addTable(110)) - using custom profile for table: validCerts
2019-09-26 15:38:48,073 [Thread-1655] INFO  db.DBStoreBuilder (DBStoreBuilder.java:processTables(161)) - Using default column profile:DBProfile.DISK for Table:validCerts
2019-09-26 15:38:48,073 [Thread-1655] INFO  db.DBStoreBuilder (DBStoreBuilder.java:addTable(110)) - using custom profile for table: revokedCerts
2019-09-26 15:38:48,074 [Thread-1655] INFO  db.DBStoreBuilder (DBStoreBuilder.java:processTables(161)) - Using default column profile:DBProfile.DISK for Table:revokedCerts
2019-09-26 15:38:48,074 [Thread-1655] INFO  db.DBStoreBuilder (DBStoreBuilder.java:addTable(110)) - using custom profile for table: default
2019-09-26 15:38:48,074 [Thread-1655] INFO  db.DBStoreBuilder (DBStoreBuilder.java:processTables(167)) - Using default column profile:DBProfile.DISK for Table:default
2019-09-26 15:38:48,074 [Thread-1655] INFO  db.DBStoreBuilder (DBStoreBuilder.java:getDbProfile(198)) - Using default options. DBProfile.DISK
2019-09-26 15:38:48,227 [Thread-1655] INFO  net.NodeSchemaLoader (NodeSchemaLoader.java:loadSchemaFromFile(125)) - Loading file from sun.misc.CompoundEnumeration@3c79fe0c
2019-09-26 15:38:48,227 [Thread-1655] INFO  net.NodeSchemaLoader (NodeSchemaLoader.java:loadSchema(171)) - Loading network topology layer schema file
2019-09-26 15:38:48,232 [Thread-1655] WARN  server.ServerUtils (ServerUtils.java:sanitizeUserArgs(70)) - ozone.scm.stale.node.interval value = 300000 is larger than max = 100000 based on the key value of ozone.scm.heartbeat.thread.interval, reset to the max value 100000.
2019-09-26 15:38:48,232 [Thread-1655] WARN  server.ServerUtils (ServerUtils.java:sanitizeUserArgs(70)) - ozone.scm.stale.node.interval value = 300000 is larger than max = 100000 based on the key value of ozone.scm.heartbeat.thread.interval, reset to the max value 100000.
2019-09-26 15:38:48,233 [Thread-1655] INFO  node.SCMNodeManager (SCMNodeManager.java:<init>(114)) - Entering startup safe mode.
2019-09-26 15:38:48,233 [Thread-1655] INFO  algorithms.ContainerPlacementPolicyFactory (ContainerPlacementPolicyFactory.java:getPolicy(59)) - Create container placement policy of type org.apache.hadoop.hdds.scm.container.placement.algorithms.SCMContainerPlacementRandom
2019-09-26 15:38:48,233 [Thread-1655] WARN  server.ServerUtils (ServerUtils.java:getScmDbDir(145)) - ozone.scm.db.dirs is not configured. We recommend adding this setting. Falling back to ozone.metadata.dirs instead.
2019-09-26 15:38:48,283 [Thread-1655] INFO  pipeline.SCMPipelineManager (SCMPipelineManager.java:initializePipelineState(132)) - No pipeline exists in current db
2019-09-26 15:38:48,284 [Thread-1655] WARN  server.ServerUtils (ServerUtils.java:getScmDbDir(145)) - ozone.scm.db.dirs is not configured. We recommend adding this setting. Falling back to ozone.metadata.dirs instead.
2019-09-26 15:38:48,336 [Thread-1655] WARN  events.EventQueue (EventQueue.java:fireEvent(183)) - No event handler registered for event TypedEvent{payloadType=SafeModeStatus, name='SafeModeStatus'}
2019-09-26 15:38:48,337 [Thread-1655] INFO  ipc.CallQueueManager (CallQueueManager.java:<init>(84)) - Using callQueue: class java.util.concurrent.LinkedBlockingQueue, queueCapacity: 2000, scheduler: class org.apache.hadoop.ipc.DefaultRpcScheduler, ipcBackoff: false.
2019-09-26 15:38:48,338 [Socket Reader #1 for port 34121] INFO  ipc.Server (Server.java:run(1074)) - Starting Socket Reader #1 for port 34121
2019-09-26 15:38:48,341 [Thread-1655] INFO  ipc.CallQueueManager (CallQueueManager.java:<init>(84)) - Using callQueue: class java.util.concurrent.LinkedBlockingQueue, queueCapacity: 2000, scheduler: class org.apache.hadoop.ipc.DefaultRpcScheduler, ipcBackoff: false.
2019-09-26 15:38:48,342 [Socket Reader #1 for port 39133] INFO  ipc.Server (Server.java:run(1074)) - Starting Socket Reader #1 for port 39133
2019-09-26 15:38:48,344 [Thread-1655] INFO  ipc.CallQueueManager (CallQueueManager.java:<init>(84)) - Using callQueue: class java.util.concurrent.LinkedBlockingQueue, queueCapacity: 2000, scheduler: class org.apache.hadoop.ipc.DefaultRpcScheduler, ipcBackoff: false.
2019-09-26 15:38:48,346 [Socket Reader #1 for port 37043] INFO  ipc.Server (Server.java:run(1074)) - Starting Socket Reader #1 for port 37043
2019-09-26 15:38:48,350 [Thread-1655] INFO  hdfs.DFSUtil (DFSUtil.java:httpServerTemplateForNNAndJN(1641)) - Starting Web-server for scm at: http://0.0.0.0:0
2019-09-26 15:38:48,352 [Thread-1655] INFO  server.AuthenticationFilter (AuthenticationFilter.java:constructSecretProvider(240)) - Unable to initialize FileSignerSecretProvider, falling back to use random secrets.
2019-09-26 15:38:48,353 [Thread-1655] WARN  http.HttpRequestLog (HttpRequestLog.java:getRequestLog(97)) - Jetty request log can only be enabled using Log4j
2019-09-26 15:38:48,355 [Thread-1655] INFO  http.HttpServer2 (HttpServer2.java:addGlobalFilter(975)) - Added global filter 'safety' (class=org.apache.hadoop.http.HttpServer2$QuotingInputFilter)
2019-09-26 15:38:48,356 [Thread-1655] INFO  http.HttpServer2 (HttpServer2.java:addFilter(948)) - Added filter static_user_filter (class=org.apache.hadoop.http.lib.StaticUserWebFilter$StaticUserFilter) to context scm
2019-09-26 15:38:48,356 [Thread-1655] INFO  http.HttpServer2 (HttpServer2.java:addFilter(958)) - Added filter static_user_filter (class=org.apache.hadoop.http.lib.StaticUserWebFilter$StaticUserFilter) to context static
2019-09-26 15:38:48,356 [Thread-1655] INFO  http.HttpServer2 (HttpServer2.java:addFilter(958)) - Added filter static_user_filter (class=org.apache.hadoop.http.lib.StaticUserWebFilter$StaticUserFilter) to context logs
2019-09-26 15:38:48,358 [Thread-1655] INFO  server.StorageContainerManager (StorageContainerManager.java:start(770)) - StorageContainerLocationProtocol RPC server is listening at /0.0.0.0:37043
2019-09-26 15:38:48,360 [Thread-1655] WARN  impl.MetricsConfig (MetricsConfig.java:loadFirst(134)) - Cannot locate configuration: tried hadoop-metrics2-storagecontainermanager.properties,hadoop-metrics2.properties
2019-09-26 15:38:48,361 [Thread-1655] INFO  impl.MetricsSystemImpl (MetricsSystemImpl.java:startTimer(374)) - Scheduled Metric snapshot period at 10 second(s).
2019-09-26 15:38:48,361 [Thread-1655] INFO  impl.MetricsSystemImpl (MetricsSystemImpl.java:start(191)) - StorageContainerManager metrics system started
2019-09-26 15:38:48,489 [Thread-1655] INFO  lib.Interns (Interns.java:removeEldestEntry(50)) - Metrics intern cache overflow at 2011 for MetricsSystem={MetricsSystem=MetricsInfoImpl{name=MetricsSystem, description=MetricsSystem}, MetricsSystem record=MetricsInfoImpl{name=MetricsSystem, description=MetricsSystem record}}
2019-09-26 15:38:48,517 [Thread-1655] WARN  impl.MetricsSystemImpl (MetricsSystemImpl.java:register(276)) - Sink prometheus already exists!
2019-09-26 15:38:48,566 [Thread-1655] INFO  server.SCMClientProtocolServer (SCMClientProtocolServer.java:start(151)) - RPC server for Client  is listening at /0.0.0.0:37043
2019-09-26 15:38:48,567 [IPC Server Responder] INFO  ipc.Server (Server.java:run(1314)) - IPC Server Responder: starting
2019-09-26 15:38:48,567 [IPC Server listener on 37043] INFO  ipc.Server (Server.java:run(1153)) - IPC Server listener on 37043: starting
2019-09-26 15:38:48,574 [Thread-1655] INFO  server.StorageContainerManager (StorageContainerManager.java:start(780)) - ScmBlockLocationProtocol RPC server is listening at /0.0.0.0:39133
2019-09-26 15:38:48,574 [Thread-1655] INFO  server.SCMBlockProtocolServer (SCMBlockProtocolServer.java:start(146)) - RPC server for Block Protocol is listening at /0.0.0.0:39133
2019-09-26 15:38:48,575 [IPC Server Responder] INFO  ipc.Server (Server.java:run(1314)) - IPC Server Responder: starting
2019-09-26 15:38:48,575 [IPC Server listener on 39133] INFO  ipc.Server (Server.java:run(1153)) - IPC Server listener on 39133: starting
2019-09-26 15:38:48,582 [Thread-1655] INFO  server.StorageContainerManager (StorageContainerManager.java:start(784)) - ScmDatanodeProtocl RPC server is listening at /0.0.0.0:34121
2019-09-26 15:38:48,582 [Thread-1655] INFO  server.SCMDatanodeProtocolServer (SCMDatanodeProtocolServer.java:start(191)) - RPC server for DataNodes is listening at /0.0.0.0:34121
2019-09-26 15:38:48,582 [IPC Server Responder] INFO  ipc.Server (Server.java:run(1314)) - IPC Server Responder: starting
2019-09-26 15:38:48,582 [IPC Server listener on 34121] INFO  ipc.Server (Server.java:run(1153)) - IPC Server listener on 34121: starting
2019-09-26 15:38:48,589 [Thread-1655] INFO  http.HttpServer2 (HttpServer2.java:bindListener(1191)) - Jetty bound to port 45633
2019-09-26 15:38:48,589 [Thread-1655] INFO  server.Server (Server.java:doStart(351)) - jetty-9.3.25.v20180904, build timestamp: 2018-09-04T21:11:46Z, git hash: 3ce520221d0240229c862b122d2b06c12a625732
2019-09-26 15:38:48,591 [Thread-1655] INFO  handler.ContextHandler (ContextHandler.java:doStart(781)) - Started o.e.j.s.ServletContextHandler@3642a02b{/logs,file:///workdir/hadoop-ozone/integration-test/target/log,AVAILABLE}
2019-09-26 15:38:48,592 [Thread-1655] INFO  handler.ContextHandler (ContextHandler.java:doStart(781)) - Started o.e.j.s.ServletContextHandler@2ad1f89{/static,file:///workdir/hadoop-ozone/integration-test/target/test-classes/webapps/static,AVAILABLE}
2019-09-26 15:38:48,596 [Thread-1655] INFO  handler.ContextHandler (ContextHandler.java:doStart(781)) - Started o.e.j.w.WebAppContext@40cf2aab{/,file:///workdir/hadoop-ozone/integration-test/target/test-classes/webapps/scm/,AVAILABLE}{/scm}
2019-09-26 15:38:48,596 [Thread-1655] INFO  server.AbstractConnector (AbstractConnector.java:doStart(278)) - Started ServerConnector@4cb3a13c{HTTP/1.1,[http/1.1]}{0.0.0.0:45633}
2019-09-26 15:38:48,598 [Thread-1655] INFO  server.Server (Server.java:doStart(419)) - Started @36314ms
2019-09-26 15:38:48,598 [Thread-1655] WARN  impl.MetricsSystemImpl (MetricsSystemImpl.java:register(276)) - Sink prometheus already exists!
2019-09-26 15:38:48,599 [Thread-1655] INFO  server.BaseHttpServer (BaseHttpServer.java:updateConnectorAddress(215)) - HTTP server of SCM is listening at http://0.0.0.0:45633
2019-09-26 15:38:48,600 [Thread-1655] WARN  server.ServerUtils (ServerUtils.java:getDBPath(222)) - ozone.om.db.dirs is not configured. We recommend adding this setting. Falling back to ozone.metadata.dirs instead.
2019-09-26 15:38:48,601 [org.apache.hadoop.util.JvmPauseMonitor$Monitor@2e3191fb] INFO  util.JvmPauseMonitor (JvmPauseMonitor.java:run(188)) - Starting JVM pause monitor
2019-09-26 15:38:48,616 [Thread-1655] WARN  server.ServerUtils (ServerUtils.java:getDBPath(222)) - ozone.om.db.dirs is not configured. We recommend adding this setting. Falling back to ozone.metadata.dirs instead.
2019-09-26 15:38:48,617 [Thread-1655] WARN  server.ServerUtils (ServerUtils.java:getDBPath(222)) - ozone.om.db.dirs is not configured. We recommend adding this setting. Falling back to ozone.metadata.dirs instead.
2019-09-26 15:38:48,617 [Thread-1655] INFO  om.OzoneManager (OzoneManager.java:setOMNodeDetails(652)) - OM Service ID is not set. Setting it to the default ID: omServiceIdDefault
2019-09-26 15:38:48,618 [Thread-1655] INFO  om.OzoneManager (OzoneManager.java:setOMNodeDetails(658)) - OM Node ID is not set. Setting it to the OmStorage's OmID: 73c1dcd1-c7be-4c05-b229-1cd665cfaf94
2019-09-26 15:38:48,618 [Thread-1655] INFO  om.OzoneManager (OzoneManager.java:loadOMHAConfigs(609)) - Found matching OM address with OMServiceId: null, OMNodeId: null, RPC Address: localhost:0 and Ratis port: 9872
2019-09-26 15:38:48,632 [Thread-1655] WARN  server.ServerUtils (ServerUtils.java:getDBPath(222)) - ozone.om.db.dirs is not configured. We recommend adding this setting. Falling back to ozone.metadata.dirs instead.
2019-09-26 15:38:48,633 [Thread-1655] INFO  db.DBStoreBuilder (DBStoreBuilder.java:addTable(110)) - using custom profile for table: userTable
2019-09-26 15:38:48,633 [Thread-1655] INFO  db.DBStoreBuilder (DBStoreBuilder.java:processTables(161)) - Using default column profile:DBProfile.DISK for Table:userTable
2019-09-26 15:38:48,633 [Thread-1655] INFO  db.DBStoreBuilder (DBStoreBuilder.java:addTable(110)) - using custom profile for table: volumeTable
2019-09-26 15:38:48,634 [Thread-1655] INFO  db.DBStoreBuilder (DBStoreBuilder.java:processTables(161)) - Using default column profile:DBProfile.DISK for Table:volumeTable
2019-09-26 15:38:48,634 [Thread-1655] INFO  db.DBStoreBuilder (DBStoreBuilder.java:addTable(110)) - using custom profile for table: bucketTable
2019-09-26 15:38:48,634 [Thread-1655] INFO  db.DBStoreBuilder (DBStoreBuilder.java:processTables(161)) - Using default column profile:DBProfile.DISK for Table:bucketTable
2019-09-26 15:38:48,634 [Thread-1655] INFO  db.DBStoreBuilder (DBStoreBuilder.java:addTable(110)) - using custom profile for table: keyTable
2019-09-26 15:38:48,635 [Thread-1655] INFO  db.DBStoreBuilder (DBStoreBuilder.java:processTables(161)) - Using default column profile:DBProfile.DISK for Table:keyTable
2019-09-26 15:38:48,635 [Thread-1655] INFO  db.DBStoreBuilder (DBStoreBuilder.java:addTable(110)) - using custom profile for table: deletedTable
2019-09-26 15:38:48,635 [Thread-1655] INFO  db.DBStoreBuilder (DBStoreBuilder.java:processTables(161)) - Using default column profile:DBProfile.DISK for Table:deletedTable
2019-09-26 15:38:48,635 [Thread-1655] INFO  db.DBStoreBuilder (DBStoreBuilder.java:addTable(110)) - using custom profile for table: openKeyTable
2019-09-26 15:38:48,636 [Thread-1655] INFO  db.DBStoreBuilder (DBStoreBuilder.java:processTables(161)) - Using default column profile:DBProfile.DISK for Table:openKeyTable
2019-09-26 15:38:48,636 [Thread-1655] INFO  db.DBStoreBuilder (DBStoreBuilder.java:addTable(110)) - using custom profile for table: s3Table
2019-09-26 15:38:48,636 [Thread-1655] INFO  db.DBStoreBuilder (DBStoreBuilder.java:processTables(161)) - Using default column profile:DBProfile.DISK for Table:s3Table
2019-09-26 15:38:48,636 [Thread-1655] INFO  db.DBStoreBuilder (DBStoreBuilder.java:addTable(110)) - using custom profile for table: multipartInfoTable
2019-09-26 15:38:48,636 [Thread-1655] INFO  db.DBStoreBuilder (DBStoreBuilder.java:processTables(161)) - Using default column profile:DBProfile.DISK for Table:multipartInfoTable
2019-09-26 15:38:48,637 [Thread-1655] INFO  db.DBStoreBuilder (DBStoreBuilder.java:addTable(110)) - using custom profile for table: dTokenTable
2019-09-26 15:38:48,637 [Thread-1655] INFO  db.DBStoreBuilder (DBStoreBuilder.java:processTables(161)) - Using default column profile:DBProfile.DISK for Table:dTokenTable
2019-09-26 15:38:48,637 [Thread-1655] INFO  db.DBStoreBuilder (DBStoreBuilder.java:addTable(110)) - using custom profile for table: s3SecretTable
2019-09-26 15:38:48,637 [Thread-1655] INFO  db.DBStoreBuilder (DBStoreBuilder.java:processTables(161)) - Using default column profile:DBProfile.DISK for Table:s3SecretTable
2019-09-26 15:38:48,638 [Thread-1655] INFO  db.DBStoreBuilder (DBStoreBuilder.java:addTable(110)) - using custom profile for table: prefixTable
2019-09-26 15:38:48,638 [Thread-1655] INFO  db.DBStoreBuilder (DBStoreBuilder.java:processTables(161)) - Using default column profile:DBProfile.DISK for Table:prefixTable
2019-09-26 15:38:48,638 [Thread-1655] INFO  db.DBStoreBuilder (DBStoreBuilder.java:addTable(110)) - using custom profile for table: default
2019-09-26 15:38:48,638 [Thread-1655] INFO  db.DBStoreBuilder (DBStoreBuilder.java:processTables(167)) - Using default column profile:DBProfile.DISK for Table:default
2019-09-26 15:38:48,638 [Thread-1655] INFO  db.DBStoreBuilder (DBStoreBuilder.java:getDbProfile(198)) - Using default options. DBProfile.DISK
2019-09-26 15:38:49,273 [Thread-1655] INFO  ipc.CallQueueManager (CallQueueManager.java:<init>(84)) - Using callQueue: class java.util.concurrent.LinkedBlockingQueue, queueCapacity: 2000, scheduler: class org.apache.hadoop.ipc.DefaultRpcScheduler, ipcBackoff: false.
2019-09-26 15:38:49,274 [Socket Reader #1 for port 36789] INFO  ipc.Server (Server.java:run(1074)) - Starting Socket Reader #1 for port 36789
2019-09-26 15:38:49,288 [Thread-1655] INFO  om.OzoneManager (OzoneManager.java:start(1243)) - OzoneManager RPC server is listening at localhost/127.0.0.1:36789
2019-09-26 15:38:49,288 [Thread-1655] INFO  impl.MetricsSystemImpl (MetricsSystemImpl.java:init(158)) - OzoneManager metrics system started (again)
2019-09-26 15:38:49,288 [IPC Server Responder] INFO  ipc.Server (Server.java:run(1314)) - IPC Server Responder: starting
2019-09-26 15:38:49,290 [IPC Server listener on 36789] INFO  ipc.Server (Server.java:run(1153)) - IPC Server listener on 36789: starting
2019-09-26 15:38:49,296 [Thread-1655] INFO  hdfs.DFSUtil (DFSUtil.java:httpServerTemplateForNNAndJN(1641)) - Starting Web-server for ozoneManager at: http://0.0.0.0:0
2019-09-26 15:38:49,297 [Thread-1655] INFO  server.AuthenticationFilter (AuthenticationFilter.java:constructSecretProvider(240)) - Unable to initialize FileSignerSecretProvider, falling back to use random secrets.
2019-09-26 15:38:49,297 [Thread-1655] WARN  http.HttpRequestLog (HttpRequestLog.java:getRequestLog(97)) - Jetty request log can only be enabled using Log4j
2019-09-26 15:38:49,299 [Thread-1655] INFO  http.HttpServer2 (HttpServer2.java:addGlobalFilter(975)) - Added global filter 'safety' (class=org.apache.hadoop.http.HttpServer2$QuotingInputFilter)
2019-09-26 15:38:49,300 [Thread-1655] INFO  http.HttpServer2 (HttpServer2.java:addFilter(948)) - Added filter static_user_filter (class=org.apache.hadoop.http.lib.StaticUserWebFilter$StaticUserFilter) to context ozoneManager
2019-09-26 15:38:49,300 [Thread-1655] INFO  http.HttpServer2 (HttpServer2.java:addFilter(958)) - Added filter static_user_filter (class=org.apache.hadoop.http.lib.StaticUserWebFilter$StaticUserFilter) to context static
2019-09-26 15:38:49,300 [Thread-1655] INFO  http.HttpServer2 (HttpServer2.java:addFilter(958)) - Added filter static_user_filter (class=org.apache.hadoop.http.lib.StaticUserWebFilter$StaticUserFilter) to context logs
2019-09-26 15:38:49,300 [Thread-1655] INFO  http.HttpServer2 (HttpServer2.java:bindListener(1191)) - Jetty bound to port 38415
2019-09-26 15:38:49,301 [Thread-1655] INFO  server.Server (Server.java:doStart(351)) - jetty-9.3.25.v20180904, build timestamp: 2018-09-04T21:11:46Z, git hash: 3ce520221d0240229c862b122d2b06c12a625732
2019-09-26 15:38:49,302 [Thread-1655] INFO  handler.ContextHandler (ContextHandler.java:doStart(781)) - Started o.e.j.s.ServletContextHandler@9920adf{/logs,file:///workdir/hadoop-ozone/integration-test/target/log,AVAILABLE}
2019-09-26 15:38:49,303 [Thread-1655] INFO  handler.ContextHandler (ContextHandler.java:doStart(781)) - Started o.e.j.s.ServletContextHandler@77d7dc53{/static,file:///workdir/hadoop-ozone/integration-test/target/test-classes/webapps/static,AVAILABLE}
2019-09-26 15:38:49,307 [Thread-1655] INFO  handler.ContextHandler (ContextHandler.java:doStart(781)) - Started o.e.j.w.WebAppContext@6a1d63bf{/,file:///workdir/hadoop-ozone/integration-test/target/test-classes/webapps/ozoneManager/,AVAILABLE}{/ozoneManager}
2019-09-26 15:38:49,307 [Thread-1655] INFO  server.AbstractConnector (AbstractConnector.java:doStart(278)) - Started ServerConnector@7c082d40{HTTP/1.1,[http/1.1]}{0.0.0.0:38415}
2019-09-26 15:38:49,309 [Thread-1655] INFO  server.Server (Server.java:doStart(419)) - Started @37025ms
2019-09-26 15:38:49,309 [Thread-1655] WARN  impl.MetricsSystemImpl (MetricsSystemImpl.java:register(276)) - Sink prometheus already exists!
2019-09-26 15:38:49,310 [Thread-1655] INFO  server.BaseHttpServer (BaseHttpServer.java:updateConnectorAddress(215)) - HTTP server of OZONEMANAGER is listening at http://0.0.0.0:38415
2019-09-26 15:38:49,315 [Thread-1655] INFO  impl.MetricsSystemImpl (MetricsSystemImpl.java:init(158)) - HddsDatanode metrics system started (again)
2019-09-26 15:38:49,325 [Thread-1655] INFO  ozone.HddsDatanodeService (HddsDatanodeService.java:start(184)) - HddsDatanodeService host:pr-hdds-1569-g6sp5-2013761785 ip:192.168.151.99
2019-09-26 15:38:49,338 [Thread-1655] INFO  volume.HddsVolume (HddsVolume.java:<init>(176)) - Creating Volume: /workdir/hadoop-ozone/integration-test/target/test-dir/MiniOzoneClusterImpl-87962e32-e39f-4c57-b747-30c883c1cc54/datanode-0/data/containers/hdds of  storage type : DISK and capacity : 1482555576320
2019-09-26 15:38:49,339 [Thread-1655] INFO  volume.VolumeSet (VolumeSet.java:initializeVolumeSet(170)) - Added Volume : /workdir/hadoop-ozone/integration-test/target/test-dir/MiniOzoneClusterImpl-87962e32-e39f-4c57-b747-30c883c1cc54/datanode-0/data/containers/hdds to VolumeSet
2019-09-26 15:38:49,339 [Thread-1655] INFO  volume.ThrottledAsyncChecker (ThrottledAsyncChecker.java:schedule(139)) - Scheduling a check for org.apache.hadoop.ozone.container.common.volume.HddsVolume@153a5497
2019-09-26 15:38:49,341 [Thread-1655] INFO  volume.HddsVolumeChecker (HddsVolumeChecker.java:checkAllVolumes(202)) - Scheduled health check for volume org.apache.hadoop.ozone.container.common.volume.HddsVolume@153a5497
2019-09-26 15:38:49,363 [Thread-1655] INFO  impl.RaftServerProxy (ConfUtils.java:logGet(43)) - raft.rpc.type = GRPC (default)
2019-09-26 15:38:49,364 [Thread-1655] INFO  grpc.GrpcFactory (GrpcFactory.java:checkPooledByteBufAllocatorUseCacheForAllThreads(45)) - PERFORMANCE WARNING: useCacheForAllThreads is true that may cause Netty to create a lot garbage objects and, as a result, trigger GC.
	It is recommended to disable useCacheForAllThreads by setting -Dorg.apache.ratis.thirdparty.io.netty.allocator.useCacheForAllThreads=false in command line.
2019-09-26 15:38:49,365 [Thread-1655] INFO  grpc.GrpcConfigKeys$Server (ConfUtils.java:logGet(43)) - raft.grpc.server.port = 0 (default)
2019-09-26 15:38:49,366 [Thread-1655] INFO  server.GrpcService (ConfUtils.java:logGet(43)) - raft.grpc.message.size.max = 33570816 (custom)
2019-09-26 15:38:49,366 [Thread-1655] INFO  server.RaftServerConfigKeys (ConfUtils.java:logGet(43)) - raft.server.log.appender.buffer.byte-limit = 33554432 (custom)
2019-09-26 15:38:49,366 [Thread-1655] INFO  server.GrpcService (ConfUtils.java:logGet(43)) - raft.grpc.flow.control.window = 1MB (=1048576) (default)
2019-09-26 15:38:49,367 [Thread-1655] INFO  server.RaftServerConfigKeys (ConfUtils.java:logGet(43)) - raft.server.rpc.request.timeout = 3000ms (default)
2019-09-26 15:38:49,367 [Thread-1655] INFO  server.RaftServerConfigKeys (ConfUtils.java:logGet(43)) - raft.server.storage.dir = [/workdir/hadoop-ozone/integration-test/target/test-dir/MiniOzoneClusterImpl-87962e32-e39f-4c57-b747-30c883c1cc54/datanode-0/data/ratis] (custom)
2019-09-26 15:38:49,369 [Thread-1655] INFO  hdfs.DFSUtil (DFSUtil.java:httpServerTemplateForNNAndJN(1641)) - Starting Web-server for hddsDatanode at: http://0.0.0.0:0
2019-09-26 15:38:49,371 [Thread-1655] INFO  server.AuthenticationFilter (AuthenticationFilter.java:constructSecretProvider(240)) - Unable to initialize FileSignerSecretProvider, falling back to use random secrets.
2019-09-26 15:38:49,371 [Thread-1655] WARN  http.HttpRequestLog (HttpRequestLog.java:getRequestLog(97)) - Jetty request log can only be enabled using Log4j
2019-09-26 15:38:49,374 [Thread-1655] INFO  http.HttpServer2 (HttpServer2.java:addGlobalFilter(975)) - Added global filter 'safety' (class=org.apache.hadoop.http.HttpServer2$QuotingInputFilter)
2019-09-26 15:38:49,374 [Thread-1655] INFO  http.HttpServer2 (HttpServer2.java:addFilter(948)) - Added filter static_user_filter (class=org.apache.hadoop.http.lib.StaticUserWebFilter$StaticUserFilter) to context hddsDatanode
2019-09-26 15:38:49,375 [Thread-1655] INFO  http.HttpServer2 (HttpServer2.java:addFilter(958)) - Added filter static_user_filter (class=org.apache.hadoop.http.lib.StaticUserWebFilter$StaticUserFilter) to context static
2019-09-26 15:38:49,375 [Thread-1655] INFO  http.HttpServer2 (HttpServer2.java:addFilter(958)) - Added filter static_user_filter (class=org.apache.hadoop.http.lib.StaticUserWebFilter$StaticUserFilter) to context logs
2019-09-26 15:38:49,376 [Thread-1655] INFO  http.HttpServer2 (HttpServer2.java:bindListener(1191)) - Jetty bound to port 34634
2019-09-26 15:38:49,376 [Thread-1655] INFO  server.Server (Server.java:doStart(351)) - jetty-9.3.25.v20180904, build timestamp: 2018-09-04T21:11:46Z, git hash: 3ce520221d0240229c862b122d2b06c12a625732
2019-09-26 15:38:49,378 [Thread-1655] INFO  handler.ContextHandler (ContextHandler.java:doStart(781)) - Started o.e.j.s.ServletContextHandler@1b0ebce2{/logs,file:///workdir/hadoop-ozone/integration-test/target/log,AVAILABLE}
2019-09-26 15:38:49,379 [Thread-1655] INFO  handler.ContextHandler (ContextHandler.java:doStart(781)) - Started o.e.j.s.ServletContextHandler@5b3ead4{/static,jar:file:/home/user/.m2/repository/org/apache/hadoop/hadoop-hdds-container-service/0.5.0-SNAPSHOT/hadoop-hdds-container-service-0.5.0-SNAPSHOT.jar!/webapps/static,AVAILABLE}
2019-09-26 15:38:49,420 [Thread-1655] INFO  handler.ContextHandler (ContextHandler.java:doStart(781)) - Started o.e.j.w.WebAppContext@2baff1fc{/,file:///tmp/jetty-0.0.0.0-34634-hddsDatanode-_-any-2224628724777249046.dir/webapp/,AVAILABLE}{/hddsDatanode}
2019-09-26 15:38:49,420 [Thread-1655] INFO  server.AbstractConnector (AbstractConnector.java:doStart(278)) - Started ServerConnector@75fcce51{HTTP/1.1,[http/1.1]}{0.0.0.0:34634}
2019-09-26 15:38:49,423 [Thread-1655] INFO  server.Server (Server.java:doStart(419)) - Started @37138ms
2019-09-26 15:38:49,423 [Thread-1655] WARN  impl.MetricsSystemImpl (MetricsSystemImpl.java:register(276)) - Sink prometheus already exists!
2019-09-26 15:38:49,424 [Thread-1655] INFO  server.BaseHttpServer (BaseHttpServer.java:updateConnectorAddress(215)) - HTTP server of HDDSDATANODE is listening at http://0.0.0.0:34634
2019-09-26 15:38:49,424 [Thread-1655] INFO  ozone.MiniOzoneClusterImpl (MiniOzoneClusterImpl.java:lambda$waitForClusterToBeReady$0(147)) - Waiting for cluster to be ready. Got 0 of 1 DN Heartbeats.
2019-09-26 15:38:49,428 [org.apache.hadoop.util.JvmPauseMonitor$Monitor@5418e27] INFO  util.JvmPauseMonitor (JvmPauseMonitor.java:run(188)) - Starting JVM pause monitor
2019-09-26 15:38:49,430 [Datanode State Machine Thread - 0] INFO  datanode.InitDatanodeState (InitDatanodeState.java:persistContainerDatanodeDetails(140)) - DatanodeDetails is persisted to /workdir/hadoop-ozone/integration-test/target/test-dir/MiniOzoneClusterImpl-87962e32-e39f-4c57-b747-30c883c1cc54/datanode-0/meta/datanode.id
2019-09-26 15:38:50,425 [Thread-1655] INFO  ozone.MiniOzoneClusterImpl (MiniOzoneClusterImpl.java:lambda$waitForClusterToBeReady$0(147)) - Waiting for cluster to be ready. Got 0 of 1 DN Heartbeats.
2019-09-26 15:38:51,426 [Thread-1655] INFO  ozone.MiniOzoneClusterImpl (MiniOzoneClusterImpl.java:lambda$waitForClusterToBeReady$0(147)) - Waiting for cluster to be ready. Got 0 of 1 DN Heartbeats.
2019-09-26 15:38:51,452 [Datanode State Machine Thread - 0] INFO  ozoneimpl.OzoneContainer (OzoneContainer.java:start(217)) - Attempting to start container services.
2019-09-26 15:38:51,459 [Datanode State Machine Thread - 0] INFO  ozoneimpl.OzoneContainer (OzoneContainer.java:startContainerScrub(179)) - Background container scanner has been disabled.
2019-09-26 15:38:51,459 [Datanode State Machine Thread - 0] INFO  ratis.XceiverServerRatis (XceiverServerRatis.java:start(411)) - Starting XceiverServerRatis bcb704dc-2543-42a4-8762-cde039a55a99 at port 0
2019-09-26 15:38:51,470 [Datanode State Machine Thread - 0] INFO  impl.RaftServerProxy (RaftServerProxy.java:lambda$start$3(299)) - bcb704dc-2543-42a4-8762-cde039a55a99: start RPC server
2019-09-26 15:38:51,473 [Datanode State Machine Thread - 0] INFO  server.GrpcService (GrpcService.java:startImpl(158)) - bcb704dc-2543-42a4-8762-cde039a55a99: GrpcService started, listening on 0.0.0.0/0.0.0.0:43663
2019-09-26 15:38:51,473 [Datanode State Machine Thread - 0] INFO  ratis.XceiverServerRatis (XceiverServerRatis.java:start(421)) - XceiverServerRatis bcb704dc-2543-42a4-8762-cde039a55a99 is started using port 43663
2019-09-26 15:38:51,474 [Datanode State Machine Thread - 0] INFO  server.XceiverServerGrpc (XceiverServerGrpc.java:start(149)) - XceiverServerGrpc bcb704dc-2543-42a4-8762-cde039a55a99 is started using port 43456
2019-09-26 15:38:52,426 [Thread-1655] INFO  ozone.MiniOzoneClusterImpl (MiniOzoneClusterImpl.java:lambda$waitForClusterToBeReady$0(147)) - Waiting for cluster to be ready. Got 0 of 1 DN Heartbeats.
2019-09-26 15:38:53,427 [Thread-1655] INFO  ozone.MiniOzoneClusterImpl (MiniOzoneClusterImpl.java:lambda$waitForClusterToBeReady$0(147)) - Waiting for cluster to be ready. Got 0 of 1 DN Heartbeats.
2019-09-26 15:38:53,436 [IPC Server handler 0 on 34121] INFO  net.NetworkTopology (NetworkTopologyImpl.java:add(111)) - Added a new node: /default-rack/bcb704dc-2543-42a4-8762-cde039a55a99
2019-09-26 15:38:53,438 [IPC Server handler 0 on 34121] INFO  node.SCMNodeManager (SCMNodeManager.java:register(266)) - Registered Data node : bcb704dc-2543-42a4-8762-cde039a55a99{ip: 192.168.151.99, host: pr-hdds-1569-g6sp5-2013761785, networkLocation: /default-rack, certSerialId: null}
2019-09-26 15:38:53,439 [EventQueue-NodeRegistrationContainerReportForDataNodeSafeModeRule] INFO  safemode.SCMSafeModeManager (DataNodeSafeModeRule.java:process(71)) - SCM in safe mode. 1 DataNodes registered, 1 required.
2019-09-26 15:38:53,441 [EventQueue-NodeRegistrationContainerReportForDataNodeSafeModeRule] INFO  safemode.SCMSafeModeManager (SCMSafeModeManager.java:validateSafeModeExitRules(177)) - ScmSafeModeManager, all rules are successfully validated
2019-09-26 15:38:53,442 [EventQueue-NodeRegistrationContainerReportForDataNodeSafeModeRule] INFO  safemode.SCMSafeModeManager (SCMSafeModeManager.java:exitSafeMode(193)) - SCM exiting safe mode.
2019-09-26 15:38:53,455 [grpc-default-executor-0] INFO  impl.RaftServerProxy (RaftServerProxy.java:addNew(89)) - bcb704dc-2543-42a4-8762-cde039a55a99: addNew group-96E9520FD3B9:[bcb704dc-2543-42a4-8762-cde039a55a99:192.168.151.99:43663] returns group-96E9520FD3B9:java.util.concurrent.CompletableFuture@1ddd3374[Not completed]
2019-09-26 15:38:53,460 [pool-123-thread-1] INFO  impl.RaftServerImpl (RaftServerImpl.java:<init>(95)) - bcb704dc-2543-42a4-8762-cde039a55a99: new RaftServerImpl for group-96E9520FD3B9:[bcb704dc-2543-42a4-8762-cde039a55a99:192.168.151.99:43663] with ContainerStateMachine:uninitialized
2019-09-26 15:38:53,460 [pool-123-thread-1] INFO  server.RaftServerConfigKeys (ConfUtils.java:logGet(43)) - raft.server.rpc.timeout.min = 5s (custom)
2019-09-26 15:38:53,461 [pool-123-thread-1] INFO  server.RaftServerConfigKeys (ConfUtils.java:logGet(43)) - raft.server.rpc.timeout.max = 5200ms (custom)
2019-09-26 15:38:53,461 [pool-123-thread-1] INFO  server.RaftServerConfigKeys (ConfUtils.java:logGet(43)) - raft.server.rpcslowness.timeout = 120s (custom)
2019-09-26 15:38:53,461 [pool-123-thread-1] INFO  server.RaftServerConfigKeys (ConfUtils.java:logGet(43)) - raft.server.sleep.deviation.threshold = 300 (default)
2019-09-26 15:38:53,461 [pool-123-thread-1] INFO  server.RaftServerConfigKeys (ConfUtils.java:logGet(43)) - raft.server.log.appender.install.snapshot.enabled = false (custom)
2019-09-26 15:38:53,461 [pool-123-thread-1] INFO  impl.RaftServerImpl (ServerState.java:<init>(103)) - bcb704dc-2543-42a4-8762-cde039a55a99@group-96E9520FD3B9: ConfigurationManager, init=-1: [bcb704dc-2543-42a4-8762-cde039a55a99:192.168.151.99:43663], old=null, confs=<EMPTY_MAP>
2019-09-26 15:38:53,461 [pool-123-thread-1] INFO  server.RaftServerConfigKeys (ConfUtils.java:logGet(43)) - raft.server.storage.dir = [/workdir/hadoop-ozone/integration-test/target/test-dir/MiniOzoneClusterImpl-87962e32-e39f-4c57-b747-30c883c1cc54/datanode-0/data/ratis] (custom)
2019-09-26 15:38:53,462 [pool-123-thread-1] INFO  storage.RaftStorageDirectory (RaftStorageDirectory.java:analyzeStorage(246)) - The storage directory /workdir/hadoop-ozone/integration-test/target/test-dir/MiniOzoneClusterImpl-87962e32-e39f-4c57-b747-30c883c1cc54/datanode-0/data/ratis/948002b1-5a96-48ff-985e-96e9520fd3b9 does not exist. Creating ...
2019-09-26 15:38:53,477 [pool-123-thread-1] INFO  storage.RaftStorageDirectory (RaftStorageDirectory.java:tryLock(328)) - Lock on /workdir/hadoop-ozone/integration-test/target/test-dir/MiniOzoneClusterImpl-87962e32-e39f-4c57-b747-30c883c1cc54/datanode-0/data/ratis/948002b1-5a96-48ff-985e-96e9520fd3b9/in_use.lock acquired by nodename 10626@pr-hdds-1569-g6sp5-2013761785
2019-09-26 15:38:53,480 [pool-123-thread-1] INFO  storage.RaftStorage (RaftStorage.java:format(72)) - Storage directory /workdir/hadoop-ozone/integration-test/target/test-dir/MiniOzoneClusterImpl-87962e32-e39f-4c57-b747-30c883c1cc54/datanode-0/data/ratis/948002b1-5a96-48ff-985e-96e9520fd3b9 has been successfully formatted.
2019-09-26 15:38:53,482 [pool-123-thread-1] INFO  ratis.ContainerStateMachine (ContainerStateMachine.java:loadSnapshot(230)) - group-96E9520FD3B9: The snapshot info is null. Setting the last applied indexto:(t:0, i:~)
2019-09-26 15:38:53,484 [pool-123-thread-1] INFO  server.RaftServerConfigKeys (ConfUtils.java:logGet(43)) - raft.server.notification.no-leader.timeout = 120s (custom)
2019-09-26 15:38:53,484 [pool-123-thread-1] INFO  server.RaftServerConfigKeys (ConfUtils.java:logGet(43)) - raft.server.log.use.memory = false (default)
2019-09-26 15:38:53,485 [pool-123-thread-1] INFO  server.RaftServerConfigKeys (ConfUtils.java:logGet(43)) - raft.server.log.purge.gap = 1000000 (custom)
2019-09-26 15:38:53,485 [pool-123-thread-1] INFO  server.RaftServerConfigKeys (ConfUtils.java:logGet(43)) - raft.server.log.appender.buffer.byte-limit = 33554432 (custom)
2019-09-26 15:38:53,485 [pool-123-thread-1] INFO  server.RaftServerConfigKeys (ConfUtils.java:logGet(43)) - raft.server.log.segment.size.max = 1048576 (custom)
2019-09-26 15:38:53,485 [pool-123-thread-1] INFO  server.RaftServerConfigKeys (ConfUtils.java:logGet(43)) - raft.server.log.segment.cache.num.max = 2 (custom)
2019-09-26 15:38:53,485 [pool-123-thread-1] INFO  segmented.SegmentedRaftLogWorker (SegmentedRaftLogWorker.java:<init>(172)) - new bcb704dc-2543-42a4-8762-cde039a55a99@group-96E9520FD3B9-SegmentedRaftLogWorker for RaftStorage:Storage Directory /workdir/hadoop-ozone/integration-test/target/test-dir/MiniOzoneClusterImpl-87962e32-e39f-4c57-b747-30c883c1cc54/datanode-0/data/ratis/948002b1-5a96-48ff-985e-96e9520fd3b9
2019-09-26 15:38:53,487 [pool-123-thread-1] INFO  server.RaftServerConfigKeys (ConfUtils.java:logGet(43)) - raft.server.log.queue.byte-limit = 2147483647 (custom)
2019-09-26 15:38:53,487 [pool-123-thread-1] INFO  server.RaftServerConfigKeys (ConfUtils.java:logGet(43)) - raft.server.log.queue.element-limit = 1024 (custom)
2019-09-26 15:38:53,488 [pool-123-thread-1] INFO  server.RaftServerConfigKeys (ConfUtils.java:logGet(43)) - raft.server.log.segment.size.max = 1048576 (custom)
2019-09-26 15:38:53,488 [pool-123-thread-1] INFO  server.RaftServerConfigKeys (ConfUtils.java:logGet(43)) - raft.server.log.preallocated.size = 16384 (custom)
2019-09-26 15:38:53,488 [pool-123-thread-1] INFO  server.RaftServerConfigKeys (ConfUtils.java:logGet(43)) - raft.server.log.write.buffer.size = 33554432 (custom)
2019-09-26 15:38:53,488 [pool-123-thread-1] INFO  server.RaftServerConfigKeys (ConfUtils.java:logGet(43)) - raft.server.log.force.sync.num = 128 (default)
2019-09-26 15:38:53,488 [pool-123-thread-1] INFO  server.RaftServerConfigKeys (ConfUtils.java:logGet(43)) - raft.server.log.statemachine.data.sync = true (default)
2019-09-26 15:38:53,488 [pool-123-thread-1] INFO  server.RaftServerConfigKeys (ConfUtils.java:logGet(43)) - raft.server.log.statemachine.data.sync.timeout = 10s (default)
2019-09-26 15:38:53,489 [pool-123-thread-1] INFO  server.RaftServerConfigKeys (ConfUtils.java:logGet(43)) - raft.server.log.statemachine.data.sync.timeout.retry = -1 (default)
2019-09-26 15:38:53,489 [pool-123-thread-1] INFO  server.RaftServerConfigKeys (ConfUtils.java:logGet(43)) - raft.server.log.statemachine.data.caching.enabled = true (custom)
2019-09-26 15:38:53,489 [pool-123-thread-1] INFO  segmented.SegmentedRaftLogWorker (SegmentedRaftLogWorker.java:lambda$new$0(132)) - bcb704dc-2543-42a4-8762-cde039a55a99@group-96E9520FD3B9-SegmentedRaftLogWorker: flushIndex: setUnconditionally 0 -> -1
2019-09-26 15:38:53,490 [pool-123-thread-1] INFO  server.RaftServerConfigKeys (ConfUtils.java:logGet(43)) - raft.server.snapshot.auto.trigger.enabled = true (custom)
2019-09-26 15:38:53,490 [pool-123-thread-1] INFO  server.RaftServerConfigKeys (ConfUtils.java:logGet(43)) - raft.server.snapshot.auto.trigger.threshold = 10000 (custom)
2019-09-26 15:38:53,490 [pool-123-thread-1] INFO  server.RaftServerConfigKeys (ConfUtils.java:logGet(43)) - raft.server.snapshot.retention.num.files = 5 (custom)
2019-09-26 15:38:53,490 [pool-123-thread-1] INFO  server.RaftServerConfigKeys (ConfUtils.java:logGet(43)) - raft.server.retrycache.expirytime = 600000ms (custom)
2019-09-26 15:38:53,492 [pool-123-thread-1] INFO  impl.RaftServerImpl (RaftServerImpl.java:start(185)) - bcb704dc-2543-42a4-8762-cde039a55a99@group-96E9520FD3B9: start as a follower, conf=-1: [bcb704dc-2543-42a4-8762-cde039a55a99:192.168.151.99:43663], old=null
2019-09-26 15:38:53,492 [pool-123-thread-1] INFO  impl.RaftServerImpl (RaftServerImpl.java:setRole(174)) - bcb704dc-2543-42a4-8762-cde039a55a99@group-96E9520FD3B9: changes role from      null to FOLLOWER at term 0 for startAsFollower
2019-09-26 15:38:53,492 [pool-123-thread-1] INFO  impl.RoleInfo (RoleInfo.java:updateAndGet(143)) - bcb704dc-2543-42a4-8762-cde039a55a99: start FollowerState
2019-09-26 15:38:53,493 [pool-123-thread-1] INFO  util.JmxRegister (JmxRegister.java:tryRegister(44)) - Successfully registered JMX Bean with object name Ratis:service=RaftServer,group=group-96E9520FD3B9,id=bcb704dc-2543-42a4-8762-cde039a55a99
2019-09-26 15:38:53,495 [RatisPipelineUtilsThread] INFO  pipeline.PipelineStateManager (PipelineStateManager.java:addPipeline(56)) - Created pipeline Pipeline[ Id: 948002b1-5a96-48ff-985e-96e9520fd3b9, Nodes: bcb704dc-2543-42a4-8762-cde039a55a99{ip: 192.168.151.99, host: pr-hdds-1569-g6sp5-2013761785, networkLocation: /default-rack, certSerialId: null}, Type:RATIS, Factor:ONE, State:OPEN]
2019-09-26 15:38:53,500 [grpc-default-executor-0] INFO  impl.RaftServerProxy (RaftServerProxy.java:addNew(89)) - bcb704dc-2543-42a4-8762-cde039a55a99: addNew group-41ECB5E8018A:[bcb704dc-2543-42a4-8762-cde039a55a99:192.168.151.99:43663] returns group-41ECB5E8018A:java.util.concurrent.CompletableFuture@2c0a0c90[Not completed]
2019-09-26 15:38:53,501 [pool-123-thread-1] INFO  impl.RaftServerImpl (RaftServerImpl.java:<init>(95)) - bcb704dc-2543-42a4-8762-cde039a55a99: new RaftServerImpl for group-41ECB5E8018A:[bcb704dc-2543-42a4-8762-cde039a55a99:192.168.151.99:43663] with ContainerStateMachine:uninitialized
2019-09-26 15:38:53,501 [pool-123-thread-1] INFO  server.RaftServerConfigKeys (ConfUtils.java:logGet(43)) - raft.server.rpc.timeout.min = 5s (custom)
2019-09-26 15:38:53,501 [pool-123-thread-1] INFO  server.RaftServerConfigKeys (ConfUtils.java:logGet(43)) - raft.server.rpc.timeout.max = 5200ms (custom)
2019-09-26 15:38:53,501 [pool-123-thread-1] INFO  server.RaftServerConfigKeys (ConfUtils.java:logGet(43)) - raft.server.rpcslowness.timeout = 120s (custom)
2019-09-26 15:38:53,502 [pool-123-thread-1] INFO  server.RaftServerConfigKeys (ConfUtils.java:logGet(43)) - raft.server.sleep.deviation.threshold = 300 (default)
2019-09-26 15:38:53,502 [pool-123-thread-1] INFO  server.RaftServerConfigKeys (ConfUtils.java:logGet(43)) - raft.server.log.appender.install.snapshot.enabled = false (custom)
2019-09-26 15:38:53,502 [pool-123-thread-1] INFO  impl.RaftServerImpl (ServerState.java:<init>(103)) - bcb704dc-2543-42a4-8762-cde039a55a99@group-41ECB5E8018A: ConfigurationManager, init=-1: [bcb704dc-2543-42a4-8762-cde039a55a99:192.168.151.99:43663], old=null, confs=<EMPTY_MAP>
2019-09-26 15:38:53,502 [pool-123-thread-1] INFO  server.RaftServerConfigKeys (ConfUtils.java:logGet(43)) - raft.server.storage.dir = [/workdir/hadoop-ozone/integration-test/target/test-dir/MiniOzoneClusterImpl-87962e32-e39f-4c57-b747-30c883c1cc54/datanode-0/data/ratis] (custom)
2019-09-26 15:38:53,502 [pool-123-thread-1] INFO  storage.RaftStorageDirectory (RaftStorageDirectory.java:analyzeStorage(246)) - The storage directory /workdir/hadoop-ozone/integration-test/target/test-dir/MiniOzoneClusterImpl-87962e32-e39f-4c57-b747-30c883c1cc54/datanode-0/data/ratis/4a180cda-d927-4bc5-a169-41ecb5e8018a does not exist. Creating ...
2019-09-26 15:38:53,507 [pool-123-thread-1] INFO  storage.RaftStorageDirectory (RaftStorageDirectory.java:tryLock(328)) - Lock on /workdir/hadoop-ozone/integration-test/target/test-dir/MiniOzoneClusterImpl-87962e32-e39f-4c57-b747-30c883c1cc54/datanode-0/data/ratis/4a180cda-d927-4bc5-a169-41ecb5e8018a/in_use.lock acquired by nodename 10626@pr-hdds-1569-g6sp5-2013761785
2019-09-26 15:38:53,511 [pool-123-thread-1] INFO  storage.RaftStorage (RaftStorage.java:format(72)) - Storage directory /workdir/hadoop-ozone/integration-test/target/test-dir/MiniOzoneClusterImpl-87962e32-e39f-4c57-b747-30c883c1cc54/datanode-0/data/ratis/4a180cda-d927-4bc5-a169-41ecb5e8018a has been successfully formatted.
2019-09-26 15:38:53,511 [pool-123-thread-1] INFO  ratis.ContainerStateMachine (ContainerStateMachine.java:loadSnapshot(230)) - group-41ECB5E8018A: The snapshot info is null. Setting the last applied indexto:(t:0, i:~)
2019-09-26 15:38:53,511 [pool-123-thread-1] INFO  server.RaftServerConfigKeys (ConfUtils.java:logGet(43)) - raft.server.notification.no-leader.timeout = 120s (custom)
2019-09-26 15:38:53,511 [pool-123-thread-1] INFO  server.RaftServerConfigKeys (ConfUtils.java:logGet(43)) - raft.server.log.use.memory = false (default)
2019-09-26 15:38:53,512 [pool-123-thread-1] INFO  server.RaftServerConfigKeys (ConfUtils.java:logGet(43)) - raft.server.log.purge.gap = 1000000 (custom)
2019-09-26 15:38:53,512 [pool-123-thread-1] INFO  server.RaftServerConfigKeys (ConfUtils.java:logGet(43)) - raft.server.log.appender.buffer.byte-limit = 33554432 (custom)
2019-09-26 15:38:53,512 [pool-123-thread-1] INFO  server.RaftServerConfigKeys (ConfUtils.java:logGet(43)) - raft.server.log.segment.size.max = 1048576 (custom)
2019-09-26 15:38:53,512 [pool-123-thread-1] INFO  server.RaftServerConfigKeys (ConfUtils.java:logGet(43)) - raft.server.log.segment.cache.num.max = 2 (custom)
2019-09-26 15:38:53,512 [pool-123-thread-1] INFO  segmented.SegmentedRaftLogWorker (SegmentedRaftLogWorker.java:<init>(172)) - new bcb704dc-2543-42a4-8762-cde039a55a99@group-41ECB5E8018A-SegmentedRaftLogWorker for RaftStorage:Storage Directory /workdir/hadoop-ozone/integration-test/target/test-dir/MiniOzoneClusterImpl-87962e32-e39f-4c57-b747-30c883c1cc54/datanode-0/data/ratis/4a180cda-d927-4bc5-a169-41ecb5e8018a
2019-09-26 15:38:53,512 [pool-123-thread-1] INFO  server.RaftServerConfigKeys (ConfUtils.java:logGet(43)) - raft.server.log.queue.byte-limit = 2147483647 (custom)
2019-09-26 15:38:53,512 [pool-123-thread-1] INFO  server.RaftServerConfigKeys (ConfUtils.java:logGet(43)) - raft.server.log.queue.element-limit = 1024 (custom)
2019-09-26 15:38:53,513 [pool-123-thread-1] INFO  server.RaftServerConfigKeys (ConfUtils.java:logGet(43)) - raft.server.log.segment.size.max = 1048576 (custom)
2019-09-26 15:38:53,513 [pool-123-thread-1] INFO  server.RaftServerConfigKeys (ConfUtils.java:logGet(43)) - raft.server.log.preallocated.size = 16384 (custom)
2019-09-26 15:38:53,513 [pool-123-thread-1] INFO  server.RaftServerConfigKeys (ConfUtils.java:logGet(43)) - raft.server.log.write.buffer.size = 33554432 (custom)
2019-09-26 15:38:53,513 [pool-123-thread-1] INFO  server.RaftServerConfigKeys (ConfUtils.java:logGet(43)) - raft.server.log.force.sync.num = 128 (default)
2019-09-26 15:38:53,513 [pool-123-thread-1] INFO  server.RaftServerConfigKeys (ConfUtils.java:logGet(43)) - raft.server.log.statemachine.data.sync = true (default)
2019-09-26 15:38:53,513 [pool-123-thread-1] INFO  server.RaftServerConfigKeys (ConfUtils.java:logGet(43)) - raft.server.log.statemachine.data.sync.timeout = 10s (default)
2019-09-26 15:38:53,513 [pool-123-thread-1] INFO  server.RaftServerConfigKeys (ConfUtils.java:logGet(43)) - raft.server.log.statemachine.data.sync.timeout.retry = -1 (default)
2019-09-26 15:38:53,514 [pool-123-thread-1] INFO  server.RaftServerConfigKeys (ConfUtils.java:logGet(43)) - raft.server.log.statemachine.data.caching.enabled = true (custom)
2019-09-26 15:38:53,514 [pool-123-thread-1] INFO  segmented.SegmentedRaftLogWorker (SegmentedRaftLogWorker.java:lambda$new$0(132)) - bcb704dc-2543-42a4-8762-cde039a55a99@group-41ECB5E8018A-SegmentedRaftLogWorker: flushIndex: setUnconditionally 0 -> -1
2019-09-26 15:38:53,514 [pool-123-thread-1] INFO  server.RaftServerConfigKeys (ConfUtils.java:logGet(43)) - raft.server.snapshot.auto.trigger.enabled = true (custom)
2019-09-26 15:38:53,514 [pool-123-thread-1] INFO  server.RaftServerConfigKeys (ConfUtils.java:logGet(43)) - raft.server.snapshot.auto.trigger.threshold = 10000 (custom)
2019-09-26 15:38:53,514 [pool-123-thread-1] INFO  server.RaftServerConfigKeys (ConfUtils.java:logGet(43)) - raft.server.snapshot.retention.num.files = 5 (custom)
2019-09-26 15:38:53,515 [pool-123-thread-1] INFO  server.RaftServerConfigKeys (ConfUtils.java:logGet(43)) - raft.server.retrycache.expirytime = 600000ms (custom)
2019-09-26 15:38:53,516 [pool-123-thread-1] INFO  impl.RaftServerImpl (RaftServerImpl.java:start(185)) - bcb704dc-2543-42a4-8762-cde039a55a99@group-41ECB5E8018A: start as a follower, conf=-1: [bcb704dc-2543-42a4-8762-cde039a55a99:192.168.151.99:43663], old=null
2019-09-26 15:38:53,517 [pool-123-thread-1] INFO  impl.RaftServerImpl (RaftServerImpl.java:setRole(174)) - bcb704dc-2543-42a4-8762-cde039a55a99@group-41ECB5E8018A: changes role from      null to FOLLOWER at term 0 for startAsFollower
2019-09-26 15:38:53,517 [pool-123-thread-1] INFO  impl.RoleInfo (RoleInfo.java:updateAndGet(143)) - bcb704dc-2543-42a4-8762-cde039a55a99: start FollowerState
2019-09-26 15:38:53,517 [pool-123-thread-1] INFO  util.JmxRegister (JmxRegister.java:tryRegister(44)) - Successfully registered JMX Bean with object name Ratis:service=RaftServer,group=group-41ECB5E8018A,id=bcb704dc-2543-42a4-8762-cde039a55a99
2019-09-26 15:38:53,520 [RatisPipelineUtilsThread] INFO  pipeline.PipelineStateManager (PipelineStateManager.java:addPipeline(56)) - Created pipeline Pipeline[ Id: 4a180cda-d927-4bc5-a169-41ecb5e8018a, Nodes: bcb704dc-2543-42a4-8762-cde039a55a99{ip: 192.168.151.99, host: pr-hdds-1569-g6sp5-2013761785, networkLocation: /default-rack, certSerialId: null}, Type:RATIS, Factor:ONE, State:OPEN]
2019-09-26 15:38:53,524 [grpc-default-executor-0] INFO  impl.RaftServerProxy (RaftServerProxy.java:addNew(89)) - bcb704dc-2543-42a4-8762-cde039a55a99: addNew group-230A12E46097:[bcb704dc-2543-42a4-8762-cde039a55a99:192.168.151.99:43663] returns group-230A12E46097:java.util.concurrent.CompletableFuture@7df2cc3b[Not completed]
2019-09-26 15:38:53,524 [pool-123-thread-1] INFO  impl.RaftServerImpl (RaftServerImpl.java:<init>(95)) - bcb704dc-2543-42a4-8762-cde039a55a99: new RaftServerImpl for group-230A12E46097:[bcb704dc-2543-42a4-8762-cde039a55a99:192.168.151.99:43663] with ContainerStateMachine:uninitialized
2019-09-26 15:38:53,525 [pool-123-thread-1] INFO  server.RaftServerConfigKeys (ConfUtils.java:logGet(43)) - raft.server.rpc.timeout.min = 5s (custom)
2019-09-26 15:38:53,525 [pool-123-thread-1] INFO  server.RaftServerConfigKeys (ConfUtils.java:logGet(43)) - raft.server.rpc.timeout.max = 5200ms (custom)
2019-09-26 15:38:53,525 [pool-123-thread-1] INFO  server.RaftServerConfigKeys (ConfUtils.java:logGet(43)) - raft.server.rpcslowness.timeout = 120s (custom)
2019-09-26 15:38:53,525 [pool-123-thread-1] INFO  server.RaftServerConfigKeys (ConfUtils.java:logGet(43)) - raft.server.sleep.deviation.threshold = 300 (default)
2019-09-26 15:38:53,525 [pool-123-thread-1] INFO  server.RaftServerConfigKeys (ConfUtils.java:logGet(43)) - raft.server.log.appender.install.snapshot.enabled = false (custom)
2019-09-26 15:38:53,525 [pool-123-thread-1] INFO  impl.RaftServerImpl (ServerState.java:<init>(103)) - bcb704dc-2543-42a4-8762-cde039a55a99@group-230A12E46097: ConfigurationManager, init=-1: [bcb704dc-2543-42a4-8762-cde039a55a99:192.168.151.99:43663], old=null, confs=<EMPTY_MAP>
2019-09-26 15:38:53,526 [pool-123-thread-1] INFO  server.RaftServerConfigKeys (ConfUtils.java:logGet(43)) - raft.server.storage.dir = [/workdir/hadoop-ozone/integration-test/target/test-dir/MiniOzoneClusterImpl-87962e32-e39f-4c57-b747-30c883c1cc54/datanode-0/data/ratis] (custom)
2019-09-26 15:38:53,526 [pool-123-thread-1] INFO  storage.RaftStorageDirectory (RaftStorageDirectory.java:analyzeStorage(246)) - The storage directory /workdir/hadoop-ozone/integration-test/target/test-dir/MiniOzoneClusterImpl-87962e32-e39f-4c57-b747-30c883c1cc54/datanode-0/data/ratis/aa8cd823-5329-4b25-a770-230a12e46097 does not exist. Creating ...
2019-09-26 15:38:53,530 [pool-123-thread-1] INFO  storage.RaftStorageDirectory (RaftStorageDirectory.java:tryLock(328)) - Lock on /workdir/hadoop-ozone/integration-test/target/test-dir/MiniOzoneClusterImpl-87962e32-e39f-4c57-b747-30c883c1cc54/datanode-0/data/ratis/aa8cd823-5329-4b25-a770-230a12e46097/in_use.lock acquired by nodename 10626@pr-hdds-1569-g6sp5-2013761785
2019-09-26 15:38:53,535 [pool-123-thread-1] INFO  storage.RaftStorage (RaftStorage.java:format(72)) - Storage directory /workdir/hadoop-ozone/integration-test/target/test-dir/MiniOzoneClusterImpl-87962e32-e39f-4c57-b747-30c883c1cc54/datanode-0/data/ratis/aa8cd823-5329-4b25-a770-230a12e46097 has been successfully formatted.
2019-09-26 15:38:53,535 [pool-123-thread-1] INFO  ratis.ContainerStateMachine (ContainerStateMachine.java:loadSnapshot(230)) - group-230A12E46097: The snapshot info is null. Setting the last applied indexto:(t:0, i:~)
2019-09-26 15:38:53,535 [pool-123-thread-1] INFO  server.RaftServerConfigKeys (ConfUtils.java:logGet(43)) - raft.server.notification.no-leader.timeout = 120s (custom)
2019-09-26 15:38:53,535 [pool-123-thread-1] INFO  server.RaftServerConfigKeys (ConfUtils.java:logGet(43)) - raft.server.log.use.memory = false (default)
2019-09-26 15:38:53,535 [pool-123-thread-1] INFO  server.RaftServerConfigKeys (ConfUtils.java:logGet(43)) - raft.server.log.purge.gap = 1000000 (custom)
2019-09-26 15:38:53,535 [pool-123-thread-1] INFO  server.RaftServerConfigKeys (ConfUtils.java:logGet(43)) - raft.server.log.appender.buffer.byte-limit = 33554432 (custom)
2019-09-26 15:38:53,536 [pool-123-thread-1] INFO  server.RaftServerConfigKeys (ConfUtils.java:logGet(43)) - raft.server.log.segment.size.max = 1048576 (custom)
2019-09-26 15:38:53,536 [pool-123-thread-1] INFO  server.RaftServerConfigKeys (ConfUtils.java:logGet(43)) - raft.server.log.segment.cache.num.max = 2 (custom)
2019-09-26 15:38:53,536 [pool-123-thread-1] INFO  segmented.SegmentedRaftLogWorker (SegmentedRaftLogWorker.java:<init>(172)) - new bcb704dc-2543-42a4-8762-cde039a55a99@group-230A12E46097-SegmentedRaftLogWorker for RaftStorage:Storage Directory /workdir/hadoop-ozone/integration-test/target/test-dir/MiniOzoneClusterImpl-87962e32-e39f-4c57-b747-30c883c1cc54/datanode-0/data/ratis/aa8cd823-5329-4b25-a770-230a12e46097
2019-09-26 15:38:53,536 [pool-123-thread-1] INFO  server.RaftServerConfigKeys (ConfUtils.java:logGet(43)) - raft.server.log.queue.byte-limit = 2147483647 (custom)
2019-09-26 15:38:53,536 [pool-123-thread-1] INFO  server.RaftServerConfigKeys (ConfUtils.java:logGet(43)) - raft.server.log.queue.element-limit = 1024 (custom)
2019-09-26 15:38:53,536 [pool-123-thread-1] INFO  server.RaftServerConfigKeys (ConfUtils.java:logGet(43)) - raft.server.log.segment.size.max = 1048576 (custom)
2019-09-26 15:38:53,536 [pool-123-thread-1] INFO  server.RaftServerConfigKeys (ConfUtils.java:logGet(43)) - raft.server.log.preallocated.size = 16384 (custom)
2019-09-26 15:38:53,537 [pool-123-thread-1] INFO  server.RaftServerConfigKeys (ConfUtils.java:logGet(43)) - raft.server.log.write.buffer.size = 33554432 (custom)
2019-09-26 15:38:53,537 [pool-123-thread-1] INFO  server.RaftServerConfigKeys (ConfUtils.java:logGet(43)) - raft.server.log.force.sync.num = 128 (default)
2019-09-26 15:38:53,537 [pool-123-thread-1] INFO  server.RaftServerConfigKeys (ConfUtils.java:logGet(43)) - raft.server.log.statemachine.data.sync = true (default)
2019-09-26 15:38:53,537 [pool-123-thread-1] INFO  server.RaftServerConfigKeys (ConfUtils.java:logGet(43)) - raft.server.log.statemachine.data.sync.timeout = 10s (default)
2019-09-26 15:38:53,537 [pool-123-thread-1] INFO  server.RaftServerConfigKeys (ConfUtils.java:logGet(43)) - raft.server.log.statemachine.data.sync.timeout.retry = -1 (default)
2019-09-26 15:38:53,537 [pool-123-thread-1] INFO  server.RaftServerConfigKeys (ConfUtils.java:logGet(43)) - raft.server.log.statemachine.data.caching.enabled = true (custom)
2019-09-26 15:38:53,538 [pool-123-thread-1] INFO  segmented.SegmentedRaftLogWorker (SegmentedRaftLogWorker.java:lambda$new$0(132)) - bcb704dc-2543-42a4-8762-cde039a55a99@group-230A12E46097-SegmentedRaftLogWorker: flushIndex: setUnconditionally 0 -> -1
2019-09-26 15:38:53,538 [pool-123-thread-1] INFO  server.RaftServerConfigKeys (ConfUtils.java:logGet(43)) - raft.server.snapshot.auto.trigger.enabled = true (custom)
2019-09-26 15:38:53,538 [pool-123-thread-1] INFO  server.RaftServerConfigKeys (ConfUtils.java:logGet(43)) - raft.server.snapshot.auto.trigger.threshold = 10000 (custom)
2019-09-26 15:38:53,538 [pool-123-thread-1] INFO  server.RaftServerConfigKeys (ConfUtils.java:logGet(43)) - raft.server.snapshot.retention.num.files = 5 (custom)
2019-09-26 15:38:53,538 [pool-123-thread-1] INFO  server.RaftServerConfigKeys (ConfUtils.java:logGet(43)) - raft.server.retrycache.expirytime = 600000ms (custom)
2019-09-26 15:38:53,540 [pool-123-thread-1] INFO  impl.RaftServerImpl (RaftServerImpl.java:start(185)) - bcb704dc-2543-42a4-8762-cde039a55a99@group-230A12E46097: start as a follower, conf=-1: [bcb704dc-2543-42a4-8762-cde039a55a99:192.168.151.99:43663], old=null
2019-09-26 15:38:53,540 [pool-123-thread-1] INFO  impl.RaftServerImpl (RaftServerImpl.java:setRole(174)) - bcb704dc-2543-42a4-8762-cde039a55a99@group-230A12E46097: changes role from      null to FOLLOWER at term 0 for startAsFollower
2019-09-26 15:38:53,540 [pool-123-thread-1] INFO  impl.RoleInfo (RoleInfo.java:updateAndGet(143)) - bcb704dc-2543-42a4-8762-cde039a55a99: start FollowerState
2019-09-26 15:38:53,541 [pool-123-thread-1] INFO  util.JmxRegister (JmxRegister.java:tryRegister(44)) - Successfully registered JMX Bean with object name Ratis:service=RaftServer,group=group-230A12E46097,id=bcb704dc-2543-42a4-8762-cde039a55a99
2019-09-26 15:38:53,543 [RatisPipelineUtilsThread] INFO  pipeline.PipelineStateManager (PipelineStateManager.java:addPipeline(56)) - Created pipeline Pipeline[ Id: aa8cd823-5329-4b25-a770-230a12e46097, Nodes: bcb704dc-2543-42a4-8762-cde039a55a99{ip: 192.168.151.99, host: pr-hdds-1569-g6sp5-2013761785, networkLocation: /default-rack, certSerialId: null}, Type:RATIS, Factor:ONE, State:OPEN]
2019-09-26 15:38:53,547 [grpc-default-executor-0] INFO  impl.RaftServerProxy (RaftServerProxy.java:addNew(89)) - bcb704dc-2543-42a4-8762-cde039a55a99: addNew group-674816C43D23:[bcb704dc-2543-42a4-8762-cde039a55a99:192.168.151.99:43663] returns group-674816C43D23:java.util.concurrent.CompletableFuture@1bca6cb2[Not completed]
2019-09-26 15:38:53,548 [pool-123-thread-1] INFO  impl.RaftServerImpl (RaftServerImpl.java:<init>(95)) - bcb704dc-2543-42a4-8762-cde039a55a99: new RaftServerImpl for group-674816C43D23:[bcb704dc-2543-42a4-8762-cde039a55a99:192.168.151.99:43663] with ContainerStateMachine:uninitialized
2019-09-26 15:38:53,548 [pool-123-thread-1] INFO  server.RaftServerConfigKeys (ConfUtils.java:logGet(43)) - raft.server.rpc.timeout.min = 5s (custom)
2019-09-26 15:38:53,548 [pool-123-thread-1] INFO  server.RaftServerConfigKeys (ConfUtils.java:logGet(43)) - raft.server.rpc.timeout.max = 5200ms (custom)
2019-09-26 15:38:53,548 [pool-123-thread-1] INFO  server.RaftServerConfigKeys (ConfUtils.java:logGet(43)) - raft.server.rpcslowness.timeout = 120s (custom)
2019-09-26 15:38:53,548 [pool-123-thread-1] INFO  server.RaftServerConfigKeys (ConfUtils.java:logGet(43)) - raft.server.sleep.deviation.threshold = 300 (default)
2019-09-26 15:38:53,548 [pool-123-thread-1] INFO  server.RaftServerConfigKeys (ConfUtils.java:logGet(43)) - raft.server.log.appender.install.snapshot.enabled = false (custom)
2019-09-26 15:38:53,548 [pool-123-thread-1] INFO  impl.RaftServerImpl (ServerState.java:<init>(103)) - bcb704dc-2543-42a4-8762-cde039a55a99@group-674816C43D23: ConfigurationManager, init=-1: [bcb704dc-2543-42a4-8762-cde039a55a99:192.168.151.99:43663], old=null, confs=<EMPTY_MAP>
2019-09-26 15:38:53,549 [pool-123-thread-1] INFO  server.RaftServerConfigKeys (ConfUtils.java:logGet(43)) - raft.server.storage.dir = [/workdir/hadoop-ozone/integration-test/target/test-dir/MiniOzoneClusterImpl-87962e32-e39f-4c57-b747-30c883c1cc54/datanode-0/data/ratis] (custom)
2019-09-26 15:38:53,549 [pool-123-thread-1] INFO  storage.RaftStorageDirectory (RaftStorageDirectory.java:analyzeStorage(246)) - The storage directory /workdir/hadoop-ozone/integration-test/target/test-dir/MiniOzoneClusterImpl-87962e32-e39f-4c57-b747-30c883c1cc54/datanode-0/data/ratis/edd69f82-8aa2-443f-9bf5-674816c43d23 does not exist. Creating ...
2019-09-26 15:38:53,552 [pool-123-thread-1] INFO  storage.RaftStorageDirectory (RaftStorageDirectory.java:tryLock(328)) - Lock on /workdir/hadoop-ozone/integration-test/target/test-dir/MiniOzoneClusterImpl-87962e32-e39f-4c57-b747-30c883c1cc54/datanode-0/data/ratis/edd69f82-8aa2-443f-9bf5-674816c43d23/in_use.lock acquired by nodename 10626@pr-hdds-1569-g6sp5-2013761785
2019-09-26 15:38:53,556 [pool-123-thread-1] INFO  storage.RaftStorage (RaftStorage.java:format(72)) - Storage directory /workdir/hadoop-ozone/integration-test/target/test-dir/MiniOzoneClusterImpl-87962e32-e39f-4c57-b747-30c883c1cc54/datanode-0/data/ratis/edd69f82-8aa2-443f-9bf5-674816c43d23 has been successfully formatted.
2019-09-26 15:38:53,556 [pool-123-thread-1] INFO  ratis.ContainerStateMachine (ContainerStateMachine.java:loadSnapshot(230)) - group-674816C43D23: The snapshot info is null. Setting the last applied indexto:(t:0, i:~)
2019-09-26 15:38:53,556 [pool-123-thread-1] INFO  server.RaftServerConfigKeys (ConfUtils.java:logGet(43)) - raft.server.notification.no-leader.timeout = 120s (custom)
2019-09-26 15:38:53,556 [pool-123-thread-1] INFO  server.RaftServerConfigKeys (ConfUtils.java:logGet(43)) - raft.server.log.use.memory = false (default)
2019-09-26 15:38:53,556 [pool-123-thread-1] INFO  server.RaftServerConfigKeys (ConfUtils.java:logGet(43)) - raft.server.log.purge.gap = 1000000 (custom)
2019-09-26 15:38:53,557 [pool-123-thread-1] INFO  server.RaftServerConfigKeys (ConfUtils.java:logGet(43)) - raft.server.log.appender.buffer.byte-limit = 33554432 (custom)
2019-09-26 15:38:53,557 [pool-123-thread-1] INFO  server.RaftServerConfigKeys (ConfUtils.java:logGet(43)) - raft.server.log.segment.size.max = 1048576 (custom)
2019-09-26 15:38:53,557 [pool-123-thread-1] INFO  server.RaftServerConfigKeys (ConfUtils.java:logGet(43)) - raft.server.log.segment.cache.num.max = 2 (custom)
2019-09-26 15:38:53,557 [pool-123-thread-1] INFO  segmented.SegmentedRaftLogWorker (SegmentedRaftLogWorker.java:<init>(172)) - new bcb704dc-2543-42a4-8762-cde039a55a99@group-674816C43D23-SegmentedRaftLogWorker for RaftStorage:Storage Directory /workdir/hadoop-ozone/integration-test/target/test-dir/MiniOzoneClusterImpl-87962e32-e39f-4c57-b747-30c883c1cc54/datanode-0/data/ratis/edd69f82-8aa2-443f-9bf5-674816c43d23
2019-09-26 15:38:53,557 [pool-123-thread-1] INFO  server.RaftServerConfigKeys (ConfUtils.java:logGet(43)) - raft.server.log.queue.byte-limit = 2147483647 (custom)
2019-09-26 15:38:53,557 [pool-123-thread-1] INFO  server.RaftServerConfigKeys (ConfUtils.java:logGet(43)) - raft.server.log.queue.element-limit = 1024 (custom)
2019-09-26 15:38:53,557 [pool-123-thread-1] INFO  server.RaftServerConfigKeys (ConfUtils.java:logGet(43)) - raft.server.log.segment.size.max = 1048576 (custom)
2019-09-26 15:38:53,557 [pool-123-thread-1] INFO  server.RaftServerConfigKeys (ConfUtils.java:logGet(43)) - raft.server.log.preallocated.size = 16384 (custom)
2019-09-26 15:38:53,558 [pool-123-thread-1] INFO  server.RaftServerConfigKeys (ConfUtils.java:logGet(43)) - raft.server.log.write.buffer.size = 33554432 (custom)
2019-09-26 15:38:53,558 [pool-123-thread-1] INFO  server.RaftServerConfigKeys (ConfUtils.java:logGet(43)) - raft.server.log.force.sync.num = 128 (default)
2019-09-26 15:38:53,558 [pool-123-thread-1] INFO  server.RaftServerConfigKeys (ConfUtils.java:logGet(43)) - raft.server.log.statemachine.data.sync = true (default)
2019-09-26 15:38:53,558 [pool-123-thread-1] INFO  server.RaftServerConfigKeys (ConfUtils.java:logGet(43)) - raft.server.log.statemachine.data.sync.timeout = 10s (default)
2019-09-26 15:38:53,558 [pool-123-thread-1] INFO  server.RaftServerConfigKeys (ConfUtils.java:logGet(43)) - raft.server.log.statemachine.data.sync.timeout.retry = -1 (default)
2019-09-26 15:38:53,558 [pool-123-thread-1] INFO  server.RaftServerConfigKeys (ConfUtils.java:logGet(43)) - raft.server.log.statemachine.data.caching.enabled = true (custom)
2019-09-26 15:38:53,558 [pool-123-thread-1] INFO  segmented.SegmentedRaftLogWorker (SegmentedRaftLogWorker.java:lambda$new$0(132)) - bcb704dc-2543-42a4-8762-cde039a55a99@group-674816C43D23-SegmentedRaftLogWorker: flushIndex: setUnconditionally 0 -> -1
2019-09-26 15:38:53,559 [pool-123-thread-1] INFO  server.RaftServerConfigKeys (ConfUtils.java:logGet(43)) - raft.server.snapshot.auto.trigger.enabled = true (custom)
2019-09-26 15:38:53,559 [pool-123-thread-1] INFO  server.RaftServerConfigKeys (ConfUtils.java:logGet(43)) - raft.server.snapshot.auto.trigger.threshold = 10000 (custom)
2019-09-26 15:38:53,559 [pool-123-thread-1] INFO  server.RaftServerConfigKeys (ConfUtils.java:logGet(43)) - raft.server.snapshot.retention.num.files = 5 (custom)
2019-09-26 15:38:53,559 [pool-123-thread-1] INFO  server.RaftServerConfigKeys (ConfUtils.java:logGet(43)) - raft.server.retrycache.expirytime = 600000ms (custom)
2019-09-26 15:38:53,561 [pool-123-thread-1] INFO  impl.RaftServerImpl (RaftServerImpl.java:start(185)) - bcb704dc-2543-42a4-8762-cde039a55a99@group-674816C43D23: start as a follower, conf=-1: [bcb704dc-2543-42a4-8762-cde039a55a99:192.168.151.99:43663], old=null
2019-09-26 15:38:53,561 [pool-123-thread-1] INFO  impl.RaftServerImpl (RaftServerImpl.java:setRole(174)) - bcb704dc-2543-42a4-8762-cde039a55a99@group-674816C43D23: changes role from      null to FOLLOWER at term 0 for startAsFollower
2019-09-26 15:38:53,561 [pool-123-thread-1] INFO  impl.RoleInfo (RoleInfo.java:updateAndGet(143)) - bcb704dc-2543-42a4-8762-cde039a55a99: start FollowerState
2019-09-26 15:38:53,561 [pool-123-thread-1] INFO  util.JmxRegister (JmxRegister.java:tryRegister(44)) - Successfully registered JMX Bean with object name Ratis:service=RaftServer,group=group-674816C43D23,id=bcb704dc-2543-42a4-8762-cde039a55a99
2019-09-26 15:38:53,564 [RatisPipelineUtilsThread] INFO  pipeline.PipelineStateManager (PipelineStateManager.java:addPipeline(56)) - Created pipeline Pipeline[ Id: edd69f82-8aa2-443f-9bf5-674816c43d23, Nodes: bcb704dc-2543-42a4-8762-cde039a55a99{ip: 192.168.151.99, host: pr-hdds-1569-g6sp5-2013761785, networkLocation: /default-rack, certSerialId: null}, Type:RATIS, Factor:ONE, State:OPEN]
2019-09-26 15:38:53,568 [grpc-default-executor-0] INFO  impl.RaftServerProxy (RaftServerProxy.java:addNew(89)) - bcb704dc-2543-42a4-8762-cde039a55a99: addNew group-ED699C8835A2:[bcb704dc-2543-42a4-8762-cde039a55a99:192.168.151.99:43663] returns group-ED699C8835A2:java.util.concurrent.CompletableFuture@79bcd560[Not completed]
2019-09-26 15:38:53,569 [pool-123-thread-1] INFO  impl.RaftServerImpl (RaftServerImpl.java:<init>(95)) - bcb704dc-2543-42a4-8762-cde039a55a99: new RaftServerImpl for group-ED699C8835A2:[bcb704dc-2543-42a4-8762-cde039a55a99:192.168.151.99:43663] with ContainerStateMachine:uninitialized
2019-09-26 15:38:53,569 [pool-123-thread-1] INFO  server.RaftServerConfigKeys (ConfUtils.java:logGet(43)) - raft.server.rpc.timeout.min = 5s (custom)
2019-09-26 15:38:53,569 [pool-123-thread-1] INFO  server.RaftServerConfigKeys (ConfUtils.java:logGet(43)) - raft.server.rpc.timeout.max = 5200ms (custom)
2019-09-26 15:38:53,569 [pool-123-thread-1] INFO  server.RaftServerConfigKeys (ConfUtils.java:logGet(43)) - raft.server.rpcslowness.timeout = 120s (custom)
2019-09-26 15:38:53,569 [pool-123-thread-1] INFO  server.RaftServerConfigKeys (ConfUtils.java:logGet(43)) - raft.server.sleep.deviation.threshold = 300 (default)
2019-09-26 15:38:53,569 [pool-123-thread-1] INFO  server.RaftServerConfigKeys (ConfUtils.java:logGet(43)) - raft.server.log.appender.install.snapshot.enabled = false (custom)
2019-09-26 15:38:53,570 [pool-123-thread-1] INFO  impl.RaftServerImpl (ServerState.java:<init>(103)) - bcb704dc-2543-42a4-8762-cde039a55a99@group-ED699C8835A2: ConfigurationManager, init=-1: [bcb704dc-2543-42a4-8762-cde039a55a99:192.168.151.99:43663], old=null, confs=<EMPTY_MAP>
2019-09-26 15:38:53,570 [pool-123-thread-1] INFO  server.RaftServerConfigKeys (ConfUtils.java:logGet(43)) - raft.server.storage.dir = [/workdir/hadoop-ozone/integration-test/target/test-dir/MiniOzoneClusterImpl-87962e32-e39f-4c57-b747-30c883c1cc54/datanode-0/data/ratis] (custom)
2019-09-26 15:38:53,570 [pool-123-thread-1] INFO  storage.RaftStorageDirectory (RaftStorageDirectory.java:analyzeStorage(246)) - The storage directory /workdir/hadoop-ozone/integration-test/target/test-dir/MiniOzoneClusterImpl-87962e32-e39f-4c57-b747-30c883c1cc54/datanode-0/data/ratis/139d8b8c-a501-4e93-861f-ed699c8835a2 does not exist. Creating ...
2019-09-26 15:38:53,574 [pool-123-thread-1] INFO  storage.RaftStorageDirectory (RaftStorageDirectory.java:tryLock(328)) - Lock on /workdir/hadoop-ozone/integration-test/target/test-dir/MiniOzoneClusterImpl-87962e32-e39f-4c57-b747-30c883c1cc54/datanode-0/data/ratis/139d8b8c-a501-4e93-861f-ed699c8835a2/in_use.lock acquired by nodename 10626@pr-hdds-1569-g6sp5-2013761785
2019-09-26 15:38:53,578 [pool-123-thread-1] INFO  storage.RaftStorage (RaftStorage.java:format(72)) - Storage directory /workdir/hadoop-ozone/integration-test/target/test-dir/MiniOzoneClusterImpl-87962e32-e39f-4c57-b747-30c883c1cc54/datanode-0/data/ratis/139d8b8c-a501-4e93-861f-ed699c8835a2 has been successfully formatted.
2019-09-26 15:38:53,578 [pool-123-thread-1] INFO  ratis.ContainerStateMachine (ContainerStateMachine.java:loadSnapshot(230)) - group-ED699C8835A2: The snapshot info is null. Setting the last applied indexto:(t:0, i:~)
2019-09-26 15:38:53,578 [pool-123-thread-1] INFO  server.RaftServerConfigKeys (ConfUtils.java:logGet(43)) - raft.server.notification.no-leader.timeout = 120s (custom)
2019-09-26 15:38:53,578 [pool-123-thread-1] INFO  server.RaftServerConfigKeys (ConfUtils.java:logGet(43)) - raft.server.log.use.memory = false (default)
2019-09-26 15:38:53,578 [pool-123-thread-1] INFO  server.RaftServerConfigKeys (ConfUtils.java:logGet(43)) - raft.server.log.purge.gap = 1000000 (custom)
2019-09-26 15:38:53,579 [pool-123-thread-1] INFO  server.RaftServerConfigKeys (ConfUtils.java:logGet(43)) - raft.server.log.appender.buffer.byte-limit = 33554432 (custom)
2019-09-26 15:38:53,579 [pool-123-thread-1] INFO  server.RaftServerConfigKeys (ConfUtils.java:logGet(43)) - raft.server.log.segment.size.max = 1048576 (custom)
2019-09-26 15:38:53,579 [pool-123-thread-1] INFO  server.RaftServerConfigKeys (ConfUtils.java:logGet(43)) - raft.server.log.segment.cache.num.max = 2 (custom)
2019-09-26 15:38:53,579 [pool-123-thread-1] INFO  segmented.SegmentedRaftLogWorker (SegmentedRaftLogWorker.java:<init>(172)) - new bcb704dc-2543-42a4-8762-cde039a55a99@group-ED699C8835A2-SegmentedRaftLogWorker for RaftStorage:Storage Directory /workdir/hadoop-ozone/integration-test/target/test-dir/MiniOzoneClusterImpl-87962e32-e39f-4c57-b747-30c883c1cc54/datanode-0/data/ratis/139d8b8c-a501-4e93-861f-ed699c8835a2
2019-09-26 15:38:53,579 [pool-123-thread-1] INFO  server.RaftServerConfigKeys (ConfUtils.java:logGet(43)) - raft.server.log.queue.byte-limit = 2147483647 (custom)
2019-09-26 15:38:53,579 [pool-123-thread-1] INFO  server.RaftServerConfigKeys (ConfUtils.java:logGet(43)) - raft.server.log.queue.element-limit = 1024 (custom)
2019-09-26 15:38:53,579 [pool-123-thread-1] INFO  server.RaftServerConfigKeys (ConfUtils.java:logGet(43)) - raft.server.log.segment.size.max = 1048576 (custom)
2019-09-26 15:38:53,580 [pool-123-thread-1] INFO  server.RaftServerConfigKeys (ConfUtils.java:logGet(43)) - raft.server.log.preallocated.size = 16384 (custom)
2019-09-26 15:38:53,580 [pool-123-thread-1] INFO  server.RaftServerConfigKeys (ConfUtils.java:logGet(43)) - raft.server.log.write.buffer.size = 33554432 (custom)
2019-09-26 15:38:53,580 [pool-123-thread-1] INFO  server.RaftServerConfigKeys (ConfUtils.java:logGet(43)) - raft.server.log.force.sync.num = 128 (default)
2019-09-26 15:38:53,580 [pool-123-thread-1] INFO  server.RaftServerConfigKeys (ConfUtils.java:logGet(43)) - raft.server.log.statemachine.data.sync = true (default)
2019-09-26 15:38:53,580 [pool-123-thread-1] INFO  server.RaftServerConfigKeys (ConfUtils.java:logGet(43)) - raft.server.log.statemachine.data.sync.timeout = 10s (default)
2019-09-26 15:38:53,580 [pool-123-thread-1] INFO  server.RaftServerConfigKeys (ConfUtils.java:logGet(43)) - raft.server.log.statemachine.data.sync.timeout.retry = -1 (default)
2019-09-26 15:38:53,580 [pool-123-thread-1] INFO  server.RaftServerConfigKeys (ConfUtils.java:logGet(43)) - raft.server.log.statemachine.data.caching.enabled = true (custom)
2019-09-26 15:38:53,581 [pool-123-thread-1] INFO  segmented.SegmentedRaftLogWorker (SegmentedRaftLogWorker.java:lambda$new$0(132)) - bcb704dc-2543-42a4-8762-cde039a55a99@group-ED699C8835A2-SegmentedRaftLogWorker: flushIndex: setUnconditionally 0 -> -1
2019-09-26 15:38:53,581 [pool-123-thread-1] INFO  server.RaftServerConfigKeys (ConfUtils.java:logGet(43)) - raft.server.snapshot.auto.trigger.enabled = true (custom)
2019-09-26 15:38:53,581 [pool-123-thread-1] INFO  server.RaftServerConfigKeys (ConfUtils.java:logGet(43)) - raft.server.snapshot.auto.trigger.threshold = 10000 (custom)
2019-09-26 15:38:53,581 [pool-123-thread-1] INFO  server.RaftServerConfigKeys (ConfUtils.java:logGet(43)) - raft.server.snapshot.retention.num.files = 5 (custom)
2019-09-26 15:38:53,581 [pool-123-thread-1] INFO  server.RaftServerConfigKeys (ConfUtils.java:logGet(43)) - raft.server.retrycache.expirytime = 600000ms (custom)
2019-09-26 15:38:53,583 [pool-123-thread-1] INFO  impl.RaftServerImpl (RaftServerImpl.java:start(185)) - bcb704dc-2543-42a4-8762-cde039a55a99@group-ED699C8835A2: start as a follower, conf=-1: [bcb704dc-2543-42a4-8762-cde039a55a99:192.168.151.99:43663], old=null
2019-09-26 15:38:53,583 [pool-123-thread-1] INFO  impl.RaftServerImpl (RaftServerImpl.java:setRole(174)) - bcb704dc-2543-42a4-8762-cde039a55a99@group-ED699C8835A2: changes role from      null to FOLLOWER at term 0 for startAsFollower
2019-09-26 15:38:53,583 [pool-123-thread-1] INFO  impl.RoleInfo (RoleInfo.java:updateAndGet(143)) - bcb704dc-2543-42a4-8762-cde039a55a99: start FollowerState
2019-09-26 15:38:53,583 [pool-123-thread-1] INFO  util.JmxRegister (JmxRegister.java:tryRegister(44)) - Successfully registered JMX Bean with object name Ratis:service=RaftServer,group=group-ED699C8835A2,id=bcb704dc-2543-42a4-8762-cde039a55a99
2019-09-26 15:38:53,585 [RatisPipelineUtilsThread] INFO  pipeline.PipelineStateManager (PipelineStateManager.java:addPipeline(56)) - Created pipeline Pipeline[ Id: 139d8b8c-a501-4e93-861f-ed699c8835a2, Nodes: bcb704dc-2543-42a4-8762-cde039a55a99{ip: 192.168.151.99, host: pr-hdds-1569-g6sp5-2013761785, networkLocation: /default-rack, certSerialId: null}, Type:RATIS, Factor:ONE, State:OPEN]
2019-09-26 15:38:53,589 [grpc-default-executor-0] INFO  impl.RaftServerProxy (RaftServerProxy.java:addNew(89)) - bcb704dc-2543-42a4-8762-cde039a55a99: addNew group-76FE2729962D:[bcb704dc-2543-42a4-8762-cde039a55a99:192.168.151.99:43663] returns group-76FE2729962D:java.util.concurrent.CompletableFuture@1232723c[Not completed]
2019-09-26 15:38:53,590 [pool-123-thread-1] INFO  impl.RaftServerImpl (RaftServerImpl.java:<init>(95)) - bcb704dc-2543-42a4-8762-cde039a55a99: new RaftServerImpl for group-76FE2729962D:[bcb704dc-2543-42a4-8762-cde039a55a99:192.168.151.99:43663] with ContainerStateMachine:uninitialized
2019-09-26 15:38:53,590 [pool-123-thread-1] INFO  server.RaftServerConfigKeys (ConfUtils.java:logGet(43)) - raft.server.rpc.timeout.min = 5s (custom)
2019-09-26 15:38:53,590 [pool-123-thread-1] INFO  server.RaftServerConfigKeys (ConfUtils.java:logGet(43)) - raft.server.rpc.timeout.max = 5200ms (custom)
2019-09-26 15:38:53,590 [pool-123-thread-1] INFO  server.RaftServerConfigKeys (ConfUtils.java:logGet(43)) - raft.server.rpcslowness.timeout = 120s (custom)
2019-09-26 15:38:53,590 [pool-123-thread-1] INFO  server.RaftServerConfigKeys (ConfUtils.java:logGet(43)) - raft.server.sleep.deviation.threshold = 300 (default)
2019-09-26 15:38:53,591 [pool-123-thread-1] INFO  server.RaftServerConfigKeys (ConfUtils.java:logGet(43)) - raft.server.log.appender.install.snapshot.enabled = false (custom)
2019-09-26 15:38:53,591 [pool-123-thread-1] INFO  impl.RaftServerImpl (ServerState.java:<init>(103)) - bcb704dc-2543-42a4-8762-cde039a55a99@group-76FE2729962D: ConfigurationManager, init=-1: [bcb704dc-2543-42a4-8762-cde039a55a99:192.168.151.99:43663], old=null, confs=<EMPTY_MAP>
2019-09-26 15:38:53,591 [pool-123-thread-1] INFO  server.RaftServerConfigKeys (ConfUtils.java:logGet(43)) - raft.server.storage.dir = [/workdir/hadoop-ozone/integration-test/target/test-dir/MiniOzoneClusterImpl-87962e32-e39f-4c57-b747-30c883c1cc54/datanode-0/data/ratis] (custom)
2019-09-26 15:38:53,591 [pool-123-thread-1] INFO  storage.RaftStorageDirectory (RaftStorageDirectory.java:analyzeStorage(246)) - The storage directory /workdir/hadoop-ozone/integration-test/target/test-dir/MiniOzoneClusterImpl-87962e32-e39f-4c57-b747-30c883c1cc54/datanode-0/data/ratis/055c2915-cfda-4e35-870e-76fe2729962d does not exist. Creating ...
2019-09-26 15:38:53,595 [pool-123-thread-1] INFO  storage.RaftStorageDirectory (RaftStorageDirectory.java:tryLock(328)) - Lock on /workdir/hadoop-ozone/integration-test/target/test-dir/MiniOzoneClusterImpl-87962e32-e39f-4c57-b747-30c883c1cc54/datanode-0/data/ratis/055c2915-cfda-4e35-870e-76fe2729962d/in_use.lock acquired by nodename 10626@pr-hdds-1569-g6sp5-2013761785
2019-09-26 15:38:53,598 [pool-123-thread-1] INFO  storage.RaftStorage (RaftStorage.java:format(72)) - Storage directory /workdir/hadoop-ozone/integration-test/target/test-dir/MiniOzoneClusterImpl-87962e32-e39f-4c57-b747-30c883c1cc54/datanode-0/data/ratis/055c2915-cfda-4e35-870e-76fe2729962d has been successfully formatted.
2019-09-26 15:38:53,599 [pool-123-thread-1] INFO  ratis.ContainerStateMachine (ContainerStateMachine.java:loadSnapshot(230)) - group-76FE2729962D: The snapshot info is null. Setting the last applied indexto:(t:0, i:~)
2019-09-26 15:38:53,599 [pool-123-thread-1] INFO  server.RaftServerConfigKeys (ConfUtils.java:logGet(43)) - raft.server.notification.no-leader.timeout = 120s (custom)
2019-09-26 15:38:53,599 [pool-123-thread-1] INFO  server.RaftServerConfigKeys (ConfUtils.java:logGet(43)) - raft.server.log.use.memory = false (default)
2019-09-26 15:38:53,599 [pool-123-thread-1] INFO  server.RaftServerConfigKeys (ConfUtils.java:logGet(43)) - raft.server.log.purge.gap = 1000000 (custom)
2019-09-26 15:38:53,599 [pool-123-thread-1] INFO  server.RaftServerConfigKeys (ConfUtils.java:logGet(43)) - raft.server.log.appender.buffer.byte-limit = 33554432 (custom)
2019-09-26 15:38:53,599 [pool-123-thread-1] INFO  server.RaftServerConfigKeys (ConfUtils.java:logGet(43)) - raft.server.log.segment.size.max = 1048576 (custom)
2019-09-26 15:38:53,599 [pool-123-thread-1] INFO  server.RaftServerConfigKeys (ConfUtils.java:logGet(43)) - raft.server.log.segment.cache.num.max = 2 (custom)
2019-09-26 15:38:53,600 [pool-123-thread-1] INFO  segmented.SegmentedRaftLogWorker (SegmentedRaftLogWorker.java:<init>(172)) - new bcb704dc-2543-42a4-8762-cde039a55a99@group-76FE2729962D-SegmentedRaftLogWorker for RaftStorage:Storage Directory /workdir/hadoop-ozone/integration-test/target/test-dir/MiniOzoneClusterImpl-87962e32-e39f-4c57-b747-30c883c1cc54/datanode-0/data/ratis/055c2915-cfda-4e35-870e-76fe2729962d
2019-09-26 15:38:53,600 [pool-123-thread-1] INFO  server.RaftServerConfigKeys (ConfUtils.java:logGet(43)) - raft.server.log.queue.byte-limit = 2147483647 (custom)
2019-09-26 15:38:53,600 [pool-123-thread-1] INFO  server.RaftServerConfigKeys (ConfUtils.java:logGet(43)) - raft.server.log.queue.element-limit = 1024 (custom)
2019-09-26 15:38:53,600 [pool-123-thread-1] INFO  server.RaftServerConfigKeys (ConfUtils.java:logGet(43)) - raft.server.log.segment.size.max = 1048576 (custom)
2019-09-26 15:38:53,600 [pool-123-thread-1] INFO  server.RaftServerConfigKeys (ConfUtils.java:logGet(43)) - raft.server.log.preallocated.size = 16384 (custom)
2019-09-26 15:38:53,600 [pool-123-thread-1] INFO  server.RaftServerConfigKeys (ConfUtils.java:logGet(43)) - raft.server.log.write.buffer.size = 33554432 (custom)
2019-09-26 15:38:53,600 [pool-123-thread-1] INFO  server.RaftServerConfigKeys (ConfUtils.java:logGet(43)) - raft.server.log.force.sync.num = 128 (default)
2019-09-26 15:38:53,600 [pool-123-thread-1] INFO  server.RaftServerConfigKeys (ConfUtils.java:logGet(43)) - raft.server.log.statemachine.data.sync = true (default)
2019-09-26 15:38:53,601 [pool-123-thread-1] INFO  server.RaftServerConfigKeys (ConfUtils.java:logGet(43)) - raft.server.log.statemachine.data.sync.timeout = 10s (default)
2019-09-26 15:38:53,601 [pool-123-thread-1] INFO  server.RaftServerConfigKeys (ConfUtils.java:logGet(43)) - raft.server.log.statemachine.data.sync.timeout.retry = -1 (default)
2019-09-26 15:38:53,601 [pool-123-thread-1] INFO  server.RaftServerConfigKeys (ConfUtils.java:logGet(43)) - raft.server.log.statemachine.data.caching.enabled = true (custom)
2019-09-26 15:38:53,601 [pool-123-thread-1] INFO  segmented.SegmentedRaftLogWorker (SegmentedRaftLogWorker.java:lambda$new$0(132)) - bcb704dc-2543-42a4-8762-cde039a55a99@group-76FE2729962D-SegmentedRaftLogWorker: flushIndex: setUnconditionally 0 -> -1
2019-09-26 15:38:53,601 [pool-123-thread-1] INFO  server.RaftServerConfigKeys (ConfUtils.java:logGet(43)) - raft.server.snapshot.auto.trigger.enabled = true (custom)
2019-09-26 15:38:53,602 [pool-123-thread-1] INFO  server.RaftServerConfigKeys (ConfUtils.java:logGet(43)) - raft.server.snapshot.auto.trigger.threshold = 10000 (custom)
2019-09-26 15:38:53,602 [pool-123-thread-1] INFO  server.RaftServerConfigKeys (ConfUtils.java:logGet(43)) - raft.server.snapshot.retention.num.files = 5 (custom)
2019-09-26 15:38:53,602 [pool-123-thread-1] INFO  server.RaftServerConfigKeys (ConfUtils.java:logGet(43)) - raft.server.retrycache.expirytime = 600000ms (custom)
2019-09-26 15:38:53,604 [pool-123-thread-1] INFO  impl.RaftServerImpl (RaftServerImpl.java:start(185)) - bcb704dc-2543-42a4-8762-cde039a55a99@group-76FE2729962D: start as a follower, conf=-1: [bcb704dc-2543-42a4-8762-cde039a55a99:192.168.151.99:43663], old=null
2019-09-26 15:38:53,604 [pool-123-thread-1] INFO  impl.RaftServerImpl (RaftServerImpl.java:setRole(174)) - bcb704dc-2543-42a4-8762-cde039a55a99@group-76FE2729962D: changes role from      null to FOLLOWER at term 0 for startAsFollower
2019-09-26 15:38:53,604 [pool-123-thread-1] INFO  impl.RoleInfo (RoleInfo.java:updateAndGet(143)) - bcb704dc-2543-42a4-8762-cde039a55a99: start FollowerState
2019-09-26 15:38:53,604 [pool-123-thread-1] INFO  util.JmxRegister (JmxRegister.java:tryRegister(44)) - Successfully registered JMX Bean with object name Ratis:service=RaftServer,group=group-76FE2729962D,id=bcb704dc-2543-42a4-8762-cde039a55a99
2019-09-26 15:38:53,606 [RatisPipelineUtilsThread] INFO  pipeline.PipelineStateManager (PipelineStateManager.java:addPipeline(56)) - Created pipeline Pipeline[ Id: 055c2915-cfda-4e35-870e-76fe2729962d, Nodes: bcb704dc-2543-42a4-8762-cde039a55a99{ip: 192.168.151.99, host: pr-hdds-1569-g6sp5-2013761785, networkLocation: /default-rack, certSerialId: null}, Type:RATIS, Factor:ONE, State:OPEN]
2019-09-26 15:38:53,610 [grpc-default-executor-0] INFO  impl.RaftServerProxy (RaftServerProxy.java:addNew(89)) - bcb704dc-2543-42a4-8762-cde039a55a99: addNew group-26FAEBC3D356:[bcb704dc-2543-42a4-8762-cde039a55a99:192.168.151.99:43663] returns group-26FAEBC3D356:java.util.concurrent.CompletableFuture@3d4e1a78[Not completed]
2019-09-26 15:38:53,610 [pool-123-thread-1] INFO  impl.RaftServerImpl (RaftServerImpl.java:<init>(95)) - bcb704dc-2543-42a4-8762-cde039a55a99: new RaftServerImpl for group-26FAEBC3D356:[bcb704dc-2543-42a4-8762-cde039a55a99:192.168.151.99:43663] with ContainerStateMachine:uninitialized
2019-09-26 15:38:53,610 [pool-123-thread-1] INFO  server.RaftServerConfigKeys (ConfUtils.java:logGet(43)) - raft.server.rpc.timeout.min = 5s (custom)
2019-09-26 15:38:53,611 [pool-123-thread-1] INFO  server.RaftServerConfigKeys (ConfUtils.java:logGet(43)) - raft.server.rpc.timeout.max = 5200ms (custom)
2019-09-26 15:38:53,611 [pool-123-thread-1] INFO  server.RaftServerConfigKeys (ConfUtils.java:logGet(43)) - raft.server.rpcslowness.timeout = 120s (custom)
2019-09-26 15:38:53,611 [pool-123-thread-1] INFO  server.RaftServerConfigKeys (ConfUtils.java:logGet(43)) - raft.server.sleep.deviation.threshold = 300 (default)
2019-09-26 15:38:53,611 [pool-123-thread-1] INFO  server.RaftServerConfigKeys (ConfUtils.java:logGet(43)) - raft.server.log.appender.install.snapshot.enabled = false (custom)
2019-09-26 15:38:53,611 [pool-123-thread-1] INFO  impl.RaftServerImpl (ServerState.java:<init>(103)) - bcb704dc-2543-42a4-8762-cde039a55a99@group-26FAEBC3D356: ConfigurationManager, init=-1: [bcb704dc-2543-42a4-8762-cde039a55a99:192.168.151.99:43663], old=null, confs=<EMPTY_MAP>
2019-09-26 15:38:53,611 [pool-123-thread-1] INFO  server.RaftServerConfigKeys (ConfUtils.java:logGet(43)) - raft.server.storage.dir = [/workdir/hadoop-ozone/integration-test/target/test-dir/MiniOzoneClusterImpl-87962e32-e39f-4c57-b747-30c883c1cc54/datanode-0/data/ratis] (custom)
2019-09-26 15:38:53,611 [pool-123-thread-1] INFO  storage.RaftStorageDirectory (RaftStorageDirectory.java:analyzeStorage(246)) - The storage directory /workdir/hadoop-ozone/integration-test/target/test-dir/MiniOzoneClusterImpl-87962e32-e39f-4c57-b747-30c883c1cc54/datanode-0/data/ratis/1361df81-247a-43e0-a2f6-26faebc3d356 does not exist. Creating ...
2019-09-26 15:38:53,615 [pool-123-thread-1] INFO  storage.RaftStorageDirectory (RaftStorageDirectory.java:tryLock(328)) - Lock on /workdir/hadoop-ozone/integration-test/target/test-dir/MiniOzoneClusterImpl-87962e32-e39f-4c57-b747-30c883c1cc54/datanode-0/data/ratis/1361df81-247a-43e0-a2f6-26faebc3d356/in_use.lock acquired by nodename 10626@pr-hdds-1569-g6sp5-2013761785
2019-09-26 15:38:53,619 [pool-123-thread-1] INFO  storage.RaftStorage (RaftStorage.java:format(72)) - Storage directory /workdir/hadoop-ozone/integration-test/target/test-dir/MiniOzoneClusterImpl-87962e32-e39f-4c57-b747-30c883c1cc54/datanode-0/data/ratis/1361df81-247a-43e0-a2f6-26faebc3d356 has been successfully formatted.
2019-09-26 15:38:53,619 [pool-123-thread-1] INFO  ratis.ContainerStateMachine (ContainerStateMachine.java:loadSnapshot(230)) - group-26FAEBC3D356: The snapshot info is null. Setting the last applied indexto:(t:0, i:~)
2019-09-26 15:38:53,620 [pool-123-thread-1] INFO  server.RaftServerConfigKeys (ConfUtils.java:logGet(43)) - raft.server.notification.no-leader.timeout = 120s (custom)
2019-09-26 15:38:53,620 [pool-123-thread-1] INFO  server.RaftServerConfigKeys (ConfUtils.java:logGet(43)) - raft.server.log.use.memory = false (default)
2019-09-26 15:38:53,620 [pool-123-thread-1] INFO  server.RaftServerConfigKeys (ConfUtils.java:logGet(43)) - raft.server.log.purge.gap = 1000000 (custom)
2019-09-26 15:38:53,620 [pool-123-thread-1] INFO  server.RaftServerConfigKeys (ConfUtils.java:logGet(43)) - raft.server.log.appender.buffer.byte-limit = 33554432 (custom)
2019-09-26 15:38:53,620 [pool-123-thread-1] INFO  server.RaftServerConfigKeys (ConfUtils.java:logGet(43)) - raft.server.log.segment.size.max = 1048576 (custom)
2019-09-26 15:38:53,620 [pool-123-thread-1] INFO  server.RaftServerConfigKeys (ConfUtils.java:logGet(43)) - raft.server.log.segment.cache.num.max = 2 (custom)
2019-09-26 15:38:53,620 [pool-123-thread-1] INFO  segmented.SegmentedRaftLogWorker (SegmentedRaftLogWorker.java:<init>(172)) - new bcb704dc-2543-42a4-8762-cde039a55a99@group-26FAEBC3D356-SegmentedRaftLogWorker for RaftStorage:Storage Directory /workdir/hadoop-ozone/integration-test/target/test-dir/MiniOzoneClusterImpl-87962e32-e39f-4c57-b747-30c883c1cc54/datanode-0/data/ratis/1361df81-247a-43e0-a2f6-26faebc3d356
2019-09-26 15:38:53,621 [pool-123-thread-1] INFO  server.RaftServerConfigKeys (ConfUtils.java:logGet(43)) - raft.server.log.queue.byte-limit = 2147483647 (custom)
2019-09-26 15:38:53,621 [pool-123-thread-1] INFO  server.RaftServerConfigKeys (ConfUtils.java:logGet(43)) - raft.server.log.queue.element-limit = 1024 (custom)
2019-09-26 15:38:53,621 [pool-123-thread-1] INFO  server.RaftServerConfigKeys (ConfUtils.java:logGet(43)) - raft.server.log.segment.size.max = 1048576 (custom)
2019-09-26 15:38:53,621 [pool-123-thread-1] INFO  server.RaftServerConfigKeys (ConfUtils.java:logGet(43)) - raft.server.log.preallocated.size = 16384 (custom)
2019-09-26 15:38:53,621 [pool-123-thread-1] INFO  server.RaftServerConfigKeys (ConfUtils.java:logGet(43)) - raft.server.log.write.buffer.size = 33554432 (custom)
2019-09-26 15:38:53,621 [pool-123-thread-1] INFO  server.RaftServerConfigKeys (ConfUtils.java:logGet(43)) - raft.server.log.force.sync.num = 128 (default)
2019-09-26 15:38:53,621 [pool-123-thread-1] INFO  server.RaftServerConfigKeys (ConfUtils.java:logGet(43)) - raft.server.log.statemachine.data.sync = true (default)
2019-09-26 15:38:53,621 [pool-123-thread-1] INFO  server.RaftServerConfigKeys (ConfUtils.java:logGet(43)) - raft.server.log.statemachine.data.sync.timeout = 10s (default)
2019-09-26 15:38:53,622 [pool-123-thread-1] INFO  server.RaftServerConfigKeys (ConfUtils.java:logGet(43)) - raft.server.log.statemachine.data.sync.timeout.retry = -1 (default)
2019-09-26 15:38:53,622 [pool-123-thread-1] INFO  server.RaftServerConfigKeys (ConfUtils.java:logGet(43)) - raft.server.log.statemachine.data.caching.enabled = true (custom)
2019-09-26 15:38:53,622 [pool-123-thread-1] INFO  segmented.SegmentedRaftLogWorker (SegmentedRaftLogWorker.java:lambda$new$0(132)) - bcb704dc-2543-42a4-8762-cde039a55a99@group-26FAEBC3D356-SegmentedRaftLogWorker: flushIndex: setUnconditionally 0 -> -1
2019-09-26 15:38:53,622 [pool-123-thread-1] INFO  server.RaftServerConfigKeys (ConfUtils.java:logGet(43)) - raft.server.snapshot.auto.trigger.enabled = true (custom)
2019-09-26 15:38:53,622 [pool-123-thread-1] INFO  server.RaftServerConfigKeys (ConfUtils.java:logGet(43)) - raft.server.snapshot.auto.trigger.threshold = 10000 (custom)
2019-09-26 15:38:53,622 [pool-123-thread-1] INFO  server.RaftServerConfigKeys (ConfUtils.java:logGet(43)) - raft.server.snapshot.retention.num.files = 5 (custom)
2019-09-26 15:38:53,623 [pool-123-thread-1] INFO  server.RaftServerConfigKeys (ConfUtils.java:logGet(43)) - raft.server.retrycache.expirytime = 600000ms (custom)
2019-09-26 15:38:53,624 [pool-123-thread-1] INFO  impl.RaftServerImpl (RaftServerImpl.java:start(185)) - bcb704dc-2543-42a4-8762-cde039a55a99@group-26FAEBC3D356: start as a follower, conf=-1: [bcb704dc-2543-42a4-8762-cde039a55a99:192.168.151.99:43663], old=null
2019-09-26 15:38:53,624 [pool-123-thread-1] INFO  impl.RaftServerImpl (RaftServerImpl.java:setRole(174)) - bcb704dc-2543-42a4-8762-cde039a55a99@group-26FAEBC3D356: changes role from      null to FOLLOWER at term 0 for startAsFollower
2019-09-26 15:38:53,624 [pool-123-thread-1] INFO  impl.RoleInfo (RoleInfo.java:updateAndGet(143)) - bcb704dc-2543-42a4-8762-cde039a55a99: start FollowerState
2019-09-26 15:38:53,624 [pool-123-thread-1] INFO  util.JmxRegister (JmxRegister.java:tryRegister(44)) - Successfully registered JMX Bean with object name Ratis:service=RaftServer,group=group-26FAEBC3D356,id=bcb704dc-2543-42a4-8762-cde039a55a99
2019-09-26 15:38:53,626 [RatisPipelineUtilsThread] INFO  pipeline.PipelineStateManager (PipelineStateManager.java:addPipeline(56)) - Created pipeline Pipeline[ Id: 1361df81-247a-43e0-a2f6-26faebc3d356, Nodes: bcb704dc-2543-42a4-8762-cde039a55a99{ip: 192.168.151.99, host: pr-hdds-1569-g6sp5-2013761785, networkLocation: /default-rack, certSerialId: null}, Type:RATIS, Factor:ONE, State:OPEN]
2019-09-26 15:38:53,629 [grpc-default-executor-0] INFO  impl.RaftServerProxy (RaftServerProxy.java:addNew(89)) - bcb704dc-2543-42a4-8762-cde039a55a99: addNew group-3017C8DB0AA9:[bcb704dc-2543-42a4-8762-cde039a55a99:192.168.151.99:43663] returns group-3017C8DB0AA9:java.util.concurrent.CompletableFuture@4f1bdbfa[Not completed]
2019-09-26 15:38:53,630 [pool-123-thread-1] INFO  impl.RaftServerImpl (RaftServerImpl.java:<init>(95)) - bcb704dc-2543-42a4-8762-cde039a55a99: new RaftServerImpl for group-3017C8DB0AA9:[bcb704dc-2543-42a4-8762-cde039a55a99:192.168.151.99:43663] with ContainerStateMachine:uninitialized
2019-09-26 15:38:53,630 [pool-123-thread-1] INFO  server.RaftServerConfigKeys (ConfUtils.java:logGet(43)) - raft.server.rpc.timeout.min = 5s (custom)
2019-09-26 15:38:53,630 [pool-123-thread-1] INFO  server.RaftServerConfigKeys (ConfUtils.java:logGet(43)) - raft.server.rpc.timeout.max = 5200ms (custom)
2019-09-26 15:38:53,630 [pool-123-thread-1] INFO  server.RaftServerConfigKeys (ConfUtils.java:logGet(43)) - raft.server.rpcslowness.timeout = 120s (custom)
2019-09-26 15:38:53,630 [pool-123-thread-1] INFO  server.RaftServerConfigKeys (ConfUtils.java:logGet(43)) - raft.server.sleep.deviation.threshold = 300 (default)
2019-09-26 15:38:53,630 [pool-123-thread-1] INFO  server.RaftServerConfigKeys (ConfUtils.java:logGet(43)) - raft.server.log.appender.install.snapshot.enabled = false (custom)
2019-09-26 15:38:53,630 [pool-123-thread-1] INFO  impl.RaftServerImpl (ServerState.java:<init>(103)) - bcb704dc-2543-42a4-8762-cde039a55a99@group-3017C8DB0AA9: ConfigurationManager, init=-1: [bcb704dc-2543-42a4-8762-cde039a55a99:192.168.151.99:43663], old=null, confs=<EMPTY_MAP>
2019-09-26 15:38:53,631 [pool-123-thread-1] INFO  server.RaftServerConfigKeys (ConfUtils.java:logGet(43)) - raft.server.storage.dir = [/workdir/hadoop-ozone/integration-test/target/test-dir/MiniOzoneClusterImpl-87962e32-e39f-4c57-b747-30c883c1cc54/datanode-0/data/ratis] (custom)
2019-09-26 15:38:53,631 [pool-123-thread-1] INFO  storage.RaftStorageDirectory (RaftStorageDirectory.java:analyzeStorage(246)) - The storage directory /workdir/hadoop-ozone/integration-test/target/test-dir/MiniOzoneClusterImpl-87962e32-e39f-4c57-b747-30c883c1cc54/datanode-0/data/ratis/e8a850c1-39f2-4ada-8417-3017c8db0aa9 does not exist. Creating ...
2019-09-26 15:38:53,634 [pool-123-thread-1] INFO  storage.RaftStorageDirectory (RaftStorageDirectory.java:tryLock(328)) - Lock on /workdir/hadoop-ozone/integration-test/target/test-dir/MiniOzoneClusterImpl-87962e32-e39f-4c57-b747-30c883c1cc54/datanode-0/data/ratis/e8a850c1-39f2-4ada-8417-3017c8db0aa9/in_use.lock acquired by nodename 10626@pr-hdds-1569-g6sp5-2013761785
2019-09-26 15:38:53,639 [pool-123-thread-1] INFO  storage.RaftStorage (RaftStorage.java:format(72)) - Storage directory /workdir/hadoop-ozone/integration-test/target/test-dir/MiniOzoneClusterImpl-87962e32-e39f-4c57-b747-30c883c1cc54/datanode-0/data/ratis/e8a850c1-39f2-4ada-8417-3017c8db0aa9 has been successfully formatted.
2019-09-26 15:38:53,640 [pool-123-thread-1] INFO  ratis.ContainerStateMachine (ContainerStateMachine.java:loadSnapshot(230)) - group-3017C8DB0AA9: The snapshot info is null. Setting the last applied indexto:(t:0, i:~)
2019-09-26 15:38:53,640 [pool-123-thread-1] INFO  server.RaftServerConfigKeys (ConfUtils.java:logGet(43)) - raft.server.notification.no-leader.timeout = 120s (custom)
2019-09-26 15:38:53,640 [pool-123-thread-1] INFO  server.RaftServerConfigKeys (ConfUtils.java:logGet(43)) - raft.server.log.use.memory = false (default)
2019-09-26 15:38:53,640 [pool-123-thread-1] INFO  server.RaftServerConfigKeys (ConfUtils.java:logGet(43)) - raft.server.log.purge.gap = 1000000 (custom)
2019-09-26 15:38:53,640 [pool-123-thread-1] INFO  server.RaftServerConfigKeys (ConfUtils.java:logGet(43)) - raft.server.log.appender.buffer.byte-limit = 33554432 (custom)
2019-09-26 15:38:53,640 [pool-123-thread-1] INFO  server.RaftServerConfigKeys (ConfUtils.java:logGet(43)) - raft.server.log.segment.size.max = 1048576 (custom)
2019-09-26 15:38:53,640 [pool-123-thread-1] INFO  server.RaftServerConfigKeys (ConfUtils.java:logGet(43)) - raft.server.log.segment.cache.num.max = 2 (custom)
2019-09-26 15:38:53,640 [pool-123-thread-1] INFO  segmented.SegmentedRaftLogWorker (SegmentedRaftLogWorker.java:<init>(172)) - new bcb704dc-2543-42a4-8762-cde039a55a99@group-3017C8DB0AA9-SegmentedRaftLogWorker for RaftStorage:Storage Directory /workdir/hadoop-ozone/integration-test/target/test-dir/MiniOzoneClusterImpl-87962e32-e39f-4c57-b747-30c883c1cc54/datanode-0/data/ratis/e8a850c1-39f2-4ada-8417-3017c8db0aa9
2019-09-26 15:38:53,641 [pool-123-thread-1] INFO  server.RaftServerConfigKeys (ConfUtils.java:logGet(43)) - raft.server.log.queue.byte-limit = 2147483647 (custom)
2019-09-26 15:38:53,641 [pool-123-thread-1] INFO  server.RaftServerConfigKeys (ConfUtils.java:logGet(43)) - raft.server.log.queue.element-limit = 1024 (custom)
2019-09-26 15:38:53,641 [pool-123-thread-1] INFO  server.RaftServerConfigKeys (ConfUtils.java:logGet(43)) - raft.server.log.segment.size.max = 1048576 (custom)
2019-09-26 15:38:53,641 [pool-123-thread-1] INFO  server.RaftServerConfigKeys (ConfUtils.java:logGet(43)) - raft.server.log.preallocated.size = 16384 (custom)
2019-09-26 15:38:53,641 [pool-123-thread-1] INFO  server.RaftServerConfigKeys (ConfUtils.java:logGet(43)) - raft.server.log.write.buffer.size = 33554432 (custom)
2019-09-26 15:38:53,641 [pool-123-thread-1] INFO  server.RaftServerConfigKeys (ConfUtils.java:logGet(43)) - raft.server.log.force.sync.num = 128 (default)
2019-09-26 15:38:53,641 [pool-123-thread-1] INFO  server.RaftServerConfigKeys (ConfUtils.java:logGet(43)) - raft.server.log.statemachine.data.sync = true (default)
2019-09-26 15:38:53,641 [pool-123-thread-1] INFO  server.RaftServerConfigKeys (ConfUtils.java:logGet(43)) - raft.server.log.statemachine.data.sync.timeout = 10s (default)
2019-09-26 15:38:53,641 [pool-123-thread-1] INFO  server.RaftServerConfigKeys (ConfUtils.java:logGet(43)) - raft.server.log.statemachine.data.sync.timeout.retry = -1 (default)
2019-09-26 15:38:53,641 [pool-123-thread-1] INFO  server.RaftServerConfigKeys (ConfUtils.java:logGet(43)) - raft.server.log.statemachine.data.caching.enabled = true (custom)
2019-09-26 15:38:53,642 [pool-123-thread-1] INFO  segmented.SegmentedRaftLogWorker (SegmentedRaftLogWorker.java:lambda$new$0(132)) - bcb704dc-2543-42a4-8762-cde039a55a99@group-3017C8DB0AA9-SegmentedRaftLogWorker: flushIndex: setUnconditionally 0 -> -1
2019-09-26 15:38:53,642 [pool-123-thread-1] INFO  server.RaftServerConfigKeys (ConfUtils.java:logGet(43)) - raft.server.snapshot.auto.trigger.enabled = true (custom)
2019-09-26 15:38:53,642 [pool-123-thread-1] INFO  server.RaftServerConfigKeys (ConfUtils.java:logGet(43)) - raft.server.snapshot.auto.trigger.threshold = 10000 (custom)
2019-09-26 15:38:53,642 [pool-123-thread-1] INFO  server.RaftServerConfigKeys (ConfUtils.java:logGet(43)) - raft.server.snapshot.retention.num.files = 5 (custom)
2019-09-26 15:38:53,642 [pool-123-thread-1] INFO  server.RaftServerConfigKeys (ConfUtils.java:logGet(43)) - raft.server.retrycache.expirytime = 600000ms (custom)
2019-09-26 15:38:53,643 [pool-123-thread-1] INFO  impl.RaftServerImpl (RaftServerImpl.java:start(185)) - bcb704dc-2543-42a4-8762-cde039a55a99@group-3017C8DB0AA9: start as a follower, conf=-1: [bcb704dc-2543-42a4-8762-cde039a55a99:192.168.151.99:43663], old=null
2019-09-26 15:38:53,643 [pool-123-thread-1] INFO  impl.RaftServerImpl (RaftServerImpl.java:setRole(174)) - bcb704dc-2543-42a4-8762-cde039a55a99@group-3017C8DB0AA9: changes role from      null to FOLLOWER at term 0 for startAsFollower
2019-09-26 15:38:53,644 [pool-123-thread-1] INFO  impl.RoleInfo (RoleInfo.java:updateAndGet(143)) - bcb704dc-2543-42a4-8762-cde039a55a99: start FollowerState
2019-09-26 15:38:53,644 [pool-123-thread-1] INFO  util.JmxRegister (JmxRegister.java:tryRegister(44)) - Successfully registered JMX Bean with object name Ratis:service=RaftServer,group=group-3017C8DB0AA9,id=bcb704dc-2543-42a4-8762-cde039a55a99
2019-09-26 15:38:53,646 [RatisPipelineUtilsThread] INFO  pipeline.PipelineStateManager (PipelineStateManager.java:addPipeline(56)) - Created pipeline Pipeline[ Id: e8a850c1-39f2-4ada-8417-3017c8db0aa9, Nodes: bcb704dc-2543-42a4-8762-cde039a55a99{ip: 192.168.151.99, host: pr-hdds-1569-g6sp5-2013761785, networkLocation: /default-rack, certSerialId: null}, Type:RATIS, Factor:ONE, State:OPEN]
2019-09-26 15:38:53,649 [grpc-default-executor-0] INFO  impl.RaftServerProxy (RaftServerProxy.java:addNew(89)) - bcb704dc-2543-42a4-8762-cde039a55a99: addNew group-96F7D42FA76B:[bcb704dc-2543-42a4-8762-cde039a55a99:192.168.151.99:43663] returns group-96F7D42FA76B:java.util.concurrent.CompletableFuture@167dc8bf[Not completed]
2019-09-26 15:38:53,653 [pool-123-thread-1] INFO  impl.RaftServerImpl (RaftServerImpl.java:<init>(95)) - bcb704dc-2543-42a4-8762-cde039a55a99: new RaftServerImpl for group-96F7D42FA76B:[bcb704dc-2543-42a4-8762-cde039a55a99:192.168.151.99:43663] with ContainerStateMachine:uninitialized
2019-09-26 15:38:53,653 [pool-123-thread-1] INFO  server.RaftServerConfigKeys (ConfUtils.java:logGet(43)) - raft.server.rpc.timeout.min = 5s (custom)
2019-09-26 15:38:53,653 [pool-123-thread-1] INFO  server.RaftServerConfigKeys (ConfUtils.java:logGet(43)) - raft.server.rpc.timeout.max = 5200ms (custom)
2019-09-26 15:38:53,653 [pool-123-thread-1] INFO  server.RaftServerConfigKeys (ConfUtils.java:logGet(43)) - raft.server.rpcslowness.timeout = 120s (custom)
2019-09-26 15:38:53,653 [pool-123-thread-1] INFO  server.RaftServerConfigKeys (ConfUtils.java:logGet(43)) - raft.server.sleep.deviation.threshold = 300 (default)
2019-09-26 15:38:53,653 [pool-123-thread-1] INFO  server.RaftServerConfigKeys (ConfUtils.java:logGet(43)) - raft.server.log.appender.install.snapshot.enabled = false (custom)
2019-09-26 15:38:53,653 [pool-123-thread-1] INFO  impl.RaftServerImpl (ServerState.java:<init>(103)) - bcb704dc-2543-42a4-8762-cde039a55a99@group-96F7D42FA76B: ConfigurationManager, init=-1: [bcb704dc-2543-42a4-8762-cde039a55a99:192.168.151.99:43663], old=null, confs=<EMPTY_MAP>
2019-09-26 15:38:53,653 [pool-123-thread-1] INFO  server.RaftServerConfigKeys (ConfUtils.java:logGet(43)) - raft.server.storage.dir = [/workdir/hadoop-ozone/integration-test/target/test-dir/MiniOzoneClusterImpl-87962e32-e39f-4c57-b747-30c883c1cc54/datanode-0/data/ratis] (custom)
2019-09-26 15:38:53,654 [pool-123-thread-1] INFO  storage.RaftStorageDirectory (RaftStorageDirectory.java:analyzeStorage(246)) - The storage directory /workdir/hadoop-ozone/integration-test/target/test-dir/MiniOzoneClusterImpl-87962e32-e39f-4c57-b747-30c883c1cc54/datanode-0/data/ratis/62f602ec-69b8-4743-857d-96f7d42fa76b does not exist. Creating ...
2019-09-26 15:38:53,657 [pool-123-thread-1] INFO  storage.RaftStorageDirectory (RaftStorageDirectory.java:tryLock(328)) - Lock on /workdir/hadoop-ozone/integration-test/target/test-dir/MiniOzoneClusterImpl-87962e32-e39f-4c57-b747-30c883c1cc54/datanode-0/data/ratis/62f602ec-69b8-4743-857d-96f7d42fa76b/in_use.lock acquired by nodename 10626@pr-hdds-1569-g6sp5-2013761785
2019-09-26 15:38:53,660 [pool-123-thread-1] INFO  storage.RaftStorage (RaftStorage.java:format(72)) - Storage directory /workdir/hadoop-ozone/integration-test/target/test-dir/MiniOzoneClusterImpl-87962e32-e39f-4c57-b747-30c883c1cc54/datanode-0/data/ratis/62f602ec-69b8-4743-857d-96f7d42fa76b has been successfully formatted.
2019-09-26 15:38:53,660 [pool-123-thread-1] INFO  ratis.ContainerStateMachine (ContainerStateMachine.java:loadSnapshot(230)) - group-96F7D42FA76B: The snapshot info is null. Setting the last applied indexto:(t:0, i:~)
2019-09-26 15:38:53,661 [pool-123-thread-1] INFO  server.RaftServerConfigKeys (ConfUtils.java:logGet(43)) - raft.server.notification.no-leader.timeout = 120s (custom)
2019-09-26 15:38:53,661 [pool-123-thread-1] INFO  server.RaftServerConfigKeys (ConfUtils.java:logGet(43)) - raft.server.log.use.memory = false (default)
2019-09-26 15:38:53,661 [pool-123-thread-1] INFO  server.RaftServerConfigKeys (ConfUtils.java:logGet(43)) - raft.server.log.purge.gap = 1000000 (custom)
2019-09-26 15:38:53,661 [pool-123-thread-1] INFO  server.RaftServerConfigKeys (ConfUtils.java:logGet(43)) - raft.server.log.appender.buffer.byte-limit = 33554432 (custom)
2019-09-26 15:38:53,661 [pool-123-thread-1] INFO  server.RaftServerConfigKeys (ConfUtils.java:logGet(43)) - raft.server.log.segment.size.max = 1048576 (custom)
2019-09-26 15:38:53,661 [pool-123-thread-1] INFO  server.RaftServerConfigKeys (ConfUtils.java:logGet(43)) - raft.server.log.segment.cache.num.max = 2 (custom)
2019-09-26 15:38:53,661 [pool-123-thread-1] INFO  segmented.SegmentedRaftLogWorker (SegmentedRaftLogWorker.java:<init>(172)) - new bcb704dc-2543-42a4-8762-cde039a55a99@group-96F7D42FA76B-SegmentedRaftLogWorker for RaftStorage:Storage Directory /workdir/hadoop-ozone/integration-test/target/test-dir/MiniOzoneClusterImpl-87962e32-e39f-4c57-b747-30c883c1cc54/datanode-0/data/ratis/62f602ec-69b8-4743-857d-96f7d42fa76b
2019-09-26 15:38:53,661 [pool-123-thread-1] INFO  server.RaftServerConfigKeys (ConfUtils.java:logGet(43)) - raft.server.log.queue.byte-limit = 2147483647 (custom)
2019-09-26 15:38:53,661 [pool-123-thread-1] INFO  server.RaftServerConfigKeys (ConfUtils.java:logGet(43)) - raft.server.log.queue.element-limit = 1024 (custom)
2019-09-26 15:38:53,661 [pool-123-thread-1] INFO  server.RaftServerConfigKeys (ConfUtils.java:logGet(43)) - raft.server.log.segment.size.max = 1048576 (custom)
2019-09-26 15:38:53,661 [pool-123-thread-1] INFO  server.RaftServerConfigKeys (ConfUtils.java:logGet(43)) - raft.server.log.preallocated.size = 16384 (custom)
2019-09-26 15:38:53,662 [pool-123-thread-1] INFO  server.RaftServerConfigKeys (ConfUtils.java:logGet(43)) - raft.server.log.write.buffer.size = 33554432 (custom)
2019-09-26 15:38:53,662 [pool-123-thread-1] INFO  server.RaftServerConfigKeys (ConfUtils.java:logGet(43)) - raft.server.log.force.sync.num = 128 (default)
2019-09-26 15:38:53,662 [pool-123-thread-1] INFO  server.RaftServerConfigKeys (ConfUtils.java:logGet(43)) - raft.server.log.statemachine.data.sync = true (default)
2019-09-26 15:38:53,662 [pool-123-thread-1] INFO  server.RaftServerConfigKeys (ConfUtils.java:logGet(43)) - raft.server.log.statemachine.data.sync.timeout = 10s (default)
2019-09-26 15:38:53,662 [pool-123-thread-1] INFO  server.RaftServerConfigKeys (ConfUtils.java:logGet(43)) - raft.server.log.statemachine.data.sync.timeout.retry = -1 (default)
2019-09-26 15:38:53,662 [pool-123-thread-1] INFO  server.RaftServerConfigKeys (ConfUtils.java:logGet(43)) - raft.server.log.statemachine.data.caching.enabled = true (custom)
2019-09-26 15:38:53,662 [pool-123-thread-1] INFO  segmented.SegmentedRaftLogWorker (SegmentedRaftLogWorker.java:lambda$new$0(132)) - bcb704dc-2543-42a4-8762-cde039a55a99@group-96F7D42FA76B-SegmentedRaftLogWorker: flushIndex: setUnconditionally 0 -> -1
2019-09-26 15:38:53,663 [pool-123-thread-1] INFO  server.RaftServerConfigKeys (ConfUtils.java:logGet(43)) - raft.server.snapshot.auto.trigger.enabled = true (custom)
2019-09-26 15:38:53,663 [pool-123-thread-1] INFO  server.RaftServerConfigKeys (ConfUtils.java:logGet(43)) - raft.server.snapshot.auto.trigger.threshold = 10000 (custom)
2019-09-26 15:38:53,663 [pool-123-thread-1] INFO  server.RaftServerConfigKeys (ConfUtils.java:logGet(43)) - raft.server.snapshot.retention.num.files = 5 (custom)
2019-09-26 15:38:53,663 [pool-123-thread-1] INFO  server.RaftServerConfigKeys (ConfUtils.java:logGet(43)) - raft.server.retrycache.expirytime = 600000ms (custom)
2019-09-26 15:38:53,664 [pool-123-thread-1] INFO  impl.RaftServerImpl (RaftServerImpl.java:start(185)) - bcb704dc-2543-42a4-8762-cde039a55a99@group-96F7D42FA76B: start as a follower, conf=-1: [bcb704dc-2543-42a4-8762-cde039a55a99:192.168.151.99:43663], old=null
2019-09-26 15:38:53,664 [pool-123-thread-1] INFO  impl.RaftServerImpl (RaftServerImpl.java:setRole(174)) - bcb704dc-2543-42a4-8762-cde039a55a99@group-96F7D42FA76B: changes role from      null to FOLLOWER at term 0 for startAsFollower
2019-09-26 15:38:53,664 [pool-123-thread-1] INFO  impl.RoleInfo (RoleInfo.java:updateAndGet(143)) - bcb704dc-2543-42a4-8762-cde039a55a99: start FollowerState
2019-09-26 15:38:53,664 [pool-123-thread-1] INFO  util.JmxRegister (JmxRegister.java:tryRegister(44)) - Successfully registered JMX Bean with object name Ratis:service=RaftServer,group=group-96F7D42FA76B,id=bcb704dc-2543-42a4-8762-cde039a55a99
2019-09-26 15:38:53,666 [RatisPipelineUtilsThread] INFO  pipeline.PipelineStateManager (PipelineStateManager.java:addPipeline(56)) - Created pipeline Pipeline[ Id: 62f602ec-69b8-4743-857d-96f7d42fa76b, Nodes: bcb704dc-2543-42a4-8762-cde039a55a99{ip: 192.168.151.99, host: pr-hdds-1569-g6sp5-2013761785, networkLocation: /default-rack, certSerialId: null}, Type:RATIS, Factor:ONE, State:OPEN]
2019-09-26 15:38:53,669 [grpc-default-executor-0] INFO  impl.RaftServerProxy (RaftServerProxy.java:addNew(89)) - bcb704dc-2543-42a4-8762-cde039a55a99: addNew group-65147E0FA3DB:[bcb704dc-2543-42a4-8762-cde039a55a99:192.168.151.99:43663] returns group-65147E0FA3DB:java.util.concurrent.CompletableFuture@68cc982[Not completed]
2019-09-26 15:38:53,670 [pool-123-thread-1] INFO  impl.RaftServerImpl (RaftServerImpl.java:<init>(95)) - bcb704dc-2543-42a4-8762-cde039a55a99: new RaftServerImpl for group-65147E0FA3DB:[bcb704dc-2543-42a4-8762-cde039a55a99:192.168.151.99:43663] with ContainerStateMachine:uninitialized
2019-09-26 15:38:53,670 [pool-123-thread-1] INFO  server.RaftServerConfigKeys (ConfUtils.java:logGet(43)) - raft.server.rpc.timeout.min = 5s (custom)
2019-09-26 15:38:53,670 [pool-123-thread-1] INFO  server.RaftServerConfigKeys (ConfUtils.java:logGet(43)) - raft.server.rpc.timeout.max = 5200ms (custom)
2019-09-26 15:38:53,670 [pool-123-thread-1] INFO  server.RaftServerConfigKeys (ConfUtils.java:logGet(43)) - raft.server.rpcslowness.timeout = 120s (custom)
2019-09-26 15:38:53,670 [pool-123-thread-1] INFO  server.RaftServerConfigKeys (ConfUtils.java:logGet(43)) - raft.server.sleep.deviation.threshold = 300 (default)
2019-09-26 15:38:53,670 [pool-123-thread-1] INFO  server.RaftServerConfigKeys (ConfUtils.java:logGet(43)) - raft.server.log.appender.install.snapshot.enabled = false (custom)
2019-09-26 15:38:53,670 [pool-123-thread-1] INFO  impl.RaftServerImpl (ServerState.java:<init>(103)) - bcb704dc-2543-42a4-8762-cde039a55a99@group-65147E0FA3DB: ConfigurationManager, init=-1: [bcb704dc-2543-42a4-8762-cde039a55a99:192.168.151.99:43663], old=null, confs=<EMPTY_MAP>
2019-09-26 15:38:53,670 [pool-123-thread-1] INFO  server.RaftServerConfigKeys (ConfUtils.java:logGet(43)) - raft.server.storage.dir = [/workdir/hadoop-ozone/integration-test/target/test-dir/MiniOzoneClusterImpl-87962e32-e39f-4c57-b747-30c883c1cc54/datanode-0/data/ratis] (custom)
2019-09-26 15:38:53,671 [pool-123-thread-1] INFO  storage.RaftStorageDirectory (RaftStorageDirectory.java:analyzeStorage(246)) - The storage directory /workdir/hadoop-ozone/integration-test/target/test-dir/MiniOzoneClusterImpl-87962e32-e39f-4c57-b747-30c883c1cc54/datanode-0/data/ratis/04e979b4-c694-46ed-8389-65147e0fa3db does not exist. Creating ...
2019-09-26 15:38:53,674 [pool-123-thread-1] INFO  storage.RaftStorageDirectory (RaftStorageDirectory.java:tryLock(328)) - Lock on /workdir/hadoop-ozone/integration-test/target/test-dir/MiniOzoneClusterImpl-87962e32-e39f-4c57-b747-30c883c1cc54/datanode-0/data/ratis/04e979b4-c694-46ed-8389-65147e0fa3db/in_use.lock acquired by nodename 10626@pr-hdds-1569-g6sp5-2013761785
2019-09-26 15:38:53,678 [pool-123-thread-1] INFO  storage.RaftStorage (RaftStorage.java:format(72)) - Storage directory /workdir/hadoop-ozone/integration-test/target/test-dir/MiniOzoneClusterImpl-87962e32-e39f-4c57-b747-30c883c1cc54/datanode-0/data/ratis/04e979b4-c694-46ed-8389-65147e0fa3db has been successfully formatted.
2019-09-26 15:38:53,679 [pool-123-thread-1] INFO  ratis.ContainerStateMachine (ContainerStateMachine.java:loadSnapshot(230)) - group-65147E0FA3DB: The snapshot info is null. Setting the last applied indexto:(t:0, i:~)
2019-09-26 15:38:53,679 [pool-123-thread-1] INFO  server.RaftServerConfigKeys (ConfUtils.java:logGet(43)) - raft.server.notification.no-leader.timeout = 120s (custom)
2019-09-26 15:38:53,679 [pool-123-thread-1] INFO  server.RaftServerConfigKeys (ConfUtils.java:logGet(43)) - raft.server.log.use.memory = false (default)
2019-09-26 15:38:53,679 [pool-123-thread-1] INFO  server.RaftServerConfigKeys (ConfUtils.java:logGet(43)) - raft.server.log.purge.gap = 1000000 (custom)
2019-09-26 15:38:53,679 [pool-123-thread-1] INFO  server.RaftServerConfigKeys (ConfUtils.java:logGet(43)) - raft.server.log.appender.buffer.byte-limit = 33554432 (custom)
2019-09-26 15:38:53,679 [pool-123-thread-1] INFO  server.RaftServerConfigKeys (ConfUtils.java:logGet(43)) - raft.server.log.segment.size.max = 1048576 (custom)
2019-09-26 15:38:53,679 [pool-123-thread-1] INFO  server.RaftServerConfigKeys (ConfUtils.java:logGet(43)) - raft.server.log.segment.cache.num.max = 2 (custom)
2019-09-26 15:38:53,679 [pool-123-thread-1] INFO  segmented.SegmentedRaftLogWorker (SegmentedRaftLogWorker.java:<init>(172)) - new bcb704dc-2543-42a4-8762-cde039a55a99@group-65147E0FA3DB-SegmentedRaftLogWorker for RaftStorage:Storage Directory /workdir/hadoop-ozone/integration-test/target/test-dir/MiniOzoneClusterImpl-87962e32-e39f-4c57-b747-30c883c1cc54/datanode-0/data/ratis/04e979b4-c694-46ed-8389-65147e0fa3db
2019-09-26 15:38:53,679 [pool-123-thread-1] INFO  server.RaftServerConfigKeys (ConfUtils.java:logGet(43)) - raft.server.log.queue.byte-limit = 2147483647 (custom)
2019-09-26 15:38:53,679 [pool-123-thread-1] INFO  server.RaftServerConfigKeys (ConfUtils.java:logGet(43)) - raft.server.log.queue.element-limit = 1024 (custom)
2019-09-26 15:38:53,680 [pool-123-thread-1] INFO  server.RaftServerConfigKeys (ConfUtils.java:logGet(43)) - raft.server.log.segment.size.max = 1048576 (custom)
2019-09-26 15:38:53,680 [pool-123-thread-1] INFO  server.RaftServerConfigKeys (ConfUtils.java:logGet(43)) - raft.server.log.preallocated.size = 16384 (custom)
2019-09-26 15:38:53,680 [pool-123-thread-1] INFO  server.RaftServerConfigKeys (ConfUtils.java:logGet(43)) - raft.server.log.write.buffer.size = 33554432 (custom)
2019-09-26 15:38:53,680 [pool-123-thread-1] INFO  server.RaftServerConfigKeys (ConfUtils.java:logGet(43)) - raft.server.log.force.sync.num = 128 (default)
2019-09-26 15:38:53,680 [pool-123-thread-1] INFO  server.RaftServerConfigKeys (ConfUtils.java:logGet(43)) - raft.server.log.statemachine.data.sync = true (default)
2019-09-26 15:38:53,680 [pool-123-thread-1] INFO  server.RaftServerConfigKeys (ConfUtils.java:logGet(43)) - raft.server.log.statemachine.data.sync.timeout = 10s (default)
2019-09-26 15:38:53,680 [pool-123-thread-1] INFO  server.RaftServerConfigKeys (ConfUtils.java:logGet(43)) - raft.server.log.statemachine.data.sync.timeout.retry = -1 (default)
2019-09-26 15:38:53,680 [pool-123-thread-1] INFO  server.RaftServerConfigKeys (ConfUtils.java:logGet(43)) - raft.server.log.statemachine.data.caching.enabled = true (custom)
2019-09-26 15:38:53,680 [pool-123-thread-1] INFO  segmented.SegmentedRaftLogWorker (SegmentedRaftLogWorker.java:lambda$new$0(132)) - bcb704dc-2543-42a4-8762-cde039a55a99@group-65147E0FA3DB-SegmentedRaftLogWorker: flushIndex: setUnconditionally 0 -> -1
2019-09-26 15:38:53,681 [pool-123-thread-1] INFO  server.RaftServerConfigKeys (ConfUtils.java:logGet(43)) - raft.server.snapshot.auto.trigger.enabled = true (custom)
2019-09-26 15:38:53,681 [pool-123-thread-1] INFO  server.RaftServerConfigKeys (ConfUtils.java:logGet(43)) - raft.server.snapshot.auto.trigger.threshold = 10000 (custom)
2019-09-26 15:38:53,681 [pool-123-thread-1] INFO  server.RaftServerConfigKeys (ConfUtils.java:logGet(43)) - raft.server.snapshot.retention.num.files = 5 (custom)
2019-09-26 15:38:53,681 [pool-123-thread-1] INFO  server.RaftServerConfigKeys (ConfUtils.java:logGet(43)) - raft.server.retrycache.expirytime = 600000ms (custom)
2019-09-26 15:38:53,682 [pool-123-thread-1] INFO  impl.RaftServerImpl (RaftServerImpl.java:start(185)) - bcb704dc-2543-42a4-8762-cde039a55a99@group-65147E0FA3DB: start as a follower, conf=-1: [bcb704dc-2543-42a4-8762-cde039a55a99:192.168.151.99:43663], old=null
2019-09-26 15:38:53,682 [pool-123-thread-1] INFO  impl.RaftServerImpl (RaftServerImpl.java:setRole(174)) - bcb704dc-2543-42a4-8762-cde039a55a99@group-65147E0FA3DB: changes role from      null to FOLLOWER at term 0 for startAsFollower
2019-09-26 15:38:53,682 [pool-123-thread-1] INFO  impl.RoleInfo (RoleInfo.java:updateAndGet(143)) - bcb704dc-2543-42a4-8762-cde039a55a99: start FollowerState
2019-09-26 15:38:53,682 [pool-123-thread-1] INFO  util.JmxRegister (JmxRegister.java:tryRegister(44)) - Successfully registered JMX Bean with object name Ratis:service=RaftServer,group=group-65147E0FA3DB,id=bcb704dc-2543-42a4-8762-cde039a55a99
2019-09-26 15:38:53,684 [RatisPipelineUtilsThread] INFO  pipeline.PipelineStateManager (PipelineStateManager.java:addPipeline(56)) - Created pipeline Pipeline[ Id: 04e979b4-c694-46ed-8389-65147e0fa3db, Nodes: bcb704dc-2543-42a4-8762-cde039a55a99{ip: 192.168.151.99, host: pr-hdds-1569-g6sp5-2013761785, networkLocation: /default-rack, certSerialId: null}, Type:RATIS, Factor:ONE, State:OPEN]
2019-09-26 15:38:53,687 [grpc-default-executor-0] INFO  impl.RaftServerProxy (RaftServerProxy.java:addNew(89)) - bcb704dc-2543-42a4-8762-cde039a55a99: addNew group-4E6230E775CB:[bcb704dc-2543-42a4-8762-cde039a55a99:192.168.151.99:43663] returns group-4E6230E775CB:java.util.concurrent.CompletableFuture@49f58d56[Not completed]
2019-09-26 15:38:53,688 [pool-123-thread-1] INFO  impl.RaftServerImpl (RaftServerImpl.java:<init>(95)) - bcb704dc-2543-42a4-8762-cde039a55a99: new RaftServerImpl for group-4E6230E775CB:[bcb704dc-2543-42a4-8762-cde039a55a99:192.168.151.99:43663] with ContainerStateMachine:uninitialized
2019-09-26 15:38:53,688 [pool-123-thread-1] INFO  server.RaftServerConfigKeys (ConfUtils.java:logGet(43)) - raft.server.rpc.timeout.min = 5s (custom)
2019-09-26 15:38:53,688 [pool-123-thread-1] INFO  server.RaftServerConfigKeys (ConfUtils.java:logGet(43)) - raft.server.rpc.timeout.max = 5200ms (custom)
2019-09-26 15:38:53,688 [pool-123-thread-1] INFO  server.RaftServerConfigKeys (ConfUtils.java:logGet(43)) - raft.server.rpcslowness.timeout = 120s (custom)
2019-09-26 15:38:53,688 [pool-123-thread-1] INFO  server.RaftServerConfigKeys (ConfUtils.java:logGet(43)) - raft.server.sleep.deviation.threshold = 300 (default)
2019-09-26 15:38:53,688 [pool-123-thread-1] INFO  server.RaftServerConfigKeys (ConfUtils.java:logGet(43)) - raft.server.log.appender.install.snapshot.enabled = false (custom)
2019-09-26 15:38:53,688 [pool-123-thread-1] INFO  impl.RaftServerImpl (ServerState.java:<init>(103)) - bcb704dc-2543-42a4-8762-cde039a55a99@group-4E6230E775CB: ConfigurationManager, init=-1: [bcb704dc-2543-42a4-8762-cde039a55a99:192.168.151.99:43663], old=null, confs=<EMPTY_MAP>
2019-09-26 15:38:53,688 [pool-123-thread-1] INFO  server.RaftServerConfigKeys (ConfUtils.java:logGet(43)) - raft.server.storage.dir = [/workdir/hadoop-ozone/integration-test/target/test-dir/MiniOzoneClusterImpl-87962e32-e39f-4c57-b747-30c883c1cc54/datanode-0/data/ratis] (custom)
2019-09-26 15:38:53,688 [pool-123-thread-1] INFO  storage.RaftStorageDirectory (RaftStorageDirectory.java:analyzeStorage(246)) - The storage directory /workdir/hadoop-ozone/integration-test/target/test-dir/MiniOzoneClusterImpl-87962e32-e39f-4c57-b747-30c883c1cc54/datanode-0/data/ratis/50b70e3e-d799-4873-b938-4e6230e775cb does not exist. Creating ...
2019-09-26 15:38:53,693 [pool-123-thread-1] INFO  storage.RaftStorageDirectory (RaftStorageDirectory.java:tryLock(328)) - Lock on /workdir/hadoop-ozone/integration-test/target/test-dir/MiniOzoneClusterImpl-87962e32-e39f-4c57-b747-30c883c1cc54/datanode-0/data/ratis/50b70e3e-d799-4873-b938-4e6230e775cb/in_use.lock acquired by nodename 10626@pr-hdds-1569-g6sp5-2013761785
2019-09-26 15:38:53,697 [pool-123-thread-1] INFO  storage.RaftStorage (RaftStorage.java:format(72)) - Storage directory /workdir/hadoop-ozone/integration-test/target/test-dir/MiniOzoneClusterImpl-87962e32-e39f-4c57-b747-30c883c1cc54/datanode-0/data/ratis/50b70e3e-d799-4873-b938-4e6230e775cb has been successfully formatted.
2019-09-26 15:38:53,697 [pool-123-thread-1] INFO  ratis.ContainerStateMachine (ContainerStateMachine.java:loadSnapshot(230)) - group-4E6230E775CB: The snapshot info is null. Setting the last applied indexto:(t:0, i:~)
2019-09-26 15:38:53,697 [pool-123-thread-1] INFO  server.RaftServerConfigKeys (ConfUtils.java:logGet(43)) - raft.server.notification.no-leader.timeout = 120s (custom)
2019-09-26 15:38:53,697 [pool-123-thread-1] INFO  server.RaftServerConfigKeys (ConfUtils.java:logGet(43)) - raft.server.log.use.memory = false (default)
2019-09-26 15:38:53,697 [pool-123-thread-1] INFO  server.RaftServerConfigKeys (ConfUtils.java:logGet(43)) - raft.server.log.purge.gap = 1000000 (custom)
2019-09-26 15:38:53,698 [pool-123-thread-1] INFO  server.RaftServerConfigKeys (ConfUtils.java:logGet(43)) - raft.server.log.appender.buffer.byte-limit = 33554432 (custom)
2019-09-26 15:38:53,698 [pool-123-thread-1] INFO  server.RaftServerConfigKeys (ConfUtils.java:logGet(43)) - raft.server.log.segment.size.max = 1048576 (custom)
2019-09-26 15:38:53,698 [pool-123-thread-1] INFO  server.RaftServerConfigKeys (ConfUtils.java:logGet(43)) - raft.server.log.segment.cache.num.max = 2 (custom)
2019-09-26 15:38:53,698 [pool-123-thread-1] INFO  segmented.SegmentedRaftLogWorker (SegmentedRaftLogWorker.java:<init>(172)) - new bcb704dc-2543-42a4-8762-cde039a55a99@group-4E6230E775CB-SegmentedRaftLogWorker for RaftStorage:Storage Directory /workdir/hadoop-ozone/integration-test/target/test-dir/MiniOzoneClusterImpl-87962e32-e39f-4c57-b747-30c883c1cc54/datanode-0/data/ratis/50b70e3e-d799-4873-b938-4e6230e775cb
2019-09-26 15:38:53,698 [pool-123-thread-1] INFO  server.RaftServerConfigKeys (ConfUtils.java:logGet(43)) - raft.server.log.queue.byte-limit = 2147483647 (custom)
2019-09-26 15:38:53,698 [pool-123-thread-1] INFO  server.RaftServerConfigKeys (ConfUtils.java:logGet(43)) - raft.server.log.queue.element-limit = 1024 (custom)
2019-09-26 15:38:53,698 [pool-123-thread-1] INFO  server.RaftServerConfigKeys (ConfUtils.java:logGet(43)) - raft.server.log.segment.size.max = 1048576 (custom)
2019-09-26 15:38:53,698 [pool-123-thread-1] INFO  server.RaftServerConfigKeys (ConfUtils.java:logGet(43)) - raft.server.log.preallocated.size = 16384 (custom)
2019-09-26 15:38:53,698 [pool-123-thread-1] INFO  server.RaftServerConfigKeys (ConfUtils.java:logGet(43)) - raft.server.log.write.buffer.size = 33554432 (custom)
2019-09-26 15:38:53,698 [pool-123-thread-1] INFO  server.RaftServerConfigKeys (ConfUtils.java:logGet(43)) - raft.server.log.force.sync.num = 128 (default)
2019-09-26 15:38:53,699 [pool-123-thread-1] INFO  server.RaftServerConfigKeys (ConfUtils.java:logGet(43)) - raft.server.log.statemachine.data.sync = true (default)
2019-09-26 15:38:53,699 [pool-123-thread-1] INFO  server.RaftServerConfigKeys (ConfUtils.java:logGet(43)) - raft.server.log.statemachine.data.sync.timeout = 10s (default)
2019-09-26 15:38:53,699 [pool-123-thread-1] INFO  server.RaftServerConfigKeys (ConfUtils.java:logGet(43)) - raft.server.log.statemachine.data.sync.timeout.retry = -1 (default)
2019-09-26 15:38:53,699 [pool-123-thread-1] INFO  server.RaftServerConfigKeys (ConfUtils.java:logGet(43)) - raft.server.log.statemachine.data.caching.enabled = true (custom)
2019-09-26 15:38:53,699 [pool-123-thread-1] INFO  segmented.SegmentedRaftLogWorker (SegmentedRaftLogWorker.java:lambda$new$0(132)) - bcb704dc-2543-42a4-8762-cde039a55a99@group-4E6230E775CB-SegmentedRaftLogWorker: flushIndex: setUnconditionally 0 -> -1
2019-09-26 15:38:53,699 [pool-123-thread-1] INFO  server.RaftServerConfigKeys (ConfUtils.java:logGet(43)) - raft.server.snapshot.auto.trigger.enabled = true (custom)
2019-09-26 15:38:53,699 [pool-123-thread-1] INFO  server.RaftServerConfigKeys (ConfUtils.java:logGet(43)) - raft.server.snapshot.auto.trigger.threshold = 10000 (custom)
2019-09-26 15:38:53,700 [pool-123-thread-1] INFO  server.RaftServerConfigKeys (ConfUtils.java:logGet(43)) - raft.server.snapshot.retention.num.files = 5 (custom)
2019-09-26 15:38:53,700 [pool-123-thread-1] INFO  server.RaftServerConfigKeys (ConfUtils.java:logGet(43)) - raft.server.retrycache.expirytime = 600000ms (custom)
2019-09-26 15:38:53,701 [pool-123-thread-1] INFO  impl.RaftServerImpl (RaftServerImpl.java:start(185)) - bcb704dc-2543-42a4-8762-cde039a55a99@group-4E6230E775CB: start as a follower, conf=-1: [bcb704dc-2543-42a4-8762-cde039a55a99:192.168.151.99:43663], old=null
2019-09-26 15:38:53,701 [pool-123-thread-1] INFO  impl.RaftServerImpl (RaftServerImpl.java:setRole(174)) - bcb704dc-2543-42a4-8762-cde039a55a99@group-4E6230E775CB: changes role from      null to FOLLOWER at term 0 for startAsFollower
2019-09-26 15:38:53,701 [pool-123-thread-1] INFO  impl.RoleInfo (RoleInfo.java:updateAndGet(143)) - bcb704dc-2543-42a4-8762-cde039a55a99: start FollowerState
2019-09-26 15:38:53,701 [pool-123-thread-1] INFO  util.JmxRegister (JmxRegister.java:tryRegister(44)) - Successfully registered JMX Bean with object name Ratis:service=RaftServer,group=group-4E6230E775CB,id=bcb704dc-2543-42a4-8762-cde039a55a99
2019-09-26 15:38:53,703 [RatisPipelineUtilsThread] INFO  pipeline.PipelineStateManager (PipelineStateManager.java:addPipeline(56)) - Created pipeline Pipeline[ Id: 50b70e3e-d799-4873-b938-4e6230e775cb, Nodes: bcb704dc-2543-42a4-8762-cde039a55a99{ip: 192.168.151.99, host: pr-hdds-1569-g6sp5-2013761785, networkLocation: /default-rack, certSerialId: null}, Type:RATIS, Factor:ONE, State:OPEN]
2019-09-26 15:38:53,707 [grpc-default-executor-0] INFO  impl.RaftServerProxy (RaftServerProxy.java:addNew(89)) - bcb704dc-2543-42a4-8762-cde039a55a99: addNew group-D3965145870F:[bcb704dc-2543-42a4-8762-cde039a55a99:192.168.151.99:43663] returns group-D3965145870F:java.util.concurrent.CompletableFuture@76f73625[Not completed]
2019-09-26 15:38:53,707 [pool-123-thread-1] INFO  impl.RaftServerImpl (RaftServerImpl.java:<init>(95)) - bcb704dc-2543-42a4-8762-cde039a55a99: new RaftServerImpl for group-D3965145870F:[bcb704dc-2543-42a4-8762-cde039a55a99:192.168.151.99:43663] with ContainerStateMachine:uninitialized
2019-09-26 15:38:53,707 [pool-123-thread-1] INFO  server.RaftServerConfigKeys (ConfUtils.java:logGet(43)) - raft.server.rpc.timeout.min = 5s (custom)
2019-09-26 15:38:53,707 [pool-123-thread-1] INFO  server.RaftServerConfigKeys (ConfUtils.java:logGet(43)) - raft.server.rpc.timeout.max = 5200ms (custom)
2019-09-26 15:38:53,707 [pool-123-thread-1] INFO  server.RaftServerConfigKeys (ConfUtils.java:logGet(43)) - raft.server.rpcslowness.timeout = 120s (custom)
2019-09-26 15:38:53,707 [pool-123-thread-1] INFO  server.RaftServerConfigKeys (ConfUtils.java:logGet(43)) - raft.server.sleep.deviation.threshold = 300 (default)
2019-09-26 15:38:53,708 [pool-123-thread-1] INFO  server.RaftServerConfigKeys (ConfUtils.java:logGet(43)) - raft.server.log.appender.install.snapshot.enabled = false (custom)
2019-09-26 15:38:53,708 [pool-123-thread-1] INFO  impl.RaftServerImpl (ServerState.java:<init>(103)) - bcb704dc-2543-42a4-8762-cde039a55a99@group-D3965145870F: ConfigurationManager, init=-1: [bcb704dc-2543-42a4-8762-cde039a55a99:192.168.151.99:43663], old=null, confs=<EMPTY_MAP>
2019-09-26 15:38:53,708 [pool-123-thread-1] INFO  server.RaftServerConfigKeys (ConfUtils.java:logGet(43)) - raft.server.storage.dir = [/workdir/hadoop-ozone/integration-test/target/test-dir/MiniOzoneClusterImpl-87962e32-e39f-4c57-b747-30c883c1cc54/datanode-0/data/ratis] (custom)
2019-09-26 15:38:53,708 [pool-123-thread-1] INFO  storage.RaftStorageDirectory (RaftStorageDirectory.java:analyzeStorage(246)) - The storage directory /workdir/hadoop-ozone/integration-test/target/test-dir/MiniOzoneClusterImpl-87962e32-e39f-4c57-b747-30c883c1cc54/datanode-0/data/ratis/3dc7998d-e699-4625-ad2b-d3965145870f does not exist. Creating ...
2019-09-26 15:38:53,711 [pool-123-thread-1] INFO  storage.RaftStorageDirectory (RaftStorageDirectory.java:tryLock(328)) - Lock on /workdir/hadoop-ozone/integration-test/target/test-dir/MiniOzoneClusterImpl-87962e32-e39f-4c57-b747-30c883c1cc54/datanode-0/data/ratis/3dc7998d-e699-4625-ad2b-d3965145870f/in_use.lock acquired by nodename 10626@pr-hdds-1569-g6sp5-2013761785
2019-09-26 15:38:53,714 [pool-123-thread-1] INFO  storage.RaftStorage (RaftStorage.java:format(72)) - Storage directory /workdir/hadoop-ozone/integration-test/target/test-dir/MiniOzoneClusterImpl-87962e32-e39f-4c57-b747-30c883c1cc54/datanode-0/data/ratis/3dc7998d-e699-4625-ad2b-d3965145870f has been successfully formatted.
2019-09-26 15:38:53,714 [pool-123-thread-1] INFO  ratis.ContainerStateMachine (ContainerStateMachine.java:loadSnapshot(230)) - group-D3965145870F: The snapshot info is null. Setting the last applied indexto:(t:0, i:~)
2019-09-26 15:38:53,714 [pool-123-thread-1] INFO  server.RaftServerConfigKeys (ConfUtils.java:logGet(43)) - raft.server.notification.no-leader.timeout = 120s (custom)
2019-09-26 15:38:53,714 [pool-123-thread-1] INFO  server.RaftServerConfigKeys (ConfUtils.java:logGet(43)) - raft.server.log.use.memory = false (default)
2019-09-26 15:38:53,714 [pool-123-thread-1] INFO  server.RaftServerConfigKeys (ConfUtils.java:logGet(43)) - raft.server.log.purge.gap = 1000000 (custom)
2019-09-26 15:38:53,715 [pool-123-thread-1] INFO  server.RaftServerConfigKeys (ConfUtils.java:logGet(43)) - raft.server.log.appender.buffer.byte-limit = 33554432 (custom)
2019-09-26 15:38:53,715 [pool-123-thread-1] INFO  server.RaftServerConfigKeys (ConfUtils.java:logGet(43)) - raft.server.log.segment.size.max = 1048576 (custom)
2019-09-26 15:38:53,715 [pool-123-thread-1] INFO  server.RaftServerConfigKeys (ConfUtils.java:logGet(43)) - raft.server.log.segment.cache.num.max = 2 (custom)
2019-09-26 15:38:53,715 [pool-123-thread-1] INFO  segmented.SegmentedRaftLogWorker (SegmentedRaftLogWorker.java:<init>(172)) - new bcb704dc-2543-42a4-8762-cde039a55a99@group-D3965145870F-SegmentedRaftLogWorker for RaftStorage:Storage Directory /workdir/hadoop-ozone/integration-test/target/test-dir/MiniOzoneClusterImpl-87962e32-e39f-4c57-b747-30c883c1cc54/datanode-0/data/ratis/3dc7998d-e699-4625-ad2b-d3965145870f
2019-09-26 15:38:53,715 [pool-123-thread-1] INFO  server.RaftServerConfigKeys (ConfUtils.java:logGet(43)) - raft.server.log.queue.byte-limit = 2147483647 (custom)
2019-09-26 15:38:53,715 [pool-123-thread-1] INFO  server.RaftServerConfigKeys (ConfUtils.java:logGet(43)) - raft.server.log.queue.element-limit = 1024 (custom)
2019-09-26 15:38:53,715 [pool-123-thread-1] INFO  server.RaftServerConfigKeys (ConfUtils.java:logGet(43)) - raft.server.log.segment.size.max = 1048576 (custom)
2019-09-26 15:38:53,715 [pool-123-thread-1] INFO  server.RaftServerConfigKeys (ConfUtils.java:logGet(43)) - raft.server.log.preallocated.size = 16384 (custom)
2019-09-26 15:38:53,715 [pool-123-thread-1] INFO  server.RaftServerConfigKeys (ConfUtils.java:logGet(43)) - raft.server.log.write.buffer.size = 33554432 (custom)
2019-09-26 15:38:53,715 [pool-123-thread-1] INFO  server.RaftServerConfigKeys (ConfUtils.java:logGet(43)) - raft.server.log.force.sync.num = 128 (default)
2019-09-26 15:38:53,715 [pool-123-thread-1] INFO  server.RaftServerConfigKeys (ConfUtils.java:logGet(43)) - raft.server.log.statemachine.data.sync = true (default)
2019-09-26 15:38:53,716 [pool-123-thread-1] INFO  server.RaftServerConfigKeys (ConfUtils.java:logGet(43)) - raft.server.log.statemachine.data.sync.timeout = 10s (default)
2019-09-26 15:38:53,716 [pool-123-thread-1] INFO  server.RaftServerConfigKeys (ConfUtils.java:logGet(43)) - raft.server.log.statemachine.data.sync.timeout.retry = -1 (default)
2019-09-26 15:38:53,716 [pool-123-thread-1] INFO  server.RaftServerConfigKeys (ConfUtils.java:logGet(43)) - raft.server.log.statemachine.data.caching.enabled = true (custom)
2019-09-26 15:38:53,716 [pool-123-thread-1] INFO  segmented.SegmentedRaftLogWorker (SegmentedRaftLogWorker.java:lambda$new$0(132)) - bcb704dc-2543-42a4-8762-cde039a55a99@group-D3965145870F-SegmentedRaftLogWorker: flushIndex: setUnconditionally 0 -> -1
2019-09-26 15:38:53,716 [pool-123-thread-1] INFO  server.RaftServerConfigKeys (ConfUtils.java:logGet(43)) - raft.server.snapshot.auto.trigger.enabled = true (custom)
2019-09-26 15:38:53,716 [pool-123-thread-1] INFO  server.RaftServerConfigKeys (ConfUtils.java:logGet(43)) - raft.server.snapshot.auto.trigger.threshold = 10000 (custom)
2019-09-26 15:38:53,716 [pool-123-thread-1] INFO  server.RaftServerConfigKeys (ConfUtils.java:logGet(43)) - raft.server.snapshot.retention.num.files = 5 (custom)
2019-09-26 15:38:53,717 [pool-123-thread-1] INFO  server.RaftServerConfigKeys (ConfUtils.java:logGet(43)) - raft.server.retrycache.expirytime = 600000ms (custom)
2019-09-26 15:38:53,718 [pool-123-thread-1] INFO  impl.RaftServerImpl (RaftServerImpl.java:start(185)) - bcb704dc-2543-42a4-8762-cde039a55a99@group-D3965145870F: start as a follower, conf=-1: [bcb704dc-2543-42a4-8762-cde039a55a99:192.168.151.99:43663], old=null
2019-09-26 15:38:53,718 [pool-123-thread-1] INFO  impl.RaftServerImpl (RaftServerImpl.java:setRole(174)) - bcb704dc-2543-42a4-8762-cde039a55a99@group-D3965145870F: changes role from      null to FOLLOWER at term 0 for startAsFollower
2019-09-26 15:38:53,718 [pool-123-thread-1] INFO  impl.RoleInfo (RoleInfo.java:updateAndGet(143)) - bcb704dc-2543-42a4-8762-cde039a55a99: start FollowerState
2019-09-26 15:38:53,718 [pool-123-thread-1] INFO  util.JmxRegister (JmxRegister.java:tryRegister(44)) - Successfully registered JMX Bean with object name Ratis:service=RaftServer,group=group-D3965145870F,id=bcb704dc-2543-42a4-8762-cde039a55a99
2019-09-26 15:38:53,720 [RatisPipelineUtilsThread] INFO  pipeline.PipelineStateManager (PipelineStateManager.java:addPipeline(56)) - Created pipeline Pipeline[ Id: 3dc7998d-e699-4625-ad2b-d3965145870f, Nodes: bcb704dc-2543-42a4-8762-cde039a55a99{ip: 192.168.151.99, host: pr-hdds-1569-g6sp5-2013761785, networkLocation: /default-rack, certSerialId: null}, Type:RATIS, Factor:ONE, State:OPEN]
2019-09-26 15:38:53,724 [grpc-default-executor-0] INFO  impl.RaftServerProxy (RaftServerProxy.java:addNew(89)) - bcb704dc-2543-42a4-8762-cde039a55a99: addNew group-2DF1019CC858:[bcb704dc-2543-42a4-8762-cde039a55a99:192.168.151.99:43663] returns group-2DF1019CC858:java.util.concurrent.CompletableFuture@e3a566c[Not completed]
2019-09-26 15:38:53,724 [pool-123-thread-1] INFO  impl.RaftServerImpl (RaftServerImpl.java:<init>(95)) - bcb704dc-2543-42a4-8762-cde039a55a99: new RaftServerImpl for group-2DF1019CC858:[bcb704dc-2543-42a4-8762-cde039a55a99:192.168.151.99:43663] with ContainerStateMachine:uninitialized
2019-09-26 15:38:53,724 [pool-123-thread-1] INFO  server.RaftServerConfigKeys (ConfUtils.java:logGet(43)) - raft.server.rpc.timeout.min = 5s (custom)
2019-09-26 15:38:53,724 [pool-123-thread-1] INFO  server.RaftServerConfigKeys (ConfUtils.java:logGet(43)) - raft.server.rpc.timeout.max = 5200ms (custom)
2019-09-26 15:38:53,724 [pool-123-thread-1] INFO  server.RaftServerConfigKeys (ConfUtils.java:logGet(43)) - raft.server.rpcslowness.timeout = 120s (custom)
2019-09-26 15:38:53,724 [pool-123-thread-1] INFO  server.RaftServerConfigKeys (ConfUtils.java:logGet(43)) - raft.server.sleep.deviation.threshold = 300 (default)
2019-09-26 15:38:53,725 [pool-123-thread-1] INFO  server.RaftServerConfigKeys (ConfUtils.java:logGet(43)) - raft.server.log.appender.install.snapshot.enabled = false (custom)
2019-09-26 15:38:53,725 [pool-123-thread-1] INFO  impl.RaftServerImpl (ServerState.java:<init>(103)) - bcb704dc-2543-42a4-8762-cde039a55a99@group-2DF1019CC858: ConfigurationManager, init=-1: [bcb704dc-2543-42a4-8762-cde039a55a99:192.168.151.99:43663], old=null, confs=<EMPTY_MAP>
2019-09-26 15:38:53,725 [pool-123-thread-1] INFO  server.RaftServerConfigKeys (ConfUtils.java:logGet(43)) - raft.server.storage.dir = [/workdir/hadoop-ozone/integration-test/target/test-dir/MiniOzoneClusterImpl-87962e32-e39f-4c57-b747-30c883c1cc54/datanode-0/data/ratis] (custom)
2019-09-26 15:38:53,725 [pool-123-thread-1] INFO  storage.RaftStorageDirectory (RaftStorageDirectory.java:analyzeStorage(246)) - The storage directory /workdir/hadoop-ozone/integration-test/target/test-dir/MiniOzoneClusterImpl-87962e32-e39f-4c57-b747-30c883c1cc54/datanode-0/data/ratis/6f4effe7-0940-48a0-b2ea-2df1019cc858 does not exist. Creating ...
2019-09-26 15:38:53,728 [pool-123-thread-1] INFO  storage.RaftStorageDirectory (RaftStorageDirectory.java:tryLock(328)) - Lock on /workdir/hadoop-ozone/integration-test/target/test-dir/MiniOzoneClusterImpl-87962e32-e39f-4c57-b747-30c883c1cc54/datanode-0/data/ratis/6f4effe7-0940-48a0-b2ea-2df1019cc858/in_use.lock acquired by nodename 10626@pr-hdds-1569-g6sp5-2013761785
2019-09-26 15:38:53,763 [pool-123-thread-1] INFO  storage.RaftStorage (RaftStorage.java:format(72)) - Storage directory /workdir/hadoop-ozone/integration-test/target/test-dir/MiniOzoneClusterImpl-87962e32-e39f-4c57-b747-30c883c1cc54/datanode-0/data/ratis/6f4effe7-0940-48a0-b2ea-2df1019cc858 has been successfully formatted.
2019-09-26 15:38:53,763 [pool-123-thread-1] INFO  ratis.ContainerStateMachine (ContainerStateMachine.java:loadSnapshot(230)) - group-2DF1019CC858: The snapshot info is null. Setting the last applied indexto:(t:0, i:~)
2019-09-26 15:38:53,763 [pool-123-thread-1] INFO  server.RaftServerConfigKeys (ConfUtils.java:logGet(43)) - raft.server.notification.no-leader.timeout = 120s (custom)
2019-09-26 15:38:53,764 [pool-123-thread-1] INFO  server.RaftServerConfigKeys (ConfUtils.java:logGet(43)) - raft.server.log.use.memory = false (default)
2019-09-26 15:38:53,764 [pool-123-thread-1] INFO  server.RaftServerConfigKeys (ConfUtils.java:logGet(43)) - raft.server.log.purge.gap = 1000000 (custom)
2019-09-26 15:38:53,764 [pool-123-thread-1] INFO  server.RaftServerConfigKeys (ConfUtils.java:logGet(43)) - raft.server.log.appender.buffer.byte-limit = 33554432 (custom)
2019-09-26 15:38:53,764 [pool-123-thread-1] INFO  server.RaftServerConfigKeys (ConfUtils.java:logGet(43)) - raft.server.log.segment.size.max = 1048576 (custom)
2019-09-26 15:38:53,764 [pool-123-thread-1] INFO  server.RaftServerConfigKeys (ConfUtils.java:logGet(43)) - raft.server.log.segment.cache.num.max = 2 (custom)
2019-09-26 15:38:53,764 [pool-123-thread-1] INFO  segmented.SegmentedRaftLogWorker (SegmentedRaftLogWorker.java:<init>(172)) - new bcb704dc-2543-42a4-8762-cde039a55a99@group-2DF1019CC858-SegmentedRaftLogWorker for RaftStorage:Storage Directory /workdir/hadoop-ozone/integration-test/target/test-dir/MiniOzoneClusterImpl-87962e32-e39f-4c57-b747-30c883c1cc54/datanode-0/data/ratis/6f4effe7-0940-48a0-b2ea-2df1019cc858
2019-09-26 15:38:53,765 [pool-123-thread-1] INFO  server.RaftServerConfigKeys (ConfUtils.java:logGet(43)) - raft.server.log.queue.byte-limit = 2147483647 (custom)
2019-09-26 15:38:53,765 [pool-123-thread-1] INFO  server.RaftServerConfigKeys (ConfUtils.java:logGet(43)) - raft.server.log.queue.element-limit = 1024 (custom)
2019-09-26 15:38:53,765 [pool-123-thread-1] INFO  server.RaftServerConfigKeys (ConfUtils.java:logGet(43)) - raft.server.log.segment.size.max = 1048576 (custom)
2019-09-26 15:38:53,765 [pool-123-thread-1] INFO  server.RaftServerConfigKeys (ConfUtils.java:logGet(43)) - raft.server.log.preallocated.size = 16384 (custom)
2019-09-26 15:38:53,765 [pool-123-thread-1] INFO  server.RaftServerConfigKeys (ConfUtils.java:logGet(43)) - raft.server.log.write.buffer.size = 33554432 (custom)
2019-09-26 15:38:53,765 [pool-123-thread-1] INFO  server.RaftServerConfigKeys (ConfUtils.java:logGet(43)) - raft.server.log.force.sync.num = 128 (default)
2019-09-26 15:38:53,765 [pool-123-thread-1] INFO  server.RaftServerConfigKeys (ConfUtils.java:logGet(43)) - raft.server.log.statemachine.data.sync = true (default)
2019-09-26 15:38:53,766 [pool-123-thread-1] INFO  server.RaftServerConfigKeys (ConfUtils.java:logGet(43)) - raft.server.log.statemachine.data.sync.timeout = 10s (default)
2019-09-26 15:38:53,766 [pool-123-thread-1] INFO  server.RaftServerConfigKeys (ConfUtils.java:logGet(43)) - raft.server.log.statemachine.data.sync.timeout.retry = -1 (default)
2019-09-26 15:38:53,766 [pool-123-thread-1] INFO  server.RaftServerConfigKeys (ConfUtils.java:logGet(43)) - raft.server.log.statemachine.data.caching.enabled = true (custom)
2019-09-26 15:38:53,766 [pool-123-thread-1] INFO  segmented.SegmentedRaftLogWorker (SegmentedRaftLogWorker.java:lambda$new$0(132)) - bcb704dc-2543-42a4-8762-cde039a55a99@group-2DF1019CC858-SegmentedRaftLogWorker: flushIndex: setUnconditionally 0 -> -1
2019-09-26 15:38:53,767 [pool-123-thread-1] INFO  server.RaftServerConfigKeys (ConfUtils.java:logGet(43)) - raft.server.snapshot.auto.trigger.enabled = true (custom)
2019-09-26 15:38:53,767 [pool-123-thread-1] INFO  server.RaftServerConfigKeys (ConfUtils.java:logGet(43)) - raft.server.snapshot.auto.trigger.threshold = 10000 (custom)
2019-09-26 15:38:53,767 [pool-123-thread-1] INFO  server.RaftServerConfigKeys (ConfUtils.java:logGet(43)) - raft.server.snapshot.retention.num.files = 5 (custom)
2019-09-26 15:38:53,767 [pool-123-thread-1] INFO  server.RaftServerConfigKeys (ConfUtils.java:logGet(43)) - raft.server.retrycache.expirytime = 600000ms (custom)
2019-09-26 15:38:53,769 [pool-123-thread-1] INFO  impl.RaftServerImpl (RaftServerImpl.java:start(185)) - bcb704dc-2543-42a4-8762-cde039a55a99@group-2DF1019CC858: start as a follower, conf=-1: [bcb704dc-2543-42a4-8762-cde039a55a99:192.168.151.99:43663], old=null
2019-09-26 15:38:53,769 [pool-123-thread-1] INFO  impl.RaftServerImpl (RaftServerImpl.java:setRole(174)) - bcb704dc-2543-42a4-8762-cde039a55a99@group-2DF1019CC858: changes role from      null to FOLLOWER at term 0 for startAsFollower
2019-09-26 15:38:53,769 [pool-123-thread-1] INFO  impl.RoleInfo (RoleInfo.java:updateAndGet(143)) - bcb704dc-2543-42a4-8762-cde039a55a99: start FollowerState
2019-09-26 15:38:53,769 [pool-123-thread-1] INFO  util.JmxRegister (JmxRegister.java:tryRegister(44)) - Successfully registered JMX Bean with object name Ratis:service=RaftServer,group=group-2DF1019CC858,id=bcb704dc-2543-42a4-8762-cde039a55a99
2019-09-26 15:38:53,772 [RatisPipelineUtilsThread] INFO  pipeline.PipelineStateManager (PipelineStateManager.java:addPipeline(56)) - Created pipeline Pipeline[ Id: 6f4effe7-0940-48a0-b2ea-2df1019cc858, Nodes: bcb704dc-2543-42a4-8762-cde039a55a99{ip: 192.168.151.99, host: pr-hdds-1569-g6sp5-2013761785, networkLocation: /default-rack, certSerialId: null}, Type:RATIS, Factor:ONE, State:OPEN]
2019-09-26 15:38:53,776 [grpc-default-executor-0] INFO  impl.RaftServerProxy (RaftServerProxy.java:addNew(89)) - bcb704dc-2543-42a4-8762-cde039a55a99: addNew group-3437F81E835A:[bcb704dc-2543-42a4-8762-cde039a55a99:192.168.151.99:43663] returns group-3437F81E835A:java.util.concurrent.CompletableFuture@6ea62c0c[Not completed]
2019-09-26 15:38:53,776 [pool-123-thread-1] INFO  impl.RaftServerImpl (RaftServerImpl.java:<init>(95)) - bcb704dc-2543-42a4-8762-cde039a55a99: new RaftServerImpl for group-3437F81E835A:[bcb704dc-2543-42a4-8762-cde039a55a99:192.168.151.99:43663] with ContainerStateMachine:uninitialized
2019-09-26 15:38:53,777 [pool-123-thread-1] INFO  server.RaftServerConfigKeys (ConfUtils.java:logGet(43)) - raft.server.rpc.timeout.min = 5s (custom)
2019-09-26 15:38:53,777 [pool-123-thread-1] INFO  server.RaftServerConfigKeys (ConfUtils.java:logGet(43)) - raft.server.rpc.timeout.max = 5200ms (custom)
2019-09-26 15:38:53,777 [pool-123-thread-1] INFO  server.RaftServerConfigKeys (ConfUtils.java:logGet(43)) - raft.server.rpcslowness.timeout = 120s (custom)
2019-09-26 15:38:53,777 [pool-123-thread-1] INFO  server.RaftServerConfigKeys (ConfUtils.java:logGet(43)) - raft.server.sleep.deviation.threshold = 300 (default)
2019-09-26 15:38:53,777 [pool-123-thread-1] INFO  server.RaftServerConfigKeys (ConfUtils.java:logGet(43)) - raft.server.log.appender.install.snapshot.enabled = false (custom)
2019-09-26 15:38:53,777 [pool-123-thread-1] INFO  impl.RaftServerImpl (ServerState.java:<init>(103)) - bcb704dc-2543-42a4-8762-cde039a55a99@group-3437F81E835A: ConfigurationManager, init=-1: [bcb704dc-2543-42a4-8762-cde039a55a99:192.168.151.99:43663], old=null, confs=<EMPTY_MAP>
2019-09-26 15:38:53,777 [pool-123-thread-1] INFO  server.RaftServerConfigKeys (ConfUtils.java:logGet(43)) - raft.server.storage.dir = [/workdir/hadoop-ozone/integration-test/target/test-dir/MiniOzoneClusterImpl-87962e32-e39f-4c57-b747-30c883c1cc54/datanode-0/data/ratis] (custom)
2019-09-26 15:38:53,778 [pool-123-thread-1] INFO  storage.RaftStorageDirectory (RaftStorageDirectory.java:analyzeStorage(246)) - The storage directory /workdir/hadoop-ozone/integration-test/target/test-dir/MiniOzoneClusterImpl-87962e32-e39f-4c57-b747-30c883c1cc54/datanode-0/data/ratis/ee669716-4e93-4593-8961-3437f81e835a does not exist. Creating ...
2019-09-26 15:38:53,798 [pool-123-thread-1] INFO  storage.RaftStorageDirectory (RaftStorageDirectory.java:tryLock(328)) - Lock on /workdir/hadoop-ozone/integration-test/target/test-dir/MiniOzoneClusterImpl-87962e32-e39f-4c57-b747-30c883c1cc54/datanode-0/data/ratis/ee669716-4e93-4593-8961-3437f81e835a/in_use.lock acquired by nodename 10626@pr-hdds-1569-g6sp5-2013761785
2019-09-26 15:38:53,811 [pool-123-thread-1] INFO  storage.RaftStorage (RaftStorage.java:format(72)) - Storage directory /workdir/hadoop-ozone/integration-test/target/test-dir/MiniOzoneClusterImpl-87962e32-e39f-4c57-b747-30c883c1cc54/datanode-0/data/ratis/ee669716-4e93-4593-8961-3437f81e835a has been successfully formatted.
2019-09-26 15:38:53,812 [pool-123-thread-1] INFO  ratis.ContainerStateMachine (ContainerStateMachine.java:loadSnapshot(230)) - group-3437F81E835A: The snapshot info is null. Setting the last applied indexto:(t:0, i:~)
2019-09-26 15:38:53,812 [pool-123-thread-1] INFO  server.RaftServerConfigKeys (ConfUtils.java:logGet(43)) - raft.server.notification.no-leader.timeout = 120s (custom)
2019-09-26 15:38:53,812 [pool-123-thread-1] INFO  server.RaftServerConfigKeys (ConfUtils.java:logGet(43)) - raft.server.log.use.memory = false (default)
2019-09-26 15:38:53,812 [pool-123-thread-1] INFO  server.RaftServerConfigKeys (ConfUtils.java:logGet(43)) - raft.server.log.purge.gap = 1000000 (custom)
2019-09-26 15:38:53,812 [pool-123-thread-1] INFO  server.RaftServerConfigKeys (ConfUtils.java:logGet(43)) - raft.server.log.appender.buffer.byte-limit = 33554432 (custom)
2019-09-26 15:38:53,812 [pool-123-thread-1] INFO  server.RaftServerConfigKeys (ConfUtils.java:logGet(43)) - raft.server.log.segment.size.max = 1048576 (custom)
2019-09-26 15:38:53,813 [pool-123-thread-1] INFO  server.RaftServerConfigKeys (ConfUtils.java:logGet(43)) - raft.server.log.segment.cache.num.max = 2 (custom)
2019-09-26 15:38:53,813 [pool-123-thread-1] INFO  segmented.SegmentedRaftLogWorker (SegmentedRaftLogWorker.java:<init>(172)) - new bcb704dc-2543-42a4-8762-cde039a55a99@group-3437F81E835A-SegmentedRaftLogWorker for RaftStorage:Storage Directory /workdir/hadoop-ozone/integration-test/target/test-dir/MiniOzoneClusterImpl-87962e32-e39f-4c57-b747-30c883c1cc54/datanode-0/data/ratis/ee669716-4e93-4593-8961-3437f81e835a
2019-09-26 15:38:53,813 [pool-123-thread-1] INFO  server.RaftServerConfigKeys (ConfUtils.java:logGet(43)) - raft.server.log.queue.byte-limit = 2147483647 (custom)
2019-09-26 15:38:53,813 [pool-123-thread-1] INFO  server.RaftServerConfigKeys (ConfUtils.java:logGet(43)) - raft.server.log.queue.element-limit = 1024 (custom)
2019-09-26 15:38:53,813 [pool-123-thread-1] INFO  server.RaftServerConfigKeys (ConfUtils.java:logGet(43)) - raft.server.log.segment.size.max = 1048576 (custom)
2019-09-26 15:38:53,813 [pool-123-thread-1] INFO  server.RaftServerConfigKeys (ConfUtils.java:logGet(43)) - raft.server.log.preallocated.size = 16384 (custom)
2019-09-26 15:38:53,813 [pool-123-thread-1] INFO  server.RaftServerConfigKeys (ConfUtils.java:logGet(43)) - raft.server.log.write.buffer.size = 33554432 (custom)
2019-09-26 15:38:53,813 [pool-123-thread-1] INFO  server.RaftServerConfigKeys (ConfUtils.java:logGet(43)) - raft.server.log.force.sync.num = 128 (default)
2019-09-26 15:38:53,814 [pool-123-thread-1] INFO  server.RaftServerConfigKeys (ConfUtils.java:logGet(43)) - raft.server.log.statemachine.data.sync = true (default)
2019-09-26 15:38:53,814 [pool-123-thread-1] INFO  server.RaftServerConfigKeys (ConfUtils.java:logGet(43)) - raft.server.log.statemachine.data.sync.timeout = 10s (default)
2019-09-26 15:38:53,814 [pool-123-thread-1] INFO  server.RaftServerConfigKeys (ConfUtils.java:logGet(43)) - raft.server.log.statemachine.data.sync.timeout.retry = -1 (default)
2019-09-26 15:38:53,814 [pool-123-thread-1] INFO  server.RaftServerConfigKeys (ConfUtils.java:logGet(43)) - raft.server.log.statemachine.data.caching.enabled = true (custom)
2019-09-26 15:38:53,814 [pool-123-thread-1] INFO  segmented.SegmentedRaftLogWorker (SegmentedRaftLogWorker.java:lambda$new$0(132)) - bcb704dc-2543-42a4-8762-cde039a55a99@group-3437F81E835A-SegmentedRaftLogWorker: flushIndex: setUnconditionally 0 -> -1
2019-09-26 15:38:53,815 [pool-123-thread-1] INFO  server.RaftServerConfigKeys (ConfUtils.java:logGet(43)) - raft.server.snapshot.auto.trigger.enabled = true (custom)
2019-09-26 15:38:53,815 [pool-123-thread-1] INFO  server.RaftServerConfigKeys (ConfUtils.java:logGet(43)) - raft.server.snapshot.auto.trigger.threshold = 10000 (custom)
2019-09-26 15:38:53,815 [pool-123-thread-1] INFO  server.RaftServerConfigKeys (ConfUtils.java:logGet(43)) - raft.server.snapshot.retention.num.files = 5 (custom)
2019-09-26 15:38:53,815 [pool-123-thread-1] INFO  server.RaftServerConfigKeys (ConfUtils.java:logGet(43)) - raft.server.retrycache.expirytime = 600000ms (custom)
2019-09-26 15:38:53,816 [pool-123-thread-1] INFO  impl.RaftServerImpl (RaftServerImpl.java:start(185)) - bcb704dc-2543-42a4-8762-cde039a55a99@group-3437F81E835A: start as a follower, conf=-1: [bcb704dc-2543-42a4-8762-cde039a55a99:192.168.151.99:43663], old=null
2019-09-26 15:38:53,817 [pool-123-thread-1] INFO  impl.RaftServerImpl (RaftServerImpl.java:setRole(174)) - bcb704dc-2543-42a4-8762-cde039a55a99@group-3437F81E835A: changes role from      null to FOLLOWER at term 0 for startAsFollower
2019-09-26 15:38:53,817 [pool-123-thread-1] INFO  impl.RoleInfo (RoleInfo.java:updateAndGet(143)) - bcb704dc-2543-42a4-8762-cde039a55a99: start FollowerState
2019-09-26 15:38:53,817 [pool-123-thread-1] INFO  util.JmxRegister (JmxRegister.java:tryRegister(44)) - Successfully registered JMX Bean with object name Ratis:service=RaftServer,group=group-3437F81E835A,id=bcb704dc-2543-42a4-8762-cde039a55a99
2019-09-26 15:38:53,819 [RatisPipelineUtilsThread] INFO  pipeline.PipelineStateManager (PipelineStateManager.java:addPipeline(56)) - Created pipeline Pipeline[ Id: ee669716-4e93-4593-8961-3437f81e835a, Nodes: bcb704dc-2543-42a4-8762-cde039a55a99{ip: 192.168.151.99, host: pr-hdds-1569-g6sp5-2013761785, networkLocation: /default-rack, certSerialId: null}, Type:RATIS, Factor:ONE, State:OPEN]
2019-09-26 15:38:53,824 [grpc-default-executor-0] INFO  impl.RaftServerProxy (RaftServerProxy.java:addNew(89)) - bcb704dc-2543-42a4-8762-cde039a55a99: addNew group-D7351C744959:[bcb704dc-2543-42a4-8762-cde039a55a99:192.168.151.99:43663] returns group-D7351C744959:java.util.concurrent.CompletableFuture@5e949424[Not completed]
2019-09-26 15:38:53,824 [pool-123-thread-1] INFO  impl.RaftServerImpl (RaftServerImpl.java:<init>(95)) - bcb704dc-2543-42a4-8762-cde039a55a99: new RaftServerImpl for group-D7351C744959:[bcb704dc-2543-42a4-8762-cde039a55a99:192.168.151.99:43663] with ContainerStateMachine:uninitialized
2019-09-26 15:38:53,825 [pool-123-thread-1] INFO  server.RaftServerConfigKeys (ConfUtils.java:logGet(43)) - raft.server.rpc.timeout.min = 5s (custom)
2019-09-26 15:38:53,825 [pool-123-thread-1] INFO  server.RaftServerConfigKeys (ConfUtils.java:logGet(43)) - raft.server.rpc.timeout.max = 5200ms (custom)
2019-09-26 15:38:53,825 [pool-123-thread-1] INFO  server.RaftServerConfigKeys (ConfUtils.java:logGet(43)) - raft.server.rpcslowness.timeout = 120s (custom)
2019-09-26 15:38:53,825 [pool-123-thread-1] INFO  server.RaftServerConfigKeys (ConfUtils.java:logGet(43)) - raft.server.sleep.deviation.threshold = 300 (default)
2019-09-26 15:38:53,825 [pool-123-thread-1] INFO  server.RaftServerConfigKeys (ConfUtils.java:logGet(43)) - raft.server.log.appender.install.snapshot.enabled = false (custom)
2019-09-26 15:38:53,825 [pool-123-thread-1] INFO  impl.RaftServerImpl (ServerState.java:<init>(103)) - bcb704dc-2543-42a4-8762-cde039a55a99@group-D7351C744959: ConfigurationManager, init=-1: [bcb704dc-2543-42a4-8762-cde039a55a99:192.168.151.99:43663], old=null, confs=<EMPTY_MAP>
2019-09-26 15:38:53,826 [pool-123-thread-1] INFO  server.RaftServerConfigKeys (ConfUtils.java:logGet(43)) - raft.server.storage.dir = [/workdir/hadoop-ozone/integration-test/target/test-dir/MiniOzoneClusterImpl-87962e32-e39f-4c57-b747-30c883c1cc54/datanode-0/data/ratis] (custom)
2019-09-26 15:38:53,826 [pool-123-thread-1] INFO  storage.RaftStorageDirectory (RaftStorageDirectory.java:analyzeStorage(246)) - The storage directory /workdir/hadoop-ozone/integration-test/target/test-dir/MiniOzoneClusterImpl-87962e32-e39f-4c57-b747-30c883c1cc54/datanode-0/data/ratis/f853f2b2-d8b2-40a0-bff9-d7351c744959 does not exist. Creating ...
2019-09-26 15:38:53,839 [pool-123-thread-1] INFO  storage.RaftStorageDirectory (RaftStorageDirectory.java:tryLock(328)) - Lock on /workdir/hadoop-ozone/integration-test/target/test-dir/MiniOzoneClusterImpl-87962e32-e39f-4c57-b747-30c883c1cc54/datanode-0/data/ratis/f853f2b2-d8b2-40a0-bff9-d7351c744959/in_use.lock acquired by nodename 10626@pr-hdds-1569-g6sp5-2013761785
2019-09-26 15:38:53,852 [pool-123-thread-1] INFO  storage.RaftStorage (RaftStorage.java:format(72)) - Storage directory /workdir/hadoop-ozone/integration-test/target/test-dir/MiniOzoneClusterImpl-87962e32-e39f-4c57-b747-30c883c1cc54/datanode-0/data/ratis/f853f2b2-d8b2-40a0-bff9-d7351c744959 has been successfully formatted.
2019-09-26 15:38:53,852 [pool-123-thread-1] INFO  ratis.ContainerStateMachine (ContainerStateMachine.java:loadSnapshot(230)) - group-D7351C744959: The snapshot info is null. Setting the last applied indexto:(t:0, i:~)
2019-09-26 15:38:53,852 [pool-123-thread-1] INFO  server.RaftServerConfigKeys (ConfUtils.java:logGet(43)) - raft.server.notification.no-leader.timeout = 120s (custom)
2019-09-26 15:38:53,853 [pool-123-thread-1] INFO  server.RaftServerConfigKeys (ConfUtils.java:logGet(43)) - raft.server.log.use.memory = false (default)
2019-09-26 15:38:53,853 [pool-123-thread-1] INFO  server.RaftServerConfigKeys (ConfUtils.java:logGet(43)) - raft.server.log.purge.gap = 1000000 (custom)
2019-09-26 15:38:53,853 [pool-123-thread-1] INFO  server.RaftServerConfigKeys (ConfUtils.java:logGet(43)) - raft.server.log.appender.buffer.byte-limit = 33554432 (custom)
2019-09-26 15:38:53,853 [pool-123-thread-1] INFO  server.RaftServerConfigKeys (ConfUtils.java:logGet(43)) - raft.server.log.segment.size.max = 1048576 (custom)
2019-09-26 15:38:53,853 [pool-123-thread-1] INFO  server.RaftServerConfigKeys (ConfUtils.java:logGet(43)) - raft.server.log.segment.cache.num.max = 2 (custom)
2019-09-26 15:38:53,853 [pool-123-thread-1] INFO  segmented.SegmentedRaftLogWorker (SegmentedRaftLogWorker.java:<init>(172)) - new bcb704dc-2543-42a4-8762-cde039a55a99@group-D7351C744959-SegmentedRaftLogWorker for RaftStorage:Storage Directory /workdir/hadoop-ozone/integration-test/target/test-dir/MiniOzoneClusterImpl-87962e32-e39f-4c57-b747-30c883c1cc54/datanode-0/data/ratis/f853f2b2-d8b2-40a0-bff9-d7351c744959
2019-09-26 15:38:53,853 [pool-123-thread-1] INFO  server.RaftServerConfigKeys (ConfUtils.java:logGet(43)) - raft.server.log.queue.byte-limit = 2147483647 (custom)
2019-09-26 15:38:53,854 [pool-123-thread-1] INFO  server.RaftServerConfigKeys (ConfUtils.java:logGet(43)) - raft.server.log.queue.element-limit = 1024 (custom)
2019-09-26 15:38:53,854 [pool-123-thread-1] INFO  server.RaftServerConfigKeys (ConfUtils.java:logGet(43)) - raft.server.log.segment.size.max = 1048576 (custom)
2019-09-26 15:38:53,854 [pool-123-thread-1] INFO  server.RaftServerConfigKeys (ConfUtils.java:logGet(43)) - raft.server.log.preallocated.size = 16384 (custom)
2019-09-26 15:38:53,854 [pool-123-thread-1] INFO  server.RaftServerConfigKeys (ConfUtils.java:logGet(43)) - raft.server.log.write.buffer.size = 33554432 (custom)
2019-09-26 15:38:53,854 [pool-123-thread-1] INFO  server.RaftServerConfigKeys (ConfUtils.java:logGet(43)) - raft.server.log.force.sync.num = 128 (default)
2019-09-26 15:38:53,854 [pool-123-thread-1] INFO  server.RaftServerConfigKeys (ConfUtils.java:logGet(43)) - raft.server.log.statemachine.data.sync = true (default)
2019-09-26 15:38:53,854 [pool-123-thread-1] INFO  server.RaftServerConfigKeys (ConfUtils.java:logGet(43)) - raft.server.log.statemachine.data.sync.timeout = 10s (default)
2019-09-26 15:38:53,854 [pool-123-thread-1] INFO  server.RaftServerConfigKeys (ConfUtils.java:logGet(43)) - raft.server.log.statemachine.data.sync.timeout.retry = -1 (default)
2019-09-26 15:38:53,855 [pool-123-thread-1] INFO  server.RaftServerConfigKeys (ConfUtils.java:logGet(43)) - raft.server.log.statemachine.data.caching.enabled = true (custom)
2019-09-26 15:38:53,855 [pool-123-thread-1] INFO  segmented.SegmentedRaftLogWorker (SegmentedRaftLogWorker.java:lambda$new$0(132)) - bcb704dc-2543-42a4-8762-cde039a55a99@group-D7351C744959-SegmentedRaftLogWorker: flushIndex: setUnconditionally 0 -> -1
2019-09-26 15:38:53,855 [pool-123-thread-1] INFO  server.RaftServerConfigKeys (ConfUtils.java:logGet(43)) - raft.server.snapshot.auto.trigger.enabled = true (custom)
2019-09-26 15:38:53,856 [pool-123-thread-1] INFO  server.RaftServerConfigKeys (ConfUtils.java:logGet(43)) - raft.server.snapshot.auto.trigger.threshold = 10000 (custom)
2019-09-26 15:38:53,856 [pool-123-thread-1] INFO  server.RaftServerConfigKeys (ConfUtils.java:logGet(43)) - raft.server.snapshot.retention.num.files = 5 (custom)
2019-09-26 15:38:53,856 [pool-123-thread-1] INFO  server.RaftServerConfigKeys (ConfUtils.java:logGet(43)) - raft.server.retrycache.expirytime = 600000ms (custom)
2019-09-26 15:38:53,857 [pool-123-thread-1] INFO  impl.RaftServerImpl (RaftServerImpl.java:start(185)) - bcb704dc-2543-42a4-8762-cde039a55a99@group-D7351C744959: start as a follower, conf=-1: [bcb704dc-2543-42a4-8762-cde039a55a99:192.168.151.99:43663], old=null
2019-09-26 15:38:53,858 [pool-123-thread-1] INFO  impl.RaftServerImpl (RaftServerImpl.java:setRole(174)) - bcb704dc-2543-42a4-8762-cde039a55a99@group-D7351C744959: changes role from      null to FOLLOWER at term 0 for startAsFollower
2019-09-26 15:38:53,858 [pool-123-thread-1] INFO  impl.RoleInfo (RoleInfo.java:updateAndGet(143)) - bcb704dc-2543-42a4-8762-cde039a55a99: start FollowerState
2019-09-26 15:38:53,858 [pool-123-thread-1] INFO  util.JmxRegister (JmxRegister.java:tryRegister(44)) - Successfully registered JMX Bean with object name Ratis:service=RaftServer,group=group-D7351C744959,id=bcb704dc-2543-42a4-8762-cde039a55a99
2019-09-26 15:38:53,865 [RatisPipelineUtilsThread] INFO  pipeline.PipelineStateManager (PipelineStateManager.java:addPipeline(56)) - Created pipeline Pipeline[ Id: f853f2b2-d8b2-40a0-bff9-d7351c744959, Nodes: bcb704dc-2543-42a4-8762-cde039a55a99{ip: 192.168.151.99, host: pr-hdds-1569-g6sp5-2013761785, networkLocation: /default-rack, certSerialId: null}, Type:RATIS, Factor:ONE, State:OPEN]
2019-09-26 15:38:53,871 [grpc-default-executor-0] INFO  impl.RaftServerProxy (RaftServerProxy.java:addNew(89)) - bcb704dc-2543-42a4-8762-cde039a55a99: addNew group-9AC2B376FF9C:[bcb704dc-2543-42a4-8762-cde039a55a99:192.168.151.99:43663] returns group-9AC2B376FF9C:java.util.concurrent.CompletableFuture@5bf8dad8[Not completed]
2019-09-26 15:38:53,872 [pool-123-thread-1] INFO  impl.RaftServerImpl (RaftServerImpl.java:<init>(95)) - bcb704dc-2543-42a4-8762-cde039a55a99: new RaftServerImpl for group-9AC2B376FF9C:[bcb704dc-2543-42a4-8762-cde039a55a99:192.168.151.99:43663] with ContainerStateMachine:uninitialized
2019-09-26 15:38:53,872 [pool-123-thread-1] INFO  server.RaftServerConfigKeys (ConfUtils.java:logGet(43)) - raft.server.rpc.timeout.min = 5s (custom)
2019-09-26 15:38:53,872 [pool-123-thread-1] INFO  server.RaftServerConfigKeys (ConfUtils.java:logGet(43)) - raft.server.rpc.timeout.max = 5200ms (custom)
2019-09-26 15:38:53,872 [pool-123-thread-1] INFO  server.RaftServerConfigKeys (ConfUtils.java:logGet(43)) - raft.server.rpcslowness.timeout = 120s (custom)
2019-09-26 15:38:53,872 [pool-123-thread-1] INFO  server.RaftServerConfigKeys (ConfUtils.java:logGet(43)) - raft.server.sleep.deviation.threshold = 300 (default)
2019-09-26 15:38:53,872 [pool-123-thread-1] INFO  server.RaftServerConfigKeys (ConfUtils.java:logGet(43)) - raft.server.log.appender.install.snapshot.enabled = false (custom)
2019-09-26 15:38:53,872 [pool-123-thread-1] INFO  impl.RaftServerImpl (ServerState.java:<init>(103)) - bcb704dc-2543-42a4-8762-cde039a55a99@group-9AC2B376FF9C: ConfigurationManager, init=-1: [bcb704dc-2543-42a4-8762-cde039a55a99:192.168.151.99:43663], old=null, confs=<EMPTY_MAP>
2019-09-26 15:38:53,873 [pool-123-thread-1] INFO  server.RaftServerConfigKeys (ConfUtils.java:logGet(43)) - raft.server.storage.dir = [/workdir/hadoop-ozone/integration-test/target/test-dir/MiniOzoneClusterImpl-87962e32-e39f-4c57-b747-30c883c1cc54/datanode-0/data/ratis] (custom)
2019-09-26 15:38:53,873 [pool-123-thread-1] INFO  storage.RaftStorageDirectory (RaftStorageDirectory.java:analyzeStorage(246)) - The storage directory /workdir/hadoop-ozone/integration-test/target/test-dir/MiniOzoneClusterImpl-87962e32-e39f-4c57-b747-30c883c1cc54/datanode-0/data/ratis/9bad6295-f406-4d64-a656-9ac2b376ff9c does not exist. Creating ...
2019-09-26 15:38:53,886 [pool-123-thread-1] INFO  storage.RaftStorageDirectory (RaftStorageDirectory.java:tryLock(328)) - Lock on /workdir/hadoop-ozone/integration-test/target/test-dir/MiniOzoneClusterImpl-87962e32-e39f-4c57-b747-30c883c1cc54/datanode-0/data/ratis/9bad6295-f406-4d64-a656-9ac2b376ff9c/in_use.lock acquired by nodename 10626@pr-hdds-1569-g6sp5-2013761785
2019-09-26 15:38:53,899 [pool-123-thread-1] INFO  storage.RaftStorage (RaftStorage.java:format(72)) - Storage directory /workdir/hadoop-ozone/integration-test/target/test-dir/MiniOzoneClusterImpl-87962e32-e39f-4c57-b747-30c883c1cc54/datanode-0/data/ratis/9bad6295-f406-4d64-a656-9ac2b376ff9c has been successfully formatted.
2019-09-26 15:38:53,899 [pool-123-thread-1] INFO  ratis.ContainerStateMachine (ContainerStateMachine.java:loadSnapshot(230)) - group-9AC2B376FF9C: The snapshot info is null. Setting the last applied indexto:(t:0, i:~)
2019-09-26 15:38:53,900 [pool-123-thread-1] INFO  server.RaftServerConfigKeys (ConfUtils.java:logGet(43)) - raft.server.notification.no-leader.timeout = 120s (custom)
2019-09-26 15:38:53,900 [pool-123-thread-1] INFO  server.RaftServerConfigKeys (ConfUtils.java:logGet(43)) - raft.server.log.use.memory = false (default)
2019-09-26 15:38:53,900 [pool-123-thread-1] INFO  server.RaftServerConfigKeys (ConfUtils.java:logGet(43)) - raft.server.log.purge.gap = 1000000 (custom)
2019-09-26 15:38:53,900 [pool-123-thread-1] INFO  server.RaftServerConfigKeys (ConfUtils.java:logGet(43)) - raft.server.log.appender.buffer.byte-limit = 33554432 (custom)
2019-09-26 15:38:53,900 [pool-123-thread-1] INFO  server.RaftServerConfigKeys (ConfUtils.java:logGet(43)) - raft.server.log.segment.size.max = 1048576 (custom)
2019-09-26 15:38:53,900 [pool-123-thread-1] INFO  server.RaftServerConfigKeys (ConfUtils.java:logGet(43)) - raft.server.log.segment.cache.num.max = 2 (custom)
2019-09-26 15:38:53,901 [pool-123-thread-1] INFO  segmented.SegmentedRaftLogWorker (SegmentedRaftLogWorker.java:<init>(172)) - new bcb704dc-2543-42a4-8762-cde039a55a99@group-9AC2B376FF9C-SegmentedRaftLogWorker for RaftStorage:Storage Directory /workdir/hadoop-ozone/integration-test/target/test-dir/MiniOzoneClusterImpl-87962e32-e39f-4c57-b747-30c883c1cc54/datanode-0/data/ratis/9bad6295-f406-4d64-a656-9ac2b376ff9c
2019-09-26 15:38:53,901 [pool-123-thread-1] INFO  server.RaftServerConfigKeys (ConfUtils.java:logGet(43)) - raft.server.log.queue.byte-limit = 2147483647 (custom)
2019-09-26 15:38:53,901 [pool-123-thread-1] INFO  server.RaftServerConfigKeys (ConfUtils.java:logGet(43)) - raft.server.log.queue.element-limit = 1024 (custom)
2019-09-26 15:38:53,901 [pool-123-thread-1] INFO  server.RaftServerConfigKeys (ConfUtils.java:logGet(43)) - raft.server.log.segment.size.max = 1048576 (custom)
2019-09-26 15:38:53,901 [pool-123-thread-1] INFO  server.RaftServerConfigKeys (ConfUtils.java:logGet(43)) - raft.server.log.preallocated.size = 16384 (custom)
2019-09-26 15:38:53,901 [pool-123-thread-1] INFO  server.RaftServerConfigKeys (ConfUtils.java:logGet(43)) - raft.server.log.write.buffer.size = 33554432 (custom)
2019-09-26 15:38:53,902 [pool-123-thread-1] INFO  server.RaftServerConfigKeys (ConfUtils.java:logGet(43)) - raft.server.log.force.sync.num = 128 (default)
2019-09-26 15:38:53,902 [pool-123-thread-1] INFO  server.RaftServerConfigKeys (ConfUtils.java:logGet(43)) - raft.server.log.statemachine.data.sync = true (default)
2019-09-26 15:38:53,902 [pool-123-thread-1] INFO  server.RaftServerConfigKeys (ConfUtils.java:logGet(43)) - raft.server.log.statemachine.data.sync.timeout = 10s (default)
2019-09-26 15:38:53,902 [pool-123-thread-1] INFO  server.RaftServerConfigKeys (ConfUtils.java:logGet(43)) - raft.server.log.statemachine.data.sync.timeout.retry = -1 (default)
2019-09-26 15:38:53,902 [pool-123-thread-1] INFO  server.RaftServerConfigKeys (ConfUtils.java:logGet(43)) - raft.server.log.statemachine.data.caching.enabled = true (custom)
2019-09-26 15:38:53,902 [pool-123-thread-1] INFO  segmented.SegmentedRaftLogWorker (SegmentedRaftLogWorker.java:lambda$new$0(132)) - bcb704dc-2543-42a4-8762-cde039a55a99@group-9AC2B376FF9C-SegmentedRaftLogWorker: flushIndex: setUnconditionally 0 -> -1
2019-09-26 15:38:53,903 [pool-123-thread-1] INFO  server.RaftServerConfigKeys (ConfUtils.java:logGet(43)) - raft.server.snapshot.auto.trigger.enabled = true (custom)
2019-09-26 15:38:53,903 [pool-123-thread-1] INFO  server.RaftServerConfigKeys (ConfUtils.java:logGet(43)) - raft.server.snapshot.auto.trigger.threshold = 10000 (custom)
2019-09-26 15:38:53,903 [pool-123-thread-1] INFO  server.RaftServerConfigKeys (ConfUtils.java:logGet(43)) - raft.server.snapshot.retention.num.files = 5 (custom)
2019-09-26 15:38:53,903 [pool-123-thread-1] INFO  server.RaftServerConfigKeys (ConfUtils.java:logGet(43)) - raft.server.retrycache.expirytime = 600000ms (custom)
2019-09-26 15:38:53,905 [pool-123-thread-1] INFO  impl.RaftServerImpl (RaftServerImpl.java:start(185)) - bcb704dc-2543-42a4-8762-cde039a55a99@group-9AC2B376FF9C: start as a follower, conf=-1: [bcb704dc-2543-42a4-8762-cde039a55a99:192.168.151.99:43663], old=null
2019-09-26 15:38:53,905 [pool-123-thread-1] INFO  impl.RaftServerImpl (RaftServerImpl.java:setRole(174)) - bcb704dc-2543-42a4-8762-cde039a55a99@group-9AC2B376FF9C: changes role from      null to FOLLOWER at term 0 for startAsFollower
2019-09-26 15:38:53,906 [pool-123-thread-1] INFO  impl.RoleInfo (RoleInfo.java:updateAndGet(143)) - bcb704dc-2543-42a4-8762-cde039a55a99: start FollowerState
2019-09-26 15:38:53,906 [pool-123-thread-1] INFO  util.JmxRegister (JmxRegister.java:tryRegister(44)) - Successfully registered JMX Bean with object name Ratis:service=RaftServer,group=group-9AC2B376FF9C,id=bcb704dc-2543-42a4-8762-cde039a55a99
2019-09-26 15:38:53,909 [RatisPipelineUtilsThread] INFO  pipeline.PipelineStateManager (PipelineStateManager.java:addPipeline(56)) - Created pipeline Pipeline[ Id: 9bad6295-f406-4d64-a656-9ac2b376ff9c, Nodes: bcb704dc-2543-42a4-8762-cde039a55a99{ip: 192.168.151.99, host: pr-hdds-1569-g6sp5-2013761785, networkLocation: /default-rack, certSerialId: null}, Type:RATIS, Factor:ONE, State:OPEN]
2019-09-26 15:38:53,913 [grpc-default-executor-0] INFO  impl.RaftServerProxy (RaftServerProxy.java:addNew(89)) - bcb704dc-2543-42a4-8762-cde039a55a99: addNew group-19D4A5527A8A:[bcb704dc-2543-42a4-8762-cde039a55a99:192.168.151.99:43663] returns group-19D4A5527A8A:java.util.concurrent.CompletableFuture@2a24d987[Not completed]
2019-09-26 15:38:53,914 [pool-123-thread-1] INFO  impl.RaftServerImpl (RaftServerImpl.java:<init>(95)) - bcb704dc-2543-42a4-8762-cde039a55a99: new RaftServerImpl for group-19D4A5527A8A:[bcb704dc-2543-42a4-8762-cde039a55a99:192.168.151.99:43663] with ContainerStateMachine:uninitialized
2019-09-26 15:38:53,914 [pool-123-thread-1] INFO  server.RaftServerConfigKeys (ConfUtils.java:logGet(43)) - raft.server.rpc.timeout.min = 5s (custom)
2019-09-26 15:38:53,914 [pool-123-thread-1] INFO  server.RaftServerConfigKeys (ConfUtils.java:logGet(43)) - raft.server.rpc.timeout.max = 5200ms (custom)
2019-09-26 15:38:53,914 [pool-123-thread-1] INFO  server.RaftServerConfigKeys (ConfUtils.java:logGet(43)) - raft.server.rpcslowness.timeout = 120s (custom)
2019-09-26 15:38:53,914 [pool-123-thread-1] INFO  server.RaftServerConfigKeys (ConfUtils.java:logGet(43)) - raft.server.sleep.deviation.threshold = 300 (default)
2019-09-26 15:38:53,915 [pool-123-thread-1] INFO  server.RaftServerConfigKeys (ConfUtils.java:logGet(43)) - raft.server.log.appender.install.snapshot.enabled = false (custom)
2019-09-26 15:38:53,915 [pool-123-thread-1] INFO  impl.RaftServerImpl (ServerState.java:<init>(103)) - bcb704dc-2543-42a4-8762-cde039a55a99@group-19D4A5527A8A: ConfigurationManager, init=-1: [bcb704dc-2543-42a4-8762-cde039a55a99:192.168.151.99:43663], old=null, confs=<EMPTY_MAP>
2019-09-26 15:38:53,915 [pool-123-thread-1] INFO  server.RaftServerConfigKeys (ConfUtils.java:logGet(43)) - raft.server.storage.dir = [/workdir/hadoop-ozone/integration-test/target/test-dir/MiniOzoneClusterImpl-87962e32-e39f-4c57-b747-30c883c1cc54/datanode-0/data/ratis] (custom)
2019-09-26 15:38:53,915 [pool-123-thread-1] INFO  storage.RaftStorageDirectory (RaftStorageDirectory.java:analyzeStorage(246)) - The storage directory /workdir/hadoop-ozone/integration-test/target/test-dir/MiniOzoneClusterImpl-87962e32-e39f-4c57-b747-30c883c1cc54/datanode-0/data/ratis/89e54bb4-b7c9-4c70-abb3-19d4a5527a8a does not exist. Creating ...
2019-09-26 15:38:53,928 [pool-123-thread-1] INFO  storage.RaftStorageDirectory (RaftStorageDirectory.java:tryLock(328)) - Lock on /workdir/hadoop-ozone/integration-test/target/test-dir/MiniOzoneClusterImpl-87962e32-e39f-4c57-b747-30c883c1cc54/datanode-0/data/ratis/89e54bb4-b7c9-4c70-abb3-19d4a5527a8a/in_use.lock acquired by nodename 10626@pr-hdds-1569-g6sp5-2013761785
2019-09-26 15:38:53,940 [pool-123-thread-1] INFO  storage.RaftStorage (RaftStorage.java:format(72)) - Storage directory /workdir/hadoop-ozone/integration-test/target/test-dir/MiniOzoneClusterImpl-87962e32-e39f-4c57-b747-30c883c1cc54/datanode-0/data/ratis/89e54bb4-b7c9-4c70-abb3-19d4a5527a8a has been successfully formatted.
2019-09-26 15:38:53,941 [pool-123-thread-1] INFO  ratis.ContainerStateMachine (ContainerStateMachine.java:loadSnapshot(230)) - group-19D4A5527A8A: The snapshot info is null. Setting the last applied indexto:(t:0, i:~)
2019-09-26 15:38:53,941 [pool-123-thread-1] INFO  server.RaftServerConfigKeys (ConfUtils.java:logGet(43)) - raft.server.notification.no-leader.timeout = 120s (custom)
2019-09-26 15:38:53,941 [pool-123-thread-1] INFO  server.RaftServerConfigKeys (ConfUtils.java:logGet(43)) - raft.server.log.use.memory = false (default)
2019-09-26 15:38:53,941 [pool-123-thread-1] INFO  server.RaftServerConfigKeys (ConfUtils.java:logGet(43)) - raft.server.log.purge.gap = 1000000 (custom)
2019-09-26 15:38:53,941 [pool-123-thread-1] INFO  server.RaftServerConfigKeys (ConfUtils.java:logGet(43)) - raft.server.log.appender.buffer.byte-limit = 33554432 (custom)
2019-09-26 15:38:53,941 [pool-123-thread-1] INFO  server.RaftServerConfigKeys (ConfUtils.java:logGet(43)) - raft.server.log.segment.size.max = 1048576 (custom)
2019-09-26 15:38:53,941 [pool-123-thread-1] INFO  server.RaftServerConfigKeys (ConfUtils.java:logGet(43)) - raft.server.log.segment.cache.num.max = 2 (custom)
2019-09-26 15:38:53,942 [pool-123-thread-1] INFO  segmented.SegmentedRaftLogWorker (SegmentedRaftLogWorker.java:<init>(172)) - new bcb704dc-2543-42a4-8762-cde039a55a99@group-19D4A5527A8A-SegmentedRaftLogWorker for RaftStorage:Storage Directory /workdir/hadoop-ozone/integration-test/target/test-dir/MiniOzoneClusterImpl-87962e32-e39f-4c57-b747-30c883c1cc54/datanode-0/data/ratis/89e54bb4-b7c9-4c70-abb3-19d4a5527a8a
2019-09-26 15:38:53,942 [pool-123-thread-1] INFO  server.RaftServerConfigKeys (ConfUtils.java:logGet(43)) - raft.server.log.queue.byte-limit = 2147483647 (custom)
2019-09-26 15:38:53,942 [pool-123-thread-1] INFO  server.RaftServerConfigKeys (ConfUtils.java:logGet(43)) - raft.server.log.queue.element-limit = 1024 (custom)
2019-09-26 15:38:53,942 [pool-123-thread-1] INFO  server.RaftServerConfigKeys (ConfUtils.java:logGet(43)) - raft.server.log.segment.size.max = 1048576 (custom)
2019-09-26 15:38:53,942 [pool-123-thread-1] INFO  server.RaftServerConfigKeys (ConfUtils.java:logGet(43)) - raft.server.log.preallocated.size = 16384 (custom)
2019-09-26 15:38:53,942 [pool-123-thread-1] INFO  server.RaftServerConfigKeys (ConfUtils.java:logGet(43)) - raft.server.log.write.buffer.size = 33554432 (custom)
2019-09-26 15:38:53,942 [pool-123-thread-1] INFO  server.RaftServerConfigKeys (ConfUtils.java:logGet(43)) - raft.server.log.force.sync.num = 128 (default)
2019-09-26 15:38:53,942 [pool-123-thread-1] INFO  server.RaftServerConfigKeys (ConfUtils.java:logGet(43)) - raft.server.log.statemachine.data.sync = true (default)
2019-09-26 15:38:53,942 [pool-123-thread-1] INFO  server.RaftServerConfigKeys (ConfUtils.java:logGet(43)) - raft.server.log.statemachine.data.sync.timeout = 10s (default)
2019-09-26 15:38:53,943 [pool-123-thread-1] INFO  server.RaftServerConfigKeys (ConfUtils.java:logGet(43)) - raft.server.log.statemachine.data.sync.timeout.retry = -1 (default)
2019-09-26 15:38:53,943 [pool-123-thread-1] INFO  server.RaftServerConfigKeys (ConfUtils.java:logGet(43)) - raft.server.log.statemachine.data.caching.enabled = true (custom)
2019-09-26 15:38:53,943 [pool-123-thread-1] INFO  segmented.SegmentedRaftLogWorker (SegmentedRaftLogWorker.java:lambda$new$0(132)) - bcb704dc-2543-42a4-8762-cde039a55a99@group-19D4A5527A8A-SegmentedRaftLogWorker: flushIndex: setUnconditionally 0 -> -1
2019-09-26 15:38:53,943 [pool-123-thread-1] INFO  server.RaftServerConfigKeys (ConfUtils.java:logGet(43)) - raft.server.snapshot.auto.trigger.enabled = true (custom)
2019-09-26 15:38:53,943 [pool-123-thread-1] INFO  server.RaftServerConfigKeys (ConfUtils.java:logGet(43)) - raft.server.snapshot.auto.trigger.threshold = 10000 (custom)
2019-09-26 15:38:53,944 [pool-123-thread-1] INFO  server.RaftServerConfigKeys (ConfUtils.java:logGet(43)) - raft.server.snapshot.retention.num.files = 5 (custom)
2019-09-26 15:38:53,944 [pool-123-thread-1] INFO  server.RaftServerConfigKeys (ConfUtils.java:logGet(43)) - raft.server.retrycache.expirytime = 600000ms (custom)
2019-09-26 15:38:53,945 [pool-123-thread-1] INFO  impl.RaftServerImpl (RaftServerImpl.java:start(185)) - bcb704dc-2543-42a4-8762-cde039a55a99@group-19D4A5527A8A: start as a follower, conf=-1: [bcb704dc-2543-42a4-8762-cde039a55a99:192.168.151.99:43663], old=null
2019-09-26 15:38:53,946 [pool-123-thread-1] INFO  impl.RaftServerImpl (RaftServerImpl.java:setRole(174)) - bcb704dc-2543-42a4-8762-cde039a55a99@group-19D4A5527A8A: changes role from      null to FOLLOWER at term 0 for startAsFollower
2019-09-26 15:38:53,946 [pool-123-thread-1] INFO  impl.RoleInfo (RoleInfo.java:updateAndGet(143)) - bcb704dc-2543-42a4-8762-cde039a55a99: start FollowerState
2019-09-26 15:38:53,946 [pool-123-thread-1] INFO  util.JmxRegister (JmxRegister.java:tryRegister(44)) - Successfully registered JMX Bean with object name Ratis:service=RaftServer,group=group-19D4A5527A8A,id=bcb704dc-2543-42a4-8762-cde039a55a99
2019-09-26 15:38:53,948 [RatisPipelineUtilsThread] INFO  pipeline.PipelineStateManager (PipelineStateManager.java:addPipeline(56)) - Created pipeline Pipeline[ Id: 89e54bb4-b7c9-4c70-abb3-19d4a5527a8a, Nodes: bcb704dc-2543-42a4-8762-cde039a55a99{ip: 192.168.151.99, host: pr-hdds-1569-g6sp5-2013761785, networkLocation: /default-rack, certSerialId: null}, Type:RATIS, Factor:ONE, State:OPEN]
2019-09-26 15:38:53,952 [grpc-default-executor-0] INFO  impl.RaftServerProxy (RaftServerProxy.java:addNew(89)) - bcb704dc-2543-42a4-8762-cde039a55a99: addNew group-951910B6F11B:[bcb704dc-2543-42a4-8762-cde039a55a99:192.168.151.99:43663] returns group-951910B6F11B:java.util.concurrent.CompletableFuture@39f87d6c[Not completed]
2019-09-26 15:38:53,953 [pool-123-thread-1] INFO  impl.RaftServerImpl (RaftServerImpl.java:<init>(95)) - bcb704dc-2543-42a4-8762-cde039a55a99: new RaftServerImpl for group-951910B6F11B:[bcb704dc-2543-42a4-8762-cde039a55a99:192.168.151.99:43663] with ContainerStateMachine:uninitialized
2019-09-26 15:38:53,953 [pool-123-thread-1] INFO  server.RaftServerConfigKeys (ConfUtils.java:logGet(43)) - raft.server.rpc.timeout.min = 5s (custom)
2019-09-26 15:38:53,953 [pool-123-thread-1] INFO  server.RaftServerConfigKeys (ConfUtils.java:logGet(43)) - raft.server.rpc.timeout.max = 5200ms (custom)
2019-09-26 15:38:53,953 [pool-123-thread-1] INFO  server.RaftServerConfigKeys (ConfUtils.java:logGet(43)) - raft.server.rpcslowness.timeout = 120s (custom)
2019-09-26 15:38:53,953 [pool-123-thread-1] INFO  server.RaftServerConfigKeys (ConfUtils.java:logGet(43)) - raft.server.sleep.deviation.threshold = 300 (default)
2019-09-26 15:38:53,953 [pool-123-thread-1] INFO  server.RaftServerConfigKeys (ConfUtils.java:logGet(43)) - raft.server.log.appender.install.snapshot.enabled = false (custom)
2019-09-26 15:38:53,953 [pool-123-thread-1] INFO  impl.RaftServerImpl (ServerState.java:<init>(103)) - bcb704dc-2543-42a4-8762-cde039a55a99@group-951910B6F11B: ConfigurationManager, init=-1: [bcb704dc-2543-42a4-8762-cde039a55a99:192.168.151.99:43663], old=null, confs=<EMPTY_MAP>
2019-09-26 15:38:53,953 [pool-123-thread-1] INFO  server.RaftServerConfigKeys (ConfUtils.java:logGet(43)) - raft.server.storage.dir = [/workdir/hadoop-ozone/integration-test/target/test-dir/MiniOzoneClusterImpl-87962e32-e39f-4c57-b747-30c883c1cc54/datanode-0/data/ratis] (custom)
2019-09-26 15:38:53,954 [pool-123-thread-1] INFO  storage.RaftStorageDirectory (RaftStorageDirectory.java:analyzeStorage(246)) - The storage directory /workdir/hadoop-ozone/integration-test/target/test-dir/MiniOzoneClusterImpl-87962e32-e39f-4c57-b747-30c883c1cc54/datanode-0/data/ratis/a66db5f8-e3b8-4a1d-b7d2-951910b6f11b does not exist. Creating ...
2019-09-26 15:38:53,966 [pool-123-thread-1] INFO  storage.RaftStorageDirectory (RaftStorageDirectory.java:tryLock(328)) - Lock on /workdir/hadoop-ozone/integration-test/target/test-dir/MiniOzoneClusterImpl-87962e32-e39f-4c57-b747-30c883c1cc54/datanode-0/data/ratis/a66db5f8-e3b8-4a1d-b7d2-951910b6f11b/in_use.lock acquired by nodename 10626@pr-hdds-1569-g6sp5-2013761785
2019-09-26 15:38:53,979 [pool-123-thread-1] INFO  storage.RaftStorage (RaftStorage.java:format(72)) - Storage directory /workdir/hadoop-ozone/integration-test/target/test-dir/MiniOzoneClusterImpl-87962e32-e39f-4c57-b747-30c883c1cc54/datanode-0/data/ratis/a66db5f8-e3b8-4a1d-b7d2-951910b6f11b has been successfully formatted.
2019-09-26 15:38:53,979 [pool-123-thread-1] INFO  ratis.ContainerStateMachine (ContainerStateMachine.java:loadSnapshot(230)) - group-951910B6F11B: The snapshot info is null. Setting the last applied indexto:(t:0, i:~)
2019-09-26 15:38:53,979 [pool-123-thread-1] INFO  server.RaftServerConfigKeys (ConfUtils.java:logGet(43)) - raft.server.notification.no-leader.timeout = 120s (custom)
2019-09-26 15:38:53,980 [pool-123-thread-1] INFO  server.RaftServerConfigKeys (ConfUtils.java:logGet(43)) - raft.server.log.use.memory = false (default)
2019-09-26 15:38:53,980 [pool-123-thread-1] INFO  server.RaftServerConfigKeys (ConfUtils.java:logGet(43)) - raft.server.log.purge.gap = 1000000 (custom)
2019-09-26 15:38:53,980 [pool-123-thread-1] INFO  server.RaftServerConfigKeys (ConfUtils.java:logGet(43)) - raft.server.log.appender.buffer.byte-limit = 33554432 (custom)
2019-09-26 15:38:53,980 [pool-123-thread-1] INFO  server.RaftServerConfigKeys (ConfUtils.java:logGet(43)) - raft.server.log.segment.size.max = 1048576 (custom)
2019-09-26 15:38:53,980 [pool-123-thread-1] INFO  server.RaftServerConfigKeys (ConfUtils.java:logGet(43)) - raft.server.log.segment.cache.num.max = 2 (custom)
2019-09-26 15:38:53,980 [pool-123-thread-1] INFO  segmented.SegmentedRaftLogWorker (SegmentedRaftLogWorker.java:<init>(172)) - new bcb704dc-2543-42a4-8762-cde039a55a99@group-951910B6F11B-SegmentedRaftLogWorker for RaftStorage:Storage Directory /workdir/hadoop-ozone/integration-test/target/test-dir/MiniOzoneClusterImpl-87962e32-e39f-4c57-b747-30c883c1cc54/datanode-0/data/ratis/a66db5f8-e3b8-4a1d-b7d2-951910b6f11b
2019-09-26 15:38:53,980 [pool-123-thread-1] INFO  server.RaftServerConfigKeys (ConfUtils.java:logGet(43)) - raft.server.log.queue.byte-limit = 2147483647 (custom)
2019-09-26 15:38:53,980 [pool-123-thread-1] INFO  server.RaftServerConfigKeys (ConfUtils.java:logGet(43)) - raft.server.log.queue.element-limit = 1024 (custom)
2019-09-26 15:38:53,981 [pool-123-thread-1] INFO  server.RaftServerConfigKeys (ConfUtils.java:logGet(43)) - raft.server.log.segment.size.max = 1048576 (custom)
2019-09-26 15:38:53,981 [pool-123-thread-1] INFO  server.RaftServerConfigKeys (ConfUtils.java:logGet(43)) - raft.server.log.preallocated.size = 16384 (custom)
2019-09-26 15:38:53,981 [pool-123-thread-1] INFO  server.RaftServerConfigKeys (ConfUtils.java:logGet(43)) - raft.server.log.write.buffer.size = 33554432 (custom)
2019-09-26 15:38:53,981 [pool-123-thread-1] INFO  server.RaftServerConfigKeys (ConfUtils.java:logGet(43)) - raft.server.log.force.sync.num = 128 (default)
2019-09-26 15:38:53,981 [pool-123-thread-1] INFO  server.RaftServerConfigKeys (ConfUtils.java:logGet(43)) - raft.server.log.statemachine.data.sync = true (default)
2019-09-26 15:38:53,981 [pool-123-thread-1] INFO  server.RaftServerConfigKeys (ConfUtils.java:logGet(43)) - raft.server.log.statemachine.data.sync.timeout = 10s (default)
2019-09-26 15:38:53,981 [pool-123-thread-1] INFO  server.RaftServerConfigKeys (ConfUtils.java:logGet(43)) - raft.server.log.statemachine.data.sync.timeout.retry = -1 (default)
2019-09-26 15:38:53,981 [pool-123-thread-1] INFO  server.RaftServerConfigKeys (ConfUtils.java:logGet(43)) - raft.server.log.statemachine.data.caching.enabled = true (custom)
2019-09-26 15:38:53,982 [pool-123-thread-1] INFO  segmented.SegmentedRaftLogWorker (SegmentedRaftLogWorker.java:lambda$new$0(132)) - bcb704dc-2543-42a4-8762-cde039a55a99@group-951910B6F11B-SegmentedRaftLogWorker: flushIndex: setUnconditionally 0 -> -1
2019-09-26 15:38:53,982 [pool-123-thread-1] INFO  server.RaftServerConfigKeys (ConfUtils.java:logGet(43)) - raft.server.snapshot.auto.trigger.enabled = true (custom)
2019-09-26 15:38:53,982 [pool-123-thread-1] INFO  server.RaftServerConfigKeys (ConfUtils.java:logGet(43)) - raft.server.snapshot.auto.trigger.threshold = 10000 (custom)
2019-09-26 15:38:53,982 [pool-123-thread-1] INFO  server.RaftServerConfigKeys (ConfUtils.java:logGet(43)) - raft.server.snapshot.retention.num.files = 5 (custom)
2019-09-26 15:38:53,982 [pool-123-thread-1] INFO  server.RaftServerConfigKeys (ConfUtils.java:logGet(43)) - raft.server.retrycache.expirytime = 600000ms (custom)
2019-09-26 15:38:53,984 [pool-123-thread-1] INFO  impl.RaftServerImpl (RaftServerImpl.java:start(185)) - bcb704dc-2543-42a4-8762-cde039a55a99@group-951910B6F11B: start as a follower, conf=-1: [bcb704dc-2543-42a4-8762-cde039a55a99:192.168.151.99:43663], old=null
2019-09-26 15:38:53,984 [pool-123-thread-1] INFO  impl.RaftServerImpl (RaftServerImpl.java:setRole(174)) - bcb704dc-2543-42a4-8762-cde039a55a99@group-951910B6F11B: changes role from      null to FOLLOWER at term 0 for startAsFollower
2019-09-26 15:38:53,984 [pool-123-thread-1] INFO  impl.RoleInfo (RoleInfo.java:updateAndGet(143)) - bcb704dc-2543-42a4-8762-cde039a55a99: start FollowerState
2019-09-26 15:38:53,984 [pool-123-thread-1] INFO  util.JmxRegister (JmxRegister.java:tryRegister(44)) - Successfully registered JMX Bean with object name Ratis:service=RaftServer,group=group-951910B6F11B,id=bcb704dc-2543-42a4-8762-cde039a55a99
2019-09-26 15:38:53,986 [RatisPipelineUtilsThread] INFO  pipeline.PipelineStateManager (PipelineStateManager.java:addPipeline(56)) - Created pipeline Pipeline[ Id: a66db5f8-e3b8-4a1d-b7d2-951910b6f11b, Nodes: bcb704dc-2543-42a4-8762-cde039a55a99{ip: 192.168.151.99, host: pr-hdds-1569-g6sp5-2013761785, networkLocation: /default-rack, certSerialId: null}, Type:RATIS, Factor:ONE, State:OPEN]
2019-09-26 15:38:53,990 [grpc-default-executor-0] INFO  impl.RaftServerProxy (RaftServerProxy.java:addNew(89)) - bcb704dc-2543-42a4-8762-cde039a55a99: addNew group-F1C928F7CD51:[bcb704dc-2543-42a4-8762-cde039a55a99:192.168.151.99:43663] returns group-F1C928F7CD51:java.util.concurrent.CompletableFuture@3f6d8c5c[Not completed]
2019-09-26 15:38:53,991 [pool-123-thread-1] INFO  impl.RaftServerImpl (RaftServerImpl.java:<init>(95)) - bcb704dc-2543-42a4-8762-cde039a55a99: new RaftServerImpl for group-F1C928F7CD51:[bcb704dc-2543-42a4-8762-cde039a55a99:192.168.151.99:43663] with ContainerStateMachine:uninitialized
2019-09-26 15:38:53,991 [pool-123-thread-1] INFO  server.RaftServerConfigKeys (ConfUtils.java:logGet(43)) - raft.server.rpc.timeout.min = 5s (custom)
2019-09-26 15:38:53,991 [pool-123-thread-1] INFO  server.RaftServerConfigKeys (ConfUtils.java:logGet(43)) - raft.server.rpc.timeout.max = 5200ms (custom)
2019-09-26 15:38:53,992 [pool-123-thread-1] INFO  server.RaftServerConfigKeys (ConfUtils.java:logGet(43)) - raft.server.rpcslowness.timeout = 120s (custom)
2019-09-26 15:38:53,992 [pool-123-thread-1] INFO  server.RaftServerConfigKeys (ConfUtils.java:logGet(43)) - raft.server.sleep.deviation.threshold = 300 (default)
2019-09-26 15:38:53,992 [pool-123-thread-1] INFO  server.RaftServerConfigKeys (ConfUtils.java:logGet(43)) - raft.server.log.appender.install.snapshot.enabled = false (custom)
2019-09-26 15:38:53,992 [pool-123-thread-1] INFO  impl.RaftServerImpl (ServerState.java:<init>(103)) - bcb704dc-2543-42a4-8762-cde039a55a99@group-F1C928F7CD51: ConfigurationManager, init=-1: [bcb704dc-2543-42a4-8762-cde039a55a99:192.168.151.99:43663], old=null, confs=<EMPTY_MAP>
2019-09-26 15:38:53,992 [pool-123-thread-1] INFO  server.RaftServerConfigKeys (ConfUtils.java:logGet(43)) - raft.server.storage.dir = [/workdir/hadoop-ozone/integration-test/target/test-dir/MiniOzoneClusterImpl-87962e32-e39f-4c57-b747-30c883c1cc54/datanode-0/data/ratis] (custom)
2019-09-26 15:38:53,992 [pool-123-thread-1] INFO  storage.RaftStorageDirectory (RaftStorageDirectory.java:analyzeStorage(246)) - The storage directory /workdir/hadoop-ozone/integration-test/target/test-dir/MiniOzoneClusterImpl-87962e32-e39f-4c57-b747-30c883c1cc54/datanode-0/data/ratis/a3db334d-b602-4fbd-b46b-f1c928f7cd51 does not exist. Creating ...
2019-09-26 15:38:53,996 [pool-123-thread-1] INFO  storage.RaftStorageDirectory (RaftStorageDirectory.java:tryLock(328)) - Lock on /workdir/hadoop-ozone/integration-test/target/test-dir/MiniOzoneClusterImpl-87962e32-e39f-4c57-b747-30c883c1cc54/datanode-0/data/ratis/a3db334d-b602-4fbd-b46b-f1c928f7cd51/in_use.lock acquired by nodename 10626@pr-hdds-1569-g6sp5-2013761785
2019-09-26 15:38:53,999 [pool-123-thread-1] INFO  storage.RaftStorage (RaftStorage.java:format(72)) - Storage directory /workdir/hadoop-ozone/integration-test/target/test-dir/MiniOzoneClusterImpl-87962e32-e39f-4c57-b747-30c883c1cc54/datanode-0/data/ratis/a3db334d-b602-4fbd-b46b-f1c928f7cd51 has been successfully formatted.
2019-09-26 15:38:54,000 [pool-123-thread-1] INFO  ratis.ContainerStateMachine (ContainerStateMachine.java:loadSnapshot(230)) - group-F1C928F7CD51: The snapshot info is null. Setting the last applied indexto:(t:0, i:~)
2019-09-26 15:38:54,000 [pool-123-thread-1] INFO  server.RaftServerConfigKeys (ConfUtils.java:logGet(43)) - raft.server.notification.no-leader.timeout = 120s (custom)
2019-09-26 15:38:54,000 [pool-123-thread-1] INFO  server.RaftServerConfigKeys (ConfUtils.java:logGet(43)) - raft.server.log.use.memory = false (default)
2019-09-26 15:38:54,000 [pool-123-thread-1] INFO  server.RaftServerConfigKeys (ConfUtils.java:logGet(43)) - raft.server.log.purge.gap = 1000000 (custom)
2019-09-26 15:38:54,000 [pool-123-thread-1] INFO  server.RaftServerConfigKeys (ConfUtils.java:logGet(43)) - raft.server.log.appender.buffer.byte-limit = 33554432 (custom)
2019-09-26 15:38:54,000 [pool-123-thread-1] INFO  server.RaftServerConfigKeys (ConfUtils.java:logGet(43)) - raft.server.log.segment.size.max = 1048576 (custom)
2019-09-26 15:38:54,000 [pool-123-thread-1] INFO  server.RaftServerConfigKeys (ConfUtils.java:logGet(43)) - raft.server.log.segment.cache.num.max = 2 (custom)
2019-09-26 15:38:54,000 [pool-123-thread-1] INFO  segmented.SegmentedRaftLogWorker (SegmentedRaftLogWorker.java:<init>(172)) - new bcb704dc-2543-42a4-8762-cde039a55a99@group-F1C928F7CD51-SegmentedRaftLogWorker for RaftStorage:Storage Directory /workdir/hadoop-ozone/integration-test/target/test-dir/MiniOzoneClusterImpl-87962e32-e39f-4c57-b747-30c883c1cc54/datanode-0/data/ratis/a3db334d-b602-4fbd-b46b-f1c928f7cd51
2019-09-26 15:38:54,000 [pool-123-thread-1] INFO  server.RaftServerConfigKeys (ConfUtils.java:logGet(43)) - raft.server.log.queue.byte-limit = 2147483647 (custom)
2019-09-26 15:38:54,001 [pool-123-thread-1] INFO  server.RaftServerConfigKeys (ConfUtils.java:logGet(43)) - raft.server.log.queue.element-limit = 1024 (custom)
2019-09-26 15:38:54,001 [pool-123-thread-1] INFO  server.RaftServerConfigKeys (ConfUtils.java:logGet(43)) - raft.server.log.segment.size.max = 1048576 (custom)
2019-09-26 15:38:54,001 [pool-123-thread-1] INFO  server.RaftServerConfigKeys (ConfUtils.java:logGet(43)) - raft.server.log.preallocated.size = 16384 (custom)
2019-09-26 15:38:54,001 [pool-123-thread-1] INFO  server.RaftServerConfigKeys (ConfUtils.java:logGet(43)) - raft.server.log.write.buffer.size = 33554432 (custom)
2019-09-26 15:38:54,001 [pool-123-thread-1] INFO  server.RaftServerConfigKeys (ConfUtils.java:logGet(43)) - raft.server.log.force.sync.num = 128 (default)
2019-09-26 15:38:54,001 [pool-123-thread-1] INFO  server.RaftServerConfigKeys (ConfUtils.java:logGet(43)) - raft.server.log.statemachine.data.sync = true (default)
2019-09-26 15:38:54,001 [pool-123-thread-1] INFO  server.RaftServerConfigKeys (ConfUtils.java:logGet(43)) - raft.server.log.statemachine.data.sync.timeout = 10s (default)
2019-09-26 15:38:54,001 [pool-123-thread-1] INFO  server.RaftServerConfigKeys (ConfUtils.java:logGet(43)) - raft.server.log.statemachine.data.sync.timeout.retry = -1 (default)
2019-09-26 15:38:54,002 [pool-123-thread-1] INFO  server.RaftServerConfigKeys (ConfUtils.java:logGet(43)) - raft.server.log.statemachine.data.caching.enabled = true (custom)
2019-09-26 15:38:54,002 [pool-123-thread-1] INFO  segmented.SegmentedRaftLogWorker (SegmentedRaftLogWorker.java:lambda$new$0(132)) - bcb704dc-2543-42a4-8762-cde039a55a99@group-F1C928F7CD51-SegmentedRaftLogWorker: flushIndex: setUnconditionally 0 -> -1
2019-09-26 15:38:54,002 [pool-123-thread-1] INFO  server.RaftServerConfigKeys (ConfUtils.java:logGet(43)) - raft.server.snapshot.auto.trigger.enabled = true (custom)
2019-09-26 15:38:54,002 [pool-123-thread-1] INFO  server.RaftServerConfigKeys (ConfUtils.java:logGet(43)) - raft.server.snapshot.auto.trigger.threshold = 10000 (custom)
2019-09-26 15:38:54,002 [pool-123-thread-1] INFO  server.RaftServerConfigKeys (ConfUtils.java:logGet(43)) - raft.server.snapshot.retention.num.files = 5 (custom)
2019-09-26 15:38:54,002 [pool-123-thread-1] INFO  server.RaftServerConfigKeys (ConfUtils.java:logGet(43)) - raft.server.retrycache.expirytime = 600000ms (custom)
2019-09-26 15:38:54,004 [pool-123-thread-1] INFO  impl.RaftServerImpl (RaftServerImpl.java:start(185)) - bcb704dc-2543-42a4-8762-cde039a55a99@group-F1C928F7CD51: start as a follower, conf=-1: [bcb704dc-2543-42a4-8762-cde039a55a99:192.168.151.99:43663], old=null
2019-09-26 15:38:54,004 [pool-123-thread-1] INFO  impl.RaftServerImpl (RaftServerImpl.java:setRole(174)) - bcb704dc-2543-42a4-8762-cde039a55a99@group-F1C928F7CD51: changes role from      null to FOLLOWER at term 0 for startAsFollower
2019-09-26 15:38:54,004 [pool-123-thread-1] INFO  impl.RoleInfo (RoleInfo.java:updateAndGet(143)) - bcb704dc-2543-42a4-8762-cde039a55a99: start FollowerState
2019-09-26 15:38:54,004 [pool-123-thread-1] INFO  util.JmxRegister (JmxRegister.java:tryRegister(44)) - Successfully registered JMX Bean with object name Ratis:service=RaftServer,group=group-F1C928F7CD51,id=bcb704dc-2543-42a4-8762-cde039a55a99
2019-09-26 15:38:54,006 [RatisPipelineUtilsThread] INFO  pipeline.PipelineStateManager (PipelineStateManager.java:addPipeline(56)) - Created pipeline Pipeline[ Id: a3db334d-b602-4fbd-b46b-f1c928f7cd51, Nodes: bcb704dc-2543-42a4-8762-cde039a55a99{ip: 192.168.151.99, host: pr-hdds-1569-g6sp5-2013761785, networkLocation: /default-rack, certSerialId: null}, Type:RATIS, Factor:ONE, State:OPEN]
2019-09-26 15:38:54,010 [grpc-default-executor-0] INFO  impl.RaftServerProxy (RaftServerProxy.java:addNew(89)) - bcb704dc-2543-42a4-8762-cde039a55a99: addNew group-191CB329DE44:[bcb704dc-2543-42a4-8762-cde039a55a99:192.168.151.99:43663] returns group-191CB329DE44:java.util.concurrent.CompletableFuture@3bd85a24[Not completed]
2019-09-26 15:38:54,011 [pool-123-thread-1] INFO  impl.RaftServerImpl (RaftServerImpl.java:<init>(95)) - bcb704dc-2543-42a4-8762-cde039a55a99: new RaftServerImpl for group-191CB329DE44:[bcb704dc-2543-42a4-8762-cde039a55a99:192.168.151.99:43663] with ContainerStateMachine:uninitialized
2019-09-26 15:38:54,011 [pool-123-thread-1] INFO  server.RaftServerConfigKeys (ConfUtils.java:logGet(43)) - raft.server.rpc.timeout.min = 5s (custom)
2019-09-26 15:38:54,011 [pool-123-thread-1] INFO  server.RaftServerConfigKeys (ConfUtils.java:logGet(43)) - raft.server.rpc.timeout.max = 5200ms (custom)
2019-09-26 15:38:54,011 [pool-123-thread-1] INFO  server.RaftServerConfigKeys (ConfUtils.java:logGet(43)) - raft.server.rpcslowness.timeout = 120s (custom)
2019-09-26 15:38:54,011 [pool-123-thread-1] INFO  server.RaftServerConfigKeys (ConfUtils.java:logGet(43)) - raft.server.sleep.deviation.threshold = 300 (default)
2019-09-26 15:38:54,011 [pool-123-thread-1] INFO  server.RaftServerConfigKeys (ConfUtils.java:logGet(43)) - raft.server.log.appender.install.snapshot.enabled = false (custom)
2019-09-26 15:38:54,011 [pool-123-thread-1] INFO  impl.RaftServerImpl (ServerState.java:<init>(103)) - bcb704dc-2543-42a4-8762-cde039a55a99@group-191CB329DE44: ConfigurationManager, init=-1: [bcb704dc-2543-42a4-8762-cde039a55a99:192.168.151.99:43663], old=null, confs=<EMPTY_MAP>
2019-09-26 15:38:54,011 [pool-123-thread-1] INFO  server.RaftServerConfigKeys (ConfUtils.java:logGet(43)) - raft.server.storage.dir = [/workdir/hadoop-ozone/integration-test/target/test-dir/MiniOzoneClusterImpl-87962e32-e39f-4c57-b747-30c883c1cc54/datanode-0/data/ratis] (custom)
2019-09-26 15:38:54,012 [pool-123-thread-1] INFO  storage.RaftStorageDirectory (RaftStorageDirectory.java:analyzeStorage(246)) - The storage directory /workdir/hadoop-ozone/integration-test/target/test-dir/MiniOzoneClusterImpl-87962e32-e39f-4c57-b747-30c883c1cc54/datanode-0/data/ratis/b7827abe-8ec0-452a-a4d2-191cb329de44 does not exist. Creating ...
2019-09-26 15:38:54,015 [pool-123-thread-1] INFO  storage.RaftStorageDirectory (RaftStorageDirectory.java:tryLock(328)) - Lock on /workdir/hadoop-ozone/integration-test/target/test-dir/MiniOzoneClusterImpl-87962e32-e39f-4c57-b747-30c883c1cc54/datanode-0/data/ratis/b7827abe-8ec0-452a-a4d2-191cb329de44/in_use.lock acquired by nodename 10626@pr-hdds-1569-g6sp5-2013761785
2019-09-26 15:38:54,037 [pool-123-thread-1] INFO  storage.RaftStorage (RaftStorage.java:format(72)) - Storage directory /workdir/hadoop-ozone/integration-test/target/test-dir/MiniOzoneClusterImpl-87962e32-e39f-4c57-b747-30c883c1cc54/datanode-0/data/ratis/b7827abe-8ec0-452a-a4d2-191cb329de44 has been successfully formatted.
2019-09-26 15:38:54,037 [pool-123-thread-1] INFO  ratis.ContainerStateMachine (ContainerStateMachine.java:loadSnapshot(230)) - group-191CB329DE44: The snapshot info is null. Setting the last applied indexto:(t:0, i:~)
2019-09-26 15:38:54,038 [pool-123-thread-1] INFO  server.RaftServerConfigKeys (ConfUtils.java:logGet(43)) - raft.server.notification.no-leader.timeout = 120s (custom)
2019-09-26 15:38:54,038 [pool-123-thread-1] INFO  server.RaftServerConfigKeys (ConfUtils.java:logGet(43)) - raft.server.log.use.memory = false (default)
2019-09-26 15:38:54,038 [pool-123-thread-1] INFO  server.RaftServerConfigKeys (ConfUtils.java:logGet(43)) - raft.server.log.purge.gap = 1000000 (custom)
2019-09-26 15:38:54,038 [pool-123-thread-1] INFO  server.RaftServerConfigKeys (ConfUtils.java:logGet(43)) - raft.server.log.appender.buffer.byte-limit = 33554432 (custom)
2019-09-26 15:38:54,038 [pool-123-thread-1] INFO  server.RaftServerConfigKeys (ConfUtils.java:logGet(43)) - raft.server.log.segment.size.max = 1048576 (custom)
2019-09-26 15:38:54,038 [pool-123-thread-1] INFO  server.RaftServerConfigKeys (ConfUtils.java:logGet(43)) - raft.server.log.segment.cache.num.max = 2 (custom)
2019-09-26 15:38:54,038 [pool-123-thread-1] INFO  segmented.SegmentedRaftLogWorker (SegmentedRaftLogWorker.java:<init>(172)) - new bcb704dc-2543-42a4-8762-cde039a55a99@group-191CB329DE44-SegmentedRaftLogWorker for RaftStorage:Storage Directory /workdir/hadoop-ozone/integration-test/target/test-dir/MiniOzoneClusterImpl-87962e32-e39f-4c57-b747-30c883c1cc54/datanode-0/data/ratis/b7827abe-8ec0-452a-a4d2-191cb329de44
2019-09-26 15:38:54,038 [pool-123-thread-1] INFO  server.RaftServerConfigKeys (ConfUtils.java:logGet(43)) - raft.server.log.queue.byte-limit = 2147483647 (custom)
2019-09-26 15:38:54,038 [pool-123-thread-1] INFO  server.RaftServerConfigKeys (ConfUtils.java:logGet(43)) - raft.server.log.queue.element-limit = 1024 (custom)
2019-09-26 15:38:54,039 [pool-123-thread-1] INFO  server.RaftServerConfigKeys (ConfUtils.java:logGet(43)) - raft.server.log.segment.size.max = 1048576 (custom)
2019-09-26 15:38:54,039 [pool-123-thread-1] INFO  server.RaftServerConfigKeys (ConfUtils.java:logGet(43)) - raft.server.log.preallocated.size = 16384 (custom)
2019-09-26 15:38:54,039 [pool-123-thread-1] INFO  server.RaftServerConfigKeys (ConfUtils.java:logGet(43)) - raft.server.log.write.buffer.size = 33554432 (custom)
2019-09-26 15:38:54,039 [pool-123-thread-1] INFO  server.RaftServerConfigKeys (ConfUtils.java:logGet(43)) - raft.server.log.force.sync.num = 128 (default)
2019-09-26 15:38:54,039 [pool-123-thread-1] INFO  server.RaftServerConfigKeys (ConfUtils.java:logGet(43)) - raft.server.log.statemachine.data.sync = true (default)
2019-09-26 15:38:54,039 [pool-123-thread-1] INFO  server.RaftServerConfigKeys (ConfUtils.java:logGet(43)) - raft.server.log.statemachine.data.sync.timeout = 10s (default)
2019-09-26 15:38:54,039 [pool-123-thread-1] INFO  server.RaftServerConfigKeys (ConfUtils.java:logGet(43)) - raft.server.log.statemachine.data.sync.timeout.retry = -1 (default)
2019-09-26 15:38:54,039 [pool-123-thread-1] INFO  server.RaftServerConfigKeys (ConfUtils.java:logGet(43)) - raft.server.log.statemachine.data.caching.enabled = true (custom)
2019-09-26 15:38:54,039 [pool-123-thread-1] INFO  segmented.SegmentedRaftLogWorker (SegmentedRaftLogWorker.java:lambda$new$0(132)) - bcb704dc-2543-42a4-8762-cde039a55a99@group-191CB329DE44-SegmentedRaftLogWorker: flushIndex: setUnconditionally 0 -> -1
2019-09-26 15:38:54,040 [pool-123-thread-1] INFO  server.RaftServerConfigKeys (ConfUtils.java:logGet(43)) - raft.server.snapshot.auto.trigger.enabled = true (custom)
2019-09-26 15:38:54,040 [pool-123-thread-1] INFO  server.RaftServerConfigKeys (ConfUtils.java:logGet(43)) - raft.server.snapshot.auto.trigger.threshold = 10000 (custom)
2019-09-26 15:38:54,040 [pool-123-thread-1] INFO  server.RaftServerConfigKeys (ConfUtils.java:logGet(43)) - raft.server.snapshot.retention.num.files = 5 (custom)
2019-09-26 15:38:54,040 [pool-123-thread-1] INFO  server.RaftServerConfigKeys (ConfUtils.java:logGet(43)) - raft.server.retrycache.expirytime = 600000ms (custom)
2019-09-26 15:38:54,041 [pool-123-thread-1] INFO  impl.RaftServerImpl (RaftServerImpl.java:start(185)) - bcb704dc-2543-42a4-8762-cde039a55a99@group-191CB329DE44: start as a follower, conf=-1: [bcb704dc-2543-42a4-8762-cde039a55a99:192.168.151.99:43663], old=null
2019-09-26 15:38:54,041 [pool-123-thread-1] INFO  impl.RaftServerImpl (RaftServerImpl.java:setRole(174)) - bcb704dc-2543-42a4-8762-cde039a55a99@group-191CB329DE44: changes role from      null to FOLLOWER at term 0 for startAsFollower
2019-09-26 15:38:54,041 [pool-123-thread-1] INFO  impl.RoleInfo (RoleInfo.java:updateAndGet(143)) - bcb704dc-2543-42a4-8762-cde039a55a99: start FollowerState
2019-09-26 15:38:54,042 [pool-123-thread-1] INFO  util.JmxRegister (JmxRegister.java:tryRegister(44)) - Successfully registered JMX Bean with object name Ratis:service=RaftServer,group=group-191CB329DE44,id=bcb704dc-2543-42a4-8762-cde039a55a99
2019-09-26 15:38:54,044 [RatisPipelineUtilsThread] INFO  pipeline.PipelineStateManager (PipelineStateManager.java:addPipeline(56)) - Created pipeline Pipeline[ Id: b7827abe-8ec0-452a-a4d2-191cb329de44, Nodes: bcb704dc-2543-42a4-8762-cde039a55a99{ip: 192.168.151.99, host: pr-hdds-1569-g6sp5-2013761785, networkLocation: /default-rack, certSerialId: null}, Type:RATIS, Factor:ONE, State:OPEN]
2019-09-26 15:38:54,048 [grpc-default-executor-0] INFO  impl.RaftServerProxy (RaftServerProxy.java:addNew(89)) - bcb704dc-2543-42a4-8762-cde039a55a99: addNew group-B6A67FD47F95:[bcb704dc-2543-42a4-8762-cde039a55a99:192.168.151.99:43663] returns group-B6A67FD47F95:java.util.concurrent.CompletableFuture@17687e79[Not completed]
2019-09-26 15:38:54,048 [pool-123-thread-1] INFO  impl.RaftServerImpl (RaftServerImpl.java:<init>(95)) - bcb704dc-2543-42a4-8762-cde039a55a99: new RaftServerImpl for group-B6A67FD47F95:[bcb704dc-2543-42a4-8762-cde039a55a99:192.168.151.99:43663] with ContainerStateMachine:uninitialized
2019-09-26 15:38:54,048 [pool-123-thread-1] INFO  server.RaftServerConfigKeys (ConfUtils.java:logGet(43)) - raft.server.rpc.timeout.min = 5s (custom)
2019-09-26 15:38:54,048 [pool-123-thread-1] INFO  server.RaftServerConfigKeys (ConfUtils.java:logGet(43)) - raft.server.rpc.timeout.max = 5200ms (custom)
2019-09-26 15:38:54,048 [pool-123-thread-1] INFO  server.RaftServerConfigKeys (ConfUtils.java:logGet(43)) - raft.server.rpcslowness.timeout = 120s (custom)
2019-09-26 15:38:54,049 [pool-123-thread-1] INFO  server.RaftServerConfigKeys (ConfUtils.java:logGet(43)) - raft.server.sleep.deviation.threshold = 300 (default)
2019-09-26 15:38:54,049 [pool-123-thread-1] INFO  server.RaftServerConfigKeys (ConfUtils.java:logGet(43)) - raft.server.log.appender.install.snapshot.enabled = false (custom)
2019-09-26 15:38:54,049 [pool-123-thread-1] INFO  impl.RaftServerImpl (ServerState.java:<init>(103)) - bcb704dc-2543-42a4-8762-cde039a55a99@group-B6A67FD47F95: ConfigurationManager, init=-1: [bcb704dc-2543-42a4-8762-cde039a55a99:192.168.151.99:43663], old=null, confs=<EMPTY_MAP>
2019-09-26 15:38:54,049 [pool-123-thread-1] INFO  server.RaftServerConfigKeys (ConfUtils.java:logGet(43)) - raft.server.storage.dir = [/workdir/hadoop-ozone/integration-test/target/test-dir/MiniOzoneClusterImpl-87962e32-e39f-4c57-b747-30c883c1cc54/datanode-0/data/ratis] (custom)
2019-09-26 15:38:54,049 [pool-123-thread-1] INFO  storage.RaftStorageDirectory (RaftStorageDirectory.java:analyzeStorage(246)) - The storage directory /workdir/hadoop-ozone/integration-test/target/test-dir/MiniOzoneClusterImpl-87962e32-e39f-4c57-b747-30c883c1cc54/datanode-0/data/ratis/4696f67b-3559-43c8-be1f-b6a67fd47f95 does not exist. Creating ...
2019-09-26 15:38:54,062 [pool-123-thread-1] INFO  storage.RaftStorageDirectory (RaftStorageDirectory.java:tryLock(328)) - Lock on /workdir/hadoop-ozone/integration-test/target/test-dir/MiniOzoneClusterImpl-87962e32-e39f-4c57-b747-30c883c1cc54/datanode-0/data/ratis/4696f67b-3559-43c8-be1f-b6a67fd47f95/in_use.lock acquired by nodename 10626@pr-hdds-1569-g6sp5-2013761785
2019-09-26 15:38:54,075 [pool-123-thread-1] INFO  storage.RaftStorage (RaftStorage.java:format(72)) - Storage directory /workdir/hadoop-ozone/integration-test/target/test-dir/MiniOzoneClusterImpl-87962e32-e39f-4c57-b747-30c883c1cc54/datanode-0/data/ratis/4696f67b-3559-43c8-be1f-b6a67fd47f95 has been successfully formatted.
2019-09-26 15:38:54,075 [pool-123-thread-1] INFO  ratis.ContainerStateMachine (ContainerStateMachine.java:loadSnapshot(230)) - group-B6A67FD47F95: The snapshot info is null. Setting the last applied indexto:(t:0, i:~)
2019-09-26 15:38:54,075 [pool-123-thread-1] INFO  server.RaftServerConfigKeys (ConfUtils.java:logGet(43)) - raft.server.notification.no-leader.timeout = 120s (custom)
2019-09-26 15:38:54,075 [pool-123-thread-1] INFO  server.RaftServerConfigKeys (ConfUtils.java:logGet(43)) - raft.server.log.use.memory = false (default)
2019-09-26 15:38:54,075 [pool-123-thread-1] INFO  server.RaftServerConfigKeys (ConfUtils.java:logGet(43)) - raft.server.log.purge.gap = 1000000 (custom)
2019-09-26 15:38:54,075 [pool-123-thread-1] INFO  server.RaftServerConfigKeys (ConfUtils.java:logGet(43)) - raft.server.log.appender.buffer.byte-limit = 33554432 (custom)
2019-09-26 15:38:54,075 [pool-123-thread-1] INFO  server.RaftServerConfigKeys (ConfUtils.java:logGet(43)) - raft.server.log.segment.size.max = 1048576 (custom)
2019-09-26 15:38:54,075 [pool-123-thread-1] INFO  server.RaftServerConfigKeys (ConfUtils.java:logGet(43)) - raft.server.log.segment.cache.num.max = 2 (custom)
2019-09-26 15:38:54,076 [pool-123-thread-1] INFO  segmented.SegmentedRaftLogWorker (SegmentedRaftLogWorker.java:<init>(172)) - new bcb704dc-2543-42a4-8762-cde039a55a99@group-B6A67FD47F95-SegmentedRaftLogWorker for RaftStorage:Storage Directory /workdir/hadoop-ozone/integration-test/target/test-dir/MiniOzoneClusterImpl-87962e32-e39f-4c57-b747-30c883c1cc54/datanode-0/data/ratis/4696f67b-3559-43c8-be1f-b6a67fd47f95
2019-09-26 15:38:54,076 [pool-123-thread-1] INFO  server.RaftServerConfigKeys (ConfUtils.java:logGet(43)) - raft.server.log.queue.byte-limit = 2147483647 (custom)
2019-09-26 15:38:54,076 [pool-123-thread-1] INFO  server.RaftServerConfigKeys (ConfUtils.java:logGet(43)) - raft.server.log.queue.element-limit = 1024 (custom)
2019-09-26 15:38:54,076 [pool-123-thread-1] INFO  server.RaftServerConfigKeys (ConfUtils.java:logGet(43)) - raft.server.log.segment.size.max = 1048576 (custom)
2019-09-26 15:38:54,076 [pool-123-thread-1] INFO  server.RaftServerConfigKeys (ConfUtils.java:logGet(43)) - raft.server.log.preallocated.size = 16384 (custom)
2019-09-26 15:38:54,076 [pool-123-thread-1] INFO  server.RaftServerConfigKeys (ConfUtils.java:logGet(43)) - raft.server.log.write.buffer.size = 33554432 (custom)
2019-09-26 15:38:54,076 [pool-123-thread-1] INFO  server.RaftServerConfigKeys (ConfUtils.java:logGet(43)) - raft.server.log.force.sync.num = 128 (default)
2019-09-26 15:38:54,076 [pool-123-thread-1] INFO  server.RaftServerConfigKeys (ConfUtils.java:logGet(43)) - raft.server.log.statemachine.data.sync = true (default)
2019-09-26 15:38:54,076 [pool-123-thread-1] INFO  server.RaftServerConfigKeys (ConfUtils.java:logGet(43)) - raft.server.log.statemachine.data.sync.timeout = 10s (default)
2019-09-26 15:38:54,076 [pool-123-thread-1] INFO  server.RaftServerConfigKeys (ConfUtils.java:logGet(43)) - raft.server.log.statemachine.data.sync.timeout.retry = -1 (default)
2019-09-26 15:38:54,077 [pool-123-thread-1] INFO  server.RaftServerConfigKeys (ConfUtils.java:logGet(43)) - raft.server.log.statemachine.data.caching.enabled = true (custom)
2019-09-26 15:38:54,077 [pool-123-thread-1] INFO  segmented.SegmentedRaftLogWorker (SegmentedRaftLogWorker.java:lambda$new$0(132)) - bcb704dc-2543-42a4-8762-cde039a55a99@group-B6A67FD47F95-SegmentedRaftLogWorker: flushIndex: setUnconditionally 0 -> -1
2019-09-26 15:38:54,077 [pool-123-thread-1] INFO  server.RaftServerConfigKeys (ConfUtils.java:logGet(43)) - raft.server.snapshot.auto.trigger.enabled = true (custom)
2019-09-26 15:38:54,077 [pool-123-thread-1] INFO  server.RaftServerConfigKeys (ConfUtils.java:logGet(43)) - raft.server.snapshot.auto.trigger.threshold = 10000 (custom)
2019-09-26 15:38:54,077 [pool-123-thread-1] INFO  server.RaftServerConfigKeys (ConfUtils.java:logGet(43)) - raft.server.snapshot.retention.num.files = 5 (custom)
2019-09-26 15:38:54,077 [pool-123-thread-1] INFO  server.RaftServerConfigKeys (ConfUtils.java:logGet(43)) - raft.server.retrycache.expirytime = 600000ms (custom)
2019-09-26 15:38:54,079 [pool-123-thread-1] INFO  impl.RaftServerImpl (RaftServerImpl.java:start(185)) - bcb704dc-2543-42a4-8762-cde039a55a99@group-B6A67FD47F95: start as a follower, conf=-1: [bcb704dc-2543-42a4-8762-cde039a55a99:192.168.151.99:43663], old=null
2019-09-26 15:38:54,079 [pool-123-thread-1] INFO  impl.RaftServerImpl (RaftServerImpl.java:setRole(174)) - bcb704dc-2543-42a4-8762-cde039a55a99@group-B6A67FD47F95: changes role from      null to FOLLOWER at term 0 for startAsFollower
2019-09-26 15:38:54,079 [pool-123-thread-1] INFO  impl.RoleInfo (RoleInfo.java:updateAndGet(143)) - bcb704dc-2543-42a4-8762-cde039a55a99: start FollowerState
2019-09-26 15:38:54,079 [pool-123-thread-1] INFO  util.JmxRegister (JmxRegister.java:tryRegister(44)) - Successfully registered JMX Bean with object name Ratis:service=RaftServer,group=group-B6A67FD47F95,id=bcb704dc-2543-42a4-8762-cde039a55a99
2019-09-26 15:38:54,081 [RatisPipelineUtilsThread] INFO  pipeline.PipelineStateManager (PipelineStateManager.java:addPipeline(56)) - Created pipeline Pipeline[ Id: 4696f67b-3559-43c8-be1f-b6a67fd47f95, Nodes: bcb704dc-2543-42a4-8762-cde039a55a99{ip: 192.168.151.99, host: pr-hdds-1569-g6sp5-2013761785, networkLocation: /default-rack, certSerialId: null}, Type:RATIS, Factor:ONE, State:OPEN]
2019-09-26 15:38:54,086 [grpc-default-executor-0] INFO  impl.RaftServerProxy (RaftServerProxy.java:addNew(89)) - bcb704dc-2543-42a4-8762-cde039a55a99: addNew group-377B0BE40053:[bcb704dc-2543-42a4-8762-cde039a55a99:192.168.151.99:43663] returns group-377B0BE40053:java.util.concurrent.CompletableFuture@25818263[Not completed]
2019-09-26 15:38:54,086 [pool-123-thread-1] INFO  impl.RaftServerImpl (RaftServerImpl.java:<init>(95)) - bcb704dc-2543-42a4-8762-cde039a55a99: new RaftServerImpl for group-377B0BE40053:[bcb704dc-2543-42a4-8762-cde039a55a99:192.168.151.99:43663] with ContainerStateMachine:uninitialized
2019-09-26 15:38:54,086 [pool-123-thread-1] INFO  server.RaftServerConfigKeys (ConfUtils.java:logGet(43)) - raft.server.rpc.timeout.min = 5s (custom)
2019-09-26 15:38:54,086 [pool-123-thread-1] INFO  server.RaftServerConfigKeys (ConfUtils.java:logGet(43)) - raft.server.rpc.timeout.max = 5200ms (custom)
2019-09-26 15:38:54,086 [pool-123-thread-1] INFO  server.RaftServerConfigKeys (ConfUtils.java:logGet(43)) - raft.server.rpcslowness.timeout = 120s (custom)
2019-09-26 15:38:54,086 [pool-123-thread-1] INFO  server.RaftServerConfigKeys (ConfUtils.java:logGet(43)) - raft.server.sleep.deviation.threshold = 300 (default)
2019-09-26 15:38:54,087 [pool-123-thread-1] INFO  server.RaftServerConfigKeys (ConfUtils.java:logGet(43)) - raft.server.log.appender.install.snapshot.enabled = false (custom)
2019-09-26 15:38:54,087 [pool-123-thread-1] INFO  impl.RaftServerImpl (ServerState.java:<init>(103)) - bcb704dc-2543-42a4-8762-cde039a55a99@group-377B0BE40053: ConfigurationManager, init=-1: [bcb704dc-2543-42a4-8762-cde039a55a99:192.168.151.99:43663], old=null, confs=<EMPTY_MAP>
2019-09-26 15:38:54,087 [pool-123-thread-1] INFO  server.RaftServerConfigKeys (ConfUtils.java:logGet(43)) - raft.server.storage.dir = [/workdir/hadoop-ozone/integration-test/target/test-dir/MiniOzoneClusterImpl-87962e32-e39f-4c57-b747-30c883c1cc54/datanode-0/data/ratis] (custom)
2019-09-26 15:38:54,087 [pool-123-thread-1] INFO  storage.RaftStorageDirectory (RaftStorageDirectory.java:analyzeStorage(246)) - The storage directory /workdir/hadoop-ozone/integration-test/target/test-dir/MiniOzoneClusterImpl-87962e32-e39f-4c57-b747-30c883c1cc54/datanode-0/data/ratis/7e3f1026-dd0c-480f-970e-377b0be40053 does not exist. Creating ...
2019-09-26 15:38:54,100 [pool-123-thread-1] INFO  storage.RaftStorageDirectory (RaftStorageDirectory.java:tryLock(328)) - Lock on /workdir/hadoop-ozone/integration-test/target/test-dir/MiniOzoneClusterImpl-87962e32-e39f-4c57-b747-30c883c1cc54/datanode-0/data/ratis/7e3f1026-dd0c-480f-970e-377b0be40053/in_use.lock acquired by nodename 10626@pr-hdds-1569-g6sp5-2013761785
2019-09-26 15:38:54,113 [pool-123-thread-1] INFO  storage.RaftStorage (RaftStorage.java:format(72)) - Storage directory /workdir/hadoop-ozone/integration-test/target/test-dir/MiniOzoneClusterImpl-87962e32-e39f-4c57-b747-30c883c1cc54/datanode-0/data/ratis/7e3f1026-dd0c-480f-970e-377b0be40053 has been successfully formatted.
2019-09-26 15:38:54,113 [pool-123-thread-1] INFO  ratis.ContainerStateMachine (ContainerStateMachine.java:loadSnapshot(230)) - group-377B0BE40053: The snapshot info is null. Setting the last applied indexto:(t:0, i:~)
2019-09-26 15:38:54,113 [pool-123-thread-1] INFO  server.RaftServerConfigKeys (ConfUtils.java:logGet(43)) - raft.server.notification.no-leader.timeout = 120s (custom)
2019-09-26 15:38:54,114 [pool-123-thread-1] INFO  server.RaftServerConfigKeys (ConfUtils.java:logGet(43)) - raft.server.log.use.memory = false (default)
2019-09-26 15:38:54,114 [pool-123-thread-1] INFO  server.RaftServerConfigKeys (ConfUtils.java:logGet(43)) - raft.server.log.purge.gap = 1000000 (custom)
2019-09-26 15:38:54,114 [pool-123-thread-1] INFO  server.RaftServerConfigKeys (ConfUtils.java:logGet(43)) - raft.server.log.appender.buffer.byte-limit = 33554432 (custom)
2019-09-26 15:38:54,114 [pool-123-thread-1] INFO  server.RaftServerConfigKeys (ConfUtils.java:logGet(43)) - raft.server.log.segment.size.max = 1048576 (custom)
2019-09-26 15:38:54,114 [pool-123-thread-1] INFO  server.RaftServerConfigKeys (ConfUtils.java:logGet(43)) - raft.server.log.segment.cache.num.max = 2 (custom)
2019-09-26 15:38:54,114 [pool-123-thread-1] INFO  segmented.SegmentedRaftLogWorker (SegmentedRaftLogWorker.java:<init>(172)) - new bcb704dc-2543-42a4-8762-cde039a55a99@group-377B0BE40053-SegmentedRaftLogWorker for RaftStorage:Storage Directory /workdir/hadoop-ozone/integration-test/target/test-dir/MiniOzoneClusterImpl-87962e32-e39f-4c57-b747-30c883c1cc54/datanode-0/data/ratis/7e3f1026-dd0c-480f-970e-377b0be40053
2019-09-26 15:38:54,114 [pool-123-thread-1] INFO  server.RaftServerConfigKeys (ConfUtils.java:logGet(43)) - raft.server.log.queue.byte-limit = 2147483647 (custom)
2019-09-26 15:38:54,114 [pool-123-thread-1] INFO  server.RaftServerConfigKeys (ConfUtils.java:logGet(43)) - raft.server.log.queue.element-limit = 1024 (custom)
2019-09-26 15:38:54,114 [pool-123-thread-1] INFO  server.RaftServerConfigKeys (ConfUtils.java:logGet(43)) - raft.server.log.segment.size.max = 1048576 (custom)
2019-09-26 15:38:54,115 [pool-123-thread-1] INFO  server.RaftServerConfigKeys (ConfUtils.java:logGet(43)) - raft.server.log.preallocated.size = 16384 (custom)
2019-09-26 15:38:54,115 [pool-123-thread-1] INFO  server.RaftServerConfigKeys (ConfUtils.java:logGet(43)) - raft.server.log.write.buffer.size = 33554432 (custom)
2019-09-26 15:38:54,115 [pool-123-thread-1] INFO  server.RaftServerConfigKeys (ConfUtils.java:logGet(43)) - raft.server.log.force.sync.num = 128 (default)
2019-09-26 15:38:54,115 [pool-123-thread-1] INFO  server.RaftServerConfigKeys (ConfUtils.java:logGet(43)) - raft.server.log.statemachine.data.sync = true (default)
2019-09-26 15:38:54,115 [pool-123-thread-1] INFO  server.RaftServerConfigKeys (ConfUtils.java:logGet(43)) - raft.server.log.statemachine.data.sync.timeout = 10s (default)
2019-09-26 15:38:54,115 [pool-123-thread-1] INFO  server.RaftServerConfigKeys (ConfUtils.java:logGet(43)) - raft.server.log.statemachine.data.sync.timeout.retry = -1 (default)
2019-09-26 15:38:54,115 [pool-123-thread-1] INFO  server.RaftServerConfigKeys (ConfUtils.java:logGet(43)) - raft.server.log.statemachine.data.caching.enabled = true (custom)
2019-09-26 15:38:54,115 [pool-123-thread-1] INFO  segmented.SegmentedRaftLogWorker (SegmentedRaftLogWorker.java:lambda$new$0(132)) - bcb704dc-2543-42a4-8762-cde039a55a99@group-377B0BE40053-SegmentedRaftLogWorker: flushIndex: setUnconditionally 0 -> -1
2019-09-26 15:38:54,116 [pool-123-thread-1] INFO  server.RaftServerConfigKeys (ConfUtils.java:logGet(43)) - raft.server.snapshot.auto.trigger.enabled = true (custom)
2019-09-26 15:38:54,116 [pool-123-thread-1] INFO  server.RaftServerConfigKeys (ConfUtils.java:logGet(43)) - raft.server.snapshot.auto.trigger.threshold = 10000 (custom)
2019-09-26 15:38:54,116 [pool-123-thread-1] INFO  server.RaftServerConfigKeys (ConfUtils.java:logGet(43)) - raft.server.snapshot.retention.num.files = 5 (custom)
2019-09-26 15:38:54,116 [pool-123-thread-1] INFO  server.RaftServerConfigKeys (ConfUtils.java:logGet(43)) - raft.server.retrycache.expirytime = 600000ms (custom)
2019-09-26 15:38:54,117 [pool-123-thread-1] INFO  impl.RaftServerImpl (RaftServerImpl.java:start(185)) - bcb704dc-2543-42a4-8762-cde039a55a99@group-377B0BE40053: start as a follower, conf=-1: [bcb704dc-2543-42a4-8762-cde039a55a99:192.168.151.99:43663], old=null
2019-09-26 15:38:54,118 [pool-123-thread-1] INFO  impl.RaftServerImpl (RaftServerImpl.java:setRole(174)) - bcb704dc-2543-42a4-8762-cde039a55a99@group-377B0BE40053: changes role from      null to FOLLOWER at term 0 for startAsFollower
2019-09-26 15:38:54,118 [pool-123-thread-1] INFO  impl.RoleInfo (RoleInfo.java:updateAndGet(143)) - bcb704dc-2543-42a4-8762-cde039a55a99: start FollowerState
2019-09-26 15:38:54,118 [pool-123-thread-1] INFO  util.JmxRegister (JmxRegister.java:tryRegister(44)) - Successfully registered JMX Bean with object name Ratis:service=RaftServer,group=group-377B0BE40053,id=bcb704dc-2543-42a4-8762-cde039a55a99
2019-09-26 15:38:54,120 [RatisPipelineUtilsThread] INFO  pipeline.PipelineStateManager (PipelineStateManager.java:addPipeline(56)) - Created pipeline Pipeline[ Id: 7e3f1026-dd0c-480f-970e-377b0be40053, Nodes: bcb704dc-2543-42a4-8762-cde039a55a99{ip: 192.168.151.99, host: pr-hdds-1569-g6sp5-2013761785, networkLocation: /default-rack, certSerialId: null}, Type:RATIS, Factor:ONE, State:OPEN]
2019-09-26 15:38:54,124 [grpc-default-executor-0] INFO  impl.RaftServerProxy (RaftServerProxy.java:addNew(89)) - bcb704dc-2543-42a4-8762-cde039a55a99: addNew group-C9AC4EC29E93:[bcb704dc-2543-42a4-8762-cde039a55a99:192.168.151.99:43663] returns group-C9AC4EC29E93:java.util.concurrent.CompletableFuture@15b0c491[Not completed]
2019-09-26 15:38:54,125 [pool-123-thread-1] INFO  impl.RaftServerImpl (RaftServerImpl.java:<init>(95)) - bcb704dc-2543-42a4-8762-cde039a55a99: new RaftServerImpl for group-C9AC4EC29E93:[bcb704dc-2543-42a4-8762-cde039a55a99:192.168.151.99:43663] with ContainerStateMachine:uninitialized
2019-09-26 15:38:54,125 [pool-123-thread-1] INFO  server.RaftServerConfigKeys (ConfUtils.java:logGet(43)) - raft.server.rpc.timeout.min = 5s (custom)
2019-09-26 15:38:54,125 [pool-123-thread-1] INFO  server.RaftServerConfigKeys (ConfUtils.java:logGet(43)) - raft.server.rpc.timeout.max = 5200ms (custom)
2019-09-26 15:38:54,125 [pool-123-thread-1] INFO  server.RaftServerConfigKeys (ConfUtils.java:logGet(43)) - raft.server.rpcslowness.timeout = 120s (custom)
2019-09-26 15:38:54,125 [pool-123-thread-1] INFO  server.RaftServerConfigKeys (ConfUtils.java:logGet(43)) - raft.server.sleep.deviation.threshold = 300 (default)
2019-09-26 15:38:54,125 [pool-123-thread-1] INFO  server.RaftServerConfigKeys (ConfUtils.java:logGet(43)) - raft.server.log.appender.install.snapshot.enabled = false (custom)
2019-09-26 15:38:54,125 [pool-123-thread-1] INFO  impl.RaftServerImpl (ServerState.java:<init>(103)) - bcb704dc-2543-42a4-8762-cde039a55a99@group-C9AC4EC29E93: ConfigurationManager, init=-1: [bcb704dc-2543-42a4-8762-cde039a55a99:192.168.151.99:43663], old=null, confs=<EMPTY_MAP>
2019-09-26 15:38:54,126 [pool-123-thread-1] INFO  server.RaftServerConfigKeys (ConfUtils.java:logGet(43)) - raft.server.storage.dir = [/workdir/hadoop-ozone/integration-test/target/test-dir/MiniOzoneClusterImpl-87962e32-e39f-4c57-b747-30c883c1cc54/datanode-0/data/ratis] (custom)
2019-09-26 15:38:54,126 [pool-123-thread-1] INFO  storage.RaftStorageDirectory (RaftStorageDirectory.java:analyzeStorage(246)) - The storage directory /workdir/hadoop-ozone/integration-test/target/test-dir/MiniOzoneClusterImpl-87962e32-e39f-4c57-b747-30c883c1cc54/datanode-0/data/ratis/5bf14d1a-df8b-4614-8275-c9ac4ec29e93 does not exist. Creating ...
2019-09-26 15:38:54,139 [pool-123-thread-1] INFO  storage.RaftStorageDirectory (RaftStorageDirectory.java:tryLock(328)) - Lock on /workdir/hadoop-ozone/integration-test/target/test-dir/MiniOzoneClusterImpl-87962e32-e39f-4c57-b747-30c883c1cc54/datanode-0/data/ratis/5bf14d1a-df8b-4614-8275-c9ac4ec29e93/in_use.lock acquired by nodename 10626@pr-hdds-1569-g6sp5-2013761785
2019-09-26 15:38:54,153 [pool-123-thread-1] INFO  storage.RaftStorage (RaftStorage.java:format(72)) - Storage directory /workdir/hadoop-ozone/integration-test/target/test-dir/MiniOzoneClusterImpl-87962e32-e39f-4c57-b747-30c883c1cc54/datanode-0/data/ratis/5bf14d1a-df8b-4614-8275-c9ac4ec29e93 has been successfully formatted.
2019-09-26 15:38:54,153 [pool-123-thread-1] INFO  ratis.ContainerStateMachine (ContainerStateMachine.java:loadSnapshot(230)) - group-C9AC4EC29E93: The snapshot info is null. Setting the last applied indexto:(t:0, i:~)
2019-09-26 15:38:54,153 [pool-123-thread-1] INFO  server.RaftServerConfigKeys (ConfUtils.java:logGet(43)) - raft.server.notification.no-leader.timeout = 120s (custom)
2019-09-26 15:38:54,154 [pool-123-thread-1] INFO  server.RaftServerConfigKeys (ConfUtils.java:logGet(43)) - raft.server.log.use.memory = false (default)
2019-09-26 15:38:54,154 [pool-123-thread-1] INFO  server.RaftServerConfigKeys (ConfUtils.java:logGet(43)) - raft.server.log.purge.gap = 1000000 (custom)
2019-09-26 15:38:54,154 [pool-123-thread-1] INFO  server.RaftServerConfigKeys (ConfUtils.java:logGet(43)) - raft.server.log.appender.buffer.byte-limit = 33554432 (custom)
2019-09-26 15:38:54,154 [pool-123-thread-1] INFO  server.RaftServerConfigKeys (ConfUtils.java:logGet(43)) - raft.server.log.segment.size.max = 1048576 (custom)
2019-09-26 15:38:54,154 [pool-123-thread-1] INFO  server.RaftServerConfigKeys (ConfUtils.java:logGet(43)) - raft.server.log.segment.cache.num.max = 2 (custom)
2019-09-26 15:38:54,154 [pool-123-thread-1] INFO  segmented.SegmentedRaftLogWorker (SegmentedRaftLogWorker.java:<init>(172)) - new bcb704dc-2543-42a4-8762-cde039a55a99@group-C9AC4EC29E93-SegmentedRaftLogWorker for RaftStorage:Storage Directory /workdir/hadoop-ozone/integration-test/target/test-dir/MiniOzoneClusterImpl-87962e32-e39f-4c57-b747-30c883c1cc54/datanode-0/data/ratis/5bf14d1a-df8b-4614-8275-c9ac4ec29e93
2019-09-26 15:38:54,154 [pool-123-thread-1] INFO  server.RaftServerConfigKeys (ConfUtils.java:logGet(43)) - raft.server.log.queue.byte-limit = 2147483647 (custom)
2019-09-26 15:38:54,154 [pool-123-thread-1] INFO  server.RaftServerConfigKeys (ConfUtils.java:logGet(43)) - raft.server.log.queue.element-limit = 1024 (custom)
2019-09-26 15:38:54,155 [pool-123-thread-1] INFO  server.RaftServerConfigKeys (ConfUtils.java:logGet(43)) - raft.server.log.segment.size.max = 1048576 (custom)
2019-09-26 15:38:54,155 [pool-123-thread-1] INFO  server.RaftServerConfigKeys (ConfUtils.java:logGet(43)) - raft.server.log.preallocated.size = 16384 (custom)
2019-09-26 15:38:54,155 [pool-123-thread-1] INFO  server.RaftServerConfigKeys (ConfUtils.java:logGet(43)) - raft.server.log.write.buffer.size = 33554432 (custom)
2019-09-26 15:38:54,155 [pool-123-thread-1] INFO  server.RaftServerConfigKeys (ConfUtils.java:logGet(43)) - raft.server.log.force.sync.num = 128 (default)
2019-09-26 15:38:54,155 [pool-123-thread-1] INFO  server.RaftServerConfigKeys (ConfUtils.java:logGet(43)) - raft.server.log.statemachine.data.sync = true (default)
2019-09-26 15:38:54,155 [pool-123-thread-1] INFO  server.RaftServerConfigKeys (ConfUtils.java:logGet(43)) - raft.server.log.statemachine.data.sync.timeout = 10s (default)
2019-09-26 15:38:54,155 [pool-123-thread-1] INFO  server.RaftServerConfigKeys (ConfUtils.java:logGet(43)) - raft.server.log.statemachine.data.sync.timeout.retry = -1 (default)
2019-09-26 15:38:54,155 [pool-123-thread-1] INFO  server.RaftServerConfigKeys (ConfUtils.java:logGet(43)) - raft.server.log.statemachine.data.caching.enabled = true (custom)
2019-09-26 15:38:54,156 [pool-123-thread-1] INFO  segmented.SegmentedRaftLogWorker (SegmentedRaftLogWorker.java:lambda$new$0(132)) - bcb704dc-2543-42a4-8762-cde039a55a99@group-C9AC4EC29E93-SegmentedRaftLogWorker: flushIndex: setUnconditionally 0 -> -1
2019-09-26 15:38:54,156 [pool-123-thread-1] INFO  server.RaftServerConfigKeys (ConfUtils.java:logGet(43)) - raft.server.snapshot.auto.trigger.enabled = true (custom)
2019-09-26 15:38:54,156 [pool-123-thread-1] INFO  server.RaftServerConfigKeys (ConfUtils.java:logGet(43)) - raft.server.snapshot.auto.trigger.threshold = 10000 (custom)
2019-09-26 15:38:54,156 [pool-123-thread-1] INFO  server.RaftServerConfigKeys (ConfUtils.java:logGet(43)) - raft.server.snapshot.retention.num.files = 5 (custom)
2019-09-26 15:38:54,156 [pool-123-thread-1] INFO  server.RaftServerConfigKeys (ConfUtils.java:logGet(43)) - raft.server.retrycache.expirytime = 600000ms (custom)
2019-09-26 15:38:54,158 [pool-123-thread-1] INFO  impl.RaftServerImpl (RaftServerImpl.java:start(185)) - bcb704dc-2543-42a4-8762-cde039a55a99@group-C9AC4EC29E93: start as a follower, conf=-1: [bcb704dc-2543-42a4-8762-cde039a55a99:192.168.151.99:43663], old=null
2019-09-26 15:38:54,158 [pool-123-thread-1] INFO  impl.RaftServerImpl (RaftServerImpl.java:setRole(174)) - bcb704dc-2543-42a4-8762-cde039a55a99@group-C9AC4EC29E93: changes role from      null to FOLLOWER at term 0 for startAsFollower
2019-09-26 15:38:54,158 [pool-123-thread-1] INFO  impl.RoleInfo (RoleInfo.java:updateAndGet(143)) - bcb704dc-2543-42a4-8762-cde039a55a99: start FollowerState
2019-09-26 15:38:54,159 [pool-123-thread-1] INFO  util.JmxRegister (JmxRegister.java:tryRegister(44)) - Successfully registered JMX Bean with object name Ratis:service=RaftServer,group=group-C9AC4EC29E93,id=bcb704dc-2543-42a4-8762-cde039a55a99
2019-09-26 15:38:54,161 [RatisPipelineUtilsThread] INFO  pipeline.PipelineStateManager (PipelineStateManager.java:addPipeline(56)) - Created pipeline Pipeline[ Id: 5bf14d1a-df8b-4614-8275-c9ac4ec29e93, Nodes: bcb704dc-2543-42a4-8762-cde039a55a99{ip: 192.168.151.99, host: pr-hdds-1569-g6sp5-2013761785, networkLocation: /default-rack, certSerialId: null}, Type:RATIS, Factor:ONE, State:OPEN]
2019-09-26 15:38:54,165 [grpc-default-executor-0] INFO  impl.RaftServerProxy (RaftServerProxy.java:addNew(89)) - bcb704dc-2543-42a4-8762-cde039a55a99: addNew group-4C9E626632D6:[bcb704dc-2543-42a4-8762-cde039a55a99:192.168.151.99:43663] returns group-4C9E626632D6:java.util.concurrent.CompletableFuture@6f7c9047[Not completed]
2019-09-26 15:38:54,166 [pool-123-thread-1] INFO  impl.RaftServerImpl (RaftServerImpl.java:<init>(95)) - bcb704dc-2543-42a4-8762-cde039a55a99: new RaftServerImpl for group-4C9E626632D6:[bcb704dc-2543-42a4-8762-cde039a55a99:192.168.151.99:43663] with ContainerStateMachine:uninitialized
2019-09-26 15:38:54,166 [pool-123-thread-1] INFO  server.RaftServerConfigKeys (ConfUtils.java:logGet(43)) - raft.server.rpc.timeout.min = 5s (custom)
2019-09-26 15:38:54,166 [pool-123-thread-1] INFO  server.RaftServerConfigKeys (ConfUtils.java:logGet(43)) - raft.server.rpc.timeout.max = 5200ms (custom)
2019-09-26 15:38:54,166 [pool-123-thread-1] INFO  server.RaftServerConfigKeys (ConfUtils.java:logGet(43)) - raft.server.rpcslowness.timeout = 120s (custom)
2019-09-26 15:38:54,167 [pool-123-thread-1] INFO  server.RaftServerConfigKeys (ConfUtils.java:logGet(43)) - raft.server.sleep.deviation.threshold = 300 (default)
2019-09-26 15:38:54,167 [pool-123-thread-1] INFO  server.RaftServerConfigKeys (ConfUtils.java:logGet(43)) - raft.server.log.appender.install.snapshot.enabled = false (custom)
2019-09-26 15:38:54,167 [pool-123-thread-1] INFO  impl.RaftServerImpl (ServerState.java:<init>(103)) - bcb704dc-2543-42a4-8762-cde039a55a99@group-4C9E626632D6: ConfigurationManager, init=-1: [bcb704dc-2543-42a4-8762-cde039a55a99:192.168.151.99:43663], old=null, confs=<EMPTY_MAP>
2019-09-26 15:38:54,167 [pool-123-thread-1] INFO  server.RaftServerConfigKeys (ConfUtils.java:logGet(43)) - raft.server.storage.dir = [/workdir/hadoop-ozone/integration-test/target/test-dir/MiniOzoneClusterImpl-87962e32-e39f-4c57-b747-30c883c1cc54/datanode-0/data/ratis] (custom)
2019-09-26 15:38:54,167 [pool-123-thread-1] INFO  storage.RaftStorageDirectory (RaftStorageDirectory.java:analyzeStorage(246)) - The storage directory /workdir/hadoop-ozone/integration-test/target/test-dir/MiniOzoneClusterImpl-87962e32-e39f-4c57-b747-30c883c1cc54/datanode-0/data/ratis/38244d8b-4e5e-4e11-a555-4c9e626632d6 does not exist. Creating ...
2019-09-26 15:38:54,180 [pool-123-thread-1] INFO  storage.RaftStorageDirectory (RaftStorageDirectory.java:tryLock(328)) - Lock on /workdir/hadoop-ozone/integration-test/target/test-dir/MiniOzoneClusterImpl-87962e32-e39f-4c57-b747-30c883c1cc54/datanode-0/data/ratis/38244d8b-4e5e-4e11-a555-4c9e626632d6/in_use.lock acquired by nodename 10626@pr-hdds-1569-g6sp5-2013761785
2019-09-26 15:38:54,193 [pool-123-thread-1] INFO  storage.RaftStorage (RaftStorage.java:format(72)) - Storage directory /workdir/hadoop-ozone/integration-test/target/test-dir/MiniOzoneClusterImpl-87962e32-e39f-4c57-b747-30c883c1cc54/datanode-0/data/ratis/38244d8b-4e5e-4e11-a555-4c9e626632d6 has been successfully formatted.
2019-09-26 15:38:54,193 [pool-123-thread-1] INFO  ratis.ContainerStateMachine (ContainerStateMachine.java:loadSnapshot(230)) - group-4C9E626632D6: The snapshot info is null. Setting the last applied indexto:(t:0, i:~)
2019-09-26 15:38:54,194 [pool-123-thread-1] INFO  server.RaftServerConfigKeys (ConfUtils.java:logGet(43)) - raft.server.notification.no-leader.timeout = 120s (custom)
2019-09-26 15:38:54,194 [pool-123-thread-1] INFO  server.RaftServerConfigKeys (ConfUtils.java:logGet(43)) - raft.server.log.use.memory = false (default)
2019-09-26 15:38:54,194 [pool-123-thread-1] INFO  server.RaftServerConfigKeys (ConfUtils.java:logGet(43)) - raft.server.log.purge.gap = 1000000 (custom)
2019-09-26 15:38:54,194 [pool-123-thread-1] INFO  server.RaftServerConfigKeys (ConfUtils.java:logGet(43)) - raft.server.log.appender.buffer.byte-limit = 33554432 (custom)
2019-09-26 15:38:54,194 [pool-123-thread-1] INFO  server.RaftServerConfigKeys (ConfUtils.java:logGet(43)) - raft.server.log.segment.size.max = 1048576 (custom)
2019-09-26 15:38:54,194 [pool-123-thread-1] INFO  server.RaftServerConfigKeys (ConfUtils.java:logGet(43)) - raft.server.log.segment.cache.num.max = 2 (custom)
2019-09-26 15:38:54,194 [pool-123-thread-1] INFO  segmented.SegmentedRaftLogWorker (SegmentedRaftLogWorker.java:<init>(172)) - new bcb704dc-2543-42a4-8762-cde039a55a99@group-4C9E626632D6-SegmentedRaftLogWorker for RaftStorage:Storage Directory /workdir/hadoop-ozone/integration-test/target/test-dir/MiniOzoneClusterImpl-87962e32-e39f-4c57-b747-30c883c1cc54/datanode-0/data/ratis/38244d8b-4e5e-4e11-a555-4c9e626632d6
2019-09-26 15:38:54,194 [pool-123-thread-1] INFO  server.RaftServerConfigKeys (ConfUtils.java:logGet(43)) - raft.server.log.queue.byte-limit = 2147483647 (custom)
2019-09-26 15:38:54,195 [pool-123-thread-1] INFO  server.RaftServerConfigKeys (ConfUtils.java:logGet(43)) - raft.server.log.queue.element-limit = 1024 (custom)
2019-09-26 15:38:54,195 [pool-123-thread-1] INFO  server.RaftServerConfigKeys (ConfUtils.java:logGet(43)) - raft.server.log.segment.size.max = 1048576 (custom)
2019-09-26 15:38:54,195 [pool-123-thread-1] INFO  server.RaftServerConfigKeys (ConfUtils.java:logGet(43)) - raft.server.log.preallocated.size = 16384 (custom)
2019-09-26 15:38:54,195 [pool-123-thread-1] INFO  server.RaftServerConfigKeys (ConfUtils.java:logGet(43)) - raft.server.log.write.buffer.size = 33554432 (custom)
2019-09-26 15:38:54,195 [pool-123-thread-1] INFO  server.RaftServerConfigKeys (ConfUtils.java:logGet(43)) - raft.server.log.force.sync.num = 128 (default)
2019-09-26 15:38:54,195 [pool-123-thread-1] INFO  server.RaftServerConfigKeys (ConfUtils.java:logGet(43)) - raft.server.log.statemachine.data.sync = true (default)
2019-09-26 15:38:54,195 [pool-123-thread-1] INFO  server.RaftServerConfigKeys (ConfUtils.java:logGet(43)) - raft.server.log.statemachine.data.sync.timeout = 10s (default)
2019-09-26 15:38:54,195 [pool-123-thread-1] INFO  server.RaftServerConfigKeys (ConfUtils.java:logGet(43)) - raft.server.log.statemachine.data.sync.timeout.retry = -1 (default)
2019-09-26 15:38:54,195 [pool-123-thread-1] INFO  server.RaftServerConfigKeys (ConfUtils.java:logGet(43)) - raft.server.log.statemachine.data.caching.enabled = true (custom)
2019-09-26 15:38:54,196 [pool-123-thread-1] INFO  segmented.SegmentedRaftLogWorker (SegmentedRaftLogWorker.java:lambda$new$0(132)) - bcb704dc-2543-42a4-8762-cde039a55a99@group-4C9E626632D6-SegmentedRaftLogWorker: flushIndex: setUnconditionally 0 -> -1
2019-09-26 15:38:54,196 [pool-123-thread-1] INFO  server.RaftServerConfigKeys (ConfUtils.java:logGet(43)) - raft.server.snapshot.auto.trigger.enabled = true (custom)
2019-09-26 15:38:54,196 [pool-123-thread-1] INFO  server.RaftServerConfigKeys (ConfUtils.java:logGet(43)) - raft.server.snapshot.auto.trigger.threshold = 10000 (custom)
2019-09-26 15:38:54,196 [pool-123-thread-1] INFO  server.RaftServerConfigKeys (ConfUtils.java:logGet(43)) - raft.server.snapshot.retention.num.files = 5 (custom)
2019-09-26 15:38:54,196 [pool-123-thread-1] INFO  server.RaftServerConfigKeys (ConfUtils.java:logGet(43)) - raft.server.retrycache.expirytime = 600000ms (custom)
2019-09-26 15:38:54,198 [pool-123-thread-1] INFO  impl.RaftServerImpl (RaftServerImpl.java:start(185)) - bcb704dc-2543-42a4-8762-cde039a55a99@group-4C9E626632D6: start as a follower, conf=-1: [bcb704dc-2543-42a4-8762-cde039a55a99:192.168.151.99:43663], old=null
2019-09-26 15:38:54,198 [pool-123-thread-1] INFO  impl.RaftServerImpl (RaftServerImpl.java:setRole(174)) - bcb704dc-2543-42a4-8762-cde039a55a99@group-4C9E626632D6: changes role from      null to FOLLOWER at term 0 for startAsFollower
2019-09-26 15:38:54,198 [pool-123-thread-1] INFO  impl.RoleInfo (RoleInfo.java:updateAndGet(143)) - bcb704dc-2543-42a4-8762-cde039a55a99: start FollowerState
2019-09-26 15:38:54,198 [pool-123-thread-1] INFO  util.JmxRegister (JmxRegister.java:tryRegister(44)) - Successfully registered JMX Bean with object name Ratis:service=RaftServer,group=group-4C9E626632D6,id=bcb704dc-2543-42a4-8762-cde039a55a99
2019-09-26 15:38:54,200 [RatisPipelineUtilsThread] INFO  pipeline.PipelineStateManager (PipelineStateManager.java:addPipeline(56)) - Created pipeline Pipeline[ Id: 38244d8b-4e5e-4e11-a555-4c9e626632d6, Nodes: bcb704dc-2543-42a4-8762-cde039a55a99{ip: 192.168.151.99, host: pr-hdds-1569-g6sp5-2013761785, networkLocation: /default-rack, certSerialId: null}, Type:RATIS, Factor:ONE, State:OPEN]
2019-09-26 15:38:54,205 [grpc-default-executor-0] INFO  impl.RaftServerProxy (RaftServerProxy.java:addNew(89)) - bcb704dc-2543-42a4-8762-cde039a55a99: addNew group-C1929137EAC8:[bcb704dc-2543-42a4-8762-cde039a55a99:192.168.151.99:43663] returns group-C1929137EAC8:java.util.concurrent.CompletableFuture@4231c2cb[Not completed]
2019-09-26 15:38:54,205 [pool-123-thread-1] INFO  impl.RaftServerImpl (RaftServerImpl.java:<init>(95)) - bcb704dc-2543-42a4-8762-cde039a55a99: new RaftServerImpl for group-C1929137EAC8:[bcb704dc-2543-42a4-8762-cde039a55a99:192.168.151.99:43663] with ContainerStateMachine:uninitialized
2019-09-26 15:38:54,205 [pool-123-thread-1] INFO  server.RaftServerConfigKeys (ConfUtils.java:logGet(43)) - raft.server.rpc.timeout.min = 5s (custom)
2019-09-26 15:38:54,206 [pool-123-thread-1] INFO  server.RaftServerConfigKeys (ConfUtils.java:logGet(43)) - raft.server.rpc.timeout.max = 5200ms (custom)
2019-09-26 15:38:54,206 [pool-123-thread-1] INFO  server.RaftServerConfigKeys (ConfUtils.java:logGet(43)) - raft.server.rpcslowness.timeout = 120s (custom)
2019-09-26 15:38:54,206 [pool-123-thread-1] INFO  server.RaftServerConfigKeys (ConfUtils.java:logGet(43)) - raft.server.sleep.deviation.threshold = 300 (default)
2019-09-26 15:38:54,206 [pool-123-thread-1] INFO  server.RaftServerConfigKeys (ConfUtils.java:logGet(43)) - raft.server.log.appender.install.snapshot.enabled = false (custom)
2019-09-26 15:38:54,206 [pool-123-thread-1] INFO  impl.RaftServerImpl (ServerState.java:<init>(103)) - bcb704dc-2543-42a4-8762-cde039a55a99@group-C1929137EAC8: ConfigurationManager, init=-1: [bcb704dc-2543-42a4-8762-cde039a55a99:192.168.151.99:43663], old=null, confs=<EMPTY_MAP>
2019-09-26 15:38:54,206 [pool-123-thread-1] INFO  server.RaftServerConfigKeys (ConfUtils.java:logGet(43)) - raft.server.storage.dir = [/workdir/hadoop-ozone/integration-test/target/test-dir/MiniOzoneClusterImpl-87962e32-e39f-4c57-b747-30c883c1cc54/datanode-0/data/ratis] (custom)
2019-09-26 15:38:54,207 [pool-123-thread-1] INFO  storage.RaftStorageDirectory (RaftStorageDirectory.java:analyzeStorage(246)) - The storage directory /workdir/hadoop-ozone/integration-test/target/test-dir/MiniOzoneClusterImpl-87962e32-e39f-4c57-b747-30c883c1cc54/datanode-0/data/ratis/c72de021-7bcd-427c-bd9d-c1929137eac8 does not exist. Creating ...
2019-09-26 15:38:54,220 [pool-123-thread-1] INFO  storage.RaftStorageDirectory (RaftStorageDirectory.java:tryLock(328)) - Lock on /workdir/hadoop-ozone/integration-test/target/test-dir/MiniOzoneClusterImpl-87962e32-e39f-4c57-b747-30c883c1cc54/datanode-0/data/ratis/c72de021-7bcd-427c-bd9d-c1929137eac8/in_use.lock acquired by nodename 10626@pr-hdds-1569-g6sp5-2013761785
2019-09-26 15:38:54,233 [pool-123-thread-1] INFO  storage.RaftStorage (RaftStorage.java:format(72)) - Storage directory /workdir/hadoop-ozone/integration-test/target/test-dir/MiniOzoneClusterImpl-87962e32-e39f-4c57-b747-30c883c1cc54/datanode-0/data/ratis/c72de021-7bcd-427c-bd9d-c1929137eac8 has been successfully formatted.
2019-09-26 15:38:54,233 [pool-123-thread-1] INFO  ratis.ContainerStateMachine (ContainerStateMachine.java:loadSnapshot(230)) - group-C1929137EAC8: The snapshot info is null. Setting the last applied indexto:(t:0, i:~)
2019-09-26 15:38:54,234 [pool-123-thread-1] INFO  server.RaftServerConfigKeys (ConfUtils.java:logGet(43)) - raft.server.notification.no-leader.timeout = 120s (custom)
2019-09-26 15:38:54,234 [pool-123-thread-1] INFO  server.RaftServerConfigKeys (ConfUtils.java:logGet(43)) - raft.server.log.use.memory = false (default)
2019-09-26 15:38:54,234 [pool-123-thread-1] INFO  server.RaftServerConfigKeys (ConfUtils.java:logGet(43)) - raft.server.log.purge.gap = 1000000 (custom)
2019-09-26 15:38:54,234 [pool-123-thread-1] INFO  server.RaftServerConfigKeys (ConfUtils.java:logGet(43)) - raft.server.log.appender.buffer.byte-limit = 33554432 (custom)
2019-09-26 15:38:54,234 [pool-123-thread-1] INFO  server.RaftServerConfigKeys (ConfUtils.java:logGet(43)) - raft.server.log.segment.size.max = 1048576 (custom)
2019-09-26 15:38:54,234 [pool-123-thread-1] INFO  server.RaftServerConfigKeys (ConfUtils.java:logGet(43)) - raft.server.log.segment.cache.num.max = 2 (custom)
2019-09-26 15:38:54,234 [pool-123-thread-1] INFO  segmented.SegmentedRaftLogWorker (SegmentedRaftLogWorker.java:<init>(172)) - new bcb704dc-2543-42a4-8762-cde039a55a99@group-C1929137EAC8-SegmentedRaftLogWorker for RaftStorage:Storage Directory /workdir/hadoop-ozone/integration-test/target/test-dir/MiniOzoneClusterImpl-87962e32-e39f-4c57-b747-30c883c1cc54/datanode-0/data/ratis/c72de021-7bcd-427c-bd9d-c1929137eac8
2019-09-26 15:38:54,235 [pool-123-thread-1] INFO  server.RaftServerConfigKeys (ConfUtils.java:logGet(43)) - raft.server.log.queue.byte-limit = 2147483647 (custom)
2019-09-26 15:38:54,235 [pool-123-thread-1] INFO  server.RaftServerConfigKeys (ConfUtils.java:logGet(43)) - raft.server.log.queue.element-limit = 1024 (custom)
2019-09-26 15:38:54,235 [pool-123-thread-1] INFO  server.RaftServerConfigKeys (ConfUtils.java:logGet(43)) - raft.server.log.segment.size.max = 1048576 (custom)
2019-09-26 15:38:54,235 [pool-123-thread-1] INFO  server.RaftServerConfigKeys (ConfUtils.java:logGet(43)) - raft.server.log.preallocated.size = 16384 (custom)
2019-09-26 15:38:54,235 [pool-123-thread-1] INFO  server.RaftServerConfigKeys (ConfUtils.java:logGet(43)) - raft.server.log.write.buffer.size = 33554432 (custom)
2019-09-26 15:38:54,235 [pool-123-thread-1] INFO  server.RaftServerConfigKeys (ConfUtils.java:logGet(43)) - raft.server.log.force.sync.num = 128 (default)
2019-09-26 15:38:54,235 [pool-123-thread-1] INFO  server.RaftServerConfigKeys (ConfUtils.java:logGet(43)) - raft.server.log.statemachine.data.sync = true (default)
2019-09-26 15:38:54,236 [pool-123-thread-1] INFO  server.RaftServerConfigKeys (ConfUtils.java:logGet(43)) - raft.server.log.statemachine.data.sync.timeout = 10s (default)
2019-09-26 15:38:54,236 [pool-123-thread-1] INFO  server.RaftServerConfigKeys (ConfUtils.java:logGet(43)) - raft.server.log.statemachine.data.sync.timeout.retry = -1 (default)
2019-09-26 15:38:54,236 [pool-123-thread-1] INFO  server.RaftServerConfigKeys (ConfUtils.java:logGet(43)) - raft.server.log.statemachine.data.caching.enabled = true (custom)
2019-09-26 15:38:54,236 [pool-123-thread-1] INFO  segmented.SegmentedRaftLogWorker (SegmentedRaftLogWorker.java:lambda$new$0(132)) - bcb704dc-2543-42a4-8762-cde039a55a99@group-C1929137EAC8-SegmentedRaftLogWorker: flushIndex: setUnconditionally 0 -> -1
2019-09-26 15:38:54,237 [pool-123-thread-1] INFO  server.RaftServerConfigKeys (ConfUtils.java:logGet(43)) - raft.server.snapshot.auto.trigger.enabled = true (custom)
2019-09-26 15:38:54,237 [pool-123-thread-1] INFO  server.RaftServerConfigKeys (ConfUtils.java:logGet(43)) - raft.server.snapshot.auto.trigger.threshold = 10000 (custom)
2019-09-26 15:38:54,237 [pool-123-thread-1] INFO  server.RaftServerConfigKeys (ConfUtils.java:logGet(43)) - raft.server.snapshot.retention.num.files = 5 (custom)
2019-09-26 15:38:54,237 [pool-123-thread-1] INFO  server.RaftServerConfigKeys (ConfUtils.java:logGet(43)) - raft.server.retrycache.expirytime = 600000ms (custom)
2019-09-26 15:38:54,239 [pool-123-thread-1] INFO  impl.RaftServerImpl (RaftServerImpl.java:start(185)) - bcb704dc-2543-42a4-8762-cde039a55a99@group-C1929137EAC8: start as a follower, conf=-1: [bcb704dc-2543-42a4-8762-cde039a55a99:192.168.151.99:43663], old=null
2019-09-26 15:38:54,239 [pool-123-thread-1] INFO  impl.RaftServerImpl (RaftServerImpl.java:setRole(174)) - bcb704dc-2543-42a4-8762-cde039a55a99@group-C1929137EAC8: changes role from      null to FOLLOWER at term 0 for startAsFollower
2019-09-26 15:38:54,239 [pool-123-thread-1] INFO  impl.RoleInfo (RoleInfo.java:updateAndGet(143)) - bcb704dc-2543-42a4-8762-cde039a55a99: start FollowerState
2019-09-26 15:38:54,239 [pool-123-thread-1] INFO  util.JmxRegister (JmxRegister.java:tryRegister(44)) - Successfully registered JMX Bean with object name Ratis:service=RaftServer,group=group-C1929137EAC8,id=bcb704dc-2543-42a4-8762-cde039a55a99
2019-09-26 15:38:54,242 [RatisPipelineUtilsThread] INFO  pipeline.PipelineStateManager (PipelineStateManager.java:addPipeline(56)) - Created pipeline Pipeline[ Id: c72de021-7bcd-427c-bd9d-c1929137eac8, Nodes: bcb704dc-2543-42a4-8762-cde039a55a99{ip: 192.168.151.99, host: pr-hdds-1569-g6sp5-2013761785, networkLocation: /default-rack, certSerialId: null}, Type:RATIS, Factor:ONE, State:OPEN]
2019-09-26 15:38:54,246 [grpc-default-executor-0] INFO  impl.RaftServerProxy (RaftServerProxy.java:addNew(89)) - bcb704dc-2543-42a4-8762-cde039a55a99: addNew group-3F78443B8525:[bcb704dc-2543-42a4-8762-cde039a55a99:192.168.151.99:43663] returns group-3F78443B8525:java.util.concurrent.CompletableFuture@337a7f25[Not completed]
2019-09-26 15:38:54,246 [pool-123-thread-1] INFO  impl.RaftServerImpl (RaftServerImpl.java:<init>(95)) - bcb704dc-2543-42a4-8762-cde039a55a99: new RaftServerImpl for group-3F78443B8525:[bcb704dc-2543-42a4-8762-cde039a55a99:192.168.151.99:43663] with ContainerStateMachine:uninitialized
2019-09-26 15:38:54,246 [pool-123-thread-1] INFO  server.RaftServerConfigKeys (ConfUtils.java:logGet(43)) - raft.server.rpc.timeout.min = 5s (custom)
2019-09-26 15:38:54,246 [pool-123-thread-1] INFO  server.RaftServerConfigKeys (ConfUtils.java:logGet(43)) - raft.server.rpc.timeout.max = 5200ms (custom)
2019-09-26 15:38:54,247 [pool-123-thread-1] INFO  server.RaftServerConfigKeys (ConfUtils.java:logGet(43)) - raft.server.rpcslowness.timeout = 120s (custom)
2019-09-26 15:38:54,247 [pool-123-thread-1] INFO  server.RaftServerConfigKeys (ConfUtils.java:logGet(43)) - raft.server.sleep.deviation.threshold = 300 (default)
2019-09-26 15:38:54,247 [pool-123-thread-1] INFO  server.RaftServerConfigKeys (ConfUtils.java:logGet(43)) - raft.server.log.appender.install.snapshot.enabled = false (custom)
2019-09-26 15:38:54,247 [pool-123-thread-1] INFO  impl.RaftServerImpl (ServerState.java:<init>(103)) - bcb704dc-2543-42a4-8762-cde039a55a99@group-3F78443B8525: ConfigurationManager, init=-1: [bcb704dc-2543-42a4-8762-cde039a55a99:192.168.151.99:43663], old=null, confs=<EMPTY_MAP>
2019-09-26 15:38:54,247 [pool-123-thread-1] INFO  server.RaftServerConfigKeys (ConfUtils.java:logGet(43)) - raft.server.storage.dir = [/workdir/hadoop-ozone/integration-test/target/test-dir/MiniOzoneClusterImpl-87962e32-e39f-4c57-b747-30c883c1cc54/datanode-0/data/ratis] (custom)
2019-09-26 15:38:54,248 [pool-123-thread-1] INFO  storage.RaftStorageDirectory (RaftStorageDirectory.java:analyzeStorage(246)) - The storage directory /workdir/hadoop-ozone/integration-test/target/test-dir/MiniOzoneClusterImpl-87962e32-e39f-4c57-b747-30c883c1cc54/datanode-0/data/ratis/ad47b3a2-f289-4b4e-b4d0-3f78443b8525 does not exist. Creating ...
2019-09-26 15:38:54,251 [pool-123-thread-1] INFO  storage.RaftStorageDirectory (RaftStorageDirectory.java:tryLock(328)) - Lock on /workdir/hadoop-ozone/integration-test/target/test-dir/MiniOzoneClusterImpl-87962e32-e39f-4c57-b747-30c883c1cc54/datanode-0/data/ratis/ad47b3a2-f289-4b4e-b4d0-3f78443b8525/in_use.lock acquired by nodename 10626@pr-hdds-1569-g6sp5-2013761785
2019-09-26 15:38:54,255 [pool-123-thread-1] INFO  storage.RaftStorage (RaftStorage.java:format(72)) - Storage directory /workdir/hadoop-ozone/integration-test/target/test-dir/MiniOzoneClusterImpl-87962e32-e39f-4c57-b747-30c883c1cc54/datanode-0/data/ratis/ad47b3a2-f289-4b4e-b4d0-3f78443b8525 has been successfully formatted.
2019-09-26 15:38:54,255 [pool-123-thread-1] INFO  ratis.ContainerStateMachine (ContainerStateMachine.java:loadSnapshot(230)) - group-3F78443B8525: The snapshot info is null. Setting the last applied indexto:(t:0, i:~)
2019-09-26 15:38:54,255 [pool-123-thread-1] INFO  server.RaftServerConfigKeys (ConfUtils.java:logGet(43)) - raft.server.notification.no-leader.timeout = 120s (custom)
2019-09-26 15:38:54,255 [pool-123-thread-1] INFO  server.RaftServerConfigKeys (ConfUtils.java:logGet(43)) - raft.server.log.use.memory = false (default)
2019-09-26 15:38:54,255 [pool-123-thread-1] INFO  server.RaftServerConfigKeys (ConfUtils.java:logGet(43)) - raft.server.log.purge.gap = 1000000 (custom)
2019-09-26 15:38:54,256 [pool-123-thread-1] INFO  server.RaftServerConfigKeys (ConfUtils.java:logGet(43)) - raft.server.log.appender.buffer.byte-limit = 33554432 (custom)
2019-09-26 15:38:54,256 [pool-123-thread-1] INFO  server.RaftServerConfigKeys (ConfUtils.java:logGet(43)) - raft.server.log.segment.size.max = 1048576 (custom)
2019-09-26 15:38:54,256 [pool-123-thread-1] INFO  server.RaftServerConfigKeys (ConfUtils.java:logGet(43)) - raft.server.log.segment.cache.num.max = 2 (custom)
2019-09-26 15:38:54,256 [pool-123-thread-1] INFO  segmented.SegmentedRaftLogWorker (SegmentedRaftLogWorker.java:<init>(172)) - new bcb704dc-2543-42a4-8762-cde039a55a99@group-3F78443B8525-SegmentedRaftLogWorker for RaftStorage:Storage Directory /workdir/hadoop-ozone/integration-test/target/test-dir/MiniOzoneClusterImpl-87962e32-e39f-4c57-b747-30c883c1cc54/datanode-0/data/ratis/ad47b3a2-f289-4b4e-b4d0-3f78443b8525
2019-09-26 15:38:54,256 [pool-123-thread-1] INFO  server.RaftServerConfigKeys (ConfUtils.java:logGet(43)) - raft.server.log.queue.byte-limit = 2147483647 (custom)
2019-09-26 15:38:54,256 [pool-123-thread-1] INFO  server.RaftServerConfigKeys (ConfUtils.java:logGet(43)) - raft.server.log.queue.element-limit = 1024 (custom)
2019-09-26 15:38:54,256 [pool-123-thread-1] INFO  server.RaftServerConfigKeys (ConfUtils.java:logGet(43)) - raft.server.log.segment.size.max = 1048576 (custom)
2019-09-26 15:38:54,257 [pool-123-thread-1] INFO  server.RaftServerConfigKeys (ConfUtils.java:logGet(43)) - raft.server.log.preallocated.size = 16384 (custom)
2019-09-26 15:38:54,257 [pool-123-thread-1] INFO  server.RaftServerConfigKeys (ConfUtils.java:logGet(43)) - raft.server.log.write.buffer.size = 33554432 (custom)
2019-09-26 15:38:54,257 [pool-123-thread-1] INFO  server.RaftServerConfigKeys (ConfUtils.java:logGet(43)) - raft.server.log.force.sync.num = 128 (default)
2019-09-26 15:38:54,257 [pool-123-thread-1] INFO  server.RaftServerConfigKeys (ConfUtils.java:logGet(43)) - raft.server.log.statemachine.data.sync = true (default)
2019-09-26 15:38:54,257 [pool-123-thread-1] INFO  server.RaftServerConfigKeys (ConfUtils.java:logGet(43)) - raft.server.log.statemachine.data.sync.timeout = 10s (default)
2019-09-26 15:38:54,257 [pool-123-thread-1] INFO  server.RaftServerConfigKeys (ConfUtils.java:logGet(43)) - raft.server.log.statemachine.data.sync.timeout.retry = -1 (default)
2019-09-26 15:38:54,257 [pool-123-thread-1] INFO  server.RaftServerConfigKeys (ConfUtils.java:logGet(43)) - raft.server.log.statemachine.data.caching.enabled = true (custom)
2019-09-26 15:38:54,258 [pool-123-thread-1] INFO  segmented.SegmentedRaftLogWorker (SegmentedRaftLogWorker.java:lambda$new$0(132)) - bcb704dc-2543-42a4-8762-cde039a55a99@group-3F78443B8525-SegmentedRaftLogWorker: flushIndex: setUnconditionally 0 -> -1
2019-09-26 15:38:54,258 [pool-123-thread-1] INFO  server.RaftServerConfigKeys (ConfUtils.java:logGet(43)) - raft.server.snapshot.auto.trigger.enabled = true (custom)
2019-09-26 15:38:54,258 [pool-123-thread-1] INFO  server.RaftServerConfigKeys (ConfUtils.java:logGet(43)) - raft.server.snapshot.auto.trigger.threshold = 10000 (custom)
2019-09-26 15:38:54,258 [pool-123-thread-1] INFO  server.RaftServerConfigKeys (ConfUtils.java:logGet(43)) - raft.server.snapshot.retention.num.files = 5 (custom)
2019-09-26 15:38:54,258 [pool-123-thread-1] INFO  server.RaftServerConfigKeys (ConfUtils.java:logGet(43)) - raft.server.retrycache.expirytime = 600000ms (custom)
2019-09-26 15:38:54,260 [pool-123-thread-1] INFO  impl.RaftServerImpl (RaftServerImpl.java:start(185)) - bcb704dc-2543-42a4-8762-cde039a55a99@group-3F78443B8525: start as a follower, conf=-1: [bcb704dc-2543-42a4-8762-cde039a55a99:192.168.151.99:43663], old=null
2019-09-26 15:38:54,260 [pool-123-thread-1] INFO  impl.RaftServerImpl (RaftServerImpl.java:setRole(174)) - bcb704dc-2543-42a4-8762-cde039a55a99@group-3F78443B8525: changes role from      null to FOLLOWER at term 0 for startAsFollower
2019-09-26 15:38:54,260 [pool-123-thread-1] INFO  impl.RoleInfo (RoleInfo.java:updateAndGet(143)) - bcb704dc-2543-42a4-8762-cde039a55a99: start FollowerState
2019-09-26 15:38:54,261 [pool-123-thread-1] INFO  util.JmxRegister (JmxRegister.java:tryRegister(44)) - Successfully registered JMX Bean with object name Ratis:service=RaftServer,group=group-3F78443B8525,id=bcb704dc-2543-42a4-8762-cde039a55a99
2019-09-26 15:38:54,262 [RatisPipelineUtilsThread] INFO  pipeline.PipelineStateManager (PipelineStateManager.java:addPipeline(56)) - Created pipeline Pipeline[ Id: ad47b3a2-f289-4b4e-b4d0-3f78443b8525, Nodes: bcb704dc-2543-42a4-8762-cde039a55a99{ip: 192.168.151.99, host: pr-hdds-1569-g6sp5-2013761785, networkLocation: /default-rack, certSerialId: null}, Type:RATIS, Factor:ONE, State:OPEN]
2019-09-26 15:38:54,266 [grpc-default-executor-0] INFO  impl.RaftServerProxy (RaftServerProxy.java:addNew(89)) - bcb704dc-2543-42a4-8762-cde039a55a99: addNew group-62C16C1E95CC:[bcb704dc-2543-42a4-8762-cde039a55a99:192.168.151.99:43663] returns group-62C16C1E95CC:java.util.concurrent.CompletableFuture@1ec779ee[Not completed]
2019-09-26 15:38:54,267 [pool-123-thread-1] INFO  impl.RaftServerImpl (RaftServerImpl.java:<init>(95)) - bcb704dc-2543-42a4-8762-cde039a55a99: new RaftServerImpl for group-62C16C1E95CC:[bcb704dc-2543-42a4-8762-cde039a55a99:192.168.151.99:43663] with ContainerStateMachine:uninitialized
2019-09-26 15:38:54,267 [pool-123-thread-1] INFO  server.RaftServerConfigKeys (ConfUtils.java:logGet(43)) - raft.server.rpc.timeout.min = 5s (custom)
2019-09-26 15:38:54,267 [pool-123-thread-1] INFO  server.RaftServerConfigKeys (ConfUtils.java:logGet(43)) - raft.server.rpc.timeout.max = 5200ms (custom)
2019-09-26 15:38:54,267 [pool-123-thread-1] INFO  server.RaftServerConfigKeys (ConfUtils.java:logGet(43)) - raft.server.rpcslowness.timeout = 120s (custom)
2019-09-26 15:38:54,267 [pool-123-thread-1] INFO  server.RaftServerConfigKeys (ConfUtils.java:logGet(43)) - raft.server.sleep.deviation.threshold = 300 (default)
2019-09-26 15:38:54,267 [pool-123-thread-1] INFO  server.RaftServerConfigKeys (ConfUtils.java:logGet(43)) - raft.server.log.appender.install.snapshot.enabled = false (custom)
2019-09-26 15:38:54,267 [pool-123-thread-1] INFO  impl.RaftServerImpl (ServerState.java:<init>(103)) - bcb704dc-2543-42a4-8762-cde039a55a99@group-62C16C1E95CC: ConfigurationManager, init=-1: [bcb704dc-2543-42a4-8762-cde039a55a99:192.168.151.99:43663], old=null, confs=<EMPTY_MAP>
2019-09-26 15:38:54,267 [pool-123-thread-1] INFO  server.RaftServerConfigKeys (ConfUtils.java:logGet(43)) - raft.server.storage.dir = [/workdir/hadoop-ozone/integration-test/target/test-dir/MiniOzoneClusterImpl-87962e32-e39f-4c57-b747-30c883c1cc54/datanode-0/data/ratis] (custom)
2019-09-26 15:38:54,268 [pool-123-thread-1] INFO  storage.RaftStorageDirectory (RaftStorageDirectory.java:analyzeStorage(246)) - The storage directory /workdir/hadoop-ozone/integration-test/target/test-dir/MiniOzoneClusterImpl-87962e32-e39f-4c57-b747-30c883c1cc54/datanode-0/data/ratis/752261b9-1958-4629-9edf-62c16c1e95cc does not exist. Creating ...
2019-09-26 15:38:54,272 [pool-123-thread-1] INFO  storage.RaftStorageDirectory (RaftStorageDirectory.java:tryLock(328)) - Lock on /workdir/hadoop-ozone/integration-test/target/test-dir/MiniOzoneClusterImpl-87962e32-e39f-4c57-b747-30c883c1cc54/datanode-0/data/ratis/752261b9-1958-4629-9edf-62c16c1e95cc/in_use.lock acquired by nodename 10626@pr-hdds-1569-g6sp5-2013761785
2019-09-26 15:38:54,289 [pool-123-thread-1] INFO  storage.RaftStorage (RaftStorage.java:format(72)) - Storage directory /workdir/hadoop-ozone/integration-test/target/test-dir/MiniOzoneClusterImpl-87962e32-e39f-4c57-b747-30c883c1cc54/datanode-0/data/ratis/752261b9-1958-4629-9edf-62c16c1e95cc has been successfully formatted.
2019-09-26 15:38:54,290 [pool-123-thread-1] INFO  ratis.ContainerStateMachine (ContainerStateMachine.java:loadSnapshot(230)) - group-62C16C1E95CC: The snapshot info is null. Setting the last applied indexto:(t:0, i:~)
2019-09-26 15:38:54,290 [pool-123-thread-1] INFO  server.RaftServerConfigKeys (ConfUtils.java:logGet(43)) - raft.server.notification.no-leader.timeout = 120s (custom)
2019-09-26 15:38:54,290 [pool-123-thread-1] INFO  server.RaftServerConfigKeys (ConfUtils.java:logGet(43)) - raft.server.log.use.memory = false (default)
2019-09-26 15:38:54,290 [pool-123-thread-1] INFO  server.RaftServerConfigKeys (ConfUtils.java:logGet(43)) - raft.server.log.purge.gap = 1000000 (custom)
2019-09-26 15:38:54,290 [pool-123-thread-1] INFO  server.RaftServerConfigKeys (ConfUtils.java:logGet(43)) - raft.server.log.appender.buffer.byte-limit = 33554432 (custom)
2019-09-26 15:38:54,291 [pool-123-thread-1] INFO  server.RaftServerConfigKeys (ConfUtils.java:logGet(43)) - raft.server.log.segment.size.max = 1048576 (custom)
2019-09-26 15:38:54,291 [pool-123-thread-1] INFO  server.RaftServerConfigKeys (ConfUtils.java:logGet(43)) - raft.server.log.segment.cache.num.max = 2 (custom)
2019-09-26 15:38:54,291 [pool-123-thread-1] INFO  segmented.SegmentedRaftLogWorker (SegmentedRaftLogWorker.java:<init>(172)) - new bcb704dc-2543-42a4-8762-cde039a55a99@group-62C16C1E95CC-SegmentedRaftLogWorker for RaftStorage:Storage Directory /workdir/hadoop-ozone/integration-test/target/test-dir/MiniOzoneClusterImpl-87962e32-e39f-4c57-b747-30c883c1cc54/datanode-0/data/ratis/752261b9-1958-4629-9edf-62c16c1e95cc
2019-09-26 15:38:54,291 [pool-123-thread-1] INFO  server.RaftServerConfigKeys (ConfUtils.java:logGet(43)) - raft.server.log.queue.byte-limit = 2147483647 (custom)
2019-09-26 15:38:54,291 [pool-123-thread-1] INFO  server.RaftServerConfigKeys (ConfUtils.java:logGet(43)) - raft.server.log.queue.element-limit = 1024 (custom)
2019-09-26 15:38:54,292 [pool-123-thread-1] INFO  server.RaftServerConfigKeys (ConfUtils.java:logGet(43)) - raft.server.log.segment.size.max = 1048576 (custom)
2019-09-26 15:38:54,292 [pool-123-thread-1] INFO  server.RaftServerConfigKeys (ConfUtils.java:logGet(43)) - raft.server.log.preallocated.size = 16384 (custom)
2019-09-26 15:38:54,292 [pool-123-thread-1] INFO  server.RaftServerConfigKeys (ConfUtils.java:logGet(43)) - raft.server.log.write.buffer.size = 33554432 (custom)
2019-09-26 15:38:54,292 [pool-123-thread-1] INFO  server.RaftServerConfigKeys (ConfUtils.java:logGet(43)) - raft.server.log.force.sync.num = 128 (default)
2019-09-26 15:38:54,292 [pool-123-thread-1] INFO  server.RaftServerConfigKeys (ConfUtils.java:logGet(43)) - raft.server.log.statemachine.data.sync = true (default)
2019-09-26 15:38:54,293 [pool-123-thread-1] INFO  server.RaftServerConfigKeys (ConfUtils.java:logGet(43)) - raft.server.log.statemachine.data.sync.timeout = 10s (default)
2019-09-26 15:38:54,293 [pool-123-thread-1] INFO  server.RaftServerConfigKeys (ConfUtils.java:logGet(43)) - raft.server.log.statemachine.data.sync.timeout.retry = -1 (default)
2019-09-26 15:38:54,293 [pool-123-thread-1] INFO  server.RaftServerConfigKeys (ConfUtils.java:logGet(43)) - raft.server.log.statemachine.data.caching.enabled = true (custom)
2019-09-26 15:38:54,293 [pool-123-thread-1] INFO  segmented.SegmentedRaftLogWorker (SegmentedRaftLogWorker.java:lambda$new$0(132)) - bcb704dc-2543-42a4-8762-cde039a55a99@group-62C16C1E95CC-SegmentedRaftLogWorker: flushIndex: setUnconditionally 0 -> -1
2019-09-26 15:38:54,294 [pool-123-thread-1] INFO  server.RaftServerConfigKeys (ConfUtils.java:logGet(43)) - raft.server.snapshot.auto.trigger.enabled = true (custom)
2019-09-26 15:38:54,294 [pool-123-thread-1] INFO  server.RaftServerConfigKeys (ConfUtils.java:logGet(43)) - raft.server.snapshot.auto.trigger.threshold = 10000 (custom)
2019-09-26 15:38:54,294 [pool-123-thread-1] INFO  server.RaftServerConfigKeys (ConfUtils.java:logGet(43)) - raft.server.snapshot.retention.num.files = 5 (custom)
2019-09-26 15:38:54,294 [pool-123-thread-1] INFO  server.RaftServerConfigKeys (ConfUtils.java:logGet(43)) - raft.server.retrycache.expirytime = 600000ms (custom)
2019-09-26 15:38:54,296 [pool-123-thread-1] INFO  impl.RaftServerImpl (RaftServerImpl.java:start(185)) - bcb704dc-2543-42a4-8762-cde039a55a99@group-62C16C1E95CC: start as a follower, conf=-1: [bcb704dc-2543-42a4-8762-cde039a55a99:192.168.151.99:43663], old=null
2019-09-26 15:38:54,297 [pool-123-thread-1] INFO  impl.RaftServerImpl (RaftServerImpl.java:setRole(174)) - bcb704dc-2543-42a4-8762-cde039a55a99@group-62C16C1E95CC: changes role from      null to FOLLOWER at term 0 for startAsFollower
2019-09-26 15:38:54,297 [pool-123-thread-1] INFO  impl.RoleInfo (RoleInfo.java:updateAndGet(143)) - bcb704dc-2543-42a4-8762-cde039a55a99: start FollowerState
2019-09-26 15:38:54,297 [pool-123-thread-1] INFO  util.JmxRegister (JmxRegister.java:tryRegister(44)) - Successfully registered JMX Bean with object name Ratis:service=RaftServer,group=group-62C16C1E95CC,id=bcb704dc-2543-42a4-8762-cde039a55a99
2019-09-26 15:38:54,299 [RatisPipelineUtilsThread] INFO  pipeline.PipelineStateManager (PipelineStateManager.java:addPipeline(56)) - Created pipeline Pipeline[ Id: 752261b9-1958-4629-9edf-62c16c1e95cc, Nodes: bcb704dc-2543-42a4-8762-cde039a55a99{ip: 192.168.151.99, host: pr-hdds-1569-g6sp5-2013761785, networkLocation: /default-rack, certSerialId: null}, Type:RATIS, Factor:ONE, State:OPEN]
2019-09-26 15:38:54,303 [grpc-default-executor-0] INFO  impl.RaftServerProxy (RaftServerProxy.java:addNew(89)) - bcb704dc-2543-42a4-8762-cde039a55a99: addNew group-8CA2A8BE6B00:[bcb704dc-2543-42a4-8762-cde039a55a99:192.168.151.99:43663] returns group-8CA2A8BE6B00:java.util.concurrent.CompletableFuture@3f1caa86[Not completed]
2019-09-26 15:38:54,303 [pool-123-thread-1] INFO  impl.RaftServerImpl (RaftServerImpl.java:<init>(95)) - bcb704dc-2543-42a4-8762-cde039a55a99: new RaftServerImpl for group-8CA2A8BE6B00:[bcb704dc-2543-42a4-8762-cde039a55a99:192.168.151.99:43663] with ContainerStateMachine:uninitialized
2019-09-26 15:38:54,304 [pool-123-thread-1] INFO  server.RaftServerConfigKeys (ConfUtils.java:logGet(43)) - raft.server.rpc.timeout.min = 5s (custom)
2019-09-26 15:38:54,304 [pool-123-thread-1] INFO  server.RaftServerConfigKeys (ConfUtils.java:logGet(43)) - raft.server.rpc.timeout.max = 5200ms (custom)
2019-09-26 15:38:54,304 [pool-123-thread-1] INFO  server.RaftServerConfigKeys (ConfUtils.java:logGet(43)) - raft.server.rpcslowness.timeout = 120s (custom)
2019-09-26 15:38:54,304 [pool-123-thread-1] INFO  server.RaftServerConfigKeys (ConfUtils.java:logGet(43)) - raft.server.sleep.deviation.threshold = 300 (default)
2019-09-26 15:38:54,304 [pool-123-thread-1] INFO  server.RaftServerConfigKeys (ConfUtils.java:logGet(43)) - raft.server.log.appender.install.snapshot.enabled = false (custom)
2019-09-26 15:38:54,304 [pool-123-thread-1] INFO  impl.RaftServerImpl (ServerState.java:<init>(103)) - bcb704dc-2543-42a4-8762-cde039a55a99@group-8CA2A8BE6B00: ConfigurationManager, init=-1: [bcb704dc-2543-42a4-8762-cde039a55a99:192.168.151.99:43663], old=null, confs=<EMPTY_MAP>
2019-09-26 15:38:54,304 [pool-123-thread-1] INFO  server.RaftServerConfigKeys (ConfUtils.java:logGet(43)) - raft.server.storage.dir = [/workdir/hadoop-ozone/integration-test/target/test-dir/MiniOzoneClusterImpl-87962e32-e39f-4c57-b747-30c883c1cc54/datanode-0/data/ratis] (custom)
2019-09-26 15:38:54,305 [pool-123-thread-1] INFO  storage.RaftStorageDirectory (RaftStorageDirectory.java:analyzeStorage(246)) - The storage directory /workdir/hadoop-ozone/integration-test/target/test-dir/MiniOzoneClusterImpl-87962e32-e39f-4c57-b747-30c883c1cc54/datanode-0/data/ratis/34c2bc2e-580d-44f2-88b2-8ca2a8be6b00 does not exist. Creating ...
2019-09-26 15:38:54,317 [pool-123-thread-1] INFO  storage.RaftStorageDirectory (RaftStorageDirectory.java:tryLock(328)) - Lock on /workdir/hadoop-ozone/integration-test/target/test-dir/MiniOzoneClusterImpl-87962e32-e39f-4c57-b747-30c883c1cc54/datanode-0/data/ratis/34c2bc2e-580d-44f2-88b2-8ca2a8be6b00/in_use.lock acquired by nodename 10626@pr-hdds-1569-g6sp5-2013761785
2019-09-26 15:38:54,330 [pool-123-thread-1] INFO  storage.RaftStorage (RaftStorage.java:format(72)) - Storage directory /workdir/hadoop-ozone/integration-test/target/test-dir/MiniOzoneClusterImpl-87962e32-e39f-4c57-b747-30c883c1cc54/datanode-0/data/ratis/34c2bc2e-580d-44f2-88b2-8ca2a8be6b00 has been successfully formatted.
2019-09-26 15:38:54,330 [pool-123-thread-1] INFO  ratis.ContainerStateMachine (ContainerStateMachine.java:loadSnapshot(230)) - group-8CA2A8BE6B00: The snapshot info is null. Setting the last applied indexto:(t:0, i:~)
2019-09-26 15:38:54,330 [pool-123-thread-1] INFO  server.RaftServerConfigKeys (ConfUtils.java:logGet(43)) - raft.server.notification.no-leader.timeout = 120s (custom)
2019-09-26 15:38:54,330 [pool-123-thread-1] INFO  server.RaftServerConfigKeys (ConfUtils.java:logGet(43)) - raft.server.log.use.memory = false (default)
2019-09-26 15:38:54,330 [pool-123-thread-1] INFO  server.RaftServerConfigKeys (ConfUtils.java:logGet(43)) - raft.server.log.purge.gap = 1000000 (custom)
2019-09-26 15:38:54,331 [pool-123-thread-1] INFO  server.RaftServerConfigKeys (ConfUtils.java:logGet(43)) - raft.server.log.appender.buffer.byte-limit = 33554432 (custom)
2019-09-26 15:38:54,331 [pool-123-thread-1] INFO  server.RaftServerConfigKeys (ConfUtils.java:logGet(43)) - raft.server.log.segment.size.max = 1048576 (custom)
2019-09-26 15:38:54,331 [pool-123-thread-1] INFO  server.RaftServerConfigKeys (ConfUtils.java:logGet(43)) - raft.server.log.segment.cache.num.max = 2 (custom)
2019-09-26 15:38:54,331 [pool-123-thread-1] INFO  segmented.SegmentedRaftLogWorker (SegmentedRaftLogWorker.java:<init>(172)) - new bcb704dc-2543-42a4-8762-cde039a55a99@group-8CA2A8BE6B00-SegmentedRaftLogWorker for RaftStorage:Storage Directory /workdir/hadoop-ozone/integration-test/target/test-dir/MiniOzoneClusterImpl-87962e32-e39f-4c57-b747-30c883c1cc54/datanode-0/data/ratis/34c2bc2e-580d-44f2-88b2-8ca2a8be6b00
2019-09-26 15:38:54,331 [pool-123-thread-1] INFO  server.RaftServerConfigKeys (ConfUtils.java:logGet(43)) - raft.server.log.queue.byte-limit = 2147483647 (custom)
2019-09-26 15:38:54,331 [pool-123-thread-1] INFO  server.RaftServerConfigKeys (ConfUtils.java:logGet(43)) - raft.server.log.queue.element-limit = 1024 (custom)
2019-09-26 15:38:54,331 [pool-123-thread-1] INFO  server.RaftServerConfigKeys (ConfUtils.java:logGet(43)) - raft.server.log.segment.size.max = 1048576 (custom)
2019-09-26 15:38:54,331 [pool-123-thread-1] INFO  server.RaftServerConfigKeys (ConfUtils.java:logGet(43)) - raft.server.log.preallocated.size = 16384 (custom)
2019-09-26 15:38:54,331 [pool-123-thread-1] INFO  server.RaftServerConfigKeys (ConfUtils.java:logGet(43)) - raft.server.log.write.buffer.size = 33554432 (custom)
2019-09-26 15:38:54,332 [pool-123-thread-1] INFO  server.RaftServerConfigKeys (ConfUtils.java:logGet(43)) - raft.server.log.force.sync.num = 128 (default)
2019-09-26 15:38:54,332 [pool-123-thread-1] INFO  server.RaftServerConfigKeys (ConfUtils.java:logGet(43)) - raft.server.log.statemachine.data.sync = true (default)
2019-09-26 15:38:54,332 [pool-123-thread-1] INFO  server.RaftServerConfigKeys (ConfUtils.java:logGet(43)) - raft.server.log.statemachine.data.sync.timeout = 10s (default)
2019-09-26 15:38:54,332 [pool-123-thread-1] INFO  server.RaftServerConfigKeys (ConfUtils.java:logGet(43)) - raft.server.log.statemachine.data.sync.timeout.retry = -1 (default)
2019-09-26 15:38:54,332 [pool-123-thread-1] INFO  server.RaftServerConfigKeys (ConfUtils.java:logGet(43)) - raft.server.log.statemachine.data.caching.enabled = true (custom)
2019-09-26 15:38:54,332 [pool-123-thread-1] INFO  segmented.SegmentedRaftLogWorker (SegmentedRaftLogWorker.java:lambda$new$0(132)) - bcb704dc-2543-42a4-8762-cde039a55a99@group-8CA2A8BE6B00-SegmentedRaftLogWorker: flushIndex: setUnconditionally 0 -> -1
2019-09-26 15:38:54,332 [pool-123-thread-1] INFO  server.RaftServerConfigKeys (ConfUtils.java:logGet(43)) - raft.server.snapshot.auto.trigger.enabled = true (custom)
2019-09-26 15:38:54,333 [pool-123-thread-1] INFO  server.RaftServerConfigKeys (ConfUtils.java:logGet(43)) - raft.server.snapshot.auto.trigger.threshold = 10000 (custom)
2019-09-26 15:38:54,333 [pool-123-thread-1] INFO  server.RaftServerConfigKeys (ConfUtils.java:logGet(43)) - raft.server.snapshot.retention.num.files = 5 (custom)
2019-09-26 15:38:54,333 [pool-123-thread-1] INFO  server.RaftServerConfigKeys (ConfUtils.java:logGet(43)) - raft.server.retrycache.expirytime = 600000ms (custom)
2019-09-26 15:38:54,334 [pool-123-thread-1] INFO  impl.RaftServerImpl (RaftServerImpl.java:start(185)) - bcb704dc-2543-42a4-8762-cde039a55a99@group-8CA2A8BE6B00: start as a follower, conf=-1: [bcb704dc-2543-42a4-8762-cde039a55a99:192.168.151.99:43663], old=null
2019-09-26 15:38:54,334 [pool-123-thread-1] INFO  impl.RaftServerImpl (RaftServerImpl.java:setRole(174)) - bcb704dc-2543-42a4-8762-cde039a55a99@group-8CA2A8BE6B00: changes role from      null to FOLLOWER at term 0 for startAsFollower
2019-09-26 15:38:54,334 [pool-123-thread-1] INFO  impl.RoleInfo (RoleInfo.java:updateAndGet(143)) - bcb704dc-2543-42a4-8762-cde039a55a99: start FollowerState
2019-09-26 15:38:54,334 [pool-123-thread-1] INFO  util.JmxRegister (JmxRegister.java:tryRegister(44)) - Successfully registered JMX Bean with object name Ratis:service=RaftServer,group=group-8CA2A8BE6B00,id=bcb704dc-2543-42a4-8762-cde039a55a99
2019-09-26 15:38:54,336 [RatisPipelineUtilsThread] INFO  pipeline.PipelineStateManager (PipelineStateManager.java:addPipeline(56)) - Created pipeline Pipeline[ Id: 34c2bc2e-580d-44f2-88b2-8ca2a8be6b00, Nodes: bcb704dc-2543-42a4-8762-cde039a55a99{ip: 192.168.151.99, host: pr-hdds-1569-g6sp5-2013761785, networkLocation: /default-rack, certSerialId: null}, Type:RATIS, Factor:ONE, State:OPEN]
2019-09-26 15:38:54,340 [grpc-default-executor-0] INFO  impl.RaftServerProxy (RaftServerProxy.java:addNew(89)) - bcb704dc-2543-42a4-8762-cde039a55a99: addNew group-51C70D42DCA5:[bcb704dc-2543-42a4-8762-cde039a55a99:192.168.151.99:43663] returns group-51C70D42DCA5:java.util.concurrent.CompletableFuture@2edee808[Not completed]
2019-09-26 15:38:54,341 [pool-123-thread-1] INFO  impl.RaftServerImpl (RaftServerImpl.java:<init>(95)) - bcb704dc-2543-42a4-8762-cde039a55a99: new RaftServerImpl for group-51C70D42DCA5:[bcb704dc-2543-42a4-8762-cde039a55a99:192.168.151.99:43663] with ContainerStateMachine:uninitialized
2019-09-26 15:38:54,341 [pool-123-thread-1] INFO  server.RaftServerConfigKeys (ConfUtils.java:logGet(43)) - raft.server.rpc.timeout.min = 5s (custom)
2019-09-26 15:38:54,341 [pool-123-thread-1] INFO  server.RaftServerConfigKeys (ConfUtils.java:logGet(43)) - raft.server.rpc.timeout.max = 5200ms (custom)
2019-09-26 15:38:54,341 [pool-123-thread-1] INFO  server.RaftServerConfigKeys (ConfUtils.java:logGet(43)) - raft.server.rpcslowness.timeout = 120s (custom)
2019-09-26 15:38:54,341 [pool-123-thread-1] INFO  server.RaftServerConfigKeys (ConfUtils.java:logGet(43)) - raft.server.sleep.deviation.threshold = 300 (default)
2019-09-26 15:38:54,342 [pool-123-thread-1] INFO  server.RaftServerConfigKeys (ConfUtils.java:logGet(43)) - raft.server.log.appender.install.snapshot.enabled = false (custom)
2019-09-26 15:38:54,342 [pool-123-thread-1] INFO  impl.RaftServerImpl (ServerState.java:<init>(103)) - bcb704dc-2543-42a4-8762-cde039a55a99@group-51C70D42DCA5: ConfigurationManager, init=-1: [bcb704dc-2543-42a4-8762-cde039a55a99:192.168.151.99:43663], old=null, confs=<EMPTY_MAP>
2019-09-26 15:38:54,342 [pool-123-thread-1] INFO  server.RaftServerConfigKeys (ConfUtils.java:logGet(43)) - raft.server.storage.dir = [/workdir/hadoop-ozone/integration-test/target/test-dir/MiniOzoneClusterImpl-87962e32-e39f-4c57-b747-30c883c1cc54/datanode-0/data/ratis] (custom)
2019-09-26 15:38:54,342 [pool-123-thread-1] INFO  storage.RaftStorageDirectory (RaftStorageDirectory.java:analyzeStorage(246)) - The storage directory /workdir/hadoop-ozone/integration-test/target/test-dir/MiniOzoneClusterImpl-87962e32-e39f-4c57-b747-30c883c1cc54/datanode-0/data/ratis/895554a8-1329-4894-9675-51c70d42dca5 does not exist. Creating ...
2019-09-26 15:38:54,355 [pool-123-thread-1] INFO  storage.RaftStorageDirectory (RaftStorageDirectory.java:tryLock(328)) - Lock on /workdir/hadoop-ozone/integration-test/target/test-dir/MiniOzoneClusterImpl-87962e32-e39f-4c57-b747-30c883c1cc54/datanode-0/data/ratis/895554a8-1329-4894-9675-51c70d42dca5/in_use.lock acquired by nodename 10626@pr-hdds-1569-g6sp5-2013761785
2019-09-26 15:38:54,368 [pool-123-thread-1] INFO  storage.RaftStorage (RaftStorage.java:format(72)) - Storage directory /workdir/hadoop-ozone/integration-test/target/test-dir/MiniOzoneClusterImpl-87962e32-e39f-4c57-b747-30c883c1cc54/datanode-0/data/ratis/895554a8-1329-4894-9675-51c70d42dca5 has been successfully formatted.
2019-09-26 15:38:54,368 [pool-123-thread-1] INFO  ratis.ContainerStateMachine (ContainerStateMachine.java:loadSnapshot(230)) - group-51C70D42DCA5: The snapshot info is null. Setting the last applied indexto:(t:0, i:~)
2019-09-26 15:38:54,368 [pool-123-thread-1] INFO  server.RaftServerConfigKeys (ConfUtils.java:logGet(43)) - raft.server.notification.no-leader.timeout = 120s (custom)
2019-09-26 15:38:54,368 [pool-123-thread-1] INFO  server.RaftServerConfigKeys (ConfUtils.java:logGet(43)) - raft.server.log.use.memory = false (default)
2019-09-26 15:38:54,368 [pool-123-thread-1] INFO  server.RaftServerConfigKeys (ConfUtils.java:logGet(43)) - raft.server.log.purge.gap = 1000000 (custom)
2019-09-26 15:38:54,369 [pool-123-thread-1] INFO  server.RaftServerConfigKeys (ConfUtils.java:logGet(43)) - raft.server.log.appender.buffer.byte-limit = 33554432 (custom)
2019-09-26 15:38:54,369 [pool-123-thread-1] INFO  server.RaftServerConfigKeys (ConfUtils.java:logGet(43)) - raft.server.log.segment.size.max = 1048576 (custom)
2019-09-26 15:38:54,369 [pool-123-thread-1] INFO  server.RaftServerConfigKeys (ConfUtils.java:logGet(43)) - raft.server.log.segment.cache.num.max = 2 (custom)
2019-09-26 15:38:54,369 [pool-123-thread-1] INFO  segmented.SegmentedRaftLogWorker (SegmentedRaftLogWorker.java:<init>(172)) - new bcb704dc-2543-42a4-8762-cde039a55a99@group-51C70D42DCA5-SegmentedRaftLogWorker for RaftStorage:Storage Directory /workdir/hadoop-ozone/integration-test/target/test-dir/MiniOzoneClusterImpl-87962e32-e39f-4c57-b747-30c883c1cc54/datanode-0/data/ratis/895554a8-1329-4894-9675-51c70d42dca5
2019-09-26 15:38:54,369 [pool-123-thread-1] INFO  server.RaftServerConfigKeys (ConfUtils.java:logGet(43)) - raft.server.log.queue.byte-limit = 2147483647 (custom)
2019-09-26 15:38:54,369 [pool-123-thread-1] INFO  server.RaftServerConfigKeys (ConfUtils.java:logGet(43)) - raft.server.log.queue.element-limit = 1024 (custom)
2019-09-26 15:38:54,369 [pool-123-thread-1] INFO  server.RaftServerConfigKeys (ConfUtils.java:logGet(43)) - raft.server.log.segment.size.max = 1048576 (custom)
2019-09-26 15:38:54,369 [pool-123-thread-1] INFO  server.RaftServerConfigKeys (ConfUtils.java:logGet(43)) - raft.server.log.preallocated.size = 16384 (custom)
2019-09-26 15:38:54,369 [pool-123-thread-1] INFO  server.RaftServerConfigKeys (ConfUtils.java:logGet(43)) - raft.server.log.write.buffer.size = 33554432 (custom)
2019-09-26 15:38:54,370 [pool-123-thread-1] INFO  server.RaftServerConfigKeys (ConfUtils.java:logGet(43)) - raft.server.log.force.sync.num = 128 (default)
2019-09-26 15:38:54,370 [pool-123-thread-1] INFO  server.RaftServerConfigKeys (ConfUtils.java:logGet(43)) - raft.server.log.statemachine.data.sync = true (default)
2019-09-26 15:38:54,370 [pool-123-thread-1] INFO  server.RaftServerConfigKeys (ConfUtils.java:logGet(43)) - raft.server.log.statemachine.data.sync.timeout = 10s (default)
2019-09-26 15:38:54,370 [pool-123-thread-1] INFO  server.RaftServerConfigKeys (ConfUtils.java:logGet(43)) - raft.server.log.statemachine.data.sync.timeout.retry = -1 (default)
2019-09-26 15:38:54,370 [pool-123-thread-1] INFO  server.RaftServerConfigKeys (ConfUtils.java:logGet(43)) - raft.server.log.statemachine.data.caching.enabled = true (custom)
2019-09-26 15:38:54,370 [pool-123-thread-1] INFO  segmented.SegmentedRaftLogWorker (SegmentedRaftLogWorker.java:lambda$new$0(132)) - bcb704dc-2543-42a4-8762-cde039a55a99@group-51C70D42DCA5-SegmentedRaftLogWorker: flushIndex: setUnconditionally 0 -> -1
2019-09-26 15:38:54,370 [pool-123-thread-1] INFO  server.RaftServerConfigKeys (ConfUtils.java:logGet(43)) - raft.server.snapshot.auto.trigger.enabled = true (custom)
2019-09-26 15:38:54,371 [pool-123-thread-1] INFO  server.RaftServerConfigKeys (ConfUtils.java:logGet(43)) - raft.server.snapshot.auto.trigger.threshold = 10000 (custom)
2019-09-26 15:38:54,371 [pool-123-thread-1] INFO  server.RaftServerConfigKeys (ConfUtils.java:logGet(43)) - raft.server.snapshot.retention.num.files = 5 (custom)
2019-09-26 15:38:54,371 [pool-123-thread-1] INFO  server.RaftServerConfigKeys (ConfUtils.java:logGet(43)) - raft.server.retrycache.expirytime = 600000ms (custom)
2019-09-26 15:38:54,372 [pool-123-thread-1] INFO  impl.RaftServerImpl (RaftServerImpl.java:start(185)) - bcb704dc-2543-42a4-8762-cde039a55a99@group-51C70D42DCA5: start as a follower, conf=-1: [bcb704dc-2543-42a4-8762-cde039a55a99:192.168.151.99:43663], old=null
2019-09-26 15:38:54,372 [pool-123-thread-1] INFO  impl.RaftServerImpl (RaftServerImpl.java:setRole(174)) - bcb704dc-2543-42a4-8762-cde039a55a99@group-51C70D42DCA5: changes role from      null to FOLLOWER at term 0 for startAsFollower
2019-09-26 15:38:54,372 [pool-123-thread-1] INFO  impl.RoleInfo (RoleInfo.java:updateAndGet(143)) - bcb704dc-2543-42a4-8762-cde039a55a99: start FollowerState
2019-09-26 15:38:54,373 [pool-123-thread-1] INFO  util.JmxRegister (JmxRegister.java:tryRegister(44)) - Successfully registered JMX Bean with object name Ratis:service=RaftServer,group=group-51C70D42DCA5,id=bcb704dc-2543-42a4-8762-cde039a55a99
2019-09-26 15:38:54,375 [RatisPipelineUtilsThread] INFO  pipeline.PipelineStateManager (PipelineStateManager.java:addPipeline(56)) - Created pipeline Pipeline[ Id: 895554a8-1329-4894-9675-51c70d42dca5, Nodes: bcb704dc-2543-42a4-8762-cde039a55a99{ip: 192.168.151.99, host: pr-hdds-1569-g6sp5-2013761785, networkLocation: /default-rack, certSerialId: null}, Type:RATIS, Factor:ONE, State:OPEN]
2019-09-26 15:38:54,380 [grpc-default-executor-0] INFO  impl.RaftServerProxy (RaftServerProxy.java:addNew(89)) - bcb704dc-2543-42a4-8762-cde039a55a99: addNew group-05F420F720C9:[bcb704dc-2543-42a4-8762-cde039a55a99:192.168.151.99:43663] returns group-05F420F720C9:java.util.concurrent.CompletableFuture@503fd43c[Not completed]
2019-09-26 15:38:54,381 [pool-123-thread-1] INFO  impl.RaftServerImpl (RaftServerImpl.java:<init>(95)) - bcb704dc-2543-42a4-8762-cde039a55a99: new RaftServerImpl for group-05F420F720C9:[bcb704dc-2543-42a4-8762-cde039a55a99:192.168.151.99:43663] with ContainerStateMachine:uninitialized
2019-09-26 15:38:54,381 [pool-123-thread-1] INFO  server.RaftServerConfigKeys (ConfUtils.java:logGet(43)) - raft.server.rpc.timeout.min = 5s (custom)
2019-09-26 15:38:54,381 [pool-123-thread-1] INFO  server.RaftServerConfigKeys (ConfUtils.java:logGet(43)) - raft.server.rpc.timeout.max = 5200ms (custom)
2019-09-26 15:38:54,381 [pool-123-thread-1] INFO  server.RaftServerConfigKeys (ConfUtils.java:logGet(43)) - raft.server.rpcslowness.timeout = 120s (custom)
2019-09-26 15:38:54,381 [pool-123-thread-1] INFO  server.RaftServerConfigKeys (ConfUtils.java:logGet(43)) - raft.server.sleep.deviation.threshold = 300 (default)
2019-09-26 15:38:54,381 [pool-123-thread-1] INFO  server.RaftServerConfigKeys (ConfUtils.java:logGet(43)) - raft.server.log.appender.install.snapshot.enabled = false (custom)
2019-09-26 15:38:54,381 [pool-123-thread-1] INFO  impl.RaftServerImpl (ServerState.java:<init>(103)) - bcb704dc-2543-42a4-8762-cde039a55a99@group-05F420F720C9: ConfigurationManager, init=-1: [bcb704dc-2543-42a4-8762-cde039a55a99:192.168.151.99:43663], old=null, confs=<EMPTY_MAP>
2019-09-26 15:38:54,381 [pool-123-thread-1] INFO  server.RaftServerConfigKeys (ConfUtils.java:logGet(43)) - raft.server.storage.dir = [/workdir/hadoop-ozone/integration-test/target/test-dir/MiniOzoneClusterImpl-87962e32-e39f-4c57-b747-30c883c1cc54/datanode-0/data/ratis] (custom)
2019-09-26 15:38:54,382 [pool-123-thread-1] INFO  storage.RaftStorageDirectory (RaftStorageDirectory.java:analyzeStorage(246)) - The storage directory /workdir/hadoop-ozone/integration-test/target/test-dir/MiniOzoneClusterImpl-87962e32-e39f-4c57-b747-30c883c1cc54/datanode-0/data/ratis/911e5e10-0ca5-43bb-b5b4-05f420f720c9 does not exist. Creating ...
2019-09-26 15:38:54,395 [pool-123-thread-1] INFO  storage.RaftStorageDirectory (RaftStorageDirectory.java:tryLock(328)) - Lock on /workdir/hadoop-ozone/integration-test/target/test-dir/MiniOzoneClusterImpl-87962e32-e39f-4c57-b747-30c883c1cc54/datanode-0/data/ratis/911e5e10-0ca5-43bb-b5b4-05f420f720c9/in_use.lock acquired by nodename 10626@pr-hdds-1569-g6sp5-2013761785
2019-09-26 15:38:54,407 [pool-123-thread-1] INFO  storage.RaftStorage (RaftStorage.java:format(72)) - Storage directory /workdir/hadoop-ozone/integration-test/target/test-dir/MiniOzoneClusterImpl-87962e32-e39f-4c57-b747-30c883c1cc54/datanode-0/data/ratis/911e5e10-0ca5-43bb-b5b4-05f420f720c9 has been successfully formatted.
2019-09-26 15:38:54,408 [pool-123-thread-1] INFO  ratis.ContainerStateMachine (ContainerStateMachine.java:loadSnapshot(230)) - group-05F420F720C9: The snapshot info is null. Setting the last applied indexto:(t:0, i:~)
2019-09-26 15:38:54,408 [pool-123-thread-1] INFO  server.RaftServerConfigKeys (ConfUtils.java:logGet(43)) - raft.server.notification.no-leader.timeout = 120s (custom)
2019-09-26 15:38:54,408 [pool-123-thread-1] INFO  server.RaftServerConfigKeys (ConfUtils.java:logGet(43)) - raft.server.log.use.memory = false (default)
2019-09-26 15:38:54,408 [pool-123-thread-1] INFO  server.RaftServerConfigKeys (ConfUtils.java:logGet(43)) - raft.server.log.purge.gap = 1000000 (custom)
2019-09-26 15:38:54,408 [pool-123-thread-1] INFO  server.RaftServerConfigKeys (ConfUtils.java:logGet(43)) - raft.server.log.appender.buffer.byte-limit = 33554432 (custom)
2019-09-26 15:38:54,408 [pool-123-thread-1] INFO  server.RaftServerConfigKeys (ConfUtils.java:logGet(43)) - raft.server.log.segment.size.max = 1048576 (custom)
2019-09-26 15:38:54,408 [pool-123-thread-1] INFO  server.RaftServerConfigKeys (ConfUtils.java:logGet(43)) - raft.server.log.segment.cache.num.max = 2 (custom)
2019-09-26 15:38:54,408 [pool-123-thread-1] INFO  segmented.SegmentedRaftLogWorker (SegmentedRaftLogWorker.java:<init>(172)) - new bcb704dc-2543-42a4-8762-cde039a55a99@group-05F420F720C9-SegmentedRaftLogWorker for RaftStorage:Storage Directory /workdir/hadoop-ozone/integration-test/target/test-dir/MiniOzoneClusterImpl-87962e32-e39f-4c57-b747-30c883c1cc54/datanode-0/data/ratis/911e5e10-0ca5-43bb-b5b4-05f420f720c9
2019-09-26 15:38:54,409 [pool-123-thread-1] INFO  server.RaftServerConfigKeys (ConfUtils.java:logGet(43)) - raft.server.log.queue.byte-limit = 2147483647 (custom)
2019-09-26 15:38:54,409 [pool-123-thread-1] INFO  server.RaftServerConfigKeys (ConfUtils.java:logGet(43)) - raft.server.log.queue.element-limit = 1024 (custom)
2019-09-26 15:38:54,409 [pool-123-thread-1] INFO  server.RaftServerConfigKeys (ConfUtils.java:logGet(43)) - raft.server.log.segment.size.max = 1048576 (custom)
2019-09-26 15:38:54,409 [pool-123-thread-1] INFO  server.RaftServerConfigKeys (ConfUtils.java:logGet(43)) - raft.server.log.preallocated.size = 16384 (custom)
2019-09-26 15:38:54,409 [pool-123-thread-1] INFO  server.RaftServerConfigKeys (ConfUtils.java:logGet(43)) - raft.server.log.write.buffer.size = 33554432 (custom)
2019-09-26 15:38:54,409 [pool-123-thread-1] INFO  server.RaftServerConfigKeys (ConfUtils.java:logGet(43)) - raft.server.log.force.sync.num = 128 (default)
2019-09-26 15:38:54,409 [pool-123-thread-1] INFO  server.RaftServerConfigKeys (ConfUtils.java:logGet(43)) - raft.server.log.statemachine.data.sync = true (default)
2019-09-26 15:38:54,409 [pool-123-thread-1] INFO  server.RaftServerConfigKeys (ConfUtils.java:logGet(43)) - raft.server.log.statemachine.data.sync.timeout = 10s (default)
2019-09-26 15:38:54,409 [pool-123-thread-1] INFO  server.RaftServerConfigKeys (ConfUtils.java:logGet(43)) - raft.server.log.statemachine.data.sync.timeout.retry = -1 (default)
2019-09-26 15:38:54,410 [pool-123-thread-1] INFO  server.RaftServerConfigKeys (ConfUtils.java:logGet(43)) - raft.server.log.statemachine.data.caching.enabled = true (custom)
2019-09-26 15:38:54,410 [pool-123-thread-1] INFO  segmented.SegmentedRaftLogWorker (SegmentedRaftLogWorker.java:lambda$new$0(132)) - bcb704dc-2543-42a4-8762-cde039a55a99@group-05F420F720C9-SegmentedRaftLogWorker: flushIndex: setUnconditionally 0 -> -1
2019-09-26 15:38:54,410 [pool-123-thread-1] INFO  server.RaftServerConfigKeys (ConfUtils.java:logGet(43)) - raft.server.snapshot.auto.trigger.enabled = true (custom)
2019-09-26 15:38:54,410 [pool-123-thread-1] INFO  server.RaftServerConfigKeys (ConfUtils.java:logGet(43)) - raft.server.snapshot.auto.trigger.threshold = 10000 (custom)
2019-09-26 15:38:54,410 [pool-123-thread-1] INFO  server.RaftServerConfigKeys (ConfUtils.java:logGet(43)) - raft.server.snapshot.retention.num.files = 5 (custom)
2019-09-26 15:38:54,410 [pool-123-thread-1] INFO  server.RaftServerConfigKeys (ConfUtils.java:logGet(43)) - raft.server.retrycache.expirytime = 600000ms (custom)
2019-09-26 15:38:54,412 [pool-123-thread-1] INFO  impl.RaftServerImpl (RaftServerImpl.java:start(185)) - bcb704dc-2543-42a4-8762-cde039a55a99@group-05F420F720C9: start as a follower, conf=-1: [bcb704dc-2543-42a4-8762-cde039a55a99:192.168.151.99:43663], old=null
2019-09-26 15:38:54,412 [pool-123-thread-1] INFO  impl.RaftServerImpl (RaftServerImpl.java:setRole(174)) - bcb704dc-2543-42a4-8762-cde039a55a99@group-05F420F720C9: changes role from      null to FOLLOWER at term 0 for startAsFollower
2019-09-26 15:38:54,412 [pool-123-thread-1] INFO  impl.RoleInfo (RoleInfo.java:updateAndGet(143)) - bcb704dc-2543-42a4-8762-cde039a55a99: start FollowerState
2019-09-26 15:38:54,413 [pool-123-thread-1] INFO  util.JmxRegister (JmxRegister.java:tryRegister(44)) - Successfully registered JMX Bean with object name Ratis:service=RaftServer,group=group-05F420F720C9,id=bcb704dc-2543-42a4-8762-cde039a55a99
2019-09-26 15:38:54,415 [RatisPipelineUtilsThread] INFO  pipeline.PipelineStateManager (PipelineStateManager.java:addPipeline(56)) - Created pipeline Pipeline[ Id: 911e5e10-0ca5-43bb-b5b4-05f420f720c9, Nodes: bcb704dc-2543-42a4-8762-cde039a55a99{ip: 192.168.151.99, host: pr-hdds-1569-g6sp5-2013761785, networkLocation: /default-rack, certSerialId: null}, Type:RATIS, Factor:ONE, State:OPEN]
2019-09-26 15:38:54,419 [grpc-default-executor-0] INFO  impl.RaftServerProxy (RaftServerProxy.java:addNew(89)) - bcb704dc-2543-42a4-8762-cde039a55a99: addNew group-A96EA70B1F41:[bcb704dc-2543-42a4-8762-cde039a55a99:192.168.151.99:43663] returns group-A96EA70B1F41:java.util.concurrent.CompletableFuture@1d5b2769[Not completed]
2019-09-26 15:38:54,420 [pool-123-thread-1] INFO  impl.RaftServerImpl (RaftServerImpl.java:<init>(95)) - bcb704dc-2543-42a4-8762-cde039a55a99: new RaftServerImpl for group-A96EA70B1F41:[bcb704dc-2543-42a4-8762-cde039a55a99:192.168.151.99:43663] with ContainerStateMachine:uninitialized
2019-09-26 15:38:54,420 [pool-123-thread-1] INFO  server.RaftServerConfigKeys (ConfUtils.java:logGet(43)) - raft.server.rpc.timeout.min = 5s (custom)
2019-09-26 15:38:54,420 [pool-123-thread-1] INFO  server.RaftServerConfigKeys (ConfUtils.java:logGet(43)) - raft.server.rpc.timeout.max = 5200ms (custom)
2019-09-26 15:38:54,420 [pool-123-thread-1] INFO  server.RaftServerConfigKeys (ConfUtils.java:logGet(43)) - raft.server.rpcslowness.timeout = 120s (custom)
2019-09-26 15:38:54,421 [pool-123-thread-1] INFO  server.RaftServerConfigKeys (ConfUtils.java:logGet(43)) - raft.server.sleep.deviation.threshold = 300 (default)
2019-09-26 15:38:54,421 [pool-123-thread-1] INFO  server.RaftServerConfigKeys (ConfUtils.java:logGet(43)) - raft.server.log.appender.install.snapshot.enabled = false (custom)
2019-09-26 15:38:54,421 [pool-123-thread-1] INFO  impl.RaftServerImpl (ServerState.java:<init>(103)) - bcb704dc-2543-42a4-8762-cde039a55a99@group-A96EA70B1F41: ConfigurationManager, init=-1: [bcb704dc-2543-42a4-8762-cde039a55a99:192.168.151.99:43663], old=null, confs=<EMPTY_MAP>
2019-09-26 15:38:54,421 [pool-123-thread-1] INFO  server.RaftServerConfigKeys (ConfUtils.java:logGet(43)) - raft.server.storage.dir = [/workdir/hadoop-ozone/integration-test/target/test-dir/MiniOzoneClusterImpl-87962e32-e39f-4c57-b747-30c883c1cc54/datanode-0/data/ratis] (custom)
2019-09-26 15:38:54,422 [pool-123-thread-1] INFO  storage.RaftStorageDirectory (RaftStorageDirectory.java:analyzeStorage(246)) - The storage directory /workdir/hadoop-ozone/integration-test/target/test-dir/MiniOzoneClusterImpl-87962e32-e39f-4c57-b747-30c883c1cc54/datanode-0/data/ratis/0fbf1043-3e4e-447f-995c-a96ea70b1f41 does not exist. Creating ...
2019-09-26 15:38:54,427 [Thread-1655] INFO  ozone.MiniOzoneClusterImpl (MiniOzoneClusterImpl.java:lambda$waitForClusterToBeReady$0(147)) - Cluster is ready. Got 1 of 1 DN Heartbeats.
2019-09-26 15:38:54,438 [pool-123-thread-1] INFO  storage.RaftStorageDirectory (RaftStorageDirectory.java:tryLock(328)) - Lock on /workdir/hadoop-ozone/integration-test/target/test-dir/MiniOzoneClusterImpl-87962e32-e39f-4c57-b747-30c883c1cc54/datanode-0/data/ratis/0fbf1043-3e4e-447f-995c-a96ea70b1f41/in_use.lock acquired by nodename 10626@pr-hdds-1569-g6sp5-2013761785
2019-09-26 15:38:54,463 [pool-123-thread-1] INFO  storage.RaftStorage (RaftStorage.java:format(72)) - Storage directory /workdir/hadoop-ozone/integration-test/target/test-dir/MiniOzoneClusterImpl-87962e32-e39f-4c57-b747-30c883c1cc54/datanode-0/data/ratis/0fbf1043-3e4e-447f-995c-a96ea70b1f41 has been successfully formatted.
2019-09-26 15:38:54,464 [pool-123-thread-1] INFO  ratis.ContainerStateMachine (ContainerStateMachine.java:loadSnapshot(230)) - group-A96EA70B1F41: The snapshot info is null. Setting the last applied indexto:(t:0, i:~)
2019-09-26 15:38:54,464 [pool-123-thread-1] INFO  server.RaftServerConfigKeys (ConfUtils.java:logGet(43)) - raft.server.notification.no-leader.timeout = 120s (custom)
2019-09-26 15:38:54,464 [pool-123-thread-1] INFO  server.RaftServerConfigKeys (ConfUtils.java:logGet(43)) - raft.server.log.use.memory = false (default)
2019-09-26 15:38:54,464 [pool-123-thread-1] INFO  server.RaftServerConfigKeys (ConfUtils.java:logGet(43)) - raft.server.log.purge.gap = 1000000 (custom)
2019-09-26 15:38:54,464 [pool-123-thread-1] INFO  server.RaftServerConfigKeys (ConfUtils.java:logGet(43)) - raft.server.log.appender.buffer.byte-limit = 33554432 (custom)
2019-09-26 15:38:54,465 [pool-123-thread-1] INFO  server.RaftServerConfigKeys (ConfUtils.java:logGet(43)) - raft.server.log.segment.size.max = 1048576 (custom)
2019-09-26 15:38:54,465 [pool-123-thread-1] INFO  server.RaftServerConfigKeys (ConfUtils.java:logGet(43)) - raft.server.log.segment.cache.num.max = 2 (custom)
2019-09-26 15:38:54,465 [pool-123-thread-1] INFO  segmented.SegmentedRaftLogWorker (SegmentedRaftLogWorker.java:<init>(172)) - new bcb704dc-2543-42a4-8762-cde039a55a99@group-A96EA70B1F41-SegmentedRaftLogWorker for RaftStorage:Storage Directory /workdir/hadoop-ozone/integration-test/target/test-dir/MiniOzoneClusterImpl-87962e32-e39f-4c57-b747-30c883c1cc54/datanode-0/data/ratis/0fbf1043-3e4e-447f-995c-a96ea70b1f41
2019-09-26 15:38:54,465 [pool-123-thread-1] INFO  server.RaftServerConfigKeys (ConfUtils.java:logGet(43)) - raft.server.log.queue.byte-limit = 2147483647 (custom)
2019-09-26 15:38:54,465 [pool-123-thread-1] INFO  server.RaftServerConfigKeys (ConfUtils.java:logGet(43)) - raft.server.log.queue.element-limit = 1024 (custom)
2019-09-26 15:38:54,465 [pool-123-thread-1] INFO  server.RaftServerConfigKeys (ConfUtils.java:logGet(43)) - raft.server.log.segment.size.max = 1048576 (custom)
2019-09-26 15:38:54,465 [pool-123-thread-1] INFO  server.RaftServerConfigKeys (ConfUtils.java:logGet(43)) - raft.server.log.preallocated.size = 16384 (custom)
2019-09-26 15:38:54,466 [pool-123-thread-1] INFO  server.RaftServerConfigKeys (ConfUtils.java:logGet(43)) - raft.server.log.write.buffer.size = 33554432 (custom)
2019-09-26 15:38:54,466 [pool-123-thread-1] INFO  server.RaftServerConfigKeys (ConfUtils.java:logGet(43)) - raft.server.log.force.sync.num = 128 (default)
2019-09-26 15:38:54,466 [pool-123-thread-1] INFO  server.RaftServerConfigKeys (ConfUtils.java:logGet(43)) - raft.server.log.statemachine.data.sync = true (default)
2019-09-26 15:38:54,466 [pool-123-thread-1] INFO  server.RaftServerConfigKeys (ConfUtils.java:logGet(43)) - raft.server.log.statemachine.data.sync.timeout = 10s (default)
2019-09-26 15:38:54,466 [pool-123-thread-1] INFO  server.RaftServerConfigKeys (ConfUtils.java:logGet(43)) - raft.server.log.statemachine.data.sync.timeout.retry = -1 (default)
2019-09-26 15:38:54,466 [pool-123-thread-1] INFO  server.RaftServerConfigKeys (ConfUtils.java:logGet(43)) - raft.server.log.statemachine.data.caching.enabled = true (custom)
2019-09-26 15:38:54,467 [pool-123-thread-1] INFO  segmented.SegmentedRaftLogWorker (SegmentedRaftLogWorker.java:lambda$new$0(132)) - bcb704dc-2543-42a4-8762-cde039a55a99@group-A96EA70B1F41-SegmentedRaftLogWorker: flushIndex: setUnconditionally 0 -> -1
2019-09-26 15:38:54,469 [pool-123-thread-1] INFO  server.RaftServerConfigKeys (ConfUtils.java:logGet(43)) - raft.server.snapshot.auto.trigger.enabled = true (custom)
2019-09-26 15:38:54,469 [pool-123-thread-1] INFO  server.RaftServerConfigKeys (ConfUtils.java:logGet(43)) - raft.server.snapshot.auto.trigger.threshold = 10000 (custom)
2019-09-26 15:38:54,469 [pool-123-thread-1] INFO  server.RaftServerConfigKeys (ConfUtils.java:logGet(43)) - raft.server.snapshot.retention.num.files = 5 (custom)
2019-09-26 15:38:54,469 [pool-123-thread-1] INFO  server.RaftServerConfigKeys (ConfUtils.java:logGet(43)) - raft.server.retrycache.expirytime = 600000ms (custom)
2019-09-26 15:38:54,474 [pool-123-thread-1] INFO  impl.RaftServerImpl (RaftServerImpl.java:start(185)) - bcb704dc-2543-42a4-8762-cde039a55a99@group-A96EA70B1F41: start as a follower, conf=-1: [bcb704dc-2543-42a4-8762-cde039a55a99:192.168.151.99:43663], old=null
2019-09-26 15:38:54,474 [pool-123-thread-1] INFO  impl.RaftServerImpl (RaftServerImpl.java:setRole(174)) - bcb704dc-2543-42a4-8762-cde039a55a99@group-A96EA70B1F41: changes role from      null to FOLLOWER at term 0 for startAsFollower
2019-09-26 15:38:54,474 [pool-123-thread-1] INFO  impl.RoleInfo (RoleInfo.java:updateAndGet(143)) - bcb704dc-2543-42a4-8762-cde039a55a99: start FollowerState
2019-09-26 15:38:54,474 [Thread-1655] INFO  rpc.RpcClient (RpcClient.java:createVolume(276)) - Creating Volume: volume61476, with jenkins1000 as owner.
2019-09-26 15:38:54,476 [pool-123-thread-1] INFO  util.JmxRegister (JmxRegister.java:tryRegister(44)) - Successfully registered JMX Bean with object name Ratis:service=RaftServer,group=group-A96EA70B1F41,id=bcb704dc-2543-42a4-8762-cde039a55a99
2019-09-26 15:38:54,481 [RatisPipelineUtilsThread] INFO  pipeline.PipelineStateManager (PipelineStateManager.java:addPipeline(56)) - Created pipeline Pipeline[ Id: 0fbf1043-3e4e-447f-995c-a96ea70b1f41, Nodes: bcb704dc-2543-42a4-8762-cde039a55a99{ip: 192.168.151.99, host: pr-hdds-1569-g6sp5-2013761785, networkLocation: /default-rack, certSerialId: null}, Type:RATIS, Factor:ONE, State:OPEN]
2019-09-26 15:38:54,482 [IPC Server handler 1 on 36789] INFO  volume.OMVolumeCreateRequest (OMVolumeCreateRequest.java:validateAndUpdateCache(189)) - created volume:volume61476 for user:jenkins1000
2019-09-26 15:38:54,499 [grpc-default-executor-0] INFO  impl.RaftServerProxy (RaftServerProxy.java:addNew(89)) - bcb704dc-2543-42a4-8762-cde039a55a99: addNew group-885EA9F97C29:[bcb704dc-2543-42a4-8762-cde039a55a99:192.168.151.99:43663] returns group-885EA9F97C29:java.util.concurrent.CompletableFuture@519f38f5[Not completed]
2019-09-26 15:38:54,500 [pool-123-thread-1] INFO  impl.RaftServerImpl (RaftServerImpl.java:<init>(95)) - bcb704dc-2543-42a4-8762-cde039a55a99: new RaftServerImpl for group-885EA9F97C29:[bcb704dc-2543-42a4-8762-cde039a55a99:192.168.151.99:43663] with ContainerStateMachine:uninitialized
2019-09-26 15:38:54,500 [Thread-1655] INFO  rpc.RpcClient (RpcClient.java:createBucket(415)) - Creating Bucket: volume61476/bucket85646, with Versioning false and Storage Type set to DISK and Encryption set to false 
2019-09-26 15:38:54,500 [pool-123-thread-1] INFO  server.RaftServerConfigKeys (ConfUtils.java:logGet(43)) - raft.server.rpc.timeout.min = 5s (custom)
2019-09-26 15:38:54,500 [pool-123-thread-1] INFO  server.RaftServerConfigKeys (ConfUtils.java:logGet(43)) - raft.server.rpc.timeout.max = 5200ms (custom)
2019-09-26 15:38:54,500 [pool-123-thread-1] INFO  server.RaftServerConfigKeys (ConfUtils.java:logGet(43)) - raft.server.rpcslowness.timeout = 120s (custom)
2019-09-26 15:38:54,500 [pool-123-thread-1] INFO  server.RaftServerConfigKeys (ConfUtils.java:logGet(43)) - raft.server.sleep.deviation.threshold = 300 (default)
2019-09-26 15:38:54,500 [pool-123-thread-1] INFO  server.RaftServerConfigKeys (ConfUtils.java:logGet(43)) - raft.server.log.appender.install.snapshot.enabled = false (custom)
2019-09-26 15:38:54,512 [pool-123-thread-1] INFO  impl.RaftServerImpl (ServerState.java:<init>(103)) - bcb704dc-2543-42a4-8762-cde039a55a99@group-885EA9F97C29: ConfigurationManager, init=-1: [bcb704dc-2543-42a4-8762-cde039a55a99:192.168.151.99:43663], old=null, confs=<EMPTY_MAP>
2019-09-26 15:38:54,512 [pool-123-thread-1] INFO  server.RaftServerConfigKeys (ConfUtils.java:logGet(43)) - raft.server.storage.dir = [/workdir/hadoop-ozone/integration-test/target/test-dir/MiniOzoneClusterImpl-87962e32-e39f-4c57-b747-30c883c1cc54/datanode-0/data/ratis] (custom)
2019-09-26 15:38:54,513 [pool-123-thread-1] INFO  storage.RaftStorageDirectory (RaftStorageDirectory.java:analyzeStorage(246)) - The storage directory /workdir/hadoop-ozone/integration-test/target/test-dir/MiniOzoneClusterImpl-87962e32-e39f-4c57-b747-30c883c1cc54/datanode-0/data/ratis/cb70c9bc-4787-474f-8b09-885ea9f97c29 does not exist. Creating ...
2019-09-26 15:38:54,526 [pool-123-thread-1] INFO  storage.RaftStorageDirectory (RaftStorageDirectory.java:tryLock(328)) - Lock on /workdir/hadoop-ozone/integration-test/target/test-dir/MiniOzoneClusterImpl-87962e32-e39f-4c57-b747-30c883c1cc54/datanode-0/data/ratis/cb70c9bc-4787-474f-8b09-885ea9f97c29/in_use.lock acquired by nodename 10626@pr-hdds-1569-g6sp5-2013761785
2019-09-26 15:38:54,570 [pool-123-thread-1] INFO  storage.RaftStorage (RaftStorage.java:format(72)) - Storage directory /workdir/hadoop-ozone/integration-test/target/test-dir/MiniOzoneClusterImpl-87962e32-e39f-4c57-b747-30c883c1cc54/datanode-0/data/ratis/cb70c9bc-4787-474f-8b09-885ea9f97c29 has been successfully formatted.
2019-09-26 15:38:54,570 [pool-123-thread-1] INFO  ratis.ContainerStateMachine (ContainerStateMachine.java:loadSnapshot(230)) - group-885EA9F97C29: The snapshot info is null. Setting the last applied indexto:(t:0, i:~)
2019-09-26 15:38:54,570 [pool-123-thread-1] INFO  server.RaftServerConfigKeys (ConfUtils.java:logGet(43)) - raft.server.notification.no-leader.timeout = 120s (custom)
2019-09-26 15:38:54,571 [pool-123-thread-1] INFO  server.RaftServerConfigKeys (ConfUtils.java:logGet(43)) - raft.server.log.use.memory = false (default)
2019-09-26 15:38:54,571 [pool-123-thread-1] INFO  server.RaftServerConfigKeys (ConfUtils.java:logGet(43)) - raft.server.log.purge.gap = 1000000 (custom)
2019-09-26 15:38:54,571 [pool-123-thread-1] INFO  server.RaftServerConfigKeys (ConfUtils.java:logGet(43)) - raft.server.log.appender.buffer.byte-limit = 33554432 (custom)
2019-09-26 15:38:54,571 [pool-123-thread-1] INFO  server.RaftServerConfigKeys (ConfUtils.java:logGet(43)) - raft.server.log.segment.size.max = 1048576 (custom)
2019-09-26 15:38:54,572 [pool-123-thread-1] INFO  server.RaftServerConfigKeys (ConfUtils.java:logGet(43)) - raft.server.log.segment.cache.num.max = 2 (custom)
2019-09-26 15:38:54,572 [pool-123-thread-1] INFO  segmented.SegmentedRaftLogWorker (SegmentedRaftLogWorker.java:<init>(172)) - new bcb704dc-2543-42a4-8762-cde039a55a99@group-885EA9F97C29-SegmentedRaftLogWorker for RaftStorage:Storage Directory /workdir/hadoop-ozone/integration-test/target/test-dir/MiniOzoneClusterImpl-87962e32-e39f-4c57-b747-30c883c1cc54/datanode-0/data/ratis/cb70c9bc-4787-474f-8b09-885ea9f97c29
2019-09-26 15:38:54,572 [pool-123-thread-1] INFO  server.RaftServerConfigKeys (ConfUtils.java:logGet(43)) - raft.server.log.queue.byte-limit = 2147483647 (custom)
2019-09-26 15:38:54,572 [pool-123-thread-1] INFO  server.RaftServerConfigKeys (ConfUtils.java:logGet(43)) - raft.server.log.queue.element-limit = 1024 (custom)
2019-09-26 15:38:54,573 [pool-123-thread-1] INFO  server.RaftServerConfigKeys (ConfUtils.java:logGet(43)) - raft.server.log.segment.size.max = 1048576 (custom)
2019-09-26 15:38:54,573 [pool-123-thread-1] INFO  server.RaftServerConfigKeys (ConfUtils.java:logGet(43)) - raft.server.log.preallocated.size = 16384 (custom)
2019-09-26 15:38:54,573 [pool-123-thread-1] INFO  server.RaftServerConfigKeys (ConfUtils.java:logGet(43)) - raft.server.log.write.buffer.size = 33554432 (custom)
2019-09-26 15:38:54,573 [pool-123-thread-1] INFO  server.RaftServerConfigKeys (ConfUtils.java:logGet(43)) - raft.server.log.force.sync.num = 128 (default)
2019-09-26 15:38:54,574 [pool-123-thread-1] INFO  server.RaftServerConfigKeys (ConfUtils.java:logGet(43)) - raft.server.log.statemachine.data.sync = true (default)
2019-09-26 15:38:54,574 [pool-123-thread-1] INFO  server.RaftServerConfigKeys (ConfUtils.java:logGet(43)) - raft.server.log.statemachine.data.sync.timeout = 10s (default)
2019-09-26 15:38:54,574 [pool-123-thread-1] INFO  server.RaftServerConfigKeys (ConfUtils.java:logGet(43)) - raft.server.log.statemachine.data.sync.timeout.retry = -1 (default)
2019-09-26 15:38:54,574 [pool-123-thread-1] INFO  server.RaftServerConfigKeys (ConfUtils.java:logGet(43)) - raft.server.log.statemachine.data.caching.enabled = true (custom)
2019-09-26 15:38:54,575 [pool-123-thread-1] INFO  segmented.SegmentedRaftLogWorker (SegmentedRaftLogWorker.java:lambda$new$0(132)) - bcb704dc-2543-42a4-8762-cde039a55a99@group-885EA9F97C29-SegmentedRaftLogWorker: flushIndex: setUnconditionally 0 -> -1
2019-09-26 15:38:54,575 [pool-123-thread-1] INFO  server.RaftServerConfigKeys (ConfUtils.java:logGet(43)) - raft.server.snapshot.auto.trigger.enabled = true (custom)
2019-09-26 15:38:54,575 [pool-123-thread-1] INFO  server.RaftServerConfigKeys (ConfUtils.java:logGet(43)) - raft.server.snapshot.auto.trigger.threshold = 10000 (custom)
2019-09-26 15:38:54,576 [pool-123-thread-1] INFO  server.RaftServerConfigKeys (ConfUtils.java:logGet(43)) - raft.server.snapshot.retention.num.files = 5 (custom)
2019-09-26 15:38:54,576 [pool-123-thread-1] INFO  server.RaftServerConfigKeys (ConfUtils.java:logGet(43)) - raft.server.retrycache.expirytime = 600000ms (custom)
2019-09-26 15:38:54,578 [pool-123-thread-1] INFO  impl.RaftServerImpl (RaftServerImpl.java:start(185)) - bcb704dc-2543-42a4-8762-cde039a55a99@group-885EA9F97C29: start as a follower, conf=-1: [bcb704dc-2543-42a4-8762-cde039a55a99:192.168.151.99:43663], old=null
2019-09-26 15:38:54,579 [pool-123-thread-1] INFO  impl.RaftServerImpl (RaftServerImpl.java:setRole(174)) - bcb704dc-2543-42a4-8762-cde039a55a99@group-885EA9F97C29: changes role from      null to FOLLOWER at term 0 for startAsFollower
2019-09-26 15:38:54,579 [pool-123-thread-1] INFO  impl.RoleInfo (RoleInfo.java:updateAndGet(143)) - bcb704dc-2543-42a4-8762-cde039a55a99: start FollowerState
2019-09-26 15:38:54,579 [pool-123-thread-1] INFO  util.JmxRegister (JmxRegister.java:tryRegister(44)) - Successfully registered JMX Bean with object name Ratis:service=RaftServer,group=group-885EA9F97C29,id=bcb704dc-2543-42a4-8762-cde039a55a99
2019-09-26 15:38:54,582 [RatisPipelineUtilsThread] INFO  pipeline.PipelineStateManager (PipelineStateManager.java:addPipeline(56)) - Created pipeline Pipeline[ Id: cb70c9bc-4787-474f-8b09-885ea9f97c29, Nodes: bcb704dc-2543-42a4-8762-cde039a55a99{ip: 192.168.151.99, host: pr-hdds-1569-g6sp5-2013761785, networkLocation: /default-rack, certSerialId: null}, Type:RATIS, Factor:ONE, State:OPEN]
2019-09-26 15:38:54,587 [grpc-default-executor-0] INFO  impl.RaftServerProxy (RaftServerProxy.java:addNew(89)) - bcb704dc-2543-42a4-8762-cde039a55a99: addNew group-E0D24F8D1D5D:[bcb704dc-2543-42a4-8762-cde039a55a99:192.168.151.99:43663] returns group-E0D24F8D1D5D:java.util.concurrent.CompletableFuture@31493cee[Not completed]
2019-09-26 15:38:54,588 [pool-123-thread-1] INFO  impl.RaftServerImpl (RaftServerImpl.java:<init>(95)) - bcb704dc-2543-42a4-8762-cde039a55a99: new RaftServerImpl for group-E0D24F8D1D5D:[bcb704dc-2543-42a4-8762-cde039a55a99:192.168.151.99:43663] with ContainerStateMachine:uninitialized
2019-09-26 15:38:54,588 [pool-123-thread-1] INFO  server.RaftServerConfigKeys (ConfUtils.java:logGet(43)) - raft.server.rpc.timeout.min = 5s (custom)
2019-09-26 15:38:54,588 [pool-123-thread-1] INFO  server.RaftServerConfigKeys (ConfUtils.java:logGet(43)) - raft.server.rpc.timeout.max = 5200ms (custom)
2019-09-26 15:38:54,588 [pool-123-thread-1] INFO  server.RaftServerConfigKeys (ConfUtils.java:logGet(43)) - raft.server.rpcslowness.timeout = 120s (custom)
2019-09-26 15:38:54,589 [pool-123-thread-1] INFO  server.RaftServerConfigKeys (ConfUtils.java:logGet(43)) - raft.server.sleep.deviation.threshold = 300 (default)
2019-09-26 15:38:54,589 [pool-123-thread-1] INFO  server.RaftServerConfigKeys (ConfUtils.java:logGet(43)) - raft.server.log.appender.install.snapshot.enabled = false (custom)
2019-09-26 15:38:54,589 [pool-123-thread-1] INFO  impl.RaftServerImpl (ServerState.java:<init>(103)) - bcb704dc-2543-42a4-8762-cde039a55a99@group-E0D24F8D1D5D: ConfigurationManager, init=-1: [bcb704dc-2543-42a4-8762-cde039a55a99:192.168.151.99:43663], old=null, confs=<EMPTY_MAP>
2019-09-26 15:38:54,589 [pool-123-thread-1] INFO  server.RaftServerConfigKeys (ConfUtils.java:logGet(43)) - raft.server.storage.dir = [/workdir/hadoop-ozone/integration-test/target/test-dir/MiniOzoneClusterImpl-87962e32-e39f-4c57-b747-30c883c1cc54/datanode-0/data/ratis] (custom)
2019-09-26 15:38:54,590 [pool-123-thread-1] INFO  storage.RaftStorageDirectory (RaftStorageDirectory.java:analyzeStorage(246)) - The storage directory /workdir/hadoop-ozone/integration-test/target/test-dir/MiniOzoneClusterImpl-87962e32-e39f-4c57-b747-30c883c1cc54/datanode-0/data/ratis/002bc76f-7bc6-4572-bdff-e0d24f8d1d5d does not exist. Creating ...
2019-09-26 15:38:54,603 [pool-123-thread-1] INFO  storage.RaftStorageDirectory (RaftStorageDirectory.java:tryLock(328)) - Lock on /workdir/hadoop-ozone/integration-test/target/test-dir/MiniOzoneClusterImpl-87962e32-e39f-4c57-b747-30c883c1cc54/datanode-0/data/ratis/002bc76f-7bc6-4572-bdff-e0d24f8d1d5d/in_use.lock acquired by nodename 10626@pr-hdds-1569-g6sp5-2013761785
2019-09-26 15:38:54,616 [pool-123-thread-1] INFO  storage.RaftStorage (RaftStorage.java:format(72)) - Storage directory /workdir/hadoop-ozone/integration-test/target/test-dir/MiniOzoneClusterImpl-87962e32-e39f-4c57-b747-30c883c1cc54/datanode-0/data/ratis/002bc76f-7bc6-4572-bdff-e0d24f8d1d5d has been successfully formatted.
2019-09-26 15:38:54,617 [pool-123-thread-1] INFO  ratis.ContainerStateMachine (ContainerStateMachine.java:loadSnapshot(230)) - group-E0D24F8D1D5D: The snapshot info is null. Setting the last applied indexto:(t:0, i:~)
2019-09-26 15:38:54,617 [pool-123-thread-1] INFO  server.RaftServerConfigKeys (ConfUtils.java:logGet(43)) - raft.server.notification.no-leader.timeout = 120s (custom)
2019-09-26 15:38:54,617 [pool-123-thread-1] INFO  server.RaftServerConfigKeys (ConfUtils.java:logGet(43)) - raft.server.log.use.memory = false (default)
2019-09-26 15:38:54,617 [pool-123-thread-1] INFO  server.RaftServerConfigKeys (ConfUtils.java:logGet(43)) - raft.server.log.purge.gap = 1000000 (custom)
2019-09-26 15:38:54,617 [pool-123-thread-1] INFO  server.RaftServerConfigKeys (ConfUtils.java:logGet(43)) - raft.server.log.appender.buffer.byte-limit = 33554432 (custom)
2019-09-26 15:38:54,618 [pool-123-thread-1] INFO  server.RaftServerConfigKeys (ConfUtils.java:logGet(43)) - raft.server.log.segment.size.max = 1048576 (custom)
2019-09-26 15:38:54,618 [pool-123-thread-1] INFO  server.RaftServerConfigKeys (ConfUtils.java:logGet(43)) - raft.server.log.segment.cache.num.max = 2 (custom)
2019-09-26 15:38:54,618 [pool-123-thread-1] INFO  segmented.SegmentedRaftLogWorker (SegmentedRaftLogWorker.java:<init>(172)) - new bcb704dc-2543-42a4-8762-cde039a55a99@group-E0D24F8D1D5D-SegmentedRaftLogWorker for RaftStorage:Storage Directory /workdir/hadoop-ozone/integration-test/target/test-dir/MiniOzoneClusterImpl-87962e32-e39f-4c57-b747-30c883c1cc54/datanode-0/data/ratis/002bc76f-7bc6-4572-bdff-e0d24f8d1d5d
2019-09-26 15:38:54,618 [pool-123-thread-1] INFO  server.RaftServerConfigKeys (ConfUtils.java:logGet(43)) - raft.server.log.queue.byte-limit = 2147483647 (custom)
2019-09-26 15:38:54,618 [pool-123-thread-1] INFO  server.RaftServerConfigKeys (ConfUtils.java:logGet(43)) - raft.server.log.queue.element-limit = 1024 (custom)
2019-09-26 15:38:54,618 [pool-123-thread-1] INFO  server.RaftServerConfigKeys (ConfUtils.java:logGet(43)) - raft.server.log.segment.size.max = 1048576 (custom)
2019-09-26 15:38:54,619 [pool-123-thread-1] INFO  server.RaftServerConfigKeys (ConfUtils.java:logGet(43)) - raft.server.log.preallocated.size = 16384 (custom)
2019-09-26 15:38:54,619 [pool-123-thread-1] INFO  server.RaftServerConfigKeys (ConfUtils.java:logGet(43)) - raft.server.log.write.buffer.size = 33554432 (custom)
2019-09-26 15:38:54,619 [pool-123-thread-1] INFO  server.RaftServerConfigKeys (ConfUtils.java:logGet(43)) - raft.server.log.force.sync.num = 128 (default)
2019-09-26 15:38:54,619 [pool-123-thread-1] INFO  server.RaftServerConfigKeys (ConfUtils.java:logGet(43)) - raft.server.log.statemachine.data.sync = true (default)
2019-09-26 15:38:54,619 [pool-123-thread-1] INFO  server.RaftServerConfigKeys (ConfUtils.java:logGet(43)) - raft.server.log.statemachine.data.sync.timeout = 10s (default)
2019-09-26 15:38:54,619 [pool-123-thread-1] INFO  server.RaftServerConfigKeys (ConfUtils.java:logGet(43)) - raft.server.log.statemachine.data.sync.timeout.retry = -1 (default)
2019-09-26 15:38:54,620 [pool-123-thread-1] INFO  server.RaftServerConfigKeys (ConfUtils.java:logGet(43)) - raft.server.log.statemachine.data.caching.enabled = true (custom)
2019-09-26 15:38:54,620 [pool-123-thread-1] INFO  segmented.SegmentedRaftLogWorker (SegmentedRaftLogWorker.java:lambda$new$0(132)) - bcb704dc-2543-42a4-8762-cde039a55a99@group-E0D24F8D1D5D-SegmentedRaftLogWorker: flushIndex: setUnconditionally 0 -> -1
2019-09-26 15:38:54,620 [pool-123-thread-1] INFO  server.RaftServerConfigKeys (ConfUtils.java:logGet(43)) - raft.server.snapshot.auto.trigger.enabled = true (custom)
2019-09-26 15:38:54,620 [pool-123-thread-1] INFO  server.RaftServerConfigKeys (ConfUtils.java:logGet(43)) - raft.server.snapshot.auto.trigger.threshold = 10000 (custom)
2019-09-26 15:38:54,621 [pool-123-thread-1] INFO  server.RaftServerConfigKeys (ConfUtils.java:logGet(43)) - raft.server.snapshot.retention.num.files = 5 (custom)
2019-09-26 15:38:54,621 [pool-123-thread-1] INFO  server.RaftServerConfigKeys (ConfUtils.java:logGet(43)) - raft.server.retrycache.expirytime = 600000ms (custom)
2019-09-26 15:38:54,623 [pool-123-thread-1] INFO  impl.RaftServerImpl (RaftServerImpl.java:start(185)) - bcb704dc-2543-42a4-8762-cde039a55a99@group-E0D24F8D1D5D: start as a follower, conf=-1: [bcb704dc-2543-42a4-8762-cde039a55a99:192.168.151.99:43663], old=null
2019-09-26 15:38:54,623 [pool-123-thread-1] INFO  impl.RaftServerImpl (RaftServerImpl.java:setRole(174)) - bcb704dc-2543-42a4-8762-cde039a55a99@group-E0D24F8D1D5D: changes role from      null to FOLLOWER at term 0 for startAsFollower
2019-09-26 15:38:54,623 [pool-123-thread-1] INFO  impl.RoleInfo (RoleInfo.java:updateAndGet(143)) - bcb704dc-2543-42a4-8762-cde039a55a99: start FollowerState
2019-09-26 15:38:54,623 [pool-123-thread-1] INFO  util.JmxRegister (JmxRegister.java:tryRegister(44)) - Successfully registered JMX Bean with object name Ratis:service=RaftServer,group=group-E0D24F8D1D5D,id=bcb704dc-2543-42a4-8762-cde039a55a99
2019-09-26 15:38:54,625 [RatisPipelineUtilsThread] INFO  pipeline.PipelineStateManager (PipelineStateManager.java:addPipeline(56)) - Created pipeline Pipeline[ Id: 002bc76f-7bc6-4572-bdff-e0d24f8d1d5d, Nodes: bcb704dc-2543-42a4-8762-cde039a55a99{ip: 192.168.151.99, host: pr-hdds-1569-g6sp5-2013761785, networkLocation: /default-rack, certSerialId: null}, Type:RATIS, Factor:ONE, State:OPEN]
2019-09-26 15:38:54,629 [grpc-default-executor-0] INFO  impl.RaftServerProxy (RaftServerProxy.java:addNew(89)) - bcb704dc-2543-42a4-8762-cde039a55a99: addNew group-9B4FBEF44D2E:[bcb704dc-2543-42a4-8762-cde039a55a99:192.168.151.99:43663] returns group-9B4FBEF44D2E:java.util.concurrent.CompletableFuture@1a7d6e36[Not completed]
2019-09-26 15:38:54,630 [pool-123-thread-1] INFO  impl.RaftServerImpl (RaftServerImpl.java:<init>(95)) - bcb704dc-2543-42a4-8762-cde039a55a99: new RaftServerImpl for group-9B4FBEF44D2E:[bcb704dc-2543-42a4-8762-cde039a55a99:192.168.151.99:43663] with ContainerStateMachine:uninitialized
2019-09-26 15:38:54,630 [pool-123-thread-1] INFO  server.RaftServerConfigKeys (ConfUtils.java:logGet(43)) - raft.server.rpc.timeout.min = 5s (custom)
2019-09-26 15:38:54,630 [pool-123-thread-1] INFO  server.RaftServerConfigKeys (ConfUtils.java:logGet(43)) - raft.server.rpc.timeout.max = 5200ms (custom)
2019-09-26 15:38:54,630 [pool-123-thread-1] INFO  server.RaftServerConfigKeys (ConfUtils.java:logGet(43)) - raft.server.rpcslowness.timeout = 120s (custom)
2019-09-26 15:38:54,630 [pool-123-thread-1] INFO  server.RaftServerConfigKeys (ConfUtils.java:logGet(43)) - raft.server.sleep.deviation.threshold = 300 (default)
2019-09-26 15:38:54,630 [pool-123-thread-1] INFO  server.RaftServerConfigKeys (ConfUtils.java:logGet(43)) - raft.server.log.appender.install.snapshot.enabled = false (custom)
2019-09-26 15:38:54,630 [pool-123-thread-1] INFO  impl.RaftServerImpl (ServerState.java:<init>(103)) - bcb704dc-2543-42a4-8762-cde039a55a99@group-9B4FBEF44D2E: ConfigurationManager, init=-1: [bcb704dc-2543-42a4-8762-cde039a55a99:192.168.151.99:43663], old=null, confs=<EMPTY_MAP>
2019-09-26 15:38:54,631 [pool-123-thread-1] INFO  server.RaftServerConfigKeys (ConfUtils.java:logGet(43)) - raft.server.storage.dir = [/workdir/hadoop-ozone/integration-test/target/test-dir/MiniOzoneClusterImpl-87962e32-e39f-4c57-b747-30c883c1cc54/datanode-0/data/ratis] (custom)
2019-09-26 15:38:54,631 [pool-123-thread-1] INFO  storage.RaftStorageDirectory (RaftStorageDirectory.java:analyzeStorage(246)) - The storage directory /workdir/hadoop-ozone/integration-test/target/test-dir/MiniOzoneClusterImpl-87962e32-e39f-4c57-b747-30c883c1cc54/datanode-0/data/ratis/0aff9c6a-8b83-4854-8104-9b4fbef44d2e does not exist. Creating ...
2019-09-26 15:38:54,644 [pool-123-thread-1] INFO  storage.RaftStorageDirectory (RaftStorageDirectory.java:tryLock(328)) - Lock on /workdir/hadoop-ozone/integration-test/target/test-dir/MiniOzoneClusterImpl-87962e32-e39f-4c57-b747-30c883c1cc54/datanode-0/data/ratis/0aff9c6a-8b83-4854-8104-9b4fbef44d2e/in_use.lock acquired by nodename 10626@pr-hdds-1569-g6sp5-2013761785
2019-09-26 15:38:54,657 [pool-123-thread-1] INFO  storage.RaftStorage (RaftStorage.java:format(72)) - Storage directory /workdir/hadoop-ozone/integration-test/target/test-dir/MiniOzoneClusterImpl-87962e32-e39f-4c57-b747-30c883c1cc54/datanode-0/data/ratis/0aff9c6a-8b83-4854-8104-9b4fbef44d2e has been successfully formatted.
2019-09-26 15:38:54,657 [pool-123-thread-1] INFO  ratis.ContainerStateMachine (ContainerStateMachine.java:loadSnapshot(230)) - group-9B4FBEF44D2E: The snapshot info is null. Setting the last applied indexto:(t:0, i:~)
2019-09-26 15:38:54,657 [pool-123-thread-1] INFO  server.RaftServerConfigKeys (ConfUtils.java:logGet(43)) - raft.server.notification.no-leader.timeout = 120s (custom)
2019-09-26 15:38:54,657 [pool-123-thread-1] INFO  server.RaftServerConfigKeys (ConfUtils.java:logGet(43)) - raft.server.log.use.memory = false (default)
2019-09-26 15:38:54,657 [pool-123-thread-1] INFO  server.RaftServerConfigKeys (ConfUtils.java:logGet(43)) - raft.server.log.purge.gap = 1000000 (custom)
2019-09-26 15:38:54,657 [pool-123-thread-1] INFO  server.RaftServerConfigKeys (ConfUtils.java:logGet(43)) - raft.server.log.appender.buffer.byte-limit = 33554432 (custom)
2019-09-26 15:38:54,657 [pool-123-thread-1] INFO  server.RaftServerConfigKeys (ConfUtils.java:logGet(43)) - raft.server.log.segment.size.max = 1048576 (custom)
2019-09-26 15:38:54,657 [pool-123-thread-1] INFO  server.RaftServerConfigKeys (ConfUtils.java:logGet(43)) - raft.server.log.segment.cache.num.max = 2 (custom)
2019-09-26 15:38:54,658 [pool-123-thread-1] INFO  segmented.SegmentedRaftLogWorker (SegmentedRaftLogWorker.java:<init>(172)) - new bcb704dc-2543-42a4-8762-cde039a55a99@group-9B4FBEF44D2E-SegmentedRaftLogWorker for RaftStorage:Storage Directory /workdir/hadoop-ozone/integration-test/target/test-dir/MiniOzoneClusterImpl-87962e32-e39f-4c57-b747-30c883c1cc54/datanode-0/data/ratis/0aff9c6a-8b83-4854-8104-9b4fbef44d2e
2019-09-26 15:38:54,658 [pool-123-thread-1] INFO  server.RaftServerConfigKeys (ConfUtils.java:logGet(43)) - raft.server.log.queue.byte-limit = 2147483647 (custom)
2019-09-26 15:38:54,658 [pool-123-thread-1] INFO  server.RaftServerConfigKeys (ConfUtils.java:logGet(43)) - raft.server.log.queue.element-limit = 1024 (custom)
2019-09-26 15:38:54,658 [pool-123-thread-1] INFO  server.RaftServerConfigKeys (ConfUtils.java:logGet(43)) - raft.server.log.segment.size.max = 1048576 (custom)
2019-09-26 15:38:54,658 [pool-123-thread-1] INFO  server.RaftServerConfigKeys (ConfUtils.java:logGet(43)) - raft.server.log.preallocated.size = 16384 (custom)
2019-09-26 15:38:54,658 [pool-123-thread-1] INFO  server.RaftServerConfigKeys (ConfUtils.java:logGet(43)) - raft.server.log.write.buffer.size = 33554432 (custom)
2019-09-26 15:38:54,658 [pool-123-thread-1] INFO  server.RaftServerConfigKeys (ConfUtils.java:logGet(43)) - raft.server.log.force.sync.num = 128 (default)
2019-09-26 15:38:54,658 [pool-123-thread-1] INFO  server.RaftServerConfigKeys (ConfUtils.java:logGet(43)) - raft.server.log.statemachine.data.sync = true (default)
2019-09-26 15:38:54,658 [pool-123-thread-1] INFO  server.RaftServerConfigKeys (ConfUtils.java:logGet(43)) - raft.server.log.statemachine.data.sync.timeout = 10s (default)
2019-09-26 15:38:54,658 [pool-123-thread-1] INFO  server.RaftServerConfigKeys (ConfUtils.java:logGet(43)) - raft.server.log.statemachine.data.sync.timeout.retry = -1 (default)
2019-09-26 15:38:54,658 [pool-123-thread-1] INFO  server.RaftServerConfigKeys (ConfUtils.java:logGet(43)) - raft.server.log.statemachine.data.caching.enabled = true (custom)
2019-09-26 15:38:54,659 [pool-123-thread-1] INFO  segmented.SegmentedRaftLogWorker (SegmentedRaftLogWorker.java:lambda$new$0(132)) - bcb704dc-2543-42a4-8762-cde039a55a99@group-9B4FBEF44D2E-SegmentedRaftLogWorker: flushIndex: setUnconditionally 0 -> -1
2019-09-26 15:38:54,659 [pool-123-thread-1] INFO  server.RaftServerConfigKeys (ConfUtils.java:logGet(43)) - raft.server.snapshot.auto.trigger.enabled = true (custom)
2019-09-26 15:38:54,659 [pool-123-thread-1] INFO  server.RaftServerConfigKeys (ConfUtils.java:logGet(43)) - raft.server.snapshot.auto.trigger.threshold = 10000 (custom)
2019-09-26 15:38:54,659 [pool-123-thread-1] INFO  server.RaftServerConfigKeys (ConfUtils.java:logGet(43)) - raft.server.snapshot.retention.num.files = 5 (custom)
2019-09-26 15:38:54,659 [pool-123-thread-1] INFO  server.RaftServerConfigKeys (ConfUtils.java:logGet(43)) - raft.server.retrycache.expirytime = 600000ms (custom)
2019-09-26 15:38:54,660 [pool-123-thread-1] INFO  impl.RaftServerImpl (RaftServerImpl.java:start(185)) - bcb704dc-2543-42a4-8762-cde039a55a99@group-9B4FBEF44D2E: start as a follower, conf=-1: [bcb704dc-2543-42a4-8762-cde039a55a99:192.168.151.99:43663], old=null
2019-09-26 15:38:54,660 [pool-123-thread-1] INFO  impl.RaftServerImpl (RaftServerImpl.java:setRole(174)) - bcb704dc-2543-42a4-8762-cde039a55a99@group-9B4FBEF44D2E: changes role from      null to FOLLOWER at term 0 for startAsFollower
2019-09-26 15:38:54,661 [pool-123-thread-1] INFO  impl.RoleInfo (RoleInfo.java:updateAndGet(143)) - bcb704dc-2543-42a4-8762-cde039a55a99: start FollowerState
2019-09-26 15:38:54,661 [pool-123-thread-1] INFO  util.JmxRegister (JmxRegister.java:tryRegister(44)) - Successfully registered JMX Bean with object name Ratis:service=RaftServer,group=group-9B4FBEF44D2E,id=bcb704dc-2543-42a4-8762-cde039a55a99
2019-09-26 15:38:54,663 [RatisPipelineUtilsThread] INFO  pipeline.PipelineStateManager (PipelineStateManager.java:addPipeline(56)) - Created pipeline Pipeline[ Id: 0aff9c6a-8b83-4854-8104-9b4fbef44d2e, Nodes: bcb704dc-2543-42a4-8762-cde039a55a99{ip: 192.168.151.99, host: pr-hdds-1569-g6sp5-2013761785, networkLocation: /default-rack, certSerialId: null}, Type:RATIS, Factor:ONE, State:OPEN]
2019-09-26 15:38:54,666 [grpc-default-executor-0] INFO  impl.RaftServerProxy (RaftServerProxy.java:addNew(89)) - bcb704dc-2543-42a4-8762-cde039a55a99: addNew group-71551493D0E3:[bcb704dc-2543-42a4-8762-cde039a55a99:192.168.151.99:43663] returns group-71551493D0E3:java.util.concurrent.CompletableFuture@7eb09d47[Not completed]
2019-09-26 15:38:54,667 [pool-123-thread-1] INFO  impl.RaftServerImpl (RaftServerImpl.java:<init>(95)) - bcb704dc-2543-42a4-8762-cde039a55a99: new RaftServerImpl for group-71551493D0E3:[bcb704dc-2543-42a4-8762-cde039a55a99:192.168.151.99:43663] with ContainerStateMachine:uninitialized
2019-09-26 15:38:54,667 [pool-123-thread-1] INFO  server.RaftServerConfigKeys (ConfUtils.java:logGet(43)) - raft.server.rpc.timeout.min = 5s (custom)
2019-09-26 15:38:54,667 [pool-123-thread-1] INFO  server.RaftServerConfigKeys (ConfUtils.java:logGet(43)) - raft.server.rpc.timeout.max = 5200ms (custom)
2019-09-26 15:38:54,667 [pool-123-thread-1] INFO  server.RaftServerConfigKeys (ConfUtils.java:logGet(43)) - raft.server.rpcslowness.timeout = 120s (custom)
2019-09-26 15:38:54,667 [pool-123-thread-1] INFO  server.RaftServerConfigKeys (ConfUtils.java:logGet(43)) - raft.server.sleep.deviation.threshold = 300 (default)
2019-09-26 15:38:54,667 [pool-123-thread-1] INFO  server.RaftServerConfigKeys (ConfUtils.java:logGet(43)) - raft.server.log.appender.install.snapshot.enabled = false (custom)
2019-09-26 15:38:54,667 [pool-123-thread-1] INFO  impl.RaftServerImpl (ServerState.java:<init>(103)) - bcb704dc-2543-42a4-8762-cde039a55a99@group-71551493D0E3: ConfigurationManager, init=-1: [bcb704dc-2543-42a4-8762-cde039a55a99:192.168.151.99:43663], old=null, confs=<EMPTY_MAP>
2019-09-26 15:38:54,668 [pool-123-thread-1] INFO  server.RaftServerConfigKeys (ConfUtils.java:logGet(43)) - raft.server.storage.dir = [/workdir/hadoop-ozone/integration-test/target/test-dir/MiniOzoneClusterImpl-87962e32-e39f-4c57-b747-30c883c1cc54/datanode-0/data/ratis] (custom)
2019-09-26 15:38:54,668 [pool-123-thread-1] INFO  storage.RaftStorageDirectory (RaftStorageDirectory.java:analyzeStorage(246)) - The storage directory /workdir/hadoop-ozone/integration-test/target/test-dir/MiniOzoneClusterImpl-87962e32-e39f-4c57-b747-30c883c1cc54/datanode-0/data/ratis/1f9854e4-a83a-4cdc-955d-71551493d0e3 does not exist. Creating ...
2019-09-26 15:38:54,681 [pool-123-thread-1] INFO  storage.RaftStorageDirectory (RaftStorageDirectory.java:tryLock(328)) - Lock on /workdir/hadoop-ozone/integration-test/target/test-dir/MiniOzoneClusterImpl-87962e32-e39f-4c57-b747-30c883c1cc54/datanode-0/data/ratis/1f9854e4-a83a-4cdc-955d-71551493d0e3/in_use.lock acquired by nodename 10626@pr-hdds-1569-g6sp5-2013761785
2019-09-26 15:38:54,694 [pool-123-thread-1] INFO  storage.RaftStorage (RaftStorage.java:format(72)) - Storage directory /workdir/hadoop-ozone/integration-test/target/test-dir/MiniOzoneClusterImpl-87962e32-e39f-4c57-b747-30c883c1cc54/datanode-0/data/ratis/1f9854e4-a83a-4cdc-955d-71551493d0e3 has been successfully formatted.
2019-09-26 15:38:54,694 [pool-123-thread-1] INFO  ratis.ContainerStateMachine (ContainerStateMachine.java:loadSnapshot(230)) - group-71551493D0E3: The snapshot info is null. Setting the last applied indexto:(t:0, i:~)
2019-09-26 15:38:54,694 [pool-123-thread-1] INFO  server.RaftServerConfigKeys (ConfUtils.java:logGet(43)) - raft.server.notification.no-leader.timeout = 120s (custom)
2019-09-26 15:38:54,694 [pool-123-thread-1] INFO  server.RaftServerConfigKeys (ConfUtils.java:logGet(43)) - raft.server.log.use.memory = false (default)
2019-09-26 15:38:54,694 [pool-123-thread-1] INFO  server.RaftServerConfigKeys (ConfUtils.java:logGet(43)) - raft.server.log.purge.gap = 1000000 (custom)
2019-09-26 15:38:54,694 [pool-123-thread-1] INFO  server.RaftServerConfigKeys (ConfUtils.java:logGet(43)) - raft.server.log.appender.buffer.byte-limit = 33554432 (custom)
2019-09-26 15:38:54,695 [pool-123-thread-1] INFO  server.RaftServerConfigKeys (ConfUtils.java:logGet(43)) - raft.server.log.segment.size.max = 1048576 (custom)
2019-09-26 15:38:54,695 [pool-123-thread-1] INFO  server.RaftServerConfigKeys (ConfUtils.java:logGet(43)) - raft.server.log.segment.cache.num.max = 2 (custom)
2019-09-26 15:38:54,695 [pool-123-thread-1] INFO  segmented.SegmentedRaftLogWorker (SegmentedRaftLogWorker.java:<init>(172)) - new bcb704dc-2543-42a4-8762-cde039a55a99@group-71551493D0E3-SegmentedRaftLogWorker for RaftStorage:Storage Directory /workdir/hadoop-ozone/integration-test/target/test-dir/MiniOzoneClusterImpl-87962e32-e39f-4c57-b747-30c883c1cc54/datanode-0/data/ratis/1f9854e4-a83a-4cdc-955d-71551493d0e3
2019-09-26 15:38:54,695 [pool-123-thread-1] INFO  server.RaftServerConfigKeys (ConfUtils.java:logGet(43)) - raft.server.log.queue.byte-limit = 2147483647 (custom)
2019-09-26 15:38:54,695 [pool-123-thread-1] INFO  server.RaftServerConfigKeys (ConfUtils.java:logGet(43)) - raft.server.log.queue.element-limit = 1024 (custom)
2019-09-26 15:38:54,695 [pool-123-thread-1] INFO  server.RaftServerConfigKeys (ConfUtils.java:logGet(43)) - raft.server.log.segment.size.max = 1048576 (custom)
2019-09-26 15:38:54,696 [pool-123-thread-1] INFO  server.RaftServerConfigKeys (ConfUtils.java:logGet(43)) - raft.server.log.preallocated.size = 16384 (custom)
2019-09-26 15:38:54,696 [pool-123-thread-1] INFO  server.RaftServerConfigKeys (ConfUtils.java:logGet(43)) - raft.server.log.write.buffer.size = 33554432 (custom)
2019-09-26 15:38:54,696 [pool-123-thread-1] INFO  server.RaftServerConfigKeys (ConfUtils.java:logGet(43)) - raft.server.log.force.sync.num = 128 (default)
2019-09-26 15:38:54,696 [pool-123-thread-1] INFO  server.RaftServerConfigKeys (ConfUtils.java:logGet(43)) - raft.server.log.statemachine.data.sync = true (default)
2019-09-26 15:38:54,696 [pool-123-thread-1] INFO  server.RaftServerConfigKeys (ConfUtils.java:logGet(43)) - raft.server.log.statemachine.data.sync.timeout = 10s (default)
2019-09-26 15:38:54,696 [pool-123-thread-1] INFO  server.RaftServerConfigKeys (ConfUtils.java:logGet(43)) - raft.server.log.statemachine.data.sync.timeout.retry = -1 (default)
2019-09-26 15:38:54,696 [pool-123-thread-1] INFO  server.RaftServerConfigKeys (ConfUtils.java:logGet(43)) - raft.server.log.statemachine.data.caching.enabled = true (custom)
2019-09-26 15:38:54,697 [pool-123-thread-1] INFO  segmented.SegmentedRaftLogWorker (SegmentedRaftLogWorker.java:lambda$new$0(132)) - bcb704dc-2543-42a4-8762-cde039a55a99@group-71551493D0E3-SegmentedRaftLogWorker: flushIndex: setUnconditionally 0 -> -1
2019-09-26 15:38:54,697 [pool-123-thread-1] INFO  server.RaftServerConfigKeys (ConfUtils.java:logGet(43)) - raft.server.snapshot.auto.trigger.enabled = true (custom)
2019-09-26 15:38:54,697 [pool-123-thread-1] INFO  server.RaftServerConfigKeys (ConfUtils.java:logGet(43)) - raft.server.snapshot.auto.trigger.threshold = 10000 (custom)
2019-09-26 15:38:54,697 [pool-123-thread-1] INFO  server.RaftServerConfigKeys (ConfUtils.java:logGet(43)) - raft.server.snapshot.retention.num.files = 5 (custom)
2019-09-26 15:38:54,697 [pool-123-thread-1] INFO  server.RaftServerConfigKeys (ConfUtils.java:logGet(43)) - raft.server.retrycache.expirytime = 600000ms (custom)
2019-09-26 15:38:54,699 [pool-123-thread-1] INFO  impl.RaftServerImpl (RaftServerImpl.java:start(185)) - bcb704dc-2543-42a4-8762-cde039a55a99@group-71551493D0E3: start as a follower, conf=-1: [bcb704dc-2543-42a4-8762-cde039a55a99:192.168.151.99:43663], old=null
2019-09-26 15:38:54,699 [pool-123-thread-1] INFO  impl.RaftServerImpl (RaftServerImpl.java:setRole(174)) - bcb704dc-2543-42a4-8762-cde039a55a99@group-71551493D0E3: changes role from      null to FOLLOWER at term 0 for startAsFollower
2019-09-26 15:38:54,699 [pool-123-thread-1] INFO  impl.RoleInfo (RoleInfo.java:updateAndGet(143)) - bcb704dc-2543-42a4-8762-cde039a55a99: start FollowerState
2019-09-26 15:38:54,700 [pool-123-thread-1] INFO  util.JmxRegister (JmxRegister.java:tryRegister(44)) - Successfully registered JMX Bean with object name Ratis:service=RaftServer,group=group-71551493D0E3,id=bcb704dc-2543-42a4-8762-cde039a55a99
2019-09-26 15:38:54,702 [RatisPipelineUtilsThread] INFO  pipeline.PipelineStateManager (PipelineStateManager.java:addPipeline(56)) - Created pipeline Pipeline[ Id: 1f9854e4-a83a-4cdc-955d-71551493d0e3, Nodes: bcb704dc-2543-42a4-8762-cde039a55a99{ip: 192.168.151.99, host: pr-hdds-1569-g6sp5-2013761785, networkLocation: /default-rack, certSerialId: null}, Type:RATIS, Factor:ONE, State:OPEN]
2019-09-26 15:38:54,705 [grpc-default-executor-0] INFO  impl.RaftServerProxy (RaftServerProxy.java:addNew(89)) - bcb704dc-2543-42a4-8762-cde039a55a99: addNew group-4DDD7CD609AB:[bcb704dc-2543-42a4-8762-cde039a55a99:192.168.151.99:43663] returns group-4DDD7CD609AB:java.util.concurrent.CompletableFuture@509ff977[Not completed]
2019-09-26 15:38:54,706 [pool-123-thread-1] INFO  impl.RaftServerImpl (RaftServerImpl.java:<init>(95)) - bcb704dc-2543-42a4-8762-cde039a55a99: new RaftServerImpl for group-4DDD7CD609AB:[bcb704dc-2543-42a4-8762-cde039a55a99:192.168.151.99:43663] with ContainerStateMachine:uninitialized
2019-09-26 15:38:54,706 [pool-123-thread-1] INFO  server.RaftServerConfigKeys (ConfUtils.java:logGet(43)) - raft.server.rpc.timeout.min = 5s (custom)
2019-09-26 15:38:54,706 [pool-123-thread-1] INFO  server.RaftServerConfigKeys (ConfUtils.java:logGet(43)) - raft.server.rpc.timeout.max = 5200ms (custom)
2019-09-26 15:38:54,706 [pool-123-thread-1] INFO  server.RaftServerConfigKeys (ConfUtils.java:logGet(43)) - raft.server.rpcslowness.timeout = 120s (custom)
2019-09-26 15:38:54,706 [pool-123-thread-1] INFO  server.RaftServerConfigKeys (ConfUtils.java:logGet(43)) - raft.server.sleep.deviation.threshold = 300 (default)
2019-09-26 15:38:54,706 [pool-123-thread-1] INFO  server.RaftServerConfigKeys (ConfUtils.java:logGet(43)) - raft.server.log.appender.install.snapshot.enabled = false (custom)
2019-09-26 15:38:54,706 [pool-123-thread-1] INFO  impl.RaftServerImpl (ServerState.java:<init>(103)) - bcb704dc-2543-42a4-8762-cde039a55a99@group-4DDD7CD609AB: ConfigurationManager, init=-1: [bcb704dc-2543-42a4-8762-cde039a55a99:192.168.151.99:43663], old=null, confs=<EMPTY_MAP>
2019-09-26 15:38:54,706 [pool-123-thread-1] INFO  server.RaftServerConfigKeys (ConfUtils.java:logGet(43)) - raft.server.storage.dir = [/workdir/hadoop-ozone/integration-test/target/test-dir/MiniOzoneClusterImpl-87962e32-e39f-4c57-b747-30c883c1cc54/datanode-0/data/ratis] (custom)
2019-09-26 15:38:54,707 [pool-123-thread-1] INFO  storage.RaftStorageDirectory (RaftStorageDirectory.java:analyzeStorage(246)) - The storage directory /workdir/hadoop-ozone/integration-test/target/test-dir/MiniOzoneClusterImpl-87962e32-e39f-4c57-b747-30c883c1cc54/datanode-0/data/ratis/38325158-039e-49d6-91d1-4ddd7cd609ab does not exist. Creating ...
2019-09-26 15:38:54,719 [pool-123-thread-1] INFO  storage.RaftStorageDirectory (RaftStorageDirectory.java:tryLock(328)) - Lock on /workdir/hadoop-ozone/integration-test/target/test-dir/MiniOzoneClusterImpl-87962e32-e39f-4c57-b747-30c883c1cc54/datanode-0/data/ratis/38325158-039e-49d6-91d1-4ddd7cd609ab/in_use.lock acquired by nodename 10626@pr-hdds-1569-g6sp5-2013761785
2019-09-26 15:38:54,732 [pool-123-thread-1] INFO  storage.RaftStorage (RaftStorage.java:format(72)) - Storage directory /workdir/hadoop-ozone/integration-test/target/test-dir/MiniOzoneClusterImpl-87962e32-e39f-4c57-b747-30c883c1cc54/datanode-0/data/ratis/38325158-039e-49d6-91d1-4ddd7cd609ab has been successfully formatted.
2019-09-26 15:38:54,732 [pool-123-thread-1] INFO  ratis.ContainerStateMachine (ContainerStateMachine.java:loadSnapshot(230)) - group-4DDD7CD609AB: The snapshot info is null. Setting the last applied indexto:(t:0, i:~)
2019-09-26 15:38:54,732 [pool-123-thread-1] INFO  server.RaftServerConfigKeys (ConfUtils.java:logGet(43)) - raft.server.notification.no-leader.timeout = 120s (custom)
2019-09-26 15:38:54,733 [pool-123-thread-1] INFO  server.RaftServerConfigKeys (ConfUtils.java:logGet(43)) - raft.server.log.use.memory = false (default)
2019-09-26 15:38:54,733 [pool-123-thread-1] INFO  server.RaftServerConfigKeys (ConfUtils.java:logGet(43)) - raft.server.log.purge.gap = 1000000 (custom)
2019-09-26 15:38:54,733 [pool-123-thread-1] INFO  server.RaftServerConfigKeys (ConfUtils.java:logGet(43)) - raft.server.log.appender.buffer.byte-limit = 33554432 (custom)
2019-09-26 15:38:54,733 [pool-123-thread-1] INFO  server.RaftServerConfigKeys (ConfUtils.java:logGet(43)) - raft.server.log.segment.size.max = 1048576 (custom)
2019-09-26 15:38:54,733 [pool-123-thread-1] INFO  server.RaftServerConfigKeys (ConfUtils.java:logGet(43)) - raft.server.log.segment.cache.num.max = 2 (custom)
2019-09-26 15:38:54,733 [pool-123-thread-1] INFO  segmented.SegmentedRaftLogWorker (SegmentedRaftLogWorker.java:<init>(172)) - new bcb704dc-2543-42a4-8762-cde039a55a99@group-4DDD7CD609AB-SegmentedRaftLogWorker for RaftStorage:Storage Directory /workdir/hadoop-ozone/integration-test/target/test-dir/MiniOzoneClusterImpl-87962e32-e39f-4c57-b747-30c883c1cc54/datanode-0/data/ratis/38325158-039e-49d6-91d1-4ddd7cd609ab
2019-09-26 15:38:54,733 [pool-123-thread-1] INFO  server.RaftServerConfigKeys (ConfUtils.java:logGet(43)) - raft.server.log.queue.byte-limit = 2147483647 (custom)
2019-09-26 15:38:54,733 [pool-123-thread-1] INFO  server.RaftServerConfigKeys (ConfUtils.java:logGet(43)) - raft.server.log.queue.element-limit = 1024 (custom)
2019-09-26 15:38:54,733 [pool-123-thread-1] INFO  server.RaftServerConfigKeys (ConfUtils.java:logGet(43)) - raft.server.log.segment.size.max = 1048576 (custom)
2019-09-26 15:38:54,734 [pool-123-thread-1] INFO  server.RaftServerConfigKeys (ConfUtils.java:logGet(43)) - raft.server.log.preallocated.size = 16384 (custom)
2019-09-26 15:38:54,734 [pool-123-thread-1] INFO  server.RaftServerConfigKeys (ConfUtils.java:logGet(43)) - raft.server.log.write.buffer.size = 33554432 (custom)
2019-09-26 15:38:54,734 [pool-123-thread-1] INFO  server.RaftServerConfigKeys (ConfUtils.java:logGet(43)) - raft.server.log.force.sync.num = 128 (default)
2019-09-26 15:38:54,734 [pool-123-thread-1] INFO  server.RaftServerConfigKeys (ConfUtils.java:logGet(43)) - raft.server.log.statemachine.data.sync = true (default)
2019-09-26 15:38:54,734 [pool-123-thread-1] INFO  server.RaftServerConfigKeys (ConfUtils.java:logGet(43)) - raft.server.log.statemachine.data.sync.timeout = 10s (default)
2019-09-26 15:38:54,734 [pool-123-thread-1] INFO  server.RaftServerConfigKeys (ConfUtils.java:logGet(43)) - raft.server.log.statemachine.data.sync.timeout.retry = -1 (default)
2019-09-26 15:38:54,734 [pool-123-thread-1] INFO  server.RaftServerConfigKeys (ConfUtils.java:logGet(43)) - raft.server.log.statemachine.data.caching.enabled = true (custom)
2019-09-26 15:38:54,734 [pool-123-thread-1] INFO  segmented.SegmentedRaftLogWorker (SegmentedRaftLogWorker.java:lambda$new$0(132)) - bcb704dc-2543-42a4-8762-cde039a55a99@group-4DDD7CD609AB-SegmentedRaftLogWorker: flushIndex: setUnconditionally 0 -> -1
2019-09-26 15:38:54,735 [pool-123-thread-1] INFO  server.RaftServerConfigKeys (ConfUtils.java:logGet(43)) - raft.server.snapshot.auto.trigger.enabled = true (custom)
2019-09-26 15:38:54,735 [pool-123-thread-1] INFO  server.RaftServerConfigKeys (ConfUtils.java:logGet(43)) - raft.server.snapshot.auto.trigger.threshold = 10000 (custom)
2019-09-26 15:38:54,735 [pool-123-thread-1] INFO  server.RaftServerConfigKeys (ConfUtils.java:logGet(43)) - raft.server.snapshot.retention.num.files = 5 (custom)
2019-09-26 15:38:54,735 [pool-123-thread-1] INFO  server.RaftServerConfigKeys (ConfUtils.java:logGet(43)) - raft.server.retrycache.expirytime = 600000ms (custom)
2019-09-26 15:38:54,736 [pool-123-thread-1] INFO  impl.RaftServerImpl (RaftServerImpl.java:start(185)) - bcb704dc-2543-42a4-8762-cde039a55a99@group-4DDD7CD609AB: start as a follower, conf=-1: [bcb704dc-2543-42a4-8762-cde039a55a99:192.168.151.99:43663], old=null
2019-09-26 15:38:54,736 [pool-123-thread-1] INFO  impl.RaftServerImpl (RaftServerImpl.java:setRole(174)) - bcb704dc-2543-42a4-8762-cde039a55a99@group-4DDD7CD609AB: changes role from      null to FOLLOWER at term 0 for startAsFollower
2019-09-26 15:38:54,736 [pool-123-thread-1] INFO  impl.RoleInfo (RoleInfo.java:updateAndGet(143)) - bcb704dc-2543-42a4-8762-cde039a55a99: start FollowerState
2019-09-26 15:38:54,737 [pool-123-thread-1] INFO  util.JmxRegister (JmxRegister.java:tryRegister(44)) - Successfully registered JMX Bean with object name Ratis:service=RaftServer,group=group-4DDD7CD609AB,id=bcb704dc-2543-42a4-8762-cde039a55a99
2019-09-26 15:38:54,738 [RatisPipelineUtilsThread] INFO  pipeline.PipelineStateManager (PipelineStateManager.java:addPipeline(56)) - Created pipeline Pipeline[ Id: 38325158-039e-49d6-91d1-4ddd7cd609ab, Nodes: bcb704dc-2543-42a4-8762-cde039a55a99{ip: 192.168.151.99, host: pr-hdds-1569-g6sp5-2013761785, networkLocation: /default-rack, certSerialId: null}, Type:RATIS, Factor:ONE, State:OPEN]
2019-09-26 15:38:54,742 [grpc-default-executor-0] INFO  impl.RaftServerProxy (RaftServerProxy.java:addNew(89)) - bcb704dc-2543-42a4-8762-cde039a55a99: addNew group-276C6D5C141F:[bcb704dc-2543-42a4-8762-cde039a55a99:192.168.151.99:43663] returns group-276C6D5C141F:java.util.concurrent.CompletableFuture@1f95a8be[Not completed]
2019-09-26 15:38:54,742 [pool-123-thread-1] INFO  impl.RaftServerImpl (RaftServerImpl.java:<init>(95)) - bcb704dc-2543-42a4-8762-cde039a55a99: new RaftServerImpl for group-276C6D5C141F:[bcb704dc-2543-42a4-8762-cde039a55a99:192.168.151.99:43663] with ContainerStateMachine:uninitialized
2019-09-26 15:38:54,743 [pool-123-thread-1] INFO  server.RaftServerConfigKeys (ConfUtils.java:logGet(43)) - raft.server.rpc.timeout.min = 5s (custom)
2019-09-26 15:38:54,743 [pool-123-thread-1] INFO  server.RaftServerConfigKeys (ConfUtils.java:logGet(43)) - raft.server.rpc.timeout.max = 5200ms (custom)
2019-09-26 15:38:54,743 [pool-123-thread-1] INFO  server.RaftServerConfigKeys (ConfUtils.java:logGet(43)) - raft.server.rpcslowness.timeout = 120s (custom)
2019-09-26 15:38:54,743 [pool-123-thread-1] INFO  server.RaftServerConfigKeys (ConfUtils.java:logGet(43)) - raft.server.sleep.deviation.threshold = 300 (default)
2019-09-26 15:38:54,743 [pool-123-thread-1] INFO  server.RaftServerConfigKeys (ConfUtils.java:logGet(43)) - raft.server.log.appender.install.snapshot.enabled = false (custom)
2019-09-26 15:38:54,743 [pool-123-thread-1] INFO  impl.RaftServerImpl (ServerState.java:<init>(103)) - bcb704dc-2543-42a4-8762-cde039a55a99@group-276C6D5C141F: ConfigurationManager, init=-1: [bcb704dc-2543-42a4-8762-cde039a55a99:192.168.151.99:43663], old=null, confs=<EMPTY_MAP>
2019-09-26 15:38:54,743 [pool-123-thread-1] INFO  server.RaftServerConfigKeys (ConfUtils.java:logGet(43)) - raft.server.storage.dir = [/workdir/hadoop-ozone/integration-test/target/test-dir/MiniOzoneClusterImpl-87962e32-e39f-4c57-b747-30c883c1cc54/datanode-0/data/ratis] (custom)
2019-09-26 15:38:54,744 [pool-123-thread-1] INFO  storage.RaftStorageDirectory (RaftStorageDirectory.java:analyzeStorage(246)) - The storage directory /workdir/hadoop-ozone/integration-test/target/test-dir/MiniOzoneClusterImpl-87962e32-e39f-4c57-b747-30c883c1cc54/datanode-0/data/ratis/063c4a49-8055-459e-9821-276c6d5c141f does not exist. Creating ...
2019-09-26 15:38:54,756 [pool-123-thread-1] INFO  storage.RaftStorageDirectory (RaftStorageDirectory.java:tryLock(328)) - Lock on /workdir/hadoop-ozone/integration-test/target/test-dir/MiniOzoneClusterImpl-87962e32-e39f-4c57-b747-30c883c1cc54/datanode-0/data/ratis/063c4a49-8055-459e-9821-276c6d5c141f/in_use.lock acquired by nodename 10626@pr-hdds-1569-g6sp5-2013761785
2019-09-26 15:38:54,768 [pool-123-thread-1] INFO  storage.RaftStorage (RaftStorage.java:format(72)) - Storage directory /workdir/hadoop-ozone/integration-test/target/test-dir/MiniOzoneClusterImpl-87962e32-e39f-4c57-b747-30c883c1cc54/datanode-0/data/ratis/063c4a49-8055-459e-9821-276c6d5c141f has been successfully formatted.
2019-09-26 15:38:54,769 [pool-123-thread-1] INFO  ratis.ContainerStateMachine (ContainerStateMachine.java:loadSnapshot(230)) - group-276C6D5C141F: The snapshot info is null. Setting the last applied indexto:(t:0, i:~)
2019-09-26 15:38:54,769 [pool-123-thread-1] INFO  server.RaftServerConfigKeys (ConfUtils.java:logGet(43)) - raft.server.notification.no-leader.timeout = 120s (custom)
2019-09-26 15:38:54,769 [pool-123-thread-1] INFO  server.RaftServerConfigKeys (ConfUtils.java:logGet(43)) - raft.server.log.use.memory = false (default)
2019-09-26 15:38:54,769 [pool-123-thread-1] INFO  server.RaftServerConfigKeys (ConfUtils.java:logGet(43)) - raft.server.log.purge.gap = 1000000 (custom)
2019-09-26 15:38:54,769 [pool-123-thread-1] INFO  server.RaftServerConfigKeys (ConfUtils.java:logGet(43)) - raft.server.log.appender.buffer.byte-limit = 33554432 (custom)
2019-09-26 15:38:54,769 [pool-123-thread-1] INFO  server.RaftServerConfigKeys (ConfUtils.java:logGet(43)) - raft.server.log.segment.size.max = 1048576 (custom)
2019-09-26 15:38:54,769 [pool-123-thread-1] INFO  server.RaftServerConfigKeys (ConfUtils.java:logGet(43)) - raft.server.log.segment.cache.num.max = 2 (custom)
2019-09-26 15:38:54,769 [pool-123-thread-1] INFO  segmented.SegmentedRaftLogWorker (SegmentedRaftLogWorker.java:<init>(172)) - new bcb704dc-2543-42a4-8762-cde039a55a99@group-276C6D5C141F-SegmentedRaftLogWorker for RaftStorage:Storage Directory /workdir/hadoop-ozone/integration-test/target/test-dir/MiniOzoneClusterImpl-87962e32-e39f-4c57-b747-30c883c1cc54/datanode-0/data/ratis/063c4a49-8055-459e-9821-276c6d5c141f
2019-09-26 15:38:54,769 [pool-123-thread-1] INFO  server.RaftServerConfigKeys (ConfUtils.java:logGet(43)) - raft.server.log.queue.byte-limit = 2147483647 (custom)
2019-09-26 15:38:54,770 [pool-123-thread-1] INFO  server.RaftServerConfigKeys (ConfUtils.java:logGet(43)) - raft.server.log.queue.element-limit = 1024 (custom)
2019-09-26 15:38:54,770 [pool-123-thread-1] INFO  server.RaftServerConfigKeys (ConfUtils.java:logGet(43)) - raft.server.log.segment.size.max = 1048576 (custom)
2019-09-26 15:38:54,770 [pool-123-thread-1] INFO  server.RaftServerConfigKeys (ConfUtils.java:logGet(43)) - raft.server.log.preallocated.size = 16384 (custom)
2019-09-26 15:38:54,770 [pool-123-thread-1] INFO  server.RaftServerConfigKeys (ConfUtils.java:logGet(43)) - raft.server.log.write.buffer.size = 33554432 (custom)
2019-09-26 15:38:54,770 [pool-123-thread-1] INFO  server.RaftServerConfigKeys (ConfUtils.java:logGet(43)) - raft.server.log.force.sync.num = 128 (default)
2019-09-26 15:38:54,770 [pool-123-thread-1] INFO  server.RaftServerConfigKeys (ConfUtils.java:logGet(43)) - raft.server.log.statemachine.data.sync = true (default)
2019-09-26 15:38:54,770 [pool-123-thread-1] INFO  server.RaftServerConfigKeys (ConfUtils.java:logGet(43)) - raft.server.log.statemachine.data.sync.timeout = 10s (default)
2019-09-26 15:38:54,770 [pool-123-thread-1] INFO  server.RaftServerConfigKeys (ConfUtils.java:logGet(43)) - raft.server.log.statemachine.data.sync.timeout.retry = -1 (default)
2019-09-26 15:38:54,770 [pool-123-thread-1] INFO  server.RaftServerConfigKeys (ConfUtils.java:logGet(43)) - raft.server.log.statemachine.data.caching.enabled = true (custom)
2019-09-26 15:38:54,771 [pool-123-thread-1] INFO  segmented.SegmentedRaftLogWorker (SegmentedRaftLogWorker.java:lambda$new$0(132)) - bcb704dc-2543-42a4-8762-cde039a55a99@group-276C6D5C141F-SegmentedRaftLogWorker: flushIndex: setUnconditionally 0 -> -1
2019-09-26 15:38:54,771 [pool-123-thread-1] INFO  server.RaftServerConfigKeys (ConfUtils.java:logGet(43)) - raft.server.snapshot.auto.trigger.enabled = true (custom)
2019-09-26 15:38:54,771 [pool-123-thread-1] INFO  server.RaftServerConfigKeys (ConfUtils.java:logGet(43)) - raft.server.snapshot.auto.trigger.threshold = 10000 (custom)
2019-09-26 15:38:54,771 [pool-123-thread-1] INFO  server.RaftServerConfigKeys (ConfUtils.java:logGet(43)) - raft.server.snapshot.retention.num.files = 5 (custom)
2019-09-26 15:38:54,771 [pool-123-thread-1] INFO  server.RaftServerConfigKeys (ConfUtils.java:logGet(43)) - raft.server.retrycache.expirytime = 600000ms (custom)
2019-09-26 15:38:54,772 [pool-123-thread-1] INFO  impl.RaftServerImpl (RaftServerImpl.java:start(185)) - bcb704dc-2543-42a4-8762-cde039a55a99@group-276C6D5C141F: start as a follower, conf=-1: [bcb704dc-2543-42a4-8762-cde039a55a99:192.168.151.99:43663], old=null
2019-09-26 15:38:54,772 [pool-123-thread-1] INFO  impl.RaftServerImpl (RaftServerImpl.java:setRole(174)) - bcb704dc-2543-42a4-8762-cde039a55a99@group-276C6D5C141F: changes role from      null to FOLLOWER at term 0 for startAsFollower
2019-09-26 15:38:54,772 [pool-123-thread-1] INFO  impl.RoleInfo (RoleInfo.java:updateAndGet(143)) - bcb704dc-2543-42a4-8762-cde039a55a99: start FollowerState
2019-09-26 15:38:54,772 [pool-123-thread-1] INFO  util.JmxRegister (JmxRegister.java:tryRegister(44)) - Successfully registered JMX Bean with object name Ratis:service=RaftServer,group=group-276C6D5C141F,id=bcb704dc-2543-42a4-8762-cde039a55a99
2019-09-26 15:38:54,774 [RatisPipelineUtilsThread] INFO  pipeline.PipelineStateManager (PipelineStateManager.java:addPipeline(56)) - Created pipeline Pipeline[ Id: 063c4a49-8055-459e-9821-276c6d5c141f, Nodes: bcb704dc-2543-42a4-8762-cde039a55a99{ip: 192.168.151.99, host: pr-hdds-1569-g6sp5-2013761785, networkLocation: /default-rack, certSerialId: null}, Type:RATIS, Factor:ONE, State:OPEN]
2019-09-26 15:38:54,777 [grpc-default-executor-0] INFO  impl.RaftServerProxy (RaftServerProxy.java:addNew(89)) - bcb704dc-2543-42a4-8762-cde039a55a99: addNew group-FAA23A8E7D1F:[bcb704dc-2543-42a4-8762-cde039a55a99:192.168.151.99:43663] returns group-FAA23A8E7D1F:java.util.concurrent.CompletableFuture@c11309[Not completed]
2019-09-26 15:38:54,778 [pool-123-thread-1] INFO  impl.RaftServerImpl (RaftServerImpl.java:<init>(95)) - bcb704dc-2543-42a4-8762-cde039a55a99: new RaftServerImpl for group-FAA23A8E7D1F:[bcb704dc-2543-42a4-8762-cde039a55a99:192.168.151.99:43663] with ContainerStateMachine:uninitialized
2019-09-26 15:38:54,778 [pool-123-thread-1] INFO  server.RaftServerConfigKeys (ConfUtils.java:logGet(43)) - raft.server.rpc.timeout.min = 5s (custom)
2019-09-26 15:38:54,778 [pool-123-thread-1] INFO  server.RaftServerConfigKeys (ConfUtils.java:logGet(43)) - raft.server.rpc.timeout.max = 5200ms (custom)
2019-09-26 15:38:54,778 [pool-123-thread-1] INFO  server.RaftServerConfigKeys (ConfUtils.java:logGet(43)) - raft.server.rpcslowness.timeout = 120s (custom)
2019-09-26 15:38:54,778 [pool-123-thread-1] INFO  server.RaftServerConfigKeys (ConfUtils.java:logGet(43)) - raft.server.sleep.deviation.threshold = 300 (default)
2019-09-26 15:38:54,778 [pool-123-thread-1] INFO  server.RaftServerConfigKeys (ConfUtils.java:logGet(43)) - raft.server.log.appender.install.snapshot.enabled = false (custom)
2019-09-26 15:38:54,778 [pool-123-thread-1] INFO  impl.RaftServerImpl (ServerState.java:<init>(103)) - bcb704dc-2543-42a4-8762-cde039a55a99@group-FAA23A8E7D1F: ConfigurationManager, init=-1: [bcb704dc-2543-42a4-8762-cde039a55a99:192.168.151.99:43663], old=null, confs=<EMPTY_MAP>
2019-09-26 15:38:54,778 [pool-123-thread-1] INFO  server.RaftServerConfigKeys (ConfUtils.java:logGet(43)) - raft.server.storage.dir = [/workdir/hadoop-ozone/integration-test/target/test-dir/MiniOzoneClusterImpl-87962e32-e39f-4c57-b747-30c883c1cc54/datanode-0/data/ratis] (custom)
2019-09-26 15:38:54,779 [pool-123-thread-1] INFO  storage.RaftStorageDirectory (RaftStorageDirectory.java:analyzeStorage(246)) - The storage directory /workdir/hadoop-ozone/integration-test/target/test-dir/MiniOzoneClusterImpl-87962e32-e39f-4c57-b747-30c883c1cc54/datanode-0/data/ratis/228f687d-8447-4b7c-b1a0-faa23a8e7d1f does not exist. Creating ...
2019-09-26 15:38:54,782 [pool-123-thread-1] INFO  storage.RaftStorageDirectory (RaftStorageDirectory.java:tryLock(328)) - Lock on /workdir/hadoop-ozone/integration-test/target/test-dir/MiniOzoneClusterImpl-87962e32-e39f-4c57-b747-30c883c1cc54/datanode-0/data/ratis/228f687d-8447-4b7c-b1a0-faa23a8e7d1f/in_use.lock acquired by nodename 10626@pr-hdds-1569-g6sp5-2013761785
2019-09-26 15:38:54,785 [pool-123-thread-1] INFO  storage.RaftStorage (RaftStorage.java:format(72)) - Storage directory /workdir/hadoop-ozone/integration-test/target/test-dir/MiniOzoneClusterImpl-87962e32-e39f-4c57-b747-30c883c1cc54/datanode-0/data/ratis/228f687d-8447-4b7c-b1a0-faa23a8e7d1f has been successfully formatted.
2019-09-26 15:38:54,785 [pool-123-thread-1] INFO  ratis.ContainerStateMachine (ContainerStateMachine.java:loadSnapshot(230)) - group-FAA23A8E7D1F: The snapshot info is null. Setting the last applied indexto:(t:0, i:~)
2019-09-26 15:38:54,785 [pool-123-thread-1] INFO  server.RaftServerConfigKeys (ConfUtils.java:logGet(43)) - raft.server.notification.no-leader.timeout = 120s (custom)
2019-09-26 15:38:54,785 [pool-123-thread-1] INFO  server.RaftServerConfigKeys (ConfUtils.java:logGet(43)) - raft.server.log.use.memory = false (default)
2019-09-26 15:38:54,785 [pool-123-thread-1] INFO  server.RaftServerConfigKeys (ConfUtils.java:logGet(43)) - raft.server.log.purge.gap = 1000000 (custom)
2019-09-26 15:38:54,786 [pool-123-thread-1] INFO  server.RaftServerConfigKeys (ConfUtils.java:logGet(43)) - raft.server.log.appender.buffer.byte-limit = 33554432 (custom)
2019-09-26 15:38:54,786 [pool-123-thread-1] INFO  server.RaftServerConfigKeys (ConfUtils.java:logGet(43)) - raft.server.log.segment.size.max = 1048576 (custom)
2019-09-26 15:38:54,786 [pool-123-thread-1] INFO  server.RaftServerConfigKeys (ConfUtils.java:logGet(43)) - raft.server.log.segment.cache.num.max = 2 (custom)
2019-09-26 15:38:54,786 [pool-123-thread-1] INFO  segmented.SegmentedRaftLogWorker (SegmentedRaftLogWorker.java:<init>(172)) - new bcb704dc-2543-42a4-8762-cde039a55a99@group-FAA23A8E7D1F-SegmentedRaftLogWorker for RaftStorage:Storage Directory /workdir/hadoop-ozone/integration-test/target/test-dir/MiniOzoneClusterImpl-87962e32-e39f-4c57-b747-30c883c1cc54/datanode-0/data/ratis/228f687d-8447-4b7c-b1a0-faa23a8e7d1f
2019-09-26 15:38:54,786 [pool-123-thread-1] INFO  server.RaftServerConfigKeys (ConfUtils.java:logGet(43)) - raft.server.log.queue.byte-limit = 2147483647 (custom)
2019-09-26 15:38:54,786 [pool-123-thread-1] INFO  server.RaftServerConfigKeys (ConfUtils.java:logGet(43)) - raft.server.log.queue.element-limit = 1024 (custom)
2019-09-26 15:38:54,786 [pool-123-thread-1] INFO  server.RaftServerConfigKeys (ConfUtils.java:logGet(43)) - raft.server.log.segment.size.max = 1048576 (custom)
2019-09-26 15:38:54,786 [pool-123-thread-1] INFO  server.RaftServerConfigKeys (ConfUtils.java:logGet(43)) - raft.server.log.preallocated.size = 16384 (custom)
2019-09-26 15:38:54,786 [pool-123-thread-1] INFO  server.RaftServerConfigKeys (ConfUtils.java:logGet(43)) - raft.server.log.write.buffer.size = 33554432 (custom)
2019-09-26 15:38:54,786 [pool-123-thread-1] INFO  server.RaftServerConfigKeys (ConfUtils.java:logGet(43)) - raft.server.log.force.sync.num = 128 (default)
2019-09-26 15:38:54,787 [pool-123-thread-1] INFO  server.RaftServerConfigKeys (ConfUtils.java:logGet(43)) - raft.server.log.statemachine.data.sync = true (default)
2019-09-26 15:38:54,787 [pool-123-thread-1] INFO  server.RaftServerConfigKeys (ConfUtils.java:logGet(43)) - raft.server.log.statemachine.data.sync.timeout = 10s (default)
2019-09-26 15:38:54,787 [pool-123-thread-1] INFO  server.RaftServerConfigKeys (ConfUtils.java:logGet(43)) - raft.server.log.statemachine.data.sync.timeout.retry = -1 (default)
2019-09-26 15:38:54,787 [pool-123-thread-1] INFO  server.RaftServerConfigKeys (ConfUtils.java:logGet(43)) - raft.server.log.statemachine.data.caching.enabled = true (custom)
2019-09-26 15:38:54,787 [pool-123-thread-1] INFO  segmented.SegmentedRaftLogWorker (SegmentedRaftLogWorker.java:lambda$new$0(132)) - bcb704dc-2543-42a4-8762-cde039a55a99@group-FAA23A8E7D1F-SegmentedRaftLogWorker: flushIndex: setUnconditionally 0 -> -1
2019-09-26 15:38:54,787 [pool-123-thread-1] INFO  server.RaftServerConfigKeys (ConfUtils.java:logGet(43)) - raft.server.snapshot.auto.trigger.enabled = true (custom)
2019-09-26 15:38:54,787 [pool-123-thread-1] INFO  server.RaftServerConfigKeys (ConfUtils.java:logGet(43)) - raft.server.snapshot.auto.trigger.threshold = 10000 (custom)
2019-09-26 15:38:54,787 [pool-123-thread-1] INFO  server.RaftServerConfigKeys (ConfUtils.java:logGet(43)) - raft.server.snapshot.retention.num.files = 5 (custom)
2019-09-26 15:38:54,788 [pool-123-thread-1] INFO  server.RaftServerConfigKeys (ConfUtils.java:logGet(43)) - raft.server.retrycache.expirytime = 600000ms (custom)
2019-09-26 15:38:54,789 [pool-123-thread-1] INFO  impl.RaftServerImpl (RaftServerImpl.java:start(185)) - bcb704dc-2543-42a4-8762-cde039a55a99@group-FAA23A8E7D1F: start as a follower, conf=-1: [bcb704dc-2543-42a4-8762-cde039a55a99:192.168.151.99:43663], old=null
2019-09-26 15:38:54,789 [pool-123-thread-1] INFO  impl.RaftServerImpl (RaftServerImpl.java:setRole(174)) - bcb704dc-2543-42a4-8762-cde039a55a99@group-FAA23A8E7D1F: changes role from      null to FOLLOWER at term 0 for startAsFollower
2019-09-26 15:38:54,789 [pool-123-thread-1] INFO  impl.RoleInfo (RoleInfo.java:updateAndGet(143)) - bcb704dc-2543-42a4-8762-cde039a55a99: start FollowerState
2019-09-26 15:38:54,789 [pool-123-thread-1] INFO  util.JmxRegister (JmxRegister.java:tryRegister(44)) - Successfully registered JMX Bean with object name Ratis:service=RaftServer,group=group-FAA23A8E7D1F,id=bcb704dc-2543-42a4-8762-cde039a55a99
2019-09-26 15:38:54,790 [RatisPipelineUtilsThread] INFO  pipeline.PipelineStateManager (PipelineStateManager.java:addPipeline(56)) - Created pipeline Pipeline[ Id: 228f687d-8447-4b7c-b1a0-faa23a8e7d1f, Nodes: bcb704dc-2543-42a4-8762-cde039a55a99{ip: 192.168.151.99, host: pr-hdds-1569-g6sp5-2013761785, networkLocation: /default-rack, certSerialId: null}, Type:RATIS, Factor:ONE, State:OPEN]
2019-09-26 15:38:54,794 [grpc-default-executor-0] INFO  impl.RaftServerProxy (RaftServerProxy.java:addNew(89)) - bcb704dc-2543-42a4-8762-cde039a55a99: addNew group-466F86898D25:[bcb704dc-2543-42a4-8762-cde039a55a99:192.168.151.99:43663] returns group-466F86898D25:java.util.concurrent.CompletableFuture@7d06e3fa[Not completed]
2019-09-26 15:38:54,794 [pool-123-thread-1] INFO  impl.RaftServerImpl (RaftServerImpl.java:<init>(95)) - bcb704dc-2543-42a4-8762-cde039a55a99: new RaftServerImpl for group-466F86898D25:[bcb704dc-2543-42a4-8762-cde039a55a99:192.168.151.99:43663] with ContainerStateMachine:uninitialized
2019-09-26 15:38:54,794 [pool-123-thread-1] INFO  server.RaftServerConfigKeys (ConfUtils.java:logGet(43)) - raft.server.rpc.timeout.min = 5s (custom)
2019-09-26 15:38:54,794 [pool-123-thread-1] INFO  server.RaftServerConfigKeys (ConfUtils.java:logGet(43)) - raft.server.rpc.timeout.max = 5200ms (custom)
2019-09-26 15:38:54,794 [pool-123-thread-1] INFO  server.RaftServerConfigKeys (ConfUtils.java:logGet(43)) - raft.server.rpcslowness.timeout = 120s (custom)
2019-09-26 15:38:54,794 [pool-123-thread-1] INFO  server.RaftServerConfigKeys (ConfUtils.java:logGet(43)) - raft.server.sleep.deviation.threshold = 300 (default)
2019-09-26 15:38:54,794 [pool-123-thread-1] INFO  server.RaftServerConfigKeys (ConfUtils.java:logGet(43)) - raft.server.log.appender.install.snapshot.enabled = false (custom)
2019-09-26 15:38:54,794 [pool-123-thread-1] INFO  impl.RaftServerImpl (ServerState.java:<init>(103)) - bcb704dc-2543-42a4-8762-cde039a55a99@group-466F86898D25: ConfigurationManager, init=-1: [bcb704dc-2543-42a4-8762-cde039a55a99:192.168.151.99:43663], old=null, confs=<EMPTY_MAP>
2019-09-26 15:38:54,795 [pool-123-thread-1] INFO  server.RaftServerConfigKeys (ConfUtils.java:logGet(43)) - raft.server.storage.dir = [/workdir/hadoop-ozone/integration-test/target/test-dir/MiniOzoneClusterImpl-87962e32-e39f-4c57-b747-30c883c1cc54/datanode-0/data/ratis] (custom)
2019-09-26 15:38:54,795 [pool-123-thread-1] INFO  storage.RaftStorageDirectory (RaftStorageDirectory.java:analyzeStorage(246)) - The storage directory /workdir/hadoop-ozone/integration-test/target/test-dir/MiniOzoneClusterImpl-87962e32-e39f-4c57-b747-30c883c1cc54/datanode-0/data/ratis/a0ef9697-65bd-49c8-b161-466f86898d25 does not exist. Creating ...
2019-09-26 15:38:54,803 [pool-123-thread-1] INFO  storage.RaftStorageDirectory (RaftStorageDirectory.java:tryLock(328)) - Lock on /workdir/hadoop-ozone/integration-test/target/test-dir/MiniOzoneClusterImpl-87962e32-e39f-4c57-b747-30c883c1cc54/datanode-0/data/ratis/a0ef9697-65bd-49c8-b161-466f86898d25/in_use.lock acquired by nodename 10626@pr-hdds-1569-g6sp5-2013761785
2019-09-26 15:38:54,816 [pool-123-thread-1] INFO  storage.RaftStorage (RaftStorage.java:format(72)) - Storage directory /workdir/hadoop-ozone/integration-test/target/test-dir/MiniOzoneClusterImpl-87962e32-e39f-4c57-b747-30c883c1cc54/datanode-0/data/ratis/a0ef9697-65bd-49c8-b161-466f86898d25 has been successfully formatted.
2019-09-26 15:38:54,816 [pool-123-thread-1] INFO  ratis.ContainerStateMachine (ContainerStateMachine.java:loadSnapshot(230)) - group-466F86898D25: The snapshot info is null. Setting the last applied indexto:(t:0, i:~)
2019-09-26 15:38:54,816 [pool-123-thread-1] INFO  server.RaftServerConfigKeys (ConfUtils.java:logGet(43)) - raft.server.notification.no-leader.timeout = 120s (custom)
2019-09-26 15:38:54,816 [pool-123-thread-1] INFO  server.RaftServerConfigKeys (ConfUtils.java:logGet(43)) - raft.server.log.use.memory = false (default)
2019-09-26 15:38:54,816 [pool-123-thread-1] INFO  server.RaftServerConfigKeys (ConfUtils.java:logGet(43)) - raft.server.log.purge.gap = 1000000 (custom)
2019-09-26 15:38:54,816 [pool-123-thread-1] INFO  server.RaftServerConfigKeys (ConfUtils.java:logGet(43)) - raft.server.log.appender.buffer.byte-limit = 33554432 (custom)
2019-09-26 15:38:54,816 [pool-123-thread-1] INFO  server.RaftServerConfigKeys (ConfUtils.java:logGet(43)) - raft.server.log.segment.size.max = 1048576 (custom)
2019-09-26 15:38:54,816 [pool-123-thread-1] INFO  server.RaftServerConfigKeys (ConfUtils.java:logGet(43)) - raft.server.log.segment.cache.num.max = 2 (custom)
2019-09-26 15:38:54,817 [pool-123-thread-1] INFO  segmented.SegmentedRaftLogWorker (SegmentedRaftLogWorker.java:<init>(172)) - new bcb704dc-2543-42a4-8762-cde039a55a99@group-466F86898D25-SegmentedRaftLogWorker for RaftStorage:Storage Directory /workdir/hadoop-ozone/integration-test/target/test-dir/MiniOzoneClusterImpl-87962e32-e39f-4c57-b747-30c883c1cc54/datanode-0/data/ratis/a0ef9697-65bd-49c8-b161-466f86898d25
2019-09-26 15:38:54,817 [pool-123-thread-1] INFO  server.RaftServerConfigKeys (ConfUtils.java:logGet(43)) - raft.server.log.queue.byte-limit = 2147483647 (custom)
2019-09-26 15:38:54,817 [pool-123-thread-1] INFO  server.RaftServerConfigKeys (ConfUtils.java:logGet(43)) - raft.server.log.queue.element-limit = 1024 (custom)
2019-09-26 15:38:54,817 [pool-123-thread-1] INFO  server.RaftServerConfigKeys (ConfUtils.java:logGet(43)) - raft.server.log.segment.size.max = 1048576 (custom)
2019-09-26 15:38:54,817 [pool-123-thread-1] INFO  server.RaftServerConfigKeys (ConfUtils.java:logGet(43)) - raft.server.log.preallocated.size = 16384 (custom)
2019-09-26 15:38:54,817 [pool-123-thread-1] INFO  server.RaftServerConfigKeys (ConfUtils.java:logGet(43)) - raft.server.log.write.buffer.size = 33554432 (custom)
2019-09-26 15:38:54,817 [pool-123-thread-1] INFO  server.RaftServerConfigKeys (ConfUtils.java:logGet(43)) - raft.server.log.force.sync.num = 128 (default)
2019-09-26 15:38:54,817 [pool-123-thread-1] INFO  server.RaftServerConfigKeys (ConfUtils.java:logGet(43)) - raft.server.log.statemachine.data.sync = true (default)
2019-09-26 15:38:54,817 [pool-123-thread-1] INFO  server.RaftServerConfigKeys (ConfUtils.java:logGet(43)) - raft.server.log.statemachine.data.sync.timeout = 10s (default)
2019-09-26 15:38:54,817 [pool-123-thread-1] INFO  server.RaftServerConfigKeys (ConfUtils.java:logGet(43)) - raft.server.log.statemachine.data.sync.timeout.retry = -1 (default)
2019-09-26 15:38:54,817 [pool-123-thread-1] INFO  server.RaftServerConfigKeys (ConfUtils.java:logGet(43)) - raft.server.log.statemachine.data.caching.enabled = true (custom)
2019-09-26 15:38:54,818 [pool-123-thread-1] INFO  segmented.SegmentedRaftLogWorker (SegmentedRaftLogWorker.java:lambda$new$0(132)) - bcb704dc-2543-42a4-8762-cde039a55a99@group-466F86898D25-SegmentedRaftLogWorker: flushIndex: setUnconditionally 0 -> -1
2019-09-26 15:38:54,818 [pool-123-thread-1] INFO  server.RaftServerConfigKeys (ConfUtils.java:logGet(43)) - raft.server.snapshot.auto.trigger.enabled = true (custom)
2019-09-26 15:38:54,818 [pool-123-thread-1] INFO  server.RaftServerConfigKeys (ConfUtils.java:logGet(43)) - raft.server.snapshot.auto.trigger.threshold = 10000 (custom)
2019-09-26 15:38:54,818 [pool-123-thread-1] INFO  server.RaftServerConfigKeys (ConfUtils.java:logGet(43)) - raft.server.snapshot.retention.num.files = 5 (custom)
2019-09-26 15:38:54,818 [pool-123-thread-1] INFO  server.RaftServerConfigKeys (ConfUtils.java:logGet(43)) - raft.server.retrycache.expirytime = 600000ms (custom)
2019-09-26 15:38:54,819 [pool-123-thread-1] INFO  impl.RaftServerImpl (RaftServerImpl.java:start(185)) - bcb704dc-2543-42a4-8762-cde039a55a99@group-466F86898D25: start as a follower, conf=-1: [bcb704dc-2543-42a4-8762-cde039a55a99:192.168.151.99:43663], old=null
2019-09-26 15:38:54,819 [pool-123-thread-1] INFO  impl.RaftServerImpl (RaftServerImpl.java:setRole(174)) - bcb704dc-2543-42a4-8762-cde039a55a99@group-466F86898D25: changes role from      null to FOLLOWER at term 0 for startAsFollower
2019-09-26 15:38:54,819 [pool-123-thread-1] INFO  impl.RoleInfo (RoleInfo.java:updateAndGet(143)) - bcb704dc-2543-42a4-8762-cde039a55a99: start FollowerState
2019-09-26 15:38:54,819 [pool-123-thread-1] INFO  util.JmxRegister (JmxRegister.java:tryRegister(44)) - Successfully registered JMX Bean with object name Ratis:service=RaftServer,group=group-466F86898D25,id=bcb704dc-2543-42a4-8762-cde039a55a99
2019-09-26 15:38:54,821 [RatisPipelineUtilsThread] INFO  pipeline.PipelineStateManager (PipelineStateManager.java:addPipeline(56)) - Created pipeline Pipeline[ Id: a0ef9697-65bd-49c8-b161-466f86898d25, Nodes: bcb704dc-2543-42a4-8762-cde039a55a99{ip: 192.168.151.99, host: pr-hdds-1569-g6sp5-2013761785, networkLocation: /default-rack, certSerialId: null}, Type:RATIS, Factor:ONE, State:OPEN]
2019-09-26 15:38:54,825 [grpc-default-executor-0] INFO  impl.RaftServerProxy (RaftServerProxy.java:addNew(89)) - bcb704dc-2543-42a4-8762-cde039a55a99: addNew group-D03E0B1BE4CF:[bcb704dc-2543-42a4-8762-cde039a55a99:192.168.151.99:43663] returns group-D03E0B1BE4CF:java.util.concurrent.CompletableFuture@a0c1948[Not completed]
2019-09-26 15:38:54,825 [pool-123-thread-1] INFO  impl.RaftServerImpl (RaftServerImpl.java:<init>(95)) - bcb704dc-2543-42a4-8762-cde039a55a99: new RaftServerImpl for group-D03E0B1BE4CF:[bcb704dc-2543-42a4-8762-cde039a55a99:192.168.151.99:43663] with ContainerStateMachine:uninitialized
2019-09-26 15:38:54,825 [pool-123-thread-1] INFO  server.RaftServerConfigKeys (ConfUtils.java:logGet(43)) - raft.server.rpc.timeout.min = 5s (custom)
2019-09-26 15:38:54,825 [pool-123-thread-1] INFO  server.RaftServerConfigKeys (ConfUtils.java:logGet(43)) - raft.server.rpc.timeout.max = 5200ms (custom)
2019-09-26 15:38:54,825 [pool-123-thread-1] INFO  server.RaftServerConfigKeys (ConfUtils.java:logGet(43)) - raft.server.rpcslowness.timeout = 120s (custom)
2019-09-26 15:38:54,826 [pool-123-thread-1] INFO  server.RaftServerConfigKeys (ConfUtils.java:logGet(43)) - raft.server.sleep.deviation.threshold = 300 (default)
2019-09-26 15:38:54,826 [pool-123-thread-1] INFO  server.RaftServerConfigKeys (ConfUtils.java:logGet(43)) - raft.server.log.appender.install.snapshot.enabled = false (custom)
2019-09-26 15:38:54,826 [pool-123-thread-1] INFO  impl.RaftServerImpl (ServerState.java:<init>(103)) - bcb704dc-2543-42a4-8762-cde039a55a99@group-D03E0B1BE4CF: ConfigurationManager, init=-1: [bcb704dc-2543-42a4-8762-cde039a55a99:192.168.151.99:43663], old=null, confs=<EMPTY_MAP>
2019-09-26 15:38:54,826 [pool-123-thread-1] INFO  server.RaftServerConfigKeys (ConfUtils.java:logGet(43)) - raft.server.storage.dir = [/workdir/hadoop-ozone/integration-test/target/test-dir/MiniOzoneClusterImpl-87962e32-e39f-4c57-b747-30c883c1cc54/datanode-0/data/ratis] (custom)
2019-09-26 15:38:54,826 [pool-123-thread-1] INFO  storage.RaftStorageDirectory (RaftStorageDirectory.java:analyzeStorage(246)) - The storage directory /workdir/hadoop-ozone/integration-test/target/test-dir/MiniOzoneClusterImpl-87962e32-e39f-4c57-b747-30c883c1cc54/datanode-0/data/ratis/4cf5309d-277c-422f-8ccd-d03e0b1be4cf does not exist. Creating ...
2019-09-26 15:38:54,832 [pool-123-thread-1] INFO  storage.RaftStorageDirectory (RaftStorageDirectory.java:tryLock(328)) - Lock on /workdir/hadoop-ozone/integration-test/target/test-dir/MiniOzoneClusterImpl-87962e32-e39f-4c57-b747-30c883c1cc54/datanode-0/data/ratis/4cf5309d-277c-422f-8ccd-d03e0b1be4cf/in_use.lock acquired by nodename 10626@pr-hdds-1569-g6sp5-2013761785
2019-09-26 15:38:54,845 [pool-123-thread-1] INFO  storage.RaftStorage (RaftStorage.java:format(72)) - Storage directory /workdir/hadoop-ozone/integration-test/target/test-dir/MiniOzoneClusterImpl-87962e32-e39f-4c57-b747-30c883c1cc54/datanode-0/data/ratis/4cf5309d-277c-422f-8ccd-d03e0b1be4cf has been successfully formatted.
2019-09-26 15:38:54,845 [pool-123-thread-1] INFO  ratis.ContainerStateMachine (ContainerStateMachine.java:loadSnapshot(230)) - group-D03E0B1BE4CF: The snapshot info is null. Setting the last applied indexto:(t:0, i:~)
2019-09-26 15:38:54,845 [pool-123-thread-1] INFO  server.RaftServerConfigKeys (ConfUtils.java:logGet(43)) - raft.server.notification.no-leader.timeout = 120s (custom)
2019-09-26 15:38:54,845 [pool-123-thread-1] INFO  server.RaftServerConfigKeys (ConfUtils.java:logGet(43)) - raft.server.log.use.memory = false (default)
2019-09-26 15:38:54,845 [pool-123-thread-1] INFO  server.RaftServerConfigKeys (ConfUtils.java:logGet(43)) - raft.server.log.purge.gap = 1000000 (custom)
2019-09-26 15:38:54,845 [pool-123-thread-1] INFO  server.RaftServerConfigKeys (ConfUtils.java:logGet(43)) - raft.server.log.appender.buffer.byte-limit = 33554432 (custom)
2019-09-26 15:38:54,845 [pool-123-thread-1] INFO  server.RaftServerConfigKeys (ConfUtils.java:logGet(43)) - raft.server.log.segment.size.max = 1048576 (custom)
2019-09-26 15:38:54,845 [pool-123-thread-1] INFO  server.RaftServerConfigKeys (ConfUtils.java:logGet(43)) - raft.server.log.segment.cache.num.max = 2 (custom)
2019-09-26 15:38:54,846 [pool-123-thread-1] INFO  segmented.SegmentedRaftLogWorker (SegmentedRaftLogWorker.java:<init>(172)) - new bcb704dc-2543-42a4-8762-cde039a55a99@group-D03E0B1BE4CF-SegmentedRaftLogWorker for RaftStorage:Storage Directory /workdir/hadoop-ozone/integration-test/target/test-dir/MiniOzoneClusterImpl-87962e32-e39f-4c57-b747-30c883c1cc54/datanode-0/data/ratis/4cf5309d-277c-422f-8ccd-d03e0b1be4cf
2019-09-26 15:38:54,846 [pool-123-thread-1] INFO  server.RaftServerConfigKeys (ConfUtils.java:logGet(43)) - raft.server.log.queue.byte-limit = 2147483647 (custom)
2019-09-26 15:38:54,846 [pool-123-thread-1] INFO  server.RaftServerConfigKeys (ConfUtils.java:logGet(43)) - raft.server.log.queue.element-limit = 1024 (custom)
2019-09-26 15:38:54,846 [pool-123-thread-1] INFO  server.RaftServerConfigKeys (ConfUtils.java:logGet(43)) - raft.server.log.segment.size.max = 1048576 (custom)
2019-09-26 15:38:54,846 [pool-123-thread-1] INFO  server.RaftServerConfigKeys (ConfUtils.java:logGet(43)) - raft.server.log.preallocated.size = 16384 (custom)
2019-09-26 15:38:54,846 [pool-123-thread-1] INFO  server.RaftServerConfigKeys (ConfUtils.java:logGet(43)) - raft.server.log.write.buffer.size = 33554432 (custom)
2019-09-26 15:38:54,846 [pool-123-thread-1] INFO  server.RaftServerConfigKeys (ConfUtils.java:logGet(43)) - raft.server.log.force.sync.num = 128 (default)
2019-09-26 15:38:54,846 [pool-123-thread-1] INFO  server.RaftServerConfigKeys (ConfUtils.java:logGet(43)) - raft.server.log.statemachine.data.sync = true (default)
2019-09-26 15:38:54,846 [pool-123-thread-1] INFO  server.RaftServerConfigKeys (ConfUtils.java:logGet(43)) - raft.server.log.statemachine.data.sync.timeout = 10s (default)
2019-09-26 15:38:54,846 [pool-123-thread-1] INFO  server.RaftServerConfigKeys (ConfUtils.java:logGet(43)) - raft.server.log.statemachine.data.sync.timeout.retry = -1 (default)
2019-09-26 15:38:54,846 [pool-123-thread-1] INFO  server.RaftServerConfigKeys (ConfUtils.java:logGet(43)) - raft.server.log.statemachine.data.caching.enabled = true (custom)
2019-09-26 15:38:54,847 [pool-123-thread-1] INFO  segmented.SegmentedRaftLogWorker (SegmentedRaftLogWorker.java:lambda$new$0(132)) - bcb704dc-2543-42a4-8762-cde039a55a99@group-D03E0B1BE4CF-SegmentedRaftLogWorker: flushIndex: setUnconditionally 0 -> -1
2019-09-26 15:38:54,847 [pool-123-thread-1] INFO  server.RaftServerConfigKeys (ConfUtils.java:logGet(43)) - raft.server.snapshot.auto.trigger.enabled = true (custom)
2019-09-26 15:38:54,847 [pool-123-thread-1] INFO  server.RaftServerConfigKeys (ConfUtils.java:logGet(43)) - raft.server.snapshot.auto.trigger.threshold = 10000 (custom)
2019-09-26 15:38:54,847 [pool-123-thread-1] INFO  server.RaftServerConfigKeys (ConfUtils.java:logGet(43)) - raft.server.snapshot.retention.num.files = 5 (custom)
2019-09-26 15:38:54,847 [pool-123-thread-1] INFO  server.RaftServerConfigKeys (ConfUtils.java:logGet(43)) - raft.server.retrycache.expirytime = 600000ms (custom)
2019-09-26 15:38:54,848 [pool-123-thread-1] INFO  impl.RaftServerImpl (RaftServerImpl.java:start(185)) - bcb704dc-2543-42a4-8762-cde039a55a99@group-D03E0B1BE4CF: start as a follower, conf=-1: [bcb704dc-2543-42a4-8762-cde039a55a99:192.168.151.99:43663], old=null
2019-09-26 15:38:54,848 [pool-123-thread-1] INFO  impl.RaftServerImpl (RaftServerImpl.java:setRole(174)) - bcb704dc-2543-42a4-8762-cde039a55a99@group-D03E0B1BE4CF: changes role from      null to FOLLOWER at term 0 for startAsFollower
2019-09-26 15:38:54,848 [pool-123-thread-1] INFO  impl.RoleInfo (RoleInfo.java:updateAndGet(143)) - bcb704dc-2543-42a4-8762-cde039a55a99: start FollowerState
2019-09-26 15:38:54,848 [pool-123-thread-1] INFO  util.JmxRegister (JmxRegister.java:tryRegister(44)) - Successfully registered JMX Bean with object name Ratis:service=RaftServer,group=group-D03E0B1BE4CF,id=bcb704dc-2543-42a4-8762-cde039a55a99
2019-09-26 15:38:54,850 [RatisPipelineUtilsThread] INFO  pipeline.PipelineStateManager (PipelineStateManager.java:addPipeline(56)) - Created pipeline Pipeline[ Id: 4cf5309d-277c-422f-8ccd-d03e0b1be4cf, Nodes: bcb704dc-2543-42a4-8762-cde039a55a99{ip: 192.168.151.99, host: pr-hdds-1569-g6sp5-2013761785, networkLocation: /default-rack, certSerialId: null}, Type:RATIS, Factor:ONE, State:OPEN]
2019-09-26 15:38:54,854 [grpc-default-executor-0] INFO  impl.RaftServerProxy (RaftServerProxy.java:addNew(89)) - bcb704dc-2543-42a4-8762-cde039a55a99: addNew group-91E203BCBD22:[bcb704dc-2543-42a4-8762-cde039a55a99:192.168.151.99:43663] returns group-91E203BCBD22:java.util.concurrent.CompletableFuture@2cc0af10[Not completed]
2019-09-26 15:38:54,855 [pool-123-thread-1] INFO  impl.RaftServerImpl (RaftServerImpl.java:<init>(95)) - bcb704dc-2543-42a4-8762-cde039a55a99: new RaftServerImpl for group-91E203BCBD22:[bcb704dc-2543-42a4-8762-cde039a55a99:192.168.151.99:43663] with ContainerStateMachine:uninitialized
2019-09-26 15:38:54,855 [pool-123-thread-1] INFO  server.RaftServerConfigKeys (ConfUtils.java:logGet(43)) - raft.server.rpc.timeout.min = 5s (custom)
2019-09-26 15:38:54,855 [pool-123-thread-1] INFO  server.RaftServerConfigKeys (ConfUtils.java:logGet(43)) - raft.server.rpc.timeout.max = 5200ms (custom)
2019-09-26 15:38:54,855 [pool-123-thread-1] INFO  server.RaftServerConfigKeys (ConfUtils.java:logGet(43)) - raft.server.rpcslowness.timeout = 120s (custom)
2019-09-26 15:38:54,855 [pool-123-thread-1] INFO  server.RaftServerConfigKeys (ConfUtils.java:logGet(43)) - raft.server.sleep.deviation.threshold = 300 (default)
2019-09-26 15:38:54,855 [pool-123-thread-1] INFO  server.RaftServerConfigKeys (ConfUtils.java:logGet(43)) - raft.server.log.appender.install.snapshot.enabled = false (custom)
2019-09-26 15:38:54,856 [pool-123-thread-1] INFO  impl.RaftServerImpl (ServerState.java:<init>(103)) - bcb704dc-2543-42a4-8762-cde039a55a99@group-91E203BCBD22: ConfigurationManager, init=-1: [bcb704dc-2543-42a4-8762-cde039a55a99:192.168.151.99:43663], old=null, confs=<EMPTY_MAP>
2019-09-26 15:38:54,856 [pool-123-thread-1] INFO  server.RaftServerConfigKeys (ConfUtils.java:logGet(43)) - raft.server.storage.dir = [/workdir/hadoop-ozone/integration-test/target/test-dir/MiniOzoneClusterImpl-87962e32-e39f-4c57-b747-30c883c1cc54/datanode-0/data/ratis] (custom)
2019-09-26 15:38:54,856 [pool-123-thread-1] INFO  storage.RaftStorageDirectory (RaftStorageDirectory.java:analyzeStorage(246)) - The storage directory /workdir/hadoop-ozone/integration-test/target/test-dir/MiniOzoneClusterImpl-87962e32-e39f-4c57-b747-30c883c1cc54/datanode-0/data/ratis/7a747fc4-0323-4bec-87cd-91e203bcbd22 does not exist. Creating ...
2019-09-26 15:38:54,869 [pool-123-thread-1] INFO  storage.RaftStorageDirectory (RaftStorageDirectory.java:tryLock(328)) - Lock on /workdir/hadoop-ozone/integration-test/target/test-dir/MiniOzoneClusterImpl-87962e32-e39f-4c57-b747-30c883c1cc54/datanode-0/data/ratis/7a747fc4-0323-4bec-87cd-91e203bcbd22/in_use.lock acquired by nodename 10626@pr-hdds-1569-g6sp5-2013761785
2019-09-26 15:38:54,882 [pool-123-thread-1] INFO  storage.RaftStorage (RaftStorage.java:format(72)) - Storage directory /workdir/hadoop-ozone/integration-test/target/test-dir/MiniOzoneClusterImpl-87962e32-e39f-4c57-b747-30c883c1cc54/datanode-0/data/ratis/7a747fc4-0323-4bec-87cd-91e203bcbd22 has been successfully formatted.
2019-09-26 15:38:54,882 [pool-123-thread-1] INFO  ratis.ContainerStateMachine (ContainerStateMachine.java:loadSnapshot(230)) - group-91E203BCBD22: The snapshot info is null. Setting the last applied indexto:(t:0, i:~)
2019-09-26 15:38:54,882 [pool-123-thread-1] INFO  server.RaftServerConfigKeys (ConfUtils.java:logGet(43)) - raft.server.notification.no-leader.timeout = 120s (custom)
2019-09-26 15:38:54,882 [pool-123-thread-1] INFO  server.RaftServerConfigKeys (ConfUtils.java:logGet(43)) - raft.server.log.use.memory = false (default)
2019-09-26 15:38:54,882 [pool-123-thread-1] INFO  server.RaftServerConfigKeys (ConfUtils.java:logGet(43)) - raft.server.log.purge.gap = 1000000 (custom)
2019-09-26 15:38:54,882 [pool-123-thread-1] INFO  server.RaftServerConfigKeys (ConfUtils.java:logGet(43)) - raft.server.log.appender.buffer.byte-limit = 33554432 (custom)
2019-09-26 15:38:54,882 [pool-123-thread-1] INFO  server.RaftServerConfigKeys (ConfUtils.java:logGet(43)) - raft.server.log.segment.size.max = 1048576 (custom)
2019-09-26 15:38:54,882 [pool-123-thread-1] INFO  server.RaftServerConfigKeys (ConfUtils.java:logGet(43)) - raft.server.log.segment.cache.num.max = 2 (custom)
2019-09-26 15:38:54,883 [pool-123-thread-1] INFO  segmented.SegmentedRaftLogWorker (SegmentedRaftLogWorker.java:<init>(172)) - new bcb704dc-2543-42a4-8762-cde039a55a99@group-91E203BCBD22-SegmentedRaftLogWorker for RaftStorage:Storage Directory /workdir/hadoop-ozone/integration-test/target/test-dir/MiniOzoneClusterImpl-87962e32-e39f-4c57-b747-30c883c1cc54/datanode-0/data/ratis/7a747fc4-0323-4bec-87cd-91e203bcbd22
2019-09-26 15:38:54,883 [pool-123-thread-1] INFO  server.RaftServerConfigKeys (ConfUtils.java:logGet(43)) - raft.server.log.queue.byte-limit = 2147483647 (custom)
2019-09-26 15:38:54,883 [pool-123-thread-1] INFO  server.RaftServerConfigKeys (ConfUtils.java:logGet(43)) - raft.server.log.queue.element-limit = 1024 (custom)
2019-09-26 15:38:54,883 [pool-123-thread-1] INFO  server.RaftServerConfigKeys (ConfUtils.java:logGet(43)) - raft.server.log.segment.size.max = 1048576 (custom)
2019-09-26 15:38:54,883 [pool-123-thread-1] INFO  server.RaftServerConfigKeys (ConfUtils.java:logGet(43)) - raft.server.log.preallocated.size = 16384 (custom)
2019-09-26 15:38:54,883 [pool-123-thread-1] INFO  server.RaftServerConfigKeys (ConfUtils.java:logGet(43)) - raft.server.log.write.buffer.size = 33554432 (custom)
2019-09-26 15:38:54,883 [pool-123-thread-1] INFO  server.RaftServerConfigKeys (ConfUtils.java:logGet(43)) - raft.server.log.force.sync.num = 128 (default)
2019-09-26 15:38:54,883 [pool-123-thread-1] INFO  server.RaftServerConfigKeys (ConfUtils.java:logGet(43)) - raft.server.log.statemachine.data.sync = true (default)
2019-09-26 15:38:54,883 [pool-123-thread-1] INFO  server.RaftServerConfigKeys (ConfUtils.java:logGet(43)) - raft.server.log.statemachine.data.sync.timeout = 10s (default)
2019-09-26 15:38:54,883 [pool-123-thread-1] INFO  server.RaftServerConfigKeys (ConfUtils.java:logGet(43)) - raft.server.log.statemachine.data.sync.timeout.retry = -1 (default)
2019-09-26 15:38:54,883 [pool-123-thread-1] INFO  server.RaftServerConfigKeys (ConfUtils.java:logGet(43)) - raft.server.log.statemachine.data.caching.enabled = true (custom)
2019-09-26 15:38:54,884 [pool-123-thread-1] INFO  segmented.SegmentedRaftLogWorker (SegmentedRaftLogWorker.java:lambda$new$0(132)) - bcb704dc-2543-42a4-8762-cde039a55a99@group-91E203BCBD22-SegmentedRaftLogWorker: flushIndex: setUnconditionally 0 -> -1
2019-09-26 15:38:54,884 [pool-123-thread-1] INFO  server.RaftServerConfigKeys (ConfUtils.java:logGet(43)) - raft.server.snapshot.auto.trigger.enabled = true (custom)
2019-09-26 15:38:54,884 [pool-123-thread-1] INFO  server.RaftServerConfigKeys (ConfUtils.java:logGet(43)) - raft.server.snapshot.auto.trigger.threshold = 10000 (custom)
2019-09-26 15:38:54,884 [pool-123-thread-1] INFO  server.RaftServerConfigKeys (ConfUtils.java:logGet(43)) - raft.server.snapshot.retention.num.files = 5 (custom)
2019-09-26 15:38:54,884 [pool-123-thread-1] INFO  server.RaftServerConfigKeys (ConfUtils.java:logGet(43)) - raft.server.retrycache.expirytime = 600000ms (custom)
2019-09-26 15:38:54,885 [pool-123-thread-1] INFO  impl.RaftServerImpl (RaftServerImpl.java:start(185)) - bcb704dc-2543-42a4-8762-cde039a55a99@group-91E203BCBD22: start as a follower, conf=-1: [bcb704dc-2543-42a4-8762-cde039a55a99:192.168.151.99:43663], old=null
2019-09-26 15:38:54,885 [pool-123-thread-1] INFO  impl.RaftServerImpl (RaftServerImpl.java:setRole(174)) - bcb704dc-2543-42a4-8762-cde039a55a99@group-91E203BCBD22: changes role from      null to FOLLOWER at term 0 for startAsFollower
2019-09-26 15:38:54,886 [pool-123-thread-1] INFO  impl.RoleInfo (RoleInfo.java:updateAndGet(143)) - bcb704dc-2543-42a4-8762-cde039a55a99: start FollowerState
2019-09-26 15:38:54,886 [pool-123-thread-1] INFO  util.JmxRegister (JmxRegister.java:tryRegister(44)) - Successfully registered JMX Bean with object name Ratis:service=RaftServer,group=group-91E203BCBD22,id=bcb704dc-2543-42a4-8762-cde039a55a99
2019-09-26 15:38:54,888 [RatisPipelineUtilsThread] INFO  pipeline.PipelineStateManager (PipelineStateManager.java:addPipeline(56)) - Created pipeline Pipeline[ Id: 7a747fc4-0323-4bec-87cd-91e203bcbd22, Nodes: bcb704dc-2543-42a4-8762-cde039a55a99{ip: 192.168.151.99, host: pr-hdds-1569-g6sp5-2013761785, networkLocation: /default-rack, certSerialId: null}, Type:RATIS, Factor:ONE, State:OPEN]
2019-09-26 15:38:54,892 [grpc-default-executor-0] INFO  impl.RaftServerProxy (RaftServerProxy.java:addNew(89)) - bcb704dc-2543-42a4-8762-cde039a55a99: addNew group-7F4887E5B92C:[bcb704dc-2543-42a4-8762-cde039a55a99:192.168.151.99:43663] returns group-7F4887E5B92C:java.util.concurrent.CompletableFuture@2c01390e[Not completed]
2019-09-26 15:38:54,892 [pool-123-thread-1] INFO  impl.RaftServerImpl (RaftServerImpl.java:<init>(95)) - bcb704dc-2543-42a4-8762-cde039a55a99: new RaftServerImpl for group-7F4887E5B92C:[bcb704dc-2543-42a4-8762-cde039a55a99:192.168.151.99:43663] with ContainerStateMachine:uninitialized
2019-09-26 15:38:54,893 [pool-123-thread-1] INFO  server.RaftServerConfigKeys (ConfUtils.java:logGet(43)) - raft.server.rpc.timeout.min = 5s (custom)
2019-09-26 15:38:54,893 [pool-123-thread-1] INFO  server.RaftServerConfigKeys (ConfUtils.java:logGet(43)) - raft.server.rpc.timeout.max = 5200ms (custom)
2019-09-26 15:38:54,893 [pool-123-thread-1] INFO  server.RaftServerConfigKeys (ConfUtils.java:logGet(43)) - raft.server.rpcslowness.timeout = 120s (custom)
2019-09-26 15:38:54,893 [pool-123-thread-1] INFO  server.RaftServerConfigKeys (ConfUtils.java:logGet(43)) - raft.server.sleep.deviation.threshold = 300 (default)
2019-09-26 15:38:54,893 [pool-123-thread-1] INFO  server.RaftServerConfigKeys (ConfUtils.java:logGet(43)) - raft.server.log.appender.install.snapshot.enabled = false (custom)
2019-09-26 15:38:54,893 [pool-123-thread-1] INFO  impl.RaftServerImpl (ServerState.java:<init>(103)) - bcb704dc-2543-42a4-8762-cde039a55a99@group-7F4887E5B92C: ConfigurationManager, init=-1: [bcb704dc-2543-42a4-8762-cde039a55a99:192.168.151.99:43663], old=null, confs=<EMPTY_MAP>
2019-09-26 15:38:54,893 [pool-123-thread-1] INFO  server.RaftServerConfigKeys (ConfUtils.java:logGet(43)) - raft.server.storage.dir = [/workdir/hadoop-ozone/integration-test/target/test-dir/MiniOzoneClusterImpl-87962e32-e39f-4c57-b747-30c883c1cc54/datanode-0/data/ratis] (custom)
2019-09-26 15:38:54,893 [pool-123-thread-1] INFO  storage.RaftStorageDirectory (RaftStorageDirectory.java:analyzeStorage(246)) - The storage directory /workdir/hadoop-ozone/integration-test/target/test-dir/MiniOzoneClusterImpl-87962e32-e39f-4c57-b747-30c883c1cc54/datanode-0/data/ratis/4981d5ed-b5d9-422f-9318-7f4887e5b92c does not exist. Creating ...
2019-09-26 15:38:54,906 [pool-123-thread-1] INFO  storage.RaftStorageDirectory (RaftStorageDirectory.java:tryLock(328)) - Lock on /workdir/hadoop-ozone/integration-test/target/test-dir/MiniOzoneClusterImpl-87962e32-e39f-4c57-b747-30c883c1cc54/datanode-0/data/ratis/4981d5ed-b5d9-422f-9318-7f4887e5b92c/in_use.lock acquired by nodename 10626@pr-hdds-1569-g6sp5-2013761785
2019-09-26 15:38:54,919 [pool-123-thread-1] INFO  storage.RaftStorage (RaftStorage.java:format(72)) - Storage directory /workdir/hadoop-ozone/integration-test/target/test-dir/MiniOzoneClusterImpl-87962e32-e39f-4c57-b747-30c883c1cc54/datanode-0/data/ratis/4981d5ed-b5d9-422f-9318-7f4887e5b92c has been successfully formatted.
2019-09-26 15:38:54,919 [pool-123-thread-1] INFO  ratis.ContainerStateMachine (ContainerStateMachine.java:loadSnapshot(230)) - group-7F4887E5B92C: The snapshot info is null. Setting the last applied indexto:(t:0, i:~)
2019-09-26 15:38:54,919 [pool-123-thread-1] INFO  server.RaftServerConfigKeys (ConfUtils.java:logGet(43)) - raft.server.notification.no-leader.timeout = 120s (custom)
2019-09-26 15:38:54,919 [pool-123-thread-1] INFO  server.RaftServerConfigKeys (ConfUtils.java:logGet(43)) - raft.server.log.use.memory = false (default)
2019-09-26 15:38:54,920 [pool-123-thread-1] INFO  server.RaftServerConfigKeys (ConfUtils.java:logGet(43)) - raft.server.log.purge.gap = 1000000 (custom)
2019-09-26 15:38:54,920 [pool-123-thread-1] INFO  server.RaftServerConfigKeys (ConfUtils.java:logGet(43)) - raft.server.log.appender.buffer.byte-limit = 33554432 (custom)
2019-09-26 15:38:54,920 [pool-123-thread-1] INFO  server.RaftServerConfigKeys (ConfUtils.java:logGet(43)) - raft.server.log.segment.size.max = 1048576 (custom)
2019-09-26 15:38:54,920 [pool-123-thread-1] INFO  server.RaftServerConfigKeys (ConfUtils.java:logGet(43)) - raft.server.log.segment.cache.num.max = 2 (custom)
2019-09-26 15:38:54,920 [pool-123-thread-1] INFO  segmented.SegmentedRaftLogWorker (SegmentedRaftLogWorker.java:<init>(172)) - new bcb704dc-2543-42a4-8762-cde039a55a99@group-7F4887E5B92C-SegmentedRaftLogWorker for RaftStorage:Storage Directory /workdir/hadoop-ozone/integration-test/target/test-dir/MiniOzoneClusterImpl-87962e32-e39f-4c57-b747-30c883c1cc54/datanode-0/data/ratis/4981d5ed-b5d9-422f-9318-7f4887e5b92c
2019-09-26 15:38:54,920 [pool-123-thread-1] INFO  server.RaftServerConfigKeys (ConfUtils.java:logGet(43)) - raft.server.log.queue.byte-limit = 2147483647 (custom)
2019-09-26 15:38:54,920 [pool-123-thread-1] INFO  server.RaftServerConfigKeys (ConfUtils.java:logGet(43)) - raft.server.log.queue.element-limit = 1024 (custom)
2019-09-26 15:38:54,920 [pool-123-thread-1] INFO  server.RaftServerConfigKeys (ConfUtils.java:logGet(43)) - raft.server.log.segment.size.max = 1048576 (custom)
2019-09-26 15:38:54,920 [pool-123-thread-1] INFO  server.RaftServerConfigKeys (ConfUtils.java:logGet(43)) - raft.server.log.preallocated.size = 16384 (custom)
2019-09-26 15:38:54,920 [pool-123-thread-1] INFO  server.RaftServerConfigKeys (ConfUtils.java:logGet(43)) - raft.server.log.write.buffer.size = 33554432 (custom)
2019-09-26 15:38:54,920 [pool-123-thread-1] INFO  server.RaftServerConfigKeys (ConfUtils.java:logGet(43)) - raft.server.log.force.sync.num = 128 (default)
2019-09-26 15:38:54,920 [pool-123-thread-1] INFO  server.RaftServerConfigKeys (ConfUtils.java:logGet(43)) - raft.server.log.statemachine.data.sync = true (default)
2019-09-26 15:38:54,921 [pool-123-thread-1] INFO  server.RaftServerConfigKeys (ConfUtils.java:logGet(43)) - raft.server.log.statemachine.data.sync.timeout = 10s (default)
2019-09-26 15:38:54,921 [pool-123-thread-1] INFO  server.RaftServerConfigKeys (ConfUtils.java:logGet(43)) - raft.server.log.statemachine.data.sync.timeout.retry = -1 (default)
2019-09-26 15:38:54,921 [pool-123-thread-1] INFO  server.RaftServerConfigKeys (ConfUtils.java:logGet(43)) - raft.server.log.statemachine.data.caching.enabled = true (custom)
2019-09-26 15:38:54,921 [pool-123-thread-1] INFO  segmented.SegmentedRaftLogWorker (SegmentedRaftLogWorker.java:lambda$new$0(132)) - bcb704dc-2543-42a4-8762-cde039a55a99@group-7F4887E5B92C-SegmentedRaftLogWorker: flushIndex: setUnconditionally 0 -> -1
2019-09-26 15:38:54,921 [pool-123-thread-1] INFO  server.RaftServerConfigKeys (ConfUtils.java:logGet(43)) - raft.server.snapshot.auto.trigger.enabled = true (custom)
2019-09-26 15:38:54,921 [pool-123-thread-1] INFO  server.RaftServerConfigKeys (ConfUtils.java:logGet(43)) - raft.server.snapshot.auto.trigger.threshold = 10000 (custom)
2019-09-26 15:38:54,921 [pool-123-thread-1] INFO  server.RaftServerConfigKeys (ConfUtils.java:logGet(43)) - raft.server.snapshot.retention.num.files = 5 (custom)
2019-09-26 15:38:54,921 [pool-123-thread-1] INFO  server.RaftServerConfigKeys (ConfUtils.java:logGet(43)) - raft.server.retrycache.expirytime = 600000ms (custom)
2019-09-26 15:38:54,923 [pool-123-thread-1] INFO  impl.RaftServerImpl (RaftServerImpl.java:start(185)) - bcb704dc-2543-42a4-8762-cde039a55a99@group-7F4887E5B92C: start as a follower, conf=-1: [bcb704dc-2543-42a4-8762-cde039a55a99:192.168.151.99:43663], old=null
2019-09-26 15:38:54,923 [pool-123-thread-1] INFO  impl.RaftServerImpl (RaftServerImpl.java:setRole(174)) - bcb704dc-2543-42a4-8762-cde039a55a99@group-7F4887E5B92C: changes role from      null to FOLLOWER at term 0 for startAsFollower
2019-09-26 15:38:54,923 [pool-123-thread-1] INFO  impl.RoleInfo (RoleInfo.java:updateAndGet(143)) - bcb704dc-2543-42a4-8762-cde039a55a99: start FollowerState
2019-09-26 15:38:54,923 [pool-123-thread-1] INFO  util.JmxRegister (JmxRegister.java:tryRegister(44)) - Successfully registered JMX Bean with object name Ratis:service=RaftServer,group=group-7F4887E5B92C,id=bcb704dc-2543-42a4-8762-cde039a55a99
2019-09-26 15:38:54,925 [RatisPipelineUtilsThread] INFO  pipeline.PipelineStateManager (PipelineStateManager.java:addPipeline(56)) - Created pipeline Pipeline[ Id: 4981d5ed-b5d9-422f-9318-7f4887e5b92c, Nodes: bcb704dc-2543-42a4-8762-cde039a55a99{ip: 192.168.151.99, host: pr-hdds-1569-g6sp5-2013761785, networkLocation: /default-rack, certSerialId: null}, Type:RATIS, Factor:ONE, State:OPEN]
2019-09-26 15:38:54,929 [grpc-default-executor-0] INFO  impl.RaftServerProxy (RaftServerProxy.java:addNew(89)) - bcb704dc-2543-42a4-8762-cde039a55a99: addNew group-0FE7E57C4B3A:[bcb704dc-2543-42a4-8762-cde039a55a99:192.168.151.99:43663] returns group-0FE7E57C4B3A:java.util.concurrent.CompletableFuture@7f313b3f[Not completed]
2019-09-26 15:38:54,930 [pool-123-thread-1] INFO  impl.RaftServerImpl (RaftServerImpl.java:<init>(95)) - bcb704dc-2543-42a4-8762-cde039a55a99: new RaftServerImpl for group-0FE7E57C4B3A:[bcb704dc-2543-42a4-8762-cde039a55a99:192.168.151.99:43663] with ContainerStateMachine:uninitialized
2019-09-26 15:38:54,930 [pool-123-thread-1] INFO  server.RaftServerConfigKeys (ConfUtils.java:logGet(43)) - raft.server.rpc.timeout.min = 5s (custom)
2019-09-26 15:38:54,930 [pool-123-thread-1] INFO  server.RaftServerConfigKeys (ConfUtils.java:logGet(43)) - raft.server.rpc.timeout.max = 5200ms (custom)
2019-09-26 15:38:54,930 [pool-123-thread-1] INFO  server.RaftServerConfigKeys (ConfUtils.java:logGet(43)) - raft.server.rpcslowness.timeout = 120s (custom)
2019-09-26 15:38:54,930 [pool-123-thread-1] INFO  server.RaftServerConfigKeys (ConfUtils.java:logGet(43)) - raft.server.sleep.deviation.threshold = 300 (default)
2019-09-26 15:38:54,930 [pool-123-thread-1] INFO  server.RaftServerConfigKeys (ConfUtils.java:logGet(43)) - raft.server.log.appender.install.snapshot.enabled = false (custom)
2019-09-26 15:38:54,930 [pool-123-thread-1] INFO  impl.RaftServerImpl (ServerState.java:<init>(103)) - bcb704dc-2543-42a4-8762-cde039a55a99@group-0FE7E57C4B3A: ConfigurationManager, init=-1: [bcb704dc-2543-42a4-8762-cde039a55a99:192.168.151.99:43663], old=null, confs=<EMPTY_MAP>
2019-09-26 15:38:54,930 [pool-123-thread-1] INFO  server.RaftServerConfigKeys (ConfUtils.java:logGet(43)) - raft.server.storage.dir = [/workdir/hadoop-ozone/integration-test/target/test-dir/MiniOzoneClusterImpl-87962e32-e39f-4c57-b747-30c883c1cc54/datanode-0/data/ratis] (custom)
2019-09-26 15:38:54,931 [pool-123-thread-1] INFO  storage.RaftStorageDirectory (RaftStorageDirectory.java:analyzeStorage(246)) - The storage directory /workdir/hadoop-ozone/integration-test/target/test-dir/MiniOzoneClusterImpl-87962e32-e39f-4c57-b747-30c883c1cc54/datanode-0/data/ratis/f93d5cca-1dc3-4db3-97a5-0fe7e57c4b3a does not exist. Creating ...
2019-09-26 15:38:54,943 [pool-123-thread-1] INFO  storage.RaftStorageDirectory (RaftStorageDirectory.java:tryLock(328)) - Lock on /workdir/hadoop-ozone/integration-test/target/test-dir/MiniOzoneClusterImpl-87962e32-e39f-4c57-b747-30c883c1cc54/datanode-0/data/ratis/f93d5cca-1dc3-4db3-97a5-0fe7e57c4b3a/in_use.lock acquired by nodename 10626@pr-hdds-1569-g6sp5-2013761785
2019-09-26 15:38:54,956 [pool-123-thread-1] INFO  storage.RaftStorage (RaftStorage.java:format(72)) - Storage directory /workdir/hadoop-ozone/integration-test/target/test-dir/MiniOzoneClusterImpl-87962e32-e39f-4c57-b747-30c883c1cc54/datanode-0/data/ratis/f93d5cca-1dc3-4db3-97a5-0fe7e57c4b3a has been successfully formatted.
2019-09-26 15:38:54,956 [pool-123-thread-1] INFO  ratis.ContainerStateMachine (ContainerStateMachine.java:loadSnapshot(230)) - group-0FE7E57C4B3A: The snapshot info is null. Setting the last applied indexto:(t:0, i:~)
2019-09-26 15:38:54,956 [pool-123-thread-1] INFO  server.RaftServerConfigKeys (ConfUtils.java:logGet(43)) - raft.server.notification.no-leader.timeout = 120s (custom)
2019-09-26 15:38:54,956 [pool-123-thread-1] INFO  server.RaftServerConfigKeys (ConfUtils.java:logGet(43)) - raft.server.log.use.memory = false (default)
2019-09-26 15:38:54,956 [pool-123-thread-1] INFO  server.RaftServerConfigKeys (ConfUtils.java:logGet(43)) - raft.server.log.purge.gap = 1000000 (custom)
2019-09-26 15:38:54,956 [pool-123-thread-1] INFO  server.RaftServerConfigKeys (ConfUtils.java:logGet(43)) - raft.server.log.appender.buffer.byte-limit = 33554432 (custom)
2019-09-26 15:38:54,956 [pool-123-thread-1] INFO  server.RaftServerConfigKeys (ConfUtils.java:logGet(43)) - raft.server.log.segment.size.max = 1048576 (custom)
2019-09-26 15:38:54,956 [pool-123-thread-1] INFO  server.RaftServerConfigKeys (ConfUtils.java:logGet(43)) - raft.server.log.segment.cache.num.max = 2 (custom)
2019-09-26 15:38:54,956 [pool-123-thread-1] INFO  segmented.SegmentedRaftLogWorker (SegmentedRaftLogWorker.java:<init>(172)) - new bcb704dc-2543-42a4-8762-cde039a55a99@group-0FE7E57C4B3A-SegmentedRaftLogWorker for RaftStorage:Storage Directory /workdir/hadoop-ozone/integration-test/target/test-dir/MiniOzoneClusterImpl-87962e32-e39f-4c57-b747-30c883c1cc54/datanode-0/data/ratis/f93d5cca-1dc3-4db3-97a5-0fe7e57c4b3a
2019-09-26 15:38:54,957 [pool-123-thread-1] INFO  server.RaftServerConfigKeys (ConfUtils.java:logGet(43)) - raft.server.log.queue.byte-limit = 2147483647 (custom)
2019-09-26 15:38:54,957 [pool-123-thread-1] INFO  server.RaftServerConfigKeys (ConfUtils.java:logGet(43)) - raft.server.log.queue.element-limit = 1024 (custom)
2019-09-26 15:38:54,957 [pool-123-thread-1] INFO  server.RaftServerConfigKeys (ConfUtils.java:logGet(43)) - raft.server.log.segment.size.max = 1048576 (custom)
2019-09-26 15:38:54,957 [pool-123-thread-1] INFO  server.RaftServerConfigKeys (ConfUtils.java:logGet(43)) - raft.server.log.preallocated.size = 16384 (custom)
2019-09-26 15:38:54,957 [pool-123-thread-1] INFO  server.RaftServerConfigKeys (ConfUtils.java:logGet(43)) - raft.server.log.write.buffer.size = 33554432 (custom)
2019-09-26 15:38:54,957 [pool-123-thread-1] INFO  server.RaftServerConfigKeys (ConfUtils.java:logGet(43)) - raft.server.log.force.sync.num = 128 (default)
2019-09-26 15:38:54,957 [pool-123-thread-1] INFO  server.RaftServerConfigKeys (ConfUtils.java:logGet(43)) - raft.server.log.statemachine.data.sync = true (default)
2019-09-26 15:38:54,957 [pool-123-thread-1] INFO  server.RaftServerConfigKeys (ConfUtils.java:logGet(43)) - raft.server.log.statemachine.data.sync.timeout = 10s (default)
2019-09-26 15:38:54,957 [pool-123-thread-1] INFO  server.RaftServerConfigKeys (ConfUtils.java:logGet(43)) - raft.server.log.statemachine.data.sync.timeout.retry = -1 (default)
2019-09-26 15:38:54,957 [pool-123-thread-1] INFO  server.RaftServerConfigKeys (ConfUtils.java:logGet(43)) - raft.server.log.statemachine.data.caching.enabled = true (custom)
2019-09-26 15:38:54,958 [pool-123-thread-1] INFO  segmented.SegmentedRaftLogWorker (SegmentedRaftLogWorker.java:lambda$new$0(132)) - bcb704dc-2543-42a4-8762-cde039a55a99@group-0FE7E57C4B3A-SegmentedRaftLogWorker: flushIndex: setUnconditionally 0 -> -1
2019-09-26 15:38:54,958 [pool-123-thread-1] INFO  server.RaftServerConfigKeys (ConfUtils.java:logGet(43)) - raft.server.snapshot.auto.trigger.enabled = true (custom)
2019-09-26 15:38:54,958 [pool-123-thread-1] INFO  server.RaftServerConfigKeys (ConfUtils.java:logGet(43)) - raft.server.snapshot.auto.trigger.threshold = 10000 (custom)
2019-09-26 15:38:54,958 [pool-123-thread-1] INFO  server.RaftServerConfigKeys (ConfUtils.java:logGet(43)) - raft.server.snapshot.retention.num.files = 5 (custom)
2019-09-26 15:38:54,958 [pool-123-thread-1] INFO  server.RaftServerConfigKeys (ConfUtils.java:logGet(43)) - raft.server.retrycache.expirytime = 600000ms (custom)
2019-09-26 15:38:54,959 [pool-123-thread-1] INFO  impl.RaftServerImpl (RaftServerImpl.java:start(185)) - bcb704dc-2543-42a4-8762-cde039a55a99@group-0FE7E57C4B3A: start as a follower, conf=-1: [bcb704dc-2543-42a4-8762-cde039a55a99:192.168.151.99:43663], old=null
2019-09-26 15:38:54,960 [pool-123-thread-1] INFO  impl.RaftServerImpl (RaftServerImpl.java:setRole(174)) - bcb704dc-2543-42a4-8762-cde039a55a99@group-0FE7E57C4B3A: changes role from      null to FOLLOWER at term 0 for startAsFollower
2019-09-26 15:38:54,960 [pool-123-thread-1] INFO  impl.RoleInfo (RoleInfo.java:updateAndGet(143)) - bcb704dc-2543-42a4-8762-cde039a55a99: start FollowerState
2019-09-26 15:38:54,960 [pool-123-thread-1] INFO  util.JmxRegister (JmxRegister.java:tryRegister(44)) - Successfully registered JMX Bean with object name Ratis:service=RaftServer,group=group-0FE7E57C4B3A,id=bcb704dc-2543-42a4-8762-cde039a55a99
2019-09-26 15:38:54,962 [RatisPipelineUtilsThread] INFO  pipeline.PipelineStateManager (PipelineStateManager.java:addPipeline(56)) - Created pipeline Pipeline[ Id: f93d5cca-1dc3-4db3-97a5-0fe7e57c4b3a, Nodes: bcb704dc-2543-42a4-8762-cde039a55a99{ip: 192.168.151.99, host: pr-hdds-1569-g6sp5-2013761785, networkLocation: /default-rack, certSerialId: null}, Type:RATIS, Factor:ONE, State:OPEN]
2019-09-26 15:38:54,966 [grpc-default-executor-0] INFO  impl.RaftServerProxy (RaftServerProxy.java:addNew(89)) - bcb704dc-2543-42a4-8762-cde039a55a99: addNew group-060CFA80EB3D:[bcb704dc-2543-42a4-8762-cde039a55a99:192.168.151.99:43663] returns group-060CFA80EB3D:java.util.concurrent.CompletableFuture@71ad1ba2[Not completed]
2019-09-26 15:38:54,966 [pool-123-thread-1] INFO  impl.RaftServerImpl (RaftServerImpl.java:<init>(95)) - bcb704dc-2543-42a4-8762-cde039a55a99: new RaftServerImpl for group-060CFA80EB3D:[bcb704dc-2543-42a4-8762-cde039a55a99:192.168.151.99:43663] with ContainerStateMachine:uninitialized
2019-09-26 15:38:54,967 [pool-123-thread-1] INFO  server.RaftServerConfigKeys (ConfUtils.java:logGet(43)) - raft.server.rpc.timeout.min = 5s (custom)
2019-09-26 15:38:54,967 [pool-123-thread-1] INFO  server.RaftServerConfigKeys (ConfUtils.java:logGet(43)) - raft.server.rpc.timeout.max = 5200ms (custom)
2019-09-26 15:38:54,967 [pool-123-thread-1] INFO  server.RaftServerConfigKeys (ConfUtils.java:logGet(43)) - raft.server.rpcslowness.timeout = 120s (custom)
2019-09-26 15:38:54,967 [pool-123-thread-1] INFO  server.RaftServerConfigKeys (ConfUtils.java:logGet(43)) - raft.server.sleep.deviation.threshold = 300 (default)
2019-09-26 15:38:54,967 [pool-123-thread-1] INFO  server.RaftServerConfigKeys (ConfUtils.java:logGet(43)) - raft.server.log.appender.install.snapshot.enabled = false (custom)
2019-09-26 15:38:54,967 [pool-123-thread-1] INFO  impl.RaftServerImpl (ServerState.java:<init>(103)) - bcb704dc-2543-42a4-8762-cde039a55a99@group-060CFA80EB3D: ConfigurationManager, init=-1: [bcb704dc-2543-42a4-8762-cde039a55a99:192.168.151.99:43663], old=null, confs=<EMPTY_MAP>
2019-09-26 15:38:54,967 [pool-123-thread-1] INFO  server.RaftServerConfigKeys (ConfUtils.java:logGet(43)) - raft.server.storage.dir = [/workdir/hadoop-ozone/integration-test/target/test-dir/MiniOzoneClusterImpl-87962e32-e39f-4c57-b747-30c883c1cc54/datanode-0/data/ratis] (custom)
2019-09-26 15:38:54,967 [pool-123-thread-1] INFO  storage.RaftStorageDirectory (RaftStorageDirectory.java:analyzeStorage(246)) - The storage directory /workdir/hadoop-ozone/integration-test/target/test-dir/MiniOzoneClusterImpl-87962e32-e39f-4c57-b747-30c883c1cc54/datanode-0/data/ratis/9edb19c4-d5b6-4711-99a6-060cfa80eb3d does not exist. Creating ...
2019-09-26 15:38:54,980 [pool-123-thread-1] INFO  storage.RaftStorageDirectory (RaftStorageDirectory.java:tryLock(328)) - Lock on /workdir/hadoop-ozone/integration-test/target/test-dir/MiniOzoneClusterImpl-87962e32-e39f-4c57-b747-30c883c1cc54/datanode-0/data/ratis/9edb19c4-d5b6-4711-99a6-060cfa80eb3d/in_use.lock acquired by nodename 10626@pr-hdds-1569-g6sp5-2013761785
2019-09-26 15:38:54,993 [pool-123-thread-1] INFO  storage.RaftStorage (RaftStorage.java:format(72)) - Storage directory /workdir/hadoop-ozone/integration-test/target/test-dir/MiniOzoneClusterImpl-87962e32-e39f-4c57-b747-30c883c1cc54/datanode-0/data/ratis/9edb19c4-d5b6-4711-99a6-060cfa80eb3d has been successfully formatted.
2019-09-26 15:38:54,993 [pool-123-thread-1] INFO  ratis.ContainerStateMachine (ContainerStateMachine.java:loadSnapshot(230)) - group-060CFA80EB3D: The snapshot info is null. Setting the last applied indexto:(t:0, i:~)
2019-09-26 15:38:54,993 [pool-123-thread-1] INFO  server.RaftServerConfigKeys (ConfUtils.java:logGet(43)) - raft.server.notification.no-leader.timeout = 120s (custom)
2019-09-26 15:38:54,993 [pool-123-thread-1] INFO  server.RaftServerConfigKeys (ConfUtils.java:logGet(43)) - raft.server.log.use.memory = false (default)
2019-09-26 15:38:54,993 [pool-123-thread-1] INFO  server.RaftServerConfigKeys (ConfUtils.java:logGet(43)) - raft.server.log.purge.gap = 1000000 (custom)
2019-09-26 15:38:54,994 [pool-123-thread-1] INFO  server.RaftServerConfigKeys (ConfUtils.java:logGet(43)) - raft.server.log.appender.buffer.byte-limit = 33554432 (custom)
2019-09-26 15:38:54,994 [pool-123-thread-1] INFO  server.RaftServerConfigKeys (ConfUtils.java:logGet(43)) - raft.server.log.segment.size.max = 1048576 (custom)
2019-09-26 15:38:54,994 [pool-123-thread-1] INFO  server.RaftServerConfigKeys (ConfUtils.java:logGet(43)) - raft.server.log.segment.cache.num.max = 2 (custom)
2019-09-26 15:38:54,994 [pool-123-thread-1] INFO  segmented.SegmentedRaftLogWorker (SegmentedRaftLogWorker.java:<init>(172)) - new bcb704dc-2543-42a4-8762-cde039a55a99@group-060CFA80EB3D-SegmentedRaftLogWorker for RaftStorage:Storage Directory /workdir/hadoop-ozone/integration-test/target/test-dir/MiniOzoneClusterImpl-87962e32-e39f-4c57-b747-30c883c1cc54/datanode-0/data/ratis/9edb19c4-d5b6-4711-99a6-060cfa80eb3d
2019-09-26 15:38:54,994 [pool-123-thread-1] INFO  server.RaftServerConfigKeys (ConfUtils.java:logGet(43)) - raft.server.log.queue.byte-limit = 2147483647 (custom)
2019-09-26 15:38:54,994 [pool-123-thread-1] INFO  server.RaftServerConfigKeys (ConfUtils.java:logGet(43)) - raft.server.log.queue.element-limit = 1024 (custom)
2019-09-26 15:38:54,994 [pool-123-thread-1] INFO  server.RaftServerConfigKeys (ConfUtils.java:logGet(43)) - raft.server.log.segment.size.max = 1048576 (custom)
2019-09-26 15:38:54,994 [pool-123-thread-1] INFO  server.RaftServerConfigKeys (ConfUtils.java:logGet(43)) - raft.server.log.preallocated.size = 16384 (custom)
2019-09-26 15:38:54,994 [pool-123-thread-1] INFO  server.RaftServerConfigKeys (ConfUtils.java:logGet(43)) - raft.server.log.write.buffer.size = 33554432 (custom)
2019-09-26 15:38:54,994 [pool-123-thread-1] INFO  server.RaftServerConfigKeys (ConfUtils.java:logGet(43)) - raft.server.log.force.sync.num = 128 (default)
2019-09-26 15:38:54,995 [pool-123-thread-1] INFO  server.RaftServerConfigKeys (ConfUtils.java:logGet(43)) - raft.server.log.statemachine.data.sync = true (default)
2019-09-26 15:38:54,995 [pool-123-thread-1] INFO  server.RaftServerConfigKeys (ConfUtils.java:logGet(43)) - raft.server.log.statemachine.data.sync.timeout = 10s (default)
2019-09-26 15:38:54,995 [pool-123-thread-1] INFO  server.RaftServerConfigKeys (ConfUtils.java:logGet(43)) - raft.server.log.statemachine.data.sync.timeout.retry = -1 (default)
2019-09-26 15:38:54,995 [pool-123-thread-1] INFO  server.RaftServerConfigKeys (ConfUtils.java:logGet(43)) - raft.server.log.statemachine.data.caching.enabled = true (custom)
2019-09-26 15:38:54,995 [pool-123-thread-1] INFO  segmented.SegmentedRaftLogWorker (SegmentedRaftLogWorker.java:lambda$new$0(132)) - bcb704dc-2543-42a4-8762-cde039a55a99@group-060CFA80EB3D-SegmentedRaftLogWorker: flushIndex: setUnconditionally 0 -> -1
2019-09-26 15:38:54,995 [pool-123-thread-1] INFO  server.RaftServerConfigKeys (ConfUtils.java:logGet(43)) - raft.server.snapshot.auto.trigger.enabled = true (custom)
2019-09-26 15:38:54,996 [pool-123-thread-1] INFO  server.RaftServerConfigKeys (ConfUtils.java:logGet(43)) - raft.server.snapshot.auto.trigger.threshold = 10000 (custom)
2019-09-26 15:38:54,996 [pool-123-thread-1] INFO  server.RaftServerConfigKeys (ConfUtils.java:logGet(43)) - raft.server.snapshot.retention.num.files = 5 (custom)
2019-09-26 15:38:54,996 [pool-123-thread-1] INFO  server.RaftServerConfigKeys (ConfUtils.java:logGet(43)) - raft.server.retrycache.expirytime = 600000ms (custom)
2019-09-26 15:38:54,997 [pool-123-thread-1] INFO  impl.RaftServerImpl (RaftServerImpl.java:start(185)) - bcb704dc-2543-42a4-8762-cde039a55a99@group-060CFA80EB3D: start as a follower, conf=-1: [bcb704dc-2543-42a4-8762-cde039a55a99:192.168.151.99:43663], old=null
2019-09-26 15:38:54,997 [pool-123-thread-1] INFO  impl.RaftServerImpl (RaftServerImpl.java:setRole(174)) - bcb704dc-2543-42a4-8762-cde039a55a99@group-060CFA80EB3D: changes role from      null to FOLLOWER at term 0 for startAsFollower
2019-09-26 15:38:54,997 [pool-123-thread-1] INFO  impl.RoleInfo (RoleInfo.java:updateAndGet(143)) - bcb704dc-2543-42a4-8762-cde039a55a99: start FollowerState
2019-09-26 15:38:54,997 [pool-123-thread-1] INFO  util.JmxRegister (JmxRegister.java:tryRegister(44)) - Successfully registered JMX Bean with object name Ratis:service=RaftServer,group=group-060CFA80EB3D,id=bcb704dc-2543-42a4-8762-cde039a55a99
2019-09-26 15:38:54,999 [RatisPipelineUtilsThread] INFO  pipeline.PipelineStateManager (PipelineStateManager.java:addPipeline(56)) - Created pipeline Pipeline[ Id: 9edb19c4-d5b6-4711-99a6-060cfa80eb3d, Nodes: bcb704dc-2543-42a4-8762-cde039a55a99{ip: 192.168.151.99, host: pr-hdds-1569-g6sp5-2013761785, networkLocation: /default-rack, certSerialId: null}, Type:RATIS, Factor:ONE, State:OPEN]
2019-09-26 15:38:55,003 [grpc-default-executor-0] INFO  impl.RaftServerProxy (RaftServerProxy.java:addNew(89)) - bcb704dc-2543-42a4-8762-cde039a55a99: addNew group-2B1D777BBAB6:[bcb704dc-2543-42a4-8762-cde039a55a99:192.168.151.99:43663] returns group-2B1D777BBAB6:java.util.concurrent.CompletableFuture@5476aaf4[Not completed]
2019-09-26 15:38:55,003 [pool-123-thread-1] INFO  impl.RaftServerImpl (RaftServerImpl.java:<init>(95)) - bcb704dc-2543-42a4-8762-cde039a55a99: new RaftServerImpl for group-2B1D777BBAB6:[bcb704dc-2543-42a4-8762-cde039a55a99:192.168.151.99:43663] with ContainerStateMachine:uninitialized
2019-09-26 15:38:55,004 [pool-123-thread-1] INFO  server.RaftServerConfigKeys (ConfUtils.java:logGet(43)) - raft.server.rpc.timeout.min = 5s (custom)
2019-09-26 15:38:55,004 [pool-123-thread-1] INFO  server.RaftServerConfigKeys (ConfUtils.java:logGet(43)) - raft.server.rpc.timeout.max = 5200ms (custom)
2019-09-26 15:38:55,004 [pool-123-thread-1] INFO  server.RaftServerConfigKeys (ConfUtils.java:logGet(43)) - raft.server.rpcslowness.timeout = 120s (custom)
2019-09-26 15:38:55,004 [pool-123-thread-1] INFO  server.RaftServerConfigKeys (ConfUtils.java:logGet(43)) - raft.server.sleep.deviation.threshold = 300 (default)
2019-09-26 15:38:55,004 [pool-123-thread-1] INFO  server.RaftServerConfigKeys (ConfUtils.java:logGet(43)) - raft.server.log.appender.install.snapshot.enabled = false (custom)
2019-09-26 15:38:55,004 [pool-123-thread-1] INFO  impl.RaftServerImpl (ServerState.java:<init>(103)) - bcb704dc-2543-42a4-8762-cde039a55a99@group-2B1D777BBAB6: ConfigurationManager, init=-1: [bcb704dc-2543-42a4-8762-cde039a55a99:192.168.151.99:43663], old=null, confs=<EMPTY_MAP>
2019-09-26 15:38:55,004 [pool-123-thread-1] INFO  server.RaftServerConfigKeys (ConfUtils.java:logGet(43)) - raft.server.storage.dir = [/workdir/hadoop-ozone/integration-test/target/test-dir/MiniOzoneClusterImpl-87962e32-e39f-4c57-b747-30c883c1cc54/datanode-0/data/ratis] (custom)
2019-09-26 15:38:55,004 [pool-123-thread-1] INFO  storage.RaftStorageDirectory (RaftStorageDirectory.java:analyzeStorage(246)) - The storage directory /workdir/hadoop-ozone/integration-test/target/test-dir/MiniOzoneClusterImpl-87962e32-e39f-4c57-b747-30c883c1cc54/datanode-0/data/ratis/d996bfb2-3e28-4870-b265-2b1d777bbab6 does not exist. Creating ...
2019-09-26 15:38:55,018 [pool-123-thread-1] INFO  storage.RaftStorageDirectory (RaftStorageDirectory.java:tryLock(328)) - Lock on /workdir/hadoop-ozone/integration-test/target/test-dir/MiniOzoneClusterImpl-87962e32-e39f-4c57-b747-30c883c1cc54/datanode-0/data/ratis/d996bfb2-3e28-4870-b265-2b1d777bbab6/in_use.lock acquired by nodename 10626@pr-hdds-1569-g6sp5-2013761785
2019-09-26 15:38:55,021 [pool-123-thread-1] INFO  storage.RaftStorage (RaftStorage.java:format(72)) - Storage directory /workdir/hadoop-ozone/integration-test/target/test-dir/MiniOzoneClusterImpl-87962e32-e39f-4c57-b747-30c883c1cc54/datanode-0/data/ratis/d996bfb2-3e28-4870-b265-2b1d777bbab6 has been successfully formatted.
2019-09-26 15:38:55,021 [pool-123-thread-1] INFO  ratis.ContainerStateMachine (ContainerStateMachine.java:loadSnapshot(230)) - group-2B1D777BBAB6: The snapshot info is null. Setting the last applied indexto:(t:0, i:~)
2019-09-26 15:38:55,021 [pool-123-thread-1] INFO  server.RaftServerConfigKeys (ConfUtils.java:logGet(43)) - raft.server.notification.no-leader.timeout = 120s (custom)
2019-09-26 15:38:55,021 [pool-123-thread-1] INFO  server.RaftServerConfigKeys (ConfUtils.java:logGet(43)) - raft.server.log.use.memory = false (default)
2019-09-26 15:38:55,021 [pool-123-thread-1] INFO  server.RaftServerConfigKeys (ConfUtils.java:logGet(43)) - raft.server.log.purge.gap = 1000000 (custom)
2019-09-26 15:38:55,022 [pool-123-thread-1] INFO  server.RaftServerConfigKeys (ConfUtils.java:logGet(43)) - raft.server.log.appender.buffer.byte-limit = 33554432 (custom)
2019-09-26 15:38:55,022 [pool-123-thread-1] INFO  server.RaftServerConfigKeys (ConfUtils.java:logGet(43)) - raft.server.log.segment.size.max = 1048576 (custom)
2019-09-26 15:38:55,022 [pool-123-thread-1] INFO  server.RaftServerConfigKeys (ConfUtils.java:logGet(43)) - raft.server.log.segment.cache.num.max = 2 (custom)
2019-09-26 15:38:55,022 [pool-123-thread-1] INFO  segmented.SegmentedRaftLogWorker (SegmentedRaftLogWorker.java:<init>(172)) - new bcb704dc-2543-42a4-8762-cde039a55a99@group-2B1D777BBAB6-SegmentedRaftLogWorker for RaftStorage:Storage Directory /workdir/hadoop-ozone/integration-test/target/test-dir/MiniOzoneClusterImpl-87962e32-e39f-4c57-b747-30c883c1cc54/datanode-0/data/ratis/d996bfb2-3e28-4870-b265-2b1d777bbab6
2019-09-26 15:38:55,022 [pool-123-thread-1] INFO  server.RaftServerConfigKeys (ConfUtils.java:logGet(43)) - raft.server.log.queue.byte-limit = 2147483647 (custom)
2019-09-26 15:38:55,022 [pool-123-thread-1] INFO  server.RaftServerConfigKeys (ConfUtils.java:logGet(43)) - raft.server.log.queue.element-limit = 1024 (custom)
2019-09-26 15:38:55,022 [pool-123-thread-1] INFO  server.RaftServerConfigKeys (ConfUtils.java:logGet(43)) - raft.server.log.segment.size.max = 1048576 (custom)
2019-09-26 15:38:55,022 [pool-123-thread-1] INFO  server.RaftServerConfigKeys (ConfUtils.java:logGet(43)) - raft.server.log.preallocated.size = 16384 (custom)
2019-09-26 15:38:55,022 [pool-123-thread-1] INFO  server.RaftServerConfigKeys (ConfUtils.java:logGet(43)) - raft.server.log.write.buffer.size = 33554432 (custom)
2019-09-26 15:38:55,022 [pool-123-thread-1] INFO  server.RaftServerConfigKeys (ConfUtils.java:logGet(43)) - raft.server.log.force.sync.num = 128 (default)
2019-09-26 15:38:55,022 [pool-123-thread-1] INFO  server.RaftServerConfigKeys (ConfUtils.java:logGet(43)) - raft.server.log.statemachine.data.sync = true (default)
2019-09-26 15:38:55,023 [pool-123-thread-1] INFO  server.RaftServerConfigKeys (ConfUtils.java:logGet(43)) - raft.server.log.statemachine.data.sync.timeout = 10s (default)
2019-09-26 15:38:55,023 [pool-123-thread-1] INFO  server.RaftServerConfigKeys (ConfUtils.java:logGet(43)) - raft.server.log.statemachine.data.sync.timeout.retry = -1 (default)
2019-09-26 15:38:55,023 [pool-123-thread-1] INFO  server.RaftServerConfigKeys (ConfUtils.java:logGet(43)) - raft.server.log.statemachine.data.caching.enabled = true (custom)
2019-09-26 15:38:55,023 [pool-123-thread-1] INFO  segmented.SegmentedRaftLogWorker (SegmentedRaftLogWorker.java:lambda$new$0(132)) - bcb704dc-2543-42a4-8762-cde039a55a99@group-2B1D777BBAB6-SegmentedRaftLogWorker: flushIndex: setUnconditionally 0 -> -1
2019-09-26 15:38:55,023 [pool-123-thread-1] INFO  server.RaftServerConfigKeys (ConfUtils.java:logGet(43)) - raft.server.snapshot.auto.trigger.enabled = true (custom)
2019-09-26 15:38:55,023 [pool-123-thread-1] INFO  server.RaftServerConfigKeys (ConfUtils.java:logGet(43)) - raft.server.snapshot.auto.trigger.threshold = 10000 (custom)
2019-09-26 15:38:55,023 [pool-123-thread-1] INFO  server.RaftServerConfigKeys (ConfUtils.java:logGet(43)) - raft.server.snapshot.retention.num.files = 5 (custom)
2019-09-26 15:38:55,023 [pool-123-thread-1] INFO  server.RaftServerConfigKeys (ConfUtils.java:logGet(43)) - raft.server.retrycache.expirytime = 600000ms (custom)
2019-09-26 15:38:55,024 [pool-123-thread-1] INFO  impl.RaftServerImpl (RaftServerImpl.java:start(185)) - bcb704dc-2543-42a4-8762-cde039a55a99@group-2B1D777BBAB6: start as a follower, conf=-1: [bcb704dc-2543-42a4-8762-cde039a55a99:192.168.151.99:43663], old=null
2019-09-26 15:38:55,024 [pool-123-thread-1] INFO  impl.RaftServerImpl (RaftServerImpl.java:setRole(174)) - bcb704dc-2543-42a4-8762-cde039a55a99@group-2B1D777BBAB6: changes role from      null to FOLLOWER at term 0 for startAsFollower
2019-09-26 15:38:55,025 [pool-123-thread-1] INFO  impl.RoleInfo (RoleInfo.java:updateAndGet(143)) - bcb704dc-2543-42a4-8762-cde039a55a99: start FollowerState
2019-09-26 15:38:55,025 [pool-123-thread-1] INFO  util.JmxRegister (JmxRegister.java:tryRegister(44)) - Successfully registered JMX Bean with object name Ratis:service=RaftServer,group=group-2B1D777BBAB6,id=bcb704dc-2543-42a4-8762-cde039a55a99
2019-09-26 15:38:55,027 [RatisPipelineUtilsThread] INFO  pipeline.PipelineStateManager (PipelineStateManager.java:addPipeline(56)) - Created pipeline Pipeline[ Id: d996bfb2-3e28-4870-b265-2b1d777bbab6, Nodes: bcb704dc-2543-42a4-8762-cde039a55a99{ip: 192.168.151.99, host: pr-hdds-1569-g6sp5-2013761785, networkLocation: /default-rack, certSerialId: null}, Type:RATIS, Factor:ONE, State:OPEN]
2019-09-26 15:38:55,030 [grpc-default-executor-0] INFO  impl.RaftServerProxy (RaftServerProxy.java:addNew(89)) - bcb704dc-2543-42a4-8762-cde039a55a99: addNew group-0C622849D783:[bcb704dc-2543-42a4-8762-cde039a55a99:192.168.151.99:43663] returns group-0C622849D783:java.util.concurrent.CompletableFuture@150d69cb[Not completed]
2019-09-26 15:38:55,030 [pool-123-thread-1] INFO  impl.RaftServerImpl (RaftServerImpl.java:<init>(95)) - bcb704dc-2543-42a4-8762-cde039a55a99: new RaftServerImpl for group-0C622849D783:[bcb704dc-2543-42a4-8762-cde039a55a99:192.168.151.99:43663] with ContainerStateMachine:uninitialized
2019-09-26 15:38:55,031 [pool-123-thread-1] INFO  server.RaftServerConfigKeys (ConfUtils.java:logGet(43)) - raft.server.rpc.timeout.min = 5s (custom)
2019-09-26 15:38:55,031 [pool-123-thread-1] INFO  server.RaftServerConfigKeys (ConfUtils.java:logGet(43)) - raft.server.rpc.timeout.max = 5200ms (custom)
2019-09-26 15:38:55,031 [pool-123-thread-1] INFO  server.RaftServerConfigKeys (ConfUtils.java:logGet(43)) - raft.server.rpcslowness.timeout = 120s (custom)
2019-09-26 15:38:55,031 [pool-123-thread-1] INFO  server.RaftServerConfigKeys (ConfUtils.java:logGet(43)) - raft.server.sleep.deviation.threshold = 300 (default)
2019-09-26 15:38:55,031 [pool-123-thread-1] INFO  server.RaftServerConfigKeys (ConfUtils.java:logGet(43)) - raft.server.log.appender.install.snapshot.enabled = false (custom)
2019-09-26 15:38:55,031 [pool-123-thread-1] INFO  impl.RaftServerImpl (ServerState.java:<init>(103)) - bcb704dc-2543-42a4-8762-cde039a55a99@group-0C622849D783: ConfigurationManager, init=-1: [bcb704dc-2543-42a4-8762-cde039a55a99:192.168.151.99:43663], old=null, confs=<EMPTY_MAP>
2019-09-26 15:38:55,031 [pool-123-thread-1] INFO  server.RaftServerConfigKeys (ConfUtils.java:logGet(43)) - raft.server.storage.dir = [/workdir/hadoop-ozone/integration-test/target/test-dir/MiniOzoneClusterImpl-87962e32-e39f-4c57-b747-30c883c1cc54/datanode-0/data/ratis] (custom)
2019-09-26 15:38:55,031 [pool-123-thread-1] INFO  storage.RaftStorageDirectory (RaftStorageDirectory.java:analyzeStorage(246)) - The storage directory /workdir/hadoop-ozone/integration-test/target/test-dir/MiniOzoneClusterImpl-87962e32-e39f-4c57-b747-30c883c1cc54/datanode-0/data/ratis/14284c7b-e55d-4d76-be1e-0c622849d783 does not exist. Creating ...
2019-09-26 15:38:55,035 [pool-123-thread-1] INFO  storage.RaftStorageDirectory (RaftStorageDirectory.java:tryLock(328)) - Lock on /workdir/hadoop-ozone/integration-test/target/test-dir/MiniOzoneClusterImpl-87962e32-e39f-4c57-b747-30c883c1cc54/datanode-0/data/ratis/14284c7b-e55d-4d76-be1e-0c622849d783/in_use.lock acquired by nodename 10626@pr-hdds-1569-g6sp5-2013761785
2019-09-26 15:38:55,038 [pool-123-thread-1] INFO  storage.RaftStorage (RaftStorage.java:format(72)) - Storage directory /workdir/hadoop-ozone/integration-test/target/test-dir/MiniOzoneClusterImpl-87962e32-e39f-4c57-b747-30c883c1cc54/datanode-0/data/ratis/14284c7b-e55d-4d76-be1e-0c622849d783 has been successfully formatted.
2019-09-26 15:38:55,038 [pool-123-thread-1] INFO  ratis.ContainerStateMachine (ContainerStateMachine.java:loadSnapshot(230)) - group-0C622849D783: The snapshot info is null. Setting the last applied indexto:(t:0, i:~)
2019-09-26 15:38:55,038 [pool-123-thread-1] INFO  server.RaftServerConfigKeys (ConfUtils.java:logGet(43)) - raft.server.notification.no-leader.timeout = 120s (custom)
2019-09-26 15:38:55,038 [pool-123-thread-1] INFO  server.RaftServerConfigKeys (ConfUtils.java:logGet(43)) - raft.server.log.use.memory = false (default)
2019-09-26 15:38:55,038 [pool-123-thread-1] INFO  server.RaftServerConfigKeys (ConfUtils.java:logGet(43)) - raft.server.log.purge.gap = 1000000 (custom)
2019-09-26 15:38:55,038 [pool-123-thread-1] INFO  server.RaftServerConfigKeys (ConfUtils.java:logGet(43)) - raft.server.log.appender.buffer.byte-limit = 33554432 (custom)
2019-09-26 15:38:55,039 [pool-123-thread-1] INFO  server.RaftServerConfigKeys (ConfUtils.java:logGet(43)) - raft.server.log.segment.size.max = 1048576 (custom)
2019-09-26 15:38:55,039 [pool-123-thread-1] INFO  server.RaftServerConfigKeys (ConfUtils.java:logGet(43)) - raft.server.log.segment.cache.num.max = 2 (custom)
2019-09-26 15:38:55,039 [pool-123-thread-1] INFO  segmented.SegmentedRaftLogWorker (SegmentedRaftLogWorker.java:<init>(172)) - new bcb704dc-2543-42a4-8762-cde039a55a99@group-0C622849D783-SegmentedRaftLogWorker for RaftStorage:Storage Directory /workdir/hadoop-ozone/integration-test/target/test-dir/MiniOzoneClusterImpl-87962e32-e39f-4c57-b747-30c883c1cc54/datanode-0/data/ratis/14284c7b-e55d-4d76-be1e-0c622849d783
2019-09-26 15:38:55,039 [pool-123-thread-1] INFO  server.RaftServerConfigKeys (ConfUtils.java:logGet(43)) - raft.server.log.queue.byte-limit = 2147483647 (custom)
2019-09-26 15:38:55,039 [pool-123-thread-1] INFO  server.RaftServerConfigKeys (ConfUtils.java:logGet(43)) - raft.server.log.queue.element-limit = 1024 (custom)
2019-09-26 15:38:55,039 [pool-123-thread-1] INFO  server.RaftServerConfigKeys (ConfUtils.java:logGet(43)) - raft.server.log.segment.size.max = 1048576 (custom)
2019-09-26 15:38:55,039 [pool-123-thread-1] INFO  server.RaftServerConfigKeys (ConfUtils.java:logGet(43)) - raft.server.log.preallocated.size = 16384 (custom)
2019-09-26 15:38:55,039 [pool-123-thread-1] INFO  server.RaftServerConfigKeys (ConfUtils.java:logGet(43)) - raft.server.log.write.buffer.size = 33554432 (custom)
2019-09-26 15:38:55,039 [pool-123-thread-1] INFO  server.RaftServerConfigKeys (ConfUtils.java:logGet(43)) - raft.server.log.force.sync.num = 128 (default)
2019-09-26 15:38:55,039 [pool-123-thread-1] INFO  server.RaftServerConfigKeys (ConfUtils.java:logGet(43)) - raft.server.log.statemachine.data.sync = true (default)
2019-09-26 15:38:55,039 [pool-123-thread-1] INFO  server.RaftServerConfigKeys (ConfUtils.java:logGet(43)) - raft.server.log.statemachine.data.sync.timeout = 10s (default)
2019-09-26 15:38:55,039 [pool-123-thread-1] INFO  server.RaftServerConfigKeys (ConfUtils.java:logGet(43)) - raft.server.log.statemachine.data.sync.timeout.retry = -1 (default)
2019-09-26 15:38:55,040 [pool-123-thread-1] INFO  server.RaftServerConfigKeys (ConfUtils.java:logGet(43)) - raft.server.log.statemachine.data.caching.enabled = true (custom)
2019-09-26 15:38:55,040 [pool-123-thread-1] INFO  segmented.SegmentedRaftLogWorker (SegmentedRaftLogWorker.java:lambda$new$0(132)) - bcb704dc-2543-42a4-8762-cde039a55a99@group-0C622849D783-SegmentedRaftLogWorker: flushIndex: setUnconditionally 0 -> -1
2019-09-26 15:38:55,040 [pool-123-thread-1] INFO  server.RaftServerConfigKeys (ConfUtils.java:logGet(43)) - raft.server.snapshot.auto.trigger.enabled = true (custom)
2019-09-26 15:38:55,040 [pool-123-thread-1] INFO  server.RaftServerConfigKeys (ConfUtils.java:logGet(43)) - raft.server.snapshot.auto.trigger.threshold = 10000 (custom)
2019-09-26 15:38:55,040 [pool-123-thread-1] INFO  server.RaftServerConfigKeys (ConfUtils.java:logGet(43)) - raft.server.snapshot.retention.num.files = 5 (custom)
2019-09-26 15:38:55,040 [pool-123-thread-1] INFO  server.RaftServerConfigKeys (ConfUtils.java:logGet(43)) - raft.server.retrycache.expirytime = 600000ms (custom)
2019-09-26 15:38:55,041 [pool-123-thread-1] INFO  impl.RaftServerImpl (RaftServerImpl.java:start(185)) - bcb704dc-2543-42a4-8762-cde039a55a99@group-0C622849D783: start as a follower, conf=-1: [bcb704dc-2543-42a4-8762-cde039a55a99:192.168.151.99:43663], old=null
2019-09-26 15:38:55,041 [pool-123-thread-1] INFO  impl.RaftServerImpl (RaftServerImpl.java:setRole(174)) - bcb704dc-2543-42a4-8762-cde039a55a99@group-0C622849D783: changes role from      null to FOLLOWER at term 0 for startAsFollower
2019-09-26 15:38:55,041 [pool-123-thread-1] INFO  impl.RoleInfo (RoleInfo.java:updateAndGet(143)) - bcb704dc-2543-42a4-8762-cde039a55a99: start FollowerState
2019-09-26 15:38:55,042 [pool-123-thread-1] INFO  util.JmxRegister (JmxRegister.java:tryRegister(44)) - Successfully registered JMX Bean with object name Ratis:service=RaftServer,group=group-0C622849D783,id=bcb704dc-2543-42a4-8762-cde039a55a99
2019-09-26 15:38:55,043 [RatisPipelineUtilsThread] INFO  pipeline.PipelineStateManager (PipelineStateManager.java:addPipeline(56)) - Created pipeline Pipeline[ Id: 14284c7b-e55d-4d76-be1e-0c622849d783, Nodes: bcb704dc-2543-42a4-8762-cde039a55a99{ip: 192.168.151.99, host: pr-hdds-1569-g6sp5-2013761785, networkLocation: /default-rack, certSerialId: null}, Type:RATIS, Factor:ONE, State:OPEN]
2019-09-26 15:38:55,046 [grpc-default-executor-0] INFO  impl.RaftServerProxy (RaftServerProxy.java:addNew(89)) - bcb704dc-2543-42a4-8762-cde039a55a99: addNew group-2A76C58BF3BB:[bcb704dc-2543-42a4-8762-cde039a55a99:192.168.151.99:43663] returns group-2A76C58BF3BB:java.util.concurrent.CompletableFuture@12e92109[Not completed]
2019-09-26 15:38:55,047 [pool-123-thread-1] INFO  impl.RaftServerImpl (RaftServerImpl.java:<init>(95)) - bcb704dc-2543-42a4-8762-cde039a55a99: new RaftServerImpl for group-2A76C58BF3BB:[bcb704dc-2543-42a4-8762-cde039a55a99:192.168.151.99:43663] with ContainerStateMachine:uninitialized
2019-09-26 15:38:55,047 [pool-123-thread-1] INFO  server.RaftServerConfigKeys (ConfUtils.java:logGet(43)) - raft.server.rpc.timeout.min = 5s (custom)
2019-09-26 15:38:55,047 [pool-123-thread-1] INFO  server.RaftServerConfigKeys (ConfUtils.java:logGet(43)) - raft.server.rpc.timeout.max = 5200ms (custom)
2019-09-26 15:38:55,047 [pool-123-thread-1] INFO  server.RaftServerConfigKeys (ConfUtils.java:logGet(43)) - raft.server.rpcslowness.timeout = 120s (custom)
2019-09-26 15:38:55,047 [pool-123-thread-1] INFO  server.RaftServerConfigKeys (ConfUtils.java:logGet(43)) - raft.server.sleep.deviation.threshold = 300 (default)
2019-09-26 15:38:55,047 [pool-123-thread-1] INFO  server.RaftServerConfigKeys (ConfUtils.java:logGet(43)) - raft.server.log.appender.install.snapshot.enabled = false (custom)
2019-09-26 15:38:55,047 [pool-123-thread-1] INFO  impl.RaftServerImpl (ServerState.java:<init>(103)) - bcb704dc-2543-42a4-8762-cde039a55a99@group-2A76C58BF3BB: ConfigurationManager, init=-1: [bcb704dc-2543-42a4-8762-cde039a55a99:192.168.151.99:43663], old=null, confs=<EMPTY_MAP>
2019-09-26 15:38:55,047 [pool-123-thread-1] INFO  server.RaftServerConfigKeys (ConfUtils.java:logGet(43)) - raft.server.storage.dir = [/workdir/hadoop-ozone/integration-test/target/test-dir/MiniOzoneClusterImpl-87962e32-e39f-4c57-b747-30c883c1cc54/datanode-0/data/ratis] (custom)
2019-09-26 15:38:55,048 [pool-123-thread-1] INFO  storage.RaftStorageDirectory (RaftStorageDirectory.java:analyzeStorage(246)) - The storage directory /workdir/hadoop-ozone/integration-test/target/test-dir/MiniOzoneClusterImpl-87962e32-e39f-4c57-b747-30c883c1cc54/datanode-0/data/ratis/496aaaee-67db-4d65-a94c-2a76c58bf3bb does not exist. Creating ...
2019-09-26 15:38:55,082 [pool-123-thread-1] INFO  storage.RaftStorageDirectory (RaftStorageDirectory.java:tryLock(328)) - Lock on /workdir/hadoop-ozone/integration-test/target/test-dir/MiniOzoneClusterImpl-87962e32-e39f-4c57-b747-30c883c1cc54/datanode-0/data/ratis/496aaaee-67db-4d65-a94c-2a76c58bf3bb/in_use.lock acquired by nodename 10626@pr-hdds-1569-g6sp5-2013761785
2019-09-26 15:38:55,095 [pool-123-thread-1] INFO  storage.RaftStorage (RaftStorage.java:format(72)) - Storage directory /workdir/hadoop-ozone/integration-test/target/test-dir/MiniOzoneClusterImpl-87962e32-e39f-4c57-b747-30c883c1cc54/datanode-0/data/ratis/496aaaee-67db-4d65-a94c-2a76c58bf3bb has been successfully formatted.
2019-09-26 15:38:55,096 [pool-123-thread-1] INFO  ratis.ContainerStateMachine (ContainerStateMachine.java:loadSnapshot(230)) - group-2A76C58BF3BB: The snapshot info is null. Setting the last applied indexto:(t:0, i:~)
2019-09-26 15:38:55,096 [pool-123-thread-1] INFO  server.RaftServerConfigKeys (ConfUtils.java:logGet(43)) - raft.server.notification.no-leader.timeout = 120s (custom)
2019-09-26 15:38:55,096 [pool-123-thread-1] INFO  server.RaftServerConfigKeys (ConfUtils.java:logGet(43)) - raft.server.log.use.memory = false (default)
2019-09-26 15:38:55,096 [pool-123-thread-1] INFO  server.RaftServerConfigKeys (ConfUtils.java:logGet(43)) - raft.server.log.purge.gap = 1000000 (custom)
2019-09-26 15:38:55,096 [pool-123-thread-1] INFO  server.RaftServerConfigKeys (ConfUtils.java:logGet(43)) - raft.server.log.appender.buffer.byte-limit = 33554432 (custom)
2019-09-26 15:38:55,096 [pool-123-thread-1] INFO  server.RaftServerConfigKeys (ConfUtils.java:logGet(43)) - raft.server.log.segment.size.max = 1048576 (custom)
2019-09-26 15:38:55,096 [pool-123-thread-1] INFO  server.RaftServerConfigKeys (ConfUtils.java:logGet(43)) - raft.server.log.segment.cache.num.max = 2 (custom)
2019-09-26 15:38:55,096 [pool-123-thread-1] INFO  segmented.SegmentedRaftLogWorker (SegmentedRaftLogWorker.java:<init>(172)) - new bcb704dc-2543-42a4-8762-cde039a55a99@group-2A76C58BF3BB-SegmentedRaftLogWorker for RaftStorage:Storage Directory /workdir/hadoop-ozone/integration-test/target/test-dir/MiniOzoneClusterImpl-87962e32-e39f-4c57-b747-30c883c1cc54/datanode-0/data/ratis/496aaaee-67db-4d65-a94c-2a76c58bf3bb
2019-09-26 15:38:55,096 [pool-123-thread-1] INFO  server.RaftServerConfigKeys (ConfUtils.java:logGet(43)) - raft.server.log.queue.byte-limit = 2147483647 (custom)
2019-09-26 15:38:55,096 [pool-123-thread-1] INFO  server.RaftServerConfigKeys (ConfUtils.java:logGet(43)) - raft.server.log.queue.element-limit = 1024 (custom)
2019-09-26 15:38:55,096 [pool-123-thread-1] INFO  server.RaftServerConfigKeys (ConfUtils.java:logGet(43)) - raft.server.log.segment.size.max = 1048576 (custom)
2019-09-26 15:38:55,096 [pool-123-thread-1] INFO  server.RaftServerConfigKeys (ConfUtils.java:logGet(43)) - raft.server.log.preallocated.size = 16384 (custom)
2019-09-26 15:38:55,097 [pool-123-thread-1] INFO  server.RaftServerConfigKeys (ConfUtils.java:logGet(43)) - raft.server.log.write.buffer.size = 33554432 (custom)
2019-09-26 15:38:55,097 [pool-123-thread-1] INFO  server.RaftServerConfigKeys (ConfUtils.java:logGet(43)) - raft.server.log.force.sync.num = 128 (default)
2019-09-26 15:38:55,097 [pool-123-thread-1] INFO  server.RaftServerConfigKeys (ConfUtils.java:logGet(43)) - raft.server.log.statemachine.data.sync = true (default)
2019-09-26 15:38:55,097 [pool-123-thread-1] INFO  server.RaftServerConfigKeys (ConfUtils.java:logGet(43)) - raft.server.log.statemachine.data.sync.timeout = 10s (default)
2019-09-26 15:38:55,097 [pool-123-thread-1] INFO  server.RaftServerConfigKeys (ConfUtils.java:logGet(43)) - raft.server.log.statemachine.data.sync.timeout.retry = -1 (default)
2019-09-26 15:38:55,097 [pool-123-thread-1] INFO  server.RaftServerConfigKeys (ConfUtils.java:logGet(43)) - raft.server.log.statemachine.data.caching.enabled = true (custom)
2019-09-26 15:38:55,097 [pool-123-thread-1] INFO  segmented.SegmentedRaftLogWorker (SegmentedRaftLogWorker.java:lambda$new$0(132)) - bcb704dc-2543-42a4-8762-cde039a55a99@group-2A76C58BF3BB-SegmentedRaftLogWorker: flushIndex: setUnconditionally 0 -> -1
2019-09-26 15:38:55,097 [pool-123-thread-1] INFO  server.RaftServerConfigKeys (ConfUtils.java:logGet(43)) - raft.server.snapshot.auto.trigger.enabled = true (custom)
2019-09-26 15:38:55,097 [pool-123-thread-1] INFO  server.RaftServerConfigKeys (ConfUtils.java:logGet(43)) - raft.server.snapshot.auto.trigger.threshold = 10000 (custom)
2019-09-26 15:38:55,098 [pool-123-thread-1] INFO  server.RaftServerConfigKeys (ConfUtils.java:logGet(43)) - raft.server.snapshot.retention.num.files = 5 (custom)
2019-09-26 15:38:55,098 [pool-123-thread-1] INFO  server.RaftServerConfigKeys (ConfUtils.java:logGet(43)) - raft.server.retrycache.expirytime = 600000ms (custom)
2019-09-26 15:38:55,099 [pool-123-thread-1] INFO  impl.RaftServerImpl (RaftServerImpl.java:start(185)) - bcb704dc-2543-42a4-8762-cde039a55a99@group-2A76C58BF3BB: start as a follower, conf=-1: [bcb704dc-2543-42a4-8762-cde039a55a99:192.168.151.99:43663], old=null
2019-09-26 15:38:55,099 [pool-123-thread-1] INFO  impl.RaftServerImpl (RaftServerImpl.java:setRole(174)) - bcb704dc-2543-42a4-8762-cde039a55a99@group-2A76C58BF3BB: changes role from      null to FOLLOWER at term 0 for startAsFollower
2019-09-26 15:38:55,099 [pool-123-thread-1] INFO  impl.RoleInfo (RoleInfo.java:updateAndGet(143)) - bcb704dc-2543-42a4-8762-cde039a55a99: start FollowerState
2019-09-26 15:38:55,099 [pool-123-thread-1] INFO  util.JmxRegister (JmxRegister.java:tryRegister(44)) - Successfully registered JMX Bean with object name Ratis:service=RaftServer,group=group-2A76C58BF3BB,id=bcb704dc-2543-42a4-8762-cde039a55a99
2019-09-26 15:38:55,101 [RatisPipelineUtilsThread] INFO  pipeline.PipelineStateManager (PipelineStateManager.java:addPipeline(56)) - Created pipeline Pipeline[ Id: 496aaaee-67db-4d65-a94c-2a76c58bf3bb, Nodes: bcb704dc-2543-42a4-8762-cde039a55a99{ip: 192.168.151.99, host: pr-hdds-1569-g6sp5-2013761785, networkLocation: /default-rack, certSerialId: null}, Type:RATIS, Factor:ONE, State:OPEN]
2019-09-26 15:38:55,105 [grpc-default-executor-0] INFO  impl.RaftServerProxy (RaftServerProxy.java:addNew(89)) - bcb704dc-2543-42a4-8762-cde039a55a99: addNew group-F3619DED638C:[bcb704dc-2543-42a4-8762-cde039a55a99:192.168.151.99:43663] returns group-F3619DED638C:java.util.concurrent.CompletableFuture@40834e74[Not completed]
2019-09-26 15:38:55,105 [pool-123-thread-1] INFO  impl.RaftServerImpl (RaftServerImpl.java:<init>(95)) - bcb704dc-2543-42a4-8762-cde039a55a99: new RaftServerImpl for group-F3619DED638C:[bcb704dc-2543-42a4-8762-cde039a55a99:192.168.151.99:43663] with ContainerStateMachine:uninitialized
2019-09-26 15:38:55,105 [pool-123-thread-1] INFO  server.RaftServerConfigKeys (ConfUtils.java:logGet(43)) - raft.server.rpc.timeout.min = 5s (custom)
2019-09-26 15:38:55,105 [pool-123-thread-1] INFO  server.RaftServerConfigKeys (ConfUtils.java:logGet(43)) - raft.server.rpc.timeout.max = 5200ms (custom)
2019-09-26 15:38:55,105 [pool-123-thread-1] INFO  server.RaftServerConfigKeys (ConfUtils.java:logGet(43)) - raft.server.rpcslowness.timeout = 120s (custom)
2019-09-26 15:38:55,105 [pool-123-thread-1] INFO  server.RaftServerConfigKeys (ConfUtils.java:logGet(43)) - raft.server.sleep.deviation.threshold = 300 (default)
2019-09-26 15:38:55,105 [pool-123-thread-1] INFO  server.RaftServerConfigKeys (ConfUtils.java:logGet(43)) - raft.server.log.appender.install.snapshot.enabled = false (custom)
2019-09-26 15:38:55,106 [pool-123-thread-1] INFO  impl.RaftServerImpl (ServerState.java:<init>(103)) - bcb704dc-2543-42a4-8762-cde039a55a99@group-F3619DED638C: ConfigurationManager, init=-1: [bcb704dc-2543-42a4-8762-cde039a55a99:192.168.151.99:43663], old=null, confs=<EMPTY_MAP>
2019-09-26 15:38:55,106 [pool-123-thread-1] INFO  server.RaftServerConfigKeys (ConfUtils.java:logGet(43)) - raft.server.storage.dir = [/workdir/hadoop-ozone/integration-test/target/test-dir/MiniOzoneClusterImpl-87962e32-e39f-4c57-b747-30c883c1cc54/datanode-0/data/ratis] (custom)
2019-09-26 15:38:55,106 [pool-123-thread-1] INFO  storage.RaftStorageDirectory (RaftStorageDirectory.java:analyzeStorage(246)) - The storage directory /workdir/hadoop-ozone/integration-test/target/test-dir/MiniOzoneClusterImpl-87962e32-e39f-4c57-b747-30c883c1cc54/datanode-0/data/ratis/52d846e2-f5a5-479a-9367-f3619ded638c does not exist. Creating ...
2019-09-26 15:38:55,113 [pool-123-thread-1] INFO  storage.RaftStorageDirectory (RaftStorageDirectory.java:tryLock(328)) - Lock on /workdir/hadoop-ozone/integration-test/target/test-dir/MiniOzoneClusterImpl-87962e32-e39f-4c57-b747-30c883c1cc54/datanode-0/data/ratis/52d846e2-f5a5-479a-9367-f3619ded638c/in_use.lock acquired by nodename 10626@pr-hdds-1569-g6sp5-2013761785
2019-09-26 15:38:55,126 [pool-123-thread-1] INFO  storage.RaftStorage (RaftStorage.java:format(72)) - Storage directory /workdir/hadoop-ozone/integration-test/target/test-dir/MiniOzoneClusterImpl-87962e32-e39f-4c57-b747-30c883c1cc54/datanode-0/data/ratis/52d846e2-f5a5-479a-9367-f3619ded638c has been successfully formatted.
2019-09-26 15:38:55,126 [pool-123-thread-1] INFO  ratis.ContainerStateMachine (ContainerStateMachine.java:loadSnapshot(230)) - group-F3619DED638C: The snapshot info is null. Setting the last applied indexto:(t:0, i:~)
2019-09-26 15:38:55,126 [pool-123-thread-1] INFO  server.RaftServerConfigKeys (ConfUtils.java:logGet(43)) - raft.server.notification.no-leader.timeout = 120s (custom)
2019-09-26 15:38:55,127 [pool-123-thread-1] INFO  server.RaftServerConfigKeys (ConfUtils.java:logGet(43)) - raft.server.log.use.memory = false (default)
2019-09-26 15:38:55,127 [pool-123-thread-1] INFO  server.RaftServerConfigKeys (ConfUtils.java:logGet(43)) - raft.server.log.purge.gap = 1000000 (custom)
2019-09-26 15:38:55,127 [pool-123-thread-1] INFO  server.RaftServerConfigKeys (ConfUtils.java:logGet(43)) - raft.server.log.appender.buffer.byte-limit = 33554432 (custom)
2019-09-26 15:38:55,127 [pool-123-thread-1] INFO  server.RaftServerConfigKeys (ConfUtils.java:logGet(43)) - raft.server.log.segment.size.max = 1048576 (custom)
2019-09-26 15:38:55,127 [pool-123-thread-1] INFO  server.RaftServerConfigKeys (ConfUtils.java:logGet(43)) - raft.server.log.segment.cache.num.max = 2 (custom)
2019-09-26 15:38:55,127 [pool-123-thread-1] INFO  segmented.SegmentedRaftLogWorker (SegmentedRaftLogWorker.java:<init>(172)) - new bcb704dc-2543-42a4-8762-cde039a55a99@group-F3619DED638C-SegmentedRaftLogWorker for RaftStorage:Storage Directory /workdir/hadoop-ozone/integration-test/target/test-dir/MiniOzoneClusterImpl-87962e32-e39f-4c57-b747-30c883c1cc54/datanode-0/data/ratis/52d846e2-f5a5-479a-9367-f3619ded638c
2019-09-26 15:38:55,127 [pool-123-thread-1] INFO  server.RaftServerConfigKeys (ConfUtils.java:logGet(43)) - raft.server.log.queue.byte-limit = 2147483647 (custom)
2019-09-26 15:38:55,127 [pool-123-thread-1] INFO  server.RaftServerConfigKeys (ConfUtils.java:logGet(43)) - raft.server.log.queue.element-limit = 1024 (custom)
2019-09-26 15:38:55,127 [pool-123-thread-1] INFO  server.RaftServerConfigKeys (ConfUtils.java:logGet(43)) - raft.server.log.segment.size.max = 1048576 (custom)
2019-09-26 15:38:55,127 [pool-123-thread-1] INFO  server.RaftServerConfigKeys (ConfUtils.java:logGet(43)) - raft.server.log.preallocated.size = 16384 (custom)
2019-09-26 15:38:55,128 [pool-123-thread-1] INFO  server.RaftServerConfigKeys (ConfUtils.java:logGet(43)) - raft.server.log.write.buffer.size = 33554432 (custom)
2019-09-26 15:38:55,128 [pool-123-thread-1] INFO  server.RaftServerConfigKeys (ConfUtils.java:logGet(43)) - raft.server.log.force.sync.num = 128 (default)
2019-09-26 15:38:55,128 [pool-123-thread-1] INFO  server.RaftServerConfigKeys (ConfUtils.java:logGet(43)) - raft.server.log.statemachine.data.sync = true (default)
2019-09-26 15:38:55,128 [pool-123-thread-1] INFO  server.RaftServerConfigKeys (ConfUtils.java:logGet(43)) - raft.server.log.statemachine.data.sync.timeout = 10s (default)
2019-09-26 15:38:55,128 [pool-123-thread-1] INFO  server.RaftServerConfigKeys (ConfUtils.java:logGet(43)) - raft.server.log.statemachine.data.sync.timeout.retry = -1 (default)
2019-09-26 15:38:55,128 [pool-123-thread-1] INFO  server.RaftServerConfigKeys (ConfUtils.java:logGet(43)) - raft.server.log.statemachine.data.caching.enabled = true (custom)
2019-09-26 15:38:55,128 [pool-123-thread-1] INFO  segmented.SegmentedRaftLogWorker (SegmentedRaftLogWorker.java:lambda$new$0(132)) - bcb704dc-2543-42a4-8762-cde039a55a99@group-F3619DED638C-SegmentedRaftLogWorker: flushIndex: setUnconditionally 0 -> -1
2019-09-26 15:38:55,129 [pool-123-thread-1] INFO  server.RaftServerConfigKeys (ConfUtils.java:logGet(43)) - raft.server.snapshot.auto.trigger.enabled = true (custom)
2019-09-26 15:38:55,129 [pool-123-thread-1] INFO  server.RaftServerConfigKeys (ConfUtils.java:logGet(43)) - raft.server.snapshot.auto.trigger.threshold = 10000 (custom)
2019-09-26 15:38:55,129 [pool-123-thread-1] INFO  server.RaftServerConfigKeys (ConfUtils.java:logGet(43)) - raft.server.snapshot.retention.num.files = 5 (custom)
2019-09-26 15:38:55,129 [pool-123-thread-1] INFO  server.RaftServerConfigKeys (ConfUtils.java:logGet(43)) - raft.server.retrycache.expirytime = 600000ms (custom)
2019-09-26 15:38:55,130 [pool-123-thread-1] INFO  impl.RaftServerImpl (RaftServerImpl.java:start(185)) - bcb704dc-2543-42a4-8762-cde039a55a99@group-F3619DED638C: start as a follower, conf=-1: [bcb704dc-2543-42a4-8762-cde039a55a99:192.168.151.99:43663], old=null
2019-09-26 15:38:55,130 [pool-123-thread-1] INFO  impl.RaftServerImpl (RaftServerImpl.java:setRole(174)) - bcb704dc-2543-42a4-8762-cde039a55a99@group-F3619DED638C: changes role from      null to FOLLOWER at term 0 for startAsFollower
2019-09-26 15:38:55,130 [pool-123-thread-1] INFO  impl.RoleInfo (RoleInfo.java:updateAndGet(143)) - bcb704dc-2543-42a4-8762-cde039a55a99: start FollowerState
2019-09-26 15:38:55,131 [pool-123-thread-1] INFO  util.JmxRegister (JmxRegister.java:tryRegister(44)) - Successfully registered JMX Bean with object name Ratis:service=RaftServer,group=group-F3619DED638C,id=bcb704dc-2543-42a4-8762-cde039a55a99
2019-09-26 15:38:55,133 [RatisPipelineUtilsThread] INFO  pipeline.PipelineStateManager (PipelineStateManager.java:addPipeline(56)) - Created pipeline Pipeline[ Id: 52d846e2-f5a5-479a-9367-f3619ded638c, Nodes: bcb704dc-2543-42a4-8762-cde039a55a99{ip: 192.168.151.99, host: pr-hdds-1569-g6sp5-2013761785, networkLocation: /default-rack, certSerialId: null}, Type:RATIS, Factor:ONE, State:OPEN]
2019-09-26 15:38:55,136 [grpc-default-executor-0] INFO  impl.RaftServerProxy (RaftServerProxy.java:addNew(89)) - bcb704dc-2543-42a4-8762-cde039a55a99: addNew group-E7FACA1FBA8B:[bcb704dc-2543-42a4-8762-cde039a55a99:192.168.151.99:43663] returns group-E7FACA1FBA8B:java.util.concurrent.CompletableFuture@200fd864[Not completed]
2019-09-26 15:38:55,137 [pool-123-thread-1] INFO  impl.RaftServerImpl (RaftServerImpl.java:<init>(95)) - bcb704dc-2543-42a4-8762-cde039a55a99: new RaftServerImpl for group-E7FACA1FBA8B:[bcb704dc-2543-42a4-8762-cde039a55a99:192.168.151.99:43663] with ContainerStateMachine:uninitialized
2019-09-26 15:38:55,137 [pool-123-thread-1] INFO  server.RaftServerConfigKeys (ConfUtils.java:logGet(43)) - raft.server.rpc.timeout.min = 5s (custom)
2019-09-26 15:38:55,137 [pool-123-thread-1] INFO  server.RaftServerConfigKeys (ConfUtils.java:logGet(43)) - raft.server.rpc.timeout.max = 5200ms (custom)
2019-09-26 15:38:55,137 [pool-123-thread-1] INFO  server.RaftServerConfigKeys (ConfUtils.java:logGet(43)) - raft.server.rpcslowness.timeout = 120s (custom)
2019-09-26 15:38:55,137 [pool-123-thread-1] INFO  server.RaftServerConfigKeys (ConfUtils.java:logGet(43)) - raft.server.sleep.deviation.threshold = 300 (default)
2019-09-26 15:38:55,137 [pool-123-thread-1] INFO  server.RaftServerConfigKeys (ConfUtils.java:logGet(43)) - raft.server.log.appender.install.snapshot.enabled = false (custom)
2019-09-26 15:38:55,137 [pool-123-thread-1] INFO  impl.RaftServerImpl (ServerState.java:<init>(103)) - bcb704dc-2543-42a4-8762-cde039a55a99@group-E7FACA1FBA8B: ConfigurationManager, init=-1: [bcb704dc-2543-42a4-8762-cde039a55a99:192.168.151.99:43663], old=null, confs=<EMPTY_MAP>
2019-09-26 15:38:55,137 [pool-123-thread-1] INFO  server.RaftServerConfigKeys (ConfUtils.java:logGet(43)) - raft.server.storage.dir = [/workdir/hadoop-ozone/integration-test/target/test-dir/MiniOzoneClusterImpl-87962e32-e39f-4c57-b747-30c883c1cc54/datanode-0/data/ratis] (custom)
2019-09-26 15:38:55,138 [pool-123-thread-1] INFO  storage.RaftStorageDirectory (RaftStorageDirectory.java:analyzeStorage(246)) - The storage directory /workdir/hadoop-ozone/integration-test/target/test-dir/MiniOzoneClusterImpl-87962e32-e39f-4c57-b747-30c883c1cc54/datanode-0/data/ratis/0719bb48-21a2-4b8f-888a-e7faca1fba8b does not exist. Creating ...
2019-09-26 15:38:55,151 [pool-123-thread-1] INFO  storage.RaftStorageDirectory (RaftStorageDirectory.java:tryLock(328)) - Lock on /workdir/hadoop-ozone/integration-test/target/test-dir/MiniOzoneClusterImpl-87962e32-e39f-4c57-b747-30c883c1cc54/datanode-0/data/ratis/0719bb48-21a2-4b8f-888a-e7faca1fba8b/in_use.lock acquired by nodename 10626@pr-hdds-1569-g6sp5-2013761785
2019-09-26 15:38:55,163 [pool-123-thread-1] INFO  storage.RaftStorage (RaftStorage.java:format(72)) - Storage directory /workdir/hadoop-ozone/integration-test/target/test-dir/MiniOzoneClusterImpl-87962e32-e39f-4c57-b747-30c883c1cc54/datanode-0/data/ratis/0719bb48-21a2-4b8f-888a-e7faca1fba8b has been successfully formatted.
2019-09-26 15:38:55,164 [pool-123-thread-1] INFO  ratis.ContainerStateMachine (ContainerStateMachine.java:loadSnapshot(230)) - group-E7FACA1FBA8B: The snapshot info is null. Setting the last applied indexto:(t:0, i:~)
2019-09-26 15:38:55,164 [pool-123-thread-1] INFO  server.RaftServerConfigKeys (ConfUtils.java:logGet(43)) - raft.server.notification.no-leader.timeout = 120s (custom)
2019-09-26 15:38:55,164 [pool-123-thread-1] INFO  server.RaftServerConfigKeys (ConfUtils.java:logGet(43)) - raft.server.log.use.memory = false (default)
2019-09-26 15:38:55,164 [pool-123-thread-1] INFO  server.RaftServerConfigKeys (ConfUtils.java:logGet(43)) - raft.server.log.purge.gap = 1000000 (custom)
2019-09-26 15:38:55,164 [pool-123-thread-1] INFO  server.RaftServerConfigKeys (ConfUtils.java:logGet(43)) - raft.server.log.appender.buffer.byte-limit = 33554432 (custom)
2019-09-26 15:38:55,164 [pool-123-thread-1] INFO  server.RaftServerConfigKeys (ConfUtils.java:logGet(43)) - raft.server.log.segment.size.max = 1048576 (custom)
2019-09-26 15:38:55,164 [pool-123-thread-1] INFO  server.RaftServerConfigKeys (ConfUtils.java:logGet(43)) - raft.server.log.segment.cache.num.max = 2 (custom)
2019-09-26 15:38:55,164 [pool-123-thread-1] INFO  segmented.SegmentedRaftLogWorker (SegmentedRaftLogWorker.java:<init>(172)) - new bcb704dc-2543-42a4-8762-cde039a55a99@group-E7FACA1FBA8B-SegmentedRaftLogWorker for RaftStorage:Storage Directory /workdir/hadoop-ozone/integration-test/target/test-dir/MiniOzoneClusterImpl-87962e32-e39f-4c57-b747-30c883c1cc54/datanode-0/data/ratis/0719bb48-21a2-4b8f-888a-e7faca1fba8b
2019-09-26 15:38:55,164 [pool-123-thread-1] INFO  server.RaftServerConfigKeys (ConfUtils.java:logGet(43)) - raft.server.log.queue.byte-limit = 2147483647 (custom)
2019-09-26 15:38:55,165 [pool-123-thread-1] INFO  server.RaftServerConfigKeys (ConfUtils.java:logGet(43)) - raft.server.log.queue.element-limit = 1024 (custom)
2019-09-26 15:38:55,165 [pool-123-thread-1] INFO  server.RaftServerConfigKeys (ConfUtils.java:logGet(43)) - raft.server.log.segment.size.max = 1048576 (custom)
2019-09-26 15:38:55,165 [pool-123-thread-1] INFO  server.RaftServerConfigKeys (ConfUtils.java:logGet(43)) - raft.server.log.preallocated.size = 16384 (custom)
2019-09-26 15:38:55,165 [pool-123-thread-1] INFO  server.RaftServerConfigKeys (ConfUtils.java:logGet(43)) - raft.server.log.write.buffer.size = 33554432 (custom)
2019-09-26 15:38:55,165 [pool-123-thread-1] INFO  server.RaftServerConfigKeys (ConfUtils.java:logGet(43)) - raft.server.log.force.sync.num = 128 (default)
2019-09-26 15:38:55,165 [pool-123-thread-1] INFO  server.RaftServerConfigKeys (ConfUtils.java:logGet(43)) - raft.server.log.statemachine.data.sync = true (default)
2019-09-26 15:38:55,165 [pool-123-thread-1] INFO  server.RaftServerConfigKeys (ConfUtils.java:logGet(43)) - raft.server.log.statemachine.data.sync.timeout = 10s (default)
2019-09-26 15:38:55,165 [pool-123-thread-1] INFO  server.RaftServerConfigKeys (ConfUtils.java:logGet(43)) - raft.server.log.statemachine.data.sync.timeout.retry = -1 (default)
2019-09-26 15:38:55,165 [pool-123-thread-1] INFO  server.RaftServerConfigKeys (ConfUtils.java:logGet(43)) - raft.server.log.statemachine.data.caching.enabled = true (custom)
2019-09-26 15:38:55,166 [pool-123-thread-1] INFO  segmented.SegmentedRaftLogWorker (SegmentedRaftLogWorker.java:lambda$new$0(132)) - bcb704dc-2543-42a4-8762-cde039a55a99@group-E7FACA1FBA8B-SegmentedRaftLogWorker: flushIndex: setUnconditionally 0 -> -1
2019-09-26 15:38:55,166 [pool-123-thread-1] INFO  server.RaftServerConfigKeys (ConfUtils.java:logGet(43)) - raft.server.snapshot.auto.trigger.enabled = true (custom)
2019-09-26 15:38:55,166 [pool-123-thread-1] INFO  server.RaftServerConfigKeys (ConfUtils.java:logGet(43)) - raft.server.snapshot.auto.trigger.threshold = 10000 (custom)
2019-09-26 15:38:55,166 [pool-123-thread-1] INFO  server.RaftServerConfigKeys (ConfUtils.java:logGet(43)) - raft.server.snapshot.retention.num.files = 5 (custom)
2019-09-26 15:38:55,166 [pool-123-thread-1] INFO  server.RaftServerConfigKeys (ConfUtils.java:logGet(43)) - raft.server.retrycache.expirytime = 600000ms (custom)
2019-09-26 15:38:55,167 [pool-123-thread-1] INFO  impl.RaftServerImpl (RaftServerImpl.java:start(185)) - bcb704dc-2543-42a4-8762-cde039a55a99@group-E7FACA1FBA8B: start as a follower, conf=-1: [bcb704dc-2543-42a4-8762-cde039a55a99:192.168.151.99:43663], old=null
2019-09-26 15:38:55,167 [pool-123-thread-1] INFO  impl.RaftServerImpl (RaftServerImpl.java:setRole(174)) - bcb704dc-2543-42a4-8762-cde039a55a99@group-E7FACA1FBA8B: changes role from      null to FOLLOWER at term 0 for startAsFollower
2019-09-26 15:38:55,167 [pool-123-thread-1] INFO  impl.RoleInfo (RoleInfo.java:updateAndGet(143)) - bcb704dc-2543-42a4-8762-cde039a55a99: start FollowerState
2019-09-26 15:38:55,168 [pool-123-thread-1] INFO  util.JmxRegister (JmxRegister.java:tryRegister(44)) - Successfully registered JMX Bean with object name Ratis:service=RaftServer,group=group-E7FACA1FBA8B,id=bcb704dc-2543-42a4-8762-cde039a55a99
2019-09-26 15:38:55,170 [RatisPipelineUtilsThread] INFO  pipeline.PipelineStateManager (PipelineStateManager.java:addPipeline(56)) - Created pipeline Pipeline[ Id: 0719bb48-21a2-4b8f-888a-e7faca1fba8b, Nodes: bcb704dc-2543-42a4-8762-cde039a55a99{ip: 192.168.151.99, host: pr-hdds-1569-g6sp5-2013761785, networkLocation: /default-rack, certSerialId: null}, Type:RATIS, Factor:ONE, State:OPEN]
2019-09-26 15:38:55,174 [grpc-default-executor-0] INFO  impl.RaftServerProxy (RaftServerProxy.java:addNew(89)) - bcb704dc-2543-42a4-8762-cde039a55a99: addNew group-4EF24DFE3772:[bcb704dc-2543-42a4-8762-cde039a55a99:192.168.151.99:43663] returns group-4EF24DFE3772:java.util.concurrent.CompletableFuture@358ec8b1[Not completed]
2019-09-26 15:38:55,174 [pool-123-thread-1] INFO  impl.RaftServerImpl (RaftServerImpl.java:<init>(95)) - bcb704dc-2543-42a4-8762-cde039a55a99: new RaftServerImpl for group-4EF24DFE3772:[bcb704dc-2543-42a4-8762-cde039a55a99:192.168.151.99:43663] with ContainerStateMachine:uninitialized
2019-09-26 15:38:55,174 [pool-123-thread-1] INFO  server.RaftServerConfigKeys (ConfUtils.java:logGet(43)) - raft.server.rpc.timeout.min = 5s (custom)
2019-09-26 15:38:55,174 [pool-123-thread-1] INFO  server.RaftServerConfigKeys (ConfUtils.java:logGet(43)) - raft.server.rpc.timeout.max = 5200ms (custom)
2019-09-26 15:38:55,175 [pool-123-thread-1] INFO  server.RaftServerConfigKeys (ConfUtils.java:logGet(43)) - raft.server.rpcslowness.timeout = 120s (custom)
2019-09-26 15:38:55,175 [pool-123-thread-1] INFO  server.RaftServerConfigKeys (ConfUtils.java:logGet(43)) - raft.server.sleep.deviation.threshold = 300 (default)
2019-09-26 15:38:55,175 [pool-123-thread-1] INFO  server.RaftServerConfigKeys (ConfUtils.java:logGet(43)) - raft.server.log.appender.install.snapshot.enabled = false (custom)
2019-09-26 15:38:55,175 [pool-123-thread-1] INFO  impl.RaftServerImpl (ServerState.java:<init>(103)) - bcb704dc-2543-42a4-8762-cde039a55a99@group-4EF24DFE3772: ConfigurationManager, init=-1: [bcb704dc-2543-42a4-8762-cde039a55a99:192.168.151.99:43663], old=null, confs=<EMPTY_MAP>
2019-09-26 15:38:55,175 [pool-123-thread-1] INFO  server.RaftServerConfigKeys (ConfUtils.java:logGet(43)) - raft.server.storage.dir = [/workdir/hadoop-ozone/integration-test/target/test-dir/MiniOzoneClusterImpl-87962e32-e39f-4c57-b747-30c883c1cc54/datanode-0/data/ratis] (custom)
2019-09-26 15:38:55,175 [pool-123-thread-1] INFO  storage.RaftStorageDirectory (RaftStorageDirectory.java:analyzeStorage(246)) - The storage directory /workdir/hadoop-ozone/integration-test/target/test-dir/MiniOzoneClusterImpl-87962e32-e39f-4c57-b747-30c883c1cc54/datanode-0/data/ratis/eb054ef7-a5a7-4dd5-935c-4ef24dfe3772 does not exist. Creating ...
2019-09-26 15:38:55,189 [pool-123-thread-1] INFO  storage.RaftStorageDirectory (RaftStorageDirectory.java:tryLock(328)) - Lock on /workdir/hadoop-ozone/integration-test/target/test-dir/MiniOzoneClusterImpl-87962e32-e39f-4c57-b747-30c883c1cc54/datanode-0/data/ratis/eb054ef7-a5a7-4dd5-935c-4ef24dfe3772/in_use.lock acquired by nodename 10626@pr-hdds-1569-g6sp5-2013761785
2019-09-26 15:38:55,202 [pool-123-thread-1] INFO  storage.RaftStorage (RaftStorage.java:format(72)) - Storage directory /workdir/hadoop-ozone/integration-test/target/test-dir/MiniOzoneClusterImpl-87962e32-e39f-4c57-b747-30c883c1cc54/datanode-0/data/ratis/eb054ef7-a5a7-4dd5-935c-4ef24dfe3772 has been successfully formatted.
2019-09-26 15:38:55,202 [pool-123-thread-1] INFO  ratis.ContainerStateMachine (ContainerStateMachine.java:loadSnapshot(230)) - group-4EF24DFE3772: The snapshot info is null. Setting the last applied indexto:(t:0, i:~)
2019-09-26 15:38:55,202 [pool-123-thread-1] INFO  server.RaftServerConfigKeys (ConfUtils.java:logGet(43)) - raft.server.notification.no-leader.timeout = 120s (custom)
2019-09-26 15:38:55,202 [pool-123-thread-1] INFO  server.RaftServerConfigKeys (ConfUtils.java:logGet(43)) - raft.server.log.use.memory = false (default)
2019-09-26 15:38:55,202 [pool-123-thread-1] INFO  server.RaftServerConfigKeys (ConfUtils.java:logGet(43)) - raft.server.log.purge.gap = 1000000 (custom)
2019-09-26 15:38:55,203 [pool-123-thread-1] INFO  server.RaftServerConfigKeys (ConfUtils.java:logGet(43)) - raft.server.log.appender.buffer.byte-limit = 33554432 (custom)
2019-09-26 15:38:55,203 [pool-123-thread-1] INFO  server.RaftServerConfigKeys (ConfUtils.java:logGet(43)) - raft.server.log.segment.size.max = 1048576 (custom)
2019-09-26 15:38:55,203 [pool-123-thread-1] INFO  server.RaftServerConfigKeys (ConfUtils.java:logGet(43)) - raft.server.log.segment.cache.num.max = 2 (custom)
2019-09-26 15:38:55,203 [pool-123-thread-1] INFO  segmented.SegmentedRaftLogWorker (SegmentedRaftLogWorker.java:<init>(172)) - new bcb704dc-2543-42a4-8762-cde039a55a99@group-4EF24DFE3772-SegmentedRaftLogWorker for RaftStorage:Storage Directory /workdir/hadoop-ozone/integration-test/target/test-dir/MiniOzoneClusterImpl-87962e32-e39f-4c57-b747-30c883c1cc54/datanode-0/data/ratis/eb054ef7-a5a7-4dd5-935c-4ef24dfe3772
2019-09-26 15:38:55,203 [pool-123-thread-1] INFO  server.RaftServerConfigKeys (ConfUtils.java:logGet(43)) - raft.server.log.queue.byte-limit = 2147483647 (custom)
2019-09-26 15:38:55,203 [pool-123-thread-1] INFO  server.RaftServerConfigKeys (ConfUtils.java:logGet(43)) - raft.server.log.queue.element-limit = 1024 (custom)
2019-09-26 15:38:55,203 [pool-123-thread-1] INFO  server.RaftServerConfigKeys (ConfUtils.java:logGet(43)) - raft.server.log.segment.size.max = 1048576 (custom)
2019-09-26 15:38:55,203 [pool-123-thread-1] INFO  server.RaftServerConfigKeys (ConfUtils.java:logGet(43)) - raft.server.log.preallocated.size = 16384 (custom)
2019-09-26 15:38:55,203 [pool-123-thread-1] INFO  server.RaftServerConfigKeys (ConfUtils.java:logGet(43)) - raft.server.log.write.buffer.size = 33554432 (custom)
2019-09-26 15:38:55,203 [pool-123-thread-1] INFO  server.RaftServerConfigKeys (ConfUtils.java:logGet(43)) - raft.server.log.force.sync.num = 128 (default)
2019-09-26 15:38:55,203 [pool-123-thread-1] INFO  server.RaftServerConfigKeys (ConfUtils.java:logGet(43)) - raft.server.log.statemachine.data.sync = true (default)
2019-09-26 15:38:55,203 [pool-123-thread-1] INFO  server.RaftServerConfigKeys (ConfUtils.java:logGet(43)) - raft.server.log.statemachine.data.sync.timeout = 10s (default)
2019-09-26 15:38:55,204 [pool-123-thread-1] INFO  server.RaftServerConfigKeys (ConfUtils.java:logGet(43)) - raft.server.log.statemachine.data.sync.timeout.retry = -1 (default)
2019-09-26 15:38:55,204 [pool-123-thread-1] INFO  server.RaftServerConfigKeys (ConfUtils.java:logGet(43)) - raft.server.log.statemachine.data.caching.enabled = true (custom)
2019-09-26 15:38:55,204 [pool-123-thread-1] INFO  segmented.SegmentedRaftLogWorker (SegmentedRaftLogWorker.java:lambda$new$0(132)) - bcb704dc-2543-42a4-8762-cde039a55a99@group-4EF24DFE3772-SegmentedRaftLogWorker: flushIndex: setUnconditionally 0 -> -1
2019-09-26 15:38:55,204 [pool-123-thread-1] INFO  server.RaftServerConfigKeys (ConfUtils.java:logGet(43)) - raft.server.snapshot.auto.trigger.enabled = true (custom)
2019-09-26 15:38:55,204 [pool-123-thread-1] INFO  server.RaftServerConfigKeys (ConfUtils.java:logGet(43)) - raft.server.snapshot.auto.trigger.threshold = 10000 (custom)
2019-09-26 15:38:55,204 [pool-123-thread-1] INFO  server.RaftServerConfigKeys (ConfUtils.java:logGet(43)) - raft.server.snapshot.retention.num.files = 5 (custom)
2019-09-26 15:38:55,204 [pool-123-thread-1] INFO  server.RaftServerConfigKeys (ConfUtils.java:logGet(43)) - raft.server.retrycache.expirytime = 600000ms (custom)
2019-09-26 15:38:55,205 [pool-123-thread-1] INFO  impl.RaftServerImpl (RaftServerImpl.java:start(185)) - bcb704dc-2543-42a4-8762-cde039a55a99@group-4EF24DFE3772: start as a follower, conf=-1: [bcb704dc-2543-42a4-8762-cde039a55a99:192.168.151.99:43663], old=null
2019-09-26 15:38:55,206 [pool-123-thread-1] INFO  impl.RaftServerImpl (RaftServerImpl.java:setRole(174)) - bcb704dc-2543-42a4-8762-cde039a55a99@group-4EF24DFE3772: changes role from      null to FOLLOWER at term 0 for startAsFollower
2019-09-26 15:38:55,206 [pool-123-thread-1] INFO  impl.RoleInfo (RoleInfo.java:updateAndGet(143)) - bcb704dc-2543-42a4-8762-cde039a55a99: start FollowerState
2019-09-26 15:38:55,206 [pool-123-thread-1] INFO  util.JmxRegister (JmxRegister.java:tryRegister(44)) - Successfully registered JMX Bean with object name Ratis:service=RaftServer,group=group-4EF24DFE3772,id=bcb704dc-2543-42a4-8762-cde039a55a99
2019-09-26 15:38:55,208 [RatisPipelineUtilsThread] INFO  pipeline.PipelineStateManager (PipelineStateManager.java:addPipeline(56)) - Created pipeline Pipeline[ Id: eb054ef7-a5a7-4dd5-935c-4ef24dfe3772, Nodes: bcb704dc-2543-42a4-8762-cde039a55a99{ip: 192.168.151.99, host: pr-hdds-1569-g6sp5-2013761785, networkLocation: /default-rack, certSerialId: null}, Type:RATIS, Factor:ONE, State:OPEN]
2019-09-26 15:38:55,212 [grpc-default-executor-0] INFO  impl.RaftServerProxy (RaftServerProxy.java:addNew(89)) - bcb704dc-2543-42a4-8762-cde039a55a99: addNew group-96C309FC254E:[bcb704dc-2543-42a4-8762-cde039a55a99:192.168.151.99:43663] returns group-96C309FC254E:java.util.concurrent.CompletableFuture@3a8367a3[Not completed]
2019-09-26 15:38:55,212 [pool-123-thread-1] INFO  impl.RaftServerImpl (RaftServerImpl.java:<init>(95)) - bcb704dc-2543-42a4-8762-cde039a55a99: new RaftServerImpl for group-96C309FC254E:[bcb704dc-2543-42a4-8762-cde039a55a99:192.168.151.99:43663] with ContainerStateMachine:uninitialized
2019-09-26 15:38:55,212 [pool-123-thread-1] INFO  server.RaftServerConfigKeys (ConfUtils.java:logGet(43)) - raft.server.rpc.timeout.min = 5s (custom)
2019-09-26 15:38:55,212 [pool-123-thread-1] INFO  server.RaftServerConfigKeys (ConfUtils.java:logGet(43)) - raft.server.rpc.timeout.max = 5200ms (custom)
2019-09-26 15:38:55,213 [pool-123-thread-1] INFO  server.RaftServerConfigKeys (ConfUtils.java:logGet(43)) - raft.server.rpcslowness.timeout = 120s (custom)
2019-09-26 15:38:55,213 [pool-123-thread-1] INFO  server.RaftServerConfigKeys (ConfUtils.java:logGet(43)) - raft.server.sleep.deviation.threshold = 300 (default)
2019-09-26 15:38:55,213 [pool-123-thread-1] INFO  server.RaftServerConfigKeys (ConfUtils.java:logGet(43)) - raft.server.log.appender.install.snapshot.enabled = false (custom)
2019-09-26 15:38:55,213 [pool-123-thread-1] INFO  impl.RaftServerImpl (ServerState.java:<init>(103)) - bcb704dc-2543-42a4-8762-cde039a55a99@group-96C309FC254E: ConfigurationManager, init=-1: [bcb704dc-2543-42a4-8762-cde039a55a99:192.168.151.99:43663], old=null, confs=<EMPTY_MAP>
2019-09-26 15:38:55,213 [pool-123-thread-1] INFO  server.RaftServerConfigKeys (ConfUtils.java:logGet(43)) - raft.server.storage.dir = [/workdir/hadoop-ozone/integration-test/target/test-dir/MiniOzoneClusterImpl-87962e32-e39f-4c57-b747-30c883c1cc54/datanode-0/data/ratis] (custom)
2019-09-26 15:38:55,213 [pool-123-thread-1] INFO  storage.RaftStorageDirectory (RaftStorageDirectory.java:analyzeStorage(246)) - The storage directory /workdir/hadoop-ozone/integration-test/target/test-dir/MiniOzoneClusterImpl-87962e32-e39f-4c57-b747-30c883c1cc54/datanode-0/data/ratis/26169cdc-55d1-4252-9f28-96c309fc254e does not exist. Creating ...
2019-09-26 15:38:55,226 [pool-123-thread-1] INFO  storage.RaftStorageDirectory (RaftStorageDirectory.java:tryLock(328)) - Lock on /workdir/hadoop-ozone/integration-test/target/test-dir/MiniOzoneClusterImpl-87962e32-e39f-4c57-b747-30c883c1cc54/datanode-0/data/ratis/26169cdc-55d1-4252-9f28-96c309fc254e/in_use.lock acquired by nodename 10626@pr-hdds-1569-g6sp5-2013761785
2019-09-26 15:38:55,239 [pool-123-thread-1] INFO  storage.RaftStorage (RaftStorage.java:format(72)) - Storage directory /workdir/hadoop-ozone/integration-test/target/test-dir/MiniOzoneClusterImpl-87962e32-e39f-4c57-b747-30c883c1cc54/datanode-0/data/ratis/26169cdc-55d1-4252-9f28-96c309fc254e has been successfully formatted.
2019-09-26 15:38:55,239 [pool-123-thread-1] INFO  ratis.ContainerStateMachine (ContainerStateMachine.java:loadSnapshot(230)) - group-96C309FC254E: The snapshot info is null. Setting the last applied indexto:(t:0, i:~)
2019-09-26 15:38:55,239 [pool-123-thread-1] INFO  server.RaftServerConfigKeys (ConfUtils.java:logGet(43)) - raft.server.notification.no-leader.timeout = 120s (custom)
2019-09-26 15:38:55,239 [pool-123-thread-1] INFO  server.RaftServerConfigKeys (ConfUtils.java:logGet(43)) - raft.server.log.use.memory = false (default)
2019-09-26 15:38:55,239 [pool-123-thread-1] INFO  server.RaftServerConfigKeys (ConfUtils.java:logGet(43)) - raft.server.log.purge.gap = 1000000 (custom)
2019-09-26 15:38:55,239 [pool-123-thread-1] INFO  server.RaftServerConfigKeys (ConfUtils.java:logGet(43)) - raft.server.log.appender.buffer.byte-limit = 33554432 (custom)
2019-09-26 15:38:55,239 [pool-123-thread-1] INFO  server.RaftServerConfigKeys (ConfUtils.java:logGet(43)) - raft.server.log.segment.size.max = 1048576 (custom)
2019-09-26 15:38:55,239 [pool-123-thread-1] INFO  server.RaftServerConfigKeys (ConfUtils.java:logGet(43)) - raft.server.log.segment.cache.num.max = 2 (custom)
2019-09-26 15:38:55,240 [pool-123-thread-1] INFO  segmented.SegmentedRaftLogWorker (SegmentedRaftLogWorker.java:<init>(172)) - new bcb704dc-2543-42a4-8762-cde039a55a99@group-96C309FC254E-SegmentedRaftLogWorker for RaftStorage:Storage Directory /workdir/hadoop-ozone/integration-test/target/test-dir/MiniOzoneClusterImpl-87962e32-e39f-4c57-b747-30c883c1cc54/datanode-0/data/ratis/26169cdc-55d1-4252-9f28-96c309fc254e
2019-09-26 15:38:55,240 [pool-123-thread-1] INFO  server.RaftServerConfigKeys (ConfUtils.java:logGet(43)) - raft.server.log.queue.byte-limit = 2147483647 (custom)
2019-09-26 15:38:55,240 [pool-123-thread-1] INFO  server.RaftServerConfigKeys (ConfUtils.java:logGet(43)) - raft.server.log.queue.element-limit = 1024 (custom)
2019-09-26 15:38:55,240 [pool-123-thread-1] INFO  server.RaftServerConfigKeys (ConfUtils.java:logGet(43)) - raft.server.log.segment.size.max = 1048576 (custom)
2019-09-26 15:38:55,240 [pool-123-thread-1] INFO  server.RaftServerConfigKeys (ConfUtils.java:logGet(43)) - raft.server.log.preallocated.size = 16384 (custom)
2019-09-26 15:38:55,240 [pool-123-thread-1] INFO  server.RaftServerConfigKeys (ConfUtils.java:logGet(43)) - raft.server.log.write.buffer.size = 33554432 (custom)
2019-09-26 15:38:55,240 [pool-123-thread-1] INFO  server.RaftServerConfigKeys (ConfUtils.java:logGet(43)) - raft.server.log.force.sync.num = 128 (default)
2019-09-26 15:38:55,240 [pool-123-thread-1] INFO  server.RaftServerConfigKeys (ConfUtils.java:logGet(43)) - raft.server.log.statemachine.data.sync = true (default)
2019-09-26 15:38:55,240 [pool-123-thread-1] INFO  server.RaftServerConfigKeys (ConfUtils.java:logGet(43)) - raft.server.log.statemachine.data.sync.timeout = 10s (default)
2019-09-26 15:38:55,240 [pool-123-thread-1] INFO  server.RaftServerConfigKeys (ConfUtils.java:logGet(43)) - raft.server.log.statemachine.data.sync.timeout.retry = -1 (default)
2019-09-26 15:38:55,240 [pool-123-thread-1] INFO  server.RaftServerConfigKeys (ConfUtils.java:logGet(43)) - raft.server.log.statemachine.data.caching.enabled = true (custom)
2019-09-26 15:38:55,241 [pool-123-thread-1] INFO  segmented.SegmentedRaftLogWorker (SegmentedRaftLogWorker.java:lambda$new$0(132)) - bcb704dc-2543-42a4-8762-cde039a55a99@group-96C309FC254E-SegmentedRaftLogWorker: flushIndex: setUnconditionally 0 -> -1
2019-09-26 15:38:55,241 [pool-123-thread-1] INFO  server.RaftServerConfigKeys (ConfUtils.java:logGet(43)) - raft.server.snapshot.auto.trigger.enabled = true (custom)
2019-09-26 15:38:55,241 [pool-123-thread-1] INFO  server.RaftServerConfigKeys (ConfUtils.java:logGet(43)) - raft.server.snapshot.auto.trigger.threshold = 10000 (custom)
2019-09-26 15:38:55,241 [pool-123-thread-1] INFO  server.RaftServerConfigKeys (ConfUtils.java:logGet(43)) - raft.server.snapshot.retention.num.files = 5 (custom)
2019-09-26 15:38:55,241 [pool-123-thread-1] INFO  server.RaftServerConfigKeys (ConfUtils.java:logGet(43)) - raft.server.retrycache.expirytime = 600000ms (custom)
2019-09-26 15:38:55,242 [pool-123-thread-1] INFO  impl.RaftServerImpl (RaftServerImpl.java:start(185)) - bcb704dc-2543-42a4-8762-cde039a55a99@group-96C309FC254E: start as a follower, conf=-1: [bcb704dc-2543-42a4-8762-cde039a55a99:192.168.151.99:43663], old=null
2019-09-26 15:38:55,242 [pool-123-thread-1] INFO  impl.RaftServerImpl (RaftServerImpl.java:setRole(174)) - bcb704dc-2543-42a4-8762-cde039a55a99@group-96C309FC254E: changes role from      null to FOLLOWER at term 0 for startAsFollower
2019-09-26 15:38:55,242 [pool-123-thread-1] INFO  impl.RoleInfo (RoleInfo.java:updateAndGet(143)) - bcb704dc-2543-42a4-8762-cde039a55a99: start FollowerState
2019-09-26 15:38:55,243 [pool-123-thread-1] INFO  util.JmxRegister (JmxRegister.java:tryRegister(44)) - Successfully registered JMX Bean with object name Ratis:service=RaftServer,group=group-96C309FC254E,id=bcb704dc-2543-42a4-8762-cde039a55a99
2019-09-26 15:38:55,245 [RatisPipelineUtilsThread] INFO  pipeline.PipelineStateManager (PipelineStateManager.java:addPipeline(56)) - Created pipeline Pipeline[ Id: 26169cdc-55d1-4252-9f28-96c309fc254e, Nodes: bcb704dc-2543-42a4-8762-cde039a55a99{ip: 192.168.151.99, host: pr-hdds-1569-g6sp5-2013761785, networkLocation: /default-rack, certSerialId: null}, Type:RATIS, Factor:ONE, State:OPEN]
2019-09-26 15:38:55,249 [grpc-default-executor-0] INFO  impl.RaftServerProxy (RaftServerProxy.java:addNew(89)) - bcb704dc-2543-42a4-8762-cde039a55a99: addNew group-F5D3AFC5E72C:[bcb704dc-2543-42a4-8762-cde039a55a99:192.168.151.99:43663] returns group-F5D3AFC5E72C:java.util.concurrent.CompletableFuture@30b8bc88[Not completed]
2019-09-26 15:38:55,249 [pool-123-thread-1] INFO  impl.RaftServerImpl (RaftServerImpl.java:<init>(95)) - bcb704dc-2543-42a4-8762-cde039a55a99: new RaftServerImpl for group-F5D3AFC5E72C:[bcb704dc-2543-42a4-8762-cde039a55a99:192.168.151.99:43663] with ContainerStateMachine:uninitialized
2019-09-26 15:38:55,249 [pool-123-thread-1] INFO  server.RaftServerConfigKeys (ConfUtils.java:logGet(43)) - raft.server.rpc.timeout.min = 5s (custom)
2019-09-26 15:38:55,249 [pool-123-thread-1] INFO  server.RaftServerConfigKeys (ConfUtils.java:logGet(43)) - raft.server.rpc.timeout.max = 5200ms (custom)
2019-09-26 15:38:55,249 [pool-123-thread-1] INFO  server.RaftServerConfigKeys (ConfUtils.java:logGet(43)) - raft.server.rpcslowness.timeout = 120s (custom)
2019-09-26 15:38:55,249 [pool-123-thread-1] INFO  server.RaftServerConfigKeys (ConfUtils.java:logGet(43)) - raft.server.sleep.deviation.threshold = 300 (default)
2019-09-26 15:38:55,250 [pool-123-thread-1] INFO  server.RaftServerConfigKeys (ConfUtils.java:logGet(43)) - raft.server.log.appender.install.snapshot.enabled = false (custom)
2019-09-26 15:38:55,250 [pool-123-thread-1] INFO  impl.RaftServerImpl (ServerState.java:<init>(103)) - bcb704dc-2543-42a4-8762-cde039a55a99@group-F5D3AFC5E72C: ConfigurationManager, init=-1: [bcb704dc-2543-42a4-8762-cde039a55a99:192.168.151.99:43663], old=null, confs=<EMPTY_MAP>
2019-09-26 15:38:55,250 [pool-123-thread-1] INFO  server.RaftServerConfigKeys (ConfUtils.java:logGet(43)) - raft.server.storage.dir = [/workdir/hadoop-ozone/integration-test/target/test-dir/MiniOzoneClusterImpl-87962e32-e39f-4c57-b747-30c883c1cc54/datanode-0/data/ratis] (custom)
2019-09-26 15:38:55,250 [pool-123-thread-1] INFO  storage.RaftStorageDirectory (RaftStorageDirectory.java:analyzeStorage(246)) - The storage directory /workdir/hadoop-ozone/integration-test/target/test-dir/MiniOzoneClusterImpl-87962e32-e39f-4c57-b747-30c883c1cc54/datanode-0/data/ratis/42b674e7-a0e6-47e2-beb2-f5d3afc5e72c does not exist. Creating ...
2019-09-26 15:38:55,263 [pool-123-thread-1] INFO  storage.RaftStorageDirectory (RaftStorageDirectory.java:tryLock(328)) - Lock on /workdir/hadoop-ozone/integration-test/target/test-dir/MiniOzoneClusterImpl-87962e32-e39f-4c57-b747-30c883c1cc54/datanode-0/data/ratis/42b674e7-a0e6-47e2-beb2-f5d3afc5e72c/in_use.lock acquired by nodename 10626@pr-hdds-1569-g6sp5-2013761785
2019-09-26 15:38:55,265 [pool-123-thread-1] INFO  storage.RaftStorage (RaftStorage.java:format(72)) - Storage directory /workdir/hadoop-ozone/integration-test/target/test-dir/MiniOzoneClusterImpl-87962e32-e39f-4c57-b747-30c883c1cc54/datanode-0/data/ratis/42b674e7-a0e6-47e2-beb2-f5d3afc5e72c has been successfully formatted.
2019-09-26 15:38:55,265 [pool-123-thread-1] INFO  ratis.ContainerStateMachine (ContainerStateMachine.java:loadSnapshot(230)) - group-F5D3AFC5E72C: The snapshot info is null. Setting the last applied indexto:(t:0, i:~)
2019-09-26 15:38:55,265 [pool-123-thread-1] INFO  server.RaftServerConfigKeys (ConfUtils.java:logGet(43)) - raft.server.notification.no-leader.timeout = 120s (custom)
2019-09-26 15:38:55,266 [pool-123-thread-1] INFO  server.RaftServerConfigKeys (ConfUtils.java:logGet(43)) - raft.server.log.use.memory = false (default)
2019-09-26 15:38:55,266 [pool-123-thread-1] INFO  server.RaftServerConfigKeys (ConfUtils.java:logGet(43)) - raft.server.log.purge.gap = 1000000 (custom)
2019-09-26 15:38:55,266 [pool-123-thread-1] INFO  server.RaftServerConfigKeys (ConfUtils.java:logGet(43)) - raft.server.log.appender.buffer.byte-limit = 33554432 (custom)
2019-09-26 15:38:55,266 [pool-123-thread-1] INFO  server.RaftServerConfigKeys (ConfUtils.java:logGet(43)) - raft.server.log.segment.size.max = 1048576 (custom)
2019-09-26 15:38:55,266 [pool-123-thread-1] INFO  server.RaftServerConfigKeys (ConfUtils.java:logGet(43)) - raft.server.log.segment.cache.num.max = 2 (custom)
2019-09-26 15:38:55,266 [pool-123-thread-1] INFO  segmented.SegmentedRaftLogWorker (SegmentedRaftLogWorker.java:<init>(172)) - new bcb704dc-2543-42a4-8762-cde039a55a99@group-F5D3AFC5E72C-SegmentedRaftLogWorker for RaftStorage:Storage Directory /workdir/hadoop-ozone/integration-test/target/test-dir/MiniOzoneClusterImpl-87962e32-e39f-4c57-b747-30c883c1cc54/datanode-0/data/ratis/42b674e7-a0e6-47e2-beb2-f5d3afc5e72c
2019-09-26 15:38:55,266 [pool-123-thread-1] INFO  server.RaftServerConfigKeys (ConfUtils.java:logGet(43)) - raft.server.log.queue.byte-limit = 2147483647 (custom)
2019-09-26 15:38:55,266 [pool-123-thread-1] INFO  server.RaftServerConfigKeys (ConfUtils.java:logGet(43)) - raft.server.log.queue.element-limit = 1024 (custom)
2019-09-26 15:38:55,266 [pool-123-thread-1] INFO  server.RaftServerConfigKeys (ConfUtils.java:logGet(43)) - raft.server.log.segment.size.max = 1048576 (custom)
2019-09-26 15:38:55,266 [pool-123-thread-1] INFO  server.RaftServerConfigKeys (ConfUtils.java:logGet(43)) - raft.server.log.preallocated.size = 16384 (custom)
2019-09-26 15:38:55,266 [pool-123-thread-1] INFO  server.RaftServerConfigKeys (ConfUtils.java:logGet(43)) - raft.server.log.write.buffer.size = 33554432 (custom)
2019-09-26 15:38:55,266 [pool-123-thread-1] INFO  server.RaftServerConfigKeys (ConfUtils.java:logGet(43)) - raft.server.log.force.sync.num = 128 (default)
2019-09-26 15:38:55,266 [pool-123-thread-1] INFO  server.RaftServerConfigKeys (ConfUtils.java:logGet(43)) - raft.server.log.statemachine.data.sync = true (default)
2019-09-26 15:38:55,267 [pool-123-thread-1] INFO  server.RaftServerConfigKeys (ConfUtils.java:logGet(43)) - raft.server.log.statemachine.data.sync.timeout = 10s (default)
2019-09-26 15:38:55,267 [pool-123-thread-1] INFO  server.RaftServerConfigKeys (ConfUtils.java:logGet(43)) - raft.server.log.statemachine.data.sync.timeout.retry = -1 (default)
2019-09-26 15:38:55,267 [pool-123-thread-1] INFO  server.RaftServerConfigKeys (ConfUtils.java:logGet(43)) - raft.server.log.statemachine.data.caching.enabled = true (custom)
2019-09-26 15:38:55,267 [pool-123-thread-1] INFO  segmented.SegmentedRaftLogWorker (SegmentedRaftLogWorker.java:lambda$new$0(132)) - bcb704dc-2543-42a4-8762-cde039a55a99@group-F5D3AFC5E72C-SegmentedRaftLogWorker: flushIndex: setUnconditionally 0 -> -1
2019-09-26 15:38:55,267 [pool-123-thread-1] INFO  server.RaftServerConfigKeys (ConfUtils.java:logGet(43)) - raft.server.snapshot.auto.trigger.enabled = true (custom)
2019-09-26 15:38:55,267 [pool-123-thread-1] INFO  server.RaftServerConfigKeys (ConfUtils.java:logGet(43)) - raft.server.snapshot.auto.trigger.threshold = 10000 (custom)
2019-09-26 15:38:55,267 [pool-123-thread-1] INFO  server.RaftServerConfigKeys (ConfUtils.java:logGet(43)) - raft.server.snapshot.retention.num.files = 5 (custom)
2019-09-26 15:38:55,267 [pool-123-thread-1] INFO  server.RaftServerConfigKeys (ConfUtils.java:logGet(43)) - raft.server.retrycache.expirytime = 600000ms (custom)
2019-09-26 15:38:55,268 [pool-123-thread-1] INFO  impl.RaftServerImpl (RaftServerImpl.java:start(185)) - bcb704dc-2543-42a4-8762-cde039a55a99@group-F5D3AFC5E72C: start as a follower, conf=-1: [bcb704dc-2543-42a4-8762-cde039a55a99:192.168.151.99:43663], old=null
2019-09-26 15:38:55,268 [pool-123-thread-1] INFO  impl.RaftServerImpl (RaftServerImpl.java:setRole(174)) - bcb704dc-2543-42a4-8762-cde039a55a99@group-F5D3AFC5E72C: changes role from      null to FOLLOWER at term 0 for startAsFollower
2019-09-26 15:38:55,268 [pool-123-thread-1] INFO  impl.RoleInfo (RoleInfo.java:updateAndGet(143)) - bcb704dc-2543-42a4-8762-cde039a55a99: start FollowerState
2019-09-26 15:38:55,269 [pool-123-thread-1] INFO  util.JmxRegister (JmxRegister.java:tryRegister(44)) - Successfully registered JMX Bean with object name Ratis:service=RaftServer,group=group-F5D3AFC5E72C,id=bcb704dc-2543-42a4-8762-cde039a55a99
2019-09-26 15:38:55,270 [RatisPipelineUtilsThread] INFO  pipeline.PipelineStateManager (PipelineStateManager.java:addPipeline(56)) - Created pipeline Pipeline[ Id: 42b674e7-a0e6-47e2-beb2-f5d3afc5e72c, Nodes: bcb704dc-2543-42a4-8762-cde039a55a99{ip: 192.168.151.99, host: pr-hdds-1569-g6sp5-2013761785, networkLocation: /default-rack, certSerialId: null}, Type:RATIS, Factor:ONE, State:OPEN]
2019-09-26 15:38:55,273 [grpc-default-executor-0] INFO  impl.RaftServerProxy (RaftServerProxy.java:addNew(89)) - bcb704dc-2543-42a4-8762-cde039a55a99: addNew group-5919F51C081E:[bcb704dc-2543-42a4-8762-cde039a55a99:192.168.151.99:43663] returns group-5919F51C081E:java.util.concurrent.CompletableFuture@7f253b9e[Not completed]
2019-09-26 15:38:55,273 [pool-123-thread-1] INFO  impl.RaftServerImpl (RaftServerImpl.java:<init>(95)) - bcb704dc-2543-42a4-8762-cde039a55a99: new RaftServerImpl for group-5919F51C081E:[bcb704dc-2543-42a4-8762-cde039a55a99:192.168.151.99:43663] with ContainerStateMachine:uninitialized
2019-09-26 15:38:55,273 [pool-123-thread-1] INFO  server.RaftServerConfigKeys (ConfUtils.java:logGet(43)) - raft.server.rpc.timeout.min = 5s (custom)
2019-09-26 15:38:55,273 [pool-123-thread-1] INFO  server.RaftServerConfigKeys (ConfUtils.java:logGet(43)) - raft.server.rpc.timeout.max = 5200ms (custom)
2019-09-26 15:38:55,273 [pool-123-thread-1] INFO  server.RaftServerConfigKeys (ConfUtils.java:logGet(43)) - raft.server.rpcslowness.timeout = 120s (custom)
2019-09-26 15:38:55,274 [pool-123-thread-1] INFO  server.RaftServerConfigKeys (ConfUtils.java:logGet(43)) - raft.server.sleep.deviation.threshold = 300 (default)
2019-09-26 15:38:55,274 [pool-123-thread-1] INFO  server.RaftServerConfigKeys (ConfUtils.java:logGet(43)) - raft.server.log.appender.install.snapshot.enabled = false (custom)
2019-09-26 15:38:55,274 [pool-123-thread-1] INFO  impl.RaftServerImpl (ServerState.java:<init>(103)) - bcb704dc-2543-42a4-8762-cde039a55a99@group-5919F51C081E: ConfigurationManager, init=-1: [bcb704dc-2543-42a4-8762-cde039a55a99:192.168.151.99:43663], old=null, confs=<EMPTY_MAP>
2019-09-26 15:38:55,274 [pool-123-thread-1] INFO  server.RaftServerConfigKeys (ConfUtils.java:logGet(43)) - raft.server.storage.dir = [/workdir/hadoop-ozone/integration-test/target/test-dir/MiniOzoneClusterImpl-87962e32-e39f-4c57-b747-30c883c1cc54/datanode-0/data/ratis] (custom)
2019-09-26 15:38:55,274 [pool-123-thread-1] INFO  storage.RaftStorageDirectory (RaftStorageDirectory.java:analyzeStorage(246)) - The storage directory /workdir/hadoop-ozone/integration-test/target/test-dir/MiniOzoneClusterImpl-87962e32-e39f-4c57-b747-30c883c1cc54/datanode-0/data/ratis/10817075-8c31-4079-8d60-5919f51c081e does not exist. Creating ...
2019-09-26 15:38:55,286 [pool-123-thread-1] INFO  storage.RaftStorageDirectory (RaftStorageDirectory.java:tryLock(328)) - Lock on /workdir/hadoop-ozone/integration-test/target/test-dir/MiniOzoneClusterImpl-87962e32-e39f-4c57-b747-30c883c1cc54/datanode-0/data/ratis/10817075-8c31-4079-8d60-5919f51c081e/in_use.lock acquired by nodename 10626@pr-hdds-1569-g6sp5-2013761785
2019-09-26 15:38:55,299 [pool-123-thread-1] INFO  storage.RaftStorage (RaftStorage.java:format(72)) - Storage directory /workdir/hadoop-ozone/integration-test/target/test-dir/MiniOzoneClusterImpl-87962e32-e39f-4c57-b747-30c883c1cc54/datanode-0/data/ratis/10817075-8c31-4079-8d60-5919f51c081e has been successfully formatted.
2019-09-26 15:38:55,299 [pool-123-thread-1] INFO  ratis.ContainerStateMachine (ContainerStateMachine.java:loadSnapshot(230)) - group-5919F51C081E: The snapshot info is null. Setting the last applied indexto:(t:0, i:~)
2019-09-26 15:38:55,299 [pool-123-thread-1] INFO  server.RaftServerConfigKeys (ConfUtils.java:logGet(43)) - raft.server.notification.no-leader.timeout = 120s (custom)
2019-09-26 15:38:55,300 [pool-123-thread-1] INFO  server.RaftServerConfigKeys (ConfUtils.java:logGet(43)) - raft.server.log.use.memory = false (default)
2019-09-26 15:38:55,300 [pool-123-thread-1] INFO  server.RaftServerConfigKeys (ConfUtils.java:logGet(43)) - raft.server.log.purge.gap = 1000000 (custom)
2019-09-26 15:38:55,300 [pool-123-thread-1] INFO  server.RaftServerConfigKeys (ConfUtils.java:logGet(43)) - raft.server.log.appender.buffer.byte-limit = 33554432 (custom)
2019-09-26 15:38:55,300 [pool-123-thread-1] INFO  server.RaftServerConfigKeys (ConfUtils.java:logGet(43)) - raft.server.log.segment.size.max = 1048576 (custom)
2019-09-26 15:38:55,300 [pool-123-thread-1] INFO  server.RaftServerConfigKeys (ConfUtils.java:logGet(43)) - raft.server.log.segment.cache.num.max = 2 (custom)
2019-09-26 15:38:55,300 [pool-123-thread-1] INFO  segmented.SegmentedRaftLogWorker (SegmentedRaftLogWorker.java:<init>(172)) - new bcb704dc-2543-42a4-8762-cde039a55a99@group-5919F51C081E-SegmentedRaftLogWorker for RaftStorage:Storage Directory /workdir/hadoop-ozone/integration-test/target/test-dir/MiniOzoneClusterImpl-87962e32-e39f-4c57-b747-30c883c1cc54/datanode-0/data/ratis/10817075-8c31-4079-8d60-5919f51c081e
2019-09-26 15:38:55,300 [pool-123-thread-1] INFO  server.RaftServerConfigKeys (ConfUtils.java:logGet(43)) - raft.server.log.queue.byte-limit = 2147483647 (custom)
2019-09-26 15:38:55,301 [pool-123-thread-1] INFO  server.RaftServerConfigKeys (ConfUtils.java:logGet(43)) - raft.server.log.queue.element-limit = 1024 (custom)
2019-09-26 15:38:55,301 [pool-123-thread-1] INFO  server.RaftServerConfigKeys (ConfUtils.java:logGet(43)) - raft.server.log.segment.size.max = 1048576 (custom)
2019-09-26 15:38:55,301 [pool-123-thread-1] INFO  server.RaftServerConfigKeys (ConfUtils.java:logGet(43)) - raft.server.log.preallocated.size = 16384 (custom)
2019-09-26 15:38:55,301 [pool-123-thread-1] INFO  server.RaftServerConfigKeys (ConfUtils.java:logGet(43)) - raft.server.log.write.buffer.size = 33554432 (custom)
2019-09-26 15:38:55,301 [pool-123-thread-1] INFO  server.RaftServerConfigKeys (ConfUtils.java:logGet(43)) - raft.server.log.force.sync.num = 128 (default)
2019-09-26 15:38:55,301 [pool-123-thread-1] INFO  server.RaftServerConfigKeys (ConfUtils.java:logGet(43)) - raft.server.log.statemachine.data.sync = true (default)
2019-09-26 15:38:55,301 [pool-123-thread-1] INFO  server.RaftServerConfigKeys (ConfUtils.java:logGet(43)) - raft.server.log.statemachine.data.sync.timeout = 10s (default)
2019-09-26 15:38:55,302 [pool-123-thread-1] INFO  server.RaftServerConfigKeys (ConfUtils.java:logGet(43)) - raft.server.log.statemachine.data.sync.timeout.retry = -1 (default)
2019-09-26 15:38:55,302 [pool-123-thread-1] INFO  server.RaftServerConfigKeys (ConfUtils.java:logGet(43)) - raft.server.log.statemachine.data.caching.enabled = true (custom)
2019-09-26 15:38:55,302 [pool-123-thread-1] INFO  segmented.SegmentedRaftLogWorker (SegmentedRaftLogWorker.java:lambda$new$0(132)) - bcb704dc-2543-42a4-8762-cde039a55a99@group-5919F51C081E-SegmentedRaftLogWorker: flushIndex: setUnconditionally 0 -> -1
2019-09-26 15:38:55,302 [pool-123-thread-1] INFO  server.RaftServerConfigKeys (ConfUtils.java:logGet(43)) - raft.server.snapshot.auto.trigger.enabled = true (custom)
2019-09-26 15:38:55,302 [pool-123-thread-1] INFO  server.RaftServerConfigKeys (ConfUtils.java:logGet(43)) - raft.server.snapshot.auto.trigger.threshold = 10000 (custom)
2019-09-26 15:38:55,303 [pool-123-thread-1] INFO  server.RaftServerConfigKeys (ConfUtils.java:logGet(43)) - raft.server.snapshot.retention.num.files = 5 (custom)
2019-09-26 15:38:55,303 [pool-123-thread-1] INFO  server.RaftServerConfigKeys (ConfUtils.java:logGet(43)) - raft.server.retrycache.expirytime = 600000ms (custom)
2019-09-26 15:38:55,304 [pool-123-thread-1] INFO  impl.RaftServerImpl (RaftServerImpl.java:start(185)) - bcb704dc-2543-42a4-8762-cde039a55a99@group-5919F51C081E: start as a follower, conf=-1: [bcb704dc-2543-42a4-8762-cde039a55a99:192.168.151.99:43663], old=null
2019-09-26 15:38:55,304 [pool-123-thread-1] INFO  impl.RaftServerImpl (RaftServerImpl.java:setRole(174)) - bcb704dc-2543-42a4-8762-cde039a55a99@group-5919F51C081E: changes role from      null to FOLLOWER at term 0 for startAsFollower
2019-09-26 15:38:55,304 [pool-123-thread-1] INFO  impl.RoleInfo (RoleInfo.java:updateAndGet(143)) - bcb704dc-2543-42a4-8762-cde039a55a99: start FollowerState
2019-09-26 15:38:55,305 [pool-123-thread-1] INFO  util.JmxRegister (JmxRegister.java:tryRegister(44)) - Successfully registered JMX Bean with object name Ratis:service=RaftServer,group=group-5919F51C081E,id=bcb704dc-2543-42a4-8762-cde039a55a99
2019-09-26 15:38:55,306 [RatisPipelineUtilsThread] INFO  pipeline.PipelineStateManager (PipelineStateManager.java:addPipeline(56)) - Created pipeline Pipeline[ Id: 10817075-8c31-4079-8d60-5919f51c081e, Nodes: bcb704dc-2543-42a4-8762-cde039a55a99{ip: 192.168.151.99, host: pr-hdds-1569-g6sp5-2013761785, networkLocation: /default-rack, certSerialId: null}, Type:RATIS, Factor:ONE, State:OPEN]
2019-09-26 15:38:55,310 [grpc-default-executor-0] INFO  impl.RaftServerProxy (RaftServerProxy.java:addNew(89)) - bcb704dc-2543-42a4-8762-cde039a55a99: addNew group-ED2DE555DE76:[bcb704dc-2543-42a4-8762-cde039a55a99:192.168.151.99:43663] returns group-ED2DE555DE76:java.util.concurrent.CompletableFuture@7886bcf5[Not completed]
2019-09-26 15:38:55,310 [pool-123-thread-1] INFO  impl.RaftServerImpl (RaftServerImpl.java:<init>(95)) - bcb704dc-2543-42a4-8762-cde039a55a99: new RaftServerImpl for group-ED2DE555DE76:[bcb704dc-2543-42a4-8762-cde039a55a99:192.168.151.99:43663] with ContainerStateMachine:uninitialized
2019-09-26 15:38:55,310 [pool-123-thread-1] INFO  server.RaftServerConfigKeys (ConfUtils.java:logGet(43)) - raft.server.rpc.timeout.min = 5s (custom)
2019-09-26 15:38:55,310 [pool-123-thread-1] INFO  server.RaftServerConfigKeys (ConfUtils.java:logGet(43)) - raft.server.rpc.timeout.max = 5200ms (custom)
2019-09-26 15:38:55,310 [pool-123-thread-1] INFO  server.RaftServerConfigKeys (ConfUtils.java:logGet(43)) - raft.server.rpcslowness.timeout = 120s (custom)
2019-09-26 15:38:55,310 [pool-123-thread-1] INFO  server.RaftServerConfigKeys (ConfUtils.java:logGet(43)) - raft.server.sleep.deviation.threshold = 300 (default)
2019-09-26 15:38:55,311 [pool-123-thread-1] INFO  server.RaftServerConfigKeys (ConfUtils.java:logGet(43)) - raft.server.log.appender.install.snapshot.enabled = false (custom)
2019-09-26 15:38:55,311 [pool-123-thread-1] INFO  impl.RaftServerImpl (ServerState.java:<init>(103)) - bcb704dc-2543-42a4-8762-cde039a55a99@group-ED2DE555DE76: ConfigurationManager, init=-1: [bcb704dc-2543-42a4-8762-cde039a55a99:192.168.151.99:43663], old=null, confs=<EMPTY_MAP>
2019-09-26 15:38:55,311 [pool-123-thread-1] INFO  server.RaftServerConfigKeys (ConfUtils.java:logGet(43)) - raft.server.storage.dir = [/workdir/hadoop-ozone/integration-test/target/test-dir/MiniOzoneClusterImpl-87962e32-e39f-4c57-b747-30c883c1cc54/datanode-0/data/ratis] (custom)
2019-09-26 15:38:55,311 [pool-123-thread-1] INFO  storage.RaftStorageDirectory (RaftStorageDirectory.java:analyzeStorage(246)) - The storage directory /workdir/hadoop-ozone/integration-test/target/test-dir/MiniOzoneClusterImpl-87962e32-e39f-4c57-b747-30c883c1cc54/datanode-0/data/ratis/ca68c3ce-6053-4851-9fda-ed2de555de76 does not exist. Creating ...
2019-09-26 15:38:55,329 [pool-123-thread-1] INFO  storage.RaftStorageDirectory (RaftStorageDirectory.java:tryLock(328)) - Lock on /workdir/hadoop-ozone/integration-test/target/test-dir/MiniOzoneClusterImpl-87962e32-e39f-4c57-b747-30c883c1cc54/datanode-0/data/ratis/ca68c3ce-6053-4851-9fda-ed2de555de76/in_use.lock acquired by nodename 10626@pr-hdds-1569-g6sp5-2013761785
2019-09-26 15:38:55,342 [pool-123-thread-1] INFO  storage.RaftStorage (RaftStorage.java:format(72)) - Storage directory /workdir/hadoop-ozone/integration-test/target/test-dir/MiniOzoneClusterImpl-87962e32-e39f-4c57-b747-30c883c1cc54/datanode-0/data/ratis/ca68c3ce-6053-4851-9fda-ed2de555de76 has been successfully formatted.
2019-09-26 15:38:55,342 [pool-123-thread-1] INFO  ratis.ContainerStateMachine (ContainerStateMachine.java:loadSnapshot(230)) - group-ED2DE555DE76: The snapshot info is null. Setting the last applied indexto:(t:0, i:~)
2019-09-26 15:38:55,342 [pool-123-thread-1] INFO  server.RaftServerConfigKeys (ConfUtils.java:logGet(43)) - raft.server.notification.no-leader.timeout = 120s (custom)
2019-09-26 15:38:55,342 [pool-123-thread-1] INFO  server.RaftServerConfigKeys (ConfUtils.java:logGet(43)) - raft.server.log.use.memory = false (default)
2019-09-26 15:38:55,342 [pool-123-thread-1] INFO  server.RaftServerConfigKeys (ConfUtils.java:logGet(43)) - raft.server.log.purge.gap = 1000000 (custom)
2019-09-26 15:38:55,342 [pool-123-thread-1] INFO  server.RaftServerConfigKeys (ConfUtils.java:logGet(43)) - raft.server.log.appender.buffer.byte-limit = 33554432 (custom)
2019-09-26 15:38:55,342 [pool-123-thread-1] INFO  server.RaftServerConfigKeys (ConfUtils.java:logGet(43)) - raft.server.log.segment.size.max = 1048576 (custom)
2019-09-26 15:38:55,342 [pool-123-thread-1] INFO  server.RaftServerConfigKeys (ConfUtils.java:logGet(43)) - raft.server.log.segment.cache.num.max = 2 (custom)
2019-09-26 15:38:55,343 [pool-123-thread-1] INFO  segmented.SegmentedRaftLogWorker (SegmentedRaftLogWorker.java:<init>(172)) - new bcb704dc-2543-42a4-8762-cde039a55a99@group-ED2DE555DE76-SegmentedRaftLogWorker for RaftStorage:Storage Directory /workdir/hadoop-ozone/integration-test/target/test-dir/MiniOzoneClusterImpl-87962e32-e39f-4c57-b747-30c883c1cc54/datanode-0/data/ratis/ca68c3ce-6053-4851-9fda-ed2de555de76
2019-09-26 15:38:55,343 [pool-123-thread-1] INFO  server.RaftServerConfigKeys (ConfUtils.java:logGet(43)) - raft.server.log.queue.byte-limit = 2147483647 (custom)
2019-09-26 15:38:55,343 [pool-123-thread-1] INFO  server.RaftServerConfigKeys (ConfUtils.java:logGet(43)) - raft.server.log.queue.element-limit = 1024 (custom)
2019-09-26 15:38:55,343 [pool-123-thread-1] INFO  server.RaftServerConfigKeys (ConfUtils.java:logGet(43)) - raft.server.log.segment.size.max = 1048576 (custom)
2019-09-26 15:38:55,343 [pool-123-thread-1] INFO  server.RaftServerConfigKeys (ConfUtils.java:logGet(43)) - raft.server.log.preallocated.size = 16384 (custom)
2019-09-26 15:38:55,343 [pool-123-thread-1] INFO  server.RaftServerConfigKeys (ConfUtils.java:logGet(43)) - raft.server.log.write.buffer.size = 33554432 (custom)
2019-09-26 15:38:55,343 [pool-123-thread-1] INFO  server.RaftServerConfigKeys (ConfUtils.java:logGet(43)) - raft.server.log.force.sync.num = 128 (default)
2019-09-26 15:38:55,343 [pool-123-thread-1] INFO  server.RaftServerConfigKeys (ConfUtils.java:logGet(43)) - raft.server.log.statemachine.data.sync = true (default)
2019-09-26 15:38:55,343 [pool-123-thread-1] INFO  server.RaftServerConfigKeys (ConfUtils.java:logGet(43)) - raft.server.log.statemachine.data.sync.timeout = 10s (default)
2019-09-26 15:38:55,343 [pool-123-thread-1] INFO  server.RaftServerConfigKeys (ConfUtils.java:logGet(43)) - raft.server.log.statemachine.data.sync.timeout.retry = -1 (default)
2019-09-26 15:38:55,343 [pool-123-thread-1] INFO  server.RaftServerConfigKeys (ConfUtils.java:logGet(43)) - raft.server.log.statemachine.data.caching.enabled = true (custom)
2019-09-26 15:38:55,344 [pool-123-thread-1] INFO  segmented.SegmentedRaftLogWorker (SegmentedRaftLogWorker.java:lambda$new$0(132)) - bcb704dc-2543-42a4-8762-cde039a55a99@group-ED2DE555DE76-SegmentedRaftLogWorker: flushIndex: setUnconditionally 0 -> -1
2019-09-26 15:38:55,344 [pool-123-thread-1] INFO  server.RaftServerConfigKeys (ConfUtils.java:logGet(43)) - raft.server.snapshot.auto.trigger.enabled = true (custom)
2019-09-26 15:38:55,344 [pool-123-thread-1] INFO  server.RaftServerConfigKeys (ConfUtils.java:logGet(43)) - raft.server.snapshot.auto.trigger.threshold = 10000 (custom)
2019-09-26 15:38:55,344 [pool-123-thread-1] INFO  server.RaftServerConfigKeys (ConfUtils.java:logGet(43)) - raft.server.snapshot.retention.num.files = 5 (custom)
2019-09-26 15:38:55,344 [pool-123-thread-1] INFO  server.RaftServerConfigKeys (ConfUtils.java:logGet(43)) - raft.server.retrycache.expirytime = 600000ms (custom)
2019-09-26 15:38:55,345 [pool-123-thread-1] INFO  impl.RaftServerImpl (RaftServerImpl.java:start(185)) - bcb704dc-2543-42a4-8762-cde039a55a99@group-ED2DE555DE76: start as a follower, conf=-1: [bcb704dc-2543-42a4-8762-cde039a55a99:192.168.151.99:43663], old=null
2019-09-26 15:38:55,345 [pool-123-thread-1] INFO  impl.RaftServerImpl (RaftServerImpl.java:setRole(174)) - bcb704dc-2543-42a4-8762-cde039a55a99@group-ED2DE555DE76: changes role from      null to FOLLOWER at term 0 for startAsFollower
2019-09-26 15:38:55,345 [pool-123-thread-1] INFO  impl.RoleInfo (RoleInfo.java:updateAndGet(143)) - bcb704dc-2543-42a4-8762-cde039a55a99: start FollowerState
2019-09-26 15:38:55,345 [pool-123-thread-1] INFO  util.JmxRegister (JmxRegister.java:tryRegister(44)) - Successfully registered JMX Bean with object name Ratis:service=RaftServer,group=group-ED2DE555DE76,id=bcb704dc-2543-42a4-8762-cde039a55a99
2019-09-26 15:38:55,347 [RatisPipelineUtilsThread] INFO  pipeline.PipelineStateManager (PipelineStateManager.java:addPipeline(56)) - Created pipeline Pipeline[ Id: ca68c3ce-6053-4851-9fda-ed2de555de76, Nodes: bcb704dc-2543-42a4-8762-cde039a55a99{ip: 192.168.151.99, host: pr-hdds-1569-g6sp5-2013761785, networkLocation: /default-rack, certSerialId: null}, Type:RATIS, Factor:ONE, State:OPEN]
2019-09-26 15:38:55,351 [grpc-default-executor-0] INFO  impl.RaftServerProxy (RaftServerProxy.java:addNew(89)) - bcb704dc-2543-42a4-8762-cde039a55a99: addNew group-6F8BB1A43FA8:[bcb704dc-2543-42a4-8762-cde039a55a99:192.168.151.99:43663] returns group-6F8BB1A43FA8:java.util.concurrent.CompletableFuture@2796f05b[Not completed]
2019-09-26 15:38:55,351 [pool-123-thread-1] INFO  impl.RaftServerImpl (RaftServerImpl.java:<init>(95)) - bcb704dc-2543-42a4-8762-cde039a55a99: new RaftServerImpl for group-6F8BB1A43FA8:[bcb704dc-2543-42a4-8762-cde039a55a99:192.168.151.99:43663] with ContainerStateMachine:uninitialized
2019-09-26 15:38:55,351 [pool-123-thread-1] INFO  server.RaftServerConfigKeys (ConfUtils.java:logGet(43)) - raft.server.rpc.timeout.min = 5s (custom)
2019-09-26 15:38:55,351 [pool-123-thread-1] INFO  server.RaftServerConfigKeys (ConfUtils.java:logGet(43)) - raft.server.rpc.timeout.max = 5200ms (custom)
2019-09-26 15:38:55,351 [pool-123-thread-1] INFO  server.RaftServerConfigKeys (ConfUtils.java:logGet(43)) - raft.server.rpcslowness.timeout = 120s (custom)
2019-09-26 15:38:55,351 [pool-123-thread-1] INFO  server.RaftServerConfigKeys (ConfUtils.java:logGet(43)) - raft.server.sleep.deviation.threshold = 300 (default)
2019-09-26 15:38:55,352 [pool-123-thread-1] INFO  server.RaftServerConfigKeys (ConfUtils.java:logGet(43)) - raft.server.log.appender.install.snapshot.enabled = false (custom)
2019-09-26 15:38:55,352 [pool-123-thread-1] INFO  impl.RaftServerImpl (ServerState.java:<init>(103)) - bcb704dc-2543-42a4-8762-cde039a55a99@group-6F8BB1A43FA8: ConfigurationManager, init=-1: [bcb704dc-2543-42a4-8762-cde039a55a99:192.168.151.99:43663], old=null, confs=<EMPTY_MAP>
2019-09-26 15:38:55,352 [pool-123-thread-1] INFO  server.RaftServerConfigKeys (ConfUtils.java:logGet(43)) - raft.server.storage.dir = [/workdir/hadoop-ozone/integration-test/target/test-dir/MiniOzoneClusterImpl-87962e32-e39f-4c57-b747-30c883c1cc54/datanode-0/data/ratis] (custom)
2019-09-26 15:38:55,352 [pool-123-thread-1] INFO  storage.RaftStorageDirectory (RaftStorageDirectory.java:analyzeStorage(246)) - The storage directory /workdir/hadoop-ozone/integration-test/target/test-dir/MiniOzoneClusterImpl-87962e32-e39f-4c57-b747-30c883c1cc54/datanode-0/data/ratis/21a055ab-ea32-4064-a307-6f8bb1a43fa8 does not exist. Creating ...
2019-09-26 15:38:55,374 [pool-123-thread-1] INFO  storage.RaftStorageDirectory (RaftStorageDirectory.java:tryLock(328)) - Lock on /workdir/hadoop-ozone/integration-test/target/test-dir/MiniOzoneClusterImpl-87962e32-e39f-4c57-b747-30c883c1cc54/datanode-0/data/ratis/21a055ab-ea32-4064-a307-6f8bb1a43fa8/in_use.lock acquired by nodename 10626@pr-hdds-1569-g6sp5-2013761785
2019-09-26 15:38:55,387 [pool-123-thread-1] INFO  storage.RaftStorage (RaftStorage.java:format(72)) - Storage directory /workdir/hadoop-ozone/integration-test/target/test-dir/MiniOzoneClusterImpl-87962e32-e39f-4c57-b747-30c883c1cc54/datanode-0/data/ratis/21a055ab-ea32-4064-a307-6f8bb1a43fa8 has been successfully formatted.
2019-09-26 15:38:55,387 [pool-123-thread-1] INFO  ratis.ContainerStateMachine (ContainerStateMachine.java:loadSnapshot(230)) - group-6F8BB1A43FA8: The snapshot info is null. Setting the last applied indexto:(t:0, i:~)
2019-09-26 15:38:55,387 [pool-123-thread-1] INFO  server.RaftServerConfigKeys (ConfUtils.java:logGet(43)) - raft.server.notification.no-leader.timeout = 120s (custom)
2019-09-26 15:38:55,387 [pool-123-thread-1] INFO  server.RaftServerConfigKeys (ConfUtils.java:logGet(43)) - raft.server.log.use.memory = false (default)
2019-09-26 15:38:55,388 [pool-123-thread-1] INFO  server.RaftServerConfigKeys (ConfUtils.java:logGet(43)) - raft.server.log.purge.gap = 1000000 (custom)
2019-09-26 15:38:55,388 [pool-123-thread-1] INFO  server.RaftServerConfigKeys (ConfUtils.java:logGet(43)) - raft.server.log.appender.buffer.byte-limit = 33554432 (custom)
2019-09-26 15:38:55,388 [pool-123-thread-1] INFO  server.RaftServerConfigKeys (ConfUtils.java:logGet(43)) - raft.server.log.segment.size.max = 1048576 (custom)
2019-09-26 15:38:55,388 [pool-123-thread-1] INFO  server.RaftServerConfigKeys (ConfUtils.java:logGet(43)) - raft.server.log.segment.cache.num.max = 2 (custom)
2019-09-26 15:38:55,388 [pool-123-thread-1] INFO  segmented.SegmentedRaftLogWorker (SegmentedRaftLogWorker.java:<init>(172)) - new bcb704dc-2543-42a4-8762-cde039a55a99@group-6F8BB1A43FA8-SegmentedRaftLogWorker for RaftStorage:Storage Directory /workdir/hadoop-ozone/integration-test/target/test-dir/MiniOzoneClusterImpl-87962e32-e39f-4c57-b747-30c883c1cc54/datanode-0/data/ratis/21a055ab-ea32-4064-a307-6f8bb1a43fa8
2019-09-26 15:38:55,388 [pool-123-thread-1] INFO  server.RaftServerConfigKeys (ConfUtils.java:logGet(43)) - raft.server.log.queue.byte-limit = 2147483647 (custom)
2019-09-26 15:38:55,388 [pool-123-thread-1] INFO  server.RaftServerConfigKeys (ConfUtils.java:logGet(43)) - raft.server.log.queue.element-limit = 1024 (custom)
2019-09-26 15:38:55,388 [pool-123-thread-1] INFO  server.RaftServerConfigKeys (ConfUtils.java:logGet(43)) - raft.server.log.segment.size.max = 1048576 (custom)
2019-09-26 15:38:55,388 [pool-123-thread-1] INFO  server.RaftServerConfigKeys (ConfUtils.java:logGet(43)) - raft.server.log.preallocated.size = 16384 (custom)
2019-09-26 15:38:55,388 [pool-123-thread-1] INFO  server.RaftServerConfigKeys (ConfUtils.java:logGet(43)) - raft.server.log.write.buffer.size = 33554432 (custom)
2019-09-26 15:38:55,388 [pool-123-thread-1] INFO  server.RaftServerConfigKeys (ConfUtils.java:logGet(43)) - raft.server.log.force.sync.num = 128 (default)
2019-09-26 15:38:55,388 [pool-123-thread-1] INFO  server.RaftServerConfigKeys (ConfUtils.java:logGet(43)) - raft.server.log.statemachine.data.sync = true (default)
2019-09-26 15:38:55,389 [pool-123-thread-1] INFO  server.RaftServerConfigKeys (ConfUtils.java:logGet(43)) - raft.server.log.statemachine.data.sync.timeout = 10s (default)
2019-09-26 15:38:55,389 [pool-123-thread-1] INFO  server.RaftServerConfigKeys (ConfUtils.java:logGet(43)) - raft.server.log.statemachine.data.sync.timeout.retry = -1 (default)
2019-09-26 15:38:55,389 [pool-123-thread-1] INFO  server.RaftServerConfigKeys (ConfUtils.java:logGet(43)) - raft.server.log.statemachine.data.caching.enabled = true (custom)
2019-09-26 15:38:55,389 [pool-123-thread-1] INFO  segmented.SegmentedRaftLogWorker (SegmentedRaftLogWorker.java:lambda$new$0(132)) - bcb704dc-2543-42a4-8762-cde039a55a99@group-6F8BB1A43FA8-SegmentedRaftLogWorker: flushIndex: setUnconditionally 0 -> -1
2019-09-26 15:38:55,389 [pool-123-thread-1] INFO  server.RaftServerConfigKeys (ConfUtils.java:logGet(43)) - raft.server.snapshot.auto.trigger.enabled = true (custom)
2019-09-26 15:38:55,389 [pool-123-thread-1] INFO  server.RaftServerConfigKeys (ConfUtils.java:logGet(43)) - raft.server.snapshot.auto.trigger.threshold = 10000 (custom)
2019-09-26 15:38:55,389 [pool-123-thread-1] INFO  server.RaftServerConfigKeys (ConfUtils.java:logGet(43)) - raft.server.snapshot.retention.num.files = 5 (custom)
2019-09-26 15:38:55,389 [pool-123-thread-1] INFO  server.RaftServerConfigKeys (ConfUtils.java:logGet(43)) - raft.server.retrycache.expirytime = 600000ms (custom)
2019-09-26 15:38:55,390 [pool-123-thread-1] INFO  impl.RaftServerImpl (RaftServerImpl.java:start(185)) - bcb704dc-2543-42a4-8762-cde039a55a99@group-6F8BB1A43FA8: start as a follower, conf=-1: [bcb704dc-2543-42a4-8762-cde039a55a99:192.168.151.99:43663], old=null
2019-09-26 15:38:55,391 [pool-123-thread-1] INFO  impl.RaftServerImpl (RaftServerImpl.java:setRole(174)) - bcb704dc-2543-42a4-8762-cde039a55a99@group-6F8BB1A43FA8: changes role from      null to FOLLOWER at term 0 for startAsFollower
2019-09-26 15:38:55,391 [pool-123-thread-1] INFO  impl.RoleInfo (RoleInfo.java:updateAndGet(143)) - bcb704dc-2543-42a4-8762-cde039a55a99: start FollowerState
2019-09-26 15:38:55,391 [pool-123-thread-1] INFO  util.JmxRegister (JmxRegister.java:tryRegister(44)) - Successfully registered JMX Bean with object name Ratis:service=RaftServer,group=group-6F8BB1A43FA8,id=bcb704dc-2543-42a4-8762-cde039a55a99
2019-09-26 15:38:55,393 [RatisPipelineUtilsThread] INFO  pipeline.PipelineStateManager (PipelineStateManager.java:addPipeline(56)) - Created pipeline Pipeline[ Id: 21a055ab-ea32-4064-a307-6f8bb1a43fa8, Nodes: bcb704dc-2543-42a4-8762-cde039a55a99{ip: 192.168.151.99, host: pr-hdds-1569-g6sp5-2013761785, networkLocation: /default-rack, certSerialId: null}, Type:RATIS, Factor:ONE, State:OPEN]
2019-09-26 15:38:55,397 [grpc-default-executor-0] INFO  impl.RaftServerProxy (RaftServerProxy.java:addNew(89)) - bcb704dc-2543-42a4-8762-cde039a55a99: addNew group-65416477802C:[bcb704dc-2543-42a4-8762-cde039a55a99:192.168.151.99:43663] returns group-65416477802C:java.util.concurrent.CompletableFuture@1f09f085[Not completed]
2019-09-26 15:38:55,398 [pool-123-thread-1] INFO  impl.RaftServerImpl (RaftServerImpl.java:<init>(95)) - bcb704dc-2543-42a4-8762-cde039a55a99: new RaftServerImpl for group-65416477802C:[bcb704dc-2543-42a4-8762-cde039a55a99:192.168.151.99:43663] with ContainerStateMachine:uninitialized
2019-09-26 15:38:55,398 [pool-123-thread-1] INFO  server.RaftServerConfigKeys (ConfUtils.java:logGet(43)) - raft.server.rpc.timeout.min = 5s (custom)
2019-09-26 15:38:55,398 [pool-123-thread-1] INFO  server.RaftServerConfigKeys (ConfUtils.java:logGet(43)) - raft.server.rpc.timeout.max = 5200ms (custom)
2019-09-26 15:38:55,398 [pool-123-thread-1] INFO  server.RaftServerConfigKeys (ConfUtils.java:logGet(43)) - raft.server.rpcslowness.timeout = 120s (custom)
2019-09-26 15:38:55,398 [pool-123-thread-1] INFO  server.RaftServerConfigKeys (ConfUtils.java:logGet(43)) - raft.server.sleep.deviation.threshold = 300 (default)
2019-09-26 15:38:55,398 [pool-123-thread-1] INFO  server.RaftServerConfigKeys (ConfUtils.java:logGet(43)) - raft.server.log.appender.install.snapshot.enabled = false (custom)
2019-09-26 15:38:55,398 [pool-123-thread-1] INFO  impl.RaftServerImpl (ServerState.java:<init>(103)) - bcb704dc-2543-42a4-8762-cde039a55a99@group-65416477802C: ConfigurationManager, init=-1: [bcb704dc-2543-42a4-8762-cde039a55a99:192.168.151.99:43663], old=null, confs=<EMPTY_MAP>
2019-09-26 15:38:55,398 [pool-123-thread-1] INFO  server.RaftServerConfigKeys (ConfUtils.java:logGet(43)) - raft.server.storage.dir = [/workdir/hadoop-ozone/integration-test/target/test-dir/MiniOzoneClusterImpl-87962e32-e39f-4c57-b747-30c883c1cc54/datanode-0/data/ratis] (custom)
2019-09-26 15:38:55,399 [pool-123-thread-1] INFO  storage.RaftStorageDirectory (RaftStorageDirectory.java:analyzeStorage(246)) - The storage directory /workdir/hadoop-ozone/integration-test/target/test-dir/MiniOzoneClusterImpl-87962e32-e39f-4c57-b747-30c883c1cc54/datanode-0/data/ratis/da491f87-c677-4a76-9068-65416477802c does not exist. Creating ...
2019-09-26 15:38:55,412 [pool-123-thread-1] INFO  storage.RaftStorageDirectory (RaftStorageDirectory.java:tryLock(328)) - Lock on /workdir/hadoop-ozone/integration-test/target/test-dir/MiniOzoneClusterImpl-87962e32-e39f-4c57-b747-30c883c1cc54/datanode-0/data/ratis/da491f87-c677-4a76-9068-65416477802c/in_use.lock acquired by nodename 10626@pr-hdds-1569-g6sp5-2013761785
2019-09-26 15:38:55,425 [pool-123-thread-1] INFO  storage.RaftStorage (RaftStorage.java:format(72)) - Storage directory /workdir/hadoop-ozone/integration-test/target/test-dir/MiniOzoneClusterImpl-87962e32-e39f-4c57-b747-30c883c1cc54/datanode-0/data/ratis/da491f87-c677-4a76-9068-65416477802c has been successfully formatted.
2019-09-26 15:38:55,425 [pool-123-thread-1] INFO  ratis.ContainerStateMachine (ContainerStateMachine.java:loadSnapshot(230)) - group-65416477802C: The snapshot info is null. Setting the last applied indexto:(t:0, i:~)
2019-09-26 15:38:55,425 [pool-123-thread-1] INFO  server.RaftServerConfigKeys (ConfUtils.java:logGet(43)) - raft.server.notification.no-leader.timeout = 120s (custom)
2019-09-26 15:38:55,426 [pool-123-thread-1] INFO  server.RaftServerConfigKeys (ConfUtils.java:logGet(43)) - raft.server.log.use.memory = false (default)
2019-09-26 15:38:55,426 [pool-123-thread-1] INFO  server.RaftServerConfigKeys (ConfUtils.java:logGet(43)) - raft.server.log.purge.gap = 1000000 (custom)
2019-09-26 15:38:55,426 [pool-123-thread-1] INFO  server.RaftServerConfigKeys (ConfUtils.java:logGet(43)) - raft.server.log.appender.buffer.byte-limit = 33554432 (custom)
2019-09-26 15:38:55,426 [pool-123-thread-1] INFO  server.RaftServerConfigKeys (ConfUtils.java:logGet(43)) - raft.server.log.segment.size.max = 1048576 (custom)
2019-09-26 15:38:55,426 [pool-123-thread-1] INFO  server.RaftServerConfigKeys (ConfUtils.java:logGet(43)) - raft.server.log.segment.cache.num.max = 2 (custom)
2019-09-26 15:38:55,426 [pool-123-thread-1] INFO  segmented.SegmentedRaftLogWorker (SegmentedRaftLogWorker.java:<init>(172)) - new bcb704dc-2543-42a4-8762-cde039a55a99@group-65416477802C-SegmentedRaftLogWorker for RaftStorage:Storage Directory /workdir/hadoop-ozone/integration-test/target/test-dir/MiniOzoneClusterImpl-87962e32-e39f-4c57-b747-30c883c1cc54/datanode-0/data/ratis/da491f87-c677-4a76-9068-65416477802c
2019-09-26 15:38:55,426 [pool-123-thread-1] INFO  server.RaftServerConfigKeys (ConfUtils.java:logGet(43)) - raft.server.log.queue.byte-limit = 2147483647 (custom)
2019-09-26 15:38:55,426 [pool-123-thread-1] INFO  server.RaftServerConfigKeys (ConfUtils.java:logGet(43)) - raft.server.log.queue.element-limit = 1024 (custom)
2019-09-26 15:38:55,426 [pool-123-thread-1] INFO  server.RaftServerConfigKeys (ConfUtils.java:logGet(43)) - raft.server.log.segment.size.max = 1048576 (custom)
2019-09-26 15:38:55,426 [pool-123-thread-1] INFO  server.RaftServerConfigKeys (ConfUtils.java:logGet(43)) - raft.server.log.preallocated.size = 16384 (custom)
2019-09-26 15:38:55,426 [pool-123-thread-1] INFO  server.RaftServerConfigKeys (ConfUtils.java:logGet(43)) - raft.server.log.write.buffer.size = 33554432 (custom)
2019-09-26 15:38:55,426 [pool-123-thread-1] INFO  server.RaftServerConfigKeys (ConfUtils.java:logGet(43)) - raft.server.log.force.sync.num = 128 (default)
2019-09-26 15:38:55,427 [pool-123-thread-1] INFO  server.RaftServerConfigKeys (ConfUtils.java:logGet(43)) - raft.server.log.statemachine.data.sync = true (default)
2019-09-26 15:38:55,427 [pool-123-thread-1] INFO  server.RaftServerConfigKeys (ConfUtils.java:logGet(43)) - raft.server.log.statemachine.data.sync.timeout = 10s (default)
2019-09-26 15:38:55,427 [pool-123-thread-1] INFO  server.RaftServerConfigKeys (ConfUtils.java:logGet(43)) - raft.server.log.statemachine.data.sync.timeout.retry = -1 (default)
2019-09-26 15:38:55,427 [pool-123-thread-1] INFO  server.RaftServerConfigKeys (ConfUtils.java:logGet(43)) - raft.server.log.statemachine.data.caching.enabled = true (custom)
2019-09-26 15:38:55,427 [pool-123-thread-1] INFO  segmented.SegmentedRaftLogWorker (SegmentedRaftLogWorker.java:lambda$new$0(132)) - bcb704dc-2543-42a4-8762-cde039a55a99@group-65416477802C-SegmentedRaftLogWorker: flushIndex: setUnconditionally 0 -> -1
2019-09-26 15:38:55,427 [pool-123-thread-1] INFO  server.RaftServerConfigKeys (ConfUtils.java:logGet(43)) - raft.server.snapshot.auto.trigger.enabled = true (custom)
2019-09-26 15:38:55,427 [pool-123-thread-1] INFO  server.RaftServerConfigKeys (ConfUtils.java:logGet(43)) - raft.server.snapshot.auto.trigger.threshold = 10000 (custom)
2019-09-26 15:38:55,427 [pool-123-thread-1] INFO  server.RaftServerConfigKeys (ConfUtils.java:logGet(43)) - raft.server.snapshot.retention.num.files = 5 (custom)
2019-09-26 15:38:55,428 [pool-123-thread-1] INFO  server.RaftServerConfigKeys (ConfUtils.java:logGet(43)) - raft.server.retrycache.expirytime = 600000ms (custom)
2019-09-26 15:38:55,429 [pool-123-thread-1] INFO  impl.RaftServerImpl (RaftServerImpl.java:start(185)) - bcb704dc-2543-42a4-8762-cde039a55a99@group-65416477802C: start as a follower, conf=-1: [bcb704dc-2543-42a4-8762-cde039a55a99:192.168.151.99:43663], old=null
2019-09-26 15:38:55,429 [pool-123-thread-1] INFO  impl.RaftServerImpl (RaftServerImpl.java:setRole(174)) - bcb704dc-2543-42a4-8762-cde039a55a99@group-65416477802C: changes role from      null to FOLLOWER at term 0 for startAsFollower
2019-09-26 15:38:55,429 [pool-123-thread-1] INFO  impl.RoleInfo (RoleInfo.java:updateAndGet(143)) - bcb704dc-2543-42a4-8762-cde039a55a99: start FollowerState
2019-09-26 15:38:55,429 [pool-123-thread-1] INFO  util.JmxRegister (JmxRegister.java:tryRegister(44)) - Successfully registered JMX Bean with object name Ratis:service=RaftServer,group=group-65416477802C,id=bcb704dc-2543-42a4-8762-cde039a55a99
2019-09-26 15:38:55,435 [RatisPipelineUtilsThread] INFO  pipeline.PipelineStateManager (PipelineStateManager.java:addPipeline(56)) - Created pipeline Pipeline[ Id: da491f87-c677-4a76-9068-65416477802c, Nodes: bcb704dc-2543-42a4-8762-cde039a55a99{ip: 192.168.151.99, host: pr-hdds-1569-g6sp5-2013761785, networkLocation: /default-rack, certSerialId: null}, Type:RATIS, Factor:ONE, State:OPEN]
2019-09-26 15:38:55,439 [grpc-default-executor-0] INFO  impl.RaftServerProxy (RaftServerProxy.java:addNew(89)) - bcb704dc-2543-42a4-8762-cde039a55a99: addNew group-5939DCBF12B5:[bcb704dc-2543-42a4-8762-cde039a55a99:192.168.151.99:43663] returns group-5939DCBF12B5:java.util.concurrent.CompletableFuture@306a07a7[Not completed]
2019-09-26 15:38:55,440 [pool-123-thread-1] INFO  impl.RaftServerImpl (RaftServerImpl.java:<init>(95)) - bcb704dc-2543-42a4-8762-cde039a55a99: new RaftServerImpl for group-5939DCBF12B5:[bcb704dc-2543-42a4-8762-cde039a55a99:192.168.151.99:43663] with ContainerStateMachine:uninitialized
2019-09-26 15:38:55,440 [pool-123-thread-1] INFO  server.RaftServerConfigKeys (ConfUtils.java:logGet(43)) - raft.server.rpc.timeout.min = 5s (custom)
2019-09-26 15:38:55,440 [pool-123-thread-1] INFO  server.RaftServerConfigKeys (ConfUtils.java:logGet(43)) - raft.server.rpc.timeout.max = 5200ms (custom)
2019-09-26 15:38:55,440 [pool-123-thread-1] INFO  server.RaftServerConfigKeys (ConfUtils.java:logGet(43)) - raft.server.rpcslowness.timeout = 120s (custom)
2019-09-26 15:38:55,440 [pool-123-thread-1] INFO  server.RaftServerConfigKeys (ConfUtils.java:logGet(43)) - raft.server.sleep.deviation.threshold = 300 (default)
2019-09-26 15:38:55,440 [pool-123-thread-1] INFO  server.RaftServerConfigKeys (ConfUtils.java:logGet(43)) - raft.server.log.appender.install.snapshot.enabled = false (custom)
2019-09-26 15:38:55,440 [pool-123-thread-1] INFO  impl.RaftServerImpl (ServerState.java:<init>(103)) - bcb704dc-2543-42a4-8762-cde039a55a99@group-5939DCBF12B5: ConfigurationManager, init=-1: [bcb704dc-2543-42a4-8762-cde039a55a99:192.168.151.99:43663], old=null, confs=<EMPTY_MAP>
2019-09-26 15:38:55,440 [pool-123-thread-1] INFO  server.RaftServerConfigKeys (ConfUtils.java:logGet(43)) - raft.server.storage.dir = [/workdir/hadoop-ozone/integration-test/target/test-dir/MiniOzoneClusterImpl-87962e32-e39f-4c57-b747-30c883c1cc54/datanode-0/data/ratis] (custom)
2019-09-26 15:38:55,441 [pool-123-thread-1] INFO  storage.RaftStorageDirectory (RaftStorageDirectory.java:analyzeStorage(246)) - The storage directory /workdir/hadoop-ozone/integration-test/target/test-dir/MiniOzoneClusterImpl-87962e32-e39f-4c57-b747-30c883c1cc54/datanode-0/data/ratis/30e53193-4a41-45b7-afaf-5939dcbf12b5 does not exist. Creating ...
2019-09-26 15:38:55,453 [pool-123-thread-1] INFO  storage.RaftStorageDirectory (RaftStorageDirectory.java:tryLock(328)) - Lock on /workdir/hadoop-ozone/integration-test/target/test-dir/MiniOzoneClusterImpl-87962e32-e39f-4c57-b747-30c883c1cc54/datanode-0/data/ratis/30e53193-4a41-45b7-afaf-5939dcbf12b5/in_use.lock acquired by nodename 10626@pr-hdds-1569-g6sp5-2013761785
2019-09-26 15:38:55,467 [pool-123-thread-1] INFO  storage.RaftStorage (RaftStorage.java:format(72)) - Storage directory /workdir/hadoop-ozone/integration-test/target/test-dir/MiniOzoneClusterImpl-87962e32-e39f-4c57-b747-30c883c1cc54/datanode-0/data/ratis/30e53193-4a41-45b7-afaf-5939dcbf12b5 has been successfully formatted.
2019-09-26 15:38:55,467 [pool-123-thread-1] INFO  ratis.ContainerStateMachine (ContainerStateMachine.java:loadSnapshot(230)) - group-5939DCBF12B5: The snapshot info is null. Setting the last applied indexto:(t:0, i:~)
2019-09-26 15:38:55,467 [pool-123-thread-1] INFO  server.RaftServerConfigKeys (ConfUtils.java:logGet(43)) - raft.server.notification.no-leader.timeout = 120s (custom)
2019-09-26 15:38:55,467 [pool-123-thread-1] INFO  server.RaftServerConfigKeys (ConfUtils.java:logGet(43)) - raft.server.log.use.memory = false (default)
2019-09-26 15:38:55,467 [pool-123-thread-1] INFO  server.RaftServerConfigKeys (ConfUtils.java:logGet(43)) - raft.server.log.purge.gap = 1000000 (custom)
2019-09-26 15:38:55,468 [pool-123-thread-1] INFO  server.RaftServerConfigKeys (ConfUtils.java:logGet(43)) - raft.server.log.appender.buffer.byte-limit = 33554432 (custom)
2019-09-26 15:38:55,468 [pool-123-thread-1] INFO  server.RaftServerConfigKeys (ConfUtils.java:logGet(43)) - raft.server.log.segment.size.max = 1048576 (custom)
2019-09-26 15:38:55,468 [pool-123-thread-1] INFO  server.RaftServerConfigKeys (ConfUtils.java:logGet(43)) - raft.server.log.segment.cache.num.max = 2 (custom)
2019-09-26 15:38:55,468 [pool-123-thread-1] INFO  segmented.SegmentedRaftLogWorker (SegmentedRaftLogWorker.java:<init>(172)) - new bcb704dc-2543-42a4-8762-cde039a55a99@group-5939DCBF12B5-SegmentedRaftLogWorker for RaftStorage:Storage Directory /workdir/hadoop-ozone/integration-test/target/test-dir/MiniOzoneClusterImpl-87962e32-e39f-4c57-b747-30c883c1cc54/datanode-0/data/ratis/30e53193-4a41-45b7-afaf-5939dcbf12b5
2019-09-26 15:38:55,468 [pool-123-thread-1] INFO  server.RaftServerConfigKeys (ConfUtils.java:logGet(43)) - raft.server.log.queue.byte-limit = 2147483647 (custom)
2019-09-26 15:38:55,468 [pool-123-thread-1] INFO  server.RaftServerConfigKeys (ConfUtils.java:logGet(43)) - raft.server.log.queue.element-limit = 1024 (custom)
2019-09-26 15:38:55,468 [pool-123-thread-1] INFO  server.RaftServerConfigKeys (ConfUtils.java:logGet(43)) - raft.server.log.segment.size.max = 1048576 (custom)
2019-09-26 15:38:55,469 [pool-123-thread-1] INFO  server.RaftServerConfigKeys (ConfUtils.java:logGet(43)) - raft.server.log.preallocated.size = 16384 (custom)
2019-09-26 15:38:55,469 [pool-123-thread-1] INFO  server.RaftServerConfigKeys (ConfUtils.java:logGet(43)) - raft.server.log.write.buffer.size = 33554432 (custom)
2019-09-26 15:38:55,469 [pool-123-thread-1] INFO  server.RaftServerConfigKeys (ConfUtils.java:logGet(43)) - raft.server.log.force.sync.num = 128 (default)
2019-09-26 15:38:55,469 [pool-123-thread-1] INFO  server.RaftServerConfigKeys (ConfUtils.java:logGet(43)) - raft.server.log.statemachine.data.sync = true (default)
2019-09-26 15:38:55,469 [pool-123-thread-1] INFO  server.RaftServerConfigKeys (ConfUtils.java:logGet(43)) - raft.server.log.statemachine.data.sync.timeout = 10s (default)
2019-09-26 15:38:55,469 [pool-123-thread-1] INFO  server.RaftServerConfigKeys (ConfUtils.java:logGet(43)) - raft.server.log.statemachine.data.sync.timeout.retry = -1 (default)
2019-09-26 15:38:55,469 [pool-123-thread-1] INFO  server.RaftServerConfigKeys (ConfUtils.java:logGet(43)) - raft.server.log.statemachine.data.caching.enabled = true (custom)
2019-09-26 15:38:55,470 [pool-123-thread-1] INFO  segmented.SegmentedRaftLogWorker (SegmentedRaftLogWorker.java:lambda$new$0(132)) - bcb704dc-2543-42a4-8762-cde039a55a99@group-5939DCBF12B5-SegmentedRaftLogWorker: flushIndex: setUnconditionally 0 -> -1
2019-09-26 15:38:55,470 [pool-123-thread-1] INFO  server.RaftServerConfigKeys (ConfUtils.java:logGet(43)) - raft.server.snapshot.auto.trigger.enabled = true (custom)
2019-09-26 15:38:55,470 [pool-123-thread-1] INFO  server.RaftServerConfigKeys (ConfUtils.java:logGet(43)) - raft.server.snapshot.auto.trigger.threshold = 10000 (custom)
2019-09-26 15:38:55,470 [pool-123-thread-1] INFO  server.RaftServerConfigKeys (ConfUtils.java:logGet(43)) - raft.server.snapshot.retention.num.files = 5 (custom)
2019-09-26 15:38:55,470 [pool-123-thread-1] INFO  server.RaftServerConfigKeys (ConfUtils.java:logGet(43)) - raft.server.retrycache.expirytime = 600000ms (custom)
2019-09-26 15:38:55,472 [pool-123-thread-1] INFO  impl.RaftServerImpl (RaftServerImpl.java:start(185)) - bcb704dc-2543-42a4-8762-cde039a55a99@group-5939DCBF12B5: start as a follower, conf=-1: [bcb704dc-2543-42a4-8762-cde039a55a99:192.168.151.99:43663], old=null
2019-09-26 15:38:55,472 [pool-123-thread-1] INFO  impl.RaftServerImpl (RaftServerImpl.java:setRole(174)) - bcb704dc-2543-42a4-8762-cde039a55a99@group-5939DCBF12B5: changes role from      null to FOLLOWER at term 0 for startAsFollower
2019-09-26 15:38:55,472 [pool-123-thread-1] INFO  impl.RoleInfo (RoleInfo.java:updateAndGet(143)) - bcb704dc-2543-42a4-8762-cde039a55a99: start FollowerState
2019-09-26 15:38:55,473 [pool-123-thread-1] INFO  util.JmxRegister (JmxRegister.java:tryRegister(44)) - Successfully registered JMX Bean with object name Ratis:service=RaftServer,group=group-5939DCBF12B5,id=bcb704dc-2543-42a4-8762-cde039a55a99
2019-09-26 15:38:55,474 [RatisPipelineUtilsThread] INFO  pipeline.PipelineStateManager (PipelineStateManager.java:addPipeline(56)) - Created pipeline Pipeline[ Id: 30e53193-4a41-45b7-afaf-5939dcbf12b5, Nodes: bcb704dc-2543-42a4-8762-cde039a55a99{ip: 192.168.151.99, host: pr-hdds-1569-g6sp5-2013761785, networkLocation: /default-rack, certSerialId: null}, Type:RATIS, Factor:ONE, State:OPEN]
2019-09-26 15:38:55,479 [grpc-default-executor-0] INFO  impl.RaftServerProxy (RaftServerProxy.java:addNew(89)) - bcb704dc-2543-42a4-8762-cde039a55a99: addNew group-213A0DCAA528:[bcb704dc-2543-42a4-8762-cde039a55a99:192.168.151.99:43663] returns group-213A0DCAA528:java.util.concurrent.CompletableFuture@1e150e01[Not completed]
2019-09-26 15:38:55,479 [pool-123-thread-1] INFO  impl.RaftServerImpl (RaftServerImpl.java:<init>(95)) - bcb704dc-2543-42a4-8762-cde039a55a99: new RaftServerImpl for group-213A0DCAA528:[bcb704dc-2543-42a4-8762-cde039a55a99:192.168.151.99:43663] with ContainerStateMachine:uninitialized
2019-09-26 15:38:55,479 [pool-123-thread-1] INFO  server.RaftServerConfigKeys (ConfUtils.java:logGet(43)) - raft.server.rpc.timeout.min = 5s (custom)
2019-09-26 15:38:55,479 [pool-123-thread-1] INFO  server.RaftServerConfigKeys (ConfUtils.java:logGet(43)) - raft.server.rpc.timeout.max = 5200ms (custom)
2019-09-26 15:38:55,480 [pool-123-thread-1] INFO  server.RaftServerConfigKeys (ConfUtils.java:logGet(43)) - raft.server.rpcslowness.timeout = 120s (custom)
2019-09-26 15:38:55,480 [pool-123-thread-1] INFO  server.RaftServerConfigKeys (ConfUtils.java:logGet(43)) - raft.server.sleep.deviation.threshold = 300 (default)
2019-09-26 15:38:55,480 [pool-123-thread-1] INFO  server.RaftServerConfigKeys (ConfUtils.java:logGet(43)) - raft.server.log.appender.install.snapshot.enabled = false (custom)
2019-09-26 15:38:55,480 [pool-123-thread-1] INFO  impl.RaftServerImpl (ServerState.java:<init>(103)) - bcb704dc-2543-42a4-8762-cde039a55a99@group-213A0DCAA528: ConfigurationManager, init=-1: [bcb704dc-2543-42a4-8762-cde039a55a99:192.168.151.99:43663], old=null, confs=<EMPTY_MAP>
2019-09-26 15:38:55,480 [pool-123-thread-1] INFO  server.RaftServerConfigKeys (ConfUtils.java:logGet(43)) - raft.server.storage.dir = [/workdir/hadoop-ozone/integration-test/target/test-dir/MiniOzoneClusterImpl-87962e32-e39f-4c57-b747-30c883c1cc54/datanode-0/data/ratis] (custom)
2019-09-26 15:38:55,481 [pool-123-thread-1] INFO  storage.RaftStorageDirectory (RaftStorageDirectory.java:analyzeStorage(246)) - The storage directory /workdir/hadoop-ozone/integration-test/target/test-dir/MiniOzoneClusterImpl-87962e32-e39f-4c57-b747-30c883c1cc54/datanode-0/data/ratis/4f7e47e0-2a79-4e82-8808-213a0dcaa528 does not exist. Creating ...
2019-09-26 15:38:55,493 [pool-123-thread-1] INFO  storage.RaftStorageDirectory (RaftStorageDirectory.java:tryLock(328)) - Lock on /workdir/hadoop-ozone/integration-test/target/test-dir/MiniOzoneClusterImpl-87962e32-e39f-4c57-b747-30c883c1cc54/datanode-0/data/ratis/4f7e47e0-2a79-4e82-8808-213a0dcaa528/in_use.lock acquired by nodename 10626@pr-hdds-1569-g6sp5-2013761785
2019-09-26 15:38:55,507 [pool-123-thread-1] INFO  storage.RaftStorage (RaftStorage.java:format(72)) - Storage directory /workdir/hadoop-ozone/integration-test/target/test-dir/MiniOzoneClusterImpl-87962e32-e39f-4c57-b747-30c883c1cc54/datanode-0/data/ratis/4f7e47e0-2a79-4e82-8808-213a0dcaa528 has been successfully formatted.
2019-09-26 15:38:55,507 [pool-123-thread-1] INFO  ratis.ContainerStateMachine (ContainerStateMachine.java:loadSnapshot(230)) - group-213A0DCAA528: The snapshot info is null. Setting the last applied indexto:(t:0, i:~)
2019-09-26 15:38:55,507 [pool-123-thread-1] INFO  server.RaftServerConfigKeys (ConfUtils.java:logGet(43)) - raft.server.notification.no-leader.timeout = 120s (custom)
2019-09-26 15:38:55,507 [pool-123-thread-1] INFO  server.RaftServerConfigKeys (ConfUtils.java:logGet(43)) - raft.server.log.use.memory = false (default)
2019-09-26 15:38:55,507 [pool-123-thread-1] INFO  server.RaftServerConfigKeys (ConfUtils.java:logGet(43)) - raft.server.log.purge.gap = 1000000 (custom)
2019-09-26 15:38:55,507 [pool-123-thread-1] INFO  server.RaftServerConfigKeys (ConfUtils.java:logGet(43)) - raft.server.log.appender.buffer.byte-limit = 33554432 (custom)
2019-09-26 15:38:55,507 [pool-123-thread-1] INFO  server.RaftServerConfigKeys (ConfUtils.java:logGet(43)) - raft.server.log.segment.size.max = 1048576 (custom)
2019-09-26 15:38:55,507 [pool-123-thread-1] INFO  server.RaftServerConfigKeys (ConfUtils.java:logGet(43)) - raft.server.log.segment.cache.num.max = 2 (custom)
2019-09-26 15:38:55,507 [pool-123-thread-1] INFO  segmented.SegmentedRaftLogWorker (SegmentedRaftLogWorker.java:<init>(172)) - new bcb704dc-2543-42a4-8762-cde039a55a99@group-213A0DCAA528-SegmentedRaftLogWorker for RaftStorage:Storage Directory /workdir/hadoop-ozone/integration-test/target/test-dir/MiniOzoneClusterImpl-87962e32-e39f-4c57-b747-30c883c1cc54/datanode-0/data/ratis/4f7e47e0-2a79-4e82-8808-213a0dcaa528
2019-09-26 15:38:55,507 [pool-123-thread-1] INFO  server.RaftServerConfigKeys (ConfUtils.java:logGet(43)) - raft.server.log.queue.byte-limit = 2147483647 (custom)
2019-09-26 15:38:55,508 [pool-123-thread-1] INFO  server.RaftServerConfigKeys (ConfUtils.java:logGet(43)) - raft.server.log.queue.element-limit = 1024 (custom)
2019-09-26 15:38:55,508 [pool-123-thread-1] INFO  server.RaftServerConfigKeys (ConfUtils.java:logGet(43)) - raft.server.log.segment.size.max = 1048576 (custom)
2019-09-26 15:38:55,508 [pool-123-thread-1] INFO  server.RaftServerConfigKeys (ConfUtils.java:logGet(43)) - raft.server.log.preallocated.size = 16384 (custom)
2019-09-26 15:38:55,508 [pool-123-thread-1] INFO  server.RaftServerConfigKeys (ConfUtils.java:logGet(43)) - raft.server.log.write.buffer.size = 33554432 (custom)
2019-09-26 15:38:55,508 [pool-123-thread-1] INFO  server.RaftServerConfigKeys (ConfUtils.java:logGet(43)) - raft.server.log.force.sync.num = 128 (default)
2019-09-26 15:38:55,508 [pool-123-thread-1] INFO  server.RaftServerConfigKeys (ConfUtils.java:logGet(43)) - raft.server.log.statemachine.data.sync = true (default)
2019-09-26 15:38:55,508 [pool-123-thread-1] INFO  server.RaftServerConfigKeys (ConfUtils.java:logGet(43)) - raft.server.log.statemachine.data.sync.timeout = 10s (default)
2019-09-26 15:38:55,508 [pool-123-thread-1] INFO  server.RaftServerConfigKeys (ConfUtils.java:logGet(43)) - raft.server.log.statemachine.data.sync.timeout.retry = -1 (default)
2019-09-26 15:38:55,508 [pool-123-thread-1] INFO  server.RaftServerConfigKeys (ConfUtils.java:logGet(43)) - raft.server.log.statemachine.data.caching.enabled = true (custom)
2019-09-26 15:38:55,508 [pool-123-thread-1] INFO  segmented.SegmentedRaftLogWorker (SegmentedRaftLogWorker.java:lambda$new$0(132)) - bcb704dc-2543-42a4-8762-cde039a55a99@group-213A0DCAA528-SegmentedRaftLogWorker: flushIndex: setUnconditionally 0 -> -1
2019-09-26 15:38:55,509 [pool-123-thread-1] INFO  server.RaftServerConfigKeys (ConfUtils.java:logGet(43)) - raft.server.snapshot.auto.trigger.enabled = true (custom)
2019-09-26 15:38:55,509 [pool-123-thread-1] INFO  server.RaftServerConfigKeys (ConfUtils.java:logGet(43)) - raft.server.snapshot.auto.trigger.threshold = 10000 (custom)
2019-09-26 15:38:55,509 [pool-123-thread-1] INFO  server.RaftServerConfigKeys (ConfUtils.java:logGet(43)) - raft.server.snapshot.retention.num.files = 5 (custom)
2019-09-26 15:38:55,509 [pool-123-thread-1] INFO  server.RaftServerConfigKeys (ConfUtils.java:logGet(43)) - raft.server.retrycache.expirytime = 600000ms (custom)
2019-09-26 15:38:55,510 [pool-123-thread-1] INFO  impl.RaftServerImpl (RaftServerImpl.java:start(185)) - bcb704dc-2543-42a4-8762-cde039a55a99@group-213A0DCAA528: start as a follower, conf=-1: [bcb704dc-2543-42a4-8762-cde039a55a99:192.168.151.99:43663], old=null
2019-09-26 15:38:55,510 [pool-123-thread-1] INFO  impl.RaftServerImpl (RaftServerImpl.java:setRole(174)) - bcb704dc-2543-42a4-8762-cde039a55a99@group-213A0DCAA528: changes role from      null to FOLLOWER at term 0 for startAsFollower
2019-09-26 15:38:55,510 [pool-123-thread-1] INFO  impl.RoleInfo (RoleInfo.java:updateAndGet(143)) - bcb704dc-2543-42a4-8762-cde039a55a99: start FollowerState
2019-09-26 15:38:55,510 [pool-123-thread-1] INFO  util.JmxRegister (JmxRegister.java:tryRegister(44)) - Successfully registered JMX Bean with object name Ratis:service=RaftServer,group=group-213A0DCAA528,id=bcb704dc-2543-42a4-8762-cde039a55a99
2019-09-26 15:38:55,512 [RatisPipelineUtilsThread] INFO  pipeline.PipelineStateManager (PipelineStateManager.java:addPipeline(56)) - Created pipeline Pipeline[ Id: 4f7e47e0-2a79-4e82-8808-213a0dcaa528, Nodes: bcb704dc-2543-42a4-8762-cde039a55a99{ip: 192.168.151.99, host: pr-hdds-1569-g6sp5-2013761785, networkLocation: /default-rack, certSerialId: null}, Type:RATIS, Factor:ONE, State:OPEN]
2019-09-26 15:38:55,515 [grpc-default-executor-0] INFO  impl.RaftServerProxy (RaftServerProxy.java:addNew(89)) - bcb704dc-2543-42a4-8762-cde039a55a99: addNew group-96531F4000BD:[bcb704dc-2543-42a4-8762-cde039a55a99:192.168.151.99:43663] returns group-96531F4000BD:java.util.concurrent.CompletableFuture@2f638b1f[Not completed]
2019-09-26 15:38:55,516 [pool-123-thread-1] INFO  impl.RaftServerImpl (RaftServerImpl.java:<init>(95)) - bcb704dc-2543-42a4-8762-cde039a55a99: new RaftServerImpl for group-96531F4000BD:[bcb704dc-2543-42a4-8762-cde039a55a99:192.168.151.99:43663] with ContainerStateMachine:uninitialized
2019-09-26 15:38:55,516 [pool-123-thread-1] INFO  server.RaftServerConfigKeys (ConfUtils.java:logGet(43)) - raft.server.rpc.timeout.min = 5s (custom)
2019-09-26 15:38:55,516 [pool-123-thread-1] INFO  server.RaftServerConfigKeys (ConfUtils.java:logGet(43)) - raft.server.rpc.timeout.max = 5200ms (custom)
2019-09-26 15:38:55,516 [pool-123-thread-1] INFO  server.RaftServerConfigKeys (ConfUtils.java:logGet(43)) - raft.server.rpcslowness.timeout = 120s (custom)
2019-09-26 15:38:55,516 [pool-123-thread-1] INFO  server.RaftServerConfigKeys (ConfUtils.java:logGet(43)) - raft.server.sleep.deviation.threshold = 300 (default)
2019-09-26 15:38:55,516 [pool-123-thread-1] INFO  server.RaftServerConfigKeys (ConfUtils.java:logGet(43)) - raft.server.log.appender.install.snapshot.enabled = false (custom)
2019-09-26 15:38:55,516 [pool-123-thread-1] INFO  impl.RaftServerImpl (ServerState.java:<init>(103)) - bcb704dc-2543-42a4-8762-cde039a55a99@group-96531F4000BD: ConfigurationManager, init=-1: [bcb704dc-2543-42a4-8762-cde039a55a99:192.168.151.99:43663], old=null, confs=<EMPTY_MAP>
2019-09-26 15:38:55,516 [pool-123-thread-1] INFO  server.RaftServerConfigKeys (ConfUtils.java:logGet(43)) - raft.server.storage.dir = [/workdir/hadoop-ozone/integration-test/target/test-dir/MiniOzoneClusterImpl-87962e32-e39f-4c57-b747-30c883c1cc54/datanode-0/data/ratis] (custom)
2019-09-26 15:38:55,517 [pool-123-thread-1] INFO  storage.RaftStorageDirectory (RaftStorageDirectory.java:analyzeStorage(246)) - The storage directory /workdir/hadoop-ozone/integration-test/target/test-dir/MiniOzoneClusterImpl-87962e32-e39f-4c57-b747-30c883c1cc54/datanode-0/data/ratis/76f388ab-e2c5-4ab9-abc8-96531f4000bd does not exist. Creating ...
2019-09-26 15:38:55,529 [pool-123-thread-1] INFO  storage.RaftStorageDirectory (RaftStorageDirectory.java:tryLock(328)) - Lock on /workdir/hadoop-ozone/integration-test/target/test-dir/MiniOzoneClusterImpl-87962e32-e39f-4c57-b747-30c883c1cc54/datanode-0/data/ratis/76f388ab-e2c5-4ab9-abc8-96531f4000bd/in_use.lock acquired by nodename 10626@pr-hdds-1569-g6sp5-2013761785
2019-09-26 15:38:55,542 [pool-123-thread-1] INFO  storage.RaftStorage (RaftStorage.java:format(72)) - Storage directory /workdir/hadoop-ozone/integration-test/target/test-dir/MiniOzoneClusterImpl-87962e32-e39f-4c57-b747-30c883c1cc54/datanode-0/data/ratis/76f388ab-e2c5-4ab9-abc8-96531f4000bd has been successfully formatted.
2019-09-26 15:38:55,542 [pool-123-thread-1] INFO  ratis.ContainerStateMachine (ContainerStateMachine.java:loadSnapshot(230)) - group-96531F4000BD: The snapshot info is null. Setting the last applied indexto:(t:0, i:~)
2019-09-26 15:38:55,542 [pool-123-thread-1] INFO  server.RaftServerConfigKeys (ConfUtils.java:logGet(43)) - raft.server.notification.no-leader.timeout = 120s (custom)
2019-09-26 15:38:55,542 [pool-123-thread-1] INFO  server.RaftServerConfigKeys (ConfUtils.java:logGet(43)) - raft.server.log.use.memory = false (default)
2019-09-26 15:38:55,542 [pool-123-thread-1] INFO  server.RaftServerConfigKeys (ConfUtils.java:logGet(43)) - raft.server.log.purge.gap = 1000000 (custom)
2019-09-26 15:38:55,543 [pool-123-thread-1] INFO  server.RaftServerConfigKeys (ConfUtils.java:logGet(43)) - raft.server.log.appender.buffer.byte-limit = 33554432 (custom)
2019-09-26 15:38:55,543 [pool-123-thread-1] INFO  server.RaftServerConfigKeys (ConfUtils.java:logGet(43)) - raft.server.log.segment.size.max = 1048576 (custom)
2019-09-26 15:38:55,543 [pool-123-thread-1] INFO  server.RaftServerConfigKeys (ConfUtils.java:logGet(43)) - raft.server.log.segment.cache.num.max = 2 (custom)
2019-09-26 15:38:55,543 [pool-123-thread-1] INFO  segmented.SegmentedRaftLogWorker (SegmentedRaftLogWorker.java:<init>(172)) - new bcb704dc-2543-42a4-8762-cde039a55a99@group-96531F4000BD-SegmentedRaftLogWorker for RaftStorage:Storage Directory /workdir/hadoop-ozone/integration-test/target/test-dir/MiniOzoneClusterImpl-87962e32-e39f-4c57-b747-30c883c1cc54/datanode-0/data/ratis/76f388ab-e2c5-4ab9-abc8-96531f4000bd
2019-09-26 15:38:55,543 [pool-123-thread-1] INFO  server.RaftServerConfigKeys (ConfUtils.java:logGet(43)) - raft.server.log.queue.byte-limit = 2147483647 (custom)
2019-09-26 15:38:55,543 [pool-123-thread-1] INFO  server.RaftServerConfigKeys (ConfUtils.java:logGet(43)) - raft.server.log.queue.element-limit = 1024 (custom)
2019-09-26 15:38:55,543 [pool-123-thread-1] INFO  server.RaftServerConfigKeys (ConfUtils.java:logGet(43)) - raft.server.log.segment.size.max = 1048576 (custom)
2019-09-26 15:38:55,543 [pool-123-thread-1] INFO  server.RaftServerConfigKeys (ConfUtils.java:logGet(43)) - raft.server.log.preallocated.size = 16384 (custom)
2019-09-26 15:38:55,543 [pool-123-thread-1] INFO  server.RaftServerConfigKeys (ConfUtils.java:logGet(43)) - raft.server.log.write.buffer.size = 33554432 (custom)
2019-09-26 15:38:55,543 [pool-123-thread-1] INFO  server.RaftServerConfigKeys (ConfUtils.java:logGet(43)) - raft.server.log.force.sync.num = 128 (default)
2019-09-26 15:38:55,543 [pool-123-thread-1] INFO  server.RaftServerConfigKeys (ConfUtils.java:logGet(43)) - raft.server.log.statemachine.data.sync = true (default)
2019-09-26 15:38:55,543 [pool-123-thread-1] INFO  server.RaftServerConfigKeys (ConfUtils.java:logGet(43)) - raft.server.log.statemachine.data.sync.timeout = 10s (default)
2019-09-26 15:38:55,544 [pool-123-thread-1] INFO  server.RaftServerConfigKeys (ConfUtils.java:logGet(43)) - raft.server.log.statemachine.data.sync.timeout.retry = -1 (default)
2019-09-26 15:38:55,544 [pool-123-thread-1] INFO  server.RaftServerConfigKeys (ConfUtils.java:logGet(43)) - raft.server.log.statemachine.data.caching.enabled = true (custom)
2019-09-26 15:38:55,544 [pool-123-thread-1] INFO  segmented.SegmentedRaftLogWorker (SegmentedRaftLogWorker.java:lambda$new$0(132)) - bcb704dc-2543-42a4-8762-cde039a55a99@group-96531F4000BD-SegmentedRaftLogWorker: flushIndex: setUnconditionally 0 -> -1
2019-09-26 15:38:55,544 [pool-123-thread-1] INFO  server.RaftServerConfigKeys (ConfUtils.java:logGet(43)) - raft.server.snapshot.auto.trigger.enabled = true (custom)
2019-09-26 15:38:55,544 [pool-123-thread-1] INFO  server.RaftServerConfigKeys (ConfUtils.java:logGet(43)) - raft.server.snapshot.auto.trigger.threshold = 10000 (custom)
2019-09-26 15:38:55,544 [pool-123-thread-1] INFO  server.RaftServerConfigKeys (ConfUtils.java:logGet(43)) - raft.server.snapshot.retention.num.files = 5 (custom)
2019-09-26 15:38:55,544 [pool-123-thread-1] INFO  server.RaftServerConfigKeys (ConfUtils.java:logGet(43)) - raft.server.retrycache.expirytime = 600000ms (custom)
2019-09-26 15:38:55,545 [pool-123-thread-1] INFO  impl.RaftServerImpl (RaftServerImpl.java:start(185)) - bcb704dc-2543-42a4-8762-cde039a55a99@group-96531F4000BD: start as a follower, conf=-1: [bcb704dc-2543-42a4-8762-cde039a55a99:192.168.151.99:43663], old=null
2019-09-26 15:38:55,545 [pool-123-thread-1] INFO  impl.RaftServerImpl (RaftServerImpl.java:setRole(174)) - bcb704dc-2543-42a4-8762-cde039a55a99@group-96531F4000BD: changes role from      null to FOLLOWER at term 0 for startAsFollower
2019-09-26 15:38:55,545 [pool-123-thread-1] INFO  impl.RoleInfo (RoleInfo.java:updateAndGet(143)) - bcb704dc-2543-42a4-8762-cde039a55a99: start FollowerState
2019-09-26 15:38:55,546 [pool-123-thread-1] INFO  util.JmxRegister (JmxRegister.java:tryRegister(44)) - Successfully registered JMX Bean with object name Ratis:service=RaftServer,group=group-96531F4000BD,id=bcb704dc-2543-42a4-8762-cde039a55a99
2019-09-26 15:38:55,547 [RatisPipelineUtilsThread] INFO  pipeline.PipelineStateManager (PipelineStateManager.java:addPipeline(56)) - Created pipeline Pipeline[ Id: 76f388ab-e2c5-4ab9-abc8-96531f4000bd, Nodes: bcb704dc-2543-42a4-8762-cde039a55a99{ip: 192.168.151.99, host: pr-hdds-1569-g6sp5-2013761785, networkLocation: /default-rack, certSerialId: null}, Type:RATIS, Factor:ONE, State:OPEN]
2019-09-26 15:38:55,551 [grpc-default-executor-0] INFO  impl.RaftServerProxy (RaftServerProxy.java:addNew(89)) - bcb704dc-2543-42a4-8762-cde039a55a99: addNew group-A7FA5E76AA67:[bcb704dc-2543-42a4-8762-cde039a55a99:192.168.151.99:43663] returns group-A7FA5E76AA67:java.util.concurrent.CompletableFuture@15604f7d[Not completed]
2019-09-26 15:38:55,551 [pool-123-thread-1] INFO  impl.RaftServerImpl (RaftServerImpl.java:<init>(95)) - bcb704dc-2543-42a4-8762-cde039a55a99: new RaftServerImpl for group-A7FA5E76AA67:[bcb704dc-2543-42a4-8762-cde039a55a99:192.168.151.99:43663] with ContainerStateMachine:uninitialized
2019-09-26 15:38:55,551 [pool-123-thread-1] INFO  server.RaftServerConfigKeys (ConfUtils.java:logGet(43)) - raft.server.rpc.timeout.min = 5s (custom)
2019-09-26 15:38:55,551 [pool-123-thread-1] INFO  server.RaftServerConfigKeys (ConfUtils.java:logGet(43)) - raft.server.rpc.timeout.max = 5200ms (custom)
2019-09-26 15:38:55,551 [pool-123-thread-1] INFO  server.RaftServerConfigKeys (ConfUtils.java:logGet(43)) - raft.server.rpcslowness.timeout = 120s (custom)
2019-09-26 15:38:55,551 [pool-123-thread-1] INFO  server.RaftServerConfigKeys (ConfUtils.java:logGet(43)) - raft.server.sleep.deviation.threshold = 300 (default)
2019-09-26 15:38:55,551 [pool-123-thread-1] INFO  server.RaftServerConfigKeys (ConfUtils.java:logGet(43)) - raft.server.log.appender.install.snapshot.enabled = false (custom)
2019-09-26 15:38:55,551 [pool-123-thread-1] INFO  impl.RaftServerImpl (ServerState.java:<init>(103)) - bcb704dc-2543-42a4-8762-cde039a55a99@group-A7FA5E76AA67: ConfigurationManager, init=-1: [bcb704dc-2543-42a4-8762-cde039a55a99:192.168.151.99:43663], old=null, confs=<EMPTY_MAP>
2019-09-26 15:38:55,551 [pool-123-thread-1] INFO  server.RaftServerConfigKeys (ConfUtils.java:logGet(43)) - raft.server.storage.dir = [/workdir/hadoop-ozone/integration-test/target/test-dir/MiniOzoneClusterImpl-87962e32-e39f-4c57-b747-30c883c1cc54/datanode-0/data/ratis] (custom)
2019-09-26 15:38:55,552 [pool-123-thread-1] INFO  storage.RaftStorageDirectory (RaftStorageDirectory.java:analyzeStorage(246)) - The storage directory /workdir/hadoop-ozone/integration-test/target/test-dir/MiniOzoneClusterImpl-87962e32-e39f-4c57-b747-30c883c1cc54/datanode-0/data/ratis/5f69151f-43b6-4e21-9aba-a7fa5e76aa67 does not exist. Creating ...
2019-09-26 15:38:55,555 [pool-123-thread-1] INFO  storage.RaftStorageDirectory (RaftStorageDirectory.java:tryLock(328)) - Lock on /workdir/hadoop-ozone/integration-test/target/test-dir/MiniOzoneClusterImpl-87962e32-e39f-4c57-b747-30c883c1cc54/datanode-0/data/ratis/5f69151f-43b6-4e21-9aba-a7fa5e76aa67/in_use.lock acquired by nodename 10626@pr-hdds-1569-g6sp5-2013761785
2019-09-26 15:38:55,558 [pool-123-thread-1] INFO  storage.RaftStorage (RaftStorage.java:format(72)) - Storage directory /workdir/hadoop-ozone/integration-test/target/test-dir/MiniOzoneClusterImpl-87962e32-e39f-4c57-b747-30c883c1cc54/datanode-0/data/ratis/5f69151f-43b6-4e21-9aba-a7fa5e76aa67 has been successfully formatted.
2019-09-26 15:38:55,559 [pool-123-thread-1] INFO  ratis.ContainerStateMachine (ContainerStateMachine.java:loadSnapshot(230)) - group-A7FA5E76AA67: The snapshot info is null. Setting the last applied indexto:(t:0, i:~)
2019-09-26 15:38:55,559 [pool-123-thread-1] INFO  server.RaftServerConfigKeys (ConfUtils.java:logGet(43)) - raft.server.notification.no-leader.timeout = 120s (custom)
2019-09-26 15:38:55,559 [pool-123-thread-1] INFO  server.RaftServerConfigKeys (ConfUtils.java:logGet(43)) - raft.server.log.use.memory = false (default)
2019-09-26 15:38:55,559 [pool-123-thread-1] INFO  server.RaftServerConfigKeys (ConfUtils.java:logGet(43)) - raft.server.log.purge.gap = 1000000 (custom)
2019-09-26 15:38:55,559 [pool-123-thread-1] INFO  server.RaftServerConfigKeys (ConfUtils.java:logGet(43)) - raft.server.log.appender.buffer.byte-limit = 33554432 (custom)
2019-09-26 15:38:55,559 [pool-123-thread-1] INFO  server.RaftServerConfigKeys (ConfUtils.java:logGet(43)) - raft.server.log.segment.size.max = 1048576 (custom)
2019-09-26 15:38:55,559 [pool-123-thread-1] INFO  server.RaftServerConfigKeys (ConfUtils.java:logGet(43)) - raft.server.log.segment.cache.num.max = 2 (custom)
2019-09-26 15:38:55,559 [pool-123-thread-1] INFO  segmented.SegmentedRaftLogWorker (SegmentedRaftLogWorker.java:<init>(172)) - new bcb704dc-2543-42a4-8762-cde039a55a99@group-A7FA5E76AA67-SegmentedRaftLogWorker for RaftStorage:Storage Directory /workdir/hadoop-ozone/integration-test/target/test-dir/MiniOzoneClusterImpl-87962e32-e39f-4c57-b747-30c883c1cc54/datanode-0/data/ratis/5f69151f-43b6-4e21-9aba-a7fa5e76aa67
2019-09-26 15:38:55,559 [pool-123-thread-1] INFO  server.RaftServerConfigKeys (ConfUtils.java:logGet(43)) - raft.server.log.queue.byte-limit = 2147483647 (custom)
2019-09-26 15:38:55,559 [pool-123-thread-1] INFO  server.RaftServerConfigKeys (ConfUtils.java:logGet(43)) - raft.server.log.queue.element-limit = 1024 (custom)
2019-09-26 15:38:55,559 [pool-123-thread-1] INFO  server.RaftServerConfigKeys (ConfUtils.java:logGet(43)) - raft.server.log.segment.size.max = 1048576 (custom)
2019-09-26 15:38:55,560 [pool-123-thread-1] INFO  server.RaftServerConfigKeys (ConfUtils.java:logGet(43)) - raft.server.log.preallocated.size = 16384 (custom)
2019-09-26 15:38:55,560 [pool-123-thread-1] INFO  server.RaftServerConfigKeys (ConfUtils.java:logGet(43)) - raft.server.log.write.buffer.size = 33554432 (custom)
2019-09-26 15:38:55,560 [pool-123-thread-1] INFO  server.RaftServerConfigKeys (ConfUtils.java:logGet(43)) - raft.server.log.force.sync.num = 128 (default)
2019-09-26 15:38:55,560 [pool-123-thread-1] INFO  server.RaftServerConfigKeys (ConfUtils.java:logGet(43)) - raft.server.log.statemachine.data.sync = true (default)
2019-09-26 15:38:55,560 [pool-123-thread-1] INFO  server.RaftServerConfigKeys (ConfUtils.java:logGet(43)) - raft.server.log.statemachine.data.sync.timeout = 10s (default)
2019-09-26 15:38:55,560 [pool-123-thread-1] INFO  server.RaftServerConfigKeys (ConfUtils.java:logGet(43)) - raft.server.log.statemachine.data.sync.timeout.retry = -1 (default)
2019-09-26 15:38:55,560 [pool-123-thread-1] INFO  server.RaftServerConfigKeys (ConfUtils.java:logGet(43)) - raft.server.log.statemachine.data.caching.enabled = true (custom)
2019-09-26 15:38:55,560 [pool-123-thread-1] INFO  segmented.SegmentedRaftLogWorker (SegmentedRaftLogWorker.java:lambda$new$0(132)) - bcb704dc-2543-42a4-8762-cde039a55a99@group-A7FA5E76AA67-SegmentedRaftLogWorker: flushIndex: setUnconditionally 0 -> -1
2019-09-26 15:38:55,560 [pool-123-thread-1] INFO  server.RaftServerConfigKeys (ConfUtils.java:logGet(43)) - raft.server.snapshot.auto.trigger.enabled = true (custom)
2019-09-26 15:38:55,561 [pool-123-thread-1] INFO  server.RaftServerConfigKeys (ConfUtils.java:logGet(43)) - raft.server.snapshot.auto.trigger.threshold = 10000 (custom)
2019-09-26 15:38:55,561 [pool-123-thread-1] INFO  server.RaftServerConfigKeys (ConfUtils.java:logGet(43)) - raft.server.snapshot.retention.num.files = 5 (custom)
2019-09-26 15:38:55,561 [pool-123-thread-1] INFO  server.RaftServerConfigKeys (ConfUtils.java:logGet(43)) - raft.server.retrycache.expirytime = 600000ms (custom)
2019-09-26 15:38:55,562 [pool-123-thread-1] INFO  impl.RaftServerImpl (RaftServerImpl.java:start(185)) - bcb704dc-2543-42a4-8762-cde039a55a99@group-A7FA5E76AA67: start as a follower, conf=-1: [bcb704dc-2543-42a4-8762-cde039a55a99:192.168.151.99:43663], old=null
2019-09-26 15:38:55,562 [pool-123-thread-1] INFO  impl.RaftServerImpl (RaftServerImpl.java:setRole(174)) - bcb704dc-2543-42a4-8762-cde039a55a99@group-A7FA5E76AA67: changes role from      null to FOLLOWER at term 0 for startAsFollower
2019-09-26 15:38:55,562 [pool-123-thread-1] INFO  impl.RoleInfo (RoleInfo.java:updateAndGet(143)) - bcb704dc-2543-42a4-8762-cde039a55a99: start FollowerState
2019-09-26 15:38:55,562 [pool-123-thread-1] INFO  util.JmxRegister (JmxRegister.java:tryRegister(44)) - Successfully registered JMX Bean with object name Ratis:service=RaftServer,group=group-A7FA5E76AA67,id=bcb704dc-2543-42a4-8762-cde039a55a99
2019-09-26 15:38:55,564 [RatisPipelineUtilsThread] INFO  pipeline.PipelineStateManager (PipelineStateManager.java:addPipeline(56)) - Created pipeline Pipeline[ Id: 5f69151f-43b6-4e21-9aba-a7fa5e76aa67, Nodes: bcb704dc-2543-42a4-8762-cde039a55a99{ip: 192.168.151.99, host: pr-hdds-1569-g6sp5-2013761785, networkLocation: /default-rack, certSerialId: null}, Type:RATIS, Factor:ONE, State:OPEN]
2019-09-26 15:38:55,567 [grpc-default-executor-0] INFO  impl.RaftServerProxy (RaftServerProxy.java:addNew(89)) - bcb704dc-2543-42a4-8762-cde039a55a99: addNew group-00CBE7366B12:[bcb704dc-2543-42a4-8762-cde039a55a99:192.168.151.99:43663] returns group-00CBE7366B12:java.util.concurrent.CompletableFuture@4e879fe3[Not completed]
2019-09-26 15:38:55,567 [pool-123-thread-1] INFO  impl.RaftServerImpl (RaftServerImpl.java:<init>(95)) - bcb704dc-2543-42a4-8762-cde039a55a99: new RaftServerImpl for group-00CBE7366B12:[bcb704dc-2543-42a4-8762-cde039a55a99:192.168.151.99:43663] with ContainerStateMachine:uninitialized
2019-09-26 15:38:55,567 [pool-123-thread-1] INFO  server.RaftServerConfigKeys (ConfUtils.java:logGet(43)) - raft.server.rpc.timeout.min = 5s (custom)
2019-09-26 15:38:55,567 [pool-123-thread-1] INFO  server.RaftServerConfigKeys (ConfUtils.java:logGet(43)) - raft.server.rpc.timeout.max = 5200ms (custom)
2019-09-26 15:38:55,567 [pool-123-thread-1] INFO  server.RaftServerConfigKeys (ConfUtils.java:logGet(43)) - raft.server.rpcslowness.timeout = 120s (custom)
2019-09-26 15:38:55,568 [pool-123-thread-1] INFO  server.RaftServerConfigKeys (ConfUtils.java:logGet(43)) - raft.server.sleep.deviation.threshold = 300 (default)
2019-09-26 15:38:55,568 [pool-123-thread-1] INFO  server.RaftServerConfigKeys (ConfUtils.java:logGet(43)) - raft.server.log.appender.install.snapshot.enabled = false (custom)
2019-09-26 15:38:55,568 [pool-123-thread-1] INFO  impl.RaftServerImpl (ServerState.java:<init>(103)) - bcb704dc-2543-42a4-8762-cde039a55a99@group-00CBE7366B12: ConfigurationManager, init=-1: [bcb704dc-2543-42a4-8762-cde039a55a99:192.168.151.99:43663], old=null, confs=<EMPTY_MAP>
2019-09-26 15:38:55,568 [pool-123-thread-1] INFO  server.RaftServerConfigKeys (ConfUtils.java:logGet(43)) - raft.server.storage.dir = [/workdir/hadoop-ozone/integration-test/target/test-dir/MiniOzoneClusterImpl-87962e32-e39f-4c57-b747-30c883c1cc54/datanode-0/data/ratis] (custom)
2019-09-26 15:38:55,568 [pool-123-thread-1] INFO  storage.RaftStorageDirectory (RaftStorageDirectory.java:analyzeStorage(246)) - The storage directory /workdir/hadoop-ozone/integration-test/target/test-dir/MiniOzoneClusterImpl-87962e32-e39f-4c57-b747-30c883c1cc54/datanode-0/data/ratis/f422637a-e792-47ed-9544-00cbe7366b12 does not exist. Creating ...
2019-09-26 15:38:55,571 [pool-123-thread-1] INFO  storage.RaftStorageDirectory (RaftStorageDirectory.java:tryLock(328)) - Lock on /workdir/hadoop-ozone/integration-test/target/test-dir/MiniOzoneClusterImpl-87962e32-e39f-4c57-b747-30c883c1cc54/datanode-0/data/ratis/f422637a-e792-47ed-9544-00cbe7366b12/in_use.lock acquired by nodename 10626@pr-hdds-1569-g6sp5-2013761785
2019-09-26 15:38:55,576 [pool-123-thread-1] INFO  storage.RaftStorage (RaftStorage.java:format(72)) - Storage directory /workdir/hadoop-ozone/integration-test/target/test-dir/MiniOzoneClusterImpl-87962e32-e39f-4c57-b747-30c883c1cc54/datanode-0/data/ratis/f422637a-e792-47ed-9544-00cbe7366b12 has been successfully formatted.
2019-09-26 15:38:55,576 [pool-123-thread-1] INFO  ratis.ContainerStateMachine (ContainerStateMachine.java:loadSnapshot(230)) - group-00CBE7366B12: The snapshot info is null. Setting the last applied indexto:(t:0, i:~)
2019-09-26 15:38:55,576 [pool-123-thread-1] INFO  server.RaftServerConfigKeys (ConfUtils.java:logGet(43)) - raft.server.notification.no-leader.timeout = 120s (custom)
2019-09-26 15:38:55,576 [pool-123-thread-1] INFO  server.RaftServerConfigKeys (ConfUtils.java:logGet(43)) - raft.server.log.use.memory = false (default)
2019-09-26 15:38:55,576 [pool-123-thread-1] INFO  server.RaftServerConfigKeys (ConfUtils.java:logGet(43)) - raft.server.log.purge.gap = 1000000 (custom)
2019-09-26 15:38:55,576 [pool-123-thread-1] INFO  server.RaftServerConfigKeys (ConfUtils.java:logGet(43)) - raft.server.log.appender.buffer.byte-limit = 33554432 (custom)
2019-09-26 15:38:55,576 [pool-123-thread-1] INFO  server.RaftServerConfigKeys (ConfUtils.java:logGet(43)) - raft.server.log.segment.size.max = 1048576 (custom)
2019-09-26 15:38:55,576 [pool-123-thread-1] INFO  server.RaftServerConfigKeys (ConfUtils.java:logGet(43)) - raft.server.log.segment.cache.num.max = 2 (custom)
2019-09-26 15:38:55,576 [pool-123-thread-1] INFO  segmented.SegmentedRaftLogWorker (SegmentedRaftLogWorker.java:<init>(172)) - new bcb704dc-2543-42a4-8762-cde039a55a99@group-00CBE7366B12-SegmentedRaftLogWorker for RaftStorage:Storage Directory /workdir/hadoop-ozone/integration-test/target/test-dir/MiniOzoneClusterImpl-87962e32-e39f-4c57-b747-30c883c1cc54/datanode-0/data/ratis/f422637a-e792-47ed-9544-00cbe7366b12
2019-09-26 15:38:55,576 [pool-123-thread-1] INFO  server.RaftServerConfigKeys (ConfUtils.java:logGet(43)) - raft.server.log.queue.byte-limit = 2147483647 (custom)
2019-09-26 15:38:55,576 [pool-123-thread-1] INFO  server.RaftServerConfigKeys (ConfUtils.java:logGet(43)) - raft.server.log.queue.element-limit = 1024 (custom)
2019-09-26 15:38:55,577 [pool-123-thread-1] INFO  server.RaftServerConfigKeys (ConfUtils.java:logGet(43)) - raft.server.log.segment.size.max = 1048576 (custom)
2019-09-26 15:38:55,577 [pool-123-thread-1] INFO  server.RaftServerConfigKeys (ConfUtils.java:logGet(43)) - raft.server.log.preallocated.size = 16384 (custom)
2019-09-26 15:38:55,577 [pool-123-thread-1] INFO  server.RaftServerConfigKeys (ConfUtils.java:logGet(43)) - raft.server.log.write.buffer.size = 33554432 (custom)
2019-09-26 15:38:55,577 [pool-123-thread-1] INFO  server.RaftServerConfigKeys (ConfUtils.java:logGet(43)) - raft.server.log.force.sync.num = 128 (default)
2019-09-26 15:38:55,577 [pool-123-thread-1] INFO  server.RaftServerConfigKeys (ConfUtils.java:logGet(43)) - raft.server.log.statemachine.data.sync = true (default)
2019-09-26 15:38:55,577 [pool-123-thread-1] INFO  server.RaftServerConfigKeys (ConfUtils.java:logGet(43)) - raft.server.log.statemachine.data.sync.timeout = 10s (default)
2019-09-26 15:38:55,577 [pool-123-thread-1] INFO  server.RaftServerConfigKeys (ConfUtils.java:logGet(43)) - raft.server.log.statemachine.data.sync.timeout.retry = -1 (default)
2019-09-26 15:38:55,577 [pool-123-thread-1] INFO  server.RaftServerConfigKeys (ConfUtils.java:logGet(43)) - raft.server.log.statemachine.data.caching.enabled = true (custom)
2019-09-26 15:38:55,577 [pool-123-thread-1] INFO  segmented.SegmentedRaftLogWorker (SegmentedRaftLogWorker.java:lambda$new$0(132)) - bcb704dc-2543-42a4-8762-cde039a55a99@group-00CBE7366B12-SegmentedRaftLogWorker: flushIndex: setUnconditionally 0 -> -1
2019-09-26 15:38:55,578 [pool-123-thread-1] INFO  server.RaftServerConfigKeys (ConfUtils.java:logGet(43)) - raft.server.snapshot.auto.trigger.enabled = true (custom)
2019-09-26 15:38:55,578 [pool-123-thread-1] INFO  server.RaftServerConfigKeys (ConfUtils.java:logGet(43)) - raft.server.snapshot.auto.trigger.threshold = 10000 (custom)
2019-09-26 15:38:55,578 [pool-123-thread-1] INFO  server.RaftServerConfigKeys (ConfUtils.java:logGet(43)) - raft.server.snapshot.retention.num.files = 5 (custom)
2019-09-26 15:38:55,578 [pool-123-thread-1] INFO  server.RaftServerConfigKeys (ConfUtils.java:logGet(43)) - raft.server.retrycache.expirytime = 600000ms (custom)
2019-09-26 15:38:55,579 [pool-123-thread-1] INFO  impl.RaftServerImpl (RaftServerImpl.java:start(185)) - bcb704dc-2543-42a4-8762-cde039a55a99@group-00CBE7366B12: start as a follower, conf=-1: [bcb704dc-2543-42a4-8762-cde039a55a99:192.168.151.99:43663], old=null
2019-09-26 15:38:55,579 [pool-123-thread-1] INFO  impl.RaftServerImpl (RaftServerImpl.java:setRole(174)) - bcb704dc-2543-42a4-8762-cde039a55a99@group-00CBE7366B12: changes role from      null to FOLLOWER at term 0 for startAsFollower
2019-09-26 15:38:55,579 [pool-123-thread-1] INFO  impl.RoleInfo (RoleInfo.java:updateAndGet(143)) - bcb704dc-2543-42a4-8762-cde039a55a99: start FollowerState
2019-09-26 15:38:55,579 [pool-123-thread-1] INFO  util.JmxRegister (JmxRegister.java:tryRegister(44)) - Successfully registered JMX Bean with object name Ratis:service=RaftServer,group=group-00CBE7366B12,id=bcb704dc-2543-42a4-8762-cde039a55a99
2019-09-26 15:38:55,581 [RatisPipelineUtilsThread] INFO  pipeline.PipelineStateManager (PipelineStateManager.java:addPipeline(56)) - Created pipeline Pipeline[ Id: f422637a-e792-47ed-9544-00cbe7366b12, Nodes: bcb704dc-2543-42a4-8762-cde039a55a99{ip: 192.168.151.99, host: pr-hdds-1569-g6sp5-2013761785, networkLocation: /default-rack, certSerialId: null}, Type:RATIS, Factor:ONE, State:OPEN]
2019-09-26 15:38:55,584 [grpc-default-executor-0] INFO  impl.RaftServerProxy (RaftServerProxy.java:addNew(89)) - bcb704dc-2543-42a4-8762-cde039a55a99: addNew group-3B998D4DE752:[bcb704dc-2543-42a4-8762-cde039a55a99:192.168.151.99:43663] returns group-3B998D4DE752:java.util.concurrent.CompletableFuture@63c20fa4[Not completed]
2019-09-26 15:38:55,585 [pool-123-thread-1] INFO  impl.RaftServerImpl (RaftServerImpl.java:<init>(95)) - bcb704dc-2543-42a4-8762-cde039a55a99: new RaftServerImpl for group-3B998D4DE752:[bcb704dc-2543-42a4-8762-cde039a55a99:192.168.151.99:43663] with ContainerStateMachine:uninitialized
2019-09-26 15:38:55,585 [pool-123-thread-1] INFO  server.RaftServerConfigKeys (ConfUtils.java:logGet(43)) - raft.server.rpc.timeout.min = 5s (custom)
2019-09-26 15:38:55,585 [pool-123-thread-1] INFO  server.RaftServerConfigKeys (ConfUtils.java:logGet(43)) - raft.server.rpc.timeout.max = 5200ms (custom)
2019-09-26 15:38:55,585 [pool-123-thread-1] INFO  server.RaftServerConfigKeys (ConfUtils.java:logGet(43)) - raft.server.rpcslowness.timeout = 120s (custom)
2019-09-26 15:38:55,585 [pool-123-thread-1] INFO  server.RaftServerConfigKeys (ConfUtils.java:logGet(43)) - raft.server.sleep.deviation.threshold = 300 (default)
2019-09-26 15:38:55,585 [pool-123-thread-1] INFO  server.RaftServerConfigKeys (ConfUtils.java:logGet(43)) - raft.server.log.appender.install.snapshot.enabled = false (custom)
2019-09-26 15:38:55,585 [pool-123-thread-1] INFO  impl.RaftServerImpl (ServerState.java:<init>(103)) - bcb704dc-2543-42a4-8762-cde039a55a99@group-3B998D4DE752: ConfigurationManager, init=-1: [bcb704dc-2543-42a4-8762-cde039a55a99:192.168.151.99:43663], old=null, confs=<EMPTY_MAP>
2019-09-26 15:38:55,585 [pool-123-thread-1] INFO  server.RaftServerConfigKeys (ConfUtils.java:logGet(43)) - raft.server.storage.dir = [/workdir/hadoop-ozone/integration-test/target/test-dir/MiniOzoneClusterImpl-87962e32-e39f-4c57-b747-30c883c1cc54/datanode-0/data/ratis] (custom)
2019-09-26 15:38:55,586 [pool-123-thread-1] INFO  storage.RaftStorageDirectory (RaftStorageDirectory.java:analyzeStorage(246)) - The storage directory /workdir/hadoop-ozone/integration-test/target/test-dir/MiniOzoneClusterImpl-87962e32-e39f-4c57-b747-30c883c1cc54/datanode-0/data/ratis/20da65ed-0244-4d67-a395-3b998d4de752 does not exist. Creating ...
2019-09-26 15:38:55,589 [pool-123-thread-1] INFO  storage.RaftStorageDirectory (RaftStorageDirectory.java:tryLock(328)) - Lock on /workdir/hadoop-ozone/integration-test/target/test-dir/MiniOzoneClusterImpl-87962e32-e39f-4c57-b747-30c883c1cc54/datanode-0/data/ratis/20da65ed-0244-4d67-a395-3b998d4de752/in_use.lock acquired by nodename 10626@pr-hdds-1569-g6sp5-2013761785
2019-09-26 15:38:55,592 [pool-123-thread-1] INFO  storage.RaftStorage (RaftStorage.java:format(72)) - Storage directory /workdir/hadoop-ozone/integration-test/target/test-dir/MiniOzoneClusterImpl-87962e32-e39f-4c57-b747-30c883c1cc54/datanode-0/data/ratis/20da65ed-0244-4d67-a395-3b998d4de752 has been successfully formatted.
2019-09-26 15:38:55,592 [pool-123-thread-1] INFO  ratis.ContainerStateMachine (ContainerStateMachine.java:loadSnapshot(230)) - group-3B998D4DE752: The snapshot info is null. Setting the last applied indexto:(t:0, i:~)
2019-09-26 15:38:55,592 [pool-123-thread-1] INFO  server.RaftServerConfigKeys (ConfUtils.java:logGet(43)) - raft.server.notification.no-leader.timeout = 120s (custom)
2019-09-26 15:38:55,592 [pool-123-thread-1] INFO  server.RaftServerConfigKeys (ConfUtils.java:logGet(43)) - raft.server.log.use.memory = false (default)
2019-09-26 15:38:55,592 [pool-123-thread-1] INFO  server.RaftServerConfigKeys (ConfUtils.java:logGet(43)) - raft.server.log.purge.gap = 1000000 (custom)
2019-09-26 15:38:55,592 [pool-123-thread-1] INFO  server.RaftServerConfigKeys (ConfUtils.java:logGet(43)) - raft.server.log.appender.buffer.byte-limit = 33554432 (custom)
2019-09-26 15:38:55,592 [pool-123-thread-1] INFO  server.RaftServerConfigKeys (ConfUtils.java:logGet(43)) - raft.server.log.segment.size.max = 1048576 (custom)
2019-09-26 15:38:55,593 [pool-123-thread-1] INFO  server.RaftServerConfigKeys (ConfUtils.java:logGet(43)) - raft.server.log.segment.cache.num.max = 2 (custom)
2019-09-26 15:38:55,593 [pool-123-thread-1] INFO  segmented.SegmentedRaftLogWorker (SegmentedRaftLogWorker.java:<init>(172)) - new bcb704dc-2543-42a4-8762-cde039a55a99@group-3B998D4DE752-SegmentedRaftLogWorker for RaftStorage:Storage Directory /workdir/hadoop-ozone/integration-test/target/test-dir/MiniOzoneClusterImpl-87962e32-e39f-4c57-b747-30c883c1cc54/datanode-0/data/ratis/20da65ed-0244-4d67-a395-3b998d4de752
2019-09-26 15:38:55,593 [pool-123-thread-1] INFO  server.RaftServerConfigKeys (ConfUtils.java:logGet(43)) - raft.server.log.queue.byte-limit = 2147483647 (custom)
2019-09-26 15:38:55,593 [pool-123-thread-1] INFO  server.RaftServerConfigKeys (ConfUtils.java:logGet(43)) - raft.server.log.queue.element-limit = 1024 (custom)
2019-09-26 15:38:55,593 [pool-123-thread-1] INFO  server.RaftServerConfigKeys (ConfUtils.java:logGet(43)) - raft.server.log.segment.size.max = 1048576 (custom)
2019-09-26 15:38:55,593 [pool-123-thread-1] INFO  server.RaftServerConfigKeys (ConfUtils.java:logGet(43)) - raft.server.log.preallocated.size = 16384 (custom)
2019-09-26 15:38:55,593 [pool-123-thread-1] INFO  server.RaftServerConfigKeys (ConfUtils.java:logGet(43)) - raft.server.log.write.buffer.size = 33554432 (custom)
2019-09-26 15:38:55,593 [pool-123-thread-1] INFO  server.RaftServerConfigKeys (ConfUtils.java:logGet(43)) - raft.server.log.force.sync.num = 128 (default)
2019-09-26 15:38:55,593 [pool-123-thread-1] INFO  server.RaftServerConfigKeys (ConfUtils.java:logGet(43)) - raft.server.log.statemachine.data.sync = true (default)
2019-09-26 15:38:55,594 [pool-123-thread-1] INFO  server.RaftServerConfigKeys (ConfUtils.java:logGet(43)) - raft.server.log.statemachine.data.sync.timeout = 10s (default)
2019-09-26 15:38:55,594 [pool-123-thread-1] INFO  server.RaftServerConfigKeys (ConfUtils.java:logGet(43)) - raft.server.log.statemachine.data.sync.timeout.retry = -1 (default)
2019-09-26 15:38:55,594 [pool-123-thread-1] INFO  server.RaftServerConfigKeys (ConfUtils.java:logGet(43)) - raft.server.log.statemachine.data.caching.enabled = true (custom)
2019-09-26 15:38:55,594 [pool-123-thread-1] INFO  segmented.SegmentedRaftLogWorker (SegmentedRaftLogWorker.java:lambda$new$0(132)) - bcb704dc-2543-42a4-8762-cde039a55a99@group-3B998D4DE752-SegmentedRaftLogWorker: flushIndex: setUnconditionally 0 -> -1
2019-09-26 15:38:55,594 [pool-123-thread-1] INFO  server.RaftServerConfigKeys (ConfUtils.java:logGet(43)) - raft.server.snapshot.auto.trigger.enabled = true (custom)
2019-09-26 15:38:55,594 [pool-123-thread-1] INFO  server.RaftServerConfigKeys (ConfUtils.java:logGet(43)) - raft.server.snapshot.auto.trigger.threshold = 10000 (custom)
2019-09-26 15:38:55,595 [pool-123-thread-1] INFO  server.RaftServerConfigKeys (ConfUtils.java:logGet(43)) - raft.server.snapshot.retention.num.files = 5 (custom)
2019-09-26 15:38:55,595 [pool-123-thread-1] INFO  server.RaftServerConfigKeys (ConfUtils.java:logGet(43)) - raft.server.retrycache.expirytime = 600000ms (custom)
2019-09-26 15:38:55,596 [pool-123-thread-1] INFO  impl.RaftServerImpl (RaftServerImpl.java:start(185)) - bcb704dc-2543-42a4-8762-cde039a55a99@group-3B998D4DE752: start as a follower, conf=-1: [bcb704dc-2543-42a4-8762-cde039a55a99:192.168.151.99:43663], old=null
2019-09-26 15:38:55,596 [pool-123-thread-1] INFO  impl.RaftServerImpl (RaftServerImpl.java:setRole(174)) - bcb704dc-2543-42a4-8762-cde039a55a99@group-3B998D4DE752: changes role from      null to FOLLOWER at term 0 for startAsFollower
2019-09-26 15:38:55,596 [pool-123-thread-1] INFO  impl.RoleInfo (RoleInfo.java:updateAndGet(143)) - bcb704dc-2543-42a4-8762-cde039a55a99: start FollowerState
2019-09-26 15:38:55,597 [pool-123-thread-1] INFO  util.JmxRegister (JmxRegister.java:tryRegister(44)) - Successfully registered JMX Bean with object name Ratis:service=RaftServer,group=group-3B998D4DE752,id=bcb704dc-2543-42a4-8762-cde039a55a99
2019-09-26 15:38:55,598 [RatisPipelineUtilsThread] INFO  pipeline.PipelineStateManager (PipelineStateManager.java:addPipeline(56)) - Created pipeline Pipeline[ Id: 20da65ed-0244-4d67-a395-3b998d4de752, Nodes: bcb704dc-2543-42a4-8762-cde039a55a99{ip: 192.168.151.99, host: pr-hdds-1569-g6sp5-2013761785, networkLocation: /default-rack, certSerialId: null}, Type:RATIS, Factor:ONE, State:OPEN]
2019-09-26 15:38:55,601 [grpc-default-executor-0] INFO  impl.RaftServerProxy (RaftServerProxy.java:addNew(89)) - bcb704dc-2543-42a4-8762-cde039a55a99: addNew group-F660A7043B0E:[bcb704dc-2543-42a4-8762-cde039a55a99:192.168.151.99:43663] returns group-F660A7043B0E:java.util.concurrent.CompletableFuture@128596bf[Not completed]
2019-09-26 15:38:55,602 [pool-123-thread-1] INFO  impl.RaftServerImpl (RaftServerImpl.java:<init>(95)) - bcb704dc-2543-42a4-8762-cde039a55a99: new RaftServerImpl for group-F660A7043B0E:[bcb704dc-2543-42a4-8762-cde039a55a99:192.168.151.99:43663] with ContainerStateMachine:uninitialized
2019-09-26 15:38:55,602 [pool-123-thread-1] INFO  server.RaftServerConfigKeys (ConfUtils.java:logGet(43)) - raft.server.rpc.timeout.min = 5s (custom)
2019-09-26 15:38:55,602 [pool-123-thread-1] INFO  server.RaftServerConfigKeys (ConfUtils.java:logGet(43)) - raft.server.rpc.timeout.max = 5200ms (custom)
2019-09-26 15:38:55,602 [pool-123-thread-1] INFO  server.RaftServerConfigKeys (ConfUtils.java:logGet(43)) - raft.server.rpcslowness.timeout = 120s (custom)
2019-09-26 15:38:55,602 [pool-123-thread-1] INFO  server.RaftServerConfigKeys (ConfUtils.java:logGet(43)) - raft.server.sleep.deviation.threshold = 300 (default)
2019-09-26 15:38:55,602 [pool-123-thread-1] INFO  server.RaftServerConfigKeys (ConfUtils.java:logGet(43)) - raft.server.log.appender.install.snapshot.enabled = false (custom)
2019-09-26 15:38:55,602 [pool-123-thread-1] INFO  impl.RaftServerImpl (ServerState.java:<init>(103)) - bcb704dc-2543-42a4-8762-cde039a55a99@group-F660A7043B0E: ConfigurationManager, init=-1: [bcb704dc-2543-42a4-8762-cde039a55a99:192.168.151.99:43663], old=null, confs=<EMPTY_MAP>
2019-09-26 15:38:55,603 [pool-123-thread-1] INFO  server.RaftServerConfigKeys (ConfUtils.java:logGet(43)) - raft.server.storage.dir = [/workdir/hadoop-ozone/integration-test/target/test-dir/MiniOzoneClusterImpl-87962e32-e39f-4c57-b747-30c883c1cc54/datanode-0/data/ratis] (custom)
2019-09-26 15:38:55,603 [pool-123-thread-1] INFO  storage.RaftStorageDirectory (RaftStorageDirectory.java:analyzeStorage(246)) - The storage directory /workdir/hadoop-ozone/integration-test/target/test-dir/MiniOzoneClusterImpl-87962e32-e39f-4c57-b747-30c883c1cc54/datanode-0/data/ratis/280e57a9-c4ad-4355-b4c5-f660a7043b0e does not exist. Creating ...
2019-09-26 15:38:55,620 [pool-123-thread-1] INFO  storage.RaftStorageDirectory (RaftStorageDirectory.java:tryLock(328)) - Lock on /workdir/hadoop-ozone/integration-test/target/test-dir/MiniOzoneClusterImpl-87962e32-e39f-4c57-b747-30c883c1cc54/datanode-0/data/ratis/280e57a9-c4ad-4355-b4c5-f660a7043b0e/in_use.lock acquired by nodename 10626@pr-hdds-1569-g6sp5-2013761785
2019-09-26 15:38:55,633 [pool-123-thread-1] INFO  storage.RaftStorage (RaftStorage.java:format(72)) - Storage directory /workdir/hadoop-ozone/integration-test/target/test-dir/MiniOzoneClusterImpl-87962e32-e39f-4c57-b747-30c883c1cc54/datanode-0/data/ratis/280e57a9-c4ad-4355-b4c5-f660a7043b0e has been successfully formatted.
2019-09-26 15:38:55,634 [pool-123-thread-1] INFO  ratis.ContainerStateMachine (ContainerStateMachine.java:loadSnapshot(230)) - group-F660A7043B0E: The snapshot info is null. Setting the last applied indexto:(t:0, i:~)
2019-09-26 15:38:55,634 [pool-123-thread-1] INFO  server.RaftServerConfigKeys (ConfUtils.java:logGet(43)) - raft.server.notification.no-leader.timeout = 120s (custom)
2019-09-26 15:38:55,634 [pool-123-thread-1] INFO  server.RaftServerConfigKeys (ConfUtils.java:logGet(43)) - raft.server.log.use.memory = false (default)
2019-09-26 15:38:55,634 [pool-123-thread-1] INFO  server.RaftServerConfigKeys (ConfUtils.java:logGet(43)) - raft.server.log.purge.gap = 1000000 (custom)
2019-09-26 15:38:55,634 [pool-123-thread-1] INFO  server.RaftServerConfigKeys (ConfUtils.java:logGet(43)) - raft.server.log.appender.buffer.byte-limit = 33554432 (custom)
2019-09-26 15:38:55,634 [pool-123-thread-1] INFO  server.RaftServerConfigKeys (ConfUtils.java:logGet(43)) - raft.server.log.segment.size.max = 1048576 (custom)
2019-09-26 15:38:55,634 [pool-123-thread-1] INFO  server.RaftServerConfigKeys (ConfUtils.java:logGet(43)) - raft.server.log.segment.cache.num.max = 2 (custom)
2019-09-26 15:38:55,635 [pool-123-thread-1] INFO  segmented.SegmentedRaftLogWorker (SegmentedRaftLogWorker.java:<init>(172)) - new bcb704dc-2543-42a4-8762-cde039a55a99@group-F660A7043B0E-SegmentedRaftLogWorker for RaftStorage:Storage Directory /workdir/hadoop-ozone/integration-test/target/test-dir/MiniOzoneClusterImpl-87962e32-e39f-4c57-b747-30c883c1cc54/datanode-0/data/ratis/280e57a9-c4ad-4355-b4c5-f660a7043b0e
2019-09-26 15:38:55,635 [pool-123-thread-1] INFO  server.RaftServerConfigKeys (ConfUtils.java:logGet(43)) - raft.server.log.queue.byte-limit = 2147483647 (custom)
2019-09-26 15:38:55,635 [pool-123-thread-1] INFO  server.RaftServerConfigKeys (ConfUtils.java:logGet(43)) - raft.server.log.queue.element-limit = 1024 (custom)
2019-09-26 15:38:55,635 [pool-123-thread-1] INFO  server.RaftServerConfigKeys (ConfUtils.java:logGet(43)) - raft.server.log.segment.size.max = 1048576 (custom)
2019-09-26 15:38:55,635 [pool-123-thread-1] INFO  server.RaftServerConfigKeys (ConfUtils.java:logGet(43)) - raft.server.log.preallocated.size = 16384 (custom)
2019-09-26 15:38:55,635 [pool-123-thread-1] INFO  server.RaftServerConfigKeys (ConfUtils.java:logGet(43)) - raft.server.log.write.buffer.size = 33554432 (custom)
2019-09-26 15:38:55,635 [pool-123-thread-1] INFO  server.RaftServerConfigKeys (ConfUtils.java:logGet(43)) - raft.server.log.force.sync.num = 128 (default)
2019-09-26 15:38:55,635 [pool-123-thread-1] INFO  server.RaftServerConfigKeys (ConfUtils.java:logGet(43)) - raft.server.log.statemachine.data.sync = true (default)
2019-09-26 15:38:55,635 [pool-123-thread-1] INFO  server.RaftServerConfigKeys (ConfUtils.java:logGet(43)) - raft.server.log.statemachine.data.sync.timeout = 10s (default)
2019-09-26 15:38:55,636 [pool-123-thread-1] INFO  server.RaftServerConfigKeys (ConfUtils.java:logGet(43)) - raft.server.log.statemachine.data.sync.timeout.retry = -1 (default)
2019-09-26 15:38:55,636 [pool-123-thread-1] INFO  server.RaftServerConfigKeys (ConfUtils.java:logGet(43)) - raft.server.log.statemachine.data.caching.enabled = true (custom)
2019-09-26 15:38:55,636 [pool-123-thread-1] INFO  segmented.SegmentedRaftLogWorker (SegmentedRaftLogWorker.java:lambda$new$0(132)) - bcb704dc-2543-42a4-8762-cde039a55a99@group-F660A7043B0E-SegmentedRaftLogWorker: flushIndex: setUnconditionally 0 -> -1
2019-09-26 15:38:55,636 [pool-123-thread-1] INFO  server.RaftServerConfigKeys (ConfUtils.java:logGet(43)) - raft.server.snapshot.auto.trigger.enabled = true (custom)
2019-09-26 15:38:55,636 [pool-123-thread-1] INFO  server.RaftServerConfigKeys (ConfUtils.java:logGet(43)) - raft.server.snapshot.auto.trigger.threshold = 10000 (custom)
2019-09-26 15:38:55,637 [pool-123-thread-1] INFO  server.RaftServerConfigKeys (ConfUtils.java:logGet(43)) - raft.server.snapshot.retention.num.files = 5 (custom)
2019-09-26 15:38:55,637 [pool-123-thread-1] INFO  server.RaftServerConfigKeys (ConfUtils.java:logGet(43)) - raft.server.retrycache.expirytime = 600000ms (custom)
2019-09-26 15:38:55,638 [pool-123-thread-1] INFO  impl.RaftServerImpl (RaftServerImpl.java:start(185)) - bcb704dc-2543-42a4-8762-cde039a55a99@group-F660A7043B0E: start as a follower, conf=-1: [bcb704dc-2543-42a4-8762-cde039a55a99:192.168.151.99:43663], old=null
2019-09-26 15:38:55,638 [pool-123-thread-1] INFO  impl.RaftServerImpl (RaftServerImpl.java:setRole(174)) - bcb704dc-2543-42a4-8762-cde039a55a99@group-F660A7043B0E: changes role from      null to FOLLOWER at term 0 for startAsFollower
2019-09-26 15:38:55,638 [pool-123-thread-1] INFO  impl.RoleInfo (RoleInfo.java:updateAndGet(143)) - bcb704dc-2543-42a4-8762-cde039a55a99: start FollowerState
2019-09-26 15:38:55,638 [pool-123-thread-1] INFO  util.JmxRegister (JmxRegister.java:tryRegister(44)) - Successfully registered JMX Bean with object name Ratis:service=RaftServer,group=group-F660A7043B0E,id=bcb704dc-2543-42a4-8762-cde039a55a99
2019-09-26 15:38:55,640 [RatisPipelineUtilsThread] INFO  pipeline.PipelineStateManager (PipelineStateManager.java:addPipeline(56)) - Created pipeline Pipeline[ Id: 280e57a9-c4ad-4355-b4c5-f660a7043b0e, Nodes: bcb704dc-2543-42a4-8762-cde039a55a99{ip: 192.168.151.99, host: pr-hdds-1569-g6sp5-2013761785, networkLocation: /default-rack, certSerialId: null}, Type:RATIS, Factor:ONE, State:OPEN]
2019-09-26 15:38:55,644 [grpc-default-executor-0] INFO  impl.RaftServerProxy (RaftServerProxy.java:addNew(89)) - bcb704dc-2543-42a4-8762-cde039a55a99: addNew group-EF1E14F90087:[bcb704dc-2543-42a4-8762-cde039a55a99:192.168.151.99:43663] returns group-EF1E14F90087:java.util.concurrent.CompletableFuture@6069a2f2[Not completed]
2019-09-26 15:38:55,644 [pool-123-thread-1] INFO  impl.RaftServerImpl (RaftServerImpl.java:<init>(95)) - bcb704dc-2543-42a4-8762-cde039a55a99: new RaftServerImpl for group-EF1E14F90087:[bcb704dc-2543-42a4-8762-cde039a55a99:192.168.151.99:43663] with ContainerStateMachine:uninitialized
2019-09-26 15:38:55,645 [pool-123-thread-1] INFO  server.RaftServerConfigKeys (ConfUtils.java:logGet(43)) - raft.server.rpc.timeout.min = 5s (custom)
2019-09-26 15:38:55,645 [pool-123-thread-1] INFO  server.RaftServerConfigKeys (ConfUtils.java:logGet(43)) - raft.server.rpc.timeout.max = 5200ms (custom)
2019-09-26 15:38:55,645 [pool-123-thread-1] INFO  server.RaftServerConfigKeys (ConfUtils.java:logGet(43)) - raft.server.rpcslowness.timeout = 120s (custom)
2019-09-26 15:38:55,645 [pool-123-thread-1] INFO  server.RaftServerConfigKeys (ConfUtils.java:logGet(43)) - raft.server.sleep.deviation.threshold = 300 (default)
2019-09-26 15:38:55,645 [pool-123-thread-1] INFO  server.RaftServerConfigKeys (ConfUtils.java:logGet(43)) - raft.server.log.appender.install.snapshot.enabled = false (custom)
2019-09-26 15:38:55,645 [pool-123-thread-1] INFO  impl.RaftServerImpl (ServerState.java:<init>(103)) - bcb704dc-2543-42a4-8762-cde039a55a99@group-EF1E14F90087: ConfigurationManager, init=-1: [bcb704dc-2543-42a4-8762-cde039a55a99:192.168.151.99:43663], old=null, confs=<EMPTY_MAP>
2019-09-26 15:38:55,645 [pool-123-thread-1] INFO  server.RaftServerConfigKeys (ConfUtils.java:logGet(43)) - raft.server.storage.dir = [/workdir/hadoop-ozone/integration-test/target/test-dir/MiniOzoneClusterImpl-87962e32-e39f-4c57-b747-30c883c1cc54/datanode-0/data/ratis] (custom)
2019-09-26 15:38:55,646 [pool-123-thread-1] INFO  storage.RaftStorageDirectory (RaftStorageDirectory.java:analyzeStorage(246)) - The storage directory /workdir/hadoop-ozone/integration-test/target/test-dir/MiniOzoneClusterImpl-87962e32-e39f-4c57-b747-30c883c1cc54/datanode-0/data/ratis/052ce2e0-1884-4aa0-8ca0-ef1e14f90087 does not exist. Creating ...
2019-09-26 15:38:55,666 [pool-123-thread-1] INFO  storage.RaftStorageDirectory (RaftStorageDirectory.java:tryLock(328)) - Lock on /workdir/hadoop-ozone/integration-test/target/test-dir/MiniOzoneClusterImpl-87962e32-e39f-4c57-b747-30c883c1cc54/datanode-0/data/ratis/052ce2e0-1884-4aa0-8ca0-ef1e14f90087/in_use.lock acquired by nodename 10626@pr-hdds-1569-g6sp5-2013761785
2019-09-26 15:38:55,679 [pool-123-thread-1] INFO  storage.RaftStorage (RaftStorage.java:format(72)) - Storage directory /workdir/hadoop-ozone/integration-test/target/test-dir/MiniOzoneClusterImpl-87962e32-e39f-4c57-b747-30c883c1cc54/datanode-0/data/ratis/052ce2e0-1884-4aa0-8ca0-ef1e14f90087 has been successfully formatted.
2019-09-26 15:38:55,679 [pool-123-thread-1] INFO  ratis.ContainerStateMachine (ContainerStateMachine.java:loadSnapshot(230)) - group-EF1E14F90087: The snapshot info is null. Setting the last applied indexto:(t:0, i:~)
2019-09-26 15:38:55,679 [pool-123-thread-1] INFO  server.RaftServerConfigKeys (ConfUtils.java:logGet(43)) - raft.server.notification.no-leader.timeout = 120s (custom)
2019-09-26 15:38:55,679 [pool-123-thread-1] INFO  server.RaftServerConfigKeys (ConfUtils.java:logGet(43)) - raft.server.log.use.memory = false (default)
2019-09-26 15:38:55,680 [pool-123-thread-1] INFO  server.RaftServerConfigKeys (ConfUtils.java:logGet(43)) - raft.server.log.purge.gap = 1000000 (custom)
2019-09-26 15:38:55,680 [pool-123-thread-1] INFO  server.RaftServerConfigKeys (ConfUtils.java:logGet(43)) - raft.server.log.appender.buffer.byte-limit = 33554432 (custom)
2019-09-26 15:38:55,680 [pool-123-thread-1] INFO  server.RaftServerConfigKeys (ConfUtils.java:logGet(43)) - raft.server.log.segment.size.max = 1048576 (custom)
2019-09-26 15:38:55,680 [pool-123-thread-1] INFO  server.RaftServerConfigKeys (ConfUtils.java:logGet(43)) - raft.server.log.segment.cache.num.max = 2 (custom)
2019-09-26 15:38:55,680 [pool-123-thread-1] INFO  segmented.SegmentedRaftLogWorker (SegmentedRaftLogWorker.java:<init>(172)) - new bcb704dc-2543-42a4-8762-cde039a55a99@group-EF1E14F90087-SegmentedRaftLogWorker for RaftStorage:Storage Directory /workdir/hadoop-ozone/integration-test/target/test-dir/MiniOzoneClusterImpl-87962e32-e39f-4c57-b747-30c883c1cc54/datanode-0/data/ratis/052ce2e0-1884-4aa0-8ca0-ef1e14f90087
2019-09-26 15:38:55,680 [pool-123-thread-1] INFO  server.RaftServerConfigKeys (ConfUtils.java:logGet(43)) - raft.server.log.queue.byte-limit = 2147483647 (custom)
2019-09-26 15:38:55,680 [pool-123-thread-1] INFO  server.RaftServerConfigKeys (ConfUtils.java:logGet(43)) - raft.server.log.queue.element-limit = 1024 (custom)
2019-09-26 15:38:55,680 [pool-123-thread-1] INFO  server.RaftServerConfigKeys (ConfUtils.java:logGet(43)) - raft.server.log.segment.size.max = 1048576 (custom)
2019-09-26 15:38:55,681 [pool-123-thread-1] INFO  server.RaftServerConfigKeys (ConfUtils.java:logGet(43)) - raft.server.log.preallocated.size = 16384 (custom)
2019-09-26 15:38:55,681 [pool-123-thread-1] INFO  server.RaftServerConfigKeys (ConfUtils.java:logGet(43)) - raft.server.log.write.buffer.size = 33554432 (custom)
2019-09-26 15:38:55,681 [pool-123-thread-1] INFO  server.RaftServerConfigKeys (ConfUtils.java:logGet(43)) - raft.server.log.force.sync.num = 128 (default)
2019-09-26 15:38:55,681 [pool-123-thread-1] INFO  server.RaftServerConfigKeys (ConfUtils.java:logGet(43)) - raft.server.log.statemachine.data.sync = true (default)
2019-09-26 15:38:55,681 [pool-123-thread-1] INFO  server.RaftServerConfigKeys (ConfUtils.java:logGet(43)) - raft.server.log.statemachine.data.sync.timeout = 10s (default)
2019-09-26 15:38:55,681 [pool-123-thread-1] INFO  server.RaftServerConfigKeys (ConfUtils.java:logGet(43)) - raft.server.log.statemachine.data.sync.timeout.retry = -1 (default)
2019-09-26 15:38:55,681 [pool-123-thread-1] INFO  server.RaftServerConfigKeys (ConfUtils.java:logGet(43)) - raft.server.log.statemachine.data.caching.enabled = true (custom)
2019-09-26 15:38:55,682 [pool-123-thread-1] INFO  segmented.SegmentedRaftLogWorker (SegmentedRaftLogWorker.java:lambda$new$0(132)) - bcb704dc-2543-42a4-8762-cde039a55a99@group-EF1E14F90087-SegmentedRaftLogWorker: flushIndex: setUnconditionally 0 -> -1
2019-09-26 15:38:55,682 [pool-123-thread-1] INFO  server.RaftServerConfigKeys (ConfUtils.java:logGet(43)) - raft.server.snapshot.auto.trigger.enabled = true (custom)
2019-09-26 15:38:55,682 [pool-123-thread-1] INFO  server.RaftServerConfigKeys (ConfUtils.java:logGet(43)) - raft.server.snapshot.auto.trigger.threshold = 10000 (custom)
2019-09-26 15:38:55,682 [pool-123-thread-1] INFO  server.RaftServerConfigKeys (ConfUtils.java:logGet(43)) - raft.server.snapshot.retention.num.files = 5 (custom)
2019-09-26 15:38:55,682 [pool-123-thread-1] INFO  server.RaftServerConfigKeys (ConfUtils.java:logGet(43)) - raft.server.retrycache.expirytime = 600000ms (custom)
2019-09-26 15:38:55,684 [pool-123-thread-1] INFO  impl.RaftServerImpl (RaftServerImpl.java:start(185)) - bcb704dc-2543-42a4-8762-cde039a55a99@group-EF1E14F90087: start as a follower, conf=-1: [bcb704dc-2543-42a4-8762-cde039a55a99:192.168.151.99:43663], old=null
2019-09-26 15:38:55,684 [pool-123-thread-1] INFO  impl.RaftServerImpl (RaftServerImpl.java:setRole(174)) - bcb704dc-2543-42a4-8762-cde039a55a99@group-EF1E14F90087: changes role from      null to FOLLOWER at term 0 for startAsFollower
2019-09-26 15:38:55,684 [pool-123-thread-1] INFO  impl.RoleInfo (RoleInfo.java:updateAndGet(143)) - bcb704dc-2543-42a4-8762-cde039a55a99: start FollowerState
2019-09-26 15:38:55,684 [pool-123-thread-1] INFO  util.JmxRegister (JmxRegister.java:tryRegister(44)) - Successfully registered JMX Bean with object name Ratis:service=RaftServer,group=group-EF1E14F90087,id=bcb704dc-2543-42a4-8762-cde039a55a99
2019-09-26 15:38:55,686 [RatisPipelineUtilsThread] INFO  pipeline.PipelineStateManager (PipelineStateManager.java:addPipeline(56)) - Created pipeline Pipeline[ Id: 052ce2e0-1884-4aa0-8ca0-ef1e14f90087, Nodes: bcb704dc-2543-42a4-8762-cde039a55a99{ip: 192.168.151.99, host: pr-hdds-1569-g6sp5-2013761785, networkLocation: /default-rack, certSerialId: null}, Type:RATIS, Factor:ONE, State:OPEN]
2019-09-26 15:38:55,690 [grpc-default-executor-0] INFO  impl.RaftServerProxy (RaftServerProxy.java:addNew(89)) - bcb704dc-2543-42a4-8762-cde039a55a99: addNew group-3CAB2E070FFD:[bcb704dc-2543-42a4-8762-cde039a55a99:192.168.151.99:43663] returns group-3CAB2E070FFD:java.util.concurrent.CompletableFuture@455debbb[Not completed]
2019-09-26 15:38:55,691 [pool-123-thread-1] INFO  impl.RaftServerImpl (RaftServerImpl.java:<init>(95)) - bcb704dc-2543-42a4-8762-cde039a55a99: new RaftServerImpl for group-3CAB2E070FFD:[bcb704dc-2543-42a4-8762-cde039a55a99:192.168.151.99:43663] with ContainerStateMachine:uninitialized
2019-09-26 15:38:55,691 [pool-123-thread-1] INFO  server.RaftServerConfigKeys (ConfUtils.java:logGet(43)) - raft.server.rpc.timeout.min = 5s (custom)
2019-09-26 15:38:55,691 [pool-123-thread-1] INFO  server.RaftServerConfigKeys (ConfUtils.java:logGet(43)) - raft.server.rpc.timeout.max = 5200ms (custom)
2019-09-26 15:38:55,691 [pool-123-thread-1] INFO  server.RaftServerConfigKeys (ConfUtils.java:logGet(43)) - raft.server.rpcslowness.timeout = 120s (custom)
2019-09-26 15:38:55,691 [pool-123-thread-1] INFO  server.RaftServerConfigKeys (ConfUtils.java:logGet(43)) - raft.server.sleep.deviation.threshold = 300 (default)
2019-09-26 15:38:55,691 [pool-123-thread-1] INFO  server.RaftServerConfigKeys (ConfUtils.java:logGet(43)) - raft.server.log.appender.install.snapshot.enabled = false (custom)
2019-09-26 15:38:55,691 [pool-123-thread-1] INFO  impl.RaftServerImpl (ServerState.java:<init>(103)) - bcb704dc-2543-42a4-8762-cde039a55a99@group-3CAB2E070FFD: ConfigurationManager, init=-1: [bcb704dc-2543-42a4-8762-cde039a55a99:192.168.151.99:43663], old=null, confs=<EMPTY_MAP>
2019-09-26 15:38:55,692 [pool-123-thread-1] INFO  server.RaftServerConfigKeys (ConfUtils.java:logGet(43)) - raft.server.storage.dir = [/workdir/hadoop-ozone/integration-test/target/test-dir/MiniOzoneClusterImpl-87962e32-e39f-4c57-b747-30c883c1cc54/datanode-0/data/ratis] (custom)
2019-09-26 15:38:55,692 [pool-123-thread-1] INFO  storage.RaftStorageDirectory (RaftStorageDirectory.java:analyzeStorage(246)) - The storage directory /workdir/hadoop-ozone/integration-test/target/test-dir/MiniOzoneClusterImpl-87962e32-e39f-4c57-b747-30c883c1cc54/datanode-0/data/ratis/539b8604-1d81-424e-aac7-3cab2e070ffd does not exist. Creating ...
2019-09-26 15:38:55,705 [pool-123-thread-1] INFO  storage.RaftStorageDirectory (RaftStorageDirectory.java:tryLock(328)) - Lock on /workdir/hadoop-ozone/integration-test/target/test-dir/MiniOzoneClusterImpl-87962e32-e39f-4c57-b747-30c883c1cc54/datanode-0/data/ratis/539b8604-1d81-424e-aac7-3cab2e070ffd/in_use.lock acquired by nodename 10626@pr-hdds-1569-g6sp5-2013761785
2019-09-26 15:38:55,718 [pool-123-thread-1] INFO  storage.RaftStorage (RaftStorage.java:format(72)) - Storage directory /workdir/hadoop-ozone/integration-test/target/test-dir/MiniOzoneClusterImpl-87962e32-e39f-4c57-b747-30c883c1cc54/datanode-0/data/ratis/539b8604-1d81-424e-aac7-3cab2e070ffd has been successfully formatted.
2019-09-26 15:38:55,719 [pool-123-thread-1] INFO  ratis.ContainerStateMachine (ContainerStateMachine.java:loadSnapshot(230)) - group-3CAB2E070FFD: The snapshot info is null. Setting the last applied indexto:(t:0, i:~)
2019-09-26 15:38:55,719 [pool-123-thread-1] INFO  server.RaftServerConfigKeys (ConfUtils.java:logGet(43)) - raft.server.notification.no-leader.timeout = 120s (custom)
2019-09-26 15:38:55,719 [pool-123-thread-1] INFO  server.RaftServerConfigKeys (ConfUtils.java:logGet(43)) - raft.server.log.use.memory = false (default)
2019-09-26 15:38:55,719 [pool-123-thread-1] INFO  server.RaftServerConfigKeys (ConfUtils.java:logGet(43)) - raft.server.log.purge.gap = 1000000 (custom)
2019-09-26 15:38:55,719 [pool-123-thread-1] INFO  server.RaftServerConfigKeys (ConfUtils.java:logGet(43)) - raft.server.log.appender.buffer.byte-limit = 33554432 (custom)
2019-09-26 15:38:55,719 [pool-123-thread-1] INFO  server.RaftServerConfigKeys (ConfUtils.java:logGet(43)) - raft.server.log.segment.size.max = 1048576 (custom)
2019-09-26 15:38:55,720 [pool-123-thread-1] INFO  server.RaftServerConfigKeys (ConfUtils.java:logGet(43)) - raft.server.log.segment.cache.num.max = 2 (custom)
2019-09-26 15:38:55,720 [pool-123-thread-1] INFO  segmented.SegmentedRaftLogWorker (SegmentedRaftLogWorker.java:<init>(172)) - new bcb704dc-2543-42a4-8762-cde039a55a99@group-3CAB2E070FFD-SegmentedRaftLogWorker for RaftStorage:Storage Directory /workdir/hadoop-ozone/integration-test/target/test-dir/MiniOzoneClusterImpl-87962e32-e39f-4c57-b747-30c883c1cc54/datanode-0/data/ratis/539b8604-1d81-424e-aac7-3cab2e070ffd
2019-09-26 15:38:55,720 [pool-123-thread-1] INFO  server.RaftServerConfigKeys (ConfUtils.java:logGet(43)) - raft.server.log.queue.byte-limit = 2147483647 (custom)
2019-09-26 15:38:55,720 [pool-123-thread-1] INFO  server.RaftServerConfigKeys (ConfUtils.java:logGet(43)) - raft.server.log.queue.element-limit = 1024 (custom)
2019-09-26 15:38:55,720 [pool-123-thread-1] INFO  server.RaftServerConfigKeys (ConfUtils.java:logGet(43)) - raft.server.log.segment.size.max = 1048576 (custom)
2019-09-26 15:38:55,720 [pool-123-thread-1] INFO  server.RaftServerConfigKeys (ConfUtils.java:logGet(43)) - raft.server.log.preallocated.size = 16384 (custom)
2019-09-26 15:38:55,720 [pool-123-thread-1] INFO  server.RaftServerConfigKeys (ConfUtils.java:logGet(43)) - raft.server.log.write.buffer.size = 33554432 (custom)
2019-09-26 15:38:55,721 [pool-123-thread-1] INFO  server.RaftServerConfigKeys (ConfUtils.java:logGet(43)) - raft.server.log.force.sync.num = 128 (default)
2019-09-26 15:38:55,721 [pool-123-thread-1] INFO  server.RaftServerConfigKeys (ConfUtils.java:logGet(43)) - raft.server.log.statemachine.data.sync = true (default)
2019-09-26 15:38:55,721 [pool-123-thread-1] INFO  server.RaftServerConfigKeys (ConfUtils.java:logGet(43)) - raft.server.log.statemachine.data.sync.timeout = 10s (default)
2019-09-26 15:38:55,721 [pool-123-thread-1] INFO  server.RaftServerConfigKeys (ConfUtils.java:logGet(43)) - raft.server.log.statemachine.data.sync.timeout.retry = -1 (default)
2019-09-26 15:38:55,721 [pool-123-thread-1] INFO  server.RaftServerConfigKeys (ConfUtils.java:logGet(43)) - raft.server.log.statemachine.data.caching.enabled = true (custom)
2019-09-26 15:38:55,722 [pool-123-thread-1] INFO  segmented.SegmentedRaftLogWorker (SegmentedRaftLogWorker.java:lambda$new$0(132)) - bcb704dc-2543-42a4-8762-cde039a55a99@group-3CAB2E070FFD-SegmentedRaftLogWorker: flushIndex: setUnconditionally 0 -> -1
2019-09-26 15:38:55,722 [pool-123-thread-1] INFO  server.RaftServerConfigKeys (ConfUtils.java:logGet(43)) - raft.server.snapshot.auto.trigger.enabled = true (custom)
2019-09-26 15:38:55,722 [pool-123-thread-1] INFO  server.RaftServerConfigKeys (ConfUtils.java:logGet(43)) - raft.server.snapshot.auto.trigger.threshold = 10000 (custom)
2019-09-26 15:38:55,722 [pool-123-thread-1] INFO  server.RaftServerConfigKeys (ConfUtils.java:logGet(43)) - raft.server.snapshot.retention.num.files = 5 (custom)
2019-09-26 15:38:55,722 [pool-123-thread-1] INFO  server.RaftServerConfigKeys (ConfUtils.java:logGet(43)) - raft.server.retrycache.expirytime = 600000ms (custom)
2019-09-26 15:38:55,724 [pool-123-thread-1] INFO  impl.RaftServerImpl (RaftServerImpl.java:start(185)) - bcb704dc-2543-42a4-8762-cde039a55a99@group-3CAB2E070FFD: start as a follower, conf=-1: [bcb704dc-2543-42a4-8762-cde039a55a99:192.168.151.99:43663], old=null
2019-09-26 15:38:55,724 [pool-123-thread-1] INFO  impl.RaftServerImpl (RaftServerImpl.java:setRole(174)) - bcb704dc-2543-42a4-8762-cde039a55a99@group-3CAB2E070FFD: changes role from      null to FOLLOWER at term 0 for startAsFollower
2019-09-26 15:38:55,724 [pool-123-thread-1] INFO  impl.RoleInfo (RoleInfo.java:updateAndGet(143)) - bcb704dc-2543-42a4-8762-cde039a55a99: start FollowerState
2019-09-26 15:38:55,725 [pool-123-thread-1] INFO  util.JmxRegister (JmxRegister.java:tryRegister(44)) - Successfully registered JMX Bean with object name Ratis:service=RaftServer,group=group-3CAB2E070FFD,id=bcb704dc-2543-42a4-8762-cde039a55a99
2019-09-26 15:38:55,727 [RatisPipelineUtilsThread] INFO  pipeline.PipelineStateManager (PipelineStateManager.java:addPipeline(56)) - Created pipeline Pipeline[ Id: 539b8604-1d81-424e-aac7-3cab2e070ffd, Nodes: bcb704dc-2543-42a4-8762-cde039a55a99{ip: 192.168.151.99, host: pr-hdds-1569-g6sp5-2013761785, networkLocation: /default-rack, certSerialId: null}, Type:RATIS, Factor:ONE, State:OPEN]
2019-09-26 15:38:55,730 [grpc-default-executor-0] INFO  impl.RaftServerProxy (RaftServerProxy.java:addNew(89)) - bcb704dc-2543-42a4-8762-cde039a55a99: addNew group-860F4724CA86:[bcb704dc-2543-42a4-8762-cde039a55a99:192.168.151.99:43663] returns group-860F4724CA86:java.util.concurrent.CompletableFuture@52915dfd[Not completed]
2019-09-26 15:38:55,731 [pool-123-thread-1] INFO  impl.RaftServerImpl (RaftServerImpl.java:<init>(95)) - bcb704dc-2543-42a4-8762-cde039a55a99: new RaftServerImpl for group-860F4724CA86:[bcb704dc-2543-42a4-8762-cde039a55a99:192.168.151.99:43663] with ContainerStateMachine:uninitialized
2019-09-26 15:38:55,731 [pool-123-thread-1] INFO  server.RaftServerConfigKeys (ConfUtils.java:logGet(43)) - raft.server.rpc.timeout.min = 5s (custom)
2019-09-26 15:38:55,731 [pool-123-thread-1] INFO  server.RaftServerConfigKeys (ConfUtils.java:logGet(43)) - raft.server.rpc.timeout.max = 5200ms (custom)
2019-09-26 15:38:55,731 [pool-123-thread-1] INFO  server.RaftServerConfigKeys (ConfUtils.java:logGet(43)) - raft.server.rpcslowness.timeout = 120s (custom)
2019-09-26 15:38:55,732 [pool-123-thread-1] INFO  server.RaftServerConfigKeys (ConfUtils.java:logGet(43)) - raft.server.sleep.deviation.threshold = 300 (default)
2019-09-26 15:38:55,732 [pool-123-thread-1] INFO  server.RaftServerConfigKeys (ConfUtils.java:logGet(43)) - raft.server.log.appender.install.snapshot.enabled = false (custom)
2019-09-26 15:38:55,732 [pool-123-thread-1] INFO  impl.RaftServerImpl (ServerState.java:<init>(103)) - bcb704dc-2543-42a4-8762-cde039a55a99@group-860F4724CA86: ConfigurationManager, init=-1: [bcb704dc-2543-42a4-8762-cde039a55a99:192.168.151.99:43663], old=null, confs=<EMPTY_MAP>
2019-09-26 15:38:55,732 [pool-123-thread-1] INFO  server.RaftServerConfigKeys (ConfUtils.java:logGet(43)) - raft.server.storage.dir = [/workdir/hadoop-ozone/integration-test/target/test-dir/MiniOzoneClusterImpl-87962e32-e39f-4c57-b747-30c883c1cc54/datanode-0/data/ratis] (custom)
2019-09-26 15:38:55,733 [pool-123-thread-1] INFO  storage.RaftStorageDirectory (RaftStorageDirectory.java:analyzeStorage(246)) - The storage directory /workdir/hadoop-ozone/integration-test/target/test-dir/MiniOzoneClusterImpl-87962e32-e39f-4c57-b747-30c883c1cc54/datanode-0/data/ratis/624679cc-51ad-4e74-941a-860f4724ca86 does not exist. Creating ...
2019-09-26 15:38:55,745 [pool-123-thread-1] INFO  storage.RaftStorageDirectory (RaftStorageDirectory.java:tryLock(328)) - Lock on /workdir/hadoop-ozone/integration-test/target/test-dir/MiniOzoneClusterImpl-87962e32-e39f-4c57-b747-30c883c1cc54/datanode-0/data/ratis/624679cc-51ad-4e74-941a-860f4724ca86/in_use.lock acquired by nodename 10626@pr-hdds-1569-g6sp5-2013761785
2019-09-26 15:38:55,758 [pool-123-thread-1] INFO  storage.RaftStorage (RaftStorage.java:format(72)) - Storage directory /workdir/hadoop-ozone/integration-test/target/test-dir/MiniOzoneClusterImpl-87962e32-e39f-4c57-b747-30c883c1cc54/datanode-0/data/ratis/624679cc-51ad-4e74-941a-860f4724ca86 has been successfully formatted.
2019-09-26 15:38:55,759 [pool-123-thread-1] INFO  ratis.ContainerStateMachine (ContainerStateMachine.java:loadSnapshot(230)) - group-860F4724CA86: The snapshot info is null. Setting the last applied indexto:(t:0, i:~)
2019-09-26 15:38:55,759 [pool-123-thread-1] INFO  server.RaftServerConfigKeys (ConfUtils.java:logGet(43)) - raft.server.notification.no-leader.timeout = 120s (custom)
2019-09-26 15:38:55,759 [pool-123-thread-1] INFO  server.RaftServerConfigKeys (ConfUtils.java:logGet(43)) - raft.server.log.use.memory = false (default)
2019-09-26 15:38:55,759 [pool-123-thread-1] INFO  server.RaftServerConfigKeys (ConfUtils.java:logGet(43)) - raft.server.log.purge.gap = 1000000 (custom)
2019-09-26 15:38:55,760 [pool-123-thread-1] INFO  server.RaftServerConfigKeys (ConfUtils.java:logGet(43)) - raft.server.log.appender.buffer.byte-limit = 33554432 (custom)
2019-09-26 15:38:55,760 [pool-123-thread-1] INFO  server.RaftServerConfigKeys (ConfUtils.java:logGet(43)) - raft.server.log.segment.size.max = 1048576 (custom)
2019-09-26 15:38:55,760 [pool-123-thread-1] INFO  server.RaftServerConfigKeys (ConfUtils.java:logGet(43)) - raft.server.log.segment.cache.num.max = 2 (custom)
2019-09-26 15:38:55,760 [pool-123-thread-1] INFO  segmented.SegmentedRaftLogWorker (SegmentedRaftLogWorker.java:<init>(172)) - new bcb704dc-2543-42a4-8762-cde039a55a99@group-860F4724CA86-SegmentedRaftLogWorker for RaftStorage:Storage Directory /workdir/hadoop-ozone/integration-test/target/test-dir/MiniOzoneClusterImpl-87962e32-e39f-4c57-b747-30c883c1cc54/datanode-0/data/ratis/624679cc-51ad-4e74-941a-860f4724ca86
2019-09-26 15:38:55,760 [pool-123-thread-1] INFO  server.RaftServerConfigKeys (ConfUtils.java:logGet(43)) - raft.server.log.queue.byte-limit = 2147483647 (custom)
2019-09-26 15:38:55,760 [pool-123-thread-1] INFO  server.RaftServerConfigKeys (ConfUtils.java:logGet(43)) - raft.server.log.queue.element-limit = 1024 (custom)
2019-09-26 15:38:55,761 [pool-123-thread-1] INFO  server.RaftServerConfigKeys (ConfUtils.java:logGet(43)) - raft.server.log.segment.size.max = 1048576 (custom)
2019-09-26 15:38:55,761 [pool-123-thread-1] INFO  server.RaftServerConfigKeys (ConfUtils.java:logGet(43)) - raft.server.log.preallocated.size = 16384 (custom)
2019-09-26 15:38:55,761 [pool-123-thread-1] INFO  server.RaftServerConfigKeys (ConfUtils.java:logGet(43)) - raft.server.log.write.buffer.size = 33554432 (custom)
2019-09-26 15:38:55,761 [pool-123-thread-1] INFO  server.RaftServerConfigKeys (ConfUtils.java:logGet(43)) - raft.server.log.force.sync.num = 128 (default)
2019-09-26 15:38:55,761 [pool-123-thread-1] INFO  server.RaftServerConfigKeys (ConfUtils.java:logGet(43)) - raft.server.log.statemachine.data.sync = true (default)
2019-09-26 15:38:55,761 [pool-123-thread-1] INFO  server.RaftServerConfigKeys (ConfUtils.java:logGet(43)) - raft.server.log.statemachine.data.sync.timeout = 10s (default)
2019-09-26 15:38:55,761 [pool-123-thread-1] INFO  server.RaftServerConfigKeys (ConfUtils.java:logGet(43)) - raft.server.log.statemachine.data.sync.timeout.retry = -1 (default)
2019-09-26 15:38:55,762 [pool-123-thread-1] INFO  server.RaftServerConfigKeys (ConfUtils.java:logGet(43)) - raft.server.log.statemachine.data.caching.enabled = true (custom)
2019-09-26 15:38:55,762 [pool-123-thread-1] INFO  segmented.SegmentedRaftLogWorker (SegmentedRaftLogWorker.java:lambda$new$0(132)) - bcb704dc-2543-42a4-8762-cde039a55a99@group-860F4724CA86-SegmentedRaftLogWorker: flushIndex: setUnconditionally 0 -> -1
2019-09-26 15:38:55,762 [pool-123-thread-1] INFO  server.RaftServerConfigKeys (ConfUtils.java:logGet(43)) - raft.server.snapshot.auto.trigger.enabled = true (custom)
2019-09-26 15:38:55,762 [pool-123-thread-1] INFO  server.RaftServerConfigKeys (ConfUtils.java:logGet(43)) - raft.server.snapshot.auto.trigger.threshold = 10000 (custom)
2019-09-26 15:38:55,762 [pool-123-thread-1] INFO  server.RaftServerConfigKeys (ConfUtils.java:logGet(43)) - raft.server.snapshot.retention.num.files = 5 (custom)
2019-09-26 15:38:55,762 [pool-123-thread-1] INFO  server.RaftServerConfigKeys (ConfUtils.java:logGet(43)) - raft.server.retrycache.expirytime = 600000ms (custom)
2019-09-26 15:38:55,764 [pool-123-thread-1] INFO  impl.RaftServerImpl (RaftServerImpl.java:start(185)) - bcb704dc-2543-42a4-8762-cde039a55a99@group-860F4724CA86: start as a follower, conf=-1: [bcb704dc-2543-42a4-8762-cde039a55a99:192.168.151.99:43663], old=null
2019-09-26 15:38:55,764 [pool-123-thread-1] INFO  impl.RaftServerImpl (RaftServerImpl.java:setRole(174)) - bcb704dc-2543-42a4-8762-cde039a55a99@group-860F4724CA86: changes role from      null to FOLLOWER at term 0 for startAsFollower
2019-09-26 15:38:55,764 [pool-123-thread-1] INFO  impl.RoleInfo (RoleInfo.java:updateAndGet(143)) - bcb704dc-2543-42a4-8762-cde039a55a99: start FollowerState
2019-09-26 15:38:55,765 [pool-123-thread-1] INFO  util.JmxRegister (JmxRegister.java:tryRegister(44)) - Successfully registered JMX Bean with object name Ratis:service=RaftServer,group=group-860F4724CA86,id=bcb704dc-2543-42a4-8762-cde039a55a99
2019-09-26 15:38:55,767 [RatisPipelineUtilsThread] INFO  pipeline.PipelineStateManager (PipelineStateManager.java:addPipeline(56)) - Created pipeline Pipeline[ Id: 624679cc-51ad-4e74-941a-860f4724ca86, Nodes: bcb704dc-2543-42a4-8762-cde039a55a99{ip: 192.168.151.99, host: pr-hdds-1569-g6sp5-2013761785, networkLocation: /default-rack, certSerialId: null}, Type:RATIS, Factor:ONE, State:OPEN]
2019-09-26 15:38:55,770 [grpc-default-executor-0] INFO  impl.RaftServerProxy (RaftServerProxy.java:addNew(89)) - bcb704dc-2543-42a4-8762-cde039a55a99: addNew group-617888AA4A51:[bcb704dc-2543-42a4-8762-cde039a55a99:192.168.151.99:43663] returns group-617888AA4A51:java.util.concurrent.CompletableFuture@1edecb93[Not completed]
2019-09-26 15:38:55,771 [pool-123-thread-1] INFO  impl.RaftServerImpl (RaftServerImpl.java:<init>(95)) - bcb704dc-2543-42a4-8762-cde039a55a99: new RaftServerImpl for group-617888AA4A51:[bcb704dc-2543-42a4-8762-cde039a55a99:192.168.151.99:43663] with ContainerStateMachine:uninitialized
2019-09-26 15:38:55,771 [pool-123-thread-1] INFO  server.RaftServerConfigKeys (ConfUtils.java:logGet(43)) - raft.server.rpc.timeout.min = 5s (custom)
2019-09-26 15:38:55,771 [pool-123-thread-1] INFO  server.RaftServerConfigKeys (ConfUtils.java:logGet(43)) - raft.server.rpc.timeout.max = 5200ms (custom)
2019-09-26 15:38:55,771 [pool-123-thread-1] INFO  server.RaftServerConfigKeys (ConfUtils.java:logGet(43)) - raft.server.rpcslowness.timeout = 120s (custom)
2019-09-26 15:38:55,771 [pool-123-thread-1] INFO  server.RaftServerConfigKeys (ConfUtils.java:logGet(43)) - raft.server.sleep.deviation.threshold = 300 (default)
2019-09-26 15:38:55,772 [pool-123-thread-1] INFO  server.RaftServerConfigKeys (ConfUtils.java:logGet(43)) - raft.server.log.appender.install.snapshot.enabled = false (custom)
2019-09-26 15:38:55,772 [pool-123-thread-1] INFO  impl.RaftServerImpl (ServerState.java:<init>(103)) - bcb704dc-2543-42a4-8762-cde039a55a99@group-617888AA4A51: ConfigurationManager, init=-1: [bcb704dc-2543-42a4-8762-cde039a55a99:192.168.151.99:43663], old=null, confs=<EMPTY_MAP>
2019-09-26 15:38:55,772 [pool-123-thread-1] INFO  server.RaftServerConfigKeys (ConfUtils.java:logGet(43)) - raft.server.storage.dir = [/workdir/hadoop-ozone/integration-test/target/test-dir/MiniOzoneClusterImpl-87962e32-e39f-4c57-b747-30c883c1cc54/datanode-0/data/ratis] (custom)
2019-09-26 15:38:55,772 [pool-123-thread-1] INFO  storage.RaftStorageDirectory (RaftStorageDirectory.java:analyzeStorage(246)) - The storage directory /workdir/hadoop-ozone/integration-test/target/test-dir/MiniOzoneClusterImpl-87962e32-e39f-4c57-b747-30c883c1cc54/datanode-0/data/ratis/f76dc584-09d8-42d0-b9ec-617888aa4a51 does not exist. Creating ...
2019-09-26 15:38:55,785 [pool-123-thread-1] INFO  storage.RaftStorageDirectory (RaftStorageDirectory.java:tryLock(328)) - Lock on /workdir/hadoop-ozone/integration-test/target/test-dir/MiniOzoneClusterImpl-87962e32-e39f-4c57-b747-30c883c1cc54/datanode-0/data/ratis/f76dc584-09d8-42d0-b9ec-617888aa4a51/in_use.lock acquired by nodename 10626@pr-hdds-1569-g6sp5-2013761785
2019-09-26 15:38:55,798 [pool-123-thread-1] INFO  storage.RaftStorage (RaftStorage.java:format(72)) - Storage directory /workdir/hadoop-ozone/integration-test/target/test-dir/MiniOzoneClusterImpl-87962e32-e39f-4c57-b747-30c883c1cc54/datanode-0/data/ratis/f76dc584-09d8-42d0-b9ec-617888aa4a51 has been successfully formatted.
2019-09-26 15:38:55,798 [pool-123-thread-1] INFO  ratis.ContainerStateMachine (ContainerStateMachine.java:loadSnapshot(230)) - group-617888AA4A51: The snapshot info is null. Setting the last applied indexto:(t:0, i:~)
2019-09-26 15:38:55,798 [pool-123-thread-1] INFO  server.RaftServerConfigKeys (ConfUtils.java:logGet(43)) - raft.server.notification.no-leader.timeout = 120s (custom)
2019-09-26 15:38:55,798 [pool-123-thread-1] INFO  server.RaftServerConfigKeys (ConfUtils.java:logGet(43)) - raft.server.log.use.memory = false (default)
2019-09-26 15:38:55,798 [pool-123-thread-1] INFO  server.RaftServerConfigKeys (ConfUtils.java:logGet(43)) - raft.server.log.purge.gap = 1000000 (custom)
2019-09-26 15:38:55,798 [pool-123-thread-1] INFO  server.RaftServerConfigKeys (ConfUtils.java:logGet(43)) - raft.server.log.appender.buffer.byte-limit = 33554432 (custom)
2019-09-26 15:38:55,798 [pool-123-thread-1] INFO  server.RaftServerConfigKeys (ConfUtils.java:logGet(43)) - raft.server.log.segment.size.max = 1048576 (custom)
2019-09-26 15:38:55,799 [pool-123-thread-1] INFO  server.RaftServerConfigKeys (ConfUtils.java:logGet(43)) - raft.server.log.segment.cache.num.max = 2 (custom)
2019-09-26 15:38:55,799 [pool-123-thread-1] INFO  segmented.SegmentedRaftLogWorker (SegmentedRaftLogWorker.java:<init>(172)) - new bcb704dc-2543-42a4-8762-cde039a55a99@group-617888AA4A51-SegmentedRaftLogWorker for RaftStorage:Storage Directory /workdir/hadoop-ozone/integration-test/target/test-dir/MiniOzoneClusterImpl-87962e32-e39f-4c57-b747-30c883c1cc54/datanode-0/data/ratis/f76dc584-09d8-42d0-b9ec-617888aa4a51
2019-09-26 15:38:55,799 [pool-123-thread-1] INFO  server.RaftServerConfigKeys (ConfUtils.java:logGet(43)) - raft.server.log.queue.byte-limit = 2147483647 (custom)
2019-09-26 15:38:55,799 [pool-123-thread-1] INFO  server.RaftServerConfigKeys (ConfUtils.java:logGet(43)) - raft.server.log.queue.element-limit = 1024 (custom)
2019-09-26 15:38:55,799 [pool-123-thread-1] INFO  server.RaftServerConfigKeys (ConfUtils.java:logGet(43)) - raft.server.log.segment.size.max = 1048576 (custom)
2019-09-26 15:38:55,799 [pool-123-thread-1] INFO  server.RaftServerConfigKeys (ConfUtils.java:logGet(43)) - raft.server.log.preallocated.size = 16384 (custom)
2019-09-26 15:38:55,799 [pool-123-thread-1] INFO  server.RaftServerConfigKeys (ConfUtils.java:logGet(43)) - raft.server.log.write.buffer.size = 33554432 (custom)
2019-09-26 15:38:55,800 [pool-123-thread-1] INFO  server.RaftServerConfigKeys (ConfUtils.java:logGet(43)) - raft.server.log.force.sync.num = 128 (default)
2019-09-26 15:38:55,800 [pool-123-thread-1] INFO  server.RaftServerConfigKeys (ConfUtils.java:logGet(43)) - raft.server.log.statemachine.data.sync = true (default)
2019-09-26 15:38:55,800 [pool-123-thread-1] INFO  server.RaftServerConfigKeys (ConfUtils.java:logGet(43)) - raft.server.log.statemachine.data.sync.timeout = 10s (default)
2019-09-26 15:38:55,800 [pool-123-thread-1] INFO  server.RaftServerConfigKeys (ConfUtils.java:logGet(43)) - raft.server.log.statemachine.data.sync.timeout.retry = -1 (default)
2019-09-26 15:38:55,800 [pool-123-thread-1] INFO  server.RaftServerConfigKeys (ConfUtils.java:logGet(43)) - raft.server.log.statemachine.data.caching.enabled = true (custom)
2019-09-26 15:38:55,800 [pool-123-thread-1] INFO  segmented.SegmentedRaftLogWorker (SegmentedRaftLogWorker.java:lambda$new$0(132)) - bcb704dc-2543-42a4-8762-cde039a55a99@group-617888AA4A51-SegmentedRaftLogWorker: flushIndex: setUnconditionally 0 -> -1
2019-09-26 15:38:55,801 [pool-123-thread-1] INFO  server.RaftServerConfigKeys (ConfUtils.java:logGet(43)) - raft.server.snapshot.auto.trigger.enabled = true (custom)
2019-09-26 15:38:55,801 [pool-123-thread-1] INFO  server.RaftServerConfigKeys (ConfUtils.java:logGet(43)) - raft.server.snapshot.auto.trigger.threshold = 10000 (custom)
2019-09-26 15:38:55,801 [pool-123-thread-1] INFO  server.RaftServerConfigKeys (ConfUtils.java:logGet(43)) - raft.server.snapshot.retention.num.files = 5 (custom)
2019-09-26 15:38:55,801 [pool-123-thread-1] INFO  server.RaftServerConfigKeys (ConfUtils.java:logGet(43)) - raft.server.retrycache.expirytime = 600000ms (custom)
2019-09-26 15:38:55,803 [pool-123-thread-1] INFO  impl.RaftServerImpl (RaftServerImpl.java:start(185)) - bcb704dc-2543-42a4-8762-cde039a55a99@group-617888AA4A51: start as a follower, conf=-1: [bcb704dc-2543-42a4-8762-cde039a55a99:192.168.151.99:43663], old=null
2019-09-26 15:38:55,803 [pool-123-thread-1] INFO  impl.RaftServerImpl (RaftServerImpl.java:setRole(174)) - bcb704dc-2543-42a4-8762-cde039a55a99@group-617888AA4A51: changes role from      null to FOLLOWER at term 0 for startAsFollower
2019-09-26 15:38:55,803 [pool-123-thread-1] INFO  impl.RoleInfo (RoleInfo.java:updateAndGet(143)) - bcb704dc-2543-42a4-8762-cde039a55a99: start FollowerState
2019-09-26 15:38:55,803 [pool-123-thread-1] INFO  util.JmxRegister (JmxRegister.java:tryRegister(44)) - Successfully registered JMX Bean with object name Ratis:service=RaftServer,group=group-617888AA4A51,id=bcb704dc-2543-42a4-8762-cde039a55a99
2019-09-26 15:38:55,805 [RatisPipelineUtilsThread] INFO  pipeline.PipelineStateManager (PipelineStateManager.java:addPipeline(56)) - Created pipeline Pipeline[ Id: f76dc584-09d8-42d0-b9ec-617888aa4a51, Nodes: bcb704dc-2543-42a4-8762-cde039a55a99{ip: 192.168.151.99, host: pr-hdds-1569-g6sp5-2013761785, networkLocation: /default-rack, certSerialId: null}, Type:RATIS, Factor:ONE, State:OPEN]
2019-09-26 15:38:55,810 [grpc-default-executor-0] INFO  impl.RaftServerProxy (RaftServerProxy.java:addNew(89)) - bcb704dc-2543-42a4-8762-cde039a55a99: addNew group-99D974920299:[bcb704dc-2543-42a4-8762-cde039a55a99:192.168.151.99:43663] returns group-99D974920299:java.util.concurrent.CompletableFuture@29a38fd3[Not completed]
2019-09-26 15:38:55,810 [pool-123-thread-1] INFO  impl.RaftServerImpl (RaftServerImpl.java:<init>(95)) - bcb704dc-2543-42a4-8762-cde039a55a99: new RaftServerImpl for group-99D974920299:[bcb704dc-2543-42a4-8762-cde039a55a99:192.168.151.99:43663] with ContainerStateMachine:uninitialized
2019-09-26 15:38:55,810 [pool-123-thread-1] INFO  server.RaftServerConfigKeys (ConfUtils.java:logGet(43)) - raft.server.rpc.timeout.min = 5s (custom)
2019-09-26 15:38:55,811 [pool-123-thread-1] INFO  server.RaftServerConfigKeys (ConfUtils.java:logGet(43)) - raft.server.rpc.timeout.max = 5200ms (custom)
2019-09-26 15:38:55,811 [pool-123-thread-1] INFO  server.RaftServerConfigKeys (ConfUtils.java:logGet(43)) - raft.server.rpcslowness.timeout = 120s (custom)
2019-09-26 15:38:55,811 [pool-123-thread-1] INFO  server.RaftServerConfigKeys (ConfUtils.java:logGet(43)) - raft.server.sleep.deviation.threshold = 300 (default)
2019-09-26 15:38:55,811 [pool-123-thread-1] INFO  server.RaftServerConfigKeys (ConfUtils.java:logGet(43)) - raft.server.log.appender.install.snapshot.enabled = false (custom)
2019-09-26 15:38:55,811 [pool-123-thread-1] INFO  impl.RaftServerImpl (ServerState.java:<init>(103)) - bcb704dc-2543-42a4-8762-cde039a55a99@group-99D974920299: ConfigurationManager, init=-1: [bcb704dc-2543-42a4-8762-cde039a55a99:192.168.151.99:43663], old=null, confs=<EMPTY_MAP>
2019-09-26 15:38:55,811 [pool-123-thread-1] INFO  server.RaftServerConfigKeys (ConfUtils.java:logGet(43)) - raft.server.storage.dir = [/workdir/hadoop-ozone/integration-test/target/test-dir/MiniOzoneClusterImpl-87962e32-e39f-4c57-b747-30c883c1cc54/datanode-0/data/ratis] (custom)
2019-09-26 15:38:55,812 [pool-123-thread-1] INFO  storage.RaftStorageDirectory (RaftStorageDirectory.java:analyzeStorage(246)) - The storage directory /workdir/hadoop-ozone/integration-test/target/test-dir/MiniOzoneClusterImpl-87962e32-e39f-4c57-b747-30c883c1cc54/datanode-0/data/ratis/ea2a4cd6-9fa7-4f45-a6e7-99d974920299 does not exist. Creating ...
2019-09-26 15:38:55,824 [pool-123-thread-1] INFO  storage.RaftStorageDirectory (RaftStorageDirectory.java:tryLock(328)) - Lock on /workdir/hadoop-ozone/integration-test/target/test-dir/MiniOzoneClusterImpl-87962e32-e39f-4c57-b747-30c883c1cc54/datanode-0/data/ratis/ea2a4cd6-9fa7-4f45-a6e7-99d974920299/in_use.lock acquired by nodename 10626@pr-hdds-1569-g6sp5-2013761785
2019-09-26 15:38:55,838 [pool-123-thread-1] INFO  storage.RaftStorage (RaftStorage.java:format(72)) - Storage directory /workdir/hadoop-ozone/integration-test/target/test-dir/MiniOzoneClusterImpl-87962e32-e39f-4c57-b747-30c883c1cc54/datanode-0/data/ratis/ea2a4cd6-9fa7-4f45-a6e7-99d974920299 has been successfully formatted.
2019-09-26 15:38:55,838 [pool-123-thread-1] INFO  ratis.ContainerStateMachine (ContainerStateMachine.java:loadSnapshot(230)) - group-99D974920299: The snapshot info is null. Setting the last applied indexto:(t:0, i:~)
2019-09-26 15:38:55,838 [pool-123-thread-1] INFO  server.RaftServerConfigKeys (ConfUtils.java:logGet(43)) - raft.server.notification.no-leader.timeout = 120s (custom)
2019-09-26 15:38:55,838 [pool-123-thread-1] INFO  server.RaftServerConfigKeys (ConfUtils.java:logGet(43)) - raft.server.log.use.memory = false (default)
2019-09-26 15:38:55,839 [pool-123-thread-1] INFO  server.RaftServerConfigKeys (ConfUtils.java:logGet(43)) - raft.server.log.purge.gap = 1000000 (custom)
2019-09-26 15:38:55,839 [pool-123-thread-1] INFO  server.RaftServerConfigKeys (ConfUtils.java:logGet(43)) - raft.server.log.appender.buffer.byte-limit = 33554432 (custom)
2019-09-26 15:38:55,839 [pool-123-thread-1] INFO  server.RaftServerConfigKeys (ConfUtils.java:logGet(43)) - raft.server.log.segment.size.max = 1048576 (custom)
2019-09-26 15:38:55,839 [pool-123-thread-1] INFO  server.RaftServerConfigKeys (ConfUtils.java:logGet(43)) - raft.server.log.segment.cache.num.max = 2 (custom)
2019-09-26 15:38:55,839 [pool-123-thread-1] INFO  segmented.SegmentedRaftLogWorker (SegmentedRaftLogWorker.java:<init>(172)) - new bcb704dc-2543-42a4-8762-cde039a55a99@group-99D974920299-SegmentedRaftLogWorker for RaftStorage:Storage Directory /workdir/hadoop-ozone/integration-test/target/test-dir/MiniOzoneClusterImpl-87962e32-e39f-4c57-b747-30c883c1cc54/datanode-0/data/ratis/ea2a4cd6-9fa7-4f45-a6e7-99d974920299
2019-09-26 15:38:55,839 [pool-123-thread-1] INFO  server.RaftServerConfigKeys (ConfUtils.java:logGet(43)) - raft.server.log.queue.byte-limit = 2147483647 (custom)
2019-09-26 15:38:55,840 [pool-123-thread-1] INFO  server.RaftServerConfigKeys (ConfUtils.java:logGet(43)) - raft.server.log.queue.element-limit = 1024 (custom)
2019-09-26 15:38:55,840 [pool-123-thread-1] INFO  server.RaftServerConfigKeys (ConfUtils.java:logGet(43)) - raft.server.log.segment.size.max = 1048576 (custom)
2019-09-26 15:38:55,840 [pool-123-thread-1] INFO  server.RaftServerConfigKeys (ConfUtils.java:logGet(43)) - raft.server.log.preallocated.size = 16384 (custom)
2019-09-26 15:38:55,840 [pool-123-thread-1] INFO  server.RaftServerConfigKeys (ConfUtils.java:logGet(43)) - raft.server.log.write.buffer.size = 33554432 (custom)
2019-09-26 15:38:55,840 [pool-123-thread-1] INFO  server.RaftServerConfigKeys (ConfUtils.java:logGet(43)) - raft.server.log.force.sync.num = 128 (default)
2019-09-26 15:38:55,840 [pool-123-thread-1] INFO  server.RaftServerConfigKeys (ConfUtils.java:logGet(43)) - raft.server.log.statemachine.data.sync = true (default)
2019-09-26 15:38:55,841 [pool-123-thread-1] INFO  server.RaftServerConfigKeys (ConfUtils.java:logGet(43)) - raft.server.log.statemachine.data.sync.timeout = 10s (default)
2019-09-26 15:38:55,841 [pool-123-thread-1] INFO  server.RaftServerConfigKeys (ConfUtils.java:logGet(43)) - raft.server.log.statemachine.data.sync.timeout.retry = -1 (default)
2019-09-26 15:38:55,841 [pool-123-thread-1] INFO  server.RaftServerConfigKeys (ConfUtils.java:logGet(43)) - raft.server.log.statemachine.data.caching.enabled = true (custom)
2019-09-26 15:38:55,841 [pool-123-thread-1] INFO  segmented.SegmentedRaftLogWorker (SegmentedRaftLogWorker.java:lambda$new$0(132)) - bcb704dc-2543-42a4-8762-cde039a55a99@group-99D974920299-SegmentedRaftLogWorker: flushIndex: setUnconditionally 0 -> -1
2019-09-26 15:38:55,842 [pool-123-thread-1] INFO  server.RaftServerConfigKeys (ConfUtils.java:logGet(43)) - raft.server.snapshot.auto.trigger.enabled = true (custom)
2019-09-26 15:38:55,842 [pool-123-thread-1] INFO  server.RaftServerConfigKeys (ConfUtils.java:logGet(43)) - raft.server.snapshot.auto.trigger.threshold = 10000 (custom)
2019-09-26 15:38:55,842 [pool-123-thread-1] INFO  server.RaftServerConfigKeys (ConfUtils.java:logGet(43)) - raft.server.snapshot.retention.num.files = 5 (custom)
2019-09-26 15:38:55,842 [pool-123-thread-1] INFO  server.RaftServerConfigKeys (ConfUtils.java:logGet(43)) - raft.server.retrycache.expirytime = 600000ms (custom)
2019-09-26 15:38:55,844 [pool-123-thread-1] INFO  impl.RaftServerImpl (RaftServerImpl.java:start(185)) - bcb704dc-2543-42a4-8762-cde039a55a99@group-99D974920299: start as a follower, conf=-1: [bcb704dc-2543-42a4-8762-cde039a55a99:192.168.151.99:43663], old=null
2019-09-26 15:38:55,844 [pool-123-thread-1] INFO  impl.RaftServerImpl (RaftServerImpl.java:setRole(174)) - bcb704dc-2543-42a4-8762-cde039a55a99@group-99D974920299: changes role from      null to FOLLOWER at term 0 for startAsFollower
2019-09-26 15:38:55,844 [pool-123-thread-1] INFO  impl.RoleInfo (RoleInfo.java:updateAndGet(143)) - bcb704dc-2543-42a4-8762-cde039a55a99: start FollowerState
2019-09-26 15:38:55,844 [pool-123-thread-1] INFO  util.JmxRegister (JmxRegister.java:tryRegister(44)) - Successfully registered JMX Bean with object name Ratis:service=RaftServer,group=group-99D974920299,id=bcb704dc-2543-42a4-8762-cde039a55a99
2019-09-26 15:38:55,847 [RatisPipelineUtilsThread] INFO  pipeline.PipelineStateManager (PipelineStateManager.java:addPipeline(56)) - Created pipeline Pipeline[ Id: ea2a4cd6-9fa7-4f45-a6e7-99d974920299, Nodes: bcb704dc-2543-42a4-8762-cde039a55a99{ip: 192.168.151.99, host: pr-hdds-1569-g6sp5-2013761785, networkLocation: /default-rack, certSerialId: null}, Type:RATIS, Factor:ONE, State:OPEN]
2019-09-26 15:38:55,851 [grpc-default-executor-0] INFO  impl.RaftServerProxy (RaftServerProxy.java:addNew(89)) - bcb704dc-2543-42a4-8762-cde039a55a99: addNew group-B99515D878E9:[bcb704dc-2543-42a4-8762-cde039a55a99:192.168.151.99:43663] returns group-B99515D878E9:java.util.concurrent.CompletableFuture@52da1aa2[Not completed]
2019-09-26 15:38:55,852 [pool-123-thread-1] INFO  impl.RaftServerImpl (RaftServerImpl.java:<init>(95)) - bcb704dc-2543-42a4-8762-cde039a55a99: new RaftServerImpl for group-B99515D878E9:[bcb704dc-2543-42a4-8762-cde039a55a99:192.168.151.99:43663] with ContainerStateMachine:uninitialized
2019-09-26 15:38:55,852 [pool-123-thread-1] INFO  server.RaftServerConfigKeys (ConfUtils.java:logGet(43)) - raft.server.rpc.timeout.min = 5s (custom)
2019-09-26 15:38:55,852 [pool-123-thread-1] INFO  server.RaftServerConfigKeys (ConfUtils.java:logGet(43)) - raft.server.rpc.timeout.max = 5200ms (custom)
2019-09-26 15:38:55,852 [pool-123-thread-1] INFO  server.RaftServerConfigKeys (ConfUtils.java:logGet(43)) - raft.server.rpcslowness.timeout = 120s (custom)
2019-09-26 15:38:55,852 [pool-123-thread-1] INFO  server.RaftServerConfigKeys (ConfUtils.java:logGet(43)) - raft.server.sleep.deviation.threshold = 300 (default)
2019-09-26 15:38:55,852 [pool-123-thread-1] INFO  server.RaftServerConfigKeys (ConfUtils.java:logGet(43)) - raft.server.log.appender.install.snapshot.enabled = false (custom)
2019-09-26 15:38:55,852 [pool-123-thread-1] INFO  impl.RaftServerImpl (ServerState.java:<init>(103)) - bcb704dc-2543-42a4-8762-cde039a55a99@group-B99515D878E9: ConfigurationManager, init=-1: [bcb704dc-2543-42a4-8762-cde039a55a99:192.168.151.99:43663], old=null, confs=<EMPTY_MAP>
2019-09-26 15:38:55,853 [pool-123-thread-1] INFO  server.RaftServerConfigKeys (ConfUtils.java:logGet(43)) - raft.server.storage.dir = [/workdir/hadoop-ozone/integration-test/target/test-dir/MiniOzoneClusterImpl-87962e32-e39f-4c57-b747-30c883c1cc54/datanode-0/data/ratis] (custom)
2019-09-26 15:38:55,853 [pool-123-thread-1] INFO  storage.RaftStorageDirectory (RaftStorageDirectory.java:analyzeStorage(246)) - The storage directory /workdir/hadoop-ozone/integration-test/target/test-dir/MiniOzoneClusterImpl-87962e32-e39f-4c57-b747-30c883c1cc54/datanode-0/data/ratis/5e49d174-68fd-4c6c-937a-b99515d878e9 does not exist. Creating ...
2019-09-26 15:38:55,874 [pool-123-thread-1] INFO  storage.RaftStorageDirectory (RaftStorageDirectory.java:tryLock(328)) - Lock on /workdir/hadoop-ozone/integration-test/target/test-dir/MiniOzoneClusterImpl-87962e32-e39f-4c57-b747-30c883c1cc54/datanode-0/data/ratis/5e49d174-68fd-4c6c-937a-b99515d878e9/in_use.lock acquired by nodename 10626@pr-hdds-1569-g6sp5-2013761785
2019-09-26 15:38:55,886 [pool-123-thread-1] INFO  storage.RaftStorage (RaftStorage.java:format(72)) - Storage directory /workdir/hadoop-ozone/integration-test/target/test-dir/MiniOzoneClusterImpl-87962e32-e39f-4c57-b747-30c883c1cc54/datanode-0/data/ratis/5e49d174-68fd-4c6c-937a-b99515d878e9 has been successfully formatted.
2019-09-26 15:38:55,887 [pool-123-thread-1] INFO  ratis.ContainerStateMachine (ContainerStateMachine.java:loadSnapshot(230)) - group-B99515D878E9: The snapshot info is null. Setting the last applied indexto:(t:0, i:~)
2019-09-26 15:38:55,887 [pool-123-thread-1] INFO  server.RaftServerConfigKeys (ConfUtils.java:logGet(43)) - raft.server.notification.no-leader.timeout = 120s (custom)
2019-09-26 15:38:55,887 [pool-123-thread-1] INFO  server.RaftServerConfigKeys (ConfUtils.java:logGet(43)) - raft.server.log.use.memory = false (default)
2019-09-26 15:38:55,887 [pool-123-thread-1] INFO  server.RaftServerConfigKeys (ConfUtils.java:logGet(43)) - raft.server.log.purge.gap = 1000000 (custom)
2019-09-26 15:38:55,887 [pool-123-thread-1] INFO  server.RaftServerConfigKeys (ConfUtils.java:logGet(43)) - raft.server.log.appender.buffer.byte-limit = 33554432 (custom)
2019-09-26 15:38:55,887 [pool-123-thread-1] INFO  server.RaftServerConfigKeys (ConfUtils.java:logGet(43)) - raft.server.log.segment.size.max = 1048576 (custom)
2019-09-26 15:38:55,887 [pool-123-thread-1] INFO  server.RaftServerConfigKeys (ConfUtils.java:logGet(43)) - raft.server.log.segment.cache.num.max = 2 (custom)
2019-09-26 15:38:55,888 [pool-123-thread-1] INFO  segmented.SegmentedRaftLogWorker (SegmentedRaftLogWorker.java:<init>(172)) - new bcb704dc-2543-42a4-8762-cde039a55a99@group-B99515D878E9-SegmentedRaftLogWorker for RaftStorage:Storage Directory /workdir/hadoop-ozone/integration-test/target/test-dir/MiniOzoneClusterImpl-87962e32-e39f-4c57-b747-30c883c1cc54/datanode-0/data/ratis/5e49d174-68fd-4c6c-937a-b99515d878e9
2019-09-26 15:38:55,888 [pool-123-thread-1] INFO  server.RaftServerConfigKeys (ConfUtils.java:logGet(43)) - raft.server.log.queue.byte-limit = 2147483647 (custom)
2019-09-26 15:38:55,888 [pool-123-thread-1] INFO  server.RaftServerConfigKeys (ConfUtils.java:logGet(43)) - raft.server.log.queue.element-limit = 1024 (custom)
2019-09-26 15:38:55,888 [pool-123-thread-1] INFO  server.RaftServerConfigKeys (ConfUtils.java:logGet(43)) - raft.server.log.segment.size.max = 1048576 (custom)
2019-09-26 15:38:55,888 [pool-123-thread-1] INFO  server.RaftServerConfigKeys (ConfUtils.java:logGet(43)) - raft.server.log.preallocated.size = 16384 (custom)
2019-09-26 15:38:55,888 [pool-123-thread-1] INFO  server.RaftServerConfigKeys (ConfUtils.java:logGet(43)) - raft.server.log.write.buffer.size = 33554432 (custom)
2019-09-26 15:38:55,888 [pool-123-thread-1] INFO  server.RaftServerConfigKeys (ConfUtils.java:logGet(43)) - raft.server.log.force.sync.num = 128 (default)
2019-09-26 15:38:55,888 [pool-123-thread-1] INFO  server.RaftServerConfigKeys (ConfUtils.java:logGet(43)) - raft.server.log.statemachine.data.sync = true (default)
2019-09-26 15:38:55,889 [pool-123-thread-1] INFO  server.RaftServerConfigKeys (ConfUtils.java:logGet(43)) - raft.server.log.statemachine.data.sync.timeout = 10s (default)
2019-09-26 15:38:55,889 [pool-123-thread-1] INFO  server.RaftServerConfigKeys (ConfUtils.java:logGet(43)) - raft.server.log.statemachine.data.sync.timeout.retry = -1 (default)
2019-09-26 15:38:55,889 [pool-123-thread-1] INFO  server.RaftServerConfigKeys (ConfUtils.java:logGet(43)) - raft.server.log.statemachine.data.caching.enabled = true (custom)
2019-09-26 15:38:55,889 [pool-123-thread-1] INFO  segmented.SegmentedRaftLogWorker (SegmentedRaftLogWorker.java:lambda$new$0(132)) - bcb704dc-2543-42a4-8762-cde039a55a99@group-B99515D878E9-SegmentedRaftLogWorker: flushIndex: setUnconditionally 0 -> -1
2019-09-26 15:38:55,889 [pool-123-thread-1] INFO  server.RaftServerConfigKeys (ConfUtils.java:logGet(43)) - raft.server.snapshot.auto.trigger.enabled = true (custom)
2019-09-26 15:38:55,890 [pool-123-thread-1] INFO  server.RaftServerConfigKeys (ConfUtils.java:logGet(43)) - raft.server.snapshot.auto.trigger.threshold = 10000 (custom)
2019-09-26 15:38:55,890 [pool-123-thread-1] INFO  server.RaftServerConfigKeys (ConfUtils.java:logGet(43)) - raft.server.snapshot.retention.num.files = 5 (custom)
2019-09-26 15:38:55,890 [pool-123-thread-1] INFO  server.RaftServerConfigKeys (ConfUtils.java:logGet(43)) - raft.server.retrycache.expirytime = 600000ms (custom)
2019-09-26 15:38:55,891 [pool-123-thread-1] INFO  impl.RaftServerImpl (RaftServerImpl.java:start(185)) - bcb704dc-2543-42a4-8762-cde039a55a99@group-B99515D878E9: start as a follower, conf=-1: [bcb704dc-2543-42a4-8762-cde039a55a99:192.168.151.99:43663], old=null
2019-09-26 15:38:55,892 [pool-123-thread-1] INFO  impl.RaftServerImpl (RaftServerImpl.java:setRole(174)) - bcb704dc-2543-42a4-8762-cde039a55a99@group-B99515D878E9: changes role from      null to FOLLOWER at term 0 for startAsFollower
2019-09-26 15:38:55,892 [pool-123-thread-1] INFO  impl.RoleInfo (RoleInfo.java:updateAndGet(143)) - bcb704dc-2543-42a4-8762-cde039a55a99: start FollowerState
2019-09-26 15:38:55,892 [pool-123-thread-1] INFO  util.JmxRegister (JmxRegister.java:tryRegister(44)) - Successfully registered JMX Bean with object name Ratis:service=RaftServer,group=group-B99515D878E9,id=bcb704dc-2543-42a4-8762-cde039a55a99
2019-09-26 15:38:55,895 [RatisPipelineUtilsThread] INFO  pipeline.PipelineStateManager (PipelineStateManager.java:addPipeline(56)) - Created pipeline Pipeline[ Id: 5e49d174-68fd-4c6c-937a-b99515d878e9, Nodes: bcb704dc-2543-42a4-8762-cde039a55a99{ip: 192.168.151.99, host: pr-hdds-1569-g6sp5-2013761785, networkLocation: /default-rack, certSerialId: null}, Type:RATIS, Factor:ONE, State:OPEN]
2019-09-26 15:38:55,898 [grpc-default-executor-0] INFO  impl.RaftServerProxy (RaftServerProxy.java:addNew(89)) - bcb704dc-2543-42a4-8762-cde039a55a99: addNew group-375D6A16F6EF:[bcb704dc-2543-42a4-8762-cde039a55a99:192.168.151.99:43663] returns group-375D6A16F6EF:java.util.concurrent.CompletableFuture@3c3999be[Not completed]
2019-09-26 15:38:55,899 [pool-123-thread-1] INFO  impl.RaftServerImpl (RaftServerImpl.java:<init>(95)) - bcb704dc-2543-42a4-8762-cde039a55a99: new RaftServerImpl for group-375D6A16F6EF:[bcb704dc-2543-42a4-8762-cde039a55a99:192.168.151.99:43663] with ContainerStateMachine:uninitialized
2019-09-26 15:38:55,899 [pool-123-thread-1] INFO  server.RaftServerConfigKeys (ConfUtils.java:logGet(43)) - raft.server.rpc.timeout.min = 5s (custom)
2019-09-26 15:38:55,899 [pool-123-thread-1] INFO  server.RaftServerConfigKeys (ConfUtils.java:logGet(43)) - raft.server.rpc.timeout.max = 5200ms (custom)
2019-09-26 15:38:55,899 [pool-123-thread-1] INFO  server.RaftServerConfigKeys (ConfUtils.java:logGet(43)) - raft.server.rpcslowness.timeout = 120s (custom)
2019-09-26 15:38:55,900 [pool-123-thread-1] INFO  server.RaftServerConfigKeys (ConfUtils.java:logGet(43)) - raft.server.sleep.deviation.threshold = 300 (default)
2019-09-26 15:38:55,900 [pool-123-thread-1] INFO  server.RaftServerConfigKeys (ConfUtils.java:logGet(43)) - raft.server.log.appender.install.snapshot.enabled = false (custom)
2019-09-26 15:38:55,900 [pool-123-thread-1] INFO  impl.RaftServerImpl (ServerState.java:<init>(103)) - bcb704dc-2543-42a4-8762-cde039a55a99@group-375D6A16F6EF: ConfigurationManager, init=-1: [bcb704dc-2543-42a4-8762-cde039a55a99:192.168.151.99:43663], old=null, confs=<EMPTY_MAP>
2019-09-26 15:38:55,900 [pool-123-thread-1] INFO  server.RaftServerConfigKeys (ConfUtils.java:logGet(43)) - raft.server.storage.dir = [/workdir/hadoop-ozone/integration-test/target/test-dir/MiniOzoneClusterImpl-87962e32-e39f-4c57-b747-30c883c1cc54/datanode-0/data/ratis] (custom)
2019-09-26 15:38:55,901 [pool-123-thread-1] INFO  storage.RaftStorageDirectory (RaftStorageDirectory.java:analyzeStorage(246)) - The storage directory /workdir/hadoop-ozone/integration-test/target/test-dir/MiniOzoneClusterImpl-87962e32-e39f-4c57-b747-30c883c1cc54/datanode-0/data/ratis/c05d3522-0a66-46a0-8e67-375d6a16f6ef does not exist. Creating ...
2019-09-26 15:38:55,913 [pool-123-thread-1] INFO  storage.RaftStorageDirectory (RaftStorageDirectory.java:tryLock(328)) - Lock on /workdir/hadoop-ozone/integration-test/target/test-dir/MiniOzoneClusterImpl-87962e32-e39f-4c57-b747-30c883c1cc54/datanode-0/data/ratis/c05d3522-0a66-46a0-8e67-375d6a16f6ef/in_use.lock acquired by nodename 10626@pr-hdds-1569-g6sp5-2013761785
2019-09-26 15:38:55,927 [pool-123-thread-1] INFO  storage.RaftStorage (RaftStorage.java:format(72)) - Storage directory /workdir/hadoop-ozone/integration-test/target/test-dir/MiniOzoneClusterImpl-87962e32-e39f-4c57-b747-30c883c1cc54/datanode-0/data/ratis/c05d3522-0a66-46a0-8e67-375d6a16f6ef has been successfully formatted.
2019-09-26 15:38:55,927 [pool-123-thread-1] INFO  ratis.ContainerStateMachine (ContainerStateMachine.java:loadSnapshot(230)) - group-375D6A16F6EF: The snapshot info is null. Setting the last applied indexto:(t:0, i:~)
2019-09-26 15:38:55,927 [pool-123-thread-1] INFO  server.RaftServerConfigKeys (ConfUtils.java:logGet(43)) - raft.server.notification.no-leader.timeout = 120s (custom)
2019-09-26 15:38:55,927 [pool-123-thread-1] INFO  server.RaftServerConfigKeys (ConfUtils.java:logGet(43)) - raft.server.log.use.memory = false (default)
2019-09-26 15:38:55,928 [pool-123-thread-1] INFO  server.RaftServerConfigKeys (ConfUtils.java:logGet(43)) - raft.server.log.purge.gap = 1000000 (custom)
2019-09-26 15:38:55,928 [pool-123-thread-1] INFO  server.RaftServerConfigKeys (ConfUtils.java:logGet(43)) - raft.server.log.appender.buffer.byte-limit = 33554432 (custom)
2019-09-26 15:38:55,928 [pool-123-thread-1] INFO  server.RaftServerConfigKeys (ConfUtils.java:logGet(43)) - raft.server.log.segment.size.max = 1048576 (custom)
2019-09-26 15:38:55,928 [pool-123-thread-1] INFO  server.RaftServerConfigKeys (ConfUtils.java:logGet(43)) - raft.server.log.segment.cache.num.max = 2 (custom)
2019-09-26 15:38:55,928 [pool-123-thread-1] INFO  segmented.SegmentedRaftLogWorker (SegmentedRaftLogWorker.java:<init>(172)) - new bcb704dc-2543-42a4-8762-cde039a55a99@group-375D6A16F6EF-SegmentedRaftLogWorker for RaftStorage:Storage Directory /workdir/hadoop-ozone/integration-test/target/test-dir/MiniOzoneClusterImpl-87962e32-e39f-4c57-b747-30c883c1cc54/datanode-0/data/ratis/c05d3522-0a66-46a0-8e67-375d6a16f6ef
2019-09-26 15:38:55,928 [pool-123-thread-1] INFO  server.RaftServerConfigKeys (ConfUtils.java:logGet(43)) - raft.server.log.queue.byte-limit = 2147483647 (custom)
2019-09-26 15:38:55,928 [pool-123-thread-1] INFO  server.RaftServerConfigKeys (ConfUtils.java:logGet(43)) - raft.server.log.queue.element-limit = 1024 (custom)
2019-09-26 15:38:55,929 [pool-123-thread-1] INFO  server.RaftServerConfigKeys (ConfUtils.java:logGet(43)) - raft.server.log.segment.size.max = 1048576 (custom)
2019-09-26 15:38:55,929 [pool-123-thread-1] INFO  server.RaftServerConfigKeys (ConfUtils.java:logGet(43)) - raft.server.log.preallocated.size = 16384 (custom)
2019-09-26 15:38:55,929 [pool-123-thread-1] INFO  server.RaftServerConfigKeys (ConfUtils.java:logGet(43)) - raft.server.log.write.buffer.size = 33554432 (custom)
2019-09-26 15:38:55,929 [pool-123-thread-1] INFO  server.RaftServerConfigKeys (ConfUtils.java:logGet(43)) - raft.server.log.force.sync.num = 128 (default)
2019-09-26 15:38:55,929 [pool-123-thread-1] INFO  server.RaftServerConfigKeys (ConfUtils.java:logGet(43)) - raft.server.log.statemachine.data.sync = true (default)
2019-09-26 15:38:55,929 [pool-123-thread-1] INFO  server.RaftServerConfigKeys (ConfUtils.java:logGet(43)) - raft.server.log.statemachine.data.sync.timeout = 10s (default)
2019-09-26 15:38:55,929 [pool-123-thread-1] INFO  server.RaftServerConfigKeys (ConfUtils.java:logGet(43)) - raft.server.log.statemachine.data.sync.timeout.retry = -1 (default)
2019-09-26 15:38:55,930 [pool-123-thread-1] INFO  server.RaftServerConfigKeys (ConfUtils.java:logGet(43)) - raft.server.log.statemachine.data.caching.enabled = true (custom)
2019-09-26 15:38:55,930 [pool-123-thread-1] INFO  segmented.SegmentedRaftLogWorker (SegmentedRaftLogWorker.java:lambda$new$0(132)) - bcb704dc-2543-42a4-8762-cde039a55a99@group-375D6A16F6EF-SegmentedRaftLogWorker: flushIndex: setUnconditionally 0 -> -1
2019-09-26 15:38:55,930 [pool-123-thread-1] INFO  server.RaftServerConfigKeys (ConfUtils.java:logGet(43)) - raft.server.snapshot.auto.trigger.enabled = true (custom)
2019-09-26 15:38:55,930 [pool-123-thread-1] INFO  server.RaftServerConfigKeys (ConfUtils.java:logGet(43)) - raft.server.snapshot.auto.trigger.threshold = 10000 (custom)
2019-09-26 15:38:55,930 [pool-123-thread-1] INFO  server.RaftServerConfigKeys (ConfUtils.java:logGet(43)) - raft.server.snapshot.retention.num.files = 5 (custom)
2019-09-26 15:38:55,931 [pool-123-thread-1] INFO  server.RaftServerConfigKeys (ConfUtils.java:logGet(43)) - raft.server.retrycache.expirytime = 600000ms (custom)
2019-09-26 15:38:55,932 [pool-123-thread-1] INFO  impl.RaftServerImpl (RaftServerImpl.java:start(185)) - bcb704dc-2543-42a4-8762-cde039a55a99@group-375D6A16F6EF: start as a follower, conf=-1: [bcb704dc-2543-42a4-8762-cde039a55a99:192.168.151.99:43663], old=null
2019-09-26 15:38:55,932 [pool-123-thread-1] INFO  impl.RaftServerImpl (RaftServerImpl.java:setRole(174)) - bcb704dc-2543-42a4-8762-cde039a55a99@group-375D6A16F6EF: changes role from      null to FOLLOWER at term 0 for startAsFollower
2019-09-26 15:38:55,933 [pool-123-thread-1] INFO  impl.RoleInfo (RoleInfo.java:updateAndGet(143)) - bcb704dc-2543-42a4-8762-cde039a55a99: start FollowerState
2019-09-26 15:38:55,933 [pool-123-thread-1] INFO  util.JmxRegister (JmxRegister.java:tryRegister(44)) - Successfully registered JMX Bean with object name Ratis:service=RaftServer,group=group-375D6A16F6EF,id=bcb704dc-2543-42a4-8762-cde039a55a99
2019-09-26 15:38:55,935 [RatisPipelineUtilsThread] INFO  pipeline.PipelineStateManager (PipelineStateManager.java:addPipeline(56)) - Created pipeline Pipeline[ Id: c05d3522-0a66-46a0-8e67-375d6a16f6ef, Nodes: bcb704dc-2543-42a4-8762-cde039a55a99{ip: 192.168.151.99, host: pr-hdds-1569-g6sp5-2013761785, networkLocation: /default-rack, certSerialId: null}, Type:RATIS, Factor:ONE, State:OPEN]
2019-09-26 15:38:55,939 [grpc-default-executor-0] INFO  impl.RaftServerProxy (RaftServerProxy.java:addNew(89)) - bcb704dc-2543-42a4-8762-cde039a55a99: addNew group-BB495E0FFD8F:[bcb704dc-2543-42a4-8762-cde039a55a99:192.168.151.99:43663] returns group-BB495E0FFD8F:java.util.concurrent.CompletableFuture@2d9b6d3[Not completed]
2019-09-26 15:38:55,940 [pool-123-thread-1] INFO  impl.RaftServerImpl (RaftServerImpl.java:<init>(95)) - bcb704dc-2543-42a4-8762-cde039a55a99: new RaftServerImpl for group-BB495E0FFD8F:[bcb704dc-2543-42a4-8762-cde039a55a99:192.168.151.99:43663] with ContainerStateMachine:uninitialized
2019-09-26 15:38:55,940 [pool-123-thread-1] INFO  server.RaftServerConfigKeys (ConfUtils.java:logGet(43)) - raft.server.rpc.timeout.min = 5s (custom)
2019-09-26 15:38:55,940 [pool-123-thread-1] INFO  server.RaftServerConfigKeys (ConfUtils.java:logGet(43)) - raft.server.rpc.timeout.max = 5200ms (custom)
2019-09-26 15:38:55,940 [pool-123-thread-1] INFO  server.RaftServerConfigKeys (ConfUtils.java:logGet(43)) - raft.server.rpcslowness.timeout = 120s (custom)
2019-09-26 15:38:55,940 [pool-123-thread-1] INFO  server.RaftServerConfigKeys (ConfUtils.java:logGet(43)) - raft.server.sleep.deviation.threshold = 300 (default)
2019-09-26 15:38:55,940 [pool-123-thread-1] INFO  server.RaftServerConfigKeys (ConfUtils.java:logGet(43)) - raft.server.log.appender.install.snapshot.enabled = false (custom)
2019-09-26 15:38:55,940 [pool-123-thread-1] INFO  impl.RaftServerImpl (ServerState.java:<init>(103)) - bcb704dc-2543-42a4-8762-cde039a55a99@group-BB495E0FFD8F: ConfigurationManager, init=-1: [bcb704dc-2543-42a4-8762-cde039a55a99:192.168.151.99:43663], old=null, confs=<EMPTY_MAP>
2019-09-26 15:38:55,941 [pool-123-thread-1] INFO  server.RaftServerConfigKeys (ConfUtils.java:logGet(43)) - raft.server.storage.dir = [/workdir/hadoop-ozone/integration-test/target/test-dir/MiniOzoneClusterImpl-87962e32-e39f-4c57-b747-30c883c1cc54/datanode-0/data/ratis] (custom)
2019-09-26 15:38:55,941 [pool-123-thread-1] INFO  storage.RaftStorageDirectory (RaftStorageDirectory.java:analyzeStorage(246)) - The storage directory /workdir/hadoop-ozone/integration-test/target/test-dir/MiniOzoneClusterImpl-87962e32-e39f-4c57-b747-30c883c1cc54/datanode-0/data/ratis/74d459b0-3276-4eb2-8b26-bb495e0ffd8f does not exist. Creating ...
2019-09-26 15:38:55,954 [pool-123-thread-1] INFO  storage.RaftStorageDirectory (RaftStorageDirectory.java:tryLock(328)) - Lock on /workdir/hadoop-ozone/integration-test/target/test-dir/MiniOzoneClusterImpl-87962e32-e39f-4c57-b747-30c883c1cc54/datanode-0/data/ratis/74d459b0-3276-4eb2-8b26-bb495e0ffd8f/in_use.lock acquired by nodename 10626@pr-hdds-1569-g6sp5-2013761785
2019-09-26 15:38:55,968 [pool-123-thread-1] INFO  storage.RaftStorage (RaftStorage.java:format(72)) - Storage directory /workdir/hadoop-ozone/integration-test/target/test-dir/MiniOzoneClusterImpl-87962e32-e39f-4c57-b747-30c883c1cc54/datanode-0/data/ratis/74d459b0-3276-4eb2-8b26-bb495e0ffd8f has been successfully formatted.
2019-09-26 15:38:55,968 [pool-123-thread-1] INFO  ratis.ContainerStateMachine (ContainerStateMachine.java:loadSnapshot(230)) - group-BB495E0FFD8F: The snapshot info is null. Setting the last applied indexto:(t:0, i:~)
2019-09-26 15:38:55,968 [pool-123-thread-1] INFO  server.RaftServerConfigKeys (ConfUtils.java:logGet(43)) - raft.server.notification.no-leader.timeout = 120s (custom)
2019-09-26 15:38:55,968 [pool-123-thread-1] INFO  server.RaftServerConfigKeys (ConfUtils.java:logGet(43)) - raft.server.log.use.memory = false (default)
2019-09-26 15:38:55,968 [pool-123-thread-1] INFO  server.RaftServerConfigKeys (ConfUtils.java:logGet(43)) - raft.server.log.purge.gap = 1000000 (custom)
2019-09-26 15:38:55,968 [pool-123-thread-1] INFO  server.RaftServerConfigKeys (ConfUtils.java:logGet(43)) - raft.server.log.appender.buffer.byte-limit = 33554432 (custom)
2019-09-26 15:38:55,969 [pool-123-thread-1] INFO  server.RaftServerConfigKeys (ConfUtils.java:logGet(43)) - raft.server.log.segment.size.max = 1048576 (custom)
2019-09-26 15:38:55,969 [pool-123-thread-1] INFO  server.RaftServerConfigKeys (ConfUtils.java:logGet(43)) - raft.server.log.segment.cache.num.max = 2 (custom)
2019-09-26 15:38:55,969 [pool-123-thread-1] INFO  segmented.SegmentedRaftLogWorker (SegmentedRaftLogWorker.java:<init>(172)) - new bcb704dc-2543-42a4-8762-cde039a55a99@group-BB495E0FFD8F-SegmentedRaftLogWorker for RaftStorage:Storage Directory /workdir/hadoop-ozone/integration-test/target/test-dir/MiniOzoneClusterImpl-87962e32-e39f-4c57-b747-30c883c1cc54/datanode-0/data/ratis/74d459b0-3276-4eb2-8b26-bb495e0ffd8f
2019-09-26 15:38:55,969 [pool-123-thread-1] INFO  server.RaftServerConfigKeys (ConfUtils.java:logGet(43)) - raft.server.log.queue.byte-limit = 2147483647 (custom)
2019-09-26 15:38:55,969 [pool-123-thread-1] INFO  server.RaftServerConfigKeys (ConfUtils.java:logGet(43)) - raft.server.log.queue.element-limit = 1024 (custom)
2019-09-26 15:38:55,969 [pool-123-thread-1] INFO  server.RaftServerConfigKeys (ConfUtils.java:logGet(43)) - raft.server.log.segment.size.max = 1048576 (custom)
2019-09-26 15:38:55,969 [pool-123-thread-1] INFO  server.RaftServerConfigKeys (ConfUtils.java:logGet(43)) - raft.server.log.preallocated.size = 16384 (custom)
2019-09-26 15:38:55,970 [pool-123-thread-1] INFO  server.RaftServerConfigKeys (ConfUtils.java:logGet(43)) - raft.server.log.write.buffer.size = 33554432 (custom)
2019-09-26 15:38:55,970 [pool-123-thread-1] INFO  server.RaftServerConfigKeys (ConfUtils.java:logGet(43)) - raft.server.log.force.sync.num = 128 (default)
2019-09-26 15:38:55,970 [pool-123-thread-1] INFO  server.RaftServerConfigKeys (ConfUtils.java:logGet(43)) - raft.server.log.statemachine.data.sync = true (default)
2019-09-26 15:38:55,970 [pool-123-thread-1] INFO  server.RaftServerConfigKeys (ConfUtils.java:logGet(43)) - raft.server.log.statemachine.data.sync.timeout = 10s (default)
2019-09-26 15:38:55,970 [pool-123-thread-1] INFO  server.RaftServerConfigKeys (ConfUtils.java:logGet(43)) - raft.server.log.statemachine.data.sync.timeout.retry = -1 (default)
2019-09-26 15:38:55,970 [pool-123-thread-1] INFO  server.RaftServerConfigKeys (ConfUtils.java:logGet(43)) - raft.server.log.statemachine.data.caching.enabled = true (custom)
2019-09-26 15:38:55,971 [pool-123-thread-1] INFO  segmented.SegmentedRaftLogWorker (SegmentedRaftLogWorker.java:lambda$new$0(132)) - bcb704dc-2543-42a4-8762-cde039a55a99@group-BB495E0FFD8F-SegmentedRaftLogWorker: flushIndex: setUnconditionally 0 -> -1
2019-09-26 15:38:55,971 [pool-123-thread-1] INFO  server.RaftServerConfigKeys (ConfUtils.java:logGet(43)) - raft.server.snapshot.auto.trigger.enabled = true (custom)
2019-09-26 15:38:55,971 [pool-123-thread-1] INFO  server.RaftServerConfigKeys (ConfUtils.java:logGet(43)) - raft.server.snapshot.auto.trigger.threshold = 10000 (custom)
2019-09-26 15:38:55,971 [pool-123-thread-1] INFO  server.RaftServerConfigKeys (ConfUtils.java:logGet(43)) - raft.server.snapshot.retention.num.files = 5 (custom)
2019-09-26 15:38:55,971 [pool-123-thread-1] INFO  server.RaftServerConfigKeys (ConfUtils.java:logGet(43)) - raft.server.retrycache.expirytime = 600000ms (custom)
2019-09-26 15:38:55,973 [pool-123-thread-1] INFO  impl.RaftServerImpl (RaftServerImpl.java:start(185)) - bcb704dc-2543-42a4-8762-cde039a55a99@group-BB495E0FFD8F: start as a follower, conf=-1: [bcb704dc-2543-42a4-8762-cde039a55a99:192.168.151.99:43663], old=null
2019-09-26 15:38:55,973 [pool-123-thread-1] INFO  impl.RaftServerImpl (RaftServerImpl.java:setRole(174)) - bcb704dc-2543-42a4-8762-cde039a55a99@group-BB495E0FFD8F: changes role from      null to FOLLOWER at term 0 for startAsFollower
2019-09-26 15:38:55,973 [pool-123-thread-1] INFO  impl.RoleInfo (RoleInfo.java:updateAndGet(143)) - bcb704dc-2543-42a4-8762-cde039a55a99: start FollowerState
2019-09-26 15:38:55,973 [pool-123-thread-1] INFO  util.JmxRegister (JmxRegister.java:tryRegister(44)) - Successfully registered JMX Bean with object name Ratis:service=RaftServer,group=group-BB495E0FFD8F,id=bcb704dc-2543-42a4-8762-cde039a55a99
2019-09-26 15:38:55,975 [RatisPipelineUtilsThread] INFO  pipeline.PipelineStateManager (PipelineStateManager.java:addPipeline(56)) - Created pipeline Pipeline[ Id: 74d459b0-3276-4eb2-8b26-bb495e0ffd8f, Nodes: bcb704dc-2543-42a4-8762-cde039a55a99{ip: 192.168.151.99, host: pr-hdds-1569-g6sp5-2013761785, networkLocation: /default-rack, certSerialId: null}, Type:RATIS, Factor:ONE, State:OPEN]
2019-09-26 15:38:55,980 [grpc-default-executor-0] INFO  impl.RaftServerProxy (RaftServerProxy.java:addNew(89)) - bcb704dc-2543-42a4-8762-cde039a55a99: addNew group-7CACD3A2D96D:[bcb704dc-2543-42a4-8762-cde039a55a99:192.168.151.99:43663] returns group-7CACD3A2D96D:java.util.concurrent.CompletableFuture@719daafe[Not completed]
2019-09-26 15:38:55,980 [pool-123-thread-1] INFO  impl.RaftServerImpl (RaftServerImpl.java:<init>(95)) - bcb704dc-2543-42a4-8762-cde039a55a99: new RaftServerImpl for group-7CACD3A2D96D:[bcb704dc-2543-42a4-8762-cde039a55a99:192.168.151.99:43663] with ContainerStateMachine:uninitialized
2019-09-26 15:38:55,980 [pool-123-thread-1] INFO  server.RaftServerConfigKeys (ConfUtils.java:logGet(43)) - raft.server.rpc.timeout.min = 5s (custom)
2019-09-26 15:38:55,980 [pool-123-thread-1] INFO  server.RaftServerConfigKeys (ConfUtils.java:logGet(43)) - raft.server.rpc.timeout.max = 5200ms (custom)
2019-09-26 15:38:55,981 [pool-123-thread-1] INFO  server.RaftServerConfigKeys (ConfUtils.java:logGet(43)) - raft.server.rpcslowness.timeout = 120s (custom)
2019-09-26 15:38:55,981 [pool-123-thread-1] INFO  server.RaftServerConfigKeys (ConfUtils.java:logGet(43)) - raft.server.sleep.deviation.threshold = 300 (default)
2019-09-26 15:38:55,981 [pool-123-thread-1] INFO  server.RaftServerConfigKeys (ConfUtils.java:logGet(43)) - raft.server.log.appender.install.snapshot.enabled = false (custom)
2019-09-26 15:38:55,981 [pool-123-thread-1] INFO  impl.RaftServerImpl (ServerState.java:<init>(103)) - bcb704dc-2543-42a4-8762-cde039a55a99@group-7CACD3A2D96D: ConfigurationManager, init=-1: [bcb704dc-2543-42a4-8762-cde039a55a99:192.168.151.99:43663], old=null, confs=<EMPTY_MAP>
2019-09-26 15:38:55,981 [pool-123-thread-1] INFO  server.RaftServerConfigKeys (ConfUtils.java:logGet(43)) - raft.server.storage.dir = [/workdir/hadoop-ozone/integration-test/target/test-dir/MiniOzoneClusterImpl-87962e32-e39f-4c57-b747-30c883c1cc54/datanode-0/data/ratis] (custom)
2019-09-26 15:38:55,982 [pool-123-thread-1] INFO  storage.RaftStorageDirectory (RaftStorageDirectory.java:analyzeStorage(246)) - The storage directory /workdir/hadoop-ozone/integration-test/target/test-dir/MiniOzoneClusterImpl-87962e32-e39f-4c57-b747-30c883c1cc54/datanode-0/data/ratis/2f9b7cc1-cd93-4692-a716-7cacd3a2d96d does not exist. Creating ...
2019-09-26 15:38:55,995 [pool-123-thread-1] INFO  storage.RaftStorageDirectory (RaftStorageDirectory.java:tryLock(328)) - Lock on /workdir/hadoop-ozone/integration-test/target/test-dir/MiniOzoneClusterImpl-87962e32-e39f-4c57-b747-30c883c1cc54/datanode-0/data/ratis/2f9b7cc1-cd93-4692-a716-7cacd3a2d96d/in_use.lock acquired by nodename 10626@pr-hdds-1569-g6sp5-2013761785
2019-09-26 15:38:56,008 [pool-123-thread-1] INFO  storage.RaftStorage (RaftStorage.java:format(72)) - Storage directory /workdir/hadoop-ozone/integration-test/target/test-dir/MiniOzoneClusterImpl-87962e32-e39f-4c57-b747-30c883c1cc54/datanode-0/data/ratis/2f9b7cc1-cd93-4692-a716-7cacd3a2d96d has been successfully formatted.
2019-09-26 15:38:56,008 [pool-123-thread-1] INFO  ratis.ContainerStateMachine (ContainerStateMachine.java:loadSnapshot(230)) - group-7CACD3A2D96D: The snapshot info is null. Setting the last applied indexto:(t:0, i:~)
2019-09-26 15:38:56,009 [pool-123-thread-1] INFO  server.RaftServerConfigKeys (ConfUtils.java:logGet(43)) - raft.server.notification.no-leader.timeout = 120s (custom)
2019-09-26 15:38:56,009 [pool-123-thread-1] INFO  server.RaftServerConfigKeys (ConfUtils.java:logGet(43)) - raft.server.log.use.memory = false (default)
2019-09-26 15:38:56,009 [pool-123-thread-1] INFO  server.RaftServerConfigKeys (ConfUtils.java:logGet(43)) - raft.server.log.purge.gap = 1000000 (custom)
2019-09-26 15:38:56,009 [pool-123-thread-1] INFO  server.RaftServerConfigKeys (ConfUtils.java:logGet(43)) - raft.server.log.appender.buffer.byte-limit = 33554432 (custom)
2019-09-26 15:38:56,009 [pool-123-thread-1] INFO  server.RaftServerConfigKeys (ConfUtils.java:logGet(43)) - raft.server.log.segment.size.max = 1048576 (custom)
2019-09-26 15:38:56,009 [pool-123-thread-1] INFO  server.RaftServerConfigKeys (ConfUtils.java:logGet(43)) - raft.server.log.segment.cache.num.max = 2 (custom)
2019-09-26 15:38:56,009 [pool-123-thread-1] INFO  segmented.SegmentedRaftLogWorker (SegmentedRaftLogWorker.java:<init>(172)) - new bcb704dc-2543-42a4-8762-cde039a55a99@group-7CACD3A2D96D-SegmentedRaftLogWorker for RaftStorage:Storage Directory /workdir/hadoop-ozone/integration-test/target/test-dir/MiniOzoneClusterImpl-87962e32-e39f-4c57-b747-30c883c1cc54/datanode-0/data/ratis/2f9b7cc1-cd93-4692-a716-7cacd3a2d96d
2019-09-26 15:38:56,010 [pool-123-thread-1] INFO  server.RaftServerConfigKeys (ConfUtils.java:logGet(43)) - raft.server.log.queue.byte-limit = 2147483647 (custom)
2019-09-26 15:38:56,010 [pool-123-thread-1] INFO  server.RaftServerConfigKeys (ConfUtils.java:logGet(43)) - raft.server.log.queue.element-limit = 1024 (custom)
2019-09-26 15:38:56,010 [pool-123-thread-1] INFO  server.RaftServerConfigKeys (ConfUtils.java:logGet(43)) - raft.server.log.segment.size.max = 1048576 (custom)
2019-09-26 15:38:56,010 [pool-123-thread-1] INFO  server.RaftServerConfigKeys (ConfUtils.java:logGet(43)) - raft.server.log.preallocated.size = 16384 (custom)
2019-09-26 15:38:56,010 [pool-123-thread-1] INFO  server.RaftServerConfigKeys (ConfUtils.java:logGet(43)) - raft.server.log.write.buffer.size = 33554432 (custom)
2019-09-26 15:38:56,010 [pool-123-thread-1] INFO  server.RaftServerConfigKeys (ConfUtils.java:logGet(43)) - raft.server.log.force.sync.num = 128 (default)
2019-09-26 15:38:56,010 [pool-123-thread-1] INFO  server.RaftServerConfigKeys (ConfUtils.java:logGet(43)) - raft.server.log.statemachine.data.sync = true (default)
2019-09-26 15:38:56,010 [pool-123-thread-1] INFO  server.RaftServerConfigKeys (ConfUtils.java:logGet(43)) - raft.server.log.statemachine.data.sync.timeout = 10s (default)
2019-09-26 15:38:56,011 [pool-123-thread-1] INFO  server.RaftServerConfigKeys (ConfUtils.java:logGet(43)) - raft.server.log.statemachine.data.sync.timeout.retry = -1 (default)
2019-09-26 15:38:56,011 [pool-123-thread-1] INFO  server.RaftServerConfigKeys (ConfUtils.java:logGet(43)) - raft.server.log.statemachine.data.caching.enabled = true (custom)
2019-09-26 15:38:56,011 [pool-123-thread-1] INFO  segmented.SegmentedRaftLogWorker (SegmentedRaftLogWorker.java:lambda$new$0(132)) - bcb704dc-2543-42a4-8762-cde039a55a99@group-7CACD3A2D96D-SegmentedRaftLogWorker: flushIndex: setUnconditionally 0 -> -1
2019-09-26 15:38:56,011 [pool-123-thread-1] INFO  server.RaftServerConfigKeys (ConfUtils.java:logGet(43)) - raft.server.snapshot.auto.trigger.enabled = true (custom)
2019-09-26 15:38:56,012 [pool-123-thread-1] INFO  server.RaftServerConfigKeys (ConfUtils.java:logGet(43)) - raft.server.snapshot.auto.trigger.threshold = 10000 (custom)
2019-09-26 15:38:56,012 [pool-123-thread-1] INFO  server.RaftServerConfigKeys (ConfUtils.java:logGet(43)) - raft.server.snapshot.retention.num.files = 5 (custom)
2019-09-26 15:38:56,012 [pool-123-thread-1] INFO  server.RaftServerConfigKeys (ConfUtils.java:logGet(43)) - raft.server.retrycache.expirytime = 600000ms (custom)
2019-09-26 15:38:56,013 [pool-123-thread-1] INFO  impl.RaftServerImpl (RaftServerImpl.java:start(185)) - bcb704dc-2543-42a4-8762-cde039a55a99@group-7CACD3A2D96D: start as a follower, conf=-1: [bcb704dc-2543-42a4-8762-cde039a55a99:192.168.151.99:43663], old=null
2019-09-26 15:38:56,014 [pool-123-thread-1] INFO  impl.RaftServerImpl (RaftServerImpl.java:setRole(174)) - bcb704dc-2543-42a4-8762-cde039a55a99@group-7CACD3A2D96D: changes role from      null to FOLLOWER at term 0 for startAsFollower
2019-09-26 15:38:56,014 [pool-123-thread-1] INFO  impl.RoleInfo (RoleInfo.java:updateAndGet(143)) - bcb704dc-2543-42a4-8762-cde039a55a99: start FollowerState
2019-09-26 15:38:56,014 [pool-123-thread-1] INFO  util.JmxRegister (JmxRegister.java:tryRegister(44)) - Successfully registered JMX Bean with object name Ratis:service=RaftServer,group=group-7CACD3A2D96D,id=bcb704dc-2543-42a4-8762-cde039a55a99
2019-09-26 15:38:56,016 [RatisPipelineUtilsThread] INFO  pipeline.PipelineStateManager (PipelineStateManager.java:addPipeline(56)) - Created pipeline Pipeline[ Id: 2f9b7cc1-cd93-4692-a716-7cacd3a2d96d, Nodes: bcb704dc-2543-42a4-8762-cde039a55a99{ip: 192.168.151.99, host: pr-hdds-1569-g6sp5-2013761785, networkLocation: /default-rack, certSerialId: null}, Type:RATIS, Factor:ONE, State:OPEN]
2019-09-26 15:38:56,020 [grpc-default-executor-0] INFO  impl.RaftServerProxy (RaftServerProxy.java:addNew(89)) - bcb704dc-2543-42a4-8762-cde039a55a99: addNew group-8891CF406B17:[bcb704dc-2543-42a4-8762-cde039a55a99:192.168.151.99:43663] returns group-8891CF406B17:java.util.concurrent.CompletableFuture@1bd70be4[Not completed]
2019-09-26 15:38:56,021 [pool-123-thread-1] INFO  impl.RaftServerImpl (RaftServerImpl.java:<init>(95)) - bcb704dc-2543-42a4-8762-cde039a55a99: new RaftServerImpl for group-8891CF406B17:[bcb704dc-2543-42a4-8762-cde039a55a99:192.168.151.99:43663] with ContainerStateMachine:uninitialized
2019-09-26 15:38:56,021 [pool-123-thread-1] INFO  server.RaftServerConfigKeys (ConfUtils.java:logGet(43)) - raft.server.rpc.timeout.min = 5s (custom)
2019-09-26 15:38:56,021 [pool-123-thread-1] INFO  server.RaftServerConfigKeys (ConfUtils.java:logGet(43)) - raft.server.rpc.timeout.max = 5200ms (custom)
2019-09-26 15:38:56,021 [pool-123-thread-1] INFO  server.RaftServerConfigKeys (ConfUtils.java:logGet(43)) - raft.server.rpcslowness.timeout = 120s (custom)
2019-09-26 15:38:56,021 [pool-123-thread-1] INFO  server.RaftServerConfigKeys (ConfUtils.java:logGet(43)) - raft.server.sleep.deviation.threshold = 300 (default)
2019-09-26 15:38:56,022 [pool-123-thread-1] INFO  server.RaftServerConfigKeys (ConfUtils.java:logGet(43)) - raft.server.log.appender.install.snapshot.enabled = false (custom)
2019-09-26 15:38:56,022 [pool-123-thread-1] INFO  impl.RaftServerImpl (ServerState.java:<init>(103)) - bcb704dc-2543-42a4-8762-cde039a55a99@group-8891CF406B17: ConfigurationManager, init=-1: [bcb704dc-2543-42a4-8762-cde039a55a99:192.168.151.99:43663], old=null, confs=<EMPTY_MAP>
2019-09-26 15:38:56,022 [pool-123-thread-1] INFO  server.RaftServerConfigKeys (ConfUtils.java:logGet(43)) - raft.server.storage.dir = [/workdir/hadoop-ozone/integration-test/target/test-dir/MiniOzoneClusterImpl-87962e32-e39f-4c57-b747-30c883c1cc54/datanode-0/data/ratis] (custom)
2019-09-26 15:38:56,022 [pool-123-thread-1] INFO  storage.RaftStorageDirectory (RaftStorageDirectory.java:analyzeStorage(246)) - The storage directory /workdir/hadoop-ozone/integration-test/target/test-dir/MiniOzoneClusterImpl-87962e32-e39f-4c57-b747-30c883c1cc54/datanode-0/data/ratis/64629adf-9457-4363-aac7-8891cf406b17 does not exist. Creating ...
2019-09-26 15:38:56,035 [pool-123-thread-1] INFO  storage.RaftStorageDirectory (RaftStorageDirectory.java:tryLock(328)) - Lock on /workdir/hadoop-ozone/integration-test/target/test-dir/MiniOzoneClusterImpl-87962e32-e39f-4c57-b747-30c883c1cc54/datanode-0/data/ratis/64629adf-9457-4363-aac7-8891cf406b17/in_use.lock acquired by nodename 10626@pr-hdds-1569-g6sp5-2013761785
2019-09-26 15:38:56,048 [pool-123-thread-1] INFO  storage.RaftStorage (RaftStorage.java:format(72)) - Storage directory /workdir/hadoop-ozone/integration-test/target/test-dir/MiniOzoneClusterImpl-87962e32-e39f-4c57-b747-30c883c1cc54/datanode-0/data/ratis/64629adf-9457-4363-aac7-8891cf406b17 has been successfully formatted.
2019-09-26 15:38:56,048 [pool-123-thread-1] INFO  ratis.ContainerStateMachine (ContainerStateMachine.java:loadSnapshot(230)) - group-8891CF406B17: The snapshot info is null. Setting the last applied indexto:(t:0, i:~)
2019-09-26 15:38:56,048 [pool-123-thread-1] INFO  server.RaftServerConfigKeys (ConfUtils.java:logGet(43)) - raft.server.notification.no-leader.timeout = 120s (custom)
2019-09-26 15:38:56,049 [pool-123-thread-1] INFO  server.RaftServerConfigKeys (ConfUtils.java:logGet(43)) - raft.server.log.use.memory = false (default)
2019-09-26 15:38:56,049 [pool-123-thread-1] INFO  server.RaftServerConfigKeys (ConfUtils.java:logGet(43)) - raft.server.log.purge.gap = 1000000 (custom)
2019-09-26 15:38:56,049 [pool-123-thread-1] INFO  server.RaftServerConfigKeys (ConfUtils.java:logGet(43)) - raft.server.log.appender.buffer.byte-limit = 33554432 (custom)
2019-09-26 15:38:56,049 [pool-123-thread-1] INFO  server.RaftServerConfigKeys (ConfUtils.java:logGet(43)) - raft.server.log.segment.size.max = 1048576 (custom)
2019-09-26 15:38:56,049 [pool-123-thread-1] INFO  server.RaftServerConfigKeys (ConfUtils.java:logGet(43)) - raft.server.log.segment.cache.num.max = 2 (custom)
2019-09-26 15:38:56,049 [pool-123-thread-1] INFO  segmented.SegmentedRaftLogWorker (SegmentedRaftLogWorker.java:<init>(172)) - new bcb704dc-2543-42a4-8762-cde039a55a99@group-8891CF406B17-SegmentedRaftLogWorker for RaftStorage:Storage Directory /workdir/hadoop-ozone/integration-test/target/test-dir/MiniOzoneClusterImpl-87962e32-e39f-4c57-b747-30c883c1cc54/datanode-0/data/ratis/64629adf-9457-4363-aac7-8891cf406b17
2019-09-26 15:38:56,049 [pool-123-thread-1] INFO  server.RaftServerConfigKeys (ConfUtils.java:logGet(43)) - raft.server.log.queue.byte-limit = 2147483647 (custom)
2019-09-26 15:38:56,050 [pool-123-thread-1] INFO  server.RaftServerConfigKeys (ConfUtils.java:logGet(43)) - raft.server.log.queue.element-limit = 1024 (custom)
2019-09-26 15:38:56,050 [pool-123-thread-1] INFO  server.RaftServerConfigKeys (ConfUtils.java:logGet(43)) - raft.server.log.segment.size.max = 1048576 (custom)
2019-09-26 15:38:56,050 [pool-123-thread-1] INFO  server.RaftServerConfigKeys (ConfUtils.java:logGet(43)) - raft.server.log.preallocated.size = 16384 (custom)
2019-09-26 15:38:56,050 [pool-123-thread-1] INFO  server.RaftServerConfigKeys (ConfUtils.java:logGet(43)) - raft.server.log.write.buffer.size = 33554432 (custom)
2019-09-26 15:38:56,050 [pool-123-thread-1] INFO  server.RaftServerConfigKeys (ConfUtils.java:logGet(43)) - raft.server.log.force.sync.num = 128 (default)
2019-09-26 15:38:56,050 [pool-123-thread-1] INFO  server.RaftServerConfigKeys (ConfUtils.java:logGet(43)) - raft.server.log.statemachine.data.sync = true (default)
2019-09-26 15:38:56,050 [pool-123-thread-1] INFO  server.RaftServerConfigKeys (ConfUtils.java:logGet(43)) - raft.server.log.statemachine.data.sync.timeout = 10s (default)
2019-09-26 15:38:56,051 [pool-123-thread-1] INFO  server.RaftServerConfigKeys (ConfUtils.java:logGet(43)) - raft.server.log.statemachine.data.sync.timeout.retry = -1 (default)
2019-09-26 15:38:56,051 [pool-123-thread-1] INFO  server.RaftServerConfigKeys (ConfUtils.java:logGet(43)) - raft.server.log.statemachine.data.caching.enabled = true (custom)
2019-09-26 15:38:56,051 [pool-123-thread-1] INFO  segmented.SegmentedRaftLogWorker (SegmentedRaftLogWorker.java:lambda$new$0(132)) - bcb704dc-2543-42a4-8762-cde039a55a99@group-8891CF406B17-SegmentedRaftLogWorker: flushIndex: setUnconditionally 0 -> -1
2019-09-26 15:38:56,051 [pool-123-thread-1] INFO  server.RaftServerConfigKeys (ConfUtils.java:logGet(43)) - raft.server.snapshot.auto.trigger.enabled = true (custom)
2019-09-26 15:38:56,051 [pool-123-thread-1] INFO  server.RaftServerConfigKeys (ConfUtils.java:logGet(43)) - raft.server.snapshot.auto.trigger.threshold = 10000 (custom)
2019-09-26 15:38:56,052 [pool-123-thread-1] INFO  server.RaftServerConfigKeys (ConfUtils.java:logGet(43)) - raft.server.snapshot.retention.num.files = 5 (custom)
2019-09-26 15:38:56,052 [pool-123-thread-1] INFO  server.RaftServerConfigKeys (ConfUtils.java:logGet(43)) - raft.server.retrycache.expirytime = 600000ms (custom)
2019-09-26 15:38:56,053 [pool-123-thread-1] INFO  impl.RaftServerImpl (RaftServerImpl.java:start(185)) - bcb704dc-2543-42a4-8762-cde039a55a99@group-8891CF406B17: start as a follower, conf=-1: [bcb704dc-2543-42a4-8762-cde039a55a99:192.168.151.99:43663], old=null
2019-09-26 15:38:56,053 [pool-123-thread-1] INFO  impl.RaftServerImpl (RaftServerImpl.java:setRole(174)) - bcb704dc-2543-42a4-8762-cde039a55a99@group-8891CF406B17: changes role from      null to FOLLOWER at term 0 for startAsFollower
2019-09-26 15:38:56,054 [pool-123-thread-1] INFO  impl.RoleInfo (RoleInfo.java:updateAndGet(143)) - bcb704dc-2543-42a4-8762-cde039a55a99: start FollowerState
2019-09-26 15:38:56,054 [pool-123-thread-1] INFO  util.JmxRegister (JmxRegister.java:tryRegister(44)) - Successfully registered JMX Bean with object name Ratis:service=RaftServer,group=group-8891CF406B17,id=bcb704dc-2543-42a4-8762-cde039a55a99
2019-09-26 15:38:56,056 [RatisPipelineUtilsThread] INFO  pipeline.PipelineStateManager (PipelineStateManager.java:addPipeline(56)) - Created pipeline Pipeline[ Id: 64629adf-9457-4363-aac7-8891cf406b17, Nodes: bcb704dc-2543-42a4-8762-cde039a55a99{ip: 192.168.151.99, host: pr-hdds-1569-g6sp5-2013761785, networkLocation: /default-rack, certSerialId: null}, Type:RATIS, Factor:ONE, State:OPEN]
2019-09-26 15:38:56,060 [grpc-default-executor-0] INFO  impl.RaftServerProxy (RaftServerProxy.java:addNew(89)) - bcb704dc-2543-42a4-8762-cde039a55a99: addNew group-4D04F2324D2E:[bcb704dc-2543-42a4-8762-cde039a55a99:192.168.151.99:43663] returns group-4D04F2324D2E:java.util.concurrent.CompletableFuture@4f68c4b0[Not completed]
2019-09-26 15:38:56,060 [pool-123-thread-1] INFO  impl.RaftServerImpl (RaftServerImpl.java:<init>(95)) - bcb704dc-2543-42a4-8762-cde039a55a99: new RaftServerImpl for group-4D04F2324D2E:[bcb704dc-2543-42a4-8762-cde039a55a99:192.168.151.99:43663] with ContainerStateMachine:uninitialized
2019-09-26 15:38:56,060 [pool-123-thread-1] INFO  server.RaftServerConfigKeys (ConfUtils.java:logGet(43)) - raft.server.rpc.timeout.min = 5s (custom)
2019-09-26 15:38:56,060 [pool-123-thread-1] INFO  server.RaftServerConfigKeys (ConfUtils.java:logGet(43)) - raft.server.rpc.timeout.max = 5200ms (custom)
2019-09-26 15:38:56,060 [pool-123-thread-1] INFO  server.RaftServerConfigKeys (ConfUtils.java:logGet(43)) - raft.server.rpcslowness.timeout = 120s (custom)
2019-09-26 15:38:56,061 [pool-123-thread-1] INFO  server.RaftServerConfigKeys (ConfUtils.java:logGet(43)) - raft.server.sleep.deviation.threshold = 300 (default)
2019-09-26 15:38:56,061 [pool-123-thread-1] INFO  server.RaftServerConfigKeys (ConfUtils.java:logGet(43)) - raft.server.log.appender.install.snapshot.enabled = false (custom)
2019-09-26 15:38:56,061 [pool-123-thread-1] INFO  impl.RaftServerImpl (ServerState.java:<init>(103)) - bcb704dc-2543-42a4-8762-cde039a55a99@group-4D04F2324D2E: ConfigurationManager, init=-1: [bcb704dc-2543-42a4-8762-cde039a55a99:192.168.151.99:43663], old=null, confs=<EMPTY_MAP>
2019-09-26 15:38:56,061 [pool-123-thread-1] INFO  server.RaftServerConfigKeys (ConfUtils.java:logGet(43)) - raft.server.storage.dir = [/workdir/hadoop-ozone/integration-test/target/test-dir/MiniOzoneClusterImpl-87962e32-e39f-4c57-b747-30c883c1cc54/datanode-0/data/ratis] (custom)
2019-09-26 15:38:56,062 [pool-123-thread-1] INFO  storage.RaftStorageDirectory (RaftStorageDirectory.java:analyzeStorage(246)) - The storage directory /workdir/hadoop-ozone/integration-test/target/test-dir/MiniOzoneClusterImpl-87962e32-e39f-4c57-b747-30c883c1cc54/datanode-0/data/ratis/3e48be30-8dd3-446b-8c20-4d04f2324d2e does not exist. Creating ...
2019-09-26 15:38:56,075 [pool-123-thread-1] INFO  storage.RaftStorageDirectory (RaftStorageDirectory.java:tryLock(328)) - Lock on /workdir/hadoop-ozone/integration-test/target/test-dir/MiniOzoneClusterImpl-87962e32-e39f-4c57-b747-30c883c1cc54/datanode-0/data/ratis/3e48be30-8dd3-446b-8c20-4d04f2324d2e/in_use.lock acquired by nodename 10626@pr-hdds-1569-g6sp5-2013761785
2019-09-26 15:38:56,087 [pool-123-thread-1] INFO  storage.RaftStorage (RaftStorage.java:format(72)) - Storage directory /workdir/hadoop-ozone/integration-test/target/test-dir/MiniOzoneClusterImpl-87962e32-e39f-4c57-b747-30c883c1cc54/datanode-0/data/ratis/3e48be30-8dd3-446b-8c20-4d04f2324d2e has been successfully formatted.
2019-09-26 15:38:56,088 [pool-123-thread-1] INFO  ratis.ContainerStateMachine (ContainerStateMachine.java:loadSnapshot(230)) - group-4D04F2324D2E: The snapshot info is null. Setting the last applied indexto:(t:0, i:~)
2019-09-26 15:38:56,088 [pool-123-thread-1] INFO  server.RaftServerConfigKeys (ConfUtils.java:logGet(43)) - raft.server.notification.no-leader.timeout = 120s (custom)
2019-09-26 15:38:56,088 [pool-123-thread-1] INFO  server.RaftServerConfigKeys (ConfUtils.java:logGet(43)) - raft.server.log.use.memory = false (default)
2019-09-26 15:38:56,088 [pool-123-thread-1] INFO  server.RaftServerConfigKeys (ConfUtils.java:logGet(43)) - raft.server.log.purge.gap = 1000000 (custom)
2019-09-26 15:38:56,088 [pool-123-thread-1] INFO  server.RaftServerConfigKeys (ConfUtils.java:logGet(43)) - raft.server.log.appender.buffer.byte-limit = 33554432 (custom)
2019-09-26 15:38:56,088 [pool-123-thread-1] INFO  server.RaftServerConfigKeys (ConfUtils.java:logGet(43)) - raft.server.log.segment.size.max = 1048576 (custom)
2019-09-26 15:38:56,089 [pool-123-thread-1] INFO  server.RaftServerConfigKeys (ConfUtils.java:logGet(43)) - raft.server.log.segment.cache.num.max = 2 (custom)
2019-09-26 15:38:56,089 [pool-123-thread-1] INFO  segmented.SegmentedRaftLogWorker (SegmentedRaftLogWorker.java:<init>(172)) - new bcb704dc-2543-42a4-8762-cde039a55a99@group-4D04F2324D2E-SegmentedRaftLogWorker for RaftStorage:Storage Directory /workdir/hadoop-ozone/integration-test/target/test-dir/MiniOzoneClusterImpl-87962e32-e39f-4c57-b747-30c883c1cc54/datanode-0/data/ratis/3e48be30-8dd3-446b-8c20-4d04f2324d2e
2019-09-26 15:38:56,089 [pool-123-thread-1] INFO  server.RaftServerConfigKeys (ConfUtils.java:logGet(43)) - raft.server.log.queue.byte-limit = 2147483647 (custom)
2019-09-26 15:38:56,089 [pool-123-thread-1] INFO  server.RaftServerConfigKeys (ConfUtils.java:logGet(43)) - raft.server.log.queue.element-limit = 1024 (custom)
2019-09-26 15:38:56,089 [pool-123-thread-1] INFO  server.RaftServerConfigKeys (ConfUtils.java:logGet(43)) - raft.server.log.segment.size.max = 1048576 (custom)
2019-09-26 15:38:56,089 [pool-123-thread-1] INFO  server.RaftServerConfigKeys (ConfUtils.java:logGet(43)) - raft.server.log.preallocated.size = 16384 (custom)
2019-09-26 15:38:56,089 [pool-123-thread-1] INFO  server.RaftServerConfigKeys (ConfUtils.java:logGet(43)) - raft.server.log.write.buffer.size = 33554432 (custom)
2019-09-26 15:38:56,089 [pool-123-thread-1] INFO  server.RaftServerConfigKeys (ConfUtils.java:logGet(43)) - raft.server.log.force.sync.num = 128 (default)
2019-09-26 15:38:56,090 [pool-123-thread-1] INFO  server.RaftServerConfigKeys (ConfUtils.java:logGet(43)) - raft.server.log.statemachine.data.sync = true (default)
2019-09-26 15:38:56,090 [pool-123-thread-1] INFO  server.RaftServerConfigKeys (ConfUtils.java:logGet(43)) - raft.server.log.statemachine.data.sync.timeout = 10s (default)
2019-09-26 15:38:56,090 [pool-123-thread-1] INFO  server.RaftServerConfigKeys (ConfUtils.java:logGet(43)) - raft.server.log.statemachine.data.sync.timeout.retry = -1 (default)
2019-09-26 15:38:56,090 [pool-123-thread-1] INFO  server.RaftServerConfigKeys (ConfUtils.java:logGet(43)) - raft.server.log.statemachine.data.caching.enabled = true (custom)
2019-09-26 15:38:56,090 [pool-123-thread-1] INFO  segmented.SegmentedRaftLogWorker (SegmentedRaftLogWorker.java:lambda$new$0(132)) - bcb704dc-2543-42a4-8762-cde039a55a99@group-4D04F2324D2E-SegmentedRaftLogWorker: flushIndex: setUnconditionally 0 -> -1
2019-09-26 15:38:56,091 [pool-123-thread-1] INFO  server.RaftServerConfigKeys (ConfUtils.java:logGet(43)) - raft.server.snapshot.auto.trigger.enabled = true (custom)
2019-09-26 15:38:56,091 [pool-123-thread-1] INFO  server.RaftServerConfigKeys (ConfUtils.java:logGet(43)) - raft.server.snapshot.auto.trigger.threshold = 10000 (custom)
2019-09-26 15:38:56,091 [pool-123-thread-1] INFO  server.RaftServerConfigKeys (ConfUtils.java:logGet(43)) - raft.server.snapshot.retention.num.files = 5 (custom)
2019-09-26 15:38:56,091 [pool-123-thread-1] INFO  server.RaftServerConfigKeys (ConfUtils.java:logGet(43)) - raft.server.retrycache.expirytime = 600000ms (custom)
2019-09-26 15:38:56,092 [pool-123-thread-1] INFO  impl.RaftServerImpl (RaftServerImpl.java:start(185)) - bcb704dc-2543-42a4-8762-cde039a55a99@group-4D04F2324D2E: start as a follower, conf=-1: [bcb704dc-2543-42a4-8762-cde039a55a99:192.168.151.99:43663], old=null
2019-09-26 15:38:56,093 [pool-123-thread-1] INFO  impl.RaftServerImpl (RaftServerImpl.java:setRole(174)) - bcb704dc-2543-42a4-8762-cde039a55a99@group-4D04F2324D2E: changes role from      null to FOLLOWER at term 0 for startAsFollower
2019-09-26 15:38:56,093 [pool-123-thread-1] INFO  impl.RoleInfo (RoleInfo.java:updateAndGet(143)) - bcb704dc-2543-42a4-8762-cde039a55a99: start FollowerState
2019-09-26 15:38:56,093 [pool-123-thread-1] INFO  util.JmxRegister (JmxRegister.java:tryRegister(44)) - Successfully registered JMX Bean with object name Ratis:service=RaftServer,group=group-4D04F2324D2E,id=bcb704dc-2543-42a4-8762-cde039a55a99
2019-09-26 15:38:56,095 [RatisPipelineUtilsThread] INFO  pipeline.PipelineStateManager (PipelineStateManager.java:addPipeline(56)) - Created pipeline Pipeline[ Id: 3e48be30-8dd3-446b-8c20-4d04f2324d2e, Nodes: bcb704dc-2543-42a4-8762-cde039a55a99{ip: 192.168.151.99, host: pr-hdds-1569-g6sp5-2013761785, networkLocation: /default-rack, certSerialId: null}, Type:RATIS, Factor:ONE, State:OPEN]
2019-09-26 15:38:56,099 [grpc-default-executor-0] INFO  impl.RaftServerProxy (RaftServerProxy.java:addNew(89)) - bcb704dc-2543-42a4-8762-cde039a55a99: addNew group-723464252EB8:[bcb704dc-2543-42a4-8762-cde039a55a99:192.168.151.99:43663] returns group-723464252EB8:java.util.concurrent.CompletableFuture@2de7153[Not completed]
2019-09-26 15:38:56,099 [pool-123-thread-1] INFO  impl.RaftServerImpl (RaftServerImpl.java:<init>(95)) - bcb704dc-2543-42a4-8762-cde039a55a99: new RaftServerImpl for group-723464252EB8:[bcb704dc-2543-42a4-8762-cde039a55a99:192.168.151.99:43663] with ContainerStateMachine:uninitialized
2019-09-26 15:38:56,099 [pool-123-thread-1] INFO  server.RaftServerConfigKeys (ConfUtils.java:logGet(43)) - raft.server.rpc.timeout.min = 5s (custom)
2019-09-26 15:38:56,099 [pool-123-thread-1] INFO  server.RaftServerConfigKeys (ConfUtils.java:logGet(43)) - raft.server.rpc.timeout.max = 5200ms (custom)
2019-09-26 15:38:56,100 [pool-123-thread-1] INFO  server.RaftServerConfigKeys (ConfUtils.java:logGet(43)) - raft.server.rpcslowness.timeout = 120s (custom)
2019-09-26 15:38:56,100 [pool-123-thread-1] INFO  server.RaftServerConfigKeys (ConfUtils.java:logGet(43)) - raft.server.sleep.deviation.threshold = 300 (default)
2019-09-26 15:38:56,100 [pool-123-thread-1] INFO  server.RaftServerConfigKeys (ConfUtils.java:logGet(43)) - raft.server.log.appender.install.snapshot.enabled = false (custom)
2019-09-26 15:38:56,100 [pool-123-thread-1] INFO  impl.RaftServerImpl (ServerState.java:<init>(103)) - bcb704dc-2543-42a4-8762-cde039a55a99@group-723464252EB8: ConfigurationManager, init=-1: [bcb704dc-2543-42a4-8762-cde039a55a99:192.168.151.99:43663], old=null, confs=<EMPTY_MAP>
2019-09-26 15:38:56,100 [pool-123-thread-1] INFO  server.RaftServerConfigKeys (ConfUtils.java:logGet(43)) - raft.server.storage.dir = [/workdir/hadoop-ozone/integration-test/target/test-dir/MiniOzoneClusterImpl-87962e32-e39f-4c57-b747-30c883c1cc54/datanode-0/data/ratis] (custom)
2019-09-26 15:38:56,101 [pool-123-thread-1] INFO  storage.RaftStorageDirectory (RaftStorageDirectory.java:analyzeStorage(246)) - The storage directory /workdir/hadoop-ozone/integration-test/target/test-dir/MiniOzoneClusterImpl-87962e32-e39f-4c57-b747-30c883c1cc54/datanode-0/data/ratis/2549b5be-4b35-44e6-92cf-723464252eb8 does not exist. Creating ...
2019-09-26 15:38:56,113 [pool-123-thread-1] INFO  storage.RaftStorageDirectory (RaftStorageDirectory.java:tryLock(328)) - Lock on /workdir/hadoop-ozone/integration-test/target/test-dir/MiniOzoneClusterImpl-87962e32-e39f-4c57-b747-30c883c1cc54/datanode-0/data/ratis/2549b5be-4b35-44e6-92cf-723464252eb8/in_use.lock acquired by nodename 10626@pr-hdds-1569-g6sp5-2013761785
2019-09-26 15:38:56,132 [pool-123-thread-1] INFO  storage.RaftStorage (RaftStorage.java:format(72)) - Storage directory /workdir/hadoop-ozone/integration-test/target/test-dir/MiniOzoneClusterImpl-87962e32-e39f-4c57-b747-30c883c1cc54/datanode-0/data/ratis/2549b5be-4b35-44e6-92cf-723464252eb8 has been successfully formatted.
2019-09-26 15:38:56,133 [pool-123-thread-1] INFO  ratis.ContainerStateMachine (ContainerStateMachine.java:loadSnapshot(230)) - group-723464252EB8: The snapshot info is null. Setting the last applied indexto:(t:0, i:~)
2019-09-26 15:38:56,133 [pool-123-thread-1] INFO  server.RaftServerConfigKeys (ConfUtils.java:logGet(43)) - raft.server.notification.no-leader.timeout = 120s (custom)
2019-09-26 15:38:56,133 [pool-123-thread-1] INFO  server.RaftServerConfigKeys (ConfUtils.java:logGet(43)) - raft.server.log.use.memory = false (default)
2019-09-26 15:38:56,133 [pool-123-thread-1] INFO  server.RaftServerConfigKeys (ConfUtils.java:logGet(43)) - raft.server.log.purge.gap = 1000000 (custom)
2019-09-26 15:38:56,133 [pool-123-thread-1] INFO  server.RaftServerConfigKeys (ConfUtils.java:logGet(43)) - raft.server.log.appender.buffer.byte-limit = 33554432 (custom)
2019-09-26 15:38:56,133 [pool-123-thread-1] INFO  server.RaftServerConfigKeys (ConfUtils.java:logGet(43)) - raft.server.log.segment.size.max = 1048576 (custom)
2019-09-26 15:38:56,133 [pool-123-thread-1] INFO  server.RaftServerConfigKeys (ConfUtils.java:logGet(43)) - raft.server.log.segment.cache.num.max = 2 (custom)
2019-09-26 15:38:56,134 [pool-123-thread-1] INFO  segmented.SegmentedRaftLogWorker (SegmentedRaftLogWorker.java:<init>(172)) - new bcb704dc-2543-42a4-8762-cde039a55a99@group-723464252EB8-SegmentedRaftLogWorker for RaftStorage:Storage Directory /workdir/hadoop-ozone/integration-test/target/test-dir/MiniOzoneClusterImpl-87962e32-e39f-4c57-b747-30c883c1cc54/datanode-0/data/ratis/2549b5be-4b35-44e6-92cf-723464252eb8
2019-09-26 15:38:56,134 [pool-123-thread-1] INFO  server.RaftServerConfigKeys (ConfUtils.java:logGet(43)) - raft.server.log.queue.byte-limit = 2147483647 (custom)
2019-09-26 15:38:56,134 [pool-123-thread-1] INFO  server.RaftServerConfigKeys (ConfUtils.java:logGet(43)) - raft.server.log.queue.element-limit = 1024 (custom)
2019-09-26 15:38:56,134 [pool-123-thread-1] INFO  server.RaftServerConfigKeys (ConfUtils.java:logGet(43)) - raft.server.log.segment.size.max = 1048576 (custom)
2019-09-26 15:38:56,134 [pool-123-thread-1] INFO  server.RaftServerConfigKeys (ConfUtils.java:logGet(43)) - raft.server.log.preallocated.size = 16384 (custom)
2019-09-26 15:38:56,134 [pool-123-thread-1] INFO  server.RaftServerConfigKeys (ConfUtils.java:logGet(43)) - raft.server.log.write.buffer.size = 33554432 (custom)
2019-09-26 15:38:56,134 [pool-123-thread-1] INFO  server.RaftServerConfigKeys (ConfUtils.java:logGet(43)) - raft.server.log.force.sync.num = 128 (default)
2019-09-26 15:38:56,135 [pool-123-thread-1] INFO  server.RaftServerConfigKeys (ConfUtils.java:logGet(43)) - raft.server.log.statemachine.data.sync = true (default)
2019-09-26 15:38:56,135 [pool-123-thread-1] INFO  server.RaftServerConfigKeys (ConfUtils.java:logGet(43)) - raft.server.log.statemachine.data.sync.timeout = 10s (default)
2019-09-26 15:38:56,135 [pool-123-thread-1] INFO  server.RaftServerConfigKeys (ConfUtils.java:logGet(43)) - raft.server.log.statemachine.data.sync.timeout.retry = -1 (default)
2019-09-26 15:38:56,135 [pool-123-thread-1] INFO  server.RaftServerConfigKeys (ConfUtils.java:logGet(43)) - raft.server.log.statemachine.data.caching.enabled = true (custom)
2019-09-26 15:38:56,135 [pool-123-thread-1] INFO  segmented.SegmentedRaftLogWorker (SegmentedRaftLogWorker.java:lambda$new$0(132)) - bcb704dc-2543-42a4-8762-cde039a55a99@group-723464252EB8-SegmentedRaftLogWorker: flushIndex: setUnconditionally 0 -> -1
2019-09-26 15:38:56,136 [pool-123-thread-1] INFO  server.RaftServerConfigKeys (ConfUtils.java:logGet(43)) - raft.server.snapshot.auto.trigger.enabled = true (custom)
2019-09-26 15:38:56,136 [pool-123-thread-1] INFO  server.RaftServerConfigKeys (ConfUtils.java:logGet(43)) - raft.server.snapshot.auto.trigger.threshold = 10000 (custom)
2019-09-26 15:38:56,136 [pool-123-thread-1] INFO  server.RaftServerConfigKeys (ConfUtils.java:logGet(43)) - raft.server.snapshot.retention.num.files = 5 (custom)
2019-09-26 15:38:56,136 [pool-123-thread-1] INFO  server.RaftServerConfigKeys (ConfUtils.java:logGet(43)) - raft.server.retrycache.expirytime = 600000ms (custom)
2019-09-26 15:38:56,137 [pool-123-thread-1] INFO  impl.RaftServerImpl (RaftServerImpl.java:start(185)) - bcb704dc-2543-42a4-8762-cde039a55a99@group-723464252EB8: start as a follower, conf=-1: [bcb704dc-2543-42a4-8762-cde039a55a99:192.168.151.99:43663], old=null
2019-09-26 15:38:56,137 [pool-123-thread-1] INFO  impl.RaftServerImpl (RaftServerImpl.java:setRole(174)) - bcb704dc-2543-42a4-8762-cde039a55a99@group-723464252EB8: changes role from      null to FOLLOWER at term 0 for startAsFollower
2019-09-26 15:38:56,138 [pool-123-thread-1] INFO  impl.RoleInfo (RoleInfo.java:updateAndGet(143)) - bcb704dc-2543-42a4-8762-cde039a55a99: start FollowerState
2019-09-26 15:38:56,138 [pool-123-thread-1] INFO  util.JmxRegister (JmxRegister.java:tryRegister(44)) - Successfully registered JMX Bean with object name Ratis:service=RaftServer,group=group-723464252EB8,id=bcb704dc-2543-42a4-8762-cde039a55a99
2019-09-26 15:38:56,140 [RatisPipelineUtilsThread] INFO  pipeline.PipelineStateManager (PipelineStateManager.java:addPipeline(56)) - Created pipeline Pipeline[ Id: 2549b5be-4b35-44e6-92cf-723464252eb8, Nodes: bcb704dc-2543-42a4-8762-cde039a55a99{ip: 192.168.151.99, host: pr-hdds-1569-g6sp5-2013761785, networkLocation: /default-rack, certSerialId: null}, Type:RATIS, Factor:ONE, State:OPEN]
2019-09-26 15:38:56,144 [grpc-default-executor-0] INFO  impl.RaftServerProxy (RaftServerProxy.java:addNew(89)) - bcb704dc-2543-42a4-8762-cde039a55a99: addNew group-5350FED428AE:[bcb704dc-2543-42a4-8762-cde039a55a99:192.168.151.99:43663] returns group-5350FED428AE:java.util.concurrent.CompletableFuture@2af6e72f[Not completed]
2019-09-26 15:38:56,144 [pool-123-thread-1] INFO  impl.RaftServerImpl (RaftServerImpl.java:<init>(95)) - bcb704dc-2543-42a4-8762-cde039a55a99: new RaftServerImpl for group-5350FED428AE:[bcb704dc-2543-42a4-8762-cde039a55a99:192.168.151.99:43663] with ContainerStateMachine:uninitialized
2019-09-26 15:38:56,144 [pool-123-thread-1] INFO  server.RaftServerConfigKeys (ConfUtils.java:logGet(43)) - raft.server.rpc.timeout.min = 5s (custom)
2019-09-26 15:38:56,144 [pool-123-thread-1] INFO  server.RaftServerConfigKeys (ConfUtils.java:logGet(43)) - raft.server.rpc.timeout.max = 5200ms (custom)
2019-09-26 15:38:56,144 [pool-123-thread-1] INFO  server.RaftServerConfigKeys (ConfUtils.java:logGet(43)) - raft.server.rpcslowness.timeout = 120s (custom)
2019-09-26 15:38:56,145 [pool-123-thread-1] INFO  server.RaftServerConfigKeys (ConfUtils.java:logGet(43)) - raft.server.sleep.deviation.threshold = 300 (default)
2019-09-26 15:38:56,145 [pool-123-thread-1] INFO  server.RaftServerConfigKeys (ConfUtils.java:logGet(43)) - raft.server.log.appender.install.snapshot.enabled = false (custom)
2019-09-26 15:38:56,145 [pool-123-thread-1] INFO  impl.RaftServerImpl (ServerState.java:<init>(103)) - bcb704dc-2543-42a4-8762-cde039a55a99@group-5350FED428AE: ConfigurationManager, init=-1: [bcb704dc-2543-42a4-8762-cde039a55a99:192.168.151.99:43663], old=null, confs=<EMPTY_MAP>
2019-09-26 15:38:56,145 [pool-123-thread-1] INFO  server.RaftServerConfigKeys (ConfUtils.java:logGet(43)) - raft.server.storage.dir = [/workdir/hadoop-ozone/integration-test/target/test-dir/MiniOzoneClusterImpl-87962e32-e39f-4c57-b747-30c883c1cc54/datanode-0/data/ratis] (custom)
2019-09-26 15:38:56,146 [pool-123-thread-1] INFO  storage.RaftStorageDirectory (RaftStorageDirectory.java:analyzeStorage(246)) - The storage directory /workdir/hadoop-ozone/integration-test/target/test-dir/MiniOzoneClusterImpl-87962e32-e39f-4c57-b747-30c883c1cc54/datanode-0/data/ratis/172460aa-f52b-44a7-9bde-5350fed428ae does not exist. Creating ...
2019-09-26 15:38:56,158 [pool-123-thread-1] INFO  storage.RaftStorageDirectory (RaftStorageDirectory.java:tryLock(328)) - Lock on /workdir/hadoop-ozone/integration-test/target/test-dir/MiniOzoneClusterImpl-87962e32-e39f-4c57-b747-30c883c1cc54/datanode-0/data/ratis/172460aa-f52b-44a7-9bde-5350fed428ae/in_use.lock acquired by nodename 10626@pr-hdds-1569-g6sp5-2013761785
2019-09-26 15:38:56,172 [pool-123-thread-1] INFO  storage.RaftStorage (RaftStorage.java:format(72)) - Storage directory /workdir/hadoop-ozone/integration-test/target/test-dir/MiniOzoneClusterImpl-87962e32-e39f-4c57-b747-30c883c1cc54/datanode-0/data/ratis/172460aa-f52b-44a7-9bde-5350fed428ae has been successfully formatted.
2019-09-26 15:38:56,172 [pool-123-thread-1] INFO  ratis.ContainerStateMachine (ContainerStateMachine.java:loadSnapshot(230)) - group-5350FED428AE: The snapshot info is null. Setting the last applied indexto:(t:0, i:~)
2019-09-26 15:38:56,172 [pool-123-thread-1] INFO  server.RaftServerConfigKeys (ConfUtils.java:logGet(43)) - raft.server.notification.no-leader.timeout = 120s (custom)
2019-09-26 15:38:56,172 [pool-123-thread-1] INFO  server.RaftServerConfigKeys (ConfUtils.java:logGet(43)) - raft.server.log.use.memory = false (default)
2019-09-26 15:38:56,172 [pool-123-thread-1] INFO  server.RaftServerConfigKeys (ConfUtils.java:logGet(43)) - raft.server.log.purge.gap = 1000000 (custom)
2019-09-26 15:38:56,172 [pool-123-thread-1] INFO  server.RaftServerConfigKeys (ConfUtils.java:logGet(43)) - raft.server.log.appender.buffer.byte-limit = 33554432 (custom)
2019-09-26 15:38:56,173 [pool-123-thread-1] INFO  server.RaftServerConfigKeys (ConfUtils.java:logGet(43)) - raft.server.log.segment.size.max = 1048576 (custom)
2019-09-26 15:38:56,173 [pool-123-thread-1] INFO  server.RaftServerConfigKeys (ConfUtils.java:logGet(43)) - raft.server.log.segment.cache.num.max = 2 (custom)
2019-09-26 15:38:56,173 [pool-123-thread-1] INFO  segmented.SegmentedRaftLogWorker (SegmentedRaftLogWorker.java:<init>(172)) - new bcb704dc-2543-42a4-8762-cde039a55a99@group-5350FED428AE-SegmentedRaftLogWorker for RaftStorage:Storage Directory /workdir/hadoop-ozone/integration-test/target/test-dir/MiniOzoneClusterImpl-87962e32-e39f-4c57-b747-30c883c1cc54/datanode-0/data/ratis/172460aa-f52b-44a7-9bde-5350fed428ae
2019-09-26 15:38:56,173 [pool-123-thread-1] INFO  server.RaftServerConfigKeys (ConfUtils.java:logGet(43)) - raft.server.log.queue.byte-limit = 2147483647 (custom)
2019-09-26 15:38:56,173 [pool-123-thread-1] INFO  server.RaftServerConfigKeys (ConfUtils.java:logGet(43)) - raft.server.log.queue.element-limit = 1024 (custom)
2019-09-26 15:38:56,173 [pool-123-thread-1] INFO  server.RaftServerConfigKeys (ConfUtils.java:logGet(43)) - raft.server.log.segment.size.max = 1048576 (custom)
2019-09-26 15:38:56,173 [pool-123-thread-1] INFO  server.RaftServerConfigKeys (ConfUtils.java:logGet(43)) - raft.server.log.preallocated.size = 16384 (custom)
2019-09-26 15:38:56,174 [pool-123-thread-1] INFO  server.RaftServerConfigKeys (ConfUtils.java:logGet(43)) - raft.server.log.write.buffer.size = 33554432 (custom)
2019-09-26 15:38:56,174 [pool-123-thread-1] INFO  server.RaftServerConfigKeys (ConfUtils.java:logGet(43)) - raft.server.log.force.sync.num = 128 (default)
2019-09-26 15:38:56,174 [pool-123-thread-1] INFO  server.RaftServerConfigKeys (ConfUtils.java:logGet(43)) - raft.server.log.statemachine.data.sync = true (default)
2019-09-26 15:38:56,174 [pool-123-thread-1] INFO  server.RaftServerConfigKeys (ConfUtils.java:logGet(43)) - raft.server.log.statemachine.data.sync.timeout = 10s (default)
2019-09-26 15:38:56,174 [pool-123-thread-1] INFO  server.RaftServerConfigKeys (ConfUtils.java:logGet(43)) - raft.server.log.statemachine.data.sync.timeout.retry = -1 (default)
2019-09-26 15:38:56,174 [pool-123-thread-1] INFO  server.RaftServerConfigKeys (ConfUtils.java:logGet(43)) - raft.server.log.statemachine.data.caching.enabled = true (custom)
2019-09-26 15:38:56,175 [pool-123-thread-1] INFO  segmented.SegmentedRaftLogWorker (SegmentedRaftLogWorker.java:lambda$new$0(132)) - bcb704dc-2543-42a4-8762-cde039a55a99@group-5350FED428AE-SegmentedRaftLogWorker: flushIndex: setUnconditionally 0 -> -1
2019-09-26 15:38:56,175 [pool-123-thread-1] INFO  server.RaftServerConfigKeys (ConfUtils.java:logGet(43)) - raft.server.snapshot.auto.trigger.enabled = true (custom)
2019-09-26 15:38:56,175 [pool-123-thread-1] INFO  server.RaftServerConfigKeys (ConfUtils.java:logGet(43)) - raft.server.snapshot.auto.trigger.threshold = 10000 (custom)
2019-09-26 15:38:56,175 [pool-123-thread-1] INFO  server.RaftServerConfigKeys (ConfUtils.java:logGet(43)) - raft.server.snapshot.retention.num.files = 5 (custom)
2019-09-26 15:38:56,175 [pool-123-thread-1] INFO  server.RaftServerConfigKeys (ConfUtils.java:logGet(43)) - raft.server.retrycache.expirytime = 600000ms (custom)
2019-09-26 15:38:56,177 [pool-123-thread-1] INFO  impl.RaftServerImpl (RaftServerImpl.java:start(185)) - bcb704dc-2543-42a4-8762-cde039a55a99@group-5350FED428AE: start as a follower, conf=-1: [bcb704dc-2543-42a4-8762-cde039a55a99:192.168.151.99:43663], old=null
2019-09-26 15:38:56,177 [pool-123-thread-1] INFO  impl.RaftServerImpl (RaftServerImpl.java:setRole(174)) - bcb704dc-2543-42a4-8762-cde039a55a99@group-5350FED428AE: changes role from      null to FOLLOWER at term 0 for startAsFollower
2019-09-26 15:38:56,177 [pool-123-thread-1] INFO  impl.RoleInfo (RoleInfo.java:updateAndGet(143)) - bcb704dc-2543-42a4-8762-cde039a55a99: start FollowerState
2019-09-26 15:38:56,178 [pool-123-thread-1] INFO  util.JmxRegister (JmxRegister.java:tryRegister(44)) - Successfully registered JMX Bean with object name Ratis:service=RaftServer,group=group-5350FED428AE,id=bcb704dc-2543-42a4-8762-cde039a55a99
2019-09-26 15:38:56,180 [RatisPipelineUtilsThread] INFO  pipeline.PipelineStateManager (PipelineStateManager.java:addPipeline(56)) - Created pipeline Pipeline[ Id: 172460aa-f52b-44a7-9bde-5350fed428ae, Nodes: bcb704dc-2543-42a4-8762-cde039a55a99{ip: 192.168.151.99, host: pr-hdds-1569-g6sp5-2013761785, networkLocation: /default-rack, certSerialId: null}, Type:RATIS, Factor:ONE, State:OPEN]
2019-09-26 15:38:56,183 [grpc-default-executor-0] INFO  impl.RaftServerProxy (RaftServerProxy.java:addNew(89)) - bcb704dc-2543-42a4-8762-cde039a55a99: addNew group-D4B90A3E8012:[bcb704dc-2543-42a4-8762-cde039a55a99:192.168.151.99:43663] returns group-D4B90A3E8012:java.util.concurrent.CompletableFuture@541ccd88[Not completed]
2019-09-26 15:38:56,184 [pool-123-thread-1] INFO  impl.RaftServerImpl (RaftServerImpl.java:<init>(95)) - bcb704dc-2543-42a4-8762-cde039a55a99: new RaftServerImpl for group-D4B90A3E8012:[bcb704dc-2543-42a4-8762-cde039a55a99:192.168.151.99:43663] with ContainerStateMachine:uninitialized
2019-09-26 15:38:56,184 [pool-123-thread-1] INFO  server.RaftServerConfigKeys (ConfUtils.java:logGet(43)) - raft.server.rpc.timeout.min = 5s (custom)
2019-09-26 15:38:56,184 [pool-123-thread-1] INFO  server.RaftServerConfigKeys (ConfUtils.java:logGet(43)) - raft.server.rpc.timeout.max = 5200ms (custom)
2019-09-26 15:38:56,184 [pool-123-thread-1] INFO  server.RaftServerConfigKeys (ConfUtils.java:logGet(43)) - raft.server.rpcslowness.timeout = 120s (custom)
2019-09-26 15:38:56,185 [pool-123-thread-1] INFO  server.RaftServerConfigKeys (ConfUtils.java:logGet(43)) - raft.server.sleep.deviation.threshold = 300 (default)
2019-09-26 15:38:56,185 [pool-123-thread-1] INFO  server.RaftServerConfigKeys (ConfUtils.java:logGet(43)) - raft.server.log.appender.install.snapshot.enabled = false (custom)
2019-09-26 15:38:56,185 [pool-123-thread-1] INFO  impl.RaftServerImpl (ServerState.java:<init>(103)) - bcb704dc-2543-42a4-8762-cde039a55a99@group-D4B90A3E8012: ConfigurationManager, init=-1: [bcb704dc-2543-42a4-8762-cde039a55a99:192.168.151.99:43663], old=null, confs=<EMPTY_MAP>
2019-09-26 15:38:56,185 [pool-123-thread-1] INFO  server.RaftServerConfigKeys (ConfUtils.java:logGet(43)) - raft.server.storage.dir = [/workdir/hadoop-ozone/integration-test/target/test-dir/MiniOzoneClusterImpl-87962e32-e39f-4c57-b747-30c883c1cc54/datanode-0/data/ratis] (custom)
2019-09-26 15:38:56,186 [pool-123-thread-1] INFO  storage.RaftStorageDirectory (RaftStorageDirectory.java:analyzeStorage(246)) - The storage directory /workdir/hadoop-ozone/integration-test/target/test-dir/MiniOzoneClusterImpl-87962e32-e39f-4c57-b747-30c883c1cc54/datanode-0/data/ratis/0c9357f9-ccc4-4666-b8db-d4b90a3e8012 does not exist. Creating ...
2019-09-26 15:38:56,199 [pool-123-thread-1] INFO  storage.RaftStorageDirectory (RaftStorageDirectory.java:tryLock(328)) - Lock on /workdir/hadoop-ozone/integration-test/target/test-dir/MiniOzoneClusterImpl-87962e32-e39f-4c57-b747-30c883c1cc54/datanode-0/data/ratis/0c9357f9-ccc4-4666-b8db-d4b90a3e8012/in_use.lock acquired by nodename 10626@pr-hdds-1569-g6sp5-2013761785
2019-09-26 15:38:56,211 [pool-123-thread-1] INFO  storage.RaftStorage (RaftStorage.java:format(72)) - Storage directory /workdir/hadoop-ozone/integration-test/target/test-dir/MiniOzoneClusterImpl-87962e32-e39f-4c57-b747-30c883c1cc54/datanode-0/data/ratis/0c9357f9-ccc4-4666-b8db-d4b90a3e8012 has been successfully formatted.
2019-09-26 15:38:56,212 [pool-123-thread-1] INFO  ratis.ContainerStateMachine (ContainerStateMachine.java:loadSnapshot(230)) - group-D4B90A3E8012: The snapshot info is null. Setting the last applied indexto:(t:0, i:~)
2019-09-26 15:38:56,212 [pool-123-thread-1] INFO  server.RaftServerConfigKeys (ConfUtils.java:logGet(43)) - raft.server.notification.no-leader.timeout = 120s (custom)
2019-09-26 15:38:56,212 [pool-123-thread-1] INFO  server.RaftServerConfigKeys (ConfUtils.java:logGet(43)) - raft.server.log.use.memory = false (default)
2019-09-26 15:38:56,212 [pool-123-thread-1] INFO  server.RaftServerConfigKeys (ConfUtils.java:logGet(43)) - raft.server.log.purge.gap = 1000000 (custom)
2019-09-26 15:38:56,212 [pool-123-thread-1] INFO  server.RaftServerConfigKeys (ConfUtils.java:logGet(43)) - raft.server.log.appender.buffer.byte-limit = 33554432 (custom)
2019-09-26 15:38:56,212 [pool-123-thread-1] INFO  server.RaftServerConfigKeys (ConfUtils.java:logGet(43)) - raft.server.log.segment.size.max = 1048576 (custom)
2019-09-26 15:38:56,213 [pool-123-thread-1] INFO  server.RaftServerConfigKeys (ConfUtils.java:logGet(43)) - raft.server.log.segment.cache.num.max = 2 (custom)
2019-09-26 15:38:56,213 [pool-123-thread-1] INFO  segmented.SegmentedRaftLogWorker (SegmentedRaftLogWorker.java:<init>(172)) - new bcb704dc-2543-42a4-8762-cde039a55a99@group-D4B90A3E8012-SegmentedRaftLogWorker for RaftStorage:Storage Directory /workdir/hadoop-ozone/integration-test/target/test-dir/MiniOzoneClusterImpl-87962e32-e39f-4c57-b747-30c883c1cc54/datanode-0/data/ratis/0c9357f9-ccc4-4666-b8db-d4b90a3e8012
2019-09-26 15:38:56,213 [pool-123-thread-1] INFO  server.RaftServerConfigKeys (ConfUtils.java:logGet(43)) - raft.server.log.queue.byte-limit = 2147483647 (custom)
2019-09-26 15:38:56,213 [pool-123-thread-1] INFO  server.RaftServerConfigKeys (ConfUtils.java:logGet(43)) - raft.server.log.queue.element-limit = 1024 (custom)
2019-09-26 15:38:56,213 [pool-123-thread-1] INFO  server.RaftServerConfigKeys (ConfUtils.java:logGet(43)) - raft.server.log.segment.size.max = 1048576 (custom)
2019-09-26 15:38:56,213 [pool-123-thread-1] INFO  server.RaftServerConfigKeys (ConfUtils.java:logGet(43)) - raft.server.log.preallocated.size = 16384 (custom)
2019-09-26 15:38:56,213 [pool-123-thread-1] INFO  server.RaftServerConfigKeys (ConfUtils.java:logGet(43)) - raft.server.log.write.buffer.size = 33554432 (custom)
2019-09-26 15:38:56,214 [pool-123-thread-1] INFO  server.RaftServerConfigKeys (ConfUtils.java:logGet(43)) - raft.server.log.force.sync.num = 128 (default)
2019-09-26 15:38:56,214 [pool-123-thread-1] INFO  server.RaftServerConfigKeys (ConfUtils.java:logGet(43)) - raft.server.log.statemachine.data.sync = true (default)
2019-09-26 15:38:56,214 [pool-123-thread-1] INFO  server.RaftServerConfigKeys (ConfUtils.java:logGet(43)) - raft.server.log.statemachine.data.sync.timeout = 10s (default)
2019-09-26 15:38:56,214 [pool-123-thread-1] INFO  server.RaftServerConfigKeys (ConfUtils.java:logGet(43)) - raft.server.log.statemachine.data.sync.timeout.retry = -1 (default)
2019-09-26 15:38:56,214 [pool-123-thread-1] INFO  server.RaftServerConfigKeys (ConfUtils.java:logGet(43)) - raft.server.log.statemachine.data.caching.enabled = true (custom)
2019-09-26 15:38:56,214 [pool-123-thread-1] INFO  segmented.SegmentedRaftLogWorker (SegmentedRaftLogWorker.java:lambda$new$0(132)) - bcb704dc-2543-42a4-8762-cde039a55a99@group-D4B90A3E8012-SegmentedRaftLogWorker: flushIndex: setUnconditionally 0 -> -1
2019-09-26 15:38:56,215 [pool-123-thread-1] INFO  server.RaftServerConfigKeys (ConfUtils.java:logGet(43)) - raft.server.snapshot.auto.trigger.enabled = true (custom)
2019-09-26 15:38:56,215 [pool-123-thread-1] INFO  server.RaftServerConfigKeys (ConfUtils.java:logGet(43)) - raft.server.snapshot.auto.trigger.threshold = 10000 (custom)
2019-09-26 15:38:56,215 [pool-123-thread-1] INFO  server.RaftServerConfigKeys (ConfUtils.java:logGet(43)) - raft.server.snapshot.retention.num.files = 5 (custom)
2019-09-26 15:38:56,215 [pool-123-thread-1] INFO  server.RaftServerConfigKeys (ConfUtils.java:logGet(43)) - raft.server.retrycache.expirytime = 600000ms (custom)
2019-09-26 15:38:56,217 [pool-123-thread-1] INFO  impl.RaftServerImpl (RaftServerImpl.java:start(185)) - bcb704dc-2543-42a4-8762-cde039a55a99@group-D4B90A3E8012: start as a follower, conf=-1: [bcb704dc-2543-42a4-8762-cde039a55a99:192.168.151.99:43663], old=null
2019-09-26 15:38:56,217 [pool-123-thread-1] INFO  impl.RaftServerImpl (RaftServerImpl.java:setRole(174)) - bcb704dc-2543-42a4-8762-cde039a55a99@group-D4B90A3E8012: changes role from      null to FOLLOWER at term 0 for startAsFollower
2019-09-26 15:38:56,217 [pool-123-thread-1] INFO  impl.RoleInfo (RoleInfo.java:updateAndGet(143)) - bcb704dc-2543-42a4-8762-cde039a55a99: start FollowerState
2019-09-26 15:38:56,217 [pool-123-thread-1] INFO  util.JmxRegister (JmxRegister.java:tryRegister(44)) - Successfully registered JMX Bean with object name Ratis:service=RaftServer,group=group-D4B90A3E8012,id=bcb704dc-2543-42a4-8762-cde039a55a99
2019-09-26 15:38:56,219 [RatisPipelineUtilsThread] INFO  pipeline.PipelineStateManager (PipelineStateManager.java:addPipeline(56)) - Created pipeline Pipeline[ Id: 0c9357f9-ccc4-4666-b8db-d4b90a3e8012, Nodes: bcb704dc-2543-42a4-8762-cde039a55a99{ip: 192.168.151.99, host: pr-hdds-1569-g6sp5-2013761785, networkLocation: /default-rack, certSerialId: null}, Type:RATIS, Factor:ONE, State:OPEN]
2019-09-26 15:38:56,223 [grpc-default-executor-0] INFO  impl.RaftServerProxy (RaftServerProxy.java:addNew(89)) - bcb704dc-2543-42a4-8762-cde039a55a99: addNew group-E216D9E11CC2:[bcb704dc-2543-42a4-8762-cde039a55a99:192.168.151.99:43663] returns group-E216D9E11CC2:java.util.concurrent.CompletableFuture@7d1dee9d[Not completed]
2019-09-26 15:38:56,223 [pool-123-thread-1] INFO  impl.RaftServerImpl (RaftServerImpl.java:<init>(95)) - bcb704dc-2543-42a4-8762-cde039a55a99: new RaftServerImpl for group-E216D9E11CC2:[bcb704dc-2543-42a4-8762-cde039a55a99:192.168.151.99:43663] with ContainerStateMachine:uninitialized
2019-09-26 15:38:56,224 [pool-123-thread-1] INFO  server.RaftServerConfigKeys (ConfUtils.java:logGet(43)) - raft.server.rpc.timeout.min = 5s (custom)
2019-09-26 15:38:56,224 [pool-123-thread-1] INFO  server.RaftServerConfigKeys (ConfUtils.java:logGet(43)) - raft.server.rpc.timeout.max = 5200ms (custom)
2019-09-26 15:38:56,224 [pool-123-thread-1] INFO  server.RaftServerConfigKeys (ConfUtils.java:logGet(43)) - raft.server.rpcslowness.timeout = 120s (custom)
2019-09-26 15:38:56,224 [pool-123-thread-1] INFO  server.RaftServerConfigKeys (ConfUtils.java:logGet(43)) - raft.server.sleep.deviation.threshold = 300 (default)
2019-09-26 15:38:56,224 [pool-123-thread-1] INFO  server.RaftServerConfigKeys (ConfUtils.java:logGet(43)) - raft.server.log.appender.install.snapshot.enabled = false (custom)
2019-09-26 15:38:56,224 [pool-123-thread-1] INFO  impl.RaftServerImpl (ServerState.java:<init>(103)) - bcb704dc-2543-42a4-8762-cde039a55a99@group-E216D9E11CC2: ConfigurationManager, init=-1: [bcb704dc-2543-42a4-8762-cde039a55a99:192.168.151.99:43663], old=null, confs=<EMPTY_MAP>
2019-09-26 15:38:56,224 [pool-123-thread-1] INFO  server.RaftServerConfigKeys (ConfUtils.java:logGet(43)) - raft.server.storage.dir = [/workdir/hadoop-ozone/integration-test/target/test-dir/MiniOzoneClusterImpl-87962e32-e39f-4c57-b747-30c883c1cc54/datanode-0/data/ratis] (custom)
2019-09-26 15:38:56,225 [pool-123-thread-1] INFO  storage.RaftStorageDirectory (RaftStorageDirectory.java:analyzeStorage(246)) - The storage directory /workdir/hadoop-ozone/integration-test/target/test-dir/MiniOzoneClusterImpl-87962e32-e39f-4c57-b747-30c883c1cc54/datanode-0/data/ratis/c23ffcac-c6f8-4faf-9e58-e216d9e11cc2 does not exist. Creating ...
2019-09-26 15:38:56,238 [pool-123-thread-1] INFO  storage.RaftStorageDirectory (RaftStorageDirectory.java:tryLock(328)) - Lock on /workdir/hadoop-ozone/integration-test/target/test-dir/MiniOzoneClusterImpl-87962e32-e39f-4c57-b747-30c883c1cc54/datanode-0/data/ratis/c23ffcac-c6f8-4faf-9e58-e216d9e11cc2/in_use.lock acquired by nodename 10626@pr-hdds-1569-g6sp5-2013761785
2019-09-26 15:38:56,251 [pool-123-thread-1] INFO  storage.RaftStorage (RaftStorage.java:format(72)) - Storage directory /workdir/hadoop-ozone/integration-test/target/test-dir/MiniOzoneClusterImpl-87962e32-e39f-4c57-b747-30c883c1cc54/datanode-0/data/ratis/c23ffcac-c6f8-4faf-9e58-e216d9e11cc2 has been successfully formatted.
2019-09-26 15:38:56,252 [pool-123-thread-1] INFO  ratis.ContainerStateMachine (ContainerStateMachine.java:loadSnapshot(230)) - group-E216D9E11CC2: The snapshot info is null. Setting the last applied indexto:(t:0, i:~)
2019-09-26 15:38:56,252 [pool-123-thread-1] INFO  server.RaftServerConfigKeys (ConfUtils.java:logGet(43)) - raft.server.notification.no-leader.timeout = 120s (custom)
2019-09-26 15:38:56,252 [pool-123-thread-1] INFO  server.RaftServerConfigKeys (ConfUtils.java:logGet(43)) - raft.server.log.use.memory = false (default)
2019-09-26 15:38:56,252 [pool-123-thread-1] INFO  server.RaftServerConfigKeys (ConfUtils.java:logGet(43)) - raft.server.log.purge.gap = 1000000 (custom)
2019-09-26 15:38:56,252 [pool-123-thread-1] INFO  server.RaftServerConfigKeys (ConfUtils.java:logGet(43)) - raft.server.log.appender.buffer.byte-limit = 33554432 (custom)
2019-09-26 15:38:56,252 [pool-123-thread-1] INFO  server.RaftServerConfigKeys (ConfUtils.java:logGet(43)) - raft.server.log.segment.size.max = 1048576 (custom)
2019-09-26 15:38:56,253 [pool-123-thread-1] INFO  server.RaftServerConfigKeys (ConfUtils.java:logGet(43)) - raft.server.log.segment.cache.num.max = 2 (custom)
2019-09-26 15:38:56,253 [pool-123-thread-1] INFO  segmented.SegmentedRaftLogWorker (SegmentedRaftLogWorker.java:<init>(172)) - new bcb704dc-2543-42a4-8762-cde039a55a99@group-E216D9E11CC2-SegmentedRaftLogWorker for RaftStorage:Storage Directory /workdir/hadoop-ozone/integration-test/target/test-dir/MiniOzoneClusterImpl-87962e32-e39f-4c57-b747-30c883c1cc54/datanode-0/data/ratis/c23ffcac-c6f8-4faf-9e58-e216d9e11cc2
2019-09-26 15:38:56,253 [pool-123-thread-1] INFO  server.RaftServerConfigKeys (ConfUtils.java:logGet(43)) - raft.server.log.queue.byte-limit = 2147483647 (custom)
2019-09-26 15:38:56,253 [pool-123-thread-1] INFO  server.RaftServerConfigKeys (ConfUtils.java:logGet(43)) - raft.server.log.queue.element-limit = 1024 (custom)
2019-09-26 15:38:56,253 [pool-123-thread-1] INFO  server.RaftServerConfigKeys (ConfUtils.java:logGet(43)) - raft.server.log.segment.size.max = 1048576 (custom)
2019-09-26 15:38:56,253 [pool-123-thread-1] INFO  server.RaftServerConfigKeys (ConfUtils.java:logGet(43)) - raft.server.log.preallocated.size = 16384 (custom)
2019-09-26 15:38:56,253 [pool-123-thread-1] INFO  server.RaftServerConfigKeys (ConfUtils.java:logGet(43)) - raft.server.log.write.buffer.size = 33554432 (custom)
2019-09-26 15:38:56,253 [pool-123-thread-1] INFO  server.RaftServerConfigKeys (ConfUtils.java:logGet(43)) - raft.server.log.force.sync.num = 128 (default)
2019-09-26 15:38:56,254 [pool-123-thread-1] INFO  server.RaftServerConfigKeys (ConfUtils.java:logGet(43)) - raft.server.log.statemachine.data.sync = true (default)
2019-09-26 15:38:56,254 [pool-123-thread-1] INFO  server.RaftServerConfigKeys (ConfUtils.java:logGet(43)) - raft.server.log.statemachine.data.sync.timeout = 10s (default)
2019-09-26 15:38:56,254 [pool-123-thread-1] INFO  server.RaftServerConfigKeys (ConfUtils.java:logGet(43)) - raft.server.log.statemachine.data.sync.timeout.retry = -1 (default)
2019-09-26 15:38:56,254 [pool-123-thread-1] INFO  server.RaftServerConfigKeys (ConfUtils.java:logGet(43)) - raft.server.log.statemachine.data.caching.enabled = true (custom)
2019-09-26 15:38:56,254 [pool-123-thread-1] INFO  segmented.SegmentedRaftLogWorker (SegmentedRaftLogWorker.java:lambda$new$0(132)) - bcb704dc-2543-42a4-8762-cde039a55a99@group-E216D9E11CC2-SegmentedRaftLogWorker: flushIndex: setUnconditionally 0 -> -1
2019-09-26 15:38:56,255 [pool-123-thread-1] INFO  server.RaftServerConfigKeys (ConfUtils.java:logGet(43)) - raft.server.snapshot.auto.trigger.enabled = true (custom)
2019-09-26 15:38:56,255 [pool-123-thread-1] INFO  server.RaftServerConfigKeys (ConfUtils.java:logGet(43)) - raft.server.snapshot.auto.trigger.threshold = 10000 (custom)
2019-09-26 15:38:56,255 [pool-123-thread-1] INFO  server.RaftServerConfigKeys (ConfUtils.java:logGet(43)) - raft.server.snapshot.retention.num.files = 5 (custom)
2019-09-26 15:38:56,255 [pool-123-thread-1] INFO  server.RaftServerConfigKeys (ConfUtils.java:logGet(43)) - raft.server.retrycache.expirytime = 600000ms (custom)
2019-09-26 15:38:56,257 [pool-123-thread-1] INFO  impl.RaftServerImpl (RaftServerImpl.java:start(185)) - bcb704dc-2543-42a4-8762-cde039a55a99@group-E216D9E11CC2: start as a follower, conf=-1: [bcb704dc-2543-42a4-8762-cde039a55a99:192.168.151.99:43663], old=null
2019-09-26 15:38:56,257 [pool-123-thread-1] INFO  impl.RaftServerImpl (RaftServerImpl.java:setRole(174)) - bcb704dc-2543-42a4-8762-cde039a55a99@group-E216D9E11CC2: changes role from      null to FOLLOWER at term 0 for startAsFollower
2019-09-26 15:38:56,257 [pool-123-thread-1] INFO  impl.RoleInfo (RoleInfo.java:updateAndGet(143)) - bcb704dc-2543-42a4-8762-cde039a55a99: start FollowerState
2019-09-26 15:38:56,257 [pool-123-thread-1] INFO  util.JmxRegister (JmxRegister.java:tryRegister(44)) - Successfully registered JMX Bean with object name Ratis:service=RaftServer,group=group-E216D9E11CC2,id=bcb704dc-2543-42a4-8762-cde039a55a99
2019-09-26 15:38:56,259 [RatisPipelineUtilsThread] INFO  pipeline.PipelineStateManager (PipelineStateManager.java:addPipeline(56)) - Created pipeline Pipeline[ Id: c23ffcac-c6f8-4faf-9e58-e216d9e11cc2, Nodes: bcb704dc-2543-42a4-8762-cde039a55a99{ip: 192.168.151.99, host: pr-hdds-1569-g6sp5-2013761785, networkLocation: /default-rack, certSerialId: null}, Type:RATIS, Factor:ONE, State:OPEN]
2019-09-26 15:38:56,263 [grpc-default-executor-0] INFO  impl.RaftServerProxy (RaftServerProxy.java:addNew(89)) - bcb704dc-2543-42a4-8762-cde039a55a99: addNew group-768FFE8D3C99:[bcb704dc-2543-42a4-8762-cde039a55a99:192.168.151.99:43663] returns group-768FFE8D3C99:java.util.concurrent.CompletableFuture@212ccf8f[Not completed]
2019-09-26 15:38:56,264 [pool-123-thread-1] INFO  impl.RaftServerImpl (RaftServerImpl.java:<init>(95)) - bcb704dc-2543-42a4-8762-cde039a55a99: new RaftServerImpl for group-768FFE8D3C99:[bcb704dc-2543-42a4-8762-cde039a55a99:192.168.151.99:43663] with ContainerStateMachine:uninitialized
2019-09-26 15:38:56,264 [pool-123-thread-1] INFO  server.RaftServerConfigKeys (ConfUtils.java:logGet(43)) - raft.server.rpc.timeout.min = 5s (custom)
2019-09-26 15:38:56,264 [pool-123-thread-1] INFO  server.RaftServerConfigKeys (ConfUtils.java:logGet(43)) - raft.server.rpc.timeout.max = 5200ms (custom)
2019-09-26 15:38:56,264 [pool-123-thread-1] INFO  server.RaftServerConfigKeys (ConfUtils.java:logGet(43)) - raft.server.rpcslowness.timeout = 120s (custom)
2019-09-26 15:38:56,264 [pool-123-thread-1] INFO  server.RaftServerConfigKeys (ConfUtils.java:logGet(43)) - raft.server.sleep.deviation.threshold = 300 (default)
2019-09-26 15:38:56,264 [pool-123-thread-1] INFO  server.RaftServerConfigKeys (ConfUtils.java:logGet(43)) - raft.server.log.appender.install.snapshot.enabled = false (custom)
2019-09-26 15:38:56,264 [pool-123-thread-1] INFO  impl.RaftServerImpl (ServerState.java:<init>(103)) - bcb704dc-2543-42a4-8762-cde039a55a99@group-768FFE8D3C99: ConfigurationManager, init=-1: [bcb704dc-2543-42a4-8762-cde039a55a99:192.168.151.99:43663], old=null, confs=<EMPTY_MAP>
2019-09-26 15:38:56,264 [pool-123-thread-1] INFO  server.RaftServerConfigKeys (ConfUtils.java:logGet(43)) - raft.server.storage.dir = [/workdir/hadoop-ozone/integration-test/target/test-dir/MiniOzoneClusterImpl-87962e32-e39f-4c57-b747-30c883c1cc54/datanode-0/data/ratis] (custom)
2019-09-26 15:38:56,265 [pool-123-thread-1] INFO  storage.RaftStorageDirectory (RaftStorageDirectory.java:analyzeStorage(246)) - The storage directory /workdir/hadoop-ozone/integration-test/target/test-dir/MiniOzoneClusterImpl-87962e32-e39f-4c57-b747-30c883c1cc54/datanode-0/data/ratis/74619e18-356d-4104-9249-768ffe8d3c99 does not exist. Creating ...
2019-09-26 15:38:56,278 [pool-123-thread-1] INFO  storage.RaftStorageDirectory (RaftStorageDirectory.java:tryLock(328)) - Lock on /workdir/hadoop-ozone/integration-test/target/test-dir/MiniOzoneClusterImpl-87962e32-e39f-4c57-b747-30c883c1cc54/datanode-0/data/ratis/74619e18-356d-4104-9249-768ffe8d3c99/in_use.lock acquired by nodename 10626@pr-hdds-1569-g6sp5-2013761785
2019-09-26 15:38:56,291 [pool-123-thread-1] INFO  storage.RaftStorage (RaftStorage.java:format(72)) - Storage directory /workdir/hadoop-ozone/integration-test/target/test-dir/MiniOzoneClusterImpl-87962e32-e39f-4c57-b747-30c883c1cc54/datanode-0/data/ratis/74619e18-356d-4104-9249-768ffe8d3c99 has been successfully formatted.
2019-09-26 15:38:56,292 [pool-123-thread-1] INFO  ratis.ContainerStateMachine (ContainerStateMachine.java:loadSnapshot(230)) - group-768FFE8D3C99: The snapshot info is null. Setting the last applied indexto:(t:0, i:~)
2019-09-26 15:38:56,292 [pool-123-thread-1] INFO  server.RaftServerConfigKeys (ConfUtils.java:logGet(43)) - raft.server.notification.no-leader.timeout = 120s (custom)
2019-09-26 15:38:56,292 [pool-123-thread-1] INFO  server.RaftServerConfigKeys (ConfUtils.java:logGet(43)) - raft.server.log.use.memory = false (default)
2019-09-26 15:38:56,292 [pool-123-thread-1] INFO  server.RaftServerConfigKeys (ConfUtils.java:logGet(43)) - raft.server.log.purge.gap = 1000000 (custom)
2019-09-26 15:38:56,292 [pool-123-thread-1] INFO  server.RaftServerConfigKeys (ConfUtils.java:logGet(43)) - raft.server.log.appender.buffer.byte-limit = 33554432 (custom)
2019-09-26 15:38:56,292 [pool-123-thread-1] INFO  server.RaftServerConfigKeys (ConfUtils.java:logGet(43)) - raft.server.log.segment.size.max = 1048576 (custom)
2019-09-26 15:38:56,292 [pool-123-thread-1] INFO  server.RaftServerConfigKeys (ConfUtils.java:logGet(43)) - raft.server.log.segment.cache.num.max = 2 (custom)
2019-09-26 15:38:56,292 [pool-123-thread-1] INFO  segmented.SegmentedRaftLogWorker (SegmentedRaftLogWorker.java:<init>(172)) - new bcb704dc-2543-42a4-8762-cde039a55a99@group-768FFE8D3C99-SegmentedRaftLogWorker for RaftStorage:Storage Directory /workdir/hadoop-ozone/integration-test/target/test-dir/MiniOzoneClusterImpl-87962e32-e39f-4c57-b747-30c883c1cc54/datanode-0/data/ratis/74619e18-356d-4104-9249-768ffe8d3c99
2019-09-26 15:38:56,293 [pool-123-thread-1] INFO  server.RaftServerConfigKeys (ConfUtils.java:logGet(43)) - raft.server.log.queue.byte-limit = 2147483647 (custom)
2019-09-26 15:38:56,293 [pool-123-thread-1] INFO  server.RaftServerConfigKeys (ConfUtils.java:logGet(43)) - raft.server.log.queue.element-limit = 1024 (custom)
2019-09-26 15:38:56,293 [pool-123-thread-1] INFO  server.RaftServerConfigKeys (ConfUtils.java:logGet(43)) - raft.server.log.segment.size.max = 1048576 (custom)
2019-09-26 15:38:56,293 [pool-123-thread-1] INFO  server.RaftServerConfigKeys (ConfUtils.java:logGet(43)) - raft.server.log.preallocated.size = 16384 (custom)
2019-09-26 15:38:56,293 [pool-123-thread-1] INFO  server.RaftServerConfigKeys (ConfUtils.java:logGet(43)) - raft.server.log.write.buffer.size = 33554432 (custom)
2019-09-26 15:38:56,293 [pool-123-thread-1] INFO  server.RaftServerConfigKeys (ConfUtils.java:logGet(43)) - raft.server.log.force.sync.num = 128 (default)
2019-09-26 15:38:56,293 [pool-123-thread-1] INFO  server.RaftServerConfigKeys (ConfUtils.java:logGet(43)) - raft.server.log.statemachine.data.sync = true (default)
2019-09-26 15:38:56,293 [pool-123-thread-1] INFO  server.RaftServerConfigKeys (ConfUtils.java:logGet(43)) - raft.server.log.statemachine.data.sync.timeout = 10s (default)
2019-09-26 15:38:56,294 [pool-123-thread-1] INFO  server.RaftServerConfigKeys (ConfUtils.java:logGet(43)) - raft.server.log.statemachine.data.sync.timeout.retry = -1 (default)
2019-09-26 15:38:56,294 [pool-123-thread-1] INFO  server.RaftServerConfigKeys (ConfUtils.java:logGet(43)) - raft.server.log.statemachine.data.caching.enabled = true (custom)
2019-09-26 15:38:56,294 [pool-123-thread-1] INFO  segmented.SegmentedRaftLogWorker (SegmentedRaftLogWorker.java:lambda$new$0(132)) - bcb704dc-2543-42a4-8762-cde039a55a99@group-768FFE8D3C99-SegmentedRaftLogWorker: flushIndex: setUnconditionally 0 -> -1
2019-09-26 15:38:56,294 [pool-123-thread-1] INFO  server.RaftServerConfigKeys (ConfUtils.java:logGet(43)) - raft.server.snapshot.auto.trigger.enabled = true (custom)
2019-09-26 15:38:56,294 [pool-123-thread-1] INFO  server.RaftServerConfigKeys (ConfUtils.java:logGet(43)) - raft.server.snapshot.auto.trigger.threshold = 10000 (custom)
2019-09-26 15:38:56,295 [pool-123-thread-1] INFO  server.RaftServerConfigKeys (ConfUtils.java:logGet(43)) - raft.server.snapshot.retention.num.files = 5 (custom)
2019-09-26 15:38:56,295 [pool-123-thread-1] INFO  server.RaftServerConfigKeys (ConfUtils.java:logGet(43)) - raft.server.retrycache.expirytime = 600000ms (custom)
2019-09-26 15:38:56,296 [pool-123-thread-1] INFO  impl.RaftServerImpl (RaftServerImpl.java:start(185)) - bcb704dc-2543-42a4-8762-cde039a55a99@group-768FFE8D3C99: start as a follower, conf=-1: [bcb704dc-2543-42a4-8762-cde039a55a99:192.168.151.99:43663], old=null
2019-09-26 15:38:56,296 [pool-123-thread-1] INFO  impl.RaftServerImpl (RaftServerImpl.java:setRole(174)) - bcb704dc-2543-42a4-8762-cde039a55a99@group-768FFE8D3C99: changes role from      null to FOLLOWER at term 0 for startAsFollower
2019-09-26 15:38:56,296 [pool-123-thread-1] INFO  impl.RoleInfo (RoleInfo.java:updateAndGet(143)) - bcb704dc-2543-42a4-8762-cde039a55a99: start FollowerState
2019-09-26 15:38:56,297 [pool-123-thread-1] INFO  util.JmxRegister (JmxRegister.java:tryRegister(44)) - Successfully registered JMX Bean with object name Ratis:service=RaftServer,group=group-768FFE8D3C99,id=bcb704dc-2543-42a4-8762-cde039a55a99
2019-09-26 15:38:56,299 [RatisPipelineUtilsThread] INFO  pipeline.PipelineStateManager (PipelineStateManager.java:addPipeline(56)) - Created pipeline Pipeline[ Id: 74619e18-356d-4104-9249-768ffe8d3c99, Nodes: bcb704dc-2543-42a4-8762-cde039a55a99{ip: 192.168.151.99, host: pr-hdds-1569-g6sp5-2013761785, networkLocation: /default-rack, certSerialId: null}, Type:RATIS, Factor:ONE, State:OPEN]
2019-09-26 15:38:56,303 [grpc-default-executor-0] INFO  impl.RaftServerProxy (RaftServerProxy.java:addNew(89)) - bcb704dc-2543-42a4-8762-cde039a55a99: addNew group-4B788DE994AB:[bcb704dc-2543-42a4-8762-cde039a55a99:192.168.151.99:43663] returns group-4B788DE994AB:java.util.concurrent.CompletableFuture@2e146f0a[Not completed]
2019-09-26 15:38:56,303 [pool-123-thread-1] INFO  impl.RaftServerImpl (RaftServerImpl.java:<init>(95)) - bcb704dc-2543-42a4-8762-cde039a55a99: new RaftServerImpl for group-4B788DE994AB:[bcb704dc-2543-42a4-8762-cde039a55a99:192.168.151.99:43663] with ContainerStateMachine:uninitialized
2019-09-26 15:38:56,303 [pool-123-thread-1] INFO  server.RaftServerConfigKeys (ConfUtils.java:logGet(43)) - raft.server.rpc.timeout.min = 5s (custom)
2019-09-26 15:38:56,303 [pool-123-thread-1] INFO  server.RaftServerConfigKeys (ConfUtils.java:logGet(43)) - raft.server.rpc.timeout.max = 5200ms (custom)
2019-09-26 15:38:56,303 [pool-123-thread-1] INFO  server.RaftServerConfigKeys (ConfUtils.java:logGet(43)) - raft.server.rpcslowness.timeout = 120s (custom)
2019-09-26 15:38:56,304 [pool-123-thread-1] INFO  server.RaftServerConfigKeys (ConfUtils.java:logGet(43)) - raft.server.sleep.deviation.threshold = 300 (default)
2019-09-26 15:38:56,304 [pool-123-thread-1] INFO  server.RaftServerConfigKeys (ConfUtils.java:logGet(43)) - raft.server.log.appender.install.snapshot.enabled = false (custom)
2019-09-26 15:38:56,304 [pool-123-thread-1] INFO  impl.RaftServerImpl (ServerState.java:<init>(103)) - bcb704dc-2543-42a4-8762-cde039a55a99@group-4B788DE994AB: ConfigurationManager, init=-1: [bcb704dc-2543-42a4-8762-cde039a55a99:192.168.151.99:43663], old=null, confs=<EMPTY_MAP>
2019-09-26 15:38:56,304 [pool-123-thread-1] INFO  server.RaftServerConfigKeys (ConfUtils.java:logGet(43)) - raft.server.storage.dir = [/workdir/hadoop-ozone/integration-test/target/test-dir/MiniOzoneClusterImpl-87962e32-e39f-4c57-b747-30c883c1cc54/datanode-0/data/ratis] (custom)
2019-09-26 15:38:56,305 [pool-123-thread-1] INFO  storage.RaftStorageDirectory (RaftStorageDirectory.java:analyzeStorage(246)) - The storage directory /workdir/hadoop-ozone/integration-test/target/test-dir/MiniOzoneClusterImpl-87962e32-e39f-4c57-b747-30c883c1cc54/datanode-0/data/ratis/8feeb460-75ee-4b25-a89c-4b788de994ab does not exist. Creating ...
2019-09-26 15:38:56,318 [pool-123-thread-1] INFO  storage.RaftStorageDirectory (RaftStorageDirectory.java:tryLock(328)) - Lock on /workdir/hadoop-ozone/integration-test/target/test-dir/MiniOzoneClusterImpl-87962e32-e39f-4c57-b747-30c883c1cc54/datanode-0/data/ratis/8feeb460-75ee-4b25-a89c-4b788de994ab/in_use.lock acquired by nodename 10626@pr-hdds-1569-g6sp5-2013761785
2019-09-26 15:38:56,330 [pool-123-thread-1] INFO  storage.RaftStorage (RaftStorage.java:format(72)) - Storage directory /workdir/hadoop-ozone/integration-test/target/test-dir/MiniOzoneClusterImpl-87962e32-e39f-4c57-b747-30c883c1cc54/datanode-0/data/ratis/8feeb460-75ee-4b25-a89c-4b788de994ab has been successfully formatted.
2019-09-26 15:38:56,331 [pool-123-thread-1] INFO  ratis.ContainerStateMachine (ContainerStateMachine.java:loadSnapshot(230)) - group-4B788DE994AB: The snapshot info is null. Setting the last applied indexto:(t:0, i:~)
2019-09-26 15:38:56,331 [pool-123-thread-1] INFO  server.RaftServerConfigKeys (ConfUtils.java:logGet(43)) - raft.server.notification.no-leader.timeout = 120s (custom)
2019-09-26 15:38:56,331 [pool-123-thread-1] INFO  server.RaftServerConfigKeys (ConfUtils.java:logGet(43)) - raft.server.log.use.memory = false (default)
2019-09-26 15:38:56,331 [pool-123-thread-1] INFO  server.RaftServerConfigKeys (ConfUtils.java:logGet(43)) - raft.server.log.purge.gap = 1000000 (custom)
2019-09-26 15:38:56,331 [pool-123-thread-1] INFO  server.RaftServerConfigKeys (ConfUtils.java:logGet(43)) - raft.server.log.appender.buffer.byte-limit = 33554432 (custom)
2019-09-26 15:38:56,331 [pool-123-thread-1] INFO  server.RaftServerConfigKeys (ConfUtils.java:logGet(43)) - raft.server.log.segment.size.max = 1048576 (custom)
2019-09-26 15:38:56,331 [pool-123-thread-1] INFO  server.RaftServerConfigKeys (ConfUtils.java:logGet(43)) - raft.server.log.segment.cache.num.max = 2 (custom)
2019-09-26 15:38:56,332 [pool-123-thread-1] INFO  segmented.SegmentedRaftLogWorker (SegmentedRaftLogWorker.java:<init>(172)) - new bcb704dc-2543-42a4-8762-cde039a55a99@group-4B788DE994AB-SegmentedRaftLogWorker for RaftStorage:Storage Directory /workdir/hadoop-ozone/integration-test/target/test-dir/MiniOzoneClusterImpl-87962e32-e39f-4c57-b747-30c883c1cc54/datanode-0/data/ratis/8feeb460-75ee-4b25-a89c-4b788de994ab
2019-09-26 15:38:56,332 [pool-123-thread-1] INFO  server.RaftServerConfigKeys (ConfUtils.java:logGet(43)) - raft.server.log.queue.byte-limit = 2147483647 (custom)
2019-09-26 15:38:56,332 [pool-123-thread-1] INFO  server.RaftServerConfigKeys (ConfUtils.java:logGet(43)) - raft.server.log.queue.element-limit = 1024 (custom)
2019-09-26 15:38:56,332 [pool-123-thread-1] INFO  server.RaftServerConfigKeys (ConfUtils.java:logGet(43)) - raft.server.log.segment.size.max = 1048576 (custom)
2019-09-26 15:38:56,332 [pool-123-thread-1] INFO  server.RaftServerConfigKeys (ConfUtils.java:logGet(43)) - raft.server.log.preallocated.size = 16384 (custom)
2019-09-26 15:38:56,332 [pool-123-thread-1] INFO  server.RaftServerConfigKeys (ConfUtils.java:logGet(43)) - raft.server.log.write.buffer.size = 33554432 (custom)
2019-09-26 15:38:56,332 [pool-123-thread-1] INFO  server.RaftServerConfigKeys (ConfUtils.java:logGet(43)) - raft.server.log.force.sync.num = 128 (default)
2019-09-26 15:38:56,333 [pool-123-thread-1] INFO  server.RaftServerConfigKeys (ConfUtils.java:logGet(43)) - raft.server.log.statemachine.data.sync = true (default)
2019-09-26 15:38:56,333 [pool-123-thread-1] INFO  server.RaftServerConfigKeys (ConfUtils.java:logGet(43)) - raft.server.log.statemachine.data.sync.timeout = 10s (default)
2019-09-26 15:38:56,333 [pool-123-thread-1] INFO  server.RaftServerConfigKeys (ConfUtils.java:logGet(43)) - raft.server.log.statemachine.data.sync.timeout.retry = -1 (default)
2019-09-26 15:38:56,333 [pool-123-thread-1] INFO  server.RaftServerConfigKeys (ConfUtils.java:logGet(43)) - raft.server.log.statemachine.data.caching.enabled = true (custom)
2019-09-26 15:38:56,333 [pool-123-thread-1] INFO  segmented.SegmentedRaftLogWorker (SegmentedRaftLogWorker.java:lambda$new$0(132)) - bcb704dc-2543-42a4-8762-cde039a55a99@group-4B788DE994AB-SegmentedRaftLogWorker: flushIndex: setUnconditionally 0 -> -1
2019-09-26 15:38:56,334 [pool-123-thread-1] INFO  server.RaftServerConfigKeys (ConfUtils.java:logGet(43)) - raft.server.snapshot.auto.trigger.enabled = true (custom)
2019-09-26 15:38:56,334 [pool-123-thread-1] INFO  server.RaftServerConfigKeys (ConfUtils.java:logGet(43)) - raft.server.snapshot.auto.trigger.threshold = 10000 (custom)
2019-09-26 15:38:56,334 [pool-123-thread-1] INFO  server.RaftServerConfigKeys (ConfUtils.java:logGet(43)) - raft.server.snapshot.retention.num.files = 5 (custom)
2019-09-26 15:38:56,334 [pool-123-thread-1] INFO  server.RaftServerConfigKeys (ConfUtils.java:logGet(43)) - raft.server.retrycache.expirytime = 600000ms (custom)
2019-09-26 15:38:56,336 [pool-123-thread-1] INFO  impl.RaftServerImpl (RaftServerImpl.java:start(185)) - bcb704dc-2543-42a4-8762-cde039a55a99@group-4B788DE994AB: start as a follower, conf=-1: [bcb704dc-2543-42a4-8762-cde039a55a99:192.168.151.99:43663], old=null
2019-09-26 15:38:56,336 [pool-123-thread-1] INFO  impl.RaftServerImpl (RaftServerImpl.java:setRole(174)) - bcb704dc-2543-42a4-8762-cde039a55a99@group-4B788DE994AB: changes role from      null to FOLLOWER at term 0 for startAsFollower
2019-09-26 15:38:56,336 [pool-123-thread-1] INFO  impl.RoleInfo (RoleInfo.java:updateAndGet(143)) - bcb704dc-2543-42a4-8762-cde039a55a99: start FollowerState
2019-09-26 15:38:56,336 [pool-123-thread-1] INFO  util.JmxRegister (JmxRegister.java:tryRegister(44)) - Successfully registered JMX Bean with object name Ratis:service=RaftServer,group=group-4B788DE994AB,id=bcb704dc-2543-42a4-8762-cde039a55a99
2019-09-26 15:38:56,338 [RatisPipelineUtilsThread] INFO  pipeline.PipelineStateManager (PipelineStateManager.java:addPipeline(56)) - Created pipeline Pipeline[ Id: 8feeb460-75ee-4b25-a89c-4b788de994ab, Nodes: bcb704dc-2543-42a4-8762-cde039a55a99{ip: 192.168.151.99, host: pr-hdds-1569-g6sp5-2013761785, networkLocation: /default-rack, certSerialId: null}, Type:RATIS, Factor:ONE, State:OPEN]
2019-09-26 15:38:56,342 [grpc-default-executor-0] INFO  impl.RaftServerProxy (RaftServerProxy.java:addNew(89)) - bcb704dc-2543-42a4-8762-cde039a55a99: addNew group-91004EC9A14A:[bcb704dc-2543-42a4-8762-cde039a55a99:192.168.151.99:43663] returns group-91004EC9A14A:java.util.concurrent.CompletableFuture@b88650c[Not completed]
2019-09-26 15:38:56,343 [pool-123-thread-1] INFO  impl.RaftServerImpl (RaftServerImpl.java:<init>(95)) - bcb704dc-2543-42a4-8762-cde039a55a99: new RaftServerImpl for group-91004EC9A14A:[bcb704dc-2543-42a4-8762-cde039a55a99:192.168.151.99:43663] with ContainerStateMachine:uninitialized
2019-09-26 15:38:56,343 [pool-123-thread-1] INFO  server.RaftServerConfigKeys (ConfUtils.java:logGet(43)) - raft.server.rpc.timeout.min = 5s (custom)
2019-09-26 15:38:56,343 [pool-123-thread-1] INFO  server.RaftServerConfigKeys (ConfUtils.java:logGet(43)) - raft.server.rpc.timeout.max = 5200ms (custom)
2019-09-26 15:38:56,343 [pool-123-thread-1] INFO  server.RaftServerConfigKeys (ConfUtils.java:logGet(43)) - raft.server.rpcslowness.timeout = 120s (custom)
2019-09-26 15:38:56,343 [pool-123-thread-1] INFO  server.RaftServerConfigKeys (ConfUtils.java:logGet(43)) - raft.server.sleep.deviation.threshold = 300 (default)
2019-09-26 15:38:56,343 [pool-123-thread-1] INFO  server.RaftServerConfigKeys (ConfUtils.java:logGet(43)) - raft.server.log.appender.install.snapshot.enabled = false (custom)
2019-09-26 15:38:56,343 [pool-123-thread-1] INFO  impl.RaftServerImpl (ServerState.java:<init>(103)) - bcb704dc-2543-42a4-8762-cde039a55a99@group-91004EC9A14A: ConfigurationManager, init=-1: [bcb704dc-2543-42a4-8762-cde039a55a99:192.168.151.99:43663], old=null, confs=<EMPTY_MAP>
2019-09-26 15:38:56,344 [pool-123-thread-1] INFO  server.RaftServerConfigKeys (ConfUtils.java:logGet(43)) - raft.server.storage.dir = [/workdir/hadoop-ozone/integration-test/target/test-dir/MiniOzoneClusterImpl-87962e32-e39f-4c57-b747-30c883c1cc54/datanode-0/data/ratis] (custom)
2019-09-26 15:38:56,344 [pool-123-thread-1] INFO  storage.RaftStorageDirectory (RaftStorageDirectory.java:analyzeStorage(246)) - The storage directory /workdir/hadoop-ozone/integration-test/target/test-dir/MiniOzoneClusterImpl-87962e32-e39f-4c57-b747-30c883c1cc54/datanode-0/data/ratis/42a31d56-68f8-4a2e-a384-91004ec9a14a does not exist. Creating ...
2019-09-26 15:38:56,348 [pool-123-thread-1] INFO  storage.RaftStorageDirectory (RaftStorageDirectory.java:tryLock(328)) - Lock on /workdir/hadoop-ozone/integration-test/target/test-dir/MiniOzoneClusterImpl-87962e32-e39f-4c57-b747-30c883c1cc54/datanode-0/data/ratis/42a31d56-68f8-4a2e-a384-91004ec9a14a/in_use.lock acquired by nodename 10626@pr-hdds-1569-g6sp5-2013761785
2019-09-26 15:38:56,351 [pool-123-thread-1] INFO  storage.RaftStorage (RaftStorage.java:format(72)) - Storage directory /workdir/hadoop-ozone/integration-test/target/test-dir/MiniOzoneClusterImpl-87962e32-e39f-4c57-b747-30c883c1cc54/datanode-0/data/ratis/42a31d56-68f8-4a2e-a384-91004ec9a14a has been successfully formatted.
2019-09-26 15:38:56,351 [pool-123-thread-1] INFO  ratis.ContainerStateMachine (ContainerStateMachine.java:loadSnapshot(230)) - group-91004EC9A14A: The snapshot info is null. Setting the last applied indexto:(t:0, i:~)
2019-09-26 15:38:56,352 [pool-123-thread-1] INFO  server.RaftServerConfigKeys (ConfUtils.java:logGet(43)) - raft.server.notification.no-leader.timeout = 120s (custom)
2019-09-26 15:38:56,352 [pool-123-thread-1] INFO  server.RaftServerConfigKeys (ConfUtils.java:logGet(43)) - raft.server.log.use.memory = false (default)
2019-09-26 15:38:56,352 [pool-123-thread-1] INFO  server.RaftServerConfigKeys (ConfUtils.java:logGet(43)) - raft.server.log.purge.gap = 1000000 (custom)
2019-09-26 15:38:56,352 [pool-123-thread-1] INFO  server.RaftServerConfigKeys (ConfUtils.java:logGet(43)) - raft.server.log.appender.buffer.byte-limit = 33554432 (custom)
2019-09-26 15:38:56,352 [pool-123-thread-1] INFO  server.RaftServerConfigKeys (ConfUtils.java:logGet(43)) - raft.server.log.segment.size.max = 1048576 (custom)
2019-09-26 15:38:56,352 [pool-123-thread-1] INFO  server.RaftServerConfigKeys (ConfUtils.java:logGet(43)) - raft.server.log.segment.cache.num.max = 2 (custom)
2019-09-26 15:38:56,352 [pool-123-thread-1] INFO  segmented.SegmentedRaftLogWorker (SegmentedRaftLogWorker.java:<init>(172)) - new bcb704dc-2543-42a4-8762-cde039a55a99@group-91004EC9A14A-SegmentedRaftLogWorker for RaftStorage:Storage Directory /workdir/hadoop-ozone/integration-test/target/test-dir/MiniOzoneClusterImpl-87962e32-e39f-4c57-b747-30c883c1cc54/datanode-0/data/ratis/42a31d56-68f8-4a2e-a384-91004ec9a14a
2019-09-26 15:38:56,352 [pool-123-thread-1] INFO  server.RaftServerConfigKeys (ConfUtils.java:logGet(43)) - raft.server.log.queue.byte-limit = 2147483647 (custom)
2019-09-26 15:38:56,353 [pool-123-thread-1] INFO  server.RaftServerConfigKeys (ConfUtils.java:logGet(43)) - raft.server.log.queue.element-limit = 1024 (custom)
2019-09-26 15:38:56,353 [pool-123-thread-1] INFO  server.RaftServerConfigKeys (ConfUtils.java:logGet(43)) - raft.server.log.segment.size.max = 1048576 (custom)
2019-09-26 15:38:56,353 [pool-123-thread-1] INFO  server.RaftServerConfigKeys (ConfUtils.java:logGet(43)) - raft.server.log.preallocated.size = 16384 (custom)
2019-09-26 15:38:56,353 [pool-123-thread-1] INFO  server.RaftServerConfigKeys (ConfUtils.java:logGet(43)) - raft.server.log.write.buffer.size = 33554432 (custom)
2019-09-26 15:38:56,353 [pool-123-thread-1] INFO  server.RaftServerConfigKeys (ConfUtils.java:logGet(43)) - raft.server.log.force.sync.num = 128 (default)
2019-09-26 15:38:56,353 [pool-123-thread-1] INFO  server.RaftServerConfigKeys (ConfUtils.java:logGet(43)) - raft.server.log.statemachine.data.sync = true (default)
2019-09-26 15:38:56,353 [pool-123-thread-1] INFO  server.RaftServerConfigKeys (ConfUtils.java:logGet(43)) - raft.server.log.statemachine.data.sync.timeout = 10s (default)
2019-09-26 15:38:56,353 [pool-123-thread-1] INFO  server.RaftServerConfigKeys (ConfUtils.java:logGet(43)) - raft.server.log.statemachine.data.sync.timeout.retry = -1 (default)
2019-09-26 15:38:56,354 [pool-123-thread-1] INFO  server.RaftServerConfigKeys (ConfUtils.java:logGet(43)) - raft.server.log.statemachine.data.caching.enabled = true (custom)
2019-09-26 15:38:56,354 [pool-123-thread-1] INFO  segmented.SegmentedRaftLogWorker (SegmentedRaftLogWorker.java:lambda$new$0(132)) - bcb704dc-2543-42a4-8762-cde039a55a99@group-91004EC9A14A-SegmentedRaftLogWorker: flushIndex: setUnconditionally 0 -> -1
2019-09-26 15:38:56,354 [pool-123-thread-1] INFO  server.RaftServerConfigKeys (ConfUtils.java:logGet(43)) - raft.server.snapshot.auto.trigger.enabled = true (custom)
2019-09-26 15:38:56,354 [pool-123-thread-1] INFO  server.RaftServerConfigKeys (ConfUtils.java:logGet(43)) - raft.server.snapshot.auto.trigger.threshold = 10000 (custom)
2019-09-26 15:38:56,354 [pool-123-thread-1] INFO  server.RaftServerConfigKeys (ConfUtils.java:logGet(43)) - raft.server.snapshot.retention.num.files = 5 (custom)
2019-09-26 15:38:56,354 [pool-123-thread-1] INFO  server.RaftServerConfigKeys (ConfUtils.java:logGet(43)) - raft.server.retrycache.expirytime = 600000ms (custom)
2019-09-26 15:38:56,356 [pool-123-thread-1] INFO  impl.RaftServerImpl (RaftServerImpl.java:start(185)) - bcb704dc-2543-42a4-8762-cde039a55a99@group-91004EC9A14A: start as a follower, conf=-1: [bcb704dc-2543-42a4-8762-cde039a55a99:192.168.151.99:43663], old=null
2019-09-26 15:38:56,356 [pool-123-thread-1] INFO  impl.RaftServerImpl (RaftServerImpl.java:setRole(174)) - bcb704dc-2543-42a4-8762-cde039a55a99@group-91004EC9A14A: changes role from      null to FOLLOWER at term 0 for startAsFollower
2019-09-26 15:38:56,356 [pool-123-thread-1] INFO  impl.RoleInfo (RoleInfo.java:updateAndGet(143)) - bcb704dc-2543-42a4-8762-cde039a55a99: start FollowerState
2019-09-26 15:38:56,356 [pool-123-thread-1] INFO  util.JmxRegister (JmxRegister.java:tryRegister(44)) - Successfully registered JMX Bean with object name Ratis:service=RaftServer,group=group-91004EC9A14A,id=bcb704dc-2543-42a4-8762-cde039a55a99
2019-09-26 15:38:56,358 [RatisPipelineUtilsThread] INFO  pipeline.PipelineStateManager (PipelineStateManager.java:addPipeline(56)) - Created pipeline Pipeline[ Id: 42a31d56-68f8-4a2e-a384-91004ec9a14a, Nodes: bcb704dc-2543-42a4-8762-cde039a55a99{ip: 192.168.151.99, host: pr-hdds-1569-g6sp5-2013761785, networkLocation: /default-rack, certSerialId: null}, Type:RATIS, Factor:ONE, State:OPEN]
2019-09-26 15:38:56,362 [grpc-default-executor-0] INFO  impl.RaftServerProxy (RaftServerProxy.java:addNew(89)) - bcb704dc-2543-42a4-8762-cde039a55a99: addNew group-B25BEBFA3DA3:[bcb704dc-2543-42a4-8762-cde039a55a99:192.168.151.99:43663] returns group-B25BEBFA3DA3:java.util.concurrent.CompletableFuture@427a8ec0[Not completed]
2019-09-26 15:38:56,362 [pool-123-thread-1] INFO  impl.RaftServerImpl (RaftServerImpl.java:<init>(95)) - bcb704dc-2543-42a4-8762-cde039a55a99: new RaftServerImpl for group-B25BEBFA3DA3:[bcb704dc-2543-42a4-8762-cde039a55a99:192.168.151.99:43663] with ContainerStateMachine:uninitialized
2019-09-26 15:38:56,363 [pool-123-thread-1] INFO  server.RaftServerConfigKeys (ConfUtils.java:logGet(43)) - raft.server.rpc.timeout.min = 5s (custom)
2019-09-26 15:38:56,363 [pool-123-thread-1] INFO  server.RaftServerConfigKeys (ConfUtils.java:logGet(43)) - raft.server.rpc.timeout.max = 5200ms (custom)
2019-09-26 15:38:56,363 [pool-123-thread-1] INFO  server.RaftServerConfigKeys (ConfUtils.java:logGet(43)) - raft.server.rpcslowness.timeout = 120s (custom)
2019-09-26 15:38:56,363 [pool-123-thread-1] INFO  server.RaftServerConfigKeys (ConfUtils.java:logGet(43)) - raft.server.sleep.deviation.threshold = 300 (default)
2019-09-26 15:38:56,363 [pool-123-thread-1] INFO  server.RaftServerConfigKeys (ConfUtils.java:logGet(43)) - raft.server.log.appender.install.snapshot.enabled = false (custom)
2019-09-26 15:38:56,363 [pool-123-thread-1] INFO  impl.RaftServerImpl (ServerState.java:<init>(103)) - bcb704dc-2543-42a4-8762-cde039a55a99@group-B25BEBFA3DA3: ConfigurationManager, init=-1: [bcb704dc-2543-42a4-8762-cde039a55a99:192.168.151.99:43663], old=null, confs=<EMPTY_MAP>
2019-09-26 15:38:56,363 [pool-123-thread-1] INFO  server.RaftServerConfigKeys (ConfUtils.java:logGet(43)) - raft.server.storage.dir = [/workdir/hadoop-ozone/integration-test/target/test-dir/MiniOzoneClusterImpl-87962e32-e39f-4c57-b747-30c883c1cc54/datanode-0/data/ratis] (custom)
2019-09-26 15:38:56,364 [pool-123-thread-1] INFO  storage.RaftStorageDirectory (RaftStorageDirectory.java:analyzeStorage(246)) - The storage directory /workdir/hadoop-ozone/integration-test/target/test-dir/MiniOzoneClusterImpl-87962e32-e39f-4c57-b747-30c883c1cc54/datanode-0/data/ratis/71525eea-7462-4d22-bb6b-b25bebfa3da3 does not exist. Creating ...
2019-09-26 15:38:56,377 [pool-123-thread-1] INFO  storage.RaftStorageDirectory (RaftStorageDirectory.java:tryLock(328)) - Lock on /workdir/hadoop-ozone/integration-test/target/test-dir/MiniOzoneClusterImpl-87962e32-e39f-4c57-b747-30c883c1cc54/datanode-0/data/ratis/71525eea-7462-4d22-bb6b-b25bebfa3da3/in_use.lock acquired by nodename 10626@pr-hdds-1569-g6sp5-2013761785
2019-09-26 15:38:56,390 [pool-123-thread-1] INFO  storage.RaftStorage (RaftStorage.java:format(72)) - Storage directory /workdir/hadoop-ozone/integration-test/target/test-dir/MiniOzoneClusterImpl-87962e32-e39f-4c57-b747-30c883c1cc54/datanode-0/data/ratis/71525eea-7462-4d22-bb6b-b25bebfa3da3 has been successfully formatted.
2019-09-26 15:38:56,391 [pool-123-thread-1] INFO  ratis.ContainerStateMachine (ContainerStateMachine.java:loadSnapshot(230)) - group-B25BEBFA3DA3: The snapshot info is null. Setting the last applied indexto:(t:0, i:~)
2019-09-26 15:38:56,391 [pool-123-thread-1] INFO  server.RaftServerConfigKeys (ConfUtils.java:logGet(43)) - raft.server.notification.no-leader.timeout = 120s (custom)
2019-09-26 15:38:56,391 [pool-123-thread-1] INFO  server.RaftServerConfigKeys (ConfUtils.java:logGet(43)) - raft.server.log.use.memory = false (default)
2019-09-26 15:38:56,391 [pool-123-thread-1] INFO  server.RaftServerConfigKeys (ConfUtils.java:logGet(43)) - raft.server.log.purge.gap = 1000000 (custom)
2019-09-26 15:38:56,391 [pool-123-thread-1] INFO  server.RaftServerConfigKeys (ConfUtils.java:logGet(43)) - raft.server.log.appender.buffer.byte-limit = 33554432 (custom)
2019-09-26 15:38:56,391 [pool-123-thread-1] INFO  server.RaftServerConfigKeys (ConfUtils.java:logGet(43)) - raft.server.log.segment.size.max = 1048576 (custom)
2019-09-26 15:38:56,391 [pool-123-thread-1] INFO  server.RaftServerConfigKeys (ConfUtils.java:logGet(43)) - raft.server.log.segment.cache.num.max = 2 (custom)
2019-09-26 15:38:56,391 [pool-123-thread-1] INFO  segmented.SegmentedRaftLogWorker (SegmentedRaftLogWorker.java:<init>(172)) - new bcb704dc-2543-42a4-8762-cde039a55a99@group-B25BEBFA3DA3-SegmentedRaftLogWorker for RaftStorage:Storage Directory /workdir/hadoop-ozone/integration-test/target/test-dir/MiniOzoneClusterImpl-87962e32-e39f-4c57-b747-30c883c1cc54/datanode-0/data/ratis/71525eea-7462-4d22-bb6b-b25bebfa3da3
2019-09-26 15:38:56,391 [pool-123-thread-1] INFO  server.RaftServerConfigKeys (ConfUtils.java:logGet(43)) - raft.server.log.queue.byte-limit = 2147483647 (custom)
2019-09-26 15:38:56,391 [pool-123-thread-1] INFO  server.RaftServerConfigKeys (ConfUtils.java:logGet(43)) - raft.server.log.queue.element-limit = 1024 (custom)
2019-09-26 15:38:56,392 [pool-123-thread-1] INFO  server.RaftServerConfigKeys (ConfUtils.java:logGet(43)) - raft.server.log.segment.size.max = 1048576 (custom)
2019-09-26 15:38:56,392 [pool-123-thread-1] INFO  server.RaftServerConfigKeys (ConfUtils.java:logGet(43)) - raft.server.log.preallocated.size = 16384 (custom)
2019-09-26 15:38:56,392 [pool-123-thread-1] INFO  server.RaftServerConfigKeys (ConfUtils.java:logGet(43)) - raft.server.log.write.buffer.size = 33554432 (custom)
2019-09-26 15:38:56,392 [pool-123-thread-1] INFO  server.RaftServerConfigKeys (ConfUtils.java:logGet(43)) - raft.server.log.force.sync.num = 128 (default)
2019-09-26 15:38:56,392 [pool-123-thread-1] INFO  server.RaftServerConfigKeys (ConfUtils.java:logGet(43)) - raft.server.log.statemachine.data.sync = true (default)
2019-09-26 15:38:56,392 [pool-123-thread-1] INFO  server.RaftServerConfigKeys (ConfUtils.java:logGet(43)) - raft.server.log.statemachine.data.sync.timeout = 10s (default)
2019-09-26 15:38:56,392 [pool-123-thread-1] INFO  server.RaftServerConfigKeys (ConfUtils.java:logGet(43)) - raft.server.log.statemachine.data.sync.timeout.retry = -1 (default)
2019-09-26 15:38:56,392 [pool-123-thread-1] INFO  server.RaftServerConfigKeys (ConfUtils.java:logGet(43)) - raft.server.log.statemachine.data.caching.enabled = true (custom)
2019-09-26 15:38:56,393 [pool-123-thread-1] INFO  segmented.SegmentedRaftLogWorker (SegmentedRaftLogWorker.java:lambda$new$0(132)) - bcb704dc-2543-42a4-8762-cde039a55a99@group-B25BEBFA3DA3-SegmentedRaftLogWorker: flushIndex: setUnconditionally 0 -> -1
2019-09-26 15:38:56,393 [pool-123-thread-1] INFO  server.RaftServerConfigKeys (ConfUtils.java:logGet(43)) - raft.server.snapshot.auto.trigger.enabled = true (custom)
2019-09-26 15:38:56,393 [pool-123-thread-1] INFO  server.RaftServerConfigKeys (ConfUtils.java:logGet(43)) - raft.server.snapshot.auto.trigger.threshold = 10000 (custom)
2019-09-26 15:38:56,393 [pool-123-thread-1] INFO  server.RaftServerConfigKeys (ConfUtils.java:logGet(43)) - raft.server.snapshot.retention.num.files = 5 (custom)
2019-09-26 15:38:56,393 [pool-123-thread-1] INFO  server.RaftServerConfigKeys (ConfUtils.java:logGet(43)) - raft.server.retrycache.expirytime = 600000ms (custom)
2019-09-26 15:38:56,394 [pool-123-thread-1] INFO  impl.RaftServerImpl (RaftServerImpl.java:start(185)) - bcb704dc-2543-42a4-8762-cde039a55a99@group-B25BEBFA3DA3: start as a follower, conf=-1: [bcb704dc-2543-42a4-8762-cde039a55a99:192.168.151.99:43663], old=null
2019-09-26 15:38:56,394 [pool-123-thread-1] INFO  impl.RaftServerImpl (RaftServerImpl.java:setRole(174)) - bcb704dc-2543-42a4-8762-cde039a55a99@group-B25BEBFA3DA3: changes role from      null to FOLLOWER at term 0 for startAsFollower
2019-09-26 15:38:56,394 [pool-123-thread-1] INFO  impl.RoleInfo (RoleInfo.java:updateAndGet(143)) - bcb704dc-2543-42a4-8762-cde039a55a99: start FollowerState
2019-09-26 15:38:56,395 [pool-123-thread-1] INFO  util.JmxRegister (JmxRegister.java:tryRegister(44)) - Successfully registered JMX Bean with object name Ratis:service=RaftServer,group=group-B25BEBFA3DA3,id=bcb704dc-2543-42a4-8762-cde039a55a99
2019-09-26 15:38:56,397 [RatisPipelineUtilsThread] INFO  pipeline.PipelineStateManager (PipelineStateManager.java:addPipeline(56)) - Created pipeline Pipeline[ Id: 71525eea-7462-4d22-bb6b-b25bebfa3da3, Nodes: bcb704dc-2543-42a4-8762-cde039a55a99{ip: 192.168.151.99, host: pr-hdds-1569-g6sp5-2013761785, networkLocation: /default-rack, certSerialId: null}, Type:RATIS, Factor:ONE, State:OPEN]
2019-09-26 15:38:56,401 [grpc-default-executor-0] INFO  impl.RaftServerProxy (RaftServerProxy.java:addNew(89)) - bcb704dc-2543-42a4-8762-cde039a55a99: addNew group-CD5767121D26:[bcb704dc-2543-42a4-8762-cde039a55a99:192.168.151.99:43663] returns group-CD5767121D26:java.util.concurrent.CompletableFuture@3a60cc43[Not completed]
2019-09-26 15:38:56,401 [pool-123-thread-1] INFO  impl.RaftServerImpl (RaftServerImpl.java:<init>(95)) - bcb704dc-2543-42a4-8762-cde039a55a99: new RaftServerImpl for group-CD5767121D26:[bcb704dc-2543-42a4-8762-cde039a55a99:192.168.151.99:43663] with ContainerStateMachine:uninitialized
2019-09-26 15:38:56,401 [pool-123-thread-1] INFO  server.RaftServerConfigKeys (ConfUtils.java:logGet(43)) - raft.server.rpc.timeout.min = 5s (custom)
2019-09-26 15:38:56,401 [pool-123-thread-1] INFO  server.RaftServerConfigKeys (ConfUtils.java:logGet(43)) - raft.server.rpc.timeout.max = 5200ms (custom)
2019-09-26 15:38:56,401 [pool-123-thread-1] INFO  server.RaftServerConfigKeys (ConfUtils.java:logGet(43)) - raft.server.rpcslowness.timeout = 120s (custom)
2019-09-26 15:38:56,401 [pool-123-thread-1] INFO  server.RaftServerConfigKeys (ConfUtils.java:logGet(43)) - raft.server.sleep.deviation.threshold = 300 (default)
2019-09-26 15:38:56,402 [pool-123-thread-1] INFO  server.RaftServerConfigKeys (ConfUtils.java:logGet(43)) - raft.server.log.appender.install.snapshot.enabled = false (custom)
2019-09-26 15:38:56,402 [pool-123-thread-1] INFO  impl.RaftServerImpl (ServerState.java:<init>(103)) - bcb704dc-2543-42a4-8762-cde039a55a99@group-CD5767121D26: ConfigurationManager, init=-1: [bcb704dc-2543-42a4-8762-cde039a55a99:192.168.151.99:43663], old=null, confs=<EMPTY_MAP>
2019-09-26 15:38:56,402 [pool-123-thread-1] INFO  server.RaftServerConfigKeys (ConfUtils.java:logGet(43)) - raft.server.storage.dir = [/workdir/hadoop-ozone/integration-test/target/test-dir/MiniOzoneClusterImpl-87962e32-e39f-4c57-b747-30c883c1cc54/datanode-0/data/ratis] (custom)
2019-09-26 15:38:56,402 [pool-123-thread-1] INFO  storage.RaftStorageDirectory (RaftStorageDirectory.java:analyzeStorage(246)) - The storage directory /workdir/hadoop-ozone/integration-test/target/test-dir/MiniOzoneClusterImpl-87962e32-e39f-4c57-b747-30c883c1cc54/datanode-0/data/ratis/e12c5e77-9b57-4893-b88e-cd5767121d26 does not exist. Creating ...
2019-09-26 15:38:56,407 [pool-123-thread-1] INFO  storage.RaftStorageDirectory (RaftStorageDirectory.java:tryLock(328)) - Lock on /workdir/hadoop-ozone/integration-test/target/test-dir/MiniOzoneClusterImpl-87962e32-e39f-4c57-b747-30c883c1cc54/datanode-0/data/ratis/e12c5e77-9b57-4893-b88e-cd5767121d26/in_use.lock acquired by nodename 10626@pr-hdds-1569-g6sp5-2013761785
2019-09-26 15:38:56,420 [pool-123-thread-1] INFO  storage.RaftStorage (RaftStorage.java:format(72)) - Storage directory /workdir/hadoop-ozone/integration-test/target/test-dir/MiniOzoneClusterImpl-87962e32-e39f-4c57-b747-30c883c1cc54/datanode-0/data/ratis/e12c5e77-9b57-4893-b88e-cd5767121d26 has been successfully formatted.
2019-09-26 15:38:56,420 [pool-123-thread-1] INFO  ratis.ContainerStateMachine (ContainerStateMachine.java:loadSnapshot(230)) - group-CD5767121D26: The snapshot info is null. Setting the last applied indexto:(t:0, i:~)
2019-09-26 15:38:56,420 [pool-123-thread-1] INFO  server.RaftServerConfigKeys (ConfUtils.java:logGet(43)) - raft.server.notification.no-leader.timeout = 120s (custom)
2019-09-26 15:38:56,420 [pool-123-thread-1] INFO  server.RaftServerConfigKeys (ConfUtils.java:logGet(43)) - raft.server.log.use.memory = false (default)
2019-09-26 15:38:56,421 [pool-123-thread-1] INFO  server.RaftServerConfigKeys (ConfUtils.java:logGet(43)) - raft.server.log.purge.gap = 1000000 (custom)
2019-09-26 15:38:56,421 [pool-123-thread-1] INFO  server.RaftServerConfigKeys (ConfUtils.java:logGet(43)) - raft.server.log.appender.buffer.byte-limit = 33554432 (custom)
2019-09-26 15:38:56,421 [pool-123-thread-1] INFO  server.RaftServerConfigKeys (ConfUtils.java:logGet(43)) - raft.server.log.segment.size.max = 1048576 (custom)
2019-09-26 15:38:56,421 [pool-123-thread-1] INFO  server.RaftServerConfigKeys (ConfUtils.java:logGet(43)) - raft.server.log.segment.cache.num.max = 2 (custom)
2019-09-26 15:38:56,421 [pool-123-thread-1] INFO  segmented.SegmentedRaftLogWorker (SegmentedRaftLogWorker.java:<init>(172)) - new bcb704dc-2543-42a4-8762-cde039a55a99@group-CD5767121D26-SegmentedRaftLogWorker for RaftStorage:Storage Directory /workdir/hadoop-ozone/integration-test/target/test-dir/MiniOzoneClusterImpl-87962e32-e39f-4c57-b747-30c883c1cc54/datanode-0/data/ratis/e12c5e77-9b57-4893-b88e-cd5767121d26
2019-09-26 15:38:56,421 [pool-123-thread-1] INFO  server.RaftServerConfigKeys (ConfUtils.java:logGet(43)) - raft.server.log.queue.byte-limit = 2147483647 (custom)
2019-09-26 15:38:56,421 [pool-123-thread-1] INFO  server.RaftServerConfigKeys (ConfUtils.java:logGet(43)) - raft.server.log.queue.element-limit = 1024 (custom)
2019-09-26 15:38:56,421 [pool-123-thread-1] INFO  server.RaftServerConfigKeys (ConfUtils.java:logGet(43)) - raft.server.log.segment.size.max = 1048576 (custom)
2019-09-26 15:38:56,422 [pool-123-thread-1] INFO  server.RaftServerConfigKeys (ConfUtils.java:logGet(43)) - raft.server.log.preallocated.size = 16384 (custom)
2019-09-26 15:38:56,422 [pool-123-thread-1] INFO  server.RaftServerConfigKeys (ConfUtils.java:logGet(43)) - raft.server.log.write.buffer.size = 33554432 (custom)
2019-09-26 15:38:56,422 [pool-123-thread-1] INFO  server.RaftServerConfigKeys (ConfUtils.java:logGet(43)) - raft.server.log.force.sync.num = 128 (default)
2019-09-26 15:38:56,422 [pool-123-thread-1] INFO  server.RaftServerConfigKeys (ConfUtils.java:logGet(43)) - raft.server.log.statemachine.data.sync = true (default)
2019-09-26 15:38:56,422 [pool-123-thread-1] INFO  server.RaftServerConfigKeys (ConfUtils.java:logGet(43)) - raft.server.log.statemachine.data.sync.timeout = 10s (default)
2019-09-26 15:38:56,422 [pool-123-thread-1] INFO  server.RaftServerConfigKeys (ConfUtils.java:logGet(43)) - raft.server.log.statemachine.data.sync.timeout.retry = -1 (default)
2019-09-26 15:38:56,422 [pool-123-thread-1] INFO  server.RaftServerConfigKeys (ConfUtils.java:logGet(43)) - raft.server.log.statemachine.data.caching.enabled = true (custom)
2019-09-26 15:38:56,423 [pool-123-thread-1] INFO  segmented.SegmentedRaftLogWorker (SegmentedRaftLogWorker.java:lambda$new$0(132)) - bcb704dc-2543-42a4-8762-cde039a55a99@group-CD5767121D26-SegmentedRaftLogWorker: flushIndex: setUnconditionally 0 -> -1
2019-09-26 15:38:56,423 [pool-123-thread-1] INFO  server.RaftServerConfigKeys (ConfUtils.java:logGet(43)) - raft.server.snapshot.auto.trigger.enabled = true (custom)
2019-09-26 15:38:56,423 [pool-123-thread-1] INFO  server.RaftServerConfigKeys (ConfUtils.java:logGet(43)) - raft.server.snapshot.auto.trigger.threshold = 10000 (custom)
2019-09-26 15:38:56,423 [pool-123-thread-1] INFO  server.RaftServerConfigKeys (ConfUtils.java:logGet(43)) - raft.server.snapshot.retention.num.files = 5 (custom)
2019-09-26 15:38:56,423 [pool-123-thread-1] INFO  server.RaftServerConfigKeys (ConfUtils.java:logGet(43)) - raft.server.retrycache.expirytime = 600000ms (custom)
2019-09-26 15:38:56,424 [pool-123-thread-1] INFO  impl.RaftServerImpl (RaftServerImpl.java:start(185)) - bcb704dc-2543-42a4-8762-cde039a55a99@group-CD5767121D26: start as a follower, conf=-1: [bcb704dc-2543-42a4-8762-cde039a55a99:192.168.151.99:43663], old=null
2019-09-26 15:38:56,424 [pool-123-thread-1] INFO  impl.RaftServerImpl (RaftServerImpl.java:setRole(174)) - bcb704dc-2543-42a4-8762-cde039a55a99@group-CD5767121D26: changes role from      null to FOLLOWER at term 0 for startAsFollower
2019-09-26 15:38:56,424 [pool-123-thread-1] INFO  impl.RoleInfo (RoleInfo.java:updateAndGet(143)) - bcb704dc-2543-42a4-8762-cde039a55a99: start FollowerState
2019-09-26 15:38:56,425 [pool-123-thread-1] INFO  util.JmxRegister (JmxRegister.java:tryRegister(44)) - Successfully registered JMX Bean with object name Ratis:service=RaftServer,group=group-CD5767121D26,id=bcb704dc-2543-42a4-8762-cde039a55a99
2019-09-26 15:38:56,427 [RatisPipelineUtilsThread] INFO  pipeline.PipelineStateManager (PipelineStateManager.java:addPipeline(56)) - Created pipeline Pipeline[ Id: e12c5e77-9b57-4893-b88e-cd5767121d26, Nodes: bcb704dc-2543-42a4-8762-cde039a55a99{ip: 192.168.151.99, host: pr-hdds-1569-g6sp5-2013761785, networkLocation: /default-rack, certSerialId: null}, Type:RATIS, Factor:ONE, State:OPEN]
2019-09-26 15:38:56,446 [Thread-1797] INFO  container.ReplicationManager (ReplicationManager.java:start(163)) - Starting Replication Monitor Thread.
2019-09-26 15:38:56,451 [ReplicationMonitor] INFO  container.ReplicationManager (ReplicationManager.java:run(226)) - Replication Monitor Thread took 0 milliseconds for processing 0 containers.
2019-09-26 15:38:56,452 [grpc-default-executor-0] INFO  impl.RaftServerProxy (RaftServerProxy.java:addNew(89)) - bcb704dc-2543-42a4-8762-cde039a55a99: addNew group-BA70793E3DE7:[bcb704dc-2543-42a4-8762-cde039a55a99:192.168.151.99:43663] returns group-BA70793E3DE7:java.util.concurrent.CompletableFuture@3dd0835a[Not completed]
2019-09-26 15:38:56,452 [pool-123-thread-1] INFO  impl.RaftServerImpl (RaftServerImpl.java:<init>(95)) - bcb704dc-2543-42a4-8762-cde039a55a99: new RaftServerImpl for group-BA70793E3DE7:[bcb704dc-2543-42a4-8762-cde039a55a99:192.168.151.99:43663] with ContainerStateMachine:uninitialized
2019-09-26 15:38:56,452 [pool-123-thread-1] INFO  server.RaftServerConfigKeys (ConfUtils.java:logGet(43)) - raft.server.rpc.timeout.min = 5s (custom)
2019-09-26 15:38:56,453 [pool-123-thread-1] INFO  server.RaftServerConfigKeys (ConfUtils.java:logGet(43)) - raft.server.rpc.timeout.max = 5200ms (custom)
2019-09-26 15:38:56,453 [pool-123-thread-1] INFO  server.RaftServerConfigKeys (ConfUtils.java:logGet(43)) - raft.server.rpcslowness.timeout = 120s (custom)
2019-09-26 15:38:56,453 [pool-123-thread-1] INFO  server.RaftServerConfigKeys (ConfUtils.java:logGet(43)) - raft.server.sleep.deviation.threshold = 300 (default)
2019-09-26 15:38:56,453 [pool-123-thread-1] INFO  server.RaftServerConfigKeys (ConfUtils.java:logGet(43)) - raft.server.log.appender.install.snapshot.enabled = false (custom)
2019-09-26 15:38:56,453 [pool-123-thread-1] INFO  impl.RaftServerImpl (ServerState.java:<init>(103)) - bcb704dc-2543-42a4-8762-cde039a55a99@group-BA70793E3DE7: ConfigurationManager, init=-1: [bcb704dc-2543-42a4-8762-cde039a55a99:192.168.151.99:43663], old=null, confs=<EMPTY_MAP>
2019-09-26 15:38:56,453 [pool-123-thread-1] INFO  server.RaftServerConfigKeys (ConfUtils.java:logGet(43)) - raft.server.storage.dir = [/workdir/hadoop-ozone/integration-test/target/test-dir/MiniOzoneClusterImpl-87962e32-e39f-4c57-b747-30c883c1cc54/datanode-0/data/ratis] (custom)
2019-09-26 15:38:56,453 [pool-123-thread-1] INFO  storage.RaftStorageDirectory (RaftStorageDirectory.java:analyzeStorage(246)) - The storage directory /workdir/hadoop-ozone/integration-test/target/test-dir/MiniOzoneClusterImpl-87962e32-e39f-4c57-b747-30c883c1cc54/datanode-0/data/ratis/5db00e10-aec7-4e44-9464-ba70793e3de7 does not exist. Creating ...
2019-09-26 15:38:56,467 [pool-123-thread-1] INFO  storage.RaftStorageDirectory (RaftStorageDirectory.java:tryLock(328)) - Lock on /workdir/hadoop-ozone/integration-test/target/test-dir/MiniOzoneClusterImpl-87962e32-e39f-4c57-b747-30c883c1cc54/datanode-0/data/ratis/5db00e10-aec7-4e44-9464-ba70793e3de7/in_use.lock acquired by nodename 10626@pr-hdds-1569-g6sp5-2013761785
2019-09-26 15:38:56,480 [pool-123-thread-1] INFO  storage.RaftStorage (RaftStorage.java:format(72)) - Storage directory /workdir/hadoop-ozone/integration-test/target/test-dir/MiniOzoneClusterImpl-87962e32-e39f-4c57-b747-30c883c1cc54/datanode-0/data/ratis/5db00e10-aec7-4e44-9464-ba70793e3de7 has been successfully formatted.
2019-09-26 15:38:56,480 [pool-123-thread-1] INFO  ratis.ContainerStateMachine (ContainerStateMachine.java:loadSnapshot(230)) - group-BA70793E3DE7: The snapshot info is null. Setting the last applied indexto:(t:0, i:~)
2019-09-26 15:38:56,480 [pool-123-thread-1] INFO  server.RaftServerConfigKeys (ConfUtils.java:logGet(43)) - raft.server.notification.no-leader.timeout = 120s (custom)
2019-09-26 15:38:56,480 [pool-123-thread-1] INFO  server.RaftServerConfigKeys (ConfUtils.java:logGet(43)) - raft.server.log.use.memory = false (default)
2019-09-26 15:38:56,480 [pool-123-thread-1] INFO  server.RaftServerConfigKeys (ConfUtils.java:logGet(43)) - raft.server.log.purge.gap = 1000000 (custom)
2019-09-26 15:38:56,480 [pool-123-thread-1] INFO  server.RaftServerConfigKeys (ConfUtils.java:logGet(43)) - raft.server.log.appender.buffer.byte-limit = 33554432 (custom)
2019-09-26 15:38:56,480 [pool-123-thread-1] INFO  server.RaftServerConfigKeys (ConfUtils.java:logGet(43)) - raft.server.log.segment.size.max = 1048576 (custom)
2019-09-26 15:38:56,481 [pool-123-thread-1] INFO  server.RaftServerConfigKeys (ConfUtils.java:logGet(43)) - raft.server.log.segment.cache.num.max = 2 (custom)
2019-09-26 15:38:56,481 [pool-123-thread-1] INFO  segmented.SegmentedRaftLogWorker (SegmentedRaftLogWorker.java:<init>(172)) - new bcb704dc-2543-42a4-8762-cde039a55a99@group-BA70793E3DE7-SegmentedRaftLogWorker for RaftStorage:Storage Directory /workdir/hadoop-ozone/integration-test/target/test-dir/MiniOzoneClusterImpl-87962e32-e39f-4c57-b747-30c883c1cc54/datanode-0/data/ratis/5db00e10-aec7-4e44-9464-ba70793e3de7
2019-09-26 15:38:56,481 [pool-123-thread-1] INFO  server.RaftServerConfigKeys (ConfUtils.java:logGet(43)) - raft.server.log.queue.byte-limit = 2147483647 (custom)
2019-09-26 15:38:56,481 [pool-123-thread-1] INFO  server.RaftServerConfigKeys (ConfUtils.java:logGet(43)) - raft.server.log.queue.element-limit = 1024 (custom)
2019-09-26 15:38:56,481 [pool-123-thread-1] INFO  server.RaftServerConfigKeys (ConfUtils.java:logGet(43)) - raft.server.log.segment.size.max = 1048576 (custom)
2019-09-26 15:38:56,481 [pool-123-thread-1] INFO  server.RaftServerConfigKeys (ConfUtils.java:logGet(43)) - raft.server.log.preallocated.size = 16384 (custom)
2019-09-26 15:38:56,481 [pool-123-thread-1] INFO  server.RaftServerConfigKeys (ConfUtils.java:logGet(43)) - raft.server.log.write.buffer.size = 33554432 (custom)
2019-09-26 15:38:56,481 [pool-123-thread-1] INFO  server.RaftServerConfigKeys (ConfUtils.java:logGet(43)) - raft.server.log.force.sync.num = 128 (default)
2019-09-26 15:38:56,481 [pool-123-thread-1] INFO  server.RaftServerConfigKeys (ConfUtils.java:logGet(43)) - raft.server.log.statemachine.data.sync = true (default)
2019-09-26 15:38:56,481 [pool-123-thread-1] INFO  server.RaftServerConfigKeys (ConfUtils.java:logGet(43)) - raft.server.log.statemachine.data.sync.timeout = 10s (default)
2019-09-26 15:38:56,481 [pool-123-thread-1] INFO  server.RaftServerConfigKeys (ConfUtils.java:logGet(43)) - raft.server.log.statemachine.data.sync.timeout.retry = -1 (default)
2019-09-26 15:38:56,481 [pool-123-thread-1] INFO  server.RaftServerConfigKeys (ConfUtils.java:logGet(43)) - raft.server.log.statemachine.data.caching.enabled = true (custom)
2019-09-26 15:38:56,482 [pool-123-thread-1] INFO  segmented.SegmentedRaftLogWorker (SegmentedRaftLogWorker.java:lambda$new$0(132)) - bcb704dc-2543-42a4-8762-cde039a55a99@group-BA70793E3DE7-SegmentedRaftLogWorker: flushIndex: setUnconditionally 0 -> -1
2019-09-26 15:38:56,482 [pool-123-thread-1] INFO  server.RaftServerConfigKeys (ConfUtils.java:logGet(43)) - raft.server.snapshot.auto.trigger.enabled = true (custom)
2019-09-26 15:38:56,482 [pool-123-thread-1] INFO  server.RaftServerConfigKeys (ConfUtils.java:logGet(43)) - raft.server.snapshot.auto.trigger.threshold = 10000 (custom)
2019-09-26 15:38:56,482 [pool-123-thread-1] INFO  server.RaftServerConfigKeys (ConfUtils.java:logGet(43)) - raft.server.snapshot.retention.num.files = 5 (custom)
2019-09-26 15:38:56,482 [pool-123-thread-1] INFO  server.RaftServerConfigKeys (ConfUtils.java:logGet(43)) - raft.server.retrycache.expirytime = 600000ms (custom)
2019-09-26 15:38:56,483 [pool-123-thread-1] INFO  impl.RaftServerImpl (RaftServerImpl.java:start(185)) - bcb704dc-2543-42a4-8762-cde039a55a99@group-BA70793E3DE7: start as a follower, conf=-1: [bcb704dc-2543-42a4-8762-cde039a55a99:192.168.151.99:43663], old=null
2019-09-26 15:38:56,483 [pool-123-thread-1] INFO  impl.RaftServerImpl (RaftServerImpl.java:setRole(174)) - bcb704dc-2543-42a4-8762-cde039a55a99@group-BA70793E3DE7: changes role from      null to FOLLOWER at term 0 for startAsFollower
2019-09-26 15:38:56,483 [pool-123-thread-1] INFO  impl.RoleInfo (RoleInfo.java:updateAndGet(143)) - bcb704dc-2543-42a4-8762-cde039a55a99: start FollowerState
2019-09-26 15:38:56,484 [pool-123-thread-1] INFO  util.JmxRegister (JmxRegister.java:tryRegister(44)) - Successfully registered JMX Bean with object name Ratis:service=RaftServer,group=group-BA70793E3DE7,id=bcb704dc-2543-42a4-8762-cde039a55a99
2019-09-26 15:38:56,486 [RatisPipelineUtilsThread] INFO  pipeline.PipelineStateManager (PipelineStateManager.java:addPipeline(56)) - Created pipeline Pipeline[ Id: 5db00e10-aec7-4e44-9464-ba70793e3de7, Nodes: bcb704dc-2543-42a4-8762-cde039a55a99{ip: 192.168.151.99, host: pr-hdds-1569-g6sp5-2013761785, networkLocation: /default-rack, certSerialId: null}, Type:RATIS, Factor:ONE, State:OPEN]
2019-09-26 15:38:56,489 [grpc-default-executor-0] INFO  impl.RaftServerProxy (RaftServerProxy.java:addNew(89)) - bcb704dc-2543-42a4-8762-cde039a55a99: addNew group-164137F43D5F:[bcb704dc-2543-42a4-8762-cde039a55a99:192.168.151.99:43663] returns group-164137F43D5F:java.util.concurrent.CompletableFuture@306f5c59[Not completed]
2019-09-26 15:38:56,490 [pool-123-thread-1] INFO  impl.RaftServerImpl (RaftServerImpl.java:<init>(95)) - bcb704dc-2543-42a4-8762-cde039a55a99: new RaftServerImpl for group-164137F43D5F:[bcb704dc-2543-42a4-8762-cde039a55a99:192.168.151.99:43663] with ContainerStateMachine:uninitialized
2019-09-26 15:38:56,490 [pool-123-thread-1] INFO  server.RaftServerConfigKeys (ConfUtils.java:logGet(43)) - raft.server.rpc.timeout.min = 5s (custom)
2019-09-26 15:38:56,490 [pool-123-thread-1] INFO  server.RaftServerConfigKeys (ConfUtils.java:logGet(43)) - raft.server.rpc.timeout.max = 5200ms (custom)
2019-09-26 15:38:56,490 [pool-123-thread-1] INFO  server.RaftServerConfigKeys (ConfUtils.java:logGet(43)) - raft.server.rpcslowness.timeout = 120s (custom)
2019-09-26 15:38:56,490 [pool-123-thread-1] INFO  server.RaftServerConfigKeys (ConfUtils.java:logGet(43)) - raft.server.sleep.deviation.threshold = 300 (default)
2019-09-26 15:38:56,490 [pool-123-thread-1] INFO  server.RaftServerConfigKeys (ConfUtils.java:logGet(43)) - raft.server.log.appender.install.snapshot.enabled = false (custom)
2019-09-26 15:38:56,491 [pool-123-thread-1] INFO  impl.RaftServerImpl (ServerState.java:<init>(103)) - bcb704dc-2543-42a4-8762-cde039a55a99@group-164137F43D5F: ConfigurationManager, init=-1: [bcb704dc-2543-42a4-8762-cde039a55a99:192.168.151.99:43663], old=null, confs=<EMPTY_MAP>
2019-09-26 15:38:56,491 [pool-123-thread-1] INFO  server.RaftServerConfigKeys (ConfUtils.java:logGet(43)) - raft.server.storage.dir = [/workdir/hadoop-ozone/integration-test/target/test-dir/MiniOzoneClusterImpl-87962e32-e39f-4c57-b747-30c883c1cc54/datanode-0/data/ratis] (custom)
2019-09-26 15:38:56,491 [pool-123-thread-1] INFO  storage.RaftStorageDirectory (RaftStorageDirectory.java:analyzeStorage(246)) - The storage directory /workdir/hadoop-ozone/integration-test/target/test-dir/MiniOzoneClusterImpl-87962e32-e39f-4c57-b747-30c883c1cc54/datanode-0/data/ratis/dc7e7211-9835-4ad5-a734-164137f43d5f does not exist. Creating ...
2019-09-26 15:38:56,504 [pool-123-thread-1] INFO  storage.RaftStorageDirectory (RaftStorageDirectory.java:tryLock(328)) - Lock on /workdir/hadoop-ozone/integration-test/target/test-dir/MiniOzoneClusterImpl-87962e32-e39f-4c57-b747-30c883c1cc54/datanode-0/data/ratis/dc7e7211-9835-4ad5-a734-164137f43d5f/in_use.lock acquired by nodename 10626@pr-hdds-1569-g6sp5-2013761785
2019-09-26 15:38:56,517 [pool-123-thread-1] INFO  storage.RaftStorage (RaftStorage.java:format(72)) - Storage directory /workdir/hadoop-ozone/integration-test/target/test-dir/MiniOzoneClusterImpl-87962e32-e39f-4c57-b747-30c883c1cc54/datanode-0/data/ratis/dc7e7211-9835-4ad5-a734-164137f43d5f has been successfully formatted.
2019-09-26 15:38:56,517 [pool-123-thread-1] INFO  ratis.ContainerStateMachine (ContainerStateMachine.java:loadSnapshot(230)) - group-164137F43D5F: The snapshot info is null. Setting the last applied indexto:(t:0, i:~)
2019-09-26 15:38:56,517 [pool-123-thread-1] INFO  server.RaftServerConfigKeys (ConfUtils.java:logGet(43)) - raft.server.notification.no-leader.timeout = 120s (custom)
2019-09-26 15:38:56,518 [pool-123-thread-1] INFO  server.RaftServerConfigKeys (ConfUtils.java:logGet(43)) - raft.server.log.use.memory = false (default)
2019-09-26 15:38:56,518 [pool-123-thread-1] INFO  server.RaftServerConfigKeys (ConfUtils.java:logGet(43)) - raft.server.log.purge.gap = 1000000 (custom)
2019-09-26 15:38:56,518 [pool-123-thread-1] INFO  server.RaftServerConfigKeys (ConfUtils.java:logGet(43)) - raft.server.log.appender.buffer.byte-limit = 33554432 (custom)
2019-09-26 15:38:56,518 [pool-123-thread-1] INFO  server.RaftServerConfigKeys (ConfUtils.java:logGet(43)) - raft.server.log.segment.size.max = 1048576 (custom)
2019-09-26 15:38:56,518 [pool-123-thread-1] INFO  server.RaftServerConfigKeys (ConfUtils.java:logGet(43)) - raft.server.log.segment.cache.num.max = 2 (custom)
2019-09-26 15:38:56,518 [pool-123-thread-1] INFO  segmented.SegmentedRaftLogWorker (SegmentedRaftLogWorker.java:<init>(172)) - new bcb704dc-2543-42a4-8762-cde039a55a99@group-164137F43D5F-SegmentedRaftLogWorker for RaftStorage:Storage Directory /workdir/hadoop-ozone/integration-test/target/test-dir/MiniOzoneClusterImpl-87962e32-e39f-4c57-b747-30c883c1cc54/datanode-0/data/ratis/dc7e7211-9835-4ad5-a734-164137f43d5f
2019-09-26 15:38:56,518 [pool-123-thread-1] INFO  server.RaftServerConfigKeys (ConfUtils.java:logGet(43)) - raft.server.log.queue.byte-limit = 2147483647 (custom)
2019-09-26 15:38:56,518 [pool-123-thread-1] INFO  server.RaftServerConfigKeys (ConfUtils.java:logGet(43)) - raft.server.log.queue.element-limit = 1024 (custom)
2019-09-26 15:38:56,519 [pool-123-thread-1] INFO  server.RaftServerConfigKeys (ConfUtils.java:logGet(43)) - raft.server.log.segment.size.max = 1048576 (custom)
2019-09-26 15:38:56,519 [pool-123-thread-1] INFO  server.RaftServerConfigKeys (ConfUtils.java:logGet(43)) - raft.server.log.preallocated.size = 16384 (custom)
2019-09-26 15:38:56,519 [pool-123-thread-1] INFO  server.RaftServerConfigKeys (ConfUtils.java:logGet(43)) - raft.server.log.write.buffer.size = 33554432 (custom)
2019-09-26 15:38:56,519 [pool-123-thread-1] INFO  server.RaftServerConfigKeys (ConfUtils.java:logGet(43)) - raft.server.log.force.sync.num = 128 (default)
2019-09-26 15:38:56,519 [pool-123-thread-1] INFO  server.RaftServerConfigKeys (ConfUtils.java:logGet(43)) - raft.server.log.statemachine.data.sync = true (default)
2019-09-26 15:38:56,519 [pool-123-thread-1] INFO  server.RaftServerConfigKeys (ConfUtils.java:logGet(43)) - raft.server.log.statemachine.data.sync.timeout = 10s (default)
2019-09-26 15:38:56,519 [pool-123-thread-1] INFO  server.RaftServerConfigKeys (ConfUtils.java:logGet(43)) - raft.server.log.statemachine.data.sync.timeout.retry = -1 (default)
2019-09-26 15:38:56,519 [pool-123-thread-1] INFO  server.RaftServerConfigKeys (ConfUtils.java:logGet(43)) - raft.server.log.statemachine.data.caching.enabled = true (custom)
2019-09-26 15:38:56,519 [pool-123-thread-1] INFO  segmented.SegmentedRaftLogWorker (SegmentedRaftLogWorker.java:lambda$new$0(132)) - bcb704dc-2543-42a4-8762-cde039a55a99@group-164137F43D5F-SegmentedRaftLogWorker: flushIndex: setUnconditionally 0 -> -1
2019-09-26 15:38:56,520 [pool-123-thread-1] INFO  server.RaftServerConfigKeys (ConfUtils.java:logGet(43)) - raft.server.snapshot.auto.trigger.enabled = true (custom)
2019-09-26 15:38:56,520 [pool-123-thread-1] INFO  server.RaftServerConfigKeys (ConfUtils.java:logGet(43)) - raft.server.snapshot.auto.trigger.threshold = 10000 (custom)
2019-09-26 15:38:56,520 [pool-123-thread-1] INFO  server.RaftServerConfigKeys (ConfUtils.java:logGet(43)) - raft.server.snapshot.retention.num.files = 5 (custom)
2019-09-26 15:38:56,520 [pool-123-thread-1] INFO  server.RaftServerConfigKeys (ConfUtils.java:logGet(43)) - raft.server.retrycache.expirytime = 600000ms (custom)
2019-09-26 15:38:56,522 [pool-123-thread-1] INFO  impl.RaftServerImpl (RaftServerImpl.java:start(185)) - bcb704dc-2543-42a4-8762-cde039a55a99@group-164137F43D5F: start as a follower, conf=-1: [bcb704dc-2543-42a4-8762-cde039a55a99:192.168.151.99:43663], old=null
2019-09-26 15:38:56,523 [pool-123-thread-1] INFO  impl.RaftServerImpl (RaftServerImpl.java:setRole(174)) - bcb704dc-2543-42a4-8762-cde039a55a99@group-164137F43D5F: changes role from      null to FOLLOWER at term 0 for startAsFollower
2019-09-26 15:38:56,523 [pool-123-thread-1] INFO  impl.RoleInfo (RoleInfo.java:updateAndGet(143)) - bcb704dc-2543-42a4-8762-cde039a55a99: start FollowerState
2019-09-26 15:38:56,523 [pool-123-thread-1] INFO  util.JmxRegister (JmxRegister.java:tryRegister(44)) - Successfully registered JMX Bean with object name Ratis:service=RaftServer,group=group-164137F43D5F,id=bcb704dc-2543-42a4-8762-cde039a55a99
2019-09-26 15:38:56,525 [RatisPipelineUtilsThread] INFO  pipeline.PipelineStateManager (PipelineStateManager.java:addPipeline(56)) - Created pipeline Pipeline[ Id: dc7e7211-9835-4ad5-a734-164137f43d5f, Nodes: bcb704dc-2543-42a4-8762-cde039a55a99{ip: 192.168.151.99, host: pr-hdds-1569-g6sp5-2013761785, networkLocation: /default-rack, certSerialId: null}, Type:RATIS, Factor:ONE, State:OPEN]
2019-09-26 15:38:56,529 [grpc-default-executor-0] INFO  impl.RaftServerProxy (RaftServerProxy.java:addNew(89)) - bcb704dc-2543-42a4-8762-cde039a55a99: addNew group-1EDFAD8639C2:[bcb704dc-2543-42a4-8762-cde039a55a99:192.168.151.99:43663] returns group-1EDFAD8639C2:java.util.concurrent.CompletableFuture@720ecfb3[Not completed]
2019-09-26 15:38:56,530 [pool-123-thread-1] INFO  impl.RaftServerImpl (RaftServerImpl.java:<init>(95)) - bcb704dc-2543-42a4-8762-cde039a55a99: new RaftServerImpl for group-1EDFAD8639C2:[bcb704dc-2543-42a4-8762-cde039a55a99:192.168.151.99:43663] with ContainerStateMachine:uninitialized
2019-09-26 15:38:56,531 [pool-123-thread-1] INFO  server.RaftServerConfigKeys (ConfUtils.java:logGet(43)) - raft.server.rpc.timeout.min = 5s (custom)
2019-09-26 15:38:56,531 [pool-123-thread-1] INFO  server.RaftServerConfigKeys (ConfUtils.java:logGet(43)) - raft.server.rpc.timeout.max = 5200ms (custom)
2019-09-26 15:38:56,531 [pool-123-thread-1] INFO  server.RaftServerConfigKeys (ConfUtils.java:logGet(43)) - raft.server.rpcslowness.timeout = 120s (custom)
2019-09-26 15:38:56,531 [pool-123-thread-1] INFO  server.RaftServerConfigKeys (ConfUtils.java:logGet(43)) - raft.server.sleep.deviation.threshold = 300 (default)
2019-09-26 15:38:56,531 [pool-123-thread-1] INFO  server.RaftServerConfigKeys (ConfUtils.java:logGet(43)) - raft.server.log.appender.install.snapshot.enabled = false (custom)
2019-09-26 15:38:56,531 [pool-123-thread-1] INFO  impl.RaftServerImpl (ServerState.java:<init>(103)) - bcb704dc-2543-42a4-8762-cde039a55a99@group-1EDFAD8639C2: ConfigurationManager, init=-1: [bcb704dc-2543-42a4-8762-cde039a55a99:192.168.151.99:43663], old=null, confs=<EMPTY_MAP>
2019-09-26 15:38:56,532 [pool-123-thread-1] INFO  server.RaftServerConfigKeys (ConfUtils.java:logGet(43)) - raft.server.storage.dir = [/workdir/hadoop-ozone/integration-test/target/test-dir/MiniOzoneClusterImpl-87962e32-e39f-4c57-b747-30c883c1cc54/datanode-0/data/ratis] (custom)
2019-09-26 15:38:56,533 [pool-123-thread-1] INFO  storage.RaftStorageDirectory (RaftStorageDirectory.java:analyzeStorage(246)) - The storage directory /workdir/hadoop-ozone/integration-test/target/test-dir/MiniOzoneClusterImpl-87962e32-e39f-4c57-b747-30c883c1cc54/datanode-0/data/ratis/9d46fec0-0885-46e9-b8fa-1edfad8639c2 does not exist. Creating ...
2019-09-26 15:38:56,545 [pool-123-thread-1] INFO  storage.RaftStorageDirectory (RaftStorageDirectory.java:tryLock(328)) - Lock on /workdir/hadoop-ozone/integration-test/target/test-dir/MiniOzoneClusterImpl-87962e32-e39f-4c57-b747-30c883c1cc54/datanode-0/data/ratis/9d46fec0-0885-46e9-b8fa-1edfad8639c2/in_use.lock acquired by nodename 10626@pr-hdds-1569-g6sp5-2013761785
2019-09-26 15:38:56,559 [pool-123-thread-1] INFO  storage.RaftStorage (RaftStorage.java:format(72)) - Storage directory /workdir/hadoop-ozone/integration-test/target/test-dir/MiniOzoneClusterImpl-87962e32-e39f-4c57-b747-30c883c1cc54/datanode-0/data/ratis/9d46fec0-0885-46e9-b8fa-1edfad8639c2 has been successfully formatted.
2019-09-26 15:38:56,559 [pool-123-thread-1] INFO  ratis.ContainerStateMachine (ContainerStateMachine.java:loadSnapshot(230)) - group-1EDFAD8639C2: The snapshot info is null. Setting the last applied indexto:(t:0, i:~)
2019-09-26 15:38:56,559 [pool-123-thread-1] INFO  server.RaftServerConfigKeys (ConfUtils.java:logGet(43)) - raft.server.notification.no-leader.timeout = 120s (custom)
2019-09-26 15:38:56,559 [pool-123-thread-1] INFO  server.RaftServerConfigKeys (ConfUtils.java:logGet(43)) - raft.server.log.use.memory = false (default)
2019-09-26 15:38:56,560 [pool-123-thread-1] INFO  server.RaftServerConfigKeys (ConfUtils.java:logGet(43)) - raft.server.log.purge.gap = 1000000 (custom)
2019-09-26 15:38:56,560 [pool-123-thread-1] INFO  server.RaftServerConfigKeys (ConfUtils.java:logGet(43)) - raft.server.log.appender.buffer.byte-limit = 33554432 (custom)
2019-09-26 15:38:56,560 [pool-123-thread-1] INFO  server.RaftServerConfigKeys (ConfUtils.java:logGet(43)) - raft.server.log.segment.size.max = 1048576 (custom)
2019-09-26 15:38:56,560 [pool-123-thread-1] INFO  server.RaftServerConfigKeys (ConfUtils.java:logGet(43)) - raft.server.log.segment.cache.num.max = 2 (custom)
2019-09-26 15:38:56,560 [pool-123-thread-1] INFO  segmented.SegmentedRaftLogWorker (SegmentedRaftLogWorker.java:<init>(172)) - new bcb704dc-2543-42a4-8762-cde039a55a99@group-1EDFAD8639C2-SegmentedRaftLogWorker for RaftStorage:Storage Directory /workdir/hadoop-ozone/integration-test/target/test-dir/MiniOzoneClusterImpl-87962e32-e39f-4c57-b747-30c883c1cc54/datanode-0/data/ratis/9d46fec0-0885-46e9-b8fa-1edfad8639c2
2019-09-26 15:38:56,560 [pool-123-thread-1] INFO  server.RaftServerConfigKeys (ConfUtils.java:logGet(43)) - raft.server.log.queue.byte-limit = 2147483647 (custom)
2019-09-26 15:38:56,561 [pool-123-thread-1] INFO  server.RaftServerConfigKeys (ConfUtils.java:logGet(43)) - raft.server.log.queue.element-limit = 1024 (custom)
2019-09-26 15:38:56,561 [pool-123-thread-1] INFO  server.RaftServerConfigKeys (ConfUtils.java:logGet(43)) - raft.server.log.segment.size.max = 1048576 (custom)
2019-09-26 15:38:56,561 [pool-123-thread-1] INFO  server.RaftServerConfigKeys (ConfUtils.java:logGet(43)) - raft.server.log.preallocated.size = 16384 (custom)
2019-09-26 15:38:56,561 [pool-123-thread-1] INFO  server.RaftServerConfigKeys (ConfUtils.java:logGet(43)) - raft.server.log.write.buffer.size = 33554432 (custom)
2019-09-26 15:38:56,561 [pool-123-thread-1] INFO  server.RaftServerConfigKeys (ConfUtils.java:logGet(43)) - raft.server.log.force.sync.num = 128 (default)
2019-09-26 15:38:56,561 [pool-123-thread-1] INFO  server.RaftServerConfigKeys (ConfUtils.java:logGet(43)) - raft.server.log.statemachine.data.sync = true (default)
2019-09-26 15:38:56,562 [pool-123-thread-1] INFO  server.RaftServerConfigKeys (ConfUtils.java:logGet(43)) - raft.server.log.statemachine.data.sync.timeout = 10s (default)
2019-09-26 15:38:56,562 [pool-123-thread-1] INFO  server.RaftServerConfigKeys (ConfUtils.java:logGet(43)) - raft.server.log.statemachine.data.sync.timeout.retry = -1 (default)
2019-09-26 15:38:56,562 [pool-123-thread-1] INFO  server.RaftServerConfigKeys (ConfUtils.java:logGet(43)) - raft.server.log.statemachine.data.caching.enabled = true (custom)
2019-09-26 15:38:56,562 [pool-123-thread-1] INFO  segmented.SegmentedRaftLogWorker (SegmentedRaftLogWorker.java:lambda$new$0(132)) - bcb704dc-2543-42a4-8762-cde039a55a99@group-1EDFAD8639C2-SegmentedRaftLogWorker: flushIndex: setUnconditionally 0 -> -1
2019-09-26 15:38:56,563 [pool-123-thread-1] INFO  server.RaftServerConfigKeys (ConfUtils.java:logGet(43)) - raft.server.snapshot.auto.trigger.enabled = true (custom)
2019-09-26 15:38:56,563 [pool-123-thread-1] INFO  server.RaftServerConfigKeys (ConfUtils.java:logGet(43)) - raft.server.snapshot.auto.trigger.threshold = 10000 (custom)
2019-09-26 15:38:56,563 [pool-123-thread-1] INFO  server.RaftServerConfigKeys (ConfUtils.java:logGet(43)) - raft.server.snapshot.retention.num.files = 5 (custom)
2019-09-26 15:38:56,563 [pool-123-thread-1] INFO  server.RaftServerConfigKeys (ConfUtils.java:logGet(43)) - raft.server.retrycache.expirytime = 600000ms (custom)
2019-09-26 15:38:56,565 [pool-123-thread-1] INFO  impl.RaftServerImpl (RaftServerImpl.java:start(185)) - bcb704dc-2543-42a4-8762-cde039a55a99@group-1EDFAD8639C2: start as a follower, conf=-1: [bcb704dc-2543-42a4-8762-cde039a55a99:192.168.151.99:43663], old=null
2019-09-26 15:38:56,565 [pool-123-thread-1] INFO  impl.RaftServerImpl (RaftServerImpl.java:setRole(174)) - bcb704dc-2543-42a4-8762-cde039a55a99@group-1EDFAD8639C2: changes role from      null to FOLLOWER at term 0 for startAsFollower
2019-09-26 15:38:56,565 [pool-123-thread-1] INFO  impl.RoleInfo (RoleInfo.java:updateAndGet(143)) - bcb704dc-2543-42a4-8762-cde039a55a99: start FollowerState
2019-09-26 15:38:56,566 [pool-123-thread-1] INFO  util.JmxRegister (JmxRegister.java:tryRegister(44)) - Successfully registered JMX Bean with object name Ratis:service=RaftServer,group=group-1EDFAD8639C2,id=bcb704dc-2543-42a4-8762-cde039a55a99
2019-09-26 15:38:56,568 [RatisPipelineUtilsThread] INFO  pipeline.PipelineStateManager (PipelineStateManager.java:addPipeline(56)) - Created pipeline Pipeline[ Id: 9d46fec0-0885-46e9-b8fa-1edfad8639c2, Nodes: bcb704dc-2543-42a4-8762-cde039a55a99{ip: 192.168.151.99, host: pr-hdds-1569-g6sp5-2013761785, networkLocation: /default-rack, certSerialId: null}, Type:RATIS, Factor:ONE, State:OPEN]
2019-09-26 15:38:56,572 [grpc-default-executor-0] INFO  impl.RaftServerProxy (RaftServerProxy.java:addNew(89)) - bcb704dc-2543-42a4-8762-cde039a55a99: addNew group-FFC8645E5ADC:[bcb704dc-2543-42a4-8762-cde039a55a99:192.168.151.99:43663] returns group-FFC8645E5ADC:java.util.concurrent.CompletableFuture@38426680[Not completed]
2019-09-26 15:38:56,573 [pool-123-thread-1] INFO  impl.RaftServerImpl (RaftServerImpl.java:<init>(95)) - bcb704dc-2543-42a4-8762-cde039a55a99: new RaftServerImpl for group-FFC8645E5ADC:[bcb704dc-2543-42a4-8762-cde039a55a99:192.168.151.99:43663] with ContainerStateMachine:uninitialized
2019-09-26 15:38:56,573 [pool-123-thread-1] INFO  server.RaftServerConfigKeys (ConfUtils.java:logGet(43)) - raft.server.rpc.timeout.min = 5s (custom)
2019-09-26 15:38:56,573 [pool-123-thread-1] INFO  server.RaftServerConfigKeys (ConfUtils.java:logGet(43)) - raft.server.rpc.timeout.max = 5200ms (custom)
2019-09-26 15:38:56,573 [pool-123-thread-1] INFO  server.RaftServerConfigKeys (ConfUtils.java:logGet(43)) - raft.server.rpcslowness.timeout = 120s (custom)
2019-09-26 15:38:56,573 [pool-123-thread-1] INFO  server.RaftServerConfigKeys (ConfUtils.java:logGet(43)) - raft.server.sleep.deviation.threshold = 300 (default)
2019-09-26 15:38:56,574 [pool-123-thread-1] INFO  server.RaftServerConfigKeys (ConfUtils.java:logGet(43)) - raft.server.log.appender.install.snapshot.enabled = false (custom)
2019-09-26 15:38:56,574 [pool-123-thread-1] INFO  impl.RaftServerImpl (ServerState.java:<init>(103)) - bcb704dc-2543-42a4-8762-cde039a55a99@group-FFC8645E5ADC: ConfigurationManager, init=-1: [bcb704dc-2543-42a4-8762-cde039a55a99:192.168.151.99:43663], old=null, confs=<EMPTY_MAP>
2019-09-26 15:38:56,574 [pool-123-thread-1] INFO  server.RaftServerConfigKeys (ConfUtils.java:logGet(43)) - raft.server.storage.dir = [/workdir/hadoop-ozone/integration-test/target/test-dir/MiniOzoneClusterImpl-87962e32-e39f-4c57-b747-30c883c1cc54/datanode-0/data/ratis] (custom)
2019-09-26 15:38:56,575 [pool-123-thread-1] INFO  storage.RaftStorageDirectory (RaftStorageDirectory.java:analyzeStorage(246)) - The storage directory /workdir/hadoop-ozone/integration-test/target/test-dir/MiniOzoneClusterImpl-87962e32-e39f-4c57-b747-30c883c1cc54/datanode-0/data/ratis/041bce58-779a-4455-83cf-ffc8645e5adc does not exist. Creating ...
2019-09-26 15:38:56,587 [pool-123-thread-1] INFO  storage.RaftStorageDirectory (RaftStorageDirectory.java:tryLock(328)) - Lock on /workdir/hadoop-ozone/integration-test/target/test-dir/MiniOzoneClusterImpl-87962e32-e39f-4c57-b747-30c883c1cc54/datanode-0/data/ratis/041bce58-779a-4455-83cf-ffc8645e5adc/in_use.lock acquired by nodename 10626@pr-hdds-1569-g6sp5-2013761785
2019-09-26 15:38:56,601 [pool-123-thread-1] INFO  storage.RaftStorage (RaftStorage.java:format(72)) - Storage directory /workdir/hadoop-ozone/integration-test/target/test-dir/MiniOzoneClusterImpl-87962e32-e39f-4c57-b747-30c883c1cc54/datanode-0/data/ratis/041bce58-779a-4455-83cf-ffc8645e5adc has been successfully formatted.
2019-09-26 15:38:56,601 [pool-123-thread-1] INFO  ratis.ContainerStateMachine (ContainerStateMachine.java:loadSnapshot(230)) - group-FFC8645E5ADC: The snapshot info is null. Setting the last applied indexto:(t:0, i:~)
2019-09-26 15:38:56,601 [pool-123-thread-1] INFO  server.RaftServerConfigKeys (ConfUtils.java:logGet(43)) - raft.server.notification.no-leader.timeout = 120s (custom)
2019-09-26 15:38:56,601 [pool-123-thread-1] INFO  server.RaftServerConfigKeys (ConfUtils.java:logGet(43)) - raft.server.log.use.memory = false (default)
2019-09-26 15:38:56,602 [pool-123-thread-1] INFO  server.RaftServerConfigKeys (ConfUtils.java:logGet(43)) - raft.server.log.purge.gap = 1000000 (custom)
2019-09-26 15:38:56,602 [pool-123-thread-1] INFO  server.RaftServerConfigKeys (ConfUtils.java:logGet(43)) - raft.server.log.appender.buffer.byte-limit = 33554432 (custom)
2019-09-26 15:38:56,602 [pool-123-thread-1] INFO  server.RaftServerConfigKeys (ConfUtils.java:logGet(43)) - raft.server.log.segment.size.max = 1048576 (custom)
2019-09-26 15:38:56,602 [pool-123-thread-1] INFO  server.RaftServerConfigKeys (ConfUtils.java:logGet(43)) - raft.server.log.segment.cache.num.max = 2 (custom)
2019-09-26 15:38:56,602 [pool-123-thread-1] INFO  segmented.SegmentedRaftLogWorker (SegmentedRaftLogWorker.java:<init>(172)) - new bcb704dc-2543-42a4-8762-cde039a55a99@group-FFC8645E5ADC-SegmentedRaftLogWorker for RaftStorage:Storage Directory /workdir/hadoop-ozone/integration-test/target/test-dir/MiniOzoneClusterImpl-87962e32-e39f-4c57-b747-30c883c1cc54/datanode-0/data/ratis/041bce58-779a-4455-83cf-ffc8645e5adc
2019-09-26 15:38:56,602 [pool-123-thread-1] INFO  server.RaftServerConfigKeys (ConfUtils.java:logGet(43)) - raft.server.log.queue.byte-limit = 2147483647 (custom)
2019-09-26 15:38:56,603 [pool-123-thread-1] INFO  server.RaftServerConfigKeys (ConfUtils.java:logGet(43)) - raft.server.log.queue.element-limit = 1024 (custom)
2019-09-26 15:38:56,603 [pool-123-thread-1] INFO  server.RaftServerConfigKeys (ConfUtils.java:logGet(43)) - raft.server.log.segment.size.max = 1048576 (custom)
2019-09-26 15:38:56,603 [pool-123-thread-1] INFO  server.RaftServerConfigKeys (ConfUtils.java:logGet(43)) - raft.server.log.preallocated.size = 16384 (custom)
2019-09-26 15:38:56,603 [pool-123-thread-1] INFO  server.RaftServerConfigKeys (ConfUtils.java:logGet(43)) - raft.server.log.write.buffer.size = 33554432 (custom)
2019-09-26 15:38:56,603 [pool-123-thread-1] INFO  server.RaftServerConfigKeys (ConfUtils.java:logGet(43)) - raft.server.log.force.sync.num = 128 (default)
2019-09-26 15:38:56,603 [pool-123-thread-1] INFO  server.RaftServerConfigKeys (ConfUtils.java:logGet(43)) - raft.server.log.statemachine.data.sync = true (default)
2019-09-26 15:38:56,604 [pool-123-thread-1] INFO  server.RaftServerConfigKeys (ConfUtils.java:logGet(43)) - raft.server.log.statemachine.data.sync.timeout = 10s (default)
2019-09-26 15:38:56,604 [pool-123-thread-1] INFO  server.RaftServerConfigKeys (ConfUtils.java:logGet(43)) - raft.server.log.statemachine.data.sync.timeout.retry = -1 (default)
2019-09-26 15:38:56,604 [pool-123-thread-1] INFO  server.RaftServerConfigKeys (ConfUtils.java:logGet(43)) - raft.server.log.statemachine.data.caching.enabled = true (custom)
2019-09-26 15:38:56,604 [pool-123-thread-1] INFO  segmented.SegmentedRaftLogWorker (SegmentedRaftLogWorker.java:lambda$new$0(132)) - bcb704dc-2543-42a4-8762-cde039a55a99@group-FFC8645E5ADC-SegmentedRaftLogWorker: flushIndex: setUnconditionally 0 -> -1
2019-09-26 15:38:56,604 [pool-123-thread-1] INFO  server.RaftServerConfigKeys (ConfUtils.java:logGet(43)) - raft.server.snapshot.auto.trigger.enabled = true (custom)
2019-09-26 15:38:56,605 [pool-123-thread-1] INFO  server.RaftServerConfigKeys (ConfUtils.java:logGet(43)) - raft.server.snapshot.auto.trigger.threshold = 10000 (custom)
2019-09-26 15:38:56,605 [pool-123-thread-1] INFO  server.RaftServerConfigKeys (ConfUtils.java:logGet(43)) - raft.server.snapshot.retention.num.files = 5 (custom)
2019-09-26 15:38:56,605 [pool-123-thread-1] INFO  server.RaftServerConfigKeys (ConfUtils.java:logGet(43)) - raft.server.retrycache.expirytime = 600000ms (custom)
2019-09-26 15:38:56,607 [pool-123-thread-1] INFO  impl.RaftServerImpl (RaftServerImpl.java:start(185)) - bcb704dc-2543-42a4-8762-cde039a55a99@group-FFC8645E5ADC: start as a follower, conf=-1: [bcb704dc-2543-42a4-8762-cde039a55a99:192.168.151.99:43663], old=null
2019-09-26 15:38:56,607 [pool-123-thread-1] INFO  impl.RaftServerImpl (RaftServerImpl.java:setRole(174)) - bcb704dc-2543-42a4-8762-cde039a55a99@group-FFC8645E5ADC: changes role from      null to FOLLOWER at term 0 for startAsFollower
2019-09-26 15:38:56,607 [pool-123-thread-1] INFO  impl.RoleInfo (RoleInfo.java:updateAndGet(143)) - bcb704dc-2543-42a4-8762-cde039a55a99: start FollowerState
2019-09-26 15:38:56,608 [pool-123-thread-1] INFO  util.JmxRegister (JmxRegister.java:tryRegister(44)) - Successfully registered JMX Bean with object name Ratis:service=RaftServer,group=group-FFC8645E5ADC,id=bcb704dc-2543-42a4-8762-cde039a55a99
2019-09-26 15:38:56,610 [RatisPipelineUtilsThread] INFO  pipeline.PipelineStateManager (PipelineStateManager.java:addPipeline(56)) - Created pipeline Pipeline[ Id: 041bce58-779a-4455-83cf-ffc8645e5adc, Nodes: bcb704dc-2543-42a4-8762-cde039a55a99{ip: 192.168.151.99, host: pr-hdds-1569-g6sp5-2013761785, networkLocation: /default-rack, certSerialId: null}, Type:RATIS, Factor:ONE, State:OPEN]
2019-09-26 15:38:56,614 [grpc-default-executor-0] INFO  impl.RaftServerProxy (RaftServerProxy.java:addNew(89)) - bcb704dc-2543-42a4-8762-cde039a55a99: addNew group-20AC887259AF:[bcb704dc-2543-42a4-8762-cde039a55a99:192.168.151.99:43663] returns group-20AC887259AF:java.util.concurrent.CompletableFuture@1d17a272[Not completed]
2019-09-26 15:38:56,615 [pool-123-thread-1] INFO  impl.RaftServerImpl (RaftServerImpl.java:<init>(95)) - bcb704dc-2543-42a4-8762-cde039a55a99: new RaftServerImpl for group-20AC887259AF:[bcb704dc-2543-42a4-8762-cde039a55a99:192.168.151.99:43663] with ContainerStateMachine:uninitialized
2019-09-26 15:38:56,615 [pool-123-thread-1] INFO  server.RaftServerConfigKeys (ConfUtils.java:logGet(43)) - raft.server.rpc.timeout.min = 5s (custom)
2019-09-26 15:38:56,616 [pool-123-thread-1] INFO  server.RaftServerConfigKeys (ConfUtils.java:logGet(43)) - raft.server.rpc.timeout.max = 5200ms (custom)
2019-09-26 15:38:56,616 [pool-123-thread-1] INFO  server.RaftServerConfigKeys (ConfUtils.java:logGet(43)) - raft.server.rpcslowness.timeout = 120s (custom)
2019-09-26 15:38:56,616 [pool-123-thread-1] INFO  server.RaftServerConfigKeys (ConfUtils.java:logGet(43)) - raft.server.sleep.deviation.threshold = 300 (default)
2019-09-26 15:38:56,616 [pool-123-thread-1] INFO  server.RaftServerConfigKeys (ConfUtils.java:logGet(43)) - raft.server.log.appender.install.snapshot.enabled = false (custom)
2019-09-26 15:38:56,616 [pool-123-thread-1] INFO  impl.RaftServerImpl (ServerState.java:<init>(103)) - bcb704dc-2543-42a4-8762-cde039a55a99@group-20AC887259AF: ConfigurationManager, init=-1: [bcb704dc-2543-42a4-8762-cde039a55a99:192.168.151.99:43663], old=null, confs=<EMPTY_MAP>
2019-09-26 15:38:56,616 [pool-123-thread-1] INFO  server.RaftServerConfigKeys (ConfUtils.java:logGet(43)) - raft.server.storage.dir = [/workdir/hadoop-ozone/integration-test/target/test-dir/MiniOzoneClusterImpl-87962e32-e39f-4c57-b747-30c883c1cc54/datanode-0/data/ratis] (custom)
2019-09-26 15:38:56,617 [pool-123-thread-1] INFO  storage.RaftStorageDirectory (RaftStorageDirectory.java:analyzeStorage(246)) - The storage directory /workdir/hadoop-ozone/integration-test/target/test-dir/MiniOzoneClusterImpl-87962e32-e39f-4c57-b747-30c883c1cc54/datanode-0/data/ratis/4f55846c-c0ad-47d0-8823-20ac887259af does not exist. Creating ...
2019-09-26 15:38:56,630 [pool-123-thread-1] INFO  storage.RaftStorageDirectory (RaftStorageDirectory.java:tryLock(328)) - Lock on /workdir/hadoop-ozone/integration-test/target/test-dir/MiniOzoneClusterImpl-87962e32-e39f-4c57-b747-30c883c1cc54/datanode-0/data/ratis/4f55846c-c0ad-47d0-8823-20ac887259af/in_use.lock acquired by nodename 10626@pr-hdds-1569-g6sp5-2013761785
2019-09-26 15:38:56,664 [pool-123-thread-1] INFO  storage.RaftStorage (RaftStorage.java:format(72)) - Storage directory /workdir/hadoop-ozone/integration-test/target/test-dir/MiniOzoneClusterImpl-87962e32-e39f-4c57-b747-30c883c1cc54/datanode-0/data/ratis/4f55846c-c0ad-47d0-8823-20ac887259af has been successfully formatted.
2019-09-26 15:38:56,664 [pool-123-thread-1] INFO  ratis.ContainerStateMachine (ContainerStateMachine.java:loadSnapshot(230)) - group-20AC887259AF: The snapshot info is null. Setting the last applied indexto:(t:0, i:~)
2019-09-26 15:38:56,664 [pool-123-thread-1] INFO  server.RaftServerConfigKeys (ConfUtils.java:logGet(43)) - raft.server.notification.no-leader.timeout = 120s (custom)
2019-09-26 15:38:56,664 [pool-123-thread-1] INFO  server.RaftServerConfigKeys (ConfUtils.java:logGet(43)) - raft.server.log.use.memory = false (default)
2019-09-26 15:38:56,664 [pool-123-thread-1] INFO  server.RaftServerConfigKeys (ConfUtils.java:logGet(43)) - raft.server.log.purge.gap = 1000000 (custom)
2019-09-26 15:38:56,664 [pool-123-thread-1] INFO  server.RaftServerConfigKeys (ConfUtils.java:logGet(43)) - raft.server.log.appender.buffer.byte-limit = 33554432 (custom)
2019-09-26 15:38:56,665 [pool-123-thread-1] INFO  server.RaftServerConfigKeys (ConfUtils.java:logGet(43)) - raft.server.log.segment.size.max = 1048576 (custom)
2019-09-26 15:38:56,665 [pool-123-thread-1] INFO  server.RaftServerConfigKeys (ConfUtils.java:logGet(43)) - raft.server.log.segment.cache.num.max = 2 (custom)
2019-09-26 15:38:56,665 [pool-123-thread-1] INFO  segmented.SegmentedRaftLogWorker (SegmentedRaftLogWorker.java:<init>(172)) - new bcb704dc-2543-42a4-8762-cde039a55a99@group-20AC887259AF-SegmentedRaftLogWorker for RaftStorage:Storage Directory /workdir/hadoop-ozone/integration-test/target/test-dir/MiniOzoneClusterImpl-87962e32-e39f-4c57-b747-30c883c1cc54/datanode-0/data/ratis/4f55846c-c0ad-47d0-8823-20ac887259af
2019-09-26 15:38:56,665 [pool-123-thread-1] INFO  server.RaftServerConfigKeys (ConfUtils.java:logGet(43)) - raft.server.log.queue.byte-limit = 2147483647 (custom)
2019-09-26 15:38:56,665 [pool-123-thread-1] INFO  server.RaftServerConfigKeys (ConfUtils.java:logGet(43)) - raft.server.log.queue.element-limit = 1024 (custom)
2019-09-26 15:38:56,665 [pool-123-thread-1] INFO  server.RaftServerConfigKeys (ConfUtils.java:logGet(43)) - raft.server.log.segment.size.max = 1048576 (custom)
2019-09-26 15:38:56,665 [pool-123-thread-1] INFO  server.RaftServerConfigKeys (ConfUtils.java:logGet(43)) - raft.server.log.preallocated.size = 16384 (custom)
2019-09-26 15:38:56,666 [pool-123-thread-1] INFO  server.RaftServerConfigKeys (ConfUtils.java:logGet(43)) - raft.server.log.write.buffer.size = 33554432 (custom)
2019-09-26 15:38:56,666 [pool-123-thread-1] INFO  server.RaftServerConfigKeys (ConfUtils.java:logGet(43)) - raft.server.log.force.sync.num = 128 (default)
2019-09-26 15:38:56,666 [pool-123-thread-1] INFO  server.RaftServerConfigKeys (ConfUtils.java:logGet(43)) - raft.server.log.statemachine.data.sync = true (default)
2019-09-26 15:38:56,666 [pool-123-thread-1] INFO  server.RaftServerConfigKeys (ConfUtils.java:logGet(43)) - raft.server.log.statemachine.data.sync.timeout = 10s (default)
2019-09-26 15:38:56,666 [pool-123-thread-1] INFO  server.RaftServerConfigKeys (ConfUtils.java:logGet(43)) - raft.server.log.statemachine.data.sync.timeout.retry = -1 (default)
2019-09-26 15:38:56,666 [pool-123-thread-1] INFO  server.RaftServerConfigKeys (ConfUtils.java:logGet(43)) - raft.server.log.statemachine.data.caching.enabled = true (custom)
2019-09-26 15:38:56,666 [pool-123-thread-1] INFO  segmented.SegmentedRaftLogWorker (SegmentedRaftLogWorker.java:lambda$new$0(132)) - bcb704dc-2543-42a4-8762-cde039a55a99@group-20AC887259AF-SegmentedRaftLogWorker: flushIndex: setUnconditionally 0 -> -1
2019-09-26 15:38:56,667 [pool-123-thread-1] INFO  server.RaftServerConfigKeys (ConfUtils.java:logGet(43)) - raft.server.snapshot.auto.trigger.enabled = true (custom)
2019-09-26 15:38:56,667 [pool-123-thread-1] INFO  server.RaftServerConfigKeys (ConfUtils.java:logGet(43)) - raft.server.snapshot.auto.trigger.threshold = 10000 (custom)
2019-09-26 15:38:56,667 [pool-123-thread-1] INFO  server.RaftServerConfigKeys (ConfUtils.java:logGet(43)) - raft.server.snapshot.retention.num.files = 5 (custom)
2019-09-26 15:38:56,667 [pool-123-thread-1] INFO  server.RaftServerConfigKeys (ConfUtils.java:logGet(43)) - raft.server.retrycache.expirytime = 600000ms (custom)
2019-09-26 15:38:56,669 [pool-123-thread-1] INFO  impl.RaftServerImpl (RaftServerImpl.java:start(185)) - bcb704dc-2543-42a4-8762-cde039a55a99@group-20AC887259AF: start as a follower, conf=-1: [bcb704dc-2543-42a4-8762-cde039a55a99:192.168.151.99:43663], old=null
2019-09-26 15:38:56,669 [pool-123-thread-1] INFO  impl.RaftServerImpl (RaftServerImpl.java:setRole(174)) - bcb704dc-2543-42a4-8762-cde039a55a99@group-20AC887259AF: changes role from      null to FOLLOWER at term 0 for startAsFollower
2019-09-26 15:38:56,669 [pool-123-thread-1] INFO  impl.RoleInfo (RoleInfo.java:updateAndGet(143)) - bcb704dc-2543-42a4-8762-cde039a55a99: start FollowerState
2019-09-26 15:38:56,669 [pool-123-thread-1] INFO  util.JmxRegister (JmxRegister.java:tryRegister(44)) - Successfully registered JMX Bean with object name Ratis:service=RaftServer,group=group-20AC887259AF,id=bcb704dc-2543-42a4-8762-cde039a55a99
2019-09-26 15:38:56,672 [RatisPipelineUtilsThread] INFO  pipeline.PipelineStateManager (PipelineStateManager.java:addPipeline(56)) - Created pipeline Pipeline[ Id: 4f55846c-c0ad-47d0-8823-20ac887259af, Nodes: bcb704dc-2543-42a4-8762-cde039a55a99{ip: 192.168.151.99, host: pr-hdds-1569-g6sp5-2013761785, networkLocation: /default-rack, certSerialId: null}, Type:RATIS, Factor:ONE, State:OPEN]
2019-09-26 15:38:56,677 [grpc-default-executor-0] INFO  impl.RaftServerProxy (RaftServerProxy.java:addNew(89)) - bcb704dc-2543-42a4-8762-cde039a55a99: addNew group-69BB3C0B63D8:[bcb704dc-2543-42a4-8762-cde039a55a99:192.168.151.99:43663] returns group-69BB3C0B63D8:java.util.concurrent.CompletableFuture@6f9ead2a[Not completed]
2019-09-26 15:38:56,677 [pool-123-thread-1] INFO  impl.RaftServerImpl (RaftServerImpl.java:<init>(95)) - bcb704dc-2543-42a4-8762-cde039a55a99: new RaftServerImpl for group-69BB3C0B63D8:[bcb704dc-2543-42a4-8762-cde039a55a99:192.168.151.99:43663] with ContainerStateMachine:uninitialized
2019-09-26 15:38:56,677 [pool-123-thread-1] INFO  server.RaftServerConfigKeys (ConfUtils.java:logGet(43)) - raft.server.rpc.timeout.min = 5s (custom)
2019-09-26 15:38:56,678 [pool-123-thread-1] INFO  server.RaftServerConfigKeys (ConfUtils.java:logGet(43)) - raft.server.rpc.timeout.max = 5200ms (custom)
2019-09-26 15:38:56,678 [pool-123-thread-1] INFO  server.RaftServerConfigKeys (ConfUtils.java:logGet(43)) - raft.server.rpcslowness.timeout = 120s (custom)
2019-09-26 15:38:56,678 [pool-123-thread-1] INFO  server.RaftServerConfigKeys (ConfUtils.java:logGet(43)) - raft.server.sleep.deviation.threshold = 300 (default)
2019-09-26 15:38:56,678 [pool-123-thread-1] INFO  server.RaftServerConfigKeys (ConfUtils.java:logGet(43)) - raft.server.log.appender.install.snapshot.enabled = false (custom)
2019-09-26 15:38:56,678 [pool-123-thread-1] INFO  impl.RaftServerImpl (ServerState.java:<init>(103)) - bcb704dc-2543-42a4-8762-cde039a55a99@group-69BB3C0B63D8: ConfigurationManager, init=-1: [bcb704dc-2543-42a4-8762-cde039a55a99:192.168.151.99:43663], old=null, confs=<EMPTY_MAP>
2019-09-26 15:38:56,678 [pool-123-thread-1] INFO  server.RaftServerConfigKeys (ConfUtils.java:logGet(43)) - raft.server.storage.dir = [/workdir/hadoop-ozone/integration-test/target/test-dir/MiniOzoneClusterImpl-87962e32-e39f-4c57-b747-30c883c1cc54/datanode-0/data/ratis] (custom)
2019-09-26 15:38:56,679 [pool-123-thread-1] INFO  storage.RaftStorageDirectory (RaftStorageDirectory.java:analyzeStorage(246)) - The storage directory /workdir/hadoop-ozone/integration-test/target/test-dir/MiniOzoneClusterImpl-87962e32-e39f-4c57-b747-30c883c1cc54/datanode-0/data/ratis/4691bb33-68c6-4ee8-80b9-69bb3c0b63d8 does not exist. Creating ...
2019-09-26 15:38:56,703 [pool-123-thread-1] INFO  storage.RaftStorageDirectory (RaftStorageDirectory.java:tryLock(328)) - Lock on /workdir/hadoop-ozone/integration-test/target/test-dir/MiniOzoneClusterImpl-87962e32-e39f-4c57-b747-30c883c1cc54/datanode-0/data/ratis/4691bb33-68c6-4ee8-80b9-69bb3c0b63d8/in_use.lock acquired by nodename 10626@pr-hdds-1569-g6sp5-2013761785
2019-09-26 15:38:56,716 [pool-123-thread-1] INFO  storage.RaftStorage (RaftStorage.java:format(72)) - Storage directory /workdir/hadoop-ozone/integration-test/target/test-dir/MiniOzoneClusterImpl-87962e32-e39f-4c57-b747-30c883c1cc54/datanode-0/data/ratis/4691bb33-68c6-4ee8-80b9-69bb3c0b63d8 has been successfully formatted.
2019-09-26 15:38:56,716 [pool-123-thread-1] INFO  ratis.ContainerStateMachine (ContainerStateMachine.java:loadSnapshot(230)) - group-69BB3C0B63D8: The snapshot info is null. Setting the last applied indexto:(t:0, i:~)
2019-09-26 15:38:56,717 [pool-123-thread-1] INFO  server.RaftServerConfigKeys (ConfUtils.java:logGet(43)) - raft.server.notification.no-leader.timeout = 120s (custom)
2019-09-26 15:38:56,717 [pool-123-thread-1] INFO  server.RaftServerConfigKeys (ConfUtils.java:logGet(43)) - raft.server.log.use.memory = false (default)
2019-09-26 15:38:56,717 [pool-123-thread-1] INFO  server.RaftServerConfigKeys (ConfUtils.java:logGet(43)) - raft.server.log.purge.gap = 1000000 (custom)
2019-09-26 15:38:56,717 [pool-123-thread-1] INFO  server.RaftServerConfigKeys (ConfUtils.java:logGet(43)) - raft.server.log.appender.buffer.byte-limit = 33554432 (custom)
2019-09-26 15:38:56,717 [pool-123-thread-1] INFO  server.RaftServerConfigKeys (ConfUtils.java:logGet(43)) - raft.server.log.segment.size.max = 1048576 (custom)
2019-09-26 15:38:56,717 [pool-123-thread-1] INFO  server.RaftServerConfigKeys (ConfUtils.java:logGet(43)) - raft.server.log.segment.cache.num.max = 2 (custom)
2019-09-26 15:38:56,717 [pool-123-thread-1] INFO  segmented.SegmentedRaftLogWorker (SegmentedRaftLogWorker.java:<init>(172)) - new bcb704dc-2543-42a4-8762-cde039a55a99@group-69BB3C0B63D8-SegmentedRaftLogWorker for RaftStorage:Storage Directory /workdir/hadoop-ozone/integration-test/target/test-dir/MiniOzoneClusterImpl-87962e32-e39f-4c57-b747-30c883c1cc54/datanode-0/data/ratis/4691bb33-68c6-4ee8-80b9-69bb3c0b63d8
2019-09-26 15:38:56,717 [pool-123-thread-1] INFO  server.RaftServerConfigKeys (ConfUtils.java:logGet(43)) - raft.server.log.queue.byte-limit = 2147483647 (custom)
2019-09-26 15:38:56,718 [pool-123-thread-1] INFO  server.RaftServerConfigKeys (ConfUtils.java:logGet(43)) - raft.server.log.queue.element-limit = 1024 (custom)
2019-09-26 15:38:56,718 [pool-123-thread-1] INFO  server.RaftServerConfigKeys (ConfUtils.java:logGet(43)) - raft.server.log.segment.size.max = 1048576 (custom)
2019-09-26 15:38:56,718 [pool-123-thread-1] INFO  server.RaftServerConfigKeys (ConfUtils.java:logGet(43)) - raft.server.log.preallocated.size = 16384 (custom)
2019-09-26 15:38:56,718 [pool-123-thread-1] INFO  server.RaftServerConfigKeys (ConfUtils.java:logGet(43)) - raft.server.log.write.buffer.size = 33554432 (custom)
2019-09-26 15:38:56,718 [pool-123-thread-1] INFO  server.RaftServerConfigKeys (ConfUtils.java:logGet(43)) - raft.server.log.force.sync.num = 128 (default)
2019-09-26 15:38:56,718 [pool-123-thread-1] INFO  server.RaftServerConfigKeys (ConfUtils.java:logGet(43)) - raft.server.log.statemachine.data.sync = true (default)
2019-09-26 15:38:56,718 [pool-123-thread-1] INFO  server.RaftServerConfigKeys (ConfUtils.java:logGet(43)) - raft.server.log.statemachine.data.sync.timeout = 10s (default)
2019-09-26 15:38:56,718 [pool-123-thread-1] INFO  server.RaftServerConfigKeys (ConfUtils.java:logGet(43)) - raft.server.log.statemachine.data.sync.timeout.retry = -1 (default)
2019-09-26 15:38:56,719 [pool-123-thread-1] INFO  server.RaftServerConfigKeys (ConfUtils.java:logGet(43)) - raft.server.log.statemachine.data.caching.enabled = true (custom)
2019-09-26 15:38:56,719 [pool-123-thread-1] INFO  segmented.SegmentedRaftLogWorker (SegmentedRaftLogWorker.java:lambda$new$0(132)) - bcb704dc-2543-42a4-8762-cde039a55a99@group-69BB3C0B63D8-SegmentedRaftLogWorker: flushIndex: setUnconditionally 0 -> -1
2019-09-26 15:38:56,719 [pool-123-thread-1] INFO  server.RaftServerConfigKeys (ConfUtils.java:logGet(43)) - raft.server.snapshot.auto.trigger.enabled = true (custom)
2019-09-26 15:38:56,719 [pool-123-thread-1] INFO  server.RaftServerConfigKeys (ConfUtils.java:logGet(43)) - raft.server.snapshot.auto.trigger.threshold = 10000 (custom)
2019-09-26 15:38:56,719 [pool-123-thread-1] INFO  server.RaftServerConfigKeys (ConfUtils.java:logGet(43)) - raft.server.snapshot.retention.num.files = 5 (custom)
2019-09-26 15:38:56,719 [pool-123-thread-1] INFO  server.RaftServerConfigKeys (ConfUtils.java:logGet(43)) - raft.server.retrycache.expirytime = 600000ms (custom)
2019-09-26 15:38:56,721 [pool-123-thread-1] INFO  impl.RaftServerImpl (RaftServerImpl.java:start(185)) - bcb704dc-2543-42a4-8762-cde039a55a99@group-69BB3C0B63D8: start as a follower, conf=-1: [bcb704dc-2543-42a4-8762-cde039a55a99:192.168.151.99:43663], old=null
2019-09-26 15:38:56,721 [pool-123-thread-1] INFO  impl.RaftServerImpl (RaftServerImpl.java:setRole(174)) - bcb704dc-2543-42a4-8762-cde039a55a99@group-69BB3C0B63D8: changes role from      null to FOLLOWER at term 0 for startAsFollower
2019-09-26 15:38:56,721 [pool-123-thread-1] INFO  impl.RoleInfo (RoleInfo.java:updateAndGet(143)) - bcb704dc-2543-42a4-8762-cde039a55a99: start FollowerState
2019-09-26 15:38:56,722 [pool-123-thread-1] INFO  util.JmxRegister (JmxRegister.java:tryRegister(44)) - Successfully registered JMX Bean with object name Ratis:service=RaftServer,group=group-69BB3C0B63D8,id=bcb704dc-2543-42a4-8762-cde039a55a99
2019-09-26 15:38:56,724 [RatisPipelineUtilsThread] INFO  pipeline.PipelineStateManager (PipelineStateManager.java:addPipeline(56)) - Created pipeline Pipeline[ Id: 4691bb33-68c6-4ee8-80b9-69bb3c0b63d8, Nodes: bcb704dc-2543-42a4-8762-cde039a55a99{ip: 192.168.151.99, host: pr-hdds-1569-g6sp5-2013761785, networkLocation: /default-rack, certSerialId: null}, Type:RATIS, Factor:ONE, State:OPEN]
2019-09-26 15:38:56,728 [grpc-default-executor-0] INFO  impl.RaftServerProxy (RaftServerProxy.java:addNew(89)) - bcb704dc-2543-42a4-8762-cde039a55a99: addNew group-C76860977E5E:[bcb704dc-2543-42a4-8762-cde039a55a99:192.168.151.99:43663] returns group-C76860977E5E:java.util.concurrent.CompletableFuture@52ea003f[Not completed]
2019-09-26 15:38:56,729 [pool-123-thread-1] INFO  impl.RaftServerImpl (RaftServerImpl.java:<init>(95)) - bcb704dc-2543-42a4-8762-cde039a55a99: new RaftServerImpl for group-C76860977E5E:[bcb704dc-2543-42a4-8762-cde039a55a99:192.168.151.99:43663] with ContainerStateMachine:uninitialized
2019-09-26 15:38:56,729 [pool-123-thread-1] INFO  server.RaftServerConfigKeys (ConfUtils.java:logGet(43)) - raft.server.rpc.timeout.min = 5s (custom)
2019-09-26 15:38:56,729 [pool-123-thread-1] INFO  server.RaftServerConfigKeys (ConfUtils.java:logGet(43)) - raft.server.rpc.timeout.max = 5200ms (custom)
2019-09-26 15:38:56,729 [pool-123-thread-1] INFO  server.RaftServerConfigKeys (ConfUtils.java:logGet(43)) - raft.server.rpcslowness.timeout = 120s (custom)
2019-09-26 15:38:56,729 [pool-123-thread-1] INFO  server.RaftServerConfigKeys (ConfUtils.java:logGet(43)) - raft.server.sleep.deviation.threshold = 300 (default)
2019-09-26 15:38:56,729 [pool-123-thread-1] INFO  server.RaftServerConfigKeys (ConfUtils.java:logGet(43)) - raft.server.log.appender.install.snapshot.enabled = false (custom)
2019-09-26 15:38:56,729 [pool-123-thread-1] INFO  impl.RaftServerImpl (ServerState.java:<init>(103)) - bcb704dc-2543-42a4-8762-cde039a55a99@group-C76860977E5E: ConfigurationManager, init=-1: [bcb704dc-2543-42a4-8762-cde039a55a99:192.168.151.99:43663], old=null, confs=<EMPTY_MAP>
2019-09-26 15:38:56,729 [pool-123-thread-1] INFO  server.RaftServerConfigKeys (ConfUtils.java:logGet(43)) - raft.server.storage.dir = [/workdir/hadoop-ozone/integration-test/target/test-dir/MiniOzoneClusterImpl-87962e32-e39f-4c57-b747-30c883c1cc54/datanode-0/data/ratis] (custom)
2019-09-26 15:38:56,730 [pool-123-thread-1] INFO  storage.RaftStorageDirectory (RaftStorageDirectory.java:analyzeStorage(246)) - The storage directory /workdir/hadoop-ozone/integration-test/target/test-dir/MiniOzoneClusterImpl-87962e32-e39f-4c57-b747-30c883c1cc54/datanode-0/data/ratis/591b60d7-d7f2-4cf0-af30-c76860977e5e does not exist. Creating ...
2019-09-26 15:38:56,743 [pool-123-thread-1] INFO  storage.RaftStorageDirectory (RaftStorageDirectory.java:tryLock(328)) - Lock on /workdir/hadoop-ozone/integration-test/target/test-dir/MiniOzoneClusterImpl-87962e32-e39f-4c57-b747-30c883c1cc54/datanode-0/data/ratis/591b60d7-d7f2-4cf0-af30-c76860977e5e/in_use.lock acquired by nodename 10626@pr-hdds-1569-g6sp5-2013761785
2019-09-26 15:38:56,755 [pool-123-thread-1] INFO  storage.RaftStorage (RaftStorage.java:format(72)) - Storage directory /workdir/hadoop-ozone/integration-test/target/test-dir/MiniOzoneClusterImpl-87962e32-e39f-4c57-b747-30c883c1cc54/datanode-0/data/ratis/591b60d7-d7f2-4cf0-af30-c76860977e5e has been successfully formatted.
2019-09-26 15:38:56,756 [pool-123-thread-1] INFO  ratis.ContainerStateMachine (ContainerStateMachine.java:loadSnapshot(230)) - group-C76860977E5E: The snapshot info is null. Setting the last applied indexto:(t:0, i:~)
2019-09-26 15:38:56,756 [pool-123-thread-1] INFO  server.RaftServerConfigKeys (ConfUtils.java:logGet(43)) - raft.server.notification.no-leader.timeout = 120s (custom)
2019-09-26 15:38:56,756 [pool-123-thread-1] INFO  server.RaftServerConfigKeys (ConfUtils.java:logGet(43)) - raft.server.log.use.memory = false (default)
2019-09-26 15:38:56,756 [pool-123-thread-1] INFO  server.RaftServerConfigKeys (ConfUtils.java:logGet(43)) - raft.server.log.purge.gap = 1000000 (custom)
2019-09-26 15:38:56,756 [pool-123-thread-1] INFO  server.RaftServerConfigKeys (ConfUtils.java:logGet(43)) - raft.server.log.appender.buffer.byte-limit = 33554432 (custom)
2019-09-26 15:38:56,756 [pool-123-thread-1] INFO  server.RaftServerConfigKeys (ConfUtils.java:logGet(43)) - raft.server.log.segment.size.max = 1048576 (custom)
2019-09-26 15:38:56,756 [pool-123-thread-1] INFO  server.RaftServerConfigKeys (ConfUtils.java:logGet(43)) - raft.server.log.segment.cache.num.max = 2 (custom)
2019-09-26 15:38:56,757 [pool-123-thread-1] INFO  segmented.SegmentedRaftLogWorker (SegmentedRaftLogWorker.java:<init>(172)) - new bcb704dc-2543-42a4-8762-cde039a55a99@group-C76860977E5E-SegmentedRaftLogWorker for RaftStorage:Storage Directory /workdir/hadoop-ozone/integration-test/target/test-dir/MiniOzoneClusterImpl-87962e32-e39f-4c57-b747-30c883c1cc54/datanode-0/data/ratis/591b60d7-d7f2-4cf0-af30-c76860977e5e
2019-09-26 15:38:56,757 [pool-123-thread-1] INFO  server.RaftServerConfigKeys (ConfUtils.java:logGet(43)) - raft.server.log.queue.byte-limit = 2147483647 (custom)
2019-09-26 15:38:56,757 [pool-123-thread-1] INFO  server.RaftServerConfigKeys (ConfUtils.java:logGet(43)) - raft.server.log.queue.element-limit = 1024 (custom)
2019-09-26 15:38:56,757 [pool-123-thread-1] INFO  server.RaftServerConfigKeys (ConfUtils.java:logGet(43)) - raft.server.log.segment.size.max = 1048576 (custom)
2019-09-26 15:38:56,757 [pool-123-thread-1] INFO  server.RaftServerConfigKeys (ConfUtils.java:logGet(43)) - raft.server.log.preallocated.size = 16384 (custom)
2019-09-26 15:38:56,757 [pool-123-thread-1] INFO  server.RaftServerConfigKeys (ConfUtils.java:logGet(43)) - raft.server.log.write.buffer.size = 33554432 (custom)
2019-09-26 15:38:56,757 [pool-123-thread-1] INFO  server.RaftServerConfigKeys (ConfUtils.java:logGet(43)) - raft.server.log.force.sync.num = 128 (default)
2019-09-26 15:38:56,757 [pool-123-thread-1] INFO  server.RaftServerConfigKeys (ConfUtils.java:logGet(43)) - raft.server.log.statemachine.data.sync = true (default)
2019-09-26 15:38:56,757 [pool-123-thread-1] INFO  server.RaftServerConfigKeys (ConfUtils.java:logGet(43)) - raft.server.log.statemachine.data.sync.timeout = 10s (default)
2019-09-26 15:38:56,758 [pool-123-thread-1] INFO  server.RaftServerConfigKeys (ConfUtils.java:logGet(43)) - raft.server.log.statemachine.data.sync.timeout.retry = -1 (default)
2019-09-26 15:38:56,758 [pool-123-thread-1] INFO  server.RaftServerConfigKeys (ConfUtils.java:logGet(43)) - raft.server.log.statemachine.data.caching.enabled = true (custom)
2019-09-26 15:38:56,758 [pool-123-thread-1] INFO  segmented.SegmentedRaftLogWorker (SegmentedRaftLogWorker.java:lambda$new$0(132)) - bcb704dc-2543-42a4-8762-cde039a55a99@group-C76860977E5E-SegmentedRaftLogWorker: flushIndex: setUnconditionally 0 -> -1
2019-09-26 15:38:56,758 [pool-123-thread-1] INFO  server.RaftServerConfigKeys (ConfUtils.java:logGet(43)) - raft.server.snapshot.auto.trigger.enabled = true (custom)
2019-09-26 15:38:56,758 [pool-123-thread-1] INFO  server.RaftServerConfigKeys (ConfUtils.java:logGet(43)) - raft.server.snapshot.auto.trigger.threshold = 10000 (custom)
2019-09-26 15:38:56,759 [pool-123-thread-1] INFO  server.RaftServerConfigKeys (ConfUtils.java:logGet(43)) - raft.server.snapshot.retention.num.files = 5 (custom)
2019-09-26 15:38:56,759 [pool-123-thread-1] INFO  server.RaftServerConfigKeys (ConfUtils.java:logGet(43)) - raft.server.retrycache.expirytime = 600000ms (custom)
2019-09-26 15:38:56,760 [pool-123-thread-1] INFO  impl.RaftServerImpl (RaftServerImpl.java:start(185)) - bcb704dc-2543-42a4-8762-cde039a55a99@group-C76860977E5E: start as a follower, conf=-1: [bcb704dc-2543-42a4-8762-cde039a55a99:192.168.151.99:43663], old=null
2019-09-26 15:38:56,760 [pool-123-thread-1] INFO  impl.RaftServerImpl (RaftServerImpl.java:setRole(174)) - bcb704dc-2543-42a4-8762-cde039a55a99@group-C76860977E5E: changes role from      null to FOLLOWER at term 0 for startAsFollower
2019-09-26 15:38:56,760 [pool-123-thread-1] INFO  impl.RoleInfo (RoleInfo.java:updateAndGet(143)) - bcb704dc-2543-42a4-8762-cde039a55a99: start FollowerState
2019-09-26 15:38:56,760 [pool-123-thread-1] INFO  util.JmxRegister (JmxRegister.java:tryRegister(44)) - Successfully registered JMX Bean with object name Ratis:service=RaftServer,group=group-C76860977E5E,id=bcb704dc-2543-42a4-8762-cde039a55a99
2019-09-26 15:38:56,762 [RatisPipelineUtilsThread] INFO  pipeline.PipelineStateManager (PipelineStateManager.java:addPipeline(56)) - Created pipeline Pipeline[ Id: 591b60d7-d7f2-4cf0-af30-c76860977e5e, Nodes: bcb704dc-2543-42a4-8762-cde039a55a99{ip: 192.168.151.99, host: pr-hdds-1569-g6sp5-2013761785, networkLocation: /default-rack, certSerialId: null}, Type:RATIS, Factor:ONE, State:OPEN]
2019-09-26 15:38:56,766 [grpc-default-executor-0] INFO  impl.RaftServerProxy (RaftServerProxy.java:addNew(89)) - bcb704dc-2543-42a4-8762-cde039a55a99: addNew group-18DFCDEF3120:[bcb704dc-2543-42a4-8762-cde039a55a99:192.168.151.99:43663] returns group-18DFCDEF3120:java.util.concurrent.CompletableFuture@11b77d0f[Not completed]
2019-09-26 15:38:56,767 [pool-123-thread-1] INFO  impl.RaftServerImpl (RaftServerImpl.java:<init>(95)) - bcb704dc-2543-42a4-8762-cde039a55a99: new RaftServerImpl for group-18DFCDEF3120:[bcb704dc-2543-42a4-8762-cde039a55a99:192.168.151.99:43663] with ContainerStateMachine:uninitialized
2019-09-26 15:38:56,767 [pool-123-thread-1] INFO  server.RaftServerConfigKeys (ConfUtils.java:logGet(43)) - raft.server.rpc.timeout.min = 5s (custom)
2019-09-26 15:38:56,767 [pool-123-thread-1] INFO  server.RaftServerConfigKeys (ConfUtils.java:logGet(43)) - raft.server.rpc.timeout.max = 5200ms (custom)
2019-09-26 15:38:56,767 [pool-123-thread-1] INFO  server.RaftServerConfigKeys (ConfUtils.java:logGet(43)) - raft.server.rpcslowness.timeout = 120s (custom)
2019-09-26 15:38:56,767 [pool-123-thread-1] INFO  server.RaftServerConfigKeys (ConfUtils.java:logGet(43)) - raft.server.sleep.deviation.threshold = 300 (default)
2019-09-26 15:38:56,767 [pool-123-thread-1] INFO  server.RaftServerConfigKeys (ConfUtils.java:logGet(43)) - raft.server.log.appender.install.snapshot.enabled = false (custom)
2019-09-26 15:38:56,767 [pool-123-thread-1] INFO  impl.RaftServerImpl (ServerState.java:<init>(103)) - bcb704dc-2543-42a4-8762-cde039a55a99@group-18DFCDEF3120: ConfigurationManager, init=-1: [bcb704dc-2543-42a4-8762-cde039a55a99:192.168.151.99:43663], old=null, confs=<EMPTY_MAP>
2019-09-26 15:38:56,767 [pool-123-thread-1] INFO  server.RaftServerConfigKeys (ConfUtils.java:logGet(43)) - raft.server.storage.dir = [/workdir/hadoop-ozone/integration-test/target/test-dir/MiniOzoneClusterImpl-87962e32-e39f-4c57-b747-30c883c1cc54/datanode-0/data/ratis] (custom)
2019-09-26 15:38:56,768 [pool-123-thread-1] INFO  storage.RaftStorageDirectory (RaftStorageDirectory.java:analyzeStorage(246)) - The storage directory /workdir/hadoop-ozone/integration-test/target/test-dir/MiniOzoneClusterImpl-87962e32-e39f-4c57-b747-30c883c1cc54/datanode-0/data/ratis/65ff0966-6a65-4c5f-895e-18dfcdef3120 does not exist. Creating ...
2019-09-26 15:38:56,781 [pool-123-thread-1] INFO  storage.RaftStorageDirectory (RaftStorageDirectory.java:tryLock(328)) - Lock on /workdir/hadoop-ozone/integration-test/target/test-dir/MiniOzoneClusterImpl-87962e32-e39f-4c57-b747-30c883c1cc54/datanode-0/data/ratis/65ff0966-6a65-4c5f-895e-18dfcdef3120/in_use.lock acquired by nodename 10626@pr-hdds-1569-g6sp5-2013761785
2019-09-26 15:38:56,794 [pool-123-thread-1] INFO  storage.RaftStorage (RaftStorage.java:format(72)) - Storage directory /workdir/hadoop-ozone/integration-test/target/test-dir/MiniOzoneClusterImpl-87962e32-e39f-4c57-b747-30c883c1cc54/datanode-0/data/ratis/65ff0966-6a65-4c5f-895e-18dfcdef3120 has been successfully formatted.
2019-09-26 15:38:56,794 [pool-123-thread-1] INFO  ratis.ContainerStateMachine (ContainerStateMachine.java:loadSnapshot(230)) - group-18DFCDEF3120: The snapshot info is null. Setting the last applied indexto:(t:0, i:~)
2019-09-26 15:38:56,794 [pool-123-thread-1] INFO  server.RaftServerConfigKeys (ConfUtils.java:logGet(43)) - raft.server.notification.no-leader.timeout = 120s (custom)
2019-09-26 15:38:56,794 [pool-123-thread-1] INFO  server.RaftServerConfigKeys (ConfUtils.java:logGet(43)) - raft.server.log.use.memory = false (default)
2019-09-26 15:38:56,794 [pool-123-thread-1] INFO  server.RaftServerConfigKeys (ConfUtils.java:logGet(43)) - raft.server.log.purge.gap = 1000000 (custom)
2019-09-26 15:38:56,794 [pool-123-thread-1] INFO  server.RaftServerConfigKeys (ConfUtils.java:logGet(43)) - raft.server.log.appender.buffer.byte-limit = 33554432 (custom)
2019-09-26 15:38:56,794 [pool-123-thread-1] INFO  server.RaftServerConfigKeys (ConfUtils.java:logGet(43)) - raft.server.log.segment.size.max = 1048576 (custom)
2019-09-26 15:38:56,794 [pool-123-thread-1] INFO  server.RaftServerConfigKeys (ConfUtils.java:logGet(43)) - raft.server.log.segment.cache.num.max = 2 (custom)
2019-09-26 15:38:56,795 [pool-123-thread-1] INFO  segmented.SegmentedRaftLogWorker (SegmentedRaftLogWorker.java:<init>(172)) - new bcb704dc-2543-42a4-8762-cde039a55a99@group-18DFCDEF3120-SegmentedRaftLogWorker for RaftStorage:Storage Directory /workdir/hadoop-ozone/integration-test/target/test-dir/MiniOzoneClusterImpl-87962e32-e39f-4c57-b747-30c883c1cc54/datanode-0/data/ratis/65ff0966-6a65-4c5f-895e-18dfcdef3120
2019-09-26 15:38:56,795 [pool-123-thread-1] INFO  server.RaftServerConfigKeys (ConfUtils.java:logGet(43)) - raft.server.log.queue.byte-limit = 2147483647 (custom)
2019-09-26 15:38:56,795 [pool-123-thread-1] INFO  server.RaftServerConfigKeys (ConfUtils.java:logGet(43)) - raft.server.log.queue.element-limit = 1024 (custom)
2019-09-26 15:38:56,795 [pool-123-thread-1] INFO  server.RaftServerConfigKeys (ConfUtils.java:logGet(43)) - raft.server.log.segment.size.max = 1048576 (custom)
2019-09-26 15:38:56,795 [pool-123-thread-1] INFO  server.RaftServerConfigKeys (ConfUtils.java:logGet(43)) - raft.server.log.preallocated.size = 16384 (custom)
2019-09-26 15:38:56,795 [pool-123-thread-1] INFO  server.RaftServerConfigKeys (ConfUtils.java:logGet(43)) - raft.server.log.write.buffer.size = 33554432 (custom)
2019-09-26 15:38:56,795 [pool-123-thread-1] INFO  server.RaftServerConfigKeys (ConfUtils.java:logGet(43)) - raft.server.log.force.sync.num = 128 (default)
2019-09-26 15:38:56,795 [pool-123-thread-1] INFO  server.RaftServerConfigKeys (ConfUtils.java:logGet(43)) - raft.server.log.statemachine.data.sync = true (default)
2019-09-26 15:38:56,795 [pool-123-thread-1] INFO  server.RaftServerConfigKeys (ConfUtils.java:logGet(43)) - raft.server.log.statemachine.data.sync.timeout = 10s (default)
2019-09-26 15:38:56,796 [pool-123-thread-1] INFO  server.RaftServerConfigKeys (ConfUtils.java:logGet(43)) - raft.server.log.statemachine.data.sync.timeout.retry = -1 (default)
2019-09-26 15:38:56,796 [pool-123-thread-1] INFO  server.RaftServerConfigKeys (ConfUtils.java:logGet(43)) - raft.server.log.statemachine.data.caching.enabled = true (custom)
2019-09-26 15:38:56,796 [pool-123-thread-1] INFO  segmented.SegmentedRaftLogWorker (SegmentedRaftLogWorker.java:lambda$new$0(132)) - bcb704dc-2543-42a4-8762-cde039a55a99@group-18DFCDEF3120-SegmentedRaftLogWorker: flushIndex: setUnconditionally 0 -> -1
2019-09-26 15:38:56,796 [pool-123-thread-1] INFO  server.RaftServerConfigKeys (ConfUtils.java:logGet(43)) - raft.server.snapshot.auto.trigger.enabled = true (custom)
2019-09-26 15:38:56,796 [pool-123-thread-1] INFO  server.RaftServerConfigKeys (ConfUtils.java:logGet(43)) - raft.server.snapshot.auto.trigger.threshold = 10000 (custom)
2019-09-26 15:38:56,796 [pool-123-thread-1] INFO  server.RaftServerConfigKeys (ConfUtils.java:logGet(43)) - raft.server.snapshot.retention.num.files = 5 (custom)
2019-09-26 15:38:56,796 [pool-123-thread-1] INFO  server.RaftServerConfigKeys (ConfUtils.java:logGet(43)) - raft.server.retrycache.expirytime = 600000ms (custom)
2019-09-26 15:38:56,797 [pool-123-thread-1] INFO  impl.RaftServerImpl (RaftServerImpl.java:start(185)) - bcb704dc-2543-42a4-8762-cde039a55a99@group-18DFCDEF3120: start as a follower, conf=-1: [bcb704dc-2543-42a4-8762-cde039a55a99:192.168.151.99:43663], old=null
2019-09-26 15:38:56,798 [pool-123-thread-1] INFO  impl.RaftServerImpl (RaftServerImpl.java:setRole(174)) - bcb704dc-2543-42a4-8762-cde039a55a99@group-18DFCDEF3120: changes role from      null to FOLLOWER at term 0 for startAsFollower
2019-09-26 15:38:56,798 [pool-123-thread-1] INFO  impl.RoleInfo (RoleInfo.java:updateAndGet(143)) - bcb704dc-2543-42a4-8762-cde039a55a99: start FollowerState
2019-09-26 15:38:56,798 [pool-123-thread-1] INFO  util.JmxRegister (JmxRegister.java:tryRegister(44)) - Successfully registered JMX Bean with object name Ratis:service=RaftServer,group=group-18DFCDEF3120,id=bcb704dc-2543-42a4-8762-cde039a55a99
2019-09-26 15:38:56,800 [RatisPipelineUtilsThread] INFO  pipeline.PipelineStateManager (PipelineStateManager.java:addPipeline(56)) - Created pipeline Pipeline[ Id: 65ff0966-6a65-4c5f-895e-18dfcdef3120, Nodes: bcb704dc-2543-42a4-8762-cde039a55a99{ip: 192.168.151.99, host: pr-hdds-1569-g6sp5-2013761785, networkLocation: /default-rack, certSerialId: null}, Type:RATIS, Factor:ONE, State:OPEN]
2019-09-26 15:38:56,803 [grpc-default-executor-0] INFO  impl.RaftServerProxy (RaftServerProxy.java:addNew(89)) - bcb704dc-2543-42a4-8762-cde039a55a99: addNew group-7399194A29EE:[bcb704dc-2543-42a4-8762-cde039a55a99:192.168.151.99:43663] returns group-7399194A29EE:java.util.concurrent.CompletableFuture@10526987[Not completed]
2019-09-26 15:38:56,803 [pool-123-thread-1] INFO  impl.RaftServerImpl (RaftServerImpl.java:<init>(95)) - bcb704dc-2543-42a4-8762-cde039a55a99: new RaftServerImpl for group-7399194A29EE:[bcb704dc-2543-42a4-8762-cde039a55a99:192.168.151.99:43663] with ContainerStateMachine:uninitialized
2019-09-26 15:38:56,804 [pool-123-thread-1] INFO  server.RaftServerConfigKeys (ConfUtils.java:logGet(43)) - raft.server.rpc.timeout.min = 5s (custom)
2019-09-26 15:38:56,804 [pool-123-thread-1] INFO  server.RaftServerConfigKeys (ConfUtils.java:logGet(43)) - raft.server.rpc.timeout.max = 5200ms (custom)
2019-09-26 15:38:56,804 [pool-123-thread-1] INFO  server.RaftServerConfigKeys (ConfUtils.java:logGet(43)) - raft.server.rpcslowness.timeout = 120s (custom)
2019-09-26 15:38:56,804 [pool-123-thread-1] INFO  server.RaftServerConfigKeys (ConfUtils.java:logGet(43)) - raft.server.sleep.deviation.threshold = 300 (default)
2019-09-26 15:38:56,804 [pool-123-thread-1] INFO  server.RaftServerConfigKeys (ConfUtils.java:logGet(43)) - raft.server.log.appender.install.snapshot.enabled = false (custom)
2019-09-26 15:38:56,804 [pool-123-thread-1] INFO  impl.RaftServerImpl (ServerState.java:<init>(103)) - bcb704dc-2543-42a4-8762-cde039a55a99@group-7399194A29EE: ConfigurationManager, init=-1: [bcb704dc-2543-42a4-8762-cde039a55a99:192.168.151.99:43663], old=null, confs=<EMPTY_MAP>
2019-09-26 15:38:56,804 [pool-123-thread-1] INFO  server.RaftServerConfigKeys (ConfUtils.java:logGet(43)) - raft.server.storage.dir = [/workdir/hadoop-ozone/integration-test/target/test-dir/MiniOzoneClusterImpl-87962e32-e39f-4c57-b747-30c883c1cc54/datanode-0/data/ratis] (custom)
2019-09-26 15:38:56,805 [pool-123-thread-1] INFO  storage.RaftStorageDirectory (RaftStorageDirectory.java:analyzeStorage(246)) - The storage directory /workdir/hadoop-ozone/integration-test/target/test-dir/MiniOzoneClusterImpl-87962e32-e39f-4c57-b747-30c883c1cc54/datanode-0/data/ratis/1c44416d-7872-45b2-a187-7399194a29ee does not exist. Creating ...
2019-09-26 15:38:56,818 [pool-123-thread-1] INFO  storage.RaftStorageDirectory (RaftStorageDirectory.java:tryLock(328)) - Lock on /workdir/hadoop-ozone/integration-test/target/test-dir/MiniOzoneClusterImpl-87962e32-e39f-4c57-b747-30c883c1cc54/datanode-0/data/ratis/1c44416d-7872-45b2-a187-7399194a29ee/in_use.lock acquired by nodename 10626@pr-hdds-1569-g6sp5-2013761785
2019-09-26 15:38:56,832 [pool-123-thread-1] INFO  storage.RaftStorage (RaftStorage.java:format(72)) - Storage directory /workdir/hadoop-ozone/integration-test/target/test-dir/MiniOzoneClusterImpl-87962e32-e39f-4c57-b747-30c883c1cc54/datanode-0/data/ratis/1c44416d-7872-45b2-a187-7399194a29ee has been successfully formatted.
2019-09-26 15:38:56,832 [pool-123-thread-1] INFO  ratis.ContainerStateMachine (ContainerStateMachine.java:loadSnapshot(230)) - group-7399194A29EE: The snapshot info is null. Setting the last applied indexto:(t:0, i:~)
2019-09-26 15:38:56,832 [pool-123-thread-1] INFO  server.RaftServerConfigKeys (ConfUtils.java:logGet(43)) - raft.server.notification.no-leader.timeout = 120s (custom)
2019-09-26 15:38:56,833 [pool-123-thread-1] INFO  server.RaftServerConfigKeys (ConfUtils.java:logGet(43)) - raft.server.log.use.memory = false (default)
2019-09-26 15:38:56,833 [pool-123-thread-1] INFO  server.RaftServerConfigKeys (ConfUtils.java:logGet(43)) - raft.server.log.purge.gap = 1000000 (custom)
2019-09-26 15:38:56,833 [pool-123-thread-1] INFO  server.RaftServerConfigKeys (ConfUtils.java:logGet(43)) - raft.server.log.appender.buffer.byte-limit = 33554432 (custom)
2019-09-26 15:38:56,833 [pool-123-thread-1] INFO  server.RaftServerConfigKeys (ConfUtils.java:logGet(43)) - raft.server.log.segment.size.max = 1048576 (custom)
2019-09-26 15:38:56,833 [pool-123-thread-1] INFO  server.RaftServerConfigKeys (ConfUtils.java:logGet(43)) - raft.server.log.segment.cache.num.max = 2 (custom)
2019-09-26 15:38:56,833 [pool-123-thread-1] INFO  segmented.SegmentedRaftLogWorker (SegmentedRaftLogWorker.java:<init>(172)) - new bcb704dc-2543-42a4-8762-cde039a55a99@group-7399194A29EE-SegmentedRaftLogWorker for RaftStorage:Storage Directory /workdir/hadoop-ozone/integration-test/target/test-dir/MiniOzoneClusterImpl-87962e32-e39f-4c57-b747-30c883c1cc54/datanode-0/data/ratis/1c44416d-7872-45b2-a187-7399194a29ee
2019-09-26 15:38:56,834 [pool-123-thread-1] INFO  server.RaftServerConfigKeys (ConfUtils.java:logGet(43)) - raft.server.log.queue.byte-limit = 2147483647 (custom)
2019-09-26 15:38:56,834 [pool-123-thread-1] INFO  server.RaftServerConfigKeys (ConfUtils.java:logGet(43)) - raft.server.log.queue.element-limit = 1024 (custom)
2019-09-26 15:38:56,834 [pool-123-thread-1] INFO  server.RaftServerConfigKeys (ConfUtils.java:logGet(43)) - raft.server.log.segment.size.max = 1048576 (custom)
2019-09-26 15:38:56,834 [pool-123-thread-1] INFO  server.RaftServerConfigKeys (ConfUtils.java:logGet(43)) - raft.server.log.preallocated.size = 16384 (custom)
2019-09-26 15:38:56,834 [pool-123-thread-1] INFO  server.RaftServerConfigKeys (ConfUtils.java:logGet(43)) - raft.server.log.write.buffer.size = 33554432 (custom)
2019-09-26 15:38:56,835 [pool-123-thread-1] INFO  server.RaftServerConfigKeys (ConfUtils.java:logGet(43)) - raft.server.log.force.sync.num = 128 (default)
2019-09-26 15:38:56,835 [pool-123-thread-1] INFO  server.RaftServerConfigKeys (ConfUtils.java:logGet(43)) - raft.server.log.statemachine.data.sync = true (default)
2019-09-26 15:38:56,835 [pool-123-thread-1] INFO  server.RaftServerConfigKeys (ConfUtils.java:logGet(43)) - raft.server.log.statemachine.data.sync.timeout = 10s (default)
2019-09-26 15:38:56,835 [pool-123-thread-1] INFO  server.RaftServerConfigKeys (ConfUtils.java:logGet(43)) - raft.server.log.statemachine.data.sync.timeout.retry = -1 (default)
2019-09-26 15:38:56,835 [pool-123-thread-1] INFO  server.RaftServerConfigKeys (ConfUtils.java:logGet(43)) - raft.server.log.statemachine.data.caching.enabled = true (custom)
2019-09-26 15:38:56,835 [pool-123-thread-1] INFO  segmented.SegmentedRaftLogWorker (SegmentedRaftLogWorker.java:lambda$new$0(132)) - bcb704dc-2543-42a4-8762-cde039a55a99@group-7399194A29EE-SegmentedRaftLogWorker: flushIndex: setUnconditionally 0 -> -1
2019-09-26 15:38:56,836 [pool-123-thread-1] INFO  server.RaftServerConfigKeys (ConfUtils.java:logGet(43)) - raft.server.snapshot.auto.trigger.enabled = true (custom)
2019-09-26 15:38:56,836 [pool-123-thread-1] INFO  server.RaftServerConfigKeys (ConfUtils.java:logGet(43)) - raft.server.snapshot.auto.trigger.threshold = 10000 (custom)
2019-09-26 15:38:56,836 [pool-123-thread-1] INFO  server.RaftServerConfigKeys (ConfUtils.java:logGet(43)) - raft.server.snapshot.retention.num.files = 5 (custom)
2019-09-26 15:38:56,836 [pool-123-thread-1] INFO  server.RaftServerConfigKeys (ConfUtils.java:logGet(43)) - raft.server.retrycache.expirytime = 600000ms (custom)
2019-09-26 15:38:56,838 [pool-123-thread-1] INFO  impl.RaftServerImpl (RaftServerImpl.java:start(185)) - bcb704dc-2543-42a4-8762-cde039a55a99@group-7399194A29EE: start as a follower, conf=-1: [bcb704dc-2543-42a4-8762-cde039a55a99:192.168.151.99:43663], old=null
2019-09-26 15:38:56,839 [pool-123-thread-1] INFO  impl.RaftServerImpl (RaftServerImpl.java:setRole(174)) - bcb704dc-2543-42a4-8762-cde039a55a99@group-7399194A29EE: changes role from      null to FOLLOWER at term 0 for startAsFollower
2019-09-26 15:38:56,839 [pool-123-thread-1] INFO  impl.RoleInfo (RoleInfo.java:updateAndGet(143)) - bcb704dc-2543-42a4-8762-cde039a55a99: start FollowerState
2019-09-26 15:38:56,839 [pool-123-thread-1] INFO  util.JmxRegister (JmxRegister.java:tryRegister(44)) - Successfully registered JMX Bean with object name Ratis:service=RaftServer,group=group-7399194A29EE,id=bcb704dc-2543-42a4-8762-cde039a55a99
2019-09-26 15:38:56,842 [RatisPipelineUtilsThread] INFO  pipeline.PipelineStateManager (PipelineStateManager.java:addPipeline(56)) - Created pipeline Pipeline[ Id: 1c44416d-7872-45b2-a187-7399194a29ee, Nodes: bcb704dc-2543-42a4-8762-cde039a55a99{ip: 192.168.151.99, host: pr-hdds-1569-g6sp5-2013761785, networkLocation: /default-rack, certSerialId: null}, Type:RATIS, Factor:ONE, State:OPEN]
2019-09-26 15:38:56,846 [grpc-default-executor-0] INFO  impl.RaftServerProxy (RaftServerProxy.java:addNew(89)) - bcb704dc-2543-42a4-8762-cde039a55a99: addNew group-D0D77289265A:[bcb704dc-2543-42a4-8762-cde039a55a99:192.168.151.99:43663] returns group-D0D77289265A:java.util.concurrent.CompletableFuture@629029d6[Not completed]
2019-09-26 15:38:56,847 [pool-123-thread-1] INFO  impl.RaftServerImpl (RaftServerImpl.java:<init>(95)) - bcb704dc-2543-42a4-8762-cde039a55a99: new RaftServerImpl for group-D0D77289265A:[bcb704dc-2543-42a4-8762-cde039a55a99:192.168.151.99:43663] with ContainerStateMachine:uninitialized
2019-09-26 15:38:56,847 [pool-123-thread-1] INFO  server.RaftServerConfigKeys (ConfUtils.java:logGet(43)) - raft.server.rpc.timeout.min = 5s (custom)
2019-09-26 15:38:56,847 [pool-123-thread-1] INFO  server.RaftServerConfigKeys (ConfUtils.java:logGet(43)) - raft.server.rpc.timeout.max = 5200ms (custom)
2019-09-26 15:38:56,847 [pool-123-thread-1] INFO  server.RaftServerConfigKeys (ConfUtils.java:logGet(43)) - raft.server.rpcslowness.timeout = 120s (custom)
2019-09-26 15:38:56,847 [pool-123-thread-1] INFO  server.RaftServerConfigKeys (ConfUtils.java:logGet(43)) - raft.server.sleep.deviation.threshold = 300 (default)
2019-09-26 15:38:56,847 [pool-123-thread-1] INFO  server.RaftServerConfigKeys (ConfUtils.java:logGet(43)) - raft.server.log.appender.install.snapshot.enabled = false (custom)
2019-09-26 15:38:56,847 [pool-123-thread-1] INFO  impl.RaftServerImpl (ServerState.java:<init>(103)) - bcb704dc-2543-42a4-8762-cde039a55a99@group-D0D77289265A: ConfigurationManager, init=-1: [bcb704dc-2543-42a4-8762-cde039a55a99:192.168.151.99:43663], old=null, confs=<EMPTY_MAP>
2019-09-26 15:38:56,848 [pool-123-thread-1] INFO  server.RaftServerConfigKeys (ConfUtils.java:logGet(43)) - raft.server.storage.dir = [/workdir/hadoop-ozone/integration-test/target/test-dir/MiniOzoneClusterImpl-87962e32-e39f-4c57-b747-30c883c1cc54/datanode-0/data/ratis] (custom)
2019-09-26 15:38:56,848 [pool-123-thread-1] INFO  storage.RaftStorageDirectory (RaftStorageDirectory.java:analyzeStorage(246)) - The storage directory /workdir/hadoop-ozone/integration-test/target/test-dir/MiniOzoneClusterImpl-87962e32-e39f-4c57-b747-30c883c1cc54/datanode-0/data/ratis/93ae309d-9202-4119-b28a-d0d77289265a does not exist. Creating ...
2019-09-26 15:38:56,861 [pool-123-thread-1] INFO  storage.RaftStorageDirectory (RaftStorageDirectory.java:tryLock(328)) - Lock on /workdir/hadoop-ozone/integration-test/target/test-dir/MiniOzoneClusterImpl-87962e32-e39f-4c57-b747-30c883c1cc54/datanode-0/data/ratis/93ae309d-9202-4119-b28a-d0d77289265a/in_use.lock acquired by nodename 10626@pr-hdds-1569-g6sp5-2013761785
2019-09-26 15:38:56,874 [pool-123-thread-1] INFO  storage.RaftStorage (RaftStorage.java:format(72)) - Storage directory /workdir/hadoop-ozone/integration-test/target/test-dir/MiniOzoneClusterImpl-87962e32-e39f-4c57-b747-30c883c1cc54/datanode-0/data/ratis/93ae309d-9202-4119-b28a-d0d77289265a has been successfully formatted.
2019-09-26 15:38:56,875 [pool-123-thread-1] INFO  ratis.ContainerStateMachine (ContainerStateMachine.java:loadSnapshot(230)) - group-D0D77289265A: The snapshot info is null. Setting the last applied indexto:(t:0, i:~)
2019-09-26 15:38:56,875 [pool-123-thread-1] INFO  server.RaftServerConfigKeys (ConfUtils.java:logGet(43)) - raft.server.notification.no-leader.timeout = 120s (custom)
2019-09-26 15:38:56,875 [pool-123-thread-1] INFO  server.RaftServerConfigKeys (ConfUtils.java:logGet(43)) - raft.server.log.use.memory = false (default)
2019-09-26 15:38:56,875 [pool-123-thread-1] INFO  server.RaftServerConfigKeys (ConfUtils.java:logGet(43)) - raft.server.log.purge.gap = 1000000 (custom)
2019-09-26 15:38:56,875 [pool-123-thread-1] INFO  server.RaftServerConfigKeys (ConfUtils.java:logGet(43)) - raft.server.log.appender.buffer.byte-limit = 33554432 (custom)
2019-09-26 15:38:56,875 [pool-123-thread-1] INFO  server.RaftServerConfigKeys (ConfUtils.java:logGet(43)) - raft.server.log.segment.size.max = 1048576 (custom)
2019-09-26 15:38:56,875 [pool-123-thread-1] INFO  server.RaftServerConfigKeys (ConfUtils.java:logGet(43)) - raft.server.log.segment.cache.num.max = 2 (custom)
2019-09-26 15:38:56,876 [pool-123-thread-1] INFO  segmented.SegmentedRaftLogWorker (SegmentedRaftLogWorker.java:<init>(172)) - new bcb704dc-2543-42a4-8762-cde039a55a99@group-D0D77289265A-SegmentedRaftLogWorker for RaftStorage:Storage Directory /workdir/hadoop-ozone/integration-test/target/test-dir/MiniOzoneClusterImpl-87962e32-e39f-4c57-b747-30c883c1cc54/datanode-0/data/ratis/93ae309d-9202-4119-b28a-d0d77289265a
2019-09-26 15:38:56,876 [pool-123-thread-1] INFO  server.RaftServerConfigKeys (ConfUtils.java:logGet(43)) - raft.server.log.queue.byte-limit = 2147483647 (custom)
2019-09-26 15:38:56,876 [pool-123-thread-1] INFO  server.RaftServerConfigKeys (ConfUtils.java:logGet(43)) - raft.server.log.queue.element-limit = 1024 (custom)
2019-09-26 15:38:56,876 [pool-123-thread-1] INFO  server.RaftServerConfigKeys (ConfUtils.java:logGet(43)) - raft.server.log.segment.size.max = 1048576 (custom)
2019-09-26 15:38:56,876 [pool-123-thread-1] INFO  server.RaftServerConfigKeys (ConfUtils.java:logGet(43)) - raft.server.log.preallocated.size = 16384 (custom)
2019-09-26 15:38:56,876 [pool-123-thread-1] INFO  server.RaftServerConfigKeys (ConfUtils.java:logGet(43)) - raft.server.log.write.buffer.size = 33554432 (custom)
2019-09-26 15:38:56,876 [pool-123-thread-1] INFO  server.RaftServerConfigKeys (ConfUtils.java:logGet(43)) - raft.server.log.force.sync.num = 128 (default)
2019-09-26 15:38:56,876 [pool-123-thread-1] INFO  server.RaftServerConfigKeys (ConfUtils.java:logGet(43)) - raft.server.log.statemachine.data.sync = true (default)
2019-09-26 15:38:56,876 [pool-123-thread-1] INFO  server.RaftServerConfigKeys (ConfUtils.java:logGet(43)) - raft.server.log.statemachine.data.sync.timeout = 10s (default)
2019-09-26 15:38:56,877 [pool-123-thread-1] INFO  server.RaftServerConfigKeys (ConfUtils.java:logGet(43)) - raft.server.log.statemachine.data.sync.timeout.retry = -1 (default)
2019-09-26 15:38:56,877 [pool-123-thread-1] INFO  server.RaftServerConfigKeys (ConfUtils.java:logGet(43)) - raft.server.log.statemachine.data.caching.enabled = true (custom)
2019-09-26 15:38:56,877 [pool-123-thread-1] INFO  segmented.SegmentedRaftLogWorker (SegmentedRaftLogWorker.java:lambda$new$0(132)) - bcb704dc-2543-42a4-8762-cde039a55a99@group-D0D77289265A-SegmentedRaftLogWorker: flushIndex: setUnconditionally 0 -> -1
2019-09-26 15:38:56,877 [pool-123-thread-1] INFO  server.RaftServerConfigKeys (ConfUtils.java:logGet(43)) - raft.server.snapshot.auto.trigger.enabled = true (custom)
2019-09-26 15:38:56,877 [pool-123-thread-1] INFO  server.RaftServerConfigKeys (ConfUtils.java:logGet(43)) - raft.server.snapshot.auto.trigger.threshold = 10000 (custom)
2019-09-26 15:38:56,878 [pool-123-thread-1] INFO  server.RaftServerConfigKeys (ConfUtils.java:logGet(43)) - raft.server.snapshot.retention.num.files = 5 (custom)
2019-09-26 15:38:56,878 [pool-123-thread-1] INFO  server.RaftServerConfigKeys (ConfUtils.java:logGet(43)) - raft.server.retrycache.expirytime = 600000ms (custom)
2019-09-26 15:38:56,879 [pool-123-thread-1] INFO  impl.RaftServerImpl (RaftServerImpl.java:start(185)) - bcb704dc-2543-42a4-8762-cde039a55a99@group-D0D77289265A: start as a follower, conf=-1: [bcb704dc-2543-42a4-8762-cde039a55a99:192.168.151.99:43663], old=null
2019-09-26 15:38:56,879 [pool-123-thread-1] INFO  impl.RaftServerImpl (RaftServerImpl.java:setRole(174)) - bcb704dc-2543-42a4-8762-cde039a55a99@group-D0D77289265A: changes role from      null to FOLLOWER at term 0 for startAsFollower
2019-09-26 15:38:56,879 [pool-123-thread-1] INFO  impl.RoleInfo (RoleInfo.java:updateAndGet(143)) - bcb704dc-2543-42a4-8762-cde039a55a99: start FollowerState
2019-09-26 15:38:56,880 [pool-123-thread-1] INFO  util.JmxRegister (JmxRegister.java:tryRegister(44)) - Successfully registered JMX Bean with object name Ratis:service=RaftServer,group=group-D0D77289265A,id=bcb704dc-2543-42a4-8762-cde039a55a99
2019-09-26 15:38:56,881 [RatisPipelineUtilsThread] INFO  pipeline.PipelineStateManager (PipelineStateManager.java:addPipeline(56)) - Created pipeline Pipeline[ Id: 93ae309d-9202-4119-b28a-d0d77289265a, Nodes: bcb704dc-2543-42a4-8762-cde039a55a99{ip: 192.168.151.99, host: pr-hdds-1569-g6sp5-2013761785, networkLocation: /default-rack, certSerialId: null}, Type:RATIS, Factor:ONE, State:OPEN]
2019-09-26 15:38:56,885 [grpc-default-executor-0] INFO  impl.RaftServerProxy (RaftServerProxy.java:addNew(89)) - bcb704dc-2543-42a4-8762-cde039a55a99: addNew group-CB1176FCD817:[bcb704dc-2543-42a4-8762-cde039a55a99:192.168.151.99:43663] returns group-CB1176FCD817:java.util.concurrent.CompletableFuture@28bfc4e1[Not completed]
2019-09-26 15:38:56,886 [pool-123-thread-1] INFO  impl.RaftServerImpl (RaftServerImpl.java:<init>(95)) - bcb704dc-2543-42a4-8762-cde039a55a99: new RaftServerImpl for group-CB1176FCD817:[bcb704dc-2543-42a4-8762-cde039a55a99:192.168.151.99:43663] with ContainerStateMachine:uninitialized
2019-09-26 15:38:56,886 [pool-123-thread-1] INFO  server.RaftServerConfigKeys (ConfUtils.java:logGet(43)) - raft.server.rpc.timeout.min = 5s (custom)
2019-09-26 15:38:56,886 [pool-123-thread-1] INFO  server.RaftServerConfigKeys (ConfUtils.java:logGet(43)) - raft.server.rpc.timeout.max = 5200ms (custom)
2019-09-26 15:38:56,886 [pool-123-thread-1] INFO  server.RaftServerConfigKeys (ConfUtils.java:logGet(43)) - raft.server.rpcslowness.timeout = 120s (custom)
2019-09-26 15:38:56,886 [pool-123-thread-1] INFO  server.RaftServerConfigKeys (ConfUtils.java:logGet(43)) - raft.server.sleep.deviation.threshold = 300 (default)
2019-09-26 15:38:56,886 [pool-123-thread-1] INFO  server.RaftServerConfigKeys (ConfUtils.java:logGet(43)) - raft.server.log.appender.install.snapshot.enabled = false (custom)
2019-09-26 15:38:56,886 [pool-123-thread-1] INFO  impl.RaftServerImpl (ServerState.java:<init>(103)) - bcb704dc-2543-42a4-8762-cde039a55a99@group-CB1176FCD817: ConfigurationManager, init=-1: [bcb704dc-2543-42a4-8762-cde039a55a99:192.168.151.99:43663], old=null, confs=<EMPTY_MAP>
2019-09-26 15:38:56,886 [pool-123-thread-1] INFO  server.RaftServerConfigKeys (ConfUtils.java:logGet(43)) - raft.server.storage.dir = [/workdir/hadoop-ozone/integration-test/target/test-dir/MiniOzoneClusterImpl-87962e32-e39f-4c57-b747-30c883c1cc54/datanode-0/data/ratis] (custom)
2019-09-26 15:38:56,887 [pool-123-thread-1] INFO  storage.RaftStorageDirectory (RaftStorageDirectory.java:analyzeStorage(246)) - The storage directory /workdir/hadoop-ozone/integration-test/target/test-dir/MiniOzoneClusterImpl-87962e32-e39f-4c57-b747-30c883c1cc54/datanode-0/data/ratis/eced2a7a-c066-44ee-aab6-cb1176fcd817 does not exist. Creating ...
2019-09-26 15:38:56,901 [pool-123-thread-1] INFO  storage.RaftStorageDirectory (RaftStorageDirectory.java:tryLock(328)) - Lock on /workdir/hadoop-ozone/integration-test/target/test-dir/MiniOzoneClusterImpl-87962e32-e39f-4c57-b747-30c883c1cc54/datanode-0/data/ratis/eced2a7a-c066-44ee-aab6-cb1176fcd817/in_use.lock acquired by nodename 10626@pr-hdds-1569-g6sp5-2013761785
2019-09-26 15:38:56,914 [pool-123-thread-1] INFO  storage.RaftStorage (RaftStorage.java:format(72)) - Storage directory /workdir/hadoop-ozone/integration-test/target/test-dir/MiniOzoneClusterImpl-87962e32-e39f-4c57-b747-30c883c1cc54/datanode-0/data/ratis/eced2a7a-c066-44ee-aab6-cb1176fcd817 has been successfully formatted.
2019-09-26 15:38:56,914 [pool-123-thread-1] INFO  ratis.ContainerStateMachine (ContainerStateMachine.java:loadSnapshot(230)) - group-CB1176FCD817: The snapshot info is null. Setting the last applied indexto:(t:0, i:~)
2019-09-26 15:38:56,914 [pool-123-thread-1] INFO  server.RaftServerConfigKeys (ConfUtils.java:logGet(43)) - raft.server.notification.no-leader.timeout = 120s (custom)
2019-09-26 15:38:56,915 [pool-123-thread-1] INFO  server.RaftServerConfigKeys (ConfUtils.java:logGet(43)) - raft.server.log.use.memory = false (default)
2019-09-26 15:38:56,915 [pool-123-thread-1] INFO  server.RaftServerConfigKeys (ConfUtils.java:logGet(43)) - raft.server.log.purge.gap = 1000000 (custom)
2019-09-26 15:38:56,915 [pool-123-thread-1] INFO  server.RaftServerConfigKeys (ConfUtils.java:logGet(43)) - raft.server.log.appender.buffer.byte-limit = 33554432 (custom)
2019-09-26 15:38:56,915 [pool-123-thread-1] INFO  server.RaftServerConfigKeys (ConfUtils.java:logGet(43)) - raft.server.log.segment.size.max = 1048576 (custom)
2019-09-26 15:38:56,915 [pool-123-thread-1] INFO  server.RaftServerConfigKeys (ConfUtils.java:logGet(43)) - raft.server.log.segment.cache.num.max = 2 (custom)
2019-09-26 15:38:56,915 [pool-123-thread-1] INFO  segmented.SegmentedRaftLogWorker (SegmentedRaftLogWorker.java:<init>(172)) - new bcb704dc-2543-42a4-8762-cde039a55a99@group-CB1176FCD817-SegmentedRaftLogWorker for RaftStorage:Storage Directory /workdir/hadoop-ozone/integration-test/target/test-dir/MiniOzoneClusterImpl-87962e32-e39f-4c57-b747-30c883c1cc54/datanode-0/data/ratis/eced2a7a-c066-44ee-aab6-cb1176fcd817
2019-09-26 15:38:56,915 [pool-123-thread-1] INFO  server.RaftServerConfigKeys (ConfUtils.java:logGet(43)) - raft.server.log.queue.byte-limit = 2147483647 (custom)
2019-09-26 15:38:56,915 [pool-123-thread-1] INFO  server.RaftServerConfigKeys (ConfUtils.java:logGet(43)) - raft.server.log.queue.element-limit = 1024 (custom)
2019-09-26 15:38:56,916 [pool-123-thread-1] INFO  server.RaftServerConfigKeys (ConfUtils.java:logGet(43)) - raft.server.log.segment.size.max = 1048576 (custom)
2019-09-26 15:38:56,916 [pool-123-thread-1] INFO  server.RaftServerConfigKeys (ConfUtils.java:logGet(43)) - raft.server.log.preallocated.size = 16384 (custom)
2019-09-26 15:38:56,916 [pool-123-thread-1] INFO  server.RaftServerConfigKeys (ConfUtils.java:logGet(43)) - raft.server.log.write.buffer.size = 33554432 (custom)
2019-09-26 15:38:56,916 [pool-123-thread-1] INFO  server.RaftServerConfigKeys (ConfUtils.java:logGet(43)) - raft.server.log.force.sync.num = 128 (default)
2019-09-26 15:38:56,916 [pool-123-thread-1] INFO  server.RaftServerConfigKeys (ConfUtils.java:logGet(43)) - raft.server.log.statemachine.data.sync = true (default)
2019-09-26 15:38:56,916 [pool-123-thread-1] INFO  server.RaftServerConfigKeys (ConfUtils.java:logGet(43)) - raft.server.log.statemachine.data.sync.timeout = 10s (default)
2019-09-26 15:38:56,916 [pool-123-thread-1] INFO  server.RaftServerConfigKeys (ConfUtils.java:logGet(43)) - raft.server.log.statemachine.data.sync.timeout.retry = -1 (default)
2019-09-26 15:38:56,916 [pool-123-thread-1] INFO  server.RaftServerConfigKeys (ConfUtils.java:logGet(43)) - raft.server.log.statemachine.data.caching.enabled = true (custom)
2019-09-26 15:38:56,917 [pool-123-thread-1] INFO  segmented.SegmentedRaftLogWorker (SegmentedRaftLogWorker.java:lambda$new$0(132)) - bcb704dc-2543-42a4-8762-cde039a55a99@group-CB1176FCD817-SegmentedRaftLogWorker: flushIndex: setUnconditionally 0 -> -1
2019-09-26 15:38:56,917 [pool-123-thread-1] INFO  server.RaftServerConfigKeys (ConfUtils.java:logGet(43)) - raft.server.snapshot.auto.trigger.enabled = true (custom)
2019-09-26 15:38:56,917 [pool-123-thread-1] INFO  server.RaftServerConfigKeys (ConfUtils.java:logGet(43)) - raft.server.snapshot.auto.trigger.threshold = 10000 (custom)
2019-09-26 15:38:56,917 [pool-123-thread-1] INFO  server.RaftServerConfigKeys (ConfUtils.java:logGet(43)) - raft.server.snapshot.retention.num.files = 5 (custom)
2019-09-26 15:38:56,917 [pool-123-thread-1] INFO  server.RaftServerConfigKeys (ConfUtils.java:logGet(43)) - raft.server.retrycache.expirytime = 600000ms (custom)
2019-09-26 15:38:56,919 [pool-123-thread-1] INFO  impl.RaftServerImpl (RaftServerImpl.java:start(185)) - bcb704dc-2543-42a4-8762-cde039a55a99@group-CB1176FCD817: start as a follower, conf=-1: [bcb704dc-2543-42a4-8762-cde039a55a99:192.168.151.99:43663], old=null
2019-09-26 15:38:56,919 [pool-123-thread-1] INFO  impl.RaftServerImpl (RaftServerImpl.java:setRole(174)) - bcb704dc-2543-42a4-8762-cde039a55a99@group-CB1176FCD817: changes role from      null to FOLLOWER at term 0 for startAsFollower
2019-09-26 15:38:56,919 [pool-123-thread-1] INFO  impl.RoleInfo (RoleInfo.java:updateAndGet(143)) - bcb704dc-2543-42a4-8762-cde039a55a99: start FollowerState
2019-09-26 15:38:56,919 [pool-123-thread-1] INFO  util.JmxRegister (JmxRegister.java:tryRegister(44)) - Successfully registered JMX Bean with object name Ratis:service=RaftServer,group=group-CB1176FCD817,id=bcb704dc-2543-42a4-8762-cde039a55a99
2019-09-26 15:38:56,921 [RatisPipelineUtilsThread] INFO  pipeline.PipelineStateManager (PipelineStateManager.java:addPipeline(56)) - Created pipeline Pipeline[ Id: eced2a7a-c066-44ee-aab6-cb1176fcd817, Nodes: bcb704dc-2543-42a4-8762-cde039a55a99{ip: 192.168.151.99, host: pr-hdds-1569-g6sp5-2013761785, networkLocation: /default-rack, certSerialId: null}, Type:RATIS, Factor:ONE, State:OPEN]
2019-09-26 15:38:56,925 [grpc-default-executor-0] INFO  impl.RaftServerProxy (RaftServerProxy.java:addNew(89)) - bcb704dc-2543-42a4-8762-cde039a55a99: addNew group-DC10FFC207EF:[bcb704dc-2543-42a4-8762-cde039a55a99:192.168.151.99:43663] returns group-DC10FFC207EF:java.util.concurrent.CompletableFuture@285246ee[Not completed]
2019-09-26 15:38:56,926 [pool-123-thread-1] INFO  impl.RaftServerImpl (RaftServerImpl.java:<init>(95)) - bcb704dc-2543-42a4-8762-cde039a55a99: new RaftServerImpl for group-DC10FFC207EF:[bcb704dc-2543-42a4-8762-cde039a55a99:192.168.151.99:43663] with ContainerStateMachine:uninitialized
2019-09-26 15:38:56,926 [pool-123-thread-1] INFO  server.RaftServerConfigKeys (ConfUtils.java:logGet(43)) - raft.server.rpc.timeout.min = 5s (custom)
2019-09-26 15:38:56,926 [pool-123-thread-1] INFO  server.RaftServerConfigKeys (ConfUtils.java:logGet(43)) - raft.server.rpc.timeout.max = 5200ms (custom)
2019-09-26 15:38:56,926 [pool-123-thread-1] INFO  server.RaftServerConfigKeys (ConfUtils.java:logGet(43)) - raft.server.rpcslowness.timeout = 120s (custom)
2019-09-26 15:38:56,926 [pool-123-thread-1] INFO  server.RaftServerConfigKeys (ConfUtils.java:logGet(43)) - raft.server.sleep.deviation.threshold = 300 (default)
2019-09-26 15:38:56,926 [pool-123-thread-1] INFO  server.RaftServerConfigKeys (ConfUtils.java:logGet(43)) - raft.server.log.appender.install.snapshot.enabled = false (custom)
2019-09-26 15:38:56,926 [pool-123-thread-1] INFO  impl.RaftServerImpl (ServerState.java:<init>(103)) - bcb704dc-2543-42a4-8762-cde039a55a99@group-DC10FFC207EF: ConfigurationManager, init=-1: [bcb704dc-2543-42a4-8762-cde039a55a99:192.168.151.99:43663], old=null, confs=<EMPTY_MAP>
2019-09-26 15:38:56,926 [pool-123-thread-1] INFO  server.RaftServerConfigKeys (ConfUtils.java:logGet(43)) - raft.server.storage.dir = [/workdir/hadoop-ozone/integration-test/target/test-dir/MiniOzoneClusterImpl-87962e32-e39f-4c57-b747-30c883c1cc54/datanode-0/data/ratis] (custom)
2019-09-26 15:38:56,927 [pool-123-thread-1] INFO  storage.RaftStorageDirectory (RaftStorageDirectory.java:analyzeStorage(246)) - The storage directory /workdir/hadoop-ozone/integration-test/target/test-dir/MiniOzoneClusterImpl-87962e32-e39f-4c57-b747-30c883c1cc54/datanode-0/data/ratis/e072adea-908a-44a1-991d-dc10ffc207ef does not exist. Creating ...
2019-09-26 15:38:56,940 [pool-123-thread-1] INFO  storage.RaftStorageDirectory (RaftStorageDirectory.java:tryLock(328)) - Lock on /workdir/hadoop-ozone/integration-test/target/test-dir/MiniOzoneClusterImpl-87962e32-e39f-4c57-b747-30c883c1cc54/datanode-0/data/ratis/e072adea-908a-44a1-991d-dc10ffc207ef/in_use.lock acquired by nodename 10626@pr-hdds-1569-g6sp5-2013761785
2019-09-26 15:38:56,952 [pool-123-thread-1] INFO  storage.RaftStorage (RaftStorage.java:format(72)) - Storage directory /workdir/hadoop-ozone/integration-test/target/test-dir/MiniOzoneClusterImpl-87962e32-e39f-4c57-b747-30c883c1cc54/datanode-0/data/ratis/e072adea-908a-44a1-991d-dc10ffc207ef has been successfully formatted.
2019-09-26 15:38:56,952 [pool-123-thread-1] INFO  ratis.ContainerStateMachine (ContainerStateMachine.java:loadSnapshot(230)) - group-DC10FFC207EF: The snapshot info is null. Setting the last applied indexto:(t:0, i:~)
2019-09-26 15:38:56,953 [pool-123-thread-1] INFO  server.RaftServerConfigKeys (ConfUtils.java:logGet(43)) - raft.server.notification.no-leader.timeout = 120s (custom)
2019-09-26 15:38:56,953 [pool-123-thread-1] INFO  server.RaftServerConfigKeys (ConfUtils.java:logGet(43)) - raft.server.log.use.memory = false (default)
2019-09-26 15:38:56,953 [pool-123-thread-1] INFO  server.RaftServerConfigKeys (ConfUtils.java:logGet(43)) - raft.server.log.purge.gap = 1000000 (custom)
2019-09-26 15:38:56,953 [pool-123-thread-1] INFO  server.RaftServerConfigKeys (ConfUtils.java:logGet(43)) - raft.server.log.appender.buffer.byte-limit = 33554432 (custom)
2019-09-26 15:38:56,953 [pool-123-thread-1] INFO  server.RaftServerConfigKeys (ConfUtils.java:logGet(43)) - raft.server.log.segment.size.max = 1048576 (custom)
2019-09-26 15:38:56,953 [pool-123-thread-1] INFO  server.RaftServerConfigKeys (ConfUtils.java:logGet(43)) - raft.server.log.segment.cache.num.max = 2 (custom)
2019-09-26 15:38:56,953 [pool-123-thread-1] INFO  segmented.SegmentedRaftLogWorker (SegmentedRaftLogWorker.java:<init>(172)) - new bcb704dc-2543-42a4-8762-cde039a55a99@group-DC10FFC207EF-SegmentedRaftLogWorker for RaftStorage:Storage Directory /workdir/hadoop-ozone/integration-test/target/test-dir/MiniOzoneClusterImpl-87962e32-e39f-4c57-b747-30c883c1cc54/datanode-0/data/ratis/e072adea-908a-44a1-991d-dc10ffc207ef
2019-09-26 15:38:56,953 [pool-123-thread-1] INFO  server.RaftServerConfigKeys (ConfUtils.java:logGet(43)) - raft.server.log.queue.byte-limit = 2147483647 (custom)
2019-09-26 15:38:56,954 [pool-123-thread-1] INFO  server.RaftServerConfigKeys (ConfUtils.java:logGet(43)) - raft.server.log.queue.element-limit = 1024 (custom)
2019-09-26 15:38:56,954 [pool-123-thread-1] INFO  server.RaftServerConfigKeys (ConfUtils.java:logGet(43)) - raft.server.log.segment.size.max = 1048576 (custom)
2019-09-26 15:38:56,954 [pool-123-thread-1] INFO  server.RaftServerConfigKeys (ConfUtils.java:logGet(43)) - raft.server.log.preallocated.size = 16384 (custom)
2019-09-26 15:38:56,954 [pool-123-thread-1] INFO  server.RaftServerConfigKeys (ConfUtils.java:logGet(43)) - raft.server.log.write.buffer.size = 33554432 (custom)
2019-09-26 15:38:56,954 [pool-123-thread-1] INFO  server.RaftServerConfigKeys (ConfUtils.java:logGet(43)) - raft.server.log.force.sync.num = 128 (default)
2019-09-26 15:38:56,954 [pool-123-thread-1] INFO  server.RaftServerConfigKeys (ConfUtils.java:logGet(43)) - raft.server.log.statemachine.data.sync = true (default)
2019-09-26 15:38:56,954 [pool-123-thread-1] INFO  server.RaftServerConfigKeys (ConfUtils.java:logGet(43)) - raft.server.log.statemachine.data.sync.timeout = 10s (default)
2019-09-26 15:38:56,954 [pool-123-thread-1] INFO  server.RaftServerConfigKeys (ConfUtils.java:logGet(43)) - raft.server.log.statemachine.data.sync.timeout.retry = -1 (default)
2019-09-26 15:38:56,955 [pool-123-thread-1] INFO  server.RaftServerConfigKeys (ConfUtils.java:logGet(43)) - raft.server.log.statemachine.data.caching.enabled = true (custom)
2019-09-26 15:38:56,955 [pool-123-thread-1] INFO  segmented.SegmentedRaftLogWorker (SegmentedRaftLogWorker.java:lambda$new$0(132)) - bcb704dc-2543-42a4-8762-cde039a55a99@group-DC10FFC207EF-SegmentedRaftLogWorker: flushIndex: setUnconditionally 0 -> -1
2019-09-26 15:38:56,955 [pool-123-thread-1] INFO  server.RaftServerConfigKeys (ConfUtils.java:logGet(43)) - raft.server.snapshot.auto.trigger.enabled = true (custom)
2019-09-26 15:38:56,955 [pool-123-thread-1] INFO  server.RaftServerConfigKeys (ConfUtils.java:logGet(43)) - raft.server.snapshot.auto.trigger.threshold = 10000 (custom)
2019-09-26 15:38:56,955 [pool-123-thread-1] INFO  server.RaftServerConfigKeys (ConfUtils.java:logGet(43)) - raft.server.snapshot.retention.num.files = 5 (custom)
2019-09-26 15:38:56,955 [pool-123-thread-1] INFO  server.RaftServerConfigKeys (ConfUtils.java:logGet(43)) - raft.server.retrycache.expirytime = 600000ms (custom)
2019-09-26 15:38:56,957 [pool-123-thread-1] INFO  impl.RaftServerImpl (RaftServerImpl.java:start(185)) - bcb704dc-2543-42a4-8762-cde039a55a99@group-DC10FFC207EF: start as a follower, conf=-1: [bcb704dc-2543-42a4-8762-cde039a55a99:192.168.151.99:43663], old=null
2019-09-26 15:38:56,957 [pool-123-thread-1] INFO  impl.RaftServerImpl (RaftServerImpl.java:setRole(174)) - bcb704dc-2543-42a4-8762-cde039a55a99@group-DC10FFC207EF: changes role from      null to FOLLOWER at term 0 for startAsFollower
2019-09-26 15:38:56,957 [pool-123-thread-1] INFO  impl.RoleInfo (RoleInfo.java:updateAndGet(143)) - bcb704dc-2543-42a4-8762-cde039a55a99: start FollowerState
2019-09-26 15:38:56,958 [pool-123-thread-1] INFO  util.JmxRegister (JmxRegister.java:tryRegister(44)) - Successfully registered JMX Bean with object name Ratis:service=RaftServer,group=group-DC10FFC207EF,id=bcb704dc-2543-42a4-8762-cde039a55a99
2019-09-26 15:38:56,960 [RatisPipelineUtilsThread] INFO  pipeline.PipelineStateManager (PipelineStateManager.java:addPipeline(56)) - Created pipeline Pipeline[ Id: e072adea-908a-44a1-991d-dc10ffc207ef, Nodes: bcb704dc-2543-42a4-8762-cde039a55a99{ip: 192.168.151.99, host: pr-hdds-1569-g6sp5-2013761785, networkLocation: /default-rack, certSerialId: null}, Type:RATIS, Factor:ONE, State:OPEN]
2019-09-26 15:38:56,964 [grpc-default-executor-0] INFO  impl.RaftServerProxy (RaftServerProxy.java:addNew(89)) - bcb704dc-2543-42a4-8762-cde039a55a99: addNew group-F96E5E74ED10:[bcb704dc-2543-42a4-8762-cde039a55a99:192.168.151.99:43663] returns group-F96E5E74ED10:java.util.concurrent.CompletableFuture@4173d37b[Not completed]
2019-09-26 15:38:57,169 [pool-123-thread-1] INFO  impl.RaftServerImpl (RaftServerImpl.java:<init>(95)) - bcb704dc-2543-42a4-8762-cde039a55a99: new RaftServerImpl for group-F96E5E74ED10:[bcb704dc-2543-42a4-8762-cde039a55a99:192.168.151.99:43663] with ContainerStateMachine:uninitialized
2019-09-26 15:38:57,222 [pool-123-thread-1] INFO  server.RaftServerConfigKeys (ConfUtils.java:logGet(43)) - raft.server.rpc.timeout.min = 5s (custom)
2019-09-26 15:38:57,255 [pool-123-thread-1] INFO  server.RaftServerConfigKeys (ConfUtils.java:logGet(43)) - raft.server.rpc.timeout.max = 5200ms (custom)
2019-09-26 15:38:57,259 [pool-123-thread-1] INFO  server.RaftServerConfigKeys (ConfUtils.java:logGet(43)) - raft.server.rpcslowness.timeout = 120s (custom)
2019-09-26 15:38:57,268 [pool-123-thread-1] INFO  server.RaftServerConfigKeys (ConfUtils.java:logGet(43)) - raft.server.sleep.deviation.threshold = 300 (default)
2019-09-26 15:38:57,277 [pool-123-thread-1] INFO  server.RaftServerConfigKeys (ConfUtils.java:logGet(43)) - raft.server.log.appender.install.snapshot.enabled = false (custom)
2019-09-26 15:38:57,290 [pool-123-thread-1] INFO  impl.RaftServerImpl (ServerState.java:<init>(103)) - bcb704dc-2543-42a4-8762-cde039a55a99@group-F96E5E74ED10: ConfigurationManager, init=-1: [bcb704dc-2543-42a4-8762-cde039a55a99:192.168.151.99:43663], old=null, confs=<EMPTY_MAP>
2019-09-26 15:38:57,316 [pool-123-thread-1] INFO  server.RaftServerConfigKeys (ConfUtils.java:logGet(43)) - raft.server.storage.dir = [/workdir/hadoop-ozone/integration-test/target/test-dir/MiniOzoneClusterImpl-87962e32-e39f-4c57-b747-30c883c1cc54/datanode-0/data/ratis] (custom)
2019-09-26 15:38:57,391 [pool-123-thread-1] INFO  storage.RaftStorageDirectory (RaftStorageDirectory.java:analyzeStorage(246)) - The storage directory /workdir/hadoop-ozone/integration-test/target/test-dir/MiniOzoneClusterImpl-87962e32-e39f-4c57-b747-30c883c1cc54/datanode-0/data/ratis/8f9aec9f-cbde-43f1-a2f2-f96e5e74ed10 does not exist. Creating ...
2019-09-26 15:38:57,426 [pool-123-thread-1] INFO  storage.RaftStorageDirectory (RaftStorageDirectory.java:tryLock(328)) - Lock on /workdir/hadoop-ozone/integration-test/target/test-dir/MiniOzoneClusterImpl-87962e32-e39f-4c57-b747-30c883c1cc54/datanode-0/data/ratis/8f9aec9f-cbde-43f1-a2f2-f96e5e74ed10/in_use.lock acquired by nodename 10626@pr-hdds-1569-g6sp5-2013761785
2019-09-26 15:38:57,458 [pool-123-thread-1] INFO  storage.RaftStorage (RaftStorage.java:format(72)) - Storage directory /workdir/hadoop-ozone/integration-test/target/test-dir/MiniOzoneClusterImpl-87962e32-e39f-4c57-b747-30c883c1cc54/datanode-0/data/ratis/8f9aec9f-cbde-43f1-a2f2-f96e5e74ed10 has been successfully formatted.
2019-09-26 15:38:57,473 [pool-123-thread-1] INFO  ratis.ContainerStateMachine (ContainerStateMachine.java:loadSnapshot(230)) - group-F96E5E74ED10: The snapshot info is null. Setting the last applied indexto:(t:0, i:~)
2019-09-26 15:38:57,474 [pool-123-thread-1] INFO  server.RaftServerConfigKeys (ConfUtils.java:logGet(43)) - raft.server.notification.no-leader.timeout = 120s (custom)
2019-09-26 15:38:57,474 [pool-123-thread-1] INFO  server.RaftServerConfigKeys (ConfUtils.java:logGet(43)) - raft.server.log.use.memory = false (default)
2019-09-26 15:38:57,474 [pool-123-thread-1] INFO  server.RaftServerConfigKeys (ConfUtils.java:logGet(43)) - raft.server.log.purge.gap = 1000000 (custom)
2019-09-26 15:38:57,474 [pool-123-thread-1] INFO  server.RaftServerConfigKeys (ConfUtils.java:logGet(43)) - raft.server.log.appender.buffer.byte-limit = 33554432 (custom)
2019-09-26 15:38:57,474 [pool-123-thread-1] INFO  server.RaftServerConfigKeys (ConfUtils.java:logGet(43)) - raft.server.log.segment.size.max = 1048576 (custom)
2019-09-26 15:38:57,474 [pool-123-thread-1] INFO  server.RaftServerConfigKeys (ConfUtils.java:logGet(43)) - raft.server.log.segment.cache.num.max = 2 (custom)
2019-09-26 15:38:57,474 [pool-123-thread-1] INFO  segmented.SegmentedRaftLogWorker (SegmentedRaftLogWorker.java:<init>(172)) - new bcb704dc-2543-42a4-8762-cde039a55a99@group-F96E5E74ED10-SegmentedRaftLogWorker for RaftStorage:Storage Directory /workdir/hadoop-ozone/integration-test/target/test-dir/MiniOzoneClusterImpl-87962e32-e39f-4c57-b747-30c883c1cc54/datanode-0/data/ratis/8f9aec9f-cbde-43f1-a2f2-f96e5e74ed10
2019-09-26 15:38:57,474 [pool-123-thread-1] INFO  server.RaftServerConfigKeys (ConfUtils.java:logGet(43)) - raft.server.log.queue.byte-limit = 2147483647 (custom)
2019-09-26 15:38:57,474 [pool-123-thread-1] INFO  server.RaftServerConfigKeys (ConfUtils.java:logGet(43)) - raft.server.log.queue.element-limit = 1024 (custom)
2019-09-26 15:38:57,474 [pool-123-thread-1] INFO  server.RaftServerConfigKeys (ConfUtils.java:logGet(43)) - raft.server.log.segment.size.max = 1048576 (custom)
2019-09-26 15:38:57,475 [pool-123-thread-1] INFO  server.RaftServerConfigKeys (ConfUtils.java:logGet(43)) - raft.server.log.preallocated.size = 16384 (custom)
2019-09-26 15:38:57,475 [pool-123-thread-1] INFO  server.RaftServerConfigKeys (ConfUtils.java:logGet(43)) - raft.server.log.write.buffer.size = 33554432 (custom)
2019-09-26 15:38:57,475 [pool-123-thread-1] INFO  server.RaftServerConfigKeys (ConfUtils.java:logGet(43)) - raft.server.log.force.sync.num = 128 (default)
2019-09-26 15:38:57,475 [pool-123-thread-1] INFO  server.RaftServerConfigKeys (ConfUtils.java:logGet(43)) - raft.server.log.statemachine.data.sync = true (default)
2019-09-26 15:38:57,475 [pool-123-thread-1] INFO  server.RaftServerConfigKeys (ConfUtils.java:logGet(43)) - raft.server.log.statemachine.data.sync.timeout = 10s (default)
2019-09-26 15:38:57,475 [pool-123-thread-1] INFO  server.RaftServerConfigKeys (ConfUtils.java:logGet(43)) - raft.server.log.statemachine.data.sync.timeout.retry = -1 (default)
2019-09-26 15:38:57,475 [pool-123-thread-1] INFO  server.RaftServerConfigKeys (ConfUtils.java:logGet(43)) - raft.server.log.statemachine.data.caching.enabled = true (custom)
2019-09-26 15:38:57,475 [pool-123-thread-1] INFO  segmented.SegmentedRaftLogWorker (SegmentedRaftLogWorker.java:lambda$new$0(132)) - bcb704dc-2543-42a4-8762-cde039a55a99@group-F96E5E74ED10-SegmentedRaftLogWorker: flushIndex: setUnconditionally 0 -> -1
2019-09-26 15:38:57,476 [pool-123-thread-1] INFO  server.RaftServerConfigKeys (ConfUtils.java:logGet(43)) - raft.server.snapshot.auto.trigger.enabled = true (custom)
2019-09-26 15:38:57,476 [pool-123-thread-1] INFO  server.RaftServerConfigKeys (ConfUtils.java:logGet(43)) - raft.server.snapshot.auto.trigger.threshold = 10000 (custom)
2019-09-26 15:38:57,476 [pool-123-thread-1] INFO  server.RaftServerConfigKeys (ConfUtils.java:logGet(43)) - raft.server.snapshot.retention.num.files = 5 (custom)
2019-09-26 15:38:57,476 [pool-123-thread-1] INFO  server.RaftServerConfigKeys (ConfUtils.java:logGet(43)) - raft.server.retrycache.expirytime = 600000ms (custom)
2019-09-26 15:38:57,477 [pool-123-thread-1] INFO  impl.RaftServerImpl (RaftServerImpl.java:start(185)) - bcb704dc-2543-42a4-8762-cde039a55a99@group-F96E5E74ED10: start as a follower, conf=-1: [bcb704dc-2543-42a4-8762-cde039a55a99:192.168.151.99:43663], old=null
2019-09-26 15:38:57,477 [pool-123-thread-1] INFO  impl.RaftServerImpl (RaftServerImpl.java:setRole(174)) - bcb704dc-2543-42a4-8762-cde039a55a99@group-F96E5E74ED10: changes role from      null to FOLLOWER at term 0 for startAsFollower
2019-09-26 15:38:57,477 [pool-123-thread-1] INFO  impl.RoleInfo (RoleInfo.java:updateAndGet(143)) - bcb704dc-2543-42a4-8762-cde039a55a99: start FollowerState
2019-09-26 15:38:57,477 [pool-123-thread-1] INFO  util.JmxRegister (JmxRegister.java:tryRegister(44)) - Successfully registered JMX Bean with object name Ratis:service=RaftServer,group=group-F96E5E74ED10,id=bcb704dc-2543-42a4-8762-cde039a55a99
2019-09-26 15:38:57,480 [RatisPipelineUtilsThread] INFO  pipeline.PipelineStateManager (PipelineStateManager.java:addPipeline(56)) - Created pipeline Pipeline[ Id: 8f9aec9f-cbde-43f1-a2f2-f96e5e74ed10, Nodes: bcb704dc-2543-42a4-8762-cde039a55a99{ip: 192.168.151.99, host: pr-hdds-1569-g6sp5-2013761785, networkLocation: /default-rack, certSerialId: null}, Type:RATIS, Factor:ONE, State:OPEN]
2019-09-26 15:38:57,484 [grpc-default-executor-0] INFO  impl.RaftServerProxy (RaftServerProxy.java:addNew(89)) - bcb704dc-2543-42a4-8762-cde039a55a99: addNew group-708F9F8A739D:[bcb704dc-2543-42a4-8762-cde039a55a99:192.168.151.99:43663] returns group-708F9F8A739D:java.util.concurrent.CompletableFuture@48b64774[Not completed]
2019-09-26 15:38:57,485 [pool-123-thread-1] INFO  impl.RaftServerImpl (RaftServerImpl.java:<init>(95)) - bcb704dc-2543-42a4-8762-cde039a55a99: new RaftServerImpl for group-708F9F8A739D:[bcb704dc-2543-42a4-8762-cde039a55a99:192.168.151.99:43663] with ContainerStateMachine:uninitialized
2019-09-26 15:38:57,485 [pool-123-thread-1] INFO  server.RaftServerConfigKeys (ConfUtils.java:logGet(43)) - raft.server.rpc.timeout.min = 5s (custom)
2019-09-26 15:38:57,485 [pool-123-thread-1] INFO  server.RaftServerConfigKeys (ConfUtils.java:logGet(43)) - raft.server.rpc.timeout.max = 5200ms (custom)
2019-09-26 15:38:57,485 [pool-123-thread-1] INFO  server.RaftServerConfigKeys (ConfUtils.java:logGet(43)) - raft.server.rpcslowness.timeout = 120s (custom)
2019-09-26 15:38:57,485 [pool-123-thread-1] INFO  server.RaftServerConfigKeys (ConfUtils.java:logGet(43)) - raft.server.sleep.deviation.threshold = 300 (default)
2019-09-26 15:38:57,485 [pool-123-thread-1] INFO  server.RaftServerConfigKeys (ConfUtils.java:logGet(43)) - raft.server.log.appender.install.snapshot.enabled = false (custom)
2019-09-26 15:38:57,485 [pool-123-thread-1] INFO  impl.RaftServerImpl (ServerState.java:<init>(103)) - bcb704dc-2543-42a4-8762-cde039a55a99@group-708F9F8A739D: ConfigurationManager, init=-1: [bcb704dc-2543-42a4-8762-cde039a55a99:192.168.151.99:43663], old=null, confs=<EMPTY_MAP>
2019-09-26 15:38:57,485 [pool-123-thread-1] INFO  server.RaftServerConfigKeys (ConfUtils.java:logGet(43)) - raft.server.storage.dir = [/workdir/hadoop-ozone/integration-test/target/test-dir/MiniOzoneClusterImpl-87962e32-e39f-4c57-b747-30c883c1cc54/datanode-0/data/ratis] (custom)
2019-09-26 15:38:57,486 [pool-123-thread-1] INFO  storage.RaftStorageDirectory (RaftStorageDirectory.java:analyzeStorage(246)) - The storage directory /workdir/hadoop-ozone/integration-test/target/test-dir/MiniOzoneClusterImpl-87962e32-e39f-4c57-b747-30c883c1cc54/datanode-0/data/ratis/83a05520-2446-41da-88d9-708f9f8a739d does not exist. Creating ...
2019-09-26 15:38:57,498 [pool-123-thread-1] INFO  storage.RaftStorageDirectory (RaftStorageDirectory.java:tryLock(328)) - Lock on /workdir/hadoop-ozone/integration-test/target/test-dir/MiniOzoneClusterImpl-87962e32-e39f-4c57-b747-30c883c1cc54/datanode-0/data/ratis/83a05520-2446-41da-88d9-708f9f8a739d/in_use.lock acquired by nodename 10626@pr-hdds-1569-g6sp5-2013761785
2019-09-26 15:38:57,511 [pool-123-thread-1] INFO  storage.RaftStorage (RaftStorage.java:format(72)) - Storage directory /workdir/hadoop-ozone/integration-test/target/test-dir/MiniOzoneClusterImpl-87962e32-e39f-4c57-b747-30c883c1cc54/datanode-0/data/ratis/83a05520-2446-41da-88d9-708f9f8a739d has been successfully formatted.
2019-09-26 15:38:57,511 [pool-123-thread-1] INFO  ratis.ContainerStateMachine (ContainerStateMachine.java:loadSnapshot(230)) - group-708F9F8A739D: The snapshot info is null. Setting the last applied indexto:(t:0, i:~)
2019-09-26 15:38:57,512 [pool-123-thread-1] INFO  server.RaftServerConfigKeys (ConfUtils.java:logGet(43)) - raft.server.notification.no-leader.timeout = 120s (custom)
2019-09-26 15:38:57,512 [pool-123-thread-1] INFO  server.RaftServerConfigKeys (ConfUtils.java:logGet(43)) - raft.server.log.use.memory = false (default)
2019-09-26 15:38:57,512 [pool-123-thread-1] INFO  server.RaftServerConfigKeys (ConfUtils.java:logGet(43)) - raft.server.log.purge.gap = 1000000 (custom)
2019-09-26 15:38:57,512 [pool-123-thread-1] INFO  server.RaftServerConfigKeys (ConfUtils.java:logGet(43)) - raft.server.log.appender.buffer.byte-limit = 33554432 (custom)
2019-09-26 15:38:57,512 [pool-123-thread-1] INFO  server.RaftServerConfigKeys (ConfUtils.java:logGet(43)) - raft.server.log.segment.size.max = 1048576 (custom)
2019-09-26 15:38:57,512 [pool-123-thread-1] INFO  server.RaftServerConfigKeys (ConfUtils.java:logGet(43)) - raft.server.log.segment.cache.num.max = 2 (custom)
2019-09-26 15:38:57,512 [pool-123-thread-1] INFO  segmented.SegmentedRaftLogWorker (SegmentedRaftLogWorker.java:<init>(172)) - new bcb704dc-2543-42a4-8762-cde039a55a99@group-708F9F8A739D-SegmentedRaftLogWorker for RaftStorage:Storage Directory /workdir/hadoop-ozone/integration-test/target/test-dir/MiniOzoneClusterImpl-87962e32-e39f-4c57-b747-30c883c1cc54/datanode-0/data/ratis/83a05520-2446-41da-88d9-708f9f8a739d
2019-09-26 15:38:57,512 [pool-123-thread-1] INFO  server.RaftServerConfigKeys (ConfUtils.java:logGet(43)) - raft.server.log.queue.byte-limit = 2147483647 (custom)
2019-09-26 15:38:57,512 [pool-123-thread-1] INFO  server.RaftServerConfigKeys (ConfUtils.java:logGet(43)) - raft.server.log.queue.element-limit = 1024 (custom)
2019-09-26 15:38:57,512 [pool-123-thread-1] INFO  server.RaftServerConfigKeys (ConfUtils.java:logGet(43)) - raft.server.log.segment.size.max = 1048576 (custom)
2019-09-26 15:38:57,512 [pool-123-thread-1] INFO  server.RaftServerConfigKeys (ConfUtils.java:logGet(43)) - raft.server.log.preallocated.size = 16384 (custom)
2019-09-26 15:38:57,513 [pool-123-thread-1] INFO  server.RaftServerConfigKeys (ConfUtils.java:logGet(43)) - raft.server.log.write.buffer.size = 33554432 (custom)
2019-09-26 15:38:57,513 [pool-123-thread-1] INFO  server.RaftServerConfigKeys (ConfUtils.java:logGet(43)) - raft.server.log.force.sync.num = 128 (default)
2019-09-26 15:38:57,513 [pool-123-thread-1] INFO  server.RaftServerConfigKeys (ConfUtils.java:logGet(43)) - raft.server.log.statemachine.data.sync = true (default)
2019-09-26 15:38:57,513 [pool-123-thread-1] INFO  server.RaftServerConfigKeys (ConfUtils.java:logGet(43)) - raft.server.log.statemachine.data.sync.timeout = 10s (default)
2019-09-26 15:38:57,513 [pool-123-thread-1] INFO  server.RaftServerConfigKeys (ConfUtils.java:logGet(43)) - raft.server.log.statemachine.data.sync.timeout.retry = -1 (default)
2019-09-26 15:38:57,513 [pool-123-thread-1] INFO  server.RaftServerConfigKeys (ConfUtils.java:logGet(43)) - raft.server.log.statemachine.data.caching.enabled = true (custom)
2019-09-26 15:38:57,513 [pool-123-thread-1] INFO  segmented.SegmentedRaftLogWorker (SegmentedRaftLogWorker.java:lambda$new$0(132)) - bcb704dc-2543-42a4-8762-cde039a55a99@group-708F9F8A739D-SegmentedRaftLogWorker: flushIndex: setUnconditionally 0 -> -1
2019-09-26 15:38:57,513 [pool-123-thread-1] INFO  server.RaftServerConfigKeys (ConfUtils.java:logGet(43)) - raft.server.snapshot.auto.trigger.enabled = true (custom)
2019-09-26 15:38:57,513 [pool-123-thread-1] INFO  server.RaftServerConfigKeys (ConfUtils.java:logGet(43)) - raft.server.snapshot.auto.trigger.threshold = 10000 (custom)
2019-09-26 15:38:57,514 [pool-123-thread-1] INFO  server.RaftServerConfigKeys (ConfUtils.java:logGet(43)) - raft.server.snapshot.retention.num.files = 5 (custom)
2019-09-26 15:38:57,514 [pool-123-thread-1] INFO  server.RaftServerConfigKeys (ConfUtils.java:logGet(43)) - raft.server.retrycache.expirytime = 600000ms (custom)
2019-09-26 15:38:57,515 [pool-123-thread-1] INFO  impl.RaftServerImpl (RaftServerImpl.java:start(185)) - bcb704dc-2543-42a4-8762-cde039a55a99@group-708F9F8A739D: start as a follower, conf=-1: [bcb704dc-2543-42a4-8762-cde039a55a99:192.168.151.99:43663], old=null
2019-09-26 15:38:57,515 [pool-123-thread-1] INFO  impl.RaftServerImpl (RaftServerImpl.java:setRole(174)) - bcb704dc-2543-42a4-8762-cde039a55a99@group-708F9F8A739D: changes role from      null to FOLLOWER at term 0 for startAsFollower
2019-09-26 15:38:57,515 [pool-123-thread-1] INFO  impl.RoleInfo (RoleInfo.java:updateAndGet(143)) - bcb704dc-2543-42a4-8762-cde039a55a99: start FollowerState
2019-09-26 15:38:57,515 [pool-123-thread-1] INFO  util.JmxRegister (JmxRegister.java:tryRegister(44)) - Successfully registered JMX Bean with object name Ratis:service=RaftServer,group=group-708F9F8A739D,id=bcb704dc-2543-42a4-8762-cde039a55a99
2019-09-26 15:38:57,517 [RatisPipelineUtilsThread] INFO  pipeline.PipelineStateManager (PipelineStateManager.java:addPipeline(56)) - Created pipeline Pipeline[ Id: 83a05520-2446-41da-88d9-708f9f8a739d, Nodes: bcb704dc-2543-42a4-8762-cde039a55a99{ip: 192.168.151.99, host: pr-hdds-1569-g6sp5-2013761785, networkLocation: /default-rack, certSerialId: null}, Type:RATIS, Factor:ONE, State:OPEN]
2019-09-26 15:38:57,520 [grpc-default-executor-0] INFO  impl.RaftServerProxy (RaftServerProxy.java:addNew(89)) - bcb704dc-2543-42a4-8762-cde039a55a99: addNew group-FF44B23A8D1F:[bcb704dc-2543-42a4-8762-cde039a55a99:192.168.151.99:43663] returns group-FF44B23A8D1F:java.util.concurrent.CompletableFuture@6c6a26d5[Not completed]
2019-09-26 15:38:57,520 [pool-123-thread-1] INFO  impl.RaftServerImpl (RaftServerImpl.java:<init>(95)) - bcb704dc-2543-42a4-8762-cde039a55a99: new RaftServerImpl for group-FF44B23A8D1F:[bcb704dc-2543-42a4-8762-cde039a55a99:192.168.151.99:43663] with ContainerStateMachine:uninitialized
2019-09-26 15:38:57,520 [pool-123-thread-1] INFO  server.RaftServerConfigKeys (ConfUtils.java:logGet(43)) - raft.server.rpc.timeout.min = 5s (custom)
2019-09-26 15:38:57,521 [pool-123-thread-1] INFO  server.RaftServerConfigKeys (ConfUtils.java:logGet(43)) - raft.server.rpc.timeout.max = 5200ms (custom)
2019-09-26 15:38:57,521 [pool-123-thread-1] INFO  server.RaftServerConfigKeys (ConfUtils.java:logGet(43)) - raft.server.rpcslowness.timeout = 120s (custom)
2019-09-26 15:38:57,521 [pool-123-thread-1] INFO  server.RaftServerConfigKeys (ConfUtils.java:logGet(43)) - raft.server.sleep.deviation.threshold = 300 (default)
2019-09-26 15:38:57,521 [pool-123-thread-1] INFO  server.RaftServerConfigKeys (ConfUtils.java:logGet(43)) - raft.server.log.appender.install.snapshot.enabled = false (custom)
2019-09-26 15:38:57,521 [pool-123-thread-1] INFO  impl.RaftServerImpl (ServerState.java:<init>(103)) - bcb704dc-2543-42a4-8762-cde039a55a99@group-FF44B23A8D1F: ConfigurationManager, init=-1: [bcb704dc-2543-42a4-8762-cde039a55a99:192.168.151.99:43663], old=null, confs=<EMPTY_MAP>
2019-09-26 15:38:57,521 [pool-123-thread-1] INFO  server.RaftServerConfigKeys (ConfUtils.java:logGet(43)) - raft.server.storage.dir = [/workdir/hadoop-ozone/integration-test/target/test-dir/MiniOzoneClusterImpl-87962e32-e39f-4c57-b747-30c883c1cc54/datanode-0/data/ratis] (custom)
2019-09-26 15:38:57,521 [pool-123-thread-1] INFO  storage.RaftStorageDirectory (RaftStorageDirectory.java:analyzeStorage(246)) - The storage directory /workdir/hadoop-ozone/integration-test/target/test-dir/MiniOzoneClusterImpl-87962e32-e39f-4c57-b747-30c883c1cc54/datanode-0/data/ratis/8008b5a3-88ca-4b4d-8517-ff44b23a8d1f does not exist. Creating ...
2019-09-26 15:38:57,534 [pool-123-thread-1] INFO  storage.RaftStorageDirectory (RaftStorageDirectory.java:tryLock(328)) - Lock on /workdir/hadoop-ozone/integration-test/target/test-dir/MiniOzoneClusterImpl-87962e32-e39f-4c57-b747-30c883c1cc54/datanode-0/data/ratis/8008b5a3-88ca-4b4d-8517-ff44b23a8d1f/in_use.lock acquired by nodename 10626@pr-hdds-1569-g6sp5-2013761785
2019-09-26 15:38:57,536 [pool-123-thread-1] INFO  storage.RaftStorage (RaftStorage.java:format(72)) - Storage directory /workdir/hadoop-ozone/integration-test/target/test-dir/MiniOzoneClusterImpl-87962e32-e39f-4c57-b747-30c883c1cc54/datanode-0/data/ratis/8008b5a3-88ca-4b4d-8517-ff44b23a8d1f has been successfully formatted.
2019-09-26 15:38:57,537 [pool-123-thread-1] INFO  ratis.ContainerStateMachine (ContainerStateMachine.java:loadSnapshot(230)) - group-FF44B23A8D1F: The snapshot info is null. Setting the last applied indexto:(t:0, i:~)
2019-09-26 15:38:57,537 [pool-123-thread-1] INFO  server.RaftServerConfigKeys (ConfUtils.java:logGet(43)) - raft.server.notification.no-leader.timeout = 120s (custom)
2019-09-26 15:38:57,537 [pool-123-thread-1] INFO  server.RaftServerConfigKeys (ConfUtils.java:logGet(43)) - raft.server.log.use.memory = false (default)
2019-09-26 15:38:57,537 [pool-123-thread-1] INFO  server.RaftServerConfigKeys (ConfUtils.java:logGet(43)) - raft.server.log.purge.gap = 1000000 (custom)
2019-09-26 15:38:57,537 [pool-123-thread-1] INFO  server.RaftServerConfigKeys (ConfUtils.java:logGet(43)) - raft.server.log.appender.buffer.byte-limit = 33554432 (custom)
2019-09-26 15:38:57,537 [pool-123-thread-1] INFO  server.RaftServerConfigKeys (ConfUtils.java:logGet(43)) - raft.server.log.segment.size.max = 1048576 (custom)
2019-09-26 15:38:57,537 [pool-123-thread-1] INFO  server.RaftServerConfigKeys (ConfUtils.java:logGet(43)) - raft.server.log.segment.cache.num.max = 2 (custom)
2019-09-26 15:38:57,537 [pool-123-thread-1] INFO  segmented.SegmentedRaftLogWorker (SegmentedRaftLogWorker.java:<init>(172)) - new bcb704dc-2543-42a4-8762-cde039a55a99@group-FF44B23A8D1F-SegmentedRaftLogWorker for RaftStorage:Storage Directory /workdir/hadoop-ozone/integration-test/target/test-dir/MiniOzoneClusterImpl-87962e32-e39f-4c57-b747-30c883c1cc54/datanode-0/data/ratis/8008b5a3-88ca-4b4d-8517-ff44b23a8d1f
2019-09-26 15:38:57,537 [pool-123-thread-1] INFO  server.RaftServerConfigKeys (ConfUtils.java:logGet(43)) - raft.server.log.queue.byte-limit = 2147483647 (custom)
2019-09-26 15:38:57,537 [pool-123-thread-1] INFO  server.RaftServerConfigKeys (ConfUtils.java:logGet(43)) - raft.server.log.queue.element-limit = 1024 (custom)
2019-09-26 15:38:57,537 [pool-123-thread-1] INFO  server.RaftServerConfigKeys (ConfUtils.java:logGet(43)) - raft.server.log.segment.size.max = 1048576 (custom)
2019-09-26 15:38:57,537 [pool-123-thread-1] INFO  server.RaftServerConfigKeys (ConfUtils.java:logGet(43)) - raft.server.log.preallocated.size = 16384 (custom)
2019-09-26 15:38:57,538 [pool-123-thread-1] INFO  server.RaftServerConfigKeys (ConfUtils.java:logGet(43)) - raft.server.log.write.buffer.size = 33554432 (custom)
2019-09-26 15:38:57,538 [pool-123-thread-1] INFO  server.RaftServerConfigKeys (ConfUtils.java:logGet(43)) - raft.server.log.force.sync.num = 128 (default)
2019-09-26 15:38:57,538 [pool-123-thread-1] INFO  server.RaftServerConfigKeys (ConfUtils.java:logGet(43)) - raft.server.log.statemachine.data.sync = true (default)
2019-09-26 15:38:57,538 [pool-123-thread-1] INFO  server.RaftServerConfigKeys (ConfUtils.java:logGet(43)) - raft.server.log.statemachine.data.sync.timeout = 10s (default)
2019-09-26 15:38:57,538 [pool-123-thread-1] INFO  server.RaftServerConfigKeys (ConfUtils.java:logGet(43)) - raft.server.log.statemachine.data.sync.timeout.retry = -1 (default)
2019-09-26 15:38:57,538 [pool-123-thread-1] INFO  server.RaftServerConfigKeys (ConfUtils.java:logGet(43)) - raft.server.log.statemachine.data.caching.enabled = true (custom)
2019-09-26 15:38:57,538 [pool-123-thread-1] INFO  segmented.SegmentedRaftLogWorker (SegmentedRaftLogWorker.java:lambda$new$0(132)) - bcb704dc-2543-42a4-8762-cde039a55a99@group-FF44B23A8D1F-SegmentedRaftLogWorker: flushIndex: setUnconditionally 0 -> -1
2019-09-26 15:38:57,538 [pool-123-thread-1] INFO  server.RaftServerConfigKeys (ConfUtils.java:logGet(43)) - raft.server.snapshot.auto.trigger.enabled = true (custom)
2019-09-26 15:38:57,538 [pool-123-thread-1] INFO  server.RaftServerConfigKeys (ConfUtils.java:logGet(43)) - raft.server.snapshot.auto.trigger.threshold = 10000 (custom)
2019-09-26 15:38:57,538 [pool-123-thread-1] INFO  server.RaftServerConfigKeys (ConfUtils.java:logGet(43)) - raft.server.snapshot.retention.num.files = 5 (custom)
2019-09-26 15:38:57,539 [pool-123-thread-1] INFO  server.RaftServerConfigKeys (ConfUtils.java:logGet(43)) - raft.server.retrycache.expirytime = 600000ms (custom)
2019-09-26 15:38:57,539 [pool-123-thread-1] INFO  impl.RaftServerImpl (RaftServerImpl.java:start(185)) - bcb704dc-2543-42a4-8762-cde039a55a99@group-FF44B23A8D1F: start as a follower, conf=-1: [bcb704dc-2543-42a4-8762-cde039a55a99:192.168.151.99:43663], old=null
2019-09-26 15:38:57,539 [pool-123-thread-1] INFO  impl.RaftServerImpl (RaftServerImpl.java:setRole(174)) - bcb704dc-2543-42a4-8762-cde039a55a99@group-FF44B23A8D1F: changes role from      null to FOLLOWER at term 0 for startAsFollower
2019-09-26 15:38:57,540 [pool-123-thread-1] INFO  impl.RoleInfo (RoleInfo.java:updateAndGet(143)) - bcb704dc-2543-42a4-8762-cde039a55a99: start FollowerState
2019-09-26 15:38:57,540 [pool-123-thread-1] INFO  util.JmxRegister (JmxRegister.java:tryRegister(44)) - Successfully registered JMX Bean with object name Ratis:service=RaftServer,group=group-FF44B23A8D1F,id=bcb704dc-2543-42a4-8762-cde039a55a99
2019-09-26 15:38:57,541 [RatisPipelineUtilsThread] INFO  pipeline.PipelineStateManager (PipelineStateManager.java:addPipeline(56)) - Created pipeline Pipeline[ Id: 8008b5a3-88ca-4b4d-8517-ff44b23a8d1f, Nodes: bcb704dc-2543-42a4-8762-cde039a55a99{ip: 192.168.151.99, host: pr-hdds-1569-g6sp5-2013761785, networkLocation: /default-rack, certSerialId: null}, Type:RATIS, Factor:ONE, State:OPEN]
2019-09-26 15:38:57,544 [grpc-default-executor-0] INFO  impl.RaftServerProxy (RaftServerProxy.java:addNew(89)) - bcb704dc-2543-42a4-8762-cde039a55a99: addNew group-BE5CDE6B6C20:[bcb704dc-2543-42a4-8762-cde039a55a99:192.168.151.99:43663] returns group-BE5CDE6B6C20:java.util.concurrent.CompletableFuture@2c9967f5[Not completed]
2019-09-26 15:38:57,544 [pool-123-thread-1] INFO  impl.RaftServerImpl (RaftServerImpl.java:<init>(95)) - bcb704dc-2543-42a4-8762-cde039a55a99: new RaftServerImpl for group-BE5CDE6B6C20:[bcb704dc-2543-42a4-8762-cde039a55a99:192.168.151.99:43663] with ContainerStateMachine:uninitialized
2019-09-26 15:38:57,545 [pool-123-thread-1] INFO  server.RaftServerConfigKeys (ConfUtils.java:logGet(43)) - raft.server.rpc.timeout.min = 5s (custom)
2019-09-26 15:38:57,545 [pool-123-thread-1] INFO  server.RaftServerConfigKeys (ConfUtils.java:logGet(43)) - raft.server.rpc.timeout.max = 5200ms (custom)
2019-09-26 15:38:57,545 [pool-123-thread-1] INFO  server.RaftServerConfigKeys (ConfUtils.java:logGet(43)) - raft.server.rpcslowness.timeout = 120s (custom)
2019-09-26 15:38:57,545 [pool-123-thread-1] INFO  server.RaftServerConfigKeys (ConfUtils.java:logGet(43)) - raft.server.sleep.deviation.threshold = 300 (default)
2019-09-26 15:38:57,545 [pool-123-thread-1] INFO  server.RaftServerConfigKeys (ConfUtils.java:logGet(43)) - raft.server.log.appender.install.snapshot.enabled = false (custom)
2019-09-26 15:38:57,545 [pool-123-thread-1] INFO  impl.RaftServerImpl (ServerState.java:<init>(103)) - bcb704dc-2543-42a4-8762-cde039a55a99@group-BE5CDE6B6C20: ConfigurationManager, init=-1: [bcb704dc-2543-42a4-8762-cde039a55a99:192.168.151.99:43663], old=null, confs=<EMPTY_MAP>
2019-09-26 15:38:57,545 [pool-123-thread-1] INFO  server.RaftServerConfigKeys (ConfUtils.java:logGet(43)) - raft.server.storage.dir = [/workdir/hadoop-ozone/integration-test/target/test-dir/MiniOzoneClusterImpl-87962e32-e39f-4c57-b747-30c883c1cc54/datanode-0/data/ratis] (custom)
2019-09-26 15:38:57,545 [pool-123-thread-1] INFO  storage.RaftStorageDirectory (RaftStorageDirectory.java:analyzeStorage(246)) - The storage directory /workdir/hadoop-ozone/integration-test/target/test-dir/MiniOzoneClusterImpl-87962e32-e39f-4c57-b747-30c883c1cc54/datanode-0/data/ratis/4215a08f-57f3-4d7b-95f6-be5cde6b6c20 does not exist. Creating ...
2019-09-26 15:38:57,558 [pool-123-thread-1] INFO  storage.RaftStorageDirectory (RaftStorageDirectory.java:tryLock(328)) - Lock on /workdir/hadoop-ozone/integration-test/target/test-dir/MiniOzoneClusterImpl-87962e32-e39f-4c57-b747-30c883c1cc54/datanode-0/data/ratis/4215a08f-57f3-4d7b-95f6-be5cde6b6c20/in_use.lock acquired by nodename 10626@pr-hdds-1569-g6sp5-2013761785
2019-09-26 15:38:57,571 [pool-123-thread-1] INFO  storage.RaftStorage (RaftStorage.java:format(72)) - Storage directory /workdir/hadoop-ozone/integration-test/target/test-dir/MiniOzoneClusterImpl-87962e32-e39f-4c57-b747-30c883c1cc54/datanode-0/data/ratis/4215a08f-57f3-4d7b-95f6-be5cde6b6c20 has been successfully formatted.
2019-09-26 15:38:57,571 [pool-123-thread-1] INFO  ratis.ContainerStateMachine (ContainerStateMachine.java:loadSnapshot(230)) - group-BE5CDE6B6C20: The snapshot info is null. Setting the last applied indexto:(t:0, i:~)
2019-09-26 15:38:57,571 [pool-123-thread-1] INFO  server.RaftServerConfigKeys (ConfUtils.java:logGet(43)) - raft.server.notification.no-leader.timeout = 120s (custom)
2019-09-26 15:38:57,571 [pool-123-thread-1] INFO  server.RaftServerConfigKeys (ConfUtils.java:logGet(43)) - raft.server.log.use.memory = false (default)
2019-09-26 15:38:57,571 [pool-123-thread-1] INFO  server.RaftServerConfigKeys (ConfUtils.java:logGet(43)) - raft.server.log.purge.gap = 1000000 (custom)
2019-09-26 15:38:57,571 [pool-123-thread-1] INFO  server.RaftServerConfigKeys (ConfUtils.java:logGet(43)) - raft.server.log.appender.buffer.byte-limit = 33554432 (custom)
2019-09-26 15:38:57,571 [pool-123-thread-1] INFO  server.RaftServerConfigKeys (ConfUtils.java:logGet(43)) - raft.server.log.segment.size.max = 1048576 (custom)
2019-09-26 15:38:57,571 [pool-123-thread-1] INFO  server.RaftServerConfigKeys (ConfUtils.java:logGet(43)) - raft.server.log.segment.cache.num.max = 2 (custom)
2019-09-26 15:38:57,571 [pool-123-thread-1] INFO  segmented.SegmentedRaftLogWorker (SegmentedRaftLogWorker.java:<init>(172)) - new bcb704dc-2543-42a4-8762-cde039a55a99@group-BE5CDE6B6C20-SegmentedRaftLogWorker for RaftStorage:Storage Directory /workdir/hadoop-ozone/integration-test/target/test-dir/MiniOzoneClusterImpl-87962e32-e39f-4c57-b747-30c883c1cc54/datanode-0/data/ratis/4215a08f-57f3-4d7b-95f6-be5cde6b6c20
2019-09-26 15:38:57,571 [pool-123-thread-1] INFO  server.RaftServerConfigKeys (ConfUtils.java:logGet(43)) - raft.server.log.queue.byte-limit = 2147483647 (custom)
2019-09-26 15:38:57,571 [pool-123-thread-1] INFO  server.RaftServerConfigKeys (ConfUtils.java:logGet(43)) - raft.server.log.queue.element-limit = 1024 (custom)
2019-09-26 15:38:57,571 [pool-123-thread-1] INFO  server.RaftServerConfigKeys (ConfUtils.java:logGet(43)) - raft.server.log.segment.size.max = 1048576 (custom)
2019-09-26 15:38:57,572 [pool-123-thread-1] INFO  server.RaftServerConfigKeys (ConfUtils.java:logGet(43)) - raft.server.log.preallocated.size = 16384 (custom)
2019-09-26 15:38:57,572 [pool-123-thread-1] INFO  server.RaftServerConfigKeys (ConfUtils.java:logGet(43)) - raft.server.log.write.buffer.size = 33554432 (custom)
2019-09-26 15:38:57,572 [pool-123-thread-1] INFO  server.RaftServerConfigKeys (ConfUtils.java:logGet(43)) - raft.server.log.force.sync.num = 128 (default)
2019-09-26 15:38:57,572 [pool-123-thread-1] INFO  server.RaftServerConfigKeys (ConfUtils.java:logGet(43)) - raft.server.log.statemachine.data.sync = true (default)
2019-09-26 15:38:57,572 [pool-123-thread-1] INFO  server.RaftServerConfigKeys (ConfUtils.java:logGet(43)) - raft.server.log.statemachine.data.sync.timeout = 10s (default)
2019-09-26 15:38:57,572 [pool-123-thread-1] INFO  server.RaftServerConfigKeys (ConfUtils.java:logGet(43)) - raft.server.log.statemachine.data.sync.timeout.retry = -1 (default)
2019-09-26 15:38:57,572 [pool-123-thread-1] INFO  server.RaftServerConfigKeys (ConfUtils.java:logGet(43)) - raft.server.log.statemachine.data.caching.enabled = true (custom)
2019-09-26 15:38:57,572 [pool-123-thread-1] INFO  segmented.SegmentedRaftLogWorker (SegmentedRaftLogWorker.java:lambda$new$0(132)) - bcb704dc-2543-42a4-8762-cde039a55a99@group-BE5CDE6B6C20-SegmentedRaftLogWorker: flushIndex: setUnconditionally 0 -> -1
2019-09-26 15:38:57,572 [pool-123-thread-1] INFO  server.RaftServerConfigKeys (ConfUtils.java:logGet(43)) - raft.server.snapshot.auto.trigger.enabled = true (custom)
2019-09-26 15:38:57,572 [pool-123-thread-1] INFO  server.RaftServerConfigKeys (ConfUtils.java:logGet(43)) - raft.server.snapshot.auto.trigger.threshold = 10000 (custom)
2019-09-26 15:38:57,573 [pool-123-thread-1] INFO  server.RaftServerConfigKeys (ConfUtils.java:logGet(43)) - raft.server.snapshot.retention.num.files = 5 (custom)
2019-09-26 15:38:57,573 [pool-123-thread-1] INFO  server.RaftServerConfigKeys (ConfUtils.java:logGet(43)) - raft.server.retrycache.expirytime = 600000ms (custom)
2019-09-26 15:38:57,573 [pool-123-thread-1] INFO  impl.RaftServerImpl (RaftServerImpl.java:start(185)) - bcb704dc-2543-42a4-8762-cde039a55a99@group-BE5CDE6B6C20: start as a follower, conf=-1: [bcb704dc-2543-42a4-8762-cde039a55a99:192.168.151.99:43663], old=null
2019-09-26 15:38:57,574 [pool-123-thread-1] INFO  impl.RaftServerImpl (RaftServerImpl.java:setRole(174)) - bcb704dc-2543-42a4-8762-cde039a55a99@group-BE5CDE6B6C20: changes role from      null to FOLLOWER at term 0 for startAsFollower
2019-09-26 15:38:57,574 [pool-123-thread-1] INFO  impl.RoleInfo (RoleInfo.java:updateAndGet(143)) - bcb704dc-2543-42a4-8762-cde039a55a99: start FollowerState
2019-09-26 15:38:57,574 [pool-123-thread-1] INFO  util.JmxRegister (JmxRegister.java:tryRegister(44)) - Successfully registered JMX Bean with object name Ratis:service=RaftServer,group=group-BE5CDE6B6C20,id=bcb704dc-2543-42a4-8762-cde039a55a99
2019-09-26 15:38:57,575 [RatisPipelineUtilsThread] INFO  pipeline.PipelineStateManager (PipelineStateManager.java:addPipeline(56)) - Created pipeline Pipeline[ Id: 4215a08f-57f3-4d7b-95f6-be5cde6b6c20, Nodes: bcb704dc-2543-42a4-8762-cde039a55a99{ip: 192.168.151.99, host: pr-hdds-1569-g6sp5-2013761785, networkLocation: /default-rack, certSerialId: null}, Type:RATIS, Factor:ONE, State:OPEN]
2019-09-26 15:38:57,578 [grpc-default-executor-0] INFO  impl.RaftServerProxy (RaftServerProxy.java:addNew(89)) - bcb704dc-2543-42a4-8762-cde039a55a99: addNew group-29694A780B41:[bcb704dc-2543-42a4-8762-cde039a55a99:192.168.151.99:43663] returns group-29694A780B41:java.util.concurrent.CompletableFuture@4ce65e60[Not completed]
2019-09-26 15:38:57,579 [pool-123-thread-1] INFO  impl.RaftServerImpl (RaftServerImpl.java:<init>(95)) - bcb704dc-2543-42a4-8762-cde039a55a99: new RaftServerImpl for group-29694A780B41:[bcb704dc-2543-42a4-8762-cde039a55a99:192.168.151.99:43663] with ContainerStateMachine:uninitialized
2019-09-26 15:38:57,579 [pool-123-thread-1] INFO  server.RaftServerConfigKeys (ConfUtils.java:logGet(43)) - raft.server.rpc.timeout.min = 5s (custom)
2019-09-26 15:38:57,579 [pool-123-thread-1] INFO  server.RaftServerConfigKeys (ConfUtils.java:logGet(43)) - raft.server.rpc.timeout.max = 5200ms (custom)
2019-09-26 15:38:57,579 [pool-123-thread-1] INFO  server.RaftServerConfigKeys (ConfUtils.java:logGet(43)) - raft.server.rpcslowness.timeout = 120s (custom)
2019-09-26 15:38:57,579 [pool-123-thread-1] INFO  server.RaftServerConfigKeys (ConfUtils.java:logGet(43)) - raft.server.sleep.deviation.threshold = 300 (default)
2019-09-26 15:38:57,579 [pool-123-thread-1] INFO  server.RaftServerConfigKeys (ConfUtils.java:logGet(43)) - raft.server.log.appender.install.snapshot.enabled = false (custom)
2019-09-26 15:38:57,579 [pool-123-thread-1] INFO  impl.RaftServerImpl (ServerState.java:<init>(103)) - bcb704dc-2543-42a4-8762-cde039a55a99@group-29694A780B41: ConfigurationManager, init=-1: [bcb704dc-2543-42a4-8762-cde039a55a99:192.168.151.99:43663], old=null, confs=<EMPTY_MAP>
2019-09-26 15:38:57,579 [pool-123-thread-1] INFO  server.RaftServerConfigKeys (ConfUtils.java:logGet(43)) - raft.server.storage.dir = [/workdir/hadoop-ozone/integration-test/target/test-dir/MiniOzoneClusterImpl-87962e32-e39f-4c57-b747-30c883c1cc54/datanode-0/data/ratis] (custom)
2019-09-26 15:38:57,579 [pool-123-thread-1] INFO  storage.RaftStorageDirectory (RaftStorageDirectory.java:analyzeStorage(246)) - The storage directory /workdir/hadoop-ozone/integration-test/target/test-dir/MiniOzoneClusterImpl-87962e32-e39f-4c57-b747-30c883c1cc54/datanode-0/data/ratis/b5c84959-0ab7-4b04-bd96-29694a780b41 does not exist. Creating ...
2019-09-26 15:38:57,592 [pool-123-thread-1] INFO  storage.RaftStorageDirectory (RaftStorageDirectory.java:tryLock(328)) - Lock on /workdir/hadoop-ozone/integration-test/target/test-dir/MiniOzoneClusterImpl-87962e32-e39f-4c57-b747-30c883c1cc54/datanode-0/data/ratis/b5c84959-0ab7-4b04-bd96-29694a780b41/in_use.lock acquired by nodename 10626@pr-hdds-1569-g6sp5-2013761785
2019-09-26 15:38:57,604 [pool-123-thread-1] INFO  storage.RaftStorage (RaftStorage.java:format(72)) - Storage directory /workdir/hadoop-ozone/integration-test/target/test-dir/MiniOzoneClusterImpl-87962e32-e39f-4c57-b747-30c883c1cc54/datanode-0/data/ratis/b5c84959-0ab7-4b04-bd96-29694a780b41 has been successfully formatted.
2019-09-26 15:38:57,604 [pool-123-thread-1] INFO  ratis.ContainerStateMachine (ContainerStateMachine.java:loadSnapshot(230)) - group-29694A780B41: The snapshot info is null. Setting the last applied indexto:(t:0, i:~)
2019-09-26 15:38:57,604 [pool-123-thread-1] INFO  server.RaftServerConfigKeys (ConfUtils.java:logGet(43)) - raft.server.notification.no-leader.timeout = 120s (custom)
2019-09-26 15:38:57,605 [pool-123-thread-1] INFO  server.RaftServerConfigKeys (ConfUtils.java:logGet(43)) - raft.server.log.use.memory = false (default)
2019-09-26 15:38:57,605 [pool-123-thread-1] INFO  server.RaftServerConfigKeys (ConfUtils.java:logGet(43)) - raft.server.log.purge.gap = 1000000 (custom)
2019-09-26 15:38:57,605 [pool-123-thread-1] INFO  server.RaftServerConfigKeys (ConfUtils.java:logGet(43)) - raft.server.log.appender.buffer.byte-limit = 33554432 (custom)
2019-09-26 15:38:57,605 [pool-123-thread-1] INFO  server.RaftServerConfigKeys (ConfUtils.java:logGet(43)) - raft.server.log.segment.size.max = 1048576 (custom)
2019-09-26 15:38:57,605 [pool-123-thread-1] INFO  server.RaftServerConfigKeys (ConfUtils.java:logGet(43)) - raft.server.log.segment.cache.num.max = 2 (custom)
2019-09-26 15:38:57,605 [pool-123-thread-1] INFO  segmented.SegmentedRaftLogWorker (SegmentedRaftLogWorker.java:<init>(172)) - new bcb704dc-2543-42a4-8762-cde039a55a99@group-29694A780B41-SegmentedRaftLogWorker for RaftStorage:Storage Directory /workdir/hadoop-ozone/integration-test/target/test-dir/MiniOzoneClusterImpl-87962e32-e39f-4c57-b747-30c883c1cc54/datanode-0/data/ratis/b5c84959-0ab7-4b04-bd96-29694a780b41
2019-09-26 15:38:57,605 [pool-123-thread-1] INFO  server.RaftServerConfigKeys (ConfUtils.java:logGet(43)) - raft.server.log.queue.byte-limit = 2147483647 (custom)
2019-09-26 15:38:57,605 [pool-123-thread-1] INFO  server.RaftServerConfigKeys (ConfUtils.java:logGet(43)) - raft.server.log.queue.element-limit = 1024 (custom)
2019-09-26 15:38:57,605 [pool-123-thread-1] INFO  server.RaftServerConfigKeys (ConfUtils.java:logGet(43)) - raft.server.log.segment.size.max = 1048576 (custom)
2019-09-26 15:38:57,605 [pool-123-thread-1] INFO  server.RaftServerConfigKeys (ConfUtils.java:logGet(43)) - raft.server.log.preallocated.size = 16384 (custom)
2019-09-26 15:38:57,605 [pool-123-thread-1] INFO  server.RaftServerConfigKeys (ConfUtils.java:logGet(43)) - raft.server.log.write.buffer.size = 33554432 (custom)
2019-09-26 15:38:57,606 [pool-123-thread-1] INFO  server.RaftServerConfigKeys (ConfUtils.java:logGet(43)) - raft.server.log.force.sync.num = 128 (default)
2019-09-26 15:38:57,606 [pool-123-thread-1] INFO  server.RaftServerConfigKeys (ConfUtils.java:logGet(43)) - raft.server.log.statemachine.data.sync = true (default)
2019-09-26 15:38:57,606 [pool-123-thread-1] INFO  server.RaftServerConfigKeys (ConfUtils.java:logGet(43)) - raft.server.log.statemachine.data.sync.timeout = 10s (default)
2019-09-26 15:38:57,606 [pool-123-thread-1] INFO  server.RaftServerConfigKeys (ConfUtils.java:logGet(43)) - raft.server.log.statemachine.data.sync.timeout.retry = -1 (default)
2019-09-26 15:38:57,606 [pool-123-thread-1] INFO  server.RaftServerConfigKeys (ConfUtils.java:logGet(43)) - raft.server.log.statemachine.data.caching.enabled = true (custom)
2019-09-26 15:38:57,606 [pool-123-thread-1] INFO  segmented.SegmentedRaftLogWorker (SegmentedRaftLogWorker.java:lambda$new$0(132)) - bcb704dc-2543-42a4-8762-cde039a55a99@group-29694A780B41-SegmentedRaftLogWorker: flushIndex: setUnconditionally 0 -> -1
2019-09-26 15:38:57,606 [pool-123-thread-1] INFO  server.RaftServerConfigKeys (ConfUtils.java:logGet(43)) - raft.server.snapshot.auto.trigger.enabled = true (custom)
2019-09-26 15:38:57,606 [pool-123-thread-1] INFO  server.RaftServerConfigKeys (ConfUtils.java:logGet(43)) - raft.server.snapshot.auto.trigger.threshold = 10000 (custom)
2019-09-26 15:38:57,606 [pool-123-thread-1] INFO  server.RaftServerConfigKeys (ConfUtils.java:logGet(43)) - raft.server.snapshot.retention.num.files = 5 (custom)
2019-09-26 15:38:57,607 [pool-123-thread-1] INFO  server.RaftServerConfigKeys (ConfUtils.java:logGet(43)) - raft.server.retrycache.expirytime = 600000ms (custom)
2019-09-26 15:38:57,607 [pool-123-thread-1] INFO  impl.RaftServerImpl (RaftServerImpl.java:start(185)) - bcb704dc-2543-42a4-8762-cde039a55a99@group-29694A780B41: start as a follower, conf=-1: [bcb704dc-2543-42a4-8762-cde039a55a99:192.168.151.99:43663], old=null
2019-09-26 15:38:57,607 [pool-123-thread-1] INFO  impl.RaftServerImpl (RaftServerImpl.java:setRole(174)) - bcb704dc-2543-42a4-8762-cde039a55a99@group-29694A780B41: changes role from      null to FOLLOWER at term 0 for startAsFollower
2019-09-26 15:38:57,608 [pool-123-thread-1] INFO  impl.RoleInfo (RoleInfo.java:updateAndGet(143)) - bcb704dc-2543-42a4-8762-cde039a55a99: start FollowerState
2019-09-26 15:38:57,608 [pool-123-thread-1] INFO  util.JmxRegister (JmxRegister.java:tryRegister(44)) - Successfully registered JMX Bean with object name Ratis:service=RaftServer,group=group-29694A780B41,id=bcb704dc-2543-42a4-8762-cde039a55a99
2019-09-26 15:38:57,609 [RatisPipelineUtilsThread] INFO  pipeline.PipelineStateManager (PipelineStateManager.java:addPipeline(56)) - Created pipeline Pipeline[ Id: b5c84959-0ab7-4b04-bd96-29694a780b41, Nodes: bcb704dc-2543-42a4-8762-cde039a55a99{ip: 192.168.151.99, host: pr-hdds-1569-g6sp5-2013761785, networkLocation: /default-rack, certSerialId: null}, Type:RATIS, Factor:ONE, State:OPEN]
2019-09-26 15:38:57,612 [grpc-default-executor-0] INFO  impl.RaftServerProxy (RaftServerProxy.java:addNew(89)) - bcb704dc-2543-42a4-8762-cde039a55a99: addNew group-4E88BFDC7C13:[bcb704dc-2543-42a4-8762-cde039a55a99:192.168.151.99:43663] returns group-4E88BFDC7C13:java.util.concurrent.CompletableFuture@dd23fe0[Not completed]
2019-09-26 15:38:57,612 [pool-123-thread-1] INFO  impl.RaftServerImpl (RaftServerImpl.java:<init>(95)) - bcb704dc-2543-42a4-8762-cde039a55a99: new RaftServerImpl for group-4E88BFDC7C13:[bcb704dc-2543-42a4-8762-cde039a55a99:192.168.151.99:43663] with ContainerStateMachine:uninitialized
2019-09-26 15:38:57,612 [pool-123-thread-1] INFO  server.RaftServerConfigKeys (ConfUtils.java:logGet(43)) - raft.server.rpc.timeout.min = 5s (custom)
2019-09-26 15:38:57,612 [pool-123-thread-1] INFO  server.RaftServerConfigKeys (ConfUtils.java:logGet(43)) - raft.server.rpc.timeout.max = 5200ms (custom)
2019-09-26 15:38:57,612 [pool-123-thread-1] INFO  server.RaftServerConfigKeys (ConfUtils.java:logGet(43)) - raft.server.rpcslowness.timeout = 120s (custom)
2019-09-26 15:38:57,612 [pool-123-thread-1] INFO  server.RaftServerConfigKeys (ConfUtils.java:logGet(43)) - raft.server.sleep.deviation.threshold = 300 (default)
2019-09-26 15:38:57,612 [pool-123-thread-1] INFO  server.RaftServerConfigKeys (ConfUtils.java:logGet(43)) - raft.server.log.appender.install.snapshot.enabled = false (custom)
2019-09-26 15:38:57,612 [pool-123-thread-1] INFO  impl.RaftServerImpl (ServerState.java:<init>(103)) - bcb704dc-2543-42a4-8762-cde039a55a99@group-4E88BFDC7C13: ConfigurationManager, init=-1: [bcb704dc-2543-42a4-8762-cde039a55a99:192.168.151.99:43663], old=null, confs=<EMPTY_MAP>
2019-09-26 15:38:57,612 [pool-123-thread-1] INFO  server.RaftServerConfigKeys (ConfUtils.java:logGet(43)) - raft.server.storage.dir = [/workdir/hadoop-ozone/integration-test/target/test-dir/MiniOzoneClusterImpl-87962e32-e39f-4c57-b747-30c883c1cc54/datanode-0/data/ratis] (custom)
2019-09-26 15:38:57,613 [pool-123-thread-1] INFO  storage.RaftStorageDirectory (RaftStorageDirectory.java:analyzeStorage(246)) - The storage directory /workdir/hadoop-ozone/integration-test/target/test-dir/MiniOzoneClusterImpl-87962e32-e39f-4c57-b747-30c883c1cc54/datanode-0/data/ratis/9a9f9e9a-9435-4058-afe3-4e88bfdc7c13 does not exist. Creating ...
2019-09-26 15:38:57,626 [pool-123-thread-1] INFO  storage.RaftStorageDirectory (RaftStorageDirectory.java:tryLock(328)) - Lock on /workdir/hadoop-ozone/integration-test/target/test-dir/MiniOzoneClusterImpl-87962e32-e39f-4c57-b747-30c883c1cc54/datanode-0/data/ratis/9a9f9e9a-9435-4058-afe3-4e88bfdc7c13/in_use.lock acquired by nodename 10626@pr-hdds-1569-g6sp5-2013761785
2019-09-26 15:38:57,638 [pool-123-thread-1] INFO  storage.RaftStorage (RaftStorage.java:format(72)) - Storage directory /workdir/hadoop-ozone/integration-test/target/test-dir/MiniOzoneClusterImpl-87962e32-e39f-4c57-b747-30c883c1cc54/datanode-0/data/ratis/9a9f9e9a-9435-4058-afe3-4e88bfdc7c13 has been successfully formatted.
2019-09-26 15:38:57,638 [pool-123-thread-1] INFO  ratis.ContainerStateMachine (ContainerStateMachine.java:loadSnapshot(230)) - group-4E88BFDC7C13: The snapshot info is null. Setting the last applied indexto:(t:0, i:~)
2019-09-26 15:38:57,638 [pool-123-thread-1] INFO  server.RaftServerConfigKeys (ConfUtils.java:logGet(43)) - raft.server.notification.no-leader.timeout = 120s (custom)
2019-09-26 15:38:57,638 [pool-123-thread-1] INFO  server.RaftServerConfigKeys (ConfUtils.java:logGet(43)) - raft.server.log.use.memory = false (default)
2019-09-26 15:38:57,638 [pool-123-thread-1] INFO  server.RaftServerConfigKeys (ConfUtils.java:logGet(43)) - raft.server.log.purge.gap = 1000000 (custom)
2019-09-26 15:38:57,639 [pool-123-thread-1] INFO  server.RaftServerConfigKeys (ConfUtils.java:logGet(43)) - raft.server.log.appender.buffer.byte-limit = 33554432 (custom)
2019-09-26 15:38:57,639 [pool-123-thread-1] INFO  server.RaftServerConfigKeys (ConfUtils.java:logGet(43)) - raft.server.log.segment.size.max = 1048576 (custom)
2019-09-26 15:38:57,639 [pool-123-thread-1] INFO  server.RaftServerConfigKeys (ConfUtils.java:logGet(43)) - raft.server.log.segment.cache.num.max = 2 (custom)
2019-09-26 15:38:57,639 [pool-123-thread-1] INFO  segmented.SegmentedRaftLogWorker (SegmentedRaftLogWorker.java:<init>(172)) - new bcb704dc-2543-42a4-8762-cde039a55a99@group-4E88BFDC7C13-SegmentedRaftLogWorker for RaftStorage:Storage Directory /workdir/hadoop-ozone/integration-test/target/test-dir/MiniOzoneClusterImpl-87962e32-e39f-4c57-b747-30c883c1cc54/datanode-0/data/ratis/9a9f9e9a-9435-4058-afe3-4e88bfdc7c13
2019-09-26 15:38:57,639 [pool-123-thread-1] INFO  server.RaftServerConfigKeys (ConfUtils.java:logGet(43)) - raft.server.log.queue.byte-limit = 2147483647 (custom)
2019-09-26 15:38:57,639 [pool-123-thread-1] INFO  server.RaftServerConfigKeys (ConfUtils.java:logGet(43)) - raft.server.log.queue.element-limit = 1024 (custom)
2019-09-26 15:38:57,639 [pool-123-thread-1] INFO  server.RaftServerConfigKeys (ConfUtils.java:logGet(43)) - raft.server.log.segment.size.max = 1048576 (custom)
2019-09-26 15:38:57,639 [pool-123-thread-1] INFO  server.RaftServerConfigKeys (ConfUtils.java:logGet(43)) - raft.server.log.preallocated.size = 16384 (custom)
2019-09-26 15:38:57,639 [pool-123-thread-1] INFO  server.RaftServerConfigKeys (ConfUtils.java:logGet(43)) - raft.server.log.write.buffer.size = 33554432 (custom)
2019-09-26 15:38:57,639 [pool-123-thread-1] INFO  server.RaftServerConfigKeys (ConfUtils.java:logGet(43)) - raft.server.log.force.sync.num = 128 (default)
2019-09-26 15:38:57,639 [pool-123-thread-1] INFO  server.RaftServerConfigKeys (ConfUtils.java:logGet(43)) - raft.server.log.statemachine.data.sync = true (default)
2019-09-26 15:38:57,639 [pool-123-thread-1] INFO  server.RaftServerConfigKeys (ConfUtils.java:logGet(43)) - raft.server.log.statemachine.data.sync.timeout = 10s (default)
2019-09-26 15:38:57,639 [pool-123-thread-1] INFO  server.RaftServerConfigKeys (ConfUtils.java:logGet(43)) - raft.server.log.statemachine.data.sync.timeout.retry = -1 (default)
2019-09-26 15:38:57,640 [pool-123-thread-1] INFO  server.RaftServerConfigKeys (ConfUtils.java:logGet(43)) - raft.server.log.statemachine.data.caching.enabled = true (custom)
2019-09-26 15:38:57,640 [pool-123-thread-1] INFO  segmented.SegmentedRaftLogWorker (SegmentedRaftLogWorker.java:lambda$new$0(132)) - bcb704dc-2543-42a4-8762-cde039a55a99@group-4E88BFDC7C13-SegmentedRaftLogWorker: flushIndex: setUnconditionally 0 -> -1
2019-09-26 15:38:57,640 [pool-123-thread-1] INFO  server.RaftServerConfigKeys (ConfUtils.java:logGet(43)) - raft.server.snapshot.auto.trigger.enabled = true (custom)
2019-09-26 15:38:57,640 [pool-123-thread-1] INFO  server.RaftServerConfigKeys (ConfUtils.java:logGet(43)) - raft.server.snapshot.auto.trigger.threshold = 10000 (custom)
2019-09-26 15:38:57,640 [pool-123-thread-1] INFO  server.RaftServerConfigKeys (ConfUtils.java:logGet(43)) - raft.server.snapshot.retention.num.files = 5 (custom)
2019-09-26 15:38:57,640 [pool-123-thread-1] INFO  server.RaftServerConfigKeys (ConfUtils.java:logGet(43)) - raft.server.retrycache.expirytime = 600000ms (custom)
2019-09-26 15:38:57,641 [pool-123-thread-1] INFO  impl.RaftServerImpl (RaftServerImpl.java:start(185)) - bcb704dc-2543-42a4-8762-cde039a55a99@group-4E88BFDC7C13: start as a follower, conf=-1: [bcb704dc-2543-42a4-8762-cde039a55a99:192.168.151.99:43663], old=null
2019-09-26 15:38:57,641 [pool-123-thread-1] INFO  impl.RaftServerImpl (RaftServerImpl.java:setRole(174)) - bcb704dc-2543-42a4-8762-cde039a55a99@group-4E88BFDC7C13: changes role from      null to FOLLOWER at term 0 for startAsFollower
2019-09-26 15:38:57,641 [pool-123-thread-1] INFO  impl.RoleInfo (RoleInfo.java:updateAndGet(143)) - bcb704dc-2543-42a4-8762-cde039a55a99: start FollowerState
2019-09-26 15:38:57,641 [pool-123-thread-1] INFO  util.JmxRegister (JmxRegister.java:tryRegister(44)) - Successfully registered JMX Bean with object name Ratis:service=RaftServer,group=group-4E88BFDC7C13,id=bcb704dc-2543-42a4-8762-cde039a55a99
2019-09-26 15:38:57,643 [RatisPipelineUtilsThread] INFO  pipeline.PipelineStateManager (PipelineStateManager.java:addPipeline(56)) - Created pipeline Pipeline[ Id: 9a9f9e9a-9435-4058-afe3-4e88bfdc7c13, Nodes: bcb704dc-2543-42a4-8762-cde039a55a99{ip: 192.168.151.99, host: pr-hdds-1569-g6sp5-2013761785, networkLocation: /default-rack, certSerialId: null}, Type:RATIS, Factor:ONE, State:OPEN]
2019-09-26 15:38:57,646 [grpc-default-executor-0] INFO  impl.RaftServerProxy (RaftServerProxy.java:addNew(89)) - bcb704dc-2543-42a4-8762-cde039a55a99: addNew group-D3FDF48AE4AA:[bcb704dc-2543-42a4-8762-cde039a55a99:192.168.151.99:43663] returns group-D3FDF48AE4AA:java.util.concurrent.CompletableFuture@3e633034[Not completed]
2019-09-26 15:38:57,646 [pool-123-thread-1] INFO  impl.RaftServerImpl (RaftServerImpl.java:<init>(95)) - bcb704dc-2543-42a4-8762-cde039a55a99: new RaftServerImpl for group-D3FDF48AE4AA:[bcb704dc-2543-42a4-8762-cde039a55a99:192.168.151.99:43663] with ContainerStateMachine:uninitialized
2019-09-26 15:38:57,646 [pool-123-thread-1] INFO  server.RaftServerConfigKeys (ConfUtils.java:logGet(43)) - raft.server.rpc.timeout.min = 5s (custom)
2019-09-26 15:38:57,646 [pool-123-thread-1] INFO  server.RaftServerConfigKeys (ConfUtils.java:logGet(43)) - raft.server.rpc.timeout.max = 5200ms (custom)
2019-09-26 15:38:57,647 [pool-123-thread-1] INFO  server.RaftServerConfigKeys (ConfUtils.java:logGet(43)) - raft.server.rpcslowness.timeout = 120s (custom)
2019-09-26 15:38:57,647 [pool-123-thread-1] INFO  server.RaftServerConfigKeys (ConfUtils.java:logGet(43)) - raft.server.sleep.deviation.threshold = 300 (default)
2019-09-26 15:38:57,647 [pool-123-thread-1] INFO  server.RaftServerConfigKeys (ConfUtils.java:logGet(43)) - raft.server.log.appender.install.snapshot.enabled = false (custom)
2019-09-26 15:38:57,647 [pool-123-thread-1] INFO  impl.RaftServerImpl (ServerState.java:<init>(103)) - bcb704dc-2543-42a4-8762-cde039a55a99@group-D3FDF48AE4AA: ConfigurationManager, init=-1: [bcb704dc-2543-42a4-8762-cde039a55a99:192.168.151.99:43663], old=null, confs=<EMPTY_MAP>
2019-09-26 15:38:57,647 [pool-123-thread-1] INFO  server.RaftServerConfigKeys (ConfUtils.java:logGet(43)) - raft.server.storage.dir = [/workdir/hadoop-ozone/integration-test/target/test-dir/MiniOzoneClusterImpl-87962e32-e39f-4c57-b747-30c883c1cc54/datanode-0/data/ratis] (custom)
2019-09-26 15:38:57,647 [pool-123-thread-1] INFO  storage.RaftStorageDirectory (RaftStorageDirectory.java:analyzeStorage(246)) - The storage directory /workdir/hadoop-ozone/integration-test/target/test-dir/MiniOzoneClusterImpl-87962e32-e39f-4c57-b747-30c883c1cc54/datanode-0/data/ratis/815264fd-9e23-4ccd-ac89-d3fdf48ae4aa does not exist. Creating ...
2019-09-26 15:38:57,660 [pool-123-thread-1] INFO  storage.RaftStorageDirectory (RaftStorageDirectory.java:tryLock(328)) - Lock on /workdir/hadoop-ozone/integration-test/target/test-dir/MiniOzoneClusterImpl-87962e32-e39f-4c57-b747-30c883c1cc54/datanode-0/data/ratis/815264fd-9e23-4ccd-ac89-d3fdf48ae4aa/in_use.lock acquired by nodename 10626@pr-hdds-1569-g6sp5-2013761785
2019-09-26 15:38:57,662 [pool-123-thread-1] INFO  storage.RaftStorage (RaftStorage.java:format(72)) - Storage directory /workdir/hadoop-ozone/integration-test/target/test-dir/MiniOzoneClusterImpl-87962e32-e39f-4c57-b747-30c883c1cc54/datanode-0/data/ratis/815264fd-9e23-4ccd-ac89-d3fdf48ae4aa has been successfully formatted.
2019-09-26 15:38:57,662 [pool-123-thread-1] INFO  ratis.ContainerStateMachine (ContainerStateMachine.java:loadSnapshot(230)) - group-D3FDF48AE4AA: The snapshot info is null. Setting the last applied indexto:(t:0, i:~)
2019-09-26 15:38:57,663 [pool-123-thread-1] INFO  server.RaftServerConfigKeys (ConfUtils.java:logGet(43)) - raft.server.notification.no-leader.timeout = 120s (custom)
2019-09-26 15:38:57,663 [pool-123-thread-1] INFO  server.RaftServerConfigKeys (ConfUtils.java:logGet(43)) - raft.server.log.use.memory = false (default)
2019-09-26 15:38:57,663 [pool-123-thread-1] INFO  server.RaftServerConfigKeys (ConfUtils.java:logGet(43)) - raft.server.log.purge.gap = 1000000 (custom)
2019-09-26 15:38:57,663 [pool-123-thread-1] INFO  server.RaftServerConfigKeys (ConfUtils.java:logGet(43)) - raft.server.log.appender.buffer.byte-limit = 33554432 (custom)
2019-09-26 15:38:57,663 [pool-123-thread-1] INFO  server.RaftServerConfigKeys (ConfUtils.java:logGet(43)) - raft.server.log.segment.size.max = 1048576 (custom)
2019-09-26 15:38:57,663 [pool-123-thread-1] INFO  server.RaftServerConfigKeys (ConfUtils.java:logGet(43)) - raft.server.log.segment.cache.num.max = 2 (custom)
2019-09-26 15:38:57,663 [pool-123-thread-1] INFO  segmented.SegmentedRaftLogWorker (SegmentedRaftLogWorker.java:<init>(172)) - new bcb704dc-2543-42a4-8762-cde039a55a99@group-D3FDF48AE4AA-SegmentedRaftLogWorker for RaftStorage:Storage Directory /workdir/hadoop-ozone/integration-test/target/test-dir/MiniOzoneClusterImpl-87962e32-e39f-4c57-b747-30c883c1cc54/datanode-0/data/ratis/815264fd-9e23-4ccd-ac89-d3fdf48ae4aa
2019-09-26 15:38:57,663 [pool-123-thread-1] INFO  server.RaftServerConfigKeys (ConfUtils.java:logGet(43)) - raft.server.log.queue.byte-limit = 2147483647 (custom)
2019-09-26 15:38:57,663 [pool-123-thread-1] INFO  server.RaftServerConfigKeys (ConfUtils.java:logGet(43)) - raft.server.log.queue.element-limit = 1024 (custom)
2019-09-26 15:38:57,663 [pool-123-thread-1] INFO  server.RaftServerConfigKeys (ConfUtils.java:logGet(43)) - raft.server.log.segment.size.max = 1048576 (custom)
2019-09-26 15:38:57,663 [pool-123-thread-1] INFO  server.RaftServerConfigKeys (ConfUtils.java:logGet(43)) - raft.server.log.preallocated.size = 16384 (custom)
2019-09-26 15:38:57,663 [pool-123-thread-1] INFO  server.RaftServerConfigKeys (ConfUtils.java:logGet(43)) - raft.server.log.write.buffer.size = 33554432 (custom)
2019-09-26 15:38:57,663 [pool-123-thread-1] INFO  server.RaftServerConfigKeys (ConfUtils.java:logGet(43)) - raft.server.log.force.sync.num = 128 (default)
2019-09-26 15:38:57,664 [pool-123-thread-1] INFO  server.RaftServerConfigKeys (ConfUtils.java:logGet(43)) - raft.server.log.statemachine.data.sync = true (default)
2019-09-26 15:38:57,664 [pool-123-thread-1] INFO  server.RaftServerConfigKeys (ConfUtils.java:logGet(43)) - raft.server.log.statemachine.data.sync.timeout = 10s (default)
2019-09-26 15:38:57,664 [pool-123-thread-1] INFO  server.RaftServerConfigKeys (ConfUtils.java:logGet(43)) - raft.server.log.statemachine.data.sync.timeout.retry = -1 (default)
2019-09-26 15:38:57,664 [pool-123-thread-1] INFO  server.RaftServerConfigKeys (ConfUtils.java:logGet(43)) - raft.server.log.statemachine.data.caching.enabled = true (custom)
2019-09-26 15:38:57,664 [pool-123-thread-1] INFO  segmented.SegmentedRaftLogWorker (SegmentedRaftLogWorker.java:lambda$new$0(132)) - bcb704dc-2543-42a4-8762-cde039a55a99@group-D3FDF48AE4AA-SegmentedRaftLogWorker: flushIndex: setUnconditionally 0 -> -1
2019-09-26 15:38:57,664 [pool-123-thread-1] INFO  server.RaftServerConfigKeys (ConfUtils.java:logGet(43)) - raft.server.snapshot.auto.trigger.enabled = true (custom)
2019-09-26 15:38:57,664 [pool-123-thread-1] INFO  server.RaftServerConfigKeys (ConfUtils.java:logGet(43)) - raft.server.snapshot.auto.trigger.threshold = 10000 (custom)
2019-09-26 15:38:57,664 [pool-123-thread-1] INFO  server.RaftServerConfigKeys (ConfUtils.java:logGet(43)) - raft.server.snapshot.retention.num.files = 5 (custom)
2019-09-26 15:38:57,664 [pool-123-thread-1] INFO  server.RaftServerConfigKeys (ConfUtils.java:logGet(43)) - raft.server.retrycache.expirytime = 600000ms (custom)
2019-09-26 15:38:57,665 [pool-123-thread-1] INFO  impl.RaftServerImpl (RaftServerImpl.java:start(185)) - bcb704dc-2543-42a4-8762-cde039a55a99@group-D3FDF48AE4AA: start as a follower, conf=-1: [bcb704dc-2543-42a4-8762-cde039a55a99:192.168.151.99:43663], old=null
2019-09-26 15:38:57,665 [pool-123-thread-1] INFO  impl.RaftServerImpl (RaftServerImpl.java:setRole(174)) - bcb704dc-2543-42a4-8762-cde039a55a99@group-D3FDF48AE4AA: changes role from      null to FOLLOWER at term 0 for startAsFollower
2019-09-26 15:38:57,665 [pool-123-thread-1] INFO  impl.RoleInfo (RoleInfo.java:updateAndGet(143)) - bcb704dc-2543-42a4-8762-cde039a55a99: start FollowerState
2019-09-26 15:38:57,666 [pool-123-thread-1] INFO  util.JmxRegister (JmxRegister.java:tryRegister(44)) - Successfully registered JMX Bean with object name Ratis:service=RaftServer,group=group-D3FDF48AE4AA,id=bcb704dc-2543-42a4-8762-cde039a55a99
2019-09-26 15:38:57,667 [RatisPipelineUtilsThread] INFO  pipeline.PipelineStateManager (PipelineStateManager.java:addPipeline(56)) - Created pipeline Pipeline[ Id: 815264fd-9e23-4ccd-ac89-d3fdf48ae4aa, Nodes: bcb704dc-2543-42a4-8762-cde039a55a99{ip: 192.168.151.99, host: pr-hdds-1569-g6sp5-2013761785, networkLocation: /default-rack, certSerialId: null}, Type:RATIS, Factor:ONE, State:OPEN]
2019-09-26 15:38:57,670 [grpc-default-executor-0] INFO  impl.RaftServerProxy (RaftServerProxy.java:addNew(89)) - bcb704dc-2543-42a4-8762-cde039a55a99: addNew group-5542967D52A3:[bcb704dc-2543-42a4-8762-cde039a55a99:192.168.151.99:43663] returns group-5542967D52A3:java.util.concurrent.CompletableFuture@526de8ff[Not completed]
2019-09-26 15:38:57,670 [pool-123-thread-1] INFO  impl.RaftServerImpl (RaftServerImpl.java:<init>(95)) - bcb704dc-2543-42a4-8762-cde039a55a99: new RaftServerImpl for group-5542967D52A3:[bcb704dc-2543-42a4-8762-cde039a55a99:192.168.151.99:43663] with ContainerStateMachine:uninitialized
2019-09-26 15:38:57,670 [pool-123-thread-1] INFO  server.RaftServerConfigKeys (ConfUtils.java:logGet(43)) - raft.server.rpc.timeout.min = 5s (custom)
2019-09-26 15:38:57,670 [pool-123-thread-1] INFO  server.RaftServerConfigKeys (ConfUtils.java:logGet(43)) - raft.server.rpc.timeout.max = 5200ms (custom)
2019-09-26 15:38:57,670 [pool-123-thread-1] INFO  server.RaftServerConfigKeys (ConfUtils.java:logGet(43)) - raft.server.rpcslowness.timeout = 120s (custom)
2019-09-26 15:38:57,670 [pool-123-thread-1] INFO  server.RaftServerConfigKeys (ConfUtils.java:logGet(43)) - raft.server.sleep.deviation.threshold = 300 (default)
2019-09-26 15:38:57,670 [pool-123-thread-1] INFO  server.RaftServerConfigKeys (ConfUtils.java:logGet(43)) - raft.server.log.appender.install.snapshot.enabled = false (custom)
2019-09-26 15:38:57,670 [pool-123-thread-1] INFO  impl.RaftServerImpl (ServerState.java:<init>(103)) - bcb704dc-2543-42a4-8762-cde039a55a99@group-5542967D52A3: ConfigurationManager, init=-1: [bcb704dc-2543-42a4-8762-cde039a55a99:192.168.151.99:43663], old=null, confs=<EMPTY_MAP>
2019-09-26 15:38:57,670 [pool-123-thread-1] INFO  server.RaftServerConfigKeys (ConfUtils.java:logGet(43)) - raft.server.storage.dir = [/workdir/hadoop-ozone/integration-test/target/test-dir/MiniOzoneClusterImpl-87962e32-e39f-4c57-b747-30c883c1cc54/datanode-0/data/ratis] (custom)
2019-09-26 15:38:57,671 [pool-123-thread-1] INFO  storage.RaftStorageDirectory (RaftStorageDirectory.java:analyzeStorage(246)) - The storage directory /workdir/hadoop-ozone/integration-test/target/test-dir/MiniOzoneClusterImpl-87962e32-e39f-4c57-b747-30c883c1cc54/datanode-0/data/ratis/8cb5e537-e062-4af3-8e64-5542967d52a3 does not exist. Creating ...
2019-09-26 15:38:57,674 [pool-123-thread-1] INFO  storage.RaftStorageDirectory (RaftStorageDirectory.java:tryLock(328)) - Lock on /workdir/hadoop-ozone/integration-test/target/test-dir/MiniOzoneClusterImpl-87962e32-e39f-4c57-b747-30c883c1cc54/datanode-0/data/ratis/8cb5e537-e062-4af3-8e64-5542967d52a3/in_use.lock acquired by nodename 10626@pr-hdds-1569-g6sp5-2013761785
2019-09-26 15:38:57,677 [pool-123-thread-1] INFO  storage.RaftStorage (RaftStorage.java:format(72)) - Storage directory /workdir/hadoop-ozone/integration-test/target/test-dir/MiniOzoneClusterImpl-87962e32-e39f-4c57-b747-30c883c1cc54/datanode-0/data/ratis/8cb5e537-e062-4af3-8e64-5542967d52a3 has been successfully formatted.
2019-09-26 15:38:57,677 [pool-123-thread-1] INFO  ratis.ContainerStateMachine (ContainerStateMachine.java:loadSnapshot(230)) - group-5542967D52A3: The snapshot info is null. Setting the last applied indexto:(t:0, i:~)
2019-09-26 15:38:57,677 [pool-123-thread-1] INFO  server.RaftServerConfigKeys (ConfUtils.java:logGet(43)) - raft.server.notification.no-leader.timeout = 120s (custom)
2019-09-26 15:38:57,677 [pool-123-thread-1] INFO  server.RaftServerConfigKeys (ConfUtils.java:logGet(43)) - raft.server.log.use.memory = false (default)
2019-09-26 15:38:57,677 [pool-123-thread-1] INFO  server.RaftServerConfigKeys (ConfUtils.java:logGet(43)) - raft.server.log.purge.gap = 1000000 (custom)
2019-09-26 15:38:57,677 [pool-123-thread-1] INFO  server.RaftServerConfigKeys (ConfUtils.java:logGet(43)) - raft.server.log.appender.buffer.byte-limit = 33554432 (custom)
2019-09-26 15:38:57,677 [pool-123-thread-1] INFO  server.RaftServerConfigKeys (ConfUtils.java:logGet(43)) - raft.server.log.segment.size.max = 1048576 (custom)
2019-09-26 15:38:57,677 [pool-123-thread-1] INFO  server.RaftServerConfigKeys (ConfUtils.java:logGet(43)) - raft.server.log.segment.cache.num.max = 2 (custom)
2019-09-26 15:38:57,678 [pool-123-thread-1] INFO  segmented.SegmentedRaftLogWorker (SegmentedRaftLogWorker.java:<init>(172)) - new bcb704dc-2543-42a4-8762-cde039a55a99@group-5542967D52A3-SegmentedRaftLogWorker for RaftStorage:Storage Directory /workdir/hadoop-ozone/integration-test/target/test-dir/MiniOzoneClusterImpl-87962e32-e39f-4c57-b747-30c883c1cc54/datanode-0/data/ratis/8cb5e537-e062-4af3-8e64-5542967d52a3
2019-09-26 15:38:57,678 [pool-123-thread-1] INFO  server.RaftServerConfigKeys (ConfUtils.java:logGet(43)) - raft.server.log.queue.byte-limit = 2147483647 (custom)
2019-09-26 15:38:57,678 [pool-123-thread-1] INFO  server.RaftServerConfigKeys (ConfUtils.java:logGet(43)) - raft.server.log.queue.element-limit = 1024 (custom)
2019-09-26 15:38:57,678 [pool-123-thread-1] INFO  server.RaftServerConfigKeys (ConfUtils.java:logGet(43)) - raft.server.log.segment.size.max = 1048576 (custom)
2019-09-26 15:38:57,678 [pool-123-thread-1] INFO  server.RaftServerConfigKeys (ConfUtils.java:logGet(43)) - raft.server.log.preallocated.size = 16384 (custom)
2019-09-26 15:38:57,678 [pool-123-thread-1] INFO  server.RaftServerConfigKeys (ConfUtils.java:logGet(43)) - raft.server.log.write.buffer.size = 33554432 (custom)
2019-09-26 15:38:57,678 [pool-123-thread-1] INFO  server.RaftServerConfigKeys (ConfUtils.java:logGet(43)) - raft.server.log.force.sync.num = 128 (default)
2019-09-26 15:38:57,678 [pool-123-thread-1] INFO  server.RaftServerConfigKeys (ConfUtils.java:logGet(43)) - raft.server.log.statemachine.data.sync = true (default)
2019-09-26 15:38:57,678 [pool-123-thread-1] INFO  server.RaftServerConfigKeys (ConfUtils.java:logGet(43)) - raft.server.log.statemachine.data.sync.timeout = 10s (default)
2019-09-26 15:38:57,678 [pool-123-thread-1] INFO  server.RaftServerConfigKeys (ConfUtils.java:logGet(43)) - raft.server.log.statemachine.data.sync.timeout.retry = -1 (default)
2019-09-26 15:38:57,678 [pool-123-thread-1] INFO  server.RaftServerConfigKeys (ConfUtils.java:logGet(43)) - raft.server.log.statemachine.data.caching.enabled = true (custom)
2019-09-26 15:38:57,678 [pool-123-thread-1] INFO  segmented.SegmentedRaftLogWorker (SegmentedRaftLogWorker.java:lambda$new$0(132)) - bcb704dc-2543-42a4-8762-cde039a55a99@group-5542967D52A3-SegmentedRaftLogWorker: flushIndex: setUnconditionally 0 -> -1
2019-09-26 15:38:57,679 [pool-123-thread-1] INFO  server.RaftServerConfigKeys (ConfUtils.java:logGet(43)) - raft.server.snapshot.auto.trigger.enabled = true (custom)
2019-09-26 15:38:57,679 [pool-123-thread-1] INFO  server.RaftServerConfigKeys (ConfUtils.java:logGet(43)) - raft.server.snapshot.auto.trigger.threshold = 10000 (custom)
2019-09-26 15:38:57,679 [pool-123-thread-1] INFO  server.RaftServerConfigKeys (ConfUtils.java:logGet(43)) - raft.server.snapshot.retention.num.files = 5 (custom)
2019-09-26 15:38:57,679 [pool-123-thread-1] INFO  server.RaftServerConfigKeys (ConfUtils.java:logGet(43)) - raft.server.retrycache.expirytime = 600000ms (custom)
2019-09-26 15:38:57,680 [pool-123-thread-1] INFO  impl.RaftServerImpl (RaftServerImpl.java:start(185)) - bcb704dc-2543-42a4-8762-cde039a55a99@group-5542967D52A3: start as a follower, conf=-1: [bcb704dc-2543-42a4-8762-cde039a55a99:192.168.151.99:43663], old=null
2019-09-26 15:38:57,680 [pool-123-thread-1] INFO  impl.RaftServerImpl (RaftServerImpl.java:setRole(174)) - bcb704dc-2543-42a4-8762-cde039a55a99@group-5542967D52A3: changes role from      null to FOLLOWER at term 0 for startAsFollower
2019-09-26 15:38:57,680 [pool-123-thread-1] INFO  impl.RoleInfo (RoleInfo.java:updateAndGet(143)) - bcb704dc-2543-42a4-8762-cde039a55a99: start FollowerState
2019-09-26 15:38:57,680 [pool-123-thread-1] INFO  util.JmxRegister (JmxRegister.java:tryRegister(44)) - Successfully registered JMX Bean with object name Ratis:service=RaftServer,group=group-5542967D52A3,id=bcb704dc-2543-42a4-8762-cde039a55a99
2019-09-26 15:38:57,681 [RatisPipelineUtilsThread] INFO  pipeline.PipelineStateManager (PipelineStateManager.java:addPipeline(56)) - Created pipeline Pipeline[ Id: 8cb5e537-e062-4af3-8e64-5542967d52a3, Nodes: bcb704dc-2543-42a4-8762-cde039a55a99{ip: 192.168.151.99, host: pr-hdds-1569-g6sp5-2013761785, networkLocation: /default-rack, certSerialId: null}, Type:RATIS, Factor:ONE, State:OPEN]
2019-09-26 15:38:57,684 [grpc-default-executor-0] INFO  impl.RaftServerProxy (RaftServerProxy.java:addNew(89)) - bcb704dc-2543-42a4-8762-cde039a55a99: addNew group-DEDDB087FD78:[bcb704dc-2543-42a4-8762-cde039a55a99:192.168.151.99:43663] returns group-DEDDB087FD78:java.util.concurrent.CompletableFuture@76bba199[Not completed]
2019-09-26 15:38:57,685 [pool-123-thread-1] INFO  impl.RaftServerImpl (RaftServerImpl.java:<init>(95)) - bcb704dc-2543-42a4-8762-cde039a55a99: new RaftServerImpl for group-DEDDB087FD78:[bcb704dc-2543-42a4-8762-cde039a55a99:192.168.151.99:43663] with ContainerStateMachine:uninitialized
2019-09-26 15:38:57,685 [pool-123-thread-1] INFO  server.RaftServerConfigKeys (ConfUtils.java:logGet(43)) - raft.server.rpc.timeout.min = 5s (custom)
2019-09-26 15:38:57,685 [pool-123-thread-1] INFO  server.RaftServerConfigKeys (ConfUtils.java:logGet(43)) - raft.server.rpc.timeout.max = 5200ms (custom)
2019-09-26 15:38:57,685 [pool-123-thread-1] INFO  server.RaftServerConfigKeys (ConfUtils.java:logGet(43)) - raft.server.rpcslowness.timeout = 120s (custom)
2019-09-26 15:38:57,685 [pool-123-thread-1] INFO  server.RaftServerConfigKeys (ConfUtils.java:logGet(43)) - raft.server.sleep.deviation.threshold = 300 (default)
2019-09-26 15:38:57,685 [pool-123-thread-1] INFO  server.RaftServerConfigKeys (ConfUtils.java:logGet(43)) - raft.server.log.appender.install.snapshot.enabled = false (custom)
2019-09-26 15:38:57,685 [pool-123-thread-1] INFO  impl.RaftServerImpl (ServerState.java:<init>(103)) - bcb704dc-2543-42a4-8762-cde039a55a99@group-DEDDB087FD78: ConfigurationManager, init=-1: [bcb704dc-2543-42a4-8762-cde039a55a99:192.168.151.99:43663], old=null, confs=<EMPTY_MAP>
2019-09-26 15:38:57,685 [pool-123-thread-1] INFO  server.RaftServerConfigKeys (ConfUtils.java:logGet(43)) - raft.server.storage.dir = [/workdir/hadoop-ozone/integration-test/target/test-dir/MiniOzoneClusterImpl-87962e32-e39f-4c57-b747-30c883c1cc54/datanode-0/data/ratis] (custom)
2019-09-26 15:38:57,686 [pool-123-thread-1] INFO  storage.RaftStorageDirectory (RaftStorageDirectory.java:analyzeStorage(246)) - The storage directory /workdir/hadoop-ozone/integration-test/target/test-dir/MiniOzoneClusterImpl-87962e32-e39f-4c57-b747-30c883c1cc54/datanode-0/data/ratis/f128dd53-07b1-40ea-b895-deddb087fd78 does not exist. Creating ...
2019-09-26 15:38:57,699 [pool-123-thread-1] INFO  storage.RaftStorageDirectory (RaftStorageDirectory.java:tryLock(328)) - Lock on /workdir/hadoop-ozone/integration-test/target/test-dir/MiniOzoneClusterImpl-87962e32-e39f-4c57-b747-30c883c1cc54/datanode-0/data/ratis/f128dd53-07b1-40ea-b895-deddb087fd78/in_use.lock acquired by nodename 10626@pr-hdds-1569-g6sp5-2013761785
2019-09-26 15:38:57,712 [pool-123-thread-1] INFO  storage.RaftStorage (RaftStorage.java:format(72)) - Storage directory /workdir/hadoop-ozone/integration-test/target/test-dir/MiniOzoneClusterImpl-87962e32-e39f-4c57-b747-30c883c1cc54/datanode-0/data/ratis/f128dd53-07b1-40ea-b895-deddb087fd78 has been successfully formatted.
2019-09-26 15:38:57,712 [pool-123-thread-1] INFO  ratis.ContainerStateMachine (ContainerStateMachine.java:loadSnapshot(230)) - group-DEDDB087FD78: The snapshot info is null. Setting the last applied indexto:(t:0, i:~)
2019-09-26 15:38:57,712 [pool-123-thread-1] INFO  server.RaftServerConfigKeys (ConfUtils.java:logGet(43)) - raft.server.notification.no-leader.timeout = 120s (custom)
2019-09-26 15:38:57,712 [pool-123-thread-1] INFO  server.RaftServerConfigKeys (ConfUtils.java:logGet(43)) - raft.server.log.use.memory = false (default)
2019-09-26 15:38:57,712 [pool-123-thread-1] INFO  server.RaftServerConfigKeys (ConfUtils.java:logGet(43)) - raft.server.log.purge.gap = 1000000 (custom)
2019-09-26 15:38:57,712 [pool-123-thread-1] INFO  server.RaftServerConfigKeys (ConfUtils.java:logGet(43)) - raft.server.log.appender.buffer.byte-limit = 33554432 (custom)
2019-09-26 15:38:57,712 [pool-123-thread-1] INFO  server.RaftServerConfigKeys (ConfUtils.java:logGet(43)) - raft.server.log.segment.size.max = 1048576 (custom)
2019-09-26 15:38:57,713 [pool-123-thread-1] INFO  server.RaftServerConfigKeys (ConfUtils.java:logGet(43)) - raft.server.log.segment.cache.num.max = 2 (custom)
2019-09-26 15:38:57,713 [pool-123-thread-1] INFO  segmented.SegmentedRaftLogWorker (SegmentedRaftLogWorker.java:<init>(172)) - new bcb704dc-2543-42a4-8762-cde039a55a99@group-DEDDB087FD78-SegmentedRaftLogWorker for RaftStorage:Storage Directory /workdir/hadoop-ozone/integration-test/target/test-dir/MiniOzoneClusterImpl-87962e32-e39f-4c57-b747-30c883c1cc54/datanode-0/data/ratis/f128dd53-07b1-40ea-b895-deddb087fd78
2019-09-26 15:38:57,713 [pool-123-thread-1] INFO  server.RaftServerConfigKeys (ConfUtils.java:logGet(43)) - raft.server.log.queue.byte-limit = 2147483647 (custom)
2019-09-26 15:38:57,713 [pool-123-thread-1] INFO  server.RaftServerConfigKeys (ConfUtils.java:logGet(43)) - raft.server.log.queue.element-limit = 1024 (custom)
2019-09-26 15:38:57,713 [pool-123-thread-1] INFO  server.RaftServerConfigKeys (ConfUtils.java:logGet(43)) - raft.server.log.segment.size.max = 1048576 (custom)
2019-09-26 15:38:57,713 [pool-123-thread-1] INFO  server.RaftServerConfigKeys (ConfUtils.java:logGet(43)) - raft.server.log.preallocated.size = 16384 (custom)
2019-09-26 15:38:57,713 [pool-123-thread-1] INFO  server.RaftServerConfigKeys (ConfUtils.java:logGet(43)) - raft.server.log.write.buffer.size = 33554432 (custom)
2019-09-26 15:38:57,713 [pool-123-thread-1] INFO  server.RaftServerConfigKeys (ConfUtils.java:logGet(43)) - raft.server.log.force.sync.num = 128 (default)
2019-09-26 15:38:57,713 [pool-123-thread-1] INFO  server.RaftServerConfigKeys (ConfUtils.java:logGet(43)) - raft.server.log.statemachine.data.sync = true (default)
2019-09-26 15:38:57,713 [pool-123-thread-1] INFO  server.RaftServerConfigKeys (ConfUtils.java:logGet(43)) - raft.server.log.statemachine.data.sync.timeout = 10s (default)
2019-09-26 15:38:57,713 [pool-123-thread-1] INFO  server.RaftServerConfigKeys (ConfUtils.java:logGet(43)) - raft.server.log.statemachine.data.sync.timeout.retry = -1 (default)
2019-09-26 15:38:57,713 [pool-123-thread-1] INFO  server.RaftServerConfigKeys (ConfUtils.java:logGet(43)) - raft.server.log.statemachine.data.caching.enabled = true (custom)
2019-09-26 15:38:57,714 [pool-123-thread-1] INFO  segmented.SegmentedRaftLogWorker (SegmentedRaftLogWorker.java:lambda$new$0(132)) - bcb704dc-2543-42a4-8762-cde039a55a99@group-DEDDB087FD78-SegmentedRaftLogWorker: flushIndex: setUnconditionally 0 -> -1
2019-09-26 15:38:57,714 [pool-123-thread-1] INFO  server.RaftServerConfigKeys (ConfUtils.java:logGet(43)) - raft.server.snapshot.auto.trigger.enabled = true (custom)
2019-09-26 15:38:57,714 [pool-123-thread-1] INFO  server.RaftServerConfigKeys (ConfUtils.java:logGet(43)) - raft.server.snapshot.auto.trigger.threshold = 10000 (custom)
2019-09-26 15:38:57,714 [pool-123-thread-1] INFO  server.RaftServerConfigKeys (ConfUtils.java:logGet(43)) - raft.server.snapshot.retention.num.files = 5 (custom)
2019-09-26 15:38:57,714 [pool-123-thread-1] INFO  server.RaftServerConfigKeys (ConfUtils.java:logGet(43)) - raft.server.retrycache.expirytime = 600000ms (custom)
2019-09-26 15:38:57,715 [pool-123-thread-1] INFO  impl.RaftServerImpl (RaftServerImpl.java:start(185)) - bcb704dc-2543-42a4-8762-cde039a55a99@group-DEDDB087FD78: start as a follower, conf=-1: [bcb704dc-2543-42a4-8762-cde039a55a99:192.168.151.99:43663], old=null
2019-09-26 15:38:57,715 [pool-123-thread-1] INFO  impl.RaftServerImpl (RaftServerImpl.java:setRole(174)) - bcb704dc-2543-42a4-8762-cde039a55a99@group-DEDDB087FD78: changes role from      null to FOLLOWER at term 0 for startAsFollower
2019-09-26 15:38:57,715 [pool-123-thread-1] INFO  impl.RoleInfo (RoleInfo.java:updateAndGet(143)) - bcb704dc-2543-42a4-8762-cde039a55a99: start FollowerState
2019-09-26 15:38:57,715 [pool-123-thread-1] INFO  util.JmxRegister (JmxRegister.java:tryRegister(44)) - Successfully registered JMX Bean with object name Ratis:service=RaftServer,group=group-DEDDB087FD78,id=bcb704dc-2543-42a4-8762-cde039a55a99
2019-09-26 15:38:57,717 [RatisPipelineUtilsThread] INFO  pipeline.PipelineStateManager (PipelineStateManager.java:addPipeline(56)) - Created pipeline Pipeline[ Id: f128dd53-07b1-40ea-b895-deddb087fd78, Nodes: bcb704dc-2543-42a4-8762-cde039a55a99{ip: 192.168.151.99, host: pr-hdds-1569-g6sp5-2013761785, networkLocation: /default-rack, certSerialId: null}, Type:RATIS, Factor:ONE, State:OPEN]
2019-09-26 15:38:57,720 [grpc-default-executor-0] INFO  impl.RaftServerProxy (RaftServerProxy.java:addNew(89)) - bcb704dc-2543-42a4-8762-cde039a55a99: addNew group-CDE0182ACA4A:[bcb704dc-2543-42a4-8762-cde039a55a99:192.168.151.99:43663] returns group-CDE0182ACA4A:java.util.concurrent.CompletableFuture@62c6e61b[Not completed]
2019-09-26 15:38:57,720 [pool-123-thread-1] INFO  impl.RaftServerImpl (RaftServerImpl.java:<init>(95)) - bcb704dc-2543-42a4-8762-cde039a55a99: new RaftServerImpl for group-CDE0182ACA4A:[bcb704dc-2543-42a4-8762-cde039a55a99:192.168.151.99:43663] with ContainerStateMachine:uninitialized
2019-09-26 15:38:57,720 [pool-123-thread-1] INFO  server.RaftServerConfigKeys (ConfUtils.java:logGet(43)) - raft.server.rpc.timeout.min = 5s (custom)
2019-09-26 15:38:57,720 [pool-123-thread-1] INFO  server.RaftServerConfigKeys (ConfUtils.java:logGet(43)) - raft.server.rpc.timeout.max = 5200ms (custom)
2019-09-26 15:38:57,720 [pool-123-thread-1] INFO  server.RaftServerConfigKeys (ConfUtils.java:logGet(43)) - raft.server.rpcslowness.timeout = 120s (custom)
2019-09-26 15:38:57,720 [pool-123-thread-1] INFO  server.RaftServerConfigKeys (ConfUtils.java:logGet(43)) - raft.server.sleep.deviation.threshold = 300 (default)
2019-09-26 15:38:57,720 [pool-123-thread-1] INFO  server.RaftServerConfigKeys (ConfUtils.java:logGet(43)) - raft.server.log.appender.install.snapshot.enabled = false (custom)
2019-09-26 15:38:57,720 [pool-123-thread-1] INFO  impl.RaftServerImpl (ServerState.java:<init>(103)) - bcb704dc-2543-42a4-8762-cde039a55a99@group-CDE0182ACA4A: ConfigurationManager, init=-1: [bcb704dc-2543-42a4-8762-cde039a55a99:192.168.151.99:43663], old=null, confs=<EMPTY_MAP>
2019-09-26 15:38:57,720 [pool-123-thread-1] INFO  server.RaftServerConfigKeys (ConfUtils.java:logGet(43)) - raft.server.storage.dir = [/workdir/hadoop-ozone/integration-test/target/test-dir/MiniOzoneClusterImpl-87962e32-e39f-4c57-b747-30c883c1cc54/datanode-0/data/ratis] (custom)
2019-09-26 15:38:57,721 [pool-123-thread-1] INFO  storage.RaftStorageDirectory (RaftStorageDirectory.java:analyzeStorage(246)) - The storage directory /workdir/hadoop-ozone/integration-test/target/test-dir/MiniOzoneClusterImpl-87962e32-e39f-4c57-b747-30c883c1cc54/datanode-0/data/ratis/2c2e9fcd-808c-4efe-bd67-cde0182aca4a does not exist. Creating ...
2019-09-26 15:38:57,730 [pool-123-thread-1] INFO  storage.RaftStorageDirectory (RaftStorageDirectory.java:tryLock(328)) - Lock on /workdir/hadoop-ozone/integration-test/target/test-dir/MiniOzoneClusterImpl-87962e32-e39f-4c57-b747-30c883c1cc54/datanode-0/data/ratis/2c2e9fcd-808c-4efe-bd67-cde0182aca4a/in_use.lock acquired by nodename 10626@pr-hdds-1569-g6sp5-2013761785
2019-09-26 15:38:57,742 [pool-123-thread-1] INFO  storage.RaftStorage (RaftStorage.java:format(72)) - Storage directory /workdir/hadoop-ozone/integration-test/target/test-dir/MiniOzoneClusterImpl-87962e32-e39f-4c57-b747-30c883c1cc54/datanode-0/data/ratis/2c2e9fcd-808c-4efe-bd67-cde0182aca4a has been successfully formatted.
2019-09-26 15:38:57,742 [pool-123-thread-1] INFO  ratis.ContainerStateMachine (ContainerStateMachine.java:loadSnapshot(230)) - group-CDE0182ACA4A: The snapshot info is null. Setting the last applied indexto:(t:0, i:~)
2019-09-26 15:38:57,743 [pool-123-thread-1] INFO  server.RaftServerConfigKeys (ConfUtils.java:logGet(43)) - raft.server.notification.no-leader.timeout = 120s (custom)
2019-09-26 15:38:57,743 [pool-123-thread-1] INFO  server.RaftServerConfigKeys (ConfUtils.java:logGet(43)) - raft.server.log.use.memory = false (default)
2019-09-26 15:38:57,743 [pool-123-thread-1] INFO  server.RaftServerConfigKeys (ConfUtils.java:logGet(43)) - raft.server.log.purge.gap = 1000000 (custom)
2019-09-26 15:38:57,743 [pool-123-thread-1] INFO  server.RaftServerConfigKeys (ConfUtils.java:logGet(43)) - raft.server.log.appender.buffer.byte-limit = 33554432 (custom)
2019-09-26 15:38:57,743 [pool-123-thread-1] INFO  server.RaftServerConfigKeys (ConfUtils.java:logGet(43)) - raft.server.log.segment.size.max = 1048576 (custom)
2019-09-26 15:38:57,743 [pool-123-thread-1] INFO  server.RaftServerConfigKeys (ConfUtils.java:logGet(43)) - raft.server.log.segment.cache.num.max = 2 (custom)
2019-09-26 15:38:57,743 [pool-123-thread-1] INFO  segmented.SegmentedRaftLogWorker (SegmentedRaftLogWorker.java:<init>(172)) - new bcb704dc-2543-42a4-8762-cde039a55a99@group-CDE0182ACA4A-SegmentedRaftLogWorker for RaftStorage:Storage Directory /workdir/hadoop-ozone/integration-test/target/test-dir/MiniOzoneClusterImpl-87962e32-e39f-4c57-b747-30c883c1cc54/datanode-0/data/ratis/2c2e9fcd-808c-4efe-bd67-cde0182aca4a
2019-09-26 15:38:57,743 [pool-123-thread-1] INFO  server.RaftServerConfigKeys (ConfUtils.java:logGet(43)) - raft.server.log.queue.byte-limit = 2147483647 (custom)
2019-09-26 15:38:57,743 [pool-123-thread-1] INFO  server.RaftServerConfigKeys (ConfUtils.java:logGet(43)) - raft.server.log.queue.element-limit = 1024 (custom)
2019-09-26 15:38:57,743 [pool-123-thread-1] INFO  server.RaftServerConfigKeys (ConfUtils.java:logGet(43)) - raft.server.log.segment.size.max = 1048576 (custom)
2019-09-26 15:38:57,743 [pool-123-thread-1] INFO  server.RaftServerConfigKeys (ConfUtils.java:logGet(43)) - raft.server.log.preallocated.size = 16384 (custom)
2019-09-26 15:38:57,744 [pool-123-thread-1] INFO  server.RaftServerConfigKeys (ConfUtils.java:logGet(43)) - raft.server.log.write.buffer.size = 33554432 (custom)
2019-09-26 15:38:57,744 [pool-123-thread-1] INFO  server.RaftServerConfigKeys (ConfUtils.java:logGet(43)) - raft.server.log.force.sync.num = 128 (default)
2019-09-26 15:38:57,744 [pool-123-thread-1] INFO  server.RaftServerConfigKeys (ConfUtils.java:logGet(43)) - raft.server.log.statemachine.data.sync = true (default)
2019-09-26 15:38:57,744 [pool-123-thread-1] INFO  server.RaftServerConfigKeys (ConfUtils.java:logGet(43)) - raft.server.log.statemachine.data.sync.timeout = 10s (default)
2019-09-26 15:38:57,744 [pool-123-thread-1] INFO  server.RaftServerConfigKeys (ConfUtils.java:logGet(43)) - raft.server.log.statemachine.data.sync.timeout.retry = -1 (default)
2019-09-26 15:38:57,744 [pool-123-thread-1] INFO  server.RaftServerConfigKeys (ConfUtils.java:logGet(43)) - raft.server.log.statemachine.data.caching.enabled = true (custom)
2019-09-26 15:38:57,744 [pool-123-thread-1] INFO  segmented.SegmentedRaftLogWorker (SegmentedRaftLogWorker.java:lambda$new$0(132)) - bcb704dc-2543-42a4-8762-cde039a55a99@group-CDE0182ACA4A-SegmentedRaftLogWorker: flushIndex: setUnconditionally 0 -> -1
2019-09-26 15:38:57,744 [pool-123-thread-1] INFO  server.RaftServerConfigKeys (ConfUtils.java:logGet(43)) - raft.server.snapshot.auto.trigger.enabled = true (custom)
2019-09-26 15:38:57,745 [pool-123-thread-1] INFO  server.RaftServerConfigKeys (ConfUtils.java:logGet(43)) - raft.server.snapshot.auto.trigger.threshold = 10000 (custom)
2019-09-26 15:38:57,745 [pool-123-thread-1] INFO  server.RaftServerConfigKeys (ConfUtils.java:logGet(43)) - raft.server.snapshot.retention.num.files = 5 (custom)
2019-09-26 15:38:57,745 [pool-123-thread-1] INFO  server.RaftServerConfigKeys (ConfUtils.java:logGet(43)) - raft.server.retrycache.expirytime = 600000ms (custom)
2019-09-26 15:38:57,746 [pool-123-thread-1] INFO  impl.RaftServerImpl (RaftServerImpl.java:start(185)) - bcb704dc-2543-42a4-8762-cde039a55a99@group-CDE0182ACA4A: start as a follower, conf=-1: [bcb704dc-2543-42a4-8762-cde039a55a99:192.168.151.99:43663], old=null
2019-09-26 15:38:57,746 [pool-123-thread-1] INFO  impl.RaftServerImpl (RaftServerImpl.java:setRole(174)) - bcb704dc-2543-42a4-8762-cde039a55a99@group-CDE0182ACA4A: changes role from      null to FOLLOWER at term 0 for startAsFollower
2019-09-26 15:38:57,746 [pool-123-thread-1] INFO  impl.RoleInfo (RoleInfo.java:updateAndGet(143)) - bcb704dc-2543-42a4-8762-cde039a55a99: start FollowerState
2019-09-26 15:38:57,746 [pool-123-thread-1] INFO  util.JmxRegister (JmxRegister.java:tryRegister(44)) - Successfully registered JMX Bean with object name Ratis:service=RaftServer,group=group-CDE0182ACA4A,id=bcb704dc-2543-42a4-8762-cde039a55a99
2019-09-26 15:38:57,748 [RatisPipelineUtilsThread] INFO  pipeline.PipelineStateManager (PipelineStateManager.java:addPipeline(56)) - Created pipeline Pipeline[ Id: 2c2e9fcd-808c-4efe-bd67-cde0182aca4a, Nodes: bcb704dc-2543-42a4-8762-cde039a55a99{ip: 192.168.151.99, host: pr-hdds-1569-g6sp5-2013761785, networkLocation: /default-rack, certSerialId: null}, Type:RATIS, Factor:ONE, State:OPEN]
2019-09-26 15:38:57,752 [grpc-default-executor-0] INFO  impl.RaftServerProxy (RaftServerProxy.java:addNew(89)) - bcb704dc-2543-42a4-8762-cde039a55a99: addNew group-B04EACC30477:[bcb704dc-2543-42a4-8762-cde039a55a99:192.168.151.99:43663] returns group-B04EACC30477:java.util.concurrent.CompletableFuture@6e4b5342[Not completed]
2019-09-26 15:38:57,752 [pool-123-thread-1] INFO  impl.RaftServerImpl (RaftServerImpl.java:<init>(95)) - bcb704dc-2543-42a4-8762-cde039a55a99: new RaftServerImpl for group-B04EACC30477:[bcb704dc-2543-42a4-8762-cde039a55a99:192.168.151.99:43663] with ContainerStateMachine:uninitialized
2019-09-26 15:38:57,753 [pool-123-thread-1] INFO  server.RaftServerConfigKeys (ConfUtils.java:logGet(43)) - raft.server.rpc.timeout.min = 5s (custom)
2019-09-26 15:38:57,753 [pool-123-thread-1] INFO  server.RaftServerConfigKeys (ConfUtils.java:logGet(43)) - raft.server.rpc.timeout.max = 5200ms (custom)
2019-09-26 15:38:57,753 [pool-123-thread-1] INFO  server.RaftServerConfigKeys (ConfUtils.java:logGet(43)) - raft.server.rpcslowness.timeout = 120s (custom)
2019-09-26 15:38:57,753 [pool-123-thread-1] INFO  server.RaftServerConfigKeys (ConfUtils.java:logGet(43)) - raft.server.sleep.deviation.threshold = 300 (default)
2019-09-26 15:38:57,753 [pool-123-thread-1] INFO  server.RaftServerConfigKeys (ConfUtils.java:logGet(43)) - raft.server.log.appender.install.snapshot.enabled = false (custom)
2019-09-26 15:38:57,753 [pool-123-thread-1] INFO  impl.RaftServerImpl (ServerState.java:<init>(103)) - bcb704dc-2543-42a4-8762-cde039a55a99@group-B04EACC30477: ConfigurationManager, init=-1: [bcb704dc-2543-42a4-8762-cde039a55a99:192.168.151.99:43663], old=null, confs=<EMPTY_MAP>
2019-09-26 15:38:57,753 [pool-123-thread-1] INFO  server.RaftServerConfigKeys (ConfUtils.java:logGet(43)) - raft.server.storage.dir = [/workdir/hadoop-ozone/integration-test/target/test-dir/MiniOzoneClusterImpl-87962e32-e39f-4c57-b747-30c883c1cc54/datanode-0/data/ratis] (custom)
2019-09-26 15:38:57,753 [pool-123-thread-1] INFO  storage.RaftStorageDirectory (RaftStorageDirectory.java:analyzeStorage(246)) - The storage directory /workdir/hadoop-ozone/integration-test/target/test-dir/MiniOzoneClusterImpl-87962e32-e39f-4c57-b747-30c883c1cc54/datanode-0/data/ratis/96be226d-2a33-41f3-8c51-b04eacc30477 does not exist. Creating ...
2019-09-26 15:38:57,766 [pool-123-thread-1] INFO  storage.RaftStorageDirectory (RaftStorageDirectory.java:tryLock(328)) - Lock on /workdir/hadoop-ozone/integration-test/target/test-dir/MiniOzoneClusterImpl-87962e32-e39f-4c57-b747-30c883c1cc54/datanode-0/data/ratis/96be226d-2a33-41f3-8c51-b04eacc30477/in_use.lock acquired by nodename 10626@pr-hdds-1569-g6sp5-2013761785
2019-09-26 15:38:57,779 [pool-123-thread-1] INFO  storage.RaftStorage (RaftStorage.java:format(72)) - Storage directory /workdir/hadoop-ozone/integration-test/target/test-dir/MiniOzoneClusterImpl-87962e32-e39f-4c57-b747-30c883c1cc54/datanode-0/data/ratis/96be226d-2a33-41f3-8c51-b04eacc30477 has been successfully formatted.
2019-09-26 15:38:57,779 [pool-123-thread-1] INFO  ratis.ContainerStateMachine (ContainerStateMachine.java:loadSnapshot(230)) - group-B04EACC30477: The snapshot info is null. Setting the last applied indexto:(t:0, i:~)
2019-09-26 15:38:57,779 [pool-123-thread-1] INFO  server.RaftServerConfigKeys (ConfUtils.java:logGet(43)) - raft.server.notification.no-leader.timeout = 120s (custom)
2019-09-26 15:38:57,780 [pool-123-thread-1] INFO  server.RaftServerConfigKeys (ConfUtils.java:logGet(43)) - raft.server.log.use.memory = false (default)
2019-09-26 15:38:57,780 [pool-123-thread-1] INFO  server.RaftServerConfigKeys (ConfUtils.java:logGet(43)) - raft.server.log.purge.gap = 1000000 (custom)
2019-09-26 15:38:57,780 [pool-123-thread-1] INFO  server.RaftServerConfigKeys (ConfUtils.java:logGet(43)) - raft.server.log.appender.buffer.byte-limit = 33554432 (custom)
2019-09-26 15:38:57,780 [pool-123-thread-1] INFO  server.RaftServerConfigKeys (ConfUtils.java:logGet(43)) - raft.server.log.segment.size.max = 1048576 (custom)
2019-09-26 15:38:57,780 [pool-123-thread-1] INFO  server.RaftServerConfigKeys (ConfUtils.java:logGet(43)) - raft.server.log.segment.cache.num.max = 2 (custom)
2019-09-26 15:38:57,780 [pool-123-thread-1] INFO  segmented.SegmentedRaftLogWorker (SegmentedRaftLogWorker.java:<init>(172)) - new bcb704dc-2543-42a4-8762-cde039a55a99@group-B04EACC30477-SegmentedRaftLogWorker for RaftStorage:Storage Directory /workdir/hadoop-ozone/integration-test/target/test-dir/MiniOzoneClusterImpl-87962e32-e39f-4c57-b747-30c883c1cc54/datanode-0/data/ratis/96be226d-2a33-41f3-8c51-b04eacc30477
2019-09-26 15:38:57,780 [pool-123-thread-1] INFO  server.RaftServerConfigKeys (ConfUtils.java:logGet(43)) - raft.server.log.queue.byte-limit = 2147483647 (custom)
2019-09-26 15:38:57,780 [pool-123-thread-1] INFO  server.RaftServerConfigKeys (ConfUtils.java:logGet(43)) - raft.server.log.queue.element-limit = 1024 (custom)
2019-09-26 15:38:57,780 [pool-123-thread-1] INFO  server.RaftServerConfigKeys (ConfUtils.java:logGet(43)) - raft.server.log.segment.size.max = 1048576 (custom)
2019-09-26 15:38:57,780 [pool-123-thread-1] INFO  server.RaftServerConfigKeys (ConfUtils.java:logGet(43)) - raft.server.log.preallocated.size = 16384 (custom)
2019-09-26 15:38:57,781 [pool-123-thread-1] INFO  server.RaftServerConfigKeys (ConfUtils.java:logGet(43)) - raft.server.log.write.buffer.size = 33554432 (custom)
2019-09-26 15:38:57,781 [pool-123-thread-1] INFO  server.RaftServerConfigKeys (ConfUtils.java:logGet(43)) - raft.server.log.force.sync.num = 128 (default)
2019-09-26 15:38:57,781 [pool-123-thread-1] INFO  server.RaftServerConfigKeys (ConfUtils.java:logGet(43)) - raft.server.log.statemachine.data.sync = true (default)
2019-09-26 15:38:57,781 [pool-123-thread-1] INFO  server.RaftServerConfigKeys (ConfUtils.java:logGet(43)) - raft.server.log.statemachine.data.sync.timeout = 10s (default)
2019-09-26 15:38:57,781 [pool-123-thread-1] INFO  server.RaftServerConfigKeys (ConfUtils.java:logGet(43)) - raft.server.log.statemachine.data.sync.timeout.retry = -1 (default)
2019-09-26 15:38:57,781 [pool-123-thread-1] INFO  server.RaftServerConfigKeys (ConfUtils.java:logGet(43)) - raft.server.log.statemachine.data.caching.enabled = true (custom)
2019-09-26 15:38:57,781 [pool-123-thread-1] INFO  segmented.SegmentedRaftLogWorker (SegmentedRaftLogWorker.java:lambda$new$0(132)) - bcb704dc-2543-42a4-8762-cde039a55a99@group-B04EACC30477-SegmentedRaftLogWorker: flushIndex: setUnconditionally 0 -> -1
2019-09-26 15:38:57,781 [pool-123-thread-1] INFO  server.RaftServerConfigKeys (ConfUtils.java:logGet(43)) - raft.server.snapshot.auto.trigger.enabled = true (custom)
2019-09-26 15:38:57,781 [pool-123-thread-1] INFO  server.RaftServerConfigKeys (ConfUtils.java:logGet(43)) - raft.server.snapshot.auto.trigger.threshold = 10000 (custom)
2019-09-26 15:38:57,782 [pool-123-thread-1] INFO  server.RaftServerConfigKeys (ConfUtils.java:logGet(43)) - raft.server.snapshot.retention.num.files = 5 (custom)
2019-09-26 15:38:57,782 [pool-123-thread-1] INFO  server.RaftServerConfigKeys (ConfUtils.java:logGet(43)) - raft.server.retrycache.expirytime = 600000ms (custom)
2019-09-26 15:38:57,783 [pool-123-thread-1] INFO  impl.RaftServerImpl (RaftServerImpl.java:start(185)) - bcb704dc-2543-42a4-8762-cde039a55a99@group-B04EACC30477: start as a follower, conf=-1: [bcb704dc-2543-42a4-8762-cde039a55a99:192.168.151.99:43663], old=null
2019-09-26 15:38:57,783 [pool-123-thread-1] INFO  impl.RaftServerImpl (RaftServerImpl.java:setRole(174)) - bcb704dc-2543-42a4-8762-cde039a55a99@group-B04EACC30477: changes role from      null to FOLLOWER at term 0 for startAsFollower
2019-09-26 15:38:57,783 [pool-123-thread-1] INFO  impl.RoleInfo (RoleInfo.java:updateAndGet(143)) - bcb704dc-2543-42a4-8762-cde039a55a99: start FollowerState
2019-09-26 15:38:57,783 [pool-123-thread-1] INFO  util.JmxRegister (JmxRegister.java:tryRegister(44)) - Successfully registered JMX Bean with object name Ratis:service=RaftServer,group=group-B04EACC30477,id=bcb704dc-2543-42a4-8762-cde039a55a99
2019-09-26 15:38:57,785 [RatisPipelineUtilsThread] INFO  pipeline.PipelineStateManager (PipelineStateManager.java:addPipeline(56)) - Created pipeline Pipeline[ Id: 96be226d-2a33-41f3-8c51-b04eacc30477, Nodes: bcb704dc-2543-42a4-8762-cde039a55a99{ip: 192.168.151.99, host: pr-hdds-1569-g6sp5-2013761785, networkLocation: /default-rack, certSerialId: null}, Type:RATIS, Factor:ONE, State:OPEN]
2019-09-26 15:38:57,789 [grpc-default-executor-0] INFO  impl.RaftServerProxy (RaftServerProxy.java:addNew(89)) - bcb704dc-2543-42a4-8762-cde039a55a99: addNew group-280A8A57BC6F:[bcb704dc-2543-42a4-8762-cde039a55a99:192.168.151.99:43663] returns group-280A8A57BC6F:java.util.concurrent.CompletableFuture@6a504ff9[Not completed]
2019-09-26 15:38:57,789 [pool-123-thread-1] INFO  impl.RaftServerImpl (RaftServerImpl.java:<init>(95)) - bcb704dc-2543-42a4-8762-cde039a55a99: new RaftServerImpl for group-280A8A57BC6F:[bcb704dc-2543-42a4-8762-cde039a55a99:192.168.151.99:43663] with ContainerStateMachine:uninitialized
2019-09-26 15:38:57,790 [pool-123-thread-1] INFO  server.RaftServerConfigKeys (ConfUtils.java:logGet(43)) - raft.server.rpc.timeout.min = 5s (custom)
2019-09-26 15:38:57,790 [pool-123-thread-1] INFO  server.RaftServerConfigKeys (ConfUtils.java:logGet(43)) - raft.server.rpc.timeout.max = 5200ms (custom)
2019-09-26 15:38:57,790 [pool-123-thread-1] INFO  server.RaftServerConfigKeys (ConfUtils.java:logGet(43)) - raft.server.rpcslowness.timeout = 120s (custom)
2019-09-26 15:38:57,790 [pool-123-thread-1] INFO  server.RaftServerConfigKeys (ConfUtils.java:logGet(43)) - raft.server.sleep.deviation.threshold = 300 (default)
2019-09-26 15:38:57,790 [pool-123-thread-1] INFO  server.RaftServerConfigKeys (ConfUtils.java:logGet(43)) - raft.server.log.appender.install.snapshot.enabled = false (custom)
2019-09-26 15:38:57,790 [pool-123-thread-1] INFO  impl.RaftServerImpl (ServerState.java:<init>(103)) - bcb704dc-2543-42a4-8762-cde039a55a99@group-280A8A57BC6F: ConfigurationManager, init=-1: [bcb704dc-2543-42a4-8762-cde039a55a99:192.168.151.99:43663], old=null, confs=<EMPTY_MAP>
2019-09-26 15:38:57,790 [pool-123-thread-1] INFO  server.RaftServerConfigKeys (ConfUtils.java:logGet(43)) - raft.server.storage.dir = [/workdir/hadoop-ozone/integration-test/target/test-dir/MiniOzoneClusterImpl-87962e32-e39f-4c57-b747-30c883c1cc54/datanode-0/data/ratis] (custom)
2019-09-26 15:38:57,791 [pool-123-thread-1] INFO  storage.RaftStorageDirectory (RaftStorageDirectory.java:analyzeStorage(246)) - The storage directory /workdir/hadoop-ozone/integration-test/target/test-dir/MiniOzoneClusterImpl-87962e32-e39f-4c57-b747-30c883c1cc54/datanode-0/data/ratis/a8349962-9cbc-40c5-9345-280a8a57bc6f does not exist. Creating ...
2019-09-26 15:38:57,803 [pool-123-thread-1] INFO  storage.RaftStorageDirectory (RaftStorageDirectory.java:tryLock(328)) - Lock on /workdir/hadoop-ozone/integration-test/target/test-dir/MiniOzoneClusterImpl-87962e32-e39f-4c57-b747-30c883c1cc54/datanode-0/data/ratis/a8349962-9cbc-40c5-9345-280a8a57bc6f/in_use.lock acquired by nodename 10626@pr-hdds-1569-g6sp5-2013761785
2019-09-26 15:38:57,816 [pool-123-thread-1] INFO  storage.RaftStorage (RaftStorage.java:format(72)) - Storage directory /workdir/hadoop-ozone/integration-test/target/test-dir/MiniOzoneClusterImpl-87962e32-e39f-4c57-b747-30c883c1cc54/datanode-0/data/ratis/a8349962-9cbc-40c5-9345-280a8a57bc6f has been successfully formatted.
2019-09-26 15:38:57,816 [pool-123-thread-1] INFO  ratis.ContainerStateMachine (ContainerStateMachine.java:loadSnapshot(230)) - group-280A8A57BC6F: The snapshot info is null. Setting the last applied indexto:(t:0, i:~)
2019-09-26 15:38:57,816 [pool-123-thread-1] INFO  server.RaftServerConfigKeys (ConfUtils.java:logGet(43)) - raft.server.notification.no-leader.timeout = 120s (custom)
2019-09-26 15:38:57,816 [pool-123-thread-1] INFO  server.RaftServerConfigKeys (ConfUtils.java:logGet(43)) - raft.server.log.use.memory = false (default)
2019-09-26 15:38:57,816 [pool-123-thread-1] INFO  server.RaftServerConfigKeys (ConfUtils.java:logGet(43)) - raft.server.log.purge.gap = 1000000 (custom)
2019-09-26 15:38:57,816 [pool-123-thread-1] INFO  server.RaftServerConfigKeys (ConfUtils.java:logGet(43)) - raft.server.log.appender.buffer.byte-limit = 33554432 (custom)
2019-09-26 15:38:57,817 [pool-123-thread-1] INFO  server.RaftServerConfigKeys (ConfUtils.java:logGet(43)) - raft.server.log.segment.size.max = 1048576 (custom)
2019-09-26 15:38:57,817 [pool-123-thread-1] INFO  server.RaftServerConfigKeys (ConfUtils.java:logGet(43)) - raft.server.log.segment.cache.num.max = 2 (custom)
2019-09-26 15:38:57,817 [pool-123-thread-1] INFO  segmented.SegmentedRaftLogWorker (SegmentedRaftLogWorker.java:<init>(172)) - new bcb704dc-2543-42a4-8762-cde039a55a99@group-280A8A57BC6F-SegmentedRaftLogWorker for RaftStorage:Storage Directory /workdir/hadoop-ozone/integration-test/target/test-dir/MiniOzoneClusterImpl-87962e32-e39f-4c57-b747-30c883c1cc54/datanode-0/data/ratis/a8349962-9cbc-40c5-9345-280a8a57bc6f
2019-09-26 15:38:57,817 [pool-123-thread-1] INFO  server.RaftServerConfigKeys (ConfUtils.java:logGet(43)) - raft.server.log.queue.byte-limit = 2147483647 (custom)
2019-09-26 15:38:57,817 [pool-123-thread-1] INFO  server.RaftServerConfigKeys (ConfUtils.java:logGet(43)) - raft.server.log.queue.element-limit = 1024 (custom)
2019-09-26 15:38:57,817 [pool-123-thread-1] INFO  server.RaftServerConfigKeys (ConfUtils.java:logGet(43)) - raft.server.log.segment.size.max = 1048576 (custom)
2019-09-26 15:38:57,817 [pool-123-thread-1] INFO  server.RaftServerConfigKeys (ConfUtils.java:logGet(43)) - raft.server.log.preallocated.size = 16384 (custom)
2019-09-26 15:38:57,817 [pool-123-thread-1] INFO  server.RaftServerConfigKeys (ConfUtils.java:logGet(43)) - raft.server.log.write.buffer.size = 33554432 (custom)
2019-09-26 15:38:57,817 [pool-123-thread-1] INFO  server.RaftServerConfigKeys (ConfUtils.java:logGet(43)) - raft.server.log.force.sync.num = 128 (default)
2019-09-26 15:38:57,817 [pool-123-thread-1] INFO  server.RaftServerConfigKeys (ConfUtils.java:logGet(43)) - raft.server.log.statemachine.data.sync = true (default)
2019-09-26 15:38:57,818 [pool-123-thread-1] INFO  server.RaftServerConfigKeys (ConfUtils.java:logGet(43)) - raft.server.log.statemachine.data.sync.timeout = 10s (default)
2019-09-26 15:38:57,818 [pool-123-thread-1] INFO  server.RaftServerConfigKeys (ConfUtils.java:logGet(43)) - raft.server.log.statemachine.data.sync.timeout.retry = -1 (default)
2019-09-26 15:38:57,818 [pool-123-thread-1] INFO  server.RaftServerConfigKeys (ConfUtils.java:logGet(43)) - raft.server.log.statemachine.data.caching.enabled = true (custom)
2019-09-26 15:38:57,818 [pool-123-thread-1] INFO  segmented.SegmentedRaftLogWorker (SegmentedRaftLogWorker.java:lambda$new$0(132)) - bcb704dc-2543-42a4-8762-cde039a55a99@group-280A8A57BC6F-SegmentedRaftLogWorker: flushIndex: setUnconditionally 0 -> -1
2019-09-26 15:38:57,818 [pool-123-thread-1] INFO  server.RaftServerConfigKeys (ConfUtils.java:logGet(43)) - raft.server.snapshot.auto.trigger.enabled = true (custom)
2019-09-26 15:38:57,818 [pool-123-thread-1] INFO  server.RaftServerConfigKeys (ConfUtils.java:logGet(43)) - raft.server.snapshot.auto.trigger.threshold = 10000 (custom)
2019-09-26 15:38:57,818 [pool-123-thread-1] INFO  server.RaftServerConfigKeys (ConfUtils.java:logGet(43)) - raft.server.snapshot.retention.num.files = 5 (custom)
2019-09-26 15:38:57,819 [pool-123-thread-1] INFO  server.RaftServerConfigKeys (ConfUtils.java:logGet(43)) - raft.server.retrycache.expirytime = 600000ms (custom)
2019-09-26 15:38:57,820 [pool-123-thread-1] INFO  impl.RaftServerImpl (RaftServerImpl.java:start(185)) - bcb704dc-2543-42a4-8762-cde039a55a99@group-280A8A57BC6F: start as a follower, conf=-1: [bcb704dc-2543-42a4-8762-cde039a55a99:192.168.151.99:43663], old=null
2019-09-26 15:38:57,820 [pool-123-thread-1] INFO  impl.RaftServerImpl (RaftServerImpl.java:setRole(174)) - bcb704dc-2543-42a4-8762-cde039a55a99@group-280A8A57BC6F: changes role from      null to FOLLOWER at term 0 for startAsFollower
2019-09-26 15:38:57,820 [pool-123-thread-1] INFO  impl.RoleInfo (RoleInfo.java:updateAndGet(143)) - bcb704dc-2543-42a4-8762-cde039a55a99: start FollowerState
2019-09-26 15:38:57,820 [pool-123-thread-1] INFO  util.JmxRegister (JmxRegister.java:tryRegister(44)) - Successfully registered JMX Bean with object name Ratis:service=RaftServer,group=group-280A8A57BC6F,id=bcb704dc-2543-42a4-8762-cde039a55a99
2019-09-26 15:38:57,823 [RatisPipelineUtilsThread] INFO  pipeline.PipelineStateManager (PipelineStateManager.java:addPipeline(56)) - Created pipeline Pipeline[ Id: a8349962-9cbc-40c5-9345-280a8a57bc6f, Nodes: bcb704dc-2543-42a4-8762-cde039a55a99{ip: 192.168.151.99, host: pr-hdds-1569-g6sp5-2013761785, networkLocation: /default-rack, certSerialId: null}, Type:RATIS, Factor:ONE, State:OPEN]
2019-09-26 15:38:57,826 [grpc-default-executor-0] INFO  impl.RaftServerProxy (RaftServerProxy.java:addNew(89)) - bcb704dc-2543-42a4-8762-cde039a55a99: addNew group-757F8E04E3F8:[bcb704dc-2543-42a4-8762-cde039a55a99:192.168.151.99:43663] returns group-757F8E04E3F8:java.util.concurrent.CompletableFuture@27b3f815[Not completed]
2019-09-26 15:38:57,827 [pool-123-thread-1] INFO  impl.RaftServerImpl (RaftServerImpl.java:<init>(95)) - bcb704dc-2543-42a4-8762-cde039a55a99: new RaftServerImpl for group-757F8E04E3F8:[bcb704dc-2543-42a4-8762-cde039a55a99:192.168.151.99:43663] with ContainerStateMachine:uninitialized
2019-09-26 15:38:57,827 [pool-123-thread-1] INFO  server.RaftServerConfigKeys (ConfUtils.java:logGet(43)) - raft.server.rpc.timeout.min = 5s (custom)
2019-09-26 15:38:57,827 [pool-123-thread-1] INFO  server.RaftServerConfigKeys (ConfUtils.java:logGet(43)) - raft.server.rpc.timeout.max = 5200ms (custom)
2019-09-26 15:38:57,827 [pool-123-thread-1] INFO  server.RaftServerConfigKeys (ConfUtils.java:logGet(43)) - raft.server.rpcslowness.timeout = 120s (custom)
2019-09-26 15:38:57,827 [pool-123-thread-1] INFO  server.RaftServerConfigKeys (ConfUtils.java:logGet(43)) - raft.server.sleep.deviation.threshold = 300 (default)
2019-09-26 15:38:57,827 [pool-123-thread-1] INFO  server.RaftServerConfigKeys (ConfUtils.java:logGet(43)) - raft.server.log.appender.install.snapshot.enabled = false (custom)
2019-09-26 15:38:57,827 [pool-123-thread-1] INFO  impl.RaftServerImpl (ServerState.java:<init>(103)) - bcb704dc-2543-42a4-8762-cde039a55a99@group-757F8E04E3F8: ConfigurationManager, init=-1: [bcb704dc-2543-42a4-8762-cde039a55a99:192.168.151.99:43663], old=null, confs=<EMPTY_MAP>
2019-09-26 15:38:57,828 [pool-123-thread-1] INFO  server.RaftServerConfigKeys (ConfUtils.java:logGet(43)) - raft.server.storage.dir = [/workdir/hadoop-ozone/integration-test/target/test-dir/MiniOzoneClusterImpl-87962e32-e39f-4c57-b747-30c883c1cc54/datanode-0/data/ratis] (custom)
2019-09-26 15:38:57,828 [pool-123-thread-1] INFO  storage.RaftStorageDirectory (RaftStorageDirectory.java:analyzeStorage(246)) - The storage directory /workdir/hadoop-ozone/integration-test/target/test-dir/MiniOzoneClusterImpl-87962e32-e39f-4c57-b747-30c883c1cc54/datanode-0/data/ratis/db295016-9fa7-4011-9db8-757f8e04e3f8 does not exist. Creating ...
2019-09-26 15:38:57,841 [pool-123-thread-1] INFO  storage.RaftStorageDirectory (RaftStorageDirectory.java:tryLock(328)) - Lock on /workdir/hadoop-ozone/integration-test/target/test-dir/MiniOzoneClusterImpl-87962e32-e39f-4c57-b747-30c883c1cc54/datanode-0/data/ratis/db295016-9fa7-4011-9db8-757f8e04e3f8/in_use.lock acquired by nodename 10626@pr-hdds-1569-g6sp5-2013761785
2019-09-26 15:38:57,854 [pool-123-thread-1] INFO  storage.RaftStorage (RaftStorage.java:format(72)) - Storage directory /workdir/hadoop-ozone/integration-test/target/test-dir/MiniOzoneClusterImpl-87962e32-e39f-4c57-b747-30c883c1cc54/datanode-0/data/ratis/db295016-9fa7-4011-9db8-757f8e04e3f8 has been successfully formatted.
2019-09-26 15:38:57,854 [pool-123-thread-1] INFO  ratis.ContainerStateMachine (ContainerStateMachine.java:loadSnapshot(230)) - group-757F8E04E3F8: The snapshot info is null. Setting the last applied indexto:(t:0, i:~)
2019-09-26 15:38:57,855 [pool-123-thread-1] INFO  server.RaftServerConfigKeys (ConfUtils.java:logGet(43)) - raft.server.notification.no-leader.timeout = 120s (custom)
2019-09-26 15:38:57,855 [pool-123-thread-1] INFO  server.RaftServerConfigKeys (ConfUtils.java:logGet(43)) - raft.server.log.use.memory = false (default)
2019-09-26 15:38:57,855 [pool-123-thread-1] INFO  server.RaftServerConfigKeys (ConfUtils.java:logGet(43)) - raft.server.log.purge.gap = 1000000 (custom)
2019-09-26 15:38:57,855 [pool-123-thread-1] INFO  server.RaftServerConfigKeys (ConfUtils.java:logGet(43)) - raft.server.log.appender.buffer.byte-limit = 33554432 (custom)
2019-09-26 15:38:57,855 [pool-123-thread-1] INFO  server.RaftServerConfigKeys (ConfUtils.java:logGet(43)) - raft.server.log.segment.size.max = 1048576 (custom)
2019-09-26 15:38:57,855 [pool-123-thread-1] INFO  server.RaftServerConfigKeys (ConfUtils.java:logGet(43)) - raft.server.log.segment.cache.num.max = 2 (custom)
2019-09-26 15:38:57,856 [pool-123-thread-1] INFO  segmented.SegmentedRaftLogWorker (SegmentedRaftLogWorker.java:<init>(172)) - new bcb704dc-2543-42a4-8762-cde039a55a99@group-757F8E04E3F8-SegmentedRaftLogWorker for RaftStorage:Storage Directory /workdir/hadoop-ozone/integration-test/target/test-dir/MiniOzoneClusterImpl-87962e32-e39f-4c57-b747-30c883c1cc54/datanode-0/data/ratis/db295016-9fa7-4011-9db8-757f8e04e3f8
2019-09-26 15:38:57,856 [pool-123-thread-1] INFO  server.RaftServerConfigKeys (ConfUtils.java:logGet(43)) - raft.server.log.queue.byte-limit = 2147483647 (custom)
2019-09-26 15:38:57,856 [pool-123-thread-1] INFO  server.RaftServerConfigKeys (ConfUtils.java:logGet(43)) - raft.server.log.queue.element-limit = 1024 (custom)
2019-09-26 15:38:57,856 [pool-123-thread-1] INFO  server.RaftServerConfigKeys (ConfUtils.java:logGet(43)) - raft.server.log.segment.size.max = 1048576 (custom)
2019-09-26 15:38:57,856 [pool-123-thread-1] INFO  server.RaftServerConfigKeys (ConfUtils.java:logGet(43)) - raft.server.log.preallocated.size = 16384 (custom)
2019-09-26 15:38:57,856 [pool-123-thread-1] INFO  server.RaftServerConfigKeys (ConfUtils.java:logGet(43)) - raft.server.log.write.buffer.size = 33554432 (custom)
2019-09-26 15:38:57,856 [pool-123-thread-1] INFO  server.RaftServerConfigKeys (ConfUtils.java:logGet(43)) - raft.server.log.force.sync.num = 128 (default)
2019-09-26 15:38:57,857 [pool-123-thread-1] INFO  server.RaftServerConfigKeys (ConfUtils.java:logGet(43)) - raft.server.log.statemachine.data.sync = true (default)
2019-09-26 15:38:57,857 [pool-123-thread-1] INFO  server.RaftServerConfigKeys (ConfUtils.java:logGet(43)) - raft.server.log.statemachine.data.sync.timeout = 10s (default)
2019-09-26 15:38:57,857 [pool-123-thread-1] INFO  server.RaftServerConfigKeys (ConfUtils.java:logGet(43)) - raft.server.log.statemachine.data.sync.timeout.retry = -1 (default)
2019-09-26 15:38:57,857 [pool-123-thread-1] INFO  server.RaftServerConfigKeys (ConfUtils.java:logGet(43)) - raft.server.log.statemachine.data.caching.enabled = true (custom)
2019-09-26 15:38:57,857 [pool-123-thread-1] INFO  segmented.SegmentedRaftLogWorker (SegmentedRaftLogWorker.java:lambda$new$0(132)) - bcb704dc-2543-42a4-8762-cde039a55a99@group-757F8E04E3F8-SegmentedRaftLogWorker: flushIndex: setUnconditionally 0 -> -1
2019-09-26 15:38:57,858 [pool-123-thread-1] INFO  server.RaftServerConfigKeys (ConfUtils.java:logGet(43)) - raft.server.snapshot.auto.trigger.enabled = true (custom)
2019-09-26 15:38:57,858 [pool-123-thread-1] INFO  server.RaftServerConfigKeys (ConfUtils.java:logGet(43)) - raft.server.snapshot.auto.trigger.threshold = 10000 (custom)
2019-09-26 15:38:57,858 [pool-123-thread-1] INFO  server.RaftServerConfigKeys (ConfUtils.java:logGet(43)) - raft.server.snapshot.retention.num.files = 5 (custom)
2019-09-26 15:38:57,858 [pool-123-thread-1] INFO  server.RaftServerConfigKeys (ConfUtils.java:logGet(43)) - raft.server.retrycache.expirytime = 600000ms (custom)
2019-09-26 15:38:57,860 [pool-123-thread-1] INFO  impl.RaftServerImpl (RaftServerImpl.java:start(185)) - bcb704dc-2543-42a4-8762-cde039a55a99@group-757F8E04E3F8: start as a follower, conf=-1: [bcb704dc-2543-42a4-8762-cde039a55a99:192.168.151.99:43663], old=null
2019-09-26 15:38:57,860 [pool-123-thread-1] INFO  impl.RaftServerImpl (RaftServerImpl.java:setRole(174)) - bcb704dc-2543-42a4-8762-cde039a55a99@group-757F8E04E3F8: changes role from      null to FOLLOWER at term 0 for startAsFollower
2019-09-26 15:38:57,860 [pool-123-thread-1] INFO  impl.RoleInfo (RoleInfo.java:updateAndGet(143)) - bcb704dc-2543-42a4-8762-cde039a55a99: start FollowerState
2019-09-26 15:38:57,861 [pool-123-thread-1] INFO  util.JmxRegister (JmxRegister.java:tryRegister(44)) - Successfully registered JMX Bean with object name Ratis:service=RaftServer,group=group-757F8E04E3F8,id=bcb704dc-2543-42a4-8762-cde039a55a99
2019-09-26 15:38:57,863 [RatisPipelineUtilsThread] INFO  pipeline.PipelineStateManager (PipelineStateManager.java:addPipeline(56)) - Created pipeline Pipeline[ Id: db295016-9fa7-4011-9db8-757f8e04e3f8, Nodes: bcb704dc-2543-42a4-8762-cde039a55a99{ip: 192.168.151.99, host: pr-hdds-1569-g6sp5-2013761785, networkLocation: /default-rack, certSerialId: null}, Type:RATIS, Factor:ONE, State:OPEN]
2019-09-26 15:38:57,866 [grpc-default-executor-0] INFO  impl.RaftServerProxy (RaftServerProxy.java:addNew(89)) - bcb704dc-2543-42a4-8762-cde039a55a99: addNew group-71464DC03AA1:[bcb704dc-2543-42a4-8762-cde039a55a99:192.168.151.99:43663] returns group-71464DC03AA1:java.util.concurrent.CompletableFuture@6ca5a6a3[Not completed]
2019-09-26 15:38:57,867 [pool-123-thread-1] INFO  impl.RaftServerImpl (RaftServerImpl.java:<init>(95)) - bcb704dc-2543-42a4-8762-cde039a55a99: new RaftServerImpl for group-71464DC03AA1:[bcb704dc-2543-42a4-8762-cde039a55a99:192.168.151.99:43663] with ContainerStateMachine:uninitialized
2019-09-26 15:38:57,867 [pool-123-thread-1] INFO  server.RaftServerConfigKeys (ConfUtils.java:logGet(43)) - raft.server.rpc.timeout.min = 5s (custom)
2019-09-26 15:38:57,867 [pool-123-thread-1] INFO  server.RaftServerConfigKeys (ConfUtils.java:logGet(43)) - raft.server.rpc.timeout.max = 5200ms (custom)
2019-09-26 15:38:57,867 [pool-123-thread-1] INFO  server.RaftServerConfigKeys (ConfUtils.java:logGet(43)) - raft.server.rpcslowness.timeout = 120s (custom)
2019-09-26 15:38:57,868 [pool-123-thread-1] INFO  server.RaftServerConfigKeys (ConfUtils.java:logGet(43)) - raft.server.sleep.deviation.threshold = 300 (default)
2019-09-26 15:38:57,868 [pool-123-thread-1] INFO  server.RaftServerConfigKeys (ConfUtils.java:logGet(43)) - raft.server.log.appender.install.snapshot.enabled = false (custom)
2019-09-26 15:38:57,868 [pool-123-thread-1] INFO  impl.RaftServerImpl (ServerState.java:<init>(103)) - bcb704dc-2543-42a4-8762-cde039a55a99@group-71464DC03AA1: ConfigurationManager, init=-1: [bcb704dc-2543-42a4-8762-cde039a55a99:192.168.151.99:43663], old=null, confs=<EMPTY_MAP>
2019-09-26 15:38:57,868 [pool-123-thread-1] INFO  server.RaftServerConfigKeys (ConfUtils.java:logGet(43)) - raft.server.storage.dir = [/workdir/hadoop-ozone/integration-test/target/test-dir/MiniOzoneClusterImpl-87962e32-e39f-4c57-b747-30c883c1cc54/datanode-0/data/ratis] (custom)
2019-09-26 15:38:57,869 [pool-123-thread-1] INFO  storage.RaftStorageDirectory (RaftStorageDirectory.java:analyzeStorage(246)) - The storage directory /workdir/hadoop-ozone/integration-test/target/test-dir/MiniOzoneClusterImpl-87962e32-e39f-4c57-b747-30c883c1cc54/datanode-0/data/ratis/acee96f3-a8e1-4da4-bc41-71464dc03aa1 does not exist. Creating ...
2019-09-26 15:38:57,882 [pool-123-thread-1] INFO  storage.RaftStorageDirectory (RaftStorageDirectory.java:tryLock(328)) - Lock on /workdir/hadoop-ozone/integration-test/target/test-dir/MiniOzoneClusterImpl-87962e32-e39f-4c57-b747-30c883c1cc54/datanode-0/data/ratis/acee96f3-a8e1-4da4-bc41-71464dc03aa1/in_use.lock acquired by nodename 10626@pr-hdds-1569-g6sp5-2013761785
2019-09-26 15:38:57,895 [pool-123-thread-1] INFO  storage.RaftStorage (RaftStorage.java:format(72)) - Storage directory /workdir/hadoop-ozone/integration-test/target/test-dir/MiniOzoneClusterImpl-87962e32-e39f-4c57-b747-30c883c1cc54/datanode-0/data/ratis/acee96f3-a8e1-4da4-bc41-71464dc03aa1 has been successfully formatted.
2019-09-26 15:38:57,895 [pool-123-thread-1] INFO  ratis.ContainerStateMachine (ContainerStateMachine.java:loadSnapshot(230)) - group-71464DC03AA1: The snapshot info is null. Setting the last applied indexto:(t:0, i:~)
2019-09-26 15:38:57,896 [pool-123-thread-1] INFO  server.RaftServerConfigKeys (ConfUtils.java:logGet(43)) - raft.server.notification.no-leader.timeout = 120s (custom)
2019-09-26 15:38:57,896 [pool-123-thread-1] INFO  server.RaftServerConfigKeys (ConfUtils.java:logGet(43)) - raft.server.log.use.memory = false (default)
2019-09-26 15:38:57,896 [pool-123-thread-1] INFO  server.RaftServerConfigKeys (ConfUtils.java:logGet(43)) - raft.server.log.purge.gap = 1000000 (custom)
2019-09-26 15:38:57,896 [pool-123-thread-1] INFO  server.RaftServerConfigKeys (ConfUtils.java:logGet(43)) - raft.server.log.appender.buffer.byte-limit = 33554432 (custom)
2019-09-26 15:38:57,896 [pool-123-thread-1] INFO  server.RaftServerConfigKeys (ConfUtils.java:logGet(43)) - raft.server.log.segment.size.max = 1048576 (custom)
2019-09-26 15:38:57,896 [pool-123-thread-1] INFO  server.RaftServerConfigKeys (ConfUtils.java:logGet(43)) - raft.server.log.segment.cache.num.max = 2 (custom)
2019-09-26 15:38:57,896 [pool-123-thread-1] INFO  segmented.SegmentedRaftLogWorker (SegmentedRaftLogWorker.java:<init>(172)) - new bcb704dc-2543-42a4-8762-cde039a55a99@group-71464DC03AA1-SegmentedRaftLogWorker for RaftStorage:Storage Directory /workdir/hadoop-ozone/integration-test/target/test-dir/MiniOzoneClusterImpl-87962e32-e39f-4c57-b747-30c883c1cc54/datanode-0/data/ratis/acee96f3-a8e1-4da4-bc41-71464dc03aa1
2019-09-26 15:38:57,897 [pool-123-thread-1] INFO  server.RaftServerConfigKeys (ConfUtils.java:logGet(43)) - raft.server.log.queue.byte-limit = 2147483647 (custom)
2019-09-26 15:38:57,897 [pool-123-thread-1] INFO  server.RaftServerConfigKeys (ConfUtils.java:logGet(43)) - raft.server.log.queue.element-limit = 1024 (custom)
2019-09-26 15:38:57,897 [pool-123-thread-1] INFO  server.RaftServerConfigKeys (ConfUtils.java:logGet(43)) - raft.server.log.segment.size.max = 1048576 (custom)
2019-09-26 15:38:57,897 [pool-123-thread-1] INFO  server.RaftServerConfigKeys (ConfUtils.java:logGet(43)) - raft.server.log.preallocated.size = 16384 (custom)
2019-09-26 15:38:57,897 [pool-123-thread-1] INFO  server.RaftServerConfigKeys (ConfUtils.java:logGet(43)) - raft.server.log.write.buffer.size = 33554432 (custom)
2019-09-26 15:38:57,897 [pool-123-thread-1] INFO  server.RaftServerConfigKeys (ConfUtils.java:logGet(43)) - raft.server.log.force.sync.num = 128 (default)
2019-09-26 15:38:57,897 [pool-123-thread-1] INFO  server.RaftServerConfigKeys (ConfUtils.java:logGet(43)) - raft.server.log.statemachine.data.sync = true (default)
2019-09-26 15:38:57,898 [pool-123-thread-1] INFO  server.RaftServerConfigKeys (ConfUtils.java:logGet(43)) - raft.server.log.statemachine.data.sync.timeout = 10s (default)
2019-09-26 15:38:57,898 [pool-123-thread-1] INFO  server.RaftServerConfigKeys (ConfUtils.java:logGet(43)) - raft.server.log.statemachine.data.sync.timeout.retry = -1 (default)
2019-09-26 15:38:57,898 [pool-123-thread-1] INFO  server.RaftServerConfigKeys (ConfUtils.java:logGet(43)) - raft.server.log.statemachine.data.caching.enabled = true (custom)
2019-09-26 15:38:57,898 [pool-123-thread-1] INFO  segmented.SegmentedRaftLogWorker (SegmentedRaftLogWorker.java:lambda$new$0(132)) - bcb704dc-2543-42a4-8762-cde039a55a99@group-71464DC03AA1-SegmentedRaftLogWorker: flushIndex: setUnconditionally 0 -> -1
2019-09-26 15:38:57,898 [pool-123-thread-1] INFO  server.RaftServerConfigKeys (ConfUtils.java:logGet(43)) - raft.server.snapshot.auto.trigger.enabled = true (custom)
2019-09-26 15:38:57,899 [pool-123-thread-1] INFO  server.RaftServerConfigKeys (ConfUtils.java:logGet(43)) - raft.server.snapshot.auto.trigger.threshold = 10000 (custom)
2019-09-26 15:38:57,899 [pool-123-thread-1] INFO  server.RaftServerConfigKeys (ConfUtils.java:logGet(43)) - raft.server.snapshot.retention.num.files = 5 (custom)
2019-09-26 15:38:57,899 [pool-123-thread-1] INFO  server.RaftServerConfigKeys (ConfUtils.java:logGet(43)) - raft.server.retrycache.expirytime = 600000ms (custom)
2019-09-26 15:38:57,901 [pool-123-thread-1] INFO  impl.RaftServerImpl (RaftServerImpl.java:start(185)) - bcb704dc-2543-42a4-8762-cde039a55a99@group-71464DC03AA1: start as a follower, conf=-1: [bcb704dc-2543-42a4-8762-cde039a55a99:192.168.151.99:43663], old=null
2019-09-26 15:38:57,901 [pool-123-thread-1] INFO  impl.RaftServerImpl (RaftServerImpl.java:setRole(174)) - bcb704dc-2543-42a4-8762-cde039a55a99@group-71464DC03AA1: changes role from      null to FOLLOWER at term 0 for startAsFollower
2019-09-26 15:38:57,901 [pool-123-thread-1] INFO  impl.RoleInfo (RoleInfo.java:updateAndGet(143)) - bcb704dc-2543-42a4-8762-cde039a55a99: start FollowerState
2019-09-26 15:38:57,901 [pool-123-thread-1] INFO  util.JmxRegister (JmxRegister.java:tryRegister(44)) - Successfully registered JMX Bean with object name Ratis:service=RaftServer,group=group-71464DC03AA1,id=bcb704dc-2543-42a4-8762-cde039a55a99
2019-09-26 15:38:57,904 [RatisPipelineUtilsThread] INFO  pipeline.PipelineStateManager (PipelineStateManager.java:addPipeline(56)) - Created pipeline Pipeline[ Id: acee96f3-a8e1-4da4-bc41-71464dc03aa1, Nodes: bcb704dc-2543-42a4-8762-cde039a55a99{ip: 192.168.151.99, host: pr-hdds-1569-g6sp5-2013761785, networkLocation: /default-rack, certSerialId: null}, Type:RATIS, Factor:ONE, State:OPEN]
2019-09-26 15:38:57,907 [grpc-default-executor-0] INFO  impl.RaftServerProxy (RaftServerProxy.java:addNew(89)) - bcb704dc-2543-42a4-8762-cde039a55a99: addNew group-5371FDF97722:[bcb704dc-2543-42a4-8762-cde039a55a99:192.168.151.99:43663] returns group-5371FDF97722:java.util.concurrent.CompletableFuture@74db1c16[Not completed]
2019-09-26 15:38:57,907 [pool-123-thread-1] INFO  impl.RaftServerImpl (RaftServerImpl.java:<init>(95)) - bcb704dc-2543-42a4-8762-cde039a55a99: new RaftServerImpl for group-5371FDF97722:[bcb704dc-2543-42a4-8762-cde039a55a99:192.168.151.99:43663] with ContainerStateMachine:uninitialized
2019-09-26 15:38:57,908 [pool-123-thread-1] INFO  server.RaftServerConfigKeys (ConfUtils.java:logGet(43)) - raft.server.rpc.timeout.min = 5s (custom)
2019-09-26 15:38:57,908 [pool-123-thread-1] INFO  server.RaftServerConfigKeys (ConfUtils.java:logGet(43)) - raft.server.rpc.timeout.max = 5200ms (custom)
2019-09-26 15:38:57,908 [pool-123-thread-1] INFO  server.RaftServerConfigKeys (ConfUtils.java:logGet(43)) - raft.server.rpcslowness.timeout = 120s (custom)
2019-09-26 15:38:57,908 [pool-123-thread-1] INFO  server.RaftServerConfigKeys (ConfUtils.java:logGet(43)) - raft.server.sleep.deviation.threshold = 300 (default)
2019-09-26 15:38:57,908 [pool-123-thread-1] INFO  server.RaftServerConfigKeys (ConfUtils.java:logGet(43)) - raft.server.log.appender.install.snapshot.enabled = false (custom)
2019-09-26 15:38:57,908 [pool-123-thread-1] INFO  impl.RaftServerImpl (ServerState.java:<init>(103)) - bcb704dc-2543-42a4-8762-cde039a55a99@group-5371FDF97722: ConfigurationManager, init=-1: [bcb704dc-2543-42a4-8762-cde039a55a99:192.168.151.99:43663], old=null, confs=<EMPTY_MAP>
2019-09-26 15:38:57,908 [pool-123-thread-1] INFO  server.RaftServerConfigKeys (ConfUtils.java:logGet(43)) - raft.server.storage.dir = [/workdir/hadoop-ozone/integration-test/target/test-dir/MiniOzoneClusterImpl-87962e32-e39f-4c57-b747-30c883c1cc54/datanode-0/data/ratis] (custom)
2019-09-26 15:38:57,909 [pool-123-thread-1] INFO  storage.RaftStorageDirectory (RaftStorageDirectory.java:analyzeStorage(246)) - The storage directory /workdir/hadoop-ozone/integration-test/target/test-dir/MiniOzoneClusterImpl-87962e32-e39f-4c57-b747-30c883c1cc54/datanode-0/data/ratis/6a0d6ea9-4a19-4499-a0df-5371fdf97722 does not exist. Creating ...
2019-09-26 15:38:57,922 [pool-123-thread-1] INFO  storage.RaftStorageDirectory (RaftStorageDirectory.java:tryLock(328)) - Lock on /workdir/hadoop-ozone/integration-test/target/test-dir/MiniOzoneClusterImpl-87962e32-e39f-4c57-b747-30c883c1cc54/datanode-0/data/ratis/6a0d6ea9-4a19-4499-a0df-5371fdf97722/in_use.lock acquired by nodename 10626@pr-hdds-1569-g6sp5-2013761785
2019-09-26 15:38:57,925 [pool-123-thread-1] INFO  storage.RaftStorage (RaftStorage.java:format(72)) - Storage directory /workdir/hadoop-ozone/integration-test/target/test-dir/MiniOzoneClusterImpl-87962e32-e39f-4c57-b747-30c883c1cc54/datanode-0/data/ratis/6a0d6ea9-4a19-4499-a0df-5371fdf97722 has been successfully formatted.
2019-09-26 15:38:57,925 [pool-123-thread-1] INFO  ratis.ContainerStateMachine (ContainerStateMachine.java:loadSnapshot(230)) - group-5371FDF97722: The snapshot info is null. Setting the last applied indexto:(t:0, i:~)
2019-09-26 15:38:57,926 [pool-123-thread-1] INFO  server.RaftServerConfigKeys (ConfUtils.java:logGet(43)) - raft.server.notification.no-leader.timeout = 120s (custom)
2019-09-26 15:38:57,926 [pool-123-thread-1] INFO  server.RaftServerConfigKeys (ConfUtils.java:logGet(43)) - raft.server.log.use.memory = false (default)
2019-09-26 15:38:57,926 [pool-123-thread-1] INFO  server.RaftServerConfigKeys (ConfUtils.java:logGet(43)) - raft.server.log.purge.gap = 1000000 (custom)
2019-09-26 15:38:57,926 [pool-123-thread-1] INFO  server.RaftServerConfigKeys (ConfUtils.java:logGet(43)) - raft.server.log.appender.buffer.byte-limit = 33554432 (custom)
2019-09-26 15:38:57,926 [pool-123-thread-1] INFO  server.RaftServerConfigKeys (ConfUtils.java:logGet(43)) - raft.server.log.segment.size.max = 1048576 (custom)
2019-09-26 15:38:57,926 [pool-123-thread-1] INFO  server.RaftServerConfigKeys (ConfUtils.java:logGet(43)) - raft.server.log.segment.cache.num.max = 2 (custom)
2019-09-26 15:38:57,926 [pool-123-thread-1] INFO  segmented.SegmentedRaftLogWorker (SegmentedRaftLogWorker.java:<init>(172)) - new bcb704dc-2543-42a4-8762-cde039a55a99@group-5371FDF97722-SegmentedRaftLogWorker for RaftStorage:Storage Directory /workdir/hadoop-ozone/integration-test/target/test-dir/MiniOzoneClusterImpl-87962e32-e39f-4c57-b747-30c883c1cc54/datanode-0/data/ratis/6a0d6ea9-4a19-4499-a0df-5371fdf97722
2019-09-26 15:38:57,927 [pool-123-thread-1] INFO  server.RaftServerConfigKeys (ConfUtils.java:logGet(43)) - raft.server.log.queue.byte-limit = 2147483647 (custom)
2019-09-26 15:38:57,927 [pool-123-thread-1] INFO  server.RaftServerConfigKeys (ConfUtils.java:logGet(43)) - raft.server.log.queue.element-limit = 1024 (custom)
2019-09-26 15:38:57,927 [pool-123-thread-1] INFO  server.RaftServerConfigKeys (ConfUtils.java:logGet(43)) - raft.server.log.segment.size.max = 1048576 (custom)
2019-09-26 15:38:57,927 [pool-123-thread-1] INFO  server.RaftServerConfigKeys (ConfUtils.java:logGet(43)) - raft.server.log.preallocated.size = 16384 (custom)
2019-09-26 15:38:57,927 [pool-123-thread-1] INFO  server.RaftServerConfigKeys (ConfUtils.java:logGet(43)) - raft.server.log.write.buffer.size = 33554432 (custom)
2019-09-26 15:38:57,927 [pool-123-thread-1] INFO  server.RaftServerConfigKeys (ConfUtils.java:logGet(43)) - raft.server.log.force.sync.num = 128 (default)
2019-09-26 15:38:57,927 [pool-123-thread-1] INFO  server.RaftServerConfigKeys (ConfUtils.java:logGet(43)) - raft.server.log.statemachine.data.sync = true (default)
2019-09-26 15:38:57,927 [pool-123-thread-1] INFO  server.RaftServerConfigKeys (ConfUtils.java:logGet(43)) - raft.server.log.statemachine.data.sync.timeout = 10s (default)
2019-09-26 15:38:57,927 [pool-123-thread-1] INFO  server.RaftServerConfigKeys (ConfUtils.java:logGet(43)) - raft.server.log.statemachine.data.sync.timeout.retry = -1 (default)
2019-09-26 15:38:57,928 [pool-123-thread-1] INFO  server.RaftServerConfigKeys (ConfUtils.java:logGet(43)) - raft.server.log.statemachine.data.caching.enabled = true (custom)
2019-09-26 15:38:57,928 [pool-123-thread-1] INFO  segmented.SegmentedRaftLogWorker (SegmentedRaftLogWorker.java:lambda$new$0(132)) - bcb704dc-2543-42a4-8762-cde039a55a99@group-5371FDF97722-SegmentedRaftLogWorker: flushIndex: setUnconditionally 0 -> -1
2019-09-26 15:38:57,928 [pool-123-thread-1] INFO  server.RaftServerConfigKeys (ConfUtils.java:logGet(43)) - raft.server.snapshot.auto.trigger.enabled = true (custom)
2019-09-26 15:38:57,928 [pool-123-thread-1] INFO  server.RaftServerConfigKeys (ConfUtils.java:logGet(43)) - raft.server.snapshot.auto.trigger.threshold = 10000 (custom)
2019-09-26 15:38:57,928 [pool-123-thread-1] INFO  server.RaftServerConfigKeys (ConfUtils.java:logGet(43)) - raft.server.snapshot.retention.num.files = 5 (custom)
2019-09-26 15:38:57,929 [pool-123-thread-1] INFO  server.RaftServerConfigKeys (ConfUtils.java:logGet(43)) - raft.server.retrycache.expirytime = 600000ms (custom)
2019-09-26 15:38:57,930 [pool-123-thread-1] INFO  impl.RaftServerImpl (RaftServerImpl.java:start(185)) - bcb704dc-2543-42a4-8762-cde039a55a99@group-5371FDF97722: start as a follower, conf=-1: [bcb704dc-2543-42a4-8762-cde039a55a99:192.168.151.99:43663], old=null
2019-09-26 15:38:57,930 [pool-123-thread-1] INFO  impl.RaftServerImpl (RaftServerImpl.java:setRole(174)) - bcb704dc-2543-42a4-8762-cde039a55a99@group-5371FDF97722: changes role from      null to FOLLOWER at term 0 for startAsFollower
2019-09-26 15:38:57,930 [pool-123-thread-1] INFO  impl.RoleInfo (RoleInfo.java:updateAndGet(143)) - bcb704dc-2543-42a4-8762-cde039a55a99: start FollowerState
2019-09-26 15:38:57,931 [pool-123-thread-1] INFO  util.JmxRegister (JmxRegister.java:tryRegister(44)) - Successfully registered JMX Bean with object name Ratis:service=RaftServer,group=group-5371FDF97722,id=bcb704dc-2543-42a4-8762-cde039a55a99
2019-09-26 15:38:57,933 [RatisPipelineUtilsThread] INFO  pipeline.PipelineStateManager (PipelineStateManager.java:addPipeline(56)) - Created pipeline Pipeline[ Id: 6a0d6ea9-4a19-4499-a0df-5371fdf97722, Nodes: bcb704dc-2543-42a4-8762-cde039a55a99{ip: 192.168.151.99, host: pr-hdds-1569-g6sp5-2013761785, networkLocation: /default-rack, certSerialId: null}, Type:RATIS, Factor:ONE, State:OPEN]
2019-09-26 15:38:57,937 [grpc-default-executor-0] INFO  impl.RaftServerProxy (RaftServerProxy.java:addNew(89)) - bcb704dc-2543-42a4-8762-cde039a55a99: addNew group-B76F64AA196D:[bcb704dc-2543-42a4-8762-cde039a55a99:192.168.151.99:43663] returns group-B76F64AA196D:java.util.concurrent.CompletableFuture@218ea6dc[Not completed]
2019-09-26 15:38:57,938 [pool-123-thread-1] INFO  impl.RaftServerImpl (RaftServerImpl.java:<init>(95)) - bcb704dc-2543-42a4-8762-cde039a55a99: new RaftServerImpl for group-B76F64AA196D:[bcb704dc-2543-42a4-8762-cde039a55a99:192.168.151.99:43663] with ContainerStateMachine:uninitialized
2019-09-26 15:38:57,938 [pool-123-thread-1] INFO  server.RaftServerConfigKeys (ConfUtils.java:logGet(43)) - raft.server.rpc.timeout.min = 5s (custom)
2019-09-26 15:38:57,938 [pool-123-thread-1] INFO  server.RaftServerConfigKeys (ConfUtils.java:logGet(43)) - raft.server.rpc.timeout.max = 5200ms (custom)
2019-09-26 15:38:57,938 [pool-123-thread-1] INFO  server.RaftServerConfigKeys (ConfUtils.java:logGet(43)) - raft.server.rpcslowness.timeout = 120s (custom)
2019-09-26 15:38:57,938 [pool-123-thread-1] INFO  server.RaftServerConfigKeys (ConfUtils.java:logGet(43)) - raft.server.sleep.deviation.threshold = 300 (default)
2019-09-26 15:38:57,938 [pool-123-thread-1] INFO  server.RaftServerConfigKeys (ConfUtils.java:logGet(43)) - raft.server.log.appender.install.snapshot.enabled = false (custom)
2019-09-26 15:38:57,938 [pool-123-thread-1] INFO  impl.RaftServerImpl (ServerState.java:<init>(103)) - bcb704dc-2543-42a4-8762-cde039a55a99@group-B76F64AA196D: ConfigurationManager, init=-1: [bcb704dc-2543-42a4-8762-cde039a55a99:192.168.151.99:43663], old=null, confs=<EMPTY_MAP>
2019-09-26 15:38:57,938 [pool-123-thread-1] INFO  server.RaftServerConfigKeys (ConfUtils.java:logGet(43)) - raft.server.storage.dir = [/workdir/hadoop-ozone/integration-test/target/test-dir/MiniOzoneClusterImpl-87962e32-e39f-4c57-b747-30c883c1cc54/datanode-0/data/ratis] (custom)
2019-09-26 15:38:57,939 [pool-123-thread-1] INFO  storage.RaftStorageDirectory (RaftStorageDirectory.java:analyzeStorage(246)) - The storage directory /workdir/hadoop-ozone/integration-test/target/test-dir/MiniOzoneClusterImpl-87962e32-e39f-4c57-b747-30c883c1cc54/datanode-0/data/ratis/d91484a0-1ca3-4852-85d8-b76f64aa196d does not exist. Creating ...
2019-09-26 15:38:57,942 [pool-123-thread-1] INFO  storage.RaftStorageDirectory (RaftStorageDirectory.java:tryLock(328)) - Lock on /workdir/hadoop-ozone/integration-test/target/test-dir/MiniOzoneClusterImpl-87962e32-e39f-4c57-b747-30c883c1cc54/datanode-0/data/ratis/d91484a0-1ca3-4852-85d8-b76f64aa196d/in_use.lock acquired by nodename 10626@pr-hdds-1569-g6sp5-2013761785
2019-09-26 15:38:57,946 [pool-123-thread-1] INFO  storage.RaftStorage (RaftStorage.java:format(72)) - Storage directory /workdir/hadoop-ozone/integration-test/target/test-dir/MiniOzoneClusterImpl-87962e32-e39f-4c57-b747-30c883c1cc54/datanode-0/data/ratis/d91484a0-1ca3-4852-85d8-b76f64aa196d has been successfully formatted.
2019-09-26 15:38:57,946 [pool-123-thread-1] INFO  ratis.ContainerStateMachine (ContainerStateMachine.java:loadSnapshot(230)) - group-B76F64AA196D: The snapshot info is null. Setting the last applied indexto:(t:0, i:~)
2019-09-26 15:38:57,946 [pool-123-thread-1] INFO  server.RaftServerConfigKeys (ConfUtils.java:logGet(43)) - raft.server.notification.no-leader.timeout = 120s (custom)
2019-09-26 15:38:57,946 [pool-123-thread-1] INFO  server.RaftServerConfigKeys (ConfUtils.java:logGet(43)) - raft.server.log.use.memory = false (default)
2019-09-26 15:38:57,946 [pool-123-thread-1] INFO  server.RaftServerConfigKeys (ConfUtils.java:logGet(43)) - raft.server.log.purge.gap = 1000000 (custom)
2019-09-26 15:38:57,947 [pool-123-thread-1] INFO  server.RaftServerConfigKeys (ConfUtils.java:logGet(43)) - raft.server.log.appender.buffer.byte-limit = 33554432 (custom)
2019-09-26 15:38:57,947 [pool-123-thread-1] INFO  server.RaftServerConfigKeys (ConfUtils.java:logGet(43)) - raft.server.log.segment.size.max = 1048576 (custom)
2019-09-26 15:38:57,947 [pool-123-thread-1] INFO  server.RaftServerConfigKeys (ConfUtils.java:logGet(43)) - raft.server.log.segment.cache.num.max = 2 (custom)
2019-09-26 15:38:57,947 [pool-123-thread-1] INFO  segmented.SegmentedRaftLogWorker (SegmentedRaftLogWorker.java:<init>(172)) - new bcb704dc-2543-42a4-8762-cde039a55a99@group-B76F64AA196D-SegmentedRaftLogWorker for RaftStorage:Storage Directory /workdir/hadoop-ozone/integration-test/target/test-dir/MiniOzoneClusterImpl-87962e32-e39f-4c57-b747-30c883c1cc54/datanode-0/data/ratis/d91484a0-1ca3-4852-85d8-b76f64aa196d
2019-09-26 15:38:57,947 [pool-123-thread-1] INFO  server.RaftServerConfigKeys (ConfUtils.java:logGet(43)) - raft.server.log.queue.byte-limit = 2147483647 (custom)
2019-09-26 15:38:57,947 [pool-123-thread-1] INFO  server.RaftServerConfigKeys (ConfUtils.java:logGet(43)) - raft.server.log.queue.element-limit = 1024 (custom)
2019-09-26 15:38:57,947 [pool-123-thread-1] INFO  server.RaftServerConfigKeys (ConfUtils.java:logGet(43)) - raft.server.log.segment.size.max = 1048576 (custom)
2019-09-26 15:38:57,947 [pool-123-thread-1] INFO  server.RaftServerConfigKeys (ConfUtils.java:logGet(43)) - raft.server.log.preallocated.size = 16384 (custom)
2019-09-26 15:38:57,947 [pool-123-thread-1] INFO  server.RaftServerConfigKeys (ConfUtils.java:logGet(43)) - raft.server.log.write.buffer.size = 33554432 (custom)
2019-09-26 15:38:57,948 [pool-123-thread-1] INFO  server.RaftServerConfigKeys (ConfUtils.java:logGet(43)) - raft.server.log.force.sync.num = 128 (default)
2019-09-26 15:38:57,948 [pool-123-thread-1] INFO  server.RaftServerConfigKeys (ConfUtils.java:logGet(43)) - raft.server.log.statemachine.data.sync = true (default)
2019-09-26 15:38:57,948 [pool-123-thread-1] INFO  server.RaftServerConfigKeys (ConfUtils.java:logGet(43)) - raft.server.log.statemachine.data.sync.timeout = 10s (default)
2019-09-26 15:38:57,948 [pool-123-thread-1] INFO  server.RaftServerConfigKeys (ConfUtils.java:logGet(43)) - raft.server.log.statemachine.data.sync.timeout.retry = -1 (default)
2019-09-26 15:38:57,948 [pool-123-thread-1] INFO  server.RaftServerConfigKeys (ConfUtils.java:logGet(43)) - raft.server.log.statemachine.data.caching.enabled = true (custom)
2019-09-26 15:38:57,948 [pool-123-thread-1] INFO  segmented.SegmentedRaftLogWorker (SegmentedRaftLogWorker.java:lambda$new$0(132)) - bcb704dc-2543-42a4-8762-cde039a55a99@group-B76F64AA196D-SegmentedRaftLogWorker: flushIndex: setUnconditionally 0 -> -1
2019-09-26 15:38:57,949 [pool-123-thread-1] INFO  server.RaftServerConfigKeys (ConfUtils.java:logGet(43)) - raft.server.snapshot.auto.trigger.enabled = true (custom)
2019-09-26 15:38:57,949 [pool-123-thread-1] INFO  server.RaftServerConfigKeys (ConfUtils.java:logGet(43)) - raft.server.snapshot.auto.trigger.threshold = 10000 (custom)
2019-09-26 15:38:57,949 [pool-123-thread-1] INFO  server.RaftServerConfigKeys (ConfUtils.java:logGet(43)) - raft.server.snapshot.retention.num.files = 5 (custom)
2019-09-26 15:38:57,949 [pool-123-thread-1] INFO  server.RaftServerConfigKeys (ConfUtils.java:logGet(43)) - raft.server.retrycache.expirytime = 600000ms (custom)
2019-09-26 15:38:57,950 [pool-123-thread-1] INFO  impl.RaftServerImpl (RaftServerImpl.java:start(185)) - bcb704dc-2543-42a4-8762-cde039a55a99@group-B76F64AA196D: start as a follower, conf=-1: [bcb704dc-2543-42a4-8762-cde039a55a99:192.168.151.99:43663], old=null
2019-09-26 15:38:57,950 [pool-123-thread-1] INFO  impl.RaftServerImpl (RaftServerImpl.java:setRole(174)) - bcb704dc-2543-42a4-8762-cde039a55a99@group-B76F64AA196D: changes role from      null to FOLLOWER at term 0 for startAsFollower
2019-09-26 15:38:57,950 [pool-123-thread-1] INFO  impl.RoleInfo (RoleInfo.java:updateAndGet(143)) - bcb704dc-2543-42a4-8762-cde039a55a99: start FollowerState
2019-09-26 15:38:57,951 [pool-123-thread-1] INFO  util.JmxRegister (JmxRegister.java:tryRegister(44)) - Successfully registered JMX Bean with object name Ratis:service=RaftServer,group=group-B76F64AA196D,id=bcb704dc-2543-42a4-8762-cde039a55a99
2019-09-26 15:38:57,953 [RatisPipelineUtilsThread] INFO  pipeline.PipelineStateManager (PipelineStateManager.java:addPipeline(56)) - Created pipeline Pipeline[ Id: d91484a0-1ca3-4852-85d8-b76f64aa196d, Nodes: bcb704dc-2543-42a4-8762-cde039a55a99{ip: 192.168.151.99, host: pr-hdds-1569-g6sp5-2013761785, networkLocation: /default-rack, certSerialId: null}, Type:RATIS, Factor:ONE, State:OPEN]
2019-09-26 15:38:57,962 [grpc-default-executor-0] INFO  impl.RaftServerProxy (RaftServerProxy.java:addNew(89)) - bcb704dc-2543-42a4-8762-cde039a55a99: addNew group-48CD8DAE77F3:[bcb704dc-2543-42a4-8762-cde039a55a99:192.168.151.99:43663] returns group-48CD8DAE77F3:java.util.concurrent.CompletableFuture@4072b0b4[Not completed]
2019-09-26 15:38:57,962 [pool-123-thread-1] INFO  impl.RaftServerImpl (RaftServerImpl.java:<init>(95)) - bcb704dc-2543-42a4-8762-cde039a55a99: new RaftServerImpl for group-48CD8DAE77F3:[bcb704dc-2543-42a4-8762-cde039a55a99:192.168.151.99:43663] with ContainerStateMachine:uninitialized
2019-09-26 15:38:57,963 [pool-123-thread-1] INFO  server.RaftServerConfigKeys (ConfUtils.java:logGet(43)) - raft.server.rpc.timeout.min = 5s (custom)
2019-09-26 15:38:57,963 [pool-123-thread-1] INFO  server.RaftServerConfigKeys (ConfUtils.java:logGet(43)) - raft.server.rpc.timeout.max = 5200ms (custom)
2019-09-26 15:38:57,963 [pool-123-thread-1] INFO  server.RaftServerConfigKeys (ConfUtils.java:logGet(43)) - raft.server.rpcslowness.timeout = 120s (custom)
2019-09-26 15:38:57,963 [pool-123-thread-1] INFO  server.RaftServerConfigKeys (ConfUtils.java:logGet(43)) - raft.server.sleep.deviation.threshold = 300 (default)
2019-09-26 15:38:57,963 [pool-123-thread-1] INFO  server.RaftServerConfigKeys (ConfUtils.java:logGet(43)) - raft.server.log.appender.install.snapshot.enabled = false (custom)
2019-09-26 15:38:57,963 [pool-123-thread-1] INFO  impl.RaftServerImpl (ServerState.java:<init>(103)) - bcb704dc-2543-42a4-8762-cde039a55a99@group-48CD8DAE77F3: ConfigurationManager, init=-1: [bcb704dc-2543-42a4-8762-cde039a55a99:192.168.151.99:43663], old=null, confs=<EMPTY_MAP>
2019-09-26 15:38:57,964 [pool-123-thread-1] INFO  server.RaftServerConfigKeys (ConfUtils.java:logGet(43)) - raft.server.storage.dir = [/workdir/hadoop-ozone/integration-test/target/test-dir/MiniOzoneClusterImpl-87962e32-e39f-4c57-b747-30c883c1cc54/datanode-0/data/ratis] (custom)
2019-09-26 15:38:57,965 [pool-123-thread-1] INFO  storage.RaftStorageDirectory (RaftStorageDirectory.java:analyzeStorage(246)) - The storage directory /workdir/hadoop-ozone/integration-test/target/test-dir/MiniOzoneClusterImpl-87962e32-e39f-4c57-b747-30c883c1cc54/datanode-0/data/ratis/a2ea1e8e-5ff7-41da-a6f5-48cd8dae77f3 does not exist. Creating ...
2019-09-26 15:38:57,979 [pool-123-thread-1] INFO  storage.RaftStorageDirectory (RaftStorageDirectory.java:tryLock(328)) - Lock on /workdir/hadoop-ozone/integration-test/target/test-dir/MiniOzoneClusterImpl-87962e32-e39f-4c57-b747-30c883c1cc54/datanode-0/data/ratis/a2ea1e8e-5ff7-41da-a6f5-48cd8dae77f3/in_use.lock acquired by nodename 10626@pr-hdds-1569-g6sp5-2013761785
2019-09-26 15:38:57,993 [pool-123-thread-1] INFO  storage.RaftStorage (RaftStorage.java:format(72)) - Storage directory /workdir/hadoop-ozone/integration-test/target/test-dir/MiniOzoneClusterImpl-87962e32-e39f-4c57-b747-30c883c1cc54/datanode-0/data/ratis/a2ea1e8e-5ff7-41da-a6f5-48cd8dae77f3 has been successfully formatted.
2019-09-26 15:38:57,993 [pool-123-thread-1] INFO  ratis.ContainerStateMachine (ContainerStateMachine.java:loadSnapshot(230)) - group-48CD8DAE77F3: The snapshot info is null. Setting the last applied indexto:(t:0, i:~)
2019-09-26 15:38:57,994 [pool-123-thread-1] INFO  server.RaftServerConfigKeys (ConfUtils.java:logGet(43)) - raft.server.notification.no-leader.timeout = 120s (custom)
2019-09-26 15:38:57,994 [pool-123-thread-1] INFO  server.RaftServerConfigKeys (ConfUtils.java:logGet(43)) - raft.server.log.use.memory = false (default)
2019-09-26 15:38:57,994 [pool-123-thread-1] INFO  server.RaftServerConfigKeys (ConfUtils.java:logGet(43)) - raft.server.log.purge.gap = 1000000 (custom)
2019-09-26 15:38:57,994 [pool-123-thread-1] INFO  server.RaftServerConfigKeys (ConfUtils.java:logGet(43)) - raft.server.log.appender.buffer.byte-limit = 33554432 (custom)
2019-09-26 15:38:57,994 [pool-123-thread-1] INFO  server.RaftServerConfigKeys (ConfUtils.java:logGet(43)) - raft.server.log.segment.size.max = 1048576 (custom)
2019-09-26 15:38:57,995 [pool-123-thread-1] INFO  server.RaftServerConfigKeys (ConfUtils.java:logGet(43)) - raft.server.log.segment.cache.num.max = 2 (custom)
2019-09-26 15:38:57,995 [pool-123-thread-1] INFO  segmented.SegmentedRaftLogWorker (SegmentedRaftLogWorker.java:<init>(172)) - new bcb704dc-2543-42a4-8762-cde039a55a99@group-48CD8DAE77F3-SegmentedRaftLogWorker for RaftStorage:Storage Directory /workdir/hadoop-ozone/integration-test/target/test-dir/MiniOzoneClusterImpl-87962e32-e39f-4c57-b747-30c883c1cc54/datanode-0/data/ratis/a2ea1e8e-5ff7-41da-a6f5-48cd8dae77f3
2019-09-26 15:38:57,995 [pool-123-thread-1] INFO  server.RaftServerConfigKeys (ConfUtils.java:logGet(43)) - raft.server.log.queue.byte-limit = 2147483647 (custom)
2019-09-26 15:38:57,995 [pool-123-thread-1] INFO  server.RaftServerConfigKeys (ConfUtils.java:logGet(43)) - raft.server.log.queue.element-limit = 1024 (custom)
2019-09-26 15:38:57,995 [pool-123-thread-1] INFO  server.RaftServerConfigKeys (ConfUtils.java:logGet(43)) - raft.server.log.segment.size.max = 1048576 (custom)
2019-09-26 15:38:57,995 [pool-123-thread-1] INFO  server.RaftServerConfigKeys (ConfUtils.java:logGet(43)) - raft.server.log.preallocated.size = 16384 (custom)
2019-09-26 15:38:57,996 [pool-123-thread-1] INFO  server.RaftServerConfigKeys (ConfUtils.java:logGet(43)) - raft.server.log.write.buffer.size = 33554432 (custom)
2019-09-26 15:38:57,996 [pool-123-thread-1] INFO  server.RaftServerConfigKeys (ConfUtils.java:logGet(43)) - raft.server.log.force.sync.num = 128 (default)
2019-09-26 15:38:57,996 [pool-123-thread-1] INFO  server.RaftServerConfigKeys (ConfUtils.java:logGet(43)) - raft.server.log.statemachine.data.sync = true (default)
2019-09-26 15:38:57,996 [pool-123-thread-1] INFO  server.RaftServerConfigKeys (ConfUtils.java:logGet(43)) - raft.server.log.statemachine.data.sync.timeout = 10s (default)
2019-09-26 15:38:57,996 [pool-123-thread-1] INFO  server.RaftServerConfigKeys (ConfUtils.java:logGet(43)) - raft.server.log.statemachine.data.sync.timeout.retry = -1 (default)
2019-09-26 15:38:57,996 [pool-123-thread-1] INFO  server.RaftServerConfigKeys (ConfUtils.java:logGet(43)) - raft.server.log.statemachine.data.caching.enabled = true (custom)
2019-09-26 15:38:57,997 [pool-123-thread-1] INFO  segmented.SegmentedRaftLogWorker (SegmentedRaftLogWorker.java:lambda$new$0(132)) - bcb704dc-2543-42a4-8762-cde039a55a99@group-48CD8DAE77F3-SegmentedRaftLogWorker: flushIndex: setUnconditionally 0 -> -1
2019-09-26 15:38:57,997 [pool-123-thread-1] INFO  server.RaftServerConfigKeys (ConfUtils.java:logGet(43)) - raft.server.snapshot.auto.trigger.enabled = true (custom)
2019-09-26 15:38:57,997 [pool-123-thread-1] INFO  server.RaftServerConfigKeys (ConfUtils.java:logGet(43)) - raft.server.snapshot.auto.trigger.threshold = 10000 (custom)
2019-09-26 15:38:57,997 [pool-123-thread-1] INFO  server.RaftServerConfigKeys (ConfUtils.java:logGet(43)) - raft.server.snapshot.retention.num.files = 5 (custom)
2019-09-26 15:38:57,998 [pool-123-thread-1] INFO  server.RaftServerConfigKeys (ConfUtils.java:logGet(43)) - raft.server.retrycache.expirytime = 600000ms (custom)
2019-09-26 15:38:58,000 [pool-123-thread-1] INFO  impl.RaftServerImpl (RaftServerImpl.java:start(185)) - bcb704dc-2543-42a4-8762-cde039a55a99@group-48CD8DAE77F3: start as a follower, conf=-1: [bcb704dc-2543-42a4-8762-cde039a55a99:192.168.151.99:43663], old=null
2019-09-26 15:38:58,000 [pool-123-thread-1] INFO  impl.RaftServerImpl (RaftServerImpl.java:setRole(174)) - bcb704dc-2543-42a4-8762-cde039a55a99@group-48CD8DAE77F3: changes role from      null to FOLLOWER at term 0 for startAsFollower
2019-09-26 15:38:58,000 [pool-123-thread-1] INFO  impl.RoleInfo (RoleInfo.java:updateAndGet(143)) - bcb704dc-2543-42a4-8762-cde039a55a99: start FollowerState
2019-09-26 15:38:58,000 [pool-123-thread-1] INFO  util.JmxRegister (JmxRegister.java:tryRegister(44)) - Successfully registered JMX Bean with object name Ratis:service=RaftServer,group=group-48CD8DAE77F3,id=bcb704dc-2543-42a4-8762-cde039a55a99
2019-09-26 15:38:58,002 [RatisPipelineUtilsThread] INFO  pipeline.PipelineStateManager (PipelineStateManager.java:addPipeline(56)) - Created pipeline Pipeline[ Id: a2ea1e8e-5ff7-41da-a6f5-48cd8dae77f3, Nodes: bcb704dc-2543-42a4-8762-cde039a55a99{ip: 192.168.151.99, host: pr-hdds-1569-g6sp5-2013761785, networkLocation: /default-rack, certSerialId: null}, Type:RATIS, Factor:ONE, State:OPEN]
2019-09-26 15:38:58,006 [grpc-default-executor-0] INFO  impl.RaftServerProxy (RaftServerProxy.java:addNew(89)) - bcb704dc-2543-42a4-8762-cde039a55a99: addNew group-CAD346B564AD:[bcb704dc-2543-42a4-8762-cde039a55a99:192.168.151.99:43663] returns group-CAD346B564AD:java.util.concurrent.CompletableFuture@87bf0ac[Not completed]
2019-09-26 15:38:58,007 [pool-123-thread-1] INFO  impl.RaftServerImpl (RaftServerImpl.java:<init>(95)) - bcb704dc-2543-42a4-8762-cde039a55a99: new RaftServerImpl for group-CAD346B564AD:[bcb704dc-2543-42a4-8762-cde039a55a99:192.168.151.99:43663] with ContainerStateMachine:uninitialized
2019-09-26 15:38:58,007 [pool-123-thread-1] INFO  server.RaftServerConfigKeys (ConfUtils.java:logGet(43)) - raft.server.rpc.timeout.min = 5s (custom)
2019-09-26 15:38:58,007 [pool-123-thread-1] INFO  server.RaftServerConfigKeys (ConfUtils.java:logGet(43)) - raft.server.rpc.timeout.max = 5200ms (custom)
2019-09-26 15:38:58,007 [pool-123-thread-1] INFO  server.RaftServerConfigKeys (ConfUtils.java:logGet(43)) - raft.server.rpcslowness.timeout = 120s (custom)
2019-09-26 15:38:58,007 [pool-123-thread-1] INFO  server.RaftServerConfigKeys (ConfUtils.java:logGet(43)) - raft.server.sleep.deviation.threshold = 300 (default)
2019-09-26 15:38:58,008 [pool-123-thread-1] INFO  server.RaftServerConfigKeys (ConfUtils.java:logGet(43)) - raft.server.log.appender.install.snapshot.enabled = false (custom)
2019-09-26 15:38:58,008 [pool-123-thread-1] INFO  impl.RaftServerImpl (ServerState.java:<init>(103)) - bcb704dc-2543-42a4-8762-cde039a55a99@group-CAD346B564AD: ConfigurationManager, init=-1: [bcb704dc-2543-42a4-8762-cde039a55a99:192.168.151.99:43663], old=null, confs=<EMPTY_MAP>
2019-09-26 15:38:58,008 [pool-123-thread-1] INFO  server.RaftServerConfigKeys (ConfUtils.java:logGet(43)) - raft.server.storage.dir = [/workdir/hadoop-ozone/integration-test/target/test-dir/MiniOzoneClusterImpl-87962e32-e39f-4c57-b747-30c883c1cc54/datanode-0/data/ratis] (custom)
2019-09-26 15:38:58,009 [pool-123-thread-1] INFO  storage.RaftStorageDirectory (RaftStorageDirectory.java:analyzeStorage(246)) - The storage directory /workdir/hadoop-ozone/integration-test/target/test-dir/MiniOzoneClusterImpl-87962e32-e39f-4c57-b747-30c883c1cc54/datanode-0/data/ratis/4d3a6de2-6fc7-4a86-8214-cad346b564ad does not exist. Creating ...
2019-09-26 15:38:58,021 [pool-123-thread-1] INFO  storage.RaftStorageDirectory (RaftStorageDirectory.java:tryLock(328)) - Lock on /workdir/hadoop-ozone/integration-test/target/test-dir/MiniOzoneClusterImpl-87962e32-e39f-4c57-b747-30c883c1cc54/datanode-0/data/ratis/4d3a6de2-6fc7-4a86-8214-cad346b564ad/in_use.lock acquired by nodename 10626@pr-hdds-1569-g6sp5-2013761785
2019-09-26 15:38:58,034 [pool-123-thread-1] INFO  storage.RaftStorage (RaftStorage.java:format(72)) - Storage directory /workdir/hadoop-ozone/integration-test/target/test-dir/MiniOzoneClusterImpl-87962e32-e39f-4c57-b747-30c883c1cc54/datanode-0/data/ratis/4d3a6de2-6fc7-4a86-8214-cad346b564ad has been successfully formatted.
2019-09-26 15:38:58,034 [pool-123-thread-1] INFO  ratis.ContainerStateMachine (ContainerStateMachine.java:loadSnapshot(230)) - group-CAD346B564AD: The snapshot info is null. Setting the last applied indexto:(t:0, i:~)
2019-09-26 15:38:58,034 [pool-123-thread-1] INFO  server.RaftServerConfigKeys (ConfUtils.java:logGet(43)) - raft.server.notification.no-leader.timeout = 120s (custom)
2019-09-26 15:38:58,035 [pool-123-thread-1] INFO  server.RaftServerConfigKeys (ConfUtils.java:logGet(43)) - raft.server.log.use.memory = false (default)
2019-09-26 15:38:58,035 [pool-123-thread-1] INFO  server.RaftServerConfigKeys (ConfUtils.java:logGet(43)) - raft.server.log.purge.gap = 1000000 (custom)
2019-09-26 15:38:58,035 [pool-123-thread-1] INFO  server.RaftServerConfigKeys (ConfUtils.java:logGet(43)) - raft.server.log.appender.buffer.byte-limit = 33554432 (custom)
2019-09-26 15:38:58,035 [pool-123-thread-1] INFO  server.RaftServerConfigKeys (ConfUtils.java:logGet(43)) - raft.server.log.segment.size.max = 1048576 (custom)
2019-09-26 15:38:58,035 [pool-123-thread-1] INFO  server.RaftServerConfigKeys (ConfUtils.java:logGet(43)) - raft.server.log.segment.cache.num.max = 2 (custom)
2019-09-26 15:38:58,035 [pool-123-thread-1] INFO  segmented.SegmentedRaftLogWorker (SegmentedRaftLogWorker.java:<init>(172)) - new bcb704dc-2543-42a4-8762-cde039a55a99@group-CAD346B564AD-SegmentedRaftLogWorker for RaftStorage:Storage Directory /workdir/hadoop-ozone/integration-test/target/test-dir/MiniOzoneClusterImpl-87962e32-e39f-4c57-b747-30c883c1cc54/datanode-0/data/ratis/4d3a6de2-6fc7-4a86-8214-cad346b564ad
2019-09-26 15:38:58,035 [pool-123-thread-1] INFO  server.RaftServerConfigKeys (ConfUtils.java:logGet(43)) - raft.server.log.queue.byte-limit = 2147483647 (custom)
2019-09-26 15:38:58,035 [pool-123-thread-1] INFO  server.RaftServerConfigKeys (ConfUtils.java:logGet(43)) - raft.server.log.queue.element-limit = 1024 (custom)
2019-09-26 15:38:58,035 [pool-123-thread-1] INFO  server.RaftServerConfigKeys (ConfUtils.java:logGet(43)) - raft.server.log.segment.size.max = 1048576 (custom)
2019-09-26 15:38:58,035 [pool-123-thread-1] INFO  server.RaftServerConfigKeys (ConfUtils.java:logGet(43)) - raft.server.log.preallocated.size = 16384 (custom)
2019-09-26 15:38:58,035 [pool-123-thread-1] INFO  server.RaftServerConfigKeys (ConfUtils.java:logGet(43)) - raft.server.log.write.buffer.size = 33554432 (custom)
2019-09-26 15:38:58,036 [pool-123-thread-1] INFO  server.RaftServerConfigKeys (ConfUtils.java:logGet(43)) - raft.server.log.force.sync.num = 128 (default)
2019-09-26 15:38:58,036 [pool-123-thread-1] INFO  server.RaftServerConfigKeys (ConfUtils.java:logGet(43)) - raft.server.log.statemachine.data.sync = true (default)
2019-09-26 15:38:58,036 [pool-123-thread-1] INFO  server.RaftServerConfigKeys (ConfUtils.java:logGet(43)) - raft.server.log.statemachine.data.sync.timeout = 10s (default)
2019-09-26 15:38:58,036 [pool-123-thread-1] INFO  server.RaftServerConfigKeys (ConfUtils.java:logGet(43)) - raft.server.log.statemachine.data.sync.timeout.retry = -1 (default)
2019-09-26 15:38:58,036 [pool-123-thread-1] INFO  server.RaftServerConfigKeys (ConfUtils.java:logGet(43)) - raft.server.log.statemachine.data.caching.enabled = true (custom)
2019-09-26 15:38:58,036 [pool-123-thread-1] INFO  segmented.SegmentedRaftLogWorker (SegmentedRaftLogWorker.java:lambda$new$0(132)) - bcb704dc-2543-42a4-8762-cde039a55a99@group-CAD346B564AD-SegmentedRaftLogWorker: flushIndex: setUnconditionally 0 -> -1
2019-09-26 15:38:58,036 [pool-123-thread-1] INFO  server.RaftServerConfigKeys (ConfUtils.java:logGet(43)) - raft.server.snapshot.auto.trigger.enabled = true (custom)
2019-09-26 15:38:58,037 [pool-123-thread-1] INFO  server.RaftServerConfigKeys (ConfUtils.java:logGet(43)) - raft.server.snapshot.auto.trigger.threshold = 10000 (custom)
2019-09-26 15:38:58,037 [pool-123-thread-1] INFO  server.RaftServerConfigKeys (ConfUtils.java:logGet(43)) - raft.server.snapshot.retention.num.files = 5 (custom)
2019-09-26 15:38:58,037 [pool-123-thread-1] INFO  server.RaftServerConfigKeys (ConfUtils.java:logGet(43)) - raft.server.retrycache.expirytime = 600000ms (custom)
2019-09-26 15:38:58,038 [pool-123-thread-1] INFO  impl.RaftServerImpl (RaftServerImpl.java:start(185)) - bcb704dc-2543-42a4-8762-cde039a55a99@group-CAD346B564AD: start as a follower, conf=-1: [bcb704dc-2543-42a4-8762-cde039a55a99:192.168.151.99:43663], old=null
2019-09-26 15:38:58,039 [pool-123-thread-1] INFO  impl.RaftServerImpl (RaftServerImpl.java:setRole(174)) - bcb704dc-2543-42a4-8762-cde039a55a99@group-CAD346B564AD: changes role from      null to FOLLOWER at term 0 for startAsFollower
2019-09-26 15:38:58,039 [pool-123-thread-1] INFO  impl.RoleInfo (RoleInfo.java:updateAndGet(143)) - bcb704dc-2543-42a4-8762-cde039a55a99: start FollowerState
2019-09-26 15:38:58,039 [pool-123-thread-1] INFO  util.JmxRegister (JmxRegister.java:tryRegister(44)) - Successfully registered JMX Bean with object name Ratis:service=RaftServer,group=group-CAD346B564AD,id=bcb704dc-2543-42a4-8762-cde039a55a99
2019-09-26 15:38:58,041 [RatisPipelineUtilsThread] INFO  pipeline.PipelineStateManager (PipelineStateManager.java:addPipeline(56)) - Created pipeline Pipeline[ Id: 4d3a6de2-6fc7-4a86-8214-cad346b564ad, Nodes: bcb704dc-2543-42a4-8762-cde039a55a99{ip: 192.168.151.99, host: pr-hdds-1569-g6sp5-2013761785, networkLocation: /default-rack, certSerialId: null}, Type:RATIS, Factor:ONE, State:OPEN]
2019-09-26 15:38:58,045 [grpc-default-executor-0] INFO  impl.RaftServerProxy (RaftServerProxy.java:addNew(89)) - bcb704dc-2543-42a4-8762-cde039a55a99: addNew group-165F9EB473BC:[bcb704dc-2543-42a4-8762-cde039a55a99:192.168.151.99:43663] returns group-165F9EB473BC:java.util.concurrent.CompletableFuture@182d149e[Not completed]
2019-09-26 15:38:58,046 [pool-123-thread-1] INFO  impl.RaftServerImpl (RaftServerImpl.java:<init>(95)) - bcb704dc-2543-42a4-8762-cde039a55a99: new RaftServerImpl for group-165F9EB473BC:[bcb704dc-2543-42a4-8762-cde039a55a99:192.168.151.99:43663] with ContainerStateMachine:uninitialized
2019-09-26 15:38:58,046 [pool-123-thread-1] INFO  server.RaftServerConfigKeys (ConfUtils.java:logGet(43)) - raft.server.rpc.timeout.min = 5s (custom)
2019-09-26 15:38:58,046 [pool-123-thread-1] INFO  server.RaftServerConfigKeys (ConfUtils.java:logGet(43)) - raft.server.rpc.timeout.max = 5200ms (custom)
2019-09-26 15:38:58,047 [pool-123-thread-1] INFO  server.RaftServerConfigKeys (ConfUtils.java:logGet(43)) - raft.server.rpcslowness.timeout = 120s (custom)
2019-09-26 15:38:58,047 [pool-123-thread-1] INFO  server.RaftServerConfigKeys (ConfUtils.java:logGet(43)) - raft.server.sleep.deviation.threshold = 300 (default)
2019-09-26 15:38:58,047 [pool-123-thread-1] INFO  server.RaftServerConfigKeys (ConfUtils.java:logGet(43)) - raft.server.log.appender.install.snapshot.enabled = false (custom)
2019-09-26 15:38:58,047 [pool-123-thread-1] INFO  impl.RaftServerImpl (ServerState.java:<init>(103)) - bcb704dc-2543-42a4-8762-cde039a55a99@group-165F9EB473BC: ConfigurationManager, init=-1: [bcb704dc-2543-42a4-8762-cde039a55a99:192.168.151.99:43663], old=null, confs=<EMPTY_MAP>
2019-09-26 15:38:58,047 [pool-123-thread-1] INFO  server.RaftServerConfigKeys (ConfUtils.java:logGet(43)) - raft.server.storage.dir = [/workdir/hadoop-ozone/integration-test/target/test-dir/MiniOzoneClusterImpl-87962e32-e39f-4c57-b747-30c883c1cc54/datanode-0/data/ratis] (custom)
2019-09-26 15:38:58,048 [pool-123-thread-1] INFO  storage.RaftStorageDirectory (RaftStorageDirectory.java:analyzeStorage(246)) - The storage directory /workdir/hadoop-ozone/integration-test/target/test-dir/MiniOzoneClusterImpl-87962e32-e39f-4c57-b747-30c883c1cc54/datanode-0/data/ratis/316a35ee-5761-4c12-b1d6-165f9eb473bc does not exist. Creating ...
2019-09-26 15:38:58,061 [pool-123-thread-1] INFO  storage.RaftStorageDirectory (RaftStorageDirectory.java:tryLock(328)) - Lock on /workdir/hadoop-ozone/integration-test/target/test-dir/MiniOzoneClusterImpl-87962e32-e39f-4c57-b747-30c883c1cc54/datanode-0/data/ratis/316a35ee-5761-4c12-b1d6-165f9eb473bc/in_use.lock acquired by nodename 10626@pr-hdds-1569-g6sp5-2013761785
2019-09-26 15:38:58,074 [pool-123-thread-1] INFO  storage.RaftStorage (RaftStorage.java:format(72)) - Storage directory /workdir/hadoop-ozone/integration-test/target/test-dir/MiniOzoneClusterImpl-87962e32-e39f-4c57-b747-30c883c1cc54/datanode-0/data/ratis/316a35ee-5761-4c12-b1d6-165f9eb473bc has been successfully formatted.
2019-09-26 15:38:58,074 [pool-123-thread-1] INFO  ratis.ContainerStateMachine (ContainerStateMachine.java:loadSnapshot(230)) - group-165F9EB473BC: The snapshot info is null. Setting the last applied indexto:(t:0, i:~)
2019-09-26 15:38:58,074 [pool-123-thread-1] INFO  server.RaftServerConfigKeys (ConfUtils.java:logGet(43)) - raft.server.notification.no-leader.timeout = 120s (custom)
2019-09-26 15:38:58,074 [pool-123-thread-1] INFO  server.RaftServerConfigKeys (ConfUtils.java:logGet(43)) - raft.server.log.use.memory = false (default)
2019-09-26 15:38:58,074 [pool-123-thread-1] INFO  server.RaftServerConfigKeys (ConfUtils.java:logGet(43)) - raft.server.log.purge.gap = 1000000 (custom)
2019-09-26 15:38:58,074 [pool-123-thread-1] INFO  server.RaftServerConfigKeys (ConfUtils.java:logGet(43)) - raft.server.log.appender.buffer.byte-limit = 33554432 (custom)
2019-09-26 15:38:58,075 [pool-123-thread-1] INFO  server.RaftServerConfigKeys (ConfUtils.java:logGet(43)) - raft.server.log.segment.size.max = 1048576 (custom)
2019-09-26 15:38:58,075 [pool-123-thread-1] INFO  server.RaftServerConfigKeys (ConfUtils.java:logGet(43)) - raft.server.log.segment.cache.num.max = 2 (custom)
2019-09-26 15:38:58,075 [pool-123-thread-1] INFO  segmented.SegmentedRaftLogWorker (SegmentedRaftLogWorker.java:<init>(172)) - new bcb704dc-2543-42a4-8762-cde039a55a99@group-165F9EB473BC-SegmentedRaftLogWorker for RaftStorage:Storage Directory /workdir/hadoop-ozone/integration-test/target/test-dir/MiniOzoneClusterImpl-87962e32-e39f-4c57-b747-30c883c1cc54/datanode-0/data/ratis/316a35ee-5761-4c12-b1d6-165f9eb473bc
2019-09-26 15:38:58,075 [pool-123-thread-1] INFO  server.RaftServerConfigKeys (ConfUtils.java:logGet(43)) - raft.server.log.queue.byte-limit = 2147483647 (custom)
2019-09-26 15:38:58,075 [pool-123-thread-1] INFO  server.RaftServerConfigKeys (ConfUtils.java:logGet(43)) - raft.server.log.queue.element-limit = 1024 (custom)
2019-09-26 15:38:58,075 [pool-123-thread-1] INFO  server.RaftServerConfigKeys (ConfUtils.java:logGet(43)) - raft.server.log.segment.size.max = 1048576 (custom)
2019-09-26 15:38:58,075 [pool-123-thread-1] INFO  server.RaftServerConfigKeys (ConfUtils.java:logGet(43)) - raft.server.log.preallocated.size = 16384 (custom)
2019-09-26 15:38:58,076 [pool-123-thread-1] INFO  server.RaftServerConfigKeys (ConfUtils.java:logGet(43)) - raft.server.log.write.buffer.size = 33554432 (custom)
2019-09-26 15:38:58,076 [pool-123-thread-1] INFO  server.RaftServerConfigKeys (ConfUtils.java:logGet(43)) - raft.server.log.force.sync.num = 128 (default)
2019-09-26 15:38:58,076 [pool-123-thread-1] INFO  server.RaftServerConfigKeys (ConfUtils.java:logGet(43)) - raft.server.log.statemachine.data.sync = true (default)
2019-09-26 15:38:58,076 [pool-123-thread-1] INFO  server.RaftServerConfigKeys (ConfUtils.java:logGet(43)) - raft.server.log.statemachine.data.sync.timeout = 10s (default)
2019-09-26 15:38:58,076 [pool-123-thread-1] INFO  server.RaftServerConfigKeys (ConfUtils.java:logGet(43)) - raft.server.log.statemachine.data.sync.timeout.retry = -1 (default)
2019-09-26 15:38:58,076 [pool-123-thread-1] INFO  server.RaftServerConfigKeys (ConfUtils.java:logGet(43)) - raft.server.log.statemachine.data.caching.enabled = true (custom)
2019-09-26 15:38:58,076 [pool-123-thread-1] INFO  segmented.SegmentedRaftLogWorker (SegmentedRaftLogWorker.java:lambda$new$0(132)) - bcb704dc-2543-42a4-8762-cde039a55a99@group-165F9EB473BC-SegmentedRaftLogWorker: flushIndex: setUnconditionally 0 -> -1
2019-09-26 15:38:58,077 [pool-123-thread-1] INFO  server.RaftServerConfigKeys (ConfUtils.java:logGet(43)) - raft.server.snapshot.auto.trigger.enabled = true (custom)
2019-09-26 15:38:58,077 [pool-123-thread-1] INFO  server.RaftServerConfigKeys (ConfUtils.java:logGet(43)) - raft.server.snapshot.auto.trigger.threshold = 10000 (custom)
2019-09-26 15:38:58,077 [pool-123-thread-1] INFO  server.RaftServerConfigKeys (ConfUtils.java:logGet(43)) - raft.server.snapshot.retention.num.files = 5 (custom)
2019-09-26 15:38:58,077 [pool-123-thread-1] INFO  server.RaftServerConfigKeys (ConfUtils.java:logGet(43)) - raft.server.retrycache.expirytime = 600000ms (custom)
2019-09-26 15:38:58,079 [pool-123-thread-1] INFO  impl.RaftServerImpl (RaftServerImpl.java:start(185)) - bcb704dc-2543-42a4-8762-cde039a55a99@group-165F9EB473BC: start as a follower, conf=-1: [bcb704dc-2543-42a4-8762-cde039a55a99:192.168.151.99:43663], old=null
2019-09-26 15:38:58,079 [pool-123-thread-1] INFO  impl.RaftServerImpl (RaftServerImpl.java:setRole(174)) - bcb704dc-2543-42a4-8762-cde039a55a99@group-165F9EB473BC: changes role from      null to FOLLOWER at term 0 for startAsFollower
2019-09-26 15:38:58,079 [pool-123-thread-1] INFO  impl.RoleInfo (RoleInfo.java:updateAndGet(143)) - bcb704dc-2543-42a4-8762-cde039a55a99: start FollowerState
2019-09-26 15:38:58,080 [pool-123-thread-1] INFO  util.JmxRegister (JmxRegister.java:tryRegister(44)) - Successfully registered JMX Bean with object name Ratis:service=RaftServer,group=group-165F9EB473BC,id=bcb704dc-2543-42a4-8762-cde039a55a99
2019-09-26 15:38:58,082 [RatisPipelineUtilsThread] INFO  pipeline.PipelineStateManager (PipelineStateManager.java:addPipeline(56)) - Created pipeline Pipeline[ Id: 316a35ee-5761-4c12-b1d6-165f9eb473bc, Nodes: bcb704dc-2543-42a4-8762-cde039a55a99{ip: 192.168.151.99, host: pr-hdds-1569-g6sp5-2013761785, networkLocation: /default-rack, certSerialId: null}, Type:RATIS, Factor:ONE, State:OPEN]
2019-09-26 15:38:58,086 [grpc-default-executor-0] INFO  impl.RaftServerProxy (RaftServerProxy.java:addNew(89)) - bcb704dc-2543-42a4-8762-cde039a55a99: addNew group-AD2BD46986A8:[bcb704dc-2543-42a4-8762-cde039a55a99:192.168.151.99:43663] returns group-AD2BD46986A8:java.util.concurrent.CompletableFuture@2b5af9a8[Not completed]
2019-09-26 15:38:58,087 [pool-123-thread-1] INFO  impl.RaftServerImpl (RaftServerImpl.java:<init>(95)) - bcb704dc-2543-42a4-8762-cde039a55a99: new RaftServerImpl for group-AD2BD46986A8:[bcb704dc-2543-42a4-8762-cde039a55a99:192.168.151.99:43663] with ContainerStateMachine:uninitialized
2019-09-26 15:38:58,087 [pool-123-thread-1] INFO  server.RaftServerConfigKeys (ConfUtils.java:logGet(43)) - raft.server.rpc.timeout.min = 5s (custom)
2019-09-26 15:38:58,087 [pool-123-thread-1] INFO  server.RaftServerConfigKeys (ConfUtils.java:logGet(43)) - raft.server.rpc.timeout.max = 5200ms (custom)
2019-09-26 15:38:58,087 [pool-123-thread-1] INFO  server.RaftServerConfigKeys (ConfUtils.java:logGet(43)) - raft.server.rpcslowness.timeout = 120s (custom)
2019-09-26 15:38:58,087 [pool-123-thread-1] INFO  server.RaftServerConfigKeys (ConfUtils.java:logGet(43)) - raft.server.sleep.deviation.threshold = 300 (default)
2019-09-26 15:38:58,088 [pool-123-thread-1] INFO  server.RaftServerConfigKeys (ConfUtils.java:logGet(43)) - raft.server.log.appender.install.snapshot.enabled = false (custom)
2019-09-26 15:38:58,088 [pool-123-thread-1] INFO  impl.RaftServerImpl (ServerState.java:<init>(103)) - bcb704dc-2543-42a4-8762-cde039a55a99@group-AD2BD46986A8: ConfigurationManager, init=-1: [bcb704dc-2543-42a4-8762-cde039a55a99:192.168.151.99:43663], old=null, confs=<EMPTY_MAP>
2019-09-26 15:38:58,088 [pool-123-thread-1] INFO  server.RaftServerConfigKeys (ConfUtils.java:logGet(43)) - raft.server.storage.dir = [/workdir/hadoop-ozone/integration-test/target/test-dir/MiniOzoneClusterImpl-87962e32-e39f-4c57-b747-30c883c1cc54/datanode-0/data/ratis] (custom)
2019-09-26 15:38:58,089 [pool-123-thread-1] INFO  storage.RaftStorageDirectory (RaftStorageDirectory.java:analyzeStorage(246)) - The storage directory /workdir/hadoop-ozone/integration-test/target/test-dir/MiniOzoneClusterImpl-87962e32-e39f-4c57-b747-30c883c1cc54/datanode-0/data/ratis/e3b7da78-2b30-4ad2-80b4-ad2bd46986a8 does not exist. Creating ...
2019-09-26 15:38:58,101 [pool-123-thread-1] INFO  storage.RaftStorageDirectory (RaftStorageDirectory.java:tryLock(328)) - Lock on /workdir/hadoop-ozone/integration-test/target/test-dir/MiniOzoneClusterImpl-87962e32-e39f-4c57-b747-30c883c1cc54/datanode-0/data/ratis/e3b7da78-2b30-4ad2-80b4-ad2bd46986a8/in_use.lock acquired by nodename 10626@pr-hdds-1569-g6sp5-2013761785
2019-09-26 15:38:58,114 [pool-123-thread-1] INFO  storage.RaftStorage (RaftStorage.java:format(72)) - Storage directory /workdir/hadoop-ozone/integration-test/target/test-dir/MiniOzoneClusterImpl-87962e32-e39f-4c57-b747-30c883c1cc54/datanode-0/data/ratis/e3b7da78-2b30-4ad2-80b4-ad2bd46986a8 has been successfully formatted.
2019-09-26 15:38:58,114 [pool-123-thread-1] INFO  ratis.ContainerStateMachine (ContainerStateMachine.java:loadSnapshot(230)) - group-AD2BD46986A8: The snapshot info is null. Setting the last applied indexto:(t:0, i:~)
2019-09-26 15:38:58,115 [pool-123-thread-1] INFO  server.RaftServerConfigKeys (ConfUtils.java:logGet(43)) - raft.server.notification.no-leader.timeout = 120s (custom)
2019-09-26 15:38:58,115 [pool-123-thread-1] INFO  server.RaftServerConfigKeys (ConfUtils.java:logGet(43)) - raft.server.log.use.memory = false (default)
2019-09-26 15:38:58,115 [pool-123-thread-1] INFO  server.RaftServerConfigKeys (ConfUtils.java:logGet(43)) - raft.server.log.purge.gap = 1000000 (custom)
2019-09-26 15:38:58,115 [pool-123-thread-1] INFO  server.RaftServerConfigKeys (ConfUtils.java:logGet(43)) - raft.server.log.appender.buffer.byte-limit = 33554432 (custom)
2019-09-26 15:38:58,115 [pool-123-thread-1] INFO  server.RaftServerConfigKeys (ConfUtils.java:logGet(43)) - raft.server.log.segment.size.max = 1048576 (custom)
2019-09-26 15:38:58,115 [pool-123-thread-1] INFO  server.RaftServerConfigKeys (ConfUtils.java:logGet(43)) - raft.server.log.segment.cache.num.max = 2 (custom)
2019-09-26 15:38:58,116 [pool-123-thread-1] INFO  segmented.SegmentedRaftLogWorker (SegmentedRaftLogWorker.java:<init>(172)) - new bcb704dc-2543-42a4-8762-cde039a55a99@group-AD2BD46986A8-SegmentedRaftLogWorker for RaftStorage:Storage Directory /workdir/hadoop-ozone/integration-test/target/test-dir/MiniOzoneClusterImpl-87962e32-e39f-4c57-b747-30c883c1cc54/datanode-0/data/ratis/e3b7da78-2b30-4ad2-80b4-ad2bd46986a8
2019-09-26 15:38:58,116 [pool-123-thread-1] INFO  server.RaftServerConfigKeys (ConfUtils.java:logGet(43)) - raft.server.log.queue.byte-limit = 2147483647 (custom)
2019-09-26 15:38:58,116 [pool-123-thread-1] INFO  server.RaftServerConfigKeys (ConfUtils.java:logGet(43)) - raft.server.log.queue.element-limit = 1024 (custom)
2019-09-26 15:38:58,116 [pool-123-thread-1] INFO  server.RaftServerConfigKeys (ConfUtils.java:logGet(43)) - raft.server.log.segment.size.max = 1048576 (custom)
2019-09-26 15:38:58,116 [pool-123-thread-1] INFO  server.RaftServerConfigKeys (ConfUtils.java:logGet(43)) - raft.server.log.preallocated.size = 16384 (custom)
2019-09-26 15:38:58,116 [pool-123-thread-1] INFO  server.RaftServerConfigKeys (ConfUtils.java:logGet(43)) - raft.server.log.write.buffer.size = 33554432 (custom)
2019-09-26 15:38:58,117 [pool-123-thread-1] INFO  server.RaftServerConfigKeys (ConfUtils.java:logGet(43)) - raft.server.log.force.sync.num = 128 (default)
2019-09-26 15:38:58,117 [pool-123-thread-1] INFO  server.RaftServerConfigKeys (ConfUtils.java:logGet(43)) - raft.server.log.statemachine.data.sync = true (default)
2019-09-26 15:38:58,117 [pool-123-thread-1] INFO  server.RaftServerConfigKeys (ConfUtils.java:logGet(43)) - raft.server.log.statemachine.data.sync.timeout = 10s (default)
2019-09-26 15:38:58,117 [pool-123-thread-1] INFO  server.RaftServerConfigKeys (ConfUtils.java:logGet(43)) - raft.server.log.statemachine.data.sync.timeout.retry = -1 (default)
2019-09-26 15:38:58,117 [pool-123-thread-1] INFO  server.RaftServerConfigKeys (ConfUtils.java:logGet(43)) - raft.server.log.statemachine.data.caching.enabled = true (custom)
2019-09-26 15:38:58,118 [pool-123-thread-1] INFO  segmented.SegmentedRaftLogWorker (SegmentedRaftLogWorker.java:lambda$new$0(132)) - bcb704dc-2543-42a4-8762-cde039a55a99@group-AD2BD46986A8-SegmentedRaftLogWorker: flushIndex: setUnconditionally 0 -> -1
2019-09-26 15:38:58,118 [pool-123-thread-1] INFO  server.RaftServerConfigKeys (ConfUtils.java:logGet(43)) - raft.server.snapshot.auto.trigger.enabled = true (custom)
2019-09-26 15:38:58,118 [pool-123-thread-1] INFO  server.RaftServerConfigKeys (ConfUtils.java:logGet(43)) - raft.server.snapshot.auto.trigger.threshold = 10000 (custom)
2019-09-26 15:38:58,118 [pool-123-thread-1] INFO  server.RaftServerConfigKeys (ConfUtils.java:logGet(43)) - raft.server.snapshot.retention.num.files = 5 (custom)
2019-09-26 15:38:58,119 [pool-123-thread-1] INFO  server.RaftServerConfigKeys (ConfUtils.java:logGet(43)) - raft.server.retrycache.expirytime = 600000ms (custom)
2019-09-26 15:38:58,121 [pool-123-thread-1] INFO  impl.RaftServerImpl (RaftServerImpl.java:start(185)) - bcb704dc-2543-42a4-8762-cde039a55a99@group-AD2BD46986A8: start as a follower, conf=-1: [bcb704dc-2543-42a4-8762-cde039a55a99:192.168.151.99:43663], old=null
2019-09-26 15:38:58,121 [pool-123-thread-1] INFO  impl.RaftServerImpl (RaftServerImpl.java:setRole(174)) - bcb704dc-2543-42a4-8762-cde039a55a99@group-AD2BD46986A8: changes role from      null to FOLLOWER at term 0 for startAsFollower
2019-09-26 15:38:58,121 [pool-123-thread-1] INFO  impl.RoleInfo (RoleInfo.java:updateAndGet(143)) - bcb704dc-2543-42a4-8762-cde039a55a99: start FollowerState
2019-09-26 15:38:58,121 [pool-123-thread-1] INFO  util.JmxRegister (JmxRegister.java:tryRegister(44)) - Successfully registered JMX Bean with object name Ratis:service=RaftServer,group=group-AD2BD46986A8,id=bcb704dc-2543-42a4-8762-cde039a55a99
2019-09-26 15:38:58,124 [RatisPipelineUtilsThread] INFO  pipeline.PipelineStateManager (PipelineStateManager.java:addPipeline(56)) - Created pipeline Pipeline[ Id: e3b7da78-2b30-4ad2-80b4-ad2bd46986a8, Nodes: bcb704dc-2543-42a4-8762-cde039a55a99{ip: 192.168.151.99, host: pr-hdds-1569-g6sp5-2013761785, networkLocation: /default-rack, certSerialId: null}, Type:RATIS, Factor:ONE, State:OPEN]
2019-09-26 15:38:58,128 [grpc-default-executor-0] INFO  impl.RaftServerProxy (RaftServerProxy.java:addNew(89)) - bcb704dc-2543-42a4-8762-cde039a55a99: addNew group-FDAD0B55B238:[bcb704dc-2543-42a4-8762-cde039a55a99:192.168.151.99:43663] returns group-FDAD0B55B238:java.util.concurrent.CompletableFuture@69ca6bb6[Not completed]
2019-09-26 15:38:58,129 [pool-123-thread-1] INFO  impl.RaftServerImpl (RaftServerImpl.java:<init>(95)) - bcb704dc-2543-42a4-8762-cde039a55a99: new RaftServerImpl for group-FDAD0B55B238:[bcb704dc-2543-42a4-8762-cde039a55a99:192.168.151.99:43663] with ContainerStateMachine:uninitialized
2019-09-26 15:38:58,129 [pool-123-thread-1] INFO  server.RaftServerConfigKeys (ConfUtils.java:logGet(43)) - raft.server.rpc.timeout.min = 5s (custom)
2019-09-26 15:38:58,129 [pool-123-thread-1] INFO  server.RaftServerConfigKeys (ConfUtils.java:logGet(43)) - raft.server.rpc.timeout.max = 5200ms (custom)
2019-09-26 15:38:58,129 [pool-123-thread-1] INFO  server.RaftServerConfigKeys (ConfUtils.java:logGet(43)) - raft.server.rpcslowness.timeout = 120s (custom)
2019-09-26 15:38:58,129 [pool-123-thread-1] INFO  server.RaftServerConfigKeys (ConfUtils.java:logGet(43)) - raft.server.sleep.deviation.threshold = 300 (default)
2019-09-26 15:38:58,129 [pool-123-thread-1] INFO  server.RaftServerConfigKeys (ConfUtils.java:logGet(43)) - raft.server.log.appender.install.snapshot.enabled = false (custom)
2019-09-26 15:38:58,129 [pool-123-thread-1] INFO  impl.RaftServerImpl (ServerState.java:<init>(103)) - bcb704dc-2543-42a4-8762-cde039a55a99@group-FDAD0B55B238: ConfigurationManager, init=-1: [bcb704dc-2543-42a4-8762-cde039a55a99:192.168.151.99:43663], old=null, confs=<EMPTY_MAP>
2019-09-26 15:38:58,130 [pool-123-thread-1] INFO  server.RaftServerConfigKeys (ConfUtils.java:logGet(43)) - raft.server.storage.dir = [/workdir/hadoop-ozone/integration-test/target/test-dir/MiniOzoneClusterImpl-87962e32-e39f-4c57-b747-30c883c1cc54/datanode-0/data/ratis] (custom)
2019-09-26 15:38:58,131 [pool-123-thread-1] INFO  storage.RaftStorageDirectory (RaftStorageDirectory.java:analyzeStorage(246)) - The storage directory /workdir/hadoop-ozone/integration-test/target/test-dir/MiniOzoneClusterImpl-87962e32-e39f-4c57-b747-30c883c1cc54/datanode-0/data/ratis/5073a369-4fb6-4f61-af58-fdad0b55b238 does not exist. Creating ...
2019-09-26 15:38:58,143 [pool-123-thread-1] INFO  storage.RaftStorageDirectory (RaftStorageDirectory.java:tryLock(328)) - Lock on /workdir/hadoop-ozone/integration-test/target/test-dir/MiniOzoneClusterImpl-87962e32-e39f-4c57-b747-30c883c1cc54/datanode-0/data/ratis/5073a369-4fb6-4f61-af58-fdad0b55b238/in_use.lock acquired by nodename 10626@pr-hdds-1569-g6sp5-2013761785
2019-09-26 15:38:58,156 [pool-123-thread-1] INFO  storage.RaftStorage (RaftStorage.java:format(72)) - Storage directory /workdir/hadoop-ozone/integration-test/target/test-dir/MiniOzoneClusterImpl-87962e32-e39f-4c57-b747-30c883c1cc54/datanode-0/data/ratis/5073a369-4fb6-4f61-af58-fdad0b55b238 has been successfully formatted.
2019-09-26 15:38:58,157 [pool-123-thread-1] INFO  ratis.ContainerStateMachine (ContainerStateMachine.java:loadSnapshot(230)) - group-FDAD0B55B238: The snapshot info is null. Setting the last applied indexto:(t:0, i:~)
2019-09-26 15:38:58,157 [pool-123-thread-1] INFO  server.RaftServerConfigKeys (ConfUtils.java:logGet(43)) - raft.server.notification.no-leader.timeout = 120s (custom)
2019-09-26 15:38:58,157 [pool-123-thread-1] INFO  server.RaftServerConfigKeys (ConfUtils.java:logGet(43)) - raft.server.log.use.memory = false (default)
2019-09-26 15:38:58,157 [pool-123-thread-1] INFO  server.RaftServerConfigKeys (ConfUtils.java:logGet(43)) - raft.server.log.purge.gap = 1000000 (custom)
2019-09-26 15:38:58,157 [pool-123-thread-1] INFO  server.RaftServerConfigKeys (ConfUtils.java:logGet(43)) - raft.server.log.appender.buffer.byte-limit = 33554432 (custom)
2019-09-26 15:38:58,157 [pool-123-thread-1] INFO  server.RaftServerConfigKeys (ConfUtils.java:logGet(43)) - raft.server.log.segment.size.max = 1048576 (custom)
2019-09-26 15:38:58,158 [pool-123-thread-1] INFO  server.RaftServerConfigKeys (ConfUtils.java:logGet(43)) - raft.server.log.segment.cache.num.max = 2 (custom)
2019-09-26 15:38:58,158 [pool-123-thread-1] INFO  segmented.SegmentedRaftLogWorker (SegmentedRaftLogWorker.java:<init>(172)) - new bcb704dc-2543-42a4-8762-cde039a55a99@group-FDAD0B55B238-SegmentedRaftLogWorker for RaftStorage:Storage Directory /workdir/hadoop-ozone/integration-test/target/test-dir/MiniOzoneClusterImpl-87962e32-e39f-4c57-b747-30c883c1cc54/datanode-0/data/ratis/5073a369-4fb6-4f61-af58-fdad0b55b238
2019-09-26 15:38:58,158 [pool-123-thread-1] INFO  server.RaftServerConfigKeys (ConfUtils.java:logGet(43)) - raft.server.log.queue.byte-limit = 2147483647 (custom)
2019-09-26 15:38:58,158 [pool-123-thread-1] INFO  server.RaftServerConfigKeys (ConfUtils.java:logGet(43)) - raft.server.log.queue.element-limit = 1024 (custom)
2019-09-26 15:38:58,158 [pool-123-thread-1] INFO  server.RaftServerConfigKeys (ConfUtils.java:logGet(43)) - raft.server.log.segment.size.max = 1048576 (custom)
2019-09-26 15:38:58,158 [pool-123-thread-1] INFO  server.RaftServerConfigKeys (ConfUtils.java:logGet(43)) - raft.server.log.preallocated.size = 16384 (custom)
2019-09-26 15:38:58,159 [pool-123-thread-1] INFO  server.RaftServerConfigKeys (ConfUtils.java:logGet(43)) - raft.server.log.write.buffer.size = 33554432 (custom)
2019-09-26 15:38:58,159 [pool-123-thread-1] INFO  server.RaftServerConfigKeys (ConfUtils.java:logGet(43)) - raft.server.log.force.sync.num = 128 (default)
2019-09-26 15:38:58,159 [pool-123-thread-1] INFO  server.RaftServerConfigKeys (ConfUtils.java:logGet(43)) - raft.server.log.statemachine.data.sync = true (default)
2019-09-26 15:38:58,159 [pool-123-thread-1] INFO  server.RaftServerConfigKeys (ConfUtils.java:logGet(43)) - raft.server.log.statemachine.data.sync.timeout = 10s (default)
2019-09-26 15:38:58,159 [pool-123-thread-1] INFO  server.RaftServerConfigKeys (ConfUtils.java:logGet(43)) - raft.server.log.statemachine.data.sync.timeout.retry = -1 (default)
2019-09-26 15:38:58,159 [pool-123-thread-1] INFO  server.RaftServerConfigKeys (ConfUtils.java:logGet(43)) - raft.server.log.statemachine.data.caching.enabled = true (custom)
2019-09-26 15:38:58,160 [pool-123-thread-1] INFO  segmented.SegmentedRaftLogWorker (SegmentedRaftLogWorker.java:lambda$new$0(132)) - bcb704dc-2543-42a4-8762-cde039a55a99@group-FDAD0B55B238-SegmentedRaftLogWorker: flushIndex: setUnconditionally 0 -> -1
2019-09-26 15:38:58,160 [pool-123-thread-1] INFO  server.RaftServerConfigKeys (ConfUtils.java:logGet(43)) - raft.server.snapshot.auto.trigger.enabled = true (custom)
2019-09-26 15:38:58,160 [pool-123-thread-1] INFO  server.RaftServerConfigKeys (ConfUtils.java:logGet(43)) - raft.server.snapshot.auto.trigger.threshold = 10000 (custom)
2019-09-26 15:38:58,160 [pool-123-thread-1] INFO  server.RaftServerConfigKeys (ConfUtils.java:logGet(43)) - raft.server.snapshot.retention.num.files = 5 (custom)
2019-09-26 15:38:58,160 [pool-123-thread-1] INFO  server.RaftServerConfigKeys (ConfUtils.java:logGet(43)) - raft.server.retrycache.expirytime = 600000ms (custom)
2019-09-26 15:38:58,163 [pool-123-thread-1] INFO  impl.RaftServerImpl (RaftServerImpl.java:start(185)) - bcb704dc-2543-42a4-8762-cde039a55a99@group-FDAD0B55B238: start as a follower, conf=-1: [bcb704dc-2543-42a4-8762-cde039a55a99:192.168.151.99:43663], old=null
2019-09-26 15:38:58,163 [pool-123-thread-1] INFO  impl.RaftServerImpl (RaftServerImpl.java:setRole(174)) - bcb704dc-2543-42a4-8762-cde039a55a99@group-FDAD0B55B238: changes role from      null to FOLLOWER at term 0 for startAsFollower
2019-09-26 15:38:58,163 [pool-123-thread-1] INFO  impl.RoleInfo (RoleInfo.java:updateAndGet(143)) - bcb704dc-2543-42a4-8762-cde039a55a99: start FollowerState
2019-09-26 15:38:58,163 [pool-123-thread-1] INFO  util.JmxRegister (JmxRegister.java:tryRegister(44)) - Successfully registered JMX Bean with object name Ratis:service=RaftServer,group=group-FDAD0B55B238,id=bcb704dc-2543-42a4-8762-cde039a55a99
2019-09-26 15:38:58,166 [RatisPipelineUtilsThread] INFO  pipeline.PipelineStateManager (PipelineStateManager.java:addPipeline(56)) - Created pipeline Pipeline[ Id: 5073a369-4fb6-4f61-af58-fdad0b55b238, Nodes: bcb704dc-2543-42a4-8762-cde039a55a99{ip: 192.168.151.99, host: pr-hdds-1569-g6sp5-2013761785, networkLocation: /default-rack, certSerialId: null}, Type:RATIS, Factor:ONE, State:OPEN]
2019-09-26 15:38:58,170 [grpc-default-executor-0] INFO  impl.RaftServerProxy (RaftServerProxy.java:addNew(89)) - bcb704dc-2543-42a4-8762-cde039a55a99: addNew group-763AB41DED64:[bcb704dc-2543-42a4-8762-cde039a55a99:192.168.151.99:43663] returns group-763AB41DED64:java.util.concurrent.CompletableFuture@75f222ef[Not completed]
2019-09-26 15:38:58,171 [pool-123-thread-1] INFO  impl.RaftServerImpl (RaftServerImpl.java:<init>(95)) - bcb704dc-2543-42a4-8762-cde039a55a99: new RaftServerImpl for group-763AB41DED64:[bcb704dc-2543-42a4-8762-cde039a55a99:192.168.151.99:43663] with ContainerStateMachine:uninitialized
2019-09-26 15:38:58,171 [pool-123-thread-1] INFO  server.RaftServerConfigKeys (ConfUtils.java:logGet(43)) - raft.server.rpc.timeout.min = 5s (custom)
2019-09-26 15:38:58,171 [pool-123-thread-1] INFO  server.RaftServerConfigKeys (ConfUtils.java:logGet(43)) - raft.server.rpc.timeout.max = 5200ms (custom)
2019-09-26 15:38:58,171 [pool-123-thread-1] INFO  server.RaftServerConfigKeys (ConfUtils.java:logGet(43)) - raft.server.rpcslowness.timeout = 120s (custom)
2019-09-26 15:38:58,171 [pool-123-thread-1] INFO  server.RaftServerConfigKeys (ConfUtils.java:logGet(43)) - raft.server.sleep.deviation.threshold = 300 (default)
2019-09-26 15:38:58,171 [pool-123-thread-1] INFO  server.RaftServerConfigKeys (ConfUtils.java:logGet(43)) - raft.server.log.appender.install.snapshot.enabled = false (custom)
2019-09-26 15:38:58,172 [pool-123-thread-1] INFO  impl.RaftServerImpl (ServerState.java:<init>(103)) - bcb704dc-2543-42a4-8762-cde039a55a99@group-763AB41DED64: ConfigurationManager, init=-1: [bcb704dc-2543-42a4-8762-cde039a55a99:192.168.151.99:43663], old=null, confs=<EMPTY_MAP>
2019-09-26 15:38:58,172 [pool-123-thread-1] INFO  server.RaftServerConfigKeys (ConfUtils.java:logGet(43)) - raft.server.storage.dir = [/workdir/hadoop-ozone/integration-test/target/test-dir/MiniOzoneClusterImpl-87962e32-e39f-4c57-b747-30c883c1cc54/datanode-0/data/ratis] (custom)
2019-09-26 15:38:58,173 [pool-123-thread-1] INFO  storage.RaftStorageDirectory (RaftStorageDirectory.java:analyzeStorage(246)) - The storage directory /workdir/hadoop-ozone/integration-test/target/test-dir/MiniOzoneClusterImpl-87962e32-e39f-4c57-b747-30c883c1cc54/datanode-0/data/ratis/cf26806f-00ff-469f-8b39-763ab41ded64 does not exist. Creating ...
2019-09-26 15:38:58,177 [pool-123-thread-1] INFO  storage.RaftStorageDirectory (RaftStorageDirectory.java:tryLock(328)) - Lock on /workdir/hadoop-ozone/integration-test/target/test-dir/MiniOzoneClusterImpl-87962e32-e39f-4c57-b747-30c883c1cc54/datanode-0/data/ratis/cf26806f-00ff-469f-8b39-763ab41ded64/in_use.lock acquired by nodename 10626@pr-hdds-1569-g6sp5-2013761785
2019-09-26 15:38:58,180 [pool-123-thread-1] INFO  storage.RaftStorage (RaftStorage.java:format(72)) - Storage directory /workdir/hadoop-ozone/integration-test/target/test-dir/MiniOzoneClusterImpl-87962e32-e39f-4c57-b747-30c883c1cc54/datanode-0/data/ratis/cf26806f-00ff-469f-8b39-763ab41ded64 has been successfully formatted.
2019-09-26 15:38:58,180 [pool-123-thread-1] INFO  ratis.ContainerStateMachine (ContainerStateMachine.java:loadSnapshot(230)) - group-763AB41DED64: The snapshot info is null. Setting the last applied indexto:(t:0, i:~)
2019-09-26 15:38:58,180 [pool-123-thread-1] INFO  server.RaftServerConfigKeys (ConfUtils.java:logGet(43)) - raft.server.notification.no-leader.timeout = 120s (custom)
2019-09-26 15:38:58,180 [pool-123-thread-1] INFO  server.RaftServerConfigKeys (ConfUtils.java:logGet(43)) - raft.server.log.use.memory = false (default)
2019-09-26 15:38:58,181 [pool-123-thread-1] INFO  server.RaftServerConfigKeys (ConfUtils.java:logGet(43)) - raft.server.log.purge.gap = 1000000 (custom)
2019-09-26 15:38:58,181 [pool-123-thread-1] INFO  server.RaftServerConfigKeys (ConfUtils.java:logGet(43)) - raft.server.log.appender.buffer.byte-limit = 33554432 (custom)
2019-09-26 15:38:58,181 [pool-123-thread-1] INFO  server.RaftServerConfigKeys (ConfUtils.java:logGet(43)) - raft.server.log.segment.size.max = 1048576 (custom)
2019-09-26 15:38:58,181 [pool-123-thread-1] INFO  server.RaftServerConfigKeys (ConfUtils.java:logGet(43)) - raft.server.log.segment.cache.num.max = 2 (custom)
2019-09-26 15:38:58,181 [pool-123-thread-1] INFO  segmented.SegmentedRaftLogWorker (SegmentedRaftLogWorker.java:<init>(172)) - new bcb704dc-2543-42a4-8762-cde039a55a99@group-763AB41DED64-SegmentedRaftLogWorker for RaftStorage:Storage Directory /workdir/hadoop-ozone/integration-test/target/test-dir/MiniOzoneClusterImpl-87962e32-e39f-4c57-b747-30c883c1cc54/datanode-0/data/ratis/cf26806f-00ff-469f-8b39-763ab41ded64
2019-09-26 15:38:58,181 [pool-123-thread-1] INFO  server.RaftServerConfigKeys (ConfUtils.java:logGet(43)) - raft.server.log.queue.byte-limit = 2147483647 (custom)
2019-09-26 15:38:58,181 [pool-123-thread-1] INFO  server.RaftServerConfigKeys (ConfUtils.java:logGet(43)) - raft.server.log.queue.element-limit = 1024 (custom)
2019-09-26 15:38:58,182 [pool-123-thread-1] INFO  server.RaftServerConfigKeys (ConfUtils.java:logGet(43)) - raft.server.log.segment.size.max = 1048576 (custom)
2019-09-26 15:38:58,182 [pool-123-thread-1] INFO  server.RaftServerConfigKeys (ConfUtils.java:logGet(43)) - raft.server.log.preallocated.size = 16384 (custom)
2019-09-26 15:38:58,182 [pool-123-thread-1] INFO  server.RaftServerConfigKeys (ConfUtils.java:logGet(43)) - raft.server.log.write.buffer.size = 33554432 (custom)
2019-09-26 15:38:58,182 [pool-123-thread-1] INFO  server.RaftServerConfigKeys (ConfUtils.java:logGet(43)) - raft.server.log.force.sync.num = 128 (default)
2019-09-26 15:38:58,182 [pool-123-thread-1] INFO  server.RaftServerConfigKeys (ConfUtils.java:logGet(43)) - raft.server.log.statemachine.data.sync = true (default)
2019-09-26 15:38:58,182 [pool-123-thread-1] INFO  server.RaftServerConfigKeys (ConfUtils.java:logGet(43)) - raft.server.log.statemachine.data.sync.timeout = 10s (default)
2019-09-26 15:38:58,182 [pool-123-thread-1] INFO  server.RaftServerConfigKeys (ConfUtils.java:logGet(43)) - raft.server.log.statemachine.data.sync.timeout.retry = -1 (default)
2019-09-26 15:38:58,183 [pool-123-thread-1] INFO  server.RaftServerConfigKeys (ConfUtils.java:logGet(43)) - raft.server.log.statemachine.data.caching.enabled = true (custom)
2019-09-26 15:38:58,183 [pool-123-thread-1] INFO  segmented.SegmentedRaftLogWorker (SegmentedRaftLogWorker.java:lambda$new$0(132)) - bcb704dc-2543-42a4-8762-cde039a55a99@group-763AB41DED64-SegmentedRaftLogWorker: flushIndex: setUnconditionally 0 -> -1
2019-09-26 15:38:58,183 [pool-123-thread-1] INFO  server.RaftServerConfigKeys (ConfUtils.java:logGet(43)) - raft.server.snapshot.auto.trigger.enabled = true (custom)
2019-09-26 15:38:58,183 [pool-123-thread-1] INFO  server.RaftServerConfigKeys (ConfUtils.java:logGet(43)) - raft.server.snapshot.auto.trigger.threshold = 10000 (custom)
2019-09-26 15:38:58,184 [pool-123-thread-1] INFO  server.RaftServerConfigKeys (ConfUtils.java:logGet(43)) - raft.server.snapshot.retention.num.files = 5 (custom)
2019-09-26 15:38:58,184 [pool-123-thread-1] INFO  server.RaftServerConfigKeys (ConfUtils.java:logGet(43)) - raft.server.retrycache.expirytime = 600000ms (custom)
2019-09-26 15:38:58,185 [pool-123-thread-1] INFO  impl.RaftServerImpl (RaftServerImpl.java:start(185)) - bcb704dc-2543-42a4-8762-cde039a55a99@group-763AB41DED64: start as a follower, conf=-1: [bcb704dc-2543-42a4-8762-cde039a55a99:192.168.151.99:43663], old=null
2019-09-26 15:38:58,186 [pool-123-thread-1] INFO  impl.RaftServerImpl (RaftServerImpl.java:setRole(174)) - bcb704dc-2543-42a4-8762-cde039a55a99@group-763AB41DED64: changes role from      null to FOLLOWER at term 0 for startAsFollower
2019-09-26 15:38:58,186 [pool-123-thread-1] INFO  impl.RoleInfo (RoleInfo.java:updateAndGet(143)) - bcb704dc-2543-42a4-8762-cde039a55a99: start FollowerState
2019-09-26 15:38:58,186 [pool-123-thread-1] INFO  util.JmxRegister (JmxRegister.java:tryRegister(44)) - Successfully registered JMX Bean with object name Ratis:service=RaftServer,group=group-763AB41DED64,id=bcb704dc-2543-42a4-8762-cde039a55a99
2019-09-26 15:38:58,188 [RatisPipelineUtilsThread] INFO  pipeline.PipelineStateManager (PipelineStateManager.java:addPipeline(56)) - Created pipeline Pipeline[ Id: cf26806f-00ff-469f-8b39-763ab41ded64, Nodes: bcb704dc-2543-42a4-8762-cde039a55a99{ip: 192.168.151.99, host: pr-hdds-1569-g6sp5-2013761785, networkLocation: /default-rack, certSerialId: null}, Type:RATIS, Factor:ONE, State:OPEN]
2019-09-26 15:38:58,192 [grpc-default-executor-0] INFO  impl.RaftServerProxy (RaftServerProxy.java:addNew(89)) - bcb704dc-2543-42a4-8762-cde039a55a99: addNew group-E41E9E7B90A5:[bcb704dc-2543-42a4-8762-cde039a55a99:192.168.151.99:43663] returns group-E41E9E7B90A5:java.util.concurrent.CompletableFuture@4ec2370e[Not completed]
2019-09-26 15:38:58,193 [pool-123-thread-1] INFO  impl.RaftServerImpl (RaftServerImpl.java:<init>(95)) - bcb704dc-2543-42a4-8762-cde039a55a99: new RaftServerImpl for group-E41E9E7B90A5:[bcb704dc-2543-42a4-8762-cde039a55a99:192.168.151.99:43663] with ContainerStateMachine:uninitialized
2019-09-26 15:38:58,193 [pool-123-thread-1] INFO  server.RaftServerConfigKeys (ConfUtils.java:logGet(43)) - raft.server.rpc.timeout.min = 5s (custom)
2019-09-26 15:38:58,193 [pool-123-thread-1] INFO  server.RaftServerConfigKeys (ConfUtils.java:logGet(43)) - raft.server.rpc.timeout.max = 5200ms (custom)
2019-09-26 15:38:58,193 [pool-123-thread-1] INFO  server.RaftServerConfigKeys (ConfUtils.java:logGet(43)) - raft.server.rpcslowness.timeout = 120s (custom)
2019-09-26 15:38:58,193 [pool-123-thread-1] INFO  server.RaftServerConfigKeys (ConfUtils.java:logGet(43)) - raft.server.sleep.deviation.threshold = 300 (default)
2019-09-26 15:38:58,193 [pool-123-thread-1] INFO  server.RaftServerConfigKeys (ConfUtils.java:logGet(43)) - raft.server.log.appender.install.snapshot.enabled = false (custom)
2019-09-26 15:38:58,193 [pool-123-thread-1] INFO  impl.RaftServerImpl (ServerState.java:<init>(103)) - bcb704dc-2543-42a4-8762-cde039a55a99@group-E41E9E7B90A5: ConfigurationManager, init=-1: [bcb704dc-2543-42a4-8762-cde039a55a99:192.168.151.99:43663], old=null, confs=<EMPTY_MAP>
2019-09-26 15:38:58,194 [pool-123-thread-1] INFO  server.RaftServerConfigKeys (ConfUtils.java:logGet(43)) - raft.server.storage.dir = [/workdir/hadoop-ozone/integration-test/target/test-dir/MiniOzoneClusterImpl-87962e32-e39f-4c57-b747-30c883c1cc54/datanode-0/data/ratis] (custom)
2019-09-26 15:38:58,194 [pool-123-thread-1] INFO  storage.RaftStorageDirectory (RaftStorageDirectory.java:analyzeStorage(246)) - The storage directory /workdir/hadoop-ozone/integration-test/target/test-dir/MiniOzoneClusterImpl-87962e32-e39f-4c57-b747-30c883c1cc54/datanode-0/data/ratis/53d0f107-a708-4ec9-b537-e41e9e7b90a5 does not exist. Creating ...
2019-09-26 15:38:58,199 [pool-123-thread-1] INFO  storage.RaftStorageDirectory (RaftStorageDirectory.java:tryLock(328)) - Lock on /workdir/hadoop-ozone/integration-test/target/test-dir/MiniOzoneClusterImpl-87962e32-e39f-4c57-b747-30c883c1cc54/datanode-0/data/ratis/53d0f107-a708-4ec9-b537-e41e9e7b90a5/in_use.lock acquired by nodename 10626@pr-hdds-1569-g6sp5-2013761785
2019-09-26 15:38:58,221 [pool-123-thread-1] INFO  storage.RaftStorage (RaftStorage.java:format(72)) - Storage directory /workdir/hadoop-ozone/integration-test/target/test-dir/MiniOzoneClusterImpl-87962e32-e39f-4c57-b747-30c883c1cc54/datanode-0/data/ratis/53d0f107-a708-4ec9-b537-e41e9e7b90a5 has been successfully formatted.
2019-09-26 15:38:58,222 [pool-123-thread-1] INFO  ratis.ContainerStateMachine (ContainerStateMachine.java:loadSnapshot(230)) - group-E41E9E7B90A5: The snapshot info is null. Setting the last applied indexto:(t:0, i:~)
2019-09-26 15:38:58,222 [pool-123-thread-1] INFO  server.RaftServerConfigKeys (ConfUtils.java:logGet(43)) - raft.server.notification.no-leader.timeout = 120s (custom)
2019-09-26 15:38:58,222 [pool-123-thread-1] INFO  server.RaftServerConfigKeys (ConfUtils.java:logGet(43)) - raft.server.log.use.memory = false (default)
2019-09-26 15:38:58,222 [pool-123-thread-1] INFO  server.RaftServerConfigKeys (ConfUtils.java:logGet(43)) - raft.server.log.purge.gap = 1000000 (custom)
2019-09-26 15:38:58,222 [pool-123-thread-1] INFO  server.RaftServerConfigKeys (ConfUtils.java:logGet(43)) - raft.server.log.appender.buffer.byte-limit = 33554432 (custom)
2019-09-26 15:38:58,222 [pool-123-thread-1] INFO  server.RaftServerConfigKeys (ConfUtils.java:logGet(43)) - raft.server.log.segment.size.max = 1048576 (custom)
2019-09-26 15:38:58,223 [pool-123-thread-1] INFO  server.RaftServerConfigKeys (ConfUtils.java:logGet(43)) - raft.server.log.segment.cache.num.max = 2 (custom)
2019-09-26 15:38:58,223 [pool-123-thread-1] INFO  segmented.SegmentedRaftLogWorker (SegmentedRaftLogWorker.java:<init>(172)) - new bcb704dc-2543-42a4-8762-cde039a55a99@group-E41E9E7B90A5-SegmentedRaftLogWorker for RaftStorage:Storage Directory /workdir/hadoop-ozone/integration-test/target/test-dir/MiniOzoneClusterImpl-87962e32-e39f-4c57-b747-30c883c1cc54/datanode-0/data/ratis/53d0f107-a708-4ec9-b537-e41e9e7b90a5
2019-09-26 15:38:58,223 [pool-123-thread-1] INFO  server.RaftServerConfigKeys (ConfUtils.java:logGet(43)) - raft.server.log.queue.byte-limit = 2147483647 (custom)
2019-09-26 15:38:58,223 [pool-123-thread-1] INFO  server.RaftServerConfigKeys (ConfUtils.java:logGet(43)) - raft.server.log.queue.element-limit = 1024 (custom)
2019-09-26 15:38:58,223 [pool-123-thread-1] INFO  server.RaftServerConfigKeys (ConfUtils.java:logGet(43)) - raft.server.log.segment.size.max = 1048576 (custom)
2019-09-26 15:38:58,223 [pool-123-thread-1] INFO  server.RaftServerConfigKeys (ConfUtils.java:logGet(43)) - raft.server.log.preallocated.size = 16384 (custom)
2019-09-26 15:38:58,223 [pool-123-thread-1] INFO  server.RaftServerConfigKeys (ConfUtils.java:logGet(43)) - raft.server.log.write.buffer.size = 33554432 (custom)
2019-09-26 15:38:58,223 [pool-123-thread-1] INFO  server.RaftServerConfigKeys (ConfUtils.java:logGet(43)) - raft.server.log.force.sync.num = 128 (default)
2019-09-26 15:38:58,224 [pool-123-thread-1] INFO  server.RaftServerConfigKeys (ConfUtils.java:logGet(43)) - raft.server.log.statemachine.data.sync = true (default)
2019-09-26 15:38:58,224 [pool-123-thread-1] INFO  server.RaftServerConfigKeys (ConfUtils.java:logGet(43)) - raft.server.log.statemachine.data.sync.timeout = 10s (default)
2019-09-26 15:38:58,224 [pool-123-thread-1] INFO  server.RaftServerConfigKeys (ConfUtils.java:logGet(43)) - raft.server.log.statemachine.data.sync.timeout.retry = -1 (default)
2019-09-26 15:38:58,224 [pool-123-thread-1] INFO  server.RaftServerConfigKeys (ConfUtils.java:logGet(43)) - raft.server.log.statemachine.data.caching.enabled = true (custom)
2019-09-26 15:38:58,224 [pool-123-thread-1] INFO  segmented.SegmentedRaftLogWorker (SegmentedRaftLogWorker.java:lambda$new$0(132)) - bcb704dc-2543-42a4-8762-cde039a55a99@group-E41E9E7B90A5-SegmentedRaftLogWorker: flushIndex: setUnconditionally 0 -> -1
2019-09-26 15:38:58,225 [pool-123-thread-1] INFO  server.RaftServerConfigKeys (ConfUtils.java:logGet(43)) - raft.server.snapshot.auto.trigger.enabled = true (custom)
2019-09-26 15:38:58,225 [pool-123-thread-1] INFO  server.RaftServerConfigKeys (ConfUtils.java:logGet(43)) - raft.server.snapshot.auto.trigger.threshold = 10000 (custom)
2019-09-26 15:38:58,225 [pool-123-thread-1] INFO  server.RaftServerConfigKeys (ConfUtils.java:logGet(43)) - raft.server.snapshot.retention.num.files = 5 (custom)
2019-09-26 15:38:58,225 [pool-123-thread-1] INFO  server.RaftServerConfigKeys (ConfUtils.java:logGet(43)) - raft.server.retrycache.expirytime = 600000ms (custom)
2019-09-26 15:38:58,227 [pool-123-thread-1] INFO  impl.RaftServerImpl (RaftServerImpl.java:start(185)) - bcb704dc-2543-42a4-8762-cde039a55a99@group-E41E9E7B90A5: start as a follower, conf=-1: [bcb704dc-2543-42a4-8762-cde039a55a99:192.168.151.99:43663], old=null
2019-09-26 15:38:58,227 [pool-123-thread-1] INFO  impl.RaftServerImpl (RaftServerImpl.java:setRole(174)) - bcb704dc-2543-42a4-8762-cde039a55a99@group-E41E9E7B90A5: changes role from      null to FOLLOWER at term 0 for startAsFollower
2019-09-26 15:38:58,227 [pool-123-thread-1] INFO  impl.RoleInfo (RoleInfo.java:updateAndGet(143)) - bcb704dc-2543-42a4-8762-cde039a55a99: start FollowerState
2019-09-26 15:38:58,227 [pool-123-thread-1] INFO  util.JmxRegister (JmxRegister.java:tryRegister(44)) - Successfully registered JMX Bean with object name Ratis:service=RaftServer,group=group-E41E9E7B90A5,id=bcb704dc-2543-42a4-8762-cde039a55a99
2019-09-26 15:38:58,229 [RatisPipelineUtilsThread] INFO  pipeline.PipelineStateManager (PipelineStateManager.java:addPipeline(56)) - Created pipeline Pipeline[ Id: 53d0f107-a708-4ec9-b537-e41e9e7b90a5, Nodes: bcb704dc-2543-42a4-8762-cde039a55a99{ip: 192.168.151.99, host: pr-hdds-1569-g6sp5-2013761785, networkLocation: /default-rack, certSerialId: null}, Type:RATIS, Factor:ONE, State:OPEN]
2019-09-26 15:38:58,233 [grpc-default-executor-0] INFO  impl.RaftServerProxy (RaftServerProxy.java:addNew(89)) - bcb704dc-2543-42a4-8762-cde039a55a99: addNew group-0B9A04D0016D:[bcb704dc-2543-42a4-8762-cde039a55a99:192.168.151.99:43663] returns group-0B9A04D0016D:java.util.concurrent.CompletableFuture@6b750235[Not completed]
2019-09-26 15:38:58,233 [pool-123-thread-1] INFO  impl.RaftServerImpl (RaftServerImpl.java:<init>(95)) - bcb704dc-2543-42a4-8762-cde039a55a99: new RaftServerImpl for group-0B9A04D0016D:[bcb704dc-2543-42a4-8762-cde039a55a99:192.168.151.99:43663] with ContainerStateMachine:uninitialized
2019-09-26 15:38:58,234 [pool-123-thread-1] INFO  server.RaftServerConfigKeys (ConfUtils.java:logGet(43)) - raft.server.rpc.timeout.min = 5s (custom)
2019-09-26 15:38:58,234 [pool-123-thread-1] INFO  server.RaftServerConfigKeys (ConfUtils.java:logGet(43)) - raft.server.rpc.timeout.max = 5200ms (custom)
2019-09-26 15:38:58,234 [pool-123-thread-1] INFO  server.RaftServerConfigKeys (ConfUtils.java:logGet(43)) - raft.server.rpcslowness.timeout = 120s (custom)
2019-09-26 15:38:58,234 [pool-123-thread-1] INFO  server.RaftServerConfigKeys (ConfUtils.java:logGet(43)) - raft.server.sleep.deviation.threshold = 300 (default)
2019-09-26 15:38:58,234 [pool-123-thread-1] INFO  server.RaftServerConfigKeys (ConfUtils.java:logGet(43)) - raft.server.log.appender.install.snapshot.enabled = false (custom)
2019-09-26 15:38:58,234 [pool-123-thread-1] INFO  impl.RaftServerImpl (ServerState.java:<init>(103)) - bcb704dc-2543-42a4-8762-cde039a55a99@group-0B9A04D0016D: ConfigurationManager, init=-1: [bcb704dc-2543-42a4-8762-cde039a55a99:192.168.151.99:43663], old=null, confs=<EMPTY_MAP>
2019-09-26 15:38:58,234 [pool-123-thread-1] INFO  server.RaftServerConfigKeys (ConfUtils.java:logGet(43)) - raft.server.storage.dir = [/workdir/hadoop-ozone/integration-test/target/test-dir/MiniOzoneClusterImpl-87962e32-e39f-4c57-b747-30c883c1cc54/datanode-0/data/ratis] (custom)
2019-09-26 15:38:58,235 [pool-123-thread-1] INFO  storage.RaftStorageDirectory (RaftStorageDirectory.java:analyzeStorage(246)) - The storage directory /workdir/hadoop-ozone/integration-test/target/test-dir/MiniOzoneClusterImpl-87962e32-e39f-4c57-b747-30c883c1cc54/datanode-0/data/ratis/5ff4aa39-8c1c-420c-b59b-0b9a04d0016d does not exist. Creating ...
2019-09-26 15:38:58,248 [pool-123-thread-1] INFO  storage.RaftStorageDirectory (RaftStorageDirectory.java:tryLock(328)) - Lock on /workdir/hadoop-ozone/integration-test/target/test-dir/MiniOzoneClusterImpl-87962e32-e39f-4c57-b747-30c883c1cc54/datanode-0/data/ratis/5ff4aa39-8c1c-420c-b59b-0b9a04d0016d/in_use.lock acquired by nodename 10626@pr-hdds-1569-g6sp5-2013761785
2019-09-26 15:38:58,261 [pool-123-thread-1] INFO  storage.RaftStorage (RaftStorage.java:format(72)) - Storage directory /workdir/hadoop-ozone/integration-test/target/test-dir/MiniOzoneClusterImpl-87962e32-e39f-4c57-b747-30c883c1cc54/datanode-0/data/ratis/5ff4aa39-8c1c-420c-b59b-0b9a04d0016d has been successfully formatted.
2019-09-26 15:38:58,262 [pool-123-thread-1] INFO  ratis.ContainerStateMachine (ContainerStateMachine.java:loadSnapshot(230)) - group-0B9A04D0016D: The snapshot info is null. Setting the last applied indexto:(t:0, i:~)
2019-09-26 15:38:58,262 [pool-123-thread-1] INFO  server.RaftServerConfigKeys (ConfUtils.java:logGet(43)) - raft.server.notification.no-leader.timeout = 120s (custom)
2019-09-26 15:38:58,262 [pool-123-thread-1] INFO  server.RaftServerConfigKeys (ConfUtils.java:logGet(43)) - raft.server.log.use.memory = false (default)
2019-09-26 15:38:58,262 [pool-123-thread-1] INFO  server.RaftServerConfigKeys (ConfUtils.java:logGet(43)) - raft.server.log.purge.gap = 1000000 (custom)
2019-09-26 15:38:58,262 [pool-123-thread-1] INFO  server.RaftServerConfigKeys (ConfUtils.java:logGet(43)) - raft.server.log.appender.buffer.byte-limit = 33554432 (custom)
2019-09-26 15:38:58,262 [pool-123-thread-1] INFO  server.RaftServerConfigKeys (ConfUtils.java:logGet(43)) - raft.server.log.segment.size.max = 1048576 (custom)
2019-09-26 15:38:58,262 [pool-123-thread-1] INFO  server.RaftServerConfigKeys (ConfUtils.java:logGet(43)) - raft.server.log.segment.cache.num.max = 2 (custom)
2019-09-26 15:38:58,262 [pool-123-thread-1] INFO  segmented.SegmentedRaftLogWorker (SegmentedRaftLogWorker.java:<init>(172)) - new bcb704dc-2543-42a4-8762-cde039a55a99@group-0B9A04D0016D-SegmentedRaftLogWorker for RaftStorage:Storage Directory /workdir/hadoop-ozone/integration-test/target/test-dir/MiniOzoneClusterImpl-87962e32-e39f-4c57-b747-30c883c1cc54/datanode-0/data/ratis/5ff4aa39-8c1c-420c-b59b-0b9a04d0016d
2019-09-26 15:38:58,263 [pool-123-thread-1] INFO  server.RaftServerConfigKeys (ConfUtils.java:logGet(43)) - raft.server.log.queue.byte-limit = 2147483647 (custom)
2019-09-26 15:38:58,263 [pool-123-thread-1] INFO  server.RaftServerConfigKeys (ConfUtils.java:logGet(43)) - raft.server.log.queue.element-limit = 1024 (custom)
2019-09-26 15:38:58,263 [pool-123-thread-1] INFO  server.RaftServerConfigKeys (ConfUtils.java:logGet(43)) - raft.server.log.segment.size.max = 1048576 (custom)
2019-09-26 15:38:58,263 [pool-123-thread-1] INFO  server.RaftServerConfigKeys (ConfUtils.java:logGet(43)) - raft.server.log.preallocated.size = 16384 (custom)
2019-09-26 15:38:58,263 [pool-123-thread-1] INFO  server.RaftServerConfigKeys (ConfUtils.java:logGet(43)) - raft.server.log.write.buffer.size = 33554432 (custom)
2019-09-26 15:38:58,263 [pool-123-thread-1] INFO  server.RaftServerConfigKeys (ConfUtils.java:logGet(43)) - raft.server.log.force.sync.num = 128 (default)
2019-09-26 15:38:58,263 [pool-123-thread-1] INFO  server.RaftServerConfigKeys (ConfUtils.java:logGet(43)) - raft.server.log.statemachine.data.sync = true (default)
2019-09-26 15:38:58,264 [pool-123-thread-1] INFO  server.RaftServerConfigKeys (ConfUtils.java:logGet(43)) - raft.server.log.statemachine.data.sync.timeout = 10s (default)
2019-09-26 15:38:58,264 [pool-123-thread-1] INFO  server.RaftServerConfigKeys (ConfUtils.java:logGet(43)) - raft.server.log.statemachine.data.sync.timeout.retry = -1 (default)
2019-09-26 15:38:58,264 [pool-123-thread-1] INFO  server.RaftServerConfigKeys (ConfUtils.java:logGet(43)) - raft.server.log.statemachine.data.caching.enabled = true (custom)
2019-09-26 15:38:58,264 [pool-123-thread-1] INFO  segmented.SegmentedRaftLogWorker (SegmentedRaftLogWorker.java:lambda$new$0(132)) - bcb704dc-2543-42a4-8762-cde039a55a99@group-0B9A04D0016D-SegmentedRaftLogWorker: flushIndex: setUnconditionally 0 -> -1
2019-09-26 15:38:58,264 [pool-123-thread-1] INFO  server.RaftServerConfigKeys (ConfUtils.java:logGet(43)) - raft.server.snapshot.auto.trigger.enabled = true (custom)
2019-09-26 15:38:58,264 [pool-123-thread-1] INFO  server.RaftServerConfigKeys (ConfUtils.java:logGet(43)) - raft.server.snapshot.auto.trigger.threshold = 10000 (custom)
2019-09-26 15:38:58,265 [pool-123-thread-1] INFO  server.RaftServerConfigKeys (ConfUtils.java:logGet(43)) - raft.server.snapshot.retention.num.files = 5 (custom)
2019-09-26 15:38:58,265 [pool-123-thread-1] INFO  server.RaftServerConfigKeys (ConfUtils.java:logGet(43)) - raft.server.retrycache.expirytime = 600000ms (custom)
2019-09-26 15:38:58,266 [pool-123-thread-1] INFO  impl.RaftServerImpl (RaftServerImpl.java:start(185)) - bcb704dc-2543-42a4-8762-cde039a55a99@group-0B9A04D0016D: start as a follower, conf=-1: [bcb704dc-2543-42a4-8762-cde039a55a99:192.168.151.99:43663], old=null
2019-09-26 15:38:58,266 [pool-123-thread-1] INFO  impl.RaftServerImpl (RaftServerImpl.java:setRole(174)) - bcb704dc-2543-42a4-8762-cde039a55a99@group-0B9A04D0016D: changes role from      null to FOLLOWER at term 0 for startAsFollower
2019-09-26 15:38:58,266 [pool-123-thread-1] INFO  impl.RoleInfo (RoleInfo.java:updateAndGet(143)) - bcb704dc-2543-42a4-8762-cde039a55a99: start FollowerState
2019-09-26 15:38:58,267 [pool-123-thread-1] INFO  util.JmxRegister (JmxRegister.java:tryRegister(44)) - Successfully registered JMX Bean with object name Ratis:service=RaftServer,group=group-0B9A04D0016D,id=bcb704dc-2543-42a4-8762-cde039a55a99
2019-09-26 15:38:58,268 [RatisPipelineUtilsThread] INFO  pipeline.PipelineStateManager (PipelineStateManager.java:addPipeline(56)) - Created pipeline Pipeline[ Id: 5ff4aa39-8c1c-420c-b59b-0b9a04d0016d, Nodes: bcb704dc-2543-42a4-8762-cde039a55a99{ip: 192.168.151.99, host: pr-hdds-1569-g6sp5-2013761785, networkLocation: /default-rack, certSerialId: null}, Type:RATIS, Factor:ONE, State:OPEN]
2019-09-26 15:38:58,272 [grpc-default-executor-0] INFO  impl.RaftServerProxy (RaftServerProxy.java:addNew(89)) - bcb704dc-2543-42a4-8762-cde039a55a99: addNew group-E156FE0624FA:[bcb704dc-2543-42a4-8762-cde039a55a99:192.168.151.99:43663] returns group-E156FE0624FA:java.util.concurrent.CompletableFuture@3b9ffb6e[Not completed]
2019-09-26 15:38:58,272 [pool-123-thread-1] INFO  impl.RaftServerImpl (RaftServerImpl.java:<init>(95)) - bcb704dc-2543-42a4-8762-cde039a55a99: new RaftServerImpl for group-E156FE0624FA:[bcb704dc-2543-42a4-8762-cde039a55a99:192.168.151.99:43663] with ContainerStateMachine:uninitialized
2019-09-26 15:38:58,273 [pool-123-thread-1] INFO  server.RaftServerConfigKeys (ConfUtils.java:logGet(43)) - raft.server.rpc.timeout.min = 5s (custom)
2019-09-26 15:38:58,273 [pool-123-thread-1] INFO  server.RaftServerConfigKeys (ConfUtils.java:logGet(43)) - raft.server.rpc.timeout.max = 5200ms (custom)
2019-09-26 15:38:58,273 [pool-123-thread-1] INFO  server.RaftServerConfigKeys (ConfUtils.java:logGet(43)) - raft.server.rpcslowness.timeout = 120s (custom)
2019-09-26 15:38:58,273 [pool-123-thread-1] INFO  server.RaftServerConfigKeys (ConfUtils.java:logGet(43)) - raft.server.sleep.deviation.threshold = 300 (default)
2019-09-26 15:38:58,273 [pool-123-thread-1] INFO  server.RaftServerConfigKeys (ConfUtils.java:logGet(43)) - raft.server.log.appender.install.snapshot.enabled = false (custom)
2019-09-26 15:38:58,273 [pool-123-thread-1] INFO  impl.RaftServerImpl (ServerState.java:<init>(103)) - bcb704dc-2543-42a4-8762-cde039a55a99@group-E156FE0624FA: ConfigurationManager, init=-1: [bcb704dc-2543-42a4-8762-cde039a55a99:192.168.151.99:43663], old=null, confs=<EMPTY_MAP>
2019-09-26 15:38:58,273 [pool-123-thread-1] INFO  server.RaftServerConfigKeys (ConfUtils.java:logGet(43)) - raft.server.storage.dir = [/workdir/hadoop-ozone/integration-test/target/test-dir/MiniOzoneClusterImpl-87962e32-e39f-4c57-b747-30c883c1cc54/datanode-0/data/ratis] (custom)
2019-09-26 15:38:58,274 [pool-123-thread-1] INFO  storage.RaftStorageDirectory (RaftStorageDirectory.java:analyzeStorage(246)) - The storage directory /workdir/hadoop-ozone/integration-test/target/test-dir/MiniOzoneClusterImpl-87962e32-e39f-4c57-b747-30c883c1cc54/datanode-0/data/ratis/36bec827-44d1-4608-be9b-e156fe0624fa does not exist. Creating ...
2019-09-26 15:38:58,287 [pool-123-thread-1] INFO  storage.RaftStorageDirectory (RaftStorageDirectory.java:tryLock(328)) - Lock on /workdir/hadoop-ozone/integration-test/target/test-dir/MiniOzoneClusterImpl-87962e32-e39f-4c57-b747-30c883c1cc54/datanode-0/data/ratis/36bec827-44d1-4608-be9b-e156fe0624fa/in_use.lock acquired by nodename 10626@pr-hdds-1569-g6sp5-2013761785
2019-09-26 15:38:58,299 [pool-123-thread-1] INFO  storage.RaftStorage (RaftStorage.java:format(72)) - Storage directory /workdir/hadoop-ozone/integration-test/target/test-dir/MiniOzoneClusterImpl-87962e32-e39f-4c57-b747-30c883c1cc54/datanode-0/data/ratis/36bec827-44d1-4608-be9b-e156fe0624fa has been successfully formatted.
2019-09-26 15:38:58,300 [pool-123-thread-1] INFO  ratis.ContainerStateMachine (ContainerStateMachine.java:loadSnapshot(230)) - group-E156FE0624FA: The snapshot info is null. Setting the last applied indexto:(t:0, i:~)
2019-09-26 15:38:58,300 [pool-123-thread-1] INFO  server.RaftServerConfigKeys (ConfUtils.java:logGet(43)) - raft.server.notification.no-leader.timeout = 120s (custom)
2019-09-26 15:38:58,300 [pool-123-thread-1] INFO  server.RaftServerConfigKeys (ConfUtils.java:logGet(43)) - raft.server.log.use.memory = false (default)
2019-09-26 15:38:58,300 [pool-123-thread-1] INFO  server.RaftServerConfigKeys (ConfUtils.java:logGet(43)) - raft.server.log.purge.gap = 1000000 (custom)
2019-09-26 15:38:58,300 [pool-123-thread-1] INFO  server.RaftServerConfigKeys (ConfUtils.java:logGet(43)) - raft.server.log.appender.buffer.byte-limit = 33554432 (custom)
2019-09-26 15:38:58,300 [pool-123-thread-1] INFO  server.RaftServerConfigKeys (ConfUtils.java:logGet(43)) - raft.server.log.segment.size.max = 1048576 (custom)
2019-09-26 15:38:58,301 [pool-123-thread-1] INFO  server.RaftServerConfigKeys (ConfUtils.java:logGet(43)) - raft.server.log.segment.cache.num.max = 2 (custom)
2019-09-26 15:38:58,301 [pool-123-thread-1] INFO  segmented.SegmentedRaftLogWorker (SegmentedRaftLogWorker.java:<init>(172)) - new bcb704dc-2543-42a4-8762-cde039a55a99@group-E156FE0624FA-SegmentedRaftLogWorker for RaftStorage:Storage Directory /workdir/hadoop-ozone/integration-test/target/test-dir/MiniOzoneClusterImpl-87962e32-e39f-4c57-b747-30c883c1cc54/datanode-0/data/ratis/36bec827-44d1-4608-be9b-e156fe0624fa
2019-09-26 15:38:58,301 [pool-123-thread-1] INFO  server.RaftServerConfigKeys (ConfUtils.java:logGet(43)) - raft.server.log.queue.byte-limit = 2147483647 (custom)
2019-09-26 15:38:58,301 [pool-123-thread-1] INFO  server.RaftServerConfigKeys (ConfUtils.java:logGet(43)) - raft.server.log.queue.element-limit = 1024 (custom)
2019-09-26 15:38:58,301 [pool-123-thread-1] INFO  server.RaftServerConfigKeys (ConfUtils.java:logGet(43)) - raft.server.log.segment.size.max = 1048576 (custom)
2019-09-26 15:38:58,301 [pool-123-thread-1] INFO  server.RaftServerConfigKeys (ConfUtils.java:logGet(43)) - raft.server.log.preallocated.size = 16384 (custom)
2019-09-26 15:38:58,301 [pool-123-thread-1] INFO  server.RaftServerConfigKeys (ConfUtils.java:logGet(43)) - raft.server.log.write.buffer.size = 33554432 (custom)
2019-09-26 15:38:58,301 [pool-123-thread-1] INFO  server.RaftServerConfigKeys (ConfUtils.java:logGet(43)) - raft.server.log.force.sync.num = 128 (default)
2019-09-26 15:38:58,302 [pool-123-thread-1] INFO  server.RaftServerConfigKeys (ConfUtils.java:logGet(43)) - raft.server.log.statemachine.data.sync = true (default)
2019-09-26 15:38:58,302 [pool-123-thread-1] INFO  server.RaftServerConfigKeys (ConfUtils.java:logGet(43)) - raft.server.log.statemachine.data.sync.timeout = 10s (default)
2019-09-26 15:38:58,302 [pool-123-thread-1] INFO  server.RaftServerConfigKeys (ConfUtils.java:logGet(43)) - raft.server.log.statemachine.data.sync.timeout.retry = -1 (default)
2019-09-26 15:38:58,302 [pool-123-thread-1] INFO  server.RaftServerConfigKeys (ConfUtils.java:logGet(43)) - raft.server.log.statemachine.data.caching.enabled = true (custom)
2019-09-26 15:38:58,302 [pool-123-thread-1] INFO  segmented.SegmentedRaftLogWorker (SegmentedRaftLogWorker.java:lambda$new$0(132)) - bcb704dc-2543-42a4-8762-cde039a55a99@group-E156FE0624FA-SegmentedRaftLogWorker: flushIndex: setUnconditionally 0 -> -1
2019-09-26 15:38:58,303 [pool-123-thread-1] INFO  server.RaftServerConfigKeys (ConfUtils.java:logGet(43)) - raft.server.snapshot.auto.trigger.enabled = true (custom)
2019-09-26 15:38:58,303 [pool-123-thread-1] INFO  server.RaftServerConfigKeys (ConfUtils.java:logGet(43)) - raft.server.snapshot.auto.trigger.threshold = 10000 (custom)
2019-09-26 15:38:58,303 [pool-123-thread-1] INFO  server.RaftServerConfigKeys (ConfUtils.java:logGet(43)) - raft.server.snapshot.retention.num.files = 5 (custom)
2019-09-26 15:38:58,303 [pool-123-thread-1] INFO  server.RaftServerConfigKeys (ConfUtils.java:logGet(43)) - raft.server.retrycache.expirytime = 600000ms (custom)
2019-09-26 15:38:58,305 [pool-123-thread-1] INFO  impl.RaftServerImpl (RaftServerImpl.java:start(185)) - bcb704dc-2543-42a4-8762-cde039a55a99@group-E156FE0624FA: start as a follower, conf=-1: [bcb704dc-2543-42a4-8762-cde039a55a99:192.168.151.99:43663], old=null
2019-09-26 15:38:58,305 [pool-123-thread-1] INFO  impl.RaftServerImpl (RaftServerImpl.java:setRole(174)) - bcb704dc-2543-42a4-8762-cde039a55a99@group-E156FE0624FA: changes role from      null to FOLLOWER at term 0 for startAsFollower
2019-09-26 15:38:58,305 [pool-123-thread-1] INFO  impl.RoleInfo (RoleInfo.java:updateAndGet(143)) - bcb704dc-2543-42a4-8762-cde039a55a99: start FollowerState
2019-09-26 15:38:58,305 [pool-123-thread-1] INFO  util.JmxRegister (JmxRegister.java:tryRegister(44)) - Successfully registered JMX Bean with object name Ratis:service=RaftServer,group=group-E156FE0624FA,id=bcb704dc-2543-42a4-8762-cde039a55a99
2019-09-26 15:38:58,307 [RatisPipelineUtilsThread] INFO  pipeline.PipelineStateManager (PipelineStateManager.java:addPipeline(56)) - Created pipeline Pipeline[ Id: 36bec827-44d1-4608-be9b-e156fe0624fa, Nodes: bcb704dc-2543-42a4-8762-cde039a55a99{ip: 192.168.151.99, host: pr-hdds-1569-g6sp5-2013761785, networkLocation: /default-rack, certSerialId: null}, Type:RATIS, Factor:ONE, State:OPEN]
2019-09-26 15:38:58,311 [grpc-default-executor-0] INFO  impl.RaftServerProxy (RaftServerProxy.java:addNew(89)) - bcb704dc-2543-42a4-8762-cde039a55a99: addNew group-FB26FC18925F:[bcb704dc-2543-42a4-8762-cde039a55a99:192.168.151.99:43663] returns group-FB26FC18925F:java.util.concurrent.CompletableFuture@5205fb84[Not completed]
2019-09-26 15:38:58,311 [pool-123-thread-1] INFO  impl.RaftServerImpl (RaftServerImpl.java:<init>(95)) - bcb704dc-2543-42a4-8762-cde039a55a99: new RaftServerImpl for group-FB26FC18925F:[bcb704dc-2543-42a4-8762-cde039a55a99:192.168.151.99:43663] with ContainerStateMachine:uninitialized
2019-09-26 15:38:58,312 [pool-123-thread-1] INFO  server.RaftServerConfigKeys (ConfUtils.java:logGet(43)) - raft.server.rpc.timeout.min = 5s (custom)
2019-09-26 15:38:58,312 [pool-123-thread-1] INFO  server.RaftServerConfigKeys (ConfUtils.java:logGet(43)) - raft.server.rpc.timeout.max = 5200ms (custom)
2019-09-26 15:38:58,312 [pool-123-thread-1] INFO  server.RaftServerConfigKeys (ConfUtils.java:logGet(43)) - raft.server.rpcslowness.timeout = 120s (custom)
2019-09-26 15:38:58,312 [pool-123-thread-1] INFO  server.RaftServerConfigKeys (ConfUtils.java:logGet(43)) - raft.server.sleep.deviation.threshold = 300 (default)
2019-09-26 15:38:58,312 [pool-123-thread-1] INFO  server.RaftServerConfigKeys (ConfUtils.java:logGet(43)) - raft.server.log.appender.install.snapshot.enabled = false (custom)
2019-09-26 15:38:58,312 [pool-123-thread-1] INFO  impl.RaftServerImpl (ServerState.java:<init>(103)) - bcb704dc-2543-42a4-8762-cde039a55a99@group-FB26FC18925F: ConfigurationManager, init=-1: [bcb704dc-2543-42a4-8762-cde039a55a99:192.168.151.99:43663], old=null, confs=<EMPTY_MAP>
2019-09-26 15:38:58,312 [pool-123-thread-1] INFO  server.RaftServerConfigKeys (ConfUtils.java:logGet(43)) - raft.server.storage.dir = [/workdir/hadoop-ozone/integration-test/target/test-dir/MiniOzoneClusterImpl-87962e32-e39f-4c57-b747-30c883c1cc54/datanode-0/data/ratis] (custom)
2019-09-26 15:38:58,313 [pool-123-thread-1] INFO  storage.RaftStorageDirectory (RaftStorageDirectory.java:analyzeStorage(246)) - The storage directory /workdir/hadoop-ozone/integration-test/target/test-dir/MiniOzoneClusterImpl-87962e32-e39f-4c57-b747-30c883c1cc54/datanode-0/data/ratis/fcfed85d-33d4-47c6-9cb3-fb26fc18925f does not exist. Creating ...
2019-09-26 15:38:58,325 [pool-123-thread-1] INFO  storage.RaftStorageDirectory (RaftStorageDirectory.java:tryLock(328)) - Lock on /workdir/hadoop-ozone/integration-test/target/test-dir/MiniOzoneClusterImpl-87962e32-e39f-4c57-b747-30c883c1cc54/datanode-0/data/ratis/fcfed85d-33d4-47c6-9cb3-fb26fc18925f/in_use.lock acquired by nodename 10626@pr-hdds-1569-g6sp5-2013761785
2019-09-26 15:38:58,339 [pool-123-thread-1] INFO  storage.RaftStorage (RaftStorage.java:format(72)) - Storage directory /workdir/hadoop-ozone/integration-test/target/test-dir/MiniOzoneClusterImpl-87962e32-e39f-4c57-b747-30c883c1cc54/datanode-0/data/ratis/fcfed85d-33d4-47c6-9cb3-fb26fc18925f has been successfully formatted.
2019-09-26 15:38:58,339 [pool-123-thread-1] INFO  ratis.ContainerStateMachine (ContainerStateMachine.java:loadSnapshot(230)) - group-FB26FC18925F: The snapshot info is null. Setting the last applied indexto:(t:0, i:~)
2019-09-26 15:38:58,339 [pool-123-thread-1] INFO  server.RaftServerConfigKeys (ConfUtils.java:logGet(43)) - raft.server.notification.no-leader.timeout = 120s (custom)
2019-09-26 15:38:58,339 [pool-123-thread-1] INFO  server.RaftServerConfigKeys (ConfUtils.java:logGet(43)) - raft.server.log.use.memory = false (default)
2019-09-26 15:38:58,339 [pool-123-thread-1] INFO  server.RaftServerConfigKeys (ConfUtils.java:logGet(43)) - raft.server.log.purge.gap = 1000000 (custom)
2019-09-26 15:38:58,339 [pool-123-thread-1] INFO  server.RaftServerConfigKeys (ConfUtils.java:logGet(43)) - raft.server.log.appender.buffer.byte-limit = 33554432 (custom)
2019-09-26 15:38:58,340 [pool-123-thread-1] INFO  server.RaftServerConfigKeys (ConfUtils.java:logGet(43)) - raft.server.log.segment.size.max = 1048576 (custom)
2019-09-26 15:38:58,340 [pool-123-thread-1] INFO  server.RaftServerConfigKeys (ConfUtils.java:logGet(43)) - raft.server.log.segment.cache.num.max = 2 (custom)
2019-09-26 15:38:58,340 [pool-123-thread-1] INFO  segmented.SegmentedRaftLogWorker (SegmentedRaftLogWorker.java:<init>(172)) - new bcb704dc-2543-42a4-8762-cde039a55a99@group-FB26FC18925F-SegmentedRaftLogWorker for RaftStorage:Storage Directory /workdir/hadoop-ozone/integration-test/target/test-dir/MiniOzoneClusterImpl-87962e32-e39f-4c57-b747-30c883c1cc54/datanode-0/data/ratis/fcfed85d-33d4-47c6-9cb3-fb26fc18925f
2019-09-26 15:38:58,340 [pool-123-thread-1] INFO  server.RaftServerConfigKeys (ConfUtils.java:logGet(43)) - raft.server.log.queue.byte-limit = 2147483647 (custom)
2019-09-26 15:38:58,340 [pool-123-thread-1] INFO  server.RaftServerConfigKeys (ConfUtils.java:logGet(43)) - raft.server.log.queue.element-limit = 1024 (custom)
2019-09-26 15:38:58,340 [pool-123-thread-1] INFO  server.RaftServerConfigKeys (ConfUtils.java:logGet(43)) - raft.server.log.segment.size.max = 1048576 (custom)
2019-09-26 15:38:58,340 [pool-123-thread-1] INFO  server.RaftServerConfigKeys (ConfUtils.java:logGet(43)) - raft.server.log.preallocated.size = 16384 (custom)
2019-09-26 15:38:58,341 [pool-123-thread-1] INFO  server.RaftServerConfigKeys (ConfUtils.java:logGet(43)) - raft.server.log.write.buffer.size = 33554432 (custom)
2019-09-26 15:38:58,341 [pool-123-thread-1] INFO  server.RaftServerConfigKeys (ConfUtils.java:logGet(43)) - raft.server.log.force.sync.num = 128 (default)
2019-09-26 15:38:58,341 [pool-123-thread-1] INFO  server.RaftServerConfigKeys (ConfUtils.java:logGet(43)) - raft.server.log.statemachine.data.sync = true (default)
2019-09-26 15:38:58,341 [pool-123-thread-1] INFO  server.RaftServerConfigKeys (ConfUtils.java:logGet(43)) - raft.server.log.statemachine.data.sync.timeout = 10s (default)
2019-09-26 15:38:58,341 [pool-123-thread-1] INFO  server.RaftServerConfigKeys (ConfUtils.java:logGet(43)) - raft.server.log.statemachine.data.sync.timeout.retry = -1 (default)
2019-09-26 15:38:58,341 [pool-123-thread-1] INFO  server.RaftServerConfigKeys (ConfUtils.java:logGet(43)) - raft.server.log.statemachine.data.caching.enabled = true (custom)
2019-09-26 15:38:58,341 [pool-123-thread-1] INFO  segmented.SegmentedRaftLogWorker (SegmentedRaftLogWorker.java:lambda$new$0(132)) - bcb704dc-2543-42a4-8762-cde039a55a99@group-FB26FC18925F-SegmentedRaftLogWorker: flushIndex: setUnconditionally 0 -> -1
2019-09-26 15:38:58,342 [pool-123-thread-1] INFO  server.RaftServerConfigKeys (ConfUtils.java:logGet(43)) - raft.server.snapshot.auto.trigger.enabled = true (custom)
2019-09-26 15:38:58,342 [pool-123-thread-1] INFO  server.RaftServerConfigKeys (ConfUtils.java:logGet(43)) - raft.server.snapshot.auto.trigger.threshold = 10000 (custom)
2019-09-26 15:38:58,342 [pool-123-thread-1] INFO  server.RaftServerConfigKeys (ConfUtils.java:logGet(43)) - raft.server.snapshot.retention.num.files = 5 (custom)
2019-09-26 15:38:58,342 [pool-123-thread-1] INFO  server.RaftServerConfigKeys (ConfUtils.java:logGet(43)) - raft.server.retrycache.expirytime = 600000ms (custom)
2019-09-26 15:38:58,344 [pool-123-thread-1] INFO  impl.RaftServerImpl (RaftServerImpl.java:start(185)) - bcb704dc-2543-42a4-8762-cde039a55a99@group-FB26FC18925F: start as a follower, conf=-1: [bcb704dc-2543-42a4-8762-cde039a55a99:192.168.151.99:43663], old=null
2019-09-26 15:38:58,344 [pool-123-thread-1] INFO  impl.RaftServerImpl (RaftServerImpl.java:setRole(174)) - bcb704dc-2543-42a4-8762-cde039a55a99@group-FB26FC18925F: changes role from      null to FOLLOWER at term 0 for startAsFollower
2019-09-26 15:38:58,344 [pool-123-thread-1] INFO  impl.RoleInfo (RoleInfo.java:updateAndGet(143)) - bcb704dc-2543-42a4-8762-cde039a55a99: start FollowerState
2019-09-26 15:38:58,344 [pool-123-thread-1] INFO  util.JmxRegister (JmxRegister.java:tryRegister(44)) - Successfully registered JMX Bean with object name Ratis:service=RaftServer,group=group-FB26FC18925F,id=bcb704dc-2543-42a4-8762-cde039a55a99
2019-09-26 15:38:58,346 [RatisPipelineUtilsThread] INFO  pipeline.PipelineStateManager (PipelineStateManager.java:addPipeline(56)) - Created pipeline Pipeline[ Id: fcfed85d-33d4-47c6-9cb3-fb26fc18925f, Nodes: bcb704dc-2543-42a4-8762-cde039a55a99{ip: 192.168.151.99, host: pr-hdds-1569-g6sp5-2013761785, networkLocation: /default-rack, certSerialId: null}, Type:RATIS, Factor:ONE, State:OPEN]
2019-09-26 15:38:58,350 [grpc-default-executor-0] INFO  impl.RaftServerProxy (RaftServerProxy.java:addNew(89)) - bcb704dc-2543-42a4-8762-cde039a55a99: addNew group-23B603725A20:[bcb704dc-2543-42a4-8762-cde039a55a99:192.168.151.99:43663] returns group-23B603725A20:java.util.concurrent.CompletableFuture@245807c0[Not completed]
2019-09-26 15:38:58,350 [pool-123-thread-1] INFO  impl.RaftServerImpl (RaftServerImpl.java:<init>(95)) - bcb704dc-2543-42a4-8762-cde039a55a99: new RaftServerImpl for group-23B603725A20:[bcb704dc-2543-42a4-8762-cde039a55a99:192.168.151.99:43663] with ContainerStateMachine:uninitialized
2019-09-26 15:38:58,351 [pool-123-thread-1] INFO  server.RaftServerConfigKeys (ConfUtils.java:logGet(43)) - raft.server.rpc.timeout.min = 5s (custom)
2019-09-26 15:38:58,351 [pool-123-thread-1] INFO  server.RaftServerConfigKeys (ConfUtils.java:logGet(43)) - raft.server.rpc.timeout.max = 5200ms (custom)
2019-09-26 15:38:58,351 [pool-123-thread-1] INFO  server.RaftServerConfigKeys (ConfUtils.java:logGet(43)) - raft.server.rpcslowness.timeout = 120s (custom)
2019-09-26 15:38:58,351 [pool-123-thread-1] INFO  server.RaftServerConfigKeys (ConfUtils.java:logGet(43)) - raft.server.sleep.deviation.threshold = 300 (default)
2019-09-26 15:38:58,351 [pool-123-thread-1] INFO  server.RaftServerConfigKeys (ConfUtils.java:logGet(43)) - raft.server.log.appender.install.snapshot.enabled = false (custom)
2019-09-26 15:38:58,351 [pool-123-thread-1] INFO  impl.RaftServerImpl (ServerState.java:<init>(103)) - bcb704dc-2543-42a4-8762-cde039a55a99@group-23B603725A20: ConfigurationManager, init=-1: [bcb704dc-2543-42a4-8762-cde039a55a99:192.168.151.99:43663], old=null, confs=<EMPTY_MAP>
2019-09-26 15:38:58,351 [pool-123-thread-1] INFO  server.RaftServerConfigKeys (ConfUtils.java:logGet(43)) - raft.server.storage.dir = [/workdir/hadoop-ozone/integration-test/target/test-dir/MiniOzoneClusterImpl-87962e32-e39f-4c57-b747-30c883c1cc54/datanode-0/data/ratis] (custom)
2019-09-26 15:38:58,352 [pool-123-thread-1] INFO  storage.RaftStorageDirectory (RaftStorageDirectory.java:analyzeStorage(246)) - The storage directory /workdir/hadoop-ozone/integration-test/target/test-dir/MiniOzoneClusterImpl-87962e32-e39f-4c57-b747-30c883c1cc54/datanode-0/data/ratis/bf9d976a-dadc-4c8f-94b5-23b603725a20 does not exist. Creating ...
2019-09-26 15:38:58,365 [pool-123-thread-1] INFO  storage.RaftStorageDirectory (RaftStorageDirectory.java:tryLock(328)) - Lock on /workdir/hadoop-ozone/integration-test/target/test-dir/MiniOzoneClusterImpl-87962e32-e39f-4c57-b747-30c883c1cc54/datanode-0/data/ratis/bf9d976a-dadc-4c8f-94b5-23b603725a20/in_use.lock acquired by nodename 10626@pr-hdds-1569-g6sp5-2013761785
2019-09-26 15:38:58,378 [pool-123-thread-1] INFO  storage.RaftStorage (RaftStorage.java:format(72)) - Storage directory /workdir/hadoop-ozone/integration-test/target/test-dir/MiniOzoneClusterImpl-87962e32-e39f-4c57-b747-30c883c1cc54/datanode-0/data/ratis/bf9d976a-dadc-4c8f-94b5-23b603725a20 has been successfully formatted.
2019-09-26 15:38:58,378 [pool-123-thread-1] INFO  ratis.ContainerStateMachine (ContainerStateMachine.java:loadSnapshot(230)) - group-23B603725A20: The snapshot info is null. Setting the last applied indexto:(t:0, i:~)
2019-09-26 15:38:58,378 [pool-123-thread-1] INFO  server.RaftServerConfigKeys (ConfUtils.java:logGet(43)) - raft.server.notification.no-leader.timeout = 120s (custom)
2019-09-26 15:38:58,378 [pool-123-thread-1] INFO  server.RaftServerConfigKeys (ConfUtils.java:logGet(43)) - raft.server.log.use.memory = false (default)
2019-09-26 15:38:58,378 [pool-123-thread-1] INFO  server.RaftServerConfigKeys (ConfUtils.java:logGet(43)) - raft.server.log.purge.gap = 1000000 (custom)
2019-09-26 15:38:58,378 [pool-123-thread-1] INFO  server.RaftServerConfigKeys (ConfUtils.java:logGet(43)) - raft.server.log.appender.buffer.byte-limit = 33554432 (custom)
2019-09-26 15:38:58,379 [pool-123-thread-1] INFO  server.RaftServerConfigKeys (ConfUtils.java:logGet(43)) - raft.server.log.segment.size.max = 1048576 (custom)
2019-09-26 15:38:58,379 [pool-123-thread-1] INFO  server.RaftServerConfigKeys (ConfUtils.java:logGet(43)) - raft.server.log.segment.cache.num.max = 2 (custom)
2019-09-26 15:38:58,379 [pool-123-thread-1] INFO  segmented.SegmentedRaftLogWorker (SegmentedRaftLogWorker.java:<init>(172)) - new bcb704dc-2543-42a4-8762-cde039a55a99@group-23B603725A20-SegmentedRaftLogWorker for RaftStorage:Storage Directory /workdir/hadoop-ozone/integration-test/target/test-dir/MiniOzoneClusterImpl-87962e32-e39f-4c57-b747-30c883c1cc54/datanode-0/data/ratis/bf9d976a-dadc-4c8f-94b5-23b603725a20
2019-09-26 15:38:58,379 [pool-123-thread-1] INFO  server.RaftServerConfigKeys (ConfUtils.java:logGet(43)) - raft.server.log.queue.byte-limit = 2147483647 (custom)
2019-09-26 15:38:58,379 [pool-123-thread-1] INFO  server.RaftServerConfigKeys (ConfUtils.java:logGet(43)) - raft.server.log.queue.element-limit = 1024 (custom)
2019-09-26 15:38:58,379 [pool-123-thread-1] INFO  server.RaftServerConfigKeys (ConfUtils.java:logGet(43)) - raft.server.log.segment.size.max = 1048576 (custom)
2019-09-26 15:38:58,379 [pool-123-thread-1] INFO  server.RaftServerConfigKeys (ConfUtils.java:logGet(43)) - raft.server.log.preallocated.size = 16384 (custom)
2019-09-26 15:38:58,379 [pool-123-thread-1] INFO  server.RaftServerConfigKeys (ConfUtils.java:logGet(43)) - raft.server.log.write.buffer.size = 33554432 (custom)
2019-09-26 15:38:58,379 [pool-123-thread-1] INFO  server.RaftServerConfigKeys (ConfUtils.java:logGet(43)) - raft.server.log.force.sync.num = 128 (default)
2019-09-26 15:38:58,379 [pool-123-thread-1] INFO  server.RaftServerConfigKeys (ConfUtils.java:logGet(43)) - raft.server.log.statemachine.data.sync = true (default)
2019-09-26 15:38:58,379 [pool-123-thread-1] INFO  server.RaftServerConfigKeys (ConfUtils.java:logGet(43)) - raft.server.log.statemachine.data.sync.timeout = 10s (default)
2019-09-26 15:38:58,380 [pool-123-thread-1] INFO  server.RaftServerConfigKeys (ConfUtils.java:logGet(43)) - raft.server.log.statemachine.data.sync.timeout.retry = -1 (default)
2019-09-26 15:38:58,380 [pool-123-thread-1] INFO  server.RaftServerConfigKeys (ConfUtils.java:logGet(43)) - raft.server.log.statemachine.data.caching.enabled = true (custom)
2019-09-26 15:38:58,380 [pool-123-thread-1] INFO  segmented.SegmentedRaftLogWorker (SegmentedRaftLogWorker.java:lambda$new$0(132)) - bcb704dc-2543-42a4-8762-cde039a55a99@group-23B603725A20-SegmentedRaftLogWorker: flushIndex: setUnconditionally 0 -> -1
2019-09-26 15:38:58,380 [pool-123-thread-1] INFO  server.RaftServerConfigKeys (ConfUtils.java:logGet(43)) - raft.server.snapshot.auto.trigger.enabled = true (custom)
2019-09-26 15:38:58,380 [pool-123-thread-1] INFO  server.RaftServerConfigKeys (ConfUtils.java:logGet(43)) - raft.server.snapshot.auto.trigger.threshold = 10000 (custom)
2019-09-26 15:38:58,380 [pool-123-thread-1] INFO  server.RaftServerConfigKeys (ConfUtils.java:logGet(43)) - raft.server.snapshot.retention.num.files = 5 (custom)
2019-09-26 15:38:58,380 [pool-123-thread-1] INFO  server.RaftServerConfigKeys (ConfUtils.java:logGet(43)) - raft.server.retrycache.expirytime = 600000ms (custom)
2019-09-26 15:38:58,381 [pool-123-thread-1] INFO  impl.RaftServerImpl (RaftServerImpl.java:start(185)) - bcb704dc-2543-42a4-8762-cde039a55a99@group-23B603725A20: start as a follower, conf=-1: [bcb704dc-2543-42a4-8762-cde039a55a99:192.168.151.99:43663], old=null
2019-09-26 15:38:58,381 [pool-123-thread-1] INFO  impl.RaftServerImpl (RaftServerImpl.java:setRole(174)) - bcb704dc-2543-42a4-8762-cde039a55a99@group-23B603725A20: changes role from      null to FOLLOWER at term 0 for startAsFollower
2019-09-26 15:38:58,382 [pool-123-thread-1] INFO  impl.RoleInfo (RoleInfo.java:updateAndGet(143)) - bcb704dc-2543-42a4-8762-cde039a55a99: start FollowerState
2019-09-26 15:38:58,382 [pool-123-thread-1] INFO  util.JmxRegister (JmxRegister.java:tryRegister(44)) - Successfully registered JMX Bean with object name Ratis:service=RaftServer,group=group-23B603725A20,id=bcb704dc-2543-42a4-8762-cde039a55a99
2019-09-26 15:38:58,384 [RatisPipelineUtilsThread] INFO  pipeline.PipelineStateManager (PipelineStateManager.java:addPipeline(56)) - Created pipeline Pipeline[ Id: bf9d976a-dadc-4c8f-94b5-23b603725a20, Nodes: bcb704dc-2543-42a4-8762-cde039a55a99{ip: 192.168.151.99, host: pr-hdds-1569-g6sp5-2013761785, networkLocation: /default-rack, certSerialId: null}, Type:RATIS, Factor:ONE, State:OPEN]
2019-09-26 15:38:58,388 [grpc-default-executor-0] INFO  impl.RaftServerProxy (RaftServerProxy.java:addNew(89)) - bcb704dc-2543-42a4-8762-cde039a55a99: addNew group-E9033DA04B7D:[bcb704dc-2543-42a4-8762-cde039a55a99:192.168.151.99:43663] returns group-E9033DA04B7D:java.util.concurrent.CompletableFuture@59e7d16c[Not completed]
2019-09-26 15:38:58,388 [pool-123-thread-1] INFO  impl.RaftServerImpl (RaftServerImpl.java:<init>(95)) - bcb704dc-2543-42a4-8762-cde039a55a99: new RaftServerImpl for group-E9033DA04B7D:[bcb704dc-2543-42a4-8762-cde039a55a99:192.168.151.99:43663] with ContainerStateMachine:uninitialized
2019-09-26 15:38:58,388 [pool-123-thread-1] INFO  server.RaftServerConfigKeys (ConfUtils.java:logGet(43)) - raft.server.rpc.timeout.min = 5s (custom)
2019-09-26 15:38:58,388 [pool-123-thread-1] INFO  server.RaftServerConfigKeys (ConfUtils.java:logGet(43)) - raft.server.rpc.timeout.max = 5200ms (custom)
2019-09-26 15:38:58,388 [pool-123-thread-1] INFO  server.RaftServerConfigKeys (ConfUtils.java:logGet(43)) - raft.server.rpcslowness.timeout = 120s (custom)
2019-09-26 15:38:58,388 [pool-123-thread-1] INFO  server.RaftServerConfigKeys (ConfUtils.java:logGet(43)) - raft.server.sleep.deviation.threshold = 300 (default)
2019-09-26 15:38:58,388 [pool-123-thread-1] INFO  server.RaftServerConfigKeys (ConfUtils.java:logGet(43)) - raft.server.log.appender.install.snapshot.enabled = false (custom)
2019-09-26 15:38:58,389 [pool-123-thread-1] INFO  impl.RaftServerImpl (ServerState.java:<init>(103)) - bcb704dc-2543-42a4-8762-cde039a55a99@group-E9033DA04B7D: ConfigurationManager, init=-1: [bcb704dc-2543-42a4-8762-cde039a55a99:192.168.151.99:43663], old=null, confs=<EMPTY_MAP>
2019-09-26 15:38:58,389 [pool-123-thread-1] INFO  server.RaftServerConfigKeys (ConfUtils.java:logGet(43)) - raft.server.storage.dir = [/workdir/hadoop-ozone/integration-test/target/test-dir/MiniOzoneClusterImpl-87962e32-e39f-4c57-b747-30c883c1cc54/datanode-0/data/ratis] (custom)
2019-09-26 15:38:58,389 [pool-123-thread-1] INFO  storage.RaftStorageDirectory (RaftStorageDirectory.java:analyzeStorage(246)) - The storage directory /workdir/hadoop-ozone/integration-test/target/test-dir/MiniOzoneClusterImpl-87962e32-e39f-4c57-b747-30c883c1cc54/datanode-0/data/ratis/fd0a844d-0b83-47eb-a975-e9033da04b7d does not exist. Creating ...
2019-09-26 15:38:58,402 [pool-123-thread-1] INFO  storage.RaftStorageDirectory (RaftStorageDirectory.java:tryLock(328)) - Lock on /workdir/hadoop-ozone/integration-test/target/test-dir/MiniOzoneClusterImpl-87962e32-e39f-4c57-b747-30c883c1cc54/datanode-0/data/ratis/fd0a844d-0b83-47eb-a975-e9033da04b7d/in_use.lock acquired by nodename 10626@pr-hdds-1569-g6sp5-2013761785
2019-09-26 15:38:58,414 [pool-123-thread-1] INFO  storage.RaftStorage (RaftStorage.java:format(72)) - Storage directory /workdir/hadoop-ozone/integration-test/target/test-dir/MiniOzoneClusterImpl-87962e32-e39f-4c57-b747-30c883c1cc54/datanode-0/data/ratis/fd0a844d-0b83-47eb-a975-e9033da04b7d has been successfully formatted.
2019-09-26 15:38:58,415 [pool-123-thread-1] INFO  ratis.ContainerStateMachine (ContainerStateMachine.java:loadSnapshot(230)) - group-E9033DA04B7D: The snapshot info is null. Setting the last applied indexto:(t:0, i:~)
2019-09-26 15:38:58,415 [pool-123-thread-1] INFO  server.RaftServerConfigKeys (ConfUtils.java:logGet(43)) - raft.server.notification.no-leader.timeout = 120s (custom)
2019-09-26 15:38:58,415 [pool-123-thread-1] INFO  server.RaftServerConfigKeys (ConfUtils.java:logGet(43)) - raft.server.log.use.memory = false (default)
2019-09-26 15:38:58,415 [pool-123-thread-1] INFO  server.RaftServerConfigKeys (ConfUtils.java:logGet(43)) - raft.server.log.purge.gap = 1000000 (custom)
2019-09-26 15:38:58,415 [pool-123-thread-1] INFO  server.RaftServerConfigKeys (ConfUtils.java:logGet(43)) - raft.server.log.appender.buffer.byte-limit = 33554432 (custom)
2019-09-26 15:38:58,415 [pool-123-thread-1] INFO  server.RaftServerConfigKeys (ConfUtils.java:logGet(43)) - raft.server.log.segment.size.max = 1048576 (custom)
2019-09-26 15:38:58,415 [pool-123-thread-1] INFO  server.RaftServerConfigKeys (ConfUtils.java:logGet(43)) - raft.server.log.segment.cache.num.max = 2 (custom)
2019-09-26 15:38:58,415 [pool-123-thread-1] INFO  segmented.SegmentedRaftLogWorker (SegmentedRaftLogWorker.java:<init>(172)) - new bcb704dc-2543-42a4-8762-cde039a55a99@group-E9033DA04B7D-SegmentedRaftLogWorker for RaftStorage:Storage Directory /workdir/hadoop-ozone/integration-test/target/test-dir/MiniOzoneClusterImpl-87962e32-e39f-4c57-b747-30c883c1cc54/datanode-0/data/ratis/fd0a844d-0b83-47eb-a975-e9033da04b7d
2019-09-26 15:38:58,416 [pool-123-thread-1] INFO  server.RaftServerConfigKeys (ConfUtils.java:logGet(43)) - raft.server.log.queue.byte-limit = 2147483647 (custom)
2019-09-26 15:38:58,416 [pool-123-thread-1] INFO  server.RaftServerConfigKeys (ConfUtils.java:logGet(43)) - raft.server.log.queue.element-limit = 1024 (custom)
2019-09-26 15:38:58,416 [pool-123-thread-1] INFO  server.RaftServerConfigKeys (ConfUtils.java:logGet(43)) - raft.server.log.segment.size.max = 1048576 (custom)
2019-09-26 15:38:58,416 [pool-123-thread-1] INFO  server.RaftServerConfigKeys (ConfUtils.java:logGet(43)) - raft.server.log.preallocated.size = 16384 (custom)
2019-09-26 15:38:58,416 [pool-123-thread-1] INFO  server.RaftServerConfigKeys (ConfUtils.java:logGet(43)) - raft.server.log.write.buffer.size = 33554432 (custom)
2019-09-26 15:38:58,416 [pool-123-thread-1] INFO  server.RaftServerConfigKeys (ConfUtils.java:logGet(43)) - raft.server.log.force.sync.num = 128 (default)
2019-09-26 15:38:58,416 [pool-123-thread-1] INFO  server.RaftServerConfigKeys (ConfUtils.java:logGet(43)) - raft.server.log.statemachine.data.sync = true (default)
2019-09-26 15:38:58,416 [pool-123-thread-1] INFO  server.RaftServerConfigKeys (ConfUtils.java:logGet(43)) - raft.server.log.statemachine.data.sync.timeout = 10s (default)
2019-09-26 15:38:58,416 [pool-123-thread-1] INFO  server.RaftServerConfigKeys (ConfUtils.java:logGet(43)) - raft.server.log.statemachine.data.sync.timeout.retry = -1 (default)
2019-09-26 15:38:58,416 [pool-123-thread-1] INFO  server.RaftServerConfigKeys (ConfUtils.java:logGet(43)) - raft.server.log.statemachine.data.caching.enabled = true (custom)
2019-09-26 15:38:58,417 [pool-123-thread-1] INFO  segmented.SegmentedRaftLogWorker (SegmentedRaftLogWorker.java:lambda$new$0(132)) - bcb704dc-2543-42a4-8762-cde039a55a99@group-E9033DA04B7D-SegmentedRaftLogWorker: flushIndex: setUnconditionally 0 -> -1
2019-09-26 15:38:58,417 [pool-123-thread-1] INFO  server.RaftServerConfigKeys (ConfUtils.java:logGet(43)) - raft.server.snapshot.auto.trigger.enabled = true (custom)
2019-09-26 15:38:58,417 [pool-123-thread-1] INFO  server.RaftServerConfigKeys (ConfUtils.java:logGet(43)) - raft.server.snapshot.auto.trigger.threshold = 10000 (custom)
2019-09-26 15:38:58,417 [pool-123-thread-1] INFO  server.RaftServerConfigKeys (ConfUtils.java:logGet(43)) - raft.server.snapshot.retention.num.files = 5 (custom)
2019-09-26 15:38:58,417 [pool-123-thread-1] INFO  server.RaftServerConfigKeys (ConfUtils.java:logGet(43)) - raft.server.retrycache.expirytime = 600000ms (custom)
2019-09-26 15:38:58,418 [pool-123-thread-1] INFO  impl.RaftServerImpl (RaftServerImpl.java:start(185)) - bcb704dc-2543-42a4-8762-cde039a55a99@group-E9033DA04B7D: start as a follower, conf=-1: [bcb704dc-2543-42a4-8762-cde039a55a99:192.168.151.99:43663], old=null
2019-09-26 15:38:58,418 [pool-123-thread-1] INFO  impl.RaftServerImpl (RaftServerImpl.java:setRole(174)) - bcb704dc-2543-42a4-8762-cde039a55a99@group-E9033DA04B7D: changes role from      null to FOLLOWER at term 0 for startAsFollower
2019-09-26 15:38:58,419 [pool-123-thread-1] INFO  impl.RoleInfo (RoleInfo.java:updateAndGet(143)) - bcb704dc-2543-42a4-8762-cde039a55a99: start FollowerState
2019-09-26 15:38:58,419 [pool-123-thread-1] INFO  util.JmxRegister (JmxRegister.java:tryRegister(44)) - Successfully registered JMX Bean with object name Ratis:service=RaftServer,group=group-E9033DA04B7D,id=bcb704dc-2543-42a4-8762-cde039a55a99
2019-09-26 15:38:58,421 [RatisPipelineUtilsThread] INFO  pipeline.PipelineStateManager (PipelineStateManager.java:addPipeline(56)) - Created pipeline Pipeline[ Id: fd0a844d-0b83-47eb-a975-e9033da04b7d, Nodes: bcb704dc-2543-42a4-8762-cde039a55a99{ip: 192.168.151.99, host: pr-hdds-1569-g6sp5-2013761785, networkLocation: /default-rack, certSerialId: null}, Type:RATIS, Factor:ONE, State:OPEN]
2019-09-26 15:38:58,424 [grpc-default-executor-0] INFO  impl.RaftServerProxy (RaftServerProxy.java:addNew(89)) - bcb704dc-2543-42a4-8762-cde039a55a99: addNew group-05AF4C6C8552:[bcb704dc-2543-42a4-8762-cde039a55a99:192.168.151.99:43663] returns group-05AF4C6C8552:java.util.concurrent.CompletableFuture@1b3ae9fa[Not completed]
2019-09-26 15:38:58,425 [pool-123-thread-1] INFO  impl.RaftServerImpl (RaftServerImpl.java:<init>(95)) - bcb704dc-2543-42a4-8762-cde039a55a99: new RaftServerImpl for group-05AF4C6C8552:[bcb704dc-2543-42a4-8762-cde039a55a99:192.168.151.99:43663] with ContainerStateMachine:uninitialized
2019-09-26 15:38:58,425 [pool-123-thread-1] INFO  server.RaftServerConfigKeys (ConfUtils.java:logGet(43)) - raft.server.rpc.timeout.min = 5s (custom)
2019-09-26 15:38:58,425 [pool-123-thread-1] INFO  server.RaftServerConfigKeys (ConfUtils.java:logGet(43)) - raft.server.rpc.timeout.max = 5200ms (custom)
2019-09-26 15:38:58,425 [pool-123-thread-1] INFO  server.RaftServerConfigKeys (ConfUtils.java:logGet(43)) - raft.server.rpcslowness.timeout = 120s (custom)
2019-09-26 15:38:58,425 [pool-123-thread-1] INFO  server.RaftServerConfigKeys (ConfUtils.java:logGet(43)) - raft.server.sleep.deviation.threshold = 300 (default)
2019-09-26 15:38:58,425 [pool-123-thread-1] INFO  server.RaftServerConfigKeys (ConfUtils.java:logGet(43)) - raft.server.log.appender.install.snapshot.enabled = false (custom)
2019-09-26 15:38:58,425 [pool-123-thread-1] INFO  impl.RaftServerImpl (ServerState.java:<init>(103)) - bcb704dc-2543-42a4-8762-cde039a55a99@group-05AF4C6C8552: ConfigurationManager, init=-1: [bcb704dc-2543-42a4-8762-cde039a55a99:192.168.151.99:43663], old=null, confs=<EMPTY_MAP>
2019-09-26 15:38:58,425 [pool-123-thread-1] INFO  server.RaftServerConfigKeys (ConfUtils.java:logGet(43)) - raft.server.storage.dir = [/workdir/hadoop-ozone/integration-test/target/test-dir/MiniOzoneClusterImpl-87962e32-e39f-4c57-b747-30c883c1cc54/datanode-0/data/ratis] (custom)
2019-09-26 15:38:58,426 [pool-123-thread-1] INFO  storage.RaftStorageDirectory (RaftStorageDirectory.java:analyzeStorage(246)) - The storage directory /workdir/hadoop-ozone/integration-test/target/test-dir/MiniOzoneClusterImpl-87962e32-e39f-4c57-b747-30c883c1cc54/datanode-0/data/ratis/e375e30b-adc3-47b2-a7af-05af4c6c8552 does not exist. Creating ...
2019-09-26 15:38:58,429 [pool-123-thread-1] INFO  storage.RaftStorageDirectory (RaftStorageDirectory.java:tryLock(328)) - Lock on /workdir/hadoop-ozone/integration-test/target/test-dir/MiniOzoneClusterImpl-87962e32-e39f-4c57-b747-30c883c1cc54/datanode-0/data/ratis/e375e30b-adc3-47b2-a7af-05af4c6c8552/in_use.lock acquired by nodename 10626@pr-hdds-1569-g6sp5-2013761785
2019-09-26 15:38:58,433 [pool-123-thread-1] INFO  storage.RaftStorage (RaftStorage.java:format(72)) - Storage directory /workdir/hadoop-ozone/integration-test/target/test-dir/MiniOzoneClusterImpl-87962e32-e39f-4c57-b747-30c883c1cc54/datanode-0/data/ratis/e375e30b-adc3-47b2-a7af-05af4c6c8552 has been successfully formatted.
2019-09-26 15:38:58,433 [pool-123-thread-1] INFO  ratis.ContainerStateMachine (ContainerStateMachine.java:loadSnapshot(230)) - group-05AF4C6C8552: The snapshot info is null. Setting the last applied indexto:(t:0, i:~)
2019-09-26 15:38:58,433 [pool-123-thread-1] INFO  server.RaftServerConfigKeys (ConfUtils.java:logGet(43)) - raft.server.notification.no-leader.timeout = 120s (custom)
2019-09-26 15:38:58,433 [pool-123-thread-1] INFO  server.RaftServerConfigKeys (ConfUtils.java:logGet(43)) - raft.server.log.use.memory = false (default)
2019-09-26 15:38:58,433 [pool-123-thread-1] INFO  server.RaftServerConfigKeys (ConfUtils.java:logGet(43)) - raft.server.log.purge.gap = 1000000 (custom)
2019-09-26 15:38:58,434 [pool-123-thread-1] INFO  server.RaftServerConfigKeys (ConfUtils.java:logGet(43)) - raft.server.log.appender.buffer.byte-limit = 33554432 (custom)
2019-09-26 15:38:58,434 [pool-123-thread-1] INFO  server.RaftServerConfigKeys (ConfUtils.java:logGet(43)) - raft.server.log.segment.size.max = 1048576 (custom)
2019-09-26 15:38:58,434 [pool-123-thread-1] INFO  server.RaftServerConfigKeys (ConfUtils.java:logGet(43)) - raft.server.log.segment.cache.num.max = 2 (custom)
2019-09-26 15:38:58,434 [pool-123-thread-1] INFO  segmented.SegmentedRaftLogWorker (SegmentedRaftLogWorker.java:<init>(172)) - new bcb704dc-2543-42a4-8762-cde039a55a99@group-05AF4C6C8552-SegmentedRaftLogWorker for RaftStorage:Storage Directory /workdir/hadoop-ozone/integration-test/target/test-dir/MiniOzoneClusterImpl-87962e32-e39f-4c57-b747-30c883c1cc54/datanode-0/data/ratis/e375e30b-adc3-47b2-a7af-05af4c6c8552
2019-09-26 15:38:58,434 [pool-123-thread-1] INFO  server.RaftServerConfigKeys (ConfUtils.java:logGet(43)) - raft.server.log.queue.byte-limit = 2147483647 (custom)
2019-09-26 15:38:58,434 [pool-123-thread-1] INFO  server.RaftServerConfigKeys (ConfUtils.java:logGet(43)) - raft.server.log.queue.element-limit = 1024 (custom)
2019-09-26 15:38:58,434 [pool-123-thread-1] INFO  server.RaftServerConfigKeys (ConfUtils.java:logGet(43)) - raft.server.log.segment.size.max = 1048576 (custom)
2019-09-26 15:38:58,434 [pool-123-thread-1] INFO  server.RaftServerConfigKeys (ConfUtils.java:logGet(43)) - raft.server.log.preallocated.size = 16384 (custom)
2019-09-26 15:38:58,434 [pool-123-thread-1] INFO  server.RaftServerConfigKeys (ConfUtils.java:logGet(43)) - raft.server.log.write.buffer.size = 33554432 (custom)
2019-09-26 15:38:58,435 [pool-123-thread-1] INFO  server.RaftServerConfigKeys (ConfUtils.java:logGet(43)) - raft.server.log.force.sync.num = 128 (default)
2019-09-26 15:38:58,435 [pool-123-thread-1] INFO  server.RaftServerConfigKeys (ConfUtils.java:logGet(43)) - raft.server.log.statemachine.data.sync = true (default)
2019-09-26 15:38:58,435 [pool-123-thread-1] INFO  server.RaftServerConfigKeys (ConfUtils.java:logGet(43)) - raft.server.log.statemachine.data.sync.timeout = 10s (default)
2019-09-26 15:38:58,435 [pool-123-thread-1] INFO  server.RaftServerConfigKeys (ConfUtils.java:logGet(43)) - raft.server.log.statemachine.data.sync.timeout.retry = -1 (default)
2019-09-26 15:38:58,435 [pool-123-thread-1] INFO  server.RaftServerConfigKeys (ConfUtils.java:logGet(43)) - raft.server.log.statemachine.data.caching.enabled = true (custom)
2019-09-26 15:38:58,435 [pool-123-thread-1] INFO  segmented.SegmentedRaftLogWorker (SegmentedRaftLogWorker.java:lambda$new$0(132)) - bcb704dc-2543-42a4-8762-cde039a55a99@group-05AF4C6C8552-SegmentedRaftLogWorker: flushIndex: setUnconditionally 0 -> -1
2019-09-26 15:38:58,436 [pool-123-thread-1] INFO  server.RaftServerConfigKeys (ConfUtils.java:logGet(43)) - raft.server.snapshot.auto.trigger.enabled = true (custom)
2019-09-26 15:38:58,436 [pool-123-thread-1] INFO  server.RaftServerConfigKeys (ConfUtils.java:logGet(43)) - raft.server.snapshot.auto.trigger.threshold = 10000 (custom)
2019-09-26 15:38:58,436 [pool-123-thread-1] INFO  server.RaftServerConfigKeys (ConfUtils.java:logGet(43)) - raft.server.snapshot.retention.num.files = 5 (custom)
2019-09-26 15:38:58,436 [pool-123-thread-1] INFO  server.RaftServerConfigKeys (ConfUtils.java:logGet(43)) - raft.server.retrycache.expirytime = 600000ms (custom)
2019-09-26 15:38:58,437 [pool-123-thread-1] INFO  impl.RaftServerImpl (RaftServerImpl.java:start(185)) - bcb704dc-2543-42a4-8762-cde039a55a99@group-05AF4C6C8552: start as a follower, conf=-1: [bcb704dc-2543-42a4-8762-cde039a55a99:192.168.151.99:43663], old=null
2019-09-26 15:38:58,437 [pool-123-thread-1] INFO  impl.RaftServerImpl (RaftServerImpl.java:setRole(174)) - bcb704dc-2543-42a4-8762-cde039a55a99@group-05AF4C6C8552: changes role from      null to FOLLOWER at term 0 for startAsFollower
2019-09-26 15:38:58,437 [pool-123-thread-1] INFO  impl.RoleInfo (RoleInfo.java:updateAndGet(143)) - bcb704dc-2543-42a4-8762-cde039a55a99: start FollowerState
2019-09-26 15:38:58,438 [pool-123-thread-1] INFO  util.JmxRegister (JmxRegister.java:tryRegister(44)) - Successfully registered JMX Bean with object name Ratis:service=RaftServer,group=group-05AF4C6C8552,id=bcb704dc-2543-42a4-8762-cde039a55a99
2019-09-26 15:38:58,440 [RatisPipelineUtilsThread] INFO  pipeline.PipelineStateManager (PipelineStateManager.java:addPipeline(56)) - Created pipeline Pipeline[ Id: e375e30b-adc3-47b2-a7af-05af4c6c8552, Nodes: bcb704dc-2543-42a4-8762-cde039a55a99{ip: 192.168.151.99, host: pr-hdds-1569-g6sp5-2013761785, networkLocation: /default-rack, certSerialId: null}, Type:RATIS, Factor:ONE, State:OPEN]
2019-09-26 15:38:58,443 [grpc-default-executor-0] INFO  impl.RaftServerProxy (RaftServerProxy.java:addNew(89)) - bcb704dc-2543-42a4-8762-cde039a55a99: addNew group-8C4E846757B0:[bcb704dc-2543-42a4-8762-cde039a55a99:192.168.151.99:43663] returns group-8C4E846757B0:java.util.concurrent.CompletableFuture@46f5c24b[Not completed]
2019-09-26 15:38:58,444 [pool-123-thread-1] INFO  impl.RaftServerImpl (RaftServerImpl.java:<init>(95)) - bcb704dc-2543-42a4-8762-cde039a55a99: new RaftServerImpl for group-8C4E846757B0:[bcb704dc-2543-42a4-8762-cde039a55a99:192.168.151.99:43663] with ContainerStateMachine:uninitialized
2019-09-26 15:38:58,444 [pool-123-thread-1] INFO  server.RaftServerConfigKeys (ConfUtils.java:logGet(43)) - raft.server.rpc.timeout.min = 5s (custom)
2019-09-26 15:38:58,444 [pool-123-thread-1] INFO  server.RaftServerConfigKeys (ConfUtils.java:logGet(43)) - raft.server.rpc.timeout.max = 5200ms (custom)
2019-09-26 15:38:58,444 [pool-123-thread-1] INFO  server.RaftServerConfigKeys (ConfUtils.java:logGet(43)) - raft.server.rpcslowness.timeout = 120s (custom)
2019-09-26 15:38:58,444 [pool-123-thread-1] INFO  server.RaftServerConfigKeys (ConfUtils.java:logGet(43)) - raft.server.sleep.deviation.threshold = 300 (default)
2019-09-26 15:38:58,444 [pool-123-thread-1] INFO  server.RaftServerConfigKeys (ConfUtils.java:logGet(43)) - raft.server.log.appender.install.snapshot.enabled = false (custom)
2019-09-26 15:38:58,444 [pool-123-thread-1] INFO  impl.RaftServerImpl (ServerState.java:<init>(103)) - bcb704dc-2543-42a4-8762-cde039a55a99@group-8C4E846757B0: ConfigurationManager, init=-1: [bcb704dc-2543-42a4-8762-cde039a55a99:192.168.151.99:43663], old=null, confs=<EMPTY_MAP>
2019-09-26 15:38:58,444 [pool-123-thread-1] INFO  server.RaftServerConfigKeys (ConfUtils.java:logGet(43)) - raft.server.storage.dir = [/workdir/hadoop-ozone/integration-test/target/test-dir/MiniOzoneClusterImpl-87962e32-e39f-4c57-b747-30c883c1cc54/datanode-0/data/ratis] (custom)
2019-09-26 15:38:58,445 [pool-123-thread-1] INFO  storage.RaftStorageDirectory (RaftStorageDirectory.java:analyzeStorage(246)) - The storage directory /workdir/hadoop-ozone/integration-test/target/test-dir/MiniOzoneClusterImpl-87962e32-e39f-4c57-b747-30c883c1cc54/datanode-0/data/ratis/641eb6a6-8816-4cf2-b876-8c4e846757b0 does not exist. Creating ...
2019-09-26 15:38:58,448 [pool-123-thread-1] INFO  storage.RaftStorageDirectory (RaftStorageDirectory.java:tryLock(328)) - Lock on /workdir/hadoop-ozone/integration-test/target/test-dir/MiniOzoneClusterImpl-87962e32-e39f-4c57-b747-30c883c1cc54/datanode-0/data/ratis/641eb6a6-8816-4cf2-b876-8c4e846757b0/in_use.lock acquired by nodename 10626@pr-hdds-1569-g6sp5-2013761785
2019-09-26 15:38:58,467 [pool-123-thread-1] INFO  storage.RaftStorage (RaftStorage.java:format(72)) - Storage directory /workdir/hadoop-ozone/integration-test/target/test-dir/MiniOzoneClusterImpl-87962e32-e39f-4c57-b747-30c883c1cc54/datanode-0/data/ratis/641eb6a6-8816-4cf2-b876-8c4e846757b0 has been successfully formatted.
2019-09-26 15:38:58,468 [pool-123-thread-1] INFO  ratis.ContainerStateMachine (ContainerStateMachine.java:loadSnapshot(230)) - group-8C4E846757B0: The snapshot info is null. Setting the last applied indexto:(t:0, i:~)
2019-09-26 15:38:58,468 [pool-123-thread-1] INFO  server.RaftServerConfigKeys (ConfUtils.java:logGet(43)) - raft.server.notification.no-leader.timeout = 120s (custom)
2019-09-26 15:38:58,468 [pool-123-thread-1] INFO  server.RaftServerConfigKeys (ConfUtils.java:logGet(43)) - raft.server.log.use.memory = false (default)
2019-09-26 15:38:58,468 [pool-123-thread-1] INFO  server.RaftServerConfigKeys (ConfUtils.java:logGet(43)) - raft.server.log.purge.gap = 1000000 (custom)
2019-09-26 15:38:58,468 [pool-123-thread-1] INFO  server.RaftServerConfigKeys (ConfUtils.java:logGet(43)) - raft.server.log.appender.buffer.byte-limit = 33554432 (custom)
2019-09-26 15:38:58,468 [pool-123-thread-1] INFO  server.RaftServerConfigKeys (ConfUtils.java:logGet(43)) - raft.server.log.segment.size.max = 1048576 (custom)
2019-09-26 15:38:58,468 [pool-123-thread-1] INFO  server.RaftServerConfigKeys (ConfUtils.java:logGet(43)) - raft.server.log.segment.cache.num.max = 2 (custom)
2019-09-26 15:38:58,468 [pool-123-thread-1] INFO  segmented.SegmentedRaftLogWorker (SegmentedRaftLogWorker.java:<init>(172)) - new bcb704dc-2543-42a4-8762-cde039a55a99@group-8C4E846757B0-SegmentedRaftLogWorker for RaftStorage:Storage Directory /workdir/hadoop-ozone/integration-test/target/test-dir/MiniOzoneClusterImpl-87962e32-e39f-4c57-b747-30c883c1cc54/datanode-0/data/ratis/641eb6a6-8816-4cf2-b876-8c4e846757b0
2019-09-26 15:38:58,469 [pool-123-thread-1] INFO  server.RaftServerConfigKeys (ConfUtils.java:logGet(43)) - raft.server.log.queue.byte-limit = 2147483647 (custom)
2019-09-26 15:38:58,469 [pool-123-thread-1] INFO  server.RaftServerConfigKeys (ConfUtils.java:logGet(43)) - raft.server.log.queue.element-limit = 1024 (custom)
2019-09-26 15:38:58,469 [pool-123-thread-1] INFO  server.RaftServerConfigKeys (ConfUtils.java:logGet(43)) - raft.server.log.segment.size.max = 1048576 (custom)
2019-09-26 15:38:58,469 [pool-123-thread-1] INFO  server.RaftServerConfigKeys (ConfUtils.java:logGet(43)) - raft.server.log.preallocated.size = 16384 (custom)
2019-09-26 15:38:58,469 [pool-123-thread-1] INFO  server.RaftServerConfigKeys (ConfUtils.java:logGet(43)) - raft.server.log.write.buffer.size = 33554432 (custom)
2019-09-26 15:38:58,469 [pool-123-thread-1] INFO  server.RaftServerConfigKeys (ConfUtils.java:logGet(43)) - raft.server.log.force.sync.num = 128 (default)
2019-09-26 15:38:58,469 [pool-123-thread-1] INFO  server.RaftServerConfigKeys (ConfUtils.java:logGet(43)) - raft.server.log.statemachine.data.sync = true (default)
2019-09-26 15:38:58,469 [pool-123-thread-1] INFO  server.RaftServerConfigKeys (ConfUtils.java:logGet(43)) - raft.server.log.statemachine.data.sync.timeout = 10s (default)
2019-09-26 15:38:58,470 [pool-123-thread-1] INFO  server.RaftServerConfigKeys (ConfUtils.java:logGet(43)) - raft.server.log.statemachine.data.sync.timeout.retry = -1 (default)
2019-09-26 15:38:58,470 [pool-123-thread-1] INFO  server.RaftServerConfigKeys (ConfUtils.java:logGet(43)) - raft.server.log.statemachine.data.caching.enabled = true (custom)
2019-09-26 15:38:58,470 [pool-123-thread-1] INFO  segmented.SegmentedRaftLogWorker (SegmentedRaftLogWorker.java:lambda$new$0(132)) - bcb704dc-2543-42a4-8762-cde039a55a99@group-8C4E846757B0-SegmentedRaftLogWorker: flushIndex: setUnconditionally 0 -> -1
2019-09-26 15:38:58,470 [pool-123-thread-1] INFO  server.RaftServerConfigKeys (ConfUtils.java:logGet(43)) - raft.server.snapshot.auto.trigger.enabled = true (custom)
2019-09-26 15:38:58,470 [pool-123-thread-1] INFO  server.RaftServerConfigKeys (ConfUtils.java:logGet(43)) - raft.server.snapshot.auto.trigger.threshold = 10000 (custom)
2019-09-26 15:38:58,471 [pool-123-thread-1] INFO  server.RaftServerConfigKeys (ConfUtils.java:logGet(43)) - raft.server.snapshot.retention.num.files = 5 (custom)
2019-09-26 15:38:58,471 [pool-123-thread-1] INFO  server.RaftServerConfigKeys (ConfUtils.java:logGet(43)) - raft.server.retrycache.expirytime = 600000ms (custom)
2019-09-26 15:38:58,473 [pool-123-thread-1] INFO  impl.RaftServerImpl (RaftServerImpl.java:start(185)) - bcb704dc-2543-42a4-8762-cde039a55a99@group-8C4E846757B0: start as a follower, conf=-1: [bcb704dc-2543-42a4-8762-cde039a55a99:192.168.151.99:43663], old=null
2019-09-26 15:38:58,473 [pool-123-thread-1] INFO  impl.RaftServerImpl (RaftServerImpl.java:setRole(174)) - bcb704dc-2543-42a4-8762-cde039a55a99@group-8C4E846757B0: changes role from      null to FOLLOWER at term 0 for startAsFollower
2019-09-26 15:38:58,473 [pool-123-thread-1] INFO  impl.RoleInfo (RoleInfo.java:updateAndGet(143)) - bcb704dc-2543-42a4-8762-cde039a55a99: start FollowerState
2019-09-26 15:38:58,473 [pool-123-thread-1] INFO  util.JmxRegister (JmxRegister.java:tryRegister(44)) - Successfully registered JMX Bean with object name Ratis:service=RaftServer,group=group-8C4E846757B0,id=bcb704dc-2543-42a4-8762-cde039a55a99
2019-09-26 15:38:58,481 [RatisPipelineUtilsThread] INFO  pipeline.PipelineStateManager (PipelineStateManager.java:addPipeline(56)) - Created pipeline Pipeline[ Id: 641eb6a6-8816-4cf2-b876-8c4e846757b0, Nodes: bcb704dc-2543-42a4-8762-cde039a55a99{ip: 192.168.151.99, host: pr-hdds-1569-g6sp5-2013761785, networkLocation: /default-rack, certSerialId: null}, Type:RATIS, Factor:ONE, State:OPEN]
2019-09-26 15:38:58,485 [grpc-default-executor-0] INFO  impl.RaftServerProxy (RaftServerProxy.java:addNew(89)) - bcb704dc-2543-42a4-8762-cde039a55a99: addNew group-82088539EA4F:[bcb704dc-2543-42a4-8762-cde039a55a99:192.168.151.99:43663] returns group-82088539EA4F:java.util.concurrent.CompletableFuture@31714862[Not completed]
2019-09-26 15:38:58,486 [pool-123-thread-1] INFO  impl.RaftServerImpl (RaftServerImpl.java:<init>(95)) - bcb704dc-2543-42a4-8762-cde039a55a99: new RaftServerImpl for group-82088539EA4F:[bcb704dc-2543-42a4-8762-cde039a55a99:192.168.151.99:43663] with ContainerStateMachine:uninitialized
2019-09-26 15:38:58,486 [pool-123-thread-1] INFO  server.RaftServerConfigKeys (ConfUtils.java:logGet(43)) - raft.server.rpc.timeout.min = 5s (custom)
2019-09-26 15:38:58,486 [pool-123-thread-1] INFO  server.RaftServerConfigKeys (ConfUtils.java:logGet(43)) - raft.server.rpc.timeout.max = 5200ms (custom)
2019-09-26 15:38:58,486 [pool-123-thread-1] INFO  server.RaftServerConfigKeys (ConfUtils.java:logGet(43)) - raft.server.rpcslowness.timeout = 120s (custom)
2019-09-26 15:38:58,486 [pool-123-thread-1] INFO  server.RaftServerConfigKeys (ConfUtils.java:logGet(43)) - raft.server.sleep.deviation.threshold = 300 (default)
2019-09-26 15:38:58,486 [pool-123-thread-1] INFO  server.RaftServerConfigKeys (ConfUtils.java:logGet(43)) - raft.server.log.appender.install.snapshot.enabled = false (custom)
2019-09-26 15:38:58,486 [pool-123-thread-1] INFO  impl.RaftServerImpl (ServerState.java:<init>(103)) - bcb704dc-2543-42a4-8762-cde039a55a99@group-82088539EA4F: ConfigurationManager, init=-1: [bcb704dc-2543-42a4-8762-cde039a55a99:192.168.151.99:43663], old=null, confs=<EMPTY_MAP>
2019-09-26 15:38:58,486 [pool-123-thread-1] INFO  server.RaftServerConfigKeys (ConfUtils.java:logGet(43)) - raft.server.storage.dir = [/workdir/hadoop-ozone/integration-test/target/test-dir/MiniOzoneClusterImpl-87962e32-e39f-4c57-b747-30c883c1cc54/datanode-0/data/ratis] (custom)
2019-09-26 15:38:58,487 [pool-123-thread-1] INFO  storage.RaftStorageDirectory (RaftStorageDirectory.java:analyzeStorage(246)) - The storage directory /workdir/hadoop-ozone/integration-test/target/test-dir/MiniOzoneClusterImpl-87962e32-e39f-4c57-b747-30c883c1cc54/datanode-0/data/ratis/a9a387b9-4f6e-4244-b09f-82088539ea4f does not exist. Creating ...
2019-09-26 15:38:58,507 [pool-123-thread-1] INFO  storage.RaftStorageDirectory (RaftStorageDirectory.java:tryLock(328)) - Lock on /workdir/hadoop-ozone/integration-test/target/test-dir/MiniOzoneClusterImpl-87962e32-e39f-4c57-b747-30c883c1cc54/datanode-0/data/ratis/a9a387b9-4f6e-4244-b09f-82088539ea4f/in_use.lock acquired by nodename 10626@pr-hdds-1569-g6sp5-2013761785
2019-09-26 15:38:58,520 [pool-123-thread-1] INFO  storage.RaftStorage (RaftStorage.java:format(72)) - Storage directory /workdir/hadoop-ozone/integration-test/target/test-dir/MiniOzoneClusterImpl-87962e32-e39f-4c57-b747-30c883c1cc54/datanode-0/data/ratis/a9a387b9-4f6e-4244-b09f-82088539ea4f has been successfully formatted.
2019-09-26 15:38:58,520 [pool-123-thread-1] INFO  ratis.ContainerStateMachine (ContainerStateMachine.java:loadSnapshot(230)) - group-82088539EA4F: The snapshot info is null. Setting the last applied indexto:(t:0, i:~)
2019-09-26 15:38:58,520 [pool-123-thread-1] INFO  server.RaftServerConfigKeys (ConfUtils.java:logGet(43)) - raft.server.notification.no-leader.timeout = 120s (custom)
2019-09-26 15:38:58,520 [pool-123-thread-1] INFO  server.RaftServerConfigKeys (ConfUtils.java:logGet(43)) - raft.server.log.use.memory = false (default)
2019-09-26 15:38:58,521 [pool-123-thread-1] INFO  server.RaftServerConfigKeys (ConfUtils.java:logGet(43)) - raft.server.log.purge.gap = 1000000 (custom)
2019-09-26 15:38:58,521 [pool-123-thread-1] INFO  server.RaftServerConfigKeys (ConfUtils.java:logGet(43)) - raft.server.log.appender.buffer.byte-limit = 33554432 (custom)
2019-09-26 15:38:58,521 [pool-123-thread-1] INFO  server.RaftServerConfigKeys (ConfUtils.java:logGet(43)) - raft.server.log.segment.size.max = 1048576 (custom)
2019-09-26 15:38:58,521 [pool-123-thread-1] INFO  server.RaftServerConfigKeys (ConfUtils.java:logGet(43)) - raft.server.log.segment.cache.num.max = 2 (custom)
2019-09-26 15:38:58,521 [pool-123-thread-1] INFO  segmented.SegmentedRaftLogWorker (SegmentedRaftLogWorker.java:<init>(172)) - new bcb704dc-2543-42a4-8762-cde039a55a99@group-82088539EA4F-SegmentedRaftLogWorker for RaftStorage:Storage Directory /workdir/hadoop-ozone/integration-test/target/test-dir/MiniOzoneClusterImpl-87962e32-e39f-4c57-b747-30c883c1cc54/datanode-0/data/ratis/a9a387b9-4f6e-4244-b09f-82088539ea4f
2019-09-26 15:38:58,521 [pool-123-thread-1] INFO  server.RaftServerConfigKeys (ConfUtils.java:logGet(43)) - raft.server.log.queue.byte-limit = 2147483647 (custom)
2019-09-26 15:38:58,521 [pool-123-thread-1] INFO  server.RaftServerConfigKeys (ConfUtils.java:logGet(43)) - raft.server.log.queue.element-limit = 1024 (custom)
2019-09-26 15:38:58,521 [pool-123-thread-1] INFO  server.RaftServerConfigKeys (ConfUtils.java:logGet(43)) - raft.server.log.segment.size.max = 1048576 (custom)
2019-09-26 15:38:58,521 [pool-123-thread-1] INFO  server.RaftServerConfigKeys (ConfUtils.java:logGet(43)) - raft.server.log.preallocated.size = 16384 (custom)
2019-09-26 15:38:58,522 [pool-123-thread-1] INFO  server.RaftServerConfigKeys (ConfUtils.java:logGet(43)) - raft.server.log.write.buffer.size = 33554432 (custom)
2019-09-26 15:38:58,522 [pool-123-thread-1] INFO  server.RaftServerConfigKeys (ConfUtils.java:logGet(43)) - raft.server.log.force.sync.num = 128 (default)
2019-09-26 15:38:58,522 [pool-123-thread-1] INFO  server.RaftServerConfigKeys (ConfUtils.java:logGet(43)) - raft.server.log.statemachine.data.sync = true (default)
2019-09-26 15:38:58,522 [pool-123-thread-1] INFO  server.RaftServerConfigKeys (ConfUtils.java:logGet(43)) - raft.server.log.statemachine.data.sync.timeout = 10s (default)
2019-09-26 15:38:58,522 [pool-123-thread-1] INFO  server.RaftServerConfigKeys (ConfUtils.java:logGet(43)) - raft.server.log.statemachine.data.sync.timeout.retry = -1 (default)
2019-09-26 15:38:58,522 [pool-123-thread-1] INFO  server.RaftServerConfigKeys (ConfUtils.java:logGet(43)) - raft.server.log.statemachine.data.caching.enabled = true (custom)
2019-09-26 15:38:58,522 [pool-123-thread-1] INFO  segmented.SegmentedRaftLogWorker (SegmentedRaftLogWorker.java:lambda$new$0(132)) - bcb704dc-2543-42a4-8762-cde039a55a99@group-82088539EA4F-SegmentedRaftLogWorker: flushIndex: setUnconditionally 0 -> -1
2019-09-26 15:38:58,523 [pool-123-thread-1] INFO  server.RaftServerConfigKeys (ConfUtils.java:logGet(43)) - raft.server.snapshot.auto.trigger.enabled = true (custom)
2019-09-26 15:38:58,523 [pool-123-thread-1] INFO  server.RaftServerConfigKeys (ConfUtils.java:logGet(43)) - raft.server.snapshot.auto.trigger.threshold = 10000 (custom)
2019-09-26 15:38:58,523 [pool-123-thread-1] INFO  server.RaftServerConfigKeys (ConfUtils.java:logGet(43)) - raft.server.snapshot.retention.num.files = 5 (custom)
2019-09-26 15:38:58,523 [pool-123-thread-1] INFO  server.RaftServerConfigKeys (ConfUtils.java:logGet(43)) - raft.server.retrycache.expirytime = 600000ms (custom)
2019-09-26 15:38:58,524 [pool-123-thread-1] INFO  impl.RaftServerImpl (RaftServerImpl.java:start(185)) - bcb704dc-2543-42a4-8762-cde039a55a99@group-82088539EA4F: start as a follower, conf=-1: [bcb704dc-2543-42a4-8762-cde039a55a99:192.168.151.99:43663], old=null
2019-09-26 15:38:58,525 [pool-123-thread-1] INFO  impl.RaftServerImpl (RaftServerImpl.java:setRole(174)) - bcb704dc-2543-42a4-8762-cde039a55a99@group-82088539EA4F: changes role from      null to FOLLOWER at term 0 for startAsFollower
2019-09-26 15:38:58,525 [pool-123-thread-1] INFO  impl.RoleInfo (RoleInfo.java:updateAndGet(143)) - bcb704dc-2543-42a4-8762-cde039a55a99: start FollowerState
2019-09-26 15:38:58,525 [pool-123-thread-1] INFO  util.JmxRegister (JmxRegister.java:tryRegister(44)) - Successfully registered JMX Bean with object name Ratis:service=RaftServer,group=group-82088539EA4F,id=bcb704dc-2543-42a4-8762-cde039a55a99
2019-09-26 15:38:58,527 [RatisPipelineUtilsThread] INFO  pipeline.PipelineStateManager (PipelineStateManager.java:addPipeline(56)) - Created pipeline Pipeline[ Id: a9a387b9-4f6e-4244-b09f-82088539ea4f, Nodes: bcb704dc-2543-42a4-8762-cde039a55a99{ip: 192.168.151.99, host: pr-hdds-1569-g6sp5-2013761785, networkLocation: /default-rack, certSerialId: null}, Type:RATIS, Factor:ONE, State:OPEN]
2019-09-26 15:38:58,530 [grpc-default-executor-0] INFO  impl.RaftServerProxy (RaftServerProxy.java:addNew(89)) - bcb704dc-2543-42a4-8762-cde039a55a99: addNew group-4E34C6955B17:[bcb704dc-2543-42a4-8762-cde039a55a99:192.168.151.99:43663] returns group-4E34C6955B17:java.util.concurrent.CompletableFuture@80cdfe7[Not completed]
2019-09-26 15:38:58,531 [pool-123-thread-1] INFO  impl.RaftServerImpl (RaftServerImpl.java:<init>(95)) - bcb704dc-2543-42a4-8762-cde039a55a99: new RaftServerImpl for group-4E34C6955B17:[bcb704dc-2543-42a4-8762-cde039a55a99:192.168.151.99:43663] with ContainerStateMachine:uninitialized
2019-09-26 15:38:58,531 [pool-123-thread-1] INFO  server.RaftServerConfigKeys (ConfUtils.java:logGet(43)) - raft.server.rpc.timeout.min = 5s (custom)
2019-09-26 15:38:58,531 [pool-123-thread-1] INFO  server.RaftServerConfigKeys (ConfUtils.java:logGet(43)) - raft.server.rpc.timeout.max = 5200ms (custom)
2019-09-26 15:38:58,531 [pool-123-thread-1] INFO  server.RaftServerConfigKeys (ConfUtils.java:logGet(43)) - raft.server.rpcslowness.timeout = 120s (custom)
2019-09-26 15:38:58,531 [pool-123-thread-1] INFO  server.RaftServerConfigKeys (ConfUtils.java:logGet(43)) - raft.server.sleep.deviation.threshold = 300 (default)
2019-09-26 15:38:58,531 [pool-123-thread-1] INFO  server.RaftServerConfigKeys (ConfUtils.java:logGet(43)) - raft.server.log.appender.install.snapshot.enabled = false (custom)
2019-09-26 15:38:58,532 [pool-123-thread-1] INFO  impl.RaftServerImpl (ServerState.java:<init>(103)) - bcb704dc-2543-42a4-8762-cde039a55a99@group-4E34C6955B17: ConfigurationManager, init=-1: [bcb704dc-2543-42a4-8762-cde039a55a99:192.168.151.99:43663], old=null, confs=<EMPTY_MAP>
2019-09-26 15:38:58,532 [pool-123-thread-1] INFO  server.RaftServerConfigKeys (ConfUtils.java:logGet(43)) - raft.server.storage.dir = [/workdir/hadoop-ozone/integration-test/target/test-dir/MiniOzoneClusterImpl-87962e32-e39f-4c57-b747-30c883c1cc54/datanode-0/data/ratis] (custom)
2019-09-26 15:38:58,532 [pool-123-thread-1] INFO  storage.RaftStorageDirectory (RaftStorageDirectory.java:analyzeStorage(246)) - The storage directory /workdir/hadoop-ozone/integration-test/target/test-dir/MiniOzoneClusterImpl-87962e32-e39f-4c57-b747-30c883c1cc54/datanode-0/data/ratis/b16fc798-acdf-49aa-9bea-4e34c6955b17 does not exist. Creating ...
2019-09-26 15:38:58,545 [pool-123-thread-1] INFO  storage.RaftStorageDirectory (RaftStorageDirectory.java:tryLock(328)) - Lock on /workdir/hadoop-ozone/integration-test/target/test-dir/MiniOzoneClusterImpl-87962e32-e39f-4c57-b747-30c883c1cc54/datanode-0/data/ratis/b16fc798-acdf-49aa-9bea-4e34c6955b17/in_use.lock acquired by nodename 10626@pr-hdds-1569-g6sp5-2013761785
2019-09-26 15:38:58,559 [pool-123-thread-1] INFO  storage.RaftStorage (RaftStorage.java:format(72)) - Storage directory /workdir/hadoop-ozone/integration-test/target/test-dir/MiniOzoneClusterImpl-87962e32-e39f-4c57-b747-30c883c1cc54/datanode-0/data/ratis/b16fc798-acdf-49aa-9bea-4e34c6955b17 has been successfully formatted.
2019-09-26 15:38:58,559 [pool-123-thread-1] INFO  ratis.ContainerStateMachine (ContainerStateMachine.java:loadSnapshot(230)) - group-4E34C6955B17: The snapshot info is null. Setting the last applied indexto:(t:0, i:~)
2019-09-26 15:38:58,559 [pool-123-thread-1] INFO  server.RaftServerConfigKeys (ConfUtils.java:logGet(43)) - raft.server.notification.no-leader.timeout = 120s (custom)
2019-09-26 15:38:58,559 [pool-123-thread-1] INFO  server.RaftServerConfigKeys (ConfUtils.java:logGet(43)) - raft.server.log.use.memory = false (default)
2019-09-26 15:38:58,559 [pool-123-thread-1] INFO  server.RaftServerConfigKeys (ConfUtils.java:logGet(43)) - raft.server.log.purge.gap = 1000000 (custom)
2019-09-26 15:38:58,559 [pool-123-thread-1] INFO  server.RaftServerConfigKeys (ConfUtils.java:logGet(43)) - raft.server.log.appender.buffer.byte-limit = 33554432 (custom)
2019-09-26 15:38:58,559 [pool-123-thread-1] INFO  server.RaftServerConfigKeys (ConfUtils.java:logGet(43)) - raft.server.log.segment.size.max = 1048576 (custom)
2019-09-26 15:38:58,560 [pool-123-thread-1] INFO  server.RaftServerConfigKeys (ConfUtils.java:logGet(43)) - raft.server.log.segment.cache.num.max = 2 (custom)
2019-09-26 15:38:58,560 [pool-123-thread-1] INFO  segmented.SegmentedRaftLogWorker (SegmentedRaftLogWorker.java:<init>(172)) - new bcb704dc-2543-42a4-8762-cde039a55a99@group-4E34C6955B17-SegmentedRaftLogWorker for RaftStorage:Storage Directory /workdir/hadoop-ozone/integration-test/target/test-dir/MiniOzoneClusterImpl-87962e32-e39f-4c57-b747-30c883c1cc54/datanode-0/data/ratis/b16fc798-acdf-49aa-9bea-4e34c6955b17
2019-09-26 15:38:58,560 [pool-123-thread-1] INFO  server.RaftServerConfigKeys (ConfUtils.java:logGet(43)) - raft.server.log.queue.byte-limit = 2147483647 (custom)
2019-09-26 15:38:58,560 [pool-123-thread-1] INFO  server.RaftServerConfigKeys (ConfUtils.java:logGet(43)) - raft.server.log.queue.element-limit = 1024 (custom)
2019-09-26 15:38:58,560 [pool-123-thread-1] INFO  server.RaftServerConfigKeys (ConfUtils.java:logGet(43)) - raft.server.log.segment.size.max = 1048576 (custom)
2019-09-26 15:38:58,560 [pool-123-thread-1] INFO  server.RaftServerConfigKeys (ConfUtils.java:logGet(43)) - raft.server.log.preallocated.size = 16384 (custom)
2019-09-26 15:38:58,560 [pool-123-thread-1] INFO  server.RaftServerConfigKeys (ConfUtils.java:logGet(43)) - raft.server.log.write.buffer.size = 33554432 (custom)
2019-09-26 15:38:58,560 [pool-123-thread-1] INFO  server.RaftServerConfigKeys (ConfUtils.java:logGet(43)) - raft.server.log.force.sync.num = 128 (default)
2019-09-26 15:38:58,560 [pool-123-thread-1] INFO  server.RaftServerConfigKeys (ConfUtils.java:logGet(43)) - raft.server.log.statemachine.data.sync = true (default)
2019-09-26 15:38:58,561 [pool-123-thread-1] INFO  server.RaftServerConfigKeys (ConfUtils.java:logGet(43)) - raft.server.log.statemachine.data.sync.timeout = 10s (default)
2019-09-26 15:38:58,561 [pool-123-thread-1] INFO  server.RaftServerConfigKeys (ConfUtils.java:logGet(43)) - raft.server.log.statemachine.data.sync.timeout.retry = -1 (default)
2019-09-26 15:38:58,561 [pool-123-thread-1] INFO  server.RaftServerConfigKeys (ConfUtils.java:logGet(43)) - raft.server.log.statemachine.data.caching.enabled = true (custom)
2019-09-26 15:38:58,561 [pool-123-thread-1] INFO  segmented.SegmentedRaftLogWorker (SegmentedRaftLogWorker.java:lambda$new$0(132)) - bcb704dc-2543-42a4-8762-cde039a55a99@group-4E34C6955B17-SegmentedRaftLogWorker: flushIndex: setUnconditionally 0 -> -1
2019-09-26 15:38:58,561 [pool-123-thread-1] INFO  server.RaftServerConfigKeys (ConfUtils.java:logGet(43)) - raft.server.snapshot.auto.trigger.enabled = true (custom)
2019-09-26 15:38:58,561 [pool-123-thread-1] INFO  server.RaftServerConfigKeys (ConfUtils.java:logGet(43)) - raft.server.snapshot.auto.trigger.threshold = 10000 (custom)
2019-09-26 15:38:58,562 [pool-123-thread-1] INFO  server.RaftServerConfigKeys (ConfUtils.java:logGet(43)) - raft.server.snapshot.retention.num.files = 5 (custom)
2019-09-26 15:38:58,562 [pool-123-thread-1] INFO  server.RaftServerConfigKeys (ConfUtils.java:logGet(43)) - raft.server.retrycache.expirytime = 600000ms (custom)
2019-09-26 15:38:58,563 [pool-123-thread-1] INFO  impl.RaftServerImpl (RaftServerImpl.java:start(185)) - bcb704dc-2543-42a4-8762-cde039a55a99@group-4E34C6955B17: start as a follower, conf=-1: [bcb704dc-2543-42a4-8762-cde039a55a99:192.168.151.99:43663], old=null
2019-09-26 15:38:58,563 [pool-123-thread-1] INFO  impl.RaftServerImpl (RaftServerImpl.java:setRole(174)) - bcb704dc-2543-42a4-8762-cde039a55a99@group-4E34C6955B17: changes role from      null to FOLLOWER at term 0 for startAsFollower
2019-09-26 15:38:58,563 [pool-123-thread-1] INFO  impl.RoleInfo (RoleInfo.java:updateAndGet(143)) - bcb704dc-2543-42a4-8762-cde039a55a99: start FollowerState
2019-09-26 15:38:58,564 [pool-123-thread-1] INFO  util.JmxRegister (JmxRegister.java:tryRegister(44)) - Successfully registered JMX Bean with object name Ratis:service=RaftServer,group=group-4E34C6955B17,id=bcb704dc-2543-42a4-8762-cde039a55a99
2019-09-26 15:38:58,566 [RatisPipelineUtilsThread] INFO  pipeline.PipelineStateManager (PipelineStateManager.java:addPipeline(56)) - Created pipeline Pipeline[ Id: b16fc798-acdf-49aa-9bea-4e34c6955b17, Nodes: bcb704dc-2543-42a4-8762-cde039a55a99{ip: 192.168.151.99, host: pr-hdds-1569-g6sp5-2013761785, networkLocation: /default-rack, certSerialId: null}, Type:RATIS, Factor:ONE, State:OPEN]
2019-09-26 15:38:58,569 [Thread-1799] INFO  impl.FollowerState (FollowerState.java:run(106)) - bcb704dc-2543-42a4-8762-cde039a55a99:group-96E9520FD3B9 changes to CANDIDATE, lastRpcTime:5076, electionTimeout:5076ms
2019-09-26 15:38:58,569 [Thread-1799] INFO  impl.RoleInfo (RoleInfo.java:shutdownFollowerState(121)) - bcb704dc-2543-42a4-8762-cde039a55a99: shutdown FollowerState
2019-09-26 15:38:58,569 [Thread-1799] INFO  impl.RaftServerImpl (RaftServerImpl.java:setRole(174)) - bcb704dc-2543-42a4-8762-cde039a55a99@group-96E9520FD3B9: changes role from  FOLLOWER to CANDIDATE at term 0 for changeToCandidate
2019-09-26 15:38:58,569 [Thread-1799] INFO  impl.RoleInfo (RoleInfo.java:updateAndGet(143)) - bcb704dc-2543-42a4-8762-cde039a55a99: start LeaderElection
2019-09-26 15:38:58,569 [grpc-default-executor-0] INFO  impl.RaftServerProxy (RaftServerProxy.java:addNew(89)) - bcb704dc-2543-42a4-8762-cde039a55a99: addNew group-6B7863180474:[bcb704dc-2543-42a4-8762-cde039a55a99:192.168.151.99:43663] returns group-6B7863180474:java.util.concurrent.CompletableFuture@ea8e93b[Not completed]
2019-09-26 15:38:58,570 [pool-123-thread-1] INFO  impl.RaftServerImpl (RaftServerImpl.java:<init>(95)) - bcb704dc-2543-42a4-8762-cde039a55a99: new RaftServerImpl for group-6B7863180474:[bcb704dc-2543-42a4-8762-cde039a55a99:192.168.151.99:43663] with ContainerStateMachine:uninitialized
2019-09-26 15:38:58,570 [pool-123-thread-1] INFO  server.RaftServerConfigKeys (ConfUtils.java:logGet(43)) - raft.server.rpc.timeout.min = 5s (custom)
2019-09-26 15:38:58,571 [pool-123-thread-1] INFO  server.RaftServerConfigKeys (ConfUtils.java:logGet(43)) - raft.server.rpc.timeout.max = 5200ms (custom)
2019-09-26 15:38:58,571 [pool-123-thread-1] INFO  server.RaftServerConfigKeys (ConfUtils.java:logGet(43)) - raft.server.rpcslowness.timeout = 120s (custom)
2019-09-26 15:38:58,571 [pool-123-thread-1] INFO  server.RaftServerConfigKeys (ConfUtils.java:logGet(43)) - raft.server.sleep.deviation.threshold = 300 (default)
2019-09-26 15:38:58,571 [pool-123-thread-1] INFO  server.RaftServerConfigKeys (ConfUtils.java:logGet(43)) - raft.server.log.appender.install.snapshot.enabled = false (custom)
2019-09-26 15:38:58,571 [pool-123-thread-1] INFO  impl.RaftServerImpl (ServerState.java:<init>(103)) - bcb704dc-2543-42a4-8762-cde039a55a99@group-6B7863180474: ConfigurationManager, init=-1: [bcb704dc-2543-42a4-8762-cde039a55a99:192.168.151.99:43663], old=null, confs=<EMPTY_MAP>
2019-09-26 15:38:58,571 [pool-123-thread-1] INFO  server.RaftServerConfigKeys (ConfUtils.java:logGet(43)) - raft.server.storage.dir = [/workdir/hadoop-ozone/integration-test/target/test-dir/MiniOzoneClusterImpl-87962e32-e39f-4c57-b747-30c883c1cc54/datanode-0/data/ratis] (custom)
2019-09-26 15:38:58,572 [pool-123-thread-1] INFO  storage.RaftStorageDirectory (RaftStorageDirectory.java:analyzeStorage(246)) - The storage directory /workdir/hadoop-ozone/integration-test/target/test-dir/MiniOzoneClusterImpl-87962e32-e39f-4c57-b747-30c883c1cc54/datanode-0/data/ratis/4d22c877-376a-48ad-b5d5-6b7863180474 does not exist. Creating ...
2019-09-26 15:38:58,583 [pool-123-thread-1] INFO  storage.RaftStorageDirectory (RaftStorageDirectory.java:tryLock(328)) - Lock on /workdir/hadoop-ozone/integration-test/target/test-dir/MiniOzoneClusterImpl-87962e32-e39f-4c57-b747-30c883c1cc54/datanode-0/data/ratis/4d22c877-376a-48ad-b5d5-6b7863180474/in_use.lock acquired by nodename 10626@pr-hdds-1569-g6sp5-2013761785
2019-09-26 15:38:58,584 [bcb704dc-2543-42a4-8762-cde039a55a99@group-96E9520FD3B9:LeaderElection101] INFO  impl.LeaderElection (LeaderElection.java:askForVotes(182)) - bcb704dc-2543-42a4-8762-cde039a55a99@group-96E9520FD3B9:LeaderElection101: begin an election at term 1 for -1: [bcb704dc-2543-42a4-8762-cde039a55a99:192.168.151.99:43663], old=null
2019-09-26 15:38:58,584 [bcb704dc-2543-42a4-8762-cde039a55a99@group-96E9520FD3B9:LeaderElection101] INFO  impl.RoleInfo (RoleInfo.java:shutdownLeaderElection(134)) - bcb704dc-2543-42a4-8762-cde039a55a99: shutdown LeaderElection
2019-09-26 15:38:58,584 [bcb704dc-2543-42a4-8762-cde039a55a99@group-96E9520FD3B9:LeaderElection101] INFO  impl.RaftServerImpl (RaftServerImpl.java:setRole(174)) - bcb704dc-2543-42a4-8762-cde039a55a99@group-96E9520FD3B9: changes role from CANDIDATE to LEADER at term 1 for changeToLeader
2019-09-26 15:38:58,584 [bcb704dc-2543-42a4-8762-cde039a55a99@group-96E9520FD3B9:LeaderElection101] INFO  impl.RaftServerImpl (ServerState.java:setLeader(253)) - bcb704dc-2543-42a4-8762-cde039a55a99@group-96E9520FD3B9: change Leader from null to bcb704dc-2543-42a4-8762-cde039a55a99 at term 1 for becomeLeader, leader elected after 5099ms
2019-09-26 15:38:58,588 [bcb704dc-2543-42a4-8762-cde039a55a99@group-96E9520FD3B9:LeaderElection101] INFO  server.RaftServerConfigKeys (ConfUtils.java:logGet(43)) - raft.server.staging.catchup.gap = 1000 (default)
2019-09-26 15:38:58,588 [bcb704dc-2543-42a4-8762-cde039a55a99@group-96E9520FD3B9:LeaderElection101] INFO  server.RaftServerConfigKeys (ConfUtils.java:logGet(43)) - raft.server.rpc.sleep.time = 25ms (default)
2019-09-26 15:38:58,589 [bcb704dc-2543-42a4-8762-cde039a55a99@group-96E9520FD3B9:LeaderElection101] INFO  server.RaftServerConfigKeys (ConfUtils.java:logGet(43)) - raft.server.write.element-limit = 4096 (default)
2019-09-26 15:38:58,589 [bcb704dc-2543-42a4-8762-cde039a55a99@group-96E9520FD3B9:LeaderElection101] INFO  server.RaftServerConfigKeys (ConfUtils.java:logGet(43)) - raft.server.watch.timeout = 10s (default)
2019-09-26 15:38:58,589 [bcb704dc-2543-42a4-8762-cde039a55a99@group-96E9520FD3B9:LeaderElection101] INFO  server.RaftServerConfigKeys (ConfUtils.java:logGet(43)) - raft.server.watch.timeout.denomination = 1s (default)
2019-09-26 15:38:58,589 [bcb704dc-2543-42a4-8762-cde039a55a99@group-96E9520FD3B9:LeaderElection101] INFO  server.RaftServerConfigKeys (ConfUtils.java:logGet(43)) - raft.server.watch.element-limit = 65536 (default)
2019-09-26 15:38:58,591 [bcb704dc-2543-42a4-8762-cde039a55a99@group-96E9520FD3B9:LeaderElection101] INFO  impl.RoleInfo (RoleInfo.java:updateAndGet(143)) - bcb704dc-2543-42a4-8762-cde039a55a99: start LeaderState
2019-09-26 15:38:58,591 [bcb704dc-2543-42a4-8762-cde039a55a99@group-96E9520FD3B9:LeaderElection101] INFO  segmented.SegmentedRaftLogWorker (SegmentedRaftLogWorker.java:startLogSegment(380)) - bcb704dc-2543-42a4-8762-cde039a55a99@group-96E9520FD3B9-SegmentedRaftLogWorker: Starting segment from index:0
2019-09-26 15:38:58,592 [bcb704dc-2543-42a4-8762-cde039a55a99@group-96E9520FD3B9:LeaderElection101] INFO  impl.RaftServerImpl (ServerState.java:setRaftConf(354)) - bcb704dc-2543-42a4-8762-cde039a55a99@group-96E9520FD3B9: set configuration 0: [bcb704dc-2543-42a4-8762-cde039a55a99:192.168.151.99:43663], old=null at 0
2019-09-26 15:38:58,597 [Thread-1808] INFO  impl.FollowerState (FollowerState.java:run(106)) - bcb704dc-2543-42a4-8762-cde039a55a99:group-674816C43D23 changes to CANDIDATE, lastRpcTime:5035, electionTimeout:5035ms
2019-09-26 15:38:58,597 [Thread-1808] INFO  impl.RoleInfo (RoleInfo.java:shutdownFollowerState(121)) - bcb704dc-2543-42a4-8762-cde039a55a99: shutdown FollowerState
2019-09-26 15:38:58,597 [pool-123-thread-1] INFO  storage.RaftStorage (RaftStorage.java:format(72)) - Storage directory /workdir/hadoop-ozone/integration-test/target/test-dir/MiniOzoneClusterImpl-87962e32-e39f-4c57-b747-30c883c1cc54/datanode-0/data/ratis/4d22c877-376a-48ad-b5d5-6b7863180474 has been successfully formatted.
2019-09-26 15:38:58,597 [Thread-1808] INFO  impl.RaftServerImpl (RaftServerImpl.java:setRole(174)) - bcb704dc-2543-42a4-8762-cde039a55a99@group-674816C43D23: changes role from  FOLLOWER to CANDIDATE at term 0 for changeToCandidate
2019-09-26 15:38:58,597 [pool-123-thread-1] INFO  ratis.ContainerStateMachine (ContainerStateMachine.java:loadSnapshot(230)) - group-6B7863180474: The snapshot info is null. Setting the last applied indexto:(t:0, i:~)
2019-09-26 15:38:58,597 [Thread-1808] INFO  impl.RoleInfo (RoleInfo.java:updateAndGet(143)) - bcb704dc-2543-42a4-8762-cde039a55a99: start LeaderElection
2019-09-26 15:38:58,597 [pool-123-thread-1] INFO  server.RaftServerConfigKeys (ConfUtils.java:logGet(43)) - raft.server.notification.no-leader.timeout = 120s (custom)
2019-09-26 15:38:58,598 [pool-123-thread-1] INFO  server.RaftServerConfigKeys (ConfUtils.java:logGet(43)) - raft.server.log.use.memory = false (default)
2019-09-26 15:38:58,598 [pool-123-thread-1] INFO  server.RaftServerConfigKeys (ConfUtils.java:logGet(43)) - raft.server.log.purge.gap = 1000000 (custom)
2019-09-26 15:38:58,599 [pool-123-thread-1] INFO  server.RaftServerConfigKeys (ConfUtils.java:logGet(43)) - raft.server.log.appender.buffer.byte-limit = 33554432 (custom)
2019-09-26 15:38:58,599 [pool-123-thread-1] INFO  server.RaftServerConfigKeys (ConfUtils.java:logGet(43)) - raft.server.log.segment.size.max = 1048576 (custom)
2019-09-26 15:38:58,599 [pool-123-thread-1] INFO  server.RaftServerConfigKeys (ConfUtils.java:logGet(43)) - raft.server.log.segment.cache.num.max = 2 (custom)
2019-09-26 15:38:58,599 [pool-123-thread-1] INFO  segmented.SegmentedRaftLogWorker (SegmentedRaftLogWorker.java:<init>(172)) - new bcb704dc-2543-42a4-8762-cde039a55a99@group-6B7863180474-SegmentedRaftLogWorker for RaftStorage:Storage Directory /workdir/hadoop-ozone/integration-test/target/test-dir/MiniOzoneClusterImpl-87962e32-e39f-4c57-b747-30c883c1cc54/datanode-0/data/ratis/4d22c877-376a-48ad-b5d5-6b7863180474
2019-09-26 15:38:58,599 [pool-123-thread-1] INFO  server.RaftServerConfigKeys (ConfUtils.java:logGet(43)) - raft.server.log.queue.byte-limit = 2147483647 (custom)
2019-09-26 15:38:58,600 [pool-123-thread-1] INFO  server.RaftServerConfigKeys (ConfUtils.java:logGet(43)) - raft.server.log.queue.element-limit = 1024 (custom)
2019-09-26 15:38:58,600 [pool-123-thread-1] INFO  server.RaftServerConfigKeys (ConfUtils.java:logGet(43)) - raft.server.log.segment.size.max = 1048576 (custom)
2019-09-26 15:38:58,600 [Thread-1805] INFO  impl.FollowerState (FollowerState.java:run(106)) - bcb704dc-2543-42a4-8762-cde039a55a99:group-230A12E46097 changes to CANDIDATE, lastRpcTime:5059, electionTimeout:5059ms
2019-09-26 15:38:58,600 [pool-123-thread-1] INFO  server.RaftServerConfigKeys (ConfUtils.java:logGet(43)) - raft.server.log.preallocated.size = 16384 (custom)
2019-09-26 15:38:58,600 [Thread-1805] INFO  impl.RoleInfo (RoleInfo.java:shutdownFollowerState(121)) - bcb704dc-2543-42a4-8762-cde039a55a99: shutdown FollowerState
2019-09-26 15:38:58,600 [pool-123-thread-1] INFO  server.RaftServerConfigKeys (ConfUtils.java:logGet(43)) - raft.server.log.write.buffer.size = 33554432 (custom)
2019-09-26 15:38:58,600 [Thread-1805] INFO  impl.RaftServerImpl (RaftServerImpl.java:setRole(174)) - bcb704dc-2543-42a4-8762-cde039a55a99@group-230A12E46097: changes role from  FOLLOWER to CANDIDATE at term 0 for changeToCandidate
2019-09-26 15:38:58,600 [pool-123-thread-1] INFO  server.RaftServerConfigKeys (ConfUtils.java:logGet(43)) - raft.server.log.force.sync.num = 128 (default)
2019-09-26 15:38:58,601 [Thread-1805] INFO  impl.RoleInfo (RoleInfo.java:updateAndGet(143)) - bcb704dc-2543-42a4-8762-cde039a55a99: start LeaderElection
2019-09-26 15:38:58,601 [pool-123-thread-1] INFO  server.RaftServerConfigKeys (ConfUtils.java:logGet(43)) - raft.server.log.statemachine.data.sync = true (default)
2019-09-26 15:38:58,601 [pool-123-thread-1] INFO  server.RaftServerConfigKeys (ConfUtils.java:logGet(43)) - raft.server.log.statemachine.data.sync.timeout = 10s (default)
2019-09-26 15:38:58,601 [pool-123-thread-1] INFO  server.RaftServerConfigKeys (ConfUtils.java:logGet(43)) - raft.server.log.statemachine.data.sync.timeout.retry = -1 (default)
2019-09-26 15:38:58,602 [pool-123-thread-1] INFO  server.RaftServerConfigKeys (ConfUtils.java:logGet(43)) - raft.server.log.statemachine.data.caching.enabled = true (custom)
2019-09-26 15:38:58,602 [pool-123-thread-1] INFO  segmented.SegmentedRaftLogWorker (SegmentedRaftLogWorker.java:lambda$new$0(132)) - bcb704dc-2543-42a4-8762-cde039a55a99@group-6B7863180474-SegmentedRaftLogWorker: flushIndex: setUnconditionally 0 -> -1
2019-09-26 15:38:58,603 [pool-123-thread-1] INFO  server.RaftServerConfigKeys (ConfUtils.java:logGet(43)) - raft.server.snapshot.auto.trigger.enabled = true (custom)
2019-09-26 15:38:58,603 [pool-123-thread-1] INFO  server.RaftServerConfigKeys (ConfUtils.java:logGet(43)) - raft.server.snapshot.auto.trigger.threshold = 10000 (custom)
2019-09-26 15:38:58,603 [pool-123-thread-1] INFO  server.RaftServerConfigKeys (ConfUtils.java:logGet(43)) - raft.server.snapshot.retention.num.files = 5 (custom)
2019-09-26 15:38:58,603 [pool-123-thread-1] INFO  server.RaftServerConfigKeys (ConfUtils.java:logGet(43)) - raft.server.retrycache.expirytime = 600000ms (custom)
2019-09-26 15:38:58,606 [pool-123-thread-1] INFO  impl.RaftServerImpl (RaftServerImpl.java:start(185)) - bcb704dc-2543-42a4-8762-cde039a55a99@group-6B7863180474: start as a follower, conf=-1: [bcb704dc-2543-42a4-8762-cde039a55a99:192.168.151.99:43663], old=null
2019-09-26 15:38:58,606 [pool-123-thread-1] INFO  impl.RaftServerImpl (RaftServerImpl.java:setRole(174)) - bcb704dc-2543-42a4-8762-cde039a55a99@group-6B7863180474: changes role from      null to FOLLOWER at term 0 for startAsFollower
2019-09-26 15:38:58,606 [pool-123-thread-1] INFO  impl.RoleInfo (RoleInfo.java:updateAndGet(143)) - bcb704dc-2543-42a4-8762-cde039a55a99: start FollowerState
2019-09-26 15:38:58,606 [pool-123-thread-1] INFO  util.JmxRegister (JmxRegister.java:tryRegister(44)) - Successfully registered JMX Bean with object name Ratis:service=RaftServer,group=group-6B7863180474,id=bcb704dc-2543-42a4-8762-cde039a55a99
2019-09-26 15:38:58,610 [RatisPipelineUtilsThread] INFO  pipeline.PipelineStateManager (PipelineStateManager.java:addPipeline(56)) - Created pipeline Pipeline[ Id: 4d22c877-376a-48ad-b5d5-6b7863180474, Nodes: bcb704dc-2543-42a4-8762-cde039a55a99{ip: 192.168.151.99, host: pr-hdds-1569-g6sp5-2013761785, networkLocation: /default-rack, certSerialId: null}, Type:RATIS, Factor:ONE, State:OPEN]
2019-09-26 15:38:58,612 [bcb704dc-2543-42a4-8762-cde039a55a99@group-96E9520FD3B9-SegmentedRaftLogWorker] INFO  segmented.SegmentedRaftLogWorker (SegmentedRaftLogWorker.java:execute(569)) - bcb704dc-2543-42a4-8762-cde039a55a99@group-96E9520FD3B9-SegmentedRaftLogWorker: created new log segment /workdir/hadoop-ozone/integration-test/target/test-dir/MiniOzoneClusterImpl-87962e32-e39f-4c57-b747-30c883c1cc54/datanode-0/data/ratis/948002b1-5a96-48ff-985e-96e9520fd3b9/current/log_inprogress_0
2019-09-26 15:38:58,612 [bcb704dc-2543-42a4-8762-cde039a55a99@group-230A12E46097:LeaderElection103] INFO  impl.LeaderElection (LeaderElection.java:askForVotes(182)) - bcb704dc-2543-42a4-8762-cde039a55a99@group-230A12E46097:LeaderElection103: begin an election at term 1 for -1: [bcb704dc-2543-42a4-8762-cde039a55a99:192.168.151.99:43663], old=null
2019-09-26 15:38:58,612 [bcb704dc-2543-42a4-8762-cde039a55a99@group-674816C43D23:LeaderElection102] INFO  impl.LeaderElection (LeaderElection.java:askForVotes(182)) - bcb704dc-2543-42a4-8762-cde039a55a99@group-674816C43D23:LeaderElection102: begin an election at term 1 for -1: [bcb704dc-2543-42a4-8762-cde039a55a99:192.168.151.99:43663], old=null
2019-09-26 15:38:58,612 [bcb704dc-2543-42a4-8762-cde039a55a99@group-230A12E46097:LeaderElection103] INFO  impl.RoleInfo (RoleInfo.java:shutdownLeaderElection(134)) - bcb704dc-2543-42a4-8762-cde039a55a99: shutdown LeaderElection
2019-09-26 15:38:58,612 [bcb704dc-2543-42a4-8762-cde039a55a99@group-674816C43D23:LeaderElection102] INFO  impl.RoleInfo (RoleInfo.java:shutdownLeaderElection(134)) - bcb704dc-2543-42a4-8762-cde039a55a99: shutdown LeaderElection
2019-09-26 15:38:58,612 [bcb704dc-2543-42a4-8762-cde039a55a99@group-230A12E46097:LeaderElection103] INFO  impl.RaftServerImpl (RaftServerImpl.java:setRole(174)) - bcb704dc-2543-42a4-8762-cde039a55a99@group-230A12E46097: changes role from CANDIDATE to LEADER at term 1 for changeToLeader
2019-09-26 15:38:58,612 [bcb704dc-2543-42a4-8762-cde039a55a99@group-674816C43D23:LeaderElection102] INFO  impl.RaftServerImpl (RaftServerImpl.java:setRole(174)) - bcb704dc-2543-42a4-8762-cde039a55a99@group-674816C43D23: changes role from CANDIDATE to LEADER at term 1 for changeToLeader
2019-09-26 15:38:58,612 [bcb704dc-2543-42a4-8762-cde039a55a99@group-230A12E46097:LeaderElection103] INFO  impl.RaftServerImpl (ServerState.java:setLeader(253)) - bcb704dc-2543-42a4-8762-cde039a55a99@group-230A12E46097: change Leader from null to bcb704dc-2543-42a4-8762-cde039a55a99 at term 1 for becomeLeader, leader elected after 5077ms
2019-09-26 15:38:58,613 [bcb704dc-2543-42a4-8762-cde039a55a99@group-674816C43D23:LeaderElection102] INFO  impl.RaftServerImpl (ServerState.java:setLeader(253)) - bcb704dc-2543-42a4-8762-cde039a55a99@group-674816C43D23: change Leader from null to bcb704dc-2543-42a4-8762-cde039a55a99 at term 1 for becomeLeader, leader elected after 5056ms
2019-09-26 15:38:58,613 [bcb704dc-2543-42a4-8762-cde039a55a99@group-230A12E46097:LeaderElection103] INFO  server.RaftServerConfigKeys (ConfUtils.java:logGet(43)) - raft.server.staging.catchup.gap = 1000 (default)
2019-09-26 15:38:58,613 [bcb704dc-2543-42a4-8762-cde039a55a99@group-674816C43D23:LeaderElection102] INFO  server.RaftServerConfigKeys (ConfUtils.java:logGet(43)) - raft.server.staging.catchup.gap = 1000 (default)
2019-09-26 15:38:58,613 [bcb704dc-2543-42a4-8762-cde039a55a99@group-230A12E46097:LeaderElection103] INFO  server.RaftServerConfigKeys (ConfUtils.java:logGet(43)) - raft.server.rpc.sleep.time = 25ms (default)
2019-09-26 15:38:58,613 [bcb704dc-2543-42a4-8762-cde039a55a99@group-674816C43D23:LeaderElection102] INFO  server.RaftServerConfigKeys (ConfUtils.java:logGet(43)) - raft.server.rpc.sleep.time = 25ms (default)
2019-09-26 15:38:58,613 [bcb704dc-2543-42a4-8762-cde039a55a99@group-230A12E46097:LeaderElection103] INFO  server.RaftServerConfigKeys (ConfUtils.java:logGet(43)) - raft.server.write.element-limit = 4096 (default)
2019-09-26 15:38:58,613 [bcb704dc-2543-42a4-8762-cde039a55a99@group-674816C43D23:LeaderElection102] INFO  server.RaftServerConfigKeys (ConfUtils.java:logGet(43)) - raft.server.write.element-limit = 4096 (default)
2019-09-26 15:38:58,613 [bcb704dc-2543-42a4-8762-cde039a55a99@group-230A12E46097:LeaderElection103] INFO  server.RaftServerConfigKeys (ConfUtils.java:logGet(43)) - raft.server.watch.timeout = 10s (default)
2019-09-26 15:38:58,613 [bcb704dc-2543-42a4-8762-cde039a55a99@group-674816C43D23:LeaderElection102] INFO  server.RaftServerConfigKeys (ConfUtils.java:logGet(43)) - raft.server.watch.timeout = 10s (default)
2019-09-26 15:38:58,613 [bcb704dc-2543-42a4-8762-cde039a55a99@group-230A12E46097:LeaderElection103] INFO  server.RaftServerConfigKeys (ConfUtils.java:logGet(43)) - raft.server.watch.timeout.denomination = 1s (default)
2019-09-26 15:38:58,614 [bcb704dc-2543-42a4-8762-cde039a55a99@group-674816C43D23:LeaderElection102] INFO  server.RaftServerConfigKeys (ConfUtils.java:logGet(43)) - raft.server.watch.timeout.denomination = 1s (default)
2019-09-26 15:38:58,614 [bcb704dc-2543-42a4-8762-cde039a55a99@group-230A12E46097:LeaderElection103] INFO  server.RaftServerConfigKeys (ConfUtils.java:logGet(43)) - raft.server.watch.element-limit = 65536 (default)
2019-09-26 15:38:58,614 [bcb704dc-2543-42a4-8762-cde039a55a99@group-674816C43D23:LeaderElection102] INFO  server.RaftServerConfigKeys (ConfUtils.java:logGet(43)) - raft.server.watch.element-limit = 65536 (default)
2019-09-26 15:38:58,614 [grpc-default-executor-0] INFO  impl.RaftServerProxy (RaftServerProxy.java:addNew(89)) - bcb704dc-2543-42a4-8762-cde039a55a99: addNew group-A09E01A06194:[bcb704dc-2543-42a4-8762-cde039a55a99:192.168.151.99:43663] returns group-A09E01A06194:java.util.concurrent.CompletableFuture@1dba9eb2[Not completed]
2019-09-26 15:38:58,615 [pool-123-thread-1] INFO  impl.RaftServerImpl (RaftServerImpl.java:<init>(95)) - bcb704dc-2543-42a4-8762-cde039a55a99: new RaftServerImpl for group-A09E01A06194:[bcb704dc-2543-42a4-8762-cde039a55a99:192.168.151.99:43663] with ContainerStateMachine:uninitialized
2019-09-26 15:38:58,615 [pool-123-thread-1] INFO  server.RaftServerConfigKeys (ConfUtils.java:logGet(43)) - raft.server.rpc.timeout.min = 5s (custom)
2019-09-26 15:38:58,615 [pool-123-thread-1] INFO  server.RaftServerConfigKeys (ConfUtils.java:logGet(43)) - raft.server.rpc.timeout.max = 5200ms (custom)
2019-09-26 15:38:58,616 [pool-123-thread-1] INFO  server.RaftServerConfigKeys (ConfUtils.java:logGet(43)) - raft.server.rpcslowness.timeout = 120s (custom)
2019-09-26 15:38:58,616 [pool-123-thread-1] INFO  server.RaftServerConfigKeys (ConfUtils.java:logGet(43)) - raft.server.sleep.deviation.threshold = 300 (default)
2019-09-26 15:38:58,616 [pool-123-thread-1] INFO  server.RaftServerConfigKeys (ConfUtils.java:logGet(43)) - raft.server.log.appender.install.snapshot.enabled = false (custom)
2019-09-26 15:38:58,616 [pool-123-thread-1] INFO  impl.RaftServerImpl (ServerState.java:<init>(103)) - bcb704dc-2543-42a4-8762-cde039a55a99@group-A09E01A06194: ConfigurationManager, init=-1: [bcb704dc-2543-42a4-8762-cde039a55a99:192.168.151.99:43663], old=null, confs=<EMPTY_MAP>
2019-09-26 15:38:58,616 [pool-123-thread-1] INFO  server.RaftServerConfigKeys (ConfUtils.java:logGet(43)) - raft.server.storage.dir = [/workdir/hadoop-ozone/integration-test/target/test-dir/MiniOzoneClusterImpl-87962e32-e39f-4c57-b747-30c883c1cc54/datanode-0/data/ratis] (custom)
2019-09-26 15:38:58,617 [bcb704dc-2543-42a4-8762-cde039a55a99@group-230A12E46097:LeaderElection103] INFO  impl.RoleInfo (RoleInfo.java:updateAndGet(143)) - bcb704dc-2543-42a4-8762-cde039a55a99: start LeaderState
2019-09-26 15:38:58,617 [bcb704dc-2543-42a4-8762-cde039a55a99@group-674816C43D23:LeaderElection102] INFO  impl.RoleInfo (RoleInfo.java:updateAndGet(143)) - bcb704dc-2543-42a4-8762-cde039a55a99: start LeaderState
2019-09-26 15:38:58,617 [bcb704dc-2543-42a4-8762-cde039a55a99@group-230A12E46097:LeaderElection103] INFO  segmented.SegmentedRaftLogWorker (SegmentedRaftLogWorker.java:startLogSegment(380)) - bcb704dc-2543-42a4-8762-cde039a55a99@group-230A12E46097-SegmentedRaftLogWorker: Starting segment from index:0
2019-09-26 15:38:58,617 [bcb704dc-2543-42a4-8762-cde039a55a99@group-674816C43D23:LeaderElection102] INFO  segmented.SegmentedRaftLogWorker (SegmentedRaftLogWorker.java:startLogSegment(380)) - bcb704dc-2543-42a4-8762-cde039a55a99@group-674816C43D23-SegmentedRaftLogWorker: Starting segment from index:0
2019-09-26 15:38:58,617 [pool-123-thread-1] INFO  storage.RaftStorageDirectory (RaftStorageDirectory.java:analyzeStorage(246)) - The storage directory /workdir/hadoop-ozone/integration-test/target/test-dir/MiniOzoneClusterImpl-87962e32-e39f-4c57-b747-30c883c1cc54/datanode-0/data/ratis/55c9d63c-239e-47d8-b2c4-a09e01a06194 does not exist. Creating ...
2019-09-26 15:38:58,617 [bcb704dc-2543-42a4-8762-cde039a55a99@group-230A12E46097:LeaderElection103] INFO  impl.RaftServerImpl (ServerState.java:setRaftConf(354)) - bcb704dc-2543-42a4-8762-cde039a55a99@group-230A12E46097: set configuration 0: [bcb704dc-2543-42a4-8762-cde039a55a99:192.168.151.99:43663], old=null at 0
2019-09-26 15:38:58,618 [bcb704dc-2543-42a4-8762-cde039a55a99@group-674816C43D23:LeaderElection102] INFO  impl.RaftServerImpl (ServerState.java:setRaftConf(354)) - bcb704dc-2543-42a4-8762-cde039a55a99@group-674816C43D23: set configuration 0: [bcb704dc-2543-42a4-8762-cde039a55a99:192.168.151.99:43663], old=null at 0
2019-09-26 15:38:58,625 [pool-123-thread-1] INFO  storage.RaftStorageDirectory (RaftStorageDirectory.java:tryLock(328)) - Lock on /workdir/hadoop-ozone/integration-test/target/test-dir/MiniOzoneClusterImpl-87962e32-e39f-4c57-b747-30c883c1cc54/datanode-0/data/ratis/55c9d63c-239e-47d8-b2c4-a09e01a06194/in_use.lock acquired by nodename 10626@pr-hdds-1569-g6sp5-2013761785
2019-09-26 15:38:58,638 [pool-123-thread-1] INFO  storage.RaftStorage (RaftStorage.java:format(72)) - Storage directory /workdir/hadoop-ozone/integration-test/target/test-dir/MiniOzoneClusterImpl-87962e32-e39f-4c57-b747-30c883c1cc54/datanode-0/data/ratis/55c9d63c-239e-47d8-b2c4-a09e01a06194 has been successfully formatted.
2019-09-26 15:38:58,639 [pool-123-thread-1] INFO  ratis.ContainerStateMachine (ContainerStateMachine.java:loadSnapshot(230)) - group-A09E01A06194: The snapshot info is null. Setting the last applied indexto:(t:0, i:~)
2019-09-26 15:38:58,639 [pool-123-thread-1] INFO  server.RaftServerConfigKeys (ConfUtils.java:logGet(43)) - raft.server.notification.no-leader.timeout = 120s (custom)
2019-09-26 15:38:58,639 [pool-123-thread-1] INFO  server.RaftServerConfigKeys (ConfUtils.java:logGet(43)) - raft.server.log.use.memory = false (default)
2019-09-26 15:38:58,639 [pool-123-thread-1] INFO  server.RaftServerConfigKeys (ConfUtils.java:logGet(43)) - raft.server.log.purge.gap = 1000000 (custom)
2019-09-26 15:38:58,639 [pool-123-thread-1] INFO  server.RaftServerConfigKeys (ConfUtils.java:logGet(43)) - raft.server.log.appender.buffer.byte-limit = 33554432 (custom)
2019-09-26 15:38:58,640 [pool-123-thread-1] INFO  server.RaftServerConfigKeys (ConfUtils.java:logGet(43)) - raft.server.log.segment.size.max = 1048576 (custom)
2019-09-26 15:38:58,640 [pool-123-thread-1] INFO  server.RaftServerConfigKeys (ConfUtils.java:logGet(43)) - raft.server.log.segment.cache.num.max = 2 (custom)
2019-09-26 15:38:58,640 [pool-123-thread-1] INFO  segmented.SegmentedRaftLogWorker (SegmentedRaftLogWorker.java:<init>(172)) - new bcb704dc-2543-42a4-8762-cde039a55a99@group-A09E01A06194-SegmentedRaftLogWorker for RaftStorage:Storage Directory /workdir/hadoop-ozone/integration-test/target/test-dir/MiniOzoneClusterImpl-87962e32-e39f-4c57-b747-30c883c1cc54/datanode-0/data/ratis/55c9d63c-239e-47d8-b2c4-a09e01a06194
2019-09-26 15:38:58,640 [pool-123-thread-1] INFO  server.RaftServerConfigKeys (ConfUtils.java:logGet(43)) - raft.server.log.queue.byte-limit = 2147483647 (custom)
2019-09-26 15:38:58,640 [pool-123-thread-1] INFO  server.RaftServerConfigKeys (ConfUtils.java:logGet(43)) - raft.server.log.queue.element-limit = 1024 (custom)
2019-09-26 15:38:58,640 [pool-123-thread-1] INFO  server.RaftServerConfigKeys (ConfUtils.java:logGet(43)) - raft.server.log.segment.size.max = 1048576 (custom)
2019-09-26 15:38:58,641 [pool-123-thread-1] INFO  server.RaftServerConfigKeys (ConfUtils.java:logGet(43)) - raft.server.log.preallocated.size = 16384 (custom)
2019-09-26 15:38:58,641 [pool-123-thread-1] INFO  server.RaftServerConfigKeys (ConfUtils.java:logGet(43)) - raft.server.log.write.buffer.size = 33554432 (custom)
2019-09-26 15:38:58,641 [pool-123-thread-1] INFO  server.RaftServerConfigKeys (ConfUtils.java:logGet(43)) - raft.server.log.force.sync.num = 128 (default)
2019-09-26 15:38:58,641 [pool-123-thread-1] INFO  server.RaftServerConfigKeys (ConfUtils.java:logGet(43)) - raft.server.log.statemachine.data.sync = true (default)
2019-09-26 15:38:58,641 [pool-123-thread-1] INFO  server.RaftServerConfigKeys (ConfUtils.java:logGet(43)) - raft.server.log.statemachine.data.sync.timeout = 10s (default)
2019-09-26 15:38:58,641 [pool-123-thread-1] INFO  server.RaftServerConfigKeys (ConfUtils.java:logGet(43)) - raft.server.log.statemachine.data.sync.timeout.retry = -1 (default)
2019-09-26 15:38:58,641 [pool-123-thread-1] INFO  server.RaftServerConfigKeys (ConfUtils.java:logGet(43)) - raft.server.log.statemachine.data.caching.enabled = true (custom)
2019-09-26 15:38:58,642 [pool-123-thread-1] INFO  segmented.SegmentedRaftLogWorker (SegmentedRaftLogWorker.java:lambda$new$0(132)) - bcb704dc-2543-42a4-8762-cde039a55a99@group-A09E01A06194-SegmentedRaftLogWorker: flushIndex: setUnconditionally 0 -> -1
2019-09-26 15:38:58,642 [pool-123-thread-1] INFO  server.RaftServerConfigKeys (ConfUtils.java:logGet(43)) - raft.server.snapshot.auto.trigger.enabled = true (custom)
2019-09-26 15:38:58,642 [pool-123-thread-1] INFO  server.RaftServerConfigKeys (ConfUtils.java:logGet(43)) - raft.server.snapshot.auto.trigger.threshold = 10000 (custom)
2019-09-26 15:38:58,642 [pool-123-thread-1] INFO  server.RaftServerConfigKeys (ConfUtils.java:logGet(43)) - raft.server.snapshot.retention.num.files = 5 (custom)
2019-09-26 15:38:58,643 [pool-123-thread-1] INFO  server.RaftServerConfigKeys (ConfUtils.java:logGet(43)) - raft.server.retrycache.expirytime = 600000ms (custom)
2019-09-26 15:38:58,644 [Thread-1802] INFO  impl.FollowerState (FollowerState.java:run(106)) - bcb704dc-2543-42a4-8762-cde039a55a99:group-41ECB5E8018A changes to CANDIDATE, lastRpcTime:5127, electionTimeout:5127ms
2019-09-26 15:38:58,644 [pool-123-thread-1] INFO  impl.RaftServerImpl (RaftServerImpl.java:start(185)) - bcb704dc-2543-42a4-8762-cde039a55a99@group-A09E01A06194: start as a follower, conf=-1: [bcb704dc-2543-42a4-8762-cde039a55a99:192.168.151.99:43663], old=null
2019-09-26 15:38:58,645 [Thread-1802] INFO  impl.RoleInfo (RoleInfo.java:shutdownFollowerState(121)) - bcb704dc-2543-42a4-8762-cde039a55a99: shutdown FollowerState
2019-09-26 15:38:58,645 [pool-123-thread-1] INFO  impl.RaftServerImpl (RaftServerImpl.java:setRole(174)) - bcb704dc-2543-42a4-8762-cde039a55a99@group-A09E01A06194: changes role from      null to FOLLOWER at term 0 for startAsFollower
2019-09-26 15:38:58,645 [Thread-1802] INFO  impl.RaftServerImpl (RaftServerImpl.java:setRole(174)) - bcb704dc-2543-42a4-8762-cde039a55a99@group-41ECB5E8018A: changes role from  FOLLOWER to CANDIDATE at term 0 for changeToCandidate
2019-09-26 15:38:58,645 [pool-123-thread-1] INFO  impl.RoleInfo (RoleInfo.java:updateAndGet(143)) - bcb704dc-2543-42a4-8762-cde039a55a99: start FollowerState
2019-09-26 15:38:58,645 [Thread-1802] INFO  impl.RoleInfo (RoleInfo.java:updateAndGet(143)) - bcb704dc-2543-42a4-8762-cde039a55a99: start LeaderElection
2019-09-26 15:38:58,645 [pool-123-thread-1] INFO  util.JmxRegister (JmxRegister.java:tryRegister(44)) - Successfully registered JMX Bean with object name Ratis:service=RaftServer,group=group-A09E01A06194,id=bcb704dc-2543-42a4-8762-cde039a55a99
2019-09-26 15:38:58,648 [RatisPipelineUtilsThread] INFO  pipeline.PipelineStateManager (PipelineStateManager.java:addPipeline(56)) - Created pipeline Pipeline[ Id: 55c9d63c-239e-47d8-b2c4-a09e01a06194, Nodes: bcb704dc-2543-42a4-8762-cde039a55a99{ip: 192.168.151.99, host: pr-hdds-1569-g6sp5-2013761785, networkLocation: /default-rack, certSerialId: null}, Type:RATIS, Factor:ONE, State:OPEN]
2019-09-26 15:38:58,652 [grpc-default-executor-0] INFO  impl.RaftServerProxy (RaftServerProxy.java:addNew(89)) - bcb704dc-2543-42a4-8762-cde039a55a99: addNew group-2D09A842301B:[bcb704dc-2543-42a4-8762-cde039a55a99:192.168.151.99:43663] returns group-2D09A842301B:java.util.concurrent.CompletableFuture@6d276886[Not completed]
2019-09-26 15:38:58,653 [pool-123-thread-1] INFO  impl.RaftServerImpl (RaftServerImpl.java:<init>(95)) - bcb704dc-2543-42a4-8762-cde039a55a99: new RaftServerImpl for group-2D09A842301B:[bcb704dc-2543-42a4-8762-cde039a55a99:192.168.151.99:43663] with ContainerStateMachine:uninitialized
2019-09-26 15:38:58,653 [pool-123-thread-1] INFO  server.RaftServerConfigKeys (ConfUtils.java:logGet(43)) - raft.server.rpc.timeout.min = 5s (custom)
2019-09-26 15:38:58,654 [pool-123-thread-1] INFO  server.RaftServerConfigKeys (ConfUtils.java:logGet(43)) - raft.server.rpc.timeout.max = 5200ms (custom)
2019-09-26 15:38:58,654 [pool-123-thread-1] INFO  server.RaftServerConfigKeys (ConfUtils.java:logGet(43)) - raft.server.rpcslowness.timeout = 120s (custom)
2019-09-26 15:38:58,654 [pool-123-thread-1] INFO  server.RaftServerConfigKeys (ConfUtils.java:logGet(43)) - raft.server.sleep.deviation.threshold = 300 (default)
2019-09-26 15:38:58,654 [pool-123-thread-1] INFO  server.RaftServerConfigKeys (ConfUtils.java:logGet(43)) - raft.server.log.appender.install.snapshot.enabled = false (custom)
2019-09-26 15:38:58,654 [bcb704dc-2543-42a4-8762-cde039a55a99@group-674816C43D23-SegmentedRaftLogWorker] INFO  segmented.SegmentedRaftLogWorker (SegmentedRaftLogWorker.java:execute(569)) - bcb704dc-2543-42a4-8762-cde039a55a99@group-674816C43D23-SegmentedRaftLogWorker: created new log segment /workdir/hadoop-ozone/integration-test/target/test-dir/MiniOzoneClusterImpl-87962e32-e39f-4c57-b747-30c883c1cc54/datanode-0/data/ratis/edd69f82-8aa2-443f-9bf5-674816c43d23/current/log_inprogress_0
2019-09-26 15:38:58,654 [bcb704dc-2543-42a4-8762-cde039a55a99@group-230A12E46097-SegmentedRaftLogWorker] INFO  segmented.SegmentedRaftLogWorker (SegmentedRaftLogWorker.java:execute(569)) - bcb704dc-2543-42a4-8762-cde039a55a99@group-230A12E46097-SegmentedRaftLogWorker: created new log segment /workdir/hadoop-ozone/integration-test/target/test-dir/MiniOzoneClusterImpl-87962e32-e39f-4c57-b747-30c883c1cc54/datanode-0/data/ratis/aa8cd823-5329-4b25-a770-230a12e46097/current/log_inprogress_0
2019-09-26 15:38:58,654 [pool-123-thread-1] INFO  impl.RaftServerImpl (ServerState.java:<init>(103)) - bcb704dc-2543-42a4-8762-cde039a55a99@group-2D09A842301B: ConfigurationManager, init=-1: [bcb704dc-2543-42a4-8762-cde039a55a99:192.168.151.99:43663], old=null, confs=<EMPTY_MAP>
2019-09-26 15:38:58,654 [bcb704dc-2543-42a4-8762-cde039a55a99@group-41ECB5E8018A:LeaderElection104] INFO  impl.LeaderElection (LeaderElection.java:askForVotes(182)) - bcb704dc-2543-42a4-8762-cde039a55a99@group-41ECB5E8018A:LeaderElection104: begin an election at term 1 for -1: [bcb704dc-2543-42a4-8762-cde039a55a99:192.168.151.99:43663], old=null
2019-09-26 15:38:58,654 [pool-123-thread-1] INFO  server.RaftServerConfigKeys (ConfUtils.java:logGet(43)) - raft.server.storage.dir = [/workdir/hadoop-ozone/integration-test/target/test-dir/MiniOzoneClusterImpl-87962e32-e39f-4c57-b747-30c883c1cc54/datanode-0/data/ratis] (custom)
2019-09-26 15:38:58,655 [bcb704dc-2543-42a4-8762-cde039a55a99@group-41ECB5E8018A:LeaderElection104] INFO  impl.RoleInfo (RoleInfo.java:shutdownLeaderElection(134)) - bcb704dc-2543-42a4-8762-cde039a55a99: shutdown LeaderElection
2019-09-26 15:38:58,655 [bcb704dc-2543-42a4-8762-cde039a55a99@group-41ECB5E8018A:LeaderElection104] INFO  impl.RaftServerImpl (RaftServerImpl.java:setRole(174)) - bcb704dc-2543-42a4-8762-cde039a55a99@group-41ECB5E8018A: changes role from CANDIDATE to LEADER at term 1 for changeToLeader
2019-09-26 15:38:58,655 [bcb704dc-2543-42a4-8762-cde039a55a99@group-41ECB5E8018A:LeaderElection104] INFO  impl.RaftServerImpl (ServerState.java:setLeader(253)) - bcb704dc-2543-42a4-8762-cde039a55a99@group-41ECB5E8018A: change Leader from null to bcb704dc-2543-42a4-8762-cde039a55a99 at term 1 for becomeLeader, leader elected after 5143ms
2019-09-26 15:38:58,655 [bcb704dc-2543-42a4-8762-cde039a55a99@group-41ECB5E8018A:LeaderElection104] INFO  server.RaftServerConfigKeys (ConfUtils.java:logGet(43)) - raft.server.staging.catchup.gap = 1000 (default)
2019-09-26 15:38:58,655 [bcb704dc-2543-42a4-8762-cde039a55a99@group-41ECB5E8018A:LeaderElection104] INFO  server.RaftServerConfigKeys (ConfUtils.java:logGet(43)) - raft.server.rpc.sleep.time = 25ms (default)
2019-09-26 15:38:58,655 [pool-123-thread-1] INFO  storage.RaftStorageDirectory (RaftStorageDirectory.java:analyzeStorage(246)) - The storage directory /workdir/hadoop-ozone/integration-test/target/test-dir/MiniOzoneClusterImpl-87962e32-e39f-4c57-b747-30c883c1cc54/datanode-0/data/ratis/d807bea1-8858-4521-a2a3-2d09a842301b does not exist. Creating ...
2019-09-26 15:38:58,655 [bcb704dc-2543-42a4-8762-cde039a55a99@group-41ECB5E8018A:LeaderElection104] INFO  server.RaftServerConfigKeys (ConfUtils.java:logGet(43)) - raft.server.write.element-limit = 4096 (default)
2019-09-26 15:38:58,656 [bcb704dc-2543-42a4-8762-cde039a55a99@group-41ECB5E8018A:LeaderElection104] INFO  server.RaftServerConfigKeys (ConfUtils.java:logGet(43)) - raft.server.watch.timeout = 10s (default)
2019-09-26 15:38:58,656 [bcb704dc-2543-42a4-8762-cde039a55a99@group-41ECB5E8018A:LeaderElection104] INFO  server.RaftServerConfigKeys (ConfUtils.java:logGet(43)) - raft.server.watch.timeout.denomination = 1s (default)
2019-09-26 15:38:58,656 [bcb704dc-2543-42a4-8762-cde039a55a99@group-41ECB5E8018A:LeaderElection104] INFO  server.RaftServerConfigKeys (ConfUtils.java:logGet(43)) - raft.server.watch.element-limit = 65536 (default)
2019-09-26 15:38:58,657 [bcb704dc-2543-42a4-8762-cde039a55a99@group-41ECB5E8018A:LeaderElection104] INFO  impl.RoleInfo (RoleInfo.java:updateAndGet(143)) - bcb704dc-2543-42a4-8762-cde039a55a99: start LeaderState
2019-09-26 15:38:58,658 [bcb704dc-2543-42a4-8762-cde039a55a99@group-41ECB5E8018A:LeaderElection104] INFO  segmented.SegmentedRaftLogWorker (SegmentedRaftLogWorker.java:startLogSegment(380)) - bcb704dc-2543-42a4-8762-cde039a55a99@group-41ECB5E8018A-SegmentedRaftLogWorker: Starting segment from index:0
2019-09-26 15:38:58,658 [bcb704dc-2543-42a4-8762-cde039a55a99@group-41ECB5E8018A:LeaderElection104] INFO  impl.RaftServerImpl (ServerState.java:setRaftConf(354)) - bcb704dc-2543-42a4-8762-cde039a55a99@group-41ECB5E8018A: set configuration 0: [bcb704dc-2543-42a4-8762-cde039a55a99:192.168.151.99:43663], old=null at 0
2019-09-26 15:38:58,658 [pool-123-thread-1] INFO  storage.RaftStorageDirectory (RaftStorageDirectory.java:tryLock(328)) - Lock on /workdir/hadoop-ozone/integration-test/target/test-dir/MiniOzoneClusterImpl-87962e32-e39f-4c57-b747-30c883c1cc54/datanode-0/data/ratis/d807bea1-8858-4521-a2a3-2d09a842301b/in_use.lock acquired by nodename 10626@pr-hdds-1569-g6sp5-2013761785
2019-09-26 15:38:58,662 [pool-123-thread-1] INFO  storage.RaftStorage (RaftStorage.java:format(72)) - Storage directory /workdir/hadoop-ozone/integration-test/target/test-dir/MiniOzoneClusterImpl-87962e32-e39f-4c57-b747-30c883c1cc54/datanode-0/data/ratis/d807bea1-8858-4521-a2a3-2d09a842301b has been successfully formatted.
2019-09-26 15:38:58,662 [pool-123-thread-1] INFO  ratis.ContainerStateMachine (ContainerStateMachine.java:loadSnapshot(230)) - group-2D09A842301B: The snapshot info is null. Setting the last applied indexto:(t:0, i:~)
2019-09-26 15:38:58,662 [pool-123-thread-1] INFO  server.RaftServerConfigKeys (ConfUtils.java:logGet(43)) - raft.server.notification.no-leader.timeout = 120s (custom)
2019-09-26 15:38:58,663 [pool-123-thread-1] INFO  server.RaftServerConfigKeys (ConfUtils.java:logGet(43)) - raft.server.log.use.memory = false (default)
2019-09-26 15:38:58,663 [pool-123-thread-1] INFO  server.RaftServerConfigKeys (ConfUtils.java:logGet(43)) - raft.server.log.purge.gap = 1000000 (custom)
2019-09-26 15:38:58,663 [pool-123-thread-1] INFO  server.RaftServerConfigKeys (ConfUtils.java:logGet(43)) - raft.server.log.appender.buffer.byte-limit = 33554432 (custom)
2019-09-26 15:38:58,663 [pool-123-thread-1] INFO  server.RaftServerConfigKeys (ConfUtils.java:logGet(43)) - raft.server.log.segment.size.max = 1048576 (custom)
2019-09-26 15:38:58,663 [pool-123-thread-1] INFO  server.RaftServerConfigKeys (ConfUtils.java:logGet(43)) - raft.server.log.segment.cache.num.max = 2 (custom)
2019-09-26 15:38:58,663 [pool-123-thread-1] INFO  segmented.SegmentedRaftLogWorker (SegmentedRaftLogWorker.java:<init>(172)) - new bcb704dc-2543-42a4-8762-cde039a55a99@group-2D09A842301B-SegmentedRaftLogWorker for RaftStorage:Storage Directory /workdir/hadoop-ozone/integration-test/target/test-dir/MiniOzoneClusterImpl-87962e32-e39f-4c57-b747-30c883c1cc54/datanode-0/data/ratis/d807bea1-8858-4521-a2a3-2d09a842301b
2019-09-26 15:38:58,663 [pool-123-thread-1] INFO  server.RaftServerConfigKeys (ConfUtils.java:logGet(43)) - raft.server.log.queue.byte-limit = 2147483647 (custom)
2019-09-26 15:38:58,663 [pool-123-thread-1] INFO  server.RaftServerConfigKeys (ConfUtils.java:logGet(43)) - raft.server.log.queue.element-limit = 1024 (custom)
2019-09-26 15:38:58,664 [pool-123-thread-1] INFO  server.RaftServerConfigKeys (ConfUtils.java:logGet(43)) - raft.server.log.segment.size.max = 1048576 (custom)
2019-09-26 15:38:58,664 [pool-123-thread-1] INFO  server.RaftServerConfigKeys (ConfUtils.java:logGet(43)) - raft.server.log.preallocated.size = 16384 (custom)
2019-09-26 15:38:58,664 [pool-123-thread-1] INFO  server.RaftServerConfigKeys (ConfUtils.java:logGet(43)) - raft.server.log.write.buffer.size = 33554432 (custom)
2019-09-26 15:38:58,664 [pool-123-thread-1] INFO  server.RaftServerConfigKeys (ConfUtils.java:logGet(43)) - raft.server.log.force.sync.num = 128 (default)
2019-09-26 15:38:58,664 [pool-123-thread-1] INFO  server.RaftServerConfigKeys (ConfUtils.java:logGet(43)) - raft.server.log.statemachine.data.sync = true (default)
2019-09-26 15:38:58,664 [pool-123-thread-1] INFO  server.RaftServerConfigKeys (ConfUtils.java:logGet(43)) - raft.server.log.statemachine.data.sync.timeout = 10s (default)
2019-09-26 15:38:58,664 [pool-123-thread-1] INFO  server.RaftServerConfigKeys (ConfUtils.java:logGet(43)) - raft.server.log.statemachine.data.sync.timeout.retry = -1 (default)
2019-09-26 15:38:58,665 [pool-123-thread-1] INFO  server.RaftServerConfigKeys (ConfUtils.java:logGet(43)) - raft.server.log.statemachine.data.caching.enabled = true (custom)
2019-09-26 15:38:58,665 [pool-123-thread-1] INFO  segmented.SegmentedRaftLogWorker (SegmentedRaftLogWorker.java:lambda$new$0(132)) - bcb704dc-2543-42a4-8762-cde039a55a99@group-2D09A842301B-SegmentedRaftLogWorker: flushIndex: setUnconditionally 0 -> -1
2019-09-26 15:38:58,665 [pool-123-thread-1] INFO  server.RaftServerConfigKeys (ConfUtils.java:logGet(43)) - raft.server.snapshot.auto.trigger.enabled = true (custom)
2019-09-26 15:38:58,665 [pool-123-thread-1] INFO  server.RaftServerConfigKeys (ConfUtils.java:logGet(43)) - raft.server.snapshot.auto.trigger.threshold = 10000 (custom)
2019-09-26 15:38:58,665 [pool-123-thread-1] INFO  server.RaftServerConfigKeys (ConfUtils.java:logGet(43)) - raft.server.snapshot.retention.num.files = 5 (custom)
2019-09-26 15:38:58,665 [pool-123-thread-1] INFO  server.RaftServerConfigKeys (ConfUtils.java:logGet(43)) - raft.server.retrycache.expirytime = 600000ms (custom)
2019-09-26 15:38:58,667 [pool-123-thread-1] INFO  impl.RaftServerImpl (RaftServerImpl.java:start(185)) - bcb704dc-2543-42a4-8762-cde039a55a99@group-2D09A842301B: start as a follower, conf=-1: [bcb704dc-2543-42a4-8762-cde039a55a99:192.168.151.99:43663], old=null
2019-09-26 15:38:58,667 [pool-123-thread-1] INFO  impl.RaftServerImpl (RaftServerImpl.java:setRole(174)) - bcb704dc-2543-42a4-8762-cde039a55a99@group-2D09A842301B: changes role from      null to FOLLOWER at term 0 for startAsFollower
2019-09-26 15:38:58,667 [pool-123-thread-1] INFO  impl.RoleInfo (RoleInfo.java:updateAndGet(143)) - bcb704dc-2543-42a4-8762-cde039a55a99: start FollowerState
2019-09-26 15:38:58,668 [pool-123-thread-1] INFO  util.JmxRegister (JmxRegister.java:tryRegister(44)) - Successfully registered JMX Bean with object name Ratis:service=RaftServer,group=group-2D09A842301B,id=bcb704dc-2543-42a4-8762-cde039a55a99
2019-09-26 15:38:58,670 [RatisPipelineUtilsThread] INFO  pipeline.PipelineStateManager (PipelineStateManager.java:addPipeline(56)) - Created pipeline Pipeline[ Id: d807bea1-8858-4521-a2a3-2d09a842301b, Nodes: bcb704dc-2543-42a4-8762-cde039a55a99{ip: 192.168.151.99, host: pr-hdds-1569-g6sp5-2013761785, networkLocation: /default-rack, certSerialId: null}, Type:RATIS, Factor:ONE, State:OPEN]
2019-09-26 15:38:58,674 [Thread-1823] INFO  impl.FollowerState (FollowerState.java:run(106)) - bcb704dc-2543-42a4-8762-cde039a55a99:group-96F7D42FA76B changes to CANDIDATE, lastRpcTime:5009, electionTimeout:5009ms
2019-09-26 15:38:58,674 [Thread-1823] INFO  impl.RoleInfo (RoleInfo.java:shutdownFollowerState(121)) - bcb704dc-2543-42a4-8762-cde039a55a99: shutdown FollowerState
2019-09-26 15:38:58,674 [Thread-1823] INFO  impl.RaftServerImpl (RaftServerImpl.java:setRole(174)) - bcb704dc-2543-42a4-8762-cde039a55a99@group-96F7D42FA76B: changes role from  FOLLOWER to CANDIDATE at term 0 for changeToCandidate
2019-09-26 15:38:58,674 [Thread-1823] INFO  impl.RoleInfo (RoleInfo.java:updateAndGet(143)) - bcb704dc-2543-42a4-8762-cde039a55a99: start LeaderElection
2019-09-26 15:38:58,674 [grpc-default-executor-0] INFO  impl.RaftServerProxy (RaftServerProxy.java:addNew(89)) - bcb704dc-2543-42a4-8762-cde039a55a99: addNew group-008535A2A097:[bcb704dc-2543-42a4-8762-cde039a55a99:192.168.151.99:43663] returns group-008535A2A097:java.util.concurrent.CompletableFuture@6bef15b1[Not completed]
2019-09-26 15:38:58,675 [pool-123-thread-1] INFO  impl.RaftServerImpl (RaftServerImpl.java:<init>(95)) - bcb704dc-2543-42a4-8762-cde039a55a99: new RaftServerImpl for group-008535A2A097:[bcb704dc-2543-42a4-8762-cde039a55a99:192.168.151.99:43663] with ContainerStateMachine:uninitialized
2019-09-26 15:38:58,675 [pool-123-thread-1] INFO  server.RaftServerConfigKeys (ConfUtils.java:logGet(43)) - raft.server.rpc.timeout.min = 5s (custom)
2019-09-26 15:38:58,675 [pool-123-thread-1] INFO  server.RaftServerConfigKeys (ConfUtils.java:logGet(43)) - raft.server.rpc.timeout.max = 5200ms (custom)
2019-09-26 15:38:58,675 [pool-123-thread-1] INFO  server.RaftServerConfigKeys (ConfUtils.java:logGet(43)) - raft.server.rpcslowness.timeout = 120s (custom)
2019-09-26 15:38:58,675 [pool-123-thread-1] INFO  server.RaftServerConfigKeys (ConfUtils.java:logGet(43)) - raft.server.sleep.deviation.threshold = 300 (default)
2019-09-26 15:38:58,675 [pool-123-thread-1] INFO  server.RaftServerConfigKeys (ConfUtils.java:logGet(43)) - raft.server.log.appender.install.snapshot.enabled = false (custom)
2019-09-26 15:38:58,676 [pool-123-thread-1] INFO  impl.RaftServerImpl (ServerState.java:<init>(103)) - bcb704dc-2543-42a4-8762-cde039a55a99@group-008535A2A097: ConfigurationManager, init=-1: [bcb704dc-2543-42a4-8762-cde039a55a99:192.168.151.99:43663], old=null, confs=<EMPTY_MAP>
2019-09-26 15:38:58,676 [pool-123-thread-1] INFO  server.RaftServerConfigKeys (ConfUtils.java:logGet(43)) - raft.server.storage.dir = [/workdir/hadoop-ozone/integration-test/target/test-dir/MiniOzoneClusterImpl-87962e32-e39f-4c57-b747-30c883c1cc54/datanode-0/data/ratis] (custom)
2019-09-26 15:38:58,676 [pool-123-thread-1] INFO  storage.RaftStorageDirectory (RaftStorageDirectory.java:analyzeStorage(246)) - The storage directory /workdir/hadoop-ozone/integration-test/target/test-dir/MiniOzoneClusterImpl-87962e32-e39f-4c57-b747-30c883c1cc54/datanode-0/data/ratis/40ecd677-a27d-48f2-87b4-008535a2a097 does not exist. Creating ...
2019-09-26 15:38:58,679 [bcb704dc-2543-42a4-8762-cde039a55a99@group-96F7D42FA76B:LeaderElection105] INFO  impl.LeaderElection (LeaderElection.java:askForVotes(182)) - bcb704dc-2543-42a4-8762-cde039a55a99@group-96F7D42FA76B:LeaderElection105: begin an election at term 1 for -1: [bcb704dc-2543-42a4-8762-cde039a55a99:192.168.151.99:43663], old=null
2019-09-26 15:38:58,679 [bcb704dc-2543-42a4-8762-cde039a55a99@group-96F7D42FA76B:LeaderElection105] INFO  impl.RoleInfo (RoleInfo.java:shutdownLeaderElection(134)) - bcb704dc-2543-42a4-8762-cde039a55a99: shutdown LeaderElection
2019-09-26 15:38:58,679 [bcb704dc-2543-42a4-8762-cde039a55a99@group-96F7D42FA76B:LeaderElection105] INFO  impl.RaftServerImpl (RaftServerImpl.java:setRole(174)) - bcb704dc-2543-42a4-8762-cde039a55a99@group-96F7D42FA76B: changes role from CANDIDATE to LEADER at term 1 for changeToLeader
2019-09-26 15:38:58,679 [bcb704dc-2543-42a4-8762-cde039a55a99@group-96F7D42FA76B:LeaderElection105] INFO  impl.RaftServerImpl (ServerState.java:setLeader(253)) - bcb704dc-2543-42a4-8762-cde039a55a99@group-96F7D42FA76B: change Leader from null to bcb704dc-2543-42a4-8762-cde039a55a99 at term 1 for becomeLeader, leader elected after 5018ms
2019-09-26 15:38:58,679 [bcb704dc-2543-42a4-8762-cde039a55a99@group-96F7D42FA76B:LeaderElection105] INFO  server.RaftServerConfigKeys (ConfUtils.java:logGet(43)) - raft.server.staging.catchup.gap = 1000 (default)
2019-09-26 15:38:58,679 [bcb704dc-2543-42a4-8762-cde039a55a99@group-96F7D42FA76B:LeaderElection105] INFO  server.RaftServerConfigKeys (ConfUtils.java:logGet(43)) - raft.server.rpc.sleep.time = 25ms (default)
2019-09-26 15:38:58,680 [bcb704dc-2543-42a4-8762-cde039a55a99@group-96F7D42FA76B:LeaderElection105] INFO  server.RaftServerConfigKeys (ConfUtils.java:logGet(43)) - raft.server.write.element-limit = 4096 (default)
2019-09-26 15:38:58,680 [bcb704dc-2543-42a4-8762-cde039a55a99@group-96F7D42FA76B:LeaderElection105] INFO  server.RaftServerConfigKeys (ConfUtils.java:logGet(43)) - raft.server.watch.timeout = 10s (default)
2019-09-26 15:38:58,680 [bcb704dc-2543-42a4-8762-cde039a55a99@group-96F7D42FA76B:LeaderElection105] INFO  server.RaftServerConfigKeys (ConfUtils.java:logGet(43)) - raft.server.watch.timeout.denomination = 1s (default)
2019-09-26 15:38:58,680 [bcb704dc-2543-42a4-8762-cde039a55a99@group-96F7D42FA76B:LeaderElection105] INFO  server.RaftServerConfigKeys (ConfUtils.java:logGet(43)) - raft.server.watch.element-limit = 65536 (default)
2019-09-26 15:38:58,681 [pool-123-thread-1] INFO  storage.RaftStorageDirectory (RaftStorageDirectory.java:tryLock(328)) - Lock on /workdir/hadoop-ozone/integration-test/target/test-dir/MiniOzoneClusterImpl-87962e32-e39f-4c57-b747-30c883c1cc54/datanode-0/data/ratis/40ecd677-a27d-48f2-87b4-008535a2a097/in_use.lock acquired by nodename 10626@pr-hdds-1569-g6sp5-2013761785
2019-09-26 15:38:58,681 [bcb704dc-2543-42a4-8762-cde039a55a99@group-96F7D42FA76B:LeaderElection105] INFO  impl.RoleInfo (RoleInfo.java:updateAndGet(143)) - bcb704dc-2543-42a4-8762-cde039a55a99: start LeaderState
2019-09-26 15:38:58,681 [bcb704dc-2543-42a4-8762-cde039a55a99@group-96F7D42FA76B:LeaderElection105] INFO  segmented.SegmentedRaftLogWorker (SegmentedRaftLogWorker.java:startLogSegment(380)) - bcb704dc-2543-42a4-8762-cde039a55a99@group-96F7D42FA76B-SegmentedRaftLogWorker: Starting segment from index:0
2019-09-26 15:38:58,682 [bcb704dc-2543-42a4-8762-cde039a55a99@group-96F7D42FA76B:LeaderElection105] INFO  impl.RaftServerImpl (ServerState.java:setRaftConf(354)) - bcb704dc-2543-42a4-8762-cde039a55a99@group-96F7D42FA76B: set configuration 0: [bcb704dc-2543-42a4-8762-cde039a55a99:192.168.151.99:43663], old=null at 0
2019-09-26 15:38:58,684 [pool-123-thread-1] INFO  storage.RaftStorage (RaftStorage.java:format(72)) - Storage directory /workdir/hadoop-ozone/integration-test/target/test-dir/MiniOzoneClusterImpl-87962e32-e39f-4c57-b747-30c883c1cc54/datanode-0/data/ratis/40ecd677-a27d-48f2-87b4-008535a2a097 has been successfully formatted.
2019-09-26 15:38:58,684 [pool-123-thread-1] INFO  ratis.ContainerStateMachine (ContainerStateMachine.java:loadSnapshot(230)) - group-008535A2A097: The snapshot info is null. Setting the last applied indexto:(t:0, i:~)
2019-09-26 15:38:58,685 [pool-123-thread-1] INFO  server.RaftServerConfigKeys (ConfUtils.java:logGet(43)) - raft.server.notification.no-leader.timeout = 120s (custom)
2019-09-26 15:38:58,685 [pool-123-thread-1] INFO  server.RaftServerConfigKeys (ConfUtils.java:logGet(43)) - raft.server.log.use.memory = false (default)
2019-09-26 15:38:58,685 [pool-123-thread-1] INFO  server.RaftServerConfigKeys (ConfUtils.java:logGet(43)) - raft.server.log.purge.gap = 1000000 (custom)
2019-09-26 15:38:58,685 [pool-123-thread-1] INFO  server.RaftServerConfigKeys (ConfUtils.java:logGet(43)) - raft.server.log.appender.buffer.byte-limit = 33554432 (custom)
2019-09-26 15:38:58,685 [pool-123-thread-1] INFO  server.RaftServerConfigKeys (ConfUtils.java:logGet(43)) - raft.server.log.segment.size.max = 1048576 (custom)
2019-09-26 15:38:58,685 [pool-123-thread-1] INFO  server.RaftServerConfigKeys (ConfUtils.java:logGet(43)) - raft.server.log.segment.cache.num.max = 2 (custom)
2019-09-26 15:38:58,685 [pool-123-thread-1] INFO  segmented.SegmentedRaftLogWorker (SegmentedRaftLogWorker.java:<init>(172)) - new bcb704dc-2543-42a4-8762-cde039a55a99@group-008535A2A097-SegmentedRaftLogWorker for RaftStorage:Storage Directory /workdir/hadoop-ozone/integration-test/target/test-dir/MiniOzoneClusterImpl-87962e32-e39f-4c57-b747-30c883c1cc54/datanode-0/data/ratis/40ecd677-a27d-48f2-87b4-008535a2a097
2019-09-26 15:38:58,685 [pool-123-thread-1] INFO  server.RaftServerConfigKeys (ConfUtils.java:logGet(43)) - raft.server.log.queue.byte-limit = 2147483647 (custom)
2019-09-26 15:38:58,686 [pool-123-thread-1] INFO  server.RaftServerConfigKeys (ConfUtils.java:logGet(43)) - raft.server.log.queue.element-limit = 1024 (custom)
2019-09-26 15:38:58,686 [pool-123-thread-1] INFO  server.RaftServerConfigKeys (ConfUtils.java:logGet(43)) - raft.server.log.segment.size.max = 1048576 (custom)
2019-09-26 15:38:58,686 [pool-123-thread-1] INFO  server.RaftServerConfigKeys (ConfUtils.java:logGet(43)) - raft.server.log.preallocated.size = 16384 (custom)
2019-09-26 15:38:58,686 [pool-123-thread-1] INFO  server.RaftServerConfigKeys (ConfUtils.java:logGet(43)) - raft.server.log.write.buffer.size = 33554432 (custom)
2019-09-26 15:38:58,686 [pool-123-thread-1] INFO  server.RaftServerConfigKeys (ConfUtils.java:logGet(43)) - raft.server.log.force.sync.num = 128 (default)
2019-09-26 15:38:58,686 [pool-123-thread-1] INFO  server.RaftServerConfigKeys (ConfUtils.java:logGet(43)) - raft.server.log.statemachine.data.sync = true (default)
2019-09-26 15:38:58,686 [pool-123-thread-1] INFO  server.RaftServerConfigKeys (ConfUtils.java:logGet(43)) - raft.server.log.statemachine.data.sync.timeout = 10s (default)
2019-09-26 15:38:58,686 [pool-123-thread-1] INFO  server.RaftServerConfigKeys (ConfUtils.java:logGet(43)) - raft.server.log.statemachine.data.sync.timeout.retry = -1 (default)
2019-09-26 15:38:58,687 [pool-123-thread-1] INFO  server.RaftServerConfigKeys (ConfUtils.java:logGet(43)) - raft.server.log.statemachine.data.caching.enabled = true (custom)
2019-09-26 15:38:58,687 [pool-123-thread-1] INFO  segmented.SegmentedRaftLogWorker (SegmentedRaftLogWorker.java:lambda$new$0(132)) - bcb704dc-2543-42a4-8762-cde039a55a99@group-008535A2A097-SegmentedRaftLogWorker: flushIndex: setUnconditionally 0 -> -1
2019-09-26 15:38:58,687 [pool-123-thread-1] INFO  server.RaftServerConfigKeys (ConfUtils.java:logGet(43)) - raft.server.snapshot.auto.trigger.enabled = true (custom)
2019-09-26 15:38:58,687 [pool-123-thread-1] INFO  server.RaftServerConfigKeys (ConfUtils.java:logGet(43)) - raft.server.snapshot.auto.trigger.threshold = 10000 (custom)
2019-09-26 15:38:58,687 [pool-123-thread-1] INFO  server.RaftServerConfigKeys (ConfUtils.java:logGet(43)) - raft.server.snapshot.retention.num.files = 5 (custom)
2019-09-26 15:38:58,687 [pool-123-thread-1] INFO  server.RaftServerConfigKeys (ConfUtils.java:logGet(43)) - raft.server.retrycache.expirytime = 600000ms (custom)
2019-09-26 15:38:58,687 [Thread-1814] INFO  impl.FollowerState (FollowerState.java:run(106)) - bcb704dc-2543-42a4-8762-cde039a55a99:group-76FE2729962D changes to CANDIDATE, lastRpcTime:5083, electionTimeout:5083ms
2019-09-26 15:38:58,688 [Thread-1814] INFO  impl.RoleInfo (RoleInfo.java:shutdownFollowerState(121)) - bcb704dc-2543-42a4-8762-cde039a55a99: shutdown FollowerState
2019-09-26 15:38:58,688 [Thread-1814] INFO  impl.RaftServerImpl (RaftServerImpl.java:setRole(174)) - bcb704dc-2543-42a4-8762-cde039a55a99@group-76FE2729962D: changes role from  FOLLOWER to CANDIDATE at term 0 for changeToCandidate
2019-09-26 15:38:58,688 [Thread-1814] INFO  impl.RoleInfo (RoleInfo.java:updateAndGet(143)) - bcb704dc-2543-42a4-8762-cde039a55a99: start LeaderElection
2019-09-26 15:38:58,689 [pool-123-thread-1] INFO  impl.RaftServerImpl (RaftServerImpl.java:start(185)) - bcb704dc-2543-42a4-8762-cde039a55a99@group-008535A2A097: start as a follower, conf=-1: [bcb704dc-2543-42a4-8762-cde039a55a99:192.168.151.99:43663], old=null
2019-09-26 15:38:58,689 [pool-123-thread-1] INFO  impl.RaftServerImpl (RaftServerImpl.java:setRole(174)) - bcb704dc-2543-42a4-8762-cde039a55a99@group-008535A2A097: changes role from      null to FOLLOWER at term 0 for startAsFollower
2019-09-26 15:38:58,689 [pool-123-thread-1] INFO  impl.RoleInfo (RoleInfo.java:updateAndGet(143)) - bcb704dc-2543-42a4-8762-cde039a55a99: start FollowerState
2019-09-26 15:38:58,689 [pool-123-thread-1] INFO  util.JmxRegister (JmxRegister.java:tryRegister(44)) - Successfully registered JMX Bean with object name Ratis:service=RaftServer,group=group-008535A2A097,id=bcb704dc-2543-42a4-8762-cde039a55a99
2019-09-26 15:38:58,690 [bcb704dc-2543-42a4-8762-cde039a55a99@group-41ECB5E8018A-SegmentedRaftLogWorker] INFO  segmented.SegmentedRaftLogWorker (SegmentedRaftLogWorker.java:execute(569)) - bcb704dc-2543-42a4-8762-cde039a55a99@group-41ECB5E8018A-SegmentedRaftLogWorker: created new log segment /workdir/hadoop-ozone/integration-test/target/test-dir/MiniOzoneClusterImpl-87962e32-e39f-4c57-b747-30c883c1cc54/datanode-0/data/ratis/4a180cda-d927-4bc5-a169-41ecb5e8018a/current/log_inprogress_0
2019-09-26 15:38:58,692 [RatisPipelineUtilsThread] INFO  pipeline.PipelineStateManager (PipelineStateManager.java:addPipeline(56)) - Created pipeline Pipeline[ Id: 40ecd677-a27d-48f2-87b4-008535a2a097, Nodes: bcb704dc-2543-42a4-8762-cde039a55a99{ip: 192.168.151.99, host: pr-hdds-1569-g6sp5-2013761785, networkLocation: /default-rack, certSerialId: null}, Type:RATIS, Factor:ONE, State:OPEN]
2019-09-26 15:38:58,692 [bcb704dc-2543-42a4-8762-cde039a55a99@group-76FE2729962D:LeaderElection106] INFO  impl.LeaderElection (LeaderElection.java:askForVotes(182)) - bcb704dc-2543-42a4-8762-cde039a55a99@group-76FE2729962D:LeaderElection106: begin an election at term 1 for -1: [bcb704dc-2543-42a4-8762-cde039a55a99:192.168.151.99:43663], old=null
2019-09-26 15:38:58,692 [bcb704dc-2543-42a4-8762-cde039a55a99@group-76FE2729962D:LeaderElection106] INFO  impl.RoleInfo (RoleInfo.java:shutdownLeaderElection(134)) - bcb704dc-2543-42a4-8762-cde039a55a99: shutdown LeaderElection
2019-09-26 15:38:58,692 [bcb704dc-2543-42a4-8762-cde039a55a99@group-76FE2729962D:LeaderElection106] INFO  impl.RaftServerImpl (RaftServerImpl.java:setRole(174)) - bcb704dc-2543-42a4-8762-cde039a55a99@group-76FE2729962D: changes role from CANDIDATE to LEADER at term 1 for changeToLeader
2019-09-26 15:38:58,692 [bcb704dc-2543-42a4-8762-cde039a55a99@group-76FE2729962D:LeaderElection106] INFO  impl.RaftServerImpl (ServerState.java:setLeader(253)) - bcb704dc-2543-42a4-8762-cde039a55a99@group-76FE2729962D: change Leader from null to bcb704dc-2543-42a4-8762-cde039a55a99 at term 1 for becomeLeader, leader elected after 5093ms
2019-09-26 15:38:58,693 [bcb704dc-2543-42a4-8762-cde039a55a99@group-76FE2729962D:LeaderElection106] INFO  server.RaftServerConfigKeys (ConfUtils.java:logGet(43)) - raft.server.staging.catchup.gap = 1000 (default)
2019-09-26 15:38:58,693 [bcb704dc-2543-42a4-8762-cde039a55a99@group-76FE2729962D:LeaderElection106] INFO  server.RaftServerConfigKeys (ConfUtils.java:logGet(43)) - raft.server.rpc.sleep.time = 25ms (default)
2019-09-26 15:38:58,693 [bcb704dc-2543-42a4-8762-cde039a55a99@group-76FE2729962D:LeaderElection106] INFO  server.RaftServerConfigKeys (ConfUtils.java:logGet(43)) - raft.server.write.element-limit = 4096 (default)
2019-09-26 15:38:58,693 [bcb704dc-2543-42a4-8762-cde039a55a99@group-76FE2729962D:LeaderElection106] INFO  server.RaftServerConfigKeys (ConfUtils.java:logGet(43)) - raft.server.watch.timeout = 10s (default)
2019-09-26 15:38:58,693 [bcb704dc-2543-42a4-8762-cde039a55a99@group-76FE2729962D:LeaderElection106] INFO  server.RaftServerConfigKeys (ConfUtils.java:logGet(43)) - raft.server.watch.timeout.denomination = 1s (default)
2019-09-26 15:38:58,693 [bcb704dc-2543-42a4-8762-cde039a55a99@group-76FE2729962D:LeaderElection106] INFO  server.RaftServerConfigKeys (ConfUtils.java:logGet(43)) - raft.server.watch.element-limit = 65536 (default)
2019-09-26 15:38:58,695 [bcb704dc-2543-42a4-8762-cde039a55a99@group-76FE2729962D:LeaderElection106] INFO  impl.RoleInfo (RoleInfo.java:updateAndGet(143)) - bcb704dc-2543-42a4-8762-cde039a55a99: start LeaderState
2019-09-26 15:38:58,695 [bcb704dc-2543-42a4-8762-cde039a55a99@group-76FE2729962D:LeaderElection106] INFO  segmented.SegmentedRaftLogWorker (SegmentedRaftLogWorker.java:startLogSegment(380)) - bcb704dc-2543-42a4-8762-cde039a55a99@group-76FE2729962D-SegmentedRaftLogWorker: Starting segment from index:0
2019-09-26 15:38:58,695 [bcb704dc-2543-42a4-8762-cde039a55a99@group-76FE2729962D:LeaderElection106] INFO  impl.RaftServerImpl (ServerState.java:setRaftConf(354)) - bcb704dc-2543-42a4-8762-cde039a55a99@group-76FE2729962D: set configuration 0: [bcb704dc-2543-42a4-8762-cde039a55a99:192.168.151.99:43663], old=null at 0
2019-09-26 15:38:58,696 [grpc-default-executor-0] INFO  impl.RaftServerProxy (RaftServerProxy.java:addNew(89)) - bcb704dc-2543-42a4-8762-cde039a55a99: addNew group-312551D5FA7C:[bcb704dc-2543-42a4-8762-cde039a55a99:192.168.151.99:43663] returns group-312551D5FA7C:java.util.concurrent.CompletableFuture@64ec1e00[Not completed]
2019-09-26 15:38:58,696 [pool-123-thread-1] INFO  impl.RaftServerImpl (RaftServerImpl.java:<init>(95)) - bcb704dc-2543-42a4-8762-cde039a55a99: new RaftServerImpl for group-312551D5FA7C:[bcb704dc-2543-42a4-8762-cde039a55a99:192.168.151.99:43663] with ContainerStateMachine:uninitialized
2019-09-26 15:38:58,697 [pool-123-thread-1] INFO  server.RaftServerConfigKeys (ConfUtils.java:logGet(43)) - raft.server.rpc.timeout.min = 5s (custom)
2019-09-26 15:38:58,697 [pool-123-thread-1] INFO  server.RaftServerConfigKeys (ConfUtils.java:logGet(43)) - raft.server.rpc.timeout.max = 5200ms (custom)
2019-09-26 15:38:58,697 [pool-123-thread-1] INFO  server.RaftServerConfigKeys (ConfUtils.java:logGet(43)) - raft.server.rpcslowness.timeout = 120s (custom)
2019-09-26 15:38:58,697 [pool-123-thread-1] INFO  server.RaftServerConfigKeys (ConfUtils.java:logGet(43)) - raft.server.sleep.deviation.threshold = 300 (default)
2019-09-26 15:38:58,697 [pool-123-thread-1] INFO  server.RaftServerConfigKeys (ConfUtils.java:logGet(43)) - raft.server.log.appender.install.snapshot.enabled = false (custom)
2019-09-26 15:38:58,697 [pool-123-thread-1] INFO  impl.RaftServerImpl (ServerState.java:<init>(103)) - bcb704dc-2543-42a4-8762-cde039a55a99@group-312551D5FA7C: ConfigurationManager, init=-1: [bcb704dc-2543-42a4-8762-cde039a55a99:192.168.151.99:43663], old=null, confs=<EMPTY_MAP>
2019-09-26 15:38:58,697 [pool-123-thread-1] INFO  server.RaftServerConfigKeys (ConfUtils.java:logGet(43)) - raft.server.storage.dir = [/workdir/hadoop-ozone/integration-test/target/test-dir/MiniOzoneClusterImpl-87962e32-e39f-4c57-b747-30c883c1cc54/datanode-0/data/ratis] (custom)
2019-09-26 15:38:58,698 [pool-123-thread-1] INFO  storage.RaftStorageDirectory (RaftStorageDirectory.java:analyzeStorage(246)) - The storage directory /workdir/hadoop-ozone/integration-test/target/test-dir/MiniOzoneClusterImpl-87962e32-e39f-4c57-b747-30c883c1cc54/datanode-0/data/ratis/0715058c-833b-4680-8459-312551d5fa7c does not exist. Creating ...
2019-09-26 15:38:58,702 [pool-123-thread-1] INFO  storage.RaftStorageDirectory (RaftStorageDirectory.java:tryLock(328)) - Lock on /workdir/hadoop-ozone/integration-test/target/test-dir/MiniOzoneClusterImpl-87962e32-e39f-4c57-b747-30c883c1cc54/datanode-0/data/ratis/0715058c-833b-4680-8459-312551d5fa7c/in_use.lock acquired by nodename 10626@pr-hdds-1569-g6sp5-2013761785
2019-09-26 15:38:58,721 [bcb704dc-2543-42a4-8762-cde039a55a99@group-96F7D42FA76B-SegmentedRaftLogWorker] INFO  segmented.SegmentedRaftLogWorker (SegmentedRaftLogWorker.java:execute(569)) - bcb704dc-2543-42a4-8762-cde039a55a99@group-96F7D42FA76B-SegmentedRaftLogWorker: created new log segment /workdir/hadoop-ozone/integration-test/target/test-dir/MiniOzoneClusterImpl-87962e32-e39f-4c57-b747-30c883c1cc54/datanode-0/data/ratis/62f602ec-69b8-4743-857d-96f7d42fa76b/current/log_inprogress_0
2019-09-26 15:38:58,721 [pool-123-thread-1] INFO  storage.RaftStorage (RaftStorage.java:format(72)) - Storage directory /workdir/hadoop-ozone/integration-test/target/test-dir/MiniOzoneClusterImpl-87962e32-e39f-4c57-b747-30c883c1cc54/datanode-0/data/ratis/0715058c-833b-4680-8459-312551d5fa7c has been successfully formatted.
2019-09-26 15:38:58,722 [pool-123-thread-1] INFO  ratis.ContainerStateMachine (ContainerStateMachine.java:loadSnapshot(230)) - group-312551D5FA7C: The snapshot info is null. Setting the last applied indexto:(t:0, i:~)
2019-09-26 15:38:58,722 [pool-123-thread-1] INFO  server.RaftServerConfigKeys (ConfUtils.java:logGet(43)) - raft.server.notification.no-leader.timeout = 120s (custom)
2019-09-26 15:38:58,722 [pool-123-thread-1] INFO  server.RaftServerConfigKeys (ConfUtils.java:logGet(43)) - raft.server.log.use.memory = false (default)
2019-09-26 15:38:58,722 [pool-123-thread-1] INFO  server.RaftServerConfigKeys (ConfUtils.java:logGet(43)) - raft.server.log.purge.gap = 1000000 (custom)
2019-09-26 15:38:58,722 [pool-123-thread-1] INFO  server.RaftServerConfigKeys (ConfUtils.java:logGet(43)) - raft.server.log.appender.buffer.byte-limit = 33554432 (custom)
2019-09-26 15:38:58,722 [pool-123-thread-1] INFO  server.RaftServerConfigKeys (ConfUtils.java:logGet(43)) - raft.server.log.segment.size.max = 1048576 (custom)
2019-09-26 15:38:58,722 [pool-123-thread-1] INFO  server.RaftServerConfigKeys (ConfUtils.java:logGet(43)) - raft.server.log.segment.cache.num.max = 2 (custom)
2019-09-26 15:38:58,723 [pool-123-thread-1] INFO  segmented.SegmentedRaftLogWorker (SegmentedRaftLogWorker.java:<init>(172)) - new bcb704dc-2543-42a4-8762-cde039a55a99@group-312551D5FA7C-SegmentedRaftLogWorker for RaftStorage:Storage Directory /workdir/hadoop-ozone/integration-test/target/test-dir/MiniOzoneClusterImpl-87962e32-e39f-4c57-b747-30c883c1cc54/datanode-0/data/ratis/0715058c-833b-4680-8459-312551d5fa7c
2019-09-26 15:38:58,723 [pool-123-thread-1] INFO  server.RaftServerConfigKeys (ConfUtils.java:logGet(43)) - raft.server.log.queue.byte-limit = 2147483647 (custom)
2019-09-26 15:38:58,723 [pool-123-thread-1] INFO  server.RaftServerConfigKeys (ConfUtils.java:logGet(43)) - raft.server.log.queue.element-limit = 1024 (custom)
2019-09-26 15:38:58,723 [pool-123-thread-1] INFO  server.RaftServerConfigKeys (ConfUtils.java:logGet(43)) - raft.server.log.segment.size.max = 1048576 (custom)
2019-09-26 15:38:58,723 [pool-123-thread-1] INFO  server.RaftServerConfigKeys (ConfUtils.java:logGet(43)) - raft.server.log.preallocated.size = 16384 (custom)
2019-09-26 15:38:58,723 [pool-123-thread-1] INFO  server.RaftServerConfigKeys (ConfUtils.java:logGet(43)) - raft.server.log.write.buffer.size = 33554432 (custom)
2019-09-26 15:38:58,723 [pool-123-thread-1] INFO  server.RaftServerConfigKeys (ConfUtils.java:logGet(43)) - raft.server.log.force.sync.num = 128 (default)
2019-09-26 15:38:58,723 [pool-123-thread-1] INFO  server.RaftServerConfigKeys (ConfUtils.java:logGet(43)) - raft.server.log.statemachine.data.sync = true (default)
2019-09-26 15:38:58,723 [pool-123-thread-1] INFO  server.RaftServerConfigKeys (ConfUtils.java:logGet(43)) - raft.server.log.statemachine.data.sync.timeout = 10s (default)
2019-09-26 15:38:58,724 [pool-123-thread-1] INFO  server.RaftServerConfigKeys (ConfUtils.java:logGet(43)) - raft.server.log.statemachine.data.sync.timeout.retry = -1 (default)
2019-09-26 15:38:58,724 [pool-123-thread-1] INFO  server.RaftServerConfigKeys (ConfUtils.java:logGet(43)) - raft.server.log.statemachine.data.caching.enabled = true (custom)
2019-09-26 15:38:58,724 [pool-123-thread-1] INFO  segmented.SegmentedRaftLogWorker (SegmentedRaftLogWorker.java:lambda$new$0(132)) - bcb704dc-2543-42a4-8762-cde039a55a99@group-312551D5FA7C-SegmentedRaftLogWorker: flushIndex: setUnconditionally 0 -> -1
2019-09-26 15:38:58,724 [Thread-1820] INFO  impl.FollowerState (FollowerState.java:run(106)) - bcb704dc-2543-42a4-8762-cde039a55a99:group-3017C8DB0AA9 changes to CANDIDATE, lastRpcTime:5080, electionTimeout:5080ms
2019-09-26 15:38:58,724 [Thread-1820] INFO  impl.RoleInfo (RoleInfo.java:shutdownFollowerState(121)) - bcb704dc-2543-42a4-8762-cde039a55a99: shutdown FollowerState
2019-09-26 15:38:58,724 [pool-123-thread-1] INFO  server.RaftServerConfigKeys (ConfUtils.java:logGet(43)) - raft.server.snapshot.auto.trigger.enabled = true (custom)
2019-09-26 15:38:58,724 [Thread-1820] INFO  impl.RaftServerImpl (RaftServerImpl.java:setRole(174)) - bcb704dc-2543-42a4-8762-cde039a55a99@group-3017C8DB0AA9: changes role from  FOLLOWER to CANDIDATE at term 0 for changeToCandidate
2019-09-26 15:38:58,725 [pool-123-thread-1] INFO  server.RaftServerConfigKeys (ConfUtils.java:logGet(43)) - raft.server.snapshot.auto.trigger.threshold = 10000 (custom)
2019-09-26 15:38:58,725 [Thread-1820] INFO  impl.RoleInfo (RoleInfo.java:updateAndGet(143)) - bcb704dc-2543-42a4-8762-cde039a55a99: start LeaderElection
2019-09-26 15:38:58,725 [pool-123-thread-1] INFO  server.RaftServerConfigKeys (ConfUtils.java:logGet(43)) - raft.server.snapshot.retention.num.files = 5 (custom)
2019-09-26 15:38:58,725 [pool-123-thread-1] INFO  server.RaftServerConfigKeys (ConfUtils.java:logGet(43)) - raft.server.retrycache.expirytime = 600000ms (custom)
2019-09-26 15:38:58,726 [pool-123-thread-1] INFO  impl.RaftServerImpl (RaftServerImpl.java:start(185)) - bcb704dc-2543-42a4-8762-cde039a55a99@group-312551D5FA7C: start as a follower, conf=-1: [bcb704dc-2543-42a4-8762-cde039a55a99:192.168.151.99:43663], old=null
2019-09-26 15:38:58,726 [pool-123-thread-1] INFO  impl.RaftServerImpl (RaftServerImpl.java:setRole(174)) - bcb704dc-2543-42a4-8762-cde039a55a99@group-312551D5FA7C: changes role from      null to FOLLOWER at term 0 for startAsFollower
2019-09-26 15:38:58,727 [pool-123-thread-1] INFO  impl.RoleInfo (RoleInfo.java:updateAndGet(143)) - bcb704dc-2543-42a4-8762-cde039a55a99: start FollowerState
2019-09-26 15:38:58,727 [pool-123-thread-1] INFO  util.JmxRegister (JmxRegister.java:tryRegister(44)) - Successfully registered JMX Bean with object name Ratis:service=RaftServer,group=group-312551D5FA7C,id=bcb704dc-2543-42a4-8762-cde039a55a99
2019-09-26 15:38:58,729 [RatisPipelineUtilsThread] INFO  pipeline.PipelineStateManager (PipelineStateManager.java:addPipeline(56)) - Created pipeline Pipeline[ Id: 0715058c-833b-4680-8459-312551d5fa7c, Nodes: bcb704dc-2543-42a4-8762-cde039a55a99{ip: 192.168.151.99, host: pr-hdds-1569-g6sp5-2013761785, networkLocation: /default-rack, certSerialId: null}, Type:RATIS, Factor:ONE, State:OPEN]
2019-09-26 15:38:58,733 [grpc-default-executor-0] INFO  impl.RaftServerProxy (RaftServerProxy.java:addNew(89)) - bcb704dc-2543-42a4-8762-cde039a55a99: addNew group-E184EC457834:[bcb704dc-2543-42a4-8762-cde039a55a99:192.168.151.99:43663] returns group-E184EC457834:java.util.concurrent.CompletableFuture@1fbe77ac[Not completed]
2019-09-26 15:38:58,734 [pool-123-thread-1] INFO  impl.RaftServerImpl (RaftServerImpl.java:<init>(95)) - bcb704dc-2543-42a4-8762-cde039a55a99: new RaftServerImpl for group-E184EC457834:[bcb704dc-2543-42a4-8762-cde039a55a99:192.168.151.99:43663] with ContainerStateMachine:uninitialized
2019-09-26 15:38:58,734 [pool-123-thread-1] INFO  server.RaftServerConfigKeys (ConfUtils.java:logGet(43)) - raft.server.rpc.timeout.min = 5s (custom)
2019-09-26 15:38:58,734 [pool-123-thread-1] INFO  server.RaftServerConfigKeys (ConfUtils.java:logGet(43)) - raft.server.rpc.timeout.max = 5200ms (custom)
2019-09-26 15:38:58,734 [pool-123-thread-1] INFO  server.RaftServerConfigKeys (ConfUtils.java:logGet(43)) - raft.server.rpcslowness.timeout = 120s (custom)
2019-09-26 15:38:58,734 [pool-123-thread-1] INFO  server.RaftServerConfigKeys (ConfUtils.java:logGet(43)) - raft.server.sleep.deviation.threshold = 300 (default)
2019-09-26 15:38:58,734 [pool-123-thread-1] INFO  server.RaftServerConfigKeys (ConfUtils.java:logGet(43)) - raft.server.log.appender.install.snapshot.enabled = false (custom)
2019-09-26 15:38:58,734 [pool-123-thread-1] INFO  impl.RaftServerImpl (ServerState.java:<init>(103)) - bcb704dc-2543-42a4-8762-cde039a55a99@group-E184EC457834: ConfigurationManager, init=-1: [bcb704dc-2543-42a4-8762-cde039a55a99:192.168.151.99:43663], old=null, confs=<EMPTY_MAP>
2019-09-26 15:38:58,735 [pool-123-thread-1] INFO  server.RaftServerConfigKeys (ConfUtils.java:logGet(43)) - raft.server.storage.dir = [/workdir/hadoop-ozone/integration-test/target/test-dir/MiniOzoneClusterImpl-87962e32-e39f-4c57-b747-30c883c1cc54/datanode-0/data/ratis] (custom)
2019-09-26 15:38:58,735 [pool-123-thread-1] INFO  storage.RaftStorageDirectory (RaftStorageDirectory.java:analyzeStorage(246)) - The storage directory /workdir/hadoop-ozone/integration-test/target/test-dir/MiniOzoneClusterImpl-87962e32-e39f-4c57-b747-30c883c1cc54/datanode-0/data/ratis/f7491615-6873-470d-aa93-e184ec457834 does not exist. Creating ...
2019-09-26 15:38:58,735 [bcb704dc-2543-42a4-8762-cde039a55a99@group-76FE2729962D-SegmentedRaftLogWorker] INFO  segmented.SegmentedRaftLogWorker (SegmentedRaftLogWorker.java:execute(569)) - bcb704dc-2543-42a4-8762-cde039a55a99@group-76FE2729962D-SegmentedRaftLogWorker: created new log segment /workdir/hadoop-ozone/integration-test/target/test-dir/MiniOzoneClusterImpl-87962e32-e39f-4c57-b747-30c883c1cc54/datanode-0/data/ratis/055c2915-cfda-4e35-870e-76fe2729962d/current/log_inprogress_0
2019-09-26 15:38:58,736 [bcb704dc-2543-42a4-8762-cde039a55a99@group-3017C8DB0AA9:LeaderElection107] INFO  impl.LeaderElection (LeaderElection.java:askForVotes(182)) - bcb704dc-2543-42a4-8762-cde039a55a99@group-3017C8DB0AA9:LeaderElection107: begin an election at term 1 for -1: [bcb704dc-2543-42a4-8762-cde039a55a99:192.168.151.99:43663], old=null
2019-09-26 15:38:58,736 [bcb704dc-2543-42a4-8762-cde039a55a99@group-3017C8DB0AA9:LeaderElection107] INFO  impl.RoleInfo (RoleInfo.java:shutdownLeaderElection(134)) - bcb704dc-2543-42a4-8762-cde039a55a99: shutdown LeaderElection
2019-09-26 15:38:58,736 [bcb704dc-2543-42a4-8762-cde039a55a99@group-3017C8DB0AA9:LeaderElection107] INFO  impl.RaftServerImpl (RaftServerImpl.java:setRole(174)) - bcb704dc-2543-42a4-8762-cde039a55a99@group-3017C8DB0AA9: changes role from CANDIDATE to LEADER at term 1 for changeToLeader
2019-09-26 15:38:58,736 [bcb704dc-2543-42a4-8762-cde039a55a99@group-3017C8DB0AA9:LeaderElection107] INFO  impl.RaftServerImpl (ServerState.java:setLeader(253)) - bcb704dc-2543-42a4-8762-cde039a55a99@group-3017C8DB0AA9: change Leader from null to bcb704dc-2543-42a4-8762-cde039a55a99 at term 1 for becomeLeader, leader elected after 5096ms
2019-09-26 15:38:58,736 [bcb704dc-2543-42a4-8762-cde039a55a99@group-3017C8DB0AA9:LeaderElection107] INFO  server.RaftServerConfigKeys (ConfUtils.java:logGet(43)) - raft.server.staging.catchup.gap = 1000 (default)
2019-09-26 15:38:58,736 [bcb704dc-2543-42a4-8762-cde039a55a99@group-3017C8DB0AA9:LeaderElection107] INFO  server.RaftServerConfigKeys (ConfUtils.java:logGet(43)) - raft.server.rpc.sleep.time = 25ms (default)
2019-09-26 15:38:58,736 [bcb704dc-2543-42a4-8762-cde039a55a99@group-3017C8DB0AA9:LeaderElection107] INFO  server.RaftServerConfigKeys (ConfUtils.java:logGet(43)) - raft.server.write.element-limit = 4096 (default)
2019-09-26 15:38:58,736 [bcb704dc-2543-42a4-8762-cde039a55a99@group-3017C8DB0AA9:LeaderElection107] INFO  server.RaftServerConfigKeys (ConfUtils.java:logGet(43)) - raft.server.watch.timeout = 10s (default)
2019-09-26 15:38:58,737 [bcb704dc-2543-42a4-8762-cde039a55a99@group-3017C8DB0AA9:LeaderElection107] INFO  server.RaftServerConfigKeys (ConfUtils.java:logGet(43)) - raft.server.watch.timeout.denomination = 1s (default)
2019-09-26 15:38:58,737 [bcb704dc-2543-42a4-8762-cde039a55a99@group-3017C8DB0AA9:LeaderElection107] INFO  server.RaftServerConfigKeys (ConfUtils.java:logGet(43)) - raft.server.watch.element-limit = 65536 (default)
2019-09-26 15:38:58,738 [bcb704dc-2543-42a4-8762-cde039a55a99@group-3017C8DB0AA9:LeaderElection107] INFO  impl.RoleInfo (RoleInfo.java:updateAndGet(143)) - bcb704dc-2543-42a4-8762-cde039a55a99: start LeaderState
2019-09-26 15:38:58,738 [bcb704dc-2543-42a4-8762-cde039a55a99@group-3017C8DB0AA9:LeaderElection107] INFO  segmented.SegmentedRaftLogWorker (SegmentedRaftLogWorker.java:startLogSegment(380)) - bcb704dc-2543-42a4-8762-cde039a55a99@group-3017C8DB0AA9-SegmentedRaftLogWorker: Starting segment from index:0
2019-09-26 15:38:58,739 [bcb704dc-2543-42a4-8762-cde039a55a99@group-3017C8DB0AA9:LeaderElection107] INFO  impl.RaftServerImpl (ServerState.java:setRaftConf(354)) - bcb704dc-2543-42a4-8762-cde039a55a99@group-3017C8DB0AA9: set configuration 0: [bcb704dc-2543-42a4-8762-cde039a55a99:192.168.151.99:43663], old=null at 0
2019-09-26 15:38:58,743 [Thread-1817] INFO  impl.FollowerState (FollowerState.java:run(106)) - bcb704dc-2543-42a4-8762-cde039a55a99:group-26FAEBC3D356 changes to CANDIDATE, lastRpcTime:5119, electionTimeout:5119ms
2019-09-26 15:38:58,744 [Thread-1817] INFO  impl.RoleInfo (RoleInfo.java:shutdownFollowerState(121)) - bcb704dc-2543-42a4-8762-cde039a55a99: shutdown FollowerState
2019-09-26 15:38:58,744 [Thread-1817] INFO  impl.RaftServerImpl (RaftServerImpl.java:setRole(174)) - bcb704dc-2543-42a4-8762-cde039a55a99@group-26FAEBC3D356: changes role from  FOLLOWER to CANDIDATE at term 0 for changeToCandidate
2019-09-26 15:38:58,744 [Thread-1817] INFO  impl.RoleInfo (RoleInfo.java:updateAndGet(143)) - bcb704dc-2543-42a4-8762-cde039a55a99: start LeaderElection
2019-09-26 15:38:58,746 [Thread-1826] INFO  impl.FollowerState (FollowerState.java:run(106)) - bcb704dc-2543-42a4-8762-cde039a55a99:group-65147E0FA3DB changes to CANDIDATE, lastRpcTime:5063, electionTimeout:5063ms
2019-09-26 15:38:58,746 [Thread-1826] INFO  impl.RoleInfo (RoleInfo.java:shutdownFollowerState(121)) - bcb704dc-2543-42a4-8762-cde039a55a99: shutdown FollowerState
2019-09-26 15:38:58,746 [Thread-1826] INFO  impl.RaftServerImpl (RaftServerImpl.java:setRole(174)) - bcb704dc-2543-42a4-8762-cde039a55a99@group-65147E0FA3DB: changes role from  FOLLOWER to CANDIDATE at term 0 for changeToCandidate
2019-09-26 15:38:58,746 [Thread-1826] INFO  impl.RoleInfo (RoleInfo.java:updateAndGet(143)) - bcb704dc-2543-42a4-8762-cde039a55a99: start LeaderElection
2019-09-26 15:38:58,749 [pool-123-thread-1] INFO  storage.RaftStorageDirectory (RaftStorageDirectory.java:tryLock(328)) - Lock on /workdir/hadoop-ozone/integration-test/target/test-dir/MiniOzoneClusterImpl-87962e32-e39f-4c57-b747-30c883c1cc54/datanode-0/data/ratis/f7491615-6873-470d-aa93-e184ec457834/in_use.lock acquired by nodename 10626@pr-hdds-1569-g6sp5-2013761785
2019-09-26 15:38:58,750 [bcb704dc-2543-42a4-8762-cde039a55a99@group-26FAEBC3D356:LeaderElection108] INFO  impl.LeaderElection (LeaderElection.java:askForVotes(182)) - bcb704dc-2543-42a4-8762-cde039a55a99@group-26FAEBC3D356:LeaderElection108: begin an election at term 1 for -1: [bcb704dc-2543-42a4-8762-cde039a55a99:192.168.151.99:43663], old=null
2019-09-26 15:38:58,750 [bcb704dc-2543-42a4-8762-cde039a55a99@group-26FAEBC3D356:LeaderElection108] INFO  impl.RoleInfo (RoleInfo.java:shutdownLeaderElection(134)) - bcb704dc-2543-42a4-8762-cde039a55a99: shutdown LeaderElection
2019-09-26 15:38:58,750 [bcb704dc-2543-42a4-8762-cde039a55a99@group-26FAEBC3D356:LeaderElection108] INFO  impl.RaftServerImpl (RaftServerImpl.java:setRole(174)) - bcb704dc-2543-42a4-8762-cde039a55a99@group-26FAEBC3D356: changes role from CANDIDATE to LEADER at term 1 for changeToLeader
2019-09-26 15:38:58,750 [bcb704dc-2543-42a4-8762-cde039a55a99@group-26FAEBC3D356:LeaderElection108] INFO  impl.RaftServerImpl (ServerState.java:setLeader(253)) - bcb704dc-2543-42a4-8762-cde039a55a99@group-26FAEBC3D356: change Leader from null to bcb704dc-2543-42a4-8762-cde039a55a99 at term 1 for becomeLeader, leader elected after 5130ms
2019-09-26 15:38:58,750 [bcb704dc-2543-42a4-8762-cde039a55a99@group-26FAEBC3D356:LeaderElection108] INFO  server.RaftServerConfigKeys (ConfUtils.java:logGet(43)) - raft.server.staging.catchup.gap = 1000 (default)
2019-09-26 15:38:58,750 [bcb704dc-2543-42a4-8762-cde039a55a99@group-26FAEBC3D356:LeaderElection108] INFO  server.RaftServerConfigKeys (ConfUtils.java:logGet(43)) - raft.server.rpc.sleep.time = 25ms (default)
2019-09-26 15:38:58,750 [bcb704dc-2543-42a4-8762-cde039a55a99@group-26FAEBC3D356:LeaderElection108] INFO  server.RaftServerConfigKeys (ConfUtils.java:logGet(43)) - raft.server.write.element-limit = 4096 (default)
2019-09-26 15:38:58,750 [bcb704dc-2543-42a4-8762-cde039a55a99@group-26FAEBC3D356:LeaderElection108] INFO  server.RaftServerConfigKeys (ConfUtils.java:logGet(43)) - raft.server.watch.timeout = 10s (default)
2019-09-26 15:38:58,750 [bcb704dc-2543-42a4-8762-cde039a55a99@group-65147E0FA3DB:LeaderElection109] INFO  impl.LeaderElection (LeaderElection.java:askForVotes(182)) - bcb704dc-2543-42a4-8762-cde039a55a99@group-65147E0FA3DB:LeaderElection109: begin an election at term 1 for -1: [bcb704dc-2543-42a4-8762-cde039a55a99:192.168.151.99:43663], old=null
2019-09-26 15:38:58,750 [bcb704dc-2543-42a4-8762-cde039a55a99@group-26FAEBC3D356:LeaderElection108] INFO  server.RaftServerConfigKeys (ConfUtils.java:logGet(43)) - raft.server.watch.timeout.denomination = 1s (default)
2019-09-26 15:38:58,751 [bcb704dc-2543-42a4-8762-cde039a55a99@group-65147E0FA3DB:LeaderElection109] INFO  impl.RoleInfo (RoleInfo.java:shutdownLeaderElection(134)) - bcb704dc-2543-42a4-8762-cde039a55a99: shutdown LeaderElection
2019-09-26 15:38:58,751 [bcb704dc-2543-42a4-8762-cde039a55a99@group-26FAEBC3D356:LeaderElection108] INFO  server.RaftServerConfigKeys (ConfUtils.java:logGet(43)) - raft.server.watch.element-limit = 65536 (default)
2019-09-26 15:38:58,751 [bcb704dc-2543-42a4-8762-cde039a55a99@group-65147E0FA3DB:LeaderElection109] INFO  impl.RaftServerImpl (RaftServerImpl.java:setRole(174)) - bcb704dc-2543-42a4-8762-cde039a55a99@group-65147E0FA3DB: changes role from CANDIDATE to LEADER at term 1 for changeToLeader
2019-09-26 15:38:58,751 [bcb704dc-2543-42a4-8762-cde039a55a99@group-65147E0FA3DB:LeaderElection109] INFO  impl.RaftServerImpl (ServerState.java:setLeader(253)) - bcb704dc-2543-42a4-8762-cde039a55a99@group-65147E0FA3DB: change Leader from null to bcb704dc-2543-42a4-8762-cde039a55a99 at term 1 for becomeLeader, leader elected after 5072ms
2019-09-26 15:38:58,751 [bcb704dc-2543-42a4-8762-cde039a55a99@group-65147E0FA3DB:LeaderElection109] INFO  server.RaftServerConfigKeys (ConfUtils.java:logGet(43)) - raft.server.staging.catchup.gap = 1000 (default)
2019-09-26 15:38:58,751 [bcb704dc-2543-42a4-8762-cde039a55a99@group-65147E0FA3DB:LeaderElection109] INFO  server.RaftServerConfigKeys (ConfUtils.java:logGet(43)) - raft.server.rpc.sleep.time = 25ms (default)
2019-09-26 15:38:58,751 [bcb704dc-2543-42a4-8762-cde039a55a99@group-65147E0FA3DB:LeaderElection109] INFO  server.RaftServerConfigKeys (ConfUtils.java:logGet(43)) - raft.server.write.element-limit = 4096 (default)
2019-09-26 15:38:58,751 [bcb704dc-2543-42a4-8762-cde039a55a99@group-65147E0FA3DB:LeaderElection109] INFO  server.RaftServerConfigKeys (ConfUtils.java:logGet(43)) - raft.server.watch.timeout = 10s (default)
2019-09-26 15:38:58,752 [bcb704dc-2543-42a4-8762-cde039a55a99@group-65147E0FA3DB:LeaderElection109] INFO  server.RaftServerConfigKeys (ConfUtils.java:logGet(43)) - raft.server.watch.timeout.denomination = 1s (default)
2019-09-26 15:38:58,752 [bcb704dc-2543-42a4-8762-cde039a55a99@group-26FAEBC3D356:LeaderElection108] INFO  impl.RoleInfo (RoleInfo.java:updateAndGet(143)) - bcb704dc-2543-42a4-8762-cde039a55a99: start LeaderState
2019-09-26 15:38:58,752 [bcb704dc-2543-42a4-8762-cde039a55a99@group-65147E0FA3DB:LeaderElection109] INFO  server.RaftServerConfigKeys (ConfUtils.java:logGet(43)) - raft.server.watch.element-limit = 65536 (default)
2019-09-26 15:38:58,752 [bcb704dc-2543-42a4-8762-cde039a55a99@group-26FAEBC3D356:LeaderElection108] INFO  segmented.SegmentedRaftLogWorker (SegmentedRaftLogWorker.java:startLogSegment(380)) - bcb704dc-2543-42a4-8762-cde039a55a99@group-26FAEBC3D356-SegmentedRaftLogWorker: Starting segment from index:0
2019-09-26 15:38:58,752 [bcb704dc-2543-42a4-8762-cde039a55a99@group-26FAEBC3D356:LeaderElection108] INFO  impl.RaftServerImpl (ServerState.java:setRaftConf(354)) - bcb704dc-2543-42a4-8762-cde039a55a99@group-26FAEBC3D356: set configuration 0: [bcb704dc-2543-42a4-8762-cde039a55a99:192.168.151.99:43663], old=null at 0
2019-09-26 15:38:58,752 [pool-123-thread-1] INFO  storage.RaftStorage (RaftStorage.java:format(72)) - Storage directory /workdir/hadoop-ozone/integration-test/target/test-dir/MiniOzoneClusterImpl-87962e32-e39f-4c57-b747-30c883c1cc54/datanode-0/data/ratis/f7491615-6873-470d-aa93-e184ec457834 has been successfully formatted.
2019-09-26 15:38:58,753 [pool-123-thread-1] INFO  ratis.ContainerStateMachine (ContainerStateMachine.java:loadSnapshot(230)) - group-E184EC457834: The snapshot info is null. Setting the last applied indexto:(t:0, i:~)
2019-09-26 15:38:58,753 [pool-123-thread-1] INFO  server.RaftServerConfigKeys (ConfUtils.java:logGet(43)) - raft.server.notification.no-leader.timeout = 120s (custom)
2019-09-26 15:38:58,753 [pool-123-thread-1] INFO  server.RaftServerConfigKeys (ConfUtils.java:logGet(43)) - raft.server.log.use.memory = false (default)
2019-09-26 15:38:58,753 [pool-123-thread-1] INFO  server.RaftServerConfigKeys (ConfUtils.java:logGet(43)) - raft.server.log.purge.gap = 1000000 (custom)
2019-09-26 15:38:58,753 [bcb704dc-2543-42a4-8762-cde039a55a99@group-65147E0FA3DB:LeaderElection109] INFO  impl.RoleInfo (RoleInfo.java:updateAndGet(143)) - bcb704dc-2543-42a4-8762-cde039a55a99: start LeaderState
2019-09-26 15:38:58,753 [pool-123-thread-1] INFO  server.RaftServerConfigKeys (ConfUtils.java:logGet(43)) - raft.server.log.appender.buffer.byte-limit = 33554432 (custom)
2019-09-26 15:38:58,754 [bcb704dc-2543-42a4-8762-cde039a55a99@group-65147E0FA3DB:LeaderElection109] INFO  segmented.SegmentedRaftLogWorker (SegmentedRaftLogWorker.java:startLogSegment(380)) - bcb704dc-2543-42a4-8762-cde039a55a99@group-65147E0FA3DB-SegmentedRaftLogWorker: Starting segment from index:0
2019-09-26 15:38:58,754 [pool-123-thread-1] INFO  server.RaftServerConfigKeys (ConfUtils.java:logGet(43)) - raft.server.log.segment.size.max = 1048576 (custom)
2019-09-26 15:38:58,754 [pool-123-thread-1] INFO  server.RaftServerConfigKeys (ConfUtils.java:logGet(43)) - raft.server.log.segment.cache.num.max = 2 (custom)
2019-09-26 15:38:58,754 [bcb704dc-2543-42a4-8762-cde039a55a99@group-65147E0FA3DB:LeaderElection109] INFO  impl.RaftServerImpl (ServerState.java:setRaftConf(354)) - bcb704dc-2543-42a4-8762-cde039a55a99@group-65147E0FA3DB: set configuration 0: [bcb704dc-2543-42a4-8762-cde039a55a99:192.168.151.99:43663], old=null at 0
2019-09-26 15:38:58,754 [pool-123-thread-1] INFO  segmented.SegmentedRaftLogWorker (SegmentedRaftLogWorker.java:<init>(172)) - new bcb704dc-2543-42a4-8762-cde039a55a99@group-E184EC457834-SegmentedRaftLogWorker for RaftStorage:Storage Directory /workdir/hadoop-ozone/integration-test/target/test-dir/MiniOzoneClusterImpl-87962e32-e39f-4c57-b747-30c883c1cc54/datanode-0/data/ratis/f7491615-6873-470d-aa93-e184ec457834
2019-09-26 15:38:58,754 [pool-123-thread-1] INFO  server.RaftServerConfigKeys (ConfUtils.java:logGet(43)) - raft.server.log.queue.byte-limit = 2147483647 (custom)
2019-09-26 15:38:58,754 [pool-123-thread-1] INFO  server.RaftServerConfigKeys (ConfUtils.java:logGet(43)) - raft.server.log.queue.element-limit = 1024 (custom)
2019-09-26 15:38:58,755 [pool-123-thread-1] INFO  server.RaftServerConfigKeys (ConfUtils.java:logGet(43)) - raft.server.log.segment.size.max = 1048576 (custom)
2019-09-26 15:38:58,755 [pool-123-thread-1] INFO  server.RaftServerConfigKeys (ConfUtils.java:logGet(43)) - raft.server.log.preallocated.size = 16384 (custom)
2019-09-26 15:38:58,755 [pool-123-thread-1] INFO  server.RaftServerConfigKeys (ConfUtils.java:logGet(43)) - raft.server.log.write.buffer.size = 33554432 (custom)
2019-09-26 15:38:58,755 [pool-123-thread-1] INFO  server.RaftServerConfigKeys (ConfUtils.java:logGet(43)) - raft.server.log.force.sync.num = 128 (default)
2019-09-26 15:38:58,755 [pool-123-thread-1] INFO  server.RaftServerConfigKeys (ConfUtils.java:logGet(43)) - raft.server.log.statemachine.data.sync = true (default)
2019-09-26 15:38:58,755 [pool-123-thread-1] INFO  server.RaftServerConfigKeys (ConfUtils.java:logGet(43)) - raft.server.log.statemachine.data.sync.timeout = 10s (default)
2019-09-26 15:38:58,756 [pool-123-thread-1] INFO  server.RaftServerConfigKeys (ConfUtils.java:logGet(43)) - raft.server.log.statemachine.data.sync.timeout.retry = -1 (default)
2019-09-26 15:38:58,756 [pool-123-thread-1] INFO  server.RaftServerConfigKeys (ConfUtils.java:logGet(43)) - raft.server.log.statemachine.data.caching.enabled = true (custom)
2019-09-26 15:38:58,756 [pool-123-thread-1] INFO  segmented.SegmentedRaftLogWorker (SegmentedRaftLogWorker.java:lambda$new$0(132)) - bcb704dc-2543-42a4-8762-cde039a55a99@group-E184EC457834-SegmentedRaftLogWorker: flushIndex: setUnconditionally 0 -> -1
2019-09-26 15:38:58,757 [pool-123-thread-1] INFO  server.RaftServerConfigKeys (ConfUtils.java:logGet(43)) - raft.server.snapshot.auto.trigger.enabled = true (custom)
2019-09-26 15:38:58,757 [pool-123-thread-1] INFO  server.RaftServerConfigKeys (ConfUtils.java:logGet(43)) - raft.server.snapshot.auto.trigger.threshold = 10000 (custom)
2019-09-26 15:38:58,758 [pool-123-thread-1] INFO  server.RaftServerConfigKeys (ConfUtils.java:logGet(43)) - raft.server.snapshot.retention.num.files = 5 (custom)
2019-09-26 15:38:58,758 [pool-123-thread-1] INFO  server.RaftServerConfigKeys (ConfUtils.java:logGet(43)) - raft.server.retrycache.expirytime = 600000ms (custom)
2019-09-26 15:38:58,758 [Thread-1811] INFO  impl.FollowerState (FollowerState.java:run(106)) - bcb704dc-2543-42a4-8762-cde039a55a99:group-ED699C8835A2 changes to CANDIDATE, lastRpcTime:5175, electionTimeout:5175ms
2019-09-26 15:38:58,759 [Thread-1811] INFO  impl.RoleInfo (RoleInfo.java:shutdownFollowerState(121)) - bcb704dc-2543-42a4-8762-cde039a55a99: shutdown FollowerState
2019-09-26 15:38:58,759 [Thread-1811] INFO  impl.RaftServerImpl (RaftServerImpl.java:setRole(174)) - bcb704dc-2543-42a4-8762-cde039a55a99@group-ED699C8835A2: changes role from  FOLLOWER to CANDIDATE at term 0 for changeToCandidate
2019-09-26 15:38:58,759 [Thread-1811] INFO  impl.RoleInfo (RoleInfo.java:updateAndGet(143)) - bcb704dc-2543-42a4-8762-cde039a55a99: start LeaderElection
2019-09-26 15:38:58,760 [pool-123-thread-1] INFO  impl.RaftServerImpl (RaftServerImpl.java:start(185)) - bcb704dc-2543-42a4-8762-cde039a55a99@group-E184EC457834: start as a follower, conf=-1: [bcb704dc-2543-42a4-8762-cde039a55a99:192.168.151.99:43663], old=null
2019-09-26 15:38:58,760 [pool-123-thread-1] INFO  impl.RaftServerImpl (RaftServerImpl.java:setRole(174)) - bcb704dc-2543-42a4-8762-cde039a55a99@group-E184EC457834: changes role from      null to FOLLOWER at term 0 for startAsFollower
2019-09-26 15:38:58,760 [pool-123-thread-1] INFO  impl.RoleInfo (RoleInfo.java:updateAndGet(143)) - bcb704dc-2543-42a4-8762-cde039a55a99: start FollowerState
2019-09-26 15:38:58,760 [pool-123-thread-1] INFO  util.JmxRegister (JmxRegister.java:tryRegister(44)) - Successfully registered JMX Bean with object name Ratis:service=RaftServer,group=group-E184EC457834,id=bcb704dc-2543-42a4-8762-cde039a55a99
2019-09-26 15:38:58,763 [RatisPipelineUtilsThread] INFO  pipeline.PipelineStateManager (PipelineStateManager.java:addPipeline(56)) - Created pipeline Pipeline[ Id: f7491615-6873-470d-aa93-e184ec457834, Nodes: bcb704dc-2543-42a4-8762-cde039a55a99{ip: 192.168.151.99, host: pr-hdds-1569-g6sp5-2013761785, networkLocation: /default-rack, certSerialId: null}, Type:RATIS, Factor:ONE, State:OPEN]
2019-09-26 15:38:58,767 [grpc-default-executor-0] INFO  impl.RaftServerProxy (RaftServerProxy.java:addNew(89)) - bcb704dc-2543-42a4-8762-cde039a55a99: addNew group-A778D7837BC2:[bcb704dc-2543-42a4-8762-cde039a55a99:192.168.151.99:43663] returns group-A778D7837BC2:java.util.concurrent.CompletableFuture@6098a45b[Not completed]
2019-09-26 15:38:58,767 [pool-123-thread-1] INFO  impl.RaftServerImpl (RaftServerImpl.java:<init>(95)) - bcb704dc-2543-42a4-8762-cde039a55a99: new RaftServerImpl for group-A778D7837BC2:[bcb704dc-2543-42a4-8762-cde039a55a99:192.168.151.99:43663] with ContainerStateMachine:uninitialized
2019-09-26 15:38:58,768 [pool-123-thread-1] INFO  server.RaftServerConfigKeys (ConfUtils.java:logGet(43)) - raft.server.rpc.timeout.min = 5s (custom)
2019-09-26 15:38:58,768 [pool-123-thread-1] INFO  server.RaftServerConfigKeys (ConfUtils.java:logGet(43)) - raft.server.rpc.timeout.max = 5200ms (custom)
2019-09-26 15:38:58,768 [pool-123-thread-1] INFO  server.RaftServerConfigKeys (ConfUtils.java:logGet(43)) - raft.server.rpcslowness.timeout = 120s (custom)
2019-09-26 15:38:58,768 [pool-123-thread-1] INFO  server.RaftServerConfigKeys (ConfUtils.java:logGet(43)) - raft.server.sleep.deviation.threshold = 300 (default)
2019-09-26 15:38:58,768 [pool-123-thread-1] INFO  server.RaftServerConfigKeys (ConfUtils.java:logGet(43)) - raft.server.log.appender.install.snapshot.enabled = false (custom)
2019-09-26 15:38:58,768 [pool-123-thread-1] INFO  impl.RaftServerImpl (ServerState.java:<init>(103)) - bcb704dc-2543-42a4-8762-cde039a55a99@group-A778D7837BC2: ConfigurationManager, init=-1: [bcb704dc-2543-42a4-8762-cde039a55a99:192.168.151.99:43663], old=null, confs=<EMPTY_MAP>
2019-09-26 15:38:58,768 [pool-123-thread-1] INFO  server.RaftServerConfigKeys (ConfUtils.java:logGet(43)) - raft.server.storage.dir = [/workdir/hadoop-ozone/integration-test/target/test-dir/MiniOzoneClusterImpl-87962e32-e39f-4c57-b747-30c883c1cc54/datanode-0/data/ratis] (custom)
2019-09-26 15:38:58,769 [pool-123-thread-1] INFO  storage.RaftStorageDirectory (RaftStorageDirectory.java:analyzeStorage(246)) - The storage directory /workdir/hadoop-ozone/integration-test/target/test-dir/MiniOzoneClusterImpl-87962e32-e39f-4c57-b747-30c883c1cc54/datanode-0/data/ratis/5a85fb43-4eec-4cd5-85c2-a778d7837bc2 does not exist. Creating ...
2019-09-26 15:38:58,773 [pool-123-thread-1] INFO  storage.RaftStorageDirectory (RaftStorageDirectory.java:tryLock(328)) - Lock on /workdir/hadoop-ozone/integration-test/target/test-dir/MiniOzoneClusterImpl-87962e32-e39f-4c57-b747-30c883c1cc54/datanode-0/data/ratis/5a85fb43-4eec-4cd5-85c2-a778d7837bc2/in_use.lock acquired by nodename 10626@pr-hdds-1569-g6sp5-2013761785
2019-09-26 15:38:58,773 [bcb704dc-2543-42a4-8762-cde039a55a99@group-ED699C8835A2:LeaderElection110] INFO  impl.LeaderElection (LeaderElection.java:askForVotes(182)) - bcb704dc-2543-42a4-8762-cde039a55a99@group-ED699C8835A2:LeaderElection110: begin an election at term 1 for -1: [bcb704dc-2543-42a4-8762-cde039a55a99:192.168.151.99:43663], old=null
2019-09-26 15:38:58,773 [bcb704dc-2543-42a4-8762-cde039a55a99@group-ED699C8835A2:LeaderElection110] INFO  impl.RoleInfo (RoleInfo.java:shutdownLeaderElection(134)) - bcb704dc-2543-42a4-8762-cde039a55a99: shutdown LeaderElection
2019-09-26 15:38:58,773 [bcb704dc-2543-42a4-8762-cde039a55a99@group-ED699C8835A2:LeaderElection110] INFO  impl.RaftServerImpl (RaftServerImpl.java:setRole(174)) - bcb704dc-2543-42a4-8762-cde039a55a99@group-ED699C8835A2: changes role from CANDIDATE to LEADER at term 1 for changeToLeader
2019-09-26 15:38:58,773 [bcb704dc-2543-42a4-8762-cde039a55a99@group-ED699C8835A2:LeaderElection110] INFO  impl.RaftServerImpl (ServerState.java:setLeader(253)) - bcb704dc-2543-42a4-8762-cde039a55a99@group-ED699C8835A2: change Leader from null to bcb704dc-2543-42a4-8762-cde039a55a99 at term 1 for becomeLeader, leader elected after 5194ms
2019-09-26 15:38:58,773 [bcb704dc-2543-42a4-8762-cde039a55a99@group-ED699C8835A2:LeaderElection110] INFO  server.RaftServerConfigKeys (ConfUtils.java:logGet(43)) - raft.server.staging.catchup.gap = 1000 (default)
2019-09-26 15:38:58,773 [bcb704dc-2543-42a4-8762-cde039a55a99@group-ED699C8835A2:LeaderElection110] INFO  server.RaftServerConfigKeys (ConfUtils.java:logGet(43)) - raft.server.rpc.sleep.time = 25ms (default)
2019-09-26 15:38:58,774 [bcb704dc-2543-42a4-8762-cde039a55a99@group-ED699C8835A2:LeaderElection110] INFO  server.RaftServerConfigKeys (ConfUtils.java:logGet(43)) - raft.server.write.element-limit = 4096 (default)
2019-09-26 15:38:58,774 [bcb704dc-2543-42a4-8762-cde039a55a99@group-ED699C8835A2:LeaderElection110] INFO  server.RaftServerConfigKeys (ConfUtils.java:logGet(43)) - raft.server.watch.timeout = 10s (default)
2019-09-26 15:38:58,774 [bcb704dc-2543-42a4-8762-cde039a55a99@group-ED699C8835A2:LeaderElection110] INFO  server.RaftServerConfigKeys (ConfUtils.java:logGet(43)) - raft.server.watch.timeout.denomination = 1s (default)
2019-09-26 15:38:58,774 [bcb704dc-2543-42a4-8762-cde039a55a99@group-ED699C8835A2:LeaderElection110] INFO  server.RaftServerConfigKeys (ConfUtils.java:logGet(43)) - raft.server.watch.element-limit = 65536 (default)
2019-09-26 15:38:58,776 [bcb704dc-2543-42a4-8762-cde039a55a99@group-ED699C8835A2:LeaderElection110] INFO  impl.RoleInfo (RoleInfo.java:updateAndGet(143)) - bcb704dc-2543-42a4-8762-cde039a55a99: start LeaderState
2019-09-26 15:38:58,776 [bcb704dc-2543-42a4-8762-cde039a55a99@group-ED699C8835A2:LeaderElection110] INFO  segmented.SegmentedRaftLogWorker (SegmentedRaftLogWorker.java:startLogSegment(380)) - bcb704dc-2543-42a4-8762-cde039a55a99@group-ED699C8835A2-SegmentedRaftLogWorker: Starting segment from index:0
2019-09-26 15:38:58,776 [bcb704dc-2543-42a4-8762-cde039a55a99@group-ED699C8835A2:LeaderElection110] INFO  impl.RaftServerImpl (ServerState.java:setRaftConf(354)) - bcb704dc-2543-42a4-8762-cde039a55a99@group-ED699C8835A2: set configuration 0: [bcb704dc-2543-42a4-8762-cde039a55a99:192.168.151.99:43663], old=null at 0
2019-09-26 15:38:58,786 [bcb704dc-2543-42a4-8762-cde039a55a99@group-3017C8DB0AA9-SegmentedRaftLogWorker] INFO  segmented.SegmentedRaftLogWorker (SegmentedRaftLogWorker.java:execute(569)) - bcb704dc-2543-42a4-8762-cde039a55a99@group-3017C8DB0AA9-SegmentedRaftLogWorker: created new log segment /workdir/hadoop-ozone/integration-test/target/test-dir/MiniOzoneClusterImpl-87962e32-e39f-4c57-b747-30c883c1cc54/datanode-0/data/ratis/e8a850c1-39f2-4ada-8417-3017c8db0aa9/current/log_inprogress_0
2019-09-26 15:38:58,786 [pool-123-thread-1] INFO  storage.RaftStorage (RaftStorage.java:format(72)) - Storage directory /workdir/hadoop-ozone/integration-test/target/test-dir/MiniOzoneClusterImpl-87962e32-e39f-4c57-b747-30c883c1cc54/datanode-0/data/ratis/5a85fb43-4eec-4cd5-85c2-a778d7837bc2 has been successfully formatted.
2019-09-26 15:38:58,786 [pool-123-thread-1] INFO  ratis.ContainerStateMachine (ContainerStateMachine.java:loadSnapshot(230)) - group-A778D7837BC2: The snapshot info is null. Setting the last applied indexto:(t:0, i:~)
2019-09-26 15:38:58,787 [pool-123-thread-1] INFO  server.RaftServerConfigKeys (ConfUtils.java:logGet(43)) - raft.server.notification.no-leader.timeout = 120s (custom)
2019-09-26 15:38:58,787 [pool-123-thread-1] INFO  server.RaftServerConfigKeys (ConfUtils.java:logGet(43)) - raft.server.log.use.memory = false (default)
2019-09-26 15:38:58,787 [pool-123-thread-1] INFO  server.RaftServerConfigKeys (ConfUtils.java:logGet(43)) - raft.server.log.purge.gap = 1000000 (custom)
2019-09-26 15:38:58,787 [pool-123-thread-1] INFO  server.RaftServerConfigKeys (ConfUtils.java:logGet(43)) - raft.server.log.appender.buffer.byte-limit = 33554432 (custom)
2019-09-26 15:38:58,787 [pool-123-thread-1] INFO  server.RaftServerConfigKeys (ConfUtils.java:logGet(43)) - raft.server.log.segment.size.max = 1048576 (custom)
2019-09-26 15:38:58,787 [pool-123-thread-1] INFO  server.RaftServerConfigKeys (ConfUtils.java:logGet(43)) - raft.server.log.segment.cache.num.max = 2 (custom)
2019-09-26 15:38:58,788 [Thread-1829] INFO  impl.FollowerState (FollowerState.java:run(106)) - bcb704dc-2543-42a4-8762-cde039a55a99:group-4E6230E775CB changes to CANDIDATE, lastRpcTime:5086, electionTimeout:5086ms
2019-09-26 15:38:58,788 [pool-123-thread-1] INFO  segmented.SegmentedRaftLogWorker (SegmentedRaftLogWorker.java:<init>(172)) - new bcb704dc-2543-42a4-8762-cde039a55a99@group-A778D7837BC2-SegmentedRaftLogWorker for RaftStorage:Storage Directory /workdir/hadoop-ozone/integration-test/target/test-dir/MiniOzoneClusterImpl-87962e32-e39f-4c57-b747-30c883c1cc54/datanode-0/data/ratis/5a85fb43-4eec-4cd5-85c2-a778d7837bc2
2019-09-26 15:38:58,788 [Thread-1829] INFO  impl.RoleInfo (RoleInfo.java:shutdownFollowerState(121)) - bcb704dc-2543-42a4-8762-cde039a55a99: shutdown FollowerState
2019-09-26 15:38:58,788 [Thread-1829] INFO  impl.RaftServerImpl (RaftServerImpl.java:setRole(174)) - bcb704dc-2543-42a4-8762-cde039a55a99@group-4E6230E775CB: changes role from  FOLLOWER to CANDIDATE at term 0 for changeToCandidate
2019-09-26 15:38:58,788 [pool-123-thread-1] INFO  server.RaftServerConfigKeys (ConfUtils.java:logGet(43)) - raft.server.log.queue.byte-limit = 2147483647 (custom)
2019-09-26 15:38:58,788 [Thread-1829] INFO  impl.RoleInfo (RoleInfo.java:updateAndGet(143)) - bcb704dc-2543-42a4-8762-cde039a55a99: start LeaderElection
2019-09-26 15:38:58,788 [pool-123-thread-1] INFO  server.RaftServerConfigKeys (ConfUtils.java:logGet(43)) - raft.server.log.queue.element-limit = 1024 (custom)
2019-09-26 15:38:58,788 [pool-123-thread-1] INFO  server.RaftServerConfigKeys (ConfUtils.java:logGet(43)) - raft.server.log.segment.size.max = 1048576 (custom)
2019-09-26 15:38:58,789 [pool-123-thread-1] INFO  server.RaftServerConfigKeys (ConfUtils.java:logGet(43)) - raft.server.log.preallocated.size = 16384 (custom)
2019-09-26 15:38:58,789 [bcb704dc-2543-42a4-8762-cde039a55a99@group-26FAEBC3D356-SegmentedRaftLogWorker] INFO  segmented.SegmentedRaftLogWorker (SegmentedRaftLogWorker.java:execute(569)) - bcb704dc-2543-42a4-8762-cde039a55a99@group-26FAEBC3D356-SegmentedRaftLogWorker: created new log segment /workdir/hadoop-ozone/integration-test/target/test-dir/MiniOzoneClusterImpl-87962e32-e39f-4c57-b747-30c883c1cc54/datanode-0/data/ratis/1361df81-247a-43e0-a2f6-26faebc3d356/current/log_inprogress_0
2019-09-26 15:38:58,789 [pool-123-thread-1] INFO  server.RaftServerConfigKeys (ConfUtils.java:logGet(43)) - raft.server.log.write.buffer.size = 33554432 (custom)
2019-09-26 15:38:58,789 [pool-123-thread-1] INFO  server.RaftServerConfigKeys (ConfUtils.java:logGet(43)) - raft.server.log.force.sync.num = 128 (default)
2019-09-26 15:38:58,789 [pool-123-thread-1] INFO  server.RaftServerConfigKeys (ConfUtils.java:logGet(43)) - raft.server.log.statemachine.data.sync = true (default)
2019-09-26 15:38:58,789 [pool-123-thread-1] INFO  server.RaftServerConfigKeys (ConfUtils.java:logGet(43)) - raft.server.log.statemachine.data.sync.timeout = 10s (default)
2019-09-26 15:38:58,789 [pool-123-thread-1] INFO  server.RaftServerConfigKeys (ConfUtils.java:logGet(43)) - raft.server.log.statemachine.data.sync.timeout.retry = -1 (default)
2019-09-26 15:38:58,790 [pool-123-thread-1] INFO  server.RaftServerConfigKeys (ConfUtils.java:logGet(43)) - raft.server.log.statemachine.data.caching.enabled = true (custom)
2019-09-26 15:38:58,790 [pool-123-thread-1] INFO  segmented.SegmentedRaftLogWorker (SegmentedRaftLogWorker.java:lambda$new$0(132)) - bcb704dc-2543-42a4-8762-cde039a55a99@group-A778D7837BC2-SegmentedRaftLogWorker: flushIndex: setUnconditionally 0 -> -1
2019-09-26 15:38:58,790 [pool-123-thread-1] INFO  server.RaftServerConfigKeys (ConfUtils.java:logGet(43)) - raft.server.snapshot.auto.trigger.enabled = true (custom)
2019-09-26 15:38:58,790 [pool-123-thread-1] INFO  server.RaftServerConfigKeys (ConfUtils.java:logGet(43)) - raft.server.snapshot.auto.trigger.threshold = 10000 (custom)
2019-09-26 15:38:58,790 [pool-123-thread-1] INFO  server.RaftServerConfigKeys (ConfUtils.java:logGet(43)) - raft.server.snapshot.retention.num.files = 5 (custom)
2019-09-26 15:38:58,791 [pool-123-thread-1] INFO  server.RaftServerConfigKeys (ConfUtils.java:logGet(43)) - raft.server.retrycache.expirytime = 600000ms (custom)
2019-09-26 15:38:58,791 [bcb704dc-2543-42a4-8762-cde039a55a99@group-65147E0FA3DB-SegmentedRaftLogWorker] INFO  segmented.SegmentedRaftLogWorker (SegmentedRaftLogWorker.java:execute(569)) - bcb704dc-2543-42a4-8762-cde039a55a99@group-65147E0FA3DB-SegmentedRaftLogWorker: created new log segment /workdir/hadoop-ozone/integration-test/target/test-dir/MiniOzoneClusterImpl-87962e32-e39f-4c57-b747-30c883c1cc54/datanode-0/data/ratis/04e979b4-c694-46ed-8389-65147e0fa3db/current/log_inprogress_0
2019-09-26 15:38:58,792 [pool-123-thread-1] INFO  impl.RaftServerImpl (RaftServerImpl.java:start(185)) - bcb704dc-2543-42a4-8762-cde039a55a99@group-A778D7837BC2: start as a follower, conf=-1: [bcb704dc-2543-42a4-8762-cde039a55a99:192.168.151.99:43663], old=null
2019-09-26 15:38:58,792 [pool-123-thread-1] INFO  impl.RaftServerImpl (RaftServerImpl.java:setRole(174)) - bcb704dc-2543-42a4-8762-cde039a55a99@group-A778D7837BC2: changes role from      null to FOLLOWER at term 0 for startAsFollower
2019-09-26 15:38:58,793 [pool-123-thread-1] INFO  impl.RoleInfo (RoleInfo.java:updateAndGet(143)) - bcb704dc-2543-42a4-8762-cde039a55a99: start FollowerState
2019-09-26 15:38:58,793 [pool-123-thread-1] INFO  util.JmxRegister (JmxRegister.java:tryRegister(44)) - Successfully registered JMX Bean with object name Ratis:service=RaftServer,group=group-A778D7837BC2,id=bcb704dc-2543-42a4-8762-cde039a55a99
2019-09-26 15:38:58,795 [RatisPipelineUtilsThread] INFO  pipeline.PipelineStateManager (PipelineStateManager.java:addPipeline(56)) - Created pipeline Pipeline[ Id: 5a85fb43-4eec-4cd5-85c2-a778d7837bc2, Nodes: bcb704dc-2543-42a4-8762-cde039a55a99{ip: 192.168.151.99, host: pr-hdds-1569-g6sp5-2013761785, networkLocation: /default-rack, certSerialId: null}, Type:RATIS, Factor:ONE, State:OPEN]
2019-09-26 15:38:58,799 [grpc-default-executor-0] INFO  impl.RaftServerProxy (RaftServerProxy.java:addNew(89)) - bcb704dc-2543-42a4-8762-cde039a55a99: addNew group-A0C5D2D9FA46:[bcb704dc-2543-42a4-8762-cde039a55a99:192.168.151.99:43663] returns group-A0C5D2D9FA46:java.util.concurrent.CompletableFuture@7da15886[Not completed]
2019-09-26 15:38:58,800 [pool-123-thread-1] INFO  impl.RaftServerImpl (RaftServerImpl.java:<init>(95)) - bcb704dc-2543-42a4-8762-cde039a55a99: new RaftServerImpl for group-A0C5D2D9FA46:[bcb704dc-2543-42a4-8762-cde039a55a99:192.168.151.99:43663] with ContainerStateMachine:uninitialized
2019-09-26 15:38:58,800 [pool-123-thread-1] INFO  server.RaftServerConfigKeys (ConfUtils.java:logGet(43)) - raft.server.rpc.timeout.min = 5s (custom)
2019-09-26 15:38:58,800 [pool-123-thread-1] INFO  server.RaftServerConfigKeys (ConfUtils.java:logGet(43)) - raft.server.rpc.timeout.max = 5200ms (custom)
2019-09-26 15:38:58,800 [pool-123-thread-1] INFO  server.RaftServerConfigKeys (ConfUtils.java:logGet(43)) - raft.server.rpcslowness.timeout = 120s (custom)
2019-09-26 15:38:58,800 [pool-123-thread-1] INFO  server.RaftServerConfigKeys (ConfUtils.java:logGet(43)) - raft.server.sleep.deviation.threshold = 300 (default)
2019-09-26 15:38:58,800 [pool-123-thread-1] INFO  server.RaftServerConfigKeys (ConfUtils.java:logGet(43)) - raft.server.log.appender.install.snapshot.enabled = false (custom)
2019-09-26 15:38:58,801 [pool-123-thread-1] INFO  impl.RaftServerImpl (ServerState.java:<init>(103)) - bcb704dc-2543-42a4-8762-cde039a55a99@group-A0C5D2D9FA46: ConfigurationManager, init=-1: [bcb704dc-2543-42a4-8762-cde039a55a99:192.168.151.99:43663], old=null, confs=<EMPTY_MAP>
2019-09-26 15:38:58,801 [pool-123-thread-1] INFO  server.RaftServerConfigKeys (ConfUtils.java:logGet(43)) - raft.server.storage.dir = [/workdir/hadoop-ozone/integration-test/target/test-dir/MiniOzoneClusterImpl-87962e32-e39f-4c57-b747-30c883c1cc54/datanode-0/data/ratis] (custom)
2019-09-26 15:38:58,801 [pool-123-thread-1] INFO  storage.RaftStorageDirectory (RaftStorageDirectory.java:analyzeStorage(246)) - The storage directory /workdir/hadoop-ozone/integration-test/target/test-dir/MiniOzoneClusterImpl-87962e32-e39f-4c57-b747-30c883c1cc54/datanode-0/data/ratis/ebadecb9-8af3-42ef-8227-a0c5d2d9fa46 does not exist. Creating ...
2019-09-26 15:38:58,805 [bcb704dc-2543-42a4-8762-cde039a55a99@group-4E6230E775CB:LeaderElection111] INFO  impl.LeaderElection (LeaderElection.java:askForVotes(182)) - bcb704dc-2543-42a4-8762-cde039a55a99@group-4E6230E775CB:LeaderElection111: begin an election at term 1 for -1: [bcb704dc-2543-42a4-8762-cde039a55a99:192.168.151.99:43663], old=null
2019-09-26 15:38:58,805 [bcb704dc-2543-42a4-8762-cde039a55a99@group-4E6230E775CB:LeaderElection111] INFO  impl.RoleInfo (RoleInfo.java:shutdownLeaderElection(134)) - bcb704dc-2543-42a4-8762-cde039a55a99: shutdown LeaderElection
2019-09-26 15:38:58,805 [bcb704dc-2543-42a4-8762-cde039a55a99@group-4E6230E775CB:LeaderElection111] INFO  impl.RaftServerImpl (RaftServerImpl.java:setRole(174)) - bcb704dc-2543-42a4-8762-cde039a55a99@group-4E6230E775CB: changes role from CANDIDATE to LEADER at term 1 for changeToLeader
2019-09-26 15:38:58,805 [bcb704dc-2543-42a4-8762-cde039a55a99@group-4E6230E775CB:LeaderElection111] INFO  impl.RaftServerImpl (ServerState.java:setLeader(253)) - bcb704dc-2543-42a4-8762-cde039a55a99@group-4E6230E775CB: change Leader from null to bcb704dc-2543-42a4-8762-cde039a55a99 at term 1 for becomeLeader, leader elected after 5107ms
2019-09-26 15:38:58,805 [pool-123-thread-1] INFO  storage.RaftStorageDirectory (RaftStorageDirectory.java:tryLock(328)) - Lock on /workdir/hadoop-ozone/integration-test/target/test-dir/MiniOzoneClusterImpl-87962e32-e39f-4c57-b747-30c883c1cc54/datanode-0/data/ratis/ebadecb9-8af3-42ef-8227-a0c5d2d9fa46/in_use.lock acquired by nodename 10626@pr-hdds-1569-g6sp5-2013761785
2019-09-26 15:38:58,805 [bcb704dc-2543-42a4-8762-cde039a55a99@group-4E6230E775CB:LeaderElection111] INFO  server.RaftServerConfigKeys (ConfUtils.java:logGet(43)) - raft.server.staging.catchup.gap = 1000 (default)
2019-09-26 15:38:58,806 [bcb704dc-2543-42a4-8762-cde039a55a99@group-4E6230E775CB:LeaderElection111] INFO  server.RaftServerConfigKeys (ConfUtils.java:logGet(43)) - raft.server.rpc.sleep.time = 25ms (default)
2019-09-26 15:38:58,806 [bcb704dc-2543-42a4-8762-cde039a55a99@group-4E6230E775CB:LeaderElection111] INFO  server.RaftServerConfigKeys (ConfUtils.java:logGet(43)) - raft.server.write.element-limit = 4096 (default)
2019-09-26 15:38:58,806 [bcb704dc-2543-42a4-8762-cde039a55a99@group-4E6230E775CB:LeaderElection111] INFO  server.RaftServerConfigKeys (ConfUtils.java:logGet(43)) - raft.server.watch.timeout = 10s (default)
2019-09-26 15:38:58,806 [bcb704dc-2543-42a4-8762-cde039a55a99@group-4E6230E775CB:LeaderElection111] INFO  server.RaftServerConfigKeys (ConfUtils.java:logGet(43)) - raft.server.watch.timeout.denomination = 1s (default)
2019-09-26 15:38:58,806 [bcb704dc-2543-42a4-8762-cde039a55a99@group-4E6230E775CB:LeaderElection111] INFO  server.RaftServerConfigKeys (ConfUtils.java:logGet(43)) - raft.server.watch.element-limit = 65536 (default)
2019-09-26 15:38:58,808 [bcb704dc-2543-42a4-8762-cde039a55a99@group-4E6230E775CB:LeaderElection111] INFO  impl.RoleInfo (RoleInfo.java:updateAndGet(143)) - bcb704dc-2543-42a4-8762-cde039a55a99: start LeaderState
2019-09-26 15:38:58,808 [bcb704dc-2543-42a4-8762-cde039a55a99@group-4E6230E775CB:LeaderElection111] INFO  segmented.SegmentedRaftLogWorker (SegmentedRaftLogWorker.java:startLogSegment(380)) - bcb704dc-2543-42a4-8762-cde039a55a99@group-4E6230E775CB-SegmentedRaftLogWorker: Starting segment from index:0
2019-09-26 15:38:58,808 [bcb704dc-2543-42a4-8762-cde039a55a99@group-4E6230E775CB:LeaderElection111] INFO  impl.RaftServerImpl (ServerState.java:setRaftConf(354)) - bcb704dc-2543-42a4-8762-cde039a55a99@group-4E6230E775CB: set configuration 0: [bcb704dc-2543-42a4-8762-cde039a55a99:192.168.151.99:43663], old=null at 0
2019-09-26 15:38:58,814 [Thread-1835] INFO  impl.FollowerState (FollowerState.java:run(106)) - bcb704dc-2543-42a4-8762-cde039a55a99:group-2DF1019CC858 changes to CANDIDATE, lastRpcTime:5044, electionTimeout:5044ms
2019-09-26 15:38:58,814 [Thread-1835] INFO  impl.RoleInfo (RoleInfo.java:shutdownFollowerState(121)) - bcb704dc-2543-42a4-8762-cde039a55a99: shutdown FollowerState
2019-09-26 15:38:58,814 [Thread-1835] INFO  impl.RaftServerImpl (RaftServerImpl.java:setRole(174)) - bcb704dc-2543-42a4-8762-cde039a55a99@group-2DF1019CC858: changes role from  FOLLOWER to CANDIDATE at term 0 for changeToCandidate
2019-09-26 15:38:58,814 [Thread-1835] INFO  impl.RoleInfo (RoleInfo.java:updateAndGet(143)) - bcb704dc-2543-42a4-8762-cde039a55a99: start LeaderElection
2019-09-26 15:38:58,819 [bcb704dc-2543-42a4-8762-cde039a55a99@group-ED699C8835A2-SegmentedRaftLogWorker] INFO  segmented.SegmentedRaftLogWorker (SegmentedRaftLogWorker.java:execute(569)) - bcb704dc-2543-42a4-8762-cde039a55a99@group-ED699C8835A2-SegmentedRaftLogWorker: created new log segment /workdir/hadoop-ozone/integration-test/target/test-dir/MiniOzoneClusterImpl-87962e32-e39f-4c57-b747-30c883c1cc54/datanode-0/data/ratis/139d8b8c-a501-4e93-861f-ed699c8835a2/current/log_inprogress_0
2019-09-26 15:38:58,819 [pool-123-thread-1] INFO  storage.RaftStorage (RaftStorage.java:format(72)) - Storage directory /workdir/hadoop-ozone/integration-test/target/test-dir/MiniOzoneClusterImpl-87962e32-e39f-4c57-b747-30c883c1cc54/datanode-0/data/ratis/ebadecb9-8af3-42ef-8227-a0c5d2d9fa46 has been successfully formatted.
2019-09-26 15:38:58,819 [bcb704dc-2543-42a4-8762-cde039a55a99@group-2DF1019CC858:LeaderElection112] INFO  impl.LeaderElection (LeaderElection.java:askForVotes(182)) - bcb704dc-2543-42a4-8762-cde039a55a99@group-2DF1019CC858:LeaderElection112: begin an election at term 1 for -1: [bcb704dc-2543-42a4-8762-cde039a55a99:192.168.151.99:43663], old=null
2019-09-26 15:38:58,819 [pool-123-thread-1] INFO  ratis.ContainerStateMachine (ContainerStateMachine.java:loadSnapshot(230)) - group-A0C5D2D9FA46: The snapshot info is null. Setting the last applied indexto:(t:0, i:~)
2019-09-26 15:38:58,819 [bcb704dc-2543-42a4-8762-cde039a55a99@group-2DF1019CC858:LeaderElection112] INFO  impl.RoleInfo (RoleInfo.java:shutdownLeaderElection(134)) - bcb704dc-2543-42a4-8762-cde039a55a99: shutdown LeaderElection
2019-09-26 15:38:58,819 [pool-123-thread-1] INFO  server.RaftServerConfigKeys (ConfUtils.java:logGet(43)) - raft.server.notification.no-leader.timeout = 120s (custom)
2019-09-26 15:38:58,820 [bcb704dc-2543-42a4-8762-cde039a55a99@group-2DF1019CC858:LeaderElection112] INFO  impl.RaftServerImpl (RaftServerImpl.java:setRole(174)) - bcb704dc-2543-42a4-8762-cde039a55a99@group-2DF1019CC858: changes role from CANDIDATE to LEADER at term 1 for changeToLeader
2019-09-26 15:38:58,820 [pool-123-thread-1] INFO  server.RaftServerConfigKeys (ConfUtils.java:logGet(43)) - raft.server.log.use.memory = false (default)
2019-09-26 15:38:58,820 [bcb704dc-2543-42a4-8762-cde039a55a99@group-2DF1019CC858:LeaderElection112] INFO  impl.RaftServerImpl (ServerState.java:setLeader(253)) - bcb704dc-2543-42a4-8762-cde039a55a99@group-2DF1019CC858: change Leader from null to bcb704dc-2543-42a4-8762-cde039a55a99 at term 1 for becomeLeader, leader elected after 5056ms
2019-09-26 15:38:58,820 [pool-123-thread-1] INFO  server.RaftServerConfigKeys (ConfUtils.java:logGet(43)) - raft.server.log.purge.gap = 1000000 (custom)
2019-09-26 15:38:58,820 [bcb704dc-2543-42a4-8762-cde039a55a99@group-2DF1019CC858:LeaderElection112] INFO  server.RaftServerConfigKeys (ConfUtils.java:logGet(43)) - raft.server.staging.catchup.gap = 1000 (default)
2019-09-26 15:38:58,820 [pool-123-thread-1] INFO  server.RaftServerConfigKeys (ConfUtils.java:logGet(43)) - raft.server.log.appender.buffer.byte-limit = 33554432 (custom)
2019-09-26 15:38:58,820 [bcb704dc-2543-42a4-8762-cde039a55a99@group-2DF1019CC858:LeaderElection112] INFO  server.RaftServerConfigKeys (ConfUtils.java:logGet(43)) - raft.server.rpc.sleep.time = 25ms (default)
2019-09-26 15:38:58,820 [pool-123-thread-1] INFO  server.RaftServerConfigKeys (ConfUtils.java:logGet(43)) - raft.server.log.segment.size.max = 1048576 (custom)
2019-09-26 15:38:58,821 [bcb704dc-2543-42a4-8762-cde039a55a99@group-2DF1019CC858:LeaderElection112] INFO  server.RaftServerConfigKeys (ConfUtils.java:logGet(43)) - raft.server.write.element-limit = 4096 (default)
2019-09-26 15:38:58,821 [pool-123-thread-1] INFO  server.RaftServerConfigKeys (ConfUtils.java:logGet(43)) - raft.server.log.segment.cache.num.max = 2 (custom)
2019-09-26 15:38:58,821 [bcb704dc-2543-42a4-8762-cde039a55a99@group-2DF1019CC858:LeaderElection112] INFO  server.RaftServerConfigKeys (ConfUtils.java:logGet(43)) - raft.server.watch.timeout = 10s (default)
2019-09-26 15:38:58,821 [pool-123-thread-1] INFO  segmented.SegmentedRaftLogWorker (SegmentedRaftLogWorker.java:<init>(172)) - new bcb704dc-2543-42a4-8762-cde039a55a99@group-A0C5D2D9FA46-SegmentedRaftLogWorker for RaftStorage:Storage Directory /workdir/hadoop-ozone/integration-test/target/test-dir/MiniOzoneClusterImpl-87962e32-e39f-4c57-b747-30c883c1cc54/datanode-0/data/ratis/ebadecb9-8af3-42ef-8227-a0c5d2d9fa46
2019-09-26 15:38:58,821 [bcb704dc-2543-42a4-8762-cde039a55a99@group-2DF1019CC858:LeaderElection112] INFO  server.RaftServerConfigKeys (ConfUtils.java:logGet(43)) - raft.server.watch.timeout.denomination = 1s (default)
2019-09-26 15:38:58,821 [pool-123-thread-1] INFO  server.RaftServerConfigKeys (ConfUtils.java:logGet(43)) - raft.server.log.queue.byte-limit = 2147483647 (custom)
2019-09-26 15:38:58,821 [bcb704dc-2543-42a4-8762-cde039a55a99@group-2DF1019CC858:LeaderElection112] INFO  server.RaftServerConfigKeys (ConfUtils.java:logGet(43)) - raft.server.watch.element-limit = 65536 (default)
2019-09-26 15:38:58,821 [pool-123-thread-1] INFO  server.RaftServerConfigKeys (ConfUtils.java:logGet(43)) - raft.server.log.queue.element-limit = 1024 (custom)
2019-09-26 15:38:58,822 [pool-123-thread-1] INFO  server.RaftServerConfigKeys (ConfUtils.java:logGet(43)) - raft.server.log.segment.size.max = 1048576 (custom)
2019-09-26 15:38:58,822 [pool-123-thread-1] INFO  server.RaftServerConfigKeys (ConfUtils.java:logGet(43)) - raft.server.log.preallocated.size = 16384 (custom)
2019-09-26 15:38:58,822 [pool-123-thread-1] INFO  server.RaftServerConfigKeys (ConfUtils.java:logGet(43)) - raft.server.log.write.buffer.size = 33554432 (custom)
2019-09-26 15:38:58,822 [pool-123-thread-1] INFO  server.RaftServerConfigKeys (ConfUtils.java:logGet(43)) - raft.server.log.force.sync.num = 128 (default)
2019-09-26 15:38:58,822 [pool-123-thread-1] INFO  server.RaftServerConfigKeys (ConfUtils.java:logGet(43)) - raft.server.log.statemachine.data.sync = true (default)
2019-09-26 15:38:58,822 [pool-123-thread-1] INFO  server.RaftServerConfigKeys (ConfUtils.java:logGet(43)) - raft.server.log.statemachine.data.sync.timeout = 10s (default)
2019-09-26 15:38:58,822 [pool-123-thread-1] INFO  server.RaftServerConfigKeys (ConfUtils.java:logGet(43)) - raft.server.log.statemachine.data.sync.timeout.retry = -1 (default)
2019-09-26 15:38:58,823 [pool-123-thread-1] INFO  server.RaftServerConfigKeys (ConfUtils.java:logGet(43)) - raft.server.log.statemachine.data.caching.enabled = true (custom)
2019-09-26 15:38:58,823 [bcb704dc-2543-42a4-8762-cde039a55a99@group-2DF1019CC858:LeaderElection112] INFO  impl.RoleInfo (RoleInfo.java:updateAndGet(143)) - bcb704dc-2543-42a4-8762-cde039a55a99: start LeaderState
2019-09-26 15:38:58,823 [pool-123-thread-1] INFO  segmented.SegmentedRaftLogWorker (SegmentedRaftLogWorker.java:lambda$new$0(132)) - bcb704dc-2543-42a4-8762-cde039a55a99@group-A0C5D2D9FA46-SegmentedRaftLogWorker: flushIndex: setUnconditionally 0 -> -1
2019-09-26 15:38:58,823 [bcb704dc-2543-42a4-8762-cde039a55a99@group-2DF1019CC858:LeaderElection112] INFO  segmented.SegmentedRaftLogWorker (SegmentedRaftLogWorker.java:startLogSegment(380)) - bcb704dc-2543-42a4-8762-cde039a55a99@group-2DF1019CC858-SegmentedRaftLogWorker: Starting segment from index:0
2019-09-26 15:38:58,823 [pool-123-thread-1] INFO  server.RaftServerConfigKeys (ConfUtils.java:logGet(43)) - raft.server.snapshot.auto.trigger.enabled = true (custom)
2019-09-26 15:38:58,823 [pool-123-thread-1] INFO  server.RaftServerConfigKeys (ConfUtils.java:logGet(43)) - raft.server.snapshot.auto.trigger.threshold = 10000 (custom)
2019-09-26 15:38:58,823 [pool-123-thread-1] INFO  server.RaftServerConfigKeys (ConfUtils.java:logGet(43)) - raft.server.snapshot.retention.num.files = 5 (custom)
2019-09-26 15:38:58,824 [bcb704dc-2543-42a4-8762-cde039a55a99@group-2DF1019CC858:LeaderElection112] INFO  impl.RaftServerImpl (ServerState.java:setRaftConf(354)) - bcb704dc-2543-42a4-8762-cde039a55a99@group-2DF1019CC858: set configuration 0: [bcb704dc-2543-42a4-8762-cde039a55a99:192.168.151.99:43663], old=null at 0
2019-09-26 15:38:58,824 [pool-123-thread-1] INFO  server.RaftServerConfigKeys (ConfUtils.java:logGet(43)) - raft.server.retrycache.expirytime = 600000ms (custom)
2019-09-26 15:38:58,825 [pool-123-thread-1] INFO  impl.RaftServerImpl (RaftServerImpl.java:start(185)) - bcb704dc-2543-42a4-8762-cde039a55a99@group-A0C5D2D9FA46: start as a follower, conf=-1: [bcb704dc-2543-42a4-8762-cde039a55a99:192.168.151.99:43663], old=null
2019-09-26 15:38:58,825 [pool-123-thread-1] INFO  impl.RaftServerImpl (RaftServerImpl.java:setRole(174)) - bcb704dc-2543-42a4-8762-cde039a55a99@group-A0C5D2D9FA46: changes role from      null to FOLLOWER at term 0 for startAsFollower
2019-09-26 15:38:58,825 [pool-123-thread-1] INFO  impl.RoleInfo (RoleInfo.java:updateAndGet(143)) - bcb704dc-2543-42a4-8762-cde039a55a99: start FollowerState
2019-09-26 15:38:58,826 [pool-123-thread-1] INFO  util.JmxRegister (JmxRegister.java:tryRegister(44)) - Successfully registered JMX Bean with object name Ratis:service=RaftServer,group=group-A0C5D2D9FA46,id=bcb704dc-2543-42a4-8762-cde039a55a99
2019-09-26 15:38:58,828 [RatisPipelineUtilsThread] INFO  pipeline.PipelineStateManager (PipelineStateManager.java:addPipeline(56)) - Created pipeline Pipeline[ Id: ebadecb9-8af3-42ef-8227-a0c5d2d9fa46, Nodes: bcb704dc-2543-42a4-8762-cde039a55a99{ip: 192.168.151.99, host: pr-hdds-1569-g6sp5-2013761785, networkLocation: /default-rack, certSerialId: null}, Type:RATIS, Factor:ONE, State:OPEN]
2019-09-26 15:38:58,832 [Thread-1838] INFO  impl.FollowerState (FollowerState.java:run(106)) - bcb704dc-2543-42a4-8762-cde039a55a99:group-3437F81E835A changes to CANDIDATE, lastRpcTime:5015, electionTimeout:5015ms
2019-09-26 15:38:58,832 [Thread-1838] INFO  impl.RoleInfo (RoleInfo.java:shutdownFollowerState(121)) - bcb704dc-2543-42a4-8762-cde039a55a99: shutdown FollowerState
2019-09-26 15:38:58,832 [Thread-1838] INFO  impl.RaftServerImpl (RaftServerImpl.java:setRole(174)) - bcb704dc-2543-42a4-8762-cde039a55a99@group-3437F81E835A: changes role from  FOLLOWER to CANDIDATE at term 0 for changeToCandidate
2019-09-26 15:38:58,833 [Thread-1838] INFO  impl.RoleInfo (RoleInfo.java:updateAndGet(143)) - bcb704dc-2543-42a4-8762-cde039a55a99: start LeaderElection
2019-09-26 15:38:58,833 [grpc-default-executor-0] INFO  impl.RaftServerProxy (RaftServerProxy.java:addNew(89)) - bcb704dc-2543-42a4-8762-cde039a55a99: addNew group-4B884EBB2E10:[bcb704dc-2543-42a4-8762-cde039a55a99:192.168.151.99:43663] returns group-4B884EBB2E10:java.util.concurrent.CompletableFuture@3989c650[Not completed]
2019-09-26 15:38:58,833 [pool-123-thread-1] INFO  impl.RaftServerImpl (RaftServerImpl.java:<init>(95)) - bcb704dc-2543-42a4-8762-cde039a55a99: new RaftServerImpl for group-4B884EBB2E10:[bcb704dc-2543-42a4-8762-cde039a55a99:192.168.151.99:43663] with ContainerStateMachine:uninitialized
2019-09-26 15:38:58,833 [pool-123-thread-1] INFO  server.RaftServerConfigKeys (ConfUtils.java:logGet(43)) - raft.server.rpc.timeout.min = 5s (custom)
2019-09-26 15:38:58,833 [pool-123-thread-1] INFO  server.RaftServerConfigKeys (ConfUtils.java:logGet(43)) - raft.server.rpc.timeout.max = 5200ms (custom)
2019-09-26 15:38:58,834 [pool-123-thread-1] INFO  server.RaftServerConfigKeys (ConfUtils.java:logGet(43)) - raft.server.rpcslowness.timeout = 120s (custom)
2019-09-26 15:38:58,834 [pool-123-thread-1] INFO  server.RaftServerConfigKeys (ConfUtils.java:logGet(43)) - raft.server.sleep.deviation.threshold = 300 (default)
2019-09-26 15:38:58,834 [pool-123-thread-1] INFO  server.RaftServerConfigKeys (ConfUtils.java:logGet(43)) - raft.server.log.appender.install.snapshot.enabled = false (custom)
2019-09-26 15:38:58,834 [pool-123-thread-1] INFO  impl.RaftServerImpl (ServerState.java:<init>(103)) - bcb704dc-2543-42a4-8762-cde039a55a99@group-4B884EBB2E10: ConfigurationManager, init=-1: [bcb704dc-2543-42a4-8762-cde039a55a99:192.168.151.99:43663], old=null, confs=<EMPTY_MAP>
2019-09-26 15:38:58,834 [pool-123-thread-1] INFO  server.RaftServerConfigKeys (ConfUtils.java:logGet(43)) - raft.server.storage.dir = [/workdir/hadoop-ozone/integration-test/target/test-dir/MiniOzoneClusterImpl-87962e32-e39f-4c57-b747-30c883c1cc54/datanode-0/data/ratis] (custom)
2019-09-26 15:38:58,835 [pool-123-thread-1] INFO  storage.RaftStorageDirectory (RaftStorageDirectory.java:analyzeStorage(246)) - The storage directory /workdir/hadoop-ozone/integration-test/target/test-dir/MiniOzoneClusterImpl-87962e32-e39f-4c57-b747-30c883c1cc54/datanode-0/data/ratis/cab03994-d4bf-43e7-a2be-4b884ebb2e10 does not exist. Creating ...
2019-09-26 15:38:58,847 [pool-123-thread-1] INFO  storage.RaftStorageDirectory (RaftStorageDirectory.java:tryLock(328)) - Lock on /workdir/hadoop-ozone/integration-test/target/test-dir/MiniOzoneClusterImpl-87962e32-e39f-4c57-b747-30c883c1cc54/datanode-0/data/ratis/cab03994-d4bf-43e7-a2be-4b884ebb2e10/in_use.lock acquired by nodename 10626@pr-hdds-1569-g6sp5-2013761785
2019-09-26 15:38:58,847 [bcb704dc-2543-42a4-8762-cde039a55a99@group-3437F81E835A:LeaderElection113] INFO  impl.LeaderElection (LeaderElection.java:askForVotes(182)) - bcb704dc-2543-42a4-8762-cde039a55a99@group-3437F81E835A:LeaderElection113: begin an election at term 1 for -1: [bcb704dc-2543-42a4-8762-cde039a55a99:192.168.151.99:43663], old=null
2019-09-26 15:38:58,847 [bcb704dc-2543-42a4-8762-cde039a55a99@group-3437F81E835A:LeaderElection113] INFO  impl.RoleInfo (RoleInfo.java:shutdownLeaderElection(134)) - bcb704dc-2543-42a4-8762-cde039a55a99: shutdown LeaderElection
2019-09-26 15:38:58,847 [bcb704dc-2543-42a4-8762-cde039a55a99@group-3437F81E835A:LeaderElection113] INFO  impl.RaftServerImpl (RaftServerImpl.java:setRole(174)) - bcb704dc-2543-42a4-8762-cde039a55a99@group-3437F81E835A: changes role from CANDIDATE to LEADER at term 1 for changeToLeader
2019-09-26 15:38:58,847 [bcb704dc-2543-42a4-8762-cde039a55a99@group-3437F81E835A:LeaderElection113] INFO  impl.RaftServerImpl (ServerState.java:setLeader(253)) - bcb704dc-2543-42a4-8762-cde039a55a99@group-3437F81E835A: change Leader from null to bcb704dc-2543-42a4-8762-cde039a55a99 at term 1 for becomeLeader, leader elected after 5035ms
2019-09-26 15:38:58,847 [bcb704dc-2543-42a4-8762-cde039a55a99@group-3437F81E835A:LeaderElection113] INFO  server.RaftServerConfigKeys (ConfUtils.java:logGet(43)) - raft.server.staging.catchup.gap = 1000 (default)
2019-09-26 15:38:58,847 [bcb704dc-2543-42a4-8762-cde039a55a99@group-3437F81E835A:LeaderElection113] INFO  server.RaftServerConfigKeys (ConfUtils.java:logGet(43)) - raft.server.rpc.sleep.time = 25ms (default)
2019-09-26 15:38:58,848 [bcb704dc-2543-42a4-8762-cde039a55a99@group-3437F81E835A:LeaderElection113] INFO  server.RaftServerConfigKeys (ConfUtils.java:logGet(43)) - raft.server.write.element-limit = 4096 (default)
2019-09-26 15:38:58,848 [bcb704dc-2543-42a4-8762-cde039a55a99@group-3437F81E835A:LeaderElection113] INFO  server.RaftServerConfigKeys (ConfUtils.java:logGet(43)) - raft.server.watch.timeout = 10s (default)
2019-09-26 15:38:58,848 [bcb704dc-2543-42a4-8762-cde039a55a99@group-3437F81E835A:LeaderElection113] INFO  server.RaftServerConfigKeys (ConfUtils.java:logGet(43)) - raft.server.watch.timeout.denomination = 1s (default)
2019-09-26 15:38:58,848 [bcb704dc-2543-42a4-8762-cde039a55a99@group-3437F81E835A:LeaderElection113] INFO  server.RaftServerConfigKeys (ConfUtils.java:logGet(43)) - raft.server.watch.element-limit = 65536 (default)
2019-09-26 15:38:58,850 [bcb704dc-2543-42a4-8762-cde039a55a99@group-3437F81E835A:LeaderElection113] INFO  impl.RoleInfo (RoleInfo.java:updateAndGet(143)) - bcb704dc-2543-42a4-8762-cde039a55a99: start LeaderState
2019-09-26 15:38:58,850 [bcb704dc-2543-42a4-8762-cde039a55a99@group-3437F81E835A:LeaderElection113] INFO  segmented.SegmentedRaftLogWorker (SegmentedRaftLogWorker.java:startLogSegment(380)) - bcb704dc-2543-42a4-8762-cde039a55a99@group-3437F81E835A-SegmentedRaftLogWorker: Starting segment from index:0
2019-09-26 15:38:58,850 [bcb704dc-2543-42a4-8762-cde039a55a99@group-3437F81E835A:LeaderElection113] INFO  impl.RaftServerImpl (ServerState.java:setRaftConf(354)) - bcb704dc-2543-42a4-8762-cde039a55a99@group-3437F81E835A: set configuration 0: [bcb704dc-2543-42a4-8762-cde039a55a99:192.168.151.99:43663], old=null at 0
2019-09-26 15:38:58,851 [Thread-1832] INFO  impl.FollowerState (FollowerState.java:run(106)) - bcb704dc-2543-42a4-8762-cde039a55a99:group-D3965145870F changes to CANDIDATE, lastRpcTime:5133, electionTimeout:5133ms
2019-09-26 15:38:58,852 [Thread-1832] INFO  impl.RoleInfo (RoleInfo.java:shutdownFollowerState(121)) - bcb704dc-2543-42a4-8762-cde039a55a99: shutdown FollowerState
2019-09-26 15:38:58,852 [Thread-1832] INFO  impl.RaftServerImpl (RaftServerImpl.java:setRole(174)) - bcb704dc-2543-42a4-8762-cde039a55a99@group-D3965145870F: changes role from  FOLLOWER to CANDIDATE at term 0 for changeToCandidate
2019-09-26 15:38:58,852 [Thread-1832] INFO  impl.RoleInfo (RoleInfo.java:updateAndGet(143)) - bcb704dc-2543-42a4-8762-cde039a55a99: start LeaderElection
2019-09-26 15:38:58,861 [bcb704dc-2543-42a4-8762-cde039a55a99@group-4E6230E775CB-SegmentedRaftLogWorker] INFO  segmented.SegmentedRaftLogWorker (SegmentedRaftLogWorker.java:execute(569)) - bcb704dc-2543-42a4-8762-cde039a55a99@group-4E6230E775CB-SegmentedRaftLogWorker: created new log segment /workdir/hadoop-ozone/integration-test/target/test-dir/MiniOzoneClusterImpl-87962e32-e39f-4c57-b747-30c883c1cc54/datanode-0/data/ratis/50b70e3e-d799-4873-b938-4e6230e775cb/current/log_inprogress_0
2019-09-26 15:38:58,861 [bcb704dc-2543-42a4-8762-cde039a55a99@group-D3965145870F:LeaderElection114] INFO  impl.LeaderElection (LeaderElection.java:askForVotes(182)) - bcb704dc-2543-42a4-8762-cde039a55a99@group-D3965145870F:LeaderElection114: begin an election at term 1 for -1: [bcb704dc-2543-42a4-8762-cde039a55a99:192.168.151.99:43663], old=null
2019-09-26 15:38:58,861 [pool-123-thread-1] INFO  storage.RaftStorage (RaftStorage.java:format(72)) - Storage directory /workdir/hadoop-ozone/integration-test/target/test-dir/MiniOzoneClusterImpl-87962e32-e39f-4c57-b747-30c883c1cc54/datanode-0/data/ratis/cab03994-d4bf-43e7-a2be-4b884ebb2e10 has been successfully formatted.
2019-09-26 15:38:58,861 [bcb704dc-2543-42a4-8762-cde039a55a99@group-D3965145870F:LeaderElection114] INFO  impl.RoleInfo (RoleInfo.java:shutdownLeaderElection(134)) - bcb704dc-2543-42a4-8762-cde039a55a99: shutdown LeaderElection
2019-09-26 15:38:58,861 [bcb704dc-2543-42a4-8762-cde039a55a99@group-D3965145870F:LeaderElection114] INFO  impl.RaftServerImpl (RaftServerImpl.java:setRole(174)) - bcb704dc-2543-42a4-8762-cde039a55a99@group-D3965145870F: changes role from CANDIDATE to LEADER at term 1 for changeToLeader
2019-09-26 15:38:58,861 [pool-123-thread-1] INFO  ratis.ContainerStateMachine (ContainerStateMachine.java:loadSnapshot(230)) - group-4B884EBB2E10: The snapshot info is null. Setting the last applied indexto:(t:0, i:~)
2019-09-26 15:38:58,861 [bcb704dc-2543-42a4-8762-cde039a55a99@group-D3965145870F:LeaderElection114] INFO  impl.RaftServerImpl (ServerState.java:setLeader(253)) - bcb704dc-2543-42a4-8762-cde039a55a99@group-D3965145870F: change Leader from null to bcb704dc-2543-42a4-8762-cde039a55a99 at term 1 for becomeLeader, leader elected after 5146ms
2019-09-26 15:38:58,861 [pool-123-thread-1] INFO  server.RaftServerConfigKeys (ConfUtils.java:logGet(43)) - raft.server.notification.no-leader.timeout = 120s (custom)
2019-09-26 15:38:58,861 [bcb704dc-2543-42a4-8762-cde039a55a99@group-D3965145870F:LeaderElection114] INFO  server.RaftServerConfigKeys (ConfUtils.java:logGet(43)) - raft.server.staging.catchup.gap = 1000 (default)
2019-09-26 15:38:58,862 [pool-123-thread-1] INFO  server.RaftServerConfigKeys (ConfUtils.java:logGet(43)) - raft.server.log.use.memory = false (default)
2019-09-26 15:38:58,862 [bcb704dc-2543-42a4-8762-cde039a55a99@group-D3965145870F:LeaderElection114] INFO  server.RaftServerConfigKeys (ConfUtils.java:logGet(43)) - raft.server.rpc.sleep.time = 25ms (default)
2019-09-26 15:38:58,862 [pool-123-thread-1] INFO  server.RaftServerConfigKeys (ConfUtils.java:logGet(43)) - raft.server.log.purge.gap = 1000000 (custom)
2019-09-26 15:38:58,862 [bcb704dc-2543-42a4-8762-cde039a55a99@group-D3965145870F:LeaderElection114] INFO  server.RaftServerConfigKeys (ConfUtils.java:logGet(43)) - raft.server.write.element-limit = 4096 (default)
2019-09-26 15:38:58,862 [pool-123-thread-1] INFO  server.RaftServerConfigKeys (ConfUtils.java:logGet(43)) - raft.server.log.appender.buffer.byte-limit = 33554432 (custom)
2019-09-26 15:38:58,862 [bcb704dc-2543-42a4-8762-cde039a55a99@group-D3965145870F:LeaderElection114] INFO  server.RaftServerConfigKeys (ConfUtils.java:logGet(43)) - raft.server.watch.timeout = 10s (default)
2019-09-26 15:38:58,862 [bcb704dc-2543-42a4-8762-cde039a55a99@group-2DF1019CC858-SegmentedRaftLogWorker] INFO  segmented.SegmentedRaftLogWorker (SegmentedRaftLogWorker.java:execute(569)) - bcb704dc-2543-42a4-8762-cde039a55a99@group-2DF1019CC858-SegmentedRaftLogWorker: created new log segment /workdir/hadoop-ozone/integration-test/target/test-dir/MiniOzoneClusterImpl-87962e32-e39f-4c57-b747-30c883c1cc54/datanode-0/data/ratis/6f4effe7-0940-48a0-b2ea-2df1019cc858/current/log_inprogress_0
2019-09-26 15:38:58,862 [pool-123-thread-1] INFO  server.RaftServerConfigKeys (ConfUtils.java:logGet(43)) - raft.server.log.segment.size.max = 1048576 (custom)
2019-09-26 15:38:58,862 [bcb704dc-2543-42a4-8762-cde039a55a99@group-D3965145870F:LeaderElection114] INFO  server.RaftServerConfigKeys (ConfUtils.java:logGet(43)) - raft.server.watch.timeout.denomination = 1s (default)
2019-09-26 15:38:58,863 [pool-123-thread-1] INFO  server.RaftServerConfigKeys (ConfUtils.java:logGet(43)) - raft.server.log.segment.cache.num.max = 2 (custom)
2019-09-26 15:38:58,863 [bcb704dc-2543-42a4-8762-cde039a55a99@group-D3965145870F:LeaderElection114] INFO  server.RaftServerConfigKeys (ConfUtils.java:logGet(43)) - raft.server.watch.element-limit = 65536 (default)
2019-09-26 15:38:58,863 [pool-123-thread-1] INFO  segmented.SegmentedRaftLogWorker (SegmentedRaftLogWorker.java:<init>(172)) - new bcb704dc-2543-42a4-8762-cde039a55a99@group-4B884EBB2E10-SegmentedRaftLogWorker for RaftStorage:Storage Directory /workdir/hadoop-ozone/integration-test/target/test-dir/MiniOzoneClusterImpl-87962e32-e39f-4c57-b747-30c883c1cc54/datanode-0/data/ratis/cab03994-d4bf-43e7-a2be-4b884ebb2e10
2019-09-26 15:38:58,863 [pool-123-thread-1] INFO  server.RaftServerConfigKeys (ConfUtils.java:logGet(43)) - raft.server.log.queue.byte-limit = 2147483647 (custom)
2019-09-26 15:38:58,863 [pool-123-thread-1] INFO  server.RaftServerConfigKeys (ConfUtils.java:logGet(43)) - raft.server.log.queue.element-limit = 1024 (custom)
2019-09-26 15:38:58,863 [pool-123-thread-1] INFO  server.RaftServerConfigKeys (ConfUtils.java:logGet(43)) - raft.server.log.segment.size.max = 1048576 (custom)
2019-09-26 15:38:58,864 [pool-123-thread-1] INFO  server.RaftServerConfigKeys (ConfUtils.java:logGet(43)) - raft.server.log.preallocated.size = 16384 (custom)
2019-09-26 15:38:58,864 [pool-123-thread-1] INFO  server.RaftServerConfigKeys (ConfUtils.java:logGet(43)) - raft.server.log.write.buffer.size = 33554432 (custom)
2019-09-26 15:38:58,864 [pool-123-thread-1] INFO  server.RaftServerConfigKeys (ConfUtils.java:logGet(43)) - raft.server.log.force.sync.num = 128 (default)
2019-09-26 15:38:58,864 [pool-123-thread-1] INFO  server.RaftServerConfigKeys (ConfUtils.java:logGet(43)) - raft.server.log.statemachine.data.sync = true (default)
2019-09-26 15:38:58,864 [pool-123-thread-1] INFO  server.RaftServerConfigKeys (ConfUtils.java:logGet(43)) - raft.server.log.statemachine.data.sync.timeout = 10s (default)
2019-09-26 15:38:58,864 [bcb704dc-2543-42a4-8762-cde039a55a99@group-D3965145870F:LeaderElection114] INFO  impl.RoleInfo (RoleInfo.java:updateAndGet(143)) - bcb704dc-2543-42a4-8762-cde039a55a99: start LeaderState
2019-09-26 15:38:58,864 [pool-123-thread-1] INFO  server.RaftServerConfigKeys (ConfUtils.java:logGet(43)) - raft.server.log.statemachine.data.sync.timeout.retry = -1 (default)
2019-09-26 15:38:58,865 [bcb704dc-2543-42a4-8762-cde039a55a99@group-D3965145870F:LeaderElection114] INFO  segmented.SegmentedRaftLogWorker (SegmentedRaftLogWorker.java:startLogSegment(380)) - bcb704dc-2543-42a4-8762-cde039a55a99@group-D3965145870F-SegmentedRaftLogWorker: Starting segment from index:0
2019-09-26 15:38:58,865 [pool-123-thread-1] INFO  server.RaftServerConfigKeys (ConfUtils.java:logGet(43)) - raft.server.log.statemachine.data.caching.enabled = true (custom)
2019-09-26 15:38:58,865 [bcb704dc-2543-42a4-8762-cde039a55a99@group-D3965145870F:LeaderElection114] INFO  impl.RaftServerImpl (ServerState.java:setRaftConf(354)) - bcb704dc-2543-42a4-8762-cde039a55a99@group-D3965145870F: set configuration 0: [bcb704dc-2543-42a4-8762-cde039a55a99:192.168.151.99:43663], old=null at 0
2019-09-26 15:38:58,865 [pool-123-thread-1] INFO  segmented.SegmentedRaftLogWorker (SegmentedRaftLogWorker.java:lambda$new$0(132)) - bcb704dc-2543-42a4-8762-cde039a55a99@group-4B884EBB2E10-SegmentedRaftLogWorker: flushIndex: setUnconditionally 0 -> -1
2019-09-26 15:38:58,865 [pool-123-thread-1] INFO  server.RaftServerConfigKeys (ConfUtils.java:logGet(43)) - raft.server.snapshot.auto.trigger.enabled = true (custom)
2019-09-26 15:38:58,866 [pool-123-thread-1] INFO  server.RaftServerConfigKeys (ConfUtils.java:logGet(43)) - raft.server.snapshot.auto.trigger.threshold = 10000 (custom)
2019-09-26 15:38:58,866 [pool-123-thread-1] INFO  server.RaftServerConfigKeys (ConfUtils.java:logGet(43)) - raft.server.snapshot.retention.num.files = 5 (custom)
2019-09-26 15:38:58,866 [pool-123-thread-1] INFO  server.RaftServerConfigKeys (ConfUtils.java:logGet(43)) - raft.server.retrycache.expirytime = 600000ms (custom)
2019-09-26 15:38:58,867 [pool-123-thread-1] INFO  impl.RaftServerImpl (RaftServerImpl.java:start(185)) - bcb704dc-2543-42a4-8762-cde039a55a99@group-4B884EBB2E10: start as a follower, conf=-1: [bcb704dc-2543-42a4-8762-cde039a55a99:192.168.151.99:43663], old=null
2019-09-26 15:38:58,867 [pool-123-thread-1] INFO  impl.RaftServerImpl (RaftServerImpl.java:setRole(174)) - bcb704dc-2543-42a4-8762-cde039a55a99@group-4B884EBB2E10: changes role from      null to FOLLOWER at term 0 for startAsFollower
2019-09-26 15:38:58,868 [pool-123-thread-1] INFO  impl.RoleInfo (RoleInfo.java:updateAndGet(143)) - bcb704dc-2543-42a4-8762-cde039a55a99: start FollowerState
2019-09-26 15:38:58,868 [pool-123-thread-1] INFO  util.JmxRegister (JmxRegister.java:tryRegister(44)) - Successfully registered JMX Bean with object name Ratis:service=RaftServer,group=group-4B884EBB2E10,id=bcb704dc-2543-42a4-8762-cde039a55a99
2019-09-26 15:38:58,870 [RatisPipelineUtilsThread] INFO  pipeline.PipelineStateManager (PipelineStateManager.java:addPipeline(56)) - Created pipeline Pipeline[ Id: cab03994-d4bf-43e7-a2be-4b884ebb2e10, Nodes: bcb704dc-2543-42a4-8762-cde039a55a99{ip: 192.168.151.99, host: pr-hdds-1569-g6sp5-2013761785, networkLocation: /default-rack, certSerialId: null}, Type:RATIS, Factor:ONE, State:OPEN]
2019-09-26 15:38:58,874 [grpc-default-executor-0] INFO  impl.RaftServerProxy (RaftServerProxy.java:addNew(89)) - bcb704dc-2543-42a4-8762-cde039a55a99: addNew group-353F2047EF06:[bcb704dc-2543-42a4-8762-cde039a55a99:192.168.151.99:43663] returns group-353F2047EF06:java.util.concurrent.CompletableFuture@2dc6973f[Not completed]
2019-09-26 15:38:58,875 [pool-123-thread-1] INFO  impl.RaftServerImpl (RaftServerImpl.java:<init>(95)) - bcb704dc-2543-42a4-8762-cde039a55a99: new RaftServerImpl for group-353F2047EF06:[bcb704dc-2543-42a4-8762-cde039a55a99:192.168.151.99:43663] with ContainerStateMachine:uninitialized
2019-09-26 15:38:58,875 [pool-123-thread-1] INFO  server.RaftServerConfigKeys (ConfUtils.java:logGet(43)) - raft.server.rpc.timeout.min = 5s (custom)
2019-09-26 15:38:58,875 [pool-123-thread-1] INFO  server.RaftServerConfigKeys (ConfUtils.java:logGet(43)) - raft.server.rpc.timeout.max = 5200ms (custom)
2019-09-26 15:38:58,875 [pool-123-thread-1] INFO  server.RaftServerConfigKeys (ConfUtils.java:logGet(43)) - raft.server.rpcslowness.timeout = 120s (custom)
2019-09-26 15:38:58,875 [pool-123-thread-1] INFO  server.RaftServerConfigKeys (ConfUtils.java:logGet(43)) - raft.server.sleep.deviation.threshold = 300 (default)
2019-09-26 15:38:58,875 [pool-123-thread-1] INFO  server.RaftServerConfigKeys (ConfUtils.java:logGet(43)) - raft.server.log.appender.install.snapshot.enabled = false (custom)
2019-09-26 15:38:58,875 [pool-123-thread-1] INFO  impl.RaftServerImpl (ServerState.java:<init>(103)) - bcb704dc-2543-42a4-8762-cde039a55a99@group-353F2047EF06: ConfigurationManager, init=-1: [bcb704dc-2543-42a4-8762-cde039a55a99:192.168.151.99:43663], old=null, confs=<EMPTY_MAP>
2019-09-26 15:38:58,876 [pool-123-thread-1] INFO  server.RaftServerConfigKeys (ConfUtils.java:logGet(43)) - raft.server.storage.dir = [/workdir/hadoop-ozone/integration-test/target/test-dir/MiniOzoneClusterImpl-87962e32-e39f-4c57-b747-30c883c1cc54/datanode-0/data/ratis] (custom)
2019-09-26 15:38:58,876 [pool-123-thread-1] INFO  storage.RaftStorageDirectory (RaftStorageDirectory.java:analyzeStorage(246)) - The storage directory /workdir/hadoop-ozone/integration-test/target/test-dir/MiniOzoneClusterImpl-87962e32-e39f-4c57-b747-30c883c1cc54/datanode-0/data/ratis/88eed4b8-3b5c-4baf-ab13-353f2047ef06 does not exist. Creating ...
2019-09-26 15:38:58,889 [pool-123-thread-1] INFO  storage.RaftStorageDirectory (RaftStorageDirectory.java:tryLock(328)) - Lock on /workdir/hadoop-ozone/integration-test/target/test-dir/MiniOzoneClusterImpl-87962e32-e39f-4c57-b747-30c883c1cc54/datanode-0/data/ratis/88eed4b8-3b5c-4baf-ab13-353f2047ef06/in_use.lock acquired by nodename 10626@pr-hdds-1569-g6sp5-2013761785
2019-09-26 15:38:58,891 [bcb704dc-2543-42a4-8762-cde039a55a99@group-3437F81E835A-SegmentedRaftLogWorker] INFO  segmented.SegmentedRaftLogWorker (SegmentedRaftLogWorker.java:execute(569)) - bcb704dc-2543-42a4-8762-cde039a55a99@group-3437F81E835A-SegmentedRaftLogWorker: created new log segment /workdir/hadoop-ozone/integration-test/target/test-dir/MiniOzoneClusterImpl-87962e32-e39f-4c57-b747-30c883c1cc54/datanode-0/data/ratis/ee669716-4e93-4593-8961-3437f81e835a/current/log_inprogress_0
2019-09-26 15:38:58,893 [pool-123-thread-1] INFO  storage.RaftStorage (RaftStorage.java:format(72)) - Storage directory /workdir/hadoop-ozone/integration-test/target/test-dir/MiniOzoneClusterImpl-87962e32-e39f-4c57-b747-30c883c1cc54/datanode-0/data/ratis/88eed4b8-3b5c-4baf-ab13-353f2047ef06 has been successfully formatted.
2019-09-26 15:38:58,893 [pool-123-thread-1] INFO  ratis.ContainerStateMachine (ContainerStateMachine.java:loadSnapshot(230)) - group-353F2047EF06: The snapshot info is null. Setting the last applied indexto:(t:0, i:~)
2019-09-26 15:38:58,893 [pool-123-thread-1] INFO  server.RaftServerConfigKeys (ConfUtils.java:logGet(43)) - raft.server.notification.no-leader.timeout = 120s (custom)
2019-09-26 15:38:58,894 [pool-123-thread-1] INFO  server.RaftServerConfigKeys (ConfUtils.java:logGet(43)) - raft.server.log.use.memory = false (default)
2019-09-26 15:38:58,894 [pool-123-thread-1] INFO  server.RaftServerConfigKeys (ConfUtils.java:logGet(43)) - raft.server.log.purge.gap = 1000000 (custom)
2019-09-26 15:38:58,894 [pool-123-thread-1] INFO  server.RaftServerConfigKeys (ConfUtils.java:logGet(43)) - raft.server.log.appender.buffer.byte-limit = 33554432 (custom)
2019-09-26 15:38:58,894 [pool-123-thread-1] INFO  server.RaftServerConfigKeys (ConfUtils.java:logGet(43)) - raft.server.log.segment.size.max = 1048576 (custom)
2019-09-26 15:38:58,894 [pool-123-thread-1] INFO  server.RaftServerConfigKeys (ConfUtils.java:logGet(43)) - raft.server.log.segment.cache.num.max = 2 (custom)
2019-09-26 15:38:58,894 [pool-123-thread-1] INFO  segmented.SegmentedRaftLogWorker (SegmentedRaftLogWorker.java:<init>(172)) - new bcb704dc-2543-42a4-8762-cde039a55a99@group-353F2047EF06-SegmentedRaftLogWorker for RaftStorage:Storage Directory /workdir/hadoop-ozone/integration-test/target/test-dir/MiniOzoneClusterImpl-87962e32-e39f-4c57-b747-30c883c1cc54/datanode-0/data/ratis/88eed4b8-3b5c-4baf-ab13-353f2047ef06
2019-09-26 15:38:58,894 [pool-123-thread-1] INFO  server.RaftServerConfigKeys (ConfUtils.java:logGet(43)) - raft.server.log.queue.byte-limit = 2147483647 (custom)
2019-09-26 15:38:58,894 [pool-123-thread-1] INFO  server.RaftServerConfigKeys (ConfUtils.java:logGet(43)) - raft.server.log.queue.element-limit = 1024 (custom)
2019-09-26 15:38:58,895 [pool-123-thread-1] INFO  server.RaftServerConfigKeys (ConfUtils.java:logGet(43)) - raft.server.log.segment.size.max = 1048576 (custom)
2019-09-26 15:38:58,895 [pool-123-thread-1] INFO  server.RaftServerConfigKeys (ConfUtils.java:logGet(43)) - raft.server.log.preallocated.size = 16384 (custom)
2019-09-26 15:38:58,895 [pool-123-thread-1] INFO  server.RaftServerConfigKeys (ConfUtils.java:logGet(43)) - raft.server.log.write.buffer.size = 33554432 (custom)
2019-09-26 15:38:58,895 [pool-123-thread-1] INFO  server.RaftServerConfigKeys (ConfUtils.java:logGet(43)) - raft.server.log.force.sync.num = 128 (default)
2019-09-26 15:38:58,895 [pool-123-thread-1] INFO  server.RaftServerConfigKeys (ConfUtils.java:logGet(43)) - raft.server.log.statemachine.data.sync = true (default)
2019-09-26 15:38:58,895 [pool-123-thread-1] INFO  server.RaftServerConfigKeys (ConfUtils.java:logGet(43)) - raft.server.log.statemachine.data.sync.timeout = 10s (default)
2019-09-26 15:38:58,895 [pool-123-thread-1] INFO  server.RaftServerConfigKeys (ConfUtils.java:logGet(43)) - raft.server.log.statemachine.data.sync.timeout.retry = -1 (default)
2019-09-26 15:38:58,895 [bcb704dc-2543-42a4-8762-cde039a55a99@group-D3965145870F-SegmentedRaftLogWorker] INFO  segmented.SegmentedRaftLogWorker (SegmentedRaftLogWorker.java:execute(569)) - bcb704dc-2543-42a4-8762-cde039a55a99@group-D3965145870F-SegmentedRaftLogWorker: created new log segment /workdir/hadoop-ozone/integration-test/target/test-dir/MiniOzoneClusterImpl-87962e32-e39f-4c57-b747-30c883c1cc54/datanode-0/data/ratis/3dc7998d-e699-4625-ad2b-d3965145870f/current/log_inprogress_0
2019-09-26 15:38:58,895 [pool-123-thread-1] INFO  server.RaftServerConfigKeys (ConfUtils.java:logGet(43)) - raft.server.log.statemachine.data.caching.enabled = true (custom)
2019-09-26 15:38:58,896 [pool-123-thread-1] INFO  segmented.SegmentedRaftLogWorker (SegmentedRaftLogWorker.java:lambda$new$0(132)) - bcb704dc-2543-42a4-8762-cde039a55a99@group-353F2047EF06-SegmentedRaftLogWorker: flushIndex: setUnconditionally 0 -> -1
2019-09-26 15:38:58,896 [pool-123-thread-1] INFO  server.RaftServerConfigKeys (ConfUtils.java:logGet(43)) - raft.server.snapshot.auto.trigger.enabled = true (custom)
2019-09-26 15:38:58,896 [pool-123-thread-1] INFO  server.RaftServerConfigKeys (ConfUtils.java:logGet(43)) - raft.server.snapshot.auto.trigger.threshold = 10000 (custom)
2019-09-26 15:38:58,896 [pool-123-thread-1] INFO  server.RaftServerConfigKeys (ConfUtils.java:logGet(43)) - raft.server.snapshot.retention.num.files = 5 (custom)
2019-09-26 15:38:58,896 [pool-123-thread-1] INFO  server.RaftServerConfigKeys (ConfUtils.java:logGet(43)) - raft.server.retrycache.expirytime = 600000ms (custom)
2019-09-26 15:38:58,898 [pool-123-thread-1] INFO  impl.RaftServerImpl (RaftServerImpl.java:start(185)) - bcb704dc-2543-42a4-8762-cde039a55a99@group-353F2047EF06: start as a follower, conf=-1: [bcb704dc-2543-42a4-8762-cde039a55a99:192.168.151.99:43663], old=null
2019-09-26 15:38:58,898 [pool-123-thread-1] INFO  impl.RaftServerImpl (RaftServerImpl.java:setRole(174)) - bcb704dc-2543-42a4-8762-cde039a55a99@group-353F2047EF06: changes role from      null to FOLLOWER at term 0 for startAsFollower
2019-09-26 15:38:58,898 [pool-123-thread-1] INFO  impl.RoleInfo (RoleInfo.java:updateAndGet(143)) - bcb704dc-2543-42a4-8762-cde039a55a99: start FollowerState
2019-09-26 15:38:58,898 [pool-123-thread-1] INFO  util.JmxRegister (JmxRegister.java:tryRegister(44)) - Successfully registered JMX Bean with object name Ratis:service=RaftServer,group=group-353F2047EF06,id=bcb704dc-2543-42a4-8762-cde039a55a99
2019-09-26 15:38:58,900 [RatisPipelineUtilsThread] INFO  pipeline.PipelineStateManager (PipelineStateManager.java:addPipeline(56)) - Created pipeline Pipeline[ Id: 88eed4b8-3b5c-4baf-ab13-353f2047ef06, Nodes: bcb704dc-2543-42a4-8762-cde039a55a99{ip: 192.168.151.99, host: pr-hdds-1569-g6sp5-2013761785, networkLocation: /default-rack, certSerialId: null}, Type:RATIS, Factor:ONE, State:OPEN]
2019-09-26 15:38:58,904 [grpc-default-executor-0] INFO  impl.RaftServerProxy (RaftServerProxy.java:addNew(89)) - bcb704dc-2543-42a4-8762-cde039a55a99: addNew group-11C7A05DD744:[bcb704dc-2543-42a4-8762-cde039a55a99:192.168.151.99:43663] returns group-11C7A05DD744:java.util.concurrent.CompletableFuture@762f5df3[Not completed]
2019-09-26 15:38:58,904 [pool-123-thread-1] INFO  impl.RaftServerImpl (RaftServerImpl.java:<init>(95)) - bcb704dc-2543-42a4-8762-cde039a55a99: new RaftServerImpl for group-11C7A05DD744:[bcb704dc-2543-42a4-8762-cde039a55a99:192.168.151.99:43663] with ContainerStateMachine:uninitialized
2019-09-26 15:38:58,904 [pool-123-thread-1] INFO  server.RaftServerConfigKeys (ConfUtils.java:logGet(43)) - raft.server.rpc.timeout.min = 5s (custom)
2019-09-26 15:38:58,904 [pool-123-thread-1] INFO  server.RaftServerConfigKeys (ConfUtils.java:logGet(43)) - raft.server.rpc.timeout.max = 5200ms (custom)
2019-09-26 15:38:58,905 [pool-123-thread-1] INFO  server.RaftServerConfigKeys (ConfUtils.java:logGet(43)) - raft.server.rpcslowness.timeout = 120s (custom)
2019-09-26 15:38:58,905 [pool-123-thread-1] INFO  server.RaftServerConfigKeys (ConfUtils.java:logGet(43)) - raft.server.sleep.deviation.threshold = 300 (default)
2019-09-26 15:38:58,905 [pool-123-thread-1] INFO  server.RaftServerConfigKeys (ConfUtils.java:logGet(43)) - raft.server.log.appender.install.snapshot.enabled = false (custom)
2019-09-26 15:38:58,905 [pool-123-thread-1] INFO  impl.RaftServerImpl (ServerState.java:<init>(103)) - bcb704dc-2543-42a4-8762-cde039a55a99@group-11C7A05DD744: ConfigurationManager, init=-1: [bcb704dc-2543-42a4-8762-cde039a55a99:192.168.151.99:43663], old=null, confs=<EMPTY_MAP>
2019-09-26 15:38:58,905 [pool-123-thread-1] INFO  server.RaftServerConfigKeys (ConfUtils.java:logGet(43)) - raft.server.storage.dir = [/workdir/hadoop-ozone/integration-test/target/test-dir/MiniOzoneClusterImpl-87962e32-e39f-4c57-b747-30c883c1cc54/datanode-0/data/ratis] (custom)
2019-09-26 15:38:58,906 [pool-123-thread-1] INFO  storage.RaftStorageDirectory (RaftStorageDirectory.java:analyzeStorage(246)) - The storage directory /workdir/hadoop-ozone/integration-test/target/test-dir/MiniOzoneClusterImpl-87962e32-e39f-4c57-b747-30c883c1cc54/datanode-0/data/ratis/aba051ed-1f4e-4325-b7d4-11c7a05dd744 does not exist. Creating ...
2019-09-26 15:38:58,918 [pool-123-thread-1] INFO  storage.RaftStorageDirectory (RaftStorageDirectory.java:tryLock(328)) - Lock on /workdir/hadoop-ozone/integration-test/target/test-dir/MiniOzoneClusterImpl-87962e32-e39f-4c57-b747-30c883c1cc54/datanode-0/data/ratis/aba051ed-1f4e-4325-b7d4-11c7a05dd744/in_use.lock acquired by nodename 10626@pr-hdds-1569-g6sp5-2013761785
2019-09-26 15:38:58,931 [pool-123-thread-1] INFO  storage.RaftStorage (RaftStorage.java:format(72)) - Storage directory /workdir/hadoop-ozone/integration-test/target/test-dir/MiniOzoneClusterImpl-87962e32-e39f-4c57-b747-30c883c1cc54/datanode-0/data/ratis/aba051ed-1f4e-4325-b7d4-11c7a05dd744 has been successfully formatted.
2019-09-26 15:38:58,931 [pool-123-thread-1] INFO  ratis.ContainerStateMachine (ContainerStateMachine.java:loadSnapshot(230)) - group-11C7A05DD744: The snapshot info is null. Setting the last applied indexto:(t:0, i:~)
2019-09-26 15:38:58,931 [pool-123-thread-1] INFO  server.RaftServerConfigKeys (ConfUtils.java:logGet(43)) - raft.server.notification.no-leader.timeout = 120s (custom)
2019-09-26 15:38:58,932 [pool-123-thread-1] INFO  server.RaftServerConfigKeys (ConfUtils.java:logGet(43)) - raft.server.log.use.memory = false (default)
2019-09-26 15:38:58,932 [pool-123-thread-1] INFO  server.RaftServerConfigKeys (ConfUtils.java:logGet(43)) - raft.server.log.purge.gap = 1000000 (custom)
2019-09-26 15:38:58,932 [pool-123-thread-1] INFO  server.RaftServerConfigKeys (ConfUtils.java:logGet(43)) - raft.server.log.appender.buffer.byte-limit = 33554432 (custom)
2019-09-26 15:38:58,932 [pool-123-thread-1] INFO  server.RaftServerConfigKeys (ConfUtils.java:logGet(43)) - raft.server.log.segment.size.max = 1048576 (custom)
2019-09-26 15:38:58,932 [pool-123-thread-1] INFO  server.RaftServerConfigKeys (ConfUtils.java:logGet(43)) - raft.server.log.segment.cache.num.max = 2 (custom)
2019-09-26 15:38:58,932 [pool-123-thread-1] INFO  segmented.SegmentedRaftLogWorker (SegmentedRaftLogWorker.java:<init>(172)) - new bcb704dc-2543-42a4-8762-cde039a55a99@group-11C7A05DD744-SegmentedRaftLogWorker for RaftStorage:Storage Directory /workdir/hadoop-ozone/integration-test/target/test-dir/MiniOzoneClusterImpl-87962e32-e39f-4c57-b747-30c883c1cc54/datanode-0/data/ratis/aba051ed-1f4e-4325-b7d4-11c7a05dd744
2019-09-26 15:38:58,932 [pool-123-thread-1] INFO  server.RaftServerConfigKeys (ConfUtils.java:logGet(43)) - raft.server.log.queue.byte-limit = 2147483647 (custom)
2019-09-26 15:38:58,932 [pool-123-thread-1] INFO  server.RaftServerConfigKeys (ConfUtils.java:logGet(43)) - raft.server.log.queue.element-limit = 1024 (custom)
2019-09-26 15:38:58,932 [pool-123-thread-1] INFO  server.RaftServerConfigKeys (ConfUtils.java:logGet(43)) - raft.server.log.segment.size.max = 1048576 (custom)
2019-09-26 15:38:58,932 [pool-123-thread-1] INFO  server.RaftServerConfigKeys (ConfUtils.java:logGet(43)) - raft.server.log.preallocated.size = 16384 (custom)
2019-09-26 15:38:58,933 [pool-123-thread-1] INFO  server.RaftServerConfigKeys (ConfUtils.java:logGet(43)) - raft.server.log.write.buffer.size = 33554432 (custom)
2019-09-26 15:38:58,933 [pool-123-thread-1] INFO  server.RaftServerConfigKeys (ConfUtils.java:logGet(43)) - raft.server.log.force.sync.num = 128 (default)
2019-09-26 15:38:58,933 [pool-123-thread-1] INFO  server.RaftServerConfigKeys (ConfUtils.java:logGet(43)) - raft.server.log.statemachine.data.sync = true (default)
2019-09-26 15:38:58,933 [pool-123-thread-1] INFO  server.RaftServerConfigKeys (ConfUtils.java:logGet(43)) - raft.server.log.statemachine.data.sync.timeout = 10s (default)
2019-09-26 15:38:58,933 [pool-123-thread-1] INFO  server.RaftServerConfigKeys (ConfUtils.java:logGet(43)) - raft.server.log.statemachine.data.sync.timeout.retry = -1 (default)
2019-09-26 15:38:58,933 [pool-123-thread-1] INFO  server.RaftServerConfigKeys (ConfUtils.java:logGet(43)) - raft.server.log.statemachine.data.caching.enabled = true (custom)
2019-09-26 15:38:58,933 [pool-123-thread-1] INFO  segmented.SegmentedRaftLogWorker (SegmentedRaftLogWorker.java:lambda$new$0(132)) - bcb704dc-2543-42a4-8762-cde039a55a99@group-11C7A05DD744-SegmentedRaftLogWorker: flushIndex: setUnconditionally 0 -> -1
2019-09-26 15:38:58,933 [pool-123-thread-1] INFO  server.RaftServerConfigKeys (ConfUtils.java:logGet(43)) - raft.server.snapshot.auto.trigger.enabled = true (custom)
2019-09-26 15:38:58,934 [pool-123-thread-1] INFO  server.RaftServerConfigKeys (ConfUtils.java:logGet(43)) - raft.server.snapshot.auto.trigger.threshold = 10000 (custom)
2019-09-26 15:38:58,934 [pool-123-thread-1] INFO  server.RaftServerConfigKeys (ConfUtils.java:logGet(43)) - raft.server.snapshot.retention.num.files = 5 (custom)
2019-09-26 15:38:58,934 [pool-123-thread-1] INFO  server.RaftServerConfigKeys (ConfUtils.java:logGet(43)) - raft.server.retrycache.expirytime = 600000ms (custom)
2019-09-26 15:38:58,935 [pool-123-thread-1] INFO  impl.RaftServerImpl (RaftServerImpl.java:start(185)) - bcb704dc-2543-42a4-8762-cde039a55a99@group-11C7A05DD744: start as a follower, conf=-1: [bcb704dc-2543-42a4-8762-cde039a55a99:192.168.151.99:43663], old=null
2019-09-26 15:38:58,935 [pool-123-thread-1] INFO  impl.RaftServerImpl (RaftServerImpl.java:setRole(174)) - bcb704dc-2543-42a4-8762-cde039a55a99@group-11C7A05DD744: changes role from      null to FOLLOWER at term 0 for startAsFollower
2019-09-26 15:38:58,935 [pool-123-thread-1] INFO  impl.RoleInfo (RoleInfo.java:updateAndGet(143)) - bcb704dc-2543-42a4-8762-cde039a55a99: start FollowerState
2019-09-26 15:38:58,935 [pool-123-thread-1] INFO  util.JmxRegister (JmxRegister.java:tryRegister(44)) - Successfully registered JMX Bean with object name Ratis:service=RaftServer,group=group-11C7A05DD744,id=bcb704dc-2543-42a4-8762-cde039a55a99
2019-09-26 15:38:58,937 [RatisPipelineUtilsThread] INFO  pipeline.PipelineStateManager (PipelineStateManager.java:addPipeline(56)) - Created pipeline Pipeline[ Id: aba051ed-1f4e-4325-b7d4-11c7a05dd744, Nodes: bcb704dc-2543-42a4-8762-cde039a55a99{ip: 192.168.151.99, host: pr-hdds-1569-g6sp5-2013761785, networkLocation: /default-rack, certSerialId: null}, Type:RATIS, Factor:ONE, State:OPEN]
2019-09-26 15:38:58,940 [grpc-default-executor-0] INFO  impl.RaftServerProxy (RaftServerProxy.java:addNew(89)) - bcb704dc-2543-42a4-8762-cde039a55a99: addNew group-7C568138CBDB:[bcb704dc-2543-42a4-8762-cde039a55a99:192.168.151.99:43663] returns group-7C568138CBDB:java.util.concurrent.CompletableFuture@11efc335[Not completed]
2019-09-26 15:38:58,941 [pool-123-thread-1] INFO  impl.RaftServerImpl (RaftServerImpl.java:<init>(95)) - bcb704dc-2543-42a4-8762-cde039a55a99: new RaftServerImpl for group-7C568138CBDB:[bcb704dc-2543-42a4-8762-cde039a55a99:192.168.151.99:43663] with ContainerStateMachine:uninitialized
2019-09-26 15:38:58,941 [pool-123-thread-1] INFO  server.RaftServerConfigKeys (ConfUtils.java:logGet(43)) - raft.server.rpc.timeout.min = 5s (custom)
2019-09-26 15:38:58,941 [pool-123-thread-1] INFO  server.RaftServerConfigKeys (ConfUtils.java:logGet(43)) - raft.server.rpc.timeout.max = 5200ms (custom)
2019-09-26 15:38:58,941 [pool-123-thread-1] INFO  server.RaftServerConfigKeys (ConfUtils.java:logGet(43)) - raft.server.rpcslowness.timeout = 120s (custom)
2019-09-26 15:38:58,941 [pool-123-thread-1] INFO  server.RaftServerConfigKeys (ConfUtils.java:logGet(43)) - raft.server.sleep.deviation.threshold = 300 (default)
2019-09-26 15:38:58,941 [pool-123-thread-1] INFO  server.RaftServerConfigKeys (ConfUtils.java:logGet(43)) - raft.server.log.appender.install.snapshot.enabled = false (custom)
2019-09-26 15:38:58,941 [pool-123-thread-1] INFO  impl.RaftServerImpl (ServerState.java:<init>(103)) - bcb704dc-2543-42a4-8762-cde039a55a99@group-7C568138CBDB: ConfigurationManager, init=-1: [bcb704dc-2543-42a4-8762-cde039a55a99:192.168.151.99:43663], old=null, confs=<EMPTY_MAP>
2019-09-26 15:38:58,941 [pool-123-thread-1] INFO  server.RaftServerConfigKeys (ConfUtils.java:logGet(43)) - raft.server.storage.dir = [/workdir/hadoop-ozone/integration-test/target/test-dir/MiniOzoneClusterImpl-87962e32-e39f-4c57-b747-30c883c1cc54/datanode-0/data/ratis] (custom)
2019-09-26 15:38:58,942 [pool-123-thread-1] INFO  storage.RaftStorageDirectory (RaftStorageDirectory.java:analyzeStorage(246)) - The storage directory /workdir/hadoop-ozone/integration-test/target/test-dir/MiniOzoneClusterImpl-87962e32-e39f-4c57-b747-30c883c1cc54/datanode-0/data/ratis/dfbcd968-daaa-4caa-a9f0-7c568138cbdb does not exist. Creating ...
2019-09-26 15:38:58,945 [pool-123-thread-1] INFO  storage.RaftStorageDirectory (RaftStorageDirectory.java:tryLock(328)) - Lock on /workdir/hadoop-ozone/integration-test/target/test-dir/MiniOzoneClusterImpl-87962e32-e39f-4c57-b747-30c883c1cc54/datanode-0/data/ratis/dfbcd968-daaa-4caa-a9f0-7c568138cbdb/in_use.lock acquired by nodename 10626@pr-hdds-1569-g6sp5-2013761785
2019-09-26 15:38:58,947 [Thread-1841] INFO  impl.FollowerState (FollowerState.java:run(106)) - bcb704dc-2543-42a4-8762-cde039a55a99:group-D7351C744959 changes to CANDIDATE, lastRpcTime:5089, electionTimeout:5089ms
2019-09-26 15:38:58,948 [Thread-1841] INFO  impl.RoleInfo (RoleInfo.java:shutdownFollowerState(121)) - bcb704dc-2543-42a4-8762-cde039a55a99: shutdown FollowerState
2019-09-26 15:38:58,948 [Thread-1841] INFO  impl.RaftServerImpl (RaftServerImpl.java:setRole(174)) - bcb704dc-2543-42a4-8762-cde039a55a99@group-D7351C744959: changes role from  FOLLOWER to CANDIDATE at term 0 for changeToCandidate
2019-09-26 15:38:58,948 [Thread-1841] INFO  impl.RoleInfo (RoleInfo.java:updateAndGet(143)) - bcb704dc-2543-42a4-8762-cde039a55a99: start LeaderElection
2019-09-26 15:38:58,948 [pool-123-thread-1] INFO  storage.RaftStorage (RaftStorage.java:format(72)) - Storage directory /workdir/hadoop-ozone/integration-test/target/test-dir/MiniOzoneClusterImpl-87962e32-e39f-4c57-b747-30c883c1cc54/datanode-0/data/ratis/dfbcd968-daaa-4caa-a9f0-7c568138cbdb has been successfully formatted.
2019-09-26 15:38:58,949 [pool-123-thread-1] INFO  ratis.ContainerStateMachine (ContainerStateMachine.java:loadSnapshot(230)) - group-7C568138CBDB: The snapshot info is null. Setting the last applied indexto:(t:0, i:~)
2019-09-26 15:38:58,949 [pool-123-thread-1] INFO  server.RaftServerConfigKeys (ConfUtils.java:logGet(43)) - raft.server.notification.no-leader.timeout = 120s (custom)
2019-09-26 15:38:58,949 [pool-123-thread-1] INFO  server.RaftServerConfigKeys (ConfUtils.java:logGet(43)) - raft.server.log.use.memory = false (default)
2019-09-26 15:38:58,949 [pool-123-thread-1] INFO  server.RaftServerConfigKeys (ConfUtils.java:logGet(43)) - raft.server.log.purge.gap = 1000000 (custom)
2019-09-26 15:38:58,949 [pool-123-thread-1] INFO  server.RaftServerConfigKeys (ConfUtils.java:logGet(43)) - raft.server.log.appender.buffer.byte-limit = 33554432 (custom)
2019-09-26 15:38:58,949 [pool-123-thread-1] INFO  server.RaftServerConfigKeys (ConfUtils.java:logGet(43)) - raft.server.log.segment.size.max = 1048576 (custom)
2019-09-26 15:38:58,949 [pool-123-thread-1] INFO  server.RaftServerConfigKeys (ConfUtils.java:logGet(43)) - raft.server.log.segment.cache.num.max = 2 (custom)
2019-09-26 15:38:58,949 [pool-123-thread-1] INFO  segmented.SegmentedRaftLogWorker (SegmentedRaftLogWorker.java:<init>(172)) - new bcb704dc-2543-42a4-8762-cde039a55a99@group-7C568138CBDB-SegmentedRaftLogWorker for RaftStorage:Storage Directory /workdir/hadoop-ozone/integration-test/target/test-dir/MiniOzoneClusterImpl-87962e32-e39f-4c57-b747-30c883c1cc54/datanode-0/data/ratis/dfbcd968-daaa-4caa-a9f0-7c568138cbdb
2019-09-26 15:38:58,949 [pool-123-thread-1] INFO  server.RaftServerConfigKeys (ConfUtils.java:logGet(43)) - raft.server.log.queue.byte-limit = 2147483647 (custom)
2019-09-26 15:38:58,949 [pool-123-thread-1] INFO  server.RaftServerConfigKeys (ConfUtils.java:logGet(43)) - raft.server.log.queue.element-limit = 1024 (custom)
2019-09-26 15:38:58,950 [pool-123-thread-1] INFO  server.RaftServerConfigKeys (ConfUtils.java:logGet(43)) - raft.server.log.segment.size.max = 1048576 (custom)
2019-09-26 15:38:58,950 [pool-123-thread-1] INFO  server.RaftServerConfigKeys (ConfUtils.java:logGet(43)) - raft.server.log.preallocated.size = 16384 (custom)
2019-09-26 15:38:58,950 [pool-123-thread-1] INFO  server.RaftServerConfigKeys (ConfUtils.java:logGet(43)) - raft.server.log.write.buffer.size = 33554432 (custom)
2019-09-26 15:38:58,950 [pool-123-thread-1] INFO  server.RaftServerConfigKeys (ConfUtils.java:logGet(43)) - raft.server.log.force.sync.num = 128 (default)
2019-09-26 15:38:58,950 [pool-123-thread-1] INFO  server.RaftServerConfigKeys (ConfUtils.java:logGet(43)) - raft.server.log.statemachine.data.sync = true (default)
2019-09-26 15:38:58,950 [pool-123-thread-1] INFO  server.RaftServerConfigKeys (ConfUtils.java:logGet(43)) - raft.server.log.statemachine.data.sync.timeout = 10s (default)
2019-09-26 15:38:58,950 [pool-123-thread-1] INFO  server.RaftServerConfigKeys (ConfUtils.java:logGet(43)) - raft.server.log.statemachine.data.sync.timeout.retry = -1 (default)
2019-09-26 15:38:58,950 [pool-123-thread-1] INFO  server.RaftServerConfigKeys (ConfUtils.java:logGet(43)) - raft.server.log.statemachine.data.caching.enabled = true (custom)
2019-09-26 15:38:58,950 [pool-123-thread-1] INFO  segmented.SegmentedRaftLogWorker (SegmentedRaftLogWorker.java:lambda$new$0(132)) - bcb704dc-2543-42a4-8762-cde039a55a99@group-7C568138CBDB-SegmentedRaftLogWorker: flushIndex: setUnconditionally 0 -> -1
2019-09-26 15:38:58,951 [pool-123-thread-1] INFO  server.RaftServerConfigKeys (ConfUtils.java:logGet(43)) - raft.server.snapshot.auto.trigger.enabled = true (custom)
2019-09-26 15:38:58,951 [pool-123-thread-1] INFO  server.RaftServerConfigKeys (ConfUtils.java:logGet(43)) - raft.server.snapshot.auto.trigger.threshold = 10000 (custom)
2019-09-26 15:38:58,951 [pool-123-thread-1] INFO  server.RaftServerConfigKeys (ConfUtils.java:logGet(43)) - raft.server.snapshot.retention.num.files = 5 (custom)
2019-09-26 15:38:58,951 [pool-123-thread-1] INFO  server.RaftServerConfigKeys (ConfUtils.java:logGet(43)) - raft.server.retrycache.expirytime = 600000ms (custom)
2019-09-26 15:38:58,952 [pool-123-thread-1] INFO  impl.RaftServerImpl (RaftServerImpl.java:start(185)) - bcb704dc-2543-42a4-8762-cde039a55a99@group-7C568138CBDB: start as a follower, conf=-1: [bcb704dc-2543-42a4-8762-cde039a55a99:192.168.151.99:43663], old=null
2019-09-26 15:38:58,952 [pool-123-thread-1] INFO  impl.RaftServerImpl (RaftServerImpl.java:setRole(174)) - bcb704dc-2543-42a4-8762-cde039a55a99@group-7C568138CBDB: changes role from      null to FOLLOWER at term 0 for startAsFollower
2019-09-26 15:38:58,952 [pool-123-thread-1] INFO  impl.RoleInfo (RoleInfo.java:updateAndGet(143)) - bcb704dc-2543-42a4-8762-cde039a55a99: start FollowerState
2019-09-26 15:38:58,952 [pool-123-thread-1] INFO  util.JmxRegister (JmxRegister.java:tryRegister(44)) - Successfully registered JMX Bean with object name Ratis:service=RaftServer,group=group-7C568138CBDB,id=bcb704dc-2543-42a4-8762-cde039a55a99
2019-09-26 15:38:58,954 [RatisPipelineUtilsThread] INFO  pipeline.PipelineStateManager (PipelineStateManager.java:addPipeline(56)) - Created pipeline Pipeline[ Id: dfbcd968-daaa-4caa-a9f0-7c568138cbdb, Nodes: bcb704dc-2543-42a4-8762-cde039a55a99{ip: 192.168.151.99, host: pr-hdds-1569-g6sp5-2013761785, networkLocation: /default-rack, certSerialId: null}, Type:RATIS, Factor:ONE, State:OPEN]
2019-09-26 15:38:58,956 [grpc-default-executor-0] INFO  impl.RaftServerProxy (RaftServerProxy.java:addNew(89)) - bcb704dc-2543-42a4-8762-cde039a55a99: addNew group-DA2C5CB8BB65:[bcb704dc-2543-42a4-8762-cde039a55a99:192.168.151.99:43663] returns group-DA2C5CB8BB65:java.util.concurrent.CompletableFuture@1da48ad[Not completed]
2019-09-26 15:38:58,957 [pool-123-thread-1] INFO  impl.RaftServerImpl (RaftServerImpl.java:<init>(95)) - bcb704dc-2543-42a4-8762-cde039a55a99: new RaftServerImpl for group-DA2C5CB8BB65:[bcb704dc-2543-42a4-8762-cde039a55a99:192.168.151.99:43663] with ContainerStateMachine:uninitialized
2019-09-26 15:38:58,957 [pool-123-thread-1] INFO  server.RaftServerConfigKeys (ConfUtils.java:logGet(43)) - raft.server.rpc.timeout.min = 5s (custom)
2019-09-26 15:38:58,957 [pool-123-thread-1] INFO  server.RaftServerConfigKeys (ConfUtils.java:logGet(43)) - raft.server.rpc.timeout.max = 5200ms (custom)
2019-09-26 15:38:58,957 [pool-123-thread-1] INFO  server.RaftServerConfigKeys (ConfUtils.java:logGet(43)) - raft.server.rpcslowness.timeout = 120s (custom)
2019-09-26 15:38:58,957 [pool-123-thread-1] INFO  server.RaftServerConfigKeys (ConfUtils.java:logGet(43)) - raft.server.sleep.deviation.threshold = 300 (default)
2019-09-26 15:38:58,957 [pool-123-thread-1] INFO  server.RaftServerConfigKeys (ConfUtils.java:logGet(43)) - raft.server.log.appender.install.snapshot.enabled = false (custom)
2019-09-26 15:38:58,957 [pool-123-thread-1] INFO  impl.RaftServerImpl (ServerState.java:<init>(103)) - bcb704dc-2543-42a4-8762-cde039a55a99@group-DA2C5CB8BB65: ConfigurationManager, init=-1: [bcb704dc-2543-42a4-8762-cde039a55a99:192.168.151.99:43663], old=null, confs=<EMPTY_MAP>
2019-09-26 15:38:58,957 [pool-123-thread-1] INFO  server.RaftServerConfigKeys (ConfUtils.java:logGet(43)) - raft.server.storage.dir = [/workdir/hadoop-ozone/integration-test/target/test-dir/MiniOzoneClusterImpl-87962e32-e39f-4c57-b747-30c883c1cc54/datanode-0/data/ratis] (custom)
2019-09-26 15:38:58,958 [pool-123-thread-1] INFO  storage.RaftStorageDirectory (RaftStorageDirectory.java:analyzeStorage(246)) - The storage directory /workdir/hadoop-ozone/integration-test/target/test-dir/MiniOzoneClusterImpl-87962e32-e39f-4c57-b747-30c883c1cc54/datanode-0/data/ratis/7ce1e0d5-1bfb-4402-b9d9-da2c5cb8bb65 does not exist. Creating ...
2019-09-26 15:38:58,977 [pool-123-thread-1] INFO  storage.RaftStorageDirectory (RaftStorageDirectory.java:tryLock(328)) - Lock on /workdir/hadoop-ozone/integration-test/target/test-dir/MiniOzoneClusterImpl-87962e32-e39f-4c57-b747-30c883c1cc54/datanode-0/data/ratis/7ce1e0d5-1bfb-4402-b9d9-da2c5cb8bb65/in_use.lock acquired by nodename 10626@pr-hdds-1569-g6sp5-2013761785
2019-09-26 15:38:58,977 [bcb704dc-2543-42a4-8762-cde039a55a99@group-D7351C744959:LeaderElection115] INFO  impl.LeaderElection (LeaderElection.java:askForVotes(182)) - bcb704dc-2543-42a4-8762-cde039a55a99@group-D7351C744959:LeaderElection115: begin an election at term 1 for -1: [bcb704dc-2543-42a4-8762-cde039a55a99:192.168.151.99:43663], old=null
2019-09-26 15:38:58,977 [bcb704dc-2543-42a4-8762-cde039a55a99@group-D7351C744959:LeaderElection115] INFO  impl.RoleInfo (RoleInfo.java:shutdownLeaderElection(134)) - bcb704dc-2543-42a4-8762-cde039a55a99: shutdown LeaderElection
2019-09-26 15:38:58,977 [bcb704dc-2543-42a4-8762-cde039a55a99@group-D7351C744959:LeaderElection115] INFO  impl.RaftServerImpl (RaftServerImpl.java:setRole(174)) - bcb704dc-2543-42a4-8762-cde039a55a99@group-D7351C744959: changes role from CANDIDATE to LEADER at term 1 for changeToLeader
2019-09-26 15:38:58,978 [bcb704dc-2543-42a4-8762-cde039a55a99@group-D7351C744959:LeaderElection115] INFO  impl.RaftServerImpl (ServerState.java:setLeader(253)) - bcb704dc-2543-42a4-8762-cde039a55a99@group-D7351C744959: change Leader from null to bcb704dc-2543-42a4-8762-cde039a55a99 at term 1 for becomeLeader, leader elected after 5125ms
2019-09-26 15:38:58,978 [bcb704dc-2543-42a4-8762-cde039a55a99@group-D7351C744959:LeaderElection115] INFO  server.RaftServerConfigKeys (ConfUtils.java:logGet(43)) - raft.server.staging.catchup.gap = 1000 (default)
2019-09-26 15:38:58,978 [bcb704dc-2543-42a4-8762-cde039a55a99@group-D7351C744959:LeaderElection115] INFO  server.RaftServerConfigKeys (ConfUtils.java:logGet(43)) - raft.server.rpc.sleep.time = 25ms (default)
2019-09-26 15:38:58,978 [bcb704dc-2543-42a4-8762-cde039a55a99@group-D7351C744959:LeaderElection115] INFO  server.RaftServerConfigKeys (ConfUtils.java:logGet(43)) - raft.server.write.element-limit = 4096 (default)
2019-09-26 15:38:58,978 [bcb704dc-2543-42a4-8762-cde039a55a99@group-D7351C744959:LeaderElection115] INFO  server.RaftServerConfigKeys (ConfUtils.java:logGet(43)) - raft.server.watch.timeout = 10s (default)
2019-09-26 15:38:58,978 [bcb704dc-2543-42a4-8762-cde039a55a99@group-D7351C744959:LeaderElection115] INFO  server.RaftServerConfigKeys (ConfUtils.java:logGet(43)) - raft.server.watch.timeout.denomination = 1s (default)
2019-09-26 15:38:58,979 [bcb704dc-2543-42a4-8762-cde039a55a99@group-D7351C744959:LeaderElection115] INFO  server.RaftServerConfigKeys (ConfUtils.java:logGet(43)) - raft.server.watch.element-limit = 65536 (default)
2019-09-26 15:38:58,980 [bcb704dc-2543-42a4-8762-cde039a55a99@group-D7351C744959:LeaderElection115] INFO  impl.RoleInfo (RoleInfo.java:updateAndGet(143)) - bcb704dc-2543-42a4-8762-cde039a55a99: start LeaderState
2019-09-26 15:38:58,981 [bcb704dc-2543-42a4-8762-cde039a55a99@group-D7351C744959:LeaderElection115] INFO  segmented.SegmentedRaftLogWorker (SegmentedRaftLogWorker.java:startLogSegment(380)) - bcb704dc-2543-42a4-8762-cde039a55a99@group-D7351C744959-SegmentedRaftLogWorker: Starting segment from index:0
2019-09-26 15:38:58,981 [bcb704dc-2543-42a4-8762-cde039a55a99@group-D7351C744959:LeaderElection115] INFO  impl.RaftServerImpl (ServerState.java:setRaftConf(354)) - bcb704dc-2543-42a4-8762-cde039a55a99@group-D7351C744959: set configuration 0: [bcb704dc-2543-42a4-8762-cde039a55a99:192.168.151.99:43663], old=null at 0
2019-09-26 15:38:58,990 [pool-123-thread-1] INFO  storage.RaftStorage (RaftStorage.java:format(72)) - Storage directory /workdir/hadoop-ozone/integration-test/target/test-dir/MiniOzoneClusterImpl-87962e32-e39f-4c57-b747-30c883c1cc54/datanode-0/data/ratis/7ce1e0d5-1bfb-4402-b9d9-da2c5cb8bb65 has been successfully formatted.
2019-09-26 15:38:58,990 [pool-123-thread-1] INFO  ratis.ContainerStateMachine (ContainerStateMachine.java:loadSnapshot(230)) - group-DA2C5CB8BB65: The snapshot info is null. Setting the last applied indexto:(t:0, i:~)
2019-09-26 15:38:58,990 [pool-123-thread-1] INFO  server.RaftServerConfigKeys (ConfUtils.java:logGet(43)) - raft.server.notification.no-leader.timeout = 120s (custom)
2019-09-26 15:38:58,990 [pool-123-thread-1] INFO  server.RaftServerConfigKeys (ConfUtils.java:logGet(43)) - raft.server.log.use.memory = false (default)
2019-09-26 15:38:58,990 [pool-123-thread-1] INFO  server.RaftServerConfigKeys (ConfUtils.java:logGet(43)) - raft.server.log.purge.gap = 1000000 (custom)
2019-09-26 15:38:58,991 [pool-123-thread-1] INFO  server.RaftServerConfigKeys (ConfUtils.java:logGet(43)) - raft.server.log.appender.buffer.byte-limit = 33554432 (custom)
2019-09-26 15:38:58,991 [pool-123-thread-1] INFO  server.RaftServerConfigKeys (ConfUtils.java:logGet(43)) - raft.server.log.segment.size.max = 1048576 (custom)
2019-09-26 15:38:58,991 [pool-123-thread-1] INFO  server.RaftServerConfigKeys (ConfUtils.java:logGet(43)) - raft.server.log.segment.cache.num.max = 2 (custom)
2019-09-26 15:38:58,991 [pool-123-thread-1] INFO  segmented.SegmentedRaftLogWorker (SegmentedRaftLogWorker.java:<init>(172)) - new bcb704dc-2543-42a4-8762-cde039a55a99@group-DA2C5CB8BB65-SegmentedRaftLogWorker for RaftStorage:Storage Directory /workdir/hadoop-ozone/integration-test/target/test-dir/MiniOzoneClusterImpl-87962e32-e39f-4c57-b747-30c883c1cc54/datanode-0/data/ratis/7ce1e0d5-1bfb-4402-b9d9-da2c5cb8bb65
2019-09-26 15:38:58,991 [pool-123-thread-1] INFO  server.RaftServerConfigKeys (ConfUtils.java:logGet(43)) - raft.server.log.queue.byte-limit = 2147483647 (custom)
2019-09-26 15:38:58,991 [pool-123-thread-1] INFO  server.RaftServerConfigKeys (ConfUtils.java:logGet(43)) - raft.server.log.queue.element-limit = 1024 (custom)
2019-09-26 15:38:58,991 [pool-123-thread-1] INFO  server.RaftServerConfigKeys (ConfUtils.java:logGet(43)) - raft.server.log.segment.size.max = 1048576 (custom)
2019-09-26 15:38:58,991 [pool-123-thread-1] INFO  server.RaftServerConfigKeys (ConfUtils.java:logGet(43)) - raft.server.log.preallocated.size = 16384 (custom)
2019-09-26 15:38:58,991 [pool-123-thread-1] INFO  server.RaftServerConfigKeys (ConfUtils.java:logGet(43)) - raft.server.log.write.buffer.size = 33554432 (custom)
2019-09-26 15:38:58,991 [pool-123-thread-1] INFO  server.RaftServerConfigKeys (ConfUtils.java:logGet(43)) - raft.server.log.force.sync.num = 128 (default)
2019-09-26 15:38:58,991 [pool-123-thread-1] INFO  server.RaftServerConfigKeys (ConfUtils.java:logGet(43)) - raft.server.log.statemachine.data.sync = true (default)
2019-09-26 15:38:58,991 [pool-123-thread-1] INFO  server.RaftServerConfigKeys (ConfUtils.java:logGet(43)) - raft.server.log.statemachine.data.sync.timeout = 10s (default)
2019-09-26 15:38:58,992 [pool-123-thread-1] INFO  server.RaftServerConfigKeys (ConfUtils.java:logGet(43)) - raft.server.log.statemachine.data.sync.timeout.retry = -1 (default)
2019-09-26 15:38:58,992 [pool-123-thread-1] INFO  server.RaftServerConfigKeys (ConfUtils.java:logGet(43)) - raft.server.log.statemachine.data.caching.enabled = true (custom)
2019-09-26 15:38:58,992 [pool-123-thread-1] INFO  segmented.SegmentedRaftLogWorker (SegmentedRaftLogWorker.java:lambda$new$0(132)) - bcb704dc-2543-42a4-8762-cde039a55a99@group-DA2C5CB8BB65-SegmentedRaftLogWorker: flushIndex: setUnconditionally 0 -> -1
2019-09-26 15:38:58,992 [pool-123-thread-1] INFO  server.RaftServerConfigKeys (ConfUtils.java:logGet(43)) - raft.server.snapshot.auto.trigger.enabled = true (custom)
2019-09-26 15:38:58,992 [pool-123-thread-1] INFO  server.RaftServerConfigKeys (ConfUtils.java:logGet(43)) - raft.server.snapshot.auto.trigger.threshold = 10000 (custom)
2019-09-26 15:38:58,992 [pool-123-thread-1] INFO  server.RaftServerConfigKeys (ConfUtils.java:logGet(43)) - raft.server.snapshot.retention.num.files = 5 (custom)
2019-09-26 15:38:58,992 [pool-123-thread-1] INFO  server.RaftServerConfigKeys (ConfUtils.java:logGet(43)) - raft.server.retrycache.expirytime = 600000ms (custom)
2019-09-26 15:38:58,993 [pool-123-thread-1] INFO  impl.RaftServerImpl (RaftServerImpl.java:start(185)) - bcb704dc-2543-42a4-8762-cde039a55a99@group-DA2C5CB8BB65: start as a follower, conf=-1: [bcb704dc-2543-42a4-8762-cde039a55a99:192.168.151.99:43663], old=null
2019-09-26 15:38:58,993 [pool-123-thread-1] INFO  impl.RaftServerImpl (RaftServerImpl.java:setRole(174)) - bcb704dc-2543-42a4-8762-cde039a55a99@group-DA2C5CB8BB65: changes role from      null to FOLLOWER at term 0 for startAsFollower
2019-09-26 15:38:58,994 [pool-123-thread-1] INFO  impl.RoleInfo (RoleInfo.java:updateAndGet(143)) - bcb704dc-2543-42a4-8762-cde039a55a99: start FollowerState
2019-09-26 15:38:58,994 [pool-123-thread-1] INFO  util.JmxRegister (JmxRegister.java:tryRegister(44)) - Successfully registered JMX Bean with object name Ratis:service=RaftServer,group=group-DA2C5CB8BB65,id=bcb704dc-2543-42a4-8762-cde039a55a99
2019-09-26 15:38:58,996 [RatisPipelineUtilsThread] INFO  pipeline.PipelineStateManager (PipelineStateManager.java:addPipeline(56)) - Created pipeline Pipeline[ Id: 7ce1e0d5-1bfb-4402-b9d9-da2c5cb8bb65, Nodes: bcb704dc-2543-42a4-8762-cde039a55a99{ip: 192.168.151.99, host: pr-hdds-1569-g6sp5-2013761785, networkLocation: /default-rack, certSerialId: null}, Type:RATIS, Factor:ONE, State:OPEN]
2019-09-26 15:38:58,999 [grpc-default-executor-0] INFO  impl.RaftServerProxy (RaftServerProxy.java:addNew(89)) - bcb704dc-2543-42a4-8762-cde039a55a99: addNew group-0A32BFDC6864:[bcb704dc-2543-42a4-8762-cde039a55a99:192.168.151.99:43663] returns group-0A32BFDC6864:java.util.concurrent.CompletableFuture@281fb53e[Not completed]
2019-09-26 15:38:58,999 [pool-123-thread-1] INFO  impl.RaftServerImpl (RaftServerImpl.java:<init>(95)) - bcb704dc-2543-42a4-8762-cde039a55a99: new RaftServerImpl for group-0A32BFDC6864:[bcb704dc-2543-42a4-8762-cde039a55a99:192.168.151.99:43663] with ContainerStateMachine:uninitialized
2019-09-26 15:38:58,999 [pool-123-thread-1] INFO  server.RaftServerConfigKeys (ConfUtils.java:logGet(43)) - raft.server.rpc.timeout.min = 5s (custom)
2019-09-26 15:38:59,000 [pool-123-thread-1] INFO  server.RaftServerConfigKeys (ConfUtils.java:logGet(43)) - raft.server.rpc.timeout.max = 5200ms (custom)
2019-09-26 15:38:59,000 [pool-123-thread-1] INFO  server.RaftServerConfigKeys (ConfUtils.java:logGet(43)) - raft.server.rpcslowness.timeout = 120s (custom)
2019-09-26 15:38:59,000 [pool-123-thread-1] INFO  server.RaftServerConfigKeys (ConfUtils.java:logGet(43)) - raft.server.sleep.deviation.threshold = 300 (default)
2019-09-26 15:38:59,000 [pool-123-thread-1] INFO  server.RaftServerConfigKeys (ConfUtils.java:logGet(43)) - raft.server.log.appender.install.snapshot.enabled = false (custom)
2019-09-26 15:38:59,000 [pool-123-thread-1] INFO  impl.RaftServerImpl (ServerState.java:<init>(103)) - bcb704dc-2543-42a4-8762-cde039a55a99@group-0A32BFDC6864: ConfigurationManager, init=-1: [bcb704dc-2543-42a4-8762-cde039a55a99:192.168.151.99:43663], old=null, confs=<EMPTY_MAP>
2019-09-26 15:38:59,000 [pool-123-thread-1] INFO  server.RaftServerConfigKeys (ConfUtils.java:logGet(43)) - raft.server.storage.dir = [/workdir/hadoop-ozone/integration-test/target/test-dir/MiniOzoneClusterImpl-87962e32-e39f-4c57-b747-30c883c1cc54/datanode-0/data/ratis] (custom)
2019-09-26 15:38:59,000 [pool-123-thread-1] INFO  storage.RaftStorageDirectory (RaftStorageDirectory.java:analyzeStorage(246)) - The storage directory /workdir/hadoop-ozone/integration-test/target/test-dir/MiniOzoneClusterImpl-87962e32-e39f-4c57-b747-30c883c1cc54/datanode-0/data/ratis/0db3fd7d-47e3-48cc-b402-0a32bfdc6864 does not exist. Creating ...
2019-09-26 15:38:59,006 [pool-123-thread-1] INFO  storage.RaftStorageDirectory (RaftStorageDirectory.java:tryLock(328)) - Lock on /workdir/hadoop-ozone/integration-test/target/test-dir/MiniOzoneClusterImpl-87962e32-e39f-4c57-b747-30c883c1cc54/datanode-0/data/ratis/0db3fd7d-47e3-48cc-b402-0a32bfdc6864/in_use.lock acquired by nodename 10626@pr-hdds-1569-g6sp5-2013761785
2019-09-26 15:38:59,017 [Thread-1847] INFO  impl.FollowerState (FollowerState.java:run(106)) - bcb704dc-2543-42a4-8762-cde039a55a99:group-19D4A5527A8A changes to CANDIDATE, lastRpcTime:5071, electionTimeout:5071ms
2019-09-26 15:38:59,017 [Thread-1847] INFO  impl.RoleInfo (RoleInfo.java:shutdownFollowerState(121)) - bcb704dc-2543-42a4-8762-cde039a55a99: shutdown FollowerState
2019-09-26 15:38:59,018 [Thread-1847] INFO  impl.RaftServerImpl (RaftServerImpl.java:setRole(174)) - bcb704dc-2543-42a4-8762-cde039a55a99@group-19D4A5527A8A: changes role from  FOLLOWER to CANDIDATE at term 0 for changeToCandidate
2019-09-26 15:38:59,018 [Thread-1847] INFO  impl.RoleInfo (RoleInfo.java:updateAndGet(143)) - bcb704dc-2543-42a4-8762-cde039a55a99: start LeaderElection
2019-09-26 15:38:59,020 [bcb704dc-2543-42a4-8762-cde039a55a99@group-D7351C744959-SegmentedRaftLogWorker] INFO  segmented.SegmentedRaftLogWorker (SegmentedRaftLogWorker.java:execute(569)) - bcb704dc-2543-42a4-8762-cde039a55a99@group-D7351C744959-SegmentedRaftLogWorker: created new log segment /workdir/hadoop-ozone/integration-test/target/test-dir/MiniOzoneClusterImpl-87962e32-e39f-4c57-b747-30c883c1cc54/datanode-0/data/ratis/f853f2b2-d8b2-40a0-bff9-d7351c744959/current/log_inprogress_0
2019-09-26 15:38:59,020 [pool-123-thread-1] INFO  storage.RaftStorage (RaftStorage.java:format(72)) - Storage directory /workdir/hadoop-ozone/integration-test/target/test-dir/MiniOzoneClusterImpl-87962e32-e39f-4c57-b747-30c883c1cc54/datanode-0/data/ratis/0db3fd7d-47e3-48cc-b402-0a32bfdc6864 has been successfully formatted.
2019-09-26 15:38:59,020 [pool-123-thread-1] INFO  ratis.ContainerStateMachine (ContainerStateMachine.java:loadSnapshot(230)) - group-0A32BFDC6864: The snapshot info is null. Setting the last applied indexto:(t:0, i:~)
2019-09-26 15:38:59,020 [pool-123-thread-1] INFO  server.RaftServerConfigKeys (ConfUtils.java:logGet(43)) - raft.server.notification.no-leader.timeout = 120s (custom)
2019-09-26 15:38:59,021 [pool-123-thread-1] INFO  server.RaftServerConfigKeys (ConfUtils.java:logGet(43)) - raft.server.log.use.memory = false (default)
2019-09-26 15:38:59,021 [pool-123-thread-1] INFO  server.RaftServerConfigKeys (ConfUtils.java:logGet(43)) - raft.server.log.purge.gap = 1000000 (custom)
2019-09-26 15:38:59,021 [pool-123-thread-1] INFO  server.RaftServerConfigKeys (ConfUtils.java:logGet(43)) - raft.server.log.appender.buffer.byte-limit = 33554432 (custom)
2019-09-26 15:38:59,021 [pool-123-thread-1] INFO  server.RaftServerConfigKeys (ConfUtils.java:logGet(43)) - raft.server.log.segment.size.max = 1048576 (custom)
2019-09-26 15:38:59,021 [pool-123-thread-1] INFO  server.RaftServerConfigKeys (ConfUtils.java:logGet(43)) - raft.server.log.segment.cache.num.max = 2 (custom)
2019-09-26 15:38:59,021 [pool-123-thread-1] INFO  segmented.SegmentedRaftLogWorker (SegmentedRaftLogWorker.java:<init>(172)) - new bcb704dc-2543-42a4-8762-cde039a55a99@group-0A32BFDC6864-SegmentedRaftLogWorker for RaftStorage:Storage Directory /workdir/hadoop-ozone/integration-test/target/test-dir/MiniOzoneClusterImpl-87962e32-e39f-4c57-b747-30c883c1cc54/datanode-0/data/ratis/0db3fd7d-47e3-48cc-b402-0a32bfdc6864
2019-09-26 15:38:59,021 [pool-123-thread-1] INFO  server.RaftServerConfigKeys (ConfUtils.java:logGet(43)) - raft.server.log.queue.byte-limit = 2147483647 (custom)
2019-09-26 15:38:59,022 [pool-123-thread-1] INFO  server.RaftServerConfigKeys (ConfUtils.java:logGet(43)) - raft.server.log.queue.element-limit = 1024 (custom)
2019-09-26 15:38:59,022 [pool-123-thread-1] INFO  server.RaftServerConfigKeys (ConfUtils.java:logGet(43)) - raft.server.log.segment.size.max = 1048576 (custom)
2019-09-26 15:38:59,022 [pool-123-thread-1] INFO  server.RaftServerConfigKeys (ConfUtils.java:logGet(43)) - raft.server.log.preallocated.size = 16384 (custom)
2019-09-26 15:38:59,022 [pool-123-thread-1] INFO  server.RaftServerConfigKeys (ConfUtils.java:logGet(43)) - raft.server.log.write.buffer.size = 33554432 (custom)
2019-09-26 15:38:59,022 [pool-123-thread-1] INFO  server.RaftServerConfigKeys (ConfUtils.java:logGet(43)) - raft.server.log.force.sync.num = 128 (default)
2019-09-26 15:38:59,022 [pool-123-thread-1] INFO  server.RaftServerConfigKeys (ConfUtils.java:logGet(43)) - raft.server.log.statemachine.data.sync = true (default)
2019-09-26 15:38:59,022 [pool-123-thread-1] INFO  server.RaftServerConfigKeys (ConfUtils.java:logGet(43)) - raft.server.log.statemachine.data.sync.timeout = 10s (default)
2019-09-26 15:38:59,022 [pool-123-thread-1] INFO  server.RaftServerConfigKeys (ConfUtils.java:logGet(43)) - raft.server.log.statemachine.data.sync.timeout.retry = -1 (default)
2019-09-26 15:38:59,023 [bcb704dc-2543-42a4-8762-cde039a55a99@group-19D4A5527A8A:LeaderElection116] INFO  impl.LeaderElection (LeaderElection.java:askForVotes(182)) - bcb704dc-2543-42a4-8762-cde039a55a99@group-19D4A5527A8A:LeaderElection116: begin an election at term 1 for -1: [bcb704dc-2543-42a4-8762-cde039a55a99:192.168.151.99:43663], old=null
2019-09-26 15:38:59,023 [pool-123-thread-1] INFO  server.RaftServerConfigKeys (ConfUtils.java:logGet(43)) - raft.server.log.statemachine.data.caching.enabled = true (custom)
2019-09-26 15:38:59,023 [bcb704dc-2543-42a4-8762-cde039a55a99@group-19D4A5527A8A:LeaderElection116] INFO  impl.RoleInfo (RoleInfo.java:shutdownLeaderElection(134)) - bcb704dc-2543-42a4-8762-cde039a55a99: shutdown LeaderElection
2019-09-26 15:38:59,023 [pool-123-thread-1] INFO  segmented.SegmentedRaftLogWorker (SegmentedRaftLogWorker.java:lambda$new$0(132)) - bcb704dc-2543-42a4-8762-cde039a55a99@group-0A32BFDC6864-SegmentedRaftLogWorker: flushIndex: setUnconditionally 0 -> -1
2019-09-26 15:38:59,023 [bcb704dc-2543-42a4-8762-cde039a55a99@group-19D4A5527A8A:LeaderElection116] INFO  impl.RaftServerImpl (RaftServerImpl.java:setRole(174)) - bcb704dc-2543-42a4-8762-cde039a55a99@group-19D4A5527A8A: changes role from CANDIDATE to LEADER at term 1 for changeToLeader
2019-09-26 15:38:59,023 [bcb704dc-2543-42a4-8762-cde039a55a99@group-19D4A5527A8A:LeaderElection116] INFO  impl.RaftServerImpl (ServerState.java:setLeader(253)) - bcb704dc-2543-42a4-8762-cde039a55a99@group-19D4A5527A8A: change Leader from null to bcb704dc-2543-42a4-8762-cde039a55a99 at term 1 for becomeLeader, leader elected after 5082ms
2019-09-26 15:38:59,023 [pool-123-thread-1] INFO  server.RaftServerConfigKeys (ConfUtils.java:logGet(43)) - raft.server.snapshot.auto.trigger.enabled = true (custom)
2019-09-26 15:38:59,024 [bcb704dc-2543-42a4-8762-cde039a55a99@group-19D4A5527A8A:LeaderElection116] INFO  server.RaftServerConfigKeys (ConfUtils.java:logGet(43)) - raft.server.staging.catchup.gap = 1000 (default)
2019-09-26 15:38:59,024 [pool-123-thread-1] INFO  server.RaftServerConfigKeys (ConfUtils.java:logGet(43)) - raft.server.snapshot.auto.trigger.threshold = 10000 (custom)
2019-09-26 15:38:59,024 [bcb704dc-2543-42a4-8762-cde039a55a99@group-19D4A5527A8A:LeaderElection116] INFO  server.RaftServerConfigKeys (ConfUtils.java:logGet(43)) - raft.server.rpc.sleep.time = 25ms (default)
2019-09-26 15:38:59,024 [pool-123-thread-1] INFO  server.RaftServerConfigKeys (ConfUtils.java:logGet(43)) - raft.server.snapshot.retention.num.files = 5 (custom)
2019-09-26 15:38:59,024 [bcb704dc-2543-42a4-8762-cde039a55a99@group-19D4A5527A8A:LeaderElection116] INFO  server.RaftServerConfigKeys (ConfUtils.java:logGet(43)) - raft.server.write.element-limit = 4096 (default)
2019-09-26 15:38:59,024 [pool-123-thread-1] INFO  server.RaftServerConfigKeys (ConfUtils.java:logGet(43)) - raft.server.retrycache.expirytime = 600000ms (custom)
2019-09-26 15:38:59,024 [bcb704dc-2543-42a4-8762-cde039a55a99@group-19D4A5527A8A:LeaderElection116] INFO  server.RaftServerConfigKeys (ConfUtils.java:logGet(43)) - raft.server.watch.timeout = 10s (default)
2019-09-26 15:38:59,025 [bcb704dc-2543-42a4-8762-cde039a55a99@group-19D4A5527A8A:LeaderElection116] INFO  server.RaftServerConfigKeys (ConfUtils.java:logGet(43)) - raft.server.watch.timeout.denomination = 1s (default)
2019-09-26 15:38:59,025 [bcb704dc-2543-42a4-8762-cde039a55a99@group-19D4A5527A8A:LeaderElection116] INFO  server.RaftServerConfigKeys (ConfUtils.java:logGet(43)) - raft.server.watch.element-limit = 65536 (default)
2019-09-26 15:38:59,027 [pool-123-thread-1] INFO  impl.RaftServerImpl (RaftServerImpl.java:start(185)) - bcb704dc-2543-42a4-8762-cde039a55a99@group-0A32BFDC6864: start as a follower, conf=-1: [bcb704dc-2543-42a4-8762-cde039a55a99:192.168.151.99:43663], old=null
2019-09-26 15:38:59,027 [bcb704dc-2543-42a4-8762-cde039a55a99@group-19D4A5527A8A:LeaderElection116] INFO  impl.RoleInfo (RoleInfo.java:updateAndGet(143)) - bcb704dc-2543-42a4-8762-cde039a55a99: start LeaderState
2019-09-26 15:38:59,027 [pool-123-thread-1] INFO  impl.RaftServerImpl (RaftServerImpl.java:setRole(174)) - bcb704dc-2543-42a4-8762-cde039a55a99@group-0A32BFDC6864: changes role from      null to FOLLOWER at term 0 for startAsFollower
2019-09-26 15:38:59,027 [bcb704dc-2543-42a4-8762-cde039a55a99@group-19D4A5527A8A:LeaderElection116] INFO  segmented.SegmentedRaftLogWorker (SegmentedRaftLogWorker.java:startLogSegment(380)) - bcb704dc-2543-42a4-8762-cde039a55a99@group-19D4A5527A8A-SegmentedRaftLogWorker: Starting segment from index:0
2019-09-26 15:38:59,027 [pool-123-thread-1] INFO  impl.RoleInfo (RoleInfo.java:updateAndGet(143)) - bcb704dc-2543-42a4-8762-cde039a55a99: start FollowerState
2019-09-26 15:38:59,028 [bcb704dc-2543-42a4-8762-cde039a55a99@group-19D4A5527A8A:LeaderElection116] INFO  impl.RaftServerImpl (ServerState.java:setRaftConf(354)) - bcb704dc-2543-42a4-8762-cde039a55a99@group-19D4A5527A8A: set configuration 0: [bcb704dc-2543-42a4-8762-cde039a55a99:192.168.151.99:43663], old=null at 0
2019-09-26 15:38:59,028 [pool-123-thread-1] INFO  util.JmxRegister (JmxRegister.java:tryRegister(44)) - Successfully registered JMX Bean with object name Ratis:service=RaftServer,group=group-0A32BFDC6864,id=bcb704dc-2543-42a4-8762-cde039a55a99
2019-09-26 15:38:59,028 [Thread-1844] INFO  impl.FollowerState (FollowerState.java:run(106)) - bcb704dc-2543-42a4-8762-cde039a55a99:group-9AC2B376FF9C changes to CANDIDATE, lastRpcTime:5122, electionTimeout:5122ms
2019-09-26 15:38:59,028 [Thread-1844] INFO  impl.RoleInfo (RoleInfo.java:shutdownFollowerState(121)) - bcb704dc-2543-42a4-8762-cde039a55a99: shutdown FollowerState
2019-09-26 15:38:59,028 [Thread-1844] INFO  impl.RaftServerImpl (RaftServerImpl.java:setRole(174)) - bcb704dc-2543-42a4-8762-cde039a55a99@group-9AC2B376FF9C: changes role from  FOLLOWER to CANDIDATE at term 0 for changeToCandidate
2019-09-26 15:38:59,029 [Thread-1844] INFO  impl.RoleInfo (RoleInfo.java:updateAndGet(143)) - bcb704dc-2543-42a4-8762-cde039a55a99: start LeaderElection
2019-09-26 15:38:59,030 [RatisPipelineUtilsThread] INFO  pipeline.PipelineStateManager (PipelineStateManager.java:addPipeline(56)) - Created pipeline Pipeline[ Id: 0db3fd7d-47e3-48cc-b402-0a32bfdc6864, Nodes: bcb704dc-2543-42a4-8762-cde039a55a99{ip: 192.168.151.99, host: pr-hdds-1569-g6sp5-2013761785, networkLocation: /default-rack, certSerialId: null}, Type:RATIS, Factor:ONE, State:OPEN]
2019-09-26 15:38:59,033 [grpc-default-executor-0] INFO  impl.RaftServerProxy (RaftServerProxy.java:addNew(89)) - bcb704dc-2543-42a4-8762-cde039a55a99: addNew group-4786CBF0DBEA:[bcb704dc-2543-42a4-8762-cde039a55a99:192.168.151.99:43663] returns group-4786CBF0DBEA:java.util.concurrent.CompletableFuture@449bee77[Not completed]
2019-09-26 15:38:59,034 [pool-123-thread-1] INFO  impl.RaftServerImpl (RaftServerImpl.java:<init>(95)) - bcb704dc-2543-42a4-8762-cde039a55a99: new RaftServerImpl for group-4786CBF0DBEA:[bcb704dc-2543-42a4-8762-cde039a55a99:192.168.151.99:43663] with ContainerStateMachine:uninitialized
2019-09-26 15:38:59,034 [pool-123-thread-1] INFO  server.RaftServerConfigKeys (ConfUtils.java:logGet(43)) - raft.server.rpc.timeout.min = 5s (custom)
2019-09-26 15:38:59,034 [pool-123-thread-1] INFO  server.RaftServerConfigKeys (ConfUtils.java:logGet(43)) - raft.server.rpc.timeout.max = 5200ms (custom)
2019-09-26 15:38:59,034 [pool-123-thread-1] INFO  server.RaftServerConfigKeys (ConfUtils.java:logGet(43)) - raft.server.rpcslowness.timeout = 120s (custom)
2019-09-26 15:38:59,035 [pool-123-thread-1] INFO  server.RaftServerConfigKeys (ConfUtils.java:logGet(43)) - raft.server.sleep.deviation.threshold = 300 (default)
2019-09-26 15:38:59,035 [pool-123-thread-1] INFO  server.RaftServerConfigKeys (ConfUtils.java:logGet(43)) - raft.server.log.appender.install.snapshot.enabled = false (custom)
2019-09-26 15:38:59,035 [pool-123-thread-1] INFO  impl.RaftServerImpl (ServerState.java:<init>(103)) - bcb704dc-2543-42a4-8762-cde039a55a99@group-4786CBF0DBEA: ConfigurationManager, init=-1: [bcb704dc-2543-42a4-8762-cde039a55a99:192.168.151.99:43663], old=null, confs=<EMPTY_MAP>
2019-09-26 15:38:59,035 [pool-123-thread-1] INFO  server.RaftServerConfigKeys (ConfUtils.java:logGet(43)) - raft.server.storage.dir = [/workdir/hadoop-ozone/integration-test/target/test-dir/MiniOzoneClusterImpl-87962e32-e39f-4c57-b747-30c883c1cc54/datanode-0/data/ratis] (custom)
2019-09-26 15:38:59,036 [pool-123-thread-1] INFO  storage.RaftStorageDirectory (RaftStorageDirectory.java:analyzeStorage(246)) - The storage directory /workdir/hadoop-ozone/integration-test/target/test-dir/MiniOzoneClusterImpl-87962e32-e39f-4c57-b747-30c883c1cc54/datanode-0/data/ratis/f14b10e7-a341-48ad-9699-4786cbf0dbea does not exist. Creating ...
2019-09-26 15:38:59,042 [pool-123-thread-1] INFO  storage.RaftStorageDirectory (RaftStorageDirectory.java:tryLock(328)) - Lock on /workdir/hadoop-ozone/integration-test/target/test-dir/MiniOzoneClusterImpl-87962e32-e39f-4c57-b747-30c883c1cc54/datanode-0/data/ratis/f14b10e7-a341-48ad-9699-4786cbf0dbea/in_use.lock acquired by nodename 10626@pr-hdds-1569-g6sp5-2013761785
2019-09-26 15:38:59,042 [bcb704dc-2543-42a4-8762-cde039a55a99@group-9AC2B376FF9C:LeaderElection117] INFO  impl.LeaderElection (LeaderElection.java:askForVotes(182)) - bcb704dc-2543-42a4-8762-cde039a55a99@group-9AC2B376FF9C:LeaderElection117: begin an election at term 1 for -1: [bcb704dc-2543-42a4-8762-cde039a55a99:192.168.151.99:43663], old=null
2019-09-26 15:38:59,043 [bcb704dc-2543-42a4-8762-cde039a55a99@group-9AC2B376FF9C:LeaderElection117] INFO  impl.RoleInfo (RoleInfo.java:shutdownLeaderElection(134)) - bcb704dc-2543-42a4-8762-cde039a55a99: shutdown LeaderElection
2019-09-26 15:38:59,043 [bcb704dc-2543-42a4-8762-cde039a55a99@group-9AC2B376FF9C:LeaderElection117] INFO  impl.RaftServerImpl (RaftServerImpl.java:setRole(174)) - bcb704dc-2543-42a4-8762-cde039a55a99@group-9AC2B376FF9C: changes role from CANDIDATE to LEADER at term 1 for changeToLeader
2019-09-26 15:38:59,043 [bcb704dc-2543-42a4-8762-cde039a55a99@group-9AC2B376FF9C:LeaderElection117] INFO  impl.RaftServerImpl (ServerState.java:setLeader(253)) - bcb704dc-2543-42a4-8762-cde039a55a99@group-9AC2B376FF9C: change Leader from null to bcb704dc-2543-42a4-8762-cde039a55a99 at term 1 for becomeLeader, leader elected after 5143ms
2019-09-26 15:38:59,043 [bcb704dc-2543-42a4-8762-cde039a55a99@group-9AC2B376FF9C:LeaderElection117] INFO  server.RaftServerConfigKeys (ConfUtils.java:logGet(43)) - raft.server.staging.catchup.gap = 1000 (default)
2019-09-26 15:38:59,043 [bcb704dc-2543-42a4-8762-cde039a55a99@group-9AC2B376FF9C:LeaderElection117] INFO  server.RaftServerConfigKeys (ConfUtils.java:logGet(43)) - raft.server.rpc.sleep.time = 25ms (default)
2019-09-26 15:38:59,043 [bcb704dc-2543-42a4-8762-cde039a55a99@group-9AC2B376FF9C:LeaderElection117] INFO  server.RaftServerConfigKeys (ConfUtils.java:logGet(43)) - raft.server.write.element-limit = 4096 (default)
2019-09-26 15:38:59,043 [bcb704dc-2543-42a4-8762-cde039a55a99@group-9AC2B376FF9C:LeaderElection117] INFO  server.RaftServerConfigKeys (ConfUtils.java:logGet(43)) - raft.server.watch.timeout = 10s (default)
2019-09-26 15:38:59,043 [bcb704dc-2543-42a4-8762-cde039a55a99@group-9AC2B376FF9C:LeaderElection117] INFO  server.RaftServerConfigKeys (ConfUtils.java:logGet(43)) - raft.server.watch.timeout.denomination = 1s (default)
2019-09-26 15:38:59,043 [bcb704dc-2543-42a4-8762-cde039a55a99@group-9AC2B376FF9C:LeaderElection117] INFO  server.RaftServerConfigKeys (ConfUtils.java:logGet(43)) - raft.server.watch.element-limit = 65536 (default)
2019-09-26 15:38:59,045 [bcb704dc-2543-42a4-8762-cde039a55a99@group-9AC2B376FF9C:LeaderElection117] INFO  impl.RoleInfo (RoleInfo.java:updateAndGet(143)) - bcb704dc-2543-42a4-8762-cde039a55a99: start LeaderState
2019-09-26 15:38:59,045 [bcb704dc-2543-42a4-8762-cde039a55a99@group-9AC2B376FF9C:LeaderElection117] INFO  segmented.SegmentedRaftLogWorker (SegmentedRaftLogWorker.java:startLogSegment(380)) - bcb704dc-2543-42a4-8762-cde039a55a99@group-9AC2B376FF9C-SegmentedRaftLogWorker: Starting segment from index:0
2019-09-26 15:38:59,045 [bcb704dc-2543-42a4-8762-cde039a55a99@group-9AC2B376FF9C:LeaderElection117] INFO  impl.RaftServerImpl (ServerState.java:setRaftConf(354)) - bcb704dc-2543-42a4-8762-cde039a55a99@group-9AC2B376FF9C: set configuration 0: [bcb704dc-2543-42a4-8762-cde039a55a99:192.168.151.99:43663], old=null at 0
2019-09-26 15:38:59,055 [pool-123-thread-1] INFO  storage.RaftStorage (RaftStorage.java:format(72)) - Storage directory /workdir/hadoop-ozone/integration-test/target/test-dir/MiniOzoneClusterImpl-87962e32-e39f-4c57-b747-30c883c1cc54/datanode-0/data/ratis/f14b10e7-a341-48ad-9699-4786cbf0dbea has been successfully formatted.
2019-09-26 15:38:59,056 [pool-123-thread-1] INFO  ratis.ContainerStateMachine (ContainerStateMachine.java:loadSnapshot(230)) - group-4786CBF0DBEA: The snapshot info is null. Setting the last applied indexto:(t:0, i:~)
2019-09-26 15:38:59,056 [pool-123-thread-1] INFO  server.RaftServerConfigKeys (ConfUtils.java:logGet(43)) - raft.server.notification.no-leader.timeout = 120s (custom)
2019-09-26 15:38:59,056 [pool-123-thread-1] INFO  server.RaftServerConfigKeys (ConfUtils.java:logGet(43)) - raft.server.log.use.memory = false (default)
2019-09-26 15:38:59,056 [pool-123-thread-1] INFO  server.RaftServerConfigKeys (ConfUtils.java:logGet(43)) - raft.server.log.purge.gap = 1000000 (custom)
2019-09-26 15:38:59,056 [pool-123-thread-1] INFO  server.RaftServerConfigKeys (ConfUtils.java:logGet(43)) - raft.server.log.appender.buffer.byte-limit = 33554432 (custom)
2019-09-26 15:38:59,056 [pool-123-thread-1] INFO  server.RaftServerConfigKeys (ConfUtils.java:logGet(43)) - raft.server.log.segment.size.max = 1048576 (custom)
2019-09-26 15:38:59,056 [pool-123-thread-1] INFO  server.RaftServerConfigKeys (ConfUtils.java:logGet(43)) - raft.server.log.segment.cache.num.max = 2 (custom)
2019-09-26 15:38:59,056 [pool-123-thread-1] INFO  segmented.SegmentedRaftLogWorker (SegmentedRaftLogWorker.java:<init>(172)) - new bcb704dc-2543-42a4-8762-cde039a55a99@group-4786CBF0DBEA-SegmentedRaftLogWorker for RaftStorage:Storage Directory /workdir/hadoop-ozone/integration-test/target/test-dir/MiniOzoneClusterImpl-87962e32-e39f-4c57-b747-30c883c1cc54/datanode-0/data/ratis/f14b10e7-a341-48ad-9699-4786cbf0dbea
2019-09-26 15:38:59,057 [pool-123-thread-1] INFO  server.RaftServerConfigKeys (ConfUtils.java:logGet(43)) - raft.server.log.queue.byte-limit = 2147483647 (custom)
2019-09-26 15:38:59,057 [pool-123-thread-1] INFO  server.RaftServerConfigKeys (ConfUtils.java:logGet(43)) - raft.server.log.queue.element-limit = 1024 (custom)
2019-09-26 15:38:59,057 [pool-123-thread-1] INFO  server.RaftServerConfigKeys (ConfUtils.java:logGet(43)) - raft.server.log.segment.size.max = 1048576 (custom)
2019-09-26 15:38:59,057 [pool-123-thread-1] INFO  server.RaftServerConfigKeys (ConfUtils.java:logGet(43)) - raft.server.log.preallocated.size = 16384 (custom)
2019-09-26 15:38:59,057 [pool-123-thread-1] INFO  server.RaftServerConfigKeys (ConfUtils.java:logGet(43)) - raft.server.log.write.buffer.size = 33554432 (custom)
2019-09-26 15:38:59,057 [pool-123-thread-1] INFO  server.RaftServerConfigKeys (ConfUtils.java:logGet(43)) - raft.server.log.force.sync.num = 128 (default)
2019-09-26 15:38:59,057 [pool-123-thread-1] INFO  server.RaftServerConfigKeys (ConfUtils.java:logGet(43)) - raft.server.log.statemachine.data.sync = true (default)
2019-09-26 15:38:59,057 [pool-123-thread-1] INFO  server.RaftServerConfigKeys (ConfUtils.java:logGet(43)) - raft.server.log.statemachine.data.sync.timeout = 10s (default)
2019-09-26 15:38:59,057 [pool-123-thread-1] INFO  server.RaftServerConfigKeys (ConfUtils.java:logGet(43)) - raft.server.log.statemachine.data.sync.timeout.retry = -1 (default)
2019-09-26 15:38:59,057 [pool-123-thread-1] INFO  server.RaftServerConfigKeys (ConfUtils.java:logGet(43)) - raft.server.log.statemachine.data.caching.enabled = true (custom)
2019-09-26 15:38:59,058 [pool-123-thread-1] INFO  segmented.SegmentedRaftLogWorker (SegmentedRaftLogWorker.java:lambda$new$0(132)) - bcb704dc-2543-42a4-8762-cde039a55a99@group-4786CBF0DBEA-SegmentedRaftLogWorker: flushIndex: setUnconditionally 0 -> -1
2019-09-26 15:38:59,058 [pool-123-thread-1] INFO  server.RaftServerConfigKeys (ConfUtils.java:logGet(43)) - raft.server.snapshot.auto.trigger.enabled = true (custom)
2019-09-26 15:38:59,058 [pool-123-thread-1] INFO  server.RaftServerConfigKeys (ConfUtils.java:logGet(43)) - raft.server.snapshot.auto.trigger.threshold = 10000 (custom)
2019-09-26 15:38:59,058 [pool-123-thread-1] INFO  server.RaftServerConfigKeys (ConfUtils.java:logGet(43)) - raft.server.snapshot.retention.num.files = 5 (custom)
2019-09-26 15:38:59,058 [pool-123-thread-1] INFO  server.RaftServerConfigKeys (ConfUtils.java:logGet(43)) - raft.server.retrycache.expirytime = 600000ms (custom)
2019-09-26 15:38:59,059 [pool-123-thread-1] INFO  impl.RaftServerImpl (RaftServerImpl.java:start(185)) - bcb704dc-2543-42a4-8762-cde039a55a99@group-4786CBF0DBEA: start as a follower, conf=-1: [bcb704dc-2543-42a4-8762-cde039a55a99:192.168.151.99:43663], old=null
2019-09-26 15:38:59,060 [pool-123-thread-1] INFO  impl.RaftServerImpl (RaftServerImpl.java:setRole(174)) - bcb704dc-2543-42a4-8762-cde039a55a99@group-4786CBF0DBEA: changes role from      null to FOLLOWER at term 0 for startAsFollower
2019-09-26 15:38:59,060 [pool-123-thread-1] INFO  impl.RoleInfo (RoleInfo.java:updateAndGet(143)) - bcb704dc-2543-42a4-8762-cde039a55a99: start FollowerState
2019-09-26 15:38:59,060 [pool-123-thread-1] INFO  util.JmxRegister (JmxRegister.java:tryRegister(44)) - Successfully registered JMX Bean with object name Ratis:service=RaftServer,group=group-4786CBF0DBEA,id=bcb704dc-2543-42a4-8762-cde039a55a99
2019-09-26 15:38:59,062 [RatisPipelineUtilsThread] INFO  pipeline.PipelineStateManager (PipelineStateManager.java:addPipeline(56)) - Created pipeline Pipeline[ Id: f14b10e7-a341-48ad-9699-4786cbf0dbea, Nodes: bcb704dc-2543-42a4-8762-cde039a55a99{ip: 192.168.151.99, host: pr-hdds-1569-g6sp5-2013761785, networkLocation: /default-rack, certSerialId: null}, Type:RATIS, Factor:ONE, State:OPEN]
2019-09-26 15:38:59,065 [grpc-default-executor-0] INFO  impl.RaftServerProxy (RaftServerProxy.java:addNew(89)) - bcb704dc-2543-42a4-8762-cde039a55a99: addNew group-C84E1EDDFBB1:[bcb704dc-2543-42a4-8762-cde039a55a99:192.168.151.99:43663] returns group-C84E1EDDFBB1:java.util.concurrent.CompletableFuture@678cb1f2[Not completed]
2019-09-26 15:38:59,065 [pool-123-thread-1] INFO  impl.RaftServerImpl (RaftServerImpl.java:<init>(95)) - bcb704dc-2543-42a4-8762-cde039a55a99: new RaftServerImpl for group-C84E1EDDFBB1:[bcb704dc-2543-42a4-8762-cde039a55a99:192.168.151.99:43663] with ContainerStateMachine:uninitialized
2019-09-26 15:38:59,065 [pool-123-thread-1] INFO  server.RaftServerConfigKeys (ConfUtils.java:logGet(43)) - raft.server.rpc.timeout.min = 5s (custom)
2019-09-26 15:38:59,066 [pool-123-thread-1] INFO  server.RaftServerConfigKeys (ConfUtils.java:logGet(43)) - raft.server.rpc.timeout.max = 5200ms (custom)
2019-09-26 15:38:59,066 [pool-123-thread-1] INFO  server.RaftServerConfigKeys (ConfUtils.java:logGet(43)) - raft.server.rpcslowness.timeout = 120s (custom)
2019-09-26 15:38:59,066 [pool-123-thread-1] INFO  server.RaftServerConfigKeys (ConfUtils.java:logGet(43)) - raft.server.sleep.deviation.threshold = 300 (default)
2019-09-26 15:38:59,066 [pool-123-thread-1] INFO  server.RaftServerConfigKeys (ConfUtils.java:logGet(43)) - raft.server.log.appender.install.snapshot.enabled = false (custom)
2019-09-26 15:38:59,066 [pool-123-thread-1] INFO  impl.RaftServerImpl (ServerState.java:<init>(103)) - bcb704dc-2543-42a4-8762-cde039a55a99@group-C84E1EDDFBB1: ConfigurationManager, init=-1: [bcb704dc-2543-42a4-8762-cde039a55a99:192.168.151.99:43663], old=null, confs=<EMPTY_MAP>
2019-09-26 15:38:59,066 [pool-123-thread-1] INFO  server.RaftServerConfigKeys (ConfUtils.java:logGet(43)) - raft.server.storage.dir = [/workdir/hadoop-ozone/integration-test/target/test-dir/MiniOzoneClusterImpl-87962e32-e39f-4c57-b747-30c883c1cc54/datanode-0/data/ratis] (custom)
2019-09-26 15:38:59,067 [pool-123-thread-1] INFO  storage.RaftStorageDirectory (RaftStorageDirectory.java:analyzeStorage(246)) - The storage directory /workdir/hadoop-ozone/integration-test/target/test-dir/MiniOzoneClusterImpl-87962e32-e39f-4c57-b747-30c883c1cc54/datanode-0/data/ratis/31193adb-a3f8-4e51-b229-c84e1eddfbb1 does not exist. Creating ...
2019-09-26 15:38:59,068 [Thread-1850] INFO  impl.FollowerState (FollowerState.java:run(106)) - bcb704dc-2543-42a4-8762-cde039a55a99:group-951910B6F11B changes to CANDIDATE, lastRpcTime:5084, electionTimeout:5084ms
2019-09-26 15:38:59,069 [Thread-1850] INFO  impl.RoleInfo (RoleInfo.java:shutdownFollowerState(121)) - bcb704dc-2543-42a4-8762-cde039a55a99: shutdown FollowerState
2019-09-26 15:38:59,069 [Thread-1850] INFO  impl.RaftServerImpl (RaftServerImpl.java:setRole(174)) - bcb704dc-2543-42a4-8762-cde039a55a99@group-951910B6F11B: changes role from  FOLLOWER to CANDIDATE at term 0 for changeToCandidate
2019-09-26 15:38:59,069 [Thread-1850] INFO  impl.RoleInfo (RoleInfo.java:updateAndGet(143)) - bcb704dc-2543-42a4-8762-cde039a55a99: start LeaderElection
2019-09-26 15:38:59,074 [pool-123-thread-1] INFO  storage.RaftStorageDirectory (RaftStorageDirectory.java:tryLock(328)) - Lock on /workdir/hadoop-ozone/integration-test/target/test-dir/MiniOzoneClusterImpl-87962e32-e39f-4c57-b747-30c883c1cc54/datanode-0/data/ratis/31193adb-a3f8-4e51-b229-c84e1eddfbb1/in_use.lock acquired by nodename 10626@pr-hdds-1569-g6sp5-2013761785
2019-09-26 15:38:59,074 [bcb704dc-2543-42a4-8762-cde039a55a99@group-19D4A5527A8A-SegmentedRaftLogWorker] INFO  segmented.SegmentedRaftLogWorker (SegmentedRaftLogWorker.java:execute(569)) - bcb704dc-2543-42a4-8762-cde039a55a99@group-19D4A5527A8A-SegmentedRaftLogWorker: created new log segment /workdir/hadoop-ozone/integration-test/target/test-dir/MiniOzoneClusterImpl-87962e32-e39f-4c57-b747-30c883c1cc54/datanode-0/data/ratis/89e54bb4-b7c9-4c70-abb3-19d4a5527a8a/current/log_inprogress_0
2019-09-26 15:38:59,074 [bcb704dc-2543-42a4-8762-cde039a55a99@group-951910B6F11B:LeaderElection118] INFO  impl.LeaderElection (LeaderElection.java:askForVotes(182)) - bcb704dc-2543-42a4-8762-cde039a55a99@group-951910B6F11B:LeaderElection118: begin an election at term 1 for -1: [bcb704dc-2543-42a4-8762-cde039a55a99:192.168.151.99:43663], old=null
2019-09-26 15:38:59,074 [bcb704dc-2543-42a4-8762-cde039a55a99@group-951910B6F11B:LeaderElection118] INFO  impl.RoleInfo (RoleInfo.java:shutdownLeaderElection(134)) - bcb704dc-2543-42a4-8762-cde039a55a99: shutdown LeaderElection
2019-09-26 15:38:59,074 [bcb704dc-2543-42a4-8762-cde039a55a99@group-951910B6F11B:LeaderElection118] INFO  impl.RaftServerImpl (RaftServerImpl.java:setRole(174)) - bcb704dc-2543-42a4-8762-cde039a55a99@group-951910B6F11B: changes role from CANDIDATE to LEADER at term 1 for changeToLeader
2019-09-26 15:38:59,074 [bcb704dc-2543-42a4-8762-cde039a55a99@group-951910B6F11B:LeaderElection118] INFO  impl.RaftServerImpl (ServerState.java:setLeader(253)) - bcb704dc-2543-42a4-8762-cde039a55a99@group-951910B6F11B: change Leader from null to bcb704dc-2543-42a4-8762-cde039a55a99 at term 1 for becomeLeader, leader elected after 5094ms
2019-09-26 15:38:59,075 [bcb704dc-2543-42a4-8762-cde039a55a99@group-951910B6F11B:LeaderElection118] INFO  server.RaftServerConfigKeys (ConfUtils.java:logGet(43)) - raft.server.staging.catchup.gap = 1000 (default)
2019-09-26 15:38:59,075 [bcb704dc-2543-42a4-8762-cde039a55a99@group-951910B6F11B:LeaderElection118] INFO  server.RaftServerConfigKeys (ConfUtils.java:logGet(43)) - raft.server.rpc.sleep.time = 25ms (default)
2019-09-26 15:38:59,075 [bcb704dc-2543-42a4-8762-cde039a55a99@group-951910B6F11B:LeaderElection118] INFO  server.RaftServerConfigKeys (ConfUtils.java:logGet(43)) - raft.server.write.element-limit = 4096 (default)
2019-09-26 15:38:59,075 [bcb704dc-2543-42a4-8762-cde039a55a99@group-951910B6F11B:LeaderElection118] INFO  server.RaftServerConfigKeys (ConfUtils.java:logGet(43)) - raft.server.watch.timeout = 10s (default)
2019-09-26 15:38:59,075 [bcb704dc-2543-42a4-8762-cde039a55a99@group-951910B6F11B:LeaderElection118] INFO  server.RaftServerConfigKeys (ConfUtils.java:logGet(43)) - raft.server.watch.timeout.denomination = 1s (default)
2019-09-26 15:38:59,075 [bcb704dc-2543-42a4-8762-cde039a55a99@group-951910B6F11B:LeaderElection118] INFO  server.RaftServerConfigKeys (ConfUtils.java:logGet(43)) - raft.server.watch.element-limit = 65536 (default)
2019-09-26 15:38:59,077 [bcb704dc-2543-42a4-8762-cde039a55a99@group-951910B6F11B:LeaderElection118] INFO  impl.RoleInfo (RoleInfo.java:updateAndGet(143)) - bcb704dc-2543-42a4-8762-cde039a55a99: start LeaderState
2019-09-26 15:38:59,077 [bcb704dc-2543-42a4-8762-cde039a55a99@group-951910B6F11B:LeaderElection118] INFO  segmented.SegmentedRaftLogWorker (SegmentedRaftLogWorker.java:startLogSegment(380)) - bcb704dc-2543-42a4-8762-cde039a55a99@group-951910B6F11B-SegmentedRaftLogWorker: Starting segment from index:0
2019-09-26 15:38:59,077 [pool-123-thread-1] INFO  storage.RaftStorage (RaftStorage.java:format(72)) - Storage directory /workdir/hadoop-ozone/integration-test/target/test-dir/MiniOzoneClusterImpl-87962e32-e39f-4c57-b747-30c883c1cc54/datanode-0/data/ratis/31193adb-a3f8-4e51-b229-c84e1eddfbb1 has been successfully formatted.
2019-09-26 15:38:59,077 [pool-123-thread-1] INFO  ratis.ContainerStateMachine (ContainerStateMachine.java:loadSnapshot(230)) - group-C84E1EDDFBB1: The snapshot info is null. Setting the last applied indexto:(t:0, i:~)
2019-09-26 15:38:59,078 [pool-123-thread-1] INFO  server.RaftServerConfigKeys (ConfUtils.java:logGet(43)) - raft.server.notification.no-leader.timeout = 120s (custom)
2019-09-26 15:38:59,078 [bcb704dc-2543-42a4-8762-cde039a55a99@group-951910B6F11B:LeaderElection118] INFO  impl.RaftServerImpl (ServerState.java:setRaftConf(354)) - bcb704dc-2543-42a4-8762-cde039a55a99@group-951910B6F11B: set configuration 0: [bcb704dc-2543-42a4-8762-cde039a55a99:192.168.151.99:43663], old=null at 0
2019-09-26 15:38:59,078 [pool-123-thread-1] INFO  server.RaftServerConfigKeys (ConfUtils.java:logGet(43)) - raft.server.log.use.memory = false (default)
2019-09-26 15:38:59,078 [pool-123-thread-1] INFO  server.RaftServerConfigKeys (ConfUtils.java:logGet(43)) - raft.server.log.purge.gap = 1000000 (custom)
2019-09-26 15:38:59,078 [pool-123-thread-1] INFO  server.RaftServerConfigKeys (ConfUtils.java:logGet(43)) - raft.server.log.appender.buffer.byte-limit = 33554432 (custom)
2019-09-26 15:38:59,078 [pool-123-thread-1] INFO  server.RaftServerConfigKeys (ConfUtils.java:logGet(43)) - raft.server.log.segment.size.max = 1048576 (custom)
2019-09-26 15:38:59,078 [pool-123-thread-1] INFO  server.RaftServerConfigKeys (ConfUtils.java:logGet(43)) - raft.server.log.segment.cache.num.max = 2 (custom)
2019-09-26 15:38:59,079 [pool-123-thread-1] INFO  segmented.SegmentedRaftLogWorker (SegmentedRaftLogWorker.java:<init>(172)) - new bcb704dc-2543-42a4-8762-cde039a55a99@group-C84E1EDDFBB1-SegmentedRaftLogWorker for RaftStorage:Storage Directory /workdir/hadoop-ozone/integration-test/target/test-dir/MiniOzoneClusterImpl-87962e32-e39f-4c57-b747-30c883c1cc54/datanode-0/data/ratis/31193adb-a3f8-4e51-b229-c84e1eddfbb1
2019-09-26 15:38:59,079 [pool-123-thread-1] INFO  server.RaftServerConfigKeys (ConfUtils.java:logGet(43)) - raft.server.log.queue.byte-limit = 2147483647 (custom)
2019-09-26 15:38:59,079 [pool-123-thread-1] INFO  server.RaftServerConfigKeys (ConfUtils.java:logGet(43)) - raft.server.log.queue.element-limit = 1024 (custom)
2019-09-26 15:38:59,079 [pool-123-thread-1] INFO  server.RaftServerConfigKeys (ConfUtils.java:logGet(43)) - raft.server.log.segment.size.max = 1048576 (custom)
2019-09-26 15:38:59,079 [pool-123-thread-1] INFO  server.RaftServerConfigKeys (ConfUtils.java:logGet(43)) - raft.server.log.preallocated.size = 16384 (custom)
2019-09-26 15:38:59,079 [pool-123-thread-1] INFO  server.RaftServerConfigKeys (ConfUtils.java:logGet(43)) - raft.server.log.write.buffer.size = 33554432 (custom)
2019-09-26 15:38:59,079 [pool-123-thread-1] INFO  server.RaftServerConfigKeys (ConfUtils.java:logGet(43)) - raft.server.log.force.sync.num = 128 (default)
2019-09-26 15:38:59,079 [pool-123-thread-1] INFO  server.RaftServerConfigKeys (ConfUtils.java:logGet(43)) - raft.server.log.statemachine.data.sync = true (default)
2019-09-26 15:38:59,080 [pool-123-thread-1] INFO  server.RaftServerConfigKeys (ConfUtils.java:logGet(43)) - raft.server.log.statemachine.data.sync.timeout = 10s (default)
2019-09-26 15:38:59,080 [pool-123-thread-1] INFO  server.RaftServerConfigKeys (ConfUtils.java:logGet(43)) - raft.server.log.statemachine.data.sync.timeout.retry = -1 (default)
2019-09-26 15:38:59,080 [pool-123-thread-1] INFO  server.RaftServerConfigKeys (ConfUtils.java:logGet(43)) - raft.server.log.statemachine.data.caching.enabled = true (custom)
2019-09-26 15:38:59,080 [pool-123-thread-1] INFO  segmented.SegmentedRaftLogWorker (SegmentedRaftLogWorker.java:lambda$new$0(132)) - bcb704dc-2543-42a4-8762-cde039a55a99@group-C84E1EDDFBB1-SegmentedRaftLogWorker: flushIndex: setUnconditionally 0 -> -1
2019-09-26 15:38:59,080 [pool-123-thread-1] INFO  server.RaftServerConfigKeys (ConfUtils.java:logGet(43)) - raft.server.snapshot.auto.trigger.enabled = true (custom)
2019-09-26 15:38:59,081 [pool-123-thread-1] INFO  server.RaftServerConfigKeys (ConfUtils.java:logGet(43)) - raft.server.snapshot.auto.trigger.threshold = 10000 (custom)
2019-09-26 15:38:59,081 [pool-123-thread-1] INFO  server.RaftServerConfigKeys (ConfUtils.java:logGet(43)) - raft.server.snapshot.retention.num.files = 5 (custom)
2019-09-26 15:38:59,081 [pool-123-thread-1] INFO  server.RaftServerConfigKeys (ConfUtils.java:logGet(43)) - raft.server.retrycache.expirytime = 600000ms (custom)
2019-09-26 15:38:59,082 [pool-123-thread-1] INFO  impl.RaftServerImpl (RaftServerImpl.java:start(185)) - bcb704dc-2543-42a4-8762-cde039a55a99@group-C84E1EDDFBB1: start as a follower, conf=-1: [bcb704dc-2543-42a4-8762-cde039a55a99:192.168.151.99:43663], old=null
2019-09-26 15:38:59,083 [pool-123-thread-1] INFO  impl.RaftServerImpl (RaftServerImpl.java:setRole(174)) - bcb704dc-2543-42a4-8762-cde039a55a99@group-C84E1EDDFBB1: changes role from      null to FOLLOWER at term 0 for startAsFollower
2019-09-26 15:38:59,083 [pool-123-thread-1] INFO  impl.RoleInfo (RoleInfo.java:updateAndGet(143)) - bcb704dc-2543-42a4-8762-cde039a55a99: start FollowerState
2019-09-26 15:38:59,083 [pool-123-thread-1] INFO  util.JmxRegister (JmxRegister.java:tryRegister(44)) - Successfully registered JMX Bean with object name Ratis:service=RaftServer,group=group-C84E1EDDFBB1,id=bcb704dc-2543-42a4-8762-cde039a55a99
2019-09-26 15:38:59,085 [RatisPipelineUtilsThread] INFO  pipeline.PipelineStateManager (PipelineStateManager.java:addPipeline(56)) - Created pipeline Pipeline[ Id: 31193adb-a3f8-4e51-b229-c84e1eddfbb1, Nodes: bcb704dc-2543-42a4-8762-cde039a55a99{ip: 192.168.151.99, host: pr-hdds-1569-g6sp5-2013761785, networkLocation: /default-rack, certSerialId: null}, Type:RATIS, Factor:ONE, State:OPEN]
2019-09-26 15:38:59,089 [grpc-default-executor-0] INFO  impl.RaftServerProxy (RaftServerProxy.java:addNew(89)) - bcb704dc-2543-42a4-8762-cde039a55a99: addNew group-F6F6A7BDA922:[bcb704dc-2543-42a4-8762-cde039a55a99:192.168.151.99:43663] returns group-F6F6A7BDA922:java.util.concurrent.CompletableFuture@519d06bc[Not completed]
2019-09-26 15:38:59,089 [pool-123-thread-1] INFO  impl.RaftServerImpl (RaftServerImpl.java:<init>(95)) - bcb704dc-2543-42a4-8762-cde039a55a99: new RaftServerImpl for group-F6F6A7BDA922:[bcb704dc-2543-42a4-8762-cde039a55a99:192.168.151.99:43663] with ContainerStateMachine:uninitialized
2019-09-26 15:38:59,089 [pool-123-thread-1] INFO  server.RaftServerConfigKeys (ConfUtils.java:logGet(43)) - raft.server.rpc.timeout.min = 5s (custom)
2019-09-26 15:38:59,090 [pool-123-thread-1] INFO  server.RaftServerConfigKeys (ConfUtils.java:logGet(43)) - raft.server.rpc.timeout.max = 5200ms (custom)
2019-09-26 15:38:59,090 [pool-123-thread-1] INFO  server.RaftServerConfigKeys (ConfUtils.java:logGet(43)) - raft.server.rpcslowness.timeout = 120s (custom)
2019-09-26 15:38:59,090 [pool-123-thread-1] INFO  server.RaftServerConfigKeys (ConfUtils.java:logGet(43)) - raft.server.sleep.deviation.threshold = 300 (default)
2019-09-26 15:38:59,090 [pool-123-thread-1] INFO  server.RaftServerConfigKeys (ConfUtils.java:logGet(43)) - raft.server.log.appender.install.snapshot.enabled = false (custom)
2019-09-26 15:38:59,090 [pool-123-thread-1] INFO  impl.RaftServerImpl (ServerState.java:<init>(103)) - bcb704dc-2543-42a4-8762-cde039a55a99@group-F6F6A7BDA922: ConfigurationManager, init=-1: [bcb704dc-2543-42a4-8762-cde039a55a99:192.168.151.99:43663], old=null, confs=<EMPTY_MAP>
2019-09-26 15:38:59,090 [pool-123-thread-1] INFO  server.RaftServerConfigKeys (ConfUtils.java:logGet(43)) - raft.server.storage.dir = [/workdir/hadoop-ozone/integration-test/target/test-dir/MiniOzoneClusterImpl-87962e32-e39f-4c57-b747-30c883c1cc54/datanode-0/data/ratis] (custom)
2019-09-26 15:38:59,091 [pool-123-thread-1] INFO  storage.RaftStorageDirectory (RaftStorageDirectory.java:analyzeStorage(246)) - The storage directory /workdir/hadoop-ozone/integration-test/target/test-dir/MiniOzoneClusterImpl-87962e32-e39f-4c57-b747-30c883c1cc54/datanode-0/data/ratis/4cda0b9c-7f14-47e2-8c98-f6f6a7bda922 does not exist. Creating ...
2019-09-26 15:38:59,093 [bcb704dc-2543-42a4-8762-cde039a55a99@group-9AC2B376FF9C-SegmentedRaftLogWorker] INFO  segmented.SegmentedRaftLogWorker (SegmentedRaftLogWorker.java:execute(569)) - bcb704dc-2543-42a4-8762-cde039a55a99@group-9AC2B376FF9C-SegmentedRaftLogWorker: created new log segment /workdir/hadoop-ozone/integration-test/target/test-dir/MiniOzoneClusterImpl-87962e32-e39f-4c57-b747-30c883c1cc54/datanode-0/data/ratis/9bad6295-f406-4d64-a656-9ac2b376ff9c/current/log_inprogress_0
2019-09-26 15:38:59,129 [Thread-1856] INFO  impl.FollowerState (FollowerState.java:run(106)) - bcb704dc-2543-42a4-8762-cde039a55a99:group-191CB329DE44 changes to CANDIDATE, lastRpcTime:5087, electionTimeout:5087ms
2019-09-26 15:38:59,129 [Thread-1856] INFO  impl.RoleInfo (RoleInfo.java:shutdownFollowerState(121)) - bcb704dc-2543-42a4-8762-cde039a55a99: shutdown FollowerState
2019-09-26 15:38:59,129 [Thread-1856] INFO  impl.RaftServerImpl (RaftServerImpl.java:setRole(174)) - bcb704dc-2543-42a4-8762-cde039a55a99@group-191CB329DE44: changes role from  FOLLOWER to CANDIDATE at term 0 for changeToCandidate
2019-09-26 15:38:59,129 [Thread-1856] INFO  impl.RoleInfo (RoleInfo.java:updateAndGet(143)) - bcb704dc-2543-42a4-8762-cde039a55a99: start LeaderElection
2019-09-26 15:38:59,152 [Thread-1853] INFO  impl.FollowerState (FollowerState.java:run(106)) - bcb704dc-2543-42a4-8762-cde039a55a99:group-F1C928F7CD51 changes to CANDIDATE, lastRpcTime:5148, electionTimeout:5148ms
2019-09-26 15:38:59,153 [Thread-1853] INFO  impl.RoleInfo (RoleInfo.java:shutdownFollowerState(121)) - bcb704dc-2543-42a4-8762-cde039a55a99: shutdown FollowerState
2019-09-26 15:38:59,153 [Thread-1853] INFO  impl.RaftServerImpl (RaftServerImpl.java:setRole(174)) - bcb704dc-2543-42a4-8762-cde039a55a99@group-F1C928F7CD51: changes role from  FOLLOWER to CANDIDATE at term 0 for changeToCandidate
2019-09-26 15:38:59,153 [Thread-1853] INFO  impl.RoleInfo (RoleInfo.java:updateAndGet(143)) - bcb704dc-2543-42a4-8762-cde039a55a99: start LeaderElection
2019-09-26 15:38:59,166 [pool-123-thread-1] INFO  storage.RaftStorageDirectory (RaftStorageDirectory.java:tryLock(328)) - Lock on /workdir/hadoop-ozone/integration-test/target/test-dir/MiniOzoneClusterImpl-87962e32-e39f-4c57-b747-30c883c1cc54/datanode-0/data/ratis/4cda0b9c-7f14-47e2-8c98-f6f6a7bda922/in_use.lock acquired by nodename 10626@pr-hdds-1569-g6sp5-2013761785
2019-09-26 15:38:59,195 [bcb704dc-2543-42a4-8762-cde039a55a99@group-951910B6F11B-SegmentedRaftLogWorker] INFO  segmented.SegmentedRaftLogWorker (SegmentedRaftLogWorker.java:execute(569)) - bcb704dc-2543-42a4-8762-cde039a55a99@group-951910B6F11B-SegmentedRaftLogWorker: created new log segment /workdir/hadoop-ozone/integration-test/target/test-dir/MiniOzoneClusterImpl-87962e32-e39f-4c57-b747-30c883c1cc54/datanode-0/data/ratis/a66db5f8-e3b8-4a1d-b7d2-951910b6f11b/current/log_inprogress_0
2019-09-26 15:38:59,197 [bcb704dc-2543-42a4-8762-cde039a55a99@group-F1C928F7CD51:LeaderElection120] INFO  impl.LeaderElection (LeaderElection.java:askForVotes(182)) - bcb704dc-2543-42a4-8762-cde039a55a99@group-F1C928F7CD51:LeaderElection120: begin an election at term 1 for -1: [bcb704dc-2543-42a4-8762-cde039a55a99:192.168.151.99:43663], old=null
2019-09-26 15:38:59,197 [bcb704dc-2543-42a4-8762-cde039a55a99@group-191CB329DE44:LeaderElection119] INFO  impl.LeaderElection (LeaderElection.java:askForVotes(182)) - bcb704dc-2543-42a4-8762-cde039a55a99@group-191CB329DE44:LeaderElection119: begin an election at term 1 for -1: [bcb704dc-2543-42a4-8762-cde039a55a99:192.168.151.99:43663], old=null
2019-09-26 15:38:59,198 [bcb704dc-2543-42a4-8762-cde039a55a99@group-F1C928F7CD51:LeaderElection120] INFO  impl.RoleInfo (RoleInfo.java:shutdownLeaderElection(134)) - bcb704dc-2543-42a4-8762-cde039a55a99: shutdown LeaderElection
2019-09-26 15:38:59,198 [bcb704dc-2543-42a4-8762-cde039a55a99@group-191CB329DE44:LeaderElection119] INFO  impl.RoleInfo (RoleInfo.java:shutdownLeaderElection(134)) - bcb704dc-2543-42a4-8762-cde039a55a99: shutdown LeaderElection
2019-09-26 15:38:59,198 [bcb704dc-2543-42a4-8762-cde039a55a99@group-F1C928F7CD51:LeaderElection120] INFO  impl.RaftServerImpl (RaftServerImpl.java:setRole(174)) - bcb704dc-2543-42a4-8762-cde039a55a99@group-F1C928F7CD51: changes role from CANDIDATE to LEADER at term 1 for changeToLeader
2019-09-26 15:38:59,198 [bcb704dc-2543-42a4-8762-cde039a55a99@group-191CB329DE44:LeaderElection119] INFO  impl.RaftServerImpl (RaftServerImpl.java:setRole(174)) - bcb704dc-2543-42a4-8762-cde039a55a99@group-191CB329DE44: changes role from CANDIDATE to LEADER at term 1 for changeToLeader
2019-09-26 15:38:59,198 [pool-123-thread-1] INFO  storage.RaftStorage (RaftStorage.java:format(72)) - Storage directory /workdir/hadoop-ozone/integration-test/target/test-dir/MiniOzoneClusterImpl-87962e32-e39f-4c57-b747-30c883c1cc54/datanode-0/data/ratis/4cda0b9c-7f14-47e2-8c98-f6f6a7bda922 has been successfully formatted.
2019-09-26 15:38:59,198 [bcb704dc-2543-42a4-8762-cde039a55a99@group-F1C928F7CD51:LeaderElection120] INFO  impl.RaftServerImpl (ServerState.java:setLeader(253)) - bcb704dc-2543-42a4-8762-cde039a55a99@group-F1C928F7CD51: change Leader from null to bcb704dc-2543-42a4-8762-cde039a55a99 at term 1 for becomeLeader, leader elected after 5198ms
2019-09-26 15:38:59,198 [bcb704dc-2543-42a4-8762-cde039a55a99@group-191CB329DE44:LeaderElection119] INFO  impl.RaftServerImpl (ServerState.java:setLeader(253)) - bcb704dc-2543-42a4-8762-cde039a55a99@group-191CB329DE44: change Leader from null to bcb704dc-2543-42a4-8762-cde039a55a99 at term 1 for becomeLeader, leader elected after 5160ms
2019-09-26 15:38:59,198 [bcb704dc-2543-42a4-8762-cde039a55a99@group-F1C928F7CD51:LeaderElection120] INFO  server.RaftServerConfigKeys (ConfUtils.java:logGet(43)) - raft.server.staging.catchup.gap = 1000 (default)
2019-09-26 15:38:59,198 [pool-123-thread-1] INFO  ratis.ContainerStateMachine (ContainerStateMachine.java:loadSnapshot(230)) - group-F6F6A7BDA922: The snapshot info is null. Setting the last applied indexto:(t:0, i:~)
2019-09-26 15:38:59,198 [bcb704dc-2543-42a4-8762-cde039a55a99@group-F1C928F7CD51:LeaderElection120] INFO  server.RaftServerConfigKeys (ConfUtils.java:logGet(43)) - raft.server.rpc.sleep.time = 25ms (default)
2019-09-26 15:38:59,198 [bcb704dc-2543-42a4-8762-cde039a55a99@group-191CB329DE44:LeaderElection119] INFO  server.RaftServerConfigKeys (ConfUtils.java:logGet(43)) - raft.server.staging.catchup.gap = 1000 (default)
2019-09-26 15:38:59,199 [bcb704dc-2543-42a4-8762-cde039a55a99@group-F1C928F7CD51:LeaderElection120] INFO  server.RaftServerConfigKeys (ConfUtils.java:logGet(43)) - raft.server.write.element-limit = 4096 (default)
2019-09-26 15:38:59,199 [pool-123-thread-1] INFO  server.RaftServerConfigKeys (ConfUtils.java:logGet(43)) - raft.server.notification.no-leader.timeout = 120s (custom)
2019-09-26 15:38:59,199 [bcb704dc-2543-42a4-8762-cde039a55a99@group-F1C928F7CD51:LeaderElection120] INFO  server.RaftServerConfigKeys (ConfUtils.java:logGet(43)) - raft.server.watch.timeout = 10s (default)
2019-09-26 15:38:59,199 [bcb704dc-2543-42a4-8762-cde039a55a99@group-191CB329DE44:LeaderElection119] INFO  server.RaftServerConfigKeys (ConfUtils.java:logGet(43)) - raft.server.rpc.sleep.time = 25ms (default)
2019-09-26 15:38:59,199 [bcb704dc-2543-42a4-8762-cde039a55a99@group-F1C928F7CD51:LeaderElection120] INFO  server.RaftServerConfigKeys (ConfUtils.java:logGet(43)) - raft.server.watch.timeout.denomination = 1s (default)
2019-09-26 15:38:59,199 [pool-123-thread-1] INFO  server.RaftServerConfigKeys (ConfUtils.java:logGet(43)) - raft.server.log.use.memory = false (default)
2019-09-26 15:38:59,199 [bcb704dc-2543-42a4-8762-cde039a55a99@group-F1C928F7CD51:LeaderElection120] INFO  server.RaftServerConfigKeys (ConfUtils.java:logGet(43)) - raft.server.watch.element-limit = 65536 (default)
2019-09-26 15:38:59,199 [bcb704dc-2543-42a4-8762-cde039a55a99@group-191CB329DE44:LeaderElection119] INFO  server.RaftServerConfigKeys (ConfUtils.java:logGet(43)) - raft.server.write.element-limit = 4096 (default)
2019-09-26 15:38:59,199 [pool-123-thread-1] INFO  server.RaftServerConfigKeys (ConfUtils.java:logGet(43)) - raft.server.log.purge.gap = 1000000 (custom)
2019-09-26 15:38:59,200 [bcb704dc-2543-42a4-8762-cde039a55a99@group-191CB329DE44:LeaderElection119] INFO  server.RaftServerConfigKeys (ConfUtils.java:logGet(43)) - raft.server.watch.timeout = 10s (default)
2019-09-26 15:38:59,200 [pool-123-thread-1] INFO  server.RaftServerConfigKeys (ConfUtils.java:logGet(43)) - raft.server.log.appender.buffer.byte-limit = 33554432 (custom)
2019-09-26 15:38:59,200 [bcb704dc-2543-42a4-8762-cde039a55a99@group-191CB329DE44:LeaderElection119] INFO  server.RaftServerConfigKeys (ConfUtils.java:logGet(43)) - raft.server.watch.timeout.denomination = 1s (default)
2019-09-26 15:38:59,200 [pool-123-thread-1] INFO  server.RaftServerConfigKeys (ConfUtils.java:logGet(43)) - raft.server.log.segment.size.max = 1048576 (custom)
2019-09-26 15:38:59,200 [bcb704dc-2543-42a4-8762-cde039a55a99@group-191CB329DE44:LeaderElection119] INFO  server.RaftServerConfigKeys (ConfUtils.java:logGet(43)) - raft.server.watch.element-limit = 65536 (default)
2019-09-26 15:38:59,200 [pool-123-thread-1] INFO  server.RaftServerConfigKeys (ConfUtils.java:logGet(43)) - raft.server.log.segment.cache.num.max = 2 (custom)
2019-09-26 15:38:59,200 [pool-123-thread-1] INFO  segmented.SegmentedRaftLogWorker (SegmentedRaftLogWorker.java:<init>(172)) - new bcb704dc-2543-42a4-8762-cde039a55a99@group-F6F6A7BDA922-SegmentedRaftLogWorker for RaftStorage:Storage Directory /workdir/hadoop-ozone/integration-test/target/test-dir/MiniOzoneClusterImpl-87962e32-e39f-4c57-b747-30c883c1cc54/datanode-0/data/ratis/4cda0b9c-7f14-47e2-8c98-f6f6a7bda922
2019-09-26 15:38:59,200 [pool-123-thread-1] INFO  server.RaftServerConfigKeys (ConfUtils.java:logGet(43)) - raft.server.log.queue.byte-limit = 2147483647 (custom)
2019-09-26 15:38:59,200 [pool-123-thread-1] INFO  server.RaftServerConfigKeys (ConfUtils.java:logGet(43)) - raft.server.log.queue.element-limit = 1024 (custom)
2019-09-26 15:38:59,200 [pool-123-thread-1] INFO  server.RaftServerConfigKeys (ConfUtils.java:logGet(43)) - raft.server.log.segment.size.max = 1048576 (custom)
2019-09-26 15:38:59,201 [pool-123-thread-1] INFO  server.RaftServerConfigKeys (ConfUtils.java:logGet(43)) - raft.server.log.preallocated.size = 16384 (custom)
2019-09-26 15:38:59,201 [bcb704dc-2543-42a4-8762-cde039a55a99@group-F1C928F7CD51:LeaderElection120] INFO  impl.RoleInfo (RoleInfo.java:updateAndGet(143)) - bcb704dc-2543-42a4-8762-cde039a55a99: start LeaderState
2019-09-26 15:38:59,201 [pool-123-thread-1] INFO  server.RaftServerConfigKeys (ConfUtils.java:logGet(43)) - raft.server.log.write.buffer.size = 33554432 (custom)
2019-09-26 15:38:59,201 [pool-123-thread-1] INFO  server.RaftServerConfigKeys (ConfUtils.java:logGet(43)) - raft.server.log.force.sync.num = 128 (default)
2019-09-26 15:38:59,201 [bcb704dc-2543-42a4-8762-cde039a55a99@group-F1C928F7CD51:LeaderElection120] INFO  segmented.SegmentedRaftLogWorker (SegmentedRaftLogWorker.java:startLogSegment(380)) - bcb704dc-2543-42a4-8762-cde039a55a99@group-F1C928F7CD51-SegmentedRaftLogWorker: Starting segment from index:0
2019-09-26 15:38:59,201 [pool-123-thread-1] INFO  server.RaftServerConfigKeys (ConfUtils.java:logGet(43)) - raft.server.log.statemachine.data.sync = true (default)
2019-09-26 15:38:59,201 [pool-123-thread-1] INFO  server.RaftServerConfigKeys (ConfUtils.java:logGet(43)) - raft.server.log.statemachine.data.sync.timeout = 10s (default)
2019-09-26 15:38:59,201 [pool-123-thread-1] INFO  server.RaftServerConfigKeys (ConfUtils.java:logGet(43)) - raft.server.log.statemachine.data.sync.timeout.retry = -1 (default)
2019-09-26 15:38:59,201 [bcb704dc-2543-42a4-8762-cde039a55a99@group-F1C928F7CD51:LeaderElection120] INFO  impl.RaftServerImpl (ServerState.java:setRaftConf(354)) - bcb704dc-2543-42a4-8762-cde039a55a99@group-F1C928F7CD51: set configuration 0: [bcb704dc-2543-42a4-8762-cde039a55a99:192.168.151.99:43663], old=null at 0
2019-09-26 15:38:59,201 [bcb704dc-2543-42a4-8762-cde039a55a99@group-191CB329DE44:LeaderElection119] INFO  impl.RoleInfo (RoleInfo.java:updateAndGet(143)) - bcb704dc-2543-42a4-8762-cde039a55a99: start LeaderState
2019-09-26 15:38:59,201 [pool-123-thread-1] INFO  server.RaftServerConfigKeys (ConfUtils.java:logGet(43)) - raft.server.log.statemachine.data.caching.enabled = true (custom)
2019-09-26 15:38:59,201 [bcb704dc-2543-42a4-8762-cde039a55a99@group-191CB329DE44:LeaderElection119] INFO  segmented.SegmentedRaftLogWorker (SegmentedRaftLogWorker.java:startLogSegment(380)) - bcb704dc-2543-42a4-8762-cde039a55a99@group-191CB329DE44-SegmentedRaftLogWorker: Starting segment from index:0
2019-09-26 15:38:59,201 [pool-123-thread-1] INFO  segmented.SegmentedRaftLogWorker (SegmentedRaftLogWorker.java:lambda$new$0(132)) - bcb704dc-2543-42a4-8762-cde039a55a99@group-F6F6A7BDA922-SegmentedRaftLogWorker: flushIndex: setUnconditionally 0 -> -1
2019-09-26 15:38:59,202 [bcb704dc-2543-42a4-8762-cde039a55a99@group-191CB329DE44:LeaderElection119] INFO  impl.RaftServerImpl (ServerState.java:setRaftConf(354)) - bcb704dc-2543-42a4-8762-cde039a55a99@group-191CB329DE44: set configuration 0: [bcb704dc-2543-42a4-8762-cde039a55a99:192.168.151.99:43663], old=null at 0
2019-09-26 15:38:59,202 [pool-123-thread-1] INFO  server.RaftServerConfigKeys (ConfUtils.java:logGet(43)) - raft.server.snapshot.auto.trigger.enabled = true (custom)
2019-09-26 15:38:59,202 [pool-123-thread-1] INFO  server.RaftServerConfigKeys (ConfUtils.java:logGet(43)) - raft.server.snapshot.auto.trigger.threshold = 10000 (custom)
2019-09-26 15:38:59,202 [pool-123-thread-1] INFO  server.RaftServerConfigKeys (ConfUtils.java:logGet(43)) - raft.server.snapshot.retention.num.files = 5 (custom)
2019-09-26 15:38:59,202 [pool-123-thread-1] INFO  server.RaftServerConfigKeys (ConfUtils.java:logGet(43)) - raft.server.retrycache.expirytime = 600000ms (custom)
2019-09-26 15:38:59,203 [pool-123-thread-1] INFO  impl.RaftServerImpl (RaftServerImpl.java:start(185)) - bcb704dc-2543-42a4-8762-cde039a55a99@group-F6F6A7BDA922: start as a follower, conf=-1: [bcb704dc-2543-42a4-8762-cde039a55a99:192.168.151.99:43663], old=null
2019-09-26 15:38:59,203 [pool-123-thread-1] INFO  impl.RaftServerImpl (RaftServerImpl.java:setRole(174)) - bcb704dc-2543-42a4-8762-cde039a55a99@group-F6F6A7BDA922: changes role from      null to FOLLOWER at term 0 for startAsFollower
2019-09-26 15:38:59,203 [pool-123-thread-1] INFO  impl.RoleInfo (RoleInfo.java:updateAndGet(143)) - bcb704dc-2543-42a4-8762-cde039a55a99: start FollowerState
2019-09-26 15:38:59,203 [pool-123-thread-1] INFO  util.JmxRegister (JmxRegister.java:tryRegister(44)) - Successfully registered JMX Bean with object name Ratis:service=RaftServer,group=group-F6F6A7BDA922,id=bcb704dc-2543-42a4-8762-cde039a55a99
2019-09-26 15:38:59,205 [Thread-1865] INFO  impl.FollowerState (FollowerState.java:run(106)) - bcb704dc-2543-42a4-8762-cde039a55a99:group-C9AC4EC29E93 changes to CANDIDATE, lastRpcTime:5046, electionTimeout:5046ms
2019-09-26 15:38:59,205 [Thread-1865] INFO  impl.RoleInfo (RoleInfo.java:shutdownFollowerState(121)) - bcb704dc-2543-42a4-8762-cde039a55a99: shutdown FollowerState
2019-09-26 15:38:59,205 [Thread-1865] INFO  impl.RaftServerImpl (RaftServerImpl.java:setRole(174)) - bcb704dc-2543-42a4-8762-cde039a55a99@group-C9AC4EC29E93: changes role from  FOLLOWER to CANDIDATE at term 0 for changeToCandidate
2019-09-26 15:38:59,205 [RatisPipelineUtilsThread] INFO  pipeline.PipelineStateManager (PipelineStateManager.java:addPipeline(56)) - Created pipeline Pipeline[ Id: 4cda0b9c-7f14-47e2-8c98-f6f6a7bda922, Nodes: bcb704dc-2543-42a4-8762-cde039a55a99{ip: 192.168.151.99, host: pr-hdds-1569-g6sp5-2013761785, networkLocation: /default-rack, certSerialId: null}, Type:RATIS, Factor:ONE, State:OPEN]
2019-09-26 15:38:59,205 [Thread-1865] INFO  impl.RoleInfo (RoleInfo.java:updateAndGet(143)) - bcb704dc-2543-42a4-8762-cde039a55a99: start LeaderElection
2019-09-26 15:38:59,208 [grpc-default-executor-0] INFO  impl.RaftServerProxy (RaftServerProxy.java:addNew(89)) - bcb704dc-2543-42a4-8762-cde039a55a99: addNew group-BBF433C8F92D:[bcb704dc-2543-42a4-8762-cde039a55a99:192.168.151.99:43663] returns group-BBF433C8F92D:java.util.concurrent.CompletableFuture@1b1d80df[Not completed]
2019-09-26 15:38:59,209 [pool-123-thread-1] INFO  impl.RaftServerImpl (RaftServerImpl.java:<init>(95)) - bcb704dc-2543-42a4-8762-cde039a55a99: new RaftServerImpl for group-BBF433C8F92D:[bcb704dc-2543-42a4-8762-cde039a55a99:192.168.151.99:43663] with ContainerStateMachine:uninitialized
2019-09-26 15:38:59,209 [pool-123-thread-1] INFO  server.RaftServerConfigKeys (ConfUtils.java:logGet(43)) - raft.server.rpc.timeout.min = 5s (custom)
2019-09-26 15:38:59,209 [pool-123-thread-1] INFO  server.RaftServerConfigKeys (ConfUtils.java:logGet(43)) - raft.server.rpc.timeout.max = 5200ms (custom)
2019-09-26 15:38:59,209 [pool-123-thread-1] INFO  server.RaftServerConfigKeys (ConfUtils.java:logGet(43)) - raft.server.rpcslowness.timeout = 120s (custom)
2019-09-26 15:38:59,209 [pool-123-thread-1] INFO  server.RaftServerConfigKeys (ConfUtils.java:logGet(43)) - raft.server.sleep.deviation.threshold = 300 (default)
2019-09-26 15:38:59,209 [pool-123-thread-1] INFO  server.RaftServerConfigKeys (ConfUtils.java:logGet(43)) - raft.server.log.appender.install.snapshot.enabled = false (custom)
2019-09-26 15:38:59,209 [pool-123-thread-1] INFO  impl.RaftServerImpl (ServerState.java:<init>(103)) - bcb704dc-2543-42a4-8762-cde039a55a99@group-BBF433C8F92D: ConfigurationManager, init=-1: [bcb704dc-2543-42a4-8762-cde039a55a99:192.168.151.99:43663], old=null, confs=<EMPTY_MAP>
2019-09-26 15:38:59,209 [pool-123-thread-1] INFO  server.RaftServerConfigKeys (ConfUtils.java:logGet(43)) - raft.server.storage.dir = [/workdir/hadoop-ozone/integration-test/target/test-dir/MiniOzoneClusterImpl-87962e32-e39f-4c57-b747-30c883c1cc54/datanode-0/data/ratis] (custom)
2019-09-26 15:38:59,210 [pool-123-thread-1] INFO  storage.RaftStorageDirectory (RaftStorageDirectory.java:analyzeStorage(246)) - The storage directory /workdir/hadoop-ozone/integration-test/target/test-dir/MiniOzoneClusterImpl-87962e32-e39f-4c57-b747-30c883c1cc54/datanode-0/data/ratis/5144b210-c11d-4bc0-a6a4-bbf433c8f92d does not exist. Creating ...
2019-09-26 15:38:59,220 [Thread-1859] INFO  impl.FollowerState (FollowerState.java:run(106)) - bcb704dc-2543-42a4-8762-cde039a55a99:group-B6A67FD47F95 changes to CANDIDATE, lastRpcTime:5141, electionTimeout:5141ms
2019-09-26 15:38:59,220 [Thread-1859] INFO  impl.RoleInfo (RoleInfo.java:shutdownFollowerState(121)) - bcb704dc-2543-42a4-8762-cde039a55a99: shutdown FollowerState
2019-09-26 15:38:59,220 [Thread-1859] INFO  impl.RaftServerImpl (RaftServerImpl.java:setRole(174)) - bcb704dc-2543-42a4-8762-cde039a55a99@group-B6A67FD47F95: changes role from  FOLLOWER to CANDIDATE at term 0 for changeToCandidate
2019-09-26 15:38:59,221 [Thread-1859] INFO  impl.RoleInfo (RoleInfo.java:updateAndGet(143)) - bcb704dc-2543-42a4-8762-cde039a55a99: start LeaderElection
2019-09-26 15:38:59,230 [pool-123-thread-1] INFO  storage.RaftStorageDirectory (RaftStorageDirectory.java:tryLock(328)) - Lock on /workdir/hadoop-ozone/integration-test/target/test-dir/MiniOzoneClusterImpl-87962e32-e39f-4c57-b747-30c883c1cc54/datanode-0/data/ratis/5144b210-c11d-4bc0-a6a4-bbf433c8f92d/in_use.lock acquired by nodename 10626@pr-hdds-1569-g6sp5-2013761785
2019-09-26 15:38:59,230 [bcb704dc-2543-42a4-8762-cde039a55a99@group-C9AC4EC29E93:LeaderElection121] INFO  impl.LeaderElection (LeaderElection.java:askForVotes(182)) - bcb704dc-2543-42a4-8762-cde039a55a99@group-C9AC4EC29E93:LeaderElection121: begin an election at term 1 for -1: [bcb704dc-2543-42a4-8762-cde039a55a99:192.168.151.99:43663], old=null
2019-09-26 15:38:59,230 [bcb704dc-2543-42a4-8762-cde039a55a99@group-B6A67FD47F95:LeaderElection122] INFO  impl.LeaderElection (LeaderElection.java:askForVotes(182)) - bcb704dc-2543-42a4-8762-cde039a55a99@group-B6A67FD47F95:LeaderElection122: begin an election at term 1 for -1: [bcb704dc-2543-42a4-8762-cde039a55a99:192.168.151.99:43663], old=null
2019-09-26 15:38:59,230 [bcb704dc-2543-42a4-8762-cde039a55a99@group-C9AC4EC29E93:LeaderElection121] INFO  impl.RoleInfo (RoleInfo.java:shutdownLeaderElection(134)) - bcb704dc-2543-42a4-8762-cde039a55a99: shutdown LeaderElection
2019-09-26 15:38:59,230 [bcb704dc-2543-42a4-8762-cde039a55a99@group-B6A67FD47F95:LeaderElection122] INFO  impl.RoleInfo (RoleInfo.java:shutdownLeaderElection(134)) - bcb704dc-2543-42a4-8762-cde039a55a99: shutdown LeaderElection
2019-09-26 15:38:59,230 [bcb704dc-2543-42a4-8762-cde039a55a99@group-C9AC4EC29E93:LeaderElection121] INFO  impl.RaftServerImpl (RaftServerImpl.java:setRole(174)) - bcb704dc-2543-42a4-8762-cde039a55a99@group-C9AC4EC29E93: changes role from CANDIDATE to LEADER at term 1 for changeToLeader
2019-09-26 15:38:59,231 [bcb704dc-2543-42a4-8762-cde039a55a99@group-B6A67FD47F95:LeaderElection122] INFO  impl.RaftServerImpl (RaftServerImpl.java:setRole(174)) - bcb704dc-2543-42a4-8762-cde039a55a99@group-B6A67FD47F95: changes role from CANDIDATE to LEADER at term 1 for changeToLeader
2019-09-26 15:38:59,231 [bcb704dc-2543-42a4-8762-cde039a55a99@group-C9AC4EC29E93:LeaderElection121] INFO  impl.RaftServerImpl (ServerState.java:setLeader(253)) - bcb704dc-2543-42a4-8762-cde039a55a99@group-C9AC4EC29E93: change Leader from null to bcb704dc-2543-42a4-8762-cde039a55a99 at term 1 for becomeLeader, leader elected after 5077ms
2019-09-26 15:38:59,231 [bcb704dc-2543-42a4-8762-cde039a55a99@group-B6A67FD47F95:LeaderElection122] INFO  impl.RaftServerImpl (ServerState.java:setLeader(253)) - bcb704dc-2543-42a4-8762-cde039a55a99@group-B6A67FD47F95: change Leader from null to bcb704dc-2543-42a4-8762-cde039a55a99 at term 1 for becomeLeader, leader elected after 5155ms
2019-09-26 15:38:59,231 [bcb704dc-2543-42a4-8762-cde039a55a99@group-C9AC4EC29E93:LeaderElection121] INFO  server.RaftServerConfigKeys (ConfUtils.java:logGet(43)) - raft.server.staging.catchup.gap = 1000 (default)
2019-09-26 15:38:59,231 [bcb704dc-2543-42a4-8762-cde039a55a99@group-B6A67FD47F95:LeaderElection122] INFO  server.RaftServerConfigKeys (ConfUtils.java:logGet(43)) - raft.server.staging.catchup.gap = 1000 (default)
2019-09-26 15:38:59,231 [bcb704dc-2543-42a4-8762-cde039a55a99@group-C9AC4EC29E93:LeaderElection121] INFO  server.RaftServerConfigKeys (ConfUtils.java:logGet(43)) - raft.server.rpc.sleep.time = 25ms (default)
2019-09-26 15:38:59,231 [bcb704dc-2543-42a4-8762-cde039a55a99@group-B6A67FD47F95:LeaderElection122] INFO  server.RaftServerConfigKeys (ConfUtils.java:logGet(43)) - raft.server.rpc.sleep.time = 25ms (default)
2019-09-26 15:38:59,231 [bcb704dc-2543-42a4-8762-cde039a55a99@group-C9AC4EC29E93:LeaderElection121] INFO  server.RaftServerConfigKeys (ConfUtils.java:logGet(43)) - raft.server.write.element-limit = 4096 (default)
2019-09-26 15:38:59,231 [bcb704dc-2543-42a4-8762-cde039a55a99@group-B6A67FD47F95:LeaderElection122] INFO  server.RaftServerConfigKeys (ConfUtils.java:logGet(43)) - raft.server.write.element-limit = 4096 (default)
2019-09-26 15:38:59,231 [bcb704dc-2543-42a4-8762-cde039a55a99@group-C9AC4EC29E93:LeaderElection121] INFO  server.RaftServerConfigKeys (ConfUtils.java:logGet(43)) - raft.server.watch.timeout = 10s (default)
2019-09-26 15:38:59,232 [bcb704dc-2543-42a4-8762-cde039a55a99@group-B6A67FD47F95:LeaderElection122] INFO  server.RaftServerConfigKeys (ConfUtils.java:logGet(43)) - raft.server.watch.timeout = 10s (default)
2019-09-26 15:38:59,232 [bcb704dc-2543-42a4-8762-cde039a55a99@group-C9AC4EC29E93:LeaderElection121] INFO  server.RaftServerConfigKeys (ConfUtils.java:logGet(43)) - raft.server.watch.timeout.denomination = 1s (default)
2019-09-26 15:38:59,232 [bcb704dc-2543-42a4-8762-cde039a55a99@group-B6A67FD47F95:LeaderElection122] INFO  server.RaftServerConfigKeys (ConfUtils.java:logGet(43)) - raft.server.watch.timeout.denomination = 1s (default)
2019-09-26 15:38:59,232 [bcb704dc-2543-42a4-8762-cde039a55a99@group-C9AC4EC29E93:LeaderElection121] INFO  server.RaftServerConfigKeys (ConfUtils.java:logGet(43)) - raft.server.watch.element-limit = 65536 (default)
2019-09-26 15:38:59,232 [bcb704dc-2543-42a4-8762-cde039a55a99@group-B6A67FD47F95:LeaderElection122] INFO  server.RaftServerConfigKeys (ConfUtils.java:logGet(43)) - raft.server.watch.element-limit = 65536 (default)
2019-09-26 15:38:59,234 [bcb704dc-2543-42a4-8762-cde039a55a99@group-C9AC4EC29E93:LeaderElection121] INFO  impl.RoleInfo (RoleInfo.java:updateAndGet(143)) - bcb704dc-2543-42a4-8762-cde039a55a99: start LeaderState
2019-09-26 15:38:59,234 [bcb704dc-2543-42a4-8762-cde039a55a99@group-C9AC4EC29E93:LeaderElection121] INFO  segmented.SegmentedRaftLogWorker (SegmentedRaftLogWorker.java:startLogSegment(380)) - bcb704dc-2543-42a4-8762-cde039a55a99@group-C9AC4EC29E93-SegmentedRaftLogWorker: Starting segment from index:0
2019-09-26 15:38:59,234 [bcb704dc-2543-42a4-8762-cde039a55a99@group-B6A67FD47F95:LeaderElection122] INFO  impl.RoleInfo (RoleInfo.java:updateAndGet(143)) - bcb704dc-2543-42a4-8762-cde039a55a99: start LeaderState
2019-09-26 15:38:59,235 [bcb704dc-2543-42a4-8762-cde039a55a99@group-B6A67FD47F95:LeaderElection122] INFO  segmented.SegmentedRaftLogWorker (SegmentedRaftLogWorker.java:startLogSegment(380)) - bcb704dc-2543-42a4-8762-cde039a55a99@group-B6A67FD47F95-SegmentedRaftLogWorker: Starting segment from index:0
2019-09-26 15:38:59,235 [bcb704dc-2543-42a4-8762-cde039a55a99@group-C9AC4EC29E93:LeaderElection121] INFO  impl.RaftServerImpl (ServerState.java:setRaftConf(354)) - bcb704dc-2543-42a4-8762-cde039a55a99@group-C9AC4EC29E93: set configuration 0: [bcb704dc-2543-42a4-8762-cde039a55a99:192.168.151.99:43663], old=null at 0
2019-09-26 15:38:59,235 [bcb704dc-2543-42a4-8762-cde039a55a99@group-B6A67FD47F95:LeaderElection122] INFO  impl.RaftServerImpl (ServerState.java:setRaftConf(354)) - bcb704dc-2543-42a4-8762-cde039a55a99@group-B6A67FD47F95: set configuration 0: [bcb704dc-2543-42a4-8762-cde039a55a99:192.168.151.99:43663], old=null at 0
2019-09-26 15:38:59,244 [bcb704dc-2543-42a4-8762-cde039a55a99@group-F1C928F7CD51-SegmentedRaftLogWorker] INFO  segmented.SegmentedRaftLogWorker (SegmentedRaftLogWorker.java:execute(569)) - bcb704dc-2543-42a4-8762-cde039a55a99@group-F1C928F7CD51-SegmentedRaftLogWorker: created new log segment /workdir/hadoop-ozone/integration-test/target/test-dir/MiniOzoneClusterImpl-87962e32-e39f-4c57-b747-30c883c1cc54/datanode-0/data/ratis/a3db334d-b602-4fbd-b46b-f1c928f7cd51/current/log_inprogress_0
2019-09-26 15:38:59,244 [bcb704dc-2543-42a4-8762-cde039a55a99@group-191CB329DE44-SegmentedRaftLogWorker] INFO  segmented.SegmentedRaftLogWorker (SegmentedRaftLogWorker.java:execute(569)) - bcb704dc-2543-42a4-8762-cde039a55a99@group-191CB329DE44-SegmentedRaftLogWorker: created new log segment /workdir/hadoop-ozone/integration-test/target/test-dir/MiniOzoneClusterImpl-87962e32-e39f-4c57-b747-30c883c1cc54/datanode-0/data/ratis/b7827abe-8ec0-452a-a4d2-191cb329de44/current/log_inprogress_0
2019-09-26 15:38:59,244 [pool-123-thread-1] INFO  storage.RaftStorage (RaftStorage.java:format(72)) - Storage directory /workdir/hadoop-ozone/integration-test/target/test-dir/MiniOzoneClusterImpl-87962e32-e39f-4c57-b747-30c883c1cc54/datanode-0/data/ratis/5144b210-c11d-4bc0-a6a4-bbf433c8f92d has been successfully formatted.
2019-09-26 15:38:59,245 [pool-123-thread-1] INFO  ratis.ContainerStateMachine (ContainerStateMachine.java:loadSnapshot(230)) - group-BBF433C8F92D: The snapshot info is null. Setting the last applied indexto:(t:0, i:~)
2019-09-26 15:38:59,245 [pool-123-thread-1] INFO  server.RaftServerConfigKeys (ConfUtils.java:logGet(43)) - raft.server.notification.no-leader.timeout = 120s (custom)
2019-09-26 15:38:59,245 [pool-123-thread-1] INFO  server.RaftServerConfigKeys (ConfUtils.java:logGet(43)) - raft.server.log.use.memory = false (default)
2019-09-26 15:38:59,245 [pool-123-thread-1] INFO  server.RaftServerConfigKeys (ConfUtils.java:logGet(43)) - raft.server.log.purge.gap = 1000000 (custom)
2019-09-26 15:38:59,245 [pool-123-thread-1] INFO  server.RaftServerConfigKeys (ConfUtils.java:logGet(43)) - raft.server.log.appender.buffer.byte-limit = 33554432 (custom)
2019-09-26 15:38:59,245 [pool-123-thread-1] INFO  server.RaftServerConfigKeys (ConfUtils.java:logGet(43)) - raft.server.log.segment.size.max = 1048576 (custom)
2019-09-26 15:38:59,245 [pool-123-thread-1] INFO  server.RaftServerConfigKeys (ConfUtils.java:logGet(43)) - raft.server.log.segment.cache.num.max = 2 (custom)
2019-09-26 15:38:59,245 [pool-123-thread-1] INFO  segmented.SegmentedRaftLogWorker (SegmentedRaftLogWorker.java:<init>(172)) - new bcb704dc-2543-42a4-8762-cde039a55a99@group-BBF433C8F92D-SegmentedRaftLogWorker for RaftStorage:Storage Directory /workdir/hadoop-ozone/integration-test/target/test-dir/MiniOzoneClusterImpl-87962e32-e39f-4c57-b747-30c883c1cc54/datanode-0/data/ratis/5144b210-c11d-4bc0-a6a4-bbf433c8f92d
2019-09-26 15:38:59,245 [pool-123-thread-1] INFO  server.RaftServerConfigKeys (ConfUtils.java:logGet(43)) - raft.server.log.queue.byte-limit = 2147483647 (custom)
2019-09-26 15:38:59,245 [pool-123-thread-1] INFO  server.RaftServerConfigKeys (ConfUtils.java:logGet(43)) - raft.server.log.queue.element-limit = 1024 (custom)
2019-09-26 15:38:59,245 [pool-123-thread-1] INFO  server.RaftServerConfigKeys (ConfUtils.java:logGet(43)) - raft.server.log.segment.size.max = 1048576 (custom)
2019-09-26 15:38:59,245 [pool-123-thread-1] INFO  server.RaftServerConfigKeys (ConfUtils.java:logGet(43)) - raft.server.log.preallocated.size = 16384 (custom)
2019-09-26 15:38:59,246 [pool-123-thread-1] INFO  server.RaftServerConfigKeys (ConfUtils.java:logGet(43)) - raft.server.log.write.buffer.size = 33554432 (custom)
2019-09-26 15:38:59,246 [pool-123-thread-1] INFO  server.RaftServerConfigKeys (ConfUtils.java:logGet(43)) - raft.server.log.force.sync.num = 128 (default)
2019-09-26 15:38:59,246 [pool-123-thread-1] INFO  server.RaftServerConfigKeys (ConfUtils.java:logGet(43)) - raft.server.log.statemachine.data.sync = true (default)
2019-09-26 15:38:59,246 [pool-123-thread-1] INFO  server.RaftServerConfigKeys (ConfUtils.java:logGet(43)) - raft.server.log.statemachine.data.sync.timeout = 10s (default)
2019-09-26 15:38:59,246 [pool-123-thread-1] INFO  server.RaftServerConfigKeys (ConfUtils.java:logGet(43)) - raft.server.log.statemachine.data.sync.timeout.retry = -1 (default)
2019-09-26 15:38:59,246 [pool-123-thread-1] INFO  server.RaftServerConfigKeys (ConfUtils.java:logGet(43)) - raft.server.log.statemachine.data.caching.enabled = true (custom)
2019-09-26 15:38:59,246 [pool-123-thread-1] INFO  segmented.SegmentedRaftLogWorker (SegmentedRaftLogWorker.java:lambda$new$0(132)) - bcb704dc-2543-42a4-8762-cde039a55a99@group-BBF433C8F92D-SegmentedRaftLogWorker: flushIndex: setUnconditionally 0 -> -1
2019-09-26 15:38:59,246 [pool-123-thread-1] INFO  server.RaftServerConfigKeys (ConfUtils.java:logGet(43)) - raft.server.snapshot.auto.trigger.enabled = true (custom)
2019-09-26 15:38:59,246 [pool-123-thread-1] INFO  server.RaftServerConfigKeys (ConfUtils.java:logGet(43)) - raft.server.snapshot.auto.trigger.threshold = 10000 (custom)
2019-09-26 15:38:59,246 [pool-123-thread-1] INFO  server.RaftServerConfigKeys (ConfUtils.java:logGet(43)) - raft.server.snapshot.retention.num.files = 5 (custom)
2019-09-26 15:38:59,247 [pool-123-thread-1] INFO  server.RaftServerConfigKeys (ConfUtils.java:logGet(43)) - raft.server.retrycache.expirytime = 600000ms (custom)
2019-09-26 15:38:59,248 [pool-123-thread-1] INFO  impl.RaftServerImpl (RaftServerImpl.java:start(185)) - bcb704dc-2543-42a4-8762-cde039a55a99@group-BBF433C8F92D: start as a follower, conf=-1: [bcb704dc-2543-42a4-8762-cde039a55a99:192.168.151.99:43663], old=null
2019-09-26 15:38:59,248 [pool-123-thread-1] INFO  impl.RaftServerImpl (RaftServerImpl.java:setRole(174)) - bcb704dc-2543-42a4-8762-cde039a55a99@group-BBF433C8F92D: changes role from      null to FOLLOWER at term 0 for startAsFollower
2019-09-26 15:38:59,248 [pool-123-thread-1] INFO  impl.RoleInfo (RoleInfo.java:updateAndGet(143)) - bcb704dc-2543-42a4-8762-cde039a55a99: start FollowerState
2019-09-26 15:38:59,248 [pool-123-thread-1] INFO  util.JmxRegister (JmxRegister.java:tryRegister(44)) - Successfully registered JMX Bean with object name Ratis:service=RaftServer,group=group-BBF433C8F92D,id=bcb704dc-2543-42a4-8762-cde039a55a99
2019-09-26 15:38:59,250 [RatisPipelineUtilsThread] INFO  pipeline.PipelineStateManager (PipelineStateManager.java:addPipeline(56)) - Created pipeline Pipeline[ Id: 5144b210-c11d-4bc0-a6a4-bbf433c8f92d, Nodes: bcb704dc-2543-42a4-8762-cde039a55a99{ip: 192.168.151.99, host: pr-hdds-1569-g6sp5-2013761785, networkLocation: /default-rack, certSerialId: null}, Type:RATIS, Factor:ONE, State:OPEN]
2019-09-26 15:38:59,253 [grpc-default-executor-0] INFO  impl.RaftServerProxy (RaftServerProxy.java:addNew(89)) - bcb704dc-2543-42a4-8762-cde039a55a99: addNew group-ADDB6DC4F628:[bcb704dc-2543-42a4-8762-cde039a55a99:192.168.151.99:43663] returns group-ADDB6DC4F628:java.util.concurrent.CompletableFuture@1dd3181f[Not completed]
2019-09-26 15:38:59,254 [pool-123-thread-1] INFO  impl.RaftServerImpl (RaftServerImpl.java:<init>(95)) - bcb704dc-2543-42a4-8762-cde039a55a99: new RaftServerImpl for group-ADDB6DC4F628:[bcb704dc-2543-42a4-8762-cde039a55a99:192.168.151.99:43663] with ContainerStateMachine:uninitialized
2019-09-26 15:38:59,254 [pool-123-thread-1] INFO  server.RaftServerConfigKeys (ConfUtils.java:logGet(43)) - raft.server.rpc.timeout.min = 5s (custom)
2019-09-26 15:38:59,254 [pool-123-thread-1] INFO  server.RaftServerConfigKeys (ConfUtils.java:logGet(43)) - raft.server.rpc.timeout.max = 5200ms (custom)
2019-09-26 15:38:59,254 [pool-123-thread-1] INFO  server.RaftServerConfigKeys (ConfUtils.java:logGet(43)) - raft.server.rpcslowness.timeout = 120s (custom)
2019-09-26 15:38:59,254 [pool-123-thread-1] INFO  server.RaftServerConfigKeys (ConfUtils.java:logGet(43)) - raft.server.sleep.deviation.threshold = 300 (default)
2019-09-26 15:38:59,254 [pool-123-thread-1] INFO  server.RaftServerConfigKeys (ConfUtils.java:logGet(43)) - raft.server.log.appender.install.snapshot.enabled = false (custom)
2019-09-26 15:38:59,254 [pool-123-thread-1] INFO  impl.RaftServerImpl (ServerState.java:<init>(103)) - bcb704dc-2543-42a4-8762-cde039a55a99@group-ADDB6DC4F628: ConfigurationManager, init=-1: [bcb704dc-2543-42a4-8762-cde039a55a99:192.168.151.99:43663], old=null, confs=<EMPTY_MAP>
2019-09-26 15:38:59,254 [pool-123-thread-1] INFO  server.RaftServerConfigKeys (ConfUtils.java:logGet(43)) - raft.server.storage.dir = [/workdir/hadoop-ozone/integration-test/target/test-dir/MiniOzoneClusterImpl-87962e32-e39f-4c57-b747-30c883c1cc54/datanode-0/data/ratis] (custom)
2019-09-26 15:38:59,255 [pool-123-thread-1] INFO  storage.RaftStorageDirectory (RaftStorageDirectory.java:analyzeStorage(246)) - The storage directory /workdir/hadoop-ozone/integration-test/target/test-dir/MiniOzoneClusterImpl-87962e32-e39f-4c57-b747-30c883c1cc54/datanode-0/data/ratis/1112cbd9-0f18-470f-9739-addb6dc4f628 does not exist. Creating ...
2019-09-26 15:38:59,262 [pool-123-thread-1] INFO  storage.RaftStorageDirectory (RaftStorageDirectory.java:tryLock(328)) - Lock on /workdir/hadoop-ozone/integration-test/target/test-dir/MiniOzoneClusterImpl-87962e32-e39f-4c57-b747-30c883c1cc54/datanode-0/data/ratis/1112cbd9-0f18-470f-9739-addb6dc4f628/in_use.lock acquired by nodename 10626@pr-hdds-1569-g6sp5-2013761785
2019-09-26 15:38:59,275 [bcb704dc-2543-42a4-8762-cde039a55a99@group-B6A67FD47F95-SegmentedRaftLogWorker] INFO  segmented.SegmentedRaftLogWorker (SegmentedRaftLogWorker.java:execute(569)) - bcb704dc-2543-42a4-8762-cde039a55a99@group-B6A67FD47F95-SegmentedRaftLogWorker: created new log segment /workdir/hadoop-ozone/integration-test/target/test-dir/MiniOzoneClusterImpl-87962e32-e39f-4c57-b747-30c883c1cc54/datanode-0/data/ratis/4696f67b-3559-43c8-be1f-b6a67fd47f95/current/log_inprogress_0
2019-09-26 15:38:59,275 [bcb704dc-2543-42a4-8762-cde039a55a99@group-C9AC4EC29E93-SegmentedRaftLogWorker] INFO  segmented.SegmentedRaftLogWorker (SegmentedRaftLogWorker.java:execute(569)) - bcb704dc-2543-42a4-8762-cde039a55a99@group-C9AC4EC29E93-SegmentedRaftLogWorker: created new log segment /workdir/hadoop-ozone/integration-test/target/test-dir/MiniOzoneClusterImpl-87962e32-e39f-4c57-b747-30c883c1cc54/datanode-0/data/ratis/5bf14d1a-df8b-4614-8275-c9ac4ec29e93/current/log_inprogress_0
2019-09-26 15:38:59,275 [pool-123-thread-1] INFO  storage.RaftStorage (RaftStorage.java:format(72)) - Storage directory /workdir/hadoop-ozone/integration-test/target/test-dir/MiniOzoneClusterImpl-87962e32-e39f-4c57-b747-30c883c1cc54/datanode-0/data/ratis/1112cbd9-0f18-470f-9739-addb6dc4f628 has been successfully formatted.
2019-09-26 15:38:59,276 [pool-123-thread-1] INFO  ratis.ContainerStateMachine (ContainerStateMachine.java:loadSnapshot(230)) - group-ADDB6DC4F628: The snapshot info is null. Setting the last applied indexto:(t:0, i:~)
2019-09-26 15:38:59,276 [pool-123-thread-1] INFO  server.RaftServerConfigKeys (ConfUtils.java:logGet(43)) - raft.server.notification.no-leader.timeout = 120s (custom)
2019-09-26 15:38:59,276 [pool-123-thread-1] INFO  server.RaftServerConfigKeys (ConfUtils.java:logGet(43)) - raft.server.log.use.memory = false (default)
2019-09-26 15:38:59,276 [pool-123-thread-1] INFO  server.RaftServerConfigKeys (ConfUtils.java:logGet(43)) - raft.server.log.purge.gap = 1000000 (custom)
2019-09-26 15:38:59,276 [pool-123-thread-1] INFO  server.RaftServerConfigKeys (ConfUtils.java:logGet(43)) - raft.server.log.appender.buffer.byte-limit = 33554432 (custom)
2019-09-26 15:38:59,276 [pool-123-thread-1] INFO  server.RaftServerConfigKeys (ConfUtils.java:logGet(43)) - raft.server.log.segment.size.max = 1048576 (custom)
2019-09-26 15:38:59,276 [pool-123-thread-1] INFO  server.RaftServerConfigKeys (ConfUtils.java:logGet(43)) - raft.server.log.segment.cache.num.max = 2 (custom)
2019-09-26 15:38:59,277 [pool-123-thread-1] INFO  segmented.SegmentedRaftLogWorker (SegmentedRaftLogWorker.java:<init>(172)) - new bcb704dc-2543-42a4-8762-cde039a55a99@group-ADDB6DC4F628-SegmentedRaftLogWorker for RaftStorage:Storage Directory /workdir/hadoop-ozone/integration-test/target/test-dir/MiniOzoneClusterImpl-87962e32-e39f-4c57-b747-30c883c1cc54/datanode-0/data/ratis/1112cbd9-0f18-470f-9739-addb6dc4f628
2019-09-26 15:38:59,277 [pool-123-thread-1] INFO  server.RaftServerConfigKeys (ConfUtils.java:logGet(43)) - raft.server.log.queue.byte-limit = 2147483647 (custom)
2019-09-26 15:38:59,277 [pool-123-thread-1] INFO  server.RaftServerConfigKeys (ConfUtils.java:logGet(43)) - raft.server.log.queue.element-limit = 1024 (custom)
2019-09-26 15:38:59,277 [pool-123-thread-1] INFO  server.RaftServerConfigKeys (ConfUtils.java:logGet(43)) - raft.server.log.segment.size.max = 1048576 (custom)
2019-09-26 15:38:59,277 [pool-123-thread-1] INFO  server.RaftServerConfigKeys (ConfUtils.java:logGet(43)) - raft.server.log.preallocated.size = 16384 (custom)
2019-09-26 15:38:59,277 [pool-123-thread-1] INFO  server.RaftServerConfigKeys (ConfUtils.java:logGet(43)) - raft.server.log.write.buffer.size = 33554432 (custom)
2019-09-26 15:38:59,277 [pool-123-thread-1] INFO  server.RaftServerConfigKeys (ConfUtils.java:logGet(43)) - raft.server.log.force.sync.num = 128 (default)
2019-09-26 15:38:59,277 [pool-123-thread-1] INFO  server.RaftServerConfigKeys (ConfUtils.java:logGet(43)) - raft.server.log.statemachine.data.sync = true (default)
2019-09-26 15:38:59,277 [pool-123-thread-1] INFO  server.RaftServerConfigKeys (ConfUtils.java:logGet(43)) - raft.server.log.statemachine.data.sync.timeout = 10s (default)
2019-09-26 15:38:59,277 [pool-123-thread-1] INFO  server.RaftServerConfigKeys (ConfUtils.java:logGet(43)) - raft.server.log.statemachine.data.sync.timeout.retry = -1 (default)
2019-09-26 15:38:59,277 [pool-123-thread-1] INFO  server.RaftServerConfigKeys (ConfUtils.java:logGet(43)) - raft.server.log.statemachine.data.caching.enabled = true (custom)
2019-09-26 15:38:59,278 [pool-123-thread-1] INFO  segmented.SegmentedRaftLogWorker (SegmentedRaftLogWorker.java:lambda$new$0(132)) - bcb704dc-2543-42a4-8762-cde039a55a99@group-ADDB6DC4F628-SegmentedRaftLogWorker: flushIndex: setUnconditionally 0 -> -1
2019-09-26 15:38:59,278 [pool-123-thread-1] INFO  server.RaftServerConfigKeys (ConfUtils.java:logGet(43)) - raft.server.snapshot.auto.trigger.enabled = true (custom)
2019-09-26 15:38:59,278 [pool-123-thread-1] INFO  server.RaftServerConfigKeys (ConfUtils.java:logGet(43)) - raft.server.snapshot.auto.trigger.threshold = 10000 (custom)
2019-09-26 15:38:59,278 [pool-123-thread-1] INFO  server.RaftServerConfigKeys (ConfUtils.java:logGet(43)) - raft.server.snapshot.retention.num.files = 5 (custom)
2019-09-26 15:38:59,278 [pool-123-thread-1] INFO  server.RaftServerConfigKeys (ConfUtils.java:logGet(43)) - raft.server.retrycache.expirytime = 600000ms (custom)
2019-09-26 15:38:59,279 [pool-123-thread-1] INFO  impl.RaftServerImpl (RaftServerImpl.java:start(185)) - bcb704dc-2543-42a4-8762-cde039a55a99@group-ADDB6DC4F628: start as a follower, conf=-1: [bcb704dc-2543-42a4-8762-cde039a55a99:192.168.151.99:43663], old=null
2019-09-26 15:38:59,279 [pool-123-thread-1] INFO  impl.RaftServerImpl (RaftServerImpl.java:setRole(174)) - bcb704dc-2543-42a4-8762-cde039a55a99@group-ADDB6DC4F628: changes role from      null to FOLLOWER at term 0 for startAsFollower
2019-09-26 15:38:59,279 [pool-123-thread-1] INFO  impl.RoleInfo (RoleInfo.java:updateAndGet(143)) - bcb704dc-2543-42a4-8762-cde039a55a99: start FollowerState
2019-09-26 15:38:59,280 [pool-123-thread-1] INFO  util.JmxRegister (JmxRegister.java:tryRegister(44)) - Successfully registered JMX Bean with object name Ratis:service=RaftServer,group=group-ADDB6DC4F628,id=bcb704dc-2543-42a4-8762-cde039a55a99
2019-09-26 15:38:59,281 [RatisPipelineUtilsThread] INFO  pipeline.PipelineStateManager (PipelineStateManager.java:addPipeline(56)) - Created pipeline Pipeline[ Id: 1112cbd9-0f18-470f-9739-addb6dc4f628, Nodes: bcb704dc-2543-42a4-8762-cde039a55a99{ip: 192.168.151.99, host: pr-hdds-1569-g6sp5-2013761785, networkLocation: /default-rack, certSerialId: null}, Type:RATIS, Factor:ONE, State:OPEN]
2019-09-26 15:38:59,284 [grpc-default-executor-0] INFO  impl.RaftServerProxy (RaftServerProxy.java:addNew(89)) - bcb704dc-2543-42a4-8762-cde039a55a99: addNew group-884AB6599596:[bcb704dc-2543-42a4-8762-cde039a55a99:192.168.151.99:43663] returns group-884AB6599596:java.util.concurrent.CompletableFuture@16d6a853[Not completed]
2019-09-26 15:38:59,284 [pool-123-thread-1] INFO  impl.RaftServerImpl (RaftServerImpl.java:<init>(95)) - bcb704dc-2543-42a4-8762-cde039a55a99: new RaftServerImpl for group-884AB6599596:[bcb704dc-2543-42a4-8762-cde039a55a99:192.168.151.99:43663] with ContainerStateMachine:uninitialized
2019-09-26 15:38:59,285 [pool-123-thread-1] INFO  server.RaftServerConfigKeys (ConfUtils.java:logGet(43)) - raft.server.rpc.timeout.min = 5s (custom)
2019-09-26 15:38:59,285 [pool-123-thread-1] INFO  server.RaftServerConfigKeys (ConfUtils.java:logGet(43)) - raft.server.rpc.timeout.max = 5200ms (custom)
2019-09-26 15:38:59,285 [pool-123-thread-1] INFO  server.RaftServerConfigKeys (ConfUtils.java:logGet(43)) - raft.server.rpcslowness.timeout = 120s (custom)
2019-09-26 15:38:59,285 [pool-123-thread-1] INFO  server.RaftServerConfigKeys (ConfUtils.java:logGet(43)) - raft.server.sleep.deviation.threshold = 300 (default)
2019-09-26 15:38:59,285 [pool-123-thread-1] INFO  server.RaftServerConfigKeys (ConfUtils.java:logGet(43)) - raft.server.log.appender.install.snapshot.enabled = false (custom)
2019-09-26 15:38:59,285 [pool-123-thread-1] INFO  impl.RaftServerImpl (ServerState.java:<init>(103)) - bcb704dc-2543-42a4-8762-cde039a55a99@group-884AB6599596: ConfigurationManager, init=-1: [bcb704dc-2543-42a4-8762-cde039a55a99:192.168.151.99:43663], old=null, confs=<EMPTY_MAP>
2019-09-26 15:38:59,285 [pool-123-thread-1] INFO  server.RaftServerConfigKeys (ConfUtils.java:logGet(43)) - raft.server.storage.dir = [/workdir/hadoop-ozone/integration-test/target/test-dir/MiniOzoneClusterImpl-87962e32-e39f-4c57-b747-30c883c1cc54/datanode-0/data/ratis] (custom)
2019-09-26 15:38:59,286 [pool-123-thread-1] INFO  storage.RaftStorageDirectory (RaftStorageDirectory.java:analyzeStorage(246)) - The storage directory /workdir/hadoop-ozone/integration-test/target/test-dir/MiniOzoneClusterImpl-87962e32-e39f-4c57-b747-30c883c1cc54/datanode-0/data/ratis/7c23bf1a-ece1-4b75-838b-884ab6599596 does not exist. Creating ...
2019-09-26 15:38:59,286 [Thread-1862] INFO  impl.FollowerState (FollowerState.java:run(106)) - bcb704dc-2543-42a4-8762-cde039a55a99:group-377B0BE40053 changes to CANDIDATE, lastRpcTime:5168, electionTimeout:5168ms
2019-09-26 15:38:59,286 [Thread-1862] INFO  impl.RoleInfo (RoleInfo.java:shutdownFollowerState(121)) - bcb704dc-2543-42a4-8762-cde039a55a99: shutdown FollowerState
2019-09-26 15:38:59,286 [Thread-1862] INFO  impl.RaftServerImpl (RaftServerImpl.java:setRole(174)) - bcb704dc-2543-42a4-8762-cde039a55a99@group-377B0BE40053: changes role from  FOLLOWER to CANDIDATE at term 0 for changeToCandidate
2019-09-26 15:38:59,286 [Thread-1862] INFO  impl.RoleInfo (RoleInfo.java:updateAndGet(143)) - bcb704dc-2543-42a4-8762-cde039a55a99: start LeaderElection
2019-09-26 15:38:59,295 [pool-123-thread-1] INFO  storage.RaftStorageDirectory (RaftStorageDirectory.java:tryLock(328)) - Lock on /workdir/hadoop-ozone/integration-test/target/test-dir/MiniOzoneClusterImpl-87962e32-e39f-4c57-b747-30c883c1cc54/datanode-0/data/ratis/7c23bf1a-ece1-4b75-838b-884ab6599596/in_use.lock acquired by nodename 10626@pr-hdds-1569-g6sp5-2013761785
2019-09-26 15:38:59,295 [bcb704dc-2543-42a4-8762-cde039a55a99@group-377B0BE40053:LeaderElection123] INFO  impl.LeaderElection (LeaderElection.java:askForVotes(182)) - bcb704dc-2543-42a4-8762-cde039a55a99@group-377B0BE40053:LeaderElection123: begin an election at term 1 for -1: [bcb704dc-2543-42a4-8762-cde039a55a99:192.168.151.99:43663], old=null
2019-09-26 15:38:59,295 [bcb704dc-2543-42a4-8762-cde039a55a99@group-377B0BE40053:LeaderElection123] INFO  impl.RoleInfo (RoleInfo.java:shutdownLeaderElection(134)) - bcb704dc-2543-42a4-8762-cde039a55a99: shutdown LeaderElection
2019-09-26 15:38:59,295 [bcb704dc-2543-42a4-8762-cde039a55a99@group-377B0BE40053:LeaderElection123] INFO  impl.RaftServerImpl (RaftServerImpl.java:setRole(174)) - bcb704dc-2543-42a4-8762-cde039a55a99@group-377B0BE40053: changes role from CANDIDATE to LEADER at term 1 for changeToLeader
2019-09-26 15:38:59,295 [bcb704dc-2543-42a4-8762-cde039a55a99@group-377B0BE40053:LeaderElection123] INFO  impl.RaftServerImpl (ServerState.java:setLeader(253)) - bcb704dc-2543-42a4-8762-cde039a55a99@group-377B0BE40053: change Leader from null to bcb704dc-2543-42a4-8762-cde039a55a99 at term 1 for becomeLeader, leader elected after 5181ms
2019-09-26 15:38:59,295 [bcb704dc-2543-42a4-8762-cde039a55a99@group-377B0BE40053:LeaderElection123] INFO  server.RaftServerConfigKeys (ConfUtils.java:logGet(43)) - raft.server.staging.catchup.gap = 1000 (default)
2019-09-26 15:38:59,295 [bcb704dc-2543-42a4-8762-cde039a55a99@group-377B0BE40053:LeaderElection123] INFO  server.RaftServerConfigKeys (ConfUtils.java:logGet(43)) - raft.server.rpc.sleep.time = 25ms (default)
2019-09-26 15:38:59,295 [bcb704dc-2543-42a4-8762-cde039a55a99@group-377B0BE40053:LeaderElection123] INFO  server.RaftServerConfigKeys (ConfUtils.java:logGet(43)) - raft.server.write.element-limit = 4096 (default)
2019-09-26 15:38:59,296 [bcb704dc-2543-42a4-8762-cde039a55a99@group-377B0BE40053:LeaderElection123] INFO  server.RaftServerConfigKeys (ConfUtils.java:logGet(43)) - raft.server.watch.timeout = 10s (default)
2019-09-26 15:38:59,296 [bcb704dc-2543-42a4-8762-cde039a55a99@group-377B0BE40053:LeaderElection123] INFO  server.RaftServerConfigKeys (ConfUtils.java:logGet(43)) - raft.server.watch.timeout.denomination = 1s (default)
2019-09-26 15:38:59,296 [bcb704dc-2543-42a4-8762-cde039a55a99@group-377B0BE40053:LeaderElection123] INFO  server.RaftServerConfigKeys (ConfUtils.java:logGet(43)) - raft.server.watch.element-limit = 65536 (default)
2019-09-26 15:38:59,297 [bcb704dc-2543-42a4-8762-cde039a55a99@group-377B0BE40053:LeaderElection123] INFO  impl.RoleInfo (RoleInfo.java:updateAndGet(143)) - bcb704dc-2543-42a4-8762-cde039a55a99: start LeaderState
2019-09-26 15:38:59,297 [bcb704dc-2543-42a4-8762-cde039a55a99@group-377B0BE40053:LeaderElection123] INFO  segmented.SegmentedRaftLogWorker (SegmentedRaftLogWorker.java:startLogSegment(380)) - bcb704dc-2543-42a4-8762-cde039a55a99@group-377B0BE40053-SegmentedRaftLogWorker: Starting segment from index:0
2019-09-26 15:38:59,297 [bcb704dc-2543-42a4-8762-cde039a55a99@group-377B0BE40053:LeaderElection123] INFO  impl.RaftServerImpl (ServerState.java:setRaftConf(354)) - bcb704dc-2543-42a4-8762-cde039a55a99@group-377B0BE40053: set configuration 0: [bcb704dc-2543-42a4-8762-cde039a55a99:192.168.151.99:43663], old=null at 0
2019-09-26 15:38:59,308 [pool-123-thread-1] INFO  storage.RaftStorage (RaftStorage.java:format(72)) - Storage directory /workdir/hadoop-ozone/integration-test/target/test-dir/MiniOzoneClusterImpl-87962e32-e39f-4c57-b747-30c883c1cc54/datanode-0/data/ratis/7c23bf1a-ece1-4b75-838b-884ab6599596 has been successfully formatted.
2019-09-26 15:38:59,308 [pool-123-thread-1] INFO  ratis.ContainerStateMachine (ContainerStateMachine.java:loadSnapshot(230)) - group-884AB6599596: The snapshot info is null. Setting the last applied indexto:(t:0, i:~)
2019-09-26 15:38:59,308 [pool-123-thread-1] INFO  server.RaftServerConfigKeys (ConfUtils.java:logGet(43)) - raft.server.notification.no-leader.timeout = 120s (custom)
2019-09-26 15:38:59,308 [pool-123-thread-1] INFO  server.RaftServerConfigKeys (ConfUtils.java:logGet(43)) - raft.server.log.use.memory = false (default)
2019-09-26 15:38:59,308 [pool-123-thread-1] INFO  server.RaftServerConfigKeys (ConfUtils.java:logGet(43)) - raft.server.log.purge.gap = 1000000 (custom)
2019-09-26 15:38:59,309 [pool-123-thread-1] INFO  server.RaftServerConfigKeys (ConfUtils.java:logGet(43)) - raft.server.log.appender.buffer.byte-limit = 33554432 (custom)
2019-09-26 15:38:59,309 [pool-123-thread-1] INFO  server.RaftServerConfigKeys (ConfUtils.java:logGet(43)) - raft.server.log.segment.size.max = 1048576 (custom)
2019-09-26 15:38:59,309 [pool-123-thread-1] INFO  server.RaftServerConfigKeys (ConfUtils.java:logGet(43)) - raft.server.log.segment.cache.num.max = 2 (custom)
2019-09-26 15:38:59,309 [pool-123-thread-1] INFO  segmented.SegmentedRaftLogWorker (SegmentedRaftLogWorker.java:<init>(172)) - new bcb704dc-2543-42a4-8762-cde039a55a99@group-884AB6599596-SegmentedRaftLogWorker for RaftStorage:Storage Directory /workdir/hadoop-ozone/integration-test/target/test-dir/MiniOzoneClusterImpl-87962e32-e39f-4c57-b747-30c883c1cc54/datanode-0/data/ratis/7c23bf1a-ece1-4b75-838b-884ab6599596
2019-09-26 15:38:59,309 [pool-123-thread-1] INFO  server.RaftServerConfigKeys (ConfUtils.java:logGet(43)) - raft.server.log.queue.byte-limit = 2147483647 (custom)
2019-09-26 15:38:59,309 [pool-123-thread-1] INFO  server.RaftServerConfigKeys (ConfUtils.java:logGet(43)) - raft.server.log.queue.element-limit = 1024 (custom)
2019-09-26 15:38:59,309 [pool-123-thread-1] INFO  server.RaftServerConfigKeys (ConfUtils.java:logGet(43)) - raft.server.log.segment.size.max = 1048576 (custom)
2019-09-26 15:38:59,309 [pool-123-thread-1] INFO  server.RaftServerConfigKeys (ConfUtils.java:logGet(43)) - raft.server.log.preallocated.size = 16384 (custom)
2019-09-26 15:38:59,309 [pool-123-thread-1] INFO  server.RaftServerConfigKeys (ConfUtils.java:logGet(43)) - raft.server.log.write.buffer.size = 33554432 (custom)
2019-09-26 15:38:59,309 [pool-123-thread-1] INFO  server.RaftServerConfigKeys (ConfUtils.java:logGet(43)) - raft.server.log.force.sync.num = 128 (default)
2019-09-26 15:38:59,309 [pool-123-thread-1] INFO  server.RaftServerConfigKeys (ConfUtils.java:logGet(43)) - raft.server.log.statemachine.data.sync = true (default)
2019-09-26 15:38:59,309 [pool-123-thread-1] INFO  server.RaftServerConfigKeys (ConfUtils.java:logGet(43)) - raft.server.log.statemachine.data.sync.timeout = 10s (default)
2019-09-26 15:38:59,310 [pool-123-thread-1] INFO  server.RaftServerConfigKeys (ConfUtils.java:logGet(43)) - raft.server.log.statemachine.data.sync.timeout.retry = -1 (default)
2019-09-26 15:38:59,310 [pool-123-thread-1] INFO  server.RaftServerConfigKeys (ConfUtils.java:logGet(43)) - raft.server.log.statemachine.data.caching.enabled = true (custom)
2019-09-26 15:38:59,310 [pool-123-thread-1] INFO  segmented.SegmentedRaftLogWorker (SegmentedRaftLogWorker.java:lambda$new$0(132)) - bcb704dc-2543-42a4-8762-cde039a55a99@group-884AB6599596-SegmentedRaftLogWorker: flushIndex: setUnconditionally 0 -> -1
2019-09-26 15:38:59,310 [pool-123-thread-1] INFO  server.RaftServerConfigKeys (ConfUtils.java:logGet(43)) - raft.server.snapshot.auto.trigger.enabled = true (custom)
2019-09-26 15:38:59,310 [pool-123-thread-1] INFO  server.RaftServerConfigKeys (ConfUtils.java:logGet(43)) - raft.server.snapshot.auto.trigger.threshold = 10000 (custom)
2019-09-26 15:38:59,310 [pool-123-thread-1] INFO  server.RaftServerConfigKeys (ConfUtils.java:logGet(43)) - raft.server.snapshot.retention.num.files = 5 (custom)
2019-09-26 15:38:59,310 [pool-123-thread-1] INFO  server.RaftServerConfigKeys (ConfUtils.java:logGet(43)) - raft.server.retrycache.expirytime = 600000ms (custom)
2019-09-26 15:38:59,311 [pool-123-thread-1] INFO  impl.RaftServerImpl (RaftServerImpl.java:start(185)) - bcb704dc-2543-42a4-8762-cde039a55a99@group-884AB6599596: start as a follower, conf=-1: [bcb704dc-2543-42a4-8762-cde039a55a99:192.168.151.99:43663], old=null
2019-09-26 15:38:59,311 [pool-123-thread-1] INFO  impl.RaftServerImpl (RaftServerImpl.java:setRole(174)) - bcb704dc-2543-42a4-8762-cde039a55a99@group-884AB6599596: changes role from      null to FOLLOWER at term 0 for startAsFollower
2019-09-26 15:38:59,311 [pool-123-thread-1] INFO  impl.RoleInfo (RoleInfo.java:updateAndGet(143)) - bcb704dc-2543-42a4-8762-cde039a55a99: start FollowerState
2019-09-26 15:38:59,312 [pool-123-thread-1] INFO  util.JmxRegister (JmxRegister.java:tryRegister(44)) - Successfully registered JMX Bean with object name Ratis:service=RaftServer,group=group-884AB6599596,id=bcb704dc-2543-42a4-8762-cde039a55a99
2019-09-26 15:38:59,313 [RatisPipelineUtilsThread] INFO  pipeline.PipelineStateManager (PipelineStateManager.java:addPipeline(56)) - Created pipeline Pipeline[ Id: 7c23bf1a-ece1-4b75-838b-884ab6599596, Nodes: bcb704dc-2543-42a4-8762-cde039a55a99{ip: 192.168.151.99, host: pr-hdds-1569-g6sp5-2013761785, networkLocation: /default-rack, certSerialId: null}, Type:RATIS, Factor:ONE, State:OPEN]
2019-09-26 15:38:59,317 [grpc-default-executor-0] INFO  impl.RaftServerProxy (RaftServerProxy.java:addNew(89)) - bcb704dc-2543-42a4-8762-cde039a55a99: addNew group-0C31D75A80BF:[bcb704dc-2543-42a4-8762-cde039a55a99:192.168.151.99:43663] returns group-0C31D75A80BF:java.util.concurrent.CompletableFuture@25223397[Not completed]
2019-09-26 15:38:59,318 [pool-123-thread-1] INFO  impl.RaftServerImpl (RaftServerImpl.java:<init>(95)) - bcb704dc-2543-42a4-8762-cde039a55a99: new RaftServerImpl for group-0C31D75A80BF:[bcb704dc-2543-42a4-8762-cde039a55a99:192.168.151.99:43663] with ContainerStateMachine:uninitialized
2019-09-26 15:38:59,318 [pool-123-thread-1] INFO  server.RaftServerConfigKeys (ConfUtils.java:logGet(43)) - raft.server.rpc.timeout.min = 5s (custom)
2019-09-26 15:38:59,318 [pool-123-thread-1] INFO  server.RaftServerConfigKeys (ConfUtils.java:logGet(43)) - raft.server.rpc.timeout.max = 5200ms (custom)
2019-09-26 15:38:59,318 [pool-123-thread-1] INFO  server.RaftServerConfigKeys (ConfUtils.java:logGet(43)) - raft.server.rpcslowness.timeout = 120s (custom)
2019-09-26 15:38:59,318 [pool-123-thread-1] INFO  server.RaftServerConfigKeys (ConfUtils.java:logGet(43)) - raft.server.sleep.deviation.threshold = 300 (default)
2019-09-26 15:38:59,318 [pool-123-thread-1] INFO  server.RaftServerConfigKeys (ConfUtils.java:logGet(43)) - raft.server.log.appender.install.snapshot.enabled = false (custom)
2019-09-26 15:38:59,318 [pool-123-thread-1] INFO  impl.RaftServerImpl (ServerState.java:<init>(103)) - bcb704dc-2543-42a4-8762-cde039a55a99@group-0C31D75A80BF: ConfigurationManager, init=-1: [bcb704dc-2543-42a4-8762-cde039a55a99:192.168.151.99:43663], old=null, confs=<EMPTY_MAP>
2019-09-26 15:38:59,318 [pool-123-thread-1] INFO  server.RaftServerConfigKeys (ConfUtils.java:logGet(43)) - raft.server.storage.dir = [/workdir/hadoop-ozone/integration-test/target/test-dir/MiniOzoneClusterImpl-87962e32-e39f-4c57-b747-30c883c1cc54/datanode-0/data/ratis] (custom)
2019-09-26 15:38:59,319 [pool-123-thread-1] INFO  storage.RaftStorageDirectory (RaftStorageDirectory.java:analyzeStorage(246)) - The storage directory /workdir/hadoop-ozone/integration-test/target/test-dir/MiniOzoneClusterImpl-87962e32-e39f-4c57-b747-30c883c1cc54/datanode-0/data/ratis/99e0c65d-d62f-403c-8a1d-0c31d75a80bf does not exist. Creating ...
2019-09-26 15:38:59,322 [Thread-1868] INFO  impl.FollowerState (FollowerState.java:run(106)) - bcb704dc-2543-42a4-8762-cde039a55a99:group-4C9E626632D6 changes to CANDIDATE, lastRpcTime:5123, electionTimeout:5123ms
2019-09-26 15:38:59,322 [Thread-1868] INFO  impl.RoleInfo (RoleInfo.java:shutdownFollowerState(121)) - bcb704dc-2543-42a4-8762-cde039a55a99: shutdown FollowerState
2019-09-26 15:38:59,322 [Thread-1868] INFO  impl.RaftServerImpl (RaftServerImpl.java:setRole(174)) - bcb704dc-2543-42a4-8762-cde039a55a99@group-4C9E626632D6: changes role from  FOLLOWER to CANDIDATE at term 0 for changeToCandidate
2019-09-26 15:38:59,322 [Thread-1868] INFO  impl.RoleInfo (RoleInfo.java:updateAndGet(143)) - bcb704dc-2543-42a4-8762-cde039a55a99: start LeaderElection
2019-09-26 15:38:59,325 [pool-123-thread-1] INFO  storage.RaftStorageDirectory (RaftStorageDirectory.java:tryLock(328)) - Lock on /workdir/hadoop-ozone/integration-test/target/test-dir/MiniOzoneClusterImpl-87962e32-e39f-4c57-b747-30c883c1cc54/datanode-0/data/ratis/99e0c65d-d62f-403c-8a1d-0c31d75a80bf/in_use.lock acquired by nodename 10626@pr-hdds-1569-g6sp5-2013761785
2019-09-26 15:38:59,327 [bcb704dc-2543-42a4-8762-cde039a55a99@group-4C9E626632D6:LeaderElection124] INFO  impl.LeaderElection (LeaderElection.java:askForVotes(182)) - bcb704dc-2543-42a4-8762-cde039a55a99@group-4C9E626632D6:LeaderElection124: begin an election at term 1 for -1: [bcb704dc-2543-42a4-8762-cde039a55a99:192.168.151.99:43663], old=null
2019-09-26 15:38:59,327 [bcb704dc-2543-42a4-8762-cde039a55a99@group-4C9E626632D6:LeaderElection124] INFO  impl.RoleInfo (RoleInfo.java:shutdownLeaderElection(134)) - bcb704dc-2543-42a4-8762-cde039a55a99: shutdown LeaderElection
2019-09-26 15:38:59,327 [bcb704dc-2543-42a4-8762-cde039a55a99@group-4C9E626632D6:LeaderElection124] INFO  impl.RaftServerImpl (RaftServerImpl.java:setRole(174)) - bcb704dc-2543-42a4-8762-cde039a55a99@group-4C9E626632D6: changes role from CANDIDATE to LEADER at term 1 for changeToLeader
2019-09-26 15:38:59,327 [bcb704dc-2543-42a4-8762-cde039a55a99@group-4C9E626632D6:LeaderElection124] INFO  impl.RaftServerImpl (ServerState.java:setLeader(253)) - bcb704dc-2543-42a4-8762-cde039a55a99@group-4C9E626632D6: change Leader from null to bcb704dc-2543-42a4-8762-cde039a55a99 at term 1 for becomeLeader, leader elected after 5133ms
2019-09-26 15:38:59,327 [bcb704dc-2543-42a4-8762-cde039a55a99@group-4C9E626632D6:LeaderElection124] INFO  server.RaftServerConfigKeys (ConfUtils.java:logGet(43)) - raft.server.staging.catchup.gap = 1000 (default)
2019-09-26 15:38:59,327 [bcb704dc-2543-42a4-8762-cde039a55a99@group-4C9E626632D6:LeaderElection124] INFO  server.RaftServerConfigKeys (ConfUtils.java:logGet(43)) - raft.server.rpc.sleep.time = 25ms (default)
2019-09-26 15:38:59,327 [bcb704dc-2543-42a4-8762-cde039a55a99@group-4C9E626632D6:LeaderElection124] INFO  server.RaftServerConfigKeys (ConfUtils.java:logGet(43)) - raft.server.write.element-limit = 4096 (default)
2019-09-26 15:38:59,327 [bcb704dc-2543-42a4-8762-cde039a55a99@group-4C9E626632D6:LeaderElection124] INFO  server.RaftServerConfigKeys (ConfUtils.java:logGet(43)) - raft.server.watch.timeout = 10s (default)
2019-09-26 15:38:59,328 [bcb704dc-2543-42a4-8762-cde039a55a99@group-4C9E626632D6:LeaderElection124] INFO  server.RaftServerConfigKeys (ConfUtils.java:logGet(43)) - raft.server.watch.timeout.denomination = 1s (default)
2019-09-26 15:38:59,328 [bcb704dc-2543-42a4-8762-cde039a55a99@group-4C9E626632D6:LeaderElection124] INFO  server.RaftServerConfigKeys (ConfUtils.java:logGet(43)) - raft.server.watch.element-limit = 65536 (default)
2019-09-26 15:38:59,329 [bcb704dc-2543-42a4-8762-cde039a55a99@group-4C9E626632D6:LeaderElection124] INFO  impl.RoleInfo (RoleInfo.java:updateAndGet(143)) - bcb704dc-2543-42a4-8762-cde039a55a99: start LeaderState
2019-09-26 15:38:59,329 [bcb704dc-2543-42a4-8762-cde039a55a99@group-4C9E626632D6:LeaderElection124] INFO  segmented.SegmentedRaftLogWorker (SegmentedRaftLogWorker.java:startLogSegment(380)) - bcb704dc-2543-42a4-8762-cde039a55a99@group-4C9E626632D6-SegmentedRaftLogWorker: Starting segment from index:0
2019-09-26 15:38:59,329 [bcb704dc-2543-42a4-8762-cde039a55a99@group-4C9E626632D6:LeaderElection124] INFO  impl.RaftServerImpl (ServerState.java:setRaftConf(354)) - bcb704dc-2543-42a4-8762-cde039a55a99@group-4C9E626632D6: set configuration 0: [bcb704dc-2543-42a4-8762-cde039a55a99:192.168.151.99:43663], old=null at 0
2019-09-26 15:38:59,372 [Thread-1877] INFO  impl.FollowerState (FollowerState.java:run(106)) - bcb704dc-2543-42a4-8762-cde039a55a99:group-62C16C1E95CC changes to CANDIDATE, lastRpcTime:5075, electionTimeout:5075ms
2019-09-26 15:38:59,373 [Thread-1877] INFO  impl.RoleInfo (RoleInfo.java:shutdownFollowerState(121)) - bcb704dc-2543-42a4-8762-cde039a55a99: shutdown FollowerState
2019-09-26 15:38:59,373 [Thread-1877] INFO  impl.RaftServerImpl (RaftServerImpl.java:setRole(174)) - bcb704dc-2543-42a4-8762-cde039a55a99@group-62C16C1E95CC: changes role from  FOLLOWER to CANDIDATE at term 0 for changeToCandidate
2019-09-26 15:38:59,373 [Thread-1877] INFO  impl.RoleInfo (RoleInfo.java:updateAndGet(143)) - bcb704dc-2543-42a4-8762-cde039a55a99: start LeaderElection
2019-09-26 15:38:59,376 [pool-123-thread-1] INFO  storage.RaftStorage (RaftStorage.java:format(72)) - Storage directory /workdir/hadoop-ozone/integration-test/target/test-dir/MiniOzoneClusterImpl-87962e32-e39f-4c57-b747-30c883c1cc54/datanode-0/data/ratis/99e0c65d-d62f-403c-8a1d-0c31d75a80bf has been successfully formatted.
2019-09-26 15:38:59,376 [pool-123-thread-1] INFO  ratis.ContainerStateMachine (ContainerStateMachine.java:loadSnapshot(230)) - group-0C31D75A80BF: The snapshot info is null. Setting the last applied indexto:(t:0, i:~)
2019-09-26 15:38:59,376 [pool-123-thread-1] INFO  server.RaftServerConfigKeys (ConfUtils.java:logGet(43)) - raft.server.notification.no-leader.timeout = 120s (custom)
2019-09-26 15:38:59,376 [pool-123-thread-1] INFO  server.RaftServerConfigKeys (ConfUtils.java:logGet(43)) - raft.server.log.use.memory = false (default)
2019-09-26 15:38:59,376 [pool-123-thread-1] INFO  server.RaftServerConfigKeys (ConfUtils.java:logGet(43)) - raft.server.log.purge.gap = 1000000 (custom)
2019-09-26 15:38:59,376 [pool-123-thread-1] INFO  server.RaftServerConfigKeys (ConfUtils.java:logGet(43)) - raft.server.log.appender.buffer.byte-limit = 33554432 (custom)
2019-09-26 15:38:59,376 [pool-123-thread-1] INFO  server.RaftServerConfigKeys (ConfUtils.java:logGet(43)) - raft.server.log.segment.size.max = 1048576 (custom)
2019-09-26 15:38:59,376 [pool-123-thread-1] INFO  server.RaftServerConfigKeys (ConfUtils.java:logGet(43)) - raft.server.log.segment.cache.num.max = 2 (custom)
2019-09-26 15:38:59,376 [pool-123-thread-1] INFO  segmented.SegmentedRaftLogWorker (SegmentedRaftLogWorker.java:<init>(172)) - new bcb704dc-2543-42a4-8762-cde039a55a99@group-0C31D75A80BF-SegmentedRaftLogWorker for RaftStorage:Storage Directory /workdir/hadoop-ozone/integration-test/target/test-dir/MiniOzoneClusterImpl-87962e32-e39f-4c57-b747-30c883c1cc54/datanode-0/data/ratis/99e0c65d-d62f-403c-8a1d-0c31d75a80bf
2019-09-26 15:38:59,377 [pool-123-thread-1] INFO  server.RaftServerConfigKeys (ConfUtils.java:logGet(43)) - raft.server.log.queue.byte-limit = 2147483647 (custom)
2019-09-26 15:38:59,377 [pool-123-thread-1] INFO  server.RaftServerConfigKeys (ConfUtils.java:logGet(43)) - raft.server.log.queue.element-limit = 1024 (custom)
2019-09-26 15:38:59,377 [pool-123-thread-1] INFO  server.RaftServerConfigKeys (ConfUtils.java:logGet(43)) - raft.server.log.segment.size.max = 1048576 (custom)
2019-09-26 15:38:59,377 [pool-123-thread-1] INFO  server.RaftServerConfigKeys (ConfUtils.java:logGet(43)) - raft.server.log.preallocated.size = 16384 (custom)
2019-09-26 15:38:59,377 [pool-123-thread-1] INFO  server.RaftServerConfigKeys (ConfUtils.java:logGet(43)) - raft.server.log.write.buffer.size = 33554432 (custom)
2019-09-26 15:38:59,377 [pool-123-thread-1] INFO  server.RaftServerConfigKeys (ConfUtils.java:logGet(43)) - raft.server.log.force.sync.num = 128 (default)
2019-09-26 15:38:59,377 [pool-123-thread-1] INFO  server.RaftServerConfigKeys (ConfUtils.java:logGet(43)) - raft.server.log.statemachine.data.sync = true (default)
2019-09-26 15:38:59,377 [pool-123-thread-1] INFO  server.RaftServerConfigKeys (ConfUtils.java:logGet(43)) - raft.server.log.statemachine.data.sync.timeout = 10s (default)
2019-09-26 15:38:59,377 [pool-123-thread-1] INFO  server.RaftServerConfigKeys (ConfUtils.java:logGet(43)) - raft.server.log.statemachine.data.sync.timeout.retry = -1 (default)
2019-09-26 15:38:59,377 [pool-123-thread-1] INFO  server.RaftServerConfigKeys (ConfUtils.java:logGet(43)) - raft.server.log.statemachine.data.caching.enabled = true (custom)
2019-09-26 15:38:59,377 [pool-123-thread-1] INFO  segmented.SegmentedRaftLogWorker (SegmentedRaftLogWorker.java:lambda$new$0(132)) - bcb704dc-2543-42a4-8762-cde039a55a99@group-0C31D75A80BF-SegmentedRaftLogWorker: flushIndex: setUnconditionally 0 -> -1
2019-09-26 15:38:59,378 [pool-123-thread-1] INFO  server.RaftServerConfigKeys (ConfUtils.java:logGet(43)) - raft.server.snapshot.auto.trigger.enabled = true (custom)
2019-09-26 15:38:59,378 [pool-123-thread-1] INFO  server.RaftServerConfigKeys (ConfUtils.java:logGet(43)) - raft.server.snapshot.auto.trigger.threshold = 10000 (custom)
2019-09-26 15:38:59,378 [pool-123-thread-1] INFO  server.RaftServerConfigKeys (ConfUtils.java:logGet(43)) - raft.server.snapshot.retention.num.files = 5 (custom)
2019-09-26 15:38:59,378 [pool-123-thread-1] INFO  server.RaftServerConfigKeys (ConfUtils.java:logGet(43)) - raft.server.retrycache.expirytime = 600000ms (custom)
2019-09-26 15:38:59,378 [bcb704dc-2543-42a4-8762-cde039a55a99@group-4C9E626632D6-SegmentedRaftLogWorker] INFO  segmented.SegmentedRaftLogWorker (SegmentedRaftLogWorker.java:execute(569)) - bcb704dc-2543-42a4-8762-cde039a55a99@group-4C9E626632D6-SegmentedRaftLogWorker: created new log segment /workdir/hadoop-ozone/integration-test/target/test-dir/MiniOzoneClusterImpl-87962e32-e39f-4c57-b747-30c883c1cc54/datanode-0/data/ratis/38244d8b-4e5e-4e11-a555-4c9e626632d6/current/log_inprogress_0
2019-09-26 15:38:59,378 [bcb704dc-2543-42a4-8762-cde039a55a99@group-377B0BE40053-SegmentedRaftLogWorker] INFO  segmented.SegmentedRaftLogWorker (SegmentedRaftLogWorker.java:execute(569)) - bcb704dc-2543-42a4-8762-cde039a55a99@group-377B0BE40053-SegmentedRaftLogWorker: created new log segment /workdir/hadoop-ozone/integration-test/target/test-dir/MiniOzoneClusterImpl-87962e32-e39f-4c57-b747-30c883c1cc54/datanode-0/data/ratis/7e3f1026-dd0c-480f-970e-377b0be40053/current/log_inprogress_0
2019-09-26 15:38:59,378 [bcb704dc-2543-42a4-8762-cde039a55a99@group-62C16C1E95CC:LeaderElection125] INFO  impl.LeaderElection (LeaderElection.java:askForVotes(182)) - bcb704dc-2543-42a4-8762-cde039a55a99@group-62C16C1E95CC:LeaderElection125: begin an election at term 1 for -1: [bcb704dc-2543-42a4-8762-cde039a55a99:192.168.151.99:43663], old=null
2019-09-26 15:38:59,379 [bcb704dc-2543-42a4-8762-cde039a55a99@group-62C16C1E95CC:LeaderElection125] INFO  impl.RoleInfo (RoleInfo.java:shutdownLeaderElection(134)) - bcb704dc-2543-42a4-8762-cde039a55a99: shutdown LeaderElection
2019-09-26 15:38:59,379 [bcb704dc-2543-42a4-8762-cde039a55a99@group-62C16C1E95CC:LeaderElection125] INFO  impl.RaftServerImpl (RaftServerImpl.java:setRole(174)) - bcb704dc-2543-42a4-8762-cde039a55a99@group-62C16C1E95CC: changes role from CANDIDATE to LEADER at term 1 for changeToLeader
2019-09-26 15:38:59,379 [bcb704dc-2543-42a4-8762-cde039a55a99@group-62C16C1E95CC:LeaderElection125] INFO  impl.RaftServerImpl (ServerState.java:setLeader(253)) - bcb704dc-2543-42a4-8762-cde039a55a99@group-62C16C1E95CC: change Leader from null to bcb704dc-2543-42a4-8762-cde039a55a99 at term 1 for becomeLeader, leader elected after 5088ms
2019-09-26 15:38:59,379 [bcb704dc-2543-42a4-8762-cde039a55a99@group-62C16C1E95CC:LeaderElection125] INFO  server.RaftServerConfigKeys (ConfUtils.java:logGet(43)) - raft.server.staging.catchup.gap = 1000 (default)
2019-09-26 15:38:59,379 [bcb704dc-2543-42a4-8762-cde039a55a99@group-62C16C1E95CC:LeaderElection125] INFO  server.RaftServerConfigKeys (ConfUtils.java:logGet(43)) - raft.server.rpc.sleep.time = 25ms (default)
2019-09-26 15:38:59,379 [bcb704dc-2543-42a4-8762-cde039a55a99@group-62C16C1E95CC:LeaderElection125] INFO  server.RaftServerConfigKeys (ConfUtils.java:logGet(43)) - raft.server.write.element-limit = 4096 (default)
2019-09-26 15:38:59,379 [bcb704dc-2543-42a4-8762-cde039a55a99@group-62C16C1E95CC:LeaderElection125] INFO  server.RaftServerConfigKeys (ConfUtils.java:logGet(43)) - raft.server.watch.timeout = 10s (default)
2019-09-26 15:38:59,379 [pool-123-thread-1] INFO  impl.RaftServerImpl (RaftServerImpl.java:start(185)) - bcb704dc-2543-42a4-8762-cde039a55a99@group-0C31D75A80BF: start as a follower, conf=-1: [bcb704dc-2543-42a4-8762-cde039a55a99:192.168.151.99:43663], old=null
2019-09-26 15:38:59,379 [bcb704dc-2543-42a4-8762-cde039a55a99@group-62C16C1E95CC:LeaderElection125] INFO  server.RaftServerConfigKeys (ConfUtils.java:logGet(43)) - raft.server.watch.timeout.denomination = 1s (default)
2019-09-26 15:38:59,379 [pool-123-thread-1] INFO  impl.RaftServerImpl (RaftServerImpl.java:setRole(174)) - bcb704dc-2543-42a4-8762-cde039a55a99@group-0C31D75A80BF: changes role from      null to FOLLOWER at term 0 for startAsFollower
2019-09-26 15:38:59,379 [bcb704dc-2543-42a4-8762-cde039a55a99@group-62C16C1E95CC:LeaderElection125] INFO  server.RaftServerConfigKeys (ConfUtils.java:logGet(43)) - raft.server.watch.element-limit = 65536 (default)
2019-09-26 15:38:59,379 [pool-123-thread-1] INFO  impl.RoleInfo (RoleInfo.java:updateAndGet(143)) - bcb704dc-2543-42a4-8762-cde039a55a99: start FollowerState
2019-09-26 15:38:59,380 [pool-123-thread-1] INFO  util.JmxRegister (JmxRegister.java:tryRegister(44)) - Successfully registered JMX Bean with object name Ratis:service=RaftServer,group=group-0C31D75A80BF,id=bcb704dc-2543-42a4-8762-cde039a55a99
2019-09-26 15:38:59,380 [bcb704dc-2543-42a4-8762-cde039a55a99@group-62C16C1E95CC:LeaderElection125] INFO  impl.RoleInfo (RoleInfo.java:updateAndGet(143)) - bcb704dc-2543-42a4-8762-cde039a55a99: start LeaderState
2019-09-26 15:38:59,381 [bcb704dc-2543-42a4-8762-cde039a55a99@group-62C16C1E95CC:LeaderElection125] INFO  segmented.SegmentedRaftLogWorker (SegmentedRaftLogWorker.java:startLogSegment(380)) - bcb704dc-2543-42a4-8762-cde039a55a99@group-62C16C1E95CC-SegmentedRaftLogWorker: Starting segment from index:0
2019-09-26 15:38:59,381 [bcb704dc-2543-42a4-8762-cde039a55a99@group-62C16C1E95CC:LeaderElection125] INFO  impl.RaftServerImpl (ServerState.java:setRaftConf(354)) - bcb704dc-2543-42a4-8762-cde039a55a99@group-62C16C1E95CC: set configuration 0: [bcb704dc-2543-42a4-8762-cde039a55a99:192.168.151.99:43663], old=null at 0
2019-09-26 15:38:59,381 [RatisPipelineUtilsThread] INFO  pipeline.PipelineStateManager (PipelineStateManager.java:addPipeline(56)) - Created pipeline Pipeline[ Id: 99e0c65d-d62f-403c-8a1d-0c31d75a80bf, Nodes: bcb704dc-2543-42a4-8762-cde039a55a99{ip: 192.168.151.99, host: pr-hdds-1569-g6sp5-2013761785, networkLocation: /default-rack, certSerialId: null}, Type:RATIS, Factor:ONE, State:OPEN]
2019-09-26 15:38:59,385 [grpc-default-executor-0] INFO  impl.RaftServerProxy (RaftServerProxy.java:addNew(89)) - bcb704dc-2543-42a4-8762-cde039a55a99: addNew group-19733DFA91CE:[bcb704dc-2543-42a4-8762-cde039a55a99:192.168.151.99:43663] returns group-19733DFA91CE:java.util.concurrent.CompletableFuture@3126da0e[Not completed]
2019-09-26 15:38:59,386 [pool-123-thread-1] INFO  impl.RaftServerImpl (RaftServerImpl.java:<init>(95)) - bcb704dc-2543-42a4-8762-cde039a55a99: new RaftServerImpl for group-19733DFA91CE:[bcb704dc-2543-42a4-8762-cde039a55a99:192.168.151.99:43663] with ContainerStateMachine:uninitialized
2019-09-26 15:38:59,386 [pool-123-thread-1] INFO  server.RaftServerConfigKeys (ConfUtils.java:logGet(43)) - raft.server.rpc.timeout.min = 5s (custom)
2019-09-26 15:38:59,386 [pool-123-thread-1] INFO  server.RaftServerConfigKeys (ConfUtils.java:logGet(43)) - raft.server.rpc.timeout.max = 5200ms (custom)
2019-09-26 15:38:59,386 [pool-123-thread-1] INFO  server.RaftServerConfigKeys (ConfUtils.java:logGet(43)) - raft.server.rpcslowness.timeout = 120s (custom)
2019-09-26 15:38:59,386 [pool-123-thread-1] INFO  server.RaftServerConfigKeys (ConfUtils.java:logGet(43)) - raft.server.sleep.deviation.threshold = 300 (default)
2019-09-26 15:38:59,386 [pool-123-thread-1] INFO  server.RaftServerConfigKeys (ConfUtils.java:logGet(43)) - raft.server.log.appender.install.snapshot.enabled = false (custom)
2019-09-26 15:38:59,386 [pool-123-thread-1] INFO  impl.RaftServerImpl (ServerState.java:<init>(103)) - bcb704dc-2543-42a4-8762-cde039a55a99@group-19733DFA91CE: ConfigurationManager, init=-1: [bcb704dc-2543-42a4-8762-cde039a55a99:192.168.151.99:43663], old=null, confs=<EMPTY_MAP>
2019-09-26 15:38:59,386 [pool-123-thread-1] INFO  server.RaftServerConfigKeys (ConfUtils.java:logGet(43)) - raft.server.storage.dir = [/workdir/hadoop-ozone/integration-test/target/test-dir/MiniOzoneClusterImpl-87962e32-e39f-4c57-b747-30c883c1cc54/datanode-0/data/ratis] (custom)
2019-09-26 15:38:59,387 [pool-123-thread-1] INFO  storage.RaftStorageDirectory (RaftStorageDirectory.java:analyzeStorage(246)) - The storage directory /workdir/hadoop-ozone/integration-test/target/test-dir/MiniOzoneClusterImpl-87962e32-e39f-4c57-b747-30c883c1cc54/datanode-0/data/ratis/3b3685af-d1d8-49b6-9e05-19733dfa91ce does not exist. Creating ...
2019-09-26 15:38:59,395 [Thread-1883] INFO  impl.FollowerState (FollowerState.java:run(106)) - bcb704dc-2543-42a4-8762-cde039a55a99:group-51C70D42DCA5 changes to CANDIDATE, lastRpcTime:5022, electionTimeout:5022ms
2019-09-26 15:38:59,395 [Thread-1883] INFO  impl.RoleInfo (RoleInfo.java:shutdownFollowerState(121)) - bcb704dc-2543-42a4-8762-cde039a55a99: shutdown FollowerState
2019-09-26 15:38:59,395 [Thread-1883] INFO  impl.RaftServerImpl (RaftServerImpl.java:setRole(174)) - bcb704dc-2543-42a4-8762-cde039a55a99@group-51C70D42DCA5: changes role from  FOLLOWER to CANDIDATE at term 0 for changeToCandidate
2019-09-26 15:38:59,395 [Thread-1883] INFO  impl.RoleInfo (RoleInfo.java:updateAndGet(143)) - bcb704dc-2543-42a4-8762-cde039a55a99: start LeaderElection
2019-09-26 15:38:59,403 [Thread-1871] INFO  impl.FollowerState (FollowerState.java:run(106)) - bcb704dc-2543-42a4-8762-cde039a55a99:group-C1929137EAC8 changes to CANDIDATE, lastRpcTime:5163, electionTimeout:5163ms
2019-09-26 15:38:59,403 [Thread-1871] INFO  impl.RoleInfo (RoleInfo.java:shutdownFollowerState(121)) - bcb704dc-2543-42a4-8762-cde039a55a99: shutdown FollowerState
2019-09-26 15:38:59,403 [Thread-1871] INFO  impl.RaftServerImpl (RaftServerImpl.java:setRole(174)) - bcb704dc-2543-42a4-8762-cde039a55a99@group-C1929137EAC8: changes role from  FOLLOWER to CANDIDATE at term 0 for changeToCandidate
2019-09-26 15:38:59,403 [Thread-1871] INFO  impl.RoleInfo (RoleInfo.java:updateAndGet(143)) - bcb704dc-2543-42a4-8762-cde039a55a99: start LeaderElection
2019-09-26 15:38:59,414 [Thread-1874] INFO  impl.FollowerState (FollowerState.java:run(106)) - bcb704dc-2543-42a4-8762-cde039a55a99:group-3F78443B8525 changes to CANDIDATE, lastRpcTime:5153, electionTimeout:5153ms
2019-09-26 15:38:59,414 [Thread-1874] INFO  impl.RoleInfo (RoleInfo.java:shutdownFollowerState(121)) - bcb704dc-2543-42a4-8762-cde039a55a99: shutdown FollowerState
2019-09-26 15:38:59,414 [Thread-1874] INFO  impl.RaftServerImpl (RaftServerImpl.java:setRole(174)) - bcb704dc-2543-42a4-8762-cde039a55a99@group-3F78443B8525: changes role from  FOLLOWER to CANDIDATE at term 0 for changeToCandidate
2019-09-26 15:38:59,414 [Thread-1874] INFO  impl.RoleInfo (RoleInfo.java:updateAndGet(143)) - bcb704dc-2543-42a4-8762-cde039a55a99: start LeaderElection
2019-09-26 15:38:59,423 [pool-123-thread-1] INFO  storage.RaftStorageDirectory (RaftStorageDirectory.java:tryLock(328)) - Lock on /workdir/hadoop-ozone/integration-test/target/test-dir/MiniOzoneClusterImpl-87962e32-e39f-4c57-b747-30c883c1cc54/datanode-0/data/ratis/3b3685af-d1d8-49b6-9e05-19733dfa91ce/in_use.lock acquired by nodename 10626@pr-hdds-1569-g6sp5-2013761785
2019-09-26 15:38:59,425 [bcb704dc-2543-42a4-8762-cde039a55a99@group-51C70D42DCA5:LeaderElection126] INFO  impl.LeaderElection (LeaderElection.java:askForVotes(182)) - bcb704dc-2543-42a4-8762-cde039a55a99@group-51C70D42DCA5:LeaderElection126: begin an election at term 1 for -1: [bcb704dc-2543-42a4-8762-cde039a55a99:192.168.151.99:43663], old=null
2019-09-26 15:38:59,425 [bcb704dc-2543-42a4-8762-cde039a55a99@group-51C70D42DCA5:LeaderElection126] INFO  impl.RoleInfo (RoleInfo.java:shutdownLeaderElection(134)) - bcb704dc-2543-42a4-8762-cde039a55a99: shutdown LeaderElection
2019-09-26 15:38:59,425 [bcb704dc-2543-42a4-8762-cde039a55a99@group-51C70D42DCA5:LeaderElection126] INFO  impl.RaftServerImpl (RaftServerImpl.java:setRole(174)) - bcb704dc-2543-42a4-8762-cde039a55a99@group-51C70D42DCA5: changes role from CANDIDATE to LEADER at term 1 for changeToLeader
2019-09-26 15:38:59,425 [bcb704dc-2543-42a4-8762-cde039a55a99@group-51C70D42DCA5:LeaderElection126] INFO  impl.RaftServerImpl (ServerState.java:setLeader(253)) - bcb704dc-2543-42a4-8762-cde039a55a99@group-51C70D42DCA5: change Leader from null to bcb704dc-2543-42a4-8762-cde039a55a99 at term 1 for becomeLeader, leader elected after 5056ms
2019-09-26 15:38:59,425 [bcb704dc-2543-42a4-8762-cde039a55a99@group-51C70D42DCA5:LeaderElection126] INFO  server.RaftServerConfigKeys (ConfUtils.java:logGet(43)) - raft.server.staging.catchup.gap = 1000 (default)
2019-09-26 15:38:59,425 [bcb704dc-2543-42a4-8762-cde039a55a99@group-51C70D42DCA5:LeaderElection126] INFO  server.RaftServerConfigKeys (ConfUtils.java:logGet(43)) - raft.server.rpc.sleep.time = 25ms (default)
2019-09-26 15:38:59,425 [bcb704dc-2543-42a4-8762-cde039a55a99@group-51C70D42DCA5:LeaderElection126] INFO  server.RaftServerConfigKeys (ConfUtils.java:logGet(43)) - raft.server.write.element-limit = 4096 (default)
2019-09-26 15:38:59,426 [bcb704dc-2543-42a4-8762-cde039a55a99@group-51C70D42DCA5:LeaderElection126] INFO  server.RaftServerConfigKeys (ConfUtils.java:logGet(43)) - raft.server.watch.timeout = 10s (default)
2019-09-26 15:38:59,426 [bcb704dc-2543-42a4-8762-cde039a55a99@group-51C70D42DCA5:LeaderElection126] INFO  server.RaftServerConfigKeys (ConfUtils.java:logGet(43)) - raft.server.watch.timeout.denomination = 1s (default)
2019-09-26 15:38:59,426 [bcb704dc-2543-42a4-8762-cde039a55a99@group-51C70D42DCA5:LeaderElection126] INFO  server.RaftServerConfigKeys (ConfUtils.java:logGet(43)) - raft.server.watch.element-limit = 65536 (default)
2019-09-26 15:38:59,427 [bcb704dc-2543-42a4-8762-cde039a55a99@group-62C16C1E95CC-SegmentedRaftLogWorker] INFO  segmented.SegmentedRaftLogWorker (SegmentedRaftLogWorker.java:execute(569)) - bcb704dc-2543-42a4-8762-cde039a55a99@group-62C16C1E95CC-SegmentedRaftLogWorker: created new log segment /workdir/hadoop-ozone/integration-test/target/test-dir/MiniOzoneClusterImpl-87962e32-e39f-4c57-b747-30c883c1cc54/datanode-0/data/ratis/752261b9-1958-4629-9edf-62c16c1e95cc/current/log_inprogress_0
2019-09-26 15:38:59,427 [bcb704dc-2543-42a4-8762-cde039a55a99@group-3F78443B8525:LeaderElection128] INFO  impl.LeaderElection (LeaderElection.java:askForVotes(182)) - bcb704dc-2543-42a4-8762-cde039a55a99@group-3F78443B8525:LeaderElection128: begin an election at term 1 for -1: [bcb704dc-2543-42a4-8762-cde039a55a99:192.168.151.99:43663], old=null
2019-09-26 15:38:59,427 [bcb704dc-2543-42a4-8762-cde039a55a99@group-C1929137EAC8:LeaderElection127] INFO  impl.LeaderElection (LeaderElection.java:askForVotes(182)) - bcb704dc-2543-42a4-8762-cde039a55a99@group-C1929137EAC8:LeaderElection127: begin an election at term 1 for -1: [bcb704dc-2543-42a4-8762-cde039a55a99:192.168.151.99:43663], old=null
2019-09-26 15:38:59,427 [bcb704dc-2543-42a4-8762-cde039a55a99@group-3F78443B8525:LeaderElection128] INFO  impl.RoleInfo (RoleInfo.java:shutdownLeaderElection(134)) - bcb704dc-2543-42a4-8762-cde039a55a99: shutdown LeaderElection
2019-09-26 15:38:59,427 [bcb704dc-2543-42a4-8762-cde039a55a99@group-51C70D42DCA5:LeaderElection126] INFO  impl.RoleInfo (RoleInfo.java:updateAndGet(143)) - bcb704dc-2543-42a4-8762-cde039a55a99: start LeaderState
2019-09-26 15:38:59,427 [bcb704dc-2543-42a4-8762-cde039a55a99@group-3F78443B8525:LeaderElection128] INFO  impl.RaftServerImpl (RaftServerImpl.java:setRole(174)) - bcb704dc-2543-42a4-8762-cde039a55a99@group-3F78443B8525: changes role from CANDIDATE to LEADER at term 1 for changeToLeader
2019-09-26 15:38:59,427 [bcb704dc-2543-42a4-8762-cde039a55a99@group-C1929137EAC8:LeaderElection127] INFO  impl.RoleInfo (RoleInfo.java:shutdownLeaderElection(134)) - bcb704dc-2543-42a4-8762-cde039a55a99: shutdown LeaderElection
2019-09-26 15:38:59,427 [bcb704dc-2543-42a4-8762-cde039a55a99@group-51C70D42DCA5:LeaderElection126] INFO  segmented.SegmentedRaftLogWorker (SegmentedRaftLogWorker.java:startLogSegment(380)) - bcb704dc-2543-42a4-8762-cde039a55a99@group-51C70D42DCA5-SegmentedRaftLogWorker: Starting segment from index:0
2019-09-26 15:38:59,427 [bcb704dc-2543-42a4-8762-cde039a55a99@group-3F78443B8525:LeaderElection128] INFO  impl.RaftServerImpl (ServerState.java:setLeader(253)) - bcb704dc-2543-42a4-8762-cde039a55a99@group-3F78443B8525: change Leader from null to bcb704dc-2543-42a4-8762-cde039a55a99 at term 1 for becomeLeader, leader elected after 5172ms
2019-09-26 15:38:59,427 [bcb704dc-2543-42a4-8762-cde039a55a99@group-C1929137EAC8:LeaderElection127] INFO  impl.RaftServerImpl (RaftServerImpl.java:setRole(174)) - bcb704dc-2543-42a4-8762-cde039a55a99@group-C1929137EAC8: changes role from CANDIDATE to LEADER at term 1 for changeToLeader
2019-09-26 15:38:59,428 [bcb704dc-2543-42a4-8762-cde039a55a99@group-3F78443B8525:LeaderElection128] INFO  server.RaftServerConfigKeys (ConfUtils.java:logGet(43)) - raft.server.staging.catchup.gap = 1000 (default)
2019-09-26 15:38:59,428 [bcb704dc-2543-42a4-8762-cde039a55a99@group-51C70D42DCA5:LeaderElection126] INFO  impl.RaftServerImpl (ServerState.java:setRaftConf(354)) - bcb704dc-2543-42a4-8762-cde039a55a99@group-51C70D42DCA5: set configuration 0: [bcb704dc-2543-42a4-8762-cde039a55a99:192.168.151.99:43663], old=null at 0
2019-09-26 15:38:59,428 [bcb704dc-2543-42a4-8762-cde039a55a99@group-C1929137EAC8:LeaderElection127] INFO  impl.RaftServerImpl (ServerState.java:setLeader(253)) - bcb704dc-2543-42a4-8762-cde039a55a99@group-C1929137EAC8: change Leader from null to bcb704dc-2543-42a4-8762-cde039a55a99 at term 1 for becomeLeader, leader elected after 5194ms
2019-09-26 15:38:59,428 [bcb704dc-2543-42a4-8762-cde039a55a99@group-3F78443B8525:LeaderElection128] INFO  server.RaftServerConfigKeys (ConfUtils.java:logGet(43)) - raft.server.rpc.sleep.time = 25ms (default)
2019-09-26 15:38:59,428 [bcb704dc-2543-42a4-8762-cde039a55a99@group-C1929137EAC8:LeaderElection127] INFO  server.RaftServerConfigKeys (ConfUtils.java:logGet(43)) - raft.server.staging.catchup.gap = 1000 (default)
2019-09-26 15:38:59,428 [bcb704dc-2543-42a4-8762-cde039a55a99@group-3F78443B8525:LeaderElection128] INFO  server.RaftServerConfigKeys (ConfUtils.java:logGet(43)) - raft.server.write.element-limit = 4096 (default)
2019-09-26 15:38:59,428 [bcb704dc-2543-42a4-8762-cde039a55a99@group-C1929137EAC8:LeaderElection127] INFO  server.RaftServerConfigKeys (ConfUtils.java:logGet(43)) - raft.server.rpc.sleep.time = 25ms (default)
2019-09-26 15:38:59,428 [bcb704dc-2543-42a4-8762-cde039a55a99@group-3F78443B8525:LeaderElection128] INFO  server.RaftServerConfigKeys (ConfUtils.java:logGet(43)) - raft.server.watch.timeout = 10s (default)
2019-09-26 15:38:59,428 [bcb704dc-2543-42a4-8762-cde039a55a99@group-C1929137EAC8:LeaderElection127] INFO  server.RaftServerConfigKeys (ConfUtils.java:logGet(43)) - raft.server.write.element-limit = 4096 (default)
2019-09-26 15:38:59,428 [bcb704dc-2543-42a4-8762-cde039a55a99@group-3F78443B8525:LeaderElection128] INFO  server.RaftServerConfigKeys (ConfUtils.java:logGet(43)) - raft.server.watch.timeout.denomination = 1s (default)
2019-09-26 15:38:59,429 [bcb704dc-2543-42a4-8762-cde039a55a99@group-C1929137EAC8:LeaderElection127] INFO  server.RaftServerConfigKeys (ConfUtils.java:logGet(43)) - raft.server.watch.timeout = 10s (default)
2019-09-26 15:38:59,429 [bcb704dc-2543-42a4-8762-cde039a55a99@group-3F78443B8525:LeaderElection128] INFO  server.RaftServerConfigKeys (ConfUtils.java:logGet(43)) - raft.server.watch.element-limit = 65536 (default)
2019-09-26 15:38:59,429 [bcb704dc-2543-42a4-8762-cde039a55a99@group-C1929137EAC8:LeaderElection127] INFO  server.RaftServerConfigKeys (ConfUtils.java:logGet(43)) - raft.server.watch.timeout.denomination = 1s (default)
2019-09-26 15:38:59,429 [bcb704dc-2543-42a4-8762-cde039a55a99@group-C1929137EAC8:LeaderElection127] INFO  server.RaftServerConfigKeys (ConfUtils.java:logGet(43)) - raft.server.watch.element-limit = 65536 (default)
2019-09-26 15:38:59,430 [pool-123-thread-1] INFO  storage.RaftStorage (RaftStorage.java:format(72)) - Storage directory /workdir/hadoop-ozone/integration-test/target/test-dir/MiniOzoneClusterImpl-87962e32-e39f-4c57-b747-30c883c1cc54/datanode-0/data/ratis/3b3685af-d1d8-49b6-9e05-19733dfa91ce has been successfully formatted.
2019-09-26 15:38:59,430 [pool-123-thread-1] INFO  ratis.ContainerStateMachine (ContainerStateMachine.java:loadSnapshot(230)) - group-19733DFA91CE: The snapshot info is null. Setting the last applied indexto:(t:0, i:~)
2019-09-26 15:38:59,430 [pool-123-thread-1] INFO  server.RaftServerConfigKeys (ConfUtils.java:logGet(43)) - raft.server.notification.no-leader.timeout = 120s (custom)
2019-09-26 15:38:59,430 [pool-123-thread-1] INFO  server.RaftServerConfigKeys (ConfUtils.java:logGet(43)) - raft.server.log.use.memory = false (default)
2019-09-26 15:38:59,430 [pool-123-thread-1] INFO  server.RaftServerConfigKeys (ConfUtils.java:logGet(43)) - raft.server.log.purge.gap = 1000000 (custom)
2019-09-26 15:38:59,430 [pool-123-thread-1] INFO  server.RaftServerConfigKeys (ConfUtils.java:logGet(43)) - raft.server.log.appender.buffer.byte-limit = 33554432 (custom)
2019-09-26 15:38:59,430 [pool-123-thread-1] INFO  server.RaftServerConfigKeys (ConfUtils.java:logGet(43)) - raft.server.log.segment.size.max = 1048576 (custom)
2019-09-26 15:38:59,430 [pool-123-thread-1] INFO  server.RaftServerConfigKeys (ConfUtils.java:logGet(43)) - raft.server.log.segment.cache.num.max = 2 (custom)
2019-09-26 15:38:59,430 [pool-123-thread-1] INFO  segmented.SegmentedRaftLogWorker (SegmentedRaftLogWorker.java:<init>(172)) - new bcb704dc-2543-42a4-8762-cde039a55a99@group-19733DFA91CE-SegmentedRaftLogWorker for RaftStorage:Storage Directory /workdir/hadoop-ozone/integration-test/target/test-dir/MiniOzoneClusterImpl-87962e32-e39f-4c57-b747-30c883c1cc54/datanode-0/data/ratis/3b3685af-d1d8-49b6-9e05-19733dfa91ce
2019-09-26 15:38:59,431 [pool-123-thread-1] INFO  server.RaftServerConfigKeys (ConfUtils.java:logGet(43)) - raft.server.log.queue.byte-limit = 2147483647 (custom)
2019-09-26 15:38:59,431 [pool-123-thread-1] INFO  server.RaftServerConfigKeys (ConfUtils.java:logGet(43)) - raft.server.log.queue.element-limit = 1024 (custom)
2019-09-26 15:38:59,431 [bcb704dc-2543-42a4-8762-cde039a55a99@group-3F78443B8525:LeaderElection128] INFO  impl.RoleInfo (RoleInfo.java:updateAndGet(143)) - bcb704dc-2543-42a4-8762-cde039a55a99: start LeaderState
2019-09-26 15:38:59,431 [pool-123-thread-1] INFO  server.RaftServerConfigKeys (ConfUtils.java:logGet(43)) - raft.server.log.segment.size.max = 1048576 (custom)
2019-09-26 15:38:59,431 [bcb704dc-2543-42a4-8762-cde039a55a99@group-3F78443B8525:LeaderElection128] INFO  segmented.SegmentedRaftLogWorker (SegmentedRaftLogWorker.java:startLogSegment(380)) - bcb704dc-2543-42a4-8762-cde039a55a99@group-3F78443B8525-SegmentedRaftLogWorker: Starting segment from index:0
2019-09-26 15:38:59,431 [bcb704dc-2543-42a4-8762-cde039a55a99@group-C1929137EAC8:LeaderElection127] INFO  impl.RoleInfo (RoleInfo.java:updateAndGet(143)) - bcb704dc-2543-42a4-8762-cde039a55a99: start LeaderState
2019-09-26 15:38:59,431 [pool-123-thread-1] INFO  server.RaftServerConfigKeys (ConfUtils.java:logGet(43)) - raft.server.log.preallocated.size = 16384 (custom)
2019-09-26 15:38:59,431 [bcb704dc-2543-42a4-8762-cde039a55a99@group-C1929137EAC8:LeaderElection127] INFO  segmented.SegmentedRaftLogWorker (SegmentedRaftLogWorker.java:startLogSegment(380)) - bcb704dc-2543-42a4-8762-cde039a55a99@group-C1929137EAC8-SegmentedRaftLogWorker: Starting segment from index:0
2019-09-26 15:38:59,431 [pool-123-thread-1] INFO  server.RaftServerConfigKeys (ConfUtils.java:logGet(43)) - raft.server.log.write.buffer.size = 33554432 (custom)
2019-09-26 15:38:59,431 [bcb704dc-2543-42a4-8762-cde039a55a99@group-3F78443B8525:LeaderElection128] INFO  impl.RaftServerImpl (ServerState.java:setRaftConf(354)) - bcb704dc-2543-42a4-8762-cde039a55a99@group-3F78443B8525: set configuration 0: [bcb704dc-2543-42a4-8762-cde039a55a99:192.168.151.99:43663], old=null at 0
2019-09-26 15:38:59,431 [pool-123-thread-1] INFO  server.RaftServerConfigKeys (ConfUtils.java:logGet(43)) - raft.server.log.force.sync.num = 128 (default)
2019-09-26 15:38:59,432 [pool-123-thread-1] INFO  server.RaftServerConfigKeys (ConfUtils.java:logGet(43)) - raft.server.log.statemachine.data.sync = true (default)
2019-09-26 15:38:59,432 [bcb704dc-2543-42a4-8762-cde039a55a99@group-C1929137EAC8:LeaderElection127] INFO  impl.RaftServerImpl (ServerState.java:setRaftConf(354)) - bcb704dc-2543-42a4-8762-cde039a55a99@group-C1929137EAC8: set configuration 0: [bcb704dc-2543-42a4-8762-cde039a55a99:192.168.151.99:43663], old=null at 0
2019-09-26 15:38:59,432 [pool-123-thread-1] INFO  server.RaftServerConfigKeys (ConfUtils.java:logGet(43)) - raft.server.log.statemachine.data.sync.timeout = 10s (default)
2019-09-26 15:38:59,432 [pool-123-thread-1] INFO  server.RaftServerConfigKeys (ConfUtils.java:logGet(43)) - raft.server.log.statemachine.data.sync.timeout.retry = -1 (default)
2019-09-26 15:38:59,432 [pool-123-thread-1] INFO  server.RaftServerConfigKeys (ConfUtils.java:logGet(43)) - raft.server.log.statemachine.data.caching.enabled = true (custom)
2019-09-26 15:38:59,432 [pool-123-thread-1] INFO  segmented.SegmentedRaftLogWorker (SegmentedRaftLogWorker.java:lambda$new$0(132)) - bcb704dc-2543-42a4-8762-cde039a55a99@group-19733DFA91CE-SegmentedRaftLogWorker: flushIndex: setUnconditionally 0 -> -1
2019-09-26 15:38:59,432 [pool-123-thread-1] INFO  server.RaftServerConfigKeys (ConfUtils.java:logGet(43)) - raft.server.snapshot.auto.trigger.enabled = true (custom)
2019-09-26 15:38:59,432 [pool-123-thread-1] INFO  server.RaftServerConfigKeys (ConfUtils.java:logGet(43)) - raft.server.snapshot.auto.trigger.threshold = 10000 (custom)
2019-09-26 15:38:59,433 [pool-123-thread-1] INFO  server.RaftServerConfigKeys (ConfUtils.java:logGet(43)) - raft.server.snapshot.retention.num.files = 5 (custom)
2019-09-26 15:38:59,433 [pool-123-thread-1] INFO  server.RaftServerConfigKeys (ConfUtils.java:logGet(43)) - raft.server.retrycache.expirytime = 600000ms (custom)
2019-09-26 15:38:59,433 [pool-123-thread-1] INFO  impl.RaftServerImpl (RaftServerImpl.java:start(185)) - bcb704dc-2543-42a4-8762-cde039a55a99@group-19733DFA91CE: start as a follower, conf=-1: [bcb704dc-2543-42a4-8762-cde039a55a99:192.168.151.99:43663], old=null
2019-09-26 15:38:59,434 [pool-123-thread-1] INFO  impl.RaftServerImpl (RaftServerImpl.java:setRole(174)) - bcb704dc-2543-42a4-8762-cde039a55a99@group-19733DFA91CE: changes role from      null to FOLLOWER at term 0 for startAsFollower
2019-09-26 15:38:59,434 [pool-123-thread-1] INFO  impl.RoleInfo (RoleInfo.java:updateAndGet(143)) - bcb704dc-2543-42a4-8762-cde039a55a99: start FollowerState
2019-09-26 15:38:59,434 [pool-123-thread-1] INFO  util.JmxRegister (JmxRegister.java:tryRegister(44)) - Successfully registered JMX Bean with object name Ratis:service=RaftServer,group=group-19733DFA91CE,id=bcb704dc-2543-42a4-8762-cde039a55a99
2019-09-26 15:38:59,436 [RatisPipelineUtilsThread] INFO  pipeline.PipelineStateManager (PipelineStateManager.java:addPipeline(56)) - Created pipeline Pipeline[ Id: 3b3685af-d1d8-49b6-9e05-19733dfa91ce, Nodes: bcb704dc-2543-42a4-8762-cde039a55a99{ip: 192.168.151.99, host: pr-hdds-1569-g6sp5-2013761785, networkLocation: /default-rack, certSerialId: null}, Type:RATIS, Factor:ONE, State:OPEN]
2019-09-26 15:38:59,439 [grpc-default-executor-0] INFO  impl.RaftServerProxy (RaftServerProxy.java:addNew(89)) - bcb704dc-2543-42a4-8762-cde039a55a99: addNew group-64EA007B3927:[bcb704dc-2543-42a4-8762-cde039a55a99:192.168.151.99:43663] returns group-64EA007B3927:java.util.concurrent.CompletableFuture@3bddc0a[Not completed]
2019-09-26 15:38:59,440 [pool-123-thread-1] INFO  impl.RaftServerImpl (RaftServerImpl.java:<init>(95)) - bcb704dc-2543-42a4-8762-cde039a55a99: new RaftServerImpl for group-64EA007B3927:[bcb704dc-2543-42a4-8762-cde039a55a99:192.168.151.99:43663] with ContainerStateMachine:uninitialized
2019-09-26 15:38:59,440 [pool-123-thread-1] INFO  server.RaftServerConfigKeys (ConfUtils.java:logGet(43)) - raft.server.rpc.timeout.min = 5s (custom)
2019-09-26 15:38:59,440 [pool-123-thread-1] INFO  server.RaftServerConfigKeys (ConfUtils.java:logGet(43)) - raft.server.rpc.timeout.max = 5200ms (custom)
2019-09-26 15:38:59,440 [pool-123-thread-1] INFO  server.RaftServerConfigKeys (ConfUtils.java:logGet(43)) - raft.server.rpcslowness.timeout = 120s (custom)
2019-09-26 15:38:59,440 [pool-123-thread-1] INFO  server.RaftServerConfigKeys (ConfUtils.java:logGet(43)) - raft.server.sleep.deviation.threshold = 300 (default)
2019-09-26 15:38:59,440 [pool-123-thread-1] INFO  server.RaftServerConfigKeys (ConfUtils.java:logGet(43)) - raft.server.log.appender.install.snapshot.enabled = false (custom)
2019-09-26 15:38:59,440 [pool-123-thread-1] INFO  impl.RaftServerImpl (ServerState.java:<init>(103)) - bcb704dc-2543-42a4-8762-cde039a55a99@group-64EA007B3927: ConfigurationManager, init=-1: [bcb704dc-2543-42a4-8762-cde039a55a99:192.168.151.99:43663], old=null, confs=<EMPTY_MAP>
2019-09-26 15:38:59,440 [pool-123-thread-1] INFO  server.RaftServerConfigKeys (ConfUtils.java:logGet(43)) - raft.server.storage.dir = [/workdir/hadoop-ozone/integration-test/target/test-dir/MiniOzoneClusterImpl-87962e32-e39f-4c57-b747-30c883c1cc54/datanode-0/data/ratis] (custom)
2019-09-26 15:38:59,441 [pool-123-thread-1] INFO  storage.RaftStorageDirectory (RaftStorageDirectory.java:analyzeStorage(246)) - The storage directory /workdir/hadoop-ozone/integration-test/target/test-dir/MiniOzoneClusterImpl-87962e32-e39f-4c57-b747-30c883c1cc54/datanode-0/data/ratis/9cf1493e-39cf-4cdd-baa8-64ea007b3927 does not exist. Creating ...
2019-09-26 15:38:59,455 [pool-123-thread-1] INFO  storage.RaftStorageDirectory (RaftStorageDirectory.java:tryLock(328)) - Lock on /workdir/hadoop-ozone/integration-test/target/test-dir/MiniOzoneClusterImpl-87962e32-e39f-4c57-b747-30c883c1cc54/datanode-0/data/ratis/9cf1493e-39cf-4cdd-baa8-64ea007b3927/in_use.lock acquired by nodename 10626@pr-hdds-1569-g6sp5-2013761785
2019-09-26 15:38:59,465 [Thread-1886] INFO  impl.FollowerState (FollowerState.java:run(106)) - bcb704dc-2543-42a4-8762-cde039a55a99:group-05F420F720C9 changes to CANDIDATE, lastRpcTime:5052, electionTimeout:5052ms
2019-09-26 15:38:59,465 [Thread-1886] INFO  impl.RoleInfo (RoleInfo.java:shutdownFollowerState(121)) - bcb704dc-2543-42a4-8762-cde039a55a99: shutdown FollowerState
2019-09-26 15:38:59,465 [Thread-1886] INFO  impl.RaftServerImpl (RaftServerImpl.java:setRole(174)) - bcb704dc-2543-42a4-8762-cde039a55a99@group-05F420F720C9: changes role from  FOLLOWER to CANDIDATE at term 0 for changeToCandidate
2019-09-26 15:38:59,465 [Thread-1886] INFO  impl.RoleInfo (RoleInfo.java:updateAndGet(143)) - bcb704dc-2543-42a4-8762-cde039a55a99: start LeaderElection
2019-09-26 15:38:59,469 [bcb704dc-2543-42a4-8762-cde039a55a99@group-51C70D42DCA5-SegmentedRaftLogWorker] INFO  segmented.SegmentedRaftLogWorker (SegmentedRaftLogWorker.java:execute(569)) - bcb704dc-2543-42a4-8762-cde039a55a99@group-51C70D42DCA5-SegmentedRaftLogWorker: created new log segment /workdir/hadoop-ozone/integration-test/target/test-dir/MiniOzoneClusterImpl-87962e32-e39f-4c57-b747-30c883c1cc54/datanode-0/data/ratis/895554a8-1329-4894-9675-51c70d42dca5/current/log_inprogress_0
2019-09-26 15:38:59,469 [bcb704dc-2543-42a4-8762-cde039a55a99@group-05F420F720C9:LeaderElection129] INFO  impl.LeaderElection (LeaderElection.java:askForVotes(182)) - bcb704dc-2543-42a4-8762-cde039a55a99@group-05F420F720C9:LeaderElection129: begin an election at term 1 for -1: [bcb704dc-2543-42a4-8762-cde039a55a99:192.168.151.99:43663], old=null
2019-09-26 15:38:59,469 [bcb704dc-2543-42a4-8762-cde039a55a99@group-3F78443B8525-SegmentedRaftLogWorker] INFO  segmented.SegmentedRaftLogWorker (SegmentedRaftLogWorker.java:execute(569)) - bcb704dc-2543-42a4-8762-cde039a55a99@group-3F78443B8525-SegmentedRaftLogWorker: created new log segment /workdir/hadoop-ozone/integration-test/target/test-dir/MiniOzoneClusterImpl-87962e32-e39f-4c57-b747-30c883c1cc54/datanode-0/data/ratis/ad47b3a2-f289-4b4e-b4d0-3f78443b8525/current/log_inprogress_0
2019-09-26 15:38:59,469 [pool-123-thread-1] INFO  storage.RaftStorage (RaftStorage.java:format(72)) - Storage directory /workdir/hadoop-ozone/integration-test/target/test-dir/MiniOzoneClusterImpl-87962e32-e39f-4c57-b747-30c883c1cc54/datanode-0/data/ratis/9cf1493e-39cf-4cdd-baa8-64ea007b3927 has been successfully formatted.
2019-09-26 15:38:59,469 [bcb704dc-2543-42a4-8762-cde039a55a99@group-C1929137EAC8-SegmentedRaftLogWorker] INFO  segmented.SegmentedRaftLogWorker (SegmentedRaftLogWorker.java:execute(569)) - bcb704dc-2543-42a4-8762-cde039a55a99@group-C1929137EAC8-SegmentedRaftLogWorker: created new log segment /workdir/hadoop-ozone/integration-test/target/test-dir/MiniOzoneClusterImpl-87962e32-e39f-4c57-b747-30c883c1cc54/datanode-0/data/ratis/c72de021-7bcd-427c-bd9d-c1929137eac8/current/log_inprogress_0
2019-09-26 15:38:59,469 [bcb704dc-2543-42a4-8762-cde039a55a99@group-05F420F720C9:LeaderElection129] INFO  impl.RoleInfo (RoleInfo.java:shutdownLeaderElection(134)) - bcb704dc-2543-42a4-8762-cde039a55a99: shutdown LeaderElection
2019-09-26 15:38:59,470 [pool-123-thread-1] INFO  ratis.ContainerStateMachine (ContainerStateMachine.java:loadSnapshot(230)) - group-64EA007B3927: The snapshot info is null. Setting the last applied indexto:(t:0, i:~)
2019-09-26 15:38:59,470 [bcb704dc-2543-42a4-8762-cde039a55a99@group-05F420F720C9:LeaderElection129] INFO  impl.RaftServerImpl (RaftServerImpl.java:setRole(174)) - bcb704dc-2543-42a4-8762-cde039a55a99@group-05F420F720C9: changes role from CANDIDATE to LEADER at term 1 for changeToLeader
2019-09-26 15:38:59,470 [pool-123-thread-1] INFO  server.RaftServerConfigKeys (ConfUtils.java:logGet(43)) - raft.server.notification.no-leader.timeout = 120s (custom)
2019-09-26 15:38:59,470 [bcb704dc-2543-42a4-8762-cde039a55a99@group-05F420F720C9:LeaderElection129] INFO  impl.RaftServerImpl (ServerState.java:setLeader(253)) - bcb704dc-2543-42a4-8762-cde039a55a99@group-05F420F720C9: change Leader from null to bcb704dc-2543-42a4-8762-cde039a55a99 at term 1 for becomeLeader, leader elected after 5062ms
2019-09-26 15:38:59,470 [pool-123-thread-1] INFO  server.RaftServerConfigKeys (ConfUtils.java:logGet(43)) - raft.server.log.use.memory = false (default)
2019-09-26 15:38:59,470 [bcb704dc-2543-42a4-8762-cde039a55a99@group-05F420F720C9:LeaderElection129] INFO  server.RaftServerConfigKeys (ConfUtils.java:logGet(43)) - raft.server.staging.catchup.gap = 1000 (default)
2019-09-26 15:38:59,470 [pool-123-thread-1] INFO  server.RaftServerConfigKeys (ConfUtils.java:logGet(43)) - raft.server.log.purge.gap = 1000000 (custom)
2019-09-26 15:38:59,470 [bcb704dc-2543-42a4-8762-cde039a55a99@group-05F420F720C9:LeaderElection129] INFO  server.RaftServerConfigKeys (ConfUtils.java:logGet(43)) - raft.server.rpc.sleep.time = 25ms (default)
2019-09-26 15:38:59,470 [pool-123-thread-1] INFO  server.RaftServerConfigKeys (ConfUtils.java:logGet(43)) - raft.server.log.appender.buffer.byte-limit = 33554432 (custom)
2019-09-26 15:38:59,471 [bcb704dc-2543-42a4-8762-cde039a55a99@group-05F420F720C9:LeaderElection129] INFO  server.RaftServerConfigKeys (ConfUtils.java:logGet(43)) - raft.server.write.element-limit = 4096 (default)
2019-09-26 15:38:59,471 [pool-123-thread-1] INFO  server.RaftServerConfigKeys (ConfUtils.java:logGet(43)) - raft.server.log.segment.size.max = 1048576 (custom)
2019-09-26 15:38:59,472 [pool-123-thread-1] INFO  server.RaftServerConfigKeys (ConfUtils.java:logGet(43)) - raft.server.log.segment.cache.num.max = 2 (custom)
2019-09-26 15:38:59,471 [bcb704dc-2543-42a4-8762-cde039a55a99@group-05F420F720C9:LeaderElection129] INFO  server.RaftServerConfigKeys (ConfUtils.java:logGet(43)) - raft.server.watch.timeout = 10s (default)
2019-09-26 15:38:59,472 [pool-123-thread-1] INFO  segmented.SegmentedRaftLogWorker (SegmentedRaftLogWorker.java:<init>(172)) - new bcb704dc-2543-42a4-8762-cde039a55a99@group-64EA007B3927-SegmentedRaftLogWorker for RaftStorage:Storage Directory /workdir/hadoop-ozone/integration-test/target/test-dir/MiniOzoneClusterImpl-87962e32-e39f-4c57-b747-30c883c1cc54/datanode-0/data/ratis/9cf1493e-39cf-4cdd-baa8-64ea007b3927
2019-09-26 15:38:59,472 [bcb704dc-2543-42a4-8762-cde039a55a99@group-05F420F720C9:LeaderElection129] INFO  server.RaftServerConfigKeys (ConfUtils.java:logGet(43)) - raft.server.watch.timeout.denomination = 1s (default)
2019-09-26 15:38:59,472 [pool-123-thread-1] INFO  server.RaftServerConfigKeys (ConfUtils.java:logGet(43)) - raft.server.log.queue.byte-limit = 2147483647 (custom)
2019-09-26 15:38:59,473 [bcb704dc-2543-42a4-8762-cde039a55a99@group-05F420F720C9:LeaderElection129] INFO  server.RaftServerConfigKeys (ConfUtils.java:logGet(43)) - raft.server.watch.element-limit = 65536 (default)
2019-09-26 15:38:59,473 [pool-123-thread-1] INFO  server.RaftServerConfigKeys (ConfUtils.java:logGet(43)) - raft.server.log.queue.element-limit = 1024 (custom)
2019-09-26 15:38:59,473 [pool-123-thread-1] INFO  server.RaftServerConfigKeys (ConfUtils.java:logGet(43)) - raft.server.log.segment.size.max = 1048576 (custom)
2019-09-26 15:38:59,473 [pool-123-thread-1] INFO  server.RaftServerConfigKeys (ConfUtils.java:logGet(43)) - raft.server.log.preallocated.size = 16384 (custom)
2019-09-26 15:38:59,473 [pool-123-thread-1] INFO  server.RaftServerConfigKeys (ConfUtils.java:logGet(43)) - raft.server.log.write.buffer.size = 33554432 (custom)
2019-09-26 15:38:59,473 [pool-123-thread-1] INFO  server.RaftServerConfigKeys (ConfUtils.java:logGet(43)) - raft.server.log.force.sync.num = 128 (default)
2019-09-26 15:38:59,473 [pool-123-thread-1] INFO  server.RaftServerConfigKeys (ConfUtils.java:logGet(43)) - raft.server.log.statemachine.data.sync = true (default)
2019-09-26 15:38:59,473 [pool-123-thread-1] INFO  server.RaftServerConfigKeys (ConfUtils.java:logGet(43)) - raft.server.log.statemachine.data.sync.timeout = 10s (default)
2019-09-26 15:38:59,473 [pool-123-thread-1] INFO  server.RaftServerConfigKeys (ConfUtils.java:logGet(43)) - raft.server.log.statemachine.data.sync.timeout.retry = -1 (default)
2019-09-26 15:38:59,473 [pool-123-thread-1] INFO  server.RaftServerConfigKeys (ConfUtils.java:logGet(43)) - raft.server.log.statemachine.data.caching.enabled = true (custom)
2019-09-26 15:38:59,474 [pool-123-thread-1] INFO  segmented.SegmentedRaftLogWorker (SegmentedRaftLogWorker.java:lambda$new$0(132)) - bcb704dc-2543-42a4-8762-cde039a55a99@group-64EA007B3927-SegmentedRaftLogWorker: flushIndex: setUnconditionally 0 -> -1
2019-09-26 15:38:59,474 [pool-123-thread-1] INFO  server.RaftServerConfigKeys (ConfUtils.java:logGet(43)) - raft.server.snapshot.auto.trigger.enabled = true (custom)
2019-09-26 15:38:59,474 [pool-123-thread-1] INFO  server.RaftServerConfigKeys (ConfUtils.java:logGet(43)) - raft.server.snapshot.auto.trigger.threshold = 10000 (custom)
2019-09-26 15:38:59,474 [pool-123-thread-1] INFO  server.RaftServerConfigKeys (ConfUtils.java:logGet(43)) - raft.server.snapshot.retention.num.files = 5 (custom)
2019-09-26 15:38:59,474 [bcb704dc-2543-42a4-8762-cde039a55a99@group-05F420F720C9:LeaderElection129] INFO  impl.RoleInfo (RoleInfo.java:updateAndGet(143)) - bcb704dc-2543-42a4-8762-cde039a55a99: start LeaderState
2019-09-26 15:38:59,474 [pool-123-thread-1] INFO  server.RaftServerConfigKeys (ConfUtils.java:logGet(43)) - raft.server.retrycache.expirytime = 600000ms (custom)
2019-09-26 15:38:59,474 [bcb704dc-2543-42a4-8762-cde039a55a99@group-05F420F720C9:LeaderElection129] INFO  segmented.SegmentedRaftLogWorker (SegmentedRaftLogWorker.java:startLogSegment(380)) - bcb704dc-2543-42a4-8762-cde039a55a99@group-05F420F720C9-SegmentedRaftLogWorker: Starting segment from index:0
2019-09-26 15:38:59,475 [bcb704dc-2543-42a4-8762-cde039a55a99@group-05F420F720C9:LeaderElection129] INFO  impl.RaftServerImpl (ServerState.java:setRaftConf(354)) - bcb704dc-2543-42a4-8762-cde039a55a99@group-05F420F720C9: set configuration 0: [bcb704dc-2543-42a4-8762-cde039a55a99:192.168.151.99:43663], old=null at 0
2019-09-26 15:38:59,475 [pool-123-thread-1] INFO  impl.RaftServerImpl (RaftServerImpl.java:start(185)) - bcb704dc-2543-42a4-8762-cde039a55a99@group-64EA007B3927: start as a follower, conf=-1: [bcb704dc-2543-42a4-8762-cde039a55a99:192.168.151.99:43663], old=null
2019-09-26 15:38:59,475 [pool-123-thread-1] INFO  impl.RaftServerImpl (RaftServerImpl.java:setRole(174)) - bcb704dc-2543-42a4-8762-cde039a55a99@group-64EA007B3927: changes role from      null to FOLLOWER at term 0 for startAsFollower
2019-09-26 15:38:59,475 [pool-123-thread-1] INFO  impl.RoleInfo (RoleInfo.java:updateAndGet(143)) - bcb704dc-2543-42a4-8762-cde039a55a99: start FollowerState
2019-09-26 15:38:59,476 [pool-123-thread-1] INFO  util.JmxRegister (JmxRegister.java:tryRegister(44)) - Successfully registered JMX Bean with object name Ratis:service=RaftServer,group=group-64EA007B3927,id=bcb704dc-2543-42a4-8762-cde039a55a99
2019-09-26 15:38:59,478 [RatisPipelineUtilsThread] INFO  pipeline.PipelineStateManager (PipelineStateManager.java:addPipeline(56)) - Created pipeline Pipeline[ Id: 9cf1493e-39cf-4cdd-baa8-64ea007b3927, Nodes: bcb704dc-2543-42a4-8762-cde039a55a99{ip: 192.168.151.99, host: pr-hdds-1569-g6sp5-2013761785, networkLocation: /default-rack, certSerialId: null}, Type:RATIS, Factor:ONE, State:OPEN]
2019-09-26 15:38:59,482 [grpc-default-executor-0] INFO  impl.RaftServerProxy (RaftServerProxy.java:addNew(89)) - bcb704dc-2543-42a4-8762-cde039a55a99: addNew group-DEF52561270D:[bcb704dc-2543-42a4-8762-cde039a55a99:192.168.151.99:43663] returns group-DEF52561270D:java.util.concurrent.CompletableFuture@1da567a8[Not completed]
2019-09-26 15:38:59,482 [pool-123-thread-1] INFO  impl.RaftServerImpl (RaftServerImpl.java:<init>(95)) - bcb704dc-2543-42a4-8762-cde039a55a99: new RaftServerImpl for group-DEF52561270D:[bcb704dc-2543-42a4-8762-cde039a55a99:192.168.151.99:43663] with ContainerStateMachine:uninitialized
2019-09-26 15:38:59,483 [pool-123-thread-1] INFO  server.RaftServerConfigKeys (ConfUtils.java:logGet(43)) - raft.server.rpc.timeout.min = 5s (custom)
2019-09-26 15:38:59,483 [pool-123-thread-1] INFO  server.RaftServerConfigKeys (ConfUtils.java:logGet(43)) - raft.server.rpc.timeout.max = 5200ms (custom)
2019-09-26 15:38:59,483 [pool-123-thread-1] INFO  server.RaftServerConfigKeys (ConfUtils.java:logGet(43)) - raft.server.rpcslowness.timeout = 120s (custom)
2019-09-26 15:38:59,483 [pool-123-thread-1] INFO  server.RaftServerConfigKeys (ConfUtils.java:logGet(43)) - raft.server.sleep.deviation.threshold = 300 (default)
2019-09-26 15:38:59,483 [pool-123-thread-1] INFO  server.RaftServerConfigKeys (ConfUtils.java:logGet(43)) - raft.server.log.appender.install.snapshot.enabled = false (custom)
2019-09-26 15:38:59,483 [pool-123-thread-1] INFO  impl.RaftServerImpl (ServerState.java:<init>(103)) - bcb704dc-2543-42a4-8762-cde039a55a99@group-DEF52561270D: ConfigurationManager, init=-1: [bcb704dc-2543-42a4-8762-cde039a55a99:192.168.151.99:43663], old=null, confs=<EMPTY_MAP>
2019-09-26 15:38:59,483 [pool-123-thread-1] INFO  server.RaftServerConfigKeys (ConfUtils.java:logGet(43)) - raft.server.storage.dir = [/workdir/hadoop-ozone/integration-test/target/test-dir/MiniOzoneClusterImpl-87962e32-e39f-4c57-b747-30c883c1cc54/datanode-0/data/ratis] (custom)
2019-09-26 15:38:59,484 [pool-123-thread-1] INFO  storage.RaftStorageDirectory (RaftStorageDirectory.java:analyzeStorage(246)) - The storage directory /workdir/hadoop-ozone/integration-test/target/test-dir/MiniOzoneClusterImpl-87962e32-e39f-4c57-b747-30c883c1cc54/datanode-0/data/ratis/fe931886-88ae-4803-87e7-def52561270d does not exist. Creating ...
2019-09-26 15:38:59,525 [pool-123-thread-1] INFO  storage.RaftStorageDirectory (RaftStorageDirectory.java:tryLock(328)) - Lock on /workdir/hadoop-ozone/integration-test/target/test-dir/MiniOzoneClusterImpl-87962e32-e39f-4c57-b747-30c883c1cc54/datanode-0/data/ratis/fe931886-88ae-4803-87e7-def52561270d/in_use.lock acquired by nodename 10626@pr-hdds-1569-g6sp5-2013761785
2019-09-26 15:38:59,526 [Thread-1880] INFO  impl.FollowerState (FollowerState.java:run(106)) - bcb704dc-2543-42a4-8762-cde039a55a99:group-8CA2A8BE6B00 changes to CANDIDATE, lastRpcTime:5192, electionTimeout:5192ms
2019-09-26 15:38:59,527 [Thread-1880] INFO  impl.RoleInfo (RoleInfo.java:shutdownFollowerState(121)) - bcb704dc-2543-42a4-8762-cde039a55a99: shutdown FollowerState
2019-09-26 15:38:59,527 [Thread-1880] INFO  impl.RaftServerImpl (RaftServerImpl.java:setRole(174)) - bcb704dc-2543-42a4-8762-cde039a55a99@group-8CA2A8BE6B00: changes role from  FOLLOWER to CANDIDATE at term 0 for changeToCandidate
2019-09-26 15:38:59,527 [Thread-1880] INFO  impl.RoleInfo (RoleInfo.java:updateAndGet(143)) - bcb704dc-2543-42a4-8762-cde039a55a99: start LeaderElection
2019-09-26 15:38:59,552 [bcb704dc-2543-42a4-8762-cde039a55a99@group-05F420F720C9-SegmentedRaftLogWorker] INFO  segmented.SegmentedRaftLogWorker (SegmentedRaftLogWorker.java:execute(569)) - bcb704dc-2543-42a4-8762-cde039a55a99@group-05F420F720C9-SegmentedRaftLogWorker: created new log segment /workdir/hadoop-ozone/integration-test/target/test-dir/MiniOzoneClusterImpl-87962e32-e39f-4c57-b747-30c883c1cc54/datanode-0/data/ratis/911e5e10-0ca5-43bb-b5b4-05f420f720c9/current/log_inprogress_0
2019-09-26 15:38:59,605 [Thread-1891] INFO  impl.FollowerState (FollowerState.java:run(106)) - bcb704dc-2543-42a4-8762-cde039a55a99:group-A96EA70B1F41 changes to CANDIDATE, lastRpcTime:5131, electionTimeout:5129ms
2019-09-26 15:38:59,605 [Thread-1891] INFO  impl.RoleInfo (RoleInfo.java:shutdownFollowerState(121)) - bcb704dc-2543-42a4-8762-cde039a55a99: shutdown FollowerState
2019-09-26 15:38:59,605 [Thread-1891] INFO  impl.RaftServerImpl (RaftServerImpl.java:setRole(174)) - bcb704dc-2543-42a4-8762-cde039a55a99@group-A96EA70B1F41: changes role from  FOLLOWER to CANDIDATE at term 0 for changeToCandidate
2019-09-26 15:38:59,606 [Thread-1891] INFO  impl.RoleInfo (RoleInfo.java:updateAndGet(143)) - bcb704dc-2543-42a4-8762-cde039a55a99: start LeaderElection
2019-09-26 15:38:59,607 [pool-123-thread-1] INFO  storage.RaftStorage (RaftStorage.java:format(72)) - Storage directory /workdir/hadoop-ozone/integration-test/target/test-dir/MiniOzoneClusterImpl-87962e32-e39f-4c57-b747-30c883c1cc54/datanode-0/data/ratis/fe931886-88ae-4803-87e7-def52561270d has been successfully formatted.
2019-09-26 15:38:59,607 [bcb704dc-2543-42a4-8762-cde039a55a99@group-8CA2A8BE6B00:LeaderElection130] INFO  impl.LeaderElection (LeaderElection.java:askForVotes(182)) - bcb704dc-2543-42a4-8762-cde039a55a99@group-8CA2A8BE6B00:LeaderElection130: begin an election at term 1 for -1: [bcb704dc-2543-42a4-8762-cde039a55a99:192.168.151.99:43663], old=null
2019-09-26 15:38:59,607 [pool-123-thread-1] INFO  ratis.ContainerStateMachine (ContainerStateMachine.java:loadSnapshot(230)) - group-DEF52561270D: The snapshot info is null. Setting the last applied indexto:(t:0, i:~)
2019-09-26 15:38:59,607 [pool-123-thread-1] INFO  server.RaftServerConfigKeys (ConfUtils.java:logGet(43)) - raft.server.notification.no-leader.timeout = 120s (custom)
2019-09-26 15:38:59,607 [bcb704dc-2543-42a4-8762-cde039a55a99@group-8CA2A8BE6B00:LeaderElection130] INFO  impl.RoleInfo (RoleInfo.java:shutdownLeaderElection(134)) - bcb704dc-2543-42a4-8762-cde039a55a99: shutdown LeaderElection
2019-09-26 15:38:59,607 [pool-123-thread-1] INFO  server.RaftServerConfigKeys (ConfUtils.java:logGet(43)) - raft.server.log.use.memory = false (default)
2019-09-26 15:38:59,607 [bcb704dc-2543-42a4-8762-cde039a55a99@group-8CA2A8BE6B00:LeaderElection130] INFO  impl.RaftServerImpl (RaftServerImpl.java:setRole(174)) - bcb704dc-2543-42a4-8762-cde039a55a99@group-8CA2A8BE6B00: changes role from CANDIDATE to LEADER at term 1 for changeToLeader
2019-09-26 15:38:59,608 [pool-123-thread-1] INFO  server.RaftServerConfigKeys (ConfUtils.java:logGet(43)) - raft.server.log.purge.gap = 1000000 (custom)
2019-09-26 15:38:59,608 [bcb704dc-2543-42a4-8762-cde039a55a99@group-8CA2A8BE6B00:LeaderElection130] INFO  impl.RaftServerImpl (ServerState.java:setLeader(253)) - bcb704dc-2543-42a4-8762-cde039a55a99@group-8CA2A8BE6B00: change Leader from null to bcb704dc-2543-42a4-8762-cde039a55a99 at term 1 for becomeLeader, leader elected after 5277ms
2019-09-26 15:38:59,608 [pool-123-thread-1] INFO  server.RaftServerConfigKeys (ConfUtils.java:logGet(43)) - raft.server.log.appender.buffer.byte-limit = 33554432 (custom)
2019-09-26 15:38:59,608 [bcb704dc-2543-42a4-8762-cde039a55a99@group-8CA2A8BE6B00:LeaderElection130] INFO  server.RaftServerConfigKeys (ConfUtils.java:logGet(43)) - raft.server.staging.catchup.gap = 1000 (default)
2019-09-26 15:38:59,608 [pool-123-thread-1] INFO  server.RaftServerConfigKeys (ConfUtils.java:logGet(43)) - raft.server.log.segment.size.max = 1048576 (custom)
2019-09-26 15:38:59,608 [bcb704dc-2543-42a4-8762-cde039a55a99@group-8CA2A8BE6B00:LeaderElection130] INFO  server.RaftServerConfigKeys (ConfUtils.java:logGet(43)) - raft.server.rpc.sleep.time = 25ms (default)
2019-09-26 15:38:59,608 [pool-123-thread-1] INFO  server.RaftServerConfigKeys (ConfUtils.java:logGet(43)) - raft.server.log.segment.cache.num.max = 2 (custom)
2019-09-26 15:38:59,608 [bcb704dc-2543-42a4-8762-cde039a55a99@group-8CA2A8BE6B00:LeaderElection130] INFO  server.RaftServerConfigKeys (ConfUtils.java:logGet(43)) - raft.server.write.element-limit = 4096 (default)
2019-09-26 15:38:59,608 [pool-123-thread-1] INFO  segmented.SegmentedRaftLogWorker (SegmentedRaftLogWorker.java:<init>(172)) - new bcb704dc-2543-42a4-8762-cde039a55a99@group-DEF52561270D-SegmentedRaftLogWorker for RaftStorage:Storage Directory /workdir/hadoop-ozone/integration-test/target/test-dir/MiniOzoneClusterImpl-87962e32-e39f-4c57-b747-30c883c1cc54/datanode-0/data/ratis/fe931886-88ae-4803-87e7-def52561270d
2019-09-26 15:38:59,609 [bcb704dc-2543-42a4-8762-cde039a55a99@group-8CA2A8BE6B00:LeaderElection130] INFO  server.RaftServerConfigKeys (ConfUtils.java:logGet(43)) - raft.server.watch.timeout = 10s (default)
2019-09-26 15:38:59,609 [pool-123-thread-1] INFO  server.RaftServerConfigKeys (ConfUtils.java:logGet(43)) - raft.server.log.queue.byte-limit = 2147483647 (custom)
2019-09-26 15:38:59,609 [bcb704dc-2543-42a4-8762-cde039a55a99@group-8CA2A8BE6B00:LeaderElection130] INFO  server.RaftServerConfigKeys (ConfUtils.java:logGet(43)) - raft.server.watch.timeout.denomination = 1s (default)
2019-09-26 15:38:59,609 [pool-123-thread-1] INFO  server.RaftServerConfigKeys (ConfUtils.java:logGet(43)) - raft.server.log.queue.element-limit = 1024 (custom)
2019-09-26 15:38:59,609 [bcb704dc-2543-42a4-8762-cde039a55a99@group-8CA2A8BE6B00:LeaderElection130] INFO  server.RaftServerConfigKeys (ConfUtils.java:logGet(43)) - raft.server.watch.element-limit = 65536 (default)
2019-09-26 15:38:59,609 [pool-123-thread-1] INFO  server.RaftServerConfigKeys (ConfUtils.java:logGet(43)) - raft.server.log.segment.size.max = 1048576 (custom)
2019-09-26 15:38:59,609 [pool-123-thread-1] INFO  server.RaftServerConfigKeys (ConfUtils.java:logGet(43)) - raft.server.log.preallocated.size = 16384 (custom)
2019-09-26 15:38:59,610 [pool-123-thread-1] INFO  server.RaftServerConfigKeys (ConfUtils.java:logGet(43)) - raft.server.log.write.buffer.size = 33554432 (custom)
2019-09-26 15:38:59,610 [pool-123-thread-1] INFO  server.RaftServerConfigKeys (ConfUtils.java:logGet(43)) - raft.server.log.force.sync.num = 128 (default)
2019-09-26 15:38:59,610 [pool-123-thread-1] INFO  server.RaftServerConfigKeys (ConfUtils.java:logGet(43)) - raft.server.log.statemachine.data.sync = true (default)
2019-09-26 15:38:59,610 [pool-123-thread-1] INFO  server.RaftServerConfigKeys (ConfUtils.java:logGet(43)) - raft.server.log.statemachine.data.sync.timeout = 10s (default)
2019-09-26 15:38:59,610 [pool-123-thread-1] INFO  server.RaftServerConfigKeys (ConfUtils.java:logGet(43)) - raft.server.log.statemachine.data.sync.timeout.retry = -1 (default)
2019-09-26 15:38:59,610 [pool-123-thread-1] INFO  server.RaftServerConfigKeys (ConfUtils.java:logGet(43)) - raft.server.log.statemachine.data.caching.enabled = true (custom)
2019-09-26 15:38:59,610 [pool-123-thread-1] INFO  segmented.SegmentedRaftLogWorker (SegmentedRaftLogWorker.java:lambda$new$0(132)) - bcb704dc-2543-42a4-8762-cde039a55a99@group-DEF52561270D-SegmentedRaftLogWorker: flushIndex: setUnconditionally 0 -> -1
2019-09-26 15:38:59,611 [pool-123-thread-1] INFO  server.RaftServerConfigKeys (ConfUtils.java:logGet(43)) - raft.server.snapshot.auto.trigger.enabled = true (custom)
2019-09-26 15:38:59,611 [pool-123-thread-1] INFO  server.RaftServerConfigKeys (ConfUtils.java:logGet(43)) - raft.server.snapshot.auto.trigger.threshold = 10000 (custom)
2019-09-26 15:38:59,611 [pool-123-thread-1] INFO  server.RaftServerConfigKeys (ConfUtils.java:logGet(43)) - raft.server.snapshot.retention.num.files = 5 (custom)
2019-09-26 15:38:59,611 [pool-123-thread-1] INFO  server.RaftServerConfigKeys (ConfUtils.java:logGet(43)) - raft.server.retrycache.expirytime = 600000ms (custom)
2019-09-26 15:38:59,611 [bcb704dc-2543-42a4-8762-cde039a55a99@group-8CA2A8BE6B00:LeaderElection130] INFO  impl.RoleInfo (RoleInfo.java:updateAndGet(143)) - bcb704dc-2543-42a4-8762-cde039a55a99: start LeaderState
2019-09-26 15:38:59,611 [bcb704dc-2543-42a4-8762-cde039a55a99@group-8CA2A8BE6B00:LeaderElection130] INFO  segmented.SegmentedRaftLogWorker (SegmentedRaftLogWorker.java:startLogSegment(380)) - bcb704dc-2543-42a4-8762-cde039a55a99@group-8CA2A8BE6B00-SegmentedRaftLogWorker: Starting segment from index:0
2019-09-26 15:38:59,612 [bcb704dc-2543-42a4-8762-cde039a55a99@group-8CA2A8BE6B00:LeaderElection130] INFO  impl.RaftServerImpl (ServerState.java:setRaftConf(354)) - bcb704dc-2543-42a4-8762-cde039a55a99@group-8CA2A8BE6B00: set configuration 0: [bcb704dc-2543-42a4-8762-cde039a55a99:192.168.151.99:43663], old=null at 0
2019-09-26 15:38:59,612 [pool-123-thread-1] INFO  impl.RaftServerImpl (RaftServerImpl.java:start(185)) - bcb704dc-2543-42a4-8762-cde039a55a99@group-DEF52561270D: start as a follower, conf=-1: [bcb704dc-2543-42a4-8762-cde039a55a99:192.168.151.99:43663], old=null
2019-09-26 15:38:59,613 [pool-123-thread-1] INFO  impl.RaftServerImpl (RaftServerImpl.java:setRole(174)) - bcb704dc-2543-42a4-8762-cde039a55a99@group-DEF52561270D: changes role from      null to FOLLOWER at term 0 for startAsFollower
2019-09-26 15:38:59,613 [pool-123-thread-1] INFO  impl.RoleInfo (RoleInfo.java:updateAndGet(143)) - bcb704dc-2543-42a4-8762-cde039a55a99: start FollowerState
2019-09-26 15:38:59,613 [pool-123-thread-1] INFO  util.JmxRegister (JmxRegister.java:tryRegister(44)) - Successfully registered JMX Bean with object name Ratis:service=RaftServer,group=group-DEF52561270D,id=bcb704dc-2543-42a4-8762-cde039a55a99
2019-09-26 15:38:59,616 [RatisPipelineUtilsThread] INFO  pipeline.PipelineStateManager (PipelineStateManager.java:addPipeline(56)) - Created pipeline Pipeline[ Id: fe931886-88ae-4803-87e7-def52561270d, Nodes: bcb704dc-2543-42a4-8762-cde039a55a99{ip: 192.168.151.99, host: pr-hdds-1569-g6sp5-2013761785, networkLocation: /default-rack, certSerialId: null}, Type:RATIS, Factor:ONE, State:OPEN]
2019-09-26 15:38:59,620 [grpc-default-executor-0] INFO  impl.RaftServerProxy (RaftServerProxy.java:addNew(89)) - bcb704dc-2543-42a4-8762-cde039a55a99: addNew group-0DF8239C052C:[bcb704dc-2543-42a4-8762-cde039a55a99:192.168.151.99:43663] returns group-0DF8239C052C:java.util.concurrent.CompletableFuture@78550039[Not completed]
2019-09-26 15:38:59,621 [pool-123-thread-1] INFO  impl.RaftServerImpl (RaftServerImpl.java:<init>(95)) - bcb704dc-2543-42a4-8762-cde039a55a99: new RaftServerImpl for group-0DF8239C052C:[bcb704dc-2543-42a4-8762-cde039a55a99:192.168.151.99:43663] with ContainerStateMachine:uninitialized
2019-09-26 15:38:59,621 [pool-123-thread-1] INFO  server.RaftServerConfigKeys (ConfUtils.java:logGet(43)) - raft.server.rpc.timeout.min = 5s (custom)
2019-09-26 15:38:59,621 [pool-123-thread-1] INFO  server.RaftServerConfigKeys (ConfUtils.java:logGet(43)) - raft.server.rpc.timeout.max = 5200ms (custom)
2019-09-26 15:38:59,621 [pool-123-thread-1] INFO  server.RaftServerConfigKeys (ConfUtils.java:logGet(43)) - raft.server.rpcslowness.timeout = 120s (custom)
2019-09-26 15:38:59,621 [pool-123-thread-1] INFO  server.RaftServerConfigKeys (ConfUtils.java:logGet(43)) - raft.server.sleep.deviation.threshold = 300 (default)
2019-09-26 15:38:59,621 [pool-123-thread-1] INFO  server.RaftServerConfigKeys (ConfUtils.java:logGet(43)) - raft.server.log.appender.install.snapshot.enabled = false (custom)
2019-09-26 15:38:59,621 [pool-123-thread-1] INFO  impl.RaftServerImpl (ServerState.java:<init>(103)) - bcb704dc-2543-42a4-8762-cde039a55a99@group-0DF8239C052C: ConfigurationManager, init=-1: [bcb704dc-2543-42a4-8762-cde039a55a99:192.168.151.99:43663], old=null, confs=<EMPTY_MAP>
2019-09-26 15:38:59,621 [pool-123-thread-1] INFO  server.RaftServerConfigKeys (ConfUtils.java:logGet(43)) - raft.server.storage.dir = [/workdir/hadoop-ozone/integration-test/target/test-dir/MiniOzoneClusterImpl-87962e32-e39f-4c57-b747-30c883c1cc54/datanode-0/data/ratis] (custom)
2019-09-26 15:38:59,622 [pool-123-thread-1] INFO  storage.RaftStorageDirectory (RaftStorageDirectory.java:analyzeStorage(246)) - The storage directory /workdir/hadoop-ozone/integration-test/target/test-dir/MiniOzoneClusterImpl-87962e32-e39f-4c57-b747-30c883c1cc54/datanode-0/data/ratis/023ced36-1126-44a3-a40d-0df8239c052c does not exist. Creating ...
2019-09-26 15:38:59,657 [bcb704dc-2543-42a4-8762-cde039a55a99@group-A96EA70B1F41:LeaderElection131] INFO  impl.LeaderElection (LeaderElection.java:askForVotes(182)) - bcb704dc-2543-42a4-8762-cde039a55a99@group-A96EA70B1F41:LeaderElection131: begin an election at term 1 for -1: [bcb704dc-2543-42a4-8762-cde039a55a99:192.168.151.99:43663], old=null
2019-09-26 15:38:59,657 [bcb704dc-2543-42a4-8762-cde039a55a99@group-A96EA70B1F41:LeaderElection131] INFO  impl.RoleInfo (RoleInfo.java:shutdownLeaderElection(134)) - bcb704dc-2543-42a4-8762-cde039a55a99: shutdown LeaderElection
2019-09-26 15:38:59,657 [bcb704dc-2543-42a4-8762-cde039a55a99@group-A96EA70B1F41:LeaderElection131] INFO  impl.RaftServerImpl (RaftServerImpl.java:setRole(174)) - bcb704dc-2543-42a4-8762-cde039a55a99@group-A96EA70B1F41: changes role from CANDIDATE to LEADER at term 1 for changeToLeader
2019-09-26 15:38:59,658 [bcb704dc-2543-42a4-8762-cde039a55a99@group-A96EA70B1F41:LeaderElection131] INFO  impl.RaftServerImpl (ServerState.java:setLeader(253)) - bcb704dc-2543-42a4-8762-cde039a55a99@group-A96EA70B1F41: change Leader from null to bcb704dc-2543-42a4-8762-cde039a55a99 at term 1 for becomeLeader, leader elected after 5193ms
2019-09-26 15:38:59,658 [bcb704dc-2543-42a4-8762-cde039a55a99@group-A96EA70B1F41:LeaderElection131] INFO  server.RaftServerConfigKeys (ConfUtils.java:logGet(43)) - raft.server.staging.catchup.gap = 1000 (default)
2019-09-26 15:38:59,658 [bcb704dc-2543-42a4-8762-cde039a55a99@group-A96EA70B1F41:LeaderElection131] INFO  server.RaftServerConfigKeys (ConfUtils.java:logGet(43)) - raft.server.rpc.sleep.time = 25ms (default)
2019-09-26 15:38:59,658 [bcb704dc-2543-42a4-8762-cde039a55a99@group-A96EA70B1F41:LeaderElection131] INFO  server.RaftServerConfigKeys (ConfUtils.java:logGet(43)) - raft.server.write.element-limit = 4096 (default)
2019-09-26 15:38:59,658 [bcb704dc-2543-42a4-8762-cde039a55a99@group-A96EA70B1F41:LeaderElection131] INFO  server.RaftServerConfigKeys (ConfUtils.java:logGet(43)) - raft.server.watch.timeout = 10s (default)
2019-09-26 15:38:59,658 [bcb704dc-2543-42a4-8762-cde039a55a99@group-A96EA70B1F41:LeaderElection131] INFO  server.RaftServerConfigKeys (ConfUtils.java:logGet(43)) - raft.server.watch.timeout.denomination = 1s (default)
2019-09-26 15:38:59,658 [bcb704dc-2543-42a4-8762-cde039a55a99@group-A96EA70B1F41:LeaderElection131] INFO  server.RaftServerConfigKeys (ConfUtils.java:logGet(43)) - raft.server.watch.element-limit = 65536 (default)
2019-09-26 15:38:59,658 [pool-123-thread-1] INFO  storage.RaftStorageDirectory (RaftStorageDirectory.java:tryLock(328)) - Lock on /workdir/hadoop-ozone/integration-test/target/test-dir/MiniOzoneClusterImpl-87962e32-e39f-4c57-b747-30c883c1cc54/datanode-0/data/ratis/023ced36-1126-44a3-a40d-0df8239c052c/in_use.lock acquired by nodename 10626@pr-hdds-1569-g6sp5-2013761785
2019-09-26 15:38:59,658 [bcb704dc-2543-42a4-8762-cde039a55a99@group-8CA2A8BE6B00-SegmentedRaftLogWorker] INFO  segmented.SegmentedRaftLogWorker (SegmentedRaftLogWorker.java:execute(569)) - bcb704dc-2543-42a4-8762-cde039a55a99@group-8CA2A8BE6B00-SegmentedRaftLogWorker: created new log segment /workdir/hadoop-ozone/integration-test/target/test-dir/MiniOzoneClusterImpl-87962e32-e39f-4c57-b747-30c883c1cc54/datanode-0/data/ratis/34c2bc2e-580d-44f2-88b2-8ca2a8be6b00/current/log_inprogress_0
2019-09-26 15:38:59,660 [bcb704dc-2543-42a4-8762-cde039a55a99@group-A96EA70B1F41:LeaderElection131] INFO  impl.RoleInfo (RoleInfo.java:updateAndGet(143)) - bcb704dc-2543-42a4-8762-cde039a55a99: start LeaderState
2019-09-26 15:38:59,660 [bcb704dc-2543-42a4-8762-cde039a55a99@group-A96EA70B1F41:LeaderElection131] INFO  segmented.SegmentedRaftLogWorker (SegmentedRaftLogWorker.java:startLogSegment(380)) - bcb704dc-2543-42a4-8762-cde039a55a99@group-A96EA70B1F41-SegmentedRaftLogWorker: Starting segment from index:0
2019-09-26 15:38:59,660 [bcb704dc-2543-42a4-8762-cde039a55a99@group-A96EA70B1F41:LeaderElection131] INFO  impl.RaftServerImpl (ServerState.java:setRaftConf(354)) - bcb704dc-2543-42a4-8762-cde039a55a99@group-A96EA70B1F41: set configuration 0: [bcb704dc-2543-42a4-8762-cde039a55a99:192.168.151.99:43663], old=null at 0
2019-09-26 15:38:59,684 [pool-123-thread-1] INFO  storage.RaftStorage (RaftStorage.java:format(72)) - Storage directory /workdir/hadoop-ozone/integration-test/target/test-dir/MiniOzoneClusterImpl-87962e32-e39f-4c57-b747-30c883c1cc54/datanode-0/data/ratis/023ced36-1126-44a3-a40d-0df8239c052c has been successfully formatted.
2019-09-26 15:38:59,684 [pool-123-thread-1] INFO  ratis.ContainerStateMachine (ContainerStateMachine.java:loadSnapshot(230)) - group-0DF8239C052C: The snapshot info is null. Setting the last applied indexto:(t:0, i:~)
2019-09-26 15:38:59,684 [pool-123-thread-1] INFO  server.RaftServerConfigKeys (ConfUtils.java:logGet(43)) - raft.server.notification.no-leader.timeout = 120s (custom)
2019-09-26 15:38:59,685 [pool-123-thread-1] INFO  server.RaftServerConfigKeys (ConfUtils.java:logGet(43)) - raft.server.log.use.memory = false (default)
2019-09-26 15:38:59,685 [pool-123-thread-1] INFO  server.RaftServerConfigKeys (ConfUtils.java:logGet(43)) - raft.server.log.purge.gap = 1000000 (custom)
2019-09-26 15:38:59,685 [pool-123-thread-1] INFO  server.RaftServerConfigKeys (ConfUtils.java:logGet(43)) - raft.server.log.appender.buffer.byte-limit = 33554432 (custom)
2019-09-26 15:38:59,685 [pool-123-thread-1] INFO  server.RaftServerConfigKeys (ConfUtils.java:logGet(43)) - raft.server.log.segment.size.max = 1048576 (custom)
2019-09-26 15:38:59,685 [pool-123-thread-1] INFO  server.RaftServerConfigKeys (ConfUtils.java:logGet(43)) - raft.server.log.segment.cache.num.max = 2 (custom)
2019-09-26 15:38:59,685 [pool-123-thread-1] INFO  segmented.SegmentedRaftLogWorker (SegmentedRaftLogWorker.java:<init>(172)) - new bcb704dc-2543-42a4-8762-cde039a55a99@group-0DF8239C052C-SegmentedRaftLogWorker for RaftStorage:Storage Directory /workdir/hadoop-ozone/integration-test/target/test-dir/MiniOzoneClusterImpl-87962e32-e39f-4c57-b747-30c883c1cc54/datanode-0/data/ratis/023ced36-1126-44a3-a40d-0df8239c052c
2019-09-26 15:38:59,686 [pool-123-thread-1] INFO  server.RaftServerConfigKeys (ConfUtils.java:logGet(43)) - raft.server.log.queue.byte-limit = 2147483647 (custom)
2019-09-26 15:38:59,686 [pool-123-thread-1] INFO  server.RaftServerConfigKeys (ConfUtils.java:logGet(43)) - raft.server.log.queue.element-limit = 1024 (custom)
2019-09-26 15:38:59,686 [pool-123-thread-1] INFO  server.RaftServerConfigKeys (ConfUtils.java:logGet(43)) - raft.server.log.segment.size.max = 1048576 (custom)
2019-09-26 15:38:59,686 [pool-123-thread-1] INFO  server.RaftServerConfigKeys (ConfUtils.java:logGet(43)) - raft.server.log.preallocated.size = 16384 (custom)
2019-09-26 15:38:59,686 [pool-123-thread-1] INFO  server.RaftServerConfigKeys (ConfUtils.java:logGet(43)) - raft.server.log.write.buffer.size = 33554432 (custom)
2019-09-26 15:38:59,686 [pool-123-thread-1] INFO  server.RaftServerConfigKeys (ConfUtils.java:logGet(43)) - raft.server.log.force.sync.num = 128 (default)
2019-09-26 15:38:59,686 [pool-123-thread-1] INFO  server.RaftServerConfigKeys (ConfUtils.java:logGet(43)) - raft.server.log.statemachine.data.sync = true (default)
2019-09-26 15:38:59,687 [pool-123-thread-1] INFO  server.RaftServerConfigKeys (ConfUtils.java:logGet(43)) - raft.server.log.statemachine.data.sync.timeout = 10s (default)
2019-09-26 15:38:59,687 [pool-123-thread-1] INFO  server.RaftServerConfigKeys (ConfUtils.java:logGet(43)) - raft.server.log.statemachine.data.sync.timeout.retry = -1 (default)
2019-09-26 15:38:59,687 [pool-123-thread-1] INFO  server.RaftServerConfigKeys (ConfUtils.java:logGet(43)) - raft.server.log.statemachine.data.caching.enabled = true (custom)
2019-09-26 15:38:59,687 [pool-123-thread-1] INFO  segmented.SegmentedRaftLogWorker (SegmentedRaftLogWorker.java:lambda$new$0(132)) - bcb704dc-2543-42a4-8762-cde039a55a99@group-0DF8239C052C-SegmentedRaftLogWorker: flushIndex: setUnconditionally 0 -> -1
2019-09-26 15:38:59,687 [pool-123-thread-1] INFO  server.RaftServerConfigKeys (ConfUtils.java:logGet(43)) - raft.server.snapshot.auto.trigger.enabled = true (custom)
2019-09-26 15:38:59,688 [pool-123-thread-1] INFO  server.RaftServerConfigKeys (ConfUtils.java:logGet(43)) - raft.server.snapshot.auto.trigger.threshold = 10000 (custom)
2019-09-26 15:38:59,688 [pool-123-thread-1] INFO  server.RaftServerConfigKeys (ConfUtils.java:logGet(43)) - raft.server.snapshot.retention.num.files = 5 (custom)
2019-09-26 15:38:59,688 [pool-123-thread-1] INFO  server.RaftServerConfigKeys (ConfUtils.java:logGet(43)) - raft.server.retrycache.expirytime = 600000ms (custom)
2019-09-26 15:38:59,690 [pool-123-thread-1] INFO  impl.RaftServerImpl (RaftServerImpl.java:start(185)) - bcb704dc-2543-42a4-8762-cde039a55a99@group-0DF8239C052C: start as a follower, conf=-1: [bcb704dc-2543-42a4-8762-cde039a55a99:192.168.151.99:43663], old=null
2019-09-26 15:38:59,690 [pool-123-thread-1] INFO  impl.RaftServerImpl (RaftServerImpl.java:setRole(174)) - bcb704dc-2543-42a4-8762-cde039a55a99@group-0DF8239C052C: changes role from      null to FOLLOWER at term 0 for startAsFollower
2019-09-26 15:38:59,690 [pool-123-thread-1] INFO  impl.RoleInfo (RoleInfo.java:updateAndGet(143)) - bcb704dc-2543-42a4-8762-cde039a55a99: start FollowerState
2019-09-26 15:38:59,691 [pool-123-thread-1] INFO  util.JmxRegister (JmxRegister.java:tryRegister(44)) - Successfully registered JMX Bean with object name Ratis:service=RaftServer,group=group-0DF8239C052C,id=bcb704dc-2543-42a4-8762-cde039a55a99
2019-09-26 15:38:59,693 [RatisPipelineUtilsThread] INFO  pipeline.PipelineStateManager (PipelineStateManager.java:addPipeline(56)) - Created pipeline Pipeline[ Id: 023ced36-1126-44a3-a40d-0df8239c052c, Nodes: bcb704dc-2543-42a4-8762-cde039a55a99{ip: 192.168.151.99, host: pr-hdds-1569-g6sp5-2013761785, networkLocation: /default-rack, certSerialId: null}, Type:RATIS, Factor:ONE, State:OPEN]
2019-09-26 15:38:59,697 [grpc-default-executor-0] INFO  impl.RaftServerProxy (RaftServerProxy.java:addNew(89)) - bcb704dc-2543-42a4-8762-cde039a55a99: addNew group-B2A28DABB48B:[bcb704dc-2543-42a4-8762-cde039a55a99:192.168.151.99:43663] returns group-B2A28DABB48B:java.util.concurrent.CompletableFuture@7556b60d[Not completed]
2019-09-26 15:38:59,698 [pool-123-thread-1] INFO  impl.RaftServerImpl (RaftServerImpl.java:<init>(95)) - bcb704dc-2543-42a4-8762-cde039a55a99: new RaftServerImpl for group-B2A28DABB48B:[bcb704dc-2543-42a4-8762-cde039a55a99:192.168.151.99:43663] with ContainerStateMachine:uninitialized
2019-09-26 15:38:59,698 [pool-123-thread-1] INFO  server.RaftServerConfigKeys (ConfUtils.java:logGet(43)) - raft.server.rpc.timeout.min = 5s (custom)
2019-09-26 15:38:59,698 [pool-123-thread-1] INFO  server.RaftServerConfigKeys (ConfUtils.java:logGet(43)) - raft.server.rpc.timeout.max = 5200ms (custom)
2019-09-26 15:38:59,698 [pool-123-thread-1] INFO  server.RaftServerConfigKeys (ConfUtils.java:logGet(43)) - raft.server.rpcslowness.timeout = 120s (custom)
2019-09-26 15:38:59,698 [pool-123-thread-1] INFO  server.RaftServerConfigKeys (ConfUtils.java:logGet(43)) - raft.server.sleep.deviation.threshold = 300 (default)
2019-09-26 15:38:59,698 [pool-123-thread-1] INFO  server.RaftServerConfigKeys (ConfUtils.java:logGet(43)) - raft.server.log.appender.install.snapshot.enabled = false (custom)
2019-09-26 15:38:59,698 [pool-123-thread-1] INFO  impl.RaftServerImpl (ServerState.java:<init>(103)) - bcb704dc-2543-42a4-8762-cde039a55a99@group-B2A28DABB48B: ConfigurationManager, init=-1: [bcb704dc-2543-42a4-8762-cde039a55a99:192.168.151.99:43663], old=null, confs=<EMPTY_MAP>
2019-09-26 15:38:59,699 [pool-123-thread-1] INFO  server.RaftServerConfigKeys (ConfUtils.java:logGet(43)) - raft.server.storage.dir = [/workdir/hadoop-ozone/integration-test/target/test-dir/MiniOzoneClusterImpl-87962e32-e39f-4c57-b747-30c883c1cc54/datanode-0/data/ratis] (custom)
2019-09-26 15:38:59,699 [pool-123-thread-1] INFO  storage.RaftStorageDirectory (RaftStorageDirectory.java:analyzeStorage(246)) - The storage directory /workdir/hadoop-ozone/integration-test/target/test-dir/MiniOzoneClusterImpl-87962e32-e39f-4c57-b747-30c883c1cc54/datanode-0/data/ratis/f097262a-98b2-4dc4-b6ba-b2a28dabb48b does not exist. Creating ...
2019-09-26 15:38:59,719 [pool-123-thread-1] INFO  storage.RaftStorageDirectory (RaftStorageDirectory.java:tryLock(328)) - Lock on /workdir/hadoop-ozone/integration-test/target/test-dir/MiniOzoneClusterImpl-87962e32-e39f-4c57-b747-30c883c1cc54/datanode-0/data/ratis/f097262a-98b2-4dc4-b6ba-b2a28dabb48b/in_use.lock acquired by nodename 10626@pr-hdds-1569-g6sp5-2013761785
2019-09-26 15:38:59,719 [bcb704dc-2543-42a4-8762-cde039a55a99@group-A96EA70B1F41-SegmentedRaftLogWorker] INFO  segmented.SegmentedRaftLogWorker (SegmentedRaftLogWorker.java:execute(569)) - bcb704dc-2543-42a4-8762-cde039a55a99@group-A96EA70B1F41-SegmentedRaftLogWorker: created new log segment /workdir/hadoop-ozone/integration-test/target/test-dir/MiniOzoneClusterImpl-87962e32-e39f-4c57-b747-30c883c1cc54/datanode-0/data/ratis/0fbf1043-3e4e-447f-995c-a96ea70b1f41/current/log_inprogress_0
2019-09-26 15:38:59,735 [Thread-1903] INFO  impl.FollowerState (FollowerState.java:run(106)) - bcb704dc-2543-42a4-8762-cde039a55a99:group-71551493D0E3 changes to CANDIDATE, lastRpcTime:5035, electionTimeout:5035ms
2019-09-26 15:38:59,735 [Thread-1903] INFO  impl.RoleInfo (RoleInfo.java:shutdownFollowerState(121)) - bcb704dc-2543-42a4-8762-cde039a55a99: shutdown FollowerState
2019-09-26 15:38:59,735 [Thread-1903] INFO  impl.RaftServerImpl (RaftServerImpl.java:setRole(174)) - bcb704dc-2543-42a4-8762-cde039a55a99@group-71551493D0E3: changes role from  FOLLOWER to CANDIDATE at term 0 for changeToCandidate
2019-09-26 15:38:59,735 [Thread-1903] INFO  impl.RoleInfo (RoleInfo.java:updateAndGet(143)) - bcb704dc-2543-42a4-8762-cde039a55a99: start LeaderElection
2019-09-26 15:38:59,748 [pool-123-thread-1] INFO  storage.RaftStorage (RaftStorage.java:format(72)) - Storage directory /workdir/hadoop-ozone/integration-test/target/test-dir/MiniOzoneClusterImpl-87962e32-e39f-4c57-b747-30c883c1cc54/datanode-0/data/ratis/f097262a-98b2-4dc4-b6ba-b2a28dabb48b has been successfully formatted.
2019-09-26 15:38:59,748 [pool-123-thread-1] INFO  ratis.ContainerStateMachine (ContainerStateMachine.java:loadSnapshot(230)) - group-B2A28DABB48B: The snapshot info is null. Setting the last applied indexto:(t:0, i:~)
2019-09-26 15:38:59,748 [pool-123-thread-1] INFO  server.RaftServerConfigKeys (ConfUtils.java:logGet(43)) - raft.server.notification.no-leader.timeout = 120s (custom)
2019-09-26 15:38:59,749 [pool-123-thread-1] INFO  server.RaftServerConfigKeys (ConfUtils.java:logGet(43)) - raft.server.log.use.memory = false (default)
2019-09-26 15:38:59,749 [pool-123-thread-1] INFO  server.RaftServerConfigKeys (ConfUtils.java:logGet(43)) - raft.server.log.purge.gap = 1000000 (custom)
2019-09-26 15:38:59,749 [pool-123-thread-1] INFO  server.RaftServerConfigKeys (ConfUtils.java:logGet(43)) - raft.server.log.appender.buffer.byte-limit = 33554432 (custom)
2019-09-26 15:38:59,749 [pool-123-thread-1] INFO  server.RaftServerConfigKeys (ConfUtils.java:logGet(43)) - raft.server.log.segment.size.max = 1048576 (custom)
2019-09-26 15:38:59,749 [pool-123-thread-1] INFO  server.RaftServerConfigKeys (ConfUtils.java:logGet(43)) - raft.server.log.segment.cache.num.max = 2 (custom)
2019-09-26 15:38:59,749 [pool-123-thread-1] INFO  segmented.SegmentedRaftLogWorker (SegmentedRaftLogWorker.java:<init>(172)) - new bcb704dc-2543-42a4-8762-cde039a55a99@group-B2A28DABB48B-SegmentedRaftLogWorker for RaftStorage:Storage Directory /workdir/hadoop-ozone/integration-test/target/test-dir/MiniOzoneClusterImpl-87962e32-e39f-4c57-b747-30c883c1cc54/datanode-0/data/ratis/f097262a-98b2-4dc4-b6ba-b2a28dabb48b
2019-09-26 15:38:59,749 [pool-123-thread-1] INFO  server.RaftServerConfigKeys (ConfUtils.java:logGet(43)) - raft.server.log.queue.byte-limit = 2147483647 (custom)
2019-09-26 15:38:59,749 [pool-123-thread-1] INFO  server.RaftServerConfigKeys (ConfUtils.java:logGet(43)) - raft.server.log.queue.element-limit = 1024 (custom)
2019-09-26 15:38:59,750 [pool-123-thread-1] INFO  server.RaftServerConfigKeys (ConfUtils.java:logGet(43)) - raft.server.log.segment.size.max = 1048576 (custom)
2019-09-26 15:38:59,750 [pool-123-thread-1] INFO  server.RaftServerConfigKeys (ConfUtils.java:logGet(43)) - raft.server.log.preallocated.size = 16384 (custom)
2019-09-26 15:38:59,750 [pool-123-thread-1] INFO  server.RaftServerConfigKeys (ConfUtils.java:logGet(43)) - raft.server.log.write.buffer.size = 33554432 (custom)
2019-09-26 15:38:59,750 [pool-123-thread-1] INFO  server.RaftServerConfigKeys (ConfUtils.java:logGet(43)) - raft.server.log.force.sync.num = 128 (default)
2019-09-26 15:38:59,750 [pool-123-thread-1] INFO  server.RaftServerConfigKeys (ConfUtils.java:logGet(43)) - raft.server.log.statemachine.data.sync = true (default)
2019-09-26 15:38:59,750 [pool-123-thread-1] INFO  server.RaftServerConfigKeys (ConfUtils.java:logGet(43)) - raft.server.log.statemachine.data.sync.timeout = 10s (default)
2019-09-26 15:38:59,750 [pool-123-thread-1] INFO  server.RaftServerConfigKeys (ConfUtils.java:logGet(43)) - raft.server.log.statemachine.data.sync.timeout.retry = -1 (default)
2019-09-26 15:38:59,751 [pool-123-thread-1] INFO  server.RaftServerConfigKeys (ConfUtils.java:logGet(43)) - raft.server.log.statemachine.data.caching.enabled = true (custom)
2019-09-26 15:38:59,751 [pool-123-thread-1] INFO  segmented.SegmentedRaftLogWorker (SegmentedRaftLogWorker.java:lambda$new$0(132)) - bcb704dc-2543-42a4-8762-cde039a55a99@group-B2A28DABB48B-SegmentedRaftLogWorker: flushIndex: setUnconditionally 0 -> -1
2019-09-26 15:38:59,751 [pool-123-thread-1] INFO  server.RaftServerConfigKeys (ConfUtils.java:logGet(43)) - raft.server.snapshot.auto.trigger.enabled = true (custom)
2019-09-26 15:38:59,751 [pool-123-thread-1] INFO  server.RaftServerConfigKeys (ConfUtils.java:logGet(43)) - raft.server.snapshot.auto.trigger.threshold = 10000 (custom)
2019-09-26 15:38:59,751 [pool-123-thread-1] INFO  server.RaftServerConfigKeys (ConfUtils.java:logGet(43)) - raft.server.snapshot.retention.num.files = 5 (custom)
2019-09-26 15:38:59,751 [pool-123-thread-1] INFO  server.RaftServerConfigKeys (ConfUtils.java:logGet(43)) - raft.server.retrycache.expirytime = 600000ms (custom)
2019-09-26 15:38:59,752 [Thread-1894] INFO  impl.FollowerState (FollowerState.java:run(106)) - bcb704dc-2543-42a4-8762-cde039a55a99:group-885EA9F97C29 changes to CANDIDATE, lastRpcTime:5173, electionTimeout:5173ms
2019-09-26 15:38:59,753 [Thread-1894] INFO  impl.RoleInfo (RoleInfo.java:shutdownFollowerState(121)) - bcb704dc-2543-42a4-8762-cde039a55a99: shutdown FollowerState
2019-09-26 15:38:59,753 [Thread-1894] INFO  impl.RaftServerImpl (RaftServerImpl.java:setRole(174)) - bcb704dc-2543-42a4-8762-cde039a55a99@group-885EA9F97C29: changes role from  FOLLOWER to CANDIDATE at term 0 for changeToCandidate
2019-09-26 15:38:59,753 [Thread-1894] INFO  impl.RoleInfo (RoleInfo.java:updateAndGet(143)) - bcb704dc-2543-42a4-8762-cde039a55a99: start LeaderElection
2019-09-26 15:38:59,753 [pool-123-thread-1] INFO  impl.RaftServerImpl (RaftServerImpl.java:start(185)) - bcb704dc-2543-42a4-8762-cde039a55a99@group-B2A28DABB48B: start as a follower, conf=-1: [bcb704dc-2543-42a4-8762-cde039a55a99:192.168.151.99:43663], old=null
2019-09-26 15:38:59,753 [pool-123-thread-1] INFO  impl.RaftServerImpl (RaftServerImpl.java:setRole(174)) - bcb704dc-2543-42a4-8762-cde039a55a99@group-B2A28DABB48B: changes role from      null to FOLLOWER at term 0 for startAsFollower
2019-09-26 15:38:59,753 [pool-123-thread-1] INFO  impl.RoleInfo (RoleInfo.java:updateAndGet(143)) - bcb704dc-2543-42a4-8762-cde039a55a99: start FollowerState
2019-09-26 15:38:59,754 [pool-123-thread-1] INFO  util.JmxRegister (JmxRegister.java:tryRegister(44)) - Successfully registered JMX Bean with object name Ratis:service=RaftServer,group=group-B2A28DABB48B,id=bcb704dc-2543-42a4-8762-cde039a55a99
2019-09-26 15:38:59,755 [RatisPipelineUtilsThread] INFO  pipeline.PipelineStateManager (PipelineStateManager.java:addPipeline(56)) - Created pipeline Pipeline[ Id: f097262a-98b2-4dc4-b6ba-b2a28dabb48b, Nodes: bcb704dc-2543-42a4-8762-cde039a55a99{ip: 192.168.151.99, host: pr-hdds-1569-g6sp5-2013761785, networkLocation: /default-rack, certSerialId: null}, Type:RATIS, Factor:ONE, State:OPEN]
2019-09-26 15:38:59,759 [grpc-default-executor-0] INFO  impl.RaftServerProxy (RaftServerProxy.java:addNew(89)) - bcb704dc-2543-42a4-8762-cde039a55a99: addNew group-4B85105F5536:[bcb704dc-2543-42a4-8762-cde039a55a99:192.168.151.99:43663] returns group-4B85105F5536:java.util.concurrent.CompletableFuture@1e149b5c[Not completed]
2019-09-26 15:38:59,760 [pool-123-thread-1] INFO  impl.RaftServerImpl (RaftServerImpl.java:<init>(95)) - bcb704dc-2543-42a4-8762-cde039a55a99: new RaftServerImpl for group-4B85105F5536:[bcb704dc-2543-42a4-8762-cde039a55a99:192.168.151.99:43663] with ContainerStateMachine:uninitialized
2019-09-26 15:38:59,760 [pool-123-thread-1] INFO  server.RaftServerConfigKeys (ConfUtils.java:logGet(43)) - raft.server.rpc.timeout.min = 5s (custom)
2019-09-26 15:38:59,760 [pool-123-thread-1] INFO  server.RaftServerConfigKeys (ConfUtils.java:logGet(43)) - raft.server.rpc.timeout.max = 5200ms (custom)
2019-09-26 15:38:59,760 [pool-123-thread-1] INFO  server.RaftServerConfigKeys (ConfUtils.java:logGet(43)) - raft.server.rpcslowness.timeout = 120s (custom)
2019-09-26 15:38:59,760 [pool-123-thread-1] INFO  server.RaftServerConfigKeys (ConfUtils.java:logGet(43)) - raft.server.sleep.deviation.threshold = 300 (default)
2019-09-26 15:38:59,760 [pool-123-thread-1] INFO  server.RaftServerConfigKeys (ConfUtils.java:logGet(43)) - raft.server.log.appender.install.snapshot.enabled = false (custom)
2019-09-26 15:38:59,761 [pool-123-thread-1] INFO  impl.RaftServerImpl (ServerState.java:<init>(103)) - bcb704dc-2543-42a4-8762-cde039a55a99@group-4B85105F5536: ConfigurationManager, init=-1: [bcb704dc-2543-42a4-8762-cde039a55a99:192.168.151.99:43663], old=null, confs=<EMPTY_MAP>
2019-09-26 15:38:59,761 [pool-123-thread-1] INFO  server.RaftServerConfigKeys (ConfUtils.java:logGet(43)) - raft.server.storage.dir = [/workdir/hadoop-ozone/integration-test/target/test-dir/MiniOzoneClusterImpl-87962e32-e39f-4c57-b747-30c883c1cc54/datanode-0/data/ratis] (custom)
2019-09-26 15:38:59,761 [pool-123-thread-1] INFO  storage.RaftStorageDirectory (RaftStorageDirectory.java:analyzeStorage(246)) - The storage directory /workdir/hadoop-ozone/integration-test/target/test-dir/MiniOzoneClusterImpl-87962e32-e39f-4c57-b747-30c883c1cc54/datanode-0/data/ratis/3d8f9c24-da5e-4d46-ab28-4b85105f5536 does not exist. Creating ...
2019-09-26 15:38:59,766 [bcb704dc-2543-42a4-8762-cde039a55a99@group-71551493D0E3:LeaderElection132] INFO  impl.LeaderElection (LeaderElection.java:askForVotes(182)) - bcb704dc-2543-42a4-8762-cde039a55a99@group-71551493D0E3:LeaderElection132: begin an election at term 1 for -1: [bcb704dc-2543-42a4-8762-cde039a55a99:192.168.151.99:43663], old=null
2019-09-26 15:38:59,766 [bcb704dc-2543-42a4-8762-cde039a55a99@group-71551493D0E3:LeaderElection132] INFO  impl.RoleInfo (RoleInfo.java:shutdownLeaderElection(134)) - bcb704dc-2543-42a4-8762-cde039a55a99: shutdown LeaderElection
2019-09-26 15:38:59,766 [bcb704dc-2543-42a4-8762-cde039a55a99@group-71551493D0E3:LeaderElection132] INFO  impl.RaftServerImpl (RaftServerImpl.java:setRole(174)) - bcb704dc-2543-42a4-8762-cde039a55a99@group-71551493D0E3: changes role from CANDIDATE to LEADER at term 1 for changeToLeader
2019-09-26 15:38:59,766 [bcb704dc-2543-42a4-8762-cde039a55a99@group-71551493D0E3:LeaderElection132] INFO  impl.RaftServerImpl (ServerState.java:setLeader(253)) - bcb704dc-2543-42a4-8762-cde039a55a99@group-71551493D0E3: change Leader from null to bcb704dc-2543-42a4-8762-cde039a55a99 at term 1 for becomeLeader, leader elected after 5071ms
2019-09-26 15:38:59,766 [bcb704dc-2543-42a4-8762-cde039a55a99@group-71551493D0E3:LeaderElection132] INFO  server.RaftServerConfigKeys (ConfUtils.java:logGet(43)) - raft.server.staging.catchup.gap = 1000 (default)
2019-09-26 15:38:59,766 [bcb704dc-2543-42a4-8762-cde039a55a99@group-71551493D0E3:LeaderElection132] INFO  server.RaftServerConfigKeys (ConfUtils.java:logGet(43)) - raft.server.rpc.sleep.time = 25ms (default)
2019-09-26 15:38:59,766 [bcb704dc-2543-42a4-8762-cde039a55a99@group-71551493D0E3:LeaderElection132] INFO  server.RaftServerConfigKeys (ConfUtils.java:logGet(43)) - raft.server.write.element-limit = 4096 (default)
2019-09-26 15:38:59,766 [bcb704dc-2543-42a4-8762-cde039a55a99@group-71551493D0E3:LeaderElection132] INFO  server.RaftServerConfigKeys (ConfUtils.java:logGet(43)) - raft.server.watch.timeout = 10s (default)
2019-09-26 15:38:59,766 [bcb704dc-2543-42a4-8762-cde039a55a99@group-71551493D0E3:LeaderElection132] INFO  server.RaftServerConfigKeys (ConfUtils.java:logGet(43)) - raft.server.watch.timeout.denomination = 1s (default)
2019-09-26 15:38:59,767 [bcb704dc-2543-42a4-8762-cde039a55a99@group-71551493D0E3:LeaderElection132] INFO  server.RaftServerConfigKeys (ConfUtils.java:logGet(43)) - raft.server.watch.element-limit = 65536 (default)
2019-09-26 15:38:59,768 [bcb704dc-2543-42a4-8762-cde039a55a99@group-71551493D0E3:LeaderElection132] INFO  impl.RoleInfo (RoleInfo.java:updateAndGet(143)) - bcb704dc-2543-42a4-8762-cde039a55a99: start LeaderState
2019-09-26 15:38:59,768 [bcb704dc-2543-42a4-8762-cde039a55a99@group-71551493D0E3:LeaderElection132] INFO  segmented.SegmentedRaftLogWorker (SegmentedRaftLogWorker.java:startLogSegment(380)) - bcb704dc-2543-42a4-8762-cde039a55a99@group-71551493D0E3-SegmentedRaftLogWorker: Starting segment from index:0
2019-09-26 15:38:59,768 [bcb704dc-2543-42a4-8762-cde039a55a99@group-71551493D0E3:LeaderElection132] INFO  impl.RaftServerImpl (ServerState.java:setRaftConf(354)) - bcb704dc-2543-42a4-8762-cde039a55a99@group-71551493D0E3: set configuration 0: [bcb704dc-2543-42a4-8762-cde039a55a99:192.168.151.99:43663], old=null at 0
2019-09-26 15:38:59,770 [pool-123-thread-1] INFO  storage.RaftStorageDirectory (RaftStorageDirectory.java:tryLock(328)) - Lock on /workdir/hadoop-ozone/integration-test/target/test-dir/MiniOzoneClusterImpl-87962e32-e39f-4c57-b747-30c883c1cc54/datanode-0/data/ratis/3d8f9c24-da5e-4d46-ab28-4b85105f5536/in_use.lock acquired by nodename 10626@pr-hdds-1569-g6sp5-2013761785
2019-09-26 15:38:59,770 [bcb704dc-2543-42a4-8762-cde039a55a99@group-885EA9F97C29:LeaderElection133] INFO  impl.LeaderElection (LeaderElection.java:askForVotes(182)) - bcb704dc-2543-42a4-8762-cde039a55a99@group-885EA9F97C29:LeaderElection133: begin an election at term 1 for -1: [bcb704dc-2543-42a4-8762-cde039a55a99:192.168.151.99:43663], old=null
2019-09-26 15:38:59,770 [bcb704dc-2543-42a4-8762-cde039a55a99@group-885EA9F97C29:LeaderElection133] INFO  impl.RoleInfo (RoleInfo.java:shutdownLeaderElection(134)) - bcb704dc-2543-42a4-8762-cde039a55a99: shutdown LeaderElection
2019-09-26 15:38:59,770 [bcb704dc-2543-42a4-8762-cde039a55a99@group-885EA9F97C29:LeaderElection133] INFO  impl.RaftServerImpl (RaftServerImpl.java:setRole(174)) - bcb704dc-2543-42a4-8762-cde039a55a99@group-885EA9F97C29: changes role from CANDIDATE to LEADER at term 1 for changeToLeader
2019-09-26 15:38:59,770 [bcb704dc-2543-42a4-8762-cde039a55a99@group-885EA9F97C29:LeaderElection133] INFO  impl.RaftServerImpl (ServerState.java:setLeader(253)) - bcb704dc-2543-42a4-8762-cde039a55a99@group-885EA9F97C29: change Leader from null to bcb704dc-2543-42a4-8762-cde039a55a99 at term 1 for becomeLeader, leader elected after 5200ms
2019-09-26 15:38:59,771 [bcb704dc-2543-42a4-8762-cde039a55a99@group-885EA9F97C29:LeaderElection133] INFO  server.RaftServerConfigKeys (ConfUtils.java:logGet(43)) - raft.server.staging.catchup.gap = 1000 (default)
2019-09-26 15:38:59,771 [bcb704dc-2543-42a4-8762-cde039a55a99@group-885EA9F97C29:LeaderElection133] INFO  server.RaftServerConfigKeys (ConfUtils.java:logGet(43)) - raft.server.rpc.sleep.time = 25ms (default)
2019-09-26 15:38:59,771 [Thread-1897] INFO  impl.FollowerState (FollowerState.java:run(106)) - bcb704dc-2543-42a4-8762-cde039a55a99:group-E0D24F8D1D5D changes to CANDIDATE, lastRpcTime:5147, electionTimeout:5147ms
2019-09-26 15:38:59,771 [bcb704dc-2543-42a4-8762-cde039a55a99@group-885EA9F97C29:LeaderElection133] INFO  server.RaftServerConfigKeys (ConfUtils.java:logGet(43)) - raft.server.write.element-limit = 4096 (default)
2019-09-26 15:38:59,771 [Thread-1897] INFO  impl.RoleInfo (RoleInfo.java:shutdownFollowerState(121)) - bcb704dc-2543-42a4-8762-cde039a55a99: shutdown FollowerState
2019-09-26 15:38:59,771 [bcb704dc-2543-42a4-8762-cde039a55a99@group-885EA9F97C29:LeaderElection133] INFO  server.RaftServerConfigKeys (ConfUtils.java:logGet(43)) - raft.server.watch.timeout = 10s (default)
2019-09-26 15:38:59,771 [Thread-1897] INFO  impl.RaftServerImpl (RaftServerImpl.java:setRole(174)) - bcb704dc-2543-42a4-8762-cde039a55a99@group-E0D24F8D1D5D: changes role from  FOLLOWER to CANDIDATE at term 0 for changeToCandidate
2019-09-26 15:38:59,771 [bcb704dc-2543-42a4-8762-cde039a55a99@group-885EA9F97C29:LeaderElection133] INFO  server.RaftServerConfigKeys (ConfUtils.java:logGet(43)) - raft.server.watch.timeout.denomination = 1s (default)
2019-09-26 15:38:59,771 [Thread-1897] INFO  impl.RoleInfo (RoleInfo.java:updateAndGet(143)) - bcb704dc-2543-42a4-8762-cde039a55a99: start LeaderElection
2019-09-26 15:38:59,771 [bcb704dc-2543-42a4-8762-cde039a55a99@group-885EA9F97C29:LeaderElection133] INFO  server.RaftServerConfigKeys (ConfUtils.java:logGet(43)) - raft.server.watch.element-limit = 65536 (default)
2019-09-26 15:38:59,773 [bcb704dc-2543-42a4-8762-cde039a55a99@group-885EA9F97C29:LeaderElection133] INFO  impl.RoleInfo (RoleInfo.java:updateAndGet(143)) - bcb704dc-2543-42a4-8762-cde039a55a99: start LeaderState
2019-09-26 15:38:59,773 [bcb704dc-2543-42a4-8762-cde039a55a99@group-885EA9F97C29:LeaderElection133] INFO  segmented.SegmentedRaftLogWorker (SegmentedRaftLogWorker.java:startLogSegment(380)) - bcb704dc-2543-42a4-8762-cde039a55a99@group-885EA9F97C29-SegmentedRaftLogWorker: Starting segment from index:0
2019-09-26 15:38:59,773 [bcb704dc-2543-42a4-8762-cde039a55a99@group-885EA9F97C29:LeaderElection133] INFO  impl.RaftServerImpl (ServerState.java:setRaftConf(354)) - bcb704dc-2543-42a4-8762-cde039a55a99@group-885EA9F97C29: set configuration 0: [bcb704dc-2543-42a4-8762-cde039a55a99:192.168.151.99:43663], old=null at 0
2019-09-26 15:38:59,798 [Thread-1900] INFO  impl.FollowerState (FollowerState.java:run(106)) - bcb704dc-2543-42a4-8762-cde039a55a99:group-9B4FBEF44D2E changes to CANDIDATE, lastRpcTime:5137, electionTimeout:5137ms
2019-09-26 15:38:59,798 [Thread-1900] INFO  impl.RoleInfo (RoleInfo.java:shutdownFollowerState(121)) - bcb704dc-2543-42a4-8762-cde039a55a99: shutdown FollowerState
2019-09-26 15:38:59,798 [Thread-1900] INFO  impl.RaftServerImpl (RaftServerImpl.java:setRole(174)) - bcb704dc-2543-42a4-8762-cde039a55a99@group-9B4FBEF44D2E: changes role from  FOLLOWER to CANDIDATE at term 0 for changeToCandidate
2019-09-26 15:38:59,798 [Thread-1900] INFO  impl.RoleInfo (RoleInfo.java:updateAndGet(143)) - bcb704dc-2543-42a4-8762-cde039a55a99: start LeaderElection
2019-09-26 15:38:59,813 [pool-123-thread-1] INFO  storage.RaftStorage (RaftStorage.java:format(72)) - Storage directory /workdir/hadoop-ozone/integration-test/target/test-dir/MiniOzoneClusterImpl-87962e32-e39f-4c57-b747-30c883c1cc54/datanode-0/data/ratis/3d8f9c24-da5e-4d46-ab28-4b85105f5536 has been successfully formatted.
2019-09-26 15:38:59,813 [bcb704dc-2543-42a4-8762-cde039a55a99@group-E0D24F8D1D5D:LeaderElection134] INFO  impl.LeaderElection (LeaderElection.java:askForVotes(182)) - bcb704dc-2543-42a4-8762-cde039a55a99@group-E0D24F8D1D5D:LeaderElection134: begin an election at term 1 for -1: [bcb704dc-2543-42a4-8762-cde039a55a99:192.168.151.99:43663], old=null
2019-09-26 15:38:59,814 [bcb704dc-2543-42a4-8762-cde039a55a99@group-E0D24F8D1D5D:LeaderElection134] INFO  impl.RoleInfo (RoleInfo.java:shutdownLeaderElection(134)) - bcb704dc-2543-42a4-8762-cde039a55a99: shutdown LeaderElection
2019-09-26 15:38:59,814 [bcb704dc-2543-42a4-8762-cde039a55a99@group-E0D24F8D1D5D:LeaderElection134] INFO  impl.RaftServerImpl (RaftServerImpl.java:setRole(174)) - bcb704dc-2543-42a4-8762-cde039a55a99@group-E0D24F8D1D5D: changes role from CANDIDATE to LEADER at term 1 for changeToLeader
2019-09-26 15:38:59,814 [bcb704dc-2543-42a4-8762-cde039a55a99@group-E0D24F8D1D5D:LeaderElection134] INFO  impl.RaftServerImpl (ServerState.java:setLeader(253)) - bcb704dc-2543-42a4-8762-cde039a55a99@group-E0D24F8D1D5D: change Leader from null to bcb704dc-2543-42a4-8762-cde039a55a99 at term 1 for becomeLeader, leader elected after 5196ms
2019-09-26 15:38:59,814 [bcb704dc-2543-42a4-8762-cde039a55a99@group-E0D24F8D1D5D:LeaderElection134] INFO  server.RaftServerConfigKeys (ConfUtils.java:logGet(43)) - raft.server.staging.catchup.gap = 1000 (default)
2019-09-26 15:38:59,814 [bcb704dc-2543-42a4-8762-cde039a55a99@group-E0D24F8D1D5D:LeaderElection134] INFO  server.RaftServerConfigKeys (ConfUtils.java:logGet(43)) - raft.server.rpc.sleep.time = 25ms (default)
2019-09-26 15:38:59,814 [bcb704dc-2543-42a4-8762-cde039a55a99@group-E0D24F8D1D5D:LeaderElection134] INFO  server.RaftServerConfigKeys (ConfUtils.java:logGet(43)) - raft.server.write.element-limit = 4096 (default)
2019-09-26 15:38:59,814 [bcb704dc-2543-42a4-8762-cde039a55a99@group-E0D24F8D1D5D:LeaderElection134] INFO  server.RaftServerConfigKeys (ConfUtils.java:logGet(43)) - raft.server.watch.timeout = 10s (default)
2019-09-26 15:38:59,814 [bcb704dc-2543-42a4-8762-cde039a55a99@group-E0D24F8D1D5D:LeaderElection134] INFO  server.RaftServerConfigKeys (ConfUtils.java:logGet(43)) - raft.server.watch.timeout.denomination = 1s (default)
2019-09-26 15:38:59,814 [bcb704dc-2543-42a4-8762-cde039a55a99@group-E0D24F8D1D5D:LeaderElection134] INFO  server.RaftServerConfigKeys (ConfUtils.java:logGet(43)) - raft.server.watch.element-limit = 65536 (default)
2019-09-26 15:38:59,816 [bcb704dc-2543-42a4-8762-cde039a55a99@group-E0D24F8D1D5D:LeaderElection134] INFO  impl.RoleInfo (RoleInfo.java:updateAndGet(143)) - bcb704dc-2543-42a4-8762-cde039a55a99: start LeaderState
2019-09-26 15:38:59,816 [bcb704dc-2543-42a4-8762-cde039a55a99@group-E0D24F8D1D5D:LeaderElection134] INFO  segmented.SegmentedRaftLogWorker (SegmentedRaftLogWorker.java:startLogSegment(380)) - bcb704dc-2543-42a4-8762-cde039a55a99@group-E0D24F8D1D5D-SegmentedRaftLogWorker: Starting segment from index:0
2019-09-26 15:38:59,816 [bcb704dc-2543-42a4-8762-cde039a55a99@group-E0D24F8D1D5D:LeaderElection134] INFO  impl.RaftServerImpl (ServerState.java:setRaftConf(354)) - bcb704dc-2543-42a4-8762-cde039a55a99@group-E0D24F8D1D5D: set configuration 0: [bcb704dc-2543-42a4-8762-cde039a55a99:192.168.151.99:43663], old=null at 0
2019-09-26 15:38:59,817 [pool-123-thread-1] INFO  ratis.ContainerStateMachine (ContainerStateMachine.java:loadSnapshot(230)) - group-4B85105F5536: The snapshot info is null. Setting the last applied indexto:(t:0, i:~)
2019-09-26 15:38:59,817 [pool-123-thread-1] INFO  server.RaftServerConfigKeys (ConfUtils.java:logGet(43)) - raft.server.notification.no-leader.timeout = 120s (custom)
2019-09-26 15:38:59,817 [pool-123-thread-1] INFO  server.RaftServerConfigKeys (ConfUtils.java:logGet(43)) - raft.server.log.use.memory = false (default)
2019-09-26 15:38:59,817 [pool-123-thread-1] INFO  server.RaftServerConfigKeys (ConfUtils.java:logGet(43)) - raft.server.log.purge.gap = 1000000 (custom)
2019-09-26 15:38:59,818 [pool-123-thread-1] INFO  server.RaftServerConfigKeys (ConfUtils.java:logGet(43)) - raft.server.log.appender.buffer.byte-limit = 33554432 (custom)
2019-09-26 15:38:59,818 [pool-123-thread-1] INFO  server.RaftServerConfigKeys (ConfUtils.java:logGet(43)) - raft.server.log.segment.size.max = 1048576 (custom)
2019-09-26 15:38:59,818 [pool-123-thread-1] INFO  server.RaftServerConfigKeys (ConfUtils.java:logGet(43)) - raft.server.log.segment.cache.num.max = 2 (custom)
2019-09-26 15:38:59,818 [pool-123-thread-1] INFO  segmented.SegmentedRaftLogWorker (SegmentedRaftLogWorker.java:<init>(172)) - new bcb704dc-2543-42a4-8762-cde039a55a99@group-4B85105F5536-SegmentedRaftLogWorker for RaftStorage:Storage Directory /workdir/hadoop-ozone/integration-test/target/test-dir/MiniOzoneClusterImpl-87962e32-e39f-4c57-b747-30c883c1cc54/datanode-0/data/ratis/3d8f9c24-da5e-4d46-ab28-4b85105f5536
2019-09-26 15:38:59,818 [pool-123-thread-1] INFO  server.RaftServerConfigKeys (ConfUtils.java:logGet(43)) - raft.server.log.queue.byte-limit = 2147483647 (custom)
2019-09-26 15:38:59,818 [pool-123-thread-1] INFO  server.RaftServerConfigKeys (ConfUtils.java:logGet(43)) - raft.server.log.queue.element-limit = 1024 (custom)
2019-09-26 15:38:59,818 [pool-123-thread-1] INFO  server.RaftServerConfigKeys (ConfUtils.java:logGet(43)) - raft.server.log.segment.size.max = 1048576 (custom)
2019-09-26 15:38:59,818 [pool-123-thread-1] INFO  server.RaftServerConfigKeys (ConfUtils.java:logGet(43)) - raft.server.log.preallocated.size = 16384 (custom)
2019-09-26 15:38:59,819 [pool-123-thread-1] INFO  server.RaftServerConfigKeys (ConfUtils.java:logGet(43)) - raft.server.log.write.buffer.size = 33554432 (custom)
2019-09-26 15:38:59,819 [pool-123-thread-1] INFO  server.RaftServerConfigKeys (ConfUtils.java:logGet(43)) - raft.server.log.force.sync.num = 128 (default)
2019-09-26 15:38:59,819 [pool-123-thread-1] INFO  server.RaftServerConfigKeys (ConfUtils.java:logGet(43)) - raft.server.log.statemachine.data.sync = true (default)
2019-09-26 15:38:59,819 [pool-123-thread-1] INFO  server.RaftServerConfigKeys (ConfUtils.java:logGet(43)) - raft.server.log.statemachine.data.sync.timeout = 10s (default)
2019-09-26 15:38:59,819 [pool-123-thread-1] INFO  server.RaftServerConfigKeys (ConfUtils.java:logGet(43)) - raft.server.log.statemachine.data.sync.timeout.retry = -1 (default)
2019-09-26 15:38:59,819 [pool-123-thread-1] INFO  server.RaftServerConfigKeys (ConfUtils.java:logGet(43)) - raft.server.log.statemachine.data.caching.enabled = true (custom)
2019-09-26 15:38:59,819 [pool-123-thread-1] INFO  segmented.SegmentedRaftLogWorker (SegmentedRaftLogWorker.java:lambda$new$0(132)) - bcb704dc-2543-42a4-8762-cde039a55a99@group-4B85105F5536-SegmentedRaftLogWorker: flushIndex: setUnconditionally 0 -> -1
2019-09-26 15:38:59,820 [pool-123-thread-1] INFO  server.RaftServerConfigKeys (ConfUtils.java:logGet(43)) - raft.server.snapshot.auto.trigger.enabled = true (custom)
2019-09-26 15:38:59,820 [pool-123-thread-1] INFO  server.RaftServerConfigKeys (ConfUtils.java:logGet(43)) - raft.server.snapshot.auto.trigger.threshold = 10000 (custom)
2019-09-26 15:38:59,820 [pool-123-thread-1] INFO  server.RaftServerConfigKeys (ConfUtils.java:logGet(43)) - raft.server.snapshot.retention.num.files = 5 (custom)
2019-09-26 15:38:59,820 [pool-123-thread-1] INFO  server.RaftServerConfigKeys (ConfUtils.java:logGet(43)) - raft.server.retrycache.expirytime = 600000ms (custom)
2019-09-26 15:38:59,821 [pool-123-thread-1] INFO  impl.RaftServerImpl (RaftServerImpl.java:start(185)) - bcb704dc-2543-42a4-8762-cde039a55a99@group-4B85105F5536: start as a follower, conf=-1: [bcb704dc-2543-42a4-8762-cde039a55a99:192.168.151.99:43663], old=null
2019-09-26 15:38:59,821 [pool-123-thread-1] INFO  impl.RaftServerImpl (RaftServerImpl.java:setRole(174)) - bcb704dc-2543-42a4-8762-cde039a55a99@group-4B85105F5536: changes role from      null to FOLLOWER at term 0 for startAsFollower
2019-09-26 15:38:59,822 [pool-123-thread-1] INFO  impl.RoleInfo (RoleInfo.java:updateAndGet(143)) - bcb704dc-2543-42a4-8762-cde039a55a99: start FollowerState
2019-09-26 15:38:59,822 [pool-123-thread-1] INFO  util.JmxRegister (JmxRegister.java:tryRegister(44)) - Successfully registered JMX Bean with object name Ratis:service=RaftServer,group=group-4B85105F5536,id=bcb704dc-2543-42a4-8762-cde039a55a99
2019-09-26 15:38:59,824 [RatisPipelineUtilsThread] INFO  pipeline.PipelineStateManager (PipelineStateManager.java:addPipeline(56)) - Created pipeline Pipeline[ Id: 3d8f9c24-da5e-4d46-ab28-4b85105f5536, Nodes: bcb704dc-2543-42a4-8762-cde039a55a99{ip: 192.168.151.99, host: pr-hdds-1569-g6sp5-2013761785, networkLocation: /default-rack, certSerialId: null}, Type:RATIS, Factor:ONE, State:OPEN]
2019-09-26 15:38:59,827 [grpc-default-executor-0] INFO  impl.RaftServerProxy (RaftServerProxy.java:addNew(89)) - bcb704dc-2543-42a4-8762-cde039a55a99: addNew group-81908E8BCAAC:[bcb704dc-2543-42a4-8762-cde039a55a99:192.168.151.99:43663] returns group-81908E8BCAAC:java.util.concurrent.CompletableFuture@5dc62de5[Not completed]
2019-09-26 15:38:59,828 [pool-123-thread-1] INFO  impl.RaftServerImpl (RaftServerImpl.java:<init>(95)) - bcb704dc-2543-42a4-8762-cde039a55a99: new RaftServerImpl for group-81908E8BCAAC:[bcb704dc-2543-42a4-8762-cde039a55a99:192.168.151.99:43663] with ContainerStateMachine:uninitialized
2019-09-26 15:38:59,828 [pool-123-thread-1] INFO  server.RaftServerConfigKeys (ConfUtils.java:logGet(43)) - raft.server.rpc.timeout.min = 5s (custom)
2019-09-26 15:38:59,828 [pool-123-thread-1] INFO  server.RaftServerConfigKeys (ConfUtils.java:logGet(43)) - raft.server.rpc.timeout.max = 5200ms (custom)
2019-09-26 15:38:59,828 [pool-123-thread-1] INFO  server.RaftServerConfigKeys (ConfUtils.java:logGet(43)) - raft.server.rpcslowness.timeout = 120s (custom)
2019-09-26 15:38:59,828 [pool-123-thread-1] INFO  server.RaftServerConfigKeys (ConfUtils.java:logGet(43)) - raft.server.sleep.deviation.threshold = 300 (default)
2019-09-26 15:38:59,828 [pool-123-thread-1] INFO  server.RaftServerConfigKeys (ConfUtils.java:logGet(43)) - raft.server.log.appender.install.snapshot.enabled = false (custom)
2019-09-26 15:38:59,828 [pool-123-thread-1] INFO  impl.RaftServerImpl (ServerState.java:<init>(103)) - bcb704dc-2543-42a4-8762-cde039a55a99@group-81908E8BCAAC: ConfigurationManager, init=-1: [bcb704dc-2543-42a4-8762-cde039a55a99:192.168.151.99:43663], old=null, confs=<EMPTY_MAP>
2019-09-26 15:38:59,828 [pool-123-thread-1] INFO  server.RaftServerConfigKeys (ConfUtils.java:logGet(43)) - raft.server.storage.dir = [/workdir/hadoop-ozone/integration-test/target/test-dir/MiniOzoneClusterImpl-87962e32-e39f-4c57-b747-30c883c1cc54/datanode-0/data/ratis] (custom)
2019-09-26 15:38:59,829 [pool-123-thread-1] INFO  storage.RaftStorageDirectory (RaftStorageDirectory.java:analyzeStorage(246)) - The storage directory /workdir/hadoop-ozone/integration-test/target/test-dir/MiniOzoneClusterImpl-87962e32-e39f-4c57-b747-30c883c1cc54/datanode-0/data/ratis/0be16c16-bd11-49ec-a1c4-81908e8bcaac does not exist. Creating ...
2019-09-26 15:38:59,834 [bcb704dc-2543-42a4-8762-cde039a55a99@group-71551493D0E3-SegmentedRaftLogWorker] INFO  segmented.SegmentedRaftLogWorker (SegmentedRaftLogWorker.java:execute(569)) - bcb704dc-2543-42a4-8762-cde039a55a99@group-71551493D0E3-SegmentedRaftLogWorker: created new log segment /workdir/hadoop-ozone/integration-test/target/test-dir/MiniOzoneClusterImpl-87962e32-e39f-4c57-b747-30c883c1cc54/datanode-0/data/ratis/1f9854e4-a83a-4cdc-955d-71551493d0e3/current/log_inprogress_0
2019-09-26 15:38:59,834 [bcb704dc-2543-42a4-8762-cde039a55a99@group-885EA9F97C29-SegmentedRaftLogWorker] INFO  segmented.SegmentedRaftLogWorker (SegmentedRaftLogWorker.java:execute(569)) - bcb704dc-2543-42a4-8762-cde039a55a99@group-885EA9F97C29-SegmentedRaftLogWorker: created new log segment /workdir/hadoop-ozone/integration-test/target/test-dir/MiniOzoneClusterImpl-87962e32-e39f-4c57-b747-30c883c1cc54/datanode-0/data/ratis/cb70c9bc-4787-474f-8b09-885ea9f97c29/current/log_inprogress_0
2019-09-26 15:38:59,845 [bcb704dc-2543-42a4-8762-cde039a55a99@group-9B4FBEF44D2E:LeaderElection135] INFO  impl.LeaderElection (LeaderElection.java:askForVotes(182)) - bcb704dc-2543-42a4-8762-cde039a55a99@group-9B4FBEF44D2E:LeaderElection135: begin an election at term 1 for -1: [bcb704dc-2543-42a4-8762-cde039a55a99:192.168.151.99:43663], old=null
2019-09-26 15:38:59,845 [bcb704dc-2543-42a4-8762-cde039a55a99@group-9B4FBEF44D2E:LeaderElection135] INFO  impl.RoleInfo (RoleInfo.java:shutdownLeaderElection(134)) - bcb704dc-2543-42a4-8762-cde039a55a99: shutdown LeaderElection
2019-09-26 15:38:59,845 [bcb704dc-2543-42a4-8762-cde039a55a99@group-9B4FBEF44D2E:LeaderElection135] INFO  impl.RaftServerImpl (RaftServerImpl.java:setRole(174)) - bcb704dc-2543-42a4-8762-cde039a55a99@group-9B4FBEF44D2E: changes role from CANDIDATE to LEADER at term 1 for changeToLeader
2019-09-26 15:38:59,845 [bcb704dc-2543-42a4-8762-cde039a55a99@group-9B4FBEF44D2E:LeaderElection135] INFO  impl.RaftServerImpl (ServerState.java:setLeader(253)) - bcb704dc-2543-42a4-8762-cde039a55a99@group-9B4FBEF44D2E: change Leader from null to bcb704dc-2543-42a4-8762-cde039a55a99 at term 1 for becomeLeader, leader elected after 5188ms
2019-09-26 15:38:59,845 [bcb704dc-2543-42a4-8762-cde039a55a99@group-9B4FBEF44D2E:LeaderElection135] INFO  server.RaftServerConfigKeys (ConfUtils.java:logGet(43)) - raft.server.staging.catchup.gap = 1000 (default)
2019-09-26 15:38:59,846 [bcb704dc-2543-42a4-8762-cde039a55a99@group-9B4FBEF44D2E:LeaderElection135] INFO  server.RaftServerConfigKeys (ConfUtils.java:logGet(43)) - raft.server.rpc.sleep.time = 25ms (default)
2019-09-26 15:38:59,846 [bcb704dc-2543-42a4-8762-cde039a55a99@group-9B4FBEF44D2E:LeaderElection135] INFO  server.RaftServerConfigKeys (ConfUtils.java:logGet(43)) - raft.server.write.element-limit = 4096 (default)
2019-09-26 15:38:59,846 [bcb704dc-2543-42a4-8762-cde039a55a99@group-9B4FBEF44D2E:LeaderElection135] INFO  server.RaftServerConfigKeys (ConfUtils.java:logGet(43)) - raft.server.watch.timeout = 10s (default)
2019-09-26 15:38:59,846 [bcb704dc-2543-42a4-8762-cde039a55a99@group-9B4FBEF44D2E:LeaderElection135] INFO  server.RaftServerConfigKeys (ConfUtils.java:logGet(43)) - raft.server.watch.timeout.denomination = 1s (default)
2019-09-26 15:38:59,846 [bcb704dc-2543-42a4-8762-cde039a55a99@group-9B4FBEF44D2E:LeaderElection135] INFO  server.RaftServerConfigKeys (ConfUtils.java:logGet(43)) - raft.server.watch.element-limit = 65536 (default)
2019-09-26 15:38:59,846 [pool-123-thread-1] INFO  storage.RaftStorageDirectory (RaftStorageDirectory.java:tryLock(328)) - Lock on /workdir/hadoop-ozone/integration-test/target/test-dir/MiniOzoneClusterImpl-87962e32-e39f-4c57-b747-30c883c1cc54/datanode-0/data/ratis/0be16c16-bd11-49ec-a1c4-81908e8bcaac/in_use.lock acquired by nodename 10626@pr-hdds-1569-g6sp5-2013761785
2019-09-26 15:38:59,847 [bcb704dc-2543-42a4-8762-cde039a55a99@group-9B4FBEF44D2E:LeaderElection135] INFO  impl.RoleInfo (RoleInfo.java:updateAndGet(143)) - bcb704dc-2543-42a4-8762-cde039a55a99: start LeaderState
2019-09-26 15:38:59,847 [bcb704dc-2543-42a4-8762-cde039a55a99@group-9B4FBEF44D2E:LeaderElection135] INFO  segmented.SegmentedRaftLogWorker (SegmentedRaftLogWorker.java:startLogSegment(380)) - bcb704dc-2543-42a4-8762-cde039a55a99@group-9B4FBEF44D2E-SegmentedRaftLogWorker: Starting segment from index:0
2019-09-26 15:38:59,848 [bcb704dc-2543-42a4-8762-cde039a55a99@group-9B4FBEF44D2E:LeaderElection135] INFO  impl.RaftServerImpl (ServerState.java:setRaftConf(354)) - bcb704dc-2543-42a4-8762-cde039a55a99@group-9B4FBEF44D2E: set configuration 0: [bcb704dc-2543-42a4-8762-cde039a55a99:192.168.151.99:43663], old=null at 0
2019-09-26 15:38:59,848 [bcb704dc-2543-42a4-8762-cde039a55a99@group-E0D24F8D1D5D-SegmentedRaftLogWorker] INFO  segmented.SegmentedRaftLogWorker (SegmentedRaftLogWorker.java:execute(569)) - bcb704dc-2543-42a4-8762-cde039a55a99@group-E0D24F8D1D5D-SegmentedRaftLogWorker: created new log segment /workdir/hadoop-ozone/integration-test/target/test-dir/MiniOzoneClusterImpl-87962e32-e39f-4c57-b747-30c883c1cc54/datanode-0/data/ratis/002bc76f-7bc6-4572-bdff-e0d24f8d1d5d/current/log_inprogress_0
2019-09-26 15:38:59,852 [pool-123-thread-1] INFO  storage.RaftStorage (RaftStorage.java:format(72)) - Storage directory /workdir/hadoop-ozone/integration-test/target/test-dir/MiniOzoneClusterImpl-87962e32-e39f-4c57-b747-30c883c1cc54/datanode-0/data/ratis/0be16c16-bd11-49ec-a1c4-81908e8bcaac has been successfully formatted.
2019-09-26 15:38:59,852 [pool-123-thread-1] INFO  ratis.ContainerStateMachine (ContainerStateMachine.java:loadSnapshot(230)) - group-81908E8BCAAC: The snapshot info is null. Setting the last applied indexto:(t:0, i:~)
2019-09-26 15:38:59,852 [pool-123-thread-1] INFO  server.RaftServerConfigKeys (ConfUtils.java:logGet(43)) - raft.server.notification.no-leader.timeout = 120s (custom)
2019-09-26 15:38:59,852 [pool-123-thread-1] INFO  server.RaftServerConfigKeys (ConfUtils.java:logGet(43)) - raft.server.log.use.memory = false (default)
2019-09-26 15:38:59,852 [pool-123-thread-1] INFO  server.RaftServerConfigKeys (ConfUtils.java:logGet(43)) - raft.server.log.purge.gap = 1000000 (custom)
2019-09-26 15:38:59,852 [pool-123-thread-1] INFO  server.RaftServerConfigKeys (ConfUtils.java:logGet(43)) - raft.server.log.appender.buffer.byte-limit = 33554432 (custom)
2019-09-26 15:38:59,852 [pool-123-thread-1] INFO  server.RaftServerConfigKeys (ConfUtils.java:logGet(43)) - raft.server.log.segment.size.max = 1048576 (custom)
2019-09-26 15:38:59,852 [pool-123-thread-1] INFO  server.RaftServerConfigKeys (ConfUtils.java:logGet(43)) - raft.server.log.segment.cache.num.max = 2 (custom)
2019-09-26 15:38:59,852 [pool-123-thread-1] INFO  segmented.SegmentedRaftLogWorker (SegmentedRaftLogWorker.java:<init>(172)) - new bcb704dc-2543-42a4-8762-cde039a55a99@group-81908E8BCAAC-SegmentedRaftLogWorker for RaftStorage:Storage Directory /workdir/hadoop-ozone/integration-test/target/test-dir/MiniOzoneClusterImpl-87962e32-e39f-4c57-b747-30c883c1cc54/datanode-0/data/ratis/0be16c16-bd11-49ec-a1c4-81908e8bcaac
2019-09-26 15:38:59,853 [pool-123-thread-1] INFO  server.RaftServerConfigKeys (ConfUtils.java:logGet(43)) - raft.server.log.queue.byte-limit = 2147483647 (custom)
2019-09-26 15:38:59,853 [pool-123-thread-1] INFO  server.RaftServerConfigKeys (ConfUtils.java:logGet(43)) - raft.server.log.queue.element-limit = 1024 (custom)
2019-09-26 15:38:59,853 [pool-123-thread-1] INFO  server.RaftServerConfigKeys (ConfUtils.java:logGet(43)) - raft.server.log.segment.size.max = 1048576 (custom)
2019-09-26 15:38:59,853 [pool-123-thread-1] INFO  server.RaftServerConfigKeys (ConfUtils.java:logGet(43)) - raft.server.log.preallocated.size = 16384 (custom)
2019-09-26 15:38:59,853 [pool-123-thread-1] INFO  server.RaftServerConfigKeys (ConfUtils.java:logGet(43)) - raft.server.log.write.buffer.size = 33554432 (custom)
2019-09-26 15:38:59,853 [pool-123-thread-1] INFO  server.RaftServerConfigKeys (ConfUtils.java:logGet(43)) - raft.server.log.force.sync.num = 128 (default)
2019-09-26 15:38:59,853 [pool-123-thread-1] INFO  server.RaftServerConfigKeys (ConfUtils.java:logGet(43)) - raft.server.log.statemachine.data.sync = true (default)
2019-09-26 15:38:59,853 [pool-123-thread-1] INFO  server.RaftServerConfigKeys (ConfUtils.java:logGet(43)) - raft.server.log.statemachine.data.sync.timeout = 10s (default)
2019-09-26 15:38:59,853 [pool-123-thread-1] INFO  server.RaftServerConfigKeys (ConfUtils.java:logGet(43)) - raft.server.log.statemachine.data.sync.timeout.retry = -1 (default)
2019-09-26 15:38:59,853 [pool-123-thread-1] INFO  server.RaftServerConfigKeys (ConfUtils.java:logGet(43)) - raft.server.log.statemachine.data.caching.enabled = true (custom)
2019-09-26 15:38:59,853 [pool-123-thread-1] INFO  segmented.SegmentedRaftLogWorker (SegmentedRaftLogWorker.java:lambda$new$0(132)) - bcb704dc-2543-42a4-8762-cde039a55a99@group-81908E8BCAAC-SegmentedRaftLogWorker: flushIndex: setUnconditionally 0 -> -1
2019-09-26 15:38:59,854 [pool-123-thread-1] INFO  server.RaftServerConfigKeys (ConfUtils.java:logGet(43)) - raft.server.snapshot.auto.trigger.enabled = true (custom)
2019-09-26 15:38:59,854 [pool-123-thread-1] INFO  server.RaftServerConfigKeys (ConfUtils.java:logGet(43)) - raft.server.snapshot.auto.trigger.threshold = 10000 (custom)
2019-09-26 15:38:59,854 [pool-123-thread-1] INFO  server.RaftServerConfigKeys (ConfUtils.java:logGet(43)) - raft.server.snapshot.retention.num.files = 5 (custom)
2019-09-26 15:38:59,854 [pool-123-thread-1] INFO  server.RaftServerConfigKeys (ConfUtils.java:logGet(43)) - raft.server.retrycache.expirytime = 600000ms (custom)
2019-09-26 15:38:59,855 [pool-123-thread-1] INFO  impl.RaftServerImpl (RaftServerImpl.java:start(185)) - bcb704dc-2543-42a4-8762-cde039a55a99@group-81908E8BCAAC: start as a follower, conf=-1: [bcb704dc-2543-42a4-8762-cde039a55a99:192.168.151.99:43663], old=null
2019-09-26 15:38:59,855 [pool-123-thread-1] INFO  impl.RaftServerImpl (RaftServerImpl.java:setRole(174)) - bcb704dc-2543-42a4-8762-cde039a55a99@group-81908E8BCAAC: changes role from      null to FOLLOWER at term 0 for startAsFollower
2019-09-26 15:38:59,855 [pool-123-thread-1] INFO  impl.RoleInfo (RoleInfo.java:updateAndGet(143)) - bcb704dc-2543-42a4-8762-cde039a55a99: start FollowerState
2019-09-26 15:38:59,856 [pool-123-thread-1] INFO  util.JmxRegister (JmxRegister.java:tryRegister(44)) - Successfully registered JMX Bean with object name Ratis:service=RaftServer,group=group-81908E8BCAAC,id=bcb704dc-2543-42a4-8762-cde039a55a99
2019-09-26 15:38:59,858 [RatisPipelineUtilsThread] INFO  pipeline.PipelineStateManager (PipelineStateManager.java:addPipeline(56)) - Created pipeline Pipeline[ Id: 0be16c16-bd11-49ec-a1c4-81908e8bcaac, Nodes: bcb704dc-2543-42a4-8762-cde039a55a99{ip: 192.168.151.99, host: pr-hdds-1569-g6sp5-2013761785, networkLocation: /default-rack, certSerialId: null}, Type:RATIS, Factor:ONE, State:OPEN]
2019-09-26 15:38:59,862 [grpc-default-executor-0] INFO  impl.RaftServerProxy (RaftServerProxy.java:addNew(89)) - bcb704dc-2543-42a4-8762-cde039a55a99: addNew group-6D85AD78C566:[bcb704dc-2543-42a4-8762-cde039a55a99:192.168.151.99:43663] returns group-6D85AD78C566:java.util.concurrent.CompletableFuture@299f141e[Not completed]
2019-09-26 15:38:59,863 [pool-123-thread-1] INFO  impl.RaftServerImpl (RaftServerImpl.java:<init>(95)) - bcb704dc-2543-42a4-8762-cde039a55a99: new RaftServerImpl for group-6D85AD78C566:[bcb704dc-2543-42a4-8762-cde039a55a99:192.168.151.99:43663] with ContainerStateMachine:uninitialized
2019-09-26 15:38:59,863 [pool-123-thread-1] INFO  server.RaftServerConfigKeys (ConfUtils.java:logGet(43)) - raft.server.rpc.timeout.min = 5s (custom)
2019-09-26 15:38:59,863 [pool-123-thread-1] INFO  server.RaftServerConfigKeys (ConfUtils.java:logGet(43)) - raft.server.rpc.timeout.max = 5200ms (custom)
2019-09-26 15:38:59,864 [pool-123-thread-1] INFO  server.RaftServerConfigKeys (ConfUtils.java:logGet(43)) - raft.server.rpcslowness.timeout = 120s (custom)
2019-09-26 15:38:59,864 [pool-123-thread-1] INFO  server.RaftServerConfigKeys (ConfUtils.java:logGet(43)) - raft.server.sleep.deviation.threshold = 300 (default)
2019-09-26 15:38:59,864 [pool-123-thread-1] INFO  server.RaftServerConfigKeys (ConfUtils.java:logGet(43)) - raft.server.log.appender.install.snapshot.enabled = false (custom)
2019-09-26 15:38:59,864 [pool-123-thread-1] INFO  impl.RaftServerImpl (ServerState.java:<init>(103)) - bcb704dc-2543-42a4-8762-cde039a55a99@group-6D85AD78C566: ConfigurationManager, init=-1: [bcb704dc-2543-42a4-8762-cde039a55a99:192.168.151.99:43663], old=null, confs=<EMPTY_MAP>
2019-09-26 15:38:59,864 [pool-123-thread-1] INFO  server.RaftServerConfigKeys (ConfUtils.java:logGet(43)) - raft.server.storage.dir = [/workdir/hadoop-ozone/integration-test/target/test-dir/MiniOzoneClusterImpl-87962e32-e39f-4c57-b747-30c883c1cc54/datanode-0/data/ratis] (custom)
2019-09-26 15:38:59,865 [pool-123-thread-1] INFO  storage.RaftStorageDirectory (RaftStorageDirectory.java:analyzeStorage(246)) - The storage directory /workdir/hadoop-ozone/integration-test/target/test-dir/MiniOzoneClusterImpl-87962e32-e39f-4c57-b747-30c883c1cc54/datanode-0/data/ratis/c6e20866-487b-4ea8-b050-6d85ad78c566 does not exist. Creating ...
2019-09-26 15:38:59,875 [pool-123-thread-1] INFO  storage.RaftStorageDirectory (RaftStorageDirectory.java:tryLock(328)) - Lock on /workdir/hadoop-ozone/integration-test/target/test-dir/MiniOzoneClusterImpl-87962e32-e39f-4c57-b747-30c883c1cc54/datanode-0/data/ratis/c6e20866-487b-4ea8-b050-6d85ad78c566/in_use.lock acquired by nodename 10626@pr-hdds-1569-g6sp5-2013761785
2019-09-26 15:38:59,887 [Thread-1912] INFO  impl.FollowerState (FollowerState.java:run(106)) - bcb704dc-2543-42a4-8762-cde039a55a99:group-FAA23A8E7D1F changes to CANDIDATE, lastRpcTime:5098, electionTimeout:5098ms
2019-09-26 15:38:59,887 [Thread-1912] INFO  impl.RoleInfo (RoleInfo.java:shutdownFollowerState(121)) - bcb704dc-2543-42a4-8762-cde039a55a99: shutdown FollowerState
2019-09-26 15:38:59,887 [Thread-1912] INFO  impl.RaftServerImpl (RaftServerImpl.java:setRole(174)) - bcb704dc-2543-42a4-8762-cde039a55a99@group-FAA23A8E7D1F: changes role from  FOLLOWER to CANDIDATE at term 0 for changeToCandidate
2019-09-26 15:38:59,887 [Thread-1912] INFO  impl.RoleInfo (RoleInfo.java:updateAndGet(143)) - bcb704dc-2543-42a4-8762-cde039a55a99: start LeaderElection
2019-09-26 15:38:59,887 [bcb704dc-2543-42a4-8762-cde039a55a99@group-9B4FBEF44D2E-SegmentedRaftLogWorker] INFO  segmented.SegmentedRaftLogWorker (SegmentedRaftLogWorker.java:execute(569)) - bcb704dc-2543-42a4-8762-cde039a55a99@group-9B4FBEF44D2E-SegmentedRaftLogWorker: created new log segment /workdir/hadoop-ozone/integration-test/target/test-dir/MiniOzoneClusterImpl-87962e32-e39f-4c57-b747-30c883c1cc54/datanode-0/data/ratis/0aff9c6a-8b83-4854-8104-9b4fbef44d2e/current/log_inprogress_0
2019-09-26 15:38:59,888 [Thread-1906] INFO  impl.FollowerState (FollowerState.java:run(106)) - bcb704dc-2543-42a4-8762-cde039a55a99:group-4DDD7CD609AB changes to CANDIDATE, lastRpcTime:5151, electionTimeout:5151ms
2019-09-26 15:38:59,888 [Thread-1906] INFO  impl.RoleInfo (RoleInfo.java:shutdownFollowerState(121)) - bcb704dc-2543-42a4-8762-cde039a55a99: shutdown FollowerState
2019-09-26 15:38:59,888 [Thread-1906] INFO  impl.RaftServerImpl (RaftServerImpl.java:setRole(174)) - bcb704dc-2543-42a4-8762-cde039a55a99@group-4DDD7CD609AB: changes role from  FOLLOWER to CANDIDATE at term 0 for changeToCandidate
2019-09-26 15:38:59,888 [Thread-1906] INFO  impl.RoleInfo (RoleInfo.java:updateAndGet(143)) - bcb704dc-2543-42a4-8762-cde039a55a99: start LeaderElection
2019-09-26 15:38:59,891 [pool-123-thread-1] INFO  storage.RaftStorage (RaftStorage.java:format(72)) - Storage directory /workdir/hadoop-ozone/integration-test/target/test-dir/MiniOzoneClusterImpl-87962e32-e39f-4c57-b747-30c883c1cc54/datanode-0/data/ratis/c6e20866-487b-4ea8-b050-6d85ad78c566 has been successfully formatted.
2019-09-26 15:38:59,891 [pool-123-thread-1] INFO  ratis.ContainerStateMachine (ContainerStateMachine.java:loadSnapshot(230)) - group-6D85AD78C566: The snapshot info is null. Setting the last applied indexto:(t:0, i:~)
2019-09-26 15:38:59,892 [pool-123-thread-1] INFO  server.RaftServerConfigKeys (ConfUtils.java:logGet(43)) - raft.server.notification.no-leader.timeout = 120s (custom)
2019-09-26 15:38:59,892 [pool-123-thread-1] INFO  server.RaftServerConfigKeys (ConfUtils.java:logGet(43)) - raft.server.log.use.memory = false (default)
2019-09-26 15:38:59,892 [pool-123-thread-1] INFO  server.RaftServerConfigKeys (ConfUtils.java:logGet(43)) - raft.server.log.purge.gap = 1000000 (custom)
2019-09-26 15:38:59,892 [pool-123-thread-1] INFO  server.RaftServerConfigKeys (ConfUtils.java:logGet(43)) - raft.server.log.appender.buffer.byte-limit = 33554432 (custom)
2019-09-26 15:38:59,892 [pool-123-thread-1] INFO  server.RaftServerConfigKeys (ConfUtils.java:logGet(43)) - raft.server.log.segment.size.max = 1048576 (custom)
2019-09-26 15:38:59,892 [pool-123-thread-1] INFO  server.RaftServerConfigKeys (ConfUtils.java:logGet(43)) - raft.server.log.segment.cache.num.max = 2 (custom)
2019-09-26 15:38:59,893 [pool-123-thread-1] INFO  segmented.SegmentedRaftLogWorker (SegmentedRaftLogWorker.java:<init>(172)) - new bcb704dc-2543-42a4-8762-cde039a55a99@group-6D85AD78C566-SegmentedRaftLogWorker for RaftStorage:Storage Directory /workdir/hadoop-ozone/integration-test/target/test-dir/MiniOzoneClusterImpl-87962e32-e39f-4c57-b747-30c883c1cc54/datanode-0/data/ratis/c6e20866-487b-4ea8-b050-6d85ad78c566
2019-09-26 15:38:59,893 [pool-123-thread-1] INFO  server.RaftServerConfigKeys (ConfUtils.java:logGet(43)) - raft.server.log.queue.byte-limit = 2147483647 (custom)
2019-09-26 15:38:59,893 [pool-123-thread-1] INFO  server.RaftServerConfigKeys (ConfUtils.java:logGet(43)) - raft.server.log.queue.element-limit = 1024 (custom)
2019-09-26 15:38:59,893 [pool-123-thread-1] INFO  server.RaftServerConfigKeys (ConfUtils.java:logGet(43)) - raft.server.log.segment.size.max = 1048576 (custom)
2019-09-26 15:38:59,893 [pool-123-thread-1] INFO  server.RaftServerConfigKeys (ConfUtils.java:logGet(43)) - raft.server.log.preallocated.size = 16384 (custom)
2019-09-26 15:38:59,893 [pool-123-thread-1] INFO  server.RaftServerConfigKeys (ConfUtils.java:logGet(43)) - raft.server.log.write.buffer.size = 33554432 (custom)
2019-09-26 15:38:59,893 [pool-123-thread-1] INFO  server.RaftServerConfigKeys (ConfUtils.java:logGet(43)) - raft.server.log.force.sync.num = 128 (default)
2019-09-26 15:38:59,893 [pool-123-thread-1] INFO  server.RaftServerConfigKeys (ConfUtils.java:logGet(43)) - raft.server.log.statemachine.data.sync = true (default)
2019-09-26 15:38:59,893 [pool-123-thread-1] INFO  server.RaftServerConfigKeys (ConfUtils.java:logGet(43)) - raft.server.log.statemachine.data.sync.timeout = 10s (default)
2019-09-26 15:38:59,894 [bcb704dc-2543-42a4-8762-cde039a55a99@group-4DDD7CD609AB:LeaderElection137] INFO  impl.LeaderElection (LeaderElection.java:askForVotes(182)) - bcb704dc-2543-42a4-8762-cde039a55a99@group-4DDD7CD609AB:LeaderElection137: begin an election at term 1 for -1: [bcb704dc-2543-42a4-8762-cde039a55a99:192.168.151.99:43663], old=null
2019-09-26 15:38:59,894 [bcb704dc-2543-42a4-8762-cde039a55a99@group-FAA23A8E7D1F:LeaderElection136] INFO  impl.LeaderElection (LeaderElection.java:askForVotes(182)) - bcb704dc-2543-42a4-8762-cde039a55a99@group-FAA23A8E7D1F:LeaderElection136: begin an election at term 1 for -1: [bcb704dc-2543-42a4-8762-cde039a55a99:192.168.151.99:43663], old=null
2019-09-26 15:38:59,894 [pool-123-thread-1] INFO  server.RaftServerConfigKeys (ConfUtils.java:logGet(43)) - raft.server.log.statemachine.data.sync.timeout.retry = -1 (default)
2019-09-26 15:38:59,894 [bcb704dc-2543-42a4-8762-cde039a55a99@group-FAA23A8E7D1F:LeaderElection136] INFO  impl.RoleInfo (RoleInfo.java:shutdownLeaderElection(134)) - bcb704dc-2543-42a4-8762-cde039a55a99: shutdown LeaderElection
2019-09-26 15:38:59,894 [bcb704dc-2543-42a4-8762-cde039a55a99@group-4DDD7CD609AB:LeaderElection137] INFO  impl.RoleInfo (RoleInfo.java:shutdownLeaderElection(134)) - bcb704dc-2543-42a4-8762-cde039a55a99: shutdown LeaderElection
2019-09-26 15:38:59,894 [bcb704dc-2543-42a4-8762-cde039a55a99@group-FAA23A8E7D1F:LeaderElection136] INFO  impl.RaftServerImpl (RaftServerImpl.java:setRole(174)) - bcb704dc-2543-42a4-8762-cde039a55a99@group-FAA23A8E7D1F: changes role from CANDIDATE to LEADER at term 1 for changeToLeader
2019-09-26 15:38:59,894 [pool-123-thread-1] INFO  server.RaftServerConfigKeys (ConfUtils.java:logGet(43)) - raft.server.log.statemachine.data.caching.enabled = true (custom)
2019-09-26 15:38:59,894 [bcb704dc-2543-42a4-8762-cde039a55a99@group-FAA23A8E7D1F:LeaderElection136] INFO  impl.RaftServerImpl (ServerState.java:setLeader(253)) - bcb704dc-2543-42a4-8762-cde039a55a99@group-FAA23A8E7D1F: change Leader from null to bcb704dc-2543-42a4-8762-cde039a55a99 at term 1 for becomeLeader, leader elected after 5108ms
2019-09-26 15:38:59,894 [bcb704dc-2543-42a4-8762-cde039a55a99@group-4DDD7CD609AB:LeaderElection137] INFO  impl.RaftServerImpl (RaftServerImpl.java:setRole(174)) - bcb704dc-2543-42a4-8762-cde039a55a99@group-4DDD7CD609AB: changes role from CANDIDATE to LEADER at term 1 for changeToLeader
2019-09-26 15:38:59,894 [bcb704dc-2543-42a4-8762-cde039a55a99@group-FAA23A8E7D1F:LeaderElection136] INFO  server.RaftServerConfigKeys (ConfUtils.java:logGet(43)) - raft.server.staging.catchup.gap = 1000 (default)
2019-09-26 15:38:59,894 [pool-123-thread-1] INFO  segmented.SegmentedRaftLogWorker (SegmentedRaftLogWorker.java:lambda$new$0(132)) - bcb704dc-2543-42a4-8762-cde039a55a99@group-6D85AD78C566-SegmentedRaftLogWorker: flushIndex: setUnconditionally 0 -> -1
2019-09-26 15:38:59,895 [bcb704dc-2543-42a4-8762-cde039a55a99@group-FAA23A8E7D1F:LeaderElection136] INFO  server.RaftServerConfigKeys (ConfUtils.java:logGet(43)) - raft.server.rpc.sleep.time = 25ms (default)
2019-09-26 15:38:59,894 [bcb704dc-2543-42a4-8762-cde039a55a99@group-4DDD7CD609AB:LeaderElection137] INFO  impl.RaftServerImpl (ServerState.java:setLeader(253)) - bcb704dc-2543-42a4-8762-cde039a55a99@group-4DDD7CD609AB: change Leader from null to bcb704dc-2543-42a4-8762-cde039a55a99 at term 1 for becomeLeader, leader elected after 5161ms
2019-09-26 15:38:59,895 [pool-123-thread-1] INFO  server.RaftServerConfigKeys (ConfUtils.java:logGet(43)) - raft.server.snapshot.auto.trigger.enabled = true (custom)
2019-09-26 15:38:59,895 [bcb704dc-2543-42a4-8762-cde039a55a99@group-FAA23A8E7D1F:LeaderElection136] INFO  server.RaftServerConfigKeys (ConfUtils.java:logGet(43)) - raft.server.write.element-limit = 4096 (default)
2019-09-26 15:38:59,895 [pool-123-thread-1] INFO  server.RaftServerConfigKeys (ConfUtils.java:logGet(43)) - raft.server.snapshot.auto.trigger.threshold = 10000 (custom)
2019-09-26 15:38:59,895 [bcb704dc-2543-42a4-8762-cde039a55a99@group-4DDD7CD609AB:LeaderElection137] INFO  server.RaftServerConfigKeys (ConfUtils.java:logGet(43)) - raft.server.staging.catchup.gap = 1000 (default)
2019-09-26 15:38:59,895 [pool-123-thread-1] INFO  server.RaftServerConfigKeys (ConfUtils.java:logGet(43)) - raft.server.snapshot.retention.num.files = 5 (custom)
2019-09-26 15:38:59,895 [bcb704dc-2543-42a4-8762-cde039a55a99@group-FAA23A8E7D1F:LeaderElection136] INFO  server.RaftServerConfigKeys (ConfUtils.java:logGet(43)) - raft.server.watch.timeout = 10s (default)
2019-09-26 15:38:59,895 [pool-123-thread-1] INFO  server.RaftServerConfigKeys (ConfUtils.java:logGet(43)) - raft.server.retrycache.expirytime = 600000ms (custom)
2019-09-26 15:38:59,895 [bcb704dc-2543-42a4-8762-cde039a55a99@group-4DDD7CD609AB:LeaderElection137] INFO  server.RaftServerConfigKeys (ConfUtils.java:logGet(43)) - raft.server.rpc.sleep.time = 25ms (default)
2019-09-26 15:38:59,895 [bcb704dc-2543-42a4-8762-cde039a55a99@group-FAA23A8E7D1F:LeaderElection136] INFO  server.RaftServerConfigKeys (ConfUtils.java:logGet(43)) - raft.server.watch.timeout.denomination = 1s (default)
2019-09-26 15:38:59,896 [bcb704dc-2543-42a4-8762-cde039a55a99@group-4DDD7CD609AB:LeaderElection137] INFO  server.RaftServerConfigKeys (ConfUtils.java:logGet(43)) - raft.server.write.element-limit = 4096 (default)
2019-09-26 15:38:59,896 [bcb704dc-2543-42a4-8762-cde039a55a99@group-FAA23A8E7D1F:LeaderElection136] INFO  server.RaftServerConfigKeys (ConfUtils.java:logGet(43)) - raft.server.watch.element-limit = 65536 (default)
2019-09-26 15:38:59,896 [bcb704dc-2543-42a4-8762-cde039a55a99@group-4DDD7CD609AB:LeaderElection137] INFO  server.RaftServerConfigKeys (ConfUtils.java:logGet(43)) - raft.server.watch.timeout = 10s (default)
2019-09-26 15:38:59,896 [bcb704dc-2543-42a4-8762-cde039a55a99@group-4DDD7CD609AB:LeaderElection137] INFO  server.RaftServerConfigKeys (ConfUtils.java:logGet(43)) - raft.server.watch.timeout.denomination = 1s (default)
2019-09-26 15:38:59,896 [bcb704dc-2543-42a4-8762-cde039a55a99@group-4DDD7CD609AB:LeaderElection137] INFO  server.RaftServerConfigKeys (ConfUtils.java:logGet(43)) - raft.server.watch.element-limit = 65536 (default)
2019-09-26 15:38:59,898 [pool-123-thread-1] INFO  impl.RaftServerImpl (RaftServerImpl.java:start(185)) - bcb704dc-2543-42a4-8762-cde039a55a99@group-6D85AD78C566: start as a follower, conf=-1: [bcb704dc-2543-42a4-8762-cde039a55a99:192.168.151.99:43663], old=null
2019-09-26 15:38:59,899 [pool-123-thread-1] INFO  impl.RaftServerImpl (RaftServerImpl.java:setRole(174)) - bcb704dc-2543-42a4-8762-cde039a55a99@group-6D85AD78C566: changes role from      null to FOLLOWER at term 0 for startAsFollower
2019-09-26 15:38:59,899 [pool-123-thread-1] INFO  impl.RoleInfo (RoleInfo.java:updateAndGet(143)) - bcb704dc-2543-42a4-8762-cde039a55a99: start FollowerState
2019-09-26 15:38:59,899 [bcb704dc-2543-42a4-8762-cde039a55a99@group-FAA23A8E7D1F:LeaderElection136] INFO  impl.RoleInfo (RoleInfo.java:updateAndGet(143)) - bcb704dc-2543-42a4-8762-cde039a55a99: start LeaderState
2019-09-26 15:38:59,899 [bcb704dc-2543-42a4-8762-cde039a55a99@group-4DDD7CD609AB:LeaderElection137] INFO  impl.RoleInfo (RoleInfo.java:updateAndGet(143)) - bcb704dc-2543-42a4-8762-cde039a55a99: start LeaderState
2019-09-26 15:38:59,899 [bcb704dc-2543-42a4-8762-cde039a55a99@group-FAA23A8E7D1F:LeaderElection136] INFO  segmented.SegmentedRaftLogWorker (SegmentedRaftLogWorker.java:startLogSegment(380)) - bcb704dc-2543-42a4-8762-cde039a55a99@group-FAA23A8E7D1F-SegmentedRaftLogWorker: Starting segment from index:0
2019-09-26 15:38:59,899 [bcb704dc-2543-42a4-8762-cde039a55a99@group-4DDD7CD609AB:LeaderElection137] INFO  segmented.SegmentedRaftLogWorker (SegmentedRaftLogWorker.java:startLogSegment(380)) - bcb704dc-2543-42a4-8762-cde039a55a99@group-4DDD7CD609AB-SegmentedRaftLogWorker: Starting segment from index:0
2019-09-26 15:38:59,899 [pool-123-thread-1] INFO  util.JmxRegister (JmxRegister.java:tryRegister(44)) - Successfully registered JMX Bean with object name Ratis:service=RaftServer,group=group-6D85AD78C566,id=bcb704dc-2543-42a4-8762-cde039a55a99
2019-09-26 15:38:59,899 [bcb704dc-2543-42a4-8762-cde039a55a99@group-FAA23A8E7D1F:LeaderElection136] INFO  impl.RaftServerImpl (ServerState.java:setRaftConf(354)) - bcb704dc-2543-42a4-8762-cde039a55a99@group-FAA23A8E7D1F: set configuration 0: [bcb704dc-2543-42a4-8762-cde039a55a99:192.168.151.99:43663], old=null at 0
2019-09-26 15:38:59,899 [bcb704dc-2543-42a4-8762-cde039a55a99@group-4DDD7CD609AB:LeaderElection137] INFO  impl.RaftServerImpl (ServerState.java:setRaftConf(354)) - bcb704dc-2543-42a4-8762-cde039a55a99@group-4DDD7CD609AB: set configuration 0: [bcb704dc-2543-42a4-8762-cde039a55a99:192.168.151.99:43663], old=null at 0
2019-09-26 15:38:59,901 [RatisPipelineUtilsThread] INFO  pipeline.PipelineStateManager (PipelineStateManager.java:addPipeline(56)) - Created pipeline Pipeline[ Id: c6e20866-487b-4ea8-b050-6d85ad78c566, Nodes: bcb704dc-2543-42a4-8762-cde039a55a99{ip: 192.168.151.99, host: pr-hdds-1569-g6sp5-2013761785, networkLocation: /default-rack, certSerialId: null}, Type:RATIS, Factor:ONE, State:OPEN]
2019-09-26 15:38:59,905 [grpc-default-executor-0] INFO  impl.RaftServerProxy (RaftServerProxy.java:addNew(89)) - bcb704dc-2543-42a4-8762-cde039a55a99: addNew group-1807F0C4354B:[bcb704dc-2543-42a4-8762-cde039a55a99:192.168.151.99:43663] returns group-1807F0C4354B:java.util.concurrent.CompletableFuture@5813290b[Not completed]
2019-09-26 15:38:59,905 [pool-123-thread-1] INFO  impl.RaftServerImpl (RaftServerImpl.java:<init>(95)) - bcb704dc-2543-42a4-8762-cde039a55a99: new RaftServerImpl for group-1807F0C4354B:[bcb704dc-2543-42a4-8762-cde039a55a99:192.168.151.99:43663] with ContainerStateMachine:uninitialized
2019-09-26 15:38:59,905 [pool-123-thread-1] INFO  server.RaftServerConfigKeys (ConfUtils.java:logGet(43)) - raft.server.rpc.timeout.min = 5s (custom)
2019-09-26 15:38:59,906 [pool-123-thread-1] INFO  server.RaftServerConfigKeys (ConfUtils.java:logGet(43)) - raft.server.rpc.timeout.max = 5200ms (custom)
2019-09-26 15:38:59,906 [pool-123-thread-1] INFO  server.RaftServerConfigKeys (ConfUtils.java:logGet(43)) - raft.server.rpcslowness.timeout = 120s (custom)
2019-09-26 15:38:59,906 [pool-123-thread-1] INFO  server.RaftServerConfigKeys (ConfUtils.java:logGet(43)) - raft.server.sleep.deviation.threshold = 300 (default)
2019-09-26 15:38:59,906 [pool-123-thread-1] INFO  server.RaftServerConfigKeys (ConfUtils.java:logGet(43)) - raft.server.log.appender.install.snapshot.enabled = false (custom)
2019-09-26 15:38:59,906 [pool-123-thread-1] INFO  impl.RaftServerImpl (ServerState.java:<init>(103)) - bcb704dc-2543-42a4-8762-cde039a55a99@group-1807F0C4354B: ConfigurationManager, init=-1: [bcb704dc-2543-42a4-8762-cde039a55a99:192.168.151.99:43663], old=null, confs=<EMPTY_MAP>
2019-09-26 15:38:59,906 [pool-123-thread-1] INFO  server.RaftServerConfigKeys (ConfUtils.java:logGet(43)) - raft.server.storage.dir = [/workdir/hadoop-ozone/integration-test/target/test-dir/MiniOzoneClusterImpl-87962e32-e39f-4c57-b747-30c883c1cc54/datanode-0/data/ratis] (custom)
2019-09-26 15:38:59,907 [pool-123-thread-1] INFO  storage.RaftStorageDirectory (RaftStorageDirectory.java:analyzeStorage(246)) - The storage directory /workdir/hadoop-ozone/integration-test/target/test-dir/MiniOzoneClusterImpl-87962e32-e39f-4c57-b747-30c883c1cc54/datanode-0/data/ratis/62e5f9fb-a9f8-4af2-ba94-1807f0c4354b does not exist. Creating ...
2019-09-26 15:38:59,912 [Thread-1909] INFO  impl.FollowerState (FollowerState.java:run(106)) - bcb704dc-2543-42a4-8762-cde039a55a99:group-276C6D5C141F changes to CANDIDATE, lastRpcTime:5139, electionTimeout:5139ms
2019-09-26 15:38:59,912 [Thread-1909] INFO  impl.RoleInfo (RoleInfo.java:shutdownFollowerState(121)) - bcb704dc-2543-42a4-8762-cde039a55a99: shutdown FollowerState
2019-09-26 15:38:59,912 [Thread-1909] INFO  impl.RaftServerImpl (RaftServerImpl.java:setRole(174)) - bcb704dc-2543-42a4-8762-cde039a55a99@group-276C6D5C141F: changes role from  FOLLOWER to CANDIDATE at term 0 for changeToCandidate
2019-09-26 15:38:59,912 [Thread-1909] INFO  impl.RoleInfo (RoleInfo.java:updateAndGet(143)) - bcb704dc-2543-42a4-8762-cde039a55a99: start LeaderElection
2019-09-26 15:38:59,938 [pool-123-thread-1] INFO  storage.RaftStorageDirectory (RaftStorageDirectory.java:tryLock(328)) - Lock on /workdir/hadoop-ozone/integration-test/target/test-dir/MiniOzoneClusterImpl-87962e32-e39f-4c57-b747-30c883c1cc54/datanode-0/data/ratis/62e5f9fb-a9f8-4af2-ba94-1807f0c4354b/in_use.lock acquired by nodename 10626@pr-hdds-1569-g6sp5-2013761785
2019-09-26 15:38:59,940 [bcb704dc-2543-42a4-8762-cde039a55a99@group-276C6D5C141F:LeaderElection138] INFO  impl.LeaderElection (LeaderElection.java:askForVotes(182)) - bcb704dc-2543-42a4-8762-cde039a55a99@group-276C6D5C141F:LeaderElection138: begin an election at term 1 for -1: [bcb704dc-2543-42a4-8762-cde039a55a99:192.168.151.99:43663], old=null
2019-09-26 15:38:59,940 [bcb704dc-2543-42a4-8762-cde039a55a99@group-276C6D5C141F:LeaderElection138] INFO  impl.RoleInfo (RoleInfo.java:shutdownLeaderElection(134)) - bcb704dc-2543-42a4-8762-cde039a55a99: shutdown LeaderElection
2019-09-26 15:38:59,940 [bcb704dc-2543-42a4-8762-cde039a55a99@group-276C6D5C141F:LeaderElection138] INFO  impl.RaftServerImpl (RaftServerImpl.java:setRole(174)) - bcb704dc-2543-42a4-8762-cde039a55a99@group-276C6D5C141F: changes role from CANDIDATE to LEADER at term 1 for changeToLeader
2019-09-26 15:38:59,940 [bcb704dc-2543-42a4-8762-cde039a55a99@group-276C6D5C141F:LeaderElection138] INFO  impl.RaftServerImpl (ServerState.java:setLeader(253)) - bcb704dc-2543-42a4-8762-cde039a55a99@group-276C6D5C141F: change Leader from null to bcb704dc-2543-42a4-8762-cde039a55a99 at term 1 for becomeLeader, leader elected after 5171ms
2019-09-26 15:38:59,941 [bcb704dc-2543-42a4-8762-cde039a55a99@group-276C6D5C141F:LeaderElection138] INFO  server.RaftServerConfigKeys (ConfUtils.java:logGet(43)) - raft.server.staging.catchup.gap = 1000 (default)
2019-09-26 15:38:59,941 [bcb704dc-2543-42a4-8762-cde039a55a99@group-276C6D5C141F:LeaderElection138] INFO  server.RaftServerConfigKeys (ConfUtils.java:logGet(43)) - raft.server.rpc.sleep.time = 25ms (default)
2019-09-26 15:38:59,941 [bcb704dc-2543-42a4-8762-cde039a55a99@group-276C6D5C141F:LeaderElection138] INFO  server.RaftServerConfigKeys (ConfUtils.java:logGet(43)) - raft.server.write.element-limit = 4096 (default)
2019-09-26 15:38:59,941 [bcb704dc-2543-42a4-8762-cde039a55a99@group-276C6D5C141F:LeaderElection138] INFO  server.RaftServerConfigKeys (ConfUtils.java:logGet(43)) - raft.server.watch.timeout = 10s (default)
2019-09-26 15:38:59,941 [bcb704dc-2543-42a4-8762-cde039a55a99@group-4DDD7CD609AB-SegmentedRaftLogWorker] INFO  segmented.SegmentedRaftLogWorker (SegmentedRaftLogWorker.java:execute(569)) - bcb704dc-2543-42a4-8762-cde039a55a99@group-4DDD7CD609AB-SegmentedRaftLogWorker: created new log segment /workdir/hadoop-ozone/integration-test/target/test-dir/MiniOzoneClusterImpl-87962e32-e39f-4c57-b747-30c883c1cc54/datanode-0/data/ratis/38325158-039e-49d6-91d1-4ddd7cd609ab/current/log_inprogress_0
2019-09-26 15:38:59,941 [bcb704dc-2543-42a4-8762-cde039a55a99@group-FAA23A8E7D1F-SegmentedRaftLogWorker] INFO  segmented.SegmentedRaftLogWorker (SegmentedRaftLogWorker.java:execute(569)) - bcb704dc-2543-42a4-8762-cde039a55a99@group-FAA23A8E7D1F-SegmentedRaftLogWorker: created new log segment /workdir/hadoop-ozone/integration-test/target/test-dir/MiniOzoneClusterImpl-87962e32-e39f-4c57-b747-30c883c1cc54/datanode-0/data/ratis/228f687d-8447-4b7c-b1a0-faa23a8e7d1f/current/log_inprogress_0
2019-09-26 15:38:59,941 [bcb704dc-2543-42a4-8762-cde039a55a99@group-276C6D5C141F:LeaderElection138] INFO  server.RaftServerConfigKeys (ConfUtils.java:logGet(43)) - raft.server.watch.timeout.denomination = 1s (default)
2019-09-26 15:38:59,941 [bcb704dc-2543-42a4-8762-cde039a55a99@group-276C6D5C141F:LeaderElection138] INFO  server.RaftServerConfigKeys (ConfUtils.java:logGet(43)) - raft.server.watch.element-limit = 65536 (default)
2019-09-26 15:38:59,943 [bcb704dc-2543-42a4-8762-cde039a55a99@group-276C6D5C141F:LeaderElection138] INFO  impl.RoleInfo (RoleInfo.java:updateAndGet(143)) - bcb704dc-2543-42a4-8762-cde039a55a99: start LeaderState
2019-09-26 15:38:59,943 [bcb704dc-2543-42a4-8762-cde039a55a99@group-276C6D5C141F:LeaderElection138] INFO  segmented.SegmentedRaftLogWorker (SegmentedRaftLogWorker.java:startLogSegment(380)) - bcb704dc-2543-42a4-8762-cde039a55a99@group-276C6D5C141F-SegmentedRaftLogWorker: Starting segment from index:0
2019-09-26 15:38:59,943 [bcb704dc-2543-42a4-8762-cde039a55a99@group-276C6D5C141F:LeaderElection138] INFO  impl.RaftServerImpl (ServerState.java:setRaftConf(354)) - bcb704dc-2543-42a4-8762-cde039a55a99@group-276C6D5C141F: set configuration 0: [bcb704dc-2543-42a4-8762-cde039a55a99:192.168.151.99:43663], old=null at 0
2019-09-26 15:38:59,946 [pool-123-thread-1] INFO  storage.RaftStorage (RaftStorage.java:format(72)) - Storage directory /workdir/hadoop-ozone/integration-test/target/test-dir/MiniOzoneClusterImpl-87962e32-e39f-4c57-b747-30c883c1cc54/datanode-0/data/ratis/62e5f9fb-a9f8-4af2-ba94-1807f0c4354b has been successfully formatted.
2019-09-26 15:38:59,946 [pool-123-thread-1] INFO  ratis.ContainerStateMachine (ContainerStateMachine.java:loadSnapshot(230)) - group-1807F0C4354B: The snapshot info is null. Setting the last applied indexto:(t:0, i:~)
2019-09-26 15:38:59,946 [pool-123-thread-1] INFO  server.RaftServerConfigKeys (ConfUtils.java:logGet(43)) - raft.server.notification.no-leader.timeout = 120s (custom)
2019-09-26 15:38:59,947 [pool-123-thread-1] INFO  server.RaftServerConfigKeys (ConfUtils.java:logGet(43)) - raft.server.log.use.memory = false (default)
2019-09-26 15:38:59,947 [pool-123-thread-1] INFO  server.RaftServerConfigKeys (ConfUtils.java:logGet(43)) - raft.server.log.purge.gap = 1000000 (custom)
2019-09-26 15:38:59,947 [pool-123-thread-1] INFO  server.RaftServerConfigKeys (ConfUtils.java:logGet(43)) - raft.server.log.appender.buffer.byte-limit = 33554432 (custom)
2019-09-26 15:38:59,947 [pool-123-thread-1] INFO  server.RaftServerConfigKeys (ConfUtils.java:logGet(43)) - raft.server.log.segment.size.max = 1048576 (custom)
2019-09-26 15:38:59,947 [pool-123-thread-1] INFO  server.RaftServerConfigKeys (ConfUtils.java:logGet(43)) - raft.server.log.segment.cache.num.max = 2 (custom)
2019-09-26 15:38:59,947 [pool-123-thread-1] INFO  segmented.SegmentedRaftLogWorker (SegmentedRaftLogWorker.java:<init>(172)) - new bcb704dc-2543-42a4-8762-cde039a55a99@group-1807F0C4354B-SegmentedRaftLogWorker for RaftStorage:Storage Directory /workdir/hadoop-ozone/integration-test/target/test-dir/MiniOzoneClusterImpl-87962e32-e39f-4c57-b747-30c883c1cc54/datanode-0/data/ratis/62e5f9fb-a9f8-4af2-ba94-1807f0c4354b
2019-09-26 15:38:59,947 [pool-123-thread-1] INFO  server.RaftServerConfigKeys (ConfUtils.java:logGet(43)) - raft.server.log.queue.byte-limit = 2147483647 (custom)
2019-09-26 15:38:59,947 [pool-123-thread-1] INFO  server.RaftServerConfigKeys (ConfUtils.java:logGet(43)) - raft.server.log.queue.element-limit = 1024 (custom)
2019-09-26 15:38:59,947 [pool-123-thread-1] INFO  server.RaftServerConfigKeys (ConfUtils.java:logGet(43)) - raft.server.log.segment.size.max = 1048576 (custom)
2019-09-26 15:38:59,947 [pool-123-thread-1] INFO  server.RaftServerConfigKeys (ConfUtils.java:logGet(43)) - raft.server.log.preallocated.size = 16384 (custom)
2019-09-26 15:38:59,947 [pool-123-thread-1] INFO  server.RaftServerConfigKeys (ConfUtils.java:logGet(43)) - raft.server.log.write.buffer.size = 33554432 (custom)
2019-09-26 15:38:59,947 [pool-123-thread-1] INFO  server.RaftServerConfigKeys (ConfUtils.java:logGet(43)) - raft.server.log.force.sync.num = 128 (default)
2019-09-26 15:38:59,948 [pool-123-thread-1] INFO  server.RaftServerConfigKeys (ConfUtils.java:logGet(43)) - raft.server.log.statemachine.data.sync = true (default)
2019-09-26 15:38:59,948 [pool-123-thread-1] INFO  server.RaftServerConfigKeys (ConfUtils.java:logGet(43)) - raft.server.log.statemachine.data.sync.timeout = 10s (default)
2019-09-26 15:38:59,948 [pool-123-thread-1] INFO  server.RaftServerConfigKeys (ConfUtils.java:logGet(43)) - raft.server.log.statemachine.data.sync.timeout.retry = -1 (default)
2019-09-26 15:38:59,948 [pool-123-thread-1] INFO  server.RaftServerConfigKeys (ConfUtils.java:logGet(43)) - raft.server.log.statemachine.data.caching.enabled = true (custom)
2019-09-26 15:38:59,948 [pool-123-thread-1] INFO  segmented.SegmentedRaftLogWorker (SegmentedRaftLogWorker.java:lambda$new$0(132)) - bcb704dc-2543-42a4-8762-cde039a55a99@group-1807F0C4354B-SegmentedRaftLogWorker: flushIndex: setUnconditionally 0 -> -1
2019-09-26 15:38:59,948 [pool-123-thread-1] INFO  server.RaftServerConfigKeys (ConfUtils.java:logGet(43)) - raft.server.snapshot.auto.trigger.enabled = true (custom)
2019-09-26 15:38:59,948 [pool-123-thread-1] INFO  server.RaftServerConfigKeys (ConfUtils.java:logGet(43)) - raft.server.snapshot.auto.trigger.threshold = 10000 (custom)
2019-09-26 15:38:59,948 [pool-123-thread-1] INFO  server.RaftServerConfigKeys (ConfUtils.java:logGet(43)) - raft.server.snapshot.retention.num.files = 5 (custom)
2019-09-26 15:38:59,948 [pool-123-thread-1] INFO  server.RaftServerConfigKeys (ConfUtils.java:logGet(43)) - raft.server.retrycache.expirytime = 600000ms (custom)
2019-09-26 15:38:59,949 [pool-123-thread-1] INFO  impl.RaftServerImpl (RaftServerImpl.java:start(185)) - bcb704dc-2543-42a4-8762-cde039a55a99@group-1807F0C4354B: start as a follower, conf=-1: [bcb704dc-2543-42a4-8762-cde039a55a99:192.168.151.99:43663], old=null
2019-09-26 15:38:59,950 [pool-123-thread-1] INFO  impl.RaftServerImpl (RaftServerImpl.java:setRole(174)) - bcb704dc-2543-42a4-8762-cde039a55a99@group-1807F0C4354B: changes role from      null to FOLLOWER at term 0 for startAsFollower
2019-09-26 15:38:59,950 [pool-123-thread-1] INFO  impl.RoleInfo (RoleInfo.java:updateAndGet(143)) - bcb704dc-2543-42a4-8762-cde039a55a99: start FollowerState
2019-09-26 15:38:59,950 [pool-123-thread-1] INFO  util.JmxRegister (JmxRegister.java:tryRegister(44)) - Successfully registered JMX Bean with object name Ratis:service=RaftServer,group=group-1807F0C4354B,id=bcb704dc-2543-42a4-8762-cde039a55a99
2019-09-26 15:38:59,952 [RatisPipelineUtilsThread] INFO  pipeline.PipelineStateManager (PipelineStateManager.java:addPipeline(56)) - Created pipeline Pipeline[ Id: 62e5f9fb-a9f8-4af2-ba94-1807f0c4354b, Nodes: bcb704dc-2543-42a4-8762-cde039a55a99{ip: 192.168.151.99, host: pr-hdds-1569-g6sp5-2013761785, networkLocation: /default-rack, certSerialId: null}, Type:RATIS, Factor:ONE, State:OPEN]
2019-09-26 15:38:59,955 [grpc-default-executor-0] INFO  impl.RaftServerProxy (RaftServerProxy.java:addNew(89)) - bcb704dc-2543-42a4-8762-cde039a55a99: addNew group-9CAC7CB13E97:[bcb704dc-2543-42a4-8762-cde039a55a99:192.168.151.99:43663] returns group-9CAC7CB13E97:java.util.concurrent.CompletableFuture@47420971[Not completed]
2019-09-26 15:38:59,956 [pool-123-thread-1] INFO  impl.RaftServerImpl (RaftServerImpl.java:<init>(95)) - bcb704dc-2543-42a4-8762-cde039a55a99: new RaftServerImpl for group-9CAC7CB13E97:[bcb704dc-2543-42a4-8762-cde039a55a99:192.168.151.99:43663] with ContainerStateMachine:uninitialized
2019-09-26 15:38:59,956 [pool-123-thread-1] INFO  server.RaftServerConfigKeys (ConfUtils.java:logGet(43)) - raft.server.rpc.timeout.min = 5s (custom)
2019-09-26 15:38:59,956 [pool-123-thread-1] INFO  server.RaftServerConfigKeys (ConfUtils.java:logGet(43)) - raft.server.rpc.timeout.max = 5200ms (custom)
2019-09-26 15:38:59,956 [pool-123-thread-1] INFO  server.RaftServerConfigKeys (ConfUtils.java:logGet(43)) - raft.server.rpcslowness.timeout = 120s (custom)
2019-09-26 15:38:59,956 [pool-123-thread-1] INFO  server.RaftServerConfigKeys (ConfUtils.java:logGet(43)) - raft.server.sleep.deviation.threshold = 300 (default)
2019-09-26 15:38:59,956 [pool-123-thread-1] INFO  server.RaftServerConfigKeys (ConfUtils.java:logGet(43)) - raft.server.log.appender.install.snapshot.enabled = false (custom)
2019-09-26 15:38:59,956 [pool-123-thread-1] INFO  impl.RaftServerImpl (ServerState.java:<init>(103)) - bcb704dc-2543-42a4-8762-cde039a55a99@group-9CAC7CB13E97: ConfigurationManager, init=-1: [bcb704dc-2543-42a4-8762-cde039a55a99:192.168.151.99:43663], old=null, confs=<EMPTY_MAP>
2019-09-26 15:38:59,956 [pool-123-thread-1] INFO  server.RaftServerConfigKeys (ConfUtils.java:logGet(43)) - raft.server.storage.dir = [/workdir/hadoop-ozone/integration-test/target/test-dir/MiniOzoneClusterImpl-87962e32-e39f-4c57-b747-30c883c1cc54/datanode-0/data/ratis] (custom)
2019-09-26 15:38:59,957 [pool-123-thread-1] INFO  storage.RaftStorageDirectory (RaftStorageDirectory.java:analyzeStorage(246)) - The storage directory /workdir/hadoop-ozone/integration-test/target/test-dir/MiniOzoneClusterImpl-87962e32-e39f-4c57-b747-30c883c1cc54/datanode-0/data/ratis/7b8acdff-4a1a-43da-9d92-9cac7cb13e97 does not exist. Creating ...
2019-09-26 15:38:59,968 [Thread-1918] INFO  impl.FollowerState (FollowerState.java:run(106)) - bcb704dc-2543-42a4-8762-cde039a55a99:group-D03E0B1BE4CF changes to CANDIDATE, lastRpcTime:5119, electionTimeout:5119ms
2019-09-26 15:38:59,968 [Thread-1918] INFO  impl.RoleInfo (RoleInfo.java:shutdownFollowerState(121)) - bcb704dc-2543-42a4-8762-cde039a55a99: shutdown FollowerState
2019-09-26 15:38:59,968 [Thread-1918] INFO  impl.RaftServerImpl (RaftServerImpl.java:setRole(174)) - bcb704dc-2543-42a4-8762-cde039a55a99@group-D03E0B1BE4CF: changes role from  FOLLOWER to CANDIDATE at term 0 for changeToCandidate
2019-09-26 15:38:59,968 [Thread-1918] INFO  impl.RoleInfo (RoleInfo.java:updateAndGet(143)) - bcb704dc-2543-42a4-8762-cde039a55a99: start LeaderElection
2019-09-26 15:38:59,982 [Thread-1915] INFO  impl.FollowerState (FollowerState.java:run(106)) - bcb704dc-2543-42a4-8762-cde039a55a99:group-466F86898D25 changes to CANDIDATE, lastRpcTime:5162, electionTimeout:5162ms
2019-09-26 15:38:59,982 [pool-123-thread-1] INFO  storage.RaftStorageDirectory (RaftStorageDirectory.java:tryLock(328)) - Lock on /workdir/hadoop-ozone/integration-test/target/test-dir/MiniOzoneClusterImpl-87962e32-e39f-4c57-b747-30c883c1cc54/datanode-0/data/ratis/7b8acdff-4a1a-43da-9d92-9cac7cb13e97/in_use.lock acquired by nodename 10626@pr-hdds-1569-g6sp5-2013761785
2019-09-26 15:38:59,982 [Thread-1915] INFO  impl.RoleInfo (RoleInfo.java:shutdownFollowerState(121)) - bcb704dc-2543-42a4-8762-cde039a55a99: shutdown FollowerState
2019-09-26 15:38:59,982 [Thread-1915] INFO  impl.RaftServerImpl (RaftServerImpl.java:setRole(174)) - bcb704dc-2543-42a4-8762-cde039a55a99@group-466F86898D25: changes role from  FOLLOWER to CANDIDATE at term 0 for changeToCandidate
2019-09-26 15:38:59,982 [Thread-1915] INFO  impl.RoleInfo (RoleInfo.java:updateAndGet(143)) - bcb704dc-2543-42a4-8762-cde039a55a99: start LeaderElection
2019-09-26 15:38:59,982 [Thread-1924] INFO  impl.FollowerState (FollowerState.java:run(106)) - bcb704dc-2543-42a4-8762-cde039a55a99:group-7F4887E5B92C changes to CANDIDATE, lastRpcTime:5059, electionTimeout:5059ms
2019-09-26 15:39:00,033 [bcb704dc-2543-42a4-8762-cde039a55a99@group-276C6D5C141F-SegmentedRaftLogWorker] INFO  segmented.SegmentedRaftLogWorker (SegmentedRaftLogWorker.java:execute(569)) - bcb704dc-2543-42a4-8762-cde039a55a99@group-276C6D5C141F-SegmentedRaftLogWorker: created new log segment /workdir/hadoop-ozone/integration-test/target/test-dir/MiniOzoneClusterImpl-87962e32-e39f-4c57-b747-30c883c1cc54/datanode-0/data/ratis/063c4a49-8055-459e-9821-276c6d5c141f/current/log_inprogress_0
2019-09-26 15:39:00,000 [pool-123-thread-1] INFO  storage.RaftStorage (RaftStorage.java:format(72)) - Storage directory /workdir/hadoop-ozone/integration-test/target/test-dir/MiniOzoneClusterImpl-87962e32-e39f-4c57-b747-30c883c1cc54/datanode-0/data/ratis/7b8acdff-4a1a-43da-9d92-9cac7cb13e97 has been successfully formatted.
2019-09-26 15:38:59,996 [bcb704dc-2543-42a4-8762-cde039a55a99@group-D03E0B1BE4CF:LeaderElection139] INFO  impl.LeaderElection (LeaderElection.java:askForVotes(182)) - bcb704dc-2543-42a4-8762-cde039a55a99@group-D03E0B1BE4CF:LeaderElection139: begin an election at term 1 for -1: [bcb704dc-2543-42a4-8762-cde039a55a99:192.168.151.99:43663], old=null
2019-09-26 15:39:00,081 [Thread-1927] INFO  impl.FollowerState (FollowerState.java:run(106)) - bcb704dc-2543-42a4-8762-cde039a55a99:group-0FE7E57C4B3A changes to CANDIDATE, lastRpcTime:5121, electionTimeout:5063ms
2019-09-26 15:39:00,036 [Thread-1921] INFO  impl.FollowerState (FollowerState.java:run(106)) - bcb704dc-2543-42a4-8762-cde039a55a99:group-91E203BCBD22 changes to CANDIDATE, lastRpcTime:5150, electionTimeout:5150ms
2019-09-26 15:39:00,082 [Thread-1921] INFO  impl.RoleInfo (RoleInfo.java:shutdownFollowerState(121)) - bcb704dc-2543-42a4-8762-cde039a55a99: shutdown FollowerState
2019-09-26 15:39:00,034 [Thread-1924] INFO  impl.RoleInfo (RoleInfo.java:shutdownFollowerState(121)) - bcb704dc-2543-42a4-8762-cde039a55a99: shutdown FollowerState
2019-09-26 15:39:00,082 [Thread-1921] INFO  impl.RaftServerImpl (RaftServerImpl.java:setRole(174)) - bcb704dc-2543-42a4-8762-cde039a55a99@group-91E203BCBD22: changes role from  FOLLOWER to CANDIDATE at term 0 for changeToCandidate
2019-09-26 15:39:00,082 [Thread-1927] INFO  impl.RoleInfo (RoleInfo.java:shutdownFollowerState(121)) - bcb704dc-2543-42a4-8762-cde039a55a99: shutdown FollowerState
2019-09-26 15:39:00,082 [bcb704dc-2543-42a4-8762-cde039a55a99@group-D03E0B1BE4CF:LeaderElection139] INFO  impl.RoleInfo (RoleInfo.java:shutdownLeaderElection(134)) - bcb704dc-2543-42a4-8762-cde039a55a99: shutdown LeaderElection
2019-09-26 15:39:00,082 [pool-123-thread-1] INFO  ratis.ContainerStateMachine (ContainerStateMachine.java:loadSnapshot(230)) - group-9CAC7CB13E97: The snapshot info is null. Setting the last applied indexto:(t:0, i:~)
2019-09-26 15:39:00,083 [bcb704dc-2543-42a4-8762-cde039a55a99@group-D03E0B1BE4CF:LeaderElection139] INFO  impl.RaftServerImpl (RaftServerImpl.java:setRole(174)) - bcb704dc-2543-42a4-8762-cde039a55a99@group-D03E0B1BE4CF: changes role from CANDIDATE to LEADER at term 1 for changeToLeader
2019-09-26 15:39:00,083 [bcb704dc-2543-42a4-8762-cde039a55a99@group-D03E0B1BE4CF:LeaderElection139] INFO  impl.RaftServerImpl (ServerState.java:setLeader(253)) - bcb704dc-2543-42a4-8762-cde039a55a99@group-D03E0B1BE4CF: change Leader from null to bcb704dc-2543-42a4-8762-cde039a55a99 at term 1 for becomeLeader, leader elected after 5237ms
2019-09-26 15:39:00,082 [Thread-1927] INFO  impl.RaftServerImpl (RaftServerImpl.java:setRole(174)) - bcb704dc-2543-42a4-8762-cde039a55a99@group-0FE7E57C4B3A: changes role from  FOLLOWER to CANDIDATE at term 0 for changeToCandidate
2019-09-26 15:39:00,082 [Thread-1921] INFO  impl.RoleInfo (RoleInfo.java:updateAndGet(143)) - bcb704dc-2543-42a4-8762-cde039a55a99: start LeaderElection
2019-09-26 15:39:00,083 [Thread-1933] INFO  impl.FollowerState (FollowerState.java:run(106)) - bcb704dc-2543-42a4-8762-cde039a55a99:group-2B1D777BBAB6 changes to CANDIDATE, lastRpcTime:5058, electionTimeout:5058ms
2019-09-26 15:39:00,082 [Thread-1924] INFO  impl.RaftServerImpl (RaftServerImpl.java:setRole(174)) - bcb704dc-2543-42a4-8762-cde039a55a99@group-7F4887E5B92C: changes role from  FOLLOWER to CANDIDATE at term 0 for changeToCandidate
2019-09-26 15:39:00,083 [Thread-1933] INFO  impl.RoleInfo (RoleInfo.java:shutdownFollowerState(121)) - bcb704dc-2543-42a4-8762-cde039a55a99: shutdown FollowerState
2019-09-26 15:39:00,083 [Thread-1933] INFO  impl.RaftServerImpl (RaftServerImpl.java:setRole(174)) - bcb704dc-2543-42a4-8762-cde039a55a99@group-2B1D777BBAB6: changes role from  FOLLOWER to CANDIDATE at term 0 for changeToCandidate
2019-09-26 15:39:00,083 [Thread-1927] INFO  impl.RoleInfo (RoleInfo.java:updateAndGet(143)) - bcb704dc-2543-42a4-8762-cde039a55a99: start LeaderElection
2019-09-26 15:39:00,083 [bcb704dc-2543-42a4-8762-cde039a55a99@group-D03E0B1BE4CF:LeaderElection139] INFO  server.RaftServerConfigKeys (ConfUtils.java:logGet(43)) - raft.server.staging.catchup.gap = 1000 (default)
2019-09-26 15:39:00,084 [bcb704dc-2543-42a4-8762-cde039a55a99@group-D03E0B1BE4CF:LeaderElection139] INFO  server.RaftServerConfigKeys (ConfUtils.java:logGet(43)) - raft.server.rpc.sleep.time = 25ms (default)
2019-09-26 15:39:00,083 [pool-123-thread-1] INFO  server.RaftServerConfigKeys (ConfUtils.java:logGet(43)) - raft.server.notification.no-leader.timeout = 120s (custom)
2019-09-26 15:39:00,084 [bcb704dc-2543-42a4-8762-cde039a55a99@group-D03E0B1BE4CF:LeaderElection139] INFO  server.RaftServerConfigKeys (ConfUtils.java:logGet(43)) - raft.server.write.element-limit = 4096 (default)
2019-09-26 15:39:00,083 [Thread-1933] INFO  impl.RoleInfo (RoleInfo.java:updateAndGet(143)) - bcb704dc-2543-42a4-8762-cde039a55a99: start LeaderElection
2019-09-26 15:39:00,083 [Thread-1924] INFO  impl.RoleInfo (RoleInfo.java:updateAndGet(143)) - bcb704dc-2543-42a4-8762-cde039a55a99: start LeaderElection
2019-09-26 15:39:00,084 [bcb704dc-2543-42a4-8762-cde039a55a99@group-D03E0B1BE4CF:LeaderElection139] INFO  server.RaftServerConfigKeys (ConfUtils.java:logGet(43)) - raft.server.watch.timeout = 10s (default)
2019-09-26 15:39:00,084 [pool-123-thread-1] INFO  server.RaftServerConfigKeys (ConfUtils.java:logGet(43)) - raft.server.log.use.memory = false (default)
2019-09-26 15:39:00,084 [bcb704dc-2543-42a4-8762-cde039a55a99@group-D03E0B1BE4CF:LeaderElection139] INFO  server.RaftServerConfigKeys (ConfUtils.java:logGet(43)) - raft.server.watch.timeout.denomination = 1s (default)
2019-09-26 15:39:00,084 [pool-123-thread-1] INFO  server.RaftServerConfigKeys (ConfUtils.java:logGet(43)) - raft.server.log.purge.gap = 1000000 (custom)
2019-09-26 15:39:00,084 [bcb704dc-2543-42a4-8762-cde039a55a99@group-D03E0B1BE4CF:LeaderElection139] INFO  server.RaftServerConfigKeys (ConfUtils.java:logGet(43)) - raft.server.watch.element-limit = 65536 (default)
2019-09-26 15:39:00,085 [pool-123-thread-1] INFO  server.RaftServerConfigKeys (ConfUtils.java:logGet(43)) - raft.server.log.appender.buffer.byte-limit = 33554432 (custom)
2019-09-26 15:39:00,085 [pool-123-thread-1] INFO  server.RaftServerConfigKeys (ConfUtils.java:logGet(43)) - raft.server.log.segment.size.max = 1048576 (custom)
2019-09-26 15:39:00,085 [pool-123-thread-1] INFO  server.RaftServerConfigKeys (ConfUtils.java:logGet(43)) - raft.server.log.segment.cache.num.max = 2 (custom)
2019-09-26 15:39:00,085 [pool-123-thread-1] INFO  segmented.SegmentedRaftLogWorker (SegmentedRaftLogWorker.java:<init>(172)) - new bcb704dc-2543-42a4-8762-cde039a55a99@group-9CAC7CB13E97-SegmentedRaftLogWorker for RaftStorage:Storage Directory /workdir/hadoop-ozone/integration-test/target/test-dir/MiniOzoneClusterImpl-87962e32-e39f-4c57-b747-30c883c1cc54/datanode-0/data/ratis/7b8acdff-4a1a-43da-9d92-9cac7cb13e97
2019-09-26 15:39:00,085 [pool-123-thread-1] INFO  server.RaftServerConfigKeys (ConfUtils.java:logGet(43)) - raft.server.log.queue.byte-limit = 2147483647 (custom)
2019-09-26 15:39:00,085 [pool-123-thread-1] INFO  server.RaftServerConfigKeys (ConfUtils.java:logGet(43)) - raft.server.log.queue.element-limit = 1024 (custom)
2019-09-26 15:39:00,086 [pool-123-thread-1] INFO  server.RaftServerConfigKeys (ConfUtils.java:logGet(43)) - raft.server.log.segment.size.max = 1048576 (custom)
2019-09-26 15:39:00,086 [pool-123-thread-1] INFO  server.RaftServerConfigKeys (ConfUtils.java:logGet(43)) - raft.server.log.preallocated.size = 16384 (custom)
2019-09-26 15:39:00,086 [pool-123-thread-1] INFO  server.RaftServerConfigKeys (ConfUtils.java:logGet(43)) - raft.server.log.write.buffer.size = 33554432 (custom)
2019-09-26 15:39:00,086 [pool-123-thread-1] INFO  server.RaftServerConfigKeys (ConfUtils.java:logGet(43)) - raft.server.log.force.sync.num = 128 (default)
2019-09-26 15:39:00,086 [pool-123-thread-1] INFO  server.RaftServerConfigKeys (ConfUtils.java:logGet(43)) - raft.server.log.statemachine.data.sync = true (default)
2019-09-26 15:39:00,086 [pool-123-thread-1] INFO  server.RaftServerConfigKeys (ConfUtils.java:logGet(43)) - raft.server.log.statemachine.data.sync.timeout = 10s (default)
2019-09-26 15:39:00,086 [pool-123-thread-1] INFO  server.RaftServerConfigKeys (ConfUtils.java:logGet(43)) - raft.server.log.statemachine.data.sync.timeout.retry = -1 (default)
2019-09-26 15:39:00,112 [pool-123-thread-1] INFO  server.RaftServerConfigKeys (ConfUtils.java:logGet(43)) - raft.server.log.statemachine.data.caching.enabled = true (custom)
2019-09-26 15:39:00,113 [pool-123-thread-1] INFO  segmented.SegmentedRaftLogWorker (SegmentedRaftLogWorker.java:lambda$new$0(132)) - bcb704dc-2543-42a4-8762-cde039a55a99@group-9CAC7CB13E97-SegmentedRaftLogWorker: flushIndex: setUnconditionally 0 -> -1
2019-09-26 15:39:00,128 [pool-123-thread-1] INFO  server.RaftServerConfigKeys (ConfUtils.java:logGet(43)) - raft.server.snapshot.auto.trigger.enabled = true (custom)
2019-09-26 15:39:00,129 [pool-123-thread-1] INFO  server.RaftServerConfigKeys (ConfUtils.java:logGet(43)) - raft.server.snapshot.auto.trigger.threshold = 10000 (custom)
2019-09-26 15:39:00,129 [pool-123-thread-1] INFO  server.RaftServerConfigKeys (ConfUtils.java:logGet(43)) - raft.server.snapshot.retention.num.files = 5 (custom)
2019-09-26 15:39:00,129 [pool-123-thread-1] INFO  server.RaftServerConfigKeys (ConfUtils.java:logGet(43)) - raft.server.retrycache.expirytime = 600000ms (custom)
2019-09-26 15:39:00,129 [bcb704dc-2543-42a4-8762-cde039a55a99@group-D03E0B1BE4CF:LeaderElection139] INFO  impl.RoleInfo (RoleInfo.java:updateAndGet(143)) - bcb704dc-2543-42a4-8762-cde039a55a99: start LeaderState
2019-09-26 15:39:00,129 [bcb704dc-2543-42a4-8762-cde039a55a99@group-D03E0B1BE4CF:LeaderElection139] INFO  segmented.SegmentedRaftLogWorker (SegmentedRaftLogWorker.java:startLogSegment(380)) - bcb704dc-2543-42a4-8762-cde039a55a99@group-D03E0B1BE4CF-SegmentedRaftLogWorker: Starting segment from index:0
2019-09-26 15:39:00,130 [bcb704dc-2543-42a4-8762-cde039a55a99@group-D03E0B1BE4CF:LeaderElection139] INFO  impl.RaftServerImpl (ServerState.java:setRaftConf(354)) - bcb704dc-2543-42a4-8762-cde039a55a99@group-D03E0B1BE4CF: set configuration 0: [bcb704dc-2543-42a4-8762-cde039a55a99:192.168.151.99:43663], old=null at 0
2019-09-26 15:39:00,130 [pool-123-thread-1] INFO  impl.RaftServerImpl (RaftServerImpl.java:start(185)) - bcb704dc-2543-42a4-8762-cde039a55a99@group-9CAC7CB13E97: start as a follower, conf=-1: [bcb704dc-2543-42a4-8762-cde039a55a99:192.168.151.99:43663], old=null
2019-09-26 15:39:00,130 [pool-123-thread-1] INFO  impl.RaftServerImpl (RaftServerImpl.java:setRole(174)) - bcb704dc-2543-42a4-8762-cde039a55a99@group-9CAC7CB13E97: changes role from      null to FOLLOWER at term 0 for startAsFollower
2019-09-26 15:39:00,131 [pool-123-thread-1] INFO  impl.RoleInfo (RoleInfo.java:updateAndGet(143)) - bcb704dc-2543-42a4-8762-cde039a55a99: start FollowerState
2019-09-26 15:39:00,143 [pool-123-thread-1] INFO  util.JmxRegister (JmxRegister.java:tryRegister(44)) - Successfully registered JMX Bean with object name Ratis:service=RaftServer,group=group-9CAC7CB13E97,id=bcb704dc-2543-42a4-8762-cde039a55a99
2019-09-26 15:39:00,145 [RatisPipelineUtilsThread] INFO  pipeline.PipelineStateManager (PipelineStateManager.java:addPipeline(56)) - Created pipeline Pipeline[ Id: 7b8acdff-4a1a-43da-9d92-9cac7cb13e97, Nodes: bcb704dc-2543-42a4-8762-cde039a55a99{ip: 192.168.151.99, host: pr-hdds-1569-g6sp5-2013761785, networkLocation: /default-rack, certSerialId: null}, Type:RATIS, Factor:ONE, State:OPEN]
2019-09-26 15:39:00,149 [grpc-default-executor-0] INFO  impl.RaftServerProxy (RaftServerProxy.java:addNew(89)) - bcb704dc-2543-42a4-8762-cde039a55a99: addNew group-19297E754D09:[bcb704dc-2543-42a4-8762-cde039a55a99:192.168.151.99:43663] returns group-19297E754D09:java.util.concurrent.CompletableFuture@695f5f8[Not completed]
2019-09-26 15:39:00,150 [pool-123-thread-1] INFO  impl.RaftServerImpl (RaftServerImpl.java:<init>(95)) - bcb704dc-2543-42a4-8762-cde039a55a99: new RaftServerImpl for group-19297E754D09:[bcb704dc-2543-42a4-8762-cde039a55a99:192.168.151.99:43663] with ContainerStateMachine:uninitialized
2019-09-26 15:39:00,150 [pool-123-thread-1] INFO  server.RaftServerConfigKeys (ConfUtils.java:logGet(43)) - raft.server.rpc.timeout.min = 5s (custom)
2019-09-26 15:39:00,150 [pool-123-thread-1] INFO  server.RaftServerConfigKeys (ConfUtils.java:logGet(43)) - raft.server.rpc.timeout.max = 5200ms (custom)
2019-09-26 15:39:00,150 [Thread-1939] INFO  impl.FollowerState (FollowerState.java:run(106)) - bcb704dc-2543-42a4-8762-cde039a55a99:group-2A76C58BF3BB changes to CANDIDATE, lastRpcTime:5051, electionTimeout:5051ms
2019-09-26 15:39:00,150 [pool-123-thread-1] INFO  server.RaftServerConfigKeys (ConfUtils.java:logGet(43)) - raft.server.rpcslowness.timeout = 120s (custom)
2019-09-26 15:39:00,151 [Thread-1939] INFO  impl.RoleInfo (RoleInfo.java:shutdownFollowerState(121)) - bcb704dc-2543-42a4-8762-cde039a55a99: shutdown FollowerState
2019-09-26 15:39:00,151 [pool-123-thread-1] INFO  server.RaftServerConfigKeys (ConfUtils.java:logGet(43)) - raft.server.sleep.deviation.threshold = 300 (default)
2019-09-26 15:39:00,151 [Thread-1939] INFO  impl.RaftServerImpl (RaftServerImpl.java:setRole(174)) - bcb704dc-2543-42a4-8762-cde039a55a99@group-2A76C58BF3BB: changes role from  FOLLOWER to CANDIDATE at term 0 for changeToCandidate
2019-09-26 15:39:00,151 [pool-123-thread-1] INFO  server.RaftServerConfigKeys (ConfUtils.java:logGet(43)) - raft.server.log.appender.install.snapshot.enabled = false (custom)
2019-09-26 15:39:00,151 [Thread-1939] INFO  impl.RoleInfo (RoleInfo.java:updateAndGet(143)) - bcb704dc-2543-42a4-8762-cde039a55a99: start LeaderElection
2019-09-26 15:39:00,151 [pool-123-thread-1] INFO  impl.RaftServerImpl (ServerState.java:<init>(103)) - bcb704dc-2543-42a4-8762-cde039a55a99@group-19297E754D09: ConfigurationManager, init=-1: [bcb704dc-2543-42a4-8762-cde039a55a99:192.168.151.99:43663], old=null, confs=<EMPTY_MAP>
2019-09-26 15:39:00,151 [pool-123-thread-1] INFO  server.RaftServerConfigKeys (ConfUtils.java:logGet(43)) - raft.server.storage.dir = [/workdir/hadoop-ozone/integration-test/target/test-dir/MiniOzoneClusterImpl-87962e32-e39f-4c57-b747-30c883c1cc54/datanode-0/data/ratis] (custom)
2019-09-26 15:39:00,152 [pool-123-thread-1] INFO  storage.RaftStorageDirectory (RaftStorageDirectory.java:analyzeStorage(246)) - The storage directory /workdir/hadoop-ozone/integration-test/target/test-dir/MiniOzoneClusterImpl-87962e32-e39f-4c57-b747-30c883c1cc54/datanode-0/data/ratis/05d25fd2-0502-4053-9f70-19297e754d09 does not exist. Creating ...
2019-09-26 15:39:00,163 [bcb704dc-2543-42a4-8762-cde039a55a99@group-0FE7E57C4B3A:LeaderElection142] INFO  impl.LeaderElection (LeaderElection.java:askForVotes(182)) - bcb704dc-2543-42a4-8762-cde039a55a99@group-0FE7E57C4B3A:LeaderElection142: begin an election at term 1 for -1: [bcb704dc-2543-42a4-8762-cde039a55a99:192.168.151.99:43663], old=null
2019-09-26 15:39:00,163 [bcb704dc-2543-42a4-8762-cde039a55a99@group-91E203BCBD22:LeaderElection141] INFO  impl.LeaderElection (LeaderElection.java:askForVotes(182)) - bcb704dc-2543-42a4-8762-cde039a55a99@group-91E203BCBD22:LeaderElection141: begin an election at term 1 for -1: [bcb704dc-2543-42a4-8762-cde039a55a99:192.168.151.99:43663], old=null
2019-09-26 15:39:00,164 [bcb704dc-2543-42a4-8762-cde039a55a99@group-0FE7E57C4B3A:LeaderElection142] INFO  impl.RoleInfo (RoleInfo.java:shutdownLeaderElection(134)) - bcb704dc-2543-42a4-8762-cde039a55a99: shutdown LeaderElection
2019-09-26 15:39:00,164 [bcb704dc-2543-42a4-8762-cde039a55a99@group-466F86898D25:LeaderElection140] INFO  impl.LeaderElection (LeaderElection.java:askForVotes(182)) - bcb704dc-2543-42a4-8762-cde039a55a99@group-466F86898D25:LeaderElection140: begin an election at term 1 for -1: [bcb704dc-2543-42a4-8762-cde039a55a99:192.168.151.99:43663], old=null
2019-09-26 15:39:00,164 [bcb704dc-2543-42a4-8762-cde039a55a99@group-0FE7E57C4B3A:LeaderElection142] INFO  impl.RaftServerImpl (RaftServerImpl.java:setRole(174)) - bcb704dc-2543-42a4-8762-cde039a55a99@group-0FE7E57C4B3A: changes role from CANDIDATE to LEADER at term 1 for changeToLeader
2019-09-26 15:39:00,164 [bcb704dc-2543-42a4-8762-cde039a55a99@group-0FE7E57C4B3A:LeaderElection142] INFO  impl.RaftServerImpl (ServerState.java:setLeader(253)) - bcb704dc-2543-42a4-8762-cde039a55a99@group-0FE7E57C4B3A: change Leader from null to bcb704dc-2543-42a4-8762-cde039a55a99 at term 1 for becomeLeader, leader elected after 5208ms
2019-09-26 15:39:00,164 [bcb704dc-2543-42a4-8762-cde039a55a99@group-91E203BCBD22:LeaderElection141] INFO  impl.RoleInfo (RoleInfo.java:shutdownLeaderElection(134)) - bcb704dc-2543-42a4-8762-cde039a55a99: shutdown LeaderElection
2019-09-26 15:39:00,164 [bcb704dc-2543-42a4-8762-cde039a55a99@group-0FE7E57C4B3A:LeaderElection142] INFO  server.RaftServerConfigKeys (ConfUtils.java:logGet(43)) - raft.server.staging.catchup.gap = 1000 (default)
2019-09-26 15:39:00,164 [bcb704dc-2543-42a4-8762-cde039a55a99@group-0FE7E57C4B3A:LeaderElection142] INFO  server.RaftServerConfigKeys (ConfUtils.java:logGet(43)) - raft.server.rpc.sleep.time = 25ms (default)
2019-09-26 15:39:00,164 [bcb704dc-2543-42a4-8762-cde039a55a99@group-466F86898D25:LeaderElection140] INFO  impl.RoleInfo (RoleInfo.java:shutdownLeaderElection(134)) - bcb704dc-2543-42a4-8762-cde039a55a99: shutdown LeaderElection
2019-09-26 15:39:00,164 [bcb704dc-2543-42a4-8762-cde039a55a99@group-0FE7E57C4B3A:LeaderElection142] INFO  server.RaftServerConfigKeys (ConfUtils.java:logGet(43)) - raft.server.write.element-limit = 4096 (default)
2019-09-26 15:39:00,165 [bcb704dc-2543-42a4-8762-cde039a55a99@group-0FE7E57C4B3A:LeaderElection142] INFO  server.RaftServerConfigKeys (ConfUtils.java:logGet(43)) - raft.server.watch.timeout = 10s (default)
2019-09-26 15:39:00,164 [bcb704dc-2543-42a4-8762-cde039a55a99@group-91E203BCBD22:LeaderElection141] INFO  impl.RaftServerImpl (RaftServerImpl.java:setRole(174)) - bcb704dc-2543-42a4-8762-cde039a55a99@group-91E203BCBD22: changes role from CANDIDATE to LEADER at term 1 for changeToLeader
2019-09-26 15:39:00,165 [Thread-1942] INFO  impl.FollowerState (FollowerState.java:run(106)) - bcb704dc-2543-42a4-8762-cde039a55a99:group-F3619DED638C changes to CANDIDATE, lastRpcTime:5034, electionTimeout:5034ms
2019-09-26 15:39:00,165 [bcb704dc-2543-42a4-8762-cde039a55a99@group-0FE7E57C4B3A:LeaderElection142] INFO  server.RaftServerConfigKeys (ConfUtils.java:logGet(43)) - raft.server.watch.timeout.denomination = 1s (default)
2019-09-26 15:39:00,165 [bcb704dc-2543-42a4-8762-cde039a55a99@group-0FE7E57C4B3A:LeaderElection142] INFO  server.RaftServerConfigKeys (ConfUtils.java:logGet(43)) - raft.server.watch.element-limit = 65536 (default)
2019-09-26 15:39:00,164 [bcb704dc-2543-42a4-8762-cde039a55a99@group-466F86898D25:LeaderElection140] INFO  impl.RaftServerImpl (RaftServerImpl.java:setRole(174)) - bcb704dc-2543-42a4-8762-cde039a55a99@group-466F86898D25: changes role from CANDIDATE to LEADER at term 1 for changeToLeader
2019-09-26 15:39:00,165 [bcb704dc-2543-42a4-8762-cde039a55a99@group-466F86898D25:LeaderElection140] INFO  impl.RaftServerImpl (ServerState.java:setLeader(253)) - bcb704dc-2543-42a4-8762-cde039a55a99@group-466F86898D25: change Leader from null to bcb704dc-2543-42a4-8762-cde039a55a99 at term 1 for becomeLeader, leader elected after 5349ms
2019-09-26 15:39:00,165 [Thread-1942] INFO  impl.RoleInfo (RoleInfo.java:shutdownFollowerState(121)) - bcb704dc-2543-42a4-8762-cde039a55a99: shutdown FollowerState
2019-09-26 15:39:00,166 [Thread-1942] INFO  impl.RaftServerImpl (RaftServerImpl.java:setRole(174)) - bcb704dc-2543-42a4-8762-cde039a55a99@group-F3619DED638C: changes role from  FOLLOWER to CANDIDATE at term 0 for changeToCandidate
2019-09-26 15:39:00,165 [bcb704dc-2543-42a4-8762-cde039a55a99@group-91E203BCBD22:LeaderElection141] INFO  impl.RaftServerImpl (ServerState.java:setLeader(253)) - bcb704dc-2543-42a4-8762-cde039a55a99@group-91E203BCBD22: change Leader from null to bcb704dc-2543-42a4-8762-cde039a55a99 at term 1 for becomeLeader, leader elected after 5282ms
2019-09-26 15:39:00,166 [Thread-1942] INFO  impl.RoleInfo (RoleInfo.java:updateAndGet(143)) - bcb704dc-2543-42a4-8762-cde039a55a99: start LeaderElection
2019-09-26 15:39:00,165 [bcb704dc-2543-42a4-8762-cde039a55a99@group-466F86898D25:LeaderElection140] INFO  server.RaftServerConfigKeys (ConfUtils.java:logGet(43)) - raft.server.staging.catchup.gap = 1000 (default)
2019-09-26 15:39:00,166 [bcb704dc-2543-42a4-8762-cde039a55a99@group-0FE7E57C4B3A:LeaderElection142] INFO  impl.RoleInfo (RoleInfo.java:updateAndGet(143)) - bcb704dc-2543-42a4-8762-cde039a55a99: start LeaderState
2019-09-26 15:39:00,166 [bcb704dc-2543-42a4-8762-cde039a55a99@group-91E203BCBD22:LeaderElection141] INFO  server.RaftServerConfigKeys (ConfUtils.java:logGet(43)) - raft.server.staging.catchup.gap = 1000 (default)
2019-09-26 15:39:00,166 [bcb704dc-2543-42a4-8762-cde039a55a99@group-0FE7E57C4B3A:LeaderElection142] INFO  segmented.SegmentedRaftLogWorker (SegmentedRaftLogWorker.java:startLogSegment(380)) - bcb704dc-2543-42a4-8762-cde039a55a99@group-0FE7E57C4B3A-SegmentedRaftLogWorker: Starting segment from index:0
2019-09-26 15:39:00,166 [bcb704dc-2543-42a4-8762-cde039a55a99@group-466F86898D25:LeaderElection140] INFO  server.RaftServerConfigKeys (ConfUtils.java:logGet(43)) - raft.server.rpc.sleep.time = 25ms (default)
2019-09-26 15:39:00,166 [bcb704dc-2543-42a4-8762-cde039a55a99@group-91E203BCBD22:LeaderElection141] INFO  server.RaftServerConfigKeys (ConfUtils.java:logGet(43)) - raft.server.rpc.sleep.time = 25ms (default)
2019-09-26 15:39:00,167 [bcb704dc-2543-42a4-8762-cde039a55a99@group-0FE7E57C4B3A:LeaderElection142] INFO  impl.RaftServerImpl (ServerState.java:setRaftConf(354)) - bcb704dc-2543-42a4-8762-cde039a55a99@group-0FE7E57C4B3A: set configuration 0: [bcb704dc-2543-42a4-8762-cde039a55a99:192.168.151.99:43663], old=null at 0
2019-09-26 15:39:00,167 [bcb704dc-2543-42a4-8762-cde039a55a99@group-91E203BCBD22:LeaderElection141] INFO  server.RaftServerConfigKeys (ConfUtils.java:logGet(43)) - raft.server.write.element-limit = 4096 (default)
2019-09-26 15:39:00,167 [bcb704dc-2543-42a4-8762-cde039a55a99@group-466F86898D25:LeaderElection140] INFO  server.RaftServerConfigKeys (ConfUtils.java:logGet(43)) - raft.server.write.element-limit = 4096 (default)
2019-09-26 15:39:00,167 [bcb704dc-2543-42a4-8762-cde039a55a99@group-91E203BCBD22:LeaderElection141] INFO  server.RaftServerConfigKeys (ConfUtils.java:logGet(43)) - raft.server.watch.timeout = 10s (default)
2019-09-26 15:39:00,167 [bcb704dc-2543-42a4-8762-cde039a55a99@group-466F86898D25:LeaderElection140] INFO  server.RaftServerConfigKeys (ConfUtils.java:logGet(43)) - raft.server.watch.timeout = 10s (default)
2019-09-26 15:39:00,167 [bcb704dc-2543-42a4-8762-cde039a55a99@group-91E203BCBD22:LeaderElection141] INFO  server.RaftServerConfigKeys (ConfUtils.java:logGet(43)) - raft.server.watch.timeout.denomination = 1s (default)
2019-09-26 15:39:00,167 [bcb704dc-2543-42a4-8762-cde039a55a99@group-466F86898D25:LeaderElection140] INFO  server.RaftServerConfigKeys (ConfUtils.java:logGet(43)) - raft.server.watch.timeout.denomination = 1s (default)
2019-09-26 15:39:00,168 [bcb704dc-2543-42a4-8762-cde039a55a99@group-91E203BCBD22:LeaderElection141] INFO  server.RaftServerConfigKeys (ConfUtils.java:logGet(43)) - raft.server.watch.element-limit = 65536 (default)
2019-09-26 15:39:00,168 [bcb704dc-2543-42a4-8762-cde039a55a99@group-466F86898D25:LeaderElection140] INFO  server.RaftServerConfigKeys (ConfUtils.java:logGet(43)) - raft.server.watch.element-limit = 65536 (default)
2019-09-26 15:39:00,170 [Thread-1930] INFO  impl.FollowerState (FollowerState.java:run(106)) - bcb704dc-2543-42a4-8762-cde039a55a99:group-060CFA80EB3D changes to CANDIDATE, lastRpcTime:5173, electionTimeout:5173ms
2019-09-26 15:39:00,171 [bcb704dc-2543-42a4-8762-cde039a55a99@group-91E203BCBD22:LeaderElection141] INFO  impl.RoleInfo (RoleInfo.java:updateAndGet(143)) - bcb704dc-2543-42a4-8762-cde039a55a99: start LeaderState
2019-09-26 15:39:00,171 [Thread-1930] INFO  impl.RoleInfo (RoleInfo.java:shutdownFollowerState(121)) - bcb704dc-2543-42a4-8762-cde039a55a99: shutdown FollowerState
2019-09-26 15:39:00,171 [Thread-1930] INFO  impl.RaftServerImpl (RaftServerImpl.java:setRole(174)) - bcb704dc-2543-42a4-8762-cde039a55a99@group-060CFA80EB3D: changes role from  FOLLOWER to CANDIDATE at term 0 for changeToCandidate
2019-09-26 15:39:00,171 [bcb704dc-2543-42a4-8762-cde039a55a99@group-91E203BCBD22:LeaderElection141] INFO  segmented.SegmentedRaftLogWorker (SegmentedRaftLogWorker.java:startLogSegment(380)) - bcb704dc-2543-42a4-8762-cde039a55a99@group-91E203BCBD22-SegmentedRaftLogWorker: Starting segment from index:0
2019-09-26 15:39:00,171 [bcb704dc-2543-42a4-8762-cde039a55a99@group-466F86898D25:LeaderElection140] INFO  impl.RoleInfo (RoleInfo.java:updateAndGet(143)) - bcb704dc-2543-42a4-8762-cde039a55a99: start LeaderState
2019-09-26 15:39:00,171 [Thread-1930] INFO  impl.RoleInfo (RoleInfo.java:updateAndGet(143)) - bcb704dc-2543-42a4-8762-cde039a55a99: start LeaderElection
2019-09-26 15:39:00,171 [bcb704dc-2543-42a4-8762-cde039a55a99@group-466F86898D25:LeaderElection140] INFO  segmented.SegmentedRaftLogWorker (SegmentedRaftLogWorker.java:startLogSegment(380)) - bcb704dc-2543-42a4-8762-cde039a55a99@group-466F86898D25-SegmentedRaftLogWorker: Starting segment from index:0
2019-09-26 15:39:00,171 [bcb704dc-2543-42a4-8762-cde039a55a99@group-91E203BCBD22:LeaderElection141] INFO  impl.RaftServerImpl (ServerState.java:setRaftConf(354)) - bcb704dc-2543-42a4-8762-cde039a55a99@group-91E203BCBD22: set configuration 0: [bcb704dc-2543-42a4-8762-cde039a55a99:192.168.151.99:43663], old=null at 0
2019-09-26 15:39:00,172 [bcb704dc-2543-42a4-8762-cde039a55a99@group-466F86898D25:LeaderElection140] INFO  impl.RaftServerImpl (ServerState.java:setRaftConf(354)) - bcb704dc-2543-42a4-8762-cde039a55a99@group-466F86898D25: set configuration 0: [bcb704dc-2543-42a4-8762-cde039a55a99:192.168.151.99:43663], old=null at 0
2019-09-26 15:39:00,176 [bcb704dc-2543-42a4-8762-cde039a55a99@group-7F4887E5B92C:LeaderElection143] INFO  impl.LeaderElection (LeaderElection.java:askForVotes(182)) - bcb704dc-2543-42a4-8762-cde039a55a99@group-7F4887E5B92C:LeaderElection143: begin an election at term 1 for -1: [bcb704dc-2543-42a4-8762-cde039a55a99:192.168.151.99:43663], old=null
2019-09-26 15:39:00,176 [bcb704dc-2543-42a4-8762-cde039a55a99@group-2B1D777BBAB6:LeaderElection144] INFO  impl.LeaderElection (LeaderElection.java:askForVotes(182)) - bcb704dc-2543-42a4-8762-cde039a55a99@group-2B1D777BBAB6:LeaderElection144: begin an election at term 1 for -1: [bcb704dc-2543-42a4-8762-cde039a55a99:192.168.151.99:43663], old=null
2019-09-26 15:39:00,176 [bcb704dc-2543-42a4-8762-cde039a55a99@group-7F4887E5B92C:LeaderElection143] INFO  impl.RoleInfo (RoleInfo.java:shutdownLeaderElection(134)) - bcb704dc-2543-42a4-8762-cde039a55a99: shutdown LeaderElection
2019-09-26 15:39:00,177 [bcb704dc-2543-42a4-8762-cde039a55a99@group-2B1D777BBAB6:LeaderElection144] INFO  impl.RoleInfo (RoleInfo.java:shutdownLeaderElection(134)) - bcb704dc-2543-42a4-8762-cde039a55a99: shutdown LeaderElection
2019-09-26 15:39:00,177 [bcb704dc-2543-42a4-8762-cde039a55a99@group-7F4887E5B92C:LeaderElection143] INFO  impl.RaftServerImpl (RaftServerImpl.java:setRole(174)) - bcb704dc-2543-42a4-8762-cde039a55a99@group-7F4887E5B92C: changes role from CANDIDATE to LEADER at term 1 for changeToLeader
2019-09-26 15:39:00,177 [bcb704dc-2543-42a4-8762-cde039a55a99@group-2B1D777BBAB6:LeaderElection144] INFO  impl.RaftServerImpl (RaftServerImpl.java:setRole(174)) - bcb704dc-2543-42a4-8762-cde039a55a99@group-2B1D777BBAB6: changes role from CANDIDATE to LEADER at term 1 for changeToLeader
2019-09-26 15:39:00,177 [bcb704dc-2543-42a4-8762-cde039a55a99@group-7F4887E5B92C:LeaderElection143] INFO  impl.RaftServerImpl (ServerState.java:setLeader(253)) - bcb704dc-2543-42a4-8762-cde039a55a99@group-7F4887E5B92C: change Leader from null to bcb704dc-2543-42a4-8762-cde039a55a99 at term 1 for becomeLeader, leader elected after 5257ms
2019-09-26 15:39:00,177 [bcb704dc-2543-42a4-8762-cde039a55a99@group-2B1D777BBAB6:LeaderElection144] INFO  impl.RaftServerImpl (ServerState.java:setLeader(253)) - bcb704dc-2543-42a4-8762-cde039a55a99@group-2B1D777BBAB6: change Leader from null to bcb704dc-2543-42a4-8762-cde039a55a99 at term 1 for becomeLeader, leader elected after 5155ms
2019-09-26 15:39:00,177 [bcb704dc-2543-42a4-8762-cde039a55a99@group-7F4887E5B92C:LeaderElection143] INFO  server.RaftServerConfigKeys (ConfUtils.java:logGet(43)) - raft.server.staging.catchup.gap = 1000 (default)
2019-09-26 15:39:00,177 [bcb704dc-2543-42a4-8762-cde039a55a99@group-2B1D777BBAB6:LeaderElection144] INFO  server.RaftServerConfigKeys (ConfUtils.java:logGet(43)) - raft.server.staging.catchup.gap = 1000 (default)
2019-09-26 15:39:00,177 [bcb704dc-2543-42a4-8762-cde039a55a99@group-7F4887E5B92C:LeaderElection143] INFO  server.RaftServerConfigKeys (ConfUtils.java:logGet(43)) - raft.server.rpc.sleep.time = 25ms (default)
2019-09-26 15:39:00,177 [bcb704dc-2543-42a4-8762-cde039a55a99@group-2B1D777BBAB6:LeaderElection144] INFO  server.RaftServerConfigKeys (ConfUtils.java:logGet(43)) - raft.server.rpc.sleep.time = 25ms (default)
2019-09-26 15:39:00,177 [bcb704dc-2543-42a4-8762-cde039a55a99@group-7F4887E5B92C:LeaderElection143] INFO  server.RaftServerConfigKeys (ConfUtils.java:logGet(43)) - raft.server.write.element-limit = 4096 (default)
2019-09-26 15:39:00,177 [bcb704dc-2543-42a4-8762-cde039a55a99@group-2B1D777BBAB6:LeaderElection144] INFO  server.RaftServerConfigKeys (ConfUtils.java:logGet(43)) - raft.server.write.element-limit = 4096 (default)
2019-09-26 15:39:00,177 [bcb704dc-2543-42a4-8762-cde039a55a99@group-7F4887E5B92C:LeaderElection143] INFO  server.RaftServerConfigKeys (ConfUtils.java:logGet(43)) - raft.server.watch.timeout = 10s (default)
2019-09-26 15:39:00,177 [bcb704dc-2543-42a4-8762-cde039a55a99@group-2B1D777BBAB6:LeaderElection144] INFO  server.RaftServerConfigKeys (ConfUtils.java:logGet(43)) - raft.server.watch.timeout = 10s (default)
2019-09-26 15:39:00,177 [bcb704dc-2543-42a4-8762-cde039a55a99@group-7F4887E5B92C:LeaderElection143] INFO  server.RaftServerConfigKeys (ConfUtils.java:logGet(43)) - raft.server.watch.timeout.denomination = 1s (default)
2019-09-26 15:39:00,177 [bcb704dc-2543-42a4-8762-cde039a55a99@group-2B1D777BBAB6:LeaderElection144] INFO  server.RaftServerConfigKeys (ConfUtils.java:logGet(43)) - raft.server.watch.timeout.denomination = 1s (default)
2019-09-26 15:39:00,178 [bcb704dc-2543-42a4-8762-cde039a55a99@group-7F4887E5B92C:LeaderElection143] INFO  server.RaftServerConfigKeys (ConfUtils.java:logGet(43)) - raft.server.watch.element-limit = 65536 (default)
2019-09-26 15:39:00,178 [bcb704dc-2543-42a4-8762-cde039a55a99@group-2B1D777BBAB6:LeaderElection144] INFO  server.RaftServerConfigKeys (ConfUtils.java:logGet(43)) - raft.server.watch.element-limit = 65536 (default)
2019-09-26 15:39:00,180 [bcb704dc-2543-42a4-8762-cde039a55a99@group-2B1D777BBAB6:LeaderElection144] INFO  impl.RoleInfo (RoleInfo.java:updateAndGet(143)) - bcb704dc-2543-42a4-8762-cde039a55a99: start LeaderState
2019-09-26 15:39:00,180 [bcb704dc-2543-42a4-8762-cde039a55a99@group-7F4887E5B92C:LeaderElection143] INFO  impl.RoleInfo (RoleInfo.java:updateAndGet(143)) - bcb704dc-2543-42a4-8762-cde039a55a99: start LeaderState
2019-09-26 15:39:00,180 [bcb704dc-2543-42a4-8762-cde039a55a99@group-2B1D777BBAB6:LeaderElection144] INFO  segmented.SegmentedRaftLogWorker (SegmentedRaftLogWorker.java:startLogSegment(380)) - bcb704dc-2543-42a4-8762-cde039a55a99@group-2B1D777BBAB6-SegmentedRaftLogWorker: Starting segment from index:0
2019-09-26 15:39:00,181 [bcb704dc-2543-42a4-8762-cde039a55a99@group-7F4887E5B92C:LeaderElection143] INFO  segmented.SegmentedRaftLogWorker (SegmentedRaftLogWorker.java:startLogSegment(380)) - bcb704dc-2543-42a4-8762-cde039a55a99@group-7F4887E5B92C-SegmentedRaftLogWorker: Starting segment from index:0
2019-09-26 15:39:00,181 [bcb704dc-2543-42a4-8762-cde039a55a99@group-2B1D777BBAB6:LeaderElection144] INFO  impl.RaftServerImpl (ServerState.java:setRaftConf(354)) - bcb704dc-2543-42a4-8762-cde039a55a99@group-2B1D777BBAB6: set configuration 0: [bcb704dc-2543-42a4-8762-cde039a55a99:192.168.151.99:43663], old=null at 0
2019-09-26 15:39:00,181 [bcb704dc-2543-42a4-8762-cde039a55a99@group-7F4887E5B92C:LeaderElection143] INFO  impl.RaftServerImpl (ServerState.java:setRaftConf(354)) - bcb704dc-2543-42a4-8762-cde039a55a99@group-7F4887E5B92C: set configuration 0: [bcb704dc-2543-42a4-8762-cde039a55a99:192.168.151.99:43663], old=null at 0
2019-09-26 15:39:00,206 [pool-123-thread-1] INFO  storage.RaftStorageDirectory (RaftStorageDirectory.java:tryLock(328)) - Lock on /workdir/hadoop-ozone/integration-test/target/test-dir/MiniOzoneClusterImpl-87962e32-e39f-4c57-b747-30c883c1cc54/datanode-0/data/ratis/05d25fd2-0502-4053-9f70-19297e754d09/in_use.lock acquired by nodename 10626@pr-hdds-1569-g6sp5-2013761785
2019-09-26 15:39:00,208 [bcb704dc-2543-42a4-8762-cde039a55a99@group-F3619DED638C:LeaderElection146] INFO  impl.LeaderElection (LeaderElection.java:askForVotes(182)) - bcb704dc-2543-42a4-8762-cde039a55a99@group-F3619DED638C:LeaderElection146: begin an election at term 1 for -1: [bcb704dc-2543-42a4-8762-cde039a55a99:192.168.151.99:43663], old=null
2019-09-26 15:39:00,208 [bcb704dc-2543-42a4-8762-cde039a55a99@group-2A76C58BF3BB:LeaderElection145] INFO  impl.LeaderElection (LeaderElection.java:askForVotes(182)) - bcb704dc-2543-42a4-8762-cde039a55a99@group-2A76C58BF3BB:LeaderElection145: begin an election at term 1 for -1: [bcb704dc-2543-42a4-8762-cde039a55a99:192.168.151.99:43663], old=null
2019-09-26 15:39:00,208 [bcb704dc-2543-42a4-8762-cde039a55a99@group-2A76C58BF3BB:LeaderElection145] INFO  impl.RoleInfo (RoleInfo.java:shutdownLeaderElection(134)) - bcb704dc-2543-42a4-8762-cde039a55a99: shutdown LeaderElection
2019-09-26 15:39:00,208 [bcb704dc-2543-42a4-8762-cde039a55a99@group-466F86898D25-SegmentedRaftLogWorker] INFO  segmented.SegmentedRaftLogWorker (SegmentedRaftLogWorker.java:execute(569)) - bcb704dc-2543-42a4-8762-cde039a55a99@group-466F86898D25-SegmentedRaftLogWorker: created new log segment /workdir/hadoop-ozone/integration-test/target/test-dir/MiniOzoneClusterImpl-87962e32-e39f-4c57-b747-30c883c1cc54/datanode-0/data/ratis/a0ef9697-65bd-49c8-b161-466f86898d25/current/log_inprogress_0
2019-09-26 15:39:00,208 [bcb704dc-2543-42a4-8762-cde039a55a99@group-060CFA80EB3D:LeaderElection147] INFO  impl.LeaderElection (LeaderElection.java:askForVotes(182)) - bcb704dc-2543-42a4-8762-cde039a55a99@group-060CFA80EB3D:LeaderElection147: begin an election at term 1 for -1: [bcb704dc-2543-42a4-8762-cde039a55a99:192.168.151.99:43663], old=null
2019-09-26 15:39:00,208 [bcb704dc-2543-42a4-8762-cde039a55a99@group-2A76C58BF3BB:LeaderElection145] INFO  impl.RaftServerImpl (RaftServerImpl.java:setRole(174)) - bcb704dc-2543-42a4-8762-cde039a55a99@group-2A76C58BF3BB: changes role from CANDIDATE to LEADER at term 1 for changeToLeader
2019-09-26 15:39:00,208 [bcb704dc-2543-42a4-8762-cde039a55a99@group-0FE7E57C4B3A-SegmentedRaftLogWorker] INFO  segmented.SegmentedRaftLogWorker (SegmentedRaftLogWorker.java:execute(569)) - bcb704dc-2543-42a4-8762-cde039a55a99@group-0FE7E57C4B3A-SegmentedRaftLogWorker: created new log segment /workdir/hadoop-ozone/integration-test/target/test-dir/MiniOzoneClusterImpl-87962e32-e39f-4c57-b747-30c883c1cc54/datanode-0/data/ratis/f93d5cca-1dc3-4db3-97a5-0fe7e57c4b3a/current/log_inprogress_0
2019-09-26 15:39:00,208 [bcb704dc-2543-42a4-8762-cde039a55a99@group-D03E0B1BE4CF-SegmentedRaftLogWorker] INFO  segmented.SegmentedRaftLogWorker (SegmentedRaftLogWorker.java:execute(569)) - bcb704dc-2543-42a4-8762-cde039a55a99@group-D03E0B1BE4CF-SegmentedRaftLogWorker: created new log segment /workdir/hadoop-ozone/integration-test/target/test-dir/MiniOzoneClusterImpl-87962e32-e39f-4c57-b747-30c883c1cc54/datanode-0/data/ratis/4cf5309d-277c-422f-8ccd-d03e0b1be4cf/current/log_inprogress_0
2019-09-26 15:39:00,208 [bcb704dc-2543-42a4-8762-cde039a55a99@group-F3619DED638C:LeaderElection146] INFO  impl.RoleInfo (RoleInfo.java:shutdownLeaderElection(134)) - bcb704dc-2543-42a4-8762-cde039a55a99: shutdown LeaderElection
2019-09-26 15:39:00,209 [bcb704dc-2543-42a4-8762-cde039a55a99@group-F3619DED638C:LeaderElection146] INFO  impl.RaftServerImpl (RaftServerImpl.java:setRole(174)) - bcb704dc-2543-42a4-8762-cde039a55a99@group-F3619DED638C: changes role from CANDIDATE to LEADER at term 1 for changeToLeader
2019-09-26 15:39:00,209 [Thread-1936] INFO  impl.FollowerState (FollowerState.java:run(106)) - bcb704dc-2543-42a4-8762-cde039a55a99:group-0C622849D783 changes to CANDIDATE, lastRpcTime:5167, electionTimeout:5167ms
2019-09-26 15:39:00,209 [bcb704dc-2543-42a4-8762-cde039a55a99@group-2A76C58BF3BB:LeaderElection145] INFO  impl.RaftServerImpl (ServerState.java:setLeader(253)) - bcb704dc-2543-42a4-8762-cde039a55a99@group-2A76C58BF3BB: change Leader from null to bcb704dc-2543-42a4-8762-cde039a55a99 at term 1 for becomeLeader, leader elected after 5113ms
2019-09-26 15:39:00,209 [bcb704dc-2543-42a4-8762-cde039a55a99@group-060CFA80EB3D:LeaderElection147] INFO  impl.RoleInfo (RoleInfo.java:shutdownLeaderElection(134)) - bcb704dc-2543-42a4-8762-cde039a55a99: shutdown LeaderElection
2019-09-26 15:39:00,210 [bcb704dc-2543-42a4-8762-cde039a55a99@group-2A76C58BF3BB:LeaderElection145] INFO  server.RaftServerConfigKeys (ConfUtils.java:logGet(43)) - raft.server.staging.catchup.gap = 1000 (default)
2019-09-26 15:39:00,209 [Thread-1936] INFO  impl.RoleInfo (RoleInfo.java:shutdownFollowerState(121)) - bcb704dc-2543-42a4-8762-cde039a55a99: shutdown FollowerState
2019-09-26 15:39:00,209 [bcb704dc-2543-42a4-8762-cde039a55a99@group-F3619DED638C:LeaderElection146] INFO  impl.RaftServerImpl (ServerState.java:setLeader(253)) - bcb704dc-2543-42a4-8762-cde039a55a99@group-F3619DED638C: change Leader from null to bcb704dc-2543-42a4-8762-cde039a55a99 at term 1 for becomeLeader, leader elected after 5082ms
2019-09-26 15:39:00,210 [Thread-1936] INFO  impl.RaftServerImpl (RaftServerImpl.java:setRole(174)) - bcb704dc-2543-42a4-8762-cde039a55a99@group-0C622849D783: changes role from  FOLLOWER to CANDIDATE at term 0 for changeToCandidate
2019-09-26 15:39:00,210 [bcb704dc-2543-42a4-8762-cde039a55a99@group-2A76C58BF3BB:LeaderElection145] INFO  server.RaftServerConfigKeys (ConfUtils.java:logGet(43)) - raft.server.rpc.sleep.time = 25ms (default)
2019-09-26 15:39:00,210 [bcb704dc-2543-42a4-8762-cde039a55a99@group-060CFA80EB3D:LeaderElection147] INFO  impl.RaftServerImpl (RaftServerImpl.java:setRole(174)) - bcb704dc-2543-42a4-8762-cde039a55a99@group-060CFA80EB3D: changes role from CANDIDATE to LEADER at term 1 for changeToLeader
2019-09-26 15:39:00,210 [bcb704dc-2543-42a4-8762-cde039a55a99@group-2A76C58BF3BB:LeaderElection145] INFO  server.RaftServerConfigKeys (ConfUtils.java:logGet(43)) - raft.server.write.element-limit = 4096 (default)
2019-09-26 15:39:00,210 [Thread-1936] INFO  impl.RoleInfo (RoleInfo.java:updateAndGet(143)) - bcb704dc-2543-42a4-8762-cde039a55a99: start LeaderElection
2019-09-26 15:39:00,210 [bcb704dc-2543-42a4-8762-cde039a55a99@group-F3619DED638C:LeaderElection146] INFO  server.RaftServerConfigKeys (ConfUtils.java:logGet(43)) - raft.server.staging.catchup.gap = 1000 (default)
2019-09-26 15:39:00,210 [bcb704dc-2543-42a4-8762-cde039a55a99@group-2A76C58BF3BB:LeaderElection145] INFO  server.RaftServerConfigKeys (ConfUtils.java:logGet(43)) - raft.server.watch.timeout = 10s (default)
2019-09-26 15:39:00,211 [bcb704dc-2543-42a4-8762-cde039a55a99@group-2A76C58BF3BB:LeaderElection145] INFO  server.RaftServerConfigKeys (ConfUtils.java:logGet(43)) - raft.server.watch.timeout.denomination = 1s (default)
2019-09-26 15:39:00,210 [bcb704dc-2543-42a4-8762-cde039a55a99@group-060CFA80EB3D:LeaderElection147] INFO  impl.RaftServerImpl (ServerState.java:setLeader(253)) - bcb704dc-2543-42a4-8762-cde039a55a99@group-060CFA80EB3D: change Leader from null to bcb704dc-2543-42a4-8762-cde039a55a99 at term 1 for becomeLeader, leader elected after 5217ms
2019-09-26 15:39:00,211 [bcb704dc-2543-42a4-8762-cde039a55a99@group-2A76C58BF3BB:LeaderElection145] INFO  server.RaftServerConfigKeys (ConfUtils.java:logGet(43)) - raft.server.watch.element-limit = 65536 (default)
2019-09-26 15:39:00,211 [bcb704dc-2543-42a4-8762-cde039a55a99@group-F3619DED638C:LeaderElection146] INFO  server.RaftServerConfigKeys (ConfUtils.java:logGet(43)) - raft.server.rpc.sleep.time = 25ms (default)
2019-09-26 15:39:00,211 [bcb704dc-2543-42a4-8762-cde039a55a99@group-060CFA80EB3D:LeaderElection147] INFO  server.RaftServerConfigKeys (ConfUtils.java:logGet(43)) - raft.server.staging.catchup.gap = 1000 (default)
2019-09-26 15:39:00,211 [bcb704dc-2543-42a4-8762-cde039a55a99@group-F3619DED638C:LeaderElection146] INFO  server.RaftServerConfigKeys (ConfUtils.java:logGet(43)) - raft.server.write.element-limit = 4096 (default)
2019-09-26 15:39:00,211 [bcb704dc-2543-42a4-8762-cde039a55a99@group-060CFA80EB3D:LeaderElection147] INFO  server.RaftServerConfigKeys (ConfUtils.java:logGet(43)) - raft.server.rpc.sleep.time = 25ms (default)
2019-09-26 15:39:00,211 [bcb704dc-2543-42a4-8762-cde039a55a99@group-F3619DED638C:LeaderElection146] INFO  server.RaftServerConfigKeys (ConfUtils.java:logGet(43)) - raft.server.watch.timeout = 10s (default)
2019-09-26 15:39:00,211 [bcb704dc-2543-42a4-8762-cde039a55a99@group-060CFA80EB3D:LeaderElection147] INFO  server.RaftServerConfigKeys (ConfUtils.java:logGet(43)) - raft.server.write.element-limit = 4096 (default)
2019-09-26 15:39:00,212 [bcb704dc-2543-42a4-8762-cde039a55a99@group-F3619DED638C:LeaderElection146] INFO  server.RaftServerConfigKeys (ConfUtils.java:logGet(43)) - raft.server.watch.timeout.denomination = 1s (default)
2019-09-26 15:39:00,212 [bcb704dc-2543-42a4-8762-cde039a55a99@group-060CFA80EB3D:LeaderElection147] INFO  server.RaftServerConfigKeys (ConfUtils.java:logGet(43)) - raft.server.watch.timeout = 10s (default)
2019-09-26 15:39:00,212 [bcb704dc-2543-42a4-8762-cde039a55a99@group-F3619DED638C:LeaderElection146] INFO  server.RaftServerConfigKeys (ConfUtils.java:logGet(43)) - raft.server.watch.element-limit = 65536 (default)
2019-09-26 15:39:00,212 [bcb704dc-2543-42a4-8762-cde039a55a99@group-060CFA80EB3D:LeaderElection147] INFO  server.RaftServerConfigKeys (ConfUtils.java:logGet(43)) - raft.server.watch.timeout.denomination = 1s (default)
2019-09-26 15:39:00,212 [bcb704dc-2543-42a4-8762-cde039a55a99@group-060CFA80EB3D:LeaderElection147] INFO  server.RaftServerConfigKeys (ConfUtils.java:logGet(43)) - raft.server.watch.element-limit = 65536 (default)
2019-09-26 15:39:00,213 [bcb704dc-2543-42a4-8762-cde039a55a99@group-2A76C58BF3BB:LeaderElection145] INFO  impl.RoleInfo (RoleInfo.java:updateAndGet(143)) - bcb704dc-2543-42a4-8762-cde039a55a99: start LeaderState
2019-09-26 15:39:00,213 [bcb704dc-2543-42a4-8762-cde039a55a99@group-2A76C58BF3BB:LeaderElection145] INFO  segmented.SegmentedRaftLogWorker (SegmentedRaftLogWorker.java:startLogSegment(380)) - bcb704dc-2543-42a4-8762-cde039a55a99@group-2A76C58BF3BB-SegmentedRaftLogWorker: Starting segment from index:0
2019-09-26 15:39:00,213 [bcb704dc-2543-42a4-8762-cde039a55a99@group-2A76C58BF3BB:LeaderElection145] INFO  impl.RaftServerImpl (ServerState.java:setRaftConf(354)) - bcb704dc-2543-42a4-8762-cde039a55a99@group-2A76C58BF3BB: set configuration 0: [bcb704dc-2543-42a4-8762-cde039a55a99:192.168.151.99:43663], old=null at 0
2019-09-26 15:39:00,215 [bcb704dc-2543-42a4-8762-cde039a55a99@group-F3619DED638C:LeaderElection146] INFO  impl.RoleInfo (RoleInfo.java:updateAndGet(143)) - bcb704dc-2543-42a4-8762-cde039a55a99: start LeaderState
2019-09-26 15:39:00,215 [bcb704dc-2543-42a4-8762-cde039a55a99@group-060CFA80EB3D:LeaderElection147] INFO  impl.RoleInfo (RoleInfo.java:updateAndGet(143)) - bcb704dc-2543-42a4-8762-cde039a55a99: start LeaderState
2019-09-26 15:39:00,215 [bcb704dc-2543-42a4-8762-cde039a55a99@group-F3619DED638C:LeaderElection146] INFO  segmented.SegmentedRaftLogWorker (SegmentedRaftLogWorker.java:startLogSegment(380)) - bcb704dc-2543-42a4-8762-cde039a55a99@group-F3619DED638C-SegmentedRaftLogWorker: Starting segment from index:0
2019-09-26 15:39:00,215 [bcb704dc-2543-42a4-8762-cde039a55a99@group-060CFA80EB3D:LeaderElection147] INFO  segmented.SegmentedRaftLogWorker (SegmentedRaftLogWorker.java:startLogSegment(380)) - bcb704dc-2543-42a4-8762-cde039a55a99@group-060CFA80EB3D-SegmentedRaftLogWorker: Starting segment from index:0
2019-09-26 15:39:00,216 [bcb704dc-2543-42a4-8762-cde039a55a99@group-F3619DED638C:LeaderElection146] INFO  impl.RaftServerImpl (ServerState.java:setRaftConf(354)) - bcb704dc-2543-42a4-8762-cde039a55a99@group-F3619DED638C: set configuration 0: [bcb704dc-2543-42a4-8762-cde039a55a99:192.168.151.99:43663], old=null at 0
2019-09-26 15:39:00,216 [bcb704dc-2543-42a4-8762-cde039a55a99@group-060CFA80EB3D:LeaderElection147] INFO  impl.RaftServerImpl (ServerState.java:setRaftConf(354)) - bcb704dc-2543-42a4-8762-cde039a55a99@group-060CFA80EB3D: set configuration 0: [bcb704dc-2543-42a4-8762-cde039a55a99:192.168.151.99:43663], old=null at 0
2019-09-26 15:39:00,224 [pool-123-thread-1] INFO  storage.RaftStorage (RaftStorage.java:format(72)) - Storage directory /workdir/hadoop-ozone/integration-test/target/test-dir/MiniOzoneClusterImpl-87962e32-e39f-4c57-b747-30c883c1cc54/datanode-0/data/ratis/05d25fd2-0502-4053-9f70-19297e754d09 has been successfully formatted.
2019-09-26 15:39:00,224 [bcb704dc-2543-42a4-8762-cde039a55a99@group-91E203BCBD22-SegmentedRaftLogWorker] INFO  segmented.SegmentedRaftLogWorker (SegmentedRaftLogWorker.java:execute(569)) - bcb704dc-2543-42a4-8762-cde039a55a99@group-91E203BCBD22-SegmentedRaftLogWorker: created new log segment /workdir/hadoop-ozone/integration-test/target/test-dir/MiniOzoneClusterImpl-87962e32-e39f-4c57-b747-30c883c1cc54/datanode-0/data/ratis/7a747fc4-0323-4bec-87cd-91e203bcbd22/current/log_inprogress_0
2019-09-26 15:39:00,224 [bcb704dc-2543-42a4-8762-cde039a55a99@group-2B1D777BBAB6-SegmentedRaftLogWorker] INFO  segmented.SegmentedRaftLogWorker (SegmentedRaftLogWorker.java:execute(569)) - bcb704dc-2543-42a4-8762-cde039a55a99@group-2B1D777BBAB6-SegmentedRaftLogWorker: created new log segment /workdir/hadoop-ozone/integration-test/target/test-dir/MiniOzoneClusterImpl-87962e32-e39f-4c57-b747-30c883c1cc54/datanode-0/data/ratis/d996bfb2-3e28-4870-b265-2b1d777bbab6/current/log_inprogress_0
2019-09-26 15:39:00,224 [pool-123-thread-1] INFO  ratis.ContainerStateMachine (ContainerStateMachine.java:loadSnapshot(230)) - group-19297E754D09: The snapshot info is null. Setting the last applied indexto:(t:0, i:~)
2019-09-26 15:39:00,224 [pool-123-thread-1] INFO  server.RaftServerConfigKeys (ConfUtils.java:logGet(43)) - raft.server.notification.no-leader.timeout = 120s (custom)
2019-09-26 15:39:00,224 [pool-123-thread-1] INFO  server.RaftServerConfigKeys (ConfUtils.java:logGet(43)) - raft.server.log.use.memory = false (default)
2019-09-26 15:39:00,224 [pool-123-thread-1] INFO  server.RaftServerConfigKeys (ConfUtils.java:logGet(43)) - raft.server.log.purge.gap = 1000000 (custom)
2019-09-26 15:39:00,224 [pool-123-thread-1] INFO  server.RaftServerConfigKeys (ConfUtils.java:logGet(43)) - raft.server.log.appender.buffer.byte-limit = 33554432 (custom)
2019-09-26 15:39:00,225 [pool-123-thread-1] INFO  server.RaftServerConfigKeys (ConfUtils.java:logGet(43)) - raft.server.log.segment.size.max = 1048576 (custom)
2019-09-26 15:39:00,225 [pool-123-thread-1] INFO  server.RaftServerConfigKeys (ConfUtils.java:logGet(43)) - raft.server.log.segment.cache.num.max = 2 (custom)
2019-09-26 15:39:00,225 [pool-123-thread-1] INFO  segmented.SegmentedRaftLogWorker (SegmentedRaftLogWorker.java:<init>(172)) - new bcb704dc-2543-42a4-8762-cde039a55a99@group-19297E754D09-SegmentedRaftLogWorker for RaftStorage:Storage Directory /workdir/hadoop-ozone/integration-test/target/test-dir/MiniOzoneClusterImpl-87962e32-e39f-4c57-b747-30c883c1cc54/datanode-0/data/ratis/05d25fd2-0502-4053-9f70-19297e754d09
2019-09-26 15:39:00,225 [pool-123-thread-1] INFO  server.RaftServerConfigKeys (ConfUtils.java:logGet(43)) - raft.server.log.queue.byte-limit = 2147483647 (custom)
2019-09-26 15:39:00,225 [pool-123-thread-1] INFO  server.RaftServerConfigKeys (ConfUtils.java:logGet(43)) - raft.server.log.queue.element-limit = 1024 (custom)
2019-09-26 15:39:00,225 [pool-123-thread-1] INFO  server.RaftServerConfigKeys (ConfUtils.java:logGet(43)) - raft.server.log.segment.size.max = 1048576 (custom)
2019-09-26 15:39:00,225 [pool-123-thread-1] INFO  server.RaftServerConfigKeys (ConfUtils.java:logGet(43)) - raft.server.log.preallocated.size = 16384 (custom)
2019-09-26 15:39:00,225 [pool-123-thread-1] INFO  server.RaftServerConfigKeys (ConfUtils.java:logGet(43)) - raft.server.log.write.buffer.size = 33554432 (custom)
2019-09-26 15:39:00,225 [pool-123-thread-1] INFO  server.RaftServerConfigKeys (ConfUtils.java:logGet(43)) - raft.server.log.force.sync.num = 128 (default)
2019-09-26 15:39:00,225 [pool-123-thread-1] INFO  server.RaftServerConfigKeys (ConfUtils.java:logGet(43)) - raft.server.log.statemachine.data.sync = true (default)
2019-09-26 15:39:00,225 [pool-123-thread-1] INFO  server.RaftServerConfigKeys (ConfUtils.java:logGet(43)) - raft.server.log.statemachine.data.sync.timeout = 10s (default)
2019-09-26 15:39:00,225 [pool-123-thread-1] INFO  server.RaftServerConfigKeys (ConfUtils.java:logGet(43)) - raft.server.log.statemachine.data.sync.timeout.retry = -1 (default)
2019-09-26 15:39:00,225 [pool-123-thread-1] INFO  server.RaftServerConfigKeys (ConfUtils.java:logGet(43)) - raft.server.log.statemachine.data.caching.enabled = true (custom)
2019-09-26 15:39:00,226 [pool-123-thread-1] INFO  segmented.SegmentedRaftLogWorker (SegmentedRaftLogWorker.java:lambda$new$0(132)) - bcb704dc-2543-42a4-8762-cde039a55a99@group-19297E754D09-SegmentedRaftLogWorker: flushIndex: setUnconditionally 0 -> -1
2019-09-26 15:39:00,226 [pool-123-thread-1] INFO  server.RaftServerConfigKeys (ConfUtils.java:logGet(43)) - raft.server.snapshot.auto.trigger.enabled = true (custom)
2019-09-26 15:39:00,226 [pool-123-thread-1] INFO  server.RaftServerConfigKeys (ConfUtils.java:logGet(43)) - raft.server.snapshot.auto.trigger.threshold = 10000 (custom)
2019-09-26 15:39:00,226 [pool-123-thread-1] INFO  server.RaftServerConfigKeys (ConfUtils.java:logGet(43)) - raft.server.snapshot.retention.num.files = 5 (custom)
2019-09-26 15:39:00,226 [pool-123-thread-1] INFO  server.RaftServerConfigKeys (ConfUtils.java:logGet(43)) - raft.server.retrycache.expirytime = 600000ms (custom)
2019-09-26 15:39:00,227 [pool-123-thread-1] INFO  impl.RaftServerImpl (RaftServerImpl.java:start(185)) - bcb704dc-2543-42a4-8762-cde039a55a99@group-19297E754D09: start as a follower, conf=-1: [bcb704dc-2543-42a4-8762-cde039a55a99:192.168.151.99:43663], old=null
2019-09-26 15:39:00,227 [pool-123-thread-1] INFO  impl.RaftServerImpl (RaftServerImpl.java:setRole(174)) - bcb704dc-2543-42a4-8762-cde039a55a99@group-19297E754D09: changes role from      null to FOLLOWER at term 0 for startAsFollower
2019-09-26 15:39:00,227 [pool-123-thread-1] INFO  impl.RoleInfo (RoleInfo.java:updateAndGet(143)) - bcb704dc-2543-42a4-8762-cde039a55a99: start FollowerState
2019-09-26 15:39:00,227 [pool-123-thread-1] INFO  util.JmxRegister (JmxRegister.java:tryRegister(44)) - Successfully registered JMX Bean with object name Ratis:service=RaftServer,group=group-19297E754D09,id=bcb704dc-2543-42a4-8762-cde039a55a99
2019-09-26 15:39:00,229 [RatisPipelineUtilsThread] INFO  pipeline.PipelineStateManager (PipelineStateManager.java:addPipeline(56)) - Created pipeline Pipeline[ Id: 05d25fd2-0502-4053-9f70-19297e754d09, Nodes: bcb704dc-2543-42a4-8762-cde039a55a99{ip: 192.168.151.99, host: pr-hdds-1569-g6sp5-2013761785, networkLocation: /default-rack, certSerialId: null}, Type:RATIS, Factor:ONE, State:OPEN]
2019-09-26 15:39:00,235 [Thread-1945] INFO  impl.FollowerState (FollowerState.java:run(106)) - bcb704dc-2543-42a4-8762-cde039a55a99:group-E7FACA1FBA8B changes to CANDIDATE, lastRpcTime:5067, electionTimeout:5067ms
2019-09-26 15:39:00,235 [Thread-1945] INFO  impl.RoleInfo (RoleInfo.java:shutdownFollowerState(121)) - bcb704dc-2543-42a4-8762-cde039a55a99: shutdown FollowerState
2019-09-26 15:39:00,235 [Thread-1945] INFO  impl.RaftServerImpl (RaftServerImpl.java:setRole(174)) - bcb704dc-2543-42a4-8762-cde039a55a99@group-E7FACA1FBA8B: changes role from  FOLLOWER to CANDIDATE at term 0 for changeToCandidate
2019-09-26 15:39:00,235 [Thread-1945] INFO  impl.RoleInfo (RoleInfo.java:updateAndGet(143)) - bcb704dc-2543-42a4-8762-cde039a55a99: start LeaderElection
2019-09-26 15:39:00,238 [grpc-default-executor-0] INFO  impl.RaftServerProxy (RaftServerProxy.java:addNew(89)) - bcb704dc-2543-42a4-8762-cde039a55a99: addNew group-04D57B5B7528:[bcb704dc-2543-42a4-8762-cde039a55a99:192.168.151.99:43663] returns group-04D57B5B7528:java.util.concurrent.CompletableFuture@21157dfd[Not completed]
2019-09-26 15:39:00,239 [pool-123-thread-1] INFO  impl.RaftServerImpl (RaftServerImpl.java:<init>(95)) - bcb704dc-2543-42a4-8762-cde039a55a99: new RaftServerImpl for group-04D57B5B7528:[bcb704dc-2543-42a4-8762-cde039a55a99:192.168.151.99:43663] with ContainerStateMachine:uninitialized
2019-09-26 15:39:00,239 [pool-123-thread-1] INFO  server.RaftServerConfigKeys (ConfUtils.java:logGet(43)) - raft.server.rpc.timeout.min = 5s (custom)
2019-09-26 15:39:00,239 [pool-123-thread-1] INFO  server.RaftServerConfigKeys (ConfUtils.java:logGet(43)) - raft.server.rpc.timeout.max = 5200ms (custom)
2019-09-26 15:39:00,239 [pool-123-thread-1] INFO  server.RaftServerConfigKeys (ConfUtils.java:logGet(43)) - raft.server.rpcslowness.timeout = 120s (custom)
2019-09-26 15:39:00,239 [pool-123-thread-1] INFO  server.RaftServerConfigKeys (ConfUtils.java:logGet(43)) - raft.server.sleep.deviation.threshold = 300 (default)
2019-09-26 15:39:00,239 [pool-123-thread-1] INFO  server.RaftServerConfigKeys (ConfUtils.java:logGet(43)) - raft.server.log.appender.install.snapshot.enabled = false (custom)
2019-09-26 15:39:00,239 [pool-123-thread-1] INFO  impl.RaftServerImpl (ServerState.java:<init>(103)) - bcb704dc-2543-42a4-8762-cde039a55a99@group-04D57B5B7528: ConfigurationManager, init=-1: [bcb704dc-2543-42a4-8762-cde039a55a99:192.168.151.99:43663], old=null, confs=<EMPTY_MAP>
2019-09-26 15:39:00,240 [pool-123-thread-1] INFO  server.RaftServerConfigKeys (ConfUtils.java:logGet(43)) - raft.server.storage.dir = [/workdir/hadoop-ozone/integration-test/target/test-dir/MiniOzoneClusterImpl-87962e32-e39f-4c57-b747-30c883c1cc54/datanode-0/data/ratis] (custom)
2019-09-26 15:39:00,240 [pool-123-thread-1] INFO  storage.RaftStorageDirectory (RaftStorageDirectory.java:analyzeStorage(246)) - The storage directory /workdir/hadoop-ozone/integration-test/target/test-dir/MiniOzoneClusterImpl-87962e32-e39f-4c57-b747-30c883c1cc54/datanode-0/data/ratis/816d04e7-9dfb-4fae-a2d7-04d57b5b7528 does not exist. Creating ...
2019-09-26 15:39:00,259 [bcb704dc-2543-42a4-8762-cde039a55a99@group-7F4887E5B92C-SegmentedRaftLogWorker] INFO  segmented.SegmentedRaftLogWorker (SegmentedRaftLogWorker.java:execute(569)) - bcb704dc-2543-42a4-8762-cde039a55a99@group-7F4887E5B92C-SegmentedRaftLogWorker: created new log segment /workdir/hadoop-ozone/integration-test/target/test-dir/MiniOzoneClusterImpl-87962e32-e39f-4c57-b747-30c883c1cc54/datanode-0/data/ratis/4981d5ed-b5d9-422f-9318-7f4887e5b92c/current/log_inprogress_0
2019-09-26 15:39:00,259 [bcb704dc-2543-42a4-8762-cde039a55a99@group-0C622849D783:LeaderElection148] INFO  impl.LeaderElection (LeaderElection.java:askForVotes(182)) - bcb704dc-2543-42a4-8762-cde039a55a99@group-0C622849D783:LeaderElection148: begin an election at term 1 for -1: [bcb704dc-2543-42a4-8762-cde039a55a99:192.168.151.99:43663], old=null
2019-09-26 15:39:00,259 [bcb704dc-2543-42a4-8762-cde039a55a99@group-0C622849D783:LeaderElection148] INFO  impl.RoleInfo (RoleInfo.java:shutdownLeaderElection(134)) - bcb704dc-2543-42a4-8762-cde039a55a99: shutdown LeaderElection
2019-09-26 15:39:00,259 [bcb704dc-2543-42a4-8762-cde039a55a99@group-0C622849D783:LeaderElection148] INFO  impl.RaftServerImpl (RaftServerImpl.java:setRole(174)) - bcb704dc-2543-42a4-8762-cde039a55a99@group-0C622849D783: changes role from CANDIDATE to LEADER at term 1 for changeToLeader
2019-09-26 15:39:00,260 [bcb704dc-2543-42a4-8762-cde039a55a99@group-0C622849D783:LeaderElection148] INFO  impl.RaftServerImpl (ServerState.java:setLeader(253)) - bcb704dc-2543-42a4-8762-cde039a55a99@group-0C622849D783: change Leader from null to bcb704dc-2543-42a4-8762-cde039a55a99 at term 1 for becomeLeader, leader elected after 5221ms
2019-09-26 15:39:00,260 [bcb704dc-2543-42a4-8762-cde039a55a99@group-0C622849D783:LeaderElection148] INFO  server.RaftServerConfigKeys (ConfUtils.java:logGet(43)) - raft.server.staging.catchup.gap = 1000 (default)
2019-09-26 15:39:00,260 [bcb704dc-2543-42a4-8762-cde039a55a99@group-0C622849D783:LeaderElection148] INFO  server.RaftServerConfigKeys (ConfUtils.java:logGet(43)) - raft.server.rpc.sleep.time = 25ms (default)
2019-09-26 15:39:00,260 [bcb704dc-2543-42a4-8762-cde039a55a99@group-0C622849D783:LeaderElection148] INFO  server.RaftServerConfigKeys (ConfUtils.java:logGet(43)) - raft.server.write.element-limit = 4096 (default)
2019-09-26 15:39:00,260 [bcb704dc-2543-42a4-8762-cde039a55a99@group-0C622849D783:LeaderElection148] INFO  server.RaftServerConfigKeys (ConfUtils.java:logGet(43)) - raft.server.watch.timeout = 10s (default)
2019-09-26 15:39:00,260 [bcb704dc-2543-42a4-8762-cde039a55a99@group-0C622849D783:LeaderElection148] INFO  server.RaftServerConfigKeys (ConfUtils.java:logGet(43)) - raft.server.watch.timeout.denomination = 1s (default)
2019-09-26 15:39:00,260 [bcb704dc-2543-42a4-8762-cde039a55a99@group-0C622849D783:LeaderElection148] INFO  server.RaftServerConfigKeys (ConfUtils.java:logGet(43)) - raft.server.watch.element-limit = 65536 (default)
2019-09-26 15:39:00,261 [bcb704dc-2543-42a4-8762-cde039a55a99@group-0C622849D783:LeaderElection148] INFO  impl.RoleInfo (RoleInfo.java:updateAndGet(143)) - bcb704dc-2543-42a4-8762-cde039a55a99: start LeaderState
2019-09-26 15:39:00,262 [bcb704dc-2543-42a4-8762-cde039a55a99@group-0C622849D783:LeaderElection148] INFO  segmented.SegmentedRaftLogWorker (SegmentedRaftLogWorker.java:startLogSegment(380)) - bcb704dc-2543-42a4-8762-cde039a55a99@group-0C622849D783-SegmentedRaftLogWorker: Starting segment from index:0
2019-09-26 15:39:00,262 [bcb704dc-2543-42a4-8762-cde039a55a99@group-0C622849D783:LeaderElection148] INFO  impl.RaftServerImpl (ServerState.java:setRaftConf(354)) - bcb704dc-2543-42a4-8762-cde039a55a99@group-0C622849D783: set configuration 0: [bcb704dc-2543-42a4-8762-cde039a55a99:192.168.151.99:43663], old=null at 0
2019-09-26 15:39:00,281 [bcb704dc-2543-42a4-8762-cde039a55a99@group-F3619DED638C-SegmentedRaftLogWorker] INFO  segmented.SegmentedRaftLogWorker (SegmentedRaftLogWorker.java:execute(569)) - bcb704dc-2543-42a4-8762-cde039a55a99@group-F3619DED638C-SegmentedRaftLogWorker: created new log segment /workdir/hadoop-ozone/integration-test/target/test-dir/MiniOzoneClusterImpl-87962e32-e39f-4c57-b747-30c883c1cc54/datanode-0/data/ratis/52d846e2-f5a5-479a-9367-f3619ded638c/current/log_inprogress_0
2019-09-26 15:39:00,281 [bcb704dc-2543-42a4-8762-cde039a55a99@group-E7FACA1FBA8B:LeaderElection149] INFO  impl.LeaderElection (LeaderElection.java:askForVotes(182)) - bcb704dc-2543-42a4-8762-cde039a55a99@group-E7FACA1FBA8B:LeaderElection149: begin an election at term 1 for -1: [bcb704dc-2543-42a4-8762-cde039a55a99:192.168.151.99:43663], old=null
2019-09-26 15:39:00,281 [bcb704dc-2543-42a4-8762-cde039a55a99@group-060CFA80EB3D-SegmentedRaftLogWorker] INFO  segmented.SegmentedRaftLogWorker (SegmentedRaftLogWorker.java:execute(569)) - bcb704dc-2543-42a4-8762-cde039a55a99@group-060CFA80EB3D-SegmentedRaftLogWorker: created new log segment /workdir/hadoop-ozone/integration-test/target/test-dir/MiniOzoneClusterImpl-87962e32-e39f-4c57-b747-30c883c1cc54/datanode-0/data/ratis/9edb19c4-d5b6-4711-99a6-060cfa80eb3d/current/log_inprogress_0
2019-09-26 15:39:00,281 [bcb704dc-2543-42a4-8762-cde039a55a99@group-2A76C58BF3BB-SegmentedRaftLogWorker] INFO  segmented.SegmentedRaftLogWorker (SegmentedRaftLogWorker.java:execute(569)) - bcb704dc-2543-42a4-8762-cde039a55a99@group-2A76C58BF3BB-SegmentedRaftLogWorker: created new log segment /workdir/hadoop-ozone/integration-test/target/test-dir/MiniOzoneClusterImpl-87962e32-e39f-4c57-b747-30c883c1cc54/datanode-0/data/ratis/496aaaee-67db-4d65-a94c-2a76c58bf3bb/current/log_inprogress_0
2019-09-26 15:39:00,281 [pool-123-thread-1] INFO  storage.RaftStorageDirectory (RaftStorageDirectory.java:tryLock(328)) - Lock on /workdir/hadoop-ozone/integration-test/target/test-dir/MiniOzoneClusterImpl-87962e32-e39f-4c57-b747-30c883c1cc54/datanode-0/data/ratis/816d04e7-9dfb-4fae-a2d7-04d57b5b7528/in_use.lock acquired by nodename 10626@pr-hdds-1569-g6sp5-2013761785
2019-09-26 15:39:00,282 [bcb704dc-2543-42a4-8762-cde039a55a99@group-E7FACA1FBA8B:LeaderElection149] INFO  impl.RoleInfo (RoleInfo.java:shutdownLeaderElection(134)) - bcb704dc-2543-42a4-8762-cde039a55a99: shutdown LeaderElection
2019-09-26 15:39:00,282 [bcb704dc-2543-42a4-8762-cde039a55a99@group-E7FACA1FBA8B:LeaderElection149] INFO  impl.RaftServerImpl (RaftServerImpl.java:setRole(174)) - bcb704dc-2543-42a4-8762-cde039a55a99@group-E7FACA1FBA8B: changes role from CANDIDATE to LEADER at term 1 for changeToLeader
2019-09-26 15:39:00,282 [bcb704dc-2543-42a4-8762-cde039a55a99@group-E7FACA1FBA8B:LeaderElection149] INFO  impl.RaftServerImpl (ServerState.java:setLeader(253)) - bcb704dc-2543-42a4-8762-cde039a55a99@group-E7FACA1FBA8B: change Leader from null to bcb704dc-2543-42a4-8762-cde039a55a99 at term 1 for becomeLeader, leader elected after 5118ms
2019-09-26 15:39:00,282 [bcb704dc-2543-42a4-8762-cde039a55a99@group-E7FACA1FBA8B:LeaderElection149] INFO  server.RaftServerConfigKeys (ConfUtils.java:logGet(43)) - raft.server.staging.catchup.gap = 1000 (default)
2019-09-26 15:39:00,282 [bcb704dc-2543-42a4-8762-cde039a55a99@group-E7FACA1FBA8B:LeaderElection149] INFO  server.RaftServerConfigKeys (ConfUtils.java:logGet(43)) - raft.server.rpc.sleep.time = 25ms (default)
2019-09-26 15:39:00,283 [bcb704dc-2543-42a4-8762-cde039a55a99@group-E7FACA1FBA8B:LeaderElection149] INFO  server.RaftServerConfigKeys (ConfUtils.java:logGet(43)) - raft.server.write.element-limit = 4096 (default)
2019-09-26 15:39:00,283 [bcb704dc-2543-42a4-8762-cde039a55a99@group-E7FACA1FBA8B:LeaderElection149] INFO  server.RaftServerConfigKeys (ConfUtils.java:logGet(43)) - raft.server.watch.timeout = 10s (default)
2019-09-26 15:39:00,283 [bcb704dc-2543-42a4-8762-cde039a55a99@group-E7FACA1FBA8B:LeaderElection149] INFO  server.RaftServerConfigKeys (ConfUtils.java:logGet(43)) - raft.server.watch.timeout.denomination = 1s (default)
2019-09-26 15:39:00,283 [bcb704dc-2543-42a4-8762-cde039a55a99@group-E7FACA1FBA8B:LeaderElection149] INFO  server.RaftServerConfigKeys (ConfUtils.java:logGet(43)) - raft.server.watch.element-limit = 65536 (default)
2019-09-26 15:39:00,284 [bcb704dc-2543-42a4-8762-cde039a55a99@group-E7FACA1FBA8B:LeaderElection149] INFO  impl.RoleInfo (RoleInfo.java:updateAndGet(143)) - bcb704dc-2543-42a4-8762-cde039a55a99: start LeaderState
2019-09-26 15:39:00,284 [bcb704dc-2543-42a4-8762-cde039a55a99@group-E7FACA1FBA8B:LeaderElection149] INFO  segmented.SegmentedRaftLogWorker (SegmentedRaftLogWorker.java:startLogSegment(380)) - bcb704dc-2543-42a4-8762-cde039a55a99@group-E7FACA1FBA8B-SegmentedRaftLogWorker: Starting segment from index:0
2019-09-26 15:39:00,284 [bcb704dc-2543-42a4-8762-cde039a55a99@group-E7FACA1FBA8B:LeaderElection149] INFO  impl.RaftServerImpl (ServerState.java:setRaftConf(354)) - bcb704dc-2543-42a4-8762-cde039a55a99@group-E7FACA1FBA8B: set configuration 0: [bcb704dc-2543-42a4-8762-cde039a55a99:192.168.151.99:43663], old=null at 0
2019-09-26 15:39:00,286 [Thread-1951] INFO  impl.FollowerState (FollowerState.java:run(106)) - bcb704dc-2543-42a4-8762-cde039a55a99:group-96C309FC254E changes to CANDIDATE, lastRpcTime:5043, electionTimeout:5043ms
2019-09-26 15:39:00,286 [Thread-1951] INFO  impl.RoleInfo (RoleInfo.java:shutdownFollowerState(121)) - bcb704dc-2543-42a4-8762-cde039a55a99: shutdown FollowerState
2019-09-26 15:39:00,286 [Thread-1951] INFO  impl.RaftServerImpl (RaftServerImpl.java:setRole(174)) - bcb704dc-2543-42a4-8762-cde039a55a99@group-96C309FC254E: changes role from  FOLLOWER to CANDIDATE at term 0 for changeToCandidate
2019-09-26 15:39:00,287 [Thread-1951] INFO  impl.RoleInfo (RoleInfo.java:updateAndGet(143)) - bcb704dc-2543-42a4-8762-cde039a55a99: start LeaderElection
2019-09-26 15:39:00,336 [Thread-1948] INFO  impl.FollowerState (FollowerState.java:run(106)) - bcb704dc-2543-42a4-8762-cde039a55a99:group-4EF24DFE3772 changes to CANDIDATE, lastRpcTime:5130, electionTimeout:5130ms
2019-09-26 15:39:00,336 [Thread-1948] INFO  impl.RoleInfo (RoleInfo.java:shutdownFollowerState(121)) - bcb704dc-2543-42a4-8762-cde039a55a99: shutdown FollowerState
2019-09-26 15:39:00,337 [Thread-1948] INFO  impl.RaftServerImpl (RaftServerImpl.java:setRole(174)) - bcb704dc-2543-42a4-8762-cde039a55a99@group-4EF24DFE3772: changes role from  FOLLOWER to CANDIDATE at term 0 for changeToCandidate
2019-09-26 15:39:00,337 [Thread-1948] INFO  impl.RoleInfo (RoleInfo.java:updateAndGet(143)) - bcb704dc-2543-42a4-8762-cde039a55a99: start LeaderElection
2019-09-26 15:39:00,343 [bcb704dc-2543-42a4-8762-cde039a55a99@group-0C622849D783-SegmentedRaftLogWorker] INFO  segmented.SegmentedRaftLogWorker (SegmentedRaftLogWorker.java:execute(569)) - bcb704dc-2543-42a4-8762-cde039a55a99@group-0C622849D783-SegmentedRaftLogWorker: created new log segment /workdir/hadoop-ozone/integration-test/target/test-dir/MiniOzoneClusterImpl-87962e32-e39f-4c57-b747-30c883c1cc54/datanode-0/data/ratis/14284c7b-e55d-4d76-be1e-0c622849d783/current/log_inprogress_0
2019-09-26 15:39:00,344 [bcb704dc-2543-42a4-8762-cde039a55a99@group-96C309FC254E:LeaderElection150] INFO  impl.LeaderElection (LeaderElection.java:askForVotes(182)) - bcb704dc-2543-42a4-8762-cde039a55a99@group-96C309FC254E:LeaderElection150: begin an election at term 1 for -1: [bcb704dc-2543-42a4-8762-cde039a55a99:192.168.151.99:43663], old=null
2019-09-26 15:39:00,344 [pool-123-thread-1] INFO  storage.RaftStorage (RaftStorage.java:format(72)) - Storage directory /workdir/hadoop-ozone/integration-test/target/test-dir/MiniOzoneClusterImpl-87962e32-e39f-4c57-b747-30c883c1cc54/datanode-0/data/ratis/816d04e7-9dfb-4fae-a2d7-04d57b5b7528 has been successfully formatted.
2019-09-26 15:39:00,344 [bcb704dc-2543-42a4-8762-cde039a55a99@group-96C309FC254E:LeaderElection150] INFO  impl.RoleInfo (RoleInfo.java:shutdownLeaderElection(134)) - bcb704dc-2543-42a4-8762-cde039a55a99: shutdown LeaderElection
2019-09-26 15:39:00,344 [pool-123-thread-1] INFO  ratis.ContainerStateMachine (ContainerStateMachine.java:loadSnapshot(230)) - group-04D57B5B7528: The snapshot info is null. Setting the last applied indexto:(t:0, i:~)
2019-09-26 15:39:00,344 [bcb704dc-2543-42a4-8762-cde039a55a99@group-96C309FC254E:LeaderElection150] INFO  impl.RaftServerImpl (RaftServerImpl.java:setRole(174)) - bcb704dc-2543-42a4-8762-cde039a55a99@group-96C309FC254E: changes role from CANDIDATE to LEADER at term 1 for changeToLeader
2019-09-26 15:39:00,344 [pool-123-thread-1] INFO  server.RaftServerConfigKeys (ConfUtils.java:logGet(43)) - raft.server.notification.no-leader.timeout = 120s (custom)
2019-09-26 15:39:00,344 [bcb704dc-2543-42a4-8762-cde039a55a99@group-96C309FC254E:LeaderElection150] INFO  impl.RaftServerImpl (ServerState.java:setLeader(253)) - bcb704dc-2543-42a4-8762-cde039a55a99@group-96C309FC254E: change Leader from null to bcb704dc-2543-42a4-8762-cde039a55a99 at term 1 for becomeLeader, leader elected after 5105ms
2019-09-26 15:39:00,345 [pool-123-thread-1] INFO  server.RaftServerConfigKeys (ConfUtils.java:logGet(43)) - raft.server.log.use.memory = false (default)
2019-09-26 15:39:00,345 [bcb704dc-2543-42a4-8762-cde039a55a99@group-96C309FC254E:LeaderElection150] INFO  server.RaftServerConfigKeys (ConfUtils.java:logGet(43)) - raft.server.staging.catchup.gap = 1000 (default)
2019-09-26 15:39:00,345 [pool-123-thread-1] INFO  server.RaftServerConfigKeys (ConfUtils.java:logGet(43)) - raft.server.log.purge.gap = 1000000 (custom)
2019-09-26 15:39:00,345 [bcb704dc-2543-42a4-8762-cde039a55a99@group-96C309FC254E:LeaderElection150] INFO  server.RaftServerConfigKeys (ConfUtils.java:logGet(43)) - raft.server.rpc.sleep.time = 25ms (default)
2019-09-26 15:39:00,345 [pool-123-thread-1] INFO  server.RaftServerConfigKeys (ConfUtils.java:logGet(43)) - raft.server.log.appender.buffer.byte-limit = 33554432 (custom)
2019-09-26 15:39:00,346 [bcb704dc-2543-42a4-8762-cde039a55a99@group-96C309FC254E:LeaderElection150] INFO  server.RaftServerConfigKeys (ConfUtils.java:logGet(43)) - raft.server.write.element-limit = 4096 (default)
2019-09-26 15:39:00,346 [pool-123-thread-1] INFO  server.RaftServerConfigKeys (ConfUtils.java:logGet(43)) - raft.server.log.segment.size.max = 1048576 (custom)
2019-09-26 15:39:00,346 [bcb704dc-2543-42a4-8762-cde039a55a99@group-96C309FC254E:LeaderElection150] INFO  server.RaftServerConfigKeys (ConfUtils.java:logGet(43)) - raft.server.watch.timeout = 10s (default)
2019-09-26 15:39:00,346 [pool-123-thread-1] INFO  server.RaftServerConfigKeys (ConfUtils.java:logGet(43)) - raft.server.log.segment.cache.num.max = 2 (custom)
2019-09-26 15:39:00,346 [bcb704dc-2543-42a4-8762-cde039a55a99@group-96C309FC254E:LeaderElection150] INFO  server.RaftServerConfigKeys (ConfUtils.java:logGet(43)) - raft.server.watch.timeout.denomination = 1s (default)
2019-09-26 15:39:00,346 [pool-123-thread-1] INFO  segmented.SegmentedRaftLogWorker (SegmentedRaftLogWorker.java:<init>(172)) - new bcb704dc-2543-42a4-8762-cde039a55a99@group-04D57B5B7528-SegmentedRaftLogWorker for RaftStorage:Storage Directory /workdir/hadoop-ozone/integration-test/target/test-dir/MiniOzoneClusterImpl-87962e32-e39f-4c57-b747-30c883c1cc54/datanode-0/data/ratis/816d04e7-9dfb-4fae-a2d7-04d57b5b7528
2019-09-26 15:39:00,347 [bcb704dc-2543-42a4-8762-cde039a55a99@group-96C309FC254E:LeaderElection150] INFO  server.RaftServerConfigKeys (ConfUtils.java:logGet(43)) - raft.server.watch.element-limit = 65536 (default)
2019-09-26 15:39:00,347 [pool-123-thread-1] INFO  server.RaftServerConfigKeys (ConfUtils.java:logGet(43)) - raft.server.log.queue.byte-limit = 2147483647 (custom)
2019-09-26 15:39:00,347 [pool-123-thread-1] INFO  server.RaftServerConfigKeys (ConfUtils.java:logGet(43)) - raft.server.log.queue.element-limit = 1024 (custom)
2019-09-26 15:39:00,347 [pool-123-thread-1] INFO  server.RaftServerConfigKeys (ConfUtils.java:logGet(43)) - raft.server.log.segment.size.max = 1048576 (custom)
2019-09-26 15:39:00,348 [pool-123-thread-1] INFO  server.RaftServerConfigKeys (ConfUtils.java:logGet(43)) - raft.server.log.preallocated.size = 16384 (custom)
2019-09-26 15:39:00,348 [pool-123-thread-1] INFO  server.RaftServerConfigKeys (ConfUtils.java:logGet(43)) - raft.server.log.write.buffer.size = 33554432 (custom)
2019-09-26 15:39:00,348 [pool-123-thread-1] INFO  server.RaftServerConfigKeys (ConfUtils.java:logGet(43)) - raft.server.log.force.sync.num = 128 (default)
2019-09-26 15:39:00,348 [pool-123-thread-1] INFO  server.RaftServerConfigKeys (ConfUtils.java:logGet(43)) - raft.server.log.statemachine.data.sync = true (default)
2019-09-26 15:39:00,348 [pool-123-thread-1] INFO  server.RaftServerConfigKeys (ConfUtils.java:logGet(43)) - raft.server.log.statemachine.data.sync.timeout = 10s (default)
2019-09-26 15:39:00,349 [pool-123-thread-1] INFO  server.RaftServerConfigKeys (ConfUtils.java:logGet(43)) - raft.server.log.statemachine.data.sync.timeout.retry = -1 (default)
2019-09-26 15:39:00,349 [pool-123-thread-1] INFO  server.RaftServerConfigKeys (ConfUtils.java:logGet(43)) - raft.server.log.statemachine.data.caching.enabled = true (custom)
2019-09-26 15:39:00,349 [pool-123-thread-1] INFO  segmented.SegmentedRaftLogWorker (SegmentedRaftLogWorker.java:lambda$new$0(132)) - bcb704dc-2543-42a4-8762-cde039a55a99@group-04D57B5B7528-SegmentedRaftLogWorker: flushIndex: setUnconditionally 0 -> -1
2019-09-26 15:39:00,349 [bcb704dc-2543-42a4-8762-cde039a55a99@group-96C309FC254E:LeaderElection150] INFO  impl.RoleInfo (RoleInfo.java:updateAndGet(143)) - bcb704dc-2543-42a4-8762-cde039a55a99: start LeaderState
2019-09-26 15:39:00,350 [pool-123-thread-1] INFO  server.RaftServerConfigKeys (ConfUtils.java:logGet(43)) - raft.server.snapshot.auto.trigger.enabled = true (custom)
2019-09-26 15:39:00,350 [bcb704dc-2543-42a4-8762-cde039a55a99@group-96C309FC254E:LeaderElection150] INFO  segmented.SegmentedRaftLogWorker (SegmentedRaftLogWorker.java:startLogSegment(380)) - bcb704dc-2543-42a4-8762-cde039a55a99@group-96C309FC254E-SegmentedRaftLogWorker: Starting segment from index:0
2019-09-26 15:39:00,350 [pool-123-thread-1] INFO  server.RaftServerConfigKeys (ConfUtils.java:logGet(43)) - raft.server.snapshot.auto.trigger.threshold = 10000 (custom)
2019-09-26 15:39:00,350 [pool-123-thread-1] INFO  server.RaftServerConfigKeys (ConfUtils.java:logGet(43)) - raft.server.snapshot.retention.num.files = 5 (custom)
2019-09-26 15:39:00,350 [bcb704dc-2543-42a4-8762-cde039a55a99@group-96C309FC254E:LeaderElection150] INFO  impl.RaftServerImpl (ServerState.java:setRaftConf(354)) - bcb704dc-2543-42a4-8762-cde039a55a99@group-96C309FC254E: set configuration 0: [bcb704dc-2543-42a4-8762-cde039a55a99:192.168.151.99:43663], old=null at 0
2019-09-26 15:39:00,351 [Thread-1960] INFO  impl.FollowerState (FollowerState.java:run(106)) - bcb704dc-2543-42a4-8762-cde039a55a99:group-ED2DE555DE76 changes to CANDIDATE, lastRpcTime:5005, electionTimeout:5005ms
2019-09-26 15:39:00,351 [pool-123-thread-1] INFO  server.RaftServerConfigKeys (ConfUtils.java:logGet(43)) - raft.server.retrycache.expirytime = 600000ms (custom)
2019-09-26 15:39:00,351 [Thread-1960] INFO  impl.RoleInfo (RoleInfo.java:shutdownFollowerState(121)) - bcb704dc-2543-42a4-8762-cde039a55a99: shutdown FollowerState
2019-09-26 15:39:00,351 [Thread-1960] INFO  impl.RaftServerImpl (RaftServerImpl.java:setRole(174)) - bcb704dc-2543-42a4-8762-cde039a55a99@group-ED2DE555DE76: changes role from  FOLLOWER to CANDIDATE at term 0 for changeToCandidate
2019-09-26 15:39:00,351 [Thread-1960] INFO  impl.RoleInfo (RoleInfo.java:updateAndGet(143)) - bcb704dc-2543-42a4-8762-cde039a55a99: start LeaderElection
2019-09-26 15:39:00,352 [pool-123-thread-1] INFO  impl.RaftServerImpl (RaftServerImpl.java:start(185)) - bcb704dc-2543-42a4-8762-cde039a55a99@group-04D57B5B7528: start as a follower, conf=-1: [bcb704dc-2543-42a4-8762-cde039a55a99:192.168.151.99:43663], old=null
2019-09-26 15:39:00,353 [pool-123-thread-1] INFO  impl.RaftServerImpl (RaftServerImpl.java:setRole(174)) - bcb704dc-2543-42a4-8762-cde039a55a99@group-04D57B5B7528: changes role from      null to FOLLOWER at term 0 for startAsFollower
2019-09-26 15:39:00,353 [pool-123-thread-1] INFO  impl.RoleInfo (RoleInfo.java:updateAndGet(143)) - bcb704dc-2543-42a4-8762-cde039a55a99: start FollowerState
2019-09-26 15:39:00,353 [pool-123-thread-1] INFO  util.JmxRegister (JmxRegister.java:tryRegister(44)) - Successfully registered JMX Bean with object name Ratis:service=RaftServer,group=group-04D57B5B7528,id=bcb704dc-2543-42a4-8762-cde039a55a99
2019-09-26 15:39:00,355 [RatisPipelineUtilsThread] INFO  pipeline.PipelineStateManager (PipelineStateManager.java:addPipeline(56)) - Created pipeline Pipeline[ Id: 816d04e7-9dfb-4fae-a2d7-04d57b5b7528, Nodes: bcb704dc-2543-42a4-8762-cde039a55a99{ip: 192.168.151.99, host: pr-hdds-1569-g6sp5-2013761785, networkLocation: /default-rack, certSerialId: null}, Type:RATIS, Factor:ONE, State:OPEN]
2019-09-26 15:39:00,359 [bcb704dc-2543-42a4-8762-cde039a55a99@group-E7FACA1FBA8B-SegmentedRaftLogWorker] INFO  segmented.SegmentedRaftLogWorker (SegmentedRaftLogWorker.java:execute(569)) - bcb704dc-2543-42a4-8762-cde039a55a99@group-E7FACA1FBA8B-SegmentedRaftLogWorker: created new log segment /workdir/hadoop-ozone/integration-test/target/test-dir/MiniOzoneClusterImpl-87962e32-e39f-4c57-b747-30c883c1cc54/datanode-0/data/ratis/0719bb48-21a2-4b8f-888a-e7faca1fba8b/current/log_inprogress_0
2019-09-26 15:39:00,359 [grpc-default-executor-0] INFO  impl.RaftServerProxy (RaftServerProxy.java:addNew(89)) - bcb704dc-2543-42a4-8762-cde039a55a99: addNew group-2FC65A88D4B5:[bcb704dc-2543-42a4-8762-cde039a55a99:192.168.151.99:43663] returns group-2FC65A88D4B5:java.util.concurrent.CompletableFuture@310b8e3d[Not completed]
2019-09-26 15:39:00,360 [pool-123-thread-1] INFO  impl.RaftServerImpl (RaftServerImpl.java:<init>(95)) - bcb704dc-2543-42a4-8762-cde039a55a99: new RaftServerImpl for group-2FC65A88D4B5:[bcb704dc-2543-42a4-8762-cde039a55a99:192.168.151.99:43663] with ContainerStateMachine:uninitialized
2019-09-26 15:39:00,360 [pool-123-thread-1] INFO  server.RaftServerConfigKeys (ConfUtils.java:logGet(43)) - raft.server.rpc.timeout.min = 5s (custom)
2019-09-26 15:39:00,360 [pool-123-thread-1] INFO  server.RaftServerConfigKeys (ConfUtils.java:logGet(43)) - raft.server.rpc.timeout.max = 5200ms (custom)
2019-09-26 15:39:00,360 [pool-123-thread-1] INFO  server.RaftServerConfigKeys (ConfUtils.java:logGet(43)) - raft.server.rpcslowness.timeout = 120s (custom)
2019-09-26 15:39:00,361 [pool-123-thread-1] INFO  server.RaftServerConfigKeys (ConfUtils.java:logGet(43)) - raft.server.sleep.deviation.threshold = 300 (default)
2019-09-26 15:39:00,361 [pool-123-thread-1] INFO  server.RaftServerConfigKeys (ConfUtils.java:logGet(43)) - raft.server.log.appender.install.snapshot.enabled = false (custom)
2019-09-26 15:39:00,361 [pool-123-thread-1] INFO  impl.RaftServerImpl (ServerState.java:<init>(103)) - bcb704dc-2543-42a4-8762-cde039a55a99@group-2FC65A88D4B5: ConfigurationManager, init=-1: [bcb704dc-2543-42a4-8762-cde039a55a99:192.168.151.99:43663], old=null, confs=<EMPTY_MAP>
2019-09-26 15:39:00,361 [pool-123-thread-1] INFO  server.RaftServerConfigKeys (ConfUtils.java:logGet(43)) - raft.server.storage.dir = [/workdir/hadoop-ozone/integration-test/target/test-dir/MiniOzoneClusterImpl-87962e32-e39f-4c57-b747-30c883c1cc54/datanode-0/data/ratis] (custom)
2019-09-26 15:39:00,362 [pool-123-thread-1] INFO  storage.RaftStorageDirectory (RaftStorageDirectory.java:analyzeStorage(246)) - The storage directory /workdir/hadoop-ozone/integration-test/target/test-dir/MiniOzoneClusterImpl-87962e32-e39f-4c57-b747-30c883c1cc54/datanode-0/data/ratis/8775c97f-e5bb-4e3c-9df5-2fc65a88d4b5 does not exist. Creating ...
2019-09-26 15:39:00,372 [bcb704dc-2543-42a4-8762-cde039a55a99@group-4EF24DFE3772:LeaderElection151] INFO  impl.LeaderElection (LeaderElection.java:askForVotes(182)) - bcb704dc-2543-42a4-8762-cde039a55a99@group-4EF24DFE3772:LeaderElection151: begin an election at term 1 for -1: [bcb704dc-2543-42a4-8762-cde039a55a99:192.168.151.99:43663], old=null
2019-09-26 15:39:00,373 [bcb704dc-2543-42a4-8762-cde039a55a99@group-4EF24DFE3772:LeaderElection151] INFO  impl.RoleInfo (RoleInfo.java:shutdownLeaderElection(134)) - bcb704dc-2543-42a4-8762-cde039a55a99: shutdown LeaderElection
2019-09-26 15:39:00,373 [bcb704dc-2543-42a4-8762-cde039a55a99@group-4EF24DFE3772:LeaderElection151] INFO  impl.RaftServerImpl (RaftServerImpl.java:setRole(174)) - bcb704dc-2543-42a4-8762-cde039a55a99@group-4EF24DFE3772: changes role from CANDIDATE to LEADER at term 1 for changeToLeader
2019-09-26 15:39:00,373 [bcb704dc-2543-42a4-8762-cde039a55a99@group-4EF24DFE3772:LeaderElection151] INFO  impl.RaftServerImpl (ServerState.java:setLeader(253)) - bcb704dc-2543-42a4-8762-cde039a55a99@group-4EF24DFE3772: change Leader from null to bcb704dc-2543-42a4-8762-cde039a55a99 at term 1 for becomeLeader, leader elected after 5170ms
2019-09-26 15:39:00,373 [bcb704dc-2543-42a4-8762-cde039a55a99@group-4EF24DFE3772:LeaderElection151] INFO  server.RaftServerConfigKeys (ConfUtils.java:logGet(43)) - raft.server.staging.catchup.gap = 1000 (default)
2019-09-26 15:39:00,373 [bcb704dc-2543-42a4-8762-cde039a55a99@group-4EF24DFE3772:LeaderElection151] INFO  server.RaftServerConfigKeys (ConfUtils.java:logGet(43)) - raft.server.rpc.sleep.time = 25ms (default)
2019-09-26 15:39:00,373 [bcb704dc-2543-42a4-8762-cde039a55a99@group-4EF24DFE3772:LeaderElection151] INFO  server.RaftServerConfigKeys (ConfUtils.java:logGet(43)) - raft.server.write.element-limit = 4096 (default)
2019-09-26 15:39:00,373 [bcb704dc-2543-42a4-8762-cde039a55a99@group-4EF24DFE3772:LeaderElection151] INFO  server.RaftServerConfigKeys (ConfUtils.java:logGet(43)) - raft.server.watch.timeout = 10s (default)
2019-09-26 15:39:00,374 [bcb704dc-2543-42a4-8762-cde039a55a99@group-4EF24DFE3772:LeaderElection151] INFO  server.RaftServerConfigKeys (ConfUtils.java:logGet(43)) - raft.server.watch.timeout.denomination = 1s (default)
2019-09-26 15:39:00,374 [bcb704dc-2543-42a4-8762-cde039a55a99@group-4EF24DFE3772:LeaderElection151] INFO  server.RaftServerConfigKeys (ConfUtils.java:logGet(43)) - raft.server.watch.element-limit = 65536 (default)
2019-09-26 15:39:00,374 [bcb704dc-2543-42a4-8762-cde039a55a99@group-ED2DE555DE76:LeaderElection152] INFO  impl.LeaderElection (LeaderElection.java:askForVotes(182)) - bcb704dc-2543-42a4-8762-cde039a55a99@group-ED2DE555DE76:LeaderElection152: begin an election at term 1 for -1: [bcb704dc-2543-42a4-8762-cde039a55a99:192.168.151.99:43663], old=null
2019-09-26 15:39:00,374 [bcb704dc-2543-42a4-8762-cde039a55a99@group-ED2DE555DE76:LeaderElection152] INFO  impl.RoleInfo (RoleInfo.java:shutdownLeaderElection(134)) - bcb704dc-2543-42a4-8762-cde039a55a99: shutdown LeaderElection
2019-09-26 15:39:00,374 [bcb704dc-2543-42a4-8762-cde039a55a99@group-ED2DE555DE76:LeaderElection152] INFO  impl.RaftServerImpl (RaftServerImpl.java:setRole(174)) - bcb704dc-2543-42a4-8762-cde039a55a99@group-ED2DE555DE76: changes role from CANDIDATE to LEADER at term 1 for changeToLeader
2019-09-26 15:39:00,374 [bcb704dc-2543-42a4-8762-cde039a55a99@group-ED2DE555DE76:LeaderElection152] INFO  impl.RaftServerImpl (ServerState.java:setLeader(253)) - bcb704dc-2543-42a4-8762-cde039a55a99@group-ED2DE555DE76: change Leader from null to bcb704dc-2543-42a4-8762-cde039a55a99 at term 1 for becomeLeader, leader elected after 5032ms
2019-09-26 15:39:00,374 [bcb704dc-2543-42a4-8762-cde039a55a99@group-ED2DE555DE76:LeaderElection152] INFO  server.RaftServerConfigKeys (ConfUtils.java:logGet(43)) - raft.server.staging.catchup.gap = 1000 (default)
2019-09-26 15:39:00,374 [bcb704dc-2543-42a4-8762-cde039a55a99@group-ED2DE555DE76:LeaderElection152] INFO  server.RaftServerConfigKeys (ConfUtils.java:logGet(43)) - raft.server.rpc.sleep.time = 25ms (default)
2019-09-26 15:39:00,374 [bcb704dc-2543-42a4-8762-cde039a55a99@group-ED2DE555DE76:LeaderElection152] INFO  server.RaftServerConfigKeys (ConfUtils.java:logGet(43)) - raft.server.write.element-limit = 4096 (default)
2019-09-26 15:39:00,374 [bcb704dc-2543-42a4-8762-cde039a55a99@group-ED2DE555DE76:LeaderElection152] INFO  server.RaftServerConfigKeys (ConfUtils.java:logGet(43)) - raft.server.watch.timeout = 10s (default)
2019-09-26 15:39:00,375 [bcb704dc-2543-42a4-8762-cde039a55a99@group-ED2DE555DE76:LeaderElection152] INFO  server.RaftServerConfigKeys (ConfUtils.java:logGet(43)) - raft.server.watch.timeout.denomination = 1s (default)
2019-09-26 15:39:00,375 [bcb704dc-2543-42a4-8762-cde039a55a99@group-ED2DE555DE76:LeaderElection152] INFO  server.RaftServerConfigKeys (ConfUtils.java:logGet(43)) - raft.server.watch.element-limit = 65536 (default)
2019-09-26 15:39:00,376 [bcb704dc-2543-42a4-8762-cde039a55a99@group-4EF24DFE3772:LeaderElection151] INFO  impl.RoleInfo (RoleInfo.java:updateAndGet(143)) - bcb704dc-2543-42a4-8762-cde039a55a99: start LeaderState
2019-09-26 15:39:00,376 [bcb704dc-2543-42a4-8762-cde039a55a99@group-4EF24DFE3772:LeaderElection151] INFO  segmented.SegmentedRaftLogWorker (SegmentedRaftLogWorker.java:startLogSegment(380)) - bcb704dc-2543-42a4-8762-cde039a55a99@group-4EF24DFE3772-SegmentedRaftLogWorker: Starting segment from index:0
2019-09-26 15:39:00,376 [bcb704dc-2543-42a4-8762-cde039a55a99@group-ED2DE555DE76:LeaderElection152] INFO  impl.RoleInfo (RoleInfo.java:updateAndGet(143)) - bcb704dc-2543-42a4-8762-cde039a55a99: start LeaderState
2019-09-26 15:39:00,376 [bcb704dc-2543-42a4-8762-cde039a55a99@group-ED2DE555DE76:LeaderElection152] INFO  segmented.SegmentedRaftLogWorker (SegmentedRaftLogWorker.java:startLogSegment(380)) - bcb704dc-2543-42a4-8762-cde039a55a99@group-ED2DE555DE76-SegmentedRaftLogWorker: Starting segment from index:0
2019-09-26 15:39:00,376 [bcb704dc-2543-42a4-8762-cde039a55a99@group-4EF24DFE3772:LeaderElection151] INFO  impl.RaftServerImpl (ServerState.java:setRaftConf(354)) - bcb704dc-2543-42a4-8762-cde039a55a99@group-4EF24DFE3772: set configuration 0: [bcb704dc-2543-42a4-8762-cde039a55a99:192.168.151.99:43663], old=null at 0
2019-09-26 15:39:00,377 [bcb704dc-2543-42a4-8762-cde039a55a99@group-ED2DE555DE76:LeaderElection152] INFO  impl.RaftServerImpl (ServerState.java:setRaftConf(354)) - bcb704dc-2543-42a4-8762-cde039a55a99@group-ED2DE555DE76: set configuration 0: [bcb704dc-2543-42a4-8762-cde039a55a99:192.168.151.99:43663], old=null at 0
2019-09-26 15:39:00,388 [pool-123-thread-1] INFO  storage.RaftStorageDirectory (RaftStorageDirectory.java:tryLock(328)) - Lock on /workdir/hadoop-ozone/integration-test/target/test-dir/MiniOzoneClusterImpl-87962e32-e39f-4c57-b747-30c883c1cc54/datanode-0/data/ratis/8775c97f-e5bb-4e3c-9df5-2fc65a88d4b5/in_use.lock acquired by nodename 10626@pr-hdds-1569-g6sp5-2013761785
2019-09-26 15:39:00,391 [bcb704dc-2543-42a4-8762-cde039a55a99@group-96C309FC254E-SegmentedRaftLogWorker] INFO  segmented.SegmentedRaftLogWorker (SegmentedRaftLogWorker.java:execute(569)) - bcb704dc-2543-42a4-8762-cde039a55a99@group-96C309FC254E-SegmentedRaftLogWorker: created new log segment /workdir/hadoop-ozone/integration-test/target/test-dir/MiniOzoneClusterImpl-87962e32-e39f-4c57-b747-30c883c1cc54/datanode-0/data/ratis/26169cdc-55d1-4252-9f28-96c309fc254e/current/log_inprogress_0
2019-09-26 15:39:00,402 [Thread-1954] INFO  impl.FollowerState (FollowerState.java:run(106)) - bcb704dc-2543-42a4-8762-cde039a55a99:group-F5D3AFC5E72C changes to CANDIDATE, lastRpcTime:5133, electionTimeout:5133ms
2019-09-26 15:39:00,402 [Thread-1954] INFO  impl.RoleInfo (RoleInfo.java:shutdownFollowerState(121)) - bcb704dc-2543-42a4-8762-cde039a55a99: shutdown FollowerState
2019-09-26 15:39:00,402 [Thread-1954] INFO  impl.RaftServerImpl (RaftServerImpl.java:setRole(174)) - bcb704dc-2543-42a4-8762-cde039a55a99@group-F5D3AFC5E72C: changes role from  FOLLOWER to CANDIDATE at term 0 for changeToCandidate
2019-09-26 15:39:00,402 [Thread-1954] INFO  impl.RoleInfo (RoleInfo.java:updateAndGet(143)) - bcb704dc-2543-42a4-8762-cde039a55a99: start LeaderElection
2019-09-26 15:39:00,403 [Thread-1957] INFO  impl.FollowerState (FollowerState.java:run(106)) - bcb704dc-2543-42a4-8762-cde039a55a99:group-5919F51C081E changes to CANDIDATE, lastRpcTime:5098, electionTimeout:5098ms
2019-09-26 15:39:00,403 [Thread-1957] INFO  impl.RoleInfo (RoleInfo.java:shutdownFollowerState(121)) - bcb704dc-2543-42a4-8762-cde039a55a99: shutdown FollowerState
2019-09-26 15:39:00,403 [Thread-1957] INFO  impl.RaftServerImpl (RaftServerImpl.java:setRole(174)) - bcb704dc-2543-42a4-8762-cde039a55a99@group-5919F51C081E: changes role from  FOLLOWER to CANDIDATE at term 0 for changeToCandidate
2019-09-26 15:39:00,403 [Thread-1957] INFO  impl.RoleInfo (RoleInfo.java:updateAndGet(143)) - bcb704dc-2543-42a4-8762-cde039a55a99: start LeaderElection
2019-09-26 15:39:00,405 [pool-123-thread-1] INFO  storage.RaftStorage (RaftStorage.java:format(72)) - Storage directory /workdir/hadoop-ozone/integration-test/target/test-dir/MiniOzoneClusterImpl-87962e32-e39f-4c57-b747-30c883c1cc54/datanode-0/data/ratis/8775c97f-e5bb-4e3c-9df5-2fc65a88d4b5 has been successfully formatted.
2019-09-26 15:39:00,405 [pool-123-thread-1] INFO  ratis.ContainerStateMachine (ContainerStateMachine.java:loadSnapshot(230)) - group-2FC65A88D4B5: The snapshot info is null. Setting the last applied indexto:(t:0, i:~)
2019-09-26 15:39:00,405 [pool-123-thread-1] INFO  server.RaftServerConfigKeys (ConfUtils.java:logGet(43)) - raft.server.notification.no-leader.timeout = 120s (custom)
2019-09-26 15:39:00,405 [pool-123-thread-1] INFO  server.RaftServerConfigKeys (ConfUtils.java:logGet(43)) - raft.server.log.use.memory = false (default)
2019-09-26 15:39:00,405 [pool-123-thread-1] INFO  server.RaftServerConfigKeys (ConfUtils.java:logGet(43)) - raft.server.log.purge.gap = 1000000 (custom)
2019-09-26 15:39:00,406 [pool-123-thread-1] INFO  server.RaftServerConfigKeys (ConfUtils.java:logGet(43)) - raft.server.log.appender.buffer.byte-limit = 33554432 (custom)
2019-09-26 15:39:00,406 [pool-123-thread-1] INFO  server.RaftServerConfigKeys (ConfUtils.java:logGet(43)) - raft.server.log.segment.size.max = 1048576 (custom)
2019-09-26 15:39:00,406 [pool-123-thread-1] INFO  server.RaftServerConfigKeys (ConfUtils.java:logGet(43)) - raft.server.log.segment.cache.num.max = 2 (custom)
2019-09-26 15:39:00,406 [pool-123-thread-1] INFO  segmented.SegmentedRaftLogWorker (SegmentedRaftLogWorker.java:<init>(172)) - new bcb704dc-2543-42a4-8762-cde039a55a99@group-2FC65A88D4B5-SegmentedRaftLogWorker for RaftStorage:Storage Directory /workdir/hadoop-ozone/integration-test/target/test-dir/MiniOzoneClusterImpl-87962e32-e39f-4c57-b747-30c883c1cc54/datanode-0/data/ratis/8775c97f-e5bb-4e3c-9df5-2fc65a88d4b5
2019-09-26 15:39:00,406 [pool-123-thread-1] INFO  server.RaftServerConfigKeys (ConfUtils.java:logGet(43)) - raft.server.log.queue.byte-limit = 2147483647 (custom)
2019-09-26 15:39:00,406 [pool-123-thread-1] INFO  server.RaftServerConfigKeys (ConfUtils.java:logGet(43)) - raft.server.log.queue.element-limit = 1024 (custom)
2019-09-26 15:39:00,407 [pool-123-thread-1] INFO  server.RaftServerConfigKeys (ConfUtils.java:logGet(43)) - raft.server.log.segment.size.max = 1048576 (custom)
2019-09-26 15:39:00,407 [pool-123-thread-1] INFO  server.RaftServerConfigKeys (ConfUtils.java:logGet(43)) - raft.server.log.preallocated.size = 16384 (custom)
2019-09-26 15:39:00,407 [pool-123-thread-1] INFO  server.RaftServerConfigKeys (ConfUtils.java:logGet(43)) - raft.server.log.write.buffer.size = 33554432 (custom)
2019-09-26 15:39:00,407 [pool-123-thread-1] INFO  server.RaftServerConfigKeys (ConfUtils.java:logGet(43)) - raft.server.log.force.sync.num = 128 (default)
2019-09-26 15:39:00,407 [pool-123-thread-1] INFO  server.RaftServerConfigKeys (ConfUtils.java:logGet(43)) - raft.server.log.statemachine.data.sync = true (default)
2019-09-26 15:39:00,407 [pool-123-thread-1] INFO  server.RaftServerConfigKeys (ConfUtils.java:logGet(43)) - raft.server.log.statemachine.data.sync.timeout = 10s (default)
2019-09-26 15:39:00,407 [pool-123-thread-1] INFO  server.RaftServerConfigKeys (ConfUtils.java:logGet(43)) - raft.server.log.statemachine.data.sync.timeout.retry = -1 (default)
2019-09-26 15:39:00,408 [pool-123-thread-1] INFO  server.RaftServerConfigKeys (ConfUtils.java:logGet(43)) - raft.server.log.statemachine.data.caching.enabled = true (custom)
2019-09-26 15:39:00,408 [pool-123-thread-1] INFO  segmented.SegmentedRaftLogWorker (SegmentedRaftLogWorker.java:lambda$new$0(132)) - bcb704dc-2543-42a4-8762-cde039a55a99@group-2FC65A88D4B5-SegmentedRaftLogWorker: flushIndex: setUnconditionally 0 -> -1
2019-09-26 15:39:00,408 [bcb704dc-2543-42a4-8762-cde039a55a99@group-F5D3AFC5E72C:LeaderElection153] INFO  impl.LeaderElection (LeaderElection.java:askForVotes(182)) - bcb704dc-2543-42a4-8762-cde039a55a99@group-F5D3AFC5E72C:LeaderElection153: begin an election at term 1 for -1: [bcb704dc-2543-42a4-8762-cde039a55a99:192.168.151.99:43663], old=null
2019-09-26 15:39:00,408 [pool-123-thread-1] INFO  server.RaftServerConfigKeys (ConfUtils.java:logGet(43)) - raft.server.snapshot.auto.trigger.enabled = true (custom)
2019-09-26 15:39:00,408 [bcb704dc-2543-42a4-8762-cde039a55a99@group-5919F51C081E:LeaderElection154] INFO  impl.LeaderElection (LeaderElection.java:askForVotes(182)) - bcb704dc-2543-42a4-8762-cde039a55a99@group-5919F51C081E:LeaderElection154: begin an election at term 1 for -1: [bcb704dc-2543-42a4-8762-cde039a55a99:192.168.151.99:43663], old=null
2019-09-26 15:39:00,409 [pool-123-thread-1] INFO  server.RaftServerConfigKeys (ConfUtils.java:logGet(43)) - raft.server.snapshot.auto.trigger.threshold = 10000 (custom)
2019-09-26 15:39:00,408 [bcb704dc-2543-42a4-8762-cde039a55a99@group-F5D3AFC5E72C:LeaderElection153] INFO  impl.RoleInfo (RoleInfo.java:shutdownLeaderElection(134)) - bcb704dc-2543-42a4-8762-cde039a55a99: shutdown LeaderElection
2019-09-26 15:39:00,409 [pool-123-thread-1] INFO  server.RaftServerConfigKeys (ConfUtils.java:logGet(43)) - raft.server.snapshot.retention.num.files = 5 (custom)
2019-09-26 15:39:00,409 [bcb704dc-2543-42a4-8762-cde039a55a99@group-5919F51C081E:LeaderElection154] INFO  impl.RoleInfo (RoleInfo.java:shutdownLeaderElection(134)) - bcb704dc-2543-42a4-8762-cde039a55a99: shutdown LeaderElection
2019-09-26 15:39:00,409 [pool-123-thread-1] INFO  server.RaftServerConfigKeys (ConfUtils.java:logGet(43)) - raft.server.retrycache.expirytime = 600000ms (custom)
2019-09-26 15:39:00,409 [bcb704dc-2543-42a4-8762-cde039a55a99@group-F5D3AFC5E72C:LeaderElection153] INFO  impl.RaftServerImpl (RaftServerImpl.java:setRole(174)) - bcb704dc-2543-42a4-8762-cde039a55a99@group-F5D3AFC5E72C: changes role from CANDIDATE to LEADER at term 1 for changeToLeader
2019-09-26 15:39:00,409 [bcb704dc-2543-42a4-8762-cde039a55a99@group-5919F51C081E:LeaderElection154] INFO  impl.RaftServerImpl (RaftServerImpl.java:setRole(174)) - bcb704dc-2543-42a4-8762-cde039a55a99@group-5919F51C081E: changes role from CANDIDATE to LEADER at term 1 for changeToLeader
2019-09-26 15:39:00,409 [bcb704dc-2543-42a4-8762-cde039a55a99@group-F5D3AFC5E72C:LeaderElection153] INFO  impl.RaftServerImpl (ServerState.java:setLeader(253)) - bcb704dc-2543-42a4-8762-cde039a55a99@group-F5D3AFC5E72C: change Leader from null to bcb704dc-2543-42a4-8762-cde039a55a99 at term 1 for becomeLeader, leader elected after 5143ms
2019-09-26 15:39:00,409 [bcb704dc-2543-42a4-8762-cde039a55a99@group-5919F51C081E:LeaderElection154] INFO  impl.RaftServerImpl (ServerState.java:setLeader(253)) - bcb704dc-2543-42a4-8762-cde039a55a99@group-5919F51C081E: change Leader from null to bcb704dc-2543-42a4-8762-cde039a55a99 at term 1 for becomeLeader, leader elected after 5110ms
2019-09-26 15:39:00,410 [bcb704dc-2543-42a4-8762-cde039a55a99@group-F5D3AFC5E72C:LeaderElection153] INFO  server.RaftServerConfigKeys (ConfUtils.java:logGet(43)) - raft.server.staging.catchup.gap = 1000 (default)
2019-09-26 15:39:00,410 [bcb704dc-2543-42a4-8762-cde039a55a99@group-5919F51C081E:LeaderElection154] INFO  server.RaftServerConfigKeys (ConfUtils.java:logGet(43)) - raft.server.staging.catchup.gap = 1000 (default)
2019-09-26 15:39:00,410 [bcb704dc-2543-42a4-8762-cde039a55a99@group-F5D3AFC5E72C:LeaderElection153] INFO  server.RaftServerConfigKeys (ConfUtils.java:logGet(43)) - raft.server.rpc.sleep.time = 25ms (default)
2019-09-26 15:39:00,410 [bcb704dc-2543-42a4-8762-cde039a55a99@group-5919F51C081E:LeaderElection154] INFO  server.RaftServerConfigKeys (ConfUtils.java:logGet(43)) - raft.server.rpc.sleep.time = 25ms (default)
2019-09-26 15:39:00,410 [bcb704dc-2543-42a4-8762-cde039a55a99@group-F5D3AFC5E72C:LeaderElection153] INFO  server.RaftServerConfigKeys (ConfUtils.java:logGet(43)) - raft.server.write.element-limit = 4096 (default)
2019-09-26 15:39:00,410 [bcb704dc-2543-42a4-8762-cde039a55a99@group-5919F51C081E:LeaderElection154] INFO  server.RaftServerConfigKeys (ConfUtils.java:logGet(43)) - raft.server.write.element-limit = 4096 (default)
2019-09-26 15:39:00,410 [bcb704dc-2543-42a4-8762-cde039a55a99@group-F5D3AFC5E72C:LeaderElection153] INFO  server.RaftServerConfigKeys (ConfUtils.java:logGet(43)) - raft.server.watch.timeout = 10s (default)
2019-09-26 15:39:00,411 [bcb704dc-2543-42a4-8762-cde039a55a99@group-5919F51C081E:LeaderElection154] INFO  server.RaftServerConfigKeys (ConfUtils.java:logGet(43)) - raft.server.watch.timeout = 10s (default)
2019-09-26 15:39:00,411 [bcb704dc-2543-42a4-8762-cde039a55a99@group-F5D3AFC5E72C:LeaderElection153] INFO  server.RaftServerConfigKeys (ConfUtils.java:logGet(43)) - raft.server.watch.timeout.denomination = 1s (default)
2019-09-26 15:39:00,411 [bcb704dc-2543-42a4-8762-cde039a55a99@group-5919F51C081E:LeaderElection154] INFO  server.RaftServerConfigKeys (ConfUtils.java:logGet(43)) - raft.server.watch.timeout.denomination = 1s (default)
2019-09-26 15:39:00,411 [bcb704dc-2543-42a4-8762-cde039a55a99@group-F5D3AFC5E72C:LeaderElection153] INFO  server.RaftServerConfigKeys (ConfUtils.java:logGet(43)) - raft.server.watch.element-limit = 65536 (default)
2019-09-26 15:39:00,411 [bcb704dc-2543-42a4-8762-cde039a55a99@group-5919F51C081E:LeaderElection154] INFO  server.RaftServerConfigKeys (ConfUtils.java:logGet(43)) - raft.server.watch.element-limit = 65536 (default)
2019-09-26 15:39:00,411 [pool-123-thread-1] INFO  impl.RaftServerImpl (RaftServerImpl.java:start(185)) - bcb704dc-2543-42a4-8762-cde039a55a99@group-2FC65A88D4B5: start as a follower, conf=-1: [bcb704dc-2543-42a4-8762-cde039a55a99:192.168.151.99:43663], old=null
2019-09-26 15:39:00,411 [pool-123-thread-1] INFO  impl.RaftServerImpl (RaftServerImpl.java:setRole(174)) - bcb704dc-2543-42a4-8762-cde039a55a99@group-2FC65A88D4B5: changes role from      null to FOLLOWER at term 0 for startAsFollower
2019-09-26 15:39:00,412 [pool-123-thread-1] INFO  impl.RoleInfo (RoleInfo.java:updateAndGet(143)) - bcb704dc-2543-42a4-8762-cde039a55a99: start FollowerState
2019-09-26 15:39:00,412 [pool-123-thread-1] INFO  util.JmxRegister (JmxRegister.java:tryRegister(44)) - Successfully registered JMX Bean with object name Ratis:service=RaftServer,group=group-2FC65A88D4B5,id=bcb704dc-2543-42a4-8762-cde039a55a99
2019-09-26 15:39:00,414 [bcb704dc-2543-42a4-8762-cde039a55a99@group-F5D3AFC5E72C:LeaderElection153] INFO  impl.RoleInfo (RoleInfo.java:updateAndGet(143)) - bcb704dc-2543-42a4-8762-cde039a55a99: start LeaderState
2019-09-26 15:39:00,414 [bcb704dc-2543-42a4-8762-cde039a55a99@group-5919F51C081E:LeaderElection154] INFO  impl.RoleInfo (RoleInfo.java:updateAndGet(143)) - bcb704dc-2543-42a4-8762-cde039a55a99: start LeaderState
2019-09-26 15:39:00,414 [bcb704dc-2543-42a4-8762-cde039a55a99@group-F5D3AFC5E72C:LeaderElection153] INFO  segmented.SegmentedRaftLogWorker (SegmentedRaftLogWorker.java:startLogSegment(380)) - bcb704dc-2543-42a4-8762-cde039a55a99@group-F5D3AFC5E72C-SegmentedRaftLogWorker: Starting segment from index:0
2019-09-26 15:39:00,414 [bcb704dc-2543-42a4-8762-cde039a55a99@group-5919F51C081E:LeaderElection154] INFO  segmented.SegmentedRaftLogWorker (SegmentedRaftLogWorker.java:startLogSegment(380)) - bcb704dc-2543-42a4-8762-cde039a55a99@group-5919F51C081E-SegmentedRaftLogWorker: Starting segment from index:0
2019-09-26 15:39:00,415 [RatisPipelineUtilsThread] INFO  pipeline.PipelineStateManager (PipelineStateManager.java:addPipeline(56)) - Created pipeline Pipeline[ Id: 8775c97f-e5bb-4e3c-9df5-2fc65a88d4b5, Nodes: bcb704dc-2543-42a4-8762-cde039a55a99{ip: 192.168.151.99, host: pr-hdds-1569-g6sp5-2013761785, networkLocation: /default-rack, certSerialId: null}, Type:RATIS, Factor:ONE, State:OPEN]
2019-09-26 15:39:00,415 [bcb704dc-2543-42a4-8762-cde039a55a99@group-F5D3AFC5E72C:LeaderElection153] INFO  impl.RaftServerImpl (ServerState.java:setRaftConf(354)) - bcb704dc-2543-42a4-8762-cde039a55a99@group-F5D3AFC5E72C: set configuration 0: [bcb704dc-2543-42a4-8762-cde039a55a99:192.168.151.99:43663], old=null at 0
2019-09-26 15:39:00,415 [bcb704dc-2543-42a4-8762-cde039a55a99@group-5919F51C081E:LeaderElection154] INFO  impl.RaftServerImpl (ServerState.java:setRaftConf(354)) - bcb704dc-2543-42a4-8762-cde039a55a99@group-5919F51C081E: set configuration 0: [bcb704dc-2543-42a4-8762-cde039a55a99:192.168.151.99:43663], old=null at 0
2019-09-26 15:39:00,419 [grpc-default-executor-0] INFO  impl.RaftServerProxy (RaftServerProxy.java:addNew(89)) - bcb704dc-2543-42a4-8762-cde039a55a99: addNew group-42E764F99F92:[bcb704dc-2543-42a4-8762-cde039a55a99:192.168.151.99:43663] returns group-42E764F99F92:java.util.concurrent.CompletableFuture@12472a6d[Not completed]
2019-09-26 15:39:00,420 [pool-123-thread-1] INFO  impl.RaftServerImpl (RaftServerImpl.java:<init>(95)) - bcb704dc-2543-42a4-8762-cde039a55a99: new RaftServerImpl for group-42E764F99F92:[bcb704dc-2543-42a4-8762-cde039a55a99:192.168.151.99:43663] with ContainerStateMachine:uninitialized
2019-09-26 15:39:00,420 [pool-123-thread-1] INFO  server.RaftServerConfigKeys (ConfUtils.java:logGet(43)) - raft.server.rpc.timeout.min = 5s (custom)
2019-09-26 15:39:00,420 [pool-123-thread-1] INFO  server.RaftServerConfigKeys (ConfUtils.java:logGet(43)) - raft.server.rpc.timeout.max = 5200ms (custom)
2019-09-26 15:39:00,421 [pool-123-thread-1] INFO  server.RaftServerConfigKeys (ConfUtils.java:logGet(43)) - raft.server.rpcslowness.timeout = 120s (custom)
2019-09-26 15:39:00,421 [pool-123-thread-1] INFO  server.RaftServerConfigKeys (ConfUtils.java:logGet(43)) - raft.server.sleep.deviation.threshold = 300 (default)
2019-09-26 15:39:00,421 [pool-123-thread-1] INFO  server.RaftServerConfigKeys (ConfUtils.java:logGet(43)) - raft.server.log.appender.install.snapshot.enabled = false (custom)
2019-09-26 15:39:00,421 [pool-123-thread-1] INFO  impl.RaftServerImpl (ServerState.java:<init>(103)) - bcb704dc-2543-42a4-8762-cde039a55a99@group-42E764F99F92: ConfigurationManager, init=-1: [bcb704dc-2543-42a4-8762-cde039a55a99:192.168.151.99:43663], old=null, confs=<EMPTY_MAP>
2019-09-26 15:39:00,421 [pool-123-thread-1] INFO  server.RaftServerConfigKeys (ConfUtils.java:logGet(43)) - raft.server.storage.dir = [/workdir/hadoop-ozone/integration-test/target/test-dir/MiniOzoneClusterImpl-87962e32-e39f-4c57-b747-30c883c1cc54/datanode-0/data/ratis] (custom)
2019-09-26 15:39:00,422 [pool-123-thread-1] INFO  storage.RaftStorageDirectory (RaftStorageDirectory.java:analyzeStorage(246)) - The storage directory /workdir/hadoop-ozone/integration-test/target/test-dir/MiniOzoneClusterImpl-87962e32-e39f-4c57-b747-30c883c1cc54/datanode-0/data/ratis/a96116ad-e5ca-4a67-99ab-42e764f99f92 does not exist. Creating ...
2019-09-26 15:39:00,434 [Thread-1963] INFO  impl.FollowerState (FollowerState.java:run(106)) - bcb704dc-2543-42a4-8762-cde039a55a99:group-6F8BB1A43FA8 changes to CANDIDATE, lastRpcTime:5043, electionTimeout:5043ms
2019-09-26 15:39:00,434 [Thread-1963] INFO  impl.RoleInfo (RoleInfo.java:shutdownFollowerState(121)) - bcb704dc-2543-42a4-8762-cde039a55a99: shutdown FollowerState
2019-09-26 15:39:00,434 [Thread-1963] INFO  impl.RaftServerImpl (RaftServerImpl.java:setRole(174)) - bcb704dc-2543-42a4-8762-cde039a55a99@group-6F8BB1A43FA8: changes role from  FOLLOWER to CANDIDATE at term 0 for changeToCandidate
2019-09-26 15:39:00,434 [Thread-1963] INFO  impl.RoleInfo (RoleInfo.java:updateAndGet(143)) - bcb704dc-2543-42a4-8762-cde039a55a99: start LeaderElection
2019-09-26 15:39:00,443 [pool-123-thread-1] INFO  storage.RaftStorageDirectory (RaftStorageDirectory.java:tryLock(328)) - Lock on /workdir/hadoop-ozone/integration-test/target/test-dir/MiniOzoneClusterImpl-87962e32-e39f-4c57-b747-30c883c1cc54/datanode-0/data/ratis/a96116ad-e5ca-4a67-99ab-42e764f99f92/in_use.lock acquired by nodename 10626@pr-hdds-1569-g6sp5-2013761785
2019-09-26 15:39:00,443 [bcb704dc-2543-42a4-8762-cde039a55a99@group-ED2DE555DE76-SegmentedRaftLogWorker] INFO  segmented.SegmentedRaftLogWorker (SegmentedRaftLogWorker.java:execute(569)) - bcb704dc-2543-42a4-8762-cde039a55a99@group-ED2DE555DE76-SegmentedRaftLogWorker: created new log segment /workdir/hadoop-ozone/integration-test/target/test-dir/MiniOzoneClusterImpl-87962e32-e39f-4c57-b747-30c883c1cc54/datanode-0/data/ratis/ca68c3ce-6053-4851-9fda-ed2de555de76/current/log_inprogress_0
2019-09-26 15:39:00,443 [bcb704dc-2543-42a4-8762-cde039a55a99@group-4EF24DFE3772-SegmentedRaftLogWorker] INFO  segmented.SegmentedRaftLogWorker (SegmentedRaftLogWorker.java:execute(569)) - bcb704dc-2543-42a4-8762-cde039a55a99@group-4EF24DFE3772-SegmentedRaftLogWorker: created new log segment /workdir/hadoop-ozone/integration-test/target/test-dir/MiniOzoneClusterImpl-87962e32-e39f-4c57-b747-30c883c1cc54/datanode-0/data/ratis/eb054ef7-a5a7-4dd5-935c-4ef24dfe3772/current/log_inprogress_0
2019-09-26 15:39:00,471 [bcb704dc-2543-42a4-8762-cde039a55a99@group-6F8BB1A43FA8:LeaderElection155] INFO  impl.LeaderElection (LeaderElection.java:askForVotes(182)) - bcb704dc-2543-42a4-8762-cde039a55a99@group-6F8BB1A43FA8:LeaderElection155: begin an election at term 1 for -1: [bcb704dc-2543-42a4-8762-cde039a55a99:192.168.151.99:43663], old=null
2019-09-26 15:39:00,471 [bcb704dc-2543-42a4-8762-cde039a55a99@group-6F8BB1A43FA8:LeaderElection155] INFO  impl.RoleInfo (RoleInfo.java:shutdownLeaderElection(134)) - bcb704dc-2543-42a4-8762-cde039a55a99: shutdown LeaderElection
2019-09-26 15:39:00,471 [bcb704dc-2543-42a4-8762-cde039a55a99@group-6F8BB1A43FA8:LeaderElection155] INFO  impl.RaftServerImpl (RaftServerImpl.java:setRole(174)) - bcb704dc-2543-42a4-8762-cde039a55a99@group-6F8BB1A43FA8: changes role from CANDIDATE to LEADER at term 1 for changeToLeader
2019-09-26 15:39:00,471 [bcb704dc-2543-42a4-8762-cde039a55a99@group-6F8BB1A43FA8:LeaderElection155] INFO  impl.RaftServerImpl (ServerState.java:setLeader(253)) - bcb704dc-2543-42a4-8762-cde039a55a99@group-6F8BB1A43FA8: change Leader from null to bcb704dc-2543-42a4-8762-cde039a55a99 at term 1 for becomeLeader, leader elected after 5084ms
2019-09-26 15:39:00,472 [bcb704dc-2543-42a4-8762-cde039a55a99@group-6F8BB1A43FA8:LeaderElection155] INFO  server.RaftServerConfigKeys (ConfUtils.java:logGet(43)) - raft.server.staging.catchup.gap = 1000 (default)
2019-09-26 15:39:00,472 [bcb704dc-2543-42a4-8762-cde039a55a99@group-6F8BB1A43FA8:LeaderElection155] INFO  server.RaftServerConfigKeys (ConfUtils.java:logGet(43)) - raft.server.rpc.sleep.time = 25ms (default)
2019-09-26 15:39:00,472 [bcb704dc-2543-42a4-8762-cde039a55a99@group-6F8BB1A43FA8:LeaderElection155] INFO  server.RaftServerConfigKeys (ConfUtils.java:logGet(43)) - raft.server.write.element-limit = 4096 (default)
2019-09-26 15:39:00,472 [bcb704dc-2543-42a4-8762-cde039a55a99@group-F5D3AFC5E72C-SegmentedRaftLogWorker] INFO  segmented.SegmentedRaftLogWorker (SegmentedRaftLogWorker.java:execute(569)) - bcb704dc-2543-42a4-8762-cde039a55a99@group-F5D3AFC5E72C-SegmentedRaftLogWorker: created new log segment /workdir/hadoop-ozone/integration-test/target/test-dir/MiniOzoneClusterImpl-87962e32-e39f-4c57-b747-30c883c1cc54/datanode-0/data/ratis/42b674e7-a0e6-47e2-beb2-f5d3afc5e72c/current/log_inprogress_0
2019-09-26 15:39:00,472 [bcb704dc-2543-42a4-8762-cde039a55a99@group-5919F51C081E-SegmentedRaftLogWorker] INFO  segmented.SegmentedRaftLogWorker (SegmentedRaftLogWorker.java:execute(569)) - bcb704dc-2543-42a4-8762-cde039a55a99@group-5919F51C081E-SegmentedRaftLogWorker: created new log segment /workdir/hadoop-ozone/integration-test/target/test-dir/MiniOzoneClusterImpl-87962e32-e39f-4c57-b747-30c883c1cc54/datanode-0/data/ratis/10817075-8c31-4079-8d60-5919f51c081e/current/log_inprogress_0
2019-09-26 15:39:00,472 [bcb704dc-2543-42a4-8762-cde039a55a99@group-6F8BB1A43FA8:LeaderElection155] INFO  server.RaftServerConfigKeys (ConfUtils.java:logGet(43)) - raft.server.watch.timeout = 10s (default)
2019-09-26 15:39:00,472 [bcb704dc-2543-42a4-8762-cde039a55a99@group-6F8BB1A43FA8:LeaderElection155] INFO  server.RaftServerConfigKeys (ConfUtils.java:logGet(43)) - raft.server.watch.timeout.denomination = 1s (default)
2019-09-26 15:39:00,472 [pool-123-thread-1] INFO  storage.RaftStorage (RaftStorage.java:format(72)) - Storage directory /workdir/hadoop-ozone/integration-test/target/test-dir/MiniOzoneClusterImpl-87962e32-e39f-4c57-b747-30c883c1cc54/datanode-0/data/ratis/a96116ad-e5ca-4a67-99ab-42e764f99f92 has been successfully formatted.
2019-09-26 15:39:00,472 [bcb704dc-2543-42a4-8762-cde039a55a99@group-6F8BB1A43FA8:LeaderElection155] INFO  server.RaftServerConfigKeys (ConfUtils.java:logGet(43)) - raft.server.watch.element-limit = 65536 (default)
2019-09-26 15:39:00,473 [pool-123-thread-1] INFO  ratis.ContainerStateMachine (ContainerStateMachine.java:loadSnapshot(230)) - group-42E764F99F92: The snapshot info is null. Setting the last applied indexto:(t:0, i:~)
2019-09-26 15:39:00,473 [pool-123-thread-1] INFO  server.RaftServerConfigKeys (ConfUtils.java:logGet(43)) - raft.server.notification.no-leader.timeout = 120s (custom)
2019-09-26 15:39:00,473 [pool-123-thread-1] INFO  server.RaftServerConfigKeys (ConfUtils.java:logGet(43)) - raft.server.log.use.memory = false (default)
2019-09-26 15:39:00,473 [pool-123-thread-1] INFO  server.RaftServerConfigKeys (ConfUtils.java:logGet(43)) - raft.server.log.purge.gap = 1000000 (custom)
2019-09-26 15:39:00,473 [pool-123-thread-1] INFO  server.RaftServerConfigKeys (ConfUtils.java:logGet(43)) - raft.server.log.appender.buffer.byte-limit = 33554432 (custom)
2019-09-26 15:39:00,473 [pool-123-thread-1] INFO  server.RaftServerConfigKeys (ConfUtils.java:logGet(43)) - raft.server.log.segment.size.max = 1048576 (custom)
2019-09-26 15:39:00,474 [pool-123-thread-1] INFO  server.RaftServerConfigKeys (ConfUtils.java:logGet(43)) - raft.server.log.segment.cache.num.max = 2 (custom)
2019-09-26 15:39:00,474 [bcb704dc-2543-42a4-8762-cde039a55a99@group-6F8BB1A43FA8:LeaderElection155] INFO  impl.RoleInfo (RoleInfo.java:updateAndGet(143)) - bcb704dc-2543-42a4-8762-cde039a55a99: start LeaderState
2019-09-26 15:39:00,474 [pool-123-thread-1] INFO  segmented.SegmentedRaftLogWorker (SegmentedRaftLogWorker.java:<init>(172)) - new bcb704dc-2543-42a4-8762-cde039a55a99@group-42E764F99F92-SegmentedRaftLogWorker for RaftStorage:Storage Directory /workdir/hadoop-ozone/integration-test/target/test-dir/MiniOzoneClusterImpl-87962e32-e39f-4c57-b747-30c883c1cc54/datanode-0/data/ratis/a96116ad-e5ca-4a67-99ab-42e764f99f92
2019-09-26 15:39:00,474 [bcb704dc-2543-42a4-8762-cde039a55a99@group-6F8BB1A43FA8:LeaderElection155] INFO  segmented.SegmentedRaftLogWorker (SegmentedRaftLogWorker.java:startLogSegment(380)) - bcb704dc-2543-42a4-8762-cde039a55a99@group-6F8BB1A43FA8-SegmentedRaftLogWorker: Starting segment from index:0
2019-09-26 15:39:00,474 [pool-123-thread-1] INFO  server.RaftServerConfigKeys (ConfUtils.java:logGet(43)) - raft.server.log.queue.byte-limit = 2147483647 (custom)
2019-09-26 15:39:00,474 [pool-123-thread-1] INFO  server.RaftServerConfigKeys (ConfUtils.java:logGet(43)) - raft.server.log.queue.element-limit = 1024 (custom)
2019-09-26 15:39:00,474 [bcb704dc-2543-42a4-8762-cde039a55a99@group-6F8BB1A43FA8:LeaderElection155] INFO  impl.RaftServerImpl (ServerState.java:setRaftConf(354)) - bcb704dc-2543-42a4-8762-cde039a55a99@group-6F8BB1A43FA8: set configuration 0: [bcb704dc-2543-42a4-8762-cde039a55a99:192.168.151.99:43663], old=null at 0
2019-09-26 15:39:00,474 [pool-123-thread-1] INFO  server.RaftServerConfigKeys (ConfUtils.java:logGet(43)) - raft.server.log.segment.size.max = 1048576 (custom)
2019-09-26 15:39:00,475 [pool-123-thread-1] INFO  server.RaftServerConfigKeys (ConfUtils.java:logGet(43)) - raft.server.log.preallocated.size = 16384 (custom)
2019-09-26 15:39:00,475 [pool-123-thread-1] INFO  server.RaftServerConfigKeys (ConfUtils.java:logGet(43)) - raft.server.log.write.buffer.size = 33554432 (custom)
2019-09-26 15:39:00,475 [pool-123-thread-1] INFO  server.RaftServerConfigKeys (ConfUtils.java:logGet(43)) - raft.server.log.force.sync.num = 128 (default)
2019-09-26 15:39:00,475 [pool-123-thread-1] INFO  server.RaftServerConfigKeys (ConfUtils.java:logGet(43)) - raft.server.log.statemachine.data.sync = true (default)
2019-09-26 15:39:00,475 [pool-123-thread-1] INFO  server.RaftServerConfigKeys (ConfUtils.java:logGet(43)) - raft.server.log.statemachine.data.sync.timeout = 10s (default)
2019-09-26 15:39:00,475 [pool-123-thread-1] INFO  server.RaftServerConfigKeys (ConfUtils.java:logGet(43)) - raft.server.log.statemachine.data.sync.timeout.retry = -1 (default)
2019-09-26 15:39:00,475 [pool-123-thread-1] INFO  server.RaftServerConfigKeys (ConfUtils.java:logGet(43)) - raft.server.log.statemachine.data.caching.enabled = true (custom)
2019-09-26 15:39:00,476 [pool-123-thread-1] INFO  segmented.SegmentedRaftLogWorker (SegmentedRaftLogWorker.java:lambda$new$0(132)) - bcb704dc-2543-42a4-8762-cde039a55a99@group-42E764F99F92-SegmentedRaftLogWorker: flushIndex: setUnconditionally 0 -> -1
2019-09-26 15:39:00,476 [pool-123-thread-1] INFO  server.RaftServerConfigKeys (ConfUtils.java:logGet(43)) - raft.server.snapshot.auto.trigger.enabled = true (custom)
2019-09-26 15:39:00,476 [pool-123-thread-1] INFO  server.RaftServerConfigKeys (ConfUtils.java:logGet(43)) - raft.server.snapshot.auto.trigger.threshold = 10000 (custom)
2019-09-26 15:39:00,476 [pool-123-thread-1] INFO  server.RaftServerConfigKeys (ConfUtils.java:logGet(43)) - raft.server.snapshot.retention.num.files = 5 (custom)
2019-09-26 15:39:00,477 [pool-123-thread-1] INFO  server.RaftServerConfigKeys (ConfUtils.java:logGet(43)) - raft.server.retrycache.expirytime = 600000ms (custom)
2019-09-26 15:39:00,478 [pool-123-thread-1] INFO  impl.RaftServerImpl (RaftServerImpl.java:start(185)) - bcb704dc-2543-42a4-8762-cde039a55a99@group-42E764F99F92: start as a follower, conf=-1: [bcb704dc-2543-42a4-8762-cde039a55a99:192.168.151.99:43663], old=null
2019-09-26 15:39:00,478 [pool-123-thread-1] INFO  impl.RaftServerImpl (RaftServerImpl.java:setRole(174)) - bcb704dc-2543-42a4-8762-cde039a55a99@group-42E764F99F92: changes role from      null to FOLLOWER at term 0 for startAsFollower
2019-09-26 15:39:00,478 [pool-123-thread-1] INFO  impl.RoleInfo (RoleInfo.java:updateAndGet(143)) - bcb704dc-2543-42a4-8762-cde039a55a99: start FollowerState
2019-09-26 15:39:00,479 [pool-123-thread-1] INFO  util.JmxRegister (JmxRegister.java:tryRegister(44)) - Successfully registered JMX Bean with object name Ratis:service=RaftServer,group=group-42E764F99F92,id=bcb704dc-2543-42a4-8762-cde039a55a99
2019-09-26 15:39:00,481 [RatisPipelineUtilsThread] INFO  pipeline.PipelineStateManager (PipelineStateManager.java:addPipeline(56)) - Created pipeline Pipeline[ Id: a96116ad-e5ca-4a67-99ab-42e764f99f92, Nodes: bcb704dc-2543-42a4-8762-cde039a55a99{ip: 192.168.151.99, host: pr-hdds-1569-g6sp5-2013761785, networkLocation: /default-rack, certSerialId: null}, Type:RATIS, Factor:ONE, State:OPEN]
2019-09-26 15:39:00,486 [grpc-default-executor-0] INFO  impl.RaftServerProxy (RaftServerProxy.java:addNew(89)) - bcb704dc-2543-42a4-8762-cde039a55a99: addNew group-2057EA9C4538:[bcb704dc-2543-42a4-8762-cde039a55a99:192.168.151.99:43663] returns group-2057EA9C4538:java.util.concurrent.CompletableFuture@23833845[Not completed]
2019-09-26 15:39:00,487 [pool-123-thread-1] INFO  impl.RaftServerImpl (RaftServerImpl.java:<init>(95)) - bcb704dc-2543-42a4-8762-cde039a55a99: new RaftServerImpl for group-2057EA9C4538:[bcb704dc-2543-42a4-8762-cde039a55a99:192.168.151.99:43663] with ContainerStateMachine:uninitialized
2019-09-26 15:39:00,487 [pool-123-thread-1] INFO  server.RaftServerConfigKeys (ConfUtils.java:logGet(43)) - raft.server.rpc.timeout.min = 5s (custom)
2019-09-26 15:39:00,487 [pool-123-thread-1] INFO  server.RaftServerConfigKeys (ConfUtils.java:logGet(43)) - raft.server.rpc.timeout.max = 5200ms (custom)
2019-09-26 15:39:00,487 [pool-123-thread-1] INFO  server.RaftServerConfigKeys (ConfUtils.java:logGet(43)) - raft.server.rpcslowness.timeout = 120s (custom)
2019-09-26 15:39:00,487 [pool-123-thread-1] INFO  server.RaftServerConfigKeys (ConfUtils.java:logGet(43)) - raft.server.sleep.deviation.threshold = 300 (default)
2019-09-26 15:39:00,487 [pool-123-thread-1] INFO  server.RaftServerConfigKeys (ConfUtils.java:logGet(43)) - raft.server.log.appender.install.snapshot.enabled = false (custom)
2019-09-26 15:39:00,487 [pool-123-thread-1] INFO  impl.RaftServerImpl (ServerState.java:<init>(103)) - bcb704dc-2543-42a4-8762-cde039a55a99@group-2057EA9C4538: ConfigurationManager, init=-1: [bcb704dc-2543-42a4-8762-cde039a55a99:192.168.151.99:43663], old=null, confs=<EMPTY_MAP>
2019-09-26 15:39:00,488 [pool-123-thread-1] INFO  server.RaftServerConfigKeys (ConfUtils.java:logGet(43)) - raft.server.storage.dir = [/workdir/hadoop-ozone/integration-test/target/test-dir/MiniOzoneClusterImpl-87962e32-e39f-4c57-b747-30c883c1cc54/datanode-0/data/ratis] (custom)
2019-09-26 15:39:00,488 [pool-123-thread-1] INFO  storage.RaftStorageDirectory (RaftStorageDirectory.java:analyzeStorage(246)) - The storage directory /workdir/hadoop-ozone/integration-test/target/test-dir/MiniOzoneClusterImpl-87962e32-e39f-4c57-b747-30c883c1cc54/datanode-0/data/ratis/922d3386-f360-4f3e-824a-2057ea9c4538 does not exist. Creating ...
2019-09-26 15:39:00,510 [Thread-1966] INFO  impl.FollowerState (FollowerState.java:run(106)) - bcb704dc-2543-42a4-8762-cde039a55a99:group-65416477802C changes to CANDIDATE, lastRpcTime:5081, electionTimeout:5081ms
2019-09-26 15:39:00,511 [Thread-1966] INFO  impl.RoleInfo (RoleInfo.java:shutdownFollowerState(121)) - bcb704dc-2543-42a4-8762-cde039a55a99: shutdown FollowerState
2019-09-26 15:39:00,511 [Thread-1966] INFO  impl.RaftServerImpl (RaftServerImpl.java:setRole(174)) - bcb704dc-2543-42a4-8762-cde039a55a99@group-65416477802C: changes role from  FOLLOWER to CANDIDATE at term 0 for changeToCandidate
2019-09-26 15:39:00,511 [Thread-1966] INFO  impl.RoleInfo (RoleInfo.java:updateAndGet(143)) - bcb704dc-2543-42a4-8762-cde039a55a99: start LeaderElection
2019-09-26 15:39:00,538 [pool-123-thread-1] INFO  storage.RaftStorageDirectory (RaftStorageDirectory.java:tryLock(328)) - Lock on /workdir/hadoop-ozone/integration-test/target/test-dir/MiniOzoneClusterImpl-87962e32-e39f-4c57-b747-30c883c1cc54/datanode-0/data/ratis/922d3386-f360-4f3e-824a-2057ea9c4538/in_use.lock acquired by nodename 10626@pr-hdds-1569-g6sp5-2013761785
2019-09-26 15:39:00,553 [bcb704dc-2543-42a4-8762-cde039a55a99@group-6F8BB1A43FA8-SegmentedRaftLogWorker] INFO  segmented.SegmentedRaftLogWorker (SegmentedRaftLogWorker.java:execute(569)) - bcb704dc-2543-42a4-8762-cde039a55a99@group-6F8BB1A43FA8-SegmentedRaftLogWorker: created new log segment /workdir/hadoop-ozone/integration-test/target/test-dir/MiniOzoneClusterImpl-87962e32-e39f-4c57-b747-30c883c1cc54/datanode-0/data/ratis/21a055ab-ea32-4064-a307-6f8bb1a43fa8/current/log_inprogress_0
2019-09-26 15:39:00,556 [bcb704dc-2543-42a4-8762-cde039a55a99@group-65416477802C:LeaderElection156] INFO  impl.LeaderElection (LeaderElection.java:askForVotes(182)) - bcb704dc-2543-42a4-8762-cde039a55a99@group-65416477802C:LeaderElection156: begin an election at term 1 for -1: [bcb704dc-2543-42a4-8762-cde039a55a99:192.168.151.99:43663], old=null
2019-09-26 15:39:00,556 [bcb704dc-2543-42a4-8762-cde039a55a99@group-65416477802C:LeaderElection156] INFO  impl.RoleInfo (RoleInfo.java:shutdownLeaderElection(134)) - bcb704dc-2543-42a4-8762-cde039a55a99: shutdown LeaderElection
2019-09-26 15:39:00,556 [bcb704dc-2543-42a4-8762-cde039a55a99@group-65416477802C:LeaderElection156] INFO  impl.RaftServerImpl (RaftServerImpl.java:setRole(174)) - bcb704dc-2543-42a4-8762-cde039a55a99@group-65416477802C: changes role from CANDIDATE to LEADER at term 1 for changeToLeader
2019-09-26 15:39:00,557 [bcb704dc-2543-42a4-8762-cde039a55a99@group-65416477802C:LeaderElection156] INFO  impl.RaftServerImpl (ServerState.java:setLeader(253)) - bcb704dc-2543-42a4-8762-cde039a55a99@group-65416477802C: change Leader from null to bcb704dc-2543-42a4-8762-cde039a55a99 at term 1 for becomeLeader, leader elected after 5131ms
2019-09-26 15:39:00,557 [bcb704dc-2543-42a4-8762-cde039a55a99@group-65416477802C:LeaderElection156] INFO  server.RaftServerConfigKeys (ConfUtils.java:logGet(43)) - raft.server.staging.catchup.gap = 1000 (default)
2019-09-26 15:39:00,557 [bcb704dc-2543-42a4-8762-cde039a55a99@group-65416477802C:LeaderElection156] INFO  server.RaftServerConfigKeys (ConfUtils.java:logGet(43)) - raft.server.rpc.sleep.time = 25ms (default)
2019-09-26 15:39:00,557 [bcb704dc-2543-42a4-8762-cde039a55a99@group-65416477802C:LeaderElection156] INFO  server.RaftServerConfigKeys (ConfUtils.java:logGet(43)) - raft.server.write.element-limit = 4096 (default)
2019-09-26 15:39:00,557 [bcb704dc-2543-42a4-8762-cde039a55a99@group-65416477802C:LeaderElection156] INFO  server.RaftServerConfigKeys (ConfUtils.java:logGet(43)) - raft.server.watch.timeout = 10s (default)
2019-09-26 15:39:00,557 [bcb704dc-2543-42a4-8762-cde039a55a99@group-65416477802C:LeaderElection156] INFO  server.RaftServerConfigKeys (ConfUtils.java:logGet(43)) - raft.server.watch.timeout.denomination = 1s (default)
2019-09-26 15:39:00,557 [bcb704dc-2543-42a4-8762-cde039a55a99@group-65416477802C:LeaderElection156] INFO  server.RaftServerConfigKeys (ConfUtils.java:logGet(43)) - raft.server.watch.element-limit = 65536 (default)
2019-09-26 15:39:00,558 [pool-123-thread-1] INFO  storage.RaftStorage (RaftStorage.java:format(72)) - Storage directory /workdir/hadoop-ozone/integration-test/target/test-dir/MiniOzoneClusterImpl-87962e32-e39f-4c57-b747-30c883c1cc54/datanode-0/data/ratis/922d3386-f360-4f3e-824a-2057ea9c4538 has been successfully formatted.
2019-09-26 15:39:00,558 [pool-123-thread-1] INFO  ratis.ContainerStateMachine (ContainerStateMachine.java:loadSnapshot(230)) - group-2057EA9C4538: The snapshot info is null. Setting the last applied indexto:(t:0, i:~)
2019-09-26 15:39:00,558 [pool-123-thread-1] INFO  server.RaftServerConfigKeys (ConfUtils.java:logGet(43)) - raft.server.notification.no-leader.timeout = 120s (custom)
2019-09-26 15:39:00,558 [pool-123-thread-1] INFO  server.RaftServerConfigKeys (ConfUtils.java:logGet(43)) - raft.server.log.use.memory = false (default)
2019-09-26 15:39:00,558 [pool-123-thread-1] INFO  server.RaftServerConfigKeys (ConfUtils.java:logGet(43)) - raft.server.log.purge.gap = 1000000 (custom)
2019-09-26 15:39:00,558 [pool-123-thread-1] INFO  server.RaftServerConfigKeys (ConfUtils.java:logGet(43)) - raft.server.log.appender.buffer.byte-limit = 33554432 (custom)
2019-09-26 15:39:00,559 [pool-123-thread-1] INFO  server.RaftServerConfigKeys (ConfUtils.java:logGet(43)) - raft.server.log.segment.size.max = 1048576 (custom)
2019-09-26 15:39:00,559 [pool-123-thread-1] INFO  server.RaftServerConfigKeys (ConfUtils.java:logGet(43)) - raft.server.log.segment.cache.num.max = 2 (custom)
2019-09-26 15:39:00,559 [pool-123-thread-1] INFO  segmented.SegmentedRaftLogWorker (SegmentedRaftLogWorker.java:<init>(172)) - new bcb704dc-2543-42a4-8762-cde039a55a99@group-2057EA9C4538-SegmentedRaftLogWorker for RaftStorage:Storage Directory /workdir/hadoop-ozone/integration-test/target/test-dir/MiniOzoneClusterImpl-87962e32-e39f-4c57-b747-30c883c1cc54/datanode-0/data/ratis/922d3386-f360-4f3e-824a-2057ea9c4538
2019-09-26 15:39:00,559 [bcb704dc-2543-42a4-8762-cde039a55a99@group-65416477802C:LeaderElection156] INFO  impl.RoleInfo (RoleInfo.java:updateAndGet(143)) - bcb704dc-2543-42a4-8762-cde039a55a99: start LeaderState
2019-09-26 15:39:00,559 [pool-123-thread-1] INFO  server.RaftServerConfigKeys (ConfUtils.java:logGet(43)) - raft.server.log.queue.byte-limit = 2147483647 (custom)
2019-09-26 15:39:00,559 [bcb704dc-2543-42a4-8762-cde039a55a99@group-65416477802C:LeaderElection156] INFO  segmented.SegmentedRaftLogWorker (SegmentedRaftLogWorker.java:startLogSegment(380)) - bcb704dc-2543-42a4-8762-cde039a55a99@group-65416477802C-SegmentedRaftLogWorker: Starting segment from index:0
2019-09-26 15:39:00,559 [pool-123-thread-1] INFO  server.RaftServerConfigKeys (ConfUtils.java:logGet(43)) - raft.server.log.queue.element-limit = 1024 (custom)
2019-09-26 15:39:00,560 [pool-123-thread-1] INFO  server.RaftServerConfigKeys (ConfUtils.java:logGet(43)) - raft.server.log.segment.size.max = 1048576 (custom)
2019-09-26 15:39:00,560 [pool-123-thread-1] INFO  server.RaftServerConfigKeys (ConfUtils.java:logGet(43)) - raft.server.log.preallocated.size = 16384 (custom)
2019-09-26 15:39:00,560 [bcb704dc-2543-42a4-8762-cde039a55a99@group-65416477802C:LeaderElection156] INFO  impl.RaftServerImpl (ServerState.java:setRaftConf(354)) - bcb704dc-2543-42a4-8762-cde039a55a99@group-65416477802C: set configuration 0: [bcb704dc-2543-42a4-8762-cde039a55a99:192.168.151.99:43663], old=null at 0
2019-09-26 15:39:00,560 [pool-123-thread-1] INFO  server.RaftServerConfigKeys (ConfUtils.java:logGet(43)) - raft.server.log.write.buffer.size = 33554432 (custom)
2019-09-26 15:39:00,560 [pool-123-thread-1] INFO  server.RaftServerConfigKeys (ConfUtils.java:logGet(43)) - raft.server.log.force.sync.num = 128 (default)
2019-09-26 15:39:00,560 [pool-123-thread-1] INFO  server.RaftServerConfigKeys (ConfUtils.java:logGet(43)) - raft.server.log.statemachine.data.sync = true (default)
2019-09-26 15:39:00,561 [pool-123-thread-1] INFO  server.RaftServerConfigKeys (ConfUtils.java:logGet(43)) - raft.server.log.statemachine.data.sync.timeout = 10s (default)
2019-09-26 15:39:00,561 [pool-123-thread-1] INFO  server.RaftServerConfigKeys (ConfUtils.java:logGet(43)) - raft.server.log.statemachine.data.sync.timeout.retry = -1 (default)
2019-09-26 15:39:00,561 [pool-123-thread-1] INFO  server.RaftServerConfigKeys (ConfUtils.java:logGet(43)) - raft.server.log.statemachine.data.caching.enabled = true (custom)
2019-09-26 15:39:00,561 [pool-123-thread-1] INFO  segmented.SegmentedRaftLogWorker (SegmentedRaftLogWorker.java:lambda$new$0(132)) - bcb704dc-2543-42a4-8762-cde039a55a99@group-2057EA9C4538-SegmentedRaftLogWorker: flushIndex: setUnconditionally 0 -> -1
2019-09-26 15:39:00,562 [pool-123-thread-1] INFO  server.RaftServerConfigKeys (ConfUtils.java:logGet(43)) - raft.server.snapshot.auto.trigger.enabled = true (custom)
2019-09-26 15:39:00,562 [pool-123-thread-1] INFO  server.RaftServerConfigKeys (ConfUtils.java:logGet(43)) - raft.server.snapshot.auto.trigger.threshold = 10000 (custom)
2019-09-26 15:39:00,562 [pool-123-thread-1] INFO  server.RaftServerConfigKeys (ConfUtils.java:logGet(43)) - raft.server.snapshot.retention.num.files = 5 (custom)
2019-09-26 15:39:00,562 [pool-123-thread-1] INFO  server.RaftServerConfigKeys (ConfUtils.java:logGet(43)) - raft.server.retrycache.expirytime = 600000ms (custom)
2019-09-26 15:39:00,564 [pool-123-thread-1] INFO  impl.RaftServerImpl (RaftServerImpl.java:start(185)) - bcb704dc-2543-42a4-8762-cde039a55a99@group-2057EA9C4538: start as a follower, conf=-1: [bcb704dc-2543-42a4-8762-cde039a55a99:192.168.151.99:43663], old=null
2019-09-26 15:39:00,564 [pool-123-thread-1] INFO  impl.RaftServerImpl (RaftServerImpl.java:setRole(174)) - bcb704dc-2543-42a4-8762-cde039a55a99@group-2057EA9C4538: changes role from      null to FOLLOWER at term 0 for startAsFollower
2019-09-26 15:39:00,564 [pool-123-thread-1] INFO  impl.RoleInfo (RoleInfo.java:updateAndGet(143)) - bcb704dc-2543-42a4-8762-cde039a55a99: start FollowerState
2019-09-26 15:39:00,564 [pool-123-thread-1] INFO  util.JmxRegister (JmxRegister.java:tryRegister(44)) - Successfully registered JMX Bean with object name Ratis:service=RaftServer,group=group-2057EA9C4538,id=bcb704dc-2543-42a4-8762-cde039a55a99
2019-09-26 15:39:00,566 [Thread-1969] INFO  impl.FollowerState (FollowerState.java:run(106)) - bcb704dc-2543-42a4-8762-cde039a55a99:group-5939DCBF12B5 changes to CANDIDATE, lastRpcTime:5093, electionTimeout:5093ms
2019-09-26 15:39:00,566 [Thread-1969] INFO  impl.RoleInfo (RoleInfo.java:shutdownFollowerState(121)) - bcb704dc-2543-42a4-8762-cde039a55a99: shutdown FollowerState
2019-09-26 15:39:00,566 [Thread-1969] INFO  impl.RaftServerImpl (RaftServerImpl.java:setRole(174)) - bcb704dc-2543-42a4-8762-cde039a55a99@group-5939DCBF12B5: changes role from  FOLLOWER to CANDIDATE at term 0 for changeToCandidate
2019-09-26 15:39:00,566 [Thread-1969] INFO  impl.RoleInfo (RoleInfo.java:updateAndGet(143)) - bcb704dc-2543-42a4-8762-cde039a55a99: start LeaderElection
2019-09-26 15:39:00,567 [RatisPipelineUtilsThread] INFO  pipeline.PipelineStateManager (PipelineStateManager.java:addPipeline(56)) - Created pipeline Pipeline[ Id: 922d3386-f360-4f3e-824a-2057ea9c4538, Nodes: bcb704dc-2543-42a4-8762-cde039a55a99{ip: 192.168.151.99, host: pr-hdds-1569-g6sp5-2013761785, networkLocation: /default-rack, certSerialId: null}, Type:RATIS, Factor:ONE, State:OPEN]
2019-09-26 15:39:00,571 [grpc-default-executor-0] INFO  impl.RaftServerProxy (RaftServerProxy.java:addNew(89)) - bcb704dc-2543-42a4-8762-cde039a55a99: addNew group-42C57E31B95C:[bcb704dc-2543-42a4-8762-cde039a55a99:192.168.151.99:43663] returns group-42C57E31B95C:java.util.concurrent.CompletableFuture@2a19a3f3[Not completed]
2019-09-26 15:39:00,572 [pool-123-thread-1] INFO  impl.RaftServerImpl (RaftServerImpl.java:<init>(95)) - bcb704dc-2543-42a4-8762-cde039a55a99: new RaftServerImpl for group-42C57E31B95C:[bcb704dc-2543-42a4-8762-cde039a55a99:192.168.151.99:43663] with ContainerStateMachine:uninitialized
2019-09-26 15:39:00,572 [pool-123-thread-1] INFO  server.RaftServerConfigKeys (ConfUtils.java:logGet(43)) - raft.server.rpc.timeout.min = 5s (custom)
2019-09-26 15:39:00,572 [pool-123-thread-1] INFO  server.RaftServerConfigKeys (ConfUtils.java:logGet(43)) - raft.server.rpc.timeout.max = 5200ms (custom)
2019-09-26 15:39:00,573 [pool-123-thread-1] INFO  server.RaftServerConfigKeys (ConfUtils.java:logGet(43)) - raft.server.rpcslowness.timeout = 120s (custom)
2019-09-26 15:39:00,573 [pool-123-thread-1] INFO  server.RaftServerConfigKeys (ConfUtils.java:logGet(43)) - raft.server.sleep.deviation.threshold = 300 (default)
2019-09-26 15:39:00,573 [pool-123-thread-1] INFO  server.RaftServerConfigKeys (ConfUtils.java:logGet(43)) - raft.server.log.appender.install.snapshot.enabled = false (custom)
2019-09-26 15:39:00,573 [pool-123-thread-1] INFO  impl.RaftServerImpl (ServerState.java:<init>(103)) - bcb704dc-2543-42a4-8762-cde039a55a99@group-42C57E31B95C: ConfigurationManager, init=-1: [bcb704dc-2543-42a4-8762-cde039a55a99:192.168.151.99:43663], old=null, confs=<EMPTY_MAP>
2019-09-26 15:39:00,573 [pool-123-thread-1] INFO  server.RaftServerConfigKeys (ConfUtils.java:logGet(43)) - raft.server.storage.dir = [/workdir/hadoop-ozone/integration-test/target/test-dir/MiniOzoneClusterImpl-87962e32-e39f-4c57-b747-30c883c1cc54/datanode-0/data/ratis] (custom)
2019-09-26 15:39:00,574 [pool-123-thread-1] INFO  storage.RaftStorageDirectory (RaftStorageDirectory.java:analyzeStorage(246)) - The storage directory /workdir/hadoop-ozone/integration-test/target/test-dir/MiniOzoneClusterImpl-87962e32-e39f-4c57-b747-30c883c1cc54/datanode-0/data/ratis/f3fdbe87-1b1e-4725-a56a-42c57e31b95c does not exist. Creating ...
2019-09-26 15:39:00,586 [Thread-1978] INFO  impl.FollowerState (FollowerState.java:run(106)) - bcb704dc-2543-42a4-8762-cde039a55a99:group-A7FA5E76AA67 changes to CANDIDATE, lastRpcTime:5024, electionTimeout:5024ms
2019-09-26 15:39:00,587 [Thread-1978] INFO  impl.RoleInfo (RoleInfo.java:shutdownFollowerState(121)) - bcb704dc-2543-42a4-8762-cde039a55a99: shutdown FollowerState
2019-09-26 15:39:00,587 [Thread-1978] INFO  impl.RaftServerImpl (RaftServerImpl.java:setRole(174)) - bcb704dc-2543-42a4-8762-cde039a55a99@group-A7FA5E76AA67: changes role from  FOLLOWER to CANDIDATE at term 0 for changeToCandidate
2019-09-26 15:39:00,587 [Thread-1978] INFO  impl.RoleInfo (RoleInfo.java:updateAndGet(143)) - bcb704dc-2543-42a4-8762-cde039a55a99: start LeaderElection
2019-09-26 15:39:00,587 [Thread-1975] INFO  impl.FollowerState (FollowerState.java:run(106)) - bcb704dc-2543-42a4-8762-cde039a55a99:group-96531F4000BD changes to CANDIDATE, lastRpcTime:5041, electionTimeout:5041ms
2019-09-26 15:39:00,587 [Thread-1975] INFO  impl.RoleInfo (RoleInfo.java:shutdownFollowerState(121)) - bcb704dc-2543-42a4-8762-cde039a55a99: shutdown FollowerState
2019-09-26 15:39:00,587 [Thread-1975] INFO  impl.RaftServerImpl (RaftServerImpl.java:setRole(174)) - bcb704dc-2543-42a4-8762-cde039a55a99@group-96531F4000BD: changes role from  FOLLOWER to CANDIDATE at term 0 for changeToCandidate
2019-09-26 15:39:00,587 [Thread-1975] INFO  impl.RoleInfo (RoleInfo.java:updateAndGet(143)) - bcb704dc-2543-42a4-8762-cde039a55a99: start LeaderElection
2019-09-26 15:39:00,605 [pool-123-thread-1] INFO  storage.RaftStorageDirectory (RaftStorageDirectory.java:tryLock(328)) - Lock on /workdir/hadoop-ozone/integration-test/target/test-dir/MiniOzoneClusterImpl-87962e32-e39f-4c57-b747-30c883c1cc54/datanode-0/data/ratis/f3fdbe87-1b1e-4725-a56a-42c57e31b95c/in_use.lock acquired by nodename 10626@pr-hdds-1569-g6sp5-2013761785
2019-09-26 15:39:00,615 [bcb704dc-2543-42a4-8762-cde039a55a99@group-5939DCBF12B5:LeaderElection157] INFO  impl.LeaderElection (LeaderElection.java:askForVotes(182)) - bcb704dc-2543-42a4-8762-cde039a55a99@group-5939DCBF12B5:LeaderElection157: begin an election at term 1 for -1: [bcb704dc-2543-42a4-8762-cde039a55a99:192.168.151.99:43663], old=null
2019-09-26 15:39:00,615 [bcb704dc-2543-42a4-8762-cde039a55a99@group-5939DCBF12B5:LeaderElection157] INFO  impl.RoleInfo (RoleInfo.java:shutdownLeaderElection(134)) - bcb704dc-2543-42a4-8762-cde039a55a99: shutdown LeaderElection
2019-09-26 15:39:00,616 [bcb704dc-2543-42a4-8762-cde039a55a99@group-5939DCBF12B5:LeaderElection157] INFO  impl.RaftServerImpl (RaftServerImpl.java:setRole(174)) - bcb704dc-2543-42a4-8762-cde039a55a99@group-5939DCBF12B5: changes role from CANDIDATE to LEADER at term 1 for changeToLeader
2019-09-26 15:39:00,616 [bcb704dc-2543-42a4-8762-cde039a55a99@group-5939DCBF12B5:LeaderElection157] INFO  impl.RaftServerImpl (ServerState.java:setLeader(253)) - bcb704dc-2543-42a4-8762-cde039a55a99@group-5939DCBF12B5: change Leader from null to bcb704dc-2543-42a4-8762-cde039a55a99 at term 1 for becomeLeader, leader elected after 5148ms
2019-09-26 15:39:00,616 [bcb704dc-2543-42a4-8762-cde039a55a99@group-5939DCBF12B5:LeaderElection157] INFO  server.RaftServerConfigKeys (ConfUtils.java:logGet(43)) - raft.server.staging.catchup.gap = 1000 (default)
2019-09-26 15:39:00,616 [bcb704dc-2543-42a4-8762-cde039a55a99@group-5939DCBF12B5:LeaderElection157] INFO  server.RaftServerConfigKeys (ConfUtils.java:logGet(43)) - raft.server.rpc.sleep.time = 25ms (default)
2019-09-26 15:39:00,616 [bcb704dc-2543-42a4-8762-cde039a55a99@group-5939DCBF12B5:LeaderElection157] INFO  server.RaftServerConfigKeys (ConfUtils.java:logGet(43)) - raft.server.write.element-limit = 4096 (default)
2019-09-26 15:39:00,616 [bcb704dc-2543-42a4-8762-cde039a55a99@group-5939DCBF12B5:LeaderElection157] INFO  server.RaftServerConfigKeys (ConfUtils.java:logGet(43)) - raft.server.watch.timeout = 10s (default)
2019-09-26 15:39:00,616 [bcb704dc-2543-42a4-8762-cde039a55a99@group-5939DCBF12B5:LeaderElection157] INFO  server.RaftServerConfigKeys (ConfUtils.java:logGet(43)) - raft.server.watch.timeout.denomination = 1s (default)
2019-09-26 15:39:00,617 [bcb704dc-2543-42a4-8762-cde039a55a99@group-5939DCBF12B5:LeaderElection157] INFO  server.RaftServerConfigKeys (ConfUtils.java:logGet(43)) - raft.server.watch.element-limit = 65536 (default)
2019-09-26 15:39:00,617 [bcb704dc-2543-42a4-8762-cde039a55a99@group-A7FA5E76AA67:LeaderElection158] INFO  impl.LeaderElection (LeaderElection.java:askForVotes(182)) - bcb704dc-2543-42a4-8762-cde039a55a99@group-A7FA5E76AA67:LeaderElection158: begin an election at term 1 for -1: [bcb704dc-2543-42a4-8762-cde039a55a99:192.168.151.99:43663], old=null
2019-09-26 15:39:00,617 [bcb704dc-2543-42a4-8762-cde039a55a99@group-A7FA5E76AA67:LeaderElection158] INFO  impl.RoleInfo (RoleInfo.java:shutdownLeaderElection(134)) - bcb704dc-2543-42a4-8762-cde039a55a99: shutdown LeaderElection
2019-09-26 15:39:00,617 [bcb704dc-2543-42a4-8762-cde039a55a99@group-A7FA5E76AA67:LeaderElection158] INFO  impl.RaftServerImpl (RaftServerImpl.java:setRole(174)) - bcb704dc-2543-42a4-8762-cde039a55a99@group-A7FA5E76AA67: changes role from CANDIDATE to LEADER at term 1 for changeToLeader
2019-09-26 15:39:00,618 [bcb704dc-2543-42a4-8762-cde039a55a99@group-A7FA5E76AA67:LeaderElection158] INFO  impl.RaftServerImpl (ServerState.java:setLeader(253)) - bcb704dc-2543-42a4-8762-cde039a55a99@group-A7FA5E76AA67: change Leader from null to bcb704dc-2543-42a4-8762-cde039a55a99 at term 1 for becomeLeader, leader elected after 5058ms
2019-09-26 15:39:00,618 [bcb704dc-2543-42a4-8762-cde039a55a99@group-A7FA5E76AA67:LeaderElection158] INFO  server.RaftServerConfigKeys (ConfUtils.java:logGet(43)) - raft.server.staging.catchup.gap = 1000 (default)
2019-09-26 15:39:00,618 [bcb704dc-2543-42a4-8762-cde039a55a99@group-A7FA5E76AA67:LeaderElection158] INFO  server.RaftServerConfigKeys (ConfUtils.java:logGet(43)) - raft.server.rpc.sleep.time = 25ms (default)
2019-09-26 15:39:00,618 [bcb704dc-2543-42a4-8762-cde039a55a99@group-A7FA5E76AA67:LeaderElection158] INFO  server.RaftServerConfigKeys (ConfUtils.java:logGet(43)) - raft.server.write.element-limit = 4096 (default)
2019-09-26 15:39:00,618 [bcb704dc-2543-42a4-8762-cde039a55a99@group-A7FA5E76AA67:LeaderElection158] INFO  server.RaftServerConfigKeys (ConfUtils.java:logGet(43)) - raft.server.watch.timeout = 10s (default)
2019-09-26 15:39:00,618 [bcb704dc-2543-42a4-8762-cde039a55a99@group-A7FA5E76AA67:LeaderElection158] INFO  server.RaftServerConfigKeys (ConfUtils.java:logGet(43)) - raft.server.watch.timeout.denomination = 1s (default)
2019-09-26 15:39:00,618 [bcb704dc-2543-42a4-8762-cde039a55a99@group-5939DCBF12B5:LeaderElection157] INFO  impl.RoleInfo (RoleInfo.java:updateAndGet(143)) - bcb704dc-2543-42a4-8762-cde039a55a99: start LeaderState
2019-09-26 15:39:00,618 [bcb704dc-2543-42a4-8762-cde039a55a99@group-A7FA5E76AA67:LeaderElection158] INFO  server.RaftServerConfigKeys (ConfUtils.java:logGet(43)) - raft.server.watch.element-limit = 65536 (default)
2019-09-26 15:39:00,619 [bcb704dc-2543-42a4-8762-cde039a55a99@group-5939DCBF12B5:LeaderElection157] INFO  segmented.SegmentedRaftLogWorker (SegmentedRaftLogWorker.java:startLogSegment(380)) - bcb704dc-2543-42a4-8762-cde039a55a99@group-5939DCBF12B5-SegmentedRaftLogWorker: Starting segment from index:0
2019-09-26 15:39:00,619 [bcb704dc-2543-42a4-8762-cde039a55a99@group-5939DCBF12B5:LeaderElection157] INFO  impl.RaftServerImpl (ServerState.java:setRaftConf(354)) - bcb704dc-2543-42a4-8762-cde039a55a99@group-5939DCBF12B5: set configuration 0: [bcb704dc-2543-42a4-8762-cde039a55a99:192.168.151.99:43663], old=null at 0
2019-09-26 15:39:00,620 [bcb704dc-2543-42a4-8762-cde039a55a99@group-A7FA5E76AA67:LeaderElection158] INFO  impl.RoleInfo (RoleInfo.java:updateAndGet(143)) - bcb704dc-2543-42a4-8762-cde039a55a99: start LeaderState
2019-09-26 15:39:00,620 [bcb704dc-2543-42a4-8762-cde039a55a99@group-A7FA5E76AA67:LeaderElection158] INFO  segmented.SegmentedRaftLogWorker (SegmentedRaftLogWorker.java:startLogSegment(380)) - bcb704dc-2543-42a4-8762-cde039a55a99@group-A7FA5E76AA67-SegmentedRaftLogWorker: Starting segment from index:0
2019-09-26 15:39:00,620 [bcb704dc-2543-42a4-8762-cde039a55a99@group-A7FA5E76AA67:LeaderElection158] INFO  impl.RaftServerImpl (ServerState.java:setRaftConf(354)) - bcb704dc-2543-42a4-8762-cde039a55a99@group-A7FA5E76AA67: set configuration 0: [bcb704dc-2543-42a4-8762-cde039a55a99:192.168.151.99:43663], old=null at 0
2019-09-26 15:39:00,621 [bcb704dc-2543-42a4-8762-cde039a55a99@group-65416477802C-SegmentedRaftLogWorker] INFO  segmented.SegmentedRaftLogWorker (SegmentedRaftLogWorker.java:execute(569)) - bcb704dc-2543-42a4-8762-cde039a55a99@group-65416477802C-SegmentedRaftLogWorker: created new log segment /workdir/hadoop-ozone/integration-test/target/test-dir/MiniOzoneClusterImpl-87962e32-e39f-4c57-b747-30c883c1cc54/datanode-0/data/ratis/da491f87-c677-4a76-9068-65416477802c/current/log_inprogress_0
2019-09-26 15:39:00,621 [bcb704dc-2543-42a4-8762-cde039a55a99@group-96531F4000BD:LeaderElection159] INFO  impl.LeaderElection (LeaderElection.java:askForVotes(182)) - bcb704dc-2543-42a4-8762-cde039a55a99@group-96531F4000BD:LeaderElection159: begin an election at term 1 for -1: [bcb704dc-2543-42a4-8762-cde039a55a99:192.168.151.99:43663], old=null
2019-09-26 15:39:00,621 [pool-123-thread-1] INFO  storage.RaftStorage (RaftStorage.java:format(72)) - Storage directory /workdir/hadoop-ozone/integration-test/target/test-dir/MiniOzoneClusterImpl-87962e32-e39f-4c57-b747-30c883c1cc54/datanode-0/data/ratis/f3fdbe87-1b1e-4725-a56a-42c57e31b95c has been successfully formatted.
2019-09-26 15:39:00,621 [bcb704dc-2543-42a4-8762-cde039a55a99@group-96531F4000BD:LeaderElection159] INFO  impl.RoleInfo (RoleInfo.java:shutdownLeaderElection(134)) - bcb704dc-2543-42a4-8762-cde039a55a99: shutdown LeaderElection
2019-09-26 15:39:00,621 [pool-123-thread-1] INFO  ratis.ContainerStateMachine (ContainerStateMachine.java:loadSnapshot(230)) - group-42C57E31B95C: The snapshot info is null. Setting the last applied indexto:(t:0, i:~)
2019-09-26 15:39:00,621 [bcb704dc-2543-42a4-8762-cde039a55a99@group-96531F4000BD:LeaderElection159] INFO  impl.RaftServerImpl (RaftServerImpl.java:setRole(174)) - bcb704dc-2543-42a4-8762-cde039a55a99@group-96531F4000BD: changes role from CANDIDATE to LEADER at term 1 for changeToLeader
2019-09-26 15:39:00,621 [pool-123-thread-1] INFO  server.RaftServerConfigKeys (ConfUtils.java:logGet(43)) - raft.server.notification.no-leader.timeout = 120s (custom)
2019-09-26 15:39:00,621 [bcb704dc-2543-42a4-8762-cde039a55a99@group-96531F4000BD:LeaderElection159] INFO  impl.RaftServerImpl (ServerState.java:setLeader(253)) - bcb704dc-2543-42a4-8762-cde039a55a99@group-96531F4000BD: change Leader from null to bcb704dc-2543-42a4-8762-cde039a55a99 at term 1 for becomeLeader, leader elected after 5079ms
2019-09-26 15:39:00,622 [pool-123-thread-1] INFO  server.RaftServerConfigKeys (ConfUtils.java:logGet(43)) - raft.server.log.use.memory = false (default)
2019-09-26 15:39:00,622 [bcb704dc-2543-42a4-8762-cde039a55a99@group-96531F4000BD:LeaderElection159] INFO  server.RaftServerConfigKeys (ConfUtils.java:logGet(43)) - raft.server.staging.catchup.gap = 1000 (default)
2019-09-26 15:39:00,622 [pool-123-thread-1] INFO  server.RaftServerConfigKeys (ConfUtils.java:logGet(43)) - raft.server.log.purge.gap = 1000000 (custom)
2019-09-26 15:39:00,622 [bcb704dc-2543-42a4-8762-cde039a55a99@group-96531F4000BD:LeaderElection159] INFO  server.RaftServerConfigKeys (ConfUtils.java:logGet(43)) - raft.server.rpc.sleep.time = 25ms (default)
2019-09-26 15:39:00,622 [pool-123-thread-1] INFO  server.RaftServerConfigKeys (ConfUtils.java:logGet(43)) - raft.server.log.appender.buffer.byte-limit = 33554432 (custom)
2019-09-26 15:39:00,622 [bcb704dc-2543-42a4-8762-cde039a55a99@group-96531F4000BD:LeaderElection159] INFO  server.RaftServerConfigKeys (ConfUtils.java:logGet(43)) - raft.server.write.element-limit = 4096 (default)
2019-09-26 15:39:00,622 [pool-123-thread-1] INFO  server.RaftServerConfigKeys (ConfUtils.java:logGet(43)) - raft.server.log.segment.size.max = 1048576 (custom)
2019-09-26 15:39:00,623 [bcb704dc-2543-42a4-8762-cde039a55a99@group-96531F4000BD:LeaderElection159] INFO  server.RaftServerConfigKeys (ConfUtils.java:logGet(43)) - raft.server.watch.timeout = 10s (default)
2019-09-26 15:39:00,623 [pool-123-thread-1] INFO  server.RaftServerConfigKeys (ConfUtils.java:logGet(43)) - raft.server.log.segment.cache.num.max = 2 (custom)
2019-09-26 15:39:00,623 [bcb704dc-2543-42a4-8762-cde039a55a99@group-96531F4000BD:LeaderElection159] INFO  server.RaftServerConfigKeys (ConfUtils.java:logGet(43)) - raft.server.watch.timeout.denomination = 1s (default)
2019-09-26 15:39:00,623 [pool-123-thread-1] INFO  segmented.SegmentedRaftLogWorker (SegmentedRaftLogWorker.java:<init>(172)) - new bcb704dc-2543-42a4-8762-cde039a55a99@group-42C57E31B95C-SegmentedRaftLogWorker for RaftStorage:Storage Directory /workdir/hadoop-ozone/integration-test/target/test-dir/MiniOzoneClusterImpl-87962e32-e39f-4c57-b747-30c883c1cc54/datanode-0/data/ratis/f3fdbe87-1b1e-4725-a56a-42c57e31b95c
2019-09-26 15:39:00,623 [bcb704dc-2543-42a4-8762-cde039a55a99@group-96531F4000BD:LeaderElection159] INFO  server.RaftServerConfigKeys (ConfUtils.java:logGet(43)) - raft.server.watch.element-limit = 65536 (default)
2019-09-26 15:39:00,623 [pool-123-thread-1] INFO  server.RaftServerConfigKeys (ConfUtils.java:logGet(43)) - raft.server.log.queue.byte-limit = 2147483647 (custom)
2019-09-26 15:39:00,623 [pool-123-thread-1] INFO  server.RaftServerConfigKeys (ConfUtils.java:logGet(43)) - raft.server.log.queue.element-limit = 1024 (custom)
2019-09-26 15:39:00,624 [pool-123-thread-1] INFO  server.RaftServerConfigKeys (ConfUtils.java:logGet(43)) - raft.server.log.segment.size.max = 1048576 (custom)
2019-09-26 15:39:00,624 [pool-123-thread-1] INFO  server.RaftServerConfigKeys (ConfUtils.java:logGet(43)) - raft.server.log.preallocated.size = 16384 (custom)
2019-09-26 15:39:00,624 [pool-123-thread-1] INFO  server.RaftServerConfigKeys (ConfUtils.java:logGet(43)) - raft.server.log.write.buffer.size = 33554432 (custom)
2019-09-26 15:39:00,624 [pool-123-thread-1] INFO  server.RaftServerConfigKeys (ConfUtils.java:logGet(43)) - raft.server.log.force.sync.num = 128 (default)
2019-09-26 15:39:00,624 [pool-123-thread-1] INFO  server.RaftServerConfigKeys (ConfUtils.java:logGet(43)) - raft.server.log.statemachine.data.sync = true (default)
2019-09-26 15:39:00,624 [pool-123-thread-1] INFO  server.RaftServerConfigKeys (ConfUtils.java:logGet(43)) - raft.server.log.statemachine.data.sync.timeout = 10s (default)
2019-09-26 15:39:00,624 [pool-123-thread-1] INFO  server.RaftServerConfigKeys (ConfUtils.java:logGet(43)) - raft.server.log.statemachine.data.sync.timeout.retry = -1 (default)
2019-09-26 15:39:00,624 [pool-123-thread-1] INFO  server.RaftServerConfigKeys (ConfUtils.java:logGet(43)) - raft.server.log.statemachine.data.caching.enabled = true (custom)
2019-09-26 15:39:00,625 [pool-123-thread-1] INFO  segmented.SegmentedRaftLogWorker (SegmentedRaftLogWorker.java:lambda$new$0(132)) - bcb704dc-2543-42a4-8762-cde039a55a99@group-42C57E31B95C-SegmentedRaftLogWorker: flushIndex: setUnconditionally 0 -> -1
2019-09-26 15:39:00,625 [bcb704dc-2543-42a4-8762-cde039a55a99@group-96531F4000BD:LeaderElection159] INFO  impl.RoleInfo (RoleInfo.java:updateAndGet(143)) - bcb704dc-2543-42a4-8762-cde039a55a99: start LeaderState
2019-09-26 15:39:00,625 [pool-123-thread-1] INFO  server.RaftServerConfigKeys (ConfUtils.java:logGet(43)) - raft.server.snapshot.auto.trigger.enabled = true (custom)
2019-09-26 15:39:00,625 [bcb704dc-2543-42a4-8762-cde039a55a99@group-96531F4000BD:LeaderElection159] INFO  segmented.SegmentedRaftLogWorker (SegmentedRaftLogWorker.java:startLogSegment(380)) - bcb704dc-2543-42a4-8762-cde039a55a99@group-96531F4000BD-SegmentedRaftLogWorker: Starting segment from index:0
2019-09-26 15:39:00,625 [pool-123-thread-1] INFO  server.RaftServerConfigKeys (ConfUtils.java:logGet(43)) - raft.server.snapshot.auto.trigger.threshold = 10000 (custom)
2019-09-26 15:39:00,625 [pool-123-thread-1] INFO  server.RaftServerConfigKeys (ConfUtils.java:logGet(43)) - raft.server.snapshot.retention.num.files = 5 (custom)
2019-09-26 15:39:00,626 [pool-123-thread-1] INFO  server.RaftServerConfigKeys (ConfUtils.java:logGet(43)) - raft.server.retrycache.expirytime = 600000ms (custom)
2019-09-26 15:39:00,626 [bcb704dc-2543-42a4-8762-cde039a55a99@group-96531F4000BD:LeaderElection159] INFO  impl.RaftServerImpl (ServerState.java:setRaftConf(354)) - bcb704dc-2543-42a4-8762-cde039a55a99@group-96531F4000BD: set configuration 0: [bcb704dc-2543-42a4-8762-cde039a55a99:192.168.151.99:43663], old=null at 0
2019-09-26 15:39:00,627 [pool-123-thread-1] INFO  impl.RaftServerImpl (RaftServerImpl.java:start(185)) - bcb704dc-2543-42a4-8762-cde039a55a99@group-42C57E31B95C: start as a follower, conf=-1: [bcb704dc-2543-42a4-8762-cde039a55a99:192.168.151.99:43663], old=null
2019-09-26 15:39:00,627 [pool-123-thread-1] INFO  impl.RaftServerImpl (RaftServerImpl.java:setRole(174)) - bcb704dc-2543-42a4-8762-cde039a55a99@group-42C57E31B95C: changes role from      null to FOLLOWER at term 0 for startAsFollower
2019-09-26 15:39:00,627 [pool-123-thread-1] INFO  impl.RoleInfo (RoleInfo.java:updateAndGet(143)) - bcb704dc-2543-42a4-8762-cde039a55a99: start FollowerState
2019-09-26 15:39:00,628 [pool-123-thread-1] INFO  util.JmxRegister (JmxRegister.java:tryRegister(44)) - Successfully registered JMX Bean with object name Ratis:service=RaftServer,group=group-42C57E31B95C,id=bcb704dc-2543-42a4-8762-cde039a55a99
2019-09-26 15:39:00,630 [RatisPipelineUtilsThread] INFO  pipeline.PipelineStateManager (PipelineStateManager.java:addPipeline(56)) - Created pipeline Pipeline[ Id: f3fdbe87-1b1e-4725-a56a-42c57e31b95c, Nodes: bcb704dc-2543-42a4-8762-cde039a55a99{ip: 192.168.151.99, host: pr-hdds-1569-g6sp5-2013761785, networkLocation: /default-rack, certSerialId: null}, Type:RATIS, Factor:ONE, State:OPEN]
2019-09-26 15:39:00,635 [grpc-default-executor-0] INFO  impl.RaftServerProxy (RaftServerProxy.java:addNew(89)) - bcb704dc-2543-42a4-8762-cde039a55a99: addNew group-071C3AE303E0:[bcb704dc-2543-42a4-8762-cde039a55a99:192.168.151.99:43663] returns group-071C3AE303E0:java.util.concurrent.CompletableFuture@7f7758c5[Not completed]
2019-09-26 15:39:00,636 [pool-123-thread-1] INFO  impl.RaftServerImpl (RaftServerImpl.java:<init>(95)) - bcb704dc-2543-42a4-8762-cde039a55a99: new RaftServerImpl for group-071C3AE303E0:[bcb704dc-2543-42a4-8762-cde039a55a99:192.168.151.99:43663] with ContainerStateMachine:uninitialized
2019-09-26 15:39:00,636 [pool-123-thread-1] INFO  server.RaftServerConfigKeys (ConfUtils.java:logGet(43)) - raft.server.rpc.timeout.min = 5s (custom)
2019-09-26 15:39:00,636 [pool-123-thread-1] INFO  server.RaftServerConfigKeys (ConfUtils.java:logGet(43)) - raft.server.rpc.timeout.max = 5200ms (custom)
2019-09-26 15:39:00,636 [pool-123-thread-1] INFO  server.RaftServerConfigKeys (ConfUtils.java:logGet(43)) - raft.server.rpcslowness.timeout = 120s (custom)
2019-09-26 15:39:00,636 [pool-123-thread-1] INFO  server.RaftServerConfigKeys (ConfUtils.java:logGet(43)) - raft.server.sleep.deviation.threshold = 300 (default)
2019-09-26 15:39:00,636 [pool-123-thread-1] INFO  server.RaftServerConfigKeys (ConfUtils.java:logGet(43)) - raft.server.log.appender.install.snapshot.enabled = false (custom)
2019-09-26 15:39:00,636 [pool-123-thread-1] INFO  impl.RaftServerImpl (ServerState.java:<init>(103)) - bcb704dc-2543-42a4-8762-cde039a55a99@group-071C3AE303E0: ConfigurationManager, init=-1: [bcb704dc-2543-42a4-8762-cde039a55a99:192.168.151.99:43663], old=null, confs=<EMPTY_MAP>
2019-09-26 15:39:00,636 [pool-123-thread-1] INFO  server.RaftServerConfigKeys (ConfUtils.java:logGet(43)) - raft.server.storage.dir = [/workdir/hadoop-ozone/integration-test/target/test-dir/MiniOzoneClusterImpl-87962e32-e39f-4c57-b747-30c883c1cc54/datanode-0/data/ratis] (custom)
2019-09-26 15:39:00,638 [pool-123-thread-1] INFO  storage.RaftStorageDirectory (RaftStorageDirectory.java:analyzeStorage(246)) - The storage directory /workdir/hadoop-ozone/integration-test/target/test-dir/MiniOzoneClusterImpl-87962e32-e39f-4c57-b747-30c883c1cc54/datanode-0/data/ratis/f06affd0-235b-4abf-8dac-071c3ae303e0 does not exist. Creating ...
2019-09-26 15:39:00,645 [Thread-1972] INFO  impl.FollowerState (FollowerState.java:run(106)) - bcb704dc-2543-42a4-8762-cde039a55a99:group-213A0DCAA528 changes to CANDIDATE, lastRpcTime:5134, electionTimeout:5134ms
2019-09-26 15:39:00,645 [Thread-1972] INFO  impl.RoleInfo (RoleInfo.java:shutdownFollowerState(121)) - bcb704dc-2543-42a4-8762-cde039a55a99: shutdown FollowerState
2019-09-26 15:39:00,645 [Thread-1972] INFO  impl.RaftServerImpl (RaftServerImpl.java:setRole(174)) - bcb704dc-2543-42a4-8762-cde039a55a99@group-213A0DCAA528: changes role from  FOLLOWER to CANDIDATE at term 0 for changeToCandidate
2019-09-26 15:39:00,645 [Thread-1972] INFO  impl.RoleInfo (RoleInfo.java:updateAndGet(143)) - bcb704dc-2543-42a4-8762-cde039a55a99: start LeaderElection
2019-09-26 15:39:00,671 [pool-123-thread-1] INFO  storage.RaftStorageDirectory (RaftStorageDirectory.java:tryLock(328)) - Lock on /workdir/hadoop-ozone/integration-test/target/test-dir/MiniOzoneClusterImpl-87962e32-e39f-4c57-b747-30c883c1cc54/datanode-0/data/ratis/f06affd0-235b-4abf-8dac-071c3ae303e0/in_use.lock acquired by nodename 10626@pr-hdds-1569-g6sp5-2013761785
2019-09-26 15:39:00,684 [bcb704dc-2543-42a4-8762-cde039a55a99@group-213A0DCAA528:LeaderElection160] INFO  impl.LeaderElection (LeaderElection.java:askForVotes(182)) - bcb704dc-2543-42a4-8762-cde039a55a99@group-213A0DCAA528:LeaderElection160: begin an election at term 1 for -1: [bcb704dc-2543-42a4-8762-cde039a55a99:192.168.151.99:43663], old=null
2019-09-26 15:39:00,685 [bcb704dc-2543-42a4-8762-cde039a55a99@group-213A0DCAA528:LeaderElection160] INFO  impl.RoleInfo (RoleInfo.java:shutdownLeaderElection(134)) - bcb704dc-2543-42a4-8762-cde039a55a99: shutdown LeaderElection
2019-09-26 15:39:00,685 [bcb704dc-2543-42a4-8762-cde039a55a99@group-213A0DCAA528:LeaderElection160] INFO  impl.RaftServerImpl (RaftServerImpl.java:setRole(174)) - bcb704dc-2543-42a4-8762-cde039a55a99@group-213A0DCAA528: changes role from CANDIDATE to LEADER at term 1 for changeToLeader
2019-09-26 15:39:00,685 [bcb704dc-2543-42a4-8762-cde039a55a99@group-213A0DCAA528:LeaderElection160] INFO  impl.RaftServerImpl (ServerState.java:setLeader(253)) - bcb704dc-2543-42a4-8762-cde039a55a99@group-213A0DCAA528: change Leader from null to bcb704dc-2543-42a4-8762-cde039a55a99 at term 1 for becomeLeader, leader elected after 5177ms
2019-09-26 15:39:00,685 [bcb704dc-2543-42a4-8762-cde039a55a99@group-213A0DCAA528:LeaderElection160] INFO  server.RaftServerConfigKeys (ConfUtils.java:logGet(43)) - raft.server.staging.catchup.gap = 1000 (default)
2019-09-26 15:39:00,685 [bcb704dc-2543-42a4-8762-cde039a55a99@group-213A0DCAA528:LeaderElection160] INFO  server.RaftServerConfigKeys (ConfUtils.java:logGet(43)) - raft.server.rpc.sleep.time = 25ms (default)
2019-09-26 15:39:00,685 [bcb704dc-2543-42a4-8762-cde039a55a99@group-96531F4000BD-SegmentedRaftLogWorker] INFO  segmented.SegmentedRaftLogWorker (SegmentedRaftLogWorker.java:execute(569)) - bcb704dc-2543-42a4-8762-cde039a55a99@group-96531F4000BD-SegmentedRaftLogWorker: created new log segment /workdir/hadoop-ozone/integration-test/target/test-dir/MiniOzoneClusterImpl-87962e32-e39f-4c57-b747-30c883c1cc54/datanode-0/data/ratis/76f388ab-e2c5-4ab9-abc8-96531f4000bd/current/log_inprogress_0
2019-09-26 15:39:00,685 [bcb704dc-2543-42a4-8762-cde039a55a99@group-213A0DCAA528:LeaderElection160] INFO  server.RaftServerConfigKeys (ConfUtils.java:logGet(43)) - raft.server.write.element-limit = 4096 (default)
2019-09-26 15:39:00,685 [bcb704dc-2543-42a4-8762-cde039a55a99@group-213A0DCAA528:LeaderElection160] INFO  server.RaftServerConfigKeys (ConfUtils.java:logGet(43)) - raft.server.watch.timeout = 10s (default)
2019-09-26 15:39:00,685 [bcb704dc-2543-42a4-8762-cde039a55a99@group-5939DCBF12B5-SegmentedRaftLogWorker] INFO  segmented.SegmentedRaftLogWorker (SegmentedRaftLogWorker.java:execute(569)) - bcb704dc-2543-42a4-8762-cde039a55a99@group-5939DCBF12B5-SegmentedRaftLogWorker: created new log segment /workdir/hadoop-ozone/integration-test/target/test-dir/MiniOzoneClusterImpl-87962e32-e39f-4c57-b747-30c883c1cc54/datanode-0/data/ratis/30e53193-4a41-45b7-afaf-5939dcbf12b5/current/log_inprogress_0
2019-09-26 15:39:00,685 [bcb704dc-2543-42a4-8762-cde039a55a99@group-A7FA5E76AA67-SegmentedRaftLogWorker] INFO  segmented.SegmentedRaftLogWorker (SegmentedRaftLogWorker.java:execute(569)) - bcb704dc-2543-42a4-8762-cde039a55a99@group-A7FA5E76AA67-SegmentedRaftLogWorker: created new log segment /workdir/hadoop-ozone/integration-test/target/test-dir/MiniOzoneClusterImpl-87962e32-e39f-4c57-b747-30c883c1cc54/datanode-0/data/ratis/5f69151f-43b6-4e21-9aba-a7fa5e76aa67/current/log_inprogress_0
2019-09-26 15:39:00,686 [bcb704dc-2543-42a4-8762-cde039a55a99@group-213A0DCAA528:LeaderElection160] INFO  server.RaftServerConfigKeys (ConfUtils.java:logGet(43)) - raft.server.watch.timeout.denomination = 1s (default)
2019-09-26 15:39:00,686 [bcb704dc-2543-42a4-8762-cde039a55a99@group-213A0DCAA528:LeaderElection160] INFO  server.RaftServerConfigKeys (ConfUtils.java:logGet(43)) - raft.server.watch.element-limit = 65536 (default)
2019-09-26 15:39:00,688 [bcb704dc-2543-42a4-8762-cde039a55a99@group-213A0DCAA528:LeaderElection160] INFO  impl.RoleInfo (RoleInfo.java:updateAndGet(143)) - bcb704dc-2543-42a4-8762-cde039a55a99: start LeaderState
2019-09-26 15:39:00,688 [bcb704dc-2543-42a4-8762-cde039a55a99@group-213A0DCAA528:LeaderElection160] INFO  segmented.SegmentedRaftLogWorker (SegmentedRaftLogWorker.java:startLogSegment(380)) - bcb704dc-2543-42a4-8762-cde039a55a99@group-213A0DCAA528-SegmentedRaftLogWorker: Starting segment from index:0
2019-09-26 15:39:00,688 [bcb704dc-2543-42a4-8762-cde039a55a99@group-213A0DCAA528:LeaderElection160] INFO  impl.RaftServerImpl (ServerState.java:setRaftConf(354)) - bcb704dc-2543-42a4-8762-cde039a55a99@group-213A0DCAA528: set configuration 0: [bcb704dc-2543-42a4-8762-cde039a55a99:192.168.151.99:43663], old=null at 0
2019-09-26 15:39:00,701 [pool-123-thread-1] INFO  storage.RaftStorage (RaftStorage.java:format(72)) - Storage directory /workdir/hadoop-ozone/integration-test/target/test-dir/MiniOzoneClusterImpl-87962e32-e39f-4c57-b747-30c883c1cc54/datanode-0/data/ratis/f06affd0-235b-4abf-8dac-071c3ae303e0 has been successfully formatted.
2019-09-26 15:39:00,701 [pool-123-thread-1] INFO  ratis.ContainerStateMachine (ContainerStateMachine.java:loadSnapshot(230)) - group-071C3AE303E0: The snapshot info is null. Setting the last applied indexto:(t:0, i:~)
2019-09-26 15:39:00,701 [pool-123-thread-1] INFO  server.RaftServerConfigKeys (ConfUtils.java:logGet(43)) - raft.server.notification.no-leader.timeout = 120s (custom)
2019-09-26 15:39:00,701 [pool-123-thread-1] INFO  server.RaftServerConfigKeys (ConfUtils.java:logGet(43)) - raft.server.log.use.memory = false (default)
2019-09-26 15:39:00,701 [pool-123-thread-1] INFO  server.RaftServerConfigKeys (ConfUtils.java:logGet(43)) - raft.server.log.purge.gap = 1000000 (custom)
2019-09-26 15:39:00,701 [pool-123-thread-1] INFO  server.RaftServerConfigKeys (ConfUtils.java:logGet(43)) - raft.server.log.appender.buffer.byte-limit = 33554432 (custom)
2019-09-26 15:39:00,702 [pool-123-thread-1] INFO  server.RaftServerConfigKeys (ConfUtils.java:logGet(43)) - raft.server.log.segment.size.max = 1048576 (custom)
2019-09-26 15:39:00,702 [pool-123-thread-1] INFO  server.RaftServerConfigKeys (ConfUtils.java:logGet(43)) - raft.server.log.segment.cache.num.max = 2 (custom)
2019-09-26 15:39:00,702 [pool-123-thread-1] INFO  segmented.SegmentedRaftLogWorker (SegmentedRaftLogWorker.java:<init>(172)) - new bcb704dc-2543-42a4-8762-cde039a55a99@group-071C3AE303E0-SegmentedRaftLogWorker for RaftStorage:Storage Directory /workdir/hadoop-ozone/integration-test/target/test-dir/MiniOzoneClusterImpl-87962e32-e39f-4c57-b747-30c883c1cc54/datanode-0/data/ratis/f06affd0-235b-4abf-8dac-071c3ae303e0
2019-09-26 15:39:00,702 [pool-123-thread-1] INFO  server.RaftServerConfigKeys (ConfUtils.java:logGet(43)) - raft.server.log.queue.byte-limit = 2147483647 (custom)
2019-09-26 15:39:00,702 [pool-123-thread-1] INFO  server.RaftServerConfigKeys (ConfUtils.java:logGet(43)) - raft.server.log.queue.element-limit = 1024 (custom)
2019-09-26 15:39:00,702 [pool-123-thread-1] INFO  server.RaftServerConfigKeys (ConfUtils.java:logGet(43)) - raft.server.log.segment.size.max = 1048576 (custom)
2019-09-26 15:39:00,702 [pool-123-thread-1] INFO  server.RaftServerConfigKeys (ConfUtils.java:logGet(43)) - raft.server.log.preallocated.size = 16384 (custom)
2019-09-26 15:39:00,703 [pool-123-thread-1] INFO  server.RaftServerConfigKeys (ConfUtils.java:logGet(43)) - raft.server.log.write.buffer.size = 33554432 (custom)
2019-09-26 15:39:00,703 [pool-123-thread-1] INFO  server.RaftServerConfigKeys (ConfUtils.java:logGet(43)) - raft.server.log.force.sync.num = 128 (default)
2019-09-26 15:39:00,703 [pool-123-thread-1] INFO  server.RaftServerConfigKeys (ConfUtils.java:logGet(43)) - raft.server.log.statemachine.data.sync = true (default)
2019-09-26 15:39:00,703 [pool-123-thread-1] INFO  server.RaftServerConfigKeys (ConfUtils.java:logGet(43)) - raft.server.log.statemachine.data.sync.timeout = 10s (default)
2019-09-26 15:39:00,703 [pool-123-thread-1] INFO  server.RaftServerConfigKeys (ConfUtils.java:logGet(43)) - raft.server.log.statemachine.data.sync.timeout.retry = -1 (default)
2019-09-26 15:39:00,703 [pool-123-thread-1] INFO  server.RaftServerConfigKeys (ConfUtils.java:logGet(43)) - raft.server.log.statemachine.data.caching.enabled = true (custom)
2019-09-26 15:39:00,703 [pool-123-thread-1] INFO  segmented.SegmentedRaftLogWorker (SegmentedRaftLogWorker.java:lambda$new$0(132)) - bcb704dc-2543-42a4-8762-cde039a55a99@group-071C3AE303E0-SegmentedRaftLogWorker: flushIndex: setUnconditionally 0 -> -1
2019-09-26 15:39:00,704 [pool-123-thread-1] INFO  server.RaftServerConfigKeys (ConfUtils.java:logGet(43)) - raft.server.snapshot.auto.trigger.enabled = true (custom)
2019-09-26 15:39:00,704 [pool-123-thread-1] INFO  server.RaftServerConfigKeys (ConfUtils.java:logGet(43)) - raft.server.snapshot.auto.trigger.threshold = 10000 (custom)
2019-09-26 15:39:00,704 [pool-123-thread-1] INFO  server.RaftServerConfigKeys (ConfUtils.java:logGet(43)) - raft.server.snapshot.retention.num.files = 5 (custom)
2019-09-26 15:39:00,704 [pool-123-thread-1] INFO  server.RaftServerConfigKeys (ConfUtils.java:logGet(43)) - raft.server.retrycache.expirytime = 600000ms (custom)
2019-09-26 15:39:00,706 [pool-123-thread-1] INFO  impl.RaftServerImpl (RaftServerImpl.java:start(185)) - bcb704dc-2543-42a4-8762-cde039a55a99@group-071C3AE303E0: start as a follower, conf=-1: [bcb704dc-2543-42a4-8762-cde039a55a99:192.168.151.99:43663], old=null
2019-09-26 15:39:00,706 [pool-123-thread-1] INFO  impl.RaftServerImpl (RaftServerImpl.java:setRole(174)) - bcb704dc-2543-42a4-8762-cde039a55a99@group-071C3AE303E0: changes role from      null to FOLLOWER at term 0 for startAsFollower
2019-09-26 15:39:00,706 [pool-123-thread-1] INFO  impl.RoleInfo (RoleInfo.java:updateAndGet(143)) - bcb704dc-2543-42a4-8762-cde039a55a99: start FollowerState
2019-09-26 15:39:00,706 [pool-123-thread-1] INFO  util.JmxRegister (JmxRegister.java:tryRegister(44)) - Successfully registered JMX Bean with object name Ratis:service=RaftServer,group=group-071C3AE303E0,id=bcb704dc-2543-42a4-8762-cde039a55a99
2019-09-26 15:39:00,708 [RatisPipelineUtilsThread] INFO  pipeline.PipelineStateManager (PipelineStateManager.java:addPipeline(56)) - Created pipeline Pipeline[ Id: f06affd0-235b-4abf-8dac-071c3ae303e0, Nodes: bcb704dc-2543-42a4-8762-cde039a55a99{ip: 192.168.151.99, host: pr-hdds-1569-g6sp5-2013761785, networkLocation: /default-rack, certSerialId: null}, Type:RATIS, Factor:ONE, State:OPEN]
2019-09-26 15:39:00,712 [grpc-default-executor-0] INFO  impl.RaftServerProxy (RaftServerProxy.java:addNew(89)) - bcb704dc-2543-42a4-8762-cde039a55a99: addNew group-C4D905E4103A:[bcb704dc-2543-42a4-8762-cde039a55a99:192.168.151.99:43663] returns group-C4D905E4103A:java.util.concurrent.CompletableFuture@2e29df97[Not completed]
2019-09-26 15:39:00,713 [pool-123-thread-1] INFO  impl.RaftServerImpl (RaftServerImpl.java:<init>(95)) - bcb704dc-2543-42a4-8762-cde039a55a99: new RaftServerImpl for group-C4D905E4103A:[bcb704dc-2543-42a4-8762-cde039a55a99:192.168.151.99:43663] with ContainerStateMachine:uninitialized
2019-09-26 15:39:00,713 [pool-123-thread-1] INFO  server.RaftServerConfigKeys (ConfUtils.java:logGet(43)) - raft.server.rpc.timeout.min = 5s (custom)
2019-09-26 15:39:00,713 [pool-123-thread-1] INFO  server.RaftServerConfigKeys (ConfUtils.java:logGet(43)) - raft.server.rpc.timeout.max = 5200ms (custom)
2019-09-26 15:39:00,713 [pool-123-thread-1] INFO  server.RaftServerConfigKeys (ConfUtils.java:logGet(43)) - raft.server.rpcslowness.timeout = 120s (custom)
2019-09-26 15:39:00,713 [pool-123-thread-1] INFO  server.RaftServerConfigKeys (ConfUtils.java:logGet(43)) - raft.server.sleep.deviation.threshold = 300 (default)
2019-09-26 15:39:00,714 [pool-123-thread-1] INFO  server.RaftServerConfigKeys (ConfUtils.java:logGet(43)) - raft.server.log.appender.install.snapshot.enabled = false (custom)
2019-09-26 15:39:00,714 [pool-123-thread-1] INFO  impl.RaftServerImpl (ServerState.java:<init>(103)) - bcb704dc-2543-42a4-8762-cde039a55a99@group-C4D905E4103A: ConfigurationManager, init=-1: [bcb704dc-2543-42a4-8762-cde039a55a99:192.168.151.99:43663], old=null, confs=<EMPTY_MAP>
2019-09-26 15:39:00,714 [pool-123-thread-1] INFO  server.RaftServerConfigKeys (ConfUtils.java:logGet(43)) - raft.server.storage.dir = [/workdir/hadoop-ozone/integration-test/target/test-dir/MiniOzoneClusterImpl-87962e32-e39f-4c57-b747-30c883c1cc54/datanode-0/data/ratis] (custom)
2019-09-26 15:39:00,715 [pool-123-thread-1] INFO  storage.RaftStorageDirectory (RaftStorageDirectory.java:analyzeStorage(246)) - The storage directory /workdir/hadoop-ozone/integration-test/target/test-dir/MiniOzoneClusterImpl-87962e32-e39f-4c57-b747-30c883c1cc54/datanode-0/data/ratis/f752d69f-9398-4766-bf83-c4d905e4103a does not exist. Creating ...
2019-09-26 15:39:00,717 [Thread-1984] INFO  impl.FollowerState (FollowerState.java:run(106)) - bcb704dc-2543-42a4-8762-cde039a55a99:group-3B998D4DE752 changes to CANDIDATE, lastRpcTime:5120, electionTimeout:5120ms
2019-09-26 15:39:00,717 [Thread-1984] INFO  impl.RoleInfo (RoleInfo.java:shutdownFollowerState(121)) - bcb704dc-2543-42a4-8762-cde039a55a99: shutdown FollowerState
2019-09-26 15:39:00,717 [Thread-1984] INFO  impl.RaftServerImpl (RaftServerImpl.java:setRole(174)) - bcb704dc-2543-42a4-8762-cde039a55a99@group-3B998D4DE752: changes role from  FOLLOWER to CANDIDATE at term 0 for changeToCandidate
2019-09-26 15:39:00,717 [Thread-1984] INFO  impl.RoleInfo (RoleInfo.java:updateAndGet(143)) - bcb704dc-2543-42a4-8762-cde039a55a99: start LeaderElection
2019-09-26 15:39:00,733 [Thread-1990] INFO  impl.FollowerState (FollowerState.java:run(106)) - bcb704dc-2543-42a4-8762-cde039a55a99:group-EF1E14F90087 changes to CANDIDATE, lastRpcTime:5048, electionTimeout:5048ms
2019-09-26 15:39:00,733 [Thread-1990] INFO  impl.RoleInfo (RoleInfo.java:shutdownFollowerState(121)) - bcb704dc-2543-42a4-8762-cde039a55a99: shutdown FollowerState
2019-09-26 15:39:00,733 [Thread-1990] INFO  impl.RaftServerImpl (RaftServerImpl.java:setRole(174)) - bcb704dc-2543-42a4-8762-cde039a55a99@group-EF1E14F90087: changes role from  FOLLOWER to CANDIDATE at term 0 for changeToCandidate
2019-09-26 15:39:00,733 [Thread-1990] INFO  impl.RoleInfo (RoleInfo.java:updateAndGet(143)) - bcb704dc-2543-42a4-8762-cde039a55a99: start LeaderElection
2019-09-26 15:39:00,740 [Thread-1987] INFO  impl.FollowerState (FollowerState.java:run(106)) - bcb704dc-2543-42a4-8762-cde039a55a99:group-F660A7043B0E changes to CANDIDATE, lastRpcTime:5101, electionTimeout:5101ms
2019-09-26 15:39:00,740 [Thread-1987] INFO  impl.RoleInfo (RoleInfo.java:shutdownFollowerState(121)) - bcb704dc-2543-42a4-8762-cde039a55a99: shutdown FollowerState
2019-09-26 15:39:00,740 [Thread-1987] INFO  impl.RaftServerImpl (RaftServerImpl.java:setRole(174)) - bcb704dc-2543-42a4-8762-cde039a55a99@group-F660A7043B0E: changes role from  FOLLOWER to CANDIDATE at term 0 for changeToCandidate
2019-09-26 15:39:00,740 [Thread-1987] INFO  impl.RoleInfo (RoleInfo.java:updateAndGet(143)) - bcb704dc-2543-42a4-8762-cde039a55a99: start LeaderElection
2019-09-26 15:39:00,747 [Thread-1981] INFO  impl.FollowerState (FollowerState.java:run(106)) - bcb704dc-2543-42a4-8762-cde039a55a99:group-00CBE7366B12 changes to CANDIDATE, lastRpcTime:5168, electionTimeout:5168ms
2019-09-26 15:39:00,748 [Thread-1981] INFO  impl.RoleInfo (RoleInfo.java:shutdownFollowerState(121)) - bcb704dc-2543-42a4-8762-cde039a55a99: shutdown FollowerState
2019-09-26 15:39:00,748 [Thread-1981] INFO  impl.RaftServerImpl (RaftServerImpl.java:setRole(174)) - bcb704dc-2543-42a4-8762-cde039a55a99@group-00CBE7366B12: changes role from  FOLLOWER to CANDIDATE at term 0 for changeToCandidate
2019-09-26 15:39:00,748 [Thread-1981] INFO  impl.RoleInfo (RoleInfo.java:updateAndGet(143)) - bcb704dc-2543-42a4-8762-cde039a55a99: start LeaderElection
2019-09-26 15:39:00,765 [pool-123-thread-1] INFO  storage.RaftStorageDirectory (RaftStorageDirectory.java:tryLock(328)) - Lock on /workdir/hadoop-ozone/integration-test/target/test-dir/MiniOzoneClusterImpl-87962e32-e39f-4c57-b747-30c883c1cc54/datanode-0/data/ratis/f752d69f-9398-4766-bf83-c4d905e4103a/in_use.lock acquired by nodename 10626@pr-hdds-1569-g6sp5-2013761785
2019-09-26 15:39:00,782 [bcb704dc-2543-42a4-8762-cde039a55a99@group-3B998D4DE752:LeaderElection161] INFO  impl.LeaderElection (LeaderElection.java:askForVotes(182)) - bcb704dc-2543-42a4-8762-cde039a55a99@group-3B998D4DE752:LeaderElection161: begin an election at term 1 for -1: [bcb704dc-2543-42a4-8762-cde039a55a99:192.168.151.99:43663], old=null
2019-09-26 15:39:00,783 [bcb704dc-2543-42a4-8762-cde039a55a99@group-3B998D4DE752:LeaderElection161] INFO  impl.RoleInfo (RoleInfo.java:shutdownLeaderElection(134)) - bcb704dc-2543-42a4-8762-cde039a55a99: shutdown LeaderElection
2019-09-26 15:39:00,783 [bcb704dc-2543-42a4-8762-cde039a55a99@group-3B998D4DE752:LeaderElection161] INFO  impl.RaftServerImpl (RaftServerImpl.java:setRole(174)) - bcb704dc-2543-42a4-8762-cde039a55a99@group-3B998D4DE752: changes role from CANDIDATE to LEADER at term 1 for changeToLeader
2019-09-26 15:39:00,783 [bcb704dc-2543-42a4-8762-cde039a55a99@group-3B998D4DE752:LeaderElection161] INFO  impl.RaftServerImpl (ServerState.java:setLeader(253)) - bcb704dc-2543-42a4-8762-cde039a55a99@group-3B998D4DE752: change Leader from null to bcb704dc-2543-42a4-8762-cde039a55a99 at term 1 for becomeLeader, leader elected after 5190ms
2019-09-26 15:39:00,783 [bcb704dc-2543-42a4-8762-cde039a55a99@group-3B998D4DE752:LeaderElection161] INFO  server.RaftServerConfigKeys (ConfUtils.java:logGet(43)) - raft.server.staging.catchup.gap = 1000 (default)
2019-09-26 15:39:00,783 [bcb704dc-2543-42a4-8762-cde039a55a99@group-3B998D4DE752:LeaderElection161] INFO  server.RaftServerConfigKeys (ConfUtils.java:logGet(43)) - raft.server.rpc.sleep.time = 25ms (default)
2019-09-26 15:39:00,783 [bcb704dc-2543-42a4-8762-cde039a55a99@group-3B998D4DE752:LeaderElection161] INFO  server.RaftServerConfigKeys (ConfUtils.java:logGet(43)) - raft.server.write.element-limit = 4096 (default)
2019-09-26 15:39:00,784 [bcb704dc-2543-42a4-8762-cde039a55a99@group-3B998D4DE752:LeaderElection161] INFO  server.RaftServerConfigKeys (ConfUtils.java:logGet(43)) - raft.server.watch.timeout = 10s (default)
2019-09-26 15:39:00,784 [bcb704dc-2543-42a4-8762-cde039a55a99@group-3B998D4DE752:LeaderElection161] INFO  server.RaftServerConfigKeys (ConfUtils.java:logGet(43)) - raft.server.watch.timeout.denomination = 1s (default)
2019-09-26 15:39:00,784 [bcb704dc-2543-42a4-8762-cde039a55a99@group-3B998D4DE752:LeaderElection161] INFO  server.RaftServerConfigKeys (ConfUtils.java:logGet(43)) - raft.server.watch.element-limit = 65536 (default)
2019-09-26 15:39:00,786 [bcb704dc-2543-42a4-8762-cde039a55a99@group-3B998D4DE752:LeaderElection161] INFO  impl.RoleInfo (RoleInfo.java:updateAndGet(143)) - bcb704dc-2543-42a4-8762-cde039a55a99: start LeaderState
2019-09-26 15:39:00,786 [bcb704dc-2543-42a4-8762-cde039a55a99@group-3B998D4DE752:LeaderElection161] INFO  segmented.SegmentedRaftLogWorker (SegmentedRaftLogWorker.java:startLogSegment(380)) - bcb704dc-2543-42a4-8762-cde039a55a99@group-3B998D4DE752-SegmentedRaftLogWorker: Starting segment from index:0
2019-09-26 15:39:00,787 [bcb704dc-2543-42a4-8762-cde039a55a99@group-3B998D4DE752:LeaderElection161] INFO  impl.RaftServerImpl (ServerState.java:setRaftConf(354)) - bcb704dc-2543-42a4-8762-cde039a55a99@group-3B998D4DE752: set configuration 0: [bcb704dc-2543-42a4-8762-cde039a55a99:192.168.151.99:43663], old=null at 0
2019-09-26 15:39:00,802 [bcb704dc-2543-42a4-8762-cde039a55a99@group-EF1E14F90087:LeaderElection162] INFO  impl.LeaderElection (LeaderElection.java:askForVotes(182)) - bcb704dc-2543-42a4-8762-cde039a55a99@group-EF1E14F90087:LeaderElection162: begin an election at term 1 for -1: [bcb704dc-2543-42a4-8762-cde039a55a99:192.168.151.99:43663], old=null
2019-09-26 15:39:00,802 [bcb704dc-2543-42a4-8762-cde039a55a99@group-00CBE7366B12:LeaderElection164] INFO  impl.LeaderElection (LeaderElection.java:askForVotes(182)) - bcb704dc-2543-42a4-8762-cde039a55a99@group-00CBE7366B12:LeaderElection164: begin an election at term 1 for -1: [bcb704dc-2543-42a4-8762-cde039a55a99:192.168.151.99:43663], old=null
2019-09-26 15:39:00,802 [bcb704dc-2543-42a4-8762-cde039a55a99@group-F660A7043B0E:LeaderElection163] INFO  impl.LeaderElection (LeaderElection.java:askForVotes(182)) - bcb704dc-2543-42a4-8762-cde039a55a99@group-F660A7043B0E:LeaderElection163: begin an election at term 1 for -1: [bcb704dc-2543-42a4-8762-cde039a55a99:192.168.151.99:43663], old=null
2019-09-26 15:39:00,802 [bcb704dc-2543-42a4-8762-cde039a55a99@group-00CBE7366B12:LeaderElection164] INFO  impl.RoleInfo (RoleInfo.java:shutdownLeaderElection(134)) - bcb704dc-2543-42a4-8762-cde039a55a99: shutdown LeaderElection
2019-09-26 15:39:00,802 [bcb704dc-2543-42a4-8762-cde039a55a99@group-EF1E14F90087:LeaderElection162] INFO  impl.RoleInfo (RoleInfo.java:shutdownLeaderElection(134)) - bcb704dc-2543-42a4-8762-cde039a55a99: shutdown LeaderElection
2019-09-26 15:39:00,802 [bcb704dc-2543-42a4-8762-cde039a55a99@group-213A0DCAA528-SegmentedRaftLogWorker] INFO  segmented.SegmentedRaftLogWorker (SegmentedRaftLogWorker.java:execute(569)) - bcb704dc-2543-42a4-8762-cde039a55a99@group-213A0DCAA528-SegmentedRaftLogWorker: created new log segment /workdir/hadoop-ozone/integration-test/target/test-dir/MiniOzoneClusterImpl-87962e32-e39f-4c57-b747-30c883c1cc54/datanode-0/data/ratis/4f7e47e0-2a79-4e82-8808-213a0dcaa528/current/log_inprogress_0
2019-09-26 15:39:00,803 [bcb704dc-2543-42a4-8762-cde039a55a99@group-EF1E14F90087:LeaderElection162] INFO  impl.RaftServerImpl (RaftServerImpl.java:setRole(174)) - bcb704dc-2543-42a4-8762-cde039a55a99@group-EF1E14F90087: changes role from CANDIDATE to LEADER at term 1 for changeToLeader
2019-09-26 15:39:00,802 [bcb704dc-2543-42a4-8762-cde039a55a99@group-00CBE7366B12:LeaderElection164] INFO  impl.RaftServerImpl (RaftServerImpl.java:setRole(174)) - bcb704dc-2543-42a4-8762-cde039a55a99@group-00CBE7366B12: changes role from CANDIDATE to LEADER at term 1 for changeToLeader
2019-09-26 15:39:00,802 [bcb704dc-2543-42a4-8762-cde039a55a99@group-F660A7043B0E:LeaderElection163] INFO  impl.RoleInfo (RoleInfo.java:shutdownLeaderElection(134)) - bcb704dc-2543-42a4-8762-cde039a55a99: shutdown LeaderElection
2019-09-26 15:39:00,803 [bcb704dc-2543-42a4-8762-cde039a55a99@group-00CBE7366B12:LeaderElection164] INFO  impl.RaftServerImpl (ServerState.java:setLeader(253)) - bcb704dc-2543-42a4-8762-cde039a55a99@group-00CBE7366B12: change Leader from null to bcb704dc-2543-42a4-8762-cde039a55a99 at term 1 for becomeLeader, leader elected after 5227ms
2019-09-26 15:39:00,803 [bcb704dc-2543-42a4-8762-cde039a55a99@group-EF1E14F90087:LeaderElection162] INFO  impl.RaftServerImpl (ServerState.java:setLeader(253)) - bcb704dc-2543-42a4-8762-cde039a55a99@group-EF1E14F90087: change Leader from null to bcb704dc-2543-42a4-8762-cde039a55a99 at term 1 for becomeLeader, leader elected after 5123ms
2019-09-26 15:39:00,803 [bcb704dc-2543-42a4-8762-cde039a55a99@group-00CBE7366B12:LeaderElection164] INFO  server.RaftServerConfigKeys (ConfUtils.java:logGet(43)) - raft.server.staging.catchup.gap = 1000 (default)
2019-09-26 15:39:00,803 [bcb704dc-2543-42a4-8762-cde039a55a99@group-F660A7043B0E:LeaderElection163] INFO  impl.RaftServerImpl (RaftServerImpl.java:setRole(174)) - bcb704dc-2543-42a4-8762-cde039a55a99@group-F660A7043B0E: changes role from CANDIDATE to LEADER at term 1 for changeToLeader
2019-09-26 15:39:00,803 [bcb704dc-2543-42a4-8762-cde039a55a99@group-00CBE7366B12:LeaderElection164] INFO  server.RaftServerConfigKeys (ConfUtils.java:logGet(43)) - raft.server.rpc.sleep.time = 25ms (default)
2019-09-26 15:39:00,803 [bcb704dc-2543-42a4-8762-cde039a55a99@group-EF1E14F90087:LeaderElection162] INFO  server.RaftServerConfigKeys (ConfUtils.java:logGet(43)) - raft.server.staging.catchup.gap = 1000 (default)
2019-09-26 15:39:00,803 [bcb704dc-2543-42a4-8762-cde039a55a99@group-00CBE7366B12:LeaderElection164] INFO  server.RaftServerConfigKeys (ConfUtils.java:logGet(43)) - raft.server.write.element-limit = 4096 (default)
2019-09-26 15:39:00,803 [bcb704dc-2543-42a4-8762-cde039a55a99@group-F660A7043B0E:LeaderElection163] INFO  impl.RaftServerImpl (ServerState.java:setLeader(253)) - bcb704dc-2543-42a4-8762-cde039a55a99@group-F660A7043B0E: change Leader from null to bcb704dc-2543-42a4-8762-cde039a55a99 at term 1 for becomeLeader, leader elected after 5169ms
2019-09-26 15:39:00,804 [bcb704dc-2543-42a4-8762-cde039a55a99@group-00CBE7366B12:LeaderElection164] INFO  server.RaftServerConfigKeys (ConfUtils.java:logGet(43)) - raft.server.watch.timeout = 10s (default)
2019-09-26 15:39:00,804 [bcb704dc-2543-42a4-8762-cde039a55a99@group-EF1E14F90087:LeaderElection162] INFO  server.RaftServerConfigKeys (ConfUtils.java:logGet(43)) - raft.server.rpc.sleep.time = 25ms (default)
2019-09-26 15:39:00,804 [bcb704dc-2543-42a4-8762-cde039a55a99@group-00CBE7366B12:LeaderElection164] INFO  server.RaftServerConfigKeys (ConfUtils.java:logGet(43)) - raft.server.watch.timeout.denomination = 1s (default)
2019-09-26 15:39:00,804 [bcb704dc-2543-42a4-8762-cde039a55a99@group-F660A7043B0E:LeaderElection163] INFO  server.RaftServerConfigKeys (ConfUtils.java:logGet(43)) - raft.server.staging.catchup.gap = 1000 (default)
2019-09-26 15:39:00,804 [bcb704dc-2543-42a4-8762-cde039a55a99@group-00CBE7366B12:LeaderElection164] INFO  server.RaftServerConfigKeys (ConfUtils.java:logGet(43)) - raft.server.watch.element-limit = 65536 (default)
2019-09-26 15:39:00,804 [bcb704dc-2543-42a4-8762-cde039a55a99@group-EF1E14F90087:LeaderElection162] INFO  server.RaftServerConfigKeys (ConfUtils.java:logGet(43)) - raft.server.write.element-limit = 4096 (default)
2019-09-26 15:39:00,804 [bcb704dc-2543-42a4-8762-cde039a55a99@group-F660A7043B0E:LeaderElection163] INFO  server.RaftServerConfigKeys (ConfUtils.java:logGet(43)) - raft.server.rpc.sleep.time = 25ms (default)
2019-09-26 15:39:00,804 [bcb704dc-2543-42a4-8762-cde039a55a99@group-EF1E14F90087:LeaderElection162] INFO  server.RaftServerConfigKeys (ConfUtils.java:logGet(43)) - raft.server.watch.timeout = 10s (default)
2019-09-26 15:39:00,805 [bcb704dc-2543-42a4-8762-cde039a55a99@group-F660A7043B0E:LeaderElection163] INFO  server.RaftServerConfigKeys (ConfUtils.java:logGet(43)) - raft.server.write.element-limit = 4096 (default)
2019-09-26 15:39:00,805 [bcb704dc-2543-42a4-8762-cde039a55a99@group-EF1E14F90087:LeaderElection162] INFO  server.RaftServerConfigKeys (ConfUtils.java:logGet(43)) - raft.server.watch.timeout.denomination = 1s (default)
2019-09-26 15:39:00,805 [bcb704dc-2543-42a4-8762-cde039a55a99@group-F660A7043B0E:LeaderElection163] INFO  server.RaftServerConfigKeys (ConfUtils.java:logGet(43)) - raft.server.watch.timeout = 10s (default)
2019-09-26 15:39:00,805 [bcb704dc-2543-42a4-8762-cde039a55a99@group-EF1E14F90087:LeaderElection162] INFO  server.RaftServerConfigKeys (ConfUtils.java:logGet(43)) - raft.server.watch.element-limit = 65536 (default)
2019-09-26 15:39:00,805 [bcb704dc-2543-42a4-8762-cde039a55a99@group-F660A7043B0E:LeaderElection163] INFO  server.RaftServerConfigKeys (ConfUtils.java:logGet(43)) - raft.server.watch.timeout.denomination = 1s (default)
2019-09-26 15:39:00,805 [bcb704dc-2543-42a4-8762-cde039a55a99@group-F660A7043B0E:LeaderElection163] INFO  server.RaftServerConfigKeys (ConfUtils.java:logGet(43)) - raft.server.watch.element-limit = 65536 (default)
2019-09-26 15:39:00,806 [bcb704dc-2543-42a4-8762-cde039a55a99@group-00CBE7366B12:LeaderElection164] INFO  impl.RoleInfo (RoleInfo.java:updateAndGet(143)) - bcb704dc-2543-42a4-8762-cde039a55a99: start LeaderState
2019-09-26 15:39:00,806 [bcb704dc-2543-42a4-8762-cde039a55a99@group-00CBE7366B12:LeaderElection164] INFO  segmented.SegmentedRaftLogWorker (SegmentedRaftLogWorker.java:startLogSegment(380)) - bcb704dc-2543-42a4-8762-cde039a55a99@group-00CBE7366B12-SegmentedRaftLogWorker: Starting segment from index:0
2019-09-26 15:39:00,807 [bcb704dc-2543-42a4-8762-cde039a55a99@group-00CBE7366B12:LeaderElection164] INFO  impl.RaftServerImpl (ServerState.java:setRaftConf(354)) - bcb704dc-2543-42a4-8762-cde039a55a99@group-00CBE7366B12: set configuration 0: [bcb704dc-2543-42a4-8762-cde039a55a99:192.168.151.99:43663], old=null at 0
2019-09-26 15:39:00,807 [bcb704dc-2543-42a4-8762-cde039a55a99@group-EF1E14F90087:LeaderElection162] INFO  impl.RoleInfo (RoleInfo.java:updateAndGet(143)) - bcb704dc-2543-42a4-8762-cde039a55a99: start LeaderState
2019-09-26 15:39:00,807 [bcb704dc-2543-42a4-8762-cde039a55a99@group-F660A7043B0E:LeaderElection163] INFO  impl.RoleInfo (RoleInfo.java:updateAndGet(143)) - bcb704dc-2543-42a4-8762-cde039a55a99: start LeaderState
2019-09-26 15:39:00,807 [bcb704dc-2543-42a4-8762-cde039a55a99@group-EF1E14F90087:LeaderElection162] INFO  segmented.SegmentedRaftLogWorker (SegmentedRaftLogWorker.java:startLogSegment(380)) - bcb704dc-2543-42a4-8762-cde039a55a99@group-EF1E14F90087-SegmentedRaftLogWorker: Starting segment from index:0
2019-09-26 15:39:00,807 [bcb704dc-2543-42a4-8762-cde039a55a99@group-F660A7043B0E:LeaderElection163] INFO  segmented.SegmentedRaftLogWorker (SegmentedRaftLogWorker.java:startLogSegment(380)) - bcb704dc-2543-42a4-8762-cde039a55a99@group-F660A7043B0E-SegmentedRaftLogWorker: Starting segment from index:0
2019-09-26 15:39:00,808 [bcb704dc-2543-42a4-8762-cde039a55a99@group-EF1E14F90087:LeaderElection162] INFO  impl.RaftServerImpl (ServerState.java:setRaftConf(354)) - bcb704dc-2543-42a4-8762-cde039a55a99@group-EF1E14F90087: set configuration 0: [bcb704dc-2543-42a4-8762-cde039a55a99:192.168.151.99:43663], old=null at 0
2019-09-26 15:39:00,808 [bcb704dc-2543-42a4-8762-cde039a55a99@group-F660A7043B0E:LeaderElection163] INFO  impl.RaftServerImpl (ServerState.java:setRaftConf(354)) - bcb704dc-2543-42a4-8762-cde039a55a99@group-F660A7043B0E: set configuration 0: [bcb704dc-2543-42a4-8762-cde039a55a99:192.168.151.99:43663], old=null at 0
2019-09-26 15:39:02,145 [Thread-2032] WARN  util.JavaUtils (JavaUtils.java:sleep(250)) - Unexpected long sleep: sleep(5180ms) actually took 5887ms which is over the threshold 300ms
2019-09-26 15:39:02,172 [Thread-2081] INFO  impl.FollowerState (FollowerState.java:run(106)) - bcb704dc-2543-42a4-8762-cde039a55a99:group-CB1176FCD817 changes to CANDIDATE, lastRpcTime:5252, electionTimeout:5130ms
2019-09-26 15:39:02,172 [Thread-2084] INFO  impl.FollowerState (FollowerState.java:run(106)) - bcb704dc-2543-42a4-8762-cde039a55a99:group-DC10FFC207EF changes to CANDIDATE, lastRpcTime:5214, electionTimeout:5133ms
2019-09-26 15:39:02,172 [Thread-2081] INFO  impl.RoleInfo (RoleInfo.java:shutdownFollowerState(121)) - bcb704dc-2543-42a4-8762-cde039a55a99: shutdown FollowerState
2019-09-26 15:39:02,171 [pool-123-thread-1] INFO  storage.RaftStorage (RaftStorage.java:format(72)) - Storage directory /workdir/hadoop-ozone/integration-test/target/test-dir/MiniOzoneClusterImpl-87962e32-e39f-4c57-b747-30c883c1cc54/datanode-0/data/ratis/f752d69f-9398-4766-bf83-c4d905e4103a has been successfully formatted.
2019-09-26 15:39:02,169 [Thread-1993] WARN  util.JavaUtils (JavaUtils.java:sleep(250)) - Unexpected long sleep: sleep(5137ms) actually took 6444ms which is over the threshold 300ms
2019-09-26 15:39:02,169 [Thread-1996] WARN  util.JavaUtils (JavaUtils.java:sleep(250)) - Unexpected long sleep: sleep(5105ms) actually took 6404ms which is over the threshold 300ms
2019-09-26 15:39:02,167 [Thread-1999] WARN  util.JavaUtils (JavaUtils.java:sleep(250)) - Unexpected long sleep: sleep(5121ms) actually took 6363ms which is over the threshold 300ms
2019-09-26 15:39:02,167 [org.apache.hadoop.util.JvmPauseMonitor$Monitor@5418e27] INFO  util.JvmPauseMonitor (JvmPauseMonitor.java:run(205)) - Detected pause in JVM or host machine (eg GC): pause of approximately 1213ms
GC pool 'PS MarkSweep' had collection(s): count=3 time=1193ms
GC pool 'PS Scavenge' had collection(s): count=3 time=118ms
2019-09-26 15:39:02,164 [Thread-2005] WARN  util.JavaUtils (JavaUtils.java:sleep(250)) - Unexpected long sleep: sleep(5109ms) actually took 6271ms which is over the threshold 300ms
2019-09-26 15:39:02,163 [Thread-2002] WARN  util.JavaUtils (JavaUtils.java:sleep(250)) - Unexpected long sleep: sleep(5179ms) actually took 6318ms which is over the threshold 300ms
2019-09-26 15:39:02,160 [Thread-2008] WARN  util.JavaUtils (JavaUtils.java:sleep(250)) - Unexpected long sleep: sleep(5186ms) actually took 6226ms which is over the threshold 300ms
2019-09-26 15:39:02,159 [Thread-2014] WARN  util.JavaUtils (JavaUtils.java:sleep(250)) - Unexpected long sleep: sleep(5129ms) actually took 6144ms which is over the threshold 300ms
2019-09-26 15:39:02,159 [Thread-2011] WARN  util.JavaUtils (JavaUtils.java:sleep(250)) - Unexpected long sleep: sleep(5170ms) actually took 6185ms which is over the threshold 300ms
2019-09-26 15:39:02,158 [Thread-2023] WARN  util.JavaUtils (JavaUtils.java:sleep(250)) - Unexpected long sleep: sleep(5025ms) actually took 6019ms which is over the threshold 300ms
2019-09-26 15:39:02,155 [Thread-2017] WARN  util.JavaUtils (JavaUtils.java:sleep(250)) - Unexpected long sleep: sleep(5170ms) actually took 6101ms which is over the threshold 300ms
2019-09-26 15:39:02,153 [Thread-2020] WARN  util.JavaUtils (JavaUtils.java:sleep(250)) - Unexpected long sleep: sleep(5167ms) actually took 6059ms which is over the threshold 300ms
2019-09-26 15:39:02,149 [Thread-2026] WARN  util.JavaUtils (JavaUtils.java:sleep(250)) - Unexpected long sleep: sleep(5161ms) actually took 5971ms which is over the threshold 300ms
2019-09-26 15:39:02,149 [Thread-2038] WARN  util.JavaUtils (JavaUtils.java:sleep(250)) - Unexpected long sleep: sleep(5010ms) actually took 5812ms which is over the threshold 300ms
2019-09-26 15:39:02,145 [Thread-2035] WARN  util.JavaUtils (JavaUtils.java:sleep(250)) - Unexpected long sleep: sleep(5100ms) actually took 5848ms which is over the threshold 300ms
2019-09-26 15:39:02,145 [Thread-2029] WARN  util.JavaUtils (JavaUtils.java:sleep(250)) - Unexpected long sleep: sleep(5197ms) actually took 5927ms which is over the threshold 300ms
2019-09-26 15:39:02,174 [Thread-2047] WARN  util.JavaUtils (JavaUtils.java:sleep(250)) - Unexpected long sleep: sleep(5172ms) actually took 5748ms which is over the threshold 300ms
2019-09-26 15:39:02,173 [Thread-2051] WARN  util.JavaUtils (JavaUtils.java:sleep(250)) - Unexpected long sleep: sleep(5165ms) actually took 5689ms which is over the threshold 300ms
2019-09-26 15:39:02,173 [Thread-2054] WARN  util.JavaUtils (JavaUtils.java:sleep(250)) - Unexpected long sleep: sleep(5161ms) actually took 5649ms which is over the threshold 300ms
2019-09-26 15:39:02,173 [pool-123-thread-1] INFO  ratis.ContainerStateMachine (ContainerStateMachine.java:loadSnapshot(230)) - group-C4D905E4103A: The snapshot info is null. Setting the last applied indexto:(t:0, i:~)
2019-09-26 15:39:02,172 [Thread-2063] WARN  util.JavaUtils (JavaUtils.java:sleep(250)) - Unexpected long sleep: sleep(5032ms) actually took 5502ms which is over the threshold 300ms
2019-09-26 15:39:02,172 [Thread-2060] WARN  util.JavaUtils (JavaUtils.java:sleep(250)) - Unexpected long sleep: sleep(5108ms) actually took 5564ms which is over the threshold 300ms
2019-09-26 15:39:02,172 [Thread-2057] WARN  util.JavaUtils (JavaUtils.java:sleep(250)) - Unexpected long sleep: sleep(5175ms) actually took 5606ms which is over the threshold 300ms
2019-09-26 15:39:02,172 [Thread-2081] INFO  impl.RaftServerImpl (RaftServerImpl.java:setRole(174)) - bcb704dc-2543-42a4-8762-cde039a55a99@group-CB1176FCD817: changes role from  FOLLOWER to CANDIDATE at term 0 for changeToCandidate
2019-09-26 15:39:02,172 [Thread-2084] INFO  impl.RoleInfo (RoleInfo.java:shutdownFollowerState(121)) - bcb704dc-2543-42a4-8762-cde039a55a99: shutdown FollowerState
2019-09-26 15:39:02,172 [Thread-2066] WARN  util.JavaUtils (JavaUtils.java:sleep(250)) - Unexpected long sleep: sleep(5041ms) actually took 5450ms which is over the threshold 300ms
2019-09-26 15:39:02,176 [Thread-2041] WARN  util.JavaUtils (JavaUtils.java:sleep(250)) - Unexpected long sleep: sleep(5194ms) actually took 5819ms which is over the threshold 300ms
2019-09-26 15:39:02,172 [Thread-2069] WARN  util.JavaUtils (JavaUtils.java:sleep(250)) - Unexpected long sleep: sleep(5098ms) actually took 5411ms which is over the threshold 300ms
2019-09-26 15:39:02,172 [Thread-2072] WARN  util.JavaUtils (JavaUtils.java:sleep(250)) - Unexpected long sleep: sleep(5071ms) actually took 5373ms which is over the threshold 300ms
2019-09-26 15:39:02,172 [Thread-2075] INFO  impl.FollowerState (FollowerState.java:run(106)) - bcb704dc-2543-42a4-8762-cde039a55a99:group-7399194A29EE changes to CANDIDATE, lastRpcTime:5332, electionTimeout:5075ms
2019-09-26 15:39:02,172 [Thread-2078] INFO  impl.FollowerState (FollowerState.java:run(106)) - bcb704dc-2543-42a4-8762-cde039a55a99:group-D0D77289265A changes to CANDIDATE, lastRpcTime:5292, electionTimeout:5047ms
2019-09-26 15:39:02,176 [Thread-2075] INFO  impl.RoleInfo (RoleInfo.java:shutdownFollowerState(121)) - bcb704dc-2543-42a4-8762-cde039a55a99: shutdown FollowerState
2019-09-26 15:39:02,176 [Thread-2075] INFO  impl.RaftServerImpl (RaftServerImpl.java:setRole(174)) - bcb704dc-2543-42a4-8762-cde039a55a99@group-7399194A29EE: changes role from  FOLLOWER to CANDIDATE at term 0 for changeToCandidate
2019-09-26 15:39:02,176 [Thread-2044] WARN  util.JavaUtils (JavaUtils.java:sleep(250)) - Unexpected long sleep: sleep(5141ms) actually took 5780ms which is over the threshold 300ms
2019-09-26 15:39:02,177 [Thread-2075] INFO  impl.RoleInfo (RoleInfo.java:updateAndGet(143)) - bcb704dc-2543-42a4-8762-cde039a55a99: start LeaderElection
2019-09-26 15:39:02,176 [Thread-2081] INFO  impl.RoleInfo (RoleInfo.java:updateAndGet(143)) - bcb704dc-2543-42a4-8762-cde039a55a99: start LeaderElection
2019-09-26 15:39:02,176 [Thread-2084] INFO  impl.RaftServerImpl (RaftServerImpl.java:setRole(174)) - bcb704dc-2543-42a4-8762-cde039a55a99@group-DC10FFC207EF: changes role from  FOLLOWER to CANDIDATE at term 0 for changeToCandidate
2019-09-26 15:39:02,175 [pool-123-thread-1] INFO  server.RaftServerConfigKeys (ConfUtils.java:logGet(43)) - raft.server.notification.no-leader.timeout = 120s (custom)
2019-09-26 15:39:02,176 [Thread-2078] INFO  impl.RoleInfo (RoleInfo.java:shutdownFollowerState(121)) - bcb704dc-2543-42a4-8762-cde039a55a99: shutdown FollowerState
2019-09-26 15:39:02,177 [Thread-2084] INFO  impl.RoleInfo (RoleInfo.java:updateAndGet(143)) - bcb704dc-2543-42a4-8762-cde039a55a99: start LeaderElection
2019-09-26 15:39:02,177 [pool-123-thread-1] INFO  server.RaftServerConfigKeys (ConfUtils.java:logGet(43)) - raft.server.log.use.memory = false (default)
2019-09-26 15:39:02,177 [Thread-2078] INFO  impl.RaftServerImpl (RaftServerImpl.java:setRole(174)) - bcb704dc-2543-42a4-8762-cde039a55a99@group-D0D77289265A: changes role from  FOLLOWER to CANDIDATE at term 0 for changeToCandidate
2019-09-26 15:39:02,177 [pool-123-thread-1] INFO  server.RaftServerConfigKeys (ConfUtils.java:logGet(43)) - raft.server.log.purge.gap = 1000000 (custom)
2019-09-26 15:39:02,178 [Thread-2078] INFO  impl.RoleInfo (RoleInfo.java:updateAndGet(143)) - bcb704dc-2543-42a4-8762-cde039a55a99: start LeaderElection
2019-09-26 15:39:02,178 [pool-123-thread-1] INFO  server.RaftServerConfigKeys (ConfUtils.java:logGet(43)) - raft.server.log.appender.buffer.byte-limit = 33554432 (custom)
2019-09-26 15:39:02,178 [pool-123-thread-1] INFO  server.RaftServerConfigKeys (ConfUtils.java:logGet(43)) - raft.server.log.segment.size.max = 1048576 (custom)
2019-09-26 15:39:02,178 [pool-123-thread-1] INFO  server.RaftServerConfigKeys (ConfUtils.java:logGet(43)) - raft.server.log.segment.cache.num.max = 2 (custom)
2019-09-26 15:39:02,178 [pool-123-thread-1] INFO  segmented.SegmentedRaftLogWorker (SegmentedRaftLogWorker.java:<init>(172)) - new bcb704dc-2543-42a4-8762-cde039a55a99@group-C4D905E4103A-SegmentedRaftLogWorker for RaftStorage:Storage Directory /workdir/hadoop-ozone/integration-test/target/test-dir/MiniOzoneClusterImpl-87962e32-e39f-4c57-b747-30c883c1cc54/datanode-0/data/ratis/f752d69f-9398-4766-bf83-c4d905e4103a
2019-09-26 15:39:02,178 [pool-123-thread-1] INFO  server.RaftServerConfigKeys (ConfUtils.java:logGet(43)) - raft.server.log.queue.byte-limit = 2147483647 (custom)
2019-09-26 15:39:02,179 [pool-123-thread-1] INFO  server.RaftServerConfigKeys (ConfUtils.java:logGet(43)) - raft.server.log.queue.element-limit = 1024 (custom)
2019-09-26 15:39:02,179 [pool-123-thread-1] INFO  server.RaftServerConfigKeys (ConfUtils.java:logGet(43)) - raft.server.log.segment.size.max = 1048576 (custom)
2019-09-26 15:39:02,179 [pool-123-thread-1] INFO  server.RaftServerConfigKeys (ConfUtils.java:logGet(43)) - raft.server.log.preallocated.size = 16384 (custom)
2019-09-26 15:39:02,179 [pool-123-thread-1] INFO  server.RaftServerConfigKeys (ConfUtils.java:logGet(43)) - raft.server.log.write.buffer.size = 33554432 (custom)
2019-09-26 15:39:02,179 [pool-123-thread-1] INFO  server.RaftServerConfigKeys (ConfUtils.java:logGet(43)) - raft.server.log.force.sync.num = 128 (default)
2019-09-26 15:39:02,179 [pool-123-thread-1] INFO  server.RaftServerConfigKeys (ConfUtils.java:logGet(43)) - raft.server.log.statemachine.data.sync = true (default)
2019-09-26 15:39:02,179 [pool-123-thread-1] INFO  server.RaftServerConfigKeys (ConfUtils.java:logGet(43)) - raft.server.log.statemachine.data.sync.timeout = 10s (default)
2019-09-26 15:39:02,179 [pool-123-thread-1] INFO  server.RaftServerConfigKeys (ConfUtils.java:logGet(43)) - raft.server.log.statemachine.data.sync.timeout.retry = -1 (default)
2019-09-26 15:39:02,180 [pool-123-thread-1] INFO  server.RaftServerConfigKeys (ConfUtils.java:logGet(43)) - raft.server.log.statemachine.data.caching.enabled = true (custom)
2019-09-26 15:39:02,180 [pool-123-thread-1] INFO  segmented.SegmentedRaftLogWorker (SegmentedRaftLogWorker.java:lambda$new$0(132)) - bcb704dc-2543-42a4-8762-cde039a55a99@group-C4D905E4103A-SegmentedRaftLogWorker: flushIndex: setUnconditionally 0 -> -1
2019-09-26 15:39:02,180 [pool-123-thread-1] INFO  server.RaftServerConfigKeys (ConfUtils.java:logGet(43)) - raft.server.snapshot.auto.trigger.enabled = true (custom)
2019-09-26 15:39:02,180 [pool-123-thread-1] INFO  server.RaftServerConfigKeys (ConfUtils.java:logGet(43)) - raft.server.snapshot.auto.trigger.threshold = 10000 (custom)
2019-09-26 15:39:02,181 [pool-123-thread-1] INFO  server.RaftServerConfigKeys (ConfUtils.java:logGet(43)) - raft.server.snapshot.retention.num.files = 5 (custom)
2019-09-26 15:39:02,181 [pool-123-thread-1] INFO  server.RaftServerConfigKeys (ConfUtils.java:logGet(43)) - raft.server.retrycache.expirytime = 600000ms (custom)
2019-09-26 15:39:02,183 [pool-123-thread-1] INFO  impl.RaftServerImpl (RaftServerImpl.java:start(185)) - bcb704dc-2543-42a4-8762-cde039a55a99@group-C4D905E4103A: start as a follower, conf=-1: [bcb704dc-2543-42a4-8762-cde039a55a99:192.168.151.99:43663], old=null
2019-09-26 15:39:02,183 [pool-123-thread-1] INFO  impl.RaftServerImpl (RaftServerImpl.java:setRole(174)) - bcb704dc-2543-42a4-8762-cde039a55a99@group-C4D905E4103A: changes role from      null to FOLLOWER at term 0 for startAsFollower
2019-09-26 15:39:02,183 [pool-123-thread-1] INFO  impl.RoleInfo (RoleInfo.java:updateAndGet(143)) - bcb704dc-2543-42a4-8762-cde039a55a99: start FollowerState
2019-09-26 15:39:02,183 [pool-123-thread-1] INFO  util.JmxRegister (JmxRegister.java:tryRegister(44)) - Successfully registered JMX Bean with object name Ratis:service=RaftServer,group=group-C4D905E4103A,id=bcb704dc-2543-42a4-8762-cde039a55a99
2019-09-26 15:39:02,188 [RatisPipelineUtilsThread] INFO  pipeline.PipelineStateManager (PipelineStateManager.java:addPipeline(56)) - Created pipeline Pipeline[ Id: f752d69f-9398-4766-bf83-c4d905e4103a, Nodes: bcb704dc-2543-42a4-8762-cde039a55a99{ip: 192.168.151.99, host: pr-hdds-1569-g6sp5-2013761785, networkLocation: /default-rack, certSerialId: null}, Type:RATIS, Factor:ONE, State:OPEN]
2019-09-26 15:39:02,198 [grpc-default-executor-0] INFO  impl.RaftServerProxy (RaftServerProxy.java:addNew(89)) - bcb704dc-2543-42a4-8762-cde039a55a99: addNew group-D95087EDE7EE:[bcb704dc-2543-42a4-8762-cde039a55a99:192.168.151.99:43663] returns group-D95087EDE7EE:java.util.concurrent.CompletableFuture@4e7d963e[Not completed]
2019-09-26 15:39:02,198 [pool-123-thread-1] INFO  impl.RaftServerImpl (RaftServerImpl.java:<init>(95)) - bcb704dc-2543-42a4-8762-cde039a55a99: new RaftServerImpl for group-D95087EDE7EE:[bcb704dc-2543-42a4-8762-cde039a55a99:192.168.151.99:43663] with ContainerStateMachine:uninitialized
2019-09-26 15:39:02,199 [pool-123-thread-1] INFO  server.RaftServerConfigKeys (ConfUtils.java:logGet(43)) - raft.server.rpc.timeout.min = 5s (custom)
2019-09-26 15:39:02,199 [pool-123-thread-1] INFO  server.RaftServerConfigKeys (ConfUtils.java:logGet(43)) - raft.server.rpc.timeout.max = 5200ms (custom)
2019-09-26 15:39:02,199 [pool-123-thread-1] INFO  server.RaftServerConfigKeys (ConfUtils.java:logGet(43)) - raft.server.rpcslowness.timeout = 120s (custom)
2019-09-26 15:39:02,199 [pool-123-thread-1] INFO  server.RaftServerConfigKeys (ConfUtils.java:logGet(43)) - raft.server.sleep.deviation.threshold = 300 (default)
2019-09-26 15:39:02,199 [pool-123-thread-1] INFO  server.RaftServerConfigKeys (ConfUtils.java:logGet(43)) - raft.server.log.appender.install.snapshot.enabled = false (custom)
2019-09-26 15:39:02,199 [pool-123-thread-1] INFO  impl.RaftServerImpl (ServerState.java:<init>(103)) - bcb704dc-2543-42a4-8762-cde039a55a99@group-D95087EDE7EE: ConfigurationManager, init=-1: [bcb704dc-2543-42a4-8762-cde039a55a99:192.168.151.99:43663], old=null, confs=<EMPTY_MAP>
2019-09-26 15:39:02,199 [pool-123-thread-1] INFO  server.RaftServerConfigKeys (ConfUtils.java:logGet(43)) - raft.server.storage.dir = [/workdir/hadoop-ozone/integration-test/target/test-dir/MiniOzoneClusterImpl-87962e32-e39f-4c57-b747-30c883c1cc54/datanode-0/data/ratis] (custom)
2019-09-26 15:39:02,200 [pool-123-thread-1] INFO  storage.RaftStorageDirectory (RaftStorageDirectory.java:analyzeStorage(246)) - The storage directory /workdir/hadoop-ozone/integration-test/target/test-dir/MiniOzoneClusterImpl-87962e32-e39f-4c57-b747-30c883c1cc54/datanode-0/data/ratis/832ffb23-d687-41c1-a43f-d95087ede7ee does not exist. Creating ...
2019-09-26 15:39:02,449 [bcb704dc-2543-42a4-8762-cde039a55a99@group-3B998D4DE752-SegmentedRaftLogWorker] INFO  segmented.SegmentedRaftLogWorker (SegmentedRaftLogWorker.java:execute(569)) - bcb704dc-2543-42a4-8762-cde039a55a99@group-3B998D4DE752-SegmentedRaftLogWorker: created new log segment /workdir/hadoop-ozone/integration-test/target/test-dir/MiniOzoneClusterImpl-87962e32-e39f-4c57-b747-30c883c1cc54/datanode-0/data/ratis/20da65ed-0244-4d67-a395-3b998d4de752/current/log_inprogress_0
2019-09-26 15:39:02,460 [bcb704dc-2543-42a4-8762-cde039a55a99@group-D0D77289265A:LeaderElection168] INFO  impl.LeaderElection (LeaderElection.java:askForVotes(182)) - bcb704dc-2543-42a4-8762-cde039a55a99@group-D0D77289265A:LeaderElection168: begin an election at term 1 for -1: [bcb704dc-2543-42a4-8762-cde039a55a99:192.168.151.99:43663], old=null
2019-09-26 15:39:02,460 [bcb704dc-2543-42a4-8762-cde039a55a99@group-CB1176FCD817:LeaderElection165] INFO  impl.LeaderElection (LeaderElection.java:askForVotes(182)) - bcb704dc-2543-42a4-8762-cde039a55a99@group-CB1176FCD817:LeaderElection165: begin an election at term 1 for -1: [bcb704dc-2543-42a4-8762-cde039a55a99:192.168.151.99:43663], old=null
2019-09-26 15:39:02,460 [bcb704dc-2543-42a4-8762-cde039a55a99@group-D0D77289265A:LeaderElection168] INFO  impl.RoleInfo (RoleInfo.java:shutdownLeaderElection(134)) - bcb704dc-2543-42a4-8762-cde039a55a99: shutdown LeaderElection
2019-09-26 15:39:02,460 [bcb704dc-2543-42a4-8762-cde039a55a99@group-7399194A29EE:LeaderElection166] INFO  impl.LeaderElection (LeaderElection.java:askForVotes(182)) - bcb704dc-2543-42a4-8762-cde039a55a99@group-7399194A29EE:LeaderElection166: begin an election at term 1 for -1: [bcb704dc-2543-42a4-8762-cde039a55a99:192.168.151.99:43663], old=null
2019-09-26 15:39:02,460 [bcb704dc-2543-42a4-8762-cde039a55a99@group-DC10FFC207EF:LeaderElection167] INFO  impl.LeaderElection (LeaderElection.java:askForVotes(182)) - bcb704dc-2543-42a4-8762-cde039a55a99@group-DC10FFC207EF:LeaderElection167: begin an election at term 1 for -1: [bcb704dc-2543-42a4-8762-cde039a55a99:192.168.151.99:43663], old=null
2019-09-26 15:39:02,460 [bcb704dc-2543-42a4-8762-cde039a55a99@group-7399194A29EE:LeaderElection166] INFO  impl.RoleInfo (RoleInfo.java:shutdownLeaderElection(134)) - bcb704dc-2543-42a4-8762-cde039a55a99: shutdown LeaderElection
2019-09-26 15:39:02,460 [bcb704dc-2543-42a4-8762-cde039a55a99@group-D0D77289265A:LeaderElection168] INFO  impl.RaftServerImpl (RaftServerImpl.java:setRole(174)) - bcb704dc-2543-42a4-8762-cde039a55a99@group-D0D77289265A: changes role from CANDIDATE to LEADER at term 1 for changeToLeader
2019-09-26 15:39:02,460 [bcb704dc-2543-42a4-8762-cde039a55a99@group-CB1176FCD817:LeaderElection165] INFO  impl.RoleInfo (RoleInfo.java:shutdownLeaderElection(134)) - bcb704dc-2543-42a4-8762-cde039a55a99: shutdown LeaderElection
2019-09-26 15:39:02,461 [bcb704dc-2543-42a4-8762-cde039a55a99@group-D0D77289265A:LeaderElection168] INFO  impl.RaftServerImpl (ServerState.java:setLeader(253)) - bcb704dc-2543-42a4-8762-cde039a55a99@group-D0D77289265A: change Leader from null to bcb704dc-2543-42a4-8762-cde039a55a99 at term 1 for becomeLeader, leader elected after 5585ms
2019-09-26 15:39:02,461 [pool-123-thread-1] INFO  storage.RaftStorageDirectory (RaftStorageDirectory.java:tryLock(328)) - Lock on /workdir/hadoop-ozone/integration-test/target/test-dir/MiniOzoneClusterImpl-87962e32-e39f-4c57-b747-30c883c1cc54/datanode-0/data/ratis/832ffb23-d687-41c1-a43f-d95087ede7ee/in_use.lock acquired by nodename 10626@pr-hdds-1569-g6sp5-2013761785
2019-09-26 15:39:02,461 [bcb704dc-2543-42a4-8762-cde039a55a99@group-7399194A29EE:LeaderElection166] INFO  impl.RaftServerImpl (RaftServerImpl.java:setRole(174)) - bcb704dc-2543-42a4-8762-cde039a55a99@group-7399194A29EE: changes role from CANDIDATE to LEADER at term 1 for changeToLeader
2019-09-26 15:39:02,460 [bcb704dc-2543-42a4-8762-cde039a55a99@group-DC10FFC207EF:LeaderElection167] INFO  impl.RoleInfo (RoleInfo.java:shutdownLeaderElection(134)) - bcb704dc-2543-42a4-8762-cde039a55a99: shutdown LeaderElection
2019-09-26 15:39:02,461 [bcb704dc-2543-42a4-8762-cde039a55a99@group-7399194A29EE:LeaderElection166] INFO  impl.RaftServerImpl (ServerState.java:setLeader(253)) - bcb704dc-2543-42a4-8762-cde039a55a99@group-7399194A29EE: change Leader from null to bcb704dc-2543-42a4-8762-cde039a55a99 at term 1 for becomeLeader, leader elected after 5628ms
2019-09-26 15:39:02,461 [bcb704dc-2543-42a4-8762-cde039a55a99@group-D0D77289265A:LeaderElection168] INFO  server.RaftServerConfigKeys (ConfUtils.java:logGet(43)) - raft.server.staging.catchup.gap = 1000 (default)
2019-09-26 15:39:02,461 [bcb704dc-2543-42a4-8762-cde039a55a99@group-CB1176FCD817:LeaderElection165] INFO  impl.RaftServerImpl (RaftServerImpl.java:setRole(174)) - bcb704dc-2543-42a4-8762-cde039a55a99@group-CB1176FCD817: changes role from CANDIDATE to LEADER at term 1 for changeToLeader
2019-09-26 15:39:02,462 [bcb704dc-2543-42a4-8762-cde039a55a99@group-D0D77289265A:LeaderElection168] INFO  server.RaftServerConfigKeys (ConfUtils.java:logGet(43)) - raft.server.rpc.sleep.time = 25ms (default)
2019-09-26 15:39:02,462 [bcb704dc-2543-42a4-8762-cde039a55a99@group-7399194A29EE:LeaderElection166] INFO  server.RaftServerConfigKeys (ConfUtils.java:logGet(43)) - raft.server.staging.catchup.gap = 1000 (default)
2019-09-26 15:39:02,462 [bcb704dc-2543-42a4-8762-cde039a55a99@group-7399194A29EE:LeaderElection166] INFO  server.RaftServerConfigKeys (ConfUtils.java:logGet(43)) - raft.server.rpc.sleep.time = 25ms (default)
2019-09-26 15:39:02,461 [bcb704dc-2543-42a4-8762-cde039a55a99@group-DC10FFC207EF:LeaderElection167] INFO  impl.RaftServerImpl (RaftServerImpl.java:setRole(174)) - bcb704dc-2543-42a4-8762-cde039a55a99@group-DC10FFC207EF: changes role from CANDIDATE to LEADER at term 1 for changeToLeader
2019-09-26 15:39:02,462 [bcb704dc-2543-42a4-8762-cde039a55a99@group-7399194A29EE:LeaderElection166] INFO  server.RaftServerConfigKeys (ConfUtils.java:logGet(43)) - raft.server.write.element-limit = 4096 (default)
2019-09-26 15:39:02,462 [bcb704dc-2543-42a4-8762-cde039a55a99@group-D0D77289265A:LeaderElection168] INFO  server.RaftServerConfigKeys (ConfUtils.java:logGet(43)) - raft.server.write.element-limit = 4096 (default)
2019-09-26 15:39:02,462 [bcb704dc-2543-42a4-8762-cde039a55a99@group-CB1176FCD817:LeaderElection165] INFO  impl.RaftServerImpl (ServerState.java:setLeader(253)) - bcb704dc-2543-42a4-8762-cde039a55a99@group-CB1176FCD817: change Leader from null to bcb704dc-2543-42a4-8762-cde039a55a99 at term 1 for becomeLeader, leader elected after 5547ms
2019-09-26 15:39:02,463 [bcb704dc-2543-42a4-8762-cde039a55a99@group-D0D77289265A:LeaderElection168] INFO  server.RaftServerConfigKeys (ConfUtils.java:logGet(43)) - raft.server.watch.timeout = 10s (default)
2019-09-26 15:39:02,463 [bcb704dc-2543-42a4-8762-cde039a55a99@group-7399194A29EE:LeaderElection166] INFO  server.RaftServerConfigKeys (ConfUtils.java:logGet(43)) - raft.server.watch.timeout = 10s (default)
2019-09-26 15:39:02,463 [bcb704dc-2543-42a4-8762-cde039a55a99@group-7399194A29EE:LeaderElection166] INFO  server.RaftServerConfigKeys (ConfUtils.java:logGet(43)) - raft.server.watch.timeout.denomination = 1s (default)
2019-09-26 15:39:02,462 [bcb704dc-2543-42a4-8762-cde039a55a99@group-DC10FFC207EF:LeaderElection167] INFO  impl.RaftServerImpl (ServerState.java:setLeader(253)) - bcb704dc-2543-42a4-8762-cde039a55a99@group-DC10FFC207EF: change Leader from null to bcb704dc-2543-42a4-8762-cde039a55a99 at term 1 for becomeLeader, leader elected after 5509ms
2019-09-26 15:39:02,463 [bcb704dc-2543-42a4-8762-cde039a55a99@group-7399194A29EE:LeaderElection166] INFO  server.RaftServerConfigKeys (ConfUtils.java:logGet(43)) - raft.server.watch.element-limit = 65536 (default)
2019-09-26 15:39:02,463 [bcb704dc-2543-42a4-8762-cde039a55a99@group-D0D77289265A:LeaderElection168] INFO  server.RaftServerConfigKeys (ConfUtils.java:logGet(43)) - raft.server.watch.timeout.denomination = 1s (default)
2019-09-26 15:39:02,463 [bcb704dc-2543-42a4-8762-cde039a55a99@group-CB1176FCD817:LeaderElection165] INFO  server.RaftServerConfigKeys (ConfUtils.java:logGet(43)) - raft.server.staging.catchup.gap = 1000 (default)
2019-09-26 15:39:02,464 [bcb704dc-2543-42a4-8762-cde039a55a99@group-D0D77289265A:LeaderElection168] INFO  server.RaftServerConfigKeys (ConfUtils.java:logGet(43)) - raft.server.watch.element-limit = 65536 (default)
2019-09-26 15:39:02,463 [bcb704dc-2543-42a4-8762-cde039a55a99@group-DC10FFC207EF:LeaderElection167] INFO  server.RaftServerConfigKeys (ConfUtils.java:logGet(43)) - raft.server.staging.catchup.gap = 1000 (default)
2019-09-26 15:39:02,464 [bcb704dc-2543-42a4-8762-cde039a55a99@group-CB1176FCD817:LeaderElection165] INFO  server.RaftServerConfigKeys (ConfUtils.java:logGet(43)) - raft.server.rpc.sleep.time = 25ms (default)
2019-09-26 15:39:02,464 [bcb704dc-2543-42a4-8762-cde039a55a99@group-DC10FFC207EF:LeaderElection167] INFO  server.RaftServerConfigKeys (ConfUtils.java:logGet(43)) - raft.server.rpc.sleep.time = 25ms (default)
2019-09-26 15:39:02,464 [bcb704dc-2543-42a4-8762-cde039a55a99@group-CB1176FCD817:LeaderElection165] INFO  server.RaftServerConfigKeys (ConfUtils.java:logGet(43)) - raft.server.write.element-limit = 4096 (default)
2019-09-26 15:39:02,464 [bcb704dc-2543-42a4-8762-cde039a55a99@group-DC10FFC207EF:LeaderElection167] INFO  server.RaftServerConfigKeys (ConfUtils.java:logGet(43)) - raft.server.write.element-limit = 4096 (default)
2019-09-26 15:39:02,464 [bcb704dc-2543-42a4-8762-cde039a55a99@group-CB1176FCD817:LeaderElection165] INFO  server.RaftServerConfigKeys (ConfUtils.java:logGet(43)) - raft.server.watch.timeout = 10s (default)
2019-09-26 15:39:02,465 [bcb704dc-2543-42a4-8762-cde039a55a99@group-DC10FFC207EF:LeaderElection167] INFO  server.RaftServerConfigKeys (ConfUtils.java:logGet(43)) - raft.server.watch.timeout = 10s (default)
2019-09-26 15:39:02,465 [bcb704dc-2543-42a4-8762-cde039a55a99@group-CB1176FCD817:LeaderElection165] INFO  server.RaftServerConfigKeys (ConfUtils.java:logGet(43)) - raft.server.watch.timeout.denomination = 1s (default)
2019-09-26 15:39:02,465 [bcb704dc-2543-42a4-8762-cde039a55a99@group-DC10FFC207EF:LeaderElection167] INFO  server.RaftServerConfigKeys (ConfUtils.java:logGet(43)) - raft.server.watch.timeout.denomination = 1s (default)
2019-09-26 15:39:02,465 [bcb704dc-2543-42a4-8762-cde039a55a99@group-CB1176FCD817:LeaderElection165] INFO  server.RaftServerConfigKeys (ConfUtils.java:logGet(43)) - raft.server.watch.element-limit = 65536 (default)
2019-09-26 15:39:02,465 [bcb704dc-2543-42a4-8762-cde039a55a99@group-DC10FFC207EF:LeaderElection167] INFO  server.RaftServerConfigKeys (ConfUtils.java:logGet(43)) - raft.server.watch.element-limit = 65536 (default)
2019-09-26 15:39:02,466 [bcb704dc-2543-42a4-8762-cde039a55a99@group-7399194A29EE:LeaderElection166] INFO  impl.RoleInfo (RoleInfo.java:updateAndGet(143)) - bcb704dc-2543-42a4-8762-cde039a55a99: start LeaderState
2019-09-26 15:39:02,466 [bcb704dc-2543-42a4-8762-cde039a55a99@group-7399194A29EE:LeaderElection166] INFO  segmented.SegmentedRaftLogWorker (SegmentedRaftLogWorker.java:startLogSegment(380)) - bcb704dc-2543-42a4-8762-cde039a55a99@group-7399194A29EE-SegmentedRaftLogWorker: Starting segment from index:0
2019-09-26 15:39:02,467 [bcb704dc-2543-42a4-8762-cde039a55a99@group-D0D77289265A:LeaderElection168] INFO  impl.RoleInfo (RoleInfo.java:updateAndGet(143)) - bcb704dc-2543-42a4-8762-cde039a55a99: start LeaderState
2019-09-26 15:39:02,467 [bcb704dc-2543-42a4-8762-cde039a55a99@group-7399194A29EE:LeaderElection166] INFO  impl.RaftServerImpl (ServerState.java:setRaftConf(354)) - bcb704dc-2543-42a4-8762-cde039a55a99@group-7399194A29EE: set configuration 0: [bcb704dc-2543-42a4-8762-cde039a55a99:192.168.151.99:43663], old=null at 0
2019-09-26 15:39:02,467 [bcb704dc-2543-42a4-8762-cde039a55a99@group-D0D77289265A:LeaderElection168] INFO  segmented.SegmentedRaftLogWorker (SegmentedRaftLogWorker.java:startLogSegment(380)) - bcb704dc-2543-42a4-8762-cde039a55a99@group-D0D77289265A-SegmentedRaftLogWorker: Starting segment from index:0
2019-09-26 15:39:02,950 [pool-123-thread-1] INFO  storage.RaftStorage (RaftStorage.java:format(72)) - Storage directory /workdir/hadoop-ozone/integration-test/target/test-dir/MiniOzoneClusterImpl-87962e32-e39f-4c57-b747-30c883c1cc54/datanode-0/data/ratis/832ffb23-d687-41c1-a43f-d95087ede7ee has been successfully formatted.
2019-09-26 15:39:02,947 [Thread-2087] WARN  util.JavaUtils (JavaUtils.java:sleep(250)) - Unexpected long sleep: sleep(5108ms) actually took 5469ms which is over the threshold 300ms
2019-09-26 15:39:02,952 [pool-123-thread-1] INFO  ratis.ContainerStateMachine (ContainerStateMachine.java:loadSnapshot(230)) - group-D95087EDE7EE: The snapshot info is null. Setting the last applied indexto:(t:0, i:~)
2019-09-26 15:39:02,946 [Thread-2090] WARN  util.JavaUtils (JavaUtils.java:sleep(250)) - Unexpected long sleep: sleep(5081ms) actually took 5431ms which is over the threshold 300ms
2019-09-26 15:39:02,943 [Thread-2096] INFO  impl.FollowerState (FollowerState.java:run(106)) - bcb704dc-2543-42a4-8762-cde039a55a99:group-BE5CDE6B6C20 changes to CANDIDATE, lastRpcTime:5369, electionTimeout:5098ms
2019-09-26 15:39:02,943 [Thread-2099] INFO  impl.FollowerState (FollowerState.java:run(106)) - bcb704dc-2543-42a4-8762-cde039a55a99:group-29694A780B41 changes to CANDIDATE, lastRpcTime:5335, electionTimeout:5071ms
2019-09-26 15:39:02,943 [Thread-2105] INFO  impl.FollowerState (FollowerState.java:run(106)) - bcb704dc-2543-42a4-8762-cde039a55a99:group-D3FDF48AE4AA changes to CANDIDATE, lastRpcTime:5277, electionTimeout:5016ms
2019-09-26 15:39:02,943 [bcb704dc-2543-42a4-8762-cde039a55a99@group-EF1E14F90087-SegmentedRaftLogWorker] ERROR segmented.SegmentedRaftLogWorker (SegmentedRaftLogWorker.java:run(323)) - bcb704dc-2543-42a4-8762-cde039a55a99@group-EF1E14F90087-SegmentedRaftLogWorker hit exception
java.lang.OutOfMemoryError: Direct buffer memory
	at java.nio.Bits.reserveMemory(Bits.java:666)
	at java.nio.DirectByteBuffer.<init>(DirectByteBuffer.java:123)
	at java.nio.ByteBuffer.allocateDirect(ByteBuffer.java:311)
	at org.apache.ratis.server.raftlog.segmented.BufferedWriteChannel.<init>(BufferedWriteChannel.java:41)
	at org.apache.ratis.server.raftlog.segmented.SegmentedRaftLogOutputStream.<init>(SegmentedRaftLogOutputStream.java:72)
	at org.apache.ratis.server.raftlog.segmented.SegmentedRaftLogWorker$StartLogSegment.execute(SegmentedRaftLogWorker.java:566)
	at org.apache.ratis.server.raftlog.segmented.SegmentedRaftLogWorker.run(SegmentedRaftLogWorker.java:289)
	at java.lang.Thread.run(Thread.java:748)
2019-09-26 15:39:03,416 [bcb704dc-2543-42a4-8762-cde039a55a99@group-EF1E14F90087-SegmentedRaftLogWorker] INFO  impl.RaftServerImpl (RaftServerImpl.java:lambda$shutdown$3(251)) - bcb704dc-2543-42a4-8762-cde039a55a99@group-EF1E14F90087: shutdown
2019-09-26 15:39:02,943 [bcb704dc-2543-42a4-8762-cde039a55a99@group-00CBE7366B12-SegmentedRaftLogWorker] ERROR segmented.SegmentedRaftLogWorker (SegmentedRaftLogWorker.java:run(323)) - bcb704dc-2543-42a4-8762-cde039a55a99@group-00CBE7366B12-SegmentedRaftLogWorker hit exception
java.lang.OutOfMemoryError: Direct buffer memory
	at java.nio.Bits.reserveMemory(Bits.java:666)
	at java.nio.DirectByteBuffer.<init>(DirectByteBuffer.java:123)
	at java.nio.ByteBuffer.allocateDirect(ByteBuffer.java:311)
	at org.apache.ratis.server.raftlog.segmented.BufferedWriteChannel.<init>(BufferedWriteChannel.java:41)
	at org.apache.ratis.server.raftlog.segmented.SegmentedRaftLogOutputStream.<init>(SegmentedRaftLogOutputStream.java:72)
	at org.apache.ratis.server.raftlog.segmented.SegmentedRaftLogWorker$StartLogSegment.execute(SegmentedRaftLogWorker.java:566)
	at org.apache.ratis.server.raftlog.segmented.SegmentedRaftLogWorker.run(SegmentedRaftLogWorker.java:289)
	at java.lang.Thread.run(Thread.java:748)
2019-09-26 15:39:03,417 [bcb704dc-2543-42a4-8762-cde039a55a99@group-00CBE7366B12-SegmentedRaftLogWorker] INFO  impl.RaftServerImpl (RaftServerImpl.java:lambda$shutdown$3(251)) - bcb704dc-2543-42a4-8762-cde039a55a99@group-00CBE7366B12: shutdown
2019-09-26 15:39:02,943 [bcb704dc-2543-42a4-8762-cde039a55a99@group-F660A7043B0E-SegmentedRaftLogWorker] ERROR segmented.SegmentedRaftLogWorker (SegmentedRaftLogWorker.java:run(323)) - bcb704dc-2543-42a4-8762-cde039a55a99@group-F660A7043B0E-SegmentedRaftLogWorker hit exception
java.lang.OutOfMemoryError: Direct buffer memory
	at java.nio.Bits.reserveMemory(Bits.java:666)
	at java.nio.DirectByteBuffer.<init>(DirectByteBuffer.java:123)
	at java.nio.ByteBuffer.allocateDirect(ByteBuffer.java:311)
	at org.apache.ratis.server.raftlog.segmented.BufferedWriteChannel.<init>(BufferedWriteChannel.java:41)
	at org.apache.ratis.server.raftlog.segmented.SegmentedRaftLogOutputStream.<init>(SegmentedRaftLogOutputStream.java:72)
	at org.apache.ratis.server.raftlog.segmented.SegmentedRaftLogWorker$StartLogSegment.execute(SegmentedRaftLogWorker.java:566)
	at org.apache.ratis.server.raftlog.segmented.SegmentedRaftLogWorker.run(SegmentedRaftLogWorker.java:289)
	at java.lang.Thread.run(Thread.java:748)
2019-09-26 15:39:03,417 [bcb704dc-2543-42a4-8762-cde039a55a99@group-F660A7043B0E-SegmentedRaftLogWorker] INFO  impl.RaftServerImpl (RaftServerImpl.java:lambda$shutdown$3(251)) - bcb704dc-2543-42a4-8762-cde039a55a99@group-F660A7043B0E: shutdown
2019-09-26 15:39:02,942 [Thread-2093] INFO  impl.FollowerState (FollowerState.java:run(106)) - bcb704dc-2543-42a4-8762-cde039a55a99:group-FF44B23A8D1F changes to CANDIDATE, lastRpcTime:5402, electionTimeout:5160ms
2019-09-26 15:39:02,942 [Thread-2108] INFO  impl.FollowerState (FollowerState.java:run(106)) - bcb704dc-2543-42a4-8762-cde039a55a99:group-5542967D52A3 changes to CANDIDATE, lastRpcTime:5261, electionTimeout:5023ms
2019-09-26 15:39:02,939 [Thread-2114] INFO  impl.FollowerState (FollowerState.java:run(106)) - bcb704dc-2543-42a4-8762-cde039a55a99:group-CDE0182ACA4A changes to CANDIDATE, lastRpcTime:5193, electionTimeout:5025ms
2019-09-26 15:39:02,937 [Thread-2102] INFO  impl.FollowerState (FollowerState.java:run(106)) - bcb704dc-2543-42a4-8762-cde039a55a99:group-4E88BFDC7C13 changes to CANDIDATE, lastRpcTime:5295, electionTimeout:5175ms
2019-09-26 15:39:02,937 [Thread-2111] INFO  impl.FollowerState (FollowerState.java:run(106)) - bcb704dc-2543-42a4-8762-cde039a55a99:group-DEDDB087FD78 changes to CANDIDATE, lastRpcTime:5221, electionTimeout:5116ms
2019-09-26 15:39:02,935 [Thread-2120] INFO  impl.FollowerState (FollowerState.java:run(106)) - bcb704dc-2543-42a4-8762-cde039a55a99:group-280A8A57BC6F changes to CANDIDATE, lastRpcTime:5115, electionTimeout:5048ms
2019-09-26 15:39:02,935 [Thread-2117] INFO  impl.FollowerState (FollowerState.java:run(106)) - bcb704dc-2543-42a4-8762-cde039a55a99:group-B04EACC30477 changes to CANDIDATE, lastRpcTime:5151, electionTimeout:5103ms
2019-09-26 15:39:03,418 [Thread-2120] INFO  impl.RoleInfo (RoleInfo.java:shutdownFollowerState(121)) - bcb704dc-2543-42a4-8762-cde039a55a99: shutdown FollowerState
2019-09-26 15:39:03,418 [Thread-2111] INFO  impl.RoleInfo (RoleInfo.java:shutdownFollowerState(121)) - bcb704dc-2543-42a4-8762-cde039a55a99: shutdown FollowerState
2019-09-26 15:39:03,418 [Thread-2102] INFO  impl.RoleInfo (RoleInfo.java:shutdownFollowerState(121)) - bcb704dc-2543-42a4-8762-cde039a55a99: shutdown FollowerState
2019-09-26 15:39:03,418 [Thread-2114] INFO  impl.RoleInfo (RoleInfo.java:shutdownFollowerState(121)) - bcb704dc-2543-42a4-8762-cde039a55a99: shutdown FollowerState
2019-09-26 15:39:03,419 [Thread-2114] INFO  impl.RaftServerImpl (RaftServerImpl.java:setRole(174)) - bcb704dc-2543-42a4-8762-cde039a55a99@group-CDE0182ACA4A: changes role from  FOLLOWER to CANDIDATE at term 0 for changeToCandidate
2019-09-26 15:39:03,418 [Thread-2108] INFO  impl.RoleInfo (RoleInfo.java:shutdownFollowerState(121)) - bcb704dc-2543-42a4-8762-cde039a55a99: shutdown FollowerState
2019-09-26 15:39:03,417 [Thread-2093] INFO  impl.RoleInfo (RoleInfo.java:shutdownFollowerState(121)) - bcb704dc-2543-42a4-8762-cde039a55a99: shutdown FollowerState
2019-09-26 15:39:03,417 [bcb704dc-2543-42a4-8762-cde039a55a99@group-F660A7043B0E-SegmentedRaftLogWorker] INFO  util.JmxRegister (JmxRegister.java:unregister(73)) - Successfully un-registered JMX Bean with object name Ratis:service=RaftServer,group=group-F660A7043B0E,id=bcb704dc-2543-42a4-8762-cde039a55a99
2019-09-26 15:39:03,419 [bcb704dc-2543-42a4-8762-cde039a55a99@group-F660A7043B0E-SegmentedRaftLogWorker] INFO  impl.RoleInfo (RoleInfo.java:shutdownLeaderState(104)) - bcb704dc-2543-42a4-8762-cde039a55a99: shutdown LeaderState
2019-09-26 15:39:03,417 [bcb704dc-2543-42a4-8762-cde039a55a99@group-00CBE7366B12-SegmentedRaftLogWorker] INFO  util.JmxRegister (JmxRegister.java:unregister(73)) - Successfully un-registered JMX Bean with object name Ratis:service=RaftServer,group=group-00CBE7366B12,id=bcb704dc-2543-42a4-8762-cde039a55a99
2019-09-26 15:39:03,419 [bcb704dc-2543-42a4-8762-cde039a55a99@group-00CBE7366B12-SegmentedRaftLogWorker] INFO  impl.RoleInfo (RoleInfo.java:shutdownLeaderState(104)) - bcb704dc-2543-42a4-8762-cde039a55a99: shutdown LeaderState
2019-09-26 15:39:03,416 [bcb704dc-2543-42a4-8762-cde039a55a99@group-EF1E14F90087-SegmentedRaftLogWorker] INFO  util.JmxRegister (JmxRegister.java:unregister(73)) - Successfully un-registered JMX Bean with object name Ratis:service=RaftServer,group=group-EF1E14F90087,id=bcb704dc-2543-42a4-8762-cde039a55a99
2019-09-26 15:39:03,420 [bcb704dc-2543-42a4-8762-cde039a55a99@group-EF1E14F90087-SegmentedRaftLogWorker] INFO  impl.RoleInfo (RoleInfo.java:shutdownLeaderState(104)) - bcb704dc-2543-42a4-8762-cde039a55a99: shutdown LeaderState
2019-09-26 15:39:03,416 [Thread-2105] INFO  impl.RoleInfo (RoleInfo.java:shutdownFollowerState(121)) - bcb704dc-2543-42a4-8762-cde039a55a99: shutdown FollowerState
2019-09-26 15:39:03,416 [bcb704dc-2543-42a4-8762-cde039a55a99@group-DC10FFC207EF:LeaderElection167] INFO  impl.RoleInfo (RoleInfo.java:updateAndGet(143)) - bcb704dc-2543-42a4-8762-cde039a55a99: start LeaderState
2019-09-26 15:39:03,416 [bcb704dc-2543-42a4-8762-cde039a55a99@group-CB1176FCD817:LeaderElection165] INFO  impl.RoleInfo (RoleInfo.java:updateAndGet(143)) - bcb704dc-2543-42a4-8762-cde039a55a99: start LeaderState
2019-09-26 15:39:03,415 [Thread-2099] INFO  impl.RoleInfo (RoleInfo.java:shutdownFollowerState(121)) - bcb704dc-2543-42a4-8762-cde039a55a99: shutdown FollowerState
2019-09-26 15:39:03,420 [Thread-2099] INFO  impl.RaftServerImpl (RaftServerImpl.java:setRole(174)) - bcb704dc-2543-42a4-8762-cde039a55a99@group-29694A780B41: changes role from  FOLLOWER to CANDIDATE at term 0 for changeToCandidate
2019-09-26 15:39:03,415 [Thread-2096] INFO  impl.RoleInfo (RoleInfo.java:shutdownFollowerState(121)) - bcb704dc-2543-42a4-8762-cde039a55a99: shutdown FollowerState
2019-09-26 15:39:03,415 [Thread-2126] WARN  util.JavaUtils (JavaUtils.java:sleep(250)) - Unexpected long sleep: sleep(5054ms) actually took 5513ms which is over the threshold 300ms
2019-09-26 15:39:03,413 [Thread-2123] WARN  util.JavaUtils (JavaUtils.java:sleep(250)) - Unexpected long sleep: sleep(5140ms) actually took 5552ms which is over the threshold 300ms
2019-09-26 15:39:03,413 [Thread-2129] WARN  util.JavaUtils (JavaUtils.java:sleep(250)) - Unexpected long sleep: sleep(5103ms) actually took 5481ms which is over the threshold 300ms
2019-09-26 15:39:03,412 [Thread-2132] WARN  util.JavaUtils (JavaUtils.java:sleep(250)) - Unexpected long sleep: sleep(5100ms) actually took 5461ms which is over the threshold 300ms
2019-09-26 15:39:03,411 [Thread-2135] WARN  util.JavaUtils (JavaUtils.java:sleep(250)) - Unexpected long sleep: sleep(5082ms) actually took 5410ms which is over the threshold 300ms
2019-09-26 15:39:03,409 [Thread-2138] INFO  impl.FollowerState (FollowerState.java:run(106)) - bcb704dc-2543-42a4-8762-cde039a55a99:group-CAD346B564AD changes to CANDIDATE, lastRpcTime:5370, electionTimeout:5091ms
2019-09-26 15:39:03,401 [Thread-2156] INFO  impl.FollowerState (FollowerState.java:run(106)) - bcb704dc-2543-42a4-8762-cde039a55a99:group-0B9A04D0016D changes to CANDIDATE, lastRpcTime:5134, electionTimeout:5134ms
2019-09-26 15:39:03,398 [Thread-2141] INFO  impl.FollowerState (FollowerState.java:run(106)) - bcb704dc-2543-42a4-8762-cde039a55a99:group-165F9EB473BC changes to CANDIDATE, lastRpcTime:5318, electionTimeout:5163ms
2019-09-26 15:39:03,395 [Thread-2144] INFO  impl.FollowerState (FollowerState.java:run(106)) - bcb704dc-2543-42a4-8762-cde039a55a99:group-AD2BD46986A8 changes to CANDIDATE, lastRpcTime:5274, electionTimeout:5181ms
2019-09-26 15:39:03,395 [Thread-2153] INFO  impl.FollowerState (FollowerState.java:run(106)) - bcb704dc-2543-42a4-8762-cde039a55a99:group-E41E9E7B90A5 changes to CANDIDATE, lastRpcTime:5167, electionTimeout:5090ms
2019-09-26 15:39:03,394 [Thread-2147] INFO  impl.FollowerState (FollowerState.java:run(106)) - bcb704dc-2543-42a4-8762-cde039a55a99:group-FDAD0B55B238 changes to CANDIDATE, lastRpcTime:5231, electionTimeout:5163ms
2019-09-26 15:39:03,394 [Thread-2150] INFO  impl.FollowerState (FollowerState.java:run(106)) - bcb704dc-2543-42a4-8762-cde039a55a99:group-763AB41DED64 changes to CANDIDATE, lastRpcTime:5208, electionTimeout:5149ms
2019-09-26 15:39:02,952 [pool-123-thread-1] INFO  server.RaftServerConfigKeys (ConfUtils.java:logGet(43)) - raft.server.notification.no-leader.timeout = 120s (custom)
2019-09-26 15:39:02,952 [bcb704dc-2543-42a4-8762-cde039a55a99@group-D0D77289265A:LeaderElection168] INFO  impl.RaftServerImpl (ServerState.java:setRaftConf(354)) - bcb704dc-2543-42a4-8762-cde039a55a99@group-D0D77289265A: set configuration 0: [bcb704dc-2543-42a4-8762-cde039a55a99:192.168.151.99:43663], old=null at 0
2019-09-26 15:39:03,422 [pool-123-thread-1] INFO  server.RaftServerConfigKeys (ConfUtils.java:logGet(43)) - raft.server.log.use.memory = false (default)
2019-09-26 15:39:03,422 [Thread-2150] INFO  impl.RoleInfo (RoleInfo.java:shutdownFollowerState(121)) - bcb704dc-2543-42a4-8762-cde039a55a99: shutdown FollowerState
2019-09-26 15:39:03,423 [Thread-2150] INFO  impl.RaftServerImpl (RaftServerImpl.java:setRole(174)) - bcb704dc-2543-42a4-8762-cde039a55a99@group-763AB41DED64: changes role from  FOLLOWER to CANDIDATE at term 0 for changeToCandidate
2019-09-26 15:39:03,422 [Thread-2147] INFO  impl.RoleInfo (RoleInfo.java:shutdownFollowerState(121)) - bcb704dc-2543-42a4-8762-cde039a55a99: shutdown FollowerState
2019-09-26 15:39:03,422 [Thread-2153] INFO  impl.RoleInfo (RoleInfo.java:shutdownFollowerState(121)) - bcb704dc-2543-42a4-8762-cde039a55a99: shutdown FollowerState
2019-09-26 15:39:03,422 [Thread-2144] INFO  impl.RoleInfo (RoleInfo.java:shutdownFollowerState(121)) - bcb704dc-2543-42a4-8762-cde039a55a99: shutdown FollowerState
2019-09-26 15:39:03,423 [Thread-2144] INFO  impl.RaftServerImpl (RaftServerImpl.java:setRole(174)) - bcb704dc-2543-42a4-8762-cde039a55a99@group-AD2BD46986A8: changes role from  FOLLOWER to CANDIDATE at term 0 for changeToCandidate
2019-09-26 15:39:03,422 [Thread-2141] INFO  impl.RoleInfo (RoleInfo.java:shutdownFollowerState(121)) - bcb704dc-2543-42a4-8762-cde039a55a99: shutdown FollowerState
2019-09-26 15:39:03,423 [Thread-2141] INFO  impl.RaftServerImpl (RaftServerImpl.java:setRole(174)) - bcb704dc-2543-42a4-8762-cde039a55a99@group-165F9EB473BC: changes role from  FOLLOWER to CANDIDATE at term 0 for changeToCandidate
2019-09-26 15:39:03,422 [Thread-2138] INFO  impl.RoleInfo (RoleInfo.java:shutdownFollowerState(121)) - bcb704dc-2543-42a4-8762-cde039a55a99: shutdown FollowerState
2019-09-26 15:39:03,423 [Thread-2138] INFO  impl.RaftServerImpl (RaftServerImpl.java:setRole(174)) - bcb704dc-2543-42a4-8762-cde039a55a99@group-CAD346B564AD: changes role from  FOLLOWER to CANDIDATE at term 0 for changeToCandidate
2019-09-26 15:39:03,421 [Thread-2156] INFO  impl.RoleInfo (RoleInfo.java:shutdownFollowerState(121)) - bcb704dc-2543-42a4-8762-cde039a55a99: shutdown FollowerState
2019-09-26 15:39:03,424 [Thread-2156] INFO  impl.RaftServerImpl (RaftServerImpl.java:setRole(174)) - bcb704dc-2543-42a4-8762-cde039a55a99@group-0B9A04D0016D: changes role from  FOLLOWER to CANDIDATE at term 0 for changeToCandidate
2019-09-26 15:39:03,420 [Thread-2096] INFO  impl.RaftServerImpl (RaftServerImpl.java:setRole(174)) - bcb704dc-2543-42a4-8762-cde039a55a99@group-BE5CDE6B6C20: changes role from  FOLLOWER to CANDIDATE at term 0 for changeToCandidate
2019-09-26 15:39:03,420 [Thread-2099] INFO  impl.RoleInfo (RoleInfo.java:updateAndGet(143)) - bcb704dc-2543-42a4-8762-cde039a55a99: start LeaderElection
2019-09-26 15:39:03,420 [bcb704dc-2543-42a4-8762-cde039a55a99@group-CB1176FCD817:LeaderElection165] INFO  segmented.SegmentedRaftLogWorker (SegmentedRaftLogWorker.java:startLogSegment(380)) - bcb704dc-2543-42a4-8762-cde039a55a99@group-CB1176FCD817-SegmentedRaftLogWorker: Starting segment from index:0
2019-09-26 15:39:03,420 [bcb704dc-2543-42a4-8762-cde039a55a99@group-DC10FFC207EF:LeaderElection167] INFO  segmented.SegmentedRaftLogWorker (SegmentedRaftLogWorker.java:startLogSegment(380)) - bcb704dc-2543-42a4-8762-cde039a55a99@group-DC10FFC207EF-SegmentedRaftLogWorker: Starting segment from index:0
2019-09-26 15:39:03,420 [Thread-2105] INFO  impl.RaftServerImpl (RaftServerImpl.java:setRole(174)) - bcb704dc-2543-42a4-8762-cde039a55a99@group-D3FDF48AE4AA: changes role from  FOLLOWER to CANDIDATE at term 0 for changeToCandidate
2019-09-26 15:39:03,420 [bcb704dc-2543-42a4-8762-cde039a55a99@group-EF1E14F90087-SegmentedRaftLogWorker] INFO  impl.PendingRequests (PendingRequests.java:sendNotLeaderResponses(202)) - bcb704dc-2543-42a4-8762-cde039a55a99-PendingRequests: sendNotLeaderResponses
2019-09-26 15:39:03,419 [bcb704dc-2543-42a4-8762-cde039a55a99@group-00CBE7366B12-SegmentedRaftLogWorker] INFO  impl.PendingRequests (PendingRequests.java:sendNotLeaderResponses(202)) - bcb704dc-2543-42a4-8762-cde039a55a99-PendingRequests: sendNotLeaderResponses
2019-09-26 15:39:03,419 [bcb704dc-2543-42a4-8762-cde039a55a99@group-F660A7043B0E-SegmentedRaftLogWorker] INFO  impl.PendingRequests (PendingRequests.java:sendNotLeaderResponses(202)) - bcb704dc-2543-42a4-8762-cde039a55a99-PendingRequests: sendNotLeaderResponses
2019-09-26 15:39:03,419 [Thread-2093] INFO  impl.RaftServerImpl (RaftServerImpl.java:setRole(174)) - bcb704dc-2543-42a4-8762-cde039a55a99@group-FF44B23A8D1F: changes role from  FOLLOWER to CANDIDATE at term 0 for changeToCandidate
2019-09-26 15:39:03,419 [Thread-2108] INFO  impl.RaftServerImpl (RaftServerImpl.java:setRole(174)) - bcb704dc-2543-42a4-8762-cde039a55a99@group-5542967D52A3: changes role from  FOLLOWER to CANDIDATE at term 0 for changeToCandidate
2019-09-26 15:39:03,419 [Thread-2114] INFO  impl.RoleInfo (RoleInfo.java:updateAndGet(143)) - bcb704dc-2543-42a4-8762-cde039a55a99: start LeaderElection
2019-09-26 15:39:03,419 [Thread-2102] INFO  impl.RaftServerImpl (RaftServerImpl.java:setRole(174)) - bcb704dc-2543-42a4-8762-cde039a55a99@group-4E88BFDC7C13: changes role from  FOLLOWER to CANDIDATE at term 0 for changeToCandidate
2019-09-26 15:39:03,418 [Thread-2111] INFO  impl.RaftServerImpl (RaftServerImpl.java:setRole(174)) - bcb704dc-2543-42a4-8762-cde039a55a99@group-DEDDB087FD78: changes role from  FOLLOWER to CANDIDATE at term 0 for changeToCandidate
2019-09-26 15:39:03,418 [Thread-2120] INFO  impl.RaftServerImpl (RaftServerImpl.java:setRole(174)) - bcb704dc-2543-42a4-8762-cde039a55a99@group-280A8A57BC6F: changes role from  FOLLOWER to CANDIDATE at term 0 for changeToCandidate
2019-09-26 15:39:04,171 [Thread-2111] INFO  impl.RoleInfo (RoleInfo.java:updateAndGet(143)) - bcb704dc-2543-42a4-8762-cde039a55a99: start LeaderElection
2019-09-26 15:39:03,418 [Thread-2117] INFO  impl.RoleInfo (RoleInfo.java:shutdownFollowerState(121)) - bcb704dc-2543-42a4-8762-cde039a55a99: shutdown FollowerState
2019-09-26 15:39:04,172 [Thread-2120] INFO  impl.RoleInfo (RoleInfo.java:updateAndGet(143)) - bcb704dc-2543-42a4-8762-cde039a55a99: start LeaderElection
2019-09-26 15:39:04,171 [Thread-2102] INFO  impl.RoleInfo (RoleInfo.java:updateAndGet(143)) - bcb704dc-2543-42a4-8762-cde039a55a99: start LeaderElection
2019-09-26 15:39:04,171 [Thread-2108] INFO  impl.RoleInfo (RoleInfo.java:updateAndGet(143)) - bcb704dc-2543-42a4-8762-cde039a55a99: start LeaderElection
2019-09-26 15:39:04,171 [Thread-2093] INFO  impl.RoleInfo (RoleInfo.java:updateAndGet(143)) - bcb704dc-2543-42a4-8762-cde039a55a99: start LeaderElection
2019-09-26 15:39:04,171 [bcb704dc-2543-42a4-8762-cde039a55a99@group-F660A7043B0E-SegmentedRaftLogWorker] INFO  impl.StateMachineUpdater (StateMachineUpdater.java:stopAndJoin(125)) - bcb704dc-2543-42a4-8762-cde039a55a99@group-F660A7043B0E-StateMachineUpdater: set stopIndex = -1
2019-09-26 15:39:04,173 [bcb704dc-2543-42a4-8762-cde039a55a99@group-F660A7043B0E-SegmentedRaftLogWorker] INFO  impl.RaftServerImpl (ServerState.java:close(385)) - bcb704dc-2543-42a4-8762-cde039a55a99@group-F660A7043B0E: closes. applyIndex: -1
2019-09-26 15:39:04,170 [bcb704dc-2543-42a4-8762-cde039a55a99@group-29694A780B41:LeaderElection170] INFO  impl.LeaderElection (LeaderElection.java:askForVotes(182)) - bcb704dc-2543-42a4-8762-cde039a55a99@group-29694A780B41:LeaderElection170: begin an election at term 1 for -1: [bcb704dc-2543-42a4-8762-cde039a55a99:192.168.151.99:43663], old=null
2019-09-26 15:39:04,173 [bcb704dc-2543-42a4-8762-cde039a55a99@group-29694A780B41:LeaderElection170] INFO  impl.RoleInfo (RoleInfo.java:shutdownLeaderElection(134)) - bcb704dc-2543-42a4-8762-cde039a55a99: shutdown LeaderElection
2019-09-26 15:39:04,173 [bcb704dc-2543-42a4-8762-cde039a55a99@group-F660A7043B0E-SegmentedRaftLogWorker] INFO  segmented.SegmentedRaftLogWorker (SegmentedRaftLogWorker.java:close(228)) - bcb704dc-2543-42a4-8762-cde039a55a99@group-F660A7043B0E-SegmentedRaftLogWorker close()
2019-09-26 15:39:04,169 [Thread-2222] INFO  impl.FollowerState (FollowerState.java:run(106)) - bcb704dc-2543-42a4-8762-cde039a55a99:group-A778D7837BC2 changes to CANDIDATE, lastRpcTime:5376, electionTimeout:5075ms
2019-09-26 15:39:04,167 [Thread-2208] INFO  impl.FollowerState (FollowerState.java:run(106)) - bcb704dc-2543-42a4-8762-cde039a55a99:group-312551D5FA7C changes to CANDIDATE, lastRpcTime:5440, electionTimeout:5188ms
2019-09-26 15:39:04,165 [Thread-2238] INFO  impl.FollowerState (FollowerState.java:run(106)) - bcb704dc-2543-42a4-8762-cde039a55a99:group-353F2047EF06 changes to CANDIDATE, lastRpcTime:5267, electionTimeout:5058ms
2019-09-26 15:39:04,163 [Thread-2228] INFO  impl.FollowerState (FollowerState.java:run(106)) - bcb704dc-2543-42a4-8762-cde039a55a99:group-A0C5D2D9FA46 changes to CANDIDATE, lastRpcTime:5337, electionTimeout:5185ms
2019-09-26 15:39:04,163 [Thread-2249] INFO  impl.FollowerState (FollowerState.java:run(106)) - bcb704dc-2543-42a4-8762-cde039a55a99:group-DA2C5CB8BB65 changes to CANDIDATE, lastRpcTime:5169, electionTimeout:5023ms
2019-09-26 15:39:04,162 [Thread-2235] INFO  impl.FollowerState (FollowerState.java:run(106)) - bcb704dc-2543-42a4-8762-cde039a55a99:group-4B884EBB2E10 changes to CANDIDATE, lastRpcTime:5294, electionTimeout:5160ms
2019-09-26 15:39:04,161 [Thread-2245] INFO  impl.FollowerState (FollowerState.java:run(106)) - bcb704dc-2543-42a4-8762-cde039a55a99:group-7C568138CBDB changes to CANDIDATE, lastRpcTime:5208, electionTimeout:5115ms
2019-09-26 15:39:04,158 [Thread-2241] INFO  impl.FollowerState (FollowerState.java:run(106)) - bcb704dc-2543-42a4-8762-cde039a55a99:group-11C7A05DD744 changes to CANDIDATE, lastRpcTime:5223, electionTimeout:5185ms
2019-09-26 15:39:04,158 [Thread-2264] INFO  impl.FollowerState (FollowerState.java:run(106)) - bcb704dc-2543-42a4-8762-cde039a55a99:group-C84E1EDDFBB1 changes to CANDIDATE, lastRpcTime:5075, electionTimeout:5048ms
2019-09-26 15:39:04,157 [Thread-2254] INFO  impl.FollowerState (FollowerState.java:run(106)) - bcb704dc-2543-42a4-8762-cde039a55a99:group-0A32BFDC6864 changes to CANDIDATE, lastRpcTime:5129, electionTimeout:5112ms
2019-09-26 15:39:04,157 [Thread-2259] INFO  impl.FollowerState (FollowerState.java:run(106)) - bcb704dc-2543-42a4-8762-cde039a55a99:group-4786CBF0DBEA changes to CANDIDATE, lastRpcTime:5097, electionTimeout:5097ms
2019-09-26 15:39:03,837 [bcb704dc-2543-42a4-8762-cde039a55a99@group-00CBE7366B12-SegmentedRaftLogWorker] INFO  impl.StateMachineUpdater (StateMachineUpdater.java:stopAndJoin(125)) - bcb704dc-2543-42a4-8762-cde039a55a99@group-00CBE7366B12-StateMachineUpdater: set stopIndex = -1
2019-09-26 15:39:04,175 [bcb704dc-2543-42a4-8762-cde039a55a99@group-00CBE7366B12-SegmentedRaftLogWorker] INFO  impl.RaftServerImpl (ServerState.java:close(385)) - bcb704dc-2543-42a4-8762-cde039a55a99@group-00CBE7366B12: closes. applyIndex: -1
2019-09-26 15:39:03,837 [bcb704dc-2543-42a4-8762-cde039a55a99@group-EF1E14F90087-SegmentedRaftLogWorker] INFO  impl.StateMachineUpdater (StateMachineUpdater.java:stopAndJoin(125)) - bcb704dc-2543-42a4-8762-cde039a55a99@group-EF1E14F90087-StateMachineUpdater: set stopIndex = -1
2019-09-26 15:39:03,836 [bcb704dc-2543-42a4-8762-cde039a55a99@group-DC10FFC207EF:LeaderElection167] INFO  impl.RaftServerImpl (ServerState.java:setRaftConf(354)) - bcb704dc-2543-42a4-8762-cde039a55a99@group-DC10FFC207EF: set configuration 0: [bcb704dc-2543-42a4-8762-cde039a55a99:192.168.151.99:43663], old=null at 0
2019-09-26 15:39:03,835 [Thread-2162] WARN  util.JavaUtils (JavaUtils.java:sleep(250)) - Unexpected long sleep: sleep(5116ms) actually took 5490ms which is over the threshold 300ms
2019-09-26 15:39:03,835 [Thread-2171] WARN  util.JavaUtils (JavaUtils.java:sleep(250)) - Unexpected long sleep: sleep(5029ms) actually took 5397ms which is over the threshold 300ms
2019-09-26 15:39:03,834 [Thread-2159] WARN  util.JavaUtils (JavaUtils.java:sleep(250)) - Unexpected long sleep: sleep(5185ms) actually took 5529ms which is over the threshold 300ms
2019-09-26 15:39:03,833 [Thread-2165] INFO  impl.FollowerState (FollowerState.java:run(106)) - bcb704dc-2543-42a4-8762-cde039a55a99:group-23B603725A20 changes to CANDIDATE, lastRpcTime:5451, electionTimeout:5167ms
2019-09-26 15:39:03,833 [Thread-2177] INFO  impl.FollowerState (FollowerState.java:run(106)) - bcb704dc-2543-42a4-8762-cde039a55a99:group-82088539EA4F changes to CANDIDATE, lastRpcTime:5307, electionTimeout:5033ms
2019-09-26 15:39:03,831 [Thread-2168] INFO  impl.FollowerState (FollowerState.java:run(106)) - bcb704dc-2543-42a4-8762-cde039a55a99:group-E9033DA04B7D changes to CANDIDATE, lastRpcTime:5412, electionTimeout:5181ms
2019-09-26 15:39:04,176 [Thread-2177] INFO  impl.RoleInfo (RoleInfo.java:shutdownFollowerState(121)) - bcb704dc-2543-42a4-8762-cde039a55a99: shutdown FollowerState
2019-09-26 15:39:03,830 [Thread-2174] INFO  impl.FollowerState (FollowerState.java:run(106)) - bcb704dc-2543-42a4-8762-cde039a55a99:group-8C4E846757B0 changes to CANDIDATE, lastRpcTime:5357, electionTimeout:5154ms
2019-09-26 15:39:03,824 [Thread-2192] INFO  impl.FollowerState (FollowerState.java:run(106)) - bcb704dc-2543-42a4-8762-cde039a55a99:group-A09E01A06194 changes to CANDIDATE, lastRpcTime:5179, electionTimeout:5045ms
2019-09-26 15:39:03,823 [Thread-2187] INFO  impl.FollowerState (FollowerState.java:run(106)) - bcb704dc-2543-42a4-8762-cde039a55a99:group-6B7863180474 changes to CANDIDATE, lastRpcTime:5216, electionTimeout:5136ms
2019-09-26 15:39:03,822 [Thread-2203] INFO  impl.FollowerState (FollowerState.java:run(106)) - bcb704dc-2543-42a4-8762-cde039a55a99:group-008535A2A097 changes to CANDIDATE, lastRpcTime:5133, electionTimeout:5056ms
2019-09-26 15:39:03,822 [Thread-2180] INFO  impl.FollowerState (FollowerState.java:run(106)) - bcb704dc-2543-42a4-8762-cde039a55a99:group-4E34C6955B17 changes to CANDIDATE, lastRpcTime:5258, electionTimeout:5195ms
2019-09-26 15:39:03,821 [Thread-2217] INFO  impl.FollowerState (FollowerState.java:run(106)) - bcb704dc-2543-42a4-8762-cde039a55a99:group-E184EC457834 changes to CANDIDATE, lastRpcTime:5061, electionTimeout:5011ms
2019-09-26 15:39:03,821 [Thread-2197] INFO  impl.FollowerState (FollowerState.java:run(106)) - bcb704dc-2543-42a4-8762-cde039a55a99:group-2D09A842301B changes to CANDIDATE, lastRpcTime:5153, electionTimeout:5126ms
2019-09-26 15:39:03,425 [bcb704dc-2543-42a4-8762-cde039a55a99@group-CB1176FCD817:LeaderElection165] INFO  impl.RaftServerImpl (ServerState.java:setRaftConf(354)) - bcb704dc-2543-42a4-8762-cde039a55a99@group-CB1176FCD817: set configuration 0: [bcb704dc-2543-42a4-8762-cde039a55a99:192.168.151.99:43663], old=null at 0
2019-09-26 15:39:03,425 [Thread-2105] INFO  impl.RoleInfo (RoleInfo.java:updateAndGet(143)) - bcb704dc-2543-42a4-8762-cde039a55a99: start LeaderElection
2019-09-26 15:39:03,424 [Thread-2096] INFO  impl.RoleInfo (RoleInfo.java:updateAndGet(143)) - bcb704dc-2543-42a4-8762-cde039a55a99: start LeaderElection
2019-09-26 15:39:03,424 [Thread-2156] INFO  impl.RoleInfo (RoleInfo.java:updateAndGet(143)) - bcb704dc-2543-42a4-8762-cde039a55a99: start LeaderElection
2019-09-26 15:39:03,424 [Thread-2138] INFO  impl.RoleInfo (RoleInfo.java:updateAndGet(143)) - bcb704dc-2543-42a4-8762-cde039a55a99: start LeaderElection
2019-09-26 15:39:03,423 [Thread-2141] INFO  impl.RoleInfo (RoleInfo.java:updateAndGet(143)) - bcb704dc-2543-42a4-8762-cde039a55a99: start LeaderElection
2019-09-26 15:39:03,423 [Thread-2144] INFO  impl.RoleInfo (RoleInfo.java:updateAndGet(143)) - bcb704dc-2543-42a4-8762-cde039a55a99: start LeaderElection
2019-09-26 15:39:03,423 [Thread-2153] INFO  impl.RaftServerImpl (RaftServerImpl.java:setRole(174)) - bcb704dc-2543-42a4-8762-cde039a55a99@group-E41E9E7B90A5: changes role from  FOLLOWER to CANDIDATE at term 0 for changeToCandidate
2019-09-26 15:39:03,423 [Thread-2147] INFO  impl.RaftServerImpl (RaftServerImpl.java:setRole(174)) - bcb704dc-2543-42a4-8762-cde039a55a99@group-FDAD0B55B238: changes role from  FOLLOWER to CANDIDATE at term 0 for changeToCandidate
2019-09-26 15:39:03,423 [Thread-2150] INFO  impl.RoleInfo (RoleInfo.java:updateAndGet(143)) - bcb704dc-2543-42a4-8762-cde039a55a99: start LeaderElection
2019-09-26 15:39:03,423 [pool-123-thread-1] INFO  server.RaftServerConfigKeys (ConfUtils.java:logGet(43)) - raft.server.log.purge.gap = 1000000 (custom)
2019-09-26 15:39:04,179 [Thread-2147] INFO  impl.RoleInfo (RoleInfo.java:updateAndGet(143)) - bcb704dc-2543-42a4-8762-cde039a55a99: start LeaderElection
2019-09-26 15:39:04,178 [Thread-2153] INFO  impl.RoleInfo (RoleInfo.java:updateAndGet(143)) - bcb704dc-2543-42a4-8762-cde039a55a99: start LeaderElection
2019-09-26 15:39:04,177 [Thread-2197] INFO  impl.RoleInfo (RoleInfo.java:shutdownFollowerState(121)) - bcb704dc-2543-42a4-8762-cde039a55a99: shutdown FollowerState
2019-09-26 15:39:04,177 [Thread-2217] INFO  impl.RoleInfo (RoleInfo.java:shutdownFollowerState(121)) - bcb704dc-2543-42a4-8762-cde039a55a99: shutdown FollowerState
2019-09-26 15:39:04,177 [Thread-2180] INFO  impl.RoleInfo (RoleInfo.java:shutdownFollowerState(121)) - bcb704dc-2543-42a4-8762-cde039a55a99: shutdown FollowerState
2019-09-26 15:39:04,177 [Thread-2203] INFO  impl.RoleInfo (RoleInfo.java:shutdownFollowerState(121)) - bcb704dc-2543-42a4-8762-cde039a55a99: shutdown FollowerState
2019-09-26 15:39:04,180 [Thread-2203] INFO  impl.RaftServerImpl (RaftServerImpl.java:setRole(174)) - bcb704dc-2543-42a4-8762-cde039a55a99@group-008535A2A097: changes role from  FOLLOWER to CANDIDATE at term 0 for changeToCandidate
2019-09-26 15:39:04,177 [Thread-2187] INFO  impl.RoleInfo (RoleInfo.java:shutdownFollowerState(121)) - bcb704dc-2543-42a4-8762-cde039a55a99: shutdown FollowerState
2019-09-26 15:39:04,176 [Thread-2192] INFO  impl.RoleInfo (RoleInfo.java:shutdownFollowerState(121)) - bcb704dc-2543-42a4-8762-cde039a55a99: shutdown FollowerState
2019-09-26 15:39:04,176 [Thread-2174] INFO  impl.RoleInfo (RoleInfo.java:shutdownFollowerState(121)) - bcb704dc-2543-42a4-8762-cde039a55a99: shutdown FollowerState
2019-09-26 15:39:04,176 [Thread-2177] INFO  impl.RaftServerImpl (RaftServerImpl.java:setRole(174)) - bcb704dc-2543-42a4-8762-cde039a55a99@group-82088539EA4F: changes role from  FOLLOWER to CANDIDATE at term 0 for changeToCandidate
2019-09-26 15:39:04,176 [Thread-2168] INFO  impl.RoleInfo (RoleInfo.java:shutdownFollowerState(121)) - bcb704dc-2543-42a4-8762-cde039a55a99: shutdown FollowerState
2019-09-26 15:39:04,176 [Thread-2165] INFO  impl.RoleInfo (RoleInfo.java:shutdownFollowerState(121)) - bcb704dc-2543-42a4-8762-cde039a55a99: shutdown FollowerState
2019-09-26 15:39:04,181 [Thread-2165] INFO  impl.RaftServerImpl (RaftServerImpl.java:setRole(174)) - bcb704dc-2543-42a4-8762-cde039a55a99@group-23B603725A20: changes role from  FOLLOWER to CANDIDATE at term 0 for changeToCandidate
2019-09-26 15:39:04,175 [bcb704dc-2543-42a4-8762-cde039a55a99@group-EF1E14F90087-SegmentedRaftLogWorker] INFO  impl.RaftServerImpl (ServerState.java:close(385)) - bcb704dc-2543-42a4-8762-cde039a55a99@group-EF1E14F90087: closes. applyIndex: -1
2019-09-26 15:39:04,175 [bcb704dc-2543-42a4-8762-cde039a55a99@group-00CBE7366B12-SegmentedRaftLogWorker] INFO  segmented.SegmentedRaftLogWorker (SegmentedRaftLogWorker.java:close(228)) - bcb704dc-2543-42a4-8762-cde039a55a99@group-00CBE7366B12-SegmentedRaftLogWorker close()
2019-09-26 15:39:04,175 [Thread-2254] INFO  impl.RoleInfo (RoleInfo.java:shutdownFollowerState(121)) - bcb704dc-2543-42a4-8762-cde039a55a99: shutdown FollowerState
2019-09-26 15:39:04,175 [Thread-2259] INFO  impl.RoleInfo (RoleInfo.java:shutdownFollowerState(121)) - bcb704dc-2543-42a4-8762-cde039a55a99: shutdown FollowerState
2019-09-26 15:39:04,174 [Thread-2264] INFO  impl.RoleInfo (RoleInfo.java:shutdownFollowerState(121)) - bcb704dc-2543-42a4-8762-cde039a55a99: shutdown FollowerState
2019-09-26 15:39:04,174 [Thread-2241] INFO  impl.RoleInfo (RoleInfo.java:shutdownFollowerState(121)) - bcb704dc-2543-42a4-8762-cde039a55a99: shutdown FollowerState
2019-09-26 15:39:04,174 [Thread-2245] INFO  impl.RoleInfo (RoleInfo.java:shutdownFollowerState(121)) - bcb704dc-2543-42a4-8762-cde039a55a99: shutdown FollowerState
2019-09-26 15:39:04,182 [Thread-2245] INFO  impl.RaftServerImpl (RaftServerImpl.java:setRole(174)) - bcb704dc-2543-42a4-8762-cde039a55a99@group-7C568138CBDB: changes role from  FOLLOWER to CANDIDATE at term 0 for changeToCandidate
2019-09-26 15:39:04,174 [Thread-2235] INFO  impl.RoleInfo (RoleInfo.java:shutdownFollowerState(121)) - bcb704dc-2543-42a4-8762-cde039a55a99: shutdown FollowerState
2019-09-26 15:39:04,174 [Thread-2249] INFO  impl.RoleInfo (RoleInfo.java:shutdownFollowerState(121)) - bcb704dc-2543-42a4-8762-cde039a55a99: shutdown FollowerState
2019-09-26 15:39:04,182 [Thread-2249] INFO  impl.RaftServerImpl (RaftServerImpl.java:setRole(174)) - bcb704dc-2543-42a4-8762-cde039a55a99@group-DA2C5CB8BB65: changes role from  FOLLOWER to CANDIDATE at term 0 for changeToCandidate
2019-09-26 15:39:04,174 [Thread-2228] INFO  impl.RoleInfo (RoleInfo.java:shutdownFollowerState(121)) - bcb704dc-2543-42a4-8762-cde039a55a99: shutdown FollowerState
2019-09-26 15:39:04,182 [Thread-2228] INFO  impl.RaftServerImpl (RaftServerImpl.java:setRole(174)) - bcb704dc-2543-42a4-8762-cde039a55a99@group-A0C5D2D9FA46: changes role from  FOLLOWER to CANDIDATE at term 0 for changeToCandidate
2019-09-26 15:39:04,174 [Thread-2238] INFO  impl.RoleInfo (RoleInfo.java:shutdownFollowerState(121)) - bcb704dc-2543-42a4-8762-cde039a55a99: shutdown FollowerState
2019-09-26 15:39:04,173 [Thread-2208] INFO  impl.RoleInfo (RoleInfo.java:shutdownFollowerState(121)) - bcb704dc-2543-42a4-8762-cde039a55a99: shutdown FollowerState
2019-09-26 15:39:04,183 [Thread-2208] INFO  impl.RaftServerImpl (RaftServerImpl.java:setRole(174)) - bcb704dc-2543-42a4-8762-cde039a55a99@group-312551D5FA7C: changes role from  FOLLOWER to CANDIDATE at term 0 for changeToCandidate
2019-09-26 15:39:04,173 [Thread-2222] INFO  impl.RoleInfo (RoleInfo.java:shutdownFollowerState(121)) - bcb704dc-2543-42a4-8762-cde039a55a99: shutdown FollowerState
2019-09-26 15:39:04,183 [Thread-2222] INFO  impl.RaftServerImpl (RaftServerImpl.java:setRole(174)) - bcb704dc-2543-42a4-8762-cde039a55a99@group-A778D7837BC2: changes role from  FOLLOWER to CANDIDATE at term 0 for changeToCandidate
2019-09-26 15:39:04,173 [bcb704dc-2543-42a4-8762-cde039a55a99@group-29694A780B41:LeaderElection170] INFO  impl.RaftServerImpl (RaftServerImpl.java:setRole(174)) - bcb704dc-2543-42a4-8762-cde039a55a99@group-29694A780B41: changes role from CANDIDATE to LEADER at term 1 for changeToLeader
2019-09-26 15:39:04,172 [Thread-2117] INFO  impl.RaftServerImpl (RaftServerImpl.java:setRole(174)) - bcb704dc-2543-42a4-8762-cde039a55a99@group-B04EACC30477: changes role from  FOLLOWER to CANDIDATE at term 0 for changeToCandidate
2019-09-26 15:39:04,183 [bcb704dc-2543-42a4-8762-cde039a55a99@group-29694A780B41:LeaderElection170] INFO  impl.RaftServerImpl (ServerState.java:setLeader(253)) - bcb704dc-2543-42a4-8762-cde039a55a99@group-29694A780B41: change Leader from null to bcb704dc-2543-42a4-8762-cde039a55a99 at term 1 for becomeLeader, leader elected after 6578ms
2019-09-26 15:39:04,183 [Thread-2222] INFO  impl.RoleInfo (RoleInfo.java:updateAndGet(143)) - bcb704dc-2543-42a4-8762-cde039a55a99: start LeaderElection
2019-09-26 15:39:04,183 [Thread-2208] INFO  impl.RoleInfo (RoleInfo.java:updateAndGet(143)) - bcb704dc-2543-42a4-8762-cde039a55a99: start LeaderElection
2019-09-26 15:39:04,182 [Thread-2238] INFO  impl.RaftServerImpl (RaftServerImpl.java:setRole(174)) - bcb704dc-2543-42a4-8762-cde039a55a99@group-353F2047EF06: changes role from  FOLLOWER to CANDIDATE at term 0 for changeToCandidate
2019-09-26 15:39:04,182 [Thread-2228] INFO  impl.RoleInfo (RoleInfo.java:updateAndGet(143)) - bcb704dc-2543-42a4-8762-cde039a55a99: start LeaderElection
2019-09-26 15:39:04,182 [Thread-2249] INFO  impl.RoleInfo (RoleInfo.java:updateAndGet(143)) - bcb704dc-2543-42a4-8762-cde039a55a99: start LeaderElection
2019-09-26 15:39:04,182 [Thread-2235] INFO  impl.RaftServerImpl (RaftServerImpl.java:setRole(174)) - bcb704dc-2543-42a4-8762-cde039a55a99@group-4B884EBB2E10: changes role from  FOLLOWER to CANDIDATE at term 0 for changeToCandidate
2019-09-26 15:39:04,182 [Thread-2245] INFO  impl.RoleInfo (RoleInfo.java:updateAndGet(143)) - bcb704dc-2543-42a4-8762-cde039a55a99: start LeaderElection
2019-09-26 15:39:04,182 [Thread-2241] INFO  impl.RaftServerImpl (RaftServerImpl.java:setRole(174)) - bcb704dc-2543-42a4-8762-cde039a55a99@group-11C7A05DD744: changes role from  FOLLOWER to CANDIDATE at term 0 for changeToCandidate
2019-09-26 15:39:04,181 [Thread-2264] INFO  impl.RaftServerImpl (RaftServerImpl.java:setRole(174)) - bcb704dc-2543-42a4-8762-cde039a55a99@group-C84E1EDDFBB1: changes role from  FOLLOWER to CANDIDATE at term 0 for changeToCandidate
2019-09-26 15:39:04,184 [Thread-2241] INFO  impl.RoleInfo (RoleInfo.java:updateAndGet(143)) - bcb704dc-2543-42a4-8762-cde039a55a99: start LeaderElection
2019-09-26 15:39:04,181 [Thread-2259] INFO  impl.RaftServerImpl (RaftServerImpl.java:setRole(174)) - bcb704dc-2543-42a4-8762-cde039a55a99@group-4786CBF0DBEA: changes role from  FOLLOWER to CANDIDATE at term 0 for changeToCandidate
2019-09-26 15:39:04,181 [Thread-2254] INFO  impl.RaftServerImpl (RaftServerImpl.java:setRole(174)) - bcb704dc-2543-42a4-8762-cde039a55a99@group-0A32BFDC6864: changes role from  FOLLOWER to CANDIDATE at term 0 for changeToCandidate
2019-09-26 15:39:04,181 [bcb704dc-2543-42a4-8762-cde039a55a99@group-EF1E14F90087-SegmentedRaftLogWorker] INFO  segmented.SegmentedRaftLogWorker (SegmentedRaftLogWorker.java:close(228)) - bcb704dc-2543-42a4-8762-cde039a55a99@group-EF1E14F90087-SegmentedRaftLogWorker close()
2019-09-26 15:39:04,181 [Thread-2165] INFO  impl.RoleInfo (RoleInfo.java:updateAndGet(143)) - bcb704dc-2543-42a4-8762-cde039a55a99: start LeaderElection
2019-09-26 15:39:04,180 [Thread-2168] INFO  impl.RaftServerImpl (RaftServerImpl.java:setRole(174)) - bcb704dc-2543-42a4-8762-cde039a55a99@group-E9033DA04B7D: changes role from  FOLLOWER to CANDIDATE at term 0 for changeToCandidate
2019-09-26 15:39:04,180 [Thread-2177] INFO  impl.RoleInfo (RoleInfo.java:updateAndGet(143)) - bcb704dc-2543-42a4-8762-cde039a55a99: start LeaderElection
2019-09-26 15:39:04,180 [Thread-2174] INFO  impl.RaftServerImpl (RaftServerImpl.java:setRole(174)) - bcb704dc-2543-42a4-8762-cde039a55a99@group-8C4E846757B0: changes role from  FOLLOWER to CANDIDATE at term 0 for changeToCandidate
2019-09-26 15:39:04,180 [Thread-2192] INFO  impl.RaftServerImpl (RaftServerImpl.java:setRole(174)) - bcb704dc-2543-42a4-8762-cde039a55a99@group-A09E01A06194: changes role from  FOLLOWER to CANDIDATE at term 0 for changeToCandidate
2019-09-26 15:39:04,180 [Thread-2187] INFO  impl.RaftServerImpl (RaftServerImpl.java:setRole(174)) - bcb704dc-2543-42a4-8762-cde039a55a99@group-6B7863180474: changes role from  FOLLOWER to CANDIDATE at term 0 for changeToCandidate
2019-09-26 15:39:04,180 [Thread-2203] INFO  impl.RoleInfo (RoleInfo.java:updateAndGet(143)) - bcb704dc-2543-42a4-8762-cde039a55a99: start LeaderElection
2019-09-26 15:39:04,180 [Thread-2180] INFO  impl.RaftServerImpl (RaftServerImpl.java:setRole(174)) - bcb704dc-2543-42a4-8762-cde039a55a99@group-4E34C6955B17: changes role from  FOLLOWER to CANDIDATE at term 0 for changeToCandidate
2019-09-26 15:39:04,180 [Thread-2217] INFO  impl.RaftServerImpl (RaftServerImpl.java:setRole(174)) - bcb704dc-2543-42a4-8762-cde039a55a99@group-E184EC457834: changes role from  FOLLOWER to CANDIDATE at term 0 for changeToCandidate
2019-09-26 15:39:04,179 [Thread-2197] INFO  impl.RaftServerImpl (RaftServerImpl.java:setRole(174)) - bcb704dc-2543-42a4-8762-cde039a55a99@group-2D09A842301B: changes role from  FOLLOWER to CANDIDATE at term 0 for changeToCandidate
2019-09-26 15:39:04,179 [pool-123-thread-1] INFO  server.RaftServerConfigKeys (ConfUtils.java:logGet(43)) - raft.server.log.appender.buffer.byte-limit = 33554432 (custom)
2019-09-26 15:39:04,186 [Thread-2197] INFO  impl.RoleInfo (RoleInfo.java:updateAndGet(143)) - bcb704dc-2543-42a4-8762-cde039a55a99: start LeaderElection
2019-09-26 15:39:04,186 [Thread-2217] INFO  impl.RoleInfo (RoleInfo.java:updateAndGet(143)) - bcb704dc-2543-42a4-8762-cde039a55a99: start LeaderElection
2019-09-26 15:39:04,186 [Thread-2180] INFO  impl.RoleInfo (RoleInfo.java:updateAndGet(143)) - bcb704dc-2543-42a4-8762-cde039a55a99: start LeaderElection
2019-09-26 15:39:04,186 [Thread-2187] INFO  impl.RoleInfo (RoleInfo.java:updateAndGet(143)) - bcb704dc-2543-42a4-8762-cde039a55a99: start LeaderElection
2019-09-26 15:39:04,186 [Thread-2192] INFO  impl.RoleInfo (RoleInfo.java:updateAndGet(143)) - bcb704dc-2543-42a4-8762-cde039a55a99: start LeaderElection
2019-09-26 15:39:04,186 [Thread-2174] INFO  impl.RoleInfo (RoleInfo.java:updateAndGet(143)) - bcb704dc-2543-42a4-8762-cde039a55a99: start LeaderElection
2019-09-26 15:39:04,185 [Thread-2168] INFO  impl.RoleInfo (RoleInfo.java:updateAndGet(143)) - bcb704dc-2543-42a4-8762-cde039a55a99: start LeaderElection
2019-09-26 15:39:04,185 [Thread-2254] INFO  impl.RoleInfo (RoleInfo.java:updateAndGet(143)) - bcb704dc-2543-42a4-8762-cde039a55a99: start LeaderElection
2019-09-26 15:39:04,185 [Thread-2259] INFO  impl.RoleInfo (RoleInfo.java:updateAndGet(143)) - bcb704dc-2543-42a4-8762-cde039a55a99: start LeaderElection
2019-09-26 15:39:04,185 [Thread-2264] INFO  impl.RoleInfo (RoleInfo.java:updateAndGet(143)) - bcb704dc-2543-42a4-8762-cde039a55a99: start LeaderElection
2019-09-26 15:39:04,184 [Thread-2235] INFO  impl.RoleInfo (RoleInfo.java:updateAndGet(143)) - bcb704dc-2543-42a4-8762-cde039a55a99: start LeaderElection
2019-09-26 15:39:04,184 [Thread-2238] INFO  impl.RoleInfo (RoleInfo.java:updateAndGet(143)) - bcb704dc-2543-42a4-8762-cde039a55a99: start LeaderElection
2019-09-26 15:39:04,183 [bcb704dc-2543-42a4-8762-cde039a55a99@group-29694A780B41:LeaderElection170] INFO  server.RaftServerConfigKeys (ConfUtils.java:logGet(43)) - raft.server.staging.catchup.gap = 1000 (default)
2019-09-26 15:39:04,183 [Thread-2117] INFO  impl.RoleInfo (RoleInfo.java:updateAndGet(143)) - bcb704dc-2543-42a4-8762-cde039a55a99: start LeaderElection
2019-09-26 15:39:04,188 [bcb704dc-2543-42a4-8762-cde039a55a99@group-29694A780B41:LeaderElection170] INFO  server.RaftServerConfigKeys (ConfUtils.java:logGet(43)) - raft.server.rpc.sleep.time = 25ms (default)
2019-09-26 15:39:04,187 [pool-123-thread-1] INFO  server.RaftServerConfigKeys (ConfUtils.java:logGet(43)) - raft.server.log.segment.size.max = 1048576 (custom)
2019-09-26 15:39:04,189 [pool-123-thread-1] INFO  server.RaftServerConfigKeys (ConfUtils.java:logGet(43)) - raft.server.log.segment.cache.num.max = 2 (custom)
2019-09-26 15:39:04,189 [pool-123-thread-1] INFO  segmented.SegmentedRaftLogWorker (SegmentedRaftLogWorker.java:<init>(172)) - new bcb704dc-2543-42a4-8762-cde039a55a99@group-D95087EDE7EE-SegmentedRaftLogWorker for RaftStorage:Storage Directory /workdir/hadoop-ozone/integration-test/target/test-dir/MiniOzoneClusterImpl-87962e32-e39f-4c57-b747-30c883c1cc54/datanode-0/data/ratis/832ffb23-d687-41c1-a43f-d95087ede7ee
2019-09-26 15:39:04,189 [bcb704dc-2543-42a4-8762-cde039a55a99@group-29694A780B41:LeaderElection170] INFO  server.RaftServerConfigKeys (ConfUtils.java:logGet(43)) - raft.server.write.element-limit = 4096 (default)
2019-09-26 15:39:04,189 [pool-123-thread-1] INFO  server.RaftServerConfigKeys (ConfUtils.java:logGet(43)) - raft.server.log.queue.byte-limit = 2147483647 (custom)
2019-09-26 15:39:04,189 [bcb704dc-2543-42a4-8762-cde039a55a99@group-29694A780B41:LeaderElection170] INFO  server.RaftServerConfigKeys (ConfUtils.java:logGet(43)) - raft.server.watch.timeout = 10s (default)
2019-09-26 15:39:04,189 [pool-123-thread-1] INFO  server.RaftServerConfigKeys (ConfUtils.java:logGet(43)) - raft.server.log.queue.element-limit = 1024 (custom)
2019-09-26 15:39:04,189 [bcb704dc-2543-42a4-8762-cde039a55a99@group-29694A780B41:LeaderElection170] INFO  server.RaftServerConfigKeys (ConfUtils.java:logGet(43)) - raft.server.watch.timeout.denomination = 1s (default)
2019-09-26 15:39:04,190 [pool-123-thread-1] INFO  server.RaftServerConfigKeys (ConfUtils.java:logGet(43)) - raft.server.log.segment.size.max = 1048576 (custom)
2019-09-26 15:39:04,190 [bcb704dc-2543-42a4-8762-cde039a55a99@group-29694A780B41:LeaderElection170] INFO  server.RaftServerConfigKeys (ConfUtils.java:logGet(43)) - raft.server.watch.element-limit = 65536 (default)
2019-09-26 15:39:04,190 [pool-123-thread-1] INFO  server.RaftServerConfigKeys (ConfUtils.java:logGet(43)) - raft.server.log.preallocated.size = 16384 (custom)
2019-09-26 15:39:04,190 [pool-123-thread-1] INFO  server.RaftServerConfigKeys (ConfUtils.java:logGet(43)) - raft.server.log.write.buffer.size = 33554432 (custom)
2019-09-26 15:39:04,190 [pool-123-thread-1] INFO  server.RaftServerConfigKeys (ConfUtils.java:logGet(43)) - raft.server.log.force.sync.num = 128 (default)
2019-09-26 15:39:04,191 [pool-123-thread-1] INFO  server.RaftServerConfigKeys (ConfUtils.java:logGet(43)) - raft.server.log.statemachine.data.sync = true (default)
2019-09-26 15:39:04,191 [pool-123-thread-1] INFO  server.RaftServerConfigKeys (ConfUtils.java:logGet(43)) - raft.server.log.statemachine.data.sync.timeout = 10s (default)
2019-09-26 15:39:04,191 [pool-123-thread-1] INFO  server.RaftServerConfigKeys (ConfUtils.java:logGet(43)) - raft.server.log.statemachine.data.sync.timeout.retry = -1 (default)
2019-09-26 15:39:04,191 [pool-123-thread-1] INFO  server.RaftServerConfigKeys (ConfUtils.java:logGet(43)) - raft.server.log.statemachine.data.caching.enabled = true (custom)
2019-09-26 15:39:04,191 [pool-123-thread-1] INFO  segmented.SegmentedRaftLogWorker (SegmentedRaftLogWorker.java:lambda$new$0(132)) - bcb704dc-2543-42a4-8762-cde039a55a99@group-D95087EDE7EE-SegmentedRaftLogWorker: flushIndex: setUnconditionally 0 -> -1
2019-09-26 15:39:04,192 [pool-123-thread-1] INFO  server.RaftServerConfigKeys (ConfUtils.java:logGet(43)) - raft.server.snapshot.auto.trigger.enabled = true (custom)
2019-09-26 15:39:04,192 [pool-123-thread-1] INFO  server.RaftServerConfigKeys (ConfUtils.java:logGet(43)) - raft.server.snapshot.auto.trigger.threshold = 10000 (custom)
2019-09-26 15:39:04,192 [bcb704dc-2543-42a4-8762-cde039a55a99@group-29694A780B41:LeaderElection170] INFO  impl.RoleInfo (RoleInfo.java:updateAndGet(143)) - bcb704dc-2543-42a4-8762-cde039a55a99: start LeaderState
2019-09-26 15:39:04,192 [pool-123-thread-1] INFO  server.RaftServerConfigKeys (ConfUtils.java:logGet(43)) - raft.server.snapshot.retention.num.files = 5 (custom)
2019-09-26 15:39:04,192 [bcb704dc-2543-42a4-8762-cde039a55a99@group-29694A780B41:LeaderElection170] INFO  segmented.SegmentedRaftLogWorker (SegmentedRaftLogWorker.java:startLogSegment(380)) - bcb704dc-2543-42a4-8762-cde039a55a99@group-29694A780B41-SegmentedRaftLogWorker: Starting segment from index:0
2019-09-26 15:39:04,192 [pool-123-thread-1] INFO  server.RaftServerConfigKeys (ConfUtils.java:logGet(43)) - raft.server.retrycache.expirytime = 600000ms (custom)
2019-09-26 15:39:04,193 [bcb704dc-2543-42a4-8762-cde039a55a99@group-29694A780B41:LeaderElection170] INFO  impl.RaftServerImpl (ServerState.java:setRaftConf(354)) - bcb704dc-2543-42a4-8762-cde039a55a99@group-29694A780B41: set configuration 0: [bcb704dc-2543-42a4-8762-cde039a55a99:192.168.151.99:43663], old=null at 0
2019-09-26 15:39:04,194 [pool-123-thread-1] INFO  impl.RaftServerImpl (RaftServerImpl.java:start(185)) - bcb704dc-2543-42a4-8762-cde039a55a99@group-D95087EDE7EE: start as a follower, conf=-1: [bcb704dc-2543-42a4-8762-cde039a55a99:192.168.151.99:43663], old=null
2019-09-26 15:39:04,194 [pool-123-thread-1] INFO  impl.RaftServerImpl (RaftServerImpl.java:setRole(174)) - bcb704dc-2543-42a4-8762-cde039a55a99@group-D95087EDE7EE: changes role from      null to FOLLOWER at term 0 for startAsFollower
2019-09-26 15:39:04,195 [pool-123-thread-1] INFO  impl.RoleInfo (RoleInfo.java:updateAndGet(143)) - bcb704dc-2543-42a4-8762-cde039a55a99: start FollowerState
2019-09-26 15:39:04,195 [pool-123-thread-1] INFO  util.JmxRegister (JmxRegister.java:tryRegister(44)) - Successfully registered JMX Bean with object name Ratis:service=RaftServer,group=group-D95087EDE7EE,id=bcb704dc-2543-42a4-8762-cde039a55a99
2019-09-26 15:39:04,197 [RatisPipelineUtilsThread] INFO  pipeline.PipelineStateManager (PipelineStateManager.java:addPipeline(56)) - Created pipeline Pipeline[ Id: 832ffb23-d687-41c1-a43f-d95087ede7ee, Nodes: bcb704dc-2543-42a4-8762-cde039a55a99{ip: 192.168.151.99, host: pr-hdds-1569-g6sp5-2013761785, networkLocation: /default-rack, certSerialId: null}, Type:RATIS, Factor:ONE, State:OPEN]
2019-09-26 15:39:04,201 [grpc-default-executor-0] INFO  impl.RaftServerProxy (RaftServerProxy.java:addNew(89)) - bcb704dc-2543-42a4-8762-cde039a55a99: addNew group-0423DF0ED906:[bcb704dc-2543-42a4-8762-cde039a55a99:192.168.151.99:43663] returns group-0423DF0ED906:java.util.concurrent.CompletableFuture@20d56d20[Not completed]
2019-09-26 15:39:04,202 [pool-123-thread-1] INFO  impl.RaftServerImpl (RaftServerImpl.java:<init>(95)) - bcb704dc-2543-42a4-8762-cde039a55a99: new RaftServerImpl for group-0423DF0ED906:[bcb704dc-2543-42a4-8762-cde039a55a99:192.168.151.99:43663] with ContainerStateMachine:uninitialized
2019-09-26 15:39:04,202 [pool-123-thread-1] INFO  server.RaftServerConfigKeys (ConfUtils.java:logGet(43)) - raft.server.rpc.timeout.min = 5s (custom)
2019-09-26 15:39:04,202 [pool-123-thread-1] INFO  server.RaftServerConfigKeys (ConfUtils.java:logGet(43)) - raft.server.rpc.timeout.max = 5200ms (custom)
2019-09-26 15:39:04,203 [pool-123-thread-1] INFO  server.RaftServerConfigKeys (ConfUtils.java:logGet(43)) - raft.server.rpcslowness.timeout = 120s (custom)
2019-09-26 15:39:04,203 [pool-123-thread-1] INFO  server.RaftServerConfigKeys (ConfUtils.java:logGet(43)) - raft.server.sleep.deviation.threshold = 300 (default)
2019-09-26 15:39:04,203 [pool-123-thread-1] INFO  server.RaftServerConfigKeys (ConfUtils.java:logGet(43)) - raft.server.log.appender.install.snapshot.enabled = false (custom)
2019-09-26 15:39:04,203 [pool-123-thread-1] INFO  impl.RaftServerImpl (ServerState.java:<init>(103)) - bcb704dc-2543-42a4-8762-cde039a55a99@group-0423DF0ED906: ConfigurationManager, init=-1: [bcb704dc-2543-42a4-8762-cde039a55a99:192.168.151.99:43663], old=null, confs=<EMPTY_MAP>
2019-09-26 15:39:04,203 [pool-123-thread-1] INFO  server.RaftServerConfigKeys (ConfUtils.java:logGet(43)) - raft.server.storage.dir = [/workdir/hadoop-ozone/integration-test/target/test-dir/MiniOzoneClusterImpl-87962e32-e39f-4c57-b747-30c883c1cc54/datanode-0/data/ratis] (custom)
2019-09-26 15:39:04,204 [pool-123-thread-1] INFO  storage.RaftStorageDirectory (RaftStorageDirectory.java:analyzeStorage(246)) - The storage directory /workdir/hadoop-ozone/integration-test/target/test-dir/MiniOzoneClusterImpl-87962e32-e39f-4c57-b747-30c883c1cc54/datanode-0/data/ratis/e938377e-2518-4410-8d2d-0423df0ed906 does not exist. Creating ...
2019-09-26 15:39:04,619 [Thread-2313] INFO  impl.FollowerState (FollowerState.java:run(106)) - bcb704dc-2543-42a4-8762-cde039a55a99:group-DEF52561270D changes to CANDIDATE, lastRpcTime:5006, electionTimeout:5003ms
2019-09-26 15:39:04,619 [Thread-2313] INFO  impl.RoleInfo (RoleInfo.java:shutdownFollowerState(121)) - bcb704dc-2543-42a4-8762-cde039a55a99: shutdown FollowerState
2019-09-26 15:39:04,620 [Thread-2313] INFO  impl.RaftServerImpl (RaftServerImpl.java:setRole(174)) - bcb704dc-2543-42a4-8762-cde039a55a99@group-DEF52561270D: changes role from  FOLLOWER to CANDIDATE at term 0 for changeToCandidate
2019-09-26 15:39:04,620 [Thread-2313] INFO  impl.RoleInfo (RoleInfo.java:updateAndGet(143)) - bcb704dc-2543-42a4-8762-cde039a55a99: start LeaderElection
2019-09-26 15:39:04,622 [Thread-2293] INFO  impl.FollowerState (FollowerState.java:run(106)) - bcb704dc-2543-42a4-8762-cde039a55a99:group-0C31D75A80BF changes to CANDIDATE, lastRpcTime:5242, electionTimeout:5167ms
2019-09-26 15:39:04,622 [Thread-2293] INFO  impl.RoleInfo (RoleInfo.java:shutdownFollowerState(121)) - bcb704dc-2543-42a4-8762-cde039a55a99: shutdown FollowerState
2019-09-26 15:39:04,622 [Thread-2293] INFO  impl.RaftServerImpl (RaftServerImpl.java:setRole(174)) - bcb704dc-2543-42a4-8762-cde039a55a99@group-0C31D75A80BF: changes role from  FOLLOWER to CANDIDATE at term 0 for changeToCandidate
2019-09-26 15:39:04,622 [Thread-2293] INFO  impl.RoleInfo (RoleInfo.java:updateAndGet(143)) - bcb704dc-2543-42a4-8762-cde039a55a99: start LeaderElection
2019-09-26 15:39:04,623 [bcb704dc-2543-42a4-8762-cde039a55a99@group-4E88BFDC7C13:LeaderElection180] INFO  impl.LeaderElection (LeaderElection.java:askForVotes(182)) - bcb704dc-2543-42a4-8762-cde039a55a99@group-4E88BFDC7C13:LeaderElection180: begin an election at term 1 for -1: [bcb704dc-2543-42a4-8762-cde039a55a99:192.168.151.99:43663], old=null
2019-09-26 15:39:04,623 [bcb704dc-2543-42a4-8762-cde039a55a99@group-CAD346B564AD:LeaderElection174] INFO  impl.LeaderElection (LeaderElection.java:askForVotes(182)) - bcb704dc-2543-42a4-8762-cde039a55a99@group-CAD346B564AD:LeaderElection174: begin an election at term 1 for -1: [bcb704dc-2543-42a4-8762-cde039a55a99:192.168.151.99:43663], old=null
2019-09-26 15:39:04,624 [bcb704dc-2543-42a4-8762-cde039a55a99@group-165F9EB473BC:LeaderElection173] INFO  impl.LeaderElection (LeaderElection.java:askForVotes(182)) - bcb704dc-2543-42a4-8762-cde039a55a99@group-165F9EB473BC:LeaderElection173: begin an election at term 1 for -1: [bcb704dc-2543-42a4-8762-cde039a55a99:192.168.151.99:43663], old=null
2019-09-26 15:39:04,624 [bcb704dc-2543-42a4-8762-cde039a55a99@group-BE5CDE6B6C20:LeaderElection176] INFO  impl.LeaderElection (LeaderElection.java:askForVotes(182)) - bcb704dc-2543-42a4-8762-cde039a55a99@group-BE5CDE6B6C20:LeaderElection176: begin an election at term 1 for -1: [bcb704dc-2543-42a4-8762-cde039a55a99:192.168.151.99:43663], old=null
2019-09-26 15:39:04,624 [bcb704dc-2543-42a4-8762-cde039a55a99@group-0B9A04D0016D:LeaderElection175] INFO  impl.LeaderElection (LeaderElection.java:askForVotes(182)) - bcb704dc-2543-42a4-8762-cde039a55a99@group-0B9A04D0016D:LeaderElection175: begin an election at term 1 for -1: [bcb704dc-2543-42a4-8762-cde039a55a99:192.168.151.99:43663], old=null
2019-09-26 15:39:04,624 [bcb704dc-2543-42a4-8762-cde039a55a99@group-4E88BFDC7C13:LeaderElection180] INFO  impl.RoleInfo (RoleInfo.java:shutdownLeaderElection(134)) - bcb704dc-2543-42a4-8762-cde039a55a99: shutdown LeaderElection
2019-09-26 15:39:04,623 [bcb704dc-2543-42a4-8762-cde039a55a99@group-FF44B23A8D1F:LeaderElection178] INFO  impl.LeaderElection (LeaderElection.java:askForVotes(182)) - bcb704dc-2543-42a4-8762-cde039a55a99@group-FF44B23A8D1F:LeaderElection178: begin an election at term 1 for -1: [bcb704dc-2543-42a4-8762-cde039a55a99:192.168.151.99:43663], old=null
2019-09-26 15:39:04,623 [bcb704dc-2543-42a4-8762-cde039a55a99@group-FDAD0B55B238:LeaderElection184] INFO  impl.LeaderElection (LeaderElection.java:askForVotes(182)) - bcb704dc-2543-42a4-8762-cde039a55a99@group-FDAD0B55B238:LeaderElection184: begin an election at term 1 for -1: [bcb704dc-2543-42a4-8762-cde039a55a99:192.168.151.99:43663], old=null
2019-09-26 15:39:04,623 [bcb704dc-2543-42a4-8762-cde039a55a99@group-280A8A57BC6F:LeaderElection182] INFO  impl.LeaderElection (LeaderElection.java:askForVotes(182)) - bcb704dc-2543-42a4-8762-cde039a55a99@group-280A8A57BC6F:LeaderElection182: begin an election at term 1 for -1: [bcb704dc-2543-42a4-8762-cde039a55a99:192.168.151.99:43663], old=null
2019-09-26 15:39:04,624 [bcb704dc-2543-42a4-8762-cde039a55a99@group-FDAD0B55B238:LeaderElection184] INFO  impl.RoleInfo (RoleInfo.java:shutdownLeaderElection(134)) - bcb704dc-2543-42a4-8762-cde039a55a99: shutdown LeaderElection
2019-09-26 15:39:04,624 [bcb704dc-2543-42a4-8762-cde039a55a99@group-FF44B23A8D1F:LeaderElection178] INFO  impl.RoleInfo (RoleInfo.java:shutdownLeaderElection(134)) - bcb704dc-2543-42a4-8762-cde039a55a99: shutdown LeaderElection
2019-09-26 15:39:04,624 [bcb704dc-2543-42a4-8762-cde039a55a99@group-4E88BFDC7C13:LeaderElection180] INFO  impl.RaftServerImpl (RaftServerImpl.java:setRole(174)) - bcb704dc-2543-42a4-8762-cde039a55a99@group-4E88BFDC7C13: changes role from CANDIDATE to LEADER at term 1 for changeToLeader
2019-09-26 15:39:04,624 [bcb704dc-2543-42a4-8762-cde039a55a99@group-0B9A04D0016D:LeaderElection175] INFO  impl.RoleInfo (RoleInfo.java:shutdownLeaderElection(134)) - bcb704dc-2543-42a4-8762-cde039a55a99: shutdown LeaderElection
2019-09-26 15:39:04,624 [Thread-2307] INFO  impl.FollowerState (FollowerState.java:run(106)) - bcb704dc-2543-42a4-8762-cde039a55a99:group-64EA007B3927 changes to CANDIDATE, lastRpcTime:5148, electionTimeout:5015ms
2019-09-26 15:39:04,624 [Thread-2286] INFO  impl.FollowerState (FollowerState.java:run(106)) - bcb704dc-2543-42a4-8762-cde039a55a99:group-884AB6599596 changes to CANDIDATE, lastRpcTime:5312, electionTimeout:5188ms
2019-09-26 15:39:04,624 [bcb704dc-2543-42a4-8762-cde039a55a99@group-BE5CDE6B6C20:LeaderElection176] INFO  impl.RoleInfo (RoleInfo.java:shutdownLeaderElection(134)) - bcb704dc-2543-42a4-8762-cde039a55a99: shutdown LeaderElection
2019-09-26 15:39:04,626 [Thread-2278] INFO  impl.FollowerState (FollowerState.java:run(106)) - bcb704dc-2543-42a4-8762-cde039a55a99:group-BBF433C8F92D changes to CANDIDATE, lastRpcTime:5377, electionTimeout:5187ms
2019-09-26 15:39:04,624 [bcb704dc-2543-42a4-8762-cde039a55a99@group-763AB41DED64:LeaderElection171] INFO  impl.LeaderElection (LeaderElection.java:askForVotes(182)) - bcb704dc-2543-42a4-8762-cde039a55a99@group-763AB41DED64:LeaderElection171: begin an election at term 1 for -1: [bcb704dc-2543-42a4-8762-cde039a55a99:192.168.151.99:43663], old=null
2019-09-26 15:39:04,624 [bcb704dc-2543-42a4-8762-cde039a55a99@group-5542967D52A3:LeaderElection179] INFO  impl.LeaderElection (LeaderElection.java:askForVotes(182)) - bcb704dc-2543-42a4-8762-cde039a55a99@group-5542967D52A3:LeaderElection179: begin an election at term 1 for -1: [bcb704dc-2543-42a4-8762-cde039a55a99:192.168.151.99:43663], old=null
2019-09-26 15:39:04,624 [bcb704dc-2543-42a4-8762-cde039a55a99@group-165F9EB473BC:LeaderElection173] INFO  impl.RoleInfo (RoleInfo.java:shutdownLeaderElection(134)) - bcb704dc-2543-42a4-8762-cde039a55a99: shutdown LeaderElection
2019-09-26 15:39:04,624 [bcb704dc-2543-42a4-8762-cde039a55a99@group-AD2BD46986A8:LeaderElection172] INFO  impl.LeaderElection (LeaderElection.java:askForVotes(182)) - bcb704dc-2543-42a4-8762-cde039a55a99@group-AD2BD46986A8:LeaderElection172: begin an election at term 1 for -1: [bcb704dc-2543-42a4-8762-cde039a55a99:192.168.151.99:43663], old=null
2019-09-26 15:39:04,624 [bcb704dc-2543-42a4-8762-cde039a55a99@group-DEDDB087FD78:LeaderElection181] INFO  impl.LeaderElection (LeaderElection.java:askForVotes(182)) - bcb704dc-2543-42a4-8762-cde039a55a99@group-DEDDB087FD78:LeaderElection181: begin an election at term 1 for -1: [bcb704dc-2543-42a4-8762-cde039a55a99:192.168.151.99:43663], old=null
2019-09-26 15:39:04,624 [bcb704dc-2543-42a4-8762-cde039a55a99@group-CAD346B564AD:LeaderElection174] INFO  impl.RoleInfo (RoleInfo.java:shutdownLeaderElection(134)) - bcb704dc-2543-42a4-8762-cde039a55a99: shutdown LeaderElection
2019-09-26 15:39:04,624 [bcb704dc-2543-42a4-8762-cde039a55a99@group-D3FDF48AE4AA:LeaderElection177] INFO  impl.LeaderElection (LeaderElection.java:askForVotes(182)) - bcb704dc-2543-42a4-8762-cde039a55a99@group-D3FDF48AE4AA:LeaderElection177: begin an election at term 1 for -1: [bcb704dc-2543-42a4-8762-cde039a55a99:192.168.151.99:43663], old=null
2019-09-26 15:39:04,624 [bcb704dc-2543-42a4-8762-cde039a55a99@group-E41E9E7B90A5:LeaderElection183] INFO  impl.LeaderElection (LeaderElection.java:askForVotes(182)) - bcb704dc-2543-42a4-8762-cde039a55a99@group-E41E9E7B90A5:LeaderElection183: begin an election at term 1 for -1: [bcb704dc-2543-42a4-8762-cde039a55a99:192.168.151.99:43663], old=null
2019-09-26 15:39:04,627 [bcb704dc-2543-42a4-8762-cde039a55a99@group-D3FDF48AE4AA:LeaderElection177] INFO  impl.RoleInfo (RoleInfo.java:shutdownLeaderElection(134)) - bcb704dc-2543-42a4-8762-cde039a55a99: shutdown LeaderElection
2019-09-26 15:39:04,624 [bcb704dc-2543-42a4-8762-cde039a55a99@group-CDE0182ACA4A:LeaderElection169] INFO  impl.LeaderElection (LeaderElection.java:askForVotes(182)) - bcb704dc-2543-42a4-8762-cde039a55a99@group-CDE0182ACA4A:LeaderElection169: begin an election at term 1 for -1: [bcb704dc-2543-42a4-8762-cde039a55a99:192.168.151.99:43663], old=null
2019-09-26 15:39:04,627 [bcb704dc-2543-42a4-8762-cde039a55a99@group-D3FDF48AE4AA:LeaderElection177] INFO  impl.RaftServerImpl (RaftServerImpl.java:setRole(174)) - bcb704dc-2543-42a4-8762-cde039a55a99@group-D3FDF48AE4AA: changes role from CANDIDATE to LEADER at term 1 for changeToLeader
2019-09-26 15:39:04,627 [bcb704dc-2543-42a4-8762-cde039a55a99@group-E41E9E7B90A5:LeaderElection183] INFO  impl.RoleInfo (RoleInfo.java:shutdownLeaderElection(134)) - bcb704dc-2543-42a4-8762-cde039a55a99: shutdown LeaderElection
2019-09-26 15:39:04,626 [bcb704dc-2543-42a4-8762-cde039a55a99@group-CAD346B564AD:LeaderElection174] INFO  impl.RaftServerImpl (RaftServerImpl.java:setRole(174)) - bcb704dc-2543-42a4-8762-cde039a55a99@group-CAD346B564AD: changes role from CANDIDATE to LEADER at term 1 for changeToLeader
2019-09-26 15:39:04,627 [bcb704dc-2543-42a4-8762-cde039a55a99@group-CAD346B564AD:LeaderElection174] INFO  impl.RaftServerImpl (ServerState.java:setLeader(253)) - bcb704dc-2543-42a4-8762-cde039a55a99@group-CAD346B564AD: change Leader from null to bcb704dc-2543-42a4-8762-cde039a55a99 at term 1 for becomeLeader, leader elected after 6592ms
2019-09-26 15:39:04,626 [bcb704dc-2543-42a4-8762-cde039a55a99@group-DEDDB087FD78:LeaderElection181] INFO  impl.RoleInfo (RoleInfo.java:shutdownLeaderElection(134)) - bcb704dc-2543-42a4-8762-cde039a55a99: shutdown LeaderElection
2019-09-26 15:39:04,627 [bcb704dc-2543-42a4-8762-cde039a55a99@group-DEDDB087FD78:LeaderElection181] INFO  impl.RaftServerImpl (RaftServerImpl.java:setRole(174)) - bcb704dc-2543-42a4-8762-cde039a55a99@group-DEDDB087FD78: changes role from CANDIDATE to LEADER at term 1 for changeToLeader
2019-09-26 15:39:04,626 [bcb704dc-2543-42a4-8762-cde039a55a99@group-AD2BD46986A8:LeaderElection172] INFO  impl.RoleInfo (RoleInfo.java:shutdownLeaderElection(134)) - bcb704dc-2543-42a4-8762-cde039a55a99: shutdown LeaderElection
2019-09-26 15:39:04,626 [bcb704dc-2543-42a4-8762-cde039a55a99@group-165F9EB473BC:LeaderElection173] INFO  impl.RaftServerImpl (RaftServerImpl.java:setRole(174)) - bcb704dc-2543-42a4-8762-cde039a55a99@group-165F9EB473BC: changes role from CANDIDATE to LEADER at term 1 for changeToLeader
2019-09-26 15:39:04,626 [bcb704dc-2543-42a4-8762-cde039a55a99@group-5542967D52A3:LeaderElection179] INFO  impl.RoleInfo (RoleInfo.java:shutdownLeaderElection(134)) - bcb704dc-2543-42a4-8762-cde039a55a99: shutdown LeaderElection
2019-09-26 15:39:04,626 [bcb704dc-2543-42a4-8762-cde039a55a99@group-763AB41DED64:LeaderElection171] INFO  impl.RoleInfo (RoleInfo.java:shutdownLeaderElection(134)) - bcb704dc-2543-42a4-8762-cde039a55a99: shutdown LeaderElection
2019-09-26 15:39:04,626 [Thread-2278] INFO  impl.RoleInfo (RoleInfo.java:shutdownFollowerState(121)) - bcb704dc-2543-42a4-8762-cde039a55a99: shutdown FollowerState
2019-09-26 15:39:04,628 [Thread-2278] INFO  impl.RaftServerImpl (RaftServerImpl.java:setRole(174)) - bcb704dc-2543-42a4-8762-cde039a55a99@group-BBF433C8F92D: changes role from  FOLLOWER to CANDIDATE at term 0 for changeToCandidate
2019-09-26 15:39:04,628 [Thread-2302] INFO  impl.FollowerState (FollowerState.java:run(106)) - bcb704dc-2543-42a4-8762-cde039a55a99:group-19733DFA91CE changes to CANDIDATE, lastRpcTime:5194, electionTimeout:5194ms
2019-09-26 15:39:04,626 [bcb704dc-2543-42a4-8762-cde039a55a99@group-BE5CDE6B6C20:LeaderElection176] INFO  impl.RaftServerImpl (RaftServerImpl.java:setRole(174)) - bcb704dc-2543-42a4-8762-cde039a55a99@group-BE5CDE6B6C20: changes role from CANDIDATE to LEADER at term 1 for changeToLeader
2019-09-26 15:39:04,628 [bcb704dc-2543-42a4-8762-cde039a55a99@group-BE5CDE6B6C20:LeaderElection176] INFO  impl.RaftServerImpl (ServerState.java:setLeader(253)) - bcb704dc-2543-42a4-8762-cde039a55a99@group-BE5CDE6B6C20: change Leader from null to bcb704dc-2543-42a4-8762-cde039a55a99 at term 1 for becomeLeader, leader elected after 7057ms
2019-09-26 15:39:04,625 [Thread-2286] INFO  impl.RoleInfo (RoleInfo.java:shutdownFollowerState(121)) - bcb704dc-2543-42a4-8762-cde039a55a99: shutdown FollowerState
2019-09-26 15:39:04,625 [Thread-2307] INFO  impl.RoleInfo (RoleInfo.java:shutdownFollowerState(121)) - bcb704dc-2543-42a4-8762-cde039a55a99: shutdown FollowerState
2019-09-26 15:39:04,625 [bcb704dc-2543-42a4-8762-cde039a55a99@group-0B9A04D0016D:LeaderElection175] INFO  impl.RaftServerImpl (RaftServerImpl.java:setRole(174)) - bcb704dc-2543-42a4-8762-cde039a55a99@group-0B9A04D0016D: changes role from CANDIDATE to LEADER at term 1 for changeToLeader
2019-09-26 15:39:04,625 [bcb704dc-2543-42a4-8762-cde039a55a99@group-4E88BFDC7C13:LeaderElection180] INFO  impl.RaftServerImpl (ServerState.java:setLeader(253)) - bcb704dc-2543-42a4-8762-cde039a55a99@group-4E88BFDC7C13: change Leader from null to bcb704dc-2543-42a4-8762-cde039a55a99 at term 1 for becomeLeader, leader elected after 6986ms
2019-09-26 15:39:04,625 [bcb704dc-2543-42a4-8762-cde039a55a99@group-FF44B23A8D1F:LeaderElection178] INFO  impl.RaftServerImpl (RaftServerImpl.java:setRole(174)) - bcb704dc-2543-42a4-8762-cde039a55a99@group-FF44B23A8D1F: changes role from CANDIDATE to LEADER at term 1 for changeToLeader
2019-09-26 15:39:04,625 [bcb704dc-2543-42a4-8762-cde039a55a99@group-FDAD0B55B238:LeaderElection184] INFO  impl.RaftServerImpl (RaftServerImpl.java:setRole(174)) - bcb704dc-2543-42a4-8762-cde039a55a99@group-FDAD0B55B238: changes role from CANDIDATE to LEADER at term 1 for changeToLeader
2019-09-26 15:39:04,625 [bcb704dc-2543-42a4-8762-cde039a55a99@group-280A8A57BC6F:LeaderElection182] INFO  impl.RoleInfo (RoleInfo.java:shutdownLeaderElection(134)) - bcb704dc-2543-42a4-8762-cde039a55a99: shutdown LeaderElection
2019-09-26 15:39:04,629 [bcb704dc-2543-42a4-8762-cde039a55a99@group-FDAD0B55B238:LeaderElection184] INFO  impl.RaftServerImpl (ServerState.java:setLeader(253)) - bcb704dc-2543-42a4-8762-cde039a55a99@group-FDAD0B55B238: change Leader from null to bcb704dc-2543-42a4-8762-cde039a55a99 at term 1 for becomeLeader, leader elected after 6472ms
2019-09-26 15:39:04,629 [bcb704dc-2543-42a4-8762-cde039a55a99@group-FF44B23A8D1F:LeaderElection178] INFO  impl.RaftServerImpl (ServerState.java:setLeader(253)) - bcb704dc-2543-42a4-8762-cde039a55a99@group-FF44B23A8D1F: change Leader from null to bcb704dc-2543-42a4-8762-cde039a55a99 at term 1 for becomeLeader, leader elected after 7092ms
2019-09-26 15:39:04,629 [bcb704dc-2543-42a4-8762-cde039a55a99@group-4E88BFDC7C13:LeaderElection180] INFO  server.RaftServerConfigKeys (ConfUtils.java:logGet(43)) - raft.server.staging.catchup.gap = 1000 (default)
2019-09-26 15:39:04,629 [bcb704dc-2543-42a4-8762-cde039a55a99@group-0B9A04D0016D:LeaderElection175] INFO  impl.RaftServerImpl (ServerState.java:setLeader(253)) - bcb704dc-2543-42a4-8762-cde039a55a99@group-0B9A04D0016D: change Leader from null to bcb704dc-2543-42a4-8762-cde039a55a99 at term 1 for becomeLeader, leader elected after 6367ms
2019-09-26 15:39:04,629 [Thread-2307] INFO  impl.RaftServerImpl (RaftServerImpl.java:setRole(174)) - bcb704dc-2543-42a4-8762-cde039a55a99@group-64EA007B3927: changes role from  FOLLOWER to CANDIDATE at term 0 for changeToCandidate
2019-09-26 15:39:04,629 [Thread-2286] INFO  impl.RaftServerImpl (RaftServerImpl.java:setRole(174)) - bcb704dc-2543-42a4-8762-cde039a55a99@group-884AB6599596: changes role from  FOLLOWER to CANDIDATE at term 0 for changeToCandidate
2019-09-26 15:39:04,629 [Thread-2302] INFO  impl.RoleInfo (RoleInfo.java:shutdownFollowerState(121)) - bcb704dc-2543-42a4-8762-cde039a55a99: shutdown FollowerState
2019-09-26 15:39:04,631 [Thread-2286] INFO  impl.RoleInfo (RoleInfo.java:updateAndGet(143)) - bcb704dc-2543-42a4-8762-cde039a55a99: start LeaderElection
2019-09-26 15:39:04,629 [bcb704dc-2543-42a4-8762-cde039a55a99@group-BE5CDE6B6C20:LeaderElection176] INFO  server.RaftServerConfigKeys (ConfUtils.java:logGet(43)) - raft.server.staging.catchup.gap = 1000 (default)
2019-09-26 15:39:04,628 [Thread-2278] INFO  impl.RoleInfo (RoleInfo.java:updateAndGet(143)) - bcb704dc-2543-42a4-8762-cde039a55a99: start LeaderElection
2019-09-26 15:39:04,628 [bcb704dc-2543-42a4-8762-cde039a55a99@group-763AB41DED64:LeaderElection171] INFO  impl.RaftServerImpl (RaftServerImpl.java:setRole(174)) - bcb704dc-2543-42a4-8762-cde039a55a99@group-763AB41DED64: changes role from CANDIDATE to LEADER at term 1 for changeToLeader
2019-09-26 15:39:04,628 [bcb704dc-2543-42a4-8762-cde039a55a99@group-5542967D52A3:LeaderElection179] INFO  impl.RaftServerImpl (RaftServerImpl.java:setRole(174)) - bcb704dc-2543-42a4-8762-cde039a55a99@group-5542967D52A3: changes role from CANDIDATE to LEADER at term 1 for changeToLeader
2019-09-26 15:39:04,628 [bcb704dc-2543-42a4-8762-cde039a55a99@group-165F9EB473BC:LeaderElection173] INFO  impl.RaftServerImpl (ServerState.java:setLeader(253)) - bcb704dc-2543-42a4-8762-cde039a55a99@group-165F9EB473BC: change Leader from null to bcb704dc-2543-42a4-8762-cde039a55a99 at term 1 for becomeLeader, leader elected after 6553ms
2019-09-26 15:39:04,628 [bcb704dc-2543-42a4-8762-cde039a55a99@group-AD2BD46986A8:LeaderElection172] INFO  impl.RaftServerImpl (RaftServerImpl.java:setRole(174)) - bcb704dc-2543-42a4-8762-cde039a55a99@group-AD2BD46986A8: changes role from CANDIDATE to LEADER at term 1 for changeToLeader
2019-09-26 15:39:04,627 [bcb704dc-2543-42a4-8762-cde039a55a99@group-DEDDB087FD78:LeaderElection181] INFO  impl.RaftServerImpl (ServerState.java:setLeader(253)) - bcb704dc-2543-42a4-8762-cde039a55a99@group-DEDDB087FD78: change Leader from null to bcb704dc-2543-42a4-8762-cde039a55a99 at term 1 for becomeLeader, leader elected after 6915ms
2019-09-26 15:39:04,627 [bcb704dc-2543-42a4-8762-cde039a55a99@group-CAD346B564AD:LeaderElection174] INFO  server.RaftServerConfigKeys (ConfUtils.java:logGet(43)) - raft.server.staging.catchup.gap = 1000 (default)
2019-09-26 15:39:04,627 [bcb704dc-2543-42a4-8762-cde039a55a99@group-E41E9E7B90A5:LeaderElection183] INFO  impl.RaftServerImpl (RaftServerImpl.java:setRole(174)) - bcb704dc-2543-42a4-8762-cde039a55a99@group-E41E9E7B90A5: changes role from CANDIDATE to LEADER at term 1 for changeToLeader
2019-09-26 15:39:04,632 [bcb704dc-2543-42a4-8762-cde039a55a99@group-E41E9E7B90A5:LeaderElection183] INFO  impl.RaftServerImpl (ServerState.java:setLeader(253)) - bcb704dc-2543-42a4-8762-cde039a55a99@group-E41E9E7B90A5: change Leader from null to bcb704dc-2543-42a4-8762-cde039a55a99 at term 1 for becomeLeader, leader elected after 6409ms
2019-09-26 15:39:04,627 [bcb704dc-2543-42a4-8762-cde039a55a99@group-D3FDF48AE4AA:LeaderElection177] INFO  impl.RaftServerImpl (ServerState.java:setLeader(253)) - bcb704dc-2543-42a4-8762-cde039a55a99@group-D3FDF48AE4AA: change Leader from null to bcb704dc-2543-42a4-8762-cde039a55a99 at term 1 for becomeLeader, leader elected after 6964ms
2019-09-26 15:39:04,627 [bcb704dc-2543-42a4-8762-cde039a55a99@group-CDE0182ACA4A:LeaderElection169] INFO  impl.RoleInfo (RoleInfo.java:shutdownLeaderElection(134)) - bcb704dc-2543-42a4-8762-cde039a55a99: shutdown LeaderElection
2019-09-26 15:39:04,632 [bcb704dc-2543-42a4-8762-cde039a55a99@group-D3FDF48AE4AA:LeaderElection177] INFO  server.RaftServerConfigKeys (ConfUtils.java:logGet(43)) - raft.server.staging.catchup.gap = 1000 (default)
2019-09-26 15:39:04,632 [bcb704dc-2543-42a4-8762-cde039a55a99@group-E41E9E7B90A5:LeaderElection183] INFO  server.RaftServerConfigKeys (ConfUtils.java:logGet(43)) - raft.server.staging.catchup.gap = 1000 (default)
2019-09-26 15:39:04,632 [bcb704dc-2543-42a4-8762-cde039a55a99@group-D3FDF48AE4AA:LeaderElection177] INFO  server.RaftServerConfigKeys (ConfUtils.java:logGet(43)) - raft.server.rpc.sleep.time = 25ms (default)
2019-09-26 15:39:04,632 [Thread-2271] INFO  impl.FollowerState (FollowerState.java:run(106)) - bcb704dc-2543-42a4-8762-cde039a55a99:group-F6F6A7BDA922 changes to CANDIDATE, lastRpcTime:5428, electionTimeout:5157ms
2019-09-26 15:39:04,632 [bcb704dc-2543-42a4-8762-cde039a55a99@group-CAD346B564AD:LeaderElection174] INFO  server.RaftServerConfigKeys (ConfUtils.java:logGet(43)) - raft.server.rpc.sleep.time = 25ms (default)
2019-09-26 15:39:04,632 [bcb704dc-2543-42a4-8762-cde039a55a99@group-DEDDB087FD78:LeaderElection181] INFO  server.RaftServerConfigKeys (ConfUtils.java:logGet(43)) - raft.server.staging.catchup.gap = 1000 (default)
2019-09-26 15:39:04,631 [bcb704dc-2543-42a4-8762-cde039a55a99@group-AD2BD46986A8:LeaderElection172] INFO  impl.RaftServerImpl (ServerState.java:setLeader(253)) - bcb704dc-2543-42a4-8762-cde039a55a99@group-AD2BD46986A8: change Leader from null to bcb704dc-2543-42a4-8762-cde039a55a99 at term 1 for becomeLeader, leader elected after 6516ms
2019-09-26 15:39:04,631 [bcb704dc-2543-42a4-8762-cde039a55a99@group-165F9EB473BC:LeaderElection173] INFO  server.RaftServerConfigKeys (ConfUtils.java:logGet(43)) - raft.server.staging.catchup.gap = 1000 (default)
2019-09-26 15:39:04,633 [bcb704dc-2543-42a4-8762-cde039a55a99@group-AD2BD46986A8:LeaderElection172] INFO  server.RaftServerConfigKeys (ConfUtils.java:logGet(43)) - raft.server.staging.catchup.gap = 1000 (default)
2019-09-26 15:39:04,633 [bcb704dc-2543-42a4-8762-cde039a55a99@group-165F9EB473BC:LeaderElection173] INFO  server.RaftServerConfigKeys (ConfUtils.java:logGet(43)) - raft.server.rpc.sleep.time = 25ms (default)
2019-09-26 15:39:04,631 [bcb704dc-2543-42a4-8762-cde039a55a99@group-5542967D52A3:LeaderElection179] INFO  impl.RaftServerImpl (ServerState.java:setLeader(253)) - bcb704dc-2543-42a4-8762-cde039a55a99@group-5542967D52A3: change Leader from null to bcb704dc-2543-42a4-8762-cde039a55a99 at term 1 for becomeLeader, leader elected after 6954ms
2019-09-26 15:39:04,631 [bcb704dc-2543-42a4-8762-cde039a55a99@group-763AB41DED64:LeaderElection171] INFO  impl.RaftServerImpl (ServerState.java:setLeader(253)) - bcb704dc-2543-42a4-8762-cde039a55a99@group-763AB41DED64: change Leader from null to bcb704dc-2543-42a4-8762-cde039a55a99 at term 1 for becomeLeader, leader elected after 6450ms
2019-09-26 15:39:04,634 [bcb704dc-2543-42a4-8762-cde039a55a99@group-5542967D52A3:LeaderElection179] INFO  server.RaftServerConfigKeys (ConfUtils.java:logGet(43)) - raft.server.staging.catchup.gap = 1000 (default)
2019-09-26 15:39:04,631 [bcb704dc-2543-42a4-8762-cde039a55a99@group-BE5CDE6B6C20:LeaderElection176] INFO  server.RaftServerConfigKeys (ConfUtils.java:logGet(43)) - raft.server.rpc.sleep.time = 25ms (default)
2019-09-26 15:39:04,631 [Thread-2302] INFO  impl.RaftServerImpl (RaftServerImpl.java:setRole(174)) - bcb704dc-2543-42a4-8762-cde039a55a99@group-19733DFA91CE: changes role from  FOLLOWER to CANDIDATE at term 0 for changeToCandidate
2019-09-26 15:39:04,630 [Thread-2307] INFO  impl.RoleInfo (RoleInfo.java:updateAndGet(143)) - bcb704dc-2543-42a4-8762-cde039a55a99: start LeaderElection
2019-09-26 15:39:04,630 [bcb704dc-2543-42a4-8762-cde039a55a99@group-0B9A04D0016D:LeaderElection175] INFO  server.RaftServerConfigKeys (ConfUtils.java:logGet(43)) - raft.server.staging.catchup.gap = 1000 (default)
2019-09-26 15:39:04,630 [bcb704dc-2543-42a4-8762-cde039a55a99@group-4E88BFDC7C13:LeaderElection180] INFO  server.RaftServerConfigKeys (ConfUtils.java:logGet(43)) - raft.server.rpc.sleep.time = 25ms (default)
2019-09-26 15:39:04,630 [bcb704dc-2543-42a4-8762-cde039a55a99@group-FF44B23A8D1F:LeaderElection178] INFO  server.RaftServerConfigKeys (ConfUtils.java:logGet(43)) - raft.server.staging.catchup.gap = 1000 (default)
2019-09-26 15:39:04,630 [bcb704dc-2543-42a4-8762-cde039a55a99@group-FDAD0B55B238:LeaderElection184] INFO  server.RaftServerConfigKeys (ConfUtils.java:logGet(43)) - raft.server.staging.catchup.gap = 1000 (default)
2019-09-26 15:39:04,630 [bcb704dc-2543-42a4-8762-cde039a55a99@group-280A8A57BC6F:LeaderElection182] INFO  impl.RaftServerImpl (RaftServerImpl.java:setRole(174)) - bcb704dc-2543-42a4-8762-cde039a55a99@group-280A8A57BC6F: changes role from CANDIDATE to LEADER at term 1 for changeToLeader
2019-09-26 15:39:04,635 [bcb704dc-2543-42a4-8762-cde039a55a99@group-FDAD0B55B238:LeaderElection184] INFO  server.RaftServerConfigKeys (ConfUtils.java:logGet(43)) - raft.server.rpc.sleep.time = 25ms (default)
2019-09-26 15:39:04,635 [bcb704dc-2543-42a4-8762-cde039a55a99@group-FF44B23A8D1F:LeaderElection178] INFO  server.RaftServerConfigKeys (ConfUtils.java:logGet(43)) - raft.server.rpc.sleep.time = 25ms (default)
2019-09-26 15:39:04,634 [bcb704dc-2543-42a4-8762-cde039a55a99@group-4E88BFDC7C13:LeaderElection180] INFO  server.RaftServerConfigKeys (ConfUtils.java:logGet(43)) - raft.server.write.element-limit = 4096 (default)
2019-09-26 15:39:04,634 [bcb704dc-2543-42a4-8762-cde039a55a99@group-0B9A04D0016D:LeaderElection175] INFO  server.RaftServerConfigKeys (ConfUtils.java:logGet(43)) - raft.server.rpc.sleep.time = 25ms (default)
2019-09-26 15:39:04,634 [Thread-2302] INFO  impl.RoleInfo (RoleInfo.java:updateAndGet(143)) - bcb704dc-2543-42a4-8762-cde039a55a99: start LeaderElection
2019-09-26 15:39:04,634 [bcb704dc-2543-42a4-8762-cde039a55a99@group-BE5CDE6B6C20:LeaderElection176] INFO  server.RaftServerConfigKeys (ConfUtils.java:logGet(43)) - raft.server.write.element-limit = 4096 (default)
2019-09-26 15:39:04,634 [bcb704dc-2543-42a4-8762-cde039a55a99@group-5542967D52A3:LeaderElection179] INFO  server.RaftServerConfigKeys (ConfUtils.java:logGet(43)) - raft.server.rpc.sleep.time = 25ms (default)
2019-09-26 15:39:04,634 [bcb704dc-2543-42a4-8762-cde039a55a99@group-763AB41DED64:LeaderElection171] INFO  server.RaftServerConfigKeys (ConfUtils.java:logGet(43)) - raft.server.staging.catchup.gap = 1000 (default)
2019-09-26 15:39:04,636 [bcb704dc-2543-42a4-8762-cde039a55a99@group-763AB41DED64:LeaderElection171] INFO  server.RaftServerConfigKeys (ConfUtils.java:logGet(43)) - raft.server.rpc.sleep.time = 25ms (default)
2019-09-26 15:39:04,637 [bcb704dc-2543-42a4-8762-cde039a55a99@group-763AB41DED64:LeaderElection171] INFO  server.RaftServerConfigKeys (ConfUtils.java:logGet(43)) - raft.server.write.element-limit = 4096 (default)
2019-09-26 15:39:04,637 [bcb704dc-2543-42a4-8762-cde039a55a99@group-763AB41DED64:LeaderElection171] INFO  server.RaftServerConfigKeys (ConfUtils.java:logGet(43)) - raft.server.watch.timeout = 10s (default)
2019-09-26 15:39:04,633 [bcb704dc-2543-42a4-8762-cde039a55a99@group-165F9EB473BC:LeaderElection173] INFO  server.RaftServerConfigKeys (ConfUtils.java:logGet(43)) - raft.server.write.element-limit = 4096 (default)
2019-09-26 15:39:04,633 [bcb704dc-2543-42a4-8762-cde039a55a99@group-AD2BD46986A8:LeaderElection172] INFO  server.RaftServerConfigKeys (ConfUtils.java:logGet(43)) - raft.server.rpc.sleep.time = 25ms (default)
2019-09-26 15:39:04,633 [bcb704dc-2543-42a4-8762-cde039a55a99@group-DEDDB087FD78:LeaderElection181] INFO  server.RaftServerConfigKeys (ConfUtils.java:logGet(43)) - raft.server.rpc.sleep.time = 25ms (default)
2019-09-26 15:39:04,633 [bcb704dc-2543-42a4-8762-cde039a55a99@group-CAD346B564AD:LeaderElection174] INFO  server.RaftServerConfigKeys (ConfUtils.java:logGet(43)) - raft.server.write.element-limit = 4096 (default)
2019-09-26 15:39:04,633 [Thread-2271] INFO  impl.RoleInfo (RoleInfo.java:shutdownFollowerState(121)) - bcb704dc-2543-42a4-8762-cde039a55a99: shutdown FollowerState
2019-09-26 15:39:04,633 [Thread-2281] WARN  util.JavaUtils (JavaUtils.java:sleep(250)) - Unexpected long sleep: sleep(5048ms) actually took 5352ms which is over the threshold 300ms
2019-09-26 15:39:04,632 [bcb704dc-2543-42a4-8762-cde039a55a99@group-D3FDF48AE4AA:LeaderElection177] INFO  server.RaftServerConfigKeys (ConfUtils.java:logGet(43)) - raft.server.write.element-limit = 4096 (default)
2019-09-26 15:39:04,632 [bcb704dc-2543-42a4-8762-cde039a55a99@group-E41E9E7B90A5:LeaderElection183] INFO  server.RaftServerConfigKeys (ConfUtils.java:logGet(43)) - raft.server.rpc.sleep.time = 25ms (default)
2019-09-26 15:39:04,632 [bcb704dc-2543-42a4-8762-cde039a55a99@group-CDE0182ACA4A:LeaderElection169] INFO  impl.RaftServerImpl (RaftServerImpl.java:setRole(174)) - bcb704dc-2543-42a4-8762-cde039a55a99@group-CDE0182ACA4A: changes role from CANDIDATE to LEADER at term 1 for changeToLeader
2019-09-26 15:39:04,638 [bcb704dc-2543-42a4-8762-cde039a55a99@group-E41E9E7B90A5:LeaderElection183] INFO  server.RaftServerConfigKeys (ConfUtils.java:logGet(43)) - raft.server.write.element-limit = 4096 (default)
2019-09-26 15:39:04,638 [bcb704dc-2543-42a4-8762-cde039a55a99@group-DEF52561270D:LeaderElection207] INFO  impl.LeaderElection (LeaderElection.java:askForVotes(182)) - bcb704dc-2543-42a4-8762-cde039a55a99@group-DEF52561270D:LeaderElection207: begin an election at term 1 for -1: [bcb704dc-2543-42a4-8762-cde039a55a99:192.168.151.99:43663], old=null
2019-09-26 15:39:04,638 [bcb704dc-2543-42a4-8762-cde039a55a99@group-D3FDF48AE4AA:LeaderElection177] INFO  server.RaftServerConfigKeys (ConfUtils.java:logGet(43)) - raft.server.watch.timeout = 10s (default)
2019-09-26 15:39:04,638 [Thread-2271] INFO  impl.RaftServerImpl (RaftServerImpl.java:setRole(174)) - bcb704dc-2543-42a4-8762-cde039a55a99@group-F6F6A7BDA922: changes role from  FOLLOWER to CANDIDATE at term 0 for changeToCandidate
2019-09-26 15:39:04,638 [bcb704dc-2543-42a4-8762-cde039a55a99@group-CAD346B564AD:LeaderElection174] INFO  server.RaftServerConfigKeys (ConfUtils.java:logGet(43)) - raft.server.watch.timeout = 10s (default)
2019-09-26 15:39:04,638 [bcb704dc-2543-42a4-8762-cde039a55a99@group-DEDDB087FD78:LeaderElection181] INFO  server.RaftServerConfigKeys (ConfUtils.java:logGet(43)) - raft.server.write.element-limit = 4096 (default)
2019-09-26 15:39:04,637 [bcb704dc-2543-42a4-8762-cde039a55a99@group-AD2BD46986A8:LeaderElection172] INFO  server.RaftServerConfigKeys (ConfUtils.java:logGet(43)) - raft.server.write.element-limit = 4096 (default)
2019-09-26 15:39:04,637 [bcb704dc-2543-42a4-8762-cde039a55a99@group-165F9EB473BC:LeaderElection173] INFO  server.RaftServerConfigKeys (ConfUtils.java:logGet(43)) - raft.server.watch.timeout = 10s (default)
2019-09-26 15:39:04,640 [bcb704dc-2543-42a4-8762-cde039a55a99@group-165F9EB473BC:LeaderElection173] INFO  server.RaftServerConfigKeys (ConfUtils.java:logGet(43)) - raft.server.watch.timeout.denomination = 1s (default)
2019-09-26 15:39:04,637 [bcb704dc-2543-42a4-8762-cde039a55a99@group-763AB41DED64:LeaderElection171] INFO  server.RaftServerConfigKeys (ConfUtils.java:logGet(43)) - raft.server.watch.timeout.denomination = 1s (default)
2019-09-26 15:39:04,637 [bcb704dc-2543-42a4-8762-cde039a55a99@group-0C31D75A80BF:LeaderElection208] INFO  impl.LeaderElection (LeaderElection.java:askForVotes(182)) - bcb704dc-2543-42a4-8762-cde039a55a99@group-0C31D75A80BF:LeaderElection208: begin an election at term 1 for -1: [bcb704dc-2543-42a4-8762-cde039a55a99:192.168.151.99:43663], old=null
2019-09-26 15:39:04,636 [bcb704dc-2543-42a4-8762-cde039a55a99@group-5542967D52A3:LeaderElection179] INFO  server.RaftServerConfigKeys (ConfUtils.java:logGet(43)) - raft.server.write.element-limit = 4096 (default)
2019-09-26 15:39:04,636 [bcb704dc-2543-42a4-8762-cde039a55a99@group-BE5CDE6B6C20:LeaderElection176] INFO  server.RaftServerConfigKeys (ConfUtils.java:logGet(43)) - raft.server.watch.timeout = 10s (default)
2019-09-26 15:39:04,635 [bcb704dc-2543-42a4-8762-cde039a55a99@group-0B9A04D0016D:LeaderElection175] INFO  server.RaftServerConfigKeys (ConfUtils.java:logGet(43)) - raft.server.write.element-limit = 4096 (default)
2019-09-26 15:39:04,635 [bcb704dc-2543-42a4-8762-cde039a55a99@group-4E88BFDC7C13:LeaderElection180] INFO  server.RaftServerConfigKeys (ConfUtils.java:logGet(43)) - raft.server.watch.timeout = 10s (default)
2019-09-26 15:39:04,635 [bcb704dc-2543-42a4-8762-cde039a55a99@group-FF44B23A8D1F:LeaderElection178] INFO  server.RaftServerConfigKeys (ConfUtils.java:logGet(43)) - raft.server.write.element-limit = 4096 (default)
2019-09-26 15:39:04,635 [bcb704dc-2543-42a4-8762-cde039a55a99@group-FDAD0B55B238:LeaderElection184] INFO  server.RaftServerConfigKeys (ConfUtils.java:logGet(43)) - raft.server.write.element-limit = 4096 (default)
2019-09-26 15:39:04,635 [bcb704dc-2543-42a4-8762-cde039a55a99@group-280A8A57BC6F:LeaderElection182] INFO  impl.RaftServerImpl (ServerState.java:setLeader(253)) - bcb704dc-2543-42a4-8762-cde039a55a99@group-280A8A57BC6F: change Leader from null to bcb704dc-2543-42a4-8762-cde039a55a99 at term 1 for becomeLeader, leader elected after 6818ms
2019-09-26 15:39:04,641 [bcb704dc-2543-42a4-8762-cde039a55a99@group-FDAD0B55B238:LeaderElection184] INFO  server.RaftServerConfigKeys (ConfUtils.java:logGet(43)) - raft.server.watch.timeout = 10s (default)
2019-09-26 15:39:04,641 [bcb704dc-2543-42a4-8762-cde039a55a99@group-FF44B23A8D1F:LeaderElection178] INFO  server.RaftServerConfigKeys (ConfUtils.java:logGet(43)) - raft.server.watch.timeout = 10s (default)
2019-09-26 15:39:04,640 [bcb704dc-2543-42a4-8762-cde039a55a99@group-4E88BFDC7C13:LeaderElection180] INFO  server.RaftServerConfigKeys (ConfUtils.java:logGet(43)) - raft.server.watch.timeout.denomination = 1s (default)
2019-09-26 15:39:04,640 [bcb704dc-2543-42a4-8762-cde039a55a99@group-0B9A04D0016D:LeaderElection175] INFO  server.RaftServerConfigKeys (ConfUtils.java:logGet(43)) - raft.server.watch.timeout = 10s (default)
2019-09-26 15:39:04,640 [bcb704dc-2543-42a4-8762-cde039a55a99@group-BE5CDE6B6C20:LeaderElection176] INFO  server.RaftServerConfigKeys (ConfUtils.java:logGet(43)) - raft.server.watch.timeout.denomination = 1s (default)
2019-09-26 15:39:04,640 [bcb704dc-2543-42a4-8762-cde039a55a99@group-5542967D52A3:LeaderElection179] INFO  server.RaftServerConfigKeys (ConfUtils.java:logGet(43)) - raft.server.watch.timeout = 10s (default)
2019-09-26 15:39:04,642 [bcb704dc-2543-42a4-8762-cde039a55a99@group-5542967D52A3:LeaderElection179] INFO  server.RaftServerConfigKeys (ConfUtils.java:logGet(43)) - raft.server.watch.timeout.denomination = 1s (default)
2019-09-26 15:39:04,640 [bcb704dc-2543-42a4-8762-cde039a55a99@group-0C31D75A80BF:LeaderElection208] INFO  impl.RoleInfo (RoleInfo.java:shutdownLeaderElection(134)) - bcb704dc-2543-42a4-8762-cde039a55a99: shutdown LeaderElection
2019-09-26 15:39:04,640 [bcb704dc-2543-42a4-8762-cde039a55a99@group-763AB41DED64:LeaderElection171] INFO  server.RaftServerConfigKeys (ConfUtils.java:logGet(43)) - raft.server.watch.element-limit = 65536 (default)
2019-09-26 15:39:04,640 [bcb704dc-2543-42a4-8762-cde039a55a99@group-165F9EB473BC:LeaderElection173] INFO  server.RaftServerConfigKeys (ConfUtils.java:logGet(43)) - raft.server.watch.element-limit = 65536 (default)
2019-09-26 15:39:04,639 [bcb704dc-2543-42a4-8762-cde039a55a99@group-AD2BD46986A8:LeaderElection172] INFO  server.RaftServerConfigKeys (ConfUtils.java:logGet(43)) - raft.server.watch.timeout = 10s (default)
2019-09-26 15:39:04,642 [bcb704dc-2543-42a4-8762-cde039a55a99@group-AD2BD46986A8:LeaderElection172] INFO  server.RaftServerConfigKeys (ConfUtils.java:logGet(43)) - raft.server.watch.timeout.denomination = 1s (default)
2019-09-26 15:39:04,639 [bcb704dc-2543-42a4-8762-cde039a55a99@group-DEDDB087FD78:LeaderElection181] INFO  server.RaftServerConfigKeys (ConfUtils.java:logGet(43)) - raft.server.watch.timeout = 10s (default)
2019-09-26 15:39:04,643 [bcb704dc-2543-42a4-8762-cde039a55a99@group-DEDDB087FD78:LeaderElection181] INFO  server.RaftServerConfigKeys (ConfUtils.java:logGet(43)) - raft.server.watch.timeout.denomination = 1s (default)
2019-09-26 15:39:04,639 [bcb704dc-2543-42a4-8762-cde039a55a99@group-CAD346B564AD:LeaderElection174] INFO  server.RaftServerConfigKeys (ConfUtils.java:logGet(43)) - raft.server.watch.timeout.denomination = 1s (default)
2019-09-26 15:39:04,639 [Thread-2271] INFO  impl.RoleInfo (RoleInfo.java:updateAndGet(143)) - bcb704dc-2543-42a4-8762-cde039a55a99: start LeaderElection
2019-09-26 15:39:04,639 [bcb704dc-2543-42a4-8762-cde039a55a99@group-D3FDF48AE4AA:LeaderElection177] INFO  server.RaftServerConfigKeys (ConfUtils.java:logGet(43)) - raft.server.watch.timeout.denomination = 1s (default)
2019-09-26 15:39:04,639 [bcb704dc-2543-42a4-8762-cde039a55a99@group-DEF52561270D:LeaderElection207] INFO  impl.RoleInfo (RoleInfo.java:shutdownLeaderElection(134)) - bcb704dc-2543-42a4-8762-cde039a55a99: shutdown LeaderElection
2019-09-26 15:39:04,639 [bcb704dc-2543-42a4-8762-cde039a55a99@group-CDE0182ACA4A:LeaderElection169] INFO  impl.RaftServerImpl (ServerState.java:setLeader(253)) - bcb704dc-2543-42a4-8762-cde039a55a99@group-CDE0182ACA4A: change Leader from null to bcb704dc-2543-42a4-8762-cde039a55a99 at term 1 for becomeLeader, leader elected after 6895ms
2019-09-26 15:39:04,639 [bcb704dc-2543-42a4-8762-cde039a55a99@group-E41E9E7B90A5:LeaderElection183] INFO  server.RaftServerConfigKeys (ConfUtils.java:logGet(43)) - raft.server.watch.timeout = 10s (default)
2019-09-26 15:39:04,643 [bcb704dc-2543-42a4-8762-cde039a55a99@group-CDE0182ACA4A:LeaderElection169] INFO  server.RaftServerConfigKeys (ConfUtils.java:logGet(43)) - raft.server.staging.catchup.gap = 1000 (default)
2019-09-26 15:39:04,643 [bcb704dc-2543-42a4-8762-cde039a55a99@group-DEF52561270D:LeaderElection207] INFO  impl.RaftServerImpl (RaftServerImpl.java:setRole(174)) - bcb704dc-2543-42a4-8762-cde039a55a99@group-DEF52561270D: changes role from CANDIDATE to LEADER at term 1 for changeToLeader
2019-09-26 15:39:04,643 [bcb704dc-2543-42a4-8762-cde039a55a99@group-D3FDF48AE4AA:LeaderElection177] INFO  server.RaftServerConfigKeys (ConfUtils.java:logGet(43)) - raft.server.watch.element-limit = 65536 (default)
2019-09-26 15:39:04,643 [bcb704dc-2543-42a4-8762-cde039a55a99@group-CAD346B564AD:LeaderElection174] INFO  server.RaftServerConfigKeys (ConfUtils.java:logGet(43)) - raft.server.watch.element-limit = 65536 (default)
2019-09-26 15:39:04,643 [bcb704dc-2543-42a4-8762-cde039a55a99@group-DEDDB087FD78:LeaderElection181] INFO  server.RaftServerConfigKeys (ConfUtils.java:logGet(43)) - raft.server.watch.element-limit = 65536 (default)
2019-09-26 15:39:04,642 [bcb704dc-2543-42a4-8762-cde039a55a99@group-AD2BD46986A8:LeaderElection172] INFO  server.RaftServerConfigKeys (ConfUtils.java:logGet(43)) - raft.server.watch.element-limit = 65536 (default)
2019-09-26 15:39:04,642 [bcb704dc-2543-42a4-8762-cde039a55a99@group-0C31D75A80BF:LeaderElection208] INFO  impl.RaftServerImpl (RaftServerImpl.java:setRole(174)) - bcb704dc-2543-42a4-8762-cde039a55a99@group-0C31D75A80BF: changes role from CANDIDATE to LEADER at term 1 for changeToLeader
2019-09-26 15:39:04,645 [bcb704dc-2543-42a4-8762-cde039a55a99@group-0C31D75A80BF:LeaderElection208] INFO  impl.RaftServerImpl (ServerState.java:setLeader(253)) - bcb704dc-2543-42a4-8762-cde039a55a99@group-0C31D75A80BF: change Leader from null to bcb704dc-2543-42a4-8762-cde039a55a99 at term 1 for becomeLeader, leader elected after 5268ms
2019-09-26 15:39:04,642 [bcb704dc-2543-42a4-8762-cde039a55a99@group-5542967D52A3:LeaderElection179] INFO  server.RaftServerConfigKeys (ConfUtils.java:logGet(43)) - raft.server.watch.element-limit = 65536 (default)
2019-09-26 15:39:04,641 [bcb704dc-2543-42a4-8762-cde039a55a99@group-BE5CDE6B6C20:LeaderElection176] INFO  server.RaftServerConfigKeys (ConfUtils.java:logGet(43)) - raft.server.watch.element-limit = 65536 (default)
2019-09-26 15:39:04,641 [bcb704dc-2543-42a4-8762-cde039a55a99@group-0B9A04D0016D:LeaderElection175] INFO  server.RaftServerConfigKeys (ConfUtils.java:logGet(43)) - raft.server.watch.timeout.denomination = 1s (default)
2019-09-26 15:39:04,641 [bcb704dc-2543-42a4-8762-cde039a55a99@group-4E88BFDC7C13:LeaderElection180] INFO  server.RaftServerConfigKeys (ConfUtils.java:logGet(43)) - raft.server.watch.element-limit = 65536 (default)
2019-09-26 15:39:04,641 [bcb704dc-2543-42a4-8762-cde039a55a99@group-FF44B23A8D1F:LeaderElection178] INFO  server.RaftServerConfigKeys (ConfUtils.java:logGet(43)) - raft.server.watch.timeout.denomination = 1s (default)
2019-09-26 15:39:04,641 [bcb704dc-2543-42a4-8762-cde039a55a99@group-FDAD0B55B238:LeaderElection184] INFO  server.RaftServerConfigKeys (ConfUtils.java:logGet(43)) - raft.server.watch.timeout.denomination = 1s (default)
2019-09-26 15:39:04,641 [bcb704dc-2543-42a4-8762-cde039a55a99@group-280A8A57BC6F:LeaderElection182] INFO  server.RaftServerConfigKeys (ConfUtils.java:logGet(43)) - raft.server.staging.catchup.gap = 1000 (default)
2019-09-26 15:39:04,646 [bcb704dc-2543-42a4-8762-cde039a55a99@group-FDAD0B55B238:LeaderElection184] INFO  server.RaftServerConfigKeys (ConfUtils.java:logGet(43)) - raft.server.watch.element-limit = 65536 (default)
2019-09-26 15:39:04,645 [bcb704dc-2543-42a4-8762-cde039a55a99@group-FF44B23A8D1F:LeaderElection178] INFO  server.RaftServerConfigKeys (ConfUtils.java:logGet(43)) - raft.server.watch.element-limit = 65536 (default)
2019-09-26 15:39:04,645 [bcb704dc-2543-42a4-8762-cde039a55a99@group-0B9A04D0016D:LeaderElection175] INFO  server.RaftServerConfigKeys (ConfUtils.java:logGet(43)) - raft.server.watch.element-limit = 65536 (default)
2019-09-26 15:39:04,645 [bcb704dc-2543-42a4-8762-cde039a55a99@group-165F9EB473BC:LeaderElection173] INFO  impl.RoleInfo (RoleInfo.java:updateAndGet(143)) - bcb704dc-2543-42a4-8762-cde039a55a99: start LeaderState
2019-09-26 15:39:04,645 [bcb704dc-2543-42a4-8762-cde039a55a99@group-0C31D75A80BF:LeaderElection208] INFO  server.RaftServerConfigKeys (ConfUtils.java:logGet(43)) - raft.server.staging.catchup.gap = 1000 (default)
2019-09-26 15:39:04,645 [bcb704dc-2543-42a4-8762-cde039a55a99@group-763AB41DED64:LeaderElection171] INFO  impl.RoleInfo (RoleInfo.java:updateAndGet(143)) - bcb704dc-2543-42a4-8762-cde039a55a99: start LeaderState
2019-09-26 15:39:04,644 [bcb704dc-2543-42a4-8762-cde039a55a99@group-DEF52561270D:LeaderElection207] INFO  impl.RaftServerImpl (ServerState.java:setLeader(253)) - bcb704dc-2543-42a4-8762-cde039a55a99@group-DEF52561270D: change Leader from null to bcb704dc-2543-42a4-8762-cde039a55a99 at term 1 for becomeLeader, leader elected after 5036ms
2019-09-26 15:39:04,644 [bcb704dc-2543-42a4-8762-cde039a55a99@group-CDE0182ACA4A:LeaderElection169] INFO  server.RaftServerConfigKeys (ConfUtils.java:logGet(43)) - raft.server.rpc.sleep.time = 25ms (default)
2019-09-26 15:39:04,644 [bcb704dc-2543-42a4-8762-cde039a55a99@group-E41E9E7B90A5:LeaderElection183] INFO  server.RaftServerConfigKeys (ConfUtils.java:logGet(43)) - raft.server.watch.timeout.denomination = 1s (default)
2019-09-26 15:39:04,647 [bcb704dc-2543-42a4-8762-cde039a55a99@group-CDE0182ACA4A:LeaderElection169] INFO  server.RaftServerConfigKeys (ConfUtils.java:logGet(43)) - raft.server.write.element-limit = 4096 (default)
2019-09-26 15:39:04,647 [bcb704dc-2543-42a4-8762-cde039a55a99@group-CDE0182ACA4A:LeaderElection169] INFO  server.RaftServerConfigKeys (ConfUtils.java:logGet(43)) - raft.server.watch.timeout = 10s (default)
2019-09-26 15:39:04,647 [bcb704dc-2543-42a4-8762-cde039a55a99@group-DEF52561270D:LeaderElection207] INFO  server.RaftServerConfigKeys (ConfUtils.java:logGet(43)) - raft.server.staging.catchup.gap = 1000 (default)
2019-09-26 15:39:04,647 [bcb704dc-2543-42a4-8762-cde039a55a99@group-763AB41DED64:LeaderElection171] INFO  segmented.SegmentedRaftLogWorker (SegmentedRaftLogWorker.java:startLogSegment(380)) - bcb704dc-2543-42a4-8762-cde039a55a99@group-763AB41DED64-SegmentedRaftLogWorker: Starting segment from index:0
2019-09-26 15:39:04,646 [bcb704dc-2543-42a4-8762-cde039a55a99@group-0C31D75A80BF:LeaderElection208] INFO  server.RaftServerConfigKeys (ConfUtils.java:logGet(43)) - raft.server.rpc.sleep.time = 25ms (default)
2019-09-26 15:39:04,646 [bcb704dc-2543-42a4-8762-cde039a55a99@group-165F9EB473BC:LeaderElection173] INFO  segmented.SegmentedRaftLogWorker (SegmentedRaftLogWorker.java:startLogSegment(380)) - bcb704dc-2543-42a4-8762-cde039a55a99@group-165F9EB473BC-SegmentedRaftLogWorker: Starting segment from index:0
2019-09-26 15:39:04,648 [bcb704dc-2543-42a4-8762-cde039a55a99@group-763AB41DED64:LeaderElection171] INFO  impl.RaftServerImpl (ServerState.java:setRaftConf(354)) - bcb704dc-2543-42a4-8762-cde039a55a99@group-763AB41DED64: set configuration 0: [bcb704dc-2543-42a4-8762-cde039a55a99:192.168.151.99:43663], old=null at 0
2019-09-26 15:39:04,646 [bcb704dc-2543-42a4-8762-cde039a55a99@group-280A8A57BC6F:LeaderElection182] INFO  server.RaftServerConfigKeys (ConfUtils.java:logGet(43)) - raft.server.rpc.sleep.time = 25ms (default)
2019-09-26 15:39:04,648 [bcb704dc-2543-42a4-8762-cde039a55a99@group-0C31D75A80BF:LeaderElection208] INFO  server.RaftServerConfigKeys (ConfUtils.java:logGet(43)) - raft.server.write.element-limit = 4096 (default)
2019-09-26 15:39:04,647 [bcb704dc-2543-42a4-8762-cde039a55a99@group-DEF52561270D:LeaderElection207] INFO  server.RaftServerConfigKeys (ConfUtils.java:logGet(43)) - raft.server.rpc.sleep.time = 25ms (default)
2019-09-26 15:39:04,647 [bcb704dc-2543-42a4-8762-cde039a55a99@group-CDE0182ACA4A:LeaderElection169] INFO  server.RaftServerConfigKeys (ConfUtils.java:logGet(43)) - raft.server.watch.timeout.denomination = 1s (default)
2019-09-26 15:39:04,647 [bcb704dc-2543-42a4-8762-cde039a55a99@group-E41E9E7B90A5:LeaderElection183] INFO  server.RaftServerConfigKeys (ConfUtils.java:logGet(43)) - raft.server.watch.element-limit = 65536 (default)
2019-09-26 15:39:05,399 [bcb704dc-2543-42a4-8762-cde039a55a99@group-CDE0182ACA4A:LeaderElection169] INFO  server.RaftServerConfigKeys (ConfUtils.java:logGet(43)) - raft.server.watch.element-limit = 65536 (default)
2019-09-26 15:39:05,398 [bcb704dc-2543-42a4-8762-cde039a55a99@group-DEF52561270D:LeaderElection207] INFO  server.RaftServerConfigKeys (ConfUtils.java:logGet(43)) - raft.server.write.element-limit = 4096 (default)
2019-09-26 15:39:05,398 [bcb704dc-2543-42a4-8762-cde039a55a99@group-0C31D75A80BF:LeaderElection208] INFO  server.RaftServerConfigKeys (ConfUtils.java:logGet(43)) - raft.server.watch.timeout = 10s (default)
2019-09-26 15:39:05,396 [Thread-2346] INFO  impl.FollowerState (FollowerState.java:run(106)) - bcb704dc-2543-42a4-8762-cde039a55a99:group-1807F0C4354B changes to CANDIDATE, lastRpcTime:5445, electionTimeout:5155ms
2019-09-26 15:39:05,390 [Thread-2356] INFO  impl.FollowerState (FollowerState.java:run(106)) - bcb704dc-2543-42a4-8762-cde039a55a99:group-9CAC7CB13E97 changes to CANDIDATE, lastRpcTime:5259, electionTimeout:5066ms
2019-09-26 15:39:05,387 [bcb704dc-2543-42a4-8762-cde039a55a99@group-CB1176FCD817-SegmentedRaftLogWorker] ERROR segmented.SegmentedRaftLogWorker (SegmentedRaftLogWorker.java:run(323)) - bcb704dc-2543-42a4-8762-cde039a55a99@group-CB1176FCD817-SegmentedRaftLogWorker hit exception
java.lang.OutOfMemoryError: Direct buffer memory
	at java.nio.Bits.reserveMemory(Bits.java:666)
	at java.nio.DirectByteBuffer.<init>(DirectByteBuffer.java:123)
	at java.nio.ByteBuffer.allocateDirect(ByteBuffer.java:311)
	at org.apache.ratis.server.raftlog.segmented.BufferedWriteChannel.<init>(BufferedWriteChannel.java:41)
	at org.apache.ratis.server.raftlog.segmented.SegmentedRaftLogOutputStream.<init>(SegmentedRaftLogOutputStream.java:72)
	at org.apache.ratis.server.raftlog.segmented.SegmentedRaftLogWorker$StartLogSegment.execute(SegmentedRaftLogWorker.java:566)
	at org.apache.ratis.server.raftlog.segmented.SegmentedRaftLogWorker.run(SegmentedRaftLogWorker.java:289)
	at java.lang.Thread.run(Thread.java:748)
2019-09-26 15:39:05,384 [Thread-2371] INFO  impl.FollowerState (FollowerState.java:run(106)) - bcb704dc-2543-42a4-8762-cde039a55a99:group-19297E754D09 changes to CANDIDATE, lastRpcTime:5157, electionTimeout:5123ms
2019-09-26 15:39:05,041 [bcb704dc-2543-42a4-8762-cde039a55a99@group-884AB6599596:LeaderElection211] INFO  impl.LeaderElection (LeaderElection.java:askForVotes(182)) - bcb704dc-2543-42a4-8762-cde039a55a99@group-884AB6599596:LeaderElection211: begin an election at term 1 for -1: [bcb704dc-2543-42a4-8762-cde039a55a99:192.168.151.99:43663], old=null
2019-09-26 15:39:05,041 [bcb704dc-2543-42a4-8762-cde039a55a99@group-165F9EB473BC:LeaderElection173] INFO  impl.RaftServerImpl (ServerState.java:setRaftConf(354)) - bcb704dc-2543-42a4-8762-cde039a55a99@group-165F9EB473BC: set configuration 0: [bcb704dc-2543-42a4-8762-cde039a55a99:192.168.151.99:43663], old=null at 0
2019-09-26 15:39:05,041 [bcb704dc-2543-42a4-8762-cde039a55a99@group-64EA007B3927:LeaderElection210] INFO  impl.LeaderElection (LeaderElection.java:askForVotes(182)) - bcb704dc-2543-42a4-8762-cde039a55a99@group-64EA007B3927:LeaderElection210: begin an election at term 1 for -1: [bcb704dc-2543-42a4-8762-cde039a55a99:192.168.151.99:43663], old=null
2019-09-26 15:39:05,401 [bcb704dc-2543-42a4-8762-cde039a55a99@group-64EA007B3927:LeaderElection210] INFO  impl.RoleInfo (RoleInfo.java:shutdownLeaderElection(134)) - bcb704dc-2543-42a4-8762-cde039a55a99: shutdown LeaderElection
2019-09-26 15:39:05,041 [bcb704dc-2543-42a4-8762-cde039a55a99@group-280A8A57BC6F:LeaderElection182] INFO  server.RaftServerConfigKeys (ConfUtils.java:logGet(43)) - raft.server.write.element-limit = 4096 (default)
2019-09-26 15:39:05,041 [bcb704dc-2543-42a4-8762-cde039a55a99@group-BBF433C8F92D:LeaderElection209] INFO  impl.LeaderElection (LeaderElection.java:askForVotes(182)) - bcb704dc-2543-42a4-8762-cde039a55a99@group-BBF433C8F92D:LeaderElection209: begin an election at term 1 for -1: [bcb704dc-2543-42a4-8762-cde039a55a99:192.168.151.99:43663], old=null
2019-09-26 15:39:05,041 [bcb704dc-2543-42a4-8762-cde039a55a99@group-11C7A05DD744:LeaderElection196] INFO  impl.LeaderElection (LeaderElection.java:askForVotes(182)) - bcb704dc-2543-42a4-8762-cde039a55a99@group-11C7A05DD744:LeaderElection196: begin an election at term 1 for -1: [bcb704dc-2543-42a4-8762-cde039a55a99:192.168.151.99:43663], old=null
2019-09-26 15:39:05,401 [bcb704dc-2543-42a4-8762-cde039a55a99@group-11C7A05DD744:LeaderElection196] INFO  impl.RoleInfo (RoleInfo.java:shutdownLeaderElection(134)) - bcb704dc-2543-42a4-8762-cde039a55a99: shutdown LeaderElection
2019-09-26 15:39:05,041 [bcb704dc-2543-42a4-8762-cde039a55a99@group-6B7863180474:LeaderElection203] INFO  impl.LeaderElection (LeaderElection.java:askForVotes(182)) - bcb704dc-2543-42a4-8762-cde039a55a99@group-6B7863180474:LeaderElection203: begin an election at term 1 for -1: [bcb704dc-2543-42a4-8762-cde039a55a99:192.168.151.99:43663], old=null
2019-09-26 15:39:05,041 [bcb704dc-2543-42a4-8762-cde039a55a99@group-F6F6A7BDA922:LeaderElection213] INFO  impl.LeaderElection (LeaderElection.java:askForVotes(182)) - bcb704dc-2543-42a4-8762-cde039a55a99@group-F6F6A7BDA922:LeaderElection213: begin an election at term 1 for -1: [bcb704dc-2543-42a4-8762-cde039a55a99:192.168.151.99:43663], old=null
2019-09-26 15:39:05,041 [bcb704dc-2543-42a4-8762-cde039a55a99@group-312551D5FA7C:LeaderElection191] INFO  impl.LeaderElection (LeaderElection.java:askForVotes(182)) - bcb704dc-2543-42a4-8762-cde039a55a99@group-312551D5FA7C:LeaderElection191: begin an election at term 1 for -1: [bcb704dc-2543-42a4-8762-cde039a55a99:192.168.151.99:43663], old=null
2019-09-26 15:39:05,041 [bcb704dc-2543-42a4-8762-cde039a55a99@group-353F2047EF06:LeaderElection194] INFO  impl.LeaderElection (LeaderElection.java:askForVotes(182)) - bcb704dc-2543-42a4-8762-cde039a55a99@group-353F2047EF06:LeaderElection194: begin an election at term 1 for -1: [bcb704dc-2543-42a4-8762-cde039a55a99:192.168.151.99:43663], old=null
2019-09-26 15:39:05,041 [bcb704dc-2543-42a4-8762-cde039a55a99@group-4E34C6955B17:LeaderElection204] INFO  impl.LeaderElection (LeaderElection.java:askForVotes(182)) - bcb704dc-2543-42a4-8762-cde039a55a99@group-4E34C6955B17:LeaderElection204: begin an election at term 1 for -1: [bcb704dc-2543-42a4-8762-cde039a55a99:192.168.151.99:43663], old=null
2019-09-26 15:39:05,041 [bcb704dc-2543-42a4-8762-cde039a55a99@group-DA2C5CB8BB65:LeaderElection189] INFO  impl.LeaderElection (LeaderElection.java:askForVotes(182)) - bcb704dc-2543-42a4-8762-cde039a55a99@group-DA2C5CB8BB65:LeaderElection189: begin an election at term 1 for -1: [bcb704dc-2543-42a4-8762-cde039a55a99:192.168.151.99:43663], old=null
2019-09-26 15:39:05,402 [bcb704dc-2543-42a4-8762-cde039a55a99@group-DA2C5CB8BB65:LeaderElection189] INFO  impl.RoleInfo (RoleInfo.java:shutdownLeaderElection(134)) - bcb704dc-2543-42a4-8762-cde039a55a99: shutdown LeaderElection
2019-09-26 15:39:05,041 [bcb704dc-2543-42a4-8762-cde039a55a99@group-7C568138CBDB:LeaderElection188] INFO  impl.LeaderElection (LeaderElection.java:askForVotes(182)) - bcb704dc-2543-42a4-8762-cde039a55a99@group-7C568138CBDB:LeaderElection188: begin an election at term 1 for -1: [bcb704dc-2543-42a4-8762-cde039a55a99:192.168.151.99:43663], old=null
2019-09-26 15:39:05,041 [bcb704dc-2543-42a4-8762-cde039a55a99@group-2D09A842301B:LeaderElection206] INFO  impl.LeaderElection (LeaderElection.java:askForVotes(182)) - bcb704dc-2543-42a4-8762-cde039a55a99@group-2D09A842301B:LeaderElection206: begin an election at term 1 for -1: [bcb704dc-2543-42a4-8762-cde039a55a99:192.168.151.99:43663], old=null
2019-09-26 15:39:05,040 [bcb704dc-2543-42a4-8762-cde039a55a99@group-C84E1EDDFBB1:LeaderElection197] INFO  impl.LeaderElection (LeaderElection.java:askForVotes(182)) - bcb704dc-2543-42a4-8762-cde039a55a99@group-C84E1EDDFBB1:LeaderElection197: begin an election at term 1 for -1: [bcb704dc-2543-42a4-8762-cde039a55a99:192.168.151.99:43663], old=null
2019-09-26 15:39:05,040 [bcb704dc-2543-42a4-8762-cde039a55a99@group-A0C5D2D9FA46:LeaderElection190] INFO  impl.LeaderElection (LeaderElection.java:askForVotes(182)) - bcb704dc-2543-42a4-8762-cde039a55a99@group-A0C5D2D9FA46:LeaderElection190: begin an election at term 1 for -1: [bcb704dc-2543-42a4-8762-cde039a55a99:192.168.151.99:43663], old=null
2019-09-26 15:39:05,040 [bcb704dc-2543-42a4-8762-cde039a55a99@group-E184EC457834:LeaderElection205] INFO  impl.LeaderElection (LeaderElection.java:askForVotes(182)) - bcb704dc-2543-42a4-8762-cde039a55a99@group-E184EC457834:LeaderElection205: begin an election at term 1 for -1: [bcb704dc-2543-42a4-8762-cde039a55a99:192.168.151.99:43663], old=null
2019-09-26 15:39:05,040 [bcb704dc-2543-42a4-8762-cde039a55a99@group-4B884EBB2E10:LeaderElection195] INFO  impl.LeaderElection (LeaderElection.java:askForVotes(182)) - bcb704dc-2543-42a4-8762-cde039a55a99@group-4B884EBB2E10:LeaderElection195: begin an election at term 1 for -1: [bcb704dc-2543-42a4-8762-cde039a55a99:192.168.151.99:43663], old=null
2019-09-26 15:39:05,040 [bcb704dc-2543-42a4-8762-cde039a55a99@group-82088539EA4F:LeaderElection186] INFO  impl.LeaderElection (LeaderElection.java:askForVotes(182)) - bcb704dc-2543-42a4-8762-cde039a55a99@group-82088539EA4F:LeaderElection186: begin an election at term 1 for -1: [bcb704dc-2543-42a4-8762-cde039a55a99:192.168.151.99:43663], old=null
2019-09-26 15:39:05,040 [bcb704dc-2543-42a4-8762-cde039a55a99@group-A09E01A06194:LeaderElection202] INFO  impl.LeaderElection (LeaderElection.java:askForVotes(182)) - bcb704dc-2543-42a4-8762-cde039a55a99@group-A09E01A06194:LeaderElection202: begin an election at term 1 for -1: [bcb704dc-2543-42a4-8762-cde039a55a99:192.168.151.99:43663], old=null
2019-09-26 15:39:05,040 [bcb704dc-2543-42a4-8762-cde039a55a99@group-B04EACC30477:LeaderElection193] INFO  impl.LeaderElection (LeaderElection.java:askForVotes(182)) - bcb704dc-2543-42a4-8762-cde039a55a99@group-B04EACC30477:LeaderElection193: begin an election at term 1 for -1: [bcb704dc-2543-42a4-8762-cde039a55a99:192.168.151.99:43663], old=null
2019-09-26 15:39:05,040 [bcb704dc-2543-42a4-8762-cde039a55a99@group-23B603725A20:LeaderElection187] INFO  impl.LeaderElection (LeaderElection.java:askForVotes(182)) - bcb704dc-2543-42a4-8762-cde039a55a99@group-23B603725A20:LeaderElection187: begin an election at term 1 for -1: [bcb704dc-2543-42a4-8762-cde039a55a99:192.168.151.99:43663], old=null
2019-09-26 15:39:05,040 [bcb704dc-2543-42a4-8762-cde039a55a99@group-008535A2A097:LeaderElection185] INFO  impl.LeaderElection (LeaderElection.java:askForVotes(182)) - bcb704dc-2543-42a4-8762-cde039a55a99@group-008535A2A097:LeaderElection185: begin an election at term 1 for -1: [bcb704dc-2543-42a4-8762-cde039a55a99:192.168.151.99:43663], old=null
2019-09-26 15:39:05,040 [bcb704dc-2543-42a4-8762-cde039a55a99@group-E9033DA04B7D:LeaderElection200] INFO  impl.LeaderElection (LeaderElection.java:askForVotes(182)) - bcb704dc-2543-42a4-8762-cde039a55a99@group-E9033DA04B7D:LeaderElection200: begin an election at term 1 for -1: [bcb704dc-2543-42a4-8762-cde039a55a99:192.168.151.99:43663], old=null
2019-09-26 15:39:05,040 [bcb704dc-2543-42a4-8762-cde039a55a99@group-8C4E846757B0:LeaderElection201] INFO  impl.LeaderElection (LeaderElection.java:askForVotes(182)) - bcb704dc-2543-42a4-8762-cde039a55a99@group-8C4E846757B0:LeaderElection201: begin an election at term 1 for -1: [bcb704dc-2543-42a4-8762-cde039a55a99:192.168.151.99:43663], old=null
2019-09-26 15:39:05,404 [bcb704dc-2543-42a4-8762-cde039a55a99@group-8C4E846757B0:LeaderElection201] INFO  impl.RoleInfo (RoleInfo.java:shutdownLeaderElection(134)) - bcb704dc-2543-42a4-8762-cde039a55a99: shutdown LeaderElection
2019-09-26 15:39:05,040 [pool-123-thread-1] INFO  storage.RaftStorageDirectory (RaftStorageDirectory.java:tryLock(328)) - Lock on /workdir/hadoop-ozone/integration-test/target/test-dir/MiniOzoneClusterImpl-87962e32-e39f-4c57-b747-30c883c1cc54/datanode-0/data/ratis/e938377e-2518-4410-8d2d-0423df0ed906/in_use.lock acquired by nodename 10626@pr-hdds-1569-g6sp5-2013761785
2019-09-26 15:39:05,040 [bcb704dc-2543-42a4-8762-cde039a55a99@group-19733DFA91CE:LeaderElection212] INFO  impl.LeaderElection (LeaderElection.java:askForVotes(182)) - bcb704dc-2543-42a4-8762-cde039a55a99@group-19733DFA91CE:LeaderElection212: begin an election at term 1 for -1: [bcb704dc-2543-42a4-8762-cde039a55a99:192.168.151.99:43663], old=null
2019-09-26 15:39:05,040 [bcb704dc-2543-42a4-8762-cde039a55a99@group-0A32BFDC6864:LeaderElection199] INFO  impl.LeaderElection (LeaderElection.java:askForVotes(182)) - bcb704dc-2543-42a4-8762-cde039a55a99@group-0A32BFDC6864:LeaderElection199: begin an election at term 1 for -1: [bcb704dc-2543-42a4-8762-cde039a55a99:192.168.151.99:43663], old=null
2019-09-26 15:39:05,040 [bcb704dc-2543-42a4-8762-cde039a55a99@group-4786CBF0DBEA:LeaderElection198] INFO  impl.LeaderElection (LeaderElection.java:askForVotes(182)) - bcb704dc-2543-42a4-8762-cde039a55a99@group-4786CBF0DBEA:LeaderElection198: begin an election at term 1 for -1: [bcb704dc-2543-42a4-8762-cde039a55a99:192.168.151.99:43663], old=null
2019-09-26 15:39:05,040 [bcb704dc-2543-42a4-8762-cde039a55a99@group-A778D7837BC2:LeaderElection192] INFO  impl.LeaderElection (LeaderElection.java:askForVotes(182)) - bcb704dc-2543-42a4-8762-cde039a55a99@group-A778D7837BC2:LeaderElection192: begin an election at term 1 for -1: [bcb704dc-2543-42a4-8762-cde039a55a99:192.168.151.99:43663], old=null
2019-09-26 15:39:05,405 [bcb704dc-2543-42a4-8762-cde039a55a99@group-A778D7837BC2:LeaderElection192] INFO  impl.RoleInfo (RoleInfo.java:shutdownLeaderElection(134)) - bcb704dc-2543-42a4-8762-cde039a55a99: shutdown LeaderElection
2019-09-26 15:39:05,033 [Thread-2322] INFO  impl.FollowerState (FollowerState.java:run(106)) - bcb704dc-2543-42a4-8762-cde039a55a99:group-B2A28DABB48B changes to CANDIDATE, lastRpcTime:5280, electionTimeout:5050ms
2019-09-26 15:39:05,031 [bcb704dc-2543-42a4-8762-cde039a55a99@group-D0D77289265A-SegmentedRaftLogWorker] ERROR segmented.SegmentedRaftLogWorker (SegmentedRaftLogWorker.java:run(323)) - bcb704dc-2543-42a4-8762-cde039a55a99@group-D0D77289265A-SegmentedRaftLogWorker hit exception
java.lang.OutOfMemoryError: Direct buffer memory
	at java.nio.Bits.reserveMemory(Bits.java:666)
	at java.nio.DirectByteBuffer.<init>(DirectByteBuffer.java:123)
	at java.nio.ByteBuffer.allocateDirect(ByteBuffer.java:311)
	at org.apache.ratis.server.raftlog.segmented.BufferedWriteChannel.<init>(BufferedWriteChannel.java:41)
	at org.apache.ratis.server.raftlog.segmented.SegmentedRaftLogOutputStream.<init>(SegmentedRaftLogOutputStream.java:72)
	at org.apache.ratis.server.raftlog.segmented.SegmentedRaftLogWorker$StartLogSegment.execute(SegmentedRaftLogWorker.java:566)
	at org.apache.ratis.server.raftlog.segmented.SegmentedRaftLogWorker.run(SegmentedRaftLogWorker.java:289)
	at java.lang.Thread.run(Thread.java:748)
2019-09-26 15:39:05,030 [bcb704dc-2543-42a4-8762-cde039a55a99@group-7399194A29EE-SegmentedRaftLogWorker] ERROR segmented.SegmentedRaftLogWorker (SegmentedRaftLogWorker.java:run(323)) - bcb704dc-2543-42a4-8762-cde039a55a99@group-7399194A29EE-SegmentedRaftLogWorker hit exception
java.lang.OutOfMemoryError: Direct buffer memory
	at java.nio.Bits.reserveMemory(Bits.java:666)
	at java.nio.DirectByteBuffer.<init>(DirectByteBuffer.java:123)
	at java.nio.ByteBuffer.allocateDirect(ByteBuffer.java:311)
	at org.apache.ratis.server.raftlog.segmented.BufferedWriteChannel.<init>(BufferedWriteChannel.java:41)
	at org.apache.ratis.server.raftlog.segmented.SegmentedRaftLogOutputStream.<init>(SegmentedRaftLogOutputStream.java:72)
	at org.apache.ratis.server.raftlog.segmented.SegmentedRaftLogWorker$StartLogSegment.execute(SegmentedRaftLogWorker.java:566)
	at org.apache.ratis.server.raftlog.segmented.SegmentedRaftLogWorker.run(SegmentedRaftLogWorker.java:289)
	at java.lang.Thread.run(Thread.java:748)
2019-09-26 15:39:05,406 [bcb704dc-2543-42a4-8762-cde039a55a99@group-7399194A29EE-SegmentedRaftLogWorker] INFO  impl.RaftServerImpl (RaftServerImpl.java:lambda$shutdown$3(251)) - bcb704dc-2543-42a4-8762-cde039a55a99@group-7399194A29EE: shutdown
2019-09-26 15:39:05,030 [Thread-2317] INFO  impl.FollowerState (FollowerState.java:run(106)) - bcb704dc-2543-42a4-8762-cde039a55a99:group-0DF8239C052C changes to CANDIDATE, lastRpcTime:5340, electionTimeout:5198ms
2019-09-26 15:39:05,030 [Thread-2330] INFO  impl.FollowerState (FollowerState.java:run(106)) - bcb704dc-2543-42a4-8762-cde039a55a99:group-4B85105F5536 changes to CANDIDATE, lastRpcTime:5207, electionTimeout:5086ms
2019-09-26 15:39:05,027 [Thread-2334] INFO  impl.FollowerState (FollowerState.java:run(106)) - bcb704dc-2543-42a4-8762-cde039a55a99:group-81908E8BCAAC changes to CANDIDATE, lastRpcTime:5171, electionTimeout:5139ms
2019-09-26 15:39:05,026 [Thread-2341] INFO  impl.FollowerState (FollowerState.java:run(106)) - bcb704dc-2543-42a4-8762-cde039a55a99:group-6D85AD78C566 changes to CANDIDATE, lastRpcTime:5127, electionTimeout:5118ms
2019-09-26 15:39:05,406 [Thread-2322] INFO  impl.RoleInfo (RoleInfo.java:shutdownFollowerState(121)) - bcb704dc-2543-42a4-8762-cde039a55a99: shutdown FollowerState
2019-09-26 15:39:05,407 [Thread-2317] INFO  impl.RoleInfo (RoleInfo.java:shutdownFollowerState(121)) - bcb704dc-2543-42a4-8762-cde039a55a99: shutdown FollowerState
2019-09-26 15:39:05,406 [bcb704dc-2543-42a4-8762-cde039a55a99@group-D0D77289265A-SegmentedRaftLogWorker] INFO  impl.RaftServerImpl (RaftServerImpl.java:lambda$shutdown$3(251)) - bcb704dc-2543-42a4-8762-cde039a55a99@group-D0D77289265A: shutdown
2019-09-26 15:39:05,405 [bcb704dc-2543-42a4-8762-cde039a55a99@group-A778D7837BC2:LeaderElection192] INFO  impl.RaftServerImpl (RaftServerImpl.java:setRole(174)) - bcb704dc-2543-42a4-8762-cde039a55a99@group-A778D7837BC2: changes role from CANDIDATE to LEADER at term 1 for changeToLeader
2019-09-26 15:39:05,405 [bcb704dc-2543-42a4-8762-cde039a55a99@group-4786CBF0DBEA:LeaderElection198] INFO  impl.RoleInfo (RoleInfo.java:shutdownLeaderElection(134)) - bcb704dc-2543-42a4-8762-cde039a55a99: shutdown LeaderElection
2019-09-26 15:39:05,405 [bcb704dc-2543-42a4-8762-cde039a55a99@group-0A32BFDC6864:LeaderElection199] INFO  impl.RoleInfo (RoleInfo.java:shutdownLeaderElection(134)) - bcb704dc-2543-42a4-8762-cde039a55a99: shutdown LeaderElection
2019-09-26 15:39:05,407 [bcb704dc-2543-42a4-8762-cde039a55a99@group-7399194A29EE-SegmentedRaftLogWorker] INFO  util.JmxRegister (JmxRegister.java:unregister(73)) - Successfully un-registered JMX Bean with object name Ratis:service=RaftServer,group=group-7399194A29EE,id=bcb704dc-2543-42a4-8762-cde039a55a99
2019-09-26 15:39:05,405 [bcb704dc-2543-42a4-8762-cde039a55a99@group-19733DFA91CE:LeaderElection212] INFO  impl.RoleInfo (RoleInfo.java:shutdownLeaderElection(134)) - bcb704dc-2543-42a4-8762-cde039a55a99: shutdown LeaderElection
2019-09-26 15:39:05,404 [bcb704dc-2543-42a4-8762-cde039a55a99@group-8C4E846757B0:LeaderElection201] INFO  impl.RaftServerImpl (RaftServerImpl.java:setRole(174)) - bcb704dc-2543-42a4-8762-cde039a55a99@group-8C4E846757B0: changes role from CANDIDATE to LEADER at term 1 for changeToLeader
2019-09-26 15:39:05,404 [bcb704dc-2543-42a4-8762-cde039a55a99@group-E9033DA04B7D:LeaderElection200] INFO  impl.RoleInfo (RoleInfo.java:shutdownLeaderElection(134)) - bcb704dc-2543-42a4-8762-cde039a55a99: shutdown LeaderElection
2019-09-26 15:39:05,404 [bcb704dc-2543-42a4-8762-cde039a55a99@group-008535A2A097:LeaderElection185] INFO  impl.RoleInfo (RoleInfo.java:shutdownLeaderElection(134)) - bcb704dc-2543-42a4-8762-cde039a55a99: shutdown LeaderElection
2019-09-26 15:39:05,408 [bcb704dc-2543-42a4-8762-cde039a55a99@group-008535A2A097:LeaderElection185] INFO  impl.RaftServerImpl (RaftServerImpl.java:setRole(174)) - bcb704dc-2543-42a4-8762-cde039a55a99@group-008535A2A097: changes role from CANDIDATE to LEADER at term 1 for changeToLeader
2019-09-26 15:39:05,404 [bcb704dc-2543-42a4-8762-cde039a55a99@group-23B603725A20:LeaderElection187] INFO  impl.RoleInfo (RoleInfo.java:shutdownLeaderElection(134)) - bcb704dc-2543-42a4-8762-cde039a55a99: shutdown LeaderElection
2019-09-26 15:39:05,404 [bcb704dc-2543-42a4-8762-cde039a55a99@group-B04EACC30477:LeaderElection193] INFO  impl.RoleInfo (RoleInfo.java:shutdownLeaderElection(134)) - bcb704dc-2543-42a4-8762-cde039a55a99: shutdown LeaderElection
2019-09-26 15:39:05,403 [bcb704dc-2543-42a4-8762-cde039a55a99@group-A09E01A06194:LeaderElection202] INFO  impl.RoleInfo (RoleInfo.java:shutdownLeaderElection(134)) - bcb704dc-2543-42a4-8762-cde039a55a99: shutdown LeaderElection
2019-09-26 15:39:05,409 [bcb704dc-2543-42a4-8762-cde039a55a99@group-A09E01A06194:LeaderElection202] INFO  impl.RaftServerImpl (RaftServerImpl.java:setRole(174)) - bcb704dc-2543-42a4-8762-cde039a55a99@group-A09E01A06194: changes role from CANDIDATE to LEADER at term 1 for changeToLeader
2019-09-26 15:39:05,403 [bcb704dc-2543-42a4-8762-cde039a55a99@group-82088539EA4F:LeaderElection186] INFO  impl.RoleInfo (RoleInfo.java:shutdownLeaderElection(134)) - bcb704dc-2543-42a4-8762-cde039a55a99: shutdown LeaderElection
2019-09-26 15:39:05,403 [bcb704dc-2543-42a4-8762-cde039a55a99@group-4B884EBB2E10:LeaderElection195] INFO  impl.RoleInfo (RoleInfo.java:shutdownLeaderElection(134)) - bcb704dc-2543-42a4-8762-cde039a55a99: shutdown LeaderElection
2019-09-26 15:39:05,403 [bcb704dc-2543-42a4-8762-cde039a55a99@group-E184EC457834:LeaderElection205] INFO  impl.RoleInfo (RoleInfo.java:shutdownLeaderElection(134)) - bcb704dc-2543-42a4-8762-cde039a55a99: shutdown LeaderElection
2019-09-26 15:39:05,403 [bcb704dc-2543-42a4-8762-cde039a55a99@group-A0C5D2D9FA46:LeaderElection190] INFO  impl.RoleInfo (RoleInfo.java:shutdownLeaderElection(134)) - bcb704dc-2543-42a4-8762-cde039a55a99: shutdown LeaderElection
2019-09-26 15:39:05,409 [bcb704dc-2543-42a4-8762-cde039a55a99@group-A0C5D2D9FA46:LeaderElection190] INFO  impl.RaftServerImpl (RaftServerImpl.java:setRole(174)) - bcb704dc-2543-42a4-8762-cde039a55a99@group-A0C5D2D9FA46: changes role from CANDIDATE to LEADER at term 1 for changeToLeader
2019-09-26 15:39:05,409 [bcb704dc-2543-42a4-8762-cde039a55a99@group-A0C5D2D9FA46:LeaderElection190] INFO  impl.RaftServerImpl (ServerState.java:setLeader(253)) - bcb704dc-2543-42a4-8762-cde039a55a99@group-A0C5D2D9FA46: change Leader from null to bcb704dc-2543-42a4-8762-cde039a55a99 at term 1 for becomeLeader, leader elected after 6589ms
2019-09-26 15:39:05,403 [bcb704dc-2543-42a4-8762-cde039a55a99@group-C84E1EDDFBB1:LeaderElection197] INFO  impl.RoleInfo (RoleInfo.java:shutdownLeaderElection(134)) - bcb704dc-2543-42a4-8762-cde039a55a99: shutdown LeaderElection
2019-09-26 15:39:05,403 [bcb704dc-2543-42a4-8762-cde039a55a99@group-2D09A842301B:LeaderElection206] INFO  impl.RoleInfo (RoleInfo.java:shutdownLeaderElection(134)) - bcb704dc-2543-42a4-8762-cde039a55a99: shutdown LeaderElection
2019-09-26 15:39:05,403 [bcb704dc-2543-42a4-8762-cde039a55a99@group-7C568138CBDB:LeaderElection188] INFO  impl.RoleInfo (RoleInfo.java:shutdownLeaderElection(134)) - bcb704dc-2543-42a4-8762-cde039a55a99: shutdown LeaderElection
2019-09-26 15:39:05,402 [bcb704dc-2543-42a4-8762-cde039a55a99@group-DA2C5CB8BB65:LeaderElection189] INFO  impl.RaftServerImpl (RaftServerImpl.java:setRole(174)) - bcb704dc-2543-42a4-8762-cde039a55a99@group-DA2C5CB8BB65: changes role from CANDIDATE to LEADER at term 1 for changeToLeader
2019-09-26 15:39:05,402 [bcb704dc-2543-42a4-8762-cde039a55a99@group-4E34C6955B17:LeaderElection204] INFO  impl.RoleInfo (RoleInfo.java:shutdownLeaderElection(134)) - bcb704dc-2543-42a4-8762-cde039a55a99: shutdown LeaderElection
2019-09-26 15:39:05,402 [bcb704dc-2543-42a4-8762-cde039a55a99@group-353F2047EF06:LeaderElection194] INFO  impl.RoleInfo (RoleInfo.java:shutdownLeaderElection(134)) - bcb704dc-2543-42a4-8762-cde039a55a99: shutdown LeaderElection
2019-09-26 15:39:05,402 [bcb704dc-2543-42a4-8762-cde039a55a99@group-312551D5FA7C:LeaderElection191] INFO  impl.RoleInfo (RoleInfo.java:shutdownLeaderElection(134)) - bcb704dc-2543-42a4-8762-cde039a55a99: shutdown LeaderElection
2019-09-26 15:39:05,402 [bcb704dc-2543-42a4-8762-cde039a55a99@group-F6F6A7BDA922:LeaderElection213] INFO  impl.RoleInfo (RoleInfo.java:shutdownLeaderElection(134)) - bcb704dc-2543-42a4-8762-cde039a55a99: shutdown LeaderElection
2019-09-26 15:39:05,411 [bcb704dc-2543-42a4-8762-cde039a55a99@group-F6F6A7BDA922:LeaderElection213] INFO  impl.RaftServerImpl (RaftServerImpl.java:setRole(174)) - bcb704dc-2543-42a4-8762-cde039a55a99@group-F6F6A7BDA922: changes role from CANDIDATE to LEADER at term 1 for changeToLeader
2019-09-26 15:39:05,402 [bcb704dc-2543-42a4-8762-cde039a55a99@group-6B7863180474:LeaderElection203] INFO  impl.RoleInfo (RoleInfo.java:shutdownLeaderElection(134)) - bcb704dc-2543-42a4-8762-cde039a55a99: shutdown LeaderElection
2019-09-26 15:39:05,402 [bcb704dc-2543-42a4-8762-cde039a55a99@group-11C7A05DD744:LeaderElection196] INFO  impl.RaftServerImpl (RaftServerImpl.java:setRole(174)) - bcb704dc-2543-42a4-8762-cde039a55a99@group-11C7A05DD744: changes role from CANDIDATE to LEADER at term 1 for changeToLeader
2019-09-26 15:39:05,411 [bcb704dc-2543-42a4-8762-cde039a55a99@group-11C7A05DD744:LeaderElection196] INFO  impl.RaftServerImpl (ServerState.java:setLeader(253)) - bcb704dc-2543-42a4-8762-cde039a55a99@group-11C7A05DD744: change Leader from null to bcb704dc-2543-42a4-8762-cde039a55a99 at term 1 for becomeLeader, leader elected after 6479ms
2019-09-26 15:39:05,401 [bcb704dc-2543-42a4-8762-cde039a55a99@group-BBF433C8F92D:LeaderElection209] INFO  impl.RoleInfo (RoleInfo.java:shutdownLeaderElection(134)) - bcb704dc-2543-42a4-8762-cde039a55a99: shutdown LeaderElection
2019-09-26 15:39:05,401 [bcb704dc-2543-42a4-8762-cde039a55a99@group-280A8A57BC6F:LeaderElection182] INFO  server.RaftServerConfigKeys (ConfUtils.java:logGet(43)) - raft.server.watch.timeout = 10s (default)
2019-09-26 15:39:05,401 [bcb704dc-2543-42a4-8762-cde039a55a99@group-64EA007B3927:LeaderElection210] INFO  impl.RaftServerImpl (RaftServerImpl.java:setRole(174)) - bcb704dc-2543-42a4-8762-cde039a55a99@group-64EA007B3927: changes role from CANDIDATE to LEADER at term 1 for changeToLeader
2019-09-26 15:39:05,411 [bcb704dc-2543-42a4-8762-cde039a55a99@group-64EA007B3927:LeaderElection210] INFO  impl.RaftServerImpl (ServerState.java:setLeader(253)) - bcb704dc-2543-42a4-8762-cde039a55a99@group-64EA007B3927: change Leader from null to bcb704dc-2543-42a4-8762-cde039a55a99 at term 1 for becomeLeader, leader elected after 5941ms
2019-09-26 15:39:05,401 [Thread-2371] INFO  impl.RoleInfo (RoleInfo.java:shutdownFollowerState(121)) - bcb704dc-2543-42a4-8762-cde039a55a99: shutdown FollowerState
2019-09-26 15:39:05,412 [Thread-2371] INFO  impl.RaftServerImpl (RaftServerImpl.java:setRole(174)) - bcb704dc-2543-42a4-8762-cde039a55a99@group-19297E754D09: changes role from  FOLLOWER to CANDIDATE at term 0 for changeToCandidate
2019-09-26 15:39:05,400 [bcb704dc-2543-42a4-8762-cde039a55a99@group-884AB6599596:LeaderElection211] INFO  impl.RoleInfo (RoleInfo.java:shutdownLeaderElection(134)) - bcb704dc-2543-42a4-8762-cde039a55a99: shutdown LeaderElection
2019-09-26 15:39:05,400 [Thread-2356] INFO  impl.RoleInfo (RoleInfo.java:shutdownFollowerState(121)) - bcb704dc-2543-42a4-8762-cde039a55a99: shutdown FollowerState
2019-09-26 15:39:05,400 [bcb704dc-2543-42a4-8762-cde039a55a99@group-CB1176FCD817-SegmentedRaftLogWorker] INFO  impl.RaftServerImpl (RaftServerImpl.java:lambda$shutdown$3(251)) - bcb704dc-2543-42a4-8762-cde039a55a99@group-CB1176FCD817: shutdown
2019-09-26 15:39:05,400 [Thread-2346] INFO  impl.RoleInfo (RoleInfo.java:shutdownFollowerState(121)) - bcb704dc-2543-42a4-8762-cde039a55a99: shutdown FollowerState
2019-09-26 15:39:05,412 [Thread-2346] INFO  impl.RaftServerImpl (RaftServerImpl.java:setRole(174)) - bcb704dc-2543-42a4-8762-cde039a55a99@group-1807F0C4354B: changes role from  FOLLOWER to CANDIDATE at term 0 for changeToCandidate
2019-09-26 15:39:05,399 [bcb704dc-2543-42a4-8762-cde039a55a99@group-0C31D75A80BF:LeaderElection208] INFO  server.RaftServerConfigKeys (ConfUtils.java:logGet(43)) - raft.server.watch.timeout.denomination = 1s (default)
2019-09-26 15:39:05,399 [bcb704dc-2543-42a4-8762-cde039a55a99@group-DEF52561270D:LeaderElection207] INFO  server.RaftServerConfigKeys (ConfUtils.java:logGet(43)) - raft.server.watch.timeout = 10s (default)
2019-09-26 15:39:05,413 [bcb704dc-2543-42a4-8762-cde039a55a99@group-0C31D75A80BF:LeaderElection208] INFO  server.RaftServerConfigKeys (ConfUtils.java:logGet(43)) - raft.server.watch.element-limit = 65536 (default)
2019-09-26 15:39:05,412 [Thread-2346] INFO  impl.RoleInfo (RoleInfo.java:updateAndGet(143)) - bcb704dc-2543-42a4-8762-cde039a55a99: start LeaderElection
2019-09-26 15:39:05,412 [Thread-2356] INFO  impl.RaftServerImpl (RaftServerImpl.java:setRole(174)) - bcb704dc-2543-42a4-8762-cde039a55a99@group-9CAC7CB13E97: changes role from  FOLLOWER to CANDIDATE at term 0 for changeToCandidate
2019-09-26 15:39:05,412 [bcb704dc-2543-42a4-8762-cde039a55a99@group-884AB6599596:LeaderElection211] INFO  impl.RaftServerImpl (RaftServerImpl.java:setRole(174)) - bcb704dc-2543-42a4-8762-cde039a55a99@group-884AB6599596: changes role from CANDIDATE to LEADER at term 1 for changeToLeader
2019-09-26 15:39:05,412 [Thread-2371] INFO  impl.RoleInfo (RoleInfo.java:updateAndGet(143)) - bcb704dc-2543-42a4-8762-cde039a55a99: start LeaderElection
2019-09-26 15:39:05,412 [bcb704dc-2543-42a4-8762-cde039a55a99@group-64EA007B3927:LeaderElection210] INFO  server.RaftServerConfigKeys (ConfUtils.java:logGet(43)) - raft.server.staging.catchup.gap = 1000 (default)
2019-09-26 15:39:05,414 [bcb704dc-2543-42a4-8762-cde039a55a99@group-64EA007B3927:LeaderElection210] INFO  server.RaftServerConfigKeys (ConfUtils.java:logGet(43)) - raft.server.rpc.sleep.time = 25ms (default)
2019-09-26 15:39:05,411 [bcb704dc-2543-42a4-8762-cde039a55a99@group-280A8A57BC6F:LeaderElection182] INFO  server.RaftServerConfigKeys (ConfUtils.java:logGet(43)) - raft.server.watch.timeout.denomination = 1s (default)
2019-09-26 15:39:05,411 [bcb704dc-2543-42a4-8762-cde039a55a99@group-BBF433C8F92D:LeaderElection209] INFO  impl.RaftServerImpl (RaftServerImpl.java:setRole(174)) - bcb704dc-2543-42a4-8762-cde039a55a99@group-BBF433C8F92D: changes role from CANDIDATE to LEADER at term 1 for changeToLeader
2019-09-26 15:39:05,411 [bcb704dc-2543-42a4-8762-cde039a55a99@group-11C7A05DD744:LeaderElection196] INFO  server.RaftServerConfigKeys (ConfUtils.java:logGet(43)) - raft.server.staging.catchup.gap = 1000 (default)
2019-09-26 15:39:05,411 [bcb704dc-2543-42a4-8762-cde039a55a99@group-6B7863180474:LeaderElection203] INFO  impl.RaftServerImpl (RaftServerImpl.java:setRole(174)) - bcb704dc-2543-42a4-8762-cde039a55a99@group-6B7863180474: changes role from CANDIDATE to LEADER at term 1 for changeToLeader
2019-09-26 15:39:05,411 [bcb704dc-2543-42a4-8762-cde039a55a99@group-F6F6A7BDA922:LeaderElection213] INFO  impl.RaftServerImpl (ServerState.java:setLeader(253)) - bcb704dc-2543-42a4-8762-cde039a55a99@group-F6F6A7BDA922: change Leader from null to bcb704dc-2543-42a4-8762-cde039a55a99 at term 1 for becomeLeader, leader elected after 6212ms
2019-09-26 15:39:05,410 [bcb704dc-2543-42a4-8762-cde039a55a99@group-312551D5FA7C:LeaderElection191] INFO  impl.RaftServerImpl (RaftServerImpl.java:setRole(174)) - bcb704dc-2543-42a4-8762-cde039a55a99@group-312551D5FA7C: changes role from CANDIDATE to LEADER at term 1 for changeToLeader
2019-09-26 15:39:05,410 [bcb704dc-2543-42a4-8762-cde039a55a99@group-353F2047EF06:LeaderElection194] INFO  impl.RaftServerImpl (RaftServerImpl.java:setRole(174)) - bcb704dc-2543-42a4-8762-cde039a55a99@group-353F2047EF06: changes role from CANDIDATE to LEADER at term 1 for changeToLeader
2019-09-26 15:39:05,410 [bcb704dc-2543-42a4-8762-cde039a55a99@group-4E34C6955B17:LeaderElection204] INFO  impl.RaftServerImpl (RaftServerImpl.java:setRole(174)) - bcb704dc-2543-42a4-8762-cde039a55a99@group-4E34C6955B17: changes role from CANDIDATE to LEADER at term 1 for changeToLeader
2019-09-26 15:39:05,410 [bcb704dc-2543-42a4-8762-cde039a55a99@group-DA2C5CB8BB65:LeaderElection189] INFO  impl.RaftServerImpl (ServerState.java:setLeader(253)) - bcb704dc-2543-42a4-8762-cde039a55a99@group-DA2C5CB8BB65: change Leader from null to bcb704dc-2543-42a4-8762-cde039a55a99 at term 1 for becomeLeader, leader elected after 6419ms
2019-09-26 15:39:05,410 [bcb704dc-2543-42a4-8762-cde039a55a99@group-7C568138CBDB:LeaderElection188] INFO  impl.RaftServerImpl (RaftServerImpl.java:setRole(174)) - bcb704dc-2543-42a4-8762-cde039a55a99@group-7C568138CBDB: changes role from CANDIDATE to LEADER at term 1 for changeToLeader
2019-09-26 15:39:05,410 [bcb704dc-2543-42a4-8762-cde039a55a99@group-2D09A842301B:LeaderElection206] INFO  impl.RaftServerImpl (RaftServerImpl.java:setRole(174)) - bcb704dc-2543-42a4-8762-cde039a55a99@group-2D09A842301B: changes role from CANDIDATE to LEADER at term 1 for changeToLeader
2019-09-26 15:39:05,410 [bcb704dc-2543-42a4-8762-cde039a55a99@group-C84E1EDDFBB1:LeaderElection197] INFO  impl.RaftServerImpl (RaftServerImpl.java:setRole(174)) - bcb704dc-2543-42a4-8762-cde039a55a99@group-C84E1EDDFBB1: changes role from CANDIDATE to LEADER at term 1 for changeToLeader
2019-09-26 15:39:05,415 [bcb704dc-2543-42a4-8762-cde039a55a99@group-C84E1EDDFBB1:LeaderElection197] INFO  impl.RaftServerImpl (ServerState.java:setLeader(253)) - bcb704dc-2543-42a4-8762-cde039a55a99@group-C84E1EDDFBB1: change Leader from null to bcb704dc-2543-42a4-8762-cde039a55a99 at term 1 for becomeLeader, leader elected after 6337ms
2019-09-26 15:39:05,410 [bcb704dc-2543-42a4-8762-cde039a55a99@group-A0C5D2D9FA46:LeaderElection190] INFO  server.RaftServerConfigKeys (ConfUtils.java:logGet(43)) - raft.server.staging.catchup.gap = 1000 (default)
2019-09-26 15:39:05,409 [bcb704dc-2543-42a4-8762-cde039a55a99@group-E184EC457834:LeaderElection205] INFO  impl.RaftServerImpl (RaftServerImpl.java:setRole(174)) - bcb704dc-2543-42a4-8762-cde039a55a99@group-E184EC457834: changes role from CANDIDATE to LEADER at term 1 for changeToLeader
2019-09-26 15:39:05,415 [bcb704dc-2543-42a4-8762-cde039a55a99@group-E184EC457834:LeaderElection205] INFO  impl.RaftServerImpl (ServerState.java:setLeader(253)) - bcb704dc-2543-42a4-8762-cde039a55a99@group-E184EC457834: change Leader from null to bcb704dc-2543-42a4-8762-cde039a55a99 at term 1 for becomeLeader, leader elected after 6662ms
2019-09-26 15:39:05,409 [bcb704dc-2543-42a4-8762-cde039a55a99@group-4B884EBB2E10:LeaderElection195] INFO  impl.RaftServerImpl (RaftServerImpl.java:setRole(174)) - bcb704dc-2543-42a4-8762-cde039a55a99@group-4B884EBB2E10: changes role from CANDIDATE to LEADER at term 1 for changeToLeader
2019-09-26 15:39:05,416 [bcb704dc-2543-42a4-8762-cde039a55a99@group-4B884EBB2E10:LeaderElection195] INFO  impl.RaftServerImpl (ServerState.java:setLeader(253)) - bcb704dc-2543-42a4-8762-cde039a55a99@group-4B884EBB2E10: change Leader from null to bcb704dc-2543-42a4-8762-cde039a55a99 at term 1 for becomeLeader, leader elected after 6554ms
2019-09-26 15:39:05,409 [bcb704dc-2543-42a4-8762-cde039a55a99@group-82088539EA4F:LeaderElection186] INFO  impl.RaftServerImpl (RaftServerImpl.java:setRole(174)) - bcb704dc-2543-42a4-8762-cde039a55a99@group-82088539EA4F: changes role from CANDIDATE to LEADER at term 1 for changeToLeader
2019-09-26 15:39:05,416 [bcb704dc-2543-42a4-8762-cde039a55a99@group-82088539EA4F:LeaderElection186] INFO  impl.RaftServerImpl (ServerState.java:setLeader(253)) - bcb704dc-2543-42a4-8762-cde039a55a99@group-82088539EA4F: change Leader from null to bcb704dc-2543-42a4-8762-cde039a55a99 at term 1 for becomeLeader, leader elected after 6895ms
2019-09-26 15:39:05,409 [bcb704dc-2543-42a4-8762-cde039a55a99@group-A09E01A06194:LeaderElection202] INFO  impl.RaftServerImpl (ServerState.java:setLeader(253)) - bcb704dc-2543-42a4-8762-cde039a55a99@group-A09E01A06194: change Leader from null to bcb704dc-2543-42a4-8762-cde039a55a99 at term 1 for becomeLeader, leader elected after 6769ms
2019-09-26 15:39:05,408 [bcb704dc-2543-42a4-8762-cde039a55a99@group-B04EACC30477:LeaderElection193] INFO  impl.RaftServerImpl (RaftServerImpl.java:setRole(174)) - bcb704dc-2543-42a4-8762-cde039a55a99@group-B04EACC30477: changes role from CANDIDATE to LEADER at term 1 for changeToLeader
2019-09-26 15:39:05,408 [bcb704dc-2543-42a4-8762-cde039a55a99@group-23B603725A20:LeaderElection187] INFO  impl.RaftServerImpl (RaftServerImpl.java:setRole(174)) - bcb704dc-2543-42a4-8762-cde039a55a99@group-23B603725A20: changes role from CANDIDATE to LEADER at term 1 for changeToLeader
2019-09-26 15:39:05,408 [bcb704dc-2543-42a4-8762-cde039a55a99@group-D0D77289265A-SegmentedRaftLogWorker] INFO  util.JmxRegister (JmxRegister.java:unregister(73)) - Successfully un-registered JMX Bean with object name Ratis:service=RaftServer,group=group-D0D77289265A,id=bcb704dc-2543-42a4-8762-cde039a55a99
2019-09-26 15:39:05,408 [bcb704dc-2543-42a4-8762-cde039a55a99@group-008535A2A097:LeaderElection185] INFO  impl.RaftServerImpl (ServerState.java:setLeader(253)) - bcb704dc-2543-42a4-8762-cde039a55a99@group-008535A2A097: change Leader from null to bcb704dc-2543-42a4-8762-cde039a55a99 at term 1 for becomeLeader, leader elected after 6723ms
2019-09-26 15:39:05,408 [bcb704dc-2543-42a4-8762-cde039a55a99@group-E9033DA04B7D:LeaderElection200] INFO  impl.RaftServerImpl (RaftServerImpl.java:setRole(174)) - bcb704dc-2543-42a4-8762-cde039a55a99@group-E9033DA04B7D: changes role from CANDIDATE to LEADER at term 1 for changeToLeader
2019-09-26 15:39:05,417 [bcb704dc-2543-42a4-8762-cde039a55a99@group-DEDDB087FD78:LeaderElection181] INFO  impl.RoleInfo (RoleInfo.java:updateAndGet(143)) - bcb704dc-2543-42a4-8762-cde039a55a99: start LeaderState
2019-09-26 15:39:05,408 [bcb704dc-2543-42a4-8762-cde039a55a99@group-8C4E846757B0:LeaderElection201] INFO  impl.RaftServerImpl (ServerState.java:setLeader(253)) - bcb704dc-2543-42a4-8762-cde039a55a99@group-8C4E846757B0: change Leader from null to bcb704dc-2543-42a4-8762-cde039a55a99 at term 1 for becomeLeader, leader elected after 6940ms
2019-09-26 15:39:05,408 [bcb704dc-2543-42a4-8762-cde039a55a99@group-19733DFA91CE:LeaderElection212] INFO  impl.RaftServerImpl (RaftServerImpl.java:setRole(174)) - bcb704dc-2543-42a4-8762-cde039a55a99@group-19733DFA91CE: changes role from CANDIDATE to LEADER at term 1 for changeToLeader
2019-09-26 15:39:05,417 [bcb704dc-2543-42a4-8762-cde039a55a99@group-19733DFA91CE:LeaderElection212] INFO  impl.RaftServerImpl (ServerState.java:setLeader(253)) - bcb704dc-2543-42a4-8762-cde039a55a99@group-19733DFA91CE: change Leader from null to bcb704dc-2543-42a4-8762-cde039a55a99 at term 1 for becomeLeader, leader elected after 5987ms
2019-09-26 15:39:05,408 [bcb704dc-2543-42a4-8762-cde039a55a99@group-7399194A29EE-SegmentedRaftLogWorker] INFO  impl.RoleInfo (RoleInfo.java:shutdownLeaderState(104)) - bcb704dc-2543-42a4-8762-cde039a55a99: shutdown LeaderState
2019-09-26 15:39:05,407 [bcb704dc-2543-42a4-8762-cde039a55a99@group-0A32BFDC6864:LeaderElection199] INFO  impl.RaftServerImpl (RaftServerImpl.java:setRole(174)) - bcb704dc-2543-42a4-8762-cde039a55a99@group-0A32BFDC6864: changes role from CANDIDATE to LEADER at term 1 for changeToLeader
2019-09-26 15:39:05,407 [Thread-2341] INFO  impl.RoleInfo (RoleInfo.java:shutdownFollowerState(121)) - bcb704dc-2543-42a4-8762-cde039a55a99: shutdown FollowerState
2019-09-26 15:39:05,418 [Thread-2341] INFO  impl.RaftServerImpl (RaftServerImpl.java:setRole(174)) - bcb704dc-2543-42a4-8762-cde039a55a99@group-6D85AD78C566: changes role from  FOLLOWER to CANDIDATE at term 0 for changeToCandidate
2019-09-26 15:39:05,407 [bcb704dc-2543-42a4-8762-cde039a55a99@group-4786CBF0DBEA:LeaderElection198] INFO  impl.RaftServerImpl (RaftServerImpl.java:setRole(174)) - bcb704dc-2543-42a4-8762-cde039a55a99@group-4786CBF0DBEA: changes role from CANDIDATE to LEADER at term 1 for changeToLeader
2019-09-26 15:39:05,407 [bcb704dc-2543-42a4-8762-cde039a55a99@group-A778D7837BC2:LeaderElection192] INFO  impl.RaftServerImpl (ServerState.java:setLeader(253)) - bcb704dc-2543-42a4-8762-cde039a55a99@group-A778D7837BC2: change Leader from null to bcb704dc-2543-42a4-8762-cde039a55a99 at term 1 for becomeLeader, leader elected after 6620ms
2019-09-26 15:39:05,407 [Thread-2334] INFO  impl.RoleInfo (RoleInfo.java:shutdownFollowerState(121)) - bcb704dc-2543-42a4-8762-cde039a55a99: shutdown FollowerState
2019-09-26 15:39:05,407 [Thread-2317] INFO  impl.RaftServerImpl (RaftServerImpl.java:setRole(174)) - bcb704dc-2543-42a4-8762-cde039a55a99@group-0DF8239C052C: changes role from  FOLLOWER to CANDIDATE at term 0 for changeToCandidate
2019-09-26 15:39:05,407 [Thread-2330] INFO  impl.RoleInfo (RoleInfo.java:shutdownFollowerState(121)) - bcb704dc-2543-42a4-8762-cde039a55a99: shutdown FollowerState
2019-09-26 15:39:05,407 [Thread-2322] INFO  impl.RaftServerImpl (RaftServerImpl.java:setRole(174)) - bcb704dc-2543-42a4-8762-cde039a55a99@group-B2A28DABB48B: changes role from  FOLLOWER to CANDIDATE at term 0 for changeToCandidate
2019-09-26 15:39:05,418 [Thread-2330] INFO  impl.RaftServerImpl (RaftServerImpl.java:setRole(174)) - bcb704dc-2543-42a4-8762-cde039a55a99@group-4B85105F5536: changes role from  FOLLOWER to CANDIDATE at term 0 for changeToCandidate
2019-09-26 15:39:05,418 [bcb704dc-2543-42a4-8762-cde039a55a99@group-4E88BFDC7C13:LeaderElection180] INFO  impl.RoleInfo (RoleInfo.java:updateAndGet(143)) - bcb704dc-2543-42a4-8762-cde039a55a99: start LeaderState
2019-09-26 15:39:05,418 [Thread-2317] INFO  impl.RoleInfo (RoleInfo.java:updateAndGet(143)) - bcb704dc-2543-42a4-8762-cde039a55a99: start LeaderElection
2019-09-26 15:39:05,418 [Thread-2334] INFO  impl.RaftServerImpl (RaftServerImpl.java:setRole(174)) - bcb704dc-2543-42a4-8762-cde039a55a99@group-81908E8BCAAC: changes role from  FOLLOWER to CANDIDATE at term 0 for changeToCandidate
2019-09-26 15:39:05,418 [bcb704dc-2543-42a4-8762-cde039a55a99@group-A778D7837BC2:LeaderElection192] INFO  server.RaftServerConfigKeys (ConfUtils.java:logGet(43)) - raft.server.staging.catchup.gap = 1000 (default)
2019-09-26 15:39:05,419 [bcb704dc-2543-42a4-8762-cde039a55a99@group-A778D7837BC2:LeaderElection192] INFO  server.RaftServerConfigKeys (ConfUtils.java:logGet(43)) - raft.server.rpc.sleep.time = 25ms (default)
2019-09-26 15:39:05,418 [bcb704dc-2543-42a4-8762-cde039a55a99@group-BE5CDE6B6C20:LeaderElection176] INFO  impl.RoleInfo (RoleInfo.java:updateAndGet(143)) - bcb704dc-2543-42a4-8762-cde039a55a99: start LeaderState
2019-09-26 15:39:05,418 [bcb704dc-2543-42a4-8762-cde039a55a99@group-4786CBF0DBEA:LeaderElection198] INFO  impl.RaftServerImpl (ServerState.java:setLeader(253)) - bcb704dc-2543-42a4-8762-cde039a55a99@group-4786CBF0DBEA: change Leader from null to bcb704dc-2543-42a4-8762-cde039a55a99 at term 1 for becomeLeader, leader elected after 6362ms
2019-09-26 15:39:05,419 [bcb704dc-2543-42a4-8762-cde039a55a99@group-BE5CDE6B6C20:LeaderElection176] INFO  segmented.SegmentedRaftLogWorker (SegmentedRaftLogWorker.java:startLogSegment(380)) - bcb704dc-2543-42a4-8762-cde039a55a99@group-BE5CDE6B6C20-SegmentedRaftLogWorker: Starting segment from index:0
2019-09-26 15:39:05,418 [Thread-2341] INFO  impl.RoleInfo (RoleInfo.java:updateAndGet(143)) - bcb704dc-2543-42a4-8762-cde039a55a99: start LeaderElection
2019-09-26 15:39:05,418 [bcb704dc-2543-42a4-8762-cde039a55a99@group-5542967D52A3:LeaderElection179] INFO  impl.RoleInfo (RoleInfo.java:updateAndGet(143)) - bcb704dc-2543-42a4-8762-cde039a55a99: start LeaderState
2019-09-26 15:39:05,418 [bcb704dc-2543-42a4-8762-cde039a55a99@group-0A32BFDC6864:LeaderElection199] INFO  impl.RaftServerImpl (ServerState.java:setLeader(253)) - bcb704dc-2543-42a4-8762-cde039a55a99@group-0A32BFDC6864: change Leader from null to bcb704dc-2543-42a4-8762-cde039a55a99 at term 1 for becomeLeader, leader elected after 6397ms
2019-09-26 15:39:05,417 [bcb704dc-2543-42a4-8762-cde039a55a99@group-7399194A29EE-SegmentedRaftLogWorker] INFO  impl.PendingRequests (PendingRequests.java:sendNotLeaderResponses(202)) - bcb704dc-2543-42a4-8762-cde039a55a99-PendingRequests: sendNotLeaderResponses
2019-09-26 15:39:05,417 [bcb704dc-2543-42a4-8762-cde039a55a99@group-19733DFA91CE:LeaderElection212] INFO  server.RaftServerConfigKeys (ConfUtils.java:logGet(43)) - raft.server.staging.catchup.gap = 1000 (default)
2019-09-26 15:39:05,417 [bcb704dc-2543-42a4-8762-cde039a55a99@group-8C4E846757B0:LeaderElection201] INFO  server.RaftServerConfigKeys (ConfUtils.java:logGet(43)) - raft.server.staging.catchup.gap = 1000 (default)
2019-09-26 15:39:05,417 [bcb704dc-2543-42a4-8762-cde039a55a99@group-DEDDB087FD78:LeaderElection181] INFO  segmented.SegmentedRaftLogWorker (SegmentedRaftLogWorker.java:startLogSegment(380)) - bcb704dc-2543-42a4-8762-cde039a55a99@group-DEDDB087FD78-SegmentedRaftLogWorker: Starting segment from index:0
2019-09-26 15:39:05,417 [bcb704dc-2543-42a4-8762-cde039a55a99@group-E9033DA04B7D:LeaderElection200] INFO  impl.RaftServerImpl (ServerState.java:setLeader(253)) - bcb704dc-2543-42a4-8762-cde039a55a99@group-E9033DA04B7D: change Leader from null to bcb704dc-2543-42a4-8762-cde039a55a99 at term 1 for becomeLeader, leader elected after 7001ms
2019-09-26 15:39:05,417 [bcb704dc-2543-42a4-8762-cde039a55a99@group-008535A2A097:LeaderElection185] INFO  server.RaftServerConfigKeys (ConfUtils.java:logGet(43)) - raft.server.staging.catchup.gap = 1000 (default)
2019-09-26 15:39:05,417 [bcb704dc-2543-42a4-8762-cde039a55a99@group-D0D77289265A-SegmentedRaftLogWorker] INFO  impl.RoleInfo (RoleInfo.java:shutdownLeaderState(104)) - bcb704dc-2543-42a4-8762-cde039a55a99: shutdown LeaderState
2019-09-26 15:39:05,416 [bcb704dc-2543-42a4-8762-cde039a55a99@group-23B603725A20:LeaderElection187] INFO  impl.RaftServerImpl (ServerState.java:setLeader(253)) - bcb704dc-2543-42a4-8762-cde039a55a99@group-23B603725A20: change Leader from null to bcb704dc-2543-42a4-8762-cde039a55a99 at term 1 for becomeLeader, leader elected after 7038ms
2019-09-26 15:39:05,416 [bcb704dc-2543-42a4-8762-cde039a55a99@group-B04EACC30477:LeaderElection193] INFO  impl.RaftServerImpl (ServerState.java:setLeader(253)) - bcb704dc-2543-42a4-8762-cde039a55a99@group-B04EACC30477: change Leader from null to bcb704dc-2543-42a4-8762-cde039a55a99 at term 1 for becomeLeader, leader elected after 7636ms
2019-09-26 15:39:05,416 [bcb704dc-2543-42a4-8762-cde039a55a99@group-A09E01A06194:LeaderElection202] INFO  server.RaftServerConfigKeys (ConfUtils.java:logGet(43)) - raft.server.staging.catchup.gap = 1000 (default)
2019-09-26 15:39:06,106 [bcb704dc-2543-42a4-8762-cde039a55a99@group-A09E01A06194:LeaderElection202] INFO  server.RaftServerConfigKeys (ConfUtils.java:logGet(43)) - raft.server.rpc.sleep.time = 25ms (default)
2019-09-26 15:39:05,416 [bcb704dc-2543-42a4-8762-cde039a55a99@group-82088539EA4F:LeaderElection186] INFO  server.RaftServerConfigKeys (ConfUtils.java:logGet(43)) - raft.server.staging.catchup.gap = 1000 (default)
2019-09-26 15:39:06,107 [bcb704dc-2543-42a4-8762-cde039a55a99@group-82088539EA4F:LeaderElection186] INFO  server.RaftServerConfigKeys (ConfUtils.java:logGet(43)) - raft.server.rpc.sleep.time = 25ms (default)
2019-09-26 15:39:05,416 [bcb704dc-2543-42a4-8762-cde039a55a99@group-AD2BD46986A8:LeaderElection172] INFO  impl.RoleInfo (RoleInfo.java:updateAndGet(143)) - bcb704dc-2543-42a4-8762-cde039a55a99: start LeaderState
2019-09-26 15:39:05,416 [bcb704dc-2543-42a4-8762-cde039a55a99@group-4B884EBB2E10:LeaderElection195] INFO  server.RaftServerConfigKeys (ConfUtils.java:logGet(43)) - raft.server.staging.catchup.gap = 1000 (default)
2019-09-26 15:39:06,107 [bcb704dc-2543-42a4-8762-cde039a55a99@group-4B884EBB2E10:LeaderElection195] INFO  server.RaftServerConfigKeys (ConfUtils.java:logGet(43)) - raft.server.rpc.sleep.time = 25ms (default)
2019-09-26 15:39:05,416 [bcb704dc-2543-42a4-8762-cde039a55a99@group-E184EC457834:LeaderElection205] INFO  server.RaftServerConfigKeys (ConfUtils.java:logGet(43)) - raft.server.staging.catchup.gap = 1000 (default)
2019-09-26 15:39:06,108 [bcb704dc-2543-42a4-8762-cde039a55a99@group-E184EC457834:LeaderElection205] INFO  server.RaftServerConfigKeys (ConfUtils.java:logGet(43)) - raft.server.rpc.sleep.time = 25ms (default)
2019-09-26 15:39:05,415 [bcb704dc-2543-42a4-8762-cde039a55a99@group-A0C5D2D9FA46:LeaderElection190] INFO  server.RaftServerConfigKeys (ConfUtils.java:logGet(43)) - raft.server.rpc.sleep.time = 25ms (default)
2019-09-26 15:39:05,415 [bcb704dc-2543-42a4-8762-cde039a55a99@group-C84E1EDDFBB1:LeaderElection197] INFO  server.RaftServerConfigKeys (ConfUtils.java:logGet(43)) - raft.server.staging.catchup.gap = 1000 (default)
2019-09-26 15:39:06,108 [bcb704dc-2543-42a4-8762-cde039a55a99@group-C84E1EDDFBB1:LeaderElection197] INFO  server.RaftServerConfigKeys (ConfUtils.java:logGet(43)) - raft.server.rpc.sleep.time = 25ms (default)
2019-09-26 15:39:05,415 [bcb704dc-2543-42a4-8762-cde039a55a99@group-2D09A842301B:LeaderElection206] INFO  impl.RaftServerImpl (ServerState.java:setLeader(253)) - bcb704dc-2543-42a4-8762-cde039a55a99@group-2D09A842301B: change Leader from null to bcb704dc-2543-42a4-8762-cde039a55a99 at term 1 for becomeLeader, leader elected after 6752ms
2019-09-26 15:39:05,415 [bcb704dc-2543-42a4-8762-cde039a55a99@group-7C568138CBDB:LeaderElection188] INFO  impl.RaftServerImpl (ServerState.java:setLeader(253)) - bcb704dc-2543-42a4-8762-cde039a55a99@group-7C568138CBDB: change Leader from null to bcb704dc-2543-42a4-8762-cde039a55a99 at term 1 for becomeLeader, leader elected after 6466ms
2019-09-26 15:39:06,108 [bcb704dc-2543-42a4-8762-cde039a55a99@group-7C568138CBDB:LeaderElection188] INFO  server.RaftServerConfigKeys (ConfUtils.java:logGet(43)) - raft.server.staging.catchup.gap = 1000 (default)
2019-09-26 15:39:06,109 [bcb704dc-2543-42a4-8762-cde039a55a99@group-7C568138CBDB:LeaderElection188] INFO  server.RaftServerConfigKeys (ConfUtils.java:logGet(43)) - raft.server.rpc.sleep.time = 25ms (default)
2019-09-26 15:39:05,415 [bcb704dc-2543-42a4-8762-cde039a55a99@group-DA2C5CB8BB65:LeaderElection189] INFO  server.RaftServerConfigKeys (ConfUtils.java:logGet(43)) - raft.server.staging.catchup.gap = 1000 (default)
2019-09-26 15:39:06,109 [bcb704dc-2543-42a4-8762-cde039a55a99@group-DA2C5CB8BB65:LeaderElection189] INFO  server.RaftServerConfigKeys (ConfUtils.java:logGet(43)) - raft.server.rpc.sleep.time = 25ms (default)
2019-09-26 15:39:05,415 [bcb704dc-2543-42a4-8762-cde039a55a99@group-CAD346B564AD:LeaderElection174] INFO  impl.RoleInfo (RoleInfo.java:updateAndGet(143)) - bcb704dc-2543-42a4-8762-cde039a55a99: start LeaderState
2019-09-26 15:39:05,415 [bcb704dc-2543-42a4-8762-cde039a55a99@group-4E34C6955B17:LeaderElection204] INFO  impl.RaftServerImpl (ServerState.java:setLeader(253)) - bcb704dc-2543-42a4-8762-cde039a55a99@group-4E34C6955B17: change Leader from null to bcb704dc-2543-42a4-8762-cde039a55a99 at term 1 for becomeLeader, leader elected after 6855ms
2019-09-26 15:39:05,415 [bcb704dc-2543-42a4-8762-cde039a55a99@group-353F2047EF06:LeaderElection194] INFO  impl.RaftServerImpl (ServerState.java:setLeader(253)) - bcb704dc-2543-42a4-8762-cde039a55a99@group-353F2047EF06: change Leader from null to bcb704dc-2543-42a4-8762-cde039a55a99 at term 1 for becomeLeader, leader elected after 6521ms
2019-09-26 15:39:06,110 [bcb704dc-2543-42a4-8762-cde039a55a99@group-353F2047EF06:LeaderElection194] INFO  server.RaftServerConfigKeys (ConfUtils.java:logGet(43)) - raft.server.staging.catchup.gap = 1000 (default)
2019-09-26 15:39:05,414 [bcb704dc-2543-42a4-8762-cde039a55a99@group-312551D5FA7C:LeaderElection191] INFO  impl.RaftServerImpl (ServerState.java:setLeader(253)) - bcb704dc-2543-42a4-8762-cde039a55a99@group-312551D5FA7C: change Leader from null to bcb704dc-2543-42a4-8762-cde039a55a99 at term 1 for becomeLeader, leader elected after 6692ms
2019-09-26 15:39:05,414 [bcb704dc-2543-42a4-8762-cde039a55a99@group-F6F6A7BDA922:LeaderElection213] INFO  server.RaftServerConfigKeys (ConfUtils.java:logGet(43)) - raft.server.staging.catchup.gap = 1000 (default)
2019-09-26 15:39:05,414 [bcb704dc-2543-42a4-8762-cde039a55a99@group-6B7863180474:LeaderElection203] INFO  impl.RaftServerImpl (ServerState.java:setLeader(253)) - bcb704dc-2543-42a4-8762-cde039a55a99@group-6B7863180474: change Leader from null to bcb704dc-2543-42a4-8762-cde039a55a99 at term 1 for becomeLeader, leader elected after 6816ms
2019-09-26 15:39:06,111 [bcb704dc-2543-42a4-8762-cde039a55a99@group-6B7863180474:LeaderElection203] INFO  server.RaftServerConfigKeys (ConfUtils.java:logGet(43)) - raft.server.staging.catchup.gap = 1000 (default)
2019-09-26 15:39:05,414 [bcb704dc-2543-42a4-8762-cde039a55a99@group-11C7A05DD744:LeaderElection196] INFO  server.RaftServerConfigKeys (ConfUtils.java:logGet(43)) - raft.server.rpc.sleep.time = 25ms (default)
2019-09-26 15:39:05,414 [bcb704dc-2543-42a4-8762-cde039a55a99@group-BBF433C8F92D:LeaderElection209] INFO  impl.RaftServerImpl (ServerState.java:setLeader(253)) - bcb704dc-2543-42a4-8762-cde039a55a99@group-BBF433C8F92D: change Leader from null to bcb704dc-2543-42a4-8762-cde039a55a99 at term 1 for becomeLeader, leader elected after 6169ms
2019-09-26 15:39:05,414 [bcb704dc-2543-42a4-8762-cde039a55a99@group-64EA007B3927:LeaderElection210] INFO  server.RaftServerConfigKeys (ConfUtils.java:logGet(43)) - raft.server.write.element-limit = 4096 (default)
2019-09-26 15:39:05,414 [bcb704dc-2543-42a4-8762-cde039a55a99@group-280A8A57BC6F:LeaderElection182] INFO  server.RaftServerConfigKeys (ConfUtils.java:logGet(43)) - raft.server.watch.element-limit = 65536 (default)
2019-09-26 15:39:05,413 [bcb704dc-2543-42a4-8762-cde039a55a99@group-884AB6599596:LeaderElection211] INFO  impl.RaftServerImpl (ServerState.java:setLeader(253)) - bcb704dc-2543-42a4-8762-cde039a55a99@group-884AB6599596: change Leader from null to bcb704dc-2543-42a4-8762-cde039a55a99 at term 1 for becomeLeader, leader elected after 6104ms
2019-09-26 15:39:05,413 [Thread-2356] INFO  impl.RoleInfo (RoleInfo.java:updateAndGet(143)) - bcb704dc-2543-42a4-8762-cde039a55a99: start LeaderElection
2019-09-26 15:39:05,413 [bcb704dc-2543-42a4-8762-cde039a55a99@group-CB1176FCD817-SegmentedRaftLogWorker] INFO  util.JmxRegister (JmxRegister.java:unregister(73)) - Successfully un-registered JMX Bean with object name Ratis:service=RaftServer,group=group-CB1176FCD817,id=bcb704dc-2543-42a4-8762-cde039a55a99
2019-09-26 15:39:06,112 [bcb704dc-2543-42a4-8762-cde039a55a99@group-CB1176FCD817-SegmentedRaftLogWorker] INFO  impl.RoleInfo (RoleInfo.java:shutdownLeaderState(104)) - bcb704dc-2543-42a4-8762-cde039a55a99: shutdown LeaderState
2019-09-26 15:39:05,413 [bcb704dc-2543-42a4-8762-cde039a55a99@group-D3FDF48AE4AA:LeaderElection177] INFO  impl.RoleInfo (RoleInfo.java:updateAndGet(143)) - bcb704dc-2543-42a4-8762-cde039a55a99: start LeaderState
2019-09-26 15:39:05,413 [bcb704dc-2543-42a4-8762-cde039a55a99@group-DEF52561270D:LeaderElection207] INFO  server.RaftServerConfigKeys (ConfUtils.java:logGet(43)) - raft.server.watch.timeout.denomination = 1s (default)
2019-09-26 15:39:06,112 [bcb704dc-2543-42a4-8762-cde039a55a99@group-D3FDF48AE4AA:LeaderElection177] INFO  segmented.SegmentedRaftLogWorker (SegmentedRaftLogWorker.java:startLogSegment(380)) - bcb704dc-2543-42a4-8762-cde039a55a99@group-D3FDF48AE4AA-SegmentedRaftLogWorker: Starting segment from index:0
2019-09-26 15:39:06,112 [bcb704dc-2543-42a4-8762-cde039a55a99@group-CB1176FCD817-SegmentedRaftLogWorker] INFO  impl.PendingRequests (PendingRequests.java:sendNotLeaderResponses(202)) - bcb704dc-2543-42a4-8762-cde039a55a99-PendingRequests: sendNotLeaderResponses
2019-09-26 15:39:06,111 [bcb704dc-2543-42a4-8762-cde039a55a99@group-884AB6599596:LeaderElection211] INFO  server.RaftServerConfigKeys (ConfUtils.java:logGet(43)) - raft.server.staging.catchup.gap = 1000 (default)
2019-09-26 15:39:06,111 [bcb704dc-2543-42a4-8762-cde039a55a99@group-64EA007B3927:LeaderElection210] INFO  server.RaftServerConfigKeys (ConfUtils.java:logGet(43)) - raft.server.watch.timeout = 10s (default)
2019-09-26 15:39:06,111 [bcb704dc-2543-42a4-8762-cde039a55a99@group-BBF433C8F92D:LeaderElection209] INFO  server.RaftServerConfigKeys (ConfUtils.java:logGet(43)) - raft.server.staging.catchup.gap = 1000 (default)
2019-09-26 15:39:06,394 [bcb704dc-2543-42a4-8762-cde039a55a99@group-BBF433C8F92D:LeaderElection209] INFO  server.RaftServerConfigKeys (ConfUtils.java:logGet(43)) - raft.server.rpc.sleep.time = 25ms (default)
2019-09-26 15:39:06,111 [bcb704dc-2543-42a4-8762-cde039a55a99@group-11C7A05DD744:LeaderElection196] INFO  server.RaftServerConfigKeys (ConfUtils.java:logGet(43)) - raft.server.write.element-limit = 4096 (default)
2019-09-26 15:39:06,111 [bcb704dc-2543-42a4-8762-cde039a55a99@group-6B7863180474:LeaderElection203] INFO  server.RaftServerConfigKeys (ConfUtils.java:logGet(43)) - raft.server.rpc.sleep.time = 25ms (default)
2019-09-26 15:39:06,110 [bcb704dc-2543-42a4-8762-cde039a55a99@group-F6F6A7BDA922:LeaderElection213] INFO  server.RaftServerConfigKeys (ConfUtils.java:logGet(43)) - raft.server.rpc.sleep.time = 25ms (default)
2019-09-26 15:39:06,110 [bcb704dc-2543-42a4-8762-cde039a55a99@group-312551D5FA7C:LeaderElection191] INFO  server.RaftServerConfigKeys (ConfUtils.java:logGet(43)) - raft.server.staging.catchup.gap = 1000 (default)
2019-09-26 15:39:06,110 [bcb704dc-2543-42a4-8762-cde039a55a99@group-353F2047EF06:LeaderElection194] INFO  server.RaftServerConfigKeys (ConfUtils.java:logGet(43)) - raft.server.rpc.sleep.time = 25ms (default)
2019-09-26 15:39:06,110 [bcb704dc-2543-42a4-8762-cde039a55a99@group-4E34C6955B17:LeaderElection204] INFO  server.RaftServerConfigKeys (ConfUtils.java:logGet(43)) - raft.server.staging.catchup.gap = 1000 (default)
2019-09-26 15:39:06,395 [bcb704dc-2543-42a4-8762-cde039a55a99@group-4E34C6955B17:LeaderElection204] INFO  server.RaftServerConfigKeys (ConfUtils.java:logGet(43)) - raft.server.rpc.sleep.time = 25ms (default)
2019-09-26 15:39:06,110 [bcb704dc-2543-42a4-8762-cde039a55a99@group-CAD346B564AD:LeaderElection174] INFO  segmented.SegmentedRaftLogWorker (SegmentedRaftLogWorker.java:startLogSegment(380)) - bcb704dc-2543-42a4-8762-cde039a55a99@group-CAD346B564AD-SegmentedRaftLogWorker: Starting segment from index:0
2019-09-26 15:39:06,109 [bcb704dc-2543-42a4-8762-cde039a55a99@group-DA2C5CB8BB65:LeaderElection189] INFO  server.RaftServerConfigKeys (ConfUtils.java:logGet(43)) - raft.server.write.element-limit = 4096 (default)
2019-09-26 15:39:06,109 [bcb704dc-2543-42a4-8762-cde039a55a99@group-7C568138CBDB:LeaderElection188] INFO  server.RaftServerConfigKeys (ConfUtils.java:logGet(43)) - raft.server.write.element-limit = 4096 (default)
2019-09-26 15:39:06,396 [bcb704dc-2543-42a4-8762-cde039a55a99@group-CAD346B564AD:LeaderElection174] INFO  impl.RaftServerImpl (ServerState.java:setRaftConf(354)) - bcb704dc-2543-42a4-8762-cde039a55a99@group-CAD346B564AD: set configuration 0: [bcb704dc-2543-42a4-8762-cde039a55a99:192.168.151.99:43663], old=null at 0
2019-09-26 15:39:06,108 [bcb704dc-2543-42a4-8762-cde039a55a99@group-2D09A842301B:LeaderElection206] INFO  server.RaftServerConfigKeys (ConfUtils.java:logGet(43)) - raft.server.staging.catchup.gap = 1000 (default)
2019-09-26 15:39:06,108 [bcb704dc-2543-42a4-8762-cde039a55a99@group-C84E1EDDFBB1:LeaderElection197] INFO  server.RaftServerConfigKeys (ConfUtils.java:logGet(43)) - raft.server.write.element-limit = 4096 (default)
2019-09-26 15:39:06,108 [bcb704dc-2543-42a4-8762-cde039a55a99@group-A0C5D2D9FA46:LeaderElection190] INFO  server.RaftServerConfigKeys (ConfUtils.java:logGet(43)) - raft.server.write.element-limit = 4096 (default)
2019-09-26 15:39:06,108 [bcb704dc-2543-42a4-8762-cde039a55a99@group-E184EC457834:LeaderElection205] INFO  server.RaftServerConfigKeys (ConfUtils.java:logGet(43)) - raft.server.write.element-limit = 4096 (default)
2019-09-26 15:39:06,624 [bcb704dc-2543-42a4-8762-cde039a55a99@group-E184EC457834:LeaderElection205] INFO  server.RaftServerConfigKeys (ConfUtils.java:logGet(43)) - raft.server.watch.timeout = 10s (default)
2019-09-26 15:39:06,107 [bcb704dc-2543-42a4-8762-cde039a55a99@group-4B884EBB2E10:LeaderElection195] INFO  server.RaftServerConfigKeys (ConfUtils.java:logGet(43)) - raft.server.write.element-limit = 4096 (default)
2019-09-26 15:39:06,107 [bcb704dc-2543-42a4-8762-cde039a55a99@group-AD2BD46986A8:LeaderElection172] INFO  segmented.SegmentedRaftLogWorker (SegmentedRaftLogWorker.java:startLogSegment(380)) - bcb704dc-2543-42a4-8762-cde039a55a99@group-AD2BD46986A8-SegmentedRaftLogWorker: Starting segment from index:0
2019-09-26 15:39:06,107 [bcb704dc-2543-42a4-8762-cde039a55a99@group-82088539EA4F:LeaderElection186] INFO  server.RaftServerConfigKeys (ConfUtils.java:logGet(43)) - raft.server.write.element-limit = 4096 (default)
2019-09-26 15:39:06,106 [bcb704dc-2543-42a4-8762-cde039a55a99@group-A09E01A06194:LeaderElection202] INFO  server.RaftServerConfigKeys (ConfUtils.java:logGet(43)) - raft.server.write.element-limit = 4096 (default)
2019-09-26 15:39:06,106 [bcb704dc-2543-42a4-8762-cde039a55a99@group-B04EACC30477:LeaderElection193] INFO  server.RaftServerConfigKeys (ConfUtils.java:logGet(43)) - raft.server.staging.catchup.gap = 1000 (default)
2019-09-26 15:39:06,625 [bcb704dc-2543-42a4-8762-cde039a55a99@group-B04EACC30477:LeaderElection193] INFO  server.RaftServerConfigKeys (ConfUtils.java:logGet(43)) - raft.server.rpc.sleep.time = 25ms (default)
2019-09-26 15:39:06,106 [bcb704dc-2543-42a4-8762-cde039a55a99@group-23B603725A20:LeaderElection187] INFO  server.RaftServerConfigKeys (ConfUtils.java:logGet(43)) - raft.server.staging.catchup.gap = 1000 (default)
2019-09-26 15:39:06,106 [bcb704dc-2543-42a4-8762-cde039a55a99@group-D0D77289265A-SegmentedRaftLogWorker] INFO  impl.PendingRequests (PendingRequests.java:sendNotLeaderResponses(202)) - bcb704dc-2543-42a4-8762-cde039a55a99-PendingRequests: sendNotLeaderResponses
2019-09-26 15:39:06,105 [bcb704dc-2543-42a4-8762-cde039a55a99@group-6D85AD78C566:LeaderElection217] INFO  impl.LeaderElection (LeaderElection.java:askForVotes(182)) - bcb704dc-2543-42a4-8762-cde039a55a99@group-6D85AD78C566:LeaderElection217: begin an election at term 1 for -1: [bcb704dc-2543-42a4-8762-cde039a55a99:192.168.151.99:43663], old=null
2019-09-26 15:39:06,105 [Thread-2414] INFO  impl.FollowerState (FollowerState.java:run(106)) - bcb704dc-2543-42a4-8762-cde039a55a99:group-071C3AE303E0 changes to CANDIDATE, lastRpcTime:5398, electionTimeout:5135ms
2019-09-26 15:39:05,818 [bcb704dc-2543-42a4-8762-cde039a55a99@group-008535A2A097:LeaderElection185] INFO  server.RaftServerConfigKeys (ConfUtils.java:logGet(43)) - raft.server.rpc.sleep.time = 25ms (default)
2019-09-26 15:39:05,818 [bcb704dc-2543-42a4-8762-cde039a55a99@group-DEDDB087FD78:LeaderElection181] INFO  impl.RaftServerImpl (ServerState.java:setRaftConf(354)) - bcb704dc-2543-42a4-8762-cde039a55a99@group-DEDDB087FD78: set configuration 0: [bcb704dc-2543-42a4-8762-cde039a55a99:192.168.151.99:43663], old=null at 0
2019-09-26 15:39:05,818 [bcb704dc-2543-42a4-8762-cde039a55a99@group-0C31D75A80BF:LeaderElection208] INFO  impl.RoleInfo (RoleInfo.java:updateAndGet(143)) - bcb704dc-2543-42a4-8762-cde039a55a99: start LeaderState
2019-09-26 15:39:05,818 [bcb704dc-2543-42a4-8762-cde039a55a99@group-E9033DA04B7D:LeaderElection200] INFO  server.RaftServerConfigKeys (ConfUtils.java:logGet(43)) - raft.server.staging.catchup.gap = 1000 (default)
2019-09-26 15:39:05,818 [bcb704dc-2543-42a4-8762-cde039a55a99@group-8C4E846757B0:LeaderElection201] INFO  server.RaftServerConfigKeys (ConfUtils.java:logGet(43)) - raft.server.rpc.sleep.time = 25ms (default)
2019-09-26 15:39:05,818 [bcb704dc-2543-42a4-8762-cde039a55a99@group-19733DFA91CE:LeaderElection212] INFO  server.RaftServerConfigKeys (ConfUtils.java:logGet(43)) - raft.server.rpc.sleep.time = 25ms (default)
2019-09-26 15:39:05,818 [bcb704dc-2543-42a4-8762-cde039a55a99@group-CDE0182ACA4A:LeaderElection169] INFO  impl.RoleInfo (RoleInfo.java:updateAndGet(143)) - bcb704dc-2543-42a4-8762-cde039a55a99: start LeaderState
2019-09-26 15:39:05,818 [bcb704dc-2543-42a4-8762-cde039a55a99@group-7399194A29EE-SegmentedRaftLogWorker] INFO  impl.StateMachineUpdater (StateMachineUpdater.java:stopAndJoin(125)) - bcb704dc-2543-42a4-8762-cde039a55a99@group-7399194A29EE-StateMachineUpdater: set stopIndex = -1
2019-09-26 15:39:06,879 [bcb704dc-2543-42a4-8762-cde039a55a99@group-7399194A29EE-SegmentedRaftLogWorker] INFO  impl.RaftServerImpl (ServerState.java:close(385)) - bcb704dc-2543-42a4-8762-cde039a55a99@group-7399194A29EE: closes. applyIndex: -1
2019-09-26 15:39:05,817 [bcb704dc-2543-42a4-8762-cde039a55a99@group-E41E9E7B90A5:LeaderElection183] INFO  impl.RoleInfo (RoleInfo.java:updateAndGet(143)) - bcb704dc-2543-42a4-8762-cde039a55a99: start LeaderState
2019-09-26 15:39:05,817 [bcb704dc-2543-42a4-8762-cde039a55a99@group-BE5CDE6B6C20:LeaderElection176] INFO  impl.RaftServerImpl (ServerState.java:setRaftConf(354)) - bcb704dc-2543-42a4-8762-cde039a55a99@group-BE5CDE6B6C20: set configuration 0: [bcb704dc-2543-42a4-8762-cde039a55a99:192.168.151.99:43663], old=null at 0
2019-09-26 15:39:05,817 [bcb704dc-2543-42a4-8762-cde039a55a99@group-1807F0C4354B:LeaderElection215] INFO  impl.LeaderElection (LeaderElection.java:askForVotes(182)) - bcb704dc-2543-42a4-8762-cde039a55a99@group-1807F0C4354B:LeaderElection215: begin an election at term 1 for -1: [bcb704dc-2543-42a4-8762-cde039a55a99:192.168.151.99:43663], old=null
2019-09-26 15:39:05,817 [bcb704dc-2543-42a4-8762-cde039a55a99@group-0DF8239C052C:LeaderElection218] INFO  impl.LeaderElection (LeaderElection.java:askForVotes(182)) - bcb704dc-2543-42a4-8762-cde039a55a99@group-0DF8239C052C:LeaderElection218: begin an election at term 1 for -1: [bcb704dc-2543-42a4-8762-cde039a55a99:192.168.151.99:43663], old=null
2019-09-26 15:39:05,817 [bcb704dc-2543-42a4-8762-cde039a55a99@group-19297E754D09:LeaderElection214] INFO  impl.LeaderElection (LeaderElection.java:askForVotes(182)) - bcb704dc-2543-42a4-8762-cde039a55a99@group-19297E754D09:LeaderElection214: begin an election at term 1 for -1: [bcb704dc-2543-42a4-8762-cde039a55a99:192.168.151.99:43663], old=null
2019-09-26 15:39:05,817 [pool-123-thread-1] INFO  storage.RaftStorage (RaftStorage.java:format(72)) - Storage directory /workdir/hadoop-ozone/integration-test/target/test-dir/MiniOzoneClusterImpl-87962e32-e39f-4c57-b747-30c883c1cc54/datanode-0/data/ratis/e938377e-2518-4410-8d2d-0423df0ed906 has been successfully formatted.
2019-09-26 15:39:05,811 [Thread-2381] WARN  util.JavaUtils (JavaUtils.java:sleep(250)) - Unexpected long sleep: sleep(5120ms) actually took 5457ms which is over the threshold 300ms
2019-09-26 15:39:05,808 [Thread-2395] INFO  impl.FollowerState (FollowerState.java:run(106)) - bcb704dc-2543-42a4-8762-cde039a55a99:group-42E764F99F92 changes to CANDIDATE, lastRpcTime:5329, electionTimeout:5088ms
2019-09-26 15:39:05,807 [Thread-2390] INFO  impl.FollowerState (FollowerState.java:run(106)) - bcb704dc-2543-42a4-8762-cde039a55a99:group-2FC65A88D4B5 changes to CANDIDATE, lastRpcTime:5395, electionTimeout:5197ms
2019-09-26 15:39:05,800 [Thread-2409] INFO  impl.FollowerState (FollowerState.java:run(106)) - bcb704dc-2543-42a4-8762-cde039a55a99:group-42C57E31B95C changes to CANDIDATE, lastRpcTime:5172, electionTimeout:5016ms
2019-09-26 15:39:05,799 [bcb704dc-2543-42a4-8762-cde039a55a99@group-DC10FFC207EF-SegmentedRaftLogWorker] ERROR segmented.SegmentedRaftLogWorker (SegmentedRaftLogWorker.java:run(323)) - bcb704dc-2543-42a4-8762-cde039a55a99@group-DC10FFC207EF-SegmentedRaftLogWorker hit exception
java.lang.OutOfMemoryError: Direct buffer memory
	at java.nio.Bits.reserveMemory(Bits.java:666)
	at java.nio.DirectByteBuffer.<init>(DirectByteBuffer.java:123)
	at java.nio.ByteBuffer.allocateDirect(ByteBuffer.java:311)
	at org.apache.ratis.server.raftlog.segmented.BufferedWriteChannel.<init>(BufferedWriteChannel.java:41)
	at org.apache.ratis.server.raftlog.segmented.SegmentedRaftLogOutputStream.<init>(SegmentedRaftLogOutputStream.java:72)
	at org.apache.ratis.server.raftlog.segmented.SegmentedRaftLogWorker$StartLogSegment.execute(SegmentedRaftLogWorker.java:566)
	at org.apache.ratis.server.raftlog.segmented.SegmentedRaftLogWorker.run(SegmentedRaftLogWorker.java:289)
	at java.lang.Thread.run(Thread.java:748)
2019-09-26 15:39:06,881 [bcb704dc-2543-42a4-8762-cde039a55a99@group-DC10FFC207EF-SegmentedRaftLogWorker] INFO  impl.RaftServerImpl (RaftServerImpl.java:lambda$shutdown$3(251)) - bcb704dc-2543-42a4-8762-cde039a55a99@group-DC10FFC207EF: shutdown
2019-09-26 15:39:05,795 [Thread-2400] INFO  impl.FollowerState (FollowerState.java:run(106)) - bcb704dc-2543-42a4-8762-cde039a55a99:group-2057EA9C4538 changes to CANDIDATE, lastRpcTime:5230, electionTimeout:5197ms
2019-09-26 15:39:05,420 [bcb704dc-2543-42a4-8762-cde039a55a99@group-0A32BFDC6864:LeaderElection199] INFO  server.RaftServerConfigKeys (ConfUtils.java:logGet(43)) - raft.server.staging.catchup.gap = 1000 (default)
2019-09-26 15:39:05,420 [bcb704dc-2543-42a4-8762-cde039a55a99@group-5542967D52A3:LeaderElection179] INFO  segmented.SegmentedRaftLogWorker (SegmentedRaftLogWorker.java:startLogSegment(380)) - bcb704dc-2543-42a4-8762-cde039a55a99@group-5542967D52A3-SegmentedRaftLogWorker: Starting segment from index:0
2019-09-26 15:39:05,419 [bcb704dc-2543-42a4-8762-cde039a55a99@group-4786CBF0DBEA:LeaderElection198] INFO  server.RaftServerConfigKeys (ConfUtils.java:logGet(43)) - raft.server.staging.catchup.gap = 1000 (default)
2019-09-26 15:39:06,882 [bcb704dc-2543-42a4-8762-cde039a55a99@group-4786CBF0DBEA:LeaderElection198] INFO  server.RaftServerConfigKeys (ConfUtils.java:logGet(43)) - raft.server.rpc.sleep.time = 25ms (default)
2019-09-26 15:39:05,419 [bcb704dc-2543-42a4-8762-cde039a55a99@group-FF44B23A8D1F:LeaderElection178] INFO  impl.RoleInfo (RoleInfo.java:updateAndGet(143)) - bcb704dc-2543-42a4-8762-cde039a55a99: start LeaderState
2019-09-26 15:39:05,419 [bcb704dc-2543-42a4-8762-cde039a55a99@group-A778D7837BC2:LeaderElection192] INFO  server.RaftServerConfigKeys (ConfUtils.java:logGet(43)) - raft.server.write.element-limit = 4096 (default)
2019-09-26 15:39:05,419 [Thread-2334] INFO  impl.RoleInfo (RoleInfo.java:updateAndGet(143)) - bcb704dc-2543-42a4-8762-cde039a55a99: start LeaderElection
2019-09-26 15:39:05,419 [bcb704dc-2543-42a4-8762-cde039a55a99@group-0B9A04D0016D:LeaderElection175] INFO  impl.RoleInfo (RoleInfo.java:updateAndGet(143)) - bcb704dc-2543-42a4-8762-cde039a55a99: start LeaderState
2019-09-26 15:39:05,419 [bcb704dc-2543-42a4-8762-cde039a55a99@group-4E88BFDC7C13:LeaderElection180] INFO  segmented.SegmentedRaftLogWorker (SegmentedRaftLogWorker.java:startLogSegment(380)) - bcb704dc-2543-42a4-8762-cde039a55a99@group-4E88BFDC7C13-SegmentedRaftLogWorker: Starting segment from index:0
2019-09-26 15:39:05,419 [bcb704dc-2543-42a4-8762-cde039a55a99@group-FDAD0B55B238:LeaderElection184] INFO  impl.RoleInfo (RoleInfo.java:updateAndGet(143)) - bcb704dc-2543-42a4-8762-cde039a55a99: start LeaderState
2019-09-26 15:39:05,419 [Thread-2330] INFO  impl.RoleInfo (RoleInfo.java:updateAndGet(143)) - bcb704dc-2543-42a4-8762-cde039a55a99: start LeaderElection
2019-09-26 15:39:07,197 [bcb704dc-2543-42a4-8762-cde039a55a99@group-FDAD0B55B238:LeaderElection184] INFO  segmented.SegmentedRaftLogWorker (SegmentedRaftLogWorker.java:startLogSegment(380)) - bcb704dc-2543-42a4-8762-cde039a55a99@group-FDAD0B55B238-SegmentedRaftLogWorker: Starting segment from index:0
2019-09-26 15:39:05,418 [Thread-2322] INFO  impl.RoleInfo (RoleInfo.java:updateAndGet(143)) - bcb704dc-2543-42a4-8762-cde039a55a99: start LeaderElection
2019-09-26 15:39:07,475 [Thread-2072] INFO  impl.FollowerState (FollowerState.java:run(106)) - bcb704dc-2543-42a4-8762-cde039a55a99:group-18DFCDEF3120 changes to CANDIDATE, lastRpcTime:10677, electionTimeout:5026ms
2019-09-26 15:39:07,475 [Thread-2054] INFO  impl.FollowerState (FollowerState.java:run(106)) - bcb704dc-2543-42a4-8762-cde039a55a99:group-164137F43D5F changes to CANDIDATE, lastRpcTime:10952, electionTimeout:5030ms
2019-09-26 15:39:07,475 [Thread-2057] INFO  impl.FollowerState (FollowerState.java:run(106)) - bcb704dc-2543-42a4-8762-cde039a55a99:group-1EDFAD8639C2 changes to CANDIDATE, lastRpcTime:10909, electionTimeout:5035ms
2019-09-26 15:39:07,475 [Thread-2002] INFO  impl.FollowerState (FollowerState.java:run(106)) - bcb704dc-2543-42a4-8762-cde039a55a99:group-99D974920299 changes to CANDIDATE, lastRpcTime:11631, electionTimeout:5039ms
2019-09-26 15:39:07,793 [Thread-2002] INFO  impl.RoleInfo (RoleInfo.java:shutdownFollowerState(121)) - bcb704dc-2543-42a4-8762-cde039a55a99: shutdown FollowerState
2019-09-26 15:39:07,474 [Thread-2035] INFO  impl.FollowerState (FollowerState.java:run(106)) - bcb704dc-2543-42a4-8762-cde039a55a99:group-768FFE8D3C99 changes to CANDIDATE, lastRpcTime:11178, electionTimeout:5048ms
2019-09-26 15:39:07,474 [Thread-2014] INFO  impl.FollowerState (FollowerState.java:run(106)) - bcb704dc-2543-42a4-8762-cde039a55a99:group-7CACD3A2D96D changes to CANDIDATE, lastRpcTime:11460, electionTimeout:5060ms
2019-09-26 15:39:07,474 [Thread-1993] INFO  impl.FollowerState (FollowerState.java:run(106)) - bcb704dc-2543-42a4-8762-cde039a55a99:group-3CAB2E070FFD changes to CANDIDATE, lastRpcTime:11749, electionTimeout:5064ms
2019-09-26 15:39:07,474 [Thread-2044] INFO  impl.FollowerState (FollowerState.java:run(106)) - bcb704dc-2543-42a4-8762-cde039a55a99:group-B25BEBFA3DA3 changes to CANDIDATE, lastRpcTime:11079, electionTimeout:5061ms
2019-09-26 15:39:07,473 [Thread-2029] INFO  impl.FollowerState (FollowerState.java:run(106)) - bcb704dc-2543-42a4-8762-cde039a55a99:group-D4B90A3E8012 changes to CANDIDATE, lastRpcTime:11256, electionTimeout:5069ms
2019-09-26 15:39:07,472 [Thread-1999] INFO  impl.FollowerState (FollowerState.java:run(106)) - bcb704dc-2543-42a4-8762-cde039a55a99:group-617888AA4A51 changes to CANDIDATE, lastRpcTime:11668, electionTimeout:5104ms
2019-09-26 15:39:07,472 [Thread-2005] INFO  impl.FollowerState (FollowerState.java:run(106)) - bcb704dc-2543-42a4-8762-cde039a55a99:group-B99515D878E9 changes to CANDIDATE, lastRpcTime:11580, electionTimeout:5106ms
2019-09-26 15:39:07,472 [Thread-2060] INFO  impl.FollowerState (FollowerState.java:run(106)) - bcb704dc-2543-42a4-8762-cde039a55a99:group-FFC8645E5ADC changes to CANDIDATE, lastRpcTime:10864, electionTimeout:5109ms
2019-09-26 15:39:07,471 [Thread-2066] INFO  impl.FollowerState (FollowerState.java:run(106)) - bcb704dc-2543-42a4-8762-cde039a55a99:group-69BB3C0B63D8 changes to CANDIDATE, lastRpcTime:10750, electionTimeout:5115ms
2019-09-26 15:39:07,794 [Thread-2066] INFO  impl.RoleInfo (RoleInfo.java:shutdownFollowerState(121)) - bcb704dc-2543-42a4-8762-cde039a55a99: shutdown FollowerState
2019-09-26 15:39:07,471 [Thread-2429] INFO  impl.FollowerState (FollowerState.java:run(106)) - bcb704dc-2543-42a4-8762-cde039a55a99:group-C4D905E4103A changes to CANDIDATE, lastRpcTime:5288, electionTimeout:5110ms
2019-09-26 15:39:07,470 [Thread-2047] INFO  impl.FollowerState (FollowerState.java:run(106)) - bcb704dc-2543-42a4-8762-cde039a55a99:group-CD5767121D26 changes to CANDIDATE, lastRpcTime:11045, electionTimeout:5136ms
2019-09-26 15:39:07,795 [Thread-2047] INFO  impl.RoleInfo (RoleInfo.java:shutdownFollowerState(121)) - bcb704dc-2543-42a4-8762-cde039a55a99: shutdown FollowerState
2019-09-26 15:39:07,470 [Thread-2038] INFO  impl.FollowerState (FollowerState.java:run(106)) - bcb704dc-2543-42a4-8762-cde039a55a99:group-4B788DE994AB changes to CANDIDATE, lastRpcTime:11134, electionTimeout:5139ms
2019-09-26 15:39:07,470 [Thread-2017] INFO  impl.FollowerState (FollowerState.java:run(106)) - bcb704dc-2543-42a4-8762-cde039a55a99:group-8891CF406B17 changes to CANDIDATE, lastRpcTime:11416, electionTimeout:5144ms
2019-09-26 15:39:07,470 [Thread-2032] INFO  impl.FollowerState (FollowerState.java:run(106)) - bcb704dc-2543-42a4-8762-cde039a55a99:group-E216D9E11CC2 changes to CANDIDATE, lastRpcTime:11212, electionTimeout:5150ms
2019-09-26 15:39:07,470 [Thread-2069] INFO  impl.FollowerState (FollowerState.java:run(106)) - bcb704dc-2543-42a4-8762-cde039a55a99:group-C76860977E5E changes to CANDIDATE, lastRpcTime:10709, electionTimeout:5148ms
2019-09-26 15:39:07,469 [Thread-2041] INFO  impl.FollowerState (FollowerState.java:run(106)) - bcb704dc-2543-42a4-8762-cde039a55a99:group-91004EC9A14A changes to CANDIDATE, lastRpcTime:11113, electionTimeout:5155ms
2019-09-26 15:39:07,468 [Thread-2008] INFO  impl.FollowerState (FollowerState.java:run(106)) - bcb704dc-2543-42a4-8762-cde039a55a99:group-375D6A16F6EF changes to CANDIDATE, lastRpcTime:11535, electionTimeout:5182ms
2019-09-26 15:39:07,468 [Thread-2051] INFO  impl.FollowerState (FollowerState.java:run(106)) - bcb704dc-2543-42a4-8762-cde039a55a99:group-BA70793E3DE7 changes to CANDIDATE, lastRpcTime:10984, electionTimeout:5184ms
2019-09-26 15:39:07,468 [Thread-2023] INFO  impl.FollowerState (FollowerState.java:run(106)) - bcb704dc-2543-42a4-8762-cde039a55a99:group-723464252EB8 changes to CANDIDATE, lastRpcTime:11330, electionTimeout:5195ms
2019-09-26 15:39:07,464 [bcb704dc-2543-42a4-8762-cde039a55a99@group-DEDDB087FD78-SegmentedRaftLogWorker] ERROR segmented.SegmentedRaftLogWorker (SegmentedRaftLogWorker.java:run(323)) - bcb704dc-2543-42a4-8762-cde039a55a99@group-DEDDB087FD78-SegmentedRaftLogWorker hit exception
java.lang.OutOfMemoryError: Direct buffer memory
	at java.nio.Bits.reserveMemory(Bits.java:666)
	at java.nio.DirectByteBuffer.<init>(DirectByteBuffer.java:123)
	at java.nio.ByteBuffer.allocateDirect(ByteBuffer.java:311)
	at org.apache.ratis.server.raftlog.segmented.BufferedWriteChannel.<init>(BufferedWriteChannel.java:41)
	at org.apache.ratis.server.raftlog.segmented.SegmentedRaftLogOutputStream.<init>(SegmentedRaftLogOutputStream.java:72)
	at org.apache.ratis.server.raftlog.segmented.SegmentedRaftLogWorker$StartLogSegment.execute(SegmentedRaftLogWorker.java:566)
	at org.apache.ratis.server.raftlog.segmented.SegmentedRaftLogWorker.run(SegmentedRaftLogWorker.java:289)
	at java.lang.Thread.run(Thread.java:748)
2019-09-26 15:39:07,197 [bcb704dc-2543-42a4-8762-cde039a55a99@group-4E88BFDC7C13:LeaderElection180] INFO  impl.RaftServerImpl (ServerState.java:setRaftConf(354)) - bcb704dc-2543-42a4-8762-cde039a55a99@group-4E88BFDC7C13: set configuration 0: [bcb704dc-2543-42a4-8762-cde039a55a99:192.168.151.99:43663], old=null at 0
2019-09-26 15:39:07,196 [bcb704dc-2543-42a4-8762-cde039a55a99@group-0B9A04D0016D:LeaderElection175] INFO  segmented.SegmentedRaftLogWorker (SegmentedRaftLogWorker.java:startLogSegment(380)) - bcb704dc-2543-42a4-8762-cde039a55a99@group-0B9A04D0016D-SegmentedRaftLogWorker: Starting segment from index:0
2019-09-26 15:39:07,196 [Thread-2020] INFO  impl.FollowerState (FollowerState.java:run(106)) - bcb704dc-2543-42a4-8762-cde039a55a99:group-4D04F2324D2E changes to CANDIDATE, lastRpcTime:11103, electionTimeout:5022ms
2019-09-26 15:39:07,196 [bcb704dc-2543-42a4-8762-cde039a55a99@group-A778D7837BC2:LeaderElection192] INFO  server.RaftServerConfigKeys (ConfUtils.java:logGet(43)) - raft.server.watch.timeout = 10s (default)
2019-09-26 15:39:07,196 [Thread-2026] INFO  impl.FollowerState (FollowerState.java:run(106)) - bcb704dc-2543-42a4-8762-cde039a55a99:group-5350FED428AE changes to CANDIDATE, lastRpcTime:11018, electionTimeout:5008ms
2019-09-26 15:39:07,195 [bcb704dc-2543-42a4-8762-cde039a55a99@group-FF44B23A8D1F:LeaderElection178] INFO  segmented.SegmentedRaftLogWorker (SegmentedRaftLogWorker.java:startLogSegment(380)) - bcb704dc-2543-42a4-8762-cde039a55a99@group-FF44B23A8D1F-SegmentedRaftLogWorker: Starting segment from index:0
2019-09-26 15:39:07,195 [Thread-2011] INFO  impl.FollowerState (FollowerState.java:run(106)) - bcb704dc-2543-42a4-8762-cde039a55a99:group-BB495E0FFD8F changes to CANDIDATE, lastRpcTime:11221, electionTimeout:5021ms
2019-09-26 15:39:07,194 [Thread-2063] INFO  impl.FollowerState (FollowerState.java:run(106)) - bcb704dc-2543-42a4-8762-cde039a55a99:group-20AC887259AF changes to CANDIDATE, lastRpcTime:10524, electionTimeout:5019ms
2019-09-26 15:39:07,187 [bcb704dc-2543-42a4-8762-cde039a55a99@group-BE5CDE6B6C20-SegmentedRaftLogWorker] ERROR segmented.SegmentedRaftLogWorker (SegmentedRaftLogWorker.java:run(323)) - bcb704dc-2543-42a4-8762-cde039a55a99@group-BE5CDE6B6C20-SegmentedRaftLogWorker hit exception
java.lang.OutOfMemoryError: Direct buffer memory
	at java.nio.Bits.reserveMemory(Bits.java:666)
	at java.nio.DirectByteBuffer.<init>(DirectByteBuffer.java:123)
	at java.nio.ByteBuffer.allocateDirect(ByteBuffer.java:311)
	at org.apache.ratis.server.raftlog.segmented.BufferedWriteChannel.<init>(BufferedWriteChannel.java:41)
	at org.apache.ratis.server.raftlog.segmented.SegmentedRaftLogOutputStream.<init>(SegmentedRaftLogOutputStream.java:72)
	at org.apache.ratis.server.raftlog.segmented.SegmentedRaftLogWorker$StartLogSegment.execute(SegmentedRaftLogWorker.java:566)
	at org.apache.ratis.server.raftlog.segmented.SegmentedRaftLogWorker.run(SegmentedRaftLogWorker.java:289)
	at java.lang.Thread.run(Thread.java:748)
2019-09-26 15:39:08,329 [bcb704dc-2543-42a4-8762-cde039a55a99@group-BE5CDE6B6C20-SegmentedRaftLogWorker] INFO  impl.RaftServerImpl (RaftServerImpl.java:lambda$shutdown$3(251)) - bcb704dc-2543-42a4-8762-cde039a55a99@group-BE5CDE6B6C20: shutdown
2019-09-26 15:39:07,186 [Thread-1996] INFO  impl.FollowerState (FollowerState.java:run(106)) - bcb704dc-2543-42a4-8762-cde039a55a99:group-860F4724CA86 changes to CANDIDATE, lastRpcTime:11421, electionTimeout:5013ms
2019-09-26 15:39:06,883 [bcb704dc-2543-42a4-8762-cde039a55a99@group-5542967D52A3:LeaderElection179] INFO  impl.RaftServerImpl (ServerState.java:setRaftConf(354)) - bcb704dc-2543-42a4-8762-cde039a55a99@group-5542967D52A3: set configuration 0: [bcb704dc-2543-42a4-8762-cde039a55a99:192.168.151.99:43663], old=null at 0
2019-09-26 15:39:06,882 [bcb704dc-2543-42a4-8762-cde039a55a99@group-4786CBF0DBEA:LeaderElection198] INFO  server.RaftServerConfigKeys (ConfUtils.java:logGet(43)) - raft.server.write.element-limit = 4096 (default)
2019-09-26 15:39:06,882 [bcb704dc-2543-42a4-8762-cde039a55a99@group-0A32BFDC6864:LeaderElection199] INFO  server.RaftServerConfigKeys (ConfUtils.java:logGet(43)) - raft.server.rpc.sleep.time = 25ms (default)
2019-09-26 15:39:06,882 [Thread-2400] INFO  impl.RoleInfo (RoleInfo.java:shutdownFollowerState(121)) - bcb704dc-2543-42a4-8762-cde039a55a99: shutdown FollowerState
2019-09-26 15:39:08,330 [Thread-2400] INFO  impl.RaftServerImpl (RaftServerImpl.java:setRole(174)) - bcb704dc-2543-42a4-8762-cde039a55a99@group-2057EA9C4538: changes role from  FOLLOWER to CANDIDATE at term 0 for changeToCandidate
2019-09-26 15:39:06,882 [bcb704dc-2543-42a4-8762-cde039a55a99@group-DC10FFC207EF-SegmentedRaftLogWorker] INFO  util.JmxRegister (JmxRegister.java:unregister(73)) - Successfully un-registered JMX Bean with object name Ratis:service=RaftServer,group=group-DC10FFC207EF,id=bcb704dc-2543-42a4-8762-cde039a55a99
2019-09-26 15:39:08,330 [bcb704dc-2543-42a4-8762-cde039a55a99@group-DC10FFC207EF-SegmentedRaftLogWorker] INFO  impl.RoleInfo (RoleInfo.java:shutdownLeaderState(104)) - bcb704dc-2543-42a4-8762-cde039a55a99: shutdown LeaderState
2019-09-26 15:39:06,881 [Thread-2409] INFO  impl.RoleInfo (RoleInfo.java:shutdownFollowerState(121)) - bcb704dc-2543-42a4-8762-cde039a55a99: shutdown FollowerState
2019-09-26 15:39:06,881 [Thread-2390] INFO  impl.RoleInfo (RoleInfo.java:shutdownFollowerState(121)) - bcb704dc-2543-42a4-8762-cde039a55a99: shutdown FollowerState
2019-09-26 15:39:08,330 [Thread-2390] INFO  impl.RaftServerImpl (RaftServerImpl.java:setRole(174)) - bcb704dc-2543-42a4-8762-cde039a55a99@group-2FC65A88D4B5: changes role from  FOLLOWER to CANDIDATE at term 0 for changeToCandidate
2019-09-26 15:39:06,881 [Thread-2395] INFO  impl.RoleInfo (RoleInfo.java:shutdownFollowerState(121)) - bcb704dc-2543-42a4-8762-cde039a55a99: shutdown FollowerState
2019-09-26 15:39:06,881 [pool-123-thread-1] INFO  ratis.ContainerStateMachine (ContainerStateMachine.java:loadSnapshot(230)) - group-0423DF0ED906: The snapshot info is null. Setting the last applied indexto:(t:0, i:~)
2019-09-26 15:39:06,880 [bcb704dc-2543-42a4-8762-cde039a55a99@group-19297E754D09:LeaderElection214] INFO  impl.RoleInfo (RoleInfo.java:shutdownLeaderElection(134)) - bcb704dc-2543-42a4-8762-cde039a55a99: shutdown LeaderElection
2019-09-26 15:39:08,331 [bcb704dc-2543-42a4-8762-cde039a55a99@group-19297E754D09:LeaderElection214] INFO  impl.RaftServerImpl (RaftServerImpl.java:setRole(174)) - bcb704dc-2543-42a4-8762-cde039a55a99@group-19297E754D09: changes role from CANDIDATE to LEADER at term 1 for changeToLeader
2019-09-26 15:39:06,880 [bcb704dc-2543-42a4-8762-cde039a55a99@group-0DF8239C052C:LeaderElection218] INFO  impl.RoleInfo (RoleInfo.java:shutdownLeaderElection(134)) - bcb704dc-2543-42a4-8762-cde039a55a99: shutdown LeaderElection
2019-09-26 15:39:08,331 [bcb704dc-2543-42a4-8762-cde039a55a99@group-0DF8239C052C:LeaderElection218] INFO  impl.RaftServerImpl (RaftServerImpl.java:setRole(174)) - bcb704dc-2543-42a4-8762-cde039a55a99@group-0DF8239C052C: changes role from CANDIDATE to LEADER at term 1 for changeToLeader
2019-09-26 15:39:06,880 [bcb704dc-2543-42a4-8762-cde039a55a99@group-1807F0C4354B:LeaderElection215] INFO  impl.RoleInfo (RoleInfo.java:shutdownLeaderElection(134)) - bcb704dc-2543-42a4-8762-cde039a55a99: shutdown LeaderElection
2019-09-26 15:39:06,880 [bcb704dc-2543-42a4-8762-cde039a55a99@group-E41E9E7B90A5:LeaderElection183] INFO  segmented.SegmentedRaftLogWorker (SegmentedRaftLogWorker.java:startLogSegment(380)) - bcb704dc-2543-42a4-8762-cde039a55a99@group-E41E9E7B90A5-SegmentedRaftLogWorker: Starting segment from index:0
2019-09-26 15:39:06,880 [bcb704dc-2543-42a4-8762-cde039a55a99@group-7399194A29EE-SegmentedRaftLogWorker] INFO  segmented.SegmentedRaftLogWorker (SegmentedRaftLogWorker.java:close(228)) - bcb704dc-2543-42a4-8762-cde039a55a99@group-7399194A29EE-SegmentedRaftLogWorker close()
2019-09-26 15:39:06,879 [bcb704dc-2543-42a4-8762-cde039a55a99@group-CDE0182ACA4A:LeaderElection169] INFO  segmented.SegmentedRaftLogWorker (SegmentedRaftLogWorker.java:startLogSegment(380)) - bcb704dc-2543-42a4-8762-cde039a55a99@group-CDE0182ACA4A-SegmentedRaftLogWorker: Starting segment from index:0
2019-09-26 15:39:06,879 [bcb704dc-2543-42a4-8762-cde039a55a99@group-19733DFA91CE:LeaderElection212] INFO  server.RaftServerConfigKeys (ConfUtils.java:logGet(43)) - raft.server.write.element-limit = 4096 (default)
2019-09-26 15:39:06,879 [bcb704dc-2543-42a4-8762-cde039a55a99@group-8C4E846757B0:LeaderElection201] INFO  server.RaftServerConfigKeys (ConfUtils.java:logGet(43)) - raft.server.write.element-limit = 4096 (default)
2019-09-26 15:39:06,879 [bcb704dc-2543-42a4-8762-cde039a55a99@group-E9033DA04B7D:LeaderElection200] INFO  server.RaftServerConfigKeys (ConfUtils.java:logGet(43)) - raft.server.rpc.sleep.time = 25ms (default)
2019-09-26 15:39:06,878 [bcb704dc-2543-42a4-8762-cde039a55a99@group-0C31D75A80BF:LeaderElection208] INFO  segmented.SegmentedRaftLogWorker (SegmentedRaftLogWorker.java:startLogSegment(380)) - bcb704dc-2543-42a4-8762-cde039a55a99@group-0C31D75A80BF-SegmentedRaftLogWorker: Starting segment from index:0
2019-09-26 15:39:06,878 [bcb704dc-2543-42a4-8762-cde039a55a99@group-008535A2A097:LeaderElection185] INFO  server.RaftServerConfigKeys (ConfUtils.java:logGet(43)) - raft.server.write.element-limit = 4096 (default)
2019-09-26 15:39:06,878 [Thread-2414] INFO  impl.RoleInfo (RoleInfo.java:shutdownFollowerState(121)) - bcb704dc-2543-42a4-8762-cde039a55a99: shutdown FollowerState
2019-09-26 15:39:08,990 [bcb704dc-2543-42a4-8762-cde039a55a99@group-0C31D75A80BF:LeaderElection208] INFO  impl.RaftServerImpl (ServerState.java:setRaftConf(354)) - bcb704dc-2543-42a4-8762-cde039a55a99@group-0C31D75A80BF: set configuration 0: [bcb704dc-2543-42a4-8762-cde039a55a99:192.168.151.99:43663], old=null at 0
2019-09-26 15:39:06,878 [bcb704dc-2543-42a4-8762-cde039a55a99@group-6D85AD78C566:LeaderElection217] INFO  impl.RoleInfo (RoleInfo.java:shutdownLeaderElection(134)) - bcb704dc-2543-42a4-8762-cde039a55a99: shutdown LeaderElection
2019-09-26 15:39:06,877 [bcb704dc-2543-42a4-8762-cde039a55a99@group-D0D77289265A-SegmentedRaftLogWorker] INFO  impl.StateMachineUpdater (StateMachineUpdater.java:stopAndJoin(125)) - bcb704dc-2543-42a4-8762-cde039a55a99@group-D0D77289265A-StateMachineUpdater: set stopIndex = -1
2019-09-26 15:39:09,218 [bcb704dc-2543-42a4-8762-cde039a55a99@group-D0D77289265A-SegmentedRaftLogWorker] INFO  impl.RaftServerImpl (ServerState.java:close(385)) - bcb704dc-2543-42a4-8762-cde039a55a99@group-D0D77289265A: closes. applyIndex: -1
2019-09-26 15:39:06,877 [bcb704dc-2543-42a4-8762-cde039a55a99@group-23B603725A20:LeaderElection187] INFO  server.RaftServerConfigKeys (ConfUtils.java:logGet(43)) - raft.server.rpc.sleep.time = 25ms (default)
2019-09-26 15:39:06,877 [bcb704dc-2543-42a4-8762-cde039a55a99@group-B04EACC30477:LeaderElection193] INFO  server.RaftServerConfigKeys (ConfUtils.java:logGet(43)) - raft.server.write.element-limit = 4096 (default)
2019-09-26 15:39:06,876 [bcb704dc-2543-42a4-8762-cde039a55a99@group-165F9EB473BC-SegmentedRaftLogWorker] ERROR segmented.SegmentedRaftLogWorker (SegmentedRaftLogWorker.java:run(323)) - bcb704dc-2543-42a4-8762-cde039a55a99@group-165F9EB473BC-SegmentedRaftLogWorker hit exception
java.lang.OutOfMemoryError: Direct buffer memory
	at java.nio.Bits.reserveMemory(Bits.java:666)
	at java.nio.DirectByteBuffer.<init>(DirectByteBuffer.java:123)
	at java.nio.ByteBuffer.allocateDirect(ByteBuffer.java:311)
	at org.apache.ratis.server.raftlog.segmented.BufferedWriteChannel.<init>(BufferedWriteChannel.java:41)
	at org.apache.ratis.server.raftlog.segmented.SegmentedRaftLogOutputStream.<init>(SegmentedRaftLogOutputStream.java:72)
	at org.apache.ratis.server.raftlog.segmented.SegmentedRaftLogWorker$StartLogSegment.execute(SegmentedRaftLogWorker.java:566)
	at org.apache.ratis.server.raftlog.segmented.SegmentedRaftLogWorker.run(SegmentedRaftLogWorker.java:289)
	at java.lang.Thread.run(Thread.java:748)
2019-09-26 15:39:09,219 [bcb704dc-2543-42a4-8762-cde039a55a99@group-165F9EB473BC-SegmentedRaftLogWorker] INFO  impl.RaftServerImpl (RaftServerImpl.java:lambda$shutdown$3(251)) - bcb704dc-2543-42a4-8762-cde039a55a99@group-165F9EB473BC: shutdown
2019-09-26 15:39:06,876 [bcb704dc-2543-42a4-8762-cde039a55a99@group-763AB41DED64-SegmentedRaftLogWorker] ERROR segmented.SegmentedRaftLogWorker (SegmentedRaftLogWorker.java:run(323)) - bcb704dc-2543-42a4-8762-cde039a55a99@group-763AB41DED64-SegmentedRaftLogWorker hit exception
java.lang.OutOfMemoryError: Direct buffer memory
	at java.nio.Bits.reserveMemory(Bits.java:666)
	at java.nio.DirectByteBuffer.<init>(DirectByteBuffer.java:123)
	at java.nio.ByteBuffer.allocateDirect(ByteBuffer.java:311)
	at org.apache.ratis.server.raftlog.segmented.BufferedWriteChannel.<init>(BufferedWriteChannel.java:41)
	at org.apache.ratis.server.raftlog.segmented.SegmentedRaftLogOutputStream.<init>(SegmentedRaftLogOutputStream.java:72)
	at org.apache.ratis.server.raftlog.segmented.SegmentedRaftLogWorker$StartLogSegment.execute(SegmentedRaftLogWorker.java:566)
	at org.apache.ratis.server.raftlog.segmented.SegmentedRaftLogWorker.run(SegmentedRaftLogWorker.java:289)
	at java.lang.Thread.run(Thread.java:748)
2019-09-26 15:39:09,220 [bcb704dc-2543-42a4-8762-cde039a55a99@group-763AB41DED64-SegmentedRaftLogWorker] INFO  impl.RaftServerImpl (RaftServerImpl.java:lambda$shutdown$3(251)) - bcb704dc-2543-42a4-8762-cde039a55a99@group-763AB41DED64: shutdown
2019-09-26 15:39:06,625 [bcb704dc-2543-42a4-8762-cde039a55a99@group-A09E01A06194:LeaderElection202] INFO  server.RaftServerConfigKeys (ConfUtils.java:logGet(43)) - raft.server.watch.timeout = 10s (default)
2019-09-26 15:39:09,220 [bcb704dc-2543-42a4-8762-cde039a55a99@group-A09E01A06194:LeaderElection202] INFO  server.RaftServerConfigKeys (ConfUtils.java:logGet(43)) - raft.server.watch.timeout.denomination = 1s (default)
2019-09-26 15:39:06,624 [bcb704dc-2543-42a4-8762-cde039a55a99@group-AD2BD46986A8:LeaderElection172] INFO  impl.RaftServerImpl (ServerState.java:setRaftConf(354)) - bcb704dc-2543-42a4-8762-cde039a55a99@group-AD2BD46986A8: set configuration 0: [bcb704dc-2543-42a4-8762-cde039a55a99:192.168.151.99:43663], old=null at 0
2019-09-26 15:39:06,624 [bcb704dc-2543-42a4-8762-cde039a55a99@group-82088539EA4F:LeaderElection186] INFO  server.RaftServerConfigKeys (ConfUtils.java:logGet(43)) - raft.server.watch.timeout = 10s (default)
2019-09-26 15:39:06,624 [bcb704dc-2543-42a4-8762-cde039a55a99@group-4B884EBB2E10:LeaderElection195] INFO  server.RaftServerConfigKeys (ConfUtils.java:logGet(43)) - raft.server.watch.timeout = 10s (default)
2019-09-26 15:39:06,624 [bcb704dc-2543-42a4-8762-cde039a55a99@group-E184EC457834:LeaderElection205] INFO  server.RaftServerConfigKeys (ConfUtils.java:logGet(43)) - raft.server.watch.timeout.denomination = 1s (default)
2019-09-26 15:39:06,623 [bcb704dc-2543-42a4-8762-cde039a55a99@group-A0C5D2D9FA46:LeaderElection190] INFO  server.RaftServerConfigKeys (ConfUtils.java:logGet(43)) - raft.server.watch.timeout = 10s (default)
2019-09-26 15:39:09,221 [bcb704dc-2543-42a4-8762-cde039a55a99@group-A0C5D2D9FA46:LeaderElection190] INFO  server.RaftServerConfigKeys (ConfUtils.java:logGet(43)) - raft.server.watch.timeout.denomination = 1s (default)
2019-09-26 15:39:06,623 [bcb704dc-2543-42a4-8762-cde039a55a99@group-C84E1EDDFBB1:LeaderElection197] INFO  server.RaftServerConfigKeys (ConfUtils.java:logGet(43)) - raft.server.watch.timeout = 10s (default)
2019-09-26 15:39:09,221 [bcb704dc-2543-42a4-8762-cde039a55a99@group-C84E1EDDFBB1:LeaderElection197] INFO  server.RaftServerConfigKeys (ConfUtils.java:logGet(43)) - raft.server.watch.timeout.denomination = 1s (default)
2019-09-26 15:39:06,623 [bcb704dc-2543-42a4-8762-cde039a55a99@group-2D09A842301B:LeaderElection206] INFO  server.RaftServerConfigKeys (ConfUtils.java:logGet(43)) - raft.server.rpc.sleep.time = 25ms (default)
2019-09-26 15:39:06,622 [bcb704dc-2543-42a4-8762-cde039a55a99@group-9CAC7CB13E97:LeaderElection216] INFO  impl.LeaderElection (LeaderElection.java:askForVotes(182)) - bcb704dc-2543-42a4-8762-cde039a55a99@group-9CAC7CB13E97:LeaderElection216: begin an election at term 1 for -1: [bcb704dc-2543-42a4-8762-cde039a55a99:192.168.151.99:43663], old=null
2019-09-26 15:39:06,396 [bcb704dc-2543-42a4-8762-cde039a55a99@group-7C568138CBDB:LeaderElection188] INFO  server.RaftServerConfigKeys (ConfUtils.java:logGet(43)) - raft.server.watch.timeout = 10s (default)
2019-09-26 15:39:06,395 [bcb704dc-2543-42a4-8762-cde039a55a99@group-DA2C5CB8BB65:LeaderElection189] INFO  server.RaftServerConfigKeys (ConfUtils.java:logGet(43)) - raft.server.watch.timeout = 10s (default)
2019-09-26 15:39:06,395 [bcb704dc-2543-42a4-8762-cde039a55a99@group-4E34C6955B17:LeaderElection204] INFO  server.RaftServerConfigKeys (ConfUtils.java:logGet(43)) - raft.server.write.element-limit = 4096 (default)
2019-09-26 15:39:06,395 [bcb704dc-2543-42a4-8762-cde039a55a99@group-353F2047EF06:LeaderElection194] INFO  server.RaftServerConfigKeys (ConfUtils.java:logGet(43)) - raft.server.write.element-limit = 4096 (default)
2019-09-26 15:39:06,395 [bcb704dc-2543-42a4-8762-cde039a55a99@group-312551D5FA7C:LeaderElection191] INFO  server.RaftServerConfigKeys (ConfUtils.java:logGet(43)) - raft.server.rpc.sleep.time = 25ms (default)
2019-09-26 15:39:06,394 [bcb704dc-2543-42a4-8762-cde039a55a99@group-F6F6A7BDA922:LeaderElection213] INFO  server.RaftServerConfigKeys (ConfUtils.java:logGet(43)) - raft.server.write.element-limit = 4096 (default)
2019-09-26 15:39:06,394 [bcb704dc-2543-42a4-8762-cde039a55a99@group-6B7863180474:LeaderElection203] INFO  server.RaftServerConfigKeys (ConfUtils.java:logGet(43)) - raft.server.write.element-limit = 4096 (default)
2019-09-26 15:39:06,394 [bcb704dc-2543-42a4-8762-cde039a55a99@group-11C7A05DD744:LeaderElection196] INFO  server.RaftServerConfigKeys (ConfUtils.java:logGet(43)) - raft.server.watch.timeout = 10s (default)
2019-09-26 15:39:06,394 [bcb704dc-2543-42a4-8762-cde039a55a99@group-BBF433C8F92D:LeaderElection209] INFO  server.RaftServerConfigKeys (ConfUtils.java:logGet(43)) - raft.server.write.element-limit = 4096 (default)
2019-09-26 15:39:06,393 [bcb704dc-2543-42a4-8762-cde039a55a99@group-64EA007B3927:LeaderElection210] INFO  server.RaftServerConfigKeys (ConfUtils.java:logGet(43)) - raft.server.watch.timeout.denomination = 1s (default)
2019-09-26 15:39:06,384 [bcb704dc-2543-42a4-8762-cde039a55a99@group-29694A780B41-SegmentedRaftLogWorker] ERROR segmented.SegmentedRaftLogWorker (SegmentedRaftLogWorker.java:run(323)) - bcb704dc-2543-42a4-8762-cde039a55a99@group-29694A780B41-SegmentedRaftLogWorker hit exception
java.lang.OutOfMemoryError: Direct buffer memory
	at java.nio.Bits.reserveMemory(Bits.java:666)
	at java.nio.DirectByteBuffer.<init>(DirectByteBuffer.java:123)
	at java.nio.ByteBuffer.allocateDirect(ByteBuffer.java:311)
	at org.apache.ratis.server.raftlog.segmented.BufferedWriteChannel.<init>(BufferedWriteChannel.java:41)
	at org.apache.ratis.server.raftlog.segmented.SegmentedRaftLogOutputStream.<init>(SegmentedRaftLogOutputStream.java:72)
	at org.apache.ratis.server.raftlog.segmented.SegmentedRaftLogWorker$StartLogSegment.execute(SegmentedRaftLogWorker.java:566)
	at org.apache.ratis.server.raftlog.segmented.SegmentedRaftLogWorker.run(SegmentedRaftLogWorker.java:289)
	at java.lang.Thread.run(Thread.java:748)
2019-09-26 15:39:09,224 [bcb704dc-2543-42a4-8762-cde039a55a99@group-29694A780B41-SegmentedRaftLogWorker] INFO  impl.RaftServerImpl (RaftServerImpl.java:lambda$shutdown$3(251)) - bcb704dc-2543-42a4-8762-cde039a55a99@group-29694A780B41: shutdown
2019-09-26 15:39:06,113 [bcb704dc-2543-42a4-8762-cde039a55a99@group-884AB6599596:LeaderElection211] INFO  server.RaftServerConfigKeys (ConfUtils.java:logGet(43)) - raft.server.rpc.sleep.time = 25ms (default)
2019-09-26 15:39:06,113 [bcb704dc-2543-42a4-8762-cde039a55a99@group-D3FDF48AE4AA:LeaderElection177] INFO  impl.RaftServerImpl (ServerState.java:setRaftConf(354)) - bcb704dc-2543-42a4-8762-cde039a55a99@group-D3FDF48AE4AA: set configuration 0: [bcb704dc-2543-42a4-8762-cde039a55a99:192.168.151.99:43663], old=null at 0
2019-09-26 15:39:06,113 [bcb704dc-2543-42a4-8762-cde039a55a99@group-CB1176FCD817-SegmentedRaftLogWorker] INFO  impl.StateMachineUpdater (StateMachineUpdater.java:stopAndJoin(125)) - bcb704dc-2543-42a4-8762-cde039a55a99@group-CB1176FCD817-StateMachineUpdater: set stopIndex = -1
2019-09-26 15:39:09,224 [bcb704dc-2543-42a4-8762-cde039a55a99@group-CB1176FCD817-SegmentedRaftLogWorker] INFO  impl.RaftServerImpl (ServerState.java:close(385)) - bcb704dc-2543-42a4-8762-cde039a55a99@group-CB1176FCD817: closes. applyIndex: -1
2019-09-26 15:39:06,112 [bcb704dc-2543-42a4-8762-cde039a55a99@group-DEF52561270D:LeaderElection207] INFO  server.RaftServerConfigKeys (ConfUtils.java:logGet(43)) - raft.server.watch.element-limit = 65536 (default)
2019-09-26 15:39:06,112 [bcb704dc-2543-42a4-8762-cde039a55a99@group-280A8A57BC6F:LeaderElection182] INFO  impl.RoleInfo (RoleInfo.java:updateAndGet(143)) - bcb704dc-2543-42a4-8762-cde039a55a99: start LeaderState
2019-09-26 15:39:09,224 [bcb704dc-2543-42a4-8762-cde039a55a99@group-CB1176FCD817-SegmentedRaftLogWorker] INFO  segmented.SegmentedRaftLogWorker (SegmentedRaftLogWorker.java:close(228)) - bcb704dc-2543-42a4-8762-cde039a55a99@group-CB1176FCD817-SegmentedRaftLogWorker close()
2019-09-26 15:39:09,225 [bcb704dc-2543-42a4-8762-cde039a55a99@group-280A8A57BC6F:LeaderElection182] INFO  segmented.SegmentedRaftLogWorker (SegmentedRaftLogWorker.java:startLogSegment(380)) - bcb704dc-2543-42a4-8762-cde039a55a99@group-280A8A57BC6F-SegmentedRaftLogWorker: Starting segment from index:0
2019-09-26 15:39:09,224 [bcb704dc-2543-42a4-8762-cde039a55a99@group-884AB6599596:LeaderElection211] INFO  server.RaftServerConfigKeys (ConfUtils.java:logGet(43)) - raft.server.write.element-limit = 4096 (default)
2019-09-26 15:39:09,224 [bcb704dc-2543-42a4-8762-cde039a55a99@group-29694A780B41-SegmentedRaftLogWorker] INFO  util.JmxRegister (JmxRegister.java:unregister(73)) - Successfully un-registered JMX Bean with object name Ratis:service=RaftServer,group=group-29694A780B41,id=bcb704dc-2543-42a4-8762-cde039a55a99
2019-09-26 15:39:09,223 [bcb704dc-2543-42a4-8762-cde039a55a99@group-64EA007B3927:LeaderElection210] INFO  server.RaftServerConfigKeys (ConfUtils.java:logGet(43)) - raft.server.watch.element-limit = 65536 (default)
2019-09-26 15:39:09,223 [bcb704dc-2543-42a4-8762-cde039a55a99@group-BBF433C8F92D:LeaderElection209] INFO  server.RaftServerConfigKeys (ConfUtils.java:logGet(43)) - raft.server.watch.timeout = 10s (default)
2019-09-26 15:39:09,223 [bcb704dc-2543-42a4-8762-cde039a55a99@group-11C7A05DD744:LeaderElection196] INFO  server.RaftServerConfigKeys (ConfUtils.java:logGet(43)) - raft.server.watch.timeout.denomination = 1s (default)
2019-09-26 15:39:09,223 [bcb704dc-2543-42a4-8762-cde039a55a99@group-6B7863180474:LeaderElection203] INFO  server.RaftServerConfigKeys (ConfUtils.java:logGet(43)) - raft.server.watch.timeout = 10s (default)
2019-09-26 15:39:09,528 [bcb704dc-2543-42a4-8762-cde039a55a99@group-6B7863180474:LeaderElection203] INFO  server.RaftServerConfigKeys (ConfUtils.java:logGet(43)) - raft.server.watch.timeout.denomination = 1s (default)
2019-09-26 15:39:09,223 [bcb704dc-2543-42a4-8762-cde039a55a99@group-F6F6A7BDA922:LeaderElection213] INFO  server.RaftServerConfigKeys (ConfUtils.java:logGet(43)) - raft.server.watch.timeout = 10s (default)
2019-09-26 15:39:09,223 [bcb704dc-2543-42a4-8762-cde039a55a99@group-312551D5FA7C:LeaderElection191] INFO  server.RaftServerConfigKeys (ConfUtils.java:logGet(43)) - raft.server.write.element-limit = 4096 (default)
2019-09-26 15:39:09,222 [bcb704dc-2543-42a4-8762-cde039a55a99@group-353F2047EF06:LeaderElection194] INFO  server.RaftServerConfigKeys (ConfUtils.java:logGet(43)) - raft.server.watch.timeout = 10s (default)
2019-09-26 15:39:09,222 [bcb704dc-2543-42a4-8762-cde039a55a99@group-4E34C6955B17:LeaderElection204] INFO  server.RaftServerConfigKeys (ConfUtils.java:logGet(43)) - raft.server.watch.timeout = 10s (default)
2019-09-26 15:39:09,222 [bcb704dc-2543-42a4-8762-cde039a55a99@group-DA2C5CB8BB65:LeaderElection189] INFO  server.RaftServerConfigKeys (ConfUtils.java:logGet(43)) - raft.server.watch.timeout.denomination = 1s (default)
2019-09-26 15:39:09,529 [bcb704dc-2543-42a4-8762-cde039a55a99@group-DA2C5CB8BB65:LeaderElection189] INFO  server.RaftServerConfigKeys (ConfUtils.java:logGet(43)) - raft.server.watch.element-limit = 65536 (default)
2019-09-26 15:39:09,222 [bcb704dc-2543-42a4-8762-cde039a55a99@group-7C568138CBDB:LeaderElection188] INFO  server.RaftServerConfigKeys (ConfUtils.java:logGet(43)) - raft.server.watch.timeout.denomination = 1s (default)
2019-09-26 15:39:09,529 [bcb704dc-2543-42a4-8762-cde039a55a99@group-7C568138CBDB:LeaderElection188] INFO  server.RaftServerConfigKeys (ConfUtils.java:logGet(43)) - raft.server.watch.element-limit = 65536 (default)
2019-09-26 15:39:09,222 [bcb704dc-2543-42a4-8762-cde039a55a99@group-9CAC7CB13E97:LeaderElection216] INFO  impl.RoleInfo (RoleInfo.java:shutdownLeaderElection(134)) - bcb704dc-2543-42a4-8762-cde039a55a99: shutdown LeaderElection
2019-09-26 15:39:09,222 [bcb704dc-2543-42a4-8762-cde039a55a99@group-2D09A842301B:LeaderElection206] INFO  server.RaftServerConfigKeys (ConfUtils.java:logGet(43)) - raft.server.write.element-limit = 4096 (default)
2019-09-26 15:39:09,222 [bcb704dc-2543-42a4-8762-cde039a55a99@group-C84E1EDDFBB1:LeaderElection197] INFO  server.RaftServerConfigKeys (ConfUtils.java:logGet(43)) - raft.server.watch.element-limit = 65536 (default)
2019-09-26 15:39:09,221 [bcb704dc-2543-42a4-8762-cde039a55a99@group-A0C5D2D9FA46:LeaderElection190] INFO  server.RaftServerConfigKeys (ConfUtils.java:logGet(43)) - raft.server.watch.element-limit = 65536 (default)
2019-09-26 15:39:09,221 [bcb704dc-2543-42a4-8762-cde039a55a99@group-E184EC457834:LeaderElection205] INFO  server.RaftServerConfigKeys (ConfUtils.java:logGet(43)) - raft.server.watch.element-limit = 65536 (default)
2019-09-26 15:39:09,221 [bcb704dc-2543-42a4-8762-cde039a55a99@group-4B884EBB2E10:LeaderElection195] INFO  server.RaftServerConfigKeys (ConfUtils.java:logGet(43)) - raft.server.watch.timeout.denomination = 1s (default)
2019-09-26 15:39:09,530 [bcb704dc-2543-42a4-8762-cde039a55a99@group-4B884EBB2E10:LeaderElection195] INFO  server.RaftServerConfigKeys (ConfUtils.java:logGet(43)) - raft.server.watch.element-limit = 65536 (default)
2019-09-26 15:39:09,221 [bcb704dc-2543-42a4-8762-cde039a55a99@group-82088539EA4F:LeaderElection186] INFO  server.RaftServerConfigKeys (ConfUtils.java:logGet(43)) - raft.server.watch.timeout.denomination = 1s (default)
2019-09-26 15:39:09,220 [bcb704dc-2543-42a4-8762-cde039a55a99@group-A09E01A06194:LeaderElection202] INFO  server.RaftServerConfigKeys (ConfUtils.java:logGet(43)) - raft.server.watch.element-limit = 65536 (default)
2019-09-26 15:39:09,220 [bcb704dc-2543-42a4-8762-cde039a55a99@group-763AB41DED64-SegmentedRaftLogWorker] INFO  util.JmxRegister (JmxRegister.java:unregister(73)) - Successfully un-registered JMX Bean with object name Ratis:service=RaftServer,group=group-763AB41DED64,id=bcb704dc-2543-42a4-8762-cde039a55a99
2019-09-26 15:39:09,531 [bcb704dc-2543-42a4-8762-cde039a55a99@group-763AB41DED64-SegmentedRaftLogWorker] INFO  impl.RoleInfo (RoleInfo.java:shutdownLeaderState(104)) - bcb704dc-2543-42a4-8762-cde039a55a99: shutdown LeaderState
2019-09-26 15:39:09,219 [bcb704dc-2543-42a4-8762-cde039a55a99@group-165F9EB473BC-SegmentedRaftLogWorker] INFO  util.JmxRegister (JmxRegister.java:unregister(73)) - Successfully un-registered JMX Bean with object name Ratis:service=RaftServer,group=group-165F9EB473BC,id=bcb704dc-2543-42a4-8762-cde039a55a99
2019-09-26 15:39:09,531 [bcb704dc-2543-42a4-8762-cde039a55a99@group-165F9EB473BC-SegmentedRaftLogWorker] INFO  impl.RoleInfo (RoleInfo.java:shutdownLeaderState(104)) - bcb704dc-2543-42a4-8762-cde039a55a99: shutdown LeaderState
2019-09-26 15:39:09,219 [bcb704dc-2543-42a4-8762-cde039a55a99@group-B04EACC30477:LeaderElection193] INFO  server.RaftServerConfigKeys (ConfUtils.java:logGet(43)) - raft.server.watch.timeout = 10s (default)
2019-09-26 15:39:09,532 [bcb704dc-2543-42a4-8762-cde039a55a99@group-B04EACC30477:LeaderElection193] INFO  server.RaftServerConfigKeys (ConfUtils.java:logGet(43)) - raft.server.watch.timeout.denomination = 1s (default)
2019-09-26 15:39:09,219 [bcb704dc-2543-42a4-8762-cde039a55a99@group-23B603725A20:LeaderElection187] INFO  server.RaftServerConfigKeys (ConfUtils.java:logGet(43)) - raft.server.write.element-limit = 4096 (default)
2019-09-26 15:39:09,219 [bcb704dc-2543-42a4-8762-cde039a55a99@group-D0D77289265A-SegmentedRaftLogWorker] INFO  segmented.SegmentedRaftLogWorker (SegmentedRaftLogWorker.java:close(228)) - bcb704dc-2543-42a4-8762-cde039a55a99@group-D0D77289265A-SegmentedRaftLogWorker close()
2019-09-26 15:39:09,218 [bcb704dc-2543-42a4-8762-cde039a55a99@group-6D85AD78C566:LeaderElection217] INFO  impl.RaftServerImpl (RaftServerImpl.java:setRole(174)) - bcb704dc-2543-42a4-8762-cde039a55a99@group-6D85AD78C566: changes role from CANDIDATE to LEADER at term 1 for changeToLeader
2019-09-26 15:39:09,207 [Thread-2171] INFO  impl.FollowerState (FollowerState.java:run(106)) - bcb704dc-2543-42a4-8762-cde039a55a99:group-05AF4C6C8552 changes to CANDIDATE, lastRpcTime:10769, electionTimeout:5012ms
2019-09-26 15:39:08,990 [Thread-2414] INFO  impl.RaftServerImpl (RaftServerImpl.java:setRole(174)) - bcb704dc-2543-42a4-8762-cde039a55a99@group-071C3AE303E0: changes role from  FOLLOWER to CANDIDATE at term 0 for changeToCandidate
2019-09-26 15:39:08,990 [bcb704dc-2543-42a4-8762-cde039a55a99@group-008535A2A097:LeaderElection185] INFO  server.RaftServerConfigKeys (ConfUtils.java:logGet(43)) - raft.server.watch.timeout = 10s (default)
2019-09-26 15:39:08,989 [bcb704dc-2543-42a4-8762-cde039a55a99@group-E9033DA04B7D:LeaderElection200] INFO  server.RaftServerConfigKeys (ConfUtils.java:logGet(43)) - raft.server.write.element-limit = 4096 (default)
2019-09-26 15:39:08,989 [bcb704dc-2543-42a4-8762-cde039a55a99@group-8C4E846757B0:LeaderElection201] INFO  server.RaftServerConfigKeys (ConfUtils.java:logGet(43)) - raft.server.watch.timeout = 10s (default)
2019-09-26 15:39:08,655 [bcb704dc-2543-42a4-8762-cde039a55a99@group-19733DFA91CE:LeaderElection212] INFO  server.RaftServerConfigKeys (ConfUtils.java:logGet(43)) - raft.server.watch.timeout = 10s (default)
2019-09-26 15:39:08,980 [bcb704dc-2543-42a4-8762-cde039a55a99@group-AD2BD46986A8-SegmentedRaftLogWorker] ERROR segmented.SegmentedRaftLogWorker (SegmentedRaftLogWorker.java:run(323)) - bcb704dc-2543-42a4-8762-cde039a55a99@group-AD2BD46986A8-SegmentedRaftLogWorker hit exception
java.lang.OutOfMemoryError: Direct buffer memory
	at java.nio.Bits.reserveMemory(Bits.java:666)
	at java.nio.DirectByteBuffer.<init>(DirectByteBuffer.java:123)
	at java.nio.ByteBuffer.allocateDirect(ByteBuffer.java:311)
	at org.apache.ratis.server.raftlog.segmented.BufferedWriteChannel.<init>(BufferedWriteChannel.java:41)
	at org.apache.ratis.server.raftlog.segmented.SegmentedRaftLogOutputStream.<init>(SegmentedRaftLogOutputStream.java:72)
	at org.apache.ratis.server.raftlog.segmented.SegmentedRaftLogWorker$StartLogSegment.execute(SegmentedRaftLogWorker.java:566)
	at org.apache.ratis.server.raftlog.segmented.SegmentedRaftLogWorker.run(SegmentedRaftLogWorker.java:289)
	at java.lang.Thread.run(Thread.java:748)
2019-09-26 15:39:09,533 [bcb704dc-2543-42a4-8762-cde039a55a99@group-AD2BD46986A8-SegmentedRaftLogWorker] INFO  impl.RaftServerImpl (RaftServerImpl.java:lambda$shutdown$3(251)) - bcb704dc-2543-42a4-8762-cde039a55a99@group-AD2BD46986A8: shutdown
2019-09-26 15:39:08,654 [bcb704dc-2543-42a4-8762-cde039a55a99@group-CDE0182ACA4A:LeaderElection169] INFO  impl.RaftServerImpl (ServerState.java:setRaftConf(354)) - bcb704dc-2543-42a4-8762-cde039a55a99@group-CDE0182ACA4A: set configuration 0: [bcb704dc-2543-42a4-8762-cde039a55a99:192.168.151.99:43663], old=null at 0
2019-09-26 15:39:08,654 [bcb704dc-2543-42a4-8762-cde039a55a99@group-CAD346B564AD-SegmentedRaftLogWorker] ERROR segmented.SegmentedRaftLogWorker (SegmentedRaftLogWorker.java:run(323)) - bcb704dc-2543-42a4-8762-cde039a55a99@group-CAD346B564AD-SegmentedRaftLogWorker hit exception
java.lang.OutOfMemoryError: Direct buffer memory
	at java.nio.Bits.reserveMemory(Bits.java:666)
	at java.nio.DirectByteBuffer.<init>(DirectByteBuffer.java:123)
	at java.nio.ByteBuffer.allocateDirect(ByteBuffer.java:311)
	at org.apache.ratis.server.raftlog.segmented.BufferedWriteChannel.<init>(BufferedWriteChannel.java:41)
	at org.apache.ratis.server.raftlog.segmented.SegmentedRaftLogOutputStream.<init>(SegmentedRaftLogOutputStream.java:72)
	at org.apache.ratis.server.raftlog.segmented.SegmentedRaftLogWorker$StartLogSegment.execute(SegmentedRaftLogWorker.java:566)
	at org.apache.ratis.server.raftlog.segmented.SegmentedRaftLogWorker.run(SegmentedRaftLogWorker.java:289)
	at java.lang.Thread.run(Thread.java:748)
2019-09-26 15:39:09,534 [bcb704dc-2543-42a4-8762-cde039a55a99@group-CAD346B564AD-SegmentedRaftLogWorker] INFO  impl.RaftServerImpl (RaftServerImpl.java:lambda$shutdown$3(251)) - bcb704dc-2543-42a4-8762-cde039a55a99@group-CAD346B564AD: shutdown
2019-09-26 15:39:08,646 [Thread-2129] INFO  impl.FollowerState (FollowerState.java:run(106)) - bcb704dc-2543-42a4-8762-cde039a55a99:group-5371FDF97722 changes to CANDIDATE, lastRpcTime:10715, electionTimeout:5079ms
2019-09-26 15:39:08,646 [Thread-2135] INFO  impl.FollowerState (FollowerState.java:run(106)) - bcb704dc-2543-42a4-8762-cde039a55a99:group-48CD8DAE77F3 changes to CANDIDATE, lastRpcTime:10645, electionTimeout:5090ms
2019-09-26 15:39:08,645 [Thread-2132] INFO  impl.FollowerState (FollowerState.java:run(106)) - bcb704dc-2543-42a4-8762-cde039a55a99:group-B76F64AA196D changes to CANDIDATE, lastRpcTime:10694, electionTimeout:5110ms
2019-09-26 15:39:08,644 [Thread-2126] INFO  impl.FollowerState (FollowerState.java:run(106)) - bcb704dc-2543-42a4-8762-cde039a55a99:group-71464DC03AA1 changes to CANDIDATE, lastRpcTime:10743, electionTimeout:5130ms
2019-09-26 15:39:09,535 [bcb704dc-2543-42a4-8762-cde039a55a99@group-CAD346B564AD-SegmentedRaftLogWorker] INFO  util.JmxRegister (JmxRegister.java:unregister(73)) - Successfully un-registered JMX Bean with object name Ratis:service=RaftServer,group=group-CAD346B564AD,id=bcb704dc-2543-42a4-8762-cde039a55a99
2019-09-26 15:39:08,642 [Thread-2123] INFO  impl.FollowerState (FollowerState.java:run(106)) - bcb704dc-2543-42a4-8762-cde039a55a99:group-757F8E04E3F8 changes to CANDIDATE, lastRpcTime:10781, electionTimeout:5189ms
2019-09-26 15:39:09,535 [Thread-2126] INFO  impl.RoleInfo (RoleInfo.java:shutdownFollowerState(121)) - bcb704dc-2543-42a4-8762-cde039a55a99: shutdown FollowerState
2019-09-26 15:39:08,332 [bcb704dc-2543-42a4-8762-cde039a55a99@group-E41E9E7B90A5:LeaderElection183] INFO  impl.RaftServerImpl (ServerState.java:setRaftConf(354)) - bcb704dc-2543-42a4-8762-cde039a55a99@group-E41E9E7B90A5: set configuration 0: [bcb704dc-2543-42a4-8762-cde039a55a99:192.168.151.99:43663], old=null at 0
2019-09-26 15:39:08,332 [bcb704dc-2543-42a4-8762-cde039a55a99@group-1807F0C4354B:LeaderElection215] INFO  impl.RaftServerImpl (RaftServerImpl.java:setRole(174)) - bcb704dc-2543-42a4-8762-cde039a55a99@group-1807F0C4354B: changes role from CANDIDATE to LEADER at term 1 for changeToLeader
2019-09-26 15:39:09,535 [bcb704dc-2543-42a4-8762-cde039a55a99@group-1807F0C4354B:LeaderElection215] INFO  impl.RaftServerImpl (ServerState.java:setLeader(253)) - bcb704dc-2543-42a4-8762-cde039a55a99@group-1807F0C4354B: change Leader from null to bcb704dc-2543-42a4-8762-cde039a55a99 at term 1 for becomeLeader, leader elected after 9588ms
2019-09-26 15:39:08,332 [bcb704dc-2543-42a4-8762-cde039a55a99@group-0DF8239C052C:LeaderElection218] INFO  impl.RaftServerImpl (ServerState.java:setLeader(253)) - bcb704dc-2543-42a4-8762-cde039a55a99@group-0DF8239C052C: change Leader from null to bcb704dc-2543-42a4-8762-cde039a55a99 at term 1 for becomeLeader, leader elected after 8647ms
2019-09-26 15:39:08,331 [bcb704dc-2543-42a4-8762-cde039a55a99@group-19297E754D09:LeaderElection214] INFO  impl.RaftServerImpl (ServerState.java:setLeader(253)) - bcb704dc-2543-42a4-8762-cde039a55a99@group-19297E754D09: change Leader from null to bcb704dc-2543-42a4-8762-cde039a55a99 at term 1 for becomeLeader, leader elected after 8107ms
2019-09-26 15:39:08,331 [pool-123-thread-1] INFO  server.RaftServerConfigKeys (ConfUtils.java:logGet(43)) - raft.server.notification.no-leader.timeout = 120s (custom)
2019-09-26 15:39:08,331 [Thread-2395] INFO  impl.RaftServerImpl (RaftServerImpl.java:setRole(174)) - bcb704dc-2543-42a4-8762-cde039a55a99@group-42E764F99F92: changes role from  FOLLOWER to CANDIDATE at term 0 for changeToCandidate
2019-09-26 15:39:08,331 [Thread-2390] INFO  impl.RoleInfo (RoleInfo.java:updateAndGet(143)) - bcb704dc-2543-42a4-8762-cde039a55a99: start LeaderElection
2019-09-26 15:39:08,330 [Thread-2409] INFO  impl.RaftServerImpl (RaftServerImpl.java:setRole(174)) - bcb704dc-2543-42a4-8762-cde039a55a99@group-42C57E31B95C: changes role from  FOLLOWER to CANDIDATE at term 0 for changeToCandidate
2019-09-26 15:39:08,330 [bcb704dc-2543-42a4-8762-cde039a55a99@group-DC10FFC207EF-SegmentedRaftLogWorker] INFO  impl.PendingRequests (PendingRequests.java:sendNotLeaderResponses(202)) - bcb704dc-2543-42a4-8762-cde039a55a99-PendingRequests: sendNotLeaderResponses
2019-09-26 15:39:08,330 [Thread-2400] INFO  impl.RoleInfo (RoleInfo.java:updateAndGet(143)) - bcb704dc-2543-42a4-8762-cde039a55a99: start LeaderElection
2019-09-26 15:39:08,330 [bcb704dc-2543-42a4-8762-cde039a55a99@group-0A32BFDC6864:LeaderElection199] INFO  server.RaftServerConfigKeys (ConfUtils.java:logGet(43)) - raft.server.write.element-limit = 4096 (default)
2019-09-26 15:39:08,329 [bcb704dc-2543-42a4-8762-cde039a55a99@group-4786CBF0DBEA:LeaderElection198] INFO  server.RaftServerConfigKeys (ConfUtils.java:logGet(43)) - raft.server.watch.timeout = 10s (default)
2019-09-26 15:39:08,329 [Thread-1996] INFO  impl.RoleInfo (RoleInfo.java:shutdownFollowerState(121)) - bcb704dc-2543-42a4-8762-cde039a55a99: shutdown FollowerState
2019-09-26 15:39:08,329 [bcb704dc-2543-42a4-8762-cde039a55a99@group-BE5CDE6B6C20-SegmentedRaftLogWorker] INFO  util.JmxRegister (JmxRegister.java:unregister(73)) - Successfully un-registered JMX Bean with object name Ratis:service=RaftServer,group=group-BE5CDE6B6C20,id=bcb704dc-2543-42a4-8762-cde039a55a99
2019-09-26 15:39:08,090 [bcb704dc-2543-42a4-8762-cde039a55a99@group-FF44B23A8D1F:LeaderElection178] INFO  impl.RaftServerImpl (ServerState.java:setRaftConf(354)) - bcb704dc-2543-42a4-8762-cde039a55a99@group-FF44B23A8D1F: set configuration 0: [bcb704dc-2543-42a4-8762-cde039a55a99:192.168.151.99:43663], old=null at 0
2019-09-26 15:39:08,090 [Thread-2063] INFO  impl.RoleInfo (RoleInfo.java:shutdownFollowerState(121)) - bcb704dc-2543-42a4-8762-cde039a55a99: shutdown FollowerState
2019-09-26 15:39:08,089 [Thread-2011] INFO  impl.RoleInfo (RoleInfo.java:shutdownFollowerState(121)) - bcb704dc-2543-42a4-8762-cde039a55a99: shutdown FollowerState
2019-09-26 15:39:07,797 [bcb704dc-2543-42a4-8762-cde039a55a99@group-0B9A04D0016D:LeaderElection175] INFO  impl.RaftServerImpl (ServerState.java:setRaftConf(354)) - bcb704dc-2543-42a4-8762-cde039a55a99@group-0B9A04D0016D: set configuration 0: [bcb704dc-2543-42a4-8762-cde039a55a99:192.168.151.99:43663], old=null at 0
2019-09-26 15:39:08,089 [bcb704dc-2543-42a4-8762-cde039a55a99@group-B2A28DABB48B:LeaderElection219] INFO  impl.LeaderElection (LeaderElection.java:askForVotes(182)) - bcb704dc-2543-42a4-8762-cde039a55a99@group-B2A28DABB48B:LeaderElection219: begin an election at term 1 for -1: [bcb704dc-2543-42a4-8762-cde039a55a99:192.168.151.99:43663], old=null
2019-09-26 15:39:08,089 [bcb704dc-2543-42a4-8762-cde039a55a99@group-4B85105F5536:LeaderElection220] INFO  impl.LeaderElection (LeaderElection.java:askForVotes(182)) - bcb704dc-2543-42a4-8762-cde039a55a99@group-4B85105F5536:LeaderElection220: begin an election at term 1 for -1: [bcb704dc-2543-42a4-8762-cde039a55a99:192.168.151.99:43663], old=null
2019-09-26 15:39:08,075 [Thread-2087] INFO  impl.FollowerState (FollowerState.java:run(106)) - bcb704dc-2543-42a4-8762-cde039a55a99:group-F96E5E74ED10 changes to CANDIDATE, lastRpcTime:10597, electionTimeout:5054ms
2019-09-26 15:39:08,074 [Thread-2090] INFO  impl.FollowerState (FollowerState.java:run(106)) - bcb704dc-2543-42a4-8762-cde039a55a99:group-708F9F8A739D changes to CANDIDATE, lastRpcTime:10559, electionTimeout:5072ms
2019-09-26 15:39:08,073 [bcb704dc-2543-42a4-8762-cde039a55a99@group-D3FDF48AE4AA-SegmentedRaftLogWorker] ERROR segmented.SegmentedRaftLogWorker (SegmentedRaftLogWorker.java:run(323)) - bcb704dc-2543-42a4-8762-cde039a55a99@group-D3FDF48AE4AA-SegmentedRaftLogWorker hit exception
java.lang.OutOfMemoryError: Direct buffer memory
	at java.nio.Bits.reserveMemory(Bits.java:666)
	at java.nio.DirectByteBuffer.<init>(DirectByteBuffer.java:123)
	at java.nio.ByteBuffer.allocateDirect(ByteBuffer.java:311)
	at org.apache.ratis.server.raftlog.segmented.BufferedWriteChannel.<init>(BufferedWriteChannel.java:41)
	at org.apache.ratis.server.raftlog.segmented.SegmentedRaftLogOutputStream.<init>(SegmentedRaftLogOutputStream.java:72)
	at org.apache.ratis.server.raftlog.segmented.SegmentedRaftLogWorker$StartLogSegment.execute(SegmentedRaftLogWorker.java:566)
	at org.apache.ratis.server.raftlog.segmented.SegmentedRaftLogWorker.run(SegmentedRaftLogWorker.java:289)
	at java.lang.Thread.run(Thread.java:748)
2019-09-26 15:39:09,539 [bcb704dc-2543-42a4-8762-cde039a55a99@group-D3FDF48AE4AA-SegmentedRaftLogWorker] INFO  impl.RaftServerImpl (RaftServerImpl.java:lambda$shutdown$3(251)) - bcb704dc-2543-42a4-8762-cde039a55a99@group-D3FDF48AE4AA: shutdown
2019-09-26 15:39:07,797 [Thread-2026] INFO  impl.RoleInfo (RoleInfo.java:shutdownFollowerState(121)) - bcb704dc-2543-42a4-8762-cde039a55a99: shutdown FollowerState
2019-09-26 15:39:07,797 [bcb704dc-2543-42a4-8762-cde039a55a99@group-A778D7837BC2:LeaderElection192] INFO  server.RaftServerConfigKeys (ConfUtils.java:logGet(43)) - raft.server.watch.timeout.denomination = 1s (default)
2019-09-26 15:39:07,797 [Thread-2020] INFO  impl.RoleInfo (RoleInfo.java:shutdownFollowerState(121)) - bcb704dc-2543-42a4-8762-cde039a55a99: shutdown FollowerState
2019-09-26 15:39:09,539 [Thread-2020] INFO  impl.RaftServerImpl (RaftServerImpl.java:setRole(174)) - bcb704dc-2543-42a4-8762-cde039a55a99@group-4D04F2324D2E: changes role from  FOLLOWER to CANDIDATE at term 0 for changeToCandidate
2019-09-26 15:39:07,796 [bcb704dc-2543-42a4-8762-cde039a55a99@group-DEDDB087FD78-SegmentedRaftLogWorker] INFO  impl.RaftServerImpl (RaftServerImpl.java:lambda$shutdown$3(251)) - bcb704dc-2543-42a4-8762-cde039a55a99@group-DEDDB087FD78: shutdown
2019-09-26 15:39:07,796 [Thread-2023] INFO  impl.RoleInfo (RoleInfo.java:shutdownFollowerState(121)) - bcb704dc-2543-42a4-8762-cde039a55a99: shutdown FollowerState
2019-09-26 15:39:07,796 [Thread-2051] INFO  impl.RoleInfo (RoleInfo.java:shutdownFollowerState(121)) - bcb704dc-2543-42a4-8762-cde039a55a99: shutdown FollowerState
2019-09-26 15:39:07,796 [Thread-2008] INFO  impl.RoleInfo (RoleInfo.java:shutdownFollowerState(121)) - bcb704dc-2543-42a4-8762-cde039a55a99: shutdown FollowerState
2019-09-26 15:39:07,795 [Thread-2041] INFO  impl.RoleInfo (RoleInfo.java:shutdownFollowerState(121)) - bcb704dc-2543-42a4-8762-cde039a55a99: shutdown FollowerState
2019-09-26 15:39:07,795 [Thread-2069] INFO  impl.RoleInfo (RoleInfo.java:shutdownFollowerState(121)) - bcb704dc-2543-42a4-8762-cde039a55a99: shutdown FollowerState
2019-09-26 15:39:07,795 [Thread-2032] INFO  impl.RoleInfo (RoleInfo.java:shutdownFollowerState(121)) - bcb704dc-2543-42a4-8762-cde039a55a99: shutdown FollowerState
2019-09-26 15:39:07,795 [Thread-2017] INFO  impl.RoleInfo (RoleInfo.java:shutdownFollowerState(121)) - bcb704dc-2543-42a4-8762-cde039a55a99: shutdown FollowerState
2019-09-26 15:39:09,541 [Thread-2017] INFO  impl.RaftServerImpl (RaftServerImpl.java:setRole(174)) - bcb704dc-2543-42a4-8762-cde039a55a99@group-8891CF406B17: changes role from  FOLLOWER to CANDIDATE at term 0 for changeToCandidate
2019-09-26 15:39:07,795 [Thread-2038] INFO  impl.RoleInfo (RoleInfo.java:shutdownFollowerState(121)) - bcb704dc-2543-42a4-8762-cde039a55a99: shutdown FollowerState
2019-09-26 15:39:09,541 [Thread-2038] INFO  impl.RaftServerImpl (RaftServerImpl.java:setRole(174)) - bcb704dc-2543-42a4-8762-cde039a55a99@group-4B788DE994AB: changes role from  FOLLOWER to CANDIDATE at term 0 for changeToCandidate
2019-09-26 15:39:07,795 [Thread-2047] INFO  impl.RaftServerImpl (RaftServerImpl.java:setRole(174)) - bcb704dc-2543-42a4-8762-cde039a55a99@group-CD5767121D26: changes role from  FOLLOWER to CANDIDATE at term 0 for changeToCandidate
2019-09-26 15:39:07,795 [Thread-2429] INFO  impl.RoleInfo (RoleInfo.java:shutdownFollowerState(121)) - bcb704dc-2543-42a4-8762-cde039a55a99: shutdown FollowerState
2019-09-26 15:39:07,794 [Thread-2066] INFO  impl.RaftServerImpl (RaftServerImpl.java:setRole(174)) - bcb704dc-2543-42a4-8762-cde039a55a99@group-69BB3C0B63D8: changes role from  FOLLOWER to CANDIDATE at term 0 for changeToCandidate
2019-09-26 15:39:07,794 [Thread-2060] INFO  impl.RoleInfo (RoleInfo.java:shutdownFollowerState(121)) - bcb704dc-2543-42a4-8762-cde039a55a99: shutdown FollowerState
2019-09-26 15:39:07,794 [Thread-2005] INFO  impl.RoleInfo (RoleInfo.java:shutdownFollowerState(121)) - bcb704dc-2543-42a4-8762-cde039a55a99: shutdown FollowerState
2019-09-26 15:39:07,794 [Thread-1999] INFO  impl.RoleInfo (RoleInfo.java:shutdownFollowerState(121)) - bcb704dc-2543-42a4-8762-cde039a55a99: shutdown FollowerState
2019-09-26 15:39:09,542 [Thread-1999] INFO  impl.RaftServerImpl (RaftServerImpl.java:setRole(174)) - bcb704dc-2543-42a4-8762-cde039a55a99@group-617888AA4A51: changes role from  FOLLOWER to CANDIDATE at term 0 for changeToCandidate
2019-09-26 15:39:07,794 [Thread-2029] INFO  impl.RoleInfo (RoleInfo.java:shutdownFollowerState(121)) - bcb704dc-2543-42a4-8762-cde039a55a99: shutdown FollowerState
2019-09-26 15:39:07,794 [Thread-2044] INFO  impl.RoleInfo (RoleInfo.java:shutdownFollowerState(121)) - bcb704dc-2543-42a4-8762-cde039a55a99: shutdown FollowerState
2019-09-26 15:39:07,794 [Thread-1993] INFO  impl.RoleInfo (RoleInfo.java:shutdownFollowerState(121)) - bcb704dc-2543-42a4-8762-cde039a55a99: shutdown FollowerState
2019-09-26 15:39:09,542 [Thread-1993] INFO  impl.RaftServerImpl (RaftServerImpl.java:setRole(174)) - bcb704dc-2543-42a4-8762-cde039a55a99@group-3CAB2E070FFD: changes role from  FOLLOWER to CANDIDATE at term 0 for changeToCandidate
2019-09-26 15:39:07,794 [Thread-2014] INFO  impl.RoleInfo (RoleInfo.java:shutdownFollowerState(121)) - bcb704dc-2543-42a4-8762-cde039a55a99: shutdown FollowerState
2019-09-26 15:39:09,542 [Thread-2014] INFO  impl.RaftServerImpl (RaftServerImpl.java:setRole(174)) - bcb704dc-2543-42a4-8762-cde039a55a99@group-7CACD3A2D96D: changes role from  FOLLOWER to CANDIDATE at term 0 for changeToCandidate
2019-09-26 15:39:07,794 [Thread-2035] INFO  impl.RoleInfo (RoleInfo.java:shutdownFollowerState(121)) - bcb704dc-2543-42a4-8762-cde039a55a99: shutdown FollowerState
2019-09-26 15:39:07,793 [Thread-2002] INFO  impl.RaftServerImpl (RaftServerImpl.java:setRole(174)) - bcb704dc-2543-42a4-8762-cde039a55a99@group-99D974920299: changes role from  FOLLOWER to CANDIDATE at term 0 for changeToCandidate
2019-09-26 15:39:07,793 [RATISCREATEPIPELINE1] ERROR pipeline.RatisPipelineProvider (RatisPipelineProvider.java:lambda$null$2(175)) - Failed invoke Ratis rpc org.apache.hadoop.hdds.scm.pipeline.RatisPipelineProvider$$Lambda$169/12083785@46bccbab for bcb704dc-2543-42a4-8762-cde039a55a99
org.apache.ratis.protocol.TimeoutIOException: deadline exceeded after 2999824820ns
	at org.apache.ratis.grpc.GrpcUtil.tryUnwrapException(GrpcUtil.java:82)
	at org.apache.ratis.grpc.GrpcUtil.unwrapException(GrpcUtil.java:75)
	at org.apache.ratis.grpc.client.GrpcClientProtocolClient.blockingCall(GrpcClientProtocolClient.java:178)
	at org.apache.ratis.grpc.client.GrpcClientProtocolClient.groupAdd(GrpcClientProtocolClient.java:147)
	at org.apache.ratis.grpc.client.GrpcClientRpc.sendRequest(GrpcClientRpc.java:94)
	at org.apache.ratis.client.impl.RaftClientImpl.sendRequest(RaftClientImpl.java:278)
	at org.apache.ratis.client.impl.RaftClientImpl.groupAdd(RaftClientImpl.java:205)
	at org.apache.hadoop.hdds.scm.pipeline.RatisPipelineProvider.lambda$initializePipeline$1(RatisPipelineProvider.java:136)
	at org.apache.hadoop.hdds.scm.pipeline.RatisPipelineProvider.lambda$null$2(RatisPipelineProvider.java:171)
	at java.util.stream.ForEachOps$ForEachOp$OfRef.accept(ForEachOps.java:184)
	at java.util.ArrayList$ArrayListSpliterator.forEachRemaining(ArrayList.java:1382)
	at java.util.stream.AbstractPipeline.copyInto(AbstractPipeline.java:482)
	at java.util.stream.ForEachOps$ForEachTask.compute(ForEachOps.java:291)
	at java.util.concurrent.CountedCompleter.exec(CountedCompleter.java:731)
	at java.util.concurrent.ForkJoinTask.doExec(ForkJoinTask.java:289)
	at java.util.concurrent.ForkJoinTask.doInvoke(ForkJoinTask.java:401)
	at java.util.concurrent.ForkJoinTask.invoke(ForkJoinTask.java:734)
	at java.util.stream.ForEachOps$ForEachOp.evaluateParallel(ForEachOps.java:160)
	at java.util.stream.ForEachOps$ForEachOp$OfRef.evaluateParallel(ForEachOps.java:174)
	at java.util.stream.AbstractPipeline.evaluate(AbstractPipeline.java:233)
	at java.util.stream.ReferencePipeline.forEach(ReferencePipeline.java:418)
	at java.util.stream.ReferencePipeline$Head.forEach(ReferencePipeline.java:583)
	at org.apache.hadoop.hdds.scm.pipeline.RatisPipelineProvider.lambda$callRatisRpc$3(RatisPipelineProvider.java:165)
	at java.util.concurrent.ForkJoinTask$AdaptedRunnableAction.exec(ForkJoinTask.java:1386)
	at java.util.concurrent.ForkJoinTask.doExec(ForkJoinTask.java:289)
	at java.util.concurrent.ForkJoinPool$WorkQueue.runTask(ForkJoinPool.java:1056)
	at java.util.concurrent.ForkJoinPool.runWorker(ForkJoinPool.java:1692)
	at java.util.concurrent.ForkJoinWorkerThread.run(ForkJoinWorkerThread.java:157)
Caused by: org.apache.ratis.thirdparty.io.grpc.StatusRuntimeException: DEADLINE_EXCEEDED: deadline exceeded after 2999824820ns
	at org.apache.ratis.thirdparty.io.grpc.stub.ClientCalls.toStatusRuntimeException(ClientCalls.java:233)
	at org.apache.ratis.thirdparty.io.grpc.stub.ClientCalls.getUnchecked(ClientCalls.java:214)
	at org.apache.ratis.thirdparty.io.grpc.stub.ClientCalls.blockingUnaryCall(ClientCalls.java:139)
	at org.apache.ratis.proto.grpc.AdminProtocolServiceGrpc$AdminProtocolServiceBlockingStub.groupManagement(AdminProtocolServiceGrpc.java:274)
	at org.apache.ratis.grpc.client.GrpcClientProtocolClient.lambda$groupAdd$3(GrpcClientProtocolClient.java:149)
	at org.apache.ratis.grpc.client.GrpcClientProtocolClient.blockingCall(GrpcClientProtocolClient.java:176)
	... 25 more
2019-09-26 15:39:07,793 [Thread-2057] INFO  impl.RoleInfo (RoleInfo.java:shutdownFollowerState(121)) - bcb704dc-2543-42a4-8762-cde039a55a99: shutdown FollowerState
2019-09-26 15:39:07,793 [Thread-2054] INFO  impl.RoleInfo (RoleInfo.java:shutdownFollowerState(121)) - bcb704dc-2543-42a4-8762-cde039a55a99: shutdown FollowerState
2019-09-26 15:39:09,548 [Thread-2054] INFO  impl.RaftServerImpl (RaftServerImpl.java:setRole(174)) - bcb704dc-2543-42a4-8762-cde039a55a99@group-164137F43D5F: changes role from  FOLLOWER to CANDIDATE at term 0 for changeToCandidate
2019-09-26 15:39:07,793 [Thread-2072] INFO  impl.RoleInfo (RoleInfo.java:shutdownFollowerState(121)) - bcb704dc-2543-42a4-8762-cde039a55a99: shutdown FollowerState
2019-09-26 15:39:09,548 [Thread-2072] INFO  impl.RaftServerImpl (RaftServerImpl.java:setRole(174)) - bcb704dc-2543-42a4-8762-cde039a55a99@group-18DFCDEF3120: changes role from  FOLLOWER to CANDIDATE at term 0 for changeToCandidate
2019-09-26 15:39:07,792 [bcb704dc-2543-42a4-8762-cde039a55a99@group-81908E8BCAAC:LeaderElection221] INFO  impl.LeaderElection (LeaderElection.java:askForVotes(182)) - bcb704dc-2543-42a4-8762-cde039a55a99@group-81908E8BCAAC:LeaderElection221: begin an election at term 1 for -1: [bcb704dc-2543-42a4-8762-cde039a55a99:192.168.151.99:43663], old=null
2019-09-26 15:39:07,476 [bcb704dc-2543-42a4-8762-cde039a55a99@group-FDAD0B55B238:LeaderElection184] INFO  impl.RaftServerImpl (ServerState.java:setRaftConf(354)) - bcb704dc-2543-42a4-8762-cde039a55a99@group-FDAD0B55B238: set configuration 0: [bcb704dc-2543-42a4-8762-cde039a55a99:192.168.151.99:43663], old=null at 0
2019-09-26 15:39:09,549 [bcb704dc-2543-42a4-8762-cde039a55a99@group-81908E8BCAAC:LeaderElection221] INFO  impl.RoleInfo (RoleInfo.java:shutdownLeaderElection(134)) - bcb704dc-2543-42a4-8762-cde039a55a99: shutdown LeaderElection
2019-09-26 15:39:09,549 [Thread-2072] INFO  impl.RoleInfo (RoleInfo.java:updateAndGet(143)) - bcb704dc-2543-42a4-8762-cde039a55a99: start LeaderElection
2019-09-26 15:39:09,548 [Thread-2054] INFO  impl.RoleInfo (RoleInfo.java:updateAndGet(143)) - bcb704dc-2543-42a4-8762-cde039a55a99: start LeaderElection
2019-09-26 15:39:09,548 [Thread-2057] INFO  impl.RaftServerImpl (RaftServerImpl.java:setRole(174)) - bcb704dc-2543-42a4-8762-cde039a55a99@group-1EDFAD8639C2: changes role from  FOLLOWER to CANDIDATE at term 0 for changeToCandidate
2019-09-26 15:39:09,548 [RatisPipelineUtilsThread] ERROR pipeline.SCMPipelineManager (SCMPipelineManager.java:createPipeline(167)) - Pipeline creation failed.
java.io.IOException: Failed invoke Ratis rpc org.apache.hadoop.hdds.scm.pipeline.RatisPipelineProvider$$Lambda$169/12083785@46bccbab for bcb704dc-2543-42a4-8762-cde039a55a99
	at org.apache.hadoop.hdds.scm.pipeline.RatisPipelineProvider.lambda$null$2(RatisPipelineProvider.java:176)
	at java.util.stream.ForEachOps$ForEachOp$OfRef.accept(ForEachOps.java:184)
	at java.util.ArrayList$ArrayListSpliterator.forEachRemaining(ArrayList.java:1382)
	at java.util.stream.AbstractPipeline.copyInto(AbstractPipeline.java:482)
	at java.util.stream.ForEachOps$ForEachTask.compute(ForEachOps.java:291)
	at java.util.concurrent.CountedCompleter.exec(CountedCompleter.java:731)
	at java.util.concurrent.ForkJoinTask.doExec(ForkJoinTask.java:289)
	at java.util.concurrent.ForkJoinTask.doInvoke(ForkJoinTask.java:401)
	at java.util.concurrent.ForkJoinTask.invoke(ForkJoinTask.java:734)
	at java.util.stream.ForEachOps$ForEachOp.evaluateParallel(ForEachOps.java:160)
	at java.util.stream.ForEachOps$ForEachOp$OfRef.evaluateParallel(ForEachOps.java:174)
	at java.util.stream.AbstractPipeline.evaluate(AbstractPipeline.java:233)
	at java.util.stream.ReferencePipeline.forEach(ReferencePipeline.java:418)
	at java.util.stream.ReferencePipeline$Head.forEach(ReferencePipeline.java:583)
	at org.apache.hadoop.hdds.scm.pipeline.RatisPipelineProvider.lambda$callRatisRpc$3(RatisPipelineProvider.java:165)
	at java.util.concurrent.ForkJoinTask$AdaptedRunnableAction.exec(ForkJoinTask.java:1386)
	at java.util.concurrent.ForkJoinTask.doExec(ForkJoinTask.java:289)
	at java.util.concurrent.ForkJoinPool$WorkQueue.runTask(ForkJoinPool.java:1056)
	at java.util.concurrent.ForkJoinPool.runWorker(ForkJoinPool.java:1692)
	at java.util.concurrent.ForkJoinWorkerThread.run(ForkJoinWorkerThread.java:157)
Caused by: org.apache.ratis.protocol.TimeoutIOException: deadline exceeded after 2999824820ns
	at org.apache.ratis.grpc.GrpcUtil.tryUnwrapException(GrpcUtil.java:82)
	at org.apache.ratis.grpc.GrpcUtil.unwrapException(GrpcUtil.java:75)
	at org.apache.ratis.grpc.client.GrpcClientProtocolClient.blockingCall(GrpcClientProtocolClient.java:178)
	at org.apache.ratis.grpc.client.GrpcClientProtocolClient.groupAdd(GrpcClientProtocolClient.java:147)
	at org.apache.ratis.grpc.client.GrpcClientRpc.sendRequest(GrpcClientRpc.java:94)
	at org.apache.ratis.client.impl.RaftClientImpl.sendRequest(RaftClientImpl.java:278)
	at org.apache.ratis.client.impl.RaftClientImpl.groupAdd(RaftClientImpl.java:205)
	at org.apache.hadoop.hdds.scm.pipeline.RatisPipelineProvider.lambda$initializePipeline$1(RatisPipelineProvider.java:136)
	at org.apache.hadoop.hdds.scm.pipeline.RatisPipelineProvider.lambda$null$2(RatisPipelineProvider.java:171)
	... 19 more
Caused by: org.apache.ratis.thirdparty.io.grpc.StatusRuntimeException: DEADLINE_EXCEEDED: deadline exceeded after 2999824820ns
	at org.apache.ratis.thirdparty.io.grpc.stub.ClientCalls.toStatusRuntimeException(ClientCalls.java:233)
	at org.apache.ratis.thirdparty.io.grpc.stub.ClientCalls.getUnchecked(ClientCalls.java:214)
	at org.apache.ratis.thirdparty.io.grpc.stub.ClientCalls.blockingUnaryCall(ClientCalls.java:139)
	at org.apache.ratis.proto.grpc.AdminProtocolServiceGrpc$AdminProtocolServiceBlockingStub.groupManagement(AdminProtocolServiceGrpc.java:274)
	at org.apache.ratis.grpc.client.GrpcClientProtocolClient.lambda$groupAdd$3(GrpcClientProtocolClient.java:149)
	at org.apache.ratis.grpc.client.GrpcClientProtocolClient.blockingCall(GrpcClientProtocolClient.java:176)
	... 25 more
2019-09-26 15:39:09,543 [Thread-2002] INFO  impl.RoleInfo (RoleInfo.java:updateAndGet(143)) - bcb704dc-2543-42a4-8762-cde039a55a99: start LeaderElection
2019-09-26 15:39:09,543 [Thread-2035] INFO  impl.RaftServerImpl (RaftServerImpl.java:setRole(174)) - bcb704dc-2543-42a4-8762-cde039a55a99@group-768FFE8D3C99: changes role from  FOLLOWER to CANDIDATE at term 0 for changeToCandidate
2019-09-26 15:39:09,542 [Thread-2014] INFO  impl.RoleInfo (RoleInfo.java:updateAndGet(143)) - bcb704dc-2543-42a4-8762-cde039a55a99: start LeaderElection
2019-09-26 15:39:09,542 [Thread-1993] INFO  impl.RoleInfo (RoleInfo.java:updateAndGet(143)) - bcb704dc-2543-42a4-8762-cde039a55a99: start LeaderElection
2019-09-26 15:39:09,542 [Thread-2044] INFO  impl.RaftServerImpl (RaftServerImpl.java:setRole(174)) - bcb704dc-2543-42a4-8762-cde039a55a99@group-B25BEBFA3DA3: changes role from  FOLLOWER to CANDIDATE at term 0 for changeToCandidate
2019-09-26 15:39:09,542 [Thread-2029] INFO  impl.RaftServerImpl (RaftServerImpl.java:setRole(174)) - bcb704dc-2543-42a4-8762-cde039a55a99@group-D4B90A3E8012: changes role from  FOLLOWER to CANDIDATE at term 0 for changeToCandidate
2019-09-26 15:39:09,542 [Thread-1999] INFO  impl.RoleInfo (RoleInfo.java:updateAndGet(143)) - bcb704dc-2543-42a4-8762-cde039a55a99: start LeaderElection
2019-09-26 15:39:09,542 [bcb704dc-2543-42a4-8762-cde039a55a99@group-A09E01A06194:LeaderElection202] INFO  impl.RoleInfo (RoleInfo.java:updateAndGet(143)) - bcb704dc-2543-42a4-8762-cde039a55a99: start LeaderState
2019-09-26 15:39:09,542 [bcb704dc-2543-42a4-8762-cde039a55a99@group-4B884EBB2E10:LeaderElection195] INFO  impl.RoleInfo (RoleInfo.java:updateAndGet(143)) - bcb704dc-2543-42a4-8762-cde039a55a99: start LeaderState
2019-09-26 15:39:09,542 [Thread-2005] INFO  impl.RaftServerImpl (RaftServerImpl.java:setRole(174)) - bcb704dc-2543-42a4-8762-cde039a55a99@group-B99515D878E9: changes role from  FOLLOWER to CANDIDATE at term 0 for changeToCandidate
2019-09-26 15:39:09,551 [bcb704dc-2543-42a4-8762-cde039a55a99@group-4B884EBB2E10:LeaderElection195] INFO  segmented.SegmentedRaftLogWorker (SegmentedRaftLogWorker.java:startLogSegment(380)) - bcb704dc-2543-42a4-8762-cde039a55a99@group-4B884EBB2E10-SegmentedRaftLogWorker: Starting segment from index:0
2019-09-26 15:39:09,541 [Thread-2060] INFO  impl.RaftServerImpl (RaftServerImpl.java:setRole(174)) - bcb704dc-2543-42a4-8762-cde039a55a99@group-FFC8645E5ADC: changes role from  FOLLOWER to CANDIDATE at term 0 for changeToCandidate
2019-09-26 15:39:09,541 [Thread-2066] INFO  impl.RoleInfo (RoleInfo.java:updateAndGet(143)) - bcb704dc-2543-42a4-8762-cde039a55a99: start LeaderElection
2019-09-26 15:39:09,541 [bcb704dc-2543-42a4-8762-cde039a55a99@group-E184EC457834:LeaderElection205] INFO  impl.RoleInfo (RoleInfo.java:updateAndGet(143)) - bcb704dc-2543-42a4-8762-cde039a55a99: start LeaderState
2019-09-26 15:39:09,541 [Thread-2429] INFO  impl.RaftServerImpl (RaftServerImpl.java:setRole(174)) - bcb704dc-2543-42a4-8762-cde039a55a99@group-C4D905E4103A: changes role from  FOLLOWER to CANDIDATE at term 0 for changeToCandidate
2019-09-26 15:39:09,541 [bcb704dc-2543-42a4-8762-cde039a55a99@group-A0C5D2D9FA46:LeaderElection190] INFO  impl.RoleInfo (RoleInfo.java:updateAndGet(143)) - bcb704dc-2543-42a4-8762-cde039a55a99: start LeaderState
2019-09-26 15:39:09,541 [Thread-2047] INFO  impl.RoleInfo (RoleInfo.java:updateAndGet(143)) - bcb704dc-2543-42a4-8762-cde039a55a99: start LeaderElection
2019-09-26 15:39:09,541 [Thread-2038] INFO  impl.RoleInfo (RoleInfo.java:updateAndGet(143)) - bcb704dc-2543-42a4-8762-cde039a55a99: start LeaderElection
2019-09-26 15:39:09,541 [bcb704dc-2543-42a4-8762-cde039a55a99@group-C84E1EDDFBB1:LeaderElection197] INFO  impl.RoleInfo (RoleInfo.java:updateAndGet(143)) - bcb704dc-2543-42a4-8762-cde039a55a99: start LeaderState
2019-09-26 15:39:09,541 [Thread-2017] INFO  impl.RoleInfo (RoleInfo.java:updateAndGet(143)) - bcb704dc-2543-42a4-8762-cde039a55a99: start LeaderElection
2019-09-26 15:39:09,540 [Thread-2032] INFO  impl.RaftServerImpl (RaftServerImpl.java:setRole(174)) - bcb704dc-2543-42a4-8762-cde039a55a99@group-E216D9E11CC2: changes role from  FOLLOWER to CANDIDATE at term 0 for changeToCandidate
2019-09-26 15:39:09,540 [bcb704dc-2543-42a4-8762-cde039a55a99@group-DEDDB087FD78-SegmentedRaftLogWorker] INFO  util.JmxRegister (JmxRegister.java:unregister(73)) - Successfully un-registered JMX Bean with object name Ratis:service=RaftServer,group=group-DEDDB087FD78,id=bcb704dc-2543-42a4-8762-cde039a55a99
2019-09-26 15:39:09,540 [Thread-2069] INFO  impl.RaftServerImpl (RaftServerImpl.java:setRole(174)) - bcb704dc-2543-42a4-8762-cde039a55a99@group-C76860977E5E: changes role from  FOLLOWER to CANDIDATE at term 0 for changeToCandidate
2019-09-26 15:39:09,540 [Thread-2041] INFO  impl.RaftServerImpl (RaftServerImpl.java:setRole(174)) - bcb704dc-2543-42a4-8762-cde039a55a99@group-91004EC9A14A: changes role from  FOLLOWER to CANDIDATE at term 0 for changeToCandidate
2019-09-26 15:39:09,540 [Thread-2008] INFO  impl.RaftServerImpl (RaftServerImpl.java:setRole(174)) - bcb704dc-2543-42a4-8762-cde039a55a99@group-375D6A16F6EF: changes role from  FOLLOWER to CANDIDATE at term 0 for changeToCandidate
2019-09-26 15:39:09,540 [Thread-2051] INFO  impl.RaftServerImpl (RaftServerImpl.java:setRole(174)) - bcb704dc-2543-42a4-8762-cde039a55a99@group-BA70793E3DE7: changes role from  FOLLOWER to CANDIDATE at term 0 for changeToCandidate
2019-09-26 15:39:09,540 [Thread-2023] INFO  impl.RaftServerImpl (RaftServerImpl.java:setRole(174)) - bcb704dc-2543-42a4-8762-cde039a55a99@group-723464252EB8: changes role from  FOLLOWER to CANDIDATE at term 0 for changeToCandidate
2019-09-26 15:39:09,539 [Thread-2020] INFO  impl.RoleInfo (RoleInfo.java:updateAndGet(143)) - bcb704dc-2543-42a4-8762-cde039a55a99: start LeaderElection
2019-09-26 15:39:09,539 [bcb704dc-2543-42a4-8762-cde039a55a99@group-D3FDF48AE4AA-SegmentedRaftLogWorker] INFO  util.JmxRegister (JmxRegister.java:unregister(73)) - Successfully un-registered JMX Bean with object name Ratis:service=RaftServer,group=group-D3FDF48AE4AA,id=bcb704dc-2543-42a4-8762-cde039a55a99
2019-09-26 15:39:09,539 [bcb704dc-2543-42a4-8762-cde039a55a99@group-A778D7837BC2:LeaderElection192] INFO  server.RaftServerConfigKeys (ConfUtils.java:logGet(43)) - raft.server.watch.element-limit = 65536 (default)
2019-09-26 15:39:09,539 [Thread-2026] INFO  impl.RaftServerImpl (RaftServerImpl.java:setRole(174)) - bcb704dc-2543-42a4-8762-cde039a55a99@group-5350FED428AE: changes role from  FOLLOWER to CANDIDATE at term 0 for changeToCandidate
2019-09-26 15:39:09,539 [bcb704dc-2543-42a4-8762-cde039a55a99@group-7C568138CBDB:LeaderElection188] INFO  impl.RoleInfo (RoleInfo.java:updateAndGet(143)) - bcb704dc-2543-42a4-8762-cde039a55a99: start LeaderState
2019-09-26 15:39:09,539 [Thread-2090] INFO  impl.RoleInfo (RoleInfo.java:shutdownFollowerState(121)) - bcb704dc-2543-42a4-8762-cde039a55a99: shutdown FollowerState
2019-09-26 15:39:09,539 [Thread-2087] INFO  impl.RoleInfo (RoleInfo.java:shutdownFollowerState(121)) - bcb704dc-2543-42a4-8762-cde039a55a99: shutdown FollowerState
2019-09-26 15:39:09,538 [bcb704dc-2543-42a4-8762-cde039a55a99@group-4B85105F5536:LeaderElection220] INFO  impl.RoleInfo (RoleInfo.java:shutdownLeaderElection(134)) - bcb704dc-2543-42a4-8762-cde039a55a99: shutdown LeaderElection
2019-09-26 15:39:09,538 [bcb704dc-2543-42a4-8762-cde039a55a99@group-B2A28DABB48B:LeaderElection219] INFO  impl.RoleInfo (RoleInfo.java:shutdownLeaderElection(134)) - bcb704dc-2543-42a4-8762-cde039a55a99: shutdown LeaderElection
2019-09-26 15:39:09,538 [Thread-2011] INFO  impl.RaftServerImpl (RaftServerImpl.java:setRole(174)) - bcb704dc-2543-42a4-8762-cde039a55a99@group-BB495E0FFD8F: changes role from  FOLLOWER to CANDIDATE at term 0 for changeToCandidate
2019-09-26 15:39:09,538 [Thread-2063] INFO  impl.RaftServerImpl (RaftServerImpl.java:setRole(174)) - bcb704dc-2543-42a4-8762-cde039a55a99@group-20AC887259AF: changes role from  FOLLOWER to CANDIDATE at term 0 for changeToCandidate
2019-09-26 15:39:09,538 [bcb704dc-2543-42a4-8762-cde039a55a99@group-BE5CDE6B6C20-SegmentedRaftLogWorker] INFO  impl.RoleInfo (RoleInfo.java:shutdownLeaderState(104)) - bcb704dc-2543-42a4-8762-cde039a55a99: shutdown LeaderState
2019-09-26 15:39:09,537 [Thread-1996] INFO  impl.RaftServerImpl (RaftServerImpl.java:setRole(174)) - bcb704dc-2543-42a4-8762-cde039a55a99@group-860F4724CA86: changes role from  FOLLOWER to CANDIDATE at term 0 for changeToCandidate
2019-09-26 15:39:09,537 [bcb704dc-2543-42a4-8762-cde039a55a99@group-4786CBF0DBEA:LeaderElection198] INFO  server.RaftServerConfigKeys (ConfUtils.java:logGet(43)) - raft.server.watch.timeout.denomination = 1s (default)
2019-09-26 15:39:09,537 [bcb704dc-2543-42a4-8762-cde039a55a99@group-0A32BFDC6864:LeaderElection199] INFO  server.RaftServerConfigKeys (ConfUtils.java:logGet(43)) - raft.server.watch.timeout = 10s (default)
2019-09-26 15:39:09,537 [bcb704dc-2543-42a4-8762-cde039a55a99@group-DC10FFC207EF-SegmentedRaftLogWorker] INFO  impl.StateMachineUpdater (StateMachineUpdater.java:stopAndJoin(125)) - bcb704dc-2543-42a4-8762-cde039a55a99@group-DC10FFC207EF-StateMachineUpdater: set stopIndex = -1
2019-09-26 15:39:09,892 [bcb704dc-2543-42a4-8762-cde039a55a99@group-DC10FFC207EF-SegmentedRaftLogWorker] INFO  impl.RaftServerImpl (ServerState.java:close(385)) - bcb704dc-2543-42a4-8762-cde039a55a99@group-DC10FFC207EF: closes. applyIndex: -1
2019-09-26 15:39:09,536 [Thread-2409] INFO  impl.RoleInfo (RoleInfo.java:updateAndGet(143)) - bcb704dc-2543-42a4-8762-cde039a55a99: start LeaderElection
2019-09-26 15:39:09,892 [bcb704dc-2543-42a4-8762-cde039a55a99@group-DC10FFC207EF-SegmentedRaftLogWorker] INFO  segmented.SegmentedRaftLogWorker (SegmentedRaftLogWorker.java:close(228)) - bcb704dc-2543-42a4-8762-cde039a55a99@group-DC10FFC207EF-SegmentedRaftLogWorker close()
2019-09-26 15:39:09,536 [Thread-2395] INFO  impl.RoleInfo (RoleInfo.java:updateAndGet(143)) - bcb704dc-2543-42a4-8762-cde039a55a99: start LeaderElection
2019-09-26 15:39:09,536 [pool-123-thread-1] INFO  server.RaftServerConfigKeys (ConfUtils.java:logGet(43)) - raft.server.log.use.memory = false (default)
2019-09-26 15:39:09,536 [bcb704dc-2543-42a4-8762-cde039a55a99@group-19297E754D09:LeaderElection214] INFO  server.RaftServerConfigKeys (ConfUtils.java:logGet(43)) - raft.server.staging.catchup.gap = 1000 (default)
2019-09-26 15:39:09,536 [bcb704dc-2543-42a4-8762-cde039a55a99@group-0DF8239C052C:LeaderElection218] INFO  server.RaftServerConfigKeys (ConfUtils.java:logGet(43)) - raft.server.staging.catchup.gap = 1000 (default)
2019-09-26 15:39:09,893 [bcb704dc-2543-42a4-8762-cde039a55a99@group-0DF8239C052C:LeaderElection218] INFO  server.RaftServerConfigKeys (ConfUtils.java:logGet(43)) - raft.server.rpc.sleep.time = 25ms (default)
2019-09-26 15:39:09,536 [bcb704dc-2543-42a4-8762-cde039a55a99@group-1807F0C4354B:LeaderElection215] INFO  server.RaftServerConfigKeys (ConfUtils.java:logGet(43)) - raft.server.staging.catchup.gap = 1000 (default)
2019-09-26 15:39:09,535 [Thread-2123] INFO  impl.RoleInfo (RoleInfo.java:shutdownFollowerState(121)) - bcb704dc-2543-42a4-8762-cde039a55a99: shutdown FollowerState
2019-09-26 15:39:09,893 [Thread-2123] INFO  impl.RaftServerImpl (RaftServerImpl.java:setRole(174)) - bcb704dc-2543-42a4-8762-cde039a55a99@group-757F8E04E3F8: changes role from  FOLLOWER to CANDIDATE at term 0 for changeToCandidate
2019-09-26 15:39:09,535 [Thread-2126] INFO  impl.RaftServerImpl (RaftServerImpl.java:setRole(174)) - bcb704dc-2543-42a4-8762-cde039a55a99@group-71464DC03AA1: changes role from  FOLLOWER to CANDIDATE at term 0 for changeToCandidate
2019-09-26 15:39:09,535 [Thread-2135] INFO  impl.RoleInfo (RoleInfo.java:shutdownFollowerState(121)) - bcb704dc-2543-42a4-8762-cde039a55a99: shutdown FollowerState
2019-09-26 15:39:09,894 [Thread-2135] INFO  impl.RaftServerImpl (RaftServerImpl.java:setRole(174)) - bcb704dc-2543-42a4-8762-cde039a55a99@group-48CD8DAE77F3: changes role from  FOLLOWER to CANDIDATE at term 0 for changeToCandidate
2019-09-26 15:39:09,535 [bcb704dc-2543-42a4-8762-cde039a55a99@group-CAD346B564AD-SegmentedRaftLogWorker] INFO  impl.RoleInfo (RoleInfo.java:shutdownLeaderState(104)) - bcb704dc-2543-42a4-8762-cde039a55a99: shutdown LeaderState
2019-09-26 15:39:09,535 [Thread-2132] INFO  impl.RoleInfo (RoleInfo.java:shutdownFollowerState(121)) - bcb704dc-2543-42a4-8762-cde039a55a99: shutdown FollowerState
2019-09-26 15:39:09,894 [Thread-2132] INFO  impl.RaftServerImpl (RaftServerImpl.java:setRole(174)) - bcb704dc-2543-42a4-8762-cde039a55a99@group-B76F64AA196D: changes role from  FOLLOWER to CANDIDATE at term 0 for changeToCandidate
2019-09-26 15:39:09,535 [Thread-2129] INFO  impl.RoleInfo (RoleInfo.java:shutdownFollowerState(121)) - bcb704dc-2543-42a4-8762-cde039a55a99: shutdown FollowerState
2019-09-26 15:39:09,894 [Thread-2129] INFO  impl.RaftServerImpl (RaftServerImpl.java:setRole(174)) - bcb704dc-2543-42a4-8762-cde039a55a99@group-5371FDF97722: changes role from  FOLLOWER to CANDIDATE at term 0 for changeToCandidate
2019-09-26 15:39:09,534 [bcb704dc-2543-42a4-8762-cde039a55a99@group-DA2C5CB8BB65:LeaderElection189] INFO  impl.RoleInfo (RoleInfo.java:updateAndGet(143)) - bcb704dc-2543-42a4-8762-cde039a55a99: start LeaderState
2019-09-26 15:39:09,534 [bcb704dc-2543-42a4-8762-cde039a55a99@group-AD2BD46986A8-SegmentedRaftLogWorker] INFO  util.JmxRegister (JmxRegister.java:unregister(73)) - Successfully un-registered JMX Bean with object name Ratis:service=RaftServer,group=group-AD2BD46986A8,id=bcb704dc-2543-42a4-8762-cde039a55a99
2019-09-26 15:39:09,894 [bcb704dc-2543-42a4-8762-cde039a55a99@group-AD2BD46986A8-SegmentedRaftLogWorker] INFO  impl.RoleInfo (RoleInfo.java:shutdownLeaderState(104)) - bcb704dc-2543-42a4-8762-cde039a55a99: shutdown LeaderState
2019-09-26 15:39:09,533 [bcb704dc-2543-42a4-8762-cde039a55a99@group-19733DFA91CE:LeaderElection212] INFO  server.RaftServerConfigKeys (ConfUtils.java:logGet(43)) - raft.server.watch.timeout.denomination = 1s (default)
2019-09-26 15:39:09,533 [bcb704dc-2543-42a4-8762-cde039a55a99@group-8C4E846757B0:LeaderElection201] INFO  server.RaftServerConfigKeys (ConfUtils.java:logGet(43)) - raft.server.watch.timeout.denomination = 1s (default)
2019-09-26 15:39:09,533 [bcb704dc-2543-42a4-8762-cde039a55a99@group-E9033DA04B7D:LeaderElection200] INFO  server.RaftServerConfigKeys (ConfUtils.java:logGet(43)) - raft.server.watch.timeout = 10s (default)
2019-09-26 15:39:09,533 [bcb704dc-2543-42a4-8762-cde039a55a99@group-008535A2A097:LeaderElection185] INFO  server.RaftServerConfigKeys (ConfUtils.java:logGet(43)) - raft.server.watch.timeout.denomination = 1s (default)
2019-09-26 15:39:09,895 [bcb704dc-2543-42a4-8762-cde039a55a99@group-008535A2A097:LeaderElection185] INFO  server.RaftServerConfigKeys (ConfUtils.java:logGet(43)) - raft.server.watch.element-limit = 65536 (default)
2019-09-26 15:39:09,533 [Thread-2414] INFO  impl.RoleInfo (RoleInfo.java:updateAndGet(143)) - bcb704dc-2543-42a4-8762-cde039a55a99: start LeaderElection
2019-09-26 15:39:09,533 [Thread-2171] INFO  impl.RoleInfo (RoleInfo.java:shutdownFollowerState(121)) - bcb704dc-2543-42a4-8762-cde039a55a99: shutdown FollowerState
2019-09-26 15:39:09,895 [Thread-2171] INFO  impl.RaftServerImpl (RaftServerImpl.java:setRole(174)) - bcb704dc-2543-42a4-8762-cde039a55a99@group-05AF4C6C8552: changes role from  FOLLOWER to CANDIDATE at term 0 for changeToCandidate
2019-09-26 15:39:09,532 [bcb704dc-2543-42a4-8762-cde039a55a99@group-6D85AD78C566:LeaderElection217] INFO  impl.RaftServerImpl (ServerState.java:setLeader(253)) - bcb704dc-2543-42a4-8762-cde039a55a99@group-6D85AD78C566: change Leader from null to bcb704dc-2543-42a4-8762-cde039a55a99 at term 1 for becomeLeader, leader elected after 9640ms
2019-09-26 15:39:09,532 [bcb704dc-2543-42a4-8762-cde039a55a99@group-23B603725A20:LeaderElection187] INFO  server.RaftServerConfigKeys (ConfUtils.java:logGet(43)) - raft.server.watch.timeout = 10s (default)
2019-09-26 15:39:09,532 [bcb704dc-2543-42a4-8762-cde039a55a99@group-B04EACC30477:LeaderElection193] INFO  server.RaftServerConfigKeys (ConfUtils.java:logGet(43)) - raft.server.watch.element-limit = 65536 (default)
2019-09-26 15:39:09,896 [Thread-2171] INFO  impl.RoleInfo (RoleInfo.java:updateAndGet(143)) - bcb704dc-2543-42a4-8762-cde039a55a99: start LeaderElection
2019-09-26 15:39:09,531 [bcb704dc-2543-42a4-8762-cde039a55a99@group-165F9EB473BC-SegmentedRaftLogWorker] INFO  impl.PendingRequests (PendingRequests.java:sendNotLeaderResponses(202)) - bcb704dc-2543-42a4-8762-cde039a55a99-PendingRequests: sendNotLeaderResponses
2019-09-26 15:39:09,531 [bcb704dc-2543-42a4-8762-cde039a55a99@group-763AB41DED64-SegmentedRaftLogWorker] INFO  impl.PendingRequests (PendingRequests.java:sendNotLeaderResponses(202)) - bcb704dc-2543-42a4-8762-cde039a55a99-PendingRequests: sendNotLeaderResponses
2019-09-26 15:39:09,531 [bcb704dc-2543-42a4-8762-cde039a55a99@group-82088539EA4F:LeaderElection186] INFO  server.RaftServerConfigKeys (ConfUtils.java:logGet(43)) - raft.server.watch.element-limit = 65536 (default)
2019-09-26 15:39:09,530 [bcb704dc-2543-42a4-8762-cde039a55a99@group-2D09A842301B:LeaderElection206] INFO  server.RaftServerConfigKeys (ConfUtils.java:logGet(43)) - raft.server.watch.timeout = 10s (default)
2019-09-26 15:39:09,530 [bcb704dc-2543-42a4-8762-cde039a55a99@group-9CAC7CB13E97:LeaderElection216] INFO  impl.RaftServerImpl (RaftServerImpl.java:setRole(174)) - bcb704dc-2543-42a4-8762-cde039a55a99@group-9CAC7CB13E97: changes role from CANDIDATE to LEADER at term 1 for changeToLeader
2019-09-26 15:39:09,529 [bcb704dc-2543-42a4-8762-cde039a55a99@group-64EA007B3927:LeaderElection210] INFO  impl.RoleInfo (RoleInfo.java:updateAndGet(143)) - bcb704dc-2543-42a4-8762-cde039a55a99: start LeaderState
2019-09-26 15:39:09,529 [bcb704dc-2543-42a4-8762-cde039a55a99@group-4E34C6955B17:LeaderElection204] INFO  server.RaftServerConfigKeys (ConfUtils.java:logGet(43)) - raft.server.watch.timeout.denomination = 1s (default)
2019-09-26 15:39:09,529 [bcb704dc-2543-42a4-8762-cde039a55a99@group-353F2047EF06:LeaderElection194] INFO  server.RaftServerConfigKeys (ConfUtils.java:logGet(43)) - raft.server.watch.timeout.denomination = 1s (default)
2019-09-26 15:39:09,529 [bcb704dc-2543-42a4-8762-cde039a55a99@group-312551D5FA7C:LeaderElection191] INFO  server.RaftServerConfigKeys (ConfUtils.java:logGet(43)) - raft.server.watch.timeout = 10s (default)
2019-09-26 15:39:09,898 [bcb704dc-2543-42a4-8762-cde039a55a99@group-312551D5FA7C:LeaderElection191] INFO  server.RaftServerConfigKeys (ConfUtils.java:logGet(43)) - raft.server.watch.timeout.denomination = 1s (default)
2019-09-26 15:39:09,529 [bcb704dc-2543-42a4-8762-cde039a55a99@group-DEF52561270D:LeaderElection207] INFO  impl.RoleInfo (RoleInfo.java:updateAndGet(143)) - bcb704dc-2543-42a4-8762-cde039a55a99: start LeaderState
2019-09-26 15:39:09,529 [bcb704dc-2543-42a4-8762-cde039a55a99@group-F6F6A7BDA922:LeaderElection213] INFO  server.RaftServerConfigKeys (ConfUtils.java:logGet(43)) - raft.server.watch.timeout.denomination = 1s (default)
2019-09-26 15:39:09,898 [bcb704dc-2543-42a4-8762-cde039a55a99@group-DEF52561270D:LeaderElection207] INFO  segmented.SegmentedRaftLogWorker (SegmentedRaftLogWorker.java:startLogSegment(380)) - bcb704dc-2543-42a4-8762-cde039a55a99@group-DEF52561270D-SegmentedRaftLogWorker: Starting segment from index:0
2019-09-26 15:39:09,528 [bcb704dc-2543-42a4-8762-cde039a55a99@group-6B7863180474:LeaderElection203] INFO  server.RaftServerConfigKeys (ConfUtils.java:logGet(43)) - raft.server.watch.element-limit = 65536 (default)
2019-09-26 15:39:09,528 [bcb704dc-2543-42a4-8762-cde039a55a99@group-11C7A05DD744:LeaderElection196] INFO  server.RaftServerConfigKeys (ConfUtils.java:logGet(43)) - raft.server.watch.element-limit = 65536 (default)
2019-09-26 15:39:09,527 [bcb704dc-2543-42a4-8762-cde039a55a99@group-4E88BFDC7C13-SegmentedRaftLogWorker] ERROR segmented.SegmentedRaftLogWorker (SegmentedRaftLogWorker.java:run(323)) - bcb704dc-2543-42a4-8762-cde039a55a99@group-4E88BFDC7C13-SegmentedRaftLogWorker hit exception
java.lang.OutOfMemoryError: Direct buffer memory
	at java.nio.Bits.reserveMemory(Bits.java:666)
	at java.nio.DirectByteBuffer.<init>(DirectByteBuffer.java:123)
	at java.nio.ByteBuffer.allocateDirect(ByteBuffer.java:311)
	at org.apache.ratis.server.raftlog.segmented.BufferedWriteChannel.<init>(BufferedWriteChannel.java:41)
	at org.apache.ratis.server.raftlog.segmented.SegmentedRaftLogOutputStream.<init>(SegmentedRaftLogOutputStream.java:72)
	at org.apache.ratis.server.raftlog.segmented.SegmentedRaftLogWorker$StartLogSegment.execute(SegmentedRaftLogWorker.java:566)
	at org.apache.ratis.server.raftlog.segmented.SegmentedRaftLogWorker.run(SegmentedRaftLogWorker.java:289)
	at java.lang.Thread.run(Thread.java:748)
2019-09-26 15:39:09,527 [bcb704dc-2543-42a4-8762-cde039a55a99@group-FDAD0B55B238-SegmentedRaftLogWorker] ERROR segmented.SegmentedRaftLogWorker (SegmentedRaftLogWorker.java:run(323)) - bcb704dc-2543-42a4-8762-cde039a55a99@group-FDAD0B55B238-SegmentedRaftLogWorker hit exception
java.lang.OutOfMemoryError: Direct buffer memory
	at java.nio.Bits.reserveMemory(Bits.java:666)
	at java.nio.DirectByteBuffer.<init>(DirectByteBuffer.java:123)
	at java.nio.ByteBuffer.allocateDirect(ByteBuffer.java:311)
	at org.apache.ratis.server.raftlog.segmented.BufferedWriteChannel.<init>(BufferedWriteChannel.java:41)
	at org.apache.ratis.server.raftlog.segmented.SegmentedRaftLogOutputStream.<init>(SegmentedRaftLogOutputStream.java:72)
	at org.apache.ratis.server.raftlog.segmented.SegmentedRaftLogWorker$StartLogSegment.execute(SegmentedRaftLogWorker.java:566)
	at org.apache.ratis.server.raftlog.segmented.SegmentedRaftLogWorker.run(SegmentedRaftLogWorker.java:289)
	at java.lang.Thread.run(Thread.java:748)
2019-09-26 15:39:10,299 [bcb704dc-2543-42a4-8762-cde039a55a99@group-FDAD0B55B238-SegmentedRaftLogWorker] INFO  impl.RaftServerImpl (RaftServerImpl.java:lambda$shutdown$3(251)) - bcb704dc-2543-42a4-8762-cde039a55a99@group-FDAD0B55B238: shutdown
2019-09-26 15:39:09,526 [Thread-2162] INFO  impl.FollowerState (FollowerState.java:run(106)) - bcb704dc-2543-42a4-8762-cde039a55a99:group-FB26FC18925F changes to CANDIDATE, lastRpcTime:11181, electionTimeout:5110ms
2019-09-26 15:39:09,525 [Thread-2159] INFO  impl.FollowerState (FollowerState.java:run(106)) - bcb704dc-2543-42a4-8762-cde039a55a99:group-E156FE0624FA changes to CANDIDATE, lastRpcTime:11220, electionTimeout:5135ms
2019-09-26 15:39:09,525 [Thread-2475] INFO  impl.FollowerState (FollowerState.java:run(106)) - bcb704dc-2543-42a4-8762-cde039a55a99:group-D95087EDE7EE changes to CANDIDATE, lastRpcTime:5330, electionTimeout:5135ms
2019-09-26 15:39:10,300 [Thread-2159] INFO  impl.RoleInfo (RoleInfo.java:shutdownFollowerState(121)) - bcb704dc-2543-42a4-8762-cde039a55a99: shutdown FollowerState
2019-09-26 15:39:10,300 [Thread-2475] INFO  impl.RoleInfo (RoleInfo.java:shutdownFollowerState(121)) - bcb704dc-2543-42a4-8762-cde039a55a99: shutdown FollowerState
2019-09-26 15:39:09,520 [bcb704dc-2543-42a4-8762-cde039a55a99@group-5542967D52A3-SegmentedRaftLogWorker] ERROR segmented.SegmentedRaftLogWorker (SegmentedRaftLogWorker.java:run(323)) - bcb704dc-2543-42a4-8762-cde039a55a99@group-5542967D52A3-SegmentedRaftLogWorker hit exception
java.lang.OutOfMemoryError: Direct buffer memory
	at java.nio.Bits.reserveMemory(Bits.java:666)
	at java.nio.DirectByteBuffer.<init>(DirectByteBuffer.java:123)
	at java.nio.ByteBuffer.allocateDirect(ByteBuffer.java:311)
	at org.apache.ratis.server.raftlog.segmented.BufferedWriteChannel.<init>(BufferedWriteChannel.java:41)
	at org.apache.ratis.server.raftlog.segmented.SegmentedRaftLogOutputStream.<init>(SegmentedRaftLogOutputStream.java:72)
	at org.apache.ratis.server.raftlog.segmented.SegmentedRaftLogWorker$StartLogSegment.execute(SegmentedRaftLogWorker.java:566)
	at org.apache.ratis.server.raftlog.segmented.SegmentedRaftLogWorker.run(SegmentedRaftLogWorker.java:289)
	at java.lang.Thread.run(Thread.java:748)
2019-09-26 15:39:10,300 [bcb704dc-2543-42a4-8762-cde039a55a99@group-5542967D52A3-SegmentedRaftLogWorker] INFO  impl.RaftServerImpl (RaftServerImpl.java:lambda$shutdown$3(251)) - bcb704dc-2543-42a4-8762-cde039a55a99@group-5542967D52A3: shutdown
2019-09-26 15:39:09,520 [bcb704dc-2543-42a4-8762-cde039a55a99@group-0B9A04D0016D-SegmentedRaftLogWorker] ERROR segmented.SegmentedRaftLogWorker (SegmentedRaftLogWorker.java:run(323)) - bcb704dc-2543-42a4-8762-cde039a55a99@group-0B9A04D0016D-SegmentedRaftLogWorker hit exception
java.lang.OutOfMemoryError: Direct buffer memory
	at java.nio.Bits.reserveMemory(Bits.java:666)
	at java.nio.DirectByteBuffer.<init>(DirectByteBuffer.java:123)
	at java.nio.ByteBuffer.allocateDirect(ByteBuffer.java:311)
	at org.apache.ratis.server.raftlog.segmented.BufferedWriteChannel.<init>(BufferedWriteChannel.java:41)
	at org.apache.ratis.server.raftlog.segmented.SegmentedRaftLogOutputStream.<init>(SegmentedRaftLogOutputStream.java:72)
	at org.apache.ratis.server.raftlog.segmented.SegmentedRaftLogWorker$StartLogSegment.execute(SegmentedRaftLogWorker.java:566)
	at org.apache.ratis.server.raftlog.segmented.SegmentedRaftLogWorker.run(SegmentedRaftLogWorker.java:289)
	at java.lang.Thread.run(Thread.java:748)
2019-09-26 15:39:10,301 [bcb704dc-2543-42a4-8762-cde039a55a99@group-0B9A04D0016D-SegmentedRaftLogWorker] INFO  impl.RaftServerImpl (RaftServerImpl.java:lambda$shutdown$3(251)) - bcb704dc-2543-42a4-8762-cde039a55a99@group-0B9A04D0016D: shutdown
2019-09-26 15:39:09,226 [bcb704dc-2543-42a4-8762-cde039a55a99@group-BBF433C8F92D:LeaderElection209] INFO  server.RaftServerConfigKeys (ConfUtils.java:logGet(43)) - raft.server.watch.timeout.denomination = 1s (default)
2019-09-26 15:39:09,225 [bcb704dc-2543-42a4-8762-cde039a55a99@group-280A8A57BC6F:LeaderElection182] INFO  impl.RaftServerImpl (ServerState.java:setRaftConf(354)) - bcb704dc-2543-42a4-8762-cde039a55a99@group-280A8A57BC6F: set configuration 0: [bcb704dc-2543-42a4-8762-cde039a55a99:192.168.151.99:43663], old=null at 0
2019-09-26 15:39:09,225 [bcb704dc-2543-42a4-8762-cde039a55a99@group-29694A780B41-SegmentedRaftLogWorker] INFO  impl.RoleInfo (RoleInfo.java:shutdownLeaderState(104)) - bcb704dc-2543-42a4-8762-cde039a55a99: shutdown LeaderState
2019-09-26 15:39:09,225 [bcb704dc-2543-42a4-8762-cde039a55a99@group-884AB6599596:LeaderElection211] INFO  server.RaftServerConfigKeys (ConfUtils.java:logGet(43)) - raft.server.watch.timeout = 10s (default)
2019-09-26 15:39:10,301 [bcb704dc-2543-42a4-8762-cde039a55a99@group-29694A780B41-SegmentedRaftLogWorker] INFO  impl.PendingRequests (PendingRequests.java:sendNotLeaderResponses(202)) - bcb704dc-2543-42a4-8762-cde039a55a99-PendingRequests: sendNotLeaderResponses
2019-09-26 15:39:10,301 [bcb704dc-2543-42a4-8762-cde039a55a99@group-BBF433C8F92D:LeaderElection209] INFO  server.RaftServerConfigKeys (ConfUtils.java:logGet(43)) - raft.server.watch.element-limit = 65536 (default)
2019-09-26 15:39:10,301 [bcb704dc-2543-42a4-8762-cde039a55a99@group-0B9A04D0016D-SegmentedRaftLogWorker] INFO  util.JmxRegister (JmxRegister.java:unregister(73)) - Successfully un-registered JMX Bean with object name Ratis:service=RaftServer,group=group-0B9A04D0016D,id=bcb704dc-2543-42a4-8762-cde039a55a99
2019-09-26 15:39:10,302 [bcb704dc-2543-42a4-8762-cde039a55a99@group-0B9A04D0016D-SegmentedRaftLogWorker] INFO  impl.RoleInfo (RoleInfo.java:shutdownLeaderState(104)) - bcb704dc-2543-42a4-8762-cde039a55a99: shutdown LeaderState
2019-09-26 15:39:10,301 [bcb704dc-2543-42a4-8762-cde039a55a99@group-5542967D52A3-SegmentedRaftLogWorker] INFO  util.JmxRegister (JmxRegister.java:unregister(73)) - Successfully un-registered JMX Bean with object name Ratis:service=RaftServer,group=group-5542967D52A3,id=bcb704dc-2543-42a4-8762-cde039a55a99
2019-09-26 15:39:10,300 [bcb704dc-2543-42a4-8762-cde039a55a99@group-B04EACC30477:LeaderElection193] INFO  impl.RoleInfo (RoleInfo.java:updateAndGet(143)) - bcb704dc-2543-42a4-8762-cde039a55a99: start LeaderState
2019-09-26 15:39:10,300 [Thread-2475] INFO  impl.RaftServerImpl (RaftServerImpl.java:setRole(174)) - bcb704dc-2543-42a4-8762-cde039a55a99@group-D95087EDE7EE: changes role from  FOLLOWER to CANDIDATE at term 0 for changeToCandidate
2019-09-26 15:39:10,300 [Thread-2159] INFO  impl.RaftServerImpl (RaftServerImpl.java:setRole(174)) - bcb704dc-2543-42a4-8762-cde039a55a99@group-E156FE0624FA: changes role from  FOLLOWER to CANDIDATE at term 0 for changeToCandidate
2019-09-26 15:39:10,300 [Thread-2162] INFO  impl.RoleInfo (RoleInfo.java:shutdownFollowerState(121)) - bcb704dc-2543-42a4-8762-cde039a55a99: shutdown FollowerState
2019-09-26 15:39:10,303 [bcb704dc-2543-42a4-8762-cde039a55a99@group-6B7863180474:LeaderElection203] INFO  impl.RoleInfo (RoleInfo.java:updateAndGet(143)) - bcb704dc-2543-42a4-8762-cde039a55a99: start LeaderState
2019-09-26 15:39:10,300 [bcb704dc-2543-42a4-8762-cde039a55a99@group-FDAD0B55B238-SegmentedRaftLogWorker] INFO  util.JmxRegister (JmxRegister.java:unregister(73)) - Successfully un-registered JMX Bean with object name Ratis:service=RaftServer,group=group-FDAD0B55B238,id=bcb704dc-2543-42a4-8762-cde039a55a99
2019-09-26 15:39:10,303 [bcb704dc-2543-42a4-8762-cde039a55a99@group-FDAD0B55B238-SegmentedRaftLogWorker] INFO  impl.RoleInfo (RoleInfo.java:shutdownLeaderState(104)) - bcb704dc-2543-42a4-8762-cde039a55a99: shutdown LeaderState
2019-09-26 15:39:10,299 [bcb704dc-2543-42a4-8762-cde039a55a99@group-4E88BFDC7C13-SegmentedRaftLogWorker] INFO  impl.RaftServerImpl (RaftServerImpl.java:lambda$shutdown$3(251)) - bcb704dc-2543-42a4-8762-cde039a55a99@group-4E88BFDC7C13: shutdown
2019-09-26 15:39:10,299 [bcb704dc-2543-42a4-8762-cde039a55a99@group-4D04F2324D2E:LeaderElection227] INFO  impl.LeaderElection (LeaderElection.java:askForVotes(182)) - bcb704dc-2543-42a4-8762-cde039a55a99@group-4D04F2324D2E:LeaderElection227: begin an election at term 1 for -1: [bcb704dc-2543-42a4-8762-cde039a55a99:192.168.151.99:43663], old=null
2019-09-26 15:39:10,298 [bcb704dc-2543-42a4-8762-cde039a55a99@group-69BB3C0B63D8:LeaderElection231] INFO  impl.LeaderElection (LeaderElection.java:askForVotes(182)) - bcb704dc-2543-42a4-8762-cde039a55a99@group-69BB3C0B63D8:LeaderElection231: begin an election at term 1 for -1: [bcb704dc-2543-42a4-8762-cde039a55a99:192.168.151.99:43663], old=null
2019-09-26 15:39:10,303 [bcb704dc-2543-42a4-8762-cde039a55a99@group-BBF433C8F92D:LeaderElection209] INFO  impl.RoleInfo (RoleInfo.java:updateAndGet(143)) - bcb704dc-2543-42a4-8762-cde039a55a99: start LeaderState
2019-09-26 15:39:10,298 [bcb704dc-2543-42a4-8762-cde039a55a99@group-617888AA4A51:LeaderElection232] INFO  impl.LeaderElection (LeaderElection.java:askForVotes(182)) - bcb704dc-2543-42a4-8762-cde039a55a99@group-617888AA4A51:LeaderElection232: begin an election at term 1 for -1: [bcb704dc-2543-42a4-8762-cde039a55a99:192.168.151.99:43663], old=null
2019-09-26 15:39:10,298 [bcb704dc-2543-42a4-8762-cde039a55a99@group-CD5767121D26:LeaderElection230] INFO  impl.LeaderElection (LeaderElection.java:askForVotes(182)) - bcb704dc-2543-42a4-8762-cde039a55a99@group-CD5767121D26:LeaderElection230: begin an election at term 1 for -1: [bcb704dc-2543-42a4-8762-cde039a55a99:192.168.151.99:43663], old=null
2019-09-26 15:39:10,298 [bcb704dc-2543-42a4-8762-cde039a55a99@group-4B788DE994AB:LeaderElection229] INFO  impl.LeaderElection (LeaderElection.java:askForVotes(182)) - bcb704dc-2543-42a4-8762-cde039a55a99@group-4B788DE994AB:LeaderElection229: begin an election at term 1 for -1: [bcb704dc-2543-42a4-8762-cde039a55a99:192.168.151.99:43663], old=null
2019-09-26 15:39:10,298 [bcb704dc-2543-42a4-8762-cde039a55a99@group-8891CF406B17:LeaderElection228] INFO  impl.LeaderElection (LeaderElection.java:askForVotes(182)) - bcb704dc-2543-42a4-8762-cde039a55a99@group-8891CF406B17:LeaderElection228: begin an election at term 1 for -1: [bcb704dc-2543-42a4-8762-cde039a55a99:192.168.151.99:43663], old=null
2019-09-26 15:39:10,298 [bcb704dc-2543-42a4-8762-cde039a55a99@group-42E764F99F92:LeaderElection225] INFO  impl.LeaderElection (LeaderElection.java:askForVotes(182)) - bcb704dc-2543-42a4-8762-cde039a55a99@group-42E764F99F92:LeaderElection225: begin an election at term 1 for -1: [bcb704dc-2543-42a4-8762-cde039a55a99:192.168.151.99:43663], old=null
2019-09-26 15:39:10,298 [bcb704dc-2543-42a4-8762-cde039a55a99@group-42C57E31B95C:LeaderElection226] INFO  impl.LeaderElection (LeaderElection.java:askForVotes(182)) - bcb704dc-2543-42a4-8762-cde039a55a99@group-42C57E31B95C:LeaderElection226: begin an election at term 1 for -1: [bcb704dc-2543-42a4-8762-cde039a55a99:192.168.151.99:43663], old=null
2019-09-26 15:39:10,304 [bcb704dc-2543-42a4-8762-cde039a55a99@group-42C57E31B95C:LeaderElection226] INFO  impl.RoleInfo (RoleInfo.java:shutdownLeaderElection(134)) - bcb704dc-2543-42a4-8762-cde039a55a99: shutdown LeaderElection
2019-09-26 15:39:10,298 [bcb704dc-2543-42a4-8762-cde039a55a99@group-DEF52561270D:LeaderElection207] INFO  impl.RaftServerImpl (ServerState.java:setRaftConf(354)) - bcb704dc-2543-42a4-8762-cde039a55a99@group-DEF52561270D: set configuration 0: [bcb704dc-2543-42a4-8762-cde039a55a99:192.168.151.99:43663], old=null at 0
2019-09-26 15:39:10,298 [bcb704dc-2543-42a4-8762-cde039a55a99@group-05AF4C6C8552:LeaderElection260] INFO  impl.LeaderElection (LeaderElection.java:askForVotes(182)) - bcb704dc-2543-42a4-8762-cde039a55a99@group-05AF4C6C8552:LeaderElection260: begin an election at term 1 for -1: [bcb704dc-2543-42a4-8762-cde039a55a99:192.168.151.99:43663], old=null
2019-09-26 15:39:10,305 [bcb704dc-2543-42a4-8762-cde039a55a99@group-05AF4C6C8552:LeaderElection260] INFO  impl.RoleInfo (RoleInfo.java:shutdownLeaderElection(134)) - bcb704dc-2543-42a4-8762-cde039a55a99: shutdown LeaderElection
2019-09-26 15:39:10,298 [bcb704dc-2543-42a4-8762-cde039a55a99@group-071C3AE303E0:LeaderElection224] INFO  impl.LeaderElection (LeaderElection.java:askForVotes(182)) - bcb704dc-2543-42a4-8762-cde039a55a99@group-071C3AE303E0:LeaderElection224: begin an election at term 1 for -1: [bcb704dc-2543-42a4-8762-cde039a55a99:192.168.151.99:43663], old=null
2019-09-26 15:39:10,290 [bcb704dc-2543-42a4-8762-cde039a55a99@group-FF44B23A8D1F-SegmentedRaftLogWorker] ERROR segmented.SegmentedRaftLogWorker (SegmentedRaftLogWorker.java:run(323)) - bcb704dc-2543-42a4-8762-cde039a55a99@group-FF44B23A8D1F-SegmentedRaftLogWorker hit exception
java.lang.OutOfMemoryError: Direct buffer memory
	at java.nio.Bits.reserveMemory(Bits.java:666)
	at java.nio.DirectByteBuffer.<init>(DirectByteBuffer.java:123)
	at java.nio.ByteBuffer.allocateDirect(ByteBuffer.java:311)
	at org.apache.ratis.server.raftlog.segmented.BufferedWriteChannel.<init>(BufferedWriteChannel.java:41)
	at org.apache.ratis.server.raftlog.segmented.SegmentedRaftLogOutputStream.<init>(SegmentedRaftLogOutputStream.java:72)
	at org.apache.ratis.server.raftlog.segmented.SegmentedRaftLogWorker$StartLogSegment.execute(SegmentedRaftLogWorker.java:566)
	at org.apache.ratis.server.raftlog.segmented.SegmentedRaftLogWorker.run(SegmentedRaftLogWorker.java:289)
	at java.lang.Thread.run(Thread.java:748)
2019-09-26 15:39:10,332 [bcb704dc-2543-42a4-8762-cde039a55a99@group-FF44B23A8D1F-SegmentedRaftLogWorker] INFO  impl.RaftServerImpl (RaftServerImpl.java:lambda$shutdown$3(251)) - bcb704dc-2543-42a4-8762-cde039a55a99@group-FF44B23A8D1F: shutdown
2019-09-26 15:39:09,898 [bcb704dc-2543-42a4-8762-cde039a55a99@group-008535A2A097:LeaderElection185] INFO  impl.RoleInfo (RoleInfo.java:updateAndGet(143)) - bcb704dc-2543-42a4-8762-cde039a55a99: start LeaderState
2019-09-26 15:39:09,898 [bcb704dc-2543-42a4-8762-cde039a55a99@group-F6F6A7BDA922:LeaderElection213] INFO  server.RaftServerConfigKeys (ConfUtils.java:logGet(43)) - raft.server.watch.element-limit = 65536 (default)
2019-09-26 15:39:09,898 [bcb704dc-2543-42a4-8762-cde039a55a99@group-312551D5FA7C:LeaderElection191] INFO  server.RaftServerConfigKeys (ConfUtils.java:logGet(43)) - raft.server.watch.element-limit = 65536 (default)
2019-09-26 15:39:09,897 [bcb704dc-2543-42a4-8762-cde039a55a99@group-353F2047EF06:LeaderElection194] INFO  server.RaftServerConfigKeys (ConfUtils.java:logGet(43)) - raft.server.watch.element-limit = 65536 (default)
2019-09-26 15:39:09,897 [bcb704dc-2543-42a4-8762-cde039a55a99@group-4E34C6955B17:LeaderElection204] INFO  server.RaftServerConfigKeys (ConfUtils.java:logGet(43)) - raft.server.watch.element-limit = 65536 (default)
2019-09-26 15:39:09,897 [bcb704dc-2543-42a4-8762-cde039a55a99@group-64EA007B3927:LeaderElection210] INFO  segmented.SegmentedRaftLogWorker (SegmentedRaftLogWorker.java:startLogSegment(380)) - bcb704dc-2543-42a4-8762-cde039a55a99@group-64EA007B3927-SegmentedRaftLogWorker: Starting segment from index:0
2019-09-26 15:39:09,897 [bcb704dc-2543-42a4-8762-cde039a55a99@group-9CAC7CB13E97:LeaderElection216] INFO  impl.RaftServerImpl (ServerState.java:setLeader(253)) - bcb704dc-2543-42a4-8762-cde039a55a99@group-9CAC7CB13E97: change Leader from null to bcb704dc-2543-42a4-8762-cde039a55a99 at term 1 for becomeLeader, leader elected after 9814ms
2019-09-26 15:39:09,897 [bcb704dc-2543-42a4-8762-cde039a55a99@group-2D09A842301B:LeaderElection206] INFO  server.RaftServerConfigKeys (ConfUtils.java:logGet(43)) - raft.server.watch.timeout.denomination = 1s (default)
2019-09-26 15:39:10,333 [bcb704dc-2543-42a4-8762-cde039a55a99@group-64EA007B3927:LeaderElection210] INFO  impl.RaftServerImpl (ServerState.java:setRaftConf(354)) - bcb704dc-2543-42a4-8762-cde039a55a99@group-64EA007B3927: set configuration 0: [bcb704dc-2543-42a4-8762-cde039a55a99:192.168.151.99:43663], old=null at 0
2019-09-26 15:39:09,897 [bcb704dc-2543-42a4-8762-cde039a55a99@group-763AB41DED64-SegmentedRaftLogWorker] INFO  impl.StateMachineUpdater (StateMachineUpdater.java:stopAndJoin(125)) - bcb704dc-2543-42a4-8762-cde039a55a99@group-763AB41DED64-StateMachineUpdater: set stopIndex = -1
2019-09-26 15:39:10,663 [bcb704dc-2543-42a4-8762-cde039a55a99@group-763AB41DED64-SegmentedRaftLogWorker] INFO  impl.RaftServerImpl (ServerState.java:close(385)) - bcb704dc-2543-42a4-8762-cde039a55a99@group-763AB41DED64: closes. applyIndex: -1
2019-09-26 15:39:09,896 [bcb704dc-2543-42a4-8762-cde039a55a99@group-165F9EB473BC-SegmentedRaftLogWorker] INFO  impl.StateMachineUpdater (StateMachineUpdater.java:stopAndJoin(125)) - bcb704dc-2543-42a4-8762-cde039a55a99@group-165F9EB473BC-StateMachineUpdater: set stopIndex = -1
2019-09-26 15:39:10,664 [bcb704dc-2543-42a4-8762-cde039a55a99@group-165F9EB473BC-SegmentedRaftLogWorker] INFO  impl.RaftServerImpl (ServerState.java:close(385)) - bcb704dc-2543-42a4-8762-cde039a55a99@group-165F9EB473BC: closes. applyIndex: -1
2019-09-26 15:39:09,896 [bcb704dc-2543-42a4-8762-cde039a55a99@group-23B603725A20:LeaderElection187] INFO  server.RaftServerConfigKeys (ConfUtils.java:logGet(43)) - raft.server.watch.timeout.denomination = 1s (default)
2019-09-26 15:39:09,896 [bcb704dc-2543-42a4-8762-cde039a55a99@group-6D85AD78C566:LeaderElection217] INFO  server.RaftServerConfigKeys (ConfUtils.java:logGet(43)) - raft.server.staging.catchup.gap = 1000 (default)
2019-09-26 15:39:09,895 [bcb704dc-2543-42a4-8762-cde039a55a99@group-E9033DA04B7D:LeaderElection200] INFO  server.RaftServerConfigKeys (ConfUtils.java:logGet(43)) - raft.server.watch.timeout.denomination = 1s (default)
2019-09-26 15:39:09,895 [bcb704dc-2543-42a4-8762-cde039a55a99@group-8C4E846757B0:LeaderElection201] INFO  server.RaftServerConfigKeys (ConfUtils.java:logGet(43)) - raft.server.watch.element-limit = 65536 (default)
2019-09-26 15:39:09,895 [bcb704dc-2543-42a4-8762-cde039a55a99@group-19733DFA91CE:LeaderElection212] INFO  server.RaftServerConfigKeys (ConfUtils.java:logGet(43)) - raft.server.watch.element-limit = 65536 (default)
2019-09-26 15:39:09,895 [bcb704dc-2543-42a4-8762-cde039a55a99@group-AD2BD46986A8-SegmentedRaftLogWorker] INFO  impl.PendingRequests (PendingRequests.java:sendNotLeaderResponses(202)) - bcb704dc-2543-42a4-8762-cde039a55a99-PendingRequests: sendNotLeaderResponses
2019-09-26 15:39:09,894 [bcb704dc-2543-42a4-8762-cde039a55a99@group-DA2C5CB8BB65:LeaderElection189] INFO  segmented.SegmentedRaftLogWorker (SegmentedRaftLogWorker.java:startLogSegment(380)) - bcb704dc-2543-42a4-8762-cde039a55a99@group-DA2C5CB8BB65-SegmentedRaftLogWorker: Starting segment from index:0
2019-09-26 15:39:09,894 [Thread-2129] INFO  impl.RoleInfo (RoleInfo.java:updateAndGet(143)) - bcb704dc-2543-42a4-8762-cde039a55a99: start LeaderElection
2019-09-26 15:39:09,894 [Thread-2132] INFO  impl.RoleInfo (RoleInfo.java:updateAndGet(143)) - bcb704dc-2543-42a4-8762-cde039a55a99: start LeaderElection
2019-09-26 15:39:09,894 [bcb704dc-2543-42a4-8762-cde039a55a99@group-CAD346B564AD-SegmentedRaftLogWorker] INFO  impl.PendingRequests (PendingRequests.java:sendNotLeaderResponses(202)) - bcb704dc-2543-42a4-8762-cde039a55a99-PendingRequests: sendNotLeaderResponses
2019-09-26 15:39:09,894 [Thread-2135] INFO  impl.RoleInfo (RoleInfo.java:updateAndGet(143)) - bcb704dc-2543-42a4-8762-cde039a55a99: start LeaderElection
2019-09-26 15:39:09,893 [Thread-2126] INFO  impl.RoleInfo (RoleInfo.java:updateAndGet(143)) - bcb704dc-2543-42a4-8762-cde039a55a99: start LeaderElection
2019-09-26 15:39:09,893 [Thread-2123] INFO  impl.RoleInfo (RoleInfo.java:updateAndGet(143)) - bcb704dc-2543-42a4-8762-cde039a55a99: start LeaderElection
2019-09-26 15:39:09,893 [bcb704dc-2543-42a4-8762-cde039a55a99@group-1807F0C4354B:LeaderElection215] INFO  server.RaftServerConfigKeys (ConfUtils.java:logGet(43)) - raft.server.rpc.sleep.time = 25ms (default)
2019-09-26 15:39:09,893 [bcb704dc-2543-42a4-8762-cde039a55a99@group-0DF8239C052C:LeaderElection218] INFO  server.RaftServerConfigKeys (ConfUtils.java:logGet(43)) - raft.server.write.element-limit = 4096 (default)
2019-09-26 15:39:09,892 [bcb704dc-2543-42a4-8762-cde039a55a99@group-19297E754D09:LeaderElection214] INFO  server.RaftServerConfigKeys (ConfUtils.java:logGet(43)) - raft.server.rpc.sleep.time = 25ms (default)
2019-09-26 15:39:09,892 [pool-123-thread-1] INFO  server.RaftServerConfigKeys (ConfUtils.java:logGet(43)) - raft.server.log.purge.gap = 1000000 (custom)
2019-09-26 15:39:09,892 [bcb704dc-2543-42a4-8762-cde039a55a99@group-0A32BFDC6864:LeaderElection199] INFO  server.RaftServerConfigKeys (ConfUtils.java:logGet(43)) - raft.server.watch.timeout.denomination = 1s (default)
2019-09-26 15:39:09,891 [bcb704dc-2543-42a4-8762-cde039a55a99@group-4786CBF0DBEA:LeaderElection198] INFO  server.RaftServerConfigKeys (ConfUtils.java:logGet(43)) - raft.server.watch.element-limit = 65536 (default)
2019-09-26 15:39:09,891 [Thread-1996] INFO  impl.RoleInfo (RoleInfo.java:updateAndGet(143)) - bcb704dc-2543-42a4-8762-cde039a55a99: start LeaderElection
2019-09-26 15:39:09,891 [bcb704dc-2543-42a4-8762-cde039a55a99@group-BE5CDE6B6C20-SegmentedRaftLogWorker] INFO  impl.PendingRequests (PendingRequests.java:sendNotLeaderResponses(202)) - bcb704dc-2543-42a4-8762-cde039a55a99-PendingRequests: sendNotLeaderResponses
2019-09-26 15:39:09,891 [bcb704dc-2543-42a4-8762-cde039a55a99@group-A778D7837BC2:LeaderElection192] INFO  impl.RoleInfo (RoleInfo.java:updateAndGet(143)) - bcb704dc-2543-42a4-8762-cde039a55a99: start LeaderState
2019-09-26 15:39:09,891 [Thread-2063] INFO  impl.RoleInfo (RoleInfo.java:updateAndGet(143)) - bcb704dc-2543-42a4-8762-cde039a55a99: start LeaderElection
2019-09-26 15:39:09,891 [Thread-2011] INFO  impl.RoleInfo (RoleInfo.java:updateAndGet(143)) - bcb704dc-2543-42a4-8762-cde039a55a99: start LeaderElection
2019-09-26 15:39:09,891 [bcb704dc-2543-42a4-8762-cde039a55a99@group-B2A28DABB48B:LeaderElection219] INFO  impl.RaftServerImpl (RaftServerImpl.java:setRole(174)) - bcb704dc-2543-42a4-8762-cde039a55a99@group-B2A28DABB48B: changes role from CANDIDATE to LEADER at term 1 for changeToLeader
2019-09-26 15:39:09,891 [bcb704dc-2543-42a4-8762-cde039a55a99@group-4B85105F5536:LeaderElection220] INFO  impl.RaftServerImpl (RaftServerImpl.java:setRole(174)) - bcb704dc-2543-42a4-8762-cde039a55a99@group-4B85105F5536: changes role from CANDIDATE to LEADER at term 1 for changeToLeader
2019-09-26 15:39:09,890 [Thread-2087] INFO  impl.RaftServerImpl (RaftServerImpl.java:setRole(174)) - bcb704dc-2543-42a4-8762-cde039a55a99@group-F96E5E74ED10: changes role from  FOLLOWER to CANDIDATE at term 0 for changeToCandidate
2019-09-26 15:39:09,890 [Thread-2090] INFO  impl.RaftServerImpl (RaftServerImpl.java:setRole(174)) - bcb704dc-2543-42a4-8762-cde039a55a99@group-708F9F8A739D: changes role from  FOLLOWER to CANDIDATE at term 0 for changeToCandidate
2019-09-26 15:39:09,890 [bcb704dc-2543-42a4-8762-cde039a55a99@group-7C568138CBDB:LeaderElection188] INFO  segmented.SegmentedRaftLogWorker (SegmentedRaftLogWorker.java:startLogSegment(380)) - bcb704dc-2543-42a4-8762-cde039a55a99@group-7C568138CBDB-SegmentedRaftLogWorker: Starting segment from index:0
2019-09-26 15:39:09,890 [Thread-2026] INFO  impl.RoleInfo (RoleInfo.java:updateAndGet(143)) - bcb704dc-2543-42a4-8762-cde039a55a99: start LeaderElection
2019-09-26 15:39:09,890 [bcb704dc-2543-42a4-8762-cde039a55a99@group-D3FDF48AE4AA-SegmentedRaftLogWorker] INFO  impl.RoleInfo (RoleInfo.java:shutdownLeaderState(104)) - bcb704dc-2543-42a4-8762-cde039a55a99: shutdown LeaderState
2019-09-26 15:39:10,981 [bcb704dc-2543-42a4-8762-cde039a55a99@group-D3FDF48AE4AA-SegmentedRaftLogWorker] INFO  impl.PendingRequests (PendingRequests.java:sendNotLeaderResponses(202)) - bcb704dc-2543-42a4-8762-cde039a55a99-PendingRequests: sendNotLeaderResponses
2019-09-26 15:39:09,889 [Thread-2023] INFO  impl.RoleInfo (RoleInfo.java:updateAndGet(143)) - bcb704dc-2543-42a4-8762-cde039a55a99: start LeaderElection
2019-09-26 15:39:09,889 [Thread-2051] INFO  impl.RoleInfo (RoleInfo.java:updateAndGet(143)) - bcb704dc-2543-42a4-8762-cde039a55a99: start LeaderElection
2019-09-26 15:39:09,889 [Thread-2008] INFO  impl.RoleInfo (RoleInfo.java:updateAndGet(143)) - bcb704dc-2543-42a4-8762-cde039a55a99: start LeaderElection
2019-09-26 15:39:09,889 [Thread-2041] INFO  impl.RoleInfo (RoleInfo.java:updateAndGet(143)) - bcb704dc-2543-42a4-8762-cde039a55a99: start LeaderElection
2019-09-26 15:39:09,889 [Thread-2069] INFO  impl.RoleInfo (RoleInfo.java:updateAndGet(143)) - bcb704dc-2543-42a4-8762-cde039a55a99: start LeaderElection
2019-09-26 15:39:09,889 [bcb704dc-2543-42a4-8762-cde039a55a99@group-DEDDB087FD78-SegmentedRaftLogWorker] INFO  impl.RoleInfo (RoleInfo.java:shutdownLeaderState(104)) - bcb704dc-2543-42a4-8762-cde039a55a99: shutdown LeaderState
2019-09-26 15:39:10,982 [bcb704dc-2543-42a4-8762-cde039a55a99@group-DEDDB087FD78-SegmentedRaftLogWorker] INFO  impl.PendingRequests (PendingRequests.java:sendNotLeaderResponses(202)) - bcb704dc-2543-42a4-8762-cde039a55a99-PendingRequests: sendNotLeaderResponses
2019-09-26 15:39:09,889 [Thread-2032] INFO  impl.RoleInfo (RoleInfo.java:updateAndGet(143)) - bcb704dc-2543-42a4-8762-cde039a55a99: start LeaderElection
2019-09-26 15:39:09,888 [bcb704dc-2543-42a4-8762-cde039a55a99@group-C84E1EDDFBB1:LeaderElection197] INFO  segmented.SegmentedRaftLogWorker (SegmentedRaftLogWorker.java:startLogSegment(380)) - bcb704dc-2543-42a4-8762-cde039a55a99@group-C84E1EDDFBB1-SegmentedRaftLogWorker: Starting segment from index:0
2019-09-26 15:39:09,888 [bcb704dc-2543-42a4-8762-cde039a55a99@group-A0C5D2D9FA46:LeaderElection190] INFO  segmented.SegmentedRaftLogWorker (SegmentedRaftLogWorker.java:startLogSegment(380)) - bcb704dc-2543-42a4-8762-cde039a55a99@group-A0C5D2D9FA46-SegmentedRaftLogWorker: Starting segment from index:0
2019-09-26 15:39:09,888 [Thread-2429] INFO  impl.RoleInfo (RoleInfo.java:updateAndGet(143)) - bcb704dc-2543-42a4-8762-cde039a55a99: start LeaderElection
2019-09-26 15:39:09,878 [Thread-2281] INFO  impl.FollowerState (FollowerState.java:run(106)) - bcb704dc-2543-42a4-8762-cde039a55a99:group-ADDB6DC4F628 changes to CANDIDATE, lastRpcTime:10598, electionTimeout:5193ms
2019-09-26 15:39:11,311 [bcb704dc-2543-42a4-8762-cde039a55a99@group-C84E1EDDFBB1:LeaderElection197] INFO  impl.RaftServerImpl (ServerState.java:setRaftConf(354)) - bcb704dc-2543-42a4-8762-cde039a55a99@group-C84E1EDDFBB1: set configuration 0: [bcb704dc-2543-42a4-8762-cde039a55a99:192.168.151.99:43663], old=null at 0
2019-09-26 15:39:09,877 [bcb704dc-2543-42a4-8762-cde039a55a99@group-18DFCDEF3120:LeaderElection237] INFO  impl.LeaderElection (LeaderElection.java:askForVotes(182)) - bcb704dc-2543-42a4-8762-cde039a55a99@group-18DFCDEF3120:LeaderElection237: begin an election at term 1 for -1: [bcb704dc-2543-42a4-8762-cde039a55a99:192.168.151.99:43663], old=null
2019-09-26 15:39:09,877 [bcb704dc-2543-42a4-8762-cde039a55a99@group-2FC65A88D4B5:LeaderElection223] INFO  impl.LeaderElection (LeaderElection.java:askForVotes(182)) - bcb704dc-2543-42a4-8762-cde039a55a99@group-2FC65A88D4B5:LeaderElection223: begin an election at term 1 for -1: [bcb704dc-2543-42a4-8762-cde039a55a99:192.168.151.99:43663], old=null
2019-09-26 15:39:09,877 [bcb704dc-2543-42a4-8762-cde039a55a99@group-99D974920299:LeaderElection235] INFO  impl.LeaderElection (LeaderElection.java:askForVotes(182)) - bcb704dc-2543-42a4-8762-cde039a55a99@group-99D974920299:LeaderElection235: begin an election at term 1 for -1: [bcb704dc-2543-42a4-8762-cde039a55a99:192.168.151.99:43663], old=null
2019-09-26 15:39:09,877 [bcb704dc-2543-42a4-8762-cde039a55a99@group-2057EA9C4538:LeaderElection222] INFO  impl.LeaderElection (LeaderElection.java:askForVotes(182)) - bcb704dc-2543-42a4-8762-cde039a55a99@group-2057EA9C4538:LeaderElection222: begin an election at term 1 for -1: [bcb704dc-2543-42a4-8762-cde039a55a99:192.168.151.99:43663], old=null
2019-09-26 15:39:11,311 [bcb704dc-2543-42a4-8762-cde039a55a99@group-2057EA9C4538:LeaderElection222] INFO  impl.RoleInfo (RoleInfo.java:shutdownLeaderElection(134)) - bcb704dc-2543-42a4-8762-cde039a55a99: shutdown LeaderElection
2019-09-26 15:39:09,877 [bcb704dc-2543-42a4-8762-cde039a55a99@group-7CACD3A2D96D:LeaderElection234] INFO  impl.LeaderElection (LeaderElection.java:askForVotes(182)) - bcb704dc-2543-42a4-8762-cde039a55a99@group-7CACD3A2D96D:LeaderElection234: begin an election at term 1 for -1: [bcb704dc-2543-42a4-8762-cde039a55a99:192.168.151.99:43663], old=null
2019-09-26 15:39:09,877 [bcb704dc-2543-42a4-8762-cde039a55a99@group-164137F43D5F:LeaderElection236] INFO  impl.LeaderElection (LeaderElection.java:askForVotes(182)) - bcb704dc-2543-42a4-8762-cde039a55a99@group-164137F43D5F:LeaderElection236: begin an election at term 1 for -1: [bcb704dc-2543-42a4-8762-cde039a55a99:192.168.151.99:43663], old=null
2019-09-26 15:39:09,877 [bcb704dc-2543-42a4-8762-cde039a55a99@group-3CAB2E070FFD:LeaderElection233] INFO  impl.LeaderElection (LeaderElection.java:askForVotes(182)) - bcb704dc-2543-42a4-8762-cde039a55a99@group-3CAB2E070FFD:LeaderElection233: begin an election at term 1 for -1: [bcb704dc-2543-42a4-8762-cde039a55a99:192.168.151.99:43663], old=null
2019-09-26 15:39:09,552 [Thread-2060] INFO  impl.RoleInfo (RoleInfo.java:updateAndGet(143)) - bcb704dc-2543-42a4-8762-cde039a55a99: start LeaderElection
2019-09-26 15:39:09,552 [bcb704dc-2543-42a4-8762-cde039a55a99@group-E184EC457834:LeaderElection205] INFO  segmented.SegmentedRaftLogWorker (SegmentedRaftLogWorker.java:startLogSegment(380)) - bcb704dc-2543-42a4-8762-cde039a55a99@group-E184EC457834-SegmentedRaftLogWorker: Starting segment from index:0
2019-09-26 15:39:09,552 [bcb704dc-2543-42a4-8762-cde039a55a99@group-4B884EBB2E10:LeaderElection195] INFO  impl.RaftServerImpl (ServerState.java:setRaftConf(354)) - bcb704dc-2543-42a4-8762-cde039a55a99@group-4B884EBB2E10: set configuration 0: [bcb704dc-2543-42a4-8762-cde039a55a99:192.168.151.99:43663], old=null at 0
2019-09-26 15:39:09,551 [Thread-2005] INFO  impl.RoleInfo (RoleInfo.java:updateAndGet(143)) - bcb704dc-2543-42a4-8762-cde039a55a99: start LeaderElection
2019-09-26 15:39:09,551 [bcb704dc-2543-42a4-8762-cde039a55a99@group-A09E01A06194:LeaderElection202] INFO  segmented.SegmentedRaftLogWorker (SegmentedRaftLogWorker.java:startLogSegment(380)) - bcb704dc-2543-42a4-8762-cde039a55a99@group-A09E01A06194-SegmentedRaftLogWorker: Starting segment from index:0
2019-09-26 15:39:09,551 [Thread-2044] INFO  impl.RoleInfo (RoleInfo.java:updateAndGet(143)) - bcb704dc-2543-42a4-8762-cde039a55a99: start LeaderElection
2019-09-26 15:39:09,551 [Thread-2029] INFO  impl.RoleInfo (RoleInfo.java:updateAndGet(143)) - bcb704dc-2543-42a4-8762-cde039a55a99: start LeaderElection
2019-09-26 15:39:09,550 [Thread-2035] INFO  impl.RoleInfo (RoleInfo.java:updateAndGet(143)) - bcb704dc-2543-42a4-8762-cde039a55a99: start LeaderElection
2019-09-26 15:39:12,498 [bcb704dc-2543-42a4-8762-cde039a55a99@group-A09E01A06194:LeaderElection202] INFO  impl.RaftServerImpl (ServerState.java:setRaftConf(354)) - bcb704dc-2543-42a4-8762-cde039a55a99@group-A09E01A06194: set configuration 0: [bcb704dc-2543-42a4-8762-cde039a55a99:192.168.151.99:43663], old=null at 0
2019-09-26 15:39:09,550 [RatisPipelineUtilsThread] ERROR pipeline.PipelinePlacementPolicy (PipelinePlacementPolicy.java:filterViableNodes(130)) - Not enough healthy nodes to allocate pipeline. 3  datanodes required. Found 1
2019-09-26 15:39:09,549 [Thread-2057] INFO  impl.RoleInfo (RoleInfo.java:updateAndGet(143)) - bcb704dc-2543-42a4-8762-cde039a55a99: start LeaderElection
2019-09-26 15:39:09,549 [bcb704dc-2543-42a4-8762-cde039a55a99@group-81908E8BCAAC:LeaderElection221] INFO  impl.RaftServerImpl (RaftServerImpl.java:setRole(174)) - bcb704dc-2543-42a4-8762-cde039a55a99@group-81908E8BCAAC: changes role from CANDIDATE to LEADER at term 1 for changeToLeader
2019-09-26 15:39:12,499 [RatisPipelineUtilsThread] ERROR pipeline.SCMPipelineManager (SCMPipelineManager.java:createPipeline(167)) - Pipeline creation failed.
org.apache.hadoop.hdds.scm.exceptions.SCMException: Not enough healthy nodes to allocate pipeline. 3  datanodes required. Found 1
	at org.apache.hadoop.hdds.scm.pipeline.PipelinePlacementPolicy.filterViableNodes(PipelinePlacementPolicy.java:131)
	at org.apache.hadoop.hdds.scm.pipeline.PipelinePlacementPolicy.chooseDatanodes(PipelinePlacementPolicy.java:171)
	at org.apache.hadoop.hdds.scm.pipeline.RatisPipelineProvider.create(RatisPipelineProvider.java:93)
	at org.apache.hadoop.hdds.scm.pipeline.PipelineFactory.create(PipelineFactory.java:58)
	at org.apache.hadoop.hdds.scm.pipeline.SCMPipelineManager.createPipeline(SCMPipelineManager.java:155)
	at org.apache.hadoop.hdds.scm.pipeline.BackgroundPipelineCreator.createPipelines(BackgroundPipelineCreator.java:99)
	at java.util.concurrent.Executors$RunnableAdapter.call(Executors.java:511)
	at java.util.concurrent.FutureTask.run(FutureTask.java:266)
	at java.util.concurrent.ScheduledThreadPoolExecutor$ScheduledFutureTask.access$201(ScheduledThreadPoolExecutor.java:180)
	at java.util.concurrent.ScheduledThreadPoolExecutor$ScheduledFutureTask.run(ScheduledThreadPoolExecutor.java:293)
	at java.util.concurrent.ThreadPoolExecutor.runWorker(ThreadPoolExecutor.java:1149)
	at java.util.concurrent.ThreadPoolExecutor$Worker.run(ThreadPoolExecutor.java:624)
	at java.lang.Thread.run(Thread.java:748)
2019-09-26 15:39:12,497 [bcb704dc-2543-42a4-8762-cde039a55a99@group-FFC8645E5ADC:LeaderElection243] INFO  impl.LeaderElection (LeaderElection.java:askForVotes(182)) - bcb704dc-2543-42a4-8762-cde039a55a99@group-FFC8645E5ADC:LeaderElection243: begin an election at term 1 for -1: [bcb704dc-2543-42a4-8762-cde039a55a99:192.168.151.99:43663], old=null
2019-09-26 15:39:12,495 [bcb704dc-2543-42a4-8762-cde039a55a99@group-D4B90A3E8012:LeaderElection241] INFO  impl.LeaderElection (LeaderElection.java:askForVotes(182)) - bcb704dc-2543-42a4-8762-cde039a55a99@group-D4B90A3E8012:LeaderElection241: begin an election at term 1 for -1: [bcb704dc-2543-42a4-8762-cde039a55a99:192.168.151.99:43663], old=null
2019-09-26 15:39:12,499 [bcb704dc-2543-42a4-8762-cde039a55a99@group-D4B90A3E8012:LeaderElection241] INFO  impl.RoleInfo (RoleInfo.java:shutdownLeaderElection(134)) - bcb704dc-2543-42a4-8762-cde039a55a99: shutdown LeaderElection
2019-09-26 15:39:12,495 [bcb704dc-2543-42a4-8762-cde039a55a99@group-B25BEBFA3DA3:LeaderElection240] INFO  impl.LeaderElection (LeaderElection.java:askForVotes(182)) - bcb704dc-2543-42a4-8762-cde039a55a99@group-B25BEBFA3DA3:LeaderElection240: begin an election at term 1 for -1: [bcb704dc-2543-42a4-8762-cde039a55a99:192.168.151.99:43663], old=null
2019-09-26 15:39:12,192 [bcb704dc-2543-42a4-8762-cde039a55a99@group-C4D905E4103A:LeaderElection244] INFO  impl.LeaderElection (LeaderElection.java:askForVotes(182)) - bcb704dc-2543-42a4-8762-cde039a55a99@group-C4D905E4103A:LeaderElection244: begin an election at term 1 for -1: [bcb704dc-2543-42a4-8762-cde039a55a99:192.168.151.99:43663], old=null
2019-09-26 15:39:12,500 [bcb704dc-2543-42a4-8762-cde039a55a99@group-C4D905E4103A:LeaderElection244] INFO  impl.RoleInfo (RoleInfo.java:shutdownLeaderElection(134)) - bcb704dc-2543-42a4-8762-cde039a55a99: shutdown LeaderElection
2019-09-26 15:39:12,192 [bcb704dc-2543-42a4-8762-cde039a55a99@group-723464252EB8:LeaderElection250] INFO  impl.LeaderElection (LeaderElection.java:askForVotes(182)) - bcb704dc-2543-42a4-8762-cde039a55a99@group-723464252EB8:LeaderElection250: begin an election at term 1 for -1: [bcb704dc-2543-42a4-8762-cde039a55a99:192.168.151.99:43663], old=null
2019-09-26 15:39:12,500 [bcb704dc-2543-42a4-8762-cde039a55a99@group-723464252EB8:LeaderElection250] INFO  impl.RoleInfo (RoleInfo.java:shutdownLeaderElection(134)) - bcb704dc-2543-42a4-8762-cde039a55a99: shutdown LeaderElection
2019-09-26 15:39:12,186 [Thread-2381] INFO  impl.FollowerState (FollowerState.java:run(106)) - bcb704dc-2543-42a4-8762-cde039a55a99:group-04D57B5B7528 changes to CANDIDATE, lastRpcTime:11833, electionTimeout:5184ms
2019-09-26 15:39:11,925 [bcb704dc-2543-42a4-8762-cde039a55a99@group-E184EC457834:LeaderElection205] INFO  impl.RaftServerImpl (ServerState.java:setRaftConf(354)) - bcb704dc-2543-42a4-8762-cde039a55a99@group-E184EC457834: set configuration 0: [bcb704dc-2543-42a4-8762-cde039a55a99:192.168.151.99:43663], old=null at 0
2019-09-26 15:39:11,924 [bcb704dc-2543-42a4-8762-cde039a55a99@group-3CAB2E070FFD:LeaderElection233] INFO  impl.RoleInfo (RoleInfo.java:shutdownLeaderElection(134)) - bcb704dc-2543-42a4-8762-cde039a55a99: shutdown LeaderElection
2019-09-26 15:39:11,924 [bcb704dc-2543-42a4-8762-cde039a55a99@group-164137F43D5F:LeaderElection236] INFO  impl.RoleInfo (RoleInfo.java:shutdownLeaderElection(134)) - bcb704dc-2543-42a4-8762-cde039a55a99: shutdown LeaderElection
2019-09-26 15:39:11,924 [bcb704dc-2543-42a4-8762-cde039a55a99@group-7CACD3A2D96D:LeaderElection234] INFO  impl.RoleInfo (RoleInfo.java:shutdownLeaderElection(134)) - bcb704dc-2543-42a4-8762-cde039a55a99: shutdown LeaderElection
2019-09-26 15:39:12,501 [bcb704dc-2543-42a4-8762-cde039a55a99@group-7CACD3A2D96D:LeaderElection234] INFO  impl.RaftServerImpl (RaftServerImpl.java:setRole(174)) - bcb704dc-2543-42a4-8762-cde039a55a99@group-7CACD3A2D96D: changes role from CANDIDATE to LEADER at term 1 for changeToLeader
2019-09-26 15:39:11,923 [bcb704dc-2543-42a4-8762-cde039a55a99@group-2057EA9C4538:LeaderElection222] INFO  impl.RaftServerImpl (RaftServerImpl.java:setRole(174)) - bcb704dc-2543-42a4-8762-cde039a55a99@group-2057EA9C4538: changes role from CANDIDATE to LEADER at term 1 for changeToLeader
2019-09-26 15:39:11,923 [bcb704dc-2543-42a4-8762-cde039a55a99@group-5350FED428AE:LeaderElection251] INFO  impl.LeaderElection (LeaderElection.java:askForVotes(182)) - bcb704dc-2543-42a4-8762-cde039a55a99@group-5350FED428AE:LeaderElection251: begin an election at term 1 for -1: [bcb704dc-2543-42a4-8762-cde039a55a99:192.168.151.99:43663], old=null
2019-09-26 15:39:12,502 [bcb704dc-2543-42a4-8762-cde039a55a99@group-5350FED428AE:LeaderElection251] INFO  impl.RoleInfo (RoleInfo.java:shutdownLeaderElection(134)) - bcb704dc-2543-42a4-8762-cde039a55a99: shutdown LeaderElection
2019-09-26 15:39:11,923 [bcb704dc-2543-42a4-8762-cde039a55a99@group-BB495E0FFD8F:LeaderElection252] INFO  impl.LeaderElection (LeaderElection.java:askForVotes(182)) - bcb704dc-2543-42a4-8762-cde039a55a99@group-BB495E0FFD8F:LeaderElection252: begin an election at term 1 for -1: [bcb704dc-2543-42a4-8762-cde039a55a99:192.168.151.99:43663], old=null
2019-09-26 15:39:11,914 [bcb704dc-2543-42a4-8762-cde039a55a99@group-DEF52561270D-SegmentedRaftLogWorker] ERROR segmented.SegmentedRaftLogWorker (SegmentedRaftLogWorker.java:run(323)) - bcb704dc-2543-42a4-8762-cde039a55a99@group-DEF52561270D-SegmentedRaftLogWorker hit exception
java.lang.OutOfMemoryError: Direct buffer memory
	at java.nio.Bits.reserveMemory(Bits.java:666)
	at java.nio.DirectByteBuffer.<init>(DirectByteBuffer.java:123)
	at java.nio.ByteBuffer.allocateDirect(ByteBuffer.java:311)
	at org.apache.ratis.server.raftlog.segmented.BufferedWriteChannel.<init>(BufferedWriteChannel.java:41)
	at org.apache.ratis.server.raftlog.segmented.SegmentedRaftLogOutputStream.<init>(SegmentedRaftLogOutputStream.java:72)
	at org.apache.ratis.server.raftlog.segmented.SegmentedRaftLogWorker$StartLogSegment.execute(SegmentedRaftLogWorker.java:566)
	at org.apache.ratis.server.raftlog.segmented.SegmentedRaftLogWorker.run(SegmentedRaftLogWorker.java:289)
	at java.lang.Thread.run(Thread.java:748)
2019-09-26 15:39:12,502 [bcb704dc-2543-42a4-8762-cde039a55a99@group-DEF52561270D-SegmentedRaftLogWorker] INFO  impl.RaftServerImpl (RaftServerImpl.java:lambda$shutdown$3(251)) - bcb704dc-2543-42a4-8762-cde039a55a99@group-DEF52561270D: shutdown
2019-09-26 15:39:11,311 [bcb704dc-2543-42a4-8762-cde039a55a99@group-A0C5D2D9FA46:LeaderElection190] INFO  impl.RaftServerImpl (ServerState.java:setRaftConf(354)) - bcb704dc-2543-42a4-8762-cde039a55a99@group-A0C5D2D9FA46: set configuration 0: [bcb704dc-2543-42a4-8762-cde039a55a99:192.168.151.99:43663], old=null at 0
2019-09-26 15:39:11,311 [bcb704dc-2543-42a4-8762-cde039a55a99@group-99D974920299:LeaderElection235] INFO  impl.RoleInfo (RoleInfo.java:shutdownLeaderElection(134)) - bcb704dc-2543-42a4-8762-cde039a55a99: shutdown LeaderElection
2019-09-26 15:39:11,311 [bcb704dc-2543-42a4-8762-cde039a55a99@group-2FC65A88D4B5:LeaderElection223] INFO  impl.RoleInfo (RoleInfo.java:shutdownLeaderElection(134)) - bcb704dc-2543-42a4-8762-cde039a55a99: shutdown LeaderElection
2019-09-26 15:39:12,503 [bcb704dc-2543-42a4-8762-cde039a55a99@group-2FC65A88D4B5:LeaderElection223] INFO  impl.RaftServerImpl (RaftServerImpl.java:setRole(174)) - bcb704dc-2543-42a4-8762-cde039a55a99@group-2FC65A88D4B5: changes role from CANDIDATE to LEADER at term 1 for changeToLeader
2019-09-26 15:39:11,311 [bcb704dc-2543-42a4-8762-cde039a55a99@group-18DFCDEF3120:LeaderElection237] INFO  impl.RoleInfo (RoleInfo.java:shutdownLeaderElection(134)) - bcb704dc-2543-42a4-8762-cde039a55a99: shutdown LeaderElection
2019-09-26 15:39:11,311 [Thread-2281] INFO  impl.RoleInfo (RoleInfo.java:shutdownFollowerState(121)) - bcb704dc-2543-42a4-8762-cde039a55a99: shutdown FollowerState
2019-09-26 15:39:11,310 [bcb704dc-2543-42a4-8762-cde039a55a99@group-757F8E04E3F8:LeaderElection255] INFO  impl.LeaderElection (LeaderElection.java:askForVotes(182)) - bcb704dc-2543-42a4-8762-cde039a55a99@group-757F8E04E3F8:LeaderElection255: begin an election at term 1 for -1: [bcb704dc-2543-42a4-8762-cde039a55a99:192.168.151.99:43663], old=null
2019-09-26 15:39:12,503 [bcb704dc-2543-42a4-8762-cde039a55a99@group-757F8E04E3F8:LeaderElection255] INFO  impl.RoleInfo (RoleInfo.java:shutdownLeaderElection(134)) - bcb704dc-2543-42a4-8762-cde039a55a99: shutdown LeaderElection
2019-09-26 15:39:11,310 [bcb704dc-2543-42a4-8762-cde039a55a99@group-71464DC03AA1:LeaderElection256] INFO  impl.LeaderElection (LeaderElection.java:askForVotes(182)) - bcb704dc-2543-42a4-8762-cde039a55a99@group-71464DC03AA1:LeaderElection256: begin an election at term 1 for -1: [bcb704dc-2543-42a4-8762-cde039a55a99:192.168.151.99:43663], old=null
2019-09-26 15:39:11,310 [bcb704dc-2543-42a4-8762-cde039a55a99@group-B76F64AA196D:LeaderElection258] INFO  impl.LeaderElection (LeaderElection.java:askForVotes(182)) - bcb704dc-2543-42a4-8762-cde039a55a99@group-B76F64AA196D:LeaderElection258: begin an election at term 1 for -1: [bcb704dc-2543-42a4-8762-cde039a55a99:192.168.151.99:43663], old=null
2019-09-26 15:39:11,310 [bcb704dc-2543-42a4-8762-cde039a55a99@group-5371FDF97722:LeaderElection259] INFO  impl.LeaderElection (LeaderElection.java:askForVotes(182)) - bcb704dc-2543-42a4-8762-cde039a55a99@group-5371FDF97722:LeaderElection259: begin an election at term 1 for -1: [bcb704dc-2543-42a4-8762-cde039a55a99:192.168.151.99:43663], old=null
2019-09-26 15:39:11,310 [bcb704dc-2543-42a4-8762-cde039a55a99@group-48CD8DAE77F3:LeaderElection257] INFO  impl.LeaderElection (LeaderElection.java:askForVotes(182)) - bcb704dc-2543-42a4-8762-cde039a55a99@group-48CD8DAE77F3:LeaderElection257: begin an election at term 1 for -1: [bcb704dc-2543-42a4-8762-cde039a55a99:192.168.151.99:43663], old=null
2019-09-26 15:39:11,310 [bcb704dc-2543-42a4-8762-cde039a55a99@group-860F4724CA86:LeaderElection254] INFO  impl.LeaderElection (LeaderElection.java:askForVotes(182)) - bcb704dc-2543-42a4-8762-cde039a55a99@group-860F4724CA86:LeaderElection254: begin an election at term 1 for -1: [bcb704dc-2543-42a4-8762-cde039a55a99:192.168.151.99:43663], old=null
2019-09-26 15:39:11,310 [bcb704dc-2543-42a4-8762-cde039a55a99@group-20AC887259AF:LeaderElection253] INFO  impl.LeaderElection (LeaderElection.java:askForVotes(182)) - bcb704dc-2543-42a4-8762-cde039a55a99@group-20AC887259AF:LeaderElection253: begin an election at term 1 for -1: [bcb704dc-2543-42a4-8762-cde039a55a99:192.168.151.99:43663], old=null
2019-09-26 15:39:11,307 [bcb704dc-2543-42a4-8762-cde039a55a99@group-375D6A16F6EF:LeaderElection248] INFO  impl.LeaderElection (LeaderElection.java:askForVotes(182)) - bcb704dc-2543-42a4-8762-cde039a55a99@group-375D6A16F6EF:LeaderElection248: begin an election at term 1 for -1: [bcb704dc-2543-42a4-8762-cde039a55a99:192.168.151.99:43663], old=null
2019-09-26 15:39:11,307 [bcb704dc-2543-42a4-8762-cde039a55a99@group-E216D9E11CC2:LeaderElection245] INFO  impl.LeaderElection (LeaderElection.java:askForVotes(182)) - bcb704dc-2543-42a4-8762-cde039a55a99@group-E216D9E11CC2:LeaderElection245: begin an election at term 1 for -1: [bcb704dc-2543-42a4-8762-cde039a55a99:192.168.151.99:43663], old=null
2019-09-26 15:39:11,307 [bcb704dc-2543-42a4-8762-cde039a55a99@group-BA70793E3DE7:LeaderElection249] INFO  impl.LeaderElection (LeaderElection.java:askForVotes(182)) - bcb704dc-2543-42a4-8762-cde039a55a99@group-BA70793E3DE7:LeaderElection249: begin an election at term 1 for -1: [bcb704dc-2543-42a4-8762-cde039a55a99:192.168.151.99:43663], old=null
2019-09-26 15:39:12,505 [bcb704dc-2543-42a4-8762-cde039a55a99@group-BA70793E3DE7:LeaderElection249] INFO  impl.RoleInfo (RoleInfo.java:shutdownLeaderElection(134)) - bcb704dc-2543-42a4-8762-cde039a55a99: shutdown LeaderElection
2019-09-26 15:39:11,307 [bcb704dc-2543-42a4-8762-cde039a55a99@group-91004EC9A14A:LeaderElection247] INFO  impl.LeaderElection (LeaderElection.java:askForVotes(182)) - bcb704dc-2543-42a4-8762-cde039a55a99@group-91004EC9A14A:LeaderElection247: begin an election at term 1 for -1: [bcb704dc-2543-42a4-8762-cde039a55a99:192.168.151.99:43663], old=null
2019-09-26 15:39:11,307 [bcb704dc-2543-42a4-8762-cde039a55a99@group-C76860977E5E:LeaderElection246] INFO  impl.LeaderElection (LeaderElection.java:askForVotes(182)) - bcb704dc-2543-42a4-8762-cde039a55a99@group-C76860977E5E:LeaderElection246: begin an election at term 1 for -1: [bcb704dc-2543-42a4-8762-cde039a55a99:192.168.151.99:43663], old=null
2019-09-26 15:39:11,300 [bcb704dc-2543-42a4-8762-cde039a55a99@group-4B884EBB2E10-SegmentedRaftLogWorker] ERROR segmented.SegmentedRaftLogWorker (SegmentedRaftLogWorker.java:run(323)) - bcb704dc-2543-42a4-8762-cde039a55a99@group-4B884EBB2E10-SegmentedRaftLogWorker hit exception
java.lang.OutOfMemoryError: Direct buffer memory
	at java.nio.Bits.reserveMemory(Bits.java:666)
	at java.nio.DirectByteBuffer.<init>(DirectByteBuffer.java:123)
	at java.nio.ByteBuffer.allocateDirect(ByteBuffer.java:311)
	at org.apache.ratis.server.raftlog.segmented.BufferedWriteChannel.<init>(BufferedWriteChannel.java:41)
	at org.apache.ratis.server.raftlog.segmented.SegmentedRaftLogOutputStream.<init>(SegmentedRaftLogOutputStream.java:72)
	at org.apache.ratis.server.raftlog.segmented.SegmentedRaftLogWorker$StartLogSegment.execute(SegmentedRaftLogWorker.java:566)
	at org.apache.ratis.server.raftlog.segmented.SegmentedRaftLogWorker.run(SegmentedRaftLogWorker.java:289)
	at java.lang.Thread.run(Thread.java:748)
2019-09-26 15:39:12,505 [bcb704dc-2543-42a4-8762-cde039a55a99@group-4B884EBB2E10-SegmentedRaftLogWorker] INFO  impl.RaftServerImpl (RaftServerImpl.java:lambda$shutdown$3(251)) - bcb704dc-2543-42a4-8762-cde039a55a99@group-4B884EBB2E10: shutdown
2019-09-26 15:39:10,983 [bcb704dc-2543-42a4-8762-cde039a55a99@group-DEDDB087FD78-SegmentedRaftLogWorker] INFO  impl.StateMachineUpdater (StateMachineUpdater.java:stopAndJoin(125)) - bcb704dc-2543-42a4-8762-cde039a55a99@group-DEDDB087FD78-StateMachineUpdater: set stopIndex = -1
2019-09-26 15:39:12,506 [bcb704dc-2543-42a4-8762-cde039a55a99@group-DEDDB087FD78-SegmentedRaftLogWorker] INFO  impl.RaftServerImpl (ServerState.java:close(385)) - bcb704dc-2543-42a4-8762-cde039a55a99@group-DEDDB087FD78: closes. applyIndex: -1
2019-09-26 15:39:10,981 [bcb704dc-2543-42a4-8762-cde039a55a99@group-D3FDF48AE4AA-SegmentedRaftLogWorker] INFO  impl.StateMachineUpdater (StateMachineUpdater.java:stopAndJoin(125)) - bcb704dc-2543-42a4-8762-cde039a55a99@group-D3FDF48AE4AA-StateMachineUpdater: set stopIndex = -1
2019-09-26 15:39:12,506 [bcb704dc-2543-42a4-8762-cde039a55a99@group-D3FDF48AE4AA-SegmentedRaftLogWorker] INFO  impl.RaftServerImpl (ServerState.java:close(385)) - bcb704dc-2543-42a4-8762-cde039a55a99@group-D3FDF48AE4AA: closes. applyIndex: -1
2019-09-26 15:39:10,981 [bcb704dc-2543-42a4-8762-cde039a55a99@group-7C568138CBDB:LeaderElection188] INFO  impl.RaftServerImpl (ServerState.java:setRaftConf(354)) - bcb704dc-2543-42a4-8762-cde039a55a99@group-7C568138CBDB: set configuration 0: [bcb704dc-2543-42a4-8762-cde039a55a99:192.168.151.99:43663], old=null at 0
2019-09-26 15:39:10,981 [bcb704dc-2543-42a4-8762-cde039a55a99@group-4786CBF0DBEA:LeaderElection198] INFO  impl.RoleInfo (RoleInfo.java:updateAndGet(143)) - bcb704dc-2543-42a4-8762-cde039a55a99: start LeaderState
2019-09-26 15:39:10,981 [Thread-2090] INFO  impl.RoleInfo (RoleInfo.java:updateAndGet(143)) - bcb704dc-2543-42a4-8762-cde039a55a99: start LeaderElection
2019-09-26 15:39:10,980 [Thread-2087] INFO  impl.RoleInfo (RoleInfo.java:updateAndGet(143)) - bcb704dc-2543-42a4-8762-cde039a55a99: start LeaderElection
2019-09-26 15:39:10,980 [bcb704dc-2543-42a4-8762-cde039a55a99@group-4B85105F5536:LeaderElection220] INFO  impl.RaftServerImpl (ServerState.java:setLeader(253)) - bcb704dc-2543-42a4-8762-cde039a55a99@group-4B85105F5536: change Leader from null to bcb704dc-2543-42a4-8762-cde039a55a99 at term 1 for becomeLeader, leader elected after 11163ms
2019-09-26 15:39:10,980 [bcb704dc-2543-42a4-8762-cde039a55a99@group-B2A28DABB48B:LeaderElection219] INFO  impl.RaftServerImpl (ServerState.java:setLeader(253)) - bcb704dc-2543-42a4-8762-cde039a55a99@group-B2A28DABB48B: change Leader from null to bcb704dc-2543-42a4-8762-cde039a55a99 at term 1 for becomeLeader, leader elected after 11231ms
2019-09-26 15:39:10,980 [bcb704dc-2543-42a4-8762-cde039a55a99@group-A778D7837BC2:LeaderElection192] INFO  segmented.SegmentedRaftLogWorker (SegmentedRaftLogWorker.java:startLogSegment(380)) - bcb704dc-2543-42a4-8762-cde039a55a99@group-A778D7837BC2-SegmentedRaftLogWorker: Starting segment from index:0
2019-09-26 15:39:10,980 [bcb704dc-2543-42a4-8762-cde039a55a99@group-BE5CDE6B6C20-SegmentedRaftLogWorker] INFO  impl.StateMachineUpdater (StateMachineUpdater.java:stopAndJoin(125)) - bcb704dc-2543-42a4-8762-cde039a55a99@group-BE5CDE6B6C20-StateMachineUpdater: set stopIndex = -1
2019-09-26 15:39:12,507 [bcb704dc-2543-42a4-8762-cde039a55a99@group-BE5CDE6B6C20-SegmentedRaftLogWorker] INFO  impl.RaftServerImpl (ServerState.java:close(385)) - bcb704dc-2543-42a4-8762-cde039a55a99@group-BE5CDE6B6C20: closes. applyIndex: -1
2019-09-26 15:39:10,979 [bcb704dc-2543-42a4-8762-cde039a55a99@group-0A32BFDC6864:LeaderElection199] INFO  server.RaftServerConfigKeys (ConfUtils.java:logGet(43)) - raft.server.watch.element-limit = 65536 (default)
2019-09-26 15:39:10,979 [pool-123-thread-1] INFO  server.RaftServerConfigKeys (ConfUtils.java:logGet(43)) - raft.server.log.appender.buffer.byte-limit = 33554432 (custom)
2019-09-26 15:39:10,979 [bcb704dc-2543-42a4-8762-cde039a55a99@group-19297E754D09:LeaderElection214] INFO  server.RaftServerConfigKeys (ConfUtils.java:logGet(43)) - raft.server.write.element-limit = 4096 (default)
2019-09-26 15:39:10,979 [bcb704dc-2543-42a4-8762-cde039a55a99@group-0DF8239C052C:LeaderElection218] INFO  server.RaftServerConfigKeys (ConfUtils.java:logGet(43)) - raft.server.watch.timeout = 10s (default)
2019-09-26 15:39:10,978 [bcb704dc-2543-42a4-8762-cde039a55a99@group-1807F0C4354B:LeaderElection215] INFO  server.RaftServerConfigKeys (ConfUtils.java:logGet(43)) - raft.server.write.element-limit = 4096 (default)
2019-09-26 15:39:10,974 [bcb704dc-2543-42a4-8762-cde039a55a99@group-19733DFA91CE:LeaderElection212] INFO  impl.RoleInfo (RoleInfo.java:updateAndGet(143)) - bcb704dc-2543-42a4-8762-cde039a55a99: start LeaderState
2019-09-26 15:39:10,974 [bcb704dc-2543-42a4-8762-cde039a55a99@group-8C4E846757B0:LeaderElection201] INFO  impl.RoleInfo (RoleInfo.java:updateAndGet(143)) - bcb704dc-2543-42a4-8762-cde039a55a99: start LeaderState
2019-09-26 15:39:10,973 [bcb704dc-2543-42a4-8762-cde039a55a99@group-4E34C6955B17:LeaderElection204] INFO  impl.RoleInfo (RoleInfo.java:updateAndGet(143)) - bcb704dc-2543-42a4-8762-cde039a55a99: start LeaderState
2019-09-26 15:39:10,973 [bcb704dc-2543-42a4-8762-cde039a55a99@group-353F2047EF06:LeaderElection194] INFO  impl.RoleInfo (RoleInfo.java:updateAndGet(143)) - bcb704dc-2543-42a4-8762-cde039a55a99: start LeaderState
2019-09-26 15:39:12,852 [bcb704dc-2543-42a4-8762-cde039a55a99@group-4E34C6955B17:LeaderElection204] INFO  segmented.SegmentedRaftLogWorker (SegmentedRaftLogWorker.java:startLogSegment(380)) - bcb704dc-2543-42a4-8762-cde039a55a99@group-4E34C6955B17-SegmentedRaftLogWorker: Starting segment from index:0
2019-09-26 15:39:10,973 [bcb704dc-2543-42a4-8762-cde039a55a99@group-312551D5FA7C:LeaderElection191] INFO  impl.RoleInfo (RoleInfo.java:updateAndGet(143)) - bcb704dc-2543-42a4-8762-cde039a55a99: start LeaderState
2019-09-26 15:39:10,971 [bcb704dc-2543-42a4-8762-cde039a55a99@group-F6F6A7BDA922:LeaderElection213] INFO  impl.RoleInfo (RoleInfo.java:updateAndGet(143)) - bcb704dc-2543-42a4-8762-cde039a55a99: start LeaderState
2019-09-26 15:39:10,970 [bcb704dc-2543-42a4-8762-cde039a55a99@group-CDE0182ACA4A-SegmentedRaftLogWorker] ERROR segmented.SegmentedRaftLogWorker (SegmentedRaftLogWorker.java:run(323)) - bcb704dc-2543-42a4-8762-cde039a55a99@group-CDE0182ACA4A-SegmentedRaftLogWorker hit exception
java.lang.OutOfMemoryError: Direct buffer memory
	at java.nio.Bits.reserveMemory(Bits.java:666)
	at java.nio.DirectByteBuffer.<init>(DirectByteBuffer.java:123)
	at java.nio.ByteBuffer.allocateDirect(ByteBuffer.java:311)
	at org.apache.ratis.server.raftlog.segmented.BufferedWriteChannel.<init>(BufferedWriteChannel.java:41)
	at org.apache.ratis.server.raftlog.segmented.SegmentedRaftLogOutputStream.<init>(SegmentedRaftLogOutputStream.java:72)
	at org.apache.ratis.server.raftlog.segmented.SegmentedRaftLogWorker$StartLogSegment.execute(SegmentedRaftLogWorker.java:566)
	at org.apache.ratis.server.raftlog.segmented.SegmentedRaftLogWorker.run(SegmentedRaftLogWorker.java:289)
	at java.lang.Thread.run(Thread.java:748)
2019-09-26 15:39:13,122 [bcb704dc-2543-42a4-8762-cde039a55a99@group-CDE0182ACA4A-SegmentedRaftLogWorker] INFO  impl.RaftServerImpl (RaftServerImpl.java:lambda$shutdown$3(251)) - bcb704dc-2543-42a4-8762-cde039a55a99@group-CDE0182ACA4A: shutdown
2019-09-26 15:39:10,970 [bcb704dc-2543-42a4-8762-cde039a55a99@group-280A8A57BC6F-SegmentedRaftLogWorker] ERROR segmented.SegmentedRaftLogWorker (SegmentedRaftLogWorker.java:run(323)) - bcb704dc-2543-42a4-8762-cde039a55a99@group-280A8A57BC6F-SegmentedRaftLogWorker hit exception
java.lang.OutOfMemoryError: Direct buffer memory
	at java.nio.Bits.reserveMemory(Bits.java:666)
	at java.nio.DirectByteBuffer.<init>(DirectByteBuffer.java:123)
	at java.nio.ByteBuffer.allocateDirect(ByteBuffer.java:311)
	at org.apache.ratis.server.raftlog.segmented.BufferedWriteChannel.<init>(BufferedWriteChannel.java:41)
	at org.apache.ratis.server.raftlog.segmented.SegmentedRaftLogOutputStream.<init>(SegmentedRaftLogOutputStream.java:72)
	at org.apache.ratis.server.raftlog.segmented.SegmentedRaftLogWorker$StartLogSegment.execute(SegmentedRaftLogWorker.java:566)
	at org.apache.ratis.server.raftlog.segmented.SegmentedRaftLogWorker.run(SegmentedRaftLogWorker.java:289)
	at java.lang.Thread.run(Thread.java:748)
2019-09-26 15:39:13,123 [bcb704dc-2543-42a4-8762-cde039a55a99@group-280A8A57BC6F-SegmentedRaftLogWorker] INFO  impl.RaftServerImpl (RaftServerImpl.java:lambda$shutdown$3(251)) - bcb704dc-2543-42a4-8762-cde039a55a99@group-280A8A57BC6F: shutdown
2019-09-26 15:39:10,970 [bcb704dc-2543-42a4-8762-cde039a55a99@group-0C31D75A80BF-SegmentedRaftLogWorker] ERROR segmented.SegmentedRaftLogWorker (SegmentedRaftLogWorker.java:run(323)) - bcb704dc-2543-42a4-8762-cde039a55a99@group-0C31D75A80BF-SegmentedRaftLogWorker hit exception
java.lang.OutOfMemoryError: Direct buffer memory
	at java.nio.Bits.reserveMemory(Bits.java:666)
	at java.nio.DirectByteBuffer.<init>(DirectByteBuffer.java:123)
	at java.nio.ByteBuffer.allocateDirect(ByteBuffer.java:311)
	at org.apache.ratis.server.raftlog.segmented.BufferedWriteChannel.<init>(BufferedWriteChannel.java:41)
	at org.apache.ratis.server.raftlog.segmented.SegmentedRaftLogOutputStream.<init>(SegmentedRaftLogOutputStream.java:72)
	at org.apache.ratis.server.raftlog.segmented.SegmentedRaftLogWorker$StartLogSegment.execute(SegmentedRaftLogWorker.java:566)
	at org.apache.ratis.server.raftlog.segmented.SegmentedRaftLogWorker.run(SegmentedRaftLogWorker.java:289)
	at java.lang.Thread.run(Thread.java:748)
2019-09-26 15:39:10,666 [bcb704dc-2543-42a4-8762-cde039a55a99@group-CAD346B564AD-SegmentedRaftLogWorker] INFO  impl.StateMachineUpdater (StateMachineUpdater.java:stopAndJoin(125)) - bcb704dc-2543-42a4-8762-cde039a55a99@group-CAD346B564AD-StateMachineUpdater: set stopIndex = -1
2019-09-26 15:39:10,665 [bcb704dc-2543-42a4-8762-cde039a55a99@group-DA2C5CB8BB65:LeaderElection189] INFO  impl.RaftServerImpl (ServerState.java:setRaftConf(354)) - bcb704dc-2543-42a4-8762-cde039a55a99@group-DA2C5CB8BB65: set configuration 0: [bcb704dc-2543-42a4-8762-cde039a55a99:192.168.151.99:43663], old=null at 0
2019-09-26 15:39:10,665 [bcb704dc-2543-42a4-8762-cde039a55a99@group-AD2BD46986A8-SegmentedRaftLogWorker] INFO  impl.StateMachineUpdater (StateMachineUpdater.java:stopAndJoin(125)) - bcb704dc-2543-42a4-8762-cde039a55a99@group-AD2BD46986A8-StateMachineUpdater: set stopIndex = -1
2019-09-26 15:39:13,124 [bcb704dc-2543-42a4-8762-cde039a55a99@group-AD2BD46986A8-SegmentedRaftLogWorker] INFO  impl.RaftServerImpl (ServerState.java:close(385)) - bcb704dc-2543-42a4-8762-cde039a55a99@group-AD2BD46986A8: closes. applyIndex: -1
2019-09-26 15:39:10,664 [bcb704dc-2543-42a4-8762-cde039a55a99@group-E9033DA04B7D:LeaderElection200] INFO  server.RaftServerConfigKeys (ConfUtils.java:logGet(43)) - raft.server.watch.element-limit = 65536 (default)
2019-09-26 15:39:10,664 [bcb704dc-2543-42a4-8762-cde039a55a99@group-6D85AD78C566:LeaderElection217] INFO  server.RaftServerConfigKeys (ConfUtils.java:logGet(43)) - raft.server.rpc.sleep.time = 25ms (default)
2019-09-26 15:39:10,664 [bcb704dc-2543-42a4-8762-cde039a55a99@group-23B603725A20:LeaderElection187] INFO  server.RaftServerConfigKeys (ConfUtils.java:logGet(43)) - raft.server.watch.element-limit = 65536 (default)
2019-09-26 15:39:10,664 [bcb704dc-2543-42a4-8762-cde039a55a99@group-165F9EB473BC-SegmentedRaftLogWorker] INFO  segmented.SegmentedRaftLogWorker (SegmentedRaftLogWorker.java:close(228)) - bcb704dc-2543-42a4-8762-cde039a55a99@group-165F9EB473BC-SegmentedRaftLogWorker close()
2019-09-26 15:39:10,664 [bcb704dc-2543-42a4-8762-cde039a55a99@group-763AB41DED64-SegmentedRaftLogWorker] INFO  segmented.SegmentedRaftLogWorker (SegmentedRaftLogWorker.java:close(228)) - bcb704dc-2543-42a4-8762-cde039a55a99@group-763AB41DED64-SegmentedRaftLogWorker close()
2019-09-26 15:39:10,333 [bcb704dc-2543-42a4-8762-cde039a55a99@group-2D09A842301B:LeaderElection206] INFO  server.RaftServerConfigKeys (ConfUtils.java:logGet(43)) - raft.server.watch.element-limit = 65536 (default)
2019-09-26 15:39:10,655 [bcb704dc-2543-42a4-8762-cde039a55a99@group-E41E9E7B90A5-SegmentedRaftLogWorker] ERROR segmented.SegmentedRaftLogWorker (SegmentedRaftLogWorker.java:run(323)) - bcb704dc-2543-42a4-8762-cde039a55a99@group-E41E9E7B90A5-SegmentedRaftLogWorker hit exception
java.lang.OutOfMemoryError: Direct buffer memory
	at java.nio.Bits.reserveMemory(Bits.java:666)
	at java.nio.DirectByteBuffer.<init>(DirectByteBuffer.java:123)
	at java.nio.ByteBuffer.allocateDirect(ByteBuffer.java:311)
	at org.apache.ratis.server.raftlog.segmented.BufferedWriteChannel.<init>(BufferedWriteChannel.java:41)
	at org.apache.ratis.server.raftlog.segmented.SegmentedRaftLogOutputStream.<init>(SegmentedRaftLogOutputStream.java:72)
	at org.apache.ratis.server.raftlog.segmented.SegmentedRaftLogWorker$StartLogSegment.execute(SegmentedRaftLogWorker.java:566)
	at org.apache.ratis.server.raftlog.segmented.SegmentedRaftLogWorker.run(SegmentedRaftLogWorker.java:289)
	at java.lang.Thread.run(Thread.java:748)
2019-09-26 15:39:13,125 [bcb704dc-2543-42a4-8762-cde039a55a99@group-E41E9E7B90A5-SegmentedRaftLogWorker] INFO  impl.RaftServerImpl (RaftServerImpl.java:lambda$shutdown$3(251)) - bcb704dc-2543-42a4-8762-cde039a55a99@group-E41E9E7B90A5: shutdown
2019-09-26 15:39:10,333 [bcb704dc-2543-42a4-8762-cde039a55a99@group-9CAC7CB13E97:LeaderElection216] INFO  server.RaftServerConfigKeys (ConfUtils.java:logGet(43)) - raft.server.staging.catchup.gap = 1000 (default)
2019-09-26 15:39:10,332 [bcb704dc-2543-42a4-8762-cde039a55a99@group-008535A2A097:LeaderElection185] INFO  segmented.SegmentedRaftLogWorker (SegmentedRaftLogWorker.java:startLogSegment(380)) - bcb704dc-2543-42a4-8762-cde039a55a99@group-008535A2A097-SegmentedRaftLogWorker: Starting segment from index:0
2019-09-26 15:39:10,332 [bcb704dc-2543-42a4-8762-cde039a55a99@group-FF44B23A8D1F-SegmentedRaftLogWorker] INFO  util.JmxRegister (JmxRegister.java:unregister(73)) - Successfully un-registered JMX Bean with object name Ratis:service=RaftServer,group=group-FF44B23A8D1F,id=bcb704dc-2543-42a4-8762-cde039a55a99
2019-09-26 15:39:10,305 [bcb704dc-2543-42a4-8762-cde039a55a99@group-071C3AE303E0:LeaderElection224] INFO  impl.RoleInfo (RoleInfo.java:shutdownLeaderElection(134)) - bcb704dc-2543-42a4-8762-cde039a55a99: shutdown LeaderElection
2019-09-26 15:39:13,126 [bcb704dc-2543-42a4-8762-cde039a55a99@group-008535A2A097:LeaderElection185] INFO  impl.RaftServerImpl (ServerState.java:setRaftConf(354)) - bcb704dc-2543-42a4-8762-cde039a55a99@group-008535A2A097: set configuration 0: [bcb704dc-2543-42a4-8762-cde039a55a99:192.168.151.99:43663], old=null at 0
2019-09-26 15:39:10,305 [bcb704dc-2543-42a4-8762-cde039a55a99@group-05AF4C6C8552:LeaderElection260] INFO  impl.RaftServerImpl (RaftServerImpl.java:setRole(174)) - bcb704dc-2543-42a4-8762-cde039a55a99@group-05AF4C6C8552: changes role from CANDIDATE to LEADER at term 1 for changeToLeader
2019-09-26 15:39:10,304 [bcb704dc-2543-42a4-8762-cde039a55a99@group-42C57E31B95C:LeaderElection226] INFO  impl.RaftServerImpl (RaftServerImpl.java:setRole(174)) - bcb704dc-2543-42a4-8762-cde039a55a99@group-42C57E31B95C: changes role from CANDIDATE to LEADER at term 1 for changeToLeader
2019-09-26 15:39:13,470 [bcb704dc-2543-42a4-8762-cde039a55a99@group-42C57E31B95C:LeaderElection226] INFO  impl.RaftServerImpl (ServerState.java:setLeader(253)) - bcb704dc-2543-42a4-8762-cde039a55a99@group-42C57E31B95C: change Leader from null to bcb704dc-2543-42a4-8762-cde039a55a99 at term 1 for becomeLeader, leader elected after 12848ms
2019-09-26 15:39:10,304 [bcb704dc-2543-42a4-8762-cde039a55a99@group-42E764F99F92:LeaderElection225] INFO  impl.RoleInfo (RoleInfo.java:shutdownLeaderElection(134)) - bcb704dc-2543-42a4-8762-cde039a55a99: shutdown LeaderElection
2019-09-26 15:39:10,304 [bcb704dc-2543-42a4-8762-cde039a55a99@group-8891CF406B17:LeaderElection228] INFO  impl.RoleInfo (RoleInfo.java:shutdownLeaderElection(134)) - bcb704dc-2543-42a4-8762-cde039a55a99: shutdown LeaderElection
2019-09-26 15:39:10,304 [bcb704dc-2543-42a4-8762-cde039a55a99@group-4B788DE994AB:LeaderElection229] INFO  impl.RoleInfo (RoleInfo.java:shutdownLeaderElection(134)) - bcb704dc-2543-42a4-8762-cde039a55a99: shutdown LeaderElection
2019-09-26 15:39:10,304 [bcb704dc-2543-42a4-8762-cde039a55a99@group-CD5767121D26:LeaderElection230] INFO  impl.RoleInfo (RoleInfo.java:shutdownLeaderElection(134)) - bcb704dc-2543-42a4-8762-cde039a55a99: shutdown LeaderElection
2019-09-26 15:39:10,304 [bcb704dc-2543-42a4-8762-cde039a55a99@group-617888AA4A51:LeaderElection232] INFO  impl.RoleInfo (RoleInfo.java:shutdownLeaderElection(134)) - bcb704dc-2543-42a4-8762-cde039a55a99: shutdown LeaderElection
2019-09-26 15:39:13,471 [bcb704dc-2543-42a4-8762-cde039a55a99@group-617888AA4A51:LeaderElection232] INFO  impl.RaftServerImpl (RaftServerImpl.java:setRole(174)) - bcb704dc-2543-42a4-8762-cde039a55a99@group-617888AA4A51: changes role from CANDIDATE to LEADER at term 1 for changeToLeader
2019-09-26 15:39:13,472 [bcb704dc-2543-42a4-8762-cde039a55a99@group-617888AA4A51:LeaderElection232] INFO  impl.RaftServerImpl (ServerState.java:setLeader(253)) - bcb704dc-2543-42a4-8762-cde039a55a99@group-617888AA4A51: change Leader from null to bcb704dc-2543-42a4-8762-cde039a55a99 at term 1 for becomeLeader, leader elected after 17673ms
2019-09-26 15:39:10,304 [bcb704dc-2543-42a4-8762-cde039a55a99@group-BBF433C8F92D:LeaderElection209] INFO  segmented.SegmentedRaftLogWorker (SegmentedRaftLogWorker.java:startLogSegment(380)) - bcb704dc-2543-42a4-8762-cde039a55a99@group-BBF433C8F92D-SegmentedRaftLogWorker: Starting segment from index:0
2019-09-26 15:39:10,303 [bcb704dc-2543-42a4-8762-cde039a55a99@group-69BB3C0B63D8:LeaderElection231] INFO  impl.RoleInfo (RoleInfo.java:shutdownLeaderElection(134)) - bcb704dc-2543-42a4-8762-cde039a55a99: shutdown LeaderElection
2019-09-26 15:39:10,303 [bcb704dc-2543-42a4-8762-cde039a55a99@group-4D04F2324D2E:LeaderElection227] INFO  impl.RoleInfo (RoleInfo.java:shutdownLeaderElection(134)) - bcb704dc-2543-42a4-8762-cde039a55a99: shutdown LeaderElection
2019-09-26 15:39:13,473 [bcb704dc-2543-42a4-8762-cde039a55a99@group-23B603725A20:LeaderElection187] INFO  impl.RoleInfo (RoleInfo.java:updateAndGet(143)) - bcb704dc-2543-42a4-8762-cde039a55a99: start LeaderState
2019-09-26 15:39:10,303 [bcb704dc-2543-42a4-8762-cde039a55a99@group-4E88BFDC7C13-SegmentedRaftLogWorker] INFO  util.JmxRegister (JmxRegister.java:unregister(73)) - Successfully un-registered JMX Bean with object name Ratis:service=RaftServer,group=group-4E88BFDC7C13,id=bcb704dc-2543-42a4-8762-cde039a55a99
2019-09-26 15:39:13,473 [bcb704dc-2543-42a4-8762-cde039a55a99@group-4E88BFDC7C13-SegmentedRaftLogWorker] INFO  impl.RoleInfo (RoleInfo.java:shutdownLeaderState(104)) - bcb704dc-2543-42a4-8762-cde039a55a99: shutdown LeaderState
2019-09-26 15:39:10,303 [bcb704dc-2543-42a4-8762-cde039a55a99@group-FDAD0B55B238-SegmentedRaftLogWorker] INFO  impl.PendingRequests (PendingRequests.java:sendNotLeaderResponses(202)) - bcb704dc-2543-42a4-8762-cde039a55a99-PendingRequests: sendNotLeaderResponses
2019-09-26 15:39:10,303 [bcb704dc-2543-42a4-8762-cde039a55a99@group-11C7A05DD744:LeaderElection196] INFO  impl.RoleInfo (RoleInfo.java:updateAndGet(143)) - bcb704dc-2543-42a4-8762-cde039a55a99: start LeaderState
2019-09-26 15:39:10,303 [bcb704dc-2543-42a4-8762-cde039a55a99@group-6B7863180474:LeaderElection203] INFO  segmented.SegmentedRaftLogWorker (SegmentedRaftLogWorker.java:startLogSegment(380)) - bcb704dc-2543-42a4-8762-cde039a55a99@group-6B7863180474-SegmentedRaftLogWorker: Starting segment from index:0
2019-09-26 15:39:10,303 [Thread-2162] INFO  impl.RaftServerImpl (RaftServerImpl.java:setRole(174)) - bcb704dc-2543-42a4-8762-cde039a55a99@group-FB26FC18925F: changes role from  FOLLOWER to CANDIDATE at term 0 for changeToCandidate
2019-09-26 15:39:10,303 [Thread-2159] INFO  impl.RoleInfo (RoleInfo.java:updateAndGet(143)) - bcb704dc-2543-42a4-8762-cde039a55a99: start LeaderElection
2019-09-26 15:39:13,770 [bcb704dc-2543-42a4-8762-cde039a55a99@group-6B7863180474:LeaderElection203] INFO  impl.RaftServerImpl (ServerState.java:setRaftConf(354)) - bcb704dc-2543-42a4-8762-cde039a55a99@group-6B7863180474: set configuration 0: [bcb704dc-2543-42a4-8762-cde039a55a99:192.168.151.99:43663], old=null at 0
2019-09-26 15:39:10,303 [Thread-2475] INFO  impl.RoleInfo (RoleInfo.java:updateAndGet(143)) - bcb704dc-2543-42a4-8762-cde039a55a99: start LeaderElection
2019-09-26 15:39:10,302 [bcb704dc-2543-42a4-8762-cde039a55a99@group-B04EACC30477:LeaderElection193] INFO  segmented.SegmentedRaftLogWorker (SegmentedRaftLogWorker.java:startLogSegment(380)) - bcb704dc-2543-42a4-8762-cde039a55a99@group-B04EACC30477-SegmentedRaftLogWorker: Starting segment from index:0
2019-09-26 15:39:10,302 [bcb704dc-2543-42a4-8762-cde039a55a99@group-5542967D52A3-SegmentedRaftLogWorker] INFO  impl.RoleInfo (RoleInfo.java:shutdownLeaderState(104)) - bcb704dc-2543-42a4-8762-cde039a55a99: shutdown LeaderState
2019-09-26 15:39:10,302 [bcb704dc-2543-42a4-8762-cde039a55a99@group-0B9A04D0016D-SegmentedRaftLogWorker] INFO  impl.PendingRequests (PendingRequests.java:sendNotLeaderResponses(202)) - bcb704dc-2543-42a4-8762-cde039a55a99-PendingRequests: sendNotLeaderResponses
2019-09-26 15:39:10,302 [bcb704dc-2543-42a4-8762-cde039a55a99@group-29694A780B41-SegmentedRaftLogWorker] INFO  impl.StateMachineUpdater (StateMachineUpdater.java:stopAndJoin(125)) - bcb704dc-2543-42a4-8762-cde039a55a99@group-29694A780B41-StateMachineUpdater: set stopIndex = -1
2019-09-26 15:39:10,302 [bcb704dc-2543-42a4-8762-cde039a55a99@group-884AB6599596:LeaderElection211] INFO  server.RaftServerConfigKeys (ConfUtils.java:logGet(43)) - raft.server.watch.timeout.denomination = 1s (default)
2019-09-26 15:39:10,302 [bcb704dc-2543-42a4-8762-cde039a55a99@group-82088539EA4F:LeaderElection186] INFO  impl.RoleInfo (RoleInfo.java:updateAndGet(143)) - bcb704dc-2543-42a4-8762-cde039a55a99: start LeaderState
2019-09-26 15:39:14,296 [bcb704dc-2543-42a4-8762-cde039a55a99@group-884AB6599596:LeaderElection211] INFO  server.RaftServerConfigKeys (ConfUtils.java:logGet(43)) - raft.server.watch.element-limit = 65536 (default)
2019-09-26 15:39:14,296 [bcb704dc-2543-42a4-8762-cde039a55a99@group-82088539EA4F:LeaderElection186] INFO  segmented.SegmentedRaftLogWorker (SegmentedRaftLogWorker.java:startLogSegment(380)) - bcb704dc-2543-42a4-8762-cde039a55a99@group-82088539EA4F-SegmentedRaftLogWorker: Starting segment from index:0
2019-09-26 15:39:14,296 [bcb704dc-2543-42a4-8762-cde039a55a99@group-29694A780B41-SegmentedRaftLogWorker] INFO  impl.RaftServerImpl (ServerState.java:close(385)) - bcb704dc-2543-42a4-8762-cde039a55a99@group-29694A780B41: closes. applyIndex: -1
2019-09-26 15:39:14,296 [bcb704dc-2543-42a4-8762-cde039a55a99@group-0B9A04D0016D-SegmentedRaftLogWorker] INFO  impl.StateMachineUpdater (StateMachineUpdater.java:stopAndJoin(125)) - bcb704dc-2543-42a4-8762-cde039a55a99@group-0B9A04D0016D-StateMachineUpdater: set stopIndex = -1
2019-09-26 15:39:14,032 [bcb704dc-2543-42a4-8762-cde039a55a99@group-B04EACC30477:LeaderElection193] INFO  impl.RaftServerImpl (ServerState.java:setRaftConf(354)) - bcb704dc-2543-42a4-8762-cde039a55a99@group-B04EACC30477: set configuration 0: [bcb704dc-2543-42a4-8762-cde039a55a99:192.168.151.99:43663], old=null at 0
2019-09-26 15:39:14,297 [bcb704dc-2543-42a4-8762-cde039a55a99@group-82088539EA4F:LeaderElection186] INFO  impl.RaftServerImpl (ServerState.java:setRaftConf(354)) - bcb704dc-2543-42a4-8762-cde039a55a99@group-82088539EA4F: set configuration 0: [bcb704dc-2543-42a4-8762-cde039a55a99:192.168.151.99:43663], old=null at 0
2019-09-26 15:39:14,032 [bcb704dc-2543-42a4-8762-cde039a55a99@group-5542967D52A3-SegmentedRaftLogWorker] INFO  impl.PendingRequests (PendingRequests.java:sendNotLeaderResponses(202)) - bcb704dc-2543-42a4-8762-cde039a55a99-PendingRequests: sendNotLeaderResponses
2019-09-26 15:39:14,024 [bcb704dc-2543-42a4-8762-cde039a55a99@group-A0C5D2D9FA46-SegmentedRaftLogWorker] ERROR segmented.SegmentedRaftLogWorker (SegmentedRaftLogWorker.java:run(323)) - bcb704dc-2543-42a4-8762-cde039a55a99@group-A0C5D2D9FA46-SegmentedRaftLogWorker hit exception
java.lang.OutOfMemoryError: Direct buffer memory
	at java.nio.Bits.reserveMemory(Bits.java:666)
	at java.nio.DirectByteBuffer.<init>(DirectByteBuffer.java:123)
	at java.nio.ByteBuffer.allocateDirect(ByteBuffer.java:311)
	at org.apache.ratis.server.raftlog.segmented.BufferedWriteChannel.<init>(BufferedWriteChannel.java:41)
	at org.apache.ratis.server.raftlog.segmented.SegmentedRaftLogOutputStream.<init>(SegmentedRaftLogOutputStream.java:72)
	at org.apache.ratis.server.raftlog.segmented.SegmentedRaftLogWorker$StartLogSegment.execute(SegmentedRaftLogWorker.java:566)
	at org.apache.ratis.server.raftlog.segmented.SegmentedRaftLogWorker.run(SegmentedRaftLogWorker.java:289)
	at java.lang.Thread.run(Thread.java:748)
2019-09-26 15:39:14,024 [bcb704dc-2543-42a4-8762-cde039a55a99@group-A09E01A06194-SegmentedRaftLogWorker] ERROR segmented.SegmentedRaftLogWorker (SegmentedRaftLogWorker.java:run(323)) - bcb704dc-2543-42a4-8762-cde039a55a99@group-A09E01A06194-SegmentedRaftLogWorker hit exception
java.lang.OutOfMemoryError: Direct buffer memory
	at java.nio.Bits.reserveMemory(Bits.java:666)
	at java.nio.DirectByteBuffer.<init>(DirectByteBuffer.java:123)
	at java.nio.ByteBuffer.allocateDirect(ByteBuffer.java:311)
	at org.apache.ratis.server.raftlog.segmented.BufferedWriteChannel.<init>(BufferedWriteChannel.java:41)
	at org.apache.ratis.server.raftlog.segmented.SegmentedRaftLogOutputStream.<init>(SegmentedRaftLogOutputStream.java:72)
	at org.apache.ratis.server.raftlog.segmented.SegmentedRaftLogWorker$StartLogSegment.execute(SegmentedRaftLogWorker.java:566)
	at org.apache.ratis.server.raftlog.segmented.SegmentedRaftLogWorker.run(SegmentedRaftLogWorker.java:289)
	at java.lang.Thread.run(Thread.java:748)
2019-09-26 15:39:13,770 [Thread-2162] INFO  impl.RoleInfo (RoleInfo.java:updateAndGet(143)) - bcb704dc-2543-42a4-8762-cde039a55a99: start LeaderElection
2019-09-26 15:39:13,770 [bcb704dc-2543-42a4-8762-cde039a55a99@group-11C7A05DD744:LeaderElection196] INFO  segmented.SegmentedRaftLogWorker (SegmentedRaftLogWorker.java:startLogSegment(380)) - bcb704dc-2543-42a4-8762-cde039a55a99@group-11C7A05DD744-SegmentedRaftLogWorker: Starting segment from index:0
2019-09-26 15:39:13,770 [bcb704dc-2543-42a4-8762-cde039a55a99@group-FDAD0B55B238-SegmentedRaftLogWorker] INFO  impl.StateMachineUpdater (StateMachineUpdater.java:stopAndJoin(125)) - bcb704dc-2543-42a4-8762-cde039a55a99@group-FDAD0B55B238-StateMachineUpdater: set stopIndex = -1
2019-09-26 15:39:14,597 [bcb704dc-2543-42a4-8762-cde039a55a99@group-FDAD0B55B238-SegmentedRaftLogWorker] INFO  impl.RaftServerImpl (ServerState.java:close(385)) - bcb704dc-2543-42a4-8762-cde039a55a99@group-FDAD0B55B238: closes. applyIndex: -1
2019-09-26 15:39:14,597 [bcb704dc-2543-42a4-8762-cde039a55a99@group-11C7A05DD744:LeaderElection196] INFO  impl.RaftServerImpl (ServerState.java:setRaftConf(354)) - bcb704dc-2543-42a4-8762-cde039a55a99@group-11C7A05DD744: set configuration 0: [bcb704dc-2543-42a4-8762-cde039a55a99:192.168.151.99:43663], old=null at 0
2019-09-26 15:39:13,473 [bcb704dc-2543-42a4-8762-cde039a55a99@group-4E88BFDC7C13-SegmentedRaftLogWorker] INFO  impl.PendingRequests (PendingRequests.java:sendNotLeaderResponses(202)) - bcb704dc-2543-42a4-8762-cde039a55a99-PendingRequests: sendNotLeaderResponses
2019-09-26 15:39:13,755 [bcb704dc-2543-42a4-8762-cde039a55a99@group-E184EC457834-SegmentedRaftLogWorker] ERROR segmented.SegmentedRaftLogWorker (SegmentedRaftLogWorker.java:run(323)) - bcb704dc-2543-42a4-8762-cde039a55a99@group-E184EC457834-SegmentedRaftLogWorker hit exception
java.lang.OutOfMemoryError: Direct buffer memory
	at java.nio.Bits.reserveMemory(Bits.java:666)
	at java.nio.DirectByteBuffer.<init>(DirectByteBuffer.java:123)
	at java.nio.ByteBuffer.allocateDirect(ByteBuffer.java:311)
	at org.apache.ratis.server.raftlog.segmented.BufferedWriteChannel.<init>(BufferedWriteChannel.java:41)
	at org.apache.ratis.server.raftlog.segmented.SegmentedRaftLogOutputStream.<init>(SegmentedRaftLogOutputStream.java:72)
	at org.apache.ratis.server.raftlog.segmented.SegmentedRaftLogWorker$StartLogSegment.execute(SegmentedRaftLogWorker.java:566)
	at org.apache.ratis.server.raftlog.segmented.SegmentedRaftLogWorker.run(SegmentedRaftLogWorker.java:289)
	at java.lang.Thread.run(Thread.java:748)
2019-09-26 15:39:13,473 [bcb704dc-2543-42a4-8762-cde039a55a99@group-2D09A842301B:LeaderElection206] INFO  impl.RoleInfo (RoleInfo.java:updateAndGet(143)) - bcb704dc-2543-42a4-8762-cde039a55a99: start LeaderState
2019-09-26 15:39:13,473 [bcb704dc-2543-42a4-8762-cde039a55a99@group-23B603725A20:LeaderElection187] INFO  segmented.SegmentedRaftLogWorker (SegmentedRaftLogWorker.java:startLogSegment(380)) - bcb704dc-2543-42a4-8762-cde039a55a99@group-23B603725A20-SegmentedRaftLogWorker: Starting segment from index:0
2019-09-26 15:39:13,473 [bcb704dc-2543-42a4-8762-cde039a55a99@group-4D04F2324D2E:LeaderElection227] INFO  impl.RaftServerImpl (RaftServerImpl.java:setRole(174)) - bcb704dc-2543-42a4-8762-cde039a55a99@group-4D04F2324D2E: changes role from CANDIDATE to LEADER at term 1 for changeToLeader
2019-09-26 15:39:14,907 [bcb704dc-2543-42a4-8762-cde039a55a99@group-4D04F2324D2E:LeaderElection227] INFO  impl.RaftServerImpl (ServerState.java:setLeader(253)) - bcb704dc-2543-42a4-8762-cde039a55a99@group-4D04F2324D2E: change Leader from null to bcb704dc-2543-42a4-8762-cde039a55a99 at term 1 for becomeLeader, leader elected after 18819ms
2019-09-26 15:39:13,473 [bcb704dc-2543-42a4-8762-cde039a55a99@group-BBF433C8F92D:LeaderElection209] INFO  impl.RaftServerImpl (ServerState.java:setRaftConf(354)) - bcb704dc-2543-42a4-8762-cde039a55a99@group-BBF433C8F92D: set configuration 0: [bcb704dc-2543-42a4-8762-cde039a55a99:192.168.151.99:43663], old=null at 0
2019-09-26 15:39:13,472 [bcb704dc-2543-42a4-8762-cde039a55a99@group-69BB3C0B63D8:LeaderElection231] INFO  impl.RaftServerImpl (RaftServerImpl.java:setRole(174)) - bcb704dc-2543-42a4-8762-cde039a55a99@group-69BB3C0B63D8: changes role from CANDIDATE to LEADER at term 1 for changeToLeader
2019-09-26 15:39:15,222 [bcb704dc-2543-42a4-8762-cde039a55a99@group-69BB3C0B63D8:LeaderElection231] INFO  impl.RaftServerImpl (ServerState.java:setLeader(253)) - bcb704dc-2543-42a4-8762-cde039a55a99@group-69BB3C0B63D8: change Leader from null to bcb704dc-2543-42a4-8762-cde039a55a99 at term 1 for becomeLeader, leader elected after 18505ms
2019-09-26 15:39:13,472 [bcb704dc-2543-42a4-8762-cde039a55a99@group-617888AA4A51:LeaderElection232] INFO  server.RaftServerConfigKeys (ConfUtils.java:logGet(43)) - raft.server.staging.catchup.gap = 1000 (default)
2019-09-26 15:39:13,472 [bcb704dc-2543-42a4-8762-cde039a55a99@group-E9033DA04B7D:LeaderElection200] INFO  impl.RoleInfo (RoleInfo.java:updateAndGet(143)) - bcb704dc-2543-42a4-8762-cde039a55a99: start LeaderState
2019-09-26 15:39:13,471 [bcb704dc-2543-42a4-8762-cde039a55a99@group-CD5767121D26:LeaderElection230] INFO  impl.RaftServerImpl (RaftServerImpl.java:setRole(174)) - bcb704dc-2543-42a4-8762-cde039a55a99@group-CD5767121D26: changes role from CANDIDATE to LEADER at term 1 for changeToLeader
2019-09-26 15:39:15,222 [bcb704dc-2543-42a4-8762-cde039a55a99@group-E9033DA04B7D:LeaderElection200] INFO  segmented.SegmentedRaftLogWorker (SegmentedRaftLogWorker.java:startLogSegment(380)) - bcb704dc-2543-42a4-8762-cde039a55a99@group-E9033DA04B7D-SegmentedRaftLogWorker: Starting segment from index:0
2019-09-26 15:39:13,471 [bcb704dc-2543-42a4-8762-cde039a55a99@group-4B788DE994AB:LeaderElection229] INFO  impl.RaftServerImpl (RaftServerImpl.java:setRole(174)) - bcb704dc-2543-42a4-8762-cde039a55a99@group-4B788DE994AB: changes role from CANDIDATE to LEADER at term 1 for changeToLeader
2019-09-26 15:39:15,223 [bcb704dc-2543-42a4-8762-cde039a55a99@group-4B788DE994AB:LeaderElection229] INFO  impl.RaftServerImpl (ServerState.java:setLeader(253)) - bcb704dc-2543-42a4-8762-cde039a55a99@group-4B788DE994AB: change Leader from null to bcb704dc-2543-42a4-8762-cde039a55a99 at term 1 for becomeLeader, leader elected after 18891ms
2019-09-26 15:39:13,471 [bcb704dc-2543-42a4-8762-cde039a55a99@group-8891CF406B17:LeaderElection228] INFO  impl.RaftServerImpl (RaftServerImpl.java:setRole(174)) - bcb704dc-2543-42a4-8762-cde039a55a99@group-8891CF406B17: changes role from CANDIDATE to LEADER at term 1 for changeToLeader
2019-09-26 15:39:15,223 [bcb704dc-2543-42a4-8762-cde039a55a99@group-8891CF406B17:LeaderElection228] INFO  impl.RaftServerImpl (ServerState.java:setLeader(253)) - bcb704dc-2543-42a4-8762-cde039a55a99@group-8891CF406B17: change Leader from null to bcb704dc-2543-42a4-8762-cde039a55a99 at term 1 for becomeLeader, leader elected after 19174ms
2019-09-26 15:39:13,471 [bcb704dc-2543-42a4-8762-cde039a55a99@group-42E764F99F92:LeaderElection225] INFO  impl.RaftServerImpl (RaftServerImpl.java:setRole(174)) - bcb704dc-2543-42a4-8762-cde039a55a99@group-42E764F99F92: changes role from CANDIDATE to LEADER at term 1 for changeToLeader
2019-09-26 15:39:13,470 [bcb704dc-2543-42a4-8762-cde039a55a99@group-42C57E31B95C:LeaderElection226] INFO  server.RaftServerConfigKeys (ConfUtils.java:logGet(43)) - raft.server.staging.catchup.gap = 1000 (default)
2019-09-26 15:39:13,470 [bcb704dc-2543-42a4-8762-cde039a55a99@group-05AF4C6C8552:LeaderElection260] INFO  impl.RaftServerImpl (ServerState.java:setLeader(253)) - bcb704dc-2543-42a4-8762-cde039a55a99@group-05AF4C6C8552: change Leader from null to bcb704dc-2543-42a4-8762-cde039a55a99 at term 1 for becomeLeader, leader elected after 15036ms
2019-09-26 15:39:13,460 [bcb704dc-2543-42a4-8762-cde039a55a99@group-C84E1EDDFBB1-SegmentedRaftLogWorker] ERROR segmented.SegmentedRaftLogWorker (SegmentedRaftLogWorker.java:run(323)) - bcb704dc-2543-42a4-8762-cde039a55a99@group-C84E1EDDFBB1-SegmentedRaftLogWorker hit exception
java.lang.OutOfMemoryError: Direct buffer memory
	at java.nio.Bits.reserveMemory(Bits.java:666)
	at java.nio.DirectByteBuffer.<init>(DirectByteBuffer.java:123)
	at java.nio.ByteBuffer.allocateDirect(ByteBuffer.java:311)
	at org.apache.ratis.server.raftlog.segmented.BufferedWriteChannel.<init>(BufferedWriteChannel.java:41)
	at org.apache.ratis.server.raftlog.segmented.SegmentedRaftLogOutputStream.<init>(SegmentedRaftLogOutputStream.java:72)
	at org.apache.ratis.server.raftlog.segmented.SegmentedRaftLogWorker$StartLogSegment.execute(SegmentedRaftLogWorker.java:566)
	at org.apache.ratis.server.raftlog.segmented.SegmentedRaftLogWorker.run(SegmentedRaftLogWorker.java:289)
	at java.lang.Thread.run(Thread.java:748)
2019-09-26 15:39:13,126 [bcb704dc-2543-42a4-8762-cde039a55a99@group-071C3AE303E0:LeaderElection224] INFO  impl.RaftServerImpl (RaftServerImpl.java:setRole(174)) - bcb704dc-2543-42a4-8762-cde039a55a99@group-071C3AE303E0: changes role from CANDIDATE to LEADER at term 1 for changeToLeader
2019-09-26 15:39:15,532 [bcb704dc-2543-42a4-8762-cde039a55a99@group-071C3AE303E0:LeaderElection224] INFO  impl.RaftServerImpl (ServerState.java:setLeader(253)) - bcb704dc-2543-42a4-8762-cde039a55a99@group-071C3AE303E0: change Leader from null to bcb704dc-2543-42a4-8762-cde039a55a99 at term 1 for becomeLeader, leader elected after 14830ms
2019-09-26 15:39:13,126 [bcb704dc-2543-42a4-8762-cde039a55a99@group-FF44B23A8D1F-SegmentedRaftLogWorker] INFO  impl.RoleInfo (RoleInfo.java:shutdownLeaderState(104)) - bcb704dc-2543-42a4-8762-cde039a55a99: shutdown LeaderState
2019-09-26 15:39:13,126 [bcb704dc-2543-42a4-8762-cde039a55a99@group-9CAC7CB13E97:LeaderElection216] INFO  server.RaftServerConfigKeys (ConfUtils.java:logGet(43)) - raft.server.rpc.sleep.time = 25ms (default)
2019-09-26 15:39:13,126 [bcb704dc-2543-42a4-8762-cde039a55a99@group-E41E9E7B90A5-SegmentedRaftLogWorker] INFO  util.JmxRegister (JmxRegister.java:unregister(73)) - Successfully un-registered JMX Bean with object name Ratis:service=RaftServer,group=group-E41E9E7B90A5,id=bcb704dc-2543-42a4-8762-cde039a55a99
2019-09-26 15:39:13,124 [bcb704dc-2543-42a4-8762-cde039a55a99@group-6D85AD78C566:LeaderElection217] INFO  server.RaftServerConfigKeys (ConfUtils.java:logGet(43)) - raft.server.write.element-limit = 4096 (default)
2019-09-26 15:39:15,533 [bcb704dc-2543-42a4-8762-cde039a55a99@group-6D85AD78C566:LeaderElection217] INFO  server.RaftServerConfigKeys (ConfUtils.java:logGet(43)) - raft.server.watch.timeout = 10s (default)
2019-09-26 15:39:13,124 [bcb704dc-2543-42a4-8762-cde039a55a99@group-AD2BD46986A8-SegmentedRaftLogWorker] INFO  segmented.SegmentedRaftLogWorker (SegmentedRaftLogWorker.java:close(228)) - bcb704dc-2543-42a4-8762-cde039a55a99@group-AD2BD46986A8-SegmentedRaftLogWorker close()
2019-09-26 15:39:13,123 [bcb704dc-2543-42a4-8762-cde039a55a99@group-CAD346B564AD-SegmentedRaftLogWorker] INFO  impl.RaftServerImpl (ServerState.java:close(385)) - bcb704dc-2543-42a4-8762-cde039a55a99@group-CAD346B564AD: closes. applyIndex: -1
2019-09-26 15:39:13,123 [bcb704dc-2543-42a4-8762-cde039a55a99@group-0C31D75A80BF-SegmentedRaftLogWorker] INFO  impl.RaftServerImpl (RaftServerImpl.java:lambda$shutdown$3(251)) - bcb704dc-2543-42a4-8762-cde039a55a99@group-0C31D75A80BF: shutdown
2019-09-26 15:39:13,123 [bcb704dc-2543-42a4-8762-cde039a55a99@group-280A8A57BC6F-SegmentedRaftLogWorker] INFO  util.JmxRegister (JmxRegister.java:unregister(73)) - Successfully un-registered JMX Bean with object name Ratis:service=RaftServer,group=group-280A8A57BC6F,id=bcb704dc-2543-42a4-8762-cde039a55a99
2019-09-26 15:39:15,533 [bcb704dc-2543-42a4-8762-cde039a55a99@group-280A8A57BC6F-SegmentedRaftLogWorker] INFO  impl.RoleInfo (RoleInfo.java:shutdownLeaderState(104)) - bcb704dc-2543-42a4-8762-cde039a55a99: shutdown LeaderState
2019-09-26 15:39:13,122 [bcb704dc-2543-42a4-8762-cde039a55a99@group-CDE0182ACA4A-SegmentedRaftLogWorker] INFO  util.JmxRegister (JmxRegister.java:unregister(73)) - Successfully un-registered JMX Bean with object name Ratis:service=RaftServer,group=group-CDE0182ACA4A,id=bcb704dc-2543-42a4-8762-cde039a55a99
2019-09-26 15:39:15,534 [bcb704dc-2543-42a4-8762-cde039a55a99@group-CDE0182ACA4A-SegmentedRaftLogWorker] INFO  impl.RoleInfo (RoleInfo.java:shutdownLeaderState(104)) - bcb704dc-2543-42a4-8762-cde039a55a99: shutdown LeaderState
2019-09-26 15:39:13,112 [bcb704dc-2543-42a4-8762-cde039a55a99@group-DA2C5CB8BB65-SegmentedRaftLogWorker] ERROR segmented.SegmentedRaftLogWorker (SegmentedRaftLogWorker.java:run(323)) - bcb704dc-2543-42a4-8762-cde039a55a99@group-DA2C5CB8BB65-SegmentedRaftLogWorker hit exception
java.lang.OutOfMemoryError: Direct buffer memory
	at java.nio.Bits.reserveMemory(Bits.java:666)
	at java.nio.DirectByteBuffer.<init>(DirectByteBuffer.java:123)
	at java.nio.ByteBuffer.allocateDirect(ByteBuffer.java:311)
	at org.apache.ratis.server.raftlog.segmented.BufferedWriteChannel.<init>(BufferedWriteChannel.java:41)
	at org.apache.ratis.server.raftlog.segmented.SegmentedRaftLogOutputStream.<init>(SegmentedRaftLogOutputStream.java:72)
	at org.apache.ratis.server.raftlog.segmented.SegmentedRaftLogWorker$StartLogSegment.execute(SegmentedRaftLogWorker.java:566)
	at org.apache.ratis.server.raftlog.segmented.SegmentedRaftLogWorker.run(SegmentedRaftLogWorker.java:289)
	at java.lang.Thread.run(Thread.java:748)
2019-09-26 15:39:15,534 [bcb704dc-2543-42a4-8762-cde039a55a99@group-DA2C5CB8BB65-SegmentedRaftLogWorker] INFO  impl.RaftServerImpl (RaftServerImpl.java:lambda$shutdown$3(251)) - bcb704dc-2543-42a4-8762-cde039a55a99@group-DA2C5CB8BB65: shutdown
2019-09-26 15:39:13,112 [bcb704dc-2543-42a4-8762-cde039a55a99@group-7C568138CBDB-SegmentedRaftLogWorker] ERROR segmented.SegmentedRaftLogWorker (SegmentedRaftLogWorker.java:run(323)) - bcb704dc-2543-42a4-8762-cde039a55a99@group-7C568138CBDB-SegmentedRaftLogWorker hit exception
java.lang.OutOfMemoryError: Direct buffer memory
	at java.nio.Bits.reserveMemory(Bits.java:666)
	at java.nio.DirectByteBuffer.<init>(DirectByteBuffer.java:123)
	at java.nio.ByteBuffer.allocateDirect(ByteBuffer.java:311)
	at org.apache.ratis.server.raftlog.segmented.BufferedWriteChannel.<init>(BufferedWriteChannel.java:41)
	at org.apache.ratis.server.raftlog.segmented.SegmentedRaftLogOutputStream.<init>(SegmentedRaftLogOutputStream.java:72)
	at org.apache.ratis.server.raftlog.segmented.SegmentedRaftLogWorker$StartLogSegment.execute(SegmentedRaftLogWorker.java:566)
	at org.apache.ratis.server.raftlog.segmented.SegmentedRaftLogWorker.run(SegmentedRaftLogWorker.java:289)
	at java.lang.Thread.run(Thread.java:748)
2019-09-26 15:39:15,534 [bcb704dc-2543-42a4-8762-cde039a55a99@group-7C568138CBDB-SegmentedRaftLogWorker] INFO  impl.RaftServerImpl (RaftServerImpl.java:lambda$shutdown$3(251)) - bcb704dc-2543-42a4-8762-cde039a55a99@group-7C568138CBDB: shutdown
2019-09-26 15:39:12,853 [bcb704dc-2543-42a4-8762-cde039a55a99@group-4E34C6955B17:LeaderElection204] INFO  impl.RaftServerImpl (ServerState.java:setRaftConf(354)) - bcb704dc-2543-42a4-8762-cde039a55a99@group-4E34C6955B17: set configuration 0: [bcb704dc-2543-42a4-8762-cde039a55a99:192.168.151.99:43663], old=null at 0
2019-09-26 15:39:12,853 [bcb704dc-2543-42a4-8762-cde039a55a99@group-F6F6A7BDA922:LeaderElection213] INFO  segmented.SegmentedRaftLogWorker (SegmentedRaftLogWorker.java:startLogSegment(380)) - bcb704dc-2543-42a4-8762-cde039a55a99@group-F6F6A7BDA922-SegmentedRaftLogWorker: Starting segment from index:0
2019-09-26 15:39:12,852 [bcb704dc-2543-42a4-8762-cde039a55a99@group-312551D5FA7C:LeaderElection191] INFO  segmented.SegmentedRaftLogWorker (SegmentedRaftLogWorker.java:startLogSegment(380)) - bcb704dc-2543-42a4-8762-cde039a55a99@group-312551D5FA7C-SegmentedRaftLogWorker: Starting segment from index:0
2019-09-26 15:39:12,852 [bcb704dc-2543-42a4-8762-cde039a55a99@group-353F2047EF06:LeaderElection194] INFO  segmented.SegmentedRaftLogWorker (SegmentedRaftLogWorker.java:startLogSegment(380)) - bcb704dc-2543-42a4-8762-cde039a55a99@group-353F2047EF06-SegmentedRaftLogWorker: Starting segment from index:0
2019-09-26 15:39:12,852 [bcb704dc-2543-42a4-8762-cde039a55a99@group-0A32BFDC6864:LeaderElection199] INFO  impl.RoleInfo (RoleInfo.java:updateAndGet(143)) - bcb704dc-2543-42a4-8762-cde039a55a99: start LeaderState
2019-09-26 15:39:12,852 [bcb704dc-2543-42a4-8762-cde039a55a99@group-8C4E846757B0:LeaderElection201] INFO  segmented.SegmentedRaftLogWorker (SegmentedRaftLogWorker.java:startLogSegment(380)) - bcb704dc-2543-42a4-8762-cde039a55a99@group-8C4E846757B0-SegmentedRaftLogWorker: Starting segment from index:0
2019-09-26 15:39:12,852 [bcb704dc-2543-42a4-8762-cde039a55a99@group-19733DFA91CE:LeaderElection212] INFO  segmented.SegmentedRaftLogWorker (SegmentedRaftLogWorker.java:startLogSegment(380)) - bcb704dc-2543-42a4-8762-cde039a55a99@group-19733DFA91CE-SegmentedRaftLogWorker: Starting segment from index:0
2019-09-26 15:39:12,851 [bcb704dc-2543-42a4-8762-cde039a55a99@group-1807F0C4354B:LeaderElection215] INFO  server.RaftServerConfigKeys (ConfUtils.java:logGet(43)) - raft.server.watch.timeout = 10s (default)
2019-09-26 15:39:16,337 [bcb704dc-2543-42a4-8762-cde039a55a99@group-19733DFA91CE:LeaderElection212] INFO  impl.RaftServerImpl (ServerState.java:setRaftConf(354)) - bcb704dc-2543-42a4-8762-cde039a55a99@group-19733DFA91CE: set configuration 0: [bcb704dc-2543-42a4-8762-cde039a55a99:192.168.151.99:43663], old=null at 0
2019-09-26 15:39:12,851 [bcb704dc-2543-42a4-8762-cde039a55a99@group-0DF8239C052C:LeaderElection218] INFO  server.RaftServerConfigKeys (ConfUtils.java:logGet(43)) - raft.server.watch.timeout.denomination = 1s (default)
2019-09-26 15:39:12,851 [bcb704dc-2543-42a4-8762-cde039a55a99@group-19297E754D09:LeaderElection214] INFO  server.RaftServerConfigKeys (ConfUtils.java:logGet(43)) - raft.server.watch.timeout = 10s (default)
2019-09-26 15:39:12,851 [pool-123-thread-1] INFO  server.RaftServerConfigKeys (ConfUtils.java:logGet(43)) - raft.server.log.segment.size.max = 1048576 (custom)
2019-09-26 15:39:12,850 [bcb704dc-2543-42a4-8762-cde039a55a99@group-B99515D878E9:LeaderElection242] INFO  impl.LeaderElection (LeaderElection.java:askForVotes(182)) - bcb704dc-2543-42a4-8762-cde039a55a99@group-B99515D878E9:LeaderElection242: begin an election at term 1 for -1: [bcb704dc-2543-42a4-8762-cde039a55a99:192.168.151.99:43663], old=null
2019-09-26 15:39:12,850 [bcb704dc-2543-42a4-8762-cde039a55a99@group-768FFE8D3C99:LeaderElection239] INFO  impl.LeaderElection (LeaderElection.java:askForVotes(182)) - bcb704dc-2543-42a4-8762-cde039a55a99@group-768FFE8D3C99:LeaderElection239: begin an election at term 1 for -1: [bcb704dc-2543-42a4-8762-cde039a55a99:192.168.151.99:43663], old=null
2019-09-26 15:39:12,850 [bcb704dc-2543-42a4-8762-cde039a55a99@group-708F9F8A739D:LeaderElection264] INFO  impl.LeaderElection (LeaderElection.java:askForVotes(182)) - bcb704dc-2543-42a4-8762-cde039a55a99@group-708F9F8A739D:LeaderElection264: begin an election at term 1 for -1: [bcb704dc-2543-42a4-8762-cde039a55a99:192.168.151.99:43663], old=null
2019-09-26 15:39:12,850 [bcb704dc-2543-42a4-8762-cde039a55a99@group-F96E5E74ED10:LeaderElection263] INFO  impl.LeaderElection (LeaderElection.java:askForVotes(182)) - bcb704dc-2543-42a4-8762-cde039a55a99@group-F96E5E74ED10:LeaderElection263: begin an election at term 1 for -1: [bcb704dc-2543-42a4-8762-cde039a55a99:192.168.151.99:43663], old=null
2019-09-26 15:39:12,850 [bcb704dc-2543-42a4-8762-cde039a55a99@group-1EDFAD8639C2:LeaderElection238] INFO  impl.LeaderElection (LeaderElection.java:askForVotes(182)) - bcb704dc-2543-42a4-8762-cde039a55a99@group-1EDFAD8639C2:LeaderElection238: begin an election at term 1 for -1: [bcb704dc-2543-42a4-8762-cde039a55a99:192.168.151.99:43663], old=null
2019-09-26 15:39:12,842 [bcb704dc-2543-42a4-8762-cde039a55a99@group-64EA007B3927-SegmentedRaftLogWorker] ERROR segmented.SegmentedRaftLogWorker (SegmentedRaftLogWorker.java:run(323)) - bcb704dc-2543-42a4-8762-cde039a55a99@group-64EA007B3927-SegmentedRaftLogWorker hit exception
java.lang.OutOfMemoryError: Direct buffer memory
	at java.nio.Bits.reserveMemory(Bits.java:666)
	at java.nio.DirectByteBuffer.<init>(DirectByteBuffer.java:123)
	at java.nio.ByteBuffer.allocateDirect(ByteBuffer.java:311)
	at org.apache.ratis.server.raftlog.segmented.BufferedWriteChannel.<init>(BufferedWriteChannel.java:41)
	at org.apache.ratis.server.raftlog.segmented.SegmentedRaftLogOutputStream.<init>(SegmentedRaftLogOutputStream.java:72)
	at org.apache.ratis.server.raftlog.segmented.SegmentedRaftLogWorker$StartLogSegment.execute(SegmentedRaftLogWorker.java:566)
	at org.apache.ratis.server.raftlog.segmented.SegmentedRaftLogWorker.run(SegmentedRaftLogWorker.java:289)
	at java.lang.Thread.run(Thread.java:748)
2019-09-26 15:39:12,508 [bcb704dc-2543-42a4-8762-cde039a55a99@group-BE5CDE6B6C20-SegmentedRaftLogWorker] INFO  segmented.SegmentedRaftLogWorker (SegmentedRaftLogWorker.java:close(228)) - bcb704dc-2543-42a4-8762-cde039a55a99@group-BE5CDE6B6C20-SegmentedRaftLogWorker close()
2019-09-26 15:39:12,508 [bcb704dc-2543-42a4-8762-cde039a55a99@group-A778D7837BC2:LeaderElection192] INFO  impl.RaftServerImpl (ServerState.java:setRaftConf(354)) - bcb704dc-2543-42a4-8762-cde039a55a99@group-A778D7837BC2: set configuration 0: [bcb704dc-2543-42a4-8762-cde039a55a99:192.168.151.99:43663], old=null at 0
2019-09-26 15:39:12,507 [bcb704dc-2543-42a4-8762-cde039a55a99@group-B2A28DABB48B:LeaderElection219] INFO  server.RaftServerConfigKeys (ConfUtils.java:logGet(43)) - raft.server.staging.catchup.gap = 1000 (default)
2019-09-26 15:39:12,507 [bcb704dc-2543-42a4-8762-cde039a55a99@group-4B85105F5536:LeaderElection220] INFO  server.RaftServerConfigKeys (ConfUtils.java:logGet(43)) - raft.server.staging.catchup.gap = 1000 (default)
2019-09-26 15:39:12,506 [bcb704dc-2543-42a4-8762-cde039a55a99@group-4786CBF0DBEA:LeaderElection198] INFO  segmented.SegmentedRaftLogWorker (SegmentedRaftLogWorker.java:startLogSegment(380)) - bcb704dc-2543-42a4-8762-cde039a55a99@group-4786CBF0DBEA-SegmentedRaftLogWorker: Starting segment from index:0
2019-09-26 15:39:12,506 [bcb704dc-2543-42a4-8762-cde039a55a99@group-D3FDF48AE4AA-SegmentedRaftLogWorker] INFO  segmented.SegmentedRaftLogWorker (SegmentedRaftLogWorker.java:close(228)) - bcb704dc-2543-42a4-8762-cde039a55a99@group-D3FDF48AE4AA-SegmentedRaftLogWorker close()
2019-09-26 15:39:12,506 [bcb704dc-2543-42a4-8762-cde039a55a99@group-DEDDB087FD78-SegmentedRaftLogWorker] INFO  segmented.SegmentedRaftLogWorker (SegmentedRaftLogWorker.java:close(228)) - bcb704dc-2543-42a4-8762-cde039a55a99@group-DEDDB087FD78-SegmentedRaftLogWorker close()
2019-09-26 15:39:12,505 [bcb704dc-2543-42a4-8762-cde039a55a99@group-4B884EBB2E10-SegmentedRaftLogWorker] INFO  util.JmxRegister (JmxRegister.java:unregister(73)) - Successfully un-registered JMX Bean with object name Ratis:service=RaftServer,group=group-4B884EBB2E10,id=bcb704dc-2543-42a4-8762-cde039a55a99
2019-09-26 15:39:12,505 [bcb704dc-2543-42a4-8762-cde039a55a99@group-C76860977E5E:LeaderElection246] INFO  impl.RoleInfo (RoleInfo.java:shutdownLeaderElection(134)) - bcb704dc-2543-42a4-8762-cde039a55a99: shutdown LeaderElection
2019-09-26 15:39:12,505 [bcb704dc-2543-42a4-8762-cde039a55a99@group-91004EC9A14A:LeaderElection247] INFO  impl.RoleInfo (RoleInfo.java:shutdownLeaderElection(134)) - bcb704dc-2543-42a4-8762-cde039a55a99: shutdown LeaderElection
2019-09-26 15:39:12,505 [bcb704dc-2543-42a4-8762-cde039a55a99@group-BA70793E3DE7:LeaderElection249] INFO  impl.RaftServerImpl (RaftServerImpl.java:setRole(174)) - bcb704dc-2543-42a4-8762-cde039a55a99@group-BA70793E3DE7: changes role from CANDIDATE to LEADER at term 1 for changeToLeader
2019-09-26 15:39:12,504 [bcb704dc-2543-42a4-8762-cde039a55a99@group-E216D9E11CC2:LeaderElection245] INFO  impl.RoleInfo (RoleInfo.java:shutdownLeaderElection(134)) - bcb704dc-2543-42a4-8762-cde039a55a99: shutdown LeaderElection
2019-09-26 15:39:12,504 [bcb704dc-2543-42a4-8762-cde039a55a99@group-375D6A16F6EF:LeaderElection248] INFO  impl.RoleInfo (RoleInfo.java:shutdownLeaderElection(134)) - bcb704dc-2543-42a4-8762-cde039a55a99: shutdown LeaderElection
2019-09-26 15:39:17,141 [bcb704dc-2543-42a4-8762-cde039a55a99@group-375D6A16F6EF:LeaderElection248] INFO  impl.RaftServerImpl (RaftServerImpl.java:setRole(174)) - bcb704dc-2543-42a4-8762-cde039a55a99@group-375D6A16F6EF: changes role from CANDIDATE to LEADER at term 1 for changeToLeader
2019-09-26 15:39:17,141 [bcb704dc-2543-42a4-8762-cde039a55a99@group-375D6A16F6EF:LeaderElection248] INFO  impl.RaftServerImpl (ServerState.java:setLeader(253)) - bcb704dc-2543-42a4-8762-cde039a55a99@group-375D6A16F6EF: change Leader from null to bcb704dc-2543-42a4-8762-cde039a55a99 at term 1 for becomeLeader, leader elected after 21213ms
2019-09-26 15:39:12,504 [bcb704dc-2543-42a4-8762-cde039a55a99@group-20AC887259AF:LeaderElection253] INFO  impl.RoleInfo (RoleInfo.java:shutdownLeaderElection(134)) - bcb704dc-2543-42a4-8762-cde039a55a99: shutdown LeaderElection
2019-09-26 15:39:12,504 [bcb704dc-2543-42a4-8762-cde039a55a99@group-860F4724CA86:LeaderElection254] INFO  impl.RoleInfo (RoleInfo.java:shutdownLeaderElection(134)) - bcb704dc-2543-42a4-8762-cde039a55a99: shutdown LeaderElection
2019-09-26 15:39:12,504 [grpc-default-executor-1] INFO  impl.RaftServerProxy (RaftServerProxy.java:addNew(89)) - bcb704dc-2543-42a4-8762-cde039a55a99: addNew group-1C06ADD74525:[bcb704dc-2543-42a4-8762-cde039a55a99:192.168.151.99:43663] returns group-1C06ADD74525:java.util.concurrent.CompletableFuture@6faab196[Not completed]
2019-09-26 15:39:12,504 [bcb704dc-2543-42a4-8762-cde039a55a99@group-48CD8DAE77F3:LeaderElection257] INFO  impl.RoleInfo (RoleInfo.java:shutdownLeaderElection(134)) - bcb704dc-2543-42a4-8762-cde039a55a99: shutdown LeaderElection
2019-09-26 15:39:17,142 [bcb704dc-2543-42a4-8762-cde039a55a99@group-48CD8DAE77F3:LeaderElection257] INFO  impl.RaftServerImpl (RaftServerImpl.java:setRole(174)) - bcb704dc-2543-42a4-8762-cde039a55a99@group-48CD8DAE77F3: changes role from CANDIDATE to LEADER at term 1 for changeToLeader
2019-09-26 15:39:12,504 [bcb704dc-2543-42a4-8762-cde039a55a99@group-5371FDF97722:LeaderElection259] INFO  impl.RoleInfo (RoleInfo.java:shutdownLeaderElection(134)) - bcb704dc-2543-42a4-8762-cde039a55a99: shutdown LeaderElection
2019-09-26 15:39:17,142 [bcb704dc-2543-42a4-8762-cde039a55a99@group-5371FDF97722:LeaderElection259] INFO  impl.RaftServerImpl (RaftServerImpl.java:setRole(174)) - bcb704dc-2543-42a4-8762-cde039a55a99@group-5371FDF97722: changes role from CANDIDATE to LEADER at term 1 for changeToLeader
2019-09-26 15:39:17,142 [bcb704dc-2543-42a4-8762-cde039a55a99@group-5371FDF97722:LeaderElection259] INFO  impl.RaftServerImpl (ServerState.java:setLeader(253)) - bcb704dc-2543-42a4-8762-cde039a55a99@group-5371FDF97722: change Leader from null to bcb704dc-2543-42a4-8762-cde039a55a99 at term 1 for becomeLeader, leader elected after 19216ms
2019-09-26 15:39:12,504 [bcb704dc-2543-42a4-8762-cde039a55a99@group-B76F64AA196D:LeaderElection258] INFO  impl.RoleInfo (RoleInfo.java:shutdownLeaderElection(134)) - bcb704dc-2543-42a4-8762-cde039a55a99: shutdown LeaderElection
2019-09-26 15:39:12,504 [bcb704dc-2543-42a4-8762-cde039a55a99@group-71464DC03AA1:LeaderElection256] INFO  impl.RoleInfo (RoleInfo.java:shutdownLeaderElection(134)) - bcb704dc-2543-42a4-8762-cde039a55a99: shutdown LeaderElection
2019-09-26 15:39:12,503 [bcb704dc-2543-42a4-8762-cde039a55a99@group-757F8E04E3F8:LeaderElection255] INFO  impl.RaftServerImpl (RaftServerImpl.java:setRole(174)) - bcb704dc-2543-42a4-8762-cde039a55a99@group-757F8E04E3F8: changes role from CANDIDATE to LEADER at term 1 for changeToLeader
2019-09-26 15:39:17,143 [bcb704dc-2543-42a4-8762-cde039a55a99@group-757F8E04E3F8:LeaderElection255] INFO  impl.RaftServerImpl (ServerState.java:setLeader(253)) - bcb704dc-2543-42a4-8762-cde039a55a99@group-757F8E04E3F8: change Leader from null to bcb704dc-2543-42a4-8762-cde039a55a99 at term 1 for becomeLeader, leader elected after 19288ms
2019-09-26 15:39:12,503 [Thread-2281] INFO  impl.RaftServerImpl (RaftServerImpl.java:setRole(174)) - bcb704dc-2543-42a4-8762-cde039a55a99@group-ADDB6DC4F628: changes role from  FOLLOWER to CANDIDATE at term 0 for changeToCandidate
2019-09-26 15:39:12,503 [bcb704dc-2543-42a4-8762-cde039a55a99@group-18DFCDEF3120:LeaderElection237] INFO  impl.RaftServerImpl (RaftServerImpl.java:setRole(174)) - bcb704dc-2543-42a4-8762-cde039a55a99@group-18DFCDEF3120: changes role from CANDIDATE to LEADER at term 1 for changeToLeader
2019-09-26 15:39:17,143 [bcb704dc-2543-42a4-8762-cde039a55a99@group-18DFCDEF3120:LeaderElection237] INFO  impl.RaftServerImpl (ServerState.java:setLeader(253)) - bcb704dc-2543-42a4-8762-cde039a55a99@group-18DFCDEF3120: change Leader from null to bcb704dc-2543-42a4-8762-cde039a55a99 at term 1 for becomeLeader, leader elected after 20349ms
2019-09-26 15:39:12,503 [bcb704dc-2543-42a4-8762-cde039a55a99@group-2FC65A88D4B5:LeaderElection223] INFO  impl.RaftServerImpl (ServerState.java:setLeader(253)) - bcb704dc-2543-42a4-8762-cde039a55a99@group-2FC65A88D4B5: change Leader from null to bcb704dc-2543-42a4-8762-cde039a55a99 at term 1 for becomeLeader, leader elected after 12097ms
2019-09-26 15:39:12,503 [bcb704dc-2543-42a4-8762-cde039a55a99@group-99D974920299:LeaderElection235] INFO  impl.RaftServerImpl (RaftServerImpl.java:setRole(174)) - bcb704dc-2543-42a4-8762-cde039a55a99@group-99D974920299: changes role from CANDIDATE to LEADER at term 1 for changeToLeader
2019-09-26 15:39:17,144 [bcb704dc-2543-42a4-8762-cde039a55a99@group-99D974920299:LeaderElection235] INFO  impl.RaftServerImpl (ServerState.java:setLeader(253)) - bcb704dc-2543-42a4-8762-cde039a55a99@group-99D974920299: change Leader from null to bcb704dc-2543-42a4-8762-cde039a55a99 at term 1 for becomeLeader, leader elected after 21305ms
2019-09-26 15:39:12,502 [bcb704dc-2543-42a4-8762-cde039a55a99@group-DEF52561270D-SegmentedRaftLogWorker] INFO  util.JmxRegister (JmxRegister.java:unregister(73)) - Successfully un-registered JMX Bean with object name Ratis:service=RaftServer,group=group-DEF52561270D,id=bcb704dc-2543-42a4-8762-cde039a55a99
2019-09-26 15:39:17,144 [bcb704dc-2543-42a4-8762-cde039a55a99@group-DEF52561270D-SegmentedRaftLogWorker] INFO  impl.RoleInfo (RoleInfo.java:shutdownLeaderState(104)) - bcb704dc-2543-42a4-8762-cde039a55a99: shutdown LeaderState
2019-09-26 15:39:12,502 [bcb704dc-2543-42a4-8762-cde039a55a99@group-BB495E0FFD8F:LeaderElection252] INFO  impl.RoleInfo (RoleInfo.java:shutdownLeaderElection(134)) - bcb704dc-2543-42a4-8762-cde039a55a99: shutdown LeaderElection
2019-09-26 15:39:12,502 [bcb704dc-2543-42a4-8762-cde039a55a99@group-5350FED428AE:LeaderElection251] INFO  impl.RaftServerImpl (RaftServerImpl.java:setRole(174)) - bcb704dc-2543-42a4-8762-cde039a55a99@group-5350FED428AE: changes role from CANDIDATE to LEADER at term 1 for changeToLeader
2019-09-26 15:39:17,144 [bcb704dc-2543-42a4-8762-cde039a55a99@group-5350FED428AE:LeaderElection251] INFO  impl.RaftServerImpl (ServerState.java:setLeader(253)) - bcb704dc-2543-42a4-8762-cde039a55a99@group-5350FED428AE: change Leader from null to bcb704dc-2543-42a4-8762-cde039a55a99 at term 1 for becomeLeader, leader elected after 20972ms
2019-09-26 15:39:12,501 [bcb704dc-2543-42a4-8762-cde039a55a99@group-2057EA9C4538:LeaderElection222] INFO  impl.RaftServerImpl (ServerState.java:setLeader(253)) - bcb704dc-2543-42a4-8762-cde039a55a99@group-2057EA9C4538: change Leader from null to bcb704dc-2543-42a4-8762-cde039a55a99 at term 1 for becomeLeader, leader elected after 11943ms
2019-09-26 15:39:12,501 [bcb704dc-2543-42a4-8762-cde039a55a99@group-7CACD3A2D96D:LeaderElection234] INFO  impl.RaftServerImpl (ServerState.java:setLeader(253)) - bcb704dc-2543-42a4-8762-cde039a55a99@group-7CACD3A2D96D: change Leader from null to bcb704dc-2543-42a4-8762-cde039a55a99 at term 1 for becomeLeader, leader elected after 16492ms
2019-09-26 15:39:12,501 [bcb704dc-2543-42a4-8762-cde039a55a99@group-164137F43D5F:LeaderElection236] INFO  impl.RaftServerImpl (RaftServerImpl.java:setRole(174)) - bcb704dc-2543-42a4-8762-cde039a55a99@group-164137F43D5F: changes role from CANDIDATE to LEADER at term 1 for changeToLeader
2019-09-26 15:39:17,145 [bcb704dc-2543-42a4-8762-cde039a55a99@group-164137F43D5F:LeaderElection236] INFO  impl.RaftServerImpl (ServerState.java:setLeader(253)) - bcb704dc-2543-42a4-8762-cde039a55a99@group-164137F43D5F: change Leader from null to bcb704dc-2543-42a4-8762-cde039a55a99 at term 1 for becomeLeader, leader elected after 20627ms
2019-09-26 15:39:12,501 [bcb704dc-2543-42a4-8762-cde039a55a99@group-3CAB2E070FFD:LeaderElection233] INFO  impl.RaftServerImpl (RaftServerImpl.java:setRole(174)) - bcb704dc-2543-42a4-8762-cde039a55a99@group-3CAB2E070FFD: changes role from CANDIDATE to LEADER at term 1 for changeToLeader
2019-09-26 15:39:17,145 [bcb704dc-2543-42a4-8762-cde039a55a99@group-3CAB2E070FFD:LeaderElection233] INFO  impl.RaftServerImpl (ServerState.java:setLeader(253)) - bcb704dc-2543-42a4-8762-cde039a55a99@group-3CAB2E070FFD: change Leader from null to bcb704dc-2543-42a4-8762-cde039a55a99 at term 1 for becomeLeader, leader elected after 21426ms
2019-09-26 15:39:12,500 [Thread-2381] INFO  impl.RoleInfo (RoleInfo.java:shutdownFollowerState(121)) - bcb704dc-2543-42a4-8762-cde039a55a99: shutdown FollowerState
2019-09-26 15:39:17,146 [Thread-2381] INFO  impl.RaftServerImpl (RaftServerImpl.java:setRole(174)) - bcb704dc-2543-42a4-8762-cde039a55a99@group-04D57B5B7528: changes role from  FOLLOWER to CANDIDATE at term 0 for changeToCandidate
2019-09-26 15:39:12,500 [bcb704dc-2543-42a4-8762-cde039a55a99@group-723464252EB8:LeaderElection250] INFO  impl.RaftServerImpl (RaftServerImpl.java:setRole(174)) - bcb704dc-2543-42a4-8762-cde039a55a99@group-723464252EB8: changes role from CANDIDATE to LEADER at term 1 for changeToLeader
2019-09-26 15:39:17,146 [bcb704dc-2543-42a4-8762-cde039a55a99@group-723464252EB8:LeaderElection250] INFO  impl.RaftServerImpl (ServerState.java:setLeader(253)) - bcb704dc-2543-42a4-8762-cde039a55a99@group-723464252EB8: change Leader from null to bcb704dc-2543-42a4-8762-cde039a55a99 at term 1 for becomeLeader, leader elected after 21012ms
2019-09-26 15:39:12,500 [bcb704dc-2543-42a4-8762-cde039a55a99@group-C4D905E4103A:LeaderElection244] INFO  impl.RaftServerImpl (RaftServerImpl.java:setRole(174)) - bcb704dc-2543-42a4-8762-cde039a55a99@group-C4D905E4103A: changes role from CANDIDATE to LEADER at term 1 for changeToLeader
2019-09-26 15:39:17,146 [bcb704dc-2543-42a4-8762-cde039a55a99@group-C4D905E4103A:LeaderElection244] INFO  impl.RaftServerImpl (ServerState.java:setLeader(253)) - bcb704dc-2543-42a4-8762-cde039a55a99@group-C4D905E4103A: change Leader from null to bcb704dc-2543-42a4-8762-cde039a55a99 at term 1 for becomeLeader, leader elected after 14971ms
2019-09-26 15:39:12,500 [bcb704dc-2543-42a4-8762-cde039a55a99@group-B25BEBFA3DA3:LeaderElection240] INFO  impl.RoleInfo (RoleInfo.java:shutdownLeaderElection(134)) - bcb704dc-2543-42a4-8762-cde039a55a99: shutdown LeaderElection
2019-09-26 15:39:17,146 [bcb704dc-2543-42a4-8762-cde039a55a99@group-B25BEBFA3DA3:LeaderElection240] INFO  impl.RaftServerImpl (RaftServerImpl.java:setRole(174)) - bcb704dc-2543-42a4-8762-cde039a55a99@group-B25BEBFA3DA3: changes role from CANDIDATE to LEADER at term 1 for changeToLeader
2019-09-26 15:39:12,500 [bcb704dc-2543-42a4-8762-cde039a55a99@group-D4B90A3E8012:LeaderElection241] INFO  impl.RaftServerImpl (RaftServerImpl.java:setRole(174)) - bcb704dc-2543-42a4-8762-cde039a55a99@group-D4B90A3E8012: changes role from CANDIDATE to LEADER at term 1 for changeToLeader
2019-09-26 15:39:17,147 [bcb704dc-2543-42a4-8762-cde039a55a99@group-D4B90A3E8012:LeaderElection241] INFO  impl.RaftServerImpl (ServerState.java:setLeader(253)) - bcb704dc-2543-42a4-8762-cde039a55a99@group-D4B90A3E8012: change Leader from null to bcb704dc-2543-42a4-8762-cde039a55a99 at term 1 for becomeLeader, leader elected after 20934ms
2019-09-26 15:39:12,499 [bcb704dc-2543-42a4-8762-cde039a55a99@group-FFC8645E5ADC:LeaderElection243] INFO  impl.RoleInfo (RoleInfo.java:shutdownLeaderElection(134)) - bcb704dc-2543-42a4-8762-cde039a55a99: shutdown LeaderElection
2019-09-26 15:39:12,499 [bcb704dc-2543-42a4-8762-cde039a55a99@group-81908E8BCAAC:LeaderElection221] INFO  impl.RaftServerImpl (ServerState.java:setLeader(253)) - bcb704dc-2543-42a4-8762-cde039a55a99@group-81908E8BCAAC: change Leader from null to bcb704dc-2543-42a4-8762-cde039a55a99 at term 1 for becomeLeader, leader elected after 12646ms
2019-09-26 15:39:17,147 [bcb704dc-2543-42a4-8762-cde039a55a99@group-FFC8645E5ADC:LeaderElection243] INFO  impl.RaftServerImpl (RaftServerImpl.java:setRole(174)) - bcb704dc-2543-42a4-8762-cde039a55a99@group-FFC8645E5ADC: changes role from CANDIDATE to LEADER at term 1 for changeToLeader
2019-09-26 15:39:17,147 [bcb704dc-2543-42a4-8762-cde039a55a99@group-FFC8645E5ADC:LeaderElection243] INFO  impl.RaftServerImpl (ServerState.java:setLeader(253)) - bcb704dc-2543-42a4-8762-cde039a55a99@group-FFC8645E5ADC: change Leader from null to bcb704dc-2543-42a4-8762-cde039a55a99 at term 1 for becomeLeader, leader elected after 20545ms
2019-09-26 15:39:17,147 [bcb704dc-2543-42a4-8762-cde039a55a99@group-D4B90A3E8012:LeaderElection241] INFO  server.RaftServerConfigKeys (ConfUtils.java:logGet(43)) - raft.server.staging.catchup.gap = 1000 (default)
2019-09-26 15:39:17,147 [bcb704dc-2543-42a4-8762-cde039a55a99@group-D4B90A3E8012:LeaderElection241] INFO  server.RaftServerConfigKeys (ConfUtils.java:logGet(43)) - raft.server.rpc.sleep.time = 25ms (default)
2019-09-26 15:39:17,146 [bcb704dc-2543-42a4-8762-cde039a55a99@group-B25BEBFA3DA3:LeaderElection240] INFO  impl.RaftServerImpl (ServerState.java:setLeader(253)) - bcb704dc-2543-42a4-8762-cde039a55a99@group-B25BEBFA3DA3: change Leader from null to bcb704dc-2543-42a4-8762-cde039a55a99 at term 1 for becomeLeader, leader elected after 20755ms
2019-09-26 15:39:17,146 [bcb704dc-2543-42a4-8762-cde039a55a99@group-C4D905E4103A:LeaderElection244] INFO  server.RaftServerConfigKeys (ConfUtils.java:logGet(43)) - raft.server.staging.catchup.gap = 1000 (default)
2019-09-26 15:39:17,146 [bcb704dc-2543-42a4-8762-cde039a55a99@group-723464252EB8:LeaderElection250] INFO  server.RaftServerConfigKeys (ConfUtils.java:logGet(43)) - raft.server.staging.catchup.gap = 1000 (default)
2019-09-26 15:39:17,148 [bcb704dc-2543-42a4-8762-cde039a55a99@group-723464252EB8:LeaderElection250] INFO  server.RaftServerConfigKeys (ConfUtils.java:logGet(43)) - raft.server.rpc.sleep.time = 25ms (default)
2019-09-26 15:39:17,146 [Thread-2381] INFO  impl.RoleInfo (RoleInfo.java:updateAndGet(143)) - bcb704dc-2543-42a4-8762-cde039a55a99: start LeaderElection
2019-09-26 15:39:17,145 [bcb704dc-2543-42a4-8762-cde039a55a99@group-3CAB2E070FFD:LeaderElection233] INFO  server.RaftServerConfigKeys (ConfUtils.java:logGet(43)) - raft.server.staging.catchup.gap = 1000 (default)
2019-09-26 15:39:17,148 [bcb704dc-2543-42a4-8762-cde039a55a99@group-3CAB2E070FFD:LeaderElection233] INFO  server.RaftServerConfigKeys (ConfUtils.java:logGet(43)) - raft.server.rpc.sleep.time = 25ms (default)
2019-09-26 15:39:17,145 [bcb704dc-2543-42a4-8762-cde039a55a99@group-164137F43D5F:LeaderElection236] INFO  server.RaftServerConfigKeys (ConfUtils.java:logGet(43)) - raft.server.staging.catchup.gap = 1000 (default)
2019-09-26 15:39:17,149 [bcb704dc-2543-42a4-8762-cde039a55a99@group-164137F43D5F:LeaderElection236] INFO  server.RaftServerConfigKeys (ConfUtils.java:logGet(43)) - raft.server.rpc.sleep.time = 25ms (default)
2019-09-26 15:39:17,145 [bcb704dc-2543-42a4-8762-cde039a55a99@group-7CACD3A2D96D:LeaderElection234] INFO  server.RaftServerConfigKeys (ConfUtils.java:logGet(43)) - raft.server.staging.catchup.gap = 1000 (default)
2019-09-26 15:39:17,149 [bcb704dc-2543-42a4-8762-cde039a55a99@group-7CACD3A2D96D:LeaderElection234] INFO  server.RaftServerConfigKeys (ConfUtils.java:logGet(43)) - raft.server.rpc.sleep.time = 25ms (default)
2019-09-26 15:39:17,145 [bcb704dc-2543-42a4-8762-cde039a55a99@group-2057EA9C4538:LeaderElection222] INFO  server.RaftServerConfigKeys (ConfUtils.java:logGet(43)) - raft.server.staging.catchup.gap = 1000 (default)
2019-09-26 15:39:17,144 [bcb704dc-2543-42a4-8762-cde039a55a99@group-5350FED428AE:LeaderElection251] INFO  server.RaftServerConfigKeys (ConfUtils.java:logGet(43)) - raft.server.staging.catchup.gap = 1000 (default)
2019-09-26 15:39:17,144 [bcb704dc-2543-42a4-8762-cde039a55a99@group-BB495E0FFD8F:LeaderElection252] INFO  impl.RaftServerImpl (RaftServerImpl.java:setRole(174)) - bcb704dc-2543-42a4-8762-cde039a55a99@group-BB495E0FFD8F: changes role from CANDIDATE to LEADER at term 1 for changeToLeader
2019-09-26 15:39:17,150 [bcb704dc-2543-42a4-8762-cde039a55a99@group-BB495E0FFD8F:LeaderElection252] INFO  impl.RaftServerImpl (ServerState.java:setLeader(253)) - bcb704dc-2543-42a4-8762-cde039a55a99@group-BB495E0FFD8F: change Leader from null to bcb704dc-2543-42a4-8762-cde039a55a99 at term 1 for becomeLeader, leader elected after 21181ms
2019-09-26 15:39:17,144 [bcb704dc-2543-42a4-8762-cde039a55a99@group-DEF52561270D-SegmentedRaftLogWorker] INFO  impl.PendingRequests (PendingRequests.java:sendNotLeaderResponses(202)) - bcb704dc-2543-42a4-8762-cde039a55a99-PendingRequests: sendNotLeaderResponses
2019-09-26 15:39:17,144 [bcb704dc-2543-42a4-8762-cde039a55a99@group-99D974920299:LeaderElection235] INFO  server.RaftServerConfigKeys (ConfUtils.java:logGet(43)) - raft.server.staging.catchup.gap = 1000 (default)
2019-09-26 15:39:17,150 [bcb704dc-2543-42a4-8762-cde039a55a99@group-99D974920299:LeaderElection235] INFO  server.RaftServerConfigKeys (ConfUtils.java:logGet(43)) - raft.server.rpc.sleep.time = 25ms (default)
2019-09-26 15:39:17,144 [bcb704dc-2543-42a4-8762-cde039a55a99@group-2FC65A88D4B5:LeaderElection223] INFO  server.RaftServerConfigKeys (ConfUtils.java:logGet(43)) - raft.server.staging.catchup.gap = 1000 (default)
2019-09-26 15:39:17,143 [bcb704dc-2543-42a4-8762-cde039a55a99@group-18DFCDEF3120:LeaderElection237] INFO  server.RaftServerConfigKeys (ConfUtils.java:logGet(43)) - raft.server.staging.catchup.gap = 1000 (default)
2019-09-26 15:39:17,151 [bcb704dc-2543-42a4-8762-cde039a55a99@group-18DFCDEF3120:LeaderElection237] INFO  server.RaftServerConfigKeys (ConfUtils.java:logGet(43)) - raft.server.rpc.sleep.time = 25ms (default)
2019-09-26 15:39:17,143 [Thread-2281] INFO  impl.RoleInfo (RoleInfo.java:updateAndGet(143)) - bcb704dc-2543-42a4-8762-cde039a55a99: start LeaderElection
2019-09-26 15:39:17,151 [bcb704dc-2543-42a4-8762-cde039a55a99@group-18DFCDEF3120:LeaderElection237] INFO  server.RaftServerConfigKeys (ConfUtils.java:logGet(43)) - raft.server.write.element-limit = 4096 (default)
2019-09-26 15:39:17,143 [bcb704dc-2543-42a4-8762-cde039a55a99@group-757F8E04E3F8:LeaderElection255] INFO  server.RaftServerConfigKeys (ConfUtils.java:logGet(43)) - raft.server.staging.catchup.gap = 1000 (default)
2019-09-26 15:39:17,143 [bcb704dc-2543-42a4-8762-cde039a55a99@group-71464DC03AA1:LeaderElection256] INFO  impl.RaftServerImpl (RaftServerImpl.java:setRole(174)) - bcb704dc-2543-42a4-8762-cde039a55a99@group-71464DC03AA1: changes role from CANDIDATE to LEADER at term 1 for changeToLeader
2019-09-26 15:39:17,151 [bcb704dc-2543-42a4-8762-cde039a55a99@group-71464DC03AA1:LeaderElection256] INFO  impl.RaftServerImpl (ServerState.java:setLeader(253)) - bcb704dc-2543-42a4-8762-cde039a55a99@group-71464DC03AA1: change Leader from null to bcb704dc-2543-42a4-8762-cde039a55a99 at term 1 for becomeLeader, leader elected after 19255ms
2019-09-26 15:39:17,142 [bcb704dc-2543-42a4-8762-cde039a55a99@group-B76F64AA196D:LeaderElection258] INFO  impl.RaftServerImpl (RaftServerImpl.java:setRole(174)) - bcb704dc-2543-42a4-8762-cde039a55a99@group-B76F64AA196D: changes role from CANDIDATE to LEADER at term 1 for changeToLeader
2019-09-26 15:39:17,142 [bcb704dc-2543-42a4-8762-cde039a55a99@group-5371FDF97722:LeaderElection259] INFO  server.RaftServerConfigKeys (ConfUtils.java:logGet(43)) - raft.server.staging.catchup.gap = 1000 (default)
2019-09-26 15:39:17,152 [bcb704dc-2543-42a4-8762-cde039a55a99@group-5371FDF97722:LeaderElection259] INFO  server.RaftServerConfigKeys (ConfUtils.java:logGet(43)) - raft.server.rpc.sleep.time = 25ms (default)
2019-09-26 15:39:17,142 [bcb704dc-2543-42a4-8762-cde039a55a99@group-48CD8DAE77F3:LeaderElection257] INFO  impl.RaftServerImpl (ServerState.java:setLeader(253)) - bcb704dc-2543-42a4-8762-cde039a55a99@group-48CD8DAE77F3: change Leader from null to bcb704dc-2543-42a4-8762-cde039a55a99 at term 1 for becomeLeader, leader elected after 19148ms
2019-09-26 15:39:17,141 [bcb704dc-2543-42a4-8762-cde039a55a99@group-860F4724CA86:LeaderElection254] INFO  impl.RaftServerImpl (RaftServerImpl.java:setRole(174)) - bcb704dc-2543-42a4-8762-cde039a55a99@group-860F4724CA86: changes role from CANDIDATE to LEADER at term 1 for changeToLeader
2019-09-26 15:39:17,152 [bcb704dc-2543-42a4-8762-cde039a55a99@group-860F4724CA86:LeaderElection254] INFO  impl.RaftServerImpl (ServerState.java:setLeader(253)) - bcb704dc-2543-42a4-8762-cde039a55a99@group-860F4724CA86: change Leader from null to bcb704dc-2543-42a4-8762-cde039a55a99 at term 1 for becomeLeader, leader elected after 21392ms
2019-09-26 15:39:17,141 [bcb704dc-2543-42a4-8762-cde039a55a99@group-20AC887259AF:LeaderElection253] INFO  impl.RaftServerImpl (RaftServerImpl.java:setRole(174)) - bcb704dc-2543-42a4-8762-cde039a55a99@group-20AC887259AF: changes role from CANDIDATE to LEADER at term 1 for changeToLeader
2019-09-26 15:39:17,152 [bcb704dc-2543-42a4-8762-cde039a55a99@group-20AC887259AF:LeaderElection253] INFO  impl.RaftServerImpl (ServerState.java:setLeader(253)) - bcb704dc-2543-42a4-8762-cde039a55a99@group-20AC887259AF: change Leader from null to bcb704dc-2543-42a4-8762-cde039a55a99 at term 1 for becomeLeader, leader elected after 20488ms
2019-09-26 15:39:17,141 [bcb704dc-2543-42a4-8762-cde039a55a99@group-375D6A16F6EF:LeaderElection248] INFO  server.RaftServerConfigKeys (ConfUtils.java:logGet(43)) - raft.server.staging.catchup.gap = 1000 (default)
2019-09-26 15:39:17,141 [bcb704dc-2543-42a4-8762-cde039a55a99@group-E216D9E11CC2:LeaderElection245] INFO  impl.RaftServerImpl (RaftServerImpl.java:setRole(174)) - bcb704dc-2543-42a4-8762-cde039a55a99@group-E216D9E11CC2: changes role from CANDIDATE to LEADER at term 1 for changeToLeader
2019-09-26 15:39:17,141 [bcb704dc-2543-42a4-8762-cde039a55a99@group-BA70793E3DE7:LeaderElection249] INFO  impl.RaftServerImpl (ServerState.java:setLeader(253)) - bcb704dc-2543-42a4-8762-cde039a55a99@group-BA70793E3DE7: change Leader from null to bcb704dc-2543-42a4-8762-cde039a55a99 at term 1 for becomeLeader, leader elected after 20660ms
2019-09-26 15:39:17,140 [bcb704dc-2543-42a4-8762-cde039a55a99@group-91004EC9A14A:LeaderElection247] INFO  impl.RaftServerImpl (RaftServerImpl.java:setRole(174)) - bcb704dc-2543-42a4-8762-cde039a55a99@group-91004EC9A14A: changes role from CANDIDATE to LEADER at term 1 for changeToLeader
2019-09-26 15:39:17,153 [bcb704dc-2543-42a4-8762-cde039a55a99@group-91004EC9A14A:LeaderElection247] INFO  impl.RaftServerImpl (ServerState.java:setLeader(253)) - bcb704dc-2543-42a4-8762-cde039a55a99@group-91004EC9A14A: change Leader from null to bcb704dc-2543-42a4-8762-cde039a55a99 at term 1 for becomeLeader, leader elected after 20801ms
2019-09-26 15:39:17,140 [bcb704dc-2543-42a4-8762-cde039a55a99@group-C76860977E5E:LeaderElection246] INFO  impl.RaftServerImpl (RaftServerImpl.java:setRole(174)) - bcb704dc-2543-42a4-8762-cde039a55a99@group-C76860977E5E: changes role from CANDIDATE to LEADER at term 1 for changeToLeader
2019-09-26 15:39:17,127 [bcb704dc-2543-42a4-8762-cde039a55a99@group-23B603725A20-SegmentedRaftLogWorker] ERROR segmented.SegmentedRaftLogWorker (SegmentedRaftLogWorker.java:run(323)) - bcb704dc-2543-42a4-8762-cde039a55a99@group-23B603725A20-SegmentedRaftLogWorker hit exception
java.lang.OutOfMemoryError: Direct buffer memory
	at java.nio.Bits.reserveMemory(Bits.java:666)
	at java.nio.DirectByteBuffer.<init>(DirectByteBuffer.java:123)
	at java.nio.ByteBuffer.allocateDirect(ByteBuffer.java:311)
	at org.apache.ratis.server.raftlog.segmented.BufferedWriteChannel.<init>(BufferedWriteChannel.java:41)
	at org.apache.ratis.server.raftlog.segmented.SegmentedRaftLogOutputStream.<init>(SegmentedRaftLogOutputStream.java:72)
	at org.apache.ratis.server.raftlog.segmented.SegmentedRaftLogWorker$StartLogSegment.execute(SegmentedRaftLogWorker.java:566)
	at org.apache.ratis.server.raftlog.segmented.SegmentedRaftLogWorker.run(SegmentedRaftLogWorker.java:289)
	at java.lang.Thread.run(Thread.java:748)
2019-09-26 15:39:17,154 [bcb704dc-2543-42a4-8762-cde039a55a99@group-23B603725A20-SegmentedRaftLogWorker] INFO  impl.RaftServerImpl (RaftServerImpl.java:lambda$shutdown$3(251)) - bcb704dc-2543-42a4-8762-cde039a55a99@group-23B603725A20: shutdown
2019-09-26 15:39:16,826 [bcb704dc-2543-42a4-8762-cde039a55a99@group-4B884EBB2E10-SegmentedRaftLogWorker] INFO  impl.RoleInfo (RoleInfo.java:shutdownLeaderState(104)) - bcb704dc-2543-42a4-8762-cde039a55a99: shutdown LeaderState
2019-09-26 15:39:16,826 [bcb704dc-2543-42a4-8762-cde039a55a99@group-4786CBF0DBEA:LeaderElection198] INFO  impl.RaftServerImpl (ServerState.java:setRaftConf(354)) - bcb704dc-2543-42a4-8762-cde039a55a99@group-4786CBF0DBEA: set configuration 0: [bcb704dc-2543-42a4-8762-cde039a55a99:192.168.151.99:43663], old=null at 0
2019-09-26 15:39:16,825 [bcb704dc-2543-42a4-8762-cde039a55a99@group-4B85105F5536:LeaderElection220] INFO  server.RaftServerConfigKeys (ConfUtils.java:logGet(43)) - raft.server.rpc.sleep.time = 25ms (default)
2019-09-26 15:39:16,825 [bcb704dc-2543-42a4-8762-cde039a55a99@group-B2A28DABB48B:LeaderElection219] INFO  server.RaftServerConfigKeys (ConfUtils.java:logGet(43)) - raft.server.rpc.sleep.time = 25ms (default)
2019-09-26 15:39:16,825 [bcb704dc-2543-42a4-8762-cde039a55a99@group-64EA007B3927-SegmentedRaftLogWorker] INFO  impl.RaftServerImpl (RaftServerImpl.java:lambda$shutdown$3(251)) - bcb704dc-2543-42a4-8762-cde039a55a99@group-64EA007B3927: shutdown
2019-09-26 15:39:16,824 [bcb704dc-2543-42a4-8762-cde039a55a99@group-1EDFAD8639C2:LeaderElection238] INFO  impl.RoleInfo (RoleInfo.java:shutdownLeaderElection(134)) - bcb704dc-2543-42a4-8762-cde039a55a99: shutdown LeaderElection
2019-09-26 15:39:17,155 [bcb704dc-2543-42a4-8762-cde039a55a99@group-1EDFAD8639C2:LeaderElection238] INFO  impl.RaftServerImpl (RaftServerImpl.java:setRole(174)) - bcb704dc-2543-42a4-8762-cde039a55a99@group-1EDFAD8639C2: changes role from CANDIDATE to LEADER at term 1 for changeToLeader
2019-09-26 15:39:16,824 [bcb704dc-2543-42a4-8762-cde039a55a99@group-F96E5E74ED10:LeaderElection263] INFO  impl.RoleInfo (RoleInfo.java:shutdownLeaderElection(134)) - bcb704dc-2543-42a4-8762-cde039a55a99: shutdown LeaderElection
2019-09-26 15:39:17,155 [bcb704dc-2543-42a4-8762-cde039a55a99@group-F96E5E74ED10:LeaderElection263] INFO  impl.RaftServerImpl (RaftServerImpl.java:setRole(174)) - bcb704dc-2543-42a4-8762-cde039a55a99@group-F96E5E74ED10: changes role from CANDIDATE to LEADER at term 1 for changeToLeader
2019-09-26 15:39:16,824 [bcb704dc-2543-42a4-8762-cde039a55a99@group-708F9F8A739D:LeaderElection264] INFO  impl.RoleInfo (RoleInfo.java:shutdownLeaderElection(134)) - bcb704dc-2543-42a4-8762-cde039a55a99: shutdown LeaderElection
2019-09-26 15:39:16,824 [bcb704dc-2543-42a4-8762-cde039a55a99@group-768FFE8D3C99:LeaderElection239] INFO  impl.RoleInfo (RoleInfo.java:shutdownLeaderElection(134)) - bcb704dc-2543-42a4-8762-cde039a55a99: shutdown LeaderElection
2019-09-26 15:39:16,824 [bcb704dc-2543-42a4-8762-cde039a55a99@group-B99515D878E9:LeaderElection242] INFO  impl.RoleInfo (RoleInfo.java:shutdownLeaderElection(134)) - bcb704dc-2543-42a4-8762-cde039a55a99: shutdown LeaderElection
2019-09-26 15:39:17,156 [bcb704dc-2543-42a4-8762-cde039a55a99@group-B99515D878E9:LeaderElection242] INFO  impl.RaftServerImpl (RaftServerImpl.java:setRole(174)) - bcb704dc-2543-42a4-8762-cde039a55a99@group-B99515D878E9: changes role from CANDIDATE to LEADER at term 1 for changeToLeader
2019-09-26 15:39:16,824 [pool-123-thread-1] INFO  server.RaftServerConfigKeys (ConfUtils.java:logGet(43)) - raft.server.log.segment.cache.num.max = 2 (custom)
2019-09-26 15:39:16,824 [bcb704dc-2543-42a4-8762-cde039a55a99@group-19297E754D09:LeaderElection214] INFO  server.RaftServerConfigKeys (ConfUtils.java:logGet(43)) - raft.server.watch.timeout.denomination = 1s (default)
2019-09-26 15:39:16,823 [bcb704dc-2543-42a4-8762-cde039a55a99@group-0DF8239C052C:LeaderElection218] INFO  server.RaftServerConfigKeys (ConfUtils.java:logGet(43)) - raft.server.watch.element-limit = 65536 (default)
2019-09-26 15:39:16,337 [bcb704dc-2543-42a4-8762-cde039a55a99@group-1807F0C4354B:LeaderElection215] INFO  server.RaftServerConfigKeys (ConfUtils.java:logGet(43)) - raft.server.watch.timeout.denomination = 1s (default)
2019-09-26 15:39:16,336 [bcb704dc-2543-42a4-8762-cde039a55a99@group-8C4E846757B0:LeaderElection201] INFO  impl.RaftServerImpl (ServerState.java:setRaftConf(354)) - bcb704dc-2543-42a4-8762-cde039a55a99@group-8C4E846757B0: set configuration 0: [bcb704dc-2543-42a4-8762-cde039a55a99:192.168.151.99:43663], old=null at 0
2019-09-26 15:39:16,335 [bcb704dc-2543-42a4-8762-cde039a55a99@group-B04EACC30477-SegmentedRaftLogWorker] ERROR segmented.SegmentedRaftLogWorker (SegmentedRaftLogWorker.java:run(323)) - bcb704dc-2543-42a4-8762-cde039a55a99@group-B04EACC30477-SegmentedRaftLogWorker hit exception
java.lang.OutOfMemoryError: Direct buffer memory
	at java.nio.Bits.reserveMemory(Bits.java:666)
	at java.nio.DirectByteBuffer.<init>(DirectByteBuffer.java:123)
	at java.nio.ByteBuffer.allocateDirect(ByteBuffer.java:311)
	at org.apache.ratis.server.raftlog.segmented.BufferedWriteChannel.<init>(BufferedWriteChannel.java:41)
	at org.apache.ratis.server.raftlog.segmented.SegmentedRaftLogOutputStream.<init>(SegmentedRaftLogOutputStream.java:72)
	at org.apache.ratis.server.raftlog.segmented.SegmentedRaftLogWorker$StartLogSegment.execute(SegmentedRaftLogWorker.java:566)
	at org.apache.ratis.server.raftlog.segmented.SegmentedRaftLogWorker.run(SegmentedRaftLogWorker.java:289)
	at java.lang.Thread.run(Thread.java:748)
2019-09-26 15:39:16,327 [bcb704dc-2543-42a4-8762-cde039a55a99@group-11C7A05DD744-SegmentedRaftLogWorker] ERROR segmented.SegmentedRaftLogWorker (SegmentedRaftLogWorker.java:run(323)) - bcb704dc-2543-42a4-8762-cde039a55a99@group-11C7A05DD744-SegmentedRaftLogWorker hit exception
java.lang.OutOfMemoryError: Direct buffer memory
	at java.nio.Bits.reserveMemory(Bits.java:666)
	at java.nio.DirectByteBuffer.<init>(DirectByteBuffer.java:123)
	at java.nio.ByteBuffer.allocateDirect(ByteBuffer.java:311)
	at org.apache.ratis.server.raftlog.segmented.BufferedWriteChannel.<init>(BufferedWriteChannel.java:41)
	at org.apache.ratis.server.raftlog.segmented.SegmentedRaftLogOutputStream.<init>(SegmentedRaftLogOutputStream.java:72)
	at org.apache.ratis.server.raftlog.segmented.SegmentedRaftLogWorker$StartLogSegment.execute(SegmentedRaftLogWorker.java:566)
	at org.apache.ratis.server.raftlog.segmented.SegmentedRaftLogWorker.run(SegmentedRaftLogWorker.java:289)
	at java.lang.Thread.run(Thread.java:748)
2019-09-26 15:39:17,158 [bcb704dc-2543-42a4-8762-cde039a55a99@group-11C7A05DD744-SegmentedRaftLogWorker] INFO  impl.RaftServerImpl (RaftServerImpl.java:lambda$shutdown$3(251)) - bcb704dc-2543-42a4-8762-cde039a55a99@group-11C7A05DD744: shutdown
2019-09-26 15:39:16,327 [bcb704dc-2543-42a4-8762-cde039a55a99@group-82088539EA4F-SegmentedRaftLogWorker] ERROR segmented.SegmentedRaftLogWorker (SegmentedRaftLogWorker.java:run(323)) - bcb704dc-2543-42a4-8762-cde039a55a99@group-82088539EA4F-SegmentedRaftLogWorker hit exception
java.lang.OutOfMemoryError: Direct buffer memory
	at java.nio.Bits.reserveMemory(Bits.java:666)
	at java.nio.DirectByteBuffer.<init>(DirectByteBuffer.java:123)
	at java.nio.ByteBuffer.allocateDirect(ByteBuffer.java:311)
	at org.apache.ratis.server.raftlog.segmented.BufferedWriteChannel.<init>(BufferedWriteChannel.java:41)
	at org.apache.ratis.server.raftlog.segmented.SegmentedRaftLogOutputStream.<init>(SegmentedRaftLogOutputStream.java:72)
	at org.apache.ratis.server.raftlog.segmented.SegmentedRaftLogWorker$StartLogSegment.execute(SegmentedRaftLogWorker.java:566)
	at org.apache.ratis.server.raftlog.segmented.SegmentedRaftLogWorker.run(SegmentedRaftLogWorker.java:289)
	at java.lang.Thread.run(Thread.java:748)
2019-09-26 15:39:17,158 [bcb704dc-2543-42a4-8762-cde039a55a99@group-82088539EA4F-SegmentedRaftLogWorker] INFO  impl.RaftServerImpl (RaftServerImpl.java:lambda$shutdown$3(251)) - bcb704dc-2543-42a4-8762-cde039a55a99@group-82088539EA4F: shutdown
2019-09-26 15:39:15,841 [bcb704dc-2543-42a4-8762-cde039a55a99@group-0A32BFDC6864:LeaderElection199] INFO  segmented.SegmentedRaftLogWorker (SegmentedRaftLogWorker.java:startLogSegment(380)) - bcb704dc-2543-42a4-8762-cde039a55a99@group-0A32BFDC6864-SegmentedRaftLogWorker: Starting segment from index:0
2019-09-26 15:39:15,841 [bcb704dc-2543-42a4-8762-cde039a55a99@group-353F2047EF06:LeaderElection194] INFO  impl.RaftServerImpl (ServerState.java:setRaftConf(354)) - bcb704dc-2543-42a4-8762-cde039a55a99@group-353F2047EF06: set configuration 0: [bcb704dc-2543-42a4-8762-cde039a55a99:192.168.151.99:43663], old=null at 0
2019-09-26 15:39:15,841 [bcb704dc-2543-42a4-8762-cde039a55a99@group-312551D5FA7C:LeaderElection191] INFO  impl.RaftServerImpl (ServerState.java:setRaftConf(354)) - bcb704dc-2543-42a4-8762-cde039a55a99@group-312551D5FA7C: set configuration 0: [bcb704dc-2543-42a4-8762-cde039a55a99:192.168.151.99:43663], old=null at 0
2019-09-26 15:39:15,833 [bcb704dc-2543-42a4-8762-cde039a55a99@group-6B7863180474-SegmentedRaftLogWorker] ERROR segmented.SegmentedRaftLogWorker (SegmentedRaftLogWorker.java:run(323)) - bcb704dc-2543-42a4-8762-cde039a55a99@group-6B7863180474-SegmentedRaftLogWorker hit exception
java.lang.OutOfMemoryError: Direct buffer memory
	at java.nio.Bits.reserveMemory(Bits.java:666)
	at java.nio.DirectByteBuffer.<init>(DirectByteBuffer.java:123)
	at java.nio.ByteBuffer.allocateDirect(ByteBuffer.java:311)
	at org.apache.ratis.server.raftlog.segmented.BufferedWriteChannel.<init>(BufferedWriteChannel.java:41)
	at org.apache.ratis.server.raftlog.segmented.SegmentedRaftLogOutputStream.<init>(SegmentedRaftLogOutputStream.java:72)
	at org.apache.ratis.server.raftlog.segmented.SegmentedRaftLogWorker$StartLogSegment.execute(SegmentedRaftLogWorker.java:566)
	at org.apache.ratis.server.raftlog.segmented.SegmentedRaftLogWorker.run(SegmentedRaftLogWorker.java:289)
	at java.lang.Thread.run(Thread.java:748)
2019-09-26 15:39:15,535 [bcb704dc-2543-42a4-8762-cde039a55a99@group-F6F6A7BDA922:LeaderElection213] INFO  impl.RaftServerImpl (ServerState.java:setRaftConf(354)) - bcb704dc-2543-42a4-8762-cde039a55a99@group-F6F6A7BDA922: set configuration 0: [bcb704dc-2543-42a4-8762-cde039a55a99:192.168.151.99:43663], old=null at 0
2019-09-26 15:39:15,535 [bcb704dc-2543-42a4-8762-cde039a55a99@group-7C568138CBDB-SegmentedRaftLogWorker] INFO  util.JmxRegister (JmxRegister.java:unregister(73)) - Successfully un-registered JMX Bean with object name Ratis:service=RaftServer,group=group-7C568138CBDB,id=bcb704dc-2543-42a4-8762-cde039a55a99
2019-09-26 15:39:17,508 [bcb704dc-2543-42a4-8762-cde039a55a99@group-7C568138CBDB-SegmentedRaftLogWorker] INFO  impl.RoleInfo (RoleInfo.java:shutdownLeaderState(104)) - bcb704dc-2543-42a4-8762-cde039a55a99: shutdown LeaderState
2019-09-26 15:39:15,534 [bcb704dc-2543-42a4-8762-cde039a55a99@group-DA2C5CB8BB65-SegmentedRaftLogWorker] INFO  util.JmxRegister (JmxRegister.java:unregister(73)) - Successfully un-registered JMX Bean with object name Ratis:service=RaftServer,group=group-DA2C5CB8BB65,id=bcb704dc-2543-42a4-8762-cde039a55a99
2019-09-26 15:39:17,508 [bcb704dc-2543-42a4-8762-cde039a55a99@group-DA2C5CB8BB65-SegmentedRaftLogWorker] INFO  impl.RoleInfo (RoleInfo.java:shutdownLeaderState(104)) - bcb704dc-2543-42a4-8762-cde039a55a99: shutdown LeaderState
2019-09-26 15:39:15,534 [bcb704dc-2543-42a4-8762-cde039a55a99@group-CDE0182ACA4A-SegmentedRaftLogWorker] INFO  impl.PendingRequests (PendingRequests.java:sendNotLeaderResponses(202)) - bcb704dc-2543-42a4-8762-cde039a55a99-PendingRequests: sendNotLeaderResponses
2019-09-26 15:39:15,533 [bcb704dc-2543-42a4-8762-cde039a55a99@group-280A8A57BC6F-SegmentedRaftLogWorker] INFO  impl.PendingRequests (PendingRequests.java:sendNotLeaderResponses(202)) - bcb704dc-2543-42a4-8762-cde039a55a99-PendingRequests: sendNotLeaderResponses
2019-09-26 15:39:15,533 [bcb704dc-2543-42a4-8762-cde039a55a99@group-CAD346B564AD-SegmentedRaftLogWorker] INFO  segmented.SegmentedRaftLogWorker (SegmentedRaftLogWorker.java:close(228)) - bcb704dc-2543-42a4-8762-cde039a55a99@group-CAD346B564AD-SegmentedRaftLogWorker close()
2019-09-26 15:39:15,533 [bcb704dc-2543-42a4-8762-cde039a55a99@group-0C31D75A80BF-SegmentedRaftLogWorker] INFO  util.JmxRegister (JmxRegister.java:unregister(73)) - Successfully un-registered JMX Bean with object name Ratis:service=RaftServer,group=group-0C31D75A80BF,id=bcb704dc-2543-42a4-8762-cde039a55a99
2019-09-26 15:39:15,533 [bcb704dc-2543-42a4-8762-cde039a55a99@group-6D85AD78C566:LeaderElection217] INFO  server.RaftServerConfigKeys (ConfUtils.java:logGet(43)) - raft.server.watch.timeout.denomination = 1s (default)
2019-09-26 15:39:15,533 [bcb704dc-2543-42a4-8762-cde039a55a99@group-E41E9E7B90A5-SegmentedRaftLogWorker] INFO  impl.RoleInfo (RoleInfo.java:shutdownLeaderState(104)) - bcb704dc-2543-42a4-8762-cde039a55a99: shutdown LeaderState
2019-09-26 15:39:15,532 [bcb704dc-2543-42a4-8762-cde039a55a99@group-9CAC7CB13E97:LeaderElection216] INFO  server.RaftServerConfigKeys (ConfUtils.java:logGet(43)) - raft.server.write.element-limit = 4096 (default)
2019-09-26 15:39:15,532 [bcb704dc-2543-42a4-8762-cde039a55a99@group-FF44B23A8D1F-SegmentedRaftLogWorker] INFO  impl.PendingRequests (PendingRequests.java:sendNotLeaderResponses(202)) - bcb704dc-2543-42a4-8762-cde039a55a99-PendingRequests: sendNotLeaderResponses
2019-09-26 15:39:15,532 [bcb704dc-2543-42a4-8762-cde039a55a99@group-071C3AE303E0:LeaderElection224] INFO  server.RaftServerConfigKeys (ConfUtils.java:logGet(43)) - raft.server.staging.catchup.gap = 1000 (default)
2019-09-26 15:39:17,510 [bcb704dc-2543-42a4-8762-cde039a55a99@group-071C3AE303E0:LeaderElection224] INFO  server.RaftServerConfigKeys (ConfUtils.java:logGet(43)) - raft.server.rpc.sleep.time = 25ms (default)
2019-09-26 15:39:15,532 [bcb704dc-2543-42a4-8762-cde039a55a99@group-C84E1EDDFBB1-SegmentedRaftLogWorker] INFO  impl.RaftServerImpl (RaftServerImpl.java:lambda$shutdown$3(251)) - bcb704dc-2543-42a4-8762-cde039a55a99@group-C84E1EDDFBB1: shutdown
2019-09-26 15:39:15,532 [bcb704dc-2543-42a4-8762-cde039a55a99@group-05AF4C6C8552:LeaderElection260] INFO  server.RaftServerConfigKeys (ConfUtils.java:logGet(43)) - raft.server.staging.catchup.gap = 1000 (default)
2019-09-26 15:39:15,531 [bcb704dc-2543-42a4-8762-cde039a55a99@group-42C57E31B95C:LeaderElection226] INFO  server.RaftServerConfigKeys (ConfUtils.java:logGet(43)) - raft.server.rpc.sleep.time = 25ms (default)
2019-09-26 15:39:15,531 [bcb704dc-2543-42a4-8762-cde039a55a99@group-42E764F99F92:LeaderElection225] INFO  impl.RaftServerImpl (ServerState.java:setLeader(253)) - bcb704dc-2543-42a4-8762-cde039a55a99@group-42E764F99F92: change Leader from null to bcb704dc-2543-42a4-8762-cde039a55a99 at term 1 for becomeLeader, leader elected after 15058ms
2019-09-26 15:39:15,523 [RATISCREATEPIPELINE1] ERROR pipeline.RatisPipelineProvider (RatisPipelineProvider.java:lambda$null$2(175)) - Failed invoke Ratis rpc org.apache.hadoop.hdds.scm.pipeline.RatisPipelineProvider$$Lambda$169/12083785@1596d4e5 for bcb704dc-2543-42a4-8762-cde039a55a99
org.apache.ratis.protocol.TimeoutIOException: deadline exceeded after 2999750561ns
	at org.apache.ratis.grpc.GrpcUtil.tryUnwrapException(GrpcUtil.java:82)
	at org.apache.ratis.grpc.GrpcUtil.unwrapException(GrpcUtil.java:75)
	at org.apache.ratis.grpc.client.GrpcClientProtocolClient.blockingCall(GrpcClientProtocolClient.java:178)
	at org.apache.ratis.grpc.client.GrpcClientProtocolClient.groupAdd(GrpcClientProtocolClient.java:147)
	at org.apache.ratis.grpc.client.GrpcClientRpc.sendRequest(GrpcClientRpc.java:94)
	at org.apache.ratis.client.impl.RaftClientImpl.sendRequest(RaftClientImpl.java:278)
	at org.apache.ratis.client.impl.RaftClientImpl.groupAdd(RaftClientImpl.java:205)
	at org.apache.hadoop.hdds.scm.pipeline.RatisPipelineProvider.lambda$initializePipeline$1(RatisPipelineProvider.java:136)
	at org.apache.hadoop.hdds.scm.pipeline.RatisPipelineProvider.lambda$null$2(RatisPipelineProvider.java:171)
	at java.util.stream.ForEachOps$ForEachOp$OfRef.accept(ForEachOps.java:184)
	at java.util.ArrayList$ArrayListSpliterator.forEachRemaining(ArrayList.java:1382)
	at java.util.stream.AbstractPipeline.copyInto(AbstractPipeline.java:482)
	at java.util.stream.ForEachOps$ForEachTask.compute(ForEachOps.java:291)
	at java.util.concurrent.CountedCompleter.exec(CountedCompleter.java:731)
	at java.util.concurrent.ForkJoinTask.doExec(ForkJoinTask.java:289)
	at java.util.concurrent.ForkJoinTask.doInvoke(ForkJoinTask.java:401)
	at java.util.concurrent.ForkJoinTask.invoke(ForkJoinTask.java:734)
	at java.util.stream.ForEachOps$ForEachOp.evaluateParallel(ForEachOps.java:160)
	at java.util.stream.ForEachOps$ForEachOp$OfRef.evaluateParallel(ForEachOps.java:174)
	at java.util.stream.AbstractPipeline.evaluate(AbstractPipeline.java:233)
	at java.util.stream.ReferencePipeline.forEach(ReferencePipeline.java:418)
	at java.util.stream.ReferencePipeline$Head.forEach(ReferencePipeline.java:583)
	at org.apache.hadoop.hdds.scm.pipeline.RatisPipelineProvider.lambda$callRatisRpc$3(RatisPipelineProvider.java:165)
	at java.util.concurrent.ForkJoinTask$AdaptedRunnableAction.exec(ForkJoinTask.java:1386)
	at java.util.concurrent.ForkJoinTask.doExec(ForkJoinTask.java:289)
	at java.util.concurrent.ForkJoinPool$WorkQueue.runTask(ForkJoinPool.java:1056)
	at java.util.concurrent.ForkJoinPool.runWorker(ForkJoinPool.java:1692)
	at java.util.concurrent.ForkJoinWorkerThread.run(ForkJoinWorkerThread.java:157)
Caused by: org.apache.ratis.thirdparty.io.grpc.StatusRuntimeException: DEADLINE_EXCEEDED: deadline exceeded after 2999750561ns
	at org.apache.ratis.thirdparty.io.grpc.stub.ClientCalls.toStatusRuntimeException(ClientCalls.java:233)
	at org.apache.ratis.thirdparty.io.grpc.stub.ClientCalls.getUnchecked(ClientCalls.java:214)
	at org.apache.ratis.thirdparty.io.grpc.stub.ClientCalls.blockingUnaryCall(ClientCalls.java:139)
	at org.apache.ratis.proto.grpc.AdminProtocolServiceGrpc$AdminProtocolServiceBlockingStub.groupManagement(AdminProtocolServiceGrpc.java:274)
	at org.apache.ratis.grpc.client.GrpcClientProtocolClient.lambda$groupAdd$3(GrpcClientProtocolClient.java:149)
	at org.apache.ratis.grpc.client.GrpcClientProtocolClient.blockingCall(GrpcClientProtocolClient.java:176)
	... 25 more
2019-09-26 15:39:15,223 [bcb704dc-2543-42a4-8762-cde039a55a99@group-8891CF406B17:LeaderElection228] INFO  server.RaftServerConfigKeys (ConfUtils.java:logGet(43)) - raft.server.staging.catchup.gap = 1000 (default)
2019-09-26 15:39:15,223 [bcb704dc-2543-42a4-8762-cde039a55a99@group-4B788DE994AB:LeaderElection229] INFO  server.RaftServerConfigKeys (ConfUtils.java:logGet(43)) - raft.server.staging.catchup.gap = 1000 (default)
2019-09-26 15:39:17,516 [bcb704dc-2543-42a4-8762-cde039a55a99@group-4B788DE994AB:LeaderElection229] INFO  server.RaftServerConfigKeys (ConfUtils.java:logGet(43)) - raft.server.rpc.sleep.time = 25ms (default)
2019-09-26 15:39:15,223 [bcb704dc-2543-42a4-8762-cde039a55a99@group-E9033DA04B7D:LeaderElection200] INFO  impl.RaftServerImpl (ServerState.java:setRaftConf(354)) - bcb704dc-2543-42a4-8762-cde039a55a99@group-E9033DA04B7D: set configuration 0: [bcb704dc-2543-42a4-8762-cde039a55a99:192.168.151.99:43663], old=null at 0
2019-09-26 15:39:15,222 [bcb704dc-2543-42a4-8762-cde039a55a99@group-CD5767121D26:LeaderElection230] INFO  impl.RaftServerImpl (ServerState.java:setLeader(253)) - bcb704dc-2543-42a4-8762-cde039a55a99@group-CD5767121D26: change Leader from null to bcb704dc-2543-42a4-8762-cde039a55a99 at term 1 for becomeLeader, leader elected after 18801ms
2019-09-26 15:39:15,222 [bcb704dc-2543-42a4-8762-cde039a55a99@group-617888AA4A51:LeaderElection232] INFO  server.RaftServerConfigKeys (ConfUtils.java:logGet(43)) - raft.server.rpc.sleep.time = 25ms (default)
2019-09-26 15:39:15,222 [bcb704dc-2543-42a4-8762-cde039a55a99@group-69BB3C0B63D8:LeaderElection231] INFO  server.RaftServerConfigKeys (ConfUtils.java:logGet(43)) - raft.server.staging.catchup.gap = 1000 (default)
2019-09-26 15:39:17,517 [bcb704dc-2543-42a4-8762-cde039a55a99@group-69BB3C0B63D8:LeaderElection231] INFO  server.RaftServerConfigKeys (ConfUtils.java:logGet(43)) - raft.server.rpc.sleep.time = 25ms (default)
2019-09-26 15:39:15,221 [bcb704dc-2543-42a4-8762-cde039a55a99@group-4D04F2324D2E:LeaderElection227] INFO  server.RaftServerConfigKeys (ConfUtils.java:logGet(43)) - raft.server.staging.catchup.gap = 1000 (default)
2019-09-26 15:39:17,518 [bcb704dc-2543-42a4-8762-cde039a55a99@group-4D04F2324D2E:LeaderElection227] INFO  server.RaftServerConfigKeys (ConfUtils.java:logGet(43)) - raft.server.rpc.sleep.time = 25ms (default)
2019-09-26 15:39:14,907 [bcb704dc-2543-42a4-8762-cde039a55a99@group-23B603725A20:LeaderElection187] INFO  impl.RaftServerImpl (ServerState.java:setRaftConf(354)) - bcb704dc-2543-42a4-8762-cde039a55a99@group-23B603725A20: set configuration 0: [bcb704dc-2543-42a4-8762-cde039a55a99:192.168.151.99:43663], old=null at 0
2019-09-26 15:39:15,221 [bcb704dc-2543-42a4-8762-cde039a55a99@group-FB26FC18925F:LeaderElection265] INFO  impl.LeaderElection (LeaderElection.java:askForVotes(182)) - bcb704dc-2543-42a4-8762-cde039a55a99@group-FB26FC18925F:LeaderElection265: begin an election at term 1 for -1: [bcb704dc-2543-42a4-8762-cde039a55a99:192.168.151.99:43663], old=null
2019-09-26 15:39:15,213 [bcb704dc-2543-42a4-8762-cde039a55a99@group-BBF433C8F92D-SegmentedRaftLogWorker] ERROR segmented.SegmentedRaftLogWorker (SegmentedRaftLogWorker.java:run(323)) - bcb704dc-2543-42a4-8762-cde039a55a99@group-BBF433C8F92D-SegmentedRaftLogWorker hit exception
java.lang.OutOfMemoryError: Direct buffer memory
	at java.nio.Bits.reserveMemory(Bits.java:666)
	at java.nio.DirectByteBuffer.<init>(DirectByteBuffer.java:123)
	at java.nio.ByteBuffer.allocateDirect(ByteBuffer.java:311)
	at org.apache.ratis.server.raftlog.segmented.BufferedWriteChannel.<init>(BufferedWriteChannel.java:41)
	at org.apache.ratis.server.raftlog.segmented.SegmentedRaftLogOutputStream.<init>(SegmentedRaftLogOutputStream.java:72)
	at org.apache.ratis.server.raftlog.segmented.SegmentedRaftLogWorker$StartLogSegment.execute(SegmentedRaftLogWorker.java:566)
	at org.apache.ratis.server.raftlog.segmented.SegmentedRaftLogWorker.run(SegmentedRaftLogWorker.java:289)
	at java.lang.Thread.run(Thread.java:748)
2019-09-26 15:39:14,907 [bcb704dc-2543-42a4-8762-cde039a55a99@group-2D09A842301B:LeaderElection206] INFO  segmented.SegmentedRaftLogWorker (SegmentedRaftLogWorker.java:startLogSegment(380)) - bcb704dc-2543-42a4-8762-cde039a55a99@group-2D09A842301B-SegmentedRaftLogWorker: Starting segment from index:0
2019-09-26 15:39:14,907 [bcb704dc-2543-42a4-8762-cde039a55a99@group-E184EC457834-SegmentedRaftLogWorker] INFO  impl.RaftServerImpl (RaftServerImpl.java:lambda$shutdown$3(251)) - bcb704dc-2543-42a4-8762-cde039a55a99@group-E184EC457834: shutdown
2019-09-26 15:39:14,906 [bcb704dc-2543-42a4-8762-cde039a55a99@group-4E88BFDC7C13-SegmentedRaftLogWorker] INFO  impl.StateMachineUpdater (StateMachineUpdater.java:stopAndJoin(125)) - bcb704dc-2543-42a4-8762-cde039a55a99@group-4E88BFDC7C13-StateMachineUpdater: set stopIndex = -1
2019-09-26 15:39:17,519 [bcb704dc-2543-42a4-8762-cde039a55a99@group-2D09A842301B:LeaderElection206] INFO  impl.RaftServerImpl (ServerState.java:setRaftConf(354)) - bcb704dc-2543-42a4-8762-cde039a55a99@group-2D09A842301B: set configuration 0: [bcb704dc-2543-42a4-8762-cde039a55a99:192.168.151.99:43663], old=null at 0
2019-09-26 15:39:14,597 [bcb704dc-2543-42a4-8762-cde039a55a99@group-FDAD0B55B238-SegmentedRaftLogWorker] INFO  segmented.SegmentedRaftLogWorker (SegmentedRaftLogWorker.java:close(228)) - bcb704dc-2543-42a4-8762-cde039a55a99@group-FDAD0B55B238-SegmentedRaftLogWorker close()
2019-09-26 15:39:14,893 [bcb704dc-2543-42a4-8762-cde039a55a99@group-4E34C6955B17-SegmentedRaftLogWorker] ERROR segmented.SegmentedRaftLogWorker (SegmentedRaftLogWorker.java:run(323)) - bcb704dc-2543-42a4-8762-cde039a55a99@group-4E34C6955B17-SegmentedRaftLogWorker hit exception
java.lang.OutOfMemoryError: Direct buffer memory
	at java.nio.Bits.reserveMemory(Bits.java:666)
	at java.nio.DirectByteBuffer.<init>(DirectByteBuffer.java:123)
	at java.nio.ByteBuffer.allocateDirect(ByteBuffer.java:311)
	at org.apache.ratis.server.raftlog.segmented.BufferedWriteChannel.<init>(BufferedWriteChannel.java:41)
	at org.apache.ratis.server.raftlog.segmented.SegmentedRaftLogOutputStream.<init>(SegmentedRaftLogOutputStream.java:72)
	at org.apache.ratis.server.raftlog.segmented.SegmentedRaftLogWorker$StartLogSegment.execute(SegmentedRaftLogWorker.java:566)
	at org.apache.ratis.server.raftlog.segmented.SegmentedRaftLogWorker.run(SegmentedRaftLogWorker.java:289)
	at java.lang.Thread.run(Thread.java:748)
2019-09-26 15:39:17,871 [bcb704dc-2543-42a4-8762-cde039a55a99@group-4E34C6955B17-SegmentedRaftLogWorker] INFO  impl.RaftServerImpl (RaftServerImpl.java:lambda$shutdown$3(251)) - bcb704dc-2543-42a4-8762-cde039a55a99@group-4E34C6955B17: shutdown
2019-09-26 15:39:14,893 [bcb704dc-2543-42a4-8762-cde039a55a99@group-008535A2A097-SegmentedRaftLogWorker] ERROR segmented.SegmentedRaftLogWorker (SegmentedRaftLogWorker.java:run(323)) - bcb704dc-2543-42a4-8762-cde039a55a99@group-008535A2A097-SegmentedRaftLogWorker hit exception
java.lang.OutOfMemoryError: Direct buffer memory
	at java.nio.Bits.reserveMemory(Bits.java:666)
	at java.nio.DirectByteBuffer.<init>(DirectByteBuffer.java:123)
	at java.nio.ByteBuffer.allocateDirect(ByteBuffer.java:311)
	at org.apache.ratis.server.raftlog.segmented.BufferedWriteChannel.<init>(BufferedWriteChannel.java:41)
	at org.apache.ratis.server.raftlog.segmented.SegmentedRaftLogOutputStream.<init>(SegmentedRaftLogOutputStream.java:72)
	at org.apache.ratis.server.raftlog.segmented.SegmentedRaftLogWorker$StartLogSegment.execute(SegmentedRaftLogWorker.java:566)
	at org.apache.ratis.server.raftlog.segmented.SegmentedRaftLogWorker.run(SegmentedRaftLogWorker.java:289)
	at java.lang.Thread.run(Thread.java:748)
2019-09-26 15:39:17,872 [bcb704dc-2543-42a4-8762-cde039a55a99@group-008535A2A097-SegmentedRaftLogWorker] INFO  impl.RaftServerImpl (RaftServerImpl.java:lambda$shutdown$3(251)) - bcb704dc-2543-42a4-8762-cde039a55a99@group-008535A2A097: shutdown
2019-09-26 15:39:14,597 [bcb704dc-2543-42a4-8762-cde039a55a99@group-884AB6599596:LeaderElection211] INFO  impl.RoleInfo (RoleInfo.java:updateAndGet(143)) - bcb704dc-2543-42a4-8762-cde039a55a99: start LeaderState
2019-09-26 15:39:14,596 [bcb704dc-2543-42a4-8762-cde039a55a99@group-A09E01A06194-SegmentedRaftLogWorker] INFO  impl.RaftServerImpl (RaftServerImpl.java:lambda$shutdown$3(251)) - bcb704dc-2543-42a4-8762-cde039a55a99@group-A09E01A06194: shutdown
2019-09-26 15:39:17,872 [bcb704dc-2543-42a4-8762-cde039a55a99@group-A09E01A06194-SegmentedRaftLogWorker] INFO  util.JmxRegister (JmxRegister.java:unregister(73)) - Successfully un-registered JMX Bean with object name Ratis:service=RaftServer,group=group-A09E01A06194,id=bcb704dc-2543-42a4-8762-cde039a55a99
2019-09-26 15:39:14,595 [bcb704dc-2543-42a4-8762-cde039a55a99@group-D95087EDE7EE:LeaderElection261] INFO  impl.LeaderElection (LeaderElection.java:askForVotes(182)) - bcb704dc-2543-42a4-8762-cde039a55a99@group-D95087EDE7EE:LeaderElection261: begin an election at term 1 for -1: [bcb704dc-2543-42a4-8762-cde039a55a99:192.168.151.99:43663], old=null
2019-09-26 15:39:14,595 [bcb704dc-2543-42a4-8762-cde039a55a99@group-E156FE0624FA:LeaderElection262] INFO  impl.LeaderElection (LeaderElection.java:askForVotes(182)) - bcb704dc-2543-42a4-8762-cde039a55a99@group-E156FE0624FA:LeaderElection262: begin an election at term 1 for -1: [bcb704dc-2543-42a4-8762-cde039a55a99:192.168.151.99:43663], old=null
2019-09-26 15:39:14,587 [bcb704dc-2543-42a4-8762-cde039a55a99@group-A778D7837BC2-SegmentedRaftLogWorker] ERROR segmented.SegmentedRaftLogWorker (SegmentedRaftLogWorker.java:run(323)) - bcb704dc-2543-42a4-8762-cde039a55a99@group-A778D7837BC2-SegmentedRaftLogWorker hit exception
java.lang.OutOfMemoryError: Direct buffer memory
	at java.nio.Bits.reserveMemory(Bits.java:666)
	at java.nio.DirectByteBuffer.<init>(DirectByteBuffer.java:123)
	at java.nio.ByteBuffer.allocateDirect(ByteBuffer.java:311)
	at org.apache.ratis.server.raftlog.segmented.BufferedWriteChannel.<init>(BufferedWriteChannel.java:41)
	at org.apache.ratis.server.raftlog.segmented.SegmentedRaftLogOutputStream.<init>(SegmentedRaftLogOutputStream.java:72)
	at org.apache.ratis.server.raftlog.segmented.SegmentedRaftLogWorker$StartLogSegment.execute(SegmentedRaftLogWorker.java:566)
	at org.apache.ratis.server.raftlog.segmented.SegmentedRaftLogWorker.run(SegmentedRaftLogWorker.java:289)
	at java.lang.Thread.run(Thread.java:748)
2019-09-26 15:39:17,873 [bcb704dc-2543-42a4-8762-cde039a55a99@group-A778D7837BC2-SegmentedRaftLogWorker] INFO  impl.RaftServerImpl (RaftServerImpl.java:lambda$shutdown$3(251)) - bcb704dc-2543-42a4-8762-cde039a55a99@group-A778D7837BC2: shutdown
2019-09-26 15:39:14,298 [bcb704dc-2543-42a4-8762-cde039a55a99@group-A0C5D2D9FA46-SegmentedRaftLogWorker] INFO  impl.RaftServerImpl (RaftServerImpl.java:lambda$shutdown$3(251)) - bcb704dc-2543-42a4-8762-cde039a55a99@group-A0C5D2D9FA46: shutdown
2019-09-26 15:39:17,873 [bcb704dc-2543-42a4-8762-cde039a55a99@group-A0C5D2D9FA46-SegmentedRaftLogWorker] INFO  util.JmxRegister (JmxRegister.java:unregister(73)) - Successfully un-registered JMX Bean with object name Ratis:service=RaftServer,group=group-A0C5D2D9FA46,id=bcb704dc-2543-42a4-8762-cde039a55a99
2019-09-26 15:39:14,297 [bcb704dc-2543-42a4-8762-cde039a55a99@group-5542967D52A3-SegmentedRaftLogWorker] INFO  impl.StateMachineUpdater (StateMachineUpdater.java:stopAndJoin(125)) - bcb704dc-2543-42a4-8762-cde039a55a99@group-5542967D52A3-StateMachineUpdater: set stopIndex = -1
2019-09-26 15:39:17,873 [bcb704dc-2543-42a4-8762-cde039a55a99@group-5542967D52A3-SegmentedRaftLogWorker] INFO  impl.RaftServerImpl (ServerState.java:close(385)) - bcb704dc-2543-42a4-8762-cde039a55a99@group-5542967D52A3: closes. applyIndex: -1
2019-09-26 15:39:14,297 [bcb704dc-2543-42a4-8762-cde039a55a99@group-0B9A04D0016D-SegmentedRaftLogWorker] INFO  impl.RaftServerImpl (ServerState.java:close(385)) - bcb704dc-2543-42a4-8762-cde039a55a99@group-0B9A04D0016D: closes. applyIndex: -1
2019-09-26 15:39:14,297 [bcb704dc-2543-42a4-8762-cde039a55a99@group-29694A780B41-SegmentedRaftLogWorker] INFO  segmented.SegmentedRaftLogWorker (SegmentedRaftLogWorker.java:close(228)) - bcb704dc-2543-42a4-8762-cde039a55a99@group-29694A780B41-SegmentedRaftLogWorker close()
2019-09-26 15:39:17,874 [bcb704dc-2543-42a4-8762-cde039a55a99@group-0B9A04D0016D-SegmentedRaftLogWorker] INFO  segmented.SegmentedRaftLogWorker (SegmentedRaftLogWorker.java:close(228)) - bcb704dc-2543-42a4-8762-cde039a55a99@group-0B9A04D0016D-SegmentedRaftLogWorker close()
2019-09-26 15:39:17,874 [bcb704dc-2543-42a4-8762-cde039a55a99@group-5542967D52A3-SegmentedRaftLogWorker] INFO  segmented.SegmentedRaftLogWorker (SegmentedRaftLogWorker.java:close(228)) - bcb704dc-2543-42a4-8762-cde039a55a99@group-5542967D52A3-SegmentedRaftLogWorker close()
2019-09-26 15:39:17,873 [bcb704dc-2543-42a4-8762-cde039a55a99@group-A0C5D2D9FA46-SegmentedRaftLogWorker] INFO  impl.RoleInfo (RoleInfo.java:shutdownLeaderState(104)) - bcb704dc-2543-42a4-8762-cde039a55a99: shutdown LeaderState
2019-09-26 15:39:17,873 [bcb704dc-2543-42a4-8762-cde039a55a99@group-A778D7837BC2-SegmentedRaftLogWorker] INFO  util.JmxRegister (JmxRegister.java:unregister(73)) - Successfully un-registered JMX Bean with object name Ratis:service=RaftServer,group=group-A778D7837BC2,id=bcb704dc-2543-42a4-8762-cde039a55a99
2019-09-26 15:39:17,874 [bcb704dc-2543-42a4-8762-cde039a55a99@group-A778D7837BC2-SegmentedRaftLogWorker] INFO  impl.RoleInfo (RoleInfo.java:shutdownLeaderState(104)) - bcb704dc-2543-42a4-8762-cde039a55a99: shutdown LeaderState
2019-09-26 15:39:17,873 [bcb704dc-2543-42a4-8762-cde039a55a99@group-E156FE0624FA:LeaderElection262] INFO  impl.RoleInfo (RoleInfo.java:shutdownLeaderElection(134)) - bcb704dc-2543-42a4-8762-cde039a55a99: shutdown LeaderElection
2019-09-26 15:39:17,873 [bcb704dc-2543-42a4-8762-cde039a55a99@group-D95087EDE7EE:LeaderElection261] INFO  impl.RoleInfo (RoleInfo.java:shutdownLeaderElection(134)) - bcb704dc-2543-42a4-8762-cde039a55a99: shutdown LeaderElection
2019-09-26 15:39:17,872 [bcb704dc-2543-42a4-8762-cde039a55a99@group-A09E01A06194-SegmentedRaftLogWorker] INFO  impl.RoleInfo (RoleInfo.java:shutdownLeaderState(104)) - bcb704dc-2543-42a4-8762-cde039a55a99: shutdown LeaderState
2019-09-26 15:39:17,875 [bcb704dc-2543-42a4-8762-cde039a55a99@group-A09E01A06194-SegmentedRaftLogWorker] INFO  impl.PendingRequests (PendingRequests.java:sendNotLeaderResponses(202)) - bcb704dc-2543-42a4-8762-cde039a55a99-PendingRequests: sendNotLeaderResponses
2019-09-26 15:39:17,872 [bcb704dc-2543-42a4-8762-cde039a55a99@group-884AB6599596:LeaderElection211] INFO  segmented.SegmentedRaftLogWorker (SegmentedRaftLogWorker.java:startLogSegment(380)) - bcb704dc-2543-42a4-8762-cde039a55a99@group-884AB6599596-SegmentedRaftLogWorker: Starting segment from index:0
2019-09-26 15:39:17,872 [bcb704dc-2543-42a4-8762-cde039a55a99@group-008535A2A097-SegmentedRaftLogWorker] INFO  util.JmxRegister (JmxRegister.java:unregister(73)) - Successfully un-registered JMX Bean with object name Ratis:service=RaftServer,group=group-008535A2A097,id=bcb704dc-2543-42a4-8762-cde039a55a99
2019-09-26 15:39:17,875 [bcb704dc-2543-42a4-8762-cde039a55a99@group-008535A2A097-SegmentedRaftLogWorker] INFO  impl.RoleInfo (RoleInfo.java:shutdownLeaderState(104)) - bcb704dc-2543-42a4-8762-cde039a55a99: shutdown LeaderState
2019-09-26 15:39:17,875 [bcb704dc-2543-42a4-8762-cde039a55a99@group-884AB6599596:LeaderElection211] INFO  impl.RaftServerImpl (ServerState.java:setRaftConf(354)) - bcb704dc-2543-42a4-8762-cde039a55a99@group-884AB6599596: set configuration 0: [bcb704dc-2543-42a4-8762-cde039a55a99:192.168.151.99:43663], old=null at 0
2019-09-26 15:39:17,872 [bcb704dc-2543-42a4-8762-cde039a55a99@group-4E34C6955B17-SegmentedRaftLogWorker] INFO  util.JmxRegister (JmxRegister.java:unregister(73)) - Successfully un-registered JMX Bean with object name Ratis:service=RaftServer,group=group-4E34C6955B17,id=bcb704dc-2543-42a4-8762-cde039a55a99
2019-09-26 15:39:17,839 [bcb704dc-2543-42a4-8762-cde039a55a99@group-F6F6A7BDA922-SegmentedRaftLogWorker] ERROR segmented.SegmentedRaftLogWorker (SegmentedRaftLogWorker.java:run(323)) - bcb704dc-2543-42a4-8762-cde039a55a99@group-F6F6A7BDA922-SegmentedRaftLogWorker hit exception
java.lang.OutOfMemoryError: Direct buffer memory
	at java.nio.Bits.reserveMemory(Bits.java:666)
	at java.nio.DirectByteBuffer.<init>(DirectByteBuffer.java:123)
	at java.nio.ByteBuffer.allocateDirect(ByteBuffer.java:311)
	at org.apache.ratis.server.raftlog.segmented.BufferedWriteChannel.<init>(BufferedWriteChannel.java:41)
	at org.apache.ratis.server.raftlog.segmented.SegmentedRaftLogOutputStream.<init>(SegmentedRaftLogOutputStream.java:72)
	at org.apache.ratis.server.raftlog.segmented.SegmentedRaftLogWorker$StartLogSegment.execute(SegmentedRaftLogWorker.java:566)
	at org.apache.ratis.server.raftlog.segmented.SegmentedRaftLogWorker.run(SegmentedRaftLogWorker.java:289)
	at java.lang.Thread.run(Thread.java:748)
2019-09-26 15:39:18,197 [bcb704dc-2543-42a4-8762-cde039a55a99@group-F6F6A7BDA922-SegmentedRaftLogWorker] INFO  impl.RaftServerImpl (RaftServerImpl.java:lambda$shutdown$3(251)) - bcb704dc-2543-42a4-8762-cde039a55a99@group-F6F6A7BDA922: shutdown
2019-09-26 15:39:17,519 [bcb704dc-2543-42a4-8762-cde039a55a99@group-4E88BFDC7C13-SegmentedRaftLogWorker] INFO  impl.RaftServerImpl (ServerState.java:close(385)) - bcb704dc-2543-42a4-8762-cde039a55a99@group-4E88BFDC7C13: closes. applyIndex: -1
2019-09-26 15:39:17,519 [bcb704dc-2543-42a4-8762-cde039a55a99@group-E184EC457834-SegmentedRaftLogWorker] INFO  util.JmxRegister (JmxRegister.java:unregister(73)) - Successfully un-registered JMX Bean with object name Ratis:service=RaftServer,group=group-E184EC457834,id=bcb704dc-2543-42a4-8762-cde039a55a99
2019-09-26 15:39:18,198 [bcb704dc-2543-42a4-8762-cde039a55a99@group-E184EC457834-SegmentedRaftLogWorker] INFO  impl.RoleInfo (RoleInfo.java:shutdownLeaderState(104)) - bcb704dc-2543-42a4-8762-cde039a55a99: shutdown LeaderState
2019-09-26 15:39:17,519 [bcb704dc-2543-42a4-8762-cde039a55a99@group-BBF433C8F92D-SegmentedRaftLogWorker] INFO  impl.RaftServerImpl (RaftServerImpl.java:lambda$shutdown$3(251)) - bcb704dc-2543-42a4-8762-cde039a55a99@group-BBF433C8F92D: shutdown
2019-09-26 15:39:18,198 [bcb704dc-2543-42a4-8762-cde039a55a99@group-BBF433C8F92D-SegmentedRaftLogWorker] INFO  util.JmxRegister (JmxRegister.java:unregister(73)) - Successfully un-registered JMX Bean with object name Ratis:service=RaftServer,group=group-BBF433C8F92D,id=bcb704dc-2543-42a4-8762-cde039a55a99
2019-09-26 15:39:17,518 [bcb704dc-2543-42a4-8762-cde039a55a99@group-FB26FC18925F:LeaderElection265] INFO  impl.RoleInfo (RoleInfo.java:shutdownLeaderElection(134)) - bcb704dc-2543-42a4-8762-cde039a55a99: shutdown LeaderElection
2019-09-26 15:39:17,518 [bcb704dc-2543-42a4-8762-cde039a55a99@group-4D04F2324D2E:LeaderElection227] INFO  server.RaftServerConfigKeys (ConfUtils.java:logGet(43)) - raft.server.write.element-limit = 4096 (default)
2019-09-26 15:39:17,518 [bcb704dc-2543-42a4-8762-cde039a55a99@group-69BB3C0B63D8:LeaderElection231] INFO  server.RaftServerConfigKeys (ConfUtils.java:logGet(43)) - raft.server.write.element-limit = 4096 (default)
2019-09-26 15:39:17,517 [bcb704dc-2543-42a4-8762-cde039a55a99@group-617888AA4A51:LeaderElection232] INFO  server.RaftServerConfigKeys (ConfUtils.java:logGet(43)) - raft.server.write.element-limit = 4096 (default)
2019-09-26 15:39:17,517 [bcb704dc-2543-42a4-8762-cde039a55a99@group-CD5767121D26:LeaderElection230] INFO  server.RaftServerConfigKeys (ConfUtils.java:logGet(43)) - raft.server.staging.catchup.gap = 1000 (default)
2019-09-26 15:39:18,199 [bcb704dc-2543-42a4-8762-cde039a55a99@group-CD5767121D26:LeaderElection230] INFO  server.RaftServerConfigKeys (ConfUtils.java:logGet(43)) - raft.server.rpc.sleep.time = 25ms (default)
2019-09-26 15:39:17,516 [bcb704dc-2543-42a4-8762-cde039a55a99@group-4B788DE994AB:LeaderElection229] INFO  server.RaftServerConfigKeys (ConfUtils.java:logGet(43)) - raft.server.write.element-limit = 4096 (default)
2019-09-26 15:39:17,516 [RatisPipelineUtilsThread] ERROR pipeline.SCMPipelineManager (SCMPipelineManager.java:createPipeline(167)) - Pipeline creation failed.
java.io.IOException: Failed invoke Ratis rpc org.apache.hadoop.hdds.scm.pipeline.RatisPipelineProvider$$Lambda$169/12083785@1596d4e5 for bcb704dc-2543-42a4-8762-cde039a55a99
	at org.apache.hadoop.hdds.scm.pipeline.RatisPipelineProvider.lambda$null$2(RatisPipelineProvider.java:176)
	at java.util.stream.ForEachOps$ForEachOp$OfRef.accept(ForEachOps.java:184)
	at java.util.ArrayList$ArrayListSpliterator.forEachRemaining(ArrayList.java:1382)
	at java.util.stream.AbstractPipeline.copyInto(AbstractPipeline.java:482)
	at java.util.stream.ForEachOps$ForEachTask.compute(ForEachOps.java:291)
	at java.util.concurrent.CountedCompleter.exec(CountedCompleter.java:731)
	at java.util.concurrent.ForkJoinTask.doExec(ForkJoinTask.java:289)
	at java.util.concurrent.ForkJoinTask.doInvoke(ForkJoinTask.java:401)
	at java.util.concurrent.ForkJoinTask.invoke(ForkJoinTask.java:734)
	at java.util.stream.ForEachOps$ForEachOp.evaluateParallel(ForEachOps.java:160)
	at java.util.stream.ForEachOps$ForEachOp$OfRef.evaluateParallel(ForEachOps.java:174)
	at java.util.stream.AbstractPipeline.evaluate(AbstractPipeline.java:233)
	at java.util.stream.ReferencePipeline.forEach(ReferencePipeline.java:418)
	at java.util.stream.ReferencePipeline$Head.forEach(ReferencePipeline.java:583)
	at org.apache.hadoop.hdds.scm.pipeline.RatisPipelineProvider.lambda$callRatisRpc$3(RatisPipelineProvider.java:165)
	at java.util.concurrent.ForkJoinTask$AdaptedRunnableAction.exec(ForkJoinTask.java:1386)
	at java.util.concurrent.ForkJoinTask.doExec(ForkJoinTask.java:289)
	at java.util.concurrent.ForkJoinPool$WorkQueue.runTask(ForkJoinPool.java:1056)
	at java.util.concurrent.ForkJoinPool.runWorker(ForkJoinPool.java:1692)
	at java.util.concurrent.ForkJoinWorkerThread.run(ForkJoinWorkerThread.java:157)
Caused by: org.apache.ratis.protocol.TimeoutIOException: deadline exceeded after 2999750561ns
	at org.apache.ratis.grpc.GrpcUtil.tryUnwrapException(GrpcUtil.java:82)
	at org.apache.ratis.grpc.GrpcUtil.unwrapException(GrpcUtil.java:75)
	at org.apache.ratis.grpc.client.GrpcClientProtocolClient.blockingCall(GrpcClientProtocolClient.java:178)
	at org.apache.ratis.grpc.client.GrpcClientProtocolClient.groupAdd(GrpcClientProtocolClient.java:147)
	at org.apache.ratis.grpc.client.GrpcClientRpc.sendRequest(GrpcClientRpc.java:94)
	at org.apache.ratis.client.impl.RaftClientImpl.sendRequest(RaftClientImpl.java:278)
	at org.apache.ratis.client.impl.RaftClientImpl.groupAdd(RaftClientImpl.java:205)
	at org.apache.hadoop.hdds.scm.pipeline.RatisPipelineProvider.lambda$initializePipeline$1(RatisPipelineProvider.java:136)
	at org.apache.hadoop.hdds.scm.pipeline.RatisPipelineProvider.lambda$null$2(RatisPipelineProvider.java:171)
	... 19 more
Caused by: org.apache.ratis.thirdparty.io.grpc.StatusRuntimeException: DEADLINE_EXCEEDED: deadline exceeded after 2999750561ns
	at org.apache.ratis.thirdparty.io.grpc.stub.ClientCalls.toStatusRuntimeException(ClientCalls.java:233)
	at org.apache.ratis.thirdparty.io.grpc.stub.ClientCalls.getUnchecked(ClientCalls.java:214)
	at org.apache.ratis.thirdparty.io.grpc.stub.ClientCalls.blockingUnaryCall(ClientCalls.java:139)
	at org.apache.ratis.proto.grpc.AdminProtocolServiceGrpc$AdminProtocolServiceBlockingStub.groupManagement(AdminProtocolServiceGrpc.java:274)
	at org.apache.ratis.grpc.client.GrpcClientProtocolClient.lambda$groupAdd$3(GrpcClientProtocolClient.java:149)
	at org.apache.ratis.grpc.client.GrpcClientProtocolClient.blockingCall(GrpcClientProtocolClient.java:176)
	... 25 more
2019-09-26 15:39:17,512 [bcb704dc-2543-42a4-8762-cde039a55a99@group-8891CF406B17:LeaderElection228] INFO  server.RaftServerConfigKeys (ConfUtils.java:logGet(43)) - raft.server.rpc.sleep.time = 25ms (default)
2019-09-26 15:39:17,511 [bcb704dc-2543-42a4-8762-cde039a55a99@group-42E764F99F92:LeaderElection225] INFO  server.RaftServerConfigKeys (ConfUtils.java:logGet(43)) - raft.server.staging.catchup.gap = 1000 (default)
2019-09-26 15:39:18,200 [bcb704dc-2543-42a4-8762-cde039a55a99@group-42E764F99F92:LeaderElection225] INFO  server.RaftServerConfigKeys (ConfUtils.java:logGet(43)) - raft.server.rpc.sleep.time = 25ms (default)
2019-09-26 15:39:17,511 [bcb704dc-2543-42a4-8762-cde039a55a99@group-42C57E31B95C:LeaderElection226] INFO  server.RaftServerConfigKeys (ConfUtils.java:logGet(43)) - raft.server.write.element-limit = 4096 (default)
2019-09-26 15:39:18,201 [bcb704dc-2543-42a4-8762-cde039a55a99@group-42C57E31B95C:LeaderElection226] INFO  server.RaftServerConfigKeys (ConfUtils.java:logGet(43)) - raft.server.watch.timeout = 10s (default)
2019-09-26 15:39:17,511 [bcb704dc-2543-42a4-8762-cde039a55a99@group-05AF4C6C8552:LeaderElection260] INFO  server.RaftServerConfigKeys (ConfUtils.java:logGet(43)) - raft.server.rpc.sleep.time = 25ms (default)
2019-09-26 15:39:17,511 [bcb704dc-2543-42a4-8762-cde039a55a99@group-C84E1EDDFBB1-SegmentedRaftLogWorker] INFO  util.JmxRegister (JmxRegister.java:unregister(73)) - Successfully un-registered JMX Bean with object name Ratis:service=RaftServer,group=group-C84E1EDDFBB1,id=bcb704dc-2543-42a4-8762-cde039a55a99
2019-09-26 15:39:18,201 [bcb704dc-2543-42a4-8762-cde039a55a99@group-C84E1EDDFBB1-SegmentedRaftLogWorker] INFO  impl.RoleInfo (RoleInfo.java:shutdownLeaderState(104)) - bcb704dc-2543-42a4-8762-cde039a55a99: shutdown LeaderState
2019-09-26 15:39:17,511 [bcb704dc-2543-42a4-8762-cde039a55a99@group-071C3AE303E0:LeaderElection224] INFO  server.RaftServerConfigKeys (ConfUtils.java:logGet(43)) - raft.server.write.element-limit = 4096 (default)
2019-09-26 15:39:17,510 [bcb704dc-2543-42a4-8762-cde039a55a99@group-FF44B23A8D1F-SegmentedRaftLogWorker] INFO  impl.StateMachineUpdater (StateMachineUpdater.java:stopAndJoin(125)) - bcb704dc-2543-42a4-8762-cde039a55a99@group-FF44B23A8D1F-StateMachineUpdater: set stopIndex = -1
2019-09-26 15:39:18,202 [bcb704dc-2543-42a4-8762-cde039a55a99@group-FF44B23A8D1F-SegmentedRaftLogWorker] INFO  impl.RaftServerImpl (ServerState.java:close(385)) - bcb704dc-2543-42a4-8762-cde039a55a99@group-FF44B23A8D1F: closes. applyIndex: -1
2019-09-26 15:39:17,510 [bcb704dc-2543-42a4-8762-cde039a55a99@group-9CAC7CB13E97:LeaderElection216] INFO  server.RaftServerConfigKeys (ConfUtils.java:logGet(43)) - raft.server.watch.timeout = 10s (default)
2019-09-26 15:39:18,202 [bcb704dc-2543-42a4-8762-cde039a55a99@group-9CAC7CB13E97:LeaderElection216] INFO  server.RaftServerConfigKeys (ConfUtils.java:logGet(43)) - raft.server.watch.timeout.denomination = 1s (default)
2019-09-26 15:39:17,510 [bcb704dc-2543-42a4-8762-cde039a55a99@group-E41E9E7B90A5-SegmentedRaftLogWorker] INFO  impl.PendingRequests (PendingRequests.java:sendNotLeaderResponses(202)) - bcb704dc-2543-42a4-8762-cde039a55a99-PendingRequests: sendNotLeaderResponses
2019-09-26 15:39:17,510 [bcb704dc-2543-42a4-8762-cde039a55a99@group-6D85AD78C566:LeaderElection217] INFO  server.RaftServerConfigKeys (ConfUtils.java:logGet(43)) - raft.server.watch.element-limit = 65536 (default)
2019-09-26 15:39:17,509 [bcb704dc-2543-42a4-8762-cde039a55a99@group-0C31D75A80BF-SegmentedRaftLogWorker] INFO  impl.RoleInfo (RoleInfo.java:shutdownLeaderState(104)) - bcb704dc-2543-42a4-8762-cde039a55a99: shutdown LeaderState
2019-09-26 15:39:18,203 [bcb704dc-2543-42a4-8762-cde039a55a99@group-0C31D75A80BF-SegmentedRaftLogWorker] INFO  impl.PendingRequests (PendingRequests.java:sendNotLeaderResponses(202)) - bcb704dc-2543-42a4-8762-cde039a55a99-PendingRequests: sendNotLeaderResponses
2019-09-26 15:39:17,509 [bcb704dc-2543-42a4-8762-cde039a55a99@group-280A8A57BC6F-SegmentedRaftLogWorker] INFO  impl.StateMachineUpdater (StateMachineUpdater.java:stopAndJoin(125)) - bcb704dc-2543-42a4-8762-cde039a55a99@group-280A8A57BC6F-StateMachineUpdater: set stopIndex = -1
2019-09-26 15:39:18,203 [bcb704dc-2543-42a4-8762-cde039a55a99@group-280A8A57BC6F-SegmentedRaftLogWorker] INFO  impl.RaftServerImpl (ServerState.java:close(385)) - bcb704dc-2543-42a4-8762-cde039a55a99@group-280A8A57BC6F: closes. applyIndex: -1
2019-09-26 15:39:17,509 [bcb704dc-2543-42a4-8762-cde039a55a99@group-CDE0182ACA4A-SegmentedRaftLogWorker] INFO  impl.StateMachineUpdater (StateMachineUpdater.java:stopAndJoin(125)) - bcb704dc-2543-42a4-8762-cde039a55a99@group-CDE0182ACA4A-StateMachineUpdater: set stopIndex = -1
2019-09-26 15:39:18,203 [bcb704dc-2543-42a4-8762-cde039a55a99@group-CDE0182ACA4A-SegmentedRaftLogWorker] INFO  impl.RaftServerImpl (ServerState.java:close(385)) - bcb704dc-2543-42a4-8762-cde039a55a99@group-CDE0182ACA4A: closes. applyIndex: -1
2019-09-26 15:39:17,508 [bcb704dc-2543-42a4-8762-cde039a55a99@group-DA2C5CB8BB65-SegmentedRaftLogWorker] INFO  impl.PendingRequests (PendingRequests.java:sendNotLeaderResponses(202)) - bcb704dc-2543-42a4-8762-cde039a55a99-PendingRequests: sendNotLeaderResponses
2019-09-26 15:39:17,508 [bcb704dc-2543-42a4-8762-cde039a55a99@group-7C568138CBDB-SegmentedRaftLogWorker] INFO  impl.PendingRequests (PendingRequests.java:sendNotLeaderResponses(202)) - bcb704dc-2543-42a4-8762-cde039a55a99-PendingRequests: sendNotLeaderResponses
2019-09-26 15:39:17,508 [bcb704dc-2543-42a4-8762-cde039a55a99@group-6B7863180474-SegmentedRaftLogWorker] INFO  impl.RaftServerImpl (RaftServerImpl.java:lambda$shutdown$3(251)) - bcb704dc-2543-42a4-8762-cde039a55a99@group-6B7863180474: shutdown
2019-09-26 15:39:17,507 [bcb704dc-2543-42a4-8762-cde039a55a99@group-04D57B5B7528:LeaderElection267] INFO  impl.LeaderElection (LeaderElection.java:askForVotes(182)) - bcb704dc-2543-42a4-8762-cde039a55a99@group-04D57B5B7528:LeaderElection267: begin an election at term 1 for -1: [bcb704dc-2543-42a4-8762-cde039a55a99:192.168.151.99:43663], old=null
2019-09-26 15:39:17,507 [bcb704dc-2543-42a4-8762-cde039a55a99@group-ADDB6DC4F628:LeaderElection266] INFO  impl.LeaderElection (LeaderElection.java:askForVotes(182)) - bcb704dc-2543-42a4-8762-cde039a55a99@group-ADDB6DC4F628:LeaderElection266: begin an election at term 1 for -1: [bcb704dc-2543-42a4-8762-cde039a55a99:192.168.151.99:43663], old=null
2019-09-26 15:39:17,499 [bcb704dc-2543-42a4-8762-cde039a55a99@group-E9033DA04B7D-SegmentedRaftLogWorker] ERROR segmented.SegmentedRaftLogWorker (SegmentedRaftLogWorker.java:run(323)) - bcb704dc-2543-42a4-8762-cde039a55a99@group-E9033DA04B7D-SegmentedRaftLogWorker hit exception
java.lang.OutOfMemoryError: Direct buffer memory
	at java.nio.Bits.reserveMemory(Bits.java:666)
	at java.nio.DirectByteBuffer.<init>(DirectByteBuffer.java:123)
	at java.nio.ByteBuffer.allocateDirect(ByteBuffer.java:311)
	at org.apache.ratis.server.raftlog.segmented.BufferedWriteChannel.<init>(BufferedWriteChannel.java:41)
	at org.apache.ratis.server.raftlog.segmented.SegmentedRaftLogOutputStream.<init>(SegmentedRaftLogOutputStream.java:72)
	at org.apache.ratis.server.raftlog.segmented.SegmentedRaftLogWorker$StartLogSegment.execute(SegmentedRaftLogWorker.java:566)
	at org.apache.ratis.server.raftlog.segmented.SegmentedRaftLogWorker.run(SegmentedRaftLogWorker.java:289)
	at java.lang.Thread.run(Thread.java:748)
2019-09-26 15:39:17,159 [bcb704dc-2543-42a4-8762-cde039a55a99@group-0A32BFDC6864:LeaderElection199] INFO  impl.RaftServerImpl (ServerState.java:setRaftConf(354)) - bcb704dc-2543-42a4-8762-cde039a55a99@group-0A32BFDC6864: set configuration 0: [bcb704dc-2543-42a4-8762-cde039a55a99:192.168.151.99:43663], old=null at 0
2019-09-26 15:39:17,158 [bcb704dc-2543-42a4-8762-cde039a55a99@group-82088539EA4F-SegmentedRaftLogWorker] INFO  util.JmxRegister (JmxRegister.java:unregister(73)) - Successfully un-registered JMX Bean with object name Ratis:service=RaftServer,group=group-82088539EA4F,id=bcb704dc-2543-42a4-8762-cde039a55a99
2019-09-26 15:39:18,205 [bcb704dc-2543-42a4-8762-cde039a55a99@group-82088539EA4F-SegmentedRaftLogWorker] INFO  impl.RoleInfo (RoleInfo.java:shutdownLeaderState(104)) - bcb704dc-2543-42a4-8762-cde039a55a99: shutdown LeaderState
2019-09-26 15:39:17,158 [bcb704dc-2543-42a4-8762-cde039a55a99@group-0DF8239C052C:LeaderElection218] INFO  impl.RoleInfo (RoleInfo.java:updateAndGet(143)) - bcb704dc-2543-42a4-8762-cde039a55a99: start LeaderState
2019-09-26 15:39:17,158 [bcb704dc-2543-42a4-8762-cde039a55a99@group-11C7A05DD744-SegmentedRaftLogWorker] INFO  util.JmxRegister (JmxRegister.java:unregister(73)) - Successfully un-registered JMX Bean with object name Ratis:service=RaftServer,group=group-11C7A05DD744,id=bcb704dc-2543-42a4-8762-cde039a55a99
2019-09-26 15:39:18,205 [bcb704dc-2543-42a4-8762-cde039a55a99@group-11C7A05DD744-SegmentedRaftLogWorker] INFO  impl.RoleInfo (RoleInfo.java:shutdownLeaderState(104)) - bcb704dc-2543-42a4-8762-cde039a55a99: shutdown LeaderState
2019-09-26 15:39:17,157 [bcb704dc-2543-42a4-8762-cde039a55a99@group-B04EACC30477-SegmentedRaftLogWorker] INFO  impl.RaftServerImpl (RaftServerImpl.java:lambda$shutdown$3(251)) - bcb704dc-2543-42a4-8762-cde039a55a99@group-B04EACC30477: shutdown
2019-09-26 15:39:18,206 [bcb704dc-2543-42a4-8762-cde039a55a99@group-B04EACC30477-SegmentedRaftLogWorker] INFO  util.JmxRegister (JmxRegister.java:unregister(73)) - Successfully un-registered JMX Bean with object name Ratis:service=RaftServer,group=group-B04EACC30477,id=bcb704dc-2543-42a4-8762-cde039a55a99
2019-09-26 15:39:17,157 [bcb704dc-2543-42a4-8762-cde039a55a99@group-1807F0C4354B:LeaderElection215] INFO  server.RaftServerConfigKeys (ConfUtils.java:logGet(43)) - raft.server.watch.element-limit = 65536 (default)
2019-09-26 15:39:17,156 [bcb704dc-2543-42a4-8762-cde039a55a99@group-19297E754D09:LeaderElection214] INFO  server.RaftServerConfigKeys (ConfUtils.java:logGet(43)) - raft.server.watch.element-limit = 65536 (default)
2019-09-26 15:39:17,156 [pool-123-thread-1] INFO  segmented.SegmentedRaftLogWorker (SegmentedRaftLogWorker.java:<init>(172)) - new bcb704dc-2543-42a4-8762-cde039a55a99@group-0423DF0ED906-SegmentedRaftLogWorker for RaftStorage:Storage Directory /workdir/hadoop-ozone/integration-test/target/test-dir/MiniOzoneClusterImpl-87962e32-e39f-4c57-b747-30c883c1cc54/datanode-0/data/ratis/e938377e-2518-4410-8d2d-0423df0ed906
2019-09-26 15:39:17,156 [bcb704dc-2543-42a4-8762-cde039a55a99@group-B99515D878E9:LeaderElection242] INFO  impl.RaftServerImpl (ServerState.java:setLeader(253)) - bcb704dc-2543-42a4-8762-cde039a55a99@group-B99515D878E9: change Leader from null to bcb704dc-2543-42a4-8762-cde039a55a99 at term 1 for becomeLeader, leader elected after 21269ms
2019-09-26 15:39:17,156 [bcb704dc-2543-42a4-8762-cde039a55a99@group-768FFE8D3C99:LeaderElection239] INFO  impl.RaftServerImpl (RaftServerImpl.java:setRole(174)) - bcb704dc-2543-42a4-8762-cde039a55a99@group-768FFE8D3C99: changes role from CANDIDATE to LEADER at term 1 for changeToLeader
2019-09-26 15:39:18,207 [bcb704dc-2543-42a4-8762-cde039a55a99@group-768FFE8D3C99:LeaderElection239] INFO  impl.RaftServerImpl (ServerState.java:setLeader(253)) - bcb704dc-2543-42a4-8762-cde039a55a99@group-768FFE8D3C99: change Leader from null to bcb704dc-2543-42a4-8762-cde039a55a99 at term 1 for becomeLeader, leader elected after 21915ms
2019-09-26 15:39:17,156 [bcb704dc-2543-42a4-8762-cde039a55a99@group-708F9F8A739D:LeaderElection264] INFO  impl.RaftServerImpl (RaftServerImpl.java:setRole(174)) - bcb704dc-2543-42a4-8762-cde039a55a99@group-708F9F8A739D: changes role from CANDIDATE to LEADER at term 1 for changeToLeader
2019-09-26 15:39:18,207 [bcb704dc-2543-42a4-8762-cde039a55a99@group-708F9F8A739D:LeaderElection264] INFO  impl.RaftServerImpl (ServerState.java:setLeader(253)) - bcb704dc-2543-42a4-8762-cde039a55a99@group-708F9F8A739D: change Leader from null to bcb704dc-2543-42a4-8762-cde039a55a99 at term 1 for becomeLeader, leader elected after 20695ms
2019-09-26 15:39:17,155 [bcb704dc-2543-42a4-8762-cde039a55a99@group-F96E5E74ED10:LeaderElection263] INFO  impl.RaftServerImpl (ServerState.java:setLeader(253)) - bcb704dc-2543-42a4-8762-cde039a55a99@group-F96E5E74ED10: change Leader from null to bcb704dc-2543-42a4-8762-cde039a55a99 at term 1 for becomeLeader, leader elected after 19681ms
2019-09-26 15:39:17,155 [bcb704dc-2543-42a4-8762-cde039a55a99@group-1EDFAD8639C2:LeaderElection238] INFO  impl.RaftServerImpl (ServerState.java:setLeader(253)) - bcb704dc-2543-42a4-8762-cde039a55a99@group-1EDFAD8639C2: change Leader from null to bcb704dc-2543-42a4-8762-cde039a55a99 at term 1 for becomeLeader, leader elected after 20595ms
2019-09-26 15:39:17,155 [bcb704dc-2543-42a4-8762-cde039a55a99@group-64EA007B3927-SegmentedRaftLogWorker] INFO  util.JmxRegister (JmxRegister.java:unregister(73)) - Successfully un-registered JMX Bean with object name Ratis:service=RaftServer,group=group-64EA007B3927,id=bcb704dc-2543-42a4-8762-cde039a55a99
2019-09-26 15:39:18,208 [bcb704dc-2543-42a4-8762-cde039a55a99@group-64EA007B3927-SegmentedRaftLogWorker] INFO  impl.RoleInfo (RoleInfo.java:shutdownLeaderState(104)) - bcb704dc-2543-42a4-8762-cde039a55a99: shutdown LeaderState
2019-09-26 15:39:17,154 [bcb704dc-2543-42a4-8762-cde039a55a99@group-B2A28DABB48B:LeaderElection219] INFO  server.RaftServerConfigKeys (ConfUtils.java:logGet(43)) - raft.server.write.element-limit = 4096 (default)
2019-09-26 15:39:17,154 [bcb704dc-2543-42a4-8762-cde039a55a99@group-4B85105F5536:LeaderElection220] INFO  server.RaftServerConfigKeys (ConfUtils.java:logGet(43)) - raft.server.write.element-limit = 4096 (default)
2019-09-26 15:39:17,154 [bcb704dc-2543-42a4-8762-cde039a55a99@group-4B884EBB2E10-SegmentedRaftLogWorker] INFO  impl.PendingRequests (PendingRequests.java:sendNotLeaderResponses(202)) - bcb704dc-2543-42a4-8762-cde039a55a99-PendingRequests: sendNotLeaderResponses
2019-09-26 15:39:17,154 [bcb704dc-2543-42a4-8762-cde039a55a99@group-23B603725A20-SegmentedRaftLogWorker] INFO  util.JmxRegister (JmxRegister.java:unregister(73)) - Successfully un-registered JMX Bean with object name Ratis:service=RaftServer,group=group-23B603725A20,id=bcb704dc-2543-42a4-8762-cde039a55a99
2019-09-26 15:39:18,209 [bcb704dc-2543-42a4-8762-cde039a55a99@group-23B603725A20-SegmentedRaftLogWorker] INFO  impl.RoleInfo (RoleInfo.java:shutdownLeaderState(104)) - bcb704dc-2543-42a4-8762-cde039a55a99: shutdown LeaderState
2019-09-26 15:39:17,153 [bcb704dc-2543-42a4-8762-cde039a55a99@group-C76860977E5E:LeaderElection246] INFO  impl.RaftServerImpl (ServerState.java:setLeader(253)) - bcb704dc-2543-42a4-8762-cde039a55a99@group-C76860977E5E: change Leader from null to bcb704dc-2543-42a4-8762-cde039a55a99 at term 1 for becomeLeader, leader elected after 20397ms
2019-09-26 15:39:17,153 [bcb704dc-2543-42a4-8762-cde039a55a99@group-91004EC9A14A:LeaderElection247] INFO  server.RaftServerConfigKeys (ConfUtils.java:logGet(43)) - raft.server.staging.catchup.gap = 1000 (default)
2019-09-26 15:39:17,153 [bcb704dc-2543-42a4-8762-cde039a55a99@group-BA70793E3DE7:LeaderElection249] INFO  server.RaftServerConfigKeys (ConfUtils.java:logGet(43)) - raft.server.staging.catchup.gap = 1000 (default)
2019-09-26 15:39:17,153 [bcb704dc-2543-42a4-8762-cde039a55a99@group-E216D9E11CC2:LeaderElection245] INFO  impl.RaftServerImpl (ServerState.java:setLeader(253)) - bcb704dc-2543-42a4-8762-cde039a55a99@group-E216D9E11CC2: change Leader from null to bcb704dc-2543-42a4-8762-cde039a55a99 at term 1 for becomeLeader, leader elected after 20900ms
2019-09-26 15:39:17,153 [bcb704dc-2543-42a4-8762-cde039a55a99@group-375D6A16F6EF:LeaderElection248] INFO  server.RaftServerConfigKeys (ConfUtils.java:logGet(43)) - raft.server.rpc.sleep.time = 25ms (default)
2019-09-26 15:39:17,152 [bcb704dc-2543-42a4-8762-cde039a55a99@group-20AC887259AF:LeaderElection253] INFO  server.RaftServerConfigKeys (ConfUtils.java:logGet(43)) - raft.server.staging.catchup.gap = 1000 (default)
2019-09-26 15:39:17,152 [bcb704dc-2543-42a4-8762-cde039a55a99@group-860F4724CA86:LeaderElection254] INFO  server.RaftServerConfigKeys (ConfUtils.java:logGet(43)) - raft.server.staging.catchup.gap = 1000 (default)
2019-09-26 15:39:17,152 [bcb704dc-2543-42a4-8762-cde039a55a99@group-48CD8DAE77F3:LeaderElection257] INFO  server.RaftServerConfigKeys (ConfUtils.java:logGet(43)) - raft.server.staging.catchup.gap = 1000 (default)
2019-09-26 15:39:18,210 [bcb704dc-2543-42a4-8762-cde039a55a99@group-48CD8DAE77F3:LeaderElection257] INFO  server.RaftServerConfigKeys (ConfUtils.java:logGet(43)) - raft.server.rpc.sleep.time = 25ms (default)
2019-09-26 15:39:17,152 [bcb704dc-2543-42a4-8762-cde039a55a99@group-5371FDF97722:LeaderElection259] INFO  server.RaftServerConfigKeys (ConfUtils.java:logGet(43)) - raft.server.write.element-limit = 4096 (default)
2019-09-26 15:39:17,152 [bcb704dc-2543-42a4-8762-cde039a55a99@group-B76F64AA196D:LeaderElection258] INFO  impl.RaftServerImpl (ServerState.java:setLeader(253)) - bcb704dc-2543-42a4-8762-cde039a55a99@group-B76F64AA196D: change Leader from null to bcb704dc-2543-42a4-8762-cde039a55a99 at term 1 for becomeLeader, leader elected after 19205ms
2019-09-26 15:39:17,151 [bcb704dc-2543-42a4-8762-cde039a55a99@group-71464DC03AA1:LeaderElection256] INFO  server.RaftServerConfigKeys (ConfUtils.java:logGet(43)) - raft.server.staging.catchup.gap = 1000 (default)
2019-09-26 15:39:18,211 [bcb704dc-2543-42a4-8762-cde039a55a99@group-71464DC03AA1:LeaderElection256] INFO  server.RaftServerConfigKeys (ConfUtils.java:logGet(43)) - raft.server.rpc.sleep.time = 25ms (default)
2019-09-26 15:39:17,151 [bcb704dc-2543-42a4-8762-cde039a55a99@group-757F8E04E3F8:LeaderElection255] INFO  server.RaftServerConfigKeys (ConfUtils.java:logGet(43)) - raft.server.rpc.sleep.time = 25ms (default)
2019-09-26 15:39:17,151 [bcb704dc-2543-42a4-8762-cde039a55a99@group-18DFCDEF3120:LeaderElection237] INFO  server.RaftServerConfigKeys (ConfUtils.java:logGet(43)) - raft.server.watch.timeout = 10s (default)
2019-09-26 15:39:18,211 [bcb704dc-2543-42a4-8762-cde039a55a99@group-18DFCDEF3120:LeaderElection237] INFO  server.RaftServerConfigKeys (ConfUtils.java:logGet(43)) - raft.server.watch.timeout.denomination = 1s (default)
2019-09-26 15:39:17,150 [bcb704dc-2543-42a4-8762-cde039a55a99@group-2FC65A88D4B5:LeaderElection223] INFO  server.RaftServerConfigKeys (ConfUtils.java:logGet(43)) - raft.server.rpc.sleep.time = 25ms (default)
2019-09-26 15:39:17,150 [bcb704dc-2543-42a4-8762-cde039a55a99@group-99D974920299:LeaderElection235] INFO  server.RaftServerConfigKeys (ConfUtils.java:logGet(43)) - raft.server.write.element-limit = 4096 (default)
2019-09-26 15:39:17,150 [bcb704dc-2543-42a4-8762-cde039a55a99@group-DEF52561270D-SegmentedRaftLogWorker] INFO  impl.StateMachineUpdater (StateMachineUpdater.java:stopAndJoin(125)) - bcb704dc-2543-42a4-8762-cde039a55a99@group-DEF52561270D-StateMachineUpdater: set stopIndex = -1
2019-09-26 15:39:18,212 [bcb704dc-2543-42a4-8762-cde039a55a99@group-DEF52561270D-SegmentedRaftLogWorker] INFO  impl.RaftServerImpl (ServerState.java:close(385)) - bcb704dc-2543-42a4-8762-cde039a55a99@group-DEF52561270D: closes. applyIndex: -1
2019-09-26 15:39:17,150 [bcb704dc-2543-42a4-8762-cde039a55a99@group-BB495E0FFD8F:LeaderElection252] INFO  server.RaftServerConfigKeys (ConfUtils.java:logGet(43)) - raft.server.staging.catchup.gap = 1000 (default)
2019-09-26 15:39:17,150 [bcb704dc-2543-42a4-8762-cde039a55a99@group-5350FED428AE:LeaderElection251] INFO  server.RaftServerConfigKeys (ConfUtils.java:logGet(43)) - raft.server.rpc.sleep.time = 25ms (default)
2019-09-26 15:39:17,149 [bcb704dc-2543-42a4-8762-cde039a55a99@group-2057EA9C4538:LeaderElection222] INFO  server.RaftServerConfigKeys (ConfUtils.java:logGet(43)) - raft.server.rpc.sleep.time = 25ms (default)
2019-09-26 15:39:17,149 [bcb704dc-2543-42a4-8762-cde039a55a99@group-7CACD3A2D96D:LeaderElection234] INFO  server.RaftServerConfigKeys (ConfUtils.java:logGet(43)) - raft.server.write.element-limit = 4096 (default)
2019-09-26 15:39:18,213 [bcb704dc-2543-42a4-8762-cde039a55a99@group-7CACD3A2D96D:LeaderElection234] INFO  server.RaftServerConfigKeys (ConfUtils.java:logGet(43)) - raft.server.watch.timeout = 10s (default)
2019-09-26 15:39:17,149 [bcb704dc-2543-42a4-8762-cde039a55a99@group-164137F43D5F:LeaderElection236] INFO  server.RaftServerConfigKeys (ConfUtils.java:logGet(43)) - raft.server.write.element-limit = 4096 (default)
2019-09-26 15:39:18,213 [bcb704dc-2543-42a4-8762-cde039a55a99@group-164137F43D5F:LeaderElection236] INFO  server.RaftServerConfigKeys (ConfUtils.java:logGet(43)) - raft.server.watch.timeout = 10s (default)
2019-09-26 15:39:17,149 [bcb704dc-2543-42a4-8762-cde039a55a99@group-3CAB2E070FFD:LeaderElection233] INFO  server.RaftServerConfigKeys (ConfUtils.java:logGet(43)) - raft.server.write.element-limit = 4096 (default)
2019-09-26 15:39:17,148 [bcb704dc-2543-42a4-8762-cde039a55a99@group-723464252EB8:LeaderElection250] INFO  server.RaftServerConfigKeys (ConfUtils.java:logGet(43)) - raft.server.write.element-limit = 4096 (default)
2019-09-26 15:39:17,148 [bcb704dc-2543-42a4-8762-cde039a55a99@group-C4D905E4103A:LeaderElection244] INFO  server.RaftServerConfigKeys (ConfUtils.java:logGet(43)) - raft.server.rpc.sleep.time = 25ms (default)
2019-09-26 15:39:17,148 [bcb704dc-2543-42a4-8762-cde039a55a99@group-B25BEBFA3DA3:LeaderElection240] INFO  server.RaftServerConfigKeys (ConfUtils.java:logGet(43)) - raft.server.staging.catchup.gap = 1000 (default)
2019-09-26 15:39:18,214 [bcb704dc-2543-42a4-8762-cde039a55a99@group-B25BEBFA3DA3:LeaderElection240] INFO  server.RaftServerConfigKeys (ConfUtils.java:logGet(43)) - raft.server.rpc.sleep.time = 25ms (default)
2019-09-26 15:39:17,148 [bcb704dc-2543-42a4-8762-cde039a55a99@group-D4B90A3E8012:LeaderElection241] INFO  server.RaftServerConfigKeys (ConfUtils.java:logGet(43)) - raft.server.write.element-limit = 4096 (default)
2019-09-26 15:39:18,214 [bcb704dc-2543-42a4-8762-cde039a55a99@group-D4B90A3E8012:LeaderElection241] INFO  server.RaftServerConfigKeys (ConfUtils.java:logGet(43)) - raft.server.watch.timeout = 10s (default)
2019-09-26 15:39:17,147 [bcb704dc-2543-42a4-8762-cde039a55a99@group-FFC8645E5ADC:LeaderElection243] INFO  server.RaftServerConfigKeys (ConfUtils.java:logGet(43)) - raft.server.staging.catchup.gap = 1000 (default)
2019-09-26 15:39:18,215 [bcb704dc-2543-42a4-8762-cde039a55a99@group-FFC8645E5ADC:LeaderElection243] INFO  server.RaftServerConfigKeys (ConfUtils.java:logGet(43)) - raft.server.rpc.sleep.time = 25ms (default)
2019-09-26 15:39:17,147 [bcb704dc-2543-42a4-8762-cde039a55a99@group-81908E8BCAAC:LeaderElection221] INFO  server.RaftServerConfigKeys (ConfUtils.java:logGet(43)) - raft.server.staging.catchup.gap = 1000 (default)
2019-09-26 15:39:18,215 [bcb704dc-2543-42a4-8762-cde039a55a99@group-FFC8645E5ADC:LeaderElection243] INFO  server.RaftServerConfigKeys (ConfUtils.java:logGet(43)) - raft.server.write.element-limit = 4096 (default)
2019-09-26 15:39:18,215 [bcb704dc-2543-42a4-8762-cde039a55a99@group-FFC8645E5ADC:LeaderElection243] INFO  server.RaftServerConfigKeys (ConfUtils.java:logGet(43)) - raft.server.watch.timeout = 10s (default)
2019-09-26 15:39:18,215 [bcb704dc-2543-42a4-8762-cde039a55a99@group-D4B90A3E8012:LeaderElection241] INFO  server.RaftServerConfigKeys (ConfUtils.java:logGet(43)) - raft.server.watch.timeout.denomination = 1s (default)
2019-09-26 15:39:18,216 [bcb704dc-2543-42a4-8762-cde039a55a99@group-D4B90A3E8012:LeaderElection241] INFO  server.RaftServerConfigKeys (ConfUtils.java:logGet(43)) - raft.server.watch.element-limit = 65536 (default)
2019-09-26 15:39:18,214 [bcb704dc-2543-42a4-8762-cde039a55a99@group-B25BEBFA3DA3:LeaderElection240] INFO  server.RaftServerConfigKeys (ConfUtils.java:logGet(43)) - raft.server.write.element-limit = 4096 (default)
2019-09-26 15:39:18,214 [bcb704dc-2543-42a4-8762-cde039a55a99@group-C4D905E4103A:LeaderElection244] INFO  server.RaftServerConfigKeys (ConfUtils.java:logGet(43)) - raft.server.write.element-limit = 4096 (default)
2019-09-26 15:39:18,214 [bcb704dc-2543-42a4-8762-cde039a55a99@group-723464252EB8:LeaderElection250] INFO  server.RaftServerConfigKeys (ConfUtils.java:logGet(43)) - raft.server.watch.timeout = 10s (default)
2019-09-26 15:39:18,216 [bcb704dc-2543-42a4-8762-cde039a55a99@group-723464252EB8:LeaderElection250] INFO  server.RaftServerConfigKeys (ConfUtils.java:logGet(43)) - raft.server.watch.timeout.denomination = 1s (default)
2019-09-26 15:39:18,214 [bcb704dc-2543-42a4-8762-cde039a55a99@group-3CAB2E070FFD:LeaderElection233] INFO  server.RaftServerConfigKeys (ConfUtils.java:logGet(43)) - raft.server.watch.timeout = 10s (default)
2019-09-26 15:39:18,213 [bcb704dc-2543-42a4-8762-cde039a55a99@group-164137F43D5F:LeaderElection236] INFO  server.RaftServerConfigKeys (ConfUtils.java:logGet(43)) - raft.server.watch.timeout.denomination = 1s (default)
2019-09-26 15:39:18,217 [bcb704dc-2543-42a4-8762-cde039a55a99@group-164137F43D5F:LeaderElection236] INFO  server.RaftServerConfigKeys (ConfUtils.java:logGet(43)) - raft.server.watch.element-limit = 65536 (default)
2019-09-26 15:39:18,213 [bcb704dc-2543-42a4-8762-cde039a55a99@group-7CACD3A2D96D:LeaderElection234] INFO  server.RaftServerConfigKeys (ConfUtils.java:logGet(43)) - raft.server.watch.timeout.denomination = 1s (default)
2019-09-26 15:39:18,217 [bcb704dc-2543-42a4-8762-cde039a55a99@group-7CACD3A2D96D:LeaderElection234] INFO  server.RaftServerConfigKeys (ConfUtils.java:logGet(43)) - raft.server.watch.element-limit = 65536 (default)
2019-09-26 15:39:18,213 [bcb704dc-2543-42a4-8762-cde039a55a99@group-2057EA9C4538:LeaderElection222] INFO  server.RaftServerConfigKeys (ConfUtils.java:logGet(43)) - raft.server.write.element-limit = 4096 (default)
2019-09-26 15:39:18,213 [bcb704dc-2543-42a4-8762-cde039a55a99@group-5350FED428AE:LeaderElection251] INFO  server.RaftServerConfigKeys (ConfUtils.java:logGet(43)) - raft.server.write.element-limit = 4096 (default)
2019-09-26 15:39:18,212 [bcb704dc-2543-42a4-8762-cde039a55a99@group-BB495E0FFD8F:LeaderElection252] INFO  server.RaftServerConfigKeys (ConfUtils.java:logGet(43)) - raft.server.rpc.sleep.time = 25ms (default)
2019-09-26 15:39:18,218 [bcb704dc-2543-42a4-8762-cde039a55a99@group-D4B90A3E8012:LeaderElection241] INFO  impl.RoleInfo (RoleInfo.java:updateAndGet(143)) - bcb704dc-2543-42a4-8762-cde039a55a99: start LeaderState
2019-09-26 15:39:18,212 [bcb704dc-2543-42a4-8762-cde039a55a99@group-DEF52561270D-SegmentedRaftLogWorker] INFO  segmented.SegmentedRaftLogWorker (SegmentedRaftLogWorker.java:close(228)) - bcb704dc-2543-42a4-8762-cde039a55a99@group-DEF52561270D-SegmentedRaftLogWorker close()
2019-09-26 15:39:18,212 [bcb704dc-2543-42a4-8762-cde039a55a99@group-99D974920299:LeaderElection235] INFO  server.RaftServerConfigKeys (ConfUtils.java:logGet(43)) - raft.server.watch.timeout = 10s (default)
2019-09-26 15:39:18,218 [bcb704dc-2543-42a4-8762-cde039a55a99@group-99D974920299:LeaderElection235] INFO  server.RaftServerConfigKeys (ConfUtils.java:logGet(43)) - raft.server.watch.timeout.denomination = 1s (default)
2019-09-26 15:39:18,212 [bcb704dc-2543-42a4-8762-cde039a55a99@group-2FC65A88D4B5:LeaderElection223] INFO  server.RaftServerConfigKeys (ConfUtils.java:logGet(43)) - raft.server.write.element-limit = 4096 (default)
2019-09-26 15:39:18,211 [bcb704dc-2543-42a4-8762-cde039a55a99@group-18DFCDEF3120:LeaderElection237] INFO  server.RaftServerConfigKeys (ConfUtils.java:logGet(43)) - raft.server.watch.element-limit = 65536 (default)
2019-09-26 15:39:18,211 [bcb704dc-2543-42a4-8762-cde039a55a99@group-757F8E04E3F8:LeaderElection255] INFO  server.RaftServerConfigKeys (ConfUtils.java:logGet(43)) - raft.server.write.element-limit = 4096 (default)
2019-09-26 15:39:18,211 [bcb704dc-2543-42a4-8762-cde039a55a99@group-71464DC03AA1:LeaderElection256] INFO  server.RaftServerConfigKeys (ConfUtils.java:logGet(43)) - raft.server.write.element-limit = 4096 (default)
2019-09-26 15:39:18,211 [bcb704dc-2543-42a4-8762-cde039a55a99@group-B76F64AA196D:LeaderElection258] INFO  server.RaftServerConfigKeys (ConfUtils.java:logGet(43)) - raft.server.staging.catchup.gap = 1000 (default)
2019-09-26 15:39:18,210 [bcb704dc-2543-42a4-8762-cde039a55a99@group-5371FDF97722:LeaderElection259] INFO  server.RaftServerConfigKeys (ConfUtils.java:logGet(43)) - raft.server.watch.timeout = 10s (default)
2019-09-26 15:39:18,210 [bcb704dc-2543-42a4-8762-cde039a55a99@group-48CD8DAE77F3:LeaderElection257] INFO  server.RaftServerConfigKeys (ConfUtils.java:logGet(43)) - raft.server.write.element-limit = 4096 (default)
2019-09-26 15:39:18,219 [bcb704dc-2543-42a4-8762-cde039a55a99@group-48CD8DAE77F3:LeaderElection257] INFO  server.RaftServerConfigKeys (ConfUtils.java:logGet(43)) - raft.server.watch.timeout = 10s (default)
2019-09-26 15:39:18,210 [bcb704dc-2543-42a4-8762-cde039a55a99@group-860F4724CA86:LeaderElection254] INFO  server.RaftServerConfigKeys (ConfUtils.java:logGet(43)) - raft.server.rpc.sleep.time = 25ms (default)
2019-09-26 15:39:18,210 [bcb704dc-2543-42a4-8762-cde039a55a99@group-20AC887259AF:LeaderElection253] INFO  server.RaftServerConfigKeys (ConfUtils.java:logGet(43)) - raft.server.rpc.sleep.time = 25ms (default)
2019-09-26 15:39:18,210 [bcb704dc-2543-42a4-8762-cde039a55a99@group-375D6A16F6EF:LeaderElection248] INFO  server.RaftServerConfigKeys (ConfUtils.java:logGet(43)) - raft.server.write.element-limit = 4096 (default)
2019-09-26 15:39:18,209 [bcb704dc-2543-42a4-8762-cde039a55a99@group-E216D9E11CC2:LeaderElection245] INFO  server.RaftServerConfigKeys (ConfUtils.java:logGet(43)) - raft.server.staging.catchup.gap = 1000 (default)
2019-09-26 15:39:18,220 [bcb704dc-2543-42a4-8762-cde039a55a99@group-E216D9E11CC2:LeaderElection245] INFO  server.RaftServerConfigKeys (ConfUtils.java:logGet(43)) - raft.server.rpc.sleep.time = 25ms (default)
2019-09-26 15:39:18,209 [bcb704dc-2543-42a4-8762-cde039a55a99@group-BA70793E3DE7:LeaderElection249] INFO  server.RaftServerConfigKeys (ConfUtils.java:logGet(43)) - raft.server.rpc.sleep.time = 25ms (default)
2019-09-26 15:39:18,209 [bcb704dc-2543-42a4-8762-cde039a55a99@group-19297E754D09:LeaderElection214] INFO  impl.RoleInfo (RoleInfo.java:updateAndGet(143)) - bcb704dc-2543-42a4-8762-cde039a55a99: start LeaderState
2019-09-26 15:39:18,209 [bcb704dc-2543-42a4-8762-cde039a55a99@group-91004EC9A14A:LeaderElection247] INFO  server.RaftServerConfigKeys (ConfUtils.java:logGet(43)) - raft.server.rpc.sleep.time = 25ms (default)
2019-09-26 15:39:18,209 [bcb704dc-2543-42a4-8762-cde039a55a99@group-C76860977E5E:LeaderElection246] INFO  server.RaftServerConfigKeys (ConfUtils.java:logGet(43)) - raft.server.staging.catchup.gap = 1000 (default)
2019-09-26 15:39:18,221 [bcb704dc-2543-42a4-8762-cde039a55a99@group-C76860977E5E:LeaderElection246] INFO  server.RaftServerConfigKeys (ConfUtils.java:logGet(43)) - raft.server.rpc.sleep.time = 25ms (default)
2019-09-26 15:39:18,209 [bcb704dc-2543-42a4-8762-cde039a55a99@group-1807F0C4354B:LeaderElection215] INFO  impl.RoleInfo (RoleInfo.java:updateAndGet(143)) - bcb704dc-2543-42a4-8762-cde039a55a99: start LeaderState
2019-09-26 15:39:18,209 [bcb704dc-2543-42a4-8762-cde039a55a99@group-23B603725A20-SegmentedRaftLogWorker] INFO  impl.PendingRequests (PendingRequests.java:sendNotLeaderResponses(202)) - bcb704dc-2543-42a4-8762-cde039a55a99-PendingRequests: sendNotLeaderResponses
2019-09-26 15:39:18,209 [bcb704dc-2543-42a4-8762-cde039a55a99@group-4B884EBB2E10-SegmentedRaftLogWorker] INFO  impl.StateMachineUpdater (StateMachineUpdater.java:stopAndJoin(125)) - bcb704dc-2543-42a4-8762-cde039a55a99@group-4B884EBB2E10-StateMachineUpdater: set stopIndex = -1
2019-09-26 15:39:18,221 [bcb704dc-2543-42a4-8762-cde039a55a99@group-4B884EBB2E10-SegmentedRaftLogWorker] INFO  impl.RaftServerImpl (ServerState.java:close(385)) - bcb704dc-2543-42a4-8762-cde039a55a99@group-4B884EBB2E10: closes. applyIndex: -1
2019-09-26 15:39:18,208 [bcb704dc-2543-42a4-8762-cde039a55a99@group-4B85105F5536:LeaderElection220] INFO  server.RaftServerConfigKeys (ConfUtils.java:logGet(43)) - raft.server.watch.timeout = 10s (default)
2019-09-26 15:39:18,208 [bcb704dc-2543-42a4-8762-cde039a55a99@group-B2A28DABB48B:LeaderElection219] INFO  server.RaftServerConfigKeys (ConfUtils.java:logGet(43)) - raft.server.watch.timeout = 10s (default)
2019-09-26 15:39:18,208 [bcb704dc-2543-42a4-8762-cde039a55a99@group-64EA007B3927-SegmentedRaftLogWorker] INFO  impl.PendingRequests (PendingRequests.java:sendNotLeaderResponses(202)) - bcb704dc-2543-42a4-8762-cde039a55a99-PendingRequests: sendNotLeaderResponses
2019-09-26 15:39:18,208 [bcb704dc-2543-42a4-8762-cde039a55a99@group-1EDFAD8639C2:LeaderElection238] INFO  server.RaftServerConfigKeys (ConfUtils.java:logGet(43)) - raft.server.staging.catchup.gap = 1000 (default)
2019-09-26 15:39:18,222 [bcb704dc-2543-42a4-8762-cde039a55a99@group-1EDFAD8639C2:LeaderElection238] INFO  server.RaftServerConfigKeys (ConfUtils.java:logGet(43)) - raft.server.rpc.sleep.time = 25ms (default)
2019-09-26 15:39:18,208 [bcb704dc-2543-42a4-8762-cde039a55a99@group-F96E5E74ED10:LeaderElection263] INFO  server.RaftServerConfigKeys (ConfUtils.java:logGet(43)) - raft.server.staging.catchup.gap = 1000 (default)
2019-09-26 15:39:18,222 [bcb704dc-2543-42a4-8762-cde039a55a99@group-F96E5E74ED10:LeaderElection263] INFO  server.RaftServerConfigKeys (ConfUtils.java:logGet(43)) - raft.server.rpc.sleep.time = 25ms (default)
2019-09-26 15:39:18,207 [bcb704dc-2543-42a4-8762-cde039a55a99@group-708F9F8A739D:LeaderElection264] INFO  server.RaftServerConfigKeys (ConfUtils.java:logGet(43)) - raft.server.staging.catchup.gap = 1000 (default)
2019-09-26 15:39:18,223 [bcb704dc-2543-42a4-8762-cde039a55a99@group-708F9F8A739D:LeaderElection264] INFO  server.RaftServerConfigKeys (ConfUtils.java:logGet(43)) - raft.server.rpc.sleep.time = 25ms (default)
2019-09-26 15:39:18,207 [bcb704dc-2543-42a4-8762-cde039a55a99@group-768FFE8D3C99:LeaderElection239] INFO  server.RaftServerConfigKeys (ConfUtils.java:logGet(43)) - raft.server.staging.catchup.gap = 1000 (default)
2019-09-26 15:39:18,207 [bcb704dc-2543-42a4-8762-cde039a55a99@group-B99515D878E9:LeaderElection242] INFO  server.RaftServerConfigKeys (ConfUtils.java:logGet(43)) - raft.server.staging.catchup.gap = 1000 (default)
2019-09-26 15:39:18,223 [bcb704dc-2543-42a4-8762-cde039a55a99@group-B99515D878E9:LeaderElection242] INFO  server.RaftServerConfigKeys (ConfUtils.java:logGet(43)) - raft.server.rpc.sleep.time = 25ms (default)
2019-09-26 15:39:18,207 [pool-123-thread-1] INFO  server.RaftServerConfigKeys (ConfUtils.java:logGet(43)) - raft.server.log.queue.byte-limit = 2147483647 (custom)
2019-09-26 15:39:18,206 [bcb704dc-2543-42a4-8762-cde039a55a99@group-B04EACC30477-SegmentedRaftLogWorker] INFO  impl.RoleInfo (RoleInfo.java:shutdownLeaderState(104)) - bcb704dc-2543-42a4-8762-cde039a55a99: shutdown LeaderState
2019-09-26 15:39:18,206 [bcb704dc-2543-42a4-8762-cde039a55a99@group-11C7A05DD744-SegmentedRaftLogWorker] INFO  impl.PendingRequests (PendingRequests.java:sendNotLeaderResponses(202)) - bcb704dc-2543-42a4-8762-cde039a55a99-PendingRequests: sendNotLeaderResponses
2019-09-26 15:39:18,205 [bcb704dc-2543-42a4-8762-cde039a55a99@group-0DF8239C052C:LeaderElection218] INFO  segmented.SegmentedRaftLogWorker (SegmentedRaftLogWorker.java:startLogSegment(380)) - bcb704dc-2543-42a4-8762-cde039a55a99@group-0DF8239C052C-SegmentedRaftLogWorker: Starting segment from index:0
2019-09-26 15:39:18,205 [bcb704dc-2543-42a4-8762-cde039a55a99@group-82088539EA4F-SegmentedRaftLogWorker] INFO  impl.PendingRequests (PendingRequests.java:sendNotLeaderResponses(202)) - bcb704dc-2543-42a4-8762-cde039a55a99-PendingRequests: sendNotLeaderResponses
2019-09-26 15:39:18,205 [bcb704dc-2543-42a4-8762-cde039a55a99@group-E9033DA04B7D-SegmentedRaftLogWorker] INFO  impl.RaftServerImpl (RaftServerImpl.java:lambda$shutdown$3(251)) - bcb704dc-2543-42a4-8762-cde039a55a99@group-E9033DA04B7D: shutdown
2019-09-26 15:39:18,204 [bcb704dc-2543-42a4-8762-cde039a55a99@group-ADDB6DC4F628:LeaderElection266] INFO  impl.RoleInfo (RoleInfo.java:shutdownLeaderElection(134)) - bcb704dc-2543-42a4-8762-cde039a55a99: shutdown LeaderElection
2019-09-26 15:39:18,204 [bcb704dc-2543-42a4-8762-cde039a55a99@group-6D85AD78C566:LeaderElection217] INFO  impl.RoleInfo (RoleInfo.java:updateAndGet(143)) - bcb704dc-2543-42a4-8762-cde039a55a99: start LeaderState
2019-09-26 15:39:18,204 [bcb704dc-2543-42a4-8762-cde039a55a99@group-04D57B5B7528:LeaderElection267] INFO  impl.RoleInfo (RoleInfo.java:shutdownLeaderElection(134)) - bcb704dc-2543-42a4-8762-cde039a55a99: shutdown LeaderElection
2019-09-26 15:39:18,204 [bcb704dc-2543-42a4-8762-cde039a55a99@group-6B7863180474-SegmentedRaftLogWorker] INFO  util.JmxRegister (JmxRegister.java:unregister(73)) - Successfully un-registered JMX Bean with object name Ratis:service=RaftServer,group=group-6B7863180474,id=bcb704dc-2543-42a4-8762-cde039a55a99
2019-09-26 15:39:18,204 [bcb704dc-2543-42a4-8762-cde039a55a99@group-7C568138CBDB-SegmentedRaftLogWorker] INFO  impl.StateMachineUpdater (StateMachineUpdater.java:stopAndJoin(125)) - bcb704dc-2543-42a4-8762-cde039a55a99@group-7C568138CBDB-StateMachineUpdater: set stopIndex = -1
2019-09-26 15:39:18,568 [bcb704dc-2543-42a4-8762-cde039a55a99@group-7C568138CBDB-SegmentedRaftLogWorker] INFO  impl.RaftServerImpl (ServerState.java:close(385)) - bcb704dc-2543-42a4-8762-cde039a55a99@group-7C568138CBDB: closes. applyIndex: -1
2019-09-26 15:39:18,204 [bcb704dc-2543-42a4-8762-cde039a55a99@group-DA2C5CB8BB65-SegmentedRaftLogWorker] INFO  impl.StateMachineUpdater (StateMachineUpdater.java:stopAndJoin(125)) - bcb704dc-2543-42a4-8762-cde039a55a99@group-DA2C5CB8BB65-StateMachineUpdater: set stopIndex = -1
2019-09-26 15:39:18,568 [bcb704dc-2543-42a4-8762-cde039a55a99@group-DA2C5CB8BB65-SegmentedRaftLogWorker] INFO  impl.RaftServerImpl (ServerState.java:close(385)) - bcb704dc-2543-42a4-8762-cde039a55a99@group-DA2C5CB8BB65: closes. applyIndex: -1
2019-09-26 15:39:18,204 [bcb704dc-2543-42a4-8762-cde039a55a99@group-CDE0182ACA4A-SegmentedRaftLogWorker] INFO  segmented.SegmentedRaftLogWorker (SegmentedRaftLogWorker.java:close(228)) - bcb704dc-2543-42a4-8762-cde039a55a99@group-CDE0182ACA4A-SegmentedRaftLogWorker close()
2019-09-26 15:39:18,203 [bcb704dc-2543-42a4-8762-cde039a55a99@group-280A8A57BC6F-SegmentedRaftLogWorker] INFO  segmented.SegmentedRaftLogWorker (SegmentedRaftLogWorker.java:close(228)) - bcb704dc-2543-42a4-8762-cde039a55a99@group-280A8A57BC6F-SegmentedRaftLogWorker close()
2019-09-26 15:39:18,203 [bcb704dc-2543-42a4-8762-cde039a55a99@group-0C31D75A80BF-SegmentedRaftLogWorker] INFO  impl.StateMachineUpdater (StateMachineUpdater.java:stopAndJoin(125)) - bcb704dc-2543-42a4-8762-cde039a55a99@group-0C31D75A80BF-StateMachineUpdater: set stopIndex = -1
2019-09-26 15:39:18,203 [bcb704dc-2543-42a4-8762-cde039a55a99@group-E41E9E7B90A5-SegmentedRaftLogWorker] INFO  impl.StateMachineUpdater (StateMachineUpdater.java:stopAndJoin(125)) - bcb704dc-2543-42a4-8762-cde039a55a99@group-E41E9E7B90A5-StateMachineUpdater: set stopIndex = -1
2019-09-26 15:39:18,569 [bcb704dc-2543-42a4-8762-cde039a55a99@group-E41E9E7B90A5-SegmentedRaftLogWorker] INFO  impl.RaftServerImpl (ServerState.java:close(385)) - bcb704dc-2543-42a4-8762-cde039a55a99@group-E41E9E7B90A5: closes. applyIndex: -1
2019-09-26 15:39:18,202 [bcb704dc-2543-42a4-8762-cde039a55a99@group-9CAC7CB13E97:LeaderElection216] INFO  server.RaftServerConfigKeys (ConfUtils.java:logGet(43)) - raft.server.watch.element-limit = 65536 (default)
2019-09-26 15:39:18,202 [bcb704dc-2543-42a4-8762-cde039a55a99@group-FF44B23A8D1F-SegmentedRaftLogWorker] INFO  segmented.SegmentedRaftLogWorker (SegmentedRaftLogWorker.java:close(228)) - bcb704dc-2543-42a4-8762-cde039a55a99@group-FF44B23A8D1F-SegmentedRaftLogWorker close()
2019-09-26 15:39:18,202 [bcb704dc-2543-42a4-8762-cde039a55a99@group-071C3AE303E0:LeaderElection224] INFO  server.RaftServerConfigKeys (ConfUtils.java:logGet(43)) - raft.server.watch.timeout = 10s (default)
2019-09-26 15:39:18,201 [bcb704dc-2543-42a4-8762-cde039a55a99@group-C84E1EDDFBB1-SegmentedRaftLogWorker] INFO  impl.PendingRequests (PendingRequests.java:sendNotLeaderResponses(202)) - bcb704dc-2543-42a4-8762-cde039a55a99-PendingRequests: sendNotLeaderResponses
2019-09-26 15:39:18,201 [bcb704dc-2543-42a4-8762-cde039a55a99@group-05AF4C6C8552:LeaderElection260] INFO  server.RaftServerConfigKeys (ConfUtils.java:logGet(43)) - raft.server.write.element-limit = 4096 (default)
2019-09-26 15:39:18,201 [bcb704dc-2543-42a4-8762-cde039a55a99@group-42C57E31B95C:LeaderElection226] INFO  server.RaftServerConfigKeys (ConfUtils.java:logGet(43)) - raft.server.watch.timeout.denomination = 1s (default)
2019-09-26 15:39:18,201 [bcb704dc-2543-42a4-8762-cde039a55a99@group-42E764F99F92:LeaderElection225] INFO  server.RaftServerConfigKeys (ConfUtils.java:logGet(43)) - raft.server.write.element-limit = 4096 (default)
2019-09-26 15:39:18,200 [bcb704dc-2543-42a4-8762-cde039a55a99@group-8891CF406B17:LeaderElection228] INFO  server.RaftServerConfigKeys (ConfUtils.java:logGet(43)) - raft.server.write.element-limit = 4096 (default)
2019-09-26 15:39:18,570 [bcb704dc-2543-42a4-8762-cde039a55a99@group-8891CF406B17:LeaderElection228] INFO  server.RaftServerConfigKeys (ConfUtils.java:logGet(43)) - raft.server.watch.timeout = 10s (default)
2019-09-26 15:39:18,200 [RatisPipelineUtilsThread] ERROR pipeline.PipelinePlacementPolicy (PipelinePlacementPolicy.java:filterViableNodes(130)) - Not enough healthy nodes to allocate pipeline. 3  datanodes required. Found 1
2019-09-26 15:39:18,199 [bcb704dc-2543-42a4-8762-cde039a55a99@group-4B788DE994AB:LeaderElection229] INFO  server.RaftServerConfigKeys (ConfUtils.java:logGet(43)) - raft.server.watch.timeout = 10s (default)
2019-09-26 15:39:18,199 [bcb704dc-2543-42a4-8762-cde039a55a99@group-CD5767121D26:LeaderElection230] INFO  server.RaftServerConfigKeys (ConfUtils.java:logGet(43)) - raft.server.write.element-limit = 4096 (default)
2019-09-26 15:39:18,199 [bcb704dc-2543-42a4-8762-cde039a55a99@group-617888AA4A51:LeaderElection232] INFO  server.RaftServerConfigKeys (ConfUtils.java:logGet(43)) - raft.server.watch.timeout = 10s (default)
2019-09-26 15:39:18,199 [bcb704dc-2543-42a4-8762-cde039a55a99@group-69BB3C0B63D8:LeaderElection231] INFO  server.RaftServerConfigKeys (ConfUtils.java:logGet(43)) - raft.server.watch.timeout = 10s (default)
2019-09-26 15:39:18,572 [bcb704dc-2543-42a4-8762-cde039a55a99@group-69BB3C0B63D8:LeaderElection231] INFO  server.RaftServerConfigKeys (ConfUtils.java:logGet(43)) - raft.server.watch.timeout.denomination = 1s (default)
2019-09-26 15:39:18,198 [bcb704dc-2543-42a4-8762-cde039a55a99@group-4D04F2324D2E:LeaderElection227] INFO  server.RaftServerConfigKeys (ConfUtils.java:logGet(43)) - raft.server.watch.timeout = 10s (default)
2019-09-26 15:39:18,198 [bcb704dc-2543-42a4-8762-cde039a55a99@group-FB26FC18925F:LeaderElection265] INFO  impl.RaftServerImpl (RaftServerImpl.java:setRole(174)) - bcb704dc-2543-42a4-8762-cde039a55a99@group-FB26FC18925F: changes role from CANDIDATE to LEADER at term 1 for changeToLeader
2019-09-26 15:39:18,572 [bcb704dc-2543-42a4-8762-cde039a55a99@group-FB26FC18925F:LeaderElection265] INFO  impl.RaftServerImpl (ServerState.java:setLeader(253)) - bcb704dc-2543-42a4-8762-cde039a55a99@group-FB26FC18925F: change Leader from null to bcb704dc-2543-42a4-8762-cde039a55a99 at term 1 for becomeLeader, leader elected after 20232ms
2019-09-26 15:39:18,198 [bcb704dc-2543-42a4-8762-cde039a55a99@group-BBF433C8F92D-SegmentedRaftLogWorker] INFO  impl.RoleInfo (RoleInfo.java:shutdownLeaderState(104)) - bcb704dc-2543-42a4-8762-cde039a55a99: shutdown LeaderState
2019-09-26 15:39:18,198 [bcb704dc-2543-42a4-8762-cde039a55a99@group-E184EC457834-SegmentedRaftLogWorker] INFO  impl.PendingRequests (PendingRequests.java:sendNotLeaderResponses(202)) - bcb704dc-2543-42a4-8762-cde039a55a99-PendingRequests: sendNotLeaderResponses
2019-09-26 15:39:18,198 [bcb704dc-2543-42a4-8762-cde039a55a99@group-4E88BFDC7C13-SegmentedRaftLogWorker] INFO  segmented.SegmentedRaftLogWorker (SegmentedRaftLogWorker.java:close(228)) - bcb704dc-2543-42a4-8762-cde039a55a99@group-4E88BFDC7C13-SegmentedRaftLogWorker close()
2019-09-26 15:39:18,197 [bcb704dc-2543-42a4-8762-cde039a55a99@group-F6F6A7BDA922-SegmentedRaftLogWorker] INFO  util.JmxRegister (JmxRegister.java:unregister(73)) - Successfully un-registered JMX Bean with object name Ratis:service=RaftServer,group=group-F6F6A7BDA922,id=bcb704dc-2543-42a4-8762-cde039a55a99
2019-09-26 15:39:18,573 [bcb704dc-2543-42a4-8762-cde039a55a99@group-F6F6A7BDA922-SegmentedRaftLogWorker] INFO  impl.RoleInfo (RoleInfo.java:shutdownLeaderState(104)) - bcb704dc-2543-42a4-8762-cde039a55a99: shutdown LeaderState
2019-09-26 15:39:18,197 [bcb704dc-2543-42a4-8762-cde039a55a99@group-4E34C6955B17-SegmentedRaftLogWorker] INFO  impl.RoleInfo (RoleInfo.java:shutdownLeaderState(104)) - bcb704dc-2543-42a4-8762-cde039a55a99: shutdown LeaderState
2019-09-26 15:39:18,573 [bcb704dc-2543-42a4-8762-cde039a55a99@group-4E34C6955B17-SegmentedRaftLogWorker] INFO  impl.PendingRequests (PendingRequests.java:sendNotLeaderResponses(202)) - bcb704dc-2543-42a4-8762-cde039a55a99-PendingRequests: sendNotLeaderResponses
2019-09-26 15:39:18,189 [bcb704dc-2543-42a4-8762-cde039a55a99@group-312551D5FA7C-SegmentedRaftLogWorker] ERROR segmented.SegmentedRaftLogWorker (SegmentedRaftLogWorker.java:run(323)) - bcb704dc-2543-42a4-8762-cde039a55a99@group-312551D5FA7C-SegmentedRaftLogWorker hit exception
java.lang.OutOfMemoryError: Direct buffer memory
	at java.nio.Bits.reserveMemory(Bits.java:666)
	at java.nio.DirectByteBuffer.<init>(DirectByteBuffer.java:123)
	at java.nio.ByteBuffer.allocateDirect(ByteBuffer.java:311)
	at org.apache.ratis.server.raftlog.segmented.BufferedWriteChannel.<init>(BufferedWriteChannel.java:41)
	at org.apache.ratis.server.raftlog.segmented.SegmentedRaftLogOutputStream.<init>(SegmentedRaftLogOutputStream.java:72)
	at org.apache.ratis.server.raftlog.segmented.SegmentedRaftLogWorker$StartLogSegment.execute(SegmentedRaftLogWorker.java:566)
	at org.apache.ratis.server.raftlog.segmented.SegmentedRaftLogWorker.run(SegmentedRaftLogWorker.java:289)
	at java.lang.Thread.run(Thread.java:748)
2019-09-26 15:39:18,574 [bcb704dc-2543-42a4-8762-cde039a55a99@group-312551D5FA7C-SegmentedRaftLogWorker] INFO  impl.RaftServerImpl (RaftServerImpl.java:lambda$shutdown$3(251)) - bcb704dc-2543-42a4-8762-cde039a55a99@group-312551D5FA7C: shutdown
2019-09-26 15:39:17,876 [bcb704dc-2543-42a4-8762-cde039a55a99@group-008535A2A097-SegmentedRaftLogWorker] INFO  impl.PendingRequests (PendingRequests.java:sendNotLeaderResponses(202)) - bcb704dc-2543-42a4-8762-cde039a55a99-PendingRequests: sendNotLeaderResponses
2019-09-26 15:39:17,875 [bcb704dc-2543-42a4-8762-cde039a55a99@group-A09E01A06194-SegmentedRaftLogWorker] INFO  impl.StateMachineUpdater (StateMachineUpdater.java:stopAndJoin(125)) - bcb704dc-2543-42a4-8762-cde039a55a99@group-A09E01A06194-StateMachineUpdater: set stopIndex = -1
2019-09-26 15:39:18,574 [bcb704dc-2543-42a4-8762-cde039a55a99@group-A09E01A06194-SegmentedRaftLogWorker] INFO  impl.RaftServerImpl (ServerState.java:close(385)) - bcb704dc-2543-42a4-8762-cde039a55a99@group-A09E01A06194: closes. applyIndex: -1
2019-09-26 15:39:17,875 [bcb704dc-2543-42a4-8762-cde039a55a99@group-D95087EDE7EE:LeaderElection261] INFO  impl.RaftServerImpl (RaftServerImpl.java:setRole(174)) - bcb704dc-2543-42a4-8762-cde039a55a99@group-D95087EDE7EE: changes role from CANDIDATE to LEADER at term 1 for changeToLeader
2019-09-26 15:39:18,575 [bcb704dc-2543-42a4-8762-cde039a55a99@group-D95087EDE7EE:LeaderElection261] INFO  impl.RaftServerImpl (ServerState.java:setLeader(253)) - bcb704dc-2543-42a4-8762-cde039a55a99@group-D95087EDE7EE: change Leader from null to bcb704dc-2543-42a4-8762-cde039a55a99 at term 1 for becomeLeader, leader elected after 15622ms
2019-09-26 15:39:17,875 [bcb704dc-2543-42a4-8762-cde039a55a99@group-E156FE0624FA:LeaderElection262] INFO  impl.RaftServerImpl (RaftServerImpl.java:setRole(174)) - bcb704dc-2543-42a4-8762-cde039a55a99@group-E156FE0624FA: changes role from CANDIDATE to LEADER at term 1 for changeToLeader
2019-09-26 15:39:18,575 [bcb704dc-2543-42a4-8762-cde039a55a99@group-E156FE0624FA:LeaderElection262] INFO  impl.RaftServerImpl (ServerState.java:setLeader(253)) - bcb704dc-2543-42a4-8762-cde039a55a99@group-E156FE0624FA: change Leader from null to bcb704dc-2543-42a4-8762-cde039a55a99 at term 1 for becomeLeader, leader elected after 20275ms
2019-09-26 15:39:17,875 [bcb704dc-2543-42a4-8762-cde039a55a99@group-A778D7837BC2-SegmentedRaftLogWorker] INFO  impl.PendingRequests (PendingRequests.java:sendNotLeaderResponses(202)) - bcb704dc-2543-42a4-8762-cde039a55a99-PendingRequests: sendNotLeaderResponses
2019-09-26 15:39:17,874 [bcb704dc-2543-42a4-8762-cde039a55a99@group-A0C5D2D9FA46-SegmentedRaftLogWorker] INFO  impl.PendingRequests (PendingRequests.java:sendNotLeaderResponses(202)) - bcb704dc-2543-42a4-8762-cde039a55a99-PendingRequests: sendNotLeaderResponses
2019-09-26 15:39:18,575 [bcb704dc-2543-42a4-8762-cde039a55a99@group-A778D7837BC2-SegmentedRaftLogWorker] INFO  impl.StateMachineUpdater (StateMachineUpdater.java:stopAndJoin(125)) - bcb704dc-2543-42a4-8762-cde039a55a99@group-A778D7837BC2-StateMachineUpdater: set stopIndex = -1
2019-09-26 15:39:18,576 [bcb704dc-2543-42a4-8762-cde039a55a99@group-A778D7837BC2-SegmentedRaftLogWorker] INFO  impl.RaftServerImpl (ServerState.java:close(385)) - bcb704dc-2543-42a4-8762-cde039a55a99@group-A778D7837BC2: closes. applyIndex: -1
2019-09-26 15:39:18,575 [bcb704dc-2543-42a4-8762-cde039a55a99@group-E156FE0624FA:LeaderElection262] INFO  server.RaftServerConfigKeys (ConfUtils.java:logGet(43)) - raft.server.staging.catchup.gap = 1000 (default)
2019-09-26 15:39:18,575 [bcb704dc-2543-42a4-8762-cde039a55a99@group-D95087EDE7EE:LeaderElection261] INFO  server.RaftServerConfigKeys (ConfUtils.java:logGet(43)) - raft.server.staging.catchup.gap = 1000 (default)
2019-09-26 15:39:18,575 [bcb704dc-2543-42a4-8762-cde039a55a99@group-A09E01A06194-SegmentedRaftLogWorker] INFO  segmented.SegmentedRaftLogWorker (SegmentedRaftLogWorker.java:close(228)) - bcb704dc-2543-42a4-8762-cde039a55a99@group-A09E01A06194-SegmentedRaftLogWorker close()
2019-09-26 15:39:18,574 [bcb704dc-2543-42a4-8762-cde039a55a99@group-008535A2A097-SegmentedRaftLogWorker] INFO  impl.StateMachineUpdater (StateMachineUpdater.java:stopAndJoin(125)) - bcb704dc-2543-42a4-8762-cde039a55a99@group-008535A2A097-StateMachineUpdater: set stopIndex = -1
2019-09-26 15:39:18,576 [bcb704dc-2543-42a4-8762-cde039a55a99@group-008535A2A097-SegmentedRaftLogWorker] INFO  impl.RaftServerImpl (ServerState.java:close(385)) - bcb704dc-2543-42a4-8762-cde039a55a99@group-008535A2A097: closes. applyIndex: -1
2019-09-26 15:39:18,574 [bcb704dc-2543-42a4-8762-cde039a55a99@group-312551D5FA7C-SegmentedRaftLogWorker] INFO  util.JmxRegister (JmxRegister.java:unregister(73)) - Successfully un-registered JMX Bean with object name Ratis:service=RaftServer,group=group-312551D5FA7C,id=bcb704dc-2543-42a4-8762-cde039a55a99
2019-09-26 15:39:18,577 [bcb704dc-2543-42a4-8762-cde039a55a99@group-312551D5FA7C-SegmentedRaftLogWorker] INFO  impl.RoleInfo (RoleInfo.java:shutdownLeaderState(104)) - bcb704dc-2543-42a4-8762-cde039a55a99: shutdown LeaderState
2019-09-26 15:39:18,573 [bcb704dc-2543-42a4-8762-cde039a55a99@group-4E34C6955B17-SegmentedRaftLogWorker] INFO  impl.StateMachineUpdater (StateMachineUpdater.java:stopAndJoin(125)) - bcb704dc-2543-42a4-8762-cde039a55a99@group-4E34C6955B17-StateMachineUpdater: set stopIndex = -1
2019-09-26 15:39:18,577 [bcb704dc-2543-42a4-8762-cde039a55a99@group-4E34C6955B17-SegmentedRaftLogWorker] INFO  impl.RaftServerImpl (ServerState.java:close(385)) - bcb704dc-2543-42a4-8762-cde039a55a99@group-4E34C6955B17: closes. applyIndex: -1
2019-09-26 15:39:18,573 [bcb704dc-2543-42a4-8762-cde039a55a99@group-F6F6A7BDA922-SegmentedRaftLogWorker] INFO  impl.PendingRequests (PendingRequests.java:sendNotLeaderResponses(202)) - bcb704dc-2543-42a4-8762-cde039a55a99-PendingRequests: sendNotLeaderResponses
2019-09-26 15:39:18,573 [bcb704dc-2543-42a4-8762-cde039a55a99@group-E184EC457834-SegmentedRaftLogWorker] INFO  impl.StateMachineUpdater (StateMachineUpdater.java:stopAndJoin(125)) - bcb704dc-2543-42a4-8762-cde039a55a99@group-E184EC457834-StateMachineUpdater: set stopIndex = -1
2019-09-26 15:39:18,577 [bcb704dc-2543-42a4-8762-cde039a55a99@group-E184EC457834-SegmentedRaftLogWorker] INFO  impl.RaftServerImpl (ServerState.java:close(385)) - bcb704dc-2543-42a4-8762-cde039a55a99@group-E184EC457834: closes. applyIndex: -1
2019-09-26 15:39:18,572 [bcb704dc-2543-42a4-8762-cde039a55a99@group-BBF433C8F92D-SegmentedRaftLogWorker] INFO  impl.PendingRequests (PendingRequests.java:sendNotLeaderResponses(202)) - bcb704dc-2543-42a4-8762-cde039a55a99-PendingRequests: sendNotLeaderResponses
2019-09-26 15:39:18,572 [bcb704dc-2543-42a4-8762-cde039a55a99@group-FB26FC18925F:LeaderElection265] INFO  server.RaftServerConfigKeys (ConfUtils.java:logGet(43)) - raft.server.staging.catchup.gap = 1000 (default)
2019-09-26 15:39:18,578 [bcb704dc-2543-42a4-8762-cde039a55a99@group-FB26FC18925F:LeaderElection265] INFO  server.RaftServerConfigKeys (ConfUtils.java:logGet(43)) - raft.server.rpc.sleep.time = 25ms (default)
2019-09-26 15:39:18,572 [bcb704dc-2543-42a4-8762-cde039a55a99@group-4D04F2324D2E:LeaderElection227] INFO  server.RaftServerConfigKeys (ConfUtils.java:logGet(43)) - raft.server.watch.timeout.denomination = 1s (default)
2019-09-26 15:39:18,578 [bcb704dc-2543-42a4-8762-cde039a55a99@group-4D04F2324D2E:LeaderElection227] INFO  server.RaftServerConfigKeys (ConfUtils.java:logGet(43)) - raft.server.watch.element-limit = 65536 (default)
2019-09-26 15:39:18,572 [bcb704dc-2543-42a4-8762-cde039a55a99@group-69BB3C0B63D8:LeaderElection231] INFO  server.RaftServerConfigKeys (ConfUtils.java:logGet(43)) - raft.server.watch.element-limit = 65536 (default)
2019-09-26 15:39:18,571 [bcb704dc-2543-42a4-8762-cde039a55a99@group-617888AA4A51:LeaderElection232] INFO  server.RaftServerConfigKeys (ConfUtils.java:logGet(43)) - raft.server.watch.timeout.denomination = 1s (default)
2019-09-26 15:39:18,571 [bcb704dc-2543-42a4-8762-cde039a55a99@group-CD5767121D26:LeaderElection230] INFO  server.RaftServerConfigKeys (ConfUtils.java:logGet(43)) - raft.server.watch.timeout = 10s (default)
2019-09-26 15:39:18,579 [bcb704dc-2543-42a4-8762-cde039a55a99@group-CD5767121D26:LeaderElection230] INFO  server.RaftServerConfigKeys (ConfUtils.java:logGet(43)) - raft.server.watch.timeout.denomination = 1s (default)
2019-09-26 15:39:18,571 [bcb704dc-2543-42a4-8762-cde039a55a99@group-4B788DE994AB:LeaderElection229] INFO  server.RaftServerConfigKeys (ConfUtils.java:logGet(43)) - raft.server.watch.timeout.denomination = 1s (default)
2019-09-26 15:39:18,571 [RatisPipelineUtilsThread] ERROR pipeline.SCMPipelineManager (SCMPipelineManager.java:createPipeline(167)) - Pipeline creation failed.
org.apache.hadoop.hdds.scm.exceptions.SCMException: Not enough healthy nodes to allocate pipeline. 3  datanodes required. Found 1
	at org.apache.hadoop.hdds.scm.pipeline.PipelinePlacementPolicy.filterViableNodes(PipelinePlacementPolicy.java:131)
	at org.apache.hadoop.hdds.scm.pipeline.PipelinePlacementPolicy.chooseDatanodes(PipelinePlacementPolicy.java:171)
	at org.apache.hadoop.hdds.scm.pipeline.RatisPipelineProvider.create(RatisPipelineProvider.java:93)
	at org.apache.hadoop.hdds.scm.pipeline.PipelineFactory.create(PipelineFactory.java:58)
	at org.apache.hadoop.hdds.scm.pipeline.SCMPipelineManager.createPipeline(SCMPipelineManager.java:155)
	at org.apache.hadoop.hdds.scm.pipeline.BackgroundPipelineCreator.createPipelines(BackgroundPipelineCreator.java:99)
	at org.apache.hadoop.hdds.scm.pipeline.BackgroundPipelineCreator.lambda$startFixedIntervalPipelineCreator$0(BackgroundPipelineCreator.java:70)
	at java.util.concurrent.Executors$RunnableAdapter.call(Executors.java:511)
	at java.util.concurrent.FutureTask.runAndReset(FutureTask.java:308)
	at java.util.concurrent.ScheduledThreadPoolExecutor$ScheduledFutureTask.access$301(ScheduledThreadPoolExecutor.java:180)
	at java.util.concurrent.ScheduledThreadPoolExecutor$ScheduledFutureTask.run(ScheduledThreadPoolExecutor.java:294)
	at java.util.concurrent.ThreadPoolExecutor.runWorker(ThreadPoolExecutor.java:1149)
	at java.util.concurrent.ThreadPoolExecutor$Worker.run(ThreadPoolExecutor.java:624)
	at java.lang.Thread.run(Thread.java:748)
2019-09-26 15:39:18,571 [bcb704dc-2543-42a4-8762-cde039a55a99@group-9CAC7CB13E97:LeaderElection216] INFO  impl.RoleInfo (RoleInfo.java:updateAndGet(143)) - bcb704dc-2543-42a4-8762-cde039a55a99: start LeaderState
2019-09-26 15:39:18,571 [bcb704dc-2543-42a4-8762-cde039a55a99@group-8891CF406B17:LeaderElection228] INFO  server.RaftServerConfigKeys (ConfUtils.java:logGet(43)) - raft.server.watch.timeout.denomination = 1s (default)
2019-09-26 15:39:18,570 [bcb704dc-2543-42a4-8762-cde039a55a99@group-42E764F99F92:LeaderElection225] INFO  server.RaftServerConfigKeys (ConfUtils.java:logGet(43)) - raft.server.watch.timeout = 10s (default)
2019-09-26 15:39:18,570 [bcb704dc-2543-42a4-8762-cde039a55a99@group-42C57E31B95C:LeaderElection226] INFO  server.RaftServerConfigKeys (ConfUtils.java:logGet(43)) - raft.server.watch.element-limit = 65536 (default)
2019-09-26 15:39:18,570 [bcb704dc-2543-42a4-8762-cde039a55a99@group-05AF4C6C8552:LeaderElection260] INFO  server.RaftServerConfigKeys (ConfUtils.java:logGet(43)) - raft.server.watch.timeout = 10s (default)
2019-09-26 15:39:18,580 [bcb704dc-2543-42a4-8762-cde039a55a99@group-05AF4C6C8552:LeaderElection260] INFO  server.RaftServerConfigKeys (ConfUtils.java:logGet(43)) - raft.server.watch.timeout.denomination = 1s (default)
2019-09-26 15:39:18,570 [bcb704dc-2543-42a4-8762-cde039a55a99@group-C84E1EDDFBB1-SegmentedRaftLogWorker] INFO  impl.StateMachineUpdater (StateMachineUpdater.java:stopAndJoin(125)) - bcb704dc-2543-42a4-8762-cde039a55a99@group-C84E1EDDFBB1-StateMachineUpdater: set stopIndex = -1
2019-09-26 15:39:18,570 [bcb704dc-2543-42a4-8762-cde039a55a99@group-071C3AE303E0:LeaderElection224] INFO  server.RaftServerConfigKeys (ConfUtils.java:logGet(43)) - raft.server.watch.timeout.denomination = 1s (default)
2019-09-26 15:39:18,569 [bcb704dc-2543-42a4-8762-cde039a55a99@group-E41E9E7B90A5-SegmentedRaftLogWorker] INFO  segmented.SegmentedRaftLogWorker (SegmentedRaftLogWorker.java:close(228)) - bcb704dc-2543-42a4-8762-cde039a55a99@group-E41E9E7B90A5-SegmentedRaftLogWorker close()
2019-09-26 15:39:18,569 [bcb704dc-2543-42a4-8762-cde039a55a99@group-0C31D75A80BF-SegmentedRaftLogWorker] INFO  impl.RaftServerImpl (ServerState.java:close(385)) - bcb704dc-2543-42a4-8762-cde039a55a99@group-0C31D75A80BF: closes. applyIndex: -1
2019-09-26 15:39:18,568 [bcb704dc-2543-42a4-8762-cde039a55a99@group-DA2C5CB8BB65-SegmentedRaftLogWorker] INFO  segmented.SegmentedRaftLogWorker (SegmentedRaftLogWorker.java:close(228)) - bcb704dc-2543-42a4-8762-cde039a55a99@group-DA2C5CB8BB65-SegmentedRaftLogWorker close()
2019-09-26 15:39:18,568 [bcb704dc-2543-42a4-8762-cde039a55a99@group-7C568138CBDB-SegmentedRaftLogWorker] INFO  segmented.SegmentedRaftLogWorker (SegmentedRaftLogWorker.java:close(228)) - bcb704dc-2543-42a4-8762-cde039a55a99@group-7C568138CBDB-SegmentedRaftLogWorker close()
2019-09-26 15:39:18,568 [bcb704dc-2543-42a4-8762-cde039a55a99@group-6B7863180474-SegmentedRaftLogWorker] INFO  impl.RoleInfo (RoleInfo.java:shutdownLeaderState(104)) - bcb704dc-2543-42a4-8762-cde039a55a99: shutdown LeaderState
2019-09-26 15:39:18,567 [bcb704dc-2543-42a4-8762-cde039a55a99@group-04D57B5B7528:LeaderElection267] INFO  impl.RaftServerImpl (RaftServerImpl.java:setRole(174)) - bcb704dc-2543-42a4-8762-cde039a55a99@group-04D57B5B7528: changes role from CANDIDATE to LEADER at term 1 for changeToLeader
2019-09-26 15:39:18,567 [bcb704dc-2543-42a4-8762-cde039a55a99@group-6D85AD78C566:LeaderElection217] INFO  segmented.SegmentedRaftLogWorker (SegmentedRaftLogWorker.java:startLogSegment(380)) - bcb704dc-2543-42a4-8762-cde039a55a99@group-6D85AD78C566-SegmentedRaftLogWorker: Starting segment from index:0
2019-09-26 15:39:18,559 [bcb704dc-2543-42a4-8762-cde039a55a99@group-8C4E846757B0-SegmentedRaftLogWorker] ERROR segmented.SegmentedRaftLogWorker (SegmentedRaftLogWorker.java:run(323)) - bcb704dc-2543-42a4-8762-cde039a55a99@group-8C4E846757B0-SegmentedRaftLogWorker hit exception
java.lang.OutOfMemoryError: Direct buffer memory
	at java.nio.Bits.reserveMemory(Bits.java:666)
	at java.nio.DirectByteBuffer.<init>(DirectByteBuffer.java:123)
	at java.nio.ByteBuffer.allocateDirect(ByteBuffer.java:311)
	at org.apache.ratis.server.raftlog.segmented.BufferedWriteChannel.<init>(BufferedWriteChannel.java:41)
	at org.apache.ratis.server.raftlog.segmented.SegmentedRaftLogOutputStream.<init>(SegmentedRaftLogOutputStream.java:72)
	at org.apache.ratis.server.raftlog.segmented.SegmentedRaftLogWorker$StartLogSegment.execute(SegmentedRaftLogWorker.java:566)
	at org.apache.ratis.server.raftlog.segmented.SegmentedRaftLogWorker.run(SegmentedRaftLogWorker.java:289)
	at java.lang.Thread.run(Thread.java:748)
2019-09-26 15:39:18,582 [bcb704dc-2543-42a4-8762-cde039a55a99@group-8C4E846757B0-SegmentedRaftLogWorker] INFO  impl.RaftServerImpl (RaftServerImpl.java:lambda$shutdown$3(251)) - bcb704dc-2543-42a4-8762-cde039a55a99@group-8C4E846757B0: shutdown
2019-09-26 15:39:18,559 [bcb704dc-2543-42a4-8762-cde039a55a99@group-19733DFA91CE-SegmentedRaftLogWorker] ERROR segmented.SegmentedRaftLogWorker (SegmentedRaftLogWorker.java:run(323)) - bcb704dc-2543-42a4-8762-cde039a55a99@group-19733DFA91CE-SegmentedRaftLogWorker hit exception
java.lang.OutOfMemoryError: Direct buffer memory
	at java.nio.Bits.reserveMemory(Bits.java:666)
	at java.nio.DirectByteBuffer.<init>(DirectByteBuffer.java:123)
	at java.nio.ByteBuffer.allocateDirect(ByteBuffer.java:311)
	at org.apache.ratis.server.raftlog.segmented.BufferedWriteChannel.<init>(BufferedWriteChannel.java:41)
	at org.apache.ratis.server.raftlog.segmented.SegmentedRaftLogOutputStream.<init>(SegmentedRaftLogOutputStream.java:72)
	at org.apache.ratis.server.raftlog.segmented.SegmentedRaftLogWorker$StartLogSegment.execute(SegmentedRaftLogWorker.java:566)
	at org.apache.ratis.server.raftlog.segmented.SegmentedRaftLogWorker.run(SegmentedRaftLogWorker.java:289)
	at java.lang.Thread.run(Thread.java:748)
2019-09-26 15:39:18,957 [bcb704dc-2543-42a4-8762-cde039a55a99@group-19733DFA91CE-SegmentedRaftLogWorker] INFO  impl.RaftServerImpl (RaftServerImpl.java:lambda$shutdown$3(251)) - bcb704dc-2543-42a4-8762-cde039a55a99@group-19733DFA91CE: shutdown
2019-09-26 15:39:18,559 [bcb704dc-2543-42a4-8762-cde039a55a99@group-4786CBF0DBEA-SegmentedRaftLogWorker] ERROR segmented.SegmentedRaftLogWorker (SegmentedRaftLogWorker.java:run(323)) - bcb704dc-2543-42a4-8762-cde039a55a99@group-4786CBF0DBEA-SegmentedRaftLogWorker hit exception
java.lang.OutOfMemoryError: Direct buffer memory
	at java.nio.Bits.reserveMemory(Bits.java:666)
	at java.nio.DirectByteBuffer.<init>(DirectByteBuffer.java:123)
	at java.nio.ByteBuffer.allocateDirect(ByteBuffer.java:311)
	at org.apache.ratis.server.raftlog.segmented.BufferedWriteChannel.<init>(BufferedWriteChannel.java:41)
	at org.apache.ratis.server.raftlog.segmented.SegmentedRaftLogOutputStream.<init>(SegmentedRaftLogOutputStream.java:72)
	at org.apache.ratis.server.raftlog.segmented.SegmentedRaftLogWorker$StartLogSegment.execute(SegmentedRaftLogWorker.java:566)
	at org.apache.ratis.server.raftlog.segmented.SegmentedRaftLogWorker.run(SegmentedRaftLogWorker.java:289)
	at java.lang.Thread.run(Thread.java:748)
2019-09-26 15:39:18,559 [bcb704dc-2543-42a4-8762-cde039a55a99@group-353F2047EF06-SegmentedRaftLogWorker] ERROR segmented.SegmentedRaftLogWorker (SegmentedRaftLogWorker.java:run(323)) - bcb704dc-2543-42a4-8762-cde039a55a99@group-353F2047EF06-SegmentedRaftLogWorker hit exception
java.lang.OutOfMemoryError: Direct buffer memory
	at java.nio.Bits.reserveMemory(Bits.java:666)
	at java.nio.DirectByteBuffer.<init>(DirectByteBuffer.java:123)
	at java.nio.ByteBuffer.allocateDirect(ByteBuffer.java:311)
	at org.apache.ratis.server.raftlog.segmented.BufferedWriteChannel.<init>(BufferedWriteChannel.java:41)
	at org.apache.ratis.server.raftlog.segmented.SegmentedRaftLogOutputStream.<init>(SegmentedRaftLogOutputStream.java:72)
	at org.apache.ratis.server.raftlog.segmented.SegmentedRaftLogWorker$StartLogSegment.execute(SegmentedRaftLogWorker.java:566)
	at org.apache.ratis.server.raftlog.segmented.SegmentedRaftLogWorker.run(SegmentedRaftLogWorker.java:289)
	at java.lang.Thread.run(Thread.java:748)
2019-09-26 15:39:18,224 [bcb704dc-2543-42a4-8762-cde039a55a99@group-ADDB6DC4F628:LeaderElection266] INFO  impl.RaftServerImpl (RaftServerImpl.java:setRole(174)) - bcb704dc-2543-42a4-8762-cde039a55a99@group-ADDB6DC4F628: changes role from CANDIDATE to LEADER at term 1 for changeToLeader
2019-09-26 15:39:18,958 [bcb704dc-2543-42a4-8762-cde039a55a99@group-ADDB6DC4F628:LeaderElection266] INFO  impl.RaftServerImpl (ServerState.java:setLeader(253)) - bcb704dc-2543-42a4-8762-cde039a55a99@group-ADDB6DC4F628: change Leader from null to bcb704dc-2543-42a4-8762-cde039a55a99 at term 1 for becomeLeader, leader elected after 19682ms
2019-09-26 15:39:18,224 [bcb704dc-2543-42a4-8762-cde039a55a99@group-0DF8239C052C:LeaderElection218] INFO  impl.RaftServerImpl (ServerState.java:setRaftConf(354)) - bcb704dc-2543-42a4-8762-cde039a55a99@group-0DF8239C052C: set configuration 0: [bcb704dc-2543-42a4-8762-cde039a55a99:192.168.151.99:43663], old=null at 0
2019-09-26 15:39:18,224 [bcb704dc-2543-42a4-8762-cde039a55a99@group-E9033DA04B7D-SegmentedRaftLogWorker] INFO  util.JmxRegister (JmxRegister.java:unregister(73)) - Successfully un-registered JMX Bean with object name Ratis:service=RaftServer,group=group-E9033DA04B7D,id=bcb704dc-2543-42a4-8762-cde039a55a99
2019-09-26 15:39:18,224 [bcb704dc-2543-42a4-8762-cde039a55a99@group-82088539EA4F-SegmentedRaftLogWorker] INFO  impl.StateMachineUpdater (StateMachineUpdater.java:stopAndJoin(125)) - bcb704dc-2543-42a4-8762-cde039a55a99@group-82088539EA4F-StateMachineUpdater: set stopIndex = -1
2019-09-26 15:39:18,959 [bcb704dc-2543-42a4-8762-cde039a55a99@group-82088539EA4F-SegmentedRaftLogWorker] INFO  impl.RaftServerImpl (ServerState.java:close(385)) - bcb704dc-2543-42a4-8762-cde039a55a99@group-82088539EA4F: closes. applyIndex: -1
2019-09-26 15:39:18,224 [bcb704dc-2543-42a4-8762-cde039a55a99@group-11C7A05DD744-SegmentedRaftLogWorker] INFO  impl.StateMachineUpdater (StateMachineUpdater.java:stopAndJoin(125)) - bcb704dc-2543-42a4-8762-cde039a55a99@group-11C7A05DD744-StateMachineUpdater: set stopIndex = -1
2019-09-26 15:39:18,959 [bcb704dc-2543-42a4-8762-cde039a55a99@group-11C7A05DD744-SegmentedRaftLogWorker] INFO  impl.RaftServerImpl (ServerState.java:close(385)) - bcb704dc-2543-42a4-8762-cde039a55a99@group-11C7A05DD744: closes. applyIndex: -1
2019-09-26 15:39:18,224 [bcb704dc-2543-42a4-8762-cde039a55a99@group-B04EACC30477-SegmentedRaftLogWorker] INFO  impl.PendingRequests (PendingRequests.java:sendNotLeaderResponses(202)) - bcb704dc-2543-42a4-8762-cde039a55a99-PendingRequests: sendNotLeaderResponses
2019-09-26 15:39:18,223 [pool-123-thread-1] INFO  server.RaftServerConfigKeys (ConfUtils.java:logGet(43)) - raft.server.log.queue.element-limit = 1024 (custom)
2019-09-26 15:39:18,223 [bcb704dc-2543-42a4-8762-cde039a55a99@group-B99515D878E9:LeaderElection242] INFO  server.RaftServerConfigKeys (ConfUtils.java:logGet(43)) - raft.server.write.element-limit = 4096 (default)
2019-09-26 15:39:18,223 [bcb704dc-2543-42a4-8762-cde039a55a99@group-768FFE8D3C99:LeaderElection239] INFO  server.RaftServerConfigKeys (ConfUtils.java:logGet(43)) - raft.server.rpc.sleep.time = 25ms (default)
2019-09-26 15:39:18,223 [bcb704dc-2543-42a4-8762-cde039a55a99@group-708F9F8A739D:LeaderElection264] INFO  server.RaftServerConfigKeys (ConfUtils.java:logGet(43)) - raft.server.write.element-limit = 4096 (default)
2019-09-26 15:39:18,223 [bcb704dc-2543-42a4-8762-cde039a55a99@group-F96E5E74ED10:LeaderElection263] INFO  server.RaftServerConfigKeys (ConfUtils.java:logGet(43)) - raft.server.write.element-limit = 4096 (default)
2019-09-26 15:39:18,222 [bcb704dc-2543-42a4-8762-cde039a55a99@group-1EDFAD8639C2:LeaderElection238] INFO  server.RaftServerConfigKeys (ConfUtils.java:logGet(43)) - raft.server.write.element-limit = 4096 (default)
2019-09-26 15:39:18,961 [bcb704dc-2543-42a4-8762-cde039a55a99@group-1EDFAD8639C2:LeaderElection238] INFO  server.RaftServerConfigKeys (ConfUtils.java:logGet(43)) - raft.server.watch.timeout = 10s (default)
2019-09-26 15:39:18,222 [bcb704dc-2543-42a4-8762-cde039a55a99@group-64EA007B3927-SegmentedRaftLogWorker] INFO  impl.StateMachineUpdater (StateMachineUpdater.java:stopAndJoin(125)) - bcb704dc-2543-42a4-8762-cde039a55a99@group-64EA007B3927-StateMachineUpdater: set stopIndex = -1
2019-09-26 15:39:18,961 [bcb704dc-2543-42a4-8762-cde039a55a99@group-64EA007B3927-SegmentedRaftLogWorker] INFO  impl.RaftServerImpl (ServerState.java:close(385)) - bcb704dc-2543-42a4-8762-cde039a55a99@group-64EA007B3927: closes. applyIndex: -1
2019-09-26 15:39:18,222 [bcb704dc-2543-42a4-8762-cde039a55a99@group-B2A28DABB48B:LeaderElection219] INFO  server.RaftServerConfigKeys (ConfUtils.java:logGet(43)) - raft.server.watch.timeout.denomination = 1s (default)
2019-09-26 15:39:18,222 [bcb704dc-2543-42a4-8762-cde039a55a99@group-4B85105F5536:LeaderElection220] INFO  server.RaftServerConfigKeys (ConfUtils.java:logGet(43)) - raft.server.watch.timeout.denomination = 1s (default)
2019-09-26 15:39:18,222 [bcb704dc-2543-42a4-8762-cde039a55a99@group-4B884EBB2E10-SegmentedRaftLogWorker] INFO  segmented.SegmentedRaftLogWorker (SegmentedRaftLogWorker.java:close(228)) - bcb704dc-2543-42a4-8762-cde039a55a99@group-4B884EBB2E10-SegmentedRaftLogWorker close()
2019-09-26 15:39:18,221 [bcb704dc-2543-42a4-8762-cde039a55a99@group-18DFCDEF3120:LeaderElection237] INFO  impl.RoleInfo (RoleInfo.java:updateAndGet(143)) - bcb704dc-2543-42a4-8762-cde039a55a99: start LeaderState
2019-09-26 15:39:18,221 [bcb704dc-2543-42a4-8762-cde039a55a99@group-23B603725A20-SegmentedRaftLogWorker] INFO  impl.StateMachineUpdater (StateMachineUpdater.java:stopAndJoin(125)) - bcb704dc-2543-42a4-8762-cde039a55a99@group-23B603725A20-StateMachineUpdater: set stopIndex = -1
2019-09-26 15:39:18,962 [bcb704dc-2543-42a4-8762-cde039a55a99@group-23B603725A20-SegmentedRaftLogWorker] INFO  impl.RaftServerImpl (ServerState.java:close(385)) - bcb704dc-2543-42a4-8762-cde039a55a99@group-23B603725A20: closes. applyIndex: -1
2019-09-26 15:39:18,221 [bcb704dc-2543-42a4-8762-cde039a55a99@group-1807F0C4354B:LeaderElection215] INFO  segmented.SegmentedRaftLogWorker (SegmentedRaftLogWorker.java:startLogSegment(380)) - bcb704dc-2543-42a4-8762-cde039a55a99@group-1807F0C4354B-SegmentedRaftLogWorker: Starting segment from index:0
2019-09-26 15:39:18,221 [bcb704dc-2543-42a4-8762-cde039a55a99@group-C76860977E5E:LeaderElection246] INFO  server.RaftServerConfigKeys (ConfUtils.java:logGet(43)) - raft.server.write.element-limit = 4096 (default)
2019-09-26 15:39:18,221 [bcb704dc-2543-42a4-8762-cde039a55a99@group-7CACD3A2D96D:LeaderElection234] INFO  impl.RoleInfo (RoleInfo.java:updateAndGet(143)) - bcb704dc-2543-42a4-8762-cde039a55a99: start LeaderState
2019-09-26 15:39:18,221 [bcb704dc-2543-42a4-8762-cde039a55a99@group-91004EC9A14A:LeaderElection247] INFO  server.RaftServerConfigKeys (ConfUtils.java:logGet(43)) - raft.server.write.element-limit = 4096 (default)
2019-09-26 15:39:18,221 [bcb704dc-2543-42a4-8762-cde039a55a99@group-164137F43D5F:LeaderElection236] INFO  impl.RoleInfo (RoleInfo.java:updateAndGet(143)) - bcb704dc-2543-42a4-8762-cde039a55a99: start LeaderState
2019-09-26 15:39:18,221 [bcb704dc-2543-42a4-8762-cde039a55a99@group-19297E754D09:LeaderElection214] INFO  segmented.SegmentedRaftLogWorker (SegmentedRaftLogWorker.java:startLogSegment(380)) - bcb704dc-2543-42a4-8762-cde039a55a99@group-19297E754D09-SegmentedRaftLogWorker: Starting segment from index:0
2019-09-26 15:39:18,220 [bcb704dc-2543-42a4-8762-cde039a55a99@group-BA70793E3DE7:LeaderElection249] INFO  server.RaftServerConfigKeys (ConfUtils.java:logGet(43)) - raft.server.write.element-limit = 4096 (default)
2019-09-26 15:39:18,220 [bcb704dc-2543-42a4-8762-cde039a55a99@group-E216D9E11CC2:LeaderElection245] INFO  server.RaftServerConfigKeys (ConfUtils.java:logGet(43)) - raft.server.write.element-limit = 4096 (default)
2019-09-26 15:39:18,220 [bcb704dc-2543-42a4-8762-cde039a55a99@group-375D6A16F6EF:LeaderElection248] INFO  server.RaftServerConfigKeys (ConfUtils.java:logGet(43)) - raft.server.watch.timeout = 10s (default)
2019-09-26 15:39:18,220 [bcb704dc-2543-42a4-8762-cde039a55a99@group-20AC887259AF:LeaderElection253] INFO  server.RaftServerConfigKeys (ConfUtils.java:logGet(43)) - raft.server.write.element-limit = 4096 (default)
2019-09-26 15:39:18,220 [bcb704dc-2543-42a4-8762-cde039a55a99@group-860F4724CA86:LeaderElection254] INFO  server.RaftServerConfigKeys (ConfUtils.java:logGet(43)) - raft.server.write.element-limit = 4096 (default)
2019-09-26 15:39:19,571 [bcb704dc-2543-42a4-8762-cde039a55a99@group-860F4724CA86:LeaderElection254] INFO  server.RaftServerConfigKeys (ConfUtils.java:logGet(43)) - raft.server.watch.timeout = 10s (default)
2019-09-26 15:39:18,220 [bcb704dc-2543-42a4-8762-cde039a55a99@group-48CD8DAE77F3:LeaderElection257] INFO  server.RaftServerConfigKeys (ConfUtils.java:logGet(43)) - raft.server.watch.timeout.denomination = 1s (default)
2019-09-26 15:39:19,572 [bcb704dc-2543-42a4-8762-cde039a55a99@group-48CD8DAE77F3:LeaderElection257] INFO  server.RaftServerConfigKeys (ConfUtils.java:logGet(43)) - raft.server.watch.element-limit = 65536 (default)
2019-09-26 15:39:18,219 [bcb704dc-2543-42a4-8762-cde039a55a99@group-5371FDF97722:LeaderElection259] INFO  server.RaftServerConfigKeys (ConfUtils.java:logGet(43)) - raft.server.watch.timeout.denomination = 1s (default)
2019-09-26 15:39:18,219 [bcb704dc-2543-42a4-8762-cde039a55a99@group-B76F64AA196D:LeaderElection258] INFO  server.RaftServerConfigKeys (ConfUtils.java:logGet(43)) - raft.server.rpc.sleep.time = 25ms (default)
2019-09-26 15:39:18,219 [bcb704dc-2543-42a4-8762-cde039a55a99@group-71464DC03AA1:LeaderElection256] INFO  server.RaftServerConfigKeys (ConfUtils.java:logGet(43)) - raft.server.watch.timeout = 10s (default)
2019-09-26 15:39:19,572 [bcb704dc-2543-42a4-8762-cde039a55a99@group-71464DC03AA1:LeaderElection256] INFO  server.RaftServerConfigKeys (ConfUtils.java:logGet(43)) - raft.server.watch.timeout.denomination = 1s (default)
2019-09-26 15:39:18,219 [bcb704dc-2543-42a4-8762-cde039a55a99@group-757F8E04E3F8:LeaderElection255] INFO  server.RaftServerConfigKeys (ConfUtils.java:logGet(43)) - raft.server.watch.timeout = 10s (default)
2019-09-26 15:39:19,573 [bcb704dc-2543-42a4-8762-cde039a55a99@group-757F8E04E3F8:LeaderElection255] INFO  server.RaftServerConfigKeys (ConfUtils.java:logGet(43)) - raft.server.watch.timeout.denomination = 1s (default)
2019-09-26 15:39:19,573 [bcb704dc-2543-42a4-8762-cde039a55a99@group-48CD8DAE77F3:LeaderElection257] INFO  impl.RoleInfo (RoleInfo.java:updateAndGet(143)) - bcb704dc-2543-42a4-8762-cde039a55a99: start LeaderState
2019-09-26 15:39:18,219 [bcb704dc-2543-42a4-8762-cde039a55a99@group-2FC65A88D4B5:LeaderElection223] INFO  server.RaftServerConfigKeys (ConfUtils.java:logGet(43)) - raft.server.watch.timeout = 10s (default)
2019-09-26 15:39:19,573 [bcb704dc-2543-42a4-8762-cde039a55a99@group-2FC65A88D4B5:LeaderElection223] INFO  server.RaftServerConfigKeys (ConfUtils.java:logGet(43)) - raft.server.watch.timeout.denomination = 1s (default)
2019-09-26 15:39:18,218 [bcb704dc-2543-42a4-8762-cde039a55a99@group-99D974920299:LeaderElection235] INFO  server.RaftServerConfigKeys (ConfUtils.java:logGet(43)) - raft.server.watch.element-limit = 65536 (default)
2019-09-26 15:39:18,218 [bcb704dc-2543-42a4-8762-cde039a55a99@group-D4B90A3E8012:LeaderElection241] INFO  segmented.SegmentedRaftLogWorker (SegmentedRaftLogWorker.java:startLogSegment(380)) - bcb704dc-2543-42a4-8762-cde039a55a99@group-D4B90A3E8012-SegmentedRaftLogWorker: Starting segment from index:0
2019-09-26 15:39:18,218 [bcb704dc-2543-42a4-8762-cde039a55a99@group-BB495E0FFD8F:LeaderElection252] INFO  server.RaftServerConfigKeys (ConfUtils.java:logGet(43)) - raft.server.write.element-limit = 4096 (default)
2019-09-26 15:39:19,574 [bcb704dc-2543-42a4-8762-cde039a55a99@group-BB495E0FFD8F:LeaderElection252] INFO  server.RaftServerConfigKeys (ConfUtils.java:logGet(43)) - raft.server.watch.timeout = 10s (default)
2019-09-26 15:39:18,218 [bcb704dc-2543-42a4-8762-cde039a55a99@group-5350FED428AE:LeaderElection251] INFO  server.RaftServerConfigKeys (ConfUtils.java:logGet(43)) - raft.server.watch.timeout = 10s (default)
2019-09-26 15:39:18,217 [bcb704dc-2543-42a4-8762-cde039a55a99@group-2057EA9C4538:LeaderElection222] INFO  server.RaftServerConfigKeys (ConfUtils.java:logGet(43)) - raft.server.watch.timeout = 10s (default)
2019-09-26 15:39:18,217 [bcb704dc-2543-42a4-8762-cde039a55a99@group-3CAB2E070FFD:LeaderElection233] INFO  server.RaftServerConfigKeys (ConfUtils.java:logGet(43)) - raft.server.watch.timeout.denomination = 1s (default)
2019-09-26 15:39:18,216 [bcb704dc-2543-42a4-8762-cde039a55a99@group-723464252EB8:LeaderElection250] INFO  server.RaftServerConfigKeys (ConfUtils.java:logGet(43)) - raft.server.watch.element-limit = 65536 (default)
2019-09-26 15:39:18,216 [bcb704dc-2543-42a4-8762-cde039a55a99@group-C4D905E4103A:LeaderElection244] INFO  server.RaftServerConfigKeys (ConfUtils.java:logGet(43)) - raft.server.watch.timeout = 10s (default)
2019-09-26 15:39:18,216 [bcb704dc-2543-42a4-8762-cde039a55a99@group-B25BEBFA3DA3:LeaderElection240] INFO  server.RaftServerConfigKeys (ConfUtils.java:logGet(43)) - raft.server.watch.timeout = 10s (default)
2019-09-26 15:39:18,215 [bcb704dc-2543-42a4-8762-cde039a55a99@group-FFC8645E5ADC:LeaderElection243] INFO  server.RaftServerConfigKeys (ConfUtils.java:logGet(43)) - raft.server.watch.timeout.denomination = 1s (default)
2019-09-26 15:39:18,215 [bcb704dc-2543-42a4-8762-cde039a55a99@group-81908E8BCAAC:LeaderElection221] INFO  server.RaftServerConfigKeys (ConfUtils.java:logGet(43)) - raft.server.rpc.sleep.time = 25ms (default)
2019-09-26 15:39:19,899 [bcb704dc-2543-42a4-8762-cde039a55a99@group-FFC8645E5ADC:LeaderElection243] INFO  server.RaftServerConfigKeys (ConfUtils.java:logGet(43)) - raft.server.watch.element-limit = 65536 (default)
2019-09-26 15:39:19,899 [bcb704dc-2543-42a4-8762-cde039a55a99@group-B25BEBFA3DA3:LeaderElection240] INFO  server.RaftServerConfigKeys (ConfUtils.java:logGet(43)) - raft.server.watch.timeout.denomination = 1s (default)
2019-09-26 15:39:19,898 [bcb704dc-2543-42a4-8762-cde039a55a99@group-C4D905E4103A:LeaderElection244] INFO  server.RaftServerConfigKeys (ConfUtils.java:logGet(43)) - raft.server.watch.timeout.denomination = 1s (default)
2019-09-26 15:39:19,898 [bcb704dc-2543-42a4-8762-cde039a55a99@group-99D974920299:LeaderElection235] INFO  impl.RoleInfo (RoleInfo.java:updateAndGet(143)) - bcb704dc-2543-42a4-8762-cde039a55a99: start LeaderState
2019-09-26 15:39:19,574 [bcb704dc-2543-42a4-8762-cde039a55a99@group-3CAB2E070FFD:LeaderElection233] INFO  server.RaftServerConfigKeys (ConfUtils.java:logGet(43)) - raft.server.watch.element-limit = 65536 (default)
2019-09-26 15:39:19,574 [bcb704dc-2543-42a4-8762-cde039a55a99@group-2057EA9C4538:LeaderElection222] INFO  server.RaftServerConfigKeys (ConfUtils.java:logGet(43)) - raft.server.watch.timeout.denomination = 1s (default)
2019-09-26 15:39:19,900 [bcb704dc-2543-42a4-8762-cde039a55a99@group-2057EA9C4538:LeaderElection222] INFO  server.RaftServerConfigKeys (ConfUtils.java:logGet(43)) - raft.server.watch.element-limit = 65536 (default)
2019-09-26 15:39:19,574 [bcb704dc-2543-42a4-8762-cde039a55a99@group-D4B90A3E8012:LeaderElection241] INFO  impl.RaftServerImpl (ServerState.java:setRaftConf(354)) - bcb704dc-2543-42a4-8762-cde039a55a99@group-D4B90A3E8012: set configuration 0: [bcb704dc-2543-42a4-8762-cde039a55a99:192.168.151.99:43663], old=null at 0
2019-09-26 15:39:19,574 [bcb704dc-2543-42a4-8762-cde039a55a99@group-5350FED428AE:LeaderElection251] INFO  server.RaftServerConfigKeys (ConfUtils.java:logGet(43)) - raft.server.watch.timeout.denomination = 1s (default)
2019-09-26 15:39:19,900 [bcb704dc-2543-42a4-8762-cde039a55a99@group-5350FED428AE:LeaderElection251] INFO  server.RaftServerConfigKeys (ConfUtils.java:logGet(43)) - raft.server.watch.element-limit = 65536 (default)
2019-09-26 15:39:19,574 [bcb704dc-2543-42a4-8762-cde039a55a99@group-BB495E0FFD8F:LeaderElection252] INFO  server.RaftServerConfigKeys (ConfUtils.java:logGet(43)) - raft.server.watch.timeout.denomination = 1s (default)
2019-09-26 15:39:19,573 [bcb704dc-2543-42a4-8762-cde039a55a99@group-2FC65A88D4B5:LeaderElection223] INFO  server.RaftServerConfigKeys (ConfUtils.java:logGet(43)) - raft.server.watch.element-limit = 65536 (default)
2019-09-26 15:39:19,573 [bcb704dc-2543-42a4-8762-cde039a55a99@group-48CD8DAE77F3:LeaderElection257] INFO  segmented.SegmentedRaftLogWorker (SegmentedRaftLogWorker.java:startLogSegment(380)) - bcb704dc-2543-42a4-8762-cde039a55a99@group-48CD8DAE77F3-SegmentedRaftLogWorker: Starting segment from index:0
2019-09-26 15:39:19,573 [bcb704dc-2543-42a4-8762-cde039a55a99@group-757F8E04E3F8:LeaderElection255] INFO  server.RaftServerConfigKeys (ConfUtils.java:logGet(43)) - raft.server.watch.element-limit = 65536 (default)
2019-09-26 15:39:19,573 [bcb704dc-2543-42a4-8762-cde039a55a99@group-71464DC03AA1:LeaderElection256] INFO  server.RaftServerConfigKeys (ConfUtils.java:logGet(43)) - raft.server.watch.element-limit = 65536 (default)
2019-09-26 15:39:19,572 [bcb704dc-2543-42a4-8762-cde039a55a99@group-B76F64AA196D:LeaderElection258] INFO  server.RaftServerConfigKeys (ConfUtils.java:logGet(43)) - raft.server.write.element-limit = 4096 (default)
2019-09-26 15:39:19,572 [bcb704dc-2543-42a4-8762-cde039a55a99@group-5371FDF97722:LeaderElection259] INFO  server.RaftServerConfigKeys (ConfUtils.java:logGet(43)) - raft.server.watch.element-limit = 65536 (default)
2019-09-26 15:39:19,572 [bcb704dc-2543-42a4-8762-cde039a55a99@group-860F4724CA86:LeaderElection254] INFO  server.RaftServerConfigKeys (ConfUtils.java:logGet(43)) - raft.server.watch.timeout.denomination = 1s (default)
2019-09-26 15:39:19,571 [bcb704dc-2543-42a4-8762-cde039a55a99@group-20AC887259AF:LeaderElection253] INFO  server.RaftServerConfigKeys (ConfUtils.java:logGet(43)) - raft.server.watch.timeout = 10s (default)
2019-09-26 15:39:19,571 [bcb704dc-2543-42a4-8762-cde039a55a99@group-375D6A16F6EF:LeaderElection248] INFO  server.RaftServerConfigKeys (ConfUtils.java:logGet(43)) - raft.server.watch.timeout.denomination = 1s (default)
2019-09-26 15:39:19,570 [bcb704dc-2543-42a4-8762-cde039a55a99@group-884AB6599596-SegmentedRaftLogWorker] ERROR segmented.SegmentedRaftLogWorker (SegmentedRaftLogWorker.java:run(323)) - bcb704dc-2543-42a4-8762-cde039a55a99@group-884AB6599596-SegmentedRaftLogWorker hit exception
java.lang.OutOfMemoryError: Direct buffer memory
	at java.nio.Bits.reserveMemory(Bits.java:666)
	at java.nio.DirectByteBuffer.<init>(DirectByteBuffer.java:123)
	at java.nio.ByteBuffer.allocateDirect(ByteBuffer.java:311)
	at org.apache.ratis.server.raftlog.segmented.BufferedWriteChannel.<init>(BufferedWriteChannel.java:41)
	at org.apache.ratis.server.raftlog.segmented.SegmentedRaftLogOutputStream.<init>(SegmentedRaftLogOutputStream.java:72)
	at org.apache.ratis.server.raftlog.segmented.SegmentedRaftLogWorker$StartLogSegment.execute(SegmentedRaftLogWorker.java:566)
	at org.apache.ratis.server.raftlog.segmented.SegmentedRaftLogWorker.run(SegmentedRaftLogWorker.java:289)
	at java.lang.Thread.run(Thread.java:748)
2019-09-26 15:39:20,188 [bcb704dc-2543-42a4-8762-cde039a55a99@group-884AB6599596-SegmentedRaftLogWorker] INFO  impl.RaftServerImpl (RaftServerImpl.java:lambda$shutdown$3(251)) - bcb704dc-2543-42a4-8762-cde039a55a99@group-884AB6599596: shutdown
2019-09-26 15:39:19,570 [bcb704dc-2543-42a4-8762-cde039a55a99@group-2D09A842301B-SegmentedRaftLogWorker] ERROR segmented.SegmentedRaftLogWorker (SegmentedRaftLogWorker.java:run(323)) - bcb704dc-2543-42a4-8762-cde039a55a99@group-2D09A842301B-SegmentedRaftLogWorker hit exception
java.lang.OutOfMemoryError: Direct buffer memory
	at java.nio.Bits.reserveMemory(Bits.java:666)
	at java.nio.DirectByteBuffer.<init>(DirectByteBuffer.java:123)
	at java.nio.ByteBuffer.allocateDirect(ByteBuffer.java:311)
	at org.apache.ratis.server.raftlog.segmented.BufferedWriteChannel.<init>(BufferedWriteChannel.java:41)
	at org.apache.ratis.server.raftlog.segmented.SegmentedRaftLogOutputStream.<init>(SegmentedRaftLogOutputStream.java:72)
	at org.apache.ratis.server.raftlog.segmented.SegmentedRaftLogWorker$StartLogSegment.execute(SegmentedRaftLogWorker.java:566)
	at org.apache.ratis.server.raftlog.segmented.SegmentedRaftLogWorker.run(SegmentedRaftLogWorker.java:289)
	at java.lang.Thread.run(Thread.java:748)
2019-09-26 15:39:20,188 [bcb704dc-2543-42a4-8762-cde039a55a99@group-2D09A842301B-SegmentedRaftLogWorker] INFO  impl.RaftServerImpl (RaftServerImpl.java:lambda$shutdown$3(251)) - bcb704dc-2543-42a4-8762-cde039a55a99@group-2D09A842301B: shutdown
2019-09-26 15:39:19,319 [bcb704dc-2543-42a4-8762-cde039a55a99@group-E216D9E11CC2:LeaderElection245] INFO  server.RaftServerConfigKeys (ConfUtils.java:logGet(43)) - raft.server.watch.timeout = 10s (default)
2019-09-26 15:39:19,319 [bcb704dc-2543-42a4-8762-cde039a55a99@group-19297E754D09:LeaderElection214] INFO  impl.RaftServerImpl (ServerState.java:setRaftConf(354)) - bcb704dc-2543-42a4-8762-cde039a55a99@group-19297E754D09: set configuration 0: [bcb704dc-2543-42a4-8762-cde039a55a99:192.168.151.99:43663], old=null at 0
2019-09-26 15:39:19,319 [bcb704dc-2543-42a4-8762-cde039a55a99@group-BA70793E3DE7:LeaderElection249] INFO  server.RaftServerConfigKeys (ConfUtils.java:logGet(43)) - raft.server.watch.timeout = 10s (default)
2019-09-26 15:39:19,318 [bcb704dc-2543-42a4-8762-cde039a55a99@group-164137F43D5F:LeaderElection236] INFO  segmented.SegmentedRaftLogWorker (SegmentedRaftLogWorker.java:startLogSegment(380)) - bcb704dc-2543-42a4-8762-cde039a55a99@group-164137F43D5F-SegmentedRaftLogWorker: Starting segment from index:0
2019-09-26 15:39:19,317 [bcb704dc-2543-42a4-8762-cde039a55a99@group-91004EC9A14A:LeaderElection247] INFO  server.RaftServerConfigKeys (ConfUtils.java:logGet(43)) - raft.server.watch.timeout = 10s (default)
2019-09-26 15:39:19,306 [bcb704dc-2543-42a4-8762-cde039a55a99@group-0A32BFDC6864-SegmentedRaftLogWorker] ERROR segmented.SegmentedRaftLogWorker (SegmentedRaftLogWorker.java:run(323)) - bcb704dc-2543-42a4-8762-cde039a55a99@group-0A32BFDC6864-SegmentedRaftLogWorker hit exception
java.lang.OutOfMemoryError: Direct buffer memory
	at java.nio.Bits.reserveMemory(Bits.java:666)
	at java.nio.DirectByteBuffer.<init>(DirectByteBuffer.java:123)
	at java.nio.ByteBuffer.allocateDirect(ByteBuffer.java:311)
	at org.apache.ratis.server.raftlog.segmented.BufferedWriteChannel.<init>(BufferedWriteChannel.java:41)
	at org.apache.ratis.server.raftlog.segmented.SegmentedRaftLogOutputStream.<init>(SegmentedRaftLogOutputStream.java:72)
	at org.apache.ratis.server.raftlog.segmented.SegmentedRaftLogWorker$StartLogSegment.execute(SegmentedRaftLogWorker.java:566)
	at org.apache.ratis.server.raftlog.segmented.SegmentedRaftLogWorker.run(SegmentedRaftLogWorker.java:289)
	at java.lang.Thread.run(Thread.java:748)
2019-09-26 15:39:20,190 [bcb704dc-2543-42a4-8762-cde039a55a99@group-164137F43D5F:LeaderElection236] INFO  impl.RaftServerImpl (ServerState.java:setRaftConf(354)) - bcb704dc-2543-42a4-8762-cde039a55a99@group-164137F43D5F: set configuration 0: [bcb704dc-2543-42a4-8762-cde039a55a99:192.168.151.99:43663], old=null at 0
2019-09-26 15:39:18,963 [bcb704dc-2543-42a4-8762-cde039a55a99@group-7CACD3A2D96D:LeaderElection234] INFO  segmented.SegmentedRaftLogWorker (SegmentedRaftLogWorker.java:startLogSegment(380)) - bcb704dc-2543-42a4-8762-cde039a55a99@group-7CACD3A2D96D-SegmentedRaftLogWorker: Starting segment from index:0
2019-09-26 15:39:18,963 [bcb704dc-2543-42a4-8762-cde039a55a99@group-1807F0C4354B:LeaderElection215] INFO  impl.RaftServerImpl (ServerState.java:setRaftConf(354)) - bcb704dc-2543-42a4-8762-cde039a55a99@group-1807F0C4354B: set configuration 0: [bcb704dc-2543-42a4-8762-cde039a55a99:192.168.151.99:43663], old=null at 0
2019-09-26 15:39:18,963 [bcb704dc-2543-42a4-8762-cde039a55a99@group-C76860977E5E:LeaderElection246] INFO  server.RaftServerConfigKeys (ConfUtils.java:logGet(43)) - raft.server.watch.timeout = 10s (default)
2019-09-26 15:39:18,962 [bcb704dc-2543-42a4-8762-cde039a55a99@group-23B603725A20-SegmentedRaftLogWorker] INFO  segmented.SegmentedRaftLogWorker (SegmentedRaftLogWorker.java:close(228)) - bcb704dc-2543-42a4-8762-cde039a55a99@group-23B603725A20-SegmentedRaftLogWorker close()
2019-09-26 15:39:18,962 [bcb704dc-2543-42a4-8762-cde039a55a99@group-18DFCDEF3120:LeaderElection237] INFO  segmented.SegmentedRaftLogWorker (SegmentedRaftLogWorker.java:startLogSegment(380)) - bcb704dc-2543-42a4-8762-cde039a55a99@group-18DFCDEF3120-SegmentedRaftLogWorker: Starting segment from index:0
2019-09-26 15:39:18,962 [bcb704dc-2543-42a4-8762-cde039a55a99@group-4B85105F5536:LeaderElection220] INFO  server.RaftServerConfigKeys (ConfUtils.java:logGet(43)) - raft.server.watch.element-limit = 65536 (default)
2019-09-26 15:39:18,961 [bcb704dc-2543-42a4-8762-cde039a55a99@group-B2A28DABB48B:LeaderElection219] INFO  server.RaftServerConfigKeys (ConfUtils.java:logGet(43)) - raft.server.watch.element-limit = 65536 (default)
2019-09-26 15:39:18,961 [bcb704dc-2543-42a4-8762-cde039a55a99@group-64EA007B3927-SegmentedRaftLogWorker] INFO  segmented.SegmentedRaftLogWorker (SegmentedRaftLogWorker.java:close(228)) - bcb704dc-2543-42a4-8762-cde039a55a99@group-64EA007B3927-SegmentedRaftLogWorker close()
2019-09-26 15:39:18,961 [bcb704dc-2543-42a4-8762-cde039a55a99@group-1EDFAD8639C2:LeaderElection238] INFO  server.RaftServerConfigKeys (ConfUtils.java:logGet(43)) - raft.server.watch.timeout.denomination = 1s (default)
2019-09-26 15:39:18,961 [bcb704dc-2543-42a4-8762-cde039a55a99@group-F96E5E74ED10:LeaderElection263] INFO  server.RaftServerConfigKeys (ConfUtils.java:logGet(43)) - raft.server.watch.timeout = 10s (default)
2019-09-26 15:39:18,960 [bcb704dc-2543-42a4-8762-cde039a55a99@group-708F9F8A739D:LeaderElection264] INFO  server.RaftServerConfigKeys (ConfUtils.java:logGet(43)) - raft.server.watch.timeout = 10s (default)
2019-09-26 15:39:18,960 [bcb704dc-2543-42a4-8762-cde039a55a99@group-768FFE8D3C99:LeaderElection239] INFO  server.RaftServerConfigKeys (ConfUtils.java:logGet(43)) - raft.server.write.element-limit = 4096 (default)
2019-09-26 15:39:18,960 [bcb704dc-2543-42a4-8762-cde039a55a99@group-B99515D878E9:LeaderElection242] INFO  server.RaftServerConfigKeys (ConfUtils.java:logGet(43)) - raft.server.watch.timeout = 10s (default)
2019-09-26 15:39:18,960 [pool-123-thread-1] INFO  server.RaftServerConfigKeys (ConfUtils.java:logGet(43)) - raft.server.log.segment.size.max = 1048576 (custom)
2019-09-26 15:39:18,960 [bcb704dc-2543-42a4-8762-cde039a55a99@group-B04EACC30477-SegmentedRaftLogWorker] INFO  impl.StateMachineUpdater (StateMachineUpdater.java:stopAndJoin(125)) - bcb704dc-2543-42a4-8762-cde039a55a99@group-B04EACC30477-StateMachineUpdater: set stopIndex = -1
2019-09-26 15:39:21,108 [bcb704dc-2543-42a4-8762-cde039a55a99@group-B04EACC30477-SegmentedRaftLogWorker] INFO  impl.RaftServerImpl (ServerState.java:close(385)) - bcb704dc-2543-42a4-8762-cde039a55a99@group-B04EACC30477: closes. applyIndex: -1
2019-09-26 15:39:18,960 [bcb704dc-2543-42a4-8762-cde039a55a99@group-11C7A05DD744-SegmentedRaftLogWorker] INFO  segmented.SegmentedRaftLogWorker (SegmentedRaftLogWorker.java:close(228)) - bcb704dc-2543-42a4-8762-cde039a55a99@group-11C7A05DD744-SegmentedRaftLogWorker close()
2019-09-26 15:39:21,108 [bcb704dc-2543-42a4-8762-cde039a55a99@group-B04EACC30477-SegmentedRaftLogWorker] INFO  segmented.SegmentedRaftLogWorker (SegmentedRaftLogWorker.java:close(228)) - bcb704dc-2543-42a4-8762-cde039a55a99@group-B04EACC30477-SegmentedRaftLogWorker close()
2019-09-26 15:39:18,959 [bcb704dc-2543-42a4-8762-cde039a55a99@group-82088539EA4F-SegmentedRaftLogWorker] INFO  segmented.SegmentedRaftLogWorker (SegmentedRaftLogWorker.java:close(228)) - bcb704dc-2543-42a4-8762-cde039a55a99@group-82088539EA4F-SegmentedRaftLogWorker close()
2019-09-26 15:39:18,959 [bcb704dc-2543-42a4-8762-cde039a55a99@group-E9033DA04B7D-SegmentedRaftLogWorker] INFO  impl.RoleInfo (RoleInfo.java:shutdownLeaderState(104)) - bcb704dc-2543-42a4-8762-cde039a55a99: shutdown LeaderState
2019-09-26 15:39:18,959 [bcb704dc-2543-42a4-8762-cde039a55a99@group-ADDB6DC4F628:LeaderElection266] INFO  server.RaftServerConfigKeys (ConfUtils.java:logGet(43)) - raft.server.staging.catchup.gap = 1000 (default)
2019-09-26 15:39:21,109 [bcb704dc-2543-42a4-8762-cde039a55a99@group-ADDB6DC4F628:LeaderElection266] INFO  server.RaftServerConfigKeys (ConfUtils.java:logGet(43)) - raft.server.rpc.sleep.time = 25ms (default)
2019-09-26 15:39:18,958 [bcb704dc-2543-42a4-8762-cde039a55a99@group-353F2047EF06-SegmentedRaftLogWorker] INFO  impl.RaftServerImpl (RaftServerImpl.java:lambda$shutdown$3(251)) - bcb704dc-2543-42a4-8762-cde039a55a99@group-353F2047EF06: shutdown
2019-09-26 15:39:18,958 [bcb704dc-2543-42a4-8762-cde039a55a99@group-42C57E31B95C:LeaderElection226] INFO  impl.RoleInfo (RoleInfo.java:updateAndGet(143)) - bcb704dc-2543-42a4-8762-cde039a55a99: start LeaderState
2019-09-26 15:39:18,958 [bcb704dc-2543-42a4-8762-cde039a55a99@group-4786CBF0DBEA-SegmentedRaftLogWorker] INFO  impl.RaftServerImpl (RaftServerImpl.java:lambda$shutdown$3(251)) - bcb704dc-2543-42a4-8762-cde039a55a99@group-4786CBF0DBEA: shutdown
2019-09-26 15:39:18,958 [bcb704dc-2543-42a4-8762-cde039a55a99@group-19733DFA91CE-SegmentedRaftLogWorker] INFO  util.JmxRegister (JmxRegister.java:unregister(73)) - Successfully un-registered JMX Bean with object name Ratis:service=RaftServer,group=group-19733DFA91CE,id=bcb704dc-2543-42a4-8762-cde039a55a99
2019-09-26 15:39:18,958 [bcb704dc-2543-42a4-8762-cde039a55a99@group-69BB3C0B63D8:LeaderElection231] INFO  impl.RoleInfo (RoleInfo.java:updateAndGet(143)) - bcb704dc-2543-42a4-8762-cde039a55a99: start LeaderState
2019-09-26 15:39:18,957 [bcb704dc-2543-42a4-8762-cde039a55a99@group-8C4E846757B0-SegmentedRaftLogWorker] INFO  util.JmxRegister (JmxRegister.java:unregister(73)) - Successfully un-registered JMX Bean with object name Ratis:service=RaftServer,group=group-8C4E846757B0,id=bcb704dc-2543-42a4-8762-cde039a55a99
2019-09-26 15:39:21,110 [bcb704dc-2543-42a4-8762-cde039a55a99@group-8C4E846757B0-SegmentedRaftLogWorker] INFO  impl.RoleInfo (RoleInfo.java:shutdownLeaderState(104)) - bcb704dc-2543-42a4-8762-cde039a55a99: shutdown LeaderState
2019-09-26 15:39:18,582 [bcb704dc-2543-42a4-8762-cde039a55a99@group-6D85AD78C566:LeaderElection217] INFO  impl.RaftServerImpl (ServerState.java:setRaftConf(354)) - bcb704dc-2543-42a4-8762-cde039a55a99@group-6D85AD78C566: set configuration 0: [bcb704dc-2543-42a4-8762-cde039a55a99:192.168.151.99:43663], old=null at 0
2019-09-26 15:39:18,582 [bcb704dc-2543-42a4-8762-cde039a55a99@group-4D04F2324D2E:LeaderElection227] INFO  impl.RoleInfo (RoleInfo.java:updateAndGet(143)) - bcb704dc-2543-42a4-8762-cde039a55a99: start LeaderState
2019-09-26 15:39:18,582 [bcb704dc-2543-42a4-8762-cde039a55a99@group-04D57B5B7528:LeaderElection267] INFO  impl.RaftServerImpl (ServerState.java:setLeader(253)) - bcb704dc-2543-42a4-8762-cde039a55a99@group-04D57B5B7528: change Leader from null to bcb704dc-2543-42a4-8762-cde039a55a99 at term 1 for becomeLeader, leader elected after 18237ms
2019-09-26 15:39:18,581 [bcb704dc-2543-42a4-8762-cde039a55a99@group-6B7863180474-SegmentedRaftLogWorker] INFO  impl.PendingRequests (PendingRequests.java:sendNotLeaderResponses(202)) - bcb704dc-2543-42a4-8762-cde039a55a99-PendingRequests: sendNotLeaderResponses
2019-09-26 15:39:18,581 [bcb704dc-2543-42a4-8762-cde039a55a99@group-0C31D75A80BF-SegmentedRaftLogWorker] INFO  segmented.SegmentedRaftLogWorker (SegmentedRaftLogWorker.java:close(228)) - bcb704dc-2543-42a4-8762-cde039a55a99@group-0C31D75A80BF-SegmentedRaftLogWorker close()
2019-09-26 15:39:18,581 [bcb704dc-2543-42a4-8762-cde039a55a99@group-071C3AE303E0:LeaderElection224] INFO  server.RaftServerConfigKeys (ConfUtils.java:logGet(43)) - raft.server.watch.element-limit = 65536 (default)
2019-09-26 15:39:18,581 [bcb704dc-2543-42a4-8762-cde039a55a99@group-C84E1EDDFBB1-SegmentedRaftLogWorker] INFO  impl.RaftServerImpl (ServerState.java:close(385)) - bcb704dc-2543-42a4-8762-cde039a55a99@group-C84E1EDDFBB1: closes. applyIndex: -1
2019-09-26 15:39:18,580 [bcb704dc-2543-42a4-8762-cde039a55a99@group-05AF4C6C8552:LeaderElection260] INFO  server.RaftServerConfigKeys (ConfUtils.java:logGet(43)) - raft.server.watch.element-limit = 65536 (default)
2019-09-26 15:39:18,580 [bcb704dc-2543-42a4-8762-cde039a55a99@group-42E764F99F92:LeaderElection225] INFO  server.RaftServerConfigKeys (ConfUtils.java:logGet(43)) - raft.server.watch.timeout.denomination = 1s (default)
2019-09-26 15:39:18,580 [bcb704dc-2543-42a4-8762-cde039a55a99@group-8891CF406B17:LeaderElection228] INFO  server.RaftServerConfigKeys (ConfUtils.java:logGet(43)) - raft.server.watch.element-limit = 65536 (default)
2019-09-26 15:39:18,580 [bcb704dc-2543-42a4-8762-cde039a55a99@group-9CAC7CB13E97:LeaderElection216] INFO  segmented.SegmentedRaftLogWorker (SegmentedRaftLogWorker.java:startLogSegment(380)) - bcb704dc-2543-42a4-8762-cde039a55a99@group-9CAC7CB13E97-SegmentedRaftLogWorker: Starting segment from index:0
2019-09-26 15:39:18,579 [bcb704dc-2543-42a4-8762-cde039a55a99@group-4B788DE994AB:LeaderElection229] INFO  server.RaftServerConfigKeys (ConfUtils.java:logGet(43)) - raft.server.watch.element-limit = 65536 (default)
2019-09-26 15:39:18,579 [bcb704dc-2543-42a4-8762-cde039a55a99@group-CD5767121D26:LeaderElection230] INFO  server.RaftServerConfigKeys (ConfUtils.java:logGet(43)) - raft.server.watch.element-limit = 65536 (default)
2019-09-26 15:39:21,112 [bcb704dc-2543-42a4-8762-cde039a55a99@group-9CAC7CB13E97:LeaderElection216] INFO  impl.RaftServerImpl (ServerState.java:setRaftConf(354)) - bcb704dc-2543-42a4-8762-cde039a55a99@group-9CAC7CB13E97: set configuration 0: [bcb704dc-2543-42a4-8762-cde039a55a99:192.168.151.99:43663], old=null at 0
2019-09-26 15:39:18,579 [bcb704dc-2543-42a4-8762-cde039a55a99@group-617888AA4A51:LeaderElection232] INFO  server.RaftServerConfigKeys (ConfUtils.java:logGet(43)) - raft.server.watch.element-limit = 65536 (default)
2019-09-26 15:39:18,578 [bcb704dc-2543-42a4-8762-cde039a55a99@group-FB26FC18925F:LeaderElection265] INFO  server.RaftServerConfigKeys (ConfUtils.java:logGet(43)) - raft.server.write.element-limit = 4096 (default)
2019-09-26 15:39:18,578 [bcb704dc-2543-42a4-8762-cde039a55a99@group-BBF433C8F92D-SegmentedRaftLogWorker] INFO  impl.StateMachineUpdater (StateMachineUpdater.java:stopAndJoin(125)) - bcb704dc-2543-42a4-8762-cde039a55a99@group-BBF433C8F92D-StateMachineUpdater: set stopIndex = -1
2019-09-26 15:39:21,456 [bcb704dc-2543-42a4-8762-cde039a55a99@group-BBF433C8F92D-SegmentedRaftLogWorker] INFO  impl.RaftServerImpl (ServerState.java:close(385)) - bcb704dc-2543-42a4-8762-cde039a55a99@group-BBF433C8F92D: closes. applyIndex: -1
2019-09-26 15:39:18,578 [bcb704dc-2543-42a4-8762-cde039a55a99@group-E184EC457834-SegmentedRaftLogWorker] INFO  segmented.SegmentedRaftLogWorker (SegmentedRaftLogWorker.java:close(228)) - bcb704dc-2543-42a4-8762-cde039a55a99@group-E184EC457834-SegmentedRaftLogWorker close()
2019-09-26 15:39:18,577 [bcb704dc-2543-42a4-8762-cde039a55a99@group-F6F6A7BDA922-SegmentedRaftLogWorker] INFO  impl.StateMachineUpdater (StateMachineUpdater.java:stopAndJoin(125)) - bcb704dc-2543-42a4-8762-cde039a55a99@group-F6F6A7BDA922-StateMachineUpdater: set stopIndex = -1
2019-09-26 15:39:18,577 [bcb704dc-2543-42a4-8762-cde039a55a99@group-4E34C6955B17-SegmentedRaftLogWorker] INFO  segmented.SegmentedRaftLogWorker (SegmentedRaftLogWorker.java:close(228)) - bcb704dc-2543-42a4-8762-cde039a55a99@group-4E34C6955B17-SegmentedRaftLogWorker close()
2019-09-26 15:39:18,577 [bcb704dc-2543-42a4-8762-cde039a55a99@group-312551D5FA7C-SegmentedRaftLogWorker] INFO  impl.PendingRequests (PendingRequests.java:sendNotLeaderResponses(202)) - bcb704dc-2543-42a4-8762-cde039a55a99-PendingRequests: sendNotLeaderResponses
2019-09-26 15:39:18,577 [bcb704dc-2543-42a4-8762-cde039a55a99@group-008535A2A097-SegmentedRaftLogWorker] INFO  segmented.SegmentedRaftLogWorker (SegmentedRaftLogWorker.java:close(228)) - bcb704dc-2543-42a4-8762-cde039a55a99@group-008535A2A097-SegmentedRaftLogWorker close()
2019-09-26 15:39:18,576 [bcb704dc-2543-42a4-8762-cde039a55a99@group-D95087EDE7EE:LeaderElection261] INFO  server.RaftServerConfigKeys (ConfUtils.java:logGet(43)) - raft.server.rpc.sleep.time = 25ms (default)
2019-09-26 15:39:18,576 [bcb704dc-2543-42a4-8762-cde039a55a99@group-E156FE0624FA:LeaderElection262] INFO  server.RaftServerConfigKeys (ConfUtils.java:logGet(43)) - raft.server.rpc.sleep.time = 25ms (default)
2019-09-26 15:39:18,576 [bcb704dc-2543-42a4-8762-cde039a55a99@group-A778D7837BC2-SegmentedRaftLogWorker] INFO  segmented.SegmentedRaftLogWorker (SegmentedRaftLogWorker.java:close(228)) - bcb704dc-2543-42a4-8762-cde039a55a99@group-A778D7837BC2-SegmentedRaftLogWorker close()
2019-09-26 15:39:18,576 [bcb704dc-2543-42a4-8762-cde039a55a99@group-A0C5D2D9FA46-SegmentedRaftLogWorker] INFO  impl.StateMachineUpdater (StateMachineUpdater.java:stopAndJoin(125)) - bcb704dc-2543-42a4-8762-cde039a55a99@group-A0C5D2D9FA46-StateMachineUpdater: set stopIndex = -1
2019-09-26 15:39:21,458 [bcb704dc-2543-42a4-8762-cde039a55a99@group-E156FE0624FA:LeaderElection262] INFO  server.RaftServerConfigKeys (ConfUtils.java:logGet(43)) - raft.server.write.element-limit = 4096 (default)
2019-09-26 15:39:21,458 [bcb704dc-2543-42a4-8762-cde039a55a99@group-D95087EDE7EE:LeaderElection261] INFO  server.RaftServerConfigKeys (ConfUtils.java:logGet(43)) - raft.server.write.element-limit = 4096 (default)
2019-09-26 15:39:21,457 [bcb704dc-2543-42a4-8762-cde039a55a99@group-312551D5FA7C-SegmentedRaftLogWorker] INFO  impl.StateMachineUpdater (StateMachineUpdater.java:stopAndJoin(125)) - bcb704dc-2543-42a4-8762-cde039a55a99@group-312551D5FA7C-StateMachineUpdater: set stopIndex = -1
2019-09-26 15:39:21,459 [bcb704dc-2543-42a4-8762-cde039a55a99@group-312551D5FA7C-SegmentedRaftLogWorker] INFO  impl.RaftServerImpl (ServerState.java:close(385)) - bcb704dc-2543-42a4-8762-cde039a55a99@group-312551D5FA7C: closes. applyIndex: -1
2019-09-26 15:39:21,457 [bcb704dc-2543-42a4-8762-cde039a55a99@group-F6F6A7BDA922-SegmentedRaftLogWorker] INFO  impl.RaftServerImpl (ServerState.java:close(385)) - bcb704dc-2543-42a4-8762-cde039a55a99@group-F6F6A7BDA922: closes. applyIndex: -1
2019-09-26 15:39:21,457 [bcb704dc-2543-42a4-8762-cde039a55a99@group-BBF433C8F92D-SegmentedRaftLogWorker] INFO  segmented.SegmentedRaftLogWorker (SegmentedRaftLogWorker.java:close(228)) - bcb704dc-2543-42a4-8762-cde039a55a99@group-BBF433C8F92D-SegmentedRaftLogWorker close()
2019-09-26 15:39:21,456 [bcb704dc-2543-42a4-8762-cde039a55a99@group-FB26FC18925F:LeaderElection265] INFO  server.RaftServerConfigKeys (ConfUtils.java:logGet(43)) - raft.server.watch.timeout = 10s (default)
2019-09-26 15:39:21,444 [bcb704dc-2543-42a4-8762-cde039a55a99@group-19297E754D09-SegmentedRaftLogWorker] ERROR segmented.SegmentedRaftLogWorker (SegmentedRaftLogWorker.java:run(323)) - bcb704dc-2543-42a4-8762-cde039a55a99@group-19297E754D09-SegmentedRaftLogWorker hit exception
java.lang.OutOfMemoryError: Direct buffer memory
	at java.nio.Bits.reserveMemory(Bits.java:666)
	at java.nio.DirectByteBuffer.<init>(DirectByteBuffer.java:123)
	at java.nio.ByteBuffer.allocateDirect(ByteBuffer.java:311)
	at org.apache.ratis.server.raftlog.segmented.BufferedWriteChannel.<init>(BufferedWriteChannel.java:41)
	at org.apache.ratis.server.raftlog.segmented.SegmentedRaftLogOutputStream.<init>(SegmentedRaftLogOutputStream.java:72)
	at org.apache.ratis.server.raftlog.segmented.SegmentedRaftLogWorker$StartLogSegment.execute(SegmentedRaftLogWorker.java:566)
	at org.apache.ratis.server.raftlog.segmented.SegmentedRaftLogWorker.run(SegmentedRaftLogWorker.java:289)
	at java.lang.Thread.run(Thread.java:748)
2019-09-26 15:39:21,444 [bcb704dc-2543-42a4-8762-cde039a55a99@group-D4B90A3E8012-SegmentedRaftLogWorker] ERROR segmented.SegmentedRaftLogWorker (SegmentedRaftLogWorker.java:run(323)) - bcb704dc-2543-42a4-8762-cde039a55a99@group-D4B90A3E8012-SegmentedRaftLogWorker hit exception
java.lang.OutOfMemoryError: Direct buffer memory
	at java.nio.Bits.reserveMemory(Bits.java:666)
	at java.nio.DirectByteBuffer.<init>(DirectByteBuffer.java:123)
	at java.nio.ByteBuffer.allocateDirect(ByteBuffer.java:311)
	at org.apache.ratis.server.raftlog.segmented.BufferedWriteChannel.<init>(BufferedWriteChannel.java:41)
	at org.apache.ratis.server.raftlog.segmented.SegmentedRaftLogOutputStream.<init>(SegmentedRaftLogOutputStream.java:72)
	at org.apache.ratis.server.raftlog.segmented.SegmentedRaftLogWorker$StartLogSegment.execute(SegmentedRaftLogWorker.java:566)
	at org.apache.ratis.server.raftlog.segmented.SegmentedRaftLogWorker.run(SegmentedRaftLogWorker.java:289)
	at java.lang.Thread.run(Thread.java:748)
2019-09-26 15:39:21,460 [bcb704dc-2543-42a4-8762-cde039a55a99@group-D4B90A3E8012-SegmentedRaftLogWorker] INFO  impl.RaftServerImpl (RaftServerImpl.java:lambda$shutdown$3(251)) - bcb704dc-2543-42a4-8762-cde039a55a99@group-D4B90A3E8012: shutdown
2019-09-26 15:39:21,111 [bcb704dc-2543-42a4-8762-cde039a55a99@group-42E764F99F92:LeaderElection225] INFO  server.RaftServerConfigKeys (ConfUtils.java:logGet(43)) - raft.server.watch.element-limit = 65536 (default)
2019-09-26 15:39:21,111 [bcb704dc-2543-42a4-8762-cde039a55a99@group-C84E1EDDFBB1-SegmentedRaftLogWorker] INFO  segmented.SegmentedRaftLogWorker (SegmentedRaftLogWorker.java:close(228)) - bcb704dc-2543-42a4-8762-cde039a55a99@group-C84E1EDDFBB1-SegmentedRaftLogWorker close()
2019-09-26 15:39:21,110 [bcb704dc-2543-42a4-8762-cde039a55a99@group-6B7863180474-SegmentedRaftLogWorker] INFO  impl.StateMachineUpdater (StateMachineUpdater.java:stopAndJoin(125)) - bcb704dc-2543-42a4-8762-cde039a55a99@group-6B7863180474-StateMachineUpdater: set stopIndex = -1
2019-09-26 15:39:21,110 [bcb704dc-2543-42a4-8762-cde039a55a99@group-04D57B5B7528:LeaderElection267] INFO  server.RaftServerConfigKeys (ConfUtils.java:logGet(43)) - raft.server.staging.catchup.gap = 1000 (default)
2019-09-26 15:39:21,110 [bcb704dc-2543-42a4-8762-cde039a55a99@group-4D04F2324D2E:LeaderElection227] INFO  segmented.SegmentedRaftLogWorker (SegmentedRaftLogWorker.java:startLogSegment(380)) - bcb704dc-2543-42a4-8762-cde039a55a99@group-4D04F2324D2E-SegmentedRaftLogWorker: Starting segment from index:0
2019-09-26 15:39:21,110 [bcb704dc-2543-42a4-8762-cde039a55a99@group-4786CBF0DBEA-SegmentedRaftLogWorker] INFO  util.JmxRegister (JmxRegister.java:unregister(73)) - Successfully un-registered JMX Bean with object name Ratis:service=RaftServer,group=group-4786CBF0DBEA,id=bcb704dc-2543-42a4-8762-cde039a55a99
2019-09-26 15:39:21,461 [bcb704dc-2543-42a4-8762-cde039a55a99@group-4786CBF0DBEA-SegmentedRaftLogWorker] INFO  impl.RoleInfo (RoleInfo.java:shutdownLeaderState(104)) - bcb704dc-2543-42a4-8762-cde039a55a99: shutdown LeaderState
2019-09-26 15:39:21,110 [bcb704dc-2543-42a4-8762-cde039a55a99@group-8C4E846757B0-SegmentedRaftLogWorker] INFO  impl.PendingRequests (PendingRequests.java:sendNotLeaderResponses(202)) - bcb704dc-2543-42a4-8762-cde039a55a99-PendingRequests: sendNotLeaderResponses
2019-09-26 15:39:21,110 [bcb704dc-2543-42a4-8762-cde039a55a99@group-353F2047EF06-SegmentedRaftLogWorker] INFO  util.JmxRegister (JmxRegister.java:unregister(73)) - Successfully un-registered JMX Bean with object name Ratis:service=RaftServer,group=group-353F2047EF06,id=bcb704dc-2543-42a4-8762-cde039a55a99
2019-09-26 15:39:21,465 [bcb704dc-2543-42a4-8762-cde039a55a99@group-4D04F2324D2E:LeaderElection227] INFO  impl.RaftServerImpl (ServerState.java:setRaftConf(354)) - bcb704dc-2543-42a4-8762-cde039a55a99@group-4D04F2324D2E: set configuration 0: [bcb704dc-2543-42a4-8762-cde039a55a99:192.168.151.99:43663], old=null at 0
2019-09-26 15:39:21,110 [bcb704dc-2543-42a4-8762-cde039a55a99@group-69BB3C0B63D8:LeaderElection231] INFO  segmented.SegmentedRaftLogWorker (SegmentedRaftLogWorker.java:startLogSegment(380)) - bcb704dc-2543-42a4-8762-cde039a55a99@group-69BB3C0B63D8-SegmentedRaftLogWorker: Starting segment from index:0
2019-09-26 15:39:21,109 [bcb704dc-2543-42a4-8762-cde039a55a99@group-19733DFA91CE-SegmentedRaftLogWorker] INFO  impl.RoleInfo (RoleInfo.java:shutdownLeaderState(104)) - bcb704dc-2543-42a4-8762-cde039a55a99: shutdown LeaderState
2019-09-26 15:39:21,109 [bcb704dc-2543-42a4-8762-cde039a55a99@group-42C57E31B95C:LeaderElection226] INFO  segmented.SegmentedRaftLogWorker (SegmentedRaftLogWorker.java:startLogSegment(380)) - bcb704dc-2543-42a4-8762-cde039a55a99@group-42C57E31B95C-SegmentedRaftLogWorker: Starting segment from index:0
2019-09-26 15:39:21,109 [bcb704dc-2543-42a4-8762-cde039a55a99@group-ADDB6DC4F628:LeaderElection266] INFO  server.RaftServerConfigKeys (ConfUtils.java:logGet(43)) - raft.server.write.element-limit = 4096 (default)
2019-09-26 15:39:21,109 [bcb704dc-2543-42a4-8762-cde039a55a99@group-E9033DA04B7D-SegmentedRaftLogWorker] INFO  impl.PendingRequests (PendingRequests.java:sendNotLeaderResponses(202)) - bcb704dc-2543-42a4-8762-cde039a55a99-PendingRequests: sendNotLeaderResponses
2019-09-26 15:39:21,108 [pool-123-thread-1] INFO  server.RaftServerConfigKeys (ConfUtils.java:logGet(43)) - raft.server.log.preallocated.size = 16384 (custom)
2019-09-26 15:39:21,107 [bcb704dc-2543-42a4-8762-cde039a55a99@group-B99515D878E9:LeaderElection242] INFO  server.RaftServerConfigKeys (ConfUtils.java:logGet(43)) - raft.server.watch.timeout.denomination = 1s (default)
2019-09-26 15:39:21,107 [bcb704dc-2543-42a4-8762-cde039a55a99@group-768FFE8D3C99:LeaderElection239] INFO  server.RaftServerConfigKeys (ConfUtils.java:logGet(43)) - raft.server.watch.timeout = 10s (default)
2019-09-26 15:39:21,107 [bcb704dc-2543-42a4-8762-cde039a55a99@group-708F9F8A739D:LeaderElection264] INFO  server.RaftServerConfigKeys (ConfUtils.java:logGet(43)) - raft.server.watch.timeout.denomination = 1s (default)
2019-09-26 15:39:21,107 [bcb704dc-2543-42a4-8762-cde039a55a99@group-F96E5E74ED10:LeaderElection263] INFO  server.RaftServerConfigKeys (ConfUtils.java:logGet(43)) - raft.server.watch.timeout.denomination = 1s (default)
2019-09-26 15:39:21,107 [bcb704dc-2543-42a4-8762-cde039a55a99@group-1EDFAD8639C2:LeaderElection238] INFO  server.RaftServerConfigKeys (ConfUtils.java:logGet(43)) - raft.server.watch.element-limit = 65536 (default)
2019-09-26 15:39:21,106 [bcb704dc-2543-42a4-8762-cde039a55a99@group-FFC8645E5ADC:LeaderElection243] INFO  impl.RoleInfo (RoleInfo.java:updateAndGet(143)) - bcb704dc-2543-42a4-8762-cde039a55a99: start LeaderState
2019-09-26 15:39:21,097 [bcb704dc-2543-42a4-8762-cde039a55a99@group-1807F0C4354B-SegmentedRaftLogWorker] ERROR segmented.SegmentedRaftLogWorker (SegmentedRaftLogWorker.java:run(323)) - bcb704dc-2543-42a4-8762-cde039a55a99@group-1807F0C4354B-SegmentedRaftLogWorker hit exception
java.lang.OutOfMemoryError: Direct buffer memory
	at java.nio.Bits.reserveMemory(Bits.java:666)
	at java.nio.DirectByteBuffer.<init>(DirectByteBuffer.java:123)
	at java.nio.ByteBuffer.allocateDirect(ByteBuffer.java:311)
	at org.apache.ratis.server.raftlog.segmented.BufferedWriteChannel.<init>(BufferedWriteChannel.java:41)
	at org.apache.ratis.server.raftlog.segmented.SegmentedRaftLogOutputStream.<init>(SegmentedRaftLogOutputStream.java:72)
	at org.apache.ratis.server.raftlog.segmented.SegmentedRaftLogWorker$StartLogSegment.execute(SegmentedRaftLogWorker.java:566)
	at org.apache.ratis.server.raftlog.segmented.SegmentedRaftLogWorker.run(SegmentedRaftLogWorker.java:289)
	at java.lang.Thread.run(Thread.java:748)
2019-09-26 15:39:22,379 [bcb704dc-2543-42a4-8762-cde039a55a99@group-1807F0C4354B-SegmentedRaftLogWorker] INFO  impl.RaftServerImpl (RaftServerImpl.java:lambda$shutdown$3(251)) - bcb704dc-2543-42a4-8762-cde039a55a99@group-1807F0C4354B: shutdown
2019-09-26 15:39:20,780 [bcb704dc-2543-42a4-8762-cde039a55a99@group-18DFCDEF3120:LeaderElection237] INFO  impl.RaftServerImpl (ServerState.java:setRaftConf(354)) - bcb704dc-2543-42a4-8762-cde039a55a99@group-18DFCDEF3120: set configuration 0: [bcb704dc-2543-42a4-8762-cde039a55a99:192.168.151.99:43663], old=null at 0
2019-09-26 15:39:20,779 [bcb704dc-2543-42a4-8762-cde039a55a99@group-C76860977E5E:LeaderElection246] INFO  server.RaftServerConfigKeys (ConfUtils.java:logGet(43)) - raft.server.watch.timeout.denomination = 1s (default)
2019-09-26 15:39:20,509 [bcb704dc-2543-42a4-8762-cde039a55a99@group-7CACD3A2D96D:LeaderElection234] INFO  impl.RaftServerImpl (ServerState.java:setRaftConf(354)) - bcb704dc-2543-42a4-8762-cde039a55a99@group-7CACD3A2D96D: set configuration 0: [bcb704dc-2543-42a4-8762-cde039a55a99:192.168.151.99:43663], old=null at 0
2019-09-26 15:39:20,493 [bcb704dc-2543-42a4-8762-cde039a55a99@group-6D85AD78C566-SegmentedRaftLogWorker] ERROR segmented.SegmentedRaftLogWorker (SegmentedRaftLogWorker.java:run(323)) - bcb704dc-2543-42a4-8762-cde039a55a99@group-6D85AD78C566-SegmentedRaftLogWorker hit exception
java.lang.OutOfMemoryError: Direct buffer memory
	at java.nio.Bits.reserveMemory(Bits.java:666)
	at java.nio.DirectByteBuffer.<init>(DirectByteBuffer.java:123)
	at java.nio.ByteBuffer.allocateDirect(ByteBuffer.java:311)
	at org.apache.ratis.server.raftlog.segmented.BufferedWriteChannel.<init>(BufferedWriteChannel.java:41)
	at org.apache.ratis.server.raftlog.segmented.SegmentedRaftLogOutputStream.<init>(SegmentedRaftLogOutputStream.java:72)
	at org.apache.ratis.server.raftlog.segmented.SegmentedRaftLogWorker$StartLogSegment.execute(SegmentedRaftLogWorker.java:566)
	at org.apache.ratis.server.raftlog.segmented.SegmentedRaftLogWorker.run(SegmentedRaftLogWorker.java:289)
	at java.lang.Thread.run(Thread.java:748)
2019-09-26 15:39:22,380 [bcb704dc-2543-42a4-8762-cde039a55a99@group-6D85AD78C566-SegmentedRaftLogWorker] INFO  impl.RaftServerImpl (RaftServerImpl.java:lambda$shutdown$3(251)) - bcb704dc-2543-42a4-8762-cde039a55a99@group-6D85AD78C566: shutdown
2019-09-26 15:39:20,190 [bcb704dc-2543-42a4-8762-cde039a55a99@group-0A32BFDC6864-SegmentedRaftLogWorker] INFO  impl.RaftServerImpl (RaftServerImpl.java:lambda$shutdown$3(251)) - bcb704dc-2543-42a4-8762-cde039a55a99@group-0A32BFDC6864: shutdown
2019-09-26 15:39:20,189 [bcb704dc-2543-42a4-8762-cde039a55a99@group-91004EC9A14A:LeaderElection247] INFO  server.RaftServerConfigKeys (ConfUtils.java:logGet(43)) - raft.server.watch.timeout.denomination = 1s (default)
2019-09-26 15:39:20,189 [bcb704dc-2543-42a4-8762-cde039a55a99@group-2D09A842301B-SegmentedRaftLogWorker] INFO  util.JmxRegister (JmxRegister.java:unregister(73)) - Successfully un-registered JMX Bean with object name Ratis:service=RaftServer,group=group-2D09A842301B,id=bcb704dc-2543-42a4-8762-cde039a55a99
2019-09-26 15:39:20,189 [bcb704dc-2543-42a4-8762-cde039a55a99@group-BA70793E3DE7:LeaderElection249] INFO  server.RaftServerConfigKeys (ConfUtils.java:logGet(43)) - raft.server.watch.timeout.denomination = 1s (default)
2019-09-26 15:39:20,189 [bcb704dc-2543-42a4-8762-cde039a55a99@group-E216D9E11CC2:LeaderElection245] INFO  server.RaftServerConfigKeys (ConfUtils.java:logGet(43)) - raft.server.watch.timeout.denomination = 1s (default)
2019-09-26 15:39:22,381 [bcb704dc-2543-42a4-8762-cde039a55a99@group-E216D9E11CC2:LeaderElection245] INFO  server.RaftServerConfigKeys (ConfUtils.java:logGet(43)) - raft.server.watch.element-limit = 65536 (default)
2019-09-26 15:39:20,189 [bcb704dc-2543-42a4-8762-cde039a55a99@group-884AB6599596-SegmentedRaftLogWorker] INFO  util.JmxRegister (JmxRegister.java:unregister(73)) - Successfully un-registered JMX Bean with object name Ratis:service=RaftServer,group=group-884AB6599596,id=bcb704dc-2543-42a4-8762-cde039a55a99
2019-09-26 15:39:22,381 [bcb704dc-2543-42a4-8762-cde039a55a99@group-884AB6599596-SegmentedRaftLogWorker] INFO  impl.RoleInfo (RoleInfo.java:shutdownLeaderState(104)) - bcb704dc-2543-42a4-8762-cde039a55a99: shutdown LeaderState
2019-09-26 15:39:20,188 [bcb704dc-2543-42a4-8762-cde039a55a99@group-375D6A16F6EF:LeaderElection248] INFO  server.RaftServerConfigKeys (ConfUtils.java:logGet(43)) - raft.server.watch.element-limit = 65536 (default)
2019-09-26 15:39:22,381 [bcb704dc-2543-42a4-8762-cde039a55a99@group-6D85AD78C566-SegmentedRaftLogWorker] INFO  util.JmxRegister (JmxRegister.java:unregister(73)) - Successfully un-registered JMX Bean with object name Ratis:service=RaftServer,group=group-6D85AD78C566,id=bcb704dc-2543-42a4-8762-cde039a55a99
2019-09-26 15:39:20,188 [bcb704dc-2543-42a4-8762-cde039a55a99@group-20AC887259AF:LeaderElection253] INFO  server.RaftServerConfigKeys (ConfUtils.java:logGet(43)) - raft.server.watch.timeout.denomination = 1s (default)
2019-09-26 15:39:22,382 [bcb704dc-2543-42a4-8762-cde039a55a99@group-20AC887259AF:LeaderElection253] INFO  server.RaftServerConfigKeys (ConfUtils.java:logGet(43)) - raft.server.watch.element-limit = 65536 (default)
2019-09-26 15:39:20,187 [bcb704dc-2543-42a4-8762-cde039a55a99@group-860F4724CA86:LeaderElection254] INFO  server.RaftServerConfigKeys (ConfUtils.java:logGet(43)) - raft.server.watch.element-limit = 65536 (default)
2019-09-26 15:39:20,177 [bcb704dc-2543-42a4-8762-cde039a55a99@group-0DF8239C052C-SegmentedRaftLogWorker] ERROR segmented.SegmentedRaftLogWorker (SegmentedRaftLogWorker.java:run(323)) - bcb704dc-2543-42a4-8762-cde039a55a99@group-0DF8239C052C-SegmentedRaftLogWorker hit exception
java.lang.OutOfMemoryError: Direct buffer memory
	at java.nio.Bits.reserveMemory(Bits.java:666)
	at java.nio.DirectByteBuffer.<init>(DirectByteBuffer.java:123)
	at java.nio.ByteBuffer.allocateDirect(ByteBuffer.java:311)
	at org.apache.ratis.server.raftlog.segmented.BufferedWriteChannel.<init>(BufferedWriteChannel.java:41)
	at org.apache.ratis.server.raftlog.segmented.SegmentedRaftLogOutputStream.<init>(SegmentedRaftLogOutputStream.java:72)
	at org.apache.ratis.server.raftlog.segmented.SegmentedRaftLogWorker$StartLogSegment.execute(SegmentedRaftLogWorker.java:566)
	at org.apache.ratis.server.raftlog.segmented.SegmentedRaftLogWorker.run(SegmentedRaftLogWorker.java:289)
	at java.lang.Thread.run(Thread.java:748)
2019-09-26 15:39:19,901 [bcb704dc-2543-42a4-8762-cde039a55a99@group-B76F64AA196D:LeaderElection258] INFO  server.RaftServerConfigKeys (ConfUtils.java:logGet(43)) - raft.server.watch.timeout = 10s (default)
2019-09-26 15:39:19,901 [bcb704dc-2543-42a4-8762-cde039a55a99@group-48CD8DAE77F3:LeaderElection257] INFO  impl.RaftServerImpl (ServerState.java:setRaftConf(354)) - bcb704dc-2543-42a4-8762-cde039a55a99@group-48CD8DAE77F3: set configuration 0: [bcb704dc-2543-42a4-8762-cde039a55a99:192.168.151.99:43663], old=null at 0
2019-09-26 15:39:19,900 [bcb704dc-2543-42a4-8762-cde039a55a99@group-BB495E0FFD8F:LeaderElection252] INFO  server.RaftServerConfigKeys (ConfUtils.java:logGet(43)) - raft.server.watch.element-limit = 65536 (default)
2019-09-26 15:39:19,900 [bcb704dc-2543-42a4-8762-cde039a55a99@group-99D974920299:LeaderElection235] INFO  segmented.SegmentedRaftLogWorker (SegmentedRaftLogWorker.java:startLogSegment(380)) - bcb704dc-2543-42a4-8762-cde039a55a99@group-99D974920299-SegmentedRaftLogWorker: Starting segment from index:0
2019-09-26 15:39:19,899 [bcb704dc-2543-42a4-8762-cde039a55a99@group-C4D905E4103A:LeaderElection244] INFO  server.RaftServerConfigKeys (ConfUtils.java:logGet(43)) - raft.server.watch.element-limit = 65536 (default)
2019-09-26 15:39:19,899 [bcb704dc-2543-42a4-8762-cde039a55a99@group-B25BEBFA3DA3:LeaderElection240] INFO  server.RaftServerConfigKeys (ConfUtils.java:logGet(43)) - raft.server.watch.element-limit = 65536 (default)
2019-09-26 15:39:19,899 [bcb704dc-2543-42a4-8762-cde039a55a99@group-723464252EB8:LeaderElection250] INFO  impl.RoleInfo (RoleInfo.java:updateAndGet(143)) - bcb704dc-2543-42a4-8762-cde039a55a99: start LeaderState
2019-09-26 15:39:19,899 [bcb704dc-2543-42a4-8762-cde039a55a99@group-81908E8BCAAC:LeaderElection221] INFO  server.RaftServerConfigKeys (ConfUtils.java:logGet(43)) - raft.server.write.element-limit = 4096 (default)
2019-09-26 15:39:22,727 [bcb704dc-2543-42a4-8762-cde039a55a99@group-723464252EB8:LeaderElection250] INFO  segmented.SegmentedRaftLogWorker (SegmentedRaftLogWorker.java:startLogSegment(380)) - bcb704dc-2543-42a4-8762-cde039a55a99@group-723464252EB8-SegmentedRaftLogWorker: Starting segment from index:0
2019-09-26 15:39:22,383 [bcb704dc-2543-42a4-8762-cde039a55a99@group-99D974920299:LeaderElection235] INFO  impl.RaftServerImpl (ServerState.java:setRaftConf(354)) - bcb704dc-2543-42a4-8762-cde039a55a99@group-99D974920299: set configuration 0: [bcb704dc-2543-42a4-8762-cde039a55a99:192.168.151.99:43663], old=null at 0
2019-09-26 15:39:22,382 [bcb704dc-2543-42a4-8762-cde039a55a99@group-B76F64AA196D:LeaderElection258] INFO  server.RaftServerConfigKeys (ConfUtils.java:logGet(43)) - raft.server.watch.timeout.denomination = 1s (default)
2019-09-26 15:39:22,728 [bcb704dc-2543-42a4-8762-cde039a55a99@group-723464252EB8:LeaderElection250] INFO  impl.RaftServerImpl (ServerState.java:setRaftConf(354)) - bcb704dc-2543-42a4-8762-cde039a55a99@group-723464252EB8: set configuration 0: [bcb704dc-2543-42a4-8762-cde039a55a99:192.168.151.99:43663], old=null at 0
2019-09-26 15:39:22,382 [bcb704dc-2543-42a4-8762-cde039a55a99@group-5350FED428AE:LeaderElection251] INFO  impl.RoleInfo (RoleInfo.java:updateAndGet(143)) - bcb704dc-2543-42a4-8762-cde039a55a99: start LeaderState
2019-09-26 15:39:22,382 [bcb704dc-2543-42a4-8762-cde039a55a99@group-0DF8239C052C-SegmentedRaftLogWorker] INFO  impl.RaftServerImpl (RaftServerImpl.java:lambda$shutdown$3(251)) - bcb704dc-2543-42a4-8762-cde039a55a99@group-0DF8239C052C: shutdown
2019-09-26 15:39:22,381 [bcb704dc-2543-42a4-8762-cde039a55a99@group-6D85AD78C566-SegmentedRaftLogWorker] INFO  impl.RoleInfo (RoleInfo.java:shutdownLeaderState(104)) - bcb704dc-2543-42a4-8762-cde039a55a99: shutdown LeaderState
2019-09-26 15:39:22,381 [bcb704dc-2543-42a4-8762-cde039a55a99@group-0A32BFDC6864-SegmentedRaftLogWorker] INFO  util.JmxRegister (JmxRegister.java:unregister(73)) - Successfully un-registered JMX Bean with object name Ratis:service=RaftServer,group=group-0A32BFDC6864,id=bcb704dc-2543-42a4-8762-cde039a55a99
2019-09-26 15:39:23,010 [bcb704dc-2543-42a4-8762-cde039a55a99@group-0A32BFDC6864-SegmentedRaftLogWorker] INFO  impl.RoleInfo (RoleInfo.java:shutdownLeaderState(104)) - bcb704dc-2543-42a4-8762-cde039a55a99: shutdown LeaderState
2019-09-26 15:39:23,010 [bcb704dc-2543-42a4-8762-cde039a55a99@group-0A32BFDC6864-SegmentedRaftLogWorker] INFO  impl.PendingRequests (PendingRequests.java:sendNotLeaderResponses(202)) - bcb704dc-2543-42a4-8762-cde039a55a99-PendingRequests: sendNotLeaderResponses
2019-09-26 15:39:22,381 [bcb704dc-2543-42a4-8762-cde039a55a99@group-884AB6599596-SegmentedRaftLogWorker] INFO  impl.PendingRequests (PendingRequests.java:sendNotLeaderResponses(202)) - bcb704dc-2543-42a4-8762-cde039a55a99-PendingRequests: sendNotLeaderResponses
2019-09-26 15:39:23,010 [bcb704dc-2543-42a4-8762-cde039a55a99@group-0A32BFDC6864-SegmentedRaftLogWorker] INFO  impl.StateMachineUpdater (StateMachineUpdater.java:stopAndJoin(125)) - bcb704dc-2543-42a4-8762-cde039a55a99@group-0A32BFDC6864-StateMachineUpdater: set stopIndex = -1
2019-09-26 15:39:22,381 [bcb704dc-2543-42a4-8762-cde039a55a99@group-1807F0C4354B-SegmentedRaftLogWorker] INFO  util.JmxRegister (JmxRegister.java:unregister(73)) - Successfully un-registered JMX Bean with object name Ratis:service=RaftServer,group=group-1807F0C4354B,id=bcb704dc-2543-42a4-8762-cde039a55a99
2019-09-26 15:39:23,011 [bcb704dc-2543-42a4-8762-cde039a55a99@group-1807F0C4354B-SegmentedRaftLogWorker] INFO  impl.RoleInfo (RoleInfo.java:shutdownLeaderState(104)) - bcb704dc-2543-42a4-8762-cde039a55a99: shutdown LeaderState
2019-09-26 15:39:22,381 [bcb704dc-2543-42a4-8762-cde039a55a99@group-BA70793E3DE7:LeaderElection249] INFO  server.RaftServerConfigKeys (ConfUtils.java:logGet(43)) - raft.server.watch.element-limit = 65536 (default)
2019-09-26 15:39:22,380 [bcb704dc-2543-42a4-8762-cde039a55a99@group-2D09A842301B-SegmentedRaftLogWorker] INFO  impl.RoleInfo (RoleInfo.java:shutdownLeaderState(104)) - bcb704dc-2543-42a4-8762-cde039a55a99: shutdown LeaderState
2019-09-26 15:39:23,011 [bcb704dc-2543-42a4-8762-cde039a55a99@group-2FC65A88D4B5:LeaderElection223] INFO  impl.RoleInfo (RoleInfo.java:updateAndGet(143)) - bcb704dc-2543-42a4-8762-cde039a55a99: start LeaderState
2019-09-26 15:39:22,380 [bcb704dc-2543-42a4-8762-cde039a55a99@group-91004EC9A14A:LeaderElection247] INFO  server.RaftServerConfigKeys (ConfUtils.java:logGet(43)) - raft.server.watch.element-limit = 65536 (default)
2019-09-26 15:39:23,012 [bcb704dc-2543-42a4-8762-cde039a55a99@group-2FC65A88D4B5:LeaderElection223] INFO  segmented.SegmentedRaftLogWorker (SegmentedRaftLogWorker.java:startLogSegment(380)) - bcb704dc-2543-42a4-8762-cde039a55a99@group-2FC65A88D4B5-SegmentedRaftLogWorker: Starting segment from index:0
2019-09-26 15:39:22,379 [bcb704dc-2543-42a4-8762-cde039a55a99@group-C76860977E5E:LeaderElection246] INFO  server.RaftServerConfigKeys (ConfUtils.java:logGet(43)) - raft.server.watch.element-limit = 65536 (default)
2019-09-26 15:39:22,379 [bcb704dc-2543-42a4-8762-cde039a55a99@group-FFC8645E5ADC:LeaderElection243] INFO  segmented.SegmentedRaftLogWorker (SegmentedRaftLogWorker.java:startLogSegment(380)) - bcb704dc-2543-42a4-8762-cde039a55a99@group-FFC8645E5ADC-SegmentedRaftLogWorker: Starting segment from index:0
2019-09-26 15:39:22,378 [bcb704dc-2543-42a4-8762-cde039a55a99@group-2057EA9C4538:LeaderElection222] INFO  impl.RoleInfo (RoleInfo.java:updateAndGet(143)) - bcb704dc-2543-42a4-8762-cde039a55a99: start LeaderState
2019-09-26 15:39:22,378 [bcb704dc-2543-42a4-8762-cde039a55a99@group-F96E5E74ED10:LeaderElection263] INFO  server.RaftServerConfigKeys (ConfUtils.java:logGet(43)) - raft.server.watch.element-limit = 65536 (default)
2019-09-26 15:39:22,378 [bcb704dc-2543-42a4-8762-cde039a55a99@group-708F9F8A739D:LeaderElection264] INFO  server.RaftServerConfigKeys (ConfUtils.java:logGet(43)) - raft.server.watch.element-limit = 65536 (default)
2019-09-26 15:39:22,378 [bcb704dc-2543-42a4-8762-cde039a55a99@group-768FFE8D3C99:LeaderElection239] INFO  server.RaftServerConfigKeys (ConfUtils.java:logGet(43)) - raft.server.watch.timeout.denomination = 1s (default)
2019-09-26 15:39:22,377 [bcb704dc-2543-42a4-8762-cde039a55a99@group-B99515D878E9:LeaderElection242] INFO  server.RaftServerConfigKeys (ConfUtils.java:logGet(43)) - raft.server.watch.element-limit = 65536 (default)
2019-09-26 15:39:22,377 [bcb704dc-2543-42a4-8762-cde039a55a99@group-164137F43D5F-SegmentedRaftLogWorker] ERROR segmented.SegmentedRaftLogWorker (SegmentedRaftLogWorker.java:run(323)) - bcb704dc-2543-42a4-8762-cde039a55a99@group-164137F43D5F-SegmentedRaftLogWorker hit exception
java.lang.OutOfMemoryError: Direct buffer memory
	at java.nio.Bits.reserveMemory(Bits.java:666)
	at java.nio.DirectByteBuffer.<init>(DirectByteBuffer.java:123)
	at java.nio.ByteBuffer.allocateDirect(ByteBuffer.java:311)
	at org.apache.ratis.server.raftlog.segmented.BufferedWriteChannel.<init>(BufferedWriteChannel.java:41)
	at org.apache.ratis.server.raftlog.segmented.SegmentedRaftLogOutputStream.<init>(SegmentedRaftLogOutputStream.java:72)
	at org.apache.ratis.server.raftlog.segmented.SegmentedRaftLogWorker$StartLogSegment.execute(SegmentedRaftLogWorker.java:566)
	at org.apache.ratis.server.raftlog.segmented.SegmentedRaftLogWorker.run(SegmentedRaftLogWorker.java:289)
	at java.lang.Thread.run(Thread.java:748)
2019-09-26 15:39:22,377 [pool-123-thread-1] INFO  server.RaftServerConfigKeys (ConfUtils.java:logGet(43)) - raft.server.log.write.buffer.size = 33554432 (custom)
2019-09-26 15:39:22,377 [bcb704dc-2543-42a4-8762-cde039a55a99@group-48CD8DAE77F3-SegmentedRaftLogWorker] ERROR segmented.SegmentedRaftLogWorker (SegmentedRaftLogWorker.java:run(323)) - bcb704dc-2543-42a4-8762-cde039a55a99@group-48CD8DAE77F3-SegmentedRaftLogWorker hit exception
java.lang.OutOfMemoryError: Direct buffer memory
	at java.nio.Bits.reserveMemory(Bits.java:666)
	at java.nio.DirectByteBuffer.<init>(DirectByteBuffer.java:123)
	at java.nio.ByteBuffer.allocateDirect(ByteBuffer.java:311)
	at org.apache.ratis.server.raftlog.segmented.BufferedWriteChannel.<init>(BufferedWriteChannel.java:41)
	at org.apache.ratis.server.raftlog.segmented.SegmentedRaftLogOutputStream.<init>(SegmentedRaftLogOutputStream.java:72)
	at org.apache.ratis.server.raftlog.segmented.SegmentedRaftLogWorker$StartLogSegment.execute(SegmentedRaftLogWorker.java:566)
	at org.apache.ratis.server.raftlog.segmented.SegmentedRaftLogWorker.run(SegmentedRaftLogWorker.java:289)
	at java.lang.Thread.run(Thread.java:748)
2019-09-26 15:39:22,070 [bcb704dc-2543-42a4-8762-cde039a55a99@group-E9033DA04B7D-SegmentedRaftLogWorker] INFO  impl.StateMachineUpdater (StateMachineUpdater.java:stopAndJoin(125)) - bcb704dc-2543-42a4-8762-cde039a55a99@group-E9033DA04B7D-StateMachineUpdater: set stopIndex = -1
2019-09-26 15:39:22,069 [bcb704dc-2543-42a4-8762-cde039a55a99@group-42C57E31B95C:LeaderElection226] INFO  impl.RaftServerImpl (ServerState.java:setRaftConf(354)) - bcb704dc-2543-42a4-8762-cde039a55a99@group-42C57E31B95C: set configuration 0: [bcb704dc-2543-42a4-8762-cde039a55a99:192.168.151.99:43663], old=null at 0
2019-09-26 15:39:22,069 [bcb704dc-2543-42a4-8762-cde039a55a99@group-ADDB6DC4F628:LeaderElection266] INFO  server.RaftServerConfigKeys (ConfUtils.java:logGet(43)) - raft.server.watch.timeout = 10s (default)
2019-09-26 15:39:22,069 [bcb704dc-2543-42a4-8762-cde039a55a99@group-69BB3C0B63D8:LeaderElection231] INFO  impl.RaftServerImpl (ServerState.java:setRaftConf(354)) - bcb704dc-2543-42a4-8762-cde039a55a99@group-69BB3C0B63D8: set configuration 0: [bcb704dc-2543-42a4-8762-cde039a55a99:192.168.151.99:43663], old=null at 0
2019-09-26 15:39:22,069 [bcb704dc-2543-42a4-8762-cde039a55a99@group-19733DFA91CE-SegmentedRaftLogWorker] INFO  impl.PendingRequests (PendingRequests.java:sendNotLeaderResponses(202)) - bcb704dc-2543-42a4-8762-cde039a55a99-PendingRequests: sendNotLeaderResponses
2019-09-26 15:39:21,466 [bcb704dc-2543-42a4-8762-cde039a55a99@group-D4B90A3E8012-SegmentedRaftLogWorker] INFO  util.JmxRegister (JmxRegister.java:unregister(73)) - Successfully un-registered JMX Bean with object name Ratis:service=RaftServer,group=group-D4B90A3E8012,id=bcb704dc-2543-42a4-8762-cde039a55a99
2019-09-26 15:39:23,653 [bcb704dc-2543-42a4-8762-cde039a55a99@group-D4B90A3E8012-SegmentedRaftLogWorker] INFO  impl.RoleInfo (RoleInfo.java:shutdownLeaderState(104)) - bcb704dc-2543-42a4-8762-cde039a55a99: shutdown LeaderState
2019-09-26 15:39:21,466 [bcb704dc-2543-42a4-8762-cde039a55a99@group-3CAB2E070FFD:LeaderElection233] INFO  impl.RoleInfo (RoleInfo.java:updateAndGet(143)) - bcb704dc-2543-42a4-8762-cde039a55a99: start LeaderState
2019-09-26 15:39:21,466 [bcb704dc-2543-42a4-8762-cde039a55a99@group-8C4E846757B0-SegmentedRaftLogWorker] INFO  impl.StateMachineUpdater (StateMachineUpdater.java:stopAndJoin(125)) - bcb704dc-2543-42a4-8762-cde039a55a99@group-8C4E846757B0-StateMachineUpdater: set stopIndex = -1
2019-09-26 15:39:23,653 [bcb704dc-2543-42a4-8762-cde039a55a99@group-8C4E846757B0-SegmentedRaftLogWorker] INFO  impl.RaftServerImpl (ServerState.java:close(385)) - bcb704dc-2543-42a4-8762-cde039a55a99@group-8C4E846757B0: closes. applyIndex: -1
2019-09-26 15:39:21,465 [bcb704dc-2543-42a4-8762-cde039a55a99@group-353F2047EF06-SegmentedRaftLogWorker] INFO  impl.RoleInfo (RoleInfo.java:shutdownLeaderState(104)) - bcb704dc-2543-42a4-8762-cde039a55a99: shutdown LeaderState
2019-09-26 15:39:21,461 [bcb704dc-2543-42a4-8762-cde039a55a99@group-4786CBF0DBEA-SegmentedRaftLogWorker] INFO  impl.PendingRequests (PendingRequests.java:sendNotLeaderResponses(202)) - bcb704dc-2543-42a4-8762-cde039a55a99-PendingRequests: sendNotLeaderResponses
2019-09-26 15:39:21,460 [bcb704dc-2543-42a4-8762-cde039a55a99@group-04D57B5B7528:LeaderElection267] INFO  server.RaftServerConfigKeys (ConfUtils.java:logGet(43)) - raft.server.rpc.sleep.time = 25ms (default)
2019-09-26 15:39:21,460 [bcb704dc-2543-42a4-8762-cde039a55a99@group-6B7863180474-SegmentedRaftLogWorker] INFO  impl.RaftServerImpl (ServerState.java:close(385)) - bcb704dc-2543-42a4-8762-cde039a55a99@group-6B7863180474: closes. applyIndex: -1
2019-09-26 15:39:23,654 [bcb704dc-2543-42a4-8762-cde039a55a99@group-71464DC03AA1:LeaderElection256] INFO  impl.RoleInfo (RoleInfo.java:updateAndGet(143)) - bcb704dc-2543-42a4-8762-cde039a55a99: start LeaderState
2019-09-26 15:39:21,459 [bcb704dc-2543-42a4-8762-cde039a55a99@group-19297E754D09-SegmentedRaftLogWorker] INFO  impl.RaftServerImpl (RaftServerImpl.java:lambda$shutdown$3(251)) - bcb704dc-2543-42a4-8762-cde039a55a99@group-19297E754D09: shutdown
2019-09-26 15:39:21,459 [bcb704dc-2543-42a4-8762-cde039a55a99@group-FB26FC18925F:LeaderElection265] INFO  server.RaftServerConfigKeys (ConfUtils.java:logGet(43)) - raft.server.watch.timeout.denomination = 1s (default)
2019-09-26 15:39:21,459 [bcb704dc-2543-42a4-8762-cde039a55a99@group-F6F6A7BDA922-SegmentedRaftLogWorker] INFO  segmented.SegmentedRaftLogWorker (SegmentedRaftLogWorker.java:close(228)) - bcb704dc-2543-42a4-8762-cde039a55a99@group-F6F6A7BDA922-SegmentedRaftLogWorker close()
2019-09-26 15:39:21,459 [bcb704dc-2543-42a4-8762-cde039a55a99@group-312551D5FA7C-SegmentedRaftLogWorker] INFO  segmented.SegmentedRaftLogWorker (SegmentedRaftLogWorker.java:close(228)) - bcb704dc-2543-42a4-8762-cde039a55a99@group-312551D5FA7C-SegmentedRaftLogWorker close()
2019-09-26 15:39:21,458 [bcb704dc-2543-42a4-8762-cde039a55a99@group-D95087EDE7EE:LeaderElection261] INFO  server.RaftServerConfigKeys (ConfUtils.java:logGet(43)) - raft.server.watch.timeout = 10s (default)
2019-09-26 15:39:21,458 [bcb704dc-2543-42a4-8762-cde039a55a99@group-E156FE0624FA:LeaderElection262] INFO  server.RaftServerConfigKeys (ConfUtils.java:logGet(43)) - raft.server.watch.timeout = 10s (default)
2019-09-26 15:39:21,458 [bcb704dc-2543-42a4-8762-cde039a55a99@group-A0C5D2D9FA46-SegmentedRaftLogWorker] INFO  impl.RaftServerImpl (ServerState.java:close(385)) - bcb704dc-2543-42a4-8762-cde039a55a99@group-A0C5D2D9FA46: closes. applyIndex: -1
2019-09-26 15:39:23,655 [bcb704dc-2543-42a4-8762-cde039a55a99@group-E156FE0624FA:LeaderElection262] INFO  server.RaftServerConfigKeys (ConfUtils.java:logGet(43)) - raft.server.watch.timeout.denomination = 1s (default)
2019-09-26 15:39:23,655 [bcb704dc-2543-42a4-8762-cde039a55a99@group-D95087EDE7EE:LeaderElection261] INFO  server.RaftServerConfigKeys (ConfUtils.java:logGet(43)) - raft.server.watch.timeout.denomination = 1s (default)
2019-09-26 15:39:23,655 [bcb704dc-2543-42a4-8762-cde039a55a99@group-FB26FC18925F:LeaderElection265] INFO  server.RaftServerConfigKeys (ConfUtils.java:logGet(43)) - raft.server.watch.element-limit = 65536 (default)
2019-09-26 15:39:23,655 [bcb704dc-2543-42a4-8762-cde039a55a99@group-71464DC03AA1:LeaderElection256] INFO  segmented.SegmentedRaftLogWorker (SegmentedRaftLogWorker.java:startLogSegment(380)) - bcb704dc-2543-42a4-8762-cde039a55a99@group-71464DC03AA1-SegmentedRaftLogWorker: Starting segment from index:0
2019-09-26 15:39:23,654 [bcb704dc-2543-42a4-8762-cde039a55a99@group-6B7863180474-SegmentedRaftLogWorker] INFO  segmented.SegmentedRaftLogWorker (SegmentedRaftLogWorker.java:close(228)) - bcb704dc-2543-42a4-8762-cde039a55a99@group-6B7863180474-SegmentedRaftLogWorker close()
2019-09-26 15:39:23,654 [bcb704dc-2543-42a4-8762-cde039a55a99@group-04D57B5B7528:LeaderElection267] INFO  server.RaftServerConfigKeys (ConfUtils.java:logGet(43)) - raft.server.write.element-limit = 4096 (default)
2019-09-26 15:39:23,654 [bcb704dc-2543-42a4-8762-cde039a55a99@group-4786CBF0DBEA-SegmentedRaftLogWorker] INFO  impl.StateMachineUpdater (StateMachineUpdater.java:stopAndJoin(125)) - bcb704dc-2543-42a4-8762-cde039a55a99@group-4786CBF0DBEA-StateMachineUpdater: set stopIndex = -1
2019-09-26 15:39:23,654 [bcb704dc-2543-42a4-8762-cde039a55a99@group-353F2047EF06-SegmentedRaftLogWorker] INFO  impl.PendingRequests (PendingRequests.java:sendNotLeaderResponses(202)) - bcb704dc-2543-42a4-8762-cde039a55a99-PendingRequests: sendNotLeaderResponses
2019-09-26 15:39:23,654 [bcb704dc-2543-42a4-8762-cde039a55a99@group-8C4E846757B0-SegmentedRaftLogWorker] INFO  segmented.SegmentedRaftLogWorker (SegmentedRaftLogWorker.java:close(228)) - bcb704dc-2543-42a4-8762-cde039a55a99@group-8C4E846757B0-SegmentedRaftLogWorker close()
2019-09-26 15:39:23,653 [bcb704dc-2543-42a4-8762-cde039a55a99@group-757F8E04E3F8:LeaderElection255] INFO  impl.RoleInfo (RoleInfo.java:updateAndGet(143)) - bcb704dc-2543-42a4-8762-cde039a55a99: start LeaderState
2019-09-26 15:39:23,653 [bcb704dc-2543-42a4-8762-cde039a55a99@group-3CAB2E070FFD:LeaderElection233] INFO  segmented.SegmentedRaftLogWorker (SegmentedRaftLogWorker.java:startLogSegment(380)) - bcb704dc-2543-42a4-8762-cde039a55a99@group-3CAB2E070FFD-SegmentedRaftLogWorker: Starting segment from index:0
2019-09-26 15:39:23,653 [bcb704dc-2543-42a4-8762-cde039a55a99@group-D4B90A3E8012-SegmentedRaftLogWorker] INFO  impl.PendingRequests (PendingRequests.java:sendNotLeaderResponses(202)) - bcb704dc-2543-42a4-8762-cde039a55a99-PendingRequests: sendNotLeaderResponses
2019-09-26 15:39:23,653 [bcb704dc-2543-42a4-8762-cde039a55a99@group-19733DFA91CE-SegmentedRaftLogWorker] INFO  impl.StateMachineUpdater (StateMachineUpdater.java:stopAndJoin(125)) - bcb704dc-2543-42a4-8762-cde039a55a99@group-19733DFA91CE-StateMachineUpdater: set stopIndex = -1
2019-09-26 15:39:23,652 [bcb704dc-2543-42a4-8762-cde039a55a99@group-ADDB6DC4F628:LeaderElection266] INFO  server.RaftServerConfigKeys (ConfUtils.java:logGet(43)) - raft.server.watch.timeout.denomination = 1s (default)
2019-09-26 15:39:23,652 [bcb704dc-2543-42a4-8762-cde039a55a99@group-E9033DA04B7D-SegmentedRaftLogWorker] INFO  impl.RaftServerImpl (ServerState.java:close(385)) - bcb704dc-2543-42a4-8762-cde039a55a99@group-E9033DA04B7D: closes. applyIndex: -1
2019-09-26 15:39:23,652 [bcb704dc-2543-42a4-8762-cde039a55a99@group-48CD8DAE77F3-SegmentedRaftLogWorker] INFO  impl.RaftServerImpl (RaftServerImpl.java:lambda$shutdown$3(251)) - bcb704dc-2543-42a4-8762-cde039a55a99@group-48CD8DAE77F3: shutdown
2019-09-26 15:39:23,652 [pool-123-thread-1] INFO  server.RaftServerConfigKeys (ConfUtils.java:logGet(43)) - raft.server.log.force.sync.num = 128 (default)
2019-09-26 15:39:23,651 [bcb704dc-2543-42a4-8762-cde039a55a99@group-164137F43D5F-SegmentedRaftLogWorker] INFO  impl.RaftServerImpl (RaftServerImpl.java:lambda$shutdown$3(251)) - bcb704dc-2543-42a4-8762-cde039a55a99@group-164137F43D5F: shutdown
2019-09-26 15:39:23,651 [bcb704dc-2543-42a4-8762-cde039a55a99@group-768FFE8D3C99:LeaderElection239] INFO  server.RaftServerConfigKeys (ConfUtils.java:logGet(43)) - raft.server.watch.element-limit = 65536 (default)
2019-09-26 15:39:23,635 [bcb704dc-2543-42a4-8762-cde039a55a99@group-4D04F2324D2E-SegmentedRaftLogWorker] ERROR segmented.SegmentedRaftLogWorker (SegmentedRaftLogWorker.java:run(323)) - bcb704dc-2543-42a4-8762-cde039a55a99@group-4D04F2324D2E-SegmentedRaftLogWorker hit exception
java.lang.OutOfMemoryError: Direct buffer memory
	at java.nio.Bits.reserveMemory(Bits.java:666)
	at java.nio.DirectByteBuffer.<init>(DirectByteBuffer.java:123)
	at java.nio.ByteBuffer.allocateDirect(ByteBuffer.java:311)
	at org.apache.ratis.server.raftlog.segmented.BufferedWriteChannel.<init>(BufferedWriteChannel.java:41)
	at org.apache.ratis.server.raftlog.segmented.SegmentedRaftLogOutputStream.<init>(SegmentedRaftLogOutputStream.java:72)
	at org.apache.ratis.server.raftlog.segmented.SegmentedRaftLogWorker$StartLogSegment.execute(SegmentedRaftLogWorker.java:566)
	at org.apache.ratis.server.raftlog.segmented.SegmentedRaftLogWorker.run(SegmentedRaftLogWorker.java:289)
	at java.lang.Thread.run(Thread.java:748)
2019-09-26 15:39:23,350 [bcb704dc-2543-42a4-8762-cde039a55a99@group-FFC8645E5ADC:LeaderElection243] INFO  impl.RaftServerImpl (ServerState.java:setRaftConf(354)) - bcb704dc-2543-42a4-8762-cde039a55a99@group-FFC8645E5ADC: set configuration 0: [bcb704dc-2543-42a4-8762-cde039a55a99:192.168.151.99:43663], old=null at 0
2019-09-26 15:39:23,338 [bcb704dc-2543-42a4-8762-cde039a55a99@group-9CAC7CB13E97-SegmentedRaftLogWorker] ERROR segmented.SegmentedRaftLogWorker (SegmentedRaftLogWorker.java:run(323)) - bcb704dc-2543-42a4-8762-cde039a55a99@group-9CAC7CB13E97-SegmentedRaftLogWorker hit exception
java.lang.OutOfMemoryError: Direct buffer memory
	at java.nio.Bits.reserveMemory(Bits.java:666)
	at java.nio.DirectByteBuffer.<init>(DirectByteBuffer.java:123)
	at java.nio.ByteBuffer.allocateDirect(ByteBuffer.java:311)
	at org.apache.ratis.server.raftlog.segmented.BufferedWriteChannel.<init>(BufferedWriteChannel.java:41)
	at org.apache.ratis.server.raftlog.segmented.SegmentedRaftLogOutputStream.<init>(SegmentedRaftLogOutputStream.java:72)
	at org.apache.ratis.server.raftlog.segmented.SegmentedRaftLogWorker$StartLogSegment.execute(SegmentedRaftLogWorker.java:566)
	at org.apache.ratis.server.raftlog.segmented.SegmentedRaftLogWorker.run(SegmentedRaftLogWorker.java:289)
	at java.lang.Thread.run(Thread.java:748)
2019-09-26 15:39:23,012 [bcb704dc-2543-42a4-8762-cde039a55a99@group-2FC65A88D4B5:LeaderElection223] INFO  impl.RaftServerImpl (ServerState.java:setRaftConf(354)) - bcb704dc-2543-42a4-8762-cde039a55a99@group-2FC65A88D4B5: set configuration 0: [bcb704dc-2543-42a4-8762-cde039a55a99:192.168.151.99:43663], old=null at 0
2019-09-26 15:39:23,012 [bcb704dc-2543-42a4-8762-cde039a55a99@group-2057EA9C4538:LeaderElection222] INFO  segmented.SegmentedRaftLogWorker (SegmentedRaftLogWorker.java:startLogSegment(380)) - bcb704dc-2543-42a4-8762-cde039a55a99@group-2057EA9C4538-SegmentedRaftLogWorker: Starting segment from index:0
2019-09-26 15:39:23,012 [bcb704dc-2543-42a4-8762-cde039a55a99@group-0DF8239C052C-SegmentedRaftLogWorker] INFO  util.JmxRegister (JmxRegister.java:unregister(73)) - Successfully un-registered JMX Bean with object name Ratis:service=RaftServer,group=group-0DF8239C052C,id=bcb704dc-2543-42a4-8762-cde039a55a99
2019-09-26 15:39:23,011 [bcb704dc-2543-42a4-8762-cde039a55a99@group-2D09A842301B-SegmentedRaftLogWorker] INFO  impl.PendingRequests (PendingRequests.java:sendNotLeaderResponses(202)) - bcb704dc-2543-42a4-8762-cde039a55a99-PendingRequests: sendNotLeaderResponses
2019-09-26 15:39:23,011 [bcb704dc-2543-42a4-8762-cde039a55a99@group-1807F0C4354B-SegmentedRaftLogWorker] INFO  impl.PendingRequests (PendingRequests.java:sendNotLeaderResponses(202)) - bcb704dc-2543-42a4-8762-cde039a55a99-PendingRequests: sendNotLeaderResponses
2019-09-26 15:39:23,011 [bcb704dc-2543-42a4-8762-cde039a55a99@group-0A32BFDC6864-SegmentedRaftLogWorker] INFO  impl.RaftServerImpl (ServerState.java:close(385)) - bcb704dc-2543-42a4-8762-cde039a55a99@group-0A32BFDC6864: closes. applyIndex: -1
2019-09-26 15:39:23,011 [bcb704dc-2543-42a4-8762-cde039a55a99@group-884AB6599596-SegmentedRaftLogWorker] INFO  impl.StateMachineUpdater (StateMachineUpdater.java:stopAndJoin(125)) - bcb704dc-2543-42a4-8762-cde039a55a99@group-884AB6599596-StateMachineUpdater: set stopIndex = -1
2019-09-26 15:39:24,688 [bcb704dc-2543-42a4-8762-cde039a55a99@group-164137F43D5F-SegmentedRaftLogWorker] INFO  util.JmxRegister (JmxRegister.java:unregister(73)) - Successfully un-registered JMX Bean with object name Ratis:service=RaftServer,group=group-164137F43D5F,id=bcb704dc-2543-42a4-8762-cde039a55a99
2019-09-26 15:39:23,010 [bcb704dc-2543-42a4-8762-cde039a55a99@group-6D85AD78C566-SegmentedRaftLogWorker] INFO  impl.PendingRequests (PendingRequests.java:sendNotLeaderResponses(202)) - bcb704dc-2543-42a4-8762-cde039a55a99-PendingRequests: sendNotLeaderResponses
2019-09-26 15:39:23,004 [bcb704dc-2543-42a4-8762-cde039a55a99@group-5350FED428AE:LeaderElection251] INFO  segmented.SegmentedRaftLogWorker (SegmentedRaftLogWorker.java:startLogSegment(380)) - bcb704dc-2543-42a4-8762-cde039a55a99@group-5350FED428AE-SegmentedRaftLogWorker: Starting segment from index:0
2019-09-26 15:39:22,989 [bcb704dc-2543-42a4-8762-cde039a55a99@group-18DFCDEF3120-SegmentedRaftLogWorker] ERROR segmented.SegmentedRaftLogWorker (SegmentedRaftLogWorker.java:run(323)) - bcb704dc-2543-42a4-8762-cde039a55a99@group-18DFCDEF3120-SegmentedRaftLogWorker hit exception
java.lang.OutOfMemoryError: Direct buffer memory
	at java.nio.Bits.reserveMemory(Bits.java:666)
	at java.nio.DirectByteBuffer.<init>(DirectByteBuffer.java:123)
	at java.nio.ByteBuffer.allocateDirect(ByteBuffer.java:311)
	at org.apache.ratis.server.raftlog.segmented.BufferedWriteChannel.<init>(BufferedWriteChannel.java:41)
	at org.apache.ratis.server.raftlog.segmented.SegmentedRaftLogOutputStream.<init>(SegmentedRaftLogOutputStream.java:72)
	at org.apache.ratis.server.raftlog.segmented.SegmentedRaftLogWorker$StartLogSegment.execute(SegmentedRaftLogWorker.java:566)
	at org.apache.ratis.server.raftlog.segmented.SegmentedRaftLogWorker.run(SegmentedRaftLogWorker.java:289)
	at java.lang.Thread.run(Thread.java:748)
2019-09-26 15:39:24,689 [bcb704dc-2543-42a4-8762-cde039a55a99@group-18DFCDEF3120-SegmentedRaftLogWorker] INFO  impl.RaftServerImpl (RaftServerImpl.java:lambda$shutdown$3(251)) - bcb704dc-2543-42a4-8762-cde039a55a99@group-18DFCDEF3120: shutdown
2019-09-26 15:39:22,989 [bcb704dc-2543-42a4-8762-cde039a55a99@group-7CACD3A2D96D-SegmentedRaftLogWorker] ERROR segmented.SegmentedRaftLogWorker (SegmentedRaftLogWorker.java:run(323)) - bcb704dc-2543-42a4-8762-cde039a55a99@group-7CACD3A2D96D-SegmentedRaftLogWorker hit exception
java.lang.OutOfMemoryError: Direct buffer memory
	at java.nio.Bits.reserveMemory(Bits.java:666)
	at java.nio.DirectByteBuffer.<init>(DirectByteBuffer.java:123)
	at java.nio.ByteBuffer.allocateDirect(ByteBuffer.java:311)
	at org.apache.ratis.server.raftlog.segmented.BufferedWriteChannel.<init>(BufferedWriteChannel.java:41)
	at org.apache.ratis.server.raftlog.segmented.SegmentedRaftLogOutputStream.<init>(SegmentedRaftLogOutputStream.java:72)
	at org.apache.ratis.server.raftlog.segmented.SegmentedRaftLogWorker$StartLogSegment.execute(SegmentedRaftLogWorker.java:566)
	at org.apache.ratis.server.raftlog.segmented.SegmentedRaftLogWorker.run(SegmentedRaftLogWorker.java:289)
	at java.lang.Thread.run(Thread.java:748)
2019-09-26 15:39:22,728 [bcb704dc-2543-42a4-8762-cde039a55a99@group-B76F64AA196D:LeaderElection258] INFO  server.RaftServerConfigKeys (ConfUtils.java:logGet(43)) - raft.server.watch.element-limit = 65536 (default)
2019-09-26 15:39:22,728 [bcb704dc-2543-42a4-8762-cde039a55a99@group-81908E8BCAAC:LeaderElection221] INFO  server.RaftServerConfigKeys (ConfUtils.java:logGet(43)) - raft.server.watch.timeout = 10s (default)
2019-09-26 15:39:24,708 [bcb704dc-2543-42a4-8762-cde039a55a99@group-7CACD3A2D96D-SegmentedRaftLogWorker] INFO  impl.RaftServerImpl (RaftServerImpl.java:lambda$shutdown$3(251)) - bcb704dc-2543-42a4-8762-cde039a55a99@group-7CACD3A2D96D: shutdown
2019-09-26 15:39:24,688 [bcb704dc-2543-42a4-8762-cde039a55a99@group-5350FED428AE:LeaderElection251] INFO  impl.RaftServerImpl (ServerState.java:setRaftConf(354)) - bcb704dc-2543-42a4-8762-cde039a55a99@group-5350FED428AE: set configuration 0: [bcb704dc-2543-42a4-8762-cde039a55a99:192.168.151.99:43663], old=null at 0
2019-09-26 15:39:24,688 [bcb704dc-2543-42a4-8762-cde039a55a99@group-6D85AD78C566-SegmentedRaftLogWorker] INFO  impl.StateMachineUpdater (StateMachineUpdater.java:stopAndJoin(125)) - bcb704dc-2543-42a4-8762-cde039a55a99@group-6D85AD78C566-StateMachineUpdater: set stopIndex = -1
2019-09-26 15:39:24,709 [bcb704dc-2543-42a4-8762-cde039a55a99@group-6D85AD78C566-SegmentedRaftLogWorker] INFO  impl.RaftServerImpl (ServerState.java:close(385)) - bcb704dc-2543-42a4-8762-cde039a55a99@group-6D85AD78C566: closes. applyIndex: -1
2019-09-26 15:39:24,688 [bcb704dc-2543-42a4-8762-cde039a55a99@group-164137F43D5F-SegmentedRaftLogWorker] INFO  impl.RoleInfo (RoleInfo.java:shutdownLeaderState(104)) - bcb704dc-2543-42a4-8762-cde039a55a99: shutdown LeaderState
2019-09-26 15:39:24,688 [bcb704dc-2543-42a4-8762-cde039a55a99@group-884AB6599596-SegmentedRaftLogWorker] INFO  impl.RaftServerImpl (ServerState.java:close(385)) - bcb704dc-2543-42a4-8762-cde039a55a99@group-884AB6599596: closes. applyIndex: -1
2019-09-26 15:39:24,688 [bcb704dc-2543-42a4-8762-cde039a55a99@group-0A32BFDC6864-SegmentedRaftLogWorker] INFO  segmented.SegmentedRaftLogWorker (SegmentedRaftLogWorker.java:close(228)) - bcb704dc-2543-42a4-8762-cde039a55a99@group-0A32BFDC6864-SegmentedRaftLogWorker close()
2019-09-26 15:39:24,687 [bcb704dc-2543-42a4-8762-cde039a55a99@group-1807F0C4354B-SegmentedRaftLogWorker] INFO  impl.StateMachineUpdater (StateMachineUpdater.java:stopAndJoin(125)) - bcb704dc-2543-42a4-8762-cde039a55a99@group-1807F0C4354B-StateMachineUpdater: set stopIndex = -1
2019-09-26 15:39:24,710 [bcb704dc-2543-42a4-8762-cde039a55a99@group-1807F0C4354B-SegmentedRaftLogWorker] INFO  impl.RaftServerImpl (ServerState.java:close(385)) - bcb704dc-2543-42a4-8762-cde039a55a99@group-1807F0C4354B: closes. applyIndex: -1
2019-09-26 15:39:24,675 [bcb704dc-2543-42a4-8762-cde039a55a99@group-723464252EB8-SegmentedRaftLogWorker] ERROR segmented.SegmentedRaftLogWorker (SegmentedRaftLogWorker.java:run(323)) - bcb704dc-2543-42a4-8762-cde039a55a99@group-723464252EB8-SegmentedRaftLogWorker hit exception
java.lang.OutOfMemoryError: Direct buffer memory
	at java.nio.Bits.reserveMemory(Bits.java:666)
	at java.nio.DirectByteBuffer.<init>(DirectByteBuffer.java:123)
	at java.nio.ByteBuffer.allocateDirect(ByteBuffer.java:311)
	at org.apache.ratis.server.raftlog.segmented.BufferedWriteChannel.<init>(BufferedWriteChannel.java:41)
	at org.apache.ratis.server.raftlog.segmented.SegmentedRaftLogOutputStream.<init>(SegmentedRaftLogOutputStream.java:72)
	at org.apache.ratis.server.raftlog.segmented.SegmentedRaftLogWorker$StartLogSegment.execute(SegmentedRaftLogWorker.java:566)
	at org.apache.ratis.server.raftlog.segmented.SegmentedRaftLogWorker.run(SegmentedRaftLogWorker.java:289)
	at java.lang.Thread.run(Thread.java:748)
2019-09-26 15:39:24,675 [bcb704dc-2543-42a4-8762-cde039a55a99@group-99D974920299-SegmentedRaftLogWorker] ERROR segmented.SegmentedRaftLogWorker (SegmentedRaftLogWorker.java:run(323)) - bcb704dc-2543-42a4-8762-cde039a55a99@group-99D974920299-SegmentedRaftLogWorker hit exception
java.lang.OutOfMemoryError: Direct buffer memory
	at java.nio.Bits.reserveMemory(Bits.java:666)
	at java.nio.DirectByteBuffer.<init>(DirectByteBuffer.java:123)
	at java.nio.ByteBuffer.allocateDirect(ByteBuffer.java:311)
	at org.apache.ratis.server.raftlog.segmented.BufferedWriteChannel.<init>(BufferedWriteChannel.java:41)
	at org.apache.ratis.server.raftlog.segmented.SegmentedRaftLogOutputStream.<init>(SegmentedRaftLogOutputStream.java:72)
	at org.apache.ratis.server.raftlog.segmented.SegmentedRaftLogWorker$StartLogSegment.execute(SegmentedRaftLogWorker.java:566)
	at org.apache.ratis.server.raftlog.segmented.SegmentedRaftLogWorker.run(SegmentedRaftLogWorker.java:289)
	at java.lang.Thread.run(Thread.java:748)
2019-09-26 15:39:24,710 [bcb704dc-2543-42a4-8762-cde039a55a99@group-99D974920299-SegmentedRaftLogWorker] INFO  impl.RaftServerImpl (RaftServerImpl.java:lambda$shutdown$3(251)) - bcb704dc-2543-42a4-8762-cde039a55a99@group-99D974920299: shutdown
2019-09-26 15:39:24,341 [bcb704dc-2543-42a4-8762-cde039a55a99@group-48CD8DAE77F3-SegmentedRaftLogWorker] INFO  util.JmxRegister (JmxRegister.java:unregister(73)) - Successfully un-registered JMX Bean with object name Ratis:service=RaftServer,group=group-48CD8DAE77F3,id=bcb704dc-2543-42a4-8762-cde039a55a99
2019-09-26 15:39:24,341 [bcb704dc-2543-42a4-8762-cde039a55a99@group-2D09A842301B-SegmentedRaftLogWorker] INFO  impl.StateMachineUpdater (StateMachineUpdater.java:stopAndJoin(125)) - bcb704dc-2543-42a4-8762-cde039a55a99@group-2D09A842301B-StateMachineUpdater: set stopIndex = -1
2019-09-26 15:39:24,711 [bcb704dc-2543-42a4-8762-cde039a55a99@group-2D09A842301B-SegmentedRaftLogWorker] INFO  impl.RaftServerImpl (ServerState.java:close(385)) - bcb704dc-2543-42a4-8762-cde039a55a99@group-2D09A842301B: closes. applyIndex: -1
2019-09-26 15:39:24,341 [bcb704dc-2543-42a4-8762-cde039a55a99@group-2057EA9C4538:LeaderElection222] INFO  impl.RaftServerImpl (ServerState.java:setRaftConf(354)) - bcb704dc-2543-42a4-8762-cde039a55a99@group-2057EA9C4538: set configuration 0: [bcb704dc-2543-42a4-8762-cde039a55a99:192.168.151.99:43663], old=null at 0
2019-09-26 15:39:24,341 [bcb704dc-2543-42a4-8762-cde039a55a99@group-0DF8239C052C-SegmentedRaftLogWorker] INFO  impl.RoleInfo (RoleInfo.java:shutdownLeaderState(104)) - bcb704dc-2543-42a4-8762-cde039a55a99: shutdown LeaderState
2019-09-26 15:39:24,711 [bcb704dc-2543-42a4-8762-cde039a55a99@group-0DF8239C052C-SegmentedRaftLogWorker] INFO  impl.PendingRequests (PendingRequests.java:sendNotLeaderResponses(202)) - bcb704dc-2543-42a4-8762-cde039a55a99-PendingRequests: sendNotLeaderResponses
2019-09-26 15:39:24,340 [bcb704dc-2543-42a4-8762-cde039a55a99@group-9CAC7CB13E97-SegmentedRaftLogWorker] INFO  impl.RaftServerImpl (RaftServerImpl.java:lambda$shutdown$3(251)) - bcb704dc-2543-42a4-8762-cde039a55a99@group-9CAC7CB13E97: shutdown
2019-09-26 15:39:24,340 [bcb704dc-2543-42a4-8762-cde039a55a99@group-4D04F2324D2E-SegmentedRaftLogWorker] INFO  impl.RaftServerImpl (RaftServerImpl.java:lambda$shutdown$3(251)) - bcb704dc-2543-42a4-8762-cde039a55a99@group-4D04F2324D2E: shutdown
2019-09-26 15:39:24,339 [pool-123-thread-1] INFO  server.RaftServerConfigKeys (ConfUtils.java:logGet(43)) - raft.server.log.statemachine.data.sync = true (default)
2019-09-26 15:39:24,712 [pool-123-thread-1] INFO  server.RaftServerConfigKeys (ConfUtils.java:logGet(43)) - raft.server.log.statemachine.data.sync.timeout = 10s (default)
2019-09-26 15:39:24,328 [bcb704dc-2543-42a4-8762-cde039a55a99@group-69BB3C0B63D8-SegmentedRaftLogWorker] ERROR segmented.SegmentedRaftLogWorker (SegmentedRaftLogWorker.java:run(323)) - bcb704dc-2543-42a4-8762-cde039a55a99@group-69BB3C0B63D8-SegmentedRaftLogWorker hit exception
java.lang.OutOfMemoryError: Direct buffer memory
	at java.nio.Bits.reserveMemory(Bits.java:666)
	at java.nio.DirectByteBuffer.<init>(DirectByteBuffer.java:123)
	at java.nio.ByteBuffer.allocateDirect(ByteBuffer.java:311)
	at org.apache.ratis.server.raftlog.segmented.BufferedWriteChannel.<init>(BufferedWriteChannel.java:41)
	at org.apache.ratis.server.raftlog.segmented.SegmentedRaftLogOutputStream.<init>(SegmentedRaftLogOutputStream.java:72)
	at org.apache.ratis.server.raftlog.segmented.SegmentedRaftLogWorker$StartLogSegment.execute(SegmentedRaftLogWorker.java:566)
	at org.apache.ratis.server.raftlog.segmented.SegmentedRaftLogWorker.run(SegmentedRaftLogWorker.java:289)
	at java.lang.Thread.run(Thread.java:748)
2019-09-26 15:39:24,041 [bcb704dc-2543-42a4-8762-cde039a55a99@group-E9033DA04B7D-SegmentedRaftLogWorker] INFO  segmented.SegmentedRaftLogWorker (SegmentedRaftLogWorker.java:close(228)) - bcb704dc-2543-42a4-8762-cde039a55a99@group-E9033DA04B7D-SegmentedRaftLogWorker close()
2019-09-26 15:39:24,041 [bcb704dc-2543-42a4-8762-cde039a55a99@group-ADDB6DC4F628:LeaderElection266] INFO  server.RaftServerConfigKeys (ConfUtils.java:logGet(43)) - raft.server.watch.element-limit = 65536 (default)
2019-09-26 15:39:24,041 [bcb704dc-2543-42a4-8762-cde039a55a99@group-5371FDF97722:LeaderElection259] INFO  impl.RoleInfo (RoleInfo.java:updateAndGet(143)) - bcb704dc-2543-42a4-8762-cde039a55a99: start LeaderState
2019-09-26 15:39:24,041 [bcb704dc-2543-42a4-8762-cde039a55a99@group-19733DFA91CE-SegmentedRaftLogWorker] INFO  impl.RaftServerImpl (ServerState.java:close(385)) - bcb704dc-2543-42a4-8762-cde039a55a99@group-19733DFA91CE: closes. applyIndex: -1
2019-09-26 15:39:24,713 [bcb704dc-2543-42a4-8762-cde039a55a99@group-5371FDF97722:LeaderElection259] INFO  segmented.SegmentedRaftLogWorker (SegmentedRaftLogWorker.java:startLogSegment(380)) - bcb704dc-2543-42a4-8762-cde039a55a99@group-5371FDF97722-SegmentedRaftLogWorker: Starting segment from index:0
2019-09-26 15:39:24,041 [bcb704dc-2543-42a4-8762-cde039a55a99@group-3CAB2E070FFD:LeaderElection233] INFO  impl.RaftServerImpl (ServerState.java:setRaftConf(354)) - bcb704dc-2543-42a4-8762-cde039a55a99@group-3CAB2E070FFD: set configuration 0: [bcb704dc-2543-42a4-8762-cde039a55a99:192.168.151.99:43663], old=null at 0
2019-09-26 15:39:24,041 [bcb704dc-2543-42a4-8762-cde039a55a99@group-D4B90A3E8012-SegmentedRaftLogWorker] INFO  impl.StateMachineUpdater (StateMachineUpdater.java:stopAndJoin(125)) - bcb704dc-2543-42a4-8762-cde039a55a99@group-D4B90A3E8012-StateMachineUpdater: set stopIndex = -1
2019-09-26 15:39:24,713 [bcb704dc-2543-42a4-8762-cde039a55a99@group-5371FDF97722:LeaderElection259] INFO  impl.RaftServerImpl (ServerState.java:setRaftConf(354)) - bcb704dc-2543-42a4-8762-cde039a55a99@group-5371FDF97722: set configuration 0: [bcb704dc-2543-42a4-8762-cde039a55a99:192.168.151.99:43663], old=null at 0
2019-09-26 15:39:24,031 [bcb704dc-2543-42a4-8762-cde039a55a99@group-42C57E31B95C-SegmentedRaftLogWorker] ERROR segmented.SegmentedRaftLogWorker (SegmentedRaftLogWorker.java:run(323)) - bcb704dc-2543-42a4-8762-cde039a55a99@group-42C57E31B95C-SegmentedRaftLogWorker hit exception
java.lang.OutOfMemoryError: Direct buffer memory
	at java.nio.Bits.reserveMemory(Bits.java:666)
	at java.nio.DirectByteBuffer.<init>(DirectByteBuffer.java:123)
	at java.nio.ByteBuffer.allocateDirect(ByteBuffer.java:311)
	at org.apache.ratis.server.raftlog.segmented.BufferedWriteChannel.<init>(BufferedWriteChannel.java:41)
	at org.apache.ratis.server.raftlog.segmented.SegmentedRaftLogOutputStream.<init>(SegmentedRaftLogOutputStream.java:72)
	at org.apache.ratis.server.raftlog.segmented.SegmentedRaftLogWorker$StartLogSegment.execute(SegmentedRaftLogWorker.java:566)
	at org.apache.ratis.server.raftlog.segmented.SegmentedRaftLogWorker.run(SegmentedRaftLogWorker.java:289)
	at java.lang.Thread.run(Thread.java:748)
2019-09-26 15:39:23,657 [bcb704dc-2543-42a4-8762-cde039a55a99@group-757F8E04E3F8:LeaderElection255] INFO  segmented.SegmentedRaftLogWorker (SegmentedRaftLogWorker.java:startLogSegment(380)) - bcb704dc-2543-42a4-8762-cde039a55a99@group-757F8E04E3F8-SegmentedRaftLogWorker: Starting segment from index:0
2019-09-26 15:39:23,657 [bcb704dc-2543-42a4-8762-cde039a55a99@group-353F2047EF06-SegmentedRaftLogWorker] INFO  impl.StateMachineUpdater (StateMachineUpdater.java:stopAndJoin(125)) - bcb704dc-2543-42a4-8762-cde039a55a99@group-353F2047EF06-StateMachineUpdater: set stopIndex = -1
2019-09-26 15:39:23,657 [bcb704dc-2543-42a4-8762-cde039a55a99@group-71464DC03AA1:LeaderElection256] INFO  impl.RaftServerImpl (ServerState.java:setRaftConf(354)) - bcb704dc-2543-42a4-8762-cde039a55a99@group-71464DC03AA1: set configuration 0: [bcb704dc-2543-42a4-8762-cde039a55a99:192.168.151.99:43663], old=null at 0
2019-09-26 15:39:23,657 [bcb704dc-2543-42a4-8762-cde039a55a99@group-4786CBF0DBEA-SegmentedRaftLogWorker] INFO  impl.RaftServerImpl (ServerState.java:close(385)) - bcb704dc-2543-42a4-8762-cde039a55a99@group-4786CBF0DBEA: closes. applyIndex: -1
2019-09-26 15:39:23,657 [bcb704dc-2543-42a4-8762-cde039a55a99@group-04D57B5B7528:LeaderElection267] INFO  server.RaftServerConfigKeys (ConfUtils.java:logGet(43)) - raft.server.watch.timeout = 10s (default)
2019-09-26 15:39:23,656 [bcb704dc-2543-42a4-8762-cde039a55a99@group-19297E754D09-SegmentedRaftLogWorker] INFO  util.JmxRegister (JmxRegister.java:unregister(73)) - Successfully un-registered JMX Bean with object name Ratis:service=RaftServer,group=group-19297E754D09,id=bcb704dc-2543-42a4-8762-cde039a55a99
2019-09-26 15:39:25,347 [bcb704dc-2543-42a4-8762-cde039a55a99@group-19297E754D09-SegmentedRaftLogWorker] INFO  impl.RoleInfo (RoleInfo.java:shutdownLeaderState(104)) - bcb704dc-2543-42a4-8762-cde039a55a99: shutdown LeaderState
2019-09-26 15:39:23,656 [bcb704dc-2543-42a4-8762-cde039a55a99@group-D95087EDE7EE:LeaderElection261] INFO  server.RaftServerConfigKeys (ConfUtils.java:logGet(43)) - raft.server.watch.element-limit = 65536 (default)
2019-09-26 15:39:23,656 [bcb704dc-2543-42a4-8762-cde039a55a99@group-E156FE0624FA:LeaderElection262] INFO  server.RaftServerConfigKeys (ConfUtils.java:logGet(43)) - raft.server.watch.element-limit = 65536 (default)
2019-09-26 15:39:23,656 [bcb704dc-2543-42a4-8762-cde039a55a99@group-A0C5D2D9FA46-SegmentedRaftLogWorker] INFO  segmented.SegmentedRaftLogWorker (SegmentedRaftLogWorker.java:close(228)) - bcb704dc-2543-42a4-8762-cde039a55a99@group-A0C5D2D9FA46-SegmentedRaftLogWorker close()
2019-09-26 15:39:25,347 [bcb704dc-2543-42a4-8762-cde039a55a99@group-19297E754D09-SegmentedRaftLogWorker] INFO  impl.PendingRequests (PendingRequests.java:sendNotLeaderResponses(202)) - bcb704dc-2543-42a4-8762-cde039a55a99-PendingRequests: sendNotLeaderResponses
2019-09-26 15:39:25,347 [bcb704dc-2543-42a4-8762-cde039a55a99@group-04D57B5B7528:LeaderElection267] INFO  server.RaftServerConfigKeys (ConfUtils.java:logGet(43)) - raft.server.watch.timeout.denomination = 1s (default)
2019-09-26 15:39:25,348 [bcb704dc-2543-42a4-8762-cde039a55a99@group-04D57B5B7528:LeaderElection267] INFO  server.RaftServerConfigKeys (ConfUtils.java:logGet(43)) - raft.server.watch.element-limit = 65536 (default)
2019-09-26 15:39:25,347 [bcb704dc-2543-42a4-8762-cde039a55a99@group-4786CBF0DBEA-SegmentedRaftLogWorker] INFO  segmented.SegmentedRaftLogWorker (SegmentedRaftLogWorker.java:close(228)) - bcb704dc-2543-42a4-8762-cde039a55a99@group-4786CBF0DBEA-SegmentedRaftLogWorker close()
2019-09-26 15:39:25,337 [bcb704dc-2543-42a4-8762-cde039a55a99@group-2FC65A88D4B5-SegmentedRaftLogWorker] ERROR segmented.SegmentedRaftLogWorker (SegmentedRaftLogWorker.java:run(323)) - bcb704dc-2543-42a4-8762-cde039a55a99@group-2FC65A88D4B5-SegmentedRaftLogWorker hit exception
java.lang.OutOfMemoryError: Direct buffer memory
	at java.nio.Bits.reserveMemory(Bits.java:666)
	at java.nio.DirectByteBuffer.<init>(DirectByteBuffer.java:123)
	at java.nio.ByteBuffer.allocateDirect(ByteBuffer.java:311)
	at org.apache.ratis.server.raftlog.segmented.BufferedWriteChannel.<init>(BufferedWriteChannel.java:41)
	at org.apache.ratis.server.raftlog.segmented.SegmentedRaftLogOutputStream.<init>(SegmentedRaftLogOutputStream.java:72)
	at org.apache.ratis.server.raftlog.segmented.SegmentedRaftLogWorker$StartLogSegment.execute(SegmentedRaftLogWorker.java:566)
	at org.apache.ratis.server.raftlog.segmented.SegmentedRaftLogWorker.run(SegmentedRaftLogWorker.java:289)
	at java.lang.Thread.run(Thread.java:748)
2019-09-26 15:39:25,349 [bcb704dc-2543-42a4-8762-cde039a55a99@group-2FC65A88D4B5-SegmentedRaftLogWorker] INFO  impl.RaftServerImpl (RaftServerImpl.java:lambda$shutdown$3(251)) - bcb704dc-2543-42a4-8762-cde039a55a99@group-2FC65A88D4B5: shutdown
2019-09-26 15:39:25,068 [bcb704dc-2543-42a4-8762-cde039a55a99@group-757F8E04E3F8:LeaderElection255] INFO  impl.RaftServerImpl (ServerState.java:setRaftConf(354)) - bcb704dc-2543-42a4-8762-cde039a55a99@group-757F8E04E3F8: set configuration 0: [bcb704dc-2543-42a4-8762-cde039a55a99:192.168.151.99:43663], old=null at 0
2019-09-26 15:39:25,068 [bcb704dc-2543-42a4-8762-cde039a55a99@group-353F2047EF06-SegmentedRaftLogWorker] INFO  impl.RaftServerImpl (ServerState.java:close(385)) - bcb704dc-2543-42a4-8762-cde039a55a99@group-353F2047EF06: closes. applyIndex: -1
2019-09-26 15:39:25,068 [bcb704dc-2543-42a4-8762-cde039a55a99@group-4D04F2324D2E-SegmentedRaftLogWorker] INFO  util.JmxRegister (JmxRegister.java:unregister(73)) - Successfully un-registered JMX Bean with object name Ratis:service=RaftServer,group=group-4D04F2324D2E,id=bcb704dc-2543-42a4-8762-cde039a55a99
2019-09-26 15:39:25,349 [bcb704dc-2543-42a4-8762-cde039a55a99@group-353F2047EF06-SegmentedRaftLogWorker] INFO  segmented.SegmentedRaftLogWorker (SegmentedRaftLogWorker.java:close(228)) - bcb704dc-2543-42a4-8762-cde039a55a99@group-353F2047EF06-SegmentedRaftLogWorker close()
2019-09-26 15:39:25,068 [bcb704dc-2543-42a4-8762-cde039a55a99@group-9CAC7CB13E97-SegmentedRaftLogWorker] INFO  util.JmxRegister (JmxRegister.java:unregister(73)) - Successfully un-registered JMX Bean with object name Ratis:service=RaftServer,group=group-9CAC7CB13E97,id=bcb704dc-2543-42a4-8762-cde039a55a99
2019-09-26 15:39:25,350 [bcb704dc-2543-42a4-8762-cde039a55a99@group-9CAC7CB13E97-SegmentedRaftLogWorker] INFO  impl.RoleInfo (RoleInfo.java:shutdownLeaderState(104)) - bcb704dc-2543-42a4-8762-cde039a55a99: shutdown LeaderState
2019-09-26 15:39:25,068 [bcb704dc-2543-42a4-8762-cde039a55a99@group-42C57E31B95C-SegmentedRaftLogWorker] INFO  impl.RaftServerImpl (RaftServerImpl.java:lambda$shutdown$3(251)) - bcb704dc-2543-42a4-8762-cde039a55a99@group-42C57E31B95C: shutdown
2019-09-26 15:39:24,713 [bcb704dc-2543-42a4-8762-cde039a55a99@group-D4B90A3E8012-SegmentedRaftLogWorker] INFO  impl.RaftServerImpl (ServerState.java:close(385)) - bcb704dc-2543-42a4-8762-cde039a55a99@group-D4B90A3E8012: closes. applyIndex: -1
2019-09-26 15:39:24,713 [bcb704dc-2543-42a4-8762-cde039a55a99@group-19733DFA91CE-SegmentedRaftLogWorker] INFO  segmented.SegmentedRaftLogWorker (SegmentedRaftLogWorker.java:close(228)) - bcb704dc-2543-42a4-8762-cde039a55a99@group-19733DFA91CE-SegmentedRaftLogWorker close()
2019-09-26 15:39:24,713 [bcb704dc-2543-42a4-8762-cde039a55a99@group-99D974920299-SegmentedRaftLogWorker] INFO  util.JmxRegister (JmxRegister.java:unregister(73)) - Successfully un-registered JMX Bean with object name Ratis:service=RaftServer,group=group-99D974920299,id=bcb704dc-2543-42a4-8762-cde039a55a99
2019-09-26 15:39:24,712 [bcb704dc-2543-42a4-8762-cde039a55a99@group-69BB3C0B63D8-SegmentedRaftLogWorker] INFO  impl.RaftServerImpl (RaftServerImpl.java:lambda$shutdown$3(251)) - bcb704dc-2543-42a4-8762-cde039a55a99@group-69BB3C0B63D8: shutdown
2019-09-26 15:39:24,712 [pool-123-thread-1] INFO  server.RaftServerConfigKeys (ConfUtils.java:logGet(43)) - raft.server.log.statemachine.data.sync.timeout.retry = -1 (default)
2019-09-26 15:39:24,711 [bcb704dc-2543-42a4-8762-cde039a55a99@group-0DF8239C052C-SegmentedRaftLogWorker] INFO  impl.StateMachineUpdater (StateMachineUpdater.java:stopAndJoin(125)) - bcb704dc-2543-42a4-8762-cde039a55a99@group-0DF8239C052C-StateMachineUpdater: set stopIndex = -1
2019-09-26 15:39:25,351 [bcb704dc-2543-42a4-8762-cde039a55a99@group-0DF8239C052C-SegmentedRaftLogWorker] INFO  impl.RaftServerImpl (ServerState.java:close(385)) - bcb704dc-2543-42a4-8762-cde039a55a99@group-0DF8239C052C: closes. applyIndex: -1
2019-09-26 15:39:24,711 [bcb704dc-2543-42a4-8762-cde039a55a99@group-7CACD3A2D96D-SegmentedRaftLogWorker] INFO  util.JmxRegister (JmxRegister.java:unregister(73)) - Successfully un-registered JMX Bean with object name Ratis:service=RaftServer,group=group-7CACD3A2D96D,id=bcb704dc-2543-42a4-8762-cde039a55a99
2019-09-26 15:39:25,351 [bcb704dc-2543-42a4-8762-cde039a55a99@group-7CACD3A2D96D-SegmentedRaftLogWorker] INFO  impl.RoleInfo (RoleInfo.java:shutdownLeaderState(104)) - bcb704dc-2543-42a4-8762-cde039a55a99: shutdown LeaderState
2019-09-26 15:39:24,711 [bcb704dc-2543-42a4-8762-cde039a55a99@group-2D09A842301B-SegmentedRaftLogWorker] INFO  segmented.SegmentedRaftLogWorker (SegmentedRaftLogWorker.java:close(228)) - bcb704dc-2543-42a4-8762-cde039a55a99@group-2D09A842301B-SegmentedRaftLogWorker close()
2019-09-26 15:39:24,711 [bcb704dc-2543-42a4-8762-cde039a55a99@group-18DFCDEF3120-SegmentedRaftLogWorker] INFO  util.JmxRegister (JmxRegister.java:unregister(73)) - Successfully un-registered JMX Bean with object name Ratis:service=RaftServer,group=group-18DFCDEF3120,id=bcb704dc-2543-42a4-8762-cde039a55a99
2019-09-26 15:39:24,711 [bcb704dc-2543-42a4-8762-cde039a55a99@group-48CD8DAE77F3-SegmentedRaftLogWorker] INFO  impl.RoleInfo (RoleInfo.java:shutdownLeaderState(104)) - bcb704dc-2543-42a4-8762-cde039a55a99: shutdown LeaderState
2019-09-26 15:39:24,710 [bcb704dc-2543-42a4-8762-cde039a55a99@group-723464252EB8-SegmentedRaftLogWorker] INFO  impl.RaftServerImpl (RaftServerImpl.java:lambda$shutdown$3(251)) - bcb704dc-2543-42a4-8762-cde039a55a99@group-723464252EB8: shutdown
2019-09-26 15:39:24,710 [bcb704dc-2543-42a4-8762-cde039a55a99@group-1807F0C4354B-SegmentedRaftLogWorker] INFO  segmented.SegmentedRaftLogWorker (SegmentedRaftLogWorker.java:close(228)) - bcb704dc-2543-42a4-8762-cde039a55a99@group-1807F0C4354B-SegmentedRaftLogWorker close()
2019-09-26 15:39:24,709 [bcb704dc-2543-42a4-8762-cde039a55a99@group-884AB6599596-SegmentedRaftLogWorker] INFO  segmented.SegmentedRaftLogWorker (SegmentedRaftLogWorker.java:close(228)) - bcb704dc-2543-42a4-8762-cde039a55a99@group-884AB6599596-SegmentedRaftLogWorker close()
2019-09-26 15:39:24,709 [bcb704dc-2543-42a4-8762-cde039a55a99@group-164137F43D5F-SegmentedRaftLogWorker] INFO  impl.PendingRequests (PendingRequests.java:sendNotLeaderResponses(202)) - bcb704dc-2543-42a4-8762-cde039a55a99-PendingRequests: sendNotLeaderResponses
2019-09-26 15:39:24,709 [bcb704dc-2543-42a4-8762-cde039a55a99@group-6D85AD78C566-SegmentedRaftLogWorker] INFO  segmented.SegmentedRaftLogWorker (SegmentedRaftLogWorker.java:close(228)) - bcb704dc-2543-42a4-8762-cde039a55a99@group-6D85AD78C566-SegmentedRaftLogWorker close()
2019-09-26 15:39:25,352 [bcb704dc-2543-42a4-8762-cde039a55a99@group-164137F43D5F-SegmentedRaftLogWorker] INFO  impl.StateMachineUpdater (StateMachineUpdater.java:stopAndJoin(125)) - bcb704dc-2543-42a4-8762-cde039a55a99@group-164137F43D5F-StateMachineUpdater: set stopIndex = -1
2019-09-26 15:39:24,709 [bcb704dc-2543-42a4-8762-cde039a55a99@group-81908E8BCAAC:LeaderElection221] INFO  server.RaftServerConfigKeys (ConfUtils.java:logGet(43)) - raft.server.watch.timeout.denomination = 1s (default)
2019-09-26 15:39:25,353 [bcb704dc-2543-42a4-8762-cde039a55a99@group-69BB3C0B63D8-SegmentedRaftLogWorker] INFO  util.JmxRegister (JmxRegister.java:unregister(73)) - Successfully un-registered JMX Bean with object name Ratis:service=RaftServer,group=group-69BB3C0B63D8,id=bcb704dc-2543-42a4-8762-cde039a55a99
2019-09-26 15:39:25,352 [bcb704dc-2543-42a4-8762-cde039a55a99@group-42C57E31B95C-SegmentedRaftLogWorker] INFO  util.JmxRegister (JmxRegister.java:unregister(73)) - Successfully un-registered JMX Bean with object name Ratis:service=RaftServer,group=group-42C57E31B95C,id=bcb704dc-2543-42a4-8762-cde039a55a99
2019-09-26 15:39:25,353 [bcb704dc-2543-42a4-8762-cde039a55a99@group-42C57E31B95C-SegmentedRaftLogWorker] INFO  impl.RoleInfo (RoleInfo.java:shutdownLeaderState(104)) - bcb704dc-2543-42a4-8762-cde039a55a99: shutdown LeaderState
2019-09-26 15:39:25,352 [bcb704dc-2543-42a4-8762-cde039a55a99@group-48CD8DAE77F3-SegmentedRaftLogWorker] INFO  impl.PendingRequests (PendingRequests.java:sendNotLeaderResponses(202)) - bcb704dc-2543-42a4-8762-cde039a55a99-PendingRequests: sendNotLeaderResponses
2019-09-26 15:39:25,352 [bcb704dc-2543-42a4-8762-cde039a55a99@group-18DFCDEF3120-SegmentedRaftLogWorker] INFO  impl.RoleInfo (RoleInfo.java:shutdownLeaderState(104)) - bcb704dc-2543-42a4-8762-cde039a55a99: shutdown LeaderState
2019-09-26 15:39:25,351 [bcb704dc-2543-42a4-8762-cde039a55a99@group-7CACD3A2D96D-SegmentedRaftLogWorker] INFO  impl.PendingRequests (PendingRequests.java:sendNotLeaderResponses(202)) - bcb704dc-2543-42a4-8762-cde039a55a99-PendingRequests: sendNotLeaderResponses
2019-09-26 15:39:25,351 [bcb704dc-2543-42a4-8762-cde039a55a99@group-0DF8239C052C-SegmentedRaftLogWorker] INFO  segmented.SegmentedRaftLogWorker (SegmentedRaftLogWorker.java:close(228)) - bcb704dc-2543-42a4-8762-cde039a55a99@group-0DF8239C052C-SegmentedRaftLogWorker close()
2019-09-26 15:39:25,351 [bcb704dc-2543-42a4-8762-cde039a55a99@group-2FC65A88D4B5-SegmentedRaftLogWorker] INFO  util.JmxRegister (JmxRegister.java:unregister(73)) - Successfully un-registered JMX Bean with object name Ratis:service=RaftServer,group=group-2FC65A88D4B5,id=bcb704dc-2543-42a4-8762-cde039a55a99
2019-09-26 15:39:25,351 [pool-123-thread-1] INFO  server.RaftServerConfigKeys (ConfUtils.java:logGet(43)) - raft.server.log.statemachine.data.caching.enabled = true (custom)
2019-09-26 15:39:25,350 [bcb704dc-2543-42a4-8762-cde039a55a99@group-99D974920299-SegmentedRaftLogWorker] INFO  impl.RoleInfo (RoleInfo.java:shutdownLeaderState(104)) - bcb704dc-2543-42a4-8762-cde039a55a99: shutdown LeaderState
2019-09-26 15:39:25,354 [bcb704dc-2543-42a4-8762-cde039a55a99@group-723464252EB8-SegmentedRaftLogWorker] INFO  util.JmxRegister (JmxRegister.java:unregister(73)) - Successfully un-registered JMX Bean with object name Ratis:service=RaftServer,group=group-723464252EB8,id=bcb704dc-2543-42a4-8762-cde039a55a99
2019-09-26 15:39:25,350 [bcb704dc-2543-42a4-8762-cde039a55a99@group-D4B90A3E8012-SegmentedRaftLogWorker] INFO  segmented.SegmentedRaftLogWorker (SegmentedRaftLogWorker.java:close(228)) - bcb704dc-2543-42a4-8762-cde039a55a99@group-D4B90A3E8012-SegmentedRaftLogWorker close()
2019-09-26 15:39:25,350 [bcb704dc-2543-42a4-8762-cde039a55a99@group-9CAC7CB13E97-SegmentedRaftLogWorker] INFO  impl.PendingRequests (PendingRequests.java:sendNotLeaderResponses(202)) - bcb704dc-2543-42a4-8762-cde039a55a99-PendingRequests: sendNotLeaderResponses
2019-09-26 15:39:25,349 [bcb704dc-2543-42a4-8762-cde039a55a99@group-4D04F2324D2E-SegmentedRaftLogWorker] INFO  impl.RoleInfo (RoleInfo.java:shutdownLeaderState(104)) - bcb704dc-2543-42a4-8762-cde039a55a99: shutdown LeaderState
2019-09-26 15:39:25,348 [bcb704dc-2543-42a4-8762-cde039a55a99@group-19297E754D09-SegmentedRaftLogWorker] INFO  impl.StateMachineUpdater (StateMachineUpdater.java:stopAndJoin(125)) - bcb704dc-2543-42a4-8762-cde039a55a99@group-19297E754D09-StateMachineUpdater: set stopIndex = -1
2019-09-26 15:39:25,355 [bcb704dc-2543-42a4-8762-cde039a55a99@group-4D04F2324D2E-SegmentedRaftLogWorker] INFO  impl.PendingRequests (PendingRequests.java:sendNotLeaderResponses(202)) - bcb704dc-2543-42a4-8762-cde039a55a99-PendingRequests: sendNotLeaderResponses
2019-09-26 15:39:25,355 [bcb704dc-2543-42a4-8762-cde039a55a99@group-9CAC7CB13E97-SegmentedRaftLogWorker] INFO  impl.StateMachineUpdater (StateMachineUpdater.java:stopAndJoin(125)) - bcb704dc-2543-42a4-8762-cde039a55a99@group-9CAC7CB13E97-StateMachineUpdater: set stopIndex = -1
2019-09-26 15:39:25,355 [bcb704dc-2543-42a4-8762-cde039a55a99@group-9CAC7CB13E97-SegmentedRaftLogWorker] INFO  impl.RaftServerImpl (ServerState.java:close(385)) - bcb704dc-2543-42a4-8762-cde039a55a99@group-9CAC7CB13E97: closes. applyIndex: -1
2019-09-26 15:39:25,355 [bcb704dc-2543-42a4-8762-cde039a55a99@group-723464252EB8-SegmentedRaftLogWorker] INFO  impl.RoleInfo (RoleInfo.java:shutdownLeaderState(104)) - bcb704dc-2543-42a4-8762-cde039a55a99: shutdown LeaderState
2019-09-26 15:39:25,354 [bcb704dc-2543-42a4-8762-cde039a55a99@group-99D974920299-SegmentedRaftLogWorker] INFO  impl.PendingRequests (PendingRequests.java:sendNotLeaderResponses(202)) - bcb704dc-2543-42a4-8762-cde039a55a99-PendingRequests: sendNotLeaderResponses
2019-09-26 15:39:25,354 [pool-123-thread-1] INFO  segmented.SegmentedRaftLogWorker (SegmentedRaftLogWorker.java:lambda$new$0(132)) - bcb704dc-2543-42a4-8762-cde039a55a99@group-0423DF0ED906-SegmentedRaftLogWorker: flushIndex: setUnconditionally 0 -> -1
2019-09-26 15:39:25,354 [bcb704dc-2543-42a4-8762-cde039a55a99@group-2FC65A88D4B5-SegmentedRaftLogWorker] INFO  impl.RoleInfo (RoleInfo.java:shutdownLeaderState(104)) - bcb704dc-2543-42a4-8762-cde039a55a99: shutdown LeaderState
2019-09-26 15:39:25,354 [bcb704dc-2543-42a4-8762-cde039a55a99@group-7CACD3A2D96D-SegmentedRaftLogWorker] INFO  impl.StateMachineUpdater (StateMachineUpdater.java:stopAndJoin(125)) - bcb704dc-2543-42a4-8762-cde039a55a99@group-7CACD3A2D96D-StateMachineUpdater: set stopIndex = -1
2019-09-26 15:39:25,354 [bcb704dc-2543-42a4-8762-cde039a55a99@group-18DFCDEF3120-SegmentedRaftLogWorker] INFO  impl.PendingRequests (PendingRequests.java:sendNotLeaderResponses(202)) - bcb704dc-2543-42a4-8762-cde039a55a99-PendingRequests: sendNotLeaderResponses
2019-09-26 15:39:25,354 [bcb704dc-2543-42a4-8762-cde039a55a99@group-48CD8DAE77F3-SegmentedRaftLogWorker] INFO  impl.StateMachineUpdater (StateMachineUpdater.java:stopAndJoin(125)) - bcb704dc-2543-42a4-8762-cde039a55a99@group-48CD8DAE77F3-StateMachineUpdater: set stopIndex = -1
2019-09-26 15:39:25,357 [bcb704dc-2543-42a4-8762-cde039a55a99@group-48CD8DAE77F3-SegmentedRaftLogWorker] INFO  impl.RaftServerImpl (ServerState.java:close(385)) - bcb704dc-2543-42a4-8762-cde039a55a99@group-48CD8DAE77F3: closes. applyIndex: -1
2019-09-26 15:39:25,353 [bcb704dc-2543-42a4-8762-cde039a55a99@group-42C57E31B95C-SegmentedRaftLogWorker] INFO  impl.PendingRequests (PendingRequests.java:sendNotLeaderResponses(202)) - bcb704dc-2543-42a4-8762-cde039a55a99-PendingRequests: sendNotLeaderResponses
2019-09-26 15:39:25,353 [bcb704dc-2543-42a4-8762-cde039a55a99@group-164137F43D5F-SegmentedRaftLogWorker] INFO  impl.RaftServerImpl (ServerState.java:close(385)) - bcb704dc-2543-42a4-8762-cde039a55a99@group-164137F43D5F: closes. applyIndex: -1
2019-09-26 15:39:25,353 [bcb704dc-2543-42a4-8762-cde039a55a99@group-69BB3C0B63D8-SegmentedRaftLogWorker] INFO  impl.RoleInfo (RoleInfo.java:shutdownLeaderState(104)) - bcb704dc-2543-42a4-8762-cde039a55a99: shutdown LeaderState
2019-09-26 15:39:25,353 [bcb704dc-2543-42a4-8762-cde039a55a99@group-81908E8BCAAC:LeaderElection221] INFO  server.RaftServerConfigKeys (ConfUtils.java:logGet(43)) - raft.server.watch.element-limit = 65536 (default)
2019-09-26 15:39:25,357 [bcb704dc-2543-42a4-8762-cde039a55a99@group-69BB3C0B63D8-SegmentedRaftLogWorker] INFO  impl.PendingRequests (PendingRequests.java:sendNotLeaderResponses(202)) - bcb704dc-2543-42a4-8762-cde039a55a99-PendingRequests: sendNotLeaderResponses
2019-09-26 15:39:25,357 [bcb704dc-2543-42a4-8762-cde039a55a99@group-164137F43D5F-SegmentedRaftLogWorker] INFO  segmented.SegmentedRaftLogWorker (SegmentedRaftLogWorker.java:close(228)) - bcb704dc-2543-42a4-8762-cde039a55a99@group-164137F43D5F-SegmentedRaftLogWorker close()
2019-09-26 15:39:25,357 [bcb704dc-2543-42a4-8762-cde039a55a99@group-42C57E31B95C-SegmentedRaftLogWorker] INFO  impl.StateMachineUpdater (StateMachineUpdater.java:stopAndJoin(125)) - bcb704dc-2543-42a4-8762-cde039a55a99@group-42C57E31B95C-StateMachineUpdater: set stopIndex = -1
2019-09-26 15:39:25,358 [bcb704dc-2543-42a4-8762-cde039a55a99@group-42C57E31B95C-SegmentedRaftLogWorker] INFO  impl.RaftServerImpl (ServerState.java:close(385)) - bcb704dc-2543-42a4-8762-cde039a55a99@group-42C57E31B95C: closes. applyIndex: -1
2019-09-26 15:39:25,357 [bcb704dc-2543-42a4-8762-cde039a55a99@group-48CD8DAE77F3-SegmentedRaftLogWorker] INFO  segmented.SegmentedRaftLogWorker (SegmentedRaftLogWorker.java:close(228)) - bcb704dc-2543-42a4-8762-cde039a55a99@group-48CD8DAE77F3-SegmentedRaftLogWorker close()
2019-09-26 15:39:25,356 [bcb704dc-2543-42a4-8762-cde039a55a99@group-18DFCDEF3120-SegmentedRaftLogWorker] INFO  impl.StateMachineUpdater (StateMachineUpdater.java:stopAndJoin(125)) - bcb704dc-2543-42a4-8762-cde039a55a99@group-18DFCDEF3120-StateMachineUpdater: set stopIndex = -1
2019-09-26 15:39:25,356 [bcb704dc-2543-42a4-8762-cde039a55a99@group-7CACD3A2D96D-SegmentedRaftLogWorker] INFO  impl.RaftServerImpl (ServerState.java:close(385)) - bcb704dc-2543-42a4-8762-cde039a55a99@group-7CACD3A2D96D: closes. applyIndex: -1
2019-09-26 15:39:25,356 [bcb704dc-2543-42a4-8762-cde039a55a99@group-4B85105F5536:LeaderElection220] INFO  impl.RoleInfo (RoleInfo.java:updateAndGet(143)) - bcb704dc-2543-42a4-8762-cde039a55a99: start LeaderState
2019-09-26 15:39:25,356 [pool-123-thread-1] INFO  server.RaftServerConfigKeys (ConfUtils.java:logGet(43)) - raft.server.snapshot.auto.trigger.enabled = true (custom)
2019-09-26 15:39:25,359 [bcb704dc-2543-42a4-8762-cde039a55a99@group-4B85105F5536:LeaderElection220] INFO  segmented.SegmentedRaftLogWorker (SegmentedRaftLogWorker.java:startLogSegment(380)) - bcb704dc-2543-42a4-8762-cde039a55a99@group-4B85105F5536-SegmentedRaftLogWorker: Starting segment from index:0
2019-09-26 15:39:25,356 [bcb704dc-2543-42a4-8762-cde039a55a99@group-2FC65A88D4B5-SegmentedRaftLogWorker] INFO  impl.PendingRequests (PendingRequests.java:sendNotLeaderResponses(202)) - bcb704dc-2543-42a4-8762-cde039a55a99-PendingRequests: sendNotLeaderResponses
2019-09-26 15:39:25,356 [bcb704dc-2543-42a4-8762-cde039a55a99@group-99D974920299-SegmentedRaftLogWorker] INFO  impl.StateMachineUpdater (StateMachineUpdater.java:stopAndJoin(125)) - bcb704dc-2543-42a4-8762-cde039a55a99@group-99D974920299-StateMachineUpdater: set stopIndex = -1
2019-09-26 15:39:25,356 [bcb704dc-2543-42a4-8762-cde039a55a99@group-723464252EB8-SegmentedRaftLogWorker] INFO  impl.PendingRequests (PendingRequests.java:sendNotLeaderResponses(202)) - bcb704dc-2543-42a4-8762-cde039a55a99-PendingRequests: sendNotLeaderResponses
2019-09-26 15:39:25,356 [bcb704dc-2543-42a4-8762-cde039a55a99@group-9CAC7CB13E97-SegmentedRaftLogWorker] INFO  segmented.SegmentedRaftLogWorker (SegmentedRaftLogWorker.java:close(228)) - bcb704dc-2543-42a4-8762-cde039a55a99@group-9CAC7CB13E97-SegmentedRaftLogWorker close()
2019-09-26 15:39:25,355 [bcb704dc-2543-42a4-8762-cde039a55a99@group-4D04F2324D2E-SegmentedRaftLogWorker] INFO  impl.StateMachineUpdater (StateMachineUpdater.java:stopAndJoin(125)) - bcb704dc-2543-42a4-8762-cde039a55a99@group-4D04F2324D2E-StateMachineUpdater: set stopIndex = -1
2019-09-26 15:39:25,744 [bcb704dc-2543-42a4-8762-cde039a55a99@group-4D04F2324D2E-SegmentedRaftLogWorker] INFO  impl.RaftServerImpl (ServerState.java:close(385)) - bcb704dc-2543-42a4-8762-cde039a55a99@group-4D04F2324D2E: closes. applyIndex: -1
2019-09-26 15:39:25,355 [bcb704dc-2543-42a4-8762-cde039a55a99@group-19297E754D09-SegmentedRaftLogWorker] INFO  impl.RaftServerImpl (ServerState.java:close(385)) - bcb704dc-2543-42a4-8762-cde039a55a99@group-19297E754D09: closes. applyIndex: -1
2019-09-26 15:39:25,744 [bcb704dc-2543-42a4-8762-cde039a55a99@group-4D04F2324D2E-SegmentedRaftLogWorker] INFO  segmented.SegmentedRaftLogWorker (SegmentedRaftLogWorker.java:close(228)) - bcb704dc-2543-42a4-8762-cde039a55a99@group-4D04F2324D2E-SegmentedRaftLogWorker close()
2019-09-26 15:39:25,735 [bcb704dc-2543-42a4-8762-cde039a55a99@group-FFC8645E5ADC-SegmentedRaftLogWorker] ERROR segmented.SegmentedRaftLogWorker (SegmentedRaftLogWorker.java:run(323)) - bcb704dc-2543-42a4-8762-cde039a55a99@group-FFC8645E5ADC-SegmentedRaftLogWorker hit exception
java.lang.OutOfMemoryError: Direct buffer memory
	at java.nio.Bits.reserveMemory(Bits.java:666)
	at java.nio.DirectByteBuffer.<init>(DirectByteBuffer.java:123)
	at java.nio.ByteBuffer.allocateDirect(ByteBuffer.java:311)
	at org.apache.ratis.server.raftlog.segmented.BufferedWriteChannel.<init>(BufferedWriteChannel.java:41)
	at org.apache.ratis.server.raftlog.segmented.SegmentedRaftLogOutputStream.<init>(SegmentedRaftLogOutputStream.java:72)
	at org.apache.ratis.server.raftlog.segmented.SegmentedRaftLogWorker$StartLogSegment.execute(SegmentedRaftLogWorker.java:566)
	at org.apache.ratis.server.raftlog.segmented.SegmentedRaftLogWorker.run(SegmentedRaftLogWorker.java:289)
	at java.lang.Thread.run(Thread.java:748)
2019-09-26 15:39:25,360 [bcb704dc-2543-42a4-8762-cde039a55a99@group-723464252EB8-SegmentedRaftLogWorker] INFO  impl.StateMachineUpdater (StateMachineUpdater.java:stopAndJoin(125)) - bcb704dc-2543-42a4-8762-cde039a55a99@group-723464252EB8-StateMachineUpdater: set stopIndex = -1
2019-09-26 15:39:25,745 [bcb704dc-2543-42a4-8762-cde039a55a99@group-723464252EB8-SegmentedRaftLogWorker] INFO  impl.RaftServerImpl (ServerState.java:close(385)) - bcb704dc-2543-42a4-8762-cde039a55a99@group-723464252EB8: closes. applyIndex: -1
2019-09-26 15:39:25,359 [bcb704dc-2543-42a4-8762-cde039a55a99@group-4B85105F5536:LeaderElection220] INFO  impl.RaftServerImpl (ServerState.java:setRaftConf(354)) - bcb704dc-2543-42a4-8762-cde039a55a99@group-4B85105F5536: set configuration 0: [bcb704dc-2543-42a4-8762-cde039a55a99:192.168.151.99:43663], old=null at 0
2019-09-26 15:39:25,359 [bcb704dc-2543-42a4-8762-cde039a55a99@group-99D974920299-SegmentedRaftLogWorker] INFO  impl.RaftServerImpl (ServerState.java:close(385)) - bcb704dc-2543-42a4-8762-cde039a55a99@group-99D974920299: closes. applyIndex: -1
2019-09-26 15:39:25,359 [bcb704dc-2543-42a4-8762-cde039a55a99@group-2FC65A88D4B5-SegmentedRaftLogWorker] INFO  impl.StateMachineUpdater (StateMachineUpdater.java:stopAndJoin(125)) - bcb704dc-2543-42a4-8762-cde039a55a99@group-2FC65A88D4B5-StateMachineUpdater: set stopIndex = -1
2019-09-26 15:39:25,746 [bcb704dc-2543-42a4-8762-cde039a55a99@group-2FC65A88D4B5-SegmentedRaftLogWorker] INFO  impl.RaftServerImpl (ServerState.java:close(385)) - bcb704dc-2543-42a4-8762-cde039a55a99@group-2FC65A88D4B5: closes. applyIndex: -1
2019-09-26 15:39:25,359 [pool-123-thread-1] INFO  server.RaftServerConfigKeys (ConfUtils.java:logGet(43)) - raft.server.snapshot.auto.trigger.threshold = 10000 (custom)
2019-09-26 15:39:25,746 [pool-123-thread-1] INFO  server.RaftServerConfigKeys (ConfUtils.java:logGet(43)) - raft.server.snapshot.retention.num.files = 5 (custom)
2019-09-26 15:39:25,358 [bcb704dc-2543-42a4-8762-cde039a55a99@group-7CACD3A2D96D-SegmentedRaftLogWorker] INFO  segmented.SegmentedRaftLogWorker (SegmentedRaftLogWorker.java:close(228)) - bcb704dc-2543-42a4-8762-cde039a55a99@group-7CACD3A2D96D-SegmentedRaftLogWorker close()
2019-09-26 15:39:25,358 [bcb704dc-2543-42a4-8762-cde039a55a99@group-18DFCDEF3120-SegmentedRaftLogWorker] INFO  impl.RaftServerImpl (ServerState.java:close(385)) - bcb704dc-2543-42a4-8762-cde039a55a99@group-18DFCDEF3120: closes. applyIndex: -1
2019-09-26 15:39:25,358 [bcb704dc-2543-42a4-8762-cde039a55a99@group-42C57E31B95C-SegmentedRaftLogWorker] INFO  segmented.SegmentedRaftLogWorker (SegmentedRaftLogWorker.java:close(228)) - bcb704dc-2543-42a4-8762-cde039a55a99@group-42C57E31B95C-SegmentedRaftLogWorker close()
2019-09-26 15:39:25,747 [bcb704dc-2543-42a4-8762-cde039a55a99@group-18DFCDEF3120-SegmentedRaftLogWorker] INFO  segmented.SegmentedRaftLogWorker (SegmentedRaftLogWorker.java:close(228)) - bcb704dc-2543-42a4-8762-cde039a55a99@group-18DFCDEF3120-SegmentedRaftLogWorker close()
2019-09-26 15:39:25,358 [bcb704dc-2543-42a4-8762-cde039a55a99@group-B2A28DABB48B:LeaderElection219] INFO  impl.RoleInfo (RoleInfo.java:updateAndGet(143)) - bcb704dc-2543-42a4-8762-cde039a55a99: start LeaderState
2019-09-26 15:39:25,358 [bcb704dc-2543-42a4-8762-cde039a55a99@group-69BB3C0B63D8-SegmentedRaftLogWorker] INFO  impl.StateMachineUpdater (StateMachineUpdater.java:stopAndJoin(125)) - bcb704dc-2543-42a4-8762-cde039a55a99@group-69BB3C0B63D8-StateMachineUpdater: set stopIndex = -1
2019-09-26 15:39:25,747 [bcb704dc-2543-42a4-8762-cde039a55a99@group-B2A28DABB48B:LeaderElection219] INFO  segmented.SegmentedRaftLogWorker (SegmentedRaftLogWorker.java:startLogSegment(380)) - bcb704dc-2543-42a4-8762-cde039a55a99@group-B2A28DABB48B-SegmentedRaftLogWorker: Starting segment from index:0
2019-09-26 15:39:25,746 [pool-123-thread-1] INFO  server.RaftServerConfigKeys (ConfUtils.java:logGet(43)) - raft.server.retrycache.expirytime = 600000ms (custom)
2019-09-26 15:39:25,746 [bcb704dc-2543-42a4-8762-cde039a55a99@group-2FC65A88D4B5-SegmentedRaftLogWorker] INFO  segmented.SegmentedRaftLogWorker (SegmentedRaftLogWorker.java:close(228)) - bcb704dc-2543-42a4-8762-cde039a55a99@group-2FC65A88D4B5-SegmentedRaftLogWorker close()
2019-09-26 15:39:25,746 [bcb704dc-2543-42a4-8762-cde039a55a99@group-99D974920299-SegmentedRaftLogWorker] INFO  segmented.SegmentedRaftLogWorker (SegmentedRaftLogWorker.java:close(228)) - bcb704dc-2543-42a4-8762-cde039a55a99@group-99D974920299-SegmentedRaftLogWorker close()
2019-09-26 15:39:25,745 [bcb704dc-2543-42a4-8762-cde039a55a99@group-723464252EB8-SegmentedRaftLogWorker] INFO  segmented.SegmentedRaftLogWorker (SegmentedRaftLogWorker.java:close(228)) - bcb704dc-2543-42a4-8762-cde039a55a99@group-723464252EB8-SegmentedRaftLogWorker close()
2019-09-26 15:39:25,745 [bcb704dc-2543-42a4-8762-cde039a55a99@group-FFC8645E5ADC-SegmentedRaftLogWorker] INFO  impl.RaftServerImpl (RaftServerImpl.java:lambda$shutdown$3(251)) - bcb704dc-2543-42a4-8762-cde039a55a99@group-FFC8645E5ADC: shutdown
2019-09-26 15:39:25,745 [bcb704dc-2543-42a4-8762-cde039a55a99@group-19297E754D09-SegmentedRaftLogWorker] INFO  segmented.SegmentedRaftLogWorker (SegmentedRaftLogWorker.java:close(228)) - bcb704dc-2543-42a4-8762-cde039a55a99@group-19297E754D09-SegmentedRaftLogWorker close()
2019-09-26 15:39:26,122 [bcb704dc-2543-42a4-8762-cde039a55a99@group-3CAB2E070FFD-SegmentedRaftLogWorker] ERROR segmented.SegmentedRaftLogWorker (SegmentedRaftLogWorker.java:run(323)) - bcb704dc-2543-42a4-8762-cde039a55a99@group-3CAB2E070FFD-SegmentedRaftLogWorker hit exception
java.lang.OutOfMemoryError: Direct buffer memory
	at java.nio.Bits.reserveMemory(Bits.java:666)
	at java.nio.DirectByteBuffer.<init>(DirectByteBuffer.java:123)
	at java.nio.ByteBuffer.allocateDirect(ByteBuffer.java:311)
	at org.apache.ratis.server.raftlog.segmented.BufferedWriteChannel.<init>(BufferedWriteChannel.java:41)
	at org.apache.ratis.server.raftlog.segmented.SegmentedRaftLogOutputStream.<init>(SegmentedRaftLogOutputStream.java:72)
	at org.apache.ratis.server.raftlog.segmented.SegmentedRaftLogWorker$StartLogSegment.execute(SegmentedRaftLogWorker.java:566)
	at org.apache.ratis.server.raftlog.segmented.SegmentedRaftLogWorker.run(SegmentedRaftLogWorker.java:289)
	at java.lang.Thread.run(Thread.java:748)
2019-09-26 15:39:26,133 [bcb704dc-2543-42a4-8762-cde039a55a99@group-3CAB2E070FFD-SegmentedRaftLogWorker] INFO  impl.RaftServerImpl (RaftServerImpl.java:lambda$shutdown$3(251)) - bcb704dc-2543-42a4-8762-cde039a55a99@group-3CAB2E070FFD: shutdown
2019-09-26 15:39:26,122 [bcb704dc-2543-42a4-8762-cde039a55a99@group-2057EA9C4538-SegmentedRaftLogWorker] ERROR segmented.SegmentedRaftLogWorker (SegmentedRaftLogWorker.java:run(323)) - bcb704dc-2543-42a4-8762-cde039a55a99@group-2057EA9C4538-SegmentedRaftLogWorker hit exception
java.lang.OutOfMemoryError: Direct buffer memory
	at java.nio.Bits.reserveMemory(Bits.java:666)
	at java.nio.DirectByteBuffer.<init>(DirectByteBuffer.java:123)
	at java.nio.ByteBuffer.allocateDirect(ByteBuffer.java:311)
	at org.apache.ratis.server.raftlog.segmented.BufferedWriteChannel.<init>(BufferedWriteChannel.java:41)
	at org.apache.ratis.server.raftlog.segmented.SegmentedRaftLogOutputStream.<init>(SegmentedRaftLogOutputStream.java:72)
	at org.apache.ratis.server.raftlog.segmented.SegmentedRaftLogWorker$StartLogSegment.execute(SegmentedRaftLogWorker.java:566)
	at org.apache.ratis.server.raftlog.segmented.SegmentedRaftLogWorker.run(SegmentedRaftLogWorker.java:289)
	at java.lang.Thread.run(Thread.java:748)
2019-09-26 15:39:26,138 [bcb704dc-2543-42a4-8762-cde039a55a99@group-2057EA9C4538-SegmentedRaftLogWorker] INFO  impl.RaftServerImpl (RaftServerImpl.java:lambda$shutdown$3(251)) - bcb704dc-2543-42a4-8762-cde039a55a99@group-2057EA9C4538: shutdown
2019-09-26 15:39:25,748 [bcb704dc-2543-42a4-8762-cde039a55a99@group-B2A28DABB48B:LeaderElection219] INFO  impl.RaftServerImpl (ServerState.java:setRaftConf(354)) - bcb704dc-2543-42a4-8762-cde039a55a99@group-B2A28DABB48B: set configuration 0: [bcb704dc-2543-42a4-8762-cde039a55a99:192.168.151.99:43663], old=null at 0
2019-09-26 15:39:25,747 [bcb704dc-2543-42a4-8762-cde039a55a99@group-69BB3C0B63D8-SegmentedRaftLogWorker] INFO  impl.RaftServerImpl (ServerState.java:close(385)) - bcb704dc-2543-42a4-8762-cde039a55a99@group-69BB3C0B63D8: closes. applyIndex: -1
2019-09-26 15:39:26,139 [bcb704dc-2543-42a4-8762-cde039a55a99@group-69BB3C0B63D8-SegmentedRaftLogWorker] INFO  segmented.SegmentedRaftLogWorker (SegmentedRaftLogWorker.java:close(228)) - bcb704dc-2543-42a4-8762-cde039a55a99@group-69BB3C0B63D8-SegmentedRaftLogWorker close()
2019-09-26 15:39:26,140 [bcb704dc-2543-42a4-8762-cde039a55a99@group-FFC8645E5ADC-SegmentedRaftLogWorker] INFO  util.JmxRegister (JmxRegister.java:unregister(73)) - Successfully un-registered JMX Bean with object name Ratis:service=RaftServer,group=group-FFC8645E5ADC,id=bcb704dc-2543-42a4-8762-cde039a55a99
2019-09-26 15:39:26,140 [bcb704dc-2543-42a4-8762-cde039a55a99@group-FFC8645E5ADC-SegmentedRaftLogWorker] INFO  impl.RoleInfo (RoleInfo.java:shutdownLeaderState(104)) - bcb704dc-2543-42a4-8762-cde039a55a99: shutdown LeaderState
2019-09-26 15:39:26,140 [bcb704dc-2543-42a4-8762-cde039a55a99@group-FFC8645E5ADC-SegmentedRaftLogWorker] INFO  impl.PendingRequests (PendingRequests.java:sendNotLeaderResponses(202)) - bcb704dc-2543-42a4-8762-cde039a55a99-PendingRequests: sendNotLeaderResponses
2019-09-26 15:39:26,140 [bcb704dc-2543-42a4-8762-cde039a55a99@group-FFC8645E5ADC-SegmentedRaftLogWorker] INFO  impl.StateMachineUpdater (StateMachineUpdater.java:stopAndJoin(125)) - bcb704dc-2543-42a4-8762-cde039a55a99@group-FFC8645E5ADC-StateMachineUpdater: set stopIndex = -1
2019-09-26 15:39:26,140 [bcb704dc-2543-42a4-8762-cde039a55a99@group-3CAB2E070FFD-SegmentedRaftLogWorker] INFO  util.JmxRegister (JmxRegister.java:unregister(73)) - Successfully un-registered JMX Bean with object name Ratis:service=RaftServer,group=group-3CAB2E070FFD,id=bcb704dc-2543-42a4-8762-cde039a55a99
2019-09-26 15:39:26,141 [bcb704dc-2543-42a4-8762-cde039a55a99@group-3CAB2E070FFD-SegmentedRaftLogWorker] INFO  impl.RoleInfo (RoleInfo.java:shutdownLeaderState(104)) - bcb704dc-2543-42a4-8762-cde039a55a99: shutdown LeaderState
2019-09-26 15:39:26,141 [bcb704dc-2543-42a4-8762-cde039a55a99@group-FFC8645E5ADC-SegmentedRaftLogWorker] INFO  impl.RaftServerImpl (ServerState.java:close(385)) - bcb704dc-2543-42a4-8762-cde039a55a99@group-FFC8645E5ADC: closes. applyIndex: -1
2019-09-26 15:39:26,141 [bcb704dc-2543-42a4-8762-cde039a55a99@group-3CAB2E070FFD-SegmentedRaftLogWorker] INFO  impl.PendingRequests (PendingRequests.java:sendNotLeaderResponses(202)) - bcb704dc-2543-42a4-8762-cde039a55a99-PendingRequests: sendNotLeaderResponses
2019-09-26 15:39:26,141 [bcb704dc-2543-42a4-8762-cde039a55a99@group-FFC8645E5ADC-SegmentedRaftLogWorker] INFO  segmented.SegmentedRaftLogWorker (SegmentedRaftLogWorker.java:close(228)) - bcb704dc-2543-42a4-8762-cde039a55a99@group-FFC8645E5ADC-SegmentedRaftLogWorker close()
2019-09-26 15:39:26,141 [bcb704dc-2543-42a4-8762-cde039a55a99@group-3CAB2E070FFD-SegmentedRaftLogWorker] INFO  impl.StateMachineUpdater (StateMachineUpdater.java:stopAndJoin(125)) - bcb704dc-2543-42a4-8762-cde039a55a99@group-3CAB2E070FFD-StateMachineUpdater: set stopIndex = -1
2019-09-26 15:39:26,141 [bcb704dc-2543-42a4-8762-cde039a55a99@group-2057EA9C4538-SegmentedRaftLogWorker] INFO  util.JmxRegister (JmxRegister.java:unregister(73)) - Successfully un-registered JMX Bean with object name Ratis:service=RaftServer,group=group-2057EA9C4538,id=bcb704dc-2543-42a4-8762-cde039a55a99
2019-09-26 15:39:26,141 [bcb704dc-2543-42a4-8762-cde039a55a99@group-2057EA9C4538-SegmentedRaftLogWorker] INFO  impl.RoleInfo (RoleInfo.java:shutdownLeaderState(104)) - bcb704dc-2543-42a4-8762-cde039a55a99: shutdown LeaderState
2019-09-26 15:39:26,141 [bcb704dc-2543-42a4-8762-cde039a55a99@group-3CAB2E070FFD-SegmentedRaftLogWorker] INFO  impl.RaftServerImpl (ServerState.java:close(385)) - bcb704dc-2543-42a4-8762-cde039a55a99@group-3CAB2E070FFD: closes. applyIndex: -1
2019-09-26 15:39:26,141 [bcb704dc-2543-42a4-8762-cde039a55a99@group-2057EA9C4538-SegmentedRaftLogWorker] INFO  impl.PendingRequests (PendingRequests.java:sendNotLeaderResponses(202)) - bcb704dc-2543-42a4-8762-cde039a55a99-PendingRequests: sendNotLeaderResponses
2019-09-26 15:39:26,142 [bcb704dc-2543-42a4-8762-cde039a55a99@group-3CAB2E070FFD-SegmentedRaftLogWorker] INFO  segmented.SegmentedRaftLogWorker (SegmentedRaftLogWorker.java:close(228)) - bcb704dc-2543-42a4-8762-cde039a55a99@group-3CAB2E070FFD-SegmentedRaftLogWorker close()
2019-09-26 15:39:26,142 [bcb704dc-2543-42a4-8762-cde039a55a99@group-2057EA9C4538-SegmentedRaftLogWorker] INFO  impl.StateMachineUpdater (StateMachineUpdater.java:stopAndJoin(125)) - bcb704dc-2543-42a4-8762-cde039a55a99@group-2057EA9C4538-StateMachineUpdater: set stopIndex = -1
2019-09-26 15:39:26,142 [bcb704dc-2543-42a4-8762-cde039a55a99@group-2057EA9C4538-SegmentedRaftLogWorker] INFO  impl.RaftServerImpl (ServerState.java:close(385)) - bcb704dc-2543-42a4-8762-cde039a55a99@group-2057EA9C4538: closes. applyIndex: -1
2019-09-26 15:39:26,142 [bcb704dc-2543-42a4-8762-cde039a55a99@group-2057EA9C4538-SegmentedRaftLogWorker] INFO  segmented.SegmentedRaftLogWorker (SegmentedRaftLogWorker.java:close(228)) - bcb704dc-2543-42a4-8762-cde039a55a99@group-2057EA9C4538-SegmentedRaftLogWorker close()
2019-09-26 15:39:26,145 [bcb704dc-2543-42a4-8762-cde039a55a99@group-071C3AE303E0:LeaderElection224] INFO  impl.RoleInfo (RoleInfo.java:updateAndGet(143)) - bcb704dc-2543-42a4-8762-cde039a55a99: start LeaderState
2019-09-26 15:39:26,145 [bcb704dc-2543-42a4-8762-cde039a55a99@group-071C3AE303E0:LeaderElection224] INFO  segmented.SegmentedRaftLogWorker (SegmentedRaftLogWorker.java:startLogSegment(380)) - bcb704dc-2543-42a4-8762-cde039a55a99@group-071C3AE303E0-SegmentedRaftLogWorker: Starting segment from index:0
2019-09-26 15:39:26,146 [bcb704dc-2543-42a4-8762-cde039a55a99@group-071C3AE303E0:LeaderElection224] INFO  impl.RaftServerImpl (ServerState.java:setRaftConf(354)) - bcb704dc-2543-42a4-8762-cde039a55a99@group-071C3AE303E0: set configuration 0: [bcb704dc-2543-42a4-8762-cde039a55a99:192.168.151.99:43663], old=null at 0
2019-09-26 15:39:26,498 [bcb704dc-2543-42a4-8762-cde039a55a99@group-71464DC03AA1-SegmentedRaftLogWorker] ERROR segmented.SegmentedRaftLogWorker (SegmentedRaftLogWorker.java:run(323)) - bcb704dc-2543-42a4-8762-cde039a55a99@group-71464DC03AA1-SegmentedRaftLogWorker hit exception
java.lang.OutOfMemoryError: Direct buffer memory
	at java.nio.Bits.reserveMemory(Bits.java:666)
	at java.nio.DirectByteBuffer.<init>(DirectByteBuffer.java:123)
	at java.nio.ByteBuffer.allocateDirect(ByteBuffer.java:311)
	at org.apache.ratis.server.raftlog.segmented.BufferedWriteChannel.<init>(BufferedWriteChannel.java:41)
	at org.apache.ratis.server.raftlog.segmented.SegmentedRaftLogOutputStream.<init>(SegmentedRaftLogOutputStream.java:72)
	at org.apache.ratis.server.raftlog.segmented.SegmentedRaftLogWorker$StartLogSegment.execute(SegmentedRaftLogWorker.java:566)
	at org.apache.ratis.server.raftlog.segmented.SegmentedRaftLogWorker.run(SegmentedRaftLogWorker.java:289)
	at java.lang.Thread.run(Thread.java:748)
2019-09-26 15:39:26,498 [bcb704dc-2543-42a4-8762-cde039a55a99@group-71464DC03AA1-SegmentedRaftLogWorker] INFO  impl.RaftServerImpl (RaftServerImpl.java:lambda$shutdown$3(251)) - bcb704dc-2543-42a4-8762-cde039a55a99@group-71464DC03AA1: shutdown
2019-09-26 15:39:26,510 [bcb704dc-2543-42a4-8762-cde039a55a99@group-05AF4C6C8552:LeaderElection260] INFO  impl.RoleInfo (RoleInfo.java:updateAndGet(143)) - bcb704dc-2543-42a4-8762-cde039a55a99: start LeaderState
2019-09-26 15:39:26,510 [bcb704dc-2543-42a4-8762-cde039a55a99@group-05AF4C6C8552:LeaderElection260] INFO  segmented.SegmentedRaftLogWorker (SegmentedRaftLogWorker.java:startLogSegment(380)) - bcb704dc-2543-42a4-8762-cde039a55a99@group-05AF4C6C8552-SegmentedRaftLogWorker: Starting segment from index:0
2019-09-26 15:39:26,511 [bcb704dc-2543-42a4-8762-cde039a55a99@group-05AF4C6C8552:LeaderElection260] INFO  impl.RaftServerImpl (ServerState.java:setRaftConf(354)) - bcb704dc-2543-42a4-8762-cde039a55a99@group-05AF4C6C8552: set configuration 0: [bcb704dc-2543-42a4-8762-cde039a55a99:192.168.151.99:43663], old=null at 0
2019-09-26 15:39:26,841 [bcb704dc-2543-42a4-8762-cde039a55a99@group-5371FDF97722-SegmentedRaftLogWorker] ERROR segmented.SegmentedRaftLogWorker (SegmentedRaftLogWorker.java:run(323)) - bcb704dc-2543-42a4-8762-cde039a55a99@group-5371FDF97722-SegmentedRaftLogWorker hit exception
java.lang.OutOfMemoryError: Direct buffer memory
	at java.nio.Bits.reserveMemory(Bits.java:666)
	at java.nio.DirectByteBuffer.<init>(DirectByteBuffer.java:123)
	at java.nio.ByteBuffer.allocateDirect(ByteBuffer.java:311)
	at org.apache.ratis.server.raftlog.segmented.BufferedWriteChannel.<init>(BufferedWriteChannel.java:41)
	at org.apache.ratis.server.raftlog.segmented.SegmentedRaftLogOutputStream.<init>(SegmentedRaftLogOutputStream.java:72)
	at org.apache.ratis.server.raftlog.segmented.SegmentedRaftLogWorker$StartLogSegment.execute(SegmentedRaftLogWorker.java:566)
	at org.apache.ratis.server.raftlog.segmented.SegmentedRaftLogWorker.run(SegmentedRaftLogWorker.java:289)
	at java.lang.Thread.run(Thread.java:748)
2019-09-26 15:39:26,841 [bcb704dc-2543-42a4-8762-cde039a55a99@group-5371FDF97722-SegmentedRaftLogWorker] INFO  impl.RaftServerImpl (RaftServerImpl.java:lambda$shutdown$3(251)) - bcb704dc-2543-42a4-8762-cde039a55a99@group-5371FDF97722: shutdown
2019-09-26 15:39:26,853 [bcb704dc-2543-42a4-8762-cde039a55a99@group-8891CF406B17:LeaderElection228] INFO  impl.RoleInfo (RoleInfo.java:updateAndGet(143)) - bcb704dc-2543-42a4-8762-cde039a55a99: start LeaderState
2019-09-26 15:39:26,853 [bcb704dc-2543-42a4-8762-cde039a55a99@group-8891CF406B17:LeaderElection228] INFO  segmented.SegmentedRaftLogWorker (SegmentedRaftLogWorker.java:startLogSegment(380)) - bcb704dc-2543-42a4-8762-cde039a55a99@group-8891CF406B17-SegmentedRaftLogWorker: Starting segment from index:0
2019-09-26 15:39:26,854 [bcb704dc-2543-42a4-8762-cde039a55a99@group-71464DC03AA1-SegmentedRaftLogWorker] INFO  util.JmxRegister (JmxRegister.java:unregister(73)) - Successfully un-registered JMX Bean with object name Ratis:service=RaftServer,group=group-71464DC03AA1,id=bcb704dc-2543-42a4-8762-cde039a55a99
2019-09-26 15:39:26,854 [bcb704dc-2543-42a4-8762-cde039a55a99@group-71464DC03AA1-SegmentedRaftLogWorker] INFO  impl.RoleInfo (RoleInfo.java:shutdownLeaderState(104)) - bcb704dc-2543-42a4-8762-cde039a55a99: shutdown LeaderState
2019-09-26 15:39:26,854 [bcb704dc-2543-42a4-8762-cde039a55a99@group-71464DC03AA1-SegmentedRaftLogWorker] INFO  impl.PendingRequests (PendingRequests.java:sendNotLeaderResponses(202)) - bcb704dc-2543-42a4-8762-cde039a55a99-PendingRequests: sendNotLeaderResponses
2019-09-26 15:39:26,854 [bcb704dc-2543-42a4-8762-cde039a55a99@group-8891CF406B17:LeaderElection228] INFO  impl.RaftServerImpl (ServerState.java:setRaftConf(354)) - bcb704dc-2543-42a4-8762-cde039a55a99@group-8891CF406B17: set configuration 0: [bcb704dc-2543-42a4-8762-cde039a55a99:192.168.151.99:43663], old=null at 0
2019-09-26 15:39:27,152 [bcb704dc-2543-42a4-8762-cde039a55a99@group-71464DC03AA1-SegmentedRaftLogWorker] INFO  impl.StateMachineUpdater (StateMachineUpdater.java:stopAndJoin(125)) - bcb704dc-2543-42a4-8762-cde039a55a99@group-71464DC03AA1-StateMachineUpdater: set stopIndex = -1
2019-09-26 15:39:27,142 [bcb704dc-2543-42a4-8762-cde039a55a99@group-757F8E04E3F8-SegmentedRaftLogWorker] ERROR segmented.SegmentedRaftLogWorker (SegmentedRaftLogWorker.java:run(323)) - bcb704dc-2543-42a4-8762-cde039a55a99@group-757F8E04E3F8-SegmentedRaftLogWorker hit exception
java.lang.OutOfMemoryError: Direct buffer memory
	at java.nio.Bits.reserveMemory(Bits.java:666)
	at java.nio.DirectByteBuffer.<init>(DirectByteBuffer.java:123)
	at java.nio.ByteBuffer.allocateDirect(ByteBuffer.java:311)
	at org.apache.ratis.server.raftlog.segmented.BufferedWriteChannel.<init>(BufferedWriteChannel.java:41)
	at org.apache.ratis.server.raftlog.segmented.SegmentedRaftLogOutputStream.<init>(SegmentedRaftLogOutputStream.java:72)
	at org.apache.ratis.server.raftlog.segmented.SegmentedRaftLogWorker$StartLogSegment.execute(SegmentedRaftLogWorker.java:566)
	at org.apache.ratis.server.raftlog.segmented.SegmentedRaftLogWorker.run(SegmentedRaftLogWorker.java:289)
	at java.lang.Thread.run(Thread.java:748)
2019-09-26 15:39:27,153 [bcb704dc-2543-42a4-8762-cde039a55a99@group-757F8E04E3F8-SegmentedRaftLogWorker] INFO  impl.RaftServerImpl (RaftServerImpl.java:lambda$shutdown$3(251)) - bcb704dc-2543-42a4-8762-cde039a55a99@group-757F8E04E3F8: shutdown
2019-09-26 15:39:27,142 [bcb704dc-2543-42a4-8762-cde039a55a99@group-5350FED428AE-SegmentedRaftLogWorker] ERROR segmented.SegmentedRaftLogWorker (SegmentedRaftLogWorker.java:run(323)) - bcb704dc-2543-42a4-8762-cde039a55a99@group-5350FED428AE-SegmentedRaftLogWorker hit exception
java.lang.OutOfMemoryError: Direct buffer memory
	at java.nio.Bits.reserveMemory(Bits.java:666)
	at java.nio.DirectByteBuffer.<init>(DirectByteBuffer.java:123)
	at java.nio.ByteBuffer.allocateDirect(ByteBuffer.java:311)
	at org.apache.ratis.server.raftlog.segmented.BufferedWriteChannel.<init>(BufferedWriteChannel.java:41)
	at org.apache.ratis.server.raftlog.segmented.SegmentedRaftLogOutputStream.<init>(SegmentedRaftLogOutputStream.java:72)
	at org.apache.ratis.server.raftlog.segmented.SegmentedRaftLogWorker$StartLogSegment.execute(SegmentedRaftLogWorker.java:566)
	at org.apache.ratis.server.raftlog.segmented.SegmentedRaftLogWorker.run(SegmentedRaftLogWorker.java:289)
	at java.lang.Thread.run(Thread.java:748)
2019-09-26 15:39:27,153 [bcb704dc-2543-42a4-8762-cde039a55a99@group-4B788DE994AB:LeaderElection229] INFO  impl.RoleInfo (RoleInfo.java:updateAndGet(143)) - bcb704dc-2543-42a4-8762-cde039a55a99: start LeaderState
2019-09-26 15:39:27,152 [bcb704dc-2543-42a4-8762-cde039a55a99@group-71464DC03AA1-SegmentedRaftLogWorker] INFO  impl.RaftServerImpl (ServerState.java:close(385)) - bcb704dc-2543-42a4-8762-cde039a55a99@group-71464DC03AA1: closes. applyIndex: -1
2019-09-26 15:39:27,153 [bcb704dc-2543-42a4-8762-cde039a55a99@group-5350FED428AE-SegmentedRaftLogWorker] INFO  impl.RaftServerImpl (RaftServerImpl.java:lambda$shutdown$3(251)) - bcb704dc-2543-42a4-8762-cde039a55a99@group-5350FED428AE: shutdown
2019-09-26 15:39:27,153 [bcb704dc-2543-42a4-8762-cde039a55a99@group-71464DC03AA1-SegmentedRaftLogWorker] INFO  segmented.SegmentedRaftLogWorker (SegmentedRaftLogWorker.java:close(228)) - bcb704dc-2543-42a4-8762-cde039a55a99@group-71464DC03AA1-SegmentedRaftLogWorker close()
2019-09-26 15:39:27,153 [bcb704dc-2543-42a4-8762-cde039a55a99@group-4B788DE994AB:LeaderElection229] INFO  segmented.SegmentedRaftLogWorker (SegmentedRaftLogWorker.java:startLogSegment(380)) - bcb704dc-2543-42a4-8762-cde039a55a99@group-4B788DE994AB-SegmentedRaftLogWorker: Starting segment from index:0
2019-09-26 15:39:27,154 [bcb704dc-2543-42a4-8762-cde039a55a99@group-5371FDF97722-SegmentedRaftLogWorker] INFO  util.JmxRegister (JmxRegister.java:unregister(73)) - Successfully un-registered JMX Bean with object name Ratis:service=RaftServer,group=group-5371FDF97722,id=bcb704dc-2543-42a4-8762-cde039a55a99
2019-09-26 15:39:27,154 [bcb704dc-2543-42a4-8762-cde039a55a99@group-5371FDF97722-SegmentedRaftLogWorker] INFO  impl.RoleInfo (RoleInfo.java:shutdownLeaderState(104)) - bcb704dc-2543-42a4-8762-cde039a55a99: shutdown LeaderState
2019-09-26 15:39:27,154 [bcb704dc-2543-42a4-8762-cde039a55a99@group-4B788DE994AB:LeaderElection229] INFO  impl.RaftServerImpl (ServerState.java:setRaftConf(354)) - bcb704dc-2543-42a4-8762-cde039a55a99@group-4B788DE994AB: set configuration 0: [bcb704dc-2543-42a4-8762-cde039a55a99:192.168.151.99:43663], old=null at 0
2019-09-26 15:39:27,154 [bcb704dc-2543-42a4-8762-cde039a55a99@group-5371FDF97722-SegmentedRaftLogWorker] INFO  impl.PendingRequests (PendingRequests.java:sendNotLeaderResponses(202)) - bcb704dc-2543-42a4-8762-cde039a55a99-PendingRequests: sendNotLeaderResponses
2019-09-26 15:39:27,494 [bcb704dc-2543-42a4-8762-cde039a55a99@group-B2A28DABB48B-SegmentedRaftLogWorker] ERROR segmented.SegmentedRaftLogWorker (SegmentedRaftLogWorker.java:run(323)) - bcb704dc-2543-42a4-8762-cde039a55a99@group-B2A28DABB48B-SegmentedRaftLogWorker hit exception
java.lang.OutOfMemoryError: Direct buffer memory
	at java.nio.Bits.reserveMemory(Bits.java:666)
	at java.nio.DirectByteBuffer.<init>(DirectByteBuffer.java:123)
	at java.nio.ByteBuffer.allocateDirect(ByteBuffer.java:311)
	at org.apache.ratis.server.raftlog.segmented.BufferedWriteChannel.<init>(BufferedWriteChannel.java:41)
	at org.apache.ratis.server.raftlog.segmented.SegmentedRaftLogOutputStream.<init>(SegmentedRaftLogOutputStream.java:72)
	at org.apache.ratis.server.raftlog.segmented.SegmentedRaftLogWorker$StartLogSegment.execute(SegmentedRaftLogWorker.java:566)
	at org.apache.ratis.server.raftlog.segmented.SegmentedRaftLogWorker.run(SegmentedRaftLogWorker.java:289)
	at java.lang.Thread.run(Thread.java:748)
2019-09-26 15:39:27,494 [bcb704dc-2543-42a4-8762-cde039a55a99@group-4B85105F5536-SegmentedRaftLogWorker] ERROR segmented.SegmentedRaftLogWorker (SegmentedRaftLogWorker.java:run(323)) - bcb704dc-2543-42a4-8762-cde039a55a99@group-4B85105F5536-SegmentedRaftLogWorker hit exception
java.lang.OutOfMemoryError: Direct buffer memory
	at java.nio.Bits.reserveMemory(Bits.java:666)
	at java.nio.DirectByteBuffer.<init>(DirectByteBuffer.java:123)
	at java.nio.ByteBuffer.allocateDirect(ByteBuffer.java:311)
	at org.apache.ratis.server.raftlog.segmented.BufferedWriteChannel.<init>(BufferedWriteChannel.java:41)
	at org.apache.ratis.server.raftlog.segmented.SegmentedRaftLogOutputStream.<init>(SegmentedRaftLogOutputStream.java:72)
	at org.apache.ratis.server.raftlog.segmented.SegmentedRaftLogWorker$StartLogSegment.execute(SegmentedRaftLogWorker.java:566)
	at org.apache.ratis.server.raftlog.segmented.SegmentedRaftLogWorker.run(SegmentedRaftLogWorker.java:289)
	at java.lang.Thread.run(Thread.java:748)
2019-09-26 15:39:27,154 [bcb704dc-2543-42a4-8762-cde039a55a99@group-617888AA4A51:LeaderElection232] INFO  impl.RoleInfo (RoleInfo.java:updateAndGet(143)) - bcb704dc-2543-42a4-8762-cde039a55a99: start LeaderState
2019-09-26 15:39:27,505 [bcb704dc-2543-42a4-8762-cde039a55a99@group-4B85105F5536-SegmentedRaftLogWorker] INFO  impl.RaftServerImpl (RaftServerImpl.java:lambda$shutdown$3(251)) - bcb704dc-2543-42a4-8762-cde039a55a99@group-4B85105F5536: shutdown
2019-09-26 15:39:27,505 [bcb704dc-2543-42a4-8762-cde039a55a99@group-757F8E04E3F8-SegmentedRaftLogWorker] INFO  util.JmxRegister (JmxRegister.java:unregister(73)) - Successfully un-registered JMX Bean with object name Ratis:service=RaftServer,group=group-757F8E04E3F8,id=bcb704dc-2543-42a4-8762-cde039a55a99
2019-09-26 15:39:27,505 [bcb704dc-2543-42a4-8762-cde039a55a99@group-617888AA4A51:LeaderElection232] INFO  segmented.SegmentedRaftLogWorker (SegmentedRaftLogWorker.java:startLogSegment(380)) - bcb704dc-2543-42a4-8762-cde039a55a99@group-617888AA4A51-SegmentedRaftLogWorker: Starting segment from index:0
2019-09-26 15:39:27,504 [bcb704dc-2543-42a4-8762-cde039a55a99@group-B2A28DABB48B-SegmentedRaftLogWorker] INFO  impl.RaftServerImpl (RaftServerImpl.java:lambda$shutdown$3(251)) - bcb704dc-2543-42a4-8762-cde039a55a99@group-B2A28DABB48B: shutdown
2019-09-26 15:39:27,504 [bcb704dc-2543-42a4-8762-cde039a55a99@group-5371FDF97722-SegmentedRaftLogWorker] INFO  impl.StateMachineUpdater (StateMachineUpdater.java:stopAndJoin(125)) - bcb704dc-2543-42a4-8762-cde039a55a99@group-5371FDF97722-StateMachineUpdater: set stopIndex = -1
2019-09-26 15:39:27,506 [bcb704dc-2543-42a4-8762-cde039a55a99@group-617888AA4A51:LeaderElection232] INFO  impl.RaftServerImpl (ServerState.java:setRaftConf(354)) - bcb704dc-2543-42a4-8762-cde039a55a99@group-617888AA4A51: set configuration 0: [bcb704dc-2543-42a4-8762-cde039a55a99:192.168.151.99:43663], old=null at 0
2019-09-26 15:39:27,506 [bcb704dc-2543-42a4-8762-cde039a55a99@group-CD5767121D26:LeaderElection230] INFO  impl.RoleInfo (RoleInfo.java:updateAndGet(143)) - bcb704dc-2543-42a4-8762-cde039a55a99: start LeaderState
2019-09-26 15:39:27,505 [bcb704dc-2543-42a4-8762-cde039a55a99@group-5350FED428AE-SegmentedRaftLogWorker] INFO  util.JmxRegister (JmxRegister.java:unregister(73)) - Successfully un-registered JMX Bean with object name Ratis:service=RaftServer,group=group-5350FED428AE,id=bcb704dc-2543-42a4-8762-cde039a55a99
2019-09-26 15:39:27,828 [bcb704dc-2543-42a4-8762-cde039a55a99@group-CD5767121D26:LeaderElection230] INFO  segmented.SegmentedRaftLogWorker (SegmentedRaftLogWorker.java:startLogSegment(380)) - bcb704dc-2543-42a4-8762-cde039a55a99@group-CD5767121D26-SegmentedRaftLogWorker: Starting segment from index:0
2019-09-26 15:39:27,505 [bcb704dc-2543-42a4-8762-cde039a55a99@group-757F8E04E3F8-SegmentedRaftLogWorker] INFO  impl.RoleInfo (RoleInfo.java:shutdownLeaderState(104)) - bcb704dc-2543-42a4-8762-cde039a55a99: shutdown LeaderState
2019-09-26 15:39:27,828 [bcb704dc-2543-42a4-8762-cde039a55a99@group-5350FED428AE-SegmentedRaftLogWorker] INFO  impl.RoleInfo (RoleInfo.java:shutdownLeaderState(104)) - bcb704dc-2543-42a4-8762-cde039a55a99: shutdown LeaderState
2019-09-26 15:39:27,506 [bcb704dc-2543-42a4-8762-cde039a55a99@group-5371FDF97722-SegmentedRaftLogWorker] INFO  impl.RaftServerImpl (ServerState.java:close(385)) - bcb704dc-2543-42a4-8762-cde039a55a99@group-5371FDF97722: closes. applyIndex: -1
2019-09-26 15:39:28,121 [bcb704dc-2543-42a4-8762-cde039a55a99@group-071C3AE303E0-SegmentedRaftLogWorker] ERROR segmented.SegmentedRaftLogWorker (SegmentedRaftLogWorker.java:run(323)) - bcb704dc-2543-42a4-8762-cde039a55a99@group-071C3AE303E0-SegmentedRaftLogWorker hit exception
java.lang.OutOfMemoryError: Direct buffer memory
	at java.nio.Bits.reserveMemory(Bits.java:666)
	at java.nio.DirectByteBuffer.<init>(DirectByteBuffer.java:123)
	at java.nio.ByteBuffer.allocateDirect(ByteBuffer.java:311)
	at org.apache.ratis.server.raftlog.segmented.BufferedWriteChannel.<init>(BufferedWriteChannel.java:41)
	at org.apache.ratis.server.raftlog.segmented.SegmentedRaftLogOutputStream.<init>(SegmentedRaftLogOutputStream.java:72)
	at org.apache.ratis.server.raftlog.segmented.SegmentedRaftLogWorker$StartLogSegment.execute(SegmentedRaftLogWorker.java:566)
	at org.apache.ratis.server.raftlog.segmented.SegmentedRaftLogWorker.run(SegmentedRaftLogWorker.java:289)
	at java.lang.Thread.run(Thread.java:748)
2019-09-26 15:39:28,132 [bcb704dc-2543-42a4-8762-cde039a55a99@group-071C3AE303E0-SegmentedRaftLogWorker] INFO  impl.RaftServerImpl (RaftServerImpl.java:lambda$shutdown$3(251)) - bcb704dc-2543-42a4-8762-cde039a55a99@group-071C3AE303E0: shutdown
2019-09-26 15:39:27,828 [bcb704dc-2543-42a4-8762-cde039a55a99@group-5350FED428AE-SegmentedRaftLogWorker] INFO  impl.PendingRequests (PendingRequests.java:sendNotLeaderResponses(202)) - bcb704dc-2543-42a4-8762-cde039a55a99-PendingRequests: sendNotLeaderResponses
2019-09-26 15:39:27,828 [bcb704dc-2543-42a4-8762-cde039a55a99@group-757F8E04E3F8-SegmentedRaftLogWorker] INFO  impl.PendingRequests (PendingRequests.java:sendNotLeaderResponses(202)) - bcb704dc-2543-42a4-8762-cde039a55a99-PendingRequests: sendNotLeaderResponses
2019-09-26 15:39:27,828 [bcb704dc-2543-42a4-8762-cde039a55a99@group-CD5767121D26:LeaderElection230] INFO  impl.RaftServerImpl (ServerState.java:setRaftConf(354)) - bcb704dc-2543-42a4-8762-cde039a55a99@group-CD5767121D26: set configuration 0: [bcb704dc-2543-42a4-8762-cde039a55a99:192.168.151.99:43663], old=null at 0
2019-09-26 15:39:28,133 [bcb704dc-2543-42a4-8762-cde039a55a99@group-5350FED428AE-SegmentedRaftLogWorker] INFO  impl.StateMachineUpdater (StateMachineUpdater.java:stopAndJoin(125)) - bcb704dc-2543-42a4-8762-cde039a55a99@group-5350FED428AE-StateMachineUpdater: set stopIndex = -1
2019-09-26 15:39:28,132 [bcb704dc-2543-42a4-8762-cde039a55a99@group-4B85105F5536-SegmentedRaftLogWorker] INFO  util.JmxRegister (JmxRegister.java:unregister(73)) - Successfully un-registered JMX Bean with object name Ratis:service=RaftServer,group=group-4B85105F5536,id=bcb704dc-2543-42a4-8762-cde039a55a99
2019-09-26 15:39:28,133 [bcb704dc-2543-42a4-8762-cde039a55a99@group-4B85105F5536-SegmentedRaftLogWorker] INFO  impl.RoleInfo (RoleInfo.java:shutdownLeaderState(104)) - bcb704dc-2543-42a4-8762-cde039a55a99: shutdown LeaderState
2019-09-26 15:39:28,132 [bcb704dc-2543-42a4-8762-cde039a55a99@group-5371FDF97722-SegmentedRaftLogWorker] INFO  segmented.SegmentedRaftLogWorker (SegmentedRaftLogWorker.java:close(228)) - bcb704dc-2543-42a4-8762-cde039a55a99@group-5371FDF97722-SegmentedRaftLogWorker close()
2019-09-26 15:39:28,133 [bcb704dc-2543-42a4-8762-cde039a55a99@group-4B85105F5536-SegmentedRaftLogWorker] INFO  impl.PendingRequests (PendingRequests.java:sendNotLeaderResponses(202)) - bcb704dc-2543-42a4-8762-cde039a55a99-PendingRequests: sendNotLeaderResponses
2019-09-26 15:39:28,133 [bcb704dc-2543-42a4-8762-cde039a55a99@group-5350FED428AE-SegmentedRaftLogWorker] INFO  impl.RaftServerImpl (ServerState.java:close(385)) - bcb704dc-2543-42a4-8762-cde039a55a99@group-5350FED428AE: closes. applyIndex: -1
2019-09-26 15:39:28,133 [bcb704dc-2543-42a4-8762-cde039a55a99@group-B2A28DABB48B-SegmentedRaftLogWorker] INFO  util.JmxRegister (JmxRegister.java:unregister(73)) - Successfully un-registered JMX Bean with object name Ratis:service=RaftServer,group=group-B2A28DABB48B,id=bcb704dc-2543-42a4-8762-cde039a55a99
2019-09-26 15:39:28,133 [bcb704dc-2543-42a4-8762-cde039a55a99@group-757F8E04E3F8-SegmentedRaftLogWorker] INFO  impl.StateMachineUpdater (StateMachineUpdater.java:stopAndJoin(125)) - bcb704dc-2543-42a4-8762-cde039a55a99@group-757F8E04E3F8-StateMachineUpdater: set stopIndex = -1
2019-09-26 15:39:28,134 [bcb704dc-2543-42a4-8762-cde039a55a99@group-757F8E04E3F8-SegmentedRaftLogWorker] INFO  impl.RaftServerImpl (ServerState.java:close(385)) - bcb704dc-2543-42a4-8762-cde039a55a99@group-757F8E04E3F8: closes. applyIndex: -1
2019-09-26 15:39:28,134 [bcb704dc-2543-42a4-8762-cde039a55a99@group-B2A28DABB48B-SegmentedRaftLogWorker] INFO  impl.RoleInfo (RoleInfo.java:shutdownLeaderState(104)) - bcb704dc-2543-42a4-8762-cde039a55a99: shutdown LeaderState
2019-09-26 15:39:28,134 [bcb704dc-2543-42a4-8762-cde039a55a99@group-5350FED428AE-SegmentedRaftLogWorker] INFO  segmented.SegmentedRaftLogWorker (SegmentedRaftLogWorker.java:close(228)) - bcb704dc-2543-42a4-8762-cde039a55a99@group-5350FED428AE-SegmentedRaftLogWorker close()
2019-09-26 15:39:28,134 [bcb704dc-2543-42a4-8762-cde039a55a99@group-4B85105F5536-SegmentedRaftLogWorker] INFO  impl.StateMachineUpdater (StateMachineUpdater.java:stopAndJoin(125)) - bcb704dc-2543-42a4-8762-cde039a55a99@group-4B85105F5536-StateMachineUpdater: set stopIndex = -1
2019-09-26 15:39:28,134 [bcb704dc-2543-42a4-8762-cde039a55a99@group-B2A28DABB48B-SegmentedRaftLogWorker] INFO  impl.PendingRequests (PendingRequests.java:sendNotLeaderResponses(202)) - bcb704dc-2543-42a4-8762-cde039a55a99-PendingRequests: sendNotLeaderResponses
2019-09-26 15:39:28,134 [bcb704dc-2543-42a4-8762-cde039a55a99@group-071C3AE303E0-SegmentedRaftLogWorker] INFO  util.JmxRegister (JmxRegister.java:unregister(73)) - Successfully un-registered JMX Bean with object name Ratis:service=RaftServer,group=group-071C3AE303E0,id=bcb704dc-2543-42a4-8762-cde039a55a99
2019-09-26 15:39:28,134 [bcb704dc-2543-42a4-8762-cde039a55a99@group-757F8E04E3F8-SegmentedRaftLogWorker] INFO  segmented.SegmentedRaftLogWorker (SegmentedRaftLogWorker.java:close(228)) - bcb704dc-2543-42a4-8762-cde039a55a99@group-757F8E04E3F8-SegmentedRaftLogWorker close()
2019-09-26 15:39:28,135 [bcb704dc-2543-42a4-8762-cde039a55a99@group-071C3AE303E0-SegmentedRaftLogWorker] INFO  impl.RoleInfo (RoleInfo.java:shutdownLeaderState(104)) - bcb704dc-2543-42a4-8762-cde039a55a99: shutdown LeaderState
2019-09-26 15:39:28,135 [bcb704dc-2543-42a4-8762-cde039a55a99@group-B2A28DABB48B-SegmentedRaftLogWorker] INFO  impl.StateMachineUpdater (StateMachineUpdater.java:stopAndJoin(125)) - bcb704dc-2543-42a4-8762-cde039a55a99@group-B2A28DABB48B-StateMachineUpdater: set stopIndex = -1
2019-09-26 15:39:28,135 [bcb704dc-2543-42a4-8762-cde039a55a99@group-B2A28DABB48B-SegmentedRaftLogWorker] INFO  impl.RaftServerImpl (ServerState.java:close(385)) - bcb704dc-2543-42a4-8762-cde039a55a99@group-B2A28DABB48B: closes. applyIndex: -1
2019-09-26 15:39:28,135 [bcb704dc-2543-42a4-8762-cde039a55a99@group-4B85105F5536-SegmentedRaftLogWorker] INFO  impl.RaftServerImpl (ServerState.java:close(385)) - bcb704dc-2543-42a4-8762-cde039a55a99@group-4B85105F5536: closes. applyIndex: -1
2019-09-26 15:39:28,135 [bcb704dc-2543-42a4-8762-cde039a55a99@group-B2A28DABB48B-SegmentedRaftLogWorker] INFO  segmented.SegmentedRaftLogWorker (SegmentedRaftLogWorker.java:close(228)) - bcb704dc-2543-42a4-8762-cde039a55a99@group-B2A28DABB48B-SegmentedRaftLogWorker close()
2019-09-26 15:39:28,135 [bcb704dc-2543-42a4-8762-cde039a55a99@group-071C3AE303E0-SegmentedRaftLogWorker] INFO  impl.PendingRequests (PendingRequests.java:sendNotLeaderResponses(202)) - bcb704dc-2543-42a4-8762-cde039a55a99-PendingRequests: sendNotLeaderResponses
2019-09-26 15:39:28,136 [bcb704dc-2543-42a4-8762-cde039a55a99@group-4B85105F5536-SegmentedRaftLogWorker] INFO  segmented.SegmentedRaftLogWorker (SegmentedRaftLogWorker.java:close(228)) - bcb704dc-2543-42a4-8762-cde039a55a99@group-4B85105F5536-SegmentedRaftLogWorker close()
2019-09-26 15:39:28,135 [bcb704dc-2543-42a4-8762-cde039a55a99@group-42E764F99F92:LeaderElection225] INFO  impl.RoleInfo (RoleInfo.java:updateAndGet(143)) - bcb704dc-2543-42a4-8762-cde039a55a99: start LeaderState
2019-09-26 15:39:28,136 [bcb704dc-2543-42a4-8762-cde039a55a99@group-071C3AE303E0-SegmentedRaftLogWorker] INFO  impl.StateMachineUpdater (StateMachineUpdater.java:stopAndJoin(125)) - bcb704dc-2543-42a4-8762-cde039a55a99@group-071C3AE303E0-StateMachineUpdater: set stopIndex = -1
2019-09-26 15:39:28,136 [bcb704dc-2543-42a4-8762-cde039a55a99@group-071C3AE303E0-SegmentedRaftLogWorker] INFO  impl.RaftServerImpl (ServerState.java:close(385)) - bcb704dc-2543-42a4-8762-cde039a55a99@group-071C3AE303E0: closes. applyIndex: -1
2019-09-26 15:39:28,136 [bcb704dc-2543-42a4-8762-cde039a55a99@group-42E764F99F92:LeaderElection225] INFO  segmented.SegmentedRaftLogWorker (SegmentedRaftLogWorker.java:startLogSegment(380)) - bcb704dc-2543-42a4-8762-cde039a55a99@group-42E764F99F92-SegmentedRaftLogWorker: Starting segment from index:0
2019-09-26 15:39:28,136 [bcb704dc-2543-42a4-8762-cde039a55a99@group-071C3AE303E0-SegmentedRaftLogWorker] INFO  segmented.SegmentedRaftLogWorker (SegmentedRaftLogWorker.java:close(228)) - bcb704dc-2543-42a4-8762-cde039a55a99@group-071C3AE303E0-SegmentedRaftLogWorker close()
2019-09-26 15:39:28,137 [bcb704dc-2543-42a4-8762-cde039a55a99@group-42E764F99F92:LeaderElection225] INFO  impl.RaftServerImpl (ServerState.java:setRaftConf(354)) - bcb704dc-2543-42a4-8762-cde039a55a99@group-42E764F99F92: set configuration 0: [bcb704dc-2543-42a4-8762-cde039a55a99:192.168.151.99:43663], old=null at 0
2019-09-26 15:39:28,138 [bcb704dc-2543-42a4-8762-cde039a55a99@group-1EDFAD8639C2:LeaderElection238] INFO  impl.RoleInfo (RoleInfo.java:updateAndGet(143)) - bcb704dc-2543-42a4-8762-cde039a55a99: start LeaderState
2019-09-26 15:39:28,138 [bcb704dc-2543-42a4-8762-cde039a55a99@group-1EDFAD8639C2:LeaderElection238] INFO  segmented.SegmentedRaftLogWorker (SegmentedRaftLogWorker.java:startLogSegment(380)) - bcb704dc-2543-42a4-8762-cde039a55a99@group-1EDFAD8639C2-SegmentedRaftLogWorker: Starting segment from index:0
2019-09-26 15:39:28,138 [bcb704dc-2543-42a4-8762-cde039a55a99@group-1EDFAD8639C2:LeaderElection238] INFO  impl.RaftServerImpl (ServerState.java:setRaftConf(354)) - bcb704dc-2543-42a4-8762-cde039a55a99@group-1EDFAD8639C2: set configuration 0: [bcb704dc-2543-42a4-8762-cde039a55a99:192.168.151.99:43663], old=null at 0
2019-09-26 15:39:28,140 [bcb704dc-2543-42a4-8762-cde039a55a99@group-E216D9E11CC2:LeaderElection245] INFO  impl.RoleInfo (RoleInfo.java:updateAndGet(143)) - bcb704dc-2543-42a4-8762-cde039a55a99: start LeaderState
2019-09-26 15:39:28,140 [bcb704dc-2543-42a4-8762-cde039a55a99@group-E216D9E11CC2:LeaderElection245] INFO  segmented.SegmentedRaftLogWorker (SegmentedRaftLogWorker.java:startLogSegment(380)) - bcb704dc-2543-42a4-8762-cde039a55a99@group-E216D9E11CC2-SegmentedRaftLogWorker: Starting segment from index:0
2019-09-26 15:39:28,140 [bcb704dc-2543-42a4-8762-cde039a55a99@group-E216D9E11CC2:LeaderElection245] INFO  impl.RaftServerImpl (ServerState.java:setRaftConf(354)) - bcb704dc-2543-42a4-8762-cde039a55a99@group-E216D9E11CC2: set configuration 0: [bcb704dc-2543-42a4-8762-cde039a55a99:192.168.151.99:43663], old=null at 0
2019-09-26 15:39:28,141 [bcb704dc-2543-42a4-8762-cde039a55a99@group-375D6A16F6EF:LeaderElection248] INFO  impl.RoleInfo (RoleInfo.java:updateAndGet(143)) - bcb704dc-2543-42a4-8762-cde039a55a99: start LeaderState
2019-09-26 15:39:28,141 [bcb704dc-2543-42a4-8762-cde039a55a99@group-375D6A16F6EF:LeaderElection248] INFO  segmented.SegmentedRaftLogWorker (SegmentedRaftLogWorker.java:startLogSegment(380)) - bcb704dc-2543-42a4-8762-cde039a55a99@group-375D6A16F6EF-SegmentedRaftLogWorker: Starting segment from index:0
2019-09-26 15:39:28,141 [bcb704dc-2543-42a4-8762-cde039a55a99@group-375D6A16F6EF:LeaderElection248] INFO  impl.RaftServerImpl (ServerState.java:setRaftConf(354)) - bcb704dc-2543-42a4-8762-cde039a55a99@group-375D6A16F6EF: set configuration 0: [bcb704dc-2543-42a4-8762-cde039a55a99:192.168.151.99:43663], old=null at 0
2019-09-26 15:39:28,141 [bcb704dc-2543-42a4-8762-cde039a55a99@group-860F4724CA86:LeaderElection254] INFO  impl.RoleInfo (RoleInfo.java:updateAndGet(143)) - bcb704dc-2543-42a4-8762-cde039a55a99: start LeaderState
2019-09-26 15:39:28,142 [bcb704dc-2543-42a4-8762-cde039a55a99@group-860F4724CA86:LeaderElection254] INFO  segmented.SegmentedRaftLogWorker (SegmentedRaftLogWorker.java:startLogSegment(380)) - bcb704dc-2543-42a4-8762-cde039a55a99@group-860F4724CA86-SegmentedRaftLogWorker: Starting segment from index:0
2019-09-26 15:39:28,142 [bcb704dc-2543-42a4-8762-cde039a55a99@group-860F4724CA86:LeaderElection254] INFO  impl.RaftServerImpl (ServerState.java:setRaftConf(354)) - bcb704dc-2543-42a4-8762-cde039a55a99@group-860F4724CA86: set configuration 0: [bcb704dc-2543-42a4-8762-cde039a55a99:192.168.151.99:43663], old=null at 0
2019-09-26 15:39:28,142 [bcb704dc-2543-42a4-8762-cde039a55a99@group-20AC887259AF:LeaderElection253] INFO  impl.RoleInfo (RoleInfo.java:updateAndGet(143)) - bcb704dc-2543-42a4-8762-cde039a55a99: start LeaderState
2019-09-26 15:39:28,142 [bcb704dc-2543-42a4-8762-cde039a55a99@group-20AC887259AF:LeaderElection253] INFO  segmented.SegmentedRaftLogWorker (SegmentedRaftLogWorker.java:startLogSegment(380)) - bcb704dc-2543-42a4-8762-cde039a55a99@group-20AC887259AF-SegmentedRaftLogWorker: Starting segment from index:0
2019-09-26 15:39:28,143 [bcb704dc-2543-42a4-8762-cde039a55a99@group-20AC887259AF:LeaderElection253] INFO  impl.RaftServerImpl (ServerState.java:setRaftConf(354)) - bcb704dc-2543-42a4-8762-cde039a55a99@group-20AC887259AF: set configuration 0: [bcb704dc-2543-42a4-8762-cde039a55a99:192.168.151.99:43663], old=null at 0
2019-09-26 15:39:28,143 [bcb704dc-2543-42a4-8762-cde039a55a99@group-B25BEBFA3DA3:LeaderElection240] INFO  impl.RoleInfo (RoleInfo.java:updateAndGet(143)) - bcb704dc-2543-42a4-8762-cde039a55a99: start LeaderState
2019-09-26 15:39:28,143 [bcb704dc-2543-42a4-8762-cde039a55a99@group-B25BEBFA3DA3:LeaderElection240] INFO  segmented.SegmentedRaftLogWorker (SegmentedRaftLogWorker.java:startLogSegment(380)) - bcb704dc-2543-42a4-8762-cde039a55a99@group-B25BEBFA3DA3-SegmentedRaftLogWorker: Starting segment from index:0
2019-09-26 15:39:28,143 [bcb704dc-2543-42a4-8762-cde039a55a99@group-C4D905E4103A:LeaderElection244] INFO  impl.RoleInfo (RoleInfo.java:updateAndGet(143)) - bcb704dc-2543-42a4-8762-cde039a55a99: start LeaderState
2019-09-26 15:39:28,144 [bcb704dc-2543-42a4-8762-cde039a55a99@group-B25BEBFA3DA3:LeaderElection240] INFO  impl.RaftServerImpl (ServerState.java:setRaftConf(354)) - bcb704dc-2543-42a4-8762-cde039a55a99@group-B25BEBFA3DA3: set configuration 0: [bcb704dc-2543-42a4-8762-cde039a55a99:192.168.151.99:43663], old=null at 0
2019-09-26 15:39:28,144 [bcb704dc-2543-42a4-8762-cde039a55a99@group-C4D905E4103A:LeaderElection244] INFO  segmented.SegmentedRaftLogWorker (SegmentedRaftLogWorker.java:startLogSegment(380)) - bcb704dc-2543-42a4-8762-cde039a55a99@group-C4D905E4103A-SegmentedRaftLogWorker: Starting segment from index:0
2019-09-26 15:39:28,144 [bcb704dc-2543-42a4-8762-cde039a55a99@group-BB495E0FFD8F:LeaderElection252] INFO  impl.RoleInfo (RoleInfo.java:updateAndGet(143)) - bcb704dc-2543-42a4-8762-cde039a55a99: start LeaderState
2019-09-26 15:39:28,144 [bcb704dc-2543-42a4-8762-cde039a55a99@group-BB495E0FFD8F:LeaderElection252] INFO  segmented.SegmentedRaftLogWorker (SegmentedRaftLogWorker.java:startLogSegment(380)) - bcb704dc-2543-42a4-8762-cde039a55a99@group-BB495E0FFD8F-SegmentedRaftLogWorker: Starting segment from index:0
2019-09-26 15:39:28,144 [bcb704dc-2543-42a4-8762-cde039a55a99@group-C4D905E4103A:LeaderElection244] INFO  impl.RaftServerImpl (ServerState.java:setRaftConf(354)) - bcb704dc-2543-42a4-8762-cde039a55a99@group-C4D905E4103A: set configuration 0: [bcb704dc-2543-42a4-8762-cde039a55a99:192.168.151.99:43663], old=null at 0
2019-09-26 15:39:28,144 [bcb704dc-2543-42a4-8762-cde039a55a99@group-BB495E0FFD8F:LeaderElection252] INFO  impl.RaftServerImpl (ServerState.java:setRaftConf(354)) - bcb704dc-2543-42a4-8762-cde039a55a99@group-BB495E0FFD8F: set configuration 0: [bcb704dc-2543-42a4-8762-cde039a55a99:192.168.151.99:43663], old=null at 0
2019-09-26 15:39:29,627 [org.apache.hadoop.util.JvmPauseMonitor$Monitor@5418e27] INFO  util.JvmPauseMonitor (JvmPauseMonitor.java:run(205)) - Detected pause in JVM or host machine (eg GC): pause of approximately 1306ms
GC pool 'PS MarkSweep' had collection(s): count=7 time=1674ms
GC pool 'PS Scavenge' had collection(s): count=7 time=64ms
2019-09-26 15:39:29,627 [org.apache.hadoop.util.JvmPauseMonitor$Monitor@2e3191fb] INFO  util.JvmPauseMonitor (JvmPauseMonitor.java:run(205)) - Detected pause in JVM or host machine (eg GC): pause of approximately 1306ms
GC pool 'PS MarkSweep' had collection(s): count=7 time=1674ms
GC pool 'PS Scavenge' had collection(s): count=7 time=64ms
2019-09-26 15:39:29,625 [bcb704dc-2543-42a4-8762-cde039a55a99@group-05AF4C6C8552-SegmentedRaftLogWorker] ERROR segmented.SegmentedRaftLogWorker (SegmentedRaftLogWorker.java:run(323)) - bcb704dc-2543-42a4-8762-cde039a55a99@group-05AF4C6C8552-SegmentedRaftLogWorker hit exception
java.lang.OutOfMemoryError: Direct buffer memory
	at java.nio.Bits.reserveMemory(Bits.java:666)
	at java.nio.DirectByteBuffer.<init>(DirectByteBuffer.java:123)
	at java.nio.ByteBuffer.allocateDirect(ByteBuffer.java:311)
	at org.apache.ratis.server.raftlog.segmented.BufferedWriteChannel.<init>(BufferedWriteChannel.java:41)
	at org.apache.ratis.server.raftlog.segmented.SegmentedRaftLogOutputStream.<init>(SegmentedRaftLogOutputStream.java:72)
	at org.apache.ratis.server.raftlog.segmented.SegmentedRaftLogWorker$StartLogSegment.execute(SegmentedRaftLogWorker.java:566)
	at org.apache.ratis.server.raftlog.segmented.SegmentedRaftLogWorker.run(SegmentedRaftLogWorker.java:289)
	at java.lang.Thread.run(Thread.java:748)
2019-09-26 15:39:30,415 [bcb704dc-2543-42a4-8762-cde039a55a99@group-4B788DE994AB-SegmentedRaftLogWorker] ERROR segmented.SegmentedRaftLogWorker (SegmentedRaftLogWorker.java:run(323)) - bcb704dc-2543-42a4-8762-cde039a55a99@group-4B788DE994AB-SegmentedRaftLogWorker hit exception
java.lang.OutOfMemoryError: Direct buffer memory
	at java.nio.Bits.reserveMemory(Bits.java:666)
	at java.nio.DirectByteBuffer.<init>(DirectByteBuffer.java:123)
	at java.nio.ByteBuffer.allocateDirect(ByteBuffer.java:311)
	at org.apache.ratis.server.raftlog.segmented.BufferedWriteChannel.<init>(BufferedWriteChannel.java:41)
	at org.apache.ratis.server.raftlog.segmented.SegmentedRaftLogOutputStream.<init>(SegmentedRaftLogOutputStream.java:72)
	at org.apache.ratis.server.raftlog.segmented.SegmentedRaftLogWorker$StartLogSegment.execute(SegmentedRaftLogWorker.java:566)
	at org.apache.ratis.server.raftlog.segmented.SegmentedRaftLogWorker.run(SegmentedRaftLogWorker.java:289)
	at java.lang.Thread.run(Thread.java:748)
2019-09-26 15:39:30,126 [bcb704dc-2543-42a4-8762-cde039a55a99@group-708F9F8A739D:LeaderElection264] INFO  impl.RoleInfo (RoleInfo.java:updateAndGet(143)) - bcb704dc-2543-42a4-8762-cde039a55a99: start LeaderState
2019-09-26 15:39:30,428 [bcb704dc-2543-42a4-8762-cde039a55a99@group-F96E5E74ED10:LeaderElection263] INFO  impl.RoleInfo (RoleInfo.java:updateAndGet(143)) - bcb704dc-2543-42a4-8762-cde039a55a99: start LeaderState
2019-09-26 15:39:30,428 [bcb704dc-2543-42a4-8762-cde039a55a99@group-C76860977E5E:LeaderElection246] INFO  impl.RoleInfo (RoleInfo.java:updateAndGet(143)) - bcb704dc-2543-42a4-8762-cde039a55a99: start LeaderState
2019-09-26 15:39:30,429 [bcb704dc-2543-42a4-8762-cde039a55a99@group-C76860977E5E:LeaderElection246] INFO  segmented.SegmentedRaftLogWorker (SegmentedRaftLogWorker.java:startLogSegment(380)) - bcb704dc-2543-42a4-8762-cde039a55a99@group-C76860977E5E-SegmentedRaftLogWorker: Starting segment from index:0
2019-09-26 15:39:30,428 [bcb704dc-2543-42a4-8762-cde039a55a99@group-4B788DE994AB-SegmentedRaftLogWorker] INFO  impl.RaftServerImpl (RaftServerImpl.java:lambda$shutdown$3(251)) - bcb704dc-2543-42a4-8762-cde039a55a99@group-4B788DE994AB: shutdown
2019-09-26 15:39:30,429 [bcb704dc-2543-42a4-8762-cde039a55a99@group-91004EC9A14A:LeaderElection247] INFO  impl.RoleInfo (RoleInfo.java:updateAndGet(143)) - bcb704dc-2543-42a4-8762-cde039a55a99: start LeaderState
2019-09-26 15:39:30,428 [bcb704dc-2543-42a4-8762-cde039a55a99@group-05AF4C6C8552-SegmentedRaftLogWorker] INFO  impl.RaftServerImpl (RaftServerImpl.java:lambda$shutdown$3(251)) - bcb704dc-2543-42a4-8762-cde039a55a99@group-05AF4C6C8552: shutdown
2019-09-26 15:39:30,430 [bcb704dc-2543-42a4-8762-cde039a55a99@group-BA70793E3DE7:LeaderElection249] INFO  impl.RoleInfo (RoleInfo.java:updateAndGet(143)) - bcb704dc-2543-42a4-8762-cde039a55a99: start LeaderState
2019-09-26 15:39:30,429 [bcb704dc-2543-42a4-8762-cde039a55a99@group-C76860977E5E:LeaderElection246] INFO  impl.RaftServerImpl (ServerState.java:setRaftConf(354)) - bcb704dc-2543-42a4-8762-cde039a55a99@group-C76860977E5E: set configuration 0: [bcb704dc-2543-42a4-8762-cde039a55a99:192.168.151.99:43663], old=null at 0
2019-09-26 15:39:30,695 [bcb704dc-2543-42a4-8762-cde039a55a99@group-4B788DE994AB-SegmentedRaftLogWorker] INFO  util.JmxRegister (JmxRegister.java:unregister(73)) - Successfully un-registered JMX Bean with object name Ratis:service=RaftServer,group=group-4B788DE994AB,id=bcb704dc-2543-42a4-8762-cde039a55a99
2019-09-26 15:39:30,429 [bcb704dc-2543-42a4-8762-cde039a55a99@group-8891CF406B17-SegmentedRaftLogWorker] ERROR segmented.SegmentedRaftLogWorker (SegmentedRaftLogWorker.java:run(323)) - bcb704dc-2543-42a4-8762-cde039a55a99@group-8891CF406B17-SegmentedRaftLogWorker hit exception
java.lang.OutOfMemoryError: Direct buffer memory
	at java.nio.Bits.reserveMemory(Bits.java:666)
	at java.nio.DirectByteBuffer.<init>(DirectByteBuffer.java:123)
	at java.nio.ByteBuffer.allocateDirect(ByteBuffer.java:311)
	at org.apache.ratis.server.raftlog.segmented.BufferedWriteChannel.<init>(BufferedWriteChannel.java:41)
	at org.apache.ratis.server.raftlog.segmented.SegmentedRaftLogOutputStream.<init>(SegmentedRaftLogOutputStream.java:72)
	at org.apache.ratis.server.raftlog.segmented.SegmentedRaftLogWorker$StartLogSegment.execute(SegmentedRaftLogWorker.java:566)
	at org.apache.ratis.server.raftlog.segmented.SegmentedRaftLogWorker.run(SegmentedRaftLogWorker.java:289)
	at java.lang.Thread.run(Thread.java:748)
2019-09-26 15:39:30,428 [bcb704dc-2543-42a4-8762-cde039a55a99@group-708F9F8A739D:LeaderElection264] INFO  segmented.SegmentedRaftLogWorker (SegmentedRaftLogWorker.java:startLogSegment(380)) - bcb704dc-2543-42a4-8762-cde039a55a99@group-708F9F8A739D-SegmentedRaftLogWorker: Starting segment from index:0
2019-09-26 15:39:30,428 [bcb704dc-2543-42a4-8762-cde039a55a99@group-F96E5E74ED10:LeaderElection263] INFO  segmented.SegmentedRaftLogWorker (SegmentedRaftLogWorker.java:startLogSegment(380)) - bcb704dc-2543-42a4-8762-cde039a55a99@group-F96E5E74ED10-SegmentedRaftLogWorker: Starting segment from index:0
2019-09-26 15:39:30,696 [bcb704dc-2543-42a4-8762-cde039a55a99@group-768FFE8D3C99:LeaderElection239] INFO  impl.RoleInfo (RoleInfo.java:updateAndGet(143)) - bcb704dc-2543-42a4-8762-cde039a55a99: start LeaderState
2019-09-26 15:39:30,696 [bcb704dc-2543-42a4-8762-cde039a55a99@group-B99515D878E9:LeaderElection242] INFO  impl.RoleInfo (RoleInfo.java:updateAndGet(143)) - bcb704dc-2543-42a4-8762-cde039a55a99: start LeaderState
2019-09-26 15:39:30,696 [bcb704dc-2543-42a4-8762-cde039a55a99@group-8891CF406B17-SegmentedRaftLogWorker] INFO  impl.RaftServerImpl (RaftServerImpl.java:lambda$shutdown$3(251)) - bcb704dc-2543-42a4-8762-cde039a55a99@group-8891CF406B17: shutdown
2019-09-26 15:39:30,696 [bcb704dc-2543-42a4-8762-cde039a55a99@group-05AF4C6C8552-SegmentedRaftLogWorker] INFO  util.JmxRegister (JmxRegister.java:unregister(73)) - Successfully un-registered JMX Bean with object name Ratis:service=RaftServer,group=group-05AF4C6C8552,id=bcb704dc-2543-42a4-8762-cde039a55a99
2019-09-26 15:39:31,241 [bcb704dc-2543-42a4-8762-cde039a55a99@group-05AF4C6C8552-SegmentedRaftLogWorker] INFO  impl.RoleInfo (RoleInfo.java:shutdownLeaderState(104)) - bcb704dc-2543-42a4-8762-cde039a55a99: shutdown LeaderState
2019-09-26 15:39:30,695 [bcb704dc-2543-42a4-8762-cde039a55a99@group-4B788DE994AB-SegmentedRaftLogWorker] INFO  impl.RoleInfo (RoleInfo.java:shutdownLeaderState(104)) - bcb704dc-2543-42a4-8762-cde039a55a99: shutdown LeaderState
2019-09-26 15:39:30,695 [bcb704dc-2543-42a4-8762-cde039a55a99@group-FB26FC18925F:LeaderElection265] INFO  impl.RoleInfo (RoleInfo.java:updateAndGet(143)) - bcb704dc-2543-42a4-8762-cde039a55a99: start LeaderState
2019-09-26 15:39:30,695 [bcb704dc-2543-42a4-8762-cde039a55a99@group-BA70793E3DE7:LeaderElection249] INFO  segmented.SegmentedRaftLogWorker (SegmentedRaftLogWorker.java:startLogSegment(380)) - bcb704dc-2543-42a4-8762-cde039a55a99@group-BA70793E3DE7-SegmentedRaftLogWorker: Starting segment from index:0
2019-09-26 15:39:30,430 [bcb704dc-2543-42a4-8762-cde039a55a99@group-91004EC9A14A:LeaderElection247] INFO  segmented.SegmentedRaftLogWorker (SegmentedRaftLogWorker.java:startLogSegment(380)) - bcb704dc-2543-42a4-8762-cde039a55a99@group-91004EC9A14A-SegmentedRaftLogWorker: Starting segment from index:0
2019-09-26 15:39:31,242 [bcb704dc-2543-42a4-8762-cde039a55a99@group-ADDB6DC4F628:LeaderElection266] INFO  impl.RoleInfo (RoleInfo.java:updateAndGet(143)) - bcb704dc-2543-42a4-8762-cde039a55a99: start LeaderState
2019-09-26 15:39:31,242 [bcb704dc-2543-42a4-8762-cde039a55a99@group-FB26FC18925F:LeaderElection265] INFO  segmented.SegmentedRaftLogWorker (SegmentedRaftLogWorker.java:startLogSegment(380)) - bcb704dc-2543-42a4-8762-cde039a55a99@group-FB26FC18925F-SegmentedRaftLogWorker: Starting segment from index:0
2019-09-26 15:39:31,242 [bcb704dc-2543-42a4-8762-cde039a55a99@group-4B788DE994AB-SegmentedRaftLogWorker] INFO  impl.PendingRequests (PendingRequests.java:sendNotLeaderResponses(202)) - bcb704dc-2543-42a4-8762-cde039a55a99-PendingRequests: sendNotLeaderResponses
2019-09-26 15:39:31,242 [bcb704dc-2543-42a4-8762-cde039a55a99@group-8891CF406B17-SegmentedRaftLogWorker] INFO  util.JmxRegister (JmxRegister.java:unregister(73)) - Successfully un-registered JMX Bean with object name Ratis:service=RaftServer,group=group-8891CF406B17,id=bcb704dc-2543-42a4-8762-cde039a55a99
2019-09-26 15:39:31,242 [bcb704dc-2543-42a4-8762-cde039a55a99@group-05AF4C6C8552-SegmentedRaftLogWorker] INFO  impl.PendingRequests (PendingRequests.java:sendNotLeaderResponses(202)) - bcb704dc-2543-42a4-8762-cde039a55a99-PendingRequests: sendNotLeaderResponses
2019-09-26 15:39:31,242 [bcb704dc-2543-42a4-8762-cde039a55a99@group-B76F64AA196D:LeaderElection258] INFO  impl.RoleInfo (RoleInfo.java:updateAndGet(143)) - bcb704dc-2543-42a4-8762-cde039a55a99: start LeaderState
2019-09-26 15:39:31,005 [bcb704dc-2543-42a4-8762-cde039a55a99@group-B99515D878E9:LeaderElection242] INFO  segmented.SegmentedRaftLogWorker (SegmentedRaftLogWorker.java:startLogSegment(380)) - bcb704dc-2543-42a4-8762-cde039a55a99@group-B99515D878E9-SegmentedRaftLogWorker: Starting segment from index:0
2019-09-26 15:39:31,005 [bcb704dc-2543-42a4-8762-cde039a55a99@group-F96E5E74ED10:LeaderElection263] INFO  impl.RaftServerImpl (ServerState.java:setRaftConf(354)) - bcb704dc-2543-42a4-8762-cde039a55a99@group-F96E5E74ED10: set configuration 0: [bcb704dc-2543-42a4-8762-cde039a55a99:192.168.151.99:43663], old=null at 0
2019-09-26 15:39:30,993 [bcb704dc-2543-42a4-8762-cde039a55a99@group-CD5767121D26-SegmentedRaftLogWorker] ERROR segmented.SegmentedRaftLogWorker (SegmentedRaftLogWorker.java:run(323)) - bcb704dc-2543-42a4-8762-cde039a55a99@group-CD5767121D26-SegmentedRaftLogWorker hit exception
java.lang.OutOfMemoryError: Direct buffer memory
	at java.nio.Bits.reserveMemory(Bits.java:666)
	at java.nio.DirectByteBuffer.<init>(DirectByteBuffer.java:123)
	at java.nio.ByteBuffer.allocateDirect(ByteBuffer.java:311)
	at org.apache.ratis.server.raftlog.segmented.BufferedWriteChannel.<init>(BufferedWriteChannel.java:41)
	at org.apache.ratis.server.raftlog.segmented.SegmentedRaftLogOutputStream.<init>(SegmentedRaftLogOutputStream.java:72)
	at org.apache.ratis.server.raftlog.segmented.SegmentedRaftLogWorker$StartLogSegment.execute(SegmentedRaftLogWorker.java:566)
	at org.apache.ratis.server.raftlog.segmented.SegmentedRaftLogWorker.run(SegmentedRaftLogWorker.java:289)
	at java.lang.Thread.run(Thread.java:748)
2019-09-26 15:39:30,993 [bcb704dc-2543-42a4-8762-cde039a55a99@group-617888AA4A51-SegmentedRaftLogWorker] ERROR segmented.SegmentedRaftLogWorker (SegmentedRaftLogWorker.java:run(323)) - bcb704dc-2543-42a4-8762-cde039a55a99@group-617888AA4A51-SegmentedRaftLogWorker hit exception
java.lang.OutOfMemoryError: Direct buffer memory
	at java.nio.Bits.reserveMemory(Bits.java:666)
	at java.nio.DirectByteBuffer.<init>(DirectByteBuffer.java:123)
	at java.nio.ByteBuffer.allocateDirect(ByteBuffer.java:311)
	at org.apache.ratis.server.raftlog.segmented.BufferedWriteChannel.<init>(BufferedWriteChannel.java:41)
	at org.apache.ratis.server.raftlog.segmented.SegmentedRaftLogOutputStream.<init>(SegmentedRaftLogOutputStream.java:72)
	at org.apache.ratis.server.raftlog.segmented.SegmentedRaftLogWorker$StartLogSegment.execute(SegmentedRaftLogWorker.java:566)
	at org.apache.ratis.server.raftlog.segmented.SegmentedRaftLogWorker.run(SegmentedRaftLogWorker.java:289)
	at java.lang.Thread.run(Thread.java:748)
2019-09-26 15:39:32,322 [bcb704dc-2543-42a4-8762-cde039a55a99@group-617888AA4A51-SegmentedRaftLogWorker] INFO  impl.RaftServerImpl (RaftServerImpl.java:lambda$shutdown$3(251)) - bcb704dc-2543-42a4-8762-cde039a55a99@group-617888AA4A51: shutdown
2019-09-26 15:39:30,696 [bcb704dc-2543-42a4-8762-cde039a55a99@group-768FFE8D3C99:LeaderElection239] INFO  segmented.SegmentedRaftLogWorker (SegmentedRaftLogWorker.java:startLogSegment(380)) - bcb704dc-2543-42a4-8762-cde039a55a99@group-768FFE8D3C99-SegmentedRaftLogWorker: Starting segment from index:0
2019-09-26 15:39:30,696 [bcb704dc-2543-42a4-8762-cde039a55a99@group-708F9F8A739D:LeaderElection264] INFO  impl.RaftServerImpl (ServerState.java:setRaftConf(354)) - bcb704dc-2543-42a4-8762-cde039a55a99@group-708F9F8A739D: set configuration 0: [bcb704dc-2543-42a4-8762-cde039a55a99:192.168.151.99:43663], old=null at 0
2019-09-26 15:39:32,323 [bcb704dc-2543-42a4-8762-cde039a55a99@group-617888AA4A51-SegmentedRaftLogWorker] INFO  util.JmxRegister (JmxRegister.java:unregister(73)) - Successfully un-registered JMX Bean with object name Ratis:service=RaftServer,group=group-617888AA4A51,id=bcb704dc-2543-42a4-8762-cde039a55a99
2019-09-26 15:39:32,322 [bcb704dc-2543-42a4-8762-cde039a55a99@group-CD5767121D26-SegmentedRaftLogWorker] INFO  impl.RaftServerImpl (RaftServerImpl.java:lambda$shutdown$3(251)) - bcb704dc-2543-42a4-8762-cde039a55a99@group-CD5767121D26: shutdown
2019-09-26 15:39:32,315 [Thread-1655] INFO  impl.MetricsSystemImpl (MetricsSystemImpl.java:init(158)) - XceiverClientMetrics metrics system started (again)
2019-09-26 15:39:32,315 [pool-123-thread-1] INFO  impl.RaftServerImpl (RaftServerImpl.java:<init>(95)) - bcb704dc-2543-42a4-8762-cde039a55a99: new RaftServerImpl for group-1C06ADD74525:[bcb704dc-2543-42a4-8762-cde039a55a99:192.168.151.99:43663] with ContainerStateMachine:uninitialized
2019-09-26 15:39:32,314 [bcb704dc-2543-42a4-8762-cde039a55a99@group-81908E8BCAAC:LeaderElection221] INFO  impl.RoleInfo (RoleInfo.java:updateAndGet(143)) - bcb704dc-2543-42a4-8762-cde039a55a99: start LeaderState
2019-09-26 15:39:32,314 [bcb704dc-2543-42a4-8762-cde039a55a99@group-04D57B5B7528:LeaderElection267] INFO  impl.RoleInfo (RoleInfo.java:updateAndGet(143)) - bcb704dc-2543-42a4-8762-cde039a55a99: start LeaderState
2019-09-26 15:39:32,313 [bcb704dc-2543-42a4-8762-cde039a55a99@group-B25BEBFA3DA3-SegmentedRaftLogWorker] ERROR segmented.SegmentedRaftLogWorker (SegmentedRaftLogWorker.java:run(323)) - bcb704dc-2543-42a4-8762-cde039a55a99@group-B25BEBFA3DA3-SegmentedRaftLogWorker hit exception
java.lang.OutOfMemoryError: Direct buffer memory
	at java.nio.Bits.reserveMemory(Bits.java:666)
	at java.nio.DirectByteBuffer.<init>(DirectByteBuffer.java:123)
	at java.nio.ByteBuffer.allocateDirect(ByteBuffer.java:311)
	at org.apache.ratis.server.raftlog.segmented.BufferedWriteChannel.<init>(BufferedWriteChannel.java:41)
	at org.apache.ratis.server.raftlog.segmented.SegmentedRaftLogOutputStream.<init>(SegmentedRaftLogOutputStream.java:72)
	at org.apache.ratis.server.raftlog.segmented.SegmentedRaftLogWorker$StartLogSegment.execute(SegmentedRaftLogWorker.java:566)
	at org.apache.ratis.server.raftlog.segmented.SegmentedRaftLogWorker.run(SegmentedRaftLogWorker.java:289)
	at java.lang.Thread.run(Thread.java:748)
2019-09-26 15:39:32,622 [bcb704dc-2543-42a4-8762-cde039a55a99@group-B25BEBFA3DA3-SegmentedRaftLogWorker] INFO  impl.RaftServerImpl (RaftServerImpl.java:lambda$shutdown$3(251)) - bcb704dc-2543-42a4-8762-cde039a55a99@group-B25BEBFA3DA3: shutdown
2019-09-26 15:39:32,313 [bcb704dc-2543-42a4-8762-cde039a55a99@group-BB495E0FFD8F-SegmentedRaftLogWorker] ERROR segmented.SegmentedRaftLogWorker (SegmentedRaftLogWorker.java:run(323)) - bcb704dc-2543-42a4-8762-cde039a55a99@group-BB495E0FFD8F-SegmentedRaftLogWorker hit exception
java.lang.OutOfMemoryError: Direct buffer memory
	at java.nio.Bits.reserveMemory(Bits.java:666)
	at java.nio.DirectByteBuffer.<init>(DirectByteBuffer.java:123)
	at java.nio.ByteBuffer.allocateDirect(ByteBuffer.java:311)
	at org.apache.ratis.server.raftlog.segmented.BufferedWriteChannel.<init>(BufferedWriteChannel.java:41)
	at org.apache.ratis.server.raftlog.segmented.SegmentedRaftLogOutputStream.<init>(SegmentedRaftLogOutputStream.java:72)
	at org.apache.ratis.server.raftlog.segmented.SegmentedRaftLogWorker$StartLogSegment.execute(SegmentedRaftLogWorker.java:566)
	at org.apache.ratis.server.raftlog.segmented.SegmentedRaftLogWorker.run(SegmentedRaftLogWorker.java:289)
	at java.lang.Thread.run(Thread.java:748)
2019-09-26 15:39:32,623 [bcb704dc-2543-42a4-8762-cde039a55a99@group-BB495E0FFD8F-SegmentedRaftLogWorker] INFO  impl.RaftServerImpl (RaftServerImpl.java:lambda$shutdown$3(251)) - bcb704dc-2543-42a4-8762-cde039a55a99@group-BB495E0FFD8F: shutdown
2019-09-26 15:39:32,313 [bcb704dc-2543-42a4-8762-cde039a55a99@group-20AC887259AF-SegmentedRaftLogWorker] ERROR segmented.SegmentedRaftLogWorker (SegmentedRaftLogWorker.java:run(323)) - bcb704dc-2543-42a4-8762-cde039a55a99@group-20AC887259AF-SegmentedRaftLogWorker hit exception
java.lang.OutOfMemoryError: Direct buffer memory
	at java.nio.Bits.reserveMemory(Bits.java:666)
	at java.nio.DirectByteBuffer.<init>(DirectByteBuffer.java:123)
	at java.nio.ByteBuffer.allocateDirect(ByteBuffer.java:311)
	at org.apache.ratis.server.raftlog.segmented.BufferedWriteChannel.<init>(BufferedWriteChannel.java:41)
	at org.apache.ratis.server.raftlog.segmented.SegmentedRaftLogOutputStream.<init>(SegmentedRaftLogOutputStream.java:72)
	at org.apache.ratis.server.raftlog.segmented.SegmentedRaftLogWorker$StartLogSegment.execute(SegmentedRaftLogWorker.java:566)
	at org.apache.ratis.server.raftlog.segmented.SegmentedRaftLogWorker.run(SegmentedRaftLogWorker.java:289)
	at java.lang.Thread.run(Thread.java:748)
2019-09-26 15:39:32,623 [bcb704dc-2543-42a4-8762-cde039a55a99@group-20AC887259AF-SegmentedRaftLogWorker] INFO  impl.RaftServerImpl (RaftServerImpl.java:lambda$shutdown$3(251)) - bcb704dc-2543-42a4-8762-cde039a55a99@group-20AC887259AF: shutdown
2019-09-26 15:39:32,018 [bcb704dc-2543-42a4-8762-cde039a55a99@group-B99515D878E9:LeaderElection242] INFO  impl.RaftServerImpl (ServerState.java:setRaftConf(354)) - bcb704dc-2543-42a4-8762-cde039a55a99@group-B99515D878E9: set configuration 0: [bcb704dc-2543-42a4-8762-cde039a55a99:192.168.151.99:43663], old=null at 0
2019-09-26 15:39:32,017 [bcb704dc-2543-42a4-8762-cde039a55a99@group-B76F64AA196D:LeaderElection258] INFO  segmented.SegmentedRaftLogWorker (SegmentedRaftLogWorker.java:startLogSegment(380)) - bcb704dc-2543-42a4-8762-cde039a55a99@group-B76F64AA196D-SegmentedRaftLogWorker: Starting segment from index:0
2019-09-26 15:39:32,017 [bcb704dc-2543-42a4-8762-cde039a55a99@group-05AF4C6C8552-SegmentedRaftLogWorker] INFO  impl.StateMachineUpdater (StateMachineUpdater.java:stopAndJoin(125)) - bcb704dc-2543-42a4-8762-cde039a55a99@group-05AF4C6C8552-StateMachineUpdater: set stopIndex = -1
2019-09-26 15:39:32,624 [bcb704dc-2543-42a4-8762-cde039a55a99@group-05AF4C6C8552-SegmentedRaftLogWorker] INFO  impl.RaftServerImpl (ServerState.java:close(385)) - bcb704dc-2543-42a4-8762-cde039a55a99@group-05AF4C6C8552: closes. applyIndex: -1
2019-09-26 15:39:32,017 [bcb704dc-2543-42a4-8762-cde039a55a99@group-8891CF406B17-SegmentedRaftLogWorker] INFO  impl.RoleInfo (RoleInfo.java:shutdownLeaderState(104)) - bcb704dc-2543-42a4-8762-cde039a55a99: shutdown LeaderState
2019-09-26 15:39:31,785 [bcb704dc-2543-42a4-8762-cde039a55a99@group-4B788DE994AB-SegmentedRaftLogWorker] INFO  impl.StateMachineUpdater (StateMachineUpdater.java:stopAndJoin(125)) - bcb704dc-2543-42a4-8762-cde039a55a99@group-4B788DE994AB-StateMachineUpdater: set stopIndex = -1
2019-09-26 15:39:31,784 [bcb704dc-2543-42a4-8762-cde039a55a99@group-FB26FC18925F:LeaderElection265] INFO  impl.RaftServerImpl (ServerState.java:setRaftConf(354)) - bcb704dc-2543-42a4-8762-cde039a55a99@group-FB26FC18925F: set configuration 0: [bcb704dc-2543-42a4-8762-cde039a55a99:192.168.151.99:43663], old=null at 0
2019-09-26 15:39:31,546 [bcb704dc-2543-42a4-8762-cde039a55a99@group-E156FE0624FA:LeaderElection262] INFO  impl.RoleInfo (RoleInfo.java:updateAndGet(143)) - bcb704dc-2543-42a4-8762-cde039a55a99: start LeaderState
2019-09-26 15:39:31,546 [bcb704dc-2543-42a4-8762-cde039a55a99@group-D95087EDE7EE:LeaderElection261] INFO  impl.RoleInfo (RoleInfo.java:updateAndGet(143)) - bcb704dc-2543-42a4-8762-cde039a55a99: start LeaderState
2019-09-26 15:39:31,243 [bcb704dc-2543-42a4-8762-cde039a55a99@group-91004EC9A14A:LeaderElection247] INFO  impl.RaftServerImpl (ServerState.java:setRaftConf(354)) - bcb704dc-2543-42a4-8762-cde039a55a99@group-91004EC9A14A: set configuration 0: [bcb704dc-2543-42a4-8762-cde039a55a99:192.168.151.99:43663], old=null at 0
2019-09-26 15:39:31,532 [bcb704dc-2543-42a4-8762-cde039a55a99@group-42E764F99F92-SegmentedRaftLogWorker] ERROR segmented.SegmentedRaftLogWorker (SegmentedRaftLogWorker.java:run(323)) - bcb704dc-2543-42a4-8762-cde039a55a99@group-42E764F99F92-SegmentedRaftLogWorker hit exception
java.lang.OutOfMemoryError: Direct buffer memory
	at java.nio.Bits.reserveMemory(Bits.java:666)
	at java.nio.DirectByteBuffer.<init>(DirectByteBuffer.java:123)
	at java.nio.ByteBuffer.allocateDirect(ByteBuffer.java:311)
	at org.apache.ratis.server.raftlog.segmented.BufferedWriteChannel.<init>(BufferedWriteChannel.java:41)
	at org.apache.ratis.server.raftlog.segmented.SegmentedRaftLogOutputStream.<init>(SegmentedRaftLogOutputStream.java:72)
	at org.apache.ratis.server.raftlog.segmented.SegmentedRaftLogWorker$StartLogSegment.execute(SegmentedRaftLogWorker.java:566)
	at org.apache.ratis.server.raftlog.segmented.SegmentedRaftLogWorker.run(SegmentedRaftLogWorker.java:289)
	at java.lang.Thread.run(Thread.java:748)
2019-09-26 15:39:31,532 [bcb704dc-2543-42a4-8762-cde039a55a99@group-C4D905E4103A-SegmentedRaftLogWorker] ERROR segmented.SegmentedRaftLogWorker (SegmentedRaftLogWorker.java:run(323)) - bcb704dc-2543-42a4-8762-cde039a55a99@group-C4D905E4103A-SegmentedRaftLogWorker hit exception
java.lang.OutOfMemoryError: Direct buffer memory
	at java.nio.Bits.reserveMemory(Bits.java:666)
	at java.nio.DirectByteBuffer.<init>(DirectByteBuffer.java:123)
	at java.nio.ByteBuffer.allocateDirect(ByteBuffer.java:311)
	at org.apache.ratis.server.raftlog.segmented.BufferedWriteChannel.<init>(BufferedWriteChannel.java:41)
	at org.apache.ratis.server.raftlog.segmented.SegmentedRaftLogOutputStream.<init>(SegmentedRaftLogOutputStream.java:72)
	at org.apache.ratis.server.raftlog.segmented.SegmentedRaftLogWorker$StartLogSegment.execute(SegmentedRaftLogWorker.java:566)
	at org.apache.ratis.server.raftlog.segmented.SegmentedRaftLogWorker.run(SegmentedRaftLogWorker.java:289)
	at java.lang.Thread.run(Thread.java:748)
2019-09-26 15:39:32,945 [bcb704dc-2543-42a4-8762-cde039a55a99@group-C4D905E4103A-SegmentedRaftLogWorker] INFO  impl.RaftServerImpl (RaftServerImpl.java:lambda$shutdown$3(251)) - bcb704dc-2543-42a4-8762-cde039a55a99@group-C4D905E4103A: shutdown
2019-09-26 15:39:31,532 [bcb704dc-2543-42a4-8762-cde039a55a99@group-375D6A16F6EF-SegmentedRaftLogWorker] ERROR segmented.SegmentedRaftLogWorker (SegmentedRaftLogWorker.java:run(323)) - bcb704dc-2543-42a4-8762-cde039a55a99@group-375D6A16F6EF-SegmentedRaftLogWorker hit exception
java.lang.OutOfMemoryError: Direct buffer memory
	at java.nio.Bits.reserveMemory(Bits.java:666)
	at java.nio.DirectByteBuffer.<init>(DirectByteBuffer.java:123)
	at java.nio.ByteBuffer.allocateDirect(ByteBuffer.java:311)
	at org.apache.ratis.server.raftlog.segmented.BufferedWriteChannel.<init>(BufferedWriteChannel.java:41)
	at org.apache.ratis.server.raftlog.segmented.SegmentedRaftLogOutputStream.<init>(SegmentedRaftLogOutputStream.java:72)
	at org.apache.ratis.server.raftlog.segmented.SegmentedRaftLogWorker$StartLogSegment.execute(SegmentedRaftLogWorker.java:566)
	at org.apache.ratis.server.raftlog.segmented.SegmentedRaftLogWorker.run(SegmentedRaftLogWorker.java:289)
	at java.lang.Thread.run(Thread.java:748)
2019-09-26 15:39:32,946 [bcb704dc-2543-42a4-8762-cde039a55a99@group-375D6A16F6EF-SegmentedRaftLogWorker] INFO  impl.RaftServerImpl (RaftServerImpl.java:lambda$shutdown$3(251)) - bcb704dc-2543-42a4-8762-cde039a55a99@group-375D6A16F6EF: shutdown
2019-09-26 15:39:31,532 [bcb704dc-2543-42a4-8762-cde039a55a99@group-E216D9E11CC2-SegmentedRaftLogWorker] ERROR segmented.SegmentedRaftLogWorker (SegmentedRaftLogWorker.java:run(323)) - bcb704dc-2543-42a4-8762-cde039a55a99@group-E216D9E11CC2-SegmentedRaftLogWorker hit exception
java.lang.OutOfMemoryError: Direct buffer memory
	at java.nio.Bits.reserveMemory(Bits.java:666)
	at java.nio.DirectByteBuffer.<init>(DirectByteBuffer.java:123)
	at java.nio.ByteBuffer.allocateDirect(ByteBuffer.java:311)
	at org.apache.ratis.server.raftlog.segmented.BufferedWriteChannel.<init>(BufferedWriteChannel.java:41)
	at org.apache.ratis.server.raftlog.segmented.SegmentedRaftLogOutputStream.<init>(SegmentedRaftLogOutputStream.java:72)
	at org.apache.ratis.server.raftlog.segmented.SegmentedRaftLogWorker$StartLogSegment.execute(SegmentedRaftLogWorker.java:566)
	at org.apache.ratis.server.raftlog.segmented.SegmentedRaftLogWorker.run(SegmentedRaftLogWorker.java:289)
	at java.lang.Thread.run(Thread.java:748)
2019-09-26 15:39:31,532 [bcb704dc-2543-42a4-8762-cde039a55a99@group-1EDFAD8639C2-SegmentedRaftLogWorker] ERROR segmented.SegmentedRaftLogWorker (SegmentedRaftLogWorker.java:run(323)) - bcb704dc-2543-42a4-8762-cde039a55a99@group-1EDFAD8639C2-SegmentedRaftLogWorker hit exception
java.lang.OutOfMemoryError: Direct buffer memory
	at java.nio.Bits.reserveMemory(Bits.java:666)
	at java.nio.DirectByteBuffer.<init>(DirectByteBuffer.java:123)
	at java.nio.ByteBuffer.allocateDirect(ByteBuffer.java:311)
	at org.apache.ratis.server.raftlog.segmented.BufferedWriteChannel.<init>(BufferedWriteChannel.java:41)
	at org.apache.ratis.server.raftlog.segmented.SegmentedRaftLogOutputStream.<init>(SegmentedRaftLogOutputStream.java:72)
	at org.apache.ratis.server.raftlog.segmented.SegmentedRaftLogWorker$StartLogSegment.execute(SegmentedRaftLogWorker.java:566)
	at org.apache.ratis.server.raftlog.segmented.SegmentedRaftLogWorker.run(SegmentedRaftLogWorker.java:289)
	at java.lang.Thread.run(Thread.java:748)
2019-09-26 15:39:32,946 [bcb704dc-2543-42a4-8762-cde039a55a99@group-1EDFAD8639C2-SegmentedRaftLogWorker] INFO  impl.RaftServerImpl (RaftServerImpl.java:lambda$shutdown$3(251)) - bcb704dc-2543-42a4-8762-cde039a55a99@group-1EDFAD8639C2: shutdown
2019-09-26 15:39:31,243 [bcb704dc-2543-42a4-8762-cde039a55a99@group-BA70793E3DE7:LeaderElection249] INFO  impl.RaftServerImpl (ServerState.java:setRaftConf(354)) - bcb704dc-2543-42a4-8762-cde039a55a99@group-BA70793E3DE7: set configuration 0: [bcb704dc-2543-42a4-8762-cde039a55a99:192.168.151.99:43663], old=null at 0
2019-09-26 15:39:31,243 [bcb704dc-2543-42a4-8762-cde039a55a99@group-ADDB6DC4F628:LeaderElection266] INFO  segmented.SegmentedRaftLogWorker (SegmentedRaftLogWorker.java:startLogSegment(380)) - bcb704dc-2543-42a4-8762-cde039a55a99@group-ADDB6DC4F628-SegmentedRaftLogWorker: Starting segment from index:0
2019-09-26 15:39:32,947 [bcb704dc-2543-42a4-8762-cde039a55a99@group-1EDFAD8639C2-SegmentedRaftLogWorker] INFO  util.JmxRegister (JmxRegister.java:unregister(73)) - Successfully un-registered JMX Bean with object name Ratis:service=RaftServer,group=group-1EDFAD8639C2,id=bcb704dc-2543-42a4-8762-cde039a55a99
2019-09-26 15:39:32,954 [bcb704dc-2543-42a4-8762-cde039a55a99@group-1EDFAD8639C2-SegmentedRaftLogWorker] INFO  impl.RoleInfo (RoleInfo.java:shutdownLeaderState(104)) - bcb704dc-2543-42a4-8762-cde039a55a99: shutdown LeaderState
2019-09-26 15:39:32,946 [bcb704dc-2543-42a4-8762-cde039a55a99@group-E216D9E11CC2-SegmentedRaftLogWorker] INFO  impl.RaftServerImpl (RaftServerImpl.java:lambda$shutdown$3(251)) - bcb704dc-2543-42a4-8762-cde039a55a99@group-E216D9E11CC2: shutdown
2019-09-26 15:39:32,946 [bcb704dc-2543-42a4-8762-cde039a55a99@group-375D6A16F6EF-SegmentedRaftLogWorker] INFO  util.JmxRegister (JmxRegister.java:unregister(73)) - Successfully un-registered JMX Bean with object name Ratis:service=RaftServer,group=group-375D6A16F6EF,id=bcb704dc-2543-42a4-8762-cde039a55a99
2019-09-26 15:39:32,955 [bcb704dc-2543-42a4-8762-cde039a55a99@group-375D6A16F6EF-SegmentedRaftLogWorker] INFO  impl.RoleInfo (RoleInfo.java:shutdownLeaderState(104)) - bcb704dc-2543-42a4-8762-cde039a55a99: shutdown LeaderState
2019-09-26 15:39:32,945 [bcb704dc-2543-42a4-8762-cde039a55a99@group-C4D905E4103A-SegmentedRaftLogWorker] INFO  util.JmxRegister (JmxRegister.java:unregister(73)) - Successfully un-registered JMX Bean with object name Ratis:service=RaftServer,group=group-C4D905E4103A,id=bcb704dc-2543-42a4-8762-cde039a55a99
2019-09-26 15:39:33,262 [bcb704dc-2543-42a4-8762-cde039a55a99@group-C4D905E4103A-SegmentedRaftLogWorker] INFO  impl.RoleInfo (RoleInfo.java:shutdownLeaderState(104)) - bcb704dc-2543-42a4-8762-cde039a55a99: shutdown LeaderState
2019-09-26 15:39:32,945 [bcb704dc-2543-42a4-8762-cde039a55a99@group-42E764F99F92-SegmentedRaftLogWorker] INFO  impl.RaftServerImpl (RaftServerImpl.java:lambda$shutdown$3(251)) - bcb704dc-2543-42a4-8762-cde039a55a99@group-42E764F99F92: shutdown
2019-09-26 15:39:32,945 [bcb704dc-2543-42a4-8762-cde039a55a99@group-D95087EDE7EE:LeaderElection261] INFO  segmented.SegmentedRaftLogWorker (SegmentedRaftLogWorker.java:startLogSegment(380)) - bcb704dc-2543-42a4-8762-cde039a55a99@group-D95087EDE7EE-SegmentedRaftLogWorker: Starting segment from index:0
2019-09-26 15:39:32,944 [bcb704dc-2543-42a4-8762-cde039a55a99@group-E156FE0624FA:LeaderElection262] INFO  segmented.SegmentedRaftLogWorker (SegmentedRaftLogWorker.java:startLogSegment(380)) - bcb704dc-2543-42a4-8762-cde039a55a99@group-E156FE0624FA-SegmentedRaftLogWorker: Starting segment from index:0
2019-09-26 15:39:32,944 [bcb704dc-2543-42a4-8762-cde039a55a99@group-4B788DE994AB-SegmentedRaftLogWorker] INFO  impl.RaftServerImpl (ServerState.java:close(385)) - bcb704dc-2543-42a4-8762-cde039a55a99@group-4B788DE994AB: closes. applyIndex: -1
2019-09-26 15:39:32,934 [bcb704dc-2543-42a4-8762-cde039a55a99@group-708F9F8A739D-SegmentedRaftLogWorker] ERROR segmented.SegmentedRaftLogWorker (SegmentedRaftLogWorker.java:run(323)) - bcb704dc-2543-42a4-8762-cde039a55a99@group-708F9F8A739D-SegmentedRaftLogWorker hit exception
java.lang.OutOfMemoryError: Direct buffer memory
	at java.nio.Bits.reserveMemory(Bits.java:666)
	at java.nio.DirectByteBuffer.<init>(DirectByteBuffer.java:123)
	at java.nio.ByteBuffer.allocateDirect(ByteBuffer.java:311)
	at org.apache.ratis.server.raftlog.segmented.BufferedWriteChannel.<init>(BufferedWriteChannel.java:41)
	at org.apache.ratis.server.raftlog.segmented.SegmentedRaftLogOutputStream.<init>(SegmentedRaftLogOutputStream.java:72)
	at org.apache.ratis.server.raftlog.segmented.SegmentedRaftLogWorker$StartLogSegment.execute(SegmentedRaftLogWorker.java:566)
	at org.apache.ratis.server.raftlog.segmented.SegmentedRaftLogWorker.run(SegmentedRaftLogWorker.java:289)
	at java.lang.Thread.run(Thread.java:748)
2019-09-26 15:39:32,934 [bcb704dc-2543-42a4-8762-cde039a55a99@group-860F4724CA86-SegmentedRaftLogWorker] ERROR segmented.SegmentedRaftLogWorker (SegmentedRaftLogWorker.java:run(323)) - bcb704dc-2543-42a4-8762-cde039a55a99@group-860F4724CA86-SegmentedRaftLogWorker hit exception
java.lang.OutOfMemoryError: Direct buffer memory
	at java.nio.Bits.reserveMemory(Bits.java:666)
	at java.nio.DirectByteBuffer.<init>(DirectByteBuffer.java:123)
	at java.nio.ByteBuffer.allocateDirect(ByteBuffer.java:311)
	at org.apache.ratis.server.raftlog.segmented.BufferedWriteChannel.<init>(BufferedWriteChannel.java:41)
	at org.apache.ratis.server.raftlog.segmented.SegmentedRaftLogOutputStream.<init>(SegmentedRaftLogOutputStream.java:72)
	at org.apache.ratis.server.raftlog.segmented.SegmentedRaftLogWorker$StartLogSegment.execute(SegmentedRaftLogWorker.java:566)
	at org.apache.ratis.server.raftlog.segmented.SegmentedRaftLogWorker.run(SegmentedRaftLogWorker.java:289)
	at java.lang.Thread.run(Thread.java:748)
2019-09-26 15:39:32,624 [bcb704dc-2543-42a4-8762-cde039a55a99@group-8891CF406B17-SegmentedRaftLogWorker] INFO  impl.PendingRequests (PendingRequests.java:sendNotLeaderResponses(202)) - bcb704dc-2543-42a4-8762-cde039a55a99-PendingRequests: sendNotLeaderResponses
2019-09-26 15:39:32,624 [bcb704dc-2543-42a4-8762-cde039a55a99@group-B76F64AA196D:LeaderElection258] INFO  impl.RaftServerImpl (ServerState.java:setRaftConf(354)) - bcb704dc-2543-42a4-8762-cde039a55a99@group-B76F64AA196D: set configuration 0: [bcb704dc-2543-42a4-8762-cde039a55a99:192.168.151.99:43663], old=null at 0
2019-09-26 15:39:32,624 [bcb704dc-2543-42a4-8762-cde039a55a99@group-05AF4C6C8552-SegmentedRaftLogWorker] INFO  segmented.SegmentedRaftLogWorker (SegmentedRaftLogWorker.java:close(228)) - bcb704dc-2543-42a4-8762-cde039a55a99@group-05AF4C6C8552-SegmentedRaftLogWorker close()
2019-09-26 15:39:32,623 [bcb704dc-2543-42a4-8762-cde039a55a99@group-20AC887259AF-SegmentedRaftLogWorker] INFO  util.JmxRegister (JmxRegister.java:unregister(73)) - Successfully un-registered JMX Bean with object name Ratis:service=RaftServer,group=group-20AC887259AF,id=bcb704dc-2543-42a4-8762-cde039a55a99
2019-09-26 15:39:32,623 [bcb704dc-2543-42a4-8762-cde039a55a99@group-BB495E0FFD8F-SegmentedRaftLogWorker] INFO  util.JmxRegister (JmxRegister.java:unregister(73)) - Successfully un-registered JMX Bean with object name Ratis:service=RaftServer,group=group-BB495E0FFD8F,id=bcb704dc-2543-42a4-8762-cde039a55a99
2019-09-26 15:39:33,583 [bcb704dc-2543-42a4-8762-cde039a55a99@group-BB495E0FFD8F-SegmentedRaftLogWorker] INFO  impl.RoleInfo (RoleInfo.java:shutdownLeaderState(104)) - bcb704dc-2543-42a4-8762-cde039a55a99: shutdown LeaderState
2019-09-26 15:39:32,622 [bcb704dc-2543-42a4-8762-cde039a55a99@group-04D57B5B7528:LeaderElection267] INFO  segmented.SegmentedRaftLogWorker (SegmentedRaftLogWorker.java:startLogSegment(380)) - bcb704dc-2543-42a4-8762-cde039a55a99@group-04D57B5B7528-SegmentedRaftLogWorker: Starting segment from index:0
2019-09-26 15:39:32,622 [bcb704dc-2543-42a4-8762-cde039a55a99@group-81908E8BCAAC:LeaderElection221] INFO  segmented.SegmentedRaftLogWorker (SegmentedRaftLogWorker.java:startLogSegment(380)) - bcb704dc-2543-42a4-8762-cde039a55a99@group-81908E8BCAAC-SegmentedRaftLogWorker: Starting segment from index:0
2019-09-26 15:39:32,622 [bcb704dc-2543-42a4-8762-cde039a55a99@group-B25BEBFA3DA3-SegmentedRaftLogWorker] INFO  util.JmxRegister (JmxRegister.java:unregister(73)) - Successfully un-registered JMX Bean with object name Ratis:service=RaftServer,group=group-B25BEBFA3DA3,id=bcb704dc-2543-42a4-8762-cde039a55a99
2019-09-26 15:39:33,584 [bcb704dc-2543-42a4-8762-cde039a55a99@group-B25BEBFA3DA3-SegmentedRaftLogWorker] INFO  impl.RoleInfo (RoleInfo.java:shutdownLeaderState(104)) - bcb704dc-2543-42a4-8762-cde039a55a99: shutdown LeaderState
2019-09-26 15:39:32,622 [pool-123-thread-1] INFO  server.RaftServerConfigKeys (ConfUtils.java:logGet(43)) - raft.server.rpc.timeout.min = 5s (custom)
2019-09-26 15:39:32,611 [bcb704dc-2543-42a4-8762-cde039a55a99@group-C76860977E5E-SegmentedRaftLogWorker] ERROR segmented.SegmentedRaftLogWorker (SegmentedRaftLogWorker.java:run(323)) - bcb704dc-2543-42a4-8762-cde039a55a99@group-C76860977E5E-SegmentedRaftLogWorker hit exception
java.lang.OutOfMemoryError: Direct buffer memory
	at java.nio.Bits.reserveMemory(Bits.java:666)
	at java.nio.DirectByteBuffer.<init>(DirectByteBuffer.java:123)
	at java.nio.ByteBuffer.allocateDirect(ByteBuffer.java:311)
	at org.apache.ratis.server.raftlog.segmented.BufferedWriteChannel.<init>(BufferedWriteChannel.java:41)
	at org.apache.ratis.server.raftlog.segmented.SegmentedRaftLogOutputStream.<init>(SegmentedRaftLogOutputStream.java:72)
	at org.apache.ratis.server.raftlog.segmented.SegmentedRaftLogWorker$StartLogSegment.execute(SegmentedRaftLogWorker.java:566)
	at org.apache.ratis.server.raftlog.segmented.SegmentedRaftLogWorker.run(SegmentedRaftLogWorker.java:289)
	at java.lang.Thread.run(Thread.java:748)
2019-09-26 15:39:32,323 [bcb704dc-2543-42a4-8762-cde039a55a99@group-CD5767121D26-SegmentedRaftLogWorker] INFO  util.JmxRegister (JmxRegister.java:unregister(73)) - Successfully un-registered JMX Bean with object name Ratis:service=RaftServer,group=group-CD5767121D26,id=bcb704dc-2543-42a4-8762-cde039a55a99
2019-09-26 15:39:34,114 [bcb704dc-2543-42a4-8762-cde039a55a99@group-CD5767121D26-SegmentedRaftLogWorker] INFO  impl.RoleInfo (RoleInfo.java:shutdownLeaderState(104)) - bcb704dc-2543-42a4-8762-cde039a55a99: shutdown LeaderState
2019-09-26 15:39:32,323 [bcb704dc-2543-42a4-8762-cde039a55a99@group-617888AA4A51-SegmentedRaftLogWorker] INFO  impl.RoleInfo (RoleInfo.java:shutdownLeaderState(104)) - bcb704dc-2543-42a4-8762-cde039a55a99: shutdown LeaderState
2019-09-26 15:39:34,114 [bcb704dc-2543-42a4-8762-cde039a55a99@group-617888AA4A51-SegmentedRaftLogWorker] INFO  impl.PendingRequests (PendingRequests.java:sendNotLeaderResponses(202)) - bcb704dc-2543-42a4-8762-cde039a55a99-PendingRequests: sendNotLeaderResponses
2019-09-26 15:39:32,323 [bcb704dc-2543-42a4-8762-cde039a55a99@group-768FFE8D3C99:LeaderElection239] INFO  impl.RaftServerImpl (ServerState.java:setRaftConf(354)) - bcb704dc-2543-42a4-8762-cde039a55a99@group-768FFE8D3C99: set configuration 0: [bcb704dc-2543-42a4-8762-cde039a55a99:192.168.151.99:43663], old=null at 0
2019-09-26 15:39:34,115 [bcb704dc-2543-42a4-8762-cde039a55a99@group-617888AA4A51-SegmentedRaftLogWorker] INFO  impl.StateMachineUpdater (StateMachineUpdater.java:stopAndJoin(125)) - bcb704dc-2543-42a4-8762-cde039a55a99@group-617888AA4A51-StateMachineUpdater: set stopIndex = -1
2019-09-26 15:39:34,115 [bcb704dc-2543-42a4-8762-cde039a55a99@group-617888AA4A51-SegmentedRaftLogWorker] INFO  impl.RaftServerImpl (ServerState.java:close(385)) - bcb704dc-2543-42a4-8762-cde039a55a99@group-617888AA4A51: closes. applyIndex: -1
2019-09-26 15:39:34,114 [bcb704dc-2543-42a4-8762-cde039a55a99@group-CD5767121D26-SegmentedRaftLogWorker] INFO  impl.PendingRequests (PendingRequests.java:sendNotLeaderResponses(202)) - bcb704dc-2543-42a4-8762-cde039a55a99-PendingRequests: sendNotLeaderResponses
2019-09-26 15:39:34,114 [bcb704dc-2543-42a4-8762-cde039a55a99@group-C76860977E5E-SegmentedRaftLogWorker] INFO  impl.RaftServerImpl (RaftServerImpl.java:lambda$shutdown$3(251)) - bcb704dc-2543-42a4-8762-cde039a55a99@group-C76860977E5E: shutdown
2019-09-26 15:39:34,114 [pool-123-thread-1] INFO  server.RaftServerConfigKeys (ConfUtils.java:logGet(43)) - raft.server.rpc.timeout.max = 5200ms (custom)
2019-09-26 15:39:33,865 [bcb704dc-2543-42a4-8762-cde039a55a99@group-B25BEBFA3DA3-SegmentedRaftLogWorker] INFO  impl.PendingRequests (PendingRequests.java:sendNotLeaderResponses(202)) - bcb704dc-2543-42a4-8762-cde039a55a99-PendingRequests: sendNotLeaderResponses
2019-09-26 15:39:33,853 [bcb704dc-2543-42a4-8762-cde039a55a99@group-91004EC9A14A-SegmentedRaftLogWorker] ERROR segmented.SegmentedRaftLogWorker (SegmentedRaftLogWorker.java:run(323)) - bcb704dc-2543-42a4-8762-cde039a55a99@group-91004EC9A14A-SegmentedRaftLogWorker hit exception
java.lang.OutOfMemoryError: Direct buffer memory
	at java.nio.Bits.reserveMemory(Bits.java:666)
	at java.nio.DirectByteBuffer.<init>(DirectByteBuffer.java:123)
	at java.nio.ByteBuffer.allocateDirect(ByteBuffer.java:311)
	at org.apache.ratis.server.raftlog.segmented.BufferedWriteChannel.<init>(BufferedWriteChannel.java:41)
	at org.apache.ratis.server.raftlog.segmented.SegmentedRaftLogOutputStream.<init>(SegmentedRaftLogOutputStream.java:72)
	at org.apache.ratis.server.raftlog.segmented.SegmentedRaftLogWorker$StartLogSegment.execute(SegmentedRaftLogWorker.java:566)
	at org.apache.ratis.server.raftlog.segmented.SegmentedRaftLogWorker.run(SegmentedRaftLogWorker.java:289)
	at java.lang.Thread.run(Thread.java:748)
2019-09-26 15:39:33,853 [bcb704dc-2543-42a4-8762-cde039a55a99@group-B99515D878E9-SegmentedRaftLogWorker] ERROR segmented.SegmentedRaftLogWorker (SegmentedRaftLogWorker.java:run(323)) - bcb704dc-2543-42a4-8762-cde039a55a99@group-B99515D878E9-SegmentedRaftLogWorker hit exception
java.lang.OutOfMemoryError: Direct buffer memory
	at java.nio.Bits.reserveMemory(Bits.java:666)
	at java.nio.DirectByteBuffer.<init>(DirectByteBuffer.java:123)
	at java.nio.ByteBuffer.allocateDirect(ByteBuffer.java:311)
	at org.apache.ratis.server.raftlog.segmented.BufferedWriteChannel.<init>(BufferedWriteChannel.java:41)
	at org.apache.ratis.server.raftlog.segmented.SegmentedRaftLogOutputStream.<init>(SegmentedRaftLogOutputStream.java:72)
	at org.apache.ratis.server.raftlog.segmented.SegmentedRaftLogWorker$StartLogSegment.execute(SegmentedRaftLogWorker.java:566)
	at org.apache.ratis.server.raftlog.segmented.SegmentedRaftLogWorker.run(SegmentedRaftLogWorker.java:289)
	at java.lang.Thread.run(Thread.java:748)
2019-09-26 15:39:33,584 [bcb704dc-2543-42a4-8762-cde039a55a99@group-81908E8BCAAC:LeaderElection221] INFO  impl.RaftServerImpl (ServerState.java:setRaftConf(354)) - bcb704dc-2543-42a4-8762-cde039a55a99@group-81908E8BCAAC: set configuration 0: [bcb704dc-2543-42a4-8762-cde039a55a99:192.168.151.99:43663], old=null at 0
2019-09-26 15:39:33,584 [bcb704dc-2543-42a4-8762-cde039a55a99@group-04D57B5B7528:LeaderElection267] INFO  impl.RaftServerImpl (ServerState.java:setRaftConf(354)) - bcb704dc-2543-42a4-8762-cde039a55a99@group-04D57B5B7528: set configuration 0: [bcb704dc-2543-42a4-8762-cde039a55a99:192.168.151.99:43663], old=null at 0
2019-09-26 15:39:33,583 [bcb704dc-2543-42a4-8762-cde039a55a99@group-BB495E0FFD8F-SegmentedRaftLogWorker] INFO  impl.PendingRequests (PendingRequests.java:sendNotLeaderResponses(202)) - bcb704dc-2543-42a4-8762-cde039a55a99-PendingRequests: sendNotLeaderResponses
2019-09-26 15:39:33,583 [bcb704dc-2543-42a4-8762-cde039a55a99@group-20AC887259AF-SegmentedRaftLogWorker] INFO  impl.RoleInfo (RoleInfo.java:shutdownLeaderState(104)) - bcb704dc-2543-42a4-8762-cde039a55a99: shutdown LeaderState
2019-09-26 15:39:34,118 [bcb704dc-2543-42a4-8762-cde039a55a99@group-20AC887259AF-SegmentedRaftLogWorker] INFO  impl.PendingRequests (PendingRequests.java:sendNotLeaderResponses(202)) - bcb704dc-2543-42a4-8762-cde039a55a99-PendingRequests: sendNotLeaderResponses
2019-09-26 15:39:33,582 [bcb704dc-2543-42a4-8762-cde039a55a99@group-8891CF406B17-SegmentedRaftLogWorker] INFO  impl.StateMachineUpdater (StateMachineUpdater.java:stopAndJoin(125)) - bcb704dc-2543-42a4-8762-cde039a55a99@group-8891CF406B17-StateMachineUpdater: set stopIndex = -1
2019-09-26 15:39:34,118 [bcb704dc-2543-42a4-8762-cde039a55a99@group-8891CF406B17-SegmentedRaftLogWorker] INFO  impl.RaftServerImpl (ServerState.java:close(385)) - bcb704dc-2543-42a4-8762-cde039a55a99@group-8891CF406B17: closes. applyIndex: -1
2019-09-26 15:39:33,582 [bcb704dc-2543-42a4-8762-cde039a55a99@group-860F4724CA86-SegmentedRaftLogWorker] INFO  impl.RaftServerImpl (RaftServerImpl.java:lambda$shutdown$3(251)) - bcb704dc-2543-42a4-8762-cde039a55a99@group-860F4724CA86: shutdown
2019-09-26 15:39:33,263 [bcb704dc-2543-42a4-8762-cde039a55a99@group-708F9F8A739D-SegmentedRaftLogWorker] INFO  impl.RaftServerImpl (RaftServerImpl.java:lambda$shutdown$3(251)) - bcb704dc-2543-42a4-8762-cde039a55a99@group-708F9F8A739D: shutdown
2019-09-26 15:39:34,118 [bcb704dc-2543-42a4-8762-cde039a55a99@group-708F9F8A739D-SegmentedRaftLogWorker] INFO  util.JmxRegister (JmxRegister.java:unregister(73)) - Successfully un-registered JMX Bean with object name Ratis:service=RaftServer,group=group-708F9F8A739D,id=bcb704dc-2543-42a4-8762-cde039a55a99
2019-09-26 15:39:33,573 [bcb704dc-2543-42a4-8762-cde039a55a99@group-BA70793E3DE7-SegmentedRaftLogWorker] ERROR segmented.SegmentedRaftLogWorker (SegmentedRaftLogWorker.java:run(323)) - bcb704dc-2543-42a4-8762-cde039a55a99@group-BA70793E3DE7-SegmentedRaftLogWorker hit exception
java.lang.OutOfMemoryError: Direct buffer memory
	at java.nio.Bits.reserveMemory(Bits.java:666)
	at java.nio.DirectByteBuffer.<init>(DirectByteBuffer.java:123)
	at java.nio.ByteBuffer.allocateDirect(ByteBuffer.java:311)
	at org.apache.ratis.server.raftlog.segmented.BufferedWriteChannel.<init>(BufferedWriteChannel.java:41)
	at org.apache.ratis.server.raftlog.segmented.SegmentedRaftLogOutputStream.<init>(SegmentedRaftLogOutputStream.java:72)
	at org.apache.ratis.server.raftlog.segmented.SegmentedRaftLogWorker$StartLogSegment.execute(SegmentedRaftLogWorker.java:566)
	at org.apache.ratis.server.raftlog.segmented.SegmentedRaftLogWorker.run(SegmentedRaftLogWorker.java:289)
	at java.lang.Thread.run(Thread.java:748)
2019-09-26 15:39:33,263 [bcb704dc-2543-42a4-8762-cde039a55a99@group-D95087EDE7EE:LeaderElection261] INFO  impl.RaftServerImpl (ServerState.java:setRaftConf(354)) - bcb704dc-2543-42a4-8762-cde039a55a99@group-D95087EDE7EE: set configuration 0: [bcb704dc-2543-42a4-8762-cde039a55a99:192.168.151.99:43663], old=null at 0
2019-09-26 15:39:33,263 [bcb704dc-2543-42a4-8762-cde039a55a99@group-E156FE0624FA:LeaderElection262] INFO  impl.RaftServerImpl (ServerState.java:setRaftConf(354)) - bcb704dc-2543-42a4-8762-cde039a55a99@group-E156FE0624FA: set configuration 0: [bcb704dc-2543-42a4-8762-cde039a55a99:192.168.151.99:43663], old=null at 0
2019-09-26 15:39:33,263 [bcb704dc-2543-42a4-8762-cde039a55a99@group-4B788DE994AB-SegmentedRaftLogWorker] INFO  segmented.SegmentedRaftLogWorker (SegmentedRaftLogWorker.java:close(228)) - bcb704dc-2543-42a4-8762-cde039a55a99@group-4B788DE994AB-SegmentedRaftLogWorker close()
2019-09-26 15:39:33,263 [bcb704dc-2543-42a4-8762-cde039a55a99@group-42E764F99F92-SegmentedRaftLogWorker] INFO  util.JmxRegister (JmxRegister.java:unregister(73)) - Successfully un-registered JMX Bean with object name Ratis:service=RaftServer,group=group-42E764F99F92,id=bcb704dc-2543-42a4-8762-cde039a55a99
2019-09-26 15:39:33,262 [bcb704dc-2543-42a4-8762-cde039a55a99@group-C4D905E4103A-SegmentedRaftLogWorker] INFO  impl.PendingRequests (PendingRequests.java:sendNotLeaderResponses(202)) - bcb704dc-2543-42a4-8762-cde039a55a99-PendingRequests: sendNotLeaderResponses
2019-09-26 15:39:33,262 [bcb704dc-2543-42a4-8762-cde039a55a99@group-375D6A16F6EF-SegmentedRaftLogWorker] INFO  impl.PendingRequests (PendingRequests.java:sendNotLeaderResponses(202)) - bcb704dc-2543-42a4-8762-cde039a55a99-PendingRequests: sendNotLeaderResponses
2019-09-26 15:39:33,248 [bcb704dc-2543-42a4-8762-cde039a55a99@group-F96E5E74ED10-SegmentedRaftLogWorker] ERROR segmented.SegmentedRaftLogWorker (SegmentedRaftLogWorker.java:run(323)) - bcb704dc-2543-42a4-8762-cde039a55a99@group-F96E5E74ED10-SegmentedRaftLogWorker hit exception
java.lang.OutOfMemoryError: Direct buffer memory
	at java.nio.Bits.reserveMemory(Bits.java:666)
	at java.nio.DirectByteBuffer.<init>(DirectByteBuffer.java:123)
	at java.nio.ByteBuffer.allocateDirect(ByteBuffer.java:311)
	at org.apache.ratis.server.raftlog.segmented.BufferedWriteChannel.<init>(BufferedWriteChannel.java:41)
	at org.apache.ratis.server.raftlog.segmented.SegmentedRaftLogOutputStream.<init>(SegmentedRaftLogOutputStream.java:72)
	at org.apache.ratis.server.raftlog.segmented.SegmentedRaftLogWorker$StartLogSegment.execute(SegmentedRaftLogWorker.java:566)
	at org.apache.ratis.server.raftlog.segmented.SegmentedRaftLogWorker.run(SegmentedRaftLogWorker.java:289)
	at java.lang.Thread.run(Thread.java:748)
2019-09-26 15:39:32,955 [bcb704dc-2543-42a4-8762-cde039a55a99@group-E216D9E11CC2-SegmentedRaftLogWorker] INFO  util.JmxRegister (JmxRegister.java:unregister(73)) - Successfully un-registered JMX Bean with object name Ratis:service=RaftServer,group=group-E216D9E11CC2,id=bcb704dc-2543-42a4-8762-cde039a55a99
2019-09-26 15:39:34,121 [bcb704dc-2543-42a4-8762-cde039a55a99@group-E216D9E11CC2-SegmentedRaftLogWorker] INFO  impl.RoleInfo (RoleInfo.java:shutdownLeaderState(104)) - bcb704dc-2543-42a4-8762-cde039a55a99: shutdown LeaderState
2019-09-26 15:39:32,954 [bcb704dc-2543-42a4-8762-cde039a55a99@group-ADDB6DC4F628:LeaderElection266] INFO  impl.RaftServerImpl (ServerState.java:setRaftConf(354)) - bcb704dc-2543-42a4-8762-cde039a55a99@group-ADDB6DC4F628: set configuration 0: [bcb704dc-2543-42a4-8762-cde039a55a99:192.168.151.99:43663], old=null at 0
2019-09-26 15:39:32,954 [bcb704dc-2543-42a4-8762-cde039a55a99@group-1EDFAD8639C2-SegmentedRaftLogWorker] INFO  impl.PendingRequests (PendingRequests.java:sendNotLeaderResponses(202)) - bcb704dc-2543-42a4-8762-cde039a55a99-PendingRequests: sendNotLeaderResponses
2019-09-26 15:39:34,121 [bcb704dc-2543-42a4-8762-cde039a55a99@group-E216D9E11CC2-SegmentedRaftLogWorker] INFO  impl.PendingRequests (PendingRequests.java:sendNotLeaderResponses(202)) - bcb704dc-2543-42a4-8762-cde039a55a99-PendingRequests: sendNotLeaderResponses
2019-09-26 15:39:34,120 [bcb704dc-2543-42a4-8762-cde039a55a99@group-F96E5E74ED10-SegmentedRaftLogWorker] INFO  impl.RaftServerImpl (RaftServerImpl.java:lambda$shutdown$3(251)) - bcb704dc-2543-42a4-8762-cde039a55a99@group-F96E5E74ED10: shutdown
2019-09-26 15:39:34,120 [bcb704dc-2543-42a4-8762-cde039a55a99@group-375D6A16F6EF-SegmentedRaftLogWorker] INFO  impl.StateMachineUpdater (StateMachineUpdater.java:stopAndJoin(125)) - bcb704dc-2543-42a4-8762-cde039a55a99@group-375D6A16F6EF-StateMachineUpdater: set stopIndex = -1
2019-09-26 15:39:34,120 [bcb704dc-2543-42a4-8762-cde039a55a99@group-C4D905E4103A-SegmentedRaftLogWorker] INFO  impl.StateMachineUpdater (StateMachineUpdater.java:stopAndJoin(125)) - bcb704dc-2543-42a4-8762-cde039a55a99@group-C4D905E4103A-StateMachineUpdater: set stopIndex = -1
2019-09-26 15:39:34,122 [bcb704dc-2543-42a4-8762-cde039a55a99@group-C4D905E4103A-SegmentedRaftLogWorker] INFO  impl.RaftServerImpl (ServerState.java:close(385)) - bcb704dc-2543-42a4-8762-cde039a55a99@group-C4D905E4103A: closes. applyIndex: -1
2019-09-26 15:39:34,120 [bcb704dc-2543-42a4-8762-cde039a55a99@group-42E764F99F92-SegmentedRaftLogWorker] INFO  impl.RoleInfo (RoleInfo.java:shutdownLeaderState(104)) - bcb704dc-2543-42a4-8762-cde039a55a99: shutdown LeaderState
2019-09-26 15:39:34,119 [bcb704dc-2543-42a4-8762-cde039a55a99@group-BA70793E3DE7-SegmentedRaftLogWorker] INFO  impl.RaftServerImpl (RaftServerImpl.java:lambda$shutdown$3(251)) - bcb704dc-2543-42a4-8762-cde039a55a99@group-BA70793E3DE7: shutdown
2019-09-26 15:39:34,119 [bcb704dc-2543-42a4-8762-cde039a55a99@group-708F9F8A739D-SegmentedRaftLogWorker] INFO  impl.RoleInfo (RoleInfo.java:shutdownLeaderState(104)) - bcb704dc-2543-42a4-8762-cde039a55a99: shutdown LeaderState
2019-09-26 15:39:34,118 [bcb704dc-2543-42a4-8762-cde039a55a99@group-860F4724CA86-SegmentedRaftLogWorker] INFO  util.JmxRegister (JmxRegister.java:unregister(73)) - Successfully un-registered JMX Bean with object name Ratis:service=RaftServer,group=group-860F4724CA86,id=bcb704dc-2543-42a4-8762-cde039a55a99
2019-09-26 15:39:34,122 [bcb704dc-2543-42a4-8762-cde039a55a99@group-860F4724CA86-SegmentedRaftLogWorker] INFO  impl.RoleInfo (RoleInfo.java:shutdownLeaderState(104)) - bcb704dc-2543-42a4-8762-cde039a55a99: shutdown LeaderState
2019-09-26 15:39:34,118 [bcb704dc-2543-42a4-8762-cde039a55a99@group-8891CF406B17-SegmentedRaftLogWorker] INFO  segmented.SegmentedRaftLogWorker (SegmentedRaftLogWorker.java:close(228)) - bcb704dc-2543-42a4-8762-cde039a55a99@group-8891CF406B17-SegmentedRaftLogWorker close()
2019-09-26 15:39:34,118 [bcb704dc-2543-42a4-8762-cde039a55a99@group-20AC887259AF-SegmentedRaftLogWorker] INFO  impl.StateMachineUpdater (StateMachineUpdater.java:stopAndJoin(125)) - bcb704dc-2543-42a4-8762-cde039a55a99@group-20AC887259AF-StateMachineUpdater: set stopIndex = -1
2019-09-26 15:39:34,123 [bcb704dc-2543-42a4-8762-cde039a55a99@group-20AC887259AF-SegmentedRaftLogWorker] INFO  impl.RaftServerImpl (ServerState.java:close(385)) - bcb704dc-2543-42a4-8762-cde039a55a99@group-20AC887259AF: closes. applyIndex: -1
2019-09-26 15:39:34,117 [bcb704dc-2543-42a4-8762-cde039a55a99@group-BB495E0FFD8F-SegmentedRaftLogWorker] INFO  impl.StateMachineUpdater (StateMachineUpdater.java:stopAndJoin(125)) - bcb704dc-2543-42a4-8762-cde039a55a99@group-BB495E0FFD8F-StateMachineUpdater: set stopIndex = -1
2019-09-26 15:39:34,123 [bcb704dc-2543-42a4-8762-cde039a55a99@group-BB495E0FFD8F-SegmentedRaftLogWorker] INFO  impl.RaftServerImpl (ServerState.java:close(385)) - bcb704dc-2543-42a4-8762-cde039a55a99@group-BB495E0FFD8F: closes. applyIndex: -1
2019-09-26 15:39:34,117 [bcb704dc-2543-42a4-8762-cde039a55a99@group-B99515D878E9-SegmentedRaftLogWorker] INFO  impl.RaftServerImpl (RaftServerImpl.java:lambda$shutdown$3(251)) - bcb704dc-2543-42a4-8762-cde039a55a99@group-B99515D878E9: shutdown
2019-09-26 15:39:34,123 [bcb704dc-2543-42a4-8762-cde039a55a99@group-B99515D878E9-SegmentedRaftLogWorker] INFO  util.JmxRegister (JmxRegister.java:unregister(73)) - Successfully un-registered JMX Bean with object name Ratis:service=RaftServer,group=group-B99515D878E9,id=bcb704dc-2543-42a4-8762-cde039a55a99
2019-09-26 15:39:34,117 [bcb704dc-2543-42a4-8762-cde039a55a99@group-91004EC9A14A-SegmentedRaftLogWorker] INFO  impl.RaftServerImpl (RaftServerImpl.java:lambda$shutdown$3(251)) - bcb704dc-2543-42a4-8762-cde039a55a99@group-91004EC9A14A: shutdown
2019-09-26 15:39:34,116 [bcb704dc-2543-42a4-8762-cde039a55a99@group-B25BEBFA3DA3-SegmentedRaftLogWorker] INFO  impl.StateMachineUpdater (StateMachineUpdater.java:stopAndJoin(125)) - bcb704dc-2543-42a4-8762-cde039a55a99@group-B25BEBFA3DA3-StateMachineUpdater: set stopIndex = -1
2019-09-26 15:39:34,124 [bcb704dc-2543-42a4-8762-cde039a55a99@group-B25BEBFA3DA3-SegmentedRaftLogWorker] INFO  impl.RaftServerImpl (ServerState.java:close(385)) - bcb704dc-2543-42a4-8762-cde039a55a99@group-B25BEBFA3DA3: closes. applyIndex: -1
2019-09-26 15:39:34,116 [pool-123-thread-1] INFO  server.RaftServerConfigKeys (ConfUtils.java:logGet(43)) - raft.server.rpcslowness.timeout = 120s (custom)
2019-09-26 15:39:34,124 [bcb704dc-2543-42a4-8762-cde039a55a99@group-B25BEBFA3DA3-SegmentedRaftLogWorker] INFO  segmented.SegmentedRaftLogWorker (SegmentedRaftLogWorker.java:close(228)) - bcb704dc-2543-42a4-8762-cde039a55a99@group-B25BEBFA3DA3-SegmentedRaftLogWorker close()
2019-09-26 15:39:34,115 [bcb704dc-2543-42a4-8762-cde039a55a99@group-C76860977E5E-SegmentedRaftLogWorker] INFO  util.JmxRegister (JmxRegister.java:unregister(73)) - Successfully un-registered JMX Bean with object name Ratis:service=RaftServer,group=group-C76860977E5E,id=bcb704dc-2543-42a4-8762-cde039a55a99
2019-09-26 15:39:34,125 [bcb704dc-2543-42a4-8762-cde039a55a99@group-C76860977E5E-SegmentedRaftLogWorker] INFO  impl.RoleInfo (RoleInfo.java:shutdownLeaderState(104)) - bcb704dc-2543-42a4-8762-cde039a55a99: shutdown LeaderState
2019-09-26 15:39:34,115 [bcb704dc-2543-42a4-8762-cde039a55a99@group-CD5767121D26-SegmentedRaftLogWorker] INFO  impl.StateMachineUpdater (StateMachineUpdater.java:stopAndJoin(125)) - bcb704dc-2543-42a4-8762-cde039a55a99@group-CD5767121D26-StateMachineUpdater: set stopIndex = -1
2019-09-26 15:39:34,125 [bcb704dc-2543-42a4-8762-cde039a55a99@group-CD5767121D26-SegmentedRaftLogWorker] INFO  impl.RaftServerImpl (ServerState.java:close(385)) - bcb704dc-2543-42a4-8762-cde039a55a99@group-CD5767121D26: closes. applyIndex: -1
2019-09-26 15:39:34,115 [bcb704dc-2543-42a4-8762-cde039a55a99@group-617888AA4A51-SegmentedRaftLogWorker] INFO  segmented.SegmentedRaftLogWorker (SegmentedRaftLogWorker.java:close(228)) - bcb704dc-2543-42a4-8762-cde039a55a99@group-617888AA4A51-SegmentedRaftLogWorker close()
2019-09-26 15:39:34,125 [bcb704dc-2543-42a4-8762-cde039a55a99@group-CD5767121D26-SegmentedRaftLogWorker] INFO  segmented.SegmentedRaftLogWorker (SegmentedRaftLogWorker.java:close(228)) - bcb704dc-2543-42a4-8762-cde039a55a99@group-CD5767121D26-SegmentedRaftLogWorker close()
2019-09-26 15:39:34,125 [bcb704dc-2543-42a4-8762-cde039a55a99@group-C76860977E5E-SegmentedRaftLogWorker] INFO  impl.PendingRequests (PendingRequests.java:sendNotLeaderResponses(202)) - bcb704dc-2543-42a4-8762-cde039a55a99-PendingRequests: sendNotLeaderResponses
2019-09-26 15:39:34,124 [pool-123-thread-1] INFO  server.RaftServerConfigKeys (ConfUtils.java:logGet(43)) - raft.server.sleep.deviation.threshold = 300 (default)
2019-09-26 15:39:34,126 [pool-123-thread-1] INFO  server.RaftServerConfigKeys (ConfUtils.java:logGet(43)) - raft.server.log.appender.install.snapshot.enabled = false (custom)
2019-09-26 15:39:34,124 [bcb704dc-2543-42a4-8762-cde039a55a99@group-91004EC9A14A-SegmentedRaftLogWorker] INFO  util.JmxRegister (JmxRegister.java:unregister(73)) - Successfully un-registered JMX Bean with object name Ratis:service=RaftServer,group=group-91004EC9A14A,id=bcb704dc-2543-42a4-8762-cde039a55a99
2019-09-26 15:39:34,126 [bcb704dc-2543-42a4-8762-cde039a55a99@group-91004EC9A14A-SegmentedRaftLogWorker] INFO  impl.RoleInfo (RoleInfo.java:shutdownLeaderState(104)) - bcb704dc-2543-42a4-8762-cde039a55a99: shutdown LeaderState
2019-09-26 15:39:34,124 [bcb704dc-2543-42a4-8762-cde039a55a99@group-B99515D878E9-SegmentedRaftLogWorker] INFO  impl.RoleInfo (RoleInfo.java:shutdownLeaderState(104)) - bcb704dc-2543-42a4-8762-cde039a55a99: shutdown LeaderState
2019-09-26 15:39:34,123 [bcb704dc-2543-42a4-8762-cde039a55a99@group-BB495E0FFD8F-SegmentedRaftLogWorker] INFO  segmented.SegmentedRaftLogWorker (SegmentedRaftLogWorker.java:close(228)) - bcb704dc-2543-42a4-8762-cde039a55a99@group-BB495E0FFD8F-SegmentedRaftLogWorker close()
2019-09-26 15:39:34,123 [bcb704dc-2543-42a4-8762-cde039a55a99@group-20AC887259AF-SegmentedRaftLogWorker] INFO  segmented.SegmentedRaftLogWorker (SegmentedRaftLogWorker.java:close(228)) - bcb704dc-2543-42a4-8762-cde039a55a99@group-20AC887259AF-SegmentedRaftLogWorker close()
2019-09-26 15:39:34,123 [bcb704dc-2543-42a4-8762-cde039a55a99@group-860F4724CA86-SegmentedRaftLogWorker] INFO  impl.PendingRequests (PendingRequests.java:sendNotLeaderResponses(202)) - bcb704dc-2543-42a4-8762-cde039a55a99-PendingRequests: sendNotLeaderResponses
2019-09-26 15:39:34,122 [bcb704dc-2543-42a4-8762-cde039a55a99@group-708F9F8A739D-SegmentedRaftLogWorker] INFO  impl.PendingRequests (PendingRequests.java:sendNotLeaderResponses(202)) - bcb704dc-2543-42a4-8762-cde039a55a99-PendingRequests: sendNotLeaderResponses
2019-09-26 15:39:34,122 [bcb704dc-2543-42a4-8762-cde039a55a99@group-BA70793E3DE7-SegmentedRaftLogWorker] INFO  util.JmxRegister (JmxRegister.java:unregister(73)) - Successfully un-registered JMX Bean with object name Ratis:service=RaftServer,group=group-BA70793E3DE7,id=bcb704dc-2543-42a4-8762-cde039a55a99
2019-09-26 15:39:34,127 [bcb704dc-2543-42a4-8762-cde039a55a99@group-BA70793E3DE7-SegmentedRaftLogWorker] INFO  impl.RoleInfo (RoleInfo.java:shutdownLeaderState(104)) - bcb704dc-2543-42a4-8762-cde039a55a99: shutdown LeaderState
2019-09-26 15:39:34,122 [bcb704dc-2543-42a4-8762-cde039a55a99@group-42E764F99F92-SegmentedRaftLogWorker] INFO  impl.PendingRequests (PendingRequests.java:sendNotLeaderResponses(202)) - bcb704dc-2543-42a4-8762-cde039a55a99-PendingRequests: sendNotLeaderResponses
2019-09-26 15:39:34,122 [bcb704dc-2543-42a4-8762-cde039a55a99@group-C4D905E4103A-SegmentedRaftLogWorker] INFO  segmented.SegmentedRaftLogWorker (SegmentedRaftLogWorker.java:close(228)) - bcb704dc-2543-42a4-8762-cde039a55a99@group-C4D905E4103A-SegmentedRaftLogWorker close()
2019-09-26 15:39:34,122 [bcb704dc-2543-42a4-8762-cde039a55a99@group-375D6A16F6EF-SegmentedRaftLogWorker] INFO  impl.RaftServerImpl (ServerState.java:close(385)) - bcb704dc-2543-42a4-8762-cde039a55a99@group-375D6A16F6EF: closes. applyIndex: -1
2019-09-26 15:39:34,121 [bcb704dc-2543-42a4-8762-cde039a55a99@group-F96E5E74ED10-SegmentedRaftLogWorker] INFO  util.JmxRegister (JmxRegister.java:unregister(73)) - Successfully un-registered JMX Bean with object name Ratis:service=RaftServer,group=group-F96E5E74ED10,id=bcb704dc-2543-42a4-8762-cde039a55a99
2019-09-26 15:39:34,121 [bcb704dc-2543-42a4-8762-cde039a55a99@group-E216D9E11CC2-SegmentedRaftLogWorker] INFO  impl.StateMachineUpdater (StateMachineUpdater.java:stopAndJoin(125)) - bcb704dc-2543-42a4-8762-cde039a55a99@group-E216D9E11CC2-StateMachineUpdater: set stopIndex = -1
2019-09-26 15:39:34,128 [bcb704dc-2543-42a4-8762-cde039a55a99@group-E216D9E11CC2-SegmentedRaftLogWorker] INFO  impl.RaftServerImpl (ServerState.java:close(385)) - bcb704dc-2543-42a4-8762-cde039a55a99@group-E216D9E11CC2: closes. applyIndex: -1
2019-09-26 15:39:34,121 [bcb704dc-2543-42a4-8762-cde039a55a99@group-1EDFAD8639C2-SegmentedRaftLogWorker] INFO  impl.StateMachineUpdater (StateMachineUpdater.java:stopAndJoin(125)) - bcb704dc-2543-42a4-8762-cde039a55a99@group-1EDFAD8639C2-StateMachineUpdater: set stopIndex = -1
2019-09-26 15:39:34,128 [bcb704dc-2543-42a4-8762-cde039a55a99@group-1EDFAD8639C2-SegmentedRaftLogWorker] INFO  impl.RaftServerImpl (ServerState.java:close(385)) - bcb704dc-2543-42a4-8762-cde039a55a99@group-1EDFAD8639C2: closes. applyIndex: -1
2019-09-26 15:39:34,128 [bcb704dc-2543-42a4-8762-cde039a55a99@group-E216D9E11CC2-SegmentedRaftLogWorker] INFO  segmented.SegmentedRaftLogWorker (SegmentedRaftLogWorker.java:close(228)) - bcb704dc-2543-42a4-8762-cde039a55a99@group-E216D9E11CC2-SegmentedRaftLogWorker close()
2019-09-26 15:39:34,128 [bcb704dc-2543-42a4-8762-cde039a55a99@group-F96E5E74ED10-SegmentedRaftLogWorker] INFO  impl.RoleInfo (RoleInfo.java:shutdownLeaderState(104)) - bcb704dc-2543-42a4-8762-cde039a55a99: shutdown LeaderState
2019-09-26 15:39:34,128 [bcb704dc-2543-42a4-8762-cde039a55a99@group-375D6A16F6EF-SegmentedRaftLogWorker] INFO  segmented.SegmentedRaftLogWorker (SegmentedRaftLogWorker.java:close(228)) - bcb704dc-2543-42a4-8762-cde039a55a99@group-375D6A16F6EF-SegmentedRaftLogWorker close()
2019-09-26 15:39:34,127 [bcb704dc-2543-42a4-8762-cde039a55a99@group-42E764F99F92-SegmentedRaftLogWorker] INFO  impl.StateMachineUpdater (StateMachineUpdater.java:stopAndJoin(125)) - bcb704dc-2543-42a4-8762-cde039a55a99@group-42E764F99F92-StateMachineUpdater: set stopIndex = -1
2019-09-26 15:39:34,129 [bcb704dc-2543-42a4-8762-cde039a55a99@group-42E764F99F92-SegmentedRaftLogWorker] INFO  impl.RaftServerImpl (ServerState.java:close(385)) - bcb704dc-2543-42a4-8762-cde039a55a99@group-42E764F99F92: closes. applyIndex: -1
2019-09-26 15:39:34,127 [bcb704dc-2543-42a4-8762-cde039a55a99@group-BA70793E3DE7-SegmentedRaftLogWorker] INFO  impl.PendingRequests (PendingRequests.java:sendNotLeaderResponses(202)) - bcb704dc-2543-42a4-8762-cde039a55a99-PendingRequests: sendNotLeaderResponses
2019-09-26 15:39:34,127 [bcb704dc-2543-42a4-8762-cde039a55a99@group-708F9F8A739D-SegmentedRaftLogWorker] INFO  impl.StateMachineUpdater (StateMachineUpdater.java:stopAndJoin(125)) - bcb704dc-2543-42a4-8762-cde039a55a99@group-708F9F8A739D-StateMachineUpdater: set stopIndex = -1
2019-09-26 15:39:34,129 [bcb704dc-2543-42a4-8762-cde039a55a99@group-708F9F8A739D-SegmentedRaftLogWorker] INFO  impl.RaftServerImpl (ServerState.java:close(385)) - bcb704dc-2543-42a4-8762-cde039a55a99@group-708F9F8A739D: closes. applyIndex: -1
2019-09-26 15:39:34,127 [bcb704dc-2543-42a4-8762-cde039a55a99@group-860F4724CA86-SegmentedRaftLogWorker] INFO  impl.StateMachineUpdater (StateMachineUpdater.java:stopAndJoin(125)) - bcb704dc-2543-42a4-8762-cde039a55a99@group-860F4724CA86-StateMachineUpdater: set stopIndex = -1
2019-09-26 15:39:34,130 [bcb704dc-2543-42a4-8762-cde039a55a99@group-860F4724CA86-SegmentedRaftLogWorker] INFO  impl.RaftServerImpl (ServerState.java:close(385)) - bcb704dc-2543-42a4-8762-cde039a55a99@group-860F4724CA86: closes. applyIndex: -1
2019-09-26 15:39:34,126 [bcb704dc-2543-42a4-8762-cde039a55a99@group-B99515D878E9-SegmentedRaftLogWorker] INFO  impl.PendingRequests (PendingRequests.java:sendNotLeaderResponses(202)) - bcb704dc-2543-42a4-8762-cde039a55a99-PendingRequests: sendNotLeaderResponses
2019-09-26 15:39:34,126 [bcb704dc-2543-42a4-8762-cde039a55a99@group-91004EC9A14A-SegmentedRaftLogWorker] INFO  impl.PendingRequests (PendingRequests.java:sendNotLeaderResponses(202)) - bcb704dc-2543-42a4-8762-cde039a55a99-PendingRequests: sendNotLeaderResponses
2019-09-26 15:39:34,126 [pool-123-thread-1] INFO  impl.RaftServerImpl (ServerState.java:<init>(103)) - bcb704dc-2543-42a4-8762-cde039a55a99@group-1C06ADD74525: ConfigurationManager, init=-1: [bcb704dc-2543-42a4-8762-cde039a55a99:192.168.151.99:43663], old=null, confs=<EMPTY_MAP>
2019-09-26 15:39:34,126 [bcb704dc-2543-42a4-8762-cde039a55a99@group-C76860977E5E-SegmentedRaftLogWorker] INFO  impl.StateMachineUpdater (StateMachineUpdater.java:stopAndJoin(125)) - bcb704dc-2543-42a4-8762-cde039a55a99@group-C76860977E5E-StateMachineUpdater: set stopIndex = -1
2019-09-26 15:39:34,130 [pool-123-thread-1] INFO  server.RaftServerConfigKeys (ConfUtils.java:logGet(43)) - raft.server.storage.dir = [/workdir/hadoop-ozone/integration-test/target/test-dir/MiniOzoneClusterImpl-87962e32-e39f-4c57-b747-30c883c1cc54/datanode-0/data/ratis] (custom)
2019-09-26 15:39:34,130 [bcb704dc-2543-42a4-8762-cde039a55a99@group-91004EC9A14A-SegmentedRaftLogWorker] INFO  impl.StateMachineUpdater (StateMachineUpdater.java:stopAndJoin(125)) - bcb704dc-2543-42a4-8762-cde039a55a99@group-91004EC9A14A-StateMachineUpdater: set stopIndex = -1
2019-09-26 15:39:34,130 [bcb704dc-2543-42a4-8762-cde039a55a99@group-B99515D878E9-SegmentedRaftLogWorker] INFO  impl.StateMachineUpdater (StateMachineUpdater.java:stopAndJoin(125)) - bcb704dc-2543-42a4-8762-cde039a55a99@group-B99515D878E9-StateMachineUpdater: set stopIndex = -1
2019-09-26 15:39:34,131 [bcb704dc-2543-42a4-8762-cde039a55a99@group-B99515D878E9-SegmentedRaftLogWorker] INFO  impl.RaftServerImpl (ServerState.java:close(385)) - bcb704dc-2543-42a4-8762-cde039a55a99@group-B99515D878E9: closes. applyIndex: -1
2019-09-26 15:39:34,130 [bcb704dc-2543-42a4-8762-cde039a55a99@group-860F4724CA86-SegmentedRaftLogWorker] INFO  segmented.SegmentedRaftLogWorker (SegmentedRaftLogWorker.java:close(228)) - bcb704dc-2543-42a4-8762-cde039a55a99@group-860F4724CA86-SegmentedRaftLogWorker close()
2019-09-26 15:39:34,130 [bcb704dc-2543-42a4-8762-cde039a55a99@group-708F9F8A739D-SegmentedRaftLogWorker] INFO  segmented.SegmentedRaftLogWorker (SegmentedRaftLogWorker.java:close(228)) - bcb704dc-2543-42a4-8762-cde039a55a99@group-708F9F8A739D-SegmentedRaftLogWorker close()
2019-09-26 15:39:34,129 [bcb704dc-2543-42a4-8762-cde039a55a99@group-BA70793E3DE7-SegmentedRaftLogWorker] INFO  impl.StateMachineUpdater (StateMachineUpdater.java:stopAndJoin(125)) - bcb704dc-2543-42a4-8762-cde039a55a99@group-BA70793E3DE7-StateMachineUpdater: set stopIndex = -1
2019-09-26 15:39:34,129 [bcb704dc-2543-42a4-8762-cde039a55a99@group-42E764F99F92-SegmentedRaftLogWorker] INFO  segmented.SegmentedRaftLogWorker (SegmentedRaftLogWorker.java:close(228)) - bcb704dc-2543-42a4-8762-cde039a55a99@group-42E764F99F92-SegmentedRaftLogWorker close()
2019-09-26 15:39:34,129 [bcb704dc-2543-42a4-8762-cde039a55a99@group-F96E5E74ED10-SegmentedRaftLogWorker] INFO  impl.PendingRequests (PendingRequests.java:sendNotLeaderResponses(202)) - bcb704dc-2543-42a4-8762-cde039a55a99-PendingRequests: sendNotLeaderResponses
2019-09-26 15:39:34,128 [bcb704dc-2543-42a4-8762-cde039a55a99@group-1EDFAD8639C2-SegmentedRaftLogWorker] INFO  segmented.SegmentedRaftLogWorker (SegmentedRaftLogWorker.java:close(228)) - bcb704dc-2543-42a4-8762-cde039a55a99@group-1EDFAD8639C2-SegmentedRaftLogWorker close()
2019-09-26 15:39:34,132 [bcb704dc-2543-42a4-8762-cde039a55a99@group-F96E5E74ED10-SegmentedRaftLogWorker] INFO  impl.StateMachineUpdater (StateMachineUpdater.java:stopAndJoin(125)) - bcb704dc-2543-42a4-8762-cde039a55a99@group-F96E5E74ED10-StateMachineUpdater: set stopIndex = -1
2019-09-26 15:39:34,132 [bcb704dc-2543-42a4-8762-cde039a55a99@group-F96E5E74ED10-SegmentedRaftLogWorker] INFO  impl.RaftServerImpl (ServerState.java:close(385)) - bcb704dc-2543-42a4-8762-cde039a55a99@group-F96E5E74ED10: closes. applyIndex: -1
2019-09-26 15:39:34,132 [bcb704dc-2543-42a4-8762-cde039a55a99@group-BA70793E3DE7-SegmentedRaftLogWorker] INFO  impl.RaftServerImpl (ServerState.java:close(385)) - bcb704dc-2543-42a4-8762-cde039a55a99@group-BA70793E3DE7: closes. applyIndex: -1
2019-09-26 15:39:34,131 [pool-123-thread-1] INFO  storage.RaftStorageDirectory (RaftStorageDirectory.java:analyzeStorage(246)) - The storage directory /workdir/hadoop-ozone/integration-test/target/test-dir/MiniOzoneClusterImpl-87962e32-e39f-4c57-b747-30c883c1cc54/datanode-0/data/ratis/35d8e429-a2fa-4a2b-b897-1c06add74525 does not exist. Creating ...
2019-09-26 15:39:34,131 [bcb704dc-2543-42a4-8762-cde039a55a99@group-B99515D878E9-SegmentedRaftLogWorker] INFO  segmented.SegmentedRaftLogWorker (SegmentedRaftLogWorker.java:close(228)) - bcb704dc-2543-42a4-8762-cde039a55a99@group-B99515D878E9-SegmentedRaftLogWorker close()
2019-09-26 15:39:34,131 [bcb704dc-2543-42a4-8762-cde039a55a99@group-91004EC9A14A-SegmentedRaftLogWorker] INFO  impl.RaftServerImpl (ServerState.java:close(385)) - bcb704dc-2543-42a4-8762-cde039a55a99@group-91004EC9A14A: closes. applyIndex: -1
2019-09-26 15:39:34,130 [bcb704dc-2543-42a4-8762-cde039a55a99@group-C76860977E5E-SegmentedRaftLogWorker] INFO  impl.RaftServerImpl (ServerState.java:close(385)) - bcb704dc-2543-42a4-8762-cde039a55a99@group-C76860977E5E: closes. applyIndex: -1
2019-09-26 15:39:34,133 [bcb704dc-2543-42a4-8762-cde039a55a99@group-91004EC9A14A-SegmentedRaftLogWorker] INFO  segmented.SegmentedRaftLogWorker (SegmentedRaftLogWorker.java:close(228)) - bcb704dc-2543-42a4-8762-cde039a55a99@group-91004EC9A14A-SegmentedRaftLogWorker close()
2019-09-26 15:39:34,133 [bcb704dc-2543-42a4-8762-cde039a55a99@group-BA70793E3DE7-SegmentedRaftLogWorker] INFO  segmented.SegmentedRaftLogWorker (SegmentedRaftLogWorker.java:close(228)) - bcb704dc-2543-42a4-8762-cde039a55a99@group-BA70793E3DE7-SegmentedRaftLogWorker close()
2019-09-26 15:39:34,132 [bcb704dc-2543-42a4-8762-cde039a55a99@group-F96E5E74ED10-SegmentedRaftLogWorker] INFO  segmented.SegmentedRaftLogWorker (SegmentedRaftLogWorker.java:close(228)) - bcb704dc-2543-42a4-8762-cde039a55a99@group-F96E5E74ED10-SegmentedRaftLogWorker close()
2019-09-26 15:39:34,133 [bcb704dc-2543-42a4-8762-cde039a55a99@group-C76860977E5E-SegmentedRaftLogWorker] INFO  segmented.SegmentedRaftLogWorker (SegmentedRaftLogWorker.java:close(228)) - bcb704dc-2543-42a4-8762-cde039a55a99@group-C76860977E5E-SegmentedRaftLogWorker close()
2019-09-26 15:39:34,146 [pool-123-thread-1] INFO  storage.RaftStorageDirectory (RaftStorageDirectory.java:tryLock(328)) - Lock on /workdir/hadoop-ozone/integration-test/target/test-dir/MiniOzoneClusterImpl-87962e32-e39f-4c57-b747-30c883c1cc54/datanode-0/data/ratis/35d8e429-a2fa-4a2b-b897-1c06add74525/in_use.lock acquired by nodename 10626@pr-hdds-1569-g6sp5-2013761785
2019-09-26 15:39:34,159 [pool-123-thread-1] INFO  storage.RaftStorage (RaftStorage.java:format(72)) - Storage directory /workdir/hadoop-ozone/integration-test/target/test-dir/MiniOzoneClusterImpl-87962e32-e39f-4c57-b747-30c883c1cc54/datanode-0/data/ratis/35d8e429-a2fa-4a2b-b897-1c06add74525 has been successfully formatted.
2019-09-26 15:39:34,159 [pool-123-thread-1] INFO  ratis.ContainerStateMachine (ContainerStateMachine.java:loadSnapshot(230)) - group-1C06ADD74525: The snapshot info is null. Setting the last applied indexto:(t:0, i:~)
2019-09-26 15:39:34,159 [pool-123-thread-1] INFO  server.RaftServerConfigKeys (ConfUtils.java:logGet(43)) - raft.server.notification.no-leader.timeout = 120s (custom)
2019-09-26 15:39:34,160 [pool-123-thread-1] INFO  server.RaftServerConfigKeys (ConfUtils.java:logGet(43)) - raft.server.log.use.memory = false (default)
2019-09-26 15:39:34,160 [pool-123-thread-1] INFO  server.RaftServerConfigKeys (ConfUtils.java:logGet(43)) - raft.server.log.purge.gap = 1000000 (custom)
2019-09-26 15:39:34,160 [pool-123-thread-1] INFO  server.RaftServerConfigKeys (ConfUtils.java:logGet(43)) - raft.server.log.appender.buffer.byte-limit = 33554432 (custom)
2019-09-26 15:39:34,160 [pool-123-thread-1] INFO  server.RaftServerConfigKeys (ConfUtils.java:logGet(43)) - raft.server.log.segment.size.max = 1048576 (custom)
2019-09-26 15:39:34,160 [pool-123-thread-1] INFO  server.RaftServerConfigKeys (ConfUtils.java:logGet(43)) - raft.server.log.segment.cache.num.max = 2 (custom)
2019-09-26 15:39:34,160 [pool-123-thread-1] INFO  segmented.SegmentedRaftLogWorker (SegmentedRaftLogWorker.java:<init>(172)) - new bcb704dc-2543-42a4-8762-cde039a55a99@group-1C06ADD74525-SegmentedRaftLogWorker for RaftStorage:Storage Directory /workdir/hadoop-ozone/integration-test/target/test-dir/MiniOzoneClusterImpl-87962e32-e39f-4c57-b747-30c883c1cc54/datanode-0/data/ratis/35d8e429-a2fa-4a2b-b897-1c06add74525
2019-09-26 15:39:34,160 [pool-123-thread-1] INFO  server.RaftServerConfigKeys (ConfUtils.java:logGet(43)) - raft.server.log.queue.byte-limit = 2147483647 (custom)
2019-09-26 15:39:34,160 [pool-123-thread-1] INFO  server.RaftServerConfigKeys (ConfUtils.java:logGet(43)) - raft.server.log.queue.element-limit = 1024 (custom)
2019-09-26 15:39:34,161 [pool-123-thread-1] INFO  server.RaftServerConfigKeys (ConfUtils.java:logGet(43)) - raft.server.log.segment.size.max = 1048576 (custom)
2019-09-26 15:39:34,161 [pool-123-thread-1] INFO  server.RaftServerConfigKeys (ConfUtils.java:logGet(43)) - raft.server.log.preallocated.size = 16384 (custom)
2019-09-26 15:39:34,161 [pool-123-thread-1] INFO  server.RaftServerConfigKeys (ConfUtils.java:logGet(43)) - raft.server.log.write.buffer.size = 33554432 (custom)
2019-09-26 15:39:34,161 [pool-123-thread-1] INFO  server.RaftServerConfigKeys (ConfUtils.java:logGet(43)) - raft.server.log.force.sync.num = 128 (default)
2019-09-26 15:39:34,161 [pool-123-thread-1] INFO  server.RaftServerConfigKeys (ConfUtils.java:logGet(43)) - raft.server.log.statemachine.data.sync = true (default)
2019-09-26 15:39:34,161 [pool-123-thread-1] INFO  server.RaftServerConfigKeys (ConfUtils.java:logGet(43)) - raft.server.log.statemachine.data.sync.timeout = 10s (default)
2019-09-26 15:39:34,161 [pool-123-thread-1] INFO  server.RaftServerConfigKeys (ConfUtils.java:logGet(43)) - raft.server.log.statemachine.data.sync.timeout.retry = -1 (default)
2019-09-26 15:39:34,161 [pool-123-thread-1] INFO  server.RaftServerConfigKeys (ConfUtils.java:logGet(43)) - raft.server.log.statemachine.data.caching.enabled = true (custom)
2019-09-26 15:39:34,162 [pool-123-thread-1] INFO  segmented.SegmentedRaftLogWorker (SegmentedRaftLogWorker.java:lambda$new$0(132)) - bcb704dc-2543-42a4-8762-cde039a55a99@group-1C06ADD74525-SegmentedRaftLogWorker: flushIndex: setUnconditionally 0 -> -1
2019-09-26 15:39:34,162 [pool-123-thread-1] INFO  server.RaftServerConfigKeys (ConfUtils.java:logGet(43)) - raft.server.snapshot.auto.trigger.enabled = true (custom)
2019-09-26 15:39:34,162 [pool-123-thread-1] INFO  server.RaftServerConfigKeys (ConfUtils.java:logGet(43)) - raft.server.snapshot.auto.trigger.threshold = 10000 (custom)
2019-09-26 15:39:34,162 [pool-123-thread-1] INFO  server.RaftServerConfigKeys (ConfUtils.java:logGet(43)) - raft.server.snapshot.retention.num.files = 5 (custom)
2019-09-26 15:39:34,162 [pool-123-thread-1] INFO  server.RaftServerConfigKeys (ConfUtils.java:logGet(43)) - raft.server.retrycache.expirytime = 600000ms (custom)
2019-09-26 15:39:34,164 [pool-123-thread-1] INFO  impl.RaftServerImpl (RaftServerImpl.java:start(185)) - bcb704dc-2543-42a4-8762-cde039a55a99@group-0423DF0ED906: start as a follower, conf=-1: [bcb704dc-2543-42a4-8762-cde039a55a99:192.168.151.99:43663], old=null
2019-09-26 15:39:34,164 [pool-123-thread-1] INFO  impl.RaftServerImpl (RaftServerImpl.java:setRole(174)) - bcb704dc-2543-42a4-8762-cde039a55a99@group-0423DF0ED906: changes role from      null to FOLLOWER at term 0 for startAsFollower
2019-09-26 15:39:34,164 [pool-123-thread-1] INFO  impl.RoleInfo (RoleInfo.java:updateAndGet(143)) - bcb704dc-2543-42a4-8762-cde039a55a99: start FollowerState
2019-09-26 15:39:34,164 [pool-123-thread-1] INFO  util.JmxRegister (JmxRegister.java:tryRegister(44)) - Successfully registered JMX Bean with object name Ratis:service=RaftServer,group=group-0423DF0ED906,id=bcb704dc-2543-42a4-8762-cde039a55a99
2019-09-26 15:39:34,165 [pool-123-thread-1] INFO  impl.RaftServerImpl (RaftServerImpl.java:start(185)) - bcb704dc-2543-42a4-8762-cde039a55a99@group-1C06ADD74525: start as a follower, conf=-1: [bcb704dc-2543-42a4-8762-cde039a55a99:192.168.151.99:43663], old=null
2019-09-26 15:39:34,165 [pool-123-thread-1] INFO  impl.RaftServerImpl (RaftServerImpl.java:setRole(174)) - bcb704dc-2543-42a4-8762-cde039a55a99@group-1C06ADD74525: changes role from      null to FOLLOWER at term 0 for startAsFollower
2019-09-26 15:39:34,165 [pool-123-thread-1] INFO  impl.RoleInfo (RoleInfo.java:updateAndGet(143)) - bcb704dc-2543-42a4-8762-cde039a55a99: start FollowerState
2019-09-26 15:39:34,165 [pool-123-thread-1] INFO  util.JmxRegister (JmxRegister.java:tryRegister(44)) - Successfully registered JMX Bean with object name Ratis:service=RaftServer,group=group-1C06ADD74525,id=bcb704dc-2543-42a4-8762-cde039a55a99
2019-09-26 15:39:34,364 [bcb704dc-2543-42a4-8762-cde039a55a99@group-FB26FC18925F-SegmentedRaftLogWorker] ERROR segmented.SegmentedRaftLogWorker (SegmentedRaftLogWorker.java:run(323)) - bcb704dc-2543-42a4-8762-cde039a55a99@group-FB26FC18925F-SegmentedRaftLogWorker hit exception
java.lang.OutOfMemoryError: Direct buffer memory
	at java.nio.Bits.reserveMemory(Bits.java:666)
	at java.nio.DirectByteBuffer.<init>(DirectByteBuffer.java:123)
	at java.nio.ByteBuffer.allocateDirect(ByteBuffer.java:311)
	at org.apache.ratis.server.raftlog.segmented.BufferedWriteChannel.<init>(BufferedWriteChannel.java:41)
	at org.apache.ratis.server.raftlog.segmented.SegmentedRaftLogOutputStream.<init>(SegmentedRaftLogOutputStream.java:72)
	at org.apache.ratis.server.raftlog.segmented.SegmentedRaftLogWorker$StartLogSegment.execute(SegmentedRaftLogWorker.java:566)
	at org.apache.ratis.server.raftlog.segmented.SegmentedRaftLogWorker.run(SegmentedRaftLogWorker.java:289)
	at java.lang.Thread.run(Thread.java:748)
2019-09-26 15:39:34,364 [bcb704dc-2543-42a4-8762-cde039a55a99@group-B76F64AA196D-SegmentedRaftLogWorker] ERROR segmented.SegmentedRaftLogWorker (SegmentedRaftLogWorker.java:run(323)) - bcb704dc-2543-42a4-8762-cde039a55a99@group-B76F64AA196D-SegmentedRaftLogWorker hit exception
java.lang.OutOfMemoryError: Direct buffer memory
	at java.nio.Bits.reserveMemory(Bits.java:666)
	at java.nio.DirectByteBuffer.<init>(DirectByteBuffer.java:123)
	at java.nio.ByteBuffer.allocateDirect(ByteBuffer.java:311)
	at org.apache.ratis.server.raftlog.segmented.BufferedWriteChannel.<init>(BufferedWriteChannel.java:41)
	at org.apache.ratis.server.raftlog.segmented.SegmentedRaftLogOutputStream.<init>(SegmentedRaftLogOutputStream.java:72)
	at org.apache.ratis.server.raftlog.segmented.SegmentedRaftLogWorker$StartLogSegment.execute(SegmentedRaftLogWorker.java:566)
	at org.apache.ratis.server.raftlog.segmented.SegmentedRaftLogWorker.run(SegmentedRaftLogWorker.java:289)
	at java.lang.Thread.run(Thread.java:748)
2019-09-26 15:39:34,365 [bcb704dc-2543-42a4-8762-cde039a55a99@group-B76F64AA196D-SegmentedRaftLogWorker] INFO  impl.RaftServerImpl (RaftServerImpl.java:lambda$shutdown$3(251)) - bcb704dc-2543-42a4-8762-cde039a55a99@group-B76F64AA196D: shutdown
2019-09-26 15:39:34,364 [bcb704dc-2543-42a4-8762-cde039a55a99@group-768FFE8D3C99-SegmentedRaftLogWorker] ERROR segmented.SegmentedRaftLogWorker (SegmentedRaftLogWorker.java:run(323)) - bcb704dc-2543-42a4-8762-cde039a55a99@group-768FFE8D3C99-SegmentedRaftLogWorker hit exception
java.lang.OutOfMemoryError: Direct buffer memory
	at java.nio.Bits.reserveMemory(Bits.java:666)
	at java.nio.DirectByteBuffer.<init>(DirectByteBuffer.java:123)
	at java.nio.ByteBuffer.allocateDirect(ByteBuffer.java:311)
	at org.apache.ratis.server.raftlog.segmented.BufferedWriteChannel.<init>(BufferedWriteChannel.java:41)
	at org.apache.ratis.server.raftlog.segmented.SegmentedRaftLogOutputStream.<init>(SegmentedRaftLogOutputStream.java:72)
	at org.apache.ratis.server.raftlog.segmented.SegmentedRaftLogWorker$StartLogSegment.execute(SegmentedRaftLogWorker.java:566)
	at org.apache.ratis.server.raftlog.segmented.SegmentedRaftLogWorker.run(SegmentedRaftLogWorker.java:289)
	at java.lang.Thread.run(Thread.java:748)
2019-09-26 15:39:34,365 [bcb704dc-2543-42a4-8762-cde039a55a99@group-768FFE8D3C99-SegmentedRaftLogWorker] INFO  impl.RaftServerImpl (RaftServerImpl.java:lambda$shutdown$3(251)) - bcb704dc-2543-42a4-8762-cde039a55a99@group-768FFE8D3C99: shutdown
2019-09-26 15:39:34,365 [bcb704dc-2543-42a4-8762-cde039a55a99@group-B76F64AA196D-SegmentedRaftLogWorker] INFO  util.JmxRegister (JmxRegister.java:unregister(73)) - Successfully un-registered JMX Bean with object name Ratis:service=RaftServer,group=group-B76F64AA196D,id=bcb704dc-2543-42a4-8762-cde039a55a99
2019-09-26 15:39:34,365 [bcb704dc-2543-42a4-8762-cde039a55a99@group-B76F64AA196D-SegmentedRaftLogWorker] INFO  impl.RoleInfo (RoleInfo.java:shutdownLeaderState(104)) - bcb704dc-2543-42a4-8762-cde039a55a99: shutdown LeaderState
2019-09-26 15:39:34,365 [bcb704dc-2543-42a4-8762-cde039a55a99@group-FB26FC18925F-SegmentedRaftLogWorker] INFO  impl.RaftServerImpl (RaftServerImpl.java:lambda$shutdown$3(251)) - bcb704dc-2543-42a4-8762-cde039a55a99@group-FB26FC18925F: shutdown
2019-09-26 15:39:34,366 [bcb704dc-2543-42a4-8762-cde039a55a99@group-B76F64AA196D-SegmentedRaftLogWorker] INFO  impl.PendingRequests (PendingRequests.java:sendNotLeaderResponses(202)) - bcb704dc-2543-42a4-8762-cde039a55a99-PendingRequests: sendNotLeaderResponses
2019-09-26 15:39:34,365 [bcb704dc-2543-42a4-8762-cde039a55a99@group-768FFE8D3C99-SegmentedRaftLogWorker] INFO  util.JmxRegister (JmxRegister.java:unregister(73)) - Successfully un-registered JMX Bean with object name Ratis:service=RaftServer,group=group-768FFE8D3C99,id=bcb704dc-2543-42a4-8762-cde039a55a99
2019-09-26 15:39:34,366 [bcb704dc-2543-42a4-8762-cde039a55a99@group-768FFE8D3C99-SegmentedRaftLogWorker] INFO  impl.RoleInfo (RoleInfo.java:shutdownLeaderState(104)) - bcb704dc-2543-42a4-8762-cde039a55a99: shutdown LeaderState
2019-09-26 15:39:34,366 [bcb704dc-2543-42a4-8762-cde039a55a99@group-B76F64AA196D-SegmentedRaftLogWorker] INFO  impl.StateMachineUpdater (StateMachineUpdater.java:stopAndJoin(125)) - bcb704dc-2543-42a4-8762-cde039a55a99@group-B76F64AA196D-StateMachineUpdater: set stopIndex = -1
2019-09-26 15:39:34,366 [bcb704dc-2543-42a4-8762-cde039a55a99@group-B76F64AA196D-SegmentedRaftLogWorker] INFO  impl.RaftServerImpl (ServerState.java:close(385)) - bcb704dc-2543-42a4-8762-cde039a55a99@group-B76F64AA196D: closes. applyIndex: -1
2019-09-26 15:39:34,366 [bcb704dc-2543-42a4-8762-cde039a55a99@group-FB26FC18925F-SegmentedRaftLogWorker] INFO  util.JmxRegister (JmxRegister.java:unregister(73)) - Successfully un-registered JMX Bean with object name Ratis:service=RaftServer,group=group-FB26FC18925F,id=bcb704dc-2543-42a4-8762-cde039a55a99
2019-09-26 15:39:34,366 [bcb704dc-2543-42a4-8762-cde039a55a99@group-B76F64AA196D-SegmentedRaftLogWorker] INFO  segmented.SegmentedRaftLogWorker (SegmentedRaftLogWorker.java:close(228)) - bcb704dc-2543-42a4-8762-cde039a55a99@group-B76F64AA196D-SegmentedRaftLogWorker close()
2019-09-26 15:39:34,366 [bcb704dc-2543-42a4-8762-cde039a55a99@group-768FFE8D3C99-SegmentedRaftLogWorker] INFO  impl.PendingRequests (PendingRequests.java:sendNotLeaderResponses(202)) - bcb704dc-2543-42a4-8762-cde039a55a99-PendingRequests: sendNotLeaderResponses
2019-09-26 15:39:34,366 [bcb704dc-2543-42a4-8762-cde039a55a99@group-FB26FC18925F-SegmentedRaftLogWorker] INFO  impl.RoleInfo (RoleInfo.java:shutdownLeaderState(104)) - bcb704dc-2543-42a4-8762-cde039a55a99: shutdown LeaderState
2019-09-26 15:39:34,367 [bcb704dc-2543-42a4-8762-cde039a55a99@group-768FFE8D3C99-SegmentedRaftLogWorker] INFO  impl.StateMachineUpdater (StateMachineUpdater.java:stopAndJoin(125)) - bcb704dc-2543-42a4-8762-cde039a55a99@group-768FFE8D3C99-StateMachineUpdater: set stopIndex = -1
2019-09-26 15:39:34,367 [bcb704dc-2543-42a4-8762-cde039a55a99@group-768FFE8D3C99-SegmentedRaftLogWorker] INFO  impl.RaftServerImpl (ServerState.java:close(385)) - bcb704dc-2543-42a4-8762-cde039a55a99@group-768FFE8D3C99: closes. applyIndex: -1
2019-09-26 15:39:34,367 [bcb704dc-2543-42a4-8762-cde039a55a99@group-FB26FC18925F-SegmentedRaftLogWorker] INFO  impl.PendingRequests (PendingRequests.java:sendNotLeaderResponses(202)) - bcb704dc-2543-42a4-8762-cde039a55a99-PendingRequests: sendNotLeaderResponses
2019-09-26 15:39:34,367 [bcb704dc-2543-42a4-8762-cde039a55a99@group-768FFE8D3C99-SegmentedRaftLogWorker] INFO  segmented.SegmentedRaftLogWorker (SegmentedRaftLogWorker.java:close(228)) - bcb704dc-2543-42a4-8762-cde039a55a99@group-768FFE8D3C99-SegmentedRaftLogWorker close()
2019-09-26 15:39:34,367 [bcb704dc-2543-42a4-8762-cde039a55a99@group-FB26FC18925F-SegmentedRaftLogWorker] INFO  impl.StateMachineUpdater (StateMachineUpdater.java:stopAndJoin(125)) - bcb704dc-2543-42a4-8762-cde039a55a99@group-FB26FC18925F-StateMachineUpdater: set stopIndex = -1
2019-09-26 15:39:34,367 [bcb704dc-2543-42a4-8762-cde039a55a99@group-FB26FC18925F-SegmentedRaftLogWorker] INFO  impl.RaftServerImpl (ServerState.java:close(385)) - bcb704dc-2543-42a4-8762-cde039a55a99@group-FB26FC18925F: closes. applyIndex: -1
2019-09-26 15:39:34,368 [bcb704dc-2543-42a4-8762-cde039a55a99@group-FB26FC18925F-SegmentedRaftLogWorker] INFO  segmented.SegmentedRaftLogWorker (SegmentedRaftLogWorker.java:close(228)) - bcb704dc-2543-42a4-8762-cde039a55a99@group-FB26FC18925F-SegmentedRaftLogWorker close()
2019-09-26 15:39:34,593 [bcb704dc-2543-42a4-8762-cde039a55a99@group-D95087EDE7EE-SegmentedRaftLogWorker] ERROR segmented.SegmentedRaftLogWorker (SegmentedRaftLogWorker.java:run(323)) - bcb704dc-2543-42a4-8762-cde039a55a99@group-D95087EDE7EE-SegmentedRaftLogWorker hit exception
java.lang.OutOfMemoryError: Direct buffer memory
	at java.nio.Bits.reserveMemory(Bits.java:666)
	at java.nio.DirectByteBuffer.<init>(DirectByteBuffer.java:123)
	at java.nio.ByteBuffer.allocateDirect(ByteBuffer.java:311)
	at org.apache.ratis.server.raftlog.segmented.BufferedWriteChannel.<init>(BufferedWriteChannel.java:41)
	at org.apache.ratis.server.raftlog.segmented.SegmentedRaftLogOutputStream.<init>(SegmentedRaftLogOutputStream.java:72)
	at org.apache.ratis.server.raftlog.segmented.SegmentedRaftLogWorker$StartLogSegment.execute(SegmentedRaftLogWorker.java:566)
	at org.apache.ratis.server.raftlog.segmented.SegmentedRaftLogWorker.run(SegmentedRaftLogWorker.java:289)
	at java.lang.Thread.run(Thread.java:748)
2019-09-26 15:39:34,593 [bcb704dc-2543-42a4-8762-cde039a55a99@group-ADDB6DC4F628-SegmentedRaftLogWorker] ERROR segmented.SegmentedRaftLogWorker (SegmentedRaftLogWorker.java:run(323)) - bcb704dc-2543-42a4-8762-cde039a55a99@group-ADDB6DC4F628-SegmentedRaftLogWorker hit exception
java.lang.OutOfMemoryError: Direct buffer memory
	at java.nio.Bits.reserveMemory(Bits.java:666)
	at java.nio.DirectByteBuffer.<init>(DirectByteBuffer.java:123)
	at java.nio.ByteBuffer.allocateDirect(ByteBuffer.java:311)
	at org.apache.ratis.server.raftlog.segmented.BufferedWriteChannel.<init>(BufferedWriteChannel.java:41)
	at org.apache.ratis.server.raftlog.segmented.SegmentedRaftLogOutputStream.<init>(SegmentedRaftLogOutputStream.java:72)
	at org.apache.ratis.server.raftlog.segmented.SegmentedRaftLogWorker$StartLogSegment.execute(SegmentedRaftLogWorker.java:566)
	at org.apache.ratis.server.raftlog.segmented.SegmentedRaftLogWorker.run(SegmentedRaftLogWorker.java:289)
	at java.lang.Thread.run(Thread.java:748)
2019-09-26 15:39:34,593 [bcb704dc-2543-42a4-8762-cde039a55a99@group-ADDB6DC4F628-SegmentedRaftLogWorker] INFO  impl.RaftServerImpl (RaftServerImpl.java:lambda$shutdown$3(251)) - bcb704dc-2543-42a4-8762-cde039a55a99@group-ADDB6DC4F628: shutdown
2019-09-26 15:39:34,593 [bcb704dc-2543-42a4-8762-cde039a55a99@group-E156FE0624FA-SegmentedRaftLogWorker] ERROR segmented.SegmentedRaftLogWorker (SegmentedRaftLogWorker.java:run(323)) - bcb704dc-2543-42a4-8762-cde039a55a99@group-E156FE0624FA-SegmentedRaftLogWorker hit exception
java.lang.OutOfMemoryError: Direct buffer memory
	at java.nio.Bits.reserveMemory(Bits.java:666)
	at java.nio.DirectByteBuffer.<init>(DirectByteBuffer.java:123)
	at java.nio.ByteBuffer.allocateDirect(ByteBuffer.java:311)
	at org.apache.ratis.server.raftlog.segmented.BufferedWriteChannel.<init>(BufferedWriteChannel.java:41)
	at org.apache.ratis.server.raftlog.segmented.SegmentedRaftLogOutputStream.<init>(SegmentedRaftLogOutputStream.java:72)
	at org.apache.ratis.server.raftlog.segmented.SegmentedRaftLogWorker$StartLogSegment.execute(SegmentedRaftLogWorker.java:566)
	at org.apache.ratis.server.raftlog.segmented.SegmentedRaftLogWorker.run(SegmentedRaftLogWorker.java:289)
	at java.lang.Thread.run(Thread.java:748)
2019-09-26 15:39:34,594 [bcb704dc-2543-42a4-8762-cde039a55a99@group-ADDB6DC4F628-SegmentedRaftLogWorker] INFO  util.JmxRegister (JmxRegister.java:unregister(73)) - Successfully un-registered JMX Bean with object name Ratis:service=RaftServer,group=group-ADDB6DC4F628,id=bcb704dc-2543-42a4-8762-cde039a55a99
2019-09-26 15:39:34,594 [bcb704dc-2543-42a4-8762-cde039a55a99@group-ADDB6DC4F628-SegmentedRaftLogWorker] INFO  impl.RoleInfo (RoleInfo.java:shutdownLeaderState(104)) - bcb704dc-2543-42a4-8762-cde039a55a99: shutdown LeaderState
2019-09-26 15:39:34,593 [bcb704dc-2543-42a4-8762-cde039a55a99@group-D95087EDE7EE-SegmentedRaftLogWorker] INFO  impl.RaftServerImpl (RaftServerImpl.java:lambda$shutdown$3(251)) - bcb704dc-2543-42a4-8762-cde039a55a99@group-D95087EDE7EE: shutdown
2019-09-26 15:39:34,594 [bcb704dc-2543-42a4-8762-cde039a55a99@group-ADDB6DC4F628-SegmentedRaftLogWorker] INFO  impl.PendingRequests (PendingRequests.java:sendNotLeaderResponses(202)) - bcb704dc-2543-42a4-8762-cde039a55a99-PendingRequests: sendNotLeaderResponses
2019-09-26 15:39:34,594 [bcb704dc-2543-42a4-8762-cde039a55a99@group-E156FE0624FA-SegmentedRaftLogWorker] INFO  impl.RaftServerImpl (RaftServerImpl.java:lambda$shutdown$3(251)) - bcb704dc-2543-42a4-8762-cde039a55a99@group-E156FE0624FA: shutdown
2019-09-26 15:39:34,594 [bcb704dc-2543-42a4-8762-cde039a55a99@group-ADDB6DC4F628-SegmentedRaftLogWorker] INFO  impl.StateMachineUpdater (StateMachineUpdater.java:stopAndJoin(125)) - bcb704dc-2543-42a4-8762-cde039a55a99@group-ADDB6DC4F628-StateMachineUpdater: set stopIndex = -1
2019-09-26 15:39:34,595 [bcb704dc-2543-42a4-8762-cde039a55a99@group-ADDB6DC4F628-SegmentedRaftLogWorker] INFO  impl.RaftServerImpl (ServerState.java:close(385)) - bcb704dc-2543-42a4-8762-cde039a55a99@group-ADDB6DC4F628: closes. applyIndex: -1
2019-09-26 15:39:34,594 [bcb704dc-2543-42a4-8762-cde039a55a99@group-D95087EDE7EE-SegmentedRaftLogWorker] INFO  util.JmxRegister (JmxRegister.java:unregister(73)) - Successfully un-registered JMX Bean with object name Ratis:service=RaftServer,group=group-D95087EDE7EE,id=bcb704dc-2543-42a4-8762-cde039a55a99
2019-09-26 15:39:34,595 [bcb704dc-2543-42a4-8762-cde039a55a99@group-ADDB6DC4F628-SegmentedRaftLogWorker] INFO  segmented.SegmentedRaftLogWorker (SegmentedRaftLogWorker.java:close(228)) - bcb704dc-2543-42a4-8762-cde039a55a99@group-ADDB6DC4F628-SegmentedRaftLogWorker close()
2019-09-26 15:39:34,595 [bcb704dc-2543-42a4-8762-cde039a55a99@group-E156FE0624FA-SegmentedRaftLogWorker] INFO  util.JmxRegister (JmxRegister.java:unregister(73)) - Successfully un-registered JMX Bean with object name Ratis:service=RaftServer,group=group-E156FE0624FA,id=bcb704dc-2543-42a4-8762-cde039a55a99
2019-09-26 15:39:34,595 [bcb704dc-2543-42a4-8762-cde039a55a99@group-E156FE0624FA-SegmentedRaftLogWorker] INFO  impl.RoleInfo (RoleInfo.java:shutdownLeaderState(104)) - bcb704dc-2543-42a4-8762-cde039a55a99: shutdown LeaderState
2019-09-26 15:39:34,595 [bcb704dc-2543-42a4-8762-cde039a55a99@group-D95087EDE7EE-SegmentedRaftLogWorker] INFO  impl.RoleInfo (RoleInfo.java:shutdownLeaderState(104)) - bcb704dc-2543-42a4-8762-cde039a55a99: shutdown LeaderState
2019-09-26 15:39:34,596 [bcb704dc-2543-42a4-8762-cde039a55a99@group-E156FE0624FA-SegmentedRaftLogWorker] INFO  impl.PendingRequests (PendingRequests.java:sendNotLeaderResponses(202)) - bcb704dc-2543-42a4-8762-cde039a55a99-PendingRequests: sendNotLeaderResponses
2019-09-26 15:39:34,596 [bcb704dc-2543-42a4-8762-cde039a55a99@group-D95087EDE7EE-SegmentedRaftLogWorker] INFO  impl.PendingRequests (PendingRequests.java:sendNotLeaderResponses(202)) - bcb704dc-2543-42a4-8762-cde039a55a99-PendingRequests: sendNotLeaderResponses
2019-09-26 15:39:34,596 [bcb704dc-2543-42a4-8762-cde039a55a99@group-E156FE0624FA-SegmentedRaftLogWorker] INFO  impl.StateMachineUpdater (StateMachineUpdater.java:stopAndJoin(125)) - bcb704dc-2543-42a4-8762-cde039a55a99@group-E156FE0624FA-StateMachineUpdater: set stopIndex = -1
2019-09-26 15:39:34,596 [bcb704dc-2543-42a4-8762-cde039a55a99@group-E156FE0624FA-SegmentedRaftLogWorker] INFO  impl.RaftServerImpl (ServerState.java:close(385)) - bcb704dc-2543-42a4-8762-cde039a55a99@group-E156FE0624FA: closes. applyIndex: -1
2019-09-26 15:39:34,596 [bcb704dc-2543-42a4-8762-cde039a55a99@group-D95087EDE7EE-SegmentedRaftLogWorker] INFO  impl.StateMachineUpdater (StateMachineUpdater.java:stopAndJoin(125)) - bcb704dc-2543-42a4-8762-cde039a55a99@group-D95087EDE7EE-StateMachineUpdater: set stopIndex = -1
2019-09-26 15:39:34,596 [bcb704dc-2543-42a4-8762-cde039a55a99@group-E156FE0624FA-SegmentedRaftLogWorker] INFO  segmented.SegmentedRaftLogWorker (SegmentedRaftLogWorker.java:close(228)) - bcb704dc-2543-42a4-8762-cde039a55a99@group-E156FE0624FA-SegmentedRaftLogWorker close()
2019-09-26 15:39:34,597 [bcb704dc-2543-42a4-8762-cde039a55a99@group-D95087EDE7EE-SegmentedRaftLogWorker] INFO  impl.RaftServerImpl (ServerState.java:close(385)) - bcb704dc-2543-42a4-8762-cde039a55a99@group-D95087EDE7EE: closes. applyIndex: -1
2019-09-26 15:39:34,597 [bcb704dc-2543-42a4-8762-cde039a55a99@group-D95087EDE7EE-SegmentedRaftLogWorker] INFO  segmented.SegmentedRaftLogWorker (SegmentedRaftLogWorker.java:close(228)) - bcb704dc-2543-42a4-8762-cde039a55a99@group-D95087EDE7EE-SegmentedRaftLogWorker close()
2019-09-26 15:39:34,610 [bcb704dc-2543-42a4-8762-cde039a55a99@group-04D57B5B7528-SegmentedRaftLogWorker] ERROR segmented.SegmentedRaftLogWorker (SegmentedRaftLogWorker.java:run(323)) - bcb704dc-2543-42a4-8762-cde039a55a99@group-04D57B5B7528-SegmentedRaftLogWorker hit exception
java.lang.OutOfMemoryError: Direct buffer memory
	at java.nio.Bits.reserveMemory(Bits.java:666)
	at java.nio.DirectByteBuffer.<init>(DirectByteBuffer.java:123)
	at java.nio.ByteBuffer.allocateDirect(ByteBuffer.java:311)
	at org.apache.ratis.server.raftlog.segmented.BufferedWriteChannel.<init>(BufferedWriteChannel.java:41)
	at org.apache.ratis.server.raftlog.segmented.SegmentedRaftLogOutputStream.<init>(SegmentedRaftLogOutputStream.java:72)
	at org.apache.ratis.server.raftlog.segmented.SegmentedRaftLogWorker$StartLogSegment.execute(SegmentedRaftLogWorker.java:566)
	at org.apache.ratis.server.raftlog.segmented.SegmentedRaftLogWorker.run(SegmentedRaftLogWorker.java:289)
	at java.lang.Thread.run(Thread.java:748)
2019-09-26 15:39:34,610 [bcb704dc-2543-42a4-8762-cde039a55a99@group-04D57B5B7528-SegmentedRaftLogWorker] INFO  impl.RaftServerImpl (RaftServerImpl.java:lambda$shutdown$3(251)) - bcb704dc-2543-42a4-8762-cde039a55a99@group-04D57B5B7528: shutdown
2019-09-26 15:39:34,610 [bcb704dc-2543-42a4-8762-cde039a55a99@group-04D57B5B7528-SegmentedRaftLogWorker] INFO  util.JmxRegister (JmxRegister.java:unregister(73)) - Successfully un-registered JMX Bean with object name Ratis:service=RaftServer,group=group-04D57B5B7528,id=bcb704dc-2543-42a4-8762-cde039a55a99
2019-09-26 15:39:34,610 [bcb704dc-2543-42a4-8762-cde039a55a99@group-04D57B5B7528-SegmentedRaftLogWorker] INFO  impl.RoleInfo (RoleInfo.java:shutdownLeaderState(104)) - bcb704dc-2543-42a4-8762-cde039a55a99: shutdown LeaderState
2019-09-26 15:39:34,611 [bcb704dc-2543-42a4-8762-cde039a55a99@group-04D57B5B7528-SegmentedRaftLogWorker] INFO  impl.PendingRequests (PendingRequests.java:sendNotLeaderResponses(202)) - bcb704dc-2543-42a4-8762-cde039a55a99-PendingRequests: sendNotLeaderResponses
2019-09-26 15:39:34,611 [bcb704dc-2543-42a4-8762-cde039a55a99@group-04D57B5B7528-SegmentedRaftLogWorker] INFO  impl.StateMachineUpdater (StateMachineUpdater.java:stopAndJoin(125)) - bcb704dc-2543-42a4-8762-cde039a55a99@group-04D57B5B7528-StateMachineUpdater: set stopIndex = -1
2019-09-26 15:39:34,611 [bcb704dc-2543-42a4-8762-cde039a55a99@group-04D57B5B7528-SegmentedRaftLogWorker] INFO  impl.RaftServerImpl (ServerState.java:close(385)) - bcb704dc-2543-42a4-8762-cde039a55a99@group-04D57B5B7528: closes. applyIndex: -1
2019-09-26 15:39:34,611 [bcb704dc-2543-42a4-8762-cde039a55a99@group-04D57B5B7528-SegmentedRaftLogWorker] INFO  segmented.SegmentedRaftLogWorker (SegmentedRaftLogWorker.java:close(228)) - bcb704dc-2543-42a4-8762-cde039a55a99@group-04D57B5B7528-SegmentedRaftLogWorker close()
2019-09-26 15:39:34,616 [bcb704dc-2543-42a4-8762-cde039a55a99@group-81908E8BCAAC-SegmentedRaftLogWorker] ERROR segmented.SegmentedRaftLogWorker (SegmentedRaftLogWorker.java:run(323)) - bcb704dc-2543-42a4-8762-cde039a55a99@group-81908E8BCAAC-SegmentedRaftLogWorker hit exception
java.lang.OutOfMemoryError: Direct buffer memory
	at java.nio.Bits.reserveMemory(Bits.java:666)
	at java.nio.DirectByteBuffer.<init>(DirectByteBuffer.java:123)
	at java.nio.ByteBuffer.allocateDirect(ByteBuffer.java:311)
	at org.apache.ratis.server.raftlog.segmented.BufferedWriteChannel.<init>(BufferedWriteChannel.java:41)
	at org.apache.ratis.server.raftlog.segmented.SegmentedRaftLogOutputStream.<init>(SegmentedRaftLogOutputStream.java:72)
	at org.apache.ratis.server.raftlog.segmented.SegmentedRaftLogWorker$StartLogSegment.execute(SegmentedRaftLogWorker.java:566)
	at org.apache.ratis.server.raftlog.segmented.SegmentedRaftLogWorker.run(SegmentedRaftLogWorker.java:289)
	at java.lang.Thread.run(Thread.java:748)
2019-09-26 15:39:34,616 [bcb704dc-2543-42a4-8762-cde039a55a99@group-81908E8BCAAC-SegmentedRaftLogWorker] INFO  impl.RaftServerImpl (RaftServerImpl.java:lambda$shutdown$3(251)) - bcb704dc-2543-42a4-8762-cde039a55a99@group-81908E8BCAAC: shutdown
2019-09-26 15:39:34,616 [bcb704dc-2543-42a4-8762-cde039a55a99@group-81908E8BCAAC-SegmentedRaftLogWorker] INFO  util.JmxRegister (JmxRegister.java:unregister(73)) - Successfully un-registered JMX Bean with object name Ratis:service=RaftServer,group=group-81908E8BCAAC,id=bcb704dc-2543-42a4-8762-cde039a55a99
2019-09-26 15:39:34,616 [bcb704dc-2543-42a4-8762-cde039a55a99@group-81908E8BCAAC-SegmentedRaftLogWorker] INFO  impl.RoleInfo (RoleInfo.java:shutdownLeaderState(104)) - bcb704dc-2543-42a4-8762-cde039a55a99: shutdown LeaderState
2019-09-26 15:39:34,616 [bcb704dc-2543-42a4-8762-cde039a55a99@group-81908E8BCAAC-SegmentedRaftLogWorker] INFO  impl.PendingRequests (PendingRequests.java:sendNotLeaderResponses(202)) - bcb704dc-2543-42a4-8762-cde039a55a99-PendingRequests: sendNotLeaderResponses
2019-09-26 15:39:34,616 [bcb704dc-2543-42a4-8762-cde039a55a99@group-81908E8BCAAC-SegmentedRaftLogWorker] INFO  impl.StateMachineUpdater (StateMachineUpdater.java:stopAndJoin(125)) - bcb704dc-2543-42a4-8762-cde039a55a99@group-81908E8BCAAC-StateMachineUpdater: set stopIndex = -1
2019-09-26 15:39:34,617 [bcb704dc-2543-42a4-8762-cde039a55a99@group-81908E8BCAAC-SegmentedRaftLogWorker] INFO  impl.RaftServerImpl (ServerState.java:close(385)) - bcb704dc-2543-42a4-8762-cde039a55a99@group-81908E8BCAAC: closes. applyIndex: -1
2019-09-26 15:39:34,617 [bcb704dc-2543-42a4-8762-cde039a55a99@group-81908E8BCAAC-SegmentedRaftLogWorker] INFO  segmented.SegmentedRaftLogWorker (SegmentedRaftLogWorker.java:close(228)) - bcb704dc-2543-42a4-8762-cde039a55a99@group-81908E8BCAAC-SegmentedRaftLogWorker close()
2019-09-26 15:39:39,212 [Thread-2640] INFO  impl.FollowerState (FollowerState.java:run(106)) - bcb704dc-2543-42a4-8762-cde039a55a99:group-1C06ADD74525 changes to CANDIDATE, lastRpcTime:5047, electionTimeout:5047ms
2019-09-26 15:39:39,213 [Thread-2640] INFO  impl.RoleInfo (RoleInfo.java:shutdownFollowerState(121)) - bcb704dc-2543-42a4-8762-cde039a55a99: shutdown FollowerState
2019-09-26 15:39:39,213 [Thread-2640] INFO  impl.RaftServerImpl (RaftServerImpl.java:setRole(174)) - bcb704dc-2543-42a4-8762-cde039a55a99@group-1C06ADD74525: changes role from  FOLLOWER to CANDIDATE at term 0 for changeToCandidate
2019-09-26 15:39:39,213 [Thread-2640] INFO  impl.RoleInfo (RoleInfo.java:updateAndGet(143)) - bcb704dc-2543-42a4-8762-cde039a55a99: start LeaderElection
2019-09-26 15:39:39,227 [bcb704dc-2543-42a4-8762-cde039a55a99@group-1C06ADD74525:LeaderElection268] INFO  impl.LeaderElection (LeaderElection.java:askForVotes(182)) - bcb704dc-2543-42a4-8762-cde039a55a99@group-1C06ADD74525:LeaderElection268: begin an election at term 1 for -1: [bcb704dc-2543-42a4-8762-cde039a55a99:192.168.151.99:43663], old=null
2019-09-26 15:39:39,228 [bcb704dc-2543-42a4-8762-cde039a55a99@group-1C06ADD74525:LeaderElection268] INFO  impl.RoleInfo (RoleInfo.java:shutdownLeaderElection(134)) - bcb704dc-2543-42a4-8762-cde039a55a99: shutdown LeaderElection
2019-09-26 15:39:39,228 [bcb704dc-2543-42a4-8762-cde039a55a99@group-1C06ADD74525:LeaderElection268] INFO  impl.RaftServerImpl (RaftServerImpl.java:setRole(174)) - bcb704dc-2543-42a4-8762-cde039a55a99@group-1C06ADD74525: changes role from CANDIDATE to LEADER at term 1 for changeToLeader
2019-09-26 15:39:39,228 [bcb704dc-2543-42a4-8762-cde039a55a99@group-1C06ADD74525:LeaderElection268] INFO  impl.RaftServerImpl (ServerState.java:setLeader(253)) - bcb704dc-2543-42a4-8762-cde039a55a99@group-1C06ADD74525: change Leader from null to bcb704dc-2543-42a4-8762-cde039a55a99 at term 1 for becomeLeader, leader elected after 5068ms
2019-09-26 15:39:39,228 [bcb704dc-2543-42a4-8762-cde039a55a99@group-1C06ADD74525:LeaderElection268] INFO  server.RaftServerConfigKeys (ConfUtils.java:logGet(43)) - raft.server.staging.catchup.gap = 1000 (default)
2019-09-26 15:39:39,228 [bcb704dc-2543-42a4-8762-cde039a55a99@group-1C06ADD74525:LeaderElection268] INFO  server.RaftServerConfigKeys (ConfUtils.java:logGet(43)) - raft.server.rpc.sleep.time = 25ms (default)
2019-09-26 15:39:39,228 [bcb704dc-2543-42a4-8762-cde039a55a99@group-1C06ADD74525:LeaderElection268] INFO  server.RaftServerConfigKeys (ConfUtils.java:logGet(43)) - raft.server.write.element-limit = 4096 (default)
2019-09-26 15:39:39,229 [bcb704dc-2543-42a4-8762-cde039a55a99@group-1C06ADD74525:LeaderElection268] INFO  server.RaftServerConfigKeys (ConfUtils.java:logGet(43)) - raft.server.watch.timeout = 10s (default)
2019-09-26 15:39:39,229 [bcb704dc-2543-42a4-8762-cde039a55a99@group-1C06ADD74525:LeaderElection268] INFO  server.RaftServerConfigKeys (ConfUtils.java:logGet(43)) - raft.server.watch.timeout.denomination = 1s (default)
2019-09-26 15:39:39,229 [bcb704dc-2543-42a4-8762-cde039a55a99@group-1C06ADD74525:LeaderElection268] INFO  server.RaftServerConfigKeys (ConfUtils.java:logGet(43)) - raft.server.watch.element-limit = 65536 (default)
2019-09-26 15:39:39,231 [bcb704dc-2543-42a4-8762-cde039a55a99@group-1C06ADD74525:LeaderElection268] INFO  impl.RoleInfo (RoleInfo.java:updateAndGet(143)) - bcb704dc-2543-42a4-8762-cde039a55a99: start LeaderState
2019-09-26 15:39:39,231 [bcb704dc-2543-42a4-8762-cde039a55a99@group-1C06ADD74525:LeaderElection268] INFO  segmented.SegmentedRaftLogWorker (SegmentedRaftLogWorker.java:startLogSegment(380)) - bcb704dc-2543-42a4-8762-cde039a55a99@group-1C06ADD74525-SegmentedRaftLogWorker: Starting segment from index:0
2019-09-26 15:39:39,232 [bcb704dc-2543-42a4-8762-cde039a55a99@group-1C06ADD74525:LeaderElection268] INFO  impl.RaftServerImpl (ServerState.java:setRaftConf(354)) - bcb704dc-2543-42a4-8762-cde039a55a99@group-1C06ADD74525: set configuration 0: [bcb704dc-2543-42a4-8762-cde039a55a99:192.168.151.99:43663], old=null at 0
2019-09-26 15:39:39,633 [Thread-2638] WARN  util.JavaUtils (JavaUtils.java:sleep(250)) - Unexpected long sleep: sleep(5091ms) actually took 5468ms which is over the threshold 300ms
2019-09-26 15:39:40,134 [bcb704dc-2543-42a4-8762-cde039a55a99@group-1C06ADD74525-SegmentedRaftLogWorker] ERROR segmented.SegmentedRaftLogWorker (SegmentedRaftLogWorker.java:run(323)) - bcb704dc-2543-42a4-8762-cde039a55a99@group-1C06ADD74525-SegmentedRaftLogWorker hit exception
java.lang.OutOfMemoryError: Direct buffer memory
	at java.nio.Bits.reserveMemory(Bits.java:666)
	at java.nio.DirectByteBuffer.<init>(DirectByteBuffer.java:123)
	at java.nio.ByteBuffer.allocateDirect(ByteBuffer.java:311)
	at org.apache.ratis.server.raftlog.segmented.BufferedWriteChannel.<init>(BufferedWriteChannel.java:41)
	at org.apache.ratis.server.raftlog.segmented.SegmentedRaftLogOutputStream.<init>(SegmentedRaftLogOutputStream.java:72)
	at org.apache.ratis.server.raftlog.segmented.SegmentedRaftLogWorker$StartLogSegment.execute(SegmentedRaftLogWorker.java:566)
	at org.apache.ratis.server.raftlog.segmented.SegmentedRaftLogWorker.run(SegmentedRaftLogWorker.java:289)
	at java.lang.Thread.run(Thread.java:748)
2019-09-26 15:39:40,135 [bcb704dc-2543-42a4-8762-cde039a55a99@group-1C06ADD74525-SegmentedRaftLogWorker] INFO  impl.RaftServerImpl (RaftServerImpl.java:lambda$shutdown$3(251)) - bcb704dc-2543-42a4-8762-cde039a55a99@group-1C06ADD74525: shutdown
2019-09-26 15:39:40,135 [bcb704dc-2543-42a4-8762-cde039a55a99@group-1C06ADD74525-SegmentedRaftLogWorker] INFO  util.JmxRegister (JmxRegister.java:unregister(73)) - Successfully un-registered JMX Bean with object name Ratis:service=RaftServer,group=group-1C06ADD74525,id=bcb704dc-2543-42a4-8762-cde039a55a99
2019-09-26 15:39:40,135 [bcb704dc-2543-42a4-8762-cde039a55a99@group-1C06ADD74525-SegmentedRaftLogWorker] INFO  impl.RoleInfo (RoleInfo.java:shutdownLeaderState(104)) - bcb704dc-2543-42a4-8762-cde039a55a99: shutdown LeaderState
2019-09-26 15:39:40,135 [bcb704dc-2543-42a4-8762-cde039a55a99@group-1C06ADD74525-SegmentedRaftLogWorker] INFO  impl.PendingRequests (PendingRequests.java:sendNotLeaderResponses(202)) - bcb704dc-2543-42a4-8762-cde039a55a99-PendingRequests: sendNotLeaderResponses
2019-09-26 15:39:40,136 [bcb704dc-2543-42a4-8762-cde039a55a99@group-1C06ADD74525-SegmentedRaftLogWorker] INFO  impl.StateMachineUpdater (StateMachineUpdater.java:stopAndJoin(125)) - bcb704dc-2543-42a4-8762-cde039a55a99@group-1C06ADD74525-StateMachineUpdater: set stopIndex = -1
2019-09-26 15:39:40,136 [bcb704dc-2543-42a4-8762-cde039a55a99@group-1C06ADD74525-SegmentedRaftLogWorker] INFO  impl.RaftServerImpl (ServerState.java:close(385)) - bcb704dc-2543-42a4-8762-cde039a55a99@group-1C06ADD74525: closes. applyIndex: -1
2019-09-26 15:39:40,136 [bcb704dc-2543-42a4-8762-cde039a55a99@group-1C06ADD74525-SegmentedRaftLogWorker] INFO  segmented.SegmentedRaftLogWorker (SegmentedRaftLogWorker.java:close(228)) - bcb704dc-2543-42a4-8762-cde039a55a99@group-1C06ADD74525-SegmentedRaftLogWorker close()
2019-09-26 15:39:44,815 [Thread-2638] INFO  impl.FollowerState (FollowerState.java:run(106)) - bcb704dc-2543-42a4-8762-cde039a55a99:group-0423DF0ED906 changes to CANDIDATE, lastRpcTime:10651, electionTimeout:5181ms
2019-09-26 15:39:44,816 [Thread-2638] INFO  impl.RoleInfo (RoleInfo.java:shutdownFollowerState(121)) - bcb704dc-2543-42a4-8762-cde039a55a99: shutdown FollowerState
2019-09-26 15:39:44,816 [Thread-2638] INFO  impl.RaftServerImpl (RaftServerImpl.java:setRole(174)) - bcb704dc-2543-42a4-8762-cde039a55a99@group-0423DF0ED906: changes role from  FOLLOWER to CANDIDATE at term 0 for changeToCandidate
2019-09-26 15:39:44,817 [Thread-2638] INFO  impl.RoleInfo (RoleInfo.java:updateAndGet(143)) - bcb704dc-2543-42a4-8762-cde039a55a99: start LeaderElection
2019-09-26 15:39:44,831 [bcb704dc-2543-42a4-8762-cde039a55a99@group-0423DF0ED906:LeaderElection269] INFO  impl.LeaderElection (LeaderElection.java:askForVotes(182)) - bcb704dc-2543-42a4-8762-cde039a55a99@group-0423DF0ED906:LeaderElection269: begin an election at term 1 for -1: [bcb704dc-2543-42a4-8762-cde039a55a99:192.168.151.99:43663], old=null
2019-09-26 15:39:44,831 [bcb704dc-2543-42a4-8762-cde039a55a99@group-0423DF0ED906:LeaderElection269] INFO  impl.RoleInfo (RoleInfo.java:shutdownLeaderElection(134)) - bcb704dc-2543-42a4-8762-cde039a55a99: shutdown LeaderElection
2019-09-26 15:39:44,831 [bcb704dc-2543-42a4-8762-cde039a55a99@group-0423DF0ED906:LeaderElection269] INFO  impl.RaftServerImpl (RaftServerImpl.java:setRole(174)) - bcb704dc-2543-42a4-8762-cde039a55a99@group-0423DF0ED906: changes role from CANDIDATE to LEADER at term 1 for changeToLeader
2019-09-26 15:39:44,831 [bcb704dc-2543-42a4-8762-cde039a55a99@group-0423DF0ED906:LeaderElection269] INFO  impl.RaftServerImpl (ServerState.java:setLeader(253)) - bcb704dc-2543-42a4-8762-cde039a55a99@group-0423DF0ED906: change Leader from null to bcb704dc-2543-42a4-8762-cde039a55a99 at term 1 for becomeLeader, leader elected after 36500ms
2019-09-26 15:39:44,832 [bcb704dc-2543-42a4-8762-cde039a55a99@group-0423DF0ED906:LeaderElection269] INFO  server.RaftServerConfigKeys (ConfUtils.java:logGet(43)) - raft.server.staging.catchup.gap = 1000 (default)
2019-09-26 15:39:44,832 [bcb704dc-2543-42a4-8762-cde039a55a99@group-0423DF0ED906:LeaderElection269] INFO  server.RaftServerConfigKeys (ConfUtils.java:logGet(43)) - raft.server.rpc.sleep.time = 25ms (default)
2019-09-26 15:39:44,832 [bcb704dc-2543-42a4-8762-cde039a55a99@group-0423DF0ED906:LeaderElection269] INFO  server.RaftServerConfigKeys (ConfUtils.java:logGet(43)) - raft.server.write.element-limit = 4096 (default)
2019-09-26 15:39:44,832 [bcb704dc-2543-42a4-8762-cde039a55a99@group-0423DF0ED906:LeaderElection269] INFO  server.RaftServerConfigKeys (ConfUtils.java:logGet(43)) - raft.server.watch.timeout = 10s (default)
2019-09-26 15:39:44,833 [bcb704dc-2543-42a4-8762-cde039a55a99@group-0423DF0ED906:LeaderElection269] INFO  server.RaftServerConfigKeys (ConfUtils.java:logGet(43)) - raft.server.watch.timeout.denomination = 1s (default)
2019-09-26 15:39:44,833 [bcb704dc-2543-42a4-8762-cde039a55a99@group-0423DF0ED906:LeaderElection269] INFO  server.RaftServerConfigKeys (ConfUtils.java:logGet(43)) - raft.server.watch.element-limit = 65536 (default)
2019-09-26 15:39:44,836 [bcb704dc-2543-42a4-8762-cde039a55a99@group-0423DF0ED906:LeaderElection269] INFO  impl.RoleInfo (RoleInfo.java:updateAndGet(143)) - bcb704dc-2543-42a4-8762-cde039a55a99: start LeaderState
2019-09-26 15:39:44,837 [bcb704dc-2543-42a4-8762-cde039a55a99@group-0423DF0ED906:LeaderElection269] INFO  segmented.SegmentedRaftLogWorker (SegmentedRaftLogWorker.java:startLogSegment(380)) - bcb704dc-2543-42a4-8762-cde039a55a99@group-0423DF0ED906-SegmentedRaftLogWorker: Starting segment from index:0
2019-09-26 15:39:45,313 [bcb704dc-2543-42a4-8762-cde039a55a99@group-0423DF0ED906:LeaderElection269] INFO  impl.RaftServerImpl (ServerState.java:setRaftConf(354)) - bcb704dc-2543-42a4-8762-cde039a55a99@group-0423DF0ED906: set configuration 0: [bcb704dc-2543-42a4-8762-cde039a55a99:192.168.151.99:43663], old=null at 0
2019-09-26 15:39:45,805 [bcb704dc-2543-42a4-8762-cde039a55a99@group-0423DF0ED906-SegmentedRaftLogWorker] ERROR segmented.SegmentedRaftLogWorker (SegmentedRaftLogWorker.java:run(323)) - bcb704dc-2543-42a4-8762-cde039a55a99@group-0423DF0ED906-SegmentedRaftLogWorker hit exception
java.lang.OutOfMemoryError: Direct buffer memory
	at java.nio.Bits.reserveMemory(Bits.java:666)
	at java.nio.DirectByteBuffer.<init>(DirectByteBuffer.java:123)
	at java.nio.ByteBuffer.allocateDirect(ByteBuffer.java:311)
	at org.apache.ratis.server.raftlog.segmented.BufferedWriteChannel.<init>(BufferedWriteChannel.java:41)
	at org.apache.ratis.server.raftlog.segmented.SegmentedRaftLogOutputStream.<init>(SegmentedRaftLogOutputStream.java:72)
	at org.apache.ratis.server.raftlog.segmented.SegmentedRaftLogWorker$StartLogSegment.execute(SegmentedRaftLogWorker.java:566)
	at org.apache.ratis.server.raftlog.segmented.SegmentedRaftLogWorker.run(SegmentedRaftLogWorker.java:289)
	at java.lang.Thread.run(Thread.java:748)
2019-09-26 15:39:45,805 [bcb704dc-2543-42a4-8762-cde039a55a99@group-0423DF0ED906-SegmentedRaftLogWorker] INFO  impl.RaftServerImpl (RaftServerImpl.java:lambda$shutdown$3(251)) - bcb704dc-2543-42a4-8762-cde039a55a99@group-0423DF0ED906: shutdown
2019-09-26 15:39:45,806 [bcb704dc-2543-42a4-8762-cde039a55a99@group-0423DF0ED906-SegmentedRaftLogWorker] INFO  util.JmxRegister (JmxRegister.java:unregister(73)) - Successfully un-registered JMX Bean with object name Ratis:service=RaftServer,group=group-0423DF0ED906,id=bcb704dc-2543-42a4-8762-cde039a55a99
2019-09-26 15:39:45,806 [bcb704dc-2543-42a4-8762-cde039a55a99@group-0423DF0ED906-SegmentedRaftLogWorker] INFO  impl.RoleInfo (RoleInfo.java:shutdownLeaderState(104)) - bcb704dc-2543-42a4-8762-cde039a55a99: shutdown LeaderState
2019-09-26 15:39:45,806 [bcb704dc-2543-42a4-8762-cde039a55a99@group-0423DF0ED906-SegmentedRaftLogWorker] INFO  impl.PendingRequests (PendingRequests.java:sendNotLeaderResponses(202)) - bcb704dc-2543-42a4-8762-cde039a55a99-PendingRequests: sendNotLeaderResponses
2019-09-26 15:39:45,806 [bcb704dc-2543-42a4-8762-cde039a55a99@group-0423DF0ED906-SegmentedRaftLogWorker] INFO  impl.StateMachineUpdater (StateMachineUpdater.java:stopAndJoin(125)) - bcb704dc-2543-42a4-8762-cde039a55a99@group-0423DF0ED906-StateMachineUpdater: set stopIndex = -1
2019-09-26 15:39:45,806 [bcb704dc-2543-42a4-8762-cde039a55a99@group-0423DF0ED906-SegmentedRaftLogWorker] INFO  impl.RaftServerImpl (ServerState.java:close(385)) - bcb704dc-2543-42a4-8762-cde039a55a99@group-0423DF0ED906: closes. applyIndex: -1
2019-09-26 15:39:45,806 [bcb704dc-2543-42a4-8762-cde039a55a99@group-0423DF0ED906-SegmentedRaftLogWorker] INFO  segmented.SegmentedRaftLogWorker (SegmentedRaftLogWorker.java:close(228)) - bcb704dc-2543-42a4-8762-cde039a55a99@group-0423DF0ED906-SegmentedRaftLogWorker close()
2019-09-26 15:39:48,026 [Thread-1655] INFO  ozone.MiniOzoneClusterImpl (MiniOzoneClusterImpl.java:shutdown(314)) - Shutting down the Mini Ozone Cluster
2019-09-26 15:39:48,026 [Thread-1655] INFO  ozone.MiniOzoneClusterImpl (MiniOzoneClusterImpl.java:stop(330)) - Stopping the Mini Ozone Cluster
2019-09-26 15:39:48,027 [Thread-1655] INFO  ozone.MiniOzoneClusterImpl (MiniOzoneClusterImpl.java:stopOM(400)) - Stopping the OzoneManager
2019-09-26 15:39:48,027 [Thread-1655] INFO  ipc.Server (Server.java:stop(3082)) - Stopping server on 36789
2019-09-26 15:39:48,034 [IPC Server listener on 36789] INFO  ipc.Server (Server.java:run(1185)) - Stopping IPC Server listener on 36789
2019-09-26 15:39:48,034 [Thread-1655] INFO  ratis.OzoneManagerDoubleBuffer (OzoneManagerDoubleBuffer.java:stop(248)) - Stopping OMDoubleBuffer flush thread
2019-09-26 15:39:48,035 [IPC Server Responder] INFO  ipc.Server (Server.java:run(1319)) - Stopping IPC Server Responder
2019-09-26 15:39:48,035 [OMDoubleBufferFlushThread] INFO  ratis.OzoneManagerDoubleBuffer (OzoneManagerDoubleBuffer.java:flushTransactions(191)) - OMDoubleBuffer flush thread OMDoubleBufferFlushThread is interrupted and will exit. OMDoubleBufferFlushThread
2019-09-26 15:39:48,039 [Thread-1655] INFO  utils.BackgroundService (BackgroundService.java:shutdown(148)) - Shutting down service KeyDeletingService
2019-09-26 15:39:48,040 [Thread-1655] INFO  handler.ContextHandler (ContextHandler.java:doStop(910)) - Stopped o.e.j.w.WebAppContext@6a1d63bf{/,null,UNAVAILABLE}{/ozoneManager}
2019-09-26 15:39:48,041 [Thread-1655] INFO  server.AbstractConnector (AbstractConnector.java:doStop(318)) - Stopped ServerConnector@7c082d40{HTTP/1.1,[http/1.1]}{0.0.0.0:0}
2019-09-26 15:39:48,041 [Thread-1655] INFO  handler.ContextHandler (ContextHandler.java:doStop(910)) - Stopped o.e.j.s.ServletContextHandler@77d7dc53{/static,file:///workdir/hadoop-ozone/integration-test/target/test-classes/webapps/static,UNAVAILABLE}
2019-09-26 15:39:48,042 [Thread-1655] INFO  handler.ContextHandler (ContextHandler.java:doStop(910)) - Stopped o.e.j.s.ServletContextHandler@9920adf{/logs,file:///workdir/hadoop-ozone/integration-test/target/log,UNAVAILABLE}
]]></system-out>
  </testcase>
</testsuite>