<?xml version="1.0" encoding="UTF-8"?>
<testsuite xmlns:xsi="http://www.w3.org/2001/XMLSchema-instance" xsi:noNamespaceSchemaLocation="https://maven.apache.org/surefire/maven-surefire-plugin/xsd/surefire-test-report.xsd" name="org.apache.hadoop.ozone.client.rpc.TestContainerStateMachine" time="105.048" tests="2" errors="0" skipped="0" failures="1">
  <properties>
    <property name="awt.toolkit" value="sun.awt.X11.XToolkit"/>
    <property name="file.encoding.pkg" value="sun.io"/>
    <property name="java.specification.version" value="1.8"/>
    <property name="sun.cpu.isalist" value=""/>
    <property name="sun.jnu.encoding" value="UTF-8"/>
    <property name="java.class.path" value="/workdir/hadoop-ozone/integration-test/target/test-classes:/workdir/hadoop-ozone/integration-test/target/classes:/home/user/.m2/repository/org/apache/hadoop/hadoop-ozone-common/0.5.0-SNAPSHOT/hadoop-ozone-common-0.5.0-SNAPSHOT.jar:/home/user/.m2/repository/org/apache/commons/commons-compress/1.4.1/commons-compress-1.4.1.jar:/home/user/.m2/repository/org/tukaani/xz/1.0/xz-1.0.jar:/home/user/.m2/repository/org/apache/hadoop/hadoop-common/3.2.0/hadoop-common-3.2.0.jar:/home/user/.m2/repository/org/apache/hadoop/hadoop-hdfs/3.2.0/hadoop-hdfs-3.2.0.jar:/home/user/.m2/repository/org/apache/hadoop/hadoop-hdfs-client/3.2.0/hadoop-hdfs-client-3.2.0.jar:/home/user/.m2/repository/com/fasterxml/jackson/core/jackson-annotations/2.9.9/jackson-annotations-2.9.9.jar:/home/user/.m2/repository/org/apache/hadoop/hadoop-hdds-common/0.5.0-SNAPSHOT/hadoop-hdds-common-0.5.0-SNAPSHOT.jar:/home/user/.m2/repository/javax/annotation/javax.annotation-api/1.2/javax.annotation-api-1.2.jar:/home/user/.m2/repository/org/apache/ratis/ratis-server/0.4.0/ratis-server-0.4.0.jar:/home/user/.m2/repository/org/apache/ratis/ratis-thirdparty-misc/0.2.0/ratis-thirdparty-misc-0.2.0.jar:/home/user/.m2/repository/org/apache/ratis/ratis-proto/0.4.0/ratis-proto-0.4.0.jar:/home/user/.m2/repository/org/apache/ratis/ratis-common/0.4.0/ratis-common-0.4.0.jar:/home/user/.m2/repository/org/apache/ratis/ratis-client/0.4.0/ratis-client-0.4.0.jar:/home/user/.m2/repository/org/apache/ratis/ratis-metrics/0.4.0/ratis-metrics-0.4.0.jar:/home/user/.m2/repository/com/github/joshelser/dropwizard-metrics-hadoop-metrics2-reporter/0.1.2/dropwizard-metrics-hadoop-metrics2-reporter-0.1.2.jar:/home/user/.m2/repository/io/dropwizard/metrics/metrics-jvm/3.2.5/metrics-jvm-3.2.5.jar:/home/user/.m2/repository/io/dropwizard/metrics/metrics-ganglia/3.2.5/metrics-ganglia-3.2.5.jar:/home/user/.m2/repository/info/ganglia/gmetric4j/gmetric4j/1.0.7/gmetric4j-1.0.7.jar:/home/user/.m2/repository/org/apache/ratis/ratis-netty/0.4.0/ratis-netty-0.4.0.jar:/home/user/.m2/repository/org/apache/ratis/ratis-grpc/0.4.0/ratis-grpc-0.4.0.jar:/home/user/.m2/repository/org/rocksdb/rocksdbjni/6.0.1/rocksdbjni-6.0.1.jar:/home/user/.m2/repository/org/apache/logging/log4j/log4j-api/2.11.0/log4j-api-2.11.0.jar:/home/user/.m2/repository/org/apache/logging/log4j/log4j-core/2.11.0/log4j-core-2.11.0.jar:/home/user/.m2/repository/com/lmax/disruptor/3.4.2/disruptor-3.4.2.jar:/home/user/.m2/repository/org/apache/commons/commons-pool2/2.6.0/commons-pool2-2.6.0.jar:/home/user/.m2/repository/org/bouncycastle/bcpkix-jdk15on/1.60/bcpkix-jdk15on-1.60.jar:/home/user/.m2/repository/commons-validator/commons-validator/1.6/commons-validator-1.6.jar:/home/user/.m2/repository/commons-digester/commons-digester/1.8.1/commons-digester-1.8.1.jar:/home/user/.m2/repository/io/jaegertracing/jaeger-client/0.34.0/jaeger-client-0.34.0.jar:/home/user/.m2/repository/io/jaegertracing/jaeger-thrift/0.34.0/jaeger-thrift-0.34.0.jar:/home/user/.m2/repository/org/apache/thrift/libthrift/0.12.0/libthrift-0.12.0.jar:/home/user/.m2/repository/com/squareup/okhttp3/okhttp/3.9.0/okhttp-3.9.0.jar:/home/user/.m2/repository/com/squareup/okio/okio/1.13.0/okio-1.13.0.jar:/home/user/.m2/repository/io/jaegertracing/jaeger-core/0.34.0/jaeger-core-0.34.0.jar:/home/user/.m2/repository/io/jaegertracing/jaeger-tracerresolver/0.34.0/jaeger-tracerresolver-0.34.0.jar:/home/user/.m2/repository/io/opentracing/contrib/opentracing-tracerresolver/0.1.5/opentracing-tracerresolver-0.1.5.jar:/home/user/.m2/repository/io/opentracing/opentracing-util/0.31.0/opentracing-util-0.31.0.jar:/home/user/.m2/repository/io/opentracing/opentracing-api/0.31.0/opentracing-api-0.31.0.jar:/home/user/.m2/repository/io/opentracing/opentracing-noop/0.31.0/opentracing-noop-0.31.0.jar:/home/user/.m2/repository/org/apache/hadoop/hadoop-hdds-server-framework/0.5.0-SNAPSHOT/hadoop-hdds-server-framework-0.5.0-SNAPSHOT.jar:/home/user/.m2/repository/org/apache/hadoop/hadoop-hdds-container-service/0.5.0-SNAPSHOT/hadoop-hdds-container-service-0.5.0-SNAPSHOT.jar:/home/user/.m2/repository/org/apache/hadoop/hadoop-hdds-client/0.5.0-SNAPSHOT/hadoop-hdds-client-0.5.0-SNAPSHOT.jar:/home/user/.m2/repository/org/apache/hadoop/hadoop-hdds-tools/0.5.0-SNAPSHOT/hadoop-hdds-tools-0.5.0-SNAPSHOT.jar:/home/user/.m2/repository/org/apache/hadoop/hadoop-hdds-server-scm/0.5.0-SNAPSHOT/hadoop-hdds-server-scm-0.5.0-SNAPSHOT.jar:/home/user/.m2/repository/org/apache/hadoop/hadoop-hdds-docs/0.5.0-SNAPSHOT/hadoop-hdds-docs-0.5.0-SNAPSHOT.jar:/home/user/.m2/repository/io/dropwizard/metrics/metrics-core/3.2.4/metrics-core-3.2.4.jar:/home/user/.m2/repository/org/hamcrest/hamcrest-all/1.3/hamcrest-all-1.3.jar:/home/user/.m2/repository/org/bouncycastle/bcprov-jdk15on/1.60/bcprov-jdk15on-1.60.jar:/home/user/.m2/repository/info/picocli/picocli/3.9.6/picocli-3.9.6.jar:/home/user/.m2/repository/com/google/protobuf/protobuf-java/2.5.0/protobuf-java-2.5.0.jar:/home/user/.m2/repository/com/google/guava/guava/11.0.2/guava-11.0.2.jar:/home/user/.m2/repository/org/apache/hadoop/hadoop-ozone-ozone-manager/0.5.0-SNAPSHOT/hadoop-ozone-ozone-manager-0.5.0-SNAPSHOT.jar:/home/user/.m2/repository/org/apache/hadoop/hadoop-minikdc/3.2.0/hadoop-minikdc-3.2.0.jar:/home/user/.m2/repository/commons-io/commons-io/2.5/commons-io-2.5.jar:/home/user/.m2/repository/org/apache/kerby/kerb-simplekdc/1.0.1/kerb-simplekdc-1.0.1.jar:/home/user/.m2/repository/org/apache/kerby/kerb-client/1.0.1/kerb-client-1.0.1.jar:/home/user/.m2/repository/org/apache/kerby/kerby-config/1.0.1/kerby-config-1.0.1.jar:/home/user/.m2/repository/org/apache/kerby/kerb-core/1.0.1/kerb-core-1.0.1.jar:/home/user/.m2/repository/org/apache/kerby/kerby-pkix/1.0.1/kerby-pkix-1.0.1.jar:/home/user/.m2/repository/org/apache/kerby/kerby-asn1/1.0.1/kerby-asn1-1.0.1.jar:/home/user/.m2/repository/org/apache/kerby/kerby-util/1.0.1/kerby-util-1.0.1.jar:/home/user/.m2/repository/org/apache/kerby/kerb-common/1.0.1/kerb-common-1.0.1.jar:/home/user/.m2/repository/org/apache/kerby/kerb-crypto/1.0.1/kerb-crypto-1.0.1.jar:/home/user/.m2/repository/org/apache/kerby/kerb-util/1.0.1/kerb-util-1.0.1.jar:/home/user/.m2/repository/org/apache/kerby/token-provider/1.0.1/token-provider-1.0.1.jar:/home/user/.m2/repository/org/apache/kerby/kerb-admin/1.0.1/kerb-admin-1.0.1.jar:/home/user/.m2/repository/org/apache/kerby/kerb-server/1.0.1/kerb-server-1.0.1.jar:/home/user/.m2/repository/org/apache/kerby/kerb-identity/1.0.1/kerb-identity-1.0.1.jar:/home/user/.m2/repository/org/apache/kerby/kerby-xdr/1.0.1/kerby-xdr-1.0.1.jar:/home/user/.m2/repository/org/slf4j/slf4j-log4j12/1.7.25/slf4j-log4j12-1.7.25.jar:/home/user/.m2/repository/org/apache/hadoop/hadoop-ozone-s3gateway/0.5.0-SNAPSHOT/hadoop-ozone-s3gateway-0.5.0-SNAPSHOT.jar:/home/user/.m2/repository/org/jboss/weld/servlet/weld-servlet/2.4.7.Final/weld-servlet-2.4.7.Final.jar:/home/user/.m2/repository/org/glassfish/jersey/containers/jersey-container-servlet-core/2.27/jersey-container-servlet-core-2.27.jar:/home/user/.m2/repository/org/glassfish/hk2/external/javax.inject/2.5.0-b42/javax.inject-2.5.0-b42.jar:/home/user/.m2/repository/org/glassfish/jersey/core/jersey-common/2.27/jersey-common-2.27.jar:/home/user/.m2/repository/org/glassfish/hk2/osgi-resource-locator/1.0.1/osgi-resource-locator-1.0.1.jar:/home/user/.m2/repository/javax/ws/rs/javax.ws.rs-api/2.1/javax.ws.rs-api-2.1.jar:/home/user/.m2/repository/org/glassfish/jersey/ext/cdi/jersey-cdi1x/2.27/jersey-cdi1x-2.27.jar:/home/user/.m2/repository/org/glassfish/jersey/inject/jersey-hk2/2.27/jersey-hk2-2.27.jar:/home/user/.m2/repository/org/glassfish/hk2/hk2-locator/2.5.0-b42/hk2-locator-2.5.0-b42.jar:/home/user/.m2/repository/org/javassist/javassist/3.22.0-CR2/javassist-3.22.0-CR2.jar:/home/user/.m2/repository/org/glassfish/hk2/hk2-api/2.5.0/hk2-api-2.5.0.jar:/home/user/.m2/repository/org/glassfish/hk2/external/jakarta.inject/2.5.0/jakarta.inject-2.5.0.jar:/home/user/.m2/repository/org/glassfish/hk2/hk2-utils/2.5.0/hk2-utils-2.5.0.jar:/home/user/.m2/repository/jakarta/annotation/jakarta.annotation-api/1.3.4/jakarta.annotation-api-1.3.4.jar:/home/user/.m2/repository/org/glassfish/hk2/external/aopalliance-repackaged/2.5.0/aopalliance-repackaged-2.5.0.jar:/home/user/.m2/repository/com/fasterxml/jackson/dataformat/jackson-dataformat-xml/2.9.0/jackson-dataformat-xml-2.9.0.jar:/home/user/.m2/repository/com/fasterxml/jackson/core/jackson-core/2.9.9/jackson-core-2.9.9.jar:/home/user/.m2/repository/com/fasterxml/jackson/module/jackson-module-jaxb-annotations/2.9.9/jackson-module-jaxb-annotations-2.9.9.jar:/home/user/.m2/repository/javax/enterprise/cdi-api/1.2/cdi-api-1.2.jar:/home/user/.m2/repository/javax/el/javax.el-api/3.0.0/javax.el-api-3.0.0.jar:/home/user/.m2/repository/javax/interceptor/javax.interceptor-api/1.2/javax.interceptor-api-1.2.jar:/home/user/.m2/repository/javax/inject/javax.inject/1/javax.inject-1.jar:/home/user/.m2/repository/com/sun/xml/bind/jaxb-impl/2.3.0.1/jaxb-impl-2.3.0.1.jar:/home/user/.m2/repository/com/sun/xml/bind/jaxb-core/2.3.0.1/jaxb-core-2.3.0.1.jar:/home/user/.m2/repository/javax/xml/bind/jaxb-api/2.3.0/jaxb-api-2.3.0.jar:/home/user/.m2/repository/javax/activation/activation/1.1.1/activation-1.1.1.jar:/home/user/.m2/repository/org/apache/hadoop/hadoop-ozone-csi/0.5.0-SNAPSHOT/hadoop-ozone-csi-0.5.0-SNAPSHOT.jar:/home/user/.m2/repository/com/google/protobuf/protobuf-java-util/3.5.1/protobuf-java-util-3.5.1.jar:/home/user/.m2/repository/org/apache/hadoop/hadoop-hdds-config/0.5.0-SNAPSHOT/hadoop-hdds-config-0.5.0-SNAPSHOT.jar:/home/user/.m2/repository/io/grpc/grpc-netty/1.17.1/grpc-netty-1.17.1.jar:/home/user/.m2/repository/io/grpc/grpc-core/1.17.1/grpc-core-1.17.1.jar:/home/user/.m2/repository/io/grpc/grpc-context/1.17.1/grpc-context-1.17.1.jar:/home/user/.m2/repository/com/google/errorprone/error_prone_annotations/2.2.0/error_prone_annotations-2.2.0.jar:/home/user/.m2/repository/org/codehaus/mojo/animal-sniffer-annotations/1.17/animal-sniffer-annotations-1.17.jar:/home/user/.m2/repository/io/opencensus/opencensus-api/0.17.0/opencensus-api-0.17.0.jar:/home/user/.m2/repository/io/opencensus/opencensus-contrib-grpc-metrics/0.17.0/opencensus-contrib-grpc-metrics-0.17.0.jar:/home/user/.m2/repository/io/netty/netty-codec-http2/4.1.30.Final/netty-codec-http2-4.1.30.Final.jar:/home/user/.m2/repository/io/netty/netty-codec-http/4.1.30.Final/netty-codec-http-4.1.30.Final.jar:/home/user/.m2/repository/io/netty/netty-codec/4.1.30.Final/netty-codec-4.1.30.Final.jar:/home/user/.m2/repository/io/netty/netty-handler/4.1.30.Final/netty-handler-4.1.30.Final.jar:/home/user/.m2/repository/io/netty/netty-handler-proxy/4.1.30.Final/netty-handler-proxy-4.1.30.Final.jar:/home/user/.m2/repository/io/netty/netty-codec-socks/4.1.30.Final/netty-codec-socks-4.1.30.Final.jar:/home/user/.m2/repository/io/netty/netty-transport-native-epoll/4.1.30.Final/netty-transport-native-epoll-4.1.30.Final.jar:/home/user/.m2/repository/io/netty/netty-common/4.1.30.Final/netty-common-4.1.30.Final.jar:/home/user/.m2/repository/io/netty/netty-buffer/4.1.30.Final/netty-buffer-4.1.30.Final.jar:/home/user/.m2/repository/io/netty/netty-transport/4.1.30.Final/netty-transport-4.1.30.Final.jar:/home/user/.m2/repository/io/netty/netty-resolver/4.1.30.Final/netty-resolver-4.1.30.Final.jar:/home/user/.m2/repository/io/netty/netty-transport-native-unix-common/4.1.30.Final/netty-transport-native-unix-common-4.1.30.Final.jar:/home/user/.m2/repository/io/grpc/grpc-protobuf/1.17.1/grpc-protobuf-1.17.1.jar:/home/user/.m2/repository/com/google/api/grpc/proto-google-common-protos/1.0.0/proto-google-common-protos-1.0.0.jar:/home/user/.m2/repository/io/grpc/grpc-protobuf-lite/1.17.1/grpc-protobuf-lite-1.17.1.jar:/home/user/.m2/repository/io/grpc/grpc-stub/1.17.1/grpc-stub-1.17.1.jar:/home/user/.m2/repository/org/apache/hadoop/hadoop-ozone-recon/0.5.0-SNAPSHOT/hadoop-ozone-recon-0.5.0-SNAPSHOT.jar:/home/user/.m2/repository/org/apache/hadoop/hadoop-ozone-reconcodegen/0.5.0-SNAPSHOT/hadoop-ozone-reconcodegen-0.5.0-SNAPSHOT.jar:/home/user/.m2/repository/com/google/inject/extensions/guice-multibindings/4.0/guice-multibindings-4.0.jar:/home/user/.m2/repository/com/google/inject/guice/4.0/guice-4.0.jar:/home/user/.m2/repository/aopalliance/aopalliance/1.0/aopalliance-1.0.jar:/home/user/.m2/repository/com/google/inject/extensions/guice-servlet/4.0/guice-servlet-4.0.jar:/home/user/.m2/repository/org/glassfish/jersey/containers/jersey-container-servlet/2.27/jersey-container-servlet-2.27.jar:/home/user/.m2/repository/org/glassfish/hk2/guice-bridge/2.5.0/guice-bridge-2.5.0.jar:/home/user/.m2/repository/org/glassfish/jersey/core/jersey-server/2.27/jersey-server-2.27.jar:/home/user/.m2/repository/org/glassfish/jersey/core/jersey-client/2.27/jersey-client-2.27.jar:/home/user/.m2/repository/org/glassfish/jersey/media/jersey-media-jaxb/2.27/jersey-media-jaxb-2.27.jar:/home/user/.m2/repository/javax/validation/validation-api/1.1.0.Final/validation-api-1.1.0.Final.jar:/home/user/.m2/repository/org/glassfish/jersey/media/jersey-media-json-jackson/2.27/jersey-media-json-jackson-2.27.jar:/home/user/.m2/repository/org/glassfish/jersey/ext/jersey-entity-filtering/2.27/jersey-entity-filtering-2.27.jar:/home/user/.m2/repository/com/google/inject/extensions/guice-assistedinject/4.0/guice-assistedinject-4.0.jar:/home/user/.m2/repository/org/jooq/jooq/3.11.10/jooq-3.11.10.jar:/home/user/.m2/repository/org/jooq/jooq-meta/3.11.10/jooq-meta-3.11.10.jar:/home/user/.m2/repository/org/jooq/jooq-codegen/3.11.10/jooq-codegen-3.11.10.jar:/home/user/.m2/repository/com/jolbox/bonecp/0.8.0.RELEASE/bonecp-0.8.0.RELEASE.jar:/home/user/.m2/repository/org/xerial/sqlite-jdbc/3.25.2/sqlite-jdbc-3.25.2.jar:/home/user/.m2/repository/org/springframework/spring-jdbc/5.1.3.RELEASE/spring-jdbc-5.1.3.RELEASE.jar:/home/user/.m2/repository/org/springframework/spring-beans/5.1.3.RELEASE/spring-beans-5.1.3.RELEASE.jar:/home/user/.m2/repository/org/springframework/spring-core/5.1.3.RELEASE/spring-core-5.1.3.RELEASE.jar:/home/user/.m2/repository/org/springframework/spring-jcl/5.1.3.RELEASE/spring-jcl-5.1.3.RELEASE.jar:/home/user/.m2/repository/org/springframework/spring-tx/5.1.3.RELEASE/spring-tx-5.1.3.RELEASE.jar:/home/user/.m2/repository/org/apache/hadoop/hadoop-ozone-client/0.5.0-SNAPSHOT/hadoop-ozone-client-0.5.0-SNAPSHOT.jar:/home/user/.m2/repository/commons-lang/commons-lang/2.6/commons-lang-2.6.jar:/home/user/.m2/repository/org/apache/hadoop/hadoop-ozone-ozone-manager/0.5.0-SNAPSHOT/hadoop-ozone-ozone-manager-0.5.0-SNAPSHOT-tests.jar:/home/user/.m2/repository/junit/junit/4.11/junit-4.11.jar:/home/user/.m2/repository/org/hamcrest/hamcrest-core/1.3/hamcrest-core-1.3.jar:/home/user/.m2/repository/org/openjdk/jmh/jmh-core/1.19/jmh-core-1.19.jar:/home/user/.m2/repository/net/sf/jopt-simple/jopt-simple/4.6/jopt-simple-4.6.jar:/home/user/.m2/repository/org/apache/commons/commons-math3/3.1.1/commons-math3-3.1.1.jar:/home/user/.m2/repository/org/openjdk/jmh/jmh-generator-annprocess/1.19/jmh-generator-annprocess-1.19.jar:/home/user/.m2/repository/org/mockito/mockito-all/1.8.5/mockito-all-1.8.5.jar:/home/user/.m2/repository/org/apache/hadoop/hadoop-kms/3.2.0/hadoop-kms-3.2.0.jar:/home/user/.m2/repository/org/apache/hadoop/hadoop-auth/3.2.0/hadoop-auth-3.2.0.jar:/home/user/.m2/repository/com/nimbusds/nimbus-jose-jwt/4.41.1/nimbus-jose-jwt-4.41.1.jar:/home/user/.m2/repository/com/github/stephenc/jcip/jcip-annotations/1.0-1/jcip-annotations-1.0-1.jar:/home/user/.m2/repository/net/minidev/json-smart/2.3/json-smart-2.3.jar:/home/user/.m2/repository/net/minidev/accessors-smart/1.2/accessors-smart-1.2.jar:/home/user/.m2/repository/org/ow2/asm/asm/5.0.4/asm-5.0.4.jar:/home/user/.m2/repository/org/apache/curator/curator-framework/2.12.0/curator-framework-2.12.0.jar:/home/user/.m2/repository/com/sun/jersey/jersey-core/1.19/jersey-core-1.19.jar:/home/user/.m2/repository/javax/ws/rs/jsr311-api/1.1.1/jsr311-api-1.1.1.jar:/home/user/.m2/repository/com/sun/jersey/jersey-server/1.19/jersey-server-1.19.jar:/home/user/.m2/repository/javax/servlet/javax.servlet-api/3.1.0/javax.servlet-api-3.1.0.jar:/home/user/.m2/repository/org/eclipse/jetty/jetty-server/9.3.25.v20180904/jetty-server-9.3.25.v20180904.jar:/home/user/.m2/repository/org/eclipse/jetty/jetty-http/9.3.25.v20180904/jetty-http-9.3.25.v20180904.jar:/home/user/.m2/repository/org/eclipse/jetty/jetty-io/9.3.25.v20180904/jetty-io-9.3.25.v20180904.jar:/home/user/.m2/repository/org/eclipse/jetty/jetty-webapp/9.3.25.v20180904/jetty-webapp-9.3.25.v20180904.jar:/home/user/.m2/repository/org/eclipse/jetty/jetty-xml/9.3.25.v20180904/jetty-xml-9.3.25.v20180904.jar:/home/user/.m2/repository/log4j/log4j/1.2.17/log4j-1.2.17.jar:/home/user/.m2/repository/org/slf4j/slf4j-api/1.7.25/slf4j-api-1.7.25.jar:/home/user/.m2/repository/org/slf4j/jul-to-slf4j/1.7.25/jul-to-slf4j-1.7.25.jar:/home/user/.m2/repository/org/eclipse/jetty/jetty-util/9.3.25.v20180904/jetty-util-9.3.25.v20180904.jar:/home/user/.m2/repository/com/fasterxml/jackson/core/jackson-databind/2.9.9/jackson-databind-2.9.9.jar:/home/user/.m2/repository/org/apache/hadoop/hadoop-kms/3.2.0/hadoop-kms-3.2.0-tests.jar:/home/user/.m2/repository/org/apache/hadoop/hadoop-hdds-server-scm/0.5.0-SNAPSHOT/hadoop-hdds-server-scm-0.5.0-SNAPSHOT-tests.jar:/home/user/.m2/repository/org/apache/hadoop/hadoop-hdds-container-service/0.5.0-SNAPSHOT/hadoop-hdds-container-service-0.5.0-SNAPSHOT-tests.jar:/home/user/.m2/repository/org/yaml/snakeyaml/1.16/snakeyaml-1.16.jar:/home/user/.m2/repository/org/apache/hadoop/hadoop-common/3.2.0/hadoop-common-3.2.0-tests.jar:/home/user/.m2/repository/org/apache/hadoop/hadoop-annotations/3.2.0/hadoop-annotations-3.2.0.jar:/usr/lib/jvm/java-1.8-openjdk/jre/../lib/tools.jar:/home/user/.m2/repository/commons-cli/commons-cli/1.2/commons-cli-1.2.jar:/home/user/.m2/repository/org/apache/httpcomponents/httpclient/4.5.2/httpclient-4.5.2.jar:/home/user/.m2/repository/org/apache/httpcomponents/httpcore/4.4.4/httpcore-4.4.4.jar:/home/user/.m2/repository/commons-codec/commons-codec/1.11/commons-codec-1.11.jar:/home/user/.m2/repository/commons-net/commons-net/3.6/commons-net-3.6.jar:/home/user/.m2/repository/commons-collections/commons-collections/3.2.2/commons-collections-3.2.2.jar:/home/user/.m2/repository/org/eclipse/jetty/jetty-servlet/9.3.25.v20180904/jetty-servlet-9.3.25.v20180904.jar:/home/user/.m2/repository/org/eclipse/jetty/jetty-security/9.3.25.v20180904/jetty-security-9.3.25.v20180904.jar:/home/user/.m2/repository/javax/servlet/jsp/jsp-api/2.1/jsp-api-2.1.jar:/home/user/.m2/repository/com/sun/jersey/jersey-servlet/1.19/jersey-servlet-1.19.jar:/home/user/.m2/repository/com/sun/jersey/jersey-json/1.19/jersey-json-1.19.jar:/home/user/.m2/repository/org/codehaus/jettison/jettison/1.1/jettison-1.1.jar:/home/user/.m2/repository/org/codehaus/jackson/jackson-core-asl/1.9.13/jackson-core-asl-1.9.13.jar:/home/user/.m2/repository/org/codehaus/jackson/jackson-mapper-asl/1.9.13/jackson-mapper-asl-1.9.13.jar:/home/user/.m2/repository/org/codehaus/jackson/jackson-jaxrs/1.9.13/jackson-jaxrs-1.9.13.jar:/home/user/.m2/repository/org/codehaus/jackson/jackson-xc/1.9.13/jackson-xc-1.9.13.jar:/home/user/.m2/repository/commons-logging/commons-logging/1.1.3/commons-logging-1.1.3.jar:/home/user/.m2/repository/commons-beanutils/commons-beanutils/1.9.4/commons-beanutils-1.9.4.jar:/home/user/.m2/repository/org/apache/commons/commons-configuration2/2.1.1/commons-configuration2-2.1.1.jar:/home/user/.m2/repository/org/apache/commons/commons-lang3/3.7/commons-lang3-3.7.jar:/home/user/.m2/repository/org/apache/commons/commons-text/1.4/commons-text-1.4.jar:/home/user/.m2/repository/org/apache/avro/avro/1.7.7/avro-1.7.7.jar:/home/user/.m2/repository/com/thoughtworks/paranamer/paranamer/2.3/paranamer-2.3.jar:/home/user/.m2/repository/org/xerial/snappy/snappy-java/1.0.5/snappy-java-1.0.5.jar:/home/user/.m2/repository/com/google/re2j/re2j/1.1/re2j-1.1.jar:/home/user/.m2/repository/com/google/code/gson/gson/2.2.4/gson-2.2.4.jar:/home/user/.m2/repository/com/jcraft/jsch/0.1.54/jsch-0.1.54.jar:/home/user/.m2/repository/org/apache/curator/curator-client/2.12.0/curator-client-2.12.0.jar:/home/user/.m2/repository/org/apache/curator/curator-recipes/2.12.0/curator-recipes-2.12.0.jar:/home/user/.m2/repository/com/google/code/findbugs/jsr305/3.0.0/jsr305-3.0.0.jar:/home/user/.m2/repository/org/apache/htrace/htrace-core4/4.1.0-incubating/htrace-core4-4.1.0-incubating.jar:/home/user/.m2/repository/org/apache/zookeeper/zookeeper/3.4.13/zookeeper-3.4.13.jar:/home/user/.m2/repository/jline/jline/0.9.94/jline-0.9.94.jar:/home/user/.m2/repository/org/apache/yetus/audience-annotations/0.5.0/audience-annotations-0.5.0.jar:/home/user/.m2/repository/org/codehaus/woodstox/stax2-api/3.1.4/stax2-api-3.1.4.jar:/home/user/.m2/repository/com/fasterxml/woodstox/woodstox-core/5.0.3/woodstox-core-5.0.3.jar:/home/user/.m2/repository/dnsjava/dnsjava/2.1.7/dnsjava-2.1.7.jar:/home/user/.m2/repository/org/apache/hadoop/hadoop-hdfs/3.2.0/hadoop-hdfs-3.2.0-tests.jar:/home/user/.m2/repository/org/eclipse/jetty/jetty-util-ajax/9.3.25.v20180904/jetty-util-ajax-9.3.25.v20180904.jar:/home/user/.m2/repository/commons-daemon/commons-daemon/1.0.13/commons-daemon-1.0.13.jar:/home/user/.m2/repository/io/netty/netty/3.10.5.Final/netty-3.10.5.Final.jar:/home/user/.m2/repository/io/netty/netty-all/4.0.52.Final/netty-all-4.0.52.Final.jar:/home/user/.m2/repository/org/fusesource/leveldbjni/leveldbjni-all/1.8/leveldbjni-all-1.8.jar:"/>
    <property name="java.vm.vendor" value="IcedTea"/>
    <property name="sun.arch.data.model" value="64"/>
    <property name="test.build.dir" value="/workdir/hadoop-ozone/integration-test/target/test-dir"/>
    <property name="test.cache.data" value=""/>
    <property name="java.vendor.url" value="https://icedtea.classpath.org"/>
    <property name="user.timezone" value=""/>
    <property name="java.vm.specification.version" value="1.8"/>
    <property name="os.name" value="Linux"/>
    <property name="test.build.data" value="/workdir/hadoop-ozone/integration-test/target/test-dir"/>
    <property name="user.country" value="US"/>
    <property name="sun.java.launcher" value="SUN_STANDARD"/>
    <property name="sun.boot.library.path" value="/usr/lib/jvm/java-1.8-openjdk/jre/lib/amd64"/>
    <property name="sun.java.command" value="/workdir/hadoop-ozone/integration-test/target/surefire/surefirebooter9143117081203139084.jar /workdir/hadoop-ozone/integration-test/target/surefire 2019-09-26T14-28-50_291-jvmRun1 surefire2695749365338756684tmp surefire_607808101220391093203tmp"/>
    <property name="test" value="!TestMiniChaosOzoneCluster"/>
    <property name="surefire.test.class.path" value="/workdir/hadoop-ozone/integration-test/target/test-classes:/workdir/hadoop-ozone/integration-test/target/classes:/home/user/.m2/repository/org/apache/hadoop/hadoop-ozone-common/0.5.0-SNAPSHOT/hadoop-ozone-common-0.5.0-SNAPSHOT.jar:/home/user/.m2/repository/org/apache/commons/commons-compress/1.4.1/commons-compress-1.4.1.jar:/home/user/.m2/repository/org/tukaani/xz/1.0/xz-1.0.jar:/home/user/.m2/repository/org/apache/hadoop/hadoop-common/3.2.0/hadoop-common-3.2.0.jar:/home/user/.m2/repository/org/apache/hadoop/hadoop-hdfs/3.2.0/hadoop-hdfs-3.2.0.jar:/home/user/.m2/repository/org/apache/hadoop/hadoop-hdfs-client/3.2.0/hadoop-hdfs-client-3.2.0.jar:/home/user/.m2/repository/com/fasterxml/jackson/core/jackson-annotations/2.9.9/jackson-annotations-2.9.9.jar:/home/user/.m2/repository/org/apache/hadoop/hadoop-hdds-common/0.5.0-SNAPSHOT/hadoop-hdds-common-0.5.0-SNAPSHOT.jar:/home/user/.m2/repository/javax/annotation/javax.annotation-api/1.2/javax.annotation-api-1.2.jar:/home/user/.m2/repository/org/apache/ratis/ratis-server/0.4.0/ratis-server-0.4.0.jar:/home/user/.m2/repository/org/apache/ratis/ratis-thirdparty-misc/0.2.0/ratis-thirdparty-misc-0.2.0.jar:/home/user/.m2/repository/org/apache/ratis/ratis-proto/0.4.0/ratis-proto-0.4.0.jar:/home/user/.m2/repository/org/apache/ratis/ratis-common/0.4.0/ratis-common-0.4.0.jar:/home/user/.m2/repository/org/apache/ratis/ratis-client/0.4.0/ratis-client-0.4.0.jar:/home/user/.m2/repository/org/apache/ratis/ratis-metrics/0.4.0/ratis-metrics-0.4.0.jar:/home/user/.m2/repository/com/github/joshelser/dropwizard-metrics-hadoop-metrics2-reporter/0.1.2/dropwizard-metrics-hadoop-metrics2-reporter-0.1.2.jar:/home/user/.m2/repository/io/dropwizard/metrics/metrics-jvm/3.2.5/metrics-jvm-3.2.5.jar:/home/user/.m2/repository/io/dropwizard/metrics/metrics-ganglia/3.2.5/metrics-ganglia-3.2.5.jar:/home/user/.m2/repository/info/ganglia/gmetric4j/gmetric4j/1.0.7/gmetric4j-1.0.7.jar:/home/user/.m2/repository/org/apache/ratis/ratis-netty/0.4.0/ratis-netty-0.4.0.jar:/home/user/.m2/repository/org/apache/ratis/ratis-grpc/0.4.0/ratis-grpc-0.4.0.jar:/home/user/.m2/repository/org/rocksdb/rocksdbjni/6.0.1/rocksdbjni-6.0.1.jar:/home/user/.m2/repository/org/apache/logging/log4j/log4j-api/2.11.0/log4j-api-2.11.0.jar:/home/user/.m2/repository/org/apache/logging/log4j/log4j-core/2.11.0/log4j-core-2.11.0.jar:/home/user/.m2/repository/com/lmax/disruptor/3.4.2/disruptor-3.4.2.jar:/home/user/.m2/repository/org/apache/commons/commons-pool2/2.6.0/commons-pool2-2.6.0.jar:/home/user/.m2/repository/org/bouncycastle/bcpkix-jdk15on/1.60/bcpkix-jdk15on-1.60.jar:/home/user/.m2/repository/commons-validator/commons-validator/1.6/commons-validator-1.6.jar:/home/user/.m2/repository/commons-digester/commons-digester/1.8.1/commons-digester-1.8.1.jar:/home/user/.m2/repository/io/jaegertracing/jaeger-client/0.34.0/jaeger-client-0.34.0.jar:/home/user/.m2/repository/io/jaegertracing/jaeger-thrift/0.34.0/jaeger-thrift-0.34.0.jar:/home/user/.m2/repository/org/apache/thrift/libthrift/0.12.0/libthrift-0.12.0.jar:/home/user/.m2/repository/com/squareup/okhttp3/okhttp/3.9.0/okhttp-3.9.0.jar:/home/user/.m2/repository/com/squareup/okio/okio/1.13.0/okio-1.13.0.jar:/home/user/.m2/repository/io/jaegertracing/jaeger-core/0.34.0/jaeger-core-0.34.0.jar:/home/user/.m2/repository/io/jaegertracing/jaeger-tracerresolver/0.34.0/jaeger-tracerresolver-0.34.0.jar:/home/user/.m2/repository/io/opentracing/contrib/opentracing-tracerresolver/0.1.5/opentracing-tracerresolver-0.1.5.jar:/home/user/.m2/repository/io/opentracing/opentracing-util/0.31.0/opentracing-util-0.31.0.jar:/home/user/.m2/repository/io/opentracing/opentracing-api/0.31.0/opentracing-api-0.31.0.jar:/home/user/.m2/repository/io/opentracing/opentracing-noop/0.31.0/opentracing-noop-0.31.0.jar:/home/user/.m2/repository/org/apache/hadoop/hadoop-hdds-server-framework/0.5.0-SNAPSHOT/hadoop-hdds-server-framework-0.5.0-SNAPSHOT.jar:/home/user/.m2/repository/org/apache/hadoop/hadoop-hdds-container-service/0.5.0-SNAPSHOT/hadoop-hdds-container-service-0.5.0-SNAPSHOT.jar:/home/user/.m2/repository/org/apache/hadoop/hadoop-hdds-client/0.5.0-SNAPSHOT/hadoop-hdds-client-0.5.0-SNAPSHOT.jar:/home/user/.m2/repository/org/apache/hadoop/hadoop-hdds-tools/0.5.0-SNAPSHOT/hadoop-hdds-tools-0.5.0-SNAPSHOT.jar:/home/user/.m2/repository/org/apache/hadoop/hadoop-hdds-server-scm/0.5.0-SNAPSHOT/hadoop-hdds-server-scm-0.5.0-SNAPSHOT.jar:/home/user/.m2/repository/org/apache/hadoop/hadoop-hdds-docs/0.5.0-SNAPSHOT/hadoop-hdds-docs-0.5.0-SNAPSHOT.jar:/home/user/.m2/repository/io/dropwizard/metrics/metrics-core/3.2.4/metrics-core-3.2.4.jar:/home/user/.m2/repository/org/hamcrest/hamcrest-all/1.3/hamcrest-all-1.3.jar:/home/user/.m2/repository/org/bouncycastle/bcprov-jdk15on/1.60/bcprov-jdk15on-1.60.jar:/home/user/.m2/repository/info/picocli/picocli/3.9.6/picocli-3.9.6.jar:/home/user/.m2/repository/com/google/protobuf/protobuf-java/2.5.0/protobuf-java-2.5.0.jar:/home/user/.m2/repository/com/google/guava/guava/11.0.2/guava-11.0.2.jar:/home/user/.m2/repository/org/apache/hadoop/hadoop-ozone-ozone-manager/0.5.0-SNAPSHOT/hadoop-ozone-ozone-manager-0.5.0-SNAPSHOT.jar:/home/user/.m2/repository/org/apache/hadoop/hadoop-minikdc/3.2.0/hadoop-minikdc-3.2.0.jar:/home/user/.m2/repository/commons-io/commons-io/2.5/commons-io-2.5.jar:/home/user/.m2/repository/org/apache/kerby/kerb-simplekdc/1.0.1/kerb-simplekdc-1.0.1.jar:/home/user/.m2/repository/org/apache/kerby/kerb-client/1.0.1/kerb-client-1.0.1.jar:/home/user/.m2/repository/org/apache/kerby/kerby-config/1.0.1/kerby-config-1.0.1.jar:/home/user/.m2/repository/org/apache/kerby/kerb-core/1.0.1/kerb-core-1.0.1.jar:/home/user/.m2/repository/org/apache/kerby/kerby-pkix/1.0.1/kerby-pkix-1.0.1.jar:/home/user/.m2/repository/org/apache/kerby/kerby-asn1/1.0.1/kerby-asn1-1.0.1.jar:/home/user/.m2/repository/org/apache/kerby/kerby-util/1.0.1/kerby-util-1.0.1.jar:/home/user/.m2/repository/org/apache/kerby/kerb-common/1.0.1/kerb-common-1.0.1.jar:/home/user/.m2/repository/org/apache/kerby/kerb-crypto/1.0.1/kerb-crypto-1.0.1.jar:/home/user/.m2/repository/org/apache/kerby/kerb-util/1.0.1/kerb-util-1.0.1.jar:/home/user/.m2/repository/org/apache/kerby/token-provider/1.0.1/token-provider-1.0.1.jar:/home/user/.m2/repository/org/apache/kerby/kerb-admin/1.0.1/kerb-admin-1.0.1.jar:/home/user/.m2/repository/org/apache/kerby/kerb-server/1.0.1/kerb-server-1.0.1.jar:/home/user/.m2/repository/org/apache/kerby/kerb-identity/1.0.1/kerb-identity-1.0.1.jar:/home/user/.m2/repository/org/apache/kerby/kerby-xdr/1.0.1/kerby-xdr-1.0.1.jar:/home/user/.m2/repository/org/slf4j/slf4j-log4j12/1.7.25/slf4j-log4j12-1.7.25.jar:/home/user/.m2/repository/org/apache/hadoop/hadoop-ozone-s3gateway/0.5.0-SNAPSHOT/hadoop-ozone-s3gateway-0.5.0-SNAPSHOT.jar:/home/user/.m2/repository/org/jboss/weld/servlet/weld-servlet/2.4.7.Final/weld-servlet-2.4.7.Final.jar:/home/user/.m2/repository/org/glassfish/jersey/containers/jersey-container-servlet-core/2.27/jersey-container-servlet-core-2.27.jar:/home/user/.m2/repository/org/glassfish/hk2/external/javax.inject/2.5.0-b42/javax.inject-2.5.0-b42.jar:/home/user/.m2/repository/org/glassfish/jersey/core/jersey-common/2.27/jersey-common-2.27.jar:/home/user/.m2/repository/org/glassfish/hk2/osgi-resource-locator/1.0.1/osgi-resource-locator-1.0.1.jar:/home/user/.m2/repository/javax/ws/rs/javax.ws.rs-api/2.1/javax.ws.rs-api-2.1.jar:/home/user/.m2/repository/org/glassfish/jersey/ext/cdi/jersey-cdi1x/2.27/jersey-cdi1x-2.27.jar:/home/user/.m2/repository/org/glassfish/jersey/inject/jersey-hk2/2.27/jersey-hk2-2.27.jar:/home/user/.m2/repository/org/glassfish/hk2/hk2-locator/2.5.0-b42/hk2-locator-2.5.0-b42.jar:/home/user/.m2/repository/org/javassist/javassist/3.22.0-CR2/javassist-3.22.0-CR2.jar:/home/user/.m2/repository/org/glassfish/hk2/hk2-api/2.5.0/hk2-api-2.5.0.jar:/home/user/.m2/repository/org/glassfish/hk2/external/jakarta.inject/2.5.0/jakarta.inject-2.5.0.jar:/home/user/.m2/repository/org/glassfish/hk2/hk2-utils/2.5.0/hk2-utils-2.5.0.jar:/home/user/.m2/repository/jakarta/annotation/jakarta.annotation-api/1.3.4/jakarta.annotation-api-1.3.4.jar:/home/user/.m2/repository/org/glassfish/hk2/external/aopalliance-repackaged/2.5.0/aopalliance-repackaged-2.5.0.jar:/home/user/.m2/repository/com/fasterxml/jackson/dataformat/jackson-dataformat-xml/2.9.0/jackson-dataformat-xml-2.9.0.jar:/home/user/.m2/repository/com/fasterxml/jackson/core/jackson-core/2.9.9/jackson-core-2.9.9.jar:/home/user/.m2/repository/com/fasterxml/jackson/module/jackson-module-jaxb-annotations/2.9.9/jackson-module-jaxb-annotations-2.9.9.jar:/home/user/.m2/repository/javax/enterprise/cdi-api/1.2/cdi-api-1.2.jar:/home/user/.m2/repository/javax/el/javax.el-api/3.0.0/javax.el-api-3.0.0.jar:/home/user/.m2/repository/javax/interceptor/javax.interceptor-api/1.2/javax.interceptor-api-1.2.jar:/home/user/.m2/repository/javax/inject/javax.inject/1/javax.inject-1.jar:/home/user/.m2/repository/com/sun/xml/bind/jaxb-impl/2.3.0.1/jaxb-impl-2.3.0.1.jar:/home/user/.m2/repository/com/sun/xml/bind/jaxb-core/2.3.0.1/jaxb-core-2.3.0.1.jar:/home/user/.m2/repository/javax/xml/bind/jaxb-api/2.3.0/jaxb-api-2.3.0.jar:/home/user/.m2/repository/javax/activation/activation/1.1.1/activation-1.1.1.jar:/home/user/.m2/repository/org/apache/hadoop/hadoop-ozone-csi/0.5.0-SNAPSHOT/hadoop-ozone-csi-0.5.0-SNAPSHOT.jar:/home/user/.m2/repository/com/google/protobuf/protobuf-java-util/3.5.1/protobuf-java-util-3.5.1.jar:/home/user/.m2/repository/org/apache/hadoop/hadoop-hdds-config/0.5.0-SNAPSHOT/hadoop-hdds-config-0.5.0-SNAPSHOT.jar:/home/user/.m2/repository/io/grpc/grpc-netty/1.17.1/grpc-netty-1.17.1.jar:/home/user/.m2/repository/io/grpc/grpc-core/1.17.1/grpc-core-1.17.1.jar:/home/user/.m2/repository/io/grpc/grpc-context/1.17.1/grpc-context-1.17.1.jar:/home/user/.m2/repository/com/google/errorprone/error_prone_annotations/2.2.0/error_prone_annotations-2.2.0.jar:/home/user/.m2/repository/org/codehaus/mojo/animal-sniffer-annotations/1.17/animal-sniffer-annotations-1.17.jar:/home/user/.m2/repository/io/opencensus/opencensus-api/0.17.0/opencensus-api-0.17.0.jar:/home/user/.m2/repository/io/opencensus/opencensus-contrib-grpc-metrics/0.17.0/opencensus-contrib-grpc-metrics-0.17.0.jar:/home/user/.m2/repository/io/netty/netty-codec-http2/4.1.30.Final/netty-codec-http2-4.1.30.Final.jar:/home/user/.m2/repository/io/netty/netty-codec-http/4.1.30.Final/netty-codec-http-4.1.30.Final.jar:/home/user/.m2/repository/io/netty/netty-codec/4.1.30.Final/netty-codec-4.1.30.Final.jar:/home/user/.m2/repository/io/netty/netty-handler/4.1.30.Final/netty-handler-4.1.30.Final.jar:/home/user/.m2/repository/io/netty/netty-handler-proxy/4.1.30.Final/netty-handler-proxy-4.1.30.Final.jar:/home/user/.m2/repository/io/netty/netty-codec-socks/4.1.30.Final/netty-codec-socks-4.1.30.Final.jar:/home/user/.m2/repository/io/netty/netty-transport-native-epoll/4.1.30.Final/netty-transport-native-epoll-4.1.30.Final.jar:/home/user/.m2/repository/io/netty/netty-common/4.1.30.Final/netty-common-4.1.30.Final.jar:/home/user/.m2/repository/io/netty/netty-buffer/4.1.30.Final/netty-buffer-4.1.30.Final.jar:/home/user/.m2/repository/io/netty/netty-transport/4.1.30.Final/netty-transport-4.1.30.Final.jar:/home/user/.m2/repository/io/netty/netty-resolver/4.1.30.Final/netty-resolver-4.1.30.Final.jar:/home/user/.m2/repository/io/netty/netty-transport-native-unix-common/4.1.30.Final/netty-transport-native-unix-common-4.1.30.Final.jar:/home/user/.m2/repository/io/grpc/grpc-protobuf/1.17.1/grpc-protobuf-1.17.1.jar:/home/user/.m2/repository/com/google/api/grpc/proto-google-common-protos/1.0.0/proto-google-common-protos-1.0.0.jar:/home/user/.m2/repository/io/grpc/grpc-protobuf-lite/1.17.1/grpc-protobuf-lite-1.17.1.jar:/home/user/.m2/repository/io/grpc/grpc-stub/1.17.1/grpc-stub-1.17.1.jar:/home/user/.m2/repository/org/apache/hadoop/hadoop-ozone-recon/0.5.0-SNAPSHOT/hadoop-ozone-recon-0.5.0-SNAPSHOT.jar:/home/user/.m2/repository/org/apache/hadoop/hadoop-ozone-reconcodegen/0.5.0-SNAPSHOT/hadoop-ozone-reconcodegen-0.5.0-SNAPSHOT.jar:/home/user/.m2/repository/com/google/inject/extensions/guice-multibindings/4.0/guice-multibindings-4.0.jar:/home/user/.m2/repository/com/google/inject/guice/4.0/guice-4.0.jar:/home/user/.m2/repository/aopalliance/aopalliance/1.0/aopalliance-1.0.jar:/home/user/.m2/repository/com/google/inject/extensions/guice-servlet/4.0/guice-servlet-4.0.jar:/home/user/.m2/repository/org/glassfish/jersey/containers/jersey-container-servlet/2.27/jersey-container-servlet-2.27.jar:/home/user/.m2/repository/org/glassfish/hk2/guice-bridge/2.5.0/guice-bridge-2.5.0.jar:/home/user/.m2/repository/org/glassfish/jersey/core/jersey-server/2.27/jersey-server-2.27.jar:/home/user/.m2/repository/org/glassfish/jersey/core/jersey-client/2.27/jersey-client-2.27.jar:/home/user/.m2/repository/org/glassfish/jersey/media/jersey-media-jaxb/2.27/jersey-media-jaxb-2.27.jar:/home/user/.m2/repository/javax/validation/validation-api/1.1.0.Final/validation-api-1.1.0.Final.jar:/home/user/.m2/repository/org/glassfish/jersey/media/jersey-media-json-jackson/2.27/jersey-media-json-jackson-2.27.jar:/home/user/.m2/repository/org/glassfish/jersey/ext/jersey-entity-filtering/2.27/jersey-entity-filtering-2.27.jar:/home/user/.m2/repository/com/google/inject/extensions/guice-assistedinject/4.0/guice-assistedinject-4.0.jar:/home/user/.m2/repository/org/jooq/jooq/3.11.10/jooq-3.11.10.jar:/home/user/.m2/repository/org/jooq/jooq-meta/3.11.10/jooq-meta-3.11.10.jar:/home/user/.m2/repository/org/jooq/jooq-codegen/3.11.10/jooq-codegen-3.11.10.jar:/home/user/.m2/repository/com/jolbox/bonecp/0.8.0.RELEASE/bonecp-0.8.0.RELEASE.jar:/home/user/.m2/repository/org/xerial/sqlite-jdbc/3.25.2/sqlite-jdbc-3.25.2.jar:/home/user/.m2/repository/org/springframework/spring-jdbc/5.1.3.RELEASE/spring-jdbc-5.1.3.RELEASE.jar:/home/user/.m2/repository/org/springframework/spring-beans/5.1.3.RELEASE/spring-beans-5.1.3.RELEASE.jar:/home/user/.m2/repository/org/springframework/spring-core/5.1.3.RELEASE/spring-core-5.1.3.RELEASE.jar:/home/user/.m2/repository/org/springframework/spring-jcl/5.1.3.RELEASE/spring-jcl-5.1.3.RELEASE.jar:/home/user/.m2/repository/org/springframework/spring-tx/5.1.3.RELEASE/spring-tx-5.1.3.RELEASE.jar:/home/user/.m2/repository/org/apache/hadoop/hadoop-ozone-client/0.5.0-SNAPSHOT/hadoop-ozone-client-0.5.0-SNAPSHOT.jar:/home/user/.m2/repository/commons-lang/commons-lang/2.6/commons-lang-2.6.jar:/home/user/.m2/repository/org/apache/hadoop/hadoop-ozone-ozone-manager/0.5.0-SNAPSHOT/hadoop-ozone-ozone-manager-0.5.0-SNAPSHOT-tests.jar:/home/user/.m2/repository/junit/junit/4.11/junit-4.11.jar:/home/user/.m2/repository/org/hamcrest/hamcrest-core/1.3/hamcrest-core-1.3.jar:/home/user/.m2/repository/org/openjdk/jmh/jmh-core/1.19/jmh-core-1.19.jar:/home/user/.m2/repository/net/sf/jopt-simple/jopt-simple/4.6/jopt-simple-4.6.jar:/home/user/.m2/repository/org/apache/commons/commons-math3/3.1.1/commons-math3-3.1.1.jar:/home/user/.m2/repository/org/openjdk/jmh/jmh-generator-annprocess/1.19/jmh-generator-annprocess-1.19.jar:/home/user/.m2/repository/org/mockito/mockito-all/1.8.5/mockito-all-1.8.5.jar:/home/user/.m2/repository/org/apache/hadoop/hadoop-kms/3.2.0/hadoop-kms-3.2.0.jar:/home/user/.m2/repository/org/apache/hadoop/hadoop-auth/3.2.0/hadoop-auth-3.2.0.jar:/home/user/.m2/repository/com/nimbusds/nimbus-jose-jwt/4.41.1/nimbus-jose-jwt-4.41.1.jar:/home/user/.m2/repository/com/github/stephenc/jcip/jcip-annotations/1.0-1/jcip-annotations-1.0-1.jar:/home/user/.m2/repository/net/minidev/json-smart/2.3/json-smart-2.3.jar:/home/user/.m2/repository/net/minidev/accessors-smart/1.2/accessors-smart-1.2.jar:/home/user/.m2/repository/org/ow2/asm/asm/5.0.4/asm-5.0.4.jar:/home/user/.m2/repository/org/apache/curator/curator-framework/2.12.0/curator-framework-2.12.0.jar:/home/user/.m2/repository/com/sun/jersey/jersey-core/1.19/jersey-core-1.19.jar:/home/user/.m2/repository/javax/ws/rs/jsr311-api/1.1.1/jsr311-api-1.1.1.jar:/home/user/.m2/repository/com/sun/jersey/jersey-server/1.19/jersey-server-1.19.jar:/home/user/.m2/repository/javax/servlet/javax.servlet-api/3.1.0/javax.servlet-api-3.1.0.jar:/home/user/.m2/repository/org/eclipse/jetty/jetty-server/9.3.25.v20180904/jetty-server-9.3.25.v20180904.jar:/home/user/.m2/repository/org/eclipse/jetty/jetty-http/9.3.25.v20180904/jetty-http-9.3.25.v20180904.jar:/home/user/.m2/repository/org/eclipse/jetty/jetty-io/9.3.25.v20180904/jetty-io-9.3.25.v20180904.jar:/home/user/.m2/repository/org/eclipse/jetty/jetty-webapp/9.3.25.v20180904/jetty-webapp-9.3.25.v20180904.jar:/home/user/.m2/repository/org/eclipse/jetty/jetty-xml/9.3.25.v20180904/jetty-xml-9.3.25.v20180904.jar:/home/user/.m2/repository/log4j/log4j/1.2.17/log4j-1.2.17.jar:/home/user/.m2/repository/org/slf4j/slf4j-api/1.7.25/slf4j-api-1.7.25.jar:/home/user/.m2/repository/org/slf4j/jul-to-slf4j/1.7.25/jul-to-slf4j-1.7.25.jar:/home/user/.m2/repository/org/eclipse/jetty/jetty-util/9.3.25.v20180904/jetty-util-9.3.25.v20180904.jar:/home/user/.m2/repository/com/fasterxml/jackson/core/jackson-databind/2.9.9/jackson-databind-2.9.9.jar:/home/user/.m2/repository/org/apache/hadoop/hadoop-kms/3.2.0/hadoop-kms-3.2.0-tests.jar:/home/user/.m2/repository/org/apache/hadoop/hadoop-hdds-server-scm/0.5.0-SNAPSHOT/hadoop-hdds-server-scm-0.5.0-SNAPSHOT-tests.jar:/home/user/.m2/repository/org/apache/hadoop/hadoop-hdds-container-service/0.5.0-SNAPSHOT/hadoop-hdds-container-service-0.5.0-SNAPSHOT-tests.jar:/home/user/.m2/repository/org/yaml/snakeyaml/1.16/snakeyaml-1.16.jar:/home/user/.m2/repository/org/apache/hadoop/hadoop-common/3.2.0/hadoop-common-3.2.0-tests.jar:/home/user/.m2/repository/org/apache/hadoop/hadoop-annotations/3.2.0/hadoop-annotations-3.2.0.jar:/usr/lib/jvm/java-1.8-openjdk/jre/../lib/tools.jar:/home/user/.m2/repository/commons-cli/commons-cli/1.2/commons-cli-1.2.jar:/home/user/.m2/repository/org/apache/httpcomponents/httpclient/4.5.2/httpclient-4.5.2.jar:/home/user/.m2/repository/org/apache/httpcomponents/httpcore/4.4.4/httpcore-4.4.4.jar:/home/user/.m2/repository/commons-codec/commons-codec/1.11/commons-codec-1.11.jar:/home/user/.m2/repository/commons-net/commons-net/3.6/commons-net-3.6.jar:/home/user/.m2/repository/commons-collections/commons-collections/3.2.2/commons-collections-3.2.2.jar:/home/user/.m2/repository/org/eclipse/jetty/jetty-servlet/9.3.25.v20180904/jetty-servlet-9.3.25.v20180904.jar:/home/user/.m2/repository/org/eclipse/jetty/jetty-security/9.3.25.v20180904/jetty-security-9.3.25.v20180904.jar:/home/user/.m2/repository/javax/servlet/jsp/jsp-api/2.1/jsp-api-2.1.jar:/home/user/.m2/repository/com/sun/jersey/jersey-servlet/1.19/jersey-servlet-1.19.jar:/home/user/.m2/repository/com/sun/jersey/jersey-json/1.19/jersey-json-1.19.jar:/home/user/.m2/repository/org/codehaus/jettison/jettison/1.1/jettison-1.1.jar:/home/user/.m2/repository/org/codehaus/jackson/jackson-core-asl/1.9.13/jackson-core-asl-1.9.13.jar:/home/user/.m2/repository/org/codehaus/jackson/jackson-mapper-asl/1.9.13/jackson-mapper-asl-1.9.13.jar:/home/user/.m2/repository/org/codehaus/jackson/jackson-jaxrs/1.9.13/jackson-jaxrs-1.9.13.jar:/home/user/.m2/repository/org/codehaus/jackson/jackson-xc/1.9.13/jackson-xc-1.9.13.jar:/home/user/.m2/repository/commons-logging/commons-logging/1.1.3/commons-logging-1.1.3.jar:/home/user/.m2/repository/commons-beanutils/commons-beanutils/1.9.4/commons-beanutils-1.9.4.jar:/home/user/.m2/repository/org/apache/commons/commons-configuration2/2.1.1/commons-configuration2-2.1.1.jar:/home/user/.m2/repository/org/apache/commons/commons-lang3/3.7/commons-lang3-3.7.jar:/home/user/.m2/repository/org/apache/commons/commons-text/1.4/commons-text-1.4.jar:/home/user/.m2/repository/org/apache/avro/avro/1.7.7/avro-1.7.7.jar:/home/user/.m2/repository/com/thoughtworks/paranamer/paranamer/2.3/paranamer-2.3.jar:/home/user/.m2/repository/org/xerial/snappy/snappy-java/1.0.5/snappy-java-1.0.5.jar:/home/user/.m2/repository/com/google/re2j/re2j/1.1/re2j-1.1.jar:/home/user/.m2/repository/com/google/code/gson/gson/2.2.4/gson-2.2.4.jar:/home/user/.m2/repository/com/jcraft/jsch/0.1.54/jsch-0.1.54.jar:/home/user/.m2/repository/org/apache/curator/curator-client/2.12.0/curator-client-2.12.0.jar:/home/user/.m2/repository/org/apache/curator/curator-recipes/2.12.0/curator-recipes-2.12.0.jar:/home/user/.m2/repository/com/google/code/findbugs/jsr305/3.0.0/jsr305-3.0.0.jar:/home/user/.m2/repository/org/apache/htrace/htrace-core4/4.1.0-incubating/htrace-core4-4.1.0-incubating.jar:/home/user/.m2/repository/org/apache/zookeeper/zookeeper/3.4.13/zookeeper-3.4.13.jar:/home/user/.m2/repository/jline/jline/0.9.94/jline-0.9.94.jar:/home/user/.m2/repository/org/apache/yetus/audience-annotations/0.5.0/audience-annotations-0.5.0.jar:/home/user/.m2/repository/org/codehaus/woodstox/stax2-api/3.1.4/stax2-api-3.1.4.jar:/home/user/.m2/repository/com/fasterxml/woodstox/woodstox-core/5.0.3/woodstox-core-5.0.3.jar:/home/user/.m2/repository/dnsjava/dnsjava/2.1.7/dnsjava-2.1.7.jar:/home/user/.m2/repository/org/apache/hadoop/hadoop-hdfs/3.2.0/hadoop-hdfs-3.2.0-tests.jar:/home/user/.m2/repository/org/eclipse/jetty/jetty-util-ajax/9.3.25.v20180904/jetty-util-ajax-9.3.25.v20180904.jar:/home/user/.m2/repository/commons-daemon/commons-daemon/1.0.13/commons-daemon-1.0.13.jar:/home/user/.m2/repository/io/netty/netty/3.10.5.Final/netty-3.10.5.Final.jar:/home/user/.m2/repository/io/netty/netty-all/4.0.52.Final/netty-all-4.0.52.Final.jar:/home/user/.m2/repository/org/fusesource/leveldbjni/leveldbjni-all/1.8/leveldbjni-all-1.8.jar:"/>
    <property name="sun.cpu.endian" value="little"/>
    <property name="user.home" value="/home/user"/>
    <property name="user.language" value="en"/>
    <property name="java.specification.vendor" value="Oracle Corporation"/>
    <property name="java.home" value="/usr/lib/jvm/java-1.8-openjdk/jre"/>
    <property name="java.security.krb5.conf" value="/workdir/hadoop-ozone/integration-test/target/test-classes/krb5.conf"/>
    <property name="basedir" value="/workdir/hadoop-ozone/integration-test"/>
    <property name="file.separator" value="/"/>
    <property name="line.separator" value="&#10;"/>
    <property name="java.vm.specification.vendor" value="Oracle Corporation"/>
    <property name="java.specification.name" value="Java Platform API Specification"/>
    <property name="java.awt.graphicsenv" value="sun.awt.X11GraphicsEnvironment"/>
    <property name="surefire.real.class.path" value="/workdir/hadoop-ozone/integration-test/target/surefire/surefirebooter9143117081203139084.jar"/>
    <property name="hadoop.log.dir" value="/workdir/hadoop-ozone/integration-test/target/log"/>
    <property name="sun.boot.class.path" value="/usr/lib/jvm/java-1.8-openjdk/jre/lib/resources.jar:/usr/lib/jvm/java-1.8-openjdk/jre/lib/rt.jar:/usr/lib/jvm/java-1.8-openjdk/jre/lib/sunrsasign.jar:/usr/lib/jvm/java-1.8-openjdk/jre/lib/jsse.jar:/usr/lib/jvm/java-1.8-openjdk/jre/lib/jce.jar:/usr/lib/jvm/java-1.8-openjdk/jre/lib/charsets.jar:/usr/lib/jvm/java-1.8-openjdk/jre/lib/jfr.jar:/usr/lib/jvm/java-1.8-openjdk/jre/classes"/>
    <property name="sun.management.compiler" value="HotSpot 64-Bit Tiered Compilers"/>
    <property name="java.runtime.version" value="1.8.0_212-b04"/>
    <property name="java.net.preferIPv4Stack" value="true"/>
    <property name="user.name" value="jenkins1000"/>
    <property name="path.separator" value=":"/>
    <property name="java.security.egd" value="file:///dev/urandom"/>
    <property name="os.version" value="3.10.0-957.12.2.el7.x86_64"/>
    <property name="java.endorsed.dirs" value="/usr/lib/jvm/java-1.8-openjdk/jre/lib/endorsed"/>
    <property name="java.runtime.name" value="OpenJDK Runtime Environment"/>
    <property name="file.encoding" value="UTF-8"/>
    <property name="java.vm.name" value="OpenJDK 64-Bit Server VM"/>
    <property name="test.build.webapps" value=""/>
    <property name="localRepository" value="/home/user/.m2/repository"/>
    <property name="java.vendor.url.bug" value="https://icedtea.classpath.org/bugzilla"/>
    <property name="java.io.tmpdir" value="/tmp"/>
    <property name="require.test.libhadoop" value=""/>
    <property name="java.version" value="1.8.0_212"/>
    <property name="user.dir" value="/workdir/hadoop-ozone/integration-test"/>
    <property name="os.arch" value="amd64"/>
    <property name="java.vm.specification.name" value="Java Virtual Machine Specification"/>
    <property name="test.build.classes" value="/workdir/hadoop-ozone/integration-test/target/test-classes"/>
    <property name="java.awt.printerjob" value="sun.print.PSPrinterJob"/>
    <property name="sun.os.patch.level" value="unknown"/>
    <property name="hadoop.tmp.dir" value="/workdir/hadoop-ozone/integration-test/target/tmp"/>
    <property name="java.library.path" value="/usr/lib/jvm/java-1.8-openjdk/jre/lib/amd64/server:/usr/lib/jvm/java-1.8-openjdk/jre/lib/amd64:/usr/lib/jvm/java-1.8-openjdk/jre/../lib/amd64:/workdir/hadoop-ozone/integration-test/target/native/target/usr/local/lib:/workdir/hadoop-ozone/integration-test/../../hadoop-common-project/hadoop-common/target/native/target/usr/local/lib:/usr/java/packages/lib/amd64:/usr/lib64:/lib64:/lib:/usr/lib"/>
    <property name="java.vm.info" value="mixed mode"/>
    <property name="java.vendor" value="IcedTea"/>
    <property name="java.vm.version" value="25.212-b04"/>
    <property name="java.ext.dirs" value="/usr/lib/jvm/java-1.8-openjdk/jre/lib/ext:/usr/java/packages/lib/ext"/>
    <property name="sun.io.unicode.encoding" value="UnicodeLittle"/>
    <property name="java.class.version" value="52.0"/>
  </properties>
  <testcase name="testRatisSnapshotRetention" classname="org.apache.hadoop.ozone.client.rpc.TestContainerStateMachine" time="9.578">
    <failure type="java.lang.AssertionError">java.lang.AssertionError
	at org.junit.Assert.fail(Assert.java:86)
	at org.junit.Assert.assertTrue(Assert.java:41)
	at org.junit.Assert.assertTrue(Assert.java:52)
	at org.apache.hadoop.ozone.client.rpc.TestContainerStateMachine.testRatisSnapshotRetention(TestContainerStateMachine.java:188)
	at sun.reflect.NativeMethodAccessorImpl.invoke0(Native Method)
	at sun.reflect.NativeMethodAccessorImpl.invoke(NativeMethodAccessorImpl.java:62)
	at sun.reflect.DelegatingMethodAccessorImpl.invoke(DelegatingMethodAccessorImpl.java:43)
	at java.lang.reflect.Method.invoke(Method.java:498)
	at org.junit.runners.model.FrameworkMethod$1.runReflectiveCall(FrameworkMethod.java:47)
	at org.junit.internal.runners.model.ReflectiveCallable.run(ReflectiveCallable.java:12)
	at org.junit.runners.model.FrameworkMethod.invokeExplosively(FrameworkMethod.java:44)
	at org.junit.internal.runners.statements.InvokeMethod.evaluate(InvokeMethod.java:17)
	at org.junit.runners.ParentRunner.runLeaf(ParentRunner.java:271)
	at org.junit.runners.BlockJUnit4ClassRunner.runChild(BlockJUnit4ClassRunner.java:70)
	at org.junit.runners.BlockJUnit4ClassRunner.runChild(BlockJUnit4ClassRunner.java:50)
	at org.junit.runners.ParentRunner$3.run(ParentRunner.java:238)
	at org.junit.runners.ParentRunner$1.schedule(ParentRunner.java:63)
	at org.junit.runners.ParentRunner.runChildren(ParentRunner.java:236)
	at org.junit.runners.ParentRunner.access$000(ParentRunner.java:53)
	at org.junit.runners.ParentRunner$2.evaluate(ParentRunner.java:229)
	at org.junit.internal.runners.statements.RunBefores.evaluate(RunBefores.java:26)
	at org.junit.internal.runners.statements.RunAfters.evaluate(RunAfters.java:27)
	at org.junit.runners.ParentRunner.run(ParentRunner.java:309)
	at org.apache.maven.surefire.junit4.JUnit4Provider.execute(JUnit4Provider.java:365)
	at org.apache.maven.surefire.junit4.JUnit4Provider.executeWithRerun(JUnit4Provider.java:273)
	at org.apache.maven.surefire.junit4.JUnit4Provider.executeTestSet(JUnit4Provider.java:238)
	at org.apache.maven.surefire.junit4.JUnit4Provider.invoke(JUnit4Provider.java:159)
	at org.apache.maven.surefire.booter.ForkedBooter.invokeProviderInSameClassLoader(ForkedBooter.java:384)
	at org.apache.maven.surefire.booter.ForkedBooter.runSuitesInProcess(ForkedBooter.java:345)
	at org.apache.maven.surefire.booter.ForkedBooter.execute(ForkedBooter.java:126)
	at org.apache.maven.surefire.booter.ForkedBooter.main(ForkedBooter.java:418)
</failure>
    <system-out><![CDATA[2019-09-26 16:36:52,238 [main] WARN  server.ServerUtils (ServerUtils.java:getScmDbDir(145)) - ozone.scm.db.dirs is not configured. We recommend adding this setting. Falling back to ozone.metadata.dirs instead.
2019-09-26 16:36:52,506 [main] WARN  server.ServerUtils (ServerUtils.java:getScmDbDir(145)) - ozone.scm.db.dirs is not configured. We recommend adding this setting. Falling back to ozone.metadata.dirs instead.
2019-09-26 16:36:52,508 [main] WARN  server.ServerUtils (ServerUtils.java:getScmDbDir(145)) - ozone.scm.db.dirs is not configured. We recommend adding this setting. Falling back to ozone.metadata.dirs instead.
2019-09-26 16:36:52,523 [main] INFO  util.log (Log.java:initialized(192)) - Logging initialized @2459ms
2019-09-26 16:36:52,621 [main] INFO  db.DBStoreBuilder (DBStoreBuilder.java:addTable(110)) - using custom profile for table: deletedBlocks
2019-09-26 16:36:52,621 [main] INFO  db.DBStoreBuilder (DBStoreBuilder.java:processTables(161)) - Using default column profile:DBProfile.DISK for Table:deletedBlocks
2019-09-26 16:36:52,621 [main] INFO  db.DBStoreBuilder (DBStoreBuilder.java:addTable(110)) - using custom profile for table: validCerts
2019-09-26 16:36:52,621 [main] INFO  db.DBStoreBuilder (DBStoreBuilder.java:processTables(161)) - Using default column profile:DBProfile.DISK for Table:validCerts
2019-09-26 16:36:52,622 [main] INFO  db.DBStoreBuilder (DBStoreBuilder.java:addTable(110)) - using custom profile for table: revokedCerts
2019-09-26 16:36:52,622 [main] INFO  db.DBStoreBuilder (DBStoreBuilder.java:processTables(161)) - Using default column profile:DBProfile.DISK for Table:revokedCerts
2019-09-26 16:36:52,633 [main] INFO  db.DBStoreBuilder (DBStoreBuilder.java:addTable(110)) - using custom profile for table: default
2019-09-26 16:36:52,634 [main] INFO  db.DBStoreBuilder (DBStoreBuilder.java:processTables(167)) - Using default column profile:DBProfile.DISK for Table:default
2019-09-26 16:36:52,635 [main] INFO  db.DBStoreBuilder (DBStoreBuilder.java:getDbProfile(198)) - Using default options. DBProfile.DISK
2019-09-26 16:36:52,896 [main] INFO  net.NodeSchemaLoader (NodeSchemaLoader.java:loadSchemaFromFile(125)) - Loading file from sun.misc.CompoundEnumeration@58ebfd03
2019-09-26 16:36:52,897 [main] INFO  net.NodeSchemaLoader (NodeSchemaLoader.java:loadSchema(171)) - Loading network topology layer schema file
2019-09-26 16:36:52,967 [main] INFO  node.SCMNodeManager (SCMNodeManager.java:<init>(114)) - Entering startup safe mode.
2019-09-26 16:36:52,987 [main] INFO  algorithms.ContainerPlacementPolicyFactory (ContainerPlacementPolicyFactory.java:getPolicy(59)) - Create container placement policy of type org.apache.hadoop.hdds.scm.container.placement.algorithms.SCMContainerPlacementRandom
2019-09-26 16:36:53,001 [main] WARN  server.ServerUtils (ServerUtils.java:getScmDbDir(145)) - ozone.scm.db.dirs is not configured. We recommend adding this setting. Falling back to ozone.metadata.dirs instead.
2019-09-26 16:36:53,101 [main] INFO  pipeline.SCMPipelineManager (SCMPipelineManager.java:initializePipelineState(132)) - No pipeline exists in current db
2019-09-26 16:36:53,105 [main] WARN  server.ServerUtils (ServerUtils.java:getScmDbDir(145)) - ozone.scm.db.dirs is not configured. We recommend adding this setting. Falling back to ozone.metadata.dirs instead.
2019-09-26 16:36:53,249 [main] WARN  events.EventQueue (EventQueue.java:fireEvent(183)) - No event handler registered for event TypedEvent{payloadType=SafeModeStatus, name='SafeModeStatus'}
2019-09-26 16:36:53,343 [main] INFO  ipc.CallQueueManager (CallQueueManager.java:<init>(84)) - Using callQueue: class java.util.concurrent.LinkedBlockingQueue, queueCapacity: 2000, scheduler: class org.apache.hadoop.ipc.DefaultRpcScheduler, ipcBackoff: false.
2019-09-26 16:36:53,370 [Socket Reader #1 for port 36345] INFO  ipc.Server (Server.java:run(1074)) - Starting Socket Reader #1 for port 36345
2019-09-26 16:36:53,393 [main] INFO  ipc.CallQueueManager (CallQueueManager.java:<init>(84)) - Using callQueue: class java.util.concurrent.LinkedBlockingQueue, queueCapacity: 2000, scheduler: class org.apache.hadoop.ipc.DefaultRpcScheduler, ipcBackoff: false.
2019-09-26 16:36:53,394 [Socket Reader #1 for port 33593] INFO  ipc.Server (Server.java:run(1074)) - Starting Socket Reader #1 for port 33593
2019-09-26 16:36:53,402 [main] INFO  ipc.CallQueueManager (CallQueueManager.java:<init>(84)) - Using callQueue: class java.util.concurrent.LinkedBlockingQueue, queueCapacity: 2000, scheduler: class org.apache.hadoop.ipc.DefaultRpcScheduler, ipcBackoff: false.
2019-09-26 16:36:53,403 [Socket Reader #1 for port 33256] INFO  ipc.Server (Server.java:run(1074)) - Starting Socket Reader #1 for port 33256
2019-09-26 16:36:53,422 [main] INFO  hdfs.DFSUtil (DFSUtil.java:httpServerTemplateForNNAndJN(1641)) - Starting Web-server for scm at: http://0.0.0.0:0
2019-09-26 16:36:53,596 [main] INFO  server.AuthenticationFilter (AuthenticationFilter.java:constructSecretProvider(240)) - Unable to initialize FileSignerSecretProvider, falling back to use random secrets.
2019-09-26 16:36:53,604 [main] WARN  http.HttpRequestLog (HttpRequestLog.java:getRequestLog(97)) - Jetty request log can only be enabled using Log4j
2019-09-26 16:36:53,613 [main] INFO  http.HttpServer2 (HttpServer2.java:addGlobalFilter(975)) - Added global filter 'safety' (class=org.apache.hadoop.http.HttpServer2$QuotingInputFilter)
2019-09-26 16:36:53,616 [main] INFO  http.HttpServer2 (HttpServer2.java:addFilter(948)) - Added filter static_user_filter (class=org.apache.hadoop.http.lib.StaticUserWebFilter$StaticUserFilter) to context scm
2019-09-26 16:36:53,616 [main] INFO  http.HttpServer2 (HttpServer2.java:addFilter(958)) - Added filter static_user_filter (class=org.apache.hadoop.http.lib.StaticUserWebFilter$StaticUserFilter) to context static
2019-09-26 16:36:53,616 [main] INFO  http.HttpServer2 (HttpServer2.java:addFilter(958)) - Added filter static_user_filter (class=org.apache.hadoop.http.lib.StaticUserWebFilter$StaticUserFilter) to context logs
2019-09-26 16:36:53,647 [main] INFO  server.StorageContainerManager (StorageContainerManager.java:start(770)) - StorageContainerLocationProtocol RPC server is listening at /0.0.0.0:33256
2019-09-26 16:36:53,705 [main] WARN  impl.MetricsConfig (MetricsConfig.java:loadFirst(134)) - Cannot locate configuration: tried hadoop-metrics2-storagecontainermanager.properties,hadoop-metrics2.properties
2019-09-26 16:36:53,717 [main] INFO  impl.MetricsSystemImpl (MetricsSystemImpl.java:startTimer(374)) - Scheduled Metric snapshot period at 10 second(s).
2019-09-26 16:36:53,717 [main] INFO  impl.MetricsSystemImpl (MetricsSystemImpl.java:start(191)) - StorageContainerManager metrics system started
2019-09-26 16:36:53,757 [main] INFO  server.SCMClientProtocolServer (SCMClientProtocolServer.java:start(151)) - RPC server for Client  is listening at /0.0.0.0:33256
2019-09-26 16:36:53,757 [IPC Server Responder] INFO  ipc.Server (Server.java:run(1314)) - IPC Server Responder: starting
2019-09-26 16:36:53,757 [IPC Server listener on 33256] INFO  ipc.Server (Server.java:run(1153)) - IPC Server listener on 33256: starting
2019-09-26 16:36:53,760 [main] INFO  server.StorageContainerManager (StorageContainerManager.java:start(780)) - ScmBlockLocationProtocol RPC server is listening at /0.0.0.0:33593
2019-09-26 16:36:53,761 [main] INFO  server.SCMBlockProtocolServer (SCMBlockProtocolServer.java:start(146)) - RPC server for Block Protocol is listening at /0.0.0.0:33593
2019-09-26 16:36:53,762 [IPC Server Responder] INFO  ipc.Server (Server.java:run(1314)) - IPC Server Responder: starting
2019-09-26 16:36:53,762 [IPC Server listener on 33593] INFO  ipc.Server (Server.java:run(1153)) - IPC Server listener on 33593: starting
2019-09-26 16:36:53,763 [main] INFO  server.StorageContainerManager (StorageContainerManager.java:start(784)) - ScmDatanodeProtocl RPC server is listening at /0.0.0.0:36345
2019-09-26 16:36:53,764 [main] INFO  server.SCMDatanodeProtocolServer (SCMDatanodeProtocolServer.java:start(191)) - RPC server for DataNodes is listening at /0.0.0.0:36345
2019-09-26 16:36:53,764 [IPC Server Responder] INFO  ipc.Server (Server.java:run(1314)) - IPC Server Responder: starting
2019-09-26 16:36:53,764 [IPC Server listener on 36345] INFO  ipc.Server (Server.java:run(1153)) - IPC Server listener on 36345: starting
2019-09-26 16:36:53,768 [main] INFO  http.HttpServer2 (HttpServer2.java:bindListener(1191)) - Jetty bound to port 38129
2019-09-26 16:36:53,769 [main] INFO  server.Server (Server.java:doStart(351)) - jetty-9.3.25.v20180904, build timestamp: 2018-09-04T21:11:46Z, git hash: 3ce520221d0240229c862b122d2b06c12a625732
2019-09-26 16:36:53,811 [main] INFO  handler.ContextHandler (ContextHandler.java:doStart(781)) - Started o.e.j.s.ServletContextHandler@159e366{/logs,file:///workdir/hadoop-ozone/integration-test/target/log,AVAILABLE}
2019-09-26 16:36:53,812 [main] INFO  handler.ContextHandler (ContextHandler.java:doStart(781)) - Started o.e.j.s.ServletContextHandler@24528a25{/static,file:///workdir/hadoop-ozone/integration-test/target/test-classes/webapps/static,AVAILABLE}
2019-09-26 16:36:53,848 [main] INFO  handler.ContextHandler (ContextHandler.java:doStart(781)) - Started o.e.j.w.WebAppContext@3a60c416{/,file:///workdir/hadoop-ozone/integration-test/target/test-classes/webapps/scm/,AVAILABLE}{/scm}
2019-09-26 16:36:53,853 [main] INFO  server.AbstractConnector (AbstractConnector.java:doStart(278)) - Started ServerConnector@577f9109{HTTP/1.1,[http/1.1]}{0.0.0.0:38129}
2019-09-26 16:36:53,854 [main] INFO  server.Server (Server.java:doStart(419)) - Started @3790ms
2019-09-26 16:36:53,856 [main] INFO  impl.MetricsSinkAdapter (MetricsSinkAdapter.java:start(204)) - Sink prometheus started
2019-09-26 16:36:53,856 [main] INFO  impl.MetricsSystemImpl (MetricsSystemImpl.java:registerSink(301)) - Registered sink prometheus
2019-09-26 16:36:53,858 [main] INFO  server.BaseHttpServer (BaseHttpServer.java:updateConnectorAddress(215)) - HTTP server of SCM is listening at http://0.0.0.0:38129
2019-09-26 16:36:53,864 [org.apache.hadoop.util.JvmPauseMonitor$Monitor@7ed9ae94] INFO  util.JvmPauseMonitor (JvmPauseMonitor.java:run(188)) - Starting JVM pause monitor
2019-09-26 16:36:53,866 [main] WARN  server.ServerUtils (ServerUtils.java:getDBPath(222)) - ozone.om.db.dirs is not configured. We recommend adding this setting. Falling back to ozone.metadata.dirs instead.
2019-09-26 16:36:53,881 [main] WARN  server.ServerUtils (ServerUtils.java:getDBPath(222)) - ozone.om.db.dirs is not configured. We recommend adding this setting. Falling back to ozone.metadata.dirs instead.
2019-09-26 16:36:53,882 [main] WARN  server.ServerUtils (ServerUtils.java:getDBPath(222)) - ozone.om.db.dirs is not configured. We recommend adding this setting. Falling back to ozone.metadata.dirs instead.
2019-09-26 16:36:53,883 [main] INFO  om.OzoneManager (OzoneManager.java:setOMNodeDetails(652)) - OM Service ID is not set. Setting it to the default ID: omServiceIdDefault
2019-09-26 16:36:53,883 [main] INFO  om.OzoneManager (OzoneManager.java:setOMNodeDetails(658)) - OM Node ID is not set. Setting it to the OmStorage's OmID: d9e2097e-baf0-40be-b0fb-bea9c984fe8e
2019-09-26 16:36:53,885 [main] INFO  om.OzoneManager (OzoneManager.java:loadOMHAConfigs(609)) - Found matching OM address with OMServiceId: null, OMNodeId: null, RPC Address: localhost:0 and Ratis port: 9872
2019-09-26 16:36:53,996 [main] WARN  server.ServerUtils (ServerUtils.java:getDBPath(222)) - ozone.om.db.dirs is not configured. We recommend adding this setting. Falling back to ozone.metadata.dirs instead.
2019-09-26 16:36:54,004 [main] INFO  db.DBStoreBuilder (DBStoreBuilder.java:addTable(110)) - using custom profile for table: userTable
2019-09-26 16:36:54,004 [main] INFO  db.DBStoreBuilder (DBStoreBuilder.java:processTables(161)) - Using default column profile:DBProfile.DISK for Table:userTable
2019-09-26 16:36:54,004 [main] INFO  db.DBStoreBuilder (DBStoreBuilder.java:addTable(110)) - using custom profile for table: volumeTable
2019-09-26 16:36:54,005 [main] INFO  db.DBStoreBuilder (DBStoreBuilder.java:processTables(161)) - Using default column profile:DBProfile.DISK for Table:volumeTable
2019-09-26 16:36:54,005 [main] INFO  db.DBStoreBuilder (DBStoreBuilder.java:addTable(110)) - using custom profile for table: bucketTable
2019-09-26 16:36:54,005 [main] INFO  db.DBStoreBuilder (DBStoreBuilder.java:processTables(161)) - Using default column profile:DBProfile.DISK for Table:bucketTable
2019-09-26 16:36:54,005 [main] INFO  db.DBStoreBuilder (DBStoreBuilder.java:addTable(110)) - using custom profile for table: keyTable
2019-09-26 16:36:54,006 [main] INFO  db.DBStoreBuilder (DBStoreBuilder.java:processTables(161)) - Using default column profile:DBProfile.DISK for Table:keyTable
2019-09-26 16:36:54,006 [main] INFO  db.DBStoreBuilder (DBStoreBuilder.java:addTable(110)) - using custom profile for table: deletedTable
2019-09-26 16:36:54,006 [main] INFO  db.DBStoreBuilder (DBStoreBuilder.java:processTables(161)) - Using default column profile:DBProfile.DISK for Table:deletedTable
2019-09-26 16:36:54,006 [main] INFO  db.DBStoreBuilder (DBStoreBuilder.java:addTable(110)) - using custom profile for table: openKeyTable
2019-09-26 16:36:54,007 [main] INFO  db.DBStoreBuilder (DBStoreBuilder.java:processTables(161)) - Using default column profile:DBProfile.DISK for Table:openKeyTable
2019-09-26 16:36:54,007 [main] INFO  db.DBStoreBuilder (DBStoreBuilder.java:addTable(110)) - using custom profile for table: s3Table
2019-09-26 16:36:54,007 [main] INFO  db.DBStoreBuilder (DBStoreBuilder.java:processTables(161)) - Using default column profile:DBProfile.DISK for Table:s3Table
2019-09-26 16:36:54,007 [main] INFO  db.DBStoreBuilder (DBStoreBuilder.java:addTable(110)) - using custom profile for table: multipartInfoTable
2019-09-26 16:36:54,008 [main] INFO  db.DBStoreBuilder (DBStoreBuilder.java:processTables(161)) - Using default column profile:DBProfile.DISK for Table:multipartInfoTable
2019-09-26 16:36:54,008 [main] INFO  db.DBStoreBuilder (DBStoreBuilder.java:addTable(110)) - using custom profile for table: dTokenTable
2019-09-26 16:36:54,008 [main] INFO  db.DBStoreBuilder (DBStoreBuilder.java:processTables(161)) - Using default column profile:DBProfile.DISK for Table:dTokenTable
2019-09-26 16:36:54,008 [main] INFO  db.DBStoreBuilder (DBStoreBuilder.java:addTable(110)) - using custom profile for table: s3SecretTable
2019-09-26 16:36:54,009 [main] INFO  db.DBStoreBuilder (DBStoreBuilder.java:processTables(161)) - Using default column profile:DBProfile.DISK for Table:s3SecretTable
2019-09-26 16:36:54,009 [main] INFO  db.DBStoreBuilder (DBStoreBuilder.java:addTable(110)) - using custom profile for table: prefixTable
2019-09-26 16:36:54,009 [main] INFO  db.DBStoreBuilder (DBStoreBuilder.java:processTables(161)) - Using default column profile:DBProfile.DISK for Table:prefixTable
2019-09-26 16:36:54,009 [main] INFO  db.DBStoreBuilder (DBStoreBuilder.java:addTable(110)) - using custom profile for table: default
2019-09-26 16:36:54,010 [main] INFO  db.DBStoreBuilder (DBStoreBuilder.java:processTables(167)) - Using default column profile:DBProfile.DISK for Table:default
2019-09-26 16:36:54,010 [main] INFO  db.DBStoreBuilder (DBStoreBuilder.java:getDbProfile(198)) - Using default options. DBProfile.DISK
2019-09-26 16:36:54,615 [main] INFO  ipc.CallQueueManager (CallQueueManager.java:<init>(84)) - Using callQueue: class java.util.concurrent.LinkedBlockingQueue, queueCapacity: 2000, scheduler: class org.apache.hadoop.ipc.DefaultRpcScheduler, ipcBackoff: false.
2019-09-26 16:36:54,616 [Socket Reader #1 for port 41029] INFO  ipc.Server (Server.java:run(1074)) - Starting Socket Reader #1 for port 41029
2019-09-26 16:36:54,636 [main] INFO  om.OzoneManager (OzoneManager.java:start(1243)) - OzoneManager RPC server is listening at localhost/127.0.0.1:41029
2019-09-26 16:36:54,636 [main] INFO  impl.MetricsSystemImpl (MetricsSystemImpl.java:init(158)) - OzoneManager metrics system started (again)
2019-09-26 16:36:54,647 [IPC Server Responder] INFO  ipc.Server (Server.java:run(1314)) - IPC Server Responder: starting
2019-09-26 16:36:54,647 [IPC Server listener on 41029] INFO  ipc.Server (Server.java:run(1153)) - IPC Server listener on 41029: starting
2019-09-26 16:36:54,652 [main] INFO  hdfs.DFSUtil (DFSUtil.java:httpServerTemplateForNNAndJN(1641)) - Starting Web-server for ozoneManager at: http://0.0.0.0:0
2019-09-26 16:36:54,655 [main] INFO  server.AuthenticationFilter (AuthenticationFilter.java:constructSecretProvider(240)) - Unable to initialize FileSignerSecretProvider, falling back to use random secrets.
2019-09-26 16:36:54,656 [main] WARN  http.HttpRequestLog (HttpRequestLog.java:getRequestLog(97)) - Jetty request log can only be enabled using Log4j
2019-09-26 16:36:54,666 [main] INFO  http.HttpServer2 (HttpServer2.java:addGlobalFilter(975)) - Added global filter 'safety' (class=org.apache.hadoop.http.HttpServer2$QuotingInputFilter)
2019-09-26 16:36:54,668 [main] INFO  http.HttpServer2 (HttpServer2.java:addFilter(948)) - Added filter static_user_filter (class=org.apache.hadoop.http.lib.StaticUserWebFilter$StaticUserFilter) to context ozoneManager
2019-09-26 16:36:54,668 [main] INFO  http.HttpServer2 (HttpServer2.java:addFilter(958)) - Added filter static_user_filter (class=org.apache.hadoop.http.lib.StaticUserWebFilter$StaticUserFilter) to context static
2019-09-26 16:36:54,668 [main] INFO  http.HttpServer2 (HttpServer2.java:addFilter(958)) - Added filter static_user_filter (class=org.apache.hadoop.http.lib.StaticUserWebFilter$StaticUserFilter) to context logs
2019-09-26 16:36:54,672 [main] INFO  http.HttpServer2 (HttpServer2.java:bindListener(1191)) - Jetty bound to port 38616
2019-09-26 16:36:54,673 [main] INFO  server.Server (Server.java:doStart(351)) - jetty-9.3.25.v20180904, build timestamp: 2018-09-04T21:11:46Z, git hash: 3ce520221d0240229c862b122d2b06c12a625732
2019-09-26 16:36:54,676 [main] INFO  handler.ContextHandler (ContextHandler.java:doStart(781)) - Started o.e.j.s.ServletContextHandler@6e1f8469{/logs,file:///workdir/hadoop-ozone/integration-test/target/log,AVAILABLE}
2019-09-26 16:36:54,677 [main] INFO  handler.ContextHandler (ContextHandler.java:doStart(781)) - Started o.e.j.s.ServletContextHandler@3b6c624{/static,file:///workdir/hadoop-ozone/integration-test/target/test-classes/webapps/static,AVAILABLE}
2019-09-26 16:36:54,685 [main] INFO  handler.ContextHandler (ContextHandler.java:doStart(781)) - Started o.e.j.w.WebAppContext@7bb004b8{/,file:///workdir/hadoop-ozone/integration-test/target/test-classes/webapps/ozoneManager/,AVAILABLE}{/ozoneManager}
2019-09-26 16:36:54,690 [main] INFO  server.AbstractConnector (AbstractConnector.java:doStart(278)) - Started ServerConnector@78e89bfe{HTTP/1.1,[http/1.1]}{0.0.0.0:38616}
2019-09-26 16:36:54,691 [main] INFO  server.Server (Server.java:doStart(419)) - Started @4628ms
2019-09-26 16:36:54,692 [main] WARN  impl.MetricsSystemImpl (MetricsSystemImpl.java:register(276)) - Sink prometheus already exists!
2019-09-26 16:36:54,693 [main] INFO  server.BaseHttpServer (BaseHttpServer.java:updateConnectorAddress(215)) - HTTP server of OZONEMANAGER is listening at http://0.0.0.0:38616
2019-09-26 16:36:54,972 [main] INFO  impl.MetricsSystemImpl (MetricsSystemImpl.java:init(158)) - HddsDatanode metrics system started (again)
2019-09-26 16:36:55,027 [main] INFO  ozone.HddsDatanodeService (HddsDatanodeService.java:start(184)) - HddsDatanodeService host:pr-hdds-1569-g6sp5-2013761785 ip:192.168.151.99
2019-09-26 16:36:55,057 [main] INFO  volume.HddsVolume (HddsVolume.java:<init>(176)) - Creating Volume: /workdir/hadoop-ozone/integration-test/target/test-dir/MiniOzoneClusterImpl-70722cd4-f409-492b-b989-123ae7a5dad2/datanode-0/data/containers/hdds of  storage type : DISK and capacity : 1482555576320
2019-09-26 16:36:55,059 [main] INFO  volume.VolumeSet (VolumeSet.java:initializeVolumeSet(170)) - Added Volume : /workdir/hadoop-ozone/integration-test/target/test-dir/MiniOzoneClusterImpl-70722cd4-f409-492b-b989-123ae7a5dad2/datanode-0/data/containers/hdds to VolumeSet
2019-09-26 16:36:55,061 [main] INFO  volume.ThrottledAsyncChecker (ThrottledAsyncChecker.java:schedule(139)) - Scheduling a check for org.apache.hadoop.ozone.container.common.volume.HddsVolume@301aa982
2019-09-26 16:36:55,076 [main] INFO  volume.HddsVolumeChecker (HddsVolumeChecker.java:checkAllVolumes(202)) - Scheduled health check for volume org.apache.hadoop.ozone.container.common.volume.HddsVolume@301aa982
2019-09-26 16:36:55,172 [main] INFO  impl.RaftServerProxy (ConfUtils.java:logGet(43)) - raft.rpc.type = GRPC (default)
2019-09-26 16:36:55,234 [main] INFO  grpc.GrpcFactory (GrpcFactory.java:checkPooledByteBufAllocatorUseCacheForAllThreads(45)) - PERFORMANCE WARNING: useCacheForAllThreads is true that may cause Netty to create a lot garbage objects and, as a result, trigger GC.
	It is recommended to disable useCacheForAllThreads by setting -Dorg.apache.ratis.thirdparty.io.netty.allocator.useCacheForAllThreads=false in command line.
2019-09-26 16:36:55,239 [main] INFO  grpc.GrpcConfigKeys$Server (ConfUtils.java:logGet(43)) - raft.grpc.server.port = 0 (default)
2019-09-26 16:36:55,239 [main] INFO  server.GrpcService (ConfUtils.java:logGet(43)) - raft.grpc.message.size.max = 33570816 (custom)
2019-09-26 16:36:55,241 [main] INFO  server.RaftServerConfigKeys (ConfUtils.java:logGet(43)) - raft.server.log.appender.buffer.byte-limit = 33554432 (custom)
2019-09-26 16:36:55,242 [main] INFO  server.GrpcService (ConfUtils.java:logGet(43)) - raft.grpc.flow.control.window = 1MB (=1048576) (default)
2019-09-26 16:36:55,242 [main] INFO  server.RaftServerConfigKeys (ConfUtils.java:logGet(43)) - raft.server.rpc.request.timeout = 3000ms (default)
2019-09-26 16:36:55,399 [main] INFO  server.RaftServerConfigKeys (ConfUtils.java:logGet(43)) - raft.server.storage.dir = [/workdir/hadoop-ozone/integration-test/target/test-dir/MiniOzoneClusterImpl-70722cd4-f409-492b-b989-123ae7a5dad2/datanode-0/data/ratis] (custom)
2019-09-26 16:36:55,458 [main] INFO  hdfs.DFSUtil (DFSUtil.java:httpServerTemplateForNNAndJN(1641)) - Starting Web-server for hddsDatanode at: http://0.0.0.0:0
2019-09-26 16:36:55,461 [main] INFO  server.AuthenticationFilter (AuthenticationFilter.java:constructSecretProvider(240)) - Unable to initialize FileSignerSecretProvider, falling back to use random secrets.
2019-09-26 16:36:55,463 [main] WARN  http.HttpRequestLog (HttpRequestLog.java:getRequestLog(97)) - Jetty request log can only be enabled using Log4j
2019-09-26 16:36:55,466 [main] INFO  http.HttpServer2 (HttpServer2.java:addGlobalFilter(975)) - Added global filter 'safety' (class=org.apache.hadoop.http.HttpServer2$QuotingInputFilter)
2019-09-26 16:36:55,467 [main] INFO  http.HttpServer2 (HttpServer2.java:addFilter(948)) - Added filter static_user_filter (class=org.apache.hadoop.http.lib.StaticUserWebFilter$StaticUserFilter) to context hddsDatanode
2019-09-26 16:36:55,467 [main] INFO  http.HttpServer2 (HttpServer2.java:addFilter(958)) - Added filter static_user_filter (class=org.apache.hadoop.http.lib.StaticUserWebFilter$StaticUserFilter) to context static
2019-09-26 16:36:55,468 [main] INFO  http.HttpServer2 (HttpServer2.java:addFilter(958)) - Added filter static_user_filter (class=org.apache.hadoop.http.lib.StaticUserWebFilter$StaticUserFilter) to context logs
2019-09-26 16:36:55,469 [main] INFO  http.HttpServer2 (HttpServer2.java:bindListener(1191)) - Jetty bound to port 38215
2019-09-26 16:36:55,470 [main] INFO  server.Server (Server.java:doStart(351)) - jetty-9.3.25.v20180904, build timestamp: 2018-09-04T21:11:46Z, git hash: 3ce520221d0240229c862b122d2b06c12a625732
2019-09-26 16:36:55,473 [main] INFO  handler.ContextHandler (ContextHandler.java:doStart(781)) - Started o.e.j.s.ServletContextHandler@75de29c0{/logs,file:///workdir/hadoop-ozone/integration-test/target/log,AVAILABLE}
2019-09-26 16:36:55,474 [main] INFO  handler.ContextHandler (ContextHandler.java:doStart(781)) - Started o.e.j.s.ServletContextHandler@296e281a{/static,jar:file:/home/user/.m2/repository/org/apache/hadoop/hadoop-hdds-container-service/0.5.0-SNAPSHOT/hadoop-hdds-container-service-0.5.0-SNAPSHOT.jar!/webapps/static,AVAILABLE}
2019-09-26 16:36:55,520 [main] INFO  handler.ContextHandler (ContextHandler.java:doStart(781)) - Started o.e.j.w.WebAppContext@3cd9aa64{/,file:///tmp/jetty-0.0.0.0-38215-hddsDatanode-_-any-5655527712938508067.dir/webapp/,AVAILABLE}{/hddsDatanode}
2019-09-26 16:36:55,520 [main] INFO  server.AbstractConnector (AbstractConnector.java:doStart(278)) - Started ServerConnector@42b84286{HTTP/1.1,[http/1.1]}{0.0.0.0:38215}
2019-09-26 16:36:55,521 [main] INFO  server.Server (Server.java:doStart(419)) - Started @5457ms
2019-09-26 16:36:55,522 [main] WARN  impl.MetricsSystemImpl (MetricsSystemImpl.java:register(276)) - Sink prometheus already exists!
2019-09-26 16:36:55,523 [main] INFO  server.BaseHttpServer (BaseHttpServer.java:updateConnectorAddress(215)) - HTTP server of HDDSDATANODE is listening at http://0.0.0.0:38215
2019-09-26 16:36:55,526 [main] INFO  ozone.MiniOzoneClusterImpl (MiniOzoneClusterImpl.java:lambda$waitForClusterToBeReady$0(147)) - Waiting for cluster to be ready. Got 0 of 1 DN Heartbeats.
2019-09-26 16:36:55,532 [org.apache.hadoop.util.JvmPauseMonitor$Monitor@762294bf] INFO  util.JvmPauseMonitor (JvmPauseMonitor.java:run(188)) - Starting JVM pause monitor
2019-09-26 16:36:55,648 [Datanode State Machine Thread - 0] INFO  datanode.InitDatanodeState (InitDatanodeState.java:persistContainerDatanodeDetails(140)) - DatanodeDetails is persisted to /workdir/hadoop-ozone/integration-test/target/test-dir/MiniOzoneClusterImpl-70722cd4-f409-492b-b989-123ae7a5dad2/datanode-0/meta/datanode.id
2019-09-26 16:36:56,526 [main] INFO  ozone.MiniOzoneClusterImpl (MiniOzoneClusterImpl.java:lambda$waitForClusterToBeReady$0(147)) - Waiting for cluster to be ready. Got 0 of 1 DN Heartbeats.
2019-09-26 16:36:57,526 [main] INFO  ozone.MiniOzoneClusterImpl (MiniOzoneClusterImpl.java:lambda$waitForClusterToBeReady$0(147)) - Waiting for cluster to be ready. Got 0 of 1 DN Heartbeats.
2019-09-26 16:36:57,724 [Datanode State Machine Thread - 0] INFO  ozoneimpl.OzoneContainer (OzoneContainer.java:start(217)) - Attempting to start container services.
2019-09-26 16:36:57,725 [Datanode State Machine Thread - 0] INFO  ozoneimpl.OzoneContainer (OzoneContainer.java:startContainerScrub(179)) - Background container scanner has been disabled.
2019-09-26 16:36:57,725 [Datanode State Machine Thread - 0] INFO  ratis.XceiverServerRatis (XceiverServerRatis.java:start(411)) - Starting XceiverServerRatis 4df474a6-b7e4-4522-927a-71b18ab9072b at port 0
2019-09-26 16:36:57,742 [Datanode State Machine Thread - 0] INFO  impl.RaftServerProxy (RaftServerProxy.java:lambda$start$3(299)) - 4df474a6-b7e4-4522-927a-71b18ab9072b: start RPC server
2019-09-26 16:36:57,874 [Datanode State Machine Thread - 0] INFO  server.GrpcService (GrpcService.java:startImpl(158)) - 4df474a6-b7e4-4522-927a-71b18ab9072b: GrpcService started, listening on 0.0.0.0/0.0.0.0:42608
2019-09-26 16:36:57,875 [Datanode State Machine Thread - 0] INFO  ratis.XceiverServerRatis (XceiverServerRatis.java:start(421)) - XceiverServerRatis 4df474a6-b7e4-4522-927a-71b18ab9072b is started using port 42608
2019-09-26 16:36:57,877 [Datanode State Machine Thread - 0] INFO  server.XceiverServerGrpc (XceiverServerGrpc.java:start(149)) - XceiverServerGrpc 4df474a6-b7e4-4522-927a-71b18ab9072b is started using port 44780
2019-09-26 16:36:58,527 [main] INFO  ozone.MiniOzoneClusterImpl (MiniOzoneClusterImpl.java:lambda$waitForClusterToBeReady$0(147)) - Waiting for cluster to be ready. Got 0 of 1 DN Heartbeats.
2019-09-26 16:36:59,528 [main] INFO  ozone.MiniOzoneClusterImpl (MiniOzoneClusterImpl.java:lambda$waitForClusterToBeReady$0(147)) - Waiting for cluster to be ready. Got 0 of 1 DN Heartbeats.
2019-09-26 16:36:59,556 [IPC Server handler 0 on 36345] INFO  net.NetworkTopology (NetworkTopologyImpl.java:add(111)) - Added a new node: /default-rack/4df474a6-b7e4-4522-927a-71b18ab9072b
2019-09-26 16:36:59,556 [IPC Server handler 0 on 36345] INFO  node.SCMNodeManager (SCMNodeManager.java:register(266)) - Registered Data node : 4df474a6-b7e4-4522-927a-71b18ab9072b{ip: 192.168.151.99, host: pr-hdds-1569-g6sp5-2013761785, networkLocation: /default-rack, certSerialId: null}
2019-09-26 16:36:59,560 [EventQueue-NodeRegistrationContainerReportForDataNodeSafeModeRule] INFO  safemode.SCMSafeModeManager (DataNodeSafeModeRule.java:process(71)) - SCM in safe mode. 1 DataNodes registered, 1 required.
2019-09-26 16:36:59,560 [EventQueue-NodeRegistrationContainerReportForDataNodeSafeModeRule] INFO  safemode.SCMSafeModeManager (SCMSafeModeManager.java:validateSafeModeExitRules(177)) - ScmSafeModeManager, all rules are successfully validated
2019-09-26 16:36:59,560 [EventQueue-NodeRegistrationContainerReportForDataNodeSafeModeRule] INFO  safemode.SCMSafeModeManager (SCMSafeModeManager.java:exitSafeMode(193)) - SCM exiting safe mode.
2019-09-26 16:36:59,998 [grpc-default-executor-0] INFO  impl.RaftServerProxy (RaftServerProxy.java:addNew(89)) - 4df474a6-b7e4-4522-927a-71b18ab9072b: addNew group-EF4278451301:[4df474a6-b7e4-4522-927a-71b18ab9072b:192.168.151.99:42608] returns group-EF4278451301:java.util.concurrent.CompletableFuture@467de289[Not completed]
2019-09-26 16:37:00,014 [pool-27-thread-1] INFO  impl.RaftServerImpl (RaftServerImpl.java:<init>(95)) - 4df474a6-b7e4-4522-927a-71b18ab9072b: new RaftServerImpl for group-EF4278451301:[4df474a6-b7e4-4522-927a-71b18ab9072b:192.168.151.99:42608] with ContainerStateMachine:uninitialized
2019-09-26 16:37:00,016 [pool-27-thread-1] INFO  server.RaftServerConfigKeys (ConfUtils.java:logGet(43)) - raft.server.rpc.timeout.min = 5s (custom)
2019-09-26 16:37:00,017 [pool-27-thread-1] INFO  server.RaftServerConfigKeys (ConfUtils.java:logGet(43)) - raft.server.rpc.timeout.max = 5200ms (custom)
2019-09-26 16:37:00,017 [pool-27-thread-1] INFO  server.RaftServerConfigKeys (ConfUtils.java:logGet(43)) - raft.server.rpcslowness.timeout = 120s (custom)
2019-09-26 16:37:00,019 [pool-27-thread-1] INFO  server.RaftServerConfigKeys (ConfUtils.java:logGet(43)) - raft.server.sleep.deviation.threshold = 300 (default)
2019-09-26 16:37:00,019 [pool-27-thread-1] INFO  server.RaftServerConfigKeys (ConfUtils.java:logGet(43)) - raft.server.log.appender.install.snapshot.enabled = false (custom)
2019-09-26 16:37:00,027 [pool-27-thread-1] INFO  impl.RaftServerImpl (ServerState.java:<init>(103)) - 4df474a6-b7e4-4522-927a-71b18ab9072b@group-EF4278451301: ConfigurationManager, init=-1: [4df474a6-b7e4-4522-927a-71b18ab9072b:192.168.151.99:42608], old=null, confs=<EMPTY_MAP>
2019-09-26 16:37:00,028 [pool-27-thread-1] INFO  server.RaftServerConfigKeys (ConfUtils.java:logGet(43)) - raft.server.storage.dir = [/workdir/hadoop-ozone/integration-test/target/test-dir/MiniOzoneClusterImpl-70722cd4-f409-492b-b989-123ae7a5dad2/datanode-0/data/ratis] (custom)
2019-09-26 16:37:00,035 [pool-27-thread-1] INFO  storage.RaftStorageDirectory (RaftStorageDirectory.java:analyzeStorage(246)) - The storage directory /workdir/hadoop-ozone/integration-test/target/test-dir/MiniOzoneClusterImpl-70722cd4-f409-492b-b989-123ae7a5dad2/datanode-0/data/ratis/9d397cb5-9aae-4275-816a-ef4278451301 does not exist. Creating ...
2019-09-26 16:37:00,054 [pool-27-thread-1] INFO  storage.RaftStorageDirectory (RaftStorageDirectory.java:tryLock(328)) - Lock on /workdir/hadoop-ozone/integration-test/target/test-dir/MiniOzoneClusterImpl-70722cd4-f409-492b-b989-123ae7a5dad2/datanode-0/data/ratis/9d397cb5-9aae-4275-816a-ef4278451301/in_use.lock acquired by nodename 3240@pr-hdds-1569-g6sp5-2013761785
2019-09-26 16:37:00,069 [pool-27-thread-1] INFO  storage.RaftStorage (RaftStorage.java:format(72)) - Storage directory /workdir/hadoop-ozone/integration-test/target/test-dir/MiniOzoneClusterImpl-70722cd4-f409-492b-b989-123ae7a5dad2/datanode-0/data/ratis/9d397cb5-9aae-4275-816a-ef4278451301 has been successfully formatted.
2019-09-26 16:37:00,071 [pool-27-thread-1] INFO  ratis.ContainerStateMachine (ContainerStateMachine.java:loadSnapshot(230)) - group-EF4278451301: The snapshot info is null. Setting the last applied indexto:(t:0, i:~)
2019-09-26 16:37:00,071 [pool-27-thread-1] INFO  server.RaftServerConfigKeys (ConfUtils.java:logGet(43)) - raft.server.notification.no-leader.timeout = 120s (custom)
2019-09-26 16:37:00,073 [pool-27-thread-1] INFO  server.RaftServerConfigKeys (ConfUtils.java:logGet(43)) - raft.server.log.use.memory = false (default)
2019-09-26 16:37:00,078 [pool-27-thread-1] INFO  server.RaftServerConfigKeys (ConfUtils.java:logGet(43)) - raft.server.log.purge.gap = 1000000 (custom)
2019-09-26 16:37:00,078 [pool-27-thread-1] INFO  server.RaftServerConfigKeys (ConfUtils.java:logGet(43)) - raft.server.log.appender.buffer.byte-limit = 33554432 (custom)
2019-09-26 16:37:00,080 [pool-27-thread-1] INFO  server.RaftServerConfigKeys (ConfUtils.java:logGet(43)) - raft.server.log.segment.size.max = 1048576 (custom)
2019-09-26 16:37:00,084 [pool-27-thread-1] INFO  server.RaftServerConfigKeys (ConfUtils.java:logGet(43)) - raft.server.log.segment.cache.num.max = 2 (custom)
2019-09-26 16:37:00,088 [pool-27-thread-1] INFO  segmented.SegmentedRaftLogWorker (SegmentedRaftLogWorker.java:<init>(172)) - new 4df474a6-b7e4-4522-927a-71b18ab9072b@group-EF4278451301-SegmentedRaftLogWorker for RaftStorage:Storage Directory /workdir/hadoop-ozone/integration-test/target/test-dir/MiniOzoneClusterImpl-70722cd4-f409-492b-b989-123ae7a5dad2/datanode-0/data/ratis/9d397cb5-9aae-4275-816a-ef4278451301
2019-09-26 16:37:00,090 [pool-27-thread-1] INFO  impl.MetricsSystemImpl (MetricsSystemImpl.java:init(158)) - ratis metrics system started (again)
2019-09-26 16:37:00,095 [pool-27-thread-1] INFO  metrics.MetricRegistries (MetricRegistriesLoader.java:load(64)) - Loaded MetricRegistries class org.apache.ratis.metrics.impl.MetricRegistriesImpl
2019-09-26 16:37:00,120 [pool-27-thread-1] INFO  server.RaftServerConfigKeys (ConfUtils.java:logGet(43)) - raft.server.log.queue.byte-limit = 2147483647 (custom)
2019-09-26 16:37:00,121 [pool-27-thread-1] INFO  server.RaftServerConfigKeys (ConfUtils.java:logGet(43)) - raft.server.log.queue.element-limit = 1024 (custom)
2019-09-26 16:37:00,124 [pool-27-thread-1] INFO  server.RaftServerConfigKeys (ConfUtils.java:logGet(43)) - raft.server.log.segment.size.max = 1048576 (custom)
2019-09-26 16:37:00,124 [pool-27-thread-1] INFO  server.RaftServerConfigKeys (ConfUtils.java:logGet(43)) - raft.server.log.preallocated.size = 16384 (custom)
2019-09-26 16:37:00,125 [pool-27-thread-1] INFO  server.RaftServerConfigKeys (ConfUtils.java:logGet(43)) - raft.server.log.write.buffer.size = 33554432 (custom)
2019-09-26 16:37:00,125 [pool-27-thread-1] INFO  server.RaftServerConfigKeys (ConfUtils.java:logGet(43)) - raft.server.log.force.sync.num = 128 (default)
2019-09-26 16:37:00,126 [pool-27-thread-1] INFO  server.RaftServerConfigKeys (ConfUtils.java:logGet(43)) - raft.server.log.statemachine.data.sync = true (default)
2019-09-26 16:37:00,126 [pool-27-thread-1] INFO  server.RaftServerConfigKeys (ConfUtils.java:logGet(43)) - raft.server.log.statemachine.data.sync.timeout = 10s (default)
2019-09-26 16:37:00,127 [pool-27-thread-1] INFO  server.RaftServerConfigKeys (ConfUtils.java:logGet(43)) - raft.server.log.statemachine.data.sync.timeout.retry = -1 (default)
2019-09-26 16:37:00,134 [pool-27-thread-1] INFO  server.RaftServerConfigKeys (ConfUtils.java:logGet(43)) - raft.server.log.statemachine.data.caching.enabled = true (custom)
2019-09-26 16:37:00,138 [pool-27-thread-1] INFO  segmented.SegmentedRaftLogWorker (SegmentedRaftLogWorker.java:lambda$new$0(132)) - 4df474a6-b7e4-4522-927a-71b18ab9072b@group-EF4278451301-SegmentedRaftLogWorker: flushIndex: setUnconditionally 0 -> -1
2019-09-26 16:37:00,142 [pool-27-thread-1] INFO  server.RaftServerConfigKeys (ConfUtils.java:logGet(43)) - raft.server.snapshot.auto.trigger.enabled = true (custom)
2019-09-26 16:37:00,143 [pool-27-thread-1] INFO  server.RaftServerConfigKeys (ConfUtils.java:logGet(43)) - raft.server.snapshot.auto.trigger.threshold = 1 (custom)
2019-09-26 16:37:00,144 [pool-27-thread-1] INFO  server.RaftServerConfigKeys (ConfUtils.java:logGet(43)) - raft.server.snapshot.retention.num.files = 5 (custom)
2019-09-26 16:37:00,144 [pool-27-thread-1] INFO  server.RaftServerConfigKeys (ConfUtils.java:logGet(43)) - raft.server.retrycache.expirytime = 600000ms (custom)
2019-09-26 16:37:00,169 [pool-27-thread-1] INFO  impl.RaftServerImpl (RaftServerImpl.java:start(185)) - 4df474a6-b7e4-4522-927a-71b18ab9072b@group-EF4278451301: start as a follower, conf=-1: [4df474a6-b7e4-4522-927a-71b18ab9072b:192.168.151.99:42608], old=null
2019-09-26 16:37:00,170 [pool-27-thread-1] INFO  impl.RaftServerImpl (RaftServerImpl.java:setRole(174)) - 4df474a6-b7e4-4522-927a-71b18ab9072b@group-EF4278451301: changes role from      null to FOLLOWER at term 0 for startAsFollower
2019-09-26 16:37:00,171 [pool-27-thread-1] INFO  impl.RoleInfo (RoleInfo.java:updateAndGet(143)) - 4df474a6-b7e4-4522-927a-71b18ab9072b: start FollowerState
2019-09-26 16:37:00,172 [pool-27-thread-1] INFO  util.JmxRegister (JmxRegister.java:tryRegister(44)) - Successfully registered JMX Bean with object name Ratis:service=RaftServer,group=group-EF4278451301,id=4df474a6-b7e4-4522-927a-71b18ab9072b
2019-09-26 16:37:00,226 [RatisPipelineUtilsThread] INFO  pipeline.PipelineStateManager (PipelineStateManager.java:addPipeline(56)) - Created pipeline Pipeline[ Id: 9d397cb5-9aae-4275-816a-ef4278451301, Nodes: 4df474a6-b7e4-4522-927a-71b18ab9072b{ip: 192.168.151.99, host: pr-hdds-1569-g6sp5-2013761785, networkLocation: /default-rack, certSerialId: null}, Type:RATIS, Factor:ONE, State:OPEN]
2019-09-26 16:37:00,241 [grpc-default-executor-0] INFO  impl.RaftServerProxy (RaftServerProxy.java:addNew(89)) - 4df474a6-b7e4-4522-927a-71b18ab9072b: addNew group-199EBCA2E096:[4df474a6-b7e4-4522-927a-71b18ab9072b:192.168.151.99:42608] returns group-199EBCA2E096:java.util.concurrent.CompletableFuture@695388ce[Not completed]
2019-09-26 16:37:00,244 [pool-27-thread-1] INFO  impl.RaftServerImpl (RaftServerImpl.java:<init>(95)) - 4df474a6-b7e4-4522-927a-71b18ab9072b: new RaftServerImpl for group-199EBCA2E096:[4df474a6-b7e4-4522-927a-71b18ab9072b:192.168.151.99:42608] with ContainerStateMachine:uninitialized
2019-09-26 16:37:00,244 [pool-27-thread-1] INFO  server.RaftServerConfigKeys (ConfUtils.java:logGet(43)) - raft.server.rpc.timeout.min = 5s (custom)
2019-09-26 16:37:00,244 [pool-27-thread-1] INFO  server.RaftServerConfigKeys (ConfUtils.java:logGet(43)) - raft.server.rpc.timeout.max = 5200ms (custom)
2019-09-26 16:37:00,244 [pool-27-thread-1] INFO  server.RaftServerConfigKeys (ConfUtils.java:logGet(43)) - raft.server.rpcslowness.timeout = 120s (custom)
2019-09-26 16:37:00,244 [pool-27-thread-1] INFO  server.RaftServerConfigKeys (ConfUtils.java:logGet(43)) - raft.server.sleep.deviation.threshold = 300 (default)
2019-09-26 16:37:00,245 [pool-27-thread-1] INFO  server.RaftServerConfigKeys (ConfUtils.java:logGet(43)) - raft.server.log.appender.install.snapshot.enabled = false (custom)
2019-09-26 16:37:00,245 [pool-27-thread-1] INFO  impl.RaftServerImpl (ServerState.java:<init>(103)) - 4df474a6-b7e4-4522-927a-71b18ab9072b@group-199EBCA2E096: ConfigurationManager, init=-1: [4df474a6-b7e4-4522-927a-71b18ab9072b:192.168.151.99:42608], old=null, confs=<EMPTY_MAP>
2019-09-26 16:37:00,245 [pool-27-thread-1] INFO  server.RaftServerConfigKeys (ConfUtils.java:logGet(43)) - raft.server.storage.dir = [/workdir/hadoop-ozone/integration-test/target/test-dir/MiniOzoneClusterImpl-70722cd4-f409-492b-b989-123ae7a5dad2/datanode-0/data/ratis] (custom)
2019-09-26 16:37:00,245 [pool-27-thread-1] INFO  storage.RaftStorageDirectory (RaftStorageDirectory.java:analyzeStorage(246)) - The storage directory /workdir/hadoop-ozone/integration-test/target/test-dir/MiniOzoneClusterImpl-70722cd4-f409-492b-b989-123ae7a5dad2/datanode-0/data/ratis/229633e3-46b1-4fa5-ab23-199ebca2e096 does not exist. Creating ...
2019-09-26 16:37:00,260 [pool-27-thread-1] INFO  storage.RaftStorageDirectory (RaftStorageDirectory.java:tryLock(328)) - Lock on /workdir/hadoop-ozone/integration-test/target/test-dir/MiniOzoneClusterImpl-70722cd4-f409-492b-b989-123ae7a5dad2/datanode-0/data/ratis/229633e3-46b1-4fa5-ab23-199ebca2e096/in_use.lock acquired by nodename 3240@pr-hdds-1569-g6sp5-2013761785
2019-09-26 16:37:00,272 [pool-27-thread-1] INFO  storage.RaftStorage (RaftStorage.java:format(72)) - Storage directory /workdir/hadoop-ozone/integration-test/target/test-dir/MiniOzoneClusterImpl-70722cd4-f409-492b-b989-123ae7a5dad2/datanode-0/data/ratis/229633e3-46b1-4fa5-ab23-199ebca2e096 has been successfully formatted.
2019-09-26 16:37:00,273 [pool-27-thread-1] INFO  ratis.ContainerStateMachine (ContainerStateMachine.java:loadSnapshot(230)) - group-199EBCA2E096: The snapshot info is null. Setting the last applied indexto:(t:0, i:~)
2019-09-26 16:37:00,273 [pool-27-thread-1] INFO  server.RaftServerConfigKeys (ConfUtils.java:logGet(43)) - raft.server.notification.no-leader.timeout = 120s (custom)
2019-09-26 16:37:00,273 [pool-27-thread-1] INFO  server.RaftServerConfigKeys (ConfUtils.java:logGet(43)) - raft.server.log.use.memory = false (default)
2019-09-26 16:37:00,273 [pool-27-thread-1] INFO  server.RaftServerConfigKeys (ConfUtils.java:logGet(43)) - raft.server.log.purge.gap = 1000000 (custom)
2019-09-26 16:37:00,273 [pool-27-thread-1] INFO  server.RaftServerConfigKeys (ConfUtils.java:logGet(43)) - raft.server.log.appender.buffer.byte-limit = 33554432 (custom)
2019-09-26 16:37:00,274 [pool-27-thread-1] INFO  server.RaftServerConfigKeys (ConfUtils.java:logGet(43)) - raft.server.log.segment.size.max = 1048576 (custom)
2019-09-26 16:37:00,274 [pool-27-thread-1] INFO  server.RaftServerConfigKeys (ConfUtils.java:logGet(43)) - raft.server.log.segment.cache.num.max = 2 (custom)
2019-09-26 16:37:00,274 [pool-27-thread-1] INFO  segmented.SegmentedRaftLogWorker (SegmentedRaftLogWorker.java:<init>(172)) - new 4df474a6-b7e4-4522-927a-71b18ab9072b@group-199EBCA2E096-SegmentedRaftLogWorker for RaftStorage:Storage Directory /workdir/hadoop-ozone/integration-test/target/test-dir/MiniOzoneClusterImpl-70722cd4-f409-492b-b989-123ae7a5dad2/datanode-0/data/ratis/229633e3-46b1-4fa5-ab23-199ebca2e096
2019-09-26 16:37:00,274 [pool-27-thread-1] INFO  server.RaftServerConfigKeys (ConfUtils.java:logGet(43)) - raft.server.log.queue.byte-limit = 2147483647 (custom)
2019-09-26 16:37:00,274 [pool-27-thread-1] INFO  server.RaftServerConfigKeys (ConfUtils.java:logGet(43)) - raft.server.log.queue.element-limit = 1024 (custom)
2019-09-26 16:37:00,274 [pool-27-thread-1] INFO  server.RaftServerConfigKeys (ConfUtils.java:logGet(43)) - raft.server.log.segment.size.max = 1048576 (custom)
2019-09-26 16:37:00,275 [pool-27-thread-1] INFO  server.RaftServerConfigKeys (ConfUtils.java:logGet(43)) - raft.server.log.preallocated.size = 16384 (custom)
2019-09-26 16:37:00,275 [pool-27-thread-1] INFO  server.RaftServerConfigKeys (ConfUtils.java:logGet(43)) - raft.server.log.write.buffer.size = 33554432 (custom)
2019-09-26 16:37:00,275 [pool-27-thread-1] INFO  server.RaftServerConfigKeys (ConfUtils.java:logGet(43)) - raft.server.log.force.sync.num = 128 (default)
2019-09-26 16:37:00,275 [pool-27-thread-1] INFO  server.RaftServerConfigKeys (ConfUtils.java:logGet(43)) - raft.server.log.statemachine.data.sync = true (default)
2019-09-26 16:37:00,275 [pool-27-thread-1] INFO  server.RaftServerConfigKeys (ConfUtils.java:logGet(43)) - raft.server.log.statemachine.data.sync.timeout = 10s (default)
2019-09-26 16:37:00,275 [pool-27-thread-1] INFO  server.RaftServerConfigKeys (ConfUtils.java:logGet(43)) - raft.server.log.statemachine.data.sync.timeout.retry = -1 (default)
2019-09-26 16:37:00,276 [pool-27-thread-1] INFO  server.RaftServerConfigKeys (ConfUtils.java:logGet(43)) - raft.server.log.statemachine.data.caching.enabled = true (custom)
2019-09-26 16:37:00,276 [pool-27-thread-1] INFO  segmented.SegmentedRaftLogWorker (SegmentedRaftLogWorker.java:lambda$new$0(132)) - 4df474a6-b7e4-4522-927a-71b18ab9072b@group-199EBCA2E096-SegmentedRaftLogWorker: flushIndex: setUnconditionally 0 -> -1
2019-09-26 16:37:00,276 [pool-27-thread-1] INFO  server.RaftServerConfigKeys (ConfUtils.java:logGet(43)) - raft.server.snapshot.auto.trigger.enabled = true (custom)
2019-09-26 16:37:00,276 [pool-27-thread-1] INFO  server.RaftServerConfigKeys (ConfUtils.java:logGet(43)) - raft.server.snapshot.auto.trigger.threshold = 1 (custom)
2019-09-26 16:37:00,277 [pool-27-thread-1] INFO  server.RaftServerConfigKeys (ConfUtils.java:logGet(43)) - raft.server.snapshot.retention.num.files = 5 (custom)
2019-09-26 16:37:00,277 [pool-27-thread-1] INFO  server.RaftServerConfigKeys (ConfUtils.java:logGet(43)) - raft.server.retrycache.expirytime = 600000ms (custom)
2019-09-26 16:37:00,283 [pool-27-thread-1] INFO  impl.RaftServerImpl (RaftServerImpl.java:start(185)) - 4df474a6-b7e4-4522-927a-71b18ab9072b@group-199EBCA2E096: start as a follower, conf=-1: [4df474a6-b7e4-4522-927a-71b18ab9072b:192.168.151.99:42608], old=null
2019-09-26 16:37:00,284 [pool-27-thread-1] INFO  impl.RaftServerImpl (RaftServerImpl.java:setRole(174)) - 4df474a6-b7e4-4522-927a-71b18ab9072b@group-199EBCA2E096: changes role from      null to FOLLOWER at term 0 for startAsFollower
2019-09-26 16:37:00,284 [pool-27-thread-1] INFO  impl.RoleInfo (RoleInfo.java:updateAndGet(143)) - 4df474a6-b7e4-4522-927a-71b18ab9072b: start FollowerState
2019-09-26 16:37:00,285 [pool-27-thread-1] INFO  util.JmxRegister (JmxRegister.java:tryRegister(44)) - Successfully registered JMX Bean with object name Ratis:service=RaftServer,group=group-199EBCA2E096,id=4df474a6-b7e4-4522-927a-71b18ab9072b
2019-09-26 16:37:00,294 [RatisPipelineUtilsThread] INFO  pipeline.PipelineStateManager (PipelineStateManager.java:addPipeline(56)) - Created pipeline Pipeline[ Id: 229633e3-46b1-4fa5-ab23-199ebca2e096, Nodes: 4df474a6-b7e4-4522-927a-71b18ab9072b{ip: 192.168.151.99, host: pr-hdds-1569-g6sp5-2013761785, networkLocation: /default-rack, certSerialId: null}, Type:RATIS, Factor:ONE, State:OPEN]
2019-09-26 16:37:00,306 [grpc-default-executor-0] INFO  impl.RaftServerProxy (RaftServerProxy.java:addNew(89)) - 4df474a6-b7e4-4522-927a-71b18ab9072b: addNew group-DF7634374DDA:[4df474a6-b7e4-4522-927a-71b18ab9072b:192.168.151.99:42608] returns group-DF7634374DDA:java.util.concurrent.CompletableFuture@5995e22c[Not completed]
2019-09-26 16:37:00,307 [pool-27-thread-1] INFO  impl.RaftServerImpl (RaftServerImpl.java:<init>(95)) - 4df474a6-b7e4-4522-927a-71b18ab9072b: new RaftServerImpl for group-DF7634374DDA:[4df474a6-b7e4-4522-927a-71b18ab9072b:192.168.151.99:42608] with ContainerStateMachine:uninitialized
2019-09-26 16:37:00,307 [pool-27-thread-1] INFO  server.RaftServerConfigKeys (ConfUtils.java:logGet(43)) - raft.server.rpc.timeout.min = 5s (custom)
2019-09-26 16:37:00,308 [pool-27-thread-1] INFO  server.RaftServerConfigKeys (ConfUtils.java:logGet(43)) - raft.server.rpc.timeout.max = 5200ms (custom)
2019-09-26 16:37:00,308 [pool-27-thread-1] INFO  server.RaftServerConfigKeys (ConfUtils.java:logGet(43)) - raft.server.rpcslowness.timeout = 120s (custom)
2019-09-26 16:37:00,308 [pool-27-thread-1] INFO  server.RaftServerConfigKeys (ConfUtils.java:logGet(43)) - raft.server.sleep.deviation.threshold = 300 (default)
2019-09-26 16:37:00,308 [pool-27-thread-1] INFO  server.RaftServerConfigKeys (ConfUtils.java:logGet(43)) - raft.server.log.appender.install.snapshot.enabled = false (custom)
2019-09-26 16:37:00,308 [pool-27-thread-1] INFO  impl.RaftServerImpl (ServerState.java:<init>(103)) - 4df474a6-b7e4-4522-927a-71b18ab9072b@group-DF7634374DDA: ConfigurationManager, init=-1: [4df474a6-b7e4-4522-927a-71b18ab9072b:192.168.151.99:42608], old=null, confs=<EMPTY_MAP>
2019-09-26 16:37:00,308 [pool-27-thread-1] INFO  server.RaftServerConfigKeys (ConfUtils.java:logGet(43)) - raft.server.storage.dir = [/workdir/hadoop-ozone/integration-test/target/test-dir/MiniOzoneClusterImpl-70722cd4-f409-492b-b989-123ae7a5dad2/datanode-0/data/ratis] (custom)
2019-09-26 16:37:00,309 [pool-27-thread-1] INFO  storage.RaftStorageDirectory (RaftStorageDirectory.java:analyzeStorage(246)) - The storage directory /workdir/hadoop-ozone/integration-test/target/test-dir/MiniOzoneClusterImpl-70722cd4-f409-492b-b989-123ae7a5dad2/datanode-0/data/ratis/b5d70e7d-6d14-41e1-bd4c-df7634374dda does not exist. Creating ...
2019-09-26 16:37:00,321 [pool-27-thread-1] INFO  storage.RaftStorageDirectory (RaftStorageDirectory.java:tryLock(328)) - Lock on /workdir/hadoop-ozone/integration-test/target/test-dir/MiniOzoneClusterImpl-70722cd4-f409-492b-b989-123ae7a5dad2/datanode-0/data/ratis/b5d70e7d-6d14-41e1-bd4c-df7634374dda/in_use.lock acquired by nodename 3240@pr-hdds-1569-g6sp5-2013761785
2019-09-26 16:37:00,349 [pool-27-thread-1] INFO  storage.RaftStorage (RaftStorage.java:format(72)) - Storage directory /workdir/hadoop-ozone/integration-test/target/test-dir/MiniOzoneClusterImpl-70722cd4-f409-492b-b989-123ae7a5dad2/datanode-0/data/ratis/b5d70e7d-6d14-41e1-bd4c-df7634374dda has been successfully formatted.
2019-09-26 16:37:00,350 [pool-27-thread-1] INFO  ratis.ContainerStateMachine (ContainerStateMachine.java:loadSnapshot(230)) - group-DF7634374DDA: The snapshot info is null. Setting the last applied indexto:(t:0, i:~)
2019-09-26 16:37:00,350 [pool-27-thread-1] INFO  server.RaftServerConfigKeys (ConfUtils.java:logGet(43)) - raft.server.notification.no-leader.timeout = 120s (custom)
2019-09-26 16:37:00,350 [pool-27-thread-1] INFO  server.RaftServerConfigKeys (ConfUtils.java:logGet(43)) - raft.server.log.use.memory = false (default)
2019-09-26 16:37:00,350 [pool-27-thread-1] INFO  server.RaftServerConfigKeys (ConfUtils.java:logGet(43)) - raft.server.log.purge.gap = 1000000 (custom)
2019-09-26 16:37:00,350 [pool-27-thread-1] INFO  server.RaftServerConfigKeys (ConfUtils.java:logGet(43)) - raft.server.log.appender.buffer.byte-limit = 33554432 (custom)
2019-09-26 16:37:00,351 [pool-27-thread-1] INFO  server.RaftServerConfigKeys (ConfUtils.java:logGet(43)) - raft.server.log.segment.size.max = 1048576 (custom)
2019-09-26 16:37:00,351 [pool-27-thread-1] INFO  server.RaftServerConfigKeys (ConfUtils.java:logGet(43)) - raft.server.log.segment.cache.num.max = 2 (custom)
2019-09-26 16:37:00,351 [pool-27-thread-1] INFO  segmented.SegmentedRaftLogWorker (SegmentedRaftLogWorker.java:<init>(172)) - new 4df474a6-b7e4-4522-927a-71b18ab9072b@group-DF7634374DDA-SegmentedRaftLogWorker for RaftStorage:Storage Directory /workdir/hadoop-ozone/integration-test/target/test-dir/MiniOzoneClusterImpl-70722cd4-f409-492b-b989-123ae7a5dad2/datanode-0/data/ratis/b5d70e7d-6d14-41e1-bd4c-df7634374dda
2019-09-26 16:37:00,351 [pool-27-thread-1] INFO  server.RaftServerConfigKeys (ConfUtils.java:logGet(43)) - raft.server.log.queue.byte-limit = 2147483647 (custom)
2019-09-26 16:37:00,351 [pool-27-thread-1] INFO  server.RaftServerConfigKeys (ConfUtils.java:logGet(43)) - raft.server.log.queue.element-limit = 1024 (custom)
2019-09-26 16:37:00,352 [pool-27-thread-1] INFO  server.RaftServerConfigKeys (ConfUtils.java:logGet(43)) - raft.server.log.segment.size.max = 1048576 (custom)
2019-09-26 16:37:00,352 [pool-27-thread-1] INFO  server.RaftServerConfigKeys (ConfUtils.java:logGet(43)) - raft.server.log.preallocated.size = 16384 (custom)
2019-09-26 16:37:00,352 [pool-27-thread-1] INFO  server.RaftServerConfigKeys (ConfUtils.java:logGet(43)) - raft.server.log.write.buffer.size = 33554432 (custom)
2019-09-26 16:37:00,352 [pool-27-thread-1] INFO  server.RaftServerConfigKeys (ConfUtils.java:logGet(43)) - raft.server.log.force.sync.num = 128 (default)
2019-09-26 16:37:00,352 [pool-27-thread-1] INFO  server.RaftServerConfigKeys (ConfUtils.java:logGet(43)) - raft.server.log.statemachine.data.sync = true (default)
2019-09-26 16:37:00,352 [pool-27-thread-1] INFO  server.RaftServerConfigKeys (ConfUtils.java:logGet(43)) - raft.server.log.statemachine.data.sync.timeout = 10s (default)
2019-09-26 16:37:00,352 [pool-27-thread-1] INFO  server.RaftServerConfigKeys (ConfUtils.java:logGet(43)) - raft.server.log.statemachine.data.sync.timeout.retry = -1 (default)
2019-09-26 16:37:00,353 [pool-27-thread-1] INFO  server.RaftServerConfigKeys (ConfUtils.java:logGet(43)) - raft.server.log.statemachine.data.caching.enabled = true (custom)
2019-09-26 16:37:00,353 [pool-27-thread-1] INFO  segmented.SegmentedRaftLogWorker (SegmentedRaftLogWorker.java:lambda$new$0(132)) - 4df474a6-b7e4-4522-927a-71b18ab9072b@group-DF7634374DDA-SegmentedRaftLogWorker: flushIndex: setUnconditionally 0 -> -1
2019-09-26 16:37:00,353 [pool-27-thread-1] INFO  server.RaftServerConfigKeys (ConfUtils.java:logGet(43)) - raft.server.snapshot.auto.trigger.enabled = true (custom)
2019-09-26 16:37:00,353 [pool-27-thread-1] INFO  server.RaftServerConfigKeys (ConfUtils.java:logGet(43)) - raft.server.snapshot.auto.trigger.threshold = 1 (custom)
2019-09-26 16:37:00,353 [pool-27-thread-1] INFO  server.RaftServerConfigKeys (ConfUtils.java:logGet(43)) - raft.server.snapshot.retention.num.files = 5 (custom)
2019-09-26 16:37:00,354 [pool-27-thread-1] INFO  server.RaftServerConfigKeys (ConfUtils.java:logGet(43)) - raft.server.retrycache.expirytime = 600000ms (custom)
2019-09-26 16:37:00,358 [pool-27-thread-1] INFO  impl.RaftServerImpl (RaftServerImpl.java:start(185)) - 4df474a6-b7e4-4522-927a-71b18ab9072b@group-DF7634374DDA: start as a follower, conf=-1: [4df474a6-b7e4-4522-927a-71b18ab9072b:192.168.151.99:42608], old=null
2019-09-26 16:37:00,358 [pool-27-thread-1] INFO  impl.RaftServerImpl (RaftServerImpl.java:setRole(174)) - 4df474a6-b7e4-4522-927a-71b18ab9072b@group-DF7634374DDA: changes role from      null to FOLLOWER at term 0 for startAsFollower
2019-09-26 16:37:00,358 [pool-27-thread-1] INFO  impl.RoleInfo (RoleInfo.java:updateAndGet(143)) - 4df474a6-b7e4-4522-927a-71b18ab9072b: start FollowerState
2019-09-26 16:37:00,358 [pool-27-thread-1] INFO  util.JmxRegister (JmxRegister.java:tryRegister(44)) - Successfully registered JMX Bean with object name Ratis:service=RaftServer,group=group-DF7634374DDA,id=4df474a6-b7e4-4522-927a-71b18ab9072b
2019-09-26 16:37:00,367 [RatisPipelineUtilsThread] INFO  pipeline.PipelineStateManager (PipelineStateManager.java:addPipeline(56)) - Created pipeline Pipeline[ Id: b5d70e7d-6d14-41e1-bd4c-df7634374dda, Nodes: 4df474a6-b7e4-4522-927a-71b18ab9072b{ip: 192.168.151.99, host: pr-hdds-1569-g6sp5-2013761785, networkLocation: /default-rack, certSerialId: null}, Type:RATIS, Factor:ONE, State:OPEN]
2019-09-26 16:37:00,378 [grpc-default-executor-0] INFO  impl.RaftServerProxy (RaftServerProxy.java:addNew(89)) - 4df474a6-b7e4-4522-927a-71b18ab9072b: addNew group-9150591B16C4:[4df474a6-b7e4-4522-927a-71b18ab9072b:192.168.151.99:42608] returns group-9150591B16C4:java.util.concurrent.CompletableFuture@790a1cfe[Not completed]
2019-09-26 16:37:00,380 [pool-27-thread-1] INFO  impl.RaftServerImpl (RaftServerImpl.java:<init>(95)) - 4df474a6-b7e4-4522-927a-71b18ab9072b: new RaftServerImpl for group-9150591B16C4:[4df474a6-b7e4-4522-927a-71b18ab9072b:192.168.151.99:42608] with ContainerStateMachine:uninitialized
2019-09-26 16:37:00,380 [pool-27-thread-1] INFO  server.RaftServerConfigKeys (ConfUtils.java:logGet(43)) - raft.server.rpc.timeout.min = 5s (custom)
2019-09-26 16:37:00,380 [pool-27-thread-1] INFO  server.RaftServerConfigKeys (ConfUtils.java:logGet(43)) - raft.server.rpc.timeout.max = 5200ms (custom)
2019-09-26 16:37:00,381 [pool-27-thread-1] INFO  server.RaftServerConfigKeys (ConfUtils.java:logGet(43)) - raft.server.rpcslowness.timeout = 120s (custom)
2019-09-26 16:37:00,381 [pool-27-thread-1] INFO  server.RaftServerConfigKeys (ConfUtils.java:logGet(43)) - raft.server.sleep.deviation.threshold = 300 (default)
2019-09-26 16:37:00,381 [pool-27-thread-1] INFO  server.RaftServerConfigKeys (ConfUtils.java:logGet(43)) - raft.server.log.appender.install.snapshot.enabled = false (custom)
2019-09-26 16:37:00,381 [pool-27-thread-1] INFO  impl.RaftServerImpl (ServerState.java:<init>(103)) - 4df474a6-b7e4-4522-927a-71b18ab9072b@group-9150591B16C4: ConfigurationManager, init=-1: [4df474a6-b7e4-4522-927a-71b18ab9072b:192.168.151.99:42608], old=null, confs=<EMPTY_MAP>
2019-09-26 16:37:00,382 [pool-27-thread-1] INFO  server.RaftServerConfigKeys (ConfUtils.java:logGet(43)) - raft.server.storage.dir = [/workdir/hadoop-ozone/integration-test/target/test-dir/MiniOzoneClusterImpl-70722cd4-f409-492b-b989-123ae7a5dad2/datanode-0/data/ratis] (custom)
2019-09-26 16:37:00,382 [pool-27-thread-1] INFO  storage.RaftStorageDirectory (RaftStorageDirectory.java:analyzeStorage(246)) - The storage directory /workdir/hadoop-ozone/integration-test/target/test-dir/MiniOzoneClusterImpl-70722cd4-f409-492b-b989-123ae7a5dad2/datanode-0/data/ratis/8d817137-7fb1-4945-ae3f-9150591b16c4 does not exist. Creating ...
2019-09-26 16:37:00,395 [pool-27-thread-1] INFO  storage.RaftStorageDirectory (RaftStorageDirectory.java:tryLock(328)) - Lock on /workdir/hadoop-ozone/integration-test/target/test-dir/MiniOzoneClusterImpl-70722cd4-f409-492b-b989-123ae7a5dad2/datanode-0/data/ratis/8d817137-7fb1-4945-ae3f-9150591b16c4/in_use.lock acquired by nodename 3240@pr-hdds-1569-g6sp5-2013761785
2019-09-26 16:37:00,408 [pool-27-thread-1] INFO  storage.RaftStorage (RaftStorage.java:format(72)) - Storage directory /workdir/hadoop-ozone/integration-test/target/test-dir/MiniOzoneClusterImpl-70722cd4-f409-492b-b989-123ae7a5dad2/datanode-0/data/ratis/8d817137-7fb1-4945-ae3f-9150591b16c4 has been successfully formatted.
2019-09-26 16:37:00,408 [pool-27-thread-1] INFO  ratis.ContainerStateMachine (ContainerStateMachine.java:loadSnapshot(230)) - group-9150591B16C4: The snapshot info is null. Setting the last applied indexto:(t:0, i:~)
2019-09-26 16:37:00,408 [pool-27-thread-1] INFO  server.RaftServerConfigKeys (ConfUtils.java:logGet(43)) - raft.server.notification.no-leader.timeout = 120s (custom)
2019-09-26 16:37:00,408 [pool-27-thread-1] INFO  server.RaftServerConfigKeys (ConfUtils.java:logGet(43)) - raft.server.log.use.memory = false (default)
2019-09-26 16:37:00,408 [pool-27-thread-1] INFO  server.RaftServerConfigKeys (ConfUtils.java:logGet(43)) - raft.server.log.purge.gap = 1000000 (custom)
2019-09-26 16:37:00,409 [pool-27-thread-1] INFO  server.RaftServerConfigKeys (ConfUtils.java:logGet(43)) - raft.server.log.appender.buffer.byte-limit = 33554432 (custom)
2019-09-26 16:37:00,409 [pool-27-thread-1] INFO  server.RaftServerConfigKeys (ConfUtils.java:logGet(43)) - raft.server.log.segment.size.max = 1048576 (custom)
2019-09-26 16:37:00,409 [pool-27-thread-1] INFO  server.RaftServerConfigKeys (ConfUtils.java:logGet(43)) - raft.server.log.segment.cache.num.max = 2 (custom)
2019-09-26 16:37:00,409 [pool-27-thread-1] INFO  segmented.SegmentedRaftLogWorker (SegmentedRaftLogWorker.java:<init>(172)) - new 4df474a6-b7e4-4522-927a-71b18ab9072b@group-9150591B16C4-SegmentedRaftLogWorker for RaftStorage:Storage Directory /workdir/hadoop-ozone/integration-test/target/test-dir/MiniOzoneClusterImpl-70722cd4-f409-492b-b989-123ae7a5dad2/datanode-0/data/ratis/8d817137-7fb1-4945-ae3f-9150591b16c4
2019-09-26 16:37:00,409 [pool-27-thread-1] INFO  server.RaftServerConfigKeys (ConfUtils.java:logGet(43)) - raft.server.log.queue.byte-limit = 2147483647 (custom)
2019-09-26 16:37:00,409 [pool-27-thread-1] INFO  server.RaftServerConfigKeys (ConfUtils.java:logGet(43)) - raft.server.log.queue.element-limit = 1024 (custom)
2019-09-26 16:37:00,409 [pool-27-thread-1] INFO  server.RaftServerConfigKeys (ConfUtils.java:logGet(43)) - raft.server.log.segment.size.max = 1048576 (custom)
2019-09-26 16:37:00,410 [pool-27-thread-1] INFO  server.RaftServerConfigKeys (ConfUtils.java:logGet(43)) - raft.server.log.preallocated.size = 16384 (custom)
2019-09-26 16:37:00,410 [pool-27-thread-1] INFO  server.RaftServerConfigKeys (ConfUtils.java:logGet(43)) - raft.server.log.write.buffer.size = 33554432 (custom)
2019-09-26 16:37:00,410 [pool-27-thread-1] INFO  server.RaftServerConfigKeys (ConfUtils.java:logGet(43)) - raft.server.log.force.sync.num = 128 (default)
2019-09-26 16:37:00,410 [pool-27-thread-1] INFO  server.RaftServerConfigKeys (ConfUtils.java:logGet(43)) - raft.server.log.statemachine.data.sync = true (default)
2019-09-26 16:37:00,410 [pool-27-thread-1] INFO  server.RaftServerConfigKeys (ConfUtils.java:logGet(43)) - raft.server.log.statemachine.data.sync.timeout = 10s (default)
2019-09-26 16:37:00,410 [pool-27-thread-1] INFO  server.RaftServerConfigKeys (ConfUtils.java:logGet(43)) - raft.server.log.statemachine.data.sync.timeout.retry = -1 (default)
2019-09-26 16:37:00,410 [pool-27-thread-1] INFO  server.RaftServerConfigKeys (ConfUtils.java:logGet(43)) - raft.server.log.statemachine.data.caching.enabled = true (custom)
2019-09-26 16:37:00,411 [pool-27-thread-1] INFO  segmented.SegmentedRaftLogWorker (SegmentedRaftLogWorker.java:lambda$new$0(132)) - 4df474a6-b7e4-4522-927a-71b18ab9072b@group-9150591B16C4-SegmentedRaftLogWorker: flushIndex: setUnconditionally 0 -> -1
2019-09-26 16:37:00,411 [pool-27-thread-1] INFO  server.RaftServerConfigKeys (ConfUtils.java:logGet(43)) - raft.server.snapshot.auto.trigger.enabled = true (custom)
2019-09-26 16:37:00,411 [pool-27-thread-1] INFO  server.RaftServerConfigKeys (ConfUtils.java:logGet(43)) - raft.server.snapshot.auto.trigger.threshold = 1 (custom)
2019-09-26 16:37:00,411 [pool-27-thread-1] INFO  server.RaftServerConfigKeys (ConfUtils.java:logGet(43)) - raft.server.snapshot.retention.num.files = 5 (custom)
2019-09-26 16:37:00,411 [pool-27-thread-1] INFO  server.RaftServerConfigKeys (ConfUtils.java:logGet(43)) - raft.server.retrycache.expirytime = 600000ms (custom)
2019-09-26 16:37:00,415 [pool-27-thread-1] INFO  impl.RaftServerImpl (RaftServerImpl.java:start(185)) - 4df474a6-b7e4-4522-927a-71b18ab9072b@group-9150591B16C4: start as a follower, conf=-1: [4df474a6-b7e4-4522-927a-71b18ab9072b:192.168.151.99:42608], old=null
2019-09-26 16:37:00,415 [pool-27-thread-1] INFO  impl.RaftServerImpl (RaftServerImpl.java:setRole(174)) - 4df474a6-b7e4-4522-927a-71b18ab9072b@group-9150591B16C4: changes role from      null to FOLLOWER at term 0 for startAsFollower
2019-09-26 16:37:00,415 [pool-27-thread-1] INFO  impl.RoleInfo (RoleInfo.java:updateAndGet(143)) - 4df474a6-b7e4-4522-927a-71b18ab9072b: start FollowerState
2019-09-26 16:37:00,415 [pool-27-thread-1] INFO  util.JmxRegister (JmxRegister.java:tryRegister(44)) - Successfully registered JMX Bean with object name Ratis:service=RaftServer,group=group-9150591B16C4,id=4df474a6-b7e4-4522-927a-71b18ab9072b
2019-09-26 16:37:00,423 [RatisPipelineUtilsThread] INFO  pipeline.PipelineStateManager (PipelineStateManager.java:addPipeline(56)) - Created pipeline Pipeline[ Id: 8d817137-7fb1-4945-ae3f-9150591b16c4, Nodes: 4df474a6-b7e4-4522-927a-71b18ab9072b{ip: 192.168.151.99, host: pr-hdds-1569-g6sp5-2013761785, networkLocation: /default-rack, certSerialId: null}, Type:RATIS, Factor:ONE, State:OPEN]
2019-09-26 16:37:00,434 [grpc-default-executor-0] INFO  impl.RaftServerProxy (RaftServerProxy.java:addNew(89)) - 4df474a6-b7e4-4522-927a-71b18ab9072b: addNew group-7A096ADAB5B9:[4df474a6-b7e4-4522-927a-71b18ab9072b:192.168.151.99:42608] returns group-7A096ADAB5B9:java.util.concurrent.CompletableFuture@5ff6ad7b[Not completed]
2019-09-26 16:37:00,435 [pool-27-thread-1] INFO  impl.RaftServerImpl (RaftServerImpl.java:<init>(95)) - 4df474a6-b7e4-4522-927a-71b18ab9072b: new RaftServerImpl for group-7A096ADAB5B9:[4df474a6-b7e4-4522-927a-71b18ab9072b:192.168.151.99:42608] with ContainerStateMachine:uninitialized
2019-09-26 16:37:00,435 [pool-27-thread-1] INFO  server.RaftServerConfigKeys (ConfUtils.java:logGet(43)) - raft.server.rpc.timeout.min = 5s (custom)
2019-09-26 16:37:00,435 [pool-27-thread-1] INFO  server.RaftServerConfigKeys (ConfUtils.java:logGet(43)) - raft.server.rpc.timeout.max = 5200ms (custom)
2019-09-26 16:37:00,435 [pool-27-thread-1] INFO  server.RaftServerConfigKeys (ConfUtils.java:logGet(43)) - raft.server.rpcslowness.timeout = 120s (custom)
2019-09-26 16:37:00,436 [pool-27-thread-1] INFO  server.RaftServerConfigKeys (ConfUtils.java:logGet(43)) - raft.server.sleep.deviation.threshold = 300 (default)
2019-09-26 16:37:00,436 [pool-27-thread-1] INFO  server.RaftServerConfigKeys (ConfUtils.java:logGet(43)) - raft.server.log.appender.install.snapshot.enabled = false (custom)
2019-09-26 16:37:00,436 [pool-27-thread-1] INFO  impl.RaftServerImpl (ServerState.java:<init>(103)) - 4df474a6-b7e4-4522-927a-71b18ab9072b@group-7A096ADAB5B9: ConfigurationManager, init=-1: [4df474a6-b7e4-4522-927a-71b18ab9072b:192.168.151.99:42608], old=null, confs=<EMPTY_MAP>
2019-09-26 16:37:00,436 [pool-27-thread-1] INFO  server.RaftServerConfigKeys (ConfUtils.java:logGet(43)) - raft.server.storage.dir = [/workdir/hadoop-ozone/integration-test/target/test-dir/MiniOzoneClusterImpl-70722cd4-f409-492b-b989-123ae7a5dad2/datanode-0/data/ratis] (custom)
2019-09-26 16:37:00,436 [pool-27-thread-1] INFO  storage.RaftStorageDirectory (RaftStorageDirectory.java:analyzeStorage(246)) - The storage directory /workdir/hadoop-ozone/integration-test/target/test-dir/MiniOzoneClusterImpl-70722cd4-f409-492b-b989-123ae7a5dad2/datanode-0/data/ratis/4da044e2-9d2e-43cd-8ecc-7a096adab5b9 does not exist. Creating ...
2019-09-26 16:37:00,450 [pool-27-thread-1] INFO  storage.RaftStorageDirectory (RaftStorageDirectory.java:tryLock(328)) - Lock on /workdir/hadoop-ozone/integration-test/target/test-dir/MiniOzoneClusterImpl-70722cd4-f409-492b-b989-123ae7a5dad2/datanode-0/data/ratis/4da044e2-9d2e-43cd-8ecc-7a096adab5b9/in_use.lock acquired by nodename 3240@pr-hdds-1569-g6sp5-2013761785
2019-09-26 16:37:00,462 [pool-27-thread-1] INFO  storage.RaftStorage (RaftStorage.java:format(72)) - Storage directory /workdir/hadoop-ozone/integration-test/target/test-dir/MiniOzoneClusterImpl-70722cd4-f409-492b-b989-123ae7a5dad2/datanode-0/data/ratis/4da044e2-9d2e-43cd-8ecc-7a096adab5b9 has been successfully formatted.
2019-09-26 16:37:00,463 [pool-27-thread-1] INFO  ratis.ContainerStateMachine (ContainerStateMachine.java:loadSnapshot(230)) - group-7A096ADAB5B9: The snapshot info is null. Setting the last applied indexto:(t:0, i:~)
2019-09-26 16:37:00,463 [pool-27-thread-1] INFO  server.RaftServerConfigKeys (ConfUtils.java:logGet(43)) - raft.server.notification.no-leader.timeout = 120s (custom)
2019-09-26 16:37:00,463 [pool-27-thread-1] INFO  server.RaftServerConfigKeys (ConfUtils.java:logGet(43)) - raft.server.log.use.memory = false (default)
2019-09-26 16:37:00,463 [pool-27-thread-1] INFO  server.RaftServerConfigKeys (ConfUtils.java:logGet(43)) - raft.server.log.purge.gap = 1000000 (custom)
2019-09-26 16:37:00,463 [pool-27-thread-1] INFO  server.RaftServerConfigKeys (ConfUtils.java:logGet(43)) - raft.server.log.appender.buffer.byte-limit = 33554432 (custom)
2019-09-26 16:37:00,463 [pool-27-thread-1] INFO  server.RaftServerConfigKeys (ConfUtils.java:logGet(43)) - raft.server.log.segment.size.max = 1048576 (custom)
2019-09-26 16:37:00,464 [pool-27-thread-1] INFO  server.RaftServerConfigKeys (ConfUtils.java:logGet(43)) - raft.server.log.segment.cache.num.max = 2 (custom)
2019-09-26 16:37:00,464 [pool-27-thread-1] INFO  segmented.SegmentedRaftLogWorker (SegmentedRaftLogWorker.java:<init>(172)) - new 4df474a6-b7e4-4522-927a-71b18ab9072b@group-7A096ADAB5B9-SegmentedRaftLogWorker for RaftStorage:Storage Directory /workdir/hadoop-ozone/integration-test/target/test-dir/MiniOzoneClusterImpl-70722cd4-f409-492b-b989-123ae7a5dad2/datanode-0/data/ratis/4da044e2-9d2e-43cd-8ecc-7a096adab5b9
2019-09-26 16:37:00,464 [pool-27-thread-1] INFO  server.RaftServerConfigKeys (ConfUtils.java:logGet(43)) - raft.server.log.queue.byte-limit = 2147483647 (custom)
2019-09-26 16:37:00,464 [pool-27-thread-1] INFO  server.RaftServerConfigKeys (ConfUtils.java:logGet(43)) - raft.server.log.queue.element-limit = 1024 (custom)
2019-09-26 16:37:00,464 [pool-27-thread-1] INFO  server.RaftServerConfigKeys (ConfUtils.java:logGet(43)) - raft.server.log.segment.size.max = 1048576 (custom)
2019-09-26 16:37:00,464 [pool-27-thread-1] INFO  server.RaftServerConfigKeys (ConfUtils.java:logGet(43)) - raft.server.log.preallocated.size = 16384 (custom)
2019-09-26 16:37:00,464 [pool-27-thread-1] INFO  server.RaftServerConfigKeys (ConfUtils.java:logGet(43)) - raft.server.log.write.buffer.size = 33554432 (custom)
2019-09-26 16:37:00,465 [pool-27-thread-1] INFO  server.RaftServerConfigKeys (ConfUtils.java:logGet(43)) - raft.server.log.force.sync.num = 128 (default)
2019-09-26 16:37:00,465 [pool-27-thread-1] INFO  server.RaftServerConfigKeys (ConfUtils.java:logGet(43)) - raft.server.log.statemachine.data.sync = true (default)
2019-09-26 16:37:00,465 [pool-27-thread-1] INFO  server.RaftServerConfigKeys (ConfUtils.java:logGet(43)) - raft.server.log.statemachine.data.sync.timeout = 10s (default)
2019-09-26 16:37:00,465 [pool-27-thread-1] INFO  server.RaftServerConfigKeys (ConfUtils.java:logGet(43)) - raft.server.log.statemachine.data.sync.timeout.retry = -1 (default)
2019-09-26 16:37:00,465 [pool-27-thread-1] INFO  server.RaftServerConfigKeys (ConfUtils.java:logGet(43)) - raft.server.log.statemachine.data.caching.enabled = true (custom)
2019-09-26 16:37:00,465 [pool-27-thread-1] INFO  segmented.SegmentedRaftLogWorker (SegmentedRaftLogWorker.java:lambda$new$0(132)) - 4df474a6-b7e4-4522-927a-71b18ab9072b@group-7A096ADAB5B9-SegmentedRaftLogWorker: flushIndex: setUnconditionally 0 -> -1
2019-09-26 16:37:00,466 [pool-27-thread-1] INFO  server.RaftServerConfigKeys (ConfUtils.java:logGet(43)) - raft.server.snapshot.auto.trigger.enabled = true (custom)
2019-09-26 16:37:00,466 [pool-27-thread-1] INFO  server.RaftServerConfigKeys (ConfUtils.java:logGet(43)) - raft.server.snapshot.auto.trigger.threshold = 1 (custom)
2019-09-26 16:37:00,466 [pool-27-thread-1] INFO  server.RaftServerConfigKeys (ConfUtils.java:logGet(43)) - raft.server.snapshot.retention.num.files = 5 (custom)
2019-09-26 16:37:00,466 [pool-27-thread-1] INFO  server.RaftServerConfigKeys (ConfUtils.java:logGet(43)) - raft.server.retrycache.expirytime = 600000ms (custom)
2019-09-26 16:37:00,470 [pool-27-thread-1] INFO  impl.RaftServerImpl (RaftServerImpl.java:start(185)) - 4df474a6-b7e4-4522-927a-71b18ab9072b@group-7A096ADAB5B9: start as a follower, conf=-1: [4df474a6-b7e4-4522-927a-71b18ab9072b:192.168.151.99:42608], old=null
2019-09-26 16:37:00,470 [pool-27-thread-1] INFO  impl.RaftServerImpl (RaftServerImpl.java:setRole(174)) - 4df474a6-b7e4-4522-927a-71b18ab9072b@group-7A096ADAB5B9: changes role from      null to FOLLOWER at term 0 for startAsFollower
2019-09-26 16:37:00,470 [pool-27-thread-1] INFO  impl.RoleInfo (RoleInfo.java:updateAndGet(143)) - 4df474a6-b7e4-4522-927a-71b18ab9072b: start FollowerState
2019-09-26 16:37:00,470 [pool-27-thread-1] INFO  util.JmxRegister (JmxRegister.java:tryRegister(44)) - Successfully registered JMX Bean with object name Ratis:service=RaftServer,group=group-7A096ADAB5B9,id=4df474a6-b7e4-4522-927a-71b18ab9072b
2019-09-26 16:37:00,481 [RatisPipelineUtilsThread] INFO  pipeline.PipelineStateManager (PipelineStateManager.java:addPipeline(56)) - Created pipeline Pipeline[ Id: 4da044e2-9d2e-43cd-8ecc-7a096adab5b9, Nodes: 4df474a6-b7e4-4522-927a-71b18ab9072b{ip: 192.168.151.99, host: pr-hdds-1569-g6sp5-2013761785, networkLocation: /default-rack, certSerialId: null}, Type:RATIS, Factor:ONE, State:OPEN]
2019-09-26 16:37:00,492 [grpc-default-executor-0] INFO  impl.RaftServerProxy (RaftServerProxy.java:addNew(89)) - 4df474a6-b7e4-4522-927a-71b18ab9072b: addNew group-E8EBD7BA43F7:[4df474a6-b7e4-4522-927a-71b18ab9072b:192.168.151.99:42608] returns group-E8EBD7BA43F7:java.util.concurrent.CompletableFuture@2d819702[Not completed]
2019-09-26 16:37:00,493 [pool-27-thread-1] INFO  impl.RaftServerImpl (RaftServerImpl.java:<init>(95)) - 4df474a6-b7e4-4522-927a-71b18ab9072b: new RaftServerImpl for group-E8EBD7BA43F7:[4df474a6-b7e4-4522-927a-71b18ab9072b:192.168.151.99:42608] with ContainerStateMachine:uninitialized
2019-09-26 16:37:00,493 [pool-27-thread-1] INFO  server.RaftServerConfigKeys (ConfUtils.java:logGet(43)) - raft.server.rpc.timeout.min = 5s (custom)
2019-09-26 16:37:00,493 [pool-27-thread-1] INFO  server.RaftServerConfigKeys (ConfUtils.java:logGet(43)) - raft.server.rpc.timeout.max = 5200ms (custom)
2019-09-26 16:37:00,494 [pool-27-thread-1] INFO  server.RaftServerConfigKeys (ConfUtils.java:logGet(43)) - raft.server.rpcslowness.timeout = 120s (custom)
2019-09-26 16:37:00,494 [pool-27-thread-1] INFO  server.RaftServerConfigKeys (ConfUtils.java:logGet(43)) - raft.server.sleep.deviation.threshold = 300 (default)
2019-09-26 16:37:00,494 [pool-27-thread-1] INFO  server.RaftServerConfigKeys (ConfUtils.java:logGet(43)) - raft.server.log.appender.install.snapshot.enabled = false (custom)
2019-09-26 16:37:00,494 [pool-27-thread-1] INFO  impl.RaftServerImpl (ServerState.java:<init>(103)) - 4df474a6-b7e4-4522-927a-71b18ab9072b@group-E8EBD7BA43F7: ConfigurationManager, init=-1: [4df474a6-b7e4-4522-927a-71b18ab9072b:192.168.151.99:42608], old=null, confs=<EMPTY_MAP>
2019-09-26 16:37:00,494 [pool-27-thread-1] INFO  server.RaftServerConfigKeys (ConfUtils.java:logGet(43)) - raft.server.storage.dir = [/workdir/hadoop-ozone/integration-test/target/test-dir/MiniOzoneClusterImpl-70722cd4-f409-492b-b989-123ae7a5dad2/datanode-0/data/ratis] (custom)
2019-09-26 16:37:00,494 [pool-27-thread-1] INFO  storage.RaftStorageDirectory (RaftStorageDirectory.java:analyzeStorage(246)) - The storage directory /workdir/hadoop-ozone/integration-test/target/test-dir/MiniOzoneClusterImpl-70722cd4-f409-492b-b989-123ae7a5dad2/datanode-0/data/ratis/d598c500-a5b9-47c1-8d58-e8ebd7ba43f7 does not exist. Creating ...
2019-09-26 16:37:00,519 [pool-27-thread-1] INFO  storage.RaftStorageDirectory (RaftStorageDirectory.java:tryLock(328)) - Lock on /workdir/hadoop-ozone/integration-test/target/test-dir/MiniOzoneClusterImpl-70722cd4-f409-492b-b989-123ae7a5dad2/datanode-0/data/ratis/d598c500-a5b9-47c1-8d58-e8ebd7ba43f7/in_use.lock acquired by nodename 3240@pr-hdds-1569-g6sp5-2013761785
2019-09-26 16:37:00,528 [main] INFO  ozone.MiniOzoneClusterImpl (MiniOzoneClusterImpl.java:lambda$waitForClusterToBeReady$0(147)) - Cluster is ready. Got 1 of 1 DN Heartbeats.
2019-09-26 16:37:00,528 [main] INFO  om.OzoneManager (OzoneManager.java:readKeyPair(887)) - Reading keypair and certificate from file system.
2019-09-26 16:37:00,528 [main] INFO  om.OzoneManager (OzoneManager.java:startSecretManager(853)) - Starting OM block token secret manager
2019-09-26 16:37:00,529 [main] INFO  security.OzoneBlockTokenSecretManager (OzoneSecretManager.java:updateCurrentKey(167)) - Updating the current master key for generating tokens
2019-09-26 16:37:00,532 [pool-27-thread-1] INFO  storage.RaftStorage (RaftStorage.java:format(72)) - Storage directory /workdir/hadoop-ozone/integration-test/target/test-dir/MiniOzoneClusterImpl-70722cd4-f409-492b-b989-123ae7a5dad2/datanode-0/data/ratis/d598c500-a5b9-47c1-8d58-e8ebd7ba43f7 has been successfully formatted.
2019-09-26 16:37:00,532 [pool-27-thread-1] INFO  ratis.ContainerStateMachine (ContainerStateMachine.java:loadSnapshot(230)) - group-E8EBD7BA43F7: The snapshot info is null. Setting the last applied indexto:(t:0, i:~)
2019-09-26 16:37:00,532 [pool-27-thread-1] INFO  server.RaftServerConfigKeys (ConfUtils.java:logGet(43)) - raft.server.notification.no-leader.timeout = 120s (custom)
2019-09-26 16:37:00,532 [pool-27-thread-1] INFO  server.RaftServerConfigKeys (ConfUtils.java:logGet(43)) - raft.server.log.use.memory = false (default)
2019-09-26 16:37:00,533 [pool-27-thread-1] INFO  server.RaftServerConfigKeys (ConfUtils.java:logGet(43)) - raft.server.log.purge.gap = 1000000 (custom)
2019-09-26 16:37:00,533 [pool-27-thread-1] INFO  server.RaftServerConfigKeys (ConfUtils.java:logGet(43)) - raft.server.log.appender.buffer.byte-limit = 33554432 (custom)
2019-09-26 16:37:00,533 [pool-27-thread-1] INFO  server.RaftServerConfigKeys (ConfUtils.java:logGet(43)) - raft.server.log.segment.size.max = 1048576 (custom)
2019-09-26 16:37:00,533 [pool-27-thread-1] INFO  server.RaftServerConfigKeys (ConfUtils.java:logGet(43)) - raft.server.log.segment.cache.num.max = 2 (custom)
2019-09-26 16:37:00,533 [pool-27-thread-1] INFO  segmented.SegmentedRaftLogWorker (SegmentedRaftLogWorker.java:<init>(172)) - new 4df474a6-b7e4-4522-927a-71b18ab9072b@group-E8EBD7BA43F7-SegmentedRaftLogWorker for RaftStorage:Storage Directory /workdir/hadoop-ozone/integration-test/target/test-dir/MiniOzoneClusterImpl-70722cd4-f409-492b-b989-123ae7a5dad2/datanode-0/data/ratis/d598c500-a5b9-47c1-8d58-e8ebd7ba43f7
2019-09-26 16:37:00,533 [pool-27-thread-1] INFO  server.RaftServerConfigKeys (ConfUtils.java:logGet(43)) - raft.server.log.queue.byte-limit = 2147483647 (custom)
2019-09-26 16:37:00,533 [pool-27-thread-1] INFO  server.RaftServerConfigKeys (ConfUtils.java:logGet(43)) - raft.server.log.queue.element-limit = 1024 (custom)
2019-09-26 16:37:00,534 [pool-27-thread-1] INFO  server.RaftServerConfigKeys (ConfUtils.java:logGet(43)) - raft.server.log.segment.size.max = 1048576 (custom)
2019-09-26 16:37:00,534 [pool-27-thread-1] INFO  server.RaftServerConfigKeys (ConfUtils.java:logGet(43)) - raft.server.log.preallocated.size = 16384 (custom)
2019-09-26 16:37:00,534 [pool-27-thread-1] INFO  server.RaftServerConfigKeys (ConfUtils.java:logGet(43)) - raft.server.log.write.buffer.size = 33554432 (custom)
2019-09-26 16:37:00,534 [pool-27-thread-1] INFO  server.RaftServerConfigKeys (ConfUtils.java:logGet(43)) - raft.server.log.force.sync.num = 128 (default)
2019-09-26 16:37:00,534 [pool-27-thread-1] INFO  server.RaftServerConfigKeys (ConfUtils.java:logGet(43)) - raft.server.log.statemachine.data.sync = true (default)
2019-09-26 16:37:00,534 [pool-27-thread-1] INFO  server.RaftServerConfigKeys (ConfUtils.java:logGet(43)) - raft.server.log.statemachine.data.sync.timeout = 10s (default)
2019-09-26 16:37:00,534 [pool-27-thread-1] INFO  server.RaftServerConfigKeys (ConfUtils.java:logGet(43)) - raft.server.log.statemachine.data.sync.timeout.retry = -1 (default)
2019-09-26 16:37:00,535 [pool-27-thread-1] INFO  server.RaftServerConfigKeys (ConfUtils.java:logGet(43)) - raft.server.log.statemachine.data.caching.enabled = true (custom)
2019-09-26 16:37:00,535 [pool-27-thread-1] INFO  segmented.SegmentedRaftLogWorker (SegmentedRaftLogWorker.java:lambda$new$0(132)) - 4df474a6-b7e4-4522-927a-71b18ab9072b@group-E8EBD7BA43F7-SegmentedRaftLogWorker: flushIndex: setUnconditionally 0 -> -1
2019-09-26 16:37:00,535 [pool-27-thread-1] INFO  server.RaftServerConfigKeys (ConfUtils.java:logGet(43)) - raft.server.snapshot.auto.trigger.enabled = true (custom)
2019-09-26 16:37:00,535 [pool-27-thread-1] INFO  server.RaftServerConfigKeys (ConfUtils.java:logGet(43)) - raft.server.snapshot.auto.trigger.threshold = 1 (custom)
2019-09-26 16:37:00,536 [pool-27-thread-1] INFO  server.RaftServerConfigKeys (ConfUtils.java:logGet(43)) - raft.server.snapshot.retention.num.files = 5 (custom)
2019-09-26 16:37:00,536 [pool-27-thread-1] INFO  server.RaftServerConfigKeys (ConfUtils.java:logGet(43)) - raft.server.retrycache.expirytime = 600000ms (custom)
2019-09-26 16:37:00,539 [pool-27-thread-1] INFO  impl.RaftServerImpl (RaftServerImpl.java:start(185)) - 4df474a6-b7e4-4522-927a-71b18ab9072b@group-E8EBD7BA43F7: start as a follower, conf=-1: [4df474a6-b7e4-4522-927a-71b18ab9072b:192.168.151.99:42608], old=null
2019-09-26 16:37:00,539 [pool-27-thread-1] INFO  impl.RaftServerImpl (RaftServerImpl.java:setRole(174)) - 4df474a6-b7e4-4522-927a-71b18ab9072b@group-E8EBD7BA43F7: changes role from      null to FOLLOWER at term 0 for startAsFollower
2019-09-26 16:37:00,540 [pool-27-thread-1] INFO  impl.RoleInfo (RoleInfo.java:updateAndGet(143)) - 4df474a6-b7e4-4522-927a-71b18ab9072b: start FollowerState
2019-09-26 16:37:00,540 [pool-27-thread-1] INFO  util.JmxRegister (JmxRegister.java:tryRegister(44)) - Successfully registered JMX Bean with object name Ratis:service=RaftServer,group=group-E8EBD7BA43F7,id=4df474a6-b7e4-4522-927a-71b18ab9072b
2019-09-26 16:37:00,549 [RatisPipelineUtilsThread] INFO  pipeline.PipelineStateManager (PipelineStateManager.java:addPipeline(56)) - Created pipeline Pipeline[ Id: d598c500-a5b9-47c1-8d58-e8ebd7ba43f7, Nodes: 4df474a6-b7e4-4522-927a-71b18ab9072b{ip: 192.168.151.99, host: pr-hdds-1569-g6sp5-2013761785, networkLocation: /default-rack, certSerialId: null}, Type:RATIS, Factor:ONE, State:OPEN]
2019-09-26 16:37:00,562 [grpc-default-executor-0] INFO  impl.RaftServerProxy (RaftServerProxy.java:addNew(89)) - 4df474a6-b7e4-4522-927a-71b18ab9072b: addNew group-F89BDA07760D:[4df474a6-b7e4-4522-927a-71b18ab9072b:192.168.151.99:42608] returns group-F89BDA07760D:java.util.concurrent.CompletableFuture@4b098b60[Not completed]
2019-09-26 16:37:00,563 [pool-27-thread-1] INFO  impl.RaftServerImpl (RaftServerImpl.java:<init>(95)) - 4df474a6-b7e4-4522-927a-71b18ab9072b: new RaftServerImpl for group-F89BDA07760D:[4df474a6-b7e4-4522-927a-71b18ab9072b:192.168.151.99:42608] with ContainerStateMachine:uninitialized
2019-09-26 16:37:00,563 [pool-27-thread-1] INFO  server.RaftServerConfigKeys (ConfUtils.java:logGet(43)) - raft.server.rpc.timeout.min = 5s (custom)
2019-09-26 16:37:00,563 [pool-27-thread-1] INFO  server.RaftServerConfigKeys (ConfUtils.java:logGet(43)) - raft.server.rpc.timeout.max = 5200ms (custom)
2019-09-26 16:37:00,564 [pool-27-thread-1] INFO  server.RaftServerConfigKeys (ConfUtils.java:logGet(43)) - raft.server.rpcslowness.timeout = 120s (custom)
2019-09-26 16:37:00,564 [pool-27-thread-1] INFO  server.RaftServerConfigKeys (ConfUtils.java:logGet(43)) - raft.server.sleep.deviation.threshold = 300 (default)
2019-09-26 16:37:00,564 [pool-27-thread-1] INFO  server.RaftServerConfigKeys (ConfUtils.java:logGet(43)) - raft.server.log.appender.install.snapshot.enabled = false (custom)
2019-09-26 16:37:00,564 [pool-27-thread-1] INFO  impl.RaftServerImpl (ServerState.java:<init>(103)) - 4df474a6-b7e4-4522-927a-71b18ab9072b@group-F89BDA07760D: ConfigurationManager, init=-1: [4df474a6-b7e4-4522-927a-71b18ab9072b:192.168.151.99:42608], old=null, confs=<EMPTY_MAP>
2019-09-26 16:37:00,564 [pool-27-thread-1] INFO  server.RaftServerConfigKeys (ConfUtils.java:logGet(43)) - raft.server.storage.dir = [/workdir/hadoop-ozone/integration-test/target/test-dir/MiniOzoneClusterImpl-70722cd4-f409-492b-b989-123ae7a5dad2/datanode-0/data/ratis] (custom)
2019-09-26 16:37:00,564 [pool-27-thread-1] INFO  storage.RaftStorageDirectory (RaftStorageDirectory.java:analyzeStorage(246)) - The storage directory /workdir/hadoop-ozone/integration-test/target/test-dir/MiniOzoneClusterImpl-70722cd4-f409-492b-b989-123ae7a5dad2/datanode-0/data/ratis/2d289bd6-f137-4a19-9707-f89bda07760d does not exist. Creating ...
2019-09-26 16:37:00,577 [pool-27-thread-1] INFO  storage.RaftStorageDirectory (RaftStorageDirectory.java:tryLock(328)) - Lock on /workdir/hadoop-ozone/integration-test/target/test-dir/MiniOzoneClusterImpl-70722cd4-f409-492b-b989-123ae7a5dad2/datanode-0/data/ratis/2d289bd6-f137-4a19-9707-f89bda07760d/in_use.lock acquired by nodename 3240@pr-hdds-1569-g6sp5-2013761785
2019-09-26 16:37:00,589 [pool-27-thread-1] INFO  storage.RaftStorage (RaftStorage.java:format(72)) - Storage directory /workdir/hadoop-ozone/integration-test/target/test-dir/MiniOzoneClusterImpl-70722cd4-f409-492b-b989-123ae7a5dad2/datanode-0/data/ratis/2d289bd6-f137-4a19-9707-f89bda07760d has been successfully formatted.
2019-09-26 16:37:00,590 [pool-27-thread-1] INFO  ratis.ContainerStateMachine (ContainerStateMachine.java:loadSnapshot(230)) - group-F89BDA07760D: The snapshot info is null. Setting the last applied indexto:(t:0, i:~)
2019-09-26 16:37:00,590 [pool-27-thread-1] INFO  server.RaftServerConfigKeys (ConfUtils.java:logGet(43)) - raft.server.notification.no-leader.timeout = 120s (custom)
2019-09-26 16:37:00,590 [pool-27-thread-1] INFO  server.RaftServerConfigKeys (ConfUtils.java:logGet(43)) - raft.server.log.use.memory = false (default)
2019-09-26 16:37:00,590 [pool-27-thread-1] INFO  server.RaftServerConfigKeys (ConfUtils.java:logGet(43)) - raft.server.log.purge.gap = 1000000 (custom)
2019-09-26 16:37:00,591 [pool-27-thread-1] INFO  server.RaftServerConfigKeys (ConfUtils.java:logGet(43)) - raft.server.log.appender.buffer.byte-limit = 33554432 (custom)
2019-09-26 16:37:00,591 [pool-27-thread-1] INFO  server.RaftServerConfigKeys (ConfUtils.java:logGet(43)) - raft.server.log.segment.size.max = 1048576 (custom)
2019-09-26 16:37:00,591 [pool-27-thread-1] INFO  server.RaftServerConfigKeys (ConfUtils.java:logGet(43)) - raft.server.log.segment.cache.num.max = 2 (custom)
2019-09-26 16:37:00,591 [pool-27-thread-1] INFO  segmented.SegmentedRaftLogWorker (SegmentedRaftLogWorker.java:<init>(172)) - new 4df474a6-b7e4-4522-927a-71b18ab9072b@group-F89BDA07760D-SegmentedRaftLogWorker for RaftStorage:Storage Directory /workdir/hadoop-ozone/integration-test/target/test-dir/MiniOzoneClusterImpl-70722cd4-f409-492b-b989-123ae7a5dad2/datanode-0/data/ratis/2d289bd6-f137-4a19-9707-f89bda07760d
2019-09-26 16:37:00,592 [pool-27-thread-1] INFO  server.RaftServerConfigKeys (ConfUtils.java:logGet(43)) - raft.server.log.queue.byte-limit = 2147483647 (custom)
2019-09-26 16:37:00,592 [pool-27-thread-1] INFO  server.RaftServerConfigKeys (ConfUtils.java:logGet(43)) - raft.server.log.queue.element-limit = 1024 (custom)
2019-09-26 16:37:00,592 [pool-27-thread-1] INFO  server.RaftServerConfigKeys (ConfUtils.java:logGet(43)) - raft.server.log.segment.size.max = 1048576 (custom)
2019-09-26 16:37:00,592 [pool-27-thread-1] INFO  server.RaftServerConfigKeys (ConfUtils.java:logGet(43)) - raft.server.log.preallocated.size = 16384 (custom)
2019-09-26 16:37:00,593 [pool-27-thread-1] INFO  server.RaftServerConfigKeys (ConfUtils.java:logGet(43)) - raft.server.log.write.buffer.size = 33554432 (custom)
2019-09-26 16:37:00,593 [pool-27-thread-1] INFO  server.RaftServerConfigKeys (ConfUtils.java:logGet(43)) - raft.server.log.force.sync.num = 128 (default)
2019-09-26 16:37:00,593 [pool-27-thread-1] INFO  server.RaftServerConfigKeys (ConfUtils.java:logGet(43)) - raft.server.log.statemachine.data.sync = true (default)
2019-09-26 16:37:00,593 [pool-27-thread-1] INFO  server.RaftServerConfigKeys (ConfUtils.java:logGet(43)) - raft.server.log.statemachine.data.sync.timeout = 10s (default)
2019-09-26 16:37:00,594 [pool-27-thread-1] INFO  server.RaftServerConfigKeys (ConfUtils.java:logGet(43)) - raft.server.log.statemachine.data.sync.timeout.retry = -1 (default)
2019-09-26 16:37:00,594 [pool-27-thread-1] INFO  server.RaftServerConfigKeys (ConfUtils.java:logGet(43)) - raft.server.log.statemachine.data.caching.enabled = true (custom)
2019-09-26 16:37:00,594 [pool-27-thread-1] INFO  segmented.SegmentedRaftLogWorker (SegmentedRaftLogWorker.java:lambda$new$0(132)) - 4df474a6-b7e4-4522-927a-71b18ab9072b@group-F89BDA07760D-SegmentedRaftLogWorker: flushIndex: setUnconditionally 0 -> -1
2019-09-26 16:37:00,595 [pool-27-thread-1] INFO  server.RaftServerConfigKeys (ConfUtils.java:logGet(43)) - raft.server.snapshot.auto.trigger.enabled = true (custom)
2019-09-26 16:37:00,595 [pool-27-thread-1] INFO  server.RaftServerConfigKeys (ConfUtils.java:logGet(43)) - raft.server.snapshot.auto.trigger.threshold = 1 (custom)
2019-09-26 16:37:00,595 [pool-27-thread-1] INFO  server.RaftServerConfigKeys (ConfUtils.java:logGet(43)) - raft.server.snapshot.retention.num.files = 5 (custom)
2019-09-26 16:37:00,596 [pool-27-thread-1] INFO  server.RaftServerConfigKeys (ConfUtils.java:logGet(43)) - raft.server.retrycache.expirytime = 600000ms (custom)
2019-09-26 16:37:00,601 [pool-27-thread-1] INFO  impl.RaftServerImpl (RaftServerImpl.java:start(185)) - 4df474a6-b7e4-4522-927a-71b18ab9072b@group-F89BDA07760D: start as a follower, conf=-1: [4df474a6-b7e4-4522-927a-71b18ab9072b:192.168.151.99:42608], old=null
2019-09-26 16:37:00,602 [pool-27-thread-1] INFO  impl.RaftServerImpl (RaftServerImpl.java:setRole(174)) - 4df474a6-b7e4-4522-927a-71b18ab9072b@group-F89BDA07760D: changes role from      null to FOLLOWER at term 0 for startAsFollower
2019-09-26 16:37:00,602 [pool-27-thread-1] INFO  impl.RoleInfo (RoleInfo.java:updateAndGet(143)) - 4df474a6-b7e4-4522-927a-71b18ab9072b: start FollowerState
2019-09-26 16:37:00,603 [pool-27-thread-1] INFO  util.JmxRegister (JmxRegister.java:tryRegister(44)) - Successfully registered JMX Bean with object name Ratis:service=RaftServer,group=group-F89BDA07760D,id=4df474a6-b7e4-4522-927a-71b18ab9072b
2019-09-26 16:37:00,614 [RatisPipelineUtilsThread] INFO  pipeline.PipelineStateManager (PipelineStateManager.java:addPipeline(56)) - Created pipeline Pipeline[ Id: 2d289bd6-f137-4a19-9707-f89bda07760d, Nodes: 4df474a6-b7e4-4522-927a-71b18ab9072b{ip: 192.168.151.99, host: pr-hdds-1569-g6sp5-2013761785, networkLocation: /default-rack, certSerialId: null}, Type:RATIS, Factor:ONE, State:OPEN]
2019-09-26 16:37:00,629 [grpc-default-executor-0] INFO  impl.RaftServerProxy (RaftServerProxy.java:addNew(89)) - 4df474a6-b7e4-4522-927a-71b18ab9072b: addNew group-55D2338C37C2:[4df474a6-b7e4-4522-927a-71b18ab9072b:192.168.151.99:42608] returns group-55D2338C37C2:java.util.concurrent.CompletableFuture@424817a0[Not completed]
2019-09-26 16:37:00,631 [pool-27-thread-1] INFO  impl.RaftServerImpl (RaftServerImpl.java:<init>(95)) - 4df474a6-b7e4-4522-927a-71b18ab9072b: new RaftServerImpl for group-55D2338C37C2:[4df474a6-b7e4-4522-927a-71b18ab9072b:192.168.151.99:42608] with ContainerStateMachine:uninitialized
2019-09-26 16:37:00,631 [pool-27-thread-1] INFO  server.RaftServerConfigKeys (ConfUtils.java:logGet(43)) - raft.server.rpc.timeout.min = 5s (custom)
2019-09-26 16:37:00,631 [pool-27-thread-1] INFO  server.RaftServerConfigKeys (ConfUtils.java:logGet(43)) - raft.server.rpc.timeout.max = 5200ms (custom)
2019-09-26 16:37:00,631 [pool-27-thread-1] INFO  server.RaftServerConfigKeys (ConfUtils.java:logGet(43)) - raft.server.rpcslowness.timeout = 120s (custom)
2019-09-26 16:37:00,632 [pool-27-thread-1] INFO  server.RaftServerConfigKeys (ConfUtils.java:logGet(43)) - raft.server.sleep.deviation.threshold = 300 (default)
2019-09-26 16:37:00,632 [pool-27-thread-1] INFO  server.RaftServerConfigKeys (ConfUtils.java:logGet(43)) - raft.server.log.appender.install.snapshot.enabled = false (custom)
2019-09-26 16:37:00,632 [pool-27-thread-1] INFO  impl.RaftServerImpl (ServerState.java:<init>(103)) - 4df474a6-b7e4-4522-927a-71b18ab9072b@group-55D2338C37C2: ConfigurationManager, init=-1: [4df474a6-b7e4-4522-927a-71b18ab9072b:192.168.151.99:42608], old=null, confs=<EMPTY_MAP>
2019-09-26 16:37:00,632 [pool-27-thread-1] INFO  server.RaftServerConfigKeys (ConfUtils.java:logGet(43)) - raft.server.storage.dir = [/workdir/hadoop-ozone/integration-test/target/test-dir/MiniOzoneClusterImpl-70722cd4-f409-492b-b989-123ae7a5dad2/datanode-0/data/ratis] (custom)
2019-09-26 16:37:00,633 [pool-27-thread-1] INFO  storage.RaftStorageDirectory (RaftStorageDirectory.java:analyzeStorage(246)) - The storage directory /workdir/hadoop-ozone/integration-test/target/test-dir/MiniOzoneClusterImpl-70722cd4-f409-492b-b989-123ae7a5dad2/datanode-0/data/ratis/bc6c4553-8a9d-494d-94e3-55d2338c37c2 does not exist. Creating ...
2019-09-26 16:37:00,647 [pool-27-thread-1] INFO  storage.RaftStorageDirectory (RaftStorageDirectory.java:tryLock(328)) - Lock on /workdir/hadoop-ozone/integration-test/target/test-dir/MiniOzoneClusterImpl-70722cd4-f409-492b-b989-123ae7a5dad2/datanode-0/data/ratis/bc6c4553-8a9d-494d-94e3-55d2338c37c2/in_use.lock acquired by nodename 3240@pr-hdds-1569-g6sp5-2013761785
2019-09-26 16:37:00,660 [pool-27-thread-1] INFO  storage.RaftStorage (RaftStorage.java:format(72)) - Storage directory /workdir/hadoop-ozone/integration-test/target/test-dir/MiniOzoneClusterImpl-70722cd4-f409-492b-b989-123ae7a5dad2/datanode-0/data/ratis/bc6c4553-8a9d-494d-94e3-55d2338c37c2 has been successfully formatted.
2019-09-26 16:37:00,660 [pool-27-thread-1] INFO  ratis.ContainerStateMachine (ContainerStateMachine.java:loadSnapshot(230)) - group-55D2338C37C2: The snapshot info is null. Setting the last applied indexto:(t:0, i:~)
2019-09-26 16:37:00,660 [pool-27-thread-1] INFO  server.RaftServerConfigKeys (ConfUtils.java:logGet(43)) - raft.server.notification.no-leader.timeout = 120s (custom)
2019-09-26 16:37:00,660 [pool-27-thread-1] INFO  server.RaftServerConfigKeys (ConfUtils.java:logGet(43)) - raft.server.log.use.memory = false (default)
2019-09-26 16:37:00,661 [pool-27-thread-1] INFO  server.RaftServerConfigKeys (ConfUtils.java:logGet(43)) - raft.server.log.purge.gap = 1000000 (custom)
2019-09-26 16:37:00,661 [pool-27-thread-1] INFO  server.RaftServerConfigKeys (ConfUtils.java:logGet(43)) - raft.server.log.appender.buffer.byte-limit = 33554432 (custom)
2019-09-26 16:37:00,661 [pool-27-thread-1] INFO  server.RaftServerConfigKeys (ConfUtils.java:logGet(43)) - raft.server.log.segment.size.max = 1048576 (custom)
2019-09-26 16:37:00,661 [pool-27-thread-1] INFO  server.RaftServerConfigKeys (ConfUtils.java:logGet(43)) - raft.server.log.segment.cache.num.max = 2 (custom)
2019-09-26 16:37:00,661 [pool-27-thread-1] INFO  segmented.SegmentedRaftLogWorker (SegmentedRaftLogWorker.java:<init>(172)) - new 4df474a6-b7e4-4522-927a-71b18ab9072b@group-55D2338C37C2-SegmentedRaftLogWorker for RaftStorage:Storage Directory /workdir/hadoop-ozone/integration-test/target/test-dir/MiniOzoneClusterImpl-70722cd4-f409-492b-b989-123ae7a5dad2/datanode-0/data/ratis/bc6c4553-8a9d-494d-94e3-55d2338c37c2
2019-09-26 16:37:00,661 [pool-27-thread-1] INFO  server.RaftServerConfigKeys (ConfUtils.java:logGet(43)) - raft.server.log.queue.byte-limit = 2147483647 (custom)
2019-09-26 16:37:00,662 [pool-27-thread-1] INFO  server.RaftServerConfigKeys (ConfUtils.java:logGet(43)) - raft.server.log.queue.element-limit = 1024 (custom)
2019-09-26 16:37:00,662 [pool-27-thread-1] INFO  server.RaftServerConfigKeys (ConfUtils.java:logGet(43)) - raft.server.log.segment.size.max = 1048576 (custom)
2019-09-26 16:37:00,662 [pool-27-thread-1] INFO  server.RaftServerConfigKeys (ConfUtils.java:logGet(43)) - raft.server.log.preallocated.size = 16384 (custom)
2019-09-26 16:37:00,662 [pool-27-thread-1] INFO  server.RaftServerConfigKeys (ConfUtils.java:logGet(43)) - raft.server.log.write.buffer.size = 33554432 (custom)
2019-09-26 16:37:00,662 [pool-27-thread-1] INFO  server.RaftServerConfigKeys (ConfUtils.java:logGet(43)) - raft.server.log.force.sync.num = 128 (default)
2019-09-26 16:37:00,662 [pool-27-thread-1] INFO  server.RaftServerConfigKeys (ConfUtils.java:logGet(43)) - raft.server.log.statemachine.data.sync = true (default)
2019-09-26 16:37:00,663 [pool-27-thread-1] INFO  server.RaftServerConfigKeys (ConfUtils.java:logGet(43)) - raft.server.log.statemachine.data.sync.timeout = 10s (default)
2019-09-26 16:37:00,663 [pool-27-thread-1] INFO  server.RaftServerConfigKeys (ConfUtils.java:logGet(43)) - raft.server.log.statemachine.data.sync.timeout.retry = -1 (default)
2019-09-26 16:37:00,663 [pool-27-thread-1] INFO  server.RaftServerConfigKeys (ConfUtils.java:logGet(43)) - raft.server.log.statemachine.data.caching.enabled = true (custom)
2019-09-26 16:37:00,663 [pool-27-thread-1] INFO  segmented.SegmentedRaftLogWorker (SegmentedRaftLogWorker.java:lambda$new$0(132)) - 4df474a6-b7e4-4522-927a-71b18ab9072b@group-55D2338C37C2-SegmentedRaftLogWorker: flushIndex: setUnconditionally 0 -> -1
2019-09-26 16:37:00,664 [pool-27-thread-1] INFO  server.RaftServerConfigKeys (ConfUtils.java:logGet(43)) - raft.server.snapshot.auto.trigger.enabled = true (custom)
2019-09-26 16:37:00,665 [pool-27-thread-1] INFO  server.RaftServerConfigKeys (ConfUtils.java:logGet(43)) - raft.server.snapshot.auto.trigger.threshold = 1 (custom)
2019-09-26 16:37:00,665 [pool-27-thread-1] INFO  server.RaftServerConfigKeys (ConfUtils.java:logGet(43)) - raft.server.snapshot.retention.num.files = 5 (custom)
2019-09-26 16:37:00,665 [pool-27-thread-1] INFO  server.RaftServerConfigKeys (ConfUtils.java:logGet(43)) - raft.server.retrycache.expirytime = 600000ms (custom)
2019-09-26 16:37:00,669 [pool-27-thread-1] INFO  impl.RaftServerImpl (RaftServerImpl.java:start(185)) - 4df474a6-b7e4-4522-927a-71b18ab9072b@group-55D2338C37C2: start as a follower, conf=-1: [4df474a6-b7e4-4522-927a-71b18ab9072b:192.168.151.99:42608], old=null
2019-09-26 16:37:00,669 [pool-27-thread-1] INFO  impl.RaftServerImpl (RaftServerImpl.java:setRole(174)) - 4df474a6-b7e4-4522-927a-71b18ab9072b@group-55D2338C37C2: changes role from      null to FOLLOWER at term 0 for startAsFollower
2019-09-26 16:37:00,669 [pool-27-thread-1] INFO  impl.RoleInfo (RoleInfo.java:updateAndGet(143)) - 4df474a6-b7e4-4522-927a-71b18ab9072b: start FollowerState
2019-09-26 16:37:00,670 [pool-27-thread-1] INFO  util.JmxRegister (JmxRegister.java:tryRegister(44)) - Successfully registered JMX Bean with object name Ratis:service=RaftServer,group=group-55D2338C37C2,id=4df474a6-b7e4-4522-927a-71b18ab9072b
2019-09-26 16:37:00,679 [RatisPipelineUtilsThread] INFO  pipeline.PipelineStateManager (PipelineStateManager.java:addPipeline(56)) - Created pipeline Pipeline[ Id: bc6c4553-8a9d-494d-94e3-55d2338c37c2, Nodes: 4df474a6-b7e4-4522-927a-71b18ab9072b{ip: 192.168.151.99, host: pr-hdds-1569-g6sp5-2013761785, networkLocation: /default-rack, certSerialId: null}, Type:RATIS, Factor:ONE, State:OPEN]
2019-09-26 16:37:00,691 [grpc-default-executor-0] INFO  impl.RaftServerProxy (RaftServerProxy.java:addNew(89)) - 4df474a6-b7e4-4522-927a-71b18ab9072b: addNew group-1F71D7CFB1FC:[4df474a6-b7e4-4522-927a-71b18ab9072b:192.168.151.99:42608] returns group-1F71D7CFB1FC:java.util.concurrent.CompletableFuture@178b7fa7[Not completed]
2019-09-26 16:37:00,693 [pool-27-thread-1] INFO  impl.RaftServerImpl (RaftServerImpl.java:<init>(95)) - 4df474a6-b7e4-4522-927a-71b18ab9072b: new RaftServerImpl for group-1F71D7CFB1FC:[4df474a6-b7e4-4522-927a-71b18ab9072b:192.168.151.99:42608] with ContainerStateMachine:uninitialized
2019-09-26 16:37:00,693 [pool-27-thread-1] INFO  server.RaftServerConfigKeys (ConfUtils.java:logGet(43)) - raft.server.rpc.timeout.min = 5s (custom)
2019-09-26 16:37:00,693 [pool-27-thread-1] INFO  server.RaftServerConfigKeys (ConfUtils.java:logGet(43)) - raft.server.rpc.timeout.max = 5200ms (custom)
2019-09-26 16:37:00,693 [pool-27-thread-1] INFO  server.RaftServerConfigKeys (ConfUtils.java:logGet(43)) - raft.server.rpcslowness.timeout = 120s (custom)
2019-09-26 16:37:00,694 [pool-27-thread-1] INFO  server.RaftServerConfigKeys (ConfUtils.java:logGet(43)) - raft.server.sleep.deviation.threshold = 300 (default)
2019-09-26 16:37:00,694 [pool-27-thread-1] INFO  server.RaftServerConfigKeys (ConfUtils.java:logGet(43)) - raft.server.log.appender.install.snapshot.enabled = false (custom)
2019-09-26 16:37:00,694 [pool-27-thread-1] INFO  impl.RaftServerImpl (ServerState.java:<init>(103)) - 4df474a6-b7e4-4522-927a-71b18ab9072b@group-1F71D7CFB1FC: ConfigurationManager, init=-1: [4df474a6-b7e4-4522-927a-71b18ab9072b:192.168.151.99:42608], old=null, confs=<EMPTY_MAP>
2019-09-26 16:37:00,694 [pool-27-thread-1] INFO  server.RaftServerConfigKeys (ConfUtils.java:logGet(43)) - raft.server.storage.dir = [/workdir/hadoop-ozone/integration-test/target/test-dir/MiniOzoneClusterImpl-70722cd4-f409-492b-b989-123ae7a5dad2/datanode-0/data/ratis] (custom)
2019-09-26 16:37:00,694 [pool-27-thread-1] INFO  storage.RaftStorageDirectory (RaftStorageDirectory.java:analyzeStorage(246)) - The storage directory /workdir/hadoop-ozone/integration-test/target/test-dir/MiniOzoneClusterImpl-70722cd4-f409-492b-b989-123ae7a5dad2/datanode-0/data/ratis/bc4e0b8e-f2da-42d9-a3ca-1f71d7cfb1fc does not exist. Creating ...
2019-09-26 16:37:00,707 [pool-27-thread-1] INFO  storage.RaftStorageDirectory (RaftStorageDirectory.java:tryLock(328)) - Lock on /workdir/hadoop-ozone/integration-test/target/test-dir/MiniOzoneClusterImpl-70722cd4-f409-492b-b989-123ae7a5dad2/datanode-0/data/ratis/bc4e0b8e-f2da-42d9-a3ca-1f71d7cfb1fc/in_use.lock acquired by nodename 3240@pr-hdds-1569-g6sp5-2013761785
2019-09-26 16:37:00,719 [pool-27-thread-1] INFO  storage.RaftStorage (RaftStorage.java:format(72)) - Storage directory /workdir/hadoop-ozone/integration-test/target/test-dir/MiniOzoneClusterImpl-70722cd4-f409-492b-b989-123ae7a5dad2/datanode-0/data/ratis/bc4e0b8e-f2da-42d9-a3ca-1f71d7cfb1fc has been successfully formatted.
2019-09-26 16:37:00,720 [pool-27-thread-1] INFO  ratis.ContainerStateMachine (ContainerStateMachine.java:loadSnapshot(230)) - group-1F71D7CFB1FC: The snapshot info is null. Setting the last applied indexto:(t:0, i:~)
2019-09-26 16:37:00,720 [pool-27-thread-1] INFO  server.RaftServerConfigKeys (ConfUtils.java:logGet(43)) - raft.server.notification.no-leader.timeout = 120s (custom)
2019-09-26 16:37:00,720 [pool-27-thread-1] INFO  server.RaftServerConfigKeys (ConfUtils.java:logGet(43)) - raft.server.log.use.memory = false (default)
2019-09-26 16:37:00,720 [pool-27-thread-1] INFO  server.RaftServerConfigKeys (ConfUtils.java:logGet(43)) - raft.server.log.purge.gap = 1000000 (custom)
2019-09-26 16:37:00,720 [pool-27-thread-1] INFO  server.RaftServerConfigKeys (ConfUtils.java:logGet(43)) - raft.server.log.appender.buffer.byte-limit = 33554432 (custom)
2019-09-26 16:37:00,720 [pool-27-thread-1] INFO  server.RaftServerConfigKeys (ConfUtils.java:logGet(43)) - raft.server.log.segment.size.max = 1048576 (custom)
2019-09-26 16:37:00,721 [pool-27-thread-1] INFO  server.RaftServerConfigKeys (ConfUtils.java:logGet(43)) - raft.server.log.segment.cache.num.max = 2 (custom)
2019-09-26 16:37:00,721 [pool-27-thread-1] INFO  segmented.SegmentedRaftLogWorker (SegmentedRaftLogWorker.java:<init>(172)) - new 4df474a6-b7e4-4522-927a-71b18ab9072b@group-1F71D7CFB1FC-SegmentedRaftLogWorker for RaftStorage:Storage Directory /workdir/hadoop-ozone/integration-test/target/test-dir/MiniOzoneClusterImpl-70722cd4-f409-492b-b989-123ae7a5dad2/datanode-0/data/ratis/bc4e0b8e-f2da-42d9-a3ca-1f71d7cfb1fc
2019-09-26 16:37:00,721 [pool-27-thread-1] INFO  server.RaftServerConfigKeys (ConfUtils.java:logGet(43)) - raft.server.log.queue.byte-limit = 2147483647 (custom)
2019-09-26 16:37:00,721 [pool-27-thread-1] INFO  server.RaftServerConfigKeys (ConfUtils.java:logGet(43)) - raft.server.log.queue.element-limit = 1024 (custom)
2019-09-26 16:37:00,721 [pool-27-thread-1] INFO  server.RaftServerConfigKeys (ConfUtils.java:logGet(43)) - raft.server.log.segment.size.max = 1048576 (custom)
2019-09-26 16:37:00,721 [pool-27-thread-1] INFO  server.RaftServerConfigKeys (ConfUtils.java:logGet(43)) - raft.server.log.preallocated.size = 16384 (custom)
2019-09-26 16:37:00,722 [pool-27-thread-1] INFO  server.RaftServerConfigKeys (ConfUtils.java:logGet(43)) - raft.server.log.write.buffer.size = 33554432 (custom)
2019-09-26 16:37:00,722 [pool-27-thread-1] INFO  server.RaftServerConfigKeys (ConfUtils.java:logGet(43)) - raft.server.log.force.sync.num = 128 (default)
2019-09-26 16:37:00,722 [pool-27-thread-1] INFO  server.RaftServerConfigKeys (ConfUtils.java:logGet(43)) - raft.server.log.statemachine.data.sync = true (default)
2019-09-26 16:37:00,722 [pool-27-thread-1] INFO  server.RaftServerConfigKeys (ConfUtils.java:logGet(43)) - raft.server.log.statemachine.data.sync.timeout = 10s (default)
2019-09-26 16:37:00,722 [pool-27-thread-1] INFO  server.RaftServerConfigKeys (ConfUtils.java:logGet(43)) - raft.server.log.statemachine.data.sync.timeout.retry = -1 (default)
2019-09-26 16:37:00,722 [pool-27-thread-1] INFO  server.RaftServerConfigKeys (ConfUtils.java:logGet(43)) - raft.server.log.statemachine.data.caching.enabled = true (custom)
2019-09-26 16:37:00,723 [pool-27-thread-1] INFO  segmented.SegmentedRaftLogWorker (SegmentedRaftLogWorker.java:lambda$new$0(132)) - 4df474a6-b7e4-4522-927a-71b18ab9072b@group-1F71D7CFB1FC-SegmentedRaftLogWorker: flushIndex: setUnconditionally 0 -> -1
2019-09-26 16:37:00,723 [pool-27-thread-1] INFO  server.RaftServerConfigKeys (ConfUtils.java:logGet(43)) - raft.server.snapshot.auto.trigger.enabled = true (custom)
2019-09-26 16:37:00,723 [pool-27-thread-1] INFO  server.RaftServerConfigKeys (ConfUtils.java:logGet(43)) - raft.server.snapshot.auto.trigger.threshold = 1 (custom)
2019-09-26 16:37:00,723 [pool-27-thread-1] INFO  server.RaftServerConfigKeys (ConfUtils.java:logGet(43)) - raft.server.snapshot.retention.num.files = 5 (custom)
2019-09-26 16:37:00,724 [pool-27-thread-1] INFO  server.RaftServerConfigKeys (ConfUtils.java:logGet(43)) - raft.server.retrycache.expirytime = 600000ms (custom)
2019-09-26 16:37:00,727 [pool-27-thread-1] INFO  impl.RaftServerImpl (RaftServerImpl.java:start(185)) - 4df474a6-b7e4-4522-927a-71b18ab9072b@group-1F71D7CFB1FC: start as a follower, conf=-1: [4df474a6-b7e4-4522-927a-71b18ab9072b:192.168.151.99:42608], old=null
2019-09-26 16:37:00,727 [pool-27-thread-1] INFO  impl.RaftServerImpl (RaftServerImpl.java:setRole(174)) - 4df474a6-b7e4-4522-927a-71b18ab9072b@group-1F71D7CFB1FC: changes role from      null to FOLLOWER at term 0 for startAsFollower
2019-09-26 16:37:00,727 [pool-27-thread-1] INFO  impl.RoleInfo (RoleInfo.java:updateAndGet(143)) - 4df474a6-b7e4-4522-927a-71b18ab9072b: start FollowerState
2019-09-26 16:37:00,727 [pool-27-thread-1] INFO  util.JmxRegister (JmxRegister.java:tryRegister(44)) - Successfully registered JMX Bean with object name Ratis:service=RaftServer,group=group-1F71D7CFB1FC,id=4df474a6-b7e4-4522-927a-71b18ab9072b
2019-09-26 16:37:00,743 [RatisPipelineUtilsThread] INFO  pipeline.PipelineStateManager (PipelineStateManager.java:addPipeline(56)) - Created pipeline Pipeline[ Id: bc4e0b8e-f2da-42d9-a3ca-1f71d7cfb1fc, Nodes: 4df474a6-b7e4-4522-927a-71b18ab9072b{ip: 192.168.151.99, host: pr-hdds-1569-g6sp5-2013761785, networkLocation: /default-rack, certSerialId: null}, Type:RATIS, Factor:ONE, State:OPEN]
2019-09-26 16:37:00,758 [grpc-default-executor-0] INFO  impl.RaftServerProxy (RaftServerProxy.java:addNew(89)) - 4df474a6-b7e4-4522-927a-71b18ab9072b: addNew group-A5FD3D0BFC32:[4df474a6-b7e4-4522-927a-71b18ab9072b:192.168.151.99:42608] returns group-A5FD3D0BFC32:java.util.concurrent.CompletableFuture@73e02651[Not completed]
2019-09-26 16:37:00,760 [pool-27-thread-1] INFO  impl.RaftServerImpl (RaftServerImpl.java:<init>(95)) - 4df474a6-b7e4-4522-927a-71b18ab9072b: new RaftServerImpl for group-A5FD3D0BFC32:[4df474a6-b7e4-4522-927a-71b18ab9072b:192.168.151.99:42608] with ContainerStateMachine:uninitialized
2019-09-26 16:37:00,760 [pool-27-thread-1] INFO  server.RaftServerConfigKeys (ConfUtils.java:logGet(43)) - raft.server.rpc.timeout.min = 5s (custom)
2019-09-26 16:37:00,760 [pool-27-thread-1] INFO  server.RaftServerConfigKeys (ConfUtils.java:logGet(43)) - raft.server.rpc.timeout.max = 5200ms (custom)
2019-09-26 16:37:00,760 [pool-27-thread-1] INFO  server.RaftServerConfigKeys (ConfUtils.java:logGet(43)) - raft.server.rpcslowness.timeout = 120s (custom)
2019-09-26 16:37:00,760 [pool-27-thread-1] INFO  server.RaftServerConfigKeys (ConfUtils.java:logGet(43)) - raft.server.sleep.deviation.threshold = 300 (default)
2019-09-26 16:37:00,760 [pool-27-thread-1] INFO  server.RaftServerConfigKeys (ConfUtils.java:logGet(43)) - raft.server.log.appender.install.snapshot.enabled = false (custom)
2019-09-26 16:37:00,760 [pool-27-thread-1] INFO  impl.RaftServerImpl (ServerState.java:<init>(103)) - 4df474a6-b7e4-4522-927a-71b18ab9072b@group-A5FD3D0BFC32: ConfigurationManager, init=-1: [4df474a6-b7e4-4522-927a-71b18ab9072b:192.168.151.99:42608], old=null, confs=<EMPTY_MAP>
2019-09-26 16:37:00,760 [pool-27-thread-1] INFO  server.RaftServerConfigKeys (ConfUtils.java:logGet(43)) - raft.server.storage.dir = [/workdir/hadoop-ozone/integration-test/target/test-dir/MiniOzoneClusterImpl-70722cd4-f409-492b-b989-123ae7a5dad2/datanode-0/data/ratis] (custom)
2019-09-26 16:37:00,761 [pool-27-thread-1] INFO  storage.RaftStorageDirectory (RaftStorageDirectory.java:analyzeStorage(246)) - The storage directory /workdir/hadoop-ozone/integration-test/target/test-dir/MiniOzoneClusterImpl-70722cd4-f409-492b-b989-123ae7a5dad2/datanode-0/data/ratis/6e2a6bd5-1c90-42ec-8dc9-a5fd3d0bfc32 does not exist. Creating ...
2019-09-26 16:37:00,773 [pool-27-thread-1] INFO  storage.RaftStorageDirectory (RaftStorageDirectory.java:tryLock(328)) - Lock on /workdir/hadoop-ozone/integration-test/target/test-dir/MiniOzoneClusterImpl-70722cd4-f409-492b-b989-123ae7a5dad2/datanode-0/data/ratis/6e2a6bd5-1c90-42ec-8dc9-a5fd3d0bfc32/in_use.lock acquired by nodename 3240@pr-hdds-1569-g6sp5-2013761785
2019-09-26 16:37:00,786 [pool-27-thread-1] INFO  storage.RaftStorage (RaftStorage.java:format(72)) - Storage directory /workdir/hadoop-ozone/integration-test/target/test-dir/MiniOzoneClusterImpl-70722cd4-f409-492b-b989-123ae7a5dad2/datanode-0/data/ratis/6e2a6bd5-1c90-42ec-8dc9-a5fd3d0bfc32 has been successfully formatted.
2019-09-26 16:37:00,787 [pool-27-thread-1] INFO  ratis.ContainerStateMachine (ContainerStateMachine.java:loadSnapshot(230)) - group-A5FD3D0BFC32: The snapshot info is null. Setting the last applied indexto:(t:0, i:~)
2019-09-26 16:37:00,787 [pool-27-thread-1] INFO  server.RaftServerConfigKeys (ConfUtils.java:logGet(43)) - raft.server.notification.no-leader.timeout = 120s (custom)
2019-09-26 16:37:00,787 [pool-27-thread-1] INFO  server.RaftServerConfigKeys (ConfUtils.java:logGet(43)) - raft.server.log.use.memory = false (default)
2019-09-26 16:37:00,787 [pool-27-thread-1] INFO  server.RaftServerConfigKeys (ConfUtils.java:logGet(43)) - raft.server.log.purge.gap = 1000000 (custom)
2019-09-26 16:37:00,787 [pool-27-thread-1] INFO  server.RaftServerConfigKeys (ConfUtils.java:logGet(43)) - raft.server.log.appender.buffer.byte-limit = 33554432 (custom)
2019-09-26 16:37:00,787 [pool-27-thread-1] INFO  server.RaftServerConfigKeys (ConfUtils.java:logGet(43)) - raft.server.log.segment.size.max = 1048576 (custom)
2019-09-26 16:37:00,787 [pool-27-thread-1] INFO  server.RaftServerConfigKeys (ConfUtils.java:logGet(43)) - raft.server.log.segment.cache.num.max = 2 (custom)
2019-09-26 16:37:00,787 [pool-27-thread-1] INFO  segmented.SegmentedRaftLogWorker (SegmentedRaftLogWorker.java:<init>(172)) - new 4df474a6-b7e4-4522-927a-71b18ab9072b@group-A5FD3D0BFC32-SegmentedRaftLogWorker for RaftStorage:Storage Directory /workdir/hadoop-ozone/integration-test/target/test-dir/MiniOzoneClusterImpl-70722cd4-f409-492b-b989-123ae7a5dad2/datanode-0/data/ratis/6e2a6bd5-1c90-42ec-8dc9-a5fd3d0bfc32
2019-09-26 16:37:00,788 [pool-27-thread-1] INFO  server.RaftServerConfigKeys (ConfUtils.java:logGet(43)) - raft.server.log.queue.byte-limit = 2147483647 (custom)
2019-09-26 16:37:00,788 [pool-27-thread-1] INFO  server.RaftServerConfigKeys (ConfUtils.java:logGet(43)) - raft.server.log.queue.element-limit = 1024 (custom)
2019-09-26 16:37:00,788 [pool-27-thread-1] INFO  server.RaftServerConfigKeys (ConfUtils.java:logGet(43)) - raft.server.log.segment.size.max = 1048576 (custom)
2019-09-26 16:37:00,788 [pool-27-thread-1] INFO  server.RaftServerConfigKeys (ConfUtils.java:logGet(43)) - raft.server.log.preallocated.size = 16384 (custom)
2019-09-26 16:37:00,788 [pool-27-thread-1] INFO  server.RaftServerConfigKeys (ConfUtils.java:logGet(43)) - raft.server.log.write.buffer.size = 33554432 (custom)
2019-09-26 16:37:00,788 [pool-27-thread-1] INFO  server.RaftServerConfigKeys (ConfUtils.java:logGet(43)) - raft.server.log.force.sync.num = 128 (default)
2019-09-26 16:37:00,788 [pool-27-thread-1] INFO  server.RaftServerConfigKeys (ConfUtils.java:logGet(43)) - raft.server.log.statemachine.data.sync = true (default)
2019-09-26 16:37:00,788 [pool-27-thread-1] INFO  server.RaftServerConfigKeys (ConfUtils.java:logGet(43)) - raft.server.log.statemachine.data.sync.timeout = 10s (default)
2019-09-26 16:37:00,789 [pool-27-thread-1] INFO  server.RaftServerConfigKeys (ConfUtils.java:logGet(43)) - raft.server.log.statemachine.data.sync.timeout.retry = -1 (default)
2019-09-26 16:37:00,789 [pool-27-thread-1] INFO  server.RaftServerConfigKeys (ConfUtils.java:logGet(43)) - raft.server.log.statemachine.data.caching.enabled = true (custom)
2019-09-26 16:37:00,789 [pool-27-thread-1] INFO  segmented.SegmentedRaftLogWorker (SegmentedRaftLogWorker.java:lambda$new$0(132)) - 4df474a6-b7e4-4522-927a-71b18ab9072b@group-A5FD3D0BFC32-SegmentedRaftLogWorker: flushIndex: setUnconditionally 0 -> -1
2019-09-26 16:37:00,789 [pool-27-thread-1] INFO  server.RaftServerConfigKeys (ConfUtils.java:logGet(43)) - raft.server.snapshot.auto.trigger.enabled = true (custom)
2019-09-26 16:37:00,789 [pool-27-thread-1] INFO  server.RaftServerConfigKeys (ConfUtils.java:logGet(43)) - raft.server.snapshot.auto.trigger.threshold = 1 (custom)
2019-09-26 16:37:00,789 [pool-27-thread-1] INFO  server.RaftServerConfigKeys (ConfUtils.java:logGet(43)) - raft.server.snapshot.retention.num.files = 5 (custom)
2019-09-26 16:37:00,790 [pool-27-thread-1] INFO  server.RaftServerConfigKeys (ConfUtils.java:logGet(43)) - raft.server.retrycache.expirytime = 600000ms (custom)
2019-09-26 16:37:00,792 [pool-27-thread-1] INFO  impl.RaftServerImpl (RaftServerImpl.java:start(185)) - 4df474a6-b7e4-4522-927a-71b18ab9072b@group-A5FD3D0BFC32: start as a follower, conf=-1: [4df474a6-b7e4-4522-927a-71b18ab9072b:192.168.151.99:42608], old=null
2019-09-26 16:37:00,792 [pool-27-thread-1] INFO  impl.RaftServerImpl (RaftServerImpl.java:setRole(174)) - 4df474a6-b7e4-4522-927a-71b18ab9072b@group-A5FD3D0BFC32: changes role from      null to FOLLOWER at term 0 for startAsFollower
2019-09-26 16:37:00,792 [pool-27-thread-1] INFO  impl.RoleInfo (RoleInfo.java:updateAndGet(143)) - 4df474a6-b7e4-4522-927a-71b18ab9072b: start FollowerState
2019-09-26 16:37:00,793 [pool-27-thread-1] INFO  util.JmxRegister (JmxRegister.java:tryRegister(44)) - Successfully registered JMX Bean with object name Ratis:service=RaftServer,group=group-A5FD3D0BFC32,id=4df474a6-b7e4-4522-927a-71b18ab9072b
2019-09-26 16:37:00,803 [RatisPipelineUtilsThread] INFO  pipeline.PipelineStateManager (PipelineStateManager.java:addPipeline(56)) - Created pipeline Pipeline[ Id: 6e2a6bd5-1c90-42ec-8dc9-a5fd3d0bfc32, Nodes: 4df474a6-b7e4-4522-927a-71b18ab9072b{ip: 192.168.151.99, host: pr-hdds-1569-g6sp5-2013761785, networkLocation: /default-rack, certSerialId: null}, Type:RATIS, Factor:ONE, State:OPEN]
2019-09-26 16:37:00,812 [grpc-default-executor-0] INFO  impl.RaftServerProxy (RaftServerProxy.java:addNew(89)) - 4df474a6-b7e4-4522-927a-71b18ab9072b: addNew group-DE8590765A81:[4df474a6-b7e4-4522-927a-71b18ab9072b:192.168.151.99:42608] returns group-DE8590765A81:java.util.concurrent.CompletableFuture@5ac3ebd9[Not completed]
2019-09-26 16:37:00,813 [pool-27-thread-1] INFO  impl.RaftServerImpl (RaftServerImpl.java:<init>(95)) - 4df474a6-b7e4-4522-927a-71b18ab9072b: new RaftServerImpl for group-DE8590765A81:[4df474a6-b7e4-4522-927a-71b18ab9072b:192.168.151.99:42608] with ContainerStateMachine:uninitialized
2019-09-26 16:37:00,813 [pool-27-thread-1] INFO  server.RaftServerConfigKeys (ConfUtils.java:logGet(43)) - raft.server.rpc.timeout.min = 5s (custom)
2019-09-26 16:37:00,813 [pool-27-thread-1] INFO  server.RaftServerConfigKeys (ConfUtils.java:logGet(43)) - raft.server.rpc.timeout.max = 5200ms (custom)
2019-09-26 16:37:00,814 [pool-27-thread-1] INFO  server.RaftServerConfigKeys (ConfUtils.java:logGet(43)) - raft.server.rpcslowness.timeout = 120s (custom)
2019-09-26 16:37:00,814 [pool-27-thread-1] INFO  server.RaftServerConfigKeys (ConfUtils.java:logGet(43)) - raft.server.sleep.deviation.threshold = 300 (default)
2019-09-26 16:37:00,814 [pool-27-thread-1] INFO  server.RaftServerConfigKeys (ConfUtils.java:logGet(43)) - raft.server.log.appender.install.snapshot.enabled = false (custom)
2019-09-26 16:37:00,814 [pool-27-thread-1] INFO  impl.RaftServerImpl (ServerState.java:<init>(103)) - 4df474a6-b7e4-4522-927a-71b18ab9072b@group-DE8590765A81: ConfigurationManager, init=-1: [4df474a6-b7e4-4522-927a-71b18ab9072b:192.168.151.99:42608], old=null, confs=<EMPTY_MAP>
2019-09-26 16:37:00,814 [pool-27-thread-1] INFO  server.RaftServerConfigKeys (ConfUtils.java:logGet(43)) - raft.server.storage.dir = [/workdir/hadoop-ozone/integration-test/target/test-dir/MiniOzoneClusterImpl-70722cd4-f409-492b-b989-123ae7a5dad2/datanode-0/data/ratis] (custom)
2019-09-26 16:37:00,814 [pool-27-thread-1] INFO  storage.RaftStorageDirectory (RaftStorageDirectory.java:analyzeStorage(246)) - The storage directory /workdir/hadoop-ozone/integration-test/target/test-dir/MiniOzoneClusterImpl-70722cd4-f409-492b-b989-123ae7a5dad2/datanode-0/data/ratis/4841a231-1f15-41e7-97b1-de8590765a81 does not exist. Creating ...
2019-09-26 16:37:00,839 [pool-27-thread-1] INFO  storage.RaftStorageDirectory (RaftStorageDirectory.java:tryLock(328)) - Lock on /workdir/hadoop-ozone/integration-test/target/test-dir/MiniOzoneClusterImpl-70722cd4-f409-492b-b989-123ae7a5dad2/datanode-0/data/ratis/4841a231-1f15-41e7-97b1-de8590765a81/in_use.lock acquired by nodename 3240@pr-hdds-1569-g6sp5-2013761785
2019-09-26 16:37:00,872 [pool-27-thread-1] INFO  storage.RaftStorage (RaftStorage.java:format(72)) - Storage directory /workdir/hadoop-ozone/integration-test/target/test-dir/MiniOzoneClusterImpl-70722cd4-f409-492b-b989-123ae7a5dad2/datanode-0/data/ratis/4841a231-1f15-41e7-97b1-de8590765a81 has been successfully formatted.
2019-09-26 16:37:00,872 [pool-27-thread-1] INFO  ratis.ContainerStateMachine (ContainerStateMachine.java:loadSnapshot(230)) - group-DE8590765A81: The snapshot info is null. Setting the last applied indexto:(t:0, i:~)
2019-09-26 16:37:00,872 [pool-27-thread-1] INFO  server.RaftServerConfigKeys (ConfUtils.java:logGet(43)) - raft.server.notification.no-leader.timeout = 120s (custom)
2019-09-26 16:37:00,872 [pool-27-thread-1] INFO  server.RaftServerConfigKeys (ConfUtils.java:logGet(43)) - raft.server.log.use.memory = false (default)
2019-09-26 16:37:00,872 [pool-27-thread-1] INFO  server.RaftServerConfigKeys (ConfUtils.java:logGet(43)) - raft.server.log.purge.gap = 1000000 (custom)
2019-09-26 16:37:00,873 [pool-27-thread-1] INFO  server.RaftServerConfigKeys (ConfUtils.java:logGet(43)) - raft.server.log.appender.buffer.byte-limit = 33554432 (custom)
2019-09-26 16:37:00,873 [pool-27-thread-1] INFO  server.RaftServerConfigKeys (ConfUtils.java:logGet(43)) - raft.server.log.segment.size.max = 1048576 (custom)
2019-09-26 16:37:00,873 [pool-27-thread-1] INFO  server.RaftServerConfigKeys (ConfUtils.java:logGet(43)) - raft.server.log.segment.cache.num.max = 2 (custom)
2019-09-26 16:37:00,873 [pool-27-thread-1] INFO  segmented.SegmentedRaftLogWorker (SegmentedRaftLogWorker.java:<init>(172)) - new 4df474a6-b7e4-4522-927a-71b18ab9072b@group-DE8590765A81-SegmentedRaftLogWorker for RaftStorage:Storage Directory /workdir/hadoop-ozone/integration-test/target/test-dir/MiniOzoneClusterImpl-70722cd4-f409-492b-b989-123ae7a5dad2/datanode-0/data/ratis/4841a231-1f15-41e7-97b1-de8590765a81
2019-09-26 16:37:00,873 [pool-27-thread-1] INFO  server.RaftServerConfigKeys (ConfUtils.java:logGet(43)) - raft.server.log.queue.byte-limit = 2147483647 (custom)
2019-09-26 16:37:00,874 [pool-27-thread-1] INFO  server.RaftServerConfigKeys (ConfUtils.java:logGet(43)) - raft.server.log.queue.element-limit = 1024 (custom)
2019-09-26 16:37:00,874 [pool-27-thread-1] INFO  server.RaftServerConfigKeys (ConfUtils.java:logGet(43)) - raft.server.log.segment.size.max = 1048576 (custom)
2019-09-26 16:37:00,874 [pool-27-thread-1] INFO  server.RaftServerConfigKeys (ConfUtils.java:logGet(43)) - raft.server.log.preallocated.size = 16384 (custom)
2019-09-26 16:37:00,874 [pool-27-thread-1] INFO  server.RaftServerConfigKeys (ConfUtils.java:logGet(43)) - raft.server.log.write.buffer.size = 33554432 (custom)
2019-09-26 16:37:00,874 [pool-27-thread-1] INFO  server.RaftServerConfigKeys (ConfUtils.java:logGet(43)) - raft.server.log.force.sync.num = 128 (default)
2019-09-26 16:37:00,874 [pool-27-thread-1] INFO  server.RaftServerConfigKeys (ConfUtils.java:logGet(43)) - raft.server.log.statemachine.data.sync = true (default)
2019-09-26 16:37:00,875 [pool-27-thread-1] INFO  server.RaftServerConfigKeys (ConfUtils.java:logGet(43)) - raft.server.log.statemachine.data.sync.timeout = 10s (default)
2019-09-26 16:37:00,875 [pool-27-thread-1] INFO  server.RaftServerConfigKeys (ConfUtils.java:logGet(43)) - raft.server.log.statemachine.data.sync.timeout.retry = -1 (default)
2019-09-26 16:37:00,875 [pool-27-thread-1] INFO  server.RaftServerConfigKeys (ConfUtils.java:logGet(43)) - raft.server.log.statemachine.data.caching.enabled = true (custom)
2019-09-26 16:37:00,875 [pool-27-thread-1] INFO  segmented.SegmentedRaftLogWorker (SegmentedRaftLogWorker.java:lambda$new$0(132)) - 4df474a6-b7e4-4522-927a-71b18ab9072b@group-DE8590765A81-SegmentedRaftLogWorker: flushIndex: setUnconditionally 0 -> -1
2019-09-26 16:37:00,876 [pool-27-thread-1] INFO  server.RaftServerConfigKeys (ConfUtils.java:logGet(43)) - raft.server.snapshot.auto.trigger.enabled = true (custom)
2019-09-26 16:37:00,876 [pool-27-thread-1] INFO  server.RaftServerConfigKeys (ConfUtils.java:logGet(43)) - raft.server.snapshot.auto.trigger.threshold = 1 (custom)
2019-09-26 16:37:00,876 [pool-27-thread-1] INFO  server.RaftServerConfigKeys (ConfUtils.java:logGet(43)) - raft.server.snapshot.retention.num.files = 5 (custom)
2019-09-26 16:37:00,876 [pool-27-thread-1] INFO  server.RaftServerConfigKeys (ConfUtils.java:logGet(43)) - raft.server.retrycache.expirytime = 600000ms (custom)
2019-09-26 16:37:00,880 [pool-27-thread-1] INFO  impl.RaftServerImpl (RaftServerImpl.java:start(185)) - 4df474a6-b7e4-4522-927a-71b18ab9072b@group-DE8590765A81: start as a follower, conf=-1: [4df474a6-b7e4-4522-927a-71b18ab9072b:192.168.151.99:42608], old=null
2019-09-26 16:37:00,880 [pool-27-thread-1] INFO  impl.RaftServerImpl (RaftServerImpl.java:setRole(174)) - 4df474a6-b7e4-4522-927a-71b18ab9072b@group-DE8590765A81: changes role from      null to FOLLOWER at term 0 for startAsFollower
2019-09-26 16:37:00,880 [pool-27-thread-1] INFO  impl.RoleInfo (RoleInfo.java:updateAndGet(143)) - 4df474a6-b7e4-4522-927a-71b18ab9072b: start FollowerState
2019-09-26 16:37:00,881 [pool-27-thread-1] INFO  util.JmxRegister (JmxRegister.java:tryRegister(44)) - Successfully registered JMX Bean with object name Ratis:service=RaftServer,group=group-DE8590765A81,id=4df474a6-b7e4-4522-927a-71b18ab9072b
2019-09-26 16:37:00,890 [RatisPipelineUtilsThread] INFO  pipeline.PipelineStateManager (PipelineStateManager.java:addPipeline(56)) - Created pipeline Pipeline[ Id: 4841a231-1f15-41e7-97b1-de8590765a81, Nodes: 4df474a6-b7e4-4522-927a-71b18ab9072b{ip: 192.168.151.99, host: pr-hdds-1569-g6sp5-2013761785, networkLocation: /default-rack, certSerialId: null}, Type:RATIS, Factor:ONE, State:OPEN]
2019-09-26 16:37:00,899 [grpc-default-executor-0] INFO  impl.RaftServerProxy (RaftServerProxy.java:addNew(89)) - 4df474a6-b7e4-4522-927a-71b18ab9072b: addNew group-D75D31A6FD0C:[4df474a6-b7e4-4522-927a-71b18ab9072b:192.168.151.99:42608] returns group-D75D31A6FD0C:java.util.concurrent.CompletableFuture@67ed25f9[Not completed]
2019-09-26 16:37:00,901 [pool-27-thread-1] INFO  impl.RaftServerImpl (RaftServerImpl.java:<init>(95)) - 4df474a6-b7e4-4522-927a-71b18ab9072b: new RaftServerImpl for group-D75D31A6FD0C:[4df474a6-b7e4-4522-927a-71b18ab9072b:192.168.151.99:42608] with ContainerStateMachine:uninitialized
2019-09-26 16:37:00,901 [pool-27-thread-1] INFO  server.RaftServerConfigKeys (ConfUtils.java:logGet(43)) - raft.server.rpc.timeout.min = 5s (custom)
2019-09-26 16:37:00,902 [pool-27-thread-1] INFO  server.RaftServerConfigKeys (ConfUtils.java:logGet(43)) - raft.server.rpc.timeout.max = 5200ms (custom)
2019-09-26 16:37:00,902 [pool-27-thread-1] INFO  server.RaftServerConfigKeys (ConfUtils.java:logGet(43)) - raft.server.rpcslowness.timeout = 120s (custom)
2019-09-26 16:37:00,902 [pool-27-thread-1] INFO  server.RaftServerConfigKeys (ConfUtils.java:logGet(43)) - raft.server.sleep.deviation.threshold = 300 (default)
2019-09-26 16:37:00,902 [pool-27-thread-1] INFO  server.RaftServerConfigKeys (ConfUtils.java:logGet(43)) - raft.server.log.appender.install.snapshot.enabled = false (custom)
2019-09-26 16:37:00,902 [pool-27-thread-1] INFO  impl.RaftServerImpl (ServerState.java:<init>(103)) - 4df474a6-b7e4-4522-927a-71b18ab9072b@group-D75D31A6FD0C: ConfigurationManager, init=-1: [4df474a6-b7e4-4522-927a-71b18ab9072b:192.168.151.99:42608], old=null, confs=<EMPTY_MAP>
2019-09-26 16:37:00,902 [pool-27-thread-1] INFO  server.RaftServerConfigKeys (ConfUtils.java:logGet(43)) - raft.server.storage.dir = [/workdir/hadoop-ozone/integration-test/target/test-dir/MiniOzoneClusterImpl-70722cd4-f409-492b-b989-123ae7a5dad2/datanode-0/data/ratis] (custom)
2019-09-26 16:37:00,903 [pool-27-thread-1] INFO  storage.RaftStorageDirectory (RaftStorageDirectory.java:analyzeStorage(246)) - The storage directory /workdir/hadoop-ozone/integration-test/target/test-dir/MiniOzoneClusterImpl-70722cd4-f409-492b-b989-123ae7a5dad2/datanode-0/data/ratis/7d91e1ee-abc2-4a79-bde2-d75d31a6fd0c does not exist. Creating ...
2019-09-26 16:37:00,927 [pool-27-thread-1] INFO  storage.RaftStorageDirectory (RaftStorageDirectory.java:tryLock(328)) - Lock on /workdir/hadoop-ozone/integration-test/target/test-dir/MiniOzoneClusterImpl-70722cd4-f409-492b-b989-123ae7a5dad2/datanode-0/data/ratis/7d91e1ee-abc2-4a79-bde2-d75d31a6fd0c/in_use.lock acquired by nodename 3240@pr-hdds-1569-g6sp5-2013761785
2019-09-26 16:37:00,940 [pool-27-thread-1] INFO  storage.RaftStorage (RaftStorage.java:format(72)) - Storage directory /workdir/hadoop-ozone/integration-test/target/test-dir/MiniOzoneClusterImpl-70722cd4-f409-492b-b989-123ae7a5dad2/datanode-0/data/ratis/7d91e1ee-abc2-4a79-bde2-d75d31a6fd0c has been successfully formatted.
2019-09-26 16:37:00,940 [pool-27-thread-1] INFO  ratis.ContainerStateMachine (ContainerStateMachine.java:loadSnapshot(230)) - group-D75D31A6FD0C: The snapshot info is null. Setting the last applied indexto:(t:0, i:~)
2019-09-26 16:37:00,940 [pool-27-thread-1] INFO  server.RaftServerConfigKeys (ConfUtils.java:logGet(43)) - raft.server.notification.no-leader.timeout = 120s (custom)
2019-09-26 16:37:00,940 [pool-27-thread-1] INFO  server.RaftServerConfigKeys (ConfUtils.java:logGet(43)) - raft.server.log.use.memory = false (default)
2019-09-26 16:37:00,940 [pool-27-thread-1] INFO  server.RaftServerConfigKeys (ConfUtils.java:logGet(43)) - raft.server.log.purge.gap = 1000000 (custom)
2019-09-26 16:37:00,940 [pool-27-thread-1] INFO  server.RaftServerConfigKeys (ConfUtils.java:logGet(43)) - raft.server.log.appender.buffer.byte-limit = 33554432 (custom)
2019-09-26 16:37:00,941 [pool-27-thread-1] INFO  server.RaftServerConfigKeys (ConfUtils.java:logGet(43)) - raft.server.log.segment.size.max = 1048576 (custom)
2019-09-26 16:37:00,941 [pool-27-thread-1] INFO  server.RaftServerConfigKeys (ConfUtils.java:logGet(43)) - raft.server.log.segment.cache.num.max = 2 (custom)
2019-09-26 16:37:00,941 [pool-27-thread-1] INFO  segmented.SegmentedRaftLogWorker (SegmentedRaftLogWorker.java:<init>(172)) - new 4df474a6-b7e4-4522-927a-71b18ab9072b@group-D75D31A6FD0C-SegmentedRaftLogWorker for RaftStorage:Storage Directory /workdir/hadoop-ozone/integration-test/target/test-dir/MiniOzoneClusterImpl-70722cd4-f409-492b-b989-123ae7a5dad2/datanode-0/data/ratis/7d91e1ee-abc2-4a79-bde2-d75d31a6fd0c
2019-09-26 16:37:00,941 [pool-27-thread-1] INFO  server.RaftServerConfigKeys (ConfUtils.java:logGet(43)) - raft.server.log.queue.byte-limit = 2147483647 (custom)
2019-09-26 16:37:00,941 [pool-27-thread-1] INFO  server.RaftServerConfigKeys (ConfUtils.java:logGet(43)) - raft.server.log.queue.element-limit = 1024 (custom)
2019-09-26 16:37:00,941 [pool-27-thread-1] INFO  server.RaftServerConfigKeys (ConfUtils.java:logGet(43)) - raft.server.log.segment.size.max = 1048576 (custom)
2019-09-26 16:37:00,941 [pool-27-thread-1] INFO  server.RaftServerConfigKeys (ConfUtils.java:logGet(43)) - raft.server.log.preallocated.size = 16384 (custom)
2019-09-26 16:37:00,941 [pool-27-thread-1] INFO  server.RaftServerConfigKeys (ConfUtils.java:logGet(43)) - raft.server.log.write.buffer.size = 33554432 (custom)
2019-09-26 16:37:00,942 [pool-27-thread-1] INFO  server.RaftServerConfigKeys (ConfUtils.java:logGet(43)) - raft.server.log.force.sync.num = 128 (default)
2019-09-26 16:37:00,942 [pool-27-thread-1] INFO  server.RaftServerConfigKeys (ConfUtils.java:logGet(43)) - raft.server.log.statemachine.data.sync = true (default)
2019-09-26 16:37:00,942 [pool-27-thread-1] INFO  server.RaftServerConfigKeys (ConfUtils.java:logGet(43)) - raft.server.log.statemachine.data.sync.timeout = 10s (default)
2019-09-26 16:37:00,942 [pool-27-thread-1] INFO  server.RaftServerConfigKeys (ConfUtils.java:logGet(43)) - raft.server.log.statemachine.data.sync.timeout.retry = -1 (default)
2019-09-26 16:37:00,942 [pool-27-thread-1] INFO  server.RaftServerConfigKeys (ConfUtils.java:logGet(43)) - raft.server.log.statemachine.data.caching.enabled = true (custom)
2019-09-26 16:37:00,942 [pool-27-thread-1] INFO  segmented.SegmentedRaftLogWorker (SegmentedRaftLogWorker.java:lambda$new$0(132)) - 4df474a6-b7e4-4522-927a-71b18ab9072b@group-D75D31A6FD0C-SegmentedRaftLogWorker: flushIndex: setUnconditionally 0 -> -1
2019-09-26 16:37:00,943 [pool-27-thread-1] INFO  server.RaftServerConfigKeys (ConfUtils.java:logGet(43)) - raft.server.snapshot.auto.trigger.enabled = true (custom)
2019-09-26 16:37:00,943 [pool-27-thread-1] INFO  server.RaftServerConfigKeys (ConfUtils.java:logGet(43)) - raft.server.snapshot.auto.trigger.threshold = 1 (custom)
2019-09-26 16:37:00,943 [pool-27-thread-1] INFO  server.RaftServerConfigKeys (ConfUtils.java:logGet(43)) - raft.server.snapshot.retention.num.files = 5 (custom)
2019-09-26 16:37:00,943 [pool-27-thread-1] INFO  server.RaftServerConfigKeys (ConfUtils.java:logGet(43)) - raft.server.retrycache.expirytime = 600000ms (custom)
2019-09-26 16:37:00,946 [pool-27-thread-1] INFO  impl.RaftServerImpl (RaftServerImpl.java:start(185)) - 4df474a6-b7e4-4522-927a-71b18ab9072b@group-D75D31A6FD0C: start as a follower, conf=-1: [4df474a6-b7e4-4522-927a-71b18ab9072b:192.168.151.99:42608], old=null
2019-09-26 16:37:00,947 [pool-27-thread-1] INFO  impl.RaftServerImpl (RaftServerImpl.java:setRole(174)) - 4df474a6-b7e4-4522-927a-71b18ab9072b@group-D75D31A6FD0C: changes role from      null to FOLLOWER at term 0 for startAsFollower
2019-09-26 16:37:00,947 [pool-27-thread-1] INFO  impl.RoleInfo (RoleInfo.java:updateAndGet(143)) - 4df474a6-b7e4-4522-927a-71b18ab9072b: start FollowerState
2019-09-26 16:37:00,947 [pool-27-thread-1] INFO  util.JmxRegister (JmxRegister.java:tryRegister(44)) - Successfully registered JMX Bean with object name Ratis:service=RaftServer,group=group-D75D31A6FD0C,id=4df474a6-b7e4-4522-927a-71b18ab9072b
2019-09-26 16:37:00,954 [RatisPipelineUtilsThread] INFO  pipeline.PipelineStateManager (PipelineStateManager.java:addPipeline(56)) - Created pipeline Pipeline[ Id: 7d91e1ee-abc2-4a79-bde2-d75d31a6fd0c, Nodes: 4df474a6-b7e4-4522-927a-71b18ab9072b{ip: 192.168.151.99, host: pr-hdds-1569-g6sp5-2013761785, networkLocation: /default-rack, certSerialId: null}, Type:RATIS, Factor:ONE, State:OPEN]
2019-09-26 16:37:00,966 [grpc-default-executor-0] INFO  impl.RaftServerProxy (RaftServerProxy.java:addNew(89)) - 4df474a6-b7e4-4522-927a-71b18ab9072b: addNew group-639D425CA668:[4df474a6-b7e4-4522-927a-71b18ab9072b:192.168.151.99:42608] returns group-639D425CA668:java.util.concurrent.CompletableFuture@7a53d681[Not completed]
2019-09-26 16:37:00,968 [pool-27-thread-1] INFO  impl.RaftServerImpl (RaftServerImpl.java:<init>(95)) - 4df474a6-b7e4-4522-927a-71b18ab9072b: new RaftServerImpl for group-639D425CA668:[4df474a6-b7e4-4522-927a-71b18ab9072b:192.168.151.99:42608] with ContainerStateMachine:uninitialized
2019-09-26 16:37:00,968 [pool-27-thread-1] INFO  server.RaftServerConfigKeys (ConfUtils.java:logGet(43)) - raft.server.rpc.timeout.min = 5s (custom)
2019-09-26 16:37:00,968 [pool-27-thread-1] INFO  server.RaftServerConfigKeys (ConfUtils.java:logGet(43)) - raft.server.rpc.timeout.max = 5200ms (custom)
2019-09-26 16:37:00,968 [pool-27-thread-1] INFO  server.RaftServerConfigKeys (ConfUtils.java:logGet(43)) - raft.server.rpcslowness.timeout = 120s (custom)
2019-09-26 16:37:00,968 [pool-27-thread-1] INFO  server.RaftServerConfigKeys (ConfUtils.java:logGet(43)) - raft.server.sleep.deviation.threshold = 300 (default)
2019-09-26 16:37:00,969 [pool-27-thread-1] INFO  server.RaftServerConfigKeys (ConfUtils.java:logGet(43)) - raft.server.log.appender.install.snapshot.enabled = false (custom)
2019-09-26 16:37:00,969 [pool-27-thread-1] INFO  impl.RaftServerImpl (ServerState.java:<init>(103)) - 4df474a6-b7e4-4522-927a-71b18ab9072b@group-639D425CA668: ConfigurationManager, init=-1: [4df474a6-b7e4-4522-927a-71b18ab9072b:192.168.151.99:42608], old=null, confs=<EMPTY_MAP>
2019-09-26 16:37:00,969 [pool-27-thread-1] INFO  server.RaftServerConfigKeys (ConfUtils.java:logGet(43)) - raft.server.storage.dir = [/workdir/hadoop-ozone/integration-test/target/test-dir/MiniOzoneClusterImpl-70722cd4-f409-492b-b989-123ae7a5dad2/datanode-0/data/ratis] (custom)
2019-09-26 16:37:00,969 [pool-27-thread-1] INFO  storage.RaftStorageDirectory (RaftStorageDirectory.java:analyzeStorage(246)) - The storage directory /workdir/hadoop-ozone/integration-test/target/test-dir/MiniOzoneClusterImpl-70722cd4-f409-492b-b989-123ae7a5dad2/datanode-0/data/ratis/fa47ad88-a619-489d-a708-639d425ca668 does not exist. Creating ...
2019-09-26 16:37:01,012 [main] INFO  rpc.RpcClient (RpcClient.java:createVolume(276)) - Creating Volume: testcontainerstatemachinefailures, with jenkins1000 as owner.
2019-09-26 16:37:01,102 [IPC Server handler 0 on 41029] INFO  volume.OMVolumeCreateRequest (OMVolumeCreateRequest.java:validateAndUpdateCache(189)) - created volume:testcontainerstatemachinefailures for user:jenkins1000
2019-09-26 16:37:01,125 [main] INFO  rpc.RpcClient (RpcClient.java:createBucket(415)) - Creating Bucket: testcontainerstatemachinefailures/testcontainerstatemachinefailures, with Versioning false and Storage Type set to DISK and Encryption set to false 
2019-09-26 16:37:02,565 [Thread-147] INFO  container.ReplicationManager (ReplicationManager.java:start(163)) - Starting Replication Monitor Thread.
2019-09-26 16:37:02,567 [ReplicationMonitor] INFO  container.ReplicationManager (ReplicationManager.java:run(226)) - Replication Monitor Thread took 0 milliseconds for processing 0 containers.
2019-09-26 16:37:03,895 [pool-27-thread-1] INFO  storage.RaftStorageDirectory (RaftStorageDirectory.java:tryLock(328)) - Lock on /workdir/hadoop-ozone/integration-test/target/test-dir/MiniOzoneClusterImpl-70722cd4-f409-492b-b989-123ae7a5dad2/datanode-0/data/ratis/fa47ad88-a619-489d-a708-639d425ca668/in_use.lock acquired by nodename 3240@pr-hdds-1569-g6sp5-2013761785
2019-09-26 16:37:03,971 [RATISCREATEPIPELINE1] ERROR pipeline.RatisPipelineProvider (RatisPipelineProvider.java:lambda$null$2(175)) - Failed invoke Ratis rpc org.apache.hadoop.hdds.scm.pipeline.RatisPipelineProvider$$Lambda$169/106952125@33d2d29d for 4df474a6-b7e4-4522-927a-71b18ab9072b
org.apache.ratis.protocol.TimeoutIOException: deadline exceeded after 2999788189ns
	at org.apache.ratis.grpc.GrpcUtil.tryUnwrapException(GrpcUtil.java:82)
	at org.apache.ratis.grpc.GrpcUtil.unwrapException(GrpcUtil.java:75)
	at org.apache.ratis.grpc.client.GrpcClientProtocolClient.blockingCall(GrpcClientProtocolClient.java:178)
	at org.apache.ratis.grpc.client.GrpcClientProtocolClient.groupAdd(GrpcClientProtocolClient.java:147)
	at org.apache.ratis.grpc.client.GrpcClientRpc.sendRequest(GrpcClientRpc.java:94)
	at org.apache.ratis.client.impl.RaftClientImpl.sendRequest(RaftClientImpl.java:278)
	at org.apache.ratis.client.impl.RaftClientImpl.groupAdd(RaftClientImpl.java:205)
	at org.apache.hadoop.hdds.scm.pipeline.RatisPipelineProvider.lambda$initializePipeline$1(RatisPipelineProvider.java:136)
	at org.apache.hadoop.hdds.scm.pipeline.RatisPipelineProvider.lambda$null$2(RatisPipelineProvider.java:171)
	at java.util.stream.ForEachOps$ForEachOp$OfRef.accept(ForEachOps.java:184)
	at java.util.ArrayList$ArrayListSpliterator.forEachRemaining(ArrayList.java:1382)
	at java.util.stream.AbstractPipeline.copyInto(AbstractPipeline.java:482)
	at java.util.stream.ForEachOps$ForEachTask.compute(ForEachOps.java:291)
	at java.util.concurrent.CountedCompleter.exec(CountedCompleter.java:731)
	at java.util.concurrent.ForkJoinTask.doExec(ForkJoinTask.java:289)
	at java.util.concurrent.ForkJoinTask.doInvoke(ForkJoinTask.java:401)
	at java.util.concurrent.ForkJoinTask.invoke(ForkJoinTask.java:734)
	at java.util.stream.ForEachOps$ForEachOp.evaluateParallel(ForEachOps.java:160)
	at java.util.stream.ForEachOps$ForEachOp$OfRef.evaluateParallel(ForEachOps.java:174)
	at java.util.stream.AbstractPipeline.evaluate(AbstractPipeline.java:233)
	at java.util.stream.ReferencePipeline.forEach(ReferencePipeline.java:418)
	at java.util.stream.ReferencePipeline$Head.forEach(ReferencePipeline.java:583)
	at org.apache.hadoop.hdds.scm.pipeline.RatisPipelineProvider.lambda$callRatisRpc$3(RatisPipelineProvider.java:165)
	at java.util.concurrent.ForkJoinTask$AdaptedRunnableAction.exec(ForkJoinTask.java:1386)
	at java.util.concurrent.ForkJoinTask.doExec(ForkJoinTask.java:289)
	at java.util.concurrent.ForkJoinPool$WorkQueue.runTask(ForkJoinPool.java:1056)
	at java.util.concurrent.ForkJoinPool.runWorker(ForkJoinPool.java:1692)
	at java.util.concurrent.ForkJoinWorkerThread.run(ForkJoinWorkerThread.java:157)
Caused by: org.apache.ratis.thirdparty.io.grpc.StatusRuntimeException: DEADLINE_EXCEEDED: deadline exceeded after 2999788189ns
	at org.apache.ratis.thirdparty.io.grpc.stub.ClientCalls.toStatusRuntimeException(ClientCalls.java:233)
	at org.apache.ratis.thirdparty.io.grpc.stub.ClientCalls.getUnchecked(ClientCalls.java:214)
	at org.apache.ratis.thirdparty.io.grpc.stub.ClientCalls.blockingUnaryCall(ClientCalls.java:139)
	at org.apache.ratis.proto.grpc.AdminProtocolServiceGrpc$AdminProtocolServiceBlockingStub.groupManagement(AdminProtocolServiceGrpc.java:274)
	at org.apache.ratis.grpc.client.GrpcClientProtocolClient.lambda$groupAdd$3(GrpcClientProtocolClient.java:149)
	at org.apache.ratis.grpc.client.GrpcClientProtocolClient.blockingCall(GrpcClientProtocolClient.java:176)
	... 25 more
2019-09-26 16:37:03,976 [RatisPipelineUtilsThread] ERROR pipeline.SCMPipelineManager (SCMPipelineManager.java:createPipeline(167)) - Pipeline creation failed.
java.io.IOException: Failed invoke Ratis rpc org.apache.hadoop.hdds.scm.pipeline.RatisPipelineProvider$$Lambda$169/106952125@33d2d29d for 4df474a6-b7e4-4522-927a-71b18ab9072b
	at org.apache.hadoop.hdds.scm.pipeline.RatisPipelineProvider.lambda$null$2(RatisPipelineProvider.java:176)
	at java.util.stream.ForEachOps$ForEachOp$OfRef.accept(ForEachOps.java:184)
	at java.util.ArrayList$ArrayListSpliterator.forEachRemaining(ArrayList.java:1382)
	at java.util.stream.AbstractPipeline.copyInto(AbstractPipeline.java:482)
	at java.util.stream.ForEachOps$ForEachTask.compute(ForEachOps.java:291)
	at java.util.concurrent.CountedCompleter.exec(CountedCompleter.java:731)
	at java.util.concurrent.ForkJoinTask.doExec(ForkJoinTask.java:289)
	at java.util.concurrent.ForkJoinTask.doInvoke(ForkJoinTask.java:401)
	at java.util.concurrent.ForkJoinTask.invoke(ForkJoinTask.java:734)
	at java.util.stream.ForEachOps$ForEachOp.evaluateParallel(ForEachOps.java:160)
	at java.util.stream.ForEachOps$ForEachOp$OfRef.evaluateParallel(ForEachOps.java:174)
	at java.util.stream.AbstractPipeline.evaluate(AbstractPipeline.java:233)
	at java.util.stream.ReferencePipeline.forEach(ReferencePipeline.java:418)
	at java.util.stream.ReferencePipeline$Head.forEach(ReferencePipeline.java:583)
	at org.apache.hadoop.hdds.scm.pipeline.RatisPipelineProvider.lambda$callRatisRpc$3(RatisPipelineProvider.java:165)
	at java.util.concurrent.ForkJoinTask$AdaptedRunnableAction.exec(ForkJoinTask.java:1386)
	at java.util.concurrent.ForkJoinTask.doExec(ForkJoinTask.java:289)
	at java.util.concurrent.ForkJoinPool$WorkQueue.runTask(ForkJoinPool.java:1056)
	at java.util.concurrent.ForkJoinPool.runWorker(ForkJoinPool.java:1692)
	at java.util.concurrent.ForkJoinWorkerThread.run(ForkJoinWorkerThread.java:157)
Caused by: org.apache.ratis.protocol.TimeoutIOException: deadline exceeded after 2999788189ns
	at org.apache.ratis.grpc.GrpcUtil.tryUnwrapException(GrpcUtil.java:82)
	at org.apache.ratis.grpc.GrpcUtil.unwrapException(GrpcUtil.java:75)
	at org.apache.ratis.grpc.client.GrpcClientProtocolClient.blockingCall(GrpcClientProtocolClient.java:178)
	at org.apache.ratis.grpc.client.GrpcClientProtocolClient.groupAdd(GrpcClientProtocolClient.java:147)
	at org.apache.ratis.grpc.client.GrpcClientRpc.sendRequest(GrpcClientRpc.java:94)
	at org.apache.ratis.client.impl.RaftClientImpl.sendRequest(RaftClientImpl.java:278)
	at org.apache.ratis.client.impl.RaftClientImpl.groupAdd(RaftClientImpl.java:205)
	at org.apache.hadoop.hdds.scm.pipeline.RatisPipelineProvider.lambda$initializePipeline$1(RatisPipelineProvider.java:136)
	at org.apache.hadoop.hdds.scm.pipeline.RatisPipelineProvider.lambda$null$2(RatisPipelineProvider.java:171)
	... 19 more
Caused by: org.apache.ratis.thirdparty.io.grpc.StatusRuntimeException: DEADLINE_EXCEEDED: deadline exceeded after 2999788189ns
	at org.apache.ratis.thirdparty.io.grpc.stub.ClientCalls.toStatusRuntimeException(ClientCalls.java:233)
	at org.apache.ratis.thirdparty.io.grpc.stub.ClientCalls.getUnchecked(ClientCalls.java:214)
	at org.apache.ratis.thirdparty.io.grpc.stub.ClientCalls.blockingUnaryCall(ClientCalls.java:139)
	at org.apache.ratis.proto.grpc.AdminProtocolServiceGrpc$AdminProtocolServiceBlockingStub.groupManagement(AdminProtocolServiceGrpc.java:274)
	at org.apache.ratis.grpc.client.GrpcClientProtocolClient.lambda$groupAdd$3(GrpcClientProtocolClient.java:149)
	at org.apache.ratis.grpc.client.GrpcClientProtocolClient.blockingCall(GrpcClientProtocolClient.java:176)
	... 25 more
2019-09-26 16:37:03,977 [RatisPipelineUtilsThread] ERROR pipeline.PipelinePlacementPolicy (PipelinePlacementPolicy.java:filterViableNodes(130)) - Not enough healthy nodes to allocate pipeline. 3  datanodes required. Found 1
2019-09-26 16:37:03,978 [RatisPipelineUtilsThread] ERROR pipeline.SCMPipelineManager (SCMPipelineManager.java:createPipeline(167)) - Pipeline creation failed.
org.apache.hadoop.hdds.scm.exceptions.SCMException: Not enough healthy nodes to allocate pipeline. 3  datanodes required. Found 1
	at org.apache.hadoop.hdds.scm.pipeline.PipelinePlacementPolicy.filterViableNodes(PipelinePlacementPolicy.java:131)
	at org.apache.hadoop.hdds.scm.pipeline.PipelinePlacementPolicy.chooseDatanodes(PipelinePlacementPolicy.java:171)
	at org.apache.hadoop.hdds.scm.pipeline.RatisPipelineProvider.create(RatisPipelineProvider.java:93)
	at org.apache.hadoop.hdds.scm.pipeline.PipelineFactory.create(PipelineFactory.java:58)
	at org.apache.hadoop.hdds.scm.pipeline.SCMPipelineManager.createPipeline(SCMPipelineManager.java:155)
	at org.apache.hadoop.hdds.scm.pipeline.BackgroundPipelineCreator.createPipelines(BackgroundPipelineCreator.java:99)
	at java.util.concurrent.Executors$RunnableAdapter.call(Executors.java:511)
	at java.util.concurrent.FutureTask.run(FutureTask.java:266)
	at java.util.concurrent.ScheduledThreadPoolExecutor$ScheduledFutureTask.access$201(ScheduledThreadPoolExecutor.java:180)
	at java.util.concurrent.ScheduledThreadPoolExecutor$ScheduledFutureTask.run(ScheduledThreadPoolExecutor.java:293)
	at java.util.concurrent.ThreadPoolExecutor.runWorker(ThreadPoolExecutor.java:1149)
	at java.util.concurrent.ThreadPoolExecutor$Worker.run(ThreadPoolExecutor.java:624)
	at java.lang.Thread.run(Thread.java:748)
2019-09-26 16:37:03,992 [grpc-default-executor-1] INFO  impl.RaftServerProxy (RaftServerProxy.java:addNew(89)) - 4df474a6-b7e4-4522-927a-71b18ab9072b: addNew group-F0157B55D91D:[4df474a6-b7e4-4522-927a-71b18ab9072b:192.168.151.99:42608] returns group-F0157B55D91D:java.util.concurrent.CompletableFuture@5f10db48[Not completed]
2019-09-26 16:37:05,236 [Thread-149] INFO  impl.FollowerState (FollowerState.java:run(106)) - 4df474a6-b7e4-4522-927a-71b18ab9072b:group-EF4278451301 changes to CANDIDATE, lastRpcTime:5065, electionTimeout:5065ms
2019-09-26 16:37:05,239 [Thread-149] INFO  impl.RoleInfo (RoleInfo.java:shutdownFollowerState(121)) - 4df474a6-b7e4-4522-927a-71b18ab9072b: shutdown FollowerState
2019-09-26 16:37:05,240 [Thread-149] INFO  impl.RaftServerImpl (RaftServerImpl.java:setRole(174)) - 4df474a6-b7e4-4522-927a-71b18ab9072b@group-EF4278451301: changes role from  FOLLOWER to CANDIDATE at term 0 for changeToCandidate
2019-09-26 16:37:05,247 [Thread-149] INFO  impl.RoleInfo (RoleInfo.java:updateAndGet(143)) - 4df474a6-b7e4-4522-927a-71b18ab9072b: start LeaderElection
2019-09-26 16:37:05,302 [Thread-152] INFO  impl.FollowerState (FollowerState.java:run(106)) - 4df474a6-b7e4-4522-927a-71b18ab9072b:group-199EBCA2E096 changes to CANDIDATE, lastRpcTime:5017, electionTimeout:5017ms
2019-09-26 16:37:05,303 [Thread-152] INFO  impl.RoleInfo (RoleInfo.java:shutdownFollowerState(121)) - 4df474a6-b7e4-4522-927a-71b18ab9072b: shutdown FollowerState
2019-09-26 16:37:05,303 [Thread-152] INFO  impl.RaftServerImpl (RaftServerImpl.java:setRole(174)) - 4df474a6-b7e4-4522-927a-71b18ab9072b@group-199EBCA2E096: changes role from  FOLLOWER to CANDIDATE at term 0 for changeToCandidate
2019-09-26 16:37:05,303 [Thread-152] INFO  impl.RoleInfo (RoleInfo.java:updateAndGet(143)) - 4df474a6-b7e4-4522-927a-71b18ab9072b: start LeaderElection
2019-09-26 16:37:05,411 [Thread-155] INFO  impl.FollowerState (FollowerState.java:run(106)) - 4df474a6-b7e4-4522-927a-71b18ab9072b:group-DF7634374DDA changes to CANDIDATE, lastRpcTime:5053, electionTimeout:5053ms
2019-09-26 16:37:05,412 [Thread-155] INFO  impl.RoleInfo (RoleInfo.java:shutdownFollowerState(121)) - 4df474a6-b7e4-4522-927a-71b18ab9072b: shutdown FollowerState
2019-09-26 16:37:05,412 [Thread-155] INFO  impl.RaftServerImpl (RaftServerImpl.java:setRole(174)) - 4df474a6-b7e4-4522-927a-71b18ab9072b@group-DF7634374DDA: changes role from  FOLLOWER to CANDIDATE at term 0 for changeToCandidate
2019-09-26 16:37:05,412 [Thread-155] INFO  impl.RoleInfo (RoleInfo.java:updateAndGet(143)) - 4df474a6-b7e4-4522-927a-71b18ab9072b: start LeaderElection
2019-09-26 16:37:05,496 [Thread-158] INFO  impl.FollowerState (FollowerState.java:run(106)) - 4df474a6-b7e4-4522-927a-71b18ab9072b:group-9150591B16C4 changes to CANDIDATE, lastRpcTime:5081, electionTimeout:5081ms
2019-09-26 16:37:05,497 [Thread-158] INFO  impl.RoleInfo (RoleInfo.java:shutdownFollowerState(121)) - 4df474a6-b7e4-4522-927a-71b18ab9072b: shutdown FollowerState
2019-09-26 16:37:05,497 [Thread-158] INFO  impl.RaftServerImpl (RaftServerImpl.java:setRole(174)) - 4df474a6-b7e4-4522-927a-71b18ab9072b@group-9150591B16C4: changes role from  FOLLOWER to CANDIDATE at term 0 for changeToCandidate
2019-09-26 16:37:05,497 [Thread-158] INFO  impl.RoleInfo (RoleInfo.java:updateAndGet(143)) - 4df474a6-b7e4-4522-927a-71b18ab9072b: start LeaderElection
2019-09-26 16:37:05,645 [Thread-161] INFO  impl.FollowerState (FollowerState.java:run(106)) - 4df474a6-b7e4-4522-927a-71b18ab9072b:group-7A096ADAB5B9 changes to CANDIDATE, lastRpcTime:5174, electionTimeout:5174ms
2019-09-26 16:37:05,645 [Thread-161] INFO  impl.RoleInfo (RoleInfo.java:shutdownFollowerState(121)) - 4df474a6-b7e4-4522-927a-71b18ab9072b: shutdown FollowerState
2019-09-26 16:37:05,645 [Thread-161] INFO  impl.RaftServerImpl (RaftServerImpl.java:setRole(174)) - 4df474a6-b7e4-4522-927a-71b18ab9072b@group-7A096ADAB5B9: changes role from  FOLLOWER to CANDIDATE at term 0 for changeToCandidate
2019-09-26 16:37:05,645 [Thread-161] INFO  impl.RoleInfo (RoleInfo.java:updateAndGet(143)) - 4df474a6-b7e4-4522-927a-71b18ab9072b: start LeaderElection
2019-09-26 16:37:05,683 [Thread-167] INFO  impl.FollowerState (FollowerState.java:run(106)) - 4df474a6-b7e4-4522-927a-71b18ab9072b:group-F89BDA07760D changes to CANDIDATE, lastRpcTime:5080, electionTimeout:5080ms
2019-09-26 16:37:05,683 [Thread-167] INFO  impl.RoleInfo (RoleInfo.java:shutdownFollowerState(121)) - 4df474a6-b7e4-4522-927a-71b18ab9072b: shutdown FollowerState
2019-09-26 16:37:05,683 [Thread-167] INFO  impl.RaftServerImpl (RaftServerImpl.java:setRole(174)) - 4df474a6-b7e4-4522-927a-71b18ab9072b@group-F89BDA07760D: changes role from  FOLLOWER to CANDIDATE at term 0 for changeToCandidate
2019-09-26 16:37:05,684 [Thread-167] INFO  impl.RoleInfo (RoleInfo.java:updateAndGet(143)) - 4df474a6-b7e4-4522-927a-71b18ab9072b: start LeaderElection
2019-09-26 16:37:05,687 [Thread-164] INFO  impl.FollowerState (FollowerState.java:run(106)) - 4df474a6-b7e4-4522-927a-71b18ab9072b:group-E8EBD7BA43F7 changes to CANDIDATE, lastRpcTime:5147, electionTimeout:5147ms
2019-09-26 16:37:05,687 [Thread-164] INFO  impl.RoleInfo (RoleInfo.java:shutdownFollowerState(121)) - 4df474a6-b7e4-4522-927a-71b18ab9072b: shutdown FollowerState
2019-09-26 16:37:05,687 [Thread-164] INFO  impl.RaftServerImpl (RaftServerImpl.java:setRole(174)) - 4df474a6-b7e4-4522-927a-71b18ab9072b@group-E8EBD7BA43F7: changes role from  FOLLOWER to CANDIDATE at term 0 for changeToCandidate
2019-09-26 16:37:05,687 [Thread-164] INFO  impl.RoleInfo (RoleInfo.java:updateAndGet(143)) - 4df474a6-b7e4-4522-927a-71b18ab9072b: start LeaderElection
2019-09-26 16:37:05,816 [Thread-177] INFO  impl.FollowerState (FollowerState.java:run(106)) - 4df474a6-b7e4-4522-927a-71b18ab9072b:group-A5FD3D0BFC32 changes to CANDIDATE, lastRpcTime:5023, electionTimeout:5023ms
2019-09-26 16:37:05,816 [Thread-177] INFO  impl.RoleInfo (RoleInfo.java:shutdownFollowerState(121)) - 4df474a6-b7e4-4522-927a-71b18ab9072b: shutdown FollowerState
2019-09-26 16:37:05,816 [Thread-177] INFO  impl.RaftServerImpl (RaftServerImpl.java:setRole(174)) - 4df474a6-b7e4-4522-927a-71b18ab9072b@group-A5FD3D0BFC32: changes role from  FOLLOWER to CANDIDATE at term 0 for changeToCandidate
2019-09-26 16:37:05,817 [Thread-177] INFO  impl.RoleInfo (RoleInfo.java:updateAndGet(143)) - 4df474a6-b7e4-4522-927a-71b18ab9072b: start LeaderElection
2019-09-26 16:37:05,824 [Thread-170] INFO  impl.FollowerState (FollowerState.java:run(106)) - 4df474a6-b7e4-4522-927a-71b18ab9072b:group-55D2338C37C2 changes to CANDIDATE, lastRpcTime:5154, electionTimeout:5154ms
2019-09-26 16:37:05,824 [Thread-170] INFO  impl.RoleInfo (RoleInfo.java:shutdownFollowerState(121)) - 4df474a6-b7e4-4522-927a-71b18ab9072b: shutdown FollowerState
2019-09-26 16:37:05,824 [Thread-170] INFO  impl.RaftServerImpl (RaftServerImpl.java:setRole(174)) - 4df474a6-b7e4-4522-927a-71b18ab9072b@group-55D2338C37C2: changes role from  FOLLOWER to CANDIDATE at term 0 for changeToCandidate
2019-09-26 16:37:05,825 [Thread-170] INFO  impl.RoleInfo (RoleInfo.java:updateAndGet(143)) - 4df474a6-b7e4-4522-927a-71b18ab9072b: start LeaderElection
2019-09-26 16:37:05,899 [Thread-173] INFO  impl.FollowerState (FollowerState.java:run(106)) - 4df474a6-b7e4-4522-927a-71b18ab9072b:group-1F71D7CFB1FC changes to CANDIDATE, lastRpcTime:5172, electionTimeout:5172ms
2019-09-26 16:37:05,900 [Thread-173] INFO  impl.RoleInfo (RoleInfo.java:shutdownFollowerState(121)) - 4df474a6-b7e4-4522-927a-71b18ab9072b: shutdown FollowerState
2019-09-26 16:37:05,900 [Thread-173] INFO  impl.RaftServerImpl (RaftServerImpl.java:setRole(174)) - 4df474a6-b7e4-4522-927a-71b18ab9072b@group-1F71D7CFB1FC: changes role from  FOLLOWER to CANDIDATE at term 0 for changeToCandidate
2019-09-26 16:37:05,900 [Thread-173] INFO  impl.RoleInfo (RoleInfo.java:updateAndGet(143)) - 4df474a6-b7e4-4522-927a-71b18ab9072b: start LeaderElection
2019-09-26 16:37:05,974 [Thread-180] INFO  impl.FollowerState (FollowerState.java:run(106)) - 4df474a6-b7e4-4522-927a-71b18ab9072b:group-DE8590765A81 changes to CANDIDATE, lastRpcTime:5093, electionTimeout:5093ms
2019-09-26 16:37:05,974 [Thread-180] INFO  impl.RoleInfo (RoleInfo.java:shutdownFollowerState(121)) - 4df474a6-b7e4-4522-927a-71b18ab9072b: shutdown FollowerState
2019-09-26 16:37:05,975 [Thread-180] INFO  impl.RaftServerImpl (RaftServerImpl.java:setRole(174)) - 4df474a6-b7e4-4522-927a-71b18ab9072b@group-DE8590765A81: changes role from  FOLLOWER to CANDIDATE at term 0 for changeToCandidate
2019-09-26 16:37:05,975 [Thread-180] INFO  impl.RoleInfo (RoleInfo.java:updateAndGet(143)) - 4df474a6-b7e4-4522-927a-71b18ab9072b: start LeaderElection
2019-09-26 16:37:06,076 [Thread-184] INFO  impl.FollowerState (FollowerState.java:run(106)) - 4df474a6-b7e4-4522-927a-71b18ab9072b:group-D75D31A6FD0C changes to CANDIDATE, lastRpcTime:5128, electionTimeout:5128ms
2019-09-26 16:37:06,076 [Thread-184] INFO  impl.RoleInfo (RoleInfo.java:shutdownFollowerState(121)) - 4df474a6-b7e4-4522-927a-71b18ab9072b: shutdown FollowerState
2019-09-26 16:37:06,076 [Thread-184] INFO  impl.RaftServerImpl (RaftServerImpl.java:setRole(174)) - 4df474a6-b7e4-4522-927a-71b18ab9072b@group-D75D31A6FD0C: changes role from  FOLLOWER to CANDIDATE at term 0 for changeToCandidate
2019-09-26 16:37:06,076 [Thread-184] INFO  impl.RoleInfo (RoleInfo.java:updateAndGet(143)) - 4df474a6-b7e4-4522-927a-71b18ab9072b: start LeaderElection
2019-09-26 16:37:06,989 [RATISCREATEPIPELINE1] ERROR pipeline.RatisPipelineProvider (RatisPipelineProvider.java:lambda$null$2(175)) - Failed invoke Ratis rpc org.apache.hadoop.hdds.scm.pipeline.RatisPipelineProvider$$Lambda$169/106952125@55315699 for 4df474a6-b7e4-4522-927a-71b18ab9072b
org.apache.ratis.protocol.TimeoutIOException: deadline exceeded after 2999699171ns
	at org.apache.ratis.grpc.GrpcUtil.tryUnwrapException(GrpcUtil.java:82)
	at org.apache.ratis.grpc.GrpcUtil.unwrapException(GrpcUtil.java:75)
	at org.apache.ratis.grpc.client.GrpcClientProtocolClient.blockingCall(GrpcClientProtocolClient.java:178)
	at org.apache.ratis.grpc.client.GrpcClientProtocolClient.groupAdd(GrpcClientProtocolClient.java:147)
	at org.apache.ratis.grpc.client.GrpcClientRpc.sendRequest(GrpcClientRpc.java:94)
	at org.apache.ratis.client.impl.RaftClientImpl.sendRequest(RaftClientImpl.java:278)
	at org.apache.ratis.client.impl.RaftClientImpl.groupAdd(RaftClientImpl.java:205)
	at org.apache.hadoop.hdds.scm.pipeline.RatisPipelineProvider.lambda$initializePipeline$1(RatisPipelineProvider.java:136)
	at org.apache.hadoop.hdds.scm.pipeline.RatisPipelineProvider.lambda$null$2(RatisPipelineProvider.java:171)
	at java.util.stream.ForEachOps$ForEachOp$OfRef.accept(ForEachOps.java:184)
	at java.util.ArrayList$ArrayListSpliterator.forEachRemaining(ArrayList.java:1382)
	at java.util.stream.AbstractPipeline.copyInto(AbstractPipeline.java:482)
	at java.util.stream.ForEachOps$ForEachTask.compute(ForEachOps.java:291)
	at java.util.concurrent.CountedCompleter.exec(CountedCompleter.java:731)
	at java.util.concurrent.ForkJoinTask.doExec(ForkJoinTask.java:289)
	at java.util.concurrent.ForkJoinTask.doInvoke(ForkJoinTask.java:401)
	at java.util.concurrent.ForkJoinTask.invoke(ForkJoinTask.java:734)
	at java.util.stream.ForEachOps$ForEachOp.evaluateParallel(ForEachOps.java:160)
	at java.util.stream.ForEachOps$ForEachOp$OfRef.evaluateParallel(ForEachOps.java:174)
	at java.util.stream.AbstractPipeline.evaluate(AbstractPipeline.java:233)
	at java.util.stream.ReferencePipeline.forEach(ReferencePipeline.java:418)
	at java.util.stream.ReferencePipeline$Head.forEach(ReferencePipeline.java:583)
	at org.apache.hadoop.hdds.scm.pipeline.RatisPipelineProvider.lambda$callRatisRpc$3(RatisPipelineProvider.java:165)
	at java.util.concurrent.ForkJoinTask$AdaptedRunnableAction.exec(ForkJoinTask.java:1386)
	at java.util.concurrent.ForkJoinTask.doExec(ForkJoinTask.java:289)
	at java.util.concurrent.ForkJoinPool$WorkQueue.runTask(ForkJoinPool.java:1056)
	at java.util.concurrent.ForkJoinPool.runWorker(ForkJoinPool.java:1692)
	at java.util.concurrent.ForkJoinWorkerThread.run(ForkJoinWorkerThread.java:157)
Caused by: org.apache.ratis.thirdparty.io.grpc.StatusRuntimeException: DEADLINE_EXCEEDED: deadline exceeded after 2999699171ns
	at org.apache.ratis.thirdparty.io.grpc.stub.ClientCalls.toStatusRuntimeException(ClientCalls.java:233)
	at org.apache.ratis.thirdparty.io.grpc.stub.ClientCalls.getUnchecked(ClientCalls.java:214)
	at org.apache.ratis.thirdparty.io.grpc.stub.ClientCalls.blockingUnaryCall(ClientCalls.java:139)
	at org.apache.ratis.proto.grpc.AdminProtocolServiceGrpc$AdminProtocolServiceBlockingStub.groupManagement(AdminProtocolServiceGrpc.java:274)
	at org.apache.ratis.grpc.client.GrpcClientProtocolClient.lambda$groupAdd$3(GrpcClientProtocolClient.java:149)
	at org.apache.ratis.grpc.client.GrpcClientProtocolClient.blockingCall(GrpcClientProtocolClient.java:176)
	... 25 more
2019-09-26 16:37:06,992 [RatisPipelineUtilsThread] ERROR pipeline.SCMPipelineManager (SCMPipelineManager.java:createPipeline(167)) - Pipeline creation failed.
java.io.IOException: Failed invoke Ratis rpc org.apache.hadoop.hdds.scm.pipeline.RatisPipelineProvider$$Lambda$169/106952125@55315699 for 4df474a6-b7e4-4522-927a-71b18ab9072b
	at org.apache.hadoop.hdds.scm.pipeline.RatisPipelineProvider.lambda$null$2(RatisPipelineProvider.java:176)
	at java.util.stream.ForEachOps$ForEachOp$OfRef.accept(ForEachOps.java:184)
	at java.util.ArrayList$ArrayListSpliterator.forEachRemaining(ArrayList.java:1382)
	at java.util.stream.AbstractPipeline.copyInto(AbstractPipeline.java:482)
	at java.util.stream.ForEachOps$ForEachTask.compute(ForEachOps.java:291)
	at java.util.concurrent.CountedCompleter.exec(CountedCompleter.java:731)
	at java.util.concurrent.ForkJoinTask.doExec(ForkJoinTask.java:289)
	at java.util.concurrent.ForkJoinTask.doInvoke(ForkJoinTask.java:401)
	at java.util.concurrent.ForkJoinTask.invoke(ForkJoinTask.java:734)
	at java.util.stream.ForEachOps$ForEachOp.evaluateParallel(ForEachOps.java:160)
	at java.util.stream.ForEachOps$ForEachOp$OfRef.evaluateParallel(ForEachOps.java:174)
	at java.util.stream.AbstractPipeline.evaluate(AbstractPipeline.java:233)
	at java.util.stream.ReferencePipeline.forEach(ReferencePipeline.java:418)
	at java.util.stream.ReferencePipeline$Head.forEach(ReferencePipeline.java:583)
	at org.apache.hadoop.hdds.scm.pipeline.RatisPipelineProvider.lambda$callRatisRpc$3(RatisPipelineProvider.java:165)
	at java.util.concurrent.ForkJoinTask$AdaptedRunnableAction.exec(ForkJoinTask.java:1386)
	at java.util.concurrent.ForkJoinTask.doExec(ForkJoinTask.java:289)
	at java.util.concurrent.ForkJoinPool$WorkQueue.runTask(ForkJoinPool.java:1056)
	at java.util.concurrent.ForkJoinPool.runWorker(ForkJoinPool.java:1692)
	at java.util.concurrent.ForkJoinWorkerThread.run(ForkJoinWorkerThread.java:157)
Caused by: org.apache.ratis.protocol.TimeoutIOException: deadline exceeded after 2999699171ns
	at org.apache.ratis.grpc.GrpcUtil.tryUnwrapException(GrpcUtil.java:82)
	at org.apache.ratis.grpc.GrpcUtil.unwrapException(GrpcUtil.java:75)
	at org.apache.ratis.grpc.client.GrpcClientProtocolClient.blockingCall(GrpcClientProtocolClient.java:178)
	at org.apache.ratis.grpc.client.GrpcClientProtocolClient.groupAdd(GrpcClientProtocolClient.java:147)
	at org.apache.ratis.grpc.client.GrpcClientRpc.sendRequest(GrpcClientRpc.java:94)
	at org.apache.ratis.client.impl.RaftClientImpl.sendRequest(RaftClientImpl.java:278)
	at org.apache.ratis.client.impl.RaftClientImpl.groupAdd(RaftClientImpl.java:205)
	at org.apache.hadoop.hdds.scm.pipeline.RatisPipelineProvider.lambda$initializePipeline$1(RatisPipelineProvider.java:136)
	at org.apache.hadoop.hdds.scm.pipeline.RatisPipelineProvider.lambda$null$2(RatisPipelineProvider.java:171)
	... 19 more
Caused by: org.apache.ratis.thirdparty.io.grpc.StatusRuntimeException: DEADLINE_EXCEEDED: deadline exceeded after 2999699171ns
	at org.apache.ratis.thirdparty.io.grpc.stub.ClientCalls.toStatusRuntimeException(ClientCalls.java:233)
	at org.apache.ratis.thirdparty.io.grpc.stub.ClientCalls.getUnchecked(ClientCalls.java:214)
	at org.apache.ratis.thirdparty.io.grpc.stub.ClientCalls.blockingUnaryCall(ClientCalls.java:139)
	at org.apache.ratis.proto.grpc.AdminProtocolServiceGrpc$AdminProtocolServiceBlockingStub.groupManagement(AdminProtocolServiceGrpc.java:274)
	at org.apache.ratis.grpc.client.GrpcClientProtocolClient.lambda$groupAdd$3(GrpcClientProtocolClient.java:149)
	at org.apache.ratis.grpc.client.GrpcClientProtocolClient.blockingCall(GrpcClientProtocolClient.java:176)
	... 25 more
2019-09-26 16:37:06,993 [RatisPipelineUtilsThread] ERROR pipeline.PipelinePlacementPolicy (PipelinePlacementPolicy.java:filterViableNodes(130)) - Not enough healthy nodes to allocate pipeline. 3  datanodes required. Found 1
2019-09-26 16:37:06,993 [RatisPipelineUtilsThread] ERROR pipeline.SCMPipelineManager (SCMPipelineManager.java:createPipeline(167)) - Pipeline creation failed.
org.apache.hadoop.hdds.scm.exceptions.SCMException: Not enough healthy nodes to allocate pipeline. 3  datanodes required. Found 1
	at org.apache.hadoop.hdds.scm.pipeline.PipelinePlacementPolicy.filterViableNodes(PipelinePlacementPolicy.java:131)
	at org.apache.hadoop.hdds.scm.pipeline.PipelinePlacementPolicy.chooseDatanodes(PipelinePlacementPolicy.java:171)
	at org.apache.hadoop.hdds.scm.pipeline.RatisPipelineProvider.create(RatisPipelineProvider.java:93)
	at org.apache.hadoop.hdds.scm.pipeline.PipelineFactory.create(PipelineFactory.java:58)
	at org.apache.hadoop.hdds.scm.pipeline.SCMPipelineManager.createPipeline(SCMPipelineManager.java:155)
	at org.apache.hadoop.hdds.scm.pipeline.BackgroundPipelineCreator.createPipelines(BackgroundPipelineCreator.java:99)
	at org.apache.hadoop.hdds.scm.pipeline.BackgroundPipelineCreator.lambda$startFixedIntervalPipelineCreator$0(BackgroundPipelineCreator.java:70)
	at java.util.concurrent.Executors$RunnableAdapter.call(Executors.java:511)
	at java.util.concurrent.FutureTask.runAndReset(FutureTask.java:308)
	at java.util.concurrent.ScheduledThreadPoolExecutor$ScheduledFutureTask.access$301(ScheduledThreadPoolExecutor.java:180)
	at java.util.concurrent.ScheduledThreadPoolExecutor$ScheduledFutureTask.run(ScheduledThreadPoolExecutor.java:294)
	at java.util.concurrent.ThreadPoolExecutor.runWorker(ThreadPoolExecutor.java:1149)
	at java.util.concurrent.ThreadPoolExecutor$Worker.run(ThreadPoolExecutor.java:624)
	at java.lang.Thread.run(Thread.java:748)
2019-09-26 16:37:07,101 [main] INFO  impl.MetricsSystemImpl (MetricsSystemImpl.java:init(158)) - XceiverClientMetrics metrics system started (again)
2019-09-26 16:37:07,278 [pool-27-thread-1] INFO  storage.RaftStorage (RaftStorage.java:format(72)) - Storage directory /workdir/hadoop-ozone/integration-test/target/test-dir/MiniOzoneClusterImpl-70722cd4-f409-492b-b989-123ae7a5dad2/datanode-0/data/ratis/fa47ad88-a619-489d-a708-639d425ca668 has been successfully formatted.
2019-09-26 16:37:07,278 [4df474a6-b7e4-4522-927a-71b18ab9072b@group-F89BDA07760D:LeaderElection6] INFO  impl.LeaderElection (LeaderElection.java:askForVotes(182)) - 4df474a6-b7e4-4522-927a-71b18ab9072b@group-F89BDA07760D:LeaderElection6: begin an election at term 1 for -1: [4df474a6-b7e4-4522-927a-71b18ab9072b:192.168.151.99:42608], old=null
2019-09-26 16:37:07,278 [4df474a6-b7e4-4522-927a-71b18ab9072b@group-DF7634374DDA:LeaderElection3] INFO  impl.LeaderElection (LeaderElection.java:askForVotes(182)) - 4df474a6-b7e4-4522-927a-71b18ab9072b@group-DF7634374DDA:LeaderElection3: begin an election at term 1 for -1: [4df474a6-b7e4-4522-927a-71b18ab9072b:192.168.151.99:42608], old=null
2019-09-26 16:37:07,279 [4df474a6-b7e4-4522-927a-71b18ab9072b@group-A5FD3D0BFC32:LeaderElection8] INFO  impl.LeaderElection (LeaderElection.java:askForVotes(182)) - 4df474a6-b7e4-4522-927a-71b18ab9072b@group-A5FD3D0BFC32:LeaderElection8: begin an election at term 1 for -1: [4df474a6-b7e4-4522-927a-71b18ab9072b:192.168.151.99:42608], old=null
2019-09-26 16:37:07,278 [4df474a6-b7e4-4522-927a-71b18ab9072b@group-199EBCA2E096:LeaderElection2] INFO  impl.LeaderElection (LeaderElection.java:askForVotes(182)) - 4df474a6-b7e4-4522-927a-71b18ab9072b@group-199EBCA2E096:LeaderElection2: begin an election at term 1 for -1: [4df474a6-b7e4-4522-927a-71b18ab9072b:192.168.151.99:42608], old=null
2019-09-26 16:37:07,278 [4df474a6-b7e4-4522-927a-71b18ab9072b@group-D75D31A6FD0C:LeaderElection12] INFO  impl.LeaderElection (LeaderElection.java:askForVotes(182)) - 4df474a6-b7e4-4522-927a-71b18ab9072b@group-D75D31A6FD0C:LeaderElection12: begin an election at term 1 for -1: [4df474a6-b7e4-4522-927a-71b18ab9072b:192.168.151.99:42608], old=null
2019-09-26 16:37:07,278 [4df474a6-b7e4-4522-927a-71b18ab9072b@group-7A096ADAB5B9:LeaderElection5] INFO  impl.LeaderElection (LeaderElection.java:askForVotes(182)) - 4df474a6-b7e4-4522-927a-71b18ab9072b@group-7A096ADAB5B9:LeaderElection5: begin an election at term 1 for -1: [4df474a6-b7e4-4522-927a-71b18ab9072b:192.168.151.99:42608], old=null
2019-09-26 16:37:07,278 [4df474a6-b7e4-4522-927a-71b18ab9072b@group-1F71D7CFB1FC:LeaderElection10] INFO  impl.LeaderElection (LeaderElection.java:askForVotes(182)) - 4df474a6-b7e4-4522-927a-71b18ab9072b@group-1F71D7CFB1FC:LeaderElection10: begin an election at term 1 for -1: [4df474a6-b7e4-4522-927a-71b18ab9072b:192.168.151.99:42608], old=null
2019-09-26 16:37:07,278 [4df474a6-b7e4-4522-927a-71b18ab9072b@group-9150591B16C4:LeaderElection4] INFO  impl.LeaderElection (LeaderElection.java:askForVotes(182)) - 4df474a6-b7e4-4522-927a-71b18ab9072b@group-9150591B16C4:LeaderElection4: begin an election at term 1 for -1: [4df474a6-b7e4-4522-927a-71b18ab9072b:192.168.151.99:42608], old=null
2019-09-26 16:37:07,278 [4df474a6-b7e4-4522-927a-71b18ab9072b@group-55D2338C37C2:LeaderElection9] INFO  impl.LeaderElection (LeaderElection.java:askForVotes(182)) - 4df474a6-b7e4-4522-927a-71b18ab9072b@group-55D2338C37C2:LeaderElection9: begin an election at term 1 for -1: [4df474a6-b7e4-4522-927a-71b18ab9072b:192.168.151.99:42608], old=null
2019-09-26 16:37:07,278 [4df474a6-b7e4-4522-927a-71b18ab9072b@group-E8EBD7BA43F7:LeaderElection7] INFO  impl.LeaderElection (LeaderElection.java:askForVotes(182)) - 4df474a6-b7e4-4522-927a-71b18ab9072b@group-E8EBD7BA43F7:LeaderElection7: begin an election at term 1 for -1: [4df474a6-b7e4-4522-927a-71b18ab9072b:192.168.151.99:42608], old=null
2019-09-26 16:37:07,278 [4df474a6-b7e4-4522-927a-71b18ab9072b@group-EF4278451301:LeaderElection1] INFO  impl.LeaderElection (LeaderElection.java:askForVotes(182)) - 4df474a6-b7e4-4522-927a-71b18ab9072b@group-EF4278451301:LeaderElection1: begin an election at term 1 for -1: [4df474a6-b7e4-4522-927a-71b18ab9072b:192.168.151.99:42608], old=null
2019-09-26 16:37:07,278 [4df474a6-b7e4-4522-927a-71b18ab9072b@group-DE8590765A81:LeaderElection11] INFO  impl.LeaderElection (LeaderElection.java:askForVotes(182)) - 4df474a6-b7e4-4522-927a-71b18ab9072b@group-DE8590765A81:LeaderElection11: begin an election at term 1 for -1: [4df474a6-b7e4-4522-927a-71b18ab9072b:192.168.151.99:42608], old=null
2019-09-26 16:37:07,280 [pool-27-thread-1] INFO  ratis.ContainerStateMachine (ContainerStateMachine.java:loadSnapshot(230)) - group-639D425CA668: The snapshot info is null. Setting the last applied indexto:(t:0, i:~)
2019-09-26 16:37:07,281 [4df474a6-b7e4-4522-927a-71b18ab9072b@group-DF7634374DDA:LeaderElection3] INFO  impl.RoleInfo (RoleInfo.java:shutdownLeaderElection(134)) - 4df474a6-b7e4-4522-927a-71b18ab9072b: shutdown LeaderElection
2019-09-26 16:37:07,281 [4df474a6-b7e4-4522-927a-71b18ab9072b@group-55D2338C37C2:LeaderElection9] INFO  impl.RoleInfo (RoleInfo.java:shutdownLeaderElection(134)) - 4df474a6-b7e4-4522-927a-71b18ab9072b: shutdown LeaderElection
2019-09-26 16:37:07,281 [4df474a6-b7e4-4522-927a-71b18ab9072b@group-A5FD3D0BFC32:LeaderElection8] INFO  impl.RoleInfo (RoleInfo.java:shutdownLeaderElection(134)) - 4df474a6-b7e4-4522-927a-71b18ab9072b: shutdown LeaderElection
2019-09-26 16:37:07,281 [4df474a6-b7e4-4522-927a-71b18ab9072b@group-E8EBD7BA43F7:LeaderElection7] INFO  impl.RoleInfo (RoleInfo.java:shutdownLeaderElection(134)) - 4df474a6-b7e4-4522-927a-71b18ab9072b: shutdown LeaderElection
2019-09-26 16:37:07,281 [4df474a6-b7e4-4522-927a-71b18ab9072b@group-DE8590765A81:LeaderElection11] INFO  impl.RoleInfo (RoleInfo.java:shutdownLeaderElection(134)) - 4df474a6-b7e4-4522-927a-71b18ab9072b: shutdown LeaderElection
2019-09-26 16:37:07,281 [4df474a6-b7e4-4522-927a-71b18ab9072b@group-199EBCA2E096:LeaderElection2] INFO  impl.RoleInfo (RoleInfo.java:shutdownLeaderElection(134)) - 4df474a6-b7e4-4522-927a-71b18ab9072b: shutdown LeaderElection
2019-09-26 16:37:07,281 [4df474a6-b7e4-4522-927a-71b18ab9072b@group-7A096ADAB5B9:LeaderElection5] INFO  impl.RoleInfo (RoleInfo.java:shutdownLeaderElection(134)) - 4df474a6-b7e4-4522-927a-71b18ab9072b: shutdown LeaderElection
2019-09-26 16:37:07,281 [4df474a6-b7e4-4522-927a-71b18ab9072b@group-EF4278451301:LeaderElection1] INFO  impl.RoleInfo (RoleInfo.java:shutdownLeaderElection(134)) - 4df474a6-b7e4-4522-927a-71b18ab9072b: shutdown LeaderElection
2019-09-26 16:37:07,281 [4df474a6-b7e4-4522-927a-71b18ab9072b@group-D75D31A6FD0C:LeaderElection12] INFO  impl.RoleInfo (RoleInfo.java:shutdownLeaderElection(134)) - 4df474a6-b7e4-4522-927a-71b18ab9072b: shutdown LeaderElection
2019-09-26 16:37:07,281 [4df474a6-b7e4-4522-927a-71b18ab9072b@group-9150591B16C4:LeaderElection4] INFO  impl.RoleInfo (RoleInfo.java:shutdownLeaderElection(134)) - 4df474a6-b7e4-4522-927a-71b18ab9072b: shutdown LeaderElection
2019-09-26 16:37:07,282 [4df474a6-b7e4-4522-927a-71b18ab9072b@group-9150591B16C4:LeaderElection4] INFO  impl.RaftServerImpl (RaftServerImpl.java:setRole(174)) - 4df474a6-b7e4-4522-927a-71b18ab9072b@group-9150591B16C4: changes role from CANDIDATE to LEADER at term 1 for changeToLeader
2019-09-26 16:37:07,281 [4df474a6-b7e4-4522-927a-71b18ab9072b@group-1F71D7CFB1FC:LeaderElection10] INFO  impl.RoleInfo (RoleInfo.java:shutdownLeaderElection(134)) - 4df474a6-b7e4-4522-927a-71b18ab9072b: shutdown LeaderElection
2019-09-26 16:37:07,281 [4df474a6-b7e4-4522-927a-71b18ab9072b@group-F89BDA07760D:LeaderElection6] INFO  impl.RoleInfo (RoleInfo.java:shutdownLeaderElection(134)) - 4df474a6-b7e4-4522-927a-71b18ab9072b: shutdown LeaderElection
2019-09-26 16:37:07,283 [4df474a6-b7e4-4522-927a-71b18ab9072b@group-1F71D7CFB1FC:LeaderElection10] INFO  impl.RaftServerImpl (RaftServerImpl.java:setRole(174)) - 4df474a6-b7e4-4522-927a-71b18ab9072b@group-1F71D7CFB1FC: changes role from CANDIDATE to LEADER at term 1 for changeToLeader
2019-09-26 16:37:07,283 [4df474a6-b7e4-4522-927a-71b18ab9072b@group-9150591B16C4:LeaderElection4] INFO  impl.RaftServerImpl (ServerState.java:setLeader(253)) - 4df474a6-b7e4-4522-927a-71b18ab9072b@group-9150591B16C4: change Leader from null to 4df474a6-b7e4-4522-927a-71b18ab9072b at term 1 for becomeLeader, leader elected after 6874ms
2019-09-26 16:37:07,282 [4df474a6-b7e4-4522-927a-71b18ab9072b@group-D75D31A6FD0C:LeaderElection12] INFO  impl.RaftServerImpl (RaftServerImpl.java:setRole(174)) - 4df474a6-b7e4-4522-927a-71b18ab9072b@group-D75D31A6FD0C: changes role from CANDIDATE to LEADER at term 1 for changeToLeader
2019-09-26 16:37:07,282 [4df474a6-b7e4-4522-927a-71b18ab9072b@group-EF4278451301:LeaderElection1] INFO  impl.RaftServerImpl (RaftServerImpl.java:setRole(174)) - 4df474a6-b7e4-4522-927a-71b18ab9072b@group-EF4278451301: changes role from CANDIDATE to LEADER at term 1 for changeToLeader
2019-09-26 16:37:07,282 [4df474a6-b7e4-4522-927a-71b18ab9072b@group-7A096ADAB5B9:LeaderElection5] INFO  impl.RaftServerImpl (RaftServerImpl.java:setRole(174)) - 4df474a6-b7e4-4522-927a-71b18ab9072b@group-7A096ADAB5B9: changes role from CANDIDATE to LEADER at term 1 for changeToLeader
2019-09-26 16:37:07,282 [4df474a6-b7e4-4522-927a-71b18ab9072b@group-E8EBD7BA43F7:LeaderElection7] INFO  impl.RaftServerImpl (RaftServerImpl.java:setRole(174)) - 4df474a6-b7e4-4522-927a-71b18ab9072b@group-E8EBD7BA43F7: changes role from CANDIDATE to LEADER at term 1 for changeToLeader
2019-09-26 16:37:07,282 [4df474a6-b7e4-4522-927a-71b18ab9072b@group-DE8590765A81:LeaderElection11] INFO  impl.RaftServerImpl (RaftServerImpl.java:setRole(174)) - 4df474a6-b7e4-4522-927a-71b18ab9072b@group-DE8590765A81: changes role from CANDIDATE to LEADER at term 1 for changeToLeader
2019-09-26 16:37:07,282 [4df474a6-b7e4-4522-927a-71b18ab9072b@group-A5FD3D0BFC32:LeaderElection8] INFO  impl.RaftServerImpl (RaftServerImpl.java:setRole(174)) - 4df474a6-b7e4-4522-927a-71b18ab9072b@group-A5FD3D0BFC32: changes role from CANDIDATE to LEADER at term 1 for changeToLeader
2019-09-26 16:37:07,282 [4df474a6-b7e4-4522-927a-71b18ab9072b@group-199EBCA2E096:LeaderElection2] INFO  impl.RaftServerImpl (RaftServerImpl.java:setRole(174)) - 4df474a6-b7e4-4522-927a-71b18ab9072b@group-199EBCA2E096: changes role from CANDIDATE to LEADER at term 1 for changeToLeader
2019-09-26 16:37:07,282 [4df474a6-b7e4-4522-927a-71b18ab9072b@group-55D2338C37C2:LeaderElection9] INFO  impl.RaftServerImpl (RaftServerImpl.java:setRole(174)) - 4df474a6-b7e4-4522-927a-71b18ab9072b@group-55D2338C37C2: changes role from CANDIDATE to LEADER at term 1 for changeToLeader
2019-09-26 16:37:07,282 [4df474a6-b7e4-4522-927a-71b18ab9072b@group-DF7634374DDA:LeaderElection3] INFO  impl.RaftServerImpl (RaftServerImpl.java:setRole(174)) - 4df474a6-b7e4-4522-927a-71b18ab9072b@group-DF7634374DDA: changes role from CANDIDATE to LEADER at term 1 for changeToLeader
2019-09-26 16:37:07,281 [pool-27-thread-1] INFO  server.RaftServerConfigKeys (ConfUtils.java:logGet(43)) - raft.server.notification.no-leader.timeout = 120s (custom)
2019-09-26 16:37:07,284 [4df474a6-b7e4-4522-927a-71b18ab9072b@group-DF7634374DDA:LeaderElection3] INFO  impl.RaftServerImpl (ServerState.java:setLeader(253)) - 4df474a6-b7e4-4522-927a-71b18ab9072b@group-DF7634374DDA: change Leader from null to 4df474a6-b7e4-4522-927a-71b18ab9072b at term 1 for becomeLeader, leader elected after 6934ms
2019-09-26 16:37:07,284 [4df474a6-b7e4-4522-927a-71b18ab9072b@group-55D2338C37C2:LeaderElection9] INFO  impl.RaftServerImpl (ServerState.java:setLeader(253)) - 4df474a6-b7e4-4522-927a-71b18ab9072b@group-55D2338C37C2: change Leader from null to 4df474a6-b7e4-4522-927a-71b18ab9072b at term 1 for becomeLeader, leader elected after 6623ms
2019-09-26 16:37:07,284 [4df474a6-b7e4-4522-927a-71b18ab9072b@group-199EBCA2E096:LeaderElection2] INFO  impl.RaftServerImpl (ServerState.java:setLeader(253)) - 4df474a6-b7e4-4522-927a-71b18ab9072b@group-199EBCA2E096: change Leader from null to 4df474a6-b7e4-4522-927a-71b18ab9072b at term 1 for becomeLeader, leader elected after 7011ms
2019-09-26 16:37:07,284 [4df474a6-b7e4-4522-927a-71b18ab9072b@group-A5FD3D0BFC32:LeaderElection8] INFO  impl.RaftServerImpl (ServerState.java:setLeader(253)) - 4df474a6-b7e4-4522-927a-71b18ab9072b@group-A5FD3D0BFC32: change Leader from null to 4df474a6-b7e4-4522-927a-71b18ab9072b at term 1 for becomeLeader, leader elected after 6497ms
2019-09-26 16:37:07,284 [4df474a6-b7e4-4522-927a-71b18ab9072b@group-DE8590765A81:LeaderElection11] INFO  impl.RaftServerImpl (ServerState.java:setLeader(253)) - 4df474a6-b7e4-4522-927a-71b18ab9072b@group-DE8590765A81: change Leader from null to 4df474a6-b7e4-4522-927a-71b18ab9072b at term 1 for becomeLeader, leader elected after 6411ms
2019-09-26 16:37:07,284 [4df474a6-b7e4-4522-927a-71b18ab9072b@group-E8EBD7BA43F7:LeaderElection7] INFO  impl.RaftServerImpl (ServerState.java:setLeader(253)) - 4df474a6-b7e4-4522-927a-71b18ab9072b@group-E8EBD7BA43F7: change Leader from null to 4df474a6-b7e4-4522-927a-71b18ab9072b at term 1 for becomeLeader, leader elected after 6751ms
2019-09-26 16:37:07,283 [4df474a6-b7e4-4522-927a-71b18ab9072b@group-7A096ADAB5B9:LeaderElection5] INFO  impl.RaftServerImpl (ServerState.java:setLeader(253)) - 4df474a6-b7e4-4522-927a-71b18ab9072b@group-7A096ADAB5B9: change Leader from null to 4df474a6-b7e4-4522-927a-71b18ab9072b at term 1 for becomeLeader, leader elected after 6820ms
2019-09-26 16:37:07,283 [4df474a6-b7e4-4522-927a-71b18ab9072b@group-EF4278451301:LeaderElection1] INFO  impl.RaftServerImpl (ServerState.java:setLeader(253)) - 4df474a6-b7e4-4522-927a-71b18ab9072b@group-EF4278451301: change Leader from null to 4df474a6-b7e4-4522-927a-71b18ab9072b at term 1 for becomeLeader, leader elected after 7212ms
2019-09-26 16:37:07,283 [4df474a6-b7e4-4522-927a-71b18ab9072b@group-D75D31A6FD0C:LeaderElection12] INFO  impl.RaftServerImpl (ServerState.java:setLeader(253)) - 4df474a6-b7e4-4522-927a-71b18ab9072b@group-D75D31A6FD0C: change Leader from null to 4df474a6-b7e4-4522-927a-71b18ab9072b at term 1 for becomeLeader, leader elected after 6343ms
2019-09-26 16:37:07,283 [4df474a6-b7e4-4522-927a-71b18ab9072b@group-1F71D7CFB1FC:LeaderElection10] INFO  impl.RaftServerImpl (ServerState.java:setLeader(253)) - 4df474a6-b7e4-4522-927a-71b18ab9072b@group-1F71D7CFB1FC: change Leader from null to 4df474a6-b7e4-4522-927a-71b18ab9072b at term 1 for becomeLeader, leader elected after 6563ms
2019-09-26 16:37:07,283 [4df474a6-b7e4-4522-927a-71b18ab9072b@group-F89BDA07760D:LeaderElection6] INFO  impl.RaftServerImpl (RaftServerImpl.java:setRole(174)) - 4df474a6-b7e4-4522-927a-71b18ab9072b@group-F89BDA07760D: changes role from CANDIDATE to LEADER at term 1 for changeToLeader
2019-09-26 16:37:07,284 [pool-27-thread-1] INFO  server.RaftServerConfigKeys (ConfUtils.java:logGet(43)) - raft.server.log.use.memory = false (default)
2019-09-26 16:37:07,286 [4df474a6-b7e4-4522-927a-71b18ab9072b@group-F89BDA07760D:LeaderElection6] INFO  impl.RaftServerImpl (ServerState.java:setLeader(253)) - 4df474a6-b7e4-4522-927a-71b18ab9072b@group-F89BDA07760D: change Leader from null to 4df474a6-b7e4-4522-927a-71b18ab9072b at term 1 for becomeLeader, leader elected after 6696ms
2019-09-26 16:37:07,286 [pool-27-thread-1] INFO  server.RaftServerConfigKeys (ConfUtils.java:logGet(43)) - raft.server.log.purge.gap = 1000000 (custom)
2019-09-26 16:37:07,286 [pool-27-thread-1] INFO  server.RaftServerConfigKeys (ConfUtils.java:logGet(43)) - raft.server.log.appender.buffer.byte-limit = 33554432 (custom)
2019-09-26 16:37:07,287 [pool-27-thread-1] INFO  server.RaftServerConfigKeys (ConfUtils.java:logGet(43)) - raft.server.log.segment.size.max = 1048576 (custom)
2019-09-26 16:37:07,287 [pool-27-thread-1] INFO  server.RaftServerConfigKeys (ConfUtils.java:logGet(43)) - raft.server.log.segment.cache.num.max = 2 (custom)
2019-09-26 16:37:07,287 [pool-27-thread-1] INFO  segmented.SegmentedRaftLogWorker (SegmentedRaftLogWorker.java:<init>(172)) - new 4df474a6-b7e4-4522-927a-71b18ab9072b@group-639D425CA668-SegmentedRaftLogWorker for RaftStorage:Storage Directory /workdir/hadoop-ozone/integration-test/target/test-dir/MiniOzoneClusterImpl-70722cd4-f409-492b-b989-123ae7a5dad2/datanode-0/data/ratis/fa47ad88-a619-489d-a708-639d425ca668
2019-09-26 16:37:07,288 [pool-27-thread-1] INFO  server.RaftServerConfigKeys (ConfUtils.java:logGet(43)) - raft.server.log.queue.byte-limit = 2147483647 (custom)
2019-09-26 16:37:07,288 [pool-27-thread-1] INFO  server.RaftServerConfigKeys (ConfUtils.java:logGet(43)) - raft.server.log.queue.element-limit = 1024 (custom)
2019-09-26 16:37:07,288 [pool-27-thread-1] INFO  server.RaftServerConfigKeys (ConfUtils.java:logGet(43)) - raft.server.log.segment.size.max = 1048576 (custom)
2019-09-26 16:37:07,288 [pool-27-thread-1] INFO  server.RaftServerConfigKeys (ConfUtils.java:logGet(43)) - raft.server.log.preallocated.size = 16384 (custom)
2019-09-26 16:37:07,289 [4df474a6-b7e4-4522-927a-71b18ab9072b@group-9150591B16C4:LeaderElection4] INFO  server.RaftServerConfigKeys (ConfUtils.java:logGet(43)) - raft.server.staging.catchup.gap = 1000 (default)
2019-09-26 16:37:07,289 [4df474a6-b7e4-4522-927a-71b18ab9072b@group-55D2338C37C2:LeaderElection9] INFO  server.RaftServerConfigKeys (ConfUtils.java:logGet(43)) - raft.server.staging.catchup.gap = 1000 (default)
2019-09-26 16:37:07,289 [4df474a6-b7e4-4522-927a-71b18ab9072b@group-E8EBD7BA43F7:LeaderElection7] INFO  server.RaftServerConfigKeys (ConfUtils.java:logGet(43)) - raft.server.staging.catchup.gap = 1000 (default)
2019-09-26 16:37:07,289 [4df474a6-b7e4-4522-927a-71b18ab9072b@group-F89BDA07760D:LeaderElection6] INFO  server.RaftServerConfigKeys (ConfUtils.java:logGet(43)) - raft.server.staging.catchup.gap = 1000 (default)
2019-09-26 16:37:07,289 [4df474a6-b7e4-4522-927a-71b18ab9072b@group-DE8590765A81:LeaderElection11] INFO  server.RaftServerConfigKeys (ConfUtils.java:logGet(43)) - raft.server.staging.catchup.gap = 1000 (default)
2019-09-26 16:37:07,288 [4df474a6-b7e4-4522-927a-71b18ab9072b@group-A5FD3D0BFC32:LeaderElection8] INFO  server.RaftServerConfigKeys (ConfUtils.java:logGet(43)) - raft.server.staging.catchup.gap = 1000 (default)
2019-09-26 16:37:07,288 [4df474a6-b7e4-4522-927a-71b18ab9072b@group-199EBCA2E096:LeaderElection2] INFO  server.RaftServerConfigKeys (ConfUtils.java:logGet(43)) - raft.server.staging.catchup.gap = 1000 (default)
2019-09-26 16:37:07,288 [4df474a6-b7e4-4522-927a-71b18ab9072b@group-D75D31A6FD0C:LeaderElection12] INFO  server.RaftServerConfigKeys (ConfUtils.java:logGet(43)) - raft.server.staging.catchup.gap = 1000 (default)
2019-09-26 16:37:07,290 [4df474a6-b7e4-4522-927a-71b18ab9072b@group-199EBCA2E096:LeaderElection2] INFO  server.RaftServerConfigKeys (ConfUtils.java:logGet(43)) - raft.server.rpc.sleep.time = 25ms (default)
2019-09-26 16:37:07,290 [4df474a6-b7e4-4522-927a-71b18ab9072b@group-A5FD3D0BFC32:LeaderElection8] INFO  server.RaftServerConfigKeys (ConfUtils.java:logGet(43)) - raft.server.rpc.sleep.time = 25ms (default)
2019-09-26 16:37:07,289 [4df474a6-b7e4-4522-927a-71b18ab9072b@group-DE8590765A81:LeaderElection11] INFO  server.RaftServerConfigKeys (ConfUtils.java:logGet(43)) - raft.server.rpc.sleep.time = 25ms (default)
2019-09-26 16:37:07,289 [4df474a6-b7e4-4522-927a-71b18ab9072b@group-F89BDA07760D:LeaderElection6] INFO  server.RaftServerConfigKeys (ConfUtils.java:logGet(43)) - raft.server.rpc.sleep.time = 25ms (default)
2019-09-26 16:37:07,289 [4df474a6-b7e4-4522-927a-71b18ab9072b@group-E8EBD7BA43F7:LeaderElection7] INFO  server.RaftServerConfigKeys (ConfUtils.java:logGet(43)) - raft.server.rpc.sleep.time = 25ms (default)
2019-09-26 16:37:07,289 [4df474a6-b7e4-4522-927a-71b18ab9072b@group-55D2338C37C2:LeaderElection9] INFO  server.RaftServerConfigKeys (ConfUtils.java:logGet(43)) - raft.server.rpc.sleep.time = 25ms (default)
2019-09-26 16:37:07,289 [4df474a6-b7e4-4522-927a-71b18ab9072b@group-7A096ADAB5B9:LeaderElection5] INFO  server.RaftServerConfigKeys (ConfUtils.java:logGet(43)) - raft.server.staging.catchup.gap = 1000 (default)
2019-09-26 16:37:07,289 [4df474a6-b7e4-4522-927a-71b18ab9072b@group-9150591B16C4:LeaderElection4] INFO  server.RaftServerConfigKeys (ConfUtils.java:logGet(43)) - raft.server.rpc.sleep.time = 25ms (default)
2019-09-26 16:37:07,289 [4df474a6-b7e4-4522-927a-71b18ab9072b@group-1F71D7CFB1FC:LeaderElection10] INFO  server.RaftServerConfigKeys (ConfUtils.java:logGet(43)) - raft.server.staging.catchup.gap = 1000 (default)
2019-09-26 16:37:07,289 [4df474a6-b7e4-4522-927a-71b18ab9072b@group-DF7634374DDA:LeaderElection3] INFO  server.RaftServerConfigKeys (ConfUtils.java:logGet(43)) - raft.server.staging.catchup.gap = 1000 (default)
2019-09-26 16:37:07,289 [pool-27-thread-1] INFO  server.RaftServerConfigKeys (ConfUtils.java:logGet(43)) - raft.server.log.write.buffer.size = 33554432 (custom)
2019-09-26 16:37:07,289 [4df474a6-b7e4-4522-927a-71b18ab9072b@group-EF4278451301:LeaderElection1] INFO  server.RaftServerConfigKeys (ConfUtils.java:logGet(43)) - raft.server.staging.catchup.gap = 1000 (default)
2019-09-26 16:37:07,291 [pool-27-thread-1] INFO  server.RaftServerConfigKeys (ConfUtils.java:logGet(43)) - raft.server.log.force.sync.num = 128 (default)
2019-09-26 16:37:07,291 [4df474a6-b7e4-4522-927a-71b18ab9072b@group-DF7634374DDA:LeaderElection3] INFO  server.RaftServerConfigKeys (ConfUtils.java:logGet(43)) - raft.server.rpc.sleep.time = 25ms (default)
2019-09-26 16:37:07,291 [4df474a6-b7e4-4522-927a-71b18ab9072b@group-1F71D7CFB1FC:LeaderElection10] INFO  server.RaftServerConfigKeys (ConfUtils.java:logGet(43)) - raft.server.rpc.sleep.time = 25ms (default)
2019-09-26 16:37:07,291 [4df474a6-b7e4-4522-927a-71b18ab9072b@group-7A096ADAB5B9:LeaderElection5] INFO  server.RaftServerConfigKeys (ConfUtils.java:logGet(43)) - raft.server.rpc.sleep.time = 25ms (default)
2019-09-26 16:37:07,290 [4df474a6-b7e4-4522-927a-71b18ab9072b@group-D75D31A6FD0C:LeaderElection12] INFO  server.RaftServerConfigKeys (ConfUtils.java:logGet(43)) - raft.server.rpc.sleep.time = 25ms (default)
2019-09-26 16:37:07,292 [pool-27-thread-1] INFO  server.RaftServerConfigKeys (ConfUtils.java:logGet(43)) - raft.server.log.statemachine.data.sync = true (default)
2019-09-26 16:37:07,291 [4df474a6-b7e4-4522-927a-71b18ab9072b@group-EF4278451301:LeaderElection1] INFO  server.RaftServerConfigKeys (ConfUtils.java:logGet(43)) - raft.server.rpc.sleep.time = 25ms (default)
2019-09-26 16:37:07,293 [4df474a6-b7e4-4522-927a-71b18ab9072b@group-D75D31A6FD0C:LeaderElection12] INFO  server.RaftServerConfigKeys (ConfUtils.java:logGet(43)) - raft.server.write.element-limit = 4096 (default)
2019-09-26 16:37:07,293 [4df474a6-b7e4-4522-927a-71b18ab9072b@group-DF7634374DDA:LeaderElection3] INFO  server.RaftServerConfigKeys (ConfUtils.java:logGet(43)) - raft.server.write.element-limit = 4096 (default)
2019-09-26 16:37:07,293 [pool-27-thread-1] INFO  server.RaftServerConfigKeys (ConfUtils.java:logGet(43)) - raft.server.log.statemachine.data.sync.timeout = 10s (default)
2019-09-26 16:37:07,293 [4df474a6-b7e4-4522-927a-71b18ab9072b@group-F89BDA07760D:LeaderElection6] INFO  server.RaftServerConfigKeys (ConfUtils.java:logGet(43)) - raft.server.write.element-limit = 4096 (default)
2019-09-26 16:37:07,293 [4df474a6-b7e4-4522-927a-71b18ab9072b@group-7A096ADAB5B9:LeaderElection5] INFO  server.RaftServerConfigKeys (ConfUtils.java:logGet(43)) - raft.server.write.element-limit = 4096 (default)
2019-09-26 16:37:07,293 [4df474a6-b7e4-4522-927a-71b18ab9072b@group-199EBCA2E096:LeaderElection2] INFO  server.RaftServerConfigKeys (ConfUtils.java:logGet(43)) - raft.server.write.element-limit = 4096 (default)
2019-09-26 16:37:07,293 [4df474a6-b7e4-4522-927a-71b18ab9072b@group-1F71D7CFB1FC:LeaderElection10] INFO  server.RaftServerConfigKeys (ConfUtils.java:logGet(43)) - raft.server.write.element-limit = 4096 (default)
2019-09-26 16:37:07,292 [4df474a6-b7e4-4522-927a-71b18ab9072b@group-E8EBD7BA43F7:LeaderElection7] INFO  server.RaftServerConfigKeys (ConfUtils.java:logGet(43)) - raft.server.write.element-limit = 4096 (default)
2019-09-26 16:37:07,293 [pool-27-thread-1] INFO  server.RaftServerConfigKeys (ConfUtils.java:logGet(43)) - raft.server.log.statemachine.data.sync.timeout.retry = -1 (default)
2019-09-26 16:37:07,293 [4df474a6-b7e4-4522-927a-71b18ab9072b@group-9150591B16C4:LeaderElection4] INFO  server.RaftServerConfigKeys (ConfUtils.java:logGet(43)) - raft.server.write.element-limit = 4096 (default)
2019-09-26 16:37:07,293 [4df474a6-b7e4-4522-927a-71b18ab9072b@group-DE8590765A81:LeaderElection11] INFO  server.RaftServerConfigKeys (ConfUtils.java:logGet(43)) - raft.server.write.element-limit = 4096 (default)
2019-09-26 16:37:07,293 [4df474a6-b7e4-4522-927a-71b18ab9072b@group-55D2338C37C2:LeaderElection9] INFO  server.RaftServerConfigKeys (ConfUtils.java:logGet(43)) - raft.server.write.element-limit = 4096 (default)
2019-09-26 16:37:07,293 [4df474a6-b7e4-4522-927a-71b18ab9072b@group-EF4278451301:LeaderElection1] INFO  server.RaftServerConfigKeys (ConfUtils.java:logGet(43)) - raft.server.write.element-limit = 4096 (default)
2019-09-26 16:37:07,295 [4df474a6-b7e4-4522-927a-71b18ab9072b@group-199EBCA2E096:LeaderElection2] INFO  server.RaftServerConfigKeys (ConfUtils.java:logGet(43)) - raft.server.watch.timeout = 10s (default)
2019-09-26 16:37:07,293 [4df474a6-b7e4-4522-927a-71b18ab9072b@group-A5FD3D0BFC32:LeaderElection8] INFO  server.RaftServerConfigKeys (ConfUtils.java:logGet(43)) - raft.server.write.element-limit = 4096 (default)
2019-09-26 16:37:07,295 [4df474a6-b7e4-4522-927a-71b18ab9072b@group-DE8590765A81:LeaderElection11] INFO  server.RaftServerConfigKeys (ConfUtils.java:logGet(43)) - raft.server.watch.timeout = 10s (default)
2019-09-26 16:37:07,295 [4df474a6-b7e4-4522-927a-71b18ab9072b@group-55D2338C37C2:LeaderElection9] INFO  server.RaftServerConfigKeys (ConfUtils.java:logGet(43)) - raft.server.watch.timeout = 10s (default)
2019-09-26 16:37:07,295 [4df474a6-b7e4-4522-927a-71b18ab9072b@group-A5FD3D0BFC32:LeaderElection8] INFO  server.RaftServerConfigKeys (ConfUtils.java:logGet(43)) - raft.server.watch.timeout = 10s (default)
2019-09-26 16:37:07,295 [4df474a6-b7e4-4522-927a-71b18ab9072b@group-9150591B16C4:LeaderElection4] INFO  server.RaftServerConfigKeys (ConfUtils.java:logGet(43)) - raft.server.watch.timeout = 10s (default)
2019-09-26 16:37:07,295 [4df474a6-b7e4-4522-927a-71b18ab9072b@group-DF7634374DDA:LeaderElection3] INFO  server.RaftServerConfigKeys (ConfUtils.java:logGet(43)) - raft.server.watch.timeout = 10s (default)
2019-09-26 16:37:07,295 [4df474a6-b7e4-4522-927a-71b18ab9072b@group-F89BDA07760D:LeaderElection6] INFO  server.RaftServerConfigKeys (ConfUtils.java:logGet(43)) - raft.server.watch.timeout = 10s (default)
2019-09-26 16:37:07,295 [4df474a6-b7e4-4522-927a-71b18ab9072b@group-E8EBD7BA43F7:LeaderElection7] INFO  server.RaftServerConfigKeys (ConfUtils.java:logGet(43)) - raft.server.watch.timeout = 10s (default)
2019-09-26 16:37:07,295 [4df474a6-b7e4-4522-927a-71b18ab9072b@group-199EBCA2E096:LeaderElection2] INFO  server.RaftServerConfigKeys (ConfUtils.java:logGet(43)) - raft.server.watch.timeout.denomination = 1s (default)
2019-09-26 16:37:07,295 [4df474a6-b7e4-4522-927a-71b18ab9072b@group-D75D31A6FD0C:LeaderElection12] INFO  server.RaftServerConfigKeys (ConfUtils.java:logGet(43)) - raft.server.watch.timeout = 10s (default)
2019-09-26 16:37:07,295 [4df474a6-b7e4-4522-927a-71b18ab9072b@group-EF4278451301:LeaderElection1] INFO  server.RaftServerConfigKeys (ConfUtils.java:logGet(43)) - raft.server.watch.timeout = 10s (default)
2019-09-26 16:37:07,295 [4df474a6-b7e4-4522-927a-71b18ab9072b@group-1F71D7CFB1FC:LeaderElection10] INFO  server.RaftServerConfigKeys (ConfUtils.java:logGet(43)) - raft.server.watch.timeout = 10s (default)
2019-09-26 16:37:07,295 [4df474a6-b7e4-4522-927a-71b18ab9072b@group-7A096ADAB5B9:LeaderElection5] INFO  server.RaftServerConfigKeys (ConfUtils.java:logGet(43)) - raft.server.watch.timeout = 10s (default)
2019-09-26 16:37:07,294 [pool-27-thread-1] INFO  server.RaftServerConfigKeys (ConfUtils.java:logGet(43)) - raft.server.log.statemachine.data.caching.enabled = true (custom)
2019-09-26 16:37:07,297 [4df474a6-b7e4-4522-927a-71b18ab9072b@group-199EBCA2E096:LeaderElection2] INFO  server.RaftServerConfigKeys (ConfUtils.java:logGet(43)) - raft.server.watch.element-limit = 65536 (default)
2019-09-26 16:37:07,297 [4df474a6-b7e4-4522-927a-71b18ab9072b@group-7A096ADAB5B9:LeaderElection5] INFO  server.RaftServerConfigKeys (ConfUtils.java:logGet(43)) - raft.server.watch.timeout.denomination = 1s (default)
2019-09-26 16:37:07,297 [4df474a6-b7e4-4522-927a-71b18ab9072b@group-1F71D7CFB1FC:LeaderElection10] INFO  server.RaftServerConfigKeys (ConfUtils.java:logGet(43)) - raft.server.watch.timeout.denomination = 1s (default)
2019-09-26 16:37:07,297 [4df474a6-b7e4-4522-927a-71b18ab9072b@group-EF4278451301:LeaderElection1] INFO  server.RaftServerConfigKeys (ConfUtils.java:logGet(43)) - raft.server.watch.timeout.denomination = 1s (default)
2019-09-26 16:37:07,297 [4df474a6-b7e4-4522-927a-71b18ab9072b@group-D75D31A6FD0C:LeaderElection12] INFO  server.RaftServerConfigKeys (ConfUtils.java:logGet(43)) - raft.server.watch.timeout.denomination = 1s (default)
2019-09-26 16:37:07,297 [4df474a6-b7e4-4522-927a-71b18ab9072b@group-E8EBD7BA43F7:LeaderElection7] INFO  server.RaftServerConfigKeys (ConfUtils.java:logGet(43)) - raft.server.watch.timeout.denomination = 1s (default)
2019-09-26 16:37:07,296 [4df474a6-b7e4-4522-927a-71b18ab9072b@group-F89BDA07760D:LeaderElection6] INFO  server.RaftServerConfigKeys (ConfUtils.java:logGet(43)) - raft.server.watch.timeout.denomination = 1s (default)
2019-09-26 16:37:07,296 [4df474a6-b7e4-4522-927a-71b18ab9072b@group-DF7634374DDA:LeaderElection3] INFO  server.RaftServerConfigKeys (ConfUtils.java:logGet(43)) - raft.server.watch.timeout.denomination = 1s (default)
2019-09-26 16:37:07,296 [4df474a6-b7e4-4522-927a-71b18ab9072b@group-9150591B16C4:LeaderElection4] INFO  server.RaftServerConfigKeys (ConfUtils.java:logGet(43)) - raft.server.watch.timeout.denomination = 1s (default)
2019-09-26 16:37:07,296 [4df474a6-b7e4-4522-927a-71b18ab9072b@group-A5FD3D0BFC32:LeaderElection8] INFO  server.RaftServerConfigKeys (ConfUtils.java:logGet(43)) - raft.server.watch.timeout.denomination = 1s (default)
2019-09-26 16:37:07,296 [4df474a6-b7e4-4522-927a-71b18ab9072b@group-55D2338C37C2:LeaderElection9] INFO  server.RaftServerConfigKeys (ConfUtils.java:logGet(43)) - raft.server.watch.timeout.denomination = 1s (default)
2019-09-26 16:37:07,295 [4df474a6-b7e4-4522-927a-71b18ab9072b@group-DE8590765A81:LeaderElection11] INFO  server.RaftServerConfigKeys (ConfUtils.java:logGet(43)) - raft.server.watch.timeout.denomination = 1s (default)
2019-09-26 16:37:07,299 [4df474a6-b7e4-4522-927a-71b18ab9072b@group-55D2338C37C2:LeaderElection9] INFO  server.RaftServerConfigKeys (ConfUtils.java:logGet(43)) - raft.server.watch.element-limit = 65536 (default)
2019-09-26 16:37:07,299 [4df474a6-b7e4-4522-927a-71b18ab9072b@group-A5FD3D0BFC32:LeaderElection8] INFO  server.RaftServerConfigKeys (ConfUtils.java:logGet(43)) - raft.server.watch.element-limit = 65536 (default)
2019-09-26 16:37:07,299 [4df474a6-b7e4-4522-927a-71b18ab9072b@group-9150591B16C4:LeaderElection4] INFO  server.RaftServerConfigKeys (ConfUtils.java:logGet(43)) - raft.server.watch.element-limit = 65536 (default)
2019-09-26 16:37:07,298 [4df474a6-b7e4-4522-927a-71b18ab9072b@group-DF7634374DDA:LeaderElection3] INFO  server.RaftServerConfigKeys (ConfUtils.java:logGet(43)) - raft.server.watch.element-limit = 65536 (default)
2019-09-26 16:37:07,298 [4df474a6-b7e4-4522-927a-71b18ab9072b@group-F89BDA07760D:LeaderElection6] INFO  server.RaftServerConfigKeys (ConfUtils.java:logGet(43)) - raft.server.watch.element-limit = 65536 (default)
2019-09-26 16:37:07,298 [4df474a6-b7e4-4522-927a-71b18ab9072b@group-E8EBD7BA43F7:LeaderElection7] INFO  server.RaftServerConfigKeys (ConfUtils.java:logGet(43)) - raft.server.watch.element-limit = 65536 (default)
2019-09-26 16:37:07,298 [4df474a6-b7e4-4522-927a-71b18ab9072b@group-D75D31A6FD0C:LeaderElection12] INFO  server.RaftServerConfigKeys (ConfUtils.java:logGet(43)) - raft.server.watch.element-limit = 65536 (default)
2019-09-26 16:37:07,298 [4df474a6-b7e4-4522-927a-71b18ab9072b@group-EF4278451301:LeaderElection1] INFO  server.RaftServerConfigKeys (ConfUtils.java:logGet(43)) - raft.server.watch.element-limit = 65536 (default)
2019-09-26 16:37:07,298 [pool-27-thread-1] INFO  segmented.SegmentedRaftLogWorker (SegmentedRaftLogWorker.java:lambda$new$0(132)) - 4df474a6-b7e4-4522-927a-71b18ab9072b@group-639D425CA668-SegmentedRaftLogWorker: flushIndex: setUnconditionally 0 -> -1
2019-09-26 16:37:07,298 [4df474a6-b7e4-4522-927a-71b18ab9072b@group-1F71D7CFB1FC:LeaderElection10] INFO  server.RaftServerConfigKeys (ConfUtils.java:logGet(43)) - raft.server.watch.element-limit = 65536 (default)
2019-09-26 16:37:07,297 [4df474a6-b7e4-4522-927a-71b18ab9072b@group-7A096ADAB5B9:LeaderElection5] INFO  server.RaftServerConfigKeys (ConfUtils.java:logGet(43)) - raft.server.watch.element-limit = 65536 (default)
2019-09-26 16:37:07,299 [4df474a6-b7e4-4522-927a-71b18ab9072b@group-DE8590765A81:LeaderElection11] INFO  server.RaftServerConfigKeys (ConfUtils.java:logGet(43)) - raft.server.watch.element-limit = 65536 (default)
2019-09-26 16:37:07,308 [pool-27-thread-1] INFO  server.RaftServerConfigKeys (ConfUtils.java:logGet(43)) - raft.server.snapshot.auto.trigger.enabled = true (custom)
2019-09-26 16:37:07,311 [pool-27-thread-1] INFO  server.RaftServerConfigKeys (ConfUtils.java:logGet(43)) - raft.server.snapshot.auto.trigger.threshold = 1 (custom)
2019-09-26 16:37:07,312 [pool-27-thread-1] INFO  server.RaftServerConfigKeys (ConfUtils.java:logGet(43)) - raft.server.snapshot.retention.num.files = 5 (custom)
2019-09-26 16:37:07,312 [pool-27-thread-1] INFO  server.RaftServerConfigKeys (ConfUtils.java:logGet(43)) - raft.server.retrycache.expirytime = 600000ms (custom)
2019-09-26 16:37:07,345 [4df474a6-b7e4-4522-927a-71b18ab9072b@group-E8EBD7BA43F7:LeaderElection7] INFO  impl.RoleInfo (RoleInfo.java:updateAndGet(143)) - 4df474a6-b7e4-4522-927a-71b18ab9072b: start LeaderState
2019-09-26 16:37:07,353 [pool-27-thread-1] INFO  impl.RaftServerImpl (RaftServerImpl.java:<init>(95)) - 4df474a6-b7e4-4522-927a-71b18ab9072b: new RaftServerImpl for group-F0157B55D91D:[4df474a6-b7e4-4522-927a-71b18ab9072b:192.168.151.99:42608] with ContainerStateMachine:uninitialized
2019-09-26 16:37:07,354 [pool-27-thread-1] INFO  server.RaftServerConfigKeys (ConfUtils.java:logGet(43)) - raft.server.rpc.timeout.min = 5s (custom)
2019-09-26 16:37:07,354 [pool-27-thread-1] INFO  server.RaftServerConfigKeys (ConfUtils.java:logGet(43)) - raft.server.rpc.timeout.max = 5200ms (custom)
2019-09-26 16:37:07,354 [pool-27-thread-1] INFO  server.RaftServerConfigKeys (ConfUtils.java:logGet(43)) - raft.server.rpcslowness.timeout = 120s (custom)
2019-09-26 16:37:07,354 [pool-27-thread-1] INFO  server.RaftServerConfigKeys (ConfUtils.java:logGet(43)) - raft.server.sleep.deviation.threshold = 300 (default)
2019-09-26 16:37:07,354 [pool-27-thread-1] INFO  server.RaftServerConfigKeys (ConfUtils.java:logGet(43)) - raft.server.log.appender.install.snapshot.enabled = false (custom)
2019-09-26 16:37:07,354 [4df474a6-b7e4-4522-927a-71b18ab9072b@group-DE8590765A81:LeaderElection11] INFO  impl.RoleInfo (RoleInfo.java:updateAndGet(143)) - 4df474a6-b7e4-4522-927a-71b18ab9072b: start LeaderState
2019-09-26 16:37:07,354 [pool-27-thread-1] INFO  impl.RaftServerImpl (ServerState.java:<init>(103)) - 4df474a6-b7e4-4522-927a-71b18ab9072b@group-F0157B55D91D: ConfigurationManager, init=-1: [4df474a6-b7e4-4522-927a-71b18ab9072b:192.168.151.99:42608], old=null, confs=<EMPTY_MAP>
2019-09-26 16:37:07,355 [pool-27-thread-1] INFO  server.RaftServerConfigKeys (ConfUtils.java:logGet(43)) - raft.server.storage.dir = [/workdir/hadoop-ozone/integration-test/target/test-dir/MiniOzoneClusterImpl-70722cd4-f409-492b-b989-123ae7a5dad2/datanode-0/data/ratis] (custom)
2019-09-26 16:37:07,355 [pool-27-thread-1] INFO  storage.RaftStorageDirectory (RaftStorageDirectory.java:analyzeStorage(246)) - The storage directory /workdir/hadoop-ozone/integration-test/target/test-dir/MiniOzoneClusterImpl-70722cd4-f409-492b-b989-123ae7a5dad2/datanode-0/data/ratis/e03761bc-d229-4dfb-9316-f0157b55d91d does not exist. Creating ...
2019-09-26 16:37:07,363 [4df474a6-b7e4-4522-927a-71b18ab9072b@group-7A096ADAB5B9:LeaderElection5] INFO  impl.RoleInfo (RoleInfo.java:updateAndGet(143)) - 4df474a6-b7e4-4522-927a-71b18ab9072b: start LeaderState
2019-09-26 16:37:07,364 [4df474a6-b7e4-4522-927a-71b18ab9072b@group-1F71D7CFB1FC:LeaderElection10] INFO  impl.RoleInfo (RoleInfo.java:updateAndGet(143)) - 4df474a6-b7e4-4522-927a-71b18ab9072b: start LeaderState
2019-09-26 16:37:07,365 [pool-27-thread-1] INFO  storage.RaftStorageDirectory (RaftStorageDirectory.java:tryLock(328)) - Lock on /workdir/hadoop-ozone/integration-test/target/test-dir/MiniOzoneClusterImpl-70722cd4-f409-492b-b989-123ae7a5dad2/datanode-0/data/ratis/e03761bc-d229-4dfb-9316-f0157b55d91d/in_use.lock acquired by nodename 3240@pr-hdds-1569-g6sp5-2013761785
2019-09-26 16:37:07,365 [4df474a6-b7e4-4522-927a-71b18ab9072b@group-DE8590765A81:LeaderElection11] INFO  segmented.SegmentedRaftLogWorker (SegmentedRaftLogWorker.java:startLogSegment(380)) - 4df474a6-b7e4-4522-927a-71b18ab9072b@group-DE8590765A81-SegmentedRaftLogWorker: Starting segment from index:0
2019-09-26 16:37:07,365 [4df474a6-b7e4-4522-927a-71b18ab9072b@group-E8EBD7BA43F7:LeaderElection7] INFO  segmented.SegmentedRaftLogWorker (SegmentedRaftLogWorker.java:startLogSegment(380)) - 4df474a6-b7e4-4522-927a-71b18ab9072b@group-E8EBD7BA43F7-SegmentedRaftLogWorker: Starting segment from index:0
2019-09-26 16:37:07,365 [4df474a6-b7e4-4522-927a-71b18ab9072b@group-7A096ADAB5B9:LeaderElection5] INFO  segmented.SegmentedRaftLogWorker (SegmentedRaftLogWorker.java:startLogSegment(380)) - 4df474a6-b7e4-4522-927a-71b18ab9072b@group-7A096ADAB5B9-SegmentedRaftLogWorker: Starting segment from index:0
2019-09-26 16:37:07,365 [4df474a6-b7e4-4522-927a-71b18ab9072b@group-1F71D7CFB1FC:LeaderElection10] INFO  segmented.SegmentedRaftLogWorker (SegmentedRaftLogWorker.java:startLogSegment(380)) - 4df474a6-b7e4-4522-927a-71b18ab9072b@group-1F71D7CFB1FC-SegmentedRaftLogWorker: Starting segment from index:0
2019-09-26 16:37:07,369 [4df474a6-b7e4-4522-927a-71b18ab9072b@group-55D2338C37C2:LeaderElection9] INFO  impl.RoleInfo (RoleInfo.java:updateAndGet(143)) - 4df474a6-b7e4-4522-927a-71b18ab9072b: start LeaderState
2019-09-26 16:37:07,369 [4df474a6-b7e4-4522-927a-71b18ab9072b@group-55D2338C37C2:LeaderElection9] INFO  segmented.SegmentedRaftLogWorker (SegmentedRaftLogWorker.java:startLogSegment(380)) - 4df474a6-b7e4-4522-927a-71b18ab9072b@group-55D2338C37C2-SegmentedRaftLogWorker: Starting segment from index:0
2019-09-26 16:37:07,370 [4df474a6-b7e4-4522-927a-71b18ab9072b@group-A5FD3D0BFC32:LeaderElection8] INFO  impl.RoleInfo (RoleInfo.java:updateAndGet(143)) - 4df474a6-b7e4-4522-927a-71b18ab9072b: start LeaderState
2019-09-26 16:37:07,370 [4df474a6-b7e4-4522-927a-71b18ab9072b@group-A5FD3D0BFC32:LeaderElection8] INFO  segmented.SegmentedRaftLogWorker (SegmentedRaftLogWorker.java:startLogSegment(380)) - 4df474a6-b7e4-4522-927a-71b18ab9072b@group-A5FD3D0BFC32-SegmentedRaftLogWorker: Starting segment from index:0
2019-09-26 16:37:07,371 [4df474a6-b7e4-4522-927a-71b18ab9072b@group-9150591B16C4:LeaderElection4] INFO  impl.RoleInfo (RoleInfo.java:updateAndGet(143)) - 4df474a6-b7e4-4522-927a-71b18ab9072b: start LeaderState
2019-09-26 16:37:07,371 [4df474a6-b7e4-4522-927a-71b18ab9072b@group-9150591B16C4:LeaderElection4] INFO  segmented.SegmentedRaftLogWorker (SegmentedRaftLogWorker.java:startLogSegment(380)) - 4df474a6-b7e4-4522-927a-71b18ab9072b@group-9150591B16C4-SegmentedRaftLogWorker: Starting segment from index:0
2019-09-26 16:37:07,371 [4df474a6-b7e4-4522-927a-71b18ab9072b@group-F89BDA07760D:LeaderElection6] INFO  impl.RoleInfo (RoleInfo.java:updateAndGet(143)) - 4df474a6-b7e4-4522-927a-71b18ab9072b: start LeaderState
2019-09-26 16:37:07,371 [4df474a6-b7e4-4522-927a-71b18ab9072b@group-F89BDA07760D:LeaderElection6] INFO  segmented.SegmentedRaftLogWorker (SegmentedRaftLogWorker.java:startLogSegment(380)) - 4df474a6-b7e4-4522-927a-71b18ab9072b@group-F89BDA07760D-SegmentedRaftLogWorker: Starting segment from index:0
2019-09-26 16:37:07,372 [4df474a6-b7e4-4522-927a-71b18ab9072b@group-EF4278451301:LeaderElection1] INFO  impl.RoleInfo (RoleInfo.java:updateAndGet(143)) - 4df474a6-b7e4-4522-927a-71b18ab9072b: start LeaderState
2019-09-26 16:37:07,372 [4df474a6-b7e4-4522-927a-71b18ab9072b@group-EF4278451301:LeaderElection1] INFO  segmented.SegmentedRaftLogWorker (SegmentedRaftLogWorker.java:startLogSegment(380)) - 4df474a6-b7e4-4522-927a-71b18ab9072b@group-EF4278451301-SegmentedRaftLogWorker: Starting segment from index:0
2019-09-26 16:37:07,372 [4df474a6-b7e4-4522-927a-71b18ab9072b@group-DF7634374DDA:LeaderElection3] INFO  impl.RoleInfo (RoleInfo.java:updateAndGet(143)) - 4df474a6-b7e4-4522-927a-71b18ab9072b: start LeaderState
2019-09-26 16:37:07,372 [4df474a6-b7e4-4522-927a-71b18ab9072b@group-199EBCA2E096:LeaderElection2] INFO  impl.RoleInfo (RoleInfo.java:updateAndGet(143)) - 4df474a6-b7e4-4522-927a-71b18ab9072b: start LeaderState
2019-09-26 16:37:07,372 [4df474a6-b7e4-4522-927a-71b18ab9072b@group-D75D31A6FD0C:LeaderElection12] INFO  impl.RoleInfo (RoleInfo.java:updateAndGet(143)) - 4df474a6-b7e4-4522-927a-71b18ab9072b: start LeaderState
2019-09-26 16:37:07,372 [4df474a6-b7e4-4522-927a-71b18ab9072b@group-DF7634374DDA:LeaderElection3] INFO  segmented.SegmentedRaftLogWorker (SegmentedRaftLogWorker.java:startLogSegment(380)) - 4df474a6-b7e4-4522-927a-71b18ab9072b@group-DF7634374DDA-SegmentedRaftLogWorker: Starting segment from index:0
2019-09-26 16:37:07,372 [4df474a6-b7e4-4522-927a-71b18ab9072b@group-199EBCA2E096:LeaderElection2] INFO  segmented.SegmentedRaftLogWorker (SegmentedRaftLogWorker.java:startLogSegment(380)) - 4df474a6-b7e4-4522-927a-71b18ab9072b@group-199EBCA2E096-SegmentedRaftLogWorker: Starting segment from index:0
2019-09-26 16:37:07,373 [4df474a6-b7e4-4522-927a-71b18ab9072b@group-D75D31A6FD0C:LeaderElection12] INFO  segmented.SegmentedRaftLogWorker (SegmentedRaftLogWorker.java:startLogSegment(380)) - 4df474a6-b7e4-4522-927a-71b18ab9072b@group-D75D31A6FD0C-SegmentedRaftLogWorker: Starting segment from index:0
2019-09-26 16:37:07,379 [4df474a6-b7e4-4522-927a-71b18ab9072b@group-F89BDA07760D:LeaderElection6] INFO  impl.RaftServerImpl (ServerState.java:setRaftConf(354)) - 4df474a6-b7e4-4522-927a-71b18ab9072b@group-F89BDA07760D: set configuration 0: [4df474a6-b7e4-4522-927a-71b18ab9072b:192.168.151.99:42608], old=null at 0
2019-09-26 16:37:07,379 [4df474a6-b7e4-4522-927a-71b18ab9072b@group-E8EBD7BA43F7:LeaderElection7] INFO  impl.RaftServerImpl (ServerState.java:setRaftConf(354)) - 4df474a6-b7e4-4522-927a-71b18ab9072b@group-E8EBD7BA43F7: set configuration 0: [4df474a6-b7e4-4522-927a-71b18ab9072b:192.168.151.99:42608], old=null at 0
2019-09-26 16:37:07,379 [4df474a6-b7e4-4522-927a-71b18ab9072b@group-9150591B16C4:LeaderElection4] INFO  impl.RaftServerImpl (ServerState.java:setRaftConf(354)) - 4df474a6-b7e4-4522-927a-71b18ab9072b@group-9150591B16C4: set configuration 0: [4df474a6-b7e4-4522-927a-71b18ab9072b:192.168.151.99:42608], old=null at 0
2019-09-26 16:37:07,379 [4df474a6-b7e4-4522-927a-71b18ab9072b@group-D75D31A6FD0C:LeaderElection12] INFO  impl.RaftServerImpl (ServerState.java:setRaftConf(354)) - 4df474a6-b7e4-4522-927a-71b18ab9072b@group-D75D31A6FD0C: set configuration 0: [4df474a6-b7e4-4522-927a-71b18ab9072b:192.168.151.99:42608], old=null at 0
2019-09-26 16:37:07,381 [4df474a6-b7e4-4522-927a-71b18ab9072b@group-A5FD3D0BFC32:LeaderElection8] INFO  impl.RaftServerImpl (ServerState.java:setRaftConf(354)) - 4df474a6-b7e4-4522-927a-71b18ab9072b@group-A5FD3D0BFC32: set configuration 0: [4df474a6-b7e4-4522-927a-71b18ab9072b:192.168.151.99:42608], old=null at 0
2019-09-26 16:37:07,381 [4df474a6-b7e4-4522-927a-71b18ab9072b@group-DF7634374DDA:LeaderElection3] INFO  impl.RaftServerImpl (ServerState.java:setRaftConf(354)) - 4df474a6-b7e4-4522-927a-71b18ab9072b@group-DF7634374DDA: set configuration 0: [4df474a6-b7e4-4522-927a-71b18ab9072b:192.168.151.99:42608], old=null at 0
2019-09-26 16:37:07,381 [4df474a6-b7e4-4522-927a-71b18ab9072b@group-1F71D7CFB1FC:LeaderElection10] INFO  impl.RaftServerImpl (ServerState.java:setRaftConf(354)) - 4df474a6-b7e4-4522-927a-71b18ab9072b@group-1F71D7CFB1FC: set configuration 0: [4df474a6-b7e4-4522-927a-71b18ab9072b:192.168.151.99:42608], old=null at 0
2019-09-26 16:37:07,381 [4df474a6-b7e4-4522-927a-71b18ab9072b@group-199EBCA2E096:LeaderElection2] INFO  impl.RaftServerImpl (ServerState.java:setRaftConf(354)) - 4df474a6-b7e4-4522-927a-71b18ab9072b@group-199EBCA2E096: set configuration 0: [4df474a6-b7e4-4522-927a-71b18ab9072b:192.168.151.99:42608], old=null at 0
2019-09-26 16:37:07,380 [4df474a6-b7e4-4522-927a-71b18ab9072b@group-DE8590765A81:LeaderElection11] INFO  impl.RaftServerImpl (ServerState.java:setRaftConf(354)) - 4df474a6-b7e4-4522-927a-71b18ab9072b@group-DE8590765A81: set configuration 0: [4df474a6-b7e4-4522-927a-71b18ab9072b:192.168.151.99:42608], old=null at 0
2019-09-26 16:37:07,380 [4df474a6-b7e4-4522-927a-71b18ab9072b@group-EF4278451301:LeaderElection1] INFO  impl.RaftServerImpl (ServerState.java:setRaftConf(354)) - 4df474a6-b7e4-4522-927a-71b18ab9072b@group-EF4278451301: set configuration 0: [4df474a6-b7e4-4522-927a-71b18ab9072b:192.168.151.99:42608], old=null at 0
2019-09-26 16:37:07,380 [4df474a6-b7e4-4522-927a-71b18ab9072b@group-55D2338C37C2:LeaderElection9] INFO  impl.RaftServerImpl (ServerState.java:setRaftConf(354)) - 4df474a6-b7e4-4522-927a-71b18ab9072b@group-55D2338C37C2: set configuration 0: [4df474a6-b7e4-4522-927a-71b18ab9072b:192.168.151.99:42608], old=null at 0
2019-09-26 16:37:07,380 [4df474a6-b7e4-4522-927a-71b18ab9072b@group-7A096ADAB5B9:LeaderElection5] INFO  impl.RaftServerImpl (ServerState.java:setRaftConf(354)) - 4df474a6-b7e4-4522-927a-71b18ab9072b@group-7A096ADAB5B9: set configuration 0: [4df474a6-b7e4-4522-927a-71b18ab9072b:192.168.151.99:42608], old=null at 0
2019-09-26 16:37:07,388 [pool-27-thread-1] INFO  storage.RaftStorage (RaftStorage.java:format(72)) - Storage directory /workdir/hadoop-ozone/integration-test/target/test-dir/MiniOzoneClusterImpl-70722cd4-f409-492b-b989-123ae7a5dad2/datanode-0/data/ratis/e03761bc-d229-4dfb-9316-f0157b55d91d has been successfully formatted.
2019-09-26 16:37:07,388 [pool-27-thread-1] INFO  ratis.ContainerStateMachine (ContainerStateMachine.java:loadSnapshot(230)) - group-F0157B55D91D: The snapshot info is null. Setting the last applied indexto:(t:0, i:~)
2019-09-26 16:37:07,388 [pool-27-thread-1] INFO  server.RaftServerConfigKeys (ConfUtils.java:logGet(43)) - raft.server.notification.no-leader.timeout = 120s (custom)
2019-09-26 16:37:07,389 [pool-27-thread-1] INFO  server.RaftServerConfigKeys (ConfUtils.java:logGet(43)) - raft.server.log.use.memory = false (default)
2019-09-26 16:37:07,389 [pool-27-thread-1] INFO  server.RaftServerConfigKeys (ConfUtils.java:logGet(43)) - raft.server.log.purge.gap = 1000000 (custom)
2019-09-26 16:37:07,389 [pool-27-thread-1] INFO  server.RaftServerConfigKeys (ConfUtils.java:logGet(43)) - raft.server.log.appender.buffer.byte-limit = 33554432 (custom)
2019-09-26 16:37:07,389 [pool-27-thread-1] INFO  server.RaftServerConfigKeys (ConfUtils.java:logGet(43)) - raft.server.log.segment.size.max = 1048576 (custom)
2019-09-26 16:37:07,389 [pool-27-thread-1] INFO  server.RaftServerConfigKeys (ConfUtils.java:logGet(43)) - raft.server.log.segment.cache.num.max = 2 (custom)
2019-09-26 16:37:07,389 [pool-27-thread-1] INFO  segmented.SegmentedRaftLogWorker (SegmentedRaftLogWorker.java:<init>(172)) - new 4df474a6-b7e4-4522-927a-71b18ab9072b@group-F0157B55D91D-SegmentedRaftLogWorker for RaftStorage:Storage Directory /workdir/hadoop-ozone/integration-test/target/test-dir/MiniOzoneClusterImpl-70722cd4-f409-492b-b989-123ae7a5dad2/datanode-0/data/ratis/e03761bc-d229-4dfb-9316-f0157b55d91d
2019-09-26 16:37:07,389 [pool-27-thread-1] INFO  server.RaftServerConfigKeys (ConfUtils.java:logGet(43)) - raft.server.log.queue.byte-limit = 2147483647 (custom)
2019-09-26 16:37:07,389 [pool-27-thread-1] INFO  server.RaftServerConfigKeys (ConfUtils.java:logGet(43)) - raft.server.log.queue.element-limit = 1024 (custom)
2019-09-26 16:37:07,390 [pool-27-thread-1] INFO  server.RaftServerConfigKeys (ConfUtils.java:logGet(43)) - raft.server.log.segment.size.max = 1048576 (custom)
2019-09-26 16:37:07,390 [pool-27-thread-1] INFO  server.RaftServerConfigKeys (ConfUtils.java:logGet(43)) - raft.server.log.preallocated.size = 16384 (custom)
2019-09-26 16:37:07,390 [pool-27-thread-1] INFO  server.RaftServerConfigKeys (ConfUtils.java:logGet(43)) - raft.server.log.write.buffer.size = 33554432 (custom)
2019-09-26 16:37:07,390 [pool-27-thread-1] INFO  server.RaftServerConfigKeys (ConfUtils.java:logGet(43)) - raft.server.log.force.sync.num = 128 (default)
2019-09-26 16:37:07,390 [pool-27-thread-1] INFO  server.RaftServerConfigKeys (ConfUtils.java:logGet(43)) - raft.server.log.statemachine.data.sync = true (default)
2019-09-26 16:37:07,390 [pool-27-thread-1] INFO  server.RaftServerConfigKeys (ConfUtils.java:logGet(43)) - raft.server.log.statemachine.data.sync.timeout = 10s (default)
2019-09-26 16:37:07,390 [pool-27-thread-1] INFO  server.RaftServerConfigKeys (ConfUtils.java:logGet(43)) - raft.server.log.statemachine.data.sync.timeout.retry = -1 (default)
2019-09-26 16:37:07,391 [pool-27-thread-1] INFO  server.RaftServerConfigKeys (ConfUtils.java:logGet(43)) - raft.server.log.statemachine.data.caching.enabled = true (custom)
2019-09-26 16:37:07,391 [pool-27-thread-1] INFO  segmented.SegmentedRaftLogWorker (SegmentedRaftLogWorker.java:lambda$new$0(132)) - 4df474a6-b7e4-4522-927a-71b18ab9072b@group-F0157B55D91D-SegmentedRaftLogWorker: flushIndex: setUnconditionally 0 -> -1
2019-09-26 16:37:07,391 [pool-27-thread-1] INFO  server.RaftServerConfigKeys (ConfUtils.java:logGet(43)) - raft.server.snapshot.auto.trigger.enabled = true (custom)
2019-09-26 16:37:07,391 [pool-27-thread-1] INFO  server.RaftServerConfigKeys (ConfUtils.java:logGet(43)) - raft.server.snapshot.auto.trigger.threshold = 1 (custom)
2019-09-26 16:37:07,391 [pool-27-thread-1] INFO  server.RaftServerConfigKeys (ConfUtils.java:logGet(43)) - raft.server.snapshot.retention.num.files = 5 (custom)
2019-09-26 16:37:07,391 [pool-27-thread-1] INFO  server.RaftServerConfigKeys (ConfUtils.java:logGet(43)) - raft.server.retrycache.expirytime = 600000ms (custom)
2019-09-26 16:37:07,394 [pool-27-thread-1] INFO  impl.RaftServerImpl (RaftServerImpl.java:start(185)) - 4df474a6-b7e4-4522-927a-71b18ab9072b@group-639D425CA668: start as a follower, conf=-1: [4df474a6-b7e4-4522-927a-71b18ab9072b:192.168.151.99:42608], old=null
2019-09-26 16:37:07,394 [pool-27-thread-1] INFO  impl.RaftServerImpl (RaftServerImpl.java:setRole(174)) - 4df474a6-b7e4-4522-927a-71b18ab9072b@group-639D425CA668: changes role from      null to FOLLOWER at term 0 for startAsFollower
2019-09-26 16:37:07,394 [pool-27-thread-1] INFO  impl.RoleInfo (RoleInfo.java:updateAndGet(143)) - 4df474a6-b7e4-4522-927a-71b18ab9072b: start FollowerState
2019-09-26 16:37:07,394 [pool-27-thread-1] INFO  util.JmxRegister (JmxRegister.java:tryRegister(44)) - Successfully registered JMX Bean with object name Ratis:service=RaftServer,group=group-639D425CA668,id=4df474a6-b7e4-4522-927a-71b18ab9072b
2019-09-26 16:37:07,395 [pool-27-thread-1] INFO  impl.RaftServerImpl (RaftServerImpl.java:start(185)) - 4df474a6-b7e4-4522-927a-71b18ab9072b@group-F0157B55D91D: start as a follower, conf=-1: [4df474a6-b7e4-4522-927a-71b18ab9072b:192.168.151.99:42608], old=null
2019-09-26 16:37:07,395 [pool-27-thread-1] INFO  impl.RaftServerImpl (RaftServerImpl.java:setRole(174)) - 4df474a6-b7e4-4522-927a-71b18ab9072b@group-F0157B55D91D: changes role from      null to FOLLOWER at term 0 for startAsFollower
2019-09-26 16:37:07,395 [pool-27-thread-1] INFO  impl.RoleInfo (RoleInfo.java:updateAndGet(143)) - 4df474a6-b7e4-4522-927a-71b18ab9072b: start FollowerState
2019-09-26 16:37:07,396 [pool-27-thread-1] INFO  util.JmxRegister (JmxRegister.java:tryRegister(44)) - Successfully registered JMX Bean with object name Ratis:service=RaftServer,group=group-F0157B55D91D,id=4df474a6-b7e4-4522-927a-71b18ab9072b
2019-09-26 16:37:07,573 [4df474a6-b7e4-4522-927a-71b18ab9072b@group-A5FD3D0BFC32-SegmentedRaftLogWorker] INFO  segmented.SegmentedRaftLogWorker (SegmentedRaftLogWorker.java:execute(569)) - 4df474a6-b7e4-4522-927a-71b18ab9072b@group-A5FD3D0BFC32-SegmentedRaftLogWorker: created new log segment /workdir/hadoop-ozone/integration-test/target/test-dir/MiniOzoneClusterImpl-70722cd4-f409-492b-b989-123ae7a5dad2/datanode-0/data/ratis/6e2a6bd5-1c90-42ec-8dc9-a5fd3d0bfc32/current/log_inprogress_0
2019-09-26 16:37:07,573 [4df474a6-b7e4-4522-927a-71b18ab9072b@group-DE8590765A81-SegmentedRaftLogWorker] INFO  segmented.SegmentedRaftLogWorker (SegmentedRaftLogWorker.java:execute(569)) - 4df474a6-b7e4-4522-927a-71b18ab9072b@group-DE8590765A81-SegmentedRaftLogWorker: created new log segment /workdir/hadoop-ozone/integration-test/target/test-dir/MiniOzoneClusterImpl-70722cd4-f409-492b-b989-123ae7a5dad2/datanode-0/data/ratis/4841a231-1f15-41e7-97b1-de8590765a81/current/log_inprogress_0
2019-09-26 16:37:07,573 [4df474a6-b7e4-4522-927a-71b18ab9072b@group-9150591B16C4-SegmentedRaftLogWorker] INFO  segmented.SegmentedRaftLogWorker (SegmentedRaftLogWorker.java:execute(569)) - 4df474a6-b7e4-4522-927a-71b18ab9072b@group-9150591B16C4-SegmentedRaftLogWorker: created new log segment /workdir/hadoop-ozone/integration-test/target/test-dir/MiniOzoneClusterImpl-70722cd4-f409-492b-b989-123ae7a5dad2/datanode-0/data/ratis/8d817137-7fb1-4945-ae3f-9150591b16c4/current/log_inprogress_0
2019-09-26 16:37:07,573 [4df474a6-b7e4-4522-927a-71b18ab9072b@group-55D2338C37C2-SegmentedRaftLogWorker] INFO  segmented.SegmentedRaftLogWorker (SegmentedRaftLogWorker.java:execute(569)) - 4df474a6-b7e4-4522-927a-71b18ab9072b@group-55D2338C37C2-SegmentedRaftLogWorker: created new log segment /workdir/hadoop-ozone/integration-test/target/test-dir/MiniOzoneClusterImpl-70722cd4-f409-492b-b989-123ae7a5dad2/datanode-0/data/ratis/bc6c4553-8a9d-494d-94e3-55d2338c37c2/current/log_inprogress_0
2019-09-26 16:37:07,573 [4df474a6-b7e4-4522-927a-71b18ab9072b@group-D75D31A6FD0C-SegmentedRaftLogWorker] INFO  segmented.SegmentedRaftLogWorker (SegmentedRaftLogWorker.java:execute(569)) - 4df474a6-b7e4-4522-927a-71b18ab9072b@group-D75D31A6FD0C-SegmentedRaftLogWorker: created new log segment /workdir/hadoop-ozone/integration-test/target/test-dir/MiniOzoneClusterImpl-70722cd4-f409-492b-b989-123ae7a5dad2/datanode-0/data/ratis/7d91e1ee-abc2-4a79-bde2-d75d31a6fd0c/current/log_inprogress_0
2019-09-26 16:37:07,573 [4df474a6-b7e4-4522-927a-71b18ab9072b@group-199EBCA2E096-SegmentedRaftLogWorker] INFO  segmented.SegmentedRaftLogWorker (SegmentedRaftLogWorker.java:execute(569)) - 4df474a6-b7e4-4522-927a-71b18ab9072b@group-199EBCA2E096-SegmentedRaftLogWorker: created new log segment /workdir/hadoop-ozone/integration-test/target/test-dir/MiniOzoneClusterImpl-70722cd4-f409-492b-b989-123ae7a5dad2/datanode-0/data/ratis/229633e3-46b1-4fa5-ab23-199ebca2e096/current/log_inprogress_0
2019-09-26 16:37:07,573 [4df474a6-b7e4-4522-927a-71b18ab9072b@group-DF7634374DDA-SegmentedRaftLogWorker] INFO  segmented.SegmentedRaftLogWorker (SegmentedRaftLogWorker.java:execute(569)) - 4df474a6-b7e4-4522-927a-71b18ab9072b@group-DF7634374DDA-SegmentedRaftLogWorker: created new log segment /workdir/hadoop-ozone/integration-test/target/test-dir/MiniOzoneClusterImpl-70722cd4-f409-492b-b989-123ae7a5dad2/datanode-0/data/ratis/b5d70e7d-6d14-41e1-bd4c-df7634374dda/current/log_inprogress_0
2019-09-26 16:37:07,573 [4df474a6-b7e4-4522-927a-71b18ab9072b@group-7A096ADAB5B9-SegmentedRaftLogWorker] INFO  segmented.SegmentedRaftLogWorker (SegmentedRaftLogWorker.java:execute(569)) - 4df474a6-b7e4-4522-927a-71b18ab9072b@group-7A096ADAB5B9-SegmentedRaftLogWorker: created new log segment /workdir/hadoop-ozone/integration-test/target/test-dir/MiniOzoneClusterImpl-70722cd4-f409-492b-b989-123ae7a5dad2/datanode-0/data/ratis/4da044e2-9d2e-43cd-8ecc-7a096adab5b9/current/log_inprogress_0
2019-09-26 16:37:07,573 [4df474a6-b7e4-4522-927a-71b18ab9072b@group-1F71D7CFB1FC-SegmentedRaftLogWorker] INFO  segmented.SegmentedRaftLogWorker (SegmentedRaftLogWorker.java:execute(569)) - 4df474a6-b7e4-4522-927a-71b18ab9072b@group-1F71D7CFB1FC-SegmentedRaftLogWorker: created new log segment /workdir/hadoop-ozone/integration-test/target/test-dir/MiniOzoneClusterImpl-70722cd4-f409-492b-b989-123ae7a5dad2/datanode-0/data/ratis/bc4e0b8e-f2da-42d9-a3ca-1f71d7cfb1fc/current/log_inprogress_0
2019-09-26 16:37:07,573 [4df474a6-b7e4-4522-927a-71b18ab9072b@group-E8EBD7BA43F7-SegmentedRaftLogWorker] INFO  segmented.SegmentedRaftLogWorker (SegmentedRaftLogWorker.java:execute(569)) - 4df474a6-b7e4-4522-927a-71b18ab9072b@group-E8EBD7BA43F7-SegmentedRaftLogWorker: created new log segment /workdir/hadoop-ozone/integration-test/target/test-dir/MiniOzoneClusterImpl-70722cd4-f409-492b-b989-123ae7a5dad2/datanode-0/data/ratis/d598c500-a5b9-47c1-8d58-e8ebd7ba43f7/current/log_inprogress_0
2019-09-26 16:37:07,573 [4df474a6-b7e4-4522-927a-71b18ab9072b@group-F89BDA07760D-SegmentedRaftLogWorker] INFO  segmented.SegmentedRaftLogWorker (SegmentedRaftLogWorker.java:execute(569)) - 4df474a6-b7e4-4522-927a-71b18ab9072b@group-F89BDA07760D-SegmentedRaftLogWorker: created new log segment /workdir/hadoop-ozone/integration-test/target/test-dir/MiniOzoneClusterImpl-70722cd4-f409-492b-b989-123ae7a5dad2/datanode-0/data/ratis/2d289bd6-f137-4a19-9707-f89bda07760d/current/log_inprogress_0
2019-09-26 16:37:07,573 [4df474a6-b7e4-4522-927a-71b18ab9072b@group-EF4278451301-SegmentedRaftLogWorker] INFO  segmented.SegmentedRaftLogWorker (SegmentedRaftLogWorker.java:execute(569)) - 4df474a6-b7e4-4522-927a-71b18ab9072b@group-EF4278451301-SegmentedRaftLogWorker: created new log segment /workdir/hadoop-ozone/integration-test/target/test-dir/MiniOzoneClusterImpl-70722cd4-f409-492b-b989-123ae7a5dad2/datanode-0/data/ratis/9d397cb5-9aae-4275-816a-ef4278451301/current/log_inprogress_0
2019-09-26 16:37:09,431 [4df474a6-b7e4-4522-927a-71b18ab9072b@group-DE8590765A81-StateMachineUpdater] INFO  ratis.ContainerStateMachine (ContainerStateMachine.java:takeSnapshot(289)) - group-DE8590765A81: Taking a snapshot at:(t:1, i:1) file /workdir/hadoop-ozone/integration-test/target/test-dir/MiniOzoneClusterImpl-70722cd4-f409-492b-b989-123ae7a5dad2/datanode-0/data/ratis/4841a231-1f15-41e7-97b1-de8590765a81/sm/snapshot.1_1
2019-09-26 16:37:09,459 [4df474a6-b7e4-4522-927a-71b18ab9072b@group-DE8590765A81-StateMachineUpdater] INFO  ratis.ContainerStateMachine (ContainerStateMachine.java:takeSnapshot(300)) - group-DE8590765A81: Finished taking a snapshot at:(t:1, i:1) file:/workdir/hadoop-ozone/integration-test/target/test-dir/MiniOzoneClusterImpl-70722cd4-f409-492b-b989-123ae7a5dad2/datanode-0/data/ratis/4841a231-1f15-41e7-97b1-de8590765a81/sm/snapshot.1_1 time:29
2019-09-26 16:37:09,460 [4df474a6-b7e4-4522-927a-71b18ab9072b@group-DE8590765A81-StateMachineUpdater] INFO  impl.StateMachineUpdater (StateMachineUpdater.java:takeSnapshot(258)) - 4df474a6-b7e4-4522-927a-71b18ab9072b@group-DE8590765A81-StateMachineUpdater: Took a snapshot at index 1
2019-09-26 16:37:09,460 [4df474a6-b7e4-4522-927a-71b18ab9072b@group-DE8590765A81-StateMachineUpdater] INFO  impl.StateMachineUpdater (StateMachineUpdater.java:lambda$new$0(83)) - 4df474a6-b7e4-4522-927a-71b18ab9072b@group-DE8590765A81-StateMachineUpdater: snapshotIndex: updateIncreasingly -1 -> 1
2019-09-26 16:37:09,520 [4df474a6-b7e4-4522-927a-71b18ab9072b@group-DE8590765A81-StateMachineUpdater] INFO  ratis.ContainerStateMachine (ContainerStateMachine.java:takeSnapshot(289)) - group-DE8590765A81: Taking a snapshot at:(t:1, i:1) file /workdir/hadoop-ozone/integration-test/target/test-dir/MiniOzoneClusterImpl-70722cd4-f409-492b-b989-123ae7a5dad2/datanode-0/data/ratis/4841a231-1f15-41e7-97b1-de8590765a81/sm/snapshot.1_1
2019-09-26 16:37:09,532 [4df474a6-b7e4-4522-927a-71b18ab9072b@group-DE8590765A81-StateMachineUpdater] INFO  ratis.ContainerStateMachine (ContainerStateMachine.java:takeSnapshot(300)) - group-DE8590765A81: Finished taking a snapshot at:(t:1, i:1) file:/workdir/hadoop-ozone/integration-test/target/test-dir/MiniOzoneClusterImpl-70722cd4-f409-492b-b989-123ae7a5dad2/datanode-0/data/ratis/4841a231-1f15-41e7-97b1-de8590765a81/sm/snapshot.1_1 time:13
2019-09-26 16:37:09,533 [4df474a6-b7e4-4522-927a-71b18ab9072b@group-DE8590765A81-StateMachineUpdater] INFO  impl.StateMachineUpdater (StateMachineUpdater.java:takeSnapshot(258)) - 4df474a6-b7e4-4522-927a-71b18ab9072b@group-DE8590765A81-StateMachineUpdater: Took a snapshot at index 1
2019-09-26 16:37:09,533 [4df474a6-b7e4-4522-927a-71b18ab9072b@group-DE8590765A81-StateMachineUpdater] INFO  impl.StateMachineUpdater (StateMachineUpdater.java:lambda$new$0(83)) - 4df474a6-b7e4-4522-927a-71b18ab9072b@group-DE8590765A81-StateMachineUpdater: snapshotIndex: updateIncreasingly 1 -> 1
2019-09-26 16:37:09,654 [4df474a6-b7e4-4522-927a-71b18ab9072b@group-199EBCA2E096-StateMachineUpdater] INFO  ratis.ContainerStateMachine (ContainerStateMachine.java:takeSnapshot(289)) - group-199EBCA2E096: Taking a snapshot at:(t:1, i:1) file /workdir/hadoop-ozone/integration-test/target/test-dir/MiniOzoneClusterImpl-70722cd4-f409-492b-b989-123ae7a5dad2/datanode-0/data/ratis/229633e3-46b1-4fa5-ab23-199ebca2e096/sm/snapshot.1_1
2019-09-26 16:37:09,658 [4df474a6-b7e4-4522-927a-71b18ab9072b@group-199EBCA2E096-StateMachineUpdater] INFO  ratis.ContainerStateMachine (ContainerStateMachine.java:takeSnapshot(300)) - group-199EBCA2E096: Finished taking a snapshot at:(t:1, i:1) file:/workdir/hadoop-ozone/integration-test/target/test-dir/MiniOzoneClusterImpl-70722cd4-f409-492b-b989-123ae7a5dad2/datanode-0/data/ratis/229633e3-46b1-4fa5-ab23-199ebca2e096/sm/snapshot.1_1 time:3
2019-09-26 16:37:09,658 [4df474a6-b7e4-4522-927a-71b18ab9072b@group-199EBCA2E096-StateMachineUpdater] INFO  impl.StateMachineUpdater (StateMachineUpdater.java:takeSnapshot(258)) - 4df474a6-b7e4-4522-927a-71b18ab9072b@group-199EBCA2E096-StateMachineUpdater: Took a snapshot at index 1
2019-09-26 16:37:09,659 [4df474a6-b7e4-4522-927a-71b18ab9072b@group-199EBCA2E096-StateMachineUpdater] INFO  impl.StateMachineUpdater (StateMachineUpdater.java:lambda$new$0(83)) - 4df474a6-b7e4-4522-927a-71b18ab9072b@group-199EBCA2E096-StateMachineUpdater: snapshotIndex: updateIncreasingly -1 -> 1
2019-09-26 16:37:09,695 [4df474a6-b7e4-4522-927a-71b18ab9072b@group-199EBCA2E096-StateMachineUpdater] INFO  ratis.ContainerStateMachine (ContainerStateMachine.java:takeSnapshot(289)) - group-199EBCA2E096: Taking a snapshot at:(t:1, i:4) file /workdir/hadoop-ozone/integration-test/target/test-dir/MiniOzoneClusterImpl-70722cd4-f409-492b-b989-123ae7a5dad2/datanode-0/data/ratis/229633e3-46b1-4fa5-ab23-199ebca2e096/sm/snapshot.1_4
2019-09-26 16:37:09,709 [4df474a6-b7e4-4522-927a-71b18ab9072b@group-199EBCA2E096-StateMachineUpdater] INFO  ratis.ContainerStateMachine (ContainerStateMachine.java:takeSnapshot(300)) - group-199EBCA2E096: Finished taking a snapshot at:(t:1, i:4) file:/workdir/hadoop-ozone/integration-test/target/test-dir/MiniOzoneClusterImpl-70722cd4-f409-492b-b989-123ae7a5dad2/datanode-0/data/ratis/229633e3-46b1-4fa5-ab23-199ebca2e096/sm/snapshot.1_4 time:14
2019-09-26 16:37:09,709 [4df474a6-b7e4-4522-927a-71b18ab9072b@group-199EBCA2E096-StateMachineUpdater] INFO  impl.StateMachineUpdater (StateMachineUpdater.java:takeSnapshot(258)) - 4df474a6-b7e4-4522-927a-71b18ab9072b@group-199EBCA2E096-StateMachineUpdater: Took a snapshot at index 4
2019-09-26 16:37:09,709 [4df474a6-b7e4-4522-927a-71b18ab9072b@group-199EBCA2E096-StateMachineUpdater] INFO  impl.StateMachineUpdater (StateMachineUpdater.java:lambda$new$0(83)) - 4df474a6-b7e4-4522-927a-71b18ab9072b@group-199EBCA2E096-StateMachineUpdater: snapshotIndex: updateIncreasingly 1 -> 4
2019-09-26 16:37:09,806 [4df474a6-b7e4-4522-927a-71b18ab9072b@group-55D2338C37C2-StateMachineUpdater] INFO  ratis.ContainerStateMachine (ContainerStateMachine.java:takeSnapshot(289)) - group-55D2338C37C2: Taking a snapshot at:(t:1, i:1) file /workdir/hadoop-ozone/integration-test/target/test-dir/MiniOzoneClusterImpl-70722cd4-f409-492b-b989-123ae7a5dad2/datanode-0/data/ratis/bc6c4553-8a9d-494d-94e3-55d2338c37c2/sm/snapshot.1_1
2019-09-26 16:37:09,814 [4df474a6-b7e4-4522-927a-71b18ab9072b@group-55D2338C37C2-StateMachineUpdater] INFO  ratis.ContainerStateMachine (ContainerStateMachine.java:takeSnapshot(300)) - group-55D2338C37C2: Finished taking a snapshot at:(t:1, i:1) file:/workdir/hadoop-ozone/integration-test/target/test-dir/MiniOzoneClusterImpl-70722cd4-f409-492b-b989-123ae7a5dad2/datanode-0/data/ratis/bc6c4553-8a9d-494d-94e3-55d2338c37c2/sm/snapshot.1_1 time:9
2019-09-26 16:37:09,815 [4df474a6-b7e4-4522-927a-71b18ab9072b@group-55D2338C37C2-StateMachineUpdater] INFO  impl.StateMachineUpdater (StateMachineUpdater.java:takeSnapshot(258)) - 4df474a6-b7e4-4522-927a-71b18ab9072b@group-55D2338C37C2-StateMachineUpdater: Took a snapshot at index 1
2019-09-26 16:37:09,815 [4df474a6-b7e4-4522-927a-71b18ab9072b@group-55D2338C37C2-StateMachineUpdater] INFO  impl.StateMachineUpdater (StateMachineUpdater.java:lambda$new$0(83)) - 4df474a6-b7e4-4522-927a-71b18ab9072b@group-55D2338C37C2-StateMachineUpdater: snapshotIndex: updateIncreasingly -1 -> 1
2019-09-26 16:37:09,839 [4df474a6-b7e4-4522-927a-71b18ab9072b@group-55D2338C37C2-StateMachineUpdater] INFO  ratis.ContainerStateMachine (ContainerStateMachine.java:takeSnapshot(289)) - group-55D2338C37C2: Taking a snapshot at:(t:1, i:3) file /workdir/hadoop-ozone/integration-test/target/test-dir/MiniOzoneClusterImpl-70722cd4-f409-492b-b989-123ae7a5dad2/datanode-0/data/ratis/bc6c4553-8a9d-494d-94e3-55d2338c37c2/sm/snapshot.1_3
2019-09-26 16:37:09,844 [4df474a6-b7e4-4522-927a-71b18ab9072b@group-55D2338C37C2-StateMachineUpdater] INFO  ratis.ContainerStateMachine (ContainerStateMachine.java:takeSnapshot(300)) - group-55D2338C37C2: Finished taking a snapshot at:(t:1, i:3) file:/workdir/hadoop-ozone/integration-test/target/test-dir/MiniOzoneClusterImpl-70722cd4-f409-492b-b989-123ae7a5dad2/datanode-0/data/ratis/bc6c4553-8a9d-494d-94e3-55d2338c37c2/sm/snapshot.1_3 time:6
2019-09-26 16:37:09,844 [4df474a6-b7e4-4522-927a-71b18ab9072b@group-55D2338C37C2-StateMachineUpdater] INFO  impl.StateMachineUpdater (StateMachineUpdater.java:takeSnapshot(258)) - 4df474a6-b7e4-4522-927a-71b18ab9072b@group-55D2338C37C2-StateMachineUpdater: Took a snapshot at index 3
2019-09-26 16:37:09,844 [4df474a6-b7e4-4522-927a-71b18ab9072b@group-55D2338C37C2-StateMachineUpdater] INFO  impl.StateMachineUpdater (StateMachineUpdater.java:lambda$new$0(83)) - 4df474a6-b7e4-4522-927a-71b18ab9072b@group-55D2338C37C2-StateMachineUpdater: snapshotIndex: updateIncreasingly 1 -> 3
2019-09-26 16:37:09,845 [4df474a6-b7e4-4522-927a-71b18ab9072b@group-55D2338C37C2-StateMachineUpdater] INFO  ratis.ContainerStateMachine (ContainerStateMachine.java:takeSnapshot(289)) - group-55D2338C37C2: Taking a snapshot at:(t:1, i:3) file /workdir/hadoop-ozone/integration-test/target/test-dir/MiniOzoneClusterImpl-70722cd4-f409-492b-b989-123ae7a5dad2/datanode-0/data/ratis/bc6c4553-8a9d-494d-94e3-55d2338c37c2/sm/snapshot.1_3
2019-09-26 16:37:09,855 [4df474a6-b7e4-4522-927a-71b18ab9072b@group-55D2338C37C2-StateMachineUpdater] INFO  ratis.ContainerStateMachine (ContainerStateMachine.java:takeSnapshot(300)) - group-55D2338C37C2: Finished taking a snapshot at:(t:1, i:3) file:/workdir/hadoop-ozone/integration-test/target/test-dir/MiniOzoneClusterImpl-70722cd4-f409-492b-b989-123ae7a5dad2/datanode-0/data/ratis/bc6c4553-8a9d-494d-94e3-55d2338c37c2/sm/snapshot.1_3 time:11
2019-09-26 16:37:09,856 [4df474a6-b7e4-4522-927a-71b18ab9072b@group-55D2338C37C2-StateMachineUpdater] INFO  impl.StateMachineUpdater (StateMachineUpdater.java:takeSnapshot(258)) - 4df474a6-b7e4-4522-927a-71b18ab9072b@group-55D2338C37C2-StateMachineUpdater: Took a snapshot at index 3
2019-09-26 16:37:09,856 [4df474a6-b7e4-4522-927a-71b18ab9072b@group-55D2338C37C2-StateMachineUpdater] INFO  impl.StateMachineUpdater (StateMachineUpdater.java:lambda$new$0(83)) - 4df474a6-b7e4-4522-927a-71b18ab9072b@group-55D2338C37C2-StateMachineUpdater: snapshotIndex: updateIncreasingly 3 -> 3
2019-09-26 16:37:09,994 [4df474a6-b7e4-4522-927a-71b18ab9072b@group-DE8590765A81-StateMachineUpdater] INFO  ratis.ContainerStateMachine (ContainerStateMachine.java:takeSnapshot(289)) - group-DE8590765A81: Taking a snapshot at:(t:1, i:6) file /workdir/hadoop-ozone/integration-test/target/test-dir/MiniOzoneClusterImpl-70722cd4-f409-492b-b989-123ae7a5dad2/datanode-0/data/ratis/4841a231-1f15-41e7-97b1-de8590765a81/sm/snapshot.1_6
2019-09-26 16:37:10,007 [4df474a6-b7e4-4522-927a-71b18ab9072b@group-DE8590765A81-StateMachineUpdater] INFO  ratis.ContainerStateMachine (ContainerStateMachine.java:takeSnapshot(300)) - group-DE8590765A81: Finished taking a snapshot at:(t:1, i:6) file:/workdir/hadoop-ozone/integration-test/target/test-dir/MiniOzoneClusterImpl-70722cd4-f409-492b-b989-123ae7a5dad2/datanode-0/data/ratis/4841a231-1f15-41e7-97b1-de8590765a81/sm/snapshot.1_6 time:12
2019-09-26 16:37:10,007 [4df474a6-b7e4-4522-927a-71b18ab9072b@group-DE8590765A81-StateMachineUpdater] INFO  impl.StateMachineUpdater (StateMachineUpdater.java:takeSnapshot(258)) - 4df474a6-b7e4-4522-927a-71b18ab9072b@group-DE8590765A81-StateMachineUpdater: Took a snapshot at index 6
2019-09-26 16:37:10,007 [4df474a6-b7e4-4522-927a-71b18ab9072b@group-DE8590765A81-StateMachineUpdater] INFO  impl.StateMachineUpdater (StateMachineUpdater.java:lambda$new$0(83)) - 4df474a6-b7e4-4522-927a-71b18ab9072b@group-DE8590765A81-StateMachineUpdater: snapshotIndex: updateIncreasingly 1 -> 6
2019-09-26 16:37:10,007 [4df474a6-b7e4-4522-927a-71b18ab9072b@group-DE8590765A81-StateMachineUpdater] INFO  ratis.ContainerStateMachine (ContainerStateMachine.java:takeSnapshot(289)) - group-DE8590765A81: Taking a snapshot at:(t:1, i:6) file /workdir/hadoop-ozone/integration-test/target/test-dir/MiniOzoneClusterImpl-70722cd4-f409-492b-b989-123ae7a5dad2/datanode-0/data/ratis/4841a231-1f15-41e7-97b1-de8590765a81/sm/snapshot.1_6
2019-09-26 16:37:10,019 [4df474a6-b7e4-4522-927a-71b18ab9072b@group-DE8590765A81-StateMachineUpdater] INFO  ratis.ContainerStateMachine (ContainerStateMachine.java:takeSnapshot(300)) - group-DE8590765A81: Finished taking a snapshot at:(t:1, i:6) file:/workdir/hadoop-ozone/integration-test/target/test-dir/MiniOzoneClusterImpl-70722cd4-f409-492b-b989-123ae7a5dad2/datanode-0/data/ratis/4841a231-1f15-41e7-97b1-de8590765a81/sm/snapshot.1_6 time:12
2019-09-26 16:37:10,019 [4df474a6-b7e4-4522-927a-71b18ab9072b@group-DE8590765A81-StateMachineUpdater] INFO  impl.StateMachineUpdater (StateMachineUpdater.java:takeSnapshot(258)) - 4df474a6-b7e4-4522-927a-71b18ab9072b@group-DE8590765A81-StateMachineUpdater: Took a snapshot at index 6
2019-09-26 16:37:10,020 [4df474a6-b7e4-4522-927a-71b18ab9072b@group-DE8590765A81-StateMachineUpdater] INFO  impl.StateMachineUpdater (StateMachineUpdater.java:lambda$new$0(83)) - 4df474a6-b7e4-4522-927a-71b18ab9072b@group-DE8590765A81-StateMachineUpdater: snapshotIndex: updateIncreasingly 6 -> 6
2019-09-26 16:37:10,113 [4df474a6-b7e4-4522-927a-71b18ab9072b@group-E8EBD7BA43F7-StateMachineUpdater] INFO  ratis.ContainerStateMachine (ContainerStateMachine.java:takeSnapshot(289)) - group-E8EBD7BA43F7: Taking a snapshot at:(t:1, i:1) file /workdir/hadoop-ozone/integration-test/target/test-dir/MiniOzoneClusterImpl-70722cd4-f409-492b-b989-123ae7a5dad2/datanode-0/data/ratis/d598c500-a5b9-47c1-8d58-e8ebd7ba43f7/sm/snapshot.1_1
2019-09-26 16:37:10,118 [4df474a6-b7e4-4522-927a-71b18ab9072b@group-E8EBD7BA43F7-StateMachineUpdater] INFO  ratis.ContainerStateMachine (ContainerStateMachine.java:takeSnapshot(300)) - group-E8EBD7BA43F7: Finished taking a snapshot at:(t:1, i:1) file:/workdir/hadoop-ozone/integration-test/target/test-dir/MiniOzoneClusterImpl-70722cd4-f409-492b-b989-123ae7a5dad2/datanode-0/data/ratis/d598c500-a5b9-47c1-8d58-e8ebd7ba43f7/sm/snapshot.1_1 time:6
2019-09-26 16:37:10,118 [4df474a6-b7e4-4522-927a-71b18ab9072b@group-E8EBD7BA43F7-StateMachineUpdater] INFO  impl.StateMachineUpdater (StateMachineUpdater.java:takeSnapshot(258)) - 4df474a6-b7e4-4522-927a-71b18ab9072b@group-E8EBD7BA43F7-StateMachineUpdater: Took a snapshot at index 1
2019-09-26 16:37:10,118 [4df474a6-b7e4-4522-927a-71b18ab9072b@group-E8EBD7BA43F7-StateMachineUpdater] INFO  impl.StateMachineUpdater (StateMachineUpdater.java:lambda$new$0(83)) - 4df474a6-b7e4-4522-927a-71b18ab9072b@group-E8EBD7BA43F7-StateMachineUpdater: snapshotIndex: updateIncreasingly -1 -> 1
2019-09-26 16:37:10,176 [4df474a6-b7e4-4522-927a-71b18ab9072b@group-E8EBD7BA43F7-StateMachineUpdater] INFO  ratis.ContainerStateMachine (ContainerStateMachine.java:takeSnapshot(289)) - group-E8EBD7BA43F7: Taking a snapshot at:(t:1, i:4) file /workdir/hadoop-ozone/integration-test/target/test-dir/MiniOzoneClusterImpl-70722cd4-f409-492b-b989-123ae7a5dad2/datanode-0/data/ratis/d598c500-a5b9-47c1-8d58-e8ebd7ba43f7/sm/snapshot.1_4
2019-09-26 16:37:10,189 [4df474a6-b7e4-4522-927a-71b18ab9072b@group-E8EBD7BA43F7-StateMachineUpdater] INFO  ratis.ContainerStateMachine (ContainerStateMachine.java:takeSnapshot(300)) - group-E8EBD7BA43F7: Finished taking a snapshot at:(t:1, i:4) file:/workdir/hadoop-ozone/integration-test/target/test-dir/MiniOzoneClusterImpl-70722cd4-f409-492b-b989-123ae7a5dad2/datanode-0/data/ratis/d598c500-a5b9-47c1-8d58-e8ebd7ba43f7/sm/snapshot.1_4 time:13
2019-09-26 16:37:10,189 [4df474a6-b7e4-4522-927a-71b18ab9072b@group-E8EBD7BA43F7-StateMachineUpdater] INFO  impl.StateMachineUpdater (StateMachineUpdater.java:takeSnapshot(258)) - 4df474a6-b7e4-4522-927a-71b18ab9072b@group-E8EBD7BA43F7-StateMachineUpdater: Took a snapshot at index 4
2019-09-26 16:37:10,189 [4df474a6-b7e4-4522-927a-71b18ab9072b@group-E8EBD7BA43F7-StateMachineUpdater] INFO  impl.StateMachineUpdater (StateMachineUpdater.java:lambda$new$0(83)) - 4df474a6-b7e4-4522-927a-71b18ab9072b@group-E8EBD7BA43F7-StateMachineUpdater: snapshotIndex: updateIncreasingly 1 -> 4
2019-09-26 16:37:10,344 [4df474a6-b7e4-4522-927a-71b18ab9072b@group-55D2338C37C2-StateMachineUpdater] INFO  ratis.ContainerStateMachine (ContainerStateMachine.java:takeSnapshot(289)) - group-55D2338C37C2: Taking a snapshot at:(t:1, i:5) file /workdir/hadoop-ozone/integration-test/target/test-dir/MiniOzoneClusterImpl-70722cd4-f409-492b-b989-123ae7a5dad2/datanode-0/data/ratis/bc6c4553-8a9d-494d-94e3-55d2338c37c2/sm/snapshot.1_5
2019-09-26 16:37:10,352 [4df474a6-b7e4-4522-927a-71b18ab9072b@group-55D2338C37C2-StateMachineUpdater] INFO  ratis.ContainerStateMachine (ContainerStateMachine.java:takeSnapshot(300)) - group-55D2338C37C2: Finished taking a snapshot at:(t:1, i:5) file:/workdir/hadoop-ozone/integration-test/target/test-dir/MiniOzoneClusterImpl-70722cd4-f409-492b-b989-123ae7a5dad2/datanode-0/data/ratis/bc6c4553-8a9d-494d-94e3-55d2338c37c2/sm/snapshot.1_5 time:8
2019-09-26 16:37:10,353 [4df474a6-b7e4-4522-927a-71b18ab9072b@group-55D2338C37C2-StateMachineUpdater] INFO  impl.StateMachineUpdater (StateMachineUpdater.java:takeSnapshot(258)) - 4df474a6-b7e4-4522-927a-71b18ab9072b@group-55D2338C37C2-StateMachineUpdater: Took a snapshot at index 5
2019-09-26 16:37:10,353 [4df474a6-b7e4-4522-927a-71b18ab9072b@group-55D2338C37C2-StateMachineUpdater] INFO  impl.StateMachineUpdater (StateMachineUpdater.java:lambda$new$0(83)) - 4df474a6-b7e4-4522-927a-71b18ab9072b@group-55D2338C37C2-StateMachineUpdater: snapshotIndex: updateIncreasingly 3 -> 5
2019-09-26 16:37:10,353 [4df474a6-b7e4-4522-927a-71b18ab9072b@group-55D2338C37C2-StateMachineUpdater] INFO  ratis.ContainerStateMachine (ContainerStateMachine.java:takeSnapshot(289)) - group-55D2338C37C2: Taking a snapshot at:(t:1, i:6) file /workdir/hadoop-ozone/integration-test/target/test-dir/MiniOzoneClusterImpl-70722cd4-f409-492b-b989-123ae7a5dad2/datanode-0/data/ratis/bc6c4553-8a9d-494d-94e3-55d2338c37c2/sm/snapshot.1_6
2019-09-26 16:37:10,390 [4df474a6-b7e4-4522-927a-71b18ab9072b@group-55D2338C37C2-StateMachineUpdater] INFO  ratis.ContainerStateMachine (ContainerStateMachine.java:takeSnapshot(300)) - group-55D2338C37C2: Finished taking a snapshot at:(t:1, i:6) file:/workdir/hadoop-ozone/integration-test/target/test-dir/MiniOzoneClusterImpl-70722cd4-f409-492b-b989-123ae7a5dad2/datanode-0/data/ratis/bc6c4553-8a9d-494d-94e3-55d2338c37c2/sm/snapshot.1_6 time:37
2019-09-26 16:37:10,391 [4df474a6-b7e4-4522-927a-71b18ab9072b@group-55D2338C37C2-StateMachineUpdater] INFO  impl.StateMachineUpdater (StateMachineUpdater.java:takeSnapshot(258)) - 4df474a6-b7e4-4522-927a-71b18ab9072b@group-55D2338C37C2-StateMachineUpdater: Took a snapshot at index 6
2019-09-26 16:37:10,391 [4df474a6-b7e4-4522-927a-71b18ab9072b@group-55D2338C37C2-StateMachineUpdater] INFO  impl.StateMachineUpdater (StateMachineUpdater.java:lambda$new$0(83)) - 4df474a6-b7e4-4522-927a-71b18ab9072b@group-55D2338C37C2-StateMachineUpdater: snapshotIndex: updateIncreasingly 5 -> 6
2019-09-26 16:37:10,455 [4df474a6-b7e4-4522-927a-71b18ab9072b@group-A5FD3D0BFC32-StateMachineUpdater] INFO  ratis.ContainerStateMachine (ContainerStateMachine.java:takeSnapshot(289)) - group-A5FD3D0BFC32: Taking a snapshot at:(t:1, i:1) file /workdir/hadoop-ozone/integration-test/target/test-dir/MiniOzoneClusterImpl-70722cd4-f409-492b-b989-123ae7a5dad2/datanode-0/data/ratis/6e2a6bd5-1c90-42ec-8dc9-a5fd3d0bfc32/sm/snapshot.1_1
2019-09-26 16:37:10,458 [4df474a6-b7e4-4522-927a-71b18ab9072b@group-A5FD3D0BFC32-StateMachineUpdater] INFO  ratis.ContainerStateMachine (ContainerStateMachine.java:takeSnapshot(300)) - group-A5FD3D0BFC32: Finished taking a snapshot at:(t:1, i:1) file:/workdir/hadoop-ozone/integration-test/target/test-dir/MiniOzoneClusterImpl-70722cd4-f409-492b-b989-123ae7a5dad2/datanode-0/data/ratis/6e2a6bd5-1c90-42ec-8dc9-a5fd3d0bfc32/sm/snapshot.1_1 time:3
2019-09-26 16:37:10,459 [4df474a6-b7e4-4522-927a-71b18ab9072b@group-A5FD3D0BFC32-StateMachineUpdater] INFO  impl.StateMachineUpdater (StateMachineUpdater.java:takeSnapshot(258)) - 4df474a6-b7e4-4522-927a-71b18ab9072b@group-A5FD3D0BFC32-StateMachineUpdater: Took a snapshot at index 1
2019-09-26 16:37:10,459 [4df474a6-b7e4-4522-927a-71b18ab9072b@group-A5FD3D0BFC32-StateMachineUpdater] INFO  impl.StateMachineUpdater (StateMachineUpdater.java:lambda$new$0(83)) - 4df474a6-b7e4-4522-927a-71b18ab9072b@group-A5FD3D0BFC32-StateMachineUpdater: snapshotIndex: updateIncreasingly -1 -> 1
2019-09-26 16:37:10,495 [4df474a6-b7e4-4522-927a-71b18ab9072b@group-A5FD3D0BFC32-StateMachineUpdater] INFO  ratis.ContainerStateMachine (ContainerStateMachine.java:takeSnapshot(289)) - group-A5FD3D0BFC32: Taking a snapshot at:(t:1, i:4) file /workdir/hadoop-ozone/integration-test/target/test-dir/MiniOzoneClusterImpl-70722cd4-f409-492b-b989-123ae7a5dad2/datanode-0/data/ratis/6e2a6bd5-1c90-42ec-8dc9-a5fd3d0bfc32/sm/snapshot.1_4
2019-09-26 16:37:10,507 [4df474a6-b7e4-4522-927a-71b18ab9072b@group-A5FD3D0BFC32-StateMachineUpdater] INFO  ratis.ContainerStateMachine (ContainerStateMachine.java:takeSnapshot(300)) - group-A5FD3D0BFC32: Finished taking a snapshot at:(t:1, i:4) file:/workdir/hadoop-ozone/integration-test/target/test-dir/MiniOzoneClusterImpl-70722cd4-f409-492b-b989-123ae7a5dad2/datanode-0/data/ratis/6e2a6bd5-1c90-42ec-8dc9-a5fd3d0bfc32/sm/snapshot.1_4 time:12
2019-09-26 16:37:10,507 [4df474a6-b7e4-4522-927a-71b18ab9072b@group-A5FD3D0BFC32-StateMachineUpdater] INFO  impl.StateMachineUpdater (StateMachineUpdater.java:takeSnapshot(258)) - 4df474a6-b7e4-4522-927a-71b18ab9072b@group-A5FD3D0BFC32-StateMachineUpdater: Took a snapshot at index 4
2019-09-26 16:37:10,507 [4df474a6-b7e4-4522-927a-71b18ab9072b@group-A5FD3D0BFC32-StateMachineUpdater] INFO  impl.StateMachineUpdater (StateMachineUpdater.java:lambda$new$0(83)) - 4df474a6-b7e4-4522-927a-71b18ab9072b@group-A5FD3D0BFC32-StateMachineUpdater: snapshotIndex: updateIncreasingly 1 -> 4
2019-09-26 16:37:10,617 [4df474a6-b7e4-4522-927a-71b18ab9072b@group-D75D31A6FD0C-StateMachineUpdater] INFO  ratis.ContainerStateMachine (ContainerStateMachine.java:takeSnapshot(289)) - group-D75D31A6FD0C: Taking a snapshot at:(t:1, i:1) file /workdir/hadoop-ozone/integration-test/target/test-dir/MiniOzoneClusterImpl-70722cd4-f409-492b-b989-123ae7a5dad2/datanode-0/data/ratis/7d91e1ee-abc2-4a79-bde2-d75d31a6fd0c/sm/snapshot.1_1
2019-09-26 16:37:10,630 [4df474a6-b7e4-4522-927a-71b18ab9072b@group-D75D31A6FD0C-StateMachineUpdater] INFO  ratis.ContainerStateMachine (ContainerStateMachine.java:takeSnapshot(300)) - group-D75D31A6FD0C: Finished taking a snapshot at:(t:1, i:1) file:/workdir/hadoop-ozone/integration-test/target/test-dir/MiniOzoneClusterImpl-70722cd4-f409-492b-b989-123ae7a5dad2/datanode-0/data/ratis/7d91e1ee-abc2-4a79-bde2-d75d31a6fd0c/sm/snapshot.1_1 time:14
2019-09-26 16:37:10,631 [4df474a6-b7e4-4522-927a-71b18ab9072b@group-D75D31A6FD0C-StateMachineUpdater] INFO  impl.StateMachineUpdater (StateMachineUpdater.java:takeSnapshot(258)) - 4df474a6-b7e4-4522-927a-71b18ab9072b@group-D75D31A6FD0C-StateMachineUpdater: Took a snapshot at index 1
2019-09-26 16:37:10,631 [4df474a6-b7e4-4522-927a-71b18ab9072b@group-D75D31A6FD0C-StateMachineUpdater] INFO  impl.StateMachineUpdater (StateMachineUpdater.java:lambda$new$0(83)) - 4df474a6-b7e4-4522-927a-71b18ab9072b@group-D75D31A6FD0C-StateMachineUpdater: snapshotIndex: updateIncreasingly -1 -> 1
2019-09-26 16:37:10,673 [4df474a6-b7e4-4522-927a-71b18ab9072b@group-D75D31A6FD0C-StateMachineUpdater] INFO  ratis.ContainerStateMachine (ContainerStateMachine.java:takeSnapshot(289)) - group-D75D31A6FD0C: Taking a snapshot at:(t:1, i:4) file /workdir/hadoop-ozone/integration-test/target/test-dir/MiniOzoneClusterImpl-70722cd4-f409-492b-b989-123ae7a5dad2/datanode-0/data/ratis/7d91e1ee-abc2-4a79-bde2-d75d31a6fd0c/sm/snapshot.1_4
2019-09-26 16:37:10,687 [4df474a6-b7e4-4522-927a-71b18ab9072b@group-D75D31A6FD0C-StateMachineUpdater] INFO  ratis.ContainerStateMachine (ContainerStateMachine.java:takeSnapshot(300)) - group-D75D31A6FD0C: Finished taking a snapshot at:(t:1, i:4) file:/workdir/hadoop-ozone/integration-test/target/test-dir/MiniOzoneClusterImpl-70722cd4-f409-492b-b989-123ae7a5dad2/datanode-0/data/ratis/7d91e1ee-abc2-4a79-bde2-d75d31a6fd0c/sm/snapshot.1_4 time:15
2019-09-26 16:37:10,687 [4df474a6-b7e4-4522-927a-71b18ab9072b@group-D75D31A6FD0C-StateMachineUpdater] INFO  impl.StateMachineUpdater (StateMachineUpdater.java:takeSnapshot(258)) - 4df474a6-b7e4-4522-927a-71b18ab9072b@group-D75D31A6FD0C-StateMachineUpdater: Took a snapshot at index 4
2019-09-26 16:37:10,688 [4df474a6-b7e4-4522-927a-71b18ab9072b@group-D75D31A6FD0C-StateMachineUpdater] INFO  impl.StateMachineUpdater (StateMachineUpdater.java:lambda$new$0(83)) - 4df474a6-b7e4-4522-927a-71b18ab9072b@group-D75D31A6FD0C-StateMachineUpdater: snapshotIndex: updateIncreasingly 1 -> 4
2019-09-26 16:37:10,855 [4df474a6-b7e4-4522-927a-71b18ab9072b@group-DE8590765A81-StateMachineUpdater] INFO  ratis.ContainerStateMachine (ContainerStateMachine.java:takeSnapshot(289)) - group-DE8590765A81: Taking a snapshot at:(t:1, i:9) file /workdir/hadoop-ozone/integration-test/target/test-dir/MiniOzoneClusterImpl-70722cd4-f409-492b-b989-123ae7a5dad2/datanode-0/data/ratis/4841a231-1f15-41e7-97b1-de8590765a81/sm/snapshot.1_9
2019-09-26 16:37:10,868 [4df474a6-b7e4-4522-927a-71b18ab9072b@group-DE8590765A81-StateMachineUpdater] INFO  ratis.ContainerStateMachine (ContainerStateMachine.java:takeSnapshot(300)) - group-DE8590765A81: Finished taking a snapshot at:(t:1, i:9) file:/workdir/hadoop-ozone/integration-test/target/test-dir/MiniOzoneClusterImpl-70722cd4-f409-492b-b989-123ae7a5dad2/datanode-0/data/ratis/4841a231-1f15-41e7-97b1-de8590765a81/sm/snapshot.1_9 time:13
2019-09-26 16:37:10,868 [4df474a6-b7e4-4522-927a-71b18ab9072b@group-DE8590765A81-StateMachineUpdater] INFO  impl.StateMachineUpdater (StateMachineUpdater.java:takeSnapshot(258)) - 4df474a6-b7e4-4522-927a-71b18ab9072b@group-DE8590765A81-StateMachineUpdater: Took a snapshot at index 9
2019-09-26 16:37:10,869 [4df474a6-b7e4-4522-927a-71b18ab9072b@group-DE8590765A81-StateMachineUpdater] INFO  impl.StateMachineUpdater (StateMachineUpdater.java:lambda$new$0(83)) - 4df474a6-b7e4-4522-927a-71b18ab9072b@group-DE8590765A81-StateMachineUpdater: snapshotIndex: updateIncreasingly 6 -> 9
2019-09-26 16:37:10,869 [4df474a6-b7e4-4522-927a-71b18ab9072b@group-DE8590765A81-StateMachineUpdater] INFO  ratis.ContainerStateMachine (ContainerStateMachine.java:takeSnapshot(289)) - group-DE8590765A81: Taking a snapshot at:(t:1, i:9) file /workdir/hadoop-ozone/integration-test/target/test-dir/MiniOzoneClusterImpl-70722cd4-f409-492b-b989-123ae7a5dad2/datanode-0/data/ratis/4841a231-1f15-41e7-97b1-de8590765a81/sm/snapshot.1_9
2019-09-26 16:37:10,884 [4df474a6-b7e4-4522-927a-71b18ab9072b@group-DE8590765A81-StateMachineUpdater] INFO  ratis.ContainerStateMachine (ContainerStateMachine.java:takeSnapshot(300)) - group-DE8590765A81: Finished taking a snapshot at:(t:1, i:9) file:/workdir/hadoop-ozone/integration-test/target/test-dir/MiniOzoneClusterImpl-70722cd4-f409-492b-b989-123ae7a5dad2/datanode-0/data/ratis/4841a231-1f15-41e7-97b1-de8590765a81/sm/snapshot.1_9 time:14
2019-09-26 16:37:10,884 [4df474a6-b7e4-4522-927a-71b18ab9072b@group-DE8590765A81-StateMachineUpdater] INFO  impl.StateMachineUpdater (StateMachineUpdater.java:takeSnapshot(258)) - 4df474a6-b7e4-4522-927a-71b18ab9072b@group-DE8590765A81-StateMachineUpdater: Took a snapshot at index 9
2019-09-26 16:37:10,884 [4df474a6-b7e4-4522-927a-71b18ab9072b@group-DE8590765A81-StateMachineUpdater] INFO  impl.StateMachineUpdater (StateMachineUpdater.java:lambda$new$0(83)) - 4df474a6-b7e4-4522-927a-71b18ab9072b@group-DE8590765A81-StateMachineUpdater: snapshotIndex: updateIncreasingly 9 -> 9
2019-09-26 16:37:10,994 [4df474a6-b7e4-4522-927a-71b18ab9072b@group-199EBCA2E096-StateMachineUpdater] INFO  ratis.ContainerStateMachine (ContainerStateMachine.java:takeSnapshot(289)) - group-199EBCA2E096: Taking a snapshot at:(t:1, i:6) file /workdir/hadoop-ozone/integration-test/target/test-dir/MiniOzoneClusterImpl-70722cd4-f409-492b-b989-123ae7a5dad2/datanode-0/data/ratis/229633e3-46b1-4fa5-ab23-199ebca2e096/sm/snapshot.1_6
2019-09-26 16:37:11,005 [4df474a6-b7e4-4522-927a-71b18ab9072b@group-199EBCA2E096-StateMachineUpdater] INFO  ratis.ContainerStateMachine (ContainerStateMachine.java:takeSnapshot(300)) - group-199EBCA2E096: Finished taking a snapshot at:(t:1, i:6) file:/workdir/hadoop-ozone/integration-test/target/test-dir/MiniOzoneClusterImpl-70722cd4-f409-492b-b989-123ae7a5dad2/datanode-0/data/ratis/229633e3-46b1-4fa5-ab23-199ebca2e096/sm/snapshot.1_6 time:11
2019-09-26 16:37:11,006 [4df474a6-b7e4-4522-927a-71b18ab9072b@group-199EBCA2E096-StateMachineUpdater] INFO  impl.StateMachineUpdater (StateMachineUpdater.java:takeSnapshot(258)) - 4df474a6-b7e4-4522-927a-71b18ab9072b@group-199EBCA2E096-StateMachineUpdater: Took a snapshot at index 6
2019-09-26 16:37:11,006 [4df474a6-b7e4-4522-927a-71b18ab9072b@group-199EBCA2E096-StateMachineUpdater] INFO  impl.StateMachineUpdater (StateMachineUpdater.java:lambda$new$0(83)) - 4df474a6-b7e4-4522-927a-71b18ab9072b@group-199EBCA2E096-StateMachineUpdater: snapshotIndex: updateIncreasingly 4 -> 6
]]></system-out>
    <system-err><![CDATA[ERROR StatusLogger No Log4j 2 configuration file found. Using default configuration (logging only errors to the console), or user programmatically provided configurations. Set system property 'log4j2.debug' to show Log4j 2 internal initialization logging. See https://logging.apache.org/log4j/2.x/manual/configuration.html for instructions on how to configure Log4j 2
]]></system-err>
  </testcase>
  <testcase name="testContainerStateMachineFailures" classname="org.apache.hadoop.ozone.client.rpc.TestContainerStateMachine" time="79"/>
</testsuite>